TRXV5
3
4
4
9
string Extension=J
integer IsArchMeasurement=1
integer IsSpherical=1
string Generator=SPM
string GeneratorVersion=1.3.1 Dev
double ArchRadius=0.449999988079071
integer FrequencyAxisIndex=0
integer AzimuthAxisIndex=1
integer ElevationAxisIndex=2
Frequency
5 136 690000000 960000000 LIN
Azimuth
7 8 0 2.74889357189107 LIN
Elevation
7 15 -2.74889357189107 2.74889357189107 LIN
Polar H Real Part
13
Polar H Imaginary Part
14
Polar V Real Part
13
Polar V Imaginary Part
14
Polar H Magnitude (dB)
12 0xC0000002 0 1
Polar H Phase
7 0xC0000003 0 1
Polar V Magnitude (dB)
12 0xC0000002 2 3
Polar V Phase
7 0xC0000003 2 3
0.0410575866699219 0.0221061706542969 0.0346755981445312 0.113822937011719
0.0629463195800781 -0.00826644897460938 0.04168701171875 0.0494651794433594
0.0215034484863281 -0.0520820617675781 -0.00427055358886718 -0.0237979888916016
-0.0216560363769531 -0.0440177917480469 -0.0626220703125 -0.00693893432617187
-0.0329704284667969 -0.0206794738769531 -0.0648422241210938 0.0455970764160156
-0.0388298034667969 -0.000816345214843757 -0.0428009033203125 0.09869384765625
-0.0279293060302734 0.0156154632568359 -0.00137329101562501 0.124351501464844
-0.0254669189453125 0.00747489929199218 0.0183181762695313 0.122833251953125
-0.0265636444091797 -0.000358581542968746 0.00697326660156249 0.114341735839844
-0.0204982757568359 -0.00791358947753907 -0.0271835327148437 0.0958099365234375
-0.00642871856689453 -0.012049674987793 -0.0393562316894531 0.0592994689941406
0.00250911712646484 -0.0101413726806641 -0.0306873321533203 0.0250205993652344
0.0118083953857422 0.00243091583251953 -0.00252914428710938 0.0398445129394531
0.00918197631835938 0.0259208679199219 -0.00640106201171876 0.131874084472656
-0.0122528076171875 0.0353965759277344 -0.112060546875 0.172866821289063
0.0590972900390625 -0.049591064453125 0.0387420654296875 0.111534118652344
0.0577163696289063 -0.0727920532226563 0.0428581237792969 0.0516242980957031
-0.00459289550781249 -0.0927886962890625 0.00417423248291016 -0.0104389190673828
-0.0640678405761719 -0.0606460571289063 -0.0454826354980469 0.000743865966796868
-0.0730361938476563 -0.00996398925781252 -0.0458030700683594 0.0412330627441406
-0.0685653686523438 0.0386085510253906 -0.0287017822265625 0.0888290405273438
-0.0375938415527344 0.0609054565429687 0.00849151611328124 0.107818603515625
-0.0336570739746094 0.0484542846679687 0.0269851684570312 0.106300354003906
-0.0386695861816406 0.0465736389160156 0.0176315307617188 0.101554870605469
-0.0472869873046875 0.0350837707519531 -0.0142974853515625 0.0902786254882813
-0.048248291015625 0.0105361938476562 -0.0245437622070313 0.0582313537597656
-0.0477676391601563 -0.0118064880371094 -0.0196361541748047 0.0344352722167969
-0.0276107788085937 -0.0390815734863281 6.48498535156247E-05 0.0594139099121094
-0.000267028808593752 -0.0433158874511719 -0.0117340087890625 0.140609741210938
0.00150680541992188 -0.0409469604492188 -0.11419677734375 0.175857543945313
0.0670623779296875 -0.115882873535156 0.0475234985351563 0.0908126831054687
0.0420684814453125 -0.128730773925781 0.0427932739257813 0.0423851013183594
-0.0344314575195313 -0.121841430664063 0.00928688049316406 0.00260448455810546
-0.0995407104492188 -0.0687942504882813 -0.0239200592041016 0.0110549926757812
-0.103813171386719 0.00244903564453126 -0.0196800231933594 0.0332050323486328
-0.0886459350585938 0.0722122192382812 -0.00983428955078126 0.0672149658203125
-0.0424270629882813 0.0973892211914063 0.0177383422851562 0.0752487182617188
-0.0372085571289062 0.082122802734375 0.0314865112304688 0.07354736328125
-0.0454864501953125 0.0874176025390625 0.0250473022460937 0.0726089477539063
-0.06732177734375 0.0743331909179687 0.000541687011718747 0.0703201293945313
-0.084075927734375 0.03271484375 -0.00506210327148438 0.0482826232910156
-0.094085693359375 -0.010589599609375 -0.00360488891601563 0.0388221740722656
-0.0651397705078125 -0.0755462646484375 0.005096435546875 0.0737152099609375
-0.011138916015625 -0.106674194335938 -0.0179824829101562 0.133270263671875
0.01251220703125 -0.112464904785156 -0.109039306640625 0.1552734375
0.0628204345703125 -0.168624877929688 0.0563430786132813 0.0520591735839844
0.015960693359375 -0.170242309570312 0.03717041015625 0.0220718383789062
-0.0655136108398438 -0.133880615234375 0.0101947784423828 0.0131559371948242
-0.125106811523438 -0.0634841918945313 -0.000919342041015633 0.02001953125
-0.119010925292969 0.0175933837890625 0.00903701782226562 0.0211811065673828
-0.0949325561523438 0.0971145629882812 0.0114173889160156 0.0358657836914063
-0.0401458740234375 0.119918823242188 0.0245819091796875 0.0321884155273438
-0.0358428955078125 0.103675842285156 0.03155517578125 0.0290393829345703
-0.045806884765625 0.115066528320313 0.0286102294921875 0.031646728515625
-0.0773162841796875 0.102195739746094 0.0164146423339844 0.0369529724121094
-0.107315063476563 0.0503082275390625 0.0173110961914062 0.0278911590576172
-0.127044677734375 -0.00690460205078123 0.0165443420410156 0.0366630554199219
-0.0939865112304687 -0.10101318359375 0.0111618041992188 0.0796356201171875
-0.0211181640625 -0.153427124023438 -0.0235595703125 0.110618591308594
0.020233154296875 -0.1658935546875 -0.0961151123046875 0.113227844238281
0.04876708984375 -0.197189331054688 0.0618934631347656 -0.00109863281250001
-0.0129241943359375 -0.18829345703125 0.0256843566894531 -0.00613975524902345
-0.0906982421875 -0.127288818359375 0.00808334350585937 0.0193729400634766
-0.1348876953125 -0.0467071533203125 0.0219573974609375 0.0240383148193359
-0.118217468261719 0.0334014892578125 0.0350246429443359 0.00371742248535156
-0.0861434936523438 0.10906982421875 0.0285511016845703 -0.00146484374999999
-0.03131103515625 0.124847412109375 0.0264797210693359 -0.0166225433349609
-0.0290374755859375 0.1090087890625 0.0263271331787109 -0.0201148986816406
-0.039947509765625 0.12347412109375 0.0285263061523437 -0.0159645080566406
-0.0745315551757812 0.112205505371094 0.0307407379150391 -0.00339889526367187
-0.111526489257813 0.0594482421875 0.038055419921875 0.0013885498046875
-0.137763977050781 -0.00214385986328123 0.0361328125 0.0280609130859375
-0.106697082519531 -0.107902526855469 0.0178756713867187 0.0756759643554688
-0.0278778076171875 -0.173004150390625 -0.0283203125 0.074859619140625
0.0214385986328125 -0.193161010742188 -0.0767745971679688 0.0575942993164062
0.03033447265625 -0.194992065429687 0.0647773742675781 -0.0589942932128906
-0.0337066650390625 -0.177780151367188 0.0122299194335938 -0.0391960144042969
-0.0983123779296875 -0.105186462402344 0.00304698944091796 0.0171871185302734
-0.124053955078125 -0.0250244140625 0.038482666015625 0.0201072692871094
-0.0992813110351563 0.0430450439453125 0.0527458190917969 -0.0170326232910156
-0.0655517578125 0.1048583984375 0.037994384765625 -0.0391426086425781
-0.0184249877929688 0.111343383789063 0.0226478576660156 -0.0619621276855469
-0.0184860229492187 0.0980453491210938 0.016998291015625 -0.0664558410644531
-0.027862548828125 0.111564636230469 0.0249443054199219 -0.0613059997558594
-0.0582275390625 0.102081298828125 0.0420761108398437 -0.0430755615234375
-0.0943603515625 0.0569000244140625 0.0551872253417969 -0.0244674682617187
-0.121055603027344 0.00349426269531251 0.0517997741699219 0.0168266296386719
-0.0993728637695313 -0.0929336547851562 0.0214920043945312 0.0625457763671875
-0.0300140380859375 -0.160919189453125 -0.0312538146972656 0.0317668914794922
0.0169830322265625 -0.188064575195313 -0.0535163879394531 -0.00227355957031252
0.012054443359375 -0.162002563476563 0.067626953125 -0.113258361816406
-0.039825439453125 -0.14068603515625 0.00215148925781249 -0.0713882446289063
-0.08453369140625 -0.0720443725585937 -0.00245094299316407 0.00786161422729492
-0.09381103515625 -0.0068359375 0.0472335815429688 0.00931549072265625
-0.0682373046875 0.0417823791503906 0.0594825744628906 -0.0368270874023438
-0.0385818481445312 0.083160400390625 0.0389556884765625 -0.0718612670898438
-0.00367736816406249 0.0814895629882813 0.0138015747070313 -0.0980682373046875
-0.00521087646484375 0.071258544921875 0.0054931640625 -0.102531433105469
-0.0114822387695312 0.080810546875 0.0191497802734375 -0.0966415405273438
-0.0306167602539062 0.0755767822265625 0.0492095947265625 -0.0736846923828125
-0.0588035583496094 0.0463218688964844 0.0653800964355469 -0.0427627563476562
-0.0827407836914063 0.0121002197265625 0.059906005859375 0.00807571411132813
-0.0775680541992188 -0.0593032836914063 0.0209693908691406 0.0466842651367187
-0.0323333740234375 -0.121109008789063 -0.0326747894287109 -0.0085124969482422
0.0035247802734375 -0.15545654296875 -0.0322532653808594 -0.0554122924804688
-0.0048828125 -0.102622985839844 0.0709228515625 -0.154312133789063
-0.0325164794921875 -0.0821990966796875 -0.00230407714843751 -0.0974960327148437
-0.0539779663085938 -0.0340385437011719 -0.00730466842651368 -0.00748014450073242
-0.0500297546386719 0.00669097900390626 0.0478477478027344 -0.0047760009765625
-0.0291290283203125 0.0310497283935547 0.0566024780273438 -0.0520515441894531
-0.00892257690429687 0.0475654602050781 0.0321884155273437 -0.0943450927734375
0.009429931640625 0.0392532348632813 0.00199127197265625 -0.119300842285156
0.00898933410644531 0.0331764221191406 -0.00672149658203124 -0.122184753417969
0.00753402709960938 0.037261962890625 0.0114822387695313 -0.116233825683594
0.00393295288085938 0.0394859313964844 0.0508575439453125 -0.0908584594726563
-0.0130386352539062 0.0334072113037109 0.0664596557617188 -0.0507316589355469
-0.0338878631591797 0.0248088836669922 0.0598411560058594 0.00284576416015625
-0.0518302917480469 -0.0130958557128906 0.0163173675537109 0.0301895141601563
-0.0376739501953125 -0.0630569458007813 -0.0328025817871094 -0.0384368896484375
-0.0159759521484375 -0.101791381835938 -0.016021728515625 -0.0950241088867188
0.0495796203613281 0.0210533142089844 0.0511856079101563 0.111770629882813
0.0697364807128906 -0.0171585083007813 0.051116943359375 0.0453453063964844
0.0190811157226563 -0.060333251953125 -0.00603675842285156 -0.0243473052978516
-0.0286979675292969 -0.046905517578125 -0.0645523071289063 -0.0014190673828125
-0.0400505065917969 -0.0192909240722656 -0.0607719421386719 0.0526504516601563
-0.0446815490722656 0.00461578369140624 -0.033111572265625 0.10455322265625
-0.0311641693115234 0.0206756591796875 0.0126266479492187 0.12652587890625
-0.0290489196777344 0.0117969512939453 0.03314208984375 0.12261962890625
-0.0319995880126953 0.002960205078125 0.0202560424804688 0.116058349609375
-0.0256862640380859 -0.00817298889160156 -0.0166854858398437 0.101455688476563
-0.00877857208251953 -0.0158004760742188 -0.0339279174804687 0.0663032531738281
0.00381755828857422 -0.014592170715332 -0.0296821594238281 0.0307216644287109
0.0174875259399414 0.00108432769775391 -0.0014190673828125 0.0409049987792969
0.0171985626220703 0.0304164886474609 0.00518035888671876 0.132331848144531
-0.00510025024414062 0.0436134338378906 -0.09918212890625 0.183486938476563
0.0597267150878906 -0.0530891418457031 0.0568313598632813 0.1104736328125
0.0570526123046875 -0.0808181762695313 0.053985595703125 0.0481414794921875
-0.011138916015625 -0.0982894897460937 0.00518226623535156 -0.0125932693481445
-0.07281494140625 -0.0595245361328125 -0.045379638671875 0.00562667846679687
-0.0792922973632812 -0.00446319580078127 -0.0408859252929688 0.0460090637207031
-0.0695724487304688 0.0475654602050781 -0.0183639526367187 0.0925827026367188
-0.0348320007324219 0.0680732727050781 0.0225601196289062 0.107192993164062
-0.0321540832519531 0.0544967651367188 0.041900634765625 0.104148864746094
-0.0383529663085938 0.0524711608886719 0.0318527221679688 0.101348876953125
-0.0475425720214844 0.039703369140625 -0.002197265625 0.094390869140625
-0.0482749938964844 0.0121917724609375 -0.0173988342285156 0.0643043518066406
-0.048126220703125 -0.0102005004882813 -0.0167961120605469 0.0406227111816406
-0.0271263122558594 -0.0360870361328125 0.00368118286132812 0.0623626708984375
-0.000782012939453126 -0.0393524169921875 0.0010833740234375 0.1435546875
-0.000450134277343753 -0.0358123779296875 -0.100784301757812 0.189163208007813
0.0592880249023438 -0.121940612792969 0.0653076171875 0.089935302734375
0.0342636108398438 -0.135292053222656 0.053131103515625 0.0392112731933594
-0.0439987182617188 -0.123481750488281 0.0125370025634766 0.000658988952636711
-0.108932495117188 -0.0626754760742188 -0.0214710235595703 0.0140037536621094
-0.10748291015625 0.0120849609375 -0.0137977600097656 0.0358352661132813
-0.0843582153320313 0.083343505859375 0.000782012939453117 0.0677680969238281
-0.03448486328125 0.104881286621094 0.0292587280273437 0.0724029541015625
-0.0310592651367188 0.088836669921875 0.0434951782226562 0.0694808959960938
-0.0388870239257812 0.0945816040039063 0.0375823974609375 0.0705337524414063
-0.0621414184570313 0.08251953125 0.01226806640625 0.0726165771484375
-0.0821762084960938 0.0398406982421875 0.00255584716796874 0.0521926879882813
-0.095611572265625 -0.00245666503906248 0.00116348266601561 0.0440673828125
-0.0702590942382813 -0.069549560546875 0.0115814208984375 0.0776138305664063
-0.0190963745117187 -0.104171752929687 -0.0054931640625 0.138832092285156
0.00294494628906251 -0.111045837402344 -0.0972747802734375 0.169723510742187
0.0473480224609375 -0.1756591796875 0.0710296630859375 0.051422119140625
0.000305175781250013 -0.173690795898438 0.0460548400878906 0.02056884765625
-0.0780258178710937 -0.1307373046875 0.0157804489135742 0.0116033554077148
-0.133964538574219 -0.0531463623046875 0.00390624999999999 0.0209426879882813
-0.12042236328125 0.029998779296875 0.0150909423828125 0.0207729339599609
-0.085296630859375 0.1085205078125 0.0200729370117187 0.0334110260009766
-0.0278244018554687 0.126068115234375 0.0321426391601563 0.0267887115478516
-0.0256271362304687 0.1102294921875 0.0392227172851563 0.0236129760742188
-0.034210205078125 0.122642517089844 0.0374221801757813 0.0275306701660156
-0.0683364868164062 0.111961364746094 0.0255317687988281 0.0371360778808594
-0.10400390625 0.0617446899414063 0.0241165161132812 0.0290451049804688
-0.129074096679688 0.00606536865234373 0.0222396850585937 0.0398674011230469
-0.103431701660156 -0.091766357421875 0.019775390625 0.0839385986328125
-0.0356292724609375 -0.151992797851563 -0.013275146484375 0.117767333984375
0.00331115722656251 -0.168350219726563 -0.0879058837890625 0.127456665039063
0.027252197265625 -0.204940795898437 0.0710678100585938 -0.000686645507812513
-0.03387451171875 -0.188995361328125 0.0314121246337891 -0.00641250610351564
-0.10443115234375 -0.119979858398438 0.0143909454345703 0.0183525085449219
-0.142044067382813 -0.03289794921875 0.0275516510009765 0.0226001739501953
-0.116096496582031 0.0474166870117187 0.0402717590332031 0.00102615356445313
-0.0730743408203125 0.119842529296875 0.0340023040771484 -0.00623893737792968
-0.016143798828125 0.129646301269531 0.0283145904541016 -0.0226268768310547
-0.0163803100585937 0.114501953125 0.0287227630615234 -0.0258369445800781
-0.0253829956054687 0.130531311035156 0.0317325592041016 -0.0205745697021484
-0.0621871948242188 0.122596740722656 0.0361862182617187 -0.00598526000976562
-0.106773376464844 0.0725555419921875 0.0438232421875 -0.000686645507812496
-0.139450073242188 0.0138092041015625 0.0421600341796875 0.0286407470703125
-0.118064880371094 -0.0968246459960938 0.0278091430664062 0.0787200927734375
-0.0464935302734375 -0.1722412109375 -0.0212783813476563 0.0824966430664062
0.000152587890624996 -0.19781494140625 -0.07427978515625 0.0694732666015625
0.00828552246093749 -0.203216552734375 0.0670089721679687 -0.0594253540039063
-0.0564422607421875 -0.177276611328125 0.0135002136230469 -0.037689208984375
-0.112281799316406 -0.0956573486328125 0.00887393951416015 0.0172243118286133
-0.129478454589844 -0.0102157592773437 0.0441741943359375 0.0169601440429688
-0.095001220703125 0.0562362670898437 0.055267333984375 -0.0218505859375
-0.0508499145507813 0.11395263671875 0.0392684936523438 -0.045379638671875
-0.00290679931640625 0.114219665527344 0.0194320678710938 -0.0683212280273438
-0.00579833984375001 0.101493835449219 0.0135955810546875 -0.071807861328125
-0.013153076171875 0.1162109375 0.0226058959960937 -0.0664520263671875
-0.0447540283203125 0.110694885253906 0.0431632995605469 -0.048187255859375
-0.0883941650390625 0.0692520141601563 0.0578536987304687 -0.0292510986328125
-0.1219482421875 0.019500732421875 0.0567436218261719 0.0152320861816406
-0.110733032226562 -0.0818405151367188 0.0304145812988281 0.0650901794433594
-0.050048828125 -0.1605224609375 -0.0291099548339844 0.0395088195800781
-0.0061187744140625 -0.194381713867187 -0.0572738647460937 0.00628280639648436
-0.00733947753906249 -0.16973876953125 0.0626449584960938 -0.114952087402344
-0.0604934692382813 -0.140159606933594 -0.00202560424804687 -0.0690078735351563
-0.096923828125 -0.063507080078125 0.00184917449951171 0.00853252410888672
-0.09771728515625 0.00700378417968749 0.0516204833984375 0.00505447387695313
-0.0627822875976563 0.0531654357910156 0.0593605041503906 -0.0430946350097656
-0.0244369506835937 0.089508056640625 0.0355224609375 -0.07861328125
0.0101242065429688 0.0819091796875 0.00478363037109374 -0.103019714355469
0.00655364990234375 0.0724563598632813 -0.00362396240234375 -0.106491088867188
0.00172424316406249 0.08270263671875 0.0114669799804688 -0.101707458496094
-0.0179824829101562 0.0806045532226563 0.0457763671875 -0.0806961059570313
-0.0526123046875 0.0556144714355469 0.0652732849121094 -0.0493850708007812
-0.0814895629882813 0.0248336791992187 0.0635299682617188 0.00400543212890625
-0.0860061645507812 -0.0484161376953125 0.0279579162597656 0.04754638671875
-0.0501022338867187 -0.119216918945312 -0.0354537963867188 -0.00174713134765626
-0.017608642578125 -0.160797119140625 -0.0420494079589844 -0.0507659912109375
-0.0185699462890625 -0.109367370605469 0.0604095458984375 -0.158538818359375
-0.0475997924804687 -0.0828399658203125 -0.00925445556640625 -0.0957489013671875
-0.0633163452148438 -0.0284233093261719 -0.00514936447143555 -0.00661611557006836
-0.0526962280273437 0.0160980224609375 0.0501365661621094 -0.0106468200683594
-0.0249671936035156 0.0382575988769531 0.0533332824707031 -0.0593795776367187
0.00108718872070312 0.0512580871582031 0.0241622924804688 -0.100181579589844
0.0193443298339844 0.0373878479003906 -0.0110626220703125 -0.122787475585938
0.0169544219970703 0.0321407318115234 -0.020263671875 -0.124542236328125
0.0163803100585937 0.0362548828125 -0.000160217285156242 -0.119873046875
0.0136451721191406 0.0394859313964844 0.04351806640625 -0.0973281860351563
-0.00610733032226562 0.0376319885253906 0.06402587890625 -0.0577812194824219
-0.0298004150390625 0.0326862335205078 0.061920166015625 -0.00174713134765625
-0.0558929443359375 -0.00318145751953124 0.0203208923339844 0.0305652618408203
-0.0507659912109375 -0.0597038269042969 -0.0399894714355469 -0.0327415466308594
-0.0331497192382812 -0.105308532714844 -0.0304336547851562 -0.09295654296875
0.0567588806152344 0.0177001953125 0.0653457641601563 0.101394653320312
0.0727386474609375 -0.0271835327148438 0.0578155517578125 0.037078857421875
0.0138359069824219 -0.0666656494140625 -0.00702476501464844 -0.0249042510986328
-0.0357246398925781 -0.0469970703125 -0.0636940002441406 0.00439834594726564
-0.0454902648925781 -0.0157699584960937 -0.0547218322753906 0.05645751953125
-0.0480842590332031 0.0114364624023438 -0.0221023559570313 0.105583190917969
-0.0320968627929688 0.0268001556396484 0.0254669189453125 0.121109008789062
-0.0311164855957031 0.0170478820800781 0.045654296875 0.11566162109375
-0.0363578796386719 0.00897979736328125 0.032623291015625 0.11083984375
-0.0311489105224609 -0.00651168823242188 -0.00533294677734375 0.100875854492187
-0.011932373046875 -0.0188407897949219 -0.0256729125976562 0.0695724487304688
0.00351333618164062 -0.0189876556396484 -0.0266361236572266 0.0349979400634766
0.0229053497314453 -0.00185585021972656 -0.000698089599609376 0.0410499572753906
0.0265007019042969 0.0315341949462891 0.0147247314453125 0.125953674316406
0.00465774536132813 0.0490608215332031 -0.082733154296875 0.1845703125
0.0586967468261719 -0.0546493530273437 0.0725021362304687 0.101287841796875
0.054290771484375 -0.0866928100585938 0.0619544982910156 0.0395545959472656
-0.0188217163085938 -0.100318908691406 0.00578594207763672 -0.0139875411987305
-0.0792007446289063 -0.05535888671875 -0.0429191589355469 0.00886917114257812
-0.0814132690429688 0.00254821777343748 -0.0340003967285156 0.0479698181152344
-0.067138671875 0.0550613403320312 -0.00729370117187501 0.0904006958007813
-0.0307846069335938 0.0725021362304688 0.0338211059570313 0.100288391113281
-0.0291938781738281 0.058319091796875 0.0532073974609375 0.09478759765625
-0.0367546081542969 0.0567283630371094 0.043975830078125 0.0939865112304687
-0.0465888977050781 0.042388916015625 0.0101394653320312 0.0929183959960938
-0.0478744506835938 0.0132904052734375 -0.008453369140625 0.0671463012695313
-0.0467567443847656 -0.00882720947265625 -0.0121612548828125 0.0442886352539063
-0.0246372222900391 -0.0331859588623047 0.00746917724609375 0.0628433227539063
0.00186729431152344 -0.034454345703125 0.0127716064453125 0.139244079589844
0.000816345214843751 -0.0292396545410156 -0.0836944580078125 0.192367553710938
0.0505828857421875 -0.121055603027344 0.0802154541015625 0.0823135375976562
0.0253829956054688 -0.13580322265625 0.0613250732421875 0.0317573547363281
-0.0525436401367188 -0.119911193847656 0.0155019760131836 -0.00243091583251954
-0.113075256347656 -0.0542449951171875 -0.0178070068359375 0.0153408050537109
-0.106498718261719 0.0206527709960938 -0.00679779052734376 0.0348548889160156
-0.0765762329101563 0.090087890625 0.00996780395507812 0.0633811950683594
-0.0252227783203125 0.106491088867188 0.0378532409667969 0.0638771057128906
-0.02349853515625 0.091156005859375 0.0525665283203125 0.059967041015625
-0.0314102172851563 0.0975799560546875 0.0473594665527344 0.0628128051757813
-0.0548171997070312 0.0855636596679688 0.0236129760742187 0.0696983337402344
-0.0775680541992188 0.0449066162109375 0.0113639831542969 0.0531120300292969
-0.0924758911132812 0.00437927246093749 0.00691223144531249 0.0471076965332031
-0.0701904296875 -0.0616188049316406 0.0180130004882813 0.0781784057617188
-0.0238037109375 -0.0965042114257813 0.00624847412109374 0.137435913085938
-0.00483703613281251 -0.103424072265625 -0.0811309814453125 0.17559814453125
0.0315093994140625 -0.172393798828125 0.083251953125 0.0460128784179687
-0.013031005859375 -0.167953491210938 0.0530548095703125 0.0151138305664062
-0.086395263671875 -0.12225341796875 0.0201663970947266 0.00861167907714843
-0.134765625 -0.0406112670898438 0.00879859924316405 0.0199165344238281
-0.115089416503906 0.039642333984375 0.0209102630615234 0.0179290771484375
-0.0728836059570313 0.113433837890625 0.0271701812744141 0.0272159576416016
-0.0151824951171875 0.126167297363281 0.0366134643554688 0.0190773010253906
-0.0149307250976563 0.110809326171875 0.0437698364257813 0.0150299072265625
-0.0216140747070312 0.1234130859375 0.0438308715820313 0.0201492309570313
-0.055694580078125 0.116058349609375 0.0340957641601563 0.0333995819091797
-0.0954437255859375 0.0690383911132812 0.0311355590820312 0.0280399322509766
-0.124496459960938 0.0174407958984375 0.0283164978027344 0.0407638549804688
-0.10577392578125 -0.0794448852539063 0.0280075073242187 0.083587646484375
-0.0461578369140625 -0.142776489257813 -0.00167846679687501 0.118965148925781
-0.0119781494140625 -0.160736083984375 -0.0755386352539063 0.135658264160156
0.00614929199218751 -0.200759887695312 0.0787200927734375 -0.00323486328125001
-0.0514678955078125 -0.178680419921875 0.0363922119140625 -0.00771331787109376
-0.112098693847656 -0.10675048828125 0.0198974609375 0.0150737762451172
-0.140571594238281 -0.0180130004882812 0.0322666168212891 0.0194587707519531
-0.107322692871094 0.0566024780273438 0.0439453125 -0.00344085693359375
-0.0576324462890625 0.122802734375 0.037261962890625 -0.0129051208496094
-0.00125122070312499 0.12664794921875 0.0288295745849609 -0.0287075042724609
-0.0041351318359375 0.1134033203125 0.0284423828125 -0.0320663452148437
-0.010284423828125 0.129608154296875 0.0335063934326172 -0.0264129638671875
-0.04656982421875 0.125579833984375 0.0402946472167969 -0.0102920532226562
-0.0960311889648438 0.081268310546875 0.0478134155273437 -0.00374984741210937
-0.133499145507812 0.0279922485351562 0.047698974609375 0.027130126953125
-0.122055053710938 -0.0822219848632813 0.0369338989257813 0.0777740478515625
-0.061279296875 -0.16229248046875 -0.0121688842773437 0.0858840942382812
-0.01947021484375 -0.190765380859375 -0.067138671875 0.0787734985351563
-0.0148773193359375 -0.198822021484375 0.0687255859375 -0.058868408203125
-0.075439453125 -0.165191650390625 0.0154571533203125 -0.0349941253662109
-0.120109558105469 -0.080596923828125 0.0151576995849609 0.0153579711914062
-0.126533508300781 0.00556945800781248 0.0477828979492187 0.0124740600585938
-0.0847625732421875 0.0655288696289062 0.0562210083007812 -0.0267295837402344
-0.0342025756835938 0.114356994628906 0.0384178161621094 -0.05047607421875
0.0123214721679688 0.108390808105469 0.0145034790039062 -0.0714111328125
0.00703430175781249 0.0980682373046875 0.00828552246093749 -0.0742416381835938
0.00220489501953124 0.113609313964844 0.0190200805664062 -0.0697975158691406
-0.0287017822265625 0.111778259277344 0.0422096252441406 -0.0524673461914062
-0.0766754150390625 0.07733154296875 0.0582122802734375 -0.0338630676269531
-0.11529541015625 0.0329132080078125 0.0608329772949219 0.0116233825683594
-0.114471435546875 -0.0664596557617188 0.0390243530273437 0.0635452270507813
-0.0661468505859375 -0.150543212890625 -0.0237808227539063 0.0447349548339844
-0.028472900390625 -0.187835693359375 -0.0573844909667969 0.0161590576171875
-0.0283355712890625 -0.16650390625 0.0577239990234375 -0.112007141113281
-0.0775375366210938 -0.129898071289063 -0.00355148315429687 -0.0636100769042969
-0.104179382324219 -0.0502700805664062 0.00656938552856445 0.00775527954101562
-0.095123291015625 0.020355224609375 0.0535163879394531 -0.000160217285156249
-0.0533332824707031 0.0607032775878906 0.0569343566894531 -0.0481681823730469
-0.00949859619140625 0.0888595581054687 0.0298995971679687 -0.0814743041992188
0.0227737426757812 0.0755844116210938 -0.00434875488281249 -0.102775573730469
0.0172233581542969 0.0677757263183594 -0.0129241943359375 -0.105178833007812
0.0141525268554688 0.078521728515625 0.00273895263671876 -0.102378845214844
-0.00469207763671876 0.0788421630859375 0.0406570434570313 -0.084136962890625
-0.0419464111328125 0.0601234436035156 0.062469482421875 -0.0544776916503906
-0.0741653442382813 0.0357437133789062 0.065582275390625 -0.000545501708984373
-0.0886306762695313 -0.0344772338867188 0.0342636108398437 0.0461845397949219
-0.064544677734375 -0.109725952148437 -0.0343151092529297 0.00547027587890624
-0.039154052734375 -0.154754638671875 -0.0483856201171875 -0.0415191650390625
-0.0334854125976562 -0.108779907226563 0.0500335693359375 -0.15478515625
-0.0601654052734375 -0.0768890380859375 -0.0147247314453125 -0.0898208618164063
-0.0692405700683594 -0.0194168090820312 -0.00243616104125977 -0.00695085525512695
-0.0508041381835938 0.0251007080078125 0.0500373840332031 -0.0163078308105469
-0.0181655883789063 0.0432586669921875 0.047332763671875 -0.0638275146484375
0.0118598937988281 0.0494461059570313 0.0153350830078125 -0.100532531738281
0.0274925231933594 0.0312156677246094 -0.0235443115234375 -0.119194030761719
0.0237293243408203 0.0275154113769531 -0.0326995849609375 -0.119461059570312
0.0247154235839844 0.0311431884765625 -0.0112380981445312 -0.117050170898438
0.0227508544921875 0.0346145629882813 0.0353469848632813 -0.0997695922851563
0.00243377685546875 0.0380897521972656 0.0590057373046875 -0.0623931884765625
-0.0223655700683594 0.0395278930664063 0.0620918273925781 -0.0063934326171875
-0.0552291870117188 0.00778198242187501 0.0240879058837891 0.0292263031005859
-0.061431884765625 -0.0508460998535156 -0.0431976318359375 -0.0246124267578125
-0.0503387451171875 -0.10064697265625 -0.043060302734375 -0.0837631225585938
0.0617561340332031 0.0137748718261719 0.0723876953125 0.0884475708007813
0.0735321044921875 -0.0363082885742188 0.0608901977539063 0.0280570983886719
0.00826263427734375 -0.070953369140625 -0.00801849365234375 -0.0248374938964844
-0.04193115234375 -0.0456314086914062 -0.0605583190917969 0.00688934326171874
-0.0499343872070313 -0.0114097595214844 -0.0491790771484375 0.0564651489257813
-0.0496597290039062 0.0181732177734375 -0.014556884765625 0.101371765136719
-0.0319709777832031 0.0324993133544922 0.0321502685546875 0.112480163574219
-0.0321388244628906 0.0223140716552734 0.052581787109375 0.105659484863281
-0.0391502380371094 0.014404296875 0.0400009155273438 0.102569580078125
-0.0355873107910156 -0.00391006469726563 0.00291442871093749 0.0965957641601563
-0.0165882110595703 -0.0207958221435547 -0.0193634033203125 0.0690231323242188
0.00242805480957031 -0.0235557556152344 -0.0237655639648438 0.0375595092773438
0.0273227691650391 -0.00554656982421875 -0.00159835815429687 0.04058837890625
0.035980224609375 0.0304336547851563 0.0177230834960938 0.117431640625
0.0146217346191406 0.0512428283691406 -0.07232666015625 0.177688598632813
0.0587348937988281 -0.0540504455566406 0.0812454223632813 0.08807373046875
0.0521240234375 -0.0896835327148438 0.0657005310058594 0.029876708984375
-0.0235748291015625 -0.100128173828125 0.00634098052978515 -0.0154628753662109
-0.0825271606445313 -0.0510940551757813 -0.0390777587890625 0.0104179382324219
-0.0819244384765625 0.00711822509765626 -0.028411865234375 0.0462150573730469
-0.0644607543945313 0.0591239929199219 -0.000244140624999995 0.0841751098632813
-0.027099609375 0.074371337890625 0.0395965576171875 0.0901641845703125
-0.0268135070800781 0.0607147216796875 0.058563232421875 0.0835800170898438
-0.0347557067871094 0.0599174499511719 0.0506057739257812 0.0840377807617188
-0.0459480285644531 0.043304443359375 0.018798828125 0.0874176025390625
-0.0474357604980469 0.0123481750488281 -0.000717163085937503 0.0657463073730469
-0.0438499450683594 -0.00959777832031249 -0.00754165649414062 0.0463180541992188
-0.0194549560546875 -0.0320491790771484 0.00983810424804688 0.0616340637207031
0.00732994079589844 -0.0307521820068359 0.0183563232421875 0.132095336914063
0.00551986694335938 -0.0222759246826172 -0.0708770751953125 0.187271118164063
0.0449981689453125 -0.115669250488281 0.0896759033203125 0.0705184936523437
0.0209808349609375 -0.132682800292969 0.0656280517578125 0.0229721069335937
-0.0554275512695312 -0.115592956542969 0.0168771743774414 -0.00528907775878907
-0.113388061523438 -0.0478591918945312 -0.013641357421875 0.0142660140991211
-0.102676391601562 0.0256195068359375 -0.00171852111816407 0.0314044952392578
-0.0700912475585938 0.0919570922851563 0.0160293579101562 0.0557174682617188
-0.0189437866210938 0.105506896972656 0.0418548583984375 0.0542945861816406
-0.0184097290039062 0.0904922485351562 0.056488037109375 0.0489501953125
-0.0258712768554687 0.096771240234375 0.0527725219726562 0.0526924133300781
-0.0495071411132813 0.0851287841796875 0.0319709777832031 0.0637779235839844
-0.0729904174804688 0.0448989868164062 0.0190849304199219 0.0509834289550781
-0.0864410400390625 0.00664520263671876 0.0125045776367187 0.0480079650878906
-0.0655708312988281 -0.0552597045898438 0.022186279296875 0.0767669677734375
-0.0224227905273438 -0.0887603759765625 0.0138397216796875 0.131889343261719
-0.00659179687500001 -0.0932769775390625 -0.0688934326171875 0.173187255859375
0.0214996337890625 -0.162567138671875 0.0922698974609375 0.0381622314453125
-0.0193939208984375 -0.158859252929687 0.0580291748046875 0.00888061523437499
-0.0876235961914062 -0.113365173339844 0.0231971740722656 0.00369834899902343
-0.131690979003906 -0.032135009765625 0.0126867294311523 0.0172033309936523
-0.10821533203125 0.0439300537109375 0.0248832702636719 0.0132026672363281
-0.0635528564453125 0.112022399902344 0.0305118560791016 0.0199527740478516
-0.0068359375 0.120719909667969 0.0381813049316406 0.0107002258300781
-0.00769805908203124 0.106887817382813 0.0453224182128906 0.00603485107421876
-0.013092041015625 0.120033264160156 0.046539306640625 0.0117149353027344
-0.0460968017578125 0.113540649414063 0.04034423828125 0.0273590087890625
-0.087615966796875 0.0708694458007813 0.0371322631835937 0.0251693725585938
-0.116355895996094 0.022796630859375 0.0335197448730469 0.0405998229980469
-0.101699829101562 -0.0698165893554688 0.0343780517578125 0.0815582275390625
-0.049102783203125 -0.131317138671875 0.0063934326171875 0.115882873535156
-0.0186004638671875 -0.147994995117188 -0.064117431640625 0.136672973632813
-0.00708007812500001 -0.18817138671875 0.0855712890625 -0.00614166259765626
-0.0588836669921875 -0.164459228515625 0.0412483215332031 -0.0103950500488281
-0.112091064453125 -0.094512939453125 0.0238456726074219 0.0112228393554687
-0.134002685546875 -0.00794219970703124 0.0359725952148437 0.0157279968261719
-0.0972137451171875 0.0599594116210937 0.0459251403808594 -0.00880432128906249
-0.0457992553710938 0.118232727050781 0.0382881164550781 -0.0190391540527344
0.00777435302734375 0.1182861328125 0.02740478515625 -0.0339279174804687
0.00444793701171876 0.107528686523437 0.0270767211914063 -0.0371589660644531
0.000251770019531242 0.123275756835938 0.0335693359375 -0.0324592590332031
-0.0348587036132813 0.121734619140625 0.0433120727539063 -0.0147056579589844
-0.0849685668945313 0.0830078125 0.0509033203125 -0.00671005249023437
-0.123367309570312 0.0351715087890625 0.0517463684082031 0.0255813598632813
-0.118476867675781 -0.0694122314453125 0.0432815551757812 0.0746994018554688
-0.06671142578125 -0.14935302734375 -0.00461578369140626 0.0858535766601562
-0.031524658203125 -0.176513671875 -0.0592193603515625 0.083404541015625
-0.0303802490234375 -0.18658447265625 0.0721664428710938 -0.0565643310546875
-0.08453369140625 -0.14959716796875 0.0192394256591797 -0.0329704284667969
-0.11907958984375 -0.0666580200195312 0.0193748474121094 0.0122127532958984
-0.118804931640625 0.0153656005859375 0.0499649047851562 0.00808334350585938
-0.07373046875 0.0676803588867188 0.055633544921875 -0.0309562683105469
-0.0215072631835938 0.108596801757812 0.0368270874023438 -0.0546913146972656
0.02081298828125 0.0988235473632813 0.0104904174804688 -0.072235107421875
0.0153045654296875 0.0907058715820313 0.00439453125 -0.0753707885742188
0.0122909545898438 0.105514526367188 0.0157852172851563 -0.0719375610351563
-0.017242431640625 0.10650634765625 0.0412483215332031 -0.0553207397460937
-0.0655364990234375 0.0781478881835938 0.0586662292480469 -0.0369682312011719
-0.104080200195313 0.040863037109375 0.0631103515625 0.00890350341796875
-0.111343383789063 -0.0535125732421875 0.0450096130371094 0.0601043701171875
-0.0737533569335937 -0.136581420898438 -0.0175857543945313 0.0478019714355469
-0.0429840087890625 -0.174087524414063 -0.0535354614257813 0.0237541198730469
-0.0430145263671875 -0.157119750976563 0.056671142578125 -0.105789184570313
-0.0878524780273437 -0.115966796875 -0.00164794921875 -0.0579414367675781
-0.10418701171875 -0.0373611450195313 0.0109291076660156 0.00568866729736328
-0.0880203247070312 0.0297164916992188 0.0534477233886719 -0.00496673583984375
-0.0423622131347656 0.0628929138183594 0.0538787841796875 -0.0505447387695312
0.00148773193359375 0.0829086303710938 0.0257339477539062 -0.0824050903320313
0.0299110412597656 0.0658073425292969 -0.00983428955078124 -0.0996475219726562
0.0235557556152344 0.0606880187988281 -0.0192794799804688 -0.101699829101563
0.0219573974609375 0.0695724487304688 -0.0025634765625 -0.100120544433594
0.00576019287109376 0.07281494140625 0.03631591796875 -0.0849533081054688
-0.0316390991210938 0.0602569580078125 0.0596694946289063 -0.0564689636230469
-0.0638084411621094 0.041534423828125 0.0658607482910156 -0.00356674194335937
-0.08489990234375 -0.02294921875 0.0387687683105469 0.0428314208984375
-0.0723190307617188 -0.0972061157226563 -0.031332015991211 0.0118217468261719
-0.053619384765625 -0.143035888671875 -0.0501327514648437 -0.0306053161621094
-0.0451431274414063 -0.104698181152344 0.0445098876953125 -0.146331787109375
-0.0686607360839844 -0.0687065124511719 -0.0144424438476563 -0.0817718505859375
-0.0711441040039063 -0.01055908203125 0.000512123107910151 -0.00801324844360352
-0.0471000671386719 0.0326347351074219 0.0472450256347656 -0.0204315185546875
-0.0106468200683594 0.0450477600097656 0.0419082641601563 -0.0647048950195313
0.0199661254882813 0.0448837280273437 0.00836944580078126 -0.0977706909179688
0.0326213836669922 0.0238304138183594 -0.030517578125 -0.111717224121094
0.0277214050292969 0.0209274291992188 -0.0391387939453125 -0.11181640625
0.0292873382568359 0.0232219696044922 -0.0177993774414063 -0.111228942871094
0.0293788909912109 0.0283794403076172 0.0292434692382813 -0.0985031127929687
0.00993728637695313 0.0364875793457031 0.054656982421875 -0.0626716613769531
-0.013916015625 0.0420494079589844 0.0607376098632813 -0.00918960571289062
-0.0510597229003906 0.0165939331054688 0.0264911651611328 0.0274219512939453
-0.0669136047363281 -0.040557861328125 -0.0430374145507813 -0.0163726806640625
-0.0624923706054687 -0.09063720703125 -0.0493927001953125 -0.0720596313476563
0.0666885375976563 0.0104179382324219 0.0745697021484375 0.0767288208007813
0.0733261108398438 -0.04376220703125 0.0603752136230469 0.0201187133789063
0.00354766845703125 -0.0748214721679687 -0.00855255126953125 -0.0263557434082031
-0.0469779968261719 -0.0452804565429688 -0.0584793090820313 0.00762557983398437
-0.0534439086914063 -0.00740432739257813 -0.0459785461425781 0.0545120239257813
-0.0507316589355469 0.024444580078125 -0.01171875 0.0968780517578125
-0.0314254760742188 0.0377769470214844 0.03399658203125 0.105964660644531
-0.0319671630859375 0.0269145965576172 0.0532608032226563 0.0976181030273438
-0.0410881042480469 0.0201339721679687 0.0416641235351563 0.0951156616210938
-0.0398597717285156 -0.000686645507812494 0.0067291259765625 0.0920562744140625
-0.0208187103271484 -0.0224952697753906 -0.0154571533203125 0.0678787231445313
0.000196456909179686 -0.0282993316650391 -0.0214042663574219 0.0388717651367188
0.0308818817138672 -0.0103282928466797 -0.0028839111328125 0.0415420532226563
0.043914794921875 0.0277786254882813 0.016204833984375 0.110855102539063
0.0238533020019531 0.0516319274902344 -0.068939208984375 0.169189453125
0.0620231628417969 -0.0522842407226563 0.085357666015625 0.0766372680664063
0.0523452758789063 -0.0926284790039063 0.0664405822753906 0.021636962890625
-0.02630615234375 -0.101097106933594 0.00628852844238281 -0.0183353424072266
-0.08526611328125 -0.0496139526367187 -0.0366935729980469 0.00961303710937499
-0.0829086303710938 0.0100860595703125 -0.0244064331054688 0.0427703857421875
-0.0637283325195312 0.0625038146972656 0.002593994140625 0.0780029296875
-0.0261459350585938 0.0764007568359375 0.0406265258789063 0.0820083618164063
-0.0257720947265625 0.0631027221679688 0.0590591430664062 0.0746688842773438
-0.0345649719238281 0.0626754760742187 0.0524444580078125 0.075592041015625
-0.0473251342773437 0.043792724609375 0.02337646484375 0.0815582275390625
-0.0485572814941406 0.00968551635742188 0.00398635864257812 0.0638160705566406
-0.0426559448242188 -0.0128097534179687 -0.0036773681640625 0.0473556518554688
-0.0136642456054688 -0.0341854095458984 0.0097503662109375 0.062255859375
0.0149154663085937 -0.0288906097412109 0.0184402465820312 0.126693725585938
0.0126819610595703 -0.0172576904296875 -0.066192626953125 0.180267333984375
0.0464096069335938 -0.109725952148437 0.095123291015625 0.0603485107421875
0.0212631225585937 -0.130622863769531 0.0679893493652344 0.0149040222167969
-0.0552597045898437 -0.114166259765625 0.0179405212402344 -0.00894546508789063
-0.112571716308594 -0.045501708984375 -0.0111722946166992 0.0116519927978516
-0.100845336914063 0.0266342163085937 0.00171661376953125 0.0271015167236328
-0.0674591064453125 0.0916748046875 0.0178489685058594 0.0487022399902344
-0.016510009765625 0.103843688964844 0.0414276123046875 0.0459480285644531
-0.0168380737304687 0.0901336669921875 0.056060791015625 0.0403404235839844
-0.024383544921875 0.0961990356445313 0.0542182922363281 0.0438957214355469
-0.047454833984375 0.0832061767578125 0.0367660522460937 0.0573158264160156
-0.0714569091796875 0.0430068969726562 0.0243415832519531 0.0487136840820313
-0.0830078125 0.00510406494140623 0.0172576904296875 0.0481185913085938
-0.0589256286621094 -0.0538673400878906 0.0242767333984375 0.0765228271484375
-0.0164642333984375 -0.0836334228515625 0.0163497924804688 0.127540588378906
-0.00194549560546875 -0.0843582153320313 -0.06268310546875 0.1693115234375
0.0196380615234375 -0.152801513671875 0.098907470703125 0.0313568115234375
-0.018341064453125 -0.151077270507813 0.0618515014648438 0.00302505493164062
-0.0849151611328125 -0.108894348144531 0.0247764587402344 -0.000398635864257819
-0.127578735351563 -0.0293502807617188 0.0156116485595703 0.0134878158569336
-0.103797912597656 0.0437469482421875 0.0273551940917969 0.00814437866210938
-0.0589447021484375 0.109024047851563 0.0318794250488281 0.0127754211425781
-0.00369262695312501 0.115753173828125 0.0371971130371094 0.00321197509765626
-0.00566101074218751 0.103134155273438 0.0444374084472656 -0.000846862792968744
-0.0101699829101563 0.115806579589844 0.0475120544433594 0.00417327880859376
-0.0414047241210937 0.109878540039062 0.0445213317871094 0.0214881896972656
-0.0825347900390625 0.0687713623046875 0.0416908264160156 0.022003173828125
-0.109458923339844 0.0233993530273437 0.0383186340332031 0.0402565002441406
-0.094818115234375 -0.0656890869140625 0.038055419921875 0.080322265625
-0.0454559326171875 -0.123703002929688 0.0104446411132813 0.113525390625
-0.0180892944335937 -0.136680603027344 -0.0572052001953125 0.13543701171875
-0.0116424560546875 -0.175674438476563 0.0928573608398438 -0.00976562500000001
-0.059173583984375 -0.152877807617187 0.0459365844726562 -0.0129852294921875
-0.107810974121094 -0.0872879028320313 0.0267105102539062 0.00684547424316406
-0.127342224121094 -0.00469970703125002 0.037506103515625 0.0119552612304688
-0.0902786254882813 0.05877685546875 0.0475616455078125 -0.0128326416015625
-0.0399246215820312 0.112007141113281 0.038726806640625 -0.0253334045410156
0.0107650756835938 0.110061645507813 0.0257949829101562 -0.038421630859375
0.00750732421875 0.101066589355469 0.0250701904296875 -0.0425338745117187
0.00460052490234375 0.116668701171875 0.0326461791992188 -0.0374832153320312
-0.02789306640625 0.11602783203125 0.0456733703613281 -0.0198783874511719
-0.0778045654296875 0.081634521484375 0.0542716979980469 -0.00977706909179687
-0.11517333984375 0.0369796752929688 0.0562553405761719 0.0243377685546875
-0.112052917480469 -0.0633621215820312 0.04718017578125 0.0722274780273438
-0.0661392211914062 -0.139183044433594 0.000572204589843748 0.084869384765625
-0.0341949462890625 -0.164154052734375 -0.0530624389648437 0.085693359375
-0.0364837646484375 -0.174072265625 0.0786590576171875 -0.0547866821289063
-0.0863494873046875 -0.135643005371094 0.0247535705566406 -0.03271484375
-0.114776611328125 -0.0573272705078125 0.0230903625488281 0.00876808166503906
-0.109817504882812 0.0197906494140625 0.05169677734375 0.00477218627929688
-0.0651321411132813 0.0662918090820312 0.0555267333984375 -0.0334968566894531
-0.0149993896484375 0.100555419921875 0.0359268188476562 -0.0579071044921875
0.0243072509765625 0.0895614624023438 0.00838470458984376 -0.0734176635742188
0.0182647705078125 0.0837249755859375 0.00177764892578126 -0.0764312744140625
0.01641845703125 0.097412109375 0.0140914916992187 -0.0740966796875
-0.00994110107421874 0.0991668701171875 0.0420989990234375 -0.0582160949707031
-0.0573806762695313 0.0763702392578125 0.0594291687011719 -0.0388870239257812
-0.09429931640625 0.04229736328125 0.0653343200683594 0.00711822509765625
-0.105010986328125 -0.0451736450195312 0.0488700866699219 0.0574798583984375
-0.075531005859375 -0.125 -0.0131034851074219 0.0491065979003906
-0.0486602783203125 -0.160629272460938 -0.0495414733886719 0.0298347473144531
-0.05084228515625 -0.147918701171875 0.0618515014648438 -0.0994338989257813
-0.0913848876953125 -0.104080200195312 0.00378799438476562 -0.0535049438476563
-0.101806640625 -0.0283432006835938 0.0147571563720703 0.00369453430175781
-0.0803375244140625 0.03497314453125 0.0538558959960938 -0.00777435302734375
-0.0349197387695313 0.0620918273925781 0.0523262023925781 -0.0518341064453125
0.00806427001953125 0.0753631591796875 0.023590087890625 -0.0823745727539063
0.0326042175292969 0.0566825866699219 -0.0123977661132813 -0.0971832275390625
0.026153564453125 0.0529060363769531 -0.0213623046875 -0.0988540649414063
0.0255317687988281 0.0616302490234375 -0.00433349609375 -0.0984268188476563
0.0111312866210938 0.0644302368164063 0.0349349975585937 -0.084716796875
-0.0235328674316406 0.0568504333496094 0.0587272644042969 -0.0567092895507812
-0.0554161071777344 0.0433998107910156 0.0667610168457031 -0.00511932373046875
-0.0788650512695312 -0.0153427124023437 0.0416259765625 0.04052734375
-0.0746688842773438 -0.0858078002929688 -0.0272235870361328 0.0155811309814453
-0.060882568359375 -0.130622863769531 -0.0483741760253906 -0.0216560363769531
-0.053131103515625 -0.100120544433594 0.0469436645507813 -0.137351989746094
-0.0741043090820313 -0.0610427856445312 -0.0101165771484375 -0.076080322265625
-0.0720443725585938 -0.003082275390625 0.00347232818603515 -0.0096731185913086
-0.042938232421875 0.0378341674804688 0.0459251403808594 -0.0228538513183594
-0.0045928955078125 0.0455513000488281 0.0383071899414062 -0.0643157958984375
0.026031494140625 0.0396995544433594 0.00620269775390624 -0.0946121215820313
0.0352134704589844 0.0157012939453125 -0.032012939453125 -0.105461120605469
0.028717041015625 0.0150051116943359 -0.041534423828125 -0.105728149414062
0.0310344696044922 0.0162868499755859 -0.0200881958007812 -0.106826782226563
0.0333747863769531 0.0207557678222656 0.0264434814453125 -0.095703125
0.0170993804931641 0.0328006744384766 0.0521278381347656 -0.0617866516113281
-0.0059967041015625 0.0430641174316406 0.0598640441894531 -0.00995635986328125
-0.0464668273925781 0.0222663879394531 0.0279045104980469 0.0264568328857422
-0.0703811645507812 -0.0311813354492188 -0.041046142578125 -0.010101318359375
-0.0705413818359375 -0.0811386108398438 -0.050933837890625 -0.0607795715332031
0.0731735229492188 0.006927490234375 0.0738601684570313 0.0678329467773438
0.0740432739257812 -0.0518569946289063 0.0594596862792969 0.0134735107421875
-0.00167846679687501 -0.0785903930664063 -0.00918769836425781 -0.0277881622314453
-0.0537910461425781 -0.0446701049804687 -0.0578727722167969 0.00803375244140624
-0.0569419860839844 -0.00385284423828124 -0.0452537536621094 0.0531044006347656
-0.0519485473632812 0.0305595397949219 -0.0119705200195312 0.0938262939453125
-0.0310401916503906 0.0436553955078125 0.03271484375 0.101524353027344
-0.0323753356933594 0.0321674346923828 0.0528945922851563 0.0929489135742188
-0.0427131652832031 0.0271110534667969 0.04254150390625 0.0905303955078125
-0.0448875427246094 0.00355148315429688 0.0086212158203125 0.0885543823242188
-0.0260486602783203 -0.0237388610839844 -0.0125770568847656 0.0669593811035156
-0.00236129760742188 -0.0329818725585938 -0.0196342468261719 0.0409393310546875
0.0345859527587891 -0.0157413482666016 -0.00489425659179687 0.043701171875
0.0537643432617188 0.0243797302246094 0.0112686157226563 0.108612060546875
0.033416748046875 0.0512275695800781 -0.0730438232421875 0.16387939453125
0.0679855346679688 -0.0525245666503906 0.0875091552734375 0.0670852661132813
0.0546035766601563 -0.0977783203125 0.0662384033203125 0.0144462585449219
-0.0290451049804687 -0.104812622070313 0.006439208984375 -0.0210590362548828
-0.0892181396484375 -0.0490341186523437 -0.0351428985595703 0.00821113586425781
-0.0859756469726563 0.011871337890625 -0.0233268737792969 0.03924560546875
-0.0645484924316406 0.067047119140625 0.002227783203125 0.0736083984375
-0.0256423950195313 0.07989501953125 0.0393218994140625 0.0762863159179687
-0.0264663696289063 0.0663490295410156 0.0581741333007812 0.0680427551269531
-0.0367507934570312 0.0665283203125 0.0524101257324219 0.0685348510742188
-0.0499343872070312 0.0453643798828125 0.0271759033203125 0.0764083862304688
-0.0525588989257813 0.00778961181640626 0.00849533081054687 0.0621376037597656
-0.0438423156738281 -0.0168991088867188 -0.000301361083984373 0.0491905212402344
-0.00821304321289063 -0.0377922058105469 0.00941848754882813 0.0644264221191406
0.0241451263427734 -0.02996826171875 0.0162277221679687 0.124649047851562
0.0212879180908203 -0.0143108367919922 -0.0666961669921875 0.176483154296875
0.0508499145507813 -0.105735778808594 0.0996932983398438 0.051483154296875
0.0251998901367188 -0.132064819335938 0.06915283203125 0.00791931152343749
-0.0555953979492187 -0.116836547851562 0.0179119110107422 -0.0125846862792969
-0.114448547363281 -0.0456695556640625 -0.00920867919921876 0.00948905944824218
-0.102287292480469 0.02728271484375 0.00315666198730468 0.0226764678955078
-0.067901611328125 0.0931472778320313 0.017425537109375 0.0432014465332031
-0.01666259765625 0.104461669921875 0.0403480529785156 0.0388526916503906
-0.0168609619140625 0.0905990600585938 0.0544929504394531 0.0322494506835938
-0.0245590209960938 0.0979843139648437 0.0543060302734375 0.0362930297851563
-0.0488815307617188 0.0834732055664063 0.0406455993652344 0.05145263671875
-0.0724258422851563 0.0400161743164062 0.0287818908691406 0.0458526611328125
-0.0808868408203125 0.001495361328125 0.0216522216796875 0.0496177673339844
-0.0530662536621094 -0.0564384460449219 0.0259170532226562 0.0781631469726562
-0.0086822509765625 -0.0820999145507813 0.0166702270507812 0.126487731933594
0.0051116943359375 -0.0785980224609375 -0.06085205078125 0.167144775390625
0.0237274169921875 -0.14593505859375 0.106132507324219 0.0233001708984375
-0.0151824951171875 -0.147476196289063 0.0651512145996094 -0.00345230102539063
-0.0820388793945313 -0.108863830566406 0.0256996154785156 -0.00439262390136719
-0.126518249511719 -0.0297775268554688 0.0179309844970703 0.0104141235351562
-0.103080749511719 0.0423812866210938 0.0294342041015625 0.00372695922851563
-0.05865478515625 0.107467651367188 0.0311069488525391 0.00644874572753907
-0.00427246093749999 0.11297607421875 0.0355415344238281 -0.00312423706054687
-0.00510406494140625 0.101760864257813 0.04248046875 -0.00849533081054687
-0.0105133056640625 0.114112854003906 0.0473480224609375 -0.00315475463867187
-0.04046630859375 0.107490539550781 0.0478897094726563 0.0149612426757813
-0.0817947387695312 0.0661239624023438 0.0468521118164062 0.0189590454101563
-0.106597900390625 0.020904541015625 0.0439300537109375 0.0405807495117188
-0.0890274047851563 -0.0661087036132812 0.0410842895507813 0.08099365234375
-0.0401153564453125 -0.120819091796875 0.0125808715820312 0.113639831542969
-0.0134811401367188 -0.128875732421875 -0.0537643432617187 0.135887145996094
-0.0103759765625 -0.167312622070313 0.101776123046875 -0.013946533203125
-0.0561676025390625 -0.146347045898438 0.0521354675292969 -0.0177001953125
-0.103134155273438 -0.0846710205078125 0.0291595458984375 0.00266265869140624
-0.122879028320312 -0.00436401367187501 0.0402069091796875 0.00813674926757812
-0.087799072265625 0.0559539794921875 0.0498619079589844 -0.0177268981933594
-0.0384750366210937 0.107673645019531 0.0385665893554688 -0.0307579040527344
0.010711669921875 0.105583190917969 0.0241851806640625 -0.0438575744628906
0.007720947265625 0.0971450805664063 0.02398681640625 -0.0474624633789062
0.00531005859375 0.111900329589844 0.0318984985351563 -0.0434989929199219
-0.0257797241210937 0.111579895019531 0.0479011535644531 -0.025665283203125
-0.0754318237304688 0.0788192749023437 0.0578269958496094 -0.0135726928710937
-0.110511779785156 0.0353546142578125 0.060760498046875 0.0232429504394531
-0.10662841796875 -0.0613021850585938 0.0517730712890625 0.0719985961914063
-0.0634002685546875 -0.133674621582031 0.0049285888671875 0.0857009887695312
-0.0323333740234375 -0.154205322265625 -0.0481491088867188 0.0884017944335937
-0.0396881103515625 -0.165359497070313 0.0879364013671875 -0.055816650390625
-0.0855941772460938 -0.127609252929687 0.0314464569091797 -0.0348052978515625
-0.110664367675781 -0.051666259765625 0.0260791778564453 0.0048828125
-0.104377746582031 0.0218048095703125 0.0530052185058594 0.00135421752929688
-0.0601272583007813 0.0635986328125 0.0573005676269531 -0.0371322631835937
-0.0121841430664063 0.094268798828125 0.0357170104980469 -0.0624542236328125
0.0241851806640625 0.0828094482421875 0.00698089599609375 -0.07659912109375
0.0189208984375 0.07891845703125 0.000305175781250002 -0.0789566040039063
0.0177001953125 0.091033935546875 0.0129776000976562 -0.077056884765625
-0.006622314453125 0.0929336547851563 0.0435676574707031 -0.0625457763671875
-0.0524215698242187 0.0730667114257813 0.06201171875 -0.0417518615722656
-0.0880279541015625 0.04266357421875 0.0693778991699219 0.005615234375
-0.0993728637695313 -0.0416793823242188 0.0525970458984375 0.0552406311035156
-0.0749359130859375 -0.11749267578125 -0.00783538818359375 0.0509872436523438
-0.050567626953125 -0.150421142578125 -0.0454978942871094 0.0350761413574219
-0.0570831298828125 -0.140838623046875 0.0706329345703125 -0.0969924926757813
-0.0940475463867188 -0.0956878662109375 0.0113067626953125 -0.053192138671875
-0.0999603271484375 -0.021392822265625 0.0177707672119141 0.000394821166992186
-0.0748138427734375 0.0390243530273437 0.0546646118164063 -0.0102806091308594
-0.028717041015625 0.0602264404296875 0.0524215698242188 -0.0534858703613281
0.0122642517089844 0.068939208984375 0.02349853515625 -0.0840606689453125
0.0327606201171875 0.0488204956054688 -0.0130996704101562 -0.096893310546875
0.0268974304199219 0.0473861694335937 -0.0225143432617188 -0.0986328125
0.0270538330078125 0.0546722412109375 -0.00534820556640625 -0.0992660522460938
0.0144309997558594 0.0568923950195313 0.0358657836914063 -0.0869674682617188
-0.0178794860839844 0.0537872314453125 0.0598793029785156 -0.0586166381835938
-0.0477027893066406 0.0432548522949219 0.0684890747070312 -0.00662612915039062
-0.0735931396484375 -0.0100784301757812 0.0447044372558594 0.0393714904785156
-0.076141357421875 -0.076507568359375 -0.0230998992919922 0.0186290740966797
-0.06500244140625 -0.120201110839844 -0.0454216003417969 -0.0138816833496094
-0.060760498046875 -0.096160888671875 0.0544967651367187 -0.133338928222656
-0.0800857543945313 -0.0546112060546875 -0.0042572021484375 -0.0741653442382813
-0.0725555419921875 0.00360107421874999 0.00620746612548828 -0.0123796463012695
-0.0374679565429687 0.0425529479980469 0.0452995300292969 -0.0244140625
0.00201797485351563 0.0448150634765625 0.0368614196777344 -0.0639762878417969
0.0304164886474609 0.0339756011962891 0.00463867187500001 -0.0939712524414062
0.0355644226074219 0.00854110717773438 -0.032684326171875 -0.102989196777344
0.0294704437255859 0.00909614562988281 -0.0413589477539063 -0.102981567382813
0.03167724609375 0.009185791015625 -0.019805908203125 -0.105033874511719
0.0356483459472656 0.0131759643554688 0.027313232421875 -0.0955352783203125
0.0223331451416016 0.0289726257324219 0.0523605346679688 -0.0621490478515625
0.000602722167968751 0.0424003601074219 0.0612258911132813 -0.0104293823242187
-0.0414161682128906 0.0278091430664062 0.0301094055175781 0.0260429382324219
-0.0721359252929687 -0.0218429565429688 -0.0376701354980469 -0.00501632690429688
-0.0771026611328125 -0.0717697143554688 -0.0502777099609375 -0.0506401062011719
0.0802688598632813 0.00177001953125 0.0732192993164063 0.058502197265625
0.0740203857421875 -0.0624847412109375 0.0571136474609375 0.00747299194335937
-0.00850677490234374 -0.0836944580078125 -0.0105400085449219 -0.0297107696533203
-0.0614051818847656 -0.0430831909179688 -0.0586204528808594 0.00754547119140626
-0.0619316101074219 0.000202178955078127 -0.0456428527832031 0.052947998046875
-0.0535850524902344 0.0384254455566406 -0.0120391845703125 0.093994140625
-0.0293693542480469 0.0508003234863281 0.0325851440429687 0.100845336914063
-0.031890869140625 0.0391502380371094 0.0527877807617188 0.0903244018554688
-0.04351806640625 0.0350341796875 0.0432052612304688 0.088043212890625
-0.0491714477539063 0.00897598266601563 0.0103912353515625 0.0866622924804688
-0.0335121154785156 -0.0244102478027344 -0.010101318359375 0.0671920776367188
-0.007293701171875 -0.0374679565429688 -0.0174522399902344 0.0428428649902344
0.03778076171875 -0.0234375 -0.0065460205078125 0.0478477478027344
0.0627212524414062 0.017608642578125 0.00800323486328126 0.110054016113281
0.0438995361328125 0.049285888671875 -0.0786590576171875 0.164108276367188
0.0754928588867188 -0.0562210083007813 0.0887451171875 0.05694580078125
0.05621337890625 -0.107109069824219 0.0654373168945313 0.00640106201171874
-0.033782958984375 -0.110321044921875 0.00510406494140625 -0.0236892700195313
-0.095947265625 -0.0484542846679688 -0.0354766845703125 0.00658035278320312
-0.09039306640625 0.0154495239257812 -0.0235939025878906 0.0367813110351563
-0.065887451171875 0.0735702514648438 0.00133514404296875 0.0710220336914063
-0.0246047973632812 0.0854263305664063 0.0371856689453125 0.0723037719726563
-0.0263214111328125 0.0714645385742187 0.0567855834960938 0.0625991821289063
-0.036956787109375 0.0733718872070313 0.0526580810546875 0.0633621215820313
-0.0539817810058594 0.0496292114257812 0.0290298461914062 0.0717391967773438
-0.0580673217773438 0.00699615478515626 0.012664794921875 0.06036376953125
-0.046783447265625 -0.021942138671875 0.00443649291992188 0.0507125854492188
-0.00487899780273437 -0.0446281433105469 0.0102081298828125 0.06793212890625
0.0331707000732422 -0.0348052978515625 0.0146713256835937 0.126091003417969
0.031463623046875 -0.0142021179199219 -0.0693511962890625 0.177139282226563
0.0579910278320313 -0.106437683105469 0.103988647460938 0.0410385131835938
0.0277481079101563 -0.137893676757813 0.069732666015625 -0.000694274902343759
-0.058135986328125 -0.121261596679687 0.0180778503417969 -0.0166473388671875
-0.119094848632812 -0.046173095703125 -0.00805807113647461 0.00634908676147461
-0.106307983398438 0.0288925170898437 0.00389099121093749 0.0180339813232422
-0.0693893432617188 0.097869873046875 0.0163955688476562 0.0379905700683594
-0.0161361694335938 0.108154296875 0.0378570556640625 0.0334854125976563
-0.0164337158203125 0.0946121215820312 0.0521278381347656 0.0255393981933594
-0.0250778198242187 0.101737976074219 0.0538711547851563 0.02935791015625
-0.0511627197265625 0.0856781005859375 0.0430526733398437 0.0455093383789063
-0.07574462890625 0.0396041870117188 0.0344352722167969 0.0426673889160156
-0.0832061767578125 -0.0015869140625 0.0276870727539063 0.0499458312988281
-0.0489540100097656 -0.06182861328125 0.0294952392578125 0.0813674926757813
-0.00154113769531251 -0.08514404296875 0.01763916015625 0.128990173339844
0.0135421752929688 -0.0770263671875 -0.05999755859375 0.169021606445313
0.0276641845703125 -0.143280029296875 0.113037109375 0.0132598876953125
-0.01190185546875 -0.150314331054688 0.0676422119140625 -0.012054443359375
-0.0818710327148437 -0.112411499023437 0.0268611907958984 -0.00898170471191407
-0.127899169921875 -0.0306320190429688 0.0193824768066406 0.00667381286621094
-0.104843139648438 0.042388916015625 0.0306663513183594 -0.00261878967285156
-0.0601043701171875 0.108436584472656 0.0301589965820313 -0.000331878662109368
-0.00376892089843751 0.114219665527344 0.0322666168212891 -0.00977706909179687
-0.00498199462890626 0.102890014648438 0.0391426086425781 -0.015472412109375
-0.00981903076171876 0.115409851074219 0.0462913513183594 -0.010650634765625
-0.0413742065429688 0.107528686523438 0.0503768920898438 0.00767135620117188
-0.0828170776367188 0.0653533935546875 0.0521507263183594 0.0141525268554688
-0.106216430664063 0.0187759399414062 0.050750732421875 0.0394134521484375
-0.0854263305664063 -0.0691757202148437 0.0463180541992188 0.0827102661132812
-0.0353622436523438 -0.121147155761719 0.0164947509765625 0.11517333984375
-0.00780487060546875 -0.125656127929688 -0.0514602661132813 0.138801574707031
-0.00845336914062502 -0.1617431640625 0.110885620117188 -0.0217742919921875
-0.0533599853515625 -0.143829345703125 0.0561561584472656 -0.0251007080078125
-0.101119995117188 -0.0849685668945312 0.0308780670166016 -0.00238037109375001
-0.121109008789063 -0.00439453124999999 0.0422744750976562 0.00391006469726563
-0.0872039794921875 0.05401611328125 0.0507888793945313 -0.0235099792480469
-0.0389785766601562 0.106002807617188 0.0371170043945313 -0.0377464294433594
0.0100021362304687 0.10284423828125 0.0216712951660156 -0.0495681762695312
0.0077972412109375 0.0958175659179688 0.0199050903320313 -0.0537376403808594
0.00559997558593751 0.110603332519531 0.0304412841796875 -0.0508651733398437
-0.0251007080078125 0.108779907226563 0.049896240234375 -0.0329704284667969
-0.073577880859375 0.0770111083984375 0.0625648498535156 -0.018585205078125
-0.107757568359375 0.034881591796875 0.0668792724609375 0.0203895568847656
-0.102928161621094 -0.0615463256835938 0.0570907592773437 0.0712890625
-0.0611953735351562 -0.131362915039063 0.00945281982421875 0.0868453979492187
-0.0300750732421875 -0.148757934570313 -0.0441513061523437 0.0927505493164062
-0.041534423828125 -0.158950805664063 0.098541259765625 -0.0606536865234375
-0.0853118896484375 -0.120979309082031 0.0379486083984375 -0.0388031005859375
-0.107627868652344 -0.0490493774414062 0.0289325714111328 6.67572021484345E-05
-0.099639892578125 0.0229721069335938 0.0555229187011719 -0.00278472900390625
-0.0570411682128906 0.06097412109375 0.0589485168457031 -0.0423240661621094
-0.01153564453125 0.0895614624023438 0.0347023010253906 -0.0679473876953125
0.0227203369140625 0.077423095703125 0.00514984130859376 -0.0812835693359375
0.0183563232421875 0.0743026733398437 -0.002532958984375 -0.0839004516601563
0.018035888671875 0.0864181518554687 0.011322021484375 -0.0827102661132813
-0.005462646484375 0.0876998901367188 0.0441360473632813 -0.0695266723632813
-0.0492401123046875 0.0700035095214844 0.0647392272949219 -0.0471725463867188
-0.0831375122070313 0.0419082641601562 0.0738449096679688 0.0022125244140625
-0.094757080078125 -0.03985595703125 0.0581283569335937 0.0538444519042969
-0.0743484497070313 -0.112167358398438 -0.00322723388671875 0.0522918701171875
-0.05096435546875 -0.142974853515625 -0.0404052734375 0.0404281616210937
-0.0626602172851562 -0.135276794433594 0.0811386108398438 -0.0992584228515625
-0.09674072265625 -0.0876617431640625 0.0191421508789062 -0.0556221008300781
-0.098358154296875 -0.0153427124023438 0.0208950042724609 -0.00393486022949219
-0.0684700012207031 0.0420379638671875 0.0564422607421875 -0.0137557983398438
-0.0236587524414063 0.0580291748046875 0.05291748046875 -0.05633544921875
0.0148239135742188 0.062774658203125 0.02313232421875 -0.0875701904296875
0.0320510864257813 0.0415763854980469 -0.0147628784179687 -0.0994186401367188
0.0259475708007812 0.0415191650390625 -0.0246429443359375 -0.100852966308594
0.0259590148925781 0.0478019714355469 -0.00681304931640625 -0.101882934570313
0.0160484313964844 0.0494194030761719 0.0355682373046875 -0.0917434692382812
-0.0133209228515625 0.0490036010742188 0.0618515014648438 -0.0626983642578125
-0.0405807495117188 0.0423049926757812 0.0719528198242188 -0.0089111328125
-0.0683746337890625 -0.00630950927734374 0.0481491088867187 0.0372695922851562
-0.076171875 -0.0683975219726562 -0.0186252593994141 0.0210933685302734
-0.0686874389648438 -0.110862731933594 -0.0415496826171875 -0.00685882568359376
-0.0696182250976563 -0.0920181274414062 0.0629425048828125 -0.133636474609375
-0.085479736328125 -0.0467987060546875 0.0029754638671875 -0.0747222900390625
-0.0727615356445313 0.01043701171875 0.00806236267089843 -0.0166730880737305
-0.0329627990722656 0.0479393005371094 0.0451507568359375 -0.0271835327148437
0.00751876831054687 0.044586181640625 0.0364913940429688 -0.0652046203613281
0.0340442657470703 0.0276069641113281 0.00374603271484375 -0.094482421875
0.0349769592285156 0.00135993957519531 -0.0337371826171875 -0.102226257324219
0.0293712615966797 0.0028839111328125 -0.0421371459960938 -0.1024169921875
0.0304794311523438 0.00241279602050781 -0.020416259765625 -0.105377197265625
0.0369415283203125 0.00519561767578125 0.027252197265625 -0.0975341796875
0.0274868011474609 0.0232753753662109 0.0537109375 -0.06365966796875
0.00871658325195312 0.0413322448730469 0.0628318786621094 -0.0117301940917969
-0.0360107421875 0.0334548950195313 0.03192138671875 0.0252437591552734
-0.0735702514648438 -0.0120773315429687 -0.0336647033691406 -0.000398635864257816
-0.0821533203125 -0.0621414184570312 -0.0472831726074219 -0.0413856506347656
0.0865402221679688 -0.00756072998046875 0.0717544555664063 0.048919677734375
0.0707473754882813 -0.0754623413085938 0.0538711547851563 0.000953674316406245
-0.0181732177734375 -0.087371826171875 -0.0137825012207031 -0.0311470031738281
-0.0698127746582031 -0.0383186340332031 -0.0603904724121094 0.00860977172851564
-0.0663299560546875 0.00741958618164063 -0.0465049743652344 0.0533256530761719
-0.0513076782226563 0.0485877990722656 -0.0106124877929688 0.0957717895507812
-0.0249252319335938 0.0580368041992188 0.0340347290039063 0.099700927734375
-0.0292472839355469 0.046051025390625 0.0536422729492187 0.0867462158203125
-0.0419578552246094 0.0447921752929688 0.0442276000976563 0.0845108032226563
-0.0525321960449219 0.0170021057128906 0.0129241943359375 0.0849227905273437
-0.0409660339355469 -0.0218734741210938 -0.00635910034179688 0.0668563842773438
-0.0141029357910156 -0.0421142578125 -0.0136795043945313 0.0452880859375
0.0386123657226563 -0.0329475402832031 -0.00601196289062499 0.0516548156738281
0.070404052734375 0.00760650634765625 0.00586700439453126 0.112602233886719
0.0553321838378906 0.0440864562988281 -0.0818023681640625 0.16876220703125
0.0823135375976562 -0.0636749267578125 0.089141845703125 0.0445175170898437
0.053375244140625 -0.119186401367188 0.0620155334472656 -0.00173187255859376
-0.0424423217773438 -0.114151000976563 0.00226593017578124 -0.0270652770996094
-0.104515075683594 -0.044769287109375 -0.0359077453613281 0.005096435546875
-0.0945281982421875 0.0224380493164063 -0.0243988037109375 0.0346450805664062
-0.0639114379882812 0.0828018188476563 0.00115966796875 0.0692481994628906
-0.0203933715820312 0.092041015625 0.0362281799316406 0.069366455078125
-0.0234603881835937 0.078216552734375 0.0555992126464844 0.058441162109375
-0.0348892211914063 0.0814590454101563 0.0520553588867188 0.0580978393554688
-0.0564346313476562 0.0561866760253906 0.0314483642578125 0.0672187805175781
-0.0642585754394531 0.00885391235351564 0.0174446105957031 0.057403564453125
-0.052215576171875 -0.0248756408691406 0.00988769531249999 0.0514564514160156
-0.00308990478515626 -0.0532150268554688 0.013671875 0.071319580078125
0.0405120849609375 -0.0435600280761719 0.016143798828125 0.12957763671875
0.0418891906738281 -0.0170669555664063 -0.06866455078125 0.182205200195313
0.062896728515625 -0.111625671386719 0.107048034667969 0.0270614624023437
0.026397705078125 -0.146697998046875 0.0685691833496094 -0.0104789733886719
-0.064208984375 -0.124908447265625 0.0162143707275391 -0.0227165222167969
-0.125526428222656 -0.0434341430664063 -0.00887870788574219 0.00317001342773437
-0.110252380371094 0.0345916748046875 0.00252151489257812 0.0138273239135742
-0.0682907104492188 0.105178833007813 0.0146827697753906 0.0337486267089844
-0.0129013061523438 0.112907409667969 0.0345134735107422 0.0284786224365234
-0.0138473510742187 0.099609375 0.048553466796875 0.0192604064941406
-0.0235519409179688 0.1082763671875 0.0527572631835938 0.0227851867675781
-0.0520782470703125 0.0898818969726562 0.0447921752929687 0.0375251770019531
-0.0804977416992188 0.040313720703125 0.0400543212890625 0.0373191833496094
-0.0868606567382813 -0.00390625000000001 0.0349235534667969 0.0484542846679688
-0.0479087829589844 -0.0673904418945313 0.0354232788085938 0.0839309692382813
0.00344085693359374 -0.0916976928710938 0.0219497680664063 0.1317138671875
0.021484375 -0.0789337158203125 -0.0568389892578125 0.172698974609375
0.031219482421875 -0.144119262695313 0.118148803710938 -0.000610351562500009
-0.01092529296875 -0.15447998046875 0.0676002502441406 -0.0223464965820313
-0.0846710205078125 -0.11468505859375 0.0260734558105469 -0.0157909393310547
-0.131484985351563 -0.0294418334960938 0.0198726654052734 0.000909805297851561
-0.108184814453125 0.0447463989257812 0.0300045013427734 -0.00911521911621093
-0.0597915649414062 0.112220764160156 0.0271110534667969 -0.00640869140624999
-0.00246429443359376 0.115943908691406 0.0282783508300781 -0.0158615112304687
-0.0038909912109375 0.105079650878906 0.0336074829101563 -0.0225563049316406
-0.00778961181640624 0.118080139160156 0.0416526794433594 -0.0189399719238281
-0.041473388671875 0.110244750976562 0.0508575439453125 -0.00100326538085937
-0.0842742919921875 0.0666275024414063 0.0563926696777344 0.00680160522460938
-0.10784912109375 0.0176849365234375 0.0581512451171875 0.0349273681640625
-0.084228515625 -0.0723876953125 0.0544281005859375 0.0826187133789062
-0.03271484375 -0.125190734863281 0.0230026245117187 0.116485595703125
-0.00270843505859376 -0.1243896484375 -0.044464111328125 0.142868041992188
-0.00802612304687501 -0.15972900390625 0.119247436523438 -0.034759521484375
-0.05419921875 -0.14202880859375 0.0592269897460938 -0.0336532592773438
-0.10040283203125 -0.0848007202148438 0.0314273834228516 -0.00933647155761719
-0.119400024414062 -0.00350189208984373 0.0439987182617187 -0.0025634765625
-0.0876388549804688 0.0541152954101563 0.0510749816894531 -0.032073974609375
-0.0383529663085938 0.105735778808594 0.0335426330566406 -0.0445137023925781
0.00938415527343751 0.102210998535156 0.0151176452636719 -0.0569572448730469
0.00844573974609374 0.0950164794921875 0.0133743286132813 -0.0599708557128906
0.00588989257812501 0.109634399414063 0.0248794555664063 -0.0581016540527344
-0.0238418579101563 0.108261108398437 0.0492134094238281 -0.0424652099609375
-0.072174072265625 0.0759048461914063 0.0656890869140625 -0.0277099609375
-0.105995178222656 0.0348052978515625 0.072845458984375 0.0148544311523438
-0.100898742675781 -0.0619735717773437 0.0644111633300781 0.0694656372070312
-0.0602493286132812 -0.13104248046875 0.0162124633789063 0.08685302734375
-0.028350830078125 -0.144485473632813 -0.0367279052734375 0.0965347290039062
-0.0438079833984375 -0.15350341796875 0.107986450195313 -0.0697174072265625
-0.086273193359375 -0.114852905273438 0.0432777404785156 -0.0471000671386719
-0.104721069335937 -0.0458755493164062 0.0304412841796875 -0.00625991821289063
-0.0952987670898437 0.024444580078125 0.0576057434082031 -0.008392333984375
-0.054534912109375 0.0587120056152344 0.0594100952148438 -0.0494766235351562
-0.010833740234375 0.085540771484375 0.0309524536132813 -0.0749893188476563
0.021881103515625 0.0734329223632813 -0.000709533691406256 -0.0861587524414063
0.0174636840820312 0.0715179443359375 -0.00948333740234375 -0.0883560180664063
0.0178604125976563 0.0822830200195313 0.00595855712890625 -0.0884857177734375
-0.00495147705078126 0.0836868286132812 0.0423583984375 -0.0778961181640625
-0.0464630126953125 0.0674285888671875 0.066375732421875 -0.0543594360351563
-0.079376220703125 0.0413131713867188 0.0787277221679688 -0.0033416748046875
-0.0921783447265625 -0.0370254516601563 0.0628128051757813 0.0503997802734375
-0.0739288330078125 -0.107017517089844 0.0025482177734375 0.0521049499511719
-0.05218505859375 -0.13580322265625 -0.0329551696777344 0.0448112487792969
-0.0694427490234375 -0.127632141113281 0.0900192260742188 -0.106788635253906
-0.0990142822265625 -0.0780258178710937 0.0247840881347656 -0.0605621337890625
-0.09552001953125 -0.0083465576171875 0.0229454040527344 -0.00918769836425781
-0.0618705749511719 0.0447120666503906 0.0576515197753906 -0.0187149047851562
-0.0182876586914062 0.0554275512695313 0.052581787109375 -0.0620079040527344
0.0164794921875 0.0555953979492188 0.0202407836914063 -0.0926132202148438
0.0291938781738281 0.0354156494140625 -0.0183181762695312 -0.102226257324219
0.0247001647949219 0.0362052917480469 -0.02960205078125 -0.102691650390625
0.024261474609375 0.0428428649902344 -0.0106124877929688 -0.105606079101563
0.0154914855957031 0.0421333312988281 0.03375244140625 -0.0980911254882813
-0.00907516479492187 0.0430526733398438 0.0620002746582031 -0.0690574645996094
-0.0335426330566406 0.0395088195800781 0.07550048828125 -0.0135421752929687
-0.0631484985351563 -0.00180053710937501 0.0533218383789063 0.0346298217773438
-0.0767745971679688 -0.0595779418945313 -0.0128250122070313 0.0224514007568359
-0.0720291137695313 -0.100608825683594 -0.0349559783935547 -0.000736236572265626
-0.0787200927734375 -0.0847930908203125 0.0698928833007812 -0.139579772949219
-0.0906829833984375 -0.0365829467773438 0.00873565673828125 -0.0793533325195313
-0.0711746215820313 0.0195770263671875 0.00947952270507812 -0.0202293395996094
-0.0259132385253906 0.0513725280761719 0.0447959899902344 -0.030670166015625
0.01336669921875 0.0413627624511719 0.0344657897949219 -0.0675582885742188
0.0362892150878906 0.020111083984375 0.00121307373046875 -0.0964279174804688
0.0323047637939453 -0.00644111633300781 -0.0361404418945312 -0.102645874023438
0.0270061492919922 -0.00388908386230469 -0.045745849609375 -0.102134704589844
0.0277175903320312 -0.00526237487792969 -0.0243148803710938 -0.106346130371094
0.0352783203125 -0.004425048828125 0.0253982543945313 -0.10150146484375
0.0309829711914063 0.0153369903564453 0.0543212890625 -0.067901611328125
0.0167617797851563 0.0376625061035156 0.0648269653320312 -0.0143775939941406
-0.028411865234375 0.0382232666015625 0.0355186462402344 0.0240592956542969
-0.07305908203125 -0.000152587890624989 -0.0289630889892578 0.00262069702148438
-0.0860061645507813 -0.0507659912109375 -0.0418891906738281 -0.0327873229980469
0.0896377563476563 -0.0193023681640625 0.0655517578125 0.038177490234375
0.0629196166992187 -0.0855331420898438 0.0466690063476563 -0.00543594360351563
-0.0289230346679688 -0.087127685546875 -0.0173892974853516 -0.0297431945800781
-0.0770111083984375 -0.0295257568359375 -0.0623703002929688 0.0112648010253906
-0.0675315856933594 0.0156784057617188 -0.0455245971679688 0.0546379089355469
-0.0452804565429688 0.0585365295410156 -0.00811004638671874 0.0958786010742187
-0.0164947509765625 0.064361572265625 0.0358047485351563 0.0979156494140625
-0.0233688354492188 0.0514488220214844 0.053497314453125 0.0836639404296875
-0.0366897583007813 0.053802490234375 0.0451278686523437 0.0804290771484375
-0.0546913146972656 0.0259475708007812 0.0153121948242187 0.0822601318359375
-0.0476226806640625 -0.0169639587402344 -0.00221252441406251 0.0656967163085937
-0.0235671997070312 -0.0423011779785156 -0.01031494140625 0.0468215942382813
0.0346298217773438 -0.0435905456542969 -0.00354385375976563 0.0570640563964844
0.0751571655273438 -0.00479888916015625 0.00785827636718751 0.116226196289063
0.0636520385742188 0.0352058410644531 -0.08251953125 0.171951293945313
0.0838241577148437 -0.073638916015625 0.0857315063476562 0.0320358276367187
0.0469284057617188 -0.128684997558594 0.0557022094726563 -0.00952911376953126
-0.052642822265625 -0.115509033203125 -0.00218772888183594 -0.0292224884033203
-0.111167907714844 -0.0376358032226562 -0.0368995666503906 0.00580596923828125
-0.0959625244140625 0.0304794311523438 -0.0261859893798828 0.0321216583251953
-0.0581130981445313 0.0916519165039063 -0.000114440917968759 0.068572998046875
-0.01373291015625 0.096893310546875 0.0339164733886719 0.0673484802246094
-0.01806640625 0.0823211669921875 0.0519790649414062 0.0539970397949219
-0.028839111328125 0.0884552001953125 0.0508537292480469 0.0532684326171875
-0.0564537048339844 0.0641937255859375 0.0337982177734375 0.06011962890625
-0.0690841674804688 0.0137519836425781 0.0215263366699219 0.0534286499023438
-0.0590744018554688 -0.0259780883789062 0.0165328979492187 0.0479049682617188
-0.00509262084960938 -0.0618896484375 0.0182342529296875 0.0734634399414063
0.0451278686523437 -0.0549736022949219 0.0207977294921875 0.130706787109375
0.0509872436523438 -0.0242462158203125 -0.064117431640625 0.183883666992188
0.0654373168945313 -0.116950988769531 0.103515625 0.0103988647460937
0.020355224609375 -0.153900146484375 0.06378173828125 -0.0198478698730469
-0.0725479125976563 -0.125328063964844 0.0110549926757812 -0.0254802703857422
-0.131401062011719 -0.0364837646484375 -0.00912284851074219 0.000710487365722655
-0.112541198730469 0.042572021484375 0.00179481506347656 0.00952339172363282
-0.0640487670898437 0.111892700195312 0.0121078491210937 0.0304050445556641
-0.00787353515625001 0.116073608398437 0.0290622711181641 0.0247039794921875
-0.00875091552734375 0.10186767578125 0.0432281494140625 0.0130882263183594
-0.0164718627929688 0.112373352050781 0.045623779296875 0.0149612426757813
-0.0508193969726563 0.09710693359375 0.0450325012207031 0.0290336608886719
-0.0839767456054688 0.0452346801757813 0.0424575805664062 0.0294876098632813
-0.0898208618164063 -0.00464630126953125 0.040435791015625 0.0432891845703125
-0.0488967895507813 -0.0737228393554688 0.0425949096679687 0.0830764770507813
0.00682830810546876 -0.0986480712890625 0.02935791015625 0.131370544433594
0.0283126831054688 -0.0819549560546875 -0.048095703125 0.175979614257813
0.0344390869140625 -0.146560668945313 0.117042541503906 -0.01666259765625
-0.01263427734375 -0.1572265625 0.0640602111816406 -0.0327529907226563
-0.0901870727539063 -0.114799499511719 0.0240554809570312 -0.0203990936279297
-0.133842468261719 -0.0266952514648437 0.0181617736816406 -0.00452995300292969
-0.109001159667969 0.0507736206054687 0.0268707275390625 -0.0164604187011719
-0.0569610595703125 0.117233276367188 0.0216274261474609 -0.0112781524658203
0.000289916992187491 0.116874694824219 0.021514892578125 -0.0216007232666016
0.000595092773437507 0.106307983398438 0.0257110595703125 -0.0273456573486328
-0.00209045410156249 0.119987487792969 0.0371475219726562 -0.0256767272949219
-0.03851318359375 0.111000061035156 0.0491752624511719 -0.011322021484375
-0.0847930908203125 0.0690383911132813 0.0583152770996094 -0.0020599365234375
-0.108131408691406 0.0196304321289063 0.0637130737304688 0.028045654296875
-0.0836257934570312 -0.0754318237304688 0.0614547729492187 0.077911376953125
-0.03106689453125 -0.128623962402344 0.0299453735351563 0.114646911621094
0.000656127929687512 -0.124214172363281 -0.035491943359375 0.144500732421875
-0.00723266601562499 -0.15380859375 0.119873046875 -0.0488967895507813
-0.0540390014648437 -0.140518188476562 0.0587806701660156 -0.0445022583007813
-0.101188659667969 -0.0850906372070312 0.031341552734375 -0.0142269134521484
-0.119354248046875 -0.00301361083984374 0.0441551208496094 -0.007843017578125
-0.0855255126953125 0.0560531616210937 0.0477180480957031 -0.0399818420410156
-0.0376434326171875 0.105552673339844 0.0273170471191406 -0.05126953125
0.00997161865234376 0.101036071777344 0.00861358642578125 -0.0600433349609375
0.00912475585937499 0.0952911376953125 0.00267791748046875 -0.0623741149902344
0.0075531005859375 0.106544494628906 0.0182838439941406 -0.06256103515625
-0.0212860107421875 0.106765747070312 0.0448417663574219 -0.0511589050292969
-0.0700607299804687 0.0769729614257813 0.064483642578125 -0.0368766784667969
-0.103660583496094 0.0341873168945313 0.0787124633789063 0.0078582763671875
-0.100334167480469 -0.0613174438476562 0.0713653564453125 0.0637283325195313
-0.0602569580078125 -0.127708435058594 0.0242691040039063 0.08538818359375
-0.0285110473632812 -0.139854431152344 -0.0255584716796875 0.0981216430664062
-0.0457763671875 -0.144317626953125 0.111465454101563 -0.0833587646484375
-0.0841217041015625 -0.107536315917969 0.0453910827636719 -0.0564689636230469
-0.101005554199219 -0.041107177734375 0.0301017761230469 -0.0140495300292969
-0.091522216796875 0.02545166015625 0.0558242797851562 -0.014801025390625
-0.0523300170898437 0.0556144714355469 0.055419921875 -0.0565986633300781
-0.0101165771484375 0.0819625854492188 0.0269546508789063 -0.0810470581054688
0.0185699462890625 0.0704116821289063 -0.00780487060546875 -0.0896682739257813
0.0170364379882813 0.0677719116210937 -0.0174942016601563 -0.0903091430664063
0.0168685913085938 0.0765151977539063 -0.00138092041015626 -0.0920028686523438
-0.004486083984375 0.0786209106445313 0.0360641479492187 -0.085418701171875
-0.0436553955078125 0.0640335083007813 0.0649185180664063 -0.0625114440917969
-0.0739288330078125 0.0397262573242188 0.0813751220703125 -0.0103225708007812
-0.0876998901367188 -0.0353164672851563 0.0681266784667969 0.0431900024414062
-0.07293701171875 -0.1011962890625 0.0111007690429687 0.0492362976074219
-0.0514755249023437 -0.127143859863281 -0.0225563049316406 0.0480690002441406
-0.0728836059570312 -0.116165161132813 0.0943832397460938 -0.117233276367188
-0.097991943359375 -0.0657958984375 0.0277595520019531 -0.0693550109863281
-0.089630126953125 -0.00138092041015626 0.0238418579101562 -0.0163631439208984
-0.0537872314453125 0.0457687377929688 0.0558853149414063 -0.0246658325195312
-0.0133552551269531 0.0509109497070312 0.0494346618652344 -0.0680389404296875
0.017486572265625 0.0483245849609375 0.0142288208007812 -0.09613037109375
0.0262603759765625 0.0286960601806641 -0.0235137939453125 -0.10284423828125
0.0232868194580078 0.0308837890625 -0.0354156494140625 -0.102508544921875
0.0210609436035156 0.036468505859375 -0.0171585083007813 -0.107101440429688
0.0132579803466797 0.0344581604003906 0.0262374877929688 -0.103286743164063
-0.00703811645507813 0.0364761352539063 0.0587615966796875 -0.0746841430664063
-0.0269126892089844 0.0356521606445313 0.0768814086914063 -0.0209884643554687
-0.05535888671875 -0.000442504882812498 0.0562400817871094 0.0292854309082031
-0.071929931640625 -0.049285888671875 -0.00825500488281251 0.0237979888916016
-0.070709228515625 -0.0873031616210938 -0.02618408203125 0.00405883789062499
-0.0864181518554688 -0.0718460083007812 0.075469970703125 -0.144332885742188
-0.0912857055664063 -0.0238189697265625 0.0125503540039063 -0.083770751953125
-0.0663032531738281 0.0289230346679688 0.00834846496582031 -0.0264644622802734
-0.0177574157714844 0.05328369140625 0.042877197265625 -0.0353317260742188
0.0204048156738281 0.037200927734375 0.0303153991699219 -0.0695838928222656
0.0349998474121094 0.0122528076171875 -0.00429534912109375 -0.097320556640625
0.0262203216552734 -0.0132026672363281 -0.03875732421875 -0.100166320800781
0.0218620300292969 -0.00910186767578125 -0.0500946044921875 -0.0997772216796875
0.0228271484375 -0.0105915069580078 -0.0276718139648437 -0.107376098632813
0.0314159393310547 -0.0118560791015625 0.0214004516601563 -0.104080200195313
0.0330295562744141 0.00560951232910156 0.0513076782226563 -0.0708770751953125
0.0229911804199219 0.0304660797119141 0.0666618347167969 -0.0187454223632812
-0.0185012817382813 0.0386619567871094 0.0396957397460938 0.0211906433105469
-0.0674781799316406 0.00969314575195313 -0.0229911804199219 0.0055999755859375
-0.088104248046875 -0.0347900390625 -0.0346279144287109 -0.0268287658691406
0.0864105224609375 -0.030303955078125 0.0559768676757813 0.0313644409179688
0.04998779296875 -0.0925445556640625 0.0397796630859375 -0.00746536254882813
-0.038665771484375 -0.0826797485351563 -0.02032470703125 -0.0300979614257813
-0.0790252685546875 -0.02154541015625 -0.06109619140625 0.0138931274414063
-0.0646896362304688 0.0242538452148438 -0.0438690185546875 0.0546035766601563
-0.0373878479003906 0.0626144409179688 -0.0061798095703125 0.0943069458007813
-0.00999450683593751 0.0650138854980469 0.03582763671875 0.095123291015625
-0.0172004699707031 0.0554962158203125 0.0528411865234375 0.0798797607421875
-0.0282478332519531 0.0583572387695313 0.0427474975585938 0.0764007568359375
-0.0502777099609375 0.0343055725097656 0.0148544311523437 0.0775375366210938
-0.0524482727050781 -0.0103034973144531 0.000919342041015621 0.0617218017578125
-0.0293045043945313 -0.0402679443359375 -0.00568008422851562 0.0448875427246094
0.028961181640625 -0.0505256652832031 -0.000858306884765624 0.0582771301269531
0.0738601684570313 -0.0181732177734375 0.00812530517578125 0.116737365722656
0.0690803527832031 0.0242271423339844 -0.078521728515625 0.172866821289063
0.0833892822265625 -0.0824050903320313 0.0757293701171875 0.0208282470703125
0.0354232788085937 -0.1339111328125 0.0482063293457031 -0.0138664245605469
-0.0607986450195312 -0.111343383789063 -0.00477027893066407 -0.0292186737060547
-0.113029479980469 -0.0285186767578125 -0.0384101867675781 0.00446319580078124
-0.093536376953125 0.0380859375 -0.0258960723876953 0.0309391021728516
-0.0501480102539062 0.0959014892578125 0.000835418701171877 0.0655517578125
-0.00612640380859375 0.0981369018554688 0.0311012268066406 0.0634040832519531
-0.0119247436523437 0.0850067138671875 0.0478858947753906 0.0483627319335938
-0.0225601196289063 0.0931243896484375 0.0458793640136719 0.0475921630859375
-0.0528335571289063 0.0705032348632813 0.0307083129882812 0.0539970397949219
-0.07269287109375 0.0178756713867188 0.0231704711914062 0.0464248657226563
-0.0631752014160156 -0.0245018005371094 0.0200614929199219 0.0449104309082031
-0.00942611694335937 -0.0672416687011719 0.0231781005859375 0.0725784301757812
0.0452651977539063 -0.0649070739746094 0.0226898193359375 0.128776550292969
0.0558128356933594 -0.0319061279296875 -0.0598602294921875 0.182266235351563
0.0666275024414063 -0.122528076171875 0.0954360961914062 -0.00109100341796876
0.01416015625 -0.157455444335938 0.0548782348632813 -0.0258407592773438
-0.077911376953125 -0.123886108398438 0.00853347778320312 -0.02777099609375
-0.132034301757813 -0.0315704345703125 -0.0124063491821289 -0.00240898132324219
-0.109596252441406 0.0470352172851563 -0.00236940383911133 0.00442123413085938
-0.0568389892578125 0.115753173828125 0.00768661499023437 0.0262374877929688
-0.00291442871093751 0.11566162109375 0.02276611328125 0.0223560333251953
-0.00485229492187501 0.102188110351563 0.0354080200195312 0.0101737976074219
-0.0118560791015625 0.114028930664063 0.0399322509765625 0.0106582641601563
-0.047698974609375 0.0980758666992188 0.0400009155273438 0.0206451416015625
-0.0834884643554688 0.0484619140625 0.0427360534667969 0.0219306945800781
-0.0919723510742187 -0.00302886962890624 0.0457191467285156 0.0370140075683594
-0.0510177612304687 -0.0776824951171875 0.0476226806640625 0.0792770385742188
0.0074920654296875 -0.105842590332031 0.032562255859375 0.127479553222656
0.0333633422851563 -0.0859375 -0.042083740234375 0.17138671875
0.035400390625 -0.145431518554688 0.109748840332031 -0.0314407348632813
-0.0163421630859375 -0.1572265625 0.0569686889648438 -0.0400047302246094
-0.0909423828125 -0.113433837890625 0.0194530487060547 -0.0247631072998047
-0.133590698242188 -0.0231781005859375 0.0157470703125 -0.00773334503173828
-0.107284545898438 0.0515823364257813 0.0221176147460937 -0.0201396942138672
-0.0515060424804688 0.1181640625 0.0160560607910156 -0.0151710510253906
0.00364685058593751 0.115509033203125 0.0124721527099609 -0.0224628448486328
0.00304412841796875 0.104598999023438 0.0168609619140625 -0.0289516448974609
-0.00127410888671875 0.118972778320313 0.0271339416503906 -0.0291805267333984
-0.0362548828125 0.11114501953125 0.0425071716308594 -0.0179901123046875
-0.083984375 0.068756103515625 0.0559654235839844 -0.0110130310058594
-0.107177734375 0.0186996459960938 0.0660514831542969 0.0196571350097656
-0.08428955078125 -0.0770339965820313 0.0662078857421875 0.0721664428710938
-0.0294342041015625 -0.129066467285156 0.035736083984375 0.109512329101562
0.00554656982421876 -0.12322998046875 -0.0268630981445312 0.140007019042969
-0.003204345703125 -0.149429321289063 0.115852355957031 -0.0635986328125
-0.0501861572265625 -0.135887145996094 0.0536689758300781 -0.0541839599609375
-0.097869873046875 -0.0817947387695312 0.0255260467529297 -0.0212726593017578
-0.117752075195313 -0.00320434570312499 0.0398292541503906 -0.0140838623046875
-0.0859909057617188 0.0537338256835937 0.0414314270019531 -0.0444793701171875
-0.0353469848632813 0.104362487792969 0.0199966430664062 -0.0534133911132813
0.009246826171875 0.098052978515625 -0.000823974609375001 -0.0597190856933594
0.00890350341796874 0.0922393798828125 -0.00401306152343749 -0.0639801025390625
0.00837707519531251 0.105339050292969 0.00890731811523437 -0.0657005310058594
-0.0209808349609375 0.102615356445313 0.0364265441894531 -0.0571670532226563
-0.0686492919921875 0.0729522705078125 0.0610618591308594 -0.0439376831054688
-0.10028076171875 0.0330276489257813 0.0780029296875 -0.001861572265625
-0.0960617065429687 -0.0619659423828125 0.0744400024414062 0.0548248291015625
-0.0573196411132812 -0.12615966796875 0.0290374755859375 0.0780792236328125
-0.0218124389648437 -0.134574890136719 -0.0179901123046875 0.0948104858398438
-0.0438156127929687 -0.134857177734375 0.109176635742188 -0.0950927734375
-0.0788421630859375 -0.0994338989257812 0.0426254272460937 -0.064849853515625
-0.0949630737304687 -0.0394363403320313 0.0269908905029297 -0.0182533264160156
-0.0845565795898438 0.0219497680664063 0.0533714294433594 -0.0212860107421875
-0.0503044128417969 0.0516624450683594 0.0495986938476563 -0.0615806579589844
-0.011871337890625 0.077056884765625 0.0175704956054687 -0.0818099975585938
0.0153579711914062 0.0652313232421875 -0.0147476196289062 -0.0877609252929687
0.0152091979980469 0.0645866394042969 -0.0254592895507813 -0.0879592895507813
0.014068603515625 0.074127197265625 -0.00945281982421876 -0.092742919921875
-0.00626373291015626 0.0732345581054688 0.0282363891601563 -0.0889053344726563
-0.0429229736328125 0.0580024719238281 0.0584373474121094 -0.0680313110351563
-0.0688934326171875 0.0352363586425781 0.0787734985351563 -0.018463134765625
-0.0810775756835938 -0.0345687866210938 0.0707244873046875 0.036773681640625
-0.0672225952148438 -0.0944366455078125 0.0148086547851562 0.0443305969238281
-0.0467300415039063 -0.116928100585938 -0.0139198303222656 0.0457725524902344
-0.0723953247070313 -0.103569030761719 0.0940628051757812 -0.1246337890625
-0.0925369262695312 -0.055755615234375 0.0284805297851562 -0.0756683349609375
-0.0817413330078125 0.00170898437499999 0.0205059051513672 -0.0208091735839844
-0.0457420349121094 0.04205322265625 0.0533790588378906 -0.0289344787597656
-0.01116943359375 0.044036865234375 0.0437889099121094 -0.0701446533203125
0.0137405395507813 0.0424270629882813 0.00828552246093749 -0.0954666137695313
0.0198554992675781 0.025360107421875 -0.0297775268554688 -0.100746154785156
0.0168800354003906 0.0272407531738281 -0.0410385131835937 -0.0992660522460938
0.0159511566162109 0.0322856903076172 -0.0229339599609375 -0.10595703125
0.00928688049316406 0.0293140411376953 0.0211257934570312 -0.105270385742188
-0.00758934020996094 0.0290508270263672 0.0545272827148438 -0.0779953002929688
-0.0230655670166016 0.0288448333740234 0.0740966796875 -0.0257339477539062
-0.0470848083496094 -0.000583648681640621 0.0561447143554688 0.0231590270996094
-0.0645294189453125 -0.042510986328125 -0.00128746032714844 0.0191593170166016
-0.0663528442382812 -0.0766448974609375 -0.0163164138793945 0.00611019134521484
-0.0876846313476563 -0.0603790283203125 0.073486328125 -0.150146484375
-0.08624267578125 -0.0127334594726562 0.0123138427734375 -0.089691162109375
-0.0593032836914062 0.0341835021972656 0.00625419616699219 -0.0289115905761719
-0.007598876953125 0.0510025024414063 0.0390090942382813 -0.0366592407226563
0.0242481231689453 0.0305671691894531 0.0271720886230469 -0.0692558288574219
0.033477783203125 0.0041656494140625 -0.00714111328124999 -0.0955123901367188
0.0196418762207031 -0.0171012878417969 -0.04144287109375 -0.0969085693359375
0.0165672302246094 -0.0122833251953125 -0.0502395629882813 -0.0962677001953125
0.0153303146362305 -0.0146760940551758 -0.0297317504882812 -0.103866577148438
0.0232257843017578 -0.0189399719238281 0.017303466796875 -0.104896545410156
0.0304756164550781 -0.00274658203125 0.0489883422851563 -0.07305908203125
0.0271396636962891 0.0224266052246094 0.0649375915527344 -0.0229682922363281
-0.00904083251953125 0.0384712219238281 0.0391807556152344 0.0174789428710938
-0.0575599670410156 0.0192070007324219 -0.0169000625610352 0.00417041778564453
-0.0812606811523438 -0.023345947265625 -0.0245552062988281 -0.0203399658203125
0.0822525024414063 -0.037841796875 0.0454902648925781 0.0277252197265625
0.0406341552734375 -0.09381103515625 0.0323162078857422 -0.00757026672363282
-0.0433349609375 -0.0771713256835937 -0.0222663879394531 -0.0274810791015625
-0.078338623046875 -0.0139923095703125 -0.0593528747558594 0.0146026611328125
-0.0606231689453125 0.0289573669433594 -0.0436935424804688 0.0534324645996094
-0.0300521850585938 0.0646018981933594 -0.00617980957031251 0.0928268432617188
-0.00421524047851563 0.065277099609375 0.03338623046875 0.0934066772460938
-0.0113563537597656 0.0555686950683594 0.0496902465820313 0.0776901245117188
-0.0212669372558594 0.0599746704101563 0.03912353515625 0.0749359130859375
-0.0459938049316406 0.0385475158691406 0.0114669799804688 0.0736770629882813
-0.0542106628417969 -0.00429534912109376 0.000450134277343741 0.0575714111328125
-0.0337142944335938 -0.03790283203125 -0.00432968139648438 0.0423583984375
0.0226860046386719 -0.0545730590820313 0.00102996826171875 0.0590858459472656
0.0697250366210938 -0.0277976989746094 0.00707244873046876 0.116950988769531
0.0698280334472656 0.0152244567871094 -0.081329345703125 0.17138671875
0.0819931030273438 -0.0876998901367187 0.0635871887207031 0.0155448913574219
0.0283432006835937 -0.134780883789062 0.0395164489746094 -0.0145378112792969
-0.0645370483398437 -0.106399536132813 -0.00761985778808594 -0.0286712646484375
-0.112022399902344 -0.0224990844726563 -0.0388717651367188 0.00475311279296875
-0.0902099609375 0.0418014526367188 -0.0279769897460938 0.0289535522460938
-0.0439605712890625 0.0969467163085938 -0.00204086303710938 0.0633811950683594
-0.0019378662109375 0.0968856811523438 0.0263519287109375 0.0626983642578125
-0.00772094726562499 0.0850143432617188 0.0417938232421875 0.0479698181152344
-0.0171890258789063 0.0932235717773437 0.0399284362792969 0.0459365844726563
-0.0498733520507813 0.0727157592773438 0.0255317687988281 0.0500221252441406
-0.0740203857421875 0.0218734741210937 0.021820068359375 0.0412521362304688
-0.0663032531738281 -0.0237274169921875 0.0212974548339844 0.0409126281738281
-0.0125045776367188 -0.0720748901367188 0.0252532958984375 0.0716705322265625
0.0437774658203125 -0.0728225708007813 0.0226516723632812 0.126663208007813
0.0596847534179687 -0.0396080017089844 -0.060394287109375 0.178359985351563
0.0681686401367188 -0.124801635742188 0.0839385986328125 -0.00838470458984376
0.011322021484375 -0.157669067382813 0.0460891723632813 -0.0279808044433594
-0.079254150390625 -0.121681213378906 0.00478935241699218 -0.0279903411865234
-0.130813598632813 -0.0276870727539062 -0.0141992568969727 -0.00380325317382813
-0.10748291015625 0.048248291015625 -0.0066676139831543 0.00243043899536133
-0.0524520874023437 0.114944458007812 0.003692626953125 0.0249958038330078
-0.000335693359375007 0.114730834960938 0.0162811279296875 0.0228767395019531
-0.00296783447265625 0.101966857910156 0.0281620025634766 0.0109596252441406
-0.00963592529296876 0.113670349121094 0.0333919525146484 0.00889205932617188
-0.0464324951171875 0.0990219116210938 0.0342445373535156 0.0168743133544922
-0.0854339599609375 0.0487594604492187 0.0405845642089844 0.0155181884765625
-0.0941390991210938 -0.00362396240234377 0.0459518432617187 0.03125
-0.0514602661132812 -0.0822982788085938 0.0497894287109375 0.0748443603515625
0.00901031494140625 -0.111259460449219 0.03350830078125 0.123580932617188
0.0395431518554688 -0.08941650390625 -0.040557861328125 0.165573120117187
0.040283203125 -0.144668579101562 0.100357055664062 -0.0392379760742188
-0.0142822265625 -0.157073974609375 0.0496025085449219 -0.0436439514160156
-0.0895156860351563 -0.114250183105469 0.0148334503173828 -0.0266742706298828
-0.132438659667969 -0.0225448608398437 0.0122413635253906 -0.0107364654541016
-0.106216430664063 0.0505142211914063 0.0164833068847656 -0.0237789154052734
-0.0502395629882813 0.116859436035156 0.0101613998413086 -0.0160646438598633
0.002044677734375 0.114601135253906 0.00487518310546875 -0.0205078125
0.00213623046874999 0.103973388671875 0.00979423522949219 -0.0277462005615234
-0.00112915039062501 0.117713928222656 0.0199947357177734 -0.0298137664794922
-0.0370330810546875 0.109764099121094 0.0352287292480469 -0.0219230651855469
-0.0850830078125 0.0674896240234375 0.0525169372558594 -0.016204833984375
-0.10723876953125 0.015838623046875 0.0653228759765625 0.0134506225585938
-0.0821914672851563 -0.0804061889648438 0.0676765441894531 0.0670661926269531
-0.0260467529296875 -0.131912231445313 0.0369186401367188 0.103347778320312
0.013519287109375 -0.12310791015625 -0.0234375 0.133438110351563
0.003204345703125 -0.145248413085938 0.108489990234375 -0.07220458984375
-0.0446243286132812 -0.134819030761719 0.0477294921875 -0.0585517883300781
-0.09307861328125 -0.0844573974609375 0.0220832824707031 -0.0243072509765625
-0.113899230957031 -0.00646209716796877 0.0360221862792969 -0.0175094604492188
-0.086029052734375 0.0500564575195313 0.0358619689941406 -0.0471916198730469
-0.0368499755859375 0.100753784179688 0.0144462585449219 -0.0541610717773437
0.00589752197265624 0.096435546875 -0.00719070434570312 -0.0587997436523437
0.006317138671875 0.0900955200195313 -0.0102386474609375 -0.0616950988769531
0.00625610351562501 0.102485656738281 0.00279617309570312 -0.065277099609375
-0.0240859985351563 0.100112915039063 0.0301666259765625 -0.0600204467773437
-0.0703506469726563 0.0687179565429688 0.0560226440429687 -0.0478439331054687
-0.0984344482421875 0.0280227661132812 0.0756072998046875 -0.00756072998046875
-0.0909957885742188 -0.0649948120117188 0.074249267578125 0.0492477416992187
-0.0507583618164062 -0.125526428222656 0.030975341796875 0.07171630859375
-0.013458251953125 -0.1309814453125 -0.0126571655273438 0.0886688232421875
-0.0354537963867187 -0.127456665039063 0.1063232421875 -0.102264404296875
-0.0699386596679687 -0.095703125 0.0406761169433594 -0.0700111389160156
-0.087493896484375 -0.0414276123046875 0.0238227844238281 -0.0226097106933594
-0.0805587768554688 0.0159835815429687 0.0500144958496094 -0.0240364074707031
-0.0510215759277344 0.0459785461425781 0.0445747375488281 -0.062591552734375
-0.0146942138671875 0.0728302001953125 0.0131683349609375 -0.0813980102539063
0.00942611694335938 0.064239501953125 -0.0190200805664062 -0.085662841796875
0.0103874206542969 0.0627899169921875 -0.02850341796875 -0.0858993530273438
0.00904083251953125 0.0724029541015625 -0.0138702392578125 -0.0909500122070313
-0.01123046875 0.0692100524902344 0.0226669311523438 -0.0895538330078125
-0.0443077087402344 0.0522918701171875 0.0546798706054688 -0.070343017578125
-0.06707763671875 0.0290985107421875 0.0768814086914062 -0.0233001708984375
-0.0740203857421875 -0.0386123657226563 0.06884765625 0.0312232971191406
-0.0597457885742188 -0.0926513671875 0.0169143676757812 0.0392227172851562
-0.0372772216796875 -0.111045837402344 -0.00695419311523437 0.0420188903808594
-0.0663909912109375 -0.0955352783203125 0.0944061279296875 -0.129592895507813
-0.0831527709960938 -0.0507431030273438 0.0283203125 -0.080657958984375
-0.0731353759765625 0.00179290771484376 0.0176982879638672 -0.0243339538574219
-0.0403633117675781 0.0360107421875 0.0498199462890625 -0.0309219360351562
-0.0109939575195313 0.0380134582519531 0.0408515930175781 -0.0696258544921875
0.00869369506835937 0.0367889404296875 0.00536346435546875 -0.0940628051757813
0.0129356384277344 0.0238666534423828 -0.03082275390625 -0.0979080200195313
0.011627197265625 0.0264472961425781 -0.0422515869140625 -0.0966873168945313
0.009765625 0.0306491851806641 -0.0251922607421875 -0.104148864746094
0.00213623046875 0.0253562927246094 0.0179901123046875 -0.104827880859375
-0.0108108520507813 0.0227489471435547 0.0513687133789063 -0.0786361694335938
-0.0216941833496094 0.0213432312011719 0.07171630859375 -0.0284576416015625
-0.0396308898925781 -0.00421524047851563 0.0555953979492188 0.0192527770996094
-0.0555152893066406 -0.0389785766601562 0.00173854827880859 0.0145540237426758
-0.0568428039550781 -0.0688934326171875 -0.00750112533569336 0.004180908203125
-0.084228515625 -0.0514602661132812 0.0762786865234375 -0.15234375
-0.078887939453125 -0.00634765624999999 0.0135574340820313 -0.0936203002929688
-0.0516281127929688 0.0360374450683594 0.00399780273437499 -0.0308494567871094
-0.00177764892578125 0.0460700988769531 0.0362472534179687 -0.0376205444335938
0.0241870880126953 0.02374267578125 0.0252494812011719 -0.0671920776367188
0.0284004211425781 -0.00141334533691406 -0.00777435302734376 -0.0923309326171875
0.0134468078613281 -0.0185317993164063 -0.0399551391601563 -0.0941009521484375
0.0117225646972656 -0.0138301849365234 -0.0493011474609375 -0.09295654296875
0.00888633728027344 -0.0157003402709961 -0.0290145874023438 -0.102401733398438
0.0165557861328125 -0.0223197937011719 0.0158767700195312 -0.103630065917969
0.0264453887939453 -0.0088958740234375 0.0471115112304688 -0.0718765258789063
0.0282020568847656 0.0144863128662109 0.0626068115234375 -0.0236549377441406
-0.00261497497558593 0.0342121124267578 0.0388908386230469 0.0146751403808594
-0.048370361328125 0.0217552185058594 -0.0122451782226563 0.00221633911132812
-0.0725555419921875 -0.015380859375 -0.0137424468994141 -0.0192604064941406
0.0795059204101562 -0.0421829223632812 0.0348892211914063 0.0275821685791016
0.0347366333007813 -0.0940170288085938 0.0267276763916016 -0.00533485412597657
-0.0459442138671875 -0.0739898681640625 -0.0232925415039063 -0.0265216827392578
-0.0774917602539063 -0.0100021362304687 -0.0595436096191406 0.0139999389648437
-0.0586318969726563 0.0317573547363281 -0.045623779296875 0.0523414611816406
-0.0250129699707031 0.0649948120117188 -0.00886535644531251 0.0920333862304688
-0.000446319580078129 0.0650177001953125 0.0300140380859375 0.0947723388671875
-0.00748443603515625 0.0559120178222656 0.044830322265625 0.0785446166992188
-0.0164413452148438 0.0608596801757813 0.0345993041992187 0.0760498046875
-0.0433120727539063 0.0421142578125 0.00750732421874999 0.0737228393554688
-0.0547866821289063 -3.81469726562386E-05 -0.00164031982421875 0.0554122924804688
-0.0369453430175781 -0.0361328125 -0.00366973876953126 0.0406608581542969
0.0183143615722656 -0.0571975708007812 0.00136947631835937 0.0607032775878906
0.066864013671875 -0.03338623046875 0.00363159179687501 0.119422912597656
0.070098876953125 0.00891494750976563 -0.0874786376953125 0.17083740234375
0.0830307006835938 -0.091583251953125 0.0525588989257813 0.0143966674804687
0.0257720947265625 -0.136062622070313 0.0333805084228516 -0.0132579803466797
-0.0661392211914062 -0.105735778808594 -0.00965499877929688 -0.0282783508300781
-0.111526489257813 -0.02056884765625 -0.0401573181152344 0.00364303588867187
-0.089447021484375 0.0432586669921875 -0.0311508178710938 0.0267868041992187
-0.040740966796875 0.0971527099609375 -0.0058135986328125 0.0627174377441406
-0.000259399414062505 0.0975570678710938 0.0212211608886719 0.0649566650390625
-0.006103515625 0.085906982421875 0.036956787109375 0.0497817993164063
-0.0146331787109375 0.09478759765625 0.0341148376464844 0.0471763610839844
-0.049468994140625 0.0750808715820313 0.0197525024414062 0.0489044189453125
-0.0770034790039063 0.0241928100585938 0.018768310546875 0.0380516052246094
-0.0693321228027344 -0.0249710083007812 0.0207252502441406 0.0375709533691406
-0.0145492553710938 -0.07733154296875 0.0258636474609375 0.0713043212890625
0.0444717407226563 -0.0793304443359375 0.0199508666992188 0.127525329589844
0.0640411376953125 -0.0449333190917969 -0.066131591796875 0.175796508789062
0.0736541748046875 -0.128746032714844 0.0741195678710937 -0.0101776123046875
0.012054443359375 -0.16009521484375 0.0392646789550781 -0.0275917053222656
-0.0788421630859375 -0.123176574707031 0.00148582458496093 -0.0287837982177734
-0.131095886230469 -0.0284957885742187 -0.0164299011230469 -0.00519275665283203
-0.108596801757812 0.0476760864257813 -0.0103054046630859 0.000550270080566407
-0.0512466430664063 0.114906311035156 -0.000255584716796877 0.0251293182373047
-0.00103759765625001 0.115890502929687 0.0108108520507813 0.0251560211181641
-0.00372314453124999 0.103179931640625 0.0219497680664062 0.0131359100341797
-0.0096282958984375 0.115325927734375 0.0267333984375 0.00991058349609376
-0.0477218627929687 0.100517272949219 0.0277118682861328 0.0155277252197266
-0.0891571044921875 0.04840087890625 0.0373382568359375 0.0122413635253906
-0.0969619750976563 -0.00718688964843749 0.0453071594238281 0.0278205871582031
-0.0515365600585938 -0.0883026123046875 0.0497283935546875 0.0739822387695313
0.0118942260742188 -0.117866516113281 0.0313796997070313 0.122444152832031
0.0464706420898438 -0.09423828125 -0.0439300537109375 0.162033081054688
0.0489501953125 -0.147186279296875 0.092803955078125 -0.0418167114257813
-0.00955200195312501 -0.160919189453125 0.0431709289550781 -0.0451583862304688
-0.0873794555664063 -0.11865234375 0.0112533569335937 -0.0275497436523438
-0.132621765136719 -0.0265121459960937 0.00918102264404296 -0.0119829177856445
-0.10894775390625 0.049224853515625 0.0125141143798828 -0.0254592895507812
-0.0521774291992187 0.11590576171875 0.00550365447998047 -0.0160579681396484
-0.000877380371093746 0.116020202636719 -0.000185012817382813 -0.0184459686279297
-0.000808715820312507 0.105010986328125 0.00450897216796875 -0.0253562927246094
-0.00345611572265625 0.118362426757813 0.0144805908203125 -0.0290069580078125
-0.0401992797851562 0.109954833984375 0.0290069580078125 -0.0234088897705078
-0.0891799926757813 0.0653610229492188 0.0490379333496094 -0.0194892883300781
-0.109626770019531 0.0109634399414062 0.0641555786132813 0.00973892211914063
-0.0797653198242188 -0.0873031616210938 0.0670280456542969 0.0642204284667969
-0.020599365234375 -0.137779235839844 0.0355072021484375 0.100601196289062
0.022857666015625 -0.126350402832031 -0.0245895385742188 0.128753662109375
0.0130767822265625 -0.145828247070312 0.105033874511719 -0.076202392578125
-0.0366744995117188 -0.137687683105469 0.0440826416015625 -0.0615234375
-0.0892105102539062 -0.09100341796875 0.0179157257080078 -0.025970458984375
-0.114692687988281 -0.0124740600585938 0.0326881408691406 -0.0193138122558594
-0.0896987915039063 0.0461502075195312 0.0319786071777344 -0.0478439331054687
-0.041168212890625 0.0996932983398437 0.0105361938476563 -0.0540733337402344
0.000923156738281259 0.097564697265625 -0.0108909606933594 -0.0565872192382812
0.00263214111328126 0.09088134765625 -0.0140495300292969 -0.0596694946289063
0.001190185546875 0.104171752929688 -0.00118637084960937 -0.0643844604492187
-0.029266357421875 0.0988006591796875 0.0258712768554688 -0.060821533203125
-0.0751419067382813 0.0656051635742187 0.0537605285644531 -0.0502815246582031
-0.100860595703125 0.02203369140625 0.0739593505859375 -0.0105972290039063
-0.0874786376953125 -0.0723114013671875 0.07305908203125 0.0465087890625
-0.0437240600585938 -0.129661560058594 0.0304374694824219 0.06817626953125
-0.00286865234375001 -0.132377624511719 -0.010650634765625 0.0834121704101562
-0.025115966796875 -0.125946044921875 0.106620788574219 -0.10693359375
-0.0607833862304688 -0.097503662109375 0.0394363403320313 -0.07415771484375
-0.0823593139648437 -0.0473403930664063 0.0206966400146484 -0.0248947143554688
-0.0798568725585938 0.00894927978515626 0.0469322204589844 -0.0262908935546875
-0.0543670654296875 0.0413627624511719 0.0423965454101563 -0.0632514953613281
-0.0205459594726563 0.0706253051757813 0.010711669921875 -0.0816268920898438
0.00403594970703125 0.0656471252441406 -0.0211257934570312 -0.0849151611328125
0.00487899780273437 0.0637702941894531 -0.0301437377929687 -0.0838699340820313
0.00359344482421876 0.0727462768554688 -0.0152435302734375 -0.0908432006835938
-0.0172691345214844 0.0677108764648438 0.020538330078125 -0.08978271484375
-0.0489501953125 0.047119140625 0.0533447265625 -0.0719680786132813
-0.0684814453125 0.0218696594238281 0.0754928588867188 -0.0252761840820313
-0.0691986083984375 -0.0449333190917969 0.0669631958007813 0.0284576416015625
-0.05120849609375 -0.0947189331054688 0.01751708984375 0.0346336364746094
-0.026153564453125 -0.110198974609375 -0.00243759155273438 0.0373382568359375
-0.0584564208984375 -0.0918960571289063 0.0986709594726562 -0.133438110351563
-0.0742263793945313 -0.0508346557617187 0.0298309326171875 -0.0857315063476563
-0.0669593811035156 -0.0020294189453125 0.0154628753662109 -0.02728271484375
-0.0384063720703125 0.029388427734375 0.0478172302246094 -0.0315284729003906
-0.0137500762939453 0.0321273803710938 0.0397605895996094 -0.0689697265625
0.00322341918945312 0.0340957641601563 0.00496673583984375 -0.0938568115234375
0.00685310363769531 0.0242881774902344 -0.0301666259765625 -0.097747802734375
0.00678825378417969 0.0267734527587891 -0.041534423828125 -0.095977783203125
0.00322914123535156 0.0310516357421875 -0.0245742797851563 -0.104423522949219
-0.00460052490234375 0.0237617492675781 0.017242431640625 -0.10479736328125
-0.0153636932373047 0.017155647277832 0.0508651733398438 -0.0792617797851563
-0.0226230621337891 0.0145492553710938 0.0711898803710938 -0.0290985107421875
-0.0342941284179688 -0.00956916809082031 0.0543899536132812 0.0171852111816406
-0.047271728515625 -0.0397453308105469 0.00375938415527343 0.0108261108398437
-0.0466041564941406 -0.0666351318359375 0.000155806541442868 0.00127387046813964
-0.0793991088867188 -0.0463790893554687 0.083038330078125 -0.15435791015625
-0.07330322265625 -0.00325775146484376 0.0164794921875 -0.09844970703125
-0.0457763671875 0.0354843139648438 0.00222969055175781 -0.032867431640625
0.00135421752929688 0.0414390563964844 0.0349960327148438 -0.0372123718261719
0.0234718322753906 0.0190200805664063 0.0257644653320312 -0.0653877258300781
0.0242271423339844 -0.00469589233398438 -0.00588226318359374 -0.0913162231445313
0.00795745849609375 -0.0186080932617188 -0.0363082885742187 -0.0952682495117188
0.00718784332275391 -0.01318359375 -0.0461196899414063 -0.09375
0.00322341918945312 -0.0157852172851563 -0.0268096923828125 -0.103660583496094
0.0107936859130859 -0.023681640625 0.017425537109375 -0.103782653808594
0.0223636627197266 -0.0139446258544922 0.0489273071289062 -0.0718994140625
0.0268001556396484 0.00873947143554688 0.0634918212890625 -0.0235099792480469
0.0019683837890625 0.0301456451416016 0.0384178161621094 0.0133857727050781
-0.0405235290527344 0.0220947265625 -0.00814485549926758 -0.00161027908325195
-0.0645065307617188 -0.0122947692871094 -0.0038909912109375 -0.0208816528320313
0.079498291015625 -0.0464019775390625 0.0255641937255859 0.0303936004638672
0.0309066772460938 -0.0961456298828125 0.0225429534912109 -0.00250625610351563
-0.0486831665039063 -0.0729141235351563 -0.0240077972412109 -0.0263195037841797
-0.0782394409179688 -0.00662994384765626 -0.0612983703613281 0.0131187438964844
-0.0574264526367188 0.0341911315917969 -0.0494575500488281 0.0524101257324219
-0.0216751098632813 0.0667152404785156 -0.0121688842773438 0.094635009765625
0.00279998779296875 0.0660743713378906 0.0275497436523438 0.0992507934570312
-0.0048675537109375 0.0569000244140625 0.04266357421875 0.0837478637695313
-0.01336669921875 0.0631141662597656 0.0317153930664062 0.080413818359375
-0.041778564453125 0.0456886291503906 0.00337982177734374 0.0762176513671875
-0.056976318359375 0.00382995605468751 -0.00450515747070312 0.0551719665527344
-0.0400772094726562 -0.0355720520019531 -0.00427627563476563 0.0400886535644531
0.014862060546875 -0.06060791015625 0.00173568725585938 0.0638961791992188
0.0655975341796875 -0.0391082763671875 0.000244140625000007 0.125556945800781
0.07171630859375 0.0038299560546875 -0.0980224609375 0.17498779296875
0.0860748291015625 -0.0976715087890625 0.0435714721679688 0.0152778625488281
0.0247650146484375 -0.1405029296875 0.0285110473632813 -0.0111293792724609
-0.0677871704101563 -0.108451843261719 -0.0112876892089844 -0.028656005859375
-0.113334655761719 -0.0199966430664063 -0.0420761108398438 0.00284957885742188
-0.0913314819335938 0.0449066162109375 -0.0355491638183594 0.027130126953125
-0.0396652221679687 0.099456787109375 -0.0100593566894531 0.0646400451660156
0.000610351562499993 0.100822448730469 0.0177993774414063 0.0698699951171875
-0.00484466552734374 0.088134765625 0.0327796936035156 0.0546531677246094
-0.0128631591796875 0.0980987548828125 0.0302658081054688 0.0501174926757813
-0.0504837036132813 0.0797195434570313 0.0150184631347656 0.0503311157226563
-0.0813674926757813 0.0267181396484375 0.0160751342773438 0.0367546081542969
-0.074676513671875 -0.0263900756835938 0.0207328796386719 0.0364189147949219
-0.0174560546875 -0.0842437744140625 0.0266342163085938 0.0739212036132813
0.0456924438476562 -0.0879898071289063 0.0178070068359375 0.132301330566406
0.0694847106933594 -0.0519790649414063 -0.07568359375 0.178634643554687
0.0807418823242188 -0.135337829589844 0.066925048828125 -0.0108871459960938
0.01385498046875 -0.16680908203125 0.0343837738037109 -0.0271701812744141
-0.0801162719726563 -0.128852844238281 -0.000236511230468752 -0.0288295745849609
-0.134330749511719 -0.0314407348632812 -0.0192680358886719 -0.00588607788085938
-0.112564086914063 0.048492431640625 -0.0148525238037109 -0.000537872314453122
-0.0528945922851563 0.11773681640625 -0.00519371032714844 0.02606201171875
-0.00177764892578126 0.120346069335938 0.00623321533203125 0.02880859375
-0.00449371337890624 0.107093811035156 0.0173625946044922 0.0172557830810547
-0.0103836059570313 0.11981201171875 0.0228481292724609 0.0125713348388672
-0.05096435546875 0.104667663574219 0.022552490234375 0.0164165496826172
-0.0955047607421875 0.0503387451171875 0.0351448059082031 0.0103607177734375
-0.103218078613281 -0.0108261108398438 0.0452919006347656 0.0256690979003906
-0.0534744262695313 -0.097808837890625 0.0509796142578125 0.0747756958007813
0.0153579711914062 -0.127998352050781 0.0293731689453125 0.125076293945313
0.055419921875 -0.102447509765625 -0.050323486328125 0.163284301757813
0.0589599609375 -0.153762817382813 0.0883026123046875 -0.0442962646484375
-0.0051116943359375 -0.169174194335938 0.0390777587890625 -0.0462760925292969
-0.0870819091796875 -0.127784729003906 0.0084228515625 -0.0287284851074219
-0.136894226074219 -0.031341552734375 0.00689506530761718 -0.0133018493652344
-0.115303039550781 0.0477676391601563 0.00851249694824218 -0.0269317626953125
-0.0567092895507812 0.118087768554688 0.00226974487304687 -0.0161275863647461
-0.00349426269531251 0.120849609375 -0.00394248962402344 -0.0152816772460937
-0.00384521484375001 0.109710693359375 0.000373840332031252 -0.0230216979980469
-0.0064544677734375 0.124122619628906 0.0103282928466797 -0.0283317565917969
-0.0452804565429688 0.114028930664062 0.025177001953125 -0.02410888671875
-0.0962371826171875 0.06549072265625 0.0476493835449219 -0.0221748352050781
-0.115684509277344 0.00640869140624999 0.0645790100097656 0.00682449340820312
-0.0815963745117188 -0.0977554321289062 0.0683937072753906 0.0643539428710938
-0.0163421630859375 -0.14825439453125 0.0344467163085938 0.101631164550781
0.03302001953125 -0.13427734375 -0.0279388427734375 0.128166198730469
0.0241851806640625 -0.15185546875 0.104118347167969 -0.0799789428710938
-0.0301055908203125 -0.146652221679688 0.042388916015625 -0.0648422241210938
-0.0875320434570313 -0.100936889648437 0.0158309936523437 -0.0273838043212891
-0.1187744140625 -0.0194015502929688 0.0310440063476562 -0.0202865600585938
-0.0971298217773438 0.0441131591796875 0.0304069519042969 -0.04986572265625
-0.0475311279296875 0.101860046386719 0.0081787109375 -0.0549087524414062
-0.00362396240234375 0.102897644042969 -0.013763427734375 -0.0560493469238281
-0.002044677734375 0.0956497192382813 -0.0166664123535156 -0.0590934753417969
-0.00363922119140624 0.108810424804688 -0.00374603271484375 -0.0655479431152344
-0.0355758666992188 0.101722717285156 0.0222587585449219 -0.0626754760742188
-0.0822677612304688 0.0641326904296875 0.053192138671875 -0.0535011291503906
-0.106117248535156 0.016082763671875 0.074615478515625 -0.0133438110351562
-0.0870895385742187 -0.08184814453125 0.0737533569335938 0.045928955078125
-0.03802490234375 -0.139472961425781 0.0296974182128906 0.0666656494140625
0.00833892822265624 -0.13885498046875 -0.0104904174804687 0.0813522338867187
-0.015228271484375 -0.129722595214844 0.110374450683594 -0.112419128417969
-0.0531768798828125 -0.10400390625 0.0394821166992187 -0.0797195434570313
-0.079376220703125 -0.0555191040039063 0.0188732147216797 -0.02734375
-0.0823440551757813 0.00176239013671875 0.0466346740722656 -0.027313232421875
-0.0607261657714844 0.0375137329101563 0.0414047241210937 -0.0652046203613281
-0.0277099609375 0.0714492797851563 0.0101242065429688 -0.0832748413085938
-0.00179672241210937 0.0699195861816406 -0.0224380493164063 -0.0859756469726562
0.00030136108398437 0.0675277709960938 -0.0314102172851563 -0.0855560302734375
-0.00225830078125 0.0767669677734375 -0.0167236328125 -0.0931167602539063
-0.0242691040039063 0.0698280334472656 0.019012451171875 -0.0927734375
-0.0557975769042969 0.0447235107421875 0.0538406372070312 -0.0747299194335937
-0.0727615356445313 0.0157470703125 0.07623291015625 -0.0274658203125
-0.0678520202636719 -0.0531349182128906 0.0676116943359375 0.02740478515625
-0.0444488525390625 -0.101486206054688 0.0180149078369141 0.0319271087646484
-0.0158615112304688 -0.114082336425781 0.00142860412597656 0.034027099609375
-0.0510330200195312 -0.0922775268554687 0.10589599609375 -0.1400146484375
-0.0681228637695313 -0.0537033081054687 0.0325241088867188 -0.0926589965820313
-0.0637893676757813 -0.00699234008789064 0.0142726898193359 -0.0293197631835937
-0.0387611389160156 0.0231208801269531 0.0477333068847656 -0.0328865051269531
-0.0175151824951172 0.0285396575927734 0.04046630859375 -0.07080078125
-0.00279808044433594 0.0333347320556641 0.00608825683593749 -0.0965423583984375
0.00146865844726562 0.0271873474121094 -0.0296707153320313 -0.100624084472656
0.0020599365234375 0.0295085906982422 -0.0412826538085938 -0.0988082885742187
-0.0024261474609375 0.0335807800292969 -0.0245895385742187 -0.108406066894531
-0.0112037658691406 0.0236778259277344 0.0181884765625 -0.108253479003906
-0.0209159851074219 0.0133991241455078 0.0530776977539063 -0.08184814453125
-0.0245475769042969 0.00907325744628907 0.0731353759765625 -0.0307464599609375
-0.0311775207519531 -0.0159950256347656 0.0546340942382812 0.0162162780761719
-0.0404396057128906 -0.0440254211425781 0.0045633316040039 0.00727510452270508
-0.0379142761230469 -0.0682411193847656 0.007049560546875 -0.00301074981689454
-0.0764007568359375 -0.0440750122070312 0.092193603515625 -0.160842895507813
-0.0689811706542969 -0.00322723388671876 0.019989013671875 -0.105010986328125
-0.0419502258300781 0.0344619750976563 0.00166702270507812 -0.0355606079101563
0.00358200073242187 0.0380363464355469 0.035430908203125 -0.0375862121582031
0.0221138000488281 0.0155830383300781 0.028106689453125 -0.0659713745117188
0.0201854705810547 -0.00675201416015625 -0.003082275390625 -0.0933685302734375
0.00436210632324219 -0.0180530548095703 -0.0341796875 -0.0992202758789063
0.00343799591064453 -0.0131235122680664 -0.044281005859375 -0.0980072021484375
-0.00148296356201172 -0.014491081237793 -0.0246734619140625 -0.108161926269531
0.00498580932617187 -0.0243682861328125 0.0204696655273437 -0.107994079589844
0.0185642242431641 -0.0174388885498047 0.0516738891601562 -0.0744476318359375
0.0259304046630859 0.00403404235839844 0.0660438537597656 -0.023895263671875
0.00527191162109375 0.0267677307128906 0.0389671325683594 0.0134010314941406
-0.0348033905029297 0.0212669372558594 -0.00569629669189453 -0.00564956665039062
-0.0586433410644531 -0.0106582641601562 0.00496482849121093 -0.0239543914794922
0.0789871215820313 -0.052215576171875 0.0176010131835938 0.03448486328125
0.0266342163085937 -0.100395202636719 0.0193805694580078 0.000494003295898431
-0.0539932250976562 -0.0728530883789063 -0.0260486602783203 -0.0265750885009766
-0.0798873901367188 -0.0024566650390625 -0.0639190673828125 0.0138206481933594
-0.0573768615722656 0.0391273498535156 -0.0532989501953125 0.0556678771972656
-0.0175323486328125 0.0696945190429688 -0.0136184692382812 0.100044250488281
0.00756072998046875 0.0687713623046875 0.0276565551757812 0.10736083984375
-0.000938415527343747 0.06024169921875 0.04290771484375 0.089996337890625
-0.00856018066406249 0.0662117004394531 0.0313262939453125 0.086456298828125
-0.0401191711425781 0.0506553649902344 0.000778198242187506 0.081390380859375
-0.059112548828125 0.00858306884765624 -0.00642395019531251 0.057342529296875
-0.0447654724121094 -0.0346336364746094 -0.00466156005859375 0.0409622192382812
0.0105400085449219 -0.0649642944335938 0.00372695922851563 0.0689811706542969
0.064727783203125 -0.045867919921875 0.000251770019531245 0.134468078613281
0.0745697021484375 -0.00225067138671875 -0.107086181640625 0.187057495117188
0.0897064208984375 -0.107185363769531 0.0362930297851563 0.0176849365234375
0.0213470458984375 -0.14898681640625 0.0250606536865234 -0.00851631164550782
-0.0738296508789063 -0.11248779296875 -0.0138397216796875 -0.0287551879882813
-0.118354797363281 -0.0183563232421875 -0.0456047058105469 0.00233459472656249
-0.0944290161132813 0.0495681762695313 -0.0400886535644531 0.0285453796386719
-0.037994384765625 0.104560852050781 -0.013397216796875 0.0689849853515625
0.00449371337890626 0.106414794921875 0.0164871215820312 0.076263427734375
-0.00234985351562501 0.0940093994140625 0.031402587890625 0.0608482360839844
-0.0104522705078125 0.104629516601562 0.02850341796875 0.0553741455078125
-0.0506973266601562 0.0865249633789063 0.0114974975585937 0.0543746948242188
-0.0868759155273438 0.0322341918945313 0.0150489807128906 0.0373497009277344
-0.08221435546875 -0.02667236328125 0.0213050842285156 0.0361785888671875
-0.0222396850585937 -0.09234619140625 0.02984619140625 0.0778350830078125
0.04534912109375 -0.0990753173828125 0.0179824829101563 0.140037536621094
0.0749282836914063 -0.061981201171875 -0.0828399658203125 0.188827514648438
0.086151123046875 -0.147552490234375 0.0607566833496094 -0.0116424560546875
0.0125579833984375 -0.178253173828125 0.0309562683105469 -0.0259532928466797
-0.0857315063476563 -0.137298583984375 -0.00314521789550782 -0.0296058654785156
-0.14190673828125 -0.0317230224609375 -0.0220699310302734 -0.00661087036132813
-0.118782043457031 0.0529251098632813 -0.0195217132568359 -0.000247955322265621
-0.0543441772460938 0.124435424804688 -0.00899505615234375 0.0283241271972656
-0.000137329101562511 0.127540588378906 0.00358390808105469 0.0341243743896484
-0.00307464599609376 0.11456298828125 0.0156002044677734 0.0217628479003906
-0.00888824462890624 0.128211975097656 0.0202522277832031 0.0154094696044922
-0.0532150268554688 0.113235473632813 0.0193099975585937 0.0178432464599609
-0.103363037109375 0.0557403564453125 0.0340995788574219 0.00872611999511719
-0.112396240234375 -0.011688232421875 0.0464134216308594 0.0235786437988281
-0.059661865234375 -0.107978820800781 0.0549087524414063 0.0774993896484375
0.0153656005859375 -0.142135620117188 0.0308151245117187 0.130889892578125
0.0622940063476563 -0.114517211914062 -0.0557708740234375 0.170989990234375
0.0666656494140625 -0.166412353515625 0.0855560302734375 -0.0485458374023438
-0.00439453125000001 -0.182357788085937 0.0363807678222656 -0.0482063293457031
-0.0923004150390625 -0.137992858886719 0.00571441650390625 -0.0299205780029297
-0.14593505859375 -0.0349578857421875 0.00430583953857421 -0.0149669647216797
-0.123985290527344 0.05108642578125 0.00533294677734374 -0.0282859802246094
-0.0599594116210937 0.125877380371094 -0.00199031829833985 -0.016326904296875
-0.0036773681640625 0.129928588867188 -0.00778484344482422 -0.013087272644043
-0.00388336181640625 0.118194580078125 -0.00331687927246094 -0.0200920104980469
-0.00687408447265624 0.133331298828125 0.00688362121582031 -0.0280914306640625
-0.0490341186523438 0.122360229492188 0.0217266082763672 -0.0249614715576172
-0.105331420898438 0.0703277587890625 0.0467338562011719 -0.025360107421875
-0.125991821289062 0.00471496582031251 0.0660400390625 0.00408554077148438
-0.0869598388671875 -0.108489990234375 0.071868896484375 0.0649795532226563
-0.0158538818359375 -0.162811279296875 0.0360488891601562 0.1044921875
0.04107666015625 -0.146759033203125 -0.0299606323242187 0.131866455078125
0.031951904296875 -0.162704467773438 0.105148315429688 -0.087677001953125
-0.027587890625 -0.158584594726563 0.0397415161132812 -0.0699043273925781
-0.09088134765625 -0.111488342285156 0.0131263732910156 -0.0298309326171875
-0.126686096191406 -0.024658203125 0.02947998046875 -0.0225677490234375
-0.10601806640625 0.0464019775390625 0.0276679992675781 -0.0525321960449219
-0.0529937744140625 0.108062744140625 0.00500488281249999 -0.0576629638671875
-0.00579071044921876 0.111602783203125 -0.0175666809082031 -0.0570449829101562
-0.0033721923828125 0.103591918945313 -0.0210418701171875 -0.0587539672851562
-0.00594329833984375 0.117401123046875 -0.00810241699218751 -0.0675277709960937
-0.0402145385742187 0.109375 0.0196914672851563 -0.0658454895019531
-0.0913162231445313 0.0675582885742187 0.0528068542480469 -0.0583152770996094
-0.115425109863281 0.0138397216796875 0.0766677856445312 -0.0170669555664063
-0.09173583984375 -0.092376708984375 0.0768585205078125 0.0448989868164063
-0.03643798828125 -0.15203857421875 0.0300254821777344 0.0667228698730469
0.015625 -0.149993896484375 -0.00946044921874999 0.0811080932617187
-0.0086822509765625 -0.137641906738281 0.114669799804688 -0.123054504394531
-0.0503921508789062 -0.113624572753906 0.0391387939453125 -0.0874176025390625
-0.0811309814453125 -0.0646438598632813 0.0164813995361328 -0.02972412109375
-0.0890045166015625 -0.00411224365234374 0.0464096069335937 -0.0298881530761719
-0.0680618286132813 0.0376968383789062 0.0416450500488281 -0.0689506530761719
-0.0334396362304687 0.0755386352539063 0.00820159912109375 -0.0872879028320313
-0.0053863525390625 0.0764541625976563 -0.0255584716796875 -0.0894546508789063
-0.00279998779296875 0.0732574462890625 -0.0348968505859375 -0.0880508422851563
-0.00614166259765624 0.0838470458984375 -0.0203475952148437 -0.0978851318359375
-0.0302047729492188 0.07476806640625 0.0172576904296875 -0.0979690551757813
-0.0645637512207031 0.0453681945800781 0.0544281005859375 -0.08056640625
-0.0795669555664062 0.0119705200195312 0.0791091918945312 -0.0310897827148437
-0.0695877075195313 -0.0621376037597656 0.0697822570800781 0.0260162353515625
-0.0416488647460938 -0.110908508300781 0.0185012817382812 0.0295391082763672
-0.00827026367187499 -0.122512817382813 0.00525093078613281 0.0312690734863281
-0.0470962524414063 -0.0956497192382813 0.113006591796875 -0.152206420898438
-0.0648078918457031 -0.0577659606933594 0.0327606201171875 -0.101730346679687
-0.0626411437988281 -0.0114479064941406 0.0129947662353516 -0.0322322845458984
-0.0408439636230469 0.0186004638671875 0.0482711791992187 -0.0356521606445313
-0.02239990234375 0.0266284942626953 0.0420303344726562 -0.074493408203125
-0.00803565979003906 0.0346889495849609 0.0054779052734375 -0.101638793945313
-0.00253868103027344 0.0309162139892578 -0.0317001342773438 -0.106254577636719
-0.00154304504394531 0.0324726104736328 -0.0441513061523438 -0.103675842285156
-0.00682449340820312 0.0379791259765625 -0.0273361206054688 -0.114433288574219
-0.0176124572753906 0.0267410278320313 0.017486572265625 -0.115142822265625
-0.0271663665771484 0.0120792388916016 0.0552597045898438 -0.0873336791992188
-0.0289325714111328 0.00409317016601563 0.0756454467773438 -0.0338592529296875
-0.0300331115722656 -0.0221538543701172 0.0567512512207031 0.0148658752441406
-0.0359344482421875 -0.0489730834960938 0.00579738616943359 0.00361919403076172
-0.032073974609375 -0.0716400146484375 0.0133733749389648 -0.00766277313232422
-0.076202392578125 -0.042327880859375 0.101211547851563 -0.174270629882813
-0.0666618347167969 -0.00174331665039063 0.0217056274414063 -0.114761352539062
-0.039459228515625 0.0353622436523438 -0.000228881835937506 -0.0387039184570313
0.00533294677734375 0.0350780487060547 0.0361671447753906 -0.0398330688476563
0.0221500396728516 0.0123443603515625 0.0298500061035156 -0.0694618225097656
0.0161104202270508 -0.00865840911865234 -0.00237274169921874 -0.0981903076171875
-0.000514984130859377 -0.0176982879638672 -0.0351638793945312 -0.106071472167969
-0.000320434570312501 -0.0128364562988281 -0.0462875366210938 -0.104042053222656
-0.00574588775634766 -0.0141429901123047 -0.0260848999023437 -0.115921020507813
-0.000455856323242188 -0.0250740051269531 0.0209503173828125 -0.115493774414063
0.0143947601318359 -0.0216064453125 0.0548019409179688 -0.0792007446289063
0.0254020690917969 -0.000589370727539062 0.0692100524902344 -0.0266151428222656
0.00859642028808594 0.0236854553222656 0.0404319763183594 0.0120620727539063
-0.0298042297363281 0.0214042663574219 -0.00402069091796875 -0.009063720703125
-0.0549812316894531 -0.00983428955078126 0.0135383605957031 -0.0295906066894531
0.0771942138671875 -0.0604248046875 0.0117950439453125 0.0398368835449219
0.0189361572265625 -0.105140686035156 0.0169715881347656 0.00380134582519531
-0.060302734375 -0.070587158203125 -0.0285511016845703 -0.0253715515136719
-0.0816802978515625 0.00372314453124999 -0.0674934387207031 0.0166969299316406
-0.0560226440429687 0.0447959899902344 -0.055450439453125 0.0609207153320313
-0.0113067626953125 0.0723419189453125 -0.0121612548828125 0.107650756835938
0.0146484375 0.0711593627929688 0.0328445434570313 0.114433288574219
0.00490570068359375 0.0629768371582031 0.0474014282226562 0.095672607421875
-0.00193405151367188 0.0698471069335938 0.0349273681640625 0.0923233032226563
-0.0365715026855469 0.0573768615722656 0.001739501953125 0.088714599609375
-0.0611991882324219 0.015228271484375 -0.0062103271484375 0.060882568359375
-0.0511054992675781 -0.0320358276367187 -0.00348281860351563 0.0423812866210938
0.0040283203125 -0.0696640014648438 0.00823211669921875 0.0738067626953125
0.062103271484375 -0.054931640625 0.00434875488281252 0.144546508789063
0.0769729614257813 -0.0107955932617188 -0.110443115234375 0.204269409179688
0.08843994140625 -0.119850158691406 0.0302848815917969 0.0206165313720703
0.012939453125 -0.158126831054688 0.0219478607177734 -0.0065593719482422
-0.083160400390625 -0.114326477050781 -0.0167770385742188 -0.0278644561767578
-0.124015808105469 -0.0127182006835937 -0.049041748046875 0.00434112548828126
-0.0961380004882812 0.057708740234375 -0.0439033508300781 0.0324363708496094
-0.0332794189453125 0.111442565917969 -0.01422119140625 0.074615478515625
0.0121078491210937 0.111709594726563 0.018768310546875 0.0834732055664063
0.00353240966796874 0.0999679565429688 0.0338973999023438 0.066314697265625
-0.0032501220703125 0.111618041992188 0.0294609069824219 0.0602645874023438
-0.0483551025390625 0.095733642578125 0.0110626220703125 0.0595207214355469
-0.0910415649414063 0.0405349731445313 0.0146675109863281 0.0377845764160156
-0.0905990600585938 -0.0240402221679688 0.0228996276855469 0.0349502563476562
-0.0311431884765625 -0.0993728637695312 0.0354843139648438 0.0807723999023437
0.0417633056640625 -0.111801147460938 0.0227813720703125 0.148361206054687
0.0781478881835938 -0.0743560791015625 -0.0845489501953125 0.203887939453125
0.08734130859375 -0.163284301757812 0.0551948547363281 -0.0126228332519531
0.00515747070312501 -0.190826416015625 0.0270366668701172 -0.0260639190673828
-0.0966796875 -0.143539428710937 -0.00653457641601563 -0.02960205078125
-0.15093994140625 -0.0279541015625 -0.0253047943115234 -0.00632286071777344
-0.123786926269531 0.0618972778320313 -0.0242938995361328 0.00137519836425781
-0.051849365234375 0.13330078125 -0.0121555328369141 0.0316715240478516
0.00654602050781249 0.136100769042969 0.00339508056640625 0.0398826599121094
0.00190734863281249 0.122634887695312 0.0147819519042969 0.0267086029052734
-0.00316619873046874 0.137435913085938 0.0185871124267578 0.0181770324707031
-0.0514373779296875 0.123565673828125 0.0170440673828125 0.0199699401855469
-0.109169006347656 0.065277099609375 0.03314208984375 0.00702667236328125
-0.123046875 -0.00849151611328124 0.0485992431640625 0.0205078125
-0.06951904296875 -0.116188049316406 0.0614395141601563 0.0782623291015625
0.010101318359375 -0.15716552734375 0.0367813110351562 0.136367797851563
0.0648956298828125 -0.129936218261719 -0.0555267333984375 0.18170166015625
0.0683746337890625 -0.183425903320313 0.0813751220703125 -0.0545654296875
-0.0105133056640625 -0.195831298828125 0.0321083068847656 -0.0511054992675781
-0.103622436523438 -0.146530151367188 0.00196266174316405 -0.0306262969970703
-0.157180786132813 -0.0331268310546875 0.00132560729980468 -0.0159444808959961
-0.131202697753906 0.0599594116210937 0.000234603881835927 -0.0295810699462891
-0.0599822998046875 0.136245727539063 -0.00637435913085938 -0.0156641006469726
0.00107574462890626 0.13995361328125 -0.0111322402954102 -0.00926494598388671
0.000625610351562502 0.126968383789063 -0.00635623931884765 -0.01715087890625
-0.00228881835937501 0.143402099609375 0.00234413146972657 -0.0273857116699219
-0.0485076904296875 0.133377075195313 0.0180816650390625 -0.0251655578613281
-0.112159729003906 0.079620361328125 0.0455474853515625 -0.030029296875
-0.136734008789063 0.0078887939453125 0.0679817199707031 -0.000934600830078125
-0.097900390625 -0.117317199707031 0.0782928466796875 0.06396484375
-0.0218353271484375 -0.177627563476562 0.0401840209960937 0.106597900390625
0.043121337890625 -0.1629638671875 -0.0285873413085937 0.137779235839844
0.034454345703125 -0.176513671875 0.103050231933594 -0.0983963012695313
-0.031463623046875 -0.17144775390625 0.0358810424804688 -0.07586669921875
-0.100357055664062 -0.121025085449219 0.00987052917480468 -0.0315399169921875
-0.138130187988281 -0.02490234375 0.0275325775146484 -0.0249042510986328
-0.1143798828125 0.05291748046875 0.02423095703125 -0.0562858581542969
-0.0548858642578125 0.117942810058594 -0.000305175781250003 -0.0601081848144531
-0.00275421142578126 0.121391296386719 -0.0231056213378906 -0.0559539794921875
-0.00101470947265626 0.112571716308594 -0.0264053344726563 -0.0586128234863281
-0.00373077392578125 0.127326965332031 -0.0145530700683594 -0.0692634582519531
-0.0415573120117188 0.119194030761719 0.0144920349121094 -0.0693550109863281
-0.0987091064453125 0.0750045776367188 0.0508956909179687 -0.0651359558105469
-0.124824523925781 0.0160903930664062 0.0783615112304687 -0.0232467651367188
-0.100982666015625 -0.100173950195312 0.0816268920898438 0.042205810546875
-0.04168701171875 -0.164932250976562 0.0328865051269531 0.066314697265625
0.0180816650390625 -0.164199829101563 -0.00676727294921875 0.082000732421875
-0.00627136230468751 -0.147293090820313 0.11468505859375 -0.137741088867188
-0.0518112182617187 -0.122291564941406 0.0357208251953125 -0.096771240234375
-0.0862655639648438 -0.0724105834960938 0.0137825012207031 -0.0326194763183594
-0.0963897705078125 -0.00619506835937498 0.0446968078613281 -0.0334663391113281
-0.0750350952148438 0.0413284301757812 0.0391464233398437 -0.0742645263671875
-0.0373001098632813 0.0829086303710937 0.00318908691406249 -0.09210205078125
-0.00533294677734375 0.0843963623046875 -0.0318145751953125 -0.0917892456054687
-0.00254058837890625 0.0807952880859375 -0.0419235229492188 -0.0896987915039063
-0.00614929199218751 0.0922927856445313 -0.0279998779296875 -0.101806640625
-0.0335540771484375 0.0822601318359375 0.011505126953125 -0.103561401367188
-0.0713119506835937 0.0499420166015625 0.0528793334960937 -0.0884552001953125
-0.0875625610351562 0.0116119384765625 0.0804977416992188 -0.0375442504882813
-0.0743789672851563 -0.0694580078125 0.0731735229492187 0.0230331420898437
-0.0431900024414063 -0.120414733886719 0.0193328857421875 0.0276012420654297
-0.00604248046875001 -0.131973266601563 0.00936508178710937 0.0275936126708984
-0.046142578125 -0.0988845825195313 0.115585327148437 -0.1695556640625
-0.0648574829101563 -0.0613555908203125 0.0303497314453125 -0.112808227539063
-0.0633430480957031 -0.0150413513183594 0.0101737976074219 -0.0356063842773437
-0.0437202453613281 0.0153427124023437 0.0480575561523438 -0.0399703979492188
-0.0263748168945313 0.0267429351806641 0.0403823852539062 -0.0802154541015625
-0.0128021240234375 0.0379180908203125 0.00106811523437499 -0.106796264648437
-0.00519180297851563 0.0359725952148438 -0.0380172729492188 -0.111106872558594
-0.00371932983398438 0.0371437072753906 -0.050933837890625 -0.107994079589844
-0.00946807861328125 0.043548583984375 -0.0343780517578125 -0.12017822265625
-0.0228862762451172 0.0311641693115234 0.0122756958007813 -0.122550964355469
-0.0340824127197266 0.0125312805175781 0.0537948608398438 -0.095306396484375
-0.0333938598632813 0.0010528564453125 0.0779876708984375 -0.0399551391601563
-0.0307636260986328 -0.0283222198486328 0.0584907531738281 0.0120849609375
-0.0342178344726563 -0.0536079406738281 0.00671768188476562 0.000120639801025387
-0.0291748046875 -0.0760879516601563 0.0191917419433594 -0.0138874053955078
-0.0769271850585938 -0.0391845703125 0.103652954101563 -0.192062377929688
-0.06536865234375 0.000446319580078129 0.0192337036132812 -0.126968383789063
-0.0359992980957031 0.0363197326660156 -0.00271987915039063 -0.0414161682128906
0.00721168518066406 0.0319709777832031 0.0356025695800781 -0.0433845520019531
0.0209484100341797 0.00891304016113281 0.02996826171875 -0.07391357421875
0.0117988586425781 -0.00988578796386719 -0.00531005859374999 -0.103836059570312
-0.00511074066162109 -0.0166244506835938 -0.040771484375 -0.1116943359375
-0.00401687622070312 -0.0116939544677734 -0.0521240234375 -0.109733581542969
-0.0105667114257813 -0.0118083953857422 -0.0322494506835938 -0.122795104980469
-0.006805419921875 -0.0246849060058594 0.0175399780273437 -0.124923706054688
0.00899887084960938 -0.0246715545654297 0.0550613403320312 -0.0868453979492188
0.0242214202880859 -0.00571060180664063 0.0719223022460937 -0.031524658203125
0.0127410888671875 0.0195178985595703 0.0425796508789063 0.0103416442871094
-0.0247211456298828 0.0213699340820313 -0.00288105010986328 -0.0125350952148437
-0.0515174865722656 -0.00822830200195312 0.0206375122070313 -0.0369949340820313
0.0719146728515625 -0.06793212890625 0.00699615478515626 0.0457077026367187
0.00818634033203126 -0.106605529785156 0.0151300430297852 0.0074319839477539
-0.0671234130859375 -0.0651931762695313 -0.0307521820068359 -0.0224742889404297
-0.081085205078125 0.0114288330078125 -0.0685234069824219 0.0214653015136719
-0.0515174865722656 0.0506553649902344 -0.0546798706054688 0.067596435546875
-0.00343322753906249 0.0731582641601563 -0.00666809082031249 0.113059997558594
0.0225601196289063 0.0703887939453125 0.040435791015625 0.117881774902344
0.0121498107910156 0.0629158020019531 0.0540237426757812 0.0982894897460938
0.00620269775390626 0.0706405639648438 0.0407028198242188 0.0956497192382813
-0.0302162170410156 0.0623931884765625 0.00603485107421875 0.093719482421875
-0.0605278015136719 0.0231781005859375 -0.00386428833007813 0.0629844665527344
-0.0558929443359375 -0.02691650390625 -0.00158691406250001 0.0428810119628906
-0.004425048828125 -0.0712051391601563 0.0144729614257813 0.0757598876953125
0.0561866760253906 -0.062591552734375 0.012969970703125 0.150482177734375
0.0768203735351563 -0.0203018188476563 -0.104644775390625 0.220535278320313
0.082122802734375 -0.131385803222656 0.0242404937744141 0.0239410400390625
0.000442504882812502 -0.162918090820312 0.0188179016113281 -0.00386047363281251
-0.0929489135742187 -0.11077880859375 -0.0194911956787109 -0.0263614654541016
-0.126762390136719 -0.00411987304687499 -0.051300048828125 0.00765228271484374
-0.0934677124023438 0.0667037963867188 -0.04559326171875 0.0375595092773438
-0.0246658325195313 0.115455627441406 -0.01214599609375 0.0799179077148438
0.02178955078125 0.113876342773437 0.0238037109375 0.08831787109375
0.012451171875 0.102493286132812 0.0380134582519531 0.0702590942382813
0.006683349609375 0.115287780761719 0.0321693420410156 0.0630989074707031
-0.041046142578125 0.103813171386719 0.0123825073242187 0.0635261535644531
-0.0914459228515625 0.0510101318359375 0.0154953002929687 0.037933349609375
-0.0979080200195313 -0.0178146362304688 0.0244331359863281 0.0333080291748047
-0.042388916015625 -0.102500915527344 0.0426788330078125 0.0809326171875
0.0330657958984375 -0.122589111328125 0.03204345703125 0.152389526367188
0.07586669921875 -0.0882568359375 -0.0782318115234375 0.216506958007812
0.0808258056640625 -0.177520751953125 0.0485496520996094 -0.0135574340820313
-0.008209228515625 -0.198623657226563 0.0223045349121094 -0.0248508453369141
-0.10980224609375 -0.142501831054688 -0.0103549957275391 -0.0282669067382813
-0.157958984375 -0.019744873046875 -0.0283126831054688 -0.00477218627929688
-0.123771667480469 0.073089599609375 -0.0276126861572266 0.00445556640625
-0.0440826416015625 0.140853881835938 -0.0131301879882813 0.0358161926269531
0.0171356201171875 0.140823364257813 0.00443649291992188 0.0447540283203125
0.0114974975585938 0.127517700195313 0.0156154632568359 0.0302963256835938
0.00765991210937501 0.143722534179688 0.0173435211181641 0.0206203460693359
-0.0442428588867188 0.133834838867188 0.0153102874755859 0.0224895477294922
-0.110023498535156 0.0769577026367188 0.0319404602050781 0.00446319580078125
-0.130401611328125 -0.000541687011718749 0.0497398376464844 0.0161361694335938
-0.0826187133789062 -0.119537353515625 0.0686416625976563 0.0751800537109375
-0.0012359619140625 -0.168441772460938 0.044830322265625 0.137870788574219
0.0613555908203125 -0.14508056640625 -0.048980712890625 0.19024658203125
0.062896728515625 -0.198043823242188 0.0743026733398438 -0.0599212646484375
-0.022613525390625 -0.204803466796875 0.0264320373535156 -0.0523681640625
-0.117416381835938 -0.149200439453125 -0.00157928466796876 -0.0303306579589844
-0.166091918945313 -0.025726318359375 -0.00190734863281251 -0.0156393051147461
-0.133567810058594 0.0716552734375 -0.00469589233398438 -0.0291976928710937
-0.0546875 0.145217895507813 -0.0106658935546875 -0.0135440826416016
0.0108795166015625 0.1470947265625 -0.0134611129760742 -0.00492858886718749
0.00852203369140624 0.133720397949219 -0.00905704498291016 -0.0132818222045898
0.00740051269531249 0.1510009765625 -0.00241661071777344 -0.0252552032470703
-0.0426483154296875 0.143630981445313 0.0133457183837891 -0.0247306823730469
-0.113883972167969 0.0914993286132813 0.0422897338867187 -0.0345344543457031
-0.144775390625 0.015655517578125 0.0677680969238281 -0.00720977783203125
-0.1109619140625 -0.119903564453125 0.0834579467773437 0.05926513671875
-0.0333404541015625 -0.188919067382813 0.0468826293945313 0.105926513671875
0.0385589599609375 -0.176971435546875 -0.0228424072265625 0.141738891601563
0.0302581787109375 -0.189590454101562 0.0955276489257813 -0.108192443847656
-0.04095458984375 -0.18023681640625 0.02862548828125 -0.0806655883789063
-0.112327575683594 -0.1246337890625 0.00606536865234374 -0.0320091247558594
-0.147323608398438 -0.0206451416015625 0.0240764617919922 -0.02728271484375
-0.117637634277344 0.0621185302734375 0.0183486938476562 -0.0590438842773437
-0.0525665283203125 0.127273559570313 -0.00671386718750001 -0.0596771240234375
0.00386810302734376 0.128814697265625 -0.028472900390625 -0.0536460876464844
0.0049591064453125 0.119239807128906 -0.0321388244628906 -0.0552024841308594
0.00360107421875 0.135269165039062 -0.022247314453125 -0.0686836242675781
-0.0382919311523438 0.128593444824219 0.00780487060546875 -0.07049560546875
-0.102226257324219 0.084716796875 0.0451583862304688 -0.0709381103515625
-0.132034301757813 0.0220108032226563 0.0768280029296875 -0.0305633544921875
-0.111602783203125 -0.103157043457031 0.0855484008789063 0.0365447998046875
-0.0509490966796875 -0.174057006835938 0.0364532470703125 0.0636558532714844
0.0138092041015625 -0.175674438476563 -0.00247955322265626 0.0808868408203125
-0.00900268554687499 -0.154327392578125 0.108291625976563 -0.152389526367188
-0.056884765625 -0.128273010253906 0.0280303955078125 -0.103599548339844
-0.0933837890625 -0.07562255859375 0.00998878479003905 -0.0344390869140625
-0.103248596191406 -0.00476837158203123 0.0417327880859375 -0.0373611450195313
-0.079071044921875 0.04705810546875 0.0330352783203125 -0.0787506103515625
-0.0378265380859375 0.090423583984375 -0.00455474853515626 -0.0941543579101563
-0.00200653076171874 0.0916061401367187 -0.0396881103515625 -0.0909500122070313
0.000381469726562496 0.0867843627929687 -0.0498733520507813 -0.0880355834960938
-0.00246429443359374 0.0995254516601563 -0.0370254516601562 -0.102188110351563
-0.0327682495117187 0.090362548828125 0.00277709960937499 -0.106803894042969
-0.0760040283203125 0.0560455322265625 0.0468368530273437 -0.094970703125
-0.0932159423828125 0.0142288208007813 0.0789031982421875 -0.0450363159179688
-0.0812454223632813 -0.0733795166015625 0.0751800537109375 0.017425537109375
-0.0489501953125 -0.127113342285156 0.0201129913330078 0.024169921875
-0.00739288330078124 -0.139854431152344 0.0132770538330078 0.022705078125
-0.0470504760742188 -0.100128173828125 0.109848022460937 -0.186065673828125
-0.0648765563964844 -0.0626411437988281 0.0232467651367187 -0.12158203125
-0.0646476745605469 -0.017364501953125 0.00631713867187499 -0.037841796875
-0.0470657348632813 0.0139541625976562 0.0453300476074219 -0.0439987182617188
-0.0295505523681641 0.0275402069091797 0.035736083984375 -0.0851058959960938
-0.0155906677246094 0.0417137145996094 -0.00606536865234376 -0.110183715820313
-0.00638580322265625 0.0406417846679687 -0.0462417602539063 -0.112350463867188
-0.00416946411132812 0.0410614013671875 -0.0595016479492188 -0.107833862304687
-0.00938034057617187 0.0489883422851562 -0.0443878173828125 -0.122406005859375
-0.0257759094238281 0.0363082885742188 0.00336456298828125 -0.128021240234375
-0.0397796630859375 0.0148849487304688 0.0489044189453125 -0.102958679199219
-0.0382728576660156 -0.000419616699218747 0.0766983032226563 -0.04644775390625
-0.032623291015625 -0.0332660675048828 0.0593528747558594 0.00810623168945313
-0.0337448120117187 -0.0580406188964844 0.00595331192016601 -0.00347185134887696
-0.0277938842773437 -0.07891845703125 0.0230064392089844 -0.0213356018066406
-0.0763092041015625 -0.0341720581054687 0.09814453125 -0.208755493164062
-0.0618209838867187 0.00317001342773436 0.0113983154296875 -0.135276794433594
-0.0315895080566406 0.0359077453613281 -0.00683212280273438 -0.0429954528808594
0.00882720947265625 0.0287399291992188 0.0332221984863281 -0.0465011596679688
0.0194416046142578 0.0059051513671875 0.0263900756835937 -0.0781631469726563
0.00698089599609375 -0.00979995727539063 -0.0107345581054688 -0.107269287109375
-0.00945377349853516 -0.0138950347900391 -0.0484695434570313 -0.114044189453125
-0.00754356384277344 -0.00938320159912109 -0.0599365234375 -0.111129760742188
-0.0144634246826172 -0.00837898254394531 -0.0416030883789062 -0.126174926757813
-0.0129737854003906 -0.0221500396728516 0.00961303710937501 -0.13116455078125
0.00243949890136719 -0.026519775390625 0.05126953125 -0.0946197509765625
0.0211448669433594 -0.0110416412353516 0.0720672607421875 -0.0375442504882813
0.0156822204589844 0.0149755477905273 0.0430870056152344 0.00722122192382813
-0.0194091796875 0.0203018188476563 -0.00310134887695313 -0.0159873962402344
-0.0475120544433594 -0.00569915771484376 0.0253791809082031 -0.04541015625
0.0645294189453125 -0.0719985961914062 0.00293731689453126 0.0516166687011719
-0.00115203857421874 -0.104057312011719 0.0137128829956055 0.0106983184814453
-0.0699348449707031 -0.0579719543457031 -0.0314540863037109 -0.0196743011474609
-0.0772018432617188 0.0174942016601563 -0.0674247741699219 0.0251388549804687
-0.0457420349121094 0.0540542602539063 -0.05145263671875 0.0715713500976563
0.00315093994140624 0.07098388671875 -0.000686645507812507 0.114845275878906
0.029144287109375 0.0665054321289063 0.0476226806640625 0.117935180664063
0.0181541442871094 0.0604820251464844 0.0598373413085937 0.0974960327148438
0.0135536193847656 0.0685539245605469 0.0457916259765625 0.0957565307617187
-0.0231399536132812 0.0645179748535156 0.0105133056640625 0.0959701538085938
-0.0568351745605469 0.0289955139160156 -0.0017852783203125 0.0636978149414062
-0.0581283569335938 -0.0214157104492187 7.62939453124808E-06 0.0428581237792969
-0.0118446350097656 -0.0693588256835938 0.02032470703125 0.0752029418945313
0.0480079650878906 -0.0675582885742188 0.02154541015625 0.15216064453125
0.0723037719726562 -0.028656005859375 -0.0959320068359375 0.22918701171875
0.0731124877929688 -0.138397216796875 0.0184307098388672 0.0279064178466797
-0.0115203857421875 -0.161529541015625 0.0164299011230469 -0.000586509704589854
-0.0998153686523437 -0.104118347167969 -0.0212078094482422 -0.0233097076416016
-0.125442504882813 0.00404357910156252 -0.0518379211425781 0.010650634765625
-0.0882492065429687 0.0725784301757813 -0.0445823669433594 0.0414695739746094
-0.016571044921875 0.115653991699219 -0.0094451904296875 0.08306884765625
0.0311813354492188 0.111503601074219 0.0285263061523438 0.0900955200195313
0.0209197998046875 0.101158142089844 0.0417556762695312 0.0710830688476563
0.016021728515625 0.11468505859375 0.0346488952636719 0.064483642578125
-0.032928466796875 0.107818603515625 0.0149307250976563 0.0662155151367188
-0.0883941650390625 0.0591583251953125 0.0158500671386719 0.0374298095703125
-0.100814819335937 -0.01068115234375 0.0246925354003906 0.0304431915283203
-0.0517654418945312 -0.100975036621094 0.0481796264648437 0.0775680541992188
0.02294921875 -0.128257751464844 0.0400390625 0.15130615234375
0.070465087890625 -0.0975189208984375 -0.0692291259765625 0.223037719726563
0.0711517333984375 -0.18536376953125 0.0406761169433594 -0.0120697021484375
-0.0211029052734375 -0.19903564453125 0.0185146331787109 -0.0228729248046875
-0.119224548339844 -0.137611389160156 -0.0123367309570313 -0.0258255004882813
-0.159500122070313 -0.0107574462890625 -0.0302295684814453 -0.00233840942382812
-0.1195068359375 0.0811386108398437 -0.0298061370849609 0.00728225708007813
-0.035614013671875 0.143569946289063 -0.0137557983398437 0.0390129089355469
0.0271148681640625 0.14031982421875 0.00680160522460938 0.0485382080078125
0.0203628540039063 0.127334594726562 0.0166893005371094 0.0332889556884766
0.0179443359375 0.144256591796875 0.0162906646728516 0.0231800079345703
-0.0358123779296875 0.13818359375 0.0147857666015625 0.0245609283447266
-0.107383728027344 0.0862960815429688 0.0297298431396484 0.00246620178222657
-0.13409423828125 0.00694274902343749 0.0480728149414062 0.0117759704589844
-0.0928878784179688 -0.117767333984375 0.0725555419921875 0.0702438354492187
-0.012420654296875 -0.174209594726562 0.0509033203125 0.134750366210938
0.0542144775390625 -0.154739379882813 -0.0415496826171875 0.19293212890625
0.05401611328125 -0.205886840820313 0.064910888671875 -0.0619316101074219
-0.0347442626953125 -0.207763671875 0.0206642150878906 -0.0516777038574219
-0.127960205078125 -0.145553588867188 -0.00468444824218751 -0.027862548828125
-0.17034912109375 -0.017730712890625 -0.00487422943115235 -0.0152130126953125
-0.130989074707031 0.0802764892578125 -0.00881385803222657 -0.0270957946777344
-0.0469207763671875 0.149993896484375 -0.0142059326171875 -0.0102815628051758
0.02001953125 0.147674560546875 -0.0143318176269531 -0.000517845153808584
0.0170822143554688 0.134880065917969 -0.010533332824707 -0.00960826873779296
0.0167999267578125 0.153427124023438 -0.00618362426757813 -0.0225143432617187
-0.035308837890625 0.148712158203125 0.00968360900878906 -0.02239990234375
-0.111541748046875 0.100387573242187 0.0368690490722656 -0.0373954772949219
-0.148086547851563 0.0237884521484375 0.0648078918457031 -0.0123710632324219
-0.1204833984375 -0.117904663085938 0.0862274169921875 0.0522918701171875
-0.0449676513671875 -0.192657470703125 0.0508041381835937 0.102066040039063
0.0315704345703125 -0.185302734375 -0.0169525146484375 0.141433715820313
0.024169921875 -0.195343017578125 0.0856170654296875 -0.114044189453125
-0.049346923828125 -0.18243408203125 0.021209716796875 -0.0814971923828125
-0.121200561523437 -0.123260498046875 0.00241851806640625 -0.0315761566162109
-0.152450561523438 -0.0145416259765625 0.0204620361328125 -0.0280857086181641
-0.117774963378906 0.0698471069335938 0.0122947692871094 -0.0586891174316406
-0.0474319458007813 0.132644653320313 -0.012603759765625 -0.0577621459960937
0.0110931396484375 0.131828308105469 -0.0323333740234375 -0.0488166809082031
0.0110549926757812 0.121574401855469 -0.0357170104980469 -0.0505523681640625
0.0113754272460938 0.138687133789063 -0.0282859802246094 -0.0650291442871094
-0.0326004028320312 0.133895874023437 0.00142288208007813 -0.068878173828125
-0.100975036621094 0.0926895141601562 0.03900146484375 -0.074005126953125
-0.134979248046875 0.0280609130859375 0.0729904174804687 -0.0361480712890625
-0.119300842285156 -0.102607727050781 0.0856857299804687 0.0302658081054687
-0.05963134765625 -0.17718505859375 0.0379562377929688 0.0597763061523437
0.00900268554687499 -0.182281494140625 0.00148773193359376 0.0780258178710937
-0.0119781494140625 -0.157577514648438 0.0977630615234375 -0.160537719726563
-0.0606536865234375 -0.130035400390625 0.0200576782226563 -0.106758117675781
-0.0989456176757813 -0.0766372680664062 0.00604438781738281 -0.0341682434082031
-0.107704162597656 -0.00233459472656249 0.0376548767089844 -0.0391197204589844
-0.0802841186523438 0.0513839721679688 0.0267868041992188 -0.0803756713867188
-0.035614013671875 0.0950546264648438 -0.0118789672851562 -0.0927734375
0.00220489501953125 0.0950241088867187 -0.0452041625976563 -0.0870437622070313
0.004150390625 0.0896835327148438 -0.05517578125 -0.083587646484375
0.00200653076171876 0.103591918945313 -0.0451126098632813 -0.098785400390625
-0.0306167602539063 0.0956802368164063 -0.00546264648437499 -0.105987548828125
-0.0772476196289063 0.0616378784179688 0.0392227172851563 -0.0982666015625
-0.0968704223632813 0.01727294921875 0.0742721557617188 -0.0506439208984375
-0.0861740112304688 -0.07452392578125 0.0740203857421875 0.0125045776367187
-0.0532989501953125 -0.130233764648438 0.0197658538818359 0.0203037261962891
-0.00987243652343749 -0.143890380859375 0.0149831771850586 0.0169439315795898
-0.0469131469726562 -0.0992889404296875 0.0991668701171875 -0.196395874023438
-0.0644264221191406 -0.0628395080566406 0.014801025390625 -0.125480651855469
-0.064910888671875 -0.01898193359375 0.00270080566406249 -0.038360595703125
-0.0488357543945313 0.0120697021484375 0.0412330627441406 -0.0463409423828125
-0.0317306518554687 0.0284061431884766 0.0298004150390625 -0.0871734619140625
-0.016845703125 0.0450782775878906 -0.012908935546875 -0.109474182128906
-0.00560379028320313 0.0449867248535156 -0.0531082153320312 -0.109428405761719
-0.00344085693359375 0.0444831848144531 -0.0657806396484375 -0.103950500488281
-0.00876998901367188 0.0531997680664063 -0.0527496337890625 -0.119827270507813
-0.0269432067871094 0.0409126281738281 -0.00583648681640627 -0.12774658203125
-0.044097900390625 0.0177726745605469 0.0416259765625 -0.1060791015625
-0.0421485900878906 -0.000858306884765627 0.0728378295898438 -0.0516510009765625
-0.0346107482910156 -0.0368843078613281 0.05792236328125 0.00415802001953125
-0.0335960388183594 -0.0610618591308594 0.00482511520385742 -0.00674772262573243
-0.0264892578125 -0.0801467895507813 0.0243148803710938 -0.0286369323730469
-0.0732650756835938 -0.0288467407226563 0.0883331298828125 -0.21917724609375
-0.0572929382324219 0.00554656982421875 0.00368499755859374 -0.139907836914063
-0.0274486541748047 0.03424072265625 -0.00999832153320313 -0.0429801940917969
0.0094451904296875 0.0240058898925781 0.0298843383789062 -0.047943115234375
0.0168418884277344 0.00308704376220703 0.0222549438476563 -0.0798797607421875
0.00295639038085937 -0.00943088531494141 -0.0159225463867187 -0.10711669921875
-0.0126199722290039 -0.0103693008422852 -0.0543594360351562 -0.112586975097656
-0.0105552673339844 -0.00649070739746093 -0.0665664672851563 -0.108673095703125
-0.0169992446899414 -0.00469303131103516 -0.0498046875 -0.124420166015625
-0.0178356170654297 -0.0186138153076172 0.000587463378906243 -0.1329345703125
-0.00354576110839844 -0.0262260437011719 0.0457382202148437 -0.0984420776367188
0.0173444747924805 -0.0140409469604492 0.0696220397949219 -0.0424461364746094
0.0170564651489258 0.00905323028564453 0.0424118041992188 0.004241943359375
-0.0146980285644531 0.0179996490478516 -0.00364303588867188 -0.0190582275390625
-0.0426979064941406 -0.00436782836914063 0.0276145935058594 -0.0532913208007813
0.0583953857421875 -0.0724258422851563 -0.000728607177734368 0.0571136474609375
-0.00706481933593751 -0.0995864868164062 0.0125226974487305 0.0143213272094726
-0.0698127746582031 -0.0523223876953125 -0.0310935974121094 -0.0176563262939453
-0.0724563598632813 0.0210113525390625 -0.066131591796875 0.0268974304199219
-0.0406990051269531 0.0544319152832031 -0.0489425659179688 0.073089599609375
0.00725555419921875 0.0679054260253906 0.00277709960937501 0.115013122558594
0.0330581665039063 0.062103271484375 0.0506057739257812 0.117286682128906
0.0214691162109375 0.0574951171875 0.0618667602539062 0.0961761474609375
0.0183067321777344 0.065216064453125 0.0477981567382813 0.0951309204101563
-0.0177192687988281 0.0642776489257813 0.013641357421875 0.0964126586914063
-0.0533981323242188 0.0323448181152344 -0.000770568847656254 0.063629150390625
-0.0583229064941406 -0.0166473388671875 0.000305175781249999 0.0414009094238281
-0.0168495178222656 -0.0673103332519531 0.023773193359375 0.0739212036132813
0.0420303344726563 -0.0692024230957031 0.025177001953125 0.151443481445313
0.0682258605957031 -0.0333633422851563 -0.0902862548828125 0.232254028320313
0.0663375854492188 -0.140213012695313 0.0131931304931641 0.0321636199951172
-0.0182342529296875 -0.157882690429688 0.0142011642456055 0.00304889678955077
-0.101898193359375 -0.0986328125 -0.0212631225585938 -0.0203227996826172
-0.122528076171875 0.00815582275390626 -0.0518341064453125 0.0123672485351563
-0.0828857421875 0.074737548828125 -0.0440521240234375 0.0431404113769531
-0.0114974975585938 0.113296508789063 -0.00740051269531249 0.084716796875
0.035552978515625 0.108016967773438 0.0311203002929688 0.0912704467773437
0.02532958984375 0.0988693237304687 0.0431747436523438 0.0713119506835937
0.0218734741210938 0.1123046875 0.0349807739257813 0.065277099609375
-0.0272064208984375 0.109016418457031 0.015869140625 0.0672836303710938
-0.0848617553710938 0.0637359619140625 0.0144424438476562 0.0368766784667969
-0.10186767578125 -0.00582885742187501 0.0235996246337891 0.0288925170898438
-0.057586669921875 -0.0988082885742188 0.0501708984375 0.074371337890625
0.0152740478515625 -0.130783081054688 0.04302978515625 0.149322509765625
0.06524658203125 -0.102996826171875 -0.0647125244140625 0.224441528320313
0.065338134765625 -0.188308715820313 0.0336704254150391 -0.00897979736328126
-0.0283050537109375 -0.196319580078125 0.0151157379150391 -0.0196399688720703
-0.123458862304687 -0.132888793945313 -0.0132331848144531 -0.0233173370361328
-0.158294677734375 -0.00619506835937502 -0.0312252044677735 -0.000783920288085938
-0.114707946777344 0.0843124389648438 -0.0312023162841797 0.00979614257812501
-0.0299224853515625 0.142654418945313 -0.0141258239746094 0.0419769287109375
0.0326004028320312 0.138008117675781 0.00823211669921876 0.0513114929199219
0.0254745483398438 0.126335144042969 0.0177345275878906 0.0354957580566406
0.02410888671875 0.14306640625 0.0156650543212891 0.0253009796142578
-0.02996826171875 0.139961242675781 0.0144329071044922 0.0269241333007813
-0.104530334472656 0.0915756225585938 0.0266914367675781 0.00189018249511719
-0.135162353515625 0.012054443359375 0.0459442138671875 0.00948715209960938
-0.0988235473632812 -0.116592407226563 0.073944091796875 0.0662002563476562
-0.0199432373046875 -0.176513671875 0.0530853271484375 0.131858825683594
0.0495758056640625 -0.15936279296875 -0.0381622314453125 0.19244384765625
0.049224853515625 -0.209152221679687 0.0569839477539063 -0.0602607727050781
-0.0403900146484375 -0.20660400390625 0.016082763671875 -0.0492286682128906
-0.132858276367187 -0.143051147460938 -0.00644874572753907 -0.0262832641601563
-0.171524047851563 -0.01361083984375 -0.00686359405517579 -0.0137529373168945
-0.128425598144531 0.0843582153320313 -0.011932373046875 -0.0249595642089844
-0.0424346923828125 0.151229858398437 -0.0161542892456055 -0.0067605972290039
0.025054931640625 0.147232055664062 -0.0143823623657227 0.00324058532714845
0.0214614868164062 0.134498596191406 -0.010502815246582 -0.00584220886230468
0.0228271484375 0.153579711914063 -0.00853157043457031 -0.0186538696289062
-0.029571533203125 0.151092529296875 0.00732803344726563 -0.0197982788085937
-0.110145568847656 0.105377197265625 0.0329513549804687 -0.0378532409667969
-0.14935302734375 0.027130126953125 0.0612602233886719 -0.0151023864746094
-0.125694274902344 -0.117195129394531 0.0855789184570312 0.0480194091796875
-0.051483154296875 -0.19537353515625 0.0508041381835938 0.0984039306640625
0.027801513671875 -0.1900634765625 -0.0146865844726562 0.138526916503906
0.0223541259765625 -0.198211669921875 0.077484130859375 -0.114837646484375
-0.0535125732421875 -0.18304443359375 0.0158843994140625 -0.08074951171875
-0.125564575195312 -0.123321533203125 -0.000106811523437508 -0.030487060546875
-0.155181884765625 -0.011444091796875 0.01715087890625 -0.0274581909179687
-0.117134094238281 0.0737762451171875 0.00793838500976562 -0.0574073791503906
-0.0445098876953125 0.135696411132813 -0.0164337158203125 -0.053680419921875
0.01544189453125 0.132598876953125 -0.0341453552246094 -0.044952392578125
0.0146865844726562 0.122268676757813 -0.0369911193847656 -0.0465812683105469
0.0156707763671875 0.140274047851563 -0.0319137573242187 -0.0610084533691406
-0.0291671752929688 0.136833190917969 -0.00255584716796876 -0.0660400390625
-0.100425720214844 0.096771240234375 0.0341110229492188 -0.0743026733398438
-0.13702392578125 0.0307388305664063 0.0681610107421875 -0.0385627746582031
-0.123680114746094 -0.102394104003906 0.0836410522460937 0.0263519287109375
-0.064544677734375 -0.179367065429688 0.0368003845214844 0.0565338134765625
0.0070343017578125 -0.184814453125 0.00287628173828125 0.0739593505859375
-0.0115203857421875 -0.158721923828125 0.0898895263671875 -0.163345336914063
-0.061614990234375 -0.131683349609375 0.0147552490234375 -0.107383728027344
-0.101264953613281 -0.0783920288085938 0.00347328186035155 -0.0340118408203125
-0.110946655273438 -0.00257873535156252 0.0340843200683594 -0.0389595031738281
-0.0817031860351563 0.0538101196289062 0.022186279296875 -0.0790252685546875
-0.0350875854492188 0.0982513427734375 -0.01568603515625 -0.0896377563476563
0.00441741943359376 0.097381591796875 -0.0479660034179688 -0.08306884765625
0.00547027587890625 0.091949462890625 -0.057342529296875 -0.079498291015625
0.004608154296875 0.106201171875 -0.0495147705078125 -0.094757080078125
-0.0296783447265625 0.0988082885742188 -0.0102005004882812 -0.103294372558594
-0.0790252685546875 0.0650253295898438 0.0343170166015625 -0.09832763671875
-0.0990982055664063 0.018157958984375 0.0701179504394531 -0.0525321960449219
-0.0890426635742188 -0.076263427734375 0.0711898803710938 0.009368896484375
-0.0553970336914062 -0.132781982421875 0.0180320739746094 0.0174350738525391
-0.0093994140625 -0.146316528320313 0.0158834457397461 0.0121088027954101
-0.0440521240234375 -0.0991134643554688 0.092681884765625 -0.200775146484375
-0.0623741149902344 -0.064483642578125 0.00981903076171874 -0.127426147460938
-0.06512451171875 -0.0219039916992187 0.000221252441406249 -0.0384025573730469
-0.051177978515625 0.00987625122070312 0.0383567810058594 -0.0466499328613281
-0.0339622497558594 0.0287990570068359 0.0258331298828125 -0.0868301391601563
-0.0186271667480469 0.0479049682617188 -0.0165023803710937 -0.107398986816406
-0.00558853149414063 0.0477485656738281 -0.0557174682617187 -0.106979370117187
-0.0036468505859375 0.0471954345703125 -0.0685272216796875 -0.100578308105469
-0.00819015502929687 0.056793212890625 -0.057342529296875 -0.116134643554687
-0.0283203125 0.0449905395507813 -0.01080322265625 -0.125831604003906
-0.0476150512695313 0.0204734802246094 0.0369110107421875 -0.10638427734375
-0.0457038879394531 -0.00196075439453125 0.069427490234375 -0.053558349609375
-0.0360336303710938 -0.0403785705566406 0.0560798645019531 0.00213623046875
-0.0327262878417969 -0.0640373229980469 0.00331878662109375 -0.0094594955444336
-0.0232315063476562 -0.08111572265625 0.025482177734375 -0.0348129272460938
-0.0687408447265625 -0.0258941650390625 0.0830535888671875 -0.2227783203125
-0.0529212951660156 0.00489425659179688 -0.0011444091796875 -0.141006469726563
-0.0246524810791016 0.0314292907714844 -0.0118217468261719 -0.0425491333007813
0.0083770751953125 0.0204124450683594 0.02734375 -0.0479927062988281
0.0142650604248047 0.00152301788330078 0.0197906494140625 -0.0789031982421875
-0.000294685363769532 -0.00725936889648437 -0.0183792114257812 -0.106254577636719
-0.0147199630737305 -0.00713729858398438 -0.0569381713867187 -0.110542297363281
-0.0122365951538086 -0.00397682189941406 -0.0687179565429687 -0.106216430664063
-0.0189743041992187 -0.000566482543945313 -0.0537109375 -0.122550964355469
-0.0205955505371094 -0.0146331787109375 -0.00492095947265624 -0.132225036621094
-0.00830650329589844 -0.0247230529785156 0.0412368774414063 -0.0994415283203125
0.0131998062133789 -0.0165901184082031 0.0670814514160156 -0.0441246032714844
0.016667366027832 0.00448322296142578 0.0410842895507813 0.00281143188476563
-0.0113029479980469 0.0140838623046875 -0.00379753112792969 -0.0221328735351562
-0.0373306274414063 -0.0048828125 0.0294342041015625 -0.0598297119140625
0.0548782348632813 -0.0725936889648438 -0.00496673583984374 0.0637893676757813
-0.0103225708007813 -0.0961532592773438 0.0114192962646484 0.0175037384033203
-0.0695343017578125 -0.0489349365234375 -0.030914306640625 -0.0165424346923828
-0.0695037841796875 0.0221405029296875 -0.0662841796875 0.0276947021484375
-0.0382728576660156 0.0545196533203125 -0.0487594604492188 0.073944091796875
0.00908279418945312 0.0655555725097656 0.00320434570312501 0.1162109375
0.0347938537597656 0.0592498779296875 0.052703857421875 0.118438720703125
0.0238494873046875 0.0551567077636719 0.0627212524414063 0.097564697265625
0.0213699340820313 0.0633392333984375 0.0485382080078125 0.0967330932617188
-0.01416015625 0.0643539428710938 0.014801025390625 0.0986251831054688
-0.0511131286621094 0.0349159240722656 -0.00148773193359376 0.06390380859375
-0.0590934753417969 -0.0144500732421875 -0.000305175781250004 0.0417366027832031
-0.0195236206054688 -0.0654983520507813 0.025299072265625 0.073455810546875
0.0374679565429687 -0.0703353881835938 0.0261688232421875 0.15289306640625
0.0645256042480469 -0.0366897583007813 -0.091339111328125 0.236068725585938
0.0635223388671875 -0.141372680664063 0.00808334350585938 0.0379295349121094
-0.021392822265625 -0.155838012695313 0.0122909545898438 0.00592994689941405
-0.102920532226563 -0.0967483520507813 -0.0211906433105469 -0.0198326110839844
-0.120681762695313 0.00906372070312498 -0.0523796081542969 0.0133132934570312
-0.0808868408203125 0.0755386352539062 -0.0445289611816406 0.0449562072753906
-0.009552001953125 0.112541198730469 -0.00762939453125001 0.0868301391601563
0.0381698608398438 0.106315612792969 0.0322647094726563 0.0936737060546875
0.0275344848632813 0.098388671875 0.0436019897460938 0.0736083984375
0.0249252319335937 0.111671447753906 0.0352363586425781 0.067657470703125
-0.023956298828125 0.109809875488281 0.0161399841308594 0.0696182250976563
-0.0837554931640625 0.066680908203125 0.0135650634765625 0.0372390747070313
-0.103981018066406 -0.00353240966796875 0.0223770141601562 0.0281791687011719
-0.0615463256835937 -0.0995635986328125 0.051605224609375 0.0734405517578125
0.0103683471679688 -0.134025573730469 0.0425262451171875 0.14996337890625
0.0630264282226562 -0.1080322265625 -0.0658111572265625 0.227188110351563
0.063507080078125 -0.19097900390625 0.0283699035644531 -0.00473976135253907
-0.03125 -0.196823120117187 0.0128889083862305 -0.0167770385742188
-0.1258544921875 -0.132987976074219 -0.0139980316162109 -0.0218486785888672
-0.158477783203125 -0.00494384765625001 -0.0325069427490235 0.000452041625976566
-0.114616394042969 0.085968017578125 -0.0325660705566406 0.0117835998535156
-0.0286865234375 0.143905639648438 -0.0147933959960938 0.0447845458984375
0.0351104736328125 0.137527465820313 0.00882720947265625 0.0541038513183594
0.0276260375976563 0.126609802246094 0.0179786682128906 0.0385284423828125
0.0272674560546875 0.143707275390625 0.0142765045166016 0.0281982421875
-0.0272064208984375 0.1422119140625 0.0140380859375 0.0295028686523438
-0.104438781738281 0.094940185546875 0.0248146057128906 0.00195693969726563
-0.138435363769531 0.0139236450195312 0.0436363220214844 0.0084686279296875
-0.103355407714844 -0.117866516113281 0.07366943359375 0.06451416015625
-0.0245361328125 -0.18048095703125 0.0527496337890625 0.131378173828125
0.0485687255859375 -0.165084838867188 -0.0391387939453125 0.193389892578125
0.04962158203125 -0.213653564453125 0.0518074035644531 -0.057891845703125
-0.04266357421875 -0.20855712890625 0.0133857727050781 -0.047454833984375
-0.136489868164062 -0.144729614257813 -0.00716209411621095 -0.0250282287597656
-0.174270629882813 -0.0131072998046875 -0.00881099700927735 -0.0127849578857422
-0.129135131835937 0.0863265991210938 -0.0139369964599609 -0.0236740112304687
-0.041748046875 0.15386962890625 -0.0176620483398438 -0.00373458862304686
0.027618408203125 0.148239135742188 -0.0142068862915039 0.00654602050781251
0.0231246948242187 0.136123657226563 -0.0109777450561523 -0.00292778015136718
0.0250396728515625 0.154998779296875 -0.0098562240600586 -0.0155143737792969
-0.027862548828125 0.154449462890625 0.00641250610351563 -0.0176906585693359
-0.111122131347656 0.109275817871094 0.03076171875 -0.0378684997558594
-0.15289306640625 0.0287628173828125 0.0584793090820312 -0.0163116455078125
-0.130302429199219 -0.119697570800781 0.0845413208007812 0.0464096069335937
-0.0556793212890625 -0.199859619140625 0.0494537353515625 0.0967864990234375
0.0277099609375 -0.19488525390625 -0.0155181884765625 0.137870788574219
0.02392578125 -0.203155517578125 0.0728378295898438 -0.114921569824219
-0.0539703369140625 -0.187408447265625 0.0133743286132812 -0.0799789428710938
-0.129753112792969 -0.126335144042969 -0.00149154663085938 -0.0287113189697266
-0.159088134765625 -0.0120086669921875 0.0152759552001953 -0.0262622833251953
-0.118453979492188 0.0758285522460937 0.00512313842773437 -0.0555534362792969
-0.0447311401367187 0.138969421386719 -0.0182647705078125 -0.0515365600585937
0.0172119140625 0.135177612304688 -0.0342025756835937 -0.0419578552246094
0.0155792236328125 0.124656677246094 -0.0373687744140625 -0.0435562133789062
0.01800537109375 0.14276123046875 -0.0341949462890625 -0.0583152770996094
-0.0286712646484375 0.1407470703125 -0.00432205200195313 -0.0643463134765625
-0.102783203125 0.10028076171875 0.03155517578125 -0.07415771484375
-0.140853881835938 0.0315093994140625 0.0657844543457031 -0.0393142700195313
-0.127571105957031 -0.105972290039062 0.0821609497070312 0.0248336791992187
-0.067352294921875 -0.184646606445313 0.0349578857421875 0.0551223754882812
0.00891113281250002 -0.1898193359375 0.00254821777343751 0.0710830688476562
-0.00788879394531249 -0.163009643554688 0.086395263671875 -0.165618896484375
-0.060760498046875 -0.136253356933594 0.012298583984375 -0.108467102050781
-0.10443115234375 -0.0825119018554688 0.00209426879882812 -0.0337352752685547
-0.1156005859375 -0.00350189208984375 0.0322151184082031 -0.038665771484375
-0.0845794677734375 0.0555038452148438 0.019683837890625 -0.0781707763671875
-0.0369338989257813 0.101593017578125 -0.0171890258789063 -0.0880584716796875
0.00479888916015624 0.100860595703125 -0.0483856201171875 -0.0816726684570313
0.00640869140625 0.0947952270507812 -0.0581512451171875 -0.0776138305664063
0.005584716796875 0.109542846679688 -0.05169677734375 -0.092926025390625
-0.0301971435546875 0.102546691894531 -0.012115478515625 -0.101768493652344
-0.0820693969726563 0.0684967041015625 0.0315399169921875 -0.098876953125
-0.103157043457031 0.0181198120117187 0.0676727294921875 -0.053375244140625
-0.0915451049804688 -0.0802993774414062 0.0695610046386719 0.00824737548828124
-0.056060791015625 -0.137443542480469 0.0160045623779297 0.0155830383300781
-0.00643920898437499 -0.149703979492188 0.0162572860717773 0.00744628906249999
-0.0398406982421875 -0.100517272949219 0.0906219482421875 -0.204437255859375
-0.0600128173828125 -0.0677871704101563 0.00745391845703124 -0.129928588867188
-0.0659942626953125 -0.0258026123046875 -0.00109481811523438 -0.0381507873535156
-0.0553703308105469 0.00760269165039062 0.0365943908691406 -0.0464591979980469
-0.0370368957519531 0.0286483764648437 0.0242080688476563 -0.0861663818359375
-0.020721435546875 0.0508193969726563 -0.0175857543945312 -0.10699462890625
-0.00598526000976563 0.0512809753417969 -0.0564804077148438 -0.106033325195313
-0.00415420532226563 0.0504722595214844 -0.0690155029296875 -0.0994796752929688
-0.0085906982421875 0.0602149963378906 -0.0595626831054688 -0.115127563476563
-0.0297431945800781 0.0488548278808594 -0.0129928588867187 -0.125114440917969
-0.0514678955078125 0.0224456787109375 0.035186767578125 -0.107223510742187
-0.0493698120117188 -0.00266647338867188 0.0680122375488281 -0.0544662475585937
-0.0375099182128906 -0.0448722839355469 0.0547142028808594 0.00157928466796875
-0.0319862365722656 -0.06878662109375 0.00231266021728515 -0.0119180679321289
-0.0191421508789063 -0.0843429565429688 0.0267868041992188 -0.040008544921875
-0.0646018981933594 -0.0259323120117188 0.0830535888671875 -0.227691650390625
-0.0498008728027344 0.00284576416015626 -0.0023193359375 -0.144287109375
-0.0233364105224609 0.0287876129150391 -0.0128974914550781 -0.0432281494140625
0.0068511962890625 0.0178127288818359 0.0265617370605469 -0.0478286743164063
0.011836051940918 0.000464439392089844 0.0191726684570312 -0.0792388916015625
-0.00308513641357422 -0.00557708740234375 -0.01873779296875 -0.106452941894531
-0.0160846710205078 -0.00432014465332031 -0.05767822265625 -0.111961364746094
-0.0135316848754883 -0.00129032135009766 -0.0701065063476562 -0.106666564941406
-0.0196475982666016 0.00218963623046875 -0.0559921264648438 -0.122589111328125
-0.0232067108154297 -0.0110855102539063 -0.00759124755859374 -0.1326904296875
-0.0121688842773438 -0.0235328674316406 0.0401535034179687 -0.100715637207031
0.0101737976074219 -0.0179996490478516 0.06683349609375 -0.0449867248535156
0.0159015655517578 0.000608444213867187 0.0403213500976563 0.00220870971679688
-0.00871181488037109 0.0106601715087891 -0.00460433959960938 -0.0248908996582031
-0.0332050323486328 -0.00623893737792969 0.0321273803710938 -0.0662841796875
0.0537338256835937 -0.0737075805664063 -0.0093841552734375 0.0718765258789063
-0.0127716064453125 -0.0956802368164063 0.0107669830322266 0.0215015411376953
-0.0700416564941406 -0.0478630065917969 -0.0312252044677734 -0.01556396484375
-0.0683937072753906 0.0230445861816406 -0.067657470703125 0.0285263061523438
-0.036468505859375 0.0555915832519531 -0.0497283935546875 0.0762481689453125
0.010650634765625 0.0649147033691406 0.00396728515624999 0.120010375976563
0.0366706848144531 0.0579490661621094 0.0538864135742188 0.122482299804688
0.0258102416992188 0.0544090270996094 0.0649642944335938 0.100944519042969
0.0235443115234375 0.063323974609375 0.0497894287109375 0.100639343261719
-0.0118637084960937 0.0652198791503906 0.0156402587890625 0.102317810058594
-0.050079345703125 0.0372047424316406 -0.00214385986328125 0.0659599304199219
-0.0606346130371094 -0.0127906799316406 -0.001129150390625 0.0423088073730469
-0.0221519470214844 -0.0647239685058594 0.0269927978515625 0.0750808715820313
0.0350875854492188 -0.0721588134765625 0.02655029296875 0.158004760742188
0.0630416870117188 -0.0397796630859375 -0.095123291015625 0.244613647460938
0.0637359619140625 -0.145843505859375 0.00323867797851563 0.0449981689453125
-0.024017333984375 -0.158157348632813 0.0109357833862305 0.00969600677490233
-0.105804443359375 -0.0972671508789063 -0.0219650268554688 -0.0187110900878906
-0.122627258300781 0.00971984863281252 -0.0538749694824219 0.0148773193359375
-0.0814056396484375 0.0774612426757813 -0.0463371276855469 0.0470123291015625
-0.00863647460937499 0.114646911621094 -0.00750732421874999 0.0905685424804688
0.0401153564453125 0.107383728027344 0.0341415405273438 0.0973968505859375
0.0299530029296875 0.0996551513671875 0.044921875 0.0771942138671875
0.0279541015625 0.113418579101563 0.0354080200195313 0.0721893310546875
-0.0222930908203125 0.113700866699219 0.0169525146484375 0.0729751586914063
-0.0851287841796875 0.0708084106445313 0.0119781494140625 0.0385589599609375
-0.108200073242188 -0.00171661376953124 0.0213642120361328 0.0284538269042969
-0.0663604736328125 -0.102272033691406 0.052886962890625 0.0742645263671875
0.00697326660156249 -0.139808654785156 0.043670654296875 0.154296875
0.06280517578125 -0.114364624023438 -0.0704193115234375 0.234542846679687
0.0652923583984375 -0.198593139648437 0.0238475799560547 7.24792480468628E-05
-0.034027099609375 -0.201629638671875 0.0113086700439453 -0.0145244598388672
-0.130813598632813 -0.136001586914063 -0.0142230987548828 -0.0213909149169922
-0.163314819335938 -0.0055389404296875 -0.0341777801513672 0.00157928466796875
-0.11688232421875 0.0888214111328125 -0.0341300964355469 0.0133190155029297
-0.028472900390625 0.147811889648438 -0.0159797668457031 0.0488128662109375
0.03790283203125 0.14080810546875 0.010009765625 0.0575370788574219
0.0295486450195313 0.129722595214844 0.0187606811523438 0.0416069030761719
0.0299835205078125 0.148117065429688 0.0143508911132812 0.0315952301025391
-0.0261077880859375 0.147613525390625 0.0138301849365234 0.0323352813720703
-0.10772705078125 0.100631713867188 0.023895263671875 0.00252723693847657
-0.144546508789063 0.015533447265625 0.0424003601074219 0.00838851928710938
-0.109664916992188 -0.122802734375 0.07464599609375 0.0644912719726562
-0.0289459228515625 -0.188674926757813 0.0524215698242187 0.134963989257813
0.0491180419921875 -0.174026489257813 -0.0418853759765625 0.198562622070313
0.051605224609375 -0.2218017578125 0.0484428405761719 -0.0564727783203125
-0.0449371337890625 -0.216079711914063 0.0113754272460938 -0.0467796325683594
-0.143692016601562 -0.149826049804688 -0.00776863098144532 -0.0248699188232422
-0.18115234375 -0.0134735107421875 -0.0102157592773438 -0.0115623474121094
-0.132919311523437 0.0897140502929688 -0.0157527923583984 -0.0222530364990234
-0.0420379638671875 0.15899658203125 -0.0188884735107422 -0.00138664245605468
0.0296783447265625 0.15277099609375 -0.0138921737670898 0.00934314727783204
0.02508544921875 0.140640258789063 -0.0110845565795898 -6.29425048828038E-05
0.0278778076171875 0.161346435546875 -0.0113563537597656 -0.0133447647094726
-0.0275421142578125 0.160629272460937 0.00579547882080078 -0.0164337158203125
-0.115036010742187 0.11505126953125 0.029571533203125 -0.0382080078125
-0.159805297851563 0.0308837890625 0.0578117370605469 -0.0169105529785156
-0.137649536132813 -0.125076293945313 0.0852203369140625 0.0458831787109375
-0.0596771240234375 -0.209304809570312 0.0490875244140625 0.09881591796875
0.0300445556640625 -0.205184936523438 -0.0170211791992187 0.14044189453125
0.0272369384765625 -0.2122802734375 0.0708847045898438 -0.117057800292969
-0.055572509765625 -0.196014404296875 0.0111312866210937 -0.08184814453125
-0.136703491210938 -0.13299560546875 -0.0024547576904297 -0.0296230316162109
-0.167449951171875 -0.01251220703125 0.0139904022216797 -0.0259208679199219
-0.123931884765625 0.0788803100585937 0.0041046142578125 -0.0550041198730469
-0.04595947265625 0.145172119140625 -0.0201187133789063 -0.0503654479980469
0.0179214477539063 0.140045166015625 -0.0350227355957031 -0.0409774780273438
0.0168075561523438 0.130180358886719 -0.0390167236328125 -0.0427093505859375
0.02001953125 0.149673461914062 -0.0361251831054687 -0.0566368103027344
-0.0284271240234375 0.147491455078125 -0.00521469116210938 -0.0639762878417969
-0.107795715332031 0.106216430664062 0.030242919921875 -0.0757217407226563
-0.147705078125 0.03253173828125 0.0652580261230469 -0.040924072265625
-0.133857727050781 -0.11224365234375 0.0821380615234375 0.024749755859375
-0.0706329345703125 -0.1934814453125 0.0339317321777344 0.0549507141113281
0.0116119384765625 -0.199127197265625 0.00112915039062501 0.0702285766601562
-0.0045013427734375 -0.17047119140625 0.08642578125 -0.171401977539063
-0.0614471435546875 -0.144027709960938 0.0106277465820313 -0.113059997558594
-0.109550476074219 -0.0885238647460937 0.000654220581054678 -0.0347442626953125
-0.122428894042969 -0.0050201416015625 0.0312957763671875 -0.0394401550292969
-0.0899124145507813 0.0574951171875 0.018707275390625 -0.0790481567382813
-0.0386505126953125 0.1077880859375 -0.0190963745117187 -0.0883026123046875
0.00469207763671875 0.105667114257813 -0.0495071411132813 -0.0827178955078125
0.006378173828125 0.0998306274414063 -0.0601425170898438 -0.0777587890625
0.00610351562499999 0.115379333496094 -0.0541763305664062 -0.0935821533203125
-0.0307235717773438 0.108894348144531 -0.0140228271484375 -0.10321044921875
-0.0871200561523437 0.0725936889648438 0.03070068359375 -0.101707458496094
-0.109756469726563 0.0179367065429687 0.0676345825195313 -0.0551948547363281
-0.0968856811523437 -0.0867385864257812 0.0693702697753906 0.00809860229492187
-0.0576171875 -0.145217895507812 0.0147695541381836 0.0145378112792969
-0.00292968749999998 -0.157196044921875 0.0170068740844727 0.0035715103149414
-0.0362930297851563 -0.106315612792969 0.0915069580078125 -0.212203979492188
-0.05926513671875 -0.0735244750976562 0.00637817382812501 -0.135841369628906
-0.0684432983398437 -0.0301094055175781 -0.00223159790039063 -0.0399017333984375
-0.0601463317871094 0.00630950927734374 0.036468505859375 -0.0472640991210938
-0.0403633117675781 0.0299186706542969 0.0243377685546875 -0.0874786376953125
-0.0234489440917969 0.054931640625 -0.0186767578125 -0.109031677246094
-0.0064239501953125 0.0558242797851563 -0.0582656860351563 -0.108726501464844
-0.00514602661132812 0.0539093017578125 -0.0715789794921875 -0.101860046386719
-0.00893020629882813 0.0652618408203125 -0.0622100830078125 -0.11724853515625
-0.0314407348632813 0.0541305541992188 -0.0151901245117188 -0.127593994140625
-0.0559883117675781 0.0253715515136719 0.0347442626953125 -0.110458374023437
-0.0538978576660156 -0.0037078857421875 0.0689315795898438 -0.0564689636230469
-0.0403823852539063 -0.0500602722167969 0.05438232421875 0.00152587890625
-0.0317306518554687 -0.0742416381835938 0.000962257385253904 -0.0142860412597656
-0.0154876708984375 -0.0897674560546875 0.0287208557128906 -0.0469245910644531
-0.061798095703125 -0.0274925231933594 0.0856781005859375 -0.237075805664062
-0.0478515625 0.000385284423828125 -0.00263977050781252 -0.15093994140625
-0.0235137939453125 0.0269145965576172 -0.0141868591308594 -0.0452232360839844
0.00485801696777344 0.0156364440917969 0.0266952514648438 -0.0490264892578125
0.00974464416503906 0.000276565551757813 0.019805908203125 -0.0811309814453125
-0.00549411773681641 -0.00372552871704102 -0.0193634033203125 -0.109527587890625
-0.0175971984863281 -0.00158882141113281 -0.0589065551757812 -0.115455627441406
-0.0148763656616211 0.00113391876220703 -0.0721664428710938 -0.109855651855469
-0.021270751953125 0.00450325012207031 -0.0589599609375 -0.126441955566406
-0.0255012512207031 -0.00882530212402344 -0.00878906249999999 -0.135948181152344
-0.015411376953125 -0.0221920013427734 0.0408935546875 -0.103836059570312
0.00790023803710938 -0.0191974639892578 0.0680694580078125 -0.0466804504394531
0.0153484344482422 -0.00315666198730469 0.0408592224121094 0.00235748291015625
-0.00753450393676758 0.00793027877807617 -0.00524711608886719 -0.0279750823974609
-0.0295314788818359 -0.00853729248046874 0.0347671508789062 -0.0741958618164063
0.0522003173828125 -0.0765533447265625 -0.0116500854492187 0.081878662109375
-0.01702880859375 -0.09637451171875 0.0103912353515625 0.0267353057861328
-0.0728530883789063 -0.0467300415039063 -0.0313949584960938 -0.0150108337402344
-0.0689582824707031 0.0249862670898438 -0.070343017578125 0.0312042236328125
-0.0352935791015625 0.0577545166015625 -0.0511627197265625 0.0806655883789063
0.0131149291992188 0.0662307739257813 0.0062408447265625 0.125274658203125
0.040283203125 0.0579109191894531 0.0594482421875 0.127677917480469
0.0291595458984375 0.0546836853027344 0.0694122314453125 0.105918884277344
0.0278282165527344 0.06329345703125 0.0540313720703125 0.105690002441406
-0.00867080688476563 0.0675811767578125 0.0183181762695313 0.107315063476563
-0.0498428344726563 0.0408744812011719 -0.00142288208007812 0.0694999694824219
-0.06353759765625 -0.0102348327636719 -0.00131988525390625 0.0447845458984375
-0.0261077880859375 -0.0658645629882813 0.030059814453125 0.0767745971679687
0.0315780639648438 -0.07623291015625 0.03070068359375 0.165420532226563
0.0618095397949219 -0.0438652038574219 -0.097015380859375 0.260238647460937
0.062896728515625 -0.154052734375 0.000102996826171876 0.0534400939941406
-0.029754638671875 -0.162857055664063 0.0101051330566406 0.0138216018676758
-0.112083435058594 -0.098876953125 -0.0225505828857422 -0.0184783935546875
-0.126197814941406 0.0130844116210937 -0.0563583374023438 0.0169792175292969
-0.082916259765625 0.08197021484375 -0.0485687255859375 0.0511817932128906
-0.00593566894531251 0.11859130859375 -0.00650024414062501 0.096038818359375
0.0453567504882813 0.109237670898438 0.038116455078125 0.103073120117188
0.034210205078125 0.102714538574219 0.04876708984375 0.0816574096679688
0.0331039428710938 0.117439270019531 0.0381698608398438 0.0764846801757813
-0.0183639526367188 0.119277954101563 0.0189666748046875 0.07818603515625
-0.0867843627929687 0.077880859375 0.0120773315429687 0.0405311584472656
-0.114479064941406 0.00197601318359377 0.0208740234375 0.0302600860595703
-0.0738449096679688 -0.104904174804688 0.0563507080078125 0.0757217407226562
0.00106811523437501 -0.147720336914063 0.04730224609375 0.1607666015625
0.0610885620117188 -0.123832702636719 -0.0704803466796875 0.248687744140625
0.0640869140625 -0.210784912109375 0.0204410552978516 0.00435447692871093
-0.040008544921875 -0.209732055664063 0.0092620849609375 -0.0125503540039063
-0.139892578125 -0.138786315917969 -0.015310287475586 -0.0205898284912109
-0.17132568359375 -0.00218200683593753 -0.0360488891601563 0.00303268432617187
-0.119987487792969 0.0946578979492188 -0.0369834899902344 0.015716552734375
-0.02642822265625 0.155593872070313 -0.015869140625 0.0532913208007813
0.042572021484375 0.145614624023437 0.0125007629394531 0.0632743835449219
0.0344467163085937 0.135284423828125 0.0205535888671875 0.0459747314453125
0.0363922119140625 0.154510498046875 0.0150108337402344 0.0359230041503906
-0.02264404296875 0.155624389648437 0.0154876708984375 0.0351600646972656
-0.11041259765625 0.109588623046875 0.0232391357421875 0.00229835510253907
-0.153289794921875 0.020416259765625 0.04254150390625 0.00782012939453125
-0.120475769042969 -0.12744140625 0.0778274536132812 0.0653610229492187
-0.0373382568359375 -0.199264526367188 0.055633544921875 0.139167785644531
0.0479888916015625 -0.186721801757812 -0.0419769287109375 0.208953857421875
0.0514984130859375 -0.236053466796875 0.0446319580078125 -0.0567893981933594
-0.0516204833984375 -0.226608276367187 0.00914001464843749 -0.0471725463867188
-0.154541015625 -0.15484619140625 -0.00892448425292969 -0.0243625640869141
-0.191329956054688 -0.010040283203125 -0.0120906829833984 -0.011021614074707
-0.139060974121094 0.0972061157226562 -0.0185279846191406 -0.0212783813476562
-0.041412353515625 0.168914794921875 -0.0205631256103516 0.00184440612792969
0.03485107421875 0.159561157226563 -0.0133800506591797 0.0124416351318359
0.0302581787109375 0.148345947265625 -0.0112457275390625 0.00250625610351563
0.034210205078125 0.169158935546875 -0.0129632949829102 -0.0104913711547851
-0.023956298828125 0.170822143554688 0.00554466247558594 -0.0149316787719726
-0.119361877441406 0.124786376953125 0.0281867980957031 -0.0397300720214844
-0.169525146484375 0.036102294921875 0.0570030212402344 -0.0189132690429688
-0.149169921875 -0.131057739257813 0.088165283203125 0.0454864501953125
-0.06982421875 -0.22113037109375 0.0513153076171875 0.101463317871094
0.02838134765625 -0.218978881835938 -0.0176544189453125 0.146011352539063
0.0268707275390625 -0.226211547851563 0.068084716796875 -0.122116088867188
-0.0612335205078125 -0.206924438476563 0.00824737548828125 -0.0848464965820313
-0.147994995117188 -0.13848876953125 -0.00408172607421876 -0.0295219421386719
-0.17877197265625 -0.0107269287109375 0.0124454498291016 -0.0263004302978516
-0.130241394042969 0.0861129760742187 0.00146865844726562 -0.0559654235839844
-0.0457611083984375 0.155609130859375 -0.0218925476074219 -0.0495376586914062
0.0220794677734375 0.148468017578125 -0.0371246337890625 -0.0399971008300781
0.020599365234375 0.138053894042969 -0.0411796569824219 -0.0408706665039062
0.024932861328125 0.158126831054688 -0.0401496887207031 -0.0563125610351562
-0.0263214111328125 0.157501220703125 -0.00770950317382813 -0.0647544860839844
-0.112030029296875 0.116294860839844 0.0278396606445312 -0.0795211791992187
-0.157806396484375 0.037139892578125 0.0652732849121094 -0.0436782836914063
-0.14495849609375 -0.118194580078125 0.0844497680664062 0.023681640625
-0.079315185546875 -0.204788208007812 0.0333213806152344 0.0560684204101562
0.0106353759765625 -0.212799072265625 0.00119018554687501 0.0705718994140625
-0.00381469726562501 -0.182632446289063 0.0850982666015625 -0.180953979492187
-0.0655364990234375 -0.153594970703125 0.00678253173828124 -0.11883544921875
-0.119377136230469 -0.0939407348632813 -0.00068664550781251 -0.0360031127929688
-0.13226318359375 -0.00366210937500001 0.0310287475585937 -0.0404624938964844
-0.0951995849609375 0.0629196166992188 0.016387939453125 -0.0815277099609375
-0.0390472412109375 0.1165771484375 -0.0218658447265625 -0.0907974243164062
0.00746154785156249 0.113113403320313 -0.0533981323242188 -0.0840072631835938
0.00879669189453126 0.106521606445313 -0.0634384155273438 -0.0789031982421875
0.00871276855468751 0.123847961425781 -0.05908203125 -0.0942459106445312
-0.029632568359375 0.117622375488281 -0.0169677734375 -0.105705261230469
-0.092041015625 0.0802078247070312 0.028594970703125 -0.106048583984375
-0.117820739746094 0.0206222534179687 0.0678825378417969 -0.0590057373046875
-0.105148315429688 -0.0924148559570312 0.0707626342773438 0.00738525390624999
-0.0640411376953125 -0.154495239257813 0.0136241912841797 0.0135326385498047
-0.00280761718749999 -0.168106079101563 0.0169506072998047 -0.000966072082519542
-0.03515625 -0.112548828125 0.0918121337890625 -0.226531982421875
-0.0610809326171875 -0.0796585083007813 0.003326416015625 -0.14447021484375
-0.0731353759765625 -0.0341720581054688 -0.00403976440429688 -0.0423316955566406
-0.0665092468261719 0.00590896606445312 0.0358924865722656 -0.0490913391113281
-0.0453262329101563 0.0321044921875 0.022796630859375 -0.0913314819335938
-0.0251045227050781 0.0601844787597656 -0.02105712890625 -0.112762451171875
-0.00637817382812499 0.0609359741210938 -0.062713623046875 -0.111953735351563
-0.00450515747070312 0.0595130920410156 -0.0763778686523437 -0.104042053222656
-0.00794219970703124 0.0709915161132813 -0.0677566528320313 -0.120384216308594
-0.0323333740234375 0.0600547790527344 -0.0186920166015625 -0.132461547851563
-0.0607223510742188 0.0298805236816406 0.0329055786132812 -0.116020202636719
-0.0599899291992188 -0.00357437133789061 0.0695724487304688 -0.060577392578125
-0.0451011657714844 -0.0554275512695313 0.0552406311035156 0.000732421874999997
-0.0339813232421875 -0.0809707641601562 -0.000609397888183595 -0.0168704986572266
-0.013397216796875 -0.0964889526367187 0.0298500061035156 -0.054901123046875
-0.0616111755371094 -0.0284461975097656 0.086334228515625 -0.252609252929687
-0.0473556518554688 -0.00157928466796874 -0.00624084472656251 -0.160980224609375
-0.0235519409179687 0.0256462097167969 -0.0158157348632813 -0.0476150512695313
0.00311851501464844 0.0147838592529297 0.0262031555175781 -0.0513572692871094
0.00797176361083985 -0.000749588012695313 0.0191574096679688 -0.0849761962890625
-0.00774002075195313 -0.00190353393554688 -0.021820068359375 -0.114028930664062
-0.0192031860351563 0.00141334533691406 -0.0641708374023437 -0.121360778808594
-0.016749382019043 0.0034952163696289 -0.0773239135742188 -0.114051818847656
-0.0224742889404297 0.00790786743164063 -0.06427001953125 -0.130836486816406
-0.0277729034423828 -0.005340576171875 -0.012847900390625 -0.141464233398438
-0.0198326110839844 -0.0213699340820312 0.0400848388671875 -0.109542846679688
0.00495147705078125 -0.0207042694091797 0.0694465637207031 -0.0514030456542969
0.0147113800048828 -0.00681495666503906 0.0419464111328125 0.00131988525390625
-0.00665521621704102 0.00503396987915039 -0.00655364990234375 -0.0313396453857422
-0.0272598266601563 -0.0105495452880859 0.0370101928710937 -0.0847854614257813
0.0490798950195312 -0.0807571411132813 -0.011077880859375 0.0930557250976563
-0.0230178833007813 -0.0952911376953125 0.0114250183105469 0.0312709808349609
-0.076507568359375 -0.043212890625 -0.0328311920166016 -0.0135040283203125
-0.0680732727050781 0.0285072326660156 -0.0715789794921875 0.0357437133789063
-0.0329627990722656 0.06072998046875 -0.0499343872070313 0.0860443115234375
0.0173454284667969 0.0666542053222656 0.0124740600585938 0.130599975585938
0.0444145202636719 0.0560798645019531 0.068267822265625 0.131462097167969
0.0336761474609375 0.0534133911132813 0.0770111083984375 0.108634948730469
0.0333480834960938 0.0626258850097656 0.0608291625976562 0.10943603515625
-0.00352859497070313 0.0700607299804688 0.0248489379882812 0.111915588378906
-0.0482978820800781 0.0457611083984375 0.000595092773437505 0.0727920532226563
-0.0662841796875 -0.00576400756835936 0.000278472900390624 0.047088623046875
-0.0316390991210937 -0.0657005310058594 0.0354156494140625 0.0783233642578125
0.0264205932617188 -0.0804214477539063 0.03839111328125 0.1719970703125
0.0583724975585938 -0.0501136779785156 -0.0908203125 0.278228759765625
0.0574188232421875 -0.162948608398438 -0.0012969970703125 0.0622711181640625
-0.0394439697265625 -0.165634155273437 0.00939369201660156 0.0172529220581055
-0.120323181152344 -0.096893310546875 -0.0237751007080078 -0.0168132781982422
-0.130691528320313 0.0185699462890625 -0.0579376220703125 0.0204849243164062
-0.0817642211914062 0.0885848999023438 -0.0485877990722656 0.0559654235839844
-0.000411987304687498 0.123649597167969 -0.00263977050781251 0.101806640625
0.0520477294921875 0.110580444335938 0.0453567504882812 0.107818603515625
0.0408706665039062 0.10430908203125 0.0548248291015625 0.0853424072265625
0.041595458984375 0.119903564453125 0.0427398681640625 0.0800857543945313
-0.01171875 0.125 0.023773193359375 0.0813827514648438
-0.0857772827148437 0.08660888671875 0.0135650634765625 0.0424957275390625
-0.120651245117188 0.00881195068359377 0.0217494964599609 0.0306377410888672
-0.0842819213867188 -0.106208801269531 0.0618057250976563 0.0754318237304688
-0.00941467285156249 -0.154998779296875 0.0546875 0.165863037109375
0.0561141967773438 -0.133918762207031 -0.064544677734375 0.263641357421875
0.05731201171875 -0.224090576171875 0.0174856185913086 0.00977039337158202
-0.052154541015625 -0.21588134765625 0.00719642639160156 -0.00962448120117189
-0.152603149414063 -0.138717651367188 -0.0162677764892578 -0.0201969146728516
-0.179092407226563 0.00579833984375003 -0.0382347106933594 0.00589752197265625
-0.121040344238281 0.105209350585938 -0.0381889343261719 0.0202445983886719
-0.0199737548828125 0.16363525390625 -0.0143699645996094 0.0578727722167969
0.051727294921875 0.149688720703125 0.0164222717285156 0.0670547485351563
0.0432891845703125 0.139968872070313 0.0239791870117188 0.0497665405273438
0.0467681884765625 0.159622192382813 0.0168342590332031 0.0394363403320313
-0.014404296875 0.164642333984375 0.0177993774414063 0.0375099182128906
-0.110435485839844 0.121719360351562 0.0227279663085937 0.00246047973632813
-0.160797119140625 0.029876708984375 0.0419692993164062 0.00701904296875
-0.134262084960938 -0.1278076171875 0.0830459594726562 0.0635223388671875
-0.051544189453125 -0.208206176757813 0.0623016357421875 0.142654418945313
0.0411834716796875 -0.199905395507812 -0.036376953125 0.220230102539063
0.043975830078125 -0.251617431640625 0.0401992797851562 -0.0564231872558594
-0.0648193359375 -0.234756469726563 0.004547119140625 -0.046875
-0.1693115234375 -0.154693603515625 -0.0115165710449219 -0.0244026184082031
-0.202651977539063 -0.00201416015624996 -0.0133895874023438 -0.0100679397583008
-0.1409912109375 0.108840942382813 -0.0216388702392578 -0.0191421508789062
-0.034881591796875 0.179550170898438 -0.0220699310302734 0.00499343872070314
0.0436553955078125 0.166091918945313 -0.0130596160888672 0.0158481597900391
0.0389404296875 0.153839111328125 -0.0101070404052734 0.00558090209960939
0.0450439453125 0.175979614257813 -0.0140228271484375 -0.00713539123535155
-0.015869140625 0.180496215820313 0.00519657135009765 -0.0142688751220703
-0.119232177734375 0.139358520507813 0.0259742736816406 -0.04241943359375
-0.178680419921875 0.0464324951171875 0.0558280944824219 -0.0216445922851562
-0.165237426757813 -0.131195068359375 0.0917892456054687 0.0425796508789062
-0.0858001708984375 -0.2294921875 0.05523681640625 0.102897644042969
0.0204925537109375 -0.233383178710937 -0.0136871337890625 0.151458740234375
0.020538330078125 -0.241119384765625 0.0616607666015625 -0.12811279296875
-0.0734405517578125 -0.215957641601563 0.0016326904296875 -0.0878677368164063
-0.16290283203125 -0.139602661132813 -0.00666809082031251 -0.0312347412109375
-0.1900634765625 -0.00262451171874996 0.0110836029052734 -0.0270709991455078
-0.133781433105469 0.0974197387695313 -0.00175094604492188 -0.0566864013671875
-0.0411529541015625 0.167098999023438 -0.0258102416992188 -0.0488662719726562
0.0303497314453125 0.155593872070312 -0.0398826599121094 -0.0381660461425781
0.0286407470703125 0.144989013671875 -0.04412841796875 -0.0390281677246094
0.0341644287109375 0.165420532226562 -0.0445747375488281 -0.0539665222167969
-0.0191192626953125 0.167739868164062 -0.0104598999023437 -0.0655097961425781
-0.113182067871094 0.12847900390625 0.0242843627929687 -0.083709716796875
-0.166534423828125 0.0462799072265625 0.0631752014160156 -0.0476493835449219
-0.160598754882813 -0.11907958984375 0.0865707397460937 0.0210952758789062
-0.0941314697265625 -0.21258544921875 0.0348358154296875 0.0556488037109375
0.00405883789062502 -0.226577758789063 0.00353240966796875 0.0709991455078125
-0.00901794433593748 -0.193695068359375 0.0775909423828125 -0.1925048828125
-0.0745391845703125 -0.161148071289063 -0.00104522705078126 -0.125175476074219
-0.13018798828125 -0.09527587890625 -0.00390243530273438 -0.0383949279785156
-0.141876220703125 0.00163269042968751 0.0292625427246094 -0.0426483154296875
-0.09918212890625 0.0709915161132813 0.0129241943359375 -0.08404541015625
-0.0365753173828125 0.12689208984375 -0.0271759033203125 -0.0916290283203125
0.013641357421875 0.120277404785156 -0.059539794921875 -0.0844345092773437
0.01385498046875 0.113151550292969 -0.0693359375 -0.0777816772460938
0.0159530639648438 0.131080627441406 -0.0666046142578125 -0.0937957763671875
-0.0256729125976562 0.12689208984375 -0.02313232421875 -0.108428955078125
-0.0942840576171875 0.0906829833984375 0.023834228515625 -0.111618041992188
-0.125587463378906 0.0270004272460937 0.0665206909179687 -0.06396484375
-0.116806030273438 -0.0950775146484375 0.0722579956054687 0.00458526611328124
-0.0744781494140625 -0.16143798828125 0.0120010375976562 0.0117387771606445
-0.0064239501953125 -0.17926025390625 0.0167655944824219 -0.00543880462646486
-0.0384674072265625 -0.118911743164062 0.0844268798828125 -0.242584228515625
-0.065765380859375 -0.084075927734375 -0.00535583496093749 -0.153106689453125
-0.07891845703125 -0.0355072021484375 -0.00757217407226563 -0.044647216796875
-0.0723037719726562 0.00812530517578126 0.0344581604003906 -0.0525398254394531
-0.0482978820800781 0.036041259765625 0.0192031860351562 -0.0948104858398438
-0.0244140625 0.0669059753417969 -0.0277175903320313 -0.115715026855469
-0.00362014770507813 0.0672836303710938 -0.0702972412109375 -0.114425659179687
-0.00220870971679687 0.0645790100097656 -0.0839309692382812 -0.104537963867187
-0.00495147705078125 0.0770492553710938 -0.0766143798828125 -0.121833801269531
-0.0306129455566406 0.0673789978027344 -0.0267410278320312 -0.136238098144531
-0.0641593933105469 0.0359077453613281 0.0279769897460938 -0.12274169921875
-0.0660972595214844 -0.000923156738281252 0.0679931640625 -0.0661773681640625
-0.051422119140625 -0.0588798522949219 0.0566291809082031 -0.001678466796875
-0.0386734008789063 -0.0860671997070313 -0.003173828125 -0.0192070007324219
-0.0142288208007813 -0.103126525878906 0.028289794921875 -0.0640716552734375
-0.0615234375 -0.02783203125 0.078521728515625 -0.270751953125
-0.0475959777832031 -0.00239181518554687 -0.0147705078125 -0.170272827148438
-0.0234222412109375 0.0248050689697266 -0.0201187133789062 -0.0492668151855469
0.00227260589599609 0.0136728286743164 0.0248756408691406 -0.0542945861816406
0.00604343414306641 -0.00134515762329102 0.0162887573242187 -0.0886993408203125
-0.00982189178466797 -1.23977661132814E-05 -0.027252197265625 -0.118240356445313
-0.0199527740478516 0.00490379333496094 -0.0725936889648438 -0.124351501464844
-0.0176563262939453 0.00687408447265625 -0.0854110717773437 -0.115966796875
-0.0232906341552734 0.0119876861572266 -0.0726165771484375 -0.133743286132813
-0.0296058654785156 -0.0011444091796875 -0.0206298828125 -0.147064208984375
-0.0235958099365234 -0.0191669464111328 0.0356826782226562 -0.116439819335937
0.000951766967773438 -0.0227584838867188 0.0700721740722656 -0.0569496154785156
0.0137062072753906 -0.0111055374145508 0.0430870056152344 3.81469726562493E-05
-0.00546121597290039 0.00210237503051758 -0.00909233093261719 -0.0350170135498047
-0.0246028900146484 -0.0126113891601562 0.0350723266601563 -0.0961151123046875
0.0438003540039063 -0.082916259765625 -0.0074615478515625 0.10247802734375
-0.02996826171875 -0.0927581787109375 0.0138397216796875 0.0357208251953125
-0.07830810546875 -0.0380859375 -0.0333690643310547 -0.0107822418212891
-0.0656890869140625 0.0324859619140625 -0.0712356567382813 0.040008544921875
-0.0282173156738281 0.0629730224609375 -0.0465011596679688 0.0910720825195313
0.0221595764160156 0.0654449462890625 0.0204696655273438 0.133125305175781
0.0493888854980469 0.0521888732910156 0.0782623291015625 0.131080627441406
0.037628173828125 0.0507965087890625 0.0857315063476563 0.107048034667969
0.0391349792480469 0.059967041015625 0.0679244995117188 0.109115600585938
0.00289154052734375 0.0706100463867187 0.0318450927734375 0.11346435546875
-0.0442543029785156 0.0496444702148437 0.00473022460937499 0.0746688842773438
-0.0677947998046875 -0.000236511230468756 0.0017242431640625 0.0489082336425781
-0.0361366271972656 -0.0635528564453125 0.0401687622070313 0.0771102905273437
0.0188522338867188 -0.0826568603515625 0.04864501953125 0.174484252929688
0.0532341003417969 -0.0541114807128906 -0.07769775390625 0.291656494140625
0.048431396484375 -0.169036865234375 -0.000473022460937493 0.0707473754882812
-0.05010986328125 -0.16363525390625 0.00972557067871093 0.0209484100341797
-0.127212524414063 -0.0898895263671875 -0.0246429443359375 -0.0158157348632813
-0.131301879882813 0.025909423828125 -0.0579833984375 0.0245475769042969
-0.0768814086914062 0.0942001342773438 -0.0469169616699219 0.0607872009277344
0.00765228271484374 0.124954223632812 0.00373840332031251 0.105072021484375
0.06024169921875 0.1090087890625 0.0540084838867187 0.108512878417969
0.048004150390625 0.103584289550781 0.0616378784179687 0.0864639282226562
0.0515060424804687 0.118072509765625 0.0487747192382813 0.08160400390625
-0.00228118896484375 0.127204895019531 0.0291213989257813 0.0824508666992188
-0.0817794799804688 0.0953140258789063 0.0153388977050781 0.0426368713378906
-0.123374938964844 0.017608642578125 0.0217838287353516 0.0309810638427734
-0.0943984985351562 -0.102951049804688 0.06634521484375 0.0725250244140625
-0.0217437744140625 -0.157394409179687 0.0640411376953125 0.167449951171875
0.04718017578125 -0.141677856445313 -0.0524444580078125 0.274002075195313
0.0455322265625 -0.232742309570312 0.0142850875854492 0.0153989791870117
-0.0665283203125 -0.215011596679688 0.00521469116210937 -0.00664377212524415
-0.163681030273438 -0.1318359375 -0.0184288024902344 -0.0196094512939453
-0.1827392578125 0.0158538818359375 -0.0388717651367188 0.00891876220703126
-0.1170654296875 0.114570617675781 -0.0382041931152344 0.0247268676757813
-0.010711669921875 0.1689453125 -0.0116119384765625 0.0615005493164063
0.0618133544921875 0.150039672851563 0.0223922729492188 0.069671630859375
0.052947998046875 0.140045166015625 0.0286941528320313 0.0513267517089844
0.058746337890625 0.159942626953125 0.01953125 0.041961669921875
-0.0031890869140625 0.16949462890625 0.0204887390136719 0.0388221740722656
-0.104888916015625 0.132591247558594 0.0221958160400391 0.0019054412841797
-0.164535522460938 0.041290283203125 0.04119873046875 0.00563812255859375
-0.14703369140625 -0.123199462890625 0.0861968994140625 0.0599441528320312
-0.068511962890625 -0.2099609375 0.069580078125 0.141342163085938
0.0299072265625 -0.208969116210938 -0.025848388671875 0.227371215820313
0.0313262939453125 -0.261154174804688 0.0340194702148438 -0.0551490783691406
-0.0806121826171875 -0.236083984375 0.000347137451171869 -0.0455398559570313
-0.183212280273438 -0.148300170898437 -0.0132350921630859 -0.0234432220458984
-0.207916259765625 0.010650634765625 -0.0150365829467774 -0.00749492645263672
-0.1385498046875 0.11993408203125 -0.0236434936523438 -0.0168972015380859
-0.025115966796875 0.187042236328125 -0.0220241546630859 0.00821304321289063
0.0550537109375 0.168304443359375 -0.0110759735107422 0.0190200805664063
0.0492706298828125 0.156143188476562 -0.00983905792236328 0.00895690917968751
0.0576171875 0.177413940429687 -0.0146932601928711 -0.00356769561767577
-0.0033416748046875 0.187057495117188 0.00467395782470703 -0.0132570266723633
-0.114303588867187 0.15155029296875 0.0224456787109375 -0.0443801879882812
-0.181716918945312 0.059722900390625 0.05352783203125 -0.024261474609375
-0.179061889648438 -0.124893188476563 0.0942153930664062 0.0380783081054687
-0.103668212890625 -0.230804443359375 0.0595169067382812 0.102149963378906
0.00849914550781252 -0.242599487304688 -0.00660705566406249 0.155014038085937
0.0086822509765625 -0.250640869140625 0.0517425537109375 -0.130790710449219
-0.087554931640625 -0.217269897460938 -0.00611114501953126 -0.0882492065429688
-0.177398681640625 -0.134063720703125 -0.00936317443847657 -0.0301914215087891
-0.197280883789062 0.00952148437499999 0.0091876983642578 -0.0276374816894531
-0.132469177246094 0.1097412109375 -0.00654983520507814 -0.0553092956542969
-0.030975341796875 0.175064086914063 -0.0291976928710938 -0.0464286804199219
0.0412445068359375 0.158706665039063 -0.0417938232421875 -0.0351676940917969
0.037933349609375 0.147171020507813 -0.0455131530761719 -0.034881591796875
0.0463714599609375 0.168731689453125 -0.0489463806152344 -0.0509490966796875
-0.00784301757812501 0.1746826171875 -0.0147781372070313 -0.0643272399902344
-0.108306884765625 0.1412353515625 0.0184249877929687 -0.0861740112304687
-0.168930053710938 0.05853271484375 0.0590629577636719 -0.0510444641113281
-0.173324584960937 -0.113784790039063 0.0869216918945312 0.016143798828125
-0.110092163085937 -0.21258544921875 0.0359878540039062 0.0538368225097656
-0.00665283203124999 -0.234786987304688 0.00549697875976563 0.0695419311523437
-0.0180816650390625 -0.201324462890625 0.0651702880859375 -0.200851440429688
-0.0845184326171875 -0.163604736328125 -0.010833740234375 -0.128242492675781
-0.140182495117188 -0.0922470092773437 -0.00858306884765626 -0.0388031005859375
-0.14935302734375 0.00959777832031248 0.0266265869140625 -0.0445442199707031
-0.0998764038085938 0.0797576904296875 0.00821685791015624 -0.08477783203125
-0.0300827026367188 0.133293151855469 -0.0322647094726563 -0.0899581909179687
0.0218734741210938 0.124832153320312 -0.0653533935546875 -0.0817947387695312
0.0211944580078125 0.117607116699219 -0.07391357421875 -0.0727920532226563
0.0255203247070312 0.1353759765625 -0.0729446411132812 -0.0894775390625
-0.0176315307617187 0.134033203125 -0.02996826171875 -0.107574462890625
-0.0923538208007812 0.100967407226562 0.0166473388671875 -0.1146240234375
-0.129905700683594 0.0351028442382813 0.0616378784179687 -0.0678215026855469
-0.128082275390625 -0.0924530029296875 0.0718307495117187 0.00141143798828124
-0.0859527587890625 -0.164108276367187 0.0107450485229492 0.0107841491699219
-0.0134735107421875 -0.186630249023438 0.0161762237548828 -0.0108652114868164
-0.0425033569335937 -0.122489929199219 0.070648193359375 -0.253463745117188
-0.0705947875976563 -0.0860671997070312 -0.016204833984375 -0.157745361328125
-0.0840377807617188 -0.0352401733398437 -0.0113372802734375 -0.0460205078125
-0.07598876953125 0.0120773315429688 0.031524658203125 -0.0553474426269531
-0.0499114990234375 0.040679931640625 0.0138778686523438 -0.0969161987304688
-0.0216827392578125 0.0731124877929688 -0.0341033935546875 -0.115509033203125
0.000358581542968753 0.0716552734375 -0.078643798828125 -0.112838745117188
0.0012054443359375 0.0684318542480469 -0.091094970703125 -0.101524353027344
0.000404357910156258 0.0817642211914063 -0.0858993530273438 -0.118133544921875
-0.0271453857421875 0.0731658935546875 -0.0352020263671875 -0.136436462402344
-0.0656051635742188 0.0437164306640625 0.0204696655273437 -0.127426147460938
-0.0700492858886719 0.00188446044921874 0.0646133422851563 -0.0703353881835938
-0.0582351684570312 -0.0603179931640625 0.0562858581542969 -0.00441741943359375
-0.0449905395507813 -0.0887527465820313 -0.00585937500000001 -0.0209693908691406
-0.0170211791992188 -0.107940673828125 0.0245208740234375 -0.0714035034179688
-0.0617408752441406 -0.0267333984375 0.064483642578125 -0.283416748046875
-0.0467796325683594 -0.00207901000976562 -0.02587890625 -0.17559814453125
-0.0222702026367188 0.0234756469726563 -0.024017333984375 -0.0500526428222656
0.00122451782226563 0.0124320983886719 0.0210762023925781 -0.0564842224121094
0.00394320487976074 -0.0019843578338623 0.0119476318359375 -0.0913772583007813
-0.0109157562255859 0.0029458999633789 -0.03338623046875 -0.11944580078125
-0.0202999114990234 0.00821304321289062 -0.0814895629882813 -0.123435974121094
-0.0179061889648437 0.0101566314697266 -0.0939102172851563 -0.114067077636719
-0.0231266021728516 0.0150375366210938 -0.0828094482421875 -0.132095336914063
-0.0304889678955078 0.00315475463867188 -0.03021240234375 -0.14801025390625
-0.0264301300048828 -0.016571044921875 0.0287933349609375 -0.120841979980469
-0.00255775451660156 -0.0240879058837891 0.0673675537109375 -0.0627365112304687
0.0112466812133789 -0.0142316818237305 0.0428924560546875 -0.00326919555664063
-0.00426769256591797 -0.000826120376586914 -0.012542724609375 -0.0381317138671875
-0.0230331420898438 -0.0146408081054688 0.0310592651367188 -0.10650634765625
0.0386581420898438 -0.0830841064453125 -0.00092315673828125 0.109298706054688
-0.0333938598632812 -0.0876693725585937 0.0148735046386719 0.0391998291015625
-0.0770339965820313 -0.0336227416992188 -0.0316162109375 -0.00958633422851563
-0.06298828125 0.0350265502929687 -0.0685310363769531 0.0427017211914063
-0.02508544921875 0.0628013610839844 -0.0429534912109375 0.0921173095703125
0.0257377624511719 0.0615768432617188 0.0272445678710938 0.130752563476563
0.0499954223632813 0.0478401184082031 0.0850143432617187 0.127830505371094
0.0404853820800781 0.0463104248046875 0.0900955200195313 0.10394287109375
0.0430946350097656 0.0550613403320313 0.073883056640625 0.107353210449219
0.00734329223632813 0.0701103210449219 0.0382843017578125 0.111473083496094
-0.0398788452148437 0.0509605407714844 0.006805419921875 0.0740585327148438
-0.0666847229003906 0.00389480590820311 0.00476837158203125 0.0485572814941406
-0.0391006469726563 -0.0594100952148438 0.0441207885742188 0.0753936767578125
0.0115127563476562 -0.0819168090820313 0.055877685546875 0.171981811523438
0.0475578308105469 -0.056732177734375 -0.06549072265625 0.296173095703125
0.0381927490234375 -0.17022705078125 0.002655029296875 0.0770111083984375
-0.058013916015625 -0.158401489257813 0.0104160308837891 0.0246219635009766
-0.130180358886719 -0.082672119140625 -0.0255680084228516 -0.0135955810546875
-0.1275634765625 0.0326690673828125 -0.0565757751464844 0.0260009765625
-0.07073974609375 0.0983734130859375 -0.0449714660644531 0.0641670227050781
0.01361083984375 0.123031616210938 0.00780487060546876 0.104736328125
0.0647048950195313 0.10614013671875 0.0595626831054688 0.106719970703125
0.053497314453125 0.0998077392578125 0.0664749145507813 0.0845947265625
0.0582275390625 0.114364624023437 0.05291748046875 0.0796737670898438
0.006195068359375 0.127883911132813 0.0337142944335938 0.0810394287109375
-0.0754470825195313 0.100204467773437 0.0164451599121094 0.0417442321777344
-0.122703552246094 0.02679443359375 0.0224094390869141 0.0308685302734375
-0.0991287231445313 -0.0959625244140625 0.068572998046875 0.0685768127441406
-0.0330047607421875 -0.156845092773438 0.0694122314453125 0.162689208984375
0.0394134521484375 -0.145187377929688 -0.04010009765625 0.277801513671875
0.033966064453125 -0.235275268554688 0.0131587982177734 0.0221881866455078
-0.07586669921875 -0.211624145507813 0.00579833984374999 -0.00305652618408204
-0.16900634765625 -0.12445068359375 -0.0192279815673828 -0.0169601440429688
-0.181182861328125 0.0247650146484375 -0.0381660461425781 0.011077880859375
-0.111625671386719 0.120468139648438 -0.0370826721191406 0.0262680053710938
-0.0007781982421875 0.169601440429688 -0.00728988647460937 0.0635757446289063
0.067840576171875 0.14599609375 0.0267486572265625 0.0690689086914063
0.0593948364257813 0.138595581054688 0.0322647094726563 0.0527687072753906
0.0681915283203125 0.156768798828125 0.0208587646484375 0.0446014404296875
0.00898742675781251 0.169448852539062 0.0241127014160156 0.0390815734863281
-0.0969314575195313 0.138313293457031 0.0213565826416016 0.000650405883789071
-0.16259765625 0.0519561767578125 0.0404052734375 0.00658416748046875
-0.154464721679688 -0.116165161132812 0.0873184204101562 0.0539703369140625
-0.0803375244140625 -0.205734252929688 0.0735626220703125 0.138351440429688
0.0199737548828125 -0.211013793945313 -0.0168609619140625 0.22698974609375
0.0183258056640625 -0.265365600585938 0.0274085998535156 -0.0520820617675781
-0.0911407470703125 -0.23223876953125 -0.00500106811523438 -0.0413017272949219
-0.190155029296875 -0.13958740234375 -0.0150547027587891 -0.021759033203125
-0.207244873046875 0.0210418701171875 -0.0153722763061524 -0.00623607635498047
-0.132949829101563 0.125846862792969 -0.0257663726806641 -0.0137271881103516
-0.0151519775390625 0.1898193359375 -0.0213871002197266 0.0110263824462891
0.063720703125 0.167449951171875 -0.00824356079101562 0.0194416046142578
0.0579833984375 0.153121948242188 -0.00623607635498047 0.0115375518798828
0.0684814453125 0.175674438476563 -0.0138559341430664 -0.000182151794433586
0.00671386718749998 0.18695068359375 0.003997802734375 -0.0115728378295898
-0.105758666992188 0.159759521484375 0.018096923828125 -0.0437126159667969
-0.180694580078125 0.0688018798828125 0.049530029296875 -0.0245170593261719
-0.186538696289062 -0.117691040039063 0.0938796997070313 0.0341567993164063
-0.11614990234375 -0.22637939453125 0.061767578125 0.0978622436523437
-0.00111389160156249 -0.244216918945313 -0.000305175781249996 0.154556274414062
-0.00204467773437501 -0.252655029296875 0.0426101684570312 -0.128562927246094
-0.097930908203125 -0.215301513671875 -0.0112762451171875 -0.0848617553710938
-0.184249877929687 -0.12677001953125 -0.0115909576416016 -0.0294170379638672
-0.1973876953125 0.02008056640625 0.00727272033691405 -0.0265674591064453
-0.127616882324219 0.118125915527344 -0.00785827636718751 -0.0537643432617187
-0.0228271484375 0.178787231445313 -0.0319366455078125 -0.0416221618652344
0.04888916015625 0.157623291015625 -0.0437240600585938 -0.03173828125
0.04705810546875 0.14666748046875 -0.0446739196777344 -0.0308265686035156
0.05560302734375 0.168624877929688 -0.0515251159667969 -0.0455474853515625
0.00253295898437502 0.1766357421875 -0.0173988342285156 -0.0629348754882812
-0.10260009765625 0.148941040039062 0.0130233764648437 -0.0859451293945312
-0.168624877929687 0.067718505859375 0.0562286376953125 -0.0526962280273438
-0.181533813476563 -0.106689453125 0.08642578125 0.01416015625
-0.121810913085937 -0.207855224609375 0.036712646484375 0.0527496337890625
-0.0170135498046875 -0.237777709960938 0.00652694702148437 0.067962646484375
-0.024688720703125 -0.202743530273438 0.052764892578125 -0.200531005859375
-0.0916290283203125 -0.161117553710938 -0.0192642211914063 -0.126686096191406
-0.14593505859375 -0.08660888671875 -0.0118751525878906 -0.03558349609375
-0.152008056640625 0.017303466796875 0.0230293273925781 -0.0461196899414063
-0.098846435546875 0.086761474609375 0.00405883789062499 -0.082794189453125
-0.023956298828125 0.135971069335938 -0.0381698608398437 -0.086395263671875
0.0276260375976563 0.123611450195313 -0.0675735473632812 -0.0778732299804687
0.0266494750976563 0.117874145507812 -0.0770187377929688 -0.0675201416015625
0.0313949584960938 0.136283874511719 -0.0760345458984375 -0.0828018188476562
-0.0102386474609375 0.134696960449219 -0.0362396240234375 -0.104248046875
-0.0891342163085938 0.106399536132813 0.01055908203125 -0.113845825195312
-0.131156921386719 0.041839599609375 0.057464599609375 -0.0701904296875
-0.133224487304688 -0.0878067016601562 0.0707473754882813 -0.00105285644531251
-0.09503173828125 -0.159622192382812 0.00993347167968749 0.0105171203613281
-0.021881103515625 -0.187942504882813 0.0131015777587891 -0.014775276184082
-0.0442657470703125 -0.124626159667969 0.05657958984375 -0.257369995117188
-0.0738601684570313 -0.0867462158203125 -0.026947021484375 -0.15802001953125
-0.08599853515625 -0.0326614379882813 -0.0145645141601563 -0.0441474914550781
-0.0780868530273438 0.0151824951171875 0.0288047790527344 -0.0558662414550781
-0.0494232177734375 0.0436325073242188 0.00997161865234374 -0.094268798828125
-0.0179824829101562 0.0777664184570313 -0.0401535034179688 -0.113059997558594
0.00482940673828125 0.0750885009765625 -0.082244873046875 -0.108734130859375
0.00620269775390624 0.0696563720703125 -0.0935745239257813 -0.0960235595703125
0.00502777099609376 0.0836029052734375 -0.0899276733398437 -0.113349914550781
-0.02374267578125 0.0767440795898438 -0.0406494140625 -0.132438659667969
-0.0638389587402344 0.0482330322265625 0.0138473510742188 -0.1263427734375
-0.0729217529296875 0.00756835937500001 0.0593338012695313 -0.0729293823242188
-0.06365966796875 -0.0598258972167969 0.0562553405761719 -0.006591796875
-0.0481414794921875 -0.0882797241210938 -0.00909996032714844 -0.0220432281494141
-0.0173263549804688 -0.11041259765625 0.0196075439453125 -0.0768814086914062
-0.0590362548828125 -0.0273246765136719 0.051361083984375 -0.287750244140625
-0.0447998046875 -0.00233459472656249 -0.0352325439453125 -0.175811767578125
-0.0199851989746094 0.0214481353759766 -0.0277595520019531 -0.0483055114746094
0.00161552429199219 0.0103559494018555 0.0202827453613281 -0.0559844970703125
0.000833511352539063 -0.0016472339630127 0.00749206542968749 -0.0914230346679688
-0.0117855072021484 0.00669384002685547 -0.037353515625 -0.117683410644531
-0.0192279815673828 0.0126609802246094 -0.0869674682617188 -0.120315551757813
-0.0156288146972656 0.0136356353759766 -0.0990142822265625 -0.109138488769531
-0.0214748382568359 0.0201396942138672 -0.0883712768554687 -0.126625061035156
-0.0307292938232422 0.00616645812988282 -0.037811279296875 -0.14569091796875
-0.0283946990966797 -0.0127639770507813 0.0229873657226563 -0.121070861816406
-0.00724029541015625 -0.0226211547851563 0.0644683837890625 -0.0654830932617188
0.00765419006347656 -0.0165128707885742 0.0428848266601563 -0.00398635864257813
-0.00665426254272461 -0.00347995758056641 -0.0143013000488281 -0.0396385192871094
-0.0200042724609375 -0.0174579620361328 0.026092529296875 -0.111076354980469
0.0358505249023438 -0.0814895629882813 -0.000740051269531253 0.114494323730469
-0.0346603393554687 -0.0820541381835937 0.0172348022460938 0.0419540405273437
-0.0754776000976563 -0.03021240234375 -0.0310401916503906 -0.00867271423339843
-0.0600013732910156 0.0343246459960937 -0.0672073364257813 0.0441474914550781
-0.0217933654785156 0.0617332458496094 -0.0396347045898438 0.0928726196289062
0.02789306640625 0.059844970703125 0.0281448364257813 0.129432678222656
0.0508613586425781 0.0455474853515625 0.087066650390625 0.125068664550781
0.0414085388183594 0.043731689453125 0.091949462890625 0.1015625
0.0443458557128906 0.0516777038574219 0.0750656127929687 0.105682373046875
0.0111961364746094 0.0662155151367188 0.0396270751953125 0.109832763671875
-0.0369834899902344 0.0530891418457031 0.00860595703124999 0.0739517211914063
-0.0650749206542969 0.00777435302734375 0.00450897216796874 0.0490341186523438
-0.0409774780273438 -0.0567550659179687 0.0452728271484375 0.0725936889648438
0.00776672363281251 -0.0802841186523438 0.0574493408203125 0.170684814453125
0.0439338684082031 -0.0559654235839844 -0.0589599609375 0.296234130859375
0.035064697265625 -0.168838500976562 0.00189971923828125 0.0830154418945313
-0.061065673828125 -0.152297973632812 0.0102825164794922 0.0292015075683594
-0.129562377929688 -0.079681396484375 -0.0238552093505859 -0.0117053985595703
-0.125724792480469 0.0339736938476563 -0.0557823181152344 0.028778076171875
-0.0683212280273437 0.097442626953125 -0.0433273315429688 0.0636634826660156
0.017364501953125 0.122093200683594 0.00992584228515624 0.10546875
0.066253662109375 0.102615356445313 0.0622329711914063 0.106010437011719
0.0561370849609375 0.0974578857421875 0.0691070556640625 0.0832672119140625
0.06201171875 0.110984802246094 0.0541305541992188 0.081085205078125
0.010894775390625 0.124717712402344 0.0354690551757813 0.08074951171875
-0.07147216796875 0.10198974609375 0.0159645080566406 0.0419235229492188
-0.120552062988281 0.0294723510742187 0.0223770141601562 0.0311946868896484
-0.102424621582031 -0.0935516357421875 0.0696067810058594 0.0674552917480469
-0.0372772216796875 -0.153152465820313 0.070648193359375 0.162643432617188
0.0338287353515625 -0.145065307617188 -0.0353546142578125 0.276763916015625
0.0285491943359375 -0.23321533203125 0.0121383666992187 0.0265254974365234
-0.080078125 -0.204940795898438 0.00216555595397949 0.00125932693481444
-0.169158935546875 -0.118133544921875 -0.0188522338867188 -0.0153236389160156
-0.179550170898438 0.0283050537109375 -0.0380744934082031 0.0126457214355469
-0.107414245605469 0.121269226074219 -0.0372161865234375 0.0283432006835938
0.00326538085937498 0.168533325195312 -0.006439208984375 0.0656623840332031
0.0725250244140625 0.1441650390625 0.0291290283203125 0.0700798034667969
0.0637741088867188 0.134124755859375 0.0353507995605469 0.0519790649414063
0.0717620849609375 0.1531982421875 0.0232925415039063 0.0451011657714844
0.0139923095703125 0.167083740234375 0.0241127014160156 0.0388412475585938
-0.0934600830078125 0.142822265625 0.0194320678710937 0.00140762329101563
-0.161544799804688 0.0561065673828125 0.0386161804199219 0.00652313232421875
-0.157470703125 -0.111862182617188 0.0869216918945312 0.0526504516601562
-0.08642578125 -0.203521728515625 0.0737228393554688 0.136772155761719
0.0139923095703125 -0.212265014648438 -0.013702392578125 0.22613525390625
0.0142669677734375 -0.263458251953125 0.0258598327636719 -0.0462570190429688
-0.0952301025390625 -0.227432250976563 -0.00709533691406251 -0.0373039245605469
-0.191314697265625 -0.135040283203125 -0.0154438018798828 -0.0198783874511719
-0.206634521484375 0.026275634765625 -0.0166969299316406 -0.00422477722167969
-0.128868103027344 0.13067626953125 -0.0243911743164063 -0.0110855102539062
-0.008056640625 0.189697265625 -0.0213546752929687 0.0144920349121094
0.0675201416015625 0.164932250976563 -0.00776863098144531 0.0231838226318359
0.062103271484375 0.15252685546875 -0.0047149658203125 0.0128574371337891
0.073333740234375 0.172317504882813 -0.0139837265014648 0.00247192382812501
0.013916015625 0.185943603515625 0.00424003601074219 -0.0115251541137695
-0.101272583007812 0.163299560546875 0.0165176391601562 -0.0434646606445312
-0.17999267578125 0.0753936767578125 0.0487709045410156 -0.0229682922363281
-0.190963745117188 -0.112762451171875 0.092193603515625 0.0329742431640625
-0.121429443359375 -0.222564697265625 0.060272216796875 0.0979385375976562
-0.00645446777343749 -0.244537353515625 -0.000198364257812514 0.151336669921875
-0.00570678710937497 -0.253509521484375 0.0379714965820313 -0.1253662109375
-0.10205078125 -0.212997436523438 -0.0163650512695313 -0.0820999145507813
-0.186019897460937 -0.122787475585938 -0.0140113830566406 -0.0268955230712891
-0.199066162109375 0.024322509765625 0.00624847412109374 -0.0243396759033203
-0.125892639160156 0.119575500488281 -0.0103340148925781 -0.0512962341308594
-0.016845703125 0.17999267578125 -0.03167724609375 -0.0391464233398437
0.0540771484375 0.158370971679687 -0.0414772033691406 -0.0285415649414062
0.0503387451171875 0.1473388671875 -0.0438308715820312 -0.0279464721679687
0.0608978271484375 0.166763305664063 -0.0510902404785156 -0.040679931640625
0.0067901611328125 0.175079345703125 -0.0179405212402344 -0.0608406066894531
-0.0988922119140625 0.152969360351562 0.00864410400390624 -0.0840682983398437
-0.168182373046875 0.072906494140625 0.0521583557128906 -0.0500946044921875
-0.184234619140625 -0.10308837890625 0.0846099853515625 0.0123291015625
-0.125213623046875 -0.206787109375 0.0346832275390625 0.0515365600585937
-0.0184326171875 -0.23779296875 0.00573348999023438 0.0650825500488281
-0.0263519287109375 -0.203689575195313 0.046844482421875 -0.19879150390625
-0.0942840576171875 -0.161758422851563 -0.0248794555664063 -0.122657775878906
-0.148193359375 -0.0854034423828125 -0.0123329162597656 -0.0362777709960938
-0.152313232421875 0.0216827392578125 0.02178955078125 -0.0436553955078125
-0.0966110229492188 0.089141845703125 0.00240325927734375 -0.0806884765625
-0.0191192626953125 0.140052795410156 -0.0370407104492188 -0.0836257934570312
0.0337295532226563 0.126884460449219 -0.0679550170898437 -0.0737075805664062
0.031585693359375 0.119209289550781 -0.0752487182617188 -0.065826416015625
0.0369186401367188 0.136344909667969 -0.078125 -0.0797119140625
-0.00591278076171875 0.136314392089844 -0.0364990234375 -0.101661682128906
-0.0857620239257813 0.111244201660156 0.00588989257812501 -0.112602233886719
-0.130683898925781 0.0456771850585938 0.0543594360351562 -0.0681610107421875
-0.137557983398437 -0.086029052734375 0.0685920715332031 -0.00213623046875001
-0.097412109375 -0.15948486328125 0.00753116607666015 0.00917720794677733
-0.020599365234375 -0.1904296875 0.0106611251831055 -0.0174312591552734
-0.0451431274414063 -0.1248779296875 0.050201416015625 -0.255477905273438
-0.0734405517578125 -0.0871124267578125 -0.0320281982421875 -0.155242919921875
-0.0878829956054688 -0.0334548950195312 -0.0170211791992188 -0.043060302734375
-0.0807037353515625 0.0165481567382812 0.0259971618652344 -0.0555305480957031
-0.050567626953125 0.0465583801269531 0.00811004638671875 -0.0945892333984375
-0.0163116455078125 0.0785293579101563 -0.0410919189453125 -0.110450744628906
0.0071258544921875 0.0758285522460938 -0.0850448608398437 -0.105293273925781
0.00889587402343749 0.072967529296875 -0.0947189331054688 -0.0938873291015625
0.00737762451171874 0.0861282348632813 -0.0921249389648438 -0.109474182128906
-0.0202865600585938 0.0778961181640625 -0.0438079833984375 -0.129638671875
-0.0637435913085938 0.0523452758789062 0.00985717773437499 -0.124488830566406
-0.074981689453125 0.00833892822265625 0.0568771362304687 -0.0726699829101563
-0.0661125183105469 -0.05902099609375 0.0542526245117187 -0.00662612915039063
-0.0498886108398438 -0.0895233154296875 -0.0108757019042969 -0.0220203399658203
-0.0184402465820313 -0.113296508789063 0.0161590576171875 -0.0808334350585938
-0.0558052062988281 -0.0271415710449219 0.043426513671875 -0.28875732421875
-0.0438919067382813 -0.00466537475585938 -0.03997802734375 -0.175704956054688
-0.0208053588867188 0.0216140747070312 -0.0289268493652344 -0.0477981567382812
-0.00175380706787109 0.0111904144287109 0.0172500610351563 -0.0566978454589844
-0.00019526481628418 -0.00143790245056152 0.00690460205078125 -0.089141845703125
-0.0120449066162109 0.00767612457275391 -0.039886474609375 -0.115921020507813
-0.0174283981323242 0.0136985778808594 -0.0883865356445313 -0.117973327636719
-0.0167245864868164 0.0153274536132813 -0.100021362304687 -0.106498718261719
-0.0219841003417969 0.0211753845214844 -0.090850830078125 -0.125213623046875
-0.0294284820556641 0.00972366333007812 -0.040130615234375 -0.141799926757813
-0.0302276611328125 -0.00967216491699219 0.0184326171875 -0.120880126953125
-0.00889205932617187 -0.0225181579589844 0.0607109069824219 -0.0658302307128906
0.00623703002929688 -0.0181236267089844 0.0427436828613281 -0.00458908081054688
-0.00439882278442383 -0.00515365600585938 -0.0171356201171875 -0.0398139953613281
-0.0178279876708984 -0.01861572265625 0.0212631225585937 -0.116462707519531
0.0356674194335938 -0.0799713134765625 0.000541687011718741 0.120620727539062
-0.0352783203125 -0.0801620483398438 0.0188980102539062 0.0455436706542969
-0.0750961303710938 -0.030059814453125 -0.0304813385009766 -0.00867080688476563
-0.0585250854492187 0.034515380859375 -0.0669441223144531 0.0445365905761719
-0.0211448669433594 0.061187744140625 -0.0403518676757813 0.0931472778320312
0.0279273986816406 0.0589408874511719 0.0287551879882812 0.131423950195313
0.050811767578125 0.0447540283203125 0.08819580078125 0.126434326171875
0.0419921875 0.0428504943847656 0.0941314697265625 0.103645324707031
0.0449714660644531 0.049224853515625 0.0763092041015625 0.108154296875
0.0128288269042969 0.0651054382324219 0.0402603149414062 0.110931396484375
-0.0353851318359375 0.0540122985839844 0.00859832763671876 0.07489013671875
-0.0650558471679688 0.008819580078125 0.00484848022460937 0.0500831604003906
-0.0418663024902344 -0.0562629699707031 0.0456466674804688 0.0723800659179688
0.0059051513671875 -0.0801544189453125 0.0578460693359375 0.17413330078125
0.0413322448730469 -0.0558662414550781 -0.0594482421875 0.30035400390625
0.0348968505859375 -0.1700439453125 0.00212097167968749 0.089752197265625
-0.0605926513671875 -0.151214599609375 0.0114612579345703 0.0334377288818359
-0.129432678222656 -0.0795974731445312 -0.0232334136962891 -0.0115394592285156
-0.126136779785156 0.0342330932617187 -0.0562515258789063 0.0296211242675781
-0.0679702758789063 0.0985488891601563 -0.0433197021484375 0.0651168823242188
0.0186843872070312 0.122268676757813 0.0104827880859375 0.107398986816406
0.0679397583007813 0.103042602539063 0.0633773803710938 0.107421875
0.058013916015625 0.0963516235351563 0.071014404296875 0.0849761962890625
0.063751220703125 0.109733581542969 0.0550613403320313 0.0838775634765625
0.0131301879882813 0.12518310546875 0.0361099243164063 0.0817489624023438
-0.070648193359375 0.104621887207031 0.0153541564941406 0.0427436828613281
-0.122077941894531 0.0315322875976562 0.0224170684814453 0.0332603454589844
-0.10443115234375 -0.093902587890625 0.0688896179199219 0.0669326782226563
-0.040496826171875 -0.154525756835938 0.0701751708984375 0.165496826171875
0.03265380859375 -0.14630126953125 -0.0363006591796875 0.2808837890625
0.02825927734375 -0.236114501953125 0.0114517211914062 0.0329170227050781
-0.0809173583984375 -0.205078125 0.00195074081420898 0.00607013702392577
-0.170730590820313 -0.1197509765625 -0.0183563232421875 -0.0141983032226563
-0.180816650390625 0.0307159423828125 -0.0385208129882813 0.0137062072753906
-0.107978820800781 0.123519897460937 -0.0373458862304688 0.029571533203125
0.00582885742187499 0.170059204101563 -0.00637435913085937 0.067596435546875
0.0748748779296875 0.1456298828125 0.0306549072265625 0.0717391967773438
0.0656280517578125 0.135940551757813 0.0372390747070313 0.0538063049316406
0.074920654296875 0.153350830078125 0.0237922668457031 0.0477676391601563
0.0159149169921875 0.168548583984375 0.0241775512695313 0.0387916564941406
-0.0922393798828125 0.14678955078125 0.0184822082519531 0.00176239013671876
-0.163558959960938 0.05914306640625 0.0384101867675781 0.00798416137695313
-0.160736083984375 -0.112869262695313 0.0864181518554688 0.0532379150390625
-0.0899505615234375 -0.205322265625 0.0721817016601563 0.13946533203125
0.013641357421875 -0.215362548828125 -0.015228271484375 0.228912353515625
0.01409912109375 -0.26666259765625 0.0241355895996094 -0.0410385131835938
-0.095947265625 -0.2286376953125 -0.00765609741210938 -0.0336265563964844
-0.194183349609375 -0.136627197265625 -0.0157489776611328 -0.0187911987304688
-0.209640502929688 0.028472900390625 -0.017003059387207 -0.00375938415527344
-0.129859924316406 0.132736206054688 -0.0245399475097656 -0.0109272003173828
-0.00592041015624999 0.191986083984375 -0.0204830169677734 0.0164775848388672
0.0710296630859375 0.16693115234375 -0.00596618652343749 0.0244503021240234
0.0643768310546875 0.154464721679688 -0.00247764587402343 0.0143766403198242
0.0764312744140625 0.174591064453125 -0.0134267807006836 0.00460529327392579
0.016204833984375 0.187515258789063 0.00472640991210938 -0.0104846954345703
-0.10150146484375 0.16748046875 0.0145721435546875 -0.0428047180175781
-0.181884765625 0.078277587890625 0.0482025146484375 -0.021514892578125
-0.194366455078125 -0.113677978515625 0.0919876098632812 0.0332412719726562
-0.124603271484375 -0.224517822265625 0.0587692260742188 0.099151611328125
-0.00657653808593751 -0.249481201171875 -0.00158691406249999 0.152359008789062
-0.00524902343750002 -0.25726318359375 0.03662109375 -0.122261047363281
-0.102813720703125 -0.2149658203125 -0.0183258056640625 -0.0785751342773438
-0.188461303710938 -0.125396728515625 -0.0142040252685547 -0.0257949829101563
-0.201934814453125 0.0265960693359375 0.00527572631835936 -0.0237884521484375
-0.126876831054687 0.122802734375 -0.00997543334960938 -0.0505332946777344
-0.014678955078125 0.183242797851563 -0.0311660766601562 -0.0374031066894531
0.0569610595703125 0.160797119140625 -0.0408973693847656 -0.0272979736328125
0.0525360107421875 0.149703979492188 -0.0420265197753906 -0.0270652770996094
0.0638885498046875 0.168869018554688 -0.0501480102539063 -0.0393409729003906
0.00997924804687498 0.176895141601563 -0.0183525085449219 -0.0598335266113281
-0.09832763671875 0.156967163085938 0.00721740722656249 -0.0845184326171875
-0.170913696289063 0.075531005859375 0.0519561767578125 -0.0490455627441406
-0.187896728515625 -0.104568481445313 0.083892822265625 0.0136566162109375
-0.128128051757813 -0.208969116210937 0.032470703125 0.0527229309082031
-0.0174102783203125 -0.242202758789063 0.0042572021484375 0.0638999938964844
-0.0253143310546875 -0.208053588867188 0.0460052490234375 -0.198165893554688
-0.0953369140625 -0.165084838867188 -0.0268096923828125 -0.122001647949219
-0.150787353515625 -0.088104248046875 -0.0137825012207031 -0.0349178314208984
-0.155044555664063 0.02325439453125 0.0210380554199219 -0.0429801940917969
-0.0984573364257813 0.0921173095703125 0.00218200683593749 -0.0809478759765625
-0.017486572265625 0.144180297851563 -0.0377883911132813 -0.0826568603515625
0.0355377197265625 0.129547119140625 -0.0683212280273438 -0.0739593505859375
0.0335159301757813 0.121383666992188 -0.074371337890625 -0.0653839111328125
0.03997802734375 0.139328002929688 -0.0781936645507813 -0.0788650512695312
-0.0044403076171875 0.138954162597656 -0.036773681640625 -0.10205078125
-0.0867385864257812 0.115310668945313 0.00461578369140624 -0.113136291503906
-0.134048461914062 0.0483779907226562 0.0535888671875 -0.066864013671875
-0.14007568359375 -0.0877304077148438 0.0690383911132812 -0.00076675415039063
-0.0987396240234375 -0.162261962890625 0.00553321838378906 0.00934600830078124
-0.018768310546875 -0.195144653320313 0.0089569091796875 -0.0196361541748047
-0.0434341430664063 -0.128044128417969 0.0489044189453125 -0.257369995117188
-0.0741729736328125 -0.09039306640625 -0.0338592529296875 -0.157089233398437
-0.0895233154296875 -0.03533935546875 -0.0181198120117188 -0.0430793762207031
-0.0832977294921875 0.0178070068359375 0.0258255004882813 -0.0552215576171875
-0.0527076721191406 0.0482254028320312 0.00841522216796874 -0.094268798828125
-0.0155715942382812 0.0814208984375 -0.0403976440429687 -0.110488891601563
0.00998687744140626 0.0782699584960938 -0.085479736328125 -0.106277465820312
0.009307861328125 0.0754318237304688 -0.0948715209960938 -0.0933914184570313
0.009002685546875 0.0886154174804687 -0.0923690795898437 -0.108993530273438
-0.0193252563476562 0.0808486938476562 -0.044677734375 -0.12945556640625
-0.0645904541015625 0.0552330017089844 0.00849151611328124 -0.125343322753906
-0.0779800415039063 0.00991058349609377 0.0566482543945312 -0.0717315673828125
-0.0687370300292969 -0.0606460571289062 0.0545082092285156 -0.00563812255859375
-0.0509262084960937 -0.09228515625 -0.0120582580566406 -0.0235671997070313
-0.0156936645507813 -0.1170654296875 0.0143661499023437 -0.084930419921875
-0.0542068481445313 -0.0291519165039062 0.04248046875 -0.291656494140625
-0.0438232421875 -0.00694274902343749 -0.0428619384765625 -0.178207397460938
-0.0205669403076172 0.0197658538818359 -0.0301475524902344 -0.0479011535644531
-0.00379371643066406 0.0106973648071289 0.0166854858398437 -0.0569190979003906
-0.00225138664245606 -0.000210046768188476 0.00753021240234374 -0.08941650390625
-0.01202392578125 0.00982284545898437 -0.0401687622070313 -0.117050170898438
-0.016505241394043 0.0153751373291016 -0.0899887084960938 -0.120002746582031
-0.0155735015869141 0.0180244445800781 -0.100624084472656 -0.107864379882813
-0.0207309722900391 0.0244331359863281 -0.0923233032226562 -0.125473022460938
-0.0291023254394531 0.0115795135498047 -0.04156494140625 -0.142135620117188
-0.0310401916503906 -0.00802421569824219 0.0179824829101562 -0.121604919433594
-0.0112152099609375 -0.0223655700683594 0.0600852966308594 -0.0659866333007813
0.00500869750976563 -0.0197277069091797 0.0422554016113281 -0.00447463989257813
-0.00419998168945313 -0.00776576995849609 -0.0178756713867188 -0.0417709350585937
-0.0154895782470703 -0.0217704772949219 0.0197677612304687 -0.121871948242188
0.0363922119140625 -0.0811233520507813 0.0012664794921875 0.129280090332031
-0.035369873046875 -0.0794296264648438 0.0206413269042969 0.0505561828613281
-0.0764617919921875 -0.0300445556640625 -0.0305576324462891 -0.00883674621582031
-0.0589599609375 0.0342788696289063 -0.0692024230957031 0.0460739135742188
-0.0207138061523438 0.0618705749511719 -0.042022705078125 0.096038818359375
0.0293693542480469 0.0594291687011719 0.0295181274414063 0.135078430175781
0.0531387329101563 0.0449333190917969 0.0921401977539063 0.13067626953125
0.0431060791015625 0.0422782897949219 0.0973358154296875 0.107131958007813
0.0469322204589844 0.0485305786132813 0.0792083740234375 0.112442016601562
0.0148963928222656 0.065887451171875 0.0416641235351563 0.114715576171875
-0.0352668762207031 0.0560302734375 0.00838470458984376 0.0770492553710938
-0.0659294128417969 0.01007080078125 0.00475692749023437 0.0523223876953125
-0.0432586669921875 -0.0571365356445313 0.0460968017578125 0.0748748779296875
0.00380706787109376 -0.0811691284179688 0.0589141845703125 0.18109130859375
0.0405769348144531 -0.0568428039550781 -0.06103515625 0.311737060546875
0.0357666015625 -0.174774169921875 0.0025787353515625 0.0983047485351562
-0.0626373291015625 -0.153656005859375 0.0124473571777344 0.0386161804199219
-0.132850646972656 -0.0815200805664063 -0.0231285095214844 -0.0113315582275391
-0.129081726074219 0.0356063842773437 -0.0577430725097656 0.0310249328613281
-0.0694427490234375 0.101539611816406 -0.0450477600097656 0.0677375793457031
0.0209503173828125 0.125236511230469 0.0113143920898437 0.111274719238281
0.0710906982421875 0.105331420898438 0.0667877197265625 0.11151123046875
0.060394287109375 0.0986785888671875 0.0748443603515625 0.0881729125976563
0.0669708251953125 0.112052917480469 0.0578765869140625 0.0880050659179688
0.015838623046875 0.128402709960938 0.0379791259765625 0.0844879150390625
-0.0711822509765625 0.109695434570313 0.0150222778320312 0.0439834594726563
-0.1258544921875 0.035125732421875 0.0230255126953125 0.0348453521728516
-0.108863830566406 -0.096282958984375 0.070343017578125 0.0690689086914063
-0.04425048828125 -0.158462524414063 0.0714569091796875 0.172088623046875
0.0323028564453125 -0.151412963867188 -0.0382080078125 0.29058837890625
0.02935791015625 -0.243316650390625 0.0110397338867187 0.0394668579101562
-0.08294677734375 -0.209457397460938 0.00272464752197265 0.0106353759765625
-0.176071166992188 -0.122817993164062 -0.0178852081298828 -0.0137958526611328
-0.185897827148438 0.032379150390625 -0.0394363403320313 0.0146827697753906
-0.110382080078125 0.127853393554688 -0.0389251708984375 0.0308303833007813
0.00836181640625002 0.175003051757813 -0.00615692138671875 0.0712738037109375
0.0791015625 0.150131225585938 0.0328598022460938 0.0746612548828125
0.0696945190429688 0.139656066894531 0.0399589538574219 0.0558357238769531
0.0796661376953125 0.158294677734375 0.025634765625 0.0515251159667969
0.01898193359375 0.17315673828125 0.0257682800292969 0.0404472351074219
-0.0930633544921875 0.153594970703125 0.0173349380493164 0.00281810760498048
-0.16900634765625 0.0629425048828125 0.0394172668457031 0.0101203918457031
-0.167816162109375 -0.116104125976562 0.0886077880859375 0.0545806884765625
-0.095306396484375 -0.211349487304687 0.072845458984375 0.144866943359375
0.0139312744140625 -0.223648071289063 -0.017181396484375 0.236480712890625
0.015350341796875 -0.275772094726562 0.02386474609375 -0.0373382568359375
-0.0994720458984375 -0.2349853515625 -0.00824356079101563 -0.0306415557861328
-0.200912475585938 -0.141525268554687 -0.0156517028808594 -0.0184459686279297
-0.216781616210938 0.0307159423828125 -0.0181427001953125 -0.00280380249023437
-0.133010864257812 0.138259887695313 -0.0257015228271484 -0.0108585357666015
-0.00355529785156251 0.199142456054687 -0.0203800201416016 0.0188827514648438
0.0759124755859375 0.172683715820313 -0.00470542907714843 0.0260105133056641
0.0679168701171875 0.159835815429687 -0.000544548034667966 0.0151557922363281
0.081146240234375 0.180374145507813 -0.0132770538330078 0.00728130340576173
0.018707275390625 0.193084716796875 0.00505161285400391 -0.0103940963745117
-0.103118896484375 0.175369262695312 0.0138778686523437 -0.0437812805175781
-0.18743896484375 0.0826568603515625 0.0498466491699219 -0.0201492309570312
-0.202606201171875 -0.118011474609375 0.0935440063476562 0.034423828125
-0.130416870117187 -0.231613159179687 0.0587005615234375 0.103195190429688
-0.00495910644531251 -0.25982666015625 -0.0034942626953125 0.15625
-0.00398254394531249 -0.266677856445313 0.0369491577148437 -0.12225341796875
-0.105804443359375 -0.222900390625 -0.0199203491210938 -0.0782928466796875
-0.195205688476562 -0.1304931640625 -0.0146884918212891 -0.0258274078369141
-0.209259033203125 0.0297088623046875 0.00467300415039061 -0.0235862731933594
-0.131378173828125 0.128654479980469 -0.010101318359375 -0.0511474609375
-0.0120697021484375 0.190536499023438 -0.0317611694335938 -0.0363998413085937
0.06207275390625 0.16680908203125 -0.0408859252929687 -0.0269737243652344
0.0569305419921875 0.154876708984375 -0.0415191650390625 -0.0281486511230469
0.06854248046875 0.175888061523438 -0.0510177612304687 -0.0377883911132812
0.011993408203125 0.182861328125 -0.0188369750976562 -0.0613899230957031
-0.100845336914062 0.1649169921875 0.00625610351562498 -0.0857467651367187
-0.177749633789063 0.080078125 0.0533638000488281 -0.0494956970214844
-0.195938110351562 -0.10833740234375 0.0861968994140625 0.0142364501953125
-0.133438110351562 -0.216278076171875 0.0315017700195313 0.0553169250488281
-0.0162200927734375 -0.253204345703125 0.00245285034179688 0.0648918151855469
-0.024627685546875 -0.216842651367188 0.0458526611328125 -0.201583862304688
-0.098419189453125 -0.17193603515625 -0.0293121337890625 -0.124305725097656
-0.156753540039063 -0.0932769775390625 -0.0152683258056641 -0.0350456237792969
-0.162673950195312 0.0254974365234375 0.02056884765625 -0.0436477661132812
-0.102020263671875 0.096649169921875 0.00229644775390625 -0.0826034545898438
-0.0155029296875 0.150711059570313 -0.0380096435546875 -0.0837249755859375
0.03887939453125 0.135490417480469 -0.069976806640625 -0.0755233764648437
0.0367279052734375 0.127105712890625 -0.0753936767578125 -0.0672683715820312
0.0430755615234375 0.146270751953125 -0.0799179077148438 -0.0793685913085937
-0.002471923828125 0.144577026367188 -0.0373153686523438 -0.103897094726562
-0.089080810546875 0.122352600097656 0.00334930419921874 -0.115989685058594
-0.139625549316406 0.0515365600585938 0.0553970336914062 -0.0678253173828125
-0.146728515625 -0.09124755859375 0.071075439453125 0.000114440917968744
-0.102630615234375 -0.169235229492188 0.00379276275634765 0.00973033905029296
-0.0168304443359375 -0.204696655273438 0.00725555419921875 -0.0220775604248047
-0.0428237915039062 -0.133979797363281 0.0489349365234375 -0.26470947265625
-0.0758819580078125 -0.0957260131835937 -0.03643798828125 -0.160903930664063
-0.0928497314453125 -0.0388870239257812 -0.0203666687011719 -0.043853759765625
-0.0879287719726562 0.0192031860351563 0.0256805419921875 -0.0562629699707031
-0.0559577941894531 0.0510635375976563 0.00919342041015624 -0.0969161987304687
-0.0152816772460938 0.0867767333984375 -0.0410232543945312 -0.112968444824219
0.0120697021484375 0.0820465087890625 -0.0879440307617187 -0.109321594238281
0.0110092163085938 0.079620361328125 -0.0971832275390625 -0.0961837768554688
0.0111923217773437 0.0939254760742187 -0.0952911376953125 -0.111557006835938
-0.0187225341796875 0.0847396850585938 -0.045867919921875 -0.133338928222656
-0.0670051574707031 0.0595817565917969 0.00771331787109375 -0.128585815429688
-0.0824661254882813 0.0116119384765625 0.0581893920898437 -0.0729293823242188
-0.0727615356445312 -0.0634231567382813 0.0562705993652344 -0.00563812255859375
-0.0525436401367187 -0.096832275390625 -0.0141544342041016 -0.0249443054199219
-0.013763427734375 -0.124786376953125 0.012908935546875 -0.09033203125
-0.0538978576660156 -0.0316619873046875 0.043548583984375 -0.30218505859375
-0.0447311401367188 -0.0101356506347656 -0.0460052490234375 -0.18463134765625
-0.0208702087402344 0.0182991027832031 -0.0324859619140625 -0.0491676330566406
-0.00590705871582031 0.0112247467041016 0.0164985656738281 -0.0581703186035156
-0.00333237648010254 0.000685930252075195 0.00839233398437501 -0.0921173095703125
-0.012476921081543 0.0118227005004883 -0.0406494140625 -0.12066650390625
-0.0156803131103516 0.0168886184692383 -0.0929107666015625 -0.123764038085937
-0.0148830413818359 0.0200271606445312 -0.103935241699219 -0.111412048339844
-0.0208549499511719 0.0273952484130859 -0.0955047607421875 -0.129463195800781
-0.0296401977539063 0.0140228271484375 -0.0430755615234375 -0.145370483398438
-0.0332126617431641 -0.00635719299316406 0.0175247192382812 -0.124847412109375
-0.0140361785888672 -0.0221042633056641 0.0616340637207031 -0.0678787231445313
0.00346183776855469 -0.0210304260253906 0.0441780090332031 -0.00461959838867188
-0.00425529479980469 -0.0100297927856445 -0.0200462341308594 -0.0448570251464844
-0.0144481658935547 -0.0257797241210938 0.018096923828125 -0.128997802734375
0.036346435546875 -0.0843276977539062 0.0045623779296875 0.1397705078125
-0.0377044677734375 -0.079986572265625 0.024017333984375 0.0556144714355469
-0.0797882080078125 -0.0293502807617188 -0.0313816070556641 -0.008941650390625
-0.0602188110351563 0.0362701416015625 -0.070892333984375 0.0492935180664063
-0.0197372436523438 0.0643768310546875 -0.0426483154296875 0.101776123046875
0.0322113037109375 0.05999755859375 0.033447265625 0.14166259765625
0.056182861328125 0.0451469421386719 0.0997848510742188 0.135269165039063
0.0460014343261719 0.0419120788574219 0.104728698730469 0.110504150390625
0.0497283935546875 0.0476264953613281 0.0863037109375 0.117576599121094
0.0175132751464844 0.0666847229003906 0.046142578125 0.119140625
-0.0336532592773437 0.0594520568847656 0.00962066650390624 0.0810623168945312
-0.068023681640625 0.0128288269042969 0.00597000122070312 0.0555076599121094
-0.0471992492675781 -0.0582237243652344 0.0495223999023437 0.0774459838867188
0.000549316406249996 -0.084014892578125 0.0655670166015625 0.19061279296875
0.0396881103515625 -0.0593757629394531 -0.05828857421875 0.329864501953125
0.033294677734375 -0.182525634765625 0.0043487548828125 0.107948303222656
-0.0681610107421875 -0.157180786132813 0.0148086547851563 0.0441322326660156
-0.140380859375 -0.0830001831054688 -0.0234813690185547 -0.0108757019042969
-0.133316040039063 0.0400009155273438 -0.0598793029785156 0.0336952209472656
-0.0696258544921875 0.107009887695313 -0.0462417602539063 0.0716781616210937
0.0254745483398437 0.130226135253906 0.0134735107421875 0.118034362792969
0.0772628784179688 0.108161926269531 0.0732192993164063 0.116279602050781
0.066131591796875 0.100700378417969 0.0808868408203125 0.0905303955078125
0.073333740234375 0.115005493164063 0.0633087158203125 0.0931167602539063
0.0200424194335937 0.132484436035156 0.0411605834960938 0.0876617431640625
-0.07012939453125 0.117218017578125 0.0151748657226563 0.0466461181640625
-0.130561828613281 0.0400238037109375 0.0246467590332031 0.0368194580078125
-0.117149353027344 -0.0987777709960938 0.0739974975585937 0.0709152221679688
-0.051422119140625 -0.164962768554688 0.0770416259765625 0.180435180664063
0.0297088623046875 -0.159912109375 -0.03515625 0.30548095703125
0.0265960693359375 -0.255325317382813 0.0120811462402344 0.0468330383300781
-0.0908050537109375 -0.216400146484375 0.00370788574218749 0.015110969543457
-0.1868896484375 -0.12652587890625 -0.0187339782714844 -0.0137557983398438
-0.193771362304688 0.03857421875 -0.0414924621582031 0.0168609619140625
-0.112648010253906 0.136566162109375 -0.0403823852539063 0.0338249206542969
0.014129638671875 0.182891845703125 -0.0047454833984375 0.0768203735351563
0.0877532958984375 0.155975341796875 0.037078857421875 0.0785446166992188
0.0762939453125 0.144744873046875 0.0446510314941406 0.0576934814453125
0.08843994140625 0.163589477539063 0.0293083190917969 0.05523681640625
0.02496337890625 0.180221557617188 0.0278892517089844 0.0420799255371094
-0.093170166015625 0.164535522460937 0.0167140960693359 0.00322151184082032
-0.175155639648438 0.0711212158203125 0.0417861938476562 0.0110282897949219
-0.180282592773437 -0.119033813476563 0.092681884765625 0.0560531616210938
-0.105728149414062 -0.219284057617188 0.0776824951171875 0.152069091796875
0.00991821289062502 -0.236770629882813 -0.014251708984375 0.247711181640625
0.012054443359375 -0.28936767578125 0.0241203308105469 -0.034759521484375
-0.107559204101563 -0.243896484375 -0.00903511047363282 -0.0279655456542969
-0.213623046875 -0.145721435546875 -0.0166759490966797 -0.0179710388183594
-0.226318359375 0.0379791259765625 -0.0188579559326172 -0.00198173522949218
-0.137100219726563 0.148391723632812 -0.0284557342529297 -0.0100555419921875
0.002716064453125 0.208236694335938 -0.0209484100341797 0.0224208831787109
0.0856475830078125 0.179519653320313 -0.00309562683105468 0.0286846160888672
0.076446533203125 0.165557861328125 0.00159072875976563 0.0162429809570313
0.0916900634765625 0.18798828125 -0.0120573043823242 0.00999736785888673
0.0254974365234375 0.201812744140625 0.00551891326904297 -0.0112028121948242
-0.102508544921875 0.1881103515625 0.0117759704589844 -0.0447998046875
-0.194915771484375 0.0922698974609375 0.0524635314941406 -0.02130126953125
-0.216567993164063 -0.120498657226563 0.0980758666992187 0.0344009399414062
-0.142684936523438 -0.240859985351563 0.0616073608398438 0.107963562011719
-0.00967407226562499 -0.2752685546875 -0.0021820068359375 0.163803100585937
-0.00776672363281253 -0.280242919921875 0.0356369018554688 -0.125114440917969
-0.114669799804688 -0.231201171875 -0.0223388671875 -0.0781173706054688
-0.208343505859375 -0.1353759765625 -0.0159969329833984 -0.0257511138916016
-0.2197265625 0.0362701416015625 0.00383949279785155 -0.0240898132324219
-0.135246276855469 0.138359069824219 -0.0127944946289063 -0.0525932312011719
-0.00637817382812499 0.201004028320313 -0.032989501953125 -0.0358047485351562
0.070465087890625 0.1741943359375 -0.0421028137207031 -0.0263824462890625
0.06427001953125 0.162307739257813 -0.0420188903808594 -0.0283660888671875
0.0785980224609375 0.184066772460938 -0.0530815124511719 -0.0369834899902344
0.0178985595703125 0.192123413085937 -0.0199928283691406 -0.0631675720214844
-0.1011962890625 0.177642822265625 0.00381469726562499 -0.0885467529296875
-0.184814453125 0.0888671875 0.0555763244628906 -0.0506782531738281
-0.209121704101563 -0.110305786132812 0.0894851684570312 0.0134658813476562
-0.144683837890625 -0.224685668945312 0.0321197509765625 0.0578422546386719
-0.0196075439453125 -0.268325805664063 0.00213623046875 0.0677108764648437
-0.0273895263671875 -0.228424072265625 0.043365478515625 -0.209182739257813
-0.105499267578125 -0.18035888671875 -0.0337600708007813 -0.12750244140625
-0.167007446289062 -0.0971832275390625 -0.0169525146484375 -0.0358009338378906
-0.171112060546875 0.0314788818359375 0.0203628540039062 -0.0445671081542969
-0.106216430664062 0.105560302734375 0.000503540039062496 -0.0859527587890625
-0.0114593505859375 0.159515380859375 -0.0409469604492187 -0.0857620239257812
0.0460357666015625 0.1417236328125 -0.0742721557617188 -0.0769195556640625
0.0425491333007812 0.133636474609375 -0.0784530639648438 -0.0686569213867187
0.0511932373046875 0.154251098632813 -0.0848770141601563 -0.0800933837890625
0.00148010253906248 0.152603149414063 -0.0412139892578125 -0.108268737792969
-0.0908203125 0.132308959960938 0.000434875488281252 -0.120216369628906
-0.146133422851563 0.0584259033203125 0.05712890625 -0.0701255798339844
-0.15716552734375 -0.093597412109375 0.073883056640625 -0.000709533691406256
-0.110687255859375 -0.176483154296875 0.00219631195068359 0.0102643966674805
-0.019195556640625 -0.217742919921875 0.00459098815917969 -0.0252132415771484
-0.04443359375 -0.14190673828125 0.045501708984375 -0.277084350585938
-0.0812454223632813 -0.101150512695313 -0.0426788330078125 -0.167633056640625
-0.0987472534179688 -0.041748046875 -0.0227775573730469 -0.0445289611816406
-0.093109130859375 0.0227432250976562 0.0246009826660156 -0.0583343505859375
-0.0585479736328125 0.0562858581542969 0.0073394775390625 -0.101188659667969
-0.0129623413085938 0.0934066772460938 -0.0445785522460937 -0.11737060546875
0.0158004760742188 0.086578369140625 -0.0943603515625 -0.112922668457031
0.0145339965820313 0.0849838256835938 -0.102081298828125 -0.0995407104492187
0.0160903930664063 0.100837707519531 -0.102447509765625 -0.114570617675781
-0.0171051025390625 0.0911636352539063 -0.0502777099609375 -0.137893676757813
-0.0692672729492188 0.0665016174316406 0.00471496582031251 -0.134475708007812
-0.0874481201171875 0.015106201171875 0.059844970703125 -0.07659912109375
-0.0789718627929688 -0.0657119750976563 0.0585174560546875 -0.0065155029296875
-0.0574493408203125 -0.102806091308594 -0.0165443420410156 -0.0265827178955078
-0.01544189453125 -0.133918762207031 0.00995635986328125 -0.0974044799804688
-0.0543785095214844 -0.0328102111816406 0.038726806640625 -0.3179931640625
-0.046234130859375 -0.0118217468261719 -0.0522613525390625 -0.1937255859375
-0.0216484069824219 0.0174522399902344 -0.035888671875 -0.0503349304199219
-0.00715923309326172 0.0118684768676758 0.0157661437988281 -0.0607261657714844
-0.00502586364746094 0.00155019760131836 0.00712585449218749 -0.0968093872070313
-0.012547492980957 0.0143547058105469 -0.0441513061523438 -0.1265869140625
-0.0158233642578125 0.0192680358886719 -0.100662231445313 -0.128311157226563
-0.0145378112792969 0.0228862762451172 -0.111007690429687 -0.115081787109375
-0.0199699401855469 0.0319919586181641 -0.103614807128906 -0.133888244628906
-0.0300750732421875 0.0170402526855469 -0.0478668212890625 -0.151519775390625
-0.0350608825683594 -0.00432205200195312 0.015411376953125 -0.131034851074219
-0.0164680480957031 -0.0219173431396484 0.0628738403320313 -0.071136474609375
0.00200080871582031 -0.0230178833007813 0.04595947265625 -0.00497055053710938
-0.00466346740722656 -0.0127363204956055 -0.0232429504394531 -0.0482215881347656
-0.013580322265625 -0.0301036834716797 0.0152053833007812 -0.138664245605469
0.0335769653320313 -0.088348388671875 0.011810302734375 0.149749755859375
-0.0423126220703125 -0.0787429809570313 0.0285911560058594 0.0599365234375
-0.0831146240234375 -0.0264968872070313 -0.0321903228759766 -0.00809478759765625
-0.0598716735839844 0.0394172668457031 -0.0714492797851563 0.0544204711914062
-0.0176506042480469 0.0665321350097656 -0.0403289794921875 0.1080322265625
0.0366935729980469 0.0593986511230469 0.040618896484375 0.146270751953125
0.0609970092773438 0.0429458618164063 0.11029052734375 0.137123107910156
0.0488166809082031 0.0400848388671875 0.114082336425781 0.110565185546875
0.0535964965820312 0.0449142456054687 0.0955581665039063 0.119308471679688
0.0224761962890625 0.0667915344238281 0.0532989501953125 0.122215270996094
-0.0310287475585937 0.0632743835449219 0.0134506225585938 0.0840606689453125
-0.0692672729492188 0.0168991088867188 0.00887298583984375 0.0574722290039063
-0.0521316528320312 -0.0581130981445313 0.0545196533203125 0.0785751342773438
-0.00493621826171874 -0.0855712890625 0.0772247314453125 0.197113037109375
0.0371246337890625 -0.0623664855957031 -0.045501708984375 0.345733642578125
0.0273590087890625 -0.190902709960938 0.00982666015625 0.117546081542969
-0.0767364501953125 -0.157821655273437 0.0186805725097656 0.0495376586914062
-0.148681640625 -0.0798797607421875 -0.0249099731445313 -0.0111026763916016
-0.135940551757813 0.04705810546875 -0.0606918334960938 0.0380516052246094
-0.067047119140625 0.113754272460938 -0.0460968017578125 0.0770339965820313
0.034027099609375 0.132667541503906 0.0196151733398438 0.123443603515625
0.0874862670898438 0.108261108398438 0.0825271606445312 0.11859130859375
0.0734710693359375 0.100936889648438 0.0892333984375 0.0909576416015625
0.08270263671875 0.114753723144531 0.0710372924804688 0.0955581665039063
0.0285568237304688 0.135589599609375 0.0467910766601563 0.0896835327148438
-0.0661087036132812 0.125968933105469 0.0174369812011719 0.0489845275878906
-0.133453369140625 0.0480270385742188 0.0279045104980469 0.0383033752441406
-0.127822875976563 -0.0978240966796875 0.0792465209960938 0.0707168579101563
-0.0629425048828125 -0.168182373046875 0.0885009765625 0.186660766601563
0.0234832763671875 -0.168319702148438 -0.024078369140625 0.32037353515625
0.0179443359375 -0.266952514648438 0.0146484375 0.0531234741210937
-0.102554321289063 -0.218826293945313 0.00511360168457031 0.0199756622314453
-0.199874877929688 -0.124053955078125 -0.0199127197265625 -0.0132694244384766
-0.198455810546875 0.048919677734375 -0.0424995422363281 0.0199546813964844
-0.110687255859375 0.147018432617188 -0.04180908203125 0.0369720458984375
0.0249481201171875 0.188446044921875 -0.000854492187499995 0.0812606811523438
0.0998077392578125 0.15679931640625 0.0435409545898437 0.0815582275390625
0.087371826171875 0.145980834960938 0.0504531860351563 0.0576095581054688
0.101852416992188 0.165451049804688 0.0343475341796875 0.0578651428222656
0.0357513427734375 0.185211181640625 0.0303840637207031 0.0428314208984375
-0.087371826171875 0.1773681640625 0.01666259765625 0.00389099121093751
-0.179611206054688 0.0828704833984375 0.0441131591796875 0.00967788696289063
-0.194229125976563 -0.116455078125 0.0981216430664062 0.053741455078125
-0.121444702148437 -0.22381591796875 0.086883544921875 0.156784057617188
0.000289916992187521 -0.248184204101563 -0.00521850585937502 0.259109497070313
0.00225830078125 -0.302825927734375 0.0231876373291016 -0.032522201538086
-0.121200561523437 -0.248153686523438 -0.0109901428222656 -0.0247001647949219
-0.229949951171875 -0.143508911132813 -0.0180778503417969 -0.0175361633300781
-0.2333984375 0.0506134033203125 -0.02008056640625 -0.000354766845703123
-0.1358642578125 0.161544799804687 -0.0306301116943359 -0.00841522216796874
0.0144195556640625 0.216400146484375 -0.0197792053222656 0.025787353515625
0.099029541015625 0.182723999023438 -0.000329971313476555 0.0312519073486328
0.087982177734375 0.168899536132813 0.00393009185791016 0.0160007476806641
0.106277465820312 0.191329956054688 -0.0107660293579102 0.0128593444824219
0.0370635986328125 0.208816528320313 0.00494575500488281 -0.0113821029663086
-0.0964813232421875 0.202606201171875 0.00936508178710937 -0.0456924438476562
-0.199417114257813 0.1058349609375 0.0539817810058594 -0.0235099792480469
-0.232315063476563 -0.116683959960937 0.102371215820312 0.0316085815429687
-0.160903930664062 -0.244598388671875 0.0674591064453125 0.111526489257812
-0.021026611328125 -0.288482666015625 0.00318908691406251 0.170761108398437
-0.01702880859375 -0.29345703125 0.0309524536132813 -0.127571105957031
-0.127975463867188 -0.23724365234375 -0.027130126953125 -0.077392578125
-0.224655151367188 -0.133865356445312 -0.0183868408203125 -0.0251560211181641
-0.227142333984375 0.049041748046875 0.00230407714843749 -0.0238494873046875
-0.1346435546875 0.151397705078125 -0.0161285400390625 -0.0538291931152344
0.0042266845703125 0.209701538085938 -0.03485107421875 -0.0339794158935547
0.0833282470703125 0.178680419921875 -0.0441780090332031 -0.0246124267578125
0.0753936767578125 0.165847778320313 -0.0434379577636719 -0.0281715393066406
0.09295654296875 0.18878173828125 -0.0557441711425781 -0.0344085693359375
0.02874755859375 0.199432373046875 -0.0244865417480469 -0.0648574829101562
-0.0953521728515625 0.191482543945312 -0.00122833251953126 -0.0909194946289062
-0.189239501953125 0.101669311523437 0.0561637878417969 -0.0545654296875
-0.22393798828125 -0.107070922851562 0.0932693481445312 0.0103225708007812
-0.16107177734375 -0.228408813476563 0.0344009399414062 0.0597343444824219
-0.03076171875 -0.28204345703125 0.00319290161132812 0.0696678161621093
-0.0359954833984375 -0.238845825195313 0.0360870361328125 -0.21746826171875
-0.117263793945312 -0.18487548828125 -0.0416183471679688 -0.129623413085937
-0.180130004882813 -0.0963897705078125 -0.0200767517089844 -0.0358467102050781
-0.17742919921875 0.041473388671875 0.0185050964355469 -0.0459060668945313
-0.106536865234375 0.115707397460938 -0.00379943847656251 -0.0889434814453125
-0.00251770019531249 0.167449951171875 -0.0455245971679688 -0.0866851806640625
0.055755615234375 0.146621704101562 -0.0801315307617188 -0.0763015747070312
0.0521697998046875 0.137985229492188 -0.0833816528320313 -0.06903076171875
0.0634765625 0.159469604492187 -0.0908660888671875 -0.0786056518554687
0.0099334716796875 0.159835815429688 -0.0478591918945312 -0.110107421875
-0.087677001953125 0.144454956054688 -0.00600433349609374 -0.123786926269531
-0.150482177734375 0.068328857421875 0.05670166015625 -0.0754013061523438
-0.169448852539062 -0.09173583984375 0.0764694213867188 -0.00405883789062501
-0.123367309570313 -0.180206298828125 0.00106334686279296 0.0111465454101562
-0.027801513671875 -0.2298583984375 0.00226402282714844 -0.0275344848632813
-0.050262451171875 -0.148178100585938 0.035491943359375 -0.290374755859375
-0.0886459350585938 -0.104255676269531 -0.053070068359375 -0.172637939453125
-0.10595703125 -0.0418853759765625 -0.0262908935546875 -0.0450210571289063
-0.097686767578125 0.0288314819335937 0.0228652954101562 -0.0605888366699219
-0.0597381591796875 0.0626754760742188 0.00318145751953124 -0.105537414550781
-0.0083465576171875 0.09869384765625 -0.0511474609375 -0.119583129882813
0.0214996337890625 0.0910568237304688 -0.103179931640625 -0.113395690917969
0.0204696655273438 0.088775634765625 -0.110641479492187 -0.0994644165039063
0.0239181518554688 0.105964660644531 -0.111541748046875 -0.113578796386719
-0.0126953125 0.09735107421875 -0.0581207275390625 -0.140762329101563
-0.0685958862304688 0.07452392578125 -0.00174713134765625 -0.13861083984375
-0.091949462890625 0.0210494995117187 0.0590057373046875 -0.0819473266601563
-0.0864334106445313 -0.0661544799804687 0.060211181640625 -0.0095367431640625
-0.0647125244140625 -0.106056213378906 -0.0207290649414063 -0.0272960662841797
-0.019775390625 -0.1429443359375 0.00431823730468749 -0.103286743164063
-0.0555191040039062 -0.0341072082519531 0.02728271484375 -0.332916259765625
-0.0480461120605469 -0.0123710632324219 -0.0644378662109375 -0.199691772460938
-0.0217342376708984 0.0167522430419922 -0.0401878356933594 -0.0502433776855469
-0.00804996490478515 0.0127048492431641 0.0135726928710937 -0.0630683898925781
-0.00597715377807617 0.00314617156982422 0.00385284423828126 -0.100418090820312
-0.011810302734375 0.0168647766113281 -0.0508651733398437 -0.130279541015625
-0.0154247283935547 0.0216903686523438 -0.110931396484375 -0.1300048828125
-0.0131244659423828 0.0257968902587891 -0.120674133300781 -0.115089416503906
-0.017547607421875 0.035552978515625 -0.1142578125 -0.134552001953125
-0.0296630859375 0.0214405059814453 -0.056976318359375 -0.155029296875
-0.0375175476074219 -0.000892639160156243 0.009765625 -0.136322021484375
-0.0199699401855469 -0.0207710266113281 0.06207275390625 -0.076629638671875
-0.000230789184570311 -0.0247802734375 0.0476493835449219 -0.00789642333984375
-0.00536346435546875 -0.0150527954101563 -0.0282325744628906 -0.05029296875
-0.0141010284423828 -0.0339565277099609 0.00767517089843751 -0.147933959960938
0.0296173095703125 -0.091064453125 0.0207977294921875 0.156082153320312
-0.0457763671875 -0.0753707885742188 0.03448486328125 0.0627670288085938
-0.0843582153320312 -0.0218734741210938 -0.0327968597412109 -0.00704002380371094
-0.0580253601074219 0.0419082641601562 -0.0706253051757813 0.058868408203125
-0.014068603515625 0.0679588317871094 -0.0362319946289063 0.112258911132813
0.0407562255859375 0.0569343566894531 0.04925537109375 0.1474609375
0.0652389526367188 0.038970947265625 0.120285034179688 0.134140014648438
0.0514907836914062 0.036895751953125 0.1217041015625 0.106788635253906
0.0565528869628906 0.041595458984375 0.104568481445313 0.117660522460937
0.0271568298339844 0.0649604797363281 0.06005859375 0.122238159179688
-0.0265922546386719 0.0659217834472656 0.0174636840820312 0.0855484008789063
-0.0690803527832031 0.0211639404296875 0.0120773315429687 0.0583572387695313
-0.0561141967773438 -0.0557518005371094 0.0591506958007813 0.0774459838867188
-0.0109405517578125 -0.0855178833007813 0.0892791748046875 0.198165893554688
0.0333137512207031 -0.0639114379882813 -0.0296630859375 0.35552978515625
0.018218994140625 -0.195785522460938 0.0172119140625 0.124107360839844
-0.0844268798828125 -0.153884887695313 0.0229988098144531 0.0531501770019531
-0.15472412109375 -0.07330322265625 -0.0253429412841797 -0.0101490020751953
-0.135063171386719 0.0538101196289062 -0.0600624084472656 0.0415534973144531
-0.0622711181640625 0.118431091308594 -0.0431137084960938 0.0812454223632813
0.0427703857421875 0.131752014160156 0.0266799926757812 0.125419616699219
0.0955810546875 0.104209899902344 0.0912399291992188 0.116935729980469
0.07965087890625 0.0975723266601562 0.0955581665039063 0.08807373046875
0.0908966064453125 0.111083984375 0.078826904296875 0.0946197509765625
0.0369796752929687 0.13470458984375 0.0519638061523438 0.0888824462890625
-0.058563232421875 0.132339477539063 0.0197067260742187 0.0495452880859375
-0.133277893066406 0.056854248046875 0.0306663513183594 0.0375785827636719
-0.136581420898438 -0.0929718017578125 0.0837326049804687 0.0685043334960938
-0.074127197265625 -0.167251586914063 0.099456787109375 0.18719482421875
0.0144500732421875 -0.172866821289062 -0.00857543945312498 0.32867431640625
0.00607299804687502 -0.2734375 0.0182723999023438 0.058746337890625
-0.113616943359375 -0.2158203125 0.00767707824707031 0.0236854553222656
-0.210250854492188 -0.116683959960937 -0.0208835601806641 -0.0122642517089844
-0.198699951171875 0.059722900390625 -0.0419692993164063 0.0233116149902344
-0.10467529296875 0.155014038085938 -0.0415229797363281 0.0409088134765625
0.0374603271484375 0.189559936523438 0.00392913818359375 0.084320068359375
0.111679077148437 0.154022216796875 0.0500564575195313 0.0815200805664063
0.09674072265625 0.14324951171875 0.0550117492675781 0.0559005737304688
0.11474609375 0.161727905273438 0.0391197204589844 0.0589332580566406
0.04766845703125 0.185775756835938 0.0334014892578125 0.04193115234375
-0.0775299072265625 0.185623168945313 0.0160274505615234 0.00428485870361329
-0.178482055664063 0.0941009521484375 0.0462684631347656 0.00801849365234376
-0.205535888671875 -0.109176635742187 0.10089111328125 0.0504684448242187
-0.136367797851562 -0.221450805664063 0.0956878662109375 0.156982421875
-0.0118408203125 -0.2547607421875 0.00679016113281247 0.264175415039063
-0.01080322265625 -0.310150146484375 0.0226078033447266 -0.0290203094482422
-0.134552001953125 -0.24615478515625 -0.0111923217773438 -0.0209579467773438
-0.242156982421875 -0.136367797851563 -0.0189132690429688 -0.0163345336914063
-0.234954833984375 0.0636444091796875 -0.020538330078125 0.00158882141113282
-0.1300048828125 0.171524047851562 -0.0329113006591797 -0.00572586059570312
0.028045654296875 0.218887329101563 -0.0174388885498047 0.02947998046875
0.112579345703125 0.180343627929688 0.00232696533203126 0.0321979522705078
0.0990142822265625 0.1669921875 0.00554656982421876 0.0153064727783203
0.12158203125 0.188796997070313 -0.0088205337524414 0.0151834487915039
0.0503997802734375 0.209793090820312 0.00420761108398438 -0.0117273330688476
-0.0857086181640625 0.21282958984375 0.00640487670898437 -0.045623779296875
-0.197280883789063 0.119171142578125 0.0538787841796875 -0.0265159606933594
-0.244918823242188 -0.107925415039062 0.104545593261719 0.027313232421875
-0.177261352539062 -0.241317749023438 0.072845458984375 0.111717224121094
-0.0343017578125 -0.295562744140625 0.010345458984375 0.17333984375
-0.0296630859375 -0.300811767578125 0.0257034301757813 -0.1273193359375
-0.142059326171875 -0.236114501953125 -0.0311279296875 -0.0742721557617188
-0.237625122070313 -0.1270751953125 -0.0197563171386719 -0.0241832733154297
-0.229171752929688 0.062103271484375 0.000883102416992175 -0.0233688354492187
-0.129730224609375 0.161895751953125 -0.0203018188476563 -0.052825927734375
0.0174560546875 0.213302612304688 -0.0363578796386719 -0.0311393737792969
0.09613037109375 0.177520751953125 -0.045135498046875 -0.0226364135742187
0.086578369140625 0.165298461914063 -0.0444869995117187 -0.0272789001464844
0.107696533203125 0.18768310546875 -0.0571022033691406 -0.0308303833007812
0.0414886474609375 0.201446533203125 -0.0284385681152344 -0.0642166137695312
-0.08575439453125 0.201828002929688 -0.00666046142578125 -0.0907135009765625
-0.1873779296875 0.113693237304688 0.0549240112304687 -0.0584907531738281
-0.235641479492187 -0.0988769531250001 0.0949249267578125 0.00598907470703124
-0.17633056640625 -0.225921630859375 0.0364418029785156 0.0602760314941406
-0.0438232421875 -0.28961181640625 0.00543594360351563 0.0698051452636719
-0.0458984375 -0.244827270507813 0.0255889892578125 -0.220733642578125
-0.127685546875 -0.185028076171875 -0.0490646362304688 -0.128204345703125
-0.1900634765625 -0.0919952392578125 -0.0225963592529297 -0.0345382690429688
-0.1798095703125 0.0522918701171875 0.0163536071777344 -0.0465850830078125
-0.103004455566406 0.124526977539063 -0.00876617431640627 -0.0896224975585937
0.00753784179687501 0.171188354492188 -0.0499954223632812 -0.08441162109375
0.0665283203125 0.147430419921875 -0.0847549438476562 -0.07293701171875
0.0604324340820312 0.138504028320313 -0.0875244140625 -0.0666427612304688
0.0762939453125 0.159515380859375 -0.0959396362304688 -0.0740966796875
0.0202484130859375 0.16290283203125 -0.0543289184570312 -0.109062194824219
-0.08038330078125 0.15374755859375 -0.0132675170898438 -0.123893737792969
-0.151077270507813 0.0780181884765625 0.0544204711914062 -0.0790863037109375
-0.179290771484375 -0.0863800048828125 0.07659912109375 -0.00813293457031251
-0.136016845703125 -0.17926025390625 -0.000131607055664072 0.0119047164916992
-0.03826904296875 -0.237152099609375 -0.000694274902343755 -0.0290088653564453
-0.0563507080078125 -0.150894165039063 0.02130126953125 -0.29595947265625
-0.0951919555664063 -0.104591369628906 -0.063720703125 -0.172286987304688
-0.111557006835938 -0.0402374267578125 -0.0300102233886719 -0.0435905456542969
-0.0993118286132813 0.0342636108398437 0.019683837890625 -0.0622673034667969
-0.0580635070800781 0.067962646484375 -0.00211334228515625 -0.106941223144531
-0.0018157958984375 0.101699829101562 -0.0576858520507813 -0.119087219238281
0.0278549194335938 0.0924758911132813 -0.111030578613281 -0.110267639160156
0.0266342163085938 0.09075927734375 -0.117332458496094 -0.096405029296875
0.032440185546875 0.107681274414062 -0.119270324707031 -0.109519958496094
-0.00604248046874999 0.101455688476563 -0.0672760009765625 -0.140190124511719
-0.0659637451171875 0.0818023681640625 -0.00930023193359376 -0.140151977539063
-0.0936431884765625 0.0270004272460938 0.055511474609375 -0.0866165161132813
-0.0930252075195313 -0.0644683837890625 0.0604362487792969 -0.0129013061523438
-0.0714569091796875 -0.106552124023438 -0.0244598388671875 -0.0267486572265625
-0.0257720947265625 -0.148178100585938 -0.00249481201171876 -0.106971740722656
-0.0560340881347656 -0.0338172912597656 0.01019287109375 -0.34033203125
-0.0490646362304687 -0.0127639770507813 -0.07763671875 -0.20098876953125
-0.0214023590087891 0.0152740478515625 -0.0442047119140625 -0.0484848022460937
-0.00886154174804687 0.0133600234985352 0.0103683471679688 -0.0644340515136719
-0.00630092620849609 0.00384044647216797 -0.000778198242187501 -0.102157592773438
-0.0110054016113281 0.0192031860351563 -0.0585784912109375 -0.130760192871094
-0.0144405364990234 0.0237522125244141 -0.120231628417969 -0.127723693847656
-0.0112800598144531 0.0278911590576172 -0.128440856933594 -0.111808776855469
-0.0145263671875 0.0384368896484375 -0.123550415039063 -0.1302490234375
-0.0283679962158203 0.0248088836669922 -0.0656585693359375 -0.154098510742188
-0.0386886596679688 0.00273895263671875 0.00220489501953125 -0.138648986816406
-0.02276611328125 -0.0192909240722656 0.0589370727539062 -0.0810394287109375
-0.00219345092773437 -0.0262794494628906 0.0478172302246094 -0.0108451843261719
-0.00644874572753906 -0.0167818069458008 -0.0332527160644531 -0.0511970520019531
-0.0151138305664062 -0.0372200012207031 -0.00128173828125002 -0.152969360351563
0.02618408203125 -0.0911331176757812 0.028106689453125 0.15997314453125
-0.0469894409179687 -0.0706329345703125 0.0392532348632812 0.0651664733886719
-0.0839691162109375 -0.01806640625 -0.0330352783203125 -0.00658607482910157
-0.0561027526855469 0.0430030822753906 -0.0683746337890625 0.0620498657226563
-0.0112762451171875 0.0677032470703125 -0.03277587890625 0.113746643066406
0.0428466796875 0.0545768737792969 0.055206298828125 0.146453857421875
0.0666999816894531 0.0347175598144531 0.126548767089844 0.130393981933594
0.0523681640625 0.0334892272949219 0.126014709472656 0.103172302246094
0.0582275390625 0.0380592346191406 0.109703063964844 0.114639282226563
0.0301322937011719 0.0624923706054688 0.0648574829101562 0.119956970214844
-0.0230789184570312 0.0667266845703125 0.0204620361328125 0.084686279296875
-0.0676383972167969 0.0241279602050781 0.01434326171875 0.0585289001464844
-0.0591964721679687 -0.0530853271484375 0.06201171875 0.0759353637695312
-0.0157318115234375 -0.0839920043945313 0.0975189208984375 0.196945190429688
0.0305366516113281 -0.0644683837890625 -0.015625 0.357635498046875
0.012298583984375 -0.197174072265625 0.0228347778320313 0.128364562988281
-0.087982177734375 -0.149093627929687 0.0276412963867187 0.0559616088867187
-0.157012939453125 -0.06817626953125 -0.0255832672119141 -0.00885581970214844
-0.13226318359375 0.0581512451171875 -0.0587844848632812 0.0445022583007813
-0.057891845703125 0.120391845703125 -0.0413970947265625 0.0836715698242188
0.04840087890625 0.129409790039063 0.0324020385742188 0.125358581542969
0.100494384765625 0.0991973876953125 0.0972900390625 0.114593505859375
0.083282470703125 0.093841552734375 0.0991363525390625 0.0847015380859375
0.096160888671875 0.105926513671875 0.083099365234375 0.0930252075195313
0.0435638427734375 0.131736755371094 0.0548934936523438 0.0875320434570313
-0.0518875122070313 0.134811401367187 0.021209716796875 0.0498619079589844
-0.131752014160156 0.0618438720703125 0.0321235656738281 0.0371017456054688
-0.141510009765625 -0.088409423828125 0.0853729248046875 0.0658950805664063
-0.0823974609375 -0.163955688476562 0.106002807617187 0.185791015625
0.00796508789062501 -0.17425537109375 0.002410888671875 0.329376220703125
-0.00210571289062497 -0.274887084960938 0.0211944580078125 0.0633583068847656
-0.119644165039062 -0.210678100585938 0.0103702545166016 0.0277824401855469
-0.214828491210938 -0.110321044921875 -0.0212955474853516 -0.0110969543457031
-0.196197509765625 0.0667877197265625 -0.0416069030761719 0.0255889892578125
-0.09918212890625 0.158660888671875 -0.0412254333496094 0.0434226989746094
0.0455322265625 0.187301635742188 0.00800323486328126 0.0858306884765625
0.1190185546875 0.148727416992188 0.0546798706054688 0.0802154541015625
0.102279663085938 0.140045166015625 0.0569801330566406 0.0537185668945313
0.122451782226563 0.156539916992188 0.042755126953125 0.0586738586425781
0.0555877685546875 0.1839599609375 0.0342369079589844 0.0410881042480469
-0.06884765625 0.189849853515625 0.0166149139404297 0.00466060638427736
-0.175262451171875 0.101242065429687 0.0463676452636719 0.00685882568359376
-0.212295532226563 -0.102691650390625 0.102081298828125 0.0471954345703125
-0.14654541015625 -0.216644287109375 0.100860595703125 0.155471801757813
-0.0203094482421875 -0.257003784179688 0.0152435302734375 0.26434326171875
-0.019927978515625 -0.31207275390625 0.0219306945800781 -0.0252780914306641
-0.141616821289062 -0.24188232421875 -0.0101900100708008 -0.0165987014770508
-0.248855590820312 -0.129379272460938 -0.0195407867431641 -0.0152301788330078
-0.232681274414063 0.071685791015625 -0.0207290649414063 0.00352668762207031
-0.123779296875 0.176559448242188 -0.0339698791503906 -0.00352859497070311
0.037872314453125 0.217315673828125 -0.0152740478515625 0.0317840576171875
0.121292114257812 0.175704956054688 0.00499725341796876 0.0329704284667969
0.105850219726563 0.1639404296875 0.00635242462158204 0.0148849487304688
0.131332397460938 0.182998657226563 -0.00653076171874999 0.017303466796875
0.0596466064453125 0.207626342773438 0.00332927703857422 -0.0113563537597656
-0.075653076171875 0.217086791992188 0.00409317016601562 -0.044281005859375
-0.194412231445312 0.126571655273438 0.0531044006347656 -0.028167724609375
-0.251739501953125 -0.100494384765625 0.104728698730469 0.0240325927734375
-0.187149047851563 -0.236114501953125 0.0761489868164062 0.110572814941406
-0.044036865234375 -0.29815673828125 0.0153350830078125 0.1729736328125
-0.037261962890625 -0.3031005859375 0.0218048095703125 -0.125175476074219
-0.148788452148437 -0.232162475585938 -0.0330886840820313 -0.0707244873046875
-0.244613647460938 -0.120803833007813 -0.0208263397216797 -0.0226612091064453
-0.228408813476563 0.07049560546875 0.000595092773437486 -0.0219669342041016
-0.124923706054687 0.167572021484375 -0.02276611328125 -0.0515098571777344
0.02655029296875 0.212722778320313 -0.0360527038574219 -0.0284233093261719
0.104934692382813 0.17449951171875 -0.0446624755859375 -0.0202522277832031
0.093719482421875 0.163055419921875 -0.0455398559570313 -0.0266227722167969
0.118255615234375 0.183486938476563 -0.0562019348144531 -0.0272293090820313
0.05035400390625 0.20062255859375 -0.0309906005859375 -0.0629081726074219
-0.0764923095703125 0.207122802734375 -0.0104904174804688 -0.0890731811523437
-0.184661865234375 0.121658325195313 0.0530548095703125 -0.0601348876953125
-0.242355346679687 -0.0918731689453125 0.0938949584960938 0.00287628173828124
-0.185577392578125 -0.220855712890625 0.0376014709472656 0.0604743957519531
-0.05267333984375 -0.292266845703125 0.00647354125976562 0.0694389343261719
-0.0519561767578125 -0.246749877929687 0.01873779296875 -0.219772338867188
-0.1341552734375 -0.182952880859375 -0.054107666015625 -0.125038146972656
-0.1962890625 -0.0887298583984375 -0.0240612030029297 -0.0331039428710938
-0.179306030273438 0.0588531494140625 0.0147590637207031 -0.0463066101074219
-0.0996780395507812 0.129470825195313 -0.012603759765625 -0.0885162353515625
0.0153656005859375 0.171875 -0.0523452758789063 -0.0814666748046875
0.073211669921875 0.1455078125 -0.086639404296875 -0.0703125
0.0670700073242188 0.137565612792969 -0.0898895263671875 -0.0645751953125
0.085662841796875 0.156875610351563 -0.0979843139648438 -0.0699691772460937
0.0279998779296875 0.16339111328125 -0.0585250854492187 -0.106887817382812
-0.0739593505859375 0.158798217773438 -0.0182876586914063 -0.1224365234375
-0.149215698242188 0.0843658447265625 0.0516357421875 -0.0812149047851563
-0.184463500976563 -0.0814361572265625 0.0758514404296875 -0.0103225708007813
-0.142669677734375 -0.17626953125 -0.000944137573242198 0.0124320983886719
-0.045562744140625 -0.240737915039063 -0.00329399108886719 -0.030120849609375
-0.059234619140625 -0.15264892578125 0.01080322265625 -0.2967529296875
-0.0985488891601563 -0.104347229003906 -0.0714263916015625 -0.170333862304688
-0.115165710449219 -0.0395278930664063 -0.0318794250488281 -0.0420341491699219
-0.0994415283203125 0.038482666015625 0.0179214477539062 -0.0622825622558594
-0.0567550659179687 0.0716629028320313 -0.00618743896484375 -0.106636047363281
0.00300598144531249 0.103050231933594 -0.0614700317382813 -0.116950988769531
0.0320205688476562 0.0927810668945313 -0.115135192871094 -0.106338500976562
0.0309219360351562 0.0906829833984375 -0.120849609375 -0.0933837890625
0.0387725830078125 0.106834411621094 -0.122817993164063 -0.104499816894531
-0.0013275146484375 0.102302551269531 -0.072235107421875 -0.137825012207031
-0.0626602172851562 0.0863494873046875 -0.01495361328125 -0.138710021972656
-0.09375 0.0311126708984375 0.0528564453125 -0.0885391235351563
-0.0972824096679688 -0.0623550415039062 0.0595016479492187 -0.0152435302734375
-0.0757217407226562 -0.105796813964844 -0.0273113250732422 -0.0262947082519531
-0.0301361083984375 -0.151458740234375 -0.00795745849609375 -0.108253479003906
-0.0555648803710938 -0.033966064453125 -0.00164794921874998 -0.342315673828125
-0.0500602722167969 -0.0134429931640625 -0.08599853515625 -0.199371337890625
-0.0219650268554687 0.0133800506591797 -0.0461997985839844 -0.0468635559082031
-0.0090475082397461 0.0136022567749023 0.00802230834960938 -0.0642814636230469
-0.00760650634765625 0.00475597381591797 -0.00398254394531249 -0.102439880371094
-0.00968551635742188 0.0203704833984375 -0.0637359619140625 -0.129142761230469
-0.0134792327880859 0.0262355804443359 -0.126091003417969 -0.12335205078125
-0.00949668884277344 0.0298194885253906 -0.133041381835938 -0.107955932617187
-0.0116958618164063 0.0403671264648438 -0.128929138183594 -0.125938415527344
-0.0264396667480469 0.0268669128417969 -0.07196044921875 -0.151626586914063
-0.0388450622558594 0.00604629516601562 -0.00321197509765624 -0.137954711914063
-0.0244197845458984 -0.0177383422851562 0.0563888549804688 -0.0835952758789063
-0.00405120849609375 -0.0268573760986328 0.047149658203125 -0.0130958557128906
-0.00700759887695313 -0.0183601379394531 -0.0374107360839844 -0.0506668090820313
-0.015960693359375 -0.0405235290527344 -0.00834655761718751 -0.155426025390625
0.0253524780273438 -0.0919113159179688 0.0320892333984375 0.163711547851562
-0.0462913513183594 -0.0684967041015625 0.0434646606445313 0.066802978515625
-0.0826416015625 -0.0171890258789063 -0.0328369140625 -0.00614929199218749
-0.0550651550292969 0.0433883666992187 -0.0677413940429688 0.0632553100585938
-0.0106163024902344 0.0674247741699219 -0.0313796997070313 0.115242004394531
0.044464111328125 0.0524826049804688 0.057861328125 0.14617919921875
0.06787109375 0.0321769714355469 0.130104064941406 0.129371643066406
0.0525741577148438 0.0319099426269531 0.12841796875 0.102737426757813
0.0583648681640625 0.0355186462402344 0.112396240234375 0.114189147949219
0.0314865112304688 0.0605278015136719 0.06640625 0.119522094726563
-0.0202827453613281 0.0666580200195313 0.0213623046875 0.0849456787109375
-0.0669937133789063 0.0254440307617187 0.0155677795410156 0.0587425231933594
-0.0608673095703125 -0.0517501831054688 0.0633010864257813 0.0757369995117188
-0.01806640625 -0.0826339721679687 0.101638793945313 0.197616577148437
0.0292282104492187 -0.06414794921875 -0.0120849609375 0.360198974609375
0.00987243652343749 -0.198196411132813 0.0264968872070312 0.133049011230469
-0.0877227783203125 -0.146728515625 0.0308380126953125 0.0591468811035156
-0.157989501953125 -0.06646728515625 -0.0252742767333984 -0.00868034362792969
-0.131416320800781 0.0597305297851562 -0.0580863952636719 0.0459556579589844
-0.0565948486328125 0.12158203125 -0.0409088134765625 0.0854415893554688
0.0512466430664062 0.127365112304688 0.0351333618164063 0.1260986328125
0.103302001953125 0.09649658203125 0.100959777832031 0.113746643066406
0.0850677490234375 0.0924301147460937 0.101028442382813 0.0842819213867188
0.099090576171875 0.103340148925781 0.0859527587890625 0.0933303833007812
0.0461502075195313 0.130790710449219 0.056121826171875 0.08697509765625
-0.0482025146484375 0.1357421875 0.0213394165039062 0.0503196716308594
-0.130729675292969 0.0647506713867187 0.0327606201171875 0.0369415283203125
-0.145462036132813 -0.086578369140625 0.0865478515625 0.0659027099609375
-0.0866241455078125 -0.162155151367188 0.1099853515625 0.1868896484375
0.0060272216796875 -0.175750732421875 0.00588989257812499 0.3311767578125
-0.00498962402343751 -0.277725219726563 0.0238990783691406 0.0678977966308594
-0.12030029296875 -0.209457397460937 0.0135288238525391 0.0313587188720703
-0.218536376953125 -0.108383178710937 -0.0210189819335938 -0.0107440948486328
-0.195755004882813 0.069244384765625 -0.0412826538085938 0.0271987915039062
-0.0977325439453125 0.160720825195313 -0.0411949157714844 0.0448837280273438
0.04974365234375 0.185958862304688 0.0107269287109375 0.0871658325195313
0.1236572265625 0.14666748046875 0.0576095581054688 0.0805892944335938
0.105575561523438 0.138656616210938 0.0583534240722656 0.0531730651855469
0.1270751953125 0.153717041015625 0.0452194213867188 0.0595588684082031
0.0599517822265625 0.182723999023438 0.03448486328125 0.0411567687988281
-0.063873291015625 0.192001342773437 0.0157098770141601 0.00529670715332032
-0.17523193359375 0.104751586914063 0.0465660095214844 0.00606918334960938
-0.217422485351563 -0.100616455078125 0.102363586425781 0.0467681884765625
-0.151824951171875 -0.215301513671875 0.103317260742187 0.156524658203125
-0.0238800048828125 -0.260467529296875 0.01751708984375 0.26519775390625
-0.02178955078125 -0.31591796875 0.023406982421875 -0.0215873718261719
-0.143600463867188 -0.2406005859375 -0.0091390609741211 -0.013275146484375
-0.253738403320313 -0.128677368164062 -0.0199260711669922 -0.014862060546875
-0.232711791992187 0.074920654296875 -0.0204200744628906 0.00482177734375001
-0.122955322265625 0.179443359375 -0.0350246429443359 -0.00176048278808592
0.042755126953125 0.216445922851562 -0.0131797790527344 0.0337104797363281
0.126129150390625 0.174407958984375 0.00733566284179688 0.03375244140625
0.109603881835938 0.1634521484375 0.00697517395019532 0.0141983032226563
0.13665771484375 0.180328369140625 -0.0046100616455078 0.0182399749755859
0.065032958984375 0.207992553710938 0.00291252136230469 -0.0110158920288086
-0.070770263671875 0.220108032226563 0.00331497192382812 -0.0434608459472656
-0.193756103515625 0.130142211914062 0.0527610778808594 -0.0290603637695312
-0.256881713867188 -0.0987548828125 0.104080200195312 0.02374267578125
-0.192825317382813 -0.234405517578125 0.0776901245117187 0.11175537109375
-0.047210693359375 -0.301788330078125 0.0162200927734375 0.173171997070312
-0.039947509765625 -0.307586669921875 0.0212631225585937 -0.122688293457031
-0.15081787109375 -0.232818603515625 -0.0333251953125 -0.0685577392578125
-0.250381469726563 -0.121017456054688 -0.0213508605957031 -0.0221443176269531
-0.228591918945313 0.0743560791015625 6.67572021484233E-05 -0.0212249755859375
-0.123947143554687 0.170791625976563 -0.0246238708496094 -0.04962158203125
0.0313568115234375 0.212661743164063 -0.0353584289550781 -0.0262603759765625
0.109710693359375 0.173858642578125 -0.0438232421875 -0.0190811157226562
0.0971527099609375 0.163665771484375 -0.0457344055175781 -0.0266380310058594
0.124008178710938 0.18145751953125 -0.0556221008300781 -0.0257720947265625
0.0554656982421875 0.200927734375 -0.0323638916015625 -0.0620193481445312
-0.072662353515625 0.209884643554688 -0.0117034912109375 -0.0880279541015625
-0.185073852539063 0.12548828125 0.0521087646484375 -0.06103515625
-0.247482299804688 -0.089996337890625 0.09326171875 0.00265502929687499
-0.190673828125 -0.219955444335938 0.0377845764160156 0.061126708984375
-0.055419921875 -0.29705810546875 0.00627899169921874 0.0684776306152344
-0.05340576171875 -0.250823974609375 0.016693115234375 -0.218963623046875
-0.136611938476562 -0.184219360351563 -0.05596923828125 -0.123420715332031
-0.202117919921875 -0.0886688232421875 -0.0246734619140625 -0.0323276519775391
-0.180496215820313 0.0622406005859375 0.0140228271484375 -0.0460929870605469
-0.0998077392578125 0.1322021484375 -0.0148696899414063 -0.0876541137695312
0.01910400390625 0.172332763671875 -0.0522079467773438 -0.0804443359375
0.07781982421875 0.146011352539063 -0.0873260498046875 -0.0683517456054687
0.07098388671875 0.138648986816406 -0.091094970703125 -0.0643234252929688
0.090362548828125 0.15576171875 -0.0978240966796875 -0.06768798828125
0.0317535400390625 0.1640625 -0.0607452392578125 -0.105758666992188
-0.0703277587890625 0.161972045898438 -0.0202178955078125 -0.121353149414062
-0.149993896484375 0.0875244140625 0.0508270263671875 -0.0825424194335938
-0.188400268554688 -0.0808868408203125 0.0753250122070312 -0.0114898681640625
-0.146392822265625 -0.176025390625 -0.00243663787841798 0.0130281448364258
-0.0481109619140625 -0.2452392578125 -0.00488471984863281 -0.0312919616699219
-0.0596466064453125 -0.155792236328125 0.00723266601562501 -0.296722412109375
-0.10052490234375 -0.105796813964844 -0.074462890625 -0.169509887695313
-0.119056701660156 -0.0408172607421875 -0.0326881408691406 -0.0412139892578125
-0.100669860839844 0.0400466918945313 0.0165328979492187 -0.0625267028808594
-0.057220458984375 0.0731201171875 -0.00805664062500001 -0.106399536132812
0.0051422119140625 0.103790283203125 -0.063323974609375 -0.1158447265625
0.0349578857421875 0.0939712524414062 -0.117721557617187 -0.1051025390625
0.0331878662109375 0.0920791625976563 -0.122482299804688 -0.0929183959960938
0.042449951171875 0.107101440429688 -0.124504089355469 -0.102157592773438
0.00176239013671874 0.103614807128906 -0.0744171142578125 -0.136329650878906
-0.0608291625976562 0.0895156860351562 -0.0174026489257812 -0.137947082519531
-0.0949630737304688 0.0335006713867188 0.051605224609375 -0.0894088745117188
-0.0998001098632813 -0.0625 0.0590744018554687 -0.0161209106445313
-0.0779800415039063 -0.107032775878906 -0.0295639038085938 -0.0261058807373047
-0.0317535400390625 -0.155670166015625 -0.0108871459960937 -0.11041259765625
-0.0544662475585937 -0.0356559753417969 -0.00573730468749998 -0.343963623046875
-0.0504226684570313 -0.0146255493164063 -0.090484619140625 -0.19970703125
-0.0234928131103516 0.0115375518798828 -0.0469703674316406 -0.0461273193359375
-0.0105752944946289 0.013397216796875 0.00746154785156249 -0.06512451171875
-0.00819635391235352 0.00538206100463867 -0.00525665283203125 -0.103126525878906
-0.00963783264160156 0.0212459564208984 -0.0656967163085938 -0.128868103027344
-0.0132179260253906 0.0280742645263672 -0.129714965820313 -0.121635437011719
-0.00869369506835937 0.0309429168701172 -0.135139465332031 -0.107574462890625
-0.00968170166015625 0.041595458984375 -0.131797790527344 -0.124427795410156
-0.0250205993652344 0.0289573669433594 -0.0742340087890625 -0.15081787109375
-0.0388870239257812 0.00796127319335938 -0.00563049316406249 -0.137626647949219
-0.0261306762695313 -0.0167999267578125 0.0547561645507813 -0.0841217041015625
-0.00549125671386718 -0.0279674530029297 0.0469818115234375 -0.0139198303222656
-0.00787734985351562 -0.0202178955078125 -0.0399017333984375 -0.0508804321289063
-0.0162887573242188 -0.0428543090820313 -0.0120391845703125 -0.157455444335938
0.0251617431640625 -0.0936203002929687 0.0349578857421875 0.170944213867188
-0.0452232360839844 -0.0679283142089844 0.0483932495117187 0.0707168579101562
-0.083404541015625 -0.0173263549804687 -0.0333900451660156 -0.00601005554199219
-0.0555458068847656 0.043670654296875 -0.0692710876464844 0.0660057067871094
-0.0101814270019531 0.0689964294433594 -0.0316314697265625 0.11846923828125
0.046051025390625 0.0520477294921875 0.0604705810546875 0.14947509765625
0.0695838928222656 0.030914306640625 0.135581970214844 0.132011413574219
0.0536384582519531 0.0311508178710938 0.132225036621094 0.106224060058594
0.0602951049804688 0.0350189208984375 0.116340637207031 0.118202209472656
0.0326995849609375 0.0604667663574219 0.06829833984375 0.122703552246094
-0.0189590454101563 0.068115234375 0.0217971801757813 0.0873794555664062
-0.0683135986328125 0.0267410278320313 0.0161857604980469 0.0602798461914063
-0.0633468627929688 -0.0518035888671875 0.065399169921875 0.0781631469726563
-0.02020263671875 -0.0830459594726563 0.105728149414062 0.203353881835938
0.02935791015625 -0.0644760131835938 -0.012786865234375 0.3699951171875
0.010284423828125 -0.203933715820313 0.0290374755859375 0.140052795410156
-0.087158203125 -0.148971557617188 0.0357666015625 0.0633430480957031
-0.161865234375 -0.0679168701171875 -0.0259342193603516 -0.00852203369140625
-0.134223937988281 0.0609054565429688 -0.0592384338378906 0.0481986999511719
-0.058197021484375 0.124649047851563 -0.0423965454101563 0.088623046875
0.0537796020507812 0.128929138183594 0.0375900268554688 0.129737854003906
0.107574462890625 0.0968704223632812 0.105369567871094 0.116462707519531
0.0877532958984375 0.0941543579101562 0.103668212890625 0.0869293212890625
0.102790832519531 0.104225158691406 0.0894775390625 0.0963668823242187
0.0489120483398438 0.132804870605469 0.0571212768554687 0.0898818969726563
-0.0475006103515625 0.139472961425781 0.0223808288574219 0.0520057678222656
-0.1343994140625 0.06689453125 0.0336990356445312 0.0379905700683594
-0.151885986328125 -0.0881195068359375 0.08868408203125 0.0678176879882813
-0.090911865234375 -0.165664672851563 0.113723754882813 0.193038940429688
0.00535583496093748 -0.180953979492188 0.00585937500000001 0.340240478515625
-0.00396728515624997 -0.286468505859375 0.0264434814453125 0.0736846923828125
-0.120635986328125 -0.21368408203125 0.0164413452148437 0.035003662109375
-0.224472045898438 -0.111801147460938 -0.021230697631836 -0.0106029510498047
-0.2000732421875 0.0703125 -0.0416793823242188 0.0282630920410156
-0.100341796875 0.164794921875 -0.0430183410644531 0.0474052429199219
0.0528411865234375 0.189132690429688 0.0128707885742188 0.0904312133789063
0.128677368164063 0.148361206054688 0.061248779296875 0.0827484130859375
0.109054565429688 0.142303466796875 0.0601577758789063 0.0546455383300781
0.13226318359375 0.155593872070312 0.0478057861328125 0.0620193481445313
0.0636138916015625 0.186203002929688 0.03533935546875 0.0427017211914063
-0.06304931640625 0.197128295898438 0.0161037445068359 0.00638484954833986
-0.18048095703125 0.108444213867188 0.0474739074707031 0.00653457641601563
-0.2259521484375 -0.102706909179687 0.104446411132812 0.048828125
-0.157119750976562 -0.220184326171875 0.106369018554688 0.161972045898438
-0.023345947265625 -0.26849365234375 0.0161285400390625 0.272872924804688
-0.020751953125 -0.32720947265625 0.0254650115966797 -0.0182056427001953
-0.145294189453125 -0.2486572265625 -0.00719833374023438 -0.0106315612792969
-0.262435913085938 -0.132339477539062 -0.0199356079101563 -0.0145225524902344
-0.238601684570313 0.0771942138671875 -0.0205211639404297 0.00558853149414063
-0.126510620117188 0.184646606445312 -0.0369071960449219 -0.000381469726562485
0.0457611083984375 0.221099853515625 -0.0120582580566406 0.0359611511230469
0.131622314453125 0.1773681640625 0.0091686248779297 0.0347576141357422
0.113662719726563 0.168502807617187 0.0073375701904297 0.0147294998168945
0.143341064453125 0.184158325195312 -0.00320816040039061 0.0201263427734375
0.0685272216796875 0.212066650390625 0.00291061401367188 -0.0106973648071289
-0.06982421875 0.22674560546875 0.00287246704101562 -0.0436859130859375
-0.199844360351563 0.134613037109375 0.0536117553710937 -0.0295944213867187
-0.266632080078125 -0.101242065429688 0.105903625488281 0.0250320434570312
-0.199295043945312 -0.240264892578125 0.0792160034179687 0.116279602050781
-0.047760009765625 -0.313140869140625 0.015167236328125 0.177413940429687
-0.038665771484375 -0.318634033203125 0.0234298706054688 -0.12322998046875
-0.153335571289063 -0.240966796875 -0.0331611633300781 -0.0671424865722656
-0.259994506835938 -0.1248779296875 -0.0217399597167969 -0.0220680236816406
-0.235641479492187 0.07666015625 -0.000116348266601579 -0.0210914611816406
-0.128097534179687 0.176177978515625 -0.0268592834472656 -0.0497512817382812
0.03460693359375 0.218093872070312 -0.0348243713378906 -0.0255317687988281
0.115280151367187 0.17767333984375 -0.0433425903320312 -0.01904296875
0.101425170898438 0.1688232421875 -0.0466423034667969 -0.027374267578125
0.130325317382813 0.184616088867187 -0.0556221008300781 -0.0252647399902344
0.0592803955078125 0.205657958984375 -0.0332183837890625 -0.0627899169921875
-0.071990966796875 0.21673583984375 -0.0122604370117188 -0.0891342163085938
-0.19061279296875 0.129318237304688 0.0525665283203125 -0.0623855590820312
-0.256439208984375 -0.09320068359375 0.0950088500976562 0.00283813476562499
-0.196441650390625 -0.226242065429688 0.0380897521972656 0.0643730163574219
-0.055694580078125 -0.308868408203125 0.00487899780273438 0.0697174072265625
-0.0530548095703125 -0.260986328125 0.0175628662109375 -0.22265625
-0.139389038085938 -0.191436767578125 -0.0580520629882813 -0.12457275390625
-0.210922241210938 -0.0925750732421875 -0.0256595611572266 -0.0328502655029297
-0.18658447265625 0.0641021728515625 0.0139007568359375 -0.0469093322753906
-0.103012084960937 0.137451171875 -0.0162887573242188 -0.0887908935546875
0.0214080810546875 0.177597045898438 -0.0530929565429687 -0.0812835693359375
0.082275390625 0.150100708007813 -0.089141845703125 -0.0693588256835938
0.0738983154296875 0.143142700195313 -0.0931167602539063 -0.0662307739257812
0.095733642578125 0.1591796875 -0.0996627807617188 -0.068450927734375
0.0346832275390625 0.168304443359375 -0.0627670288085938 -0.107185363769531
-0.071014404296875 0.1676025390625 -0.0212631225585937 -0.123146057128906
-0.155075073242187 0.09088134765625 0.0511322021484375 -0.08441162109375
-0.19573974609375 -0.083221435546875 0.0766525268554688 -0.011444091796875
-0.151275634765625 -0.181655883789063 -0.00381851196289064 0.0136938095092773
-0.0481719970703125 -0.255020141601563 -0.00628662109375 -0.0330429077148438
-0.0589752197265625 -0.162811279296875 0.00765991210937502 -0.30364990234375
-0.10308837890625 -0.110847473144531 -0.077880859375 -0.173233032226563
-0.125228881835938 -0.0435867309570313 -0.0338516235351563 -0.0426177978515625
-0.105148315429688 0.041778564453125 0.0166816711425781 -0.0636672973632813
-0.0601119995117188 0.07611083984375 -0.00897216796875001 -0.108345031738281
0.0059967041015625 0.10772705078125 -0.06500244140625 -0.118087768554688
0.03778076171875 0.0978622436523437 -0.120689392089844 -0.106803894042969
0.0359725952148438 0.0957794189453125 -0.125831604003906 -0.0957183837890625
0.0461196899414062 0.10986328125 -0.127792358398438 -0.103996276855469
0.00321960449218749 0.107345581054688 -0.0768508911132813 -0.139175415039063
-0.0617828369140625 0.0927581787109375 -0.0184326171875 -0.140083312988281
-0.098388671875 0.0353546142578125 0.052215576171875 -0.0914230346679687
-0.104095458984375 -0.0647659301757813 0.0601577758789062 -0.016571044921875
-0.08074951171875 -0.111282348632813 -0.0323715209960938 -0.0264225006103516
-0.0323333740234375 -0.163528442382813 -0.0125732421875 -0.114952087402344
-0.0533638000488281 -0.03863525390625 -0.00604248046874997 -0.352935791015625
-0.0518989562988281 -0.0176773071289062 -0.094696044921875 -0.2049560546875
-0.0254878997802734 0.00979804992675781 -0.0486640930175781 -0.0477447509765625
-0.0118741989135742 0.0134334564208984 0.00683212280273437 -0.0663986206054688
-0.0102329254150391 0.00554943084716797 -0.00530242919921876 -0.105506896972656
-0.010009765625 0.023193359375 -0.0677032470703125 -0.131927490234375
-0.0121650695800781 0.0304698944091797 -0.134002685546875 -0.125396728515625
-0.00796127319335937 0.0332183837890625 -0.139358520507812 -0.111373901367188
-0.00897979736328125 0.0431861877441406 -0.135330200195313 -0.127166748046875
-0.024993896484375 0.0309162139892578 -0.076171875 -0.153656005859375
-0.0403976440429688 0.00978469848632813 -0.00640106201171875 -0.140327453613281
-0.0276966094970703 -0.016143798828125 0.0557632446289063 -0.0864105224609375
-0.00648689270019531 -0.0294609069824219 0.0474700927734375 -0.0151023864746094
-0.00832366943359375 -0.0228042602539063 -0.0438194274902344 -0.052886962890625
-0.0160789489746094 -0.0468368530273438 -0.01324462890625 -0.163009643554688
0.0245437622070313 -0.0977249145507812 0.04052734375 0.181503295898438
-0.0460929870605469 -0.069000244140625 0.0550003051757813 0.074798583984375
-0.0862503051757813 -0.016510009765625 -0.0345516204833984 -0.00561714172363281
-0.0570640563964844 0.04595947265625 -0.0705108642578125 0.071014404296875
-0.00923919677734376 0.0724563598632813 -0.031951904296875 0.125251770019531
0.049163818359375 0.0522575378417969 0.06512451171875 0.156112670898438
0.073516845703125 0.0293807983398437 0.14501953125 0.137039184570313
0.0562744140625 0.0309791564941406 0.140289306640625 0.110443115234375
0.0637741088867188 0.0339012145996094 0.124099731445313 0.123184204101562
0.035430908203125 0.0609626770019531 0.0725631713867188 0.128684997558594
-0.0172958374023438 0.0707931518554688 0.023529052734375 0.091339111328125
-0.0703582763671875 0.0293655395507812 0.0179023742675781 0.0633277893066406
-0.0680198669433594 -0.0520973205566406 0.0704879760742188 0.08197021484375
-0.0234375 -0.0846481323242188 0.1156005859375 0.21380615234375
0.0302047729492188 -0.067596435546875 -0.00891113281250002 0.38970947265625
0.00857543945312498 -0.21527099609375 0.0340728759765625 0.150115966796875
-0.0910186767578125 -0.154067993164063 0.0419960021972656 0.0680961608886719
-0.170501708984375 -0.0695648193359375 -0.0265693664550781 -0.00871086120605469
-0.139060974121094 0.0647048950195312 -0.0601577758789063 0.0517730712890625
-0.058441162109375 0.131790161132813 -0.043670654296875 0.0947494506835938
0.059722900390625 0.132972717285156 0.0422592163085938 0.135887145996094
0.114456176757813 0.0982818603515625 0.113784790039063 0.120857238769531
0.09375 0.0974273681640625 0.111183166503906 0.090911865234375
0.110267639160156 0.105987548828125 0.0963592529296875 0.101760864257812
0.0541152954101563 0.13714599609375 0.0606231689453125 0.0942230224609375
-0.046112060546875 0.146881103515625 0.0234375 0.0544471740722656
-0.140655517578125 0.07275390625 0.0352210998535156 0.0398139953613281
-0.16229248046875 -0.0902099609375 0.093902587890625 0.0712814331054688
-0.099029541015625 -0.17095947265625 0.12335205078125 0.202545166015625
0.0035400390625 -0.191146850585938 0.00854492187500004 0.358154296875
-0.00628662109375003 -0.3028564453125 0.0301895141601563 0.0805740356445312
-0.126205444335938 -0.223312377929687 0.0206146240234375 0.039886474609375
-0.237899780273438 -0.114852905273437 -0.0221176147460938 -0.0106754302978516
-0.208831787109375 0.07611083984375 -0.0429115295410156 0.0310707092285156
-0.10382080078125 0.17523193359375 -0.04595947265625 0.0521392822265625
0.05902099609375 0.196853637695313 0.01617431640625 0.0957183837890625
0.138473510742188 0.153091430664063 0.0673294067382813 0.0861434936523438
0.11712646484375 0.148056030273438 0.0647926330566406 0.0575218200683594
0.143218994140625 0.159927368164063 0.0526504516601563 0.0656700134277344
0.0701904296875 0.192977905273438 0.0371780395507813 0.045562744140625
-0.0618896484375 0.207778930664063 0.0170269012451172 0.00688838958740236
-0.1890869140625 0.1165771484375 0.04925537109375 0.00674057006835938
-0.240936279296875 -0.10528564453125 0.110305786132812 0.0511322021484375
-0.1693115234375 -0.228408813476563 0.114028930664062 0.170425415039062
-0.02789306640625 -0.284820556640625 0.018524169921875 0.286376953125
-0.0235595703125 -0.3466796875 0.028350830078125 -0.0161361694335938
-0.152664184570312 -0.259994506835938 -0.00526905059814454 -0.00813817977905275
-0.279953002929688 -0.13690185546875 -0.0210914611816406 -0.0148067474365234
-0.249832153320313 0.08416748046875 -0.0214405059814453 0.00691986083984375
-0.131378173828125 0.196868896484375 -0.0398902893066406 0.00207519531250001
0.05255126953125 0.230972290039062 -0.0101852416992188 0.0388526916503906
0.143035888671875 0.183746337890625 0.0121345520019531 0.0369873046875
0.123001098632812 0.175445556640625 0.00861263275146485 0.0156421661376953
0.15478515625 0.189056396484375 -0.00148391723632811 0.0219326019287109
0.0764617919921875 0.22100830078125 0.00311660766601563 -0.010319709777832
-0.069244384765625 0.23907470703125 0.00268936157226563 -0.0446891784667969
-0.208999633789063 0.144729614257813 0.0552139282226562 -0.0311241149902344
-0.2845458984375 -0.103240966796875 0.111274719238281 0.0259246826171875
-0.213592529296875 -0.250564575195313 0.0846786499023438 0.1219482421875
-0.052154541015625 -0.33209228515625 0.0165863037109375 0.186248779296875
-0.042205810546875 -0.338653564453125 0.0246734619140625 -0.126113891601563
-0.1619873046875 -0.25311279296875 -0.0343475341796875 -0.0676918029785156
-0.277969360351563 -0.129913330078125 -0.0231990814208985 -0.0229206085205078
-0.247268676757813 0.0840606689453125 -0.000194549560546889 -0.0218868255615234
-0.133697509765625 0.18817138671875 -0.0296516418457031 -0.049407958984375
0.0406341552734375 0.228012084960938 -0.0352516174316406 -0.0250244140625
0.12548828125 0.185211181640625 -0.0438880920410156 -0.0188751220703125
0.110946655273437 0.1767578125 -0.0491714477539062 -0.0283164978027344
0.141555786132813 0.190933227539063 -0.0570640563964844 -0.0248603820800781
0.066436767578125 0.215072631835938 -0.0354194641113281 -0.0650558471679687
-0.0709075927734375 0.229461669921875 -0.014129638671875 -0.0921401977539063
-0.199569702148438 0.139205932617188 0.0542144775390625 -0.0658531188964844
-0.273635864257813 -0.095001220703125 0.0985946655273437 0.00287628173828124
-0.210647583007812 -0.235427856445313 0.0393295288085937 0.0674705505371093
-0.061126708984375 -0.3277587890625 0.00447845458984375 0.0726699829101563
-0.056640625 -0.278427124023438 0.017181396484375 -0.232376098632813
-0.1475830078125 -0.201828002929688 -0.061676025390625 -0.128250122070313
-0.226394653320313 -0.0962677001953125 -0.027791976928711 -0.0342388153076172
-0.196456909179687 0.07037353515625 0.0138511657714844 -0.0492286682128906
-0.108428955078125 0.147369384765625 -0.0190048217773438 -0.0908966064453125
0.025787353515625 0.186721801757813 -0.0548934936523438 -0.0830001831054687
0.090789794921875 0.156494140625 -0.093292236328125 -0.0711746215820313
0.0811920166015625 0.150711059570313 -0.09881591796875 -0.0687942504882813
0.104949951171875 0.165069580078125 -0.104278564453125 -0.0700149536132812
0.0406341552734375 0.176620483398438 -0.0659408569335937 -0.111503601074219
-0.0706787109375 0.17816162109375 -0.0241622924804687 -0.127761840820312
-0.162643432617188 0.098388671875 0.0517959594726563 -0.0885772705078125
-0.209640502929688 -0.0863189697265624 0.0791778564453125 -0.0126495361328125
-0.162445068359375 -0.189910888671875 -0.00553989410400392 0.0154905319213867
-0.052703857421875 -0.2716064453125 -0.00841140747070313 -0.0353813171386719
-0.062255859375 -0.174896240234375 0.00537109374999999 -0.318359375
-0.109306335449219 -0.117950439453125 -0.084503173828125 -0.180328369140625
-0.135154724121094 -0.0463638305664062 -0.036956787109375 -0.0442390441894531
-0.111305236816406 0.0449676513671875 0.0162544250488281 -0.066925048828125
-0.0641555786132812 0.08203125 -0.011138916015625 -0.112564086914062
0.00822448730468749 0.11419677734375 -0.0682754516601562 -0.122413635253906
0.042572021484375 0.103767395019531 -0.128044128417969 -0.11016845703125
0.0399551391601563 0.101585388183594 -0.133621215820313 -0.0995330810546875
0.0520248413085937 0.114936828613281 -0.13433837890625 -0.107444763183594
0.00642395019531249 0.113327026367188 -0.0815887451171875 -0.14447021484375
-0.0628585815429688 0.0997467041015625 -0.0214080810546875 -0.145599365234375
-0.104248046875 0.0390777587890625 0.0536727905273437 -0.096649169921875
-0.112274169921875 -0.068145751953125 0.0619010925292969 -0.0185699462890625
-0.0868682861328125 -0.117385864257813 -0.0367774963378906 -0.0269851684570313
-0.035430908203125 -0.174774169921875 -0.0160903930664063 -0.121253967285156
-0.0551414489746094 -0.0425491333007813 -0.00976562499999998 -0.370452880859375
-0.0552520751953125 -0.0202445983886719 -0.103515625 -0.21435546875
-0.028656005859375 0.00846290588378906 -0.0520210266113281 -0.049713134765625
-0.013676643371582 0.0146770477294922 0.00571823120117188 -0.0699272155761719
-0.0116901397705078 0.00688838958740234 -0.00697326660156251 -0.109962463378906
-0.0103492736816406 0.0257740020751953 -0.0726242065429687 -0.136909484863281
-0.0119400024414063 0.0343532562255859 -0.143264770507813 -0.129608154296875
-0.006866455078125 0.0357398986816406 -0.148483276367187 -0.115432739257812
-0.00798034667968749 0.0467758178710938 -0.143661499023438 -0.131546020507813
-0.0252227783203125 0.0343761444091797 -0.081268310546875 -0.1597900390625
-0.0424156188964844 0.0127601623535156 -0.00836181640625002 -0.146072387695313
-0.0306568145751953 -0.0158290863037109 0.0574951171875 -0.0917129516601563
-0.00836181640625 -0.0327625274658203 0.0486412048339844 -0.0172653198242188
-0.00962066650390625 -0.0259304046630859 -0.0492362976074219 -0.0544395446777344
-0.0177383422851562 -0.0519752502441406 -0.017364501953125 -0.172958374023438
0.021575927734375 -0.103431701660156 0.05145263671875 0.193161010742188
-0.0485420227050781 -0.0698432922363281 0.064422607421875 0.0781097412109375
-0.0904083251953125 -0.0138397216796875 -0.0360374450683594 -0.00443649291992187
-0.0577507019042969 0.0501823425292969 -0.0699844360351563 0.0776824951171875
-0.0064239501953125 0.077056884765625 -0.0286941528320313 0.134712219238281
0.0544891357421875 0.0513687133789063 0.0758209228515625 0.162094116210938
0.0778884887695313 0.0252456665039063 0.159927368164063 0.138076782226563
0.0600967407226563 0.0294990539550781 0.153457641601563 0.112350463867188
0.0685653686523438 0.0316886901855469 0.137283325195313 0.126564025878906
0.0400428771972656 0.0615730285644531 0.0811386108398437 0.134185791015625
-0.0140609741210938 0.0750885009765625 0.0284805297851563 0.0957107543945313
-0.0730133056640625 0.0346450805664063 0.0216941833496094 0.0666427612304687
-0.0744857788085938 -0.050750732421875 0.078765869140625 0.0843048095703125
-0.028717041015625 -0.086334228515625 0.132843017578125 0.221450805664063
0.0287094116210938 -0.0724334716796875 0.00473022460937504 0.4141845703125
0.000381469726562496 -0.22857666015625 0.0439300537109375 0.1602783203125
-0.0993804931640625 -0.158584594726563 0.050018310546875 0.072021484375
-0.18243408203125 -0.06597900390625 -0.0276756286621094 -0.0080718994140625
-0.144287109375 0.073028564453125 -0.0603485107421875 0.0576438903808594
-0.0565948486328125 0.141830444335938 -0.0426483154296875 0.103096008300781
0.0688858032226562 0.136329650878906 0.05133056640625 0.142547607421875
0.1258544921875 0.096923828125 0.126678466796875 0.122955322265625
0.103302001953125 0.0984344482421875 0.121414184570313 0.0926437377929688
0.122062683105469 0.105484008789063 0.107337951660156 0.104637145996094
0.0630950927734375 0.14141845703125 0.0678176879882813 0.0977783203125
-0.0406036376953125 0.15704345703125 0.0267868041992187 0.05712890625
-0.145675659179688 0.0831451416015625 0.0388450622558594 0.0417213439941406
-0.176956176757813 -0.0873260498046875 0.102706909179687 0.07281494140625
-0.112411499023438 -0.174896240234375 0.140029907226563 0.209945678710938
-0.00338745117187498 -0.2037353515625 0.0225830078125 0.37933349609375
-0.01806640625 -0.3226318359375 0.03692626953125 0.0873641967773437
-0.13958740234375 -0.231796264648437 0.0265274047851562 0.0436248779296875
-0.2578125 -0.112258911132813 -0.0233917236328125 -0.0109882354736328
-0.217910766601562 0.0887603759765624 -0.04345703125 0.0351104736328125
-0.1029052734375 0.190567016601563 -0.0470848083496094 0.0590667724609375
0.071380615234375 0.20416259765625 0.0224456787109375 0.101226806640625
0.154464721679688 0.154220581054688 0.0764541625976563 0.0882949829101563
0.131210327148438 0.151885986328125 0.0710983276367188 0.0587997436523438
0.159408569335938 0.161758422851563 0.0599555969238281 0.0688552856445313
0.0835113525390625 0.200775146484375 0.0409049987792969 0.0471229553222656
-0.0553131103515625 0.221694946289063 0.0178756713867187 0.00717544555664064
-0.195602416992188 0.132080078125 0.0520744323730469 0.00634765625000001
-0.26239013671875 -0.100326538085937 0.118148803710937 0.0508651733398437
-0.189208984375 -0.233200073242188 0.128036499023438 0.176406860351562
-0.039276123046875 -0.302947998046875 0.030029296875 0.303558349609375
-0.038177490234375 -0.369873046875 0.0310802459716797 -0.0150012969970703
-0.169143676757813 -0.270584106445312 -0.0035533905029297 -0.00590038299560548
-0.303619384765625 -0.134307861328125 -0.0231513977050781 -0.0152130126953125
-0.261703491210938 0.0986328125 -0.0225982666015625 0.00826644897460938
-0.132308959960938 0.215103149414062 -0.0430183410644531 0.00613021850585939
0.0661163330078125 0.241180419921875 -0.00700759887695313 0.0430107116699219
0.160308837890625 0.18756103515625 0.0162849426269531 0.0381813049316406
0.139114379882813 0.181381225585938 0.00958347320556642 0.0159187316894531
0.173599243164062 0.192306518554687 0.00101661682128908 0.0243911743164063
0.091461181640625 0.229293823242188 0.00288200378417969 -0.0103950500488281
-0.0619354248046875 0.25592041015625 0.000949859619140624 -0.0466346740722656
-0.216796875 0.162124633789063 0.0563583374023437 -0.0343856811523437
-0.30828857421875 -0.09661865234375 0.117958068847656 0.0238189697265625
-0.237091064453125 -0.255477905273438 0.0943222045898437 0.127120971679687
-0.068115234375 -0.353057861328125 0.0233917236328125 0.1968994140625
-0.056427001953125 -0.36114501953125 0.0228805541992188 -0.132232666015625
-0.179397583007813 -0.264450073242188 -0.037139892578125 -0.0680389404296875
-0.303131103515625 -0.1273193359375 -0.02642822265625 -0.0235061645507813
-0.259765625 0.0983428955078126 -0.00195884704589846 -0.0225257873535156
-0.135665893554688 0.206649780273438 -0.03424072265625 -0.0487327575683594
0.053680419921875 0.239654541015625 -0.0353240966796875 -0.0239334106445312
0.142898559570313 0.190643310546875 -0.0459976196289062 -0.0181007385253906
0.1259765625 0.183090209960937 -0.0531005859375 -0.0286636352539062
0.160202026367188 0.19476318359375 -0.0598297119140625 -0.0231208801269531
0.08074951171875 0.224105834960938 -0.0394363403320312 -0.06671142578125
-0.0647125244140625 0.246017456054688 -0.0187835693359375 -0.0963668823242187
-0.206924438476563 0.156402587890625 0.0538558959960937 -0.0709991455078125
-0.2967529296875 -0.089752197265625 0.1033935546875 -0.000122070312500006
-0.233383178710938 -0.240325927734375 0.0435104370117187 0.0712661743164062
-0.07623291015625 -0.348785400390625 0.00614166259765624 0.076507568359375
-0.069061279296875 -0.297210693359375 0.0105438232421875 -0.2454833984375
-0.163253784179687 -0.211273193359375 -0.0698471069335938 -0.13214111328125
-0.247665405273438 -0.0942230224609375 -0.0323219299316406 -0.0357894897460938
-0.207046508789063 0.082550048828125 0.0115432739257812 -0.0519218444824219
-0.111053466796875 0.162246704101563 -0.0240249633789063 -0.0935745239257812
0.0363006591796875 0.196975708007813 -0.0592117309570312 -0.0844879150390625
0.104660034179687 0.162765502929688 -0.100532531738281 -0.0717697143554688
0.0945587158203125 0.157241821289062 -0.107612609863281 -0.06982421875
0.12017822265625 0.169525146484375 -0.111579895019531 -0.0699920654296875
0.0516510009765625 0.185226440429688 -0.0745773315429688 -0.11517333984375
-0.0666656494140625 0.19281005859375 -0.0304412841796875 -0.13311767578125
-0.169937133789063 0.111175537109375 0.0510330200195312 -0.0950927734375
-0.227890014648437 -0.0828094482421875 0.0816726684570312 -0.0157012939453125
-0.180511474609375 -0.194717407226562 -0.00717735290527345 0.017730712890625
-0.065460205078125 -0.2899169921875 -0.01171875 -0.0381317138671875
-0.0710296630859375 -0.186141967773438 -0.005462646484375 -0.336883544921875
-0.120506286621094 -0.123634338378906 -0.09661865234375 -0.186538696289062
-0.148178100585938 -0.0457000732421875 -0.0418968200683594 -0.0457534790039063
-0.117500305175781 0.0530471801757812 0.0129852294921875 -0.0710678100585938
-0.0659408569335938 0.091156005859375 -0.016204833984375 -0.117027282714844
0.014495849609375 0.121772766113281 -0.0753021240234375 -0.12548828125
0.0514984130859375 0.109382629394531 -0.14007568359375 -0.111640930175781
0.048248291015625 0.107231140136719 -0.146331787109375 -0.100814819335938
0.0615005493164063 0.119209289550781 -0.145919799804688 -0.108383178710937
0.0128250122070313 0.119964599609375 -0.0918731689453125 -0.149490356445313
-0.0617752075195312 0.109512329101563 -0.0280914306640625 -0.152557373046875
-0.110137939453125 0.0463333129882812 0.051910400390625 -0.104095458984375
-0.123634338378906 -0.0686264038085938 0.0631027221679687 -0.0214767456054688
-0.0978164672851563 -0.121826171875 -0.042266845703125 -0.0257835388183594
-0.0440673828125 -0.187713623046875 -0.0230484008789062 -0.128868103027344
-0.0584030151367187 -0.0460128784179688 -0.02447509765625 -0.392181396484375
-0.0597610473632812 -0.0210723876953125 -0.119705200195312 -0.223098754882813
-0.0318031311035156 0.00828742980957031 -0.0582809448242188 -0.0505714416503906
-0.0154705047607422 0.0158882141113281 0.00197601318359375 -0.0741424560546875
-0.013585090637207 0.00890827178955078 -0.0115127563476562 -0.115791320800781
-0.009429931640625 0.0293025970458984 -0.0805206298828125 -0.141082763671875
-0.00982666015625 0.0387115478515625 -0.15643310546875 -0.13067626953125
-0.00479888916015625 0.0400886535644531 -0.162429809570313 -0.1170654296875
-0.0052490234375 0.0501747131347656 -0.158050537109375 -0.133544921875
-0.023834228515625 0.0378761291503906 -0.092041015625 -0.166000366210938
-0.044403076171875 0.0172576904296875 -0.014984130859375 -0.153045654296875
-0.0342979431152344 -0.014373779296875 0.05645751953125 -0.099090576171875
-0.0115776062011719 -0.0357017517089844 0.0489730834960938 -0.0199851989746094
-0.0120773315429688 -0.0286445617675781 -0.0571823120117188 -0.0550041198730469
-0.0206756591796875 -0.0569381713867188 -0.0268707275390625 -0.184005737304688
0.01470947265625 -0.107955932617188 0.0673675537109375 0.20037841796875
-0.0528488159179688 -0.0686874389648438 0.0755157470703125 0.0776290893554688
-0.0936737060546875 -0.00794219970703127 -0.0364875793457031 -0.00236129760742187
-0.0560264587402344 0.0549468994140625 -0.0663681030273438 0.085235595703125
-0.0006103515625 0.079803466796875 -0.0207672119140625 0.142349243164062
0.0595512390136719 0.0482254028320313 0.0897216796875 0.163421630859375
0.0816116333007813 0.0189132690429688 0.177032470703125 0.132553100585938
0.063812255859375 0.025726318359375 0.168685913085937 0.107711791992188
0.0727462768554688 0.0267486572265625 0.152099609375 0.124237060546875
0.0457687377929688 0.0597305297851563 0.0931320190429688 0.134925842285156
-0.00823974609375 0.0779571533203125 0.0352554321289063 0.0978851318359375
-0.0731735229492188 0.041412353515625 0.0273017883300781 0.0686378479003906
-0.0808563232421875 -0.0456314086914062 0.0890960693359375 0.08251953125
-0.036102294921875 -0.0857086181640625 0.155838012695312 0.221023559570312
0.0246658325195313 -0.0764694213867188 0.033843994140625 0.43145751953125
-0.015533447265625 -0.23822021484375 0.057037353515625 0.16748046875
-0.110946655273437 -0.158798217773438 0.0603485107421875 0.0737457275390625
-0.193618774414062 -0.0564727783203125 -0.0288619995117188 -0.00677490234375001
-0.144912719726562 0.0853271484375 -0.0584297180175781 0.0641746520996094
-0.0489654541015625 0.152145385742187 -0.0374832153320312 0.111503601074219
0.0812149047851563 0.13555908203125 0.0631256103515625 0.144668579101563
0.137275695800781 0.0901031494140625 0.141342163085938 0.1192626953125
0.114608764648437 0.0947036743164063 0.133430480957031 0.0888671875
0.134574890136719 0.0994873046875 0.12060546875 0.103240966796875
0.0759429931640625 0.141921997070313 0.076812744140625 0.0986328125
-0.030426025390625 0.165176391601562 0.0309181213378906 0.0581169128417969
-0.146347045898438 0.0977783203125 0.0434951782226562 0.0417633056640625
-0.191925048828125 -0.0766754150390625 0.112220764160156 0.069580078125
-0.129180908203125 -0.172164916992188 0.161544799804688 0.209701538085938
-0.01727294921875 -0.213272094726563 0.048126220703125 0.395233154296875
-0.040924072265625 -0.337188720703125 0.0459365844726562 0.0919036865234375
-0.158050537109375 -0.233078002929688 0.0341682434082031 0.0454216003417969
-0.277267456054687 -0.0991516113281249 -0.0252914428710938 -0.00971984863281251
-0.221038818359375 0.1063232421875 -0.0426826477050781 0.0399589538574219
-0.0947723388671875 0.20648193359375 -0.0449867248535156 0.0673179626464844
0.08984375 0.206298828125 0.0321273803710938 0.104118347167969
0.172271728515625 0.147903442382813 0.0870285034179688 0.0864486694335938
0.147964477539063 0.14874267578125 0.0783004760742188 0.0569000244140625
0.178237915039063 0.154830932617188 0.0687103271484375 0.0686836242675781
0.1011962890625 0.201675415039062 0.0459442138671875 0.0471763610839844
-0.0407257080078125 0.2349853515625 0.0185031890869141 0.00707244873046876
-0.19610595703125 0.1519775390625 0.0542411804199219 0.00444793701171876
-0.282501220703125 -0.0854797363281251 0.125984191894531 0.0461044311523437
-0.214004516601562 -0.228530883789063 0.146148681640625 0.175918579101562
-0.062225341796875 -0.31585693359375 0.04937744140625 0.31512451171875
-0.06396484375 -0.386444091796875 0.0328350067138672 -0.0148792266845703
-0.192337036132812 -0.272735595703125 -0.000995635986328137 -0.0037970542907715
-0.328094482421875 -0.12042236328125 -0.0262622833251953 -0.0144939422607422
-0.266998291015625 0.119979858398437 -0.0227832794189453 0.0112953186035156
-0.124786376953125 0.234649658203125 -0.0446586608886719 0.0122642517089844
0.0867767333984375 0.24591064453125 -0.00181198120117187 0.0452499389648438
0.181533813476563 0.182937622070313 0.0207939147949219 0.0387687683105469
0.158203125 0.179641723632813 0.0112161636352539 0.0162830352783203
0.195770263671875 0.186294555664062 0.00457382202148439 0.0259284973144531
0.111907958984375 0.231765747070313 0.00198650360107423 -0.0102815628051758
-0.045074462890625 0.271102905273438 -0.00241470336914063 -0.0477676391601562
-0.216796875 0.185287475585938 0.0560989379882812 -0.0379104614257812
-0.3306884765625 -0.0797119140625001 0.123580932617187 0.0184402465820312
-0.264129638671875 -0.24859619140625 0.106300354003906 0.127616882324219
-0.093994140625 -0.3681640625 0.0359649658203125 0.203872680664062
-0.082733154296875 -0.377655029296875 0.016387939453125 -0.137321472167969
-0.203964233398438 -0.26708984375 -0.0416908264160156 -0.0667724609375
-0.328033447265625 -0.113250732421875 -0.0303897857666016 -0.0227222442626953
-0.265426635742188 0.120681762695312 -0.00453567504882814 -0.0218982696533203
-0.128585815429687 0.227294921875 -0.0393524169921875 -0.0461082458496094
0.0738677978515625 0.245132446289063 -0.0353507995605469 -0.021881103515625
0.164474487304688 0.187835693359375 -0.0478935241699219 -0.0161857604980469
0.1448974609375 0.183135986328125 -0.0572013854980469 -0.0267257690429687
0.182174682617187 0.19073486328125 -0.06231689453125 -0.0197181701660156
0.100799560546875 0.227127075195313 -0.04608154296875 -0.0664749145507812
-0.049285888671875 0.261276245117188 -0.0261459350585937 -0.0985488891601562
-0.206924438476563 0.177932739257812 0.0505218505859375 -0.075958251953125
-0.317138671875 -0.0729675292968751 0.106849670410156 -0.005859375
-0.259506225585938 -0.234512329101563 0.0493316650390625 0.073150634765625
-0.102935791015625 -0.3642578125 0.00988769531249999 0.079681396484375
-0.091522216796875 -0.31011962890625 -0.00405883789062499 -0.255386352539063
-0.184494018554688 -0.212448120117188 -0.0808868408203125 -0.131950378417969
-0.267959594726563 -0.0829010009765625 -0.0370941162109375 -0.0347900390625
-0.212265014648438 0.1009521484375 0.00709915161132811 -0.0531501770019531
-0.105743408203125 0.17962646484375 -0.0316238403320313 -0.0936737060546875
0.05291748046875 0.20263671875 -0.0644912719726562 -0.0835723876953125
0.122894287109375 0.162704467773438 -0.109100341796875 -0.0681838989257812
0.1104736328125 0.1585693359375 -0.117546081542969 -0.066162109375
0.138763427734375 0.167465209960938 -0.120033264160156 -0.0653457641601563
0.06793212890625 0.188827514648437 -0.0846405029296875 -0.114845275878906
-0.0555572509765625 0.205764770507813 -0.0406570434570312 -0.136070251464844
-0.170989990234375 0.128829956054688 0.0455474853515625 -0.101760864257812
-0.245681762695313 -0.071533203125 0.0828781127929687 -0.0203781127929688
-0.2012939453125 -0.1910400390625 -0.00747871398925782 0.0211219787597656
-0.087646484375 -0.302276611328125 -0.0163040161132813 -0.0391426086425781
-0.0860595703125 -0.193618774414063 -0.02716064453125 -0.3504638671875
-0.134185791015625 -0.123786926269531 -0.1138916015625 -0.187774658203125
-0.161483764648438 -0.0390167236328125 -0.048828125 -0.0448875427246094
-0.120803833007813 0.0638809204101562 0.00704193115234375 -0.0739898681640625
-0.0644149780273438 0.101814270019531 -0.0247116088867187 -0.119834899902344
0.0247726440429688 0.126144409179688 -0.0844345092773437 -0.125511169433594
0.0635833740234375 0.111305236816406 -0.152816772460937 -0.106689453125
0.0589065551757812 0.109474182128906 -0.160308837890625 -0.0960845947265626
0.0740127563476563 0.120033264160156 -0.15911865234375 -0.103652954101562
0.0230484008789063 0.124198913574219 -0.10546875 -0.1494140625
-0.0566482543945312 0.119842529296875 -0.0392303466796875 -0.155990600585938
-0.112724304199219 0.0568771362304687 0.0460357666015625 -0.11138916015625
-0.135414123535156 -0.0639801025390625 0.0626182556152344 -0.0257606506347656
-0.110450744628906 -0.12078857421875 -0.0478172302246094 -0.0225906372070313
-0.0578765869140625 -0.196685791015625 -0.0341567993164063 -0.133659362792969
-0.0632286071777344 -0.0470123291015625 -0.05133056640625 -0.407318115234375
-0.0641746520996094 -0.0199813842773437 -0.1402587890625 -0.224456787109375
-0.0350303649902344 0.00905609130859376 -0.0655975341796875 -0.0487785339355469
-0.0165119171142578 0.0179290771484375 -0.004608154296875 -0.0761337280273438
-0.0152587890625 0.0115423202514648 -0.0189666748046875 -0.119400024414063
-0.00784492492675781 0.0315093994140625 -0.09222412109375 -0.141937255859375
-0.00587844848632812 0.0421409606933594 -0.172378540039063 -0.126296997070313
-0.00128555297851563 0.0430908203125 -0.178543090820313 -0.112136840820313
-0.000717163085937504 0.0533561706542969 -0.173248291015625 -0.129196166992188
-0.021270751953125 0.0419120788574219 -0.107208251953125 -0.16650390625
-0.0450630187988281 0.0225372314453125 -0.0258636474609375 -0.15728759765625
-0.0376052856445312 -0.0114631652832031 0.0514678955078125 -0.1070556640625
-0.0160865783691406 -0.0377578735351563 0.0479850769042969 -0.0239028930664063
-0.0162868499755859 -0.0305500030517578 -0.0653076171875 -0.0525588989257813
-0.0258865356445313 -0.0609092712402344 -0.0414276123046875 -0.19073486328125
0.00650024414062501 -0.10845947265625 0.08306884765625 0.2003173828125
-0.0561561584472656 -0.0650978088378906 0.0845184326171875 0.072509765625
-0.0936050415039063 -0.00123596191406251 -0.0367240905761719 -0.000469207763671882
-0.0523147583007813 0.0587692260742188 -0.0598068237304688 0.0897674560546875
0.00603485107421875 0.0805435180664062 -0.010345458984375 0.144851684570312
0.0631866455078125 0.0430870056152344 0.1021728515625 0.15814208984375
0.0816268920898438 0.0114898681640625 0.188339233398438 0.120513916015625
0.0653648376464844 0.0206718444824219 0.178756713867187 0.09735107421875
0.0746612548828125 0.0206298828125 0.163986206054687 0.115982055664062
0.0500984191894531 0.0558242797851562 0.103675842285156 0.130668640136719
-0.00191497802734374 0.0778121948242187 0.04193115234375 0.0971603393554687
-0.0701103210449219 0.0470924377441406 0.0322799682617187 0.067779541015625
-0.084686279296875 -0.0382232666015625 0.0967941284179688 0.0759048461914063
-0.0425262451171875 -0.0812759399414063 0.174301147460938 0.210433959960938
0.0185775756835938 -0.07861328125 0.063873291015625 0.434326171875
-0.0334930419921875 -0.239639282226563 0.070953369140625 0.16796875
-0.120697021484375 -0.15240478515625 0.0695877075195312 0.0706939697265625
-0.199371337890625 -0.0430908203125 -0.029439926147461 -0.00474929809570313
-0.139625549316406 0.095703125 -0.0533332824707031 0.0683364868164062
-0.037811279296875 0.15716552734375 -0.0298080444335938 0.116561889648438
0.0923690795898438 0.128616333007813 0.075103759765625 0.141067504882813
0.144973754882813 0.0787506103515625 0.152496337890625 0.109222412109375
0.121650695800781 0.0870208740234375 0.141876220703125 0.0807037353515625
0.142501831054688 0.0886077880859375 0.130668640136719 0.0974349975585938
0.0870437622070313 0.1358642578125 0.0842437744140625 0.09503173828125
-0.0172576904296875 0.1678466796875 0.0347137451171875 0.057037353515625
-0.141036987304688 0.109710693359375 0.0467567443847656 0.0403175354003906
-0.19964599609375 -0.061126708984375 0.118804931640625 0.062652587890625
-0.142684936523438 -0.162384033203125 0.179306030273438 0.1995849609375
-0.03338623046875 -0.21575927734375 0.07574462890625 0.397247314453125
-0.065948486328125 -0.339202880859375 0.0539779663085937 0.0928497314453125
-0.174026489257812 -0.22515869140625 0.0408096313476562 0.0448875427246094
-0.2869873046875 -0.07989501953125 -0.0268020629882813 -0.00836372375488281
-0.215667724609375 0.123077392578125 -0.0400428771972656 0.0438041687011719
-0.08074951171875 0.216201782226562 -0.04046630859375 0.0731353759765625
0.105941772460938 0.199752807617188 0.041473388671875 0.10272216796875
0.185302734375 0.135025024414063 0.0949478149414063 0.0807266235351563
0.159805297851563 0.13922119140625 0.0831375122070313 0.0520553588867188
0.191680908203125 0.140884399414063 0.0766830444335938 0.0650711059570313
0.11761474609375 0.194595336914063 0.0492630004882813 0.0454254150390625
-0.02301025390625 0.239181518554688 0.0187206268310547 0.00667953491210939
-0.188308715820312 0.168304443359375 0.0550956726074219 0.00197601318359376
-0.29248046875 -0.064239501953125 0.130592346191406 0.0389328002929687
-0.231185913085937 -0.213119506835938 0.160476684570312 0.167984008789063
-0.085906982421875 -0.317718505859375 0.071929931640625 0.31591796875
-0.092559814453125 -0.389373779296875 0.0332870483398437 -0.0143718719482422
-0.211883544921875 -0.264541625976563 0.00136208534240721 -0.00186181068420412
-0.3416748046875 -0.097808837890625 -0.0284843444824219 -0.0126399993896484
-0.26202392578125 0.140609741210938 -0.0227775573730469 0.0143775939941406
-0.108932495117188 0.247543334960937 -0.0439262390136719 0.0177574157714844
0.106338500976563 0.2401123046875 0.00363540649414064 0.0454292297363281
0.19830322265625 0.169509887695313 0.0250205993652344 0.0372695922851563
0.174179077148438 0.169921875 0.0123252868652344 0.0157499313354492
0.212509155273437 0.172012329101562 0.0085582733154297 0.0264396667480469
0.130966186523438 0.223831176757813 0.00111198425292969 -0.0101442337036133
-0.024810791015625 0.276565551757812 -0.00674057006835937 -0.0476722717285156
-0.20587158203125 0.203399658203125 0.05352783203125 -0.0404624938964844
-0.341705322265625 -0.0554504394531251 0.125930786132813 0.0114822387695312
-0.284149169921875 -0.2308349609375 0.11663818359375 0.121902465820312
-0.1214599609375 -0.369110107421875 0.0489959716796875 0.204635620117188
-0.11029052734375 -0.37982177734375 0.00817108154296874 -0.137542724609375
-0.224349975585937 -0.2581787109375 -0.0441513061523438 -0.0626907348632813
-0.342498779296875 -0.091278076171875 -0.0338611602783203 -0.0209102630615234
-0.26123046875 0.141021728515625 -0.00676727294921877 -0.0204429626464844
-0.114288330078125 0.241241455078125 -0.0423812866210938 -0.0404434204101562
0.0938720703125 0.241531372070313 -0.0349311828613281 -0.0206756591796875
0.181716918945313 0.17633056640625 -0.0485382080078125 -0.0134468078613281
0.16119384765625 0.174636840820313 -0.0604896545410156 -0.023406982421875
0.198516845703125 0.176589965820313 -0.0623435974121094 -0.01617431640625
0.11956787109375 0.220352172851563 -0.0510330200195313 -0.0635566711425781
-0.0297088623046875 0.26763916015625 -0.034088134765625 -0.0966415405273437
-0.197341918945313 0.19573974609375 0.0456924438476562 -0.0790328979492187
-0.328704833984375 -0.05035400390625 0.106658935546875 -0.0115203857421875
-0.278228759765625 -0.217376708984375 0.0551223754882812 0.0719985961914062
-0.1300048828125 -0.364410400390625 0.0141830444335937 0.0795669555664062
-0.11474609375 -0.310699462890625 -0.0214691162109375 -0.256561279296875
-0.2008056640625 -0.205230712890625 -0.0902252197265625 -0.126068115234375
-0.280792236328125 -0.0650939941406249 -0.0421829223632813 -0.0313301086425781
-0.208969116210938 0.117721557617188 0.00234985351562499 -0.0525932312011719
-0.095794677734375 0.191619873046875 -0.03826904296875 -0.0901870727539062
0.069366455078125 0.199752807617188 -0.0688018798828125 -0.0804290771484375
0.13824462890625 0.154693603515625 -0.113990783691406 -0.0611572265625
0.124176025390625 0.153396606445313 -0.124069213867188 -0.0588150024414063
0.153472900390625 0.15728759765625 -0.124404907226562 -0.0571975708007812
0.0835418701171875 0.184417724609375 -0.0934295654296875 -0.109718322753906
-0.0400543212890625 0.212295532226563 -0.0506973266601563 -0.133773803710938
-0.164505004882813 0.14349365234375 0.0387496948242187 -0.10479736328125
-0.254745483398438 -0.0548858642578125 0.0817184448242188 -0.0250244140625
-0.216567993164062 -0.177932739257813 -0.00699996948242189 0.0235252380371094
-0.110748291015625 -0.303436279296875 -0.0206260681152344 -0.0387649536132813
-0.10003662109375 -0.193710327148438 -0.05133056640625 -0.351806640625
-0.145355224609375 -0.11871337890625 -0.12860107421875 -0.180633544921875
-0.169097900390625 -0.0290069580078125 -0.0546951293945313 -0.0413970947265625
-0.119880676269531 0.073974609375 0.000885009765624988 -0.0732269287109375
-0.058837890625 0.109550476074219 -0.0332260131835938 -0.117744445800781
0.0349578857421875 0.125595092773438 -0.091766357421875 -0.121818542480469
0.0747909545898438 0.10748291015625 -0.16131591796875 -0.097412109375
0.0692367553710938 0.10687255859375 -0.169265747070313 -0.08648681640625
0.0848007202148437 0.114936828613281 -0.167633056640625 -0.0936126708984375
0.03326416015625 0.123481750488281 -0.117446899414062 -0.143295288085938
-0.04803466796875 0.126716613769531 -0.0509185791015625 -0.153854370117187
-0.110977172851562 0.06671142578125 0.0382843017578125 -0.115165710449219
-0.14324951171875 -0.055572509765625 0.0597610473632812 -0.0290565490722656
-0.121116638183594 -0.114524841308594 -0.0510787963867188 -0.0170440673828125
-0.0727996826171875 -0.198028564453125 -0.045379638671875 -0.133331298828125
-0.0659065246582031 -0.0462722778320313 -0.079925537109375 -0.408905029296875
-0.0671348571777344 -0.0174331665039063 -0.158859252929688 -0.216201782226563
-0.0376014709472656 0.0106544494628906 -0.0715560913085938 -0.0438385009765625
-0.0169734954833984 0.02008056640625 -0.0110626220703125 -0.0745468139648438
-0.0152425765991211 0.0142593383789062 -0.0273056030273438 -0.118911743164062
-0.00485610961914062 0.0336265563964844 -0.101921081542969 -0.137702941894531
-0.00105667114257812 0.0440330505371094 -0.183258056640625 -0.114990234375
0.00337600708007812 0.0445098876953125 -0.1888427734375 -0.10137939453125
0.00465774536132812 0.0546150207519531 -0.184906005859375 -0.118453979492188
-0.0174484252929688 0.0441474914550781 -0.11981201171875 -0.160537719726563
-0.0433235168457031 0.0279884338378906 -0.037078857421875 -0.156448364257813
-0.0400886535644531 -0.00782012939453125 0.0430068969726563 -0.111106872558594
-0.0210800170898437 -0.0377159118652344 0.0454483032226563 -0.0260200500488281
-0.0193195343017578 -0.0308666229248047 -0.0712127685546875 -0.0459671020507812
-0.0309677124023437 -0.0622329711914063 -0.056549072265625 -0.191085815429688
0.000328063964843742 -0.106132507324219 0.0929107666015625 0.196975708007813
-0.056488037109375 -0.0609512329101563 0.089813232421875 0.0673599243164063
-0.090972900390625 0.00270080566406252 -0.0357284545898438 0.00139999389648438
-0.0481719970703125 0.0595970153808594 -0.0546493530273437 0.0908889770507813
0.0107192993164062 0.0788421630859375 -0.00314331054687499 0.144256591796875
0.0643424987792969 0.037567138671875 0.107635498046875 0.151351928710938
0.0796279907226563 0.00611114501953125 0.192779541015625 0.109817504882813
0.0644111633300781 0.0164337158203125 0.1822509765625 0.089019775390625
0.0732879638671875 0.0150146484375 0.168548583984375 0.107757568359375
0.0516357421875 0.0511665344238281 0.108421325683594 0.12554931640625
0.00275421142578125 0.075042724609375 0.0450668334960937 0.0941848754882813
-0.0667724609375 0.050262451171875 0.0360832214355469 0.0661087036132813
-0.0848312377929687 -0.0318374633789063 0.0999526977539062 0.06964111328125
-0.0458221435546875 -0.076202392578125 0.182785034179687 0.198623657226562
0.0143890380859375 -0.078033447265625 0.08441162109375 0.4263916015625
-0.04620361328125 -0.234878540039063 0.080078125 0.166152954101563
-0.124435424804688 -0.145523071289062 0.0753402709960937 0.066741943359375
-0.19830322265625 -0.032867431640625 -0.0297985076904297 -0.00401496887207031
-0.133132934570312 0.100547790527344 -0.0489578247070313 0.070068359375
-0.0294189453125 0.157745361328125 -0.023590087890625 0.1177978515625
0.0979385375976562 0.120758056640625 0.0809097290039063 0.135574340820313
0.146163940429687 0.069000244140625 0.15667724609375 0.10076904296875
0.124420166015625 0.0796356201171875 0.14434814453125 0.0741424560546875
0.144760131835937 0.0789031982421875 0.135391235351563 0.0904083251953125
0.0929489135742188 0.128501892089844 0.0875396728515625 0.0908432006835938
-0.008209228515625 0.165740966796875 0.0362129211425781 0.0553131103515625
-0.134101867675781 0.116569519042969 0.0483741760253906 0.038604736328125
-0.2010498046875 -0.04931640625 0.120979309082031 0.0560150146484375
-0.1485595703125 -0.151824951171875 0.187271118164063 0.188369750976563
-0.04449462890625 -0.21270751953125 0.093353271484375 0.389617919921875
-0.083160400390625 -0.33343505859375 0.0592193603515625 0.09332275390625
-0.18084716796875 -0.21612548828125 0.0454063415527344 0.0430374145507812
-0.289093017578125 -0.06549072265625 -0.0277252197265625 -0.00699424743652344
-0.207550048828125 0.131195068359375 -0.0370330810546875 0.0457420349121094
-0.0695648193359375 0.219573974609375 -0.0363311767578125 0.0758819580078125
0.11541748046875 0.189361572265625 0.0467987060546875 0.0983123779296875
0.189804077148438 0.121658325195312 0.098724365234375 0.0745010375976563
0.165359497070313 0.129669189453125 0.0849456787109375 0.0484085083007813
0.196456909179688 0.128082275390625 0.080322265625 0.0614547729492188
0.126495361328125 0.184722900390625 0.05084228515625 0.0433769226074219
-0.0106353759765625 0.237472534179688 0.0177803039550781 0.00608253479003908
-0.1788330078125 0.177032470703125 0.054840087890625 0.00109863281250001
-0.293731689453125 -0.04742431640625 0.131446838378906 0.0327224731445313
-0.2381591796875 -0.198043823242188 0.16741943359375 0.158340454101563
-0.1011962890625 -0.312774658203125 0.085113525390625 0.30975341796875
-0.11090087890625 -0.38360595703125 0.0335788726806641 -0.0125484466552735
-0.220870971679687 -0.254409790039063 0.00401306152343749 -0.000639438629150406
-0.345703125 -0.0797424316406251 -0.030538558959961 -0.0110301971435547
-0.253097534179688 0.151947021484375 -0.021820068359375 0.0163497924804688
-0.096038818359375 0.252838134765625 -0.0421981811523438 0.0224075317382813
0.118118286132813 0.22979736328125 0.00733184814453126 0.0436325073242188
0.205856323242188 0.155487060546875 0.0277481079101563 0.0351486206054688
0.18133544921875 0.160369873046875 0.0129690170288086 0.0152416229248047
0.218917846679688 0.15679931640625 0.0114402770996094 0.0253562927246094
0.141159057617187 0.213104248046875 0.000313758850097665 -0.00948047637939452
-0.00982666015625002 0.274566650390625 -0.0101547241210937 -0.0459671020507812
-0.195556640625 0.212142944335937 0.0514373779296875 -0.04119873046875
-0.341888427734375 -0.0369873046875001 0.125419616699219 0.00664520263671875
-0.290069580078125 -0.214202880859375 0.121284484863281 0.115989685058594
-0.139129638671875 -0.363861083984375 0.05694580078125 0.20037841796875
-0.128631591796875 -0.37445068359375 0.00267791748046875 -0.134544372558594
-0.233596801757812 -0.24755859375 -0.0450706481933594 -0.05853271484375
-0.34674072265625 -0.07342529296875 -0.0366744995117188 -0.0176734924316406
-0.253005981445313 0.15264892578125 -0.00792884826660158 -0.0183219909667969
-0.102523803710938 0.247039794921875 -0.0432014465332031 -0.0360183715820312
0.105560302734375 0.232147216796875 -0.0336933135986328 -0.0196495056152344
0.189987182617187 0.163848876953125 -0.0476188659667969 -0.01116943359375
0.169403076171875 0.16534423828125 -0.0613861083984375 -0.0198631286621094
0.206253051757813 0.163436889648438 -0.0610427856445312 -0.0131683349609375
0.1300048828125 0.210220336914063 -0.0533790588378906 -0.0604972839355469
-0.0155181884765625 0.266311645507813 -0.0388641357421875 -0.0932388305664063
-0.18731689453125 0.204345703125 0.041107177734375 -0.0793380737304687
-0.3291015625 -0.033935546875 0.104843139648438 -0.0146408081054688
-0.284576416015625 -0.201385498046875 0.05743408203125 0.0700759887695312
-0.1473388671875 -0.358489990234375 0.0172119140625 0.0785446166992187
-0.128753662109375 -0.30621337890625 -0.031768798828125 -0.25164794921875
-0.20928955078125 -0.197494506835937 -0.0938644409179688 -0.119476318359375
-0.285400390625 -0.0514221191406251 -0.0456733703613281 -0.0281982421875
-0.203384399414063 0.127609252929688 -0.000961303710937508 -0.0501823425292969
-0.086090087890625 0.196914672851563 -0.0416641235351563 -0.0853805541992187
0.0799713134765625 0.193389892578125 -0.0697555541992188 -0.07794189453125
0.147064208984375 0.145065307617188 -0.114822387695312 -0.0557785034179688
0.132278442382813 0.145706176757813 -0.126251220703125 -0.0525131225585938
0.161117553710938 0.147079467773438 -0.125205993652344 -0.0519866943359375
0.092437744140625 0.177261352539062 -0.098358154296875 -0.103996276855469
-0.028594970703125 0.212997436523438 -0.0572967529296875 -0.129402160644531
-0.157470703125 0.150833129882813 0.0326766967773437 -0.104293823242187
-0.257186889648438 -0.0418853759765624 0.0796585083007812 -0.0264663696289063
-0.221923828125 -0.166213989257813 -0.00619888305664064 0.0252494812011719
-0.12469482421875 -0.298919677734375 -0.0232048034667969 -0.0370254516601563
-0.108108520507812 -0.190887451171875 -0.067108154296875 -0.3463134765625
-0.150192260742188 -0.113677978515625 -0.135757446289062 -0.171676635742188
-0.172958374023437 -0.020721435546875 -0.0577316284179688 -0.0364608764648437
-0.116531372070312 0.0802764892578125 -0.00351715087890626 -0.0702323913574219
-0.0539474487304688 0.113594055175781 -0.0374755859375 -0.113533020019531
0.0411453247070313 0.122314453125 -0.0951004028320312 -0.117286682128906
0.0820083618164063 0.102188110351563 -0.164276123046875 -0.0889129638671875
0.0752487182617188 0.10284423828125 -0.172592163085938 -0.077911376953125
0.0908660888671875 0.109054565429688 -0.170211791992188 -0.085174560546875
0.0400543212890625 0.119758605957031 -0.122940063476562 -0.136337280273438
-0.0401840209960938 0.128913879394531 -0.0575714111328125 -0.149307250976563
-0.107521057128906 0.07269287109375 0.0319976806640625 -0.11492919921875
-0.146835327148437 -0.0488433837890625 0.0577621459960937 -0.0290985107421875
-0.125205993652344 -0.108512878417969 -0.0518646240234375 -0.0124855041503906
-0.08294677734375 -0.1953125 -0.0523605346679688 -0.130622863769531
-0.067047119140625 -0.0455703735351563 -0.0972900390625 -0.40093994140625
-0.0680923461914063 -0.0161018371582031 -0.168777465820313 -0.20660400390625
-0.0395927429199219 0.0113487243652344 -0.07427978515625 -0.0385284423828125
-0.0178947448730469 0.0212726593017578 -0.0153732299804688 -0.0719375610351563
-0.015812873840332 0.0161657333374023 -0.0324020385742187 -0.116119384765625
-0.00322151184082032 0.0336647033691406 -0.106132507324219 -0.132514953613281
0.0031890869140625 0.043426513671875 -0.187103271484375 -0.105575561523437
0.00671768188476563 0.0439453125 -0.192703247070313 -0.09161376953125
0.00827789306640624 0.0540046691894531 -0.189041137695312 -0.108352661132813
-0.0142364501953125 0.0451622009277344 -0.12640380859375 -0.153411865234375
-0.0409164428710938 0.031280517578125 -0.0441436767578125 -0.152420043945313
-0.0409278869628906 -0.00501251220703124 0.0366668701171875 -0.111557006835938
-0.0250167846679687 -0.0371818542480469 0.0426063537597656 -0.0265769958496094
-0.0217609405517578 -0.0308952331542969 -0.0738143920898438 -0.0405807495117188
-0.0342445373535156 -0.0624732971191406 -0.0666961669921875 -0.187408447265625
-0.00224304199218749 -0.103378295898438 0.098175048828125 0.196792602539062
-0.0553627014160156 -0.0592536926269531 0.0922775268554688 0.0645599365234375
-0.0882492065429687 0.00457000732421874 -0.0355453491210938 0.00116729736328125
-0.0455551147460937 0.0594062805175781 -0.0513153076171875 0.0903396606445312
0.0134963989257813 0.0769500732421875 -0.00013732910156251 0.143447875976563
0.0637474060058594 0.034515380859375 0.109344482421875 0.1478271484375
0.0768508911132813 0.00313568115234375 0.193450927734375 0.104324340820313
0.0634078979492188 0.01470947265625 0.183242797851563 0.0857696533203125
0.07208251953125 0.0123825073242188 0.1708984375 0.10418701171875
0.0520820617675781 0.0488967895507813 0.110435485839844 0.123268127441406
0.00501251220703126 0.0728378295898438 0.0465087890625 0.0935821533203125
-0.0645637512207031 0.0518531799316406 0.0375938415527344 0.0657310485839844
-0.0835723876953125 -0.0284957885742187 0.100257873535156 0.0661087036132813
-0.0467910766601562 -0.0726470947265625 0.185760498046875 0.191680908203125
0.0117645263671875 -0.0773239135742188 0.09228515625 0.4217529296875
-0.051483154296875 -0.231430053710938 0.08441162109375 0.167129516601562
-0.124465942382813 -0.142410278320313 0.07843017578125 0.0648422241210937
-0.196945190429688 -0.028106689453125 -0.0303478240966797 -0.00373458862304688
-0.129447937011719 0.101753234863281 -0.046844482421875 0.070648193359375
-0.024444580078125 0.157257080078125 -0.0205001831054687 0.118118286132813
0.0990371704101562 0.115272521972656 0.0835494995117188 0.131988525390625
0.145675659179687 0.06268310546875 0.1580810546875 0.0962066650390625
0.124473571777344 0.0760040283203125 0.14544677734375 0.071502685546875
0.144760131835938 0.0729522705078125 0.137840270996094 0.0877761840820312
0.0947799682617188 0.123512268066406 0.0886764526367188 0.0895004272460938
-0.00344848632812499 0.16326904296875 0.0361709594726563 0.0549430847167969
-0.130683898925781 0.119407653808594 0.0498199462890625 0.0386581420898438
-0.19921875 -0.0432281494140625 0.121696472167969 0.0529556274414063
-0.14935302734375 -0.145309448242188 0.189773559570312 0.1815185546875
-0.04986572265625 -0.211029052734375 0.100311279296875 0.3856201171875
-0.090850830078125 -0.329833984375 0.0623931884765625 0.0944747924804687
-0.182952880859375 -0.212020874023438 0.0488166809082031 0.0428428649902344
-0.288421630859375 -0.058563232421875 -0.0293388366699219 -0.00565719604492188
-0.203262329101563 0.134368896484375 -0.0355300903320313 0.0468330383300781
-0.063568115234375 0.220458984375 -0.0335235595703125 0.0777740478515625
0.118576049804687 0.183029174804687 0.0493392944335938 0.0955581665039063
0.19110107421875 0.113937377929688 0.101051330566406 0.071502685546875
0.1669921875 0.125274658203125 0.0854873657226563 0.0467529296875
0.19775390625 0.120620727539062 0.0827713012695313 0.0596084594726563
0.129348754882813 0.178176879882813 0.0506477355957031 0.0426864624023438
-0.00401306152343747 0.234725952148438 0.0163125991821289 0.00612163543701173
-0.174346923828125 0.180633544921875 0.055084228515625 0.00104522705078126
-0.292572021484375 -0.03955078125 0.131591796875 0.0302886962890625
-0.238601684570313 -0.190704345703125 0.169235229492187 0.153274536132813
-0.10791015625 -0.31072998046875 0.08978271484375 0.30633544921875
-0.119903564453125 -0.380218505859375 0.0347480773925781 -0.0102729797363281
-0.224044799804688 -0.250228881835938 0.00647449493408202 2.24113464355316E-05
-0.34735107421875 -0.0716552734375 -0.0328464508056641 -0.00924110412597657
-0.248794555664063 0.156768798828125 -0.0217227935791016 0.0177707672119141
-0.089141845703125 0.255462646484375 -0.0402450561523438 0.0253562927246094
0.1226806640625 0.222900390625 0.00942230224609376 0.0416412353515625
0.208541870117187 0.146820068359375 0.029165267944336 0.0335407257080078
0.1839599609375 0.1551513671875 0.0127859115600586 0.0149707794189453
0.221084594726563 0.149002075195313 0.0134258270263672 0.0248470306396484
0.145050048828125 0.206695556640625 -0.000451087951660147 -0.00906848907470702
-0.00318908691406251 0.27215576171875 -0.0118370056152344 -0.0448760986328125
-0.190811157226563 0.216079711914062 0.0505523681640625 -0.040679931640625
-0.34136962890625 -0.02886962890625 0.125022888183594 0.0049591064453125
-0.2908935546875 -0.2059326171875 0.123275756835938 0.113067626953125
-0.146575927734375 -0.360870361328125 0.060150146484375 0.197860717773437
-0.136627197265625 -0.37213134765625 0.00100708007812501 -0.131462097167969
-0.237396240234375 -0.244949340820313 -0.04400634765625 -0.0566825866699219
-0.349822998046875 -0.0651550292968751 -0.0390396118164063 -0.0157546997070313
-0.249679565429687 0.158065795898438 -0.00809669494628908 -0.0154685974121094
-0.096343994140625 0.250244140625 -0.0428428649902344 -0.0328521728515625
0.10980224609375 0.225982666015625 -0.0323047637939453 -0.0206298828125
0.194183349609375 0.155960083007813 -0.0466651916503906 -0.011138916015625
0.172882080078125 0.160781860351563 -0.0619583129882812 -0.0185508728027344
0.208480834960938 0.1556396484375 -0.0600433349609375 -0.0124015808105469
0.133499145507813 0.203445434570312 -0.0547943115234375 -0.0586051940917969
-0.00802612304687501 0.26470947265625 -0.0415725708007813 -0.0912246704101562
-0.183059692382813 0.208786010742187 0.0391311645507812 -0.0781707763671875
-0.328765869140625 -0.0262451171875 0.104896545410156 -0.015380859375
-0.2845458984375 -0.194244384765625 0.0581398010253906 0.0686798095703125
-0.155517578125 -0.356842041015625 0.017669677734375 0.077667236328125
-0.13507080078125 -0.30462646484375 -0.0362548828125 -0.248580932617188
-0.212860107421875 -0.194427490234375 -0.0949859619140625 -0.116340637207031
-0.28857421875 -0.0447998046875 -0.0483818054199219 -0.0247077941894531
-0.200576782226562 0.132400512695313 -0.00174713134765626 -0.0475006103515625
-0.0810699462890625 0.200469970703125 -0.0421524047851562 -0.0822067260742187
0.0833892822265625 0.18890380859375 -0.0696182250976563 -0.0774002075195312
0.151107788085938 0.138259887695313 -0.114883422851563 -0.0539474487304687
0.135940551757813 0.142181396484375 -0.127456665039063 -0.05047607421875
0.163665771484375 0.14111328125 -0.124809265136719 -0.049896240234375
0.096527099609375 0.172042846679688 -0.099822998046875 -0.101325988769531
-0.0224761962890625 0.213027954101563 -0.0600662231445313 -0.126556396484375
-0.154098510742187 0.154052734375 0.0302963256835937 -0.103424072265625
-0.257476806640625 -0.036865234375 0.0789947509765625 -0.0260848999023438
-0.222640991210938 -0.1602783203125 -0.00538253784179689 0.0265712738037109
-0.131622314453125 -0.2977294921875 -0.0247421264648438 -0.0370674133300781
-0.111358642578125 -0.1905517578125 -0.073333740234375 -0.3424072265625
-0.15301513671875 -0.112335205078125 -0.138290405273438 -0.167388916015625
-0.175796508789062 -0.0163726806640625 -0.0599746704101563 -0.0328865051269531
-0.115943908691406 0.083648681640625 -0.00515747070312501 -0.06744384765625
-0.0515289306640625 0.116241455078125 -0.039093017578125 -0.111007690429688
0.0442047119140625 0.119804382324219 -0.0955886840820312 -0.116188049316406
0.0852584838867188 0.098419189453125 -0.164901733398438 -0.0850830078125
0.0783615112304688 0.100799560546875 -0.174362182617188 -0.074462890625
0.0934906005859375 0.105072021484375 -0.170730590820313 -0.0814208984375
0.0436172485351562 0.116851806640625 -0.125152587890625 -0.132682800292969
-0.0357513427734375 0.129402160644531 -0.0608062744140625 -0.146072387695313
-0.106346130371094 0.0755844116210938 0.0287246704101562 -0.113723754882812
-0.149169921875 -0.046112060546875 0.0568428039550781 -0.0286445617675781
-0.125907897949219 -0.10540771484375 -0.0520668029785156 -0.00997161865234375
-0.0876007080078125 -0.195480346679688 -0.055877685546875 -0.128761291503906
-0.067169189453125 -0.0468597412109375 -0.106109619140625 -0.396514892578125
-0.0692977905273438 -0.0161972045898438 -0.173065185546875 -0.200424194335937
-0.0417251586914062 0.0119705200195312 -0.0757522583007812 -0.0345306396484375
-0.0183677673339844 0.0223217010498047 -0.0165367126464844 -0.0690994262695313
-0.0161924362182617 0.0170354843139648 -0.0339279174804688 -0.114898681640625
-0.00248336791992187 0.0342273712158203 -0.107261657714844 -0.130722045898437
0.00600051879882812 0.043121337890625 -0.18865966796875 -0.10064697265625
0.00857162475585937 0.0440711975097656 -0.194671630859375 -0.0875396728515625
0.0102005004882813 0.0535202026367188 -0.19091796875 -0.103973388671875
-0.0121612548828125 0.0453376770019531 -0.129119873046875 -0.14947509765625
-0.0390090942382812 0.0333480834960938 -0.04620361328125 -0.149581909179688
-0.0414314270019531 -0.00290679931640625 0.032928466796875 -0.111167907714844
-0.0282478332519531 -0.0369987487792969 0.0418014526367188 -0.0259857177734375
-0.0235404968261719 -0.0311756134033203 -0.0745315551757812 -0.0375823974609375
-0.0364723205566406 -0.0643234252929688 -0.0710906982421875 -0.185089111328125
-0.00312042236328124 -0.102775573730469 0.102569580078125 0.201126098632813
-0.0544967651367188 -0.0595932006835938 0.095184326171875 0.0648880004882813
-0.087982177734375 0.00417327880859376 -0.0364341735839844 0.0010223388671875
-0.0456504821777344 0.0593833923339844 -0.0513687133789063 0.0909042358398437
0.0147247314453125 0.07708740234375 0.000808715820312488 0.145584106445313
0.0639419555664063 0.0330123901367187 0.110641479492188 0.148605346679688
0.0760650634765625 0.001983642578125 0.1966552734375 0.104644775390625
0.0628814697265625 0.0145301818847656 0.1875 0.0865020751953125
0.0718994140625 0.0105514526367187 0.1756591796875 0.106155395507813
0.0519599914550781 0.0480842590332031 0.112289428710937 0.125892639160156
0.00540924072265625 0.0723876953125 0.047271728515625 0.0946731567382812
-0.064849853515625 0.0535011291503906 0.0388908386230469 0.0663795471191406
-0.0836257934570313 -0.0269622802734375 0.101669311523438 0.0658416748046875
-0.047271728515625 -0.0708694458007813 0.188247680664063 0.191543579101563
0.0106277465820313 -0.0772781372070313 0.095916748046875 0.42767333984375
-0.05419921875 -0.2322998046875 0.089111328125 0.171295166015625
-0.124969482421875 -0.1441650390625 0.0820846557617187 0.0651168823242187
-0.199569702148438 -0.0276641845703125 -0.0318107604980469 -0.00357246398925782
-0.130271911621094 0.102943420410156 -0.0465621948242188 0.0715255737304688
-0.02294921875 0.159530639648438 -0.019256591796875 0.120872497558594
0.100486755371094 0.113525390625 0.0847320556640625 0.132598876953125
0.146408081054688 0.060577392578125 0.16131591796875 0.0958709716796875
0.125999450683594 0.076080322265625 0.148788452148438 0.073028564453125
0.1463623046875 0.0713958740234375 0.142166137695313 0.0891265869140625
0.0963058471679688 0.123031616210938 0.0897903442382813 0.091552734375
-0.00248718261718749 0.164260864257813 0.035858154296875 0.0557670593261719
-0.131736755371094 0.122138977050781 0.0514793395996094 0.0392074584960938
-0.201629638671875 -0.0417633056640625 0.123954772949219 0.0523681640625
-0.15130615234375 -0.145416259765625 0.19293212890625 0.182205200195313
-0.052703857421875 -0.214019775390625 0.103912353515625 0.390533447265625
-0.094573974609375 -0.333984375 0.066131591796875 0.098541259765625
-0.1845703125 -0.21539306640625 0.0523262023925781 0.0435256958007812
-0.2935791015625 -0.05682373046875 -0.0313377380371094 -0.00541877746582031
-0.205322265625 0.137557983398438 -0.0354461669921875 0.0480880737304688
-0.0614471435546875 0.224761962890625 -0.03289794921875 0.080657958984375
0.1202392578125 0.181991577148438 0.0504302978515625 0.095733642578125
0.193893432617188 0.111541748046875 0.102874755859375 0.0714263916015625
0.1707763671875 0.126235961914063 0.0872879028320313 0.0478134155273438
0.200546264648438 0.118682861328125 0.086090087890625 0.0600357055664063
0.131759643554688 0.177597045898438 0.0512657165527344 0.0441474914550781
-0.00196838378906249 0.236984252929687 0.015629768371582 0.00728797912597658
-0.176605224609375 0.18505859375 0.0567092895507812 0.00164413452148439
-0.296539306640625 -0.03839111328125 0.134017944335937 0.0302658081054687
-0.241012573242188 -0.191268920898438 0.172256469726562 0.15435791015625
-0.112518310546875 -0.315673828125 0.09185791015625 0.31085205078125
-0.12457275390625 -0.385772705078125 0.0367012023925781 -0.00790405273437502
-0.228057861328125 -0.255126953125 0.00948810577392577 0.000486373901367172
-0.35394287109375 -0.0692443847656251 -0.0354652404785156 -0.00734710693359375
-0.252212524414063 0.160842895507813 -0.0213584899902344 0.0197944641113281
-0.088226318359375 0.261154174804688 -0.0397491455078125 0.0275840759277344
0.125045776367188 0.222320556640625 0.0102310180664063 0.0413093566894531
0.212142944335938 0.144882202148437 0.0308170318603516 0.0327091217041016
0.188522338867187 0.156097412109375 0.0129861831665039 0.015894889831543
0.224853515625 0.147415161132812 0.0150470733642578 0.0243110656738281
0.14794921875 0.205886840820313 -0.00121545791625976 -0.00845909118652343
-0.000320434570312471 0.27490234375 -0.0133285522460938 -0.0437965393066406
-0.193145751953125 0.221298217773437 0.0516014099121094 -0.0401153564453125
-0.346466064453125 -0.027374267578125 0.127716064453125 0.00506591796875
-0.29412841796875 -0.20745849609375 0.124679565429687 0.113853454589844
-0.151519775390625 -0.3681640625 0.06103515625 0.20074462890625
-0.1417236328125 -0.37908935546875 0.00167846679687498 -0.131690979003906
-0.241912841796875 -0.250411987304688 -0.0434112548828125 -0.0567855834960938
-0.358001708984375 -0.0631408691406251 -0.0422592163085938 -0.0134315490722656
-0.253204345703125 0.16339111328125 -0.00818729400634767 -0.0140323638916015
-0.0955963134765625 0.256881713867188 -0.0427322387695313 -0.0312309265136719
0.11285400390625 0.226547241210938 -0.0319766998291016 -0.0221786499023437
0.1986083984375 0.153411865234375 -0.0468101501464844 -0.0119438171386719
0.177703857421875 0.16217041015625 -0.0634613037109375 -0.0187644958496094
0.212982177734375 0.154510498046875 -0.0601387023925781 -0.0136756896972656
0.136566162109375 0.203399658203125 -0.0565719604492188 -0.0583076477050781
-0.00582885742187502 0.268661499023438 -0.0435028076171875 -0.0906219482421875
-0.185455322265625 0.212966918945312 0.0397796630859375 -0.0780105590820312
-0.334747314453125 -0.0259704589843751 0.107025146484375 -0.015777587890625
-0.288177490234375 -0.196441650390625 0.0593795776367187 0.0699310302734375
-0.160308837890625 -0.363067626953125 0.0170745849609375 0.0778274536132812
-0.1383056640625 -0.31207275390625 -0.037567138671875 -0.250167846679688
-0.217193603515625 -0.1993408203125 -0.095794677734375 -0.116836547851563
-0.296112060546875 -0.0430908203125 -0.05078125 -0.0226783752441406
-0.203506469726563 0.137298583984375 -0.00199127197265626 -0.0460662841796875
-0.0812835693359375 0.206146240234375 -0.0422286987304688 -0.0819625854492187
0.085723876953125 0.189590454101563 -0.0698699951171875 -0.0797500610351562
0.155487060546875 0.13665771484375 -0.116363525390625 -0.05450439453125
0.1402587890625 0.14324951171875 -0.130714416503906 -0.0507888793945313
0.167251586914062 0.140533447265625 -0.126663208007812 -0.0508880615234375
0.098968505859375 0.17205810546875 -0.102462768554688 -0.10198974609375
-0.0196533203125 0.216140747070313 -0.0621109008789062 -0.126686096191406
-0.156753540039063 0.158905029296875 0.0302734375 -0.104263305664062
-0.263046264648438 -0.0363006591796874 0.0813827514648437 -0.0261459350585938
-0.225830078125 -0.162796020507812 -0.00580406188964845 0.0272789001464844
-0.1361083984375 -0.30438232421875 -0.0262680053710938 -0.0384597778320313
-0.114181518554687 -0.196136474609375 -0.0762023925781251 -0.345947265625
-0.156585693359375 -0.115570068359375 -0.14166259765625 -0.1685791015625
-0.181564331054688 -0.0151519775390625 -0.061553955078125 -0.0302848815917969
-0.117950439453125 0.0866317749023438 -0.00506591796875001 -0.0665512084960938
-0.0519027709960938 0.120925903320313 -0.0394134521484375 -0.111854553222656
0.0453872680664063 0.120819091796875 -0.0968475341796875 -0.119003295898437
0.0886993408203125 0.0970382690429687 -0.167388916015625 -0.0861663818359375
0.0815505981445313 0.101799011230469 -0.178512573242188 -0.075164794921875
0.0962600708007813 0.105499267578125 -0.174148559570313 -0.0830535888671875
0.0447158813476563 0.1173095703125 -0.127487182617188 -0.1339111328125
-0.034332275390625 0.13214111328125 -0.0626678466796875 -0.14697265625
-0.108283996582031 0.07818603515625 0.0277328491210938 -0.114463806152344
-0.15350341796875 -0.04595947265625 0.0587997436523437 -0.0284500122070312
-0.128143310546875 -0.10736083984375 -0.0528144836425781 -0.00864791870117188
-0.09100341796875 -0.200515747070312 -0.0582199096679688 -0.131523132324219
-0.0683174133300781 -0.0502967834472656 -0.10980224609375 -0.402130126953125
-0.0722274780273438 -0.017333984375 -0.17718505859375 -0.20220947265625
-0.0439567565917969 0.0125389099121094 -0.0766830444335937 -0.0326995849609375
-0.0194473266601563 0.0243206024169922 -0.0172386169433594 -0.0690536499023438
-0.0171222686767578 0.0186214447021484 -0.0346832275390625 -0.115890502929688
-0.002410888671875 0.0350131988525391 -0.108741760253906 -0.13287353515625
0.00766372680664062 0.04296875 -0.192092895507812 -0.101776123046875
0.00994110107421875 0.0445365905761719 -0.199264526367188 -0.08843994140625
0.0120048522949219 0.0545463562011719 -0.194992065429687 -0.105499267578125
-0.0113792419433594 0.0459175109863281 -0.131118774414063 -0.1512451171875
-0.0382766723632813 0.0354118347167969 -0.0479278564453125 -0.15093994140625
-0.0430870056152344 -0.00160980224609376 0.0323638916015625 -0.112373352050781
-0.0310020446777344 -0.037994384765625 0.0425338745117187 -0.0252723693847656
-0.0240039825439453 -0.0326309204101562 -0.0760040283203125 -0.0360488891601563
-0.0385284423828125 -0.066375732421875 -0.0742340087890625 -0.18853759765625
-0.00426483154296876 -0.104232788085938 0.111373901367188 0.209335327148438
-0.0552787780761719 -0.0615081787109375 0.100975036621094 0.0654067993164063
-0.0902557373046875 0.00440216064453124 -0.0386772155761719 0.00114822387695313
-0.0465431213378906 0.0604209899902344 -0.0517501831054688 0.0941925048828125
0.0172348022460937 0.078338623046875 0.00323486328125001 0.151031494140625
0.0657958984375 0.0316963195800781 0.115524291992188 0.152786254882813
0.0769805908203125 0.00107574462890625 0.205734252929687 0.105819702148437
0.0642662048339844 0.0140876770019531 0.197540283203125 0.0886688232421875
0.073822021484375 0.0091094970703125 0.186233520507813 0.10931396484375
0.0542716979980469 0.0482826232910156 0.118324279785156 0.13037109375
0.00616455078125 0.0738449096679688 0.0494766235351563 0.0981521606445313
-0.065765380859375 0.0564727783203125 0.0424728393554687 0.0684013366699219
-0.0853042602539063 -0.0256729125976563 0.105720520019531 0.066680908203125
-0.0491104125976563 -0.071624755859375 0.197311401367188 0.195510864257813
0.00933837890625 -0.0796279907226563 0.10357666015625 0.441864013671875
-0.0592498779296875 -0.239456176757813 0.0974578857421875 0.178726196289062
-0.129501342773438 -0.148681640625 0.0880889892578125 0.066375732421875
-0.206588745117188 -0.0264739990234375 -0.0348014831542969 -0.00247764587402344
-0.133888244628906 0.107002258300781 -0.047149658203125 0.0745925903320313
-0.02056884765625 0.16510009765625 -0.0177459716796875 0.126060485839844
0.104652404785156 0.114021301269531 0.0887298583984375 0.136093139648438
0.1510009765625 0.05914306640625 0.169387817382813 0.0973663330078125
0.131744384765625 0.0770950317382812 0.156478881835938 0.0749053955078125
0.151748657226563 0.070892333984375 0.15106201171875 0.0912933349609375
0.100822448730469 0.124519348144531 0.0942535400390625 0.0954208374023438
-0.000549316406250003 0.169387817382812 0.0369071960449219 0.0585517883300781
-0.135429382324219 0.129310607910156 0.0547943115234375 0.0407791137695313
-0.20953369140625 -0.0402374267578125 0.129302978515625 0.0525131225585938
-0.15692138671875 -0.147964477539063 0.201675415039063 0.18603515625
-0.0577545166015625 -0.221878051757813 0.111297607421875 0.403839111328125
-0.103057861328125 -0.345184326171875 0.0725479125976563 0.103988647460937
-0.192535400390625 -0.22314453125 0.0572319030761719 0.0444717407226562
-0.30560302734375 -0.0549926757812499 -0.0352210998535156 -0.00340652465820312
-0.211288452148437 0.144012451171875 -0.0357284545898438 0.0512123107910156
-0.0598602294921875 0.234405517578125 -0.031951904296875 0.08514404296875
0.127044677734375 0.184722900390625 0.05291748046875 0.0978622436523438
0.201080322265625 0.110107421875 0.108268737792969 0.0724105834960937
0.179000854492187 0.1280517578125 0.0916900634765625 0.0497207641601563
0.209152221679688 0.119094848632813 0.0915374755859375 0.061981201171875
0.1376953125 0.180648803710938 0.0531845092773438 0.0462684631347656
0.00132751464843752 0.24481201171875 0.0151691436767578 0.0084819793701172
-0.181625366210937 0.195037841796875 0.0600700378417969 0.00208282470703126
-0.308746337890625 -0.036285400390625 0.140426635742187 0.0293807983398437
-0.2509765625 -0.19647216796875 0.179718017578125 0.156967163085938
-0.12060546875 -0.3284912109375 0.0985107421875 0.32135009765625
-0.135009765625 -0.401092529296875 0.0401687622070312 -0.00605010986328127
-0.238571166992188 -0.264358520507813 0.0116357803344726 0.000613212585449203
-0.37078857421875 -0.0673217773437501 -0.0393524169921875 -0.00495147705078126
-0.259872436523438 0.169708251953125 -0.0214576721191406 0.0219516754150391
-0.0873260498046875 0.274520874023438 -0.0394134521484375 0.03070068359375
0.132415771484375 0.227081298828125 0.0115203857421875 0.0413932800292969
0.222061157226563 0.143753051757813 0.0331497192382813 0.0330924987792969
0.198699951171875 0.159317016601563 0.0132312774658203 0.0169849395751953
0.235122680664063 0.1484375 0.0168590545654297 0.024993896484375
0.155014038085938 0.209671020507813 -0.00157022476196288 -0.00772523880004882
0.00363159179687498 0.285430908203125 -0.0156898498535156 -0.0439453125
-0.1995849609375 0.2337646484375 0.0536575317382812 -0.0410194396972656
-0.361297607421875 -0.0248718261718749 0.133949279785156 0.0030364990234375
-0.305999755859375 -0.21270751953125 0.130828857421875 0.116600036621094
-0.162994384765625 -0.383270263671875 0.064697265625 0.207504272460937
-0.152557373046875 -0.3946533203125 0.00186920166015625 -0.134284973144531
-0.255386352539063 -0.259628295898438 -0.0439033508300781 -0.0582351684570313
-0.37530517578125 -0.0604248046875001 -0.0463333129882813 -0.0108070373535156
-0.261459350585938 0.172988891601562 -0.0076875686645508 -0.0130090713500976
-0.0955047607421875 0.270721435546875 -0.0437889099121094 -0.030303955078125
0.119369506835938 0.231903076171875 -0.03314208984375 -0.0238685607910156
0.208236694335937 0.153076171875 -0.0481948852539062 -0.0125274658203125
0.188339233398438 0.16632080078125 -0.0672187805175781 -0.0182914733886719
0.223297119140625 0.155960083007813 -0.0626449584960937 -0.014434814453125
0.143844604492188 0.207305908203125 -0.0604515075683594 -0.0601425170898437
-0.00196838378906251 0.2784423828125 -0.0472412109375 -0.09222412109375
-0.191268920898437 0.225326538085938 0.0409698486328125 -0.0804443359375
-0.349700927734375 -0.0233154296875 0.112472534179687 -0.017578125
-0.30078125 -0.202117919921875 0.0620040893554687 0.0719451904296875
-0.172149658203125 -0.378875732421875 0.0178756713867187 0.0800094604492187
-0.1490478515625 -0.325836181640625 -0.041015625 -0.2579345703125
-0.229446411132812 -0.20703125 -0.100227355957031 -0.119735717773438
-0.311737060546875 -0.039703369140625 -0.054901123046875 -0.0195846557617188
-0.209930419921875 0.1463623046875 -0.00227737426757814 -0.0464096069335937
-0.0814361572265625 0.2178955078125 -0.044036865234375 -0.0831146240234375
0.0906524658203125 0.194625854492188 -0.073089599609375 -0.0834121704101562
0.16375732421875 0.136764526367188 -0.121597290039062 -0.0558547973632812
0.148910522460938 0.147384643554688 -0.138397216796875 -0.0513153076171875
0.17645263671875 0.142105102539063 -0.133033752441406 -0.0525741577148437
0.104690551757812 0.175827026367188 -0.107734680175781 -0.104606628417969
-0.016632080078125 0.224533081054688 -0.0668869018554688 -0.129409790039063
-0.162155151367188 0.168197631835938 0.0304718017578125 -0.107093811035156
-0.276031494140625 -0.0352783203125 0.08489990234375 -0.0286865234375
-0.2352294921875 -0.168212890625 -0.00559997558593751 0.0297870635986328
-0.1458740234375 -0.318511962890625 -0.0286827087402344 -0.0403022766113281
-0.1219482421875 -0.206100463867188 -0.082763671875 -0.357330322265625
-0.165298461914063 -0.120407104492188 -0.148651123046875 -0.172805786132813
-0.191741943359375 -0.0126953125 -0.0652236938476563 -0.028076171875
-0.122016906738281 0.092803955078125 -0.00574874877929689 -0.0674400329589844
-0.05206298828125 0.128288269042969 -0.041778564453125 -0.114921569824219
0.048553466796875 0.124717712402344 -0.101699829101563 -0.123451232910156
0.0937957763671875 0.097869873046875 -0.175613403320313 -0.0883026123046875
0.0873641967773437 0.104759216308594 -0.188003540039063 -0.076416015625
0.101905822753906 0.107566833496094 -0.183120727539063 -0.08514404296875
0.0480880737304688 0.120185852050781 -0.134750366210938 -0.137962341308594
-0.0321426391601563 0.13812255859375 -0.06683349609375 -0.150833129882813
-0.112686157226562 0.0837860107421875 0.0280075073242187 -0.118820190429688
-0.161865234375 -0.0469512939453125 0.0617141723632812 -0.0302886962890625
-0.133857727050781 -0.111297607421875 -0.0550155639648438 -0.00737380981445313
-0.0979461669921876 -0.209884643554688 -0.0634536743164063 -0.13653564453125
-0.0714492797851563 -0.0544204711914062 -0.11895751953125 -0.416046142578125
-0.07623291015625 -0.0184402465820312 -0.187179565429687 -0.20751953125
-0.046905517578125 0.0141372680664063 -0.079498291015625 -0.0307464599609375
-0.0205802917480469 0.0263900756835938 -0.0185356140136719 -0.07012939453125
-0.0183238983154297 0.0212688446044922 -0.0373001098632813 -0.120201110839844
-0.00229263305664062 0.0372581481933594 -0.113754272460938 -0.138526916503906
0.00963211059570312 0.044464111328125 -0.201019287109375 -0.105010986328125
0.0119819641113281 0.0466041564941406 -0.210220336914062 -0.0902252197265625
0.013885498046875 0.0562858581542969 -0.205322265625 -0.107940673828125
-0.0110816955566406 0.04766845703125 -0.138259887695313 -0.1556396484375
-0.0382270812988281 0.0382156372070312 -0.0509185791015625 -0.1551513671875
-0.0455207824707031 -0.000259399414062491 0.0311355590820313 -0.116378784179688
-0.0353927612304687 -0.0394020080566406 0.0443000793457031 -0.0267791748046875
-0.0265426635742188 -0.0345821380615234 -0.0794677734375 -0.0352630615234375
-0.0413818359375 -0.071380615234375 -0.0804290771484375 -0.195755004882813
-0.00768280029296875 -0.107337951660156 0.126632690429688 0.216171264648438
-0.0584449768066406 -0.0623283386230469 0.109764099121094 0.0646591186523438
-0.0933685302734375 0.00761413574218751 -0.0415840148925781 0.0027618408203125
-0.0472412109375 0.0636711120605469 -0.0500030517578125 0.0999679565429688
0.0216903686523438 0.0792694091796875 0.00900268554687502 0.157333374023438
0.0687294006347656 0.0288887023925781 0.12493896484375 0.156570434570313
0.0784683227539062 -0.0023193359375 0.219284057617188 0.102691650390625
0.0668487548828125 0.0125236511230469 0.212249755859375 0.0861663818359375
0.0756378173828125 0.0059814453125 0.201507568359375 0.108016967773437
0.0577316284179688 0.0473403930664063 0.127922058105469 0.133758544921875
0.00859832763671874 0.0761871337890625 0.0550079345703125 0.100898742675781
-0.0667610168457031 0.0616188049316406 0.0476608276367187 0.0695114135742188
-0.0888595581054688 -0.023681640625 0.1131591796875 0.0654067993164063
-0.05291748046875 -0.0714340209960937 0.212356567382813 0.19622802734375
0.00643920898437501 -0.0824508666992188 0.124755859375 0.457855224609375
-0.070281982421875 -0.246963500976562 0.110931396484375 0.185256958007812
-0.13946533203125 -0.151901245117188 0.0966262817382812 0.0657958984375
-0.216812133789063 -0.0203704833984375 -0.03826904296875 0.000282287597656249
-0.136932373046875 0.115425109863281 -0.0454025268554688 0.0793533325195313
-0.0139617919921875 0.172607421875 -0.0129547119140625 0.1328125
0.112373352050781 0.112991333007813 0.09716796875 0.13909912109375
0.15777587890625 0.05517578125 0.181182861328125 0.095245361328125
0.140670776367188 0.075897216796875 0.168228149414063 0.0733184814453125
0.160629272460938 0.0660552978515625 0.164093017578125 0.09063720703125
0.108795166015625 0.124855041503906 0.102226257324219 0.0979537963867188
0.00561523437499999 0.175704956054687 0.0403366088867188 0.0606956481933594
-0.137435913085938 0.141586303710937 0.0601806640625 0.0407218933105469
-0.219528198242188 -0.0346832275390625 0.13690185546875 0.0495147705078125
-0.16766357421875 -0.148834228515625 0.216812133789063 0.186767578125
-0.0693817138671875 -0.230941772460938 0.13116455078125 0.41864013671875
-0.1207275390625 -0.35723876953125 0.0829010009765625 0.108001708984375
-0.208694458007813 -0.228591918945312 0.063934326171875 0.04425048828125
-0.323516845703125 -0.045867919921875 -0.0388984680175781 0.000614166259765627
-0.216461181640625 0.158294677734375 -0.0342597961425782 0.0556602478027344
-0.05230712890625 0.247970581054688 -0.0289688110351563 0.0913925170898438
0.138931274414062 0.1854248046875 0.0588531494140625 0.0999221801757813
0.212966918945313 0.105224609375 0.116966247558594 0.0713348388671875
0.1923828125 0.12744140625 0.0989761352539063 0.0497512817382813
0.223007202148438 0.114852905273438 0.0999298095703125 0.0607452392578125
0.149810791015625 0.182144165039063 0.057220458984375 0.048004150390625
0.0105743408203125 0.255050659179688 0.0151281356811523 0.00985336303710939
-0.184112548828125 0.212844848632813 0.06402587890625 0.000427246093750013
-0.324798583984375 -0.0273437500000001 0.148269653320313 0.0242919921875
-0.26776123046875 -0.196853637695312 0.193069458007812 0.158096313476563
-0.1405029296875 -0.341400146484375 0.1138916015625 0.332916259765625
-0.15753173828125 -0.416015625 0.0448036193847656 -0.00560379028320315
-0.25982666015625 -0.270599365234375 0.0142908096313476 0.000562667846679671
-0.392608642578125 -0.05572509765625 -0.0435409545898438 3.05175781250002E-05
-0.265792846679688 0.1876220703125 -0.0207767486572266 0.0249748229980469
-0.079986572265625 0.29180908203125 -0.0390701293945313 0.0351104736328125
0.145553588867188 0.230224609375 0.0135040283203125 0.0419082641601563
0.236007690429688 0.139083862304688 0.0364723205566406 0.0330352783203125
0.215286254882813 0.15924072265625 0.0144195556640625 0.0183486938476563
0.251739501953125 0.144195556640625 0.0195350646972656 0.0249156951904297
0.168411254882813 0.212478637695313 -0.00225543975830077 -0.00730037689208983
0.01513671875 0.2974853515625 -0.0189247131347656 -0.0440635681152343
-0.201248168945312 0.253753662109375 0.0559921264648437 -0.0445098876953125
-0.381317138671875 -0.013275146484375 0.140762329101562 -0.0030975341796875
-0.326416015625 -0.213592529296875 0.140243530273437 0.117393493652344
-0.185882568359375 -0.398193359375 0.074432373046875 0.214279174804687
-0.175567626953125 -0.41058349609375 -0.001495361328125 -0.138954162597656
-0.27734375 -0.265884399414063 -0.0464859008789063 -0.0587539672851563
-0.39935302734375 -0.0479736328125 -0.0505218505859375 -0.00497817993164063
-0.267333984375 0.1917724609375 -0.0081920623779297 -0.0117454528808594
-0.08831787109375 0.2889404296875 -0.045501708984375 -0.0284614562988281
0.133071899414063 0.236526489257813 -0.0352363586425781 -0.0251426696777344
0.22271728515625 0.149627685546875 -0.0508308410644531 -0.0120620727539062
0.205032348632813 0.166778564453125 -0.0724258422851562 -0.0160140991210937
0.240280151367187 0.153457641601562 -0.0659828186035156 -0.0133705139160156
0.15704345703125 0.210205078125 -0.0653762817382813 -0.0599288940429687
0.010040283203125 0.290618896484375 -0.05340576171875 -0.0934066772460937
-0.194000244140625 0.245040893554688 0.0407791137695312 -0.084747314453125
-0.369384765625 -0.0123596191406249 0.117149353027344 -0.0243301391601563
-0.320098876953125 -0.20294189453125 0.0674667358398437 0.07293701171875
-0.195068359375 -0.394927978515625 0.0203933715820312 0.0821914672851562
-0.168548583984375 -0.3389892578125 -0.0510711669921875 -0.267379760742188
-0.249313354492188 -0.211700439453125 -0.108238220214844 -0.121124267578125
-0.330718994140625 -0.0285949707031251 -0.0588264465332031 -0.0147552490234375
-0.215530395507812 0.161895751953125 -0.00325012207031251 -0.0463027954101563
-0.0759735107421875 0.234603881835938 -0.0484848022460937 -0.084228515625
0.101638793945312 0.1998291015625 -0.0789871215820312 -0.0861129760742188
0.176071166992187 0.134735107421875 -0.129325866699219 -0.054962158203125
0.16351318359375 0.14837646484375 -0.148101806640625 -0.047821044921875
0.190750122070313 0.140731811523438 -0.141983032226563 -0.051025390625
0.114959716796875 0.179306030273438 -0.117378234863281 -0.105064392089844
-0.00753784179687497 0.2357177734375 -0.0747451782226563 -0.131568908691406
-0.164566040039063 0.18365478515625 0.0282363891601562 -0.112579345703125
-0.29278564453125 -0.02716064453125 0.0888748168945312 -0.03424072265625
-0.25103759765625 -0.168930053710938 -0.00556564331054689 0.0315113067626953
-0.165985107421875 -0.33111572265625 -0.0331459045410156 -0.042083740234375
-0.135772705078125 -0.214645385742188 -0.09857177734375 -0.37017822265625
-0.179061889648438 -0.121673583984375 -0.161712646484375 -0.1746826171875
-0.203598022460938 -0.00526428222656255 -0.0688743591308594 -0.0237197875976563
-0.124893188476562 0.102737426757813 -0.00807952880859376 -0.0685539245605469
-0.0496444702148437 0.138450622558594 -0.0475234985351563 -0.11798095703125
0.054962158203125 0.129325866699219 -0.109939575195313 -0.127098083496094
0.102264404296875 0.0969772338867188 -0.187103271484375 -0.087554931640625
0.0966720581054688 0.106307983398438 -0.20196533203125 -0.07269287109375
0.111770629882812 0.108390808105469 -0.19677734375 -0.083221435546875
0.0548782348632813 0.123764038085937 -0.145980834960938 -0.139450073242187
-0.0272369384765625 0.1451416015625 -0.0757904052734375 -0.153671264648438
-0.115959167480469 0.0935821533203125 0.0242385864257812 -0.124191284179688
-0.174224853515625 -0.043304443359375 0.0636749267578125 -0.0346527099609375
-0.143966674804688 -0.113433837890625 -0.0582084655761719 -0.00481796264648439
-0.111251831054687 -0.218978881835938 -0.073211669921875 -0.141357421875
-0.0772857666015625 -0.0572891235351563 -0.1396484375 -0.42987060546875
-0.0820083618164063 -0.017303466796875 -0.20355224609375 -0.209335327148437
-0.0501022338867188 0.016632080078125 -0.0826339721679688 -0.027618408203125
-0.0202713012695313 0.0296001434326172 -0.0210647583007813 -0.0710525512695313
-0.0183773040771484 0.0250473022460937 -0.0432891845703125 -0.124359130859375
-0.000949859619140629 0.0404167175292969 -0.123428344726563 -0.1417236328125
0.0126571655273438 0.0451202392578125 -0.215362548828125 -0.103485107421875
0.0152435302734375 0.0481147766113281 -0.225509643554688 -0.0872039794921875
0.0174674987792969 0.0590171813964844 -0.22210693359375 -0.105514526367187
-0.00906753540039062 0.0506401062011719 -0.149948120117188 -0.158523559570312
-0.0373153686523438 0.0416069030761719 -0.0585479736328125 -0.1597900390625
-0.0483169555664063 0.00272369384765624 0.0277862548828125 -0.122146606445313
-0.0405426025390625 -0.0397529602050781 0.0457801818847656 -0.0295295715332031
-0.0297012329101562 -0.0364341735839844 -0.0848236083984375 -0.0327529907226563
-0.0469436645507812 -0.0752105712890625 -0.0925750732421875 -0.202560424804687
-0.012969970703125 -0.108528137207031 0.145614624023438 0.216201782226563
-0.0627059936523437 -0.0618858337402344 0.11846923828125 0.0601959228515625
-0.0956344604492188 0.0125503540039063 -0.0434188842773438 0.00625991821289062
-0.0455169677734375 0.0666084289550781 -0.0453567504882813 0.105255126953125
0.02734375 0.0787811279296875 0.0187530517578125 0.161239624023438
0.0715866088867188 0.0239028930664063 0.136764526367188 0.155029296875
0.0792770385742188 -0.0070037841796875 0.233078002929688 0.0938720703125
0.0688018798828125 0.00908279418945313 0.226959228515625 0.076446533203125
0.0776596069335938 0.0003662109375 0.218215942382812 0.0999298095703125
0.0617485046386719 0.0445098876953125 0.140670776367188 0.132278442382813
0.0131759643554687 0.0771408081054687 0.0615997314453125 0.101432800292969
-0.0645370483398437 0.0676689147949219 0.0545883178710938 0.0688247680664063
-0.0912551879882813 -0.0192184448242188 0.121200561523438 0.060455322265625
-0.0578575134277344 -0.0699958801269531 0.230972290039063 0.189300537109375
0.00138854980468751 -0.0848541259765625 0.15594482421875 0.46466064453125
-0.0868682861328125 -0.250274658203125 0.127899169921875 0.18536376953125
-0.151580810546875 -0.150543212890625 0.105575561523437 0.0623779296875
-0.225677490234375 -0.00880432128906249 -0.0406303405761719 0.00498199462890626
-0.135238647460937 0.126274108886719 -0.0412826538085937 0.0844879150390625
-0.00361633300781249 0.17828369140625 -0.00452423095703124 0.1376953125
0.120903015136719 0.107810974121094 0.106941223144531 0.138641357421875
0.164138793945313 0.0462646484375 0.193527221679688 0.087432861328125
0.149398803710938 0.0697174072265625 0.180145263671875 0.0666656494140625
0.168487548828125 0.0573577880859375 0.177337646484375 0.084014892578125
0.118766784667969 0.121536254882813 0.11181640625 0.096832275390625
0.015716552734375 0.180526733398438 0.0438690185546875 0.0612945556640625
-0.133987426757813 0.155075073242188 0.0658912658691406 0.0384788513183594
-0.229156494140625 -0.022979736328125 0.144546508789062 0.0423431396484375
-0.180831909179687 -0.144424438476563 0.2347412109375 0.179412841796875
-0.0856781005859375 -0.23492431640625 0.159942626953125 0.423919677734375
-0.146697998046875 -0.3623046875 0.094512939453125 0.10809326171875
-0.228240966796875 -0.225372314453125 0.0709457397460937 0.0419082641601562
-0.337982177734375 -0.02740478515625 -0.0412101745605469 0.00712203979492188
-0.215042114257813 0.17633056640625 -0.0308723449707031 0.0591659545898438
-0.037841796875 0.259307861328125 -0.0230560302734375 0.09600830078125
0.152801513671875 0.181198120117188 0.065826416015625 0.0997238159179688
0.223983764648438 0.093658447265625 0.125656127929688 0.0662155151367188
0.207290649414063 0.120101928710937 0.106414794921875 0.046417236328125
0.236038208007812 0.102630615234375 0.109397888183594 0.0563278198242188
0.164199829101563 0.178482055664062 0.0621223449707031 0.0478515625
0.026275634765625 0.262374877929688 0.0154190063476563 0.0108890533447266
-0.1778564453125 0.23236083984375 0.0678558349609375 -0.00329971313476561
-0.3382568359375 -0.00891113281250003 0.154434204101562 0.01531982421875
-0.287322998046875 -0.188873291015625 0.208160400390625 0.151321411132813
-0.166046142578125 -0.346832275390625 0.13714599609375 0.33612060546875
-0.18829345703125 -0.422760009765625 0.0483474731445312 -0.00667190551757815
-0.28472900390625 -0.267181396484375 0.0172119140625 -0.000432014465332048
-0.41094970703125 -0.0327758789062501 -0.0457916259765625 0.00771331787109374
-0.264892578125 0.209976196289062 -0.0179939270019531 0.0278053283691406
-0.063262939453125 0.307586669921875 -0.037017822265625 0.0394821166992188
0.16326904296875 0.2279052734375 0.0162506103515625 0.0418968200683594
0.250198364257813 0.127639770507813 0.0403633117675781 0.0311431884765625
0.232925415039063 0.151596069335938 0.0161876678466797 0.0190563201904297
0.269088745117187 0.132431030273437 0.0224399566650391 0.0241107940673828
0.1859130859375 0.207717895507813 -0.00306034088134765 -0.00618648529052733
0.03424072265625 0.30535888671875 -0.0226974487304688 -0.043060302734375
-0.193572998046875 0.276641845703125 0.0566787719726562 -0.0488662719726563
-0.396881103515625 0.00772094726562506 0.144454956054687 -0.0124664306640625
-0.348541259765625 -0.202392578125 0.150863647460937 0.112838745117188
-0.217559814453125 -0.404449462890625 0.0887603759765625 0.215591430664062
-0.206939697265625 -0.41595458984375 -0.0075225830078125 -0.14178466796875
-0.303314208984375 -0.261444091796875 -0.0497817993164063 -0.0577621459960938
-0.417877197265625 -0.0243225097656251 -0.0526123046875 0.00284957885742187
-0.265914916992188 0.214675903320313 -0.00783157348632814 -0.0097064971923828
-0.07183837890625 0.306427001953125 -0.0474967956542969 -0.0258064270019531
0.150405883789062 0.235702514648437 -0.0374298095703125 -0.0252799987792969
0.237930297851563 0.139175415039063 -0.0525245666503906 -0.0102882385253906
0.223480224609375 0.160491943359375 -0.0763015747070313 -0.0114593505859375
0.257888793945313 0.142410278320313 -0.0694618225097656 -0.0106239318847656
0.174331665039063 0.207305908203125 -0.0718612670898437 -0.0576019287109375
0.028228759765625 0.29913330078125 -0.0610809326171875 -0.0916366577148438
-0.18597412109375 0.266876220703125 0.0380401611328125 -0.0894393920898437
-0.385284423828125 0.00888061523437507 0.119415283203125 -0.0332870483398438
-0.341796875 -0.193634033203125 0.0725021362304687 0.07171630859375
-0.22698974609375 -0.400115966796875 0.0241165161132812 0.0831451416015625
-0.1962890625 -0.343170166015625 -0.0667877197265625 -0.2713623046875
-0.271331787109375 -0.206268310546875 -0.117889404296875 -0.119087219238281
-0.34625244140625 -0.00885009765625 -0.0607986450195313 -0.00742340087890626
-0.213516235351563 0.181106567382813 -0.00484848022460939 -0.0462684631347656
-0.0638580322265625 0.2490234375 -0.0537948608398438 -0.0829086303710937
0.11676025390625 0.200424194335938 -0.0859146118164062 -0.08642578125
0.189224243164063 0.126541137695313 -0.13671875 -0.049896240234375
0.179351806640625 0.142868041992188 -0.157562255859375 -0.039398193359375
0.206405639648438 0.132369995117188 -0.15167236328125 -0.0442047119140625
0.129486083984375 0.177398681640625 -0.127883911132813 -0.102592468261719
0.007568359375 0.243072509765625 -0.0845947265625 -0.129470825195312
-0.16021728515625 0.201690673828125 0.0229644775390625 -0.117164611816406
-0.30804443359375 -0.0114135742187501 0.0890884399414062 -0.0420761108398437
-0.269577026367188 -0.16278076171875 -0.00432586669921876 0.0337314605712891
-0.19219970703125 -0.336212158203125 -0.0389251708984375 -0.0418930053710938
-0.15423583984375 -0.216217041015625 -0.12286376953125 -0.37518310546875
-0.194259643554688 -0.11676025390625 -0.177032470703125 -0.171005249023438
-0.212478637695313 0.00732421875000003 -0.0709304809570313 -0.017852783203125
-0.123023986816406 0.114356994628906 -0.0112152099609375 -0.0690650939941406
-0.042449951171875 0.148513793945313 -0.0557937622070313 -0.118324279785156
0.0641708374023438 0.130477905273437 -0.120170593261719 -0.1273193359375
0.111473083496094 0.092559814453125 -0.199615478515625 -0.0803070068359375
0.108268737792969 0.103996276855469 -0.21563720703125 -0.0626678466796875
0.1229248046875 0.104988098144531 -0.210723876953125 -0.0736083984375
0.0635986328125 0.123695373535156 -0.159988403320313 -0.135818481445313
-0.0181427001953125 0.152008056640625 -0.08685302734375 -0.15362548828125
-0.114547729492188 0.105384826660156 0.0177841186523437 -0.128944396972656
-0.185455322265625 -0.0343780517578125 0.0635833740234375 -0.0403556823730469
-0.155670166015625 -0.11053466796875 -0.0609092712402344 -0.000423431396484393
-0.128387451171875 -0.222991943359375 -0.0859375 -0.141708374023438
-0.0842437744140625 -0.0573806762695313 -0.16851806640625 -0.434906005859375
-0.0859756469726563 -0.013519287109375 -0.222549438476563 -0.203720092773437
-0.0524215698242188 0.0197067260742188 -0.0854263305664063 -0.0224609375
-0.0193233489990234 0.03204345703125 -0.0260467529296875 -0.0708236694335938
-0.0178871154785156 0.028228759765625 -0.0515899658203125 -0.125038146972656
0.00171279907226563 0.0429801940917969 -0.135009765625 -0.141464233398438
0.0163383483886719 0.0454940795898438 -0.22967529296875 -0.095245361328125
0.0200691223144531 0.0488662719726563 -0.2410888671875 -0.076324462890625
0.0228157043457031 0.0602569580078125 -0.237640380859375 -0.0960235595703125
-0.0060272216796875 0.0530891418457031 -0.1654052734375 -0.1553955078125
-0.0347900390625 0.0455093383789062 -0.069366455078125 -0.160842895507813
-0.0499801635742188 0.00783920288085938 0.0208511352539062 -0.127182006835938
-0.047332763671875 -0.0380401611328125 0.0453376770019531 -0.0336380004882813
-0.0334892272949219 -0.0373420715332031 -0.0900039672851563 -0.028106689453125
-0.0537872314453125 -0.077117919921875 -0.109848022460938 -0.203384399414063
-0.019256591796875 -0.107276916503906 0.160629272460938 0.208541870117188
-0.06591796875 -0.0588607788085937 0.123710632324219 0.05303955078125
-0.0947418212890625 0.0177993774414063 -0.0433082580566406 0.0101966857910156
-0.0424232482910156 0.0689239501953125 -0.0387954711914063 0.107215881347656
0.0318984985351563 0.0754776000976563 0.0286102294921875 0.1597900390625
0.0716094970703125 0.0183868408203125 0.146102905273438 0.14910888671875
0.07745361328125 -0.0117340087890625 0.240814208984375 0.079681396484375
0.0693473815917969 0.00490188598632813 0.234603881835938 0.063232421875
0.0756683349609375 -0.0055999755859375 0.228042602539063 0.0858917236328125
0.0641021728515625 0.0400505065917969 0.15081787109375 0.125900268554688
0.01751708984375 0.0761871337890625 0.0672988891601563 0.0984420776367188
-0.0602035522460938 0.07220458984375 0.0595855712890625 0.0649871826171875
-0.09149169921875 -0.0139541625976562 0.124855041503906 0.05242919921875
-0.0618133544921875 -0.0657272338867188 0.2420654296875 0.175186157226562
-0.00418853759765624 -0.0845413208007813 0.184722900390625 0.456298828125
-0.102127075195312 -0.245407104492188 0.141754150390625 0.178359985351563
-0.160675048828125 -0.142776489257813 0.111427307128906 0.0558013916015625
-0.227157592773438 0.00575256347656255 -0.0405044555664063 0.0108718872070313
-0.128372192382813 0.134880065917969 -0.0356979370117188 0.0861663818359375
0.00823974609375002 0.17803955078125 0.00431823730468749 0.1376953125
0.126434326171875 0.0993423461914062 0.11468505859375 0.133438110351563
0.165847778320313 0.0355987548828125 0.200225830078125 0.076171875
0.154434204101563 0.061248779296875 0.187271118164063 0.0560455322265625
0.171676635742188 0.04547119140625 0.186141967773438 0.0721282958984375
0.126052856445313 0.113388061523438 0.118896484375 0.09228515625
0.026947021484375 0.17950439453125 0.0468940734863281 0.0601844787597656
-0.124740600585938 0.164810180664062 0.0695953369140625 0.0338821411132813
-0.231048583984375 -0.0101165771484374 0.147552490234375 0.0320281982421875
-0.189239501953125 -0.13385009765625 0.2449951171875 0.165939331054688
-0.101638793945313 -0.231338500976562 0.185821533203125 0.41461181640625
-0.169891357421875 -0.35516357421875 0.103874206542969 0.103401184082031
-0.2432861328125 -0.2144775390625 0.0761642456054688 0.0374679565429687
-0.3416748046875 -0.005279541015625 -0.0405654907226563 0.0139808654785156
-0.205718994140625 0.189285278320313 -0.0264129638671875 0.06170654296875
-0.0206146240234375 0.26214599609375 -0.0163345336914063 0.0980453491210938
0.162384033203125 0.1707763671875 0.07177734375 0.09613037109375
0.228759765625 0.0791015625 0.131843566894531 0.0582962036132813
0.215988159179687 0.108230590820312 0.111373901367188 0.0407028198242188
0.243194580078125 0.0865020751953125 0.115028381347656 0.04937744140625
0.174850463867187 0.1676025390625 0.0656967163085938 0.0456047058105469
0.0425567626953125 0.260696411132813 0.0153837203979492 0.0116367340087891
-0.164947509765625 0.245880126953125 0.0691490173339844 -0.00775527954101561
-0.3424072265625 0.010498046875 0.154815673828125 0.0048675537109375
-0.298828125 -0.1734619140625 0.21697998046875 0.139297485351563
-0.19049072265625 -0.339996337890625 0.157012939453125 0.32763671875
-0.216705322265625 -0.41387939453125 0.0505447387695312 -0.00895690917968753
-0.3028564453125 -0.253662109375 0.0193939208984375 -0.00134849548339845
-0.416778564453125 -0.00534057617187505 -0.0443572998046875 0.0155982971191406
-0.253936767578125 0.227859497070313 -0.0152549743652344 0.0295448303222656
-0.042236328125 0.31353759765625 -0.0334892272949219 0.0423049926757813
0.176727294921875 0.217559814453125 0.01837158203125 0.0399055480957031
0.257095336914063 0.11077880859375 0.0431137084960938 0.0284576416015625
0.244857788085938 0.138656616210938 0.0184860229492188 0.0191059112548828
0.278060913085938 0.113418579101563 0.0246448516845703 0.0224456787109375
0.198028564453125 0.196136474609375 -0.00326347351074218 -0.00506210327148436
0.053558349609375 0.30426025390625 -0.0258941650390625 -0.039825439453125
-0.177764892578125 0.29168701171875 0.0552444458007812 -0.0524482727050781
-0.40106201171875 0.032257080078125 0.14300537109375 -0.02276611328125
-0.362457275390625 -0.185150146484375 0.1573486328125 0.104278564453125
-0.24554443359375 -0.395294189453125 0.0999908447265625 0.210678100585937
-0.2349853515625 -0.406982421875 -0.01361083984375 -0.141265869140625
-0.321685791015625 -0.246673583984375 -0.0519027709960938 -0.0551414489746094
-0.42413330078125 0.00332641601562503 -0.0508537292480469 0.0107421875
-0.254638671875 0.233261108398438 -0.0071840286254883 -0.00868034362792967
-0.051422119140625 0.313690185546875 -0.0476722717285156 -0.0219192504882812
0.16558837890625 0.226882934570313 -0.0393486022949219 -0.0250740051269531
0.245864868164062 0.122879028320312 -0.0531539916992187 -0.00820541381835936
0.235733032226563 0.147232055664063 -0.0772628784179687 -0.00511169433593751
0.268417358398437 0.124374389648437 -0.071197509765625 -0.00627136230468749
0.186920166015625 0.196319580078125 -0.0762557983398437 -0.0524749755859375
0.047821044921875 0.298187255859375 -0.067230224609375 -0.0864028930664062
-0.171173095703125 0.282440185546875 0.03326416015625 -0.0921707153320312
-0.39056396484375 0.03253173828125 0.116424560546875 -0.042022705078125
-0.355072021484375 -0.1754150390625 0.0763626098632812 0.0690536499023437
-0.254486083984375 -0.3914794921875 0.027496337890625 0.0818634033203125
-0.220001220703125 -0.335235595703125 -0.08197021484375 -0.268234252929688
-0.287109375 -0.193359375 -0.124305725097656 -0.112594604492188
-0.351531982421875 0.014251708984375 -0.0595474243164063 -2.288818359374E-05
-0.2041015625 0.196060180664063 -0.00623321533203126 -0.0454483032226562
-0.0463409423828125 0.256027221679687 -0.0583648681640625 -0.0793075561523437
0.12957763671875 0.193695068359375 -0.0912933349609375 -0.08349609375
0.1966552734375 0.114059448242188 -0.14111328125 -0.0430450439453125
0.190475463867187 0.132827758789063 -0.161895751953125 -0.0288543701171875
0.215911865234375 0.11962890625 -0.156478881835938 -0.0344085693359375
0.140289306640625 0.16943359375 -0.13543701171875 -0.0943679809570312
0.0236358642578125 0.242919921875 -0.092987060546875 -0.123512268066406
-0.148529052734375 0.21453857421875 0.0162887573242188 -0.118759155273437
-0.312957763671875 0.00772094726562504 0.0855789184570312 -0.048431396484375
-0.280319213867188 -0.1494140625 -0.00266647338867189 0.0350246429443359
-0.21539306640625 -0.328887939453125 -0.0433464050292969 -0.0400543212890625
-0.169677734375 -0.210037231445312 -0.144805908203125 -0.3692626953125
-0.203125 -0.107345581054688 -0.187393188476563 -0.16070556640625
-0.2154541015625 0.0210723876953125 -0.0700950622558594 -0.0115509033203125
-0.1163330078125 0.122894287109375 -0.0141792297363281 -0.067718505859375
-0.032470703125 0.154006958007812 -0.062103271484375 -0.114273071289062
0.07318115234375 0.128204345703125 -0.128471374511719 -0.123176574707031
0.117424011230469 0.0853729248046875 -0.20623779296875 -0.0691680908203125
0.116104125976563 0.0975341796875 -0.221771240234375 -0.048004150390625
0.13116455078125 0.0967941284179688 -0.218093872070313 -0.05999755859375
0.0715103149414063 0.120025634765625 -0.169967651367188 -0.12725830078125
-0.007568359375 0.153182983398438 -0.096099853515625 -0.147689819335937
-0.108695983886719 0.114479064941406 0.010162353515625 -0.129837036132813
-0.191360473632813 -0.0225372314453125 0.0606765747070312 -0.0449905395507813
-0.16339111328125 -0.103317260742187 -0.0613136291503906 0.00441360473632811
-0.145065307617188 -0.2188720703125 -0.0960006713867187 -0.136337280273438
-0.0886688232421875 -0.0543136596679688 -0.195098876953125 -0.4256591796875
-0.0882339477539063 -0.00829315185546875 -0.236236572265625 -0.191543579101562
-0.0522422790527344 0.0233268737792969 -0.0849685668945312 -0.0174102783203125
-0.0169105529785156 0.0333518981933594 -0.0290336608886719 -0.0686111450195313
-0.0158843994140625 0.0314445495605469 -0.0590438842773437 -0.121719360351563
0.00484848022460937 0.0444259643554688 -0.143875122070312 -0.135772705078125
0.0191268920898438 0.0440292358398438 -0.23822021484375 -0.081939697265625
0.0236587524414062 0.0476608276367188 -0.24908447265625 -0.0606231689453125
0.0281791687011719 0.0597267150878906 -0.24700927734375 -0.079742431640625
-0.00197982788085937 0.0535697937011719 -0.176620483398438 -0.14654541015625
-0.0305328369140625 0.0476722717285156 -0.0790252685546875 -0.156463623046875
-0.0498313903808594 0.0121994018554688 0.0128173828125 -0.127769470214844
-0.0518531799316406 -0.03436279296875 0.0433235168457031 -0.0357894897460938
-0.0373306274414062 -0.03656005859375 -0.0922622680664062 -0.0212860107421875
-0.0601882934570313 -0.0762405395507813 -0.123458862304688 -0.1971435546875
-0.022369384765625 -0.104217529296875 0.167343139648438 0.200439453125
-0.0667190551757813 -0.0560379028320312 0.125717163085938 0.0474777221679688
-0.0929641723632813 0.0210800170898437 -0.0424232482910156 0.01373291015625
-0.0404396057128906 0.0700531005859375 -0.0343856811523438 0.106307983398437
0.034149169921875 0.0722198486328125 0.0341796875 0.155914306640625
0.069580078125 0.0145950317382813 0.149002075195313 0.143447875976563
0.0751419067382813 -0.0144729614257813 0.242294311523438 0.0706634521484375
0.0681953430175781 0.0024871826171875 0.236923217773438 0.0526885986328125
0.0731201171875 -0.00894927978515625 0.231063842773438 0.0750732421875
0.0642967224121094 0.0360870361328125 0.15509033203125 0.120773315429687
0.0194320678710937 0.0745620727539062 0.069244384765625 0.095428466796875
-0.056854248046875 0.0741653442382813 0.0619163513183594 0.0610237121582031
-0.0905532836914063 -0.0112457275390625 0.125869750976563 0.0460739135742188
-0.0628166198730469 -0.0616188049316406 0.244888305664063 0.16241455078125
-0.007720947265625 -0.0823440551757813 0.199676513671875 0.440948486328125
-0.110687255859375 -0.237716674804688 0.14837646484375 0.171173095703125
-0.164871215820313 -0.136749267578125 0.114463806152344 0.0505523681640625
-0.224746704101563 0.0143585205078125 -0.038665771484375 0.0152244567871094
-0.122848510742188 0.138191223144531 -0.0315017700195313 0.0856246948242188
0.015167236328125 0.17413330078125 0.00939941406249999 0.135009765625
0.126930236816406 0.0916671752929688 0.118110656738281 0.12841796875
0.16375732421875 0.0282135009765625 0.202346801757813 0.06756591796875
0.1552734375 0.0545501708984375 0.189544677734375 0.04827880859375
0.169464111328125 0.0375213623046875 0.188873291015625 0.0633697509765625
0.127700805664063 0.106697082519531 0.122222900390625 0.08819580078125
0.0330352783203125 0.176681518554688 0.0478973388671875 0.0588607788085938
-0.117828369140625 0.168746948242188 0.071258544921875 0.030120849609375
-0.230117797851562 -0.00169372558593749 0.146484375 0.0252685546875
-0.19183349609375 -0.126144409179688 0.248123168945313 0.153472900390625
-0.11053466796875 -0.225082397460938 0.197479248046875 0.401641845703125
-0.182830810546875 -0.34375 0.108787536621094 0.0987472534179687
-0.248855590820313 -0.204803466796875 0.0787887573242187 0.0338592529296875
-0.3389892578125 0.00881958007812504 -0.0375862121582031 0.0193939208984375
-0.196640014648437 0.195831298828125 -0.023162841796875 0.0610160827636719
-0.00880432128906247 0.259475708007813 -0.0120086669921875 0.0971755981445313
0.165679931640625 0.16119384765625 0.0738906860351563 0.0922317504882813
0.227554321289062 0.06854248046875 0.134078979492188 0.0520706176757813
0.218917846679688 0.0990447998046875 0.1136474609375 0.0365982055664063
0.242477416992187 0.0746307373046875 0.116767883300781 0.0442733764648438
0.178268432617188 0.158340454101563 0.0676345825195313 0.0444107055664063
0.052001953125 0.25634765625 0.0151767730712891 0.0122137069702149
-0.153823852539063 0.251235961914063 0.0687599182128906 -0.0104522705078125
-0.340423583984375 0.023284912109375 0.152313232421875 -0.002349853515625
-0.301910400390625 -0.1619873046875 0.2191162109375 0.129562377929688
-0.20208740234375 -0.330718994140625 0.16552734375 0.317657470703125
-0.23095703125 -0.401519775390625 0.0524139404296875 -0.01031494140625
-0.310394287109375 -0.2415771484375 0.0212955474853515 -0.00316810607910158
-0.41412353515625 0.0125427246093751 -0.0406303405761719 0.0212135314941406
-0.242630004882813 0.235305786132812 -0.0128898620605469 0.0298824310302735
-0.02801513671875 0.31219482421875 -0.0304489135742188 0.0435104370117188
0.182479858398438 0.206314086914063 0.019317626953125 0.0379447937011719
0.25750732421875 0.0980682373046875 0.0447731018066406 0.0255470275878906
0.24896240234375 0.1280517578125 0.0199260711669922 0.0190277099609375
0.278732299804688 0.0995635986328125 0.0255069732666016 0.0212955474853516
0.20361328125 0.185470581054688 -0.003068208694458 -0.00337743759155272
0.064910888671875 0.2982177734375 -0.0270233154296875 -0.0364570617675781
-0.164764404296875 0.2979736328125 0.0535430908203125 -0.0541954040527344
-0.3994140625 0.0469970703125 0.138908386230469 -0.02886962890625
-0.365509033203125 -0.171844482421875 0.158248901367187 0.098114013671875
-0.2596435546875 -0.384490966796875 0.10540771484375 0.204544067382812
-0.250091552734375 -0.394744873046875 -0.01690673828125 -0.138160705566406
-0.328948974609375 -0.2344970703125 -0.051422119140625 -0.0538673400878906
-0.421356201171875 0.0216979980468749 -0.0470352172851563 0.0164718627929688
-0.243576049804687 0.2420654296875 -0.00560998916625978 -0.00784254074096678
-0.03656005859375 0.313690185546875 -0.0472602844238281 -0.0192070007324218
0.172286987304688 0.216873168945313 -0.0402183532714844 -0.0242652893066406
0.246688842773438 0.111404418945313 -0.052642822265625 -0.00725173950195312
0.24072265625 0.137115478515625 -0.076507568359375 -0.00121307373046875
0.270294189453125 0.111114501953125 -0.071380615234375 -0.00237274169921875
0.191192626953125 0.1866455078125 -0.0776443481445312 -0.048431396484375
0.059234619140625 0.29180908203125 -0.0693817138671875 -0.081329345703125
-0.158111572265625 0.287689208984375 0.0305328369140625 -0.0921783447265625
-0.388824462890625 0.04766845703125 0.111640930175781 -0.0465164184570313
-0.35791015625 -0.162689208984375 0.0775604248046875 0.0665740966796875
-0.2696533203125 -0.38067626953125 0.0283660888671875 0.0799407958984375
-0.2318115234375 -0.325042724609375 -0.0894927978515625 -0.261566162109375
-0.292236328125 -0.18267822265625 -0.126258850097656 -0.107307434082031
-0.349639892578125 0.029083251953125 -0.0557785034179688 0.00455474853515626
-0.194412231445312 0.2021484375 -0.00653839111328126 -0.044036865234375
-0.0341339111328125 0.256591796875 -0.0589752197265625 -0.0747909545898437
0.135589599609375 0.186599731445313 -0.0941390991210937 -0.0817031860351562
0.198211669921875 0.104583740234375 -0.141769409179688 -0.0383758544921875
0.195281982421875 0.12457275390625 -0.162185668945313 -0.0211944580078125
0.2191162109375 0.107650756835938 -0.15771484375 -0.027069091796875
0.144729614257813 0.162063598632813 -0.138191223144531 -0.0876007080078125
0.0334930419921875 0.238418579101563 -0.0962371826171875 -0.117393493652344
-0.138412475585937 0.22015380859375 0.0120925903320312 -0.117401123046875
-0.3126220703125 0.020660400390625 0.0812225341796875 -0.0514068603515625
-0.283203125 -0.1395263671875 -0.00194931030273439 0.03631591796875
-0.227691650390625 -0.319915771484375 -0.04547119140625 -0.0369071960449219
-0.176773071289063 -0.203750610351563 -0.1558837890625 -0.359161376953125
-0.205825805664063 -0.10009765625 -0.191436767578125 -0.152786254882812
-0.214447021484375 0.0299530029296875 -0.0672836303710938 -0.00802993774414061
-0.11065673828125 0.126602172851562 -0.015411376953125 -0.0654296875
-0.0250091552734375 0.154830932617187 -0.0645065307617188 -0.109481811523437
0.077362060546875 0.124320983886719 -0.131996154785156 -0.119338989257813
0.1187744140625 0.0795211791992188 -0.208419799804688 -0.061737060546875
0.119773864746094 0.0926055908203125 -0.223190307617187 -0.0381622314453125
0.13427734375 0.0895843505859375 -0.219757080078125 -0.0496978759765625
0.0749282836914063 0.116180419921875 -0.1739501953125 -0.119125366210937
-0.0010986328125 0.151535034179688 -0.099517822265625 -0.1416015625
-0.102836608886719 0.119056701660156 0.00520324707031249 -0.1278076171875
-0.193084716796875 -0.0135345458984375 0.0571708679199219 -0.0468711853027344
-0.166305541992187 -0.0980987548828125 -0.0605278015136719 0.00820541381835937
-0.1546630859375 -0.213943481445312 -0.101264953613281 -0.130416870117188
-0.0906448364257812 -0.0521697998046875 -0.20684814453125 -0.413299560546875
-0.0878829956054688 -0.00542449951171874 -0.241043090820312 -0.179855346679688
-0.0520057678222656 0.0247383117675781 -0.0827484130859375 -0.0150527954101563
-0.0154361724853516 0.0336341857910156 -0.0302314758300781 -0.0658454895019531
-0.0140933990478516 0.0327320098876953 -0.061553955078125 -0.117706298828125
0.00748825073242188 0.0451202392578125 -0.14752197265625 -0.132171630859375
0.0211219787597656 0.0431022644042969 -0.241165161132813 -0.0728302001953124
0.0263481140136719 0.0465240478515625 -0.251312255859375 -0.0494537353515625
0.0316429138183594 0.0576438903808594 -0.249664306640625 -0.0675201416015624
0.000762939453124998 0.0533447265625 -0.181640625 -0.138198852539062
-0.0277519226074219 0.0483970642089844 -0.08349609375 -0.151657104492188
-0.0483512878417969 0.0154495239257813 0.00757598876953125 -0.126007080078125
-0.0548591613769531 -0.0306320190429688 0.0403861999511719 -0.0374984741210938
-0.0393829345703125 -0.0361862182617188 -0.0920257568359375 -0.0164794921875
-0.0638351440429688 -0.0749359130859375 -0.130111694335938 -0.189208984375
-0.0236053466796875 -0.102714538574219 0.169845581054687 0.197540283203125
-0.0667724609375 -0.0552597045898438 0.127761840820313 0.0457305908203125
-0.0913772583007813 0.0219879150390625 -0.040740966796875 0.0162773132324219
-0.0396156311035156 0.0701637268066406 -0.0329360961914063 0.105316162109375
0.0343399047851563 0.0703811645507813 0.03460693359375 0.153839111328125
0.0676841735839844 0.0121955871582031 0.15008544921875 0.143280029296875
0.072784423828125 -0.0154342651367188 0.243743896484375 0.0660247802734375
0.06781005859375 0.00218963623046875 0.23870849609375 0.048614501953125
0.0708694458007813 -0.0102462768554688 0.233535766601563 0.07086181640625
0.0635452270507813 0.0347366333007813 0.158050537109375 0.119186401367188
0.02044677734375 0.0736846923828125 0.0690231323242188 0.0951919555664063
-0.0550689697265625 0.0746307373046875 0.0627403259277344 0.0590019226074219
-0.0898666381835938 -0.0112762451171875 0.125480651855469 0.0430831909179688
-0.06231689453125 -0.0597686767578125 0.244766235351563 0.157424926757813
-0.00893402099609375 -0.0814971923828125 0.200225830078125 0.434722900390625
-0.11279296875 -0.234176635742187 0.151214599609375 0.168716430664062
-0.165725708007812 -0.13507080078125 0.116401672363281 0.048095703125
-0.223236083984375 0.0182952880859375 -0.0365715026855469 0.018463134765625
-0.121047973632813 0.139205932617188 -0.0301132202148438 0.0850448608398438
0.01800537109375 0.172134399414063 0.0101776123046875 0.1337890625
0.125747680664063 0.0880203247070313 0.118850708007813 0.127456665039062
0.161407470703125 0.0256500244140625 0.20428466796875 0.0637969970703125
0.155685424804687 0.0527191162109375 0.191665649414063 0.0449371337890625
0.167633056640625 0.0336761474609375 0.19073486328125 0.0595855712890625
0.127639770507812 0.103981018066406 0.124488830566406 0.0875930786132812
0.035003662109375 0.175064086914063 0.0476875305175781 0.0592117309570313
-0.114898681640625 0.170745849609375 0.0720672607421875 0.028411865234375
-0.230072021484375 0.000625610351562473 0.145233154296875 0.022491455078125
-0.191513061523437 -0.12347412109375 0.247543334960938 0.149185180664063
-0.11370849609375 -0.222793579101562 0.19927978515625 0.39599609375
-0.1866455078125 -0.33917236328125 0.111106872558594 0.0964813232421875
-0.251327514648437 -0.20196533203125 0.0811996459960937 0.0315170288085937
-0.337188720703125 0.0150146484375 -0.034292221069336 0.0225296020507813
-0.193161010742188 0.197738647460937 -0.0210533142089844 0.0611000061035156
-0.00408935546875 0.257522583007813 -0.0104141235351562 0.0968017578125
0.165176391601563 0.155838012695313 0.0740585327148438 0.091400146484375
0.2252197265625 0.064239501953125 0.135292053222656 0.0490951538085938
0.220596313476563 0.096221923828125 0.1156005859375 0.034698486328125
0.241241455078125 0.06939697265625 0.118293762207031 0.0418319702148438
0.178695678710938 0.154556274414063 0.0692176818847656 0.0443611145019531
0.05535888671875 0.253707885742188 0.0149917602539063 0.0140619277954102
-0.14947509765625 0.254119873046875 0.0694580078125 -0.0118141174316406
-0.341033935546875 0.028167724609375 0.149810791015625 -0.00457763671875
-0.302490234375 -0.15899658203125 0.218612670898438 0.126220703125
-0.207672119140625 -0.328216552734375 0.16650390625 0.313262939453125
-0.23651123046875 -0.396148681640625 0.0537605285644531 -0.0107269287109375
-0.312591552734375 -0.238037109375 0.0231609344482422 -0.00418472290039064
-0.412445068359375 0.02056884765625 -0.0368080139160157 0.0244331359863281
-0.2381591796875 0.239044189453125 -0.01104736328125 0.0298385620117188
-0.021453857421875 0.3109130859375 -0.0295562744140625 0.0443267822265625
0.183029174804688 0.201461791992188 0.0190467834472656 0.0376319885253906
0.255828857421875 0.0936126708984375 0.0457763671875 0.0235710144042969
0.251434326171875 0.124282836914063 0.0215320587158203 0.0188503265380859
0.278030395507813 0.09405517578125 0.0264072418212891 0.0212650299072266
0.203842163085938 0.181320190429688 -0.00263929367065428 -0.00276017189025878
0.0687255859375 0.295318603515625 -0.0274982452392578 -0.03436279296875
-0.160247802734375 0.300628662109375 0.0540313720703125 -0.054656982421875
-0.39935302734375 0.05322265625 0.136123657226562 -0.0306625366210937
-0.365936279296875 -0.168212890625 0.158523559570312 0.096282958984375
-0.26605224609375 -0.3817138671875 0.105621337890625 0.201980590820312
-0.25531005859375 -0.3902587890625 -0.016448974609375 -0.1370849609375
-0.332550048828125 -0.23114013671875 -0.050201416015625 -0.0540313720703125
-0.42071533203125 0.02996826171875 -0.0434722900390625 0.01934814453125
-0.239456176757812 0.244247436523437 -0.00480175018310548 -0.00772094726562499
-0.030242919921875 0.313446044921875 -0.0455093383789063 -0.0174522399902344
0.173110961914063 0.213150024414063 -0.0413703918457031 -0.0248947143554687
0.246063232421875 0.1072998046875 -0.05255126953125 -0.00739669799804686
0.24365234375 0.133010864257813 -0.0762405395507812 0.000724792480468774
0.269515991210937 0.10540771484375 -0.0707626342773438 -0.000480651855468743
0.192642211914062 0.182113647460937 -0.0777511596679688 -0.0460586547851562
0.063385009765625 0.289031982421875 -0.0697784423828125 -0.0781631469726562
-0.153717041015625 0.290435791015625 0.029998779296875 -0.0916748046875
-0.38958740234375 0.053863525390625 0.108207702636719 -0.0477523803710938
-0.3587646484375 -0.159881591796875 0.0775299072265625 0.0665130615234375
-0.27484130859375 -0.378082275390625 0.0273895263671875 0.0798416137695312
-0.236053466796875 -0.321258544921875 -0.09051513671875 -0.259063720703125
-0.295806884765625 -0.18035888671875 -0.126411437988281 -0.1063232421875
-0.35003662109375 0.03558349609375 -0.0527458190917969 0.00701522827148438
-0.191543579101562 0.20501708984375 -0.00629425048828126 -0.0427818298339844
-0.0292510986328125 0.257431030273438 -0.0586624145507812 -0.0727462768554688
0.137161254882813 0.183822631835938 -0.0957717895507812 -0.0811004638671875
0.197860717773438 0.100555419921875 -0.142929077148437 -0.036865234375
0.197998046875 0.121902465820313 -0.162200927734375 -0.0174560546875
0.219802856445313 0.103240966796875 -0.157989501953125 -0.0233001708984375
0.145477294921875 0.158859252929688 -0.139511108398438 -0.0847244262695312
0.0370025634765625 0.236038208007813 -0.0968017578125 -0.114189147949219
-0.134536743164062 0.222671508789063 0.0111541748046875 -0.115982055664063
-0.31402587890625 0.025848388671875 0.0784149169921875 -0.0522308349609375
-0.284637451171875 -0.1370849609375 -0.00134658813476564 0.0375404357910156
-0.234039306640625 -0.31781005859375 -0.0470733642578125 -0.0348968505859375
-0.179916381835938 -0.201766967773438 -0.158111572265625 -0.354644775390625
-0.206924438476563 -0.0982818603515625 -0.192337036132813 -0.150192260742188
-0.21435546875 0.0331573486328125 -0.0650138854980469 -0.00655364990234375
-0.108940124511719 0.12713623046875 -0.0151138305664063 -0.0643157958984375
-0.021942138671875 0.155868530273438 -0.0639419555664062 -0.107147216796875
0.079071044921875 0.123405456542969 -0.133827209472656 -0.119529724121094
0.119216918945313 0.0774383544921875 -0.2100830078125 -0.058807373046875
0.121940612792969 0.091400146484375 -0.224594116210938 -0.0332336425781249
0.135955810546875 0.0871963500976563 -0.220840454101562 -0.044158935546875
0.0768508911132813 0.114616394042969 -0.176162719726563 -0.115890502929688
0.00186157226562501 0.150314331054688 -0.100509643554687 -0.138702392578125
-0.100128173828125 0.121559143066406 0.00373840332031249 -0.126602172851563
-0.194686889648438 -0.00976562499999997 0.0548591613769531 -0.0472030639648437
-0.167648315429688 -0.096435546875 -0.060211181640625 0.0104904174804687
-0.158279418945313 -0.212387084960937 -0.102432250976563 -0.127243041992188
-0.0916213989257813 -0.05206298828125 -0.210479736328125 -0.40777587890625
-0.0872573852539063 -0.00484466552734373 -0.242462158203125 -0.176742553710937
-0.0529251098632813 0.0249595642089844 -0.0815582275390625 -0.0148544311523437
-0.0151195526123047 0.0332298278808594 -0.0302085876464844 -0.0644912719726563
-0.0134067535400391 0.0336875915527344 -0.0611495971679688 -0.115447998046875
0.00902938842773438 0.0458450317382813 -0.149490356445313 -0.131622314453125
0.0218467712402344 0.0427627563476563 -0.243682861328125 -0.069549560546875
0.0273971557617187 0.0464248657226563 -0.252471923828125 -0.044189453125
0.0331344604492188 0.056884765625 -0.250442504882813 -0.0621795654296874
0.00152587890625 0.0533638000488281 -0.183502197265625 -0.134841918945313
-0.0262374877929687 0.0485038757324219 -0.0838470458984375 -0.14898681640625
-0.0471115112304688 0.0170326232910156 0.00580596923828124 -0.124557495117188
-0.0567169189453125 -0.0283584594726563 0.0389976501464844 -0.0376358032226563
-0.0411796569824219 -0.0360488891601563 -0.09136962890625 -0.0138168334960937
-0.0663299560546875 -0.0747833251953125 -0.131439208984375 -0.185470581054688
-0.0236434936523437 -0.103462219238281 0.173110961914062 0.201461791992188
-0.0676841735839844 -0.0555343627929688 0.131980895996094 0.0457839965820313
-0.09259033203125 0.0230255126953125 -0.0398521423339844 0.0177955627441406
-0.0403823852539063 0.07098388671875 -0.03350830078125 0.106193542480469
0.0349769592285156 0.0699691772460938 0.0339508056640625 0.156082153320313
0.06695556640625 0.0118637084960938 0.153411865234375 0.147293090820313
0.0727767944335938 -0.0157318115234375 0.249923706054688 0.0664825439453125
0.0684738159179688 0.00247573852539062 0.245956420898437 0.04766845703125
0.0705108642578125 -0.010467529296875 0.240127563476563 0.0706329345703125
0.0640335083007813 0.0345573425292969 0.162750244140625 0.122283935546875
0.020294189453125 0.0746307373046875 0.0695571899414063 0.0982131958007813
-0.0559539794921875 0.0765228271484375 0.0643539428710938 0.0587043762207031
-0.0912628173828125 -0.0120925903320313 0.127601623535156 0.0426254272460937
-0.0630569458007813 -0.060211181640625 0.247909545898438 0.159286499023437
-0.00930786132812499 -0.0821075439453125 0.201812744140625 0.441680908203125
-0.114715576171875 -0.23699951171875 0.154632568359375 0.171707153320312
-0.1685791015625 -0.13714599609375 0.120719909667969 0.0476837158203125
-0.22601318359375 0.020050048828125 -0.0343685150146484 0.0203895568847656
-0.122055053710938 0.14215087890625 -0.0300064086914063 0.0861358642578125
0.0185089111328125 0.17431640625 0.00971984863281251 0.136161804199219
0.126075744628906 0.0881576538085938 0.12060546875 0.131477355957031
0.162368774414063 0.0249786376953125 0.209747314453125 0.063812255859375
0.159317016601563 0.053985595703125 0.198196411132813 0.044830322265625
0.1690673828125 0.033660888671875 0.196304321289063 0.0595550537109375
0.129676818847656 0.104995727539062 0.129066467285156 0.0901870727539063
0.0356903076171875 0.177703857421875 0.0477256774902344 0.061737060546875
-0.116744995117188 0.175216674804688 0.0737075805664062 0.0279617309570313
-0.235244750976563 0.000396728515625007 0.14678955078125 0.0219879150390625
-0.194564819335938 -0.126022338867188 0.251007080078125 0.150665283203125
-0.116943359375 -0.227279663085937 0.20001220703125 0.4013671875
-0.19061279296875 -0.343505859375 0.114288330078125 0.098480224609375
-0.25628662109375 -0.20587158203125 0.0848236083984375 0.0308837890625
-0.342926025390625 0.01739501953125 -0.0312614440917969 0.0258255004882813
-0.196334838867188 0.20166015625 -0.0209884643554688 0.0616798400878906
-0.00335693359375002 0.261810302734375 -0.0106964111328125 0.0987930297851563
0.166168212890625 0.15673828125 0.074981689453125 0.0941925048828125
0.227828979492187 0.06439208984375 0.139045715332031 0.0488510131835938
0.225982666015625 0.097625732421875 0.119674682617188 0.0350494384765625
0.244003295898438 0.069305419921875 0.122116088867188 0.0422744750976563
0.181320190429688 0.156295776367188 0.0717544555664063 0.0456924438476563
0.05633544921875 0.257980346679688 0.0148334503173828 0.0156726837158203
-0.15216064453125 0.260406494140625 0.0720901489257812 -0.01239013671875
-0.349395751953125 0.0297241210937501 0.151123046875 -0.00469970703125
-0.30743408203125 -0.16241455078125 0.222061157226562 0.128463745117188
-0.2130126953125 -0.33538818359375 0.167083740234375 0.318817138671875
-0.241455078125 -0.401885986328125 0.0555953979492187 -0.0102157592773438
-0.3203125 -0.243743896484375 0.0252418518066406 -0.00587081909179689
-0.420562744140625 0.022918701171875 -0.0335979461669922 0.0274448394775391
-0.241806030273438 0.2440185546875 -0.0103378295898438 0.0307254791259766
-0.0206298828125 0.31658935546875 -0.0292129516601562 0.0457077026367188
0.183990478515625 0.203887939453125 0.0187339782714844 0.0382308959960938
0.258743286132812 0.094451904296875 0.0471000671386719 0.0227890014648438
0.258438110351563 0.125991821289063 0.023101806640625 0.0200462341308594
0.281829833984375 0.09356689453125 0.0282726287841797 0.0220584869384766
0.20684814453125 0.183609008789063 -0.00186622142791747 -0.00139617919921874
0.069976806640625 0.300201416015625 -0.0283088684082031 -0.0335426330566406
-0.162109375 0.308135986328125 0.0562553405761719 -0.0556793212890625
-0.409912109375 0.0563964843749999 0.136680603027344 -0.0309829711914062
-0.37353515625 -0.173187255859375 0.160903930664062 0.098785400390625
-0.273895263671875 -0.390472412109375 0.104751586914062 0.206405639648437
-0.260589599609375 -0.3975830078125 -0.0156936645507813 -0.139007568359375
-0.340240478515625 -0.2374267578125 -0.0504074096679688 -0.0560722351074219
-0.429962158203125 0.0328369140625001 -0.0407218933105469 0.0213432312011719
-0.243057250976562 0.25018310546875 -0.00383281707763673 -0.00704669952392577
-0.02899169921875 0.319671630859375 -0.0452003479003906 -0.0167961120605469
0.17572021484375 0.216140747070313 -0.0430183410644531 -0.0258979797363281
0.2498779296875 0.108047485351563 -0.0538101196289062 -0.0079193115234375
0.250717163085938 0.135574340820313 -0.076995849609375 0.00151062011718749
0.275039672851563 0.105422973632812 -0.0718536376953125 0.000503540039062517
0.19561767578125 0.18475341796875 -0.079376220703125 -0.0462875366210938
0.06536865234375 0.293548583984375 -0.0703887939453125 -0.07806396484375
-0.154815673828125 0.297943115234375 0.0323333740234375 -0.0932769775390625
-0.399932861328125 0.0571899414062499 0.108619689941406 -0.0476455688476563
-0.366485595703125 -0.1640625 0.0788497924804687 0.06878662109375
-0.283050537109375 -0.38714599609375 0.0266342163085937 0.0823287963867187
-0.241424560546875 -0.328216552734375 -0.0911865234375 -0.262969970703125
-0.30230712890625 -0.18499755859375 -0.128570556640625 -0.109153747558594
-0.357208251953125 0.0380859375 -0.0510787963867188 0.00799179077148438
-0.194854736328125 0.2093505859375 -0.00533294677734376 -0.0428199768066406
-0.02850341796875 0.263229370117187 -0.0576858520507812 -0.0735015869140625
0.139755249023438 0.186935424804688 -0.0986175537109375 -0.0848846435546875
0.200897216796875 0.102310180664062 -0.146865844726563 -0.0376739501953125
0.203689575195313 0.124404907226562 -0.165863037109375 -0.0159454345703125
0.223617553710938 0.104461669921875 -0.16119384765625 -0.0217437744140625
0.14801025390625 0.161102294921875 -0.143035888671875 -0.0853424072265625
0.038238525390625 0.240005493164063 -0.0975875854492188 -0.114776611328125
-0.13580322265625 0.2281494140625 0.0121536254882812 -0.117698669433594
-0.322967529296875 0.02899169921875 0.0779037475585937 -0.0523147583007812
-0.29034423828125 -0.14166259765625 -0.00169372558593751 0.0398178100585938
-0.24139404296875 -0.325958251953125 -0.0484580993652344 -0.0349998474121094
-0.18310546875 -0.206695556640625 -0.160186767578125 -0.360748291015625
-0.212295532226563 -0.101669311523437 -0.196548461914063 -0.153549194335937
-0.219635009765625 0.0346527099609375 -0.0647430419921875 -0.00734710693359374
-0.111320495605469 0.129768371582031 -0.0146217346191406 -0.0649833679199218
-0.0211181640625 0.160110473632813 -0.0631790161132813 -0.10888671875
0.08087158203125 0.126304626464844 -0.137115478515625 -0.1234130859375
0.121788024902344 0.07861328125 -0.21612548828125 -0.059112548828125
0.126167297363281 0.0932159423828125 -0.230133056640625 -0.0319366455078125
0.139511108398438 0.0882186889648438 -0.226089477539063 -0.0427093505859375
0.0780792236328125 0.116233825683594 -0.180252075195312 -0.116683959960938
0.00181579589843749 0.15264892578125 -0.101699829101563 -0.140609741210938
-0.101112365722656 0.125045776367188 0.00455474853515624 -0.128196716308594
-0.20074462890625 -0.00740051269531248 0.0547332763671875 -0.0469970703125
-0.172134399414062 -0.100448608398437 -0.0608978271484375 0.0129165649414063
-0.163803100585938 -0.217864990234375 -0.10443115234375 -0.128166198730469
-0.0934677124023438 -0.0546493530273437 -0.212615966796875 -0.4136962890625
-0.0893630981445312 -0.0061798095703125 -0.24822998046875 -0.1798095703125
-0.0548019409179687 0.0252113342285156 -0.0828018188476563 -0.0163650512695312
-0.0159854888916016 0.0335502624511719 -0.0301780700683594 -0.0650711059570313
-0.0134201049804687 0.0358619689941406 -0.0599746704101563 -0.117683410644531
0.010162353515625 0.0476455688476563 -0.152984619140625 -0.137176513671875
0.0229721069335938 0.0438957214355469 -0.250442504882813 -0.0696563720703125
0.0288467407226563 0.0478515625 -0.259811401367188 -0.0430450439453125
0.035308837890625 0.0579109191894531 -0.25677490234375 -0.0606689453125
0.00195693969726563 0.0543327331542969 -0.188461303710938 -0.137130737304687
-0.0261955261230469 0.0496253967285156 -0.0848541259765625 -0.1517333984375
-0.0478134155273438 0.0183296203613281 0.00534820556640626 -0.125717163085938
-0.0591888427734375 -0.027313232421875 0.0389862060546875 -0.0369873046875
-0.0427131652832031 -0.0373382568359375 -0.092742919921875 -0.011962890625
-0.069183349609375 -0.0768280029296875 -0.133529663085937 -0.187759399414063
-0.0252609252929687 -0.106704711914063 0.183151245117188 0.208877563476562
-0.071044921875 -0.0567779541015625 0.13983154296875 0.0450668334960937
-0.0951690673828125 0.0250396728515625 -0.0395927429199219 0.0201148986816406
-0.0411148071289063 0.074951171875 -0.0336380004882813 0.110130310058594
0.0365066528320312 0.0717391967773438 0.0354156494140625 0.16302490234375
0.06829833984375 0.0111846923828125 0.162429809570313 0.153594970703125
0.0743942260742187 -0.0172042846679687 0.262969970703125 0.06561279296875
0.0712432861328125 0.0012359619140625 0.259521484375 0.0465545654296875
0.0717926025390625 -0.0116424560546875 0.253524780273437 0.06976318359375
0.0665817260742188 0.0345191955566406 0.173171997070313 0.126052856445313
0.0222625732421875 0.07745361328125 0.0726394653320313 0.103042602539063
-0.05682373046875 0.0812759399414063 0.0677833557128906 0.0597152709960938
-0.0957870483398438 -0.0123214721679688 0.133346557617188 0.0414657592773438
-0.0655517578125 -0.0610885620117188 0.258636474609375 0.162277221679688
-0.0112075805664062 -0.0854721069335938 0.212554931640625 0.4569091796875
-0.121490478515625 -0.245376586914063 0.163787841796875 0.177764892578125
-0.177581787109375 -0.141159057617188 0.128616333007812 0.047119140625
-0.235000610351563 0.02447509765625 -0.0324630737304688 0.0234127044677734
-0.125839233398438 0.149185180664062 -0.0299301147460938 0.0896759033203125
0.021636962890625 0.180526733398437 0.0104217529296875 0.142959594726563
0.130706787109375 0.0897445678710938 0.127639770507813 0.137771606445313
0.168319702148438 0.0246124267578125 0.221054077148438 0.0624542236328125
0.16790771484375 0.0547027587890625 0.209457397460938 0.0437469482421875
0.175735473632813 0.033050537109375 0.208145141601563 0.0596466064453125
0.135025024414063 0.107551574707031 0.137199401855469 0.0932235717773438
0.038604736328125 0.184921264648438 0.0504493713378906 0.0661773681640625
-0.119415283203125 0.185455322265625 0.0784530639648437 0.0274581909179688
-0.246749877929687 0.00354003906250002 0.152359008789063 0.021026611328125
-0.203567504882812 -0.129791259765625 0.26177978515625 0.154861450195313
-0.125686645507812 -0.2364501953125 0.20904541015625 0.417144775390625
-0.200927734375 -0.356353759765625 0.121826171875 0.101692199707031
-0.270797729492188 -0.212356567382813 0.0907821655273437 0.02978515625
-0.357635498046875 0.0228576660156251 -0.0286922454833985 0.028961181640625
-0.202117919921875 0.212982177734375 -0.0203170776367188 0.0641517639160157
0.000579833984375023 0.272262573242188 -0.01043701171875 0.104049682617188
0.173248291015625 0.161575317382813 0.0794296264648438 0.098175048828125
0.236587524414063 0.064422607421875 0.146697998046875 0.047882080078125
0.239151000976563 0.100189208984375 0.127403259277344 0.0349807739257813
0.254730224609375 0.0692901611328125 0.130363464355469 0.0426101684570313
0.189910888671875 0.161148071289063 0.0768661499023438 0.0477676391601563
0.061065673828125 0.268798828125 0.0154170989990234 0.0185527801513672
-0.155776977539062 0.274978637695313 0.076568603515625 -0.0143585205078125
-0.3665771484375 0.035552978515625 0.156082153320312 -0.0065765380859375
-0.322784423828125 -0.168182373046875 0.231338500976562 0.131622314453125
-0.227935791015625 -0.349151611328125 0.1746826171875 0.3314208984375
-0.2552490234375 -0.41705322265625 0.0597419738769531 -0.0112342834472657
-0.338226318359375 -0.252044677734375 0.0276966094970703 -0.00756835937500002
-0.4393310546875 0.0310058593750001 -0.0311946868896485 0.0309600830078125
-0.249130249023437 0.257293701171875 -0.00897407531738283 0.0323219299316406
-0.0164794921875 0.331298828125 -0.0287513732910156 0.0484428405761719
0.193252563476562 0.209503173828125 0.0191001892089844 0.0401649475097656
0.269943237304688 0.0952606201171875 0.0498886108398438 0.0216522216796875
0.27374267578125 0.129135131835938 0.0254077911376953 0.0209140777587891
0.29522705078125 0.094329833984375 0.0314464569091797 0.0230579376220703
0.217391967773438 0.189315795898438 -0.00102549791336058 -0.000834703445434559
0.07659912109375 0.312164306640625 -0.02923583984375 -0.0319328308105469
-0.16571044921875 0.325103759765625 0.0602226257324219 -0.0592117309570312
-0.42987060546875 0.065460205078125 0.140853881835937 -0.0324554443359375
-0.39111328125 -0.178314208984375 0.168167114257812 0.10198974609375
-0.292724609375 -0.406097412109375 0.109664916992187 0.215469360351562
-0.276336669921875 -0.41314697265625 -0.01654052734375 -0.144439697265625
-0.360809326171875 -0.24517822265625 -0.0524864196777344 -0.0590057373046875
-0.44976806640625 0.04095458984375 -0.0390129089355469 0.0238418579101563
-0.251785278320313 0.264297485351562 -0.00339174270629884 -0.00704574584960936
-0.025115966796875 0.335845947265625 -0.0462188720703125 -0.0164260864257812
0.185302734375 0.223922729492188 -0.0458793640136719 -0.0274276733398437
0.260787963867188 0.109298706054688 -0.0562973022460937 -0.0092010498046875
0.266571044921875 0.13995361328125 -0.0804367065429687 0.00406646728515625
0.28826904296875 0.10693359375 -0.0740280151367187 0.00267028808593752
0.2056884765625 0.190353393554688 -0.082611083984375 -0.0465927124023437
0.07159423828125 0.30548095703125 -0.07415771484375 -0.0788650512695313
-0.1588134765625 0.314361572265625 0.034393310546875 -0.0977783203125
-0.4193115234375 0.0668029785156251 0.1114501953125 -0.049957275390625
-0.38458251953125 -0.1693115234375 0.0826492309570312 0.0720977783203125
-0.302825927734375 -0.4019775390625 0.0275039672851562 0.0866470336914062
-0.2547607421875 -0.342010498046875 -0.095794677734375 -0.27294921875
-0.320098876953125 -0.19171142578125 -0.135429382324219 -0.113334655761719
-0.37493896484375 0.044952392578125 -0.0508651733398438 0.00965499877929687
-0.201675415039063 0.221420288085938 -0.00517654418945313 -0.0441513061523437
-0.025115966796875 0.276702880859375 -0.0593338012695313 -0.07537841796875
0.147445678710938 0.193771362304688 -0.105491638183594 -0.0888595581054687
0.211196899414063 0.104660034179688 -0.154388427734375 -0.038604736328125
0.217742919921875 0.128250122070313 -0.174331665039062 -0.01361083984375
0.235748291015625 0.105804443359375 -0.168716430664062 -0.0189971923828125
0.155410766601563 0.166793823242188 -0.150741577148438 -0.0868682861328125
0.04296875 0.250091552734375 -0.102592468261719 -0.117599487304687
-0.138778686523438 0.240982055664062 0.0130538940429687 -0.122940063476562
-0.339630126953125 0.035980224609375 0.080108642578125 -0.0537643432617188
-0.3062744140625 -0.1466064453125 -0.00117874145507814 0.0435371398925781
-0.25738525390625 -0.33892822265625 -0.0512237548828125 -0.0343284606933594
-0.193862915039063 -0.21533203125 -0.16815185546875 -0.37457275390625
-0.223861694335938 -0.105880737304687 -0.207916259765625 -0.158798217773438
-0.231689453125 0.0387725830078125 -0.0662498474121094 -0.00727462768554688
-0.115486145019531 0.136878967285156 -0.0152664184570313 -0.0669479370117187
-0.0193328857421875 0.169036865234375 -0.0651702880859375 -0.113853454589844
0.0864410400390625 0.131729125976563 -0.146331787109375 -0.129791259765625
0.128120422363281 0.0811004638671875 -0.228469848632813 -0.05975341796875
0.134971618652344 0.0961227416992188 -0.241973876953125 -0.0289306640624999
0.147628784179688 0.0902557373046875 -0.23699951171875 -0.040008544921875
0.0825347900390625 0.121231079101563 -0.190322875976563 -0.11968994140625
0.00433349609375001 0.159378051757813 -0.106658935546875 -0.144821166992188
-0.103744506835938 0.132453918457031 0.003662109375 -0.132987976074219
-0.2113037109375 -0.00329589843749997 0.0554847717285156 -0.0485725402832031
-0.181991577148438 -0.103683471679688 -0.0631523132324219 0.0154685974121094
-0.17529296875 -0.226150512695313 -0.109115600585937 -0.132164001464844
-0.098480224609375 -0.0579299926757812 -0.22442626953125 -0.429443359375
-0.0933837890625 -0.00688171386718749 -0.261428833007813 -0.184524536132812
-0.0584754943847656 0.02618408203125 -0.086669921875 -0.0175018310546875
-0.0171260833740234 0.03460693359375 -0.0314445495605469 -0.0675163269042969
-0.0135002136230469 0.0391654968261719 -0.06207275390625 -0.122810363769531
0.0118331909179687 0.0504875183105469 -0.162826538085938 -0.14385986328125
0.0247802734375 0.0455665588378906 -0.265380859375 -0.069091796875
0.0319557189941406 0.0503768920898437 -0.273696899414063 -0.0396118164062501
0.0392494201660156 0.0598564147949219 -0.269790649414063 -0.057830810546875
0.00291061401367188 0.0571670532226563 -0.199691772460938 -0.140777587890625
-0.0265159606933594 0.0519638061523438 -0.08905029296875 -0.157470703125
-0.049285888671875 0.0201835632324219 0.00431823730468749 -0.130195617675781
-0.0636100769042969 -0.0264625549316406 0.0396156311035156 -0.03851318359375
-0.0463676452636719 -0.0394783020019531 -0.0963211059570312 -0.00995635986328126
-0.073974609375 -0.08038330078125 -0.1395263671875 -0.194122314453125
-0.0303497314453125 -0.110031127929688 0.200027465820313 0.2137451171875
-0.075164794921875 -0.05633544921875 0.150466918945313 0.040985107421875
-0.0975341796875 0.0297164916992187 -0.0380630493164063 0.0224227905273437
-0.0402297973632813 0.0797576904296875 -0.0306930541992188 0.116165161132813
0.0405044555664063 0.072601318359375 0.0420074462890625 0.170974731445313
0.070953369140625 0.0087127685546875 0.177764892578125 0.158096313476562
0.0765609741210938 -0.0204010009765625 0.281051635742188 0.057708740234375
0.0746078491210938 -0.00092315673828125 0.277511596679688 0.0369415283203125
0.0732803344726563 -0.0152359008789063 0.272125244140625 0.0624237060546875
0.0705184936523438 0.03302001953125 0.188827514648438 0.12738037109375
0.02618408203125 0.0805892944335938 0.0794601440429688 0.107109069824219
-0.0561370849609375 0.0877838134765625 0.0732345581054688 0.0588150024414063
-0.101516723632813 -0.01007080078125 0.140960693359375 0.0375213623046875
-0.0699043273925781 -0.0612602233886719 0.275634765625 0.160781860351563
-0.01531982421875 -0.0886306762695313 0.235382080078125 0.473663330078125
-0.136688232421875 -0.252655029296875 0.178985595703125 0.180953979492188
-0.19195556640625 -0.141998291015625 0.138511657714844 0.0429306030273437
-0.245193481445313 0.0347900390625 -0.029561996459961 0.02618408203125
-0.125885009765625 0.161117553710937 -0.0277938842773438 0.0942764282226563
0.0299224853515625 0.187667846679688 0.0158538818359375 0.150100708007813
0.138046264648438 0.088958740234375 0.139846801757813 0.142044067382813
0.176376342773438 0.02008056640625 0.236434936523437 0.05584716796875
0.17950439453125 0.0512237548828125 0.224609375 0.0363922119140625
0.1846923828125 0.028167724609375 0.224105834960938 0.053985595703125
0.145278930664063 0.107406616210938 0.1497802734375 0.0936431884765625
0.0472869873046875 0.193222045898438 0.0547218322753906 0.0693817138671875
-0.119033813476562 0.200424194335938 0.0840530395507812 0.0245285034179688
-0.2611083984375 0.0126495361328126 0.1597900390625 0.0157012939453125
-0.218521118164063 -0.129501342773438 0.278945922851563 0.15313720703125
-0.141937255859375 -0.244735717773437 0.23223876953125 0.431793212890625
-0.22393798828125 -0.366973876953125 0.132225036621094 0.102630615234375
-0.292144775390625 -0.214141845703125 0.0977935791015625 0.0258712768554687
-0.373626708984375 0.0386962890625 -0.0251789093017578 0.0317306518554688
-0.203903198242188 0.2310791015625 -0.0182762145996094 0.0681724548339844
0.011505126953125 0.2857666015625 -0.00716400146484376 0.110366821289063
0.186447143554688 0.16278076171875 0.087371826171875 0.102584838867188
0.250045776367188 0.059600830078125 0.157058715820313 0.0428314208984375
0.257919311523438 0.0959014892578125 0.137725830078125 0.0311431884765625
0.269699096679688 0.0639190673828125 0.141799926757813 0.039276123046875
0.204986572265625 0.16143798828125 0.08428955078125 0.0479888916015625
0.0735931396484375 0.280349731445313 0.01739501953125 0.0214996337890625
-0.154052734375 0.296356201171875 0.0815353393554687 -0.019683837890625
-0.38665771484375 0.051666259765625 0.162582397460937 -0.0123138427734375
-0.3450927734375 -0.16650390625 0.247085571289062 0.130966186523438
-0.254730224609375 -0.3585205078125 0.19293212890625 0.343414306640625
-0.2840576171875 -0.429443359375 0.0638465881347656 -0.0136871337890625
-0.36572265625 -0.253173828125 0.0305461883544922 -0.010772705078125
-0.460479736328125 0.0501403808593749 -0.0275630950927735 0.03411865234375
-0.252822875976562 0.279983520507813 -0.00730323791503908 0.0347747802734375
-0.00354003906249999 0.348175048828125 -0.0277976989746094 0.0528793334960938
0.20947265625 0.21282958984375 0.0214042663574219 0.0423011779785156
0.286224365234375 0.09014892578125 0.05364990234375 0.0195198059082031
0.296417236328125 0.1258544921875 0.0295639038085938 0.0213470458984375
0.31427001953125 0.0875244140625 0.0361404418945313 0.0232696533203125
0.23492431640625 0.19024658203125 -6.90966844558572E-05 -6.44326210021856E-05
0.09173583984375 0.325836181640625 -0.0311508178710937 -0.0305557250976562
-0.161712646484375 0.349945068359375 0.0627784729003906 -0.0652809143066406
-0.452789306640625 0.085418701171875 0.145477294921875 -0.0380859375
-0.418701171875 -0.1756591796875 0.179702758789063 0.102401733398437
-0.325592041015625 -0.418365478515625 0.121124267578125 0.223236083984375
-0.3055419921875 -0.424530029296875 -0.0207977294921875 -0.150650024414063
-0.3896484375 -0.245819091796875 -0.0566978454589844 -0.0609016418457031
-0.472686767578125 0.06231689453125 -0.036773681640625 0.0274581909179688
-0.25482177734375 0.287689208984375 -0.00234556198120119 -0.00656700134277342
-0.0123291015625 0.354736328125 -0.0480232238769531 -0.0147628784179687
0.20208740234375 0.228485107421875 -0.05035400390625 -0.0269317626953125
0.277725219726563 0.10540771484375 -0.0602149963378906 -0.00838088989257812
0.2896728515625 0.135986328125 -0.0833663940429687 0.00840759277343751
0.307891845703125 0.101165771484375 -0.0760955810546875 0.00653076171875002
0.222366333007813 0.192092895507812 -0.0889205932617188 -0.045013427734375
0.086669921875 0.3184814453125 -0.0796356201171875 -0.0784759521484375
-0.15496826171875 0.337982177734375 0.0347213745117187 -0.104743957519531
-0.44122314453125 0.088043212890625 0.114082336425781 -0.0547332763671875
-0.411376953125 -0.1658935546875 0.0894088745117187 0.0743179321289062
-0.3359375 -0.413482666015625 0.0315399169921875 0.0915908813476562
-0.279998779296875 -0.35137939453125 -0.109466552734375 -0.282379150390625
-0.345245361328125 -0.191650390625 -0.146591186523438 -0.1142578125
-0.39501953125 0.0620117187499999 -0.0508880615234375 0.0117416381835938
-0.205078125 0.24078369140625 -0.00564193725585938 -0.0453720092773437
-0.014678955078125 0.293792724609375 -0.063568115234375 -0.0777664184570312
0.162521362304688 0.199386596679688 -0.115493774414063 -0.0904693603515625
0.2254638671875 0.101791381835938 -0.165267944335938 -0.0342254638671875
0.237350463867188 0.126571655273438 -0.183578491210937 -0.00561523437499996
0.253402709960937 0.102249145507812 -0.176971435546875 -0.01141357421875
0.169769287109375 0.169448852539063 -0.161727905273438 -0.084991455078125
0.0542144775390625 0.26104736328125 -0.110481262207031 -0.1185302734375
-0.136734008789062 0.259933471679687 0.0109786987304687 -0.129508972167969
-0.357177734375 0.053375244140625 0.0810089111328125 -0.0576324462890625
-0.328369140625 -0.14410400390625 0.00148773193359373 0.047454833984375
-0.2860107421875 -0.348419189453125 -0.0541000366210938 -0.0332450866699219
-0.211318969726562 -0.222000122070313 -0.188812255859375 -0.38702392578125
-0.240325927734375 -0.1046142578125 -0.2247314453125 -0.159255981445312
-0.244415283203125 0.0500030517578125 -0.0696449279785156 -0.00543975830078125
-0.11749267578125 0.14825439453125 -0.0185737609863281 -0.0688591003417969
-0.0133056640625 0.180419921875 -0.0704193115234375 -0.117530822753906
0.0964202880859375 0.1361083984375 -0.16033935546875 -0.132965087890625
0.137603759765625 0.0806350708007812 -0.24420166015625 -0.0537872314453125
0.148361206054687 0.0960540771484375 -0.256881713867188 -0.01837158203125
0.160720825195313 0.089202880859375 -0.25115966796875 -0.030059814453125
0.0910720825195313 0.12451171875 -0.20562744140625 -0.118240356445312
0.01092529296875 0.166961669921875 -0.116119384765625 -0.147323608398438
-0.103500366210938 0.14404296875 0.000106811523437502 -0.139976501464844
-0.224349975585937 0.00653076171875002 0.0555686950683594 -0.051055908203125
-0.196197509765625 -0.103836059570313 -0.0646209716796875 0.0206222534179687
-0.193527221679688 -0.232620239257813 -0.118362426757813 -0.1341552734375
-0.105262756347656 -0.0591049194335937 -0.248687744140625 -0.443267822265625
-0.0982666015625 -0.00505065917968749 -0.2822265625 -0.185089111328125
-0.0629425048828125 0.0295372009277344 -0.0922317504882813 -0.0158157348632813
-0.0180282592773438 0.0367355346679687 -0.0351219177246094 -0.0686073303222656
-0.0122947692871094 0.0433387756347656 -0.0683441162109375 -0.128311157226563
0.0154762268066406 0.0533370971679688 -0.177841186523437 -0.147903442382813
0.0286331176757812 0.0472831726074219 -0.28375244140625 -0.0610351562500001
0.0368843078613281 0.051605224609375 -0.291595458984375 -0.028594970703125
0.045166015625 0.0619087219238281 -0.286834716796875 -0.048248291015625
0.00570297241210938 0.0606803894042969 -0.216629028320313 -0.1397705078125
-0.0251350402832031 0.0557098388671875 -0.09832763671875 -0.162612915039063
-0.0506629943847656 0.02325439453125 5.21269607510643E-18 -0.135795593261719
-0.0687141418457031 -0.0236358642578125 0.0398483276367187 -0.0399856567382813
-0.0519676208496094 -0.0400733947753906 -0.0999832153320313 -0.00490570068359374
-0.0818405151367187 -0.0825042724609375 -0.152023315429687 -0.198745727539063
-0.0377044677734375 -0.111198425292969 0.219390869140625 0.210220336914063
-0.0800933837890625 -0.0537567138671875 0.159530639648438 0.0316009521484375
-0.0973892211914063 0.0363616943359375 -0.0357551574707031 0.0249404907226563
-0.0365371704101563 0.0842514038085938 -0.0250091552734375 0.12066650390625
0.0459060668945313 0.0713729858398437 0.05255126953125 0.175552368164062
0.0720443725585938 0.0041351318359375 0.194183349609375 0.155197143554688
0.0772552490234375 -0.0247268676757812 0.296173095703125 0.04168701171875
0.0772018432617188 -0.00513458251953125 0.2923583984375 0.01873779296875
0.0737152099609375 -0.0193939208984375 0.287933349609375 0.04608154296875
0.0745925903320313 0.029754638671875 0.206100463867188 0.121307373046875
0.0321197509765625 0.0817718505859375 0.088043212890625 0.108688354492187
-0.0526046752929687 0.0951309204101563 0.0789642333984375 0.0557174682617188
-0.106056213378906 -0.00447845458984375 0.14739990234375 0.0288543701171875
-0.075347900390625 -0.0581207275390625 0.29339599609375 0.150665283203125
-0.0220108032226563 -0.0897369384765625 0.26788330078125 0.476837158203125
-0.155517578125 -0.253280639648438 0.195770263671875 0.177352905273438
-0.205459594726562 -0.13519287109375 0.147384643554688 0.034271240234375
-0.250411987304688 0.0508270263671875 -0.0258407592773438 0.0281848907470703
-0.120941162109375 0.173736572265625 -0.0223922729492188 0.098419189453125
0.0417022705078125 0.191558837890625 0.0245361328125 0.15625
0.146591186523438 0.08380126953125 0.154296875 0.14129638671875
0.18316650390625 0.010772705078125 0.249435424804687 0.0419464111328125
0.190475463867188 0.04254150390625 0.237869262695313 0.02239990234375
0.192672729492188 0.018646240234375 0.2386474609375 0.0403900146484375
0.156082153320312 0.102828979492188 0.162979125976563 0.0890655517578125
0.0601806640625 0.197250366210938 0.0610885620117188 0.0713119506835938
-0.110885620117187 0.215484619140625 0.0888824462890625 0.0187835693359375
-0.271194458007813 0.0296478271484375 0.16534423828125 0.0064544677734375
-0.233749389648438 -0.122314453125 0.29638671875 0.142242431640625
-0.16278076171875 -0.244613647460938 0.2618408203125 0.435394287109375
-0.25274658203125 -0.366455078125 0.143966674804687 0.0987701416015625
-0.31561279296875 -0.2049560546875 0.104415893554687 0.0191116333007812
-0.38470458984375 0.063140869140625 -0.0200233459472657 0.0346717834472656
-0.197189331054688 0.250701904296875 -0.0137252807617188 0.071136474609375
0.029815673828125 0.29461669921875 -0.00086212158203125 0.115989685058594
0.200759887695313 0.1578369140625 0.097015380859375 0.102066040039063
0.262100219726563 0.0471954345703125 0.16619873046875 0.032958984375
0.275772094726563 0.0837249755859375 0.147048950195313 0.0225982666015625
0.283660888671875 0.04962158203125 0.152786254882813 0.0312347412109375
0.221328735351563 0.154983520507813 0.0920333862304688 0.045135498046875
0.09283447265625 0.28631591796875 0.0194873809814453 0.0234012603759766
-0.14166259765625 0.318145751953125 0.0845794677734375 -0.0269622802734375
-0.4000244140625 0.0789489746093751 0.166915893554687 -0.021636962890625
-0.367401123046875 -0.154571533203125 0.261886596679688 0.122314453125
-0.286651611328125 -0.35711669921875 0.21746826171875 0.345977783203125
-0.31817626953125 -0.43011474609375 0.0668869018554687 -0.0177879333496094
-0.395294189453125 -0.241058349609375 0.0314769744873047 -0.0146675109863281
-0.474822998046875 0.0819091796875 -0.0222969055175782 0.0371360778808594
-0.244659423828125 0.304595947265625 -0.00423049926757814 0.0364151000976563
0.019287109375 0.361663818359375 -0.0252838134765625 0.0573921203613281
0.22906494140625 0.208648681640625 0.0247726440429688 0.0436325073242188
0.30133056640625 0.077117919921875 0.0566902160644531 0.0156288146972656
0.318572998046875 0.1121826171875 0.0337314605712891 0.02020263671875
0.3309326171875 0.071929931640625 0.0424537658691406 0.0217628479003906
0.253372192382813 0.183334350585938 0.000997662544250504 0.000326335430145275
0.114471435546875 0.33203125 -0.0331954956054687 -0.0280094146728515
-0.148162841796875 0.3743896484375 0.06317138671875 -0.0733871459960937
-0.46630859375 0.118438720703125 0.147796630859375 -0.0468292236328125
-0.444000244140625 -0.159759521484375 0.191574096679687 0.097320556640625
-0.364013671875 -0.4150390625 0.137557983398437 0.226058959960937
-0.34112548828125 -0.424591064453125 -0.028411865234375 -0.15478515625
-0.41937255859375 -0.232635498046875 -0.0623207092285156 -0.0615386962890625
-0.4881591796875 0.093536376953125 -0.0332202911376953 0.0308189392089844
-0.24761962890625 0.313568115234375 -0.000680923461914078 -0.00573396682739256
0.0107421875 0.36920166015625 -0.0497093200683594 -0.0124740600585937
0.222503662109375 0.224838256835937 -0.0546722412109375 -0.0246849060058594
0.293975830078125 0.09368896484375 -0.0636405944824218 -0.00599670410156248
0.31207275390625 0.1236572265625 -0.0844955444335938 0.0145950317382812
0.32720947265625 0.08575439453125 -0.0758590698242187 0.0126495361328125
0.241409301757813 0.186508178710938 -0.0943450927734375 -0.0408172607421875
0.108673095703125 0.3250732421875 -0.085662841796875 -0.0754547119140625
-0.140899658203125 0.36126708984375 0.0316162109375 -0.111717224121094
-0.454742431640625 0.12109375 0.114341735839844 -0.061279296875
-0.43756103515625 -0.150299072265625 0.0975875854492187 0.073883056640625
-0.374481201171875 -0.409149169921875 0.0383148193359375 0.0941848754882812
-0.31097412109375 -0.3505859375 -0.127960205078125 -0.28704833984375
-0.370849609375 -0.180267333984375 -0.159576416015625 -0.111343383789063
-0.408050537109375 0.0892944335937499 -0.050537109375 0.0155525207519531
-0.1988525390625 0.262451171875 -0.00717163085937502 -0.04498291015625
0.00387573242187498 0.306640625 -0.0690994262695313 -0.0765838623046875
0.1805419921875 0.198638916015625 -0.12640380859375 -0.08782958984375
0.239761352539063 0.0931243896484375 -0.175186157226562 -0.026275634765625
0.25726318359375 0.11663818359375 -0.190032958984375 0.00723266601562497
0.270736694335938 0.08978271484375 -0.182571411132812 0.000457763671874978
0.185379028320312 0.166168212890625 -0.1739501953125 -0.0778656005859375
0.0718841552734375 0.267013549804687 -0.120216369628906 -0.115478515625
-0.126174926757813 0.279129028320312 0.00535583496093749 -0.136016845703125
-0.368682861328125 0.079132080078125 0.0803909301757812 -0.0628280639648438
-0.349945068359375 -0.132354736328125 0.00564575195312498 0.0510749816894531
-0.31915283203125 -0.345367431640625 -0.0570526123046875 -0.0307998657226563
-0.231826782226563 -0.220077514648437 -0.217041015625 -0.38909912109375
-0.257110595703125 -0.095794677734375 -0.243453979492188 -0.152252197265625
-0.25341796875 0.067291259765625 -0.071807861328125 -0.00154876708984374
-0.114883422851562 0.161331176757813 -0.0216026306152344 -0.0688591003417969
-0.00154113769531249 0.189041137695313 -0.0792007446289063 -0.118667602539062
0.109138488769531 0.136558532714844 -0.176559448242188 -0.130294799804688
0.147857666015625 0.0756378173828125 -0.258941650390625 -0.0403594970703125
0.162704467773438 0.09075927734375 -0.268295288085937 -0.000946044921874942
0.17413330078125 0.0825958251953125 -0.261505126953125 -0.0137939453125
0.102203369140625 0.124374389648437 -0.221450805664063 -0.108779907226562
0.02117919921875 0.172698974609375 -0.127914428710938 -0.146453857421875
-0.0988922119140625 0.156341552734375 -0.00665283203125001 -0.144561767578125
-0.233230590820313 0.0223236083984375 0.0551338195800781 -0.0543289184570313
-0.2100830078125 -0.0972900390625 -0.0641098022460938 0.0275039672851562
-0.216400146484375 -0.230331420898438 -0.128311157226563 -0.132003784179688
-0.112396240234375 -0.0572738647460937 -0.281494140625 -0.44482421875
-0.10260009765625 -0.000892639160156252 -0.30438232421875 -0.17431640625
-0.0658073425292969 0.0346221923828125 -0.0971908569335938 -0.0109024047851562
-0.017913818359375 0.0397758483886719 -0.0399208068847656 -0.0682296752929688
-0.009063720703125 0.0467338562011719 -0.0771484375 -0.130523681640625
0.0205459594726563 0.0554924011230469 -0.1959228515625 -0.145172119140625
0.0329627990722656 0.0474128723144531 -0.30029296875 -0.044891357421875
0.0435714721679687 0.0509681701660156 -0.304931640625 -0.00915527343750005
0.0522270202636719 0.0611686706542969 -0.301116943359375 -0.0303649902343749
0.010162353515625 0.0633773803710938 -0.234329223632813 -0.131118774414063
-0.0225868225097656 0.0594329833984375 -0.1103515625 -0.163925170898438
-0.0511741638183594 0.0274696350097656 -0.0072479248046875 -0.139785766601563
-0.0734939575195313 -0.0189437866210937 0.0390586853027344 -0.0428352355957031
-0.0567665100097656 -0.0389633178710937 -0.103019714355469 0.00235748291015627
-0.0904922485351562 -0.0816726684570313 -0.167022705078125 -0.1978759765625
-0.0441665649414062 -0.108680725097656 0.234222412109375 0.200775146484375
-0.0824356079101562 -0.0490875244140625 0.164382934570313 0.0202484130859375
-0.0948257446289063 0.0410537719726562 -0.0326728820800781 0.0259742736816406
-0.0317153930664062 0.0868911743164062 -0.01837158203125 0.122001647949219
0.0503005981445312 0.0685234069824219 0.063140869140625 0.175628662109375
0.0717544555664062 -0.00064849853515625 0.208343505859375 0.147415161132812
0.0767440795898438 -0.0291366577148438 0.303680419921875 0.022308349609375
0.0781173706054688 -0.0098876953125 0.298980712890625 -0.0020751953125
0.0722198486328125 -0.0233306884765625 0.296905517578125 0.0263671875
0.0765457153320313 0.0248947143554688 0.218307495117188 0.109893798828125
0.0377426147460938 0.0812759399414063 0.0960311889648437 0.106941223144531
-0.0463638305664063 0.0999908447265625 0.0828323364257813 0.0502548217773438
-0.107933044433594 0.00185394287109373 0.148880004882813 0.018890380859375
-0.0789260864257813 -0.05401611328125 0.303466796875 0.134613037109375
-0.0275344848632812 -0.08843994140625 0.295196533203125 0.46826171875
-0.172195434570313 -0.245880126953125 0.208602905273438 0.168075561523438
-0.215499877929688 -0.124114990234375 0.151473999023438 0.023284912109375
-0.2491455078125 0.0666503906249999 -0.0213642120361328 0.0295391082763672
-0.111984252929688 0.182174682617188 -0.016265869140625 0.0997390747070313
0.0540618896484375 0.189834594726563 0.033721923828125 0.157333374023438
0.151657104492188 0.0751800537109375 0.166748046875 0.134552001953125
0.186019897460938 0.000732421875 0.255874633789063 0.025238037109375
0.197494506835938 0.0310516357421875 0.243881225585937 0.0054473876953125
0.1953125 0.0075531005859375 0.247100830078125 0.0242767333984375
0.163818359375 0.093963623046875 0.172866821289063 0.080078125
0.072601318359375 0.197067260742188 0.0661239624023438 0.0712661743164063
-0.098846435546875 0.226303100585938 0.0911865234375 0.0120086669921875
-0.27398681640625 0.0473785400390624 0.166519165039062 -0.003875732421875
-0.243194580078125 -0.110824584960938 0.306365966796875 0.127288818359375
-0.180328369140625 -0.237762451171875 0.288818359375 0.4268798828125
-0.27655029296875 -0.355743408203125 0.1519775390625 0.091583251953125
-0.3311767578125 -0.187774658203125 0.107406616210937 0.0103073120117187
-0.384765625 0.0884704589843749 -0.0152702331542969 0.0352058410644531
-0.184677124023438 0.264068603515625 -0.00821685791015626 0.0722198486328125
0.048828125 0.2957763671875 0.0063018798828125 0.118263244628906
0.211196899414063 0.14678955078125 0.105247497558594 0.0988235473632813
0.267715454101563 0.0322418212890625 0.170074462890625 0.02191162109375
0.28741455078125 0.0672607421875 0.152297973632813 0.0121612548828125
0.2904052734375 0.03271484375 0.159469604492188 0.020294189453125
0.232559204101562 0.143447875976562 0.0975418090820313 0.0405349731445313
0.111328125 0.285003662109375 0.0221347808837891 0.0246391296386719
-0.123626708984375 0.33258056640625 0.0848922729492188 -0.0341567993164062
-0.401123046875 0.105224609375 0.166534423828125 -0.031524658203125
-0.38189697265625 -0.13604736328125 0.271255493164063 0.109268188476562
-0.31304931640625 -0.34466552734375 0.2381591796875 0.3382568359375
-0.347930908203125 -0.417877197265625 0.0671043395996093 -0.021881103515625
-0.414459228515625 -0.220123291015625 0.0315227508544922 -0.0186195373535156
-0.47601318359375 0.113494873046875 -0.0169181823730469 0.0379714965820313
-0.2296142578125 0.32275390625 -0.000301361083984393 0.0370597839355469
0.042236328125 0.364654541015625 -0.0214195251464844 0.0607566833496094
0.242584228515625 0.197723388671875 0.0276451110839844 0.0432853698730469
0.309783935546875 0.0599365234375 0.057861328125 0.0112228393554688
0.333526611328125 0.09283447265625 0.0371475219726563 0.0177192687988281
0.341094970703125 0.05157470703125 0.0474891662597656 0.0181083679199219
0.26708984375 0.170333862304687 0.00141370296478273 0.000751018524169932
0.135162353515625 0.330657958984375 -0.0336971282958984 -0.0242118835449219
-0.126068115234375 0.389892578125 0.0604171752929687 -0.0809402465820312
-0.465789794921875 0.15087890625 0.14605712890625 -0.054718017578125
-0.4603271484375 -0.13665771484375 0.199310302734375 0.0887603759765625
-0.39410400390625 -0.398529052734375 0.151458740234375 0.222137451171875
-0.36993408203125 -0.412841796875 -0.0363922119140625 -0.15533447265625
-0.44036865234375 -0.211273193359375 -0.0671844482421875 -0.0595703125
-0.4888916015625 0.1278076171875 -0.0290317535400391 0.0326805114746094
-0.232086181640625 0.33294677734375 0.00106334686279295 -0.0052070617675781
0.034698486328125 0.373291015625 -0.049652099609375 -0.00912857055664061
0.2388916015625 0.215042114257813 -0.0577659606933594 -0.0218048095703125
0.30291748046875 0.07733154296875 -0.0662727355957031 -0.0029296875
0.327606201171875 0.104583740234375 -0.0833511352539062 0.0203781127929688
0.337615966796875 0.065216064453125 -0.0732345581054687 0.017425537109375
0.255950927734375 0.174835205078125 -0.097900390625 -0.0348434448242187
0.13006591796875 0.323638916015625 -0.0897293090820312 -0.0703048706054688
-0.1202392578125 0.37530517578125 0.0267868041992187 -0.117149353027344
-0.453216552734375 0.152374267578125 0.1121826171875 -0.066864013671875
-0.452911376953125 -0.12786865234375 0.104080200195312 0.07122802734375
-0.406097412109375 -0.393096923828125 0.04437255859375 0.093597412109375
-0.33636474609375 -0.339202880859375 -0.1444091796875 -0.283416748046875
-0.38763427734375 -0.1610107421875 -0.16925048828125 -0.103668212890625
-0.40960693359375 0.11883544921875 -0.0482521057128906 0.0186538696289063
-0.18658447265625 0.277816772460938 -0.00783920288085938 -0.0443611145019531
0.0250244140625 0.31134033203125 -0.0736083984375 -0.0737838745117187
0.195510864257813 0.190017700195313 -0.135185241699219 -0.081878662109375
0.2479248046875 0.080291748046875 -0.180709838867187 -0.01593017578125
0.271591186523438 0.100494384765625 -0.19171142578125 0.0206298828125
0.281494140625 0.07330322265625 -0.182785034179687 0.0128936767578125
0.198074340820313 0.156890869140625 -0.180908203125 -0.0672760009765625
0.08929443359375 0.266693115234375 -0.127487182617188 -0.109603881835937
-0.11065673828125 0.291015625 -0.00143432617187499 -0.139533996582031
-0.3697509765625 0.105010986328125 0.0775222778320312 -0.0658645629882813
-0.36334228515625 -0.113861083984375 0.0099372863769531 0.0534095764160156
-0.34442138671875 -0.33001708984375 -0.0583534240722656 -0.027740478515625
-0.248428344726563 -0.211822509765625 -0.239532470703125 -0.38134765625
-0.26715087890625 -0.083221435546875 -0.25628662109375 -0.13909912109375
-0.254425048828125 0.0858612060546874 -0.0722503662109375 0.0030517578125
-0.1075439453125 0.171371459960937 -0.0239181518554688 -0.0673294067382812
0.0115814208984375 0.19281005859375 -0.0858688354492187 -0.116302490234375
0.119537353515625 0.132400512695313 -0.189102172851563 -0.121978759765625
0.154510498046875 0.0687255859375 -0.266586303710937 -0.023712158203125
0.173110961914063 0.0808563232421875 -0.271194458007813 0.0179290771484376
0.182662963867188 0.0712890625 -0.265029907226563 0.00346374511718746
0.111465454101562 0.120155334472656 -0.231307983398438 -0.095794677734375
0.032470703125 0.173828125 -0.13751220703125 -0.140945434570313
-0.090301513671875 0.1650390625 -0.014373779296875 -0.14642333984375
-0.2352294921875 0.038787841796875 0.0522041320800781 -0.0561599731445313
-0.2197265625 -0.0867767333984375 -0.0612716674804688 0.0334854125976563
-0.23419189453125 -0.221511840820312 -0.136207580566406 -0.126724243164062
-0.118087768554688 -0.0535430908203125 -0.308319091796875 -0.43341064453125
-0.105445861816406 0.003570556640625 -0.3194580078125 -0.15789794921875
-0.0664329528808594 0.039703369140625 -0.099639892578125 -0.004730224609375
-0.0167579650878906 0.0419044494628906 -0.0425300598144531 -0.0653228759765625
-0.00571823120117188 0.0488510131835938 -0.0846176147460938 -0.128860473632813
0.0255584716796875 0.0553779602050781 -0.210357666015625 -0.136856079101563
0.0366706848144531 0.0469322204589844 -0.308929443359375 -0.026153564453125
0.0481147766113281 0.0489425659179688 -0.31024169921875 0.01220703125
0.0584030151367187 0.0579071044921875 -0.306610107421875 -0.00982666015624994
0.0145606994628906 0.0645866394042969 -0.245864868164063 -0.117477416992188
-0.0189132690429688 0.0616416931152344 -0.121307373046875 -0.15997314453125
-0.0499038696289062 0.0314140319824219 -0.0150146484375 -0.140762329101562
-0.0759429931640625 -0.0129928588867187 0.0373268127441406 -0.0432052612304688
-0.0612716674804688 -0.0369148254394531 -0.10174560546875 0.00972747802734377
-0.0977706909179688 -0.077911376953125 -0.17828369140625 -0.191497802734375
-0.0480728149414063 -0.104866027832031 0.242095947265625 0.191818237304688
-0.0826568603515625 -0.0456695556640625 0.165374755859375 0.0114593505859375
-0.09185791015625 0.0437164306640625 -0.0298519134521484 0.0254020690917969
-0.028167724609375 0.0874176025390625 -0.0141830444335938 0.121406555175781
0.0521736145019531 0.0652694702148438 0.070068359375 0.174591064453125
0.0700912475585938 -0.0043487548828125 0.216522216796875 0.139633178710938
0.074676513671875 -0.0322418212890625 0.305877685546875 0.00811767578125
0.0780868530273438 -0.0129547119140625 0.2998046875 -0.01812744140625
0.0701179504394531 -0.0255355834960938 0.30010986328125 0.01104736328125
0.076568603515625 0.0213165283203125 0.225311279296875 0.100830078125
0.0412521362304688 0.0788040161132813 0.100982666015625 0.105522155761719
-0.0412979125976562 0.101654052734375 0.084014892578125 0.0458908081054688
-0.108016967773438 0.00679016113281249 0.147705078125 0.0110626220703125
-0.0798110961914062 -0.0496292114257813 0.306640625 0.121307373046875
-0.0315322875976562 -0.0859832763671875 0.31085205078125 0.457275390625
-0.180938720703125 -0.237625122070313 0.21453857421875 0.1605224609375
-0.218612670898438 -0.115280151367188 0.152297973632813 0.014862060546875
-0.244964599609375 0.07684326171875 -0.0178470611572266 0.0282630920410156
-0.104293823242188 0.185684204101563 -0.0121994018554688 0.0988006591796875
0.062042236328125 0.18670654296875 0.0403289794921875 0.158126831054688
0.152862548828125 0.069061279296875 0.1737060546875 0.12939453125
0.185455322265625 -0.00677490234375 0.258010864257813 0.0133209228515625
0.2005615234375 0.021942138671875 0.246017456054687 -0.0079498291015625
0.195480346679688 -0.000946044921875 0.25067138671875 0.0106201171875
0.16668701171875 0.0870361328125 0.177871704101563 0.072723388671875
0.0817413330078125 0.1942138671875 0.0704116821289062 0.071258544921875
-0.0887603759765625 0.23175048828125 0.0914535522460937 0.00642395019531251
-0.273147583007813 0.059967041015625 0.164306640625 -0.0112457275390625
-0.24700927734375 -0.100845336914062 0.3094482421875 0.114837646484375
-0.190139770507813 -0.229171752929688 0.301544189453125 0.41552734375
-0.2906494140625 -0.344268798828125 0.1553955078125 0.0849761962890625
-0.337554931640625 -0.17352294921875 0.107109069824219 0.00354766845703124
-0.379974365234375 0.10552978515625 -0.0109024047851563 0.0342559814453125
-0.173477172851562 0.271224975585938 -0.0044097900390625 0.0713272094726563
0.062042236328125 0.292510986328125 0.0115509033203125 0.11993408203125
0.21539306640625 0.13787841796875 0.110702514648438 0.0957183837890625
0.268646240234375 0.0214080810546875 0.17120361328125 0.0129852294921875
0.29302978515625 0.053863525390625 0.154571533203125 0.0040130615234375
0.29205322265625 0.0196533203125 0.16290283203125 0.010528564453125
0.237869262695313 0.133224487304688 0.100669860839844 0.0366287231445313
0.123809814453125 0.281341552734375 0.024688720703125 0.0261764526367188
-0.109161376953125 0.338775634765625 0.0836563110351563 -0.0405120849609375
-0.397979736328125 0.12396240234375 0.164199829101562 -0.037445068359375
-0.38720703125 -0.12158203125 0.274551391601563 0.0998077392578125
-0.326446533203125 -0.331207275390625 0.2496337890625 0.33074951171875
-0.363311767578125 -0.402435302734375 0.0667037963867187 -0.0247726440429688
-0.42401123046875 -0.202606201171875 0.0299072265625 -0.021881103515625
-0.4718017578125 0.135498046875 -0.0128631591796875 0.0377540588378906
-0.216827392578125 0.332244873046875 0.00312423706054686 0.0365142822265625
0.058868408203125 0.362030029296875 -0.0182151794433594 0.0627365112304688
0.250152587890625 0.186370849609375 0.0299453735351563 0.0428466796875
0.312103271484375 0.04736328125 0.0570564270019531 0.00812911987304688
0.340972900390625 0.076690673828125 0.0398826599121094 0.0148048400878906
0.34405517578125 0.035980224609375 0.0504264831542969 0.0137062072753906
0.27398681640625 0.158889770507813 0.0026218891143799 0.00111484527587892
0.15057373046875 0.325897216796875 -0.0335826873779297 -0.0214614868164062
-0.109832763671875 0.396728515625 0.0576553344726563 -0.0860137939453125
-0.4613037109375 0.17327880859375 0.14349365234375 -0.0595245361328125
-0.46661376953125 -0.119171142578125 0.20355224609375 0.0823211669921875
-0.41192626953125 -0.38226318359375 0.160202026367187 0.21661376953125
-0.387451171875 -0.39849853515625 -0.042327880859375 -0.153671264648438
-0.449249267578125 -0.193572998046875 -0.0709915161132813 -0.0577545166015625
-0.4837646484375 0.151214599609375 -0.0250434875488282 0.0336360931396484
-0.21942138671875 0.34295654296875 0.00307416915893553 -0.00548839569091795
0.052886962890625 0.372772216796875 -0.0489616394042969 -0.00627136230468747
0.247299194335938 0.205810546875 -0.0590972900390625 -0.0187797546386719
0.306610107421875 0.0653076171875 -0.0679283142089843 0.000507354736328115
0.336822509765625 0.0882568359375 -0.081451416015625 0.0239944458007813
0.3421630859375 0.04913330078125 -0.0702438354492187 0.0189704895019531
0.262161254882813 0.163497924804688 -0.0988006591796875 -0.0299224853515625
0.14361572265625 0.318603515625 -0.09136962890625 -0.0650482177734375
-0.10394287109375 0.3822021484375 0.0226211547851562 -0.121162414550781
-0.447174072265625 0.1739501953125 0.109580993652344 -0.07000732421875
-0.459014892578125 -0.1109619140625 0.108039855957031 0.06829833984375
-0.4232177734375 -0.375701904296875 0.0487136840820312 0.0920639038085937
-0.351043701171875 -0.3280029296875 -0.154708862304688 -0.277191162109375
-0.395660400390625 -0.1456298828125 -0.174285888671875 -0.09619140625
-0.40655517578125 0.138946533203125 -0.0457496643066407 0.0209503173828125
-0.17584228515625 0.2862548828125 -0.00650405883789064 -0.0437240600585937
0.039398193359375 0.310394287109375 -0.07525634765625 -0.0710906982421875
0.202743530273437 0.182693481445312 -0.140869140625 -0.0761260986328125
0.252395629882813 0.071197509765625 -0.183502197265625 -0.00660705566406248
0.27923583984375 0.087371826171875 -0.190338134765625 0.0303497314453125
0.2861328125 0.05926513671875 -0.180221557617187 0.0204620361328125
0.204513549804687 0.1488037109375 -0.183486938476563 -0.0583343505859375
0.100997924804687 0.263168334960938 -0.131088256835937 -0.103675842285156
-0.0987548828125 0.29693603515625 -0.00672912597656252 -0.141128540039063
-0.3660888671875 0.123138427734375 0.0757675170898437 -0.0671463012695312
-0.368682861328125 -0.100006103515625 0.014007568359375 0.0550155639648437
-0.359832763671875 -0.316925048828125 -0.0577735900878906 -0.0262260437011719
-0.258148193359375 -0.204330444335937 -0.2535400390625 -0.372161865234375
-0.271896362304688 -0.0728302001953126 -0.2628173828125 -0.128005981445313
-0.252716064453125 0.099151611328125 -0.0715179443359375 0.006622314453125
-0.101150512695313 0.175827026367188 -0.0242767333984375 -0.0664825439453125
0.0210113525390625 0.193283081054688 -0.0894851684570313 -0.114151000976562
0.125503540039063 0.128280639648438 -0.197052001953125 -0.115707397460937
0.158096313476563 0.0636444091796875 -0.269638061523438 -0.010528564453125
0.178741455078125 0.0719451904296875 -0.2696533203125 0.0320434570312501
0.186920166015625 0.0621337890625 -0.263137817382813 0.016510009765625
0.116348266601563 0.115585327148438 -0.236160278320312 -0.084503173828125
0.039276123046875 0.17254638671875 -0.142532348632813 -0.135162353515625
-0.0838470458984375 0.169082641601563 -0.0202178955078125 -0.146408081054688
-0.23345947265625 0.05059814453125 0.0511550903320312 -0.0564651489257813
-0.224395751953125 -0.0789947509765625 -0.0576362609863281 0.0372200012207031
-0.243942260742188 -0.211837768554688 -0.138427734375 -0.122406005859375
-0.121345520019531 -0.051788330078125 -0.3240966796875 -0.422088623046875
-0.106040954589844 0.00753021240234376 -0.326568603515625 -0.142730712890625
-0.0663871765136719 0.0438385009765625 -0.100326538085938 -1.52587890625134E-05
-0.0155220031738281 0.0435371398925781 -0.0439720153808594 -0.0627479553222656
-0.00283050537109375 0.0499916076660156 -0.0895233154296875 -0.127403259277344
0.0289497375488281 0.0550537109375 -0.219146728515625 -0.129531860351562
0.0387344360351562 0.0460662841796875 -0.3125 -0.010223388671875
0.051544189453125 0.0467491149902344 -0.309173583984375 0.02911376953125
0.0622177124023437 0.0537643432617187 -0.30657958984375 0.00585937499999994
0.0178375244140625 0.0640106201171875 -0.252212524414062 -0.105743408203125
-0.0162544250488281 0.0626602172851563 -0.127975463867188 -0.1556396484375
-0.0486297607421875 0.034423828125 -0.0204849243164063 -0.139533996582031
-0.0770797729492187 -0.00833892822265625 0.036773681640625 -0.0435371398925781
-0.0635833740234375 -0.0347023010253906 -0.0989913940429688 0.0147476196289063
-0.101707458496094 -0.0749893188476562 -0.182952880859375 -0.18621826171875
-0.049713134765625 -0.102981567382813 0.246902465820313 0.188995361328125
-0.0823593139648438 -0.0440750122070312 0.166259765625 0.0053253173828125
-0.0901336669921875 0.0450439453125 -0.0287532806396484 0.0242710113525391
-0.02642822265625 0.0877609252929688 -0.0124893188476562 0.121879577636719
0.05340576171875 0.0633087158203125 0.074859619140625 0.176406860351563
0.0681800842285156 -0.00601577758789063 0.223892211914063 0.137069702148438
0.0738449096679688 -0.0341415405273438 0.309234619140625 -0.0015869140625
0.0792236328125 -0.0150604248046875 0.302093505859375 -0.0286865234375
0.0697212219238281 -0.0261650085449219 0.303955078125 0.000823974609374998
0.0768814086914063 0.01953125 0.232025146484375 0.09564208984375
0.0435867309570313 0.078460693359375 0.104751586914063 0.106201171875
-0.03802490234375 0.10394287109375 0.0849075317382813 0.0438690185546875
-0.108863830566406 0.010162353515625 0.146224975585938 0.0070953369140625
-0.0792694091796875 -0.04791259765625 0.30902099609375 0.115753173828125
-0.0336227416992187 -0.0847015380859375 0.318603515625 0.456298828125
-0.186355590820312 -0.233901977539063 0.21844482421875 0.157257080078125
-0.221527099609375 -0.110977172851563 0.153060913085938 0.00860595703124999
-0.243499755859375 0.0830535888671875 -0.0162429809570313 0.0269222259521484
-0.101028442382813 0.1893310546875 -0.00983428955078126 0.0988998413085938
0.0663909912109375 0.185226440429688 0.04461669921875 0.160293579101563
0.15350341796875 0.0653533935546875 0.180130004882813 0.127304077148438
0.185623168945313 -0.011444091796875 0.260528564453125 0.00537109375
0.204742431640625 0.0161285400390625 0.248260498046875 -0.017181396484375
0.196807861328125 -0.005126953125 0.254669189453125 0.001220703125
0.168838500976563 0.0831146240234375 0.18341064453125 0.0686187744140625
0.0877532958984375 0.1942138671875 0.0741043090820313 0.0726776123046875
-0.0827484130859375 0.236495971679688 0.0920257568359375 0.00313568115234376
-0.273757934570313 0.0678710937499999 0.163482666015625 -0.0145416259765625
-0.250381469726563 -0.0965118408203125 0.31268310546875 0.110565185546875
-0.197128295898438 -0.2261962890625 0.310211181640625 0.4144287109375
-0.29974365234375 -0.340179443359375 0.157272338867187 0.08282470703125
-0.343902587890625 -0.166595458984375 0.10699462890625 -0.00044250488281251
-0.37890625 0.116851806640625 -0.00792694091796877 0.0334720611572266
-0.169113159179687 0.275833129882813 -0.00151824951171877 0.0706634521484375
0.0697021484375 0.29156494140625 0.0149612426757812 0.122322082519531
0.218460083007813 0.133193969726563 0.114784240722656 0.0948104858398438
0.269882202148437 0.015045166015625 0.172698974609375 0.0082244873046875
0.299102783203125 0.045257568359375 0.15673828125 -0.00225830078125
0.294830322265625 0.01226806640625 0.166915893554688 0.0036468505859375
0.241683959960938 0.128921508789063 0.10345458984375 0.0346298217773438
0.132049560546875 0.28143310546875 0.0269241333007813 0.0281925201416016
-0.102203369140625 0.3453369140625 0.0829849243164063 -0.0446548461914062
-0.39849853515625 0.136505126953125 0.163177490234375 -0.0404052734375
-0.393310546875 -0.114105224609375 0.278167724609375 0.09588623046875
-0.3375244140625 -0.326934814453125 0.2572021484375 0.329315185546875
-0.375030517578125 -0.39788818359375 0.066253662109375 -0.0261688232421875
-0.4322509765625 -0.19415283203125 0.0281963348388672 -0.0237503051757813
-0.469970703125 0.1510009765625 -0.00982666015625003 0.0373802185058594
-0.211700439453125 0.33880615234375 0.00577926635742186 0.0352859497070313
0.0693359375 0.362396240234375 -0.0158805847167969 0.0653076171875
0.25439453125 0.182785034179688 0.0317306518554688 0.0432853698730469
0.314971923828125 0.040618896484375 0.0572166442871094 0.00665664672851563
0.348480224609375 0.067047119140625 0.0412216186523438 0.0127296447753906
0.348480224609375 0.02593994140625 0.0535316467285156 0.0100021362304688
0.278366088867187 0.153610229492188 0.00354456901550295 0.00137567520141602
0.159698486328125 0.325531005859375 -0.0323905944824219 -0.0186309814453125
-0.101654052734375 0.403594970703125 0.0559921264648437 -0.0904693603515625
-0.46136474609375 0.1875 0.142807006835937 -0.0617828369140625
-0.473480224609375 -0.11083984375 0.207183837890625 0.0804290771484375
-0.423797607421875 -0.37615966796875 0.164993286132813 0.21551513671875
-0.39984130859375 -0.394317626953125 -0.0457916259765625 -0.153045654296875
-0.4580078125 -0.183746337890625 -0.07373046875 -0.0565338134765625
-0.48370361328125 0.167205810546875 -0.0225696563720703 0.0335578918457031
-0.21380615234375 0.3505859375 0.00500440597534178 -0.00594758987426756
0.06414794921875 0.373687744140625 -0.0485916137695312 -0.00428009033203122
0.2528076171875 0.200607299804687 -0.06085205078125 -0.0172805786132812
0.31048583984375 0.058990478515625 -0.0695114135742187 0.00336837768554687
0.34478759765625 0.07904052734375 -0.0806503295898437 0.0261917114257812
0.346221923828125 0.038726806640625 -0.06817626953125 0.0187950134277344
0.267288208007813 0.158203125 -0.100028991699219 -0.02691650390625
0.153411865234375 0.317626953125 -0.0920867919921875 -0.062286376953125
-0.0958251953125 0.389678955078125 0.01934814453125 -0.125083923339844
-0.447052001953125 0.188720703125 0.108879089355469 -0.0714035034179687
-0.46612548828125 -0.10198974609375 0.111892700195312 0.0679855346679688
-0.43463134765625 -0.369476318359375 0.0519943237304687 0.0917739868164062
-0.361968994140625 -0.32452392578125 -0.161087036132813 -0.275772094726563
-0.4034423828125 -0.13763427734375 -0.178741455078125 -0.0923614501953126
-0.4061279296875 0.153076171875 -0.0438957214355469 0.0223503112792969
-0.17279052734375 0.292877197265625 -0.00541305541992189 -0.0447540283203125
0.048797607421875 0.3125 -0.0767440795898438 -0.069915771484375
0.209320068359375 0.180038452148438 -0.145828247070312 -0.073150634765625
0.256515502929688 0.0656585693359375 -0.186309814453125 -0.000411987304687491
0.286529541015625 0.07916259765625 -0.1900634765625 0.036224365234375
0.29095458984375 0.050323486328125 -0.178924560546875 0.0245819091796875
0.209091186523437 0.144882202148438 -0.186447143554688 -0.0525665283203125
0.108413696289062 0.26251220703125 -0.13385009765625 -0.100997924804688
-0.091644287109375 0.30218505859375 -0.0103607177734375 -0.143768310546875
-0.365509033203125 0.13543701171875 0.0755386352539062 -0.0676956176757812
-0.374603271484375 -0.0930175781250001 0.017822265625 0.0562973022460938
-0.369476318359375 -0.311676025390625 -0.0573348999023438 -0.0259323120117188
-0.26568603515625 -0.202926635742188 -0.26165771484375 -0.369232177734375
-0.276748657226563 -0.0677947998046875 -0.268173217773438 -0.121002197265625
-0.2529296875 0.10821533203125 -0.070770263671875 0.00881195068359375
-0.0994720458984375 0.179779052734375 -0.023712158203125 -0.0662765502929687
0.0269622802734375 0.194717407226563 -0.0929031372070312 -0.113822937011719
0.130691528320313 0.126678466796875 -0.204574584960938 -0.111968994140625
0.161483764648438 0.0612335205078125 -0.273757934570313 -0.00123596191406246
0.183517456054688 0.0673370361328125 -0.270782470703125 0.040863037109375
0.191253662109375 0.0560455322265625 -0.26312255859375 0.0237579345703125
0.119827270507812 0.114143371582031 -0.240219116210938 -0.0777893066406249
0.044097900390625 0.17340087890625 -0.146163940429688 -0.133132934570313
-0.0805206298828125 0.173431396484375 -0.0235748291015625 -0.147796630859375
-0.234466552734375 0.0588836669921875 0.0513877868652344 -0.0562362670898438
-0.229446411132813 -0.074554443359375 -0.0544548034667969 0.0394287109375
-0.251296997070313 -0.209152221679687 -0.139991760253906 -0.122055053710938
-0.124458312988281 -0.0512771606445312 -0.33251953125 -0.417816162109375
-0.107681274414063 0.00878906250000002 -0.3311767578125 -0.13446044921875
-0.0667533874511719 0.0469017028808594 -0.100692749023437 0.00305175781250002
-0.0156936645507813 0.0443916320800781 -0.0435943603515625 -0.0624771118164063
-0.000526428222656245 0.0513114929199219 -0.093048095703125 -0.127944946289062
0.0316886901855469 0.055572509765625 -0.227203369140625 -0.125595092773438
0.0411224365234375 0.0467300415039062 -0.317169189453125 0.00051879882812503
0.0538139343261719 0.0451507568359375 -0.311004638671875 0.040130615234375
0.0645751953125 0.0516586303710937 -0.30810546875 0.01593017578125
0.0203323364257813 0.0647392272949219 -0.256912231445313 -0.099090576171875
-0.0145301818847656 0.063690185546875 -0.132720947265625 -0.155029296875
-0.0487098693847656 0.0360679626464844 -0.0237655639648437 -0.139541625976562
-0.0779800415039063 -0.00518035888671875 0.0372772216796875 -0.0433311462402344
-0.06658935546875 -0.0336341857910156 -0.0967330932617187 0.0179443359375
-0.105201721191406 -0.0740432739257813 -0.186355590820313 -0.185470581054688
-0.0511856079101563 -0.103126525878906 0.255447387695313 0.191421508789063
-0.083953857421875 -0.0441741943359375 0.169708251953125 0.001190185546875
-0.0915451049804688 0.0468063354492187 -0.0288352966308594 0.0240020751953125
-0.0260238647460937 0.0907135009765625 -0.0111312866210938 0.12451171875
0.0548782348632813 0.0629234313964844 0.08062744140625 0.1807861328125
0.0679054260253906 -0.00720596313476563 0.23455810546875 0.1375732421875
0.0739059448242188 -0.0361251831054688 0.31878662109375 -0.01019287109375
0.081634521484375 -0.017181396484375 0.30987548828125 -0.038177490234375
0.0709304809570313 -0.0273666381835938 0.312103271484375 -0.006988525390625
0.0784072875976563 0.0180816650390625 0.241256713867188 0.093048095703125
0.0468292236328125 0.0795669555664063 0.110603332519531 0.10906982421875
-0.0366287231445312 0.107978820800781 0.0874862670898438 0.0433425903320313
-0.111618041992188 0.0126876831054688 0.14703369140625 0.004547119140625
-0.0806121826171875 -0.0472183227539062 0.31634521484375 0.114837646484375
-0.0356521606445312 -0.0848007202148438 0.331024169921875 0.465667724609375
-0.193893432617188 -0.235977172851562 0.225784301757813 0.159255981445312
-0.227783203125 -0.109542846679688 0.155532836914062 0.00509643554687499
-0.2470703125 0.0894012451171875 -0.0151023864746094 0.0265102386474609
-0.100479125976563 0.194183349609375 -0.00866699218750001 0.100662231445313
0.0708465576171875 0.187362670898437 0.04937744140625 0.165512084960937
0.156021118164063 0.064361572265625 0.18963623046875 0.128204345703125
0.189620971679688 -0.0150909423828125 0.267776489257813 -0.000823974609375001
0.211944580078125 0.0113067626953125 0.255645751953125 -0.0244903564453125
0.201919555664063 -0.008544921875 0.262741088867188 -0.0066375732421875
0.173583984375 0.0828704833984375 0.19097900390625 0.067291259765625
0.09393310546875 0.1978759765625 0.0787582397460938 0.0752716064453125
-0.0803070068359375 0.245361328125 0.0936203002929688 0.000465393066406265
-0.28021240234375 0.0756835937499999 0.165267944335937 -0.01727294921875
-0.257568359375 -0.0953216552734375 0.32061767578125 0.10888671875
-0.206253051757813 -0.228363037109375 0.32208251953125 0.42303466796875
-0.3126220703125 -0.344329833984375 0.161666870117187 0.0831756591796875
-0.353515625 -0.164764404296875 0.107711791992187 -0.00356292724609376
-0.3848876953125 0.12811279296875 -0.00612449645996096 0.0328083038330078
-0.169036865234375 0.285858154296875 0.00019073486328124 0.0714263916015625
0.07708740234375 0.297027587890625 0.0185775756835938 0.127174377441406
0.223907470703125 0.133255004882813 0.120941162109375 0.0965042114257813
0.277374267578125 0.0107574462890625 0.176773071289063 0.00445556640625
0.310516357421875 0.038787841796875 0.161605834960938 -0.00762939453125
0.30340576171875 0.00640869140625 0.173233032226563 -0.0028839111328125
0.248825073242188 0.1282958984375 0.108673095703125 0.0339431762695313
0.14117431640625 0.286895751953125 0.0305271148681641 0.0304393768310547
-0.09771728515625 0.35821533203125 0.0834732055664062 -0.049652099609375
-0.40692138671875 0.1483154296875 0.164962768554687 -0.0435791015625
-0.40435791015625 -0.111907958984375 0.286590576171875 0.094696044921875
-0.35186767578125 -0.3297119140625 0.267059326171875 0.3358154296875
-0.39276123046875 -0.402801513671875 0.0665321350097656 -0.0271339416503906
-0.445892333984375 -0.191558837890625 0.0267143249511718 -0.0254974365234375
-0.476898193359375 0.16552734375 -0.00706481933593753 0.0372085571289063
-0.2117919921875 0.35107421875 0.00809669494628905 0.0346927642822266
0.07830810546875 0.37005615234375 -0.0142936706542969 0.0689773559570313
0.262374877929688 0.183349609375 0.0335502624511719 0.0451889038085938
0.324005126953125 0.03558349609375 0.0585823059082031 0.00620651245117188
0.362152099609375 0.058441162109375 0.0433998107910156 0.0107650756835938
0.358154296875 0.019805908203125 0.0561103820800781 0.00577545166015625
0.287139892578125 0.15283203125 0.00490856170654299 0.00215196609497071
0.170196533203125 0.331451416015625 -0.0315475463867187 -0.0167427062988281
-0.095947265625 0.41778564453125 0.0542984008789062 -0.0960464477539062
-0.4698486328125 0.2022705078125 0.144180297851562 -0.06439208984375
-0.4876708984375 -0.10638427734375 0.214584350585937 0.0800018310546875
-0.440582275390625 -0.37969970703125 0.172821044921875 0.219802856445312
-0.41729736328125 -0.39825439453125 -0.049163818359375 -0.155685424804688
-0.473480224609375 -0.180633544921875 -0.077911376953125 -0.056640625
-0.492919921875 0.183837890625 -0.0201702117919922 0.0343246459960938
-0.214019775390625 0.36346435546875 0.00678443908691405 -0.0078310966491699
0.07342529296875 0.38214111328125 -0.0493087768554687 -0.00263977050781248
0.262054443359375 0.202163696289063 -0.0637969970703125 -0.0152015686035156
0.319793701171875 0.05548095703125 -0.0717620849609375 0.00586700439453127
0.357879638671875 0.070709228515625 -0.081146240234375 0.0286788940429688
0.35693359375 0.03277587890625 -0.068359375 0.0181617736816406
0.275741577148438 0.157562255859375 -0.102081298828125 -0.0248184204101562
0.163818359375 0.324310302734375 -0.093658447265625 -0.0611648559570312
-0.09149169921875 0.402679443359375 0.0167617797851562 -0.130508422851562
-0.455718994140625 0.20318603515625 0.11065673828125 -0.072998046875
-0.48046875 -0.097259521484375 0.117965698242187 0.0695877075195313
-0.452972412109375 -0.373992919921875 0.055145263671875 0.0927505493164062
-0.378204345703125 -0.32904052734375 -0.16845703125 -0.278884887695313
-0.4166259765625 -0.134552001953125 -0.185577392578125 -0.09039306640625
-0.4136962890625 0.1671142578125 -0.0428314208984375 0.0229148864746094
-0.172882080078125 0.303497314453125 -0.00434875488281251 -0.0469245910644531
0.057647705078125 0.320556640625 -0.07965087890625 -0.0699310302734375
0.2178955078125 0.181503295898438 -0.152999877929687 -0.07159423828125
0.2657470703125 0.064483642578125 -0.1925048828125 0.00543212890625004
0.298309326171875 0.073974609375 -0.193283081054687 0.042266845703125
0.299560546875 0.04443359375 -0.182601928710937 0.02801513671875
0.216171264648438 0.145492553710937 -0.191879272460938 -0.04974365234375
0.116729736328125 0.26776123046875 -0.137557983398438 -0.10040283203125
-0.08880615234375 0.3131103515625 -0.013824462890625 -0.148727416992187
-0.372955322265625 0.14752197265625 0.0768814086914062 -0.069183349609375
-0.38714599609375 -0.0900878906250001 0.0220413208007812 0.0583000183105469
-0.384765625 -0.314697265625 -0.0578155517578125 -0.0269813537597656
-0.277938842773437 -0.205474853515625 -0.27215576171875 -0.373443603515625
-0.2857666015625 -0.065338134765625 -0.277191162109375 -0.118377685546875
-0.25811767578125 0.1185302734375 -0.0715255737304688 0.010589599609375
-0.100143432617188 0.186935424804688 -0.0238571166992188 -0.0685348510742187
0.03253173828125 0.200241088867188 -0.0970382690429687 -0.116065979003906
0.13677978515625 0.128471374511719 -0.214614868164063 -0.110305786132813
0.1683349609375 0.0608673095703125 -0.2821044921875 0.00695800781249999
0.191879272460938 0.0644378662109375 -0.276565551757813 0.0499725341796875
0.197860717773438 0.0522613525390625 -0.269134521484375 0.029632568359375
0.124801635742188 0.115249633789063 -0.247940063476563 -0.0741119384765625
0.0491790771484375 0.176666259765625 -0.151702880859375 -0.13446044921875
-0.07965087890625 0.180465698242187 -0.0276031494140625 -0.151763916015625
-0.239456176757813 0.066162109375 0.0532035827636719 -0.0572776794433594
-0.23736572265625 -0.0732879638671875 -0.0523147583007813 0.0424728393554687
-0.262405395507813 -0.21136474609375 -0.144317626953125 -0.125411987304688
-0.130111694335938 -0.0528488159179688 -0.34423828125 -0.423614501953125
-0.110305786132813 0.01043701171875 -0.341949462890625 -0.130645751953125
-0.0684013366699219 0.0508689880371094 -0.102645874023438 0.00545501708984374
-0.0164909362792969 0.0461502075195313 -0.0447731018066406 -0.0640068054199219
0.00130081176757812 0.0531349182128906 -0.0983505249023438 -0.131591796875
0.0346260070800781 0.0571403503417969 -0.238906860351563 -0.124893188476562
0.0443763732910156 0.0477828979492188 -0.326019287109375 0.00964355468749997
0.0569610595703125 0.0457992553710938 -0.317138671875 0.0498046875000001
0.0680465698242188 0.0508499145507813 -0.315765380859375 0.023468017578125
0.0227203369140625 0.0668182373046875 -0.265396118164063 -0.0955047607421875
-0.0135726928710938 0.0660247802734375 -0.139022827148438 -0.157272338867188
-0.049560546875 0.0383758544921875 -0.02734375 -0.142669677734375
-0.08056640625 -0.00228881835937501 0.0391159057617187 -0.044036865234375
-0.0707015991210938 -0.03350830078125 -0.095794677734375 0.0204010009765625
-0.110008239746094 -0.075592041015625 -0.192794799804688 -0.19073486328125
-0.054840087890625 -0.104217529296875 0.270980834960938 0.193618774414063
-0.0876388549804687 -0.0439834594726563 0.1751708984375 -0.0055694580078125
-0.0933914184570312 0.0504302978515625 -0.0293922424316406 0.0244007110595703
-0.0238494873046875 0.0943222045898438 -0.00868225097656249 0.129722595214844
0.0578689575195313 0.0626754760742188 0.0908203125 0.187896728515625
0.0680580139160156 -0.0091400146484375 0.251358032226563 0.135971069335938
0.0751190185546875 -0.0401229858398438 0.331298828125 -0.02301025390625
0.0849838256835938 -0.021270751953125 0.32171630859375 -0.05340576171875
0.07330322265625 -0.030029296875 0.326141357421875 -0.02056884765625
0.0815353393554688 0.0164337158203125 0.25640869140625 0.08892822265625
0.0519180297851563 0.0809326171875 0.120399475097656 0.111915588378906
-0.03314208984375 0.113960266113281 0.0916976928710937 0.0413970947265625
-0.115570068359375 0.01727294921875 0.150924682617188 0.000366210937500001
-0.0831680297851563 -0.0467529296875 0.330413818359375 0.11041259765625
-0.0398406982421875 -0.0862045288085938 0.355316162109375 0.479095458984375
-0.20806884765625 -0.238876342773437 0.238723754882813 0.16046142578125
-0.23980712890625 -0.107070922851562 0.159332275390625 -0.00100708007812501
-0.253631591796875 0.101669311523438 -0.0141410827636719 0.0268230438232422
-0.0992584228515625 0.205230712890625 -0.00626373291015627 0.103874206542969
0.079498291015625 0.191604614257812 0.0580596923828125 0.172897338867188
0.162109375 0.0630950927734375 0.203765869140625 0.128707885742188
0.195388793945313 -0.0215301513671875 0.279052734375 -0.011566162109375
0.222579956054688 0.003387451171875 0.265289306640625 -0.0372772216796875
0.210601806640625 -0.0147247314453125 0.274398803710938 -0.019622802734375
0.18212890625 0.0811920166015625 0.202987670898438 0.0636138916015625
0.104751586914062 0.203506469726563 0.0865097045898437 0.078460693359375
-0.074737548828125 0.2593994140625 0.0964279174804688 -0.00470733642578123
-0.28955078125 0.0883789062500001 0.168792724609375 -0.022369384765625
-0.270187377929687 -0.0922088623046875 0.336029052734375 0.104583740234375
-0.221511840820313 -0.2320556640625 0.34552001953125 0.43402099609375
-0.33575439453125 -0.347747802734375 0.16943359375 0.0834197998046875
-0.37261962890625 -0.16009521484375 0.110000610351562 -0.00803375244140626
-0.394805908203125 0.147735595703125 -0.00387573242187503 0.0328960418701172
-0.16815185546875 0.30224609375 0.00272369384765624 0.0727462768554688
0.089813232421875 0.30560302734375 0.025299072265625 0.133750915527344
0.235198974609375 0.133270263671875 0.131065368652344 0.0973892211914063
0.288238525390625 0.0029296875 0.185333251953125 -0.002044677734375
0.326812744140625 0.0274658203125 0.1685791015625 -0.0160980224609375
0.316864013671875 -0.00341796875 0.18023681640625 -0.0126495361328125
0.261688232421875 0.126495361328125 0.116447448730469 0.0318756103515625
0.157470703125 0.2947998046875 0.0349159240722656 0.032491683959961
-0.089752197265625 0.378265380859375 0.0839462280273438 -0.0559539794921875
-0.419342041015625 0.168304443359375 0.169296264648437 -0.0486907958984375
-0.4248046875 -0.10565185546875 0.30120849609375 0.091461181640625
-0.377716064453125 -0.334136962890625 0.2879638671875 0.344940185546875
-0.421539306640625 -0.4073486328125 0.068267822265625 -0.0284614562988281
-0.468902587890625 -0.1846923828125 0.0251388549804687 -0.0275230407714844
-0.48992919921875 0.1900634765625 -0.00492858886718753 0.0377464294433594
-0.210296630859375 0.37213134765625 0.0101375579833984 0.034292221069336
0.0948486328125 0.38250732421875 -0.0112380981445312 0.0745925903320313
0.277557373046875 0.184219360351563 0.0374717712402344 0.0473976135253906
0.3385009765625 0.0283203125 0.0613212585449219 0.00483322143554688
0.381072998046875 0.04742431640625 0.0463409423828125 0.00868988037109376
0.37432861328125 0.007080078125 0.0595855712890625 0.000881195068359375
0.3023681640625 0.151092529296875 0.00667095184326174 0.00256347656250001
0.18994140625 0.339874267578125 -0.0309047698974609 -0.0152606964111328
-0.08642578125 0.441253662109375 0.0517349243164062 -0.104133605957031
-0.483001708984375 0.227813720703125 0.147705078125 -0.0695953369140625
-0.51165771484375 -0.0964355468750001 0.227157592773437 0.0788726806640625
-0.47235107421875 -0.383819580078125 0.186080932617188 0.225051879882813
-0.4482421875 -0.40313720703125 -0.0558624267578125 -0.159515380859375
-0.498016357421875 -0.173553466796875 -0.0845489501953125 -0.0558013916015625
-0.505279541015625 0.209869384765625 -0.0186862945556641 0.0349102020263672
-0.212860107421875 0.385528564453125 0.00817108154296874 -0.00983810424804685
0.0902099609375 0.396331787109375 -0.0500869750976562 0.000587463378906279
0.278411865234375 0.2037353515625 -0.0673027038574219 -0.0122756958007812
0.33599853515625 0.048248291015625 -0.0746002197265625 0.010223388671875
0.378265380859375 0.059814453125 -0.0826416015625 0.032196044921875
0.37237548828125 0.02081298828125 -0.0702972412109375 0.0193328857421875
0.290283203125 0.157257080078125 -0.106513977050781 -0.0218658447265625
0.182159423828125 0.33251953125 -0.0977630615234375 -0.060028076171875
-0.082855224609375 0.425079345703125 0.0113067626953125 -0.138084411621094
-0.46832275390625 0.228759765625 0.113494873046875 -0.07818603515625
-0.5042724609375 -0.086883544921875 0.127052307128906 0.0696487426757813
-0.483184814453125 -0.3775634765625 0.0605010986328125 0.094635009765625
-0.40692138671875 -0.33203125 -0.1829833984375 -0.285186767578125
-0.43719482421875 -0.127685546875 -0.19769287109375 -0.0876312255859375
-0.425384521484375 0.18988037109375 -0.0429534912109375 0.025115966796875
-0.17230224609375 0.322998046875 -0.00513076782226563 -0.0500297546386719
0.071502685546875 0.333160400390625 -0.0846633911132812 -0.0697250366210938
0.232589721679688 0.18389892578125 -0.163192749023438 -0.068328857421875
0.27996826171875 0.0594635009765625 -0.199844360351562 0.015167236328125
0.315643310546875 0.064605712890625 -0.198883056640625 0.0515289306640625
0.313995361328125 0.03466796875 -0.188690185546875 0.0340423583984375
0.229293823242188 0.1463623046875 -0.200759887695312 -0.0442352294921875
0.13092041015625 0.275344848632813 -0.145248413085937 -0.100067138671875
-0.083282470703125 0.330322265625 -0.0209503173828125 -0.155349731445312
-0.3834228515625 0.1671142578125 0.07965087890625 -0.0726699829101562
-0.406707763671875 -0.0828857421875 0.0284233093261719 0.0612945556640625
-0.4129638671875 -0.318817138671875 -0.0599822998046875 -0.0291557312011719
-0.29803466796875 -0.20758056640625 -0.29327392578125 -0.381378173828125
-0.298919677734375 -0.060089111328125 -0.2923583984375 -0.11419677734375
-0.26458740234375 0.132415771484375 -0.0732498168945313 0.0128173828125
-0.100082397460938 0.198959350585938 -0.0254364013671875 -0.0709762573242187
0.0413970947265625 0.208297729492188 -0.105445861816406 -0.117744445800781
0.147994995117188 0.130706787109375 -0.229263305664063 -0.1070556640625
0.179153442382813 0.0594024658203125 -0.29351806640625 0.0195312500000001
0.203933715820313 0.0594940185546875 -0.284942626953125 0.062957763671875
0.207611083984375 0.0472412109375 -0.2784423828125 0.040283203125
0.133689880371094 0.11737060546875 -0.26031494140625 -0.0680084228515626
0.0573577880859375 0.182601928710938 -0.162384033203125 -0.135345458984375
-0.07781982421875 0.190628051757812 -0.0347442626953125 -0.15740966796875
-0.2471923828125 0.0776519775390625 0.0553169250488281 -0.0599555969238281
-0.251052856445313 -0.0687713623046875 -0.0493659973144531 0.0460968017578125
-0.27984619140625 -0.214065551757812 -0.152069091796875 -0.129806518554687
-0.139335632324219 -0.0525131225585937 -0.36785888671875 -0.431640625
-0.114448547363281 0.01275634765625 -0.359344482421875 -0.12469482421875
-0.0697135925292969 0.0557136535644531 -0.106277465820313 0.00897979736328126
-0.0167961120605469 0.0488548278808594 -0.0472831726074219 -0.0654106140136719
0.00304794311523437 0.05596923828125 -0.107246398925781 -0.135360717773438
0.03985595703125 0.058990478515625 -0.256179809570313 -0.12255859375
0.0497093200683594 0.0496444702148438 -0.3392333984375 0.023895263671875
0.0618972778320312 0.0455131530761719 -0.328399658203125 0.0651550292968751
0.0728683471679688 0.049957275390625 -0.32666015625 0.036834716796875
0.0263175964355469 0.0697402954101563 -0.279541015625 -0.0895538330078125
-0.0119400024414063 0.0692787170410156 -0.150314331054688 -0.159561157226563
-0.0509376525878906 0.0423774719238281 -0.032745361328125 -0.146148681640625
-0.0842437744140625 0.000808715820312511 0.041534423828125 -0.0468826293945313
-0.076324462890625 -0.0326461791992188 -0.0960235595703125 0.02386474609375
-0.11761474609375 -0.0770187377929687 -0.204910278320313 -0.197845458984375
-0.0906660988459857 0.0827996010100897 0.00681693863540225 0.354372296139594
0.00461904073057491 0.107151233212691 0.114968137010017 0.154679096490753
0.102225879368519 0.0450300657672448 -0.0405327539482575 -0.0427853499786519
0.0987546027821463 -0.0601055782258604 -0.146639666216399 0.0415273138349087
-0.0101332109714169 -0.10727494989974 -0.135172163188657 0.205544044651907
-0.074748084631164 -0.0637695447373008 -0.00793838979838415 0.307109140444696
-0.0979201588501278 -0.0435767949229483 0.142951507956422 0.324714187505111
-0.0950340728030617 -0.0413159796742705 0.216587324186579 0.297090164185252
-0.0937937944940059 -0.0519820471399116 0.162185109979732 0.310579395275141
-0.0578836239431677 -0.0757724381443933 0.0413922983224783 0.274684549538953
0.01837881677516 -0.102714357833302 -0.0587229840240875 0.171589333030874
0.114843285656144 -0.0482606414661006 0.000324260493900851 0.0885133163749817
0.0875797031970032 0.0619355576679595 0.0915487721203902 0.114213744961456
-0.00261942312829077 0.0847927538206566 0.0828286980913593 0.348724204469092
-0.0670058872262498 0.0545916847706691 -0.151883455914911 0.581571371748195
-0.113510759036793 0.287420133172645 0.0486151211330986 0.297846718519038
0.0548991757727493 0.272680296079621 0.131974131842512 0.126018034750031
0.242551603787238 0.148872696392595 -0.0275997157384825 -0.0699146005352767
0.251584384111874 -0.073505860597354 -0.141806819158646 -0.00366548752768185
0.0723114549155427 -0.220768718925729 -0.16146144278036 0.165962945325441
-0.074852899127509 -0.183026998924803 -0.0405947229735727 0.269034305588984
-0.144353938650499 -0.164820639010135 0.0940416871442055 0.288962502701169
-0.165712487288958 -0.161029728566726 0.163716246575446 0.262006201631425
-0.16149254771083 -0.180420578313678 0.12502662458859 0.271972070693664
-0.0698673367493751 -0.199447097323885 0.0190133673273979 0.217821327058703
0.0738335351624323 -0.228351231885731 -0.0615903665141472 0.114872115494683
0.26964522313112 -0.103422593679905 0.035800930146994 0.0452446587309061
0.264638000869744 0.127684625017445 0.127502993382617 0.0985366995431961
0.077537984501052 0.256957677129768 0.111975753725835 0.347323234210165
-0.0882177757675882 0.27597221624102 -0.102762593256952 0.562273356010697
-0.123446165450676 0.460643295363997 0.0998210401064682 0.184657595240755
0.104168893186766 0.418156311025639 0.138678496940528 0.0599653341294704
0.3680979580793 0.239314358442009 -0.0228307162190847 -0.09524684666081
0.387326983712671 -0.0813473502209714 -0.125676321468871 -0.0427013389537602
0.15225925311891 -0.312631625374549 -0.163309226038484 0.110575826232795
-0.060916436061919 -0.281842632006076 -0.0623485363235964 0.194028597229426
-0.167852010417856 -0.263035888682124 0.033671847583262 0.20787831851259
-0.212383543437174 -0.257000991403794 0.0861500287917372 0.186888275905084
-0.209189860220656 -0.279438189124759 0.0665710047062174 0.193034013628079
-0.0813743506051009 -0.293900011439026 -0.0109778054342169 0.127895206772179
0.107126426044989 -0.329741193702117 -0.0595020198953681 0.0383438111889657
0.385083092391091 -0.164401808480892 0.0667515010557602 -0.0115310123721437
0.416198920791244 0.157713223797706 0.152287958586075 0.0684659500124636
0.165125484666 0.384586076825295 0.123563765599301 0.304221450842245
-0.084791762501389 0.455989103400135 -0.050930593226843 0.471542192790199
-0.111590517728816 0.576947996300642 0.154274313844132 0.023685755338749
0.156758183325254 0.515425555263385 0.129795785535536 -0.0436014582444971
0.464226606856408 0.293898682987663 -0.0275423969672827 -0.12068470274745
0.481174962173765 -0.0927113167030471 -0.0996364166346772 -0.0764159353540252
0.210444846691468 -0.370003893921008 -0.140309576960466 0.0400784424105193
-0.0405431451724331 -0.342829545480012 -0.0714778805730193 0.0868255706810851
-0.165784466905269 -0.323942864643907 -0.0296254819478384 0.093097904040613
-0.226284045439025 -0.313012606855121 -0.00484553204600968 0.083189594746485
-0.22672788509856 -0.33434443062878 -0.00632678434595241 0.087494577380796
-0.0816905685345794 -0.343441850872667 -0.0478141210206363 0.0186469153199135
0.12106623720274 -0.3828054970784 -0.0552762142750389 -0.0516919373896369
0.440008720903588 -0.204148936012742 0.0875552995049086 -0.0745872773979383
0.503841263078611 0.158973725409976 0.15824550133646 0.030648303864912
0.22957607039198 0.448939752518593 0.106952628508273 0.227402359387182
-0.0700866739759821 0.561587258682957 -0.00922928529646129 0.323059975748485
-0.0756561651904183 0.610655210549683 0.19857703403825 -0.165200963863976
0.197090042772208 0.533181908440419 0.102661736625556 -0.169169534110952
0.491592834744518 0.294560834685663 -0.0363772003035065 -0.140808909391514
0.495987599223914 -0.0960639010681178 -0.0630783271596682 -0.102976255013919
0.229044107875428 -0.371111774866575 -0.0959709025073097 -0.0418053801365166
-0.0155517845273532 -0.349432116317786 -0.0698713701455087 -0.0391615939442568
-0.137702665754261 -0.33388802677938 -0.0889603895456095 -0.039259209617421
-0.205942719997179 -0.3213855071911 -0.0956426135569794 -0.0318264296096715
-0.205416079691899 -0.339960541764197 -0.0825305225781851 -0.0293496303233294
-0.0630061112007718 -0.338888228831086 -0.0830154358128869 -0.0937018571775524
0.124289203671346 -0.368695488585486 -0.0460130812712147 -0.13872445159348
0.424694113375994 -0.194843621760832 0.0999868536342658 -0.127207932716096
0.497536939929267 0.149124949533793 0.144762990845183 -0.000842936112084883
0.236732113210469 0.437453754474147 0.0623182428140569 0.134711367642256
-0.0519187740747551 0.574698102321758 0.0179983144529932 0.143506158311802
-0.0234523748834646 0.550343931669003 0.221579283835575 -0.351593551717293
0.206922870454982 0.452160651814366 0.0587842955785414 -0.289396225952877
0.427810071409026 0.23995156517679 -0.0448317651690827 -0.148033771357904
0.413839041770687 -0.0825131067776677 -0.0213555031932053 -0.11791354081051
0.201232557108348 -0.303377379005284 -0.0396772633288038 -0.117849023297658
0.00668583197100258 -0.294204827556375 -0.0581681553914287 -0.159173996464629
-0.0887347157113971 -0.291160179177882 -0.135189315401265 -0.166232445618971
-0.151591429528208 -0.282098727020936 -0.172749357153492 -0.14219101494536
-0.147608089344214 -0.295471424706594 -0.146349786555173 -0.141073597899934
-0.0241857070774963 -0.283304477187191 -0.10320456292306 -0.191763153193778
0.120343623742962 -0.287704670312138 -0.0209122605002383 -0.205195672237582
0.345096175988861 -0.132183427474041 0.109516091977283 -0.154096157561512
0.394164072230612 0.137477988602304 0.120353506717909 -0.0153987561621821
0.187591702759838 0.359849428418299 0.00920680283137986 0.0476124649312089
-0.0352853103862971 0.492658321511436 0.0322971635825223 -0.0336640594067382
0.034685025624439 0.401601174985396 0.216084512306609 -0.500423956275613
0.180119551371245 0.293195382542813 0.00567624425337627 -0.379089651981766
0.282631730189417 0.139400413542334 -0.054896924622379 -0.139433622179144
0.253617469139506 -0.0527847519220797 0.0115093229383701 -0.112731320168638
0.136015216676602 -0.180568665781812 0.0149774719211563 -0.168361718334502
0.0274976705774806 -0.188790632455666 -0.0410761114514795 -0.249076251253141
-0.0281148381489015 -0.199730597173925 -0.162127354314858 -0.265347848254331
-0.0747896245470028 -0.198192756217126 -0.222540962752093 -0.230971097093794
-0.066118779974458 -0.207700586377949 -0.184723465656931 -0.233435221362537
0.0202365481796629 -0.187979454829355 -0.099148844560704 -0.261323659636093
0.103518696705181 -0.164831504710355 0.0204241716976604 -0.237795095575116
0.220364161395692 -0.0460850247571195 0.118097091817259 -0.147572341729868
0.234137816121327 0.111351457146685 0.0942062599928435 -0.0112698942798358
0.105781497916288 0.233480309244807 -0.0340392081172795 -0.0223702427961256
-0.0154523930933699 0.33864061491815 0.0403637575915581 -0.178872446451767
0.0839502274498324 0.188993673348666 0.181450870485027 -0.58949362322161
0.124996710089218 0.0901618579462234 -0.054577657867407 -0.428256195027394
0.100498467862328 0.0217729282454846 -0.0741209745527609 -0.119589500907776
0.0621622035000777 -0.0157095699065052 0.0251865601936892 -0.0889235805418053
0.051907678853637 -0.0346000293698982 0.0556909152918707 -0.182779469907874
0.0438044419693858 -0.0542789293232396 -0.0222149060078198 -0.292672732391726
0.0379285672103759 -0.0769331754556208 -0.164964715870273 -0.321106611737758
0.0141582581742853 -0.0846765363671408 -0.240216218812073 -0.284661897765749
0.0225060688805635 -0.0902368034579279 -0.191638442835487 -0.292516771946846
0.0557020905349307 -0.0690114004481155 -0.0728857457375336 -0.293504901233833
0.0671005072219748 -0.0319019299730095 0.0679765124279846 -0.234996980779599
0.0729080348691083 0.0261021984004468 0.121529501658978 -0.118182193357661
0.0609772406551586 0.0581747365024494 0.070276957541553 0.00271283604259805
0.0280648610847707 0.0784911121642236 -0.0588911216951341 -0.0706742060321409
0.0116993858838067 0.142698560110679 0.0434879862576472 -0.276485180482501
-0.0882217882052739 0.0892177425038957 0.0278575882188233 0.363409035901774
0.0113451284986222 0.10787810132592 0.127310156304387 0.149197064295885
0.106844179644061 0.0389837097170129 -0.0435358755972725 -0.0416095528216278
0.0962846447101364 -0.0674233034065102 -0.147564952830583 0.0515593737569319
-0.0172974981548188 -0.107850650101011 -0.124760721889371 0.221050523138816
-0.0789889972266321 -0.0594836646854006 0.014125134579235 0.316297359138039
-0.101873609114734 -0.0377687234889296 0.171461974373086 0.321030136058289
-0.100595925225658 -0.034839344455013 0.245340473790302 0.286662651301311
-0.10030053421511 -0.0469431002745982 0.190556648638371 0.306987356780327
-0.0642511288279535 -0.0727404573716467 0.0635693513428108 0.279780578834788
0.0105086152547428 -0.106233492644981 -0.0484073080422342 0.182397831511737
0.113480091934429 -0.0584479256870736 0.0061282944699172 0.0890605521993777
0.0943246942885556 0.0572983696059309 0.0983159995908234 0.108731681595801
0.00185349572943855 0.0865447465976976 0.104428952869685 0.349861394188306
-0.0641583533497518 0.0594305742064918 -0.120663415478665 0.607001989318539
-0.0968813589480197 0.300530183760204 0.066310487672595 0.302618728951998
0.0734180343606716 0.274467664038371 0.14184717089848 0.118718490027771
0.256851668604914 0.134446428004524 -0.031900469638314 -0.069967853869904
0.252954627631525 -0.0910597328653282 -0.144536251987258 0.00436030028173622
0.0587974901580647 -0.229671828436308 -0.154153767319551 0.182915398062217
-0.086950352001182 -0.181946172017313 -0.0223104433061089 0.280360773388013
-0.158297008848143 -0.158598280848756 0.11785639153011 0.288439332203341
-0.182507890678413 -0.15299354701053 0.188256748134928 0.254620059625879
-0.17888384161424 -0.174034304512633 0.150306767361732 0.268503161498157
-0.0842283783024875 -0.199466505989721 0.0362537850958132 0.22289235630887
0.0592558579338672 -0.239185118892289 -0.0545083047207896 0.125370672422039
0.269736429734531 -0.125300156386909 0.0390876769294966 0.0413698454581293
0.280832739429999 0.113067764587447 0.134365970152276 0.0910592058779179
0.0954705679450732 0.258623058383573 0.135270438954705 0.347814257782324
-0.0716014303821526 0.288663607227377 -0.0715970812453772 0.584822470519384
-0.0950875055299826 0.479412746536323 0.112022438980375 0.183292552106976
0.132945879178563 0.419265894455968 0.143136215068268 0.0506202813449408
0.39160650981272 0.218002618485336 -0.028513924757438 -0.0958709496460153
0.392735910958152 -0.108040177646244 -0.129713421776909 -0.0366060745903461
0.134338234882313 -0.329485933752372 -0.159281932172218 0.127604089518163
-0.0791130513668033 -0.284834255700431 -0.050629920642819 0.204268551858833
-0.188525240139344 -0.258234794543219 0.0499446993072428 0.210211330457099
-0.237942908230484 -0.247617041752583 0.10299418071767 0.183523578341526
-0.235851175476384 -0.271475844315595 0.0848338123393179 0.191403734799424
-0.101593808209651 -0.295716768539047 -0.000860269573443206 0.132578162957111
0.0864044062172164 -0.345447627444238 -0.0575244964931125 0.0466164058428435
0.384568000458015 -0.196272544008872 0.0668681860806223 -0.0195900940479958
0.43862037522052 0.132939574581678 0.158430389049284 0.0593944073447115
0.19380721432764 0.384198983257637 0.146381214755452 0.303728919657201
-0.0568117466955337 0.474807993607533 -0.0216933179082608 0.487602930168624
-0.0752143013683562 0.599218036570969 0.157155928487904 0.0157270336928867
0.193363425129694 0.51540847598458 0.127468748759608 -0.0536187108101758
0.493213544296871 0.266834408568754 -0.0351777700332482 -0.121166406094492
0.488867832081788 -0.124516923491051 -0.105551148361306 -0.0729793632902385
0.189050969170001 -0.393048712874229 -0.140405793734723 0.0543544362822476
-0.0625205090441483 -0.349093986712742 -0.0680236960463276 0.0950809198668487
-0.191597840392155 -0.32156697296569 -0.0235345538129835 0.0979842967082577
-0.25736550210733 -0.304197730956729 0.00238732161454915 0.0849537681359701
-0.257637344803512 -0.327036685480657 0.00210411521717827 0.0882780812340471
-0.105077878323369 -0.346775233259675 -0.0464881987983215 0.0227378726299169
0.0971643141073702 -0.400729634168579 -0.0591692624373655 -0.0461180389679091
0.439078458982773 -0.241072568811432 0.0836125184857614 -0.0849863521391948
0.529231828015944 0.129030505434695 0.162353882645191 0.0218040577612309
0.263282503464924 0.444984241636161 0.124894655027378 0.227773761406762
-0.0341331407524865 0.582677563854656 0.0124195496236779 0.330929158464551
-0.037494577959139 0.631786038364942 0.191546959103215 -0.180465383449873
0.235324755361968 0.531035993913651 0.0908628672222307 -0.179041849902765
0.523828902349183 0.267048356426583 -0.0459297495402011 -0.141127558229285
0.504147896585071 -0.130373752149721 -0.0695732852212544 -0.102661493365625
0.208267441061933 -0.396606925721654 -0.100474637367855 -0.0328668534477026
-0.0390728937843278 -0.358371764436796 -0.0750827247848871 -0.034527309620426
-0.164256346963756 -0.334665690904638 -0.094509458537504 -0.0327226358969527
-0.236385083027862 -0.31466516503898 -0.0998258650855005 -0.025172528768667
-0.235740596054144 -0.333738209587251 -0.0848168353945686 -0.0252112841758438
-0.08562916296991 -0.344090562254846 -0.0908064889402254 -0.0901527332674027
0.101477423575742 -0.385846168972725 -0.0548132408892813 -0.13713360522773
0.424703051090687 -0.229792485866497 0.0920288583643457 -0.139875413225617
0.519943986916124 0.119571744219758 0.147180368895401 -0.00968153394111911
0.272229161532717 0.431642830289069 0.0748787275775887 0.13616634133684
-0.0150541772203503 0.595162156871559 0.0289932556280975 0.144333009688808
0.0126371328949651 0.56833022157721 0.204366809395019 -0.372522830100976
0.239089607772852 0.450496412365235 0.0388414683218887 -0.298614361372184
0.454623816961113 0.214979457764672 -0.0554714276250275 -0.147418897138951
0.420938478550442 -0.111334007614731 -0.0280272930216515 -0.120301839855816
0.184735735536081 -0.325436946769467 -0.0479463885103771 -0.115977396929939
-0.0123215429066784 -0.303911122538347 -0.0727848704359599 -0.15933435482519
-0.111749536893865 -0.294098891063773 -0.15120316651631 -0.158739437531665
-0.178091616227987 -0.279031849779057 -0.186844297952963 -0.131944248108173
-0.173462843292947 -0.292125832454709 -0.158738731431576 -0.134921230032882
-0.0429481488070409 -0.28920746562124 -0.119091103017557 -0.189278004272808
0.102738369177511 -0.302502577579854 -0.0341973213050892 -0.20731804903929
0.346929718209582 -0.159323171407078 0.0999507783054714 -0.166750602619967
0.414475102422295 0.113848208543728 0.12261258241816 -0.0222906704849378
0.215294074037183 0.356983796221733 0.0154051188441005 0.0504713606205978
-0.00251293551377564 0.509492054258659 0.0330321689328521 -0.0385308125779574
0.061633892505202 0.411411799596209 0.190314980860267 -0.525967767111028
0.201486638262779 0.289067026470623 -0.0204558058166634 -0.386708242485029
0.300171015071635 0.124341837580505 -0.0656389164771697 -0.138908075926499
0.259494289214652 -0.0695824511880295 0.00622042008246386 -0.117047500659623
0.125892536384335 -0.196143934541486 0.00427290688272471 -0.172626175802926
0.0152229158063363 -0.196985223863129 -0.0615369536262314 -0.252745999907054
-0.0434276725392416 -0.205153040311317 -0.186859335297184 -0.258712740564594
-0.0926637619475481 -0.19912072328917 -0.245295486527956 -0.218471613737638
-0.0828091399083047 -0.208975025926998 -0.20603380922626 -0.225771855408573
0.00844457309782062 -0.195046791740065 -0.119778004128788 -0.260860160798957
0.0948428071873404 -0.176103716357621 0.00521879353553504 -0.244978821443983
0.224442046182297 -0.0628961738636718 0.109368630093893 -0.15952146751119
0.24797742899041 0.0973112129878739 0.0966858368610511 -0.0159096854696844
0.124126350506046 0.23264457321037 -0.0329940914850711 -0.0182569880826703
0.00604802602882733 0.35083017094584 0.0325184532422058 -0.1891983776804
0.0987080842375407 0.190179616853606 0.151586144998987 -0.613692994478604
0.131787276034358 0.0857771308865556 -0.0837046118461986 -0.431858072030889
0.104702696734672 0.016525561954269 -0.0827798773476695 -0.116996514877709
0.0645709368503491 -0.0200596786250792 0.0208551817100523 -0.0924685985565333
0.0513347445847668 -0.040090603941567 0.0450360699916655 -0.192108499915475
0.0408878260989125 -0.0598839470448054 -0.0454224590773175 -0.299911957535019
0.0321229708167461 -0.0833564078580306 -0.194888032603509 -0.315864090761066
0.00747889517231832 -0.0887622463276883 -0.266941499211233 -0.27155588652651
0.0164570193190283 -0.0947421976051132 -0.218071973295377 -0.285224018645211
0.0521287915240518 -0.0759463108912612 -0.0960384926607987 -0.295489806241807
0.0671417807773998 -0.0371756892038308 0.0539728185398429 -0.246259158280645
0.0782313523109989 0.0211852398175643 0.115029226130341 -0.127964647347993
0.0671972491692003 0.0547905132270125 0.0737452860853893 -0.000489067769717404
0.034532054638088 0.0788418684083941 -0.0622550269534717 -0.0672074617460481
0.0213741538322439 0.147198792026143 0.0288437390157554 -0.289447889908481
-0.0836036886177902 0.0932975058605942 0.0481013658653775 0.36368277099374
0.0174721065372325 0.106894976845468 0.135444431030483 0.14020329583659
0.10763055593308 0.0321838301425165 -0.0453928696025967 -0.0400733614407828
0.0919972823240164 -0.072705272968042 -0.145440163287272 0.0596339492308558
-0.0235633489436157 -0.105464691955692 -0.11100010893006 0.230563731397972
-0.0819180862235001 -0.0545590341400198 0.0351370510362129 0.318537949898617
-0.103683000776255 -0.0308171712995708 0.193312200903223 0.309290481493184
-0.103204618425969 -0.0282157084126733 0.265268800130788 0.268397478448169
-0.104144272749802 -0.0400256942786662 0.213331566174978 0.293727992701817
-0.0679415112577787 -0.0680481016457651 0.0832975025237753 0.27800270471276
0.00308926797339943 -0.107122877239504 -0.0368567344785928 0.187820865593728
0.109182117172298 -0.0663003665790809 0.0112020987478784 0.0869875932635954
0.0982625378298549 0.0513198643842157 0.101775330098045 0.101201899823179
0.00672240157163508 0.0859529739667998 0.121425452981918 0.343840574788135
-0.0597594135002456 0.0620157490279412 -0.0880702393321161 0.618228031778146
-0.0799048458253482 0.306220404495817 0.0819024153688343 0.301424407579685
0.0887055081001686 0.268932754064761 0.14709079194576 0.109267274069878
0.26413628899029 0.117962069207422 -0.0358815082707505 -0.0689908715473277
0.248560935166224 -0.104895719020473 -0.143966588839112 0.0122098270251774
0.0444878063729932 -0.232948373482857 -0.142255165741432 0.195317726852988
-0.0962397435175949 -0.176720578285174 -0.00435138087903373 0.283835604443718
-0.167146944928427 -0.149481376079886 0.137731213192214 0.280289102477089
-0.194934626036227 -0.140412708722424 0.207465027148606 0.240109365875301
-0.191418750825947 -0.163099076410031 0.169960393608507 0.257986807709723
-0.0956881348852481 -0.194644027460769 0.0524785552899273 0.221633371812655
0.043794442929011 -0.243368706285486 -0.0459688807097493 0.131599197039394
0.262783849402645 -0.143991594509579 0.0405621244179916 0.0367379632496114
0.289485337865859 0.0957350695663524 0.136269176515372 0.0828046230860175
0.110162209477304 0.254240521222431 0.15444921277293 0.340429934870864
-0.0535493809803516 0.293435988991358 -0.0397544801781494 0.59062308892897
-0.0674268595190994 0.48488130410583 0.120609523303698 0.178979454602347
0.156147135177223 0.410393610186517 0.143872493336827 0.0420703839581203
0.403693171136082 0.192454775672046 -0.0341716857431566 -0.0942597637818232
0.388433656216834 -0.130144005748911 -0.13158409724838 -0.0301704677992223
0.113523277463344 -0.337266330764792 -0.150188499805791 0.140485480610611
-0.09518054760824 -0.280794525924868 -0.0373622396975194 0.209380116707103
-0.204632002882271 -0.24761853802012 0.0644530430697566 0.206942312331616
-0.256774491451852 -0.231807235377253 0.117230825575102 0.175266414184663
-0.254767543745879 -0.256790267350531 0.0994629893325884 0.18426061360943
-0.118363502083787 -0.29049332083891 0.00909531719059373 0.133633733889298
0.0644606673438385 -0.3518235973924 -0.0527717262432272 0.0526654346114377
0.37388319827792 -0.221162521024561 0.0642234397311591 -0.0262076197649529
0.44903126367104 0.106225682291467 0.15963302197319 0.0509127537741155
0.215857908610108 0.375074165227016 0.16341447872253 0.296288442258934
-0.0295653673504627 0.48075218901372 0.00548340659243714 0.489963290775903
-0.0380123543927926 0.602383955275188 0.156647184958417 0.00832372863246696
0.222715527765531 0.502273888421684 0.120979656438199 -0.0606954022621985
0.509008524878049 0.234270532883031 -0.0421103912743443 -0.118769253847998
0.484094260109216 -0.154353648609444 -0.108419145379305 -0.0680160569927709
0.163775646666432 -0.404334527079974 -0.135201467613788 0.0662891618828482
-0.0826310306319635 -0.347110192885875 -0.0620616259609821 0.100636595144712
-0.21184443691246 -0.310886371330802 -0.0163214331719155 0.0996253904375363
-0.280490043253772 -0.287566314975134 0.00917063189210663 0.0846719725811113
-0.281231794070127 -0.310489438871136 0.0096136256774053 0.0865466357439181
-0.125223695875835 -0.342185994481012 -0.0441237292314061 0.0262449599850402
0.0719058371992686 -0.408297767046041 -0.0603217697569931 -0.0407684141445948
0.427549476295897 -0.270809130382101 0.0763427138604845 -0.092851674661859
0.539239796176001 0.0955922528894366 0.162404693373508 0.012935155486268
0.289919083212544 0.432481616760202 0.140333520740257 0.222181194441194
0.00156570007540466 0.587920407479759 0.0316057617145934 0.330057055417701
0.00314775007402617 0.636181234605767 0.180688585957885 -0.189951525716791
0.2661673595004 0.518535747031024 0.078073118196156 -0.183829859722016
0.539596331469959 0.23337290721586 -0.0534970974384032 -0.137203592275615
0.500654384097723 -0.159762121766814 -0.0740742652055977 -0.100829742358463
0.182289031396712 -0.410365274258389 -0.101302759071903 -0.0234902948602118
-0.0595339926166606 -0.358980553520407 -0.0785426936486288 -0.0289113967088245
-0.185003129065266 -0.327010720464503 -0.0966275470306808 -0.0256093559874838
-0.260678176680653 -0.300297290699107 -0.100631898019058 -0.0182514858617019
-0.259450571044842 -0.318546481499786 -0.0860283087271229 -0.0214324052386437
-0.10517120337328 -0.341110310053239 -0.0969421876061561 -0.0844111518036672
0.0764923734084107 -0.393083689455231 -0.0623776394154417 -0.13217368478383
0.413456232454145 -0.258890052617906 0.0815065595273373 -0.147881260919146
0.530315276628454 0.0853691501664275 0.146424508101063 -0.017439049173571
0.297489730895074 0.418423168978067 0.0862937445577626 0.133544483810642
0.0213139176277515 0.599974862398899 0.0379621333033524 0.141364951065184
0.0470236885970156 0.569288660600634 0.183206949736504 -0.382728260676298
0.264701507151528 0.437476475392502 0.0194592538907365 -0.299127846763383
0.468302434781746 0.18802416395254 -0.0636201343079871 -0.144094584298585
0.418460294296294 -0.136437915300436 -0.0335095266538472 -0.120318603838317
0.163738044751366 -0.338517033413021 -0.0540419428889554 -0.11094835059675
-0.0304623960240339 -0.30618937860154 -0.084264379945675 -0.154344835503659
-0.131510992406319 -0.289668225398663 -0.162685271107155 -0.147126708551427
-0.199455363664796 -0.268388050079479 -0.195539903230947 -0.118075496030742
-0.19395436256066 -0.281690148239045 -0.168195185948012 -0.125440387107923
-0.0594776834355403 -0.289084424372742 -0.131290951677585 -0.182646604415537
0.0839397078555113 -0.309595564061247 -0.0462831730150595 -0.205044042407559
0.340634563831039 -0.182795536236298 0.08808311356878 -0.173701236639794
0.424146240160713 0.0878981545569815 0.122008582295255 -0.0283367621055448
0.237575677497779 0.346246774120551 0.0228311364930325 0.0509576808388313
0.0279186293862766 0.51384057175418 0.0319375193315968 -0.0438016557398467
0.0863903001871524 0.410343426690859 0.162420572106287 -0.535851454192598
0.217575877750268 0.279940943668439 -0.0439125113864117 -0.383497229672418
0.308700274852571 0.106881277656161 -0.0732659313769185 -0.13439762036986
0.258385472524807 -0.0855966384223009 0.000647941775372365 -0.118836367256124
0.113290359118619 -0.205406218506816 -0.00495241266234301 -0.172405241359955
0.00253816460806424 -0.199947633817244 -0.079149054887644 -0.250362107977108
-0.0574277494031813 -0.205393087680357 -0.205152944247543 -0.244803570540914
-0.107335197109275 -0.194622211454841 -0.260181626921421 -0.199832650163864
-0.0978842518609411 -0.20398125425677 -0.222139710810351 -0.21305811887483
-0.00240188322587448 -0.197667322721264 -0.137932478782974 -0.253544878626965
0.0836257552985017 -0.182034769419409 -0.00977645997961848 -0.245668846668953
0.223489469291751 -0.078136795797097 0.0984028210406252 -0.166605223758639
0.256347854757368 0.0818215272419154 0.0972981264595717 -0.0209040381186846
0.138410594962867 0.225921242391147 -0.0301100836661817 -0.0153409862540138
0.0281299389262096 0.35381649149964 0.0226860264740587 -0.19482625727949
0.110473417130644 0.186500885181901 0.118400964405304 -0.622671546563593
0.135324662417723 0.0795913590098984 -0.108649233900925 -0.425236931991291
0.106989018432217 0.011039886420403 -0.0898877033349759 -0.111528719045492
0.0652136486186808 -0.0233958343676642 0.0168673699472861 -0.0951647092806121
0.0484674340867769 -0.0442658843246089 0.0339536082987832 -0.195672740383939
0.036268684622479 -0.0640237828588948 -0.0655075061355728 -0.298789921675447
0.0262221409622114 -0.0878917210070308 -0.216934024035945 -0.300973610280858
0.000806845878096492 -0.0904019908921109 -0.286042231640903 -0.252628164569035
0.00947526621162096 -0.0967114731352537 -0.238444549768848 -0.270846685435937
0.0475929867285493 -0.0807953736098766 -0.116390312995632 -0.290701472039535
0.0654495114424028 -0.0417945450247255 0.0379549774763513 -0.251110241361667
0.0814087438806086 0.0157664463492452 0.106731823682132 -0.134426665659424
0.0718598154206291 0.0500451218053334 0.076055105853932 -0.00371665244716008
0.0397248440721145 0.0775474328640973 -0.0623293355044672 -0.0626996092378079
0.0307364309258949 0.148406206173142 0.0135448916339354 -0.295563694884557
-0.0427792127876365 0.120307091172256 0.166288372944403 0.322335623290328
0.0570106607030963 0.0928922553396214 0.167676706103192 0.0830644809176576
0.111040667317893 -0.00805878065075819 -0.060690054573697 -0.0171531940695439
0.0575399930742425 -0.0998436478465385 -0.114188539500572 0.112972000654462
-0.0577016404326857 -0.0861167307887942 -0.0209609024424776 0.255611341429047
-0.0924593839983358 -0.0178928815580936 0.149494193033359 0.283600767001291
-0.106807051904104 0.00941805348296823 0.295954916699242 0.216484691733995
-0.102931398235672 0.0110220261451383 0.342767121049206 0.149020929233556
-0.110436295444036 0.000283895662581015 0.302739144199363 0.197104241867375
-0.0852590495432373 -0.0402627557920787 0.175836141033472 0.230888555917729
-0.0352266540358823 -0.0993538503986654 0.0333964694233514 0.190482416332311
0.0773771911353422 -0.0990726921257015 0.0366916297390417 0.0783468491074389
0.109054791953131 0.0139962645271796 0.124405747467273 0.0594905457360107
0.0342061614440124 0.0751906703208128 0.225818673984599 0.281887099198304
-0.0370357323812437 0.0734336519482147 0.114543878139235 0.603985688603709
0.0387605131629738 0.321143286354403 0.168712497200285 0.247420880326281
0.183376174180902 0.220462981095953 0.158507916525148 0.0491747859106071
0.287867578693051 0.0144192440832026 -0.0689735476638521 -0.0392269290884327
0.191094440964505 -0.189534840239605 -0.13028182857749 0.0763967626501924
-0.0393529686664351 -0.227911401598687 -0.0567236349709373 0.238203563369581
-0.148639894416237 -0.127583542289914 0.104926775307584 0.266401138779498
-0.209819429475153 -0.0808171884248395 0.237698182776023 0.212657823471525
-0.227050224526055 -0.0616431799676697 0.282271851153636 0.142487432197421
-0.234780315975768 -0.0824909019867456 0.251822485966878 0.176911776598546
-0.153535896372558 -0.149538183711393 0.130458349038877 0.191549733270662
-0.0439908692462872 -0.240306420128405 0.00781217346031985 0.144652160532816
0.19571550127201 -0.224744191756231 0.0434986844570551 0.0241221090363748
0.302572475450248 -0.00867829103530556 0.147653217584104 0.0284128134875647
0.189789517621407 0.197652056712819 0.257499415793661 0.263982795640338
0.0457863428295065 0.29285358223414 0.157290654126369 0.55848229247808
0.116365656450272 0.487025530137821 0.158237130060194 0.115641896052956
0.297515456125279 0.329185939366328 0.125282790581785 -0.0127381683816475
0.445153011859186 0.0327019995340529 -0.0831178699154309 -0.0564895203749577
0.312539217782456 -0.265815826640916 -0.133791336963835 0.0398888195357742
-0.0132455770075243 -0.34995281991434 -0.0782246107201843 0.194550962641606
-0.183665414125824 -0.226058687836965 0.0512703148741678 0.210042190480207
-0.280262213898309 -0.162284805031432 0.145003625501987 0.174322713299741
-0.316947026933975 -0.124796870063391 0.178600202032644 0.115091345943161
-0.32596935787612 -0.148858242622239 0.161566226222189 0.132636209136081
-0.207938075445155 -0.231295279498382 0.0614056997371438 0.124905173524142
-0.0618781270128479 -0.347235440440017 -0.0233490527977805 0.0754654471777064
0.274315588275131 -0.335867713177803 0.0421563223392239 -0.0398251030366395
0.455157471372427 -0.0533105036048963 0.155948114548445 -0.010543985027279
0.329801199222233 0.275351211393212 0.253971111431367 0.217512912876498
0.130027620491342 0.463656411006288 0.172200096944717 0.445127941963303
0.185221974205757 0.589126839400897 0.131079013822799 -0.0588211615157528
0.393828470418565 0.392382878734262 0.0635663628723354 -0.100890021531665
0.558782504404803 0.0342653505617969 -0.103234160342038 -0.0710523333761124
0.392812377008927 -0.324515466347943 -0.125331770583276 0.00206532842157186
0.00906464293751375 -0.431429025404514 -0.0873082201810422 0.123049828139916
-0.195944475606727 -0.293486999353508 -0.00848794316536554 0.11824814534085
-0.311131500251612 -0.220246848716614 0.0318683874454267 0.106460500233388
-0.358215100029685 -0.16873165423569 0.0481520544000996 0.070452738299544
-0.368766461185895 -0.189156236525343 0.0446716223979677 0.0727134162120145
-0.232216447330852 -0.277989900134542 -0.0246548386227629 0.0435727536690617
-0.0742546943787489 -0.402393510242949 -0.0616836728538962 -0.00725824183848
0.307146624529215 -0.4003847712603 0.0308599245263545 -0.104102695208518
0.53643103848748 -0.0938404476805004 0.144866192252306 -0.0477477197174929
0.41923651329348 0.304488228703474 0.208773823942477 0.152259545167168
0.195372830140002 0.556003479439777 0.147998124802909 0.284454335212503
0.233531900037439 0.603559566141836 0.0846911012326893 -0.252613292221997
0.439748808015127 0.391548589995858 -0.0197543200262835 -0.200308487787915
0.58907901346017 0.0214349133021049 -0.121331292632519 -0.0828785758204514
0.406852408345804 -0.337765403649519 -0.104224048483996 -0.0399323395700617
0.0245598773720132 -0.445524788545583 -0.0859543545296667 0.0274509332102814
-0.179478719431375 -0.312976893843967 -0.0690650169169597 0.00345122612868777
-0.293407538382821 -0.246407636108283 -0.0884109758801956 0.0202605587930677
-0.344965641530821 -0.186809678634702 -0.0901209128690284 0.0161110212470235
-0.35210364591314 -0.204038447387279 -0.0816362758125443 0.00642472514236786
-0.213324202439647 -0.283036847546149 -0.112184979876893 -0.0418455366089571
-0.0647748770432075 -0.390501946409678 -0.0952489762230459 -0.0922018867361871
0.29945945048287 -0.38385804574264 0.0182077686550978 -0.156639445755623
0.523880697125078 -0.0999986129371152 0.1213400615695 -0.0701316615604616
0.421742931363924 0.290181479563971 0.130502503537421 0.0872674834406665
0.218630489434135 0.562544830522108 0.0943357659021576 0.105257397547511
0.251690406678783 0.521921113487855 0.0237089587588923 -0.432785169643818
0.407619510658197 0.316607844101671 -0.109294774662015 -0.286847788515858
0.505725691632875 0.00424808004892435 -0.12823474243217 -0.0893818963828598
0.340088837504293 -0.285061868042546 -0.0722193999801793 -0.0775072785705119
0.0320824049059945 -0.373031126951424 -0.0744247004006725 -0.0729699722696215
-0.135535946157857 -0.276321321005823 -0.12115275859878 -0.111906328555708
-0.230420492003275 -0.231856798385806 -0.196708301211714 -0.0693557387793567
-0.278645076491739 -0.179300057598859 -0.213752123236752 -0.0405143639090471
-0.278668891284521 -0.192314339451323 -0.194976247104303 -0.0606317392015003
-0.154778644932516 -0.249641410441612 -0.179338043133602 -0.121360922463404
-0.0278075960212192 -0.315355923448976 -0.10798654869773 -0.166643349515215
0.256636545852097 -0.289150890209268 0.0167774744746249 -0.184244007826955
0.424566390964242 -0.0632992209737416 0.0969613124249195 -0.0720307881821223
0.340385281028258 0.242483899983653 0.0438757755445469 0.0316142150316267
0.19612890897731 0.480184317140281 0.0278672292456488 -0.063402778438969
0.229712342965502 0.357738627892934 -0.0427297477591694 -0.567154485352763
0.303772131162988 0.184834738925564 -0.188868057879857 -0.342839503221345
0.328097800312878 -0.0120294236181468 -0.126220621881592 -0.0854727827493631
0.209907512528515 -0.17794330696632 -0.0397719363967528 -0.0975448863381392
0.0321234045452966 -0.233147747668944 -0.055024723810846 -0.152494705236857
-0.06872110344072 -0.190771322817957 -0.155636929267516 -0.203887836749434
-0.131052369880657 -0.177144815252975 -0.274876959636324 -0.146610332563381
-0.16876959197721 -0.143399913167824 -0.30671782983174 -0.0911518950407385
-0.162146220793981 -0.155546636527042 -0.276977872887187 -0.120574406562248
-0.0707701999540505 -0.184156303308977 -0.212440948060894 -0.186033575488588
0.0159415271297739 -0.198256322648114 -0.0907696446357817 -0.219026281500065
0.183495463573193 -0.150572631367766 0.0313780676289372 -0.18345573140467
0.266589524434139 -0.0115810363650577 0.0811869999705106 -0.055856681370757
0.207077829446968 0.164854210823824 -0.0276620314010228 -0.0105432539151194
0.144929558857375 0.329421877246812 -0.0329074429817514 -0.198930832329382
0.169091166348502 0.1346196469126 -0.106978838196271 -0.626653819206549
0.152617798523048 0.0264323395242353 -0.252237665051933 -0.358705208761274
0.104540326335866 -0.0276607034777003 -0.124669185155728 -0.0679674335352505
0.0528049117781194 -0.0476972380648855 -0.015859463615387 -0.0925287351709986
0.028399124507061 -0.0612731382177819 -0.0330687167168973 -0.193623868235437
0.00960965951028014 -0.0763796597093594 -0.166524332204932 -0.254814132987934
-0.0100481632159854 -0.095540678942249 -0.31174365090086 -0.197599693476109
-0.0329314002588053 -0.0855812364232597 -0.352118770715053 -0.127972883186256
-0.0254805213185076 -0.0934062551767115 -0.313865937533345 -0.166564765638705
0.0151715129269296 -0.0920901812625679 -0.207750325714828 -0.228988170717497
0.0475441023918381 -0.0620363952913853 -0.0521617290239246 -0.243493040400274
0.0825643708135737 -0.0139519153618176 0.0530460732661954 -0.158569817547867
0.084458446626798 0.0212308858788735 0.0702617143333897 -0.0311512352320797
0.0650215515972685 0.0600125695950759 -0.0755783830208377 -0.0410739282162463
0.0798781335883261 0.134081724132564 -0.0788091880900239 -0.286289622742983
-0.039745849274172 0.120508434841873 0.173849596553651 0.322284377760479
0.0587721777392997 0.0912800550646635 0.168589174760237 0.0785208716468619
0.110248472014968 -0.0101205293787709 -0.0615482005135318 -0.015767977217761
0.0554380362345609 -0.100978271986144 -0.111372747825512 0.116744811042529
-0.0593693662414099 -0.0839427298471442 -0.0117889325584178 0.258671476815791
-0.0919565522739777 -0.0150944115196289 0.160617237754871 0.281617720018447
-0.106088970591392 0.0128981130777599 0.304000422313413 0.205922406330903
-0.10308612646611 0.0149532977733316 0.347793775901386 0.134763194465926
-0.110598835752274 0.00449114935172212 0.312237033458204 0.185903077441591
-0.0860384480408353 -0.037673199297724 0.186099437161934 0.226038607633811
-0.038622989344321 -0.0979084869623763 0.0404060219074285 0.191666238944592
0.0736740236292518 -0.101604990743524 0.0372016388695165 0.0770369877388701
0.109602537459645 0.010097806375458 0.123205636640183 0.0570585240007108
0.0358770008534416 0.0741191639372075 0.231290661923035 0.278484912916994
-0.034503834465756 0.0733162637227651 0.129977971893312 0.605063640153747
0.0477409168462618 0.320348115161319 0.174542689815212 0.245296712748273
0.188296203689265 0.215599861649803 0.158541653192657 0.0455053288226894
0.286728167488071 0.00634158384766813 -0.0702984532215605 -0.0374274607302171
0.187101993088654 -0.195027411599998 -0.128353151288141 0.079814650158813
-0.0454249487761594 -0.226574976905147 -0.0479752530385408 0.242310657907186
-0.151612787877624 -0.124067641540198 0.115517177866129 0.265382548697061
-0.212194396228563 -0.0750203615509673 0.245900674308213 0.204091077470516
-0.231026202777561 -0.0532962805059196 0.287413223584395 0.131263352710258
-0.238367565445389 -0.0741771476463649 0.260151437773069 0.167421048457323
-0.157642153535608 -0.146731212577988 0.13842238379342 0.187278129778203
-0.0520461827983883 -0.238921733659785 0.0142274410045438 0.145913094433213
0.189969258980143 -0.231634875713228 0.0422860153283495 0.0224541472564962
0.304479523406947 -0.0188112145908933 0.146098532341693 0.0260076555867398
0.195024586112862 0.1939840495696 0.263319723006483 0.259107101920812
0.0546078851478881 0.292944827026256 0.172818000592334 0.557646419178909
0.129334013503603 0.485525246275089 0.161742990750457 0.113349744012137
0.306459056301386 0.322411557872233 0.123396956523546 -0.0150749297155189
0.445166171766629 0.0204076064401833 -0.0846385944225939 -0.0537333736660849
0.307621536564987 -0.275872760700571 -0.133092827606367 0.042640352882931
-0.0225661755007775 -0.350173382828511 -0.0707096554063667 0.198909443509682
-0.189718491208088 -0.221806512418102 0.0593189327827943 0.209810872628717
-0.286967037801145 -0.155127227157294 0.151978730003974 0.169191100824745
-0.323492628275752 -0.113187850516583 0.183309346907253 0.107090741606884
-0.333141446591778 -0.13631848818185 0.168185483430054 0.124602085530626
-0.214480537953147 -0.228416355778801 0.0665149641102335 0.12251854869961
-0.0730981015964481 -0.346292282059851 -0.0193216317149706 0.0769235738375852
0.266182699076053 -0.347723277313268 0.0388984126582566 -0.0412870753687962
0.456730914722781 -0.0673800070738995 0.154312619270242 -0.0130187327214854
0.338366823870081 0.269959407083272 0.260291285657799 0.211550953343477
0.145372667221409 0.462729767324909 0.18327156130714 0.443117375586827
0.201878225130567 0.5849905101435 0.130410458451446 -0.061238559359588
0.40387710802874 0.384946004176216 0.0602613689709268 -0.100988154996273
0.559978926642191 0.0170052122425418 -0.105378816774585 -0.0671395576779411
0.388017429990402 -0.338001565075236 -0.126169057111107 0.00344549565980614
-0.00369088202144486 -0.432899111168514 -0.0813634415197032 0.127184658300869
-0.204554292501377 -0.290263298611741 -0.00305663215783802 0.119516200332887
-0.319438406404424 -0.214355188453417 0.0361330442945385 0.105107267841146
-0.367641583688272 -0.155584307310059 0.0516235875383975 0.0676121524017624
-0.376952382667445 -0.176029856823038 0.0480120221647945 0.0691236547940018
-0.240007951168685 -0.27388399675836 -0.0227977585818326 0.0437180860415977
-0.0863573652167561 -0.401127955111295 -0.0602514646570155 -0.00534223028708068
0.297666379223981 -0.412703263278641 0.0259933615007042 -0.104867348200696
0.537772442663895 -0.111110887520471 0.143786436440404 -0.0501965017922108
0.427730424394132 0.296592814740704 0.214984061860314 0.146918629853305
0.213604323306969 0.55514867178465 0.155782841007678 0.281059606844905
0.252175177141769 0.598769102240913 0.0793727830119606 -0.25537324229507
0.449210878443724 0.383480793703326 -0.0250431119630053 -0.197835179183289
0.590448721734254 0.00383940809573309 -0.123533775043159 -0.0796593267294861
0.401075306815802 -0.352832042282538 -0.106580966769317 -0.0385836689039124
0.0104794126489761 -0.446996195721349 -0.08233477366753 0.0312347499902715
-0.189885218005993 -0.3111635066443 -0.0689294252125331 0.00591740712135974
-0.303855354299477 -0.2398485994579 -0.0868800397700529 0.023181524168932
-0.35520343632361 -0.174559156763271 -0.0881333912549583 0.0186770743393301
-0.360410457486116 -0.191676462753461 -0.0811828828809095 0.00744042039911339
-0.22262793286538 -0.279544214250262 -0.113902460889535 -0.0380780225702908
-0.0762683200271749 -0.389141898163292 -0.0969014935577775 -0.0901595675251555
0.289869067283685 -0.397403955500332 0.0113993703594947 -0.156440321483338
0.524135123967859 -0.116939408211019 0.120705319994266 -0.0728164362436763
0.430408957751857 0.281535027828854 0.135329385572721 0.0823295382556671
0.238399178246436 0.560465028921325 0.096879547925536 0.101584462911978
0.26731353038267 0.519275403777042 0.0151180444650879 -0.434805972184184
0.4179644253834 0.309891056794449 -0.115892355210474 -0.283420241077319
0.508671458283718 -0.0105780123038129 -0.131227535626822 -0.0853230180669805
0.337020974886845 -0.298073259649985 -0.0757011760010221 -0.0781374151338909
0.0199947093735659 -0.375672441090105 -0.0748688812701941 -0.0712060081697528
-0.145474351820733 -0.274774667566831 -0.125703431249298 -0.109116776987976
-0.240475461412054 -0.22745434260822 -0.198265682147601 -0.0624910770145851
-0.288666507960083 -0.169262940383472 -0.214084337105004 -0.0320985614900079
-0.287176994305109 -0.184033298618877 -0.197967711184324 -0.0546784749571013
-0.162960108340276 -0.248303817987631 -0.184730037596161 -0.115771836889997
-0.0366349595709946 -0.315427779685424 -0.112892048960365 -0.164374781810239
0.250477399000375 -0.300025500572057 0.0105928079431056 -0.184591810877655
0.426213470370849 -0.0775179319998561 0.0973423401385652 -0.0743959855635838
0.348943446741169 0.235539594162001 0.047536572697828 0.0285063526043856
0.215685961000894 0.478371449519097 0.0254906699008993 -0.0672847344804386
0.241128097462521 0.35285729794687 -0.0560686902383345 -0.567378853640521
0.309933255181518 0.181169298666556 -0.196654694040342 -0.338063067565224
0.330013218197033 -0.0217963892898247 -0.128763201927881 -0.0817409450220939
0.208886091629051 -0.186406130757145 -0.0439544181552068 -0.098849998697988
0.0240293264739164 -0.23557299744907 -0.0588655922143759 -0.152036598777309
-0.0760432206115167 -0.190806182861133 -0.16380174137889 -0.200384867900437
-0.139391225068319 -0.17557906585637 -0.279987774008794 -0.136385653618464
-0.176773929363315 -0.1378426210322 -0.307850090881441 -0.0796714538223039
-0.17000499755834 -0.150745131773657 -0.2822903304889 -0.111585590345742
-0.0775447787254157 -0.184573703538082 -0.220005737242067 -0.179679807983238
0.0101097436495736 -0.199586338576076 -0.0982633435428298 -0.217467167773252
0.180743988181717 -0.158901798607392 0.0253458837326383 -0.18351084310255
0.268480464595175 -0.0212687846313026 0.0816596313659473 -0.0586824484003425
0.212571094457182 0.161141847605932 -0.0250242549818353 -0.0113782967722819
0.157150829532101 0.329018363650514 -0.0393685811001656 -0.201413030680822
0.173857486328793 0.131422999684605 -0.119370458579952 -0.626448508448754
0.153532185009139 0.0253019533264953 -0.259963760292213 -0.353341748953731
0.105641001252837 -0.0304263027857044 -0.126615341102615 -0.0654540384044018
0.0530028245523325 -0.0498584928731855 -0.0196683585867101 -0.0941107505526614
0.025985640079918 -0.0627540612213222 -0.038739983484335 -0.194792601740229
0.00592201134726181 -0.0774846332700874 -0.176639988811896 -0.252337499400437
-0.015114877026243 -0.0961470983056666 -0.318639831520826 -0.185727002578942
-0.0375791770587205 -0.0851173372386898 -0.356003924181273 -0.115159727958791
-0.0293832333123193 -0.0943841492674219 -0.321538794674866 -0.155025084405893
0.0110640341689399 -0.0937347940797717 -0.216383276190792 -0.221988183616824
0.0455848483654152 -0.0645173688754035 -0.060639667878474 -0.242833099942992
0.0832766681421152 -0.0186362787871811 0.048651453301883 -0.15948874079122
0.0860165666531673 0.0178318639414793 0.0716351441915858 -0.0342890112596775
0.0672019276178512 0.0594674339293106 -0.0746224326812482 -0.0408116649245016
0.0852516799248617 0.134297912668234 -0.0882369469367348 -0.288039460056751
-0.0375162522854638 0.123575613512459 0.184582986407829 0.327191312199556
0.0622557485185572 0.0905226066783071 0.172359907933495 0.0758737529463154
0.111685570512752 -0.0122453516682263 -0.0635449002432827 -0.0151847912771146
0.0539144743242635 -0.104202952225741 -0.109258760330415 0.122298110735827
-0.0615219079480817 -0.0834646802074689 -0.00315032970654743 0.265789940709979
-0.0923243092310952 -0.0126969083798275 0.174224555303049 0.283902917570309
-0.106582214996508 0.0161400957851689 0.31640477439448 0.199702065425865
-0.104406912222803 0.0197309223556565 0.357789723529889 0.124492957576458
-0.112461215865208 0.0100005312380872 0.326669574061278 0.177766718805329
-0.0880379586966074 -0.0358429684831705 0.198698970235007 0.224349994661774
-0.0424503423460371 -0.0979480527482808 0.0482981312233007 0.195690624609935
0.0710971827323985 -0.105018075166262 0.0387772603259577 0.0776146643412477
0.112040550608848 0.00637475139911314 0.124182389659995 0.0567587181460987
0.038766410932278 0.0737664121515551 0.241648284746141 0.279630368537481
-0.0332172193409894 0.0741100885453269 0.148813303649206 0.615665986153895
0.0577029042095172 0.324900945672267 0.1836640938657 0.248550506760877
0.196387546467677 0.214840913253363 0.161288329577409 0.0436621388845495
0.29157596650937 -0.000960503809671717 -0.0726892765417765 -0.0362789454820614
0.187009710708804 -0.203817397973436 -0.128144524906107 0.0840985765055295
-0.0518817520095744 -0.228881807666173 -0.0393208084020005 0.249927058836944
-0.156929376821252 -0.122740148718536 0.127662239607324 0.268392358209871
-0.219197568458569 -0.0717588191697709 0.257147313767589 0.199706130889521
-0.238611994964805 -0.0453563801607478 0.296783488327263 0.12210421324641
-0.246528977547957 -0.0661621638492722 0.272736576106753 0.159180517740634
-0.16464855738148 -0.14620283776566 0.149478412258143 0.186100139455999
-0.0597166373749493 -0.242356212077365 0.0205320127173291 0.149235198905227
0.186889434232039 -0.243450917415465 0.0420512383311642 0.0219455834524081
0.311119463489122 -0.0289799528501983 0.147862413876769 0.0246841245292115
0.204393952133438 0.193189106028193 0.274813432242967 0.259476752139739
0.0650315388359356 0.296869289998764 0.189204676733126 0.567319236826836
0.144676016090484 0.489774771057893 0.166446999568648 0.113385334611012
0.319450450028203 0.322382254262171 0.12480149747857 -0.0165229471649887
0.452509499391915 0.00861864998299626 -0.0869698879176627 -0.0519903384248714
0.308490930008715 -0.291051961545912 -0.134540922237373 0.0455674957892862
-0.0335573551873408 -0.355762456077107 -0.0634450140159501 0.206054194097683
-0.199583598182813 -0.22286260317952 0.0681633625922165 0.213846031422291
-0.29810274871119 -0.151704995927546 0.160561653952198 0.167043048646824
-0.335627517893126 -0.103480936578659 0.19020282502201 0.100930775343618
-0.344587015461073 -0.12697695027177 0.176122742339859 0.119215164570904
-0.225260314984191 -0.228936120170625 0.0729189661499402 0.121990194155757
-0.0840288076665969 -0.350894130327652 -0.0157992833713348 0.0792367725933167
0.262254105281039 -0.364025413313595 0.0368942302549729 -0.0424710613633587
0.46554363455033 -0.0832037544056018 0.156231814976641 -0.0150669563057549
0.354130355796612 0.267687142311273 0.271244709939054 0.209042047504881
0.163368303887126 0.468408193582566 0.197903664412275 0.447996297825511
0.221742566022435 0.589547069578231 0.131014926097437 -0.0645859318125957
0.420495307442014 0.386231569444764 0.0587451503275385 -0.102682514525947
0.570418836663053 0.00170719425801727 -0.108364673975119 -0.064953169935369
0.38916498845927 -0.35744077555571 -0.12911506861109 0.00540862635409874
-0.0164417071417005 -0.441406090051143 -0.0758784857415038 0.133378229480809
-0.216674273851886 -0.292173513684757 0.000883492729331127 0.121978560365638
-0.333718749372477 -0.210621178955881 0.0411055873704353 0.105500552075376
-0.383056710943868 -0.14487858792377 0.0550398176368972 0.065965654555173
-0.391513256381904 -0.165439365716268 0.0515455258640299 0.066800756583238
-0.252972980602682 -0.2746149463965 -0.0215036288299851 0.0442816037597236
-0.0994280737546234 -0.406227476443236 -0.0599200907746657 -0.00479759378954149
0.294650320760689 -0.431571461313551 0.022098449832246 -0.107759553111596
0.545669074435768 -0.130575625613537 0.145269327434206 -0.0528171447769103
0.446361817755449 0.293947566340143 0.224188066357656 0.143315201528987
0.236018945718744 0.562342434292595 0.165836533338146 0.282694740019817
0.27465248838349 0.603996016921116 0.0755784311175322 -0.26301046725945
0.467931815034493 0.384026224021902 -0.0300671010612369 -0.199811894513347
0.601708734121316 -0.012692545458551 -0.127924053779082 -0.0760153893438585
0.403856501181985 -0.371712692494845 -0.110875986586869 -0.0390553851792937
-0.0030217055681777 -0.456886934410923 -0.0805372728031903 0.0349034710743623
-0.203549096836314 -0.313987572806933 -0.0697786942795051 0.00790463934521704
-0.31904826386537 -0.237329322495274 -0.086892348040717 0.026035206696554
-0.371805193931771 -0.165488124830761 -0.0878569872593826 0.0210749755377137
-0.375408525740095 -0.181718197757758 -0.0819487254415488 0.00882681317970818
-0.23552701428321 -0.281809447889934 -0.117562891245311 -0.0362738861857926
-0.088412613962139 -0.394694319414813 -0.10041075452983 -0.0897074142641571
0.285891741274967 -0.416357153421419 0.00642290259401074 -0.159746248299781
0.532727886476144 -0.136933792892828 0.121286287633607 -0.0763560078800652
0.448391860231238 0.277866154036069 0.1420840878517 0.0786176750083068
0.261336771064848 0.567205946247146 0.100880535435707 0.0998021577382512
0.287708043153219 0.521484055327329 0.0055235711688045 -0.444976057651231
0.433809466489205 0.309599501623493 -0.124605623495515 -0.285098564631801
0.519044424971753 -0.0265375306782662 -0.135796972227934 -0.082259994182039
0.339163106681466 -0.314606446041823 -0.081030841036565 -0.0793855611463924
0.00853996065025118 -0.384679130825415 -0.0764652313607828 -0.0702009930909037
-0.157584009690098 -0.278004431120902 -0.132010322467039 -0.108334248605474
-0.255044590544489 -0.226285054550308 -0.20286712765744 -0.0578188425744866
-0.303036175296057 -0.162301609280907 -0.217790559973586 -0.0263079226414247
-0.300425469433529 -0.176905716766441 -0.203617801510305 -0.049481783895331
-0.173703178060043 -0.251135919313976 -0.192594376491731 -0.112453756786378
-0.0472106342977774 -0.320647301700078 -0.119586682575619 -0.16476636048324
0.248775743158495 -0.316407418793784 0.00472882120457945 -0.187715286580283
0.433865867726076 -0.0937698278195456 0.0980007211214514 -0.0786181417102509
0.362729808118976 0.233744580479767 0.0521911372267518 0.0257662543798785
0.23514160352472 0.483398015053952 0.0235129891727572 -0.0710999833116663
0.255538865622031 0.354196450956241 -0.067994874026934 -0.5786166404493
0.321208256400828 0.181238266772745 -0.207159767346231 -0.339625902855091
0.336770417602318 -0.0306185683865161 -0.13267605552654 -0.0793792458119591
0.210709740409211 -0.197277668401021 -0.0487089980823769 -0.10131616940815
0.0166465194899802 -0.24148315814244 -0.0637136380716005 -0.154300449360695
-0.0852208593857666 -0.193511268519466 -0.174000746790398 -0.201221327750397
-0.151004137702321 -0.176120267890092 -0.288981341231153 -0.12937321460879
-0.187415280413552 -0.134460193692585 -0.31402711907568 -0.0706292427875003
-0.179361475749006 -0.148052508840876 -0.291532631884793 -0.103120893017747
-0.0852830652787598 -0.187998435185557 -0.230760875133686 -0.175797378576683
0.00469348283803988 -0.20395346365293 -0.107184120089782 -0.219463629400236
0.181034875336924 -0.169436451952826 0.0211306567521339 -0.187327474003028
0.273899833075828 -0.0312308094713176 0.0832956901467639 -0.0625170903096486
0.222253378631074 0.160233398592327 -0.0239929083981966 -0.0137226488887462
0.171886246633058 0.333577588622649 -0.045905262280573 -0.207839925033822
0.180323577477461 0.130488076557493 -0.134720015096094 -0.638244500121607
0.157580157599828 0.0249161751030495 -0.272252274547731 -0.354038927259982
0.108048422900231 -0.0334744077828507 -0.130622965313845 -0.0626842957478636
0.0541131572112727 -0.0534592500668442 -0.0244299494236805 -0.0955143933450039
0.0234830083333544 -0.0645501586170981 -0.0451354104896663 -0.199445664082349
0.00207202917538835 -0.0795392822983798 -0.189130890715583 -0.253750423995186
-0.0209004758353844 -0.0986808804607315 -0.33054352260844 -0.177623826204846
-0.0431556674671507 -0.0857202111930664 -0.364580768600862 -0.103918681870064
-0.0343496966251523 -0.0959318918625371 -0.333312700717149 -0.146217149842457
0.00744783125957547 -0.0973454997157507 -0.229078957698685 -0.218694501612569
0.0440911149192702 -0.0679037254577888 -0.0701367889046004 -0.246488615068192
0.085403196419527 -0.0229792460678932 0.0456978088673382 -0.163031730295445
0.0891777955672263 0.0142433766362628 0.0737343897780339 -0.0383450901838754
0.0713679667018066 0.0599449168076614 -0.0752932646555303 -0.0416880623880709
0.0923036634707249 0.13695014903372 -0.0984916534503597 -0.295011917662376
-0.0335926953321419 0.127622805528501 0.203644572308554 0.331284929799364
0.0663362618110918 0.0896790768812378 0.178857795234109 0.0720235314237359
0.113652390144731 -0.0169802245232903 -0.0662541095364544 -0.0133298122901342
0.0516276311031773 -0.1090379130008 -0.105251731633097 0.130168589383153
-0.0659655751876401 -0.0823177026326782 0.011400650727835 0.274235493694791
-0.0937081898162475 -0.00900301214723529 0.195728226219791 0.285027952484016
-0.108968954146492 0.0211460544018962 0.334604590164469 0.189041111651603
-0.106213532600223 0.0258926693805752 0.372219831756027 0.108541260951971
-0.11434769280733 0.01714634552766 0.346025377298506 0.163474678907448
-0.0917531655275101 -0.0324126172348301 0.217639759820413 0.220612827123838
-0.0478162361458097 -0.0981513998207741 0.0596854203755941 0.200028695702329
0.0674985985268288 -0.110931249309294 0.0417253985206644 0.0779390412816106
0.115182529086538 0.000937770043316401 0.127321412827843 0.0551278916446342
0.0424066550325462 0.0732926931215717 0.258616225320532 0.278592906642751
-0.0308409534197534 0.0757919538745322 0.177295320926198 0.628954046818507
0.0747798712831981 0.330105443169416 0.198080628117556 0.249494477659717
0.210364601465063 0.212107359517878 0.166149192766949 0.0388320662053146
0.298004261860181 -0.0138757980420679 -0.0758354485419569 -0.0331399958680937
0.184373847442941 -0.218240414310299 -0.127003678413513 0.0913404144273763
-0.0629751505719248 -0.2323748489531 -0.0264300990204274 0.260017131803039
-0.165273882240202 -0.120062105389211 0.146064087356079 0.271054353274314
-0.229213949989713 -0.0644527620999081 0.274138641010089 0.192793655531331
-0.247930717285629 -0.0337919618139055 0.308858469493587 0.108434003675566
-0.256749197115747 -0.0545134132075848 0.288989511075427 0.147704092635098
-0.176005499491024 -0.144122837298208 0.163693570287054 0.18372940123578
-0.0720480873730605 -0.245418378168472 0.0294449949936975 0.153350730958098
0.181185774473182 -0.259818106866613 0.0426327261916025 0.0212326528185364
0.318919687393546 -0.0452396069853932 0.151005389173885 0.0215228855631179
0.218647088900328 0.190679256715045 0.292460022767156 0.255987704399795
0.0814857936675202 0.301719960690676 0.218397518153663 0.576202902658113
0.171032793728713 0.496390917127492 0.174493286803989 0.111174290451271
0.34252193513125 0.318772529090599 0.126617089447312 -0.021358231459926
0.463133010677958 -0.0117058548517114 -0.09092433149541 -0.0481134671030397
0.30616694208548 -0.31303507583257 -0.136810239727807 0.0512437846295368
-0.049980578178348 -0.364367827102488 -0.0528795496785674 0.215546242051357
-0.214340381843876 -0.221269456384094 0.0816046656310916 0.217014025276656
-0.314820321786173 -0.142929448808505 0.173465408940394 0.16299394065444
-0.352114057915359 -0.0876913260999813 0.199769023408502 0.0928926726188474
-0.361461883137854 -0.111280335717251 0.188223616294545 0.110830354644953
-0.24255938559313 -0.227246801031767 0.0816633340168619 0.120974772390917
-0.101932986409952 -0.357302678938383 -0.0109007257821881 0.082329958311805
0.25430919123093 -0.387997123049288 0.0349973211899683 -0.0453741567287858
0.476942488954799 -0.10929857276929 0.158927282606767 -0.0200545913585467
0.376159447297275 0.261372402003479 0.28686980194122 0.203602422747905
0.191705694150237 0.475349441065476 0.222263467143927 0.453048886139141
0.254044631062509 0.596139400292964 0.1310555839137 -0.0710413442198962
0.450536806895336 0.379897520188309 0.0559761872475857 -0.106904596375343
0.583658262973211 -0.0228706583146915 -0.112606141513145 -0.0606253947916656
0.388031685589641 -0.38521583547801 -0.133662565946057 0.00876617721985433
-0.0364116006586037 -0.452810230772745 -0.0694195096363415 0.14128616239953
-0.236031935956386 -0.291271604747471 0.00713038924461636 0.125753465815811
-0.355501346798415 -0.203248203839414 0.0476185465980399 0.105438878465094
-0.402645276215464 -0.128394166096714 0.0598591001918879 0.0628515243686472
-0.411342018144237 -0.148378473992241 0.0571690324588595 0.0635825224006459
-0.273394953611068 -0.274529309605464 -0.0195568240884566 0.045951663864774
-0.119705520326352 -0.413703912120598 -0.0607017449173267 -0.00199237352745255
0.28311746469969 -0.460756779409355 0.0169016419309919 -0.110777989628825
0.557392746273765 -0.161897162047924 0.146568457351449 -0.059695950428251
0.473350482634657 0.284380882054363 0.236937980834675 0.136728309938102
0.269531307098831 0.56874108859415 0.18256202058482 0.283160447299442
0.307869692719353 0.609175057866033 0.066594216617424 -0.273173323290455
0.499233203392914 0.377665906339793 -0.0388218067904021 -0.204054938931944
0.615799703836382 -0.0396188392343241 -0.132531673948085 -0.0713040291156294
0.402216168587233 -0.401848929695973 -0.117041201713374 -0.0374778070040186
-0.0234448387148988 -0.469420878872121 -0.0788103427783108 0.0395074224788585
-0.225021735522615 -0.3150495917187 -0.0719043098868164 0.0106709080383196
-0.342551028682337 -0.231712639009884 -0.0868688337329127 0.0303210708997049
-0.39311144685963 -0.149440321284608 -0.0882367389396494 0.0244105411524271
-0.39572890359821 -0.166606919857555 -0.0839993032276873 0.0116321197479209
-0.255722990323951 -0.281557407590279 -0.122694872964475 -0.03223667399198
-0.107500773457046 -0.401798925672011 -0.10698827080297 -0.0881363560089385
0.277382426865235 -0.444737165381947 -0.0010223837067138 -0.163558635353946
0.5432166823789 -0.167214170807472 0.12213457436005 -0.0834207637532656
0.474793175254512 0.268564162345699 0.150433615830323 0.072118674877183
0.296566620260429 0.574070710279022 0.108039455111254 0.097132144952591
0.318100410106303 0.523230842104372 -0.0124196720305633 -0.458920404396242
0.461667260445973 0.304427458513769 -0.137835172187263 -0.288057021795534
0.530995123595886 -0.0488325638640852 -0.1408661797531 -0.0775361646374556
0.33847445839645 -0.340982201637765 -0.0890751270395216 -0.0796237856048315
-0.00973841017031974 -0.396015117595245 -0.079934399740843 -0.0689877716787399
-0.176327700641845 -0.279610033780973 -0.141972416427742 -0.106582330787671
-0.276374249600725 -0.221676003739019 -0.209950602694802 -0.0496804026595449
-0.321918405770352 -0.150174624558084 -0.22279058570765 -0.0171166169814212
-0.318976327718884 -0.165862080556601 -0.211448445761796 -0.0407986554789032
-0.191568694654308 -0.2525715941743 -0.204271624482232 -0.106294844203144
-0.0627706285804871 -0.327752862823804 -0.129995637899846 -0.164353188894278
0.24233640985018 -0.339909074576135 -0.00334639037648803 -0.192309345470071
0.441731615576932 -0.118234964718297 0.0990519902503872 -0.0857148915764179
0.384531504417666 0.226904707864887 0.0564103029015428 0.0211859756608819
0.266166746076427 0.488817736789167 0.0211789044740598 -0.0765245402378466
0.278993544295606 0.353589635035275 -0.0924087358139474 -0.59541021716357
0.339504610214907 0.17673847002116 -0.22540457271754 -0.341525669995111
0.345811333757724 -0.0466266623452278 -0.139130746452014 -0.0748955201085682
0.211104453354947 -0.214016210356651 -0.0568298932254502 -0.102642776732941
0.0047559920235089 -0.24960710928759 -0.0716860097980112 -0.156523448130214
-0.0981899897684439 -0.195798372122778 -0.190806652120569 -0.20066005784512
-0.166900635539302 -0.17547095142288 -0.302023920331065 -0.119223405003265
-0.202609069842268 -0.1278687104662 -0.324317608535068 -0.0561278542552337
-0.193538556405676 -0.142748325249131 -0.304712665342438 -0.0900086897705625
-0.0983540319080829 -0.191072468711677 -0.247120270561707 -0.168657666118412
-0.00440958755069893 -0.210289197617572 -0.119926663500118 -0.220396704758509
0.179288949030632 -0.185598305532007 0.0134114279703057 -0.192251881985126
0.280618262361159 -0.0468023003933428 0.0843086139179625 -0.0690897661585508
0.237235512680799 0.15697682426562 -0.0232508264353425 -0.0154817602013725
0.195377053705945 0.337017292433311 -0.0573471252028241 -0.213980269713843
0.191178273505772 0.127381417214564 -0.1624539033977 -0.653829433409502
0.164264537075094 0.0216470670768209 -0.291956320650351 -0.35387396680107
0.110724058068976 -0.038845419360056 -0.136110424810476 -0.0586575423630399
0.0555073123913877 -0.0578040463333906 -0.0300781474878442 -0.0971812375010284
0.0202092204789797 -0.0677976467683004 -0.0566357268843394 -0.204199104024788
-0.0029760760219158 -0.0820381022644669 -0.208872934438053 -0.253862278631015
-0.0277236098796898 -0.100396100786851 -0.346963851460529 -0.166429076778608
-0.0506910293569565 -0.0862731798707144 -0.376306855729904 -0.0870916137962968
-0.0416540560145654 -0.0976222331839857 -0.349354542474622 -0.131803435426521
0.00147530957110748 -0.101389048415868 -0.247146053793056 -0.212842580195758
0.0421694598766396 -0.0723535041881652 -0.0841458811340526 -0.250256385862437
0.0874462556644554 -0.0304434545112396 0.0400589522218962 -0.169111073824385
0.0927883524291041 0.00915763387679998 0.0753965888216651 -0.0443056341644484
0.0771384713781547 0.0601774288730355 -0.0777945186801089 -0.041774984588155
0.103050328114056 0.138376622980733 -0.115062034641156 -0.301660214044067
-0.0264935015608403 0.130380019940243 0.226086242556519 0.327294556769082
0.0711026323347704 0.0855180861708444 0.184494845110974 0.0640283523145132
0.114145915078798 -0.0234685937656839 -0.068359473861944 -0.00909426291627813
0.0457279245075359 -0.11392340431235 -0.0982374151381419 0.137633893601765
-0.0708301113575188 -0.080226193911125 0.030743474921283 0.277865308782946
-0.0938001304237599 -0.00494085039001549 0.22009439510557 0.278566310589255
-0.109127264730757 0.0285074116188104 0.352619721906016 0.171543338766982
-0.105414166165736 0.0334420626318561 0.383459469373018 0.0852027992088059
-0.114029018237116 0.0260225633862794 0.363587455392514 0.140511829750653
-0.0949554748028305 -0.0270263427098136 0.237567463633947 0.209591721667759
-0.0548061171908288 -0.0967979167406478 0.0745791349285391 0.200468380101784
0.0607614892087166 -0.116591178266627 0.0463447450329004 0.0768965004306135
0.116952088877759 -0.00654573033250484 0.131024752963661 0.0512310408400307
0.0456049650366581 0.0711217978077114 0.279013139246774 0.27000321921199
-0.0275091673821226 0.076895050280981 0.219102254312119 0.633454104803392
0.0948333335806283 0.329072401762489 0.215013838930313 0.24600341672433
0.226546411760334 0.202248019885027 0.17007451926474 0.0314694362675016
0.300861715947608 -0.0314974639881826 -0.0783513518096568 -0.0287834279928893
0.175513941157897 -0.233650438644242 -0.123983480152826 0.0984642674454865
-0.0778779554606712 -0.232289807778491 -0.00752324643587567 0.266876854305484
-0.174384234249898 -0.11317134712279 0.167600827232345 0.267831516266126
-0.238727115141036 -0.0516381009758874 0.291208046690868 0.177194757797816
-0.255374293946693 -0.0167655816063144 0.319468011115427 0.0893335254329188
-0.263742429385959 -0.0374008042785985 0.305264445938389 0.127270836735951
-0.188072156976124 -0.136922203728896 0.179378136487066 0.174669623474261
-0.0885477896641507 -0.245936169690851 0.0406802928775413 0.154706978324184
0.168687721922608 -0.276172584032745 0.0441036534388937 0.0195399405193119
0.321675989270966 -0.0662444115581133 0.153961748480091 0.015674552267958
0.233903321098408 0.180920726790175 0.311569545901353 0.244931424096167
0.101692583733587 0.301642122951499 0.257185377155179 0.574740729166664
0.204343080961452 0.492187523289733 0.182098627329702 0.105371758254039
0.366507362093451 0.304373728667258 0.126714198253465 -0.027024145977913
0.468998079257543 -0.0386302521758068 -0.0938364192392849 -0.0429540824880156
0.294695658413042 -0.337984402419264 -0.13628242277754 0.0581255419119349
-0.0726181641817252 -0.366903854588253 -0.0367495887114299 0.223100678860349
-0.230735615989305 -0.213714753199866 0.0981724432769418 0.216426626223841
-0.332063291135199 -0.127010975917699 0.187965738077571 0.154287263772869
-0.365363387810194 -0.0648425489586063 0.207029243376632 0.0794953016905279
-0.374705989234149 -0.0872348245335328 0.199333070739791 0.0973146563702531
-0.26156186272207 -0.21868629978661 0.0913830925419378 0.116618295985911
-0.124863565023301 -0.358123865405236 -0.00481014464295611 0.0848352444193799
0.23587748249659 -0.41316746972245 0.0317254838019525 -0.0475232124448376
0.479512246260391 -0.14167520319646 0.160081402906702 -0.0276055118938883
0.398194954572411 0.246160081942777 0.303297547776147 0.190606327874149
0.224580854234726 0.472023943560483 0.253141637402068 0.44929542370105
0.292796200324844 0.589725003192879 0.127494647969467 -0.0789932827299638
0.480057381415402 0.36255959255044 0.050570577974903 -0.111064758807556
0.59109695286269 -0.0565824196104453 -0.116164508225352 -0.0545898606508955
0.374906028666626 -0.416586521672849 -0.1369477926323 0.0146733650239353
-0.0654248194400543 -0.458054050283677 -0.058374364203168 0.148018359348337
-0.258201942369754 -0.284098625630928 0.0150204780230845 0.127647372735437
-0.378330158790738 -0.185054155412779 0.0563602745899039 0.104107383304317
-0.420307056856051 -0.102064365076579 0.0642424002572473 0.0590123835556066
-0.42850726564658 -0.122251654902248 0.0627443922018631 0.0583457455832514
-0.296042225057075 -0.264469625290278 -0.017426451364929 0.0463774485364049
-0.145876792080444 -0.414457757714744 -0.0610134618209204 0.00197290972563682
0.261751539952765 -0.489188185699704 0.0106111218423958 -0.113576249422388
0.558733635989595 -0.199505421652663 0.146475284814392 -0.0681053734915489
0.500751096192995 0.262526672509407 0.247951308253684 0.123796849693604
0.311911789390261 0.563034296439752 0.202279415593142 0.27715573656502
0.349391758159922 0.599489514761527 0.0508573950392719 -0.281949015179721
0.531108104508622 0.357914377418774 -0.0501596449295448 -0.204802524097901
0.62209237758021 -0.0755300659723373 -0.136075262481373 -0.0642846951655885
0.389782076744271 -0.435012371929553 -0.123625865984965 -0.0329711073114802
-0.0542601632088994 -0.476303257779112 -0.074474683011927 0.0453953727418996
-0.248584894203306 -0.307859861724852 -0.0735585474650464 0.0151878869087921
-0.36657201165998 -0.215016279820233 -0.0850900464960854 0.0355678625757874
-0.411703354535272 -0.124613537963657 -0.0880031791897741 0.0291202917900098
-0.414600141003389 -0.141049357877165 -0.0844315225627161 0.0160579635994505
-0.279596866820707 -0.273983790835905 -0.128033945647781 -0.0257014476208492
-0.133200050885003 -0.402210227478748 -0.113129002661315 -0.0835626281466904
0.255287473167072 -0.47374554738142 -0.0112133115721833 -0.165971239411684
0.543378168851537 -0.205579555900535 0.119961567107893 -0.0919250201736519
0.500776124549751 0.247978688316324 0.157124758824043 0.0628783970961663
0.340464519211875 0.565686433870384 0.115251297356185 0.0908070444048402
0.355429898762662 0.514169420150389 -0.0398689607788874 -0.467414614684416
0.489343866934776 0.287521096906978 -0.156192713734313 -0.286365352023335
0.537474332924315 -0.0798654601887488 -0.145233313459388 -0.0708842977959021
0.327681368031846 -0.370464719325318 -0.0974671465968824 -0.0765178064335895
-0.0355656338407918 -0.402338481085771 -0.0840572636679185 -0.0653791519305508
-0.198500184092741 -0.274956284310672 -0.153759743984337 -0.100758625310384
-0.30009184534463 -0.209836665339606 -0.215700584455347 -0.0372641593265439
-0.34049213551912 -0.129788647203606 -0.225852335892744 -0.00396874862986214
-0.336565201801128 -0.146144324180017 -0.216981140661153 -0.0280753624144736
-0.211879365043482 -0.247744633090558 -0.215908473425688 -0.0954034539400185
-0.0824465521984951 -0.329274573780278 -0.141808658906385 -0.159737397033911
0.226352145797683 -0.364691313498755 -0.0150459452719137 -0.195127183119334
0.442319280656225 -0.149963058843398 0.096468735572973 -0.0934508809582121
0.407003170679384 0.209402677666522 0.0583267728146478 0.0157628983483793
0.305317558533193 0.48199889746448 0.0170006102582472 -0.0814845980857293
0.303604985505965 0.344699632671638 -0.12794592968897 -0.60106835202074
0.35726509693251 0.163714704769166 -0.248082758377369 -0.335987858803589
0.349610445283584 -0.0678428476686543 -0.144063412595752 -0.0678618316842897
0.205462235651753 -0.232387007615303 -0.0657644976669101 -0.101792132960357
-0.0110660682560981 -0.254188787308757 -0.0823915870685492 -0.155718610114273
-0.114069872294522 -0.193300279408465 -0.209937075872038 -0.193609513603267
-0.184207818424205 -0.168511435707802 -0.314263045977241 -0.10253449312766
-0.216586748637416 -0.116120255089269 -0.330913666969497 -0.0368263050402049
-0.208172944978874 -0.131516569727692 -0.314442533395098 -0.0706615184413287
-0.113549243612274 -0.190534390667156 -0.26358067764133 -0.154722321293142
-0.0167656510875122 -0.213908282040555 -0.136543146217897 -0.216792972274292
0.171088498849455 -0.203257138399138 0.00251910199779588 -0.195776451333816
0.28270122367885 -0.0668365522245385 0.0828544049714021 -0.0768704890081947
0.252890527693611 0.146740991622877 -0.0240884998061296 -0.0167778143049211
0.221656671460388 0.331486545797743 -0.0711264086539772 -0.216600932573769
0.201611879101414 0.120178378774388 -0.201346912695217 -0.656965295288356
0.169867205338395 0.0164225313256326 -0.316497588217836 -0.345534897617865
0.111374303123242 -0.0459995601454378 -0.141167972295484 -0.052275229188191
0.0548635594753612 -0.0628688054104882 -0.0377147515441078 -0.0966462114949326
0.0157333505159578 -0.069194830474122 -0.0709476337980598 -0.205762670952273
-0.00986522306327783 -0.0823096400644596 -0.23264168628485 -0.247209673557706
-0.037526268609936 -0.100815337486566 -0.363810726469003 -0.147374378151655
-0.0594478734762375 -0.0836478209377667 -0.386653934341071 -0.0633372200319375
-0.0515329482483713 -0.096588735745326 -0.363816946210895 -0.108106897282466
-0.00634527330682321 -0.104671510404564 -0.266572837266662 -0.198535400805547
0.0383359170353174 -0.0768480385939874 -0.101474405963395 -0.248396313895711
0.0867365684906797 -0.0388917838246207 0.0310000953547578 -0.173483353971409
0.0948901034518752 0.00264061124954877 0.0751169090795289 -0.051833391190969
0.0842646766288224 0.0579445088182872 -0.0809211407002898 -0.0397079532395702
0.116050910325671 0.135583760443462 -0.135784478119349 -0.302126525780263
0.00606545130167666 0.134502499790686 0.269440793491918 0.281264843892863
0.088688564211469 0.0674238266076547 0.185676091261683 0.0357466337197527
0.10646329403806 -0.0433547516863314 -0.0707281397999359 0.0098926744110928
0.0223480578921026 -0.11594221675505 -0.0683909473671448 0.155493379378967
-0.0787168000228194 -0.060450233274626 0.0842565834681555 0.265006054452719
-0.0817536651054607 0.0125427513677112 0.265434976132677 0.231358185000927
-0.0974153458721197 0.0468049443506833 0.378365660316096 0.105214891574613
-0.0925292601126882 0.0462881007088443 0.38508057648349 0.0185112021130108
-0.10264894802447 0.0426765765216963 0.379689066334984 0.0812506711089477
-0.0953647540524389 -0.013741655460697 0.269342996216585 0.172519879295378
-0.0680859280472117 -0.0858682603641242 0.105462099995031 0.188992854874913
0.0405840183158843 -0.126105526670909 0.0541313496799464 0.074275707577702
0.113034287199904 -0.0286249003110267 0.132661051997769 0.034866842091771
0.0540990678596168 0.0574516402911023 0.315831026689271 0.230700243610119
-0.0111229174181221 0.0755970355140235 0.297419846097972 0.594779739972565
0.160830943286949 0.305358295285904 0.233820049878987 0.20327308083995
0.261754455097432 0.152213226939508 0.158275746673184 0.0111065887297388
0.28700569049451 -0.0857678300145482 -0.0859645888554569 0.00165191052062951
0.126712157400641 -0.258850966895448 -0.0987032632100102 0.131059722495518
-0.112913897282219 -0.208313700940119 0.0508092982774078 0.261862607462726
-0.180221475217845 -0.0798351716298454 0.216845146153156 0.227808517357025
-0.244210072897292 -0.00768767084369002 0.326021760416462 0.123670018546729
-0.24744445301165 0.0224702104693384 0.324370418294054 0.03009858088255
-0.262683634897747 0.00790050789720617 0.320351086227598 0.075469956704395
-0.208165197550429 -0.107006810653195 0.208621350357285 0.147554471740011
-0.126307198569407 -0.22688183202092 0.0671789937834629 0.150250784169808
0.120560325183673 -0.305707289973651 0.0418252041558359 0.0217029823597103
0.304989803854974 -0.120570205116771 0.145102415598402 -0.00333330110965564
0.257823720839494 0.137361432030903 0.346046651765764 0.19366383463397
0.151404214503655 0.27912779357094 0.33166999080236 0.526702921146904
0.295767831584668 0.442501075675597 0.169240530254146 0.0719855028365967
0.416734885063725 0.225725256799118 0.0988580331269305 -0.0350564455954878
0.450103589784255 -0.123262208620964 -0.10605913895023 -0.000694846049178404
0.22387098512552 -0.386648022600905 -0.117171363939718 0.102251895396135
-0.132724076713874 -0.341109032812828 0.021333477303991 0.225998360760504
-0.254790959606275 -0.168379087849934 0.143166442068027 0.189290002138589
-0.353944685092278 -0.0657694789197659 0.225093916365313 0.1190123513705
-0.3643033975714 -0.00535740541652845 0.215150353814085 0.037519348748504
-0.382992076994458 -0.0215367062155378 0.211997271139742 0.0612682335576767
-0.296393574332892 -0.175666224530429 0.113774533725479 0.103565010968146
-0.182120181490166 -0.330995453205435 0.0134025746513412 0.0884652516121715
0.162999516480987 -0.454556105345719 0.0196202645449134 -0.0394344186079022
0.447136990950783 -0.220345267488502 0.141007663512177 -0.047382198703577
0.43121495353696 0.176230058754172 0.330233549511294 0.136366252992745
0.29893521644245 0.431102615861782 0.31496936146111 0.396552074897025
0.398764213804005 0.518974169190079 0.0801586100876495 -0.0979744968967416
0.536766879526938 0.261455680468656 0.00656720701926672 -0.10169925104992
0.566855352540506 -0.163645379595342 -0.131008257319186 -0.00221871212212764
0.286998614120858 -0.480974599041515 -0.124706974429235 0.0663879691528349
-0.143071530760816 -0.432960802255251 -0.0082444497833318 0.157036803451363
-0.297614664357439 -0.232986142048637 0.0488364564363932 0.116683713981397
-0.414967393879344 -0.114252296675635 0.0906912786823169 0.094058329079667
-0.425527458176676 -0.0313402079520813 0.0740170101065724 0.0384822685843915
-0.444357368698353 -0.0451263963578096 0.0713324034921417 0.0427904724102227
-0.34035736939157 -0.214396772964075 -0.00467924696916741 0.0507366024852936
-0.212193537733597 -0.381946646349688 -0.0531545074227448 0.0143689980738958
0.174176468363059 -0.53575217108854 -0.011478448688059 -0.100251023011179
0.515200049644953 -0.290416638189278 0.11953619512152 -0.0856939106554862
0.534811387345898 0.179742621227482 0.26602425547747 0.0739141866239923
0.399788992925778 0.50957989067258 0.243109986521438 0.229304524971521
0.450062124417896 0.517114319738758 -0.0285745988539327 -0.281730960633047
0.584096318576842 0.24822213863106 -0.108496734805111 -0.175373268378356
0.595258653464779 -0.188200076321896 -0.152495261799959 -0.006528992933993
0.298820294590782 -0.503690870610768 -0.118835448025676 0.0192387763600868
-0.137796901702361 -0.454354965052618 -0.0416214402572799 0.0593318439285461
-0.296655306930724 -0.258909203563457 -0.0574003056155339 0.0218511100616067
-0.4117349903933 -0.145627393270957 -0.0602621451522805 0.0517494169858473
-0.423789660928563 -0.0532416342660251 -0.0776617364582656 0.0351951436707476
-0.435699632812 -0.0649892808837824 -0.0798734707191891 0.0237661379461236
-0.326066587528513 -0.223644122815359 -0.125270813879224 -0.00489770368320947
-0.197728364083337 -0.372053566296314 -0.117630806852806 -0.0621656303696999
0.169463642897077 -0.517920217607866 -0.0388016749775104 -0.149655576566322
0.499359188623956 -0.292334022361467 0.0910137172546941 -0.106783829686559
0.533846315842732 0.164613764305522 0.166594315778919 0.02419861308638
0.427017228318787 0.510119956046552 0.133764314364202 0.0560495522130826
0.437685022663583 0.430943118918799 -0.142273640690322 -0.446786011929593
0.52569782684248 0.188550483624229 -0.222365509005069 -0.239449332902442
0.51149691910329 -0.176202334857926 -0.160359808841691 -0.0162284087153696
0.25176600290859 -0.429670052339113 -0.102185808098475 -0.0324342474664977
-0.107803931011389 -0.387317832154358 -0.0739361336011265 -0.0479633697760372
-0.246675268005503 -0.23549776901972 -0.157782827041059 -0.0761141383938906
-0.345681347396849 -0.151262738319445 -0.202725262412821 0.00232183722382768
-0.357114997424973 -0.0682304398772388 -0.217564352774634 0.026178316023412
-0.360580849560352 -0.0815087078829626 -0.216571879694253 0.00137264610483198
-0.256161846498823 -0.207694336450749 -0.223397985824825 -0.0600832973202775
-0.13775880358624 -0.308829389468058 -0.158156700697269 -0.133494012310446
0.159205882619301 -0.404198409804784 -0.0452054766629662 -0.180652633005659
0.408338690914339 -0.221138461559581 0.0703737492350369 -0.10655195981521
0.435315623685633 0.142628369543439 0.0619932262319964 -0.00674356019956205
0.377525693571651 0.433396921366366 0.0128509372282093 -0.0985073865081977
0.352463243350949 0.272958293123873 -0.241424339300667 -0.56206979634326
0.373178487171353 0.0927622303359013 -0.312532634818092 -0.277444589330983
0.329646613390402 -0.128836547249712 -0.155100247270975 -0.024599355609712
0.157788627445313 -0.271280034349731 -0.0774190018914821 -0.0709868996013599
-0.0583016909788037 -0.24891675322896 -0.0964885630273072 -0.137178501552924
-0.152311085675846 -0.170745762085375 -0.232298334051166 -0.155258258459766
-0.224144956004659 -0.131371833325586 -0.315692635639648 -0.0439657108040533
-0.235355831233627 -0.0734435102663578 -0.32430034227029 0.0129446560009467
-0.233339316391842 -0.0895286490976438 -0.31844205148772 -0.0234208527148957
-0.149377010778739 -0.166170750638274 -0.281136220592907 -0.112049540890928
-0.0546994439757796 -0.206429132139912 -0.163063112437247 -0.191464713448435
0.131997686604303 -0.233468761782929 -0.0275977545421516 -0.188330695100209
0.265144447762069 -0.113205350371982 0.063495994031192 -0.090383412959367
0.274358791668971 0.105879913179958 -0.0246663618219011 -0.0230765083887551
0.271914225939363 0.297394700051913 -0.0938904615798589 -0.216624176150035
0.208771806285464 0.0721918979726384 -0.312668725621114 -0.603102602614895
0.159752256032488 -0.0155299907393038 -0.370564056481199 -0.281809410165591
0.0996631579533013 -0.0643915900722268 -0.145864896666184 -0.021289002088112
0.0419267775779531 -0.0759974121728867 -0.0528339530860362 -0.0829171365852713
-0.000147457033793923 -0.0740070536256099 -0.102904804155536 -0.189774822919926
-0.033429721927208 -0.0802424164237624 -0.269020584568846 -0.20073871989798
-0.0644522545492784 -0.0917897819026044 -0.37858530959772 -0.0794455100074626
-0.0772115203768919 -0.0683254249542008 -0.383195779237303 -0.00097178073917202
-0.0737258669248176 -0.0821931193715951 -0.372262762977644 -0.0500772142268379
-0.0283776025487839 -0.0992895025179783 -0.292273587597128 -0.155661879821597
0.0220720523420978 -0.0817820595793247 -0.136128377210535 -0.228020470570767
0.0764053939542644 -0.0558125510199501 0.00563177437949616 -0.17420162609
0.0930392980938071 -0.0146704194732237 0.0643077844950684 -0.0652373599513977
0.0951187667253018 0.0452016724868137 -0.084842389486986 -0.0327461532613892
0.135533707723247 0.119879735103866 -0.172396340908242 -0.286677230079288
0.0104302786465468 0.129982234178345 0.276196798614824 0.267190110628264
0.087205868057983 0.0613774141742221 0.183738418580786 0.0300324249080885
0.101340065042136 -0.0473202946250024 -0.0684621827785394 0.0133020301134666
0.0175538440853578 -0.114222381294399 -0.0604530724288831 0.154479264963869
-0.0797341859944731 -0.056483623828607 0.0963763719473189 0.255270127851115
-0.078861692160951 0.0141414591642038 0.275270687805761 0.213520079216608
-0.0929813156094325 0.0505619305730822 0.377154864197991 0.0841510850657987
-0.088789052789878 0.0498698961912812 0.375992462052013 0.00105576774787763
-0.0970167242996306 0.0465804358800676 0.375387672993338 0.0594726519581845
-0.093362472130188 -0.0095057879868844 0.273852630414557 0.154844571734989
-0.0705857097693779 -0.0804257932983749 0.112995800994219 0.180766284050259
0.0339366341694958 -0.124711710436303 0.0551695022722101 0.0708718078471708
0.10806352907088 -0.033074522514853 0.132072770954441 0.0325270190542866
0.0532888962551739 0.0539985524304281 0.318482581460949 0.215724963471434
-0.0087890270194193 0.0731769913011813 0.315258249640766 0.573384228187295
0.168621943264024 0.289755159276254 0.237146706662684 0.193287421665442
0.260580216406104 0.137273901302715 0.155407626398547 0.00684147675531498
0.27707580776101 -0.0949836904098991 -0.0832416413676079 0.00548077090804012
0.113748424358366 -0.260309902100908 -0.0920447995811873 0.131502506243597
-0.119409822433479 -0.199132558461519 0.0649079676991814 0.252690716094317
-0.180324300215738 -0.0727764116598857 0.226330968119695 0.213268668301431
-0.240216743755075 0.00409519033743033 0.326636524457862 0.103668816930882
-0.242956721764139 0.0347736121627851 0.317459056278156 0.0147652689930809
-0.255618170478749 0.0209326980672953 0.316114677359812 0.056089680961952
-0.209397872554802 -0.0961729713832837 0.211656599206173 0.133499654995719
-0.133758976643203 -0.217746266622523 0.073745223356532 0.144561244006972
0.104284808939635 -0.306112561690429 0.0411044266415105 0.0192816308515317
0.293466773757224 -0.132022862081524 0.142056384308932 -0.00647205318792608
0.257765029166171 0.123625369353767 0.346976323870311 0.179075950371315
0.159465617930673 0.265820959790723 0.346447001362676 0.504625732514229
0.306229597630065 0.418823474155408 0.167712895737084 0.0675294316628527
0.417227674953602 0.203473067471892 0.0952803622253602 -0.0362228023178838
0.435693745841783 -0.138336179819521 -0.1025291845431 0.00298950572517572
0.205051583065846 -0.390876698248709 -0.112960460415738 0.104323461894371
-0.144312521609469 -0.328084164410545 0.0337707939723866 0.218615532940567
-0.258070259857738 -0.156144231129344 0.150729883289708 0.179171415589503
-0.353041296227486 -0.0473619466872142 0.227896607212717 0.104765442532351
-0.359127648743762 0.0134265272319315 0.21033566868947 0.0265944571565439
-0.375379196937451 -0.00201048891771709 0.208497918468534 0.0469196208568528
-0.300497182013992 -0.159894211106352 0.115476917202911 0.095534399064814
-0.192438085725038 -0.317883185259866 0.0182567924817516 0.0861636585879225
0.139854173657509 -0.456153223551517 0.0171322423347749 -0.0399583628171606
0.428450197285507 -0.235098778335133 0.136918243775148 -0.0504727303825365
0.431071222632098 0.153428766248742 0.328642617269897 0.122400428063333
0.312123925532594 0.409263140710522 0.324237436397721 0.375789009169835
0.4087600071028 0.491230677449935 0.0736725154133837 -0.0962316504123672
0.538581532733451 0.234825760078431 0.00132256893654072 -0.0980339608340142
0.548630195940381 -0.182322955381104 -0.126915633154507 0.00192485166634565
0.26546605891816 -0.48903843367579 -0.122408120156068 0.0703041011068739
-0.158768614598062 -0.417499424609887 0.00165809754914422 0.152267608336189
-0.303181654083828 -0.217155416005448 0.053428583398019 0.112773366552186
-0.414836325557427 -0.0923257511599715 0.0941361595026428 0.0857205857402947
-0.420890569903339 -0.00879108555817203 0.0719241775214202 0.0335750482662638
-0.436467182276164 -0.021412054396668 0.0702883794220317 0.0361388641968176
-0.3451792401912 -0.195545525366542 -0.00324034252816866 0.0495652021685654
-0.224741770240597 -0.366691434117876 -0.0501427414438263 0.0161631736145118
0.146249446238778 -0.53732288792902 -0.015731048640389 -0.0982100171916522
0.492663268237852 -0.308161873542606 0.113902258363361 -0.0881270818833449
0.533300957997597 0.15249224286777 0.262520971454712 0.0622639331924542
0.41365994678985 0.482202471264829 0.247588643553285 0.214474167081483
0.461199154793789 0.487052533309861 -0.0407746077167069 -0.273542810861958
0.584743940440514 0.221530201640812 -0.114848197386556 -0.167584300632665
0.576700456222434 -0.208371328764786 -0.148201982659966 -0.00235323914128218
0.275280888380348 -0.511896065785372 -0.119049685436874 0.0240547834865225
-0.153649074240537 -0.43979651478162 -0.0359524750998941 0.0586590024262853
-0.303546946972477 -0.242136775415203 -0.0566242782304095 0.0255247169977161
-0.415633300588936 -0.122084567368132 -0.0555805250931946 0.0515561163546452
-0.420169760646806 -0.0294815096453658 -0.0763385723693664 0.0363616726024416
-0.428999087476326 -0.0410440482761783 -0.077665453805058 0.0245139793902967
-0.33279582053355 -0.206587817797294 -0.124310855104138 0.00139476901580918
-0.210229557049571 -0.358509147393766 -0.11725817813111 -0.0561792841229795
0.143030750898546 -0.518852818096897 -0.0437564444900011 -0.145735009866342
0.476612945361917 -0.310324144405171 0.0852169388831781 -0.108609611117487
0.531158190258512 0.138796873743217 0.16292526774631 0.017419333298877
0.441412340405374 0.479673246760222 0.132249429781157 0.0474409693216441
0.44577150976999 0.404315484051619 -0.158623606294606 -0.432894592459394
0.525996086559724 0.165088710062898 -0.228510938925393 -0.226757969345314
0.496805177216238 -0.194441197366299 -0.157091026264491 -0.0112276253797418
0.231978218336047 -0.437452591156472 -0.104077747872116 -0.0266798426890039
-0.121686296003421 -0.375546267873467 -0.0726033786575118 -0.0449234543937408
-0.253405095782994 -0.220573994262185 -0.160558285365707 -0.0663360483235842
-0.350727485833199 -0.130639087143748 -0.198240272650795 0.010421206115506
-0.355444199583148 -0.0485850278798633 -0.212248085275849 0.0337201047174669
-0.358008608561974 -0.0611881180167829 -0.211155300084819 0.0105742162521965
-0.263337868713424 -0.192219261126121 -0.222791860114354 -0.0472973300240882
-0.14771281103641 -0.298199266552203 -0.160560828258936 -0.124389377462588
0.13731879790967 -0.407580704773167 -0.052134650364951 -0.175679529221491
0.39072261496123 -0.236240265130238 0.0644560973881784 -0.108526823498953
0.434316504585637 0.121135639390704 0.0598759058287724 -0.00960317633879817
0.390038475239352 0.407128170505995 0.00735941196593147 -0.0999804869285394
0.35644214443318 0.253985065587206 -0.260170485671946 -0.542357020109687
0.372642098099796 0.0785276250622344 -0.31831832652613 -0.261708508931642
0.320806347285161 -0.139867386618439 -0.15310964936825 -0.0192922439465411
0.145467817004586 -0.276927028827063 -0.0804437925154328 -0.0653155267901328
-0.0680426952216645 -0.240822060639506 -0.100025171039897 -0.131011180391033
-0.158035413132831 -0.160138566177946 -0.238743363788281 -0.140020702489898
-0.229777937926586 -0.117237251578652 -0.310786895751013 -0.0292034637582655
-0.236308955487014 -0.0597543256970551 -0.316869362653218 0.0265782861038887
-0.233545885239011 -0.0745948684032318 -0.311828605633987 -0.00786003726583558
-0.156015393529591 -0.156866967016408 -0.281889165406735 -0.0948910350860367
-0.0624843090531349 -0.200898124680138 -0.168246598785122 -0.17987302157538
0.11800624141173 -0.238813229391361 -0.0345488373035244 -0.183356083584702
0.253758124539123 -0.123366086569597 0.057909894152575 -0.0926997048581513
0.275711683833203 0.0915631746492555 -0.02603479910353 -0.0229243474894266
0.280697173716299 0.278398422056518 -0.1017911486418 -0.211122217296989
0.207875485284006 0.063965530247657 -0.329193353442495 -0.583137290991013
0.159315998324183 -0.0193728859324824 -0.376120282876287 -0.26377487203921
0.0968582110845758 -0.067272935599438 -0.143664761917493 -0.0165811285073283
0.0391482941633004 -0.0786108644602654 -0.0555404649660489 -0.0777266276498259
-0.00319703991496963 -0.0725765377532774 -0.110183237314652 -0.181013455546515
-0.0362735521150966 -0.0757074016300607 -0.276814014137879 -0.183514479792107
-0.0695883824246302 -0.0862300284576026 -0.375328743045531 -0.0597609168540589
-0.080619111185489 -0.0626099435619151 -0.374434691704868 0.0157629453049111
-0.0776580892216839 -0.0762585198596691 -0.364725518272519 -0.0311126403278602
-0.0343086099210614 -0.0968656195236663 -0.293923518196205 -0.136979543697166
0.0181415892992894 -0.0821415731883046 -0.143966785375097 -0.21748633159919
0.0714769915568241 -0.0601472988043726 -0.00183810261299359 -0.171144090710631
0.0905002600570023 -0.0194804282758583 0.0590697728860421 -0.0687897212008232
0.0976411418414284 0.0394882903221075 -0.0851111444017021 -0.0295765738154289
0.140420271147689 0.111822775771398 -0.180953783640473 -0.27607987882324
0.0116221899989656 0.126568776695041 0.276997129962819 0.261390983303209
0.0843443339958911 0.0585228630548939 0.182743499112026 0.0285789631789478
0.0986178381039665 -0.0483504068489732 -0.0667226418920464 0.0155199852173234
0.0155083007356491 -0.112397297647412 -0.0568250028888936 0.152432309052804
-0.0790519554125545 -0.054275712676524 0.101777967924688 0.248580188900062
-0.077206320576044 0.0132252818664748 0.279278187470345 0.203082090703728
-0.0899613233891876 0.0525497222417284 0.375134438398131 0.0732388699377877
-0.0865295270195358 0.051758728975165 0.36944235719846 -0.00611632340588883
-0.0928206373319123 0.0470669205727282 0.369745174869261 0.0479309978698806
-0.0917458954308392 -0.00685292168901442 0.274145173046645 0.145281518623107
-0.071507765868887 -0.0778093134211295 0.115997202417153 0.176601375132266
0.0308764081878672 -0.123130702888958 0.055058076992407 0.069707425945694
0.105160330400647 -0.0347935222206142 0.131044884080065 0.0325170688565427
0.0513111995158231 0.0527999583571128 0.318209251900961 0.210038886693186
-0.00872988272486242 0.0708047664857642 0.319342817538816 0.563189204456201
0.17016152730609 0.281501621363576 0.236026286745667 0.189792248688842
0.257297059807546 0.130592475806048 0.153948282625721 0.00636200158394557
0.270033573387068 -0.0988479617389047 -0.0814532858139137 0.00740594807262602
0.108989421117785 -0.260356930018849 -0.0898016271454808 0.130519151679895
-0.120605958765472 -0.193631548767937 0.0710094693252949 0.245869028837297
-0.179092865706476 -0.0701091352898454 0.230350326364659 0.205142502101605
-0.238045976398682 0.011133228471455 0.325304069165979 0.0928384612463496
-0.23971548406214 0.040943927685612 0.311965948306726 0.00853569400775209
-0.25030672680235 0.0265154463111875 0.311652466600357 0.0455286328630515
-0.209810449029162 -0.0912051856169921 0.21224238533051 0.126105863282052
-0.136860347125401 -0.212513619572866 0.0767575442970949 0.141096119254972
0.0966559069925466 -0.305604749917149 0.0402502254591815 0.0184608311845898
0.286394866079941 -0.136221304077145 0.141187897860939 -0.00600090322689356
0.255342173649507 0.118916615510901 0.345175185419125 0.172889554842685
0.16164298510918 0.25856902231386 0.348997014195019 0.49353576748227
0.307331132526268 0.407480119682644 0.166006493371366 0.0671174454911543
0.413641471884872 0.193583636541288 0.093507685825237 -0.0349260092075008
0.427073345904889 -0.143051918625613 -0.099932468040797 0.00382040871361084
0.196948808414601 -0.392795925055326 -0.111972033002406 0.105018866267592
-0.148338508140345 -0.32124674440304 0.0400992829169224 0.21290754759765
-0.258413535532265 -0.150968201612868 0.154702676305156 0.173816617035867
-0.351530230515832 -0.0362925565501196 0.227800294676154 0.0955975996786507
-0.356268076916924 0.0232290738543001 0.206348863721249 0.0223843618978137
-0.368948962886568 0.00755585719152603 0.205440387070888 0.0392031068270233
-0.301346163859586 -0.152362667504167 0.115717252365429 0.0914359997337019
-0.196749541245607 -0.31063523464838 0.0206780300295936 0.0844005456884734
0.129057960800989 -0.455851403028118 0.0151804074080298 -0.0402889706394995
0.418930326549328 -0.240906756967853 0.135347566116166 -0.0499472875075695
0.427846575381561 0.144682748936405 0.326545197464301 0.117643020217378
0.315815147465312 0.397543377102848 0.32540980422572 0.366921367644062
0.410459302997264 0.478362149654618 0.0696063847129467 -0.0928299689707183
0.535206883066561 0.224476500754891 -0.000428798735535937 -0.0947841796154794
0.538851851129388 -0.188110492646775 -0.124414455708678 0.00234718470752858
0.25394808215566 -0.491878622387535 -0.12183080399458 0.072248396519561
-0.163792502781059 -0.409821002228415 0.00720500665433607 0.148409699320438
-0.30420020687691 -0.210104092907711 0.0557830267130177 0.111052045242913
-0.414831085193436 -0.0794956972181725 0.0958326970675951 0.0797960656226837
-0.418647337066928 0.0027680107895776 0.0699738975543245 0.0320176297223079
-0.429925469378836 -0.0102285083092302 0.0685910936094695 0.031605630221374
-0.347263576580342 -0.187416357590995 -0.00339649179558054 0.0497048128995543
-0.229874502669515 -0.358929632587372 -0.0483754984697551 0.016527460272647
0.133252677168719 -0.536929624907874 -0.0176453068537978 -0.0973147049314666
0.480891641689807 -0.313941964189362 0.111386156484639 -0.0876723292549583
0.530269506775364 0.142589126260255 0.260134801702235 0.0585292008996932
0.416438967161571 0.468996611196278 0.246301506361789 0.206643545907304
0.461309995599385 0.474926946760444 -0.0450253928828695 -0.267159647649494
0.582727914523284 0.21094166639027 -0.11695282834073 -0.162498120328774
0.568167848698045 -0.213139332889817 -0.146116005187756 -0.00216969429431638
0.265745237332724 -0.516191346246888 -0.120315491474196 0.0268474799297799
-0.159674696980188 -0.432093521219307 -0.0323396090285368 0.0559717257779826
-0.305932441205464 -0.234542760152748 -0.0558088209162197 0.0275409139325604
-0.415594118743762 -0.10913609509698 -0.0540797971404047 0.0493452017724801
-0.417379745455224 -0.017414208745806 -0.0756320078944015 0.0368097986942512
-0.42356122058465 -0.0297822872338042 -0.0772720288872556 0.0243252397272029
-0.334730463804118 -0.19767224989877 -0.123812725042779 0.00543999079971668
-0.214623782680928 -0.350823715163591 -0.115961633160346 -0.0543396302917512
0.130905697338937 -0.520648255950437 -0.0468911991579757 -0.144619098490423
0.46556983340202 -0.314763754571147 0.0815355227375672 -0.108505650766847
0.52910945183541 0.128387708712172 0.16146217846512 0.0151705309012513
0.445194250901558 0.465924330411849 0.130277778608778 0.0426808950082429
0.444442761673825 0.392407316105794 -0.163992385982298 -0.422633773491584
0.526146855149248 0.156811371044797 -0.231087334447482 -0.220397458573287
0.488535951336952 -0.198438775657151 -0.15520978843053 -0.0109236224204615
0.222650811704435 -0.442190934692839 -0.10610548065447 -0.0231532762213926
-0.127769248830597 -0.36870504695165 -0.0715175409751916 -0.0446508570949387
-0.254839359198945 -0.213573529580409 -0.161852221754422 -0.0600163650553869
-0.352806306029286 -0.119213416463449 -0.195537236813569 0.0127666530396165
-0.353799755351982 -0.0376751255201894 -0.209662489065986 0.0368841886512652
-0.353557671446605 -0.0503077475200649 -0.208323596508633 0.0142532055043207
-0.265978032545825 -0.185640154127772 -0.222286985751168 -0.0399549924691182
-0.151828491705862 -0.293107877983229 -0.160837442560644 -0.119976756006899
0.126484278464504 -0.407789654479929 -0.0549696304726926 -0.173325321918167
0.380868892675966 -0.240410099963863 0.0611740821767456 -0.108991210694659
0.43204567571774 0.111266357120282 0.0584945596314376 -0.0106174201052846
0.393834791456692 0.394449102326534 0.00453770107317903 -0.101182012657191
0.354921337472396 0.246418136407694 -0.264024248001771 -0.531295947208426
0.37301178639143 0.0730511441999196 -0.319852657562282 -0.254137686917007
0.316747789821552 -0.143138208951281 -0.151741967136276 -0.0189889043821638
0.139895179684712 -0.281473218968987 -0.0828700840692555 -0.0617124778448627
-0.0714952375194122 -0.237216944833859 -0.100303585030586 -0.128117460018282
-0.159560629269649 -0.154322441043219 -0.241730409543445 -0.131707581754722
-0.232385422693323 -0.109167352451168 -0.308412811440623 -0.0231669167327066
-0.236312958309577 -0.0519889159064743 -0.312262591297076 0.0318509493276479
-0.232767060193231 -0.0669534225881012 -0.3068409459995 -0.00169182129772025
-0.158776965492295 -0.151632001713558 -0.28020327273706 -0.0854988312514162
-0.0649374115247758 -0.198469943613593 -0.169868865238537 -0.174538854052334
0.109576126751429 -0.24078021473739 -0.0373160110081252 -0.180942827468518
0.248040838710988 -0.127822005209881 0.054650825466927 -0.0937043259264872
0.275282037660489 0.0847385554572213 -0.0261181446304349 -0.0228417868879956
0.283868918606058 0.268487980389411 -0.105203338582004 -0.208785874521924
0.206482921477755 0.0609951535403472 -0.331969781121724 -0.570892448504709
0.15977268049205 -0.0198281053014204 -0.376322469589332 -0.256139590004948
0.0967565195338111 -0.0677047055127438 -0.142989250582389 -0.0152168415584651
0.0378151411355206 -0.0812218894423449 -0.0569150930064675 -0.0741095556495582
-0.00370641922275849 -0.0716209801595354 -0.11312386226303 -0.17659815392647
-0.0378608004463133 -0.0733236674517056 -0.281074388759055 -0.173371300325395
-0.0732769328632262 -0.0824548913100867 -0.372306917630297 -0.0500686403434692
-0.0819178367459861 -0.0591370895153313 -0.367797680476122 0.0220016699147832
-0.079729392023977 -0.0719053372086722 -0.358349525201449 -0.0217895727719807
-0.037813780753188 -0.0947010546674423 -0.292453573399207 -0.126306394617364
0.0156537551650019 -0.0821194417738958 -0.145926082315725 -0.211064475794172
0.0683437871704125 -0.0625789762173399 -0.00405979057576073 -0.168664562708392
0.0888053465795171 -0.0220203023008663 0.0552435317855208 -0.0703240206567245
0.0990232813789842 0.0368220375428913 -0.0843126194126756 -0.0284812499334879
0.14272498809498 0.107624376619192 -0.185213464051395 -0.272542088831236
0.0116954382011514 0.126421309547498 0.28083978270115 0.26438791084716
0.0828441259435412 0.0586489044873167 0.185610879780085 0.0292540125572075
0.0983564033430111 -0.0489681749853959 -0.0670065216721384 0.0158426446382102
0.0159473728271322 -0.112738110148723 -0.0567837394991451 0.152014175574868
-0.0791036926875118 -0.054101627630602 0.105210850841212 0.247661242244993
-0.0779700447555902 0.0118577612551289 0.286503167970339 0.199456405081663
-0.0897890840637373 0.0538078192172688 0.377982426292091 0.0680946619453609
-0.0870117134078805 0.053644286761848 0.371513792481649 -0.00885740980038112
-0.0924637792308304 0.0479119149520363 0.372453865554237 0.0426372572542367
-0.0924554006056904 -0.00634149556653358 0.278758703356549 0.142032100711468
-0.0731230367383167 -0.0772180646923115 0.119535310736216 0.177466447410249
0.0303696624743716 -0.124079020802902 0.0557269114314486 0.0708316779008581
0.104564673490178 -0.0351437731628379 0.133712264908374 0.0343444011367684
0.0505812190551536 0.0544226487476567 0.322848056725913 0.212278029044843
-0.00957143209536793 0.0708694562636545 0.324951999898705 0.568817753513613
0.171076460303765 0.280773397382206 0.237970852955712 0.193624731796429
0.258094263709962 0.130175927895511 0.156658528440571 0.007656657167198
0.271779252224284 -0.100135830912822 -0.0815627394166238 0.00723711128946696
0.109580777444131 -0.264466367523576 -0.0907704709081379 0.131580549243409
-0.122377652584748 -0.194642949665584 0.074657504201746 0.244727742294485
-0.182094192742047 -0.0708467893257139 0.236737171945963 0.202908041677502
-0.240183597001879 0.0152657198052035 0.329015450606604 0.0869610753600037
-0.242483417437597 0.0457237887368381 0.31323569614138 0.00641589220458685
-0.250840112373228 0.0289784568520631 0.312450245675925 0.0406648850254662
-0.212524240106494 -0.0903550773835345 0.215893328940608 0.123669079824783
-0.14033533756958 -0.213250438155047 0.0794176839618862 0.141759915307273
0.0953276545487048 -0.310411648661052 0.03963423051894 0.0184200822366428
0.287588599344716 -0.139375841834173 0.143318488332335 -0.00429635854649278
0.257027421349096 0.119776932491946 0.349943935082071 0.175416516603204
0.162960012022311 0.259862824028034 0.353878738238977 0.49905617210219
0.310098633725558 0.408086699227687 0.166296185786315 0.0714690523655357
0.416754132350291 0.192974151979714 0.0943886974065261 -0.0332056539939388
0.430767865515222 -0.145922386102803 -0.10103192452111 0.00356023980632287
0.197179572289637 -0.400731703752432 -0.114184410576756 0.107037391473805
-0.150987527787282 -0.323234912181535 0.0435450652784056 0.211593176788362
-0.262631250227837 -0.152143837704188 0.159276672220374 0.173192347207858
-0.355961801306901 -0.0304193069820775 0.230400810744527 0.090433497782719
-0.361657557602601 0.0302360232082964 0.206183178620311 0.0213112972889726
-0.371251465264841 0.0113664861091207 0.205072173658482 0.0353457058828253
-0.30639027737225 -0.151948107092615 0.117613762656871 0.0906843886963146
-0.201413002855352 -0.313237033206814 0.0220857767907744 0.0843001196111495
0.126175363158537 -0.463584431538915 0.0143185921430665 -0.0410709455615164
0.420997453547045 -0.246328673538184 0.136428366755351 -0.0491568479710219
0.432602752000013 0.145359052626547 0.330515104552507 0.119164023403687
0.320179038823606 0.399481454057724 0.328738037520157 0.369075279929648
0.413648908047446 0.47877312168652 0.0688361825538439 -0.0896768316857672
0.541632540394265 0.223640685011952 -0.00159481398820541 -0.0936263585160598
0.544188407818562 -0.192334002685701 -0.125955272196687 0.00166183796561909
0.255694501684734 -0.504746671967596 -0.125728841993433 0.074651789596247
-0.16778405095284 -0.412756588239593 0.00998232096246701 0.146356035608658
-0.309903447872863 -0.211443454706338 0.0580415138535247 0.11229719520309
-0.421596283265568 -0.0741697332223988 0.0966143144012695 0.0753264779172477
-0.424835126141309 0.0102479932298866 0.0694173422986055 0.0320269539086089
-0.431748517841811 -0.0055308014141099 0.0671233765755063 0.0290963840324482
-0.354010438834957 -0.18635385399229 -0.00277347093952544 0.0505278803603213
-0.233879535542508 -0.361641612619534 -0.0486631658968471 0.0157434519296417
0.129764277584024 -0.546277225046533 -0.0197999268282364 -0.0996450730934508
0.484237628562359 -0.319889140165715 0.111840434258711 -0.0876103979552372
0.53525430837121 0.142099745064461 0.264157207198163 0.0603886215943599
0.423018608244936 0.471072504220812 0.248029123899181 0.207039348709605
0.464185250988052 0.475843292628688 -0.0471898775511891 -0.265477900332305
0.590194923408203 0.211279451896329 -0.119724339815715 -0.161473073046715
0.573884107026442 -0.216558591307355 -0.14777329482208 -0.0035803254472826
0.26628066623333 -0.529603759492136 -0.124300004180879 0.0297556347813562
-0.163598571060749 -0.434808554442757 -0.0310200431918631 0.0542069641246642
-0.310766424363219 -0.235402767225756 -0.0570748685523821 0.0296361094274197
-0.423592290807044 -0.103755970006952 -0.0544197074558128 0.047001343864349
-0.424489650258456 -0.0105907911580559 -0.077598747674796 0.0385289299233341
-0.426094329838476 -0.0245046009777216 -0.0790087816589896 0.0237568756371984
-0.341692159665178 -0.196580305331994 -0.124826148452011 0.00782877833771766
-0.219201004508969 -0.353231331221814 -0.117354217867476 -0.0548963776759766
0.125946906997804 -0.529305875851816 -0.048743801573377 -0.146121239401394
0.467002437816614 -0.321877292472751 0.0810618202183541 -0.108898876428032
0.533916363192156 0.127077183638987 0.163312196038192 0.0155785256404284
0.452659248033402 0.465955573560403 0.129750986724631 0.0406544284990318
0.446619764086753 0.393608494224376 -0.166306514678832 -0.422948058039788
0.533328246752526 0.157004052760703 -0.235832512173854 -0.220663846625836
0.49671636671879 -0.20215060730111 -0.157840993309661 -0.012576281784837
0.223127632894483 -0.453317022022613 -0.109202597058693 -0.0202075424930826
-0.130720361245333 -0.372149388335152 -0.0720132784494061 -0.0463105498020491
-0.259554080008398 -0.213839698001717 -0.165755528260824 -0.0576723649419483
-0.360249632879744 -0.114521358670582 -0.198138760843583 0.0127348026509743
-0.360562785795375 -0.032255911121511 -0.21181697074341 0.0395120961677343
-0.356225663262784 -0.0459390735970327 -0.210322445123489 0.0154380169260816
-0.272262914503005 -0.185365869595159 -0.223931863044956 -0.0358365949859409
-0.155428058900107 -0.295439115806675 -0.162571261265496 -0.120670472660771
0.122383083347968 -0.415732435530129 -0.0573231524009432 -0.175347953804281
0.382948260814387 -0.246175164338537 0.0594922351969295 -0.10998864702296
0.436871730187694 0.109331650504853 0.0589596526728849 -0.0105111257761158
0.400767199798433 0.395388302480073 0.00254305436786034 -0.104686306423109
0.357870167186391 0.247703329062113 -0.268112468821785 -0.534182859518383
0.37910795106709 0.0736194335340446 -0.326306100841939 -0.255605805724621
0.322085051847506 -0.145804648408275 -0.154426121322593 -0.0198471829938138
0.140672459764025 -0.289771901770112 -0.0855258396890259 -0.0599178312359915
-0.0739238188904919 -0.238951136244823 -0.102903692080772 -0.128981603725652
-0.162478970491082 -0.154374765960202 -0.247229018561145 -0.128255354246055
-0.23786691313902 -0.10588090763926 -0.311900586127486 -0.0211195102030025
-0.241157444779165 -0.0482105233638044 -0.314166974585263 0.0348664022594002
-0.235033109542584 -0.0639413175529467 -0.30888477575798 0.00113826432204319
-0.163351774439879 -0.151474349580247 -0.282313511286023 -0.0813327776412902
-0.0671674612034189 -0.200814662532874 -0.172182565931385 -0.174979280429434
0.107241248980968 -0.245626349233325 -0.0392464957084043 -0.182952299753303
0.249813313883607 -0.131354654384601 0.0530514176574553 -0.0953993773258777
0.278589583689734 0.0831445272476096 -0.0261815826960978 -0.0226215322630852
0.289655893553579 0.269450237509358 -0.107957192120041 -0.213303416105847
0.208432268903666 0.0623219481783527 -0.336067605788525 -0.576714393066983
0.16387665164268 -0.019133900669096 -0.382671382262054 -0.257341088151708
0.100077366145697 -0.0690232173724363 -0.146008897160503 -0.0161335308766864
0.0380019677016797 -0.0845906852168305 -0.0582163472271099 -0.0729027487389961
-0.00427762994027512 -0.0726805176157289 -0.116208720293503 -0.176679032436373
-0.0379931298327125 -0.0728015685844421 -0.287459495174705 -0.170087190394454
-0.0761716348639214 -0.0816808975854258 -0.375998990318917 -0.0467888954999417
-0.0844299419906405 -0.0582524192365883 -0.370463116279243 0.0248187187373416
-0.0816615981238328 -0.0703658772671134 -0.3589852967964 -0.0180521839912221
-0.0405935904447634 -0.0947589935496739 -0.295572666273833 -0.121943209461983
0.0149164386280444 -0.0843195997465682 -0.14933840916379 -0.211750819626663
0.0664768483382466 -0.0654711614749034 -0.0052885121915382 -0.169969261897222
0.0903617659987398 -0.0241182852299543 0.0536703694058638 -0.0725302517209732
0.101513796531958 0.0349270304757459 -0.0857613767119496 -0.0288390970482445
0.145943407985289 0.107302840029967 -0.188961326490372 -0.276209651933689
0.0129424525591832 0.129567157481024 0.292426802481439 0.273499537180935
0.0840887388280967 0.0597167618798371 0.194000170813812 0.0288486864352849
0.0996968240321248 -0.051382691212848 -0.0685728826719467 0.0170019076911395
0.0159623640599617 -0.117322906607664 -0.0566963135572238 0.156446988843918
-0.0821189376680616 -0.0554175147017954 0.11311383744359 0.252402242674838
-0.0812587937845877 0.0121849771539398 0.302383837369114 0.19881458057308
-0.0907069779214618 0.0577787129720651 0.392176707573091 0.0607602846520108
-0.0891878233172083 0.0586188108884625 0.383731382611129 -0.0148588179839942
-0.0943101978967875 0.0503415635207962 0.384143921062788 0.0356817289631858
-0.0946619377627541 -0.00499039964959186 0.290504059081997 0.139338970519931
-0.076517949014817 -0.0776902268637172 0.127116895716514 0.183089744748614
0.0297798588575318 -0.128391404827998 0.0577802852706838 0.0731554136874535
0.106424505181401 -0.0374422373198088 0.140303160962774 0.0358523293908256
0.0519201670954327 0.0578101397587168 0.336964280111255 0.21653606745683
-0.00982462461476459 0.0729207524170077 0.340948487609233 0.587039325734224
0.178085158597936 0.288218127734295 0.248212463869834 0.201691519064023
0.264901169446489 0.131079886784762 0.162965716839207 0.0080478323493987
0.279030898590801 -0.106759892519244 -0.0839910713321654 0.00802850584231796
0.110194646474055 -0.277789556456336 -0.0935486619658512 0.136926313876589
-0.128284443345248 -0.199562608320448 0.0816846151450594 0.248681093226107
-0.190602165079547 -0.0722698212459933 0.250632706694418 0.203611262944135
-0.247650115197009 0.0210620470969252 0.340833028859206 0.0803339840860808
-0.251161954227983 0.0544153820226169 0.322861835619947 0.0025748169658965
-0.258689363855734 0.0335250150976864 0.321882909296514 0.0348932300688851
-0.22208691374337 -0.0902219905091926 0.224994542728754 0.123094476956039
-0.148149258702164 -0.219059482735233 0.0852334483375845 0.145120450820469
0.0932634307665422 -0.324151395521504 0.0402767098339908 0.0189628846681903
0.295607111472727 -0.147497140827238 0.1496887773837 -0.0036825824896358
0.267318789243696 0.122580888606209 0.365205296693991 0.17921714932747
0.172441041225118 0.266664173849715 0.370676436169051 0.512232860679425
0.324085290244364 0.417971273293094 0.172131413545587 0.0762869549837866
0.430369053902915 0.194546759148566 0.0983968167899631 -0.0333570604787947
0.443387145789237 -0.156579946454835 -0.104902799854423 0.00368233011529835
0.199179115830933 -0.42240610642424 -0.118865955589576 0.112658493535444
-0.161048009756537 -0.332133789510813 0.0496336854924154 0.214705688216811
-0.275495865328262 -0.155398517635549 0.169332373414235 0.175482365771009
-0.369756835601438 -0.0235187724087971 0.238332325954281 0.085814362533077
-0.375371034126402 0.0410269453277797 0.212464813426234 0.0198703467247068
-0.382371422158967 0.0168014845700875 0.210218278991453 0.030941398966548
-0.321287661655829 -0.15264067567793 0.123035620928591 0.0913640476237112
-0.213284161704747 -0.321561431862565 0.0248154078916333 0.0861524895659502
0.12385523202482 -0.48561587511266 0.0121512610717676 -0.0431791315470906
0.434278677388434 -0.260973033671507 0.141301358304247 -0.0502688395602403
0.449474707283473 0.147581888325938 0.345668808827615 0.120588436267313
0.337003186260875 0.410752693194917 0.343391790636639 0.379268082260467
0.430410727691953 0.491956447200331 0.0708311483754068 -0.0890436818754525
0.561170626564105 0.225284468358801 -0.00205496163612056 -0.0941668887177718
0.562690077080134 -0.206600413157281 -0.131656184193859 0.00261266262897564
0.258394531308402 -0.530889261258975 -0.131514829764897 0.0809230518769861
-0.179567015781665 -0.42532810876053 0.0128426995539755 0.147921398406396
-0.325565100659285 -0.216498982311447 0.062137309855965 0.11558912969034
-0.439219514888301 -0.0659252712471506 0.099689739799316 0.0727729643425394
-0.442124322583251 0.0225955802669156 0.0710827864064534 0.033340517556971
-0.446264641649669 0.00242601146579271 0.0676301124979917 0.0276678131252175
-0.371491779806985 -0.18880847074366 -0.00248250420266327 0.0531195161963613
-0.248735452197573 -0.372196584412011 -0.0497601583400591 0.0161256238534195
0.124848041340506 -0.571630392553148 -0.0236067927809528 -0.103428251661996
0.49827998545027 -0.338427208668167 0.114989472982703 -0.0900965529930759
0.555600571692698 0.140344359484445 0.275343061425883 0.0608476238771703
0.44480716711024 0.481714585223335 0.257333595466747 0.210753682630432
0.484084046589093 0.488296487084543 -0.0509303908565416 -0.27090758045579
0.613936391040349 0.212265403599715 -0.126463467285833 -0.163956348621611
0.594110096184871 -0.232905568154365 -0.155183501218976 -0.00237490844581031
0.26968634996629 -0.559942250631262 -0.130910749571397 0.0354430179855532
-0.175895986420747 -0.448612142406787 -0.0307225362777334 0.0535281922055664
-0.327681045107772 -0.240746671873836 -0.0588101452307748 0.0332228538947919
-0.442648338145606 -0.0969585958733958 -0.0569667429673431 0.0465662289560609
-0.442146453411123 0.000371578177897213 -0.0805733149476048 0.0419124537921622
-0.439941809282852 -0.0172206026297033 -0.083436239141046 0.024671559524947
-0.358813106725191 -0.199133289435954 -0.128894793307737 0.0116930724932107
-0.232296461466675 -0.364567496904213 -0.122436012177156 -0.0567854237240912
0.120342778899933 -0.553005255885221 -0.0539576082274251 -0.152332414207056
0.480627981433105 -0.340402854624492 0.0823033174968942 -0.112031290842405
0.554377612453832 0.125572726545571 0.170541071934859 0.0155585979705705
0.474761813766483 0.47719164989837 0.133085079063572 0.038963418458954
0.466041074455214 0.407159304699557 -0.174964939482693 -0.434898741645648
0.557458134646925 0.158445884383518 -0.248052358597947 -0.224469932961962
0.515097827888864 -0.21724498639116 -0.165729760488149 -0.011975323998415
0.225102663079655 -0.479612403695382 -0.115327584428781 -0.01674035931214
-0.140561366455137 -0.384644765376163 -0.0751776185126292 -0.0485982929073679
-0.273022811434267 -0.218527603022177 -0.17441094952315 -0.0540222788535489
-0.376748480694307 -0.109595557782261 -0.206489734554183 0.0137432438430087
-0.376149397633488 -0.0236449018107152 -0.21967433292432 0.0442282818233235
-0.368599690322004 -0.0403052250158752 -0.218312875698334 0.0181938907146616
-0.286670870931835 -0.187288203997737 -0.231694746905565 -0.0321563124219988
-0.164829885807789 -0.304890830219123 -0.170257708740572 -0.123481722628114
0.117814047018346 -0.434736962573586 -0.0626259476312553 -0.181633144694388
0.393709511025243 -0.260265055392694 0.058893298287863 -0.113870270727729
0.453544703309596 0.107468955765738 0.0617836685803157 -0.0111513276847875
0.420270945777922 0.403828391748687 -0.000529246803962243 -0.110969748164405
0.372053168062853 0.255260271315292 -0.280162108697322 -0.550204426388637
0.396147295983808 0.0744151322127081 -0.341360292768172 -0.260475620920909
0.335375200489656 -0.155658332255659 -0.161954053854963 -0.0197837202014559
0.141272051027836 -0.306701534692721 -0.0898344747324699 -0.0576507808734199
-0.0794162019458858 -0.24756151629573 -0.10865934742314 -0.133193243932086
-0.170812620092212 -0.157887119594332 -0.260352410007702 -0.124957060564889
-0.251127735042635 -0.10322218416155 -0.324148267508617 -0.0172677373454252
-0.252257711697639 -0.0437387244857172 -0.325519173587775 0.0402033129512713
-0.244198556805862 -0.0608442956706827 -0.318624213608568 0.00670888820170842
-0.173646310502189 -0.154162773956874 -0.292810513434207 -0.0772140806797094
-0.0728003294413697 -0.208232942274509 -0.181012530638416 -0.179034711187293
0.10547942039945 -0.257864275979296 -0.0430217181703395 -0.189318747862879
0.257035817996267 -0.140681879332564 0.0514227390143142 -0.0987352556048251
0.289976943689284 0.081896831183071 -0.0269889751535317 -0.0230600464729362
0.304319235700807 0.274628578060693 -0.116286750430245 -0.222440818450912
0.216421648765873 0.0642821793112039 -0.350854119783419 -0.593960163315642
0.171925895206396 -0.0204423237013745 -0.401192613986471 -0.262756316971388
0.105783288580754 -0.0731715294287868 -0.152281055960654 -0.0152304336750235
0.038028500754492 -0.0904718180136344 -0.0612282124711549 -0.0722970490350271
-0.00517445378547901 -0.0750995075948356 -0.123741221035322 -0.181044282687807
-0.0397977224595326 -0.0748019662819957 -0.303153112481985 -0.168791869407017
-0.0825448181681784 -0.0815901353878722 -0.390034701024629 -0.0406715488421498
-0.0901784678319745 -0.0579604784905372 -0.382430432105528 0.0308671634878013
-0.0859918186633253 -0.0705518105441368 -0.37073754106597 -0.0129002631871063
-0.0449749859077724 -0.0977764352760029 -0.306141489714101 -0.119051874167087
0.0139742289750164 -0.088599651993761 -0.157707286131982 -0.216662756181196
0.0665571727123159 -0.0701992596502344 -0.00793636263026531 -0.176030834796703
0.0937941234081089 -0.0280232355626101 0.0524397574732103 -0.0757150737628181
0.106206104256093 0.0337014160077914 -0.0887421957697914 -0.0283190995718139
0.154672588462561 0.109005072524384 -0.200258262163853 -0.286662323332506
0.0350771415725145 0.125951429535984 0.315597307994807 0.266638124104285
0.0929504635682007 0.0476580771928597 0.201661020330962 0.0188538089077052
0.0942149916784813 -0.0641620429245222 -0.0663799292428597 0.0331861393249356
0.00220813267994441 -0.119903014745325 -0.0367154365006289 0.169808374955235
-0.0849045936864028 -0.0448950905471234 0.145752531101867 0.242949028022152
-0.076913206568292 0.0176914417287963 0.332071198777653 0.169761129032021
-0.0816613272517266 0.0709731341900993 0.41277972683004 0.0118493356220007
-0.0834748296637441 0.0676737271567638 0.395452255124721 -0.0557980243873655
-0.0900433416400227 0.0636408429609189 0.409122607478384 -0.00268910184589865
-0.100501659328577 0.00757333515857476 0.325282143966036 0.117048577022765
-0.0896204307272247 -0.0691974578676745 0.157119565847064 0.182273940103026
0.0129259834327246 -0.136025993361792 0.0707756852200208 0.0782285763236961
0.104010299572754 -0.0473391764625339 0.150012230276486 0.0295244498225291
0.0536274545365252 0.0614810884133026 0.381275894162359 0.196863240953837
-0.0133164467016508 0.0821876753590855 0.410457356873132 0.597111384232833
0.22205324356648 0.265638403804125 0.250340069107894 0.207003880283117
0.286021575117986 0.0984101226507927 0.162106477472883 0.0116814232020254
0.26994378981029 -0.145050223075473 -0.0801865813918154 0.0414523608881663
0.074494768776243 -0.298829865498818 -0.0644936116552741 0.164210484481422
-0.150137402078286 -0.18689671381079 0.122177808995441 0.237680032256476
-0.199074654884207 -0.0569101221551344 0.284322150496313 0.174720743257022
-0.250893773307257 0.0557189428852044 0.370586730139121 0.0301093852523552
-0.251220232134165 0.0818403034039087 0.332111212766728 -0.0334052027532082
-0.261219572035401 0.0671568932782811 0.34316054316465 0.00281018676223257
-0.2431421306719 -0.065985749210938 0.257211928537228 0.107543900659322
-0.1801536104062 -0.206380875321533 0.112206860371443 0.147422736530987
0.0550411644564815 -0.347946465021142 0.0473899258040416 0.0292231277150169
0.289889450804309 -0.183903436781348 0.148951666251087 -0.00674215164112505
0.289370251260611 0.10909968806491 0.399917552997363 0.143674171987882
0.201286507628147 0.273534733324747 0.43299066257122 0.497967193583259
0.382681376227628 0.379486603007406 0.152875569973166 0.0931530061794452
0.462546226184072 0.143006390740193 0.0865535804254413 -0.01511713361551
0.43199386664297 -0.218338865659649 -0.0988796044895967 0.0540680574903964
0.144699774547576 -0.461698737168263 -0.082923339442384 0.153830135876045
-0.199555147333555 -0.319490126474859 0.0947341074302269 0.203189029803205
-0.29741670742843 -0.132761039913523 0.201309477813811 0.151331169861663
-0.385262032866941 0.0285975535208685 0.273743504173861 0.0409128424605268
-0.38096907896173 0.0812693348646988 0.218102081716265 -0.00569315393570712
-0.391178860954056 0.067144993156699 0.224004684872372 0.0104432503675644
-0.35355470478491 -0.120284983894969 0.147795597390951 0.0844002030661604
-0.258226768008978 -0.305483111175166 0.0449021991608722 0.0908372771481672
0.0657896983862059 -0.519830545076904 0.0133622574636388 -0.0289324366332856
0.422150092283557 -0.317852773896665 0.131237924082747 -0.0476536494064327
0.485757566979384 0.116582271835023 0.36437687878636 0.0758700079892217
0.393817517834562 0.411344488240949 0.389611664245672 0.342682662111362
0.497952239663976 0.442128694974059 0.02959399197569 -0.0637675422780819
0.598534216700959 0.158923824015016 -0.0257088899339071 -0.0616125463300021
0.549850241335521 -0.285043632861309 -0.123779328793807 0.0657170251429506
0.189459864296979 -0.583299077595254 -0.0909035834081819 0.130518305468404
-0.232237411431504 -0.41305256334558 0.05624518272429 0.135793367802212
-0.357429576686625 -0.188582914322457 0.0885518014792212 0.098125805214259
-0.465060279825396 -0.00475885689869233 0.134387963300971 0.0407056563033715
-0.45214025616598 0.0709013711052738 0.0721098886163944 0.0219662620913397
-0.45879858728098 0.058712832573174 0.0722745314947668 0.0209311939159133
-0.409350093737253 -0.151446394033702 0.0120738715837365 0.0567042719807122
-0.299310094697181 -0.354756584899339 -0.0406059529959469 0.0234264690494501
0.0584353160566968 -0.611265412948308 -0.0294267527692967 -0.0876613944605772
0.482934043779924 -0.408501161587508 0.0956160521629684 -0.0834999229575551
0.599325937152878 0.0978660293601592 0.277656866039724 0.014305548797424
0.519475557213171 0.477019016234762 0.281307183228862 0.160259332304684
0.54976534027112 0.436344695196934 -0.109580804505694 -0.242093796559336
0.650601731580398 0.140582815997154 -0.160850412876545 -0.12035805049029
0.581124391181944 -0.316690351565294 -0.147363153664519 0.065640675506155
0.194573170456107 -0.61627417962046 -0.090856603313743 0.0853156623723196
-0.233713139259591 -0.43778061781016 0.00348584536802529 0.0425625365506212
-0.364067923135112 -0.213214590871627 -0.0440939706512542 0.0257797884485885
-0.474567875558721 -0.0357046264543814 -0.0286559791320698 0.0316672429377311
-0.456076203010197 0.0486189635993103 -0.0842126951476057 0.0472522986984718
-0.454952250133211 0.037241981728986 -0.0878096140336578 0.0343957211717121
-0.396763283649508 -0.163313383542559 -0.127015703049695 0.0261160538861775
-0.280456804823313 -0.350193297510916 -0.126225943472862 -0.0467900812124675
0.0566648952761055 -0.59119743076364 -0.0674445731121575 -0.138066711480819
0.46333216400332 -0.409098606189318 0.0593750023166745 -0.104332425892706
0.598555655856598 0.0781476502978214 0.160034964139969 -0.0243490261036885
0.55336323372402 0.466236219395934 0.133760557921686 -0.0149826016510926
0.51647122001431 0.354989445702549 -0.243900742961439 -0.405688437161002
0.584640489889294 0.0956415148306519 -0.288651007961822 -0.177912023615536
0.499848125238073 -0.289620839564618 -0.159631022812688 0.0496728745949735
0.161836806247976 -0.527849918748745 -0.0847913808349989 0.0246955440638349
-0.19169400257823 -0.377011771911419 -0.0565061994195746 -0.0553822189401811
-0.30786198844061 -0.194682866697918 -0.173561072475507 -0.0499388376673871
-0.41097055438317 -0.0575267828038317 -0.188789238219733 0.0187890451309302
-0.391428113747735 0.0178410902135708 -0.227572856473985 0.0641777252519116
-0.384391274969247 0.00482634104883498 -0.230465665904037 0.0417019899846542
-0.318990800400572 -0.160732538527215 -0.241748203050728 -0.00986707365564664
-0.202677433069311 -0.296752866978154 -0.186048268364488 -0.113925581824768
0.0691400504802984 -0.467723671017274 -0.0813853445310009 -0.173028802426435
0.382352654319085 -0.316265317413929 0.036573160516135 -0.10873222517407
0.48947417977327 0.0679691299402982 0.0462262244682326 -0.0380736551044744
0.490626170447537 0.389653381203004 -0.0197329487200449 -0.158449481556529
0.402078081784331 0.214921759086729 -0.351307067289374 -0.526916761101292
0.409512621461428 0.0317257860321879 -0.384042512463399 -0.217796517437538
0.324944942891934 -0.204247460334644 -0.159464871401429 0.0252331088010096
0.099884223681979 -0.338015683515508 -0.0750017195258092 -0.0312148486515308
-0.114208930006784 -0.244694274994858 -0.109247109395743 -0.134214749076628
-0.196977032278168 -0.142286178660721 -0.274506172024941 -0.110578687569155
-0.279977160763911 -0.0681920183185745 -0.320137028024796 0.00682781740176131
-0.266342388699518 -0.0152409309399172 -0.335762242408963 0.0717938110968432
-0.258930554986169 -0.0313440723197006 -0.336233424961006 0.0393335217666115
-0.198106934441886 -0.140641431531656 -0.313078028541513 -0.050351001898938
-0.0967238695970074 -0.207607729187318 -0.205624913293839 -0.171996155091539
0.0785875281274289 -0.281259610904172 -0.0641350093200432 -0.188088039341255
0.252702577365059 -0.176277734068888 0.034914799688252 -0.100306582180569
0.315056833865123 0.0557588293460004 -0.0431253557844755 -0.0360991419186603
0.356220618284282 0.262079515595113 -0.149572921318838 -0.256852655380804
0.21802453107862 0.0410522568329725 -0.412850664509529 -0.579450136209648
0.167840337349298 -0.0368185940676369 -0.438538962722046 -0.229335046958743
0.100290168709509 -0.0885759407312378 -0.154755196836203 0.00794353602759647
0.0242840696254424 -0.100040613554408 -0.0614380359940013 -0.062700299559714
-0.0184635070035185 -0.077645849430827 -0.140779449874269 -0.175866504365207
-0.0542374646292086 -0.069716597795172 -0.326620218190325 -0.145083792001021
-0.10245640328675 -0.0695537134002254 -0.399357432073674 -0.00190609561939338
-0.101545005217793 -0.0472201150287986 -0.39460004146019 0.0698486531675843
-0.0980818616405213 -0.0614259002866108 -0.392225334646801 0.024889374507376
-0.0577376627020847 -0.0963786180457931 -0.33441756787572 -0.0945983621157406
0.00672693799713972 -0.0948253002682517 -0.188553361416908 -0.213623828150708
0.061904971388052 -0.0810557429566511 -0.0267701346925618 -0.184359801838501
0.0953743726200487 -0.0407230001001863 0.0438084752992127 -0.0827503161078653
0.117915316920628 0.0220476338373528 -0.102346950013809 -0.0276431071697535
0.181868333880647 0.098154714101754 -0.241114965582915 -0.303067118652802
0.0436471482520626 0.126226976200348 0.343786759377666 0.257288068306398
0.0967695374664883 0.043923893470345 0.209523215772785 0.00545923421475948
0.0919684047210936 -0.0716421423211025 -0.0676126118029945 0.0391055292092356
-0.00570754896640614 -0.124996648434538 -0.0277603655412332 0.177015243886464
-0.0900824102002643 -0.0412528024858588 0.165941863494289 0.238188843620646
-0.0794479319932062 0.0226342314626903 0.355158724921047 0.146866438043667
-0.0777404444187693 0.0786252435967196 0.424396677786643 -0.0187778683440168
-0.0799455197790283 0.0774389514079739 0.403572039455858 -0.0855723339476348
-0.0879685994850629 0.0720473873614148 0.420544746188698 -0.0340578169506905
-0.101866887522484 0.0152785591099477 0.343387611136567 0.0955230870826517
-0.0973853950788869 -0.0645784243444685 0.176019860304357 0.178127892627376
0.00345450911833526 -0.140949495332858 0.0785872883212151 0.0765526329626918
0.103629429211982 -0.054692233319019 0.158386683048753 0.0207911326678452
0.0593973420807753 0.060800597001453 0.406909355092958 0.178099549295452
-0.0091518041451247 0.0855777102935169 0.46460542314446 0.590558446139491
0.246060552519713 0.258692460431822 0.27300631819508 0.202342666872739
0.299613171378423 0.0836341510459872 0.169067602617753 0.0015921483190664
0.268415822839726 -0.168670534740884 -0.0811114879484795 0.0485362138685405
0.0553863807142435 -0.316664743641177 -0.0572756958001461 0.174535156148422
-0.167050124796769 -0.18339694374236 0.141559371752476 0.234258818589698
-0.211509587104148 -0.0456533371754936 0.306549712808641 0.157620543426117
-0.253937842468032 0.0765493472515259 0.380854451391847 0.00239726424200528
-0.252157273312572 0.105724710497756 0.339662651401654 -0.0582860811473794
-0.265071682444274 0.088344499631009 0.351841206610292 -0.0238771686825123
-0.255847302618834 -0.0508292433896984 0.273027506262168 0.0909858414920741
-0.200117598995751 -0.201179940185838 0.126881458265127 0.144770857902506
0.0306715651953723 -0.365639630189271 0.050672653307803 0.0277379109369652
0.287602431161671 -0.209725329094995 0.155683962378779 -0.0153585316706859
0.306720654023269 0.095238377644193 0.423003450515347 0.121503660053781
0.227056228769266 0.268463003185706 0.480612839582539 0.486417653472401
0.41963056975234 0.368217732035559 0.165596321361855 0.0907383661949447
0.485062709084011 0.117476055218812 0.0896971132654868 -0.019685767085674
0.431445754972238 -0.255848902249434 -0.0996235908288929 0.0631005948373966
0.114815830862446 -0.490691284724606 -0.0754011421492467 0.166241676644748
-0.227565934688811 -0.316213720552031 0.109888963394984 0.199888514699092
-0.318621325476828 -0.11658480978213 0.219460654077645 0.140833293658917
-0.395174812981539 0.0585387811848497 0.281334612225518 0.0203009179991898
-0.38766638303541 0.117562465184481 0.224641946766388 -0.0205269474697859
-0.398868264247518 0.0979615147020489 0.228620863752031 -0.00652499689188587
-0.374694580426466 -0.0985221490366938 0.158236116577458 0.075830924960545
-0.289154275974919 -0.299266795904633 0.0520850879127139 0.0904666836566814
0.0293171208484237 -0.547152147663865 0.00972710447003752 -0.0302070530535778
0.416259885604661 -0.360493163454324 0.134174437837664 -0.0564722856092974
0.511223527931774 0.0897101834064066 0.383057154856205 0.0536509118779313
0.43588930256247 0.396438940540976 0.423895067671461 0.327407021116653
0.542987839147177 0.425324897394279 0.0280624895551648 -0.0639658591255235
0.628690025270231 0.125347659862179 -0.0291095457676344 -0.0591363117122102
0.550093620771484 -0.333532833480271 -0.125255105537288 0.0774348316433576
0.150788863993345 -0.620662131849785 -0.0848524873129365 0.143327934183176
-0.268095652146293 -0.411941153101177 0.0660933723361882 0.133338957932659
-0.385961584992887 -0.171331278811327 0.0993646878728706 0.0962097105025294
-0.481989419552979 0.0306029698391976 0.136644824775036 0.0301230923426978
-0.463489791206276 0.111157948904392 0.0760385270843625 0.0190849157870566
-0.470171755951035 0.0940399414265292 0.0735804752618839 0.0173246604818555
-0.435533633881001 -0.126959509003791 0.016345672090842 0.0573728149880122
-0.333772714759258 -0.347495215799149 -0.0412782795185399 0.0261658590572181
0.0126428847093369 -0.638999309268058 -0.0385829655677694 -0.0875837205702432
0.470575418973815 -0.456247018738226 0.0960356077190121 -0.0904679944127394
0.627071488673699 0.0635512903242555 0.290415079013271 -0.00422261573948335
0.572456038151881 0.456272312734335 0.299391212036538 0.14594748725815
0.595867715747043 0.41607811225692 -0.126918478192412 -0.240416979333207
0.683522984076266 0.105360524063212 -0.173185580125739 -0.111395953673519
0.581490744239407 -0.370718925932197 -0.149903646121484 0.0791637621189617
0.15471605825547 -0.65638661736434 -0.0879743675646403 0.0978518838513495
-0.271619040725062 -0.437374165234599 0.0051407577573308 0.0414260884268851
-0.393772108950936 -0.1956057870532 -0.0433847773142599 0.032782872245729
-0.49445622739714 0.00159302061665641 -0.0319499919761958 0.033189449828813
-0.469755982569435 0.089223120555574 -0.0840602410499976 0.0554799541248137
-0.466897937124227 0.0727427387578277 -0.0903372667482729 0.0418513357153006
-0.424399997100956 -0.14077410514602 -0.128399571973547 0.0368152382641755
-0.315202303161508 -0.343528921449481 -0.135072236307346 -0.0407951571681991
0.0134463940097563 -0.620673676375795 -0.0816127699195301 -0.137117242790368
0.451398117713202 -0.456613337629814 0.0559158743800051 -0.109664059750129
0.623634459380099 0.0424434332313874 0.166791148076955 -0.0363962459477686
0.60676016730738 0.444003480504458 0.134235911431346 -0.0261318538268556
0.558055199626412 0.334661678009435 -0.276822071639417 -0.403158565040839
0.612501729340811 0.0608538951754507 -0.30996864157038 -0.161657616583346
0.50018337507311 -0.337534737687634 -0.163097494787263 0.0633224914645466
0.12793349391639 -0.562671186039757 -0.0854068709816791 0.0343287209256231
-0.224080080697005 -0.37729786830317 -0.0636713049500889 -0.0549265186561619
-0.333804852114641 -0.180533186227306 -0.182885961801599 -0.0346347757745981
-0.430266749559599 -0.0261964438014477 -0.197395816776301 0.0317254040976467
-0.40453874019603 0.0530898335316587 -0.230295034485564 0.0829612710817873
-0.397203756676673 0.03395655377501 -0.235710184839692 0.0598135297811628
-0.343932084601219 -0.142684771890076 -0.249036341305866 0.0083372180234977
-0.231010406006303 -0.29449909857972 -0.202245170349361 -0.105613297662721
0.0352506458181993 -0.491176949723048 -0.0974553667334766 -0.172913327982555
0.372776781506785 -0.355421956496226 0.03125364209226 -0.113035595009764
0.51179584633802 0.0395178361283889 0.047472862818142 -0.04318836414205
0.535727730940469 0.368459535693399 -0.0339879493631005 -0.164524344529809
0.429641365118446 0.198013936091607 -0.395653851468799 -0.523085382741769
0.428219843280687 0.00713842595342281 -0.411833134193796 -0.198115952255393
0.324851973353129 -0.234827316322594 -0.164595090478922 0.0374856336546297
0.0779937726041118 -0.360381897102944 -0.07785964378213 -0.0246099956411986
-0.135232629886361 -0.24576467310057 -0.122105252073326 -0.131127921819353
-0.215533983212257 -0.134101591832152 -0.290875978842225 -0.0897890830343092
-0.295723029544331 -0.0466201816040066 -0.331608044047916 0.0299198668035152
-0.278413113574898 0.00791583768719904 -0.341391330343891 0.0987052709029652
-0.270359239543377 -0.0122846366395048 -0.343650023100557 0.0659965037426073
-0.216873131835618 -0.129662109452458 -0.324879361585639 -0.0290787040344029
-0.114856527192287 -0.209172454696933 -0.226084757298667 -0.163361478675524
0.0588179446170674 -0.297870075108742 -0.0803274442743447 -0.189757738236194
0.248360219402733 -0.202174795314066 0.0288128569847013 -0.103693823605675
0.329659297121431 0.0363037000599135 -0.0446593359301134 -0.0349376347384443
0.388264430779773 0.244877814220594 -0.175140533728294 -0.257397318569235
0.229053829048529 0.0295163625438714 -0.463048244559329 -0.575648721531808
0.174161271335571 -0.0485686819518495 -0.46921937895965 -0.207104216535116
0.0992698017963701 -0.100118457435787 -0.158958094529752 0.019027414579651
0.0172866334350997 -0.106673456108805 -0.0660143395705559 -0.0597011361062851
-0.0242413735343776 -0.0790582554694309 -0.157341430001249 -0.171434683266041
-0.0604777994618551 -0.0690893737558019 -0.348715184379182 -0.122089185891489
-0.11205571600489 -0.0623806305955659 -0.412865714643299 0.0284791879986812
-0.110293748768826 -0.0389308010313796 -0.401772213979318 0.100008835987407
-0.106648141660194 -0.0553830170827519 -0.401928933171397 0.0538368733358193
-0.0683299110296389 -0.0951140802428353 -0.348946481630521 -0.0718280117207736
-0.00109591429135195 -0.099074323169735 -0.209413967588602 -0.207858102702131
0.0564708509096583 -0.0891142112369216 -0.0405821378204927 -0.187957760505328
0.0952470538947468 -0.0509800636173431 0.0383254170405736 -0.0875715687575538
0.123946773226974 0.0144840869062652 -0.106014338245354 -0.021640926697793
0.196467922732642 0.0873526712213189 -0.272361785151794 -0.299640918961912
0.0521540224859616 0.122100896682885 0.364598885476379 0.237011878510484
0.0976146049589494 0.0375910156723074 0.210915821002459 -0.0103006004684981
0.0859853310303187 -0.0778483518059029 -0.0657899165115905 0.0456119349394179
-0.0151405116812203 -0.12590182136983 -0.0159351927512715 0.18022602478021
-0.0928681739760065 -0.0354143048204559 0.183638354186348 0.224034662202679
-0.0785348434150173 0.0279593914118788 0.366397163625191 0.116394378306108
-0.0706879433091223 0.0835898892801896 0.421613908205634 -0.0525966201310236
-0.0724535266683387 0.0844869534037789 0.397078659783575 -0.116600018302251
-0.0818294113442665 0.0784358739055791 0.415909969042442 -0.0690365984800853
-0.0997175129771605 0.0225442721683674 0.349191096585018 0.0677047129639394
-0.102040332405382 -0.0562748401227745 0.192002109100821 0.165199637759823
-0.0073418973055197 -0.14044580203967 0.0845155753734811 0.0711056140562016
0.0999600358624868 -0.0606884676209598 0.161675647793457 0.00910656257948541
0.064217363057257 0.0574702563555867 0.420999529611673 0.149498610884888
-0.0032279067798384 0.0856412722967193 0.508833515577292 0.560498126521046
0.264769276295247 0.240526764827034 0.290469248157294 0.187776080974578
0.303366592424909 0.0625862099270962 0.170208603671305 -0.0100166858770945
0.256381989664935 -0.18905241635207 -0.078854781216514 0.05628860914298
0.0302554410410689 -0.322957062051343 -0.0450870275899622 0.180277603839303
-0.180296873531678 -0.172148492741558 0.156939256953589 0.221411673290348
-0.216984829767707 -0.0304097711765896 0.3184125274553 0.131531959848001
-0.246972290714411 0.0970017334761009 0.377824344466841 -0.0275660280169541
-0.243317800473601 0.128775401500275 0.335273137277736 -0.0833095623605278
-0.258454043055575 0.109833080650014 0.347719698529834 -0.0521498487288974
-0.260039729841603 -0.0313500879970091 0.278290494775032 0.0683159397422235
-0.217036403591345 -0.186904591615753 0.138819038996268 0.135646172771399
0.00154478438289225 -0.369722294522046 0.0520772009021337 0.0251111462615598
0.273650307681687 -0.232372829249106 0.157501022244873 -0.0259077789291573
0.315307811209863 0.0740380896858283 0.43489632176752 0.0913953522871136
0.248856019194081 0.250864623266398 0.517332475776176 0.453908138383567
0.446882975251047 0.337789358506096 0.175146938952437 0.0840349585482982
0.492814551301734 0.0841065851889572 0.0900406207046937 -0.0243357654619836
0.414415198499817 -0.290733859217169 -0.0966047438057929 0.0727856880230722
0.0751373809239918 -0.504060497161553 -0.0639137442898226 0.173678265298646
-0.251640929277065 -0.301724739390783 0.122107274627775 0.189972386462288
-0.331246825740921 -0.0930161726304517 0.23229008264498 0.123551539789154
-0.391055047151403 0.0913233203675664 0.278025034289184 -0.00174736159665116
-0.378929037542563 0.153140929967926 0.223855411260518 -0.0372917497531967
-0.39271708794748 0.130040966609141 0.22626726033939 -0.0243859595119852
-0.384250548064761 -0.0687346378691989 0.163598878950049 0.0630280684035596
-0.313313769053897 -0.279582528410008 0.0589384891976126 0.086889833095656
-0.014256930841134 -0.551594459161132 0.00689940916884123 -0.0300368544535576
0.390242425398623 -0.392521309295438 0.133362425325372 -0.0651827711971576
0.521010491292108 0.053808413167782 0.390171931550575 0.0255469369413177
0.468677565842675 0.363499874289225 0.447103141148385 0.298530784580341
0.57478442349628 0.389199415753768 0.0262545521204791 -0.0630762170752102
0.638937806530042 0.0813049155372073 -0.0315279959991279 -0.0553297193814955
0.527825826442605 -0.379475018712112 -0.121031405382221 0.0889199809145577
0.100553890588356 -0.63954023386036 -0.0742896032610854 0.152544655744332
-0.299226462834354 -0.394025866966037 0.0734009402716095 0.127380363064566
-0.402503348276051 -0.142624804955574 0.108122029835466 0.0901378806942938
-0.480232655361245 0.0720758806950432 0.133588082468184 0.0196515214797519
-0.45518875066487 0.154909797986621 0.0780321268025808 0.0142440010581391
-0.464296946512332 0.132552000058859 0.0726675808879009 0.0116420494081774
-0.448828560540476 -0.0921583058809267 0.0210359663807207 0.056359222622654
-0.362917032869226 -0.325822592059888 -0.0407730275938902 0.0298701570137724
-0.0399025594120513 -0.646784052804343 -0.0475919235203617 -0.0838800488318004
0.438262634268995 -0.496365161786156 0.0922471019173211 -0.096162974978478
0.635453326585711 0.0170905144546734 0.293450734500471 -0.026285049453716
0.609638547026635 0.413184974293288 0.308088978077911 0.124378668430849
0.627815695297602 0.375599630933221 -0.14273434281914 -0.230150113095653
0.694235504453778 0.0569252914926312 -0.179704710212117 -0.0969056610429444
0.55878085290719 -0.417643027430791 -0.145493355851805 0.0916330411756116
0.102070802108064 -0.677605934275907 -0.0804050109610993 0.107218479369491
-0.306236012414755 -0.419583324297394 0.00560771646328329 0.040591634265698
-0.413960410340623 -0.166555400162088 -0.039220213892539 0.0392625783163505
-0.496024346288782 0.0436600975917905 -0.0349574081857723 0.0361913782974304
-0.464417168979086 0.133403210952792 -0.0792931868748956 0.0629233944307859
-0.462801792246041 0.110175232930727 -0.0883895092959663 0.0500197441857918
-0.437681083761196 -0.107166878224379 -0.125072885900718 0.0466914918630569
-0.343381792220731 -0.323905455425472 -0.140526514066318 -0.0303665394950404
-0.0387174069169831 -0.625417425345089 -0.0942136228461898 -0.130380273329685
0.417817933050067 -0.49543372449539 0.0504951012749221 -0.112410674250419
0.630301469657498 -0.00208313179938018 0.166968673201383 -0.0501052197226773
0.644575897329885 0.396389184941657 0.129556789411486 -0.0374955606128104
0.584399640775434 0.298538864201373 -0.305413707180431 -0.385146954459234
0.621977908996363 0.017507343067262 -0.321442898896541 -0.138052153824355
0.480855810478672 -0.378640217043959 -0.160522995695558 0.0765380163158365
0.0814915046644538 -0.579786132239078 -0.0816919648329572 0.0433479265459889
-0.253381719296031 -0.363491048993213 -0.0700671349625325 -0.0505058393978973
-0.351565761316724 -0.15587767222579 -0.184126412525819 -0.0165616756524469
-0.434276091955319 0.0123838871079708 -0.199236321322795 0.0475901627104835
-0.401715368723356 0.0902931230588327 -0.223801434696022 0.101855981443357
-0.396663073373504 0.0665600564318852 -0.231358218534214 0.0792499866974598
-0.35737840391273 -0.115555535505281 -0.246981768835648 0.0283643123463761
-0.255035496150596 -0.280117391182112 -0.212251005911574 -0.0903741878062729
-0.00555340633227344 -0.496878588319781 -0.112196538882376 -0.165077369365483
0.345470257968785 -0.388385897917454 0.0250901029395072 -0.114198407274781
0.516510910035541 0.00164442897035826 0.0466404936832167 -0.0483788459894984
0.566870007057611 0.325783383371597 -0.0505214890202345 -0.164833741392599
0.446540956360916 0.168918502724534 -0.434829752034678 -0.499100126969309
0.433943803370538 -0.0228338946817232 -0.426660757268948 -0.167695026157285
0.311405842683787 -0.262922298809709 -0.16336744198235 0.0503704674233624
0.0496772475466976 -0.371013527471202 -0.078715919888732 -0.017850581958027
-0.153883459977062 -0.237521198026713 -0.133400314162035 -0.122416834865044
-0.227581340253009 -0.11808595475915 -0.297296278520776 -0.0639209749425514
-0.300385098259997 -0.0194759537429572 -0.332767426236347 0.0562321605713879
-0.279205684705521 0.0343890232247016 -0.334435866286035 0.125816877816134
-0.272519082974784 0.0095971410305216 -0.337682852643344 0.0928156537102496
-0.229017182913727 -0.111945127638628 -0.324688536963877 -0.0033932667653025
-0.131917273923022 -0.202787036585761 -0.240572984358125 -0.14609590705865
0.0326556359484698 -0.304838369819391 -0.0956887108406342 -0.183809159935619
0.232378843426469 -0.223569789750726 0.0229541020810998 -0.104507071799244
0.333582683660115 0.0118306540039202 -0.0460065836587727 -0.0324996426294457
0.409716875441369 0.214228069807249 -0.197802068948349 -0.24787261227264
0.233106503922282 0.014196540064498 -0.506431819847258 -0.548227764499224
0.174946621195407 -0.0607793617994137 -0.48627409221241 -0.173554000781976
0.093754349536391 -0.109928788795229 -0.158430893821726 0.0309401045241645
0.00878856085611948 -0.110384361984457 -0.0688078035092309 -0.0538482594646105
-0.0295872362330697 -0.0771396446450961 -0.170695824642972 -0.159243721297853
-0.0661885454002653 -0.0648653629957602 -0.357468670099464 -0.0913604682931736
-0.117974403577506 -0.0509359362034702 -0.411131910568225 0.0605043669965118
-0.115049220228312 -0.0285548545029542 -0.393402003524529 0.13128065540655
-0.112389659552492 -0.0459943498178323 -0.39519100689579 0.086175208883811
-0.0778757073602515 -0.0887999673874896 -0.352357109354001 -0.0446409456480594
-0.0099461909177916 -0.10064881625905 -0.227007009149302 -0.191188106754263
0.0472107802200038 -0.0947589677000653 -0.0552567074937465 -0.185239328044689
0.0904429351094416 -0.0608524612343728 0.0321114324901932 -0.0894899636200981
0.126257783042496 0.00474656982351217 -0.106541609691253 -0.0148764946464247
0.205065962824336 0.0712021080784782 -0.298405613811089 -0.281567660159022
0.0566295955629658 0.115700410255629 0.372655248404359 0.216747735827359
0.0953597613070973 0.0327832403064441 0.205777221816274 -0.0215135553268371
0.0791749133493202 -0.0807348422029668 -0.0618036413961191 0.051183382407475
-0.0226921577628732 -0.12326811750476 -0.00635894108525715 0.177907646474329
-0.0929327452574311 -0.0309232463892026 0.190069835018802 0.208901720024557
-0.0759780829928645 0.0314657148700532 0.364299405573029 0.090572147106076
-0.0635161713181004 0.0843229889881235 0.40802455330952 -0.0757162525122636
-0.0649730072365808 0.0871867446687416 0.381559284464648 -0.136927592549782
-0.075271550193484 0.0814323043182849 0.401813508172995 -0.0925193888914987
-0.0952828844709636 0.0272200620337711 0.345324026102885 0.0457881159280597
-0.103022917418946 -0.0497452000350222 0.19875050753565 0.151463590886854
-0.015491337608464 -0.136657090019371 0.0870406611235173 0.0658187547615234
0.0956175041001889 -0.0645218974137354 0.16022358888467 0.000305533306450141
0.0656489364947242 0.053338189353809 0.421290887713781 0.125006067411912
0.00125279636971132 0.0840579806501239 0.529576002912446 0.525215337281907
0.270524069242635 0.221310029178888 0.297558560280932 0.172702548352322
0.29795828213815 0.0466667139449235 0.167407591258865 -0.0182352729691877
0.239113038906974 -0.199675709434061 -0.0739537903740982 0.062158804940135
0.00911609331467595 -0.320139027285567 -0.0349301038563456 0.181055773232634
-0.185878224822382 -0.160386400844873 0.163789480726737 0.208195502053995
-0.216118270391614 -0.0175911572952099 0.319902559714116 0.108937100461077
-0.235451780011011 0.110020797664818 0.365650941053071 -0.0485909341335388
-0.229374475877404 0.143118894894697 0.323924110715727 -0.100039569103988
-0.246752149894497 0.12342591924584 0.334434524166133 -0.0718667134420012
-0.257241479638569 -0.0168259774088689 0.275991333642981 0.0514871835131438
-0.224146210299478 -0.171108037354287 0.145037926491698 0.12596818256998
-0.021178681228207 -0.364126104974921 0.0520632910042158 0.0225732677550285
0.255772051990162 -0.243195986075664 0.155156722710232 -0.0335080152864969
0.314286475680918 0.0568434874559047 0.432049722647824 0.066275761446931
0.258613221124612 0.231850591269192 0.531602353485336 0.419711289355659
0.453710775728703 0.308974314690893 0.179224634030154 0.0771140441219561
0.486390020186591 0.0573176861989441 0.0889557768433017 -0.0277007411871357
0.390157286220114 -0.308579363597072 -0.0913227313429776 0.0792810306999038
0.0416161424225745 -0.502055934967721 -0.0535774470210755 0.17673361702993
-0.263016573189111 -0.284126250162032 0.127154030781912 0.179458825222816
-0.33303943317555 -0.0722217565084491 0.235793846526279 0.107413781297608
-0.376419211586933 0.114560138319607 0.267811070258471 -0.0167845551563728
-0.359703627841672 0.176640651310161 0.217118556206941 -0.0480218226136367
-0.378002727262296 0.151374794387956 0.216990506200012 -0.037348876792646
-0.381648570106195 -0.0453210513598447 0.163168998564641 0.0524655762192874
-0.32525700113839 -0.257517362444061 0.0629867890721319 0.0823504982135498
-0.0501816947264557 -0.542693117780742 0.00426980847002416 -0.027727770444403
0.362503586354652 -0.408889687826615 0.130095509723403 -0.0702248418716146
0.516247084686866 0.0264322273395155 0.386355168043999 0.00320738378542784
0.481213106204768 0.330087665024501 0.454084800170524 0.267745225301197
0.586658547048836 0.352322808620479 0.0245461403181886 -0.0601289489855399
0.632077086216064 0.0481696344586175 -0.031461796201317 -0.0513579506038574
0.496211357864303 -0.403137957080445 -0.114584041946054 0.0962502069964923
0.0577604166451654 -0.637696652829696 -0.0647239470584148 0.156805709078769
-0.317331754234963 -0.372792631907503 0.075737210419701 0.121458859992859
-0.407076855456737 -0.116558089129752 0.113612343538304 0.0835502588953299
-0.465907764035746 0.101279286663247 0.126933063791941 0.0132272586549981
-0.435107574866285 0.184638083600305 0.0778835506378362 0.0100033708789366
-0.448127593409264 0.159078907748928 0.0697950682747365 0.0079966183380562
-0.446229218093105 -0.0644922660674163 0.0235781206606159 0.0540886560485009
-0.376668231057283 -0.300480418268231 -0.0392794033699677 0.0318439686997038
-0.0803995525600268 -0.633659225116611 -0.0526948677245774 -0.0779504744626863
0.403125076788157 -0.515046501892854 0.0884134718075311 -0.0988560049360603
0.625581960146827 -0.0160038093046633 0.288630661509779 -0.0433474794914997
0.621371113884645 0.369099060240351 0.30660546814605 0.105405460167329
0.637088926721431 0.336586059033126 -0.150504003450476 -0.216567059846468
0.686106365105773 0.0214115333288733 -0.179043007443523 -0.0843335619494988
0.525273948292534 -0.443985009506046 -0.13875498709187 0.100867059093302
0.0584220415082267 -0.673227180304978 -0.0727380414203268 0.111960001487711
-0.322538719164668 -0.398670373705295 0.00415766860335037 0.0409940959932502
-0.418642642973991 -0.138832410030323 -0.0333870508719865 0.0430296764708878
-0.483061560124916 0.0749018642974429 -0.0373437206761009 0.0392487035819413
-0.445254375970287 0.164139772540509 -0.0734975567892087 0.0665958528591887
-0.449153096691995 0.137846043982705 -0.0845447565346499 0.055261680274406
-0.437133021928349 -0.0787675811246797 -0.119717424376428 0.0535022980547805
-0.356956792421307 -0.300937936393817 -0.141389074345805 -0.0205512008739225
-0.0783243989343569 -0.613219554531824 -0.100876277185827 -0.120626474570565
0.381733027931138 -0.511632019484542 0.0463298466406127 -0.112616442950759
0.619572596165811 -0.0351217014137846 0.162751584161187 -0.059765688581758
0.654993634708762 0.351139017721502 0.121487059854079 -0.0437732158837378
0.591246569324105 0.264889584146206 -0.318920923487255 -0.362932259999441
0.616373263970059 -0.0127316958478328 -0.321432889994519 -0.118063098244954
0.452315142726465 -0.401819260749973 -0.154157748359538 0.0855563452775026
0.0442693219061973 -0.579849963644753 -0.0778140810432487 0.0493619311740665
-0.269418740351313 -0.345049452434222 -0.0728820812301675 -0.0445477821597336
-0.357260978805023 -0.132100268414349 -0.178754995727596 -0.00294077879813731
-0.424307725787498 0.0408266156616956 -0.196830489598755 0.0598296731110482
-0.388546942551621 0.117859847028902 -0.2127708334234 0.112532667911143
-0.385749913809491 0.0900481192484245 -0.222029424282957 0.0922005233502601
-0.358778914316286 -0.0911472820822015 -0.239229602996313 0.042098787588892
-0.268287961774291 -0.262016881105616 -0.214747144842253 -0.0751314569654511
-0.03781253199148 -0.48980940639818 -0.121155202110386 -0.154090709283567
0.316724213586216 -0.403695892562118 0.0209419533754075 -0.112209384105908
0.508878153263269 -0.0253885710723811 0.0447134969503138 -0.0518374274923563
0.576176885487025 0.28653518035786 -0.0615154120447436 -0.160140767660704
0.449077628358094 0.144645229880921 -0.45204101282042 -0.47030909479597
0.428410417312348 -0.0448403441096908 -0.427166378801879 -0.141625822589311
0.29330266099958 -0.278722682659592 -0.158534414360016 0.0587697849045342
0.0251446960673407 -0.37085863914195 -0.0770270138932326 -0.011576002150867
-0.16388085909343 -0.226024757930364 -0.138500491951926 -0.111780696677281
-0.231981513334033 -0.102616924622664 -0.292971698457319 -0.0417267828518835
-0.296196416300682 0.00187928209723571 -0.325507476131135 0.0754629579376593
-0.272127333609144 0.0548883647674896 -0.319530213157304 0.141921205315551
-0.268170791295676 0.0271390131967963 -0.323863472230208 0.110957183717443
-0.232841789311871 -0.0949725525586911 -0.317148139711113 0.0151794067468752
-0.143431528191988 -0.192987479363755 -0.245758891047391 -0.128442527926173
0.0107641081109698 -0.302138800787705 -0.105114405103814 -0.173163841034811
0.213466769707016 -0.234884152884047 0.0180585945348586 -0.103793789938952
0.32896596087966 -0.00661137084125531 -0.0452958183781297 -0.0310650423572914
0.414238026793585 0.184982511253073 -0.210815502265795 -0.233497479103085
0.230402327091511 0.00269680041860092 -0.526395161060285 -0.514667467300432
0.171512569989443 -0.0684628368067517 -0.485236087178718 -0.14452832446907
0.0876974835472483 -0.114353041615969 -0.154391526716138 0.0385195250058119
0.00153875209681828 -0.109738051980237 -0.0691054372045855 -0.0491628104636
-0.0324906736039811 -0.0751419975107447 -0.175586813366388 -0.145434722026376
-0.0687213246899175 -0.0601104373657564 -0.35475549236709 -0.0659831675796079
-0.119162593607097 -0.0408168148388744 -0.400472459361806 0.0829396774259473
-0.114697271189014 -0.0183041979042912 -0.377522229106094 0.151343979193717
-0.114355797075471 -0.037207658911548 -0.380136590422464 0.107924242222576
-0.0831648534529147 -0.0808222983752574 -0.346350472758402 -0.0232963042219522
-0.017174763472193 -0.0994826514532315 -0.235180521614373 -0.173993182358354
0.0390561112841906 -0.0966047617325351 -0.0647263775556187 -0.178103745436297
0.0840626806593306 -0.0667227585206712 0.0265505515754204 -0.0889907624193334
0.12503262653854 -0.00319423663351648 -0.103501614186314 -0.00941671185773026
0.205978467651766 0.0570445288981209 -0.310122228458796 -0.262009841413734
0.0578158766075823 0.110670729888051 0.375833882687219 0.20728377682571
0.0922058516524746 0.0304688799168825 0.201832626723901 -0.0261703896701624
0.0741880735522103 -0.0817570702515848 -0.0582975021166613 0.0547989121392006
-0.0267145180609544 -0.120659826503796 -0.00116380633561337 0.175839845908069
-0.0932646069242655 -0.0285112842536989 0.192037800755137 0.199499114419378
-0.0750529948357852 0.0327584090715788 0.35953455326339 0.0747960056905724
-0.0591748130415908 0.0840344045086094 0.397049214138263 -0.0880318767339637
-0.0597249839181941 0.0878662009000199 0.370510577426712 -0.145156195395779
-0.0708938310807873 0.0821742300805201 0.389241703930159 -0.103886732911792
-0.0920567669894048 0.0285506458006736 0.339238742140295 0.034072771468933
-0.102348443473185 -0.0453672955820072 0.202383213372607 0.143704949634129
-0.0188797478952283 -0.133424711802738 0.0882192267122009 0.0624146362158301
0.0925470532905303 -0.0657224622382239 0.158778922866042 -0.0035540888634492
0.0658384580161302 0.051690733995999 0.418315371792242 0.111136468747109
0.00295423400654055 0.0819779778258751 0.536887610703703 0.505510253322279
0.271655759946636 0.209716703831652 0.301679514508814 0.166335398064087
0.291937806626396 0.0395505870583403 0.165437599938345 -0.0216620256826362
0.227428270136046 -0.203640849021757 -0.070312542111537 0.0662761832656999
-0.00292621494061286 -0.317098202729921 -0.0290605187588789 0.181057330020762
-0.18940945729336 -0.154512073671818 0.165068662398801 0.200778528741465
-0.215384501013654 -0.0102299264171398 0.318599352550879 0.0958748224775009
-0.227683781051147 0.115930901883853 0.354825601785636 -0.0578860873838691
-0.219058269138896 0.150774948099442 0.315339408631136 -0.107740165584565
-0.238410362183495 0.129980025859843 0.324301150479578 -0.0812617963786452
-0.254162008684995 -0.00852861826225476 0.27212443924876 0.0414969461117183
-0.226563389822916 -0.162580705190723 0.147885580885634 0.119679278044814
-0.0333521120906383 -0.358211815692224 0.05186308753684 0.0216177593670301
0.245751387698109 -0.247513245185388 0.154028019395703 -0.0371342972086167
0.311611477781048 0.0479546642649102 0.428695588567849 0.0530149665504775
0.261046650582625 0.219957507465081 0.533596818813299 0.401235994824836
0.456617905770297 0.291223190134011 0.181400076797388 0.075191961266696
0.478862355226326 0.0447476414224429 0.0887009435901554 -0.028851333537174
0.372302948802829 -0.317996398439446 -0.0860376592373241 0.0839424270834406
0.0222950785968234 -0.497777544988828 -0.0473422447985353 0.17795603402353
-0.269335598278795 -0.274055412922404 0.127935256081167 0.17487349765585
-0.332663960002333 -0.0601569313640603 0.236733099223911 0.0983701837691098
-0.36646481238208 0.1259240719689 0.259634093716475 -0.0227436474668694
-0.347008227020784 0.190320260170412 0.212496891866583 -0.0531951710329859
-0.367314250511767 0.163424913928086 0.210178703442976 -0.0425736682890356
-0.378692376749489 -0.0337174609492898 0.161419662651481 0.0468630911959413
-0.329440866779265 -0.245091576406272 0.0647846675021419 0.0803812551971155
-0.0694275287060755 -0.536066564998243 0.00276534438196031 -0.0256419626551725
0.345913385073204 -0.413857858231462 0.129497529015556 -0.0730855875267257
0.510036650371529 0.0123352932676676 0.382438450592711 -0.00858371422105435
0.48391572234988 0.309721718543278 0.453031536459564 0.255937251065872
0.586357630156075 0.330990053606212 0.0254049406107185 -0.056664575772124
0.623443770674875 0.03122042632755 -0.0302852829214405 -0.0488717119718788
0.477312572529682 -0.414871436136128 -0.109980309111697 0.10124157013059
0.0332904989621538 -0.634118857471973 -0.0591434571400586 0.160114685637384
-0.324820778061303 -0.360920770306652 0.0753658855479889 0.120081129959682
-0.406908776365471 -0.100995944640337 0.117261975221365 0.0794928397929952
-0.454734753628211 0.118007292598828 0.121524223046693 0.0120943012021276
-0.420645667352192 0.201769180801388 0.077377597178966 0.00861704445222894
-0.435956631853732 0.172768354713941 0.067173673843097 0.00678264775856833
-0.442339709154878 -0.0491210081882083 0.024351890950196 0.052863177617785
-0.383257322953376 -0.286189456512989 -0.038247760784217 0.0344710267879653
-0.102889266069145 -0.624061671595502 -0.054586703019644 -0.0727151765633166
0.381087965264033 -0.5197990271425 0.0880393474255118 -0.0998063358962868
0.617459893336373 -0.0315101651384593 0.284784636289291 -0.0517692497622801
0.623380013918691 0.344057150341699 0.302825563535782 0.0963620962462597
0.639547070900795 0.316020309585358 -0.152732210280653 -0.208015050846746
0.679980459633325 0.00414979317711568 -0.177124343581196 -0.0777030392515776
0.50465201135302 -0.458363622268482 -0.134638087697457 0.106172121504328
0.0313499384755006 -0.671396347558484 -0.0679162657603076 0.116491923213102
-0.332011131625395 -0.38649346572777 0.00385625732662533 0.0431114140661007
-0.420033392968117 -0.123394628149314 -0.0279267908130352 0.0454377268648143
-0.472260072603738 0.09409387471333 -0.0391398192565849 0.043232827600285
-0.432046012590427 0.18244781777299 -0.0696560823323744 0.0684908383403042
-0.437768614395216 0.152578083306117 -0.0826369289918638 0.0578093705917643
-0.433687680022287 -0.0636127446988083 -0.116014349928001 0.0564952342983883
-0.363457393241033 -0.286146730847616 -0.140894323972915 -0.0141348271699633
-0.101276240529318 -0.605682471703356 -0.104847329762761 -0.113714005562496
0.360999036752371 -0.518831610125729 0.0453683079962006 -0.111738222682991
0.610842770738746 -0.0525960724491277 0.160247859019521 -0.0655089162109004
0.656689399551975 0.323865985029649 0.115468532597492 -0.0463713712161846
0.591136672813771 0.244923701859554 -0.323272972972822 -0.348721863664612
0.609557945787856 -0.0303458481114567 -0.319016712432948 -0.107571290677183
0.436952657478227 -0.412403086503539 -0.151397504635175 0.0905115149927978
0.0228129552081635 -0.57634414750378 -0.0747278141340202 0.0532101161649188
-0.277081520606268 -0.334549911091236 -0.0749856543717122 -0.0389591679725426
-0.358188084147501 -0.118828517948042 -0.172570652797719 0.005506773452477
-0.416405792186595 0.0580388654235125 -0.194938524460927 0.0683478040871025
-0.376994421170402 0.134625024691806 -0.205321574838703 0.117112665331887
-0.377306573010754 0.103445381022189 -0.215282144214579 0.0984968953999989
-0.356835025153129 -0.0783892462151895 -0.233623433769972 0.049180775704004
-0.275490175570034 -0.25167910667082 -0.215381116158586 -0.0662356136638613
-0.0582822155358817 -0.482927895218501 -0.124627591445812 -0.145933057131965
0.298772150619969 -0.408364457371572 0.0201933923425491 -0.111486733415042
0.501169921441793 -0.0389943492419488 0.0444370120792578 -0.0543317949791601
0.57685004571745 0.262472297035878 -0.0688015168799187 -0.156618798661735
0.447691469333652 0.131131240803337 -0.457723187472717 -0.452103957744504
0.425565386699208 -0.0566663794894608 -0.424936599807979 -0.128420417923473
0.282902784126843 -0.286529714818388 -0.156164642449389 0.0633397913034825
0.011610613900582 -0.369513767432998 -0.0757752380083965 -0.0075452941689373
-0.168680055139827 -0.220432762523963 -0.139562006660232 -0.104089208273472
-0.2326831621234 -0.09393280369011 -0.286758437922582 -0.029815612604363
-0.291171547810229 0.0148141134627076 -0.319308895021972 0.0863142579336924
-0.265159872973985 0.0674454388443067 -0.309555382711089 0.149117220644044
-0.264077755063115 0.0376234535108514 -0.314396848927845 0.119603968521238
-0.232853600669706 -0.0854692201038873 -0.310606886907576 0.0247327103652712
-0.149040428793127 -0.186734960767338 -0.24659997954828 -0.117549568646706
-0.00184716685680333 -0.29837429442207 -0.109325039628858 -0.166968475579082
0.20126371135339 -0.23935565194915 0.0163724706815792 -0.102294853740379
0.325123878747768 -0.0157693883935893 -0.0441012217054611 -0.0307524466582619
0.412668545562788 0.166510996243875 -0.217643763722452 -0.225895418196723
0.228527646495944 -0.00256956458374144 -0.532839451542913 -0.496758879126271
0.171149449662857 -0.0729805069996829 -0.484258024376427 -0.12982400693729
0.0856206090324031 -0.117204143574939 -0.152070779031464 0.0423081009157355
-0.00217859220949397 -0.11005942462468 -0.0691660072046073 -0.0461098129316364
-0.0333380767058642 -0.0736522901172106 -0.176237159244522 -0.13802999715535
-0.0694691695631304 -0.0574254780176964 -0.349772021931814 -0.051582091672803
-0.117672040871567 -0.0334210527588697 -0.391468853782358 0.0958619540961736
-0.113743300151691 -0.0118630329374911 -0.367164495929629 0.158906845915166
-0.114584560378174 -0.0308719917182254 -0.368628473824606 0.117307200613343
-0.0850433226612742 -0.0757211326681592 -0.339922969588599 -0.0133703130145875
-0.0215653418925463 -0.0979611026043014 -0.237914667980992 -0.162929071866313
0.032970879762447 -0.0962107091995461 -0.0695722993555169 -0.172637527969328
0.0790066261949332 -0.0700128636628022 0.023916409420427 -0.0885639044364935
0.124234049833297 -0.00740340108648339 -0.100475729586037 -0.00705479702669677
0.204528732274961 0.048268696529007 -0.316191374031465 -0.251711483107802
0.076336408010139 0.0938986406633396 0.429236596649563 0.142087713496984
0.0922162992540737 0.0106259146820564 0.202508848795987 -0.0622435166109018
0.0520599826672022 -0.0911365291639308 -0.0362391224829824 0.0692672790911184
-0.0513774300195671 -0.107355136510364 0.042922276370588 0.171527641485374
-0.0920935978794852 -0.00840951842760158 0.228611678379639 0.154431170193687
-0.066096108779073 0.0426657830902269 0.368742282430659 -0.00071978762403082
-0.0359615113940268 0.0895194013728719 0.366632588154202 -0.167583215151897
-0.0388708099741433 0.0941528030188064 0.335099058238642 -0.218601444110744
-0.0481347381867019 0.090979754677874 0.367480156664282 -0.186844699036303
-0.080714983399079 0.0456717297924028 0.351271850255235 -0.0419300562916802
-0.103384395704181 -0.0217027464413993 0.237805250716954 0.0975527008109318
-0.0436950553586295 -0.122710181600967 0.106098603528282 0.0445695139192253
0.0778186513347239 -0.0794464854399646 0.162283575526352 -0.0334844326620461
0.0785911038815152 0.0434653432254964 0.442850548637414 0.0186578319141292
0.0231802657202263 0.0897532432432976 0.644086119726107 0.39781286787434
0.29826423932389 0.145974298673263 0.350149848772691 0.130942621739286
0.285877732966931 -0.0228222571610485 0.172698510175265 -0.0420167910962373
0.171471409789109 -0.241130703442183 -0.0297871796942735 0.087849443737965
-0.0742051562809879 -0.29891661410542 0.0324323919409647 0.177496757540254
-0.211645455731493 -0.110567019640722 0.204315073590418 0.151130599071907
-0.210198746822249 0.0303903120519198 0.329947224592214 0.0195273122583198
-0.189205106219019 0.158909108163688 0.324170700648149 -0.1404072986725
-0.18059703524603 0.186837875010782 0.28841524726926 -0.171241106807373
-0.200835615423038 0.170899091248248 0.309859506055453 -0.150115363282207
-0.245861601902575 0.0421048298834724 0.28923339690224 -0.0212179629368382
-0.245656498385846 -0.109630867178529 0.179638543423944 0.0846448151925865
-0.105046243337772 -0.338291384363946 0.0658261431731487 0.0145758317711875
0.187203595586061 -0.286189384190304 0.157812380308284 -0.0573990190153392
0.319600786980976 -0.0122383404618034 0.429123624696151 -0.0353706004466225
0.306952568402052 0.169951537985814 0.602127054191196 0.295779972429522
0.488845527251222 0.187446922477261 0.21287981883192 0.0747591022751527
0.467916502744825 -0.0561093849929254 0.0992064338513523 -0.0263134669538989
0.285823305328662 -0.380186828482378 -0.0285672535053567 0.112972217586699
-0.0916143677971956 -0.476644260347796 0.0285309272612922 0.175753821767702
-0.314511547873935 -0.20915992450752 0.165146440909799 0.123716937695901
-0.333381327661065 0.00655718620003174 0.248617929108669 0.0316914790933491
-0.319420659750519 0.201137467006185 0.232276653776174 -0.0961399752705049
-0.296119711802743 0.251693766979297 0.197343779722122 -0.096894747244571
-0.319010145726354 0.229412464626988 0.205728375587091 -0.0876468835216505
-0.373189338159575 0.0426221579452343 0.180854925574721 0.00654497529798067
-0.361255662470568 -0.17007306462532 0.0881289564108606 0.0625207769982777
-0.177018795476371 -0.502947397696358 0.0101412329391457 -0.0207491153477021
0.247980099623094 -0.468378877235317 0.132131757875889 -0.0825754112545228
0.508016026077314 -0.0914519045747291 0.360790323685738 -0.0800625548473339
0.545766568491992 0.208426099102978 0.475926519744685 0.167190545013565
0.621645020243555 0.20091295004289 0.0288780367837013 -0.0205415391611856
0.605156073596863 -0.097844089591746 -0.021465297335757 -0.0171491668422192
0.364926151701263 -0.497047241699271 -0.0373301518840964 0.137776161443502
-0.113732530696112 -0.610575234927984 0.0247858934862006 0.156678744531103
-0.387742909943078 -0.280975337024206 0.102804847791379 0.073525263537945
-0.415484101169882 -0.0160931804374124 0.126400937226586 0.032639682267809
-0.405644158214783 0.214584203234285 0.101265119042236 -0.0409629373767222
-0.365857613826848 0.279230081195766 0.0765610626333328 -0.00880666984875221
-0.384442391875461 0.254108156996282 0.074060132963462 -0.00835081790517929
-0.440541953715135 0.0400355731546987 0.0454904343651066 0.0417602058622526
-0.423335796738668 -0.200433330814665 -0.0249412185847259 0.0385718698753428
-0.228805518176536 -0.583646879282433 -0.0561211132835288 -0.0550210320219611
0.259945966278073 -0.577987583567442 0.0887319233846503 -0.0984490201466354
0.603455538090687 -0.159918875017891 0.24880825476125 -0.0974038390987021
0.689313289111239 0.208217140815279 0.282550258343383 0.0414519213660497
0.667689234035976 0.176632030375748 -0.183070773405231 -0.137256384100875
0.65505953649453 -0.137835516143111 -0.174661390565585 -0.0153914529372129
0.384463529387332 -0.54604054362143 -0.0579219725493246 0.147230581271784
-0.1240901554 -0.646059790673488 0.0096617969981235 0.113605754998628
-0.403497019381945 -0.305555459622473 0.0166387166628797 0.00944979934106528
-0.432596103892526 -0.0330264686653816 -0.024162253178105 0.0272262046054041
-0.429840307776534 0.197861387923113 -0.0501474716450277 0.0191960044313772
-0.380998332208474 0.264201542606211 -0.0559255776861988 0.0797350991546354
-0.391840006982795 0.23480609238062 -0.0641778954270093 0.0745132881165856
-0.435595747265914 0.0249325350471206 -0.0951819487200873 0.0765148095885304
-0.405506796240658 -0.204996608175451 -0.139148573035341 0.0130023186340556
-0.222438898377371 -0.566427634891656 -0.116093919049479 -0.0854000187636319
0.240476837121767 -0.571988785578382 0.0431073730209661 -0.102502660019807
0.590775517779217 -0.18072410907723 0.121305832955002 -0.0826703177811009
0.716598028785106 0.180852028823561 0.0617646521536368 -0.063944217467509
0.610303655760884 0.118845192773398 -0.388318954320478 -0.251836616436956
0.58231562610888 -0.155369459136946 -0.327850819253737 -0.0199066395721673
0.330141571318698 -0.48918948673363 -0.0847366701130685 0.132586914254801
-0.110765860107748 -0.554940840830222 -0.0175874608916478 0.05386702480069
-0.339144606099326 -0.266363478776936 -0.0793129942135667 -0.051043389213396
-0.371658027295059 -0.0395781481507737 -0.174553693217634 0.0201607930076231
-0.384104348867081 0.152971814666103 -0.195246403868668 0.0786172320053983
-0.337148506654764 0.207894810218541 -0.180305500216278 0.155865346968806
-0.344338586056385 0.177722811980722 -0.188843328074327 0.142836548016391
-0.363932432511816 -0.00398609354921346 -0.21697843150198 0.0956811953359372
-0.314739214006075 -0.189451093268145 -0.227340634360311 -0.0214252875419127
-0.156091820708356 -0.455854119320157 -0.146895187225024 -0.11443843055917
0.20215758110893 -0.45417087178753 0.0128550157143909 -0.100156928669508
0.483612743645857 -0.146038111986504 0.0114679620476863 -0.0489279270653875
0.621588986563973 0.133143593211149 -0.141899762978876 -0.137139815762182
0.450221544617911 0.0375824012533041 -0.551146225534291 -0.341177165640843
0.39890964493941 -0.139862191241286 -0.444983946066114 -0.0277970238455536
0.211111203974979 -0.336247457024908 -0.112193554465116 0.101302043237198
-0.0744636710291278 -0.355710513987861 -0.0479489440721785 -0.0022952100116112
-0.211505233860735 -0.17785611515986 -0.158018474050921 -0.0933183163602486
-0.245430497083281 -0.0406345365583141 -0.292996289905242 0.01526998127942
-0.274956867586411 0.0844886058641842 -0.308560307787328 0.128223646532881
-0.242962545724509 0.12076512014983 -0.276838402031736 0.208815987604417
-0.248119258273883 0.0916241006670042 -0.285469563521734 0.184578421994479
-0.24634459986752 -0.0359414842619654 -0.300816526967957 0.0896681602054689
-0.182515714900561 -0.152328763609932 -0.271308875953053 -0.0653819430936894
-0.0638062164767756 -0.290527260954392 -0.140534570309717 -0.139170269007928
0.143183804832724 -0.271596600190951 0.00456332670893289 -0.0959796084452589
0.314155675248805 -0.085731847242513 -0.0640469595335114 -0.011597974223107
0.440274737528045 0.0713929665474867 -0.295793040338243 -0.177563344148924
0.216457842571478 -0.0478202315711137 -0.640908922272661 -0.388599831772675
0.150429376223299 -0.103032267293898 -0.512600276398077 -0.0290590945737952
0.0583315916261101 -0.131764024163467 -0.134032561538535 0.0737420192111892
-0.0283287528821763 -0.105030887068012 -0.0692089708995072 -0.0360097083520267
-0.0508190407275085 -0.0640770238086158 -0.202349672668831 -0.106935587191852
-0.0802398584766921 -0.0378109501208035 -0.356989687438647 0.0146559630743158
-0.121422852844838 -0.00102513739802231 -0.369739394025842 0.162911491712475
-0.112286652949666 0.0144953681223275 -0.331026313581377 0.230675080351692
-0.119088786610085 -0.00382265844452795 -0.341355726613754 0.194024740861982
-0.100684530080862 -0.0560989129906647 -0.342161382912387 0.0597316540516863
-0.0430692535733445 -0.0918857738108137 -0.274393232863687 -0.110958763576507
0.0114413514804095 -0.101808884584484 -0.106721878684142 -0.155900044597792
0.0606324644494513 -0.0847281389206393 0.00761114877497972 -0.0907297561464973
0.119581217173167 -0.0369172937700302 -0.107325258789015 0.0180867137374668
0.209073036017046 -0.00199881833174439 -0.386275654911877 -0.184718584457909
0.0793233586653153 0.0927723415344582 0.448287778171635 0.13645056363266
0.0929642800713795 0.0111145399869691 0.207711667078036 -0.0692486740758669
0.0490479197467342 -0.0930428285617684 -0.0320936461118354 0.07288046753179
-0.0565793195901372 -0.108136932988568 0.0497514474406988 0.174982105597664
-0.0952688693799945 -0.00602348131456182 0.238498198405627 0.153046346241007
-0.0672039840835438 0.0463342928766431 0.37642571156208 -0.013129660079368
-0.0342797237968966 0.0918774778518497 0.37065757685746 -0.182778418161101
-0.0361425246524113 0.0974807320869562 0.338183994370864 -0.233009264268395
-0.0464147321254197 0.0940452803508494 0.369911260935944 -0.201930298122725
-0.0810668209743541 0.0482628169767162 0.358411830942666 -0.0541360004806221
-0.106659233157883 -0.0189338706653452 0.24897215613654 0.0920538340058221
-0.0481027765001647 -0.124448545799336 0.110570336783116 0.042252478744004
0.0789822767831884 -0.083495206449502 0.166543060596372 -0.0384903391098936
0.0815237396840459 0.0433652428200537 0.454925784092143 0.00802933015472677
0.0250434931733211 0.0902265989495077 0.675446333841866 0.392952780717954
0.308974830914143 0.140954602852054 0.366785290676938 0.12730645787856
0.291174077712221 -0.0286723310167346 0.177482659246189 -0.0469879901706668
0.166633022101875 -0.251461323782255 -0.024863987773456 0.0925018447580487
-0.0880753630685635 -0.304469838875762 0.0400120661377736 0.182805902889883
-0.221745676049262 -0.10698777137505 0.214151257051256 0.151063565429249
-0.215539822619166 0.0386960102137135 0.338865175774864 0.0089821729095341
-0.188801276169196 0.169057242902586 0.327239222169841 -0.151967347265256
-0.17686159264549 0.198797475296185 0.291217644250995 -0.182717408284169
-0.200344068469071 0.182921390562317 0.312148475558026 -0.162444090045357
-0.252125625835977 0.0502040978119805 0.295104317692168 -0.0301246778270529
-0.256946963058142 -0.104943391713735 0.189022130541365 0.0814196547382784
-0.119778032867282 -0.344535744642741 0.0698205755812883 0.0141307848906707
0.184955013337023 -0.299808808174617 0.162883168914467 -0.0640149643646324
0.328741121264785 -0.0208985608630008 0.440659507438195 -0.0474644091960621
0.319126509558366 0.16399698571656 0.629602821154072 0.291578399702009
0.507129900187559 0.179713520541893 0.224868215338343 0.0736125798881078
0.477561124921763 -0.0693925577318682 0.102777625745344 -0.0291881419178389
0.27903648119733 -0.400324467149165 -0.0224873493035519 0.119031975810938
-0.112722572453497 -0.487591082598512 0.0372194463818841 0.181628750952486
-0.331340448347052 -0.205868489683335 0.173751346940599 0.125188767653867
-0.343851408145098 0.0188848270692322 0.258225805675207 0.0237417701770997
-0.320244179101372 0.217318011279629 0.23441564591648 -0.101532551405492
-0.292939679238755 0.270392146765265 0.199852238831675 -0.104079669746074
-0.319360513002267 0.246791906386247 0.207043688901393 -0.0941391577963981
-0.383614455139141 0.055621777672527 0.185811494887564 0.00180791905784363
-0.378708289405089 -0.163820219208349 0.0940617089703427 0.0627090014925905
-0.201339665183281 -0.511295471763972 0.0117015076211505 -0.0200544408953778
0.240343868843792 -0.490743373695537 0.136494052992514 -0.0896296990758655
0.519537448523411 -0.106417717713126 0.370128556606936 -0.0924271137300219
0.56518480863166 0.196680273312161 0.493066207971137 0.161604409637052
0.64398640123643 0.18971555378376 0.0322069505517268 -0.019173251162649
0.619941070581461 -0.118355531263479 -0.0209555727833579 -0.016199951814494
0.358503236225771 -0.52474142220553 -0.0310716664484898 0.145994498442305
-0.139373672630978 -0.624896590058796 0.0335251606829421 0.162816223646352
-0.409381619718641 -0.279659342614735 0.109862421318622 0.0757360416489917
-0.427974427778806 -0.00199815469975607 0.133688426116488 0.0277582928130372
-0.407329788360418 0.235163185216592 0.101632716602041 -0.0405767618079939
-0.362316668485316 0.302700509046021 0.0784222144284329 -0.0103525533309443
-0.385649740837842 0.275555367440947 0.0751580583482901 -0.00899922801444892
-0.453358897808413 0.0547025456863888 0.0481676943064034 0.0425600006752767
-0.443702474478295 -0.193146755841208 -0.0235877461290697 0.0417936149285916
-0.257970931167206 -0.592817793287528 -0.0574982112768029 -0.0525079679976385
0.249871499041833 -0.603870756742418 0.0914650821872134 -0.105129377628981
0.615607361293768 -0.180188855031007 0.254882915218192 -0.108323163436485
0.714527402990602 0.192386739646878 0.289523230599221 0.0359654540254873
0.692553037214849 0.164774726041967 -0.189624193335766 -0.134695017692721
0.67121680967904 -0.159870221601336 -0.179436319162488 -0.0103488967567422
0.37691476552009 -0.575889337329401 -0.0528233557026299 0.156592647077972
-0.152145291243492 -0.66306642345184 0.0173394507970755 0.119423604162502
-0.426319567436899 -0.302441276509273 0.0200254018345974 0.0128882178228223
-0.446729338982696 -0.019587306424091 -0.0197998372855998 0.027478669998041
-0.43267443017853 0.218849926274526 -0.0519736827429782 0.0268911292486153
-0.377903074558887 0.287354650326447 -0.0556713430758424 0.0845450451456967
-0.392857547046961 0.256823873816043 -0.0635640674451863 0.0795676295829334
-0.448364124337602 0.0393056727272054 -0.0954652857170537 0.0822222395710825
-0.4256539249478 -0.199065166401556 -0.142571010244131 0.0191941485969809
-0.251764905765468 -0.573243216879238 -0.119656189058138 -0.0818268480635463
0.2287415478906 -0.597361105305628 0.0444277834004298 -0.108056535275348
0.60329520736595 -0.200766836207832 0.123458887471722 -0.0910338856840163
0.741207059953551 0.162364417840255 0.0580359577560991 -0.0659121118949496
0.631138753786134 0.106865003708902 -0.4054258128817 -0.248760099922894
0.597976536695521 -0.176391811257838 -0.337224523230221 -0.0109324634220083
0.324296520794718 -0.518954990304783 -0.082395033420742 0.142273152510168
-0.134928853823917 -0.569790874248414 -0.0127618001598937 0.0581266585865949
-0.360871781624714 -0.266277396223248 -0.0797176213558643 -0.0487513244519851
-0.38436575332731 -0.0285533083664894 -0.175103616621522 0.0244893519162274
-0.388200241839314 0.171985742815507 -0.19902522861854 0.0913431535727773
-0.336093177202939 0.228695297315951 -0.180251914135427 0.166074360019737
-0.346396143465675 0.195583385724704 -0.189403217810666 0.152925428396284
-0.375689915192405 0.00758073926651809 -0.219363223288077 0.105089857280585
-0.33135971254509 -0.184921552083015 -0.233965187329836 -0.0126491678528681
-0.1786203327625 -0.463011260102243 -0.15334865124674 -0.110052749690135
0.190884490801318 -0.475410953397652 0.0133876826784317 -0.104385251917634
0.49360387337522 -0.162577933225279 0.0117106881501995 -0.0533417770469115
0.641459527783895 0.116715111428703 -0.154062603117232 -0.13651050414348
0.465708533819913 0.0284487587242575 -0.575736472995769 -0.336631740587312
0.410241100320906 -0.1579526469421 -0.459663981003762 -0.0170060678517424
0.207596294617961 -0.356724088684753 -0.112094362445836 0.110044316568731
-0.090272373335505 -0.366189094028743 -0.0462875612785146 0.000913459106745026
-0.22446926399754 -0.178890129343462 -0.162906745309771 -0.0909100993403572
-0.254055063691129 -0.0341404506105864 -0.297113742524244 0.0239239473133298
-0.277653026570086 0.0973004917754472 -0.313253333895063 0.145140054280509
-0.242391260977057 0.134700311321047 -0.278425631776617 0.222835959908302
-0.251692470513102 0.104884632513091 -0.286368336073356 0.197524265330654
-0.254326894639788 -0.0286395474981083 -0.305453028511639 0.100876410970848
-0.193705865915533 -0.150458544967677 -0.28091187245709 -0.0560929954891806
-0.0780000905835446 -0.295469474824805 -0.147997320533143 -0.136488837966632
0.136687215718561 -0.284311771777397 0.0032179020837276 -0.100007258281977
0.320828499344378 -0.0980933280441795 -0.0649067745839914 -0.0131579928477718
0.453595248144176 0.0579388969694249 -0.313973857317971 -0.174060832565204
0.221659665515722 -0.053343813555773 -0.671258103008499 -0.38395952855987
0.154171895177921 -0.112194035498763 -0.52933193462514 -0.0164273749782013
0.0574482327091187 -0.141115638135225 -0.136671178553393 0.0810903250346362
-0.033280461716895 -0.109304579306228 -0.0703119465673276 -0.0347947815596365
-0.0544901015511206 -0.0665119087117501 -0.20928200761402 -0.104437682309259
-0.0834449654509385 -0.0375258453021853 -0.3645022498179 0.0264748583791287
-0.123450154478532 0.00405639937655466 -0.37472320307544 0.180061924181174
-0.114009032631141 0.0204953368103237 -0.333515269189642 0.246807351670001
-0.122781927722548 0.00184694620795027 -0.34397512831802 0.208549838983572
-0.105325596456921 -0.0533537640685126 -0.348658925089613 0.0714917728896984
-0.048919274012138 -0.0928758276764142 -0.284665538022265 -0.103946666456583
0.00619278502591003 -0.104369611647281 -0.114361240356993 -0.155331239434375
0.0579514710394106 -0.0893465957064171 0.00570387911530024 -0.0940221530921758
0.121928808256832 -0.0425944828953239 -0.108281878499662 0.0190993389062134
0.214897854711204 -0.0092308448384448 -0.406718218347647 -0.179651209052328
0.0847869034918631 0.0898308616461557 0.474027673717102 0.117095685844013
0.0945831454213761 0.00940571203348349 0.211065893249289 -0.0835637755375664
0.0442139129992669 -0.0953116879266216 -0.0261592705729922 0.0765441974051023
-0.0650483800007386 -0.107584780038753 0.0607325853994039 0.177221200135003
-0.0986281527039995 -0.000221283705039745 0.254494004005437 0.144299748419005
-0.0669373886824932 0.0527922131918513 0.384236861954555 -0.0363070465659851
-0.0303521864966845 0.0957683953979231 0.368843134929801 -0.210198709753863
-0.0305600975960155 0.102074663281029 0.335693279207925 -0.259620485012686
-0.0413296193560703 0.0994484675793847 0.366851803858241 -0.229306687954692
-0.0815148329492169 0.0539443366123087 0.364696683420655 -0.0770195875366675
-0.111390164602217 -0.0126947269546218 0.263510063708581 0.0779765170754619
-0.0564827864394112 -0.12513597229935 0.117392060694405 0.0359289409737795
0.0772282561417564 -0.0901065307924635 0.170428172459487 -0.0500691425314949
0.0859523159165663 0.040222939433131 0.46855877141624 -0.0154164969810197
0.0299950765939684 0.090512224828057 0.721691216884565 0.369576347743559
0.324048387677071 0.126623692029052 0.390095459624925 0.113278666026285
0.296110904619588 -0.0425879497086441 0.181531368943696 -0.0589388332489951
0.154718072310137 -0.266684759569922 -0.0170064059831894 0.0971542243744422
-0.110744779994479 -0.307132220977137 0.0538176253723321 0.186361469009531
-0.236157514830014 -0.0969761080274527 0.231481450122373 0.144935048995627
-0.220164332739483 0.0536768486955199 0.349030574206222 -0.012549919270373
-0.182783390653586 0.184635306525033 0.32771478055561 -0.174233161090885
-0.167102151026613 0.216192097246152 0.29005795684562 -0.204631169235654
-0.193545887979555 0.201275366682685 0.30990987112633 -0.18396836531638
-0.258764703008355 0.0667960019305631 0.302006378769945 -0.0478595672943371
-0.272508758811984 -0.0932343774689783 0.200390554448076 0.0722025583705194
-0.145969726850575 -0.347344433326909 0.0746215706333792 0.0103349956317812
0.172436448089945 -0.321200084782188 0.165894219029943 -0.0765477162958353
0.337801197157261 -0.0408341230050733 0.451068382184818 -0.0731558740805705
0.337345735916956 0.148192584981114 0.666334042491782 0.265316083068151
0.531689519962077 0.154976748845609 0.240646023538559 0.0665458587558058
0.486516396170036 -0.0959380579692465 0.106285808416894 -0.0351563704275016
0.260124522827144 -0.429130306687687 -0.011695060218362 0.125711777969094
-0.149080349663192 -0.495124799664998 0.0528568020600847 0.185204850771562
-0.357080424970272 -0.192672223665391 0.189154511329069 0.120519512081758
-0.353182321220803 0.0414839110015589 0.268161723509917 0.0066260758978942
-0.314498191054839 0.243951975965449 0.235456680709904 -0.115571477864596
-0.279824162316981 0.298970151629435 0.200869568610894 -0.118264150039347
-0.312473942427446 0.276258313203679 0.207021103706126 -0.107907531035009
-0.39426265278585 0.0810255037781742 0.191616144765166 -0.00808732603391575
-0.402242224875531 -0.145745639024029 0.102152770122251 0.0591662963332463
-0.241647478838137 -0.514175731619239 0.0133924905192803 -0.020590979960183
0.218846376158361 -0.521799680238866 0.137483772757004 -0.101459379071175
0.530424767271551 -0.140808269051786 0.376164051771369 -0.117281601145625
0.594137376107496 0.165633918918973 0.51905738051785 0.139756835484194
0.675305226074261 0.158691733789235 0.0365572943133658 -0.0184552815363251
0.631562918652878 -0.155790720741555 -0.0202765758774486 -0.0147765758801753
0.333466379974796 -0.564096675566782 -0.0188236432304764 0.155166944199111
-0.187648289061293 -0.634297307306854 0.0487835890420281 0.166450521729035
-0.442888999539835 -0.264111630659416 0.121345195395482 0.0736480441612505
-0.44213745615888 0.0252986861752035 0.142043392410868 0.0182223298734479
-0.403533213129765 0.268036977931601 0.102347362104323 -0.0433467202547815
-0.350005225609912 0.335846540716053 0.081116079235131 -0.0136897534354338
-0.378585029167267 0.309637913494972 0.0762697730336488 -0.0117100217386202
-0.46577848714694 0.0840815183608452 0.0523158975495734 0.0421035748076567
-0.470688509640486 -0.172752484998218 -0.0204505724664282 0.046138600333493
-0.30675771041694 -0.593490850590274 -0.0594611646347629 -0.0492396458781281
0.220278039296962 -0.640004048823709 0.0905864820910487 -0.11506086884159
0.625519719487863 -0.221583073381174 0.256952781852072 -0.128343198988231
0.746432829599942 0.152659371480925 0.299578918045436 0.0225400292214041
0.724747123325657 0.130279790134251 -0.200930248937496 -0.125247301042812
0.682726268524767 -0.204788175466574 -0.184122156306266 0.00070178711476144
0.351124232682897 -0.621129384005965 -0.0417952416074223 0.168124387771827
-0.20189092555106 -0.675670311005793 0.0295413314927465 0.123343209578217
-0.462267782493971 -0.287509678115393 0.0249261251561876 0.012598402471021
-0.462856355599459 0.00785670552523871 -0.0159541650710705 0.0270903975198
-0.429780216178559 0.253902843382427 -0.0523872940186669 0.0355986952165997
-0.365062041439704 0.322590571886712 -0.0514777168341802 0.0918264895427846
-0.387980347685367 0.291597161368361 -0.0608394616546792 0.0875842124446853
-0.46169929594609 0.0682986661948908 -0.0924717628898519 0.0917248928645014
-0.453928846044791 -0.178795410681134 -0.144820421035182 0.0307829195630308
-0.298206320567076 -0.574858659216416 -0.1255252870725 -0.0753163342742915
0.196516047115153 -0.632306261389111 0.0416633592955598 -0.114996265631928
0.611307394271936 -0.24292568936771 0.122334134988746 -0.10336179968991
0.771361103789904 0.118793715168389 0.0524779154197992 -0.0698636537811825
0.658438636204701 0.0745283767180699 -0.430612591407648 -0.230711997423291
0.606923407731989 -0.217517237552141 -0.34759576604701 0.00893934521556061
0.302387680600984 -0.558743586265166 -0.074395226592558 0.154494470046709
-0.178761760863598 -0.582472753688748 -0.00544903531378591 0.0620765100168067
-0.391602495256769 -0.254115764725662 -0.0816474013839125 -0.0449438976542318
-0.39913703128383 -0.00619548386368947 -0.175414394286368 0.0335591660636714
-0.386649621864284 0.202180931486472 -0.199700606638505 0.110293791580273
-0.327018871054886 0.258780187263672 -0.176132354522518 0.183733540002177
-0.34301973782202 0.22594843947586 -0.185317133387383 0.168940949184252
-0.388490509073471 0.0322776717923786 -0.218077436733431 0.122496214055514
-0.355320891014982 -0.170135822104566 -0.240887237435514 0.0034507946309933
-0.216841226934282 -0.464366444290805 -0.16180128506036 -0.102166789779835
0.165720012679016 -0.500242392327795 0.00960314808263031 -0.110491964477742
0.501116804410905 -0.19745679459642 0.00914499859824012 -0.0586525470347502
0.667399289280297 0.0789436548195434 -0.171827922727728 -0.130973789381346
0.482877990037789 0.00348042233184514 -0.614540476464061 -0.31510830392373
0.415030798755195 -0.188199810854793 -0.475173654270778 0.0099882980524789
0.192101522810715 -0.385791866805616 -0.10809381882846 0.122350584002223
-0.118190562418495 -0.374126877345504 -0.0446510884266164 0.00373205322179899
-0.245441930282107 -0.172927518074542 -0.171100127291091 -0.0848797916589719
-0.264736518820073 -0.0200699158112945 -0.302179197248613 0.0416202970352895
-0.277565990603906 0.118918353761743 -0.314243988405398 0.171552550634131
-0.238575267009355 0.156207825073913 -0.274475186264077 0.247064207625655
-0.251512185698392 0.125507080515957 -0.282566232591337 0.220581476416525
-0.264662574426137 -0.0128142625387105 -0.308066491877701 0.122128605277217
-0.210444637361029 -0.143148350873048 -0.292384759287615 -0.0389365612840566
-0.10209189005179 -0.29799189464183 -0.158112449414875 -0.129362172898071
0.121060764698052 -0.302260798727464 -0.00157346441986476 -0.104277201895006
0.325802086958472 -0.120377692143437 -0.0670389586097031 -0.0127681846327358
0.470003601273054 0.0311515150469929 -0.339359128190512 -0.160518831714304
0.226800825376243 -0.0665764950295166 -0.715383440240913 -0.361469606291279
0.154734899342682 -0.127976999929626 -0.547580159052637 0.0134646864488167
0.0509818938758665 -0.153586426668512 -0.136392058247059 0.0929457580003113
-0.0415214778497272 -0.112135375937907 -0.0729809731290713 -0.0317726758279545
-0.0604487069743518 -0.0672819429250996 -0.221161336597511 -0.0976876127504004
-0.0889358810814239 -0.0350772681721454 -0.371684193017916 0.0482050640146783
-0.12493130501436 0.0132250446580664 -0.375730036046249 0.209771168871096
-0.114615585930724 0.0296446952857033 -0.330133600786895 0.273304334518714
-0.125841997883979 0.0112470688371513 -0.340809645866924 0.233376194110872
-0.112110598039299 -0.0473846720100813 -0.354029136016715 0.0938807191607293
-0.0572596013867937 -0.0926137487176973 -0.299603284001802 -0.0876952011766276
-0.0013948046600561 -0.107147301215543 -0.126375038476938 -0.151084395330878
0.0518347658172979 -0.0968686806407593 0.000195277314445701 -0.09768039852856
0.123512473939837 -0.051637570723675 -0.109945631467566 0.0227559147976537
0.221040456716826 -0.0229108810393811 -0.435166037549864 -0.162201458978745
0.0893088391409902 0.0824037231472984 0.489690540547849 0.0812552587439561
0.0943907862801214 0.00567516199376226 0.205949457128286 -0.100847534256993
0.0372209277091205 -0.0954762669978457 -0.0179765069520248 0.0777454743706884
-0.0745983132621111 -0.101569296488263 0.0759456959558019 0.172433868442635
-0.0989008083057309 0.00788617260366588 0.267577896504418 0.126021817702683
-0.0628379060702984 0.059065939903822 0.381671978594198 -0.0685274336612755
-0.0235789387026259 0.0979387063979319 0.352813955229008 -0.240874574884571
-0.0217097760267687 0.103991288514289 0.316998272675283 -0.286169174309428
-0.0331541939936203 0.102389646982194 0.348694537595599 -0.257884141586073
-0.0772513619195781 0.0598669031460835 0.358707906097121 -0.106631514227536
-0.112456142545117 -0.00326294110590079 0.271538453112229 0.0553504621448827
-0.0660186545567361 -0.121396047628287 0.120226453707064 0.0253657240023181
0.0711373512601029 -0.0967650572619798 0.168134604179053 -0.0634988506406318
0.0887454319757854 0.0347409275411962 0.469928627025726 -0.0499895126509228
0.034995921686074 0.0878128950693548 0.755330562230036 0.314345765010551
0.333346212267507 0.100510771735361 0.405438688476854 0.0852277336815772
0.292493335132745 -0.062763190098222 0.179073543371955 -0.0737937714898447
0.13210814887561 -0.277073790509088 -0.00578270446150294 0.0977416873170384
-0.137549967555387 -0.297603554954543 0.0705883945208464 0.182085172021826
-0.245474613280072 -0.0778572727135651 0.245317582082476 0.127441568993604
-0.216487344175664 0.0726164839788584 0.348860356363152 -0.0420720040722952
-0.1677961171776 0.200112981969783 0.314423383125661 -0.199326660281098
-0.147462464082491 0.231011882724236 0.276247895722324 -0.227118777336846
-0.176628805283712 0.217461200566335 0.294234140322543 -0.208069688122153
-0.254692188258231 0.0886898563175069 0.298474893010784 -0.0721870380891379
-0.281632985067313 -0.0704106854553512 0.208598569583849 0.0545603954635369
-0.176179084159803 -0.336122135208004 0.0772045720302734 0.00335676833261385
0.147694578871051 -0.337884121746387 0.162162288265494 -0.0906807613781276
0.336719366336506 -0.0661642467578305 0.448091595834539 -0.108433239533634
0.347712572078413 0.119426225259806 0.693022403443621 0.214949406369068
0.544161063947813 0.113344303212427 0.252279973131844 0.0510068788564417
0.479497398582755 -0.131870690296732 0.105963842998033 -0.0434327846612368
0.223864725805921 -0.448874042184224 0.00287362453674421 0.126857240385101
-0.194348191941691 -0.483349562203678 0.0710697925413604 0.181046628045033
-0.375744542281861 -0.16369362112891 0.202661003205143 0.106299817908341
-0.350899943146288 0.0709057073269989 0.270521259910353 -0.0176124562324221
-0.293929765998058 0.270692972990574 0.22663683391042 -0.132659206881389
-0.251833785029337 0.323182430264192 0.193869281107224 -0.132812066200032
-0.288007452479654 0.30367230499551 0.197497723492542 -0.123012208851353
-0.3902756582857 0.114331497392163 0.191565175583284 -0.0224984078295271
-0.417075763538699 -0.112889200386064 0.109147472837435 0.0508344931549805
-0.287727454460196 -0.493963235685769 0.0143627856914812 -0.022177201560782
0.176450532765955 -0.542023140120205 0.132168376640272 -0.114696687543902
0.521485044041412 -0.18316326151018 0.36884628489378 -0.146848790507801
0.606269865114651 0.116709912586949 0.532115177847628 0.101716949400537
0.689319309642941 0.105687527453535 0.0404278629286903 -0.0185269990573542
0.620211258255186 -0.204821701920906 -0.0197773195958528 -0.0125828680824009
0.285718203218264 -0.593510201911628 -0.00197364949527434 0.157549684736085
-0.243868482507895 -0.621031441905241 0.0660241228805935 0.162524427139792
-0.468727252519491 -0.22824462864151 0.131799537453418 0.064420017427957
-0.442877001182833 0.0619428944475067 0.14530027532549 0.00377124627506711
-0.381236618467162 0.302853094435139 0.0999618494287275 -0.0475234672432066
-0.316417112654335 0.367123977673143 0.0816779945846766 -0.0188463357810641
-0.351224670961606 0.34456456181903 0.0754820898082285 -0.0164934209811019
-0.462004443634893 0.124609013350458 0.0560196646821102 0.0390213690875322
-0.489078031264764 -0.132588893102574 -0.0152274913872472 0.0485070765405453
-0.360914143799225 -0.568238781350716 -0.0599556382823296 -0.0450266737425677
0.164941155004967 -0.661274933086534 0.0841678715507526 -0.124759140311653
0.611944464304808 -0.273013513057803 0.248019833082391 -0.15118123075819
0.759353064225366 0.0890500282741412 0.299627913181878 0.00111242139763243
0.737224260562516 0.0746623891126763 -0.207254171133571 -0.107743752221112
0.671007935552137 -0.259077697779705 -0.183580197619572 0.0166961388057674
0.297023230466481 -0.654456545672289 -0.0235927674314198 0.173120430845596
-0.263190495381814 -0.661310511054886 0.0435690867965066 0.120857898803441
-0.492241281799365 -0.251174424022428 0.0301830139667382 0.0107297689723087
-0.465203178414154 0.0462568114128743 -0.0112202771038282 0.0252006154331809
-0.408555045968835 0.290674395289368 -0.0480530364594637 0.0448557574440109
-0.334292755615425 0.354540292165212 -0.0432054779261162 0.0981315582527964
-0.361917211371167 0.327750892097066 -0.0536167601355954 0.0932232021319401
-0.458718129345781 0.108114853260058 -0.0845612847916244 0.100297475006593
-0.472674670749502 -0.14096923433657 -0.140729229251534 0.0446408159644701
-0.350006216917642 -0.548195398010114 -0.128064386673735 -0.0650116200387744
0.142150604240496 -0.652087344162569 0.0351022190315986 -0.121116601145383
0.594324487171653 -0.292438783714015 0.114562750423872 -0.115479436308568
0.778556275085154 0.0528121447340445 0.043465101009939 -0.070897368090073
0.668609964617601 0.0246426327287183 -0.449821626108044 -0.197577782910599
0.594200802330797 -0.267419588317888 -0.348040160780378 0.0379565833882143
0.255431678538268 -0.589819067932876 -0.0587263047343573 0.162655887421856
-0.231870949381025 -0.571676384847862 0.00306577209217412 0.0621406681438644
-0.417728208575594 -0.224505940173212 -0.0826672828658462 -0.0392835921326168
-0.402588961851831 0.0257286855539792 -0.170882669850869 0.0456154590442833
-0.367676568981609 0.235674036884413 -0.190532717515978 0.131532040504277
-0.302026158302422 0.287882058185694 -0.161299291390238 0.199203388502383
-0.322822675552788 0.256777147588665 -0.171683682087821 0.184474683522511
-0.38767779055525 0.0646783136642519 -0.207879683398466 0.141312591570469
-0.372808015123246 -0.141750644874894 -0.240399137412938 0.0253844049842752
-0.259315823880506 -0.4453619773878 -0.166579475414013 -0.0887138616492237
0.122199659089938 -0.516953398515823 0.0018160653607012 -0.11326425838393
0.486755752113318 -0.237616717675836 0.00445685742842457 -0.0628791324838109
0.671824662176583 0.0223456704112309 -0.187827981231473 -0.114682562697107
0.486331640322926 -0.032599657277354 -0.642219133957508 -0.270108741965682
0.404084442079073 -0.223020604248346 -0.475934195297162 0.0496798792445467
0.159342173787233 -0.408157950773837 -0.0969202995207103 0.133367007328015
-0.152058515651062 -0.368463825802441 -0.0418000636004853 0.00678755783908156
-0.263682798101798 -0.154645802269262 -0.176798394257313 -0.0725000206982797
-0.268927885428857 0.000281724338262731 -0.298362651497194 0.0644549856767436
-0.26672175186123 0.142741934363984 -0.301049929517 0.20175747336339
-0.222820761767495 0.17776589304981 -0.255028315907387 0.270256201357522
-0.24037006911148 0.148656318170807 -0.264427069917547 0.243179640105694
-0.267678855018208 0.0101948546161133 -0.297797456965668 0.148304321696422
-0.224840276829486 -0.126494892766085 -0.295117608273362 -0.0128302859039961
-0.128272774111081 -0.288352523273383 -0.167125697694852 -0.115941100261634
0.0935516997025017 -0.313374043507004 -0.00934574320128848 -0.105964508197964
0.317033575876519 -0.147589103538128 -0.0691603238009416 -0.0109408786654306
0.47216734541245 -0.00829431274822952 -0.359371069244475 -0.131865526484998
0.223978723180235 -0.0829837214813477 -0.748763923864281 -0.306733185179853
0.146262159678016 -0.142424210392384 -0.550037224217033 0.0578236410551382
0.0377160401788642 -0.16280468326624 -0.129195009248554 0.105224953591034
-0.0523468466791394 -0.111533547666991 -0.0741217301959132 -0.0264145877876152
-0.0677800525088833 -0.0642142792890599 -0.230117786483983 -0.0812915203318052
-0.0933010202594508 -0.028837848792307 -0.368733146397401 0.0783470392163969
-0.123232903608088 0.0239678452406131 -0.358956382493132 0.242170115857571
-0.110610922389277 0.0399877552467451 -0.310096535151011 0.300810395560302
-0.12488907697091 0.023704801291614 -0.322105079168423 0.26084456676406
-0.116660549311868 -0.0371536821669794 -0.346978256232532 0.121973864770381
-0.0664028637611777 -0.0879457220380623 -0.30688711147504 -0.0617607037904973
-0.0122817386472608 -0.105994084292083 -0.137224737201184 -0.139986116635878
0.0417867305078244 -0.101839446756254 -0.00852235369499658 -0.098464152498223
0.120396946364368 -0.0628505819904763 -0.10884936273262 0.0281067099057538
0.219661067856116 -0.0428219402867966 -0.454925645584265 -0.126492736238192
0.0891513887913701 0.0725632284310674 0.483035066980953 0.0459913351316131
0.091736084068189 0.00310112921986168 0.192328877800642 -0.112471281781024
0.0302614278906833 -0.0914729553667094 -0.0111579492518337 0.0752327055620246
-0.0789617578545142 -0.0914701451471156 0.0855515382272285 0.160946750129037
-0.0944468715237161 0.0148943551180667 0.267634409112195 0.102686253771867
-0.0565829571173889 0.0617536968355909 0.362098312899359 -0.0930979626722054
-0.0154906080300881 0.0959439980512891 0.322299223191783 -0.256952738036532
-0.01302732199788 0.101650079532508 0.287266860883281 -0.298423558544034
-0.0242728082045348 0.100114701170923 0.317636663382018 -0.272240898791259
-0.0706975364148133 0.0629456230219271 0.33786605974061 -0.1276234138779
-0.108534161605883 0.00598915771069131 0.266227449331036 0.0319846246933839
-0.0723387405180899 -0.112364181577584 0.116797446476887 0.0150840592414929
0.0631076536807778 -0.0988853316491213 0.158837313508054 -0.0732868005487237
0.0876958325357651 0.0285526841794643 0.451678699584108 -0.077797127206903
0.0372998537246264 0.0827609805047271 0.754396277576716 0.25148314649227
0.326044816290711 0.0738797608147466 0.404312306888579 0.0559301396348013
0.278275561515546 -0.0755910363387947 0.169225641832161 -0.0839652614846471
0.107388247403433 -0.273305213294206 0.00382333454718753 0.0938238854768866
-0.155450941703404 -0.276217127970437 0.0824634817338338 0.169723984501293
-0.243051792683505 -0.0576864370686385 0.247148160959528 0.105377743525633
-0.204270429864685 0.0860407510832566 0.332912068909113 -0.066833379446937
-0.147264467898781 0.204889226123502 0.289727290231748 -0.213432979981544
-0.123348228713619 0.233014692935085 0.25260091595166 -0.238062168265823
-0.152846556933432 0.222894388660631 0.269339357066481 -0.219724172638221
-0.240658469609968 0.103599884895758 0.282868946216721 -0.0890432130495235
-0.277577897908796 -0.046947953747368 0.206117739074682 0.0372227267973214
-0.195435804298785 -0.310942167075042 0.0750604470008218 -0.00404110101390041
0.118875019014322 -0.336660513351332 0.151559900689501 -0.100394892692888
0.320647259040146 -0.0864467626496077 0.427245750908002 -0.134026179110406
0.340743525891384 0.091070609919934 0.687056799447339 0.16077391001267
0.531437678492529 0.0704252166807651 0.253898695147142 0.0337197864594507
0.45403629475534 -0.156528303786322 0.101009182775586 -0.0495586230167694
0.18115535045087 -0.446479376026133 0.0150175302510133 0.121350797844709
-0.224434403381398 -0.451284277464441 0.0832977484409864 0.168824930547055
-0.376438851224062 -0.131294285438319 0.205368951901223 0.0879714428122788
-0.334950734563471 0.0940747987006796 0.259847226558944 -0.0385575558568671
-0.263875691401751 0.281665054085904 0.210898604152192 -0.140286408170947
-0.216436057143929 0.330116123919948 0.179767643106555 -0.140898073570019
-0.254001223965412 0.313985173308459 0.181790802354669 -0.131268752916409
-0.370333284623709 0.138934092017101 0.183453701949675 -0.0343087404073134
-0.41326847850555 -0.0783496317179569 0.110535453483607 0.0412127619593937
-0.315879258138751 -0.455023798298325 0.0139400374050568 -0.0246005582453993
0.12995170564615 -0.537988667109038 0.122152219953848 -0.120875382394001
0.492597208452544 -0.210019465576115 0.347054154917709 -0.16840150021118
0.589527524863517 0.0689571957564499 0.521508944934102 0.0639244425300653
0.674351084310874 0.0551493053638082 0.0430612670527798 -0.0189702662559681
0.585221730130629 -0.237824118026832 -0.0179288712674176 -0.0102942540379452
0.229427507958658 -0.593956224703084 0.0136963587066836 0.151919936747231
-0.282863638730057 -0.582458905441405 0.0779356342328899 0.15110616298463
-0.471289893430439 -0.18540009633094 0.134363241066533 0.0516680417849969
-0.423849043709379 0.0918666768379457 0.141412628026014 -0.00957207114488394
-0.344764145086481 0.319779149187591 0.0945521902620763 -0.0490217253842782
-0.275787576179831 0.376937066606859 0.0790901161492721 -0.022987978489827
-0.311964898057063 0.357704328054978 0.0719343619761789 -0.0203838937160446
-0.438905815810119 0.154248520025463 0.057832370678501 0.0349975217551411
-0.484501455893932 -0.0928903026579795 -0.00908347028108938 0.0485874971458313
-0.391051185682186 -0.521782284736424 -0.0588447578655645 -0.0414429575601319
0.110559133399604 -0.652924634315921 0.074951345550106 -0.127616159290583
0.573245699613954 -0.305759899474245 0.228585059489566 -0.164100907387164
0.734338903584154 0.0303512459922291 0.288420126166963 -0.0163700851151969
0.718396910198907 0.0216645468952522 -0.204070345736212 -0.0880973064114314
0.630069373535786 -0.295384942881742 -0.173589212549961 0.0295483304224368
0.237445891236333 -0.653998534360757 -0.00680289039566994 0.169115799112543
-0.304699800267142 -0.621830493950138 0.0528164997864718 0.11239161118695
-0.496528935438028 -0.207472280710248 0.0327003894935809 0.00729656454886732
-0.447852914209467 0.0786753663862963 -0.00823691497937474 0.0219088947035583
-0.371847293515801 0.310655620016843 -0.041243025110604 0.05139831021333
-0.292316876183724 0.367352368769363 -0.033499464576812 0.0989881490758615
-0.323527521241827 0.342157449408832 -0.0451189758372124 0.0946987692227137
-0.437804382440183 0.138630921527639 -0.0737444601290428 0.104338055444953
-0.469689110395862 -0.102161180463058 -0.130712942129306 0.0541559123288974
-0.381975106345724 -0.502112945867795 -0.124704702653271 -0.0555501299598912
0.0885532622356099 -0.639423006808556 0.027042310310366 -0.121302001625064
0.555078174076243 -0.323261064219044 0.101964067515548 -0.121772018752071
0.7525340990048 -0.00553854181527941 0.0342510078853566 -0.0683777708524473
0.649320670788237 -0.0218616888870128 -0.446099804028143 -0.159169100364955
0.557002290556873 -0.299410195749109 -0.332313118801997 0.0614407039422961
0.200139059860506 -0.591114229232262 -0.0420247904915139 0.162143355137807
-0.268689180878618 -0.537102816840514 0.00941531239896905 0.0583792295509722
-0.423152938335512 -0.186895693620202 -0.0805538384465102 -0.0333703880106346
-0.389039554437357 0.0539781505925093 -0.160862855614777 0.0539826988996996
-0.337354291545634 0.254263415351862 -0.172911448572336 0.144947454904332
-0.266250314414817 0.299473129677904 -0.140798572572493 0.204619639605447
-0.290422068612994 0.273095938937324 -0.152787007140952 0.190062079049664
-0.370583407890375 0.0911626477488199 -0.190753974084416 0.151522537278189
-0.371761899235313 -0.110161841967922 -0.227851171190958 0.0430338254200122
-0.284882760194879 -0.409597399106097 -0.163508922625064 -0.0748355928722135
0.0779200142921875 -0.50750594361066 -0.00434922703286701 -0.110805327027196
0.453171071469817 -0.26327762703757 -0.00148621184260608 -0.0632393394470755
0.646584605691732 -0.0276362494000726 -0.192860421114052 -0.0939164463997929
0.471598095678193 -0.0623952501389002 -0.639101215538524 -0.217298539334931
0.376767416411278 -0.244700220385064 -0.456171314617562 0.0807856223725273
0.121292486581453 -0.408940456606508 -0.0823231953690574 0.135863120763118
-0.177138498459316 -0.34707051856478 -0.0381515843661945 0.00785561264805722
-0.268090419123908 -0.131410151420913 -0.175185014846569 -0.0586472422585756
-0.261725455440081 0.0195533066745652 -0.282890361480421 0.0815000820364271
-0.245800008197209 0.157759559188137 -0.275225854239735 0.21896701720036
-0.199179157780624 0.188175306383966 -0.228259867949011 0.280101986924715
-0.219683295483511 0.162450164311805 -0.238244382349081 0.25224968001163
-0.257850215280586 0.0303878860808522 -0.27576119300406 0.163662912841065
-0.227739412345578 -0.106632990389087 -0.284669426146031 0.0102243802769165
-0.147425066753292 -0.266786324234607 -0.16584172394826 -0.100401724602126
0.0647495175916581 -0.309013137396041 -0.0156499088628677 -0.102389000902536
0.29637919805991 -0.165170922629073 -0.0689574327855448 -0.00901116419921236
0.452831757215003 -0.0434311376396505 -0.359546217545787 -0.100730435066787
0.213564634950509 -0.0937550071898138 -0.746303035961028 -0.248022034241501
0.132733234969219 -0.149651350134179 -0.527224600204393 0.0940314891528386
0.0226424154206808 -0.16383937211484 -0.117087119538358 0.111037127568405
-0.0604602448762957 -0.105732176198759 -0.0728904930096601 -0.0213066210758802
-0.0716018764984666 -0.0581056371943846 -0.228193528894521 -0.0632695920666863
-0.0932136266119673 -0.0214231939067633 -0.349945569076747 0.101362027170538
-0.116709832382671 0.0322736945083404 -0.330286197128957 0.262006231658656
-0.103101821175511 0.047286670961414 -0.279958068545766 0.313142198785923
-0.117639056030304 0.0336461996708865 -0.292712649867059 0.272768764507785
-0.116017205332876 -0.0260084966469453 -0.324779439694717 0.142237118826308
-0.0717701293757439 -0.0795138517341159 -0.299386223177905 -0.0365422823478186
-0.0210377669357587 -0.0999078968820947 -0.140946119789825 -0.125125770315245
0.0307215712258304 -0.101484971597284 -0.0150410919515533 -0.0945343344173276
0.112318979875003 -0.0706169463207199 -0.104427405201408 0.031758693081612
0.208215329051574 -0.0573888325474108 -0.452135272465517 -0.0881792286905392
0.0967228641034433 0.0502029385154899 0.467780821661579 -0.0396364875577444
0.0852087866188283 -0.0112193308798557 0.165211037708979 -0.139433236894213
0.0180671618947236 -0.0855033899234526 0.00682822323162317 0.0662465018747573
-0.081787286039611 -0.0708200793778362 0.107519978022172 0.129172797854609
-0.0813390839208107 0.0222373554626001 0.265259251972561 0.0519671116030273
-0.0456186447333119 0.0616932321028298 0.32669797226785 -0.145250433427798
-0.00245597481287032 0.0877515897489399 0.267186844610114 -0.293953269357284
0.000524687591321142 0.0938651356939485 0.225522665576199 -0.328850742387432
-0.00998369811433624 0.0942689014910541 0.25645393870893 -0.313892916485798
-0.0564122921503551 0.0671494763280904 0.29806709141706 -0.181803814683965
-0.0978169019590574 0.0177578913586236 0.256811047844908 -0.0176534305224438
-0.0826634280731383 -0.0966414164835889 0.113641017776219 -0.00400918340770028
0.0488347559093452 -0.100069539505186 0.139345235421535 -0.0977851529777669
0.092757301683343 0.0161379126350182 0.408314328973299 -0.14890806921776
0.0561631933247727 0.0738583524771831 0.748434708412981 0.121392196275383
0.315975325504933 0.0219140005514633 0.408006528344426 -0.0154554854172993
0.246353816632262 -0.110138841591228 0.156988428847168 -0.109863865527755
0.0617996582500855 -0.262517583541335 0.033434807333268 0.0698690136049702
-0.181528995365439 -0.227118473598614 0.108101345165861 0.123450405510265
-0.229797635390657 -0.0226691749459239 0.23758806344618 0.0514066674892183
-0.180024506512145 0.104915875111181 0.296292984242876 -0.115651496512261
-0.107370349229688 0.208293809548106 0.234696989304039 -0.243920424290043
-0.0838681626988906 0.231443920919585 0.201040043137035 -0.266460846831367
-0.113027545970531 0.228540544597367 0.220047395286195 -0.259159791758107
-0.211620304268005 0.130618662092459 0.252858225362225 -0.14003797167336
-0.263859569148161 -0.0104571505743841 0.203260048677906 -0.00243558365783054
-0.228717771088865 -0.265709288271348 0.0756251511054319 -0.0132867843558621
0.0695799974931681 -0.328967500101833 0.132489473130567 -0.12377999103613
0.294243436856572 -0.125936308136933 0.37475556165282 -0.192428536252177
0.341865277830607 0.0409370165065763 0.667625398610788 0.0516715940608576
0.505465672350524 -0.00570656813470298 0.274043482609335 -0.00902808120627377
0.397567323833592 -0.208854356351741 0.107064916643709 -0.0672491148701773
0.103630307925285 -0.432674587841076 0.0572257868629127 0.0829593391173946
-0.273138651095198 -0.376512451674839 0.11219311129788 0.10809802450419
-0.364618420762522 -0.0700368080749439 0.187636185999243 0.0349623555508711
-0.301468175746556 0.131748150323642 0.225376992108923 -0.0776009908759809
-0.202633164057147 0.298479793448571 0.164722381588339 -0.160793333478106
-0.156667324524203 0.335512879573416 0.14612053712785 -0.162215162760241
-0.193205420589363 0.330345330927686 0.151710696654981 -0.162471842213528
-0.329712909161224 0.18490938504644 0.16840154055537 -0.0740770799127307
-0.396022645820738 -0.0226212111773392 0.114596578802556 0.0182189563596073
-0.363623874362163 -0.385099584471784 0.0186607873850247 -0.02177209902523
0.0534362873220076 -0.517090894537226 0.103544521026064 -0.140929486347108
0.43498771648214 -0.268662864171029 0.293354239616301 -0.206065594577064
0.571118557267552 -0.0133665835162229 0.497398418017878 -0.0127165613541932
0.631029998887443 -0.0382056864762799 0.0740976181579779 -0.0209425977237277
0.508082112367236 -0.30215776787194 0.0078199849698263 -0.0120062613704194
0.124778392144059 -0.574739822859411 0.0669579284765685 0.102878281353736
-0.351688829904945 -0.486879633873241 0.105737642684403 0.0821066755353268
-0.462888656679488 -0.10438527203292 0.107782921253914 0.00830844709039633
-0.385893288045944 0.143677151722333 0.114314336285766 -0.0309171987017084
-0.272207023399356 0.347282573769089 0.063876625437813 -0.0538339550294505
-0.20421943252573 0.388367166266167 0.0684638830422627 -0.0341916000092064
-0.239813869359249 0.380779654404304 0.0655398104855937 -0.040286524833045
-0.39267935447809 0.210189406999566 0.0613881648732179 0.0120385126891959
-0.465706094815839 -0.0270471972356968 0.00391638521817692 0.0468710193910231
-0.444822889615148 -0.435411763298482 -0.0499339931684293 -0.0247765945693376
0.0200846008516552 -0.620489243440796 0.0596136101663191 -0.141179758127259
0.495948097889679 -0.368392322002116 0.18345872010905 -0.180459454965743
0.698745407795872 -0.0693302826225288 0.265548311506486 -0.0493822330192012
0.665230201041097 -0.0709063842139475 -0.168675677831649 -0.0434682037136494
0.540666520970165 -0.360324429520063 -0.130898018343406 0.0510682760525478
0.12355366545291 -0.632075030264931 0.0520569084548999 0.119172257702463
-0.38062326216027 -0.519215762405245 0.0758558225499963 0.0460156502335015
-0.490712362528063 -0.118023832211535 0.00244510919401538 -0.0187821125438499
-0.409491521146957 0.135466735581648 -0.023348458290967 0.0231026999672017
-0.297401103263114 0.343813941293297 -0.0522322434639703 0.0634979310005361
-0.221771417495606 0.382110669862704 -0.0198861963555569 0.0992610825668225
-0.252156353877933 0.36862438284656 -0.0267194650959719 0.0881822602731683
-0.39320725778175 0.196350936038608 -0.0510741773930694 0.100219631743349
-0.454594699864346 -0.037379584299317 -0.11081189059564 0.0738739976715276
-0.434283757457195 -0.418100161279471 -0.114408003090719 -0.0273419667087515
-0.00155411443147693 -0.604866065395326 0.0154769605363656 -0.126976406962699
0.473832965534925 -0.383624273057591 0.0721647349423796 -0.11936615297421
0.708051724833642 -0.10493380536848 0.0181881459591243 -0.0584211762276806
0.592913841443495 -0.0983272003829904 -0.412670689539979 -0.0692561529016829
0.472411605747694 -0.351123635215356 -0.279296179915481 0.108794393610084
0.0979094113840082 -0.570725231878171 0.0132910587142591 0.122990010639014
-0.334001373290971 -0.44935668583157 0.0241537046447657 0.00903942891935973
-0.421452197942989 -0.109258674472841 -0.107923108529482 -0.034837928582404
-0.35771545786875 0.106647852040823 -0.16129666160392 0.0773635054264794
-0.2729535159414 0.288000668522773 -0.161256946699953 0.172028004783738
-0.205967738924626 0.317900433293898 -0.105087225545295 0.216961463485381
-0.231027102670017 0.299613872171525 -0.112824091771055 0.198792889815397
-0.337953111913225 0.143068616785053 -0.152545656798017 0.1677731792996
-0.365693400097306 -0.0555805109491694 -0.203757760124888 0.081304843291272
-0.330252338206362 -0.344091956190798 -0.156780436463152 -0.0397607902066496
0.0044220803801102 -0.481044258595684 -0.0147861540009761 -0.10995462869752
0.385651562403457 -0.312546109127787 -0.0146394184493364 -0.0494377358120568
0.601109473699916 -0.112025521370896 -0.19897465298499 -0.04867296399167
0.419202303018935 -0.11407962091076 -0.614059108307435 -0.0917424254211401
0.313777604674045 -0.27367386059179 -0.401607201170207 0.149210906380027
0.0514724036688454 -0.392581725415727 -0.0386351672157126 0.116751756970488
-0.220618245041702 -0.289755972948612 -0.0319337517253702 -0.0153640550346178
-0.270797665219551 -0.0790867320394353 -0.192489001761995 -0.0381108626676181
-0.2425029985462 0.0582146891677094 -0.267073130005002 0.123481283688507
-0.202397032568338 0.186119563350059 -0.242682323677306 0.256790215519042
-0.158411379698468 0.204811664504316 -0.175521492615937 0.302243286229168
-0.179929852719862 0.187704526767724 -0.18477153563511 0.274231880462626
-0.240014669393614 0.0692977324134087 -0.231961029667296 0.197175445996886
-0.230528887624901 -0.0693538173995535 -0.263978768475422 0.0604019924487537
-0.179945717044402 -0.229840132989924 -0.166900644705968 -0.0640453157606295
0.0186908891470306 -0.294156364995849 -0.0275938750412613 -0.0977648813200721
0.251686273870496 -0.198303021009806 -0.0679179249165331 0.00959991732250623
0.414453057453668 -0.100062269169331 -0.355759836373577 -0.030999415807171
0.174432625824205 -0.107489470092074 -0.734234423331482 -0.104133415685909
0.100474297368394 -0.149744147752457 -0.478555803284766 0.175447638559943
-0.00443886245917932 -0.153087600398153 -0.0870491993684695 0.113756822281763
-0.0754508493136313 -0.0875763601587126 -0.0724358534645387 -0.0177896363663622
-0.0780033051853331 -0.0395950506149279 -0.231985886091736 -0.026122203110702
-0.0899754400250874 -0.00247481122267335 -0.320228510792038 0.151982382705064
-0.100899774483999 0.0514164743711108 -0.281687226207525 0.303316139079317
-0.0873448266512111 0.0608365493209715 -0.218159853231387 0.341747813155885
-0.102872602398934 0.0527230576151386 -0.232900051724675 0.305838009622817
-0.113950885264576 -0.00427761086081517 -0.282824153798832 0.188037128778081
-0.0810519469632725 -0.063843472861133 -0.286744465166188 0.0192526740641581
-0.0368165525416461 -0.0914390404136752 -0.150578834336793 -0.0919782823629444
0.0138323639364787 -0.0982704082479083 -0.0291199151565188 -0.087691146016397
0.0931621643416824 -0.0844842247205129 -0.0946514292566385 0.0492580155930401
0.182666683802949 -0.0819488806198207 -0.440605333759348 -0.00866494704821762
0.0897582564538842 0.0492476172459297 0.455998859503083 -0.0361961812124055
0.0832718838270915 -0.00727700964518339 0.159908045678097 -0.132968050884048
0.020254800359738 -0.0812948343552387 0.00748527551849545 0.0639087412671711
-0.0775958979243761 -0.0676997209999698 0.103633273441791 0.124789806346113
-0.0786589041825776 0.0206924834791826 0.256344330460305 0.0509524789177393
-0.044685528027021 0.0598187092261154 0.315022679405024 -0.13861752501458
-0.00300162954039496 0.0841197085970407 0.258418252742091 -0.282671609769711
0.000502607315522955 0.090136819842494 0.221575487043758 -0.318691387692592
-0.0103013799285371 0.0895881593583064 0.249290814963577 -0.300610684990558
-0.0548761913728617 0.0637384219104606 0.288647804912913 -0.173770829486781
-0.0930840015784265 0.0170306640605308 0.247389988128519 -0.0173499284076375
-0.0796393350146778 -0.0939193544243855 0.109060680830805 -0.00261534004457022
0.0480569906191694 -0.096985252308197 0.135742522909673 -0.0934023903964113
0.0894869131419734 0.0182216318360547 0.398062694126131 -0.141508696690104
0.0527370495209593 0.0726651527859117 0.723193191865825 0.122996866712711
0.301828232550618 0.0228595782126359 0.399922204623999 -0.0132621474281022
0.239514827263002 -0.101784391286748 0.153012120996539 -0.104238506726941
0.0611085327238185 -0.251524937927311 0.0336051647616356 0.0660968594510448
-0.174535783188315 -0.218967805950151 0.104785915497566 0.118370810532861
-0.222030853107147 -0.0225024634706369 0.229398893812708 0.0495765349351844
-0.175316914528089 0.100826367864387 0.285110522538973 -0.111196490999021
-0.10421761785995 0.200758785630036 0.227962472944859 -0.234116847868112
-0.080553440844133 0.222747077594873 0.197811567141926 -0.256546115567597
-0.108429824069024 0.218734237806306 0.213968131691053 -0.248286411472114
-0.205280909938529 0.125738673132083 0.244979908695334 -0.133888483731209
-0.254721106741179 -0.010681580503354 0.195950102136277 -0.00252664697563652
-0.219423795029512 -0.257555677836685 0.0718283782906062 -0.0136093578538394
0.0681938891350189 -0.318546475334244 0.129855569250816 -0.119771187834999
0.285740287280649 -0.116988856924864 0.364047142577809 -0.183737553389256
0.327724740852396 0.042748958613493 0.646406036198666 0.0534902969306879
0.485523775847405 -0.00302575636078197 0.27087626282082 -0.00814951518891963
0.386888935374528 -0.196742654418218 0.105300176417198 -0.0643258865822766
0.100705019018659 -0.415634795648763 0.0570371780411585 0.0790702442904759
-0.264615117456482 -0.362219799220866 0.108162517304178 0.103898989333126
-0.353205180873692 -0.0684991645834795 0.180993088474066 0.0333436991956482
-0.292671749220103 0.126937470324269 0.216814846148868 -0.0756096626417121
-0.195932655417076 0.287962908103775 0.16126779134565 -0.152900635763284
-0.149852997684253 0.32320025931478 0.144126478040429 -0.157317139628995
-0.185746703325052 0.317508581227815 0.147366136749798 -0.155339781639479
-0.319369740517703 0.177872444905799 0.16392445667109 -0.0701656587258365
-0.383300676988221 -0.0222422507081719 0.110973114921638 0.0171779992454462
-0.351005283038065 -0.371588801990952 0.0173137863422378 -0.0227386446115688
0.0522453223571115 -0.500151393008716 0.102614988019787 -0.138086597745913
0.422875824446875 -0.254946664890983 0.285636223645528 -0.198684087056506
0.548294043280129 -0.00917735475951017 0.481628731679895 -0.00718760651918371
0.609269370574355 -0.0341601279803388 0.0773646545326781 -0.0206144906984301
0.4951452652884 -0.287270710452475 0.00932280961365195 -0.0114256337755496
0.121047068056004 -0.552409385745788 0.0663434147867201 0.0984832241780288
-0.340924150996094 -0.46958350901096 0.102158254365113 0.0788459856698175
-0.449417783304498 -0.101435225573046 0.104395353472713 0.00735001852483312
-0.374636599751189 0.137936606850894 0.109450686601909 -0.031720754439832
-0.261849608469566 0.334744010374502 0.0643448509804077 -0.0493703463723243
-0.195096078761867 0.373942993452653 0.0675494600296598 -0.0332958202990026
-0.230283863145266 0.366756225212015 0.0632482004116529 -0.0374183336998118
-0.380623042666861 0.202919650484923 0.060235598633806 0.0125754447821669
-0.451959354753761 -0.0264604734163047 0.00415125029156168 0.0445689745209153
-0.43031722048797 -0.419930621962547 -0.048798434457986 -0.0267927622928284
0.0202892429639716 -0.598973858409638 0.0601823782637034 -0.138551093512142
0.482309906166984 -0.351273456710229 0.178274454360397 -0.17489586647912
0.670683501447291 -0.0631967952173155 0.256483941140388 -0.0430289784829342
0.644423795215943 -0.0660313159561605 -0.157989832489991 -0.0441149887719181
0.527451354981186 -0.346080909606012 -0.124694291122929 0.048704009858184
0.11669220793743 -0.611499484996211 0.0519330502981233 0.114728830164379
-0.369414199981496 -0.502602272227419 0.0734534377624026 0.0442049293820234
-0.47702893849944 -0.115539601244457 0.00273142688764316 -0.0190989231188038
-0.398193477183012 0.130898049927311 -0.0235079489373336 0.0200147992309013
-0.28669037572994 0.331824970312831 -0.0471592975805916 0.0640884600316095
-0.212061009583124 0.368274377176852 -0.0185703581762868 0.0961542656036568
-0.241115484441591 0.355469631241814 -0.0266376382411948 0.0858588954052875
-0.38094964818242 0.189077216219406 -0.0486324208097957 0.0974827833276924
-0.441248722185538 -0.0364596353889759 -0.104772439169626 0.0708078291943863
-0.419944823404171 -0.402462440438492 -0.110954493420369 -0.0302929257772699
-0.00120795226880155 -0.58569404896441 0.0174421651017056 -0.124958987747651
0.460188498659802 -0.366791419216607 0.0692835538098045 -0.115885270393888
0.679374613044084 -0.0953438028555167 0.0174307635141012 -0.0530761762811324
0.574272742235663 -0.09187741720568 -0.396647806934102 -0.0709680709416712
0.460737181783918 -0.337693441276252 -0.268464049950566 0.102361137530017
0.0922648015291748 -0.55196447950551 0.0137665475242376 0.118143692106425
-0.325875636718534 -0.434996281718286 0.0234286475038607 0.00879179400443054
-0.409557426181148 -0.106443914905497 -0.103694467823514 -0.0352930192457031
-0.348545000506412 0.102641150653559 -0.156391999951982 0.0724341332336627
-0.262918792028498 0.27819525106738 -0.153382691288196 0.168825595006724
-0.195973707580499 0.306539710762953 -0.102446429577615 0.210970688376346
-0.221196384689639 0.289601177487931 -0.111158828474283 0.191888356699999
-0.326914024187541 0.137957920734157 -0.147622984687459 0.161821757551521
-0.355027638376305 -0.0534803206943813 -0.19523976412887 0.0776761439693004
-0.318344749997452 -0.331380671270052 -0.150515332355755 -0.0423209635197472
0.0045359648060419 -0.463964939172997 -0.0127155317155205 -0.108449834407425
0.375788838408891 -0.300090491714275 -0.015307893556008 -0.0492214754995867
0.577675594333277 -0.104754833960487 -0.193560254171917 -0.0450245016884927
0.408668081125044 -0.107514911579335 -0.593508433368813 -0.0941360580156487
0.306408873365632 -0.265005577342832 -0.389191697165927 0.140099123137814
0.0487145769747081 -0.380424824635453 -0.0375439636259766 0.112512793746529
-0.216621183784711 -0.281888597884668 -0.0307947394776444 -0.0146579183688203
-0.263366951068803 -0.0770063958225438 -0.186326068104908 -0.0379811609417963
-0.236533169064167 0.055394640700403 -0.258625093782179 0.116741137934606
-0.194942952540644 0.179459746197745 -0.232910537880069 0.249836536125554
-0.151851848824013 0.197296991520124 -0.171043622063671 0.293110966826092
-0.171485177165024 0.181310338068861 -0.181054362274468 0.263559228373733
-0.231721326222619 0.0671226554690239 -0.223939658343056 0.188506732503282
-0.224035339730717 -0.0661912546007548 -0.25299094870886 0.0574907109049445
-0.173065550303326 -0.221056015342315 -0.160021776913454 -0.0648039574656961
0.0165994200030258 -0.28346944478314 -0.0258364428779352 -0.0961156696858407
0.243934696531165 -0.190388600568509 -0.0676690232538652 0.0073821100921089
0.397498511245371 -0.0941392000321949 -0.345725378674896 -0.0291216909174084
0.172227399878987 -0.103031960271067 -0.711334535903553 -0.108614823932869
0.0988886886310483 -0.145610836164781 -0.464247034664231 0.164667645980856
-0.006131700146279 -0.149356488271057 -0.0847914581535452 0.109293359589758
-0.0754007613800911 -0.0848707216953666 -0.0700535493721071 -0.0181211482192186
-0.0764122858800977 -0.0384100151868969 -0.224951079042873 -0.0270022264086073
-0.0878402125847563 -0.00346686086859313 -0.310330990887564 0.145066970043023
-0.0965114871883116 0.0498719655143441 -0.271837929325697 0.294078501926194
-0.0835990058543738 0.0595398883965613 -0.213718176324797 0.331693208706438
-0.0978784070661392 0.0520530571465032 -0.227407370051898 0.293025020083705
-0.109551713164049 -0.00273350875732805 -0.273931899939819 0.180167492630257
-0.079831676140609 -0.0608485293695117 -0.275025078489358 0.0178116520556277
-0.0356169549862982 -0.0869357198127562 -0.143934742896393 -0.0907309222884891
0.0113703362320414 -0.0937359338251741 -0.0281506582180458 -0.0852170657789529
0.0898611204530349 -0.0828277567467107 -0.093143132254091 0.0459133722807946
0.175050647427417 -0.0783893883267352 -0.428960160804247 -0.00814225052308442
0.0860548824896291 0.0528310366008533 0.462555156342397 -0.0266238907461459
0.084672506711675 -0.00289262428819247 0.163756795841218 -0.127527812433867
0.0242713742413776 -0.0798568705042795 0.00685756297224334 0.0634905547130354
-0.0753347973829554 -0.0689693716221712 0.101718158177833 0.125257087951148
-0.0793970098222966 0.0187639605836487 0.256273187100826 0.0564374598715215
-0.0461392303130547 0.0595207737854723 0.317274425248729 -0.132110003261361
-0.00500468549895576 0.0838447739811809 0.264077945928267 -0.277779148197877
-0.00122727243280646 0.0899763745953661 0.231345109728809 -0.316586261497943
-0.0125136967079635 0.0887018719514619 0.25683844838948 -0.295335910568673
-0.0568817605308405 0.0620644481880255 0.293284613831533 -0.167006566471047
-0.0928963664166241 0.0148332658872348 0.246935932105849 -0.0123971210246818
-0.0776906629642335 -0.0959173517892873 0.107848449013664 -0.00028564976903372
0.0506856401546902 -0.0967719086610814 0.138369926979204 -0.0908000166093535
0.09082222407658 0.022065651315639 0.403077195778558 -0.13162851534391
0.050355898003012 0.0749171274151454 0.724040027869151 0.139488242749115
0.299188126911263 0.030036427096448 0.406240033599803 -0.00527992825708757
0.24425882105925 -0.0945308759439102 0.156871261212369 -0.100496883669567
0.0674942874056997 -0.249378720899225 0.033327775675849 0.0661273264943847
-0.17058419376321 -0.221801324002482 0.102364593545388 0.119961975952907
-0.223283292224847 -0.0272864811820315 0.228994361681189 0.0545595709170244
-0.178408441058847 0.0983972959312777 0.28668963308596 -0.105240687981282
-0.107866369475911 0.197988575735014 0.233599010417105 -0.228441306493249
-0.0834608863348556 0.221254569303855 0.205669806313842 -0.255165708227336
-0.113510203603724 0.216053071302479 0.219537338387677 -0.242783940435173
-0.209377199702839 0.121616952048629 0.249391211962399 -0.127851637003653
-0.254587488896899 -0.0154747086385024 0.195814108853124 0.000858069129181022
-0.215550709655279 -0.262392081612409 0.0714084670521673 -0.0125888816534667
0.0748534649968142 -0.318930978620226 0.134129888775345 -0.118514843318781
0.290601839951651 -0.108801527919855 0.370562106850305 -0.176413064675505
0.325800033695536 0.0520883384315917 0.648002692670604 0.0690023204548585
0.483401924458196 0.00777481614575807 0.278094940004306 -0.0036616986795251
0.39439436613725 -0.187056111628074 0.108778140223633 -0.0619574413409742
0.107968177073213 -0.412973040780596 0.0571781315505722 0.0791635012343261
-0.259188739781945 -0.367368272499954 0.106152825036503 0.105887801614211
-0.353776077098347 -0.0759322825746733 0.18042935369327 0.0370121132678962
-0.297444041246205 0.121572661496817 0.217444309135521 -0.0722066248592555
-0.201427203855349 0.283865914385066 0.166487816004623 -0.148441033033353
-0.154535795596413 0.320043623317958 0.149353586297807 -0.155310027873004
-0.191557017608429 0.313218951299669 0.151164765399485 -0.150855160937231
-0.325003760033928 0.171832633013151 0.166796776969088 -0.0658099566157087
-0.383988009052066 -0.02894771363326 0.111175048145756 0.0191239169532485
-0.343446842696457 -0.37966515568192 0.0160760150454523 -0.0245175270950999
0.0615199688237161 -0.501588825960806 0.108355499103982 -0.137505630361893
0.432072218713386 -0.243864526053431 0.291299055757081 -0.193142413919829
0.547747581584389 0.00517941089254661 0.48470750352999 0.00600353274698454
0.610363372047229 -0.0208873416017983 0.0833425733708599 -0.0211773753832809
0.503983270142846 -0.276148972976313 0.011934797366517 -0.0118616814570525
0.12970634653059 -0.550036536696087 0.0664920823702489 0.0990596776663818
-0.335299422555317 -0.476090683652486 0.101169052611156 0.0811456180194121
-0.450224643822618 -0.111942517639868 0.105131110353988 0.00899177450847847
-0.38118078385261 0.131761442425596 0.109054242554957 -0.0309360713438744
-0.268233667973555 0.329574949240021 0.0678876990435836 -0.0459008351762244
-0.199860938610487 0.370577621671672 0.0704677917547876 -0.0319731744389378
-0.23638502055368 0.361477431242867 0.0633633183331347 -0.0343860104530596
-0.386465256721022 0.196605281776867 0.0612831430653129 0.0148698531451642
-0.453917981574485 -0.0343950434780388 0.00418315198699204 0.0447624781558901
-0.42217333800027 -0.428535053004313 -0.0503015129814764 -0.0305328717269782
0.0296416371969211 -0.600968454658383 0.065454130340658 -0.139814389964164
0.492741398162457 -0.339780835429398 0.182475270208753 -0.172116215412009
0.670488904257895 -0.0444639524527216 0.258843908906292 -0.0351234242569211
0.647108660376665 -0.0520747743035135 -0.153521795391753 -0.0499047492810752
0.53831656575094 -0.335440560170443 -0.124758484732124 0.0447807546793506
0.128424204231733 -0.607175405647809 0.0507268685529151 0.115344215379484
-0.365244444990119 -0.51094769793247 0.0734616817934703 0.046900477324109
-0.478446267998653 -0.125457234726241 0.00311133796780574 -0.0195369310417469
-0.404944358400538 0.123628108471609 -0.0248812373728823 0.0176321871201157
-0.292421088211465 0.326818077122117 -0.0460397627831263 0.0656346142078755
-0.216276757695217 0.364830536674268 -0.0195124939894319 0.0964395539153386
-0.246987537634419 0.35127217964549 -0.0292952343197364 0.0870223726396303
-0.386327604822601 0.182488821016895 -0.0500460757424582 0.0974451139901606
-0.443245405993418 -0.0427944324796628 -0.105185401119516 0.0685768098708687
-0.412531437756034 -0.41056717818111 -0.112361522917703 -0.0354973651322991
0.00778460142530314 -0.584049178963417 0.0220153557155744 -0.127840581365814
0.470611727613415 -0.355633726474797 0.0713526456065763 -0.116538486801882
0.678650753537412 -0.0792640900288616 0.018205047170178 -0.0494979749429695
0.579593068923233 -0.0792371263093425 -0.392236929758816 -0.0816630085021794
0.472635613518172 -0.329461147307199 -0.271203965036474 0.0954011485935614
0.101326414709152 -0.55099636431651 0.0119189449921769 0.118997250020911
-0.321879381745412 -0.442898237621534 0.0235343986854682 0.0100362859670511
-0.411545477266277 -0.114422635136555 -0.103764819204786 -0.0382546545524299
-0.35342117371868 0.0958367890679436 -0.158443835239316 0.0674222534951997
-0.267527904727409 0.274221301784377 -0.154192260730924 0.16784953461246
-0.200947431184238 0.30364418142264 -0.106763136874546 0.21020785164656
-0.224844906654003 0.285030917831381 -0.116957224123949 0.189735611860533
-0.331308579343873 0.132391138970594 -0.150376874668284 0.158875014807313
-0.356062518371017 -0.0592393357151032 -0.195310900342892 0.0731345598827325
-0.312601121596584 -0.338173983570874 -0.151541244778779 -0.0482680615392821
0.0118219991818188 -0.463162431560366 -0.00856015798958765 -0.111997536976186
0.381898660243343 -0.290869648561102 -0.0147823209099618 -0.0509870564499715
0.577558421103087 -0.0902887285034533 -0.194115675729522 -0.0462494794544504
0.414768911523362 -0.0991071297525632 -0.592429005292417 -0.108941291599717
0.315474779541674 -0.260308728073488 -0.393903030474963 0.130187204327481
0.0539916831146131 -0.380860231780001 -0.0395800965054478 0.112393398146983
-0.21536872471358 -0.286462535856222 -0.030138950867618 -0.0147120849425077
-0.264704656476345 -0.0831255591355904 -0.186494217672431 -0.0422651470400884
-0.239919373568463 0.0506837764157276 -0.261920643370544 0.110413190630929
-0.197527979339493 0.176758701918096 -0.236220503952075 0.246987910875095
-0.153503509322552 0.196023510314875 -0.178603227487019 0.292430544535783
-0.173418084739148 0.178447270252466 -0.187876964105128 0.260339976848138
-0.233674481652501 0.0635065219137668 -0.228072573760796 0.18423206498234
-0.224315418664333 -0.0694163568383602 -0.252122212760983 0.0517796499556344
-0.16920620146432 -0.223612804475798 -0.15912572718785 -0.0709076575669598
0.0204883413327264 -0.28184242100099 -0.022673263785437 -0.098690642287566
0.247642129628299 -0.186049910498885 -0.068398912958281 0.00513169937165321
0.398061954952477 -0.0847390540733279 -0.348189338470744 -0.0338062950439069
0.177562970565497 -0.0992754239960482 -0.714363458963714 -0.125643021247811
0.103733381891883 -0.144736861225148 -0.471253814711703 0.153681325367226
-0.00526020547739825 -0.150610943034977 -0.087910199721998 0.108150689442563
-0.076700149272224 -0.0866310378005827 -0.0695381020159403 -0.0193576582450067
-0.0768746326926218 -0.0405837529389943 -0.225398166687402 -0.0317535773981813
-0.0892732989158694 -0.00506826337994793 -0.313984464323324 0.137857241005477
-0.0969044882682593 0.0486992964194393 -0.276804507601297 0.289625352428139
-0.0840028166425264 0.0589075930143261 -0.222170559920868 0.3303186773756
-0.0970404368610377 0.0515605999948729 -0.235487838830824 0.288116162952329
-0.109638123313187 -0.00418722726512384 -0.27799628796784 0.173981471595145
-0.0799908110109334 -0.0610841089258863 -0.273881509304255 0.011588215170817
-0.0345188993962171 -0.0863299183137592 -0.14206252715238 -0.0956128054490355
0.0116156258901147 -0.0926315743879453 -0.0261509994173446 -0.0864139674181529
0.0905646248042972 -0.0825991216041586 -0.0953934574256749 0.0435298383160952
0.176377385520582 -0.0744929001054003 -0.431498227949326 -0.0162301213830581
0.0860449765639523 0.0577960123809927 0.486457241250815 -0.0228372311592735
0.0895244044589222 -4.35537850897345E-06 0.173760080810958 -0.129729304412755
0.0276970696847855 -0.0825607720461159 0.00739683564186752 0.0649891739522257
-0.0764089152530243 -0.0729628394954803 0.104138109812355 0.130130152178663
-0.0831451587281964 0.0189197247232363 0.266598657996635 0.0607467998765332
-0.048497110833086 0.0624443944181523 0.330857012420776 -0.13318156750773
-0.00661843932930102 0.0866932201869852 0.277219742573594 -0.285676807310009
-0.00166783858182891 0.0930827327138208 0.244666046679287 -0.329809553752881
-0.014859148918382 0.0913947280813368 0.271452760946418 -0.304539603466285
-0.0610849834674331 0.063495948313554 0.307898548020187 -0.169708215642754
-0.0951772343713648 0.013916524036099 0.256696072056919 -0.0105236435621328
-0.0801901939472519 -0.101589928073674 0.111931837479335 0.00188771547746217
0.0543844665471274 -0.10110261966181 0.145246813431761 -0.093084977218445
0.0956620070264096 0.0255638807154544 0.422135876466739 -0.132143711955661
0.0505965147874911 0.0792020781156443 0.754964296078916 0.156001841902831
0.307623367756558 0.0359799986782344 0.428299281688703 -0.00265052496851404
0.256669781167873 -0.0932524519479648 0.166170147331845 -0.10162663430316
0.0736126859342913 -0.257528160494566 0.0353596659963074 0.0678642198305563
-0.175454163932225 -0.233021642490585 0.105169209216285 0.12469046604829
-0.233792911622638 -0.0308088011055557 0.237806457823968 0.0590827396261847
-0.18742598369584 0.10124083199365 0.298407574030331 -0.10646181156091
-0.114223164689468 0.204893249194439 0.246314693455623 -0.234331937687506
-0.0875754450930849 0.229101312704145 0.218983055361044 -0.265705495816854
-0.120413473471028 0.223126009097012 0.231899495329969 -0.249264727877367
-0.220919665909615 0.124143115124859 0.262261338450013 -0.129389211466193
-0.264477255336784 -0.0190018864342769 0.203645008987948 0.00322081884406599
-0.222615941851216 -0.276385564955008 0.0728595577869367 -0.0131810452651605
0.0811462845489864 -0.332115613553658 0.142781579151748 -0.12363126954323
0.306690977019042 -0.107978949019813 0.389416794934282 -0.179299809800891
0.337295139360936 0.0595995965717798 0.678107598341468 0.0804499262973035
0.500139187547787 0.0134746637378891 0.295258620676111 -0.00264166199136495
0.414854916456929 -0.188921100565321 0.115713850661802 -0.0628751430290132
0.11712256202039 -0.426053345052254 0.0600206898852857 0.0817970520214057
-0.26825786051145 -0.383596271750123 0.110119822150757 0.111028364790315
-0.370705761919914 -0.0820294076355003 0.187798938056298 0.0409309627832086
-0.312556507885549 0.125470420804695 0.22587030511335 -0.0732253117894908
-0.212232258385548 0.293571632942672 0.176415765370694 -0.150740563547694
-0.160438997424127 0.331593854986971 0.159296686861066 -0.161814004240423
-0.201357818121486 0.323198093870441 0.158930178083903 -0.154198770199207
-0.341285766533838 0.176514921942101 0.175860736612933 -0.065540899361873
-0.400365195540754 -0.0340656605779731 0.115242517482116 0.0213602570671544
-0.355824367968812 -0.398672696209267 0.0148939672331278 -0.026309385310009
0.0684355409641718 -0.522288842232963 0.115975813988421 -0.14482267578153
0.4554793969277 -0.247077131751264 0.305513873195416 -0.198698281412896
0.567367453521695 0.0130572182912326 0.50471429660093 0.0144630431956131
0.633228084366696 -0.0137292999511046 0.092441990915612 -0.0230730757103365
0.531676402463201 -0.282659627089853 0.0136151633315928 -0.0129886107486159
0.139653030614398 -0.569111660742685 0.0698242771454041 0.102917486588535
-0.347508188303427 -0.499057294537667 0.105752346239454 0.0865260595779549
-0.471522572805004 -0.120115003695759 0.109566207575991 0.0112529852643253
-0.399644665678528 0.135453910589625 0.112829822993513 -0.0320743087911279
-0.281343803941728 0.340457876605125 0.0739883418878704 -0.0450347719064451
-0.208950913426207 0.384555804615553 0.075138270037246 -0.032733927816523
-0.247243381691228 0.373462369473406 0.0659599014703347 -0.033178283038271
-0.406160392009668 0.201188008950712 0.0649645111026519 0.0175574758014156
-0.472689939696583 -0.0394346009755775 0.00425192834363874 0.0464903253888481
-0.437221431356144 -0.450178603703669 -0.0546555367836127 -0.0345999962136885
0.0344715172802764 -0.624672813208103 0.0719155690738694 -0.148497700596327
0.520427257246038 -0.345151097761069 0.192118704160649 -0.178759758518366
0.697039414353682 -0.0376796150447656 0.270237341663493 -0.0312166480482933
0.673804317894807 -0.0462131112551001 -0.155617561880874 -0.0555553309891893
0.567573816998095 -0.342795802795514 -0.130361062380605 0.0438417110010958
0.136353596871395 -0.630927576146397 0.0533435445308351 0.120916610179305
-0.381210695412033 -0.534361924167573 0.0773855645054534 0.0509683802111784
-0.49981627067717 -0.135756208362855 0.00409649228237592 -0.0192080494905836
-0.425740621519535 0.126899781367943 -0.0270872965958081 0.0164241484680453
-0.306263086511505 0.33781669666696 -0.0448738109624403 0.0701629769979596
-0.224439324047488 0.378199984365826 -0.0199464523575731 0.101148847936048
-0.257932318441721 0.362339524259217 -0.0327792561182378 0.0923469608651412
-0.405129252518588 0.18733773729386 -0.0518693669438822 0.101566167367368
-0.461956545665547 -0.0481109549830849 -0.109460111059797 0.070049884142104
-0.426505801215165 -0.432514481617388 -0.119733867100166 -0.0398775106816395
0.0125662181842061 -0.608675242124369 0.0259987413002827 -0.136357157256377
0.49588514195966 -0.362210544011122 0.0755317289988122 -0.122414716316078
0.704805105694735 -0.0727675642592308 0.0190273991171772 -0.0483921796813886
0.605893499602325 -0.0776141598650732 -0.407372333617037 -0.0909307420954327
0.500337527140541 -0.337938938505047 -0.284278357475085 0.0943702257274342
0.108957234635424 -0.573101788343961 0.012529555599346 0.124641485853994
-0.336821877215001 -0.46270355431219 0.026350236393586 0.0128949732920911
-0.430598352422296 -0.123877431302637 -0.106958394543576 -0.0399177420496886
-0.372733237310577 0.0978341135477851 -0.167063107781396 0.0674542188587801
-0.279400882408985 0.28265769121818 -0.159056552775963 0.175654541240003
-0.208916817040293 0.314315800668915 -0.112465079464761 0.219623245023636
-0.23505856550792 0.295244906559387 -0.12500868852078 0.198694840390622
-0.346000000062367 0.135978542860228 -0.157152128777626 0.163987005399317
-0.371809264854651 -0.0636124265796436 -0.20348794191664 0.0740701962969365
-0.322773712542331 -0.353551499560224 -0.159668990883237 -0.0536856213709619
0.0144579635525887 -0.480484869688125 -0.00660464138362048 -0.120059632610288
0.40165212860301 -0.297354441901013 -0.0159213424667328 -0.0547745879907156
0.600071714785095 -0.0858003639562187 -0.203520016343308 -0.0476188488031886
0.434458147134546 -0.0989412080681808 -0.617869360879162 -0.120929784016983
0.334489849980855 -0.267844949308873 -0.414365734878893 0.129606008994875
0.0573528397065991 -0.397161149461492 -0.0416655452747863 0.117009833925466
-0.225685941467296 -0.300462731345753 -0.0298589043420668 -0.0143981033820635
-0.277865970226559 -0.0892506572922853 -0.193504539447655 -0.0468813228041875
-0.253397923175485 0.0507819218249939 -0.274751003370426 0.110941194442107
-0.205969226828181 0.182891579911601 -0.246036690558783 0.257123080666481
-0.160384211293123 0.203861281902703 -0.188080550013163 0.305263489642803
-0.180247503745143 0.184931816469331 -0.200917981189463 0.269987560291308
-0.24382636341248 0.0651782714149669 -0.239154012645441 0.189576372408959
-0.234342936312514 -0.0727647162206142 -0.261974278215055 0.0508890026789361
-0.175065486805309 -0.233025461465624 -0.16576218541726 -0.0769325868091072
0.0219128168469508 -0.291814612631085 -0.0219443971083207 -0.105189936865065
0.259215066745282 -0.189900365268239 -0.0724893480488656 0.00258388125732607
0.414911675487255 -0.0828997174121121 -0.365572385404135 -0.0371427855481345
0.188765489020898 -0.102480677940055 -0.744782600431457 -0.140122086700434
0.11184128157327 -0.151373696917434 -0.495804478021751 0.153259024076444
-0.00623431058400031 -0.157684509329785 -0.0924291157686749 0.112704920434726
-0.0820506051021541 -0.0902070452228778 -0.0709798459698705 -0.0205050556738265
-0.0810103189448578 -0.0432369748650858 -0.234983448778824 -0.0356000261731979
-0.094644239096461 -0.00635080550065759 -0.329214642234953 0.139692075337207
-0.100437544089269 0.049953322632113 -0.290652445588157 0.300233149594205
-0.0868174000978967 0.0614889241521738 -0.235196712403529 0.345820530969943
-0.099931349996461 0.0536689715135563 -0.249866028241609 0.297902189043027
-0.113533383159673 -0.00385293653279695 -0.291703914934322 0.177102693185975
-0.084170220230888 -0.0623571891450669 -0.283862570041923 0.00839162292448083
-0.0358121475379875 -0.0887181606542066 -0.146418741305918 -0.101755532079682
0.0113490365186418 -0.0953660070714237 -0.0267817868609859 -0.0909466201718086
0.093940610857327 -0.0853073460029367 -0.100062536899782 0.0427108383076491
0.184140680124292 -0.0757971025319505 -0.453981278582441 -0.0188286167003403
0.0904628292896753 0.0612854569888313 0.52234542233813 -0.0392783019242813
0.0960988172577711 0.000134826967958698 0.183208671783841 -0.141807304170243
0.0292952151488582 -0.0882676943592606 0.0102654231942484 0.0677200591826532
-0.0824447168352571 -0.075987843114047 0.113544817745629 0.1345846044931
-0.0884509792429672 0.0228993224946422 0.285053313199609 0.0572071169955862
-0.0492262716122162 0.0687389416995774 0.349165369032382 -0.150400918506598
-0.0057006083777374 0.0923490792175678 0.28575960459888 -0.3111145659777
0.000920306851149379 0.0988642291906566 0.251900880341551 -0.361127210350285
-0.013756238892607 0.0968649428161813 0.282046067490564 -0.332263078387949
-0.0642891206946908 0.0683841887653686 0.323253678655352 -0.189011529572075
-0.0999592581305976 0.0162185648207778 0.271929008800214 -0.0181840568054095
-0.0887234908997844 -0.106301563035498 0.118489967333373 -0.000600254451862025
0.0549158929074072 -0.109924614016465 0.152622834736957 -0.102955974141
0.103826156357736 0.0259131386976218 0.447453173414962 -0.149629429372486
0.055042230123033 0.0833609992743883 0.810967031639851 0.143616076110009
0.325732478893287 0.0320386582633724 0.461660605455433 -0.016756508985487
0.272297889182954 -0.104274696124774 0.176788804603644 -0.111988305369434
0.0714563303053771 -0.274052270365023 0.040111714243132 0.0701759598035289
-0.194217776964298 -0.241305296557714 0.114872334712373 0.129083227550092
-0.250609936029666 -0.0254439219219763 0.254271656521957 0.0567569674877304
-0.196817305273465 0.114668546625469 0.313898851003012 -0.120635020162387
-0.116000639719007 0.220857052181484 0.256329010896372 -0.255214882814648
-0.0851631387159388 0.246385673052962 0.225860945477579 -0.29198347602658
-0.122053729723248 0.240622516994364 0.241008465413538 -0.270658036108355
-0.23297057513815 0.138865455009165 0.276881446398608 -0.144601829730737
-0.281781713458736 -0.013195610736611 0.216325141685221 -0.00202826349290214
-0.245946866564689 -0.287702873366753 0.0752099786250827 -0.0158745314546315
0.0757754097493869 -0.356520313929811 0.149423113728353 -0.136446764785264
0.326203026671331 -0.121686294553554 0.410100360043971 -0.200477235472452
0.359838247115624 0.054801362199677 0.72557442181156 0.068647750862694
0.529670432806049 0.00160841561588977 0.319223946968477 -0.014171271021151
0.437568188467295 -0.21075798000694 0.123795235255249 -0.0705657640127013
0.110589328533742 -0.454382430534379 0.0674455827493524 0.0842353358424113
-0.298257663860388 -0.399535817035613 0.120948155588054 0.115516332331356
-0.398662924580485 -0.076065864967312 0.201318535712835 0.0384957719088815
-0.330883136282081 0.143866130684027 0.237443279602623 -0.0840400936753027
-0.216963644085791 0.317405086286174 0.185923742382973 -0.163547856738287
-0.158304032252976 0.357104798222055 0.165894921917961 -0.178261567363549
-0.20475856572309 0.349300974285746 0.165696844831029 -0.166615872185707
-0.360529092572962 0.197945216835604 0.187121111586645 -0.0738525761916209
-0.426980111556444 -0.0241552952287868 0.123664733302482 0.0201846518973683
-0.391477546776385 -0.414679810960007 0.0121619599608517 -0.0294825389057461
0.0563361479994031 -0.558003148516029 0.120397429523105 -0.160704566807981
0.481771634492582 -0.272520620820206 0.319786709574508 -0.220519644888035
0.604579948209498 0.000805488118795744 0.539680228962595 0.0021737389781467
0.670389850632129 -0.0319808423890935 0.101598429922807 -0.030002430759625
0.55872721047226 -0.315398744585394 0.0156679775427611 -0.0147268717233531
0.12873409938938 -0.607254621275336 0.0787016821169374 0.106800155977293
-0.388211833450003 -0.517530521813819 0.116729101910619 0.0898996021259839
-0.508436567834477 -0.111758000414199 0.117646345214547 0.00966404139772115
-0.423687824512192 0.157442960261601 0.117904713528667 -0.0378031597559803
-0.28892550487608 0.370668527596209 0.0809356670498987 -0.0476568017218649
-0.207350337613416 0.415325872962183 0.0807510939035551 -0.0370870578780854
-0.252544492104264 0.404121091521772 0.0695470954263272 -0.0347594558234274
-0.427778324783054 0.226723784497867 0.0720018617189462 0.0173398008967522
-0.503919328202907 -0.02696958487594 0.00633953948229927 0.0498453967471839
-0.480356377605105 -0.467279246347675 -0.0627449571360566 -0.0355771326802062
0.017526332515387 -0.666310529558949 0.074311110122389 -0.16520422454456
0.546563995526069 -0.38012488871385 0.198615523216224 -0.196421235915884
0.739908375364031 -0.0575746693891079 0.286956938300012 -0.0383326680676515
0.713524836354771 -0.0681106019749263 -0.165133103223196 -0.0573222720580758
0.599099748122367 -0.381971535504892 -0.137337757800171 0.0498987014213387
0.124917977588425 -0.673508417373535 0.06220187481568 0.126830868228049
-0.426395938427063 -0.554968689620611 0.0865692692102602 0.0532620569661596
-0.541017640971288 -0.127894442613885 0.00495441326741368 -0.0203438748336081
-0.4515622267154 0.148704993246725 -0.0294811875899737 0.0174832825290542
-0.314590545700856 0.367924453883318 -0.0420263287126637 0.0779973202767696
-0.2247158032879 0.410264147003901 -0.0172404025914028 0.109375895742267
-0.263188992021606 0.39244426796695 -0.0329488282039398 0.102345117948265
-0.427044650451252 0.21107949749557 -0.0505152852452819 0.110451720389454
-0.49432759232335 -0.0371498705841037 -0.113946713435809 0.0784901459349042
-0.468711353669711 -0.446683023656373 -0.1321555459064 -0.0395655597388425
-0.00655720186162498 -0.645415442461352 0.025335999403516 -0.151668389847393
0.52012625959652 -0.396402680172782 0.0755179016902089 -0.13459299339295
0.747223772481812 -0.0955271697303224 0.0177857659595752 -0.0494516938963427
0.642845044343856 -0.0989430775142495 -0.435316920140993 -0.0871573493744577
0.525302256733563 -0.376424857876028 -0.301279833431802 0.108472331671289
0.09619962856884 -0.612778477452288 0.018748708187838 0.132703363165853
-0.378422062021641 -0.482716074098181 0.0317066561432326 0.0142841964350514
-0.466158462002578 -0.118385411839131 -0.113916805222322 -0.0397884750482966
-0.396882951874817 0.116527753906229 -0.177488773910483 0.0754395534067968
-0.288342253408703 0.309357123942409 -0.160932876578846 0.193985690388192
-0.209835875153353 0.341925929211596 -0.112442095484994 0.239220328523186
-0.239522596460043 0.320025602872376 -0.128320913453125 0.217584192274301
-0.365025651806874 0.155486421647692 -0.162007596761413 0.178879717074373
-0.397704806081253 -0.0559162795606522 -0.213635243346672 0.084288039287111
-0.355026131940485 -0.366171661218989 -0.174275476624507 -0.0532240426579489
-0.000670487853412085 -0.510520042925701 -0.0101950956506185 -0.132247326187023
0.420390264165173 -0.325031373886899 -0.0197135473246808 -0.0607025396673253
0.634465039656792 -0.105552902799139 -0.22023906608265 -0.0418327070045987
0.462234470067726 -0.115947717717133 -0.662001392276862 -0.114475401858308
0.350668249765586 -0.298291903991772 -0.440659007991865 0.149907873513259
0.0473751413272979 -0.424842691000626 -0.0402050030262328 0.126870090141648
-0.253835364006732 -0.311721010629533 -0.0291978097282751 -0.013396826785824
-0.301829114322848 -0.0874217121491022 -0.20686286694029 -0.0439615648186267
-0.271322651108253 0.0627799110741417 -0.290459960064128 0.123900290354621
-0.213214765014855 0.200421050184667 -0.252345114625323 0.281946466674181
-0.161624814201724 0.222483687397093 -0.191114315846358 0.333509990763543
-0.184299713779597 0.202607854874689 -0.208041906516883 0.295530419568633
-0.25707794882986 0.0776601615761582 -0.249277905637825 0.206986836331489
-0.252654443720042 -0.0691302983426784 -0.276474840019262 0.0606612428121191
-0.193808476582381 -0.241957476979364 -0.180886635731404 -0.0781622946449354
0.013311062032837 -0.308713428354155 -0.0260359703704846 -0.114396999933033
0.270763117819509 -0.208117377789683 -0.0774047175824467 0.00269888185052274
0.437603966839527 -0.0981524497146043 -0.393234998653641 -0.0256814018706353
0.200085129365547 -0.115438768253444 -0.800994141131998 -0.129683467306496
0.115867197114946 -0.166395650903131 -0.527924254733552 0.176252717199095
-0.0130521047417667 -0.168094833413055 -0.0948781842521901 0.123450326244955
-0.0925727632510896 -0.0925384437573477 -0.0744837816193512 -0.019604512285323
-0.0890991768135802 -0.044383178359099 -0.25120354104686 -0.0322470460003499
-0.102666636593795 -0.00359536286692545 -0.347495630964641 0.156499728710744
-0.104268984389601 0.0565246233117525 -0.299418734452871 0.328674447366328
-0.088676719161817 0.0688999211027861 -0.240506827449276 0.37726693085996
-0.102650101270587 0.0607806122087987 -0.259864769979377 0.32542773542067
-0.119778140453708 0.000328247001691753 -0.305763609044288 0.19612900391291
-0.0914847426589334 -0.0617802344935008 -0.300733536362111 0.0156206780149706
-0.0412077627408182 -0.0923842741869618 -0.158968491978053 -0.105152041795188
0.00772219962444863 -0.100373824734236 -0.0307662050703738 -0.0975989513514307
0.0960624548792412 -0.0937073391761892 -0.105638745771885 0.0461350133037384
0.193547422373071 -0.0846613392406 -0.486046303549149 -0.00501607682284348
0.0861236944749156 0.0704950362799583 0.551664235173486 0.0423273307253839
0.0977482945560409 0.0149016436169288 0.21754956442747 -0.119126960242342
0.0473338348957167 -0.0839190875426676 0.00208854451996629 0.0663518913967635
-0.0671325609506172 -0.0917656325630511 0.0932546414999703 0.151226384618807
-0.091701137750574 0.00271250356443999 0.284701062540489 0.104661835458175
-0.0616674845416651 0.0589715765670752 0.386731603083454 -0.10289570013802
-0.0204004901836169 0.0924822212067912 0.346594557543052 -0.282664788693295
-0.0174665155990112 0.0987764022474345 0.322136335626946 -0.342875579828981
-0.0322356655212097 0.0980335028486356 0.347173671723569 -0.310228447937977
-0.0776881144235223 0.058105269219117 0.368309185493765 -0.15320213778608
-0.105182985688942 -0.00376569491532214 0.28987823353096 0.0208735098973591
-0.0737964009728378 -0.125356197755349 0.130144349232509 0.0216691352370841
0.0818704171883558 -0.105052981159887 0.172542430356102 -0.0819543057218402
0.112822563535583 0.0477094965017883 0.482518376073723 -0.0855252047290939
0.0512451428709099 0.100295487158283 0.823732005841475 0.284028626830164
0.330702522389777 0.0824810810516568 0.49438413886666 0.05710551198378
0.294948131101038 -0.0626525839256337 0.21157345254784 -0.093148833842598
0.121627130838859 -0.265585099628821 0.0364274231853019 0.0619387197724245
-0.156614118676961 -0.276143039980542 0.0937251735594622 0.132372396222763
-0.25099763571814 -0.0731118643691435 0.243859090326116 0.0987569936588247
-0.223235107531052 0.0829379762364001 0.341731731863667 -0.0768122913149111
-0.154567420294682 0.20671488803749 0.302372119422751 -0.226237436924709
-0.133795023820812 0.235817701634248 0.283841313766589 -0.272973084460228
-0.168368770187917 0.228112604657275 0.294818823311745 -0.254568101132652
-0.267146899492278 0.103243249713744 0.315723150958127 -0.117984162099846
-0.290723304794665 -0.070598429846916 0.235856882286762 0.0313414214347974
-0.209624335201901 -0.343332309718858 0.0995118528395007 0.0065347834259212
0.152540044111609 -0.358058793896312 0.173717236024682 -0.113783667407007
0.375148248728398 -0.0653916541799138 0.439897468859494 -0.138859585582098
0.383260072022974 0.128733552069089 0.731851766390925 0.187153263229833
0.543648113087054 0.0901864013978357 0.35564795127957 0.0379064248231699
0.481279955997739 -0.144695624305596 0.155181139728423 -0.0603426949545457
0.191176722060231 -0.441534660933624 0.0657501933928596 0.0694427740149833
-0.241281517587245 -0.452644534540513 0.101168664934423 0.106663660127546
-0.396229420950134 -0.14842328367797 0.182927368887291 0.0709561081465216
-0.36840866935214 0.0914354167223476 0.252157788103299 -0.050333127016419
-0.273790535210182 0.291350383071444 0.210677831173008 -0.139758000150199
-0.230663268704174 0.338929514358052 0.203251065690732 -0.162081118609449
-0.273187133020716 0.32685621504928 0.199180196749723 -0.157446684810704
-0.410588422608107 0.143759073872625 0.212217114651319 -0.0595983531223789
-0.442454257365477 -0.110562727350068 0.141355343619813 0.0416689300366541
-0.342452980184197 -0.501608887141516 0.0454339434805953 -0.0128772613310154
0.170543977174911 -0.571323284509785 0.148017736481501 -0.139148558948682
0.56660134848251 -0.19643828879827 0.34192301691178 -0.168477585525743
0.653978040414609 0.11742449429589 0.534092877689824 0.0830669997079822
0.690686869211558 0.0831465912009096 0.140055675635241 -0.0120276555110427
0.622483065174086 -0.229613378800397 0.0373336679165774 -0.0216637020743911
0.235468478277278 -0.594891972704695 0.0761813412885927 0.0852383917990169
-0.316751600484549 -0.585393391524664 0.0983054951162744 0.0701632722655072
-0.504601925508054 -0.201964423181276 0.0937725447612076 0.0269351261108236
-0.468239706634646 0.0916655672902101 0.11686591006806 -0.0200190028410644
-0.356638876337639 0.334667124964902 0.0801126873044046 -0.0333697681142309
-0.290795465220051 0.39150759209705 0.0911332896066743 -0.0260962889868741
-0.33127436920377 0.375409419580959 0.078148928572269 -0.0329222184401386
-0.487017915453691 0.163157045260729 0.0786649714536847 0.0174234061665891
-0.526403177735599 -0.126458805803028 0.0189293339845875 0.0566979205676779
-0.429671097417532 -0.5712704825332 -0.0257568810831 -0.0300152298678238
0.149708648142637 -0.69209515509499 0.0991252834147132 -0.148960162607877
0.651256252056369 -0.296646335340502 0.208670256191476 -0.157835358612945
0.807469173710943 0.0830356160874103 0.267336587995061 -0.00250053017972323
0.739080157069271 0.0570081001056362 -0.12927811644583 -0.0840296289095284
0.674284355147467 -0.289153698169932 -0.131436579140857 0.0209235843509743
0.243366654189253 -0.664885985857301 0.0563625458946337 0.0997904661429877
-0.349972043597835 -0.628420425260771 0.0714200819722248 0.0239624138130245
-0.536565391973208 -0.221659443885689 -0.0212575251475988 -0.0218709425829657
-0.496853003395314 0.0812229827489581 -0.0470343196764823 0.0152983846172803
-0.383497614634632 0.329397480701453 -0.069572822587581 0.0799494398544342
-0.307932526550825 0.384298956099193 -0.0342992025743104 0.113949977292443
-0.340377329193872 0.361088347831 -0.0503440675419695 0.0966505117577165
-0.483623262550545 0.147679916115425 -0.0631043114397961 0.0969650623955026
-0.514140682549944 -0.134691783237208 -0.110742424472532 0.0683630264217096
-0.419888102449412 -0.548288328650766 -0.0983232466086879 -0.0463179582109992
0.120842826462565 -0.675969165438401 0.0467503304024216 -0.143362174726635
0.624296945633537 -0.319426341604959 0.071686551412501 -0.112663379542872
0.820058222841199 0.0441816617099817 -0.0142967656949437 -0.0575994020737535
0.668143697152781 0.0171787894695489 -0.407742918655029 -0.15858988461868
0.601322789538113 -0.2943462684739 -0.316088933829212 0.0570312584517339
0.20343096396471 -0.607140930085052 0.00787778879198564 0.103475943474738
-0.31353558209699 -0.546087451624069 0.0214627275787638 -0.0194197420629098
-0.462880998586151 -0.196435167432981 -0.139758894631229 -0.0607475679096156
-0.436214611409262 0.057698488542704 -0.209036857494843 0.052834222571147
-0.347182303801841 0.273086520367289 -0.210887938203265 0.183347050104363
-0.279878411936883 0.318330610051227 -0.155044944921095 0.235994883141861
-0.302641725052968 0.289926478315437 -0.169003386895722 0.205898313249037
-0.41006576536631 0.100064013437263 -0.190861942021664 0.154856355250873
-0.409982531981547 -0.135568124533078 -0.219977649787607 0.0598294661514221
-0.315985634776132 -0.445882368212379 -0.148139314116725 -0.0691999743418758
0.0990465322566383 -0.531527619063376 0.0072430792175121 -0.130730782494152
0.503529615914082 -0.263559591085559 -0.033147058030277 -0.0542139745708049
0.699436336303159 0.00929796431939709 -0.260706105000911 -0.0874099184424187
0.483093925581037 -0.0294529694565683 -0.64461086235454 -0.223655560184402
0.40995239858327 -0.240188223967357 -0.473929463759106 0.0812678907961353
0.120893135540398 -0.424051563322527 -0.0556202989911649 0.0999193710162264
-0.21422836004886 -0.353810675626909 -0.0345052792139987 -0.0442707425684816
-0.299453236873475 -0.135670888710749 -0.226880388972515 -0.0792549222039338
-0.296253756951844 0.0250756410060713 -0.332654139253352 0.0862693670929909
-0.25117762131397 0.17420889312071 -0.317688696573008 0.261308357164319
-0.207834238497421 0.204718550355608 -0.251967145707457 0.322467167656555
-0.224681473269835 0.178163198550397 -0.263661332965736 0.27735783715322
-0.283795580636326 0.0382568822957833 -0.28776548010654 0.174685204401133
-0.254219342023416 -0.120106649500916 -0.286900073694889 0.025979059376336
-0.166375746717658 -0.286761843407799 -0.161387874538004 -0.0999307989092515
0.0736587321419996 -0.318450997981128 -0.0112914211922347 -0.11908995932098
0.321126065285008 -0.167446404699784 -0.0952659542283195 -0.00292139441599717
0.484651136671643 -0.0197300275722713 -0.433893440874892 -0.096233129368514
0.213512777126897 -0.0716989913126974 -0.795426130332998 -0.262676865860921
0.146918779695641 -0.143265691533339 -0.576628128287714 0.101002635479295
0.0145314955089853 -0.172182999857302 -0.116442419244549 0.103570655613529
-0.0832219602159008 -0.105442025992196 -0.0769430869996914 -0.0401722921040177
-0.0870856954252484 -0.0560902941215367 -0.263026857088807 -0.0738837657700028
-0.108703105967081 -0.0161901976853057 -0.391869686541829 0.110873887711705
-0.116464500262767 0.0434381118829684 -0.369326998109183 0.301538114790096
-0.103898670835576 0.0594205434746177 -0.31099847830428 0.362245054597358
-0.11577577963543 0.0461530524644153 -0.323067063948048 0.303656333985563
-0.126167112710558 -0.0187641370069921 -0.348571568318454 0.158069030197549
-0.0873657517895967 -0.0812519859789868 -0.311686003461244 -0.025376973235718
-0.0300317445925835 -0.10488092441889 -0.145708040655766 -0.129936662311889
0.0266973576192671 -0.103217103915304 -0.0193890300963687 -0.105291156355844
0.114702510548365 -0.0807398504536737 -0.122136796821344 0.0336332223201772
0.218852842130161 -0.0527714438692194 -0.522698616338552 -0.0845036901322432
0.0911508581084591 0.0652043723003127 0.562725776198436 -0.0110082313909595
0.101184116766444 0.0090132024936533 0.210491057371088 -0.139991631025191
0.0416261127884812 -0.0884202763517602 0.00858207661871273 0.0667253307939332
-0.0755200967088316 -0.0872130019622208 0.107043063045258 0.143209971748656
-0.0922690175615195 0.0110528645037673 0.296612445763888 0.0793291285795225
-0.0559397795794293 0.0651368515284853 0.381553793101707 -0.138950060699614
-0.0125442882957479 0.0955725805574066 0.32421780462814 -0.316418494943153
-0.00838901878658381 0.100443979120705 0.292398104343071 -0.377343647083094
-0.0245244051747329 0.101546015579681 0.322193152584717 -0.345580109109853
-0.0746667548717015 0.0653593178668146 0.359189149458697 -0.187616143281246
-0.105635565060074 0.00450950949989474 0.292959693182303 -0.00570624712358391
-0.0865526216350722 -0.119887839284066 0.132928888637673 0.0107077079352807
0.0727569767937547 -0.113775490069053 0.167113508320319 -0.0982495411352847
0.120014488750682 0.0385020646823452 0.479903949752174 -0.128939189886756
0.0596711767358982 0.0966365506545141 0.859205628478925 0.210519545643879
0.337982855751434 0.0545189171589265 0.507791128565119 0.00829344339582651
0.292688974168969 -0.0873337816334619 0.207699429595017 -0.113312066396761
0.0975604041011937 -0.276997397878125 0.0430525064210194 0.0583496532354601
-0.184056168345596 -0.263313370369308 0.106679414394045 0.124315336307625
-0.261221865562251 -0.0494948182504775 0.256167831842075 0.0779194957326658
-0.217152872406487 0.10515911909962 0.337524380464265 -0.108745637861375
-0.136893947914515 0.222690755877897 0.286763763008472 -0.2548971048106
-0.11135983659412 0.250329375986312 0.260938354256375 -0.304290895546049
-0.149187866417235 0.245099403900407 0.275102285308198 -0.28360345752058
-0.261442034809207 0.128390829843493 0.309774711222183 -0.147146070775184
-0.30006181729733 -0.0453281536556236 0.24144720042967 0.0102780313632766
-0.244346465604054 -0.326647741168302 0.0988859549782481 -0.00185316362869848
0.120165437262811 -0.374777532948869 0.16457927351942 -0.13257097988355
0.375244237259119 -0.100128239123536 0.429878314070823 -0.178746041378165
0.397338197733097 0.0958084716646858 0.756676932994452 0.121067692611257
0.55302313250687 0.0422146586472884 0.366088901680059 0.00166754692650675
0.473839053032451 -0.187306762626942 0.153354494971044 -0.0756067357666793
0.150091032967041 -0.460706148983844 0.0740554320747028 0.0626590440356873
-0.287039660680776 -0.429506254007596 0.112581960428328 0.0973515920507337
-0.415652259354984 -0.111466113269523 0.192429527004739 0.0557046331437863
-0.362525030446974 0.128382971479872 0.249131505935146 -0.0731358169765951
-0.248299504704264 0.319212303018243 0.202996308388267 -0.159894039051933
-0.197878587705359 0.362910365951766 0.191177088233251 -0.183720883133245
-0.244606995688312 0.355000825146896 0.188004488969194 -0.175805227067289
-0.40328703419416 0.183451597302303 0.211047024267105 -0.0807726794131885
-0.45657782521639 -0.070657877256919 0.14822276560926 0.0295879655285084
-0.394018115417843 -0.473537430303574 0.0420807535275292 -0.0166344654783193
0.118326987934223 -0.591509151702533 0.135895031066807 -0.158318739796439
0.557321374394106 -0.246709006344364 0.328452959548705 -0.201431278291573
0.667088030693044 0.0591629050830874 0.546096638173513 0.0357831218022986
0.700863346556544 0.0210368791929703 0.143830901962491 -0.0281205167834997
0.60880369260583 -0.288427311793841 0.0373235734139339 -0.0254554067053951
0.181361465859504 -0.618509453913494 0.0861266695566601 0.0778570609629285
-0.376846389329021 -0.556770679995742 0.107749666979611 0.060541987093882
-0.529455895726179 -0.154702632041163 0.0988822495193551 0.0191930717891324
-0.465321070323527 0.139908714382923 0.116511065319152 -0.03093987107392
-0.327972117373588 0.371032289148239 0.0818857799047181 -0.040057313147234
-0.252609759515626 0.420701131101238 0.091114804768815 -0.0359822962352629
-0.297990753702118 0.409348782578664 0.0775089877460323 -0.0384951592253907
-0.478100994828494 0.210111604565694 0.0827119893435444 0.00987033804334064
-0.543071279899468 -0.0798319033591837 0.0258788198581744 0.0555875485099802
-0.4879980585998 -0.534562362559917 -0.0322357669877933 -0.0280717831519583
0.0843031601231944 -0.709125478769606 0.0868138268088788 -0.164862377777268
0.633319585441665 -0.355929853530339 0.193438016223745 -0.179837295746056
0.818608250607433 0.00853342649309861 0.268462201359607 -0.0244930829841885
0.748775610131481 -0.0082902194043506 -0.135287666880812 -0.0734459444055598
0.65578855959565 -0.354348255861456 -0.129729667812713 0.0333692124114756
0.181539281329943 -0.690684144600801 0.0681644715607555 0.0942133303173769
-0.4172636378928 -0.5954330274664 0.0769595491824942 0.0168506851210028
-0.566904282416096 -0.171284874817838 -0.0220060041279746 -0.0197623525003005
-0.49591966543083 0.130197648488677 -0.0469614071085077 0.0198206012535403
-0.355729620543177 0.367858743646659 -0.0579956310244237 0.0884125969570401
-0.270963877500121 0.416030138313242 -0.0219516557323371 0.117627490275809
-0.308040867572506 0.39640374309508 -0.0402931480013414 0.104572812561693
-0.474906402263876 0.195866606641225 -0.0537392508025368 0.102478103134564
-0.530723340114943 -0.0892056654555351 -0.104050295296302 0.0794005971063527
-0.478591764069657 -0.512260869727595 -0.106041686624888 -0.0371819532473629
0.0568708736279876 -0.688261402307218 0.0330564442181869 -0.154726741576838
0.604867303674094 -0.376772462059058 0.0589401483626592 -0.121776494945611
0.826151303989809 -0.0310685947011438 -0.0213541298459252 -0.0533990298641611
0.675316067603906 -0.0420531112253443 -0.424332416645869 -0.123112008196572
0.58163911515165 -0.35399679640673 -0.313387170548738 0.0878132464936458
0.145527876214595 -0.629889458994631 0.0194888589307763 0.102105442595721
-0.372505161644718 -0.518774180747889 0.0229018874002434 -0.0229427264539752
-0.489558627040925 -0.153006203892096 -0.144898040542049 -0.0482201920878878
-0.436384111962551 0.101731943777294 -0.207103535696047 0.072370561285753
-0.323866815834231 0.308658941092729 -0.191523868753023 0.205333305451708
-0.247471076890067 0.346986562228792 -0.132018720018624 0.25279592953036
-0.276532752997474 0.321020288075651 -0.150393208308387 0.225505135868221
-0.405033627643355 0.139688970819841 -0.178637569101627 0.172595567293254
-0.425955712440506 -0.0975908914234558 -0.214081812882982 0.080202188863937
-0.361723308514457 -0.417979762839948 -0.157911879831352 -0.0561756673214447
0.0481699874796436 -0.540529056174197 -0.0054117323268379 -0.138402121692659
0.48370897617269 -0.30992794605277 -0.0412453277329152 -0.0535371527301715
0.702676618592049 -0.0538636019445693 -0.272498497331861 -0.0598496897206676
0.484375681724695 -0.0746143202850927 -0.669858241356473 -0.166489936623344
0.393161718819529 -0.282890538448206 -0.471870502319845 0.126928631611881
0.0806199319276376 -0.438518582917897 -0.0457703748162446 0.104776620061079
-0.253419926590356 -0.33461953178762 -0.0364322110406803 -0.0422746103410444
-0.317583557159192 -0.108321156601371 -0.236127977574511 -0.0594854350774322
-0.298038243953929 0.054596105930891 -0.329053869326725 0.118440780062766
-0.236681974721299 0.19896318403533 -0.293627220828246 0.294599874692819
-0.186576596495602 0.226264920434546 -0.222430914879557 0.351278451725678
-0.208376289348339 0.201086376913266 -0.239208027770126 0.305941787359097
-0.282262237030031 0.0656165571514562 -0.275518817019561 0.201803798072592
-0.267775506907577 -0.0968789936115859 -0.286287833490305 0.0521482980725483
-0.195187796722567 -0.272815515535385 -0.173680316051253 -0.0863310122100867
0.0440904003887977 -0.324924660006273 -0.0241040177811934 -0.122835653746479
0.308770510519932 -0.197142301002122 -0.0985646460613444 0.00360316858915313
0.484834824287279 -0.0635721696483354 -0.448764813082776 -0.0531598404454365
0.210159164528665 -0.0924822323093402 -0.829616558838461 -0.188660478501979
0.135773459889582 -0.160604698698168 -0.575929565573717 0.156730946068792
-0.00307177969554184 -0.175700750582653 -0.107821764711162 0.113921817029183
-0.0957549179406693 -0.0965370384502758 -0.0797079276976985 -0.0344599048574848
-0.0951081865126415 -0.0482716300343301 -0.272796804161141 -0.0508478102067425
-0.112859896026558 -0.00510087446174374 -0.386624527988094 0.148817195560702
-0.113114476160798 0.0544092559596587 -0.344478532580505 0.339521967621206
-0.0964754866792675 0.069747169931976 -0.279256538381124 0.396345527514766
-0.11005261951833 0.0578582656731044 -0.29893476543403 0.337878643554359
-0.128415009183629 -0.00602473614640693 -0.337747669683245 0.190356813404238
-0.0958974044977458 -0.0718980282973881 -0.3160778003831 0.00138459895737619
-0.0409719500743074 -0.101066051074483 -0.159346623733472 -0.118065945585281
0.0170942447927721 -0.104867076296639 -0.0299710178419826 -0.106301750273994
0.107706174501277 -0.0916877142730665 -0.121496767803467 0.0427542868355613
0.215909747124498 -0.0727467798636369 -0.538395005424185 -0.0330329227180412
0.0918624726901339 0.0592285528697429 0.55138176497995 -0.0533306562849854
0.100404996399951 0.00448585170377073 0.197254091985991 -0.151219620211123
0.0360917488244423 -0.088201449102066 0.0135741937691461 0.0645713327252222
-0.0791389809468957 -0.0804361134758468 0.112752888547963 0.131140383664204
-0.0893198816159501 0.017809865254787 0.295117375132829 0.0571775490301486
-0.0487263476116066 0.0678300541833166 0.36223300844601 -0.162410751329029
-0.00615980395049817 0.0937222643768043 0.293905844447521 -0.329956326509606
-0.0012431446307782 0.0979781582129608 0.25738259878253 -0.390502745344687
-0.0170351083399757 0.100234093016411 0.289598101882005 -0.360492961336213
-0.0688284253999639 0.0690075948835535 0.337866157325825 -0.208236352199778
-0.102220441903913 0.0106895649762355 0.284460852005264 -0.0246462193968809
-0.0925202552420924 -0.110785042578016 0.129028945816854 0.00167160070830772
0.0621849100287434 -0.116041593014942 0.15588850374143 -0.106940526139094
0.120120217180695 0.0288799701122478 0.45765228619625 -0.156855615512369
0.0641337900118965 0.0899931451004049 0.849843712642459 0.143055610131942
0.330080975825438 0.0326784496005095 0.497705661822616 -0.0311844724243292
0.279422495775864 -0.102772432768848 0.196608211845846 -0.125460566074363
0.0760856177042136 -0.273694986385233 0.0463913644240049 0.0527142454018776
-0.198706067218369 -0.242198024014759 0.111996753717137 0.112206411046162
-0.257526333416489 -0.028810081811386 0.254879627949732 0.0579868961239831
-0.202301834973141 0.118307441427772 0.32111885334862 -0.129095566436184
-0.11741226371158 0.226987576602315 0.262750929969277 -0.268508666270023
-0.0893767939840733 0.249942364763932 0.232593917948823 -0.316602405875013
-0.128390013389595 0.249585106940274 0.24935543505439 -0.295230808156268
-0.247168747723112 0.143191188313273 0.291916137822303 -0.165379751885799
-0.294669496939866 -0.0240106994254599 0.236612223071645 -0.00593227816930887
-0.262240213631349 -0.300791029354248 0.094917481043757 -0.00759027580605235
0.0892686813483188 -0.37208646329229 0.150865364533241 -0.141992627334767
0.361381423621564 -0.122653527835347 0.405619345612926 -0.202879017383531
0.389654482085992 0.0650793398652166 0.743951339705886 0.0668195217577569
0.537028970046689 0.00491841109585026 0.358601874418396 -0.0271138669547673
0.446610282623144 -0.214108416256506 0.145902561225508 -0.0850836318678171
0.112680433730196 -0.456077941626102 0.0772143036825832 0.0542923602139906
-0.312770085442734 -0.395133393947525 0.116834548717191 0.0851736002335094
-0.412198555068582 -0.0764581659060696 0.192405560459078 0.0410721323602611
-0.342467141272977 0.153116109656348 0.237887487987217 -0.0886480972636615
-0.219229447051136 0.328586415768791 0.189944045872633 -0.170039981022154
-0.163191855422067 0.365231177691632 0.173059251555713 -0.194596343546375
-0.21269911290725 0.362331493361553 0.172679141524931 -0.184071877495171
-0.38102611544719 0.207470749839642 0.200744164779854 -0.093769671576102
-0.449569069864472 -0.0383627605900611 0.147788082811245 0.0185859446105311
-0.41776980912818 -0.431839069309253 0.0370817133689946 -0.0179671510982267
0.0733090056406954 -0.58050381013542 0.120140570516931 -0.167579725056035
0.528241647323246 -0.280229505061218 0.303079822513267 -0.217802173800401
0.649752181951229 0.011759634164409 0.533635521086377 -0.00205305922821471
0.680763548348462 -0.0251236263350933 0.139884101854456 -0.0406645933378587
0.572157862535281 -0.321265225513224 0.0368517457387329 -0.0284276110680127
0.130582106675223 -0.610389109038218 0.0901324201979668 0.0674399618567756
-0.410378188162756 -0.510496127929445 0.110126435821825 0.0497636565527089
-0.529404757231493 -0.110126600215073 0.0994969321231243 0.0122541502138649
-0.441374772525335 0.170603568834236 0.110897717823 -0.0385491256850291
-0.291694406060578 0.385429319806768 0.0813713950981313 -0.0456509020954877
-0.212602844321712 0.427176783921059 0.0875504788827044 -0.0429002766964105
-0.260345773762153 0.420580306257372 0.0752100023161949 -0.0417500836310813
-0.451133816201434 0.238380668406661 0.0815970350292504 0.00241288452268297
-0.533884787519411 -0.0403364345942969 0.0313822520025438 0.0519175883521097
-0.515392334264746 -0.484305616429596 -0.0356908025935684 -0.0226443740104169
0.0332496268127901 -0.69198642078732 0.0708263726644457 -0.17182196095165
0.595426026464196 -0.38898801680159 0.172772088815786 -0.188544785321748
0.791694453319816 -0.0466532938013124 0.259335762914599 -0.0393543227994792
0.725702353997519 -0.0591476580340333 -0.134624427555294 -0.0629394281291819
0.614302460786659 -0.390976626729147 -0.12252940537149 0.0409260588858583
0.125064795927184 -0.681261888997403 0.0733398193132516 0.084803093926901
-0.451349644015072 -0.54766228228658 0.078451198336001 0.00994290316500513
-0.565805207541859 -0.122995374139607 -0.0212238459946352 -0.0169438530642591
-0.473878501485933 0.165237961678761 -0.0440156352715636 0.0220289427345363
-0.31926264398624 0.383083747526395 -0.0455011772639361 0.0892277795046974
-0.228621784651384 0.423490943523188 -0.0113001777649831 0.114983125121033
-0.270004438466037 0.408054521729003 -0.0291755050221713 0.10625142165127
-0.4503673211807 0.224755402889452 -0.0448135645434051 0.10263848076371
-0.522227785452502 -0.0483600151338296 -0.0933345918047786 0.0832976191533853
-0.503534049481748 -0.46373355539852 -0.108794009030514 -0.0268460783923375
0.00670134559897674 -0.668052600343469 0.0197314395511931 -0.158537052619825
0.564684460804639 -0.408708364243198 0.0456492506158734 -0.123302009481037
0.796533238384783 -0.0857471225294741 -0.0254374418743472 -0.0462998857051386
0.652661131774305 -0.0880172625156109 -0.41976790053914 -0.0898733156960234
0.541675820427137 -0.386559864950902 -0.29818417043841 0.107389118192296
0.0958902925548399 -0.621193957286481 0.0267531890686084 0.0966164068762374
-0.402478408157433 -0.473809537126937 0.0227470385557902 -0.0245486419376506
-0.490390358152569 -0.11157991721236 -0.142904730831845 -0.0366413666649914
-0.417700927729304 0.132814678177593 -0.197621063287299 0.0847592789328594
-0.292658242829972 0.324095116235759 -0.167714959304326 0.213166410085872
-0.212126230796122 0.355368263322846 -0.108729798613561 0.255925386963773
-0.244436786110083 0.332452673158993 -0.128299440211042 0.231717992072676
-0.384027740898713 0.165223774272748 -0.161547315617544 0.179699480798933
-0.422110832856085 -0.0642618966548829 -0.200279872266433 0.0923473687108144
-0.384344499334872 -0.379358700458039 -0.159906057436235 -0.0419906488361846
0.00949613337868429 -0.52551246271859 -0.0174427518723785 -0.138900595676763
0.453467678707478 -0.333751104191532 -0.0472759982569203 -0.0506193217999803
0.676055316850051 -0.0991689055952001 -0.270752677053372 -0.0350164967731603
0.466305292045373 -0.106377190123648 -0.66148873089678 -0.113233308114119
0.363110394491602 -0.304133699113368 -0.449602607279065 0.157870731822111
0.0446608952622555 -0.431839323834905 -0.0367367892400386 0.103172258084851
-0.272956672719417 -0.304267134979418 -0.0369051595333974 -0.039853528119407
-0.31944799614027 -0.0814493417841421 -0.233408629995636 -0.0417106723159219
-0.287486472397684 0.0763076893694448 -0.312380970752713 0.137819084553041
-0.215800184806749 0.211144022085428 -0.261877344748963 0.307818145391305
-0.161680931332474 0.232595166477665 -0.189975007937571 0.358293299002654
-0.185933937286764 0.210393584501457 -0.210558192116886 0.31708813298978
-0.270587109657036 0.0844593170300755 -0.254872858491764 0.21458765019541
-0.267745014324293 -0.0742190413098013 -0.273001289081805 0.0695722655884823
-0.210807628615137 -0.248677437415716 -0.176158581205951 -0.0709434065459886
0.019890900663357 -0.316332045207568 -0.0337630720142542 -0.121000806548484
0.288269429100124 -0.212237581528279 -0.098136948769975 0.00855242035290613
0.464901948653176 -0.09462323162468 -0.442282379469643 -0.0153843457220706
0.198827186341468 -0.105257090183954 -0.818391490861565 -0.124729453592223
0.120324809177521 -0.167821883740851 -0.54986327422161 0.192367021862381
-0.0171423097728187 -0.170402992922892 -0.0966812679861409 0.11687445769988
-0.101334636788884 -0.0846032090776347 -0.0791120259605485 -0.0282014877423727
-0.0972894002931216 -0.03981627625602 -0.269211464801525 -0.0312899104253985
-0.111121152369082 0.0041398384247911 -0.36728407470441 0.171212077145094
-0.105724969529754 0.0610637856700673 -0.309803142561509 0.355080244893007
-0.0863779742030463 0.0746661546617835 -0.241124955934272 0.407209675452891
-0.100600167635737 0.0644534653240993 -0.266315721736849 0.351419734320429
-0.124816795935405 0.00444811615387591 -0.316836118068087 0.208435916131542
-0.0980884024800373 -0.0616410209481889 -0.306521386343868 0.022431734212423
-0.0477716849776021 -0.0938931680003472 -0.163683983636447 -0.103957440337773
0.00858096333043128 -0.10149240454751 -0.0379208075163681 -0.102463536612305
0.097823116965403 -0.0960546468532013 -0.116629743759445 0.0482865716460894
0.204870862957915 -0.0852307331736337 -0.527817774723904 0.0102418019777866
0.0892398524547356 0.0561305019907664 0.530027003255319 -0.0748893148595244
0.0997504873405881 0.00254798462845519 0.18708729042721 -0.155139499861667
0.033141331646438 -0.0859301836231503 0.0155051153678537 0.0617116713131491
-0.07895777077406 -0.075326528112777 0.112090030104225 0.122499650196715
-0.085424329563689 0.0197769540203266 0.288071456447517 0.0454657691205051
-0.0441560475463213 0.0674358841042911 0.345479157421624 -0.169875991982928
-0.0025052856091667 0.0913805875247625 0.27396400260133 -0.329965410355072
0.00223589218475841 0.0950245839532447 0.234708913168216 -0.388126164516722
-0.0143763372053018 0.0975416809838509 0.268269878514992 -0.35955604787638
-0.0653947090237227 0.0690949919104249 0.321073131870927 -0.213175027134416
-0.0981969992278061 0.0124694963242388 0.273672791336797 -0.0330993356818166
-0.0932927030938928 -0.103786778716063 0.124005559959059 -0.00254303906835211
0.0558662995597075 -0.113803738227023 0.148025923354405 -0.108433916332675
0.118069303083203 0.0234713898580628 0.439347593191231 -0.164387344314575
0.0632720126778965 0.0852737591712413 0.828044650285515 0.11122191988269
0.318874009670938 0.0222152823727165 0.480840839150222 -0.0522494216266014
0.268700864836459 -0.107113043762715 0.187137943147215 -0.130084396620933
0.0652382059754821 -0.264910423766314 0.0466048007119824 0.0485929115229219
-0.20122419323485 -0.225543244173898 0.111028742980159 0.103871052859517
-0.250989708452053 -0.0182982044353653 0.249730399537538 0.0477671399013098
-0.190963721797354 0.121968378540402 0.307728822949197 -0.136644782276701
-0.105853309135763 0.223899413977522 0.247487564231635 -0.269695605516789
-0.0761087102049512 0.245180474106799 0.213891131218924 -0.316893645787712
-0.116003360358322 0.245844663921239 0.232959787785638 -0.295276763731368
-0.235552351404273 0.148090771414081 0.278483288527328 -0.171546957619361
-0.286637669107394 -0.0145221504898417 0.229113690408952 -0.0143751831487903
-0.264797350980632 -0.281663293590337 0.0897831264775659 -0.0101911297888783
0.074781671571179 -0.361072243791365 0.140339360888388 -0.144714240892562
0.347991362549465 -0.130745087083263 0.386086579913978 -0.208399188070556
0.377675633501425 0.0505838380196837 0.721610674941961 0.0383834712260651
0.518527080908586 -0.0106847825822584 0.347359107591199 -0.0431669990527529
0.425536409149822 -0.219055554990594 0.139587453030586 -0.0894060227017658
0.093850492137795 -0.440686415776977 0.0756668902516301 0.048351048315133
-0.316174315360004 -0.368687014285368 0.114969980205453 0.0774470385191565
-0.403044152029584 -0.0573378182716972 0.189500174024453 0.033185749931198
-0.325387103651093 0.159667088189537 0.227342686624773 -0.0944078201191333
-0.199839001189275 0.325585659495318 0.181142827232912 -0.172417593592596
-0.143217673555655 0.359177234870763 0.161447856293175 -0.196392502917798
-0.193117594193747 0.35909902822023 0.162791958774109 -0.184356609597991
-0.362971633530968 0.215402366019101 0.192132174677137 -0.0987078012567186
-0.437488521476246 -0.0217857661337327 0.145059091794947 0.0117821291325295
-0.423237091524367 -0.402992669979391 0.0343140210380452 -0.0171456473771271
0.0519181066765693 -0.562253719513201 0.109828454678806 -0.169953231243355
0.506261739437102 -0.286877614860889 0.283959940297223 -0.219044547200274
0.625772790903379 -0.00885568497225179 0.515005825908394 -0.0192231355244481
0.655458743661135 -0.0443626379722919 0.135903585431234 -0.0459621856907526
0.544050133735496 -0.329735836903383 0.0359477389803965 -0.0306852534380159
0.104014276188401 -0.5903560811035 0.0890347300026217 0.0606542573484146
-0.41643613784429 -0.475391959061874 0.108690847030225 0.0434755796118402
-0.516863098168288 -0.0849516498295672 0.0987304232661315 0.00857792059690218
-0.420206024998559 0.18161025046304 0.106494491620161 -0.0417968578704027
-0.267617384957482 0.382953043395712 0.0814820499415877 -0.0484278830227223
-0.185849644078409 0.418768866741132 0.0841552043966387 -0.0458384107962398
-0.23619739179112 0.416747477630201 0.0740286966094121 -0.0430678183315206
-0.430439471660221 0.247390623389123 0.0792976848871769 -0.000968959568781002
-0.518834624066572 -0.0201344718083286 0.0341798627606743 0.0479329331337161
-0.517027123592361 -0.449351449304348 -0.0375344291694723 -0.0195085014254908
0.0107254670489208 -0.667514271670084 0.0606246681568149 -0.173917250886595
0.567814823341626 -0.3962703186342 0.158224223037702 -0.186844120388832
0.760766385777368 -0.069797438260935 0.249909579045206 -0.0440788490660941
0.700193695683654 -0.0792140858537886 -0.129894407541998 -0.0576737941790648
0.581699413494967 -0.398290870198801 -0.116090258955646 0.0425111171528157
0.0958521368392742 -0.660245632096299 0.0733266467939897 0.0779339898285694
-0.457940381402888 -0.508531155810141 0.0771875148259165 0.00610023083061935
-0.553623124501766 -0.0965103630363994 -0.0189305650966458 -0.0150302500667643
-0.452244382569458 0.178473203531921 -0.0419521468374402 0.0220090551805435
-0.295014773141258 0.383882666258129 -0.0366960204073161 0.0862936306688161
-0.202504995252212 0.416336257641297 -0.00568474277278313 0.110980433964377
-0.245596507195389 0.404289638696126 -0.0226153763343791 0.103579849989256
-0.430021370073201 0.233892551853279 -0.0399536469705383 0.0999157745229433
-0.508903716925166 -0.0280312269016501 -0.0851151592260496 0.0825498771608267
-0.505668408736147 -0.429208749260272 -0.108748217389041 -0.0209667172969282
-0.0159308619906628 -0.642922140491813 0.0107279420350916 -0.158786614401462
0.536767031633772 -0.412461274260067 0.0375627500927714 -0.119913529076916
0.763202868957862 -0.108402031322412 -0.0263962492529539 -0.0403436422506223
0.629928745287241 -0.105747902764545 -0.405753458225547 -0.0723880219120298
0.511349595478256 -0.392244369774248 -0.284599718150194 0.114301693094295
0.0683347455324279 -0.601471083789824 0.0283556907378706 0.0908679211519665
-0.409257817091788 -0.439592810060154 0.0226128492472786 -0.0251965278316934
-0.480728648377032 -0.0898991137912973 -0.138066009101187 -0.0303914805642878
-0.400265307081914 0.144977324960066 -0.188625014268759 0.0883196126506672
-0.271440938290119 0.324279753815625 -0.151996614543159 0.211282951877214
-0.188443217087428 0.349669017298876 -0.0945878223267838 0.250837078899249
-0.22242032648038 0.330509287268313 -0.114168117067277 0.229260508638904
-0.367567822527213 0.174207431657113 -0.150742333655486 0.178669180129797
-0.411442973075793 -0.046513639997222 -0.189272116531569 0.094833211775743
-0.386710738450303 -0.350744238831919 -0.157619813926104 -0.0339115992654514
-0.00715012665335808 -0.505543571092298 -0.0245246184933262 -0.138096140289353
0.430028261135227 -0.33613672400068 -0.0498832991732968 -0.0478841790520496
0.64621137530608 -0.116362283979719 -0.263597303626954 -0.0201898298915347
0.449097483470815 -0.1178556580756 -0.642311134260187 -0.0849736353468201
0.341890478688592 -0.308470817706405 -0.430914823787531 0.168854623796891
0.0267030453309651 -0.418377447747768 -0.0327278653035248 0.100239224148665
-0.277531859651617 -0.281222328529906 -0.0351502058879173 -0.0380549673141339
-0.313470280210402 -0.0651571165035359 -0.226546489996297 -0.0321997764152894
-0.276458275300251 0.0848248545057941 -0.298844977828859 0.143988260313292
-0.201397698311388 0.212380890292293 -0.240725442254107 0.30639641722061
-0.145325237840211 0.229786664979692 -0.170254326841624 0.354068169010925
-0.170551835596143 0.210387405984306 -0.192078894266371 0.314576895659076
-0.259040530129687 0.0915054310877029 -0.24088071509413 0.216466037902717
-0.262219204561456 -0.0616411962309901 -0.260579026623266 0.0750547139047696
-0.21424885448136 -0.231987926313831 -0.173935585451664 -0.0616078762132307
0.00855595888153884 -0.304316732544812 -0.0390082873509416 -0.118307989768543
0.272737661713683 -0.214415356115629 -0.0968354551333142 0.0105242129399288
0.44464180963168 -0.105459974560435 -0.429355266312725 0.00550461196530613
0.190186700759111 -0.109441393350989 -0.794751928313231 -0.0910272840807241
0.110609706100546 -0.168190585891555 -0.525870973609874 0.207265791749359
-0.0242121967386966 -0.164398193250337 -0.0904203307882895 0.115826457528947
-0.10164033335393 -0.0764641969127241 -0.0759838635196453 -0.0254902307926447
-0.0965853591375138 -0.0348433286394367 -0.262124198075745 -0.0208712054201152
-0.108400041444932 0.00873958276880171 -0.350160154481156 0.178582982774921
-0.099551213663433 0.0632146915882775 -0.287223389704845 0.35579565091409
-0.0791356291920311 0.0744255426336039 -0.218434284629283 0.403461286353484
-0.0931305531501951 0.0659215875993526 -0.245361999454708 0.350171288334715
-0.120695149675487 0.00916707636857273 -0.301041895187563 0.213417520891148
-0.0970953479313933 -0.0545779623310706 -0.295572550014726 0.0315395144507327
-0.0499373706298287 -0.0875374016118342 -0.162977233466957 -0.0940579529539278
0.0050485972685562 -0.0983175123090268 -0.0417970324079514 -0.0985389585536754
0.0913130523253098 -0.0957787059302564 -0.112672003234239 0.0488986544131164
0.195500582381653 -0.0891088176362043 -0.512015791598004 0.030572254135127
0.088212206672954 0.0565409706128761 0.523083751502338 -0.0845428958893677
0.100585039630297 0.00329191759577585 0.183812329852529 -0.156896380636026
0.0339894026488345 -0.0850362561414634 0.0166070524454075 0.0609423043636635
-0.0792213269524159 -0.0743678852564377 0.110239668839439 0.120290459848528
-0.0844521230760618 0.0209790502319589 0.285171689923276 0.0415426467338645
-0.0417063493793349 0.0668131337787328 0.340609546119414 -0.171928994367197
-0.00107323806954952 0.0909728388428333 0.267539877699337 -0.330183032941513
0.00340637953524085 0.0940917421461007 0.226311525995919 -0.389131708584487
-0.0138726589198053 0.0973437484980093 0.261945595011157 -0.359946332807357
-0.0651072359753851 0.0692858330236162 0.317055418886269 -0.215249480676539
-0.0972799771828806 0.012549032082224 0.27012984150051 -0.0349943573949803
-0.0933719513236968 -0.101853035425727 0.122195676387026 -0.00383565563454513
0.0539032681433032 -0.112137535196469 0.145828238984357 -0.109506743224155
0.117740139326412 0.0223356156861971 0.434740128686523 -0.165304410940639
0.0622276714237722 0.0837858741737765 0.819502866257185 0.0984655376067718
0.314206941064643 0.0209934911923596 0.475658313464253 -0.0597358528633813
0.266140229150965 -0.106746450289771 0.184567463563871 -0.132687860768043
0.0622729587539175 -0.260348446918526 0.0462679406486767 0.0473720676854041
-0.201874407803709 -0.219015176666034 0.109647846269772 0.101146717303927
-0.248831435270132 -0.0134009174937372 0.248163430055937 0.0445660290215441
-0.186196105411908 0.122615362969887 0.30302665321083 -0.139031351555074
-0.101252925018103 0.222528215110524 0.243120182443337 -0.271287769722144
-0.0714258726392221 0.242648455357547 0.207070312918919 -0.318370654099433
-0.111792262979231 0.245746028437721 0.227061011376414 -0.297037702036448
-0.233596192837829 0.150177814606841 0.274947303103725 -0.173167204345626
-0.285016819158653 -0.0120674164013686 0.227349396825136 -0.0168620075905611
-0.26583196434172 -0.274942334961139 0.0878290513747625 -0.0103153149363526
0.0708837838247275 -0.355941507335955 0.137224087878577 -0.147175296301858
0.34517277778887 -0.133149340505787 0.380042665987984 -0.207418425143014
0.371126087053978 0.0473547283597342 0.712760552164596 0.0324393901681051
0.510815725107605 -0.0138473029067801 0.34363198167293 -0.0488844945354595
0.419601348587844 -0.221138210049955 0.138046748086013 -0.0921908763022281
0.0874236187274463 -0.432546460192318 0.074533428584546 0.0467109571386142
-0.318237100523074 -0.356231801095144 0.113913175768821 0.0750651059150696
-0.399582333644419 -0.0501554026100213 0.189369178486685 0.0311151725419645
-0.318773076797269 0.162388009194308 0.224643071539241 -0.0970508007905302
-0.193181363040213 0.324950818602215 0.179712136552534 -0.174969503282323
-0.134721339243119 0.35643663357927 0.157163461789062 -0.197803183566788
-0.186281113295305 0.358454123480296 0.160626110804246 -0.185829834428115
-0.358482527186375 0.217725366500862 0.189167141436438 -0.100399090013874
-0.433929486928062 -0.0171714890117066 0.145478145718594 0.00963786193519887
-0.423824397250322 -0.391914946595678 0.0317970010963005 -0.0162886279966816
0.0461911826841823 -0.555114395475765 0.104547298971786 -0.172430133121909
0.500610778006161 -0.290586880870572 0.278414135931386 -0.217674817652502
0.614340890078508 -0.0127562912210486 0.5103161749321 -0.0236047920265194
0.646420748480069 -0.0504945061778225 0.135180553354971 -0.0490913132744142
0.534665916463443 -0.329505028024261 0.0360661217680305 -0.0328169125054055
0.0946746194928754 -0.580861956170828 0.087422373811912 0.0583763615571628
-0.419177596850364 -0.458143339472405 0.108375568255058 0.0411024524324881
-0.51355889720609 -0.0748254039117682 0.100237524471523 0.00827115737280672
-0.413839724183584 0.185022268187994 0.104869739601494 -0.0437783397212683
-0.259326995248916 0.382753405806834 0.0833091762357226 -0.0519370130676281
-0.176330682687958 0.416435980089453 0.0828314217419565 -0.0484593588202843
-0.226732346517104 0.414883080108849 0.0738920375627184 -0.0449418801583328
-0.42456048316782 0.25215324066607 0.0791502392608138 -0.00250266927075039
-0.514472573176535 -0.0140946221677663 0.0361466688533797 0.0454842797857252
-0.520337560919519 -0.437996888620438 -0.0390970144626734 -0.0161489229475239
0.00269648279931628 -0.657618891956584 0.0557322867998825 -0.176823620200227
0.561313863975671 -0.39908403655662 0.152965404649475 -0.184604715530967
0.746678883791901 -0.0743262253031825 0.244898258226715 -0.0439991612379635
0.689480726156418 -0.0837831264984857 -0.126559656951076 -0.0563381069077131
0.571003136794136 -0.399213788590639 -0.113521458177578 0.0421289486663633
0.0858223228547894 -0.651262827585917 0.0721995254442716 0.0755557813554664
-0.46194303853231 -0.491222635626207 0.0776171258727886 0.00465345650064935
-0.550055335328102 -0.0857583886024568 -0.0164016528025956 -0.0145792897673673
-0.445509439562974 0.183328984156808 -0.0414903179753041 0.0207542351259139
-0.285421477174964 0.383256192543743 -0.0316736237774304 0.0832243292525766
-0.1916344218346 0.412466113531534 -0.00355043854494958 0.108766995657519
-0.236050113515433 0.40353170528206 -0.0190066618000466 0.102232139969742
-0.424458601186267 0.237229119268586 -0.0385754496195957 0.0991346117313463
-0.504034537108811 -0.0211493605401688 -0.0814662157514003 0.0805407891232407
-0.506461891223423 -0.416892179441576 -0.109209472237922 -0.017082686458345
-0.0213788442266565 -0.634430512093053 0.00591028889827115 -0.161828690327434
0.529281907703578 -0.413608762159527 0.0341424024212881 -0.118648148194833
0.751054621283148 -0.11220834752277 -0.0274245602725689 -0.0364967512442322
0.621818236333391 -0.110245909323004 -0.398947374375806 -0.0666946454682118
0.503098570683913 -0.393651528705769 -0.278805458246599 0.115059639712607
0.0599125571705757 -0.594018502601014 0.0282226448566955 0.0889626339834495
-0.410705694976407 -0.425990770466731 0.0240939763015672 -0.026132490694226
-0.479248001182747 -0.0792623671416553 -0.135236710407851 -0.0283134615490604
-0.395327074988062 0.149942601343612 -0.186154219382903 0.0881996783951315
-0.264377882977116 0.325285154248526 -0.144542768544563 0.209296645897549
-0.178257120664207 0.346594933680615 -0.0895357333565013 0.249269052095691
-0.213739124817167 0.330290559335479 -0.10911879758454 0.227604493154837
-0.363884961130611 0.178194684899797 -0.147761158118726 0.179007685523705
-0.407527302113066 -0.0407851133500736 -0.184456757504067 0.0936180165978027
-0.387769065733031 -0.340374619572997 -0.157839842254322 -0.0307068222915101
-0.0126193515633396 -0.497133541044899 -0.0287818793890893 -0.139789962860433
0.423298612473693 -0.337153416655904 -0.0521123960799138 -0.0464270051370113
0.634965091242808 -0.120054590803663 -0.261578189340007 -0.0128438634443772
0.443768160114165 -0.121853902612165 -0.633002619593618 -0.0767489174489088
0.335138050269432 -0.30859959188477 -0.424248114704551 0.172628324583022
0.0199499457037964 -0.412966206280081 -0.0321505472264821 0.0991515801861924
-0.278926189423849 -0.271986446715109 -0.0335301628983943 -0.0380476163166045
-0.31263899160452 -0.0594643694034307 -0.223053994851413 -0.0295055879844207
-0.273283730800252 0.0889916509411709 -0.295050577164679 0.145053576722898
-0.195926734687003 0.21319992065978 -0.232670403930364 0.305053062279365
-0.137594620707462 0.227681984588524 -0.162106476422488 0.353231737505963
-0.164070697395255 0.210350574424909 -0.185621579091385 0.315002001711343
-0.25628378877707 0.0949818365155 -0.236618120926264 0.217717466322891
-0.260461053616227 -0.0566289928095376 -0.255806419693166 0.0755379042011507
-0.215533894165997 -0.22468372696947 -0.173291992613406 -0.057560346739091
0.00585516312343423 -0.299025140891073 -0.0426971216352536 -0.119134638106128
0.268798250252436 -0.214569749186149 -0.097693505439301 0.0107150679639545
0.437193479416746 -0.107172355776292 -0.425174849924628 0.0136734891643256
0.187273695680642 -0.110332263495463 -0.782879696554955 -0.0812838028037925
0.107521876039283 -0.168121648886776 -0.518092666538184 0.213174538132876
-0.0276667518182837 -0.161904822957298 -0.0894189951085013 0.114771662474463
-0.101816742813045 -0.0722215893755114 -0.0737465993755307 -0.0251975649010389
-0.0970169259274176 -0.0326931894775659 -0.259108275029681 -0.0181867065867478
-0.108101850641757 0.0108007502040583 -0.346305087562536 0.180941117460316
-0.0970795067450177 0.0639505135391578 -0.278688519962778 0.356691701889234
-0.075971647978731 0.0737136201910707 -0.210181183269223 0.403560812620091
-0.0889909925859145 0.066090107212684 -0.238812471193343 0.350773633790277
-0.118871459881428 0.0115680402472144 -0.296143097117451 0.215484809495161
-0.0972546029693224 -0.0517282438985606 -0.291656250397267 0.0332755952732348
-0.0510293727792729 -0.0843955664426939 -0.16136674208181 -0.0905524572211015
0.00272108930092352 -0.0966915245789751 -0.0433252804235227 -0.0968791269254263
0.0893323745167826 -0.0958419507970765 -0.112525045951111 0.0486244035016641
0.192456137617844 -0.0896232791827015 -0.505781701927047 0.0400343824497976
0.0967065531610958 0.0123582050250074 0.446367914659937 -0.307159763723189
0.0913811269205162 -0.037954357290224 0.0988573928071836 -0.229709088696705
-0.00218244809549139 -0.0935167393835107 0.0391320782532495 0.0459169578535674
-0.101831849279469 -0.0361412508799281 0.149237526393596 0.0630187606213147
-0.0709763843628153 0.0507818479608135 0.27861942174613 -0.0867481324282969
-0.0118622239653757 0.0773848741284118 0.235823601121852 -0.308792114500695
0.0384783984966347 0.0836267038503109 0.099722901187248 -0.421250525132651
0.0408143507670983 0.0891431645803802 0.028503389439666 -0.459077329026388
0.0298393753448767 0.0968340304736873 0.0740653399066413 -0.448767612522337
-0.0310332240543145 0.0918699310964981 0.190045243760552 -0.340861734455436
-0.0856482594456075 0.0517022338237932 0.229363863559066 -0.154740753314377
-0.128787887155472 -0.0526173750468958 0.112138955466588 -0.0662898114959618
0.00399758191018428 -0.128401185025645 0.0887446238145891 -0.162639012522622
0.125380882158638 -0.03272973980858 0.326853937737915 -0.333450800075332
0.103519171053903 0.049847418319494 0.791657636787989 -0.262009330506564
0.290687654773599 -0.11162105752278 0.417155004030829 -0.272532364186853
0.196017403450124 -0.205862166075287 0.108043174241257 -0.212776866657404
-0.0492861486830096 -0.264278949947946 0.0517801617708743 0.0167189974952593
-0.27250927000814 -0.112267700178429 0.130221968345352 0.0451439286666376
-0.234020630558141 0.0906214648268201 0.243446063905801 -0.0616614473940173
-0.120079225314443 0.191076954546868 0.214273127742423 -0.257256092111253
0.00361967168242495 0.2468087717264 0.103303066971255 -0.350527498586581
0.0346776712527348 0.259115633344916 0.0424255350132381 -0.385196978448564
0.00285853209341054 0.276992489650636 0.0696685999190909 -0.376640571684062
-0.15276248567995 0.241221643377924 0.165294085673368 -0.286959587963902
-0.272565582189581 0.111556615280553 0.198109780346904 -0.129074837478608
-0.364254947015939 -0.133146651821813 0.0828095227863326 -0.0740166111039534
-0.086038690005442 -0.365417180165158 0.0726970369339779 -0.195479147339258
0.267799255698842 -0.279807812389245 0.267654524615395 -0.335413631614213
0.375319995486235 -0.128292077179375 0.665099507447704 -0.261372237897783
0.458807967812679 -0.222517187025399 0.305575068122566 -0.213916178169731
0.289709620988572 -0.37247399026373 0.0807305647389938 -0.160208629400284
-0.0974020268091417 -0.430424589525891 0.0695495297442069 -0.000106844289828183
-0.433766873374325 -0.184099419141946 0.114703531448644 0.0183396299434856
-0.385904214842625 0.123043436580633 0.180225036203861 -0.0423351405370732
-0.224225711429843 0.285791304014927 0.158561619467037 -0.181001559403979
-0.0362439285288468 0.378941499386687 0.0863275844695265 -0.230154333794972
0.0238535721587264 0.390032487118586 0.0497672940258114 -0.251979368125499
-0.017383424420847 0.413650823585204 0.0563245403503105 -0.244893223188981
-0.239851289202236 0.360379957301368 0.116786977750726 -0.182954146956184
-0.414539553094326 0.173138049714809 0.134556103716142 -0.0767579660513096
-0.560821496550412 -0.168885345989511 0.0310019421870667 -0.0685489108740811
-0.195230577048156 -0.54065270701531 0.0381580115846092 -0.207847833256124
0.342290605585006 -0.495833234760633 0.177540756864997 -0.292995414679363
0.574808503217613 -0.298302960990382 0.453078014668677 -0.204971521288205
0.572285951479605 -0.307667544283673 0.117139893042034 -0.12978878185784
0.349915344958494 -0.519703486045422 0.0121255385751036 -0.063451376965049
-0.152294000219787 -0.568604957622733 0.0793220671252081 0.00211925895628053
-0.567538527024229 -0.231507127910797 0.0876250919033633 -0.0101765292034547
-0.498758025786931 0.149841353320446 0.0870791804703887 -0.0199445501513703
-0.300286588185047 0.348364539647333 0.0718901053733585 -0.0760299500272323
-0.0727396480962395 0.460127314627795 0.052330583175658 -0.0708666484404596
0.0122576777436647 0.463086040733946 0.0498579586210637 -0.0807268682532314
-0.0305035922565977 0.484001553802646 0.0404870063234599 -0.0766820300434111
-0.287072250453923 0.421621470142993 0.0584135850381061 -0.0439434056221497
-0.48954472228462 0.213163181521869 0.0500814575744992 0.000208925613872885
-0.669678562107184 -0.167014693054755 -0.0337553426387159 -0.0449301272414223
-0.280497990603911 -0.619177799799753 -0.00572336595036898 -0.192192494733512
0.348166100288967 -0.623469891574396 0.0822606329883971 -0.206271690685004
0.667705461365586 -0.417501381683227 0.203765255379624 -0.101164298874777
0.601801847327556 -0.355411016781089 -0.127023483154456 -0.0261512999384415
0.355643487276618 -0.598581974484034 -0.0932797926263765 0.0707295397843949
-0.189075274170211 -0.628257148287085 0.0694600676086098 0.024010984101074
-0.61994559243415 -0.242506353237585 0.0409831556986557 -0.0300706078922526
-0.535882326200633 0.158901851176599 -0.0302818662710781 0.0139106498343834
-0.329134069989346 0.361019723188789 -0.0329011505218395 0.049778575962249
-0.0956546200308641 0.472372323097927 0.0068447023462414 0.10591022655832
-0.00285438517387633 0.464815506188163 0.0424505759491119 0.102514369836975
-0.0438835348138964 0.477700500499142 0.0224555569229314 0.0998329994776726
-0.291966464769685 0.408407484171254 -0.00309374075114454 0.102719644455727
-0.482610481422584 0.202353752580656 -0.0408504791858568 0.0845446363454251
-0.649041505144424 -0.152055550549426 -0.098884519424719 -0.0131569321820861
-0.293037852889254 -0.585091878308263 -0.0458623179230225 -0.157550353185368
0.309754019680869 -0.621204309934519 0.00131334327818933 -0.0959784467245158
0.650341180021305 -0.454592614533241 -0.0417198813055859 0.0256275158060756
0.532210526808564 -0.348323164780034 -0.38484895062067 0.0828664446518611
0.299599344544884 -0.565325158231899 -0.213138770335699 0.214801596914974
-0.191360841938933 -0.567213117097676 0.0380114081367785 0.05761833353269
-0.549586824454655 -0.204252990513059 -0.0170571782356951 -0.0343775006439912
-0.466807160388263 0.134731211060982 -0.143671749056486 0.051555732564661
-0.29642483426285 0.310902750325712 -0.13442391602843 0.175136718120654
-0.101138174154249 0.409699348755137 -0.0403480171065614 0.270185576283814
-0.0175045288575478 0.396852324414239 0.0286561130464844 0.270121051624554
-0.0554089687431409 0.399139797626388 -0.00220248681304488 0.256624698114994
-0.260237822028574 0.325906571556703 -0.0644874526500142 0.225876505195657
-0.40201809497314 0.142744728509344 -0.126553132545418 0.146997218725093
-0.508201743490053 -0.135045266105676 -0.149179616278486 0.0066211718565146
-0.225573625711379 -0.461939567696448 -0.0728426355325342 -0.120283863146546
0.243849913298051 -0.503168841856719 -0.0505274054703684 0.00198904134417543
0.538113546687447 -0.407419551574393 -0.245884810105432 0.142829810353962
0.366165396714435 -0.283690358489485 -0.605683467126002 0.181934508844102
0.184242061904607 -0.417837924630198 -0.318366806668459 0.336588941122655
-0.151899835763805 -0.384457425267247 -0.00519212039769037 0.0974645292262439
-0.36416752935843 -0.121999063563133 -0.0658536418357502 -0.0197174732691116
-0.307682918530212 0.0835501016732565 -0.222370066115546 0.0849330746304296
-0.210352167610212 0.203095372133789 -0.207831005438939 0.273882159358339
-0.0879433054462069 0.278656374371603 -0.0782173992866364 0.394884962008999
-0.0294852367168433 0.268058824386625 0.0104986972117367 0.39838184037807
-0.0612962068478315 0.265983593041773 -0.0308442349050637 0.370896567278399
-0.19609171495758 0.202113100814279 -0.1244701546326 0.30291936807186
-0.27025329949415 0.0639340134435755 -0.198931361103399 0.169040358370309
-0.299695907418576 -0.106953466321175 -0.176426666934693 0.00268641983652533
-0.124831146208253 -0.284096006186019 -0.0819578351299134 -0.0917176210097241
0.152941438041925 -0.319038433444063 -0.0744367074863085 0.0661191098053648
0.356326595722309 -0.303912379008029 -0.383335449963946 0.227856507979592
0.137075952856145 -0.167844868911251 -0.75288652686527 0.252374461236384
0.0363160895971715 -0.19578602330835 -0.385860255194164 0.4227116816733
-0.0911960061684467 -0.135532699471641 -0.0397610461478314 0.142625168240471
-0.120632322915625 -0.019324041383299 -0.0837210187595018 0.0103411544746879
-0.0998219950911543 0.0152723698366864 -0.247060854184499 0.103697162445111
-0.0923162557783926 0.0600316086299202 -0.236870217037708 0.324141860930121
-0.0617492023182984 0.100233598599603 -0.0975291760187738 0.457105897321425
-0.0366915556995626 0.0979410614902707 -0.00871938438022171 0.464725012126047
-0.0541867724659367 0.099202718919909 -0.0602375895944861 0.429313732346773
-0.104759450648395 0.0643297335336198 -0.176001911654795 0.32979414189621
-0.114051043363624 -0.00289119433243027 -0.249765686119982 0.154702967496375
-0.0869281572495166 -0.0532737730358048 -0.183115010985831 -0.0165616166426802
-0.0405478358049054 -0.0925988284296189 -0.0791955380244765 -0.0693076844164856
0.0384244432340578 -0.128280430289862 -0.0789589591316028 0.0968766891591809
0.134993576864543 -0.173063116278076 -0.444239623755032 0.27390414836132
0.100249652924283 0.0106797516778041 0.447005286298548 -0.334678209321258
0.0952095162216453 -0.0424185336836061 0.0925472516824276 -0.242163133404957
-0.00404779599895141 -0.0973443054957131 0.0427978863623498 0.0461848511475458
-0.106471884821237 -0.0342659484322782 0.156354857319646 0.0600911030773929
-0.0710894211866585 0.0556245857316782 0.285741112573625 -0.100911905489889
-0.00953114242254374 0.0795919756795568 0.232597953649101 -0.329942720354495
0.0430361023833346 0.0849166454130095 0.0867489865495871 -0.439628478887972
0.0460229069609089 0.0908953145648869 0.00953987808078926 -0.476301195416993
0.0338183543221618 0.0998498062313707 0.0580914697397995 -0.468112483005535
-0.0289237496752181 0.0962998313891164 0.183619541488524 -0.361939648312449
-0.0872497846826813 0.0557054029174997 0.231942403942656 -0.168140990234044
-0.135237613969504 -0.0493040059917589 0.112418344901683 -0.0722750749721375
0.000596003030385222 -0.132047363698749 0.0852696685599035 -0.172133333353449
0.128221213883582 -0.0380762286181051 0.3282153747834 -0.355390584597582
0.107239780607429 0.0492222545542331 0.807279389223015 -0.302537573598592
0.29462801425995 -0.124349984398326 0.418454171295124 -0.299858835357891
0.196630915685699 -0.218906183459 0.101420549473511 -0.22597651263659
-0.0592018049023392 -0.269923227423235 0.0553618102590288 0.0161325588290652
-0.283815448562905 -0.103910995434175 0.136832854998438 0.0425526202189533
-0.237400130845165 0.104071623776143 0.251659367314682 -0.0736859316861098
-0.117215407298039 0.201630420603043 0.211848935761428 -0.2756318642548
0.013668648594666 0.255149665348585 0.092181220010301 -0.368809004018603
0.0469053893751111 0.26531307188147 0.0267298027700367 -0.400532338272738
0.0144992161657586 0.287686370031566 0.0561006395865459 -0.393750413791317
-0.149615389972508 0.25727927804067 0.16055754723737 -0.303997240214455
-0.278444244209321 0.125286861311253 0.200799903973757 -0.141467301187014
-0.381748534070755 -0.122461147614767 0.0821977404785702 -0.078291691971264
-0.100740025980333 -0.373396972298472 0.0650138702353827 -0.206028160647789
0.266911681846671 -0.299720449536632 0.266172767356627 -0.355133717897522
0.381835898370567 -0.144044749814307 0.673693228217194 -0.293883902092468
0.463239808936205 -0.244443237985283 0.307067684285959 -0.234798071940258
0.286319824167686 -0.393214017430951 0.076499459744869 -0.169945582678836
-0.115486948499905 -0.437784588080178 0.0726894219355366 -0.00145009491396492
-0.452891166067188 -0.169435804505076 0.119825741665322 0.0151491517123821
-0.392593238182082 0.144083750305122 0.188408795591027 -0.0521314289121986
-0.221476060027259 0.303378376242684 0.156829964118099 -0.194677280088017
-0.0211547691460392 0.392986641142168 0.0799285839984512 -0.245162120127223
0.0421114832608438 0.400117909449009 0.0400592152152018 -0.263311255621339
0.000318993081918866 0.429500729738873 0.0481879292073305 -0.257386671980901
-0.235304129678705 0.384371572863932 0.113833427451417 -0.19441219146198
-0.423609270294348 0.195156831712737 0.136600753661111 -0.0863654707530292
-0.586856936197431 -0.151197838165929 0.0290366897898803 -0.0701260630014569
-0.219554731794073 -0.551222338942358 0.0267682509634674 -0.217537778036888
0.337279675595712 -0.526479161079333 0.174054934850162 -0.307634988290161
0.579312658090905 -0.32512779471767 0.460684265491515 -0.227110772820115
0.576771807308083 -0.33793923836114 0.117581635740379 -0.141519595911778
0.342546678805996 -0.548046211630456 0.00925238050135046 -0.0673212853078842
-0.178313977591233 -0.577234902188907 0.0831138098794881 0.000846290156009675
-0.592739672765063 -0.213638925078828 0.0922044345472889 -0.0138508329253316
-0.507595324772369 0.178300862560305 0.0937727911332348 -0.0248223292079217
-0.296466188343301 0.373573657646658 0.0707459239176829 -0.0824256369393104
-0.055839977670915 0.477866438935509 0.0509739272591564 -0.0790547345925617
0.0321785805728269 0.474218573742497 0.0478855343276241 -0.0862999970286966
-0.0110423447628229 0.501508075005477 0.0384020761575111 -0.0823798168953882
-0.280533234565893 0.449715699932447 0.0589340400090182 -0.0478609885780323
-0.498852785391815 0.239270965812384 0.0515877568267821 -0.00479029539821626
-0.698643165321928 -0.142954671608691 -0.0371124662793072 -0.0429376496475299
-0.30999238414717 -0.628611175027527 -0.0191043592022113 -0.199442849546462
0.338282079305083 -0.6579045514657 0.078151348972615 -0.213884931703429
0.673054534009241 -0.450045267931262 0.207283908659723 -0.109237580406936
0.605080461360845 -0.388491776107048 -0.128573415749598 -0.0253120114943585
0.348006560519409 -0.630092220106977 -0.0939793981575397 0.0752530485202446
-0.219051177719475 -0.638485231428654 0.0741661113519657 0.0235435222869325
-0.647565597392671 -0.221896482249759 0.0440957377918334 -0.0333312001892406
-0.546292890441027 0.188507364243748 -0.0256384434724475 0.0134535472629574
-0.326243806486091 0.386948744435361 -0.0330614167965645 0.051997651622137
-0.0792447369222286 0.492230934221862 0.010827125674864 0.105584297010345
0.0171391934173779 0.476623122155569 0.0479068265782818 0.103481415114106
-0.0244756814179771 0.494036315796504 0.0268042581511347 0.101400833172832
-0.286350090127063 0.437089560297015 0.00150946330378497 0.106311491271928
-0.492427317070183 0.228207208601065 -0.0397333106949131 0.0855804318109321
-0.677960540787215 -0.128310981278668 -0.101837492225832 -0.00751970195266887
-0.321050152957291 -0.594477111065582 -0.0599553343657639 -0.162104309431891
0.298431914287181 -0.654388855213326 -0.00143223519353004 -0.0976740296082895
0.654001759808936 -0.488439240288035 -0.0403220245586657 0.0320695947766274
0.534826507611123 -0.378912318688934 -0.388077404735397 0.0972065144599568
0.288720282483155 -0.594585865630464 -0.211115964475075 0.228971048831259
-0.219214779237047 -0.575171296168187 0.0424923634441224 0.0594961961711262
-0.573876475444578 -0.185267283685116 -0.0167940191461749 -0.0363024273664031
-0.477213964140346 0.160960405491657 -0.142924223199047 0.0572882925275265
-0.295420106549468 0.334459079981645 -0.134283848033144 0.18680618874528
-0.0876173193372987 0.427994428866032 -0.0314275079055118 0.278084496697389
-0.00134857420659689 0.40776441687012 0.0417562205224539 0.276906674123183
-0.0395759548460373 0.414458743609152 0.00927242739125808 0.265163343744683
-0.25677390683923 0.349982092238136 -0.0574957990672609 0.236392911240249
-0.40966186537136 0.164397650671406 -0.126481996307384 0.153541689978168
-0.529058757310478 -0.116627959511476 -0.152487836900298 0.0135943553113573
-0.249164398925821 -0.467839154402959 -0.0847774189591948 -0.122187912611373
0.233374949774923 -0.528795351372431 -0.0523455650299419 0.00429770661047534
0.540143928851845 -0.436278279338573 -0.24578834592102 0.160840873661431
0.367901284039083 -0.306564719262083 -0.614787663473129 0.207538108715664
0.175730496507152 -0.439847233445317 -0.31518452909421 0.359897810745633
-0.172445398459061 -0.389431310857342 -0.00120952782812567 0.101691206514124
-0.380143785683545 -0.109412286092447 -0.0669498957528035 -0.0195263770282407
-0.314902322890626 0.100028524091302 -0.224320692218045 0.0946085955450522
-0.209996702661607 0.220260794193144 -0.205502106428062 0.292190693570785
-0.078395871791319 0.291637739738824 -0.0638108302667127 0.40987875870142
-0.0187413439718825 0.2752355299453 0.028347569798405 0.411134717269582
-0.0497731176705999 0.275561613980869 -0.0156197653261406 0.385427001293552
-0.194983722608481 0.218145713953826 -0.116164403032659 0.318975877714972
-0.276734369499781 0.0781027820472961 -0.19923645576412 0.180018440956378
-0.313246205243202 -0.0953379274220268 -0.180636471380641 0.0111306450283812
-0.139806152254746 -0.287539403761646 -0.0911369261267397 -0.0919325446369773
0.14677782363733 -0.334617246120663 -0.0756487203665509 0.070590567727728
0.356259727927908 -0.32651668042811 -0.383544717760442 0.25522061583996
0.135375206149821 -0.178671443567029 -0.762027063165517 0.28726519281725
0.030033168097889 -0.204074807185965 -0.379848518287149 0.452704625792281
-0.100445403743384 -0.134934636769796 -0.0359698098341607 0.14836463506237
-0.125306329307336 -0.0139990327825684 -0.0849405504094038 0.0121045462917418
-0.10342728991313 0.0204627209247244 -0.250612438585035 0.115261807760643
-0.0934291197706569 0.0669834617303735 -0.234064742644056 0.345807538252992
-0.0594007303550722 0.106105366208026 -0.0810967630763423 0.476268485180512
-0.0340531967565462 0.10026259682526 0.0127620799626542 0.481806013465672
-0.0508497460470129 0.102809991523802 -0.0440494163828762 0.447881125183361
-0.104755485141767 0.0711240987994412 -0.1687662157637 0.349205740371635
-0.117163633661694 0.00289080046036638 -0.252954760551527 0.169062364914968
-0.0913987247489052 -0.0493399370248085 -0.188543694826731 -0.00958463372573247
-0.0470874763799089 -0.093704756083338 -0.0852014625301379 -0.0684726818575183
0.0349134851678365 -0.133463932087202 -0.0793824739999189 0.102714279136357
0.133519703761603 -0.184933701099727 -0.445980595356926 0.303818932525895
0.102607905227966 0.00580341423092224 0.430487381475036 -0.370960981750452
0.0962567926704396 -0.0490957349916431 0.0774556803862834 -0.253263481289843
-0.00957630669914694 -0.100207394548258 0.0485724895486644 0.0444696261660922
-0.110084413746326 -0.0291531535693771 0.164273215373883 0.0519305449600579
-0.0682882364192706 0.0621011812852035 0.286274049522597 -0.123099465985612
-0.0047794837951404 0.081208080744214 0.21601781406878 -0.353980857185094
0.0503528866352359 0.0840498232435784 0.0598322511618151 -0.455317954750595
0.0534757338081126 0.0902094636606628 -0.024159681817208 -0.487246283895242
0.0410890393407687 0.100935640574964 0.0269395561383549 -0.483163304293771
-0.0238820688373865 0.101254042295186 0.16376421374219 -0.382668791483655
-0.0864945494044034 0.0613369340536102 0.225669647571043 -0.186089963238929
-0.141401391239218 -0.041301939368318 0.108939430779378 -0.0802140874142072
-0.00667648831324037 -0.134324687136409 0.0753096800085472 -0.180728245204152
0.128423979874262 -0.04724675044077 0.314201420845652 -0.383195581601684
0.110829989595359 0.0453615230160719 0.798726535478198 -0.360131087004183
0.290360647023222 -0.143709152045566 0.403840722085849 -0.333630505367287
0.18840704971802 -0.235223087322668 0.0872547300038813 -0.237451489424841
-0.0768062567579612 -0.269815444793257 0.0596119054644269 0.0134422916232326
-0.295445794797475 -0.0862482845120895 0.143637150231143 0.0350745407353968
-0.234247702250105 0.122543159626672 0.254845435531484 -0.0933438845652049
-0.107266224285027 0.213437032959621 0.198274324529113 -0.296533634778455
0.0322721340957185 0.25921298031452 0.0691000987848364 -0.384094992070389
0.0663440385601463 0.267171950184125 -0.00138309141342333 -0.411096617376379
0.0355565544204085 0.2937551711628 0.029453488916518 -0.406934244803123
-0.136559432012255 0.274301806384495 0.143504690531135 -0.322388975167467
-0.277597067742988 0.144891508077254 0.196087306448729 -0.158457866599563
-0.398275897870711 -0.098911815663187 0.0778636956908938 -0.0837512366294024
-0.125003877183725 -0.374537707446439 0.0501638562290236 -0.213825186713073
0.252991328633535 -0.323250789393592 0.251640871449369 -0.379337840085392
0.377633319290711 -0.168148582192767 0.666274051357889 -0.342712283915087
0.45395418579841 -0.277566442474666 0.298029536660714 -0.261861501283619
0.267892003636957 -0.418460247773244 0.0648193231495465 -0.178286120743645
-0.144854771165811 -0.435123258456213 0.0766706185048619 -0.00514475425732647
-0.470322485231588 -0.140370755999627 0.125013162666789 0.00707464473502595
-0.389673463356745 0.175373712833248 0.192442620038466 -0.0679024067467942
-0.206102647172324 0.325171087075999 0.147114996550752 -0.209429536948777
0.00427400708736074 0.401835702095124 0.0643964538752844 -0.257481037756711
0.0705963657501885 0.403995506892101 0.0221754362371606 -0.271929180517934
0.0312972392280867 0.438571956065382 0.0303869908748065 -0.266712174366329
-0.215339772119199 0.411034940874275 0.104448429464929 -0.206897939087728
-0.420531433082022 0.226819030281429 0.133036987412159 -0.0992820155604979
-0.610043500756732 -0.112793098288619 0.025571167685851 -0.0708558500255187
-0.256165859868419 -0.548318640375068 0.00827485351145152 -0.223396739082508
0.309301599683845 -0.558569825319326 0.160504080133215 -0.324971736479257
0.567917656710775 -0.364583037705171 0.455189860688906 -0.25923393000656
0.562802286827041 -0.381060453908217 0.112559208656994 -0.155694316689015
0.315804483212993 -0.580051123332401 0.00356229020804321 -0.0697027046141679
-0.217158268707998 -0.572474011708555 0.0876152277897797 -0.00322543806620433
-0.615399384832755 -0.174346334253942 0.0958593848431169 -0.0210082332379576
-0.504884664385985 0.217686362556317 0.0988980667527755 -0.0356275423218604
-0.279218647530712 0.401550897974447 0.0663222551271506 -0.0894916399538341
-0.023916412324648 0.49183242775379 0.0455454016598493 -0.0868041372325639
0.0638322455336439 0.479402521939385 0.0428066351237892 -0.0918079073497922
0.0254217384729263 0.512245341674786 0.0328018942818967 -0.0879786658724503
-0.25790638141145 0.481498003498696 0.0584174719269123 -0.0539965015100915
-0.494912933796288 0.276370563064916 0.0511651083969809 -0.0109033024608117
-0.722344488768657 -0.09706223869197 -0.0392843348083583 -0.0395334227969797
-0.352980587233051 -0.621271351515015 -0.0390636804539133 -0.202383524559447
0.304244455636642 -0.692405494519911 0.067269722332759 -0.223619150193112
0.654662430133522 -0.498073292929586 0.206720922646707 -0.121486638106429
0.589073073584275 -0.43420890006961 -0.1286018208061 -0.0221272990015036
0.314364780256244 -0.663167371218841 -0.0908186369941155 0.0821972787716697
-0.265372778550779 -0.631006815779097 0.0792826023804131 0.0199915475110804
-0.671793744456054 -0.17985018087644 0.0458647871831173 -0.0381743914113518
-0.543404014835246 0.231460407201618 -0.0204230040484333 0.0113668832701298
-0.309473898186943 0.418584287933164 -0.0316415229205525 0.0549407437569881
-0.0466213485103483 0.507709687499031 0.0174538282914007 0.104069652895193
0.0480260104555571 0.482176893898734 0.0566662318485905 0.101401615821403
0.0105520968654712 0.50498293277446 0.033638467231308 0.100743912672664
-0.26423048402058 0.467100380726051 0.0104822956406917 0.108159336840058
-0.487003727147694 0.267068673285431 -0.0362328355101133 0.0867461257389707
-0.699694100789108 -0.0806927422063353 -0.10295261066952 0.000290359194106865
-0.363443523623299 -0.58469727391213 -0.0778017853130818 -0.161202547341755
0.262559106518859 -0.686254423374038 -0.00733414432088859 -0.0994403894955673
0.632010336851016 -0.534810410124435 -0.0353615050532834 0.0393922391284618
0.517971177327231 -0.420696127148559 -0.384761892503986 0.120055593537853
0.256512068711758 -0.624468145708566 -0.200012591686525 0.247016009555446
-0.259678910819639 -0.567734414622617 0.0484221395330925 0.0583428366995907
-0.595880641774677 -0.146295236317225 -0.0168698122681631 -0.0377958335139931
-0.476539597482283 0.197861439780937 -0.13753524672507 0.0648226080854133
-0.279685190234505 0.363888627314393 -0.125478691240778 0.199784948122255
-0.059150351692093 0.442895042863262 -0.0137749062983753 0.284212119780722
0.0266993584962284 0.412384572820658 0.0621630407180784 0.279307731834948
-0.00955442722557995 0.423336696865589 0.0273930010958053 0.269212235279921
-0.238301827938173 0.376194274399738 -0.0412895989662591 0.24466786488505
-0.406323130388325 0.196431389619476 -0.120557477723511 0.162096847393186
-0.547110199359259 -0.0794162629748424 -0.152784273367775 0.0256392656943631
-0.283288582983385 -0.459442719583749 -0.0989236278065582 -0.119046476386688
0.205394448200931 -0.554041671875731 -0.0536683062412823 0.00729921243578489
0.520638864357537 -0.477439820503703 -0.235708615135174 0.184621784082032
0.353824306645533 -0.337494267554733 -0.607323605050684 0.246973797038056
0.152027764393462 -0.460615710077817 -0.297074061472513 0.387233681678682
-0.20178943966749 -0.382883666048301 0.00560936320758442 0.103950925280338
-0.393829624660983 -0.0828373106680313 -0.0673817410026463 -0.017808248751656
-0.315243094687063 0.124728622127536 -0.21960394836708 0.109632628275518
-0.200566033205098 0.241333636590231 -0.191905906299981 0.312077239114222
-0.060140267748561 0.302961905992153 -0.0381913918699936 0.422468896259289
-0.00105303113297272 0.278928563038056 0.0588580896432128 0.416379083925617
-0.0299694411900429 0.282738038810434 0.0101906292944422 0.394732562581957
-0.183373647110592 0.237191912024422 -0.0963435961032505 0.333440232662164
-0.276158318861079 0.0996614099855444 -0.193089159053189 0.194841871171531
-0.32507611973999 -0.0724569745651853 -0.181720252464387 0.0232103458883988
-0.161216450069723 -0.282630058963586 -0.10191277413172 -0.0882574548992673
0.128026297254978 -0.350682425463909 -0.0737918511191104 0.0769299774977913
0.341251961676754 -0.353861202256444 -0.369542365429714 0.28942424262578
0.126531259175964 -0.191400835151565 -0.755332054160542 0.33589912387995
0.0173835422290266 -0.210910968611739 -0.355496803665057 0.48498548285192
-0.112114288292344 -0.129330062143512 -0.0284838314264586 0.15393811867724
-0.127765198074023 -0.00370266615511626 -0.0848509341096293 0.0165312404541057
-0.105562943253505 0.0286691000876113 -0.247003786038515 0.133162931408296
-0.0909887601746444 0.0761691654695116 -0.216985742769611 0.370094411109037
-0.0537293138043111 0.112222064315686 -0.0508376655524884 0.491570251713848
-0.028559657965814 0.1027931864108 0.0480600150002952 0.490247196574105
-0.0438644722749809 0.105684294453406 -0.0133091395397378 0.460638973270998
-0.10087315862846 0.0802110537993371 -0.148995495226548 0.368962303927343
-0.117885501533649 0.0122114640630343 -0.247351917149882 0.188542913231882
-0.0959835257598563 -0.0415955857700847 -0.190502266631232 0.00234642572467399
-0.0558496001630995 -0.0911453667451527 -0.09185995872953 -0.0646044961993562
0.0265214771237095 -0.138687136645204 -0.0764499257596568 0.110039450232532
0.123676950221536 -0.198068313860566 -0.429188737924331 0.342548295888203
0.101585350794549 2.55555699434388E-05 0.396388126227912 -0.396759658778019
0.0935592751550085 -0.0552978501482349 0.0573958729657755 -0.256389474784689
-0.0163273021540939 -0.0993660033028751 0.052732921416624 0.0406399973662967
-0.111353166816134 -0.0220662472999439 0.16672222937483 0.0407369812409317
-0.0628143747405264 0.0661769134751705 0.275519239081707 -0.144099583402468
0.000767611313921831 0.0803183978844244 0.189273946206908 -0.367853711167588
0.0564892036216586 0.0798081125575028 0.027124340490344 -0.457298864437603
0.0602524545977687 0.0860028698273225 -0.0600562262893759 -0.481234631829569
0.0477758155330061 0.0985933229518708 -0.00989823862061207 -0.480879707163498
-0.0177528728415577 0.103183968542024 0.135235424745439 -0.391493503871812
-0.0828771315647024 0.0659738892673986 0.212212488963081 -0.199218962253172
-0.142884503810904 -0.0315171644554812 0.101008838926287 -0.0854141370156254
-0.0139145235230148 -0.132813323812159 0.0612783112076214 -0.18282562087861
0.122846698874056 -0.0554110596834533 0.287394369407443 -0.401792797940055
0.112002712980655 0.0400735697441149 0.763199286538609 -0.411846098553213
0.275126598096499 -0.159929750754894 0.374248890230626 -0.359385448408345
0.171430396961186 -0.244667204341636 0.0684240538159959 -0.240218270959119
-0.0937458517958609 -0.260088952027177 0.062672320207602 0.009650586359618
-0.29654461551982 -0.064353920067371 0.145908766226983 0.02436763912546
-0.222342002847915 0.138729151737651 0.247572997168342 -0.113919766952815
-0.0915711512387018 0.219402235550345 0.17540219341118 -0.309553844601647
0.0506280767717057 0.254323812626493 0.0407394616547328 -0.387192005944094
0.0849666632617747 0.258931772774737 -0.0315527681800785 -0.406814687177826
0.056880450188877 0.289320382054843 -0.00202757053989577 -0.405680241092621
-0.116531232896319 0.283773702732021 0.120046276079624 -0.330191432149529
-0.266425674162488 0.163261325126455 0.183121580117399 -0.171734387890363
-0.40140864552264 -0.0681565859235202 0.0713360557801113 -0.0863352857707396
-0.147838811332217 -0.362462281387398 0.0323315895810328 -0.213626217115834
0.228697920259422 -0.337417271596992 0.225784688129647 -0.393082213011666
0.360805389568383 -0.187280873586697 0.634262065799181 -0.383110590377209
0.424800255140654 -0.303174900452509 0.275682066419088 -0.282208888435269
0.238712195219084 -0.430726704246912 0.050994838030922 -0.181135718889329
-0.171832458735981 -0.416739823906644 0.0787728187609361 -0.00965829325482751
-0.472321410122696 -0.102791411430693 0.126452026277583 -0.00339762585544312
-0.371585032531575 0.20168029410651 0.189834518461307 -0.0857492710002465
-0.182171962006823 0.337821756014878 0.130904165961822 -0.219317668446916
0.0344887098140527 0.398045926857075 0.0443480302109175 -0.261181922928672
0.098589549374857 0.392932071960679 0.00168096337351284 -0.270752467384394
0.0639576260434927 0.431686022422454 0.00958043573118404 -0.266380424275464
-0.184574176328074 0.42506601623948 0.0895245441477262 -0.214117738534994
-0.402736457239414 0.254170651175266 0.124067246989993 -0.109104180198684
-0.610357000155166 -0.0657620105750123 0.0209407102562362 -0.0703894572714839
-0.289708961010088 -0.525685614515447 -0.011509953775736 -0.219696367050839
0.269022635055943 -0.573939604694838 0.138950263011154 -0.332983606067125
0.535158521923936 -0.394579243204755 0.434129156423944 -0.285865909504435
0.52518113572979 -0.413614631171745 0.101712966755614 -0.165352862231523
0.274130501796537 -0.593789291049625 -0.0013269176526488 -0.0696823273396797
-0.252368542791602 -0.546864209788186 0.0902810163198695 -0.00878039547595065
-0.617218127285473 -0.125610232078611 0.0966358313874981 -0.0299761971378395
-0.483284642330105 0.253670470284572 0.100375232698024 -0.0480473484752997
-0.250071381592672 0.419924018526623 0.0591863930057172 -0.0944575084596498
0.012686915497026 0.488227085118426 0.0384413750861543 -0.0907381993934946
0.0993459714154943 0.467549644183538 0.0356720843094934 -0.094261894420664
0.0643199220915766 0.502833428344465 0.0252909432403652 -0.089476410667936
-0.219903603772512 0.498140996900851 0.0550353065248415 -0.0590375148190773
-0.471130336816795 0.309461649941556 0.0486188748056527 -0.0167360064638929
-0.7211079539602 -0.0411097969122901 -0.039947253999454 -0.0342608279029199
-0.391674082741049 -0.59047589406146 -0.0572551374080763 -0.196052472498309
0.253845266306162 -0.706574998405749 0.0530790944502476 -0.225325310106355
0.611531387537423 -0.531180461394239 0.198842749215448 -0.132368050579239
0.54932715725557 -0.468459420243049 -0.126167497243291 -0.0181986541759072
0.267197741357818 -0.678815829063386 -0.083973842858219 0.0877279354607342
-0.305343574870785 -0.602621317373598 0.0835525812869147 0.0144582903443247
-0.675033573971403 -0.12532241435644 0.0455691746458953 -0.0439559156139473
-0.520636984522238 0.26950123563343 -0.0140411453238861 0.00647243598507408
-0.278329892116308 0.439807168387572 -0.0277227189209172 0.0562085704028069
-0.00931175795018197 0.506475434926124 0.024108788075664 0.100482078070854
0.0835728812203394 0.470394094831896 0.06389462240466 0.0960676030628689
0.049154328264625 0.495834400540796 0.0401930634706713 0.0968969517025831
-0.227405489551389 0.485678144875609 0.0191561880830349 0.104902298804696
-0.464699108749242 0.299406004130873 -0.0318240059799066 0.0860620133276773
-0.696945552879216 -0.0272416197952148 -0.0993554320128076 0.00901194570699767
-0.398933673923375 -0.550956488340291 -0.093327500265938 -0.153185509059831
0.214315688087912 -0.69696366039533 -0.0134279058991125 -0.0985831417072948
0.586947833181475 -0.567096961034658 -0.028125831698425 0.0438591219321088
0.481212978239797 -0.450118344595532 -0.36836151167355 0.138906754375564
0.213820812940452 -0.635972731592896 -0.179805025648936 0.257415941666772
-0.295747566070269 -0.540264795713738 0.0545047023503411 0.0547297116099449
-0.597100659058218 -0.0978488971365992 -0.0169181887442325 -0.0391362673795413
-0.45762621250818 0.232900475750368 -0.1272522687726 0.0686706436718271
-0.252851939335222 0.383002922458528 -0.110849585696354 0.206830724323649
-0.0274674385135169 0.442865059875386 0.00655020430375191 0.28184501095834
0.0546255027716228 0.403576203005191 0.0828333943678769 0.271884342830884
0.0229287487027931 0.417024288504162 0.0462531568939262 0.264440562689026
-0.208323108515106 0.392827348228695 -0.0227467649370984 0.244464465533563
-0.38895924261209 0.22428898876265 -0.110386307918666 0.16657926361097
-0.545970313207294 -0.0355123889192567 -0.147091808387456 0.0360978049937444
-0.312788911688682 -0.434021491984325 -0.110707918420346 -0.109981344048063
0.165747300861801 -0.560289683023873 -0.0533220267017016 0.0101474609684865
0.478753217056545 -0.504642774038361 -0.214842346774197 0.202094088646033
0.32558145046408 -0.357632322412894 -0.579333304427658 0.280591020002863
0.118345870772544 -0.467609624273619 -0.265474994473166 0.402430990414094
-0.226037464758824 -0.362149944409852 0.013563936704925 0.102962118157695
-0.393232983287397 -0.0515592525518815 -0.0665704988602735 -0.015145432339792
-0.304151470179398 0.148240404906004 -0.207354372425412 0.120007139126471
-0.181721310947388 0.255639393927687 -0.168863912798302 0.324669624204687
-0.0375905138673429 0.304724735870089 -0.00698606214837321 0.420910827681943
0.0177422774276504 0.274014431273268 0.0892739047781963 0.407557290558233
-0.00875180400901693 0.278867533258152 0.0395951834339282 0.390295478908393
-0.163087388179089 0.249839318699114 -0.0706761719140915 0.337293284314554
-0.265991183011642 0.119815737016201 -0.179536942704255 0.205398632669448
-0.325226198041006 -0.0451623837971422 -0.175923016511799 0.0352038171598581
-0.180487048434924 -0.266968828714858 -0.109355226632447 -0.079829604853124
0.103227402303513 -0.355221706600394 -0.0695089283882339 0.0809466191702569
0.311030942098961 -0.372474237893084 -0.340249440312258 0.315682469273091
0.111714511710263 -0.198897909979737 -0.717136534019255 0.380314005353776
0.00205761332338436 -0.21083529481882 -0.317195810373 0.502513947844617
-0.119578052098539 -0.11868639446107 -0.0179627548855881 0.154918041204383
-0.125975232904976 0.00722434354371853 -0.0822236669401085 0.0198335206276913
-0.103732284882355 0.0372981025547503 -0.234362519578968 0.148318688351398
-0.084225725813093 0.0831007819930381 -0.188602577330455 0.383629067251005
-0.0450638300936545 0.114982372619196 -0.0138540038346142 0.491680770935242
-0.0219875103271327 0.101870019567718 0.0847694872116124 0.48199698490576
-0.0353062316393975 0.105381589128733 0.0206259763109672 0.456918612046263
-0.0924681789810136 0.0871375519557285 -0.119374850378534 0.376714970115563
-0.114828117596412 0.0219654054021476 -0.232960182481046 0.203701455491278
-0.0963417881432301 -0.0320865055856246 -0.187131647648536 0.0146513775586887
-0.0632172833783457 -0.084281250526957 -0.0962178589768711 -0.0576780917688644
0.0171870939494314 -0.139281105301079 -0.070202964554316 0.114142199048374
0.107876737486876 -0.20545877423623 -0.395338501444351 0.371946202064881
0.0979027381705368 -0.00309726812053611 0.361412733990309 -0.400255048378383
0.0901443996195389 -0.0578268095785963 0.0416026884386353 -0.251089316705166
-0.0203998276994284 -0.0958621698666006 0.055546121212616 0.0367419296844349
-0.109372585485677 -0.0171998889659912 0.164797646146172 0.0312020752425575
-0.056627777576161 0.0665958322957875 0.259929365380621 -0.155839612389964
0.00462930378734516 0.0775827205557396 0.165077441344558 -0.368939820004494
0.0594953531415057 0.074223294403275 0.00242375045219326 -0.445727220656377
0.063555411650414 0.0807420665896186 -0.0844876679024004 -0.462859611645061
0.0524536664497264 0.0951360798080114 -0.0352336886979437 -0.466681307755223
-0.0128045386386851 0.101756068334057 0.111807225778159 -0.386713806282804
-0.0786415500473103 0.0675519231729498 0.197011765504508 -0.203079768882904
-0.14034508052809 -0.0236246884712428 0.0932806537161813 -0.0858151493729666
-0.0187257617034039 -0.128412547088499 0.0506144158468238 -0.178998645130504
0.116066679044956 -0.0581385151573662 0.261949505635824 -0.403756273911976
0.109865655077506 0.0360147696073468 0.715384770246184 -0.433127459878487
0.255837108792302 -0.165349856152163 0.34258778398494 -0.367082833907344
0.156429076715978 -0.24438442271996 0.0536257349187878 -0.235725180017433
-0.101886919168321 -0.245040805724786 0.0647728057152388 0.00572892196119801
-0.290085413617464 -0.0468870730038241 0.143803314804661 0.0149658714378702
-0.207946691657994 0.145826150681511 0.235227117921162 -0.126783213094665
-0.0786897391162804 0.218069670384294 0.154447707580805 -0.311540809860194
0.0626798337998806 0.243681992077502 0.019152762018714 -0.379657473249123
0.0961548116968507 0.245420672719108 -0.0523636173299372 -0.392318107900526
0.0709930680392672 0.278140438683453 -0.0237355305794248 -0.392817577305841
-0.0986877512927441 0.282868847102834 0.099856986468588 -0.328042281066435
-0.252271316294488 0.171490583132562 0.168954020839105 -0.175478937292242
-0.391919458307506 -0.0457525215590625 0.0652740379520847 -0.0855065769438414
-0.158951126515804 -0.344438876385333 0.0198553756977538 -0.206790811435161
0.205916014508079 -0.336223746021131 0.202563069548012 -0.392421287119
0.33926020699695 -0.194079360687112 0.594846274845935 -0.402121444786621
0.39275405794429 -0.30888044504818 0.251752810098844 -0.287876707030386
0.212758137293286 -0.427134493599143 0.0405718198549657 -0.177513976797371
-0.186108676304989 -0.391644068571309 0.0804545530598554 -0.0137344816688985
-0.460526091461322 -0.0747903843836985 0.124276854813593 -0.0118653800946843
-0.349032430515202 0.215593345308944 0.181451470451911 -0.0990564894918285
-0.160615622282565 0.338533080804838 0.115658034780699 -0.221642259302857
0.0530834466393142 0.383128057076906 0.0294274080013878 -0.257405380755225
0.115684493904031 0.374908134633429 -0.0116126857914356 -0.263074741824955
0.0861350814281419 0.414209091394139 -0.00527345718682308 -0.258962822833973
-0.157458324383428 0.424979978157946 0.0766576046278677 -0.213417944320342
-0.379369971547772 0.266746373723692 0.113944167606558 -0.113199673627085
-0.596409443578246 -0.0313660823994266 0.019127699818587 -0.0674501270118627
-0.304568130155022 -0.495347615337665 -0.0243805765496988 -0.210182660086478
0.235245198235805 -0.568132594880639 0.12068512863776 -0.329728519028804
0.498090240050142 -0.400630171491168 0.40628052700277 -0.29613700045346
0.484584917229145 -0.419782341495774 0.0906111786516723 -0.168742315031257
0.238063229949182 -0.586981889281548 -0.00456039691353146 -0.0671640668741047
-0.268927359658048 -0.513001670918425 0.0914407175332357 -0.013898325266473
-0.599949545159522 -0.0873596219290754 0.0948463837977862 -0.0371830596595444
-0.454714676890589 0.271607971642307 0.0975970578399439 -0.0596200534930643
-0.221725932890454 0.421217943025862 0.0523704390335515 -0.0961291777611027
0.0368288921962028 0.472351481375891 0.0316289234931656 -0.0915369620966437
0.118030232119505 0.445131566276469 0.0309259356539036 -0.093537572946752
0.0891755360452424 0.482614090533474 0.0192010491712389 -0.0876924248807364
-0.188209130539874 0.496907137583124 0.0515567024022484 -0.0618124414568735
-0.442303226164776 0.323073086304026 0.0441659523249255 -0.0198980974018754
-0.69946672758887 -0.00173052146386191 -0.0385813798954344 -0.0305141610942233
-0.405320380278442 -0.55445221147265 -0.0698031349532628 -0.185153687205256
0.213691468828282 -0.695931580868826 0.0419594139679043 -0.222157603309613
0.564504761515945 -0.535187446392997 0.189623666838001 -0.135857970940989
0.504549174628085 -0.475675515746384 -0.120912556325522 -0.0172471375191312
0.227789608029438 -0.668980727316027 -0.0763527916326818 0.0878590175955212
-0.323911449335552 -0.563598813751022 0.0853585187256198 0.0090248563273567
-0.655591211422758 -0.0850203305325458 0.0447938172208493 -0.0488767349326269
-0.489901764069924 0.290621008072761 -0.00987349406355803 -0.00130495658387922
-0.248476408283988 0.444887437541116 -0.0246463369566321 0.0550572855397893
0.0167874970814401 0.491112290658668 0.0285271993128063 0.0952349874607944
0.103299372210157 0.450049767789737 0.0687407584050831 0.0892376822145125
0.074385715275183 0.476327234482742 0.043795501954651 0.0927559535610609
-0.195771334968391 0.485400509632361 0.0244509940536734 0.0991288100735844
-0.436248215420343 0.314013320259487 -0.0291141672463954 0.0834276785107934
-0.675378459767353 0.0117123899663048 -0.0928706157830384 0.0143107690744219
-0.411998350015379 -0.514803800503119 -0.102114679928216 -0.141637253265234
0.176431774207573 -0.68341492015359 -0.0179960726256241 -0.095771348983894
0.540470776330426 -0.569691202660863 -0.0200781905069173 0.0451042131806468
0.438757243767904 -0.456707003766673 -0.3475548103069 0.14527875917316
0.175888523264413 -0.627484474933714 -0.161009248177582 0.257323694676431
-0.311614366584982 -0.50489159155687 0.0582808760047157 0.0495901536607209
-0.578779540570266 -0.0627975148854784 -0.0158866628420441 -0.0409035224139768
-0.431551798590963 0.251040505865149 -0.116869873562614 0.0663869894346745
-0.225875878074303 0.387627049312234 -0.0978647151993513 0.206484599740946
-0.00330248728951655 0.431035936017658 0.0209554860429276 0.272718301020709
0.0726563363159171 0.385580180508652 0.095578116140883 0.25841913219224
0.0437278350996387 0.39873176702702 0.058081891515127 0.254291711662974
-0.181190112525878 0.392885768890182 -0.00909058064324996 0.237987251209337
-0.366541567613524 0.237967775678303 -0.100775689695743 0.165457103724298
-0.52872658810059 -0.00286106745936187 -0.138664871062152 0.0417079843565331
-0.323504282041617 -0.403373305484851 -0.116279150413155 -0.100417990739772
0.135770302131061 -0.551455430997264 -0.0524869228270475 0.0123394028203806
0.43895502974423 -0.505289073003346 -0.19276582075019 0.207751784312658
0.295285569817355 -0.360281174109443 -0.543816114594381 0.290868255518364
0.0934148977570744 -0.458526201543877 -0.236541453325699 0.401797739741016
-0.236221217610636 -0.337953694101362 0.0190165628229385 0.0988619563780671
-0.38150484962089 -0.0274332423383129 -0.0634476694158963 -0.01485487364199
-0.287963072992549 0.161901902213168 -0.192856247087488 0.122553482197232
-0.163116429187396 0.259768585216025 -0.146934874400615 0.323892333288442
-0.0204964650585152 0.297289778911441 0.0146986168148776 0.408957219374299
0.0301267381835036 0.262661725759047 0.110169235426518 0.389951784419172
0.00591892728645403 0.267393815281632 0.0597928829242794 0.376315508920285
-0.144248590657576 0.250485418775957 -0.0509905137374767 0.329638632017554
-0.250325522787827 0.130752832215815 -0.165150692139274 0.207227504969195
-0.315555230113071 -0.0249317124314715 -0.167366313196261 0.0417867054428551
-0.188394997349421 -0.247221236974584 -0.11281190479144 -0.071995404099959
0.0832967159891153 -0.348992032483024 -0.0650598754623931 0.0819397557234488
0.281283329620823 -0.372449392936642 -0.307611739086625 0.32347437264911
0.0983225898471012 -0.198810689170334 -0.673889292128408 0.395102354493501
-0.00913555759687107 -0.204496967953849 -0.281061336464939 0.502680665986766
-0.12123889892945 -0.108130965067549 -0.010262931554587 0.15163877571288
-0.119462373643025 0.0144060564449076 -0.0781572115370181 0.0219326114434511
-0.0992560723505179 0.0429335397609169 -0.21908674628229 0.153418704923426
-0.0774921458762266 0.0859414980747161 -0.16391551980012 0.384390247823905
-0.0377943495157864 0.113689972510816 0.0142015086631186 0.478115255227577
-0.0170304820009714 0.0992398728112272 0.109014707992271 0.462577729705176
-0.029236323898196 0.100879891495303 0.0457713518889208 0.442396327910804
-0.0838877597293171 0.0886135455035345 -0.096687542821725 0.371591006170776
-0.108457185930183 0.0282594996612962 -0.217074906087966 0.20921257684099
-0.0935085019272082 -0.0243611204429695 -0.17891847606469 0.0229238630656131
-0.0671931198004735 -0.0759921192446678 -0.0972566770487367 -0.0517191192955311
0.00995122349878888 -0.136128420344184 -0.0640154347080241 0.114792193698418
0.0932882909847253 -0.204699971265506 -0.357949262697654 0.381700336659988
0.0902852928079795 0.00261528741574862 0.367292404748832 -0.376801269607669
0.09034299512559 -0.0509657251450755 0.0453182803255493 -0.243597781830208
-0.0147950625244917 -0.0962501662638409 0.0506171565369419 0.037181186270991
-0.106162570460614 -0.0230336144627608 0.155511250312121 0.0376731767666229
-0.0601667227226764 0.0599171160499311 0.254914482902696 -0.141847454384218
-0.000828972890659813 0.0748589232404821 0.168410071715265 -0.351959830467463
0.0558501685051568 0.0695465944903017 0.0125747497430884 -0.434022228595939
0.0610539781965852 0.0809698544441183 -0.0768469072651 -0.447918916661884
0.0499558431235122 0.0921874025695468 -0.0301854947696409 -0.452463486645206
-0.0158399972252121 0.0983148794903486 0.110620656105193 -0.374317135095835
-0.0805728956311334 0.0626576861538446 0.192582551914326 -0.193955062791882
-0.134395163433107 -0.0279670231142874 0.0876990297768259 -0.0836756001615922
-0.0125451413077203 -0.129353399991802 0.0582552512785552 -0.1722464552495
0.119636226630219 -0.0581263071441369 0.271576828758205 -0.378599913607247
0.110748350259716 0.0298450744537429 0.702073120815319 -0.380844448328502
0.253870576056737 -0.147262851188108 0.342889421950926 -0.354112440002659
0.163323318482566 -0.228756091266329 0.0506647112242629 -0.229160334421421
-0.0868081515428426 -0.243872790571553 0.0547797868274394 0.0106468823645931
-0.276573571042185 -0.057199332704806 0.130647799994891 0.0254919425634138
-0.208659784034335 0.131127172837822 0.229373797548272 -0.109890912167315
-0.0858781404236584 0.209947523162879 0.159119479453072 -0.292267054053125
0.0532808613350116 0.235828863545808 0.0314151366255604 -0.366158276160042
0.0870184138005237 0.245886645490943 -0.0451666004083664 -0.378064035335624
0.0646845321680252 0.272993934559912 -0.0219900152358654 -0.379958022996657
-0.103798401137464 0.27784076584328 0.0953640428709039 -0.317468201244624
-0.254333675458638 0.16262490289185 0.158206178316277 -0.172476349973929
-0.378179531333529 -0.0533561965820076 0.0526801804913914 -0.0929819881958942
-0.144085715682129 -0.345856796878501 0.0318028622373589 -0.206982511384373
0.213700388416799 -0.32814580362375 0.222101307516285 -0.368432975251635
0.334938622800744 -0.188851243118293 0.594835412010305 -0.350518895149214
0.395864716125659 -0.279316155064311 0.248479850689477 -0.290696409425524
0.227017130639654 -0.404403814526898 0.0308837597660932 -0.174789157142266
-0.160845965383303 -0.389276496579675 0.0646095614881519 -0.00523370876923839
-0.438246002993194 -0.0895542719986456 0.107434661603382 0.00318440671652579
-0.347211658054726 0.194853867692496 0.177250271836817 -0.0788206603324151
-0.169646673904044 0.325850067902351 0.121710610868681 -0.203163702888637
0.0390546275130951 0.372516133796772 0.0409761595451939 -0.244387679597363
0.10123850819945 0.373220561967784 -0.00575085344848457 -0.250385565698985
0.0749444081883906 0.407586588725797 -0.00704038610900973 -0.248106513207527
-0.163078594166135 0.417769692773575 0.0686928674656739 -0.206293862229066
-0.382457085135793 0.254573111806964 0.0978622250959037 -0.116557248370334
-0.574519788810366 -0.0435472598047618 0.000532675891915378 -0.0833867610188505
-0.282925705207358 -0.497760691808042 -0.0104497447570989 -0.218366356261572
0.246846120794999 -0.553139847930943 0.147384050945164 -0.311325772409399
0.489990330834479 -0.385121030415263 0.418170986535777 -0.253924929157403
0.493641435980886 -0.383687905707029 0.085588752655272 -0.18802742940848
0.260522091214469 -0.558741872148781 -0.0202482295953274 -0.0705959017572017
-0.236971633033724 -0.512300411408405 0.0700106308350592 -0.00109752755558816
-0.572161048656381 -0.105512441173674 0.0754014521290495 -0.0189634114267751
-0.450455643420841 0.245156365109785 0.0954517624625701 -0.0386582371491919
-0.231773179490522 0.405842537889606 0.0582874829119016 -0.0811771643017438
0.0201709399008477 0.460894502663923 0.0422464084466588 -0.0811958141084037
0.101064289216198 0.443684666886706 0.0340632042238422 -0.0852798260498591
0.0777002430900462 0.475071097028027 0.0142271030695053 -0.0810106908467357
-0.194786547337618 0.490706893604093 0.0406448361796076 -0.059378907366566
-0.445741691610271 0.312223262199484 0.0253667886770952 -0.0289601608263064
-0.676427622423065 -0.0147644084498137 -0.0595725827405302 -0.0517400355962871
-0.382149660062123 -0.556536200368681 -0.0556602382709043 -0.198804225555515
0.227767479646405 -0.676998270762554 0.0694574812968199 -0.210463985278595
0.555401873007655 -0.510715668814527 0.209484996521843 -0.108232032876609
0.519671112200795 -0.434756716764736 -0.126820746512843 -0.0525564455655345
0.256213793784417 -0.641645715436416 -0.0972334744711431 0.0775142731903637
-0.287122974340402 -0.565039389062737 0.0604871167525933 0.0230231637926082
-0.624071942661308 -0.104115884352473 0.0265731908940709 -0.0302858560396901
-0.483486745688873 0.26314365832376 -0.00936594430495415 0.0165998765938738
-0.254982555654871 0.427674520173952 -0.0188207632401562 0.0637694351331702
-0.000870038016669834 0.479469207245817 0.0352737359541492 0.100562346361495
0.0864327821069442 0.446724139928921 0.0685536992246633 0.0919249980668316
0.0620168448081616 0.469154997204779 0.0361767229721423 0.0940740042258268
-0.201415661814476 0.478986553200991 0.0126286608654268 0.0965061350492779
-0.438364037452196 0.303763120775709 -0.0481297247965841 0.0690263991267303
-0.653975920279693 0.000430876202170687 -0.113179001419142 -0.00972088824293461
-0.390658597917333 -0.516084023398846 -0.090811892011324 -0.158711573157091
0.187717235740895 -0.665627541664052 0.00614103256800351 -0.0909713103109058
0.529925478283281 -0.543293647976267 0.00256750964725871 0.0555274998505883
0.459097462350841 -0.420289805870773 -0.353517649796236 0.0978840703445873
0.206607870952758 -0.603244282231995 -0.182958770310702 0.239641277649899
-0.278298364803315 -0.5087685686613 0.0341135789885793 0.0612535403537296
-0.552082890621867 -0.0808782598134094 -0.0297341515450822 -0.0262714871639699
-0.424179412031739 0.230497815453789 -0.114351538176531 0.0770461557576794
-0.231005083476036 0.373762840951958 -0.0937876080350072 0.207042186721987
-0.0179595243352034 0.42267803302291 0.0234595028184646 0.27204394851047
0.0573907913051199 0.38378981391628 0.09306949959757 0.25590513038138
0.034652013628621 0.393608814260439 0.049946728416552 0.250597623049607
-0.184023282300629 0.388540849040105 -0.0192713632823051 0.229962957564526
-0.367730639408614 0.230334536062096 -0.115754060928109 0.149263094761485
-0.512209758976338 -0.0105699572019625 -0.151894555476878 0.0192700312338972
-0.305994843616663 -0.403856675300658 -0.106992372258245 -0.115549229723065
0.143929248469591 -0.533747299629515 -0.0352324381362025 0.0119467200608703
0.430543322491026 -0.482155922395544 -0.171642845215326 0.201836707149763
0.315789315095269 -0.333995854470778 -0.548484851645406 0.238781485695675
0.117279697954959 -0.444726048598521 -0.255577388283839 0.378771646984128
-0.213311892313132 -0.341382314490437 0.000796152812688466 0.105224285373423
-0.362572379948348 -0.0389340069201413 -0.0708632975471012 -0.00703132203278705
-0.28146813413399 0.148661095552147 -0.188564970977323 0.124146615703643
-0.165366051207182 0.250430618786283 -0.14597853932464 0.31687629690567
-0.0309432845294155 0.293619354536895 0.0139505003342842 0.402158515218686
0.0188390162910042 0.261306538891196 0.104869033735363 0.381090637727215
-0.00025104197142624 0.263157595096677 0.050734807247032 0.368092176294761
-0.144878030642184 0.248320743029167 -0.0582643809937998 0.319582225936817
-0.250069378867346 0.127112082774367 -0.172828807886832 0.190851969899362
-0.305567809171517 -0.0258078955171977 -0.171545520509934 0.0240987116515944
-0.17963961843292 -0.245911410041713 -0.105592929533037 -0.082303283050855
0.0882229565433401 -0.338364178728559 -0.0563023739755221 0.078443186869294
0.275209579718237 -0.354356881009385 -0.292341179572349 0.305106104713552
0.114650649447524 -0.186178791509344 -0.675749372066509 0.342634506493126
0.00660583266434039 -0.202223133761868 -0.295091477714155 0.47698968866386
-0.111892762278405 -0.111627491175911 -0.0215439121806558 0.150806906123856
-0.11254372297544 0.0104793999618718 -0.0786915523904415 0.0215122024279565
-0.0947242745282573 0.0406392551187492 -0.214541844708497 0.145838277256809
-0.0757036027015659 0.0828963043490632 -0.165559179296607 0.370491972649177
-0.0411707838981939 0.114028402843674 0.00678298237487385 0.467746994467693
-0.0222844766302184 0.0975865601957854 0.101183522054347 0.449248342121724
-0.0314217919816546 0.0998028290754673 0.0389352332470707 0.430995508882965
-0.0822131798640831 0.088268787627626 -0.0993305740055311 0.359568197133125
-0.106711723586066 0.0286995070290151 -0.216263333615307 0.194967154038147
-0.0918030271875279 -0.022267262362232 -0.175144886437247 0.0125848221004179
-0.066268584383888 -0.0750525349207321 -0.0921842066328931 -0.0564470641388021
0.0113132844063168 -0.132435139034869 -0.0632370894644672 0.109664413503484
0.0901866242513693 -0.193306110881472 -0.35000983311918 0.354769751662495
0.0890480196148146 0.00441881653973362 0.36301695410048 -0.373462229978973
0.0916242697409582 -0.0509163409323684 0.0431574478693803 -0.241141971868829
-0.0144052611586516 -0.0953758651033502 0.053001294331673 0.0355354996555072
-0.107466032441946 -0.0231090649242335 0.1556210059493 0.0361604489855691
-0.0597530339634634 0.0590470423603746 0.251608669587751 -0.144015542349075
-0.000389823099748569 0.0739168195293082 0.164070897699741 -0.353517382022199
0.0563154571845455 0.06838063312507 0.00955255034521793 -0.433648031684427
0.0619384677861109 0.0803620379488622 -0.0790527889455668 -0.445350534700291
0.0509802214857345 0.0926615680805517 -0.0338454313468972 -0.449603240218376
-0.0158617449894678 0.100127714423507 0.108545617263593 -0.373738530528101
-0.0819145874078733 0.0628225017714196 0.191478040160928 -0.192955531896323
-0.134307855729468 -0.0279324277252325 0.0864324375490449 -0.0815655578957169
-0.0119523339447763 -0.129409896070166 0.059122585765221 -0.170012669857912
0.119641248321947 -0.0561165927071962 0.271722096017063 -0.379041781620467
0.110433960185626 0.031560485078525 0.694887631012622 -0.378597410015174
0.24952877500815 -0.142009166306137 0.338429763522177 -0.351671298690379
0.164032118859112 -0.227396179655839 0.0492856691713615 -0.227667160260228
-0.0856253252380451 -0.23962074232467 0.0584215275242509 0.00831759900632029
-0.27451718434243 -0.0549084807684008 0.13051267096174 0.0229934388680317
-0.205469923060827 0.131009466746048 0.226525950293469 -0.114053972098857
-0.0850159243736253 0.209756731059708 0.156066476643886 -0.294848214991932
0.0539515580965614 0.234078330603808 0.028277975733661 -0.365837417848026
0.0886061198745753 0.242939407766667 -0.0474794442528323 -0.375955888607614
0.0664613220932229 0.271670844673437 -0.0239813392760224 -0.37736147131134
-0.10204927544045 0.279897416833336 0.0937840591403261 -0.317831224306731
-0.254665028604936 0.163116593567424 0.156915308765671 -0.172665295791456
-0.375971975155449 -0.0512066591369179 0.053101165201074 -0.0911015437003887
-0.143094919879663 -0.344563025042943 0.0313844067351294 -0.203897752091583
0.21368440095554 -0.325415256426379 0.221882351876928 -0.368068287897363
0.33260322104534 -0.183584453876651 0.589179258472806 -0.344766568526719
0.390062886699624 -0.272753320044442 0.245894335441486 -0.290034513041209
0.22645115181203 -0.400583136114622 0.0304629886558082 -0.173397979064088
-0.157610604863117 -0.382286816191917 0.0686490008603919 -0.00758597997719692
-0.434220924842522 -0.0857637924755468 0.107463122604781 -0.000130701905813687
-0.342721799893866 0.195944662074847 0.174868821029993 -0.0847170497574825
-0.166840669678243 0.327368369665468 0.11910475747903 -0.204507881382639
0.0406751033161134 0.371052058124838 0.0389843674834982 -0.244704058110378
0.102935767258156 0.370149467318638 -0.00697984181490619 -0.250114645963014
0.0782459698342393 0.40504176148954 -0.00829466165942414 -0.246177576542181
-0.160520183493689 0.419646809762331 0.0677762278357408 -0.20750510463464
-0.381887422110361 0.256012881156796 0.0962172527311146 -0.116216530983149
-0.571288017802617 -0.0393268209405706 0.00186486819609299 -0.0822980232234141
-0.282855924460279 -0.495047092226239 -0.0118583868124197 -0.214414535448578
0.24583558572855 -0.548221714043216 0.147544345015058 -0.310107318638509
0.486535152162651 -0.376557430737029 0.416122195967052 -0.250812154196403
0.486640098341734 -0.37404451356808 0.0849302925353252 -0.190985723228206
0.260578442956005 -0.555088749337499 -0.0199202972890811 -0.070416647368915
-0.233887939693606 -0.504368478912729 0.0736861934307665 -0.00389979502919203
-0.564358250176569 -0.102106630967056 0.0757525155166714 -0.022762044708876
-0.444185013332408 0.248040435083615 0.0941858194801 -0.0461876481850207
-0.227662537583015 0.408571199100934 0.0562553349577369 -0.082565747253697
0.0213516277869141 0.458811160489195 0.0412769767587739 -0.0824657122330796
0.103088504249615 0.439374980031741 0.0349782069858694 -0.0871579107990602
0.0796492713543839 0.471226003694569 0.0141898504417419 -0.0797007117266475
-0.191396983871051 0.49105099941311 0.0402670832554032 -0.061009770626584
-0.443745870741562 0.31245190201512 0.023143228646178 -0.0295881430979413
-0.673569076011082 -0.00965571211827888 -0.0566856207524627 -0.0513176544330539
-0.379370708700293 -0.552949079454883 -0.0583965360833174 -0.194753954504975
0.228101961803655 -0.673746212758278 0.0694792465965622 -0.210422804933537
0.551165980845602 -0.501815929162825 0.210787694066401 -0.106067286141129
0.512031694130083 -0.427116586810009 -0.125099332769713 -0.0575534921488826
0.255134475094817 -0.636545613291138 -0.0961137226819699 0.0760882812467861
-0.282919740487491 -0.556125502730436 0.0639112644614245 0.0209139915777531
-0.617640112947212 -0.0991729981112599 0.0271830527934621 -0.0341150525608377
-0.47720074715262 0.267283526637515 -0.00924273088593462 0.00915186189831844
-0.252468200976163 0.429570903182468 -0.0198073792520724 0.0629826795146581
0.00127193894096248 0.479214963998179 0.0361153804834693 0.0989483859169736
0.0866240715236452 0.444499962250816 0.0703578974048308 0.0886583420969172
0.0637882781742957 0.463432320703653 0.0372121659155666 0.0943330766220736
-0.197044130332806 0.479300398298721 0.0127803239216178 0.0943283613712224
-0.436537203877286 0.304224931272916 -0.0498733528949076 0.069200588340239
-0.648407085220438 0.00642505963606562 -0.110562786179971 -0.0109716806156517
-0.388805986463551 -0.512140501783772 -0.0931308087839781 -0.15516601389387
0.189357658063698 -0.661517023983139 0.00576295102786327 -0.0910958903242132
0.525637787776647 -0.532900808128261 0.007278840163587 0.0564516573065365
0.452061833043964 -0.414078859494478 -0.34905677652443 0.0901758362500892
0.205066022534121 -0.6008884392885 -0.181057898233154 0.237153100042773
-0.276594089796656 -0.500746459858606 0.0367679612308056 0.0591627201801261
-0.545811476162874 -0.0763677105945289 -0.0287295487407852 -0.0294842008948943
-0.420154503605627 0.232306288566976 -0.113139677849439 0.0704189036176424
-0.227312979356974 0.37705009994438 -0.0927532033660681 0.207101078665779
-0.0166694746681575 0.422685091009515 0.0261028482369627 0.270564389375736
0.0577975335023545 0.380817676987451 0.0960703228798888 0.25209055318161
0.0355136141508252 0.388751550520595 0.0521943866958558 0.249831700871514
-0.180379051065803 0.38833866581217 -0.018607190535531 0.22822931857429
-0.364174993003533 0.231013889518801 -0.116858124876404 0.148510165624305
-0.508352070652855 -0.00482272090093647 -0.14917325702775 0.0184627728527995
-0.305082161229143 -0.399566316175073 -0.110005079237271 -0.11283699592806
0.144127425246731 -0.531309937345622 -0.0354333446599945 0.0122406928222206
0.425052078643274 -0.472599489158453 -0.164904319727021 0.202180343269346
0.31122030993135 -0.329672408415101 -0.542205139551433 0.2297174596846
0.116682826211316 -0.442451748122425 -0.252335102915715 0.374516074377477
-0.212137832069297 -0.337489156046629 0.00190588747994744 0.104122578086458
-0.358798657772034 -0.0369413555923598 -0.0702544189645358 -0.0095470143586116
-0.279125859267319 0.151639522905251 -0.186577736667238 0.119414180721025
-0.162899860524186 0.253040756566295 -0.143739590217903 0.317970742804151
-0.0284082029656286 0.293169846725772 0.0172271058027783 0.400861510988284
0.0192754735059762 0.259153273631271 0.108346579091469 0.377535191014216
-0.0001929640768451 0.259378107728628 0.0534454560662372 0.366421717214795
-0.141924082453262 0.247482693891459 -0.056609728974719 0.318237560086489
-0.246493246894382 0.128157984723933 -0.172830010717263 0.19034989407555
-0.301972369441845 -0.0218399177355334 -0.1699994960707 0.0232234319314025
-0.179395768268819 -0.241425675196589 -0.108428012410348 -0.0812602281036415
0.0881090935463356 -0.33685355208008 -0.0569965590739922 0.0789575375759427
0.271655087473912 -0.34915149684604 -0.283082897443722 0.304527052813684
0.113556406361517 -0.185199936875121 -0.668577918815864 0.33368384981837
0.00613797370534423 -0.200513549092595 -0.291930152739819 0.472562330518776
-0.111795705122968 -0.110480977238312 -0.0219455544741464 0.151719937012052
-0.109915894926253 0.0110318862719947 -0.0775235381397967 0.0195679107743242
-0.0939059040804317 0.0422526790185225 -0.212958388577243 0.143510127037316
-0.0743911304492663 0.0842542177444747 -0.162180385003676 0.371384178269705
-0.0401836382520053 0.114451265320502 0.0109954161418825 0.466001089034785
-0.0225713077968978 0.0966739842579556 0.106147545171562 0.445328447697819
-0.0321899177374321 0.097214491677474 0.0425016085749056 0.428263721719058
-0.0804351060810004 0.0868139140185794 -0.0968975923350412 0.358400917282308
-0.10409383500243 0.0295364469207991 -0.215405916551729 0.195423267593521
-0.0900686053028482 -0.0194682814858264 -0.173218116604525 0.0117368733598116
-0.066917250092148 -0.0720335805521691 -0.0942384340840721 -0.0560183597201178
0.0102119531273585 -0.132961847489848 -0.063520821702375 0.110316501431896
0.0880453851337565 -0.191968793351785 -0.34092685863539 0.353712289522691
0.0904443515834531 0.00635396811207302 0.366254699433789 -0.379948750075918
0.0947050634567069 -0.0530873419135538 0.042197468107135 -0.245154695277029
-0.0145266011207077 -0.0973365532141901 0.0575931393086485 0.0342221632104273
-0.111142190852701 -0.023195920117054 0.160322017070498 0.0350160163473751
-0.0612065722647467 0.0596543180082573 0.254072161529186 -0.150908121098638
-0.000127547748819598 0.07494615069971 0.163074742143585 -0.364964588174239
0.0576055695867335 0.0691924381602282 0.00444814603594913 -0.444677504239456
0.0647918156737766 0.0813365455535215 -0.0867632607643639 -0.454126388254167
0.0543043236614947 0.0953030175811596 -0.039290132798278 -0.459513720792525
-0.0157834519671086 0.10337967829012 0.108770833482677 -0.384597740354562
-0.0848785542561637 0.0650213269763297 0.196566242690554 -0.198819806005983
-0.137874748202846 -0.0279331985920233 0.0884759509565169 -0.0817842197920359
-0.01162504156909 -0.133427310970929 0.0612010008611911 -0.17283581252486
0.123034678771897 -0.0565554292729125 0.277250883695318 -0.390791063077518
0.113088448420653 0.0334940631391025 0.704575943098861 -0.386707995270063
0.252567031512926 -0.141329915535001 0.341958332602876 -0.358522262620415
0.167735555714065 -0.232601321725796 0.0484311149349935 -0.23164412753903
-0.0865656204940559 -0.241946607388519 0.0631659707227852 0.00527111713892784
-0.279868035122778 -0.0534119044496305 0.133943621855336 0.0209385024684441
-0.209177873115766 0.135478447889593 0.229460548682113 -0.122303479314737
-0.0849817796452407 0.21639984171595 0.155230067587033 -0.304650714874485
0.0565340745337415 0.238850559742177 0.0244768129611253 -0.3753115662067
0.093047440802105 0.247386626904871 -0.0528128427253226 -0.384499758047463
0.0719696768450545 0.277512194239782 -0.0289350498153103 -0.385185643001423
-0.102113875784314 0.290205539638165 0.0937183830392435 -0.327398073658143
-0.261611237457046 0.168925497838597 0.159657321947904 -0.177185857614903
-0.385006566211497 -0.0500145121628017 0.05512173146996 -0.0923908515766699
-0.146390552556257 -0.352377629621431 0.0317137940069216 -0.206659089596589
0.218772930920237 -0.332637761158625 0.226903060351846 -0.379135538425526
0.339830580997086 -0.184946268943466 0.598743042327487 -0.352843568238903
0.393476710226603 -0.273188896162067 0.248579723939067 -0.298809876468518
0.23112534151858 -0.409406594476188 0.0296054749712932 -0.176776335177907
-0.160045873651953 -0.385794786166915 0.0741603013640968 -0.0115068313195895
-0.441542767447727 -0.0834706761406606 0.110449740612845 -0.00328334675665692
-0.347199098918786 0.20248853326952 0.177111009440025 -0.0928760678432816
-0.167994585138031 0.337963129490448 0.117567736684519 -0.21145129870535
0.0447004281149809 0.379625433008352 0.0371008384634068 -0.251624242592393
0.108088376375236 0.37660089831286 -0.00900002819327434 -0.257234929464478
0.0835170831820874 0.41227399495662 -0.0100510590714258 -0.250578080766886
-0.160178456032685 0.434509828794469 0.0673151363801147 -0.214943715181114
-0.390960925500038 0.264589872357084 0.0971402187718869 -0.119535601828431
-0.585245153137449 -0.0358347950227469 0.00356963753793183 -0.0841477884452853
-0.289327567388536 -0.504286362593552 -0.0141106353334165 -0.216792196110584
0.252702841139586 -0.562659515309002 0.150442530276371 -0.319909980893285
0.49682177411682 -0.3803188388438 0.42550730283211 -0.256913911474957
0.491078486423538 -0.376588190188876 0.0856555083850203 -0.19894913943371
0.26501373658349 -0.566325538574092 -0.0210256989031034 -0.0718907478597203
-0.237849548550184 -0.507868997046147 0.0790032463762281 -0.0079124720342111
-0.574747005966443 -0.0992957356435905 0.0782349096560754 -0.0265999270822676
-0.450758310113417 0.257942983465451 0.0949582423254612 -0.0549677256924629
-0.228509263611984 0.422399211005549 0.0555264692373644 -0.0859297815270949
0.0264074134530875 0.470642885075019 0.0416936178620588 -0.0859215271433779
0.108787970527738 0.447284143517955 0.0358304430015083 -0.091853420708228
0.0857563288690122 0.479551854202538 0.0148926779467504 -0.0813951056789037
-0.191275192877196 0.507748259538187 0.0405296156209331 -0.0644840378331298
-0.454209089890538 0.323087898934632 0.0223318203948276 -0.0295891697823461
-0.686609032394982 -0.00279086753713072 -0.0565136909881628 -0.053034539243001
-0.390085421966935 -0.562164474791289 -0.0623208981563478 -0.195974141614542
0.233522605341012 -0.688102467734126 0.0710003333078862 -0.216410615580894
0.56144242247873 -0.507882200616558 0.217599045189695 -0.108725003515994
0.5185149637525 -0.42968828541077 -0.127315665927903 -0.0641134294339426
0.25839661232492 -0.652589270014049 -0.0979469119682916 0.0775731877602089
-0.288969496107314 -0.562881319369697 0.0684154164323415 0.0176277426627256
-0.628189601325011 -0.0968692927789561 0.0286417448865645 -0.0381600120587582
-0.484654670821994 0.278625530214586 -0.00981653290057653 0.00153429949991114
-0.253180229227623 0.445862864049554 -0.0208421633263209 0.06421085638331
0.00570934783724676 0.490558045273799 0.0382117868718277 0.10021928250217
0.0907991302751899 0.451790605372505 0.0748188448654209 0.0870778309364499
0.0695063505157034 0.471811922765869 0.0404118064660443 0.0968104350941586
-0.195404518745356 0.493806739007514 0.0136411042127587 0.0951704347387741
-0.444372351732654 0.314763891246452 -0.0522402872683561 0.0714721424350939
-0.659921881329728 0.0136121833298807 -0.111333891653859 -0.0116838873782148
-0.399254924500742 -0.521372146136998 -0.0991924113144452 -0.155408051129468
0.192820253174239 -0.6766585397797 0.00547249560466421 -0.0934937711484527
0.53503194968314 -0.539866039244809 0.0122480445327326 0.0581239904299051
0.459938681573396 -0.419550376565939 -0.355028843548121 0.0865546022220031
0.207777319063158 -0.613086372429993 -0.183301849523502 0.241669449019377
-0.282696629413807 -0.506832730435427 0.0397874526159038 0.0589100434995772
-0.555547905332867 -0.0720692534667034 -0.0288485710316557 -0.0332971172411257
-0.425478648792471 0.242887573271638 -0.114950392982411 0.065660481193826
-0.228268418741613 0.39034510967472 -0.0934987490241812 0.213450017599823
-0.011682935937223 0.434321802252516 0.0297889598439556 0.276179022803909
0.0620356047141039 0.387863645341791 0.102630531155282 0.253806931893142
0.0383381849949805 0.394437952809876 0.0565794055352988 0.255114454152053
-0.17965457482618 0.399963834868997 -0.0175379500192776 0.233103930192237
-0.37074757652738 0.240408365493683 -0.120337426971126 0.153462414189519
-0.5158556004979 0.00113410392648214 -0.151636691626514 0.0174943316622497
-0.313285913225153 -0.403609807679362 -0.116228870441454 -0.112560688966336
0.145180633856232 -0.543852283336788 -0.0368977064147765 0.013018571340502
0.430655101907739 -0.480666963483293 -0.161307871639039 0.207865117544298
0.314663269484702 -0.335726346404359 -0.552669797261214 0.228444620877824
0.118028968717695 -0.452881622227493 -0.256075335481572 0.383244746814985
-0.217099189381177 -0.341701508963865 0.0031551762937589 0.106279150590168
-0.363908363483326 -0.0349740864018494 -0.0716049148710959 -0.0115408886134959
-0.282466169872365 0.158428156585651 -0.189755613439028 0.118478233311606
-0.163168924876985 0.26256848925419 -0.144101085563019 0.327587699581216
-0.0254038056144886 0.301393039597685 0.0224657432610901 0.410324345493989
0.0213354068603075 0.263982950253998 0.116056032386148 0.382369420571079
0.000812476785856118 0.263039617345395 0.0591173123876714 0.374249210636489
-0.14205530478878 0.253507762864101 -0.0559228022956244 0.325660480863418
-0.24990177939783 0.13256899022478 -0.17759062852485 0.197141475211598
-0.305804792393032 -0.0166125987955553 -0.172712049329492 0.0232963381939343
-0.18439343105822 -0.243400946086417 -0.114348310773108 -0.0808814106518992
0.0882416223365041 -0.345629448293752 -0.0583970242900986 0.0820753334373793
0.274310707673136 -0.354290315166077 -0.280883423356843 0.313580017101644
0.115122351773027 -0.189472790093873 -0.682084067850354 0.336721251831224
0.00541909597334249 -0.205657867663618 -0.294991377317355 0.481343544841572
-0.115143750269307 -0.111630249794541 -0.0218649501817294 0.15655410878786
-0.110803165677971 0.0117301278961659 -0.0789667195763868 0.0189084498251248
-0.0951518189729016 0.0452667365415935 -0.215747715147424 0.145894793134593
-0.0747625843986571 0.0883396367278791 -0.161837462964257 0.382987247042844
-0.0392151106020672 0.117904427623177 0.0169380608907853 0.477046289668869
-0.0231446941309671 0.0987119936510217 0.113463649321033 0.452678612957013
-0.0337907288162233 0.0979508541468499 0.0493023654505366 0.437035295889164
-0.0809454415322924 0.0882693546579041 -0.0961089213366169 0.367962591598146
-0.104077526056375 0.0308489673389154 -0.218773708373564 0.202299139605727
-0.0894107465577729 -0.0172086047804108 -0.176879924383505 0.012116542686405
-0.0694671045353078 -0.0704297144540182 -0.0992824189175662 -0.0567741519793372
0.00825077516331048 -0.137165354038704 -0.0646649157938068 0.114478225139504
0.0877807444860264 -0.195834168764348 -0.339423965657251 0.364246891982891
0.094619069972677 0.00640063955600067 0.36886993521506 -0.400238470348949
0.0987292579815312 -0.0582546667943094 0.0363204599675464 -0.254409055290383
-0.0170323447787449 -0.101166367999936 0.0631371528278576 0.0321355898970602
-0.117446600399083 -0.0199773074473958 0.167619907658548 0.0298395826839765
-0.0626629534968185 0.0629776578391317 0.257676816015749 -0.165931472847334
0.00100106286288833 0.0773527824005443 0.156335808234353 -0.386455701132533
0.0613349964376298 0.0696823241495307 -0.0121709648126054 -0.463491431346144
0.0708286024150111 0.0820751207290905 -0.106498161200134 -0.468231104451281
0.061130458578043 0.0978713222007007 -0.0564219637774982 -0.475723333020088
-0.0131133923080842 0.110288094940712 0.101522578207734 -0.405060251371851
-0.0885114514043861 0.070102373297285 0.200190879027986 -0.211768508103672
-0.144845741860554 -0.0248308676810929 0.0902272796417137 -0.0860445158462354
-0.0150818972520497 -0.139428060638253 0.0605967271842586 -0.180911447311787
0.12775568341297 -0.0608425857804916 0.279033991451086 -0.416183966254617
0.118776992785945 0.0330159659496898 0.717526943707693 -0.418475818523754
0.257735664312747 -0.147772939134653 0.34485067640715 -0.380482426083365
0.170013604120676 -0.245693377606218 0.0436767287863167 -0.240252084426074
-0.0936255366955606 -0.247212649828263 0.0686297544537875 0.000380245078110002
-0.292317894295108 -0.0465030840650756 0.140459015686794 0.0158350757960394
-0.212856468241095 0.146654133443945 0.232681448870844 -0.136476503113646
-0.0815416212308068 0.228051792561052 0.14986766619282 -0.32378277582936
0.065882407292969 0.246456586852476 0.0123301051372126 -0.392212800716865
0.10553491612689 0.253914814125642 -0.0672203437997371 -0.398461947303737
0.0850490370473216 0.285514982275003 -0.0419749984179183 -0.398119670808447
-0.0962624661866621 0.307088482238095 0.0868529079273449 -0.345004478254205
-0.269318889340533 0.183813012171413 0.16219600936241 -0.188540921759184
-0.402502666290838 -0.0395286143446419 0.0559326988135037 -0.0970950569394667
-0.160894932039829 -0.36337482537062 0.028008059913479 -0.214720945581731
0.220699660297867 -0.351725171533225 0.227390576054982 -0.40161457972286
0.3485962650939 -0.197452559344753 0.610170826974117 -0.38097094967328
0.400027236970813 -0.286363378823223 0.249555902055386 -0.317484445219816
0.230982931099949 -0.431017127580762 0.0261241895325386 -0.183929799281409
-0.173393380212695 -0.391597936198193 0.0799661362737753 -0.0182706266965158
-0.458556323506216 -0.0727117956858927 0.115169516291372 -0.00899377022661339
-0.353514281286839 0.221110750528633 0.178477601947313 -0.107493032701747
-0.163274077772366 0.357979586865429 0.114530361289629 -0.225178492197157
0.0582592315594834 0.393798868838665 0.0294506171028939 -0.263838391901094
0.124448162766611 0.386629745930605 -0.0183515993277032 -0.268869773992665
0.101266979297212 0.425468777922302 -0.0183743534151829 -0.259650822668788
-0.152509419184115 0.459046246961101 0.0630546894116712 -0.226847955856334
-0.401182069770526 0.287684549849021 0.0978101472144058 -0.126900144444276
-0.608297279687448 -0.0185141955041054 0.00307907563710861 -0.0878802261256514
-0.313711812269963 -0.518675220511511 -0.0204338061539247 -0.222715137408598
0.249651388499058 -0.591101261030051 0.148861718095208 -0.338548916502531
0.506181213737933 -0.403315146808837 0.436777939857116 -0.27617510070103
0.50083062992275 -0.39466342732486 0.0833515401942547 -0.212299022522722
0.262358049083239 -0.594730077870629 -0.0237854186790496 -0.0747346817913138
-0.256610897149728 -0.516771317866168 0.0852754526018235 -0.0147790303848785
-0.596285331021893 -0.083757576206391 0.081219529916107 -0.0331198160287515
-0.457637963066599 0.280625188367269 0.0950690695348964 -0.0663705097964181
-0.224153839837466 0.448118197764155 0.0536322010392942 -0.091801789636553
0.042509431874753 0.489091611228602 0.0398301683144745 -0.0918310967553349
0.126304417620878 0.46083233295347 0.0340367046570656 -0.0996678800144026
0.104487786058491 0.494192486831276 0.0132875549470822 -0.0841514685082921
-0.179915290605604 0.535523743931768 0.0396328541369938 -0.0697753570353715
-0.46464030385849 0.350223288867059 0.0214146246262679 -0.0307114520972552
-0.712456308887377 0.0193528040223075 -0.0584639928618031 -0.0550896781114067
-0.417946789813503 -0.574290232477411 -0.0720125852937528 -0.200342428625133
0.226598221659164 -0.721449480132257 0.0683901929217651 -0.228692211618171
0.572348155666524 -0.534945142867056 0.226435068811843 -0.118563392119947
0.526043995866494 -0.453523821568634 -0.134156035499242 -0.0694281496463238
0.253372718699732 -0.683525571107512 -0.0991477897411906 0.0821553555912062
-0.312021063447844 -0.572664392701015 0.0741951356284218 0.013402566809112
-0.651812439620568 -0.0810187962789272 0.0293110410237293 -0.0442493048337455
-0.493102524832405 0.303930550307668 -0.0115931767169923 -0.00613598891312549
-0.24715406668324 0.474175791385645 -0.0208131880122715 0.0669371649549443
0.0230416661109492 0.51226341285413 0.0432305951471025 0.102598109910918
0.108666451519318 0.46570027692729 0.0804609148979526 0.0850381402048464
0.0863504946920102 0.485613747079307 0.0451641497898891 0.0992553920335182
-0.186886715511647 0.521983477296651 0.016260263479832 0.0973053766583734
-0.454118690364456 0.339959146212664 -0.0536165546415764 0.0772017315163164
-0.682913424189008 0.0362366242318511 -0.11486064032184 -0.0114257110274509
-0.426487543867535 -0.52896045408093 -0.110177318386848 -0.156481491178271
0.184426138872832 -0.709482394628 0.00294047814937594 -0.0980126844997417
0.542982617595367 -0.568548952797445 0.01885399545964 0.060011562339031
0.464815217879565 -0.441706851083545 -0.366733714046784 0.0912774014207862
0.200900756377185 -0.646201516239104 -0.184535706232861 0.254941867199134
-0.305301082847512 -0.516377604031233 0.0443774800457687 0.057895589854721
-0.576763478308188 -0.060979402783135 -0.0307337402645473 -0.0367831696346774
-0.433870652803942 0.266663994026058 -0.118344050550248 0.0643550351596192
-0.223519832891658 0.416700072840364 -0.0910407026494015 0.225488155471601
0.00278559868582142 0.452365874152099 0.0414619507174849 0.285687011757985
0.0751555026535465 0.400481362707794 0.115609606746096 0.257513641939703
0.0511955101356823 0.406736807587989 0.0673341565289078 0.263752976231329
-0.174187578348381 0.421616224292976 -0.0116830187991054 0.242875156106768
-0.378288787465426 0.26055562569066 -0.121910914449049 0.164791044833287
-0.532747857026493 0.0200436628514505 -0.156311480117813 0.0203413720851646
-0.335807791011317 -0.408617309754908 -0.12738659365866 -0.111594635802532
0.138246471861081 -0.569953947834266 -0.0386960534459587 0.0144248866298692
0.436344987908235 -0.505122373480301 -0.15587722833303 0.219971750477863
0.318707674886308 -0.352936710477197 -0.568942498965984 0.244903615102393
0.111979046999768 -0.475608343018543 -0.255917970308526 0.402794411345126
-0.234283457157748 -0.346341266752665 0.00717233980558063 0.10992024496477
-0.377310791929214 -0.0259066179904322 -0.0739369958263055 -0.0127899644122038
-0.286910251079404 0.174510416983791 -0.193968518795272 0.122854763114897
-0.159322213533595 0.280620894131304 -0.138730240978544 0.347246519460029
-0.01511608868985 0.315315694413207 0.0383856941686378 0.426624342273935
0.0296490363273262 0.272747742101608 0.134159475760511 0.390914570676616
0.00765569396135612 0.271617432349079 0.0744812382379974 0.386021390861353
-0.138266167050975 0.267930905711245 -0.0475302854870968 0.341014992088892
-0.254601496681539 0.145007008170739 -0.18013348506355 0.211561048820002
-0.314463068325976 -0.00641138997602676 -0.178583496189416 0.027441596935643
-0.198162539623454 -0.24444455745993 -0.12435929255982 -0.0793786132102885
0.0820343844718022 -0.361917201832582 -0.0586202922210358 0.0870736416754712
0.275011232278488 -0.372625685566064 -0.27626455993465 0.332833043341573
0.114359867048571 -0.199833093255932 -0.699249619531771 0.358899972802801
0.000390030981210464 -0.214337726583898 -0.294052860436695 0.50848462489779
-0.123439841082464 -0.112155492202742 -0.0189340034300289 0.164423929294055
-0.112678738611635 0.0148578119784065 -0.0817359462541041 0.0206250167691859
-0.0960024280480948 0.0508505494293124 -0.220179253558523 0.154622997299301
-0.0735462796100531 0.0950338323273409 -0.155042136693836 0.403710076765677
-0.0360363997337893 0.123679086130711 0.0357739491091961 0.495745584904855
-0.0217455266085206 0.103273795878984 0.13435197779433 0.464875325657366
-0.0336613886171279 0.101592819437579 0.0660518416934121 0.451913128609206
-0.0810268953924988 0.0924028068828445 -0.087778277684982 0.386133088568879
-0.10455750397991 0.0348015242921479 -0.222712424001814 0.21758220234936
-0.0910423747013401 -0.0140407063300751 -0.183820238379819 0.0170541599332397
-0.0748283906372901 -0.0691650392468001 -0.10776271671797 -0.0552300507098805
0.00386735946696592 -0.143563225800951 -0.0646499615859837 0.12138335234077
0.0847911248387594 -0.205397505920393 -0.335418874255415 0.387205602650236
0.098992582698817 0.00303774168201449 0.357878036689652 -0.434298364719319
0.100451325762664 -0.0665684840786566 0.0221735760878165 -0.263185723440712
-0.0217867890640205 -0.104091489775523 0.069394261655818 0.0262950693310988
-0.124600164863463 -0.0134733407986332 0.175810719990293 0.0188909059382166
-0.0619538324589537 0.0685386564376426 0.253506425840917 -0.187727362121949
0.00464132174864026 0.0793929805281947 0.134270919507163 -0.410533193465043
0.0668479473024277 0.0677520259599014 -0.0437430902050941 -0.478063740436771
0.0791043504125638 0.0798606117833916 -0.140025763602893 -0.476003477103405
0.0714752425060482 0.097961202376993 -0.0891828374074989 -0.487062272011532
-0.00609582853125331 0.116241694057896 0.0787212790463101 -0.425487496680597
-0.0890027795540921 0.0783577497554588 0.196033149941887 -0.231544138442892
-0.151711923192211 -0.0167054961291086 0.088548854747645 -0.0928988166907271
-0.0230217124119708 -0.144483207110858 0.0541779979406969 -0.190312214734823
0.130286710064713 -0.0698086012131851 0.263772515721825 -0.447882703832141
0.124024562722051 0.0287407606107248 0.711796586231972 -0.470898064367479
0.258133849292637 -0.162540639198949 0.334954477229056 -0.412763438755221
0.163101189335284 -0.263918110171031 0.0308541231396257 -0.249849700950166
-0.108078447370745 -0.247654385533267 0.0740730578814663 -0.00746370696571598
-0.305130510486671 -0.0291442000729655 0.146410638547241 0.00547780511642571
-0.211889742981489 0.16407342834543 0.229348073113507 -0.157407904358886
-0.0706880479530867 0.241221904515902 0.131763784825011 -0.344529002831991
0.0831990946006818 0.250962660720499 -0.0147510158917678 -0.407034032939604
0.125309735104662 0.254597042099603 -0.0960362274086145 -0.406949167718349
0.107391673584172 0.289894913920003 -0.0692036899160579 -0.408108186913578
-0.0791258459697102 0.325719654069492 0.0680248131072339 -0.363948828240011
-0.270472500091013 0.207330104964013 0.157862955042659 -0.205904754857019
-0.417652159328856 -0.0149942337270318 0.0532112307143749 -0.104015669603
-0.187693829880799 -0.367733203395519 0.0180900249010626 -0.221930595899348
0.209882108741457 -0.376093090795626 0.212110397993328 -0.430916641345052
0.349790897207474 -0.220417348042381 0.608290306162491 -0.426848492184856
0.397636604625903 -0.311964392786962 0.238572294493358 -0.344027684782451
0.214871373521037 -0.458196801237151 0.0164000980412118 -0.190970729390865
-0.197551909626673 -0.390731423414055 0.0842573398538005 -0.0278230738680151
-0.475936256581776 -0.0469373600295753 0.119030890721742 -0.0198133008467862
-0.351388628634322 0.24975722856032 0.175307395680931 -0.126680859828319
-0.146295192873614 0.381507305723447 0.101787467358598 -0.241450096664493
0.0855943780483829 0.404336752424513 0.012552055971625 -0.274963744854094
0.153421559144473 0.390421993741783 -0.036865467208533 -0.277736425163964
0.132527164603727 0.432341074035949 -0.0352240479610385 -0.266889266776817
-0.12702307159315 0.486370231948034 0.0506291682552105 -0.240382175856587
-0.400014150940956 0.323113084392915 0.0939620450398973 -0.136804065155806
-0.62723121572154 0.0198046075415709 -0.00139412902177795 -0.0924974098793325
-0.353587188919102 -0.517329373420861 -0.0343170369153628 -0.227622867017507
0.227959691108332 -0.625850088687484 0.134578316922377 -0.360958814108563
0.502393540290895 -0.439594801835675 0.435326191385308 -0.309423437278189
0.492697836312608 -0.428095739026992 0.0725180802540705 -0.227469218167343
0.238319562535862 -0.630811132390181 -0.0286860308438778 -0.0757985604381811
-0.289719009551284 -0.514263487305462 0.0896271590201574 -0.0242889640837338
-0.618806074754482 -0.050592766939205 0.0820155770695951 -0.0431861869709996
-0.455253230824327 0.318473854414075 0.0912233115940972 -0.0818423947903135
-0.200808200634357 0.480809719839589 0.0478439734989824 -0.0991523642103282
0.076639669623079 0.504737652028833 0.0344618260186127 -0.0978112874260946
0.159183276562201 0.467259924292809 0.0274647234424914 -0.106955229819795
0.138507453615841 0.502895505358752 0.00898393530600042 -0.0879252514340559
-0.151705852385997 0.568361958259545 0.035991935102386 -0.0761642060174606
-0.462488943999607 0.390677056269657 0.0206440721621639 -0.0324320609075044
-0.731330775881774 0.0642297952106764 -0.0630630771684527 -0.0558832257812283
-0.465923634462374 -0.568663031773548 -0.0869532657335563 -0.200106726580223
0.195432093556867 -0.761164291498628 0.0567928847486858 -0.242405413037752
0.562736068256366 -0.580198463435677 0.229837493185313 -0.13413420420777
0.516317066914552 -0.491166833583425 -0.144374285607703 -0.0697674565581406
0.223165138647115 -0.721986135781549 -0.0982380706193577 0.0896375769184273
-0.351723166865362 -0.569628690405364 0.0789165222040811 0.00606590142128232
-0.674839517513451 -0.0442604788190985 0.027653439175588 -0.0511609533363351
-0.490268351435277 0.344187418665322 -0.0153628315750757 -0.0138401548851831
-0.22435162667169 0.508542710527282 -0.0183853743013099 0.0701870876753805
0.0587075853520353 0.529518889634816 0.0509050099443686 0.102749638947063
0.141517323909515 0.47399689781162 0.0876255307515823 0.0795697052894076
0.118116239320169 0.494140035985407 0.0535942618446701 0.10018630168641
-0.159602142627049 0.552218324639153 0.022139717497378 0.0987519587446107
-0.451871952805777 0.379685669426677 -0.0514701617417073 0.084389978067726
-0.700931453869857 0.0806775511967041 -0.11893200564009 -0.00774156800825459
-0.470839981950145 -0.521595260037813 -0.125061484255686 -0.152656642090747
0.152679187321646 -0.743590598448241 -0.00298093781207808 -0.102431395794947
0.528863761844677 -0.613709555360806 0.0276425075202808 0.060767917909436
0.455272571234636 -0.477654799139808 -0.375821162131833 0.107745690675534
0.171313842905332 -0.679228252617823 -0.175938663387126 0.272431015504389
-0.343244130028617 -0.511399124301339 0.0505151916821584 0.0551597176460619
-0.597356585360263 -0.0282331443775758 -0.0339326945873805 -0.0393677364663118
-0.429443393341353 0.30289354570093 -0.121141175640545 0.065606028374173
-0.201566941144383 0.447391800515623 -0.0802910005097065 0.238563169723067
0.034963319680522 0.468876410491042 0.0620062488118995 0.292358296163352
0.102807853710997 0.408675157021754 0.134871973043639 0.254625124361649
0.0766679980598084 0.414817554346576 0.0870097148883002 0.267957180956253
-0.152208403475016 0.447359024274359 0.00274779774061169 0.251510729515789
-0.375871570129853 0.29256333878027 -0.117611779437498 0.179517470511143
-0.545457973042312 0.0545995739981492 -0.160761163554193 0.0277761267254086
-0.370379211032745 -0.401070502360377 -0.141618758275213 -0.104989392794845
0.112411985877644 -0.598461264396897 -0.0399517510860325 0.0171124647069821
0.421761416460742 -0.543334209252482 -0.141780096942564 0.235705599112762
0.308516748246638 -0.379888785672251 -0.575541564706991 0.275972379403937
0.0881628222104344 -0.499715708556312 -0.241356362544902 0.429613606584508
-0.261302541023937 -0.342683347105598 0.0144353959597362 0.113035076607951
-0.389649797314828 -0.00451427225556791 -0.0779092538617089 -0.0105667507879788
-0.284907877064499 0.197877133891402 -0.195205547530638 0.132754708978952
-0.144611987881574 0.301744296853474 -0.121426716569228 0.368386726611038
0.00650280623285851 0.326990893218109 0.0688879982365851 0.437552793282108
0.0472121055923565 0.279454813769902 0.162936133634934 0.391759041198323
0.023239852714667 0.277092674425198 0.102556612323334 0.394422212443749
-0.125879961114304 0.284655301111664 -0.0277169260961976 0.356801701175909
-0.2534446539856 0.165472173196264 -0.174125923704818 0.230586905874515
-0.321773126055131 0.0140816020699477 -0.183255017355274 0.036713526208015
-0.218908307311309 -0.238301208719694 -0.136451894374563 -0.072434510199601
0.0632619810407284 -0.379423882950743 -0.0562008542479793 0.0943313893929898
0.262419998472857 -0.398263949534513 -0.258951989934944 0.358530834830465
0.106176053980835 -0.213300706785825 -0.703630539835224 0.404557932914859
-0.0120651159712571 -0.222586435905589 -0.276279497587332 0.539091073313515
-0.133988759285957 -0.106877406403653 -0.00950296581387859 0.17219028663998
-0.114392193041671 0.0207771337057516 -0.0832514257583066 0.0246849804768349
-0.0952182917043151 0.0586723472669879 -0.218811386968648 0.169515558795945
-0.0683635346000383 0.103937421291786 -0.133812454298538 0.428259940160323
-0.0278770525098535 0.129944551815985 0.0712701380568983 0.508780494786325
-0.017059776310744 0.107823983066812 0.167744035758731 0.469838361793598
-0.0308402902522947 0.106028065327056 0.0970557511280277 0.461379236707493
-0.0775630974707287 0.0990545903485745 -0.0667040637724622 0.406141148653081
-0.10419409537242 0.0421681129740564 -0.217325858947957 0.240179075564393
-0.0915625847501551 -0.00751044446313063 -0.189294849858354 0.0275760463864285
-0.0818306979060023 -0.0636534050707658 -0.117557542136291 -0.0493565971572313
-0.00597799969562655 -0.148838380612072 -0.0601994681578888 0.130800195488084
0.0749594578176012 -0.216207004107714 -0.316696620235007 0.417448350340322
0.0819611308911569 0.0477905837992963 0.519769193283999 -0.245896363120051
0.119985455015033 -0.0154283441606321 0.129833910061532 -0.231874295721825
0.025229269622431 -0.106886328689378 0.0532563219242019 0.0546365216314437
-0.110475696560054 -0.0662818185484534 0.153892016452747 0.0939506311432456
-0.0916067615954719 0.0335389926457461 0.313903016125352 -0.0617158574628768
-0.0337462629905735 0.0737960546325033 0.300514473594663 -0.319012394897962
0.0307647154852529 0.0865407963981829 0.164218443903279 -0.456940522013344
0.0384522873105686 0.106922369244071 0.0698467074107098 -0.490487123959015
0.0235804098307602 0.118849717397009 0.119200785598881 -0.479820737946965
-0.055761453112611 0.103393150154836 0.246515296003121 -0.354692665648541
-0.117643820978085 0.0335200621302008 0.27565923399218 -0.129016678145732
-0.130228468896291 -0.0808346222077545 0.117164823643131 -0.0481759472475629
0.0441090883376753 -0.145360512057232 0.138656353263894 -0.151271820720406
0.153859714577072 -0.013410219241936 0.446197207098599 -0.292961769361091
0.10045938935172 0.0785356897218412 0.862933480063712 -0.0952820794635898
0.300038389017796 -0.0327479038626003 0.483324795055607 -0.241528016615236
0.262318782923279 -0.169311351879683 0.127449050347921 -0.211534783151958
0.00909790170883801 -0.274337633201401 0.0698173432035132 0.030338051799455
-0.266219710444282 -0.155141480459672 0.13202460968936 0.0739397229295432
-0.267973963454286 0.0565129300313481 0.283388339229537 -0.0390514148013291
-0.171085456797291 0.191009101545403 0.274740012025974 -0.258764288111612
-0.0304521394524036 0.263844389118988 0.162381311736876 -0.378934849712236
0.0061674181165453 0.28936364020875 0.0822746452422871 -0.409675612079971
-0.0235986127872567 0.30961716319471 0.102832975413313 -0.399936619586755
-0.208547156163829 0.26784958903017 0.207536535606239 -0.303805529455299
-0.339752327786788 0.0766122969239292 0.222700237882897 -0.125497269107674
-0.372596036934585 -0.19030016861848 0.0845373649869442 -0.080919857046528
-0.00996815453657842 -0.420674152545811 0.122740451332478 -0.202389630474869
0.35789364320923 -0.259634507134188 0.397574436160292 -0.295554501385557
0.412676801713033 -0.0517870322568719 0.750877817839566 -0.0979648304604024
0.493037201811275 -0.105971343182739 0.362016980049886 -0.225938135457966
0.395111064788833 -0.32633881535164 0.0844398789952528 -0.16051419565683
-0.0101120192363715 -0.443055408381847 0.0863289201240861 0.0208493467814367
-0.412893445424923 -0.240350014267414 0.117011502213145 0.042882943682314
-0.431219898808319 0.074613539732608 0.224119790533105 -0.0281419723267951
-0.298345369513689 0.28913064129643 0.207353373176528 -0.175715446827991
-0.092908233944027 0.408449790738752 0.132355103965275 -0.24620586295079
-0.0267941877091754 0.427814089966305 0.0836912680134976 -0.267419844304867
-0.0592293559329596 0.449722437145076 0.0750355321734673 -0.256464929305461
-0.317552520120171 0.397666942019245 0.137955293382464 -0.199054424076858
-0.508799857442723 0.128967740778163 0.130005896924648 -0.0919659947369092
-0.579064020843185 -0.244781392233314 0.0254618245868889 -0.0994967358650323
-0.0957941882304553 -0.62969250425897 0.0782410802085754 -0.234623751267472
0.479440029219814 -0.48019360342337 0.299476495795059 -0.261403181906538
0.644721291741209 -0.185875027914789 0.541077436640455 -0.0667141245711839
0.634236835673149 -0.170831018387653 0.155198140270902 -0.196123124232604
0.490816768248995 -0.476172221639722 -0.0104164000388669 -0.0706755211923234
-0.0424606509991544 -0.595800554440441 0.0872743530981433 0.0315568664515306
-0.540557375420464 -0.306082852479918 0.0929086963188676 0.00987513811000422
-0.552336736415641 0.0941953134007329 0.130634853405255 -0.019126113894703
-0.388242156429134 0.358541628475906 0.0999073180087361 -0.0683847281737709
-0.14251051658808 0.498486673165182 0.0790427604627304 -0.0743514482314131
-0.0522340916740086 0.5018336900811 0.0720404683628751 -0.0853994095725958
-0.0827390541196825 0.517868143512345 0.0414762909981617 -0.0750752673262351
-0.374062058983121 0.462642475174562 0.0554118514742887 -0.0559415801274242
-0.595152545043612 0.167472305151835 0.0156912604576967 -0.0282372054574093
-0.691787646248505 -0.246311434782107 -0.0499586135889572 -0.0951192369441441
-0.178011340428145 -0.726153353308932 0.0149688821736941 -0.235413620481181
0.508058360942331 -0.615838445720736 0.177832787314205 -0.185366963387107
0.759561433861101 -0.286724529597375 0.276406749689579 -0.00195098428975465
0.687200700556623 -0.217989638376499 -0.116133140635639 -0.147617484920017
0.52008026829029 -0.569520957970805 -0.147446440748893 0.0542111362154448
-0.0741495262491727 -0.674437393595162 0.0638517013748467 0.0580429384515728
-0.593655286367951 -0.323492731321061 0.0467049486885083 -0.0188366713756921
-0.594267841359741 0.104640522837247 0.00479711978513444 -0.00179324778140243
-0.420226074200738 0.375921501839324 -0.0329362148796458 0.0586887349583366
-0.168096072278142 0.516056141446719 0.00895521470024145 0.115570554875845
-0.0723038472292798 0.500909349230053 0.0494838492130372 0.109011801320919
-0.09747854537992 0.500802164948028 0.00438196245257254 0.114402908636769
-0.372579624698596 0.445523672077658 -0.029498484541895 0.0982202250300486
-0.579638542539509 0.16170848519967 -0.0997339109683251 0.0486666755681658
-0.66894488406967 -0.217150515345789 -0.121039715575317 -0.0744601691221141
-0.20457402524597 -0.682341320549682 -0.0432685697277176 -0.209716011457131
0.458869583387553 -0.617194682118257 0.0591397091457549 -0.0849386713957809
0.743223713760925 -0.330989283189868 0.0035579062364058 0.0824079788537262
0.629572935011871 -0.232131196623825 -0.406307890916244 -0.0834308727028805
0.455999564574838 -0.554747997485817 -0.296083566612054 0.188268546307905
-0.0916422995573345 -0.619708472042789 0.0162832708899941 0.0900741599366217
-0.527990589141055 -0.275101522853026 -0.0151151958758635 -0.0360010359146358
-0.519566100554177 0.0916924900269682 -0.127576088092804 0.0229480168634282
-0.372519618337307 0.329192197492633 -0.163700522709115 0.185897773989422
-0.163017756225483 0.451862228091326 -0.0628286729368188 0.294026688349052
-0.0801439705522712 0.424267651466984 0.0198053297222826 0.287572592640367
-0.101364329363928 0.411685425611353 -0.0336257263072956 0.280243151142951
-0.322165975790287 0.351471738149241 -0.108661590033619 0.228582247788779
-0.471632935478161 0.114624982849407 -0.196675400873282 0.108546005282658
-0.516777537004101 -0.174202429558458 -0.170888354973309 -0.0575273993638985
-0.164802581174282 -0.526528311770887 -0.0823170961629725 -0.170299538346234
0.358828153740037 -0.49961247544028 -0.0322756979829509 0.00713877804004745
0.61503546836289 -0.313398967079715 -0.230854639152453 0.160291253216584
0.456110045287215 -0.208764164210451 -0.661770627000966 -0.0112008039757249
0.303458786083931 -0.426196209455724 -0.419779624427727 0.301638764405605
-0.0906109533985724 -0.428815298780202 -0.0398456890384294 0.123419323389704
-0.349218663323581 -0.167596407601227 -0.066520296347048 -0.0340098663828388
-0.341149866496228 0.0600004041934751 -0.229093426181036 0.0464106610199395
-0.257003227224296 0.219158378224614 -0.260817974497903 0.28612417174105
-0.128459453953785 0.308952753597252 -0.119567235554829 0.429178707050211
-0.0767510451223208 0.280656272870988 -0.0118655537478959 0.423875228184352
-0.0938702339511151 0.263369352189564 -0.0712306196728334 0.401624493183193
-0.230792119011636 0.212249340478233 -0.177218533359894 0.311797691356497
-0.302849604937265 0.0489610991727982 -0.264843660571508 0.133588545358185
-0.297491146741801 -0.116499998708593 -0.190302468129085 -0.0548377918600033
-0.0979772247463679 -0.310786100941498 -0.0941938508590797 -0.133356962637886
0.217875935835757 -0.319113481292195 -0.086098360371736 0.0680456849091841
0.407631165102505 -0.249747255925361 -0.394264983049155 0.215160387820681
0.201016991662584 -0.145859473913325 -0.830017945979827 0.0551712853473047
0.0930352197691016 -0.215598230395661 -0.490937841123252 0.381655194251438
-0.0762204514527315 -0.157215892441163 -0.0849176904899291 0.160121964297638
-0.109711608830288 -0.0294984666764486 -0.0865358810187558 -0.0107213680226748
-0.10753211612687 0.0139470711356091 -0.271779668246949 0.0623217396629823
-0.102520491705349 0.068262663207657 -0.303875691841917 0.335452458016415
-0.0772070779801438 0.112210102450097 -0.149952809600474 0.49623105898008
-0.0618924632974721 0.0941926642563158 -0.0391426279175133 0.495103212848544
-0.0708727753966979 0.0843633654949315 -0.102043060966052 0.460166232516471
-0.110111388719209 0.0607789326437167 -0.229363714486822 0.341712043930104
-0.111847713240616 -0.00287274630551477 -0.303535393100816 0.126121592590048
-0.0804544238560346 -0.0417632931750336 -0.18607785328507 -0.0592434382575359
-0.049282429289095 -0.0912190313611064 -0.0886669468727107 -0.0990481003998457
0.0557507078228071 -0.138042721729641 -0.11103995776242 0.0953535171928652
0.160391660818251 -0.164406478643958 -0.476759561312957 0.236998282972476
0.0840037340515008 0.0430572125187661 0.496624472277814 -0.274706735241812
0.118948697132517 -0.0236368036456096 0.11228378981399 -0.235619492146106
0.0193487159727422 -0.107697291490428 0.0589920025385064 0.0480592756440267
-0.115111747511441 -0.0569363714379144 0.158309504243242 0.0807237350834212
-0.0893754739685213 0.0387984386914321 0.303644067489821 -0.0824399429760145
-0.0302656233085517 0.0750408430890587 0.271510505614144 -0.337278982247034
0.0351251994146423 0.0834772361470856 0.12784252295818 -0.461287731288303
0.046230101028236 0.101936602797999 0.0338145987593355 -0.485802178647581
0.0332291423843561 0.11502865126168 0.0818188660179023 -0.479540594394729
-0.0478944039863795 0.107307734584118 0.218564902531088 -0.367912011961625
-0.115600115148205 0.0412410234302035 0.263988694323631 -0.146806095424315
-0.134174403240465 -0.0714725549127419 0.111994614862927 -0.053385680083363
0.0349566313486823 -0.147554457657261 0.129716937238404 -0.158619089080858
0.151746417261754 -0.0221508356733444 0.418747380711037 -0.321041380372242
0.103664429692072 0.0722489455382694 0.83886126421876 -0.145855915516151
0.292042671231171 -0.0472919812836335 0.461548484320888 -0.268930978781876
0.249364527069847 -0.18375616589449 0.111551038760775 -0.21640516465519
-0.00570074949243336 -0.269327364245853 0.0742646890416725 0.0220386581586424
-0.272238490875555 -0.133090475994948 0.13535674896533 0.0611149303710392
-0.261129457564757 0.0739487471032304 0.274157961620357 -0.0600605762988402
-0.155586574336328 0.200268248716075 0.250554093351987 -0.275403057167768
-0.0117572997193499 0.263439199412524 0.131860182035697 -0.384431453313578
0.0267881763302369 0.283805082205089 0.0515003333998953 -0.407903231248337
5.09494035283234E-05 0.306089003453163 0.0728959426887136 -0.399671235698187
-0.186695447793759 0.279906787976071 0.183704881728573 -0.315044704613708
-0.332549444408672 0.0996933326765347 0.212540421502921 -0.139632102553233
-0.379894567097563 -0.161332089580442 0.0779994649336181 -0.085192212109778
-0.0357556901971904 -0.41571793623029 0.109435018974184 -0.20639528090168
0.3380049891789 -0.278536199297303 0.371717105871676 -0.320300061785991
0.402845654420538 -0.0733092457767626 0.730786950940519 -0.141985056662809
0.476189617182462 -0.129057949915142 0.341300963691273 -0.247250138130292
0.369142766867593 -0.346491648684474 0.072055711403478 -0.163632632077621
-0.0341009137020807 -0.432849942118015 0.0895961609014759 0.011274600978785
-0.421231224561679 -0.208007528642418 0.118600383224939 0.0315787043019848
-0.419138609458395 0.103483437964922 0.217142758960518 -0.0483999261119291
-0.273549225130778 0.307081139467999 0.18983101807401 -0.189326662639618
-0.061211121161327 0.409136270970093 0.112625974912706 -0.251850637324856
0.00361669690521224 0.422615796422656 0.0623919271416347 -0.269329875899695
-0.0258224419393655 0.446344532095423 0.0559479102037213 -0.256491256470664
-0.284865433506745 0.415813698040938 0.122012131829586 -0.207478848833621
-0.496292529915096 0.163740876132773 0.123070717084705 -0.100173448086251
-0.586815315630068 -0.200418453065427 0.018442530583166 -0.100923571822072
-0.134894292235605 -0.615650687705386 0.0608728366352502 -0.235119219147636
0.443740941186933 -0.505594103366445 0.278076607975358 -0.279123941334649
0.623219030840598 -0.219012731842077 0.529716849151109 -0.0986697285423847
0.612364437477816 -0.201629126214982 0.140188769481872 -0.207347287786267
0.454017120318614 -0.50062245950385 -0.0150888736786036 -0.0699037346423723
-0.0749417138563848 -0.580020986503377 0.0908372901913802 0.0221027248501861
-0.550304163255943 -0.262187885891498 0.0927801283759015 0.000437113171677603
-0.53920096949658 0.131496518552174 0.12517346111881 -0.0355592961674917
-0.358318731552357 0.380932770127365 0.0911347300363284 -0.0756652868511203
-0.102921309626641 0.501947970376466 0.0719250318396284 -0.0784206569116715
-0.0168592543225332 0.496782930606416 0.0640008952982884 -0.090531163183026
-0.0449686336197678 0.514172746434478 0.0354373966436148 -0.0757922858592508
-0.335396070494334 0.483557742885202 0.0500188111546002 -0.0602937270707339
-0.577859322364386 0.205920480104516 0.0137890814359981 -0.0291867124359709
-0.694636837532159 -0.193002813439451 -0.056350051790883 -0.0924978227461979
-0.222010053508274 -0.703435134578993 -0.00262613473000611 -0.232204355556956
0.464600651815832 -0.639850442156273 0.162255653130937 -0.196213938158861
0.729092122199597 -0.325471067203191 0.275034699686912 -0.0176774108681597
0.661124237266545 -0.250467487351804 -0.124071492086327 -0.143467179038932
0.476611193768847 -0.594948908189406 -0.142404162922049 0.0612546177666126
-0.111958808293816 -0.654823789924668 0.0682536533484799 0.0504378435214733
-0.605506070694159 -0.276446001049282 0.0453270814213482 -0.0246980344182847
-0.578346162984877 0.143299198644786 0.002296256564659 -0.0112534047601854
-0.386196448238269 0.400497655231482 -0.0303749424135739 0.0588903686459774
-0.126279133448129 0.520302142383472 0.0171197361762507 0.113654155195073
-0.0363184017107263 0.497847205388927 0.0551661043932868 0.101266000480808
-0.0612397906897104 0.500772173164579 0.0119900113182151 0.112855881503681
-0.335482581883888 0.465454830314026 -0.0232545451292784 0.097431001781672
-0.562562103128593 0.201426953314507 -0.0956327581388683 0.054917036110421
-0.672187885955211 -0.166239639968587 -0.126110451833356 -0.0685291855984407
-0.245154624447444 -0.656767331783663 -0.0602462983166043 -0.201348807623261
0.415356367024222 -0.639453681136336 0.0516410701344162 -0.0885978582475644
0.710680999376543 -0.369101694118006 0.0139720182805354 0.081285206370916
0.603785061063262 -0.2626553917443 -0.406868039603648 -0.0629422613568174
0.415736814076713 -0.577915090870162 -0.280594810742102 0.203509909032038
-0.128924893768265 -0.602063610107532 0.0229772150766621 0.0866349995861513
-0.537825483827888 -0.235600800804076 -0.0162754103459588 -0.037050008794332
-0.505887257416966 0.12556896418627 -0.126698279296955 0.0220178190215773
-0.342290701249264 0.351687801133267 -0.149836069506795 0.193922150311789
-0.125741250015561 0.455892692319271 -0.0407420060025558 0.294064159707334
-0.0494717505987769 0.422566413036101 0.0384505889240722 0.279093849358721
-0.0718752466765235 0.410654651482213 -0.0136786527159546 0.279377675439297
-0.293026027909775 0.369578073559211 -0.0922129192527587 0.232381650273322
-0.457519410390795 0.14595049838377 -0.18788480929846 0.121107384576948
-0.51636997203141 -0.134066718888313 -0.17360592730634 -0.0481435528559719
-0.195855952243448 -0.503973906417826 -0.0964250477763444 -0.160683028580261
0.321855763291124 -0.515933471159288 -0.0315896363750739 0.00846940149558673
0.585254452543467 -0.343179636765654 -0.211002206870948 0.173357807125901
0.436287159639531 -0.231124009403185 -0.654106060429797 0.022716241509424
0.271825607093204 -0.440868528021111 -0.395609736244144 0.322255018719052
-0.116629991210256 -0.413446427778019 -0.0310830261949878 0.124276642090993
-0.353999741478436 -0.14230185796612 -0.0677934091998657 -0.0306526583575548
-0.33123423552965 0.0831890804139535 -0.223806435655919 0.0548002188079677
-0.235033813551192 0.234523122118684 -0.237744818532503 0.299766594346214
-0.102166417087372 0.31348795895637 -0.0862206248194609 0.43151343753074
-0.0557276466982878 0.281104569298919 0.0177750896123537 0.415757514531796
-0.0751997144929925 0.264043137618042 -0.0418566649585411 0.400513079609804
-0.212804227285991 0.223822857801964 -0.153374913389969 0.319414575864671
-0.294708873359946 0.0689524453461531 -0.253327209791124 0.150209778023698
-0.297303367695661 -0.0929395217622237 -0.19212161394573 -0.0428043961057758
-0.11709096364238 -0.296450746981385 -0.106449174479251 -0.123398813521901
0.193920445304346 -0.328946932690542 -0.0806597416042279 0.0728635707797944
0.384676634806033 -0.269732428693322 -0.366986097986636 0.237404797308521
0.187737406836806 -0.155726322174362 -0.816205906825834 0.100374187653578
0.0774853548705472 -0.219593031514027 -0.460646621720992 0.406660666269059
-0.0860647884211916 -0.147878901283312 -0.0737924768428754 0.164889296713476
-0.108507584441439 -0.0226132163473819 -0.0856993431517419 -0.00532861718695938
-0.104493654402354 0.0214701945718566 -0.264551791787409 0.0761027946941562
-0.0946667654562118 0.0746350807343816 -0.27616728886935 0.351771572473456
-0.0662133152465401 0.115167662552547 -0.111728899467756 0.497777105566157
-0.0548975787268598 0.0967650817528934 -0.00379430881150573 0.487540511310391
-0.0659469438363447 0.0872424636056378 -0.0680343457671354 0.459073606582994
-0.104050411256362 0.0663230883377872 -0.202165064991668 0.353882872894113
-0.108797979785722 0.00518386546765104 -0.29109599430882 0.146127684884735
-0.0796197889911818 -0.0337176581468081 -0.187900649874542 -0.0474348835352191
-0.0558093705949129 -0.0831674469674863 -0.0981301475695486 -0.0904884809261752
0.044747073944073 -0.140423411067507 -0.102931019440333 0.102606406293865
0.1467165819445 -0.172463563945829 -0.446309809294139 0.265974473707458
0.0838521603486841 0.0391641987734208 0.471452759181399 -0.289711489646971
0.116171348239234 -0.0291029286670801 0.0976268300932508 -0.235061913792934
0.0144959447366031 -0.107139410697041 0.0625884396297696 0.0416309068228392
-0.116059704606821 -0.0487671106751505 0.158273382315595 0.0684430536611846
-0.0866786807866291 0.0428408537493509 0.292021555468459 -0.0952440554794479
-0.0269937702373327 0.0750297252382564 0.244722073378221 -0.344248500203119
0.0381646423241706 0.0803463643669887 0.0988391465284915 -0.457513679364152
0.0511740670228902 0.0968319012308993 0.00674547430174056 -0.47405593199742
0.0398635000970909 0.110116601139596 0.0552825014294694 -0.47049104672868
-0.0412684088876835 0.108025145707258 0.194229926824985 -0.371633834056517
-0.113260864716965 0.0464970955175181 0.252282030495451 -0.157270130513658
-0.134851065495693 -0.0637657036832975 0.107020315854251 -0.0563176017011799
0.0274895799876231 -0.147466982224532 0.121588903311765 -0.161275604022553
0.148370461872443 -0.0274702597805245 0.392671808710935 -0.335225490393633
0.104269376768899 0.0673162510104794 0.808762077571959 -0.17808732561493
0.282204859423779 -0.0556049551905298 0.434893982512653 -0.2855491291146
0.235602849212183 -0.19166685266739 0.0974777237840028 -0.216465487309772
-0.0157788447174118 -0.261065910827822 0.0766799185321165 0.0142194434899853
-0.271981942185942 -0.114409241255373 0.134831971801018 0.0494080524608937
-0.251589309330259 0.0859733896369662 0.263009355053649 -0.0748619305768168
-0.142183793952082 0.204894913164725 0.22765767314919 -0.282682400481587
0.00271807202740684 0.257247074324983 0.106792469353094 -0.381831378737617
0.0415064251456824 0.274468865797173 0.0282755026663999 -0.39967641600878
0.0171778943530516 0.29777490111117 0.050756061893608 -0.391611328672905
-0.167628108516973 0.284365810980371 0.162132467389311 -0.319424314808368
-0.324061063669693 0.115555808416341 0.201778299209782 -0.148379858634655
-0.379138488540543 -0.138447441704104 0.0717397433903387 -0.0869653356308559
-0.0537086383409624 -0.4060055451889 0.0981389932926761 -0.206315070907134
0.319434809019539 -0.288325178797469 0.346369313136806 -0.332535759204196
0.389677106175956 -0.0868627970185345 0.706452660168751 -0.169563932241818
0.459539365143781 -0.141810865483107 0.319720913686423 -0.260193121150144
0.344130895057297 -0.355918227678294 0.0614043845718458 -0.163910835433958
-0.0506757383898933 -0.418350408270994 0.0913022181577616 0.0033595594746365
-0.418990989849215 -0.179601407085308 0.117312644906761 0.0214793250429399
-0.404285992082712 0.123114338403906 0.205964082040351 -0.0632984411409508
-0.251123236497808 0.314706167038527 0.172467415344728 -0.195872609333481
-0.0370909436977784 0.402638081683166 0.0959607800660542 -0.25111621885843
0.0263766135627795 0.410811852576193 0.0460507968715654 -0.265388699797528
-0.00156485342886073 0.436024863306825 0.041712251335814 -0.250979626690408
-0.256931954639036 0.421753843250618 0.107589381918632 -0.210960335519192
-0.479819782227994 0.186303471498695 0.115927788600093 -0.104787979150695
-0.581577390553692 -0.165781438523089 0.012045862235714 -0.100803839896189
-0.160438824430866 -0.595479117163179 0.0482640287165199 -0.231462382706244
0.412808909405278 -0.514890436250828 0.257493529372514 -0.287714119128867
0.598152531634868 -0.23658522922233 0.514514266123347 -0.119547778107475
0.586669794389156 -0.216539716853378 0.124948712849594 -0.212444802172474
0.420014056494624 -0.511249985707233 -0.0198201411756616 -0.0681682335755155
-0.0965820819536823 -0.558213764885189 0.092239637181859 0.0138851764275408
-0.547445362130399 -0.225830017385471 0.0908814204519631 -0.0072636101621033
-0.51877304149003 0.155906177664378 0.117072834930934 -0.0485260583106749
-0.327695927521781 0.391700405700233 0.0822725325692615 -0.0798376028983714
-0.0719602550232345 0.494909865439167 0.0660807889561598 -0.0801446453702453
0.00977840770179359 0.484958893223125 0.0565538827876935 -0.0922321468692374
-0.0179110657199196 0.50319741058117 0.0311054943884214 -0.0743249207656815
-0.302857848591379 0.491204634860718 0.0445791773323262 -0.0635421041685036
-0.556910177506331 0.231652765277508 0.012090016635288 -0.0298427449572348
-0.687745816509752 -0.153674758609365 -0.0608237839763683 -0.0894673461789517
-0.247259972992463 -0.676129460386472 -0.0148914124979962 -0.22458770045677
0.426482385909481 -0.64671432020534 0.148951083004237 -0.201906439268898
0.696326723812244 -0.346143208931677 0.271555919793661 -0.0289591702993021
0.634349657099001 -0.267701365163847 -0.129435295031754 -0.13960906327637
0.437999456217959 -0.604986529034519 -0.137967881125141 0.0655432508966478
-0.137264953644308 -0.630551548939799 0.0715415631338613 0.0441414896284852
-0.600461559417018 -0.238510443460072 0.0433920704407003 -0.0290735760479763
-0.557026902475225 0.170072132822464 -0.00182751396200388 -0.019934779896427
-0.353444869031202 0.414292539924015 -0.0291389379881585 0.0586173908126724
-0.0927676040528928 0.513952944708905 0.023268828234461 0.110359328109924
-0.00916951074440059 0.487014660135163 0.0575948233657284 0.0950120554773395
-0.0339135434414534 0.490790511280076 0.0182528663717102 0.111293392247571
-0.303647425765924 0.471037117959834 -0.0188086829073467 0.0957789794465366
-0.542182836147106 0.226391579291901 -0.0911298950021912 0.05809108448586
-0.660675551650931 -0.127669358057312 -0.128311345905948 -0.063021954536716
-0.270769055668083 -0.63070216570696 -0.0710831038627612 -0.191243525602118
0.37893044356369 -0.644754748092777 0.0452821092348372 -0.0905838441938537
0.678421124983219 -0.388247032171936 0.0220951481905417 0.0787082888001593
0.576272865217246 -0.27762409735593 -0.401881579567189 -0.0482583956087513
0.37831695326558 -0.58627102948793 -0.266580885210854 0.210568887384819
-0.148682834694509 -0.578566916357643 0.0274734735629155 0.0825095234635359
-0.534255567482178 -0.202203199589899 -0.0170679589561592 -0.0375731002655262
-0.487278614027682 0.150841494113411 -0.126178412108584 0.0199098186492152
-0.312574445544019 0.361823316183361 -0.13833883802149 0.197571784188449
-0.0952412091799419 0.451173551680614 -0.0226082017278916 0.289581559317247
-0.0259498914157805 0.41366367927544 0.0508251146956943 0.268232843734062
-0.05009816946282 0.403811918575125 0.00132360987250433 0.274372824155153
-0.266271887039184 0.375607913155628 -0.0783549892082601 0.231178228069398
-0.440126472749511 0.166868944769547 -0.178421605554717 0.128507716246541
-0.508397323693521 -0.102145129054832 -0.1741735313418 -0.0403151083678669
-0.215627556891104 -0.481864728181238 -0.105758961924063 -0.149569609589914
0.291800218218628 -0.520675795530941 -0.0309597604797331 0.0094273724224979
0.553547849425033 -0.359482994267231 -0.191088389105277 0.178827572417753
0.415623460689978 -0.24251924963409 -0.638620409965136 0.0463194727117389
0.244920584819385 -0.445450921968237 -0.372980835424495 0.332965352150968
-0.13031535014612 -0.3960949559591 -0.0242386909589317 0.12281104575673
-0.351331928116694 -0.120630408780431 -0.0668730363912195 -0.0282708029503305
-0.31952666124907 0.0977196496788531 -0.219163125426326 0.0582480484595966
-0.215976773778533 0.242232853893682 -0.217668291748838 0.305905827184303
-0.0806742853415454 0.309691298649563 -0.0599633981251131 0.425563821965082
-0.039491963790475 0.27643500606924 0.0384795236112599 0.40198584176651
-0.0615174682633619 0.261314073754031 -0.0200580760636916 0.392572968698932
-0.195967569199217 0.228657392602892 -0.132615516159579 0.319949077837767
-0.283096159082659 0.0835146098876321 -0.240696633387838 0.161348857162912
-0.291108947382084 -0.0729576479944299 -0.191873925583209 -0.0339596422510405
-0.128267059082006 -0.280196419580388 -0.113853792627838 -0.113148231911276
0.173227530678818 -0.331060663875536 -0.0748547061305433 0.0751010352148519
0.361625906629983 -0.279589493658688 -0.340088103167884 0.248034890718033
0.175708208701096 -0.159749611220613 -0.792905332306138 0.130842003247925
0.0650803011698775 -0.218467725083964 -0.431297987031026 0.417366147739168
-0.0898965912712636 -0.13895718605932 -0.064778908399122 0.166279205751519
-0.106170081805284 -0.0178481458504219 -0.0826069128871156 -0.00217397191158332
-0.100176089756117 0.0264108903918928 -0.256969935237048 0.0838438444483939
-0.0873389761014354 0.0780353871409802 -0.251333391234224 0.358615620285996
-0.0574750719074702 0.114845903351973 -0.081344920896127 0.491722770615111
-0.0491222777998239 0.096961909097363 0.0214652896519069 0.473623232231786
-0.061400955269366 0.0879700852021512 -0.0432180220757229 0.450717526048603
-0.0983851391639389 0.0690205477309268 -0.178305100827251 0.356682868121287
-0.103242887558722 0.0100776764934844 -0.278048767120648 0.158818490619657
-0.0762082650187159 -0.0270100614688163 -0.187267502427758 -0.0377698129437793
-0.0588117390016669 -0.0752852312601849 -0.10423587264692 -0.0824470602175264
0.0357423801724866 -0.139472510107612 -0.0953605928699029 0.105169481310241
0.134197997928668 -0.175008162967281 -0.416339898028157 0.278727610494032
0.083292297730692 0.0369117459750749 0.453098962637483 -0.300634567560056
0.114295160925871 -0.0333535074047571 0.0866752849405365 -0.233341249938816
0.010613797778898 -0.106678686361154 0.065464914326375 0.0349859247503037
-0.116738949486901 -0.0424435705381688 0.157059716524622 0.0585818376007947
-0.0849186291393772 0.0456613703416821 0.281504332044103 -0.10495654594249
-0.0248723776675566 0.0755098497216323 0.224207133528314 -0.34715350659442
0.0396693369867752 0.0781045118372986 0.078005747592618 -0.451249608187735
0.0543910069425184 0.0929722070461764 -0.0110985794853716 -0.462777028637846
0.0447239695117691 0.105651206595097 0.0362974170503966 -0.462883489746449
-0.0362567389138268 0.109009653395289 0.176018431810585 -0.374129111253945
-0.111448170148949 0.0507556673031602 0.243407628977764 -0.164778801347784
-0.135760709610926 -0.0585950907672473 0.10360006780658 -0.057318240573181
0.0223483442264312 -0.147252917145036 0.115808913545153 -0.164074232231879
0.145945995469032 -0.0308789182617231 0.373142684836935 -0.34471886845403
0.104073465572278 0.0640357183939784 0.783462834747932 -0.199602474442859
0.274500084843111 -0.0598673173228379 0.416341030477068 -0.295644483003657
0.225444681318005 -0.196162462725414 0.0871058243197642 -0.21587123240061
-0.0217067919254893 -0.255415530199293 0.0782932420495562 0.00751468346725003
-0.269030274083905 -0.10045148920101 0.133384177177076 0.0410475953070659
-0.244394108637019 0.094477551569196 0.253034013217336 -0.0861683565819427
-0.132395488425905 0.207172018698256 0.209073950124118 -0.287015043340206
0.0128386550685193 0.25272122818082 0.090083652802042 -0.377864798902134
0.0521853985937633 0.267228569267575 0.012311175837608 -0.391412811140621
0.0293510425004939 0.290466721258861 0.0353518466924563 -0.384679249932319
-0.153443848279294 0.287680942197044 0.146124664376287 -0.321414014304064
-0.315927416938586 0.127083168592992 0.19332077120107 -0.154128536850905
-0.376908646747761 -0.122314718513761 0.0670567829660048 -0.0875591832862079
-0.067012879285124 -0.397825402794915 0.0913397580883215 -0.206357888904449
0.30501824967065 -0.293873064015259 0.327830202836101 -0.33918400441664
0.379079879987832 -0.0952600528680623 0.68410274171269 -0.187627193107898
0.445778494747601 -0.148327149387433 0.302746624483927 -0.268604848169127
0.327528573185095 -0.361758146624035 0.0525382378690934 -0.162679461686564
-0.0591964025381758 -0.406825490831431 0.0921092358543015 -0.00450406449417346
-0.416557662811965 -0.158370779777505 0.115143672351053 0.0138777549911412
-0.392779566158164 0.136514071925723 0.196717519767694 -0.0745235742637453
-0.233822671095366 0.320036197461661 0.159149480005948 -0.198407646996333
-0.0192138028671039 0.39624895120009 0.0849198589286778 -0.249401338741674
0.0418392101704783 0.401084978004121 0.0343995442891432 -0.261771669987459
0.0162738115062171 0.426932142429093 0.0321600474202962 -0.246276719049795
-0.235006275202648 0.425405061839088 0.0960921167840066 -0.213226080507863
-0.466191838284714 0.202813214702852 0.109860742384769 -0.109283051909527
-0.575474556653693 -0.141620862381121 0.00681759584268265 -0.100187644931417
-0.17734370757482 -0.580858273840864 0.0404300319278346 -0.228168619150326
0.390903783081515 -0.520684555398529 0.24235508898356 -0.293485467532941
0.580029765772653 -0.250007966208485 0.50144103572513 -0.131653938350174
0.569136979694749 -0.224528316575474 0.113589896359444 -0.216223623247883
0.396477210553132 -0.515124202892922 -0.0240109650412585 -0.0669481865725986
-0.10817692161409 -0.543920404452319 0.0933847312562297 0.00719078991861199
-0.540957490110377 -0.199889191750561 0.0888794869876829 -0.0133304543032792
-0.503100939642535 0.174150993439937 0.108775313048357 -0.0589859251168509
-0.305346317240226 0.399214030530911 0.0745010944671698 -0.0817029853365368
-0.0491481833435421 0.487138949594589 0.0624476486575984 -0.0804405320609266
0.0279715975193703 0.474373260171383 0.0507991535425015 -0.0932350971744655
0.00216137333728003 0.494156939345711 0.0283240169153019 -0.0717893725684149
-0.277610826257074 0.4943302225072 0.03928304964086 -0.0656478635871904
-0.539999427040362 0.250240745255155 0.0103004072663802 -0.03068044480911
-0.679629196640374 -0.124235402836353 -0.0649381316816133 -0.0873804613659011
-0.267042004489998 -0.655640685370322 -0.023241957297247 -0.218548566979944
0.40034251389712 -0.652505850253844 0.137381750927893 -0.204656706203046
0.67277318269249 -0.360050112245823 0.268282504501667 -0.0373672513344373
0.613253067164266 -0.276188677026957 -0.134371433108305 -0.138075316269586
0.410711383012352 -0.609726334096432 -0.135814750105305 0.0682917881278677
-0.150005415047228 -0.6128276358164 0.0731720776633636 0.0388329275788074
-0.595365206547323 -0.210318525619663 0.0422014297218001 -0.0331908717170472
-0.540297896698718 0.188187666395483 -0.00772486257714832 -0.0271955850033291
-0.32928833685764 0.420734050538992 -0.0292519044562339 0.058739508915334
-0.0684368522088924 0.506800517625378 0.0280710953873734 0.107648607550579
0.0107718609844801 0.476028853997543 0.0587041370110812 0.0892092201442821
-0.0151490186474499 0.480436238849176 0.023070210390209 0.109843619096873
-0.281085871255819 0.477810301806204 -0.0170136429684611 0.0931893688059586
-0.52411894812861 0.245882713462709 -0.0880834259547932 0.06024055609609
-0.650585532650875 -0.0988305575312695 -0.131040415515817 -0.0591135576867257
-0.285121462234037 -0.608119400155219 -0.0794507590156201 -0.182925715851458
0.351627956703208 -0.645705582410483 0.0407314060075662 -0.0917157654130469
0.65140013208767 -0.39751530270374 0.0295333207021855 0.0753090873837252
0.556743959569518 -0.285944773685858 -0.39803764290219 -0.0402481660534901
0.352332884579968 -0.588154374064415 -0.256637942443173 0.21466528654336
-0.162882149162398 -0.561200718278629 0.0315111192335372 0.079670682099399
-0.529608157989526 -0.177581794271516 -0.0177327756583895 -0.0385769544882408
-0.472295347207429 0.167485747982057 -0.128354629439764 0.0169089484491556
-0.291046580846191 0.368986854980052 -0.130421295528726 0.199389958059385
-0.0731266465113669 0.444432040746029 -0.0102096119697665 0.285240295835336
-0.00896994588110211 0.405559286588948 0.0586287649503209 0.258983087085425
-0.034499233070155 0.397033887199989 0.0120371539278908 0.270100209397821
-0.247410166027544 0.378722317809674 -0.0692579809769017 0.230208790390593
-0.42622091327352 0.182146175641479 -0.171355741309128 0.133526024405854
-0.498974212365081 -0.0807914060159825 -0.175229119903716 -0.0353855474905659
-0.226097083408204 -0.46284781933464 -0.112840252611079 -0.140657833663085
0.268840789003497 -0.520176238815659 -0.0304216933997665 0.00888275187910039
0.531377328200662 -0.367788429138029 -0.175722085622573 0.179964671612036
0.399158010365026 -0.247579893830542 -0.626881479651057 0.0615035457976503
0.225972620269405 -0.446701749263914 -0.356407442105625 0.338609809719589
-0.139265402965645 -0.383032683840484 -0.0191150742051815 0.12230668569204
-0.346549154217451 -0.105975806980523 -0.0654817110120276 -0.0270134822428065
-0.309020618602004 0.10877996753433 -0.217273535946866 0.0588785885092331
-0.20031067153727 0.246268840214379 -0.203158451361329 0.309168717884602
-0.0652032933464341 0.305504936581249 -0.0408628001874334 0.419342578184154
-0.0285290432971357 0.272023168025082 0.051654137068288 0.390121267649029
-0.0513580849398964 0.258819637182198 -0.00459204228660503 0.386174083227498
-0.183896685493488 0.231593166868165 -0.119959577178041 0.319465470751105
-0.273750451189711 0.0924699709439559 -0.231602192269449 0.16817342176098
-0.284668457084775 -0.059240439760582 -0.191065021610575 -0.028170857447783
-0.135328632086788 -0.267020604345305 -0.119665492916724 -0.10488310137061
0.158601701661271 -0.331696948213379 -0.070745432676391 0.0757909182248622
0.344443488017809 -0.285026376920553 -0.318970754035857 0.252612031318812
0.166689862901383 -0.161561756255472 -0.775773184879528 0.148544219529935
0.0574327594100647 -0.217349046388744 -0.4116799075731 0.424510581127053
-0.0917425457414533 -0.131698910263733 -0.0583044416911952 0.167190956505246
-0.10345223768399 -0.0143907250723766 -0.0804658163354597 -2.7995184461377E-05
-0.0966118210316771 0.0296352707387574 -0.251357457868917 0.0883508266442356
-0.0813669644730185 0.079650805467582 -0.233224593599225 0.362841031157102
-0.051142637848237 0.11368177437224 -0.0594626581089626 0.485074265166926
-0.0448304015210245 0.0973403627229533 0.037784131449316 0.461054966894781
-0.0581900930710407 0.0890997064317578 -0.0257563326979181 0.443636073605033
-0.094072796843626 0.0706312718435119 -0.160917074904876 0.357532137872626
-0.0990804802002029 0.0137768886906777 -0.267582413745648 0.168209756578357
-0.0727758914398077 -0.0227977776885114 -0.186248062958526 -0.0309292683342298
-0.0605982108295774 -0.0683013122310613 -0.108347468978987 -0.0752163302010757
0.0287835712352868 -0.138181527329742 -0.0888200376295361 0.106539850312284
0.125821146028549 -0.175880914236161 -0.393070753275999 0.285758138187369
0.0826643983761211 0.0355700522478789 0.436866138264511 -0.311402976951561
0.112861885630926 -0.0365847425928634 0.0772864333252807 -0.233072243056785
0.00688028975792747 -0.106528196379809 0.0679111003553372 0.0295221508993286
-0.117433990041709 -0.0366021077274638 0.15654636194086 0.0514103748014435
-0.0831831253803114 0.0490613318991999 0.274385235211311 -0.113311277450578
-0.0232582816927296 0.076294866194638 0.207950492704468 -0.353160363264293
0.0426301804720058 0.0765290990169887 0.0605424102814998 -0.449535203374256
0.0575077186381311 0.089828247010626 -0.0269250531456782 -0.455325893878219
0.0483414171406798 0.102113953511104 0.0192970515681784 -0.458372966557492
-0.0313311226815051 0.110406100390895 0.16122741916043 -0.377743292496537
-0.110599767367428 0.0559853896945217 0.23693116175555 -0.172336767999868
-0.137511391318484 -0.0537705472723364 0.101123619531758 -0.0589094067560353
0.0172891398806184 -0.147962664072713 0.111559020511876 -0.166971538692956
0.144716185896206 -0.0346034879928749 0.356914602020995 -0.352963432468803
0.104122614676985 0.0610200090103325 0.766436331369658 -0.214681257478799
0.269923714584511 -0.0627030724389417 0.39863559227438 -0.304647423396115
0.217710270718202 -0.200381967355113 0.0770187106067211 -0.21531571387824
-0.027796417292379 -0.251011419656287 0.08018297867165 0.000732169078085392
-0.268424033008419 -0.0885817494073312 0.132040723175219 0.0341340151926389
-0.238353206532239 0.103301295568886 0.244510349328546 -0.096520462920961
-0.124290726780469 0.211533994148599 0.195142534474912 -0.292043333709719
0.0234248550373737 0.249205238979141 0.0740990776775766 -0.377937858864579
0.06130563023031 0.261893909980068 -0.00108415027777282 -0.387305013671362
0.0405472169289404 0.285785993122985 0.0219969959402314 -0.380725024202916
-0.140754736632162 0.291891022287664 0.131290577988845 -0.32492252210207
-0.310477567356319 0.139157833273622 0.186604358682966 -0.160827185161333
-0.379924630092497 -0.107827984807211 0.0634574659521696 -0.0889523366568513
-0.0778223455209869 -0.393062723451731 0.0854426368694992 -0.207974237721864
0.29541964835993 -0.30141677772551 0.313323709791343 -0.348295650786141
0.372643332952275 -0.102654360477451 0.672137113030512 -0.204113145734559
0.43794593865876 -0.153092190874502 0.288764018520079 -0.27713860870465
0.312354396842712 -0.366762139183718 0.0444051847762915 -0.162237648866275
-0.0671031402420889 -0.398946065600068 0.0933808845481244 -0.0115791037721902
-0.413722293402907 -0.140589502824809 0.113344358288463 0.0065521757360868
-0.382450880733847 0.149806456589639 0.187982764833964 -0.0850190363319365
-0.21983329226731 0.325400939706709 0.146763774632434 -0.20209248950919
-0.00269052237832467 0.391925226316763 0.0744016394162535 -0.24990247454654
0.0561332925778438 0.39497717881967 0.0245349778119398 -0.25927473572743
0.0322437844291254 0.420492622083536 0.0243834002041835 -0.243800317917011
-0.218178257385844 0.431838050103386 0.0850886727990001 -0.215722500556643
-0.458124022384307 0.220461949024451 0.104841285394603 -0.112928653545897
-0.573569772396101 -0.119375349622972 0.00201155476380945 -0.100433025427219
-0.193232065245269 -0.568068663863712 0.0326025595920119 -0.227692260996429
0.373900338490324 -0.528327564504252 0.229360741486997 -0.300366795597232
0.566145691742652 -0.258407895983176 0.493353491428063 -0.145030961218706
0.556567846493205 -0.233092680062393 0.102020705637914 -0.221051666785351
0.37638421989054 -0.521892831238209 -0.0288277120424861 -0.0648605354556465
-0.119226469337492 -0.53233077888742 0.0956878322876821 0.000857134415779693
-0.537698840149196 -0.177586728231098 0.0872479342033124 -0.0195895593805806
-0.490292094357486 0.191159492906233 0.0999205800387603 -0.0678281339163957
-0.286602046982753 0.406685267439818 0.0677602083586491 -0.0826114150908014
-0.029824597610998 0.482490456892094 0.0594610310647755 -0.0819561082750381
0.0451852948571228 0.466588537800017 0.0459811626734511 -0.0944655706245725
0.0197498047450281 0.485921232433501 0.0271876260561924 -0.0711266001286372
-0.256833281787793 0.501635934818891 0.0339363253291358 -0.0676466633202161
-0.529141573013901 0.268389971692767 0.00839052271138823 -0.031531385607811
-0.675463458488518 -0.0987127705469839 -0.0696360124428756 -0.0861039342483624
-0.284021105188894 -0.639075181785921 -0.0311620311038381 -0.214506744986162
0.377431815111085 -0.659324166743256 0.129100159366731 -0.20857404898618
0.653456338692443 -0.371924623879937 0.267931385792505 -0.0469859502791204
0.599953202302084 -0.284784041566351 -0.14010074833294 -0.136573595799106
0.388178233770872 -0.616496232764808 -0.135916031967105 0.0721233178352525
-0.162927797523446 -0.601356304702895 0.0752495015793977 0.0337065594671479
-0.592025288624369 -0.187281938771873 0.0409199468076676 -0.0369331963531479
-0.525827475852643 0.206484580524923 -0.0150775184162907 -0.0335684727781883
-0.308314449589573 0.428828831311992 -0.0299396614078092 0.0603692067118083
-0.0467272436163108 0.503099329290401 0.0325016546705654 0.105843341836688
0.0267963258241542 0.470690668928253 0.0596821253641462 0.0853718643971744
0.00172675674257504 0.476297114149493 0.0281066759326356 0.10869098794114
-0.261814948519869 0.483505566717527 -0.0153501796897939 0.0921484058052739
-0.511615602541139 0.262572870287114 -0.0866419418404058 0.0620721801242035
-0.644496110949571 -0.0740903059149451 -0.134557429293862 -0.0560469583429864
-0.301486116519343 -0.590277715285934 -0.0875888032658763 -0.176410449030085
0.3297649433095 -0.654379113218929 0.0356405496701164 -0.0936203522939812
0.630382136921015 -0.410946144239297 0.0361782131501875 0.0719985888835444
0.543765390507871 -0.295444543227157 -0.397960895580235 -0.0338805272982535
0.330781783355564 -0.595614334806375 -0.250462048625612 0.221183495443592
-0.173711854812729 -0.54949596442287 0.0348948335832427 0.0770470931219895
-0.526655727902097 -0.158803602337435 -0.0178231492354857 -0.0405455339830273
-0.459463510241364 0.183238713752443 -0.131970124401365 0.0145459334352665
-0.272625582995122 0.374537575148968 -0.124028509825103 0.203682575293362
-0.0545031347244433 0.440543667223349 0.00281520760360877 0.28286137105131
0.00533188506777998 0.401084936063681 0.0642178862749157 0.252794715282774
-0.02036275170679 0.394104809386798 0.0225199066615797 0.267595075348861
-0.232137464602658 0.385701477422957 -0.0623722857562144 0.229588712629008
-0.416668920541627 0.197021446238986 -0.166213595964754 0.138650929072832
-0.494291153888984 -0.0608325930388027 -0.177466850885325 -0.0308891042797596
-0.239500743011308 -0.447992593803027 -0.119400913552835 -0.132574640140234
0.249924189987748 -0.524249213085334 -0.0305994379920068 0.00895067527822396
0.512399148574257 -0.375014904936499 -0.16213392672961 0.180640053412549
0.387982732149097 -0.253815935831127 -0.621704937179424 0.0725513285874566
0.209822309611059 -0.450091780592401 -0.345649237279416 0.346939069251946
-0.147136812950697 -0.374292623517628 -0.0141649767955415 0.12231935169995
-0.345863033797519 -0.0945697232699929 -0.0648770140401692 -0.0268071228994902
-0.301268790540521 0.118767897087689 -0.217932081107209 0.0608707149212867
-0.18789208972165 0.251097909801948 -0.191301898280225 0.315600468711013
-0.0513084416453661 0.30259972029987 -0.0225340121933041 0.41743166815921
-0.0187110813464615 0.270301072848984 0.0628067951179161 0.382339917310142
-0.0426325443535616 0.257290710233209 0.0103169997216459 0.383282543698623
-0.173550881894007 0.236497862883692 -0.107233383888248 0.321311241981784
-0.266658564545738 0.101601914568082 -0.223763690620003 0.175964097721786
-0.279020685143079 -0.0478094737955188 -0.192739569654165 -0.0220749174015475
-0.14125300487211 -0.256631982397287 -0.125370372439525 -0.0964433162366024
0.1467415363805 -0.332921577409018 -0.0672675621488178 0.0764220874793646
0.331567478981515 -0.288636163057348 -0.301615991358348 0.257566404085682
0.160389544776457 -0.164845485703577 -0.764969714163083 0.165289257916046
0.0501115422205694 -0.218346406729937 -0.393683420281992 0.432919140030451
-0.0933585233486205 -0.127265012057473 -0.0523018057128589 0.170279955438859
-0.10208648679526 -0.0122956630464077 -0.0782925118212266 0.000657694601386729
-0.0939632528334197 0.0324785021305458 -0.248793042954469 0.0923141859942796
-0.0761617591141315 0.0810860656562544 -0.217747743595719 0.368814360937786
-0.0461144053096654 0.112504305935391 -0.0394254334524454 0.481641232115868
-0.0415349583097704 0.0978075083029408 0.0515834746521205 0.452288599709459
-0.055085313624487 0.090463202475683 -0.00957203855117085 0.438509295859595
-0.0909219346367824 0.0733829370985097 -0.146885361596873 0.361115999892501
-0.0955670139895274 0.016191031410412 -0.259293280129388 0.177639003293872
-0.0694684432786267 -0.0189695128567846 -0.187076348224101 -0.0243297829049269
-0.0618993601252663 -0.0622714234714908 -0.113337690383108 -0.0687789544933147
0.0231193469071728 -0.138262095796038 -0.0839562779561532 0.107593952717451
0.118442675861489 -0.177098295100028 -0.374998495403582 0.29352633836663
0.0714368106526585 0.0580650379592031 0.480489883902967 -0.228257604954343
0.116228594013461 -0.0135155897193202 0.114066589186185 -0.20959356364549
0.023655197588753 -0.100554662898647 0.0653839889044645 0.0380203662849626
-0.107796556333982 -0.0525769662462449 0.143436116181095 0.0726322254258309
-0.0924608666513041 0.0363702814763159 0.288080294188299 -0.0658231851602666
-0.039112275116747 0.0733646548867004 0.263360583994761 -0.310717162881965
0.0255689192235889 0.0820480968058716 0.140240142968739 -0.430702273560838
0.0409815244928558 0.0995464165581596 0.0589804895946642 -0.44527083583202
0.02805015593557 0.109350380778945 0.101505655083806 -0.439150521631419
-0.0516698241773121 0.102332327934994 0.223076487097255 -0.334592241654004
-0.120531354394956 0.0341749007130934 0.259410595879098 -0.123458189053865
-0.122368796166483 -0.0801738296935667 0.106146955288759 -0.0380772100191116
0.0476229620981661 -0.144029535115853 0.143002327878707 -0.150060327174909
0.147573036687503 -0.00806232872728062 0.42181884698965 -0.285030639278375
0.087830294617687 0.0822660396611203 0.809844321325532 -0.0572514270860622
0.268173842058428 -0.000257153235531472 0.445746489045412 -0.227702874987753
0.242417346906082 -0.151515873160571 0.115713497769466 -0.187216743447769
0.0172186624352594 -0.243760376764768 0.0870900570263471 0.0113885552964635
-0.239098677815422 -0.126545056397834 0.123654678421405 0.0477245463447756
-0.249849643795329 0.0606236668072158 0.25657783304449 -0.0566290825449807
-0.159147881302701 0.185758570842214 0.237580382158655 -0.256590948688077
-0.021005657049113 0.245727627692731 0.140892085582332 -0.356308550667467
0.0132528832086788 0.269207420197684 0.0704809031744784 -0.374251412878352
-0.0136391766027458 0.285352203504757 0.0889519398286365 -0.363097722221592
-0.190124237217946 0.258410907635381 0.181106546006342 -0.287836385025186
-0.330826860392322 0.0780941317208539 0.200720262189727 -0.119229454334188
-0.343368065266049 -0.178259046705006 0.0663139530695026 -0.0772541167289378
0.00470656462348391 -0.403694554037628 0.120569675248497 -0.202954293090324
0.346615999973283 -0.237776747782127 0.382942666006637 -0.288743351471107
0.381704483069659 -0.0241265133367351 0.715998558620852 -0.0682721938984215
0.445190798031273 -0.0559404401579678 0.333499197585994 -0.222093725942489
0.359669445813984 -0.294889002177645 0.0798531514804829 -0.136033368361932
0.00698063930282211 -0.391907019821568 0.107704382736786 0.00177938775248163
-0.365425073294334 -0.199118203848027 0.111714967141461 0.0155199543103332
-0.394394905449505 0.0795926086192989 0.200563025067808 -0.0583903870535271
-0.269609096941169 0.278411833292591 0.174838900485711 -0.18050268409018
-0.0700928589440184 0.377873227147002 0.116308841327475 -0.230032305040166
-0.0149460483510861 0.398590218389871 0.0718540759939191 -0.247721839640433
-0.0469877021561424 0.414444458874069 0.0663693764534694 -0.229339502969201
-0.288978121227545 0.37938740114474 0.114304966431766 -0.189310167084593
-0.488372367723607 0.128351433311674 0.107064161636376 -0.0851932285554692
-0.527018225724648 -0.226660220075264 0.00148172003105984 -0.100491994144383
-0.0698430775431116 -0.59876094180435 0.0671296996034514 -0.23580436788403
0.468588500067226 -0.442923481427284 0.294386614349965 -0.258885878402308
0.601692736210008 -0.136570374279378 0.527509365886575 -0.046947544696756
0.576151124725505 -0.111315982717939 0.143031263708705 -0.200797317734535
0.445616807793207 -0.434740861556214 -0.00376324840261404 -0.0497683818415349
-0.0200575534085356 -0.528767961428791 0.111543199320647 0.0134381190455771
-0.475721069585543 -0.258240853976695 0.0923346369434417 -0.0176809783720775
-0.504384850491512 0.100060665045248 0.112951555780748 -0.0588757245315443
-0.347970457149492 0.344154683012907 0.075846486713301 -0.0791327487723888
-0.109351025341187 0.460448663608916 0.0691892167786572 -0.0674011953697815
-0.0397596758364402 0.467372199587139 0.0618773486091476 -0.0848626996049374
-0.0720339464895561 0.476264325948327 0.0375397486542732 -0.0617572019061028
-0.340126905786216 0.440010616954058 0.0358326675498991 -0.0543715634240467
-0.566525955834361 0.162985809376399 -0.00457662890656182 -0.0223160752512464
-0.627155559002351 -0.225444883912177 -0.075348480801976 -0.0999648586981052
-0.1445777357469 -0.685960935293051 -0.00284110921886408 -0.236088835305703
0.498919681407966 -0.56969214029868 0.177818010765308 -0.186588312255279
0.709343106250372 -0.226919364907033 0.283426261160849 0.00237888470862144
0.62865566113995 -0.156153370210744 -0.107416316268095 -0.162143910575477
0.472612885012242 -0.525488108911585 -0.128384292369816 0.0672588525199943
-0.0498983122827522 -0.601253975434846 0.088787519209588 0.0419263780439859
-0.523923288453574 -0.275021576056866 0.0516070830510851 -0.0438455840331546
-0.538774998872975 0.108321441178268 -0.00454363822952335 -0.0456443865269479
-0.370457453004238 0.360029748291533 -0.0454286464402688 0.0436088260662401
-0.128185718569783 0.477232358556197 0.00857522128590007 0.112607307077295
-0.0571194477068613 0.466777333960921 0.0418167805464171 0.0916236233104926
-0.0869004377075955 0.460341487459478 0.00494695884802155 0.113326145398078
-0.340123721393168 0.421584128197843 -0.0414934909532946 0.0910387272793743
-0.548675247800465 0.158316466448518 -0.113678372520609 0.0531013209302948
-0.600403499020231 -0.195146987045066 -0.143797219460434 -0.0821836834756149
-0.170993527488975 -0.640393001143083 -0.0668026230031003 -0.20651958734491
0.450053593914508 -0.573539556018523 0.0651421193372976 -0.0905213817180594
0.695445798459208 -0.270247321531017 0.0277699672759444 0.0743338024665965
0.57892615705917 -0.183317225649491 -0.37860534181619 -0.105814890322177
0.413177522262095 -0.518730045902291 -0.265093955711355 0.191724424956428
-0.0705020434416185 -0.555725718097453 0.0399757960304002 0.0774190638100099
-0.467807569590585 -0.237195755617717 -0.00523321818551246 -0.0560897656432205
-0.470595583526562 0.0936095472001925 -0.128113118724116 -0.0179001236747298
-0.325056240933202 0.312552447392108 -0.161438625229825 0.169365937215231
-0.125048813712594 0.415839195484581 -0.0531501947998416 0.281422619268034
-0.0655047436083605 0.394542733565437 0.0153909561079224 0.2537998637152
-0.0944092409279267 0.376240907708645 -0.0282982888164445 0.265926800381286
-0.293706540636466 0.330298122268396 -0.110815611616205 0.21459608736033
-0.440960482899849 0.112194944875809 -0.201725190535637 0.110999028678288
-0.457099720372222 -0.152095730317244 -0.186451278874459 -0.0657309752070537
-0.139149702979613 -0.484007762779924 -0.105480329531502 -0.164648570557935
0.346090418023579 -0.46182309851167 -0.0219216380663319 -0.000156593786679122
0.572782276786851 -0.260931981332538 -0.19237186983994 0.142608312937399
0.422688604566267 -0.176022940119402 -0.616289929488965 -0.0403663757845825
0.273006106104944 -0.4046894099131 -0.381994724407517 0.291518017073592
-0.0744486545595831 -0.385576828636207 -0.0219876066554579 0.114365820654686
-0.307657089506716 -0.14894436631978 -0.0549745455890968 -0.0472837534938232
-0.306163995587713 0.059995692026858 -0.220633120732782 0.0156773463030081
-0.221353819052939 0.206642523560144 -0.245304892987447 0.269162701421185
-0.0982806717144641 0.282355905581441 -0.100632495608645 0.407216644149447
-0.0667230002048736 0.261232429561496 -0.0103597987835144 0.379424336433735
-0.0897331684117538 0.24026118544629 -0.0605633590196349 0.374541584130399
-0.210522221978338 0.196435901846869 -0.1688445711891 0.293602953937854
-0.276064314327561 0.0484618997144235 -0.259679659089529 0.135030598209712
-0.25472784196479 -0.0977246292381962 -0.196090981347904 -0.0595826192564781
-0.0852125849093093 -0.276436972951393 -0.114523718660729 -0.124065477728614
0.208154532620875 -0.295146553570128 -0.074476939206192 0.0608290220167893
0.378914285520084 -0.214511836133939 -0.347727227114111 0.192833818051663
0.188054294828124 -0.13660671478092 -0.774315757738862 0.0240572717614617
0.0826386140615025 -0.209884280380642 -0.45278009307979 0.35991368610812
-0.0680449121521484 -0.13990084311148 -0.075608551478958 0.155032856264397
-0.0930568312519134 -0.0302395706302222 -0.07458701337874 -0.0168932904498945
-0.0920066089775807 0.0121116564431435 -0.258405562362214 0.0446345168251775
-0.0845477722231464 0.0617225826457395 -0.277978422709555 0.321238552669672
-0.0605340442390543 0.100418307171152 -0.128310072881465 0.467802583091867
-0.0580397249212499 0.08804617437527 -0.0339087510535699 0.44480925679745
-0.0710245922886005 0.0762969763298468 -0.0886742555688179 0.42635110799094
-0.10010358951355 0.0539764082447524 -0.210206693762422 0.322649464506424
-0.0930414991190655 -0.00325276194816883 -0.288108336776909 0.127951437547757
-0.0598332235631593 -0.0291314236618688 -0.182225617506658 -0.0596838801265767
-0.0482272949375046 -0.0699568040988176 -0.105122270373765 -0.0877598972274832
0.048972731653141 -0.129585810846583 -0.100882797742606 0.0900583685437781
0.151370247363669 -0.149905335747471 -0.429843726221254 0.215194850778496
0.0716111877062634 0.0567893583210127 0.462603997334737 -0.238760780641696
0.114353254529835 -0.0163466230550347 0.103254010915386 -0.208552816925012
0.0201101774993899 -0.0986565888679359 0.0673385565039452 0.0319727630884816
-0.107763624799038 -0.0466563001983354 0.142680374849088 0.065222850075752
-0.0905421851371183 0.040271657338031 0.279337345700016 -0.0753369335856209
-0.0374365410100512 0.0753408254760777 0.245389127894714 -0.31499646116743
0.0275005894293549 0.080749876608945 0.121383524104666 -0.428942003997783
0.04452084805052 0.0963045599112786 0.043097038412502 -0.437908990919271
0.0313918938916588 0.106116746952328 0.0857469685253839 -0.434140060840841
-0.046597472777526 0.103046539245716 0.207294840996494 -0.338001717778757
-0.119005985124314 0.0389827397885479 0.251568018486977 -0.131338301364247
-0.124378378634676 -0.0737881054973802 0.103398988330669 -0.0402297146643161
0.0418317142773054 -0.144489662185894 0.13775450968535 -0.154030143625857
0.145973472852044 -0.0111041440355495 0.403836323785051 -0.294605437047542
0.0873664258286127 0.0799839772788948 0.791420909772771 -0.0767792987282322
0.263051647815194 -0.00486035278753207 0.427085229996126 -0.238772513703463
0.233846030787488 -0.155999139123144 0.105219226261776 -0.185716921072845
0.0110832373566504 -0.237910988790464 0.0882640579747961 0.00386172059005146
-0.237466192422744 -0.114748580347001 0.121519273833368 0.040857089715636
-0.243226736425621 0.0694210608858453 0.247511244567937 -0.0669082388849472
-0.150378725999043 0.18979808923697 0.22292869877617 -0.26092634858967
-0.0118525155308198 0.241942826537943 0.125851560524762 -0.354859325602014
0.0235868374390154 0.263468783237274 0.056554688885158 -0.369645735329847
-0.00235821669160444 0.28039597247841 0.0766976771023364 -0.359145012285434
-0.177345628827428 0.261400385953564 0.165502806799387 -0.290430590819257
-0.325338963648513 0.0897556649344491 0.193693394660421 -0.125349941341646
-0.344444492618112 -0.162625682322924 0.0620013935614387 -0.078217955243656
-0.00804438512135962 -0.397427520706493 0.113100607530482 -0.204377565617381
0.335723073080437 -0.244152251032332 0.364689612719462 -0.297212550723959
0.372307878463147 -0.0301770532314606 0.700656210330728 -0.0863181845072952
0.436412854108875 -0.0624622919596823 0.316857787618474 -0.229904282058018
0.343584333708955 -0.301138425297662 0.0712212750918743 -0.134359737019057
-0.00241327667218968 -0.382622132671509 0.108446793166768 -0.00611635910704106
-0.362883718494869 -0.18196446764821 0.109611915317539 0.00852984917288292
-0.384351489044706 0.0937101510985927 0.190776467456517 -0.0683089629996036
-0.255430646866882 0.28522295915201 0.162831008257857 -0.183123371004048
-0.0544838848819843 0.373917916084973 0.106626578410884 -0.230356231159386
-0.000114401650041646 0.392061627905652 0.0620153432054755 -0.246102341606981
-0.0313101842472328 0.407983082195848 0.0582771108604317 -0.227413081864272
-0.270127493933777 0.38632987775776 0.102401253536845 -0.191184905648863
-0.479757051524656 0.146066448987732 0.102678354287247 -0.08923477222474
-0.525749519356086 -0.202624745424162 -0.00399878170247965 -0.100141026322627
-0.0878736004917182 -0.58655518931214 0.0577802582750498 -0.235002348284037
0.449128906134322 -0.450870385876741 0.279274924370513 -0.264751422064785
0.583767267527902 -0.147353693119286 0.518398191475343 -0.0624238949813111
0.56382251241139 -0.119917944693429 0.130556203536665 -0.204271425000689
0.424410440046444 -0.441291487715467 -0.00822749079724893 -0.0460517414795836
-0.0308779139006222 -0.51651214269765 0.113231453457642 0.00573191060758189
-0.471675500612975 -0.234785937963593 0.0900509390976083 -0.0234456517318206
-0.490893858129275 0.116406997274863 0.103535033687389 -0.0674358648887592
-0.329114217012934 0.350825380160324 0.0694784389086116 -0.0793534715735451
-0.0898362771522821 0.456046617914728 0.0674158089066182 -0.0684153215806725
-0.0216557387755044 0.460958476786752 0.0565082619692256 -0.0858368719294186
-0.0529654347999923 0.469199270349668 0.035868852584329 -0.0616072101598517
-0.31760065801362 0.445781720612504 0.0299060362718435 -0.0554612963007955
-0.555235483786499 0.182888263052173 -0.00588156807200593 -0.0225656849184854
-0.622611430185126 -0.19840730503802 -0.080285761480366 -0.0974133184421477
-0.161910407293883 -0.669042840457169 -0.0121244836500184 -0.231413918015569
0.474286859297413 -0.576748598534011 0.167707790041263 -0.192133062769734
0.688890290377917 -0.238578133827369 0.282055094406513 -0.00642274925748554
0.613425014257245 -0.16762163081621 -0.115443779073723 -0.159198703321697
0.447629153406906 -0.531833491177368 -0.126466257719106 0.0725301342399831
-0.0626799623592148 -0.589391948593739 0.0919341727587842 0.0357515366096903
-0.521274332533995 -0.251678209231507 0.0488334196729885 -0.0480952977953816
-0.525137672206671 0.124898278906374 -0.012939579272769 -0.0515779828028184
-0.350000617962453 0.368408980353866 -0.0442171617342922 0.0451348411979075
-0.108693003062602 0.471419042758087 0.0147014467802175 0.109735046025324
-0.0394031853265044 0.460037287689666 0.0420633086881599 0.0877605721384995
-0.0689960452029104 0.455023593095354 0.0104969403918803 0.111302772473348
-0.318116648827925 0.427516780837709 -0.0407074390226688 0.0907945460095613
-0.534115259560076 0.178219113367374 -0.11106622747979 0.0559748651727092
-0.593925897903757 -0.168745947745795 -0.148132524103773 -0.077735864849159
-0.186483281748336 -0.622570016973652 -0.0750029177276438 -0.199047335032832
0.427197917686091 -0.576921967575233 0.0594341660466927 -0.0934946976625831
0.67375004036835 -0.282166948470984 0.0338675357094741 0.0696383450368619
0.564126033249369 -0.191869296413526 -0.379285991664083 -0.0971284733948968
0.392320272373761 -0.525644487434026 -0.257401471618089 0.19820236361274
-0.0830302465506284 -0.544362928190719 0.0450634374851495 0.0735994570359969
-0.4662070540793 -0.218161779163064 -0.00677599053986776 -0.0586313872124013
-0.457564497999229 0.109108669678758 -0.132629630295844 -0.0194643653584337
-0.30660802254034 0.318834959769644 -0.152926795140973 0.17290877221777
-0.105889865275279 0.410123804777748 -0.0385435283563726 0.278339342602561
-0.0501955830170404 0.389418124236066 0.0220145028212418 0.24846536412547
-0.0788064220797308 0.372355473523397 -0.0174898029975984 0.26188309475066
-0.2765403548851 0.335935855331427 -0.103518426457149 0.215765521228887
-0.429153090797891 0.12783196463936 -0.195303865419953 0.11708812795713
-0.450359317812316 -0.130703529075567 -0.188775332812315 -0.0591520607482186
-0.150357690883203 -0.469057929732681 -0.112395438441573 -0.155708666736374
0.32633075794163 -0.464426017176429 -0.0227296763930146 -0.00179404556973512
0.55361430370721 -0.269718590245257 -0.179075703901609 0.142467382833696
0.411107586380135 -0.182666438724598 -0.610376355679206 -0.0259277700194285
0.256215864524902 -0.407982856678393 -0.369396548328111 0.300808119732178
-0.0835497833736376 -0.377121968678448 -0.0152509056721849 0.112759053927886
-0.306348064006132 -0.136711133797177 -0.0553590887448031 -0.0474834970528615
-0.297975259700626 0.0687909562676383 -0.221699512639497 0.0176674977819615
-0.208601529337716 0.209946144678395 -0.23093312786094 0.274484971608925
-0.0854835789660241 0.279373454836447 -0.0823449770426878 0.402538204678378
-0.0556053122439545 0.258828110314897 0.00124602642338854 0.372221561806484
-0.0807138013895078 0.238636063601104 -0.0463933052169926 0.370573424271399
-0.199336082071456 0.201647370140591 -0.155376045107804 0.294824422354232
-0.26899513187139 0.0578170669058868 -0.251005348632207 0.143095297140754
-0.249251037391441 -0.085549149994452 -0.197223739615161 -0.0526996066128851
-0.0916195944786196 -0.264866249793944 -0.120372630349424 -0.115483492361121
0.19421171924704 -0.296686873193658 -0.0710137787362176 0.0602801397532743
0.363714736379605 -0.220746643626376 -0.329576015473695 0.197489095637193
0.180694051923037 -0.138838541998775 -0.763310681946779 0.0413213128724583
0.0746287965424347 -0.210973375997289 -0.433993331056631 0.3678509707558
-0.0711479050923177 -0.136168773381623 -0.0681054665821619 0.1561130273224
-0.0919596834573516 -0.0280026224354831 -0.0731380345846522 -0.0164034836236793
-0.0894224523080809 0.0144557645254374 -0.255652180965424 0.0488239777999505
-0.079858933022591 0.0625828186179706 -0.261003237170744 0.326389156506627
-0.0560764347502331 0.0999172812745577 -0.107407601554522 0.462633283935809
-0.0538666103480135 0.088589356560896 -0.0198766136147285 0.438018746752548
-0.0677517597662022 0.0777483905006474 -0.0732482308436788 0.42024661153821
-0.0967141637895659 0.0563790217061505 -0.194633399215559 0.32503263654797
-0.0897780850721698 -0.00055958689253526 -0.278738748313124 0.139105577990572
-0.0562588335892545 -0.025804155496621 -0.182639901213378 -0.0519118705360567
-0.0496289597478851 -0.0635069078193211 -0.109052639591458 -0.0805987223858159
0.0429907950441216 -0.129077389916008 -0.0952226382725213 0.0907464069958433
0.143670998040668 -0.152526622590321 -0.409265764490268 0.22304493214708
0.0715468461483142 0.0563269966934187 0.447452839453185 -0.242693015011599
0.113503893500071 -0.0172143838837412 0.0956695166384025 -0.205017440368586
0.0185154440091372 -0.0957770832415607 0.0677003138327949 0.0271625132497759
-0.106586401290349 -0.0420420382880546 0.140620124152618 0.0597058273034297
-0.0884061010526949 0.042651125640715 0.273283624879691 -0.0813992522352036
-0.0354397602913859 0.077130354642365 0.231539504154424 -0.316938473221273
0.0290395649935759 0.0796329618791269 0.107054490275741 -0.422979926416911
0.0462987399501345 0.0932882036883695 0.0333877743733583 -0.432998471526397
0.0339141994835928 0.1040243483902 0.075061288646231 -0.427575969181811
-0.0433511972919503 0.103489084530221 0.193138374874691 -0.337251359071139
-0.117852739769308 0.0425848418703467 0.244768916280558 -0.136595391978369
-0.125095050339505 -0.0694937850677726 0.100992102725377 -0.0412034362994421
0.0383233593998965 -0.143390147412628 0.133955613031205 -0.156277642570833
0.1441277740325 -0.01377439579205 0.388361405106829 -0.296166552047714
0.0855862766964673 0.0796274427033921 0.774320955877758 -0.086129051258092
0.25908804546721 -0.00523088708350222 0.411469488476555 -0.242151612036177
0.227229804333836 -0.156969613816277 0.0970779013471338 -0.182096035236478
0.00909503507784903 -0.23209927074523 0.0883171341563912 -0.00194952869257912
-0.234068820085781 -0.105070717936497 0.119352938979443 0.0356370289658977
-0.236976399478354 0.0748488109384936 0.238988042361307 -0.0733449586190998
-0.143225740292873 0.191605958302023 0.211012858754558 -0.261662276650704
-0.00655573523990021 0.237905515810776 0.112598622342748 -0.351932092727081
0.0295435467710719 0.258256636481199 0.0484242595592431 -0.365062129278214
0.0051029600834837 0.275896478123598 0.0678949156161501 -0.353956317092385
-0.167262222948424 0.263308164378334 0.15294317484551 -0.290229475335416
-0.319745824504404 0.0984217128443295 0.187471327644953 -0.129917557902881
-0.341676781579807 -0.151498612253996 0.0577109123197873 -0.0785217118594836
-0.0161187798268955 -0.391689197934865 0.107955333316206 -0.204369865541466
0.325754980176069 -0.246589314341672 0.350990197492435 -0.299320828779328
0.361869425253562 -0.03209590125414 0.684664003455524 -0.0960427663072664
0.429716998976223 -0.0649800278538515 0.302781072224142 -0.230643427589198
0.332733750039712 -0.30165000148908 0.0649162522219557 -0.130029990428899
-0.00586900865807595 -0.372841509410843 0.108305466577402 -0.0132260341212314
-0.35697022412441 -0.169385313856023 0.106628735951173 0.00392241978288377
-0.374597506457845 0.101041065716971 0.180558847094171 -0.0752826375983128
-0.243702933480652 0.286603337323318 0.154310563883224 -0.183010229539882
-0.0441376972972945 0.367132637738085 0.0996993277342204 -0.229481545817408
0.00920796813603247 0.384871631928137 0.0546354139318928 -0.243374057572564
-0.0205902365772278 0.401156406682177 0.0537232105198221 -0.224661918618351
-0.254747998569547 0.387091579804481 0.0926967032908451 -0.190520116780553
-0.471717051592486 0.156983925811155 0.0980507853497312 -0.0916215915986419
-0.520257294893484 -0.186747449215506 -0.0082717710547301 -0.0989077456215515
-0.0978193079552034 -0.574106221137246 0.0520061553497903 -0.232442978411246
0.433349454575233 -0.452358191689283 0.26621387365231 -0.267912904564371
0.567716414098609 -0.148236321042661 0.508735161600153 -0.0705444258562857
0.552748809323458 -0.12137414116635 0.119308012798293 -0.203703966558613
0.40723927187023 -0.440364773018474 -0.0116813177131596 -0.0427415972713651
-0.0366114332203555 -0.504862795294025 0.113979371441563 -0.00100011791235467
-0.464345485878704 -0.218061383762798 0.0872251510661884 -0.0279257049001756
-0.478245221901075 0.125852314272338 0.0932259302997832 -0.0731471401738127
-0.313914887649137 0.353714436791428 0.0647031851851648 -0.0787514146410925
-0.0776761654158219 0.448379040108956 0.0663759316413485 -0.0694289689460633
-0.0104923693294548 0.452407821006331 0.0529469377667694 -0.0858472987138428
-0.0410200161963772 0.459377903403484 0.035262459152779 -0.0610343469339288
-0.300647620265249 0.447548576340922 0.0244967575103638 -0.0552152154466027
-0.543513726226847 0.193529345124348 -0.00677140679118903 -0.0229664745260017
-0.614840101331269 -0.179495042673519 -0.0849204969305002 -0.0946080789104513
-0.172088348763582 -0.652436895642707 -0.0180413860751477 -0.226485974482906
0.456747514743509 -0.575625713057451 0.158725433229561 -0.193229401343874
0.668979704488254 -0.239528769223893 0.27946429316506 -0.0144247228138924
0.602076974506276 -0.169182238666118 -0.12052847714446 -0.15603567551446
0.429630478453644 -0.532887279271502 -0.125220913063666 0.076869885677272
-0.0703512740296852 -0.576474558165696 0.0943016831993507 0.0294924277930977
-0.514121865606059 -0.234165602638447 0.0467720867014164 -0.0517394066407465
-0.511376604547113 0.132497533849814 -0.0210887261640206 -0.0553507668908434
-0.333737184813881 0.368702566486474 -0.0432973594423121 0.0472224384487618
-0.0931773475288124 0.463307354767099 0.0204924122828494 0.107689641244199
-0.0279691177955396 0.453631028569802 0.0422927994502634 0.0853570024971537
-0.056325030373227 0.448622430305756 0.0141458728226505 0.109249256557712
-0.302366083793213 0.430158605100422 -0.0407310608077065 0.090861847418614
-0.523750071149478 0.189107094394961 -0.107868426546918 0.0575252634258142
-0.584165791540389 -0.151514213229237 -0.151044432847571 -0.0740656137693651
-0.19493018210011 -0.605703693186295 -0.079821762638517 -0.192114893887047
0.408887130022026 -0.575967171822984 0.0544643912640041 -0.0951591707941488
0.653520904896883 -0.282655396608564 0.038968979571712 0.064414300850857
0.551834582866212 -0.194338395346797 -0.37843214908004 -0.0918821660730151
0.372953961782771 -0.525092509258835 -0.250473676447645 0.202839275388044
-0.0900807275836905 -0.53361472958763 0.0486439394206701 0.0684000101240057
-0.460585291869782 -0.204937127260111 -0.0079861472862475 -0.0599742766309111
-0.445907440053854 0.117105222871145 -0.138613853952928 -0.0210385390704047
-0.293235654948338 0.32009806335493 -0.146041347949165 0.174932223109308
-0.0926194999886772 0.403614950016121 -0.0275983532009685 0.273740111204175
-0.0400016826006412 0.382785819332147 0.025309471882535 0.243818158238547
-0.0695106824285715 0.366320875898886 -0.00973461883979054 0.257850653469548
-0.262891294658812 0.33737700802695 -0.0988340647664385 0.215334898640623
-0.419205259140661 0.138030817410693 -0.18871985654746 0.120331282482693
-0.441909313420661 -0.117428750045745 -0.190266359814146 -0.0549998807449741
-0.15624532031642 -0.454815338696279 -0.11661811242804 -0.147813944614328
0.31142609275099 -0.46309839990458 -0.0233099143647535 -0.00336780930005712
0.536346432875423 -0.271422207914068 -0.167737451755631 0.139401104622922
0.401032710605374 -0.18399658404294 -0.602224482720055 -0.0183490005908649
0.24282073871649 -0.408783347761643 -0.356259456459676 0.304653874588086
-0.0896781167417732 -0.370630026043209 -0.0103121847483485 0.109654575339307
-0.303084415768809 -0.128068372719115 -0.0551710463096995 -0.0481170728674066
-0.289807103103059 0.0742072968198353 -0.222908020351491 0.0188394769406909
-0.199528376899027 0.209816853593359 -0.217350038637452 0.276012736018668
-0.0767427429602668 0.275104215360493 -0.0676704502752516 0.397967321223965
-0.0480540879935855 0.255425651800759 0.00778835111236015 0.365124124620528
-0.0730110688441644 0.235027691564413 -0.0362655881453397 0.364239982174719
-0.191143984414248 0.202483647477527 -0.146353368938786 0.295224593865926
-0.26241210129924 0.0627449234420354 -0.242748760342633 0.148375527986804
-0.243141859817908 -0.0770973773110118 -0.197479511672805 -0.0473666500779904
-0.0943285030232547 -0.255083488524741 -0.123550027232415 -0.10763273741469
0.18339086102484 -0.295342348670091 -0.069107593380936 0.0582565796973992
0.352856946048115 -0.220927732058479 -0.314524624556329 0.195331870245908
0.175431918856622 -0.139525688834238 -0.750045952225225 0.0497959770313641
0.0684379251172612 -0.210757196943599 -0.418288209114916 0.371946909525628
-0.0731167597338606 -0.133165865935108 -0.0618066640533614 0.155349599241056
-0.0912089201590137 -0.0259142056001643 -0.07217553083561 -0.0173962490235982
-0.087611136071851 0.0155516515311578 -0.253605465416247 0.0514893010503431
-0.076714433349378 0.0615048967865155 -0.247061776478993 0.325636800394475
-0.0521461677406729 0.0981621061497513 -0.0911867887284946 0.457077014753456
-0.0503507564795888 0.0883130494289713 -0.0104160033274354 0.429018732629149
-0.0652588213486278 0.077807073379849 -0.0607791153535853 0.413176413646235
-0.0937521477987125 0.0577944840739575 -0.182492942858383 0.325568153853252
-0.0862367594072382 0.000500443517465008 -0.269490252537099 0.144672724898331
-0.0531907354247789 -0.0239887661843812 -0.181888591760738 -0.0458797542835345
-0.0491729054004607 -0.0581439946467274 -0.111825776544824 -0.073261239802078
0.0383426297703702 -0.128230384914389 -0.0911196901315997 0.0890022056262635
0.13796843203429 -0.153577827532425 -0.393125089197891 0.222669911425475
0.0712198379338194 0.0572761930761414 0.439308718349546 -0.241252303957142
0.114544127483041 -0.0173171313686024 0.0915651574926036 -0.201513966137113
0.020168640487845 -0.094383715587174 0.0686237247564341 0.0235660670844174
-0.10534129191962 -0.0396880668656238 0.139384871647084 0.0566989555108035
-0.0873080643145492 0.044630228682492 0.269994077896233 -0.0849538446997479
-0.0345239531295618 0.0788963907907085 0.223505925675688 -0.316261997076193
0.029903512135558 0.0791468488582619 0.0989270809743564 -0.420380378291449
0.0478783030733527 0.0917968942114598 0.0286654334485548 -0.428382650606813
0.0358997532290466 0.103686698485923 0.0702636868155088 -0.424747967505265
-0.0417708593964584 0.10419186850621 0.186157441353187 -0.336757986787643
-0.118355164602568 0.0457241308368986 0.241351508320498 -0.14013232697718
-0.1259636968779 -0.067445284773186 0.0999081122599369 -0.041897145324618
0.0359734337890568 -0.143344432745814 0.132855226032491 -0.157585516445517
0.14368419023304 -0.0135818806064345 0.381070751088242 -0.296449990733197
0.0840745234948401 0.0811065718328056 0.763012645003866 -0.0882123881262699
0.25765526667186 -0.00298747420376472 0.403275387584853 -0.241289698824417
0.225404280099561 -0.155884369185659 0.0929421863237991 -0.178554370506095
0.0104605949938129 -0.229148844591238 0.0888089285115709 -0.00696484300488288
-0.230925955491212 -0.100712081534724 0.117536011402309 0.0328080950471658
-0.234171654026507 0.0776491257899486 0.232806718125813 -0.0775293226178018
-0.139615241378089 0.194008444603743 0.203726443089817 -0.261639209748784
-0.00270381804271474 0.236729514598781 0.107081883477124 -0.34997879030048
0.0331986830814485 0.255445960912856 0.0437190253537152 -0.36316272652926
0.00936114557592614 0.273274072615157 0.0643134071740106 -0.351918532723149
-0.161901164475747 0.264016882124774 0.145484393253718 -0.289000003435969
-0.318199820562091 0.104238865132211 0.183943180835215 -0.132985362949909
-0.340448750026056 -0.144844472875047 0.0552019236671081 -0.0788192705264523
-0.0190735286376432 -0.389165825348401 0.106334815466569 -0.205030569295306
0.322445165207993 -0.245358743774293 0.342550511495548 -0.300715420841686
0.357233033157439 -0.0279084553413563 0.676550784578671 -0.098037907116592
0.425635846974526 -0.0623395711377585 0.294975288629904 -0.230038443543282
0.327817836120912 -0.30031916286615 0.0611937419019158 -0.12635001166122
-0.00418305911241679 -0.368791323466535 0.109144787504714 -0.0189033673763144
-0.351391325944207 -0.163300885170305 0.104695217804734 0.000888312453428259
-0.369160693469793 0.106019922573564 0.173799413967368 -0.078975941175319
-0.238005583285272 0.289122586372332 0.148632257603146 -0.182701829269971
-0.0405149436778828 0.365487433459418 0.0964141707293971 -0.229000392764737
0.0151481306842902 0.380731360844734 0.0510041149216673 -0.242073775843444
-0.0142644822702801 0.397815297732369 0.0519834991746306 -0.223358158277313
-0.247872154824024 0.386714113850033 0.0864818569131943 -0.190148621175022
-0.467446501392488 0.163837290962262 0.0958225158951363 -0.0936870589115533
-0.514878046576039 -0.176704831835234 -0.0123197613440807 -0.0988513415003535
-0.100067925992025 -0.570156733515156 0.0494265598189562 -0.231534198543876
0.427524758504959 -0.450929228925072 0.260736761621661 -0.269292395716884
0.561245699010565 -0.142716845971991 0.50537467474675 -0.0745730336346654
0.549813302112043 -0.119139539172316 0.113025206258735 -0.202616522932869
0.399747912920277 -0.440306472952749 -0.0143239767991834 -0.0389638316118136
-0.0348949928799238 -0.498216100242786 0.114970260192071 -0.00718290949053064
-0.459595992514628 -0.211481380230095 0.0852139721052276 -0.0302079816405359
-0.471977584070023 0.130779771986776 0.0849587525516134 -0.0763574626061867
-0.305886968296435 0.355668163225974 0.062214460645312 -0.0780502292864168
-0.0701510020642947 0.445530719135089 0.0673439724949668 -0.070247152224632
-0.00400698274939813 0.448311227938008 0.0505116154268934 -0.0856841709570868
-0.033771529755522 0.457640538998172 0.0362070977735589 -0.0618211468015483
-0.292997022162014 0.447934198318527 0.020098648862826 -0.0541668323498695
-0.538804844509761 0.202825220446742 -0.00809272089810832 -0.0234517612107639
-0.608411147605245 -0.169668117019874 -0.0885157989981935 -0.0936181464910213
-0.173308101655213 -0.645606418122022 -0.0213172801463307 -0.224137366545617
0.45005214284726 -0.573762532814939 0.15310571296121 -0.195154212017419
0.660057605461945 -0.23429570322145 0.279694429972237 -0.0182800795128403
0.597887326878885 -0.166189513104154 -0.124442362646812 -0.154298166567367
0.420452727148269 -0.531425351807148 -0.125663176046484 0.0802942844290669
-0.0708155734187842 -0.570329906801901 0.0953041294132563 0.0235713889040737
-0.508962411662375 -0.227891812227688 0.0455034234002627 -0.0539781690372743
-0.504840518066571 0.137672868033481 -0.0294384807776474 -0.0579195490155597
-0.326792008831466 0.369144525689267 -0.0428129075223336 0.0478456743575612
-0.0876290465071071 0.460070461432296 0.0248306992214811 0.105413960019879
-0.0201986081722259 0.448199529390495 0.0408405419102015 0.0845892990618405
-0.0513997373299264 0.443570008767239 0.0163906492438421 0.107150237349486
-0.294645627677301 0.429088268111573 -0.0424424950572474 0.0918389848661714
-0.518063951634282 0.196775998815715 -0.107304563656047 0.0578270289845567
-0.577747415924602 -0.141683770579997 -0.154592648078948 -0.0718739081811464
-0.196574279268804 -0.596605200197505 -0.0833894584154597 -0.188585337160304
0.401966293851767 -0.574013846251998 0.0511754120461643 -0.0967550381424148
0.643663738353374 -0.27680363175081 0.0428315091871751 0.0595239413436645
0.547466640825901 -0.191746629405903 -0.378920460647575 -0.0897571769396383
0.364744655420391 -0.525773470449116 -0.248354213811636 0.20538634936636
-0.0910156091560494 -0.526548089842446 0.050670013825954 0.0638509352389584
-0.455778794007266 -0.197418156530819 -0.00881598000550034 -0.0618107587561652
-0.440465686180365 0.119837241653778 -0.144778334510909 -0.0223950975108933
-0.286548298369182 0.319916965939547 -0.142347077591276 0.176032704701775
-0.0877479423823181 0.400352181428903 -0.0198571049767057 0.270529890663983
-0.0345400953440951 0.379818755942453 0.0272035813316112 0.241934573558087
-0.0644052622853806 0.362698952060974 -0.00553568171466163 0.255195579684016
-0.256974372476643 0.3378798288519 -0.0975549481900167 0.215479900785409
-0.414463473907568 0.14227397936541 -0.18634825941309 0.122690689630527
-0.434820538987055 -0.110609297937654 -0.193317698533334 -0.0518029128043082
-0.157187118535222 -0.447356271691607 -0.119271905865181 -0.143052908556843
0.305542336625798 -0.462006288053278 -0.0251485730370887 -0.00582230012435733
0.527820501620173 -0.26675240856846 -0.16093537016516 0.135559865987105
0.397895761374699 -0.182260521370719 -0.600759413128311 -0.0187397319713935
0.235054221152714 -0.408987866348648 -0.35203925264865 0.306231401210094
-0.092101695565718 -0.365708689638985 -0.00814187646001903 0.106511851029998
-0.301085111320862 -0.123808617392317 -0.0552137155600227 -0.0495245222292391
-0.287305019140095 0.0760658090968706 -0.226788212548181 0.0179954534110653
-0.195169768191319 0.208762025004998 -0.212586811392621 0.276148880175681
-0.07266890364158 0.271606817354866 -0.0575023213831618 0.393950058711527
-0.0444148157962119 0.253060568787827 0.00953215699367914 0.362554978361947
-0.0701066975896799 0.233639502702611 -0.0313874883441343 0.361437408174689
-0.187554449556318 0.203408246374338 -0.141772034311078 0.2952922358146
-0.258237222815805 0.0656806152141627 -0.238084350181285 0.151413798786394
-0.237778229105362 -0.0733015227117819 -0.199124734346099 -0.0445206419955086
-0.0939148715571974 -0.248907612820137 -0.126334411109731 -0.10249783973553
0.178947266052912 -0.293622886472774 -0.0690796429775658 0.0564899356880142
0.346749332038673 -0.218932098450924 -0.305338370582031 0.191688377490247
0.173121244325514 -0.138129137900981 -0.744158051686829 0.0496370149532944
0.0643607530663738 -0.210892804303317 -0.412983390395241 0.371372482632274
-0.074602533308476 -0.131279465935771 -0.0593802667855677 0.15425352165801
-0.0907900998841334 -0.0259085073061967 -0.0713564964824604 -0.0185407732355016
-0.0863878326639886 0.0155389051601331 -0.253742251241395 0.0519815179665279
-0.0754983142113539 0.0603288122268061 -0.239763326406486 0.32505693633735
-0.051168499148612 0.0963234276416285 -0.080467879851469 0.452759010537049
-0.049073913580428 0.0878353931092981 -0.00638252566114386 0.42617363879779
-0.0645415053447486 0.0777508444675628 -0.0554536030799968 0.411514513333485
-0.0917530314752593 0.0582454841604321 -0.175104187141777 0.324818546963735
-0.0840546301712084 0.00044388758756636 -0.263989131488868 0.14837896299757
-0.0499907878778699 -0.0229882100454049 -0.181732612371339 -0.0425075452717204
-0.0484965380627657 -0.0537634601138062 -0.114140195805189 -0.0688268208615814
0.0359064403463242 -0.127557137440396 -0.0898097645441342 0.0872891439084471
0.134788721641165 -0.15451697052114 -0.382950675032633 0.221216679685734
0.0721677797437606 0.0594066287213335 0.440800508455997 -0.245189979889744
0.117735564998252 -0.0179036358152625 0.0901152551564877 -0.201224401024833
0.0221518491117138 -0.0955041871907077 0.0717312336275322 0.0212093540554261
-0.105602053154887 -0.0381585918201508 0.14121124494482 0.0550409808509646
-0.0880364682400857 0.0467556407045847 0.271554677372554 -0.0897848320265982
-0.0334721205821921 0.0829202775485017 0.220701946491905 -0.322611990099293
0.0318216815279383 0.0816392630548117 0.092863730623718 -0.425561575161453
0.0500315796302308 0.0922941845326064 0.025476053814637 -0.434078118334946
0.0383839059771096 0.104409248790317 0.0674230547119664 -0.429158638865341
-0.0408865899828922 0.106251805435394 0.182837692589339 -0.34147953854468
-0.12066667646716 0.0492064089582273 0.242771809148 -0.144449062452356
-0.128629779933712 -0.0665737243834204 0.0997995715160626 -0.0426575630318107
0.0356575064679552 -0.145486833348167 0.134623337987181 -0.16268453155546
0.146657947097909 -0.0128971081892598 0.38271077064227 -0.302923942119683
0.0852185454800751 0.0856359126538134 0.767984908686959 -0.0881292626624235
0.261248100074008 -0.000579207550488646 0.403814341731845 -0.244292901392963
0.227803969167213 -0.158116431218186 0.0916893531617668 -0.177315034039486
0.0134262656116553 -0.230759103982835 0.0910977249622602 -0.0114843941771963
-0.230930750385147 -0.0989302103857784 0.118613215388522 0.0309062702915313
-0.235278825406099 0.0812766106263688 0.232558757268563 -0.0816778084099607
-0.139054582722382 0.199319550407162 0.201610312939208 -0.265533137622322
-0.000114829557320976 0.240244347319732 0.103488660338587 -0.354477064007788
0.0370478108007725 0.258585100821904 0.041073513198382 -0.367970216994489
0.0134494181832613 0.275139202876424 0.0628591466470314 -0.355651900577905
-0.160373607919261 0.269395316453955 0.141061536808004 -0.293130671754082
-0.321817407557517 0.110700075236645 0.183866554523852 -0.137099059361543
-0.34365815645594 -0.142403052118697 0.0533136592226881 -0.0802869059233325
-0.0203033564488258 -0.392783335650213 0.106625986612145 -0.210412434491004
0.326462469965024 -0.249701144758142 0.343033450795366 -0.30611009945953
0.36054536349286 -0.0228841196136663 0.681312369683906 -0.0976822930586215
0.432222985901096 -0.0595302027670098 0.293839734325692 -0.232024738426003
0.329261137805691 -0.304064175889719 0.0594665036335715 -0.124035591069605
-0.00224642088687536 -0.371144750062895 0.111558753600627 -0.0243502601577109
-0.353176584013864 -0.160696346200676 0.105279755191552 -0.000975426067599951
-0.371308793512749 0.109454077377016 0.170000892247683 -0.0823877174970586
-0.237072725484603 0.295563108834501 0.146906406074863 -0.185365310568966
-0.0355181964579802 0.369958531091118 0.0965000247703478 -0.23256365142474
0.0195501081423426 0.385646302693987 0.0483413776564328 -0.245653371011091
-0.0095960481600711 0.40244819804056 0.0518607289528828 -0.226802473569481
-0.247364809187763 0.394868108101174 0.0819854513921696 -0.19141601592217
-0.472456626482606 0.173831645077013 0.0950303322734541 -0.097154402861151
-0.520778788609469 -0.173801873880922 -0.0165042919480054 -0.099815375408485
-0.103171370348554 -0.57514838181148 0.0483152570606259 -0.23521772594529
0.432570754602811 -0.458189970553102 0.259464088364735 -0.274158660122103
0.566159320866629 -0.138542362010283 0.509608299188097 -0.0786095984857582
0.557680996586633 -0.116677351269461 0.10959087846829 -0.204045869523515
0.401931776447609 -0.446191354622927 -0.0157481130583585 -0.0344787855262874
-0.0350349434198449 -0.503553760695721 0.117973782212222 -0.0130390533225817
-0.462171988962678 -0.209573638144687 0.0855394458177763 -0.0328662062252173
-0.476015863767131 0.135085267632621 0.0788661977256605 -0.0795118554100905
-0.30729909706622 0.36285879799275 0.0610123052390561 -0.0789633023722058
-0.0660099008456861 0.449522622570864 0.0696062051431986 -0.0729102637970246
0.00130590185692537 0.453105706030293 0.0491711390898712 -0.0867637969711776
-0.0284935290150128 0.461511335296579 0.0367087464504244 -0.063222791148649
-0.290788816538828 0.457397557258199 0.0159295430544556 -0.0531543060335469
-0.543889352008978 0.213892199315274 -0.00937123409521288 -0.0253891967673313
-0.613860763828254 -0.166208653380457 -0.0945433802806192 -0.0940060476883426
-0.177414551714722 -0.65327242721212 -0.0243395725258204 -0.225791787878152
0.45431691986121 -0.581551055876338 0.1510503593083 -0.200166331709496
0.665439377901645 -0.230742825830371 0.283879335158668 -0.0231714636854296
0.60677056606766 -0.164839199928464 -0.130573890083611 -0.155760255097252
0.421550690628893 -0.539108642334753 -0.128176634644585 0.0859004250051963
-0.0695845299975672 -0.575951669895281 0.0976988830379742 0.0184761820869761
-0.513918486981521 -0.227563580362814 0.0453174514760063 -0.0559425018057672
-0.509885160113869 0.143823638462545 -0.0365672263530167 -0.0603208161096666
-0.328475363446515 0.376903500113399 -0.0430189891102109 0.0496477741035461
-0.0838341532647802 0.465660163006175 0.030284613022188 0.104362185598405
-0.0156649584328232 0.452865884083186 0.0414583836343773 0.085463454315838
-0.0457699464384854 0.447453811141207 0.0191687395422733 0.107614220549633
-0.29387778177596 0.437053244408862 -0.0452186258516925 0.0953740692482521
-0.522478367434386 0.204948989853371 -0.108208120805617 0.0589944507788403
-0.581372441550663 -0.13775315024319 -0.16127959328602 -0.0715401654137093
-0.199781092793292 -0.601782642982231 -0.087948929416629 -0.188337955295521
0.4056086914497 -0.582849358082981 0.0476070636406752 -0.0998314155688774
0.648588386029984 -0.275295863310754 0.0460378655918175 0.0556843800652906
0.555947585567824 -0.191173691640956 -0.387628461047514 -0.0904698328977377
0.364797957212922 -0.532427654180919 -0.250137531017289 0.213099061434312
-0.0930390534297078 -0.532238657687378 0.0521076342243905 0.0607279501310737
-0.461145196604492 -0.197193252335051 -0.00946695621102236 -0.0643641898092445
-0.445161913053161 0.124240805232593 -0.153452625216293 -0.0231637453616158
-0.287793450305459 0.324952127971584 -0.141557193983006 0.17943010245863
-0.0839335974457819 0.404046224961023 -0.0124951898037953 0.270287467530124
-0.0306915177013301 0.382908296736129 0.0277262927944469 0.244944981795805
-0.0612424862238496 0.366861974101728 -0.00206577388026052 0.257406847980739
-0.256598526501764 0.345261852213014 -0.0974504223811621 0.221376090849317
-0.417590626373082 0.148998433699631 -0.187146742997647 0.125492756872776
-0.435157706425639 -0.108097922443754 -0.199058116141582 -0.0503275039651579
-0.158915186087613 -0.448846007509682 -0.12411707235854 -0.141791954696501
0.30759471144347 -0.468558290136785 -0.0283242793336087 -0.00717755452858982
0.529919206178096 -0.266356886402862 -0.157332184774782 0.132242978284992
0.403011032172596 -0.183287141241347 -0.609269282369556 -0.0184035528565644
0.23418691636086 -0.415378867128737 -0.354975795244556 0.314538971478326
-0.0948338596017275 -0.368728239842643 -0.00728523323131369 0.106242212667549
-0.304920009032338 -0.123295866358401 -0.0563896978512114 -0.0513322439940412
-0.290278918687911 0.0781187923895422 -0.233858687882261 0.018794860498411
-0.197212161572446 0.212066574193433 -0.212097021057419 0.280237048744572
-0.0713772873490992 0.273595540321258 -0.0495613974788941 0.394670063544121
-0.0422927179756906 0.254672552226242 0.0125733244945601 0.367523658714902
-0.0695653038296678 0.236247480233067 -0.0265518785377106 0.364493094356863
-0.187253552961174 0.208020977850398 -0.140858518940562 0.301332554519482
-0.259002243633859 0.0687252074460417 -0.23869073984163 0.155981261100804
-0.236457258353934 -0.0719443005953882 -0.203502994257459 -0.0421833549921804
-0.0949617141788302 -0.247808147573209 -0.130999893650461 -0.0997242742570807
0.178141833955846 -0.298241878104356 -0.0709155806924398 0.0555193568238368
0.346528646750052 -0.222173244756293 -0.302131971961861 0.190752803228575
0.175210230779487 -0.139287119494336 -0.754390541359184 0.0506504387229445
0.0626193023094948 -0.215227935249841 -0.414561589056909 0.379272155305239
-0.0777303619054999 -0.131341348302214 -0.0587779821838661 0.156209479221289
-0.0929044704246404 -0.0255882231276643 -0.0725290312403299 -0.0203765347284834
-0.0879790575981158 0.0156254099738168 -0.259606879893568 0.0531690967747198
-0.0769275200146959 0.0605093719126074 -0.238105595796409 0.331085065391193
-0.0512432432034242 0.0963686752222453 -0.0745697074183391 0.455372565616841
-0.0488220205517605 0.0884382404414684 -0.00265726570328809 0.430714585861454
-0.0650525957587689 0.0786613781775055 -0.0522109709079543 0.415397805454235
-0.0922886516811762 0.0598990061963584 -0.171661893808655 0.331620703070311
-0.0836951200546313 -0.000420010214449549 -0.264236073307889 0.153897118112704
-0.047689335955055 -0.0233239569788741 -0.184433210973907 -0.0406334841296022
-0.0483092150913961 -0.0516183327176594 -0.118506081403387 -0.0658966856245088
0.0338934513652493 -0.130225416034563 -0.0908954690248388 0.0877152691287195
0.133248368419778 -0.158163052534069 -0.381138872538545 0.221463856570874
0.0969631959927872 0.00615363568385594 0.206674521528567 -0.476431083774921
0.0844361379930534 -0.08532962469303 -0.049352712235667 -0.220344909338662
-0.0365804204165799 -0.0936010423899025 0.0680103284206121 -0.0337544681958448
-0.105986805223198 0.0296345377195062 0.144392306457445 -0.0414341738031891
-0.0431308335416208 0.0899198290960256 0.160195323944754 -0.240027998145125
0.0237340025995865 0.0887357416372767 -0.0287800496927524 -0.39445328292107
0.0743489243175279 0.0471435634337933 -0.195560158946511 -0.402370049719867
0.0989488030081954 0.0419111641988598 -0.252733166334041 -0.367062697589908
0.0964013301543241 0.0580761531507519 -0.217274005157522 -0.389803240873909
0.0339651450260165 0.112625804006343 -0.0682207231017583 -0.39364067463268
-0.0671868398945481 0.118995338503158 0.103880727665068 -0.270034775431503
-0.14909618425921 0.0256153013218058 0.0554306276014529 -0.0965031306587701
-0.0660013981314259 -0.150099606360191 0.00425978191576542 -0.218380787426227
0.116065429430509 -0.113394784576337 0.111719895047533 -0.490298767853754
0.140725275288307 0.0157478713158474 0.569085583834414 -0.567506667112202
0.221856766552664 -0.152342011758875 0.169161092224483 -0.462676228652599
0.092006589638203 -0.260585589250228 -0.0338869136061873 -0.208878685792427
-0.123058544268978 -0.198937797841225 0.0574877802198663 -0.0755283865619771
-0.24086307070628 0.0538397895579146 0.104640221064472 -0.0432325302743957
-0.140914401066963 0.205991519015662 0.13222224239191 -0.204370773073213
0.00953228742025013 0.246336357470378 -0.00834858514135159 -0.332220617447916
0.146664411629826 0.192666247825504 -0.138287316002153 -0.350798703440317
0.192839377466229 0.184654462927733 -0.199428269733288 -0.322684496740343
0.18529447904845 0.215552173269671 -0.177805488837032 -0.32940624425605
0.0409221621018674 0.322644239295947 -0.0717346907559847 -0.327823559923461
-0.193472559018399 0.300104950532985 0.0632061206606983 -0.225697814258488
-0.375763735255546 0.0982283960514608 -0.0055986921958948 -0.0963123661133512
-0.274966711452458 -0.324876173349668 -0.0480044196960033 -0.235646798367615
0.111433710838039 -0.426744896812744 0.0862167081162272 -0.463681425802549
0.301308403410955 -0.254686852270214 0.488791696377392 -0.510353078697202
0.330023644031814 -0.300814811317503 0.0819654259551954 -0.395508531972482
0.0891188590684907 -0.434888363850535 -0.0277326594954608 -0.151877224204306
-0.218152495802223 -0.303644213661806 0.0592669746240897 -0.101547321529845
-0.374376996744738 0.074041381574448 0.0689092272030757 -0.0585455405318734
-0.233782889463651 0.311387685860723 0.0789381338723559 -0.162069968853657
-0.00967640095487047 0.384622436633317 -0.00219820517258658 -0.229811146731848
0.197771381698698 0.317640672036831 -0.0654162023573082 -0.246837459559033
0.258853448364292 0.299096375895837 -0.116438867763296 -0.228843631133429
0.247894299617125 0.33366265027894 -0.106917563966815 -0.21794647639723
0.0506875400289453 0.480683017168704 -0.0569572258137881 -0.206953571274322
-0.277478505511641 0.449596050728166 0.0188688708152137 -0.13590655463224
-0.542257869343072 0.183001793392404 -0.0732349112247982 -0.0670341305369734
-0.464770141711869 -0.423711838234931 -0.109197410619195 -0.215603965365351
0.0637983693934877 -0.669626589195142 0.0441200056890518 -0.380225580829278
0.396095618244022 -0.484856524573394 0.359665356189915 -0.368999889082388
0.402818902770272 -0.41950171334542 -0.0539135648742434 -0.267008382052607
0.0635738324463298 -0.590580947065814 -0.0351808972577737 -0.0382010604259486
-0.323290609137885 -0.392520609956714 0.0649282288501609 -0.0971940533862106
-0.490056171924828 0.0971099054313837 0.0287462839584257 -0.0693026029768445
-0.302473794358263 0.393293054055275 0.00646896127462341 -0.100166979024556
-0.0250114061304332 0.479784801859704 -0.00498963347613504 -0.0872963389685889
0.222925057874505 0.400095557647149 0.016918775322539 -0.100810846321167
0.287090386870967 0.365363295333159 -0.0165636787074289 -0.10088248901549
0.269117917927688 0.395038565315236 -0.0161104174468942 -0.0762710814051087
0.0546608826255264 0.560485040604654 -0.0224405249265279 -0.0522631417840015
-0.31113739483762 0.52944274479547 -0.018105954391488 -0.0117070035063438
-0.615689131912506 0.246926810783925 -0.132508955702242 -0.0125746864630902
-0.577634165226843 -0.43969632923472 -0.161445704883529 -0.159720547561468
6.14780431729099E-05 -0.785826072112319 0.00884501553637139 -0.248432007007928
0.417265716015344 -0.62474261999539 0.211610852017475 -0.172759771443036
0.413860040342482 -0.48728211937976 -0.222870136034708 -0.0809774942341686
0.0245071045402437 -0.67684319515981 -0.0522796550488811 0.125320444268378
-0.396369119051341 -0.428357500905895 0.0651522585819297 -0.0584911636334286
-0.541599907594977 0.115551075446616 -0.0208369406661209 -0.0615515658953447
-0.324310510608936 0.420054670618986 -0.0752894731827405 -0.0109096462339124
-0.0337794703856634 0.505652550972094 -0.00783711224216371 0.0821192515959495
0.218867992881059 0.421415672298418 0.0982153342014884 0.0678529698377471
0.273005746817163 0.377244528458196 0.0858360913134157 0.0431883650779247
0.245633882904062 0.396473620388094 0.0784014040633212 0.0733125109036011
0.0407307487082002 0.546678336304901 0.0216823629067588 0.107839336219202
-0.298040455420728 0.507447632980681 -0.0444966448133499 0.119360823914957
-0.569667657012729 0.251211035040591 -0.172913889568302 0.0485983240322986
-0.562832475888992 -0.38027090432445 -0.188063102436393 -0.08726859359378
-0.0415227740058677 -0.753199171895186 -0.0103627610598088 -0.100843301356196
0.369650656531564 -0.649969431218079 0.0695463226866537 0.0454830591555978
0.355829790461276 -0.479566533070162 -0.392058593818457 0.134588671144948
-0.0191134907991713 -0.63766198356458 -0.0744171289063857 0.305878071557118
-0.390446228781635 -0.378269878829035 0.0552996724290239 0.00763190719264477
-0.484877159957064 0.109497903239631 -0.0684241722949921 -0.0345816717579173
-0.283053273909082 0.367667548682529 -0.145587048367067 0.0893853229029413
-0.0334420676770421 0.439263899446623 -0.00585134560013282 0.246163082879856
0.181818127484077 0.373262619385595 0.168570520156959 0.229488711365697
0.216433961385197 0.329688867327122 0.175973294704227 0.180567567234719
0.183185550757623 0.340722192642805 0.157517583384466 0.208339594068686
0.0105600661046381 0.447613636083569 0.0594762913649898 0.243005563016024
-0.246473043630373 0.392068239499518 -0.0663299171691242 0.222593852620084
-0.428660820148054 0.183802314193573 -0.19094263128888 0.0894168368882179
-0.427681325272844 -0.275383568993793 -0.188516993621744 -0.0264346939114317
-0.0515638909095926 -0.590661568335854 -0.0143223243887418 0.0199015287697627
0.270594326913965 -0.565001011512893 -0.0449936208494618 0.234412756322292
0.230735309162513 -0.384921988628591 -0.525094983662106 0.340114194767036
-0.0548636017089711 -0.467253170234474 -0.0956138356057087 0.458333126041492
-0.295287855013076 -0.243233331545002 0.0421782678129426 0.086684398700784
-0.316999737423395 0.0791561421823199 -0.0921035436963195 0.00122323646487179
-0.186901783202121 0.23784771900911 -0.182799679082437 0.169742494356569
-0.0289880950068335 0.291652390892461 0.00361961961318178 0.366345245277048
0.112943520259366 0.261165745951712 0.216599437230902 0.353220601758174
0.12632260329823 0.233501835281287 0.240029457811781 0.288294033373558
0.0936333123938662 0.239924054045866 0.207655122690142 0.310618286788213
-0.0191513330385883 0.291163726442569 0.0763042473720712 0.334571547026071
-0.168626770936613 0.224532480877882 -0.0899053154341398 0.279073087713279
-0.240754095084029 0.0886658813180223 -0.190234165457044 0.0978833186419026
-0.241375139257366 -0.146301820690792 -0.167831657861225 0.0102185766463767
-0.0473131825505869 -0.362537860185417 -0.0132425173810278 0.0956564805564558
0.141972709457339 -0.406573184761114 -0.122649957131923 0.367257747967075
0.0628782779357777 -0.21480939180887 -0.593800957657795 0.498742875914812
-0.0753875211409251 -0.205603772234521 -0.102842098222972 0.555842712184034
-0.141030222540327 -0.0574453328138601 0.0414796814725755 0.164945928279989
-0.09049503412193 0.033976516329249 -0.077008043930651 0.0313376287944686
-0.0612902540692996 0.0660519001057041 -0.179909556812314 0.206975469405892
-0.0245802499343575 0.095376269525824 0.0145418571253958 0.416940117476012
0.0203057368596393 0.107318637328883 0.232641684734339 0.416881951489359
0.0159973550101789 0.103145848821299 0.268698874309432 0.349999822705444
-0.00255223269719278 0.109059701242249 0.221982231621178 0.367493452262704
-0.0361500740354727 0.109543982199543 0.0717246685014764 0.379412633783811
-0.0694537866505431 0.0537537110675256 -0.112106131959179 0.292496270779298
-0.0537008410699309 0.0108671810120742 -0.174523494603528 0.0863603078146536
-0.073904984255883 -0.00912227291252729 -0.136629354024651 0.0278163592141732
-0.0590664385345036 -0.127496502630157 -0.0127309063317799 0.130778316739548
0.00080431841083831 -0.216451359981222 -0.162831686619691 0.433659212511177
0.102443176260532 0.00369846893803858 0.191505140552913 -0.498006122446455
0.0855210952153405 -0.0940066348806992 -0.0598025363601297 -0.222531483641389
-0.0410992482016566 -0.0983615706174204 0.0676854025062645 -0.0417616649620814
-0.107768401578394 0.0348304186921267 0.145519068530786 -0.0513975340807348
-0.0392497517854552 0.0951937400782398 0.151802222324935 -0.256674584050593
0.0313906800315392 0.0906967431165943 -0.0487774373299481 -0.403450679301256
0.0805012899144462 0.0447737602939685 -0.221361195076775 -0.403179346150518
0.105305517579203 0.0376777731987321 -0.277966757888079 -0.365793315590839
0.104325724212249 0.054174174372125 -0.243229186387085 -0.393230778607114
0.0409767096843569 0.114823993243825 -0.0899341333686778 -0.402657683386013
-0.0622478017956956 0.128289645590412 0.0936788640245282 -0.283467569794347
-0.152937593463505 0.0337919791084232 0.0527173253214335 -0.100811288675938
-0.0752015854947922 -0.153283304448901 -0.00713699532155665 -0.229949315118202
0.117624281931448 -0.122570748087339 0.0916900462464012 -0.511085937918216
0.149065685361477 0.0125849265128806 0.565624718195314 -0.606401449639384
0.225534069146594 -0.165456636345734 0.155662704679353 -0.482062244240225
0.0853935830736378 -0.273583573651222 -0.0427046790595422 -0.210416426539164
-0.133630630892335 -0.203864833697115 0.0539773004710719 -0.0853285277038322
-0.245061378868642 0.0642968423033409 0.105450673986367 -0.0514107044533161
-0.134816348157735 0.219540068185074 0.123720765638417 -0.216976091031747
0.024091050519786 0.254302102175522 -0.0250389211886346 -0.340635869217107
0.161937267074306 0.191769719508829 -0.160220826897544 -0.355347823460466
0.209560995315801 0.18041328684299 -0.221771910431164 -0.323129687453209
0.203185532327882 0.2108768747344 -0.200303129206117 -0.33135809844003
0.0586438146502193 0.332345787947231 -0.0906661481785475 -0.331568047094524
-0.183474666665197 0.322216573654735 0.0525221976000556 -0.23565590681343
-0.382922591213136 0.118499120308905 -0.0119856748097679 -0.0966282057252049
-0.29861972693933 -0.323996179562763 -0.0610041986539039 -0.243700784503349
0.0983751369769799 -0.446810442844003 0.0655840209719346 -0.480440751179046
0.306338062282002 -0.272224524813311 0.483463156140487 -0.545876999525323
0.33418650831694 -0.323173848609335 0.0671940686243161 -0.407841348482602
0.0736283689414962 -0.452959374069533 -0.03247402826719 -0.150904595669482
-0.236846792218084 -0.308706095354198 0.0541011671673621 -0.111891351441155
-0.381460185418928 0.0903842063455804 0.067358837945963 -0.0655813065541813
-0.226509959698579 0.331737283832894 0.0699455965698529 -0.169877652819663
0.00977056352992208 0.39846998807028 -0.0140601942353514 -0.235537934522856
0.220104221291361 0.317869738110749 -0.0792271287645023 -0.253185225901373
0.28416698974133 0.295253949704281 -0.131580188964804 -0.229772466104847
0.271544480350219 0.33068436930839 -0.121739450756796 -0.219886200326867
0.0767220506296036 0.494758632146788 -0.0688306789566364 -0.206396190559385
-0.263787332170967 0.478762379238958 0.0104095069703324 -0.141002344100608
-0.550077841438892 0.214188356445813 -0.08159945060383 -0.0627763651798419
-0.498186748733047 -0.420176071197027 -0.12485137776405 -0.218265166264607
0.0379553016989014 -0.697474750977676 0.0259668758571015 -0.393066108724061
0.398224352459958 -0.512123150569881 0.35405046088007 -0.398025735602377
0.403108299751912 -0.450355600505259 -0.0681822797894109 -0.26889615193239
0.0412020573100604 -0.612640458719444 -0.0338729703452602 -0.0330472239573218
-0.346574159226283 -0.393836604434139 0.060477780847946 -0.107282291500672
-0.499845991984824 0.121291045848807 0.0259945547114476 -0.0747540804053504
-0.29384684324591 0.422270079727965 -0.00285521157454434 -0.101744511122015
-0.00262336393096443 0.499328419189938 -0.00942264749508025 -0.0884174253956818
0.250755582779915 0.400239071420293 0.0127473446141148 -0.108219926413346
0.31455550315732 0.363233316727829 -0.0218479659371577 -0.101982650918698
0.29599756417739 0.392722921494834 -0.020212416536844 -0.078407333043849
0.0833472244601079 0.578048332085191 -0.0254155204391177 -0.0478903632084136
-0.29387931812218 0.562061085742304 -0.0213629299974783 -0.0102418319490134
-0.621068239725623 0.282601911159651 -0.140190459155519 -0.00290315838078677
-0.61597248139328 -0.429035914870684 -0.17565919305132 -0.156481144625831
-0.0332670070818439 -0.814829601907113 -0.00486113818330129 -0.254388247878892
0.413894333953748 -0.656784967890311 0.208045906169573 -0.189741140833693
0.412247645982204 -0.521847908206834 -0.23467789780956 -0.0712390051180427
-0.00500598840607852 -0.698357898912732 -0.0434759396399449 0.136823354545093
-0.425618536229262 -0.428506371791687 0.0626948736886746 -0.0667858385797328
-0.55278044885156 0.142791554635726 -0.0244088846592597 -0.0648228541082001
-0.315232436229329 0.452251537195563 -0.0839293534786108 -0.00482181828569312
-0.00957404709240937 0.525690271119921 -0.00441723861669944 0.0859844588544701
0.246642261935323 0.42285312133778 0.104939310266287 0.0603138261792153
0.300540587803944 0.374879863429618 0.0915289922579875 0.0415907892732109
0.272258866366412 0.396912985574924 0.0846821767091192 0.0715205866662454
0.0673146384877988 0.565583733340383 0.0292799342891042 0.114623819704102
-0.282382162246784 0.540790680822841 -0.0415924714110961 0.125544549696135
-0.574350541276342 0.28274085388881 -0.178798093109707 0.0622777797425863
-0.597311209574977 -0.368648838072606 -0.199693497107388 -0.0782139178646135
-0.0772279586276801 -0.776917004077297 -0.0177815516294454 -0.101472805047851
0.360498626457403 -0.681500183661943 0.0710733176185571 0.0384614271939137
0.35192635252653 -0.511587027808896 -0.40034644060293 0.156087519122409
-0.0487659099369762 -0.657849374618669 -0.0579338314429753 0.322732568657982
-0.418107345211227 -0.375312815499299 0.0559491282282139 0.00279074445098472
-0.493803330971947 0.133769494682557 -0.0727590962579821 -0.0340193271964486
-0.277003401627881 0.394574781746909 -0.15135419842197 0.102537155438074
-0.0128516506554176 0.455520153126608 0.00641692637355229 0.254385933868516
0.205547560715775 0.37518186543607 0.185309921278303 0.222253273462399
0.239694522641763 0.329693377261636 0.190574606980136 0.178035163699009
0.203760096921691 0.340838341371836 0.172812496141686 0.207267191830668
0.0341725872434135 0.463256059347222 0.0753607094840407 0.251623024909837
-0.236114160412595 0.418923999692427 -0.0578480618165979 0.23366639073985
-0.432128373735613 0.207129191294922 -0.195169469404637 0.104818570218247
-0.451999953060122 -0.265068978185542 -0.196660643086577 -0.0134443407674179
-0.0800448141516264 -0.607082892941316 -0.0162127672352746 0.0231309415749613
0.261075072270707 -0.589393831901345 -0.0386226992703993 0.237163395507906
0.223863692343433 -0.407842352982803 -0.529506830836423 0.373212430117949
-0.078535970156213 -0.480251789826548 -0.074283449278739 0.478451203731669
-0.314161616769062 -0.237885857704666 0.0467414964147042 0.0871253780638229
-0.323481297651373 0.0973020532275341 -0.0957733130334509 0.00493018663558486
-0.182880915154135 0.255658392583706 -0.185110818487019 0.186769648573856
-0.0162784909280038 0.303961040805854 0.0208798836109107 0.377522037041556
0.128277688063328 0.262940688329634 0.240173571685985 0.347223032032971
0.141006481778056 0.235002151840115 0.26273411188351 0.286326290314033
0.107286343742324 0.243494223848599 0.229949528558359 0.31089973672066
-0.00582149636775928 0.302365340891332 0.0973016519657192 0.343812685129231
-0.163601363920839 0.238955952157634 -0.0778950443774016 0.292559620365675
-0.242008292868714 0.0998737336385337 -0.19254407311818 0.112907107352587
-0.25302068427656 -0.138187666516797 -0.173437502843354 0.023644518732325
-0.0668420249750726 -0.371284461314216 -0.0103432280398413 0.100011465659702
0.128762209007178 -0.421447836567791 -0.111488912096531 0.377008448437945
0.0561910768072573 -0.226027101979805 -0.595108112032681 0.539010707543939
-0.0892228593533452 -0.208590468359922 -0.0789767289370458 0.580769250420453
-0.147875432800713 -0.0514434415807628 0.0513532726073111 0.170365293911206
-0.0918055441545663 0.0406748970644433 -0.0787337864475311 0.0358026680729626
-0.0607053137807726 0.0725607299506325 -0.179202960434864 0.224178152587186
-0.0216049348814888 0.101077191460031 0.034210756670097 0.428263413216746
0.0246935067895071 0.109597587227822 0.258755770950349 0.413908336681131
0.0205632223680698 0.10607809649179 0.294556520798352 0.347777811654519
0.00142124557388901 0.112961249091688 0.245803744966285 0.369512734239471
-0.0318365063439826 0.114806217388594 0.094008614094556 0.38833469784069
-0.0699423295801003 0.0565648722377834 -0.0990979603110398 0.307353963147356
-0.0529891382763916 0.0111218360362496 -0.175724096931685 0.0985423106036853
-0.0738011879495325 -0.0039915822814861 -0.139737085771759 0.0403463328982468
-0.0691562733341429 -0.12781589954242 -0.00796376855480564 0.135365241681976
-0.0116239109329052 -0.221485820229269 -0.147749551302079 0.447265602505557
0.106629703382045 -0.00142763764917549 0.160244164721638 -0.513872236733615
0.0817957812090988 -0.103488951982053 -0.0745277109740894 -0.218280520742751
-0.0481821982211264 -0.100256493679202 0.0644706420945305 -0.0514919752997924
-0.107349328007026 0.0420171874899223 0.142344887743873 -0.0631805878316234
-0.0333224493111785 0.09924967079897 0.133573862298683 -0.271601594354397
0.0401618374672956 0.0897202564335493 -0.0795958002562268 -0.404415239738781
0.0860945413959173 0.0390486673765129 -0.252010191891663 -0.390617417282066
0.110625129799848 0.029199222109839 -0.308945778041136 -0.351939802556549
0.11064651027536 0.0458931422394359 -0.27597134001461 -0.381279506527118
0.0508131640397733 0.114146676235067 -0.11902557376924 -0.39957138605576
-0.0528641321188993 0.136604807633318 0.0745710917442905 -0.294050598885426
-0.152575940829047 0.0460138724069363 0.0463144517442144 -0.104440899013332
-0.0871767686164672 -0.151782443129003 -0.024920676592573 -0.236561361610056
0.112737582245911 -0.132739630860192 0.0570472097969478 -0.522735718673513
0.156223691255123 0.00396824325089375 0.538428106005458 -0.647353741186264
0.223169501599427 -0.182644961021447 0.125264352193426 -0.494795259604624
0.0697183534463199 -0.285264746351579 -0.0548135683591526 -0.206328639202522
-0.148240662776235 -0.201801118113498 0.0462449855220697 -0.0948479375658898
-0.243191200217977 0.0801304042447508 0.101408465005758 -0.0612413397148084
-0.121261504708772 0.23213816986541 0.106960233788334 -0.228367141568664
0.0449061229837637 0.256979153739179 -0.0499215315017407 -0.342065920651624
0.178883282622543 0.181785840498663 -0.187872915591218 -0.348510222843062
0.226047028660175 0.166402454467689 -0.247465733308029 -0.311466911486857
0.22139187780314 0.197137296062305 -0.226279742830724 -0.322128562224533
0.0841645751414654 0.333738791755638 -0.114622035379653 -0.32672592522334
-0.161534559583209 0.342336602911789 0.0355108118607546 -0.24277039126454
-0.379879477863657 0.147412995610031 -0.0194007152593794 -0.094285054603045
-0.324455605805757 -0.310943762103967 -0.0808084462672004 -0.245426036484074
0.0724805973986324 -0.461739818860796 0.0318399641372399 -0.491686283586154
0.300233103277188 -0.293690807152667 0.45548256676906 -0.582307502266576
0.323334274207892 -0.349871569781493 0.0422853432076644 -0.414604479750341
0.0450983467397727 -0.465709980227263 -0.0385487346771262 -0.146677470741292
-0.257088139689936 -0.300307442413643 0.0444550548083556 -0.122171784059176
-0.378598644989123 0.116268479708817 0.0630609009703466 -0.0728512378532698
-0.20771619158556 0.353671732467172 0.0552104309584145 -0.175703579170467
0.0400189556733453 0.403660270294117 -0.0307110262612632 -0.236726131408679
0.246904219582843 0.305325315099696 -0.0989742764813879 -0.253178915285855
0.308543273157355 0.276924161242338 -0.148746651132675 -0.222445522868596
0.298688011978933 0.31236099151823 -0.138872790351668 -0.214001853014455
0.113796371208611 0.497898043642713 -0.0834021912753852 -0.200548217239244
-0.231703036902903 0.507696642845096 -0.00103813449433327 -0.143039234701868
-0.541970767131227 0.253112274453433 -0.0891837101699916 -0.053439470230566
-0.533321316120477 -0.396040273109706 -0.143443226123461 -0.213625437585074
-0.00670922681406114 -0.710299166636964 -0.00223477069811263 -0.39824103589883
0.380469171541999 -0.542600168224094 0.332806515161135 -0.427220673189067
0.386275428711834 -0.485343730888298 -0.0863432330942642 -0.265190289205685
0.0018615376783298 -0.62342258528926 -0.030713308753385 -0.027136445461745
-0.376395947078807 -0.380338411261527 0.0510343742442513 -0.117257787254635
-0.497155239822539 0.154500859010014 0.0209304658061646 -0.0802937051041498
-0.268586681836961 0.448831989957521 -0.0144927852205788 -0.100972881068301
0.0346306927937561 0.506819554259339 -0.0156809208891111 -0.0882490745189675
0.283490357976029 0.387213008488485 0.00356567689611606 -0.114750597475409
0.345102319946779 0.343871008622295 -0.0280604289656715 -0.100810358177475
0.327777303708522 0.375935886635264 -0.026306583879043 -0.0772783418735013
0.126584488168219 0.581900868493135 -0.0267657809205396 -0.0416988378824114
-0.258793405162138 0.593992407689689 -0.0245726902916477 -0.00811344069410682
-0.609735225756431 0.327734499890002 -0.144708700304529 0.0115462503142704
-0.651997836737992 -0.398419455335985 -0.190755941124346 -0.144406516848146
-0.0878494175094306 -0.826453783318461 -0.0247151127149356 -0.255049579579604
0.386339746069951 -0.690551698441964 0.195578203587404 -0.207568390695333
0.391004672433531 -0.558476442947299 -0.242049636317527 -0.0545157777325804
-0.0524065978055082 -0.707939186602102 -0.0286837056662672 0.144712645817376
-0.457695478710628 -0.408133499796207 0.0565296387471831 -0.0748875305270745
-0.550734407412983 0.179571613991201 -0.0287118607356888 -0.0661267054888475
-0.289336387503956 0.481993553759184 -0.0902930605876537 0.0032087757573696
0.0269423634002943 0.534777985461249 0.00216936657222246 0.0876619704269729
0.280081641878003 0.410329560769728 0.108787150663084 0.0481041532363867
0.331096155077816 0.357268617416233 0.0965847447902328 0.0370883339048168
0.302922873519563 0.3792262789556 0.0906988289565264 0.0679194037520124
0.110977908591603 0.569898827691709 0.0405646475907047 0.119023673510573
-0.245729736754999 0.570421740278478 -0.0347852099475798 0.131992244668967
-0.561791055201917 0.323779075088371 -0.179165768185363 0.0804391955112605
-0.628895540529255 -0.335916203352552 -0.209042129713799 -0.0617984896113501
-0.130128876454832 -0.784607207593879 -0.0268594056867538 -0.0987157490792449
0.330777696251276 -0.711715175715303 0.0712950522352779 0.0304757406117843
0.327526592897705 -0.545132764812056 -0.396920628868894 0.186792458577257
-0.0940980291972002 -0.663209584945193 -0.0315661601333633 0.332590133589606
-0.448576249382244 -0.354872163340052 0.0558780384679936 -0.00216114396004935
-0.491860166641864 0.16991569703816 -0.0757316000483649 -0.0311081963727908
-0.254328694111152 0.421208581774837 -0.151662248874329 0.117451867595799
0.0191009946465122 0.466693339784599 0.0243184574795294 0.257913115413645
0.234863539355204 0.36467046109052 0.2017611910455 0.206605763665834
0.265694273323953 0.316105625279704 0.206909817728358 0.168100855557848
0.230057372044875 0.331934970437482 0.190125620431858 0.198233245814961
0.0668913177498008 0.469383409852472 0.0974219904265217 0.253628918163473
-0.210143137711859 0.440526081456104 -0.0430840149559539 0.24239022285505
-0.420570802393906 0.236016660449829 -0.192628767645279 0.12424265085535
-0.473807090216123 -0.238629845364983 -0.200517253469331 0.00568679800547673
-0.121834737257717 -0.611738028893778 -0.0165568176371473 0.0265350876575215
0.230292155848049 -0.610870586278605 -0.0270559054191453 0.237740840529422
0.202845495338517 -0.430840902269242 -0.515166435574223 0.413414285841337
-0.113969994067691 -0.480728985547676 -0.0376936649028303 0.492831738047653
-0.334324848893736 -0.219245975760202 0.0533679365764716 0.0847586384117586
-0.321048887301613 0.121973493996469 -0.0964551151317128 0.0109943123586723
-0.167426692533459 0.274319235468878 -0.179359499644725 0.20496315727083
0.00488827213047597 0.312100413139709 0.0477527160693805 0.381425056254041
0.146966437288094 0.257640781241342 0.265486388417706 0.329760336189275
0.157945151938783 0.228008007289371 0.287215664364793 0.271454545707218
0.123810775154559 0.238510931262432 0.255308258986761 0.299426851810555
0.0157305832580954 0.307778640380303 0.126259555489235 0.343492444385187
-0.14949999229542 0.252562289183793 -0.0580947115948548 0.302919911154111
-0.236629040392683 0.114565303722183 -0.188977756584825 0.130168693833317
-0.261879308823208 -0.122896568139326 -0.172953486842892 0.0416264174097865
-0.094467968964568 -0.370791613664016 -0.00461173672325138 0.103003975366835
0.105604021542525 -0.43235145302445 -0.0909496403365125 0.382517892193435
0.0417898281501114 -0.234079371288972 -0.57122604329491 0.584811661401823
-0.106808822159904 -0.205157315938725 -0.0389701164237466 0.592800073585077
-0.152568251800935 -0.0400777729307463 0.0652551303116537 0.170528258164957
-0.0901553123007859 0.0491904642965658 -0.0773378506663899 0.0415575221879025
-0.0569081635740694 0.0785876641616042 -0.169089492698551 0.241710927003501
-0.0160159003455191 0.105585189274515 0.0642848123324131 0.433245787176382
0.0311429283833738 0.109418129591942 0.289225210539489 0.396835151108328
0.0264337432694453 0.106691464549386 0.322824986237954 0.333622320599135
0.00891949276682567 0.115103784508085 0.277531043833416 0.356908664689381
-0.02469894279309 0.11818827014274 0.124412270308883 0.386573405762124
-0.0680173993508288 0.0606963197652002 -0.0767688188606667 0.31934860872847
-0.0519656313757831 0.0127642454586256 -0.170617227870225 0.113087834698018
-0.071580204216755 0.00227380477835724 -0.137035435819237 0.0557980214195041
-0.080898391480134 -0.123805640376776 0.00095716592559311 0.137317437810573
-0.0286099280689477 -0.222446837800427 -0.121380692219363 0.457702373509184
0.108725399265896 -0.00839118895589785 0.124005399348058 -0.51496669134417
0.0750139249403808 -0.110797208248641 -0.0866921909401481 -0.20761822930318
-0.0552140560923904 -0.0997449579483693 0.0574236762934474 -0.0593381781172809
-0.104533018822481 0.0481900856853679 0.133879337039048 -0.0739905469812189
-0.0260843539672313 0.100748357018276 0.109323125970014 -0.278204616275379
0.0478569518904744 0.0854837531378856 -0.108673543433131 -0.392696290764948
0.089799000454401 0.0318711694676173 -0.277465093866357 -0.366783710404209
0.111686426343979 0.0190009153287154 -0.329401941771963 -0.326302189317406
0.113742536446879 0.0355245493510583 -0.300016864393985 -0.358038538234174
0.0596696261541625 0.110237961728478 -0.145844674224188 -0.385962253664627
-0.0404731686824998 0.140740331517456 0.0525664115751176 -0.294947151082308
-0.147858005858911 0.0568324361896681 0.0389334798539125 -0.104299843464785
-0.0970337651206014 -0.145589653791461 -0.0444858653223029 -0.235307463317902
0.105746297597042 -0.140842050533025 0.020375695964918 -0.519051705090784
0.158626842883932 -0.00538604398163286 0.491411024568374 -0.671726525859728
0.212385178501926 -0.196704789272353 0.0921452451087755 -0.494170630413778
0.0507737257119891 -0.288580748471138 -0.0646428583991393 -0.196678367484453
-0.160024740715321 -0.193546651229304 0.0354678245894251 -0.100992898728645
-0.23508692806675 0.0946130204274134 0.0942354762494989 -0.0689317452437999
-0.103861715465102 0.238668951767173 0.0855841231807427 -0.23267213388705
0.0648863727941017 0.250649005854879 -0.0747431859868977 -0.333665358595827
0.190821774844406 0.165346510199428 -0.210655844209221 -0.331212758904857
0.23589325589877 0.146363184147528 -0.265548629640323 -0.28985138310195
0.233131161217674 0.175902936190069 -0.247013934488968 -0.301612442516242
0.108372382331821 0.324912289596992 -0.136208382302336 -0.311941763307636
-0.134381837114251 0.351788106471219 0.0160669626888957 -0.241673062927798
-0.364524481211802 0.171540910023057 -0.0264344608086273 -0.0885735029414605
-0.342830079068419 -0.287469155575001 -0.100225577436295 -0.239398164259201
0.0441247814192593 -0.463951724902711 -0.00435160669563323 -0.485216023404787
0.284258331367318 -0.307632681355222 0.412723687216035 -0.602133416747079
0.301133597404879 -0.368341033617824 0.0149771784956925 -0.408506045690842
0.014677837650256 -0.464860826823118 -0.0426863205634956 -0.139063875178605
-0.274193358693531 -0.285438412465198 0.031301689682767 -0.127789961404916
-0.366562547291793 0.138736468334291 0.0556225950262951 -0.0784397426090972
-0.179402598487695 0.364692559893752 0.0380126919280079 -0.176035991880531
0.0710091729223569 0.398368500801683 -0.0478774373621448 -0.230848873349146
0.266492387745611 0.282466034064851 -0.117610461586932 -0.244667600279389
0.325512112646307 0.251701692808333 -0.161750331870982 -0.208951466257238
0.316078919437388 0.285281877631775 -0.152984541016122 -0.200832820332743
0.14911149719864 0.485812022587006 -0.094485891919649 -0.188300080475375
-0.191441560359326 0.521109817315581 -0.0135077488046037 -0.140108419443697
-0.518029438920658 0.285781258657432 -0.0925895744009567 -0.041810283876028
-0.55446468487315 -0.358237094053369 -0.159110479623472 -0.200739540527434
-0.0523738266125971 -0.705116742406758 -0.0302536160567058 -0.389717395505829
0.349475935343364 -0.560992782713942 0.299724494633025 -0.441126623840929
0.353944770610882 -0.508486988895028 -0.10141773241509 -0.252847497804101
-0.0396917118330763 -0.616494705567508 -0.0254118871102124 -0.0219606839265627
-0.395978139266487 -0.356002827818994 0.0384051753740787 -0.123116479422719
-0.480720369605918 0.185821316293134 0.0143426753481101 -0.0832415921054115
-0.233958820461595 0.463283667577824 -0.026743182311723 -0.0966037988666773
0.0719384540781791 0.500844432995455 -0.0222232335389089 -0.0855162254490798
0.307046315124754 0.360632025864778 -0.00682555015978164 -0.117321632521369
0.366059100927088 0.313711755767915 -0.0333617101641333 -0.0966804277922905
0.349445760542348 0.34392697767007 -0.0316765075461282 -0.0728370846322137
0.169644900343932 0.568352833405863 -0.0264449072524955 -0.0356614197600659
-0.21260190107731 0.606736787733737 -0.0267900659928089 -0.00446299548257873
-0.578688891025212 0.363357562696792 -0.143873903037785 0.0279757271987278
-0.672631337506602 -0.351722461533073 -0.199326644796573 -0.126104682320905
-0.141925303873371 -0.814089917225034 -0.0427894377659724 -0.247068355644327
0.346557530051717 -0.70654827954775 0.178991513769397 -0.219932581307535
0.352010322724368 -0.580637137525544 -0.241890026316068 -0.0353314817005746
-0.0990110441563472 -0.698489162046599 -0.011868976607078 0.146842979433541
-0.479345549785951 -0.376777943939977 0.0476956475992583 -0.0805548697843641
-0.53104410264202 0.214387836609378 -0.0330760401789679 -0.0658028258476471
-0.25188212435436 0.497726568691565 -0.0941078575816461 0.012502778839127
0.0675715523776296 0.529360608567559 0.00798622515533996 0.087480715168502
0.304755090344115 0.383747669875143 0.107995815695619 0.034757984098905
0.352241202260413 0.328850850239022 0.10002933607916 0.0307296987029239
0.324044471223661 0.351620555003015 0.0946914588692138 0.0620874933276707
0.150364022805422 0.55709153640983 0.0523743037961235 0.118285830374698
-0.203410296565581 0.582476800535871 -0.0269803301271919 0.134041807922123
-0.530830186114213 0.355685726940429 -0.173571137190074 0.0978840077067872
-0.643370613917294 -0.291986071634852 -0.210696381399942 -0.0407001213498568
-0.180767916033798 -0.768121530663458 -0.0347223196745398 -0.0934544645104693
0.288704740663686 -0.722530348298891 0.0687867145735065 0.0220878705039739
0.290486052819762 -0.562289215580617 -0.378728460760589 0.21226948125483
-0.139522624609727 -0.649309527022123 -0.00217255671166847 0.331754607082993
-0.464055497423773 -0.322653641155633 0.0535225584002176 -0.00755687967923512
-0.474347288006586 0.202035611550883 -0.0764902781773949 -0.0272628456586528
-0.220704237929413 0.435009684476396 -0.145655240031715 0.129546761134417
0.0538661249069625 0.463074611691832 0.0420256018424989 0.25294014145702
0.255316090915299 0.34219844597237 0.210585847201153 0.184399340042238
0.283265140341327 0.293755148865729 0.217482637887696 0.151928840001789
0.247770237637788 0.310091229163665 0.203036971122679 0.184419696161533
0.100144338215097 0.458916255173169 0.118618338781778 0.246032350648209
-0.176554495217999 0.451302406012203 -0.0261171431860767 0.243807777251289
-0.398065899280404 0.260661288540666 -0.183418052274853 0.140817643276221
-0.482647534321655 -0.206180874766828 -0.196417411736231 0.025231975938601
-0.162725760456464 -0.595712646216595 -0.0157857622516514 0.028445275796219
0.194844017874812 -0.615990682972149 -0.015205820740532 0.23193088424246
0.172492194000355 -0.44130503892077 -0.483717276055839 0.442588850230707
-0.146881451963111 -0.466601301720906 0.0012197220104105 0.486953642381078
-0.345154423708018 -0.194650083185642 0.0586689019668264 0.0804255346064867
-0.30818742019334 0.1424289906381 -0.0941147223356988 0.0163501801749927
-0.145920563418186 0.283657060121787 -0.166024979944007 0.218168124234876
0.027854941113713 0.310102617364429 0.0731682753260707 0.373983164402505
0.16167505637869 0.243894786589534 0.283196965108639 0.302354561020791
0.171344029747009 0.21402106503296 0.303212082936584 0.248955522902456
0.137464856526353 0.22725043024819 0.275077134510944 0.27845292828765
0.0375845049936209 0.303933230405746 0.153658069203019 0.331845878424372
-0.130947505309837 0.259760224738052 -0.0346244381721061 0.304446664990829
-0.224796926002338 0.126054192098317 -0.17783689216988 0.145825107827648
-0.264418960484042 -0.10361509643266 -0.166102723089966 0.0598247568221289
-0.119414467520503 -0.359384156669346 0.00198618297620136 0.102226947595255
0.0774978123917242 -0.432435641649813 -0.0680767941055779 0.378961498298947
0.0248926880724562 -0.235136650557766 -0.529651805107447 0.613723947063988
-0.12173749915223 -0.194206778077441 0.0047924055959328 0.586744531374381
-0.15192040052223 -0.028071953325435 0.0781674760453406 0.164989344388917
-0.084038782948702 0.0555293381378411 -0.0731826359276313 0.0462972952807297
-0.0503594228366258 0.0823293482938845 -0.152991059719737 0.252897662427408
-0.00843211065882304 0.10674980845816 0.0931168404897455 0.423958590809663
0.0367411958921804 0.105737011109239 0.311967745710937 0.369073534635933
0.0330246886971493 0.104023260450202 0.342253391866917 0.305027386732644
0.0167022897851318 0.114478713870578 0.30185481848899 0.333226722631465
-0.0154726520492318 0.118248023219427 0.154449684154401 0.373169695868239
-0.0644391025073455 0.0636120928961233 -0.0511650051643093 0.321652411933623
-0.0495783837144203 0.013896062018277 -0.1609347058761 0.125187633334715
-0.0676833174044991 0.00809437908407117 -0.128473577902276 0.0706865177390931
-0.090796165472688 -0.114949717422262 0.0103465544455054 0.134513852183153
-0.0450626962576962 -0.215952328450525 -0.0908922309605212 0.453510762791259
0.107979500578736 -0.0142412343616487 0.0948013533400955 -0.502521459161727
0.0672379082505171 -0.114673302998392 -0.0915256206192516 -0.194069326191157
-0.0601235095811417 -0.0972798692871913 0.0499997482287185 -0.064262101122228
-0.100469578611429 0.0519367613017466 0.123073121063146 -0.0800274144019527
-0.0208717716485934 0.0996852833347815 0.0885677033006812 -0.27661196196548
0.0528339693474748 0.0795727795572695 -0.126724365250594 -0.375199467800231
0.0902430176925136 0.0245724074879231 -0.289793044149516 -0.340095945525458
0.109871336110666 0.0108273114348501 -0.336990953779044 -0.299864245055122
0.112383462663801 0.0257898955650302 -0.31041314588473 -0.332940332334969
0.0648884585954284 0.103868132926093 -0.162705391946133 -0.364092285364741
-0.0301776981331929 0.140114409615593 0.0347878628378814 -0.289482241010003
-0.140659188727897 0.0635737689733375 0.0333918907485276 -0.101443134417733
-0.102345388996663 -0.137859433958348 -0.059186533467976 -0.228546478555689
0.0978987508374725 -0.143232481883884 -0.00705353621217679 -0.501930624082317
0.157079996220892 -0.0129400709948997 0.449644063677432 -0.672991271065032
0.19990266990201 -0.202689404521649 0.0663374637635266 -0.480001504123926
0.0349684070860797 -0.285358028166148 -0.068173281934234 -0.184969052448074
-0.165638796681282 -0.184615614670084 0.0248477116841065 -0.10315955502234
-0.224717775509651 0.102655532976475 0.0854281205451935 -0.0731804901586092
-0.088579195052759 0.238258397346936 0.0674878767962196 -0.229136041077064
0.0783508096371899 0.240416628947835 -0.0914958499052411 -0.31967268594702
0.195156880476009 0.14868495929375 -0.224450568305391 -0.31055016478088
0.237410782665688 0.127618577662843 -0.272554701502748 -0.267457641260512
0.234800414977935 0.156089302507043 -0.256171320716184 -0.279717150519534
0.124499583059922 0.309871489081701 -0.14708444728283 -0.293688106737769
-0.109795027035016 0.350452254706005 0.00149323529474404 -0.234618549272421
-0.34581248133736 0.185626281303135 -0.0301117081493426 -0.0809593595289731
-0.347874803816829 -0.265081509920929 -0.113501193710613 -0.227514927838131
0.0209454891334977 -0.454224428055261 -0.0278144780209428 -0.467334586917765
0.268612097637764 -0.314090790058545 0.373294316918152 -0.60286004928967
0.277994568493282 -0.375530870421242 -0.00331534290984138 -0.393828805356574
-0.00873030683181952 -0.453098304643042 -0.0427410494830571 -0.13054234018709
-0.280385632192174 -0.267758979071851 0.0193499341499868 -0.128438499358171
-0.348355180055132 0.151862538482908 0.0479237591549809 -0.081878645643239
-0.153818681822763 0.363705221493699 0.0235058364899489 -0.171753257663512
0.0920427259633374 0.38281510002162 -0.0593310167509665 -0.221499742614549
0.272669510802799 0.258602669970851 -0.129350427912021 -0.23289114905972
0.329528398473524 0.224471750398776 -0.16666722544967 -0.194213711927624
0.321751064144563 0.257201188758129 -0.158614937274632 -0.186048192199219
0.172829365785123 0.464961543149184 -0.0988713840358381 -0.175044372115265
-0.158199067075387 0.518254271480014 -0.0219771536525688 -0.133497832157551
-0.489387893934115 0.304577647211188 -0.0921051297829427 -0.0308074052828642
-0.558245424649064 -0.322150955934469 -0.167237124522115 -0.185339555917713
-0.0853519613344292 -0.684656832736993 -0.0499409116180737 -0.373684722424101
0.32216577260144 -0.561570974240232 0.270199022381884 -0.444658166751796
0.322603903548496 -0.51458464798972 -0.108887842401737 -0.238583066272406
-0.0686352064531214 -0.597888551915875 -0.0192070375048203 -0.0191321508971097
-0.402397591902655 -0.331649945369676 0.0271357207269289 -0.124230795063649
-0.456360979868454 0.203451994462574 0.00836842287918871 -0.0848061722426045
-0.202348519536446 0.462544459236817 -0.0361695001403897 -0.0893859509571225
0.0988061266908531 0.482475869892399 -0.026640044926271 -0.0814300320234367
0.314604109115862 0.332585184795762 -0.0167795343126523 -0.116280357656716
0.37337903499645 0.282684272309814 -0.0358220255068973 -0.0920516399689562
0.356590950934302 0.314084719200593 -0.0331301081909245 -0.0674074034670964
0.198022384316055 0.545658809461908 -0.0233861394417188 -0.030575641794454
-0.172688889728222 0.604510772875325 -0.0283069921603385 -0.00118333719335315
-0.543834866142719 0.380713191860251 -0.139005856169771 0.040656921799643
-0.673361027311475 -0.310740807077534 -0.200655338997972 -0.108758315216687
-0.179147728784069 -0.786162096871842 -0.05462571957294 -0.234404625387562
0.312098190807239 -0.705398002522186 0.160385457192927 -0.222064611131921
0.318326107467794 -0.585713966675986 -0.235685863563407 -0.020667543068226
-0.131520951575034 -0.672004873777523 0.00241067239952785 0.142901129837793
-0.484711801506767 -0.346980570294862 0.0392236957798477 -0.0823271995435579
-0.504397478584834 0.234073742134443 -0.0353037624078366 -0.0655879634843297
-0.218869948962318 0.497294665015086 -0.0962248202218795 0.0208102319881736
0.0961189068165236 0.510901160310283 0.0120041450879031 0.0849615795246192
0.315342341361932 0.355431324551534 0.102355891734885 0.0246717293473344
0.358667321853488 0.299113859658312 0.100434359020185 0.0242346110531115
0.332281484725671 0.323203345372196 0.0972644766735709 0.0570231827102275
0.17736509048461 0.533946302121917 0.0623017812401535 0.114418315035008
-0.16584634838445 0.579528093282964 -0.020194752221549 0.13405968237012
-0.497399741116091 0.369419000673762 -0.164086878763427 0.110665759846958
-0.639560764113046 -0.254808738987907 -0.205653632790421 -0.0236272895250372
-0.213551344121575 -0.740849968488823 -0.0394226053160338 -0.0870840731433844
0.253457203022925 -0.715634915510445 0.0641167674450886 0.0169155827829346
0.256443563799972 -0.563786174165304 -0.358435834061499 0.225034799665828
-0.168704642288998 -0.623604611953259 0.0195745329440804 0.320429583622877
-0.468014870596206 -0.293317534081456 0.0500038846485384 -0.0103027839298099
-0.448744695524175 0.220678589658512 -0.0746583660690758 -0.0254772335649604
-0.192542535207892 0.43542797754792 -0.139412019865123 0.137039933758316
0.0791457419173746 0.446996919174154 0.0536835508109768 0.244313105806665
0.263460126032566 0.318650135306113 0.209760621007092 0.164476588040897
0.291784157890234 0.268341327142862 0.2210650532362 0.137040268749301
0.254477170103101 0.288549786724255 0.209171262505078 0.169728545593909
0.122913083323573 0.443912235829042 0.133156900562783 0.234118672453603
-0.147575792084276 0.448666963709592 -0.0126722102676757 0.239744678077432
-0.372641609339624 0.269258787816355 -0.170794450569139 0.151621199653317
-0.478050406146408 -0.177561411860793 -0.186696646650085 0.0412915323910923
-0.187910830169813 -0.570607300816734 -0.0140449928601637 0.0298820239203339
0.16501961775278 -0.607184353199716 -0.00792452590049514 0.223172605963876
0.146270759955031 -0.438982978342068 -0.449263594631981 0.454417425462292
-0.167542026719258 -0.445092733786757 0.027045061183715 0.47055737752309
-0.343544239663801 -0.17319224335451 0.0614457407518669 0.0751703952912393
-0.290388159662799 0.154144836875593 -0.0894752306247639 0.0192542126052539
-0.126016761205835 0.284253053205637 -0.153327427976846 0.224382388273956
0.0448685648634585 0.301029586362622 0.0908198417312909 0.359714347083932
0.168506988567975 0.227929694647931 0.287641150162466 0.275497637166748
0.176999768064426 0.19895369933645 0.30766612953967 0.226023170397715
0.144291603301727 0.213550427364027 0.283571029692539 0.257026842280477
0.053543085958971 0.294216393436105 0.171122050459859 0.314173001031343
-0.114507198559524 0.259178754767635 -0.0172966799740366 0.298647361567545
-0.211427404971474 0.131224032317778 -0.165201567515013 0.154121635173516
-0.259853250429166 -0.0881790444291591 -0.154016720348476 0.072846890692349
-0.136024181716624 -0.341759831659947 0.00660369619299594 0.098491937710021
0.0561587209772822 -0.421939196501186 -0.0516601802707 0.366994251207658
0.0113154274848128 -0.23080887533109 -0.489731075940606 0.620802822667563
-0.129792359308344 -0.180706467713354 0.0351243104803689 0.568296503993153
-0.147296305156525 -0.0188705665961226 0.0867481044506759 0.157204228354715
-0.0774829569087805 0.0582356530438241 -0.0677974499878938 0.0480989831429943
-0.0441979001731882 0.0824337413156098 -0.137748906454872 0.255866035417801
-0.00250536611760177 0.104783062687342 0.111755098229353 0.407290847644948
0.0401522203739078 0.101599362630225 0.320135780422166 0.337217018030168
0.0365532642287799 0.100516748626106 0.349076704839704 0.279426911966614
0.0214458362418783 0.11148991942077 0.311954803735162 0.308082027401768
-0.0090138286195485 0.116031133072072 0.173864640504683 0.352918915890846
-0.0606410192500491 0.0641069229967295 -0.0307415029175914 0.315164458100693
-0.046968847328037 0.0139938808834918 -0.149297213308712 0.131488528371527
-0.0624583523754267 0.0117131772224574 -0.117219841215589 0.0802146613628696
-0.0959640903352842 -0.104976191382892 0.0162522305330489 0.128649556012735
-0.0561158600378735 -0.206071670039805 -0.0691418508495073 0.440505638895997
0.107266314498899 0.0341316963640895 0.28082733811013 -0.420367707962685
0.10863092642944 -0.0751161523901104 -0.00966272507576207 -0.211006701641243
-0.0146328801351682 -0.1152982600164 0.061685699858496 -0.038798956223758
-0.111182094133842 0.00370063012988642 0.141730016607732 -0.0193279060069983
-0.061325670601507 0.0828073993728813 0.190302476063574 -0.210944084863074
0.0168764587732832 0.0920918435422906 0.0341366895160909 -0.383711641544693
0.0721313852576781 0.0558806698844058 -0.12463498835476 -0.417674925303522
0.0952803320465776 0.0495558428657416 -0.184283730068138 -0.398286254516248
0.0891707461000887 0.0637298673825619 -0.149530574518227 -0.4147160650074
0.0176329364241881 0.118205318992856 -0.00497668533836598 -0.387683259200491
-0.0799351357229142 0.114553595581593 0.142756819295887 -0.240830275139191
-0.1515859104918 0.00445637942914272 0.0680581352366093 -0.0771145172173578
-0.0479432324552273 -0.166675714233544 0.0348374709691791 -0.23280316599139
0.136521831733584 -0.101852607066685 0.190629723784591 -0.450126212134146
0.156396011918808 0.0329791425308892 0.667969242137049 -0.418381954484453
0.273497425797543 -0.0980190164718624 0.223785710297154 -0.418079916316855
0.151109322704158 -0.237658507429543 -0.000392975435969415 -0.192440946897407
-0.072767340975991 -0.236614738632081 0.0481256899036535 -0.0777464563074693
-0.240054256228292 -0.00319116286711529 0.105958882379408 -0.0207860455960656
-0.175902054831702 0.176540351430199 0.158055660067198 -0.172032041575184
-0.0235097224486601 0.243879265917213 0.0513740162621581 -0.317660070605991
0.115383407698367 0.206109110730851 -0.0769726492874536 -0.365869181671936
0.165100165528991 0.203401479558365 -0.139023743978142 -0.344298822578741
0.149485774423425 0.226706933351637 -0.122639422883349 -0.342984647145408
-0.00377032287542743 0.325648419906786 -0.0208337170140708 -0.315564885530468
-0.229488773809246 0.276141001494875 0.0898972614527985 -0.203583951042717
-0.38136146624896 0.0369781945533687 -0.00155326402122181 -0.0839558918697031
-0.228625676068536 -0.373007032368764 -0.0124573833117585 -0.257485197585193
0.177161015212665 -0.409970200090132 0.171788362515966 -0.434887253251316
0.367066331003539 -0.201887197293847 0.583851517980655 -0.375902018578103
0.419471464985889 -0.222149854198623 0.107326141965356 -0.373107656120976
0.182679772628108 -0.401752497640622 -0.00641191314916079 -0.132288253833604
-0.139758672838455 -0.357865032140268 0.0465525402563757 -0.095782588241452
-0.367649201892443 -0.0122745039495278 0.0768548120155216 -0.0352539374029741
-0.284862351819713 0.25997327574428 0.0995611058285715 -0.131640705420548
-0.0682838644752199 0.375471643168032 0.0465591562358203 -0.213570595141971
0.140652701502675 0.333721668508835 -0.0205186067148504 -0.261025929461314
0.210784176932708 0.326389274153461 -0.0725865382614076 -0.238282021203157
0.189388659023628 0.349892643244894 -0.0729470205542114 -0.219272079303124
-0.0157498066986752 0.483579656913206 -0.0254871612969608 -0.187721053280301
-0.334105865332868 0.411805251406241 0.0266619877085359 -0.122558459174774
-0.554709879941009 0.090995869552589 -0.0805629139749038 -0.0632434194194727
-0.399419723841009 -0.501938073769742 -0.0775715617180646 -0.242857193435896
0.164074119143167 -0.655928378523264 0.127086426038345 -0.36633102572639
0.503458782448437 -0.408880672322118 0.436274176444487 -0.265201925079814
0.520087562539773 -0.328709611805172 -0.0648908208526366 -0.277769171826963
0.188908108569931 -0.555402549121899 -0.0368347497219712 -0.0213047856490898
-0.222042260613545 -0.464075340323872 0.0471721758499054 -0.0801167597815521
-0.482060997986762 -0.0103496439981985 0.0447855067437144 -0.0468000621660813
-0.366640285295733 0.327962151146057 0.0179578753164525 -0.0772489526142126
-0.101265313596196 0.467665204663012 0.0248902079260619 -0.0734384691350406
0.147048791839155 0.414907717662339 0.0362576463527159 -0.11178224850013
0.226833561189114 0.394901529762421 0.00548174740530705 -0.0966741703562535
0.198972984656513 0.414261847759166 -0.00762538584564498 -0.0641919485435981
-0.0240541183785492 0.562509423922597 -0.0144657515382674 -0.0267296294454664
-0.37882997924932 0.483715741454212 -0.0308020032700471 -0.0060983977076874
-0.633007777110549 0.140896539430171 -0.15282901800504 -0.0166724104723751
-0.506778214330689 -0.532739763525721 -0.137525989181422 -0.187918020462198
0.115963214405265 -0.778100530173977 0.0736983100918918 -0.248532328432091
0.546636511757035 -0.538237748760312 0.256865133489792 -0.109428850032282
0.546197858160378 -0.396615237326631 -0.272755427142973 -0.132069595333938
0.166459707156326 -0.646943167815786 -0.0860492110128677 0.134330669847922
-0.28834159025406 -0.511129785915578 0.0409787856837672 -0.0316058371526663
-0.537789465853214 -0.00368113315384931 -0.0013934543942198 -0.0432251582007425
-0.393173780804972 0.350658708026226 -0.0782859696900855 -0.00119577130595622
-0.115756655221727 0.491563484611873 -0.00541369290899786 0.0907392079409302
0.137647457794549 0.436285441458126 0.0874489636080817 0.0604554160089856
0.207617049853351 0.405187579826685 0.0821306089327513 0.0601259603391878
0.17455151252492 0.414331591850881 0.0615870087594649 0.0970270461532569
-0.0358631515758586 0.547297095085298 0.00727779125777639 0.13636886754372
-0.362379961567578 0.462659856032892 -0.0758657930984336 0.116835394166468
-0.584545137973347 0.147731546197946 -0.202246164110692 0.0366253111950849
-0.496719398316037 -0.465450521369135 -0.174038567014712 -0.110800139176276
0.0684101057477268 -0.745821902457319 0.0283283355478297 -0.111339609681364
0.494866617056301 -0.565376124289006 0.0776978950626515 0.0632018201393078
0.480429992429075 -0.402798790673005 -0.477672522789169 0.0441953591410247
0.1108847086617 -0.61840463380485 -0.139381970160707 0.301334078899835
-0.296444183413385 -0.455216958676128 0.0263498941506508 0.0373741454403612
-0.482384860353012 0.00800788363477035 -0.0516520200608673 -0.0251171610714851
-0.344343027882265 0.306949519937334 -0.164824198439831 0.0852844365231777
-0.106871598327435 0.426878348844037 -0.0334328543766272 0.249580978147569
0.107359641857976 0.384428415618501 0.128257969277915 0.227677599699204
0.158473030173086 0.353420803799019 0.146013621058009 0.206764011079187
0.119819977812567 0.354489391477407 0.118087978608336 0.239000965881701
-0.0511477826398088 0.444825397834864 0.0258036612589003 0.269194332061703
-0.296631718745227 0.353796589924817 -0.109051840262735 0.212501526421762
-0.43556979258629 0.103130797038972 -0.221677116991427 0.0708367410758028
-0.373129423713634 -0.335222215385748 -0.181479482540717 -0.0410488937761801
0.0321113230684169 -0.583570034526992 -0.00139364626122696 0.00529001242157875
0.369310639102682 -0.49401830270293 -0.0720265835944468 0.212646735712357
0.323884587066083 -0.337212341828789 -0.636207495817385 0.220447846983051
0.0359837925452711 -0.461959845781117 -0.184078628632589 0.439754074349142
-0.23295783467226 -0.294210822735265 0.0121618349878331 0.113713400554331
-0.316005651093897 0.0159550947811255 -0.083016603096311 0.000506859905478591
-0.224763989912329 0.198232647470348 -0.217853972161465 0.151666866846631
-0.0795576752786151 0.283251504300317 -0.0507163589869793 0.363765751932899
0.0580153204202969 0.266444544556624 0.151462288780581 0.358052177931146
0.0823701288761459 0.247424801976004 0.189214982755883 0.321271459514667
0.049354428711282 0.247378972860783 0.153050637249971 0.342757879074198
-0.0574728051548984 0.283502291783144 0.0293622078934319 0.352976660577306
-0.196157809347427 0.193212552628244 -0.133466395620391 0.260956558769347
-0.237125906181072 0.039346857942526 -0.2133755943012 0.0744756714944763
-0.204737038674191 -0.171608517762999 -0.163349166228835 0.00463885719336638
-0.00277093296029335 -0.354928695943464 -0.0181302516036589 0.0799690824176086
0.202661286728997 -0.360972358950918 -0.173687929299328 0.315932680811184
0.109067225990755 -0.204400580407765 -0.714245248478855 0.366114272746736
-0.0399569268222434 -0.213763301651535 -0.203482382278997 0.527341317549787
-0.122265492667581 -0.0760422557244097 0.0154256368640697 0.187363789427938
-0.0892836501995412 0.0195590502453227 -0.0764257445790434 0.0221990860903665
-0.070459811529224 0.0528469796836306 -0.22347402831291 0.179083530209873
-0.0437474262992562 0.0908933785751082 -0.0589103862066909 0.410213281803588
-0.00623749616219921 0.105416795852381 0.153436078220978 0.429281149591524
-0.00633293483817436 0.105372776497685 0.20322842665707 0.384479587910126
-0.021137997085028 0.109099447214005 0.16021599614656 0.397609561211346
-0.0476350157253421 0.100241285613084 0.0197291999549345 0.38486551831391
-0.0761402999737708 0.0367054386683377 -0.149416216775676 0.269869898226007
-0.0452986795396325 -0.00460280935652404 -0.18575005408868 0.0610634100616137
-0.0592305040014871 -0.00823934833995268 -0.133458029072465 0.0304445162872615
-0.0508926327092181 -0.126368680022092 -0.0307683434323985 0.114137217516506
0.0186438412268864 -0.200223954662488 -0.224866847850374 0.364785158862866
0.108903968783057 0.031047880016711 0.269903424260265 -0.419572063237708
0.105986999007695 -0.0803652857308844 -0.0117851314274045 -0.205296223803193
-0.0188940553100114 -0.117533784575758 0.05791709978685 -0.0441707286896535
-0.111964727446895 0.00740729084379133 0.137785984057781 -0.0247778200549613
-0.0587933388301916 0.0855500880280691 0.179643793344614 -0.215644813131474
0.0209317975817397 0.0906612005423003 0.0211138410300726 -0.382120772218942
0.0747344472978362 0.0523002553547213 -0.136882686970229 -0.410028324411041
0.0965744353090699 0.0447221327926491 -0.195628147450293 -0.390476608643612
0.0908383477519659 0.0587166941888825 -0.161287163831313 -0.40672422999332
0.0220892314591818 0.117444948986717 -0.0173247342636191 -0.382995021561083
-0.0749090455193174 0.117182861141181 0.134435776265487 -0.243358507371033
-0.149869527757051 0.00968260651407538 0.065904505191632 -0.0771537761950057
-0.0525224318091581 -0.165275115961809 0.0242445698869446 -0.234156718193633
0.135365196065002 -0.105451971520738 0.174730272512918 -0.447539844729584
0.160052625296442 0.0297811535549227 0.656370985098749 -0.428427404502314
0.271059204265213 -0.104197477708446 0.21322902077009 -0.415369883027038
0.143857482357974 -0.240676163510555 -0.000517484922584225 -0.186586636780885
-0.0791264414723711 -0.237163290717535 0.0415592007809039 -0.0814313949705119
-0.238692757084865 0.00310138262301846 0.1018810759304 -0.0261773378661181
-0.169777268776707 0.182022102894394 0.146197407861091 -0.174093706782254
-0.0148570539071454 0.243345189361323 0.0391375673232693 -0.315509061612801
0.121062980055734 0.199639529352578 -0.088942619931007 -0.360652427545539
0.170823694110143 0.195060647012755 -0.147805963024755 -0.337856772244201
0.155275385360048 0.21819270560907 -0.132315709792365 -0.335596175034451
0.00709680219264128 0.324393594730288 -0.0292786856631193 -0.310446882160647
-0.218523356499609 0.283165795256865 0.0807834900960199 -0.204768766848355
-0.376269346737991 0.0468805350272648 -0.00407459396769113 -0.0796179922571416
-0.236370288759751 -0.366355812960917 -0.0223002234976228 -0.256330627236184
0.16899258627644 -0.413426555968735 0.157858561083786 -0.432145327807776
0.365030704010602 -0.209512519908128 0.571570303093952 -0.385051385713923
0.413383082751461 -0.232404690710817 0.0983766522312143 -0.368850192967589
0.171177999714183 -0.404064492566186 -0.00442089555688624 -0.128133189036727
-0.148445920597753 -0.356278956518171 0.0398540091611052 -0.0991190832296998
-0.364901380057405 -0.0033120315957403 0.0734668000799705 -0.0405222646155723
-0.274386023681318 0.268294571294591 0.089448507529058 -0.132104667438408
-0.0554190154724947 0.374245327649781 0.0372949140167846 -0.21270279857958
0.148350984424817 0.325645943229864 -0.0314276748348808 -0.258454241843341
0.219546055683713 0.315484704718685 -0.0776567215130513 -0.234684539677939
0.196717251755973 0.339646255468122 -0.0774587169929662 -0.213309515918943
-0.0017997358135448 0.481123732626 -0.0282802581407686 -0.182470440033548
-0.318678417917581 0.419933672766051 0.0212460596706119 -0.120921921639843
-0.548524452756412 0.104258402295455 -0.0828787736762334 -0.0553504687600867
-0.411479914579134 -0.490661114109377 -0.0855584008679826 -0.238082654652374
0.149004568661704 -0.658517901327318 0.114901215710314 -0.363972807796296
0.49841010372342 -0.418831066035937 0.426752183884449 -0.273587398581159
0.509861001515541 -0.341706408196218 -0.0696888044759118 -0.271076065032568
0.17394107803546 -0.554952369742942 -0.0309894459218295 -0.018029587747849
-0.231740036194755 -0.459078191077704 0.0417170616796027 -0.0831398716084219
-0.477565649686459 0.000226994233591205 0.0418318364918658 -0.0519881855671954
-0.354545163382217 0.337220265602595 0.00831806789960017 -0.0760069802390307
-0.0846068647829908 0.466757224817419 0.0201764272065971 -0.0728184255152606
0.158055532391402 0.407021838754335 0.0285345853265559 -0.113838905592244
0.237984027017104 0.383627665391193 0.00417071472293178 -0.0963621683298576
0.207815549714393 0.403667673983394 -0.00691692609491602 -0.0610819149074528
-0.0057507651248882 0.560797597549968 -0.0115031898176392 -0.0230716266757403
-0.361518566391971 0.493757707760521 -0.0328939249924001 -0.0032987480844074
-0.622061194354264 0.154625170769736 -0.153277370375393 -0.00511758591985205
-0.519403447214506 -0.517537101308579 -0.142502207313703 -0.179220248507844
0.0962487350718534 -0.776780161507684 0.065113387819152 -0.246101334511735
0.537519737765782 -0.546942776962001 0.251093419002543 -0.11608086083692
0.532892376650957 -0.408738432191246 -0.272587679485264 -0.122915308839528
0.146625047371254 -0.644336530471892 -0.0756579535647662 0.136714319574788
-0.297612445678787 -0.503540001833429 0.0373007815188571 -0.0340967185418188
-0.532099151998747 0.00937721391735362 -0.00171011310149857 -0.047648454941876
-0.380831257589649 0.361012218464481 -0.0845719931652811 0.00359402992848656
-0.0983569005323171 0.490301607235411 -0.00476622398263599 0.0913635895542697
0.148729748884244 0.42801206810518 0.0845564773589559 0.0545313168163631
0.218550391367752 0.394218574181371 0.0850814779805541 0.0571963426346516
0.183044070096886 0.404406655837852 0.0661414975806376 0.0967664541008177
-0.0182624010645119 0.546942904974355 0.0147717509767416 0.137086455088372
-0.345605843173308 0.47327897508204 -0.0738799074784553 0.120560003205731
-0.575139469928697 0.160255152211881 -0.200404220325444 0.0490405270049552
-0.50563107949407 -0.450626667656634 -0.17552892916378 -0.100428760624738
0.0496757415613374 -0.744171715756144 0.0241116655696663 -0.109494416434022
0.483586528034167 -0.573129016804248 0.0758533432299311 0.0585397092406945
0.465898212617556 -0.414177293105138 -0.473257398477641 0.0566752340693436
0.0929531725014907 -0.614479402257308 -0.126077387252584 0.30221608400545
-0.304582885979671 -0.447150873888175 0.025731010651623 0.036169973448495
-0.475947414762279 0.0200721252509406 -0.0499504447367349 -0.0278306761160914
-0.332478838647211 0.315614435349505 -0.167506319200571 0.0917196237109792
-0.0908761038359502 0.426962356252436 -0.0264116480037312 0.248962723656088
0.115801525814004 0.377778577625207 0.129980242968075 0.21939663370274
0.167178173580976 0.344920106165749 0.152930224300432 0.201163174817646
0.126012973141748 0.349324231173887 0.127865389989495 0.23533096752319
-0.0355575234727332 0.444162924006444 0.0378073258510771 0.268226861881285
-0.283838838133632 0.360205511961026 -0.102962041771924 0.216632240924179
-0.427129119141095 0.1129903907185 -0.219208714400964 0.0830272085024398
-0.379598885128868 -0.323027035011925 -0.178747483894594 -0.0295228689537227
0.0168442313625187 -0.579768048745892 -0.00223836038316276 0.00657899683029024
0.360437333372826 -0.498429909588806 -0.0694847015204494 0.209758355817791
0.313910348655266 -0.344477384540925 -0.6285417102972 0.233743080751588
0.0222996481518256 -0.457127117013248 -0.168381790787881 0.439919712474506
-0.237804559238338 -0.286715175922202 0.0155226948386436 0.11279652778365
-0.311007338519515 0.0236209142589002 -0.0795102140551088 -0.000453676560118905
-0.217115669794923 0.20326423175666 -0.215633549183723 0.158655312691371
-0.0688374124953474 0.283634663959298 -0.041270504668616 0.363516924593559
0.0633552961434682 0.263270999043438 0.158923039341921 0.347991018072031
0.0879865482051798 0.242613827393818 0.197708940234892 0.312716129309889
0.0548509065751045 0.244515777268356 0.164402627403903 0.33600460769536
-0.0474567915749268 0.284654747224535 0.0436541767323493 0.350143695257432
-0.189389738322331 0.19750113954959 -0.123913339676386 0.265899834511606
-0.233821402931269 0.0436692030514777 -0.210319558220759 0.0847638708567791
-0.205771306504253 -0.164427870326892 -0.159141707254166 0.0152275238497303
-0.0138306560107719 -0.351057328093408 -0.0164518198180414 0.0790868688207634
0.192969350147715 -0.361113298853015 -0.16735715573215 0.313323196414623
0.102041918078498 -0.206325391422164 -0.704281665557987 0.377828069420299
-0.0471914332073328 -0.209288997440201 -0.187936167973265 0.525233285034399
-0.121610959181375 -0.0714480545452915 0.0227008932096869 0.186421414358808
-0.0862305877273979 0.0210833256616774 -0.0727654062419344 0.02244017994552
-0.068285203174987 0.0535305428692692 -0.219127908037292 0.18604363165096
-0.0406066842623986 0.091573482195344 -0.0461158949047374 0.409017439253519
-0.00429591587168606 0.105829404828517 0.163312523299642 0.418703302417647
-0.00434925309826091 0.104991789408191 0.212503309116828 0.376240962586356
-0.0188742785765297 0.109673723662576 0.171772640792511 0.388130137239489
-0.0437139692234968 0.100751590337915 0.0342841846509554 0.381621407241985
-0.0749288113036644 0.0372506972728926 -0.137387740103141 0.273454320566917
-0.0444294640906576 -0.00486285191368208 -0.182556701287823 0.0680468225593301
-0.0567033920283509 -0.00527333078597862 -0.128620149546231 0.0390174210542207
-0.0568829939791705 -0.122237860367427 -0.0280116297065315 0.111756053887601
0.0115531071809851 -0.197641168594157 -0.215901032752253 0.363394559068717
0.112685372552109 0.0271980199514985 0.254861549689937 -0.426468135549227
0.103585203972322 -0.0872393219496636 -0.0161816147858422 -0.201742942098239
-0.026165475112544 -0.120046857982075 0.0537931065101494 -0.0493736027344473
-0.113638122764209 0.0130253490639271 0.133480312336129 -0.0309252165594892
-0.0556689035651003 0.089969126821147 0.166439255782448 -0.223720705990807
0.0261693409343021 0.0902952276058835 0.00144103057643768 -0.381280950633212
0.0778982847921732 0.0476783147738167 -0.156255692716191 -0.401253937367375
0.0992107075369851 0.0388333738583629 -0.213029522133625 -0.381639753071899
0.0931065569575155 0.0532280475676766 -0.178652086992571 -0.399958675146573
0.0280564997772853 0.116598275546368 -0.0323631536914847 -0.383110786676166
-0.0692520737432892 0.121895812085814 0.124908620050456 -0.248798505694864
-0.150262322183204 0.0159975125560899 0.0629571604781307 -0.0782079843056347
-0.0596460844511585 -0.165150261019312 0.010490808613784 -0.23745692962383
0.134745620793908 -0.112531549321412 0.155602459555859 -0.453587839329086
0.164885630247421 0.0231982912269768 0.644695820247265 -0.452703958045103
0.269133563234538 -0.11536287719478 0.199811670680423 -0.419756603838261
0.135134338130794 -0.247989405787092 -0.00230991754809446 -0.184017459867502
-0.0901838414326033 -0.237329505420937 0.0356043283901908 -0.0864124949341874
-0.239392183154922 0.0127942493262801 0.0975894174050089 -0.0325786532095455
-0.162330975126132 0.191330985359381 0.134611452611806 -0.17988621531307
-0.00285674011887197 0.244683024024382 0.0229835814268793 -0.316112538812734
0.130250300481445 0.194016509532107 -0.106487935157671 -0.355966562999811
0.180046895408358 0.185863417588282 -0.16103799722022 -0.332282641107132
0.163584148351765 0.209718854121046 -0.146031017046861 -0.329299806994173
0.0221955711718355 0.325793040456858 -0.040818368289126 -0.307171319172236
-0.205771854387339 0.294377498282655 0.0710370597814061 -0.20706445259801
-0.375757857624858 0.0628674856054835 -0.00693618751388581 -0.0766773204506766
-0.253700768963116 -0.359922982900825 -0.0361421552816305 -0.256852315535489
0.155287832041399 -0.423724613102571 0.13990477669071 -0.435753342391896
0.364870297907185 -0.225080150889586 0.560959819752605 -0.405347310110513
0.406225548001545 -0.249688526587377 0.0881940095862474 -0.369246130357701
0.15578883586344 -0.412166031037523 -0.0033965928938636 -0.125624431004431
-0.16392423721024 -0.354642636562385 0.0325057572090289 -0.103280041600331
-0.365985427566871 0.0114389359350786 0.0693186017688772 -0.0470572194070988
-0.264038226348179 0.281960586560011 0.0771511022970041 -0.133546007021979
-0.0362025795029629 0.378511896387607 0.0252243389821818 -0.213034950999352
0.163198888863882 0.318800270676355 -0.0452460415481814 -0.257561883693786
0.234019258112597 0.303684048344966 -0.0854012352984077 -0.232577732936996
0.210922405522214 0.331168135383119 -0.085349857213558 -0.209256573250819
0.0217501594060607 0.484147983636094 -0.0336052499230356 -0.17927225568571
-0.298985877198617 0.43811637047888 0.0136638035295126 -0.119578938872291
-0.544626802780412 0.127071707190952 -0.0850143853914855 -0.0465425820237783
-0.432881290557098 -0.477734282581892 -0.0967864629259541 -0.23413589357339
0.127279342821677 -0.667324248062638 0.100623916425681 -0.365867954152728
0.491642322041922 -0.438873032013299 0.417519630505402 -0.289921688517649
0.498397621051913 -0.363051109685448 -0.0777509908367988 -0.266336379533328
0.152672062984447 -0.561153402509093 -0.0249218669445122 -0.0155225783455327
-0.251001657182441 -0.455288251060575 0.0357523893855745 -0.0865894409473243
-0.477666436949395 0.0176704441684908 0.0386397286539097 -0.0589512741564274
-0.340870412398345 0.354292687091187 -0.00191072049338852 -0.0731714418552368
-0.0620971007285112 0.471719902837304 0.0140221883328444 -0.0718717337699677
0.174591119477548 0.401957565190158 0.019328911326143 -0.115670276977428
0.254387081511953 0.3725257224505 0.00216851778810553 -0.0977318219324433
0.223635541963741 0.394028365465776 -0.00733631167605685 -0.0592622564146279
0.0209329680913652 0.565309443224095 -0.00925187627610002 -0.0206409594194046
-0.339867584978521 0.512633441508288 -0.0356838842085704 0.0011870971326168
-0.618914162878908 0.178947039974865 -0.153215787755242 0.00736558215402778
-0.541101877577079 -0.501391741146429 -0.150051374023323 -0.170721333396082
0.0678535024224535 -0.78610740543896 0.0543441986894015 -0.247021593234839
0.526000266945184 -0.573179777416386 0.246033066898341 -0.12413139031695
0.5201647264291 -0.431775986671899 -0.276381023879789 -0.112088993642776
0.120572468911049 -0.648845308382233 -0.0650516592820165 0.140473199656164
-0.319175275436065 -0.497484048792509 0.0340420324456701 -0.0363681825649968
-0.531147448212276 0.0299056406068231 -0.00363269042446336 -0.0533547212325442
-0.365412182071929 0.378774246072643 -0.0908388140553205 0.0104847392851846
-0.0749303150558841 0.496948068672936 -0.00221384840396114 0.0935572122631163
0.165797422151106 0.423615242679529 0.0827015413197802 0.0497357498431621
0.234969794143692 0.384817962531307 0.0895590663840811 0.0521711880846308
0.197021732349124 0.397321576785518 0.0739533978755868 0.0958548597998634
0.00754206079124366 0.550468488713578 0.0247586633723007 0.139069771551575
-0.326324603080283 0.491052985342059 -0.0704435557076584 0.127379284505691
-0.570214849421709 0.182346083214957 -0.198680798277887 0.0652186964369226
-0.525430415143397 -0.435323971191441 -0.178162090907363 -0.0886372127773861
0.0218067544309648 -0.750877809256536 0.018192146523044 -0.10853562445965
0.471507067006985 -0.593245466758015 0.0753160763640486 0.0546537405887706
0.452071720846499 -0.434344324176009 -0.472489073732634 0.0725331757119035
0.0687819454006949 -0.617761334164629 -0.110565828713654 0.307511004000125
-0.322968131778888 -0.438496406863438 0.0272302779072211 0.0351090615167739
-0.47607224757947 0.0368864288875946 -0.0500922083352637 -0.0309258858941001
-0.320319676329164 0.330053358086235 -0.169597828282106 0.102887173300337
-0.0714003548581539 0.432397213743066 -0.0176593131155031 0.252248256978554
0.13100712742317 0.374452061345374 0.135177378369354 0.211606386831665
0.181130095725429 0.337215374863434 0.162666456533052 0.193481425325875
0.138607605090595 0.34445117407967 0.14157075391377 0.230939786284244
-0.0144975110374467 0.449322661074849 0.0533748395079983 0.268324548621399
-0.268319157008648 0.373958921754052 -0.0946599937870911 0.225014276233031
-0.424123288442419 0.127717988608252 -0.216449385989704 0.0984654792920147
-0.392307629303298 -0.308821367609939 -0.17738985672377 -0.0172114196392232
-0.00724764950200192 -0.582986321129217 -0.00333779428549356 0.00683536180996171
0.346380811991091 -0.513456734236723 -0.0653344726431102 0.210902959602089
0.299324318381548 -0.357305179233079 -0.623329152811136 0.255624870127019
0.00367403043044713 -0.457172261963023 -0.151478513133075 0.444732545287915
-0.249492105933153 -0.280585300292775 0.0205447793046642 0.113168100886899
-0.309195244816275 0.0352066834819488 -0.0779814502687923 -0.0016316160363247
-0.20883336310982 0.213717750334489 -0.21337861030732 0.171256625123708
-0.0562799126095215 0.287688421833219 -0.0260936751126928 0.367324965522354
0.073046876314887 0.261678423643033 0.169607884174878 0.339643608380537
0.0973883190927244 0.23849853615466 0.212123765254408 0.304494524444418
0.0629417979852566 0.24334824070511 0.182748088266569 0.329699592228092
-0.0340895670113477 0.287440610719967 0.0632207992090163 0.348490656277954
-0.181625669787005 0.206385200478556 -0.112167771449545 0.273884401221074
-0.231541558689387 0.051921790671656 -0.20708012419901 0.0986845254182868
-0.210504405130245 -0.156162738453515 -0.154639799147313 0.0273438805450347
-0.0294399838216912 -0.349727221791969 -0.0146909131059898 0.078435831937568
0.180524322230841 -0.367940017541867 -0.158590829883682 0.317027557168955
0.0920779269186756 -0.211423476163449 -0.695578062012102 0.402448864748331
-0.057065093628431 -0.206108557174437 -0.167787468609891 0.532956605354821
-0.123445426928902 -0.0669345771830556 0.0322264883776132 0.186552526618278
-0.0843075135397661 0.0232142449214076 -0.0703060190949719 0.0233304402382821
-0.0662608344845938 0.0563868041775458 -0.213733818075829 0.19711938422803
-0.0373573479338351 0.0934241742243527 -0.0284411418172508 0.41339299593975
-0.00135213526417219 0.106849662258042 0.180001340531993 0.411196277357479
-0.00119928320113665 0.105791598301121 0.22903789080836 0.3683989572739
-0.0149295310816239 0.111625197357827 0.191490139662713 0.381557002909139
-0.0388751672539122 0.10200871817831 0.0538636170139921 0.379459445856354
-0.0742841470407023 0.0398451038059713 -0.123732831906374 0.281254941734296
-0.0444341638080225 -0.00504424966012139 -0.179291486990421 0.0791571090635789
-0.0545709482269127 -0.00137869161463226 -0.123196336826625 0.0491966263590469
-0.0650007896227095 -0.117386210365846 -0.0252040223047572 0.111425525386192
0.0014950612793968 -0.196052221174974 -0.20412678514857 0.368234577397368
0.115934511441764 0.0203652560154251 0.23219187495369 -0.43315720527542
0.0970976997245334 -0.0955397136536178 -0.0225471059544673 -0.19692054550273
-0.0358625066314678 -0.119737640654714 0.0476667545887131 -0.055242839563455
-0.113599578445575 0.0214648555778788 0.127747486219865 -0.039584774831574
-0.0489722732017342 0.0946513763716843 0.146373084944884 -0.230832154550889
0.0329554431129601 0.0873557996785719 -0.0232974367110327 -0.37650001526008
0.08119881303859 0.0409072364349086 -0.180127613355998 -0.387777536940241
0.100535605683688 0.0306114341626776 -0.233342532186846 -0.364812055273034
0.0957418369741953 0.0448210691574666 -0.202840720818107 -0.383500103219483
0.0355328329452018 0.114566159937363 -0.0552324799097331 -0.375869527270876
-0.0595115744886483 0.126262233809258 0.107907625663095 -0.254160949720453
-0.147486835102189 0.0255437156576632 0.0588918169621514 -0.0803617287390412
-0.070118208862662 -0.161507154197332 -0.00969463865481839 -0.237635871553515
0.129262211737889 -0.121800128394814 0.125978175813927 -0.456293520308199
0.167673008725963 0.0131756571267913 0.616294842575758 -0.484931131954971
0.262406859428985 -0.130746440710799 0.177278321560993 -0.424032687894343
0.12000877556789 -0.255097864797681 -0.00720756587528882 -0.180648498397322
-0.105818426169595 -0.23309963208247 0.0270223135872425 -0.0901641674117059
-0.237557256632244 0.0278201314759316 0.0916531860955339 -0.0393794527655818
-0.148198988247203 0.202128155621797 0.117374059952033 -0.183510497048713
0.0146405344524677 0.242411696340778 0.000204741635181458 -0.311998238587745
0.141603074245249 0.18287239218109 -0.129045690054108 -0.344479339858752
0.189140560922736 0.17074474024445 -0.179675775284668 -0.320356135759782
0.17433963864595 0.196492295870936 -0.163867185378134 -0.315823591912441
0.0447018038531644 0.321591055144775 -0.0574976717498627 -0.300404980072932
-0.183271985926153 0.307031638592065 0.0563129645360087 -0.207797641126013
-0.368668699639406 0.0846002925739471 -0.0113466462942015 -0.0722386953808952
-0.273586887210698 -0.343185760277144 -0.0556593401216947 -0.252037238849317
0.132192216068138 -0.431512595238754 0.111380854037629 -0.436801348575585
0.354034121441041 -0.245253128309225 0.533877430472082 -0.432085174955903
0.388905561718296 -0.271540733767256 0.0702486107306327 -0.368935130537902
0.131193268267452 -0.415690682575095 -0.00350378821375798 -0.123105337933545
-0.184550312811414 -0.345021546340572 0.0235869351479004 -0.106383110652699
-0.361776622260407 0.031544405197373 0.0626488665045538 -0.0545947972434866
-0.24323382972037 0.298449619783983 0.0623036909149802 -0.133754330418587
-0.0104678410112815 0.377150930402389 0.00970855165631943 -0.209431191171062
0.180931353046952 0.305242598557538 -0.0638000027339945 -0.250671137367559
0.250809504876931 0.283745036142078 -0.0980242563994698 -0.226681843696734
0.227294150358594 0.313133887983948 -0.0949235514823763 -0.200223135062164
0.0542649085978525 0.478999400370516 -0.0415821306899156 -0.17381941953581
-0.267294240005523 0.454437685294557 0.00461169577216145 -0.117024559246599
-0.532380451264809 0.159432964677074 -0.0859471475086875 -0.0354037823493994
-0.45933791141605 -0.449258721633663 -0.111912050373026 -0.224408989040244
0.0881992131513634 -0.672313923827809 0.0775422646202838 -0.365794143963246
0.469849794530498 -0.465887987265188 0.397274710228809 -0.310692620228096
0.473622934430922 -0.388924143909831 -0.0885701327564025 -0.258339404799637
0.118487330241293 -0.564364818337079 -0.0190172665698977 -0.0130639659795649
-0.278222385700112 -0.439999159493668 0.0279042512079174 -0.0892286976427072
-0.472193972286522 0.0441508870922548 0.0325000730979688 -0.0657461276728544
-0.315090863094442 0.374097196440416 -0.0127960102562411 -0.0677087670015624
-0.0310385860074242 0.47126132476488 0.00786235638953932 -0.068875718160318
0.197519833240129 0.386876821406176 0.008548083973429 -0.115828294575217
0.273722582392509 0.351513621888988 -0.00251848381123833 -0.0986202991801229
0.2437715955761 0.37684397992175 -0.00736838236668444 -0.0573151003135343
0.0582271504066334 0.559795273981442 -0.00677406078384038 -0.0180975001780592
-0.304030729215803 0.532628186810847 -0.0372105788017149 0.00651258316974991
-0.602260128476889 0.213861928111101 -0.150002362722755 0.0233797006985485
-0.568866397543572 -0.466327936987773 -0.158616622000101 -0.157721855401158
0.0236075383985611 -0.787508717844138 0.0380696062931833 -0.245651132258699
0.495327507256528 -0.598748735756902 0.236122016329022 -0.13790961048367
0.490093468899269 -0.458082838286217 -0.278816342129577 -0.0950409074544016
0.083140032380609 -0.649386983286074 -0.0510013473987048 0.142671784811793
-0.346967072533289 -0.476583652289961 0.0298338049286562 -0.0379594408859334
-0.525228520655739 0.0601238430284128 -0.00795994030913526 -0.058446311726851
-0.339151907881555 0.398631082588464 -0.0956270273730123 0.0215027644922788
-0.041615501164462 0.497859032248495 0.00192471253389657 0.0958775131852407
0.190406035006401 0.408442082281264 0.0809226997983248 0.0432819045589056
0.256385758970024 0.365032636423633 0.0924141205493875 0.0447704151454276
0.218130906670089 0.382155876464521 0.0829119862838571 0.0900730288592784
0.0451109055515428 0.546964175014333 0.0377372923177278 0.137365858715429
-0.29127866384806 0.510320681144839 -0.0630507166916636 0.134620742690445
-0.554545887113129 0.214694586043886 -0.191370115651629 0.0834981612609517
-0.546845435123949 -0.400417025472313 -0.18010161129156 -0.0731649443771851
-0.0242282364456121 -0.746109538287354 0.0102867213271192 -0.107754311117347
0.438741024728523 -0.617973548787468 0.0751588721303769 0.0496036753113604
0.420895505092541 -0.457052417211227 -0.464118295541511 0.100406172754818
0.0301648307757965 -0.615620281091739 -0.0889457974951129 0.31124328927269
-0.346548665440172 -0.41727645878663 0.0285781277908389 0.0340268823534984
-0.467635169599852 0.0626462625318154 -0.0514175206333736 -0.0342502598622525
-0.297831298619868 0.349306841946322 -0.166122595167617 0.116686028625975
-0.0421557888671038 0.43312072672923 -0.00287215915546541 0.253968838518885
0.151827582188081 0.36495939820617 0.143379214155724 0.200728756839467
0.198237822815339 0.321948696515978 0.173596054147231 0.18080961676748
0.157161067332558 0.333575370165785 0.157844525933974 0.219009286152335
0.0152617170683718 0.446824685953484 0.0734846398527298 0.262956456355696
-0.243021306717947 0.388035477722837 -0.0798452031962168 0.232255487949694
-0.412836273826526 0.150941931190822 -0.206336784090583 0.118044034273894
-0.406061271618282 -0.284076243508841 -0.173411799713657 -0.0015995677939968
-0.041497537480166 -0.576570947313275 -0.00460771951046602 0.00711569213934348
0.31608977024256 -0.529958355506113 -0.0557936003945971 0.211656173683632
0.273961769961575 -0.372165468975845 -0.604438943640127 0.287718284399713
-0.024128095587659 -0.450892042462836 -0.123631938097954 0.44948177689473
-0.264803355373326 -0.263654829111138 0.0278528617683019 0.112127026029427
-0.30364933401349 0.051697745242113 -0.0765339248428145 -0.001502022421375
-0.19351338616902 0.224929535286846 -0.204052331746815 0.186087789524154
-0.0373203849762564 0.288582904801128 -0.00407195846282219 0.367121288387488
0.0877313164736736 0.255828286599888 0.185958819644172 0.325180199656996
0.109999298195391 0.230451750556712 0.22855004834059 0.287999719224591
0.0760463949511429 0.238419901623501 0.204554408201429 0.314351576488616
-0.0146923644606214 0.287438369345153 0.0877900383570163 0.341457461074408
-0.167386255605446 0.215794957517306 -0.0925848503726378 0.281187090266962
-0.225530946114158 0.0637873638597569 -0.197473511154562 0.115925729353439
-0.216165411764181 -0.141446717948621 -0.146831881669722 0.040626291555054
-0.0520221683010832 -0.341886187368604 -0.0119358222233023 0.077446825576489
0.158641052638571 -0.373493309814148 -0.142193058663486 0.322063900285033
0.0765389524326453 -0.214755937706876 -0.671196829824223 0.437140583159509
-0.0697814032360943 -0.199096300024731 -0.137902877877507 0.537990303242173
-0.125647109594756 -0.0593113088500841 0.0452890337386617 0.184260296386075
-0.0809003851365223 0.026303534134027 -0.0666367146705377 0.0236473815682094
-0.0628476381185247 0.0595370153841563 -0.201844144593727 0.209867883010858
-0.03134690428215 0.0947799854240752 -0.0037202457761034 0.412369136257701
0.00428241791323697 0.10682412906172 0.201083454466459 0.394498822546736
0.00438934812263326 0.105559948844227 0.249515028096285 0.350474925969562
-0.00839626364925994 0.113044030336141 0.215774374437064 0.363838437832066
-0.031738393109591 0.102387033506452 0.0781703553777762 0.370881521894582
-0.0725488090551826 0.042639886744534 -0.101846537753879 0.287506742145709
-0.043548189210148 -0.00348504605063964 -0.17130219446263 0.092323376644108
-0.0517873824969643 0.00320906481309578 -0.113904638033047 0.0602412853055901
-0.074640983542556 -0.109040729828193 -0.0203812316432094 0.108968531263519
-0.0120983357953611 -0.19247016049566 -0.183287402343526 0.374314607407431
0.115784768485684 0.0121252739471914 0.203271434920093 -0.42828868483493
0.0874674259751604 -0.100510754619933 -0.0279813254991703 -0.188007701761669
-0.0444421508439632 -0.114601429129716 0.0405694939320634 -0.058897046824585
-0.10885398247303 0.0297316336501685 0.117444465040262 -0.0449543337827918
-0.0403614339077222 0.0958378412787968 0.122862680998829 -0.229559914392832
0.0387626813287303 0.0818273289711352 -0.0483779901085342 -0.358820587911583
0.0806930792646851 0.032597883135926 -0.197132567985125 -0.359634717105941
0.0985922624430639 0.0220171663868586 -0.245582085304486 -0.337829102875329
0.0944679770503303 0.0354065934422069 -0.216992340439092 -0.355599301288436
0.0422492773316979 0.108706355631589 -0.0749037490877973 -0.356758035913082
-0.0473182350379788 0.126292629789879 0.0880639378888405 -0.251042886136034
-0.140647188271178 0.0338448024515103 0.0515281838860506 -0.0796791616611913
-0.078556619540209 -0.152897868166429 -0.0286036969502459 -0.227651579666946
0.119440504172539 -0.12700980331199 0.0938538088669321 -0.442141423205753
0.165759666621215 0.00194668389697685 0.567685872169898 -0.501819764125778
0.246923242064401 -0.141607099724499 0.151717110800026 -0.417506868289556
0.100839077284971 -0.253798478894973 -0.0119083172989325 -0.173155560289664
-0.118662297280545 -0.219721457578695 0.017415445933804 -0.090292998806672
-0.226672384825223 0.041933063417059 0.0827092119218417 -0.0450993114146458
-0.129062376514046 0.205029743984747 0.0968016737674035 -0.181045394563304
0.0311118290983768 0.231838717194978 -0.0207652136091054 -0.297549114613101
0.148312220546542 0.166349580975575 -0.146237106989053 -0.321777763941477
0.192862996079775 0.150587054203728 -0.191513892169042 -0.297791209361777
0.178329888316777 0.176762910846683 -0.175763146113189 -0.292319070700535
0.0640771967406203 0.307520771094842 -0.0721888614634688 -0.284343267403434
-0.156084079492466 0.308886683272536 0.0409279361926448 -0.202123058751879
-0.349441761178818 0.10433019486921 -0.0146155317362311 -0.0664730804222162
-0.285629235623813 -0.315964803882823 -0.071902341050479 -0.238886972926709
0.104580541049197 -0.426245478051654 0.0804139222730264 -0.424815435669326
0.331169194984307 -0.258707560673933 0.489870306435244 -0.44581165008543
0.360701863062009 -0.284896033889728 0.0498604639301414 -0.358063580426847
0.10352667670894 -0.408781241306124 -0.00382209083968715 -0.118564505933308
-0.200970488665582 -0.323006128614383 0.0133745370004542 -0.105435024600178
-0.345875138011323 0.0527739447137085 0.0534248886154751 -0.0597366459255784
-0.214433336882679 0.302776696511864 0.0470468372477472 -0.127659882457992
0.0176050110251514 0.364322975669335 -0.00461757984916693 -0.199410155662022
0.193443875559243 0.282055260486195 -0.0786884446570263 -0.23626374465516
0.259455700097408 0.256690142609715 -0.108074852750078 -0.213611067445319
0.236208033857532 0.286717300501055 -0.100993248769774 -0.186165098990129
0.0853323848358671 0.459082270479924 -0.0476786576045697 -0.163248360025136
-0.22900241809594 0.455756951039246 -0.00450497129940369 -0.110320555004142
-0.503271504507822 0.185843007250285 -0.0835598226937142 -0.0249448924452782
-0.471541254158606 -0.407847673649224 -0.12366056402883 -0.208258086700209
0.0473563670577942 -0.655259023421956 0.0520220220069855 -0.354303456066334
0.430167776980786 -0.478117771227457 0.364895166745021 -0.3197657954428
0.434509273058411 -0.402859885611044 -0.0978944922535438 -0.243058660539495
0.0823933219291146 -0.548260969540137 -0.0124523592947976 -0.0116003976628717
-0.295381722278403 -0.408463403982389 0.0199710251796208 -0.0886364930888177
-0.450500030305016 0.0702627592322279 0.0238150276107847 -0.0700579647936881
-0.279102617190218 0.381273834715412 -0.0206067440189633 -0.0594456160196663
0.00288888007476608 0.456305817936113 0.00274123372525373 -0.0636562566303302
0.214101245503148 0.36067292859978 -0.00156277191936227 -0.111172316255685
0.284855618934266 0.319929872395684 -0.00816408331664669 -0.0968273037072913
0.254943040304737 0.346889449813876 -0.00743631311298141 -0.054726545145903
0.0933263816420719 0.535044514024809 -0.00358308275138241 -0.015564864815105
-0.259104052005749 0.533662021052315 -0.0363246935955246 0.0122572637377122
-0.566094259012099 0.242542516385239 -0.1410643882081 0.0369886553063159
-0.577001684077107 -0.417174400342728 -0.162597009317725 -0.13949338058222
-0.0230900884508408 -0.761127229255348 0.021285960695115 -0.236858150801562
0.448728570836886 -0.609419958818797 0.217168416879405 -0.145777626378668
0.443690395046958 -0.469577811545002 -0.272092670932482 -0.0755207369369021
0.0425043425512135 -0.627465761416741 -0.0350037137461495 0.13992663379392
-0.365272302227961 -0.439977186016234 0.0259592790093475 -0.0391311638652275
-0.500812903499925 0.0879981788592255 -0.0140942730645477 -0.0628460632771057
-0.301467684133026 0.406987033870434 -0.09500579701378 0.0319177732839961
-0.00749488272763157 0.482352185129119 0.00700279825664863 0.0957021325962658
0.209078254876831 0.382759367333203 0.0771002584563284 0.0374876335211373
0.2671954689059 0.334003151996138 0.0921470048074965 0.0357308313421283
0.231434485197425 0.356063114309579 0.08881751184718 0.0811800579927313
0.0788723617365197 0.524410416045626 0.0487255317678265 0.130806005179231
-0.247996131103441 0.510913153150309 -0.0525530778117061 0.137288681505206
-0.52126063470166 0.240828111712795 -0.176620981776202 0.0981575401533723
-0.552236063481669 -0.355255718622262 -0.174854394472475 -0.0559405985917846
-0.0657738670673702 -0.719449766130316 0.00239513045311768 -0.102872641779655
0.391321686905354 -0.623542578217515 0.0727747436140687 0.0442564061176448
0.378100072454134 -0.464121443619863 -0.442414935338972 0.121038266647328
-0.00543717064463346 -0.591896962430659 -0.0641404740297649 0.304162629616298
-0.360782097739574 -0.383410352728197 0.0291659143237318 0.0312118981796983
-0.447242509263416 0.0879405422368132 -0.0536161102415005 -0.0358069856709115
-0.26286309938018 0.356177011631568 -0.15660829335902 0.127104850236935
-0.0124835825636457 0.421029040006099 0.0130251346567021 0.247178665673394
0.167771101079175 0.34162888316023 0.146419862755086 0.183897539875638
0.20953232093679 0.297316067328097 0.17839805225164 0.162151866404148
0.170740685883023 0.312984346858579 0.169306652068963 0.200337424555631
0.0449560423566756 0.428982729683998 0.0913216634629173 0.24844258445669
-0.209263693628163 0.391115385780022 -0.0615985392180348 0.231719994903773
-0.386872285790238 0.170533518124565 -0.188983598209122 0.131498202856403
-0.407842689977058 -0.248778428080662 -0.16281432798376 0.0126639249606472
-0.0761193315988926 -0.551432697660639 -0.00602777732079055 0.006944384611576
0.2779902927291 -0.528207985070228 -0.0445211094737191 0.20676548110547
0.240811701773372 -0.373118717222469 -0.570056760540679 0.311667014150406
-0.0496533781030136 -0.430584847012217 -0.0895919814199723 0.439404644771765
-0.271635999857409 -0.238914948538858 0.0348535176510376 0.107163659997505
-0.288606386751819 0.0660807314735681 -0.0750183638356382 -0.00226057989080602
-0.172630662032782 0.229041706634595 -0.187568180602427 0.194755416338025
-0.017211261483341 0.279715727921242 0.0185989333702255 0.356083530780653
0.0993710656043671 0.241961775619867 0.195946949787096 0.300842567373562
0.118713504406625 0.215058665916478 0.237616394119933 0.263072454343732
0.0880374409662524 0.225723186929641 0.217999542837623 0.287641586086052
0.00520334349894137 0.27586204070682 0.10924413030127 0.322165712672642
-0.147931299877676 0.217951656560743 -0.0704053658576598 0.278331886526542
-0.211721865280673 0.0739702146843813 -0.180463556667668 0.127987383919393
-0.214592524455984 -0.1224480880586 -0.133750568695397 0.0514726126832276
-0.0718159492178516 -0.324028480598375 -0.0097458584944709 0.0741762496050195
0.132206327101633 -0.368729348407037 -0.121397895695591 0.316730911443905
0.060030935060691 -0.209683038091304 -0.628196826240964 0.45965848444056
-0.0797929886794486 -0.185775504613173 -0.102381737795611 0.524441342084124
-0.124111210423428 -0.0493692849290285 0.056909000618401 0.174824358738466
-0.0761225583132647 0.0280354918715108 -0.0623060621581467 0.0231513722848281
-0.0568979623187488 0.0610110583948524 -0.182596326727652 0.215859727918453
-0.0248912618772936 0.0930196187417149 0.0218857662444208 0.398905402388168
0.0103324457165848 0.104225479619426 0.216430681705122 0.36692503183694
0.00936630922318572 0.102196355854963 0.261353113907704 0.323838014800222
-0.00107271298197908 0.110195508016773 0.230694168668338 0.334240008089616
-0.0236718452163892 0.098806522890165 0.102131403343906 0.351193128201023
-0.0676522213047403 0.0451770600560162 -0.0765183757530796 0.283967876930862
-0.0403699000814416 -0.00188513879852318 -0.157262576031949 0.102548852657583
-0.0464802796065072 0.00726404024073178 -0.100797044873281 0.0679602299162187
-0.0797716485342681 -0.0965942396322951 -0.015888814524408 0.104482043721559
-0.0247479393829117 -0.181855969486257 -0.157455470724717 0.369414749952938
0.114368705947476 -0.00914729892731901 0.129851839386221 -0.426234413698359
0.0691062216494052 -0.107113585751503 -0.0484462228631556 -0.169997210239996
-0.0587691853850072 -0.103550515749875 0.0290204084592265 -0.0577088264952999
-0.0974800335731296 0.0413412274253228 0.105431342966602 -0.0583398349899681
-0.0238456770200293 0.0958011663460663 0.0848732951226806 -0.233529191440135
0.0460452081551894 0.0712992885164065 -0.0908042657540835 -0.331530116737331
0.0764741766707009 0.0186211579430872 -0.232372556750795 -0.316405262576785
0.0938526606727013 0.00654514354948462 -0.272083782225293 -0.284059440634867
0.0909741591885793 0.0210833840802708 -0.245091891188352 -0.304723402768737
0.0531176622493084 0.0977020263255652 -0.112901630820274 -0.321824922594691
-0.0283491342399581 0.125791443594485 0.0545015754995958 -0.243665173860597
-0.127040160051812 0.0482498960928659 0.0375196417106265 -0.0766050876381351
-0.0961565540837011 -0.130117182263419 -0.065070774947694 -0.209769787453801
0.0885966560400519 -0.132020954744294 0.0306129952520013 -0.431101612093592
0.14757422758596 -0.0279846308339484 0.478171659691375 -0.54512997974773
0.219336772509995 -0.17463583345981 0.0747754009304009 -0.394738465193955
0.0650867538372284 -0.251318867603067 -0.031042285873423 -0.153886714207294
-0.14060875003332 -0.192239476263373 0.00564593200063224 -0.0791403956334854
-0.206193283456776 0.0653918536581504 0.0755117736987409 -0.051897315552685
-0.0934135358426118 0.207995505849519 0.0719706632925306 -0.184097817818308
0.0573698615957466 0.212021680672858 -0.0525149095037471 -0.281017259916083
0.155475711042745 0.135149931530735 -0.174124160966687 -0.289131885121622
0.198112974833961 0.11488762283748 -0.215847045946264 -0.254760576276912
0.187174833366703 0.141709260025064 -0.193402722741515 -0.25080655025756
0.0999508885498049 0.277401461401723 -0.0965782442173788 -0.251514227293996
-0.104049775910831 0.309035534206074 0.020567166396131 -0.186527226801901
-0.31085316009546 0.139284258829928 -0.0227904583304189 -0.047971269124284
-0.310429498101684 -0.252291999197285 -0.116013512791493 -0.212220561851678
0.0383004296240377 -0.404135382487913 0.0142057424596739 -0.423885309343706
0.265640879830496 -0.289255346664902 0.417164155815302 -0.490462304250652
0.308230561751873 -0.32497997124644 -0.0206752749598557 -0.312590045506224
0.0492684564701341 -0.395054054213288 -0.0154341995129204 -0.0987935223321649
-0.230369515271934 -0.279837209249974 0.00340462365197653 -0.0871967759194719
-0.316128411130624 0.0873447302506925 0.0486975063378565 -0.0610769689753987
-0.161742726975641 0.309654561916688 0.0375827512782005 -0.128013025541589
0.0591312290323237 0.336927113563291 -0.0199425534912391 -0.192714512901148
0.212031344655323 0.238419902798657 -0.0963087432798588 -0.217269450766607
0.271951406632919 0.20583937060883 -0.125841179293556 -0.186550972754638
0.255691155359629 0.237103790078315 -0.107961060673707 -0.161294409826379
0.138836822928327 0.413855563964952 -0.053415151012333 -0.139793936890884
-0.152015809967293 0.455600446881174 -0.00729301774590793 -0.0916794930554818
-0.441951028881341 0.23223784174098 -0.0817292801042505 0.00602941226551596
-0.494936951704819 -0.31132960375596 -0.165089354979688 -0.173727357347284
-0.0415708046967247 -0.606709384189709 -0.0134883141100473 -0.363046538138217
0.32906374475375 -0.503171253503639 0.320049065944981 -0.362262633591817
0.362255845298486 -0.447528564768766 -0.150400626040208 -0.175456593780025
0.0150569598675468 -0.522631316303865 -0.0088219020486915 0.00629853687585431
-0.328658352239186 -0.347196392537821 0.0164467002608609 -0.0677229399659378
-0.413083369101793 0.114199984105522 0.0229646787721614 -0.0676244579427798
-0.212979268660913 0.389078444809671 -0.0133971817079435 -0.0545675366087767
0.0570095392374365 0.425988598221184 0.00739941902322459 -0.0677374735728672
0.240865521917685 0.308808402666016 -0.005452703770992 -0.108669715227434
0.304618027106969 0.261812215966342 -0.017874231807557 -0.0904376196977891
0.281397348069707 0.291854211523504 -0.00254656797656142 -0.0499295411118358
0.155112124174584 0.482125811770195 0.00946412923148929 -0.00705863082490574
-0.168371063546138 0.530464314956306 -0.0196713489540496 0.0289671988116563
-0.492493166255 0.293171707742407 -0.126457332687731 0.07548299974106
-0.592835193696271 -0.306204436784162 -0.193070002332054 -0.101426105952108
-0.115579924360004 -0.695952006655061 -0.0326029868210051 -0.251536266546921
0.330395582983363 -0.623318989228993 0.201520180905061 -0.18270888873722
0.361328754909293 -0.511256211332388 -0.294933069841033 0.00942315346868649
-0.0308681941691218 -0.591042353108123 -0.0105198127455646 0.154344716043922
-0.396676018124239 -0.369551041389922 0.0321499148861401 -0.019257531890383
-0.457298839087932 0.135517815356416 -0.00913711057618721 -0.0547093775976266
-0.231578786287829 0.416186108556159 -0.0690065114926635 0.0404481055844971
0.0517866723105626 0.450424291122652 0.033217421549157 0.0812479721288758
0.239048297081119 0.332863497357672 0.0884633193872515 0.02203384474575
0.290757718690154 0.277575626030845 0.0926109463090551 0.0201024403308576
0.261219315114153 0.302774204704816 0.103771619234668 0.0649402011586621
0.141899717985931 0.473338839482869 0.0772705836998265 0.122251624593561
-0.162810489171501 0.505498995257472 -0.0201092781242005 0.148178213721012
-0.449889029445979 0.284772047625581 -0.15143222580045 0.136444442009826
-0.55936759913707 -0.251503883021207 -0.190168338431736 -0.0200072286618664
-0.149912263842039 -0.650012243211008 -0.0351743983206676 -0.121226669904305
0.27674413178184 -0.625853816228165 0.0856608324996926 0.0150664362099387
0.296849847430188 -0.494667857815996 -0.426586518653651 0.214775221539479
-0.0715988732965176 -0.550712385871156 -0.0163405234661509 0.311219282470108
-0.385865086096992 -0.315540380591154 0.046412852206552 0.0452668514267342
-0.406344341692713 0.129866681818451 -0.043435254253376 -0.0253493678855906
-0.202921872927345 0.362378955093642 -0.116150852330069 0.138593670316559
0.0390970201547323 0.394197898417659 0.0564915162287263 0.224867009851333
0.196881153591001 0.298694501598783 0.170873581862938 0.153011221861204
0.231327358355237 0.250873089434451 0.188946586532198 0.127589002916368
0.197778863898521 0.270254258808574 0.191466989963331 0.165680465034557
0.0983908321896359 0.387787714671032 0.130543193117279 0.22488326889006
-0.141290688394572 0.389946781549396 -0.0184623534474535 0.235352223718305
-0.333611894894962 0.202828189077929 -0.158770584293306 0.164809467438913
-0.409367164083308 -0.17244867313464 -0.162122025197956 0.0405528535951498
-0.137604793989857 -0.493963623874334 -0.0250352156522377 -0.0111738983660715
0.186592962569782 -0.522255418453595 -0.00894641514348324 0.186120362046516
0.177871516569559 -0.385756409847304 -0.512726260739067 0.399764881367137
-0.095507369857904 -0.393839290542823 -0.0245680307329592 0.438470267609752
-0.283171832472117 -0.191705535435402 0.0590348805154639 0.109100783271742
-0.26248103433228 0.0924675737654284 -0.0628004465066255 0.00744719521786002
-0.134916782130842 0.23356072438802 -0.140476479848609 0.208191248864146
0.0185941313085303 0.263231200457779 0.0717718447844038 0.328146901007721
0.122338296260354 0.21473002567446 0.229822830940464 0.25933725111749
0.136705218048341 0.186622206200842 0.256023657141788 0.215258364832269
0.110786538963759 0.199576426243256 0.245564094626803 0.241534080632859
0.0408841025110495 0.251314431385451 0.153085307509151 0.289398264088209
-0.107483638830095 0.219626355493523 -0.0237709908951901 0.27643685925526
-0.183702364517459 0.0924264110401066 -0.152034664231505 0.15300525438545
-0.211728923671755 -0.0825005824002711 -0.121936825554145 0.0698063716770294
-0.104028895169084 -0.284862369752011 -0.0140439786975917 0.0599420882653216
0.0754247533065461 -0.352781797465935 -0.0722500942998874 0.303648497069685
0.0261308043765059 -0.202331589664754 -0.53735105393075 0.529294179699847
-0.0959357489639664 -0.159946816678792 -0.026066089455611 0.512086648462524
-0.120777856155653 -0.0305822683927689 0.084307204130819 0.160366201549525
-0.0680743580618995 0.033093228352981 -0.0528940115401529 0.0276460426160131
-0.0474058402578577 0.0628505826616464 -0.140666105468625 0.227746806196766
-0.011557436164068 0.0906269044999364 0.07429966939667 0.370915027736424
0.0231905374880434 0.0974325727259942 0.253267201427132 0.321543959561655
0.0215801515334617 0.0956834567835488 0.285188290950341 0.268262100831877
0.0137399234578907 0.102458013484723 0.25852858151599 0.283792546530499
-0.00956424345843595 0.0913205556695908 0.145327930368344 0.315045091587509
-0.0560946529026048 0.0474411676132461 -0.0324840452980365 0.277024644801451
-0.0352097941490919 0.00198743700624505 -0.13333652192342 0.118978463558809
-0.0378698763881816 0.0141403423044152 -0.0820717053684829 0.0791065051380153
-0.0842462626638151 -0.0745002553566979 -0.0100285162470256 0.0975938797665225
-0.0440366725820303 -0.15855551607962 -0.104452876564806 0.359755878277474
0.109583520237147 -0.0101014502978791 0.1272350112295 -0.40272791078427
0.0640416903973156 -0.103179786136553 -0.0419790617602691 -0.162304540794349
-0.0577352197295943 -0.0984938191796138 0.0244275568503679 -0.0574194067836793
-0.0919112068400195 0.0406193289018455 0.0976674656250318 -0.0551654329607967
-0.021147508346289 0.0915425337854067 0.0769175964539486 -0.218215602220092
0.0447182893777738 0.0662264020118657 -0.0882656682082887 -0.31062493758256
0.0725017054723322 0.0167382527623677 -0.21831799155198 -0.297888469294614
0.0885431370648998 0.00509457134811264 -0.257536776500796 -0.268007179374785
0.084713714917195 0.0188679142015391 -0.229774382267456 -0.286708118152045
0.0511562880861889 0.0927331217505118 -0.105678970944115 -0.304059322901204
-0.0252766220669554 0.120152214267243 0.0512579320773846 -0.229783920126316
-0.119911537287757 0.0466637363531279 0.0357508529841922 -0.0705632469450251
-0.0918621280957271 -0.12441501140773 -0.0658184440464408 -0.196671706579033
0.0855014151067175 -0.127017908700642 0.030169755028158 -0.40399309299186
0.141968077076795 -0.0275078077409044 0.454193269072332 -0.5129101067387
0.208642622778087 -0.165232421249828 0.0747885611884505 -0.372974503357748
0.0611747167582627 -0.23826318283718 -0.0238942805057256 -0.147579267203754
-0.135374951823252 -0.182628434960692 0.00243199786822959 -0.0765917486570592
-0.194509918951889 0.0621769154569281 0.0676477952945159 -0.050149841218822
-0.0868274980807833 0.19837757879307 0.0653976139274965 -0.17024024545762
0.0564002886954 0.20022245820213 -0.0497799789291935 -0.263220338001618
0.146897417312746 0.126976126383737 -0.164941910593391 -0.271550978350494
0.186641238806471 0.107048015787294 -0.204016491511622 -0.240971100531006
0.175645383670525 0.133773361977738 -0.181063037648311 -0.237226021268176
0.0958872042915168 0.26231079141746 -0.0891752101031278 -0.237129618793629
-0.0961761294402138 0.293397343022158 0.0183319332191863 -0.17462132392292
-0.293868618430721 0.132233922297884 -0.0209725051919652 -0.0423375329257403
-0.295624821030106 -0.239965575638929 -0.112328174436174 -0.199340856382452
0.0376404503696681 -0.384700891860255 0.0150447466026445 -0.39836896335244
0.25557374311556 -0.275069044952421 0.399159867751842 -0.463033549618848
0.291774579591099 -0.307430911387358 -0.0160790022632618 -0.295838245673405
0.0487091227622182 -0.37297931692987 -0.00855182205247663 -0.0960882046925373
-0.218135202362135 -0.264580996839114 0.000708610760853442 -0.0844599069771011
-0.298560417678493 0.0821774226876788 0.0412360057015298 -0.0597557680655376
-0.151214324614444 0.29320770946406 0.0327460723775405 -0.116366531170514
0.0587040165192365 0.318282130219703 -0.0187533035761294 -0.180104683151127
0.200371251699498 0.224982666076304 -0.0924383255180632 -0.204271494970176
0.256701963438894 0.192438162939335 -0.119869443879744 -0.176828475835395
0.239327127361425 0.224052816704445 -0.099568436059712 -0.152904115912873
0.132604622161525 0.391385749349888 -0.047330759420986 -0.132369384418119
-0.14051091522647 0.43299228895583 -0.00728633287005576 -0.0839102787011925
-0.418384061981103 0.219403755153315 -0.07524143438001 0.0095165187264096
-0.470301121871406 -0.296481817871261 -0.157250029163463 -0.1623546914671
-0.0370520796993683 -0.576788814933971 -0.0112543638129118 -0.341901875924451
0.315786318777521 -0.477104870508747 0.305045717615482 -0.342432887362371
0.343344117359396 -0.422777847445794 -0.140456244173536 -0.167150136130848
0.017359930044341 -0.494108910630514 -0.00211732976028036 0.00341429775851058
-0.312220964411099 -0.330206435496864 0.0131917852408041 -0.0655836778214761
-0.390936215085759 0.108259446093321 0.0157205088103376 -0.0670178362999997
-0.200208154816551 0.369841113723642 -0.0153123538530541 -0.0462776879149805
0.0561028312966158 0.403150398307861 0.00808969189892516 -0.0615438793393613
0.228339630090928 0.292895381126992 -0.00701162612100843 -0.101919257250905
0.287673376637162 0.246407342699706 -0.0176696490723673 -0.0860627056262244
0.264376597345706 0.276314872075656 6.93850189464074E-06 -0.0486351944567439
0.149093160188343 0.456984504076755 0.0122914081464428 -0.00698422620779004
-0.156728544650784 0.504067175108496 -0.0189188844422349 0.0313714980145844
-0.466208436554604 0.277833756440226 -0.116159971623911 0.0749495360088014
-0.560226309154888 -0.290428415115019 -0.182114618011526 -0.0939482891645852
-0.108106631313425 -0.661047165389477 -0.0307575813205816 -0.236504389809403
0.317397659608444 -0.591771022799836 0.19096706030814 -0.171681864997689
0.343838027797767 -0.481925770659942 -0.278547706416954 0.00737880795714409
-0.0265169481161564 -0.55909741283 -0.00404246068014455 0.143724157940031
-0.376635913506455 -0.349530742012895 0.0306668082370297 -0.0188196815270721
-0.432495343506189 0.126684361307838 -0.0144242710117608 -0.0561027065004529
-0.217037049045992 0.394828991098745 -0.0676241160933621 0.0435567253179277
0.0501067710292202 0.425834118419401 0.032800065560768 0.0788364101968949
0.226653249561294 0.313907635863564 0.0806862712548755 0.0215327316500457
0.274202618567805 0.262545072200215 0.0871974781831577 0.0184523217474021
0.245556064914903 0.287958308116582 0.100460550961311 0.059574786240982
0.136234707253333 0.446695885968239 0.0770112373473248 0.114958927192033
-0.151624584226488 0.481056234637428 -0.0176861669341364 0.143635482841437
-0.425426470035504 0.268961529113687 -0.139560290844934 0.133137267139302
-0.527537896084824 -0.238512883983521 -0.177210849229658 -0.0176100517121808
-0.141392457571817 -0.617727441154113 -0.0341967058544888 -0.113739790232306
0.266439556702657 -0.594602799824694 0.0804100825818967 0.0146410024060543
0.282445153510409 -0.465006258208081 -0.403718873507806 0.20173940111652
-0.0658250201217688 -0.519238473038938 -0.0113136177187938 0.29314941153716
-0.366353274476843 -0.296729860349647 0.0453868647503406 0.0422294979411741
-0.384452594812369 0.122566549658298 -0.0457195375594532 -0.028752854064024
-0.190387346116278 0.343741512969736 -0.111689185103675 0.135932789593612
0.0384947597231108 0.372723580904534 0.0545360225625323 0.213792597622628
0.18728610788441 0.282867434849758 0.159034238528627 0.14504638649016
0.21847552375959 0.236879011548071 0.178350015790214 0.120483633046711
0.187709747911249 0.256307512347226 0.1828088398117 0.155694929020386
0.0938475686388816 0.365730540714588 0.127159699641566 0.211503183653318
-0.131100584668632 0.368928568430926 -0.0153039015265655 0.225532474123961
-0.315966360669194 0.191249659141921 -0.14653046961217 0.159731296593617
-0.38530785490031 -0.163310211195151 -0.149579080329299 0.0389680290068227
-0.12972989419957 -0.467816574434591 -0.0255816778773652 -0.00941204704730284
0.179465237919281 -0.492996586917405 -0.00990771351767023 0.175476599121997
0.169010062060489 -0.362124770017089 -0.488626127310438 0.377506878706279
-0.0895806775037083 -0.371209723024832 -0.0221179720937091 0.414286911580179
-0.268387512107741 -0.179661203750679 0.0588434683583387 0.103032276767834
-0.247820178726248 0.0863679048183287 -0.0626669378561499 0.00314573257117561
-0.126981601564735 0.221623830840803 -0.134683219681771 0.200047069673973
0.016971912025123 0.249463704411634 0.0686260394168451 0.311660004824909
0.116207626099423 0.20387452478692 0.214726639990427 0.24520078288641
0.12870359900685 0.177514747793422 0.242319038109293 0.203003564185849
0.105052794395005 0.189432707405114 0.232705666181636 0.226547838066087
0.0389686931058832 0.236330906361974 0.147945793814257 0.271887141924633
-0.100587866138331 0.207775019483066 -0.0190075124980296 0.262672440745829
-0.172582751722797 0.0861016056882541 -0.140276647375618 0.147704359844042
-0.197207217620889 -0.0775608426477988 -0.110465077898747 0.0666276280632564
-0.0982745731416149 -0.267224559783222 -0.0158200186468926 0.0573935643426307
0.0720585703484415 -0.330571973135954 -0.0703891009257182 0.28593199048989
0.0244649684333963 -0.189003806504266 -0.513592285554062 0.500014220411414
-0.0901504873153495 -0.149162178257501 -0.0250398368108278 0.484670106374598
-0.113986343568818 -0.0282159604798631 0.0828295134109375 0.151412027625157
-0.0648110334193823 0.0302756162534226 -0.0515703496685812 0.0236909496132568
-0.0451469831150281 0.0596902975743515 -0.134298832507296 0.217272257442159
-0.0121693136089746 0.085272126553688 0.0704293484125696 0.353011426692415
0.022139920072835 0.0931957673577003 0.237060932918619 0.303680871673605
0.019895784550611 0.0915888405309225 0.270594029046688 0.253004653157695
0.0130579399360184 0.0971675327065631 0.24453236811668 0.266864360310618
-0.00940058857879718 0.0846546468871212 0.139623840616113 0.294860810892545
-0.0537096447536756 0.0440415828499605 -0.0267110481827098 0.261646599437066
-0.0319263961392863 0.000108337207559438 -0.123122961868101 0.114273985200705
-0.0326728991570193 0.0138698417997035 -0.0726793155373482 0.0756986894956545
-0.0799608835586757 -0.0669297912364967 -0.0134074384632396 0.0930941487008767
-0.0417099509050776 -0.147276243196053 -0.10124801465448 0.338733694385672
0.107519263562844 -0.00885685683099428 0.138286560459533 -0.388399807198521
0.0635639900508492 -0.100408319422821 -0.0328571406114767 -0.16083378031385
-0.0563755886274339 -0.0976858070853032 0.0223168500803289 -0.0571660699606997
-0.0905182934902048 0.038606428955028 0.0944042826989279 -0.0522143402695684
-0.021941287605293 0.0895973123977662 0.0775857188542721 -0.209006893054364
0.0435256572239966 0.0653158131696779 -0.0795571826848179 -0.303330352113702
0.0699345607336178 0.0176982419839783 -0.204184545878855 -0.294081183845443
0.0852422027367974 0.00548643132098696 -0.243513327405884 -0.267285089430819
0.0808000580165416 0.0197388067970758 -0.214853285119367 -0.285047289176452
0.0489851294060478 0.0923592407308712 -0.0938393408551191 -0.298613478352807
-0.0261003251921424 0.116731407853481 0.0554443236456642 -0.221045852567161
-0.118453850794453 0.0429434080508074 0.0368570895887728 -0.0657788576694087
-0.0874714055793845 -0.124303720316787 -0.0632369668764686 -0.190541511979581
0.0878847370012943 -0.123662712202269 0.0417010110195383 -0.389316362702547
0.141232568064282 -0.0237296505095772 0.456590087065343 -0.486833879988771
0.208204299475921 -0.155435790936424 0.0862088105778088 -0.361281953218846
0.0659691937779016 -0.231276082057467 -0.0147920793823171 -0.146677381504558
-0.128173201394353 -0.180946914242361 0.00130376381087837 -0.0764770011855873
-0.190733039146902 0.0563875887166714 0.0632193671767949 -0.0473754526120789
-0.0879461227729552 0.19171159559016 0.0658389166006582 -0.16063951220496
0.0514755586032227 0.195714722929209 -0.0423053057042317 -0.255453859918037
0.139743573676834 0.126658736115676 -0.153711222109122 -0.26703457437828
0.178764672902452 0.107364335004291 -0.192392821393582 -0.240030794312973
0.165964452531195 0.133604569986533 -0.168189927711521 -0.236527344278882
0.0877207573426279 0.258494885497162 -0.0792913100552084 -0.232337897631853
-0.0984937991490432 0.284087150747782 0.0218340751337117 -0.167384115697326
-0.288669580495369 0.122440192599169 -0.0185748574321814 -0.0392356797431895
-0.281277500433205 -0.241770552199897 -0.106653262172561 -0.194806911252034
0.0477520999131183 -0.376245140433275 0.0262115303721622 -0.386017363917157
0.258491177419255 -0.26154129888113 0.402727734186134 -0.439569159001046
0.293409939282031 -0.290903192866154 -0.00473614955236742 -0.289299640673773
0.058868156128983 -0.362013543740453 0.000185982026624929 -0.097132612437992
-0.206669174410254 -0.263157676170248 0.00025996097050048 -0.0842880352543855
-0.291525913581629 0.0722927661196296 0.0362900971101333 -0.0581649108006887
-0.152359699907086 0.282666032435066 0.0322457140699759 -0.107765621792739
0.0500410432664025 0.310243786676717 -0.0136161719919502 -0.17349317811188
0.189808416493471 0.223387288453607 -0.0857684212910482 -0.19928296194803
0.244001982845219 0.192473433466912 -0.112331904806307 -0.175852127093432
0.225926706156945 0.224003931815655 -0.0908476894924955 -0.152494426296411
0.120885774119274 0.383634174372591 -0.0407576069715183 -0.129971117697338
-0.14416130408925 0.418814075074435 -0.0051417358141092 -0.0785543309416318
-0.412519366884083 0.203510208674823 -0.0711634976741879 0.010763487442642
-0.449478201968009 -0.300852741601811 -0.149895261113549 -0.160148341934311
-0.0196118475600445 -0.566050770656086 -0.00237947933043408 -0.330360584672816
0.324819764070077 -0.457797978033696 0.305875914684841 -0.323834345422878
0.34533336856211 -0.400898902263896 -0.130304245975109 -0.167949285287477
0.0324490686780713 -0.479541713085666 0.00426506014089523 -0.000229288080253366
-0.295326244201283 -0.329435626701838 0.01326643283801 -0.0653996237856276
-0.382312004642013 0.0942910519075385 0.0113094830508363 -0.0665780694686047
-0.202197416167245 0.355569610216593 -0.0158506796660556 -0.0401922350294435
0.0467748566153269 0.392261019444579 0.00982298115355759 -0.0580337164204493
0.216945142956646 0.290034761589302 -0.00634460509610949 -0.0986356388151691
0.274016302949229 0.246139332225051 -0.0154942168440321 -0.0849845192146416
0.248502858877626 0.276165172563188 0.00403144457032745 -0.0488137154175078
0.136389918094729 0.448366019895101 0.0151510963072428 -0.00755716174534746
-0.163469742991915 0.488801924655636 -0.0181986766999756 0.0335917142088665
-0.459109817904093 0.257733713316955 -0.111981377368195 0.0741139456562679
-0.538700545500823 -0.297721210905817 -0.173964628121575 -0.0942903976351485
-0.0875943481110334 -0.648805637381185 -0.0241784596569514 -0.229266898356387
0.327344479140726 -0.570154769974659 0.191389269956908 -0.162249966102115
0.348287472501536 -0.458555925304098 -0.271259901962191 -0.00171188855261853
-0.00843001965619983 -0.542473084576162 -0.00172702422324998 0.136766483918303
-0.357630202506542 -0.349050795826632 0.030628707558817 -0.0193875865226837
-0.42466761460152 0.111756899113773 -0.018504878257768 -0.0580204397526365
-0.219871190784724 0.378757641297625 -0.0688625023794001 0.045844263847315
0.0403528076121119 0.415053664887313 0.030697903514507 0.0788620554044504
0.213315483313386 0.312035257991031 0.07536046504012 0.0237089403062254
0.259554868123803 0.261820183753902 0.083358412447982 0.0198345100765679
0.232060570527601 0.286142282367337 0.0986842136616209 0.0592390194095169
0.123382806945218 0.437704192819772 0.076379687148263 0.112210933177281
-0.157327866173764 0.467028121530867 -0.0193446484401694 0.142908939657744
-0.42000524808502 0.250415227491188 -0.135272288833404 0.129880729178489
-0.507714992037575 -0.2461225424222 -0.169846917645919 -0.0204857612871546
-0.123317124357311 -0.605639067071728 -0.0312149502765037 -0.110243701320324
0.277798280942149 -0.571725071596152 0.0772656181179075 0.0153020416605638
0.289083784866101 -0.442587558418976 -0.400057119777687 0.183980561960781
-0.0485727599443157 -0.505651053001916 -0.0146475335201528 0.28287717315995
-0.346964199761001 -0.297144575833038 0.0445949973496229 0.0410435809381896
-0.377543261812377 0.108202028228292 -0.0489009204290029 -0.0323959647729387
-0.194004792405069 0.331555181914898 -0.112614196793113 0.134364485635199
0.0278757439619266 0.363177301983719 0.0491118370245768 0.210990156688634
0.176002067408363 0.280593752746398 0.148403176611996 0.146104436684585
0.205961267269601 0.23624861718227 0.170169971811112 0.121815756418773
0.175644930511109 0.255620790285477 0.175933711242555 0.153777567771677
0.0832639941416169 0.358672554630805 0.122131643517032 0.207284891843235
-0.135966800648871 0.356672756666138 -0.0180336746316412 0.22189581654257
-0.310465589672396 0.176260267486046 -0.141883324938201 0.155133759496626
-0.367700973624074 -0.169679476407133 -0.143283360862801 0.0349608574355492
-0.11335635263825 -0.458836692271044 -0.0271053246116857 -0.00865290875393952
0.189246866002332 -0.476099503233874 -0.0154875635321071 0.169848251923296
0.174821311482786 -0.34529087257698 -0.490079733704868 0.354065060984733
-0.0757144268715484 -0.360533718058973 -0.0300334366298431 0.400751113463703
-0.255879704031722 -0.180074010552219 0.0570161361533366 0.101441509404558
-0.242810616278605 0.0772513109721251 -0.0642753643824492 -0.00190830382657904
-0.127901047396329 0.212575976971531 -0.137422191204295 0.194338932928495
0.0106928033022364 0.242872554468747 0.0600291535582241 0.306131363788203
0.10872644592056 0.201864888484728 0.199703284427407 0.243740145279889
0.120257173074054 0.17695330975707 0.231194397568383 0.203269427407049
0.0974946947441652 0.188039131920634 0.221892075435555 0.224883780828375
0.0321497680423736 0.23051941858065 0.139940852809908 0.265369548425488
-0.102953671774725 0.199937011762666 -0.0210059775657909 0.256097619818899
-0.168431960491323 0.0775753136298751 -0.136299013948307 0.142492748416876
-0.186429945692057 -0.0802190704866322 -0.105367798600541 0.0619557066127011
-0.0890967023702288 -0.260448604933151 -0.0200824212712549 0.056731586057595
0.079099450965175 -0.318573824804917 -0.0774058818400747 0.274892895201175
0.0289984815416265 -0.181774554966364 -0.51829996612818 0.474322853985834
-0.0839404165335832 -0.145579123152374 -0.0365418504112518 0.471641475844481
-0.109285618793555 -0.0293313512433764 0.079511023928553 0.148153328430466
-0.0636400640733432 0.02689641125199 -0.051676540636614 0.0179721543289803
-0.0453111354529389 0.0567813064032232 -0.136624709280086 0.209406513655656
-0.0142198597562992 0.0835403867762202 0.0593807126570489 0.345494307954733
0.0184334368944127 0.0919384425355948 0.219656745050973 0.301364240445021
0.0166528482255575 0.091369128495644 0.256091094466878 0.253904392060419
0.0111220934684776 0.0950653194812549 0.231346660292622 0.263859708859916
-0.0121901404104707 0.0811992789146255 0.131354359246191 0.287999255937254
-0.0545934926750877 0.0409700430319227 -0.0290034348074307 0.252977452457587
-0.0304877215514176 -0.00277301544920258 -0.119256313850605 0.110014159477786
-0.0285588798582401 0.0127298545660207 -0.06884854828788 0.0719301646560842
-0.075471914230179 -0.0640058000585678 -0.0184050344550106 0.0911981856753923
-0.0374077494542957 -0.141598737830413 -0.108806028289317 0.324453815613497
0.109793141440722 -0.00696943139391309 0.153904427379908 -0.388898022553938
0.0663008320332492 -0.101491405768986 -0.0253331676271987 -0.164752117995158
-0.0568085359666935 -0.101158568817072 0.0207335135050718 -0.0592210583799852
-0.0928115311295993 0.037723674025495 0.094310232531122 -0.0503752293664201
-0.0237107738780351 0.0915866433545869 0.0811613164401797 -0.206257238614125
0.0433924266831165 0.0659715200097485 -0.0735591691531769 -0.306579443650484
0.0706128088012576 0.0184969430454993 -0.196815068114255 -0.301272045964893
0.0852800063092215 0.00696259760387441 -0.238403943785369 -0.278186318840809
0.0799685340253092 0.0216248746741279 -0.208377975687302 -0.293915944170272
0.0481676005104974 0.0956712622343531 -0.085269306321572 -0.304236491507677
-0.0271372892445143 0.118178504940839 0.0621282050827702 -0.221007250083161
-0.120508667500431 0.041132430507805 0.0393993787650443 -0.0633409492829895
-0.0869364526062423 -0.128740028271445 -0.0617607123360492 -0.191606871186742
0.0928836691288324 -0.125346701493687 0.0532552928920812 -0.390858185001666
0.145528821006752 -0.0213500318173151 0.479399282682962 -0.478441598077964
0.215800132543746 -0.152009539096361 0.0994942694503507 -0.363399063087801
0.0729297226921506 -0.232858058404089 -0.00598581801880499 -0.151109867834745
-0.126640027199086 -0.186976920975056 -0.000107477715288643 -0.078912193471222
-0.193618240479064 0.0524393458363654 0.0613293036385614 -0.0464995912844036
-0.0925059833164459 0.192412098348144 0.0679823267092594 -0.156894299131043
0.0483182340518675 0.198167255073222 -0.0363038896282359 -0.257819461932031
0.138534700492471 0.130971163538808 -0.148222556013908 -0.272543246704222
0.177099070027665 0.112117121593097 -0.187839144503449 -0.247864007763569
0.162873416006023 0.139965487180495 -0.160973809477987 -0.244911453120735
0.0834889341679893 0.264036484122702 -0.0715099121048001 -0.237517186952751
-0.104509553861253 0.285881645243521 0.0263386303016849 -0.165828872485077
-0.295103783085404 0.115145412666356 -0.01603016560081 -0.036952740759825
-0.280796343874371 -0.252377471260086 -0.105433645195286 -0.197793499875435
0.0600772040025163 -0.381883893395138 0.0378582097739647 -0.386908996656702
0.272067148215155 -0.259093146341574 0.420866811926182 -0.432312810607674
0.306555683900944 -0.285704493297351 0.00520215387357096 -0.293835820908532
0.0703114871137868 -0.363686103591167 0.00865755004623369 -0.101730680137822
-0.202730762866606 -0.271591399385417 0.000228938422762914 -0.0865058603764268
-0.295619117549056 0.0651699473557734 0.0323730181511397 -0.0594019363583634
-0.160650347474827 0.28356581431415 0.0334579940262853 -0.103258946960677
0.0436585186668796 0.314664422171136 -0.00869537631450028 -0.173684810540118
0.186970044015889 0.231007627419839 -0.0820227948686795 -0.203482745693462
0.241336163686458 0.199791946492467 -0.108181877093029 -0.180961102446111
0.2215586487444 0.233076991791122 -0.0848993947203593 -0.158360650003735
0.114301799211146 0.392094502954366 -0.0351013200053267 -0.132745855743033
-0.15458861461847 0.421223379708376 -0.0027920417893553 -0.0759999670630012
-0.421464759628566 0.194610112308824 -0.0698931052401995 0.0126159749427114
-0.44693607110701 -0.316052189756255 -0.148298428624263 -0.164532123359484
-0.0041959971808548 -0.575905390976136 0.00761260598423699 -0.331979212786366
0.344038129237505 -0.455580452259803 0.32115086281223 -0.321174154249846
0.361996323910253 -0.395139399436976 -0.125768218310318 -0.174591547404261
0.0468717800306053 -0.483980815927841 0.0104816974458743 -0.00406207140316479
-0.289714545813647 -0.339609816136528 0.0141015864091765 -0.0680086174059545
-0.387997428784903 0.0840329230474444 0.00669023916702375 -0.0693412184492284
-0.211400185881838 0.354128302105778 -0.0165953430433857 -0.0354533947613839
0.0371538033598502 0.397630109179978 0.0124387596079545 -0.0564399592341835
0.212099339477727 0.299979363800739 -0.00531484002105255 -0.0987282764081691
0.268889226104998 0.254360957824391 -0.0132263861900521 -0.0868020050558903
0.244363025823599 0.287539673976476 0.00776709740158804 -0.0512801860339893
0.12847504875122 0.458091265386235 0.0190728241228233 -0.00828991561400376
-0.174479746298491 0.492736404351078 -0.0183246952731925 0.0369222351486601
-0.47004354909 0.248032486661444 -0.111363014648951 0.0758780109742429
-0.53723367630409 -0.316385858018734 -0.173331050042202 -0.0982820318561122
-0.0712863935753336 -0.660270197169415 -0.0184290259929779 -0.230564002192696
0.350566396254799 -0.56788885470916 0.19820017010906 -0.160140956694325
0.365688837430677 -0.451445193779534 -0.274217073490489 -0.0107711487516854
0.00850867236375428 -0.547943068365923 0.000443194511829719 0.134383684576375
-0.351850844516108 -0.361541967799815 0.0314923936577411 -0.0205583600063253
-0.431273345470294 0.101618883449359 -0.0232280082028429 -0.0620937204146638
-0.230928254325683 0.377734636126226 -0.0725381242906477 0.0497348325425819
0.0304860287754061 0.421901639874315 0.0302890177651423 0.0826019412447663
0.208325032604013 0.321476062911328 0.0731031861004688 0.0269806096433332
0.255811415736602 0.271418654494001 0.0843973880109743 0.0222091760081557
0.225062708149558 0.297023868763814 0.10018472858605 0.0605642417477309
0.116089384160153 0.447205396751413 0.0770689065626307 0.11393173438079
-0.168934175627816 0.469217195745848 -0.021164942481701 0.147601279222979
-0.42958975111228 0.240070036091629 -0.135783827152435 0.131412214978515
-0.506360003705581 -0.262998726748485 -0.169590561436014 -0.0242151801813181
-0.105583710714598 -0.617319947132822 -0.0304796061809242 -0.11015134215877
0.299758804688585 -0.571359739934316 0.0771819291584523 0.0158789288102965
0.305713347548042 -0.438483898355954 -0.411366220187492 0.17407487727352
-0.0332336215260073 -0.51030268757054 -0.0182781650433879 0.283054455504546
-0.341237552990348 -0.310081924605391 0.0453609146366987 0.0413574228374728
-0.383710231843027 0.0983696765758351 -0.0536882457618907 -0.0376002429188086
-0.203800160709887 0.329006992239571 -0.11948088766504 0.136809934926701
0.0208353055032331 0.368504007145088 0.0445021451627221 0.215896492496313
0.170451443959013 0.288770387492554 0.142597349529268 0.152478360595785
0.201118288669641 0.244800741467597 0.169023411329894 0.127333740792772
0.170376153110565 0.264746292706712 0.175759541034567 0.158209396037489
0.0765149670608042 0.364224514553548 0.121364391692378 0.210156008895883
-0.145086657639525 0.359201378368899 -0.0206482463991739 0.225737879005076
-0.316644755081662 0.168752322652087 -0.143739854664999 0.155598132677351
-0.365400212294939 -0.180536197729141 -0.142629218439507 0.0325298218561796
-0.102977181553208 -0.466766895988869 -0.0292645777666196 -0.00751057201005961
0.206084295167684 -0.47426769877175 -0.0220026713257426 0.169825013750516
0.187592808754336 -0.342843146547036 -0.507592458669117 0.344064661589649
-0.0653145857228717 -0.364792423566027 -0.039398238122989 0.40281123927269
-0.251532876675871 -0.187004939690199 0.0575544448313148 0.102216410565718
-0.246944067081738 0.0700573575148722 -0.0680157214157408 -0.00652733948614522
-0.134748520093737 0.210795488146551 -0.144670042404038 0.195269877208695
0.00380307146648917 0.246471410304074 0.0534147298481493 0.312838433509561
0.103610962079369 0.207759796424684 0.192553319234714 0.252878598835157
0.116219837582197 0.182777159771668 0.228388832181591 0.212026234337116
0.0934540662929984 0.193539237620907 0.219313802451593 0.231117174418465
0.0268149841503202 0.233197325839288 0.137962468043767 0.269122146742006
-0.109220372873077 0.199874495937024 -0.0246027134422023 0.258366962815244
-0.171534103915557 0.0711487439429678 -0.137720776906825 0.142380927055256
-0.183103828213435 -0.0862051580701837 -0.104210233262877 0.060567955528714
-0.0823731776256741 -0.26326751231176 -0.0246682247617315 0.0581867768885273
0.089319724084064 -0.317067334782019 -0.0877066585396889 0.274116366770475
0.0348425439681889 -0.181383584341387 -0.539053748596373 0.466617661722402
-0.0801214921392327 -0.147214107058618 -0.0485197075269833 0.475503362512518
-0.108456606804507 -0.0308788247146435 0.0798415633470315 0.151153531226127
-0.0650890029527194 0.0243862741369275 -0.053446178911643 0.0144397702534443
-0.047086935442899 0.055788943773686 -0.144430109950743 0.209121198783257
-0.0174917574923166 0.0845012072011694 0.0505674997012898 0.352306963570228
0.0159235911600872 0.0945259021670304 0.211771274786418 0.311613678808373
0.0137071438990267 0.094232153368466 0.252121500546544 0.263713584827072
0.00861046264475982 0.0976379033198975 0.226778236310992 0.272401071533491
-0.015924683523403 0.0808100988992675 0.126909355239104 0.291262425487933
-0.0573153935378041 0.0398690733934561 -0.0316292289327412 0.253237686489003
-0.0301749523090126 -0.00648703707793869 -0.120792798753316 0.108648370507412
-0.0257740724738917 0.0125303744529233 -0.0669746469621272 0.0712655824744982
-0.0743221584502824 -0.0628537355262043 -0.0242396584059268 0.0927460399971052
-0.0341635598195988 -0.140813155003293 -0.121085776655087 0.323141990367955
0.115240721948599 -0.00776985138615475 0.163854526541361 -0.406837707760024
0.0678040103172494 -0.10719135635988 -0.0221590573418222 -0.174559699598082
-0.0624384037055725 -0.105736914023416 0.0182599040858499 -0.0638434936997915
-0.0968173587874688 0.0411880825817525 0.0959486922395323 -0.0528709815759155
-0.0236683495009338 0.0965890074322961 0.0825907164129708 -0.213104842294571
0.0463200572890645 0.0678534286963624 -0.0773140572572572 -0.318439923609367
0.0743385779792823 0.018766580864056 -0.204298895337998 -0.314672715765798
0.0883427764478078 0.00637814422950353 -0.2477308547732 -0.290841733579566
0.0820997558322633 0.0224356853885356 -0.215823170234885 -0.309033611472844
0.0522795437896268 0.100460324141856 -0.0871736508479779 -0.318427592086371
-0.0264641053661464 0.123903669817913 0.06617884148882 -0.228850084342381
-0.126324007379033 0.0438588636343187 0.0420975112681102 -0.0631015479072222
-0.0917742282364081 -0.13518176957884 -0.0672407434143578 -0.196920782971887
0.0981490817552406 -0.133314913306808 0.0583465372045177 -0.405216273692686
0.154041867661681 -0.0226145760572697 0.503188242659325 -0.496168155752602
0.226673194670416 -0.157689941085323 0.108423915082184 -0.379380180406695
0.0772128144491456 -0.244600989706236 -0.00126243254988501 -0.161055961759767
-0.133368483964795 -0.195261964913756 -0.00337182545264403 -0.0844487189856516
-0.202289775120718 0.0552372774509312 0.0593622128793001 -0.0488020835136838
-0.0957550156990773 0.201967386485799 0.0695706257097736 -0.159693306225823
0.0512542867909627 0.206196422060662 -0.0380271361724254 -0.267183755909326
0.145257826753078 0.136533413670201 -0.153676525787496 -0.283223886212618
0.183876456437092 0.115707173295153 -0.195112974111611 -0.260719597847044
0.168347635500117 0.146463695559391 -0.165539228475787 -0.2571108934019
0.0895616617675886 0.277151654371288 -0.0717080166239726 -0.248570678131263
-0.106877682238708 0.298830053479953 0.0283673271340555 -0.169601135406313
-0.307410565413329 0.12027992400899 -0.0146460354124761 -0.0353272838633323
-0.293563828544196 -0.265276949656621 -0.11122654547587 -0.204171412717867
0.0637489440188783 -0.402395548088825 0.0422567848491777 -0.401647519561823
0.288121074008628 -0.270819192104423 0.443627924601828 -0.450099863667709
0.320645963797079 -0.296307451788769 0.00900376798588904 -0.307802358811726
0.0762337571232698 -0.380519789378586 0.0151171978867925 -0.110825938358714
-0.211641178032344 -0.283110350071512 -0.00214572878770859 -0.0931941037103359
-0.308532728369809 0.066863137016181 0.029090157527156 -0.0620259806053959
-0.167141470162642 0.296662782534463 0.033845580887776 -0.102201057631436
0.0462817067694863 0.328769643440618 -0.00808103732897399 -0.179628371789461
0.195796274230474 0.24094343248862 -0.0861033556751077 -0.211351070957984
0.250329241050372 0.207518632699932 -0.112493510993977 -0.190406000651492
0.229076020327439 0.244722785905798 -0.0857038393468958 -0.16757796943712
0.120675500344603 0.410714730802216 -0.0329871882987036 -0.139616560264721
-0.158954480085225 0.441348722329707 -0.00196453048621381 -0.0753535948297152
-0.438857740074376 0.202200048740078 -0.0700624160062418 0.0167007293390426
-0.466579454755948 -0.33227147968956 -0.155714467223699 -0.169902469065844
-0.00234357640211195 -0.604161180972838 0.00899032974455705 -0.345254293431079
0.365309526570969 -0.476607167293954 0.337131294258183 -0.336033832396051
0.380941034554534 -0.410209715407945 -0.129203684673943 -0.183446330408188
0.052092176951461 -0.504396613825255 0.0171786992291548 -0.00965104251621485
-0.300263737100108 -0.355605222316685 0.0133292450657004 -0.0732032638237546
-0.404285328214253 0.0858635040208706 0.000977592621896204 -0.0733995053425276
-0.221055194413896 0.370087427230893 -0.0184967667312216 -0.0312621772948964
0.0399362832649462 0.416905680313913 0.0141792750752805 -0.0573825694114579
0.220710998725984 0.313922450214428 -0.0077307659665082 -0.10150978013797
0.279940464719363 0.265630940131152 -0.0134982482683136 -0.0914382349673752
0.253123036079346 0.302271615541168 0.0107805144282392 -0.0559696784438914
0.134889220957092 0.479409467343316 0.023519264323129 -0.00960916089723502
-0.180431056185463 0.515535664196048 -0.0172697161181403 0.0426618893034957
-0.491237525016032 0.257621308529776 -0.112464424086767 0.0826219744044602
-0.559385722693951 -0.331783296651434 -0.1802689893842 -0.101614927988164
-0.0732526275253745 -0.693745929799066 -0.0189483116691309 -0.239220843358292
0.371059104538231 -0.592654294246201 0.207387362979147 -0.169410775994711
0.384413970241863 -0.469121088988019 -0.286231064235688 -0.0127624050082744
0.0125044491285583 -0.571434740878822 0.00492979080764083 0.135545282426783
-0.363708601102999 -0.378313627640762 0.0328252211982812 -0.0234150605854881
-0.449195371106727 0.102986991523301 -0.029470880244452 -0.0669569119609367
-0.240223042388195 0.393790159888135 -0.0770801827594043 0.0572542889359123
0.0325152320402281 0.441302291187796 0.0327826880234334 0.088050944064962
0.217807750080472 0.336857992482807 0.0733575797358848 0.0298719944330266
0.265622071264521 0.283213340240733 0.0881790310461966 0.0227487721992251
0.234315274766942 0.312611257706364 0.10722496022583 0.0608262250040565
0.12164192781027 0.467771623599609 0.084552604601979 0.117292054106549
-0.174239041239753 0.491798117434375 -0.0202787616412612 0.156982336756501
-0.449002923754911 0.249689378100044 -0.136909804940936 0.140181401375905
-0.527195316433449 -0.274451852844804 -0.174320292340831 -0.0240920136600311
-0.109754963933625 -0.645620814583133 -0.0322533527574364 -0.113483675452817
0.316174330787008 -0.597122879928016 0.0799733668179871 0.0155804740614828
0.320583469483302 -0.454511613763532 -0.431328575117196 0.180846672464579
-0.0303237495669623 -0.532450845150795 -0.0167070864127284 0.29093096797621
-0.354003600111447 -0.323297202539264 0.048649679678957 0.0408094108952149
-0.401264725968809 0.10123556310008 -0.0604443393683894 -0.0416449866360992
-0.211617779286021 0.343243163221905 -0.125559899216217 0.146470444099175
0.0209930969624848 0.385983792084094 0.0477257115014048 0.227364789575166
0.17880173698261 0.30311739945243 0.145582808709142 0.160834400407831
0.209089213851284 0.256605433479047 0.176624181255514 0.132356517068681
0.177387557212471 0.277137158844762 0.184783097104187 0.163911313774687
0.0799976582345478 0.381030075237956 0.129920852750572 0.217925561919453
-0.150314275244505 0.375564412784371 -0.0187863136229712 0.237851471839465
-0.330499051848619 0.173223364395103 -0.145482288745894 0.165048011961818
-0.379313170624823 -0.189317478542086 -0.145697243338604 0.0343650000559607
-0.107163026343974 -0.485275578893692 -0.0323328894355317 -0.00612634986849893
0.218190005203437 -0.493503563259272 -0.0250018157184183 0.174943312191818
0.198590954913521 -0.35568854007237 -0.533994763607342 0.358299453573848
-0.065242445025547 -0.378668536159119 -0.0399986129145263 0.417576244767167
-0.259182369505154 -0.194777794552046 0.0619803618693507 0.104652941856203
-0.257557134340685 0.07208076722511 -0.0737464909848033 -0.0100341378612118
-0.140376300768218 0.219884623502233 -0.152148608254803 0.206323044897053
0.00315986771998029 0.258897604567735 0.0561024701882919 0.327965640340381
0.108659885969462 0.217902902762157 0.197453834003325 0.26573377757906
0.120676401424315 0.192582234676736 0.238236059255928 0.221518895727813
0.0973777935788319 0.203442371866381 0.229486291697005 0.240212337335357
0.0274402188778406 0.243304595815073 0.146340771781585 0.278657017187218
-0.114385955602223 0.208975798741547 -0.0227329025957151 0.270100601625418
-0.178257040132843 0.0716004731226475 -0.140214275137265 0.150274218164552
-0.18704086590445 -0.0905158364594284 -0.105442358356526 0.0635706981970203
-0.0855758961252147 -0.27238345266323 -0.0282120564482078 0.0627623570373797
0.0952849717533793 -0.328339656068332 -0.0948469627159966 0.283744744906281
0.0372895509774745 -0.187589196647687 -0.567826962475887 0.484867269754576
-0.0822775366805018 -0.150971327866522 -0.0527992502934004 0.494978179495573
-0.111308067582191 -0.0310621788096828 0.0856583982861915 0.155385665678526
-0.068133268920906 0.0242830438578443 -0.0568025851668203 0.0118600844135509
-0.049629701201325 0.0577200887984157 -0.152654130108049 0.217984084493932
-0.0191864081877498 0.089585161725673 0.0523757077442755 0.369709131639294
0.0161104369291145 0.100239933041249 0.219002423251766 0.326326294154963
0.0142833275151652 0.100497976188615 0.262669092457257 0.275914547783881
0.0088582951371787 0.102250965084391 0.236200934615768 0.283763003135267
-0.0182171060923027 0.0833303780962775 0.13378579139664 0.301328816968438
-0.0614462835795585 0.0416799916974499 -0.0301438901033635 0.261890015682257
-0.0308685225284086 -0.0087003109805768 -0.122741310175539 0.113974252744716
-0.0223508709850736 0.0126135035015202 -0.0658200653323392 0.0743092474106199
-0.0764892983878387 -0.0613140731518616 -0.0280823916364703 0.0983628646285898
-0.035488472997532 -0.143535295226296 -0.129045556437311 0.335183975431596
0.123848387788227 -0.0256333926258669 0.0990708098483089 -0.448886322675396
0.0551621124948811 -0.122928395202148 -0.0486926679983573 -0.177218896626619
-0.0842807805520763 -0.100153755394224 0.0114447472310017 -0.0675099698449962
-0.0944191652195377 0.0597148423178126 0.0903598666102923 -0.0744535055835079
-0.00634463383646671 0.106008955529049 0.0472731043584736 -0.237808305759268
0.0612082581884171 0.063559033527618 -0.136918234783975 -0.320614322826443
0.0811654362343709 0.00753319333751323 -0.272221273202169 -0.296573773459083
0.0947415308300514 -0.009225526701751 -0.302158840452619 -0.26249544530814
0.0890255640175523 0.00877941651122521 -0.273001724282415 -0.290318511508241
0.0739195246890437 0.0953760777903009 -0.139424070800124 -0.317541907648775
-0.00394727175241642 0.133085019278452 0.0365745835296417 -0.250015004336848
-0.123887807065465 0.0648918742158763 0.0375395304515144 -0.0696863395578449
-0.118301014376965 -0.123603740295417 -0.104580927549388 -0.188021489271862
0.0798598597338814 -0.151596240298722 -0.00469988971007396 -0.428997790321308
0.150705585693328 -0.0479193127366721 0.454311442846155 -0.594917442173902
0.215911942049386 -0.204082384871952 0.0463921746766739 -0.394164215603011
0.0460518383847915 -0.268076977429949 -0.0212928078532878 -0.161944095212506
-0.171894664731193 -0.182699333723067 -0.00832392598661448 -0.0827948235576536
-0.201893060509601 0.0883529907096354 0.0583095678249069 -0.0637305214176425
-0.0651249724645669 0.22538710176967 0.0469789963171967 -0.185137672977324
0.0869715157619245 0.207231376331759 -0.0882296962480061 -0.281100614187672
0.172334693319431 0.120216796921963 -0.214187710500026 -0.277253179887928
0.209677006902071 0.0908084066675312 -0.243677946614923 -0.240446306566826
0.197392982799334 0.124610640821931 -0.212284911969344 -0.245124493734028
0.138743763089706 0.270482024190423 -0.108427498833984 -0.248530324154936
-0.0590172778423806 0.325402331086883 0.00892637601854896 -0.183256069889179
-0.298929479175872 0.169015059932015 -0.0123586406210113 -0.0311169493881428
-0.344155464275219 -0.22333161405611 -0.151485613894366 -0.184210765210719
0.0047896660563698 -0.422124482458544 -0.0280126379054203 -0.423527401736001
0.251729069751783 -0.322536237468695 0.398396681646823 -0.538293523798871
0.292354272358779 -0.367795738976997 -0.0445245878129042 -0.286965407417546
0.0248586454639937 -0.411510185635113 0.00766475209404815 -0.107509383277031
-0.26538604525839 -0.263095790685908 -0.00157201330655459 -0.089751146148558
-0.309945189807537 0.114146977671268 0.0278577016289839 -0.073070644006856
-0.126507071518381 0.332279380197387 0.0231715055447094 -0.122992010171357
0.0996442343373365 0.335699088944105 -0.0419332015442027 -0.200257205445163
0.240129478290757 0.221829402252657 -0.130260088632322 -0.215656588735221
0.292932858002512 0.176464606756055 -0.147932180336 -0.180962000452787
0.27592422269595 0.216525444276475 -0.114098495004973 -0.16574397807471
0.190560210697779 0.403509269377142 -0.0497859917124315 -0.143107845093253
-0.0917543599017544 0.478714567551691 -0.006621445911244 -0.0807801865784828
-0.422455016698448 0.272360175091646 -0.0571662000880121 0.0321576692739889
-0.533411169156009 -0.265555190484871 -0.190513819852686 -0.138800489404578
-0.0940235150919886 -0.619172116927276 -0.0584818953273419 -0.356619169816866
0.297397116187594 -0.544075645093888 0.303779714102723 -0.404016643428989
0.334796573055827 -0.498997296607152 -0.164669924014951 -0.120825576362538
-0.0173706658736488 -0.539457062229871 0.030631223471085 0.00182956407802561
-0.367942429888186 -0.32387029859088 0.0259873702392195 -0.0717569847191564
-0.407580903489657 0.147297204407558 0.000998654464568582 -0.0818134315568231
-0.171627272349579 0.415974676643499 -0.0166667327769708 -0.0446930383692971
0.106123342961478 0.427560497489651 0.00178812720342073 -0.0805091966818224
0.276433243895382 0.294401425253175 -0.0284359115188788 -0.115729701325262
0.330831645491329 0.233013584167617 -0.0300293381920115 -0.0941411216510068
0.308757178119338 0.272255244548078 0.00450406541319857 -0.0644582471083226
0.215703676867329 0.472689233837976 0.0307424354783194 -0.0176121781167101
-0.101922374202199 0.558171729855179 -0.00352288241596277 0.043908353452327
-0.468633928567734 0.33686177224603 -0.0888314746314855 0.107485040442031
-0.628847343119987 -0.250039953513201 -0.202438220213896 -0.0626188540787271
-0.181547004336764 -0.701094763873547 -0.0745823733186742 -0.240744888361372
0.290488781452393 -0.66529237692191 0.19119198833135 -0.212666895240852
0.328539193478606 -0.565909216968169 -0.297789717714891 0.0902900749105971
-0.0699623918436967 -0.602905647485836 0.0447874386564559 0.157863201360776
-0.439388267987058 -0.33955180037604 0.0602935648972657 -0.0233509116787823
-0.451797877171435 0.170034805461275 -0.0282866862583464 -0.0712590632113668
-0.190162979911846 0.444098890027462 -0.0600829094356532 0.0562920618515103
0.100692259705429 0.454853244400227 0.0464680424929354 0.0668363456331716
0.275653933450495 0.319795809651319 0.080507763540607 0.00849645872120803
0.317292504930116 0.254399921138852 0.0927143973905511 0.00797414680802252
0.291688077849535 0.287228319615825 0.123779075600511 0.0419286351408441
0.197703468776126 0.462474355983652 0.114414263480554 0.103996468604733
-0.100890750888291 0.533601549688314 0.0122636725245471 0.164071720553837
-0.426019307374351 0.321285880576027 -0.10619004373402 0.170660402724305
-0.585040499415663 -0.198600553384983 -0.183065298141806 0.0153727733144553
-0.211972055935204 -0.645932688054237 -0.0679380290487411 -0.106017069354151
0.233405458184092 -0.65871446140209 0.0845251480911406 -0.00143578458932438
0.262249974374581 -0.541687994201577 -0.415488476383587 0.313929985273189
-0.110816998777009 -0.555753133970807 0.0492713990844064 0.323969603897291
-0.418152444050991 -0.282940814032172 0.087497266742244 0.0383826574758461
-0.400969844933418 0.160690703292662 -0.0566987861931726 -0.0402734160920015
-0.169488906443378 0.383651663451291 -0.0966581900721495 0.159882059096531
0.0786610714662338 0.399946376123975 0.0867631364583131 0.213249621160194
0.229034282550381 0.290317119678463 0.179519707087766 0.135230729188692
0.254639477953881 0.236606944464904 0.201914887262331 0.107726168271564
0.227108085528101 0.261283866750967 0.221083293900734 0.137662246622494
0.140363550065194 0.381046057260217 0.17727731392158 0.200438567043054
-0.0973876433695242 0.409978239031889 0.0253213880385039 0.247819413516658
-0.313970341232058 0.223660408217609 -0.114140799886065 0.197568482819151
-0.417396744899306 -0.134387030214983 -0.142117378260822 0.0681910999212364
-0.184345217619138 -0.480608464461768 -0.0471691981192209 0.00532681996481012
0.148578906848228 -0.538162301429503 -0.00176572983094124 0.182872763507289
0.147952948548445 -0.415510439784157 -0.490086736608994 0.50371908256597
-0.12587678007349 -0.38902126879622 0.0416734436693429 0.455918083592104
-0.300241665214901 -0.163271815245797 0.104879984658145 0.0993179650360914
-0.256820376005577 0.109400775382692 -0.0700578051305988 -0.00390863285757813
-0.11492732852397 0.244855944481501 -0.116384868813627 0.231437299684745
0.041026361158313 0.268687887078908 0.112633535032219 0.322504034400154
0.143493459948975 0.213392647322266 0.253976288389663 0.240454102020767
0.152493048609025 0.184087435165737 0.278965113712058 0.19038891730062
0.131666744297919 0.197488423263968 0.279556006794895 0.211582448855351
0.0627792118833128 0.246359359523986 0.200722620384787 0.262057407797284
-0.0869311722452743 0.232271282856966 0.025111561162951 0.282099247193244
-0.172564997076265 0.0958801389338727 -0.114875287746076 0.180692228229128
-0.202752904564744 -0.0642906423536813 -0.095406077759172 0.0868012106156039
-0.127304889170109 -0.263811136471907 -0.0279436047163713 0.0740887329127033
0.0490075403146282 -0.348016915248473 -0.0583343155609918 0.307768086949277
0.00637639665167922 -0.211613686726361 -0.507358802664882 0.622631656462402
-0.111251191735527 -0.147697094245197 0.0344834553845256 0.531318115784812
-0.120115591389647 -0.015655391020832 0.125821079921573 0.144146076174536
-0.0676217005412723 0.0330621401524395 -0.0558357243995207 0.0175190848755957
-0.0461680395831362 0.0638425649813119 -0.119205617603576 0.25113257757266
-0.00858294824860364 0.096068124188183 0.117130504447674 0.374820694661986
0.0301422203702829 0.103627177121331 0.287249128274832 0.304428456410601
0.0279063447013128 0.105464601018844 0.314820351568209 0.243144532604898
0.0239332213243076 0.106529986880513 0.292321316395592 0.257376614333926
-0.0104999665938551 0.0885446884782494 0.189298984870102 0.289005073632179
-0.0602746863958836 0.0509707655071526 0.0139414407591996 0.275780449990883
-0.0328155616736401 -0.00810263384069502 -0.106323405666331 0.139211245339861
-0.0165115841269683 0.0153503957398825 -0.0524190497078303 0.0877826771002321
-0.0856841762144498 -0.0480372129870596 -0.0172320209250267 0.110919082030523
-0.0556796155637715 -0.138507613097128 -0.0871607096940125 0.367268783643076
0.123956200240356 -0.0375198105736747 0.0636448256108709 -0.464777067262505
0.0426626839559385 -0.130296908747577 -0.0617542168448554 -0.179942756297102
-0.0973926217948553 -0.0929865588602221 0.0011348397261269 -0.0705917537454438
-0.089919686544648 0.0705746761077066 0.0816108691708359 -0.0822802263078638
0.00505929287842625 0.108726177258948 0.025946305889931 -0.241314478541101
0.0671433153500306 0.0576924782832866 -0.16694186578421 -0.310155674361609
0.0829716851475661 -0.00103858435229437 -0.299811417253245 -0.276780503987153
0.0935693211477567 -0.0184442566536039 -0.328039861874438 -0.241857031082205
0.0899332959759648 0.00151394541122501 -0.299706313517454 -0.272293326741989
0.0853093495309143 0.0898609719719802 -0.166063656308337 -0.310617736487502
0.00920395646281595 0.134199801645644 0.0176779572643077 -0.255599705477656
-0.119182082889461 0.0768900032259627 0.0346814605373352 -0.0712794144232718
-0.132167546321283 -0.114976406488208 -0.123214337558175 -0.177049425001952
0.0675232850482208 -0.162227243523645 -0.0398337893330036 -0.431180949068908
0.149900429408076 -0.0635106892492098 0.410076557977132 -0.63912158771187
0.202346330940045 -0.225785544586991 0.0155625733184001 -0.404173832924376
0.0222909401404558 -0.276143671307499 -0.0315386669442331 -0.168404468595401
-0.191113071306412 -0.169546370255375 -0.0192852784081431 -0.0840444724096117
-0.1965038537544 0.107038189590192 0.0490889049201053 -0.0675872604887357
-0.0456867458662628 0.235214700688574 0.0310500639782909 -0.186952521909992
0.106151350649771 0.201623354395411 -0.112930485871651 -0.275087547968129
0.184563998357195 0.104945829126927 -0.239542776104378 -0.262010885005206
0.218216200703293 0.0734221378744394 -0.266129327785076 -0.224055725266301
0.209438296618014 0.110010934180516 -0.234519790033817 -0.233434447426233
0.165996935358864 0.261938445809266 -0.128705818224884 -0.24377807671989
-0.0304172456534125 0.334265379675995 -0.00428281731827363 -0.183816154443832
-0.287663845196932 0.196216222618826 -0.0117237782960651 -0.0276192439108447
-0.369002092087605 -0.197110673690813 -0.170323637463112 -0.169948198712346
-0.0321613767368761 -0.428794729198577 -0.0625041886714528 -0.424091598549442
0.229369489878395 -0.349900332933528 0.358454248801237 -0.580830311263578
0.26501186684617 -0.396445488187622 -0.0663614727411565 -0.287700620520667
-0.00987202845829518 -0.420043386630521 0.00262998917210714 -0.117074139788041
-0.29095620674938 -0.243682684746778 -0.0130833303502948 -0.0927364806214985
-0.304207818120313 0.141394862243942 0.0168063143207712 -0.0742700309237397
-0.0987336395752124 0.347351335826149 0.0131870232631815 -0.121714988665025
0.130494366680057 0.331568180663348 -0.0585310151015702 -0.197740627602691
0.262179899420379 0.203526900105548 -0.149878585604806 -0.205581921076222
0.309842281942447 0.152984252877408 -0.164359258892649 -0.172398358877575
0.297198857936265 0.197083670884204 -0.128382338852239 -0.16106431034988
0.230103327454548 0.391989418731277 -0.059311475662468 -0.142516136127048
-0.0488863109128046 0.493613340638254 -0.00941922421612893 -0.0780797537697033
-0.404531469174521 0.31008969603802 -0.0500209517546039 0.0395560457158829
-0.563728933437567 -0.223476322047447 -0.204349300936362 -0.121348644662749
-0.149025034804081 -0.620274012354114 -0.0886015962903301 -0.355148510371483
0.259401839478138 -0.577459732006067 0.272577375511068 -0.437869305357567
0.298422424723454 -0.533787781512291 -0.175497135832591 -0.110032238852756
-0.0621306679713386 -0.544586611539439 0.0349545700378524 -0.00898710771994939
-0.399521398155713 -0.297283888182287 0.0176978520483767 -0.0770219347671101
-0.400643999101061 0.181922890678107 -0.0118648233775216 -0.0811555523379595
-0.138359252466396 0.43691675216398 -0.0192668784922383 -0.0379606824475326
0.145179646983595 0.424850445566549 -0.00290501956148507 -0.0800897499321332
0.30611403575571 0.273685607043814 -0.0385245038595887 -0.112632370982438
0.353640216511381 0.208731496262758 -0.0384029624581073 -0.0941348585200184
0.337637794776159 0.251136200511943 0.000444615143000341 -0.0691486126563007
0.261793561168791 0.460339923020715 0.0333458099517766 -0.0235045909232707
-0.0530776853789286 0.576264102757766 0.00451411297378818 0.0478549972210912
-0.447053869949824 0.378065787148704 -0.0751492550863513 0.118359241748882
-0.658677755538787 -0.201257860421001 -0.209069590232225 -0.0438439647166727
-0.243667730125643 -0.693570190781126 -0.095655582887139 -0.235420785518933
0.240008860023362 -0.699378087701713 0.17395373164912 -0.234343725535805
0.286420163082424 -0.599406212942641 -0.293010060007255 0.115590988809025
-0.118752961432291 -0.603575016138597 0.0624082520203442 0.148919381464462
-0.469006288999385 -0.306537152606977 0.0576621808418676 -0.0326194852712346
-0.442614341872469 0.209679803211625 -0.0403287948831208 -0.0695434148847496
-0.154019295668018 0.464045094459415 -0.0554400514956247 0.0669181674773749
0.14314719860775 0.453628457693624 0.0550383884944261 0.0657950972935043
0.30878319281563 0.299508064699005 0.0814590516850752 0.00411911461904576
0.342192880094989 0.231040132156733 0.0949162547735087 -0.00138259382225306
0.320058339808674 0.267579476765227 0.13011884307976 0.0284912092912006
0.242842259027433 0.452282066027244 0.128199173327376 0.0918441676801143
-0.0541916282306563 0.550127564766077 0.0310588704371551 0.167029821173697
-0.403795802632403 0.357828157544979 -0.0868233929367696 0.182962531052603
-0.606423162877859 -0.151009902663578 -0.181369508568611 0.0318865419362331
-0.271158425678593 -0.634203779832973 -0.0778678367119087 -0.0997546581483746
0.183207097333324 -0.687895421667661 0.082655620275302 -0.0106312994305388
0.221185527503302 -0.567144889571619 -0.394102845157729 0.352736138414727
-0.155929842165888 -0.55087066044448 0.0799640659760911 0.31719175817468
-0.444980436902025 -0.251461828865154 0.0920741478764941 0.0282328767439271
-0.390916414776964 0.193649567945741 -0.0667562754882431 -0.0368550492058809
-0.139132272000931 0.402912386987277 -0.0834029263696382 0.174164586108083
0.115566599245066 0.39909769981027 0.108251440188831 0.209088996314718
0.258898387145043 0.275175181009796 0.19347809913635 0.125376700007509
0.277482118348888 0.219409168703021 0.213477442253741 0.0912079480595467
0.252618542098436 0.245840047847788 0.236283204078525 0.117149367413111
0.17549374984013 0.373055864849371 0.199086870337136 0.183788948004302
-0.0601954072648117 0.425137107177189 0.0516296792239418 0.249022006632283
-0.299302009825289 0.251276379384895 -0.0928332197985956 0.209714874310407
-0.430213896754751 -0.101367333181354 -0.135010612940853 0.0800077428060081
-0.22609357312346 -0.468449724992519 -0.0479884923829773 0.0112678227733126
0.107643115876618 -0.555708147364667 0.0107258869155559 0.183114477157171
0.115603622306815 -0.431878716350417 -0.454345917165583 0.552503311417047
-0.156649068218326 -0.382577089215852 0.0827414079855793 0.454355200753073
-0.313794104299062 -0.139518642528393 0.116045981823518 0.0877281978385432
-0.250655678813264 0.130502631583462 -0.0752237374465191 -0.000308696030933741
-0.0966627768342864 0.256879094060505 -0.0985365330599211 0.24681468914237
0.0651476533678609 0.270280938064925 0.143255143298574 0.318411278126825
0.1642194001928 0.204358816721495 0.276353586703833 0.224330027180849
0.169809744792673 0.175483963203243 0.299133429247819 0.169347465343558
0.150036746643003 0.189630617821079 0.301185001616582 0.188574808715874
0.0840796147069483 0.244343076032489 0.227024787134162 0.244036751264816
-0.0675504255212586 0.243359768660352 0.0530573149161248 0.282581005986543
-0.166817855454747 0.109282561048771 -0.096147053936066 0.192800147923647
-0.206774658671564 -0.0491972563733708 -0.0850973777443943 0.094792655982716
-0.149963035936852 -0.252882256976061 -0.0225256068362009 0.079701382007361
0.0223813993159667 -0.353693493437298 -0.0359823767609233 0.314835489677171
-0.0105656755338212 -0.212926433072217 -0.462256154092418 0.675203792741135
-0.122845499966915 -0.138089901974464 0.0801010391413743 0.534975462398999
-0.119690813872866 -0.00550888929376815 0.141614564641726 0.130981948385228
-0.0658909227247955 0.0379908681390835 -0.0577548804323978 0.0185331200610898
-0.0420985965748739 0.0682023915237625 -0.100738149494483 0.264901150861439
-8.50410857864449E-05 0.0995474207536443 0.151702615040639 0.370345540360851
0.0401422364886064 0.104889772299347 0.315550630036849 0.286849360758408
0.0380217387946218 0.106698858701003 0.338373740826347 0.221867872770724
0.0329073689655357 0.106408439049649 0.31831462899933 0.235149263100391
-0.00431206164684286 0.0909445905897963 0.216633758185341 0.271553055563264
-0.0575268580498555 0.0583494052201278 0.0398513110170086 0.27362291992198
-0.0350414324941778 -0.00759935789660153 -0.0923586068918441 0.148883452980049
-0.0114512519450064 0.0143526524490888 -0.040990551566629 0.0922974335050405
-0.0880509776913562 -0.0377021079911653 -0.00947837488885028 0.115904425963631
-0.0663525825275257 -0.131306524778529 -0.0604610330711877 0.377665787536437
0.117063839362407 -0.0476102219861429 0.0286504925016725 -0.452035710619329
0.0289657084219642 -0.128700809010075 -0.0710177758556089 -0.173823835424752
-0.104179586714406 -0.0803119194737595 -0.00817850176429795 -0.0681632190144547
-0.0803658436582578 0.0760948487699682 0.0690062919282056 -0.0838257563698573
0.0150293930462022 0.105730988241668 0.00522029403952812 -0.230357218597745
0.0689482555058512 0.0493090834516232 -0.18535513520324 -0.283947271095528
0.0789959784227471 -0.00870161020460635 -0.309258966221654 -0.244057430084649
0.0879372352192913 -0.0256718010650486 -0.334702033534597 -0.209597398158584
0.0861381032713279 -0.00451693466707441 -0.309083489534911 -0.241427027687477
0.0903258160431893 0.0796081996191948 -0.181869063222307 -0.28849149114441
0.0208173051929128 0.128169326767317 -0.000479341055713666 -0.246516844077282
-0.108538066560922 0.0831495916224092 0.031031606743952 -0.0690073513644462
-0.137533763783196 -0.0991392903628867 -0.133005405055438 -0.156505650081618
0.0516765479545728 -0.163272194824317 -0.0681262151321167 -0.407695310885741
0.140217201848215 -0.0751068435437491 0.351120864717425 -0.645790459040224
0.177785142736711 -0.232475717032872 -0.0139080315001193 -0.391839992165843
-0.00108317377158721 -0.26833599947576 -0.0413756377992358 -0.166335278431975
-0.198964955794188 -0.147240593197304 -0.0291479954878085 -0.0797400213689462
-0.179979576232191 0.118723219653093 0.0380807681169292 -0.0663528173817271
-0.022968456194801 0.230820509444975 0.0158484340272245 -0.178308239802422
0.118404108669161 0.184952062599709 -0.129505448676399 -0.254275261331238
0.185307352000861 0.0856813235225511 -0.249839463861819 -0.233504773692116
0.214514529685323 0.0533504304128051 -0.273364199245745 -0.197754587115861
0.210107736477973 0.0911337992787684 -0.242859462128445 -0.209430618831627
0.181467371229158 0.239265968999968 -0.139731982309611 -0.226966718086122
-0.00120393664431661 0.323397564231476 -0.0152562499405876 -0.17506390054004
-0.261758086870904 0.21016098329772 -0.00956695221720867 -0.0238828851897874
-0.371698013243738 -0.160987014452586 -0.177298751227484 -0.147342150899915
-0.0627463290180862 -0.412198713496799 -0.0914494768901265 -0.400685081490855
0.196604313872447 -0.355774681237387 0.301416105261825 -0.58711977698107
0.226012559446054 -0.40274733784751 -0.0841137441498598 -0.273435182836736
-0.0414450884044539 -0.404047985265439 -0.00418188953743421 -0.120832480492955
-0.299341893047564 -0.212596070995154 -0.0234965210375909 -0.0891527625004798
-0.282174175577007 0.159207816164147 0.00627248620689463 -0.069966322066602
-0.0663788684219302 0.344021965749629 0.00479395271186434 -0.113607415158265
0.153030535418128 0.310105232432744 -0.070372815211332 -0.184709597088032
0.268426709250853 0.1739133550973 -0.158918887168669 -0.185653927217197
0.308478710665437 0.123538734076362 -0.171382249409135 -0.155278458158826
0.301313641063108 0.168669470878835 -0.134463222245381 -0.149031792429029
0.253269634797029 0.360992380296228 -0.0649545247211152 -0.135827854168207
-0.00753520131353159 0.478432152360173 -0.0109123021404052 -0.0720512883175743
-0.366568315600496 0.327684173433115 -0.0404127521388569 0.0437156732004707
-0.559029128713495 -0.172837764241604 -0.205580560126912 -0.0985654471006606
-0.191022756092784 -0.586354791216232 -0.11067669284042 -0.333426350294573
0.208875474570843 -0.576513580802767 0.227999006921115 -0.444600245526681
0.24676560092933 -0.534268739737421 -0.175849989928249 -0.0939977670886063
-0.100433490905368 -0.51937605324009 0.0352342580856841 -0.0196770410981099
-0.405597320297404 -0.256748331328294 0.00804160453942555 -0.0777767357009107
-0.3716693904777 0.203651348362219 -0.0229120802373779 -0.0753058850561241
-0.0981594518736061 0.431928802175618 -0.0197990988250462 -0.0304234093215078
0.174273967623805 0.398473102380197 -0.00625041509688843 -0.0760320347235394
0.315875262462374 0.239295115008842 -0.0454838135499321 -0.103708843266994
0.354791235482003 0.173136171530349 -0.0434260122218127 -0.0894030031301429
0.344514542952026 0.218178034770146 -0.00367945626384435 -0.0705114708864691
0.289737117966047 0.423283137253952 0.0331387511060953 -0.0287084380112338
-0.0037625424939887 0.558837681118997 0.0127320074034842 0.0485001183300475
-0.401757393797552 0.396640354053791 -0.0574740783832281 0.11967119733616
-0.648519301320703 -0.143064218588075 -0.203083230774382 -0.0251618271686538
-0.286970452593617 -0.649231010225068 -0.109548139784245 -0.217899164539823
0.18186570042027 -0.69114355378636 0.147396533815732 -0.241062310274102
0.229045634699943 -0.595759447659174 -0.271755602374916 0.132831127396441
-0.159063692314447 -0.572981582791923 0.073702018048408 0.130316315274598
-0.472432699968236 -0.262017567388635 0.0510400207991418 -0.0389583119956657
-0.411406045674199 0.233959770746289 -0.0505411597378068 -0.0630405897357286
-0.112579091053085 0.460243986600856 -0.0454345711063023 0.0733424564173428
0.173450784691679 0.427351396670634 0.0613361984493866 0.0593132527797911
0.320423643026282 0.264380065653816 0.0793695297576503 7.22184773962314E-05
0.346591702806279 0.197568090455365 0.0917518168634913 -0.00984242512667447
0.328982884125993 0.233521082830595 0.12890154315144 0.0141748714193174
0.26883880895565 0.41677896623645 0.133540776128107 0.0743560203115687
-0.00635254531457157 0.53525085759376 0.0476442401837357 0.159961330126073
-0.361981862211342 0.375377685964812 -0.0637086196995331 0.182168304297149
-0.594559499695394 -0.0999891253448884 -0.168993513467206 0.0448673715965082
-0.30982369813751 -0.588612637023842 -0.0819108758458477 -0.0884922538874
0.127624628630832 -0.675484298710083 0.0756257221107034 -0.0183812447109449
0.170119189373005 -0.561081769007043 -0.352164403327735 0.368846694751556
-0.188621431891408 -0.518546911363711 0.102375524760193 0.293166696178921
-0.444167676640221 -0.209147696982623 0.0908756041274271 0.0160656157889874
-0.362707825258696 0.215631428101376 -0.0722608785157504 -0.0312081015389645
-0.102308969593272 0.399299141328432 -0.0658235428641426 0.176522996618753
0.143963176785459 0.376462887986393 0.123180902314802 0.193308965497715
0.270884926643699 0.24536873257188 0.19630127348544 0.107748414281162
0.283705895990384 0.191717372567235 0.212877011036793 0.0711809335829555
0.262545951156952 0.218347080285465 0.237602109593023 0.0917978625114723
0.198773325909256 0.345968153593908 0.207569741419718 0.15717466085269
-0.0231592801590963 0.415265234025639 0.0731867958974344 0.235900175293777
-0.269761265628869 0.262565443828441 -0.0679591508503604 0.208353571513594
-0.419535584346965 -0.0665609778956289 -0.120152578218394 0.0869632508877007
-0.252888606996551 -0.43103764334364 -0.0459819785651236 0.0160614637539805
0.0652193207329027 -0.540778444777883 0.0205941414625221 0.173940087302998
0.0785760583335805 -0.422248705836667 -0.396871124843464 0.567198468659576
-0.175905410331404 -0.354785652599252 0.115972526533436 0.427222936134607
-0.309130118406039 -0.112146949464819 0.119243136332267 0.0714042424342269
-0.231779019978832 0.143058616603055 -0.0767144025519993 0.00364716173002939
-0.0735786119923292 0.255129987303914 -0.0755650443464286 0.247228807550367
0.0850137878753127 0.256865917847187 0.165035997247807 0.295939951838485
0.17520094951831 0.1858476535508 0.283930971623078 0.197316542961818
0.17781023942498 0.158211201014646 0.301276938117677 0.140891096464424
0.158941940090471 0.171926234628258 0.305258921241796 0.15650606667982
0.0995905774718985 0.229347612592009 0.238354391396323 0.212334750412254
-0.045364945308187 0.241501382680584 0.0760837568795849 0.264960945008993
-0.153798578869717 0.116030900095923 -0.0733584840096122 0.191777327254138
-0.198508550046172 -0.0344686946305748 -0.0707103483438951 0.0960697769234607
-0.161446421057348 -0.228666731681961 -0.0167460540724617 0.0801376035514282
-0.0022634282879498 -0.339327936030332 -0.0142733719375135 0.304793869325778
-0.0262398770838197 -0.202351847872601 -0.395683858029485 0.68596224871978
-0.125672786473211 -0.122635687916601 0.117795730030022 0.507567702176511
-0.112319731563814 0.0029941916465932 0.147114011599106 0.111874246449006
-0.061466581342031 0.0409642691417866 -0.0574034922149051 0.0190639098665842
-0.0364810037708338 0.0683707965203264 -0.0787993453973414 0.263510262469022
0.00836277959381035 0.0967968777753265 0.17630291392821 0.347305868906394
0.0476264543710207 0.0993702128636586 0.325713428332155 0.254493929627195
0.045837569166604 0.101626878493463 0.342172946152151 0.188382480113458
0.0396114857552005 0.10067967495969 0.324135874582111 0.200649973590655
0.00105492609065442 0.0890023138025309 0.229333617547081 0.241693227538861
-0.0518546246921122 0.0610521872503013 0.0615629053092299 0.257456070889014
-0.0356617862610867 -0.00644115400644073 -0.0740817218426665 0.1490742433117
-0.0062992537791706 0.0113098417989174 -0.0287585367087959 0.0895247787007173
-0.0846403065335074 -0.0264190469404384 -0.00128856295087608 0.11427355405847
-0.0712791794405032 -0.117579358995134 -0.0322176212257552 0.367141570870638
0.108194752081126 -0.0501941963438513 0.0117331946057188 -0.427522615840696
0.0208868578624666 -0.121905050925551 -0.072895628296382 -0.165921540702266
-0.103158082075141 -0.0697184293865181 -0.0143631601878853 -0.0641171490754824
-0.0719626015123907 0.0757005275172017 0.0586516963321341 -0.078998847429871
0.020169572221797 0.0995288985069419 -0.004188707280708 -0.213237909095336
0.0664921590306889 0.0430769968363833 -0.186498813949387 -0.257775096357821
0.0730685918907613 -0.0127634951404902 -0.299681368527646 -0.219144703634542
0.0801556806056362 -0.0277899804038971 -0.321389086651743 -0.187768053050819
0.080307522500929 -0.00693254394748665 -0.299427147648908 -0.218779110037198
0.0891641895163344 0.0706698983708907 -0.179841586518865 -0.266392093883463
0.0251114182029713 0.118216224133637 -0.00671771217692544 -0.232570041052669
-0.0982795607189882 0.0818579357064562 0.0302865492451315 -0.0647431221435673
-0.133974952270556 -0.0869575334617888 -0.130695129185563 -0.138089821020791
0.0424387053645246 -0.156684039873251 -0.0750294222050299 -0.377622116695878
0.129603017406359 -0.0768536644632093 0.308459454084204 -0.619014268214038
0.159225621043384 -0.225649742320572 -0.026091467855873 -0.368895232892391
-0.0114312873444909 -0.251329285914089 -0.0441311528040188 -0.161416327129724
-0.1932263391855 -0.130331509784495 -0.0341315278808514 -0.0738913543394945
-0.164623133021659 0.118432288221742 0.030137180598191 -0.0613559403173364
-0.0116263760595322 0.218545274403322 0.00910285097423994 -0.163935142096336
0.118557302587188 0.170109058033835 -0.130952102785509 -0.233422181749447
0.177047145715251 0.0727550138559448 -0.243491513444978 -0.211433894482428
0.202185094823346 0.0421898963392768 -0.264293143220536 -0.17829916941888
0.200539714612996 0.0792987750958696 -0.23488652964441 -0.191632163449745
0.180250784588375 0.217661134530386 -0.137571461641676 -0.211442028611401
0.0121882550836101 0.303052738209587 -0.0168285529918962 -0.162882894172029
-0.238738885293704 0.206101973669704 -0.00578967551692701 -0.0204243163186399
-0.354685944580147 -0.13763923112672 -0.171784313959382 -0.128539818451478
-0.0740390133480255 -0.385875827496073 -0.0972047404341285 -0.371804423704517
0.174598649487057 -0.343440577109256 0.263366969938191 -0.563528027250561
0.198816052385601 -0.385779407523852 -0.087593322192863 -0.254862009042678
-0.0527244852795294 -0.376704760798065 -0.00738118676344985 -0.121414879429549
-0.288212164778066 -0.188519197296508 -0.0291932339549721 -0.0833888980017883
-0.259515061583791 0.159076232596475 -0.000846168588020455 -0.0636551644101719
-0.0475420574576281 0.32752234361961 0.00249914270029333 -0.102995142567192
0.1568782250212 0.285966225488907 -0.0714172994254659 -0.169993303849591
0.258219813193669 0.153474898821464 -0.155215571242131 -0.168483832701181
0.293464838795345 0.105690379431387 -0.166942070619238 -0.142505469364381
0.289989145449593 0.148699778220132 -0.131921284241212 -0.138949223170657
0.253172290582654 0.329848248125948 -0.0634543518739282 -0.12901785721017
0.012107539363921 0.449446531199687 -0.00885547479289683 -0.0657008233365564
-0.332961148114429 0.320268596790041 -0.0316935724763069 0.0425595256951449
-0.532072975133249 -0.144115043074451 -0.195715325608547 -0.0821668490719173
-0.198608408464073 -0.545567757867895 -0.114388338254928 -0.308150874183903
0.179344159264948 -0.55160556679079 0.197019810243323 -0.427116908821795
0.212907848917394 -0.508190099804894 -0.166967349135166 -0.0834612561376791
-0.109768464553578 -0.485785110414434 0.0329731151202596 -0.0282708342833209
-0.389129474720684 -0.228774447878842 0.00130428975272201 -0.074585651101327
-0.342742390003594 0.20376863350403 -0.0291197241901848 -0.0680654918540833
-0.0754928451407337 0.412093096121625 -0.0175989519465546 -0.0239499940105491
0.181098362934736 0.368768350448578 -0.00665142143780595 -0.0708904552753442
0.306549340387356 0.213422288442246 -0.0456076630766573 -0.0949884531828274
0.339265065419157 0.151648773230713 -0.044367072469128 -0.084449325815441
0.331436685504879 0.194846127732812 -0.00510411016123371 -0.0700676381611458
0.287690099616636 0.388744889505122 0.0326767911743471 -0.0321339908987495
0.0189236857700587 0.525281297835477 0.0187888613001743 0.0464015201677354
-0.363685403194967 0.387427361809469 -0.0446497786952559 0.114104948040555
-0.613106706974837 -0.114702425163069 -0.189083375453927 -0.0149552769853784
-0.292793007544281 -0.59985058635884 -0.109242524932752 -0.199521234096573
0.150068170331914 -0.65838779675718 0.126761472695921 -0.233323900212746
0.194480337504028 -0.564389084958127 -0.24937324387443 0.132523679514519
-0.166743164645038 -0.53284458016515 0.0753587278150436 0.111789965371302
-0.449667467134378 -0.230314289919307 0.0442225048134264 -0.0416972175566876
-0.378576775709274 0.231593622118521 -0.0546706084640206 -0.0567920653031574
-0.0871914939875733 0.438240379668311 -0.0385374608519094 0.0736803920752487
0.182543403987513 0.395903142298337 0.062820697730987 0.0533526335099878
0.310758835563241 0.235849100100943 0.0753067046610282 -0.000546488407032127
0.333003645304263 0.174285317210814 0.085713139567752 -0.013456542077053
0.318410840232936 0.209296450085065 0.122430877639726 0.00544617902069223
0.271125437998551 0.383302735957714 0.13021459062706 0.0607582189234933
0.0171383202454671 0.504285865912832 0.0557681492884269 0.149448338814841
-0.328797097043223 0.363867975765799 -0.0480565854969795 0.17267300886637
-0.560077537167529 -0.0766884438474124 -0.154170393587521 0.0482131701553401
-0.30958677162071 -0.54036302502984 -0.0805649435178081 -0.0789357374139693
0.101967166226572 -0.639953969180087 0.0656674073740596 -0.0216500779093108
0.141022556069508 -0.530223958371721 -0.316587243892891 0.357540513343415
-0.193001959523462 -0.480453800834643 0.107709126024911 0.265843307271936
-0.421618342969174 -0.185541799916034 0.0843384140256695 0.00876610058235022
-0.33477666389591 0.213016912939306 -0.0743665852061828 -0.0271367870317632
-0.0823798113268427 0.378844585331385 -0.0542064452410614 0.170448665513159
0.151462026534963 0.350301805418147 0.127073075429506 0.177693715461341
0.264111799980092 0.221608736468673 0.188953146949838 0.0963814003781909
0.273844896127652 0.171173349427475 0.202607716426323 0.0594600860201959
0.254444218918556 0.197052784703739 0.22743010264014 0.0751927903530822
0.200495155676828 0.318194334469636 0.202237927972152 0.135948397499996
-0.00392417522118787 0.391405558566776 0.0815674527500329 0.218823371883114
-0.246203913650771 0.255085075033979 -0.0511807859892968 0.196641408784992
-0.393404942511057 -0.0519258732385895 -0.106200166896801 0.0841226664098026
-0.249833846503544 -0.393565159541985 -0.0432749756096653 0.0180503100889561
0.0472013297474298 -0.510070621225424 0.0219023730208578 0.16132919939811
0.0596421545078115 -0.396955918755939 -0.352501503520889 0.54568731833951
-0.174715870729887 -0.327538362271328 0.12444188495067 0.392851283549865
-0.291309876599049 -0.0967336726094063 0.11445627618138 0.0590110574885828
-0.213538338744332 0.140714357236124 -0.0761244853660236 0.00430952870862043
-0.0605620486206234 0.242888037749962 -0.0622170548615983 0.235522907425361
0.0904974856878058 0.238826214684541 0.168954460175056 0.271882510065517
0.171917637199144 0.169198663607922 0.275121964644288 0.177966832851077
0.173831313190043 0.144205431537704 0.287760316441965 0.123379003565786
0.156032037075783 0.157229671556717 0.29264003235788 0.1341780261569
0.101670914468724 0.213353639029909 0.232608790895621 0.187470582629602
-0.032897275314165 0.228561618797319 0.0842780282289478 0.244886266915919
-0.14204263201085 0.113222554943116 -0.0577460041296542 0.181296486344418
-0.185401966437012 -0.0292625202616623 -0.0596659076565471 0.0908040880239576
-0.156180754448677 -0.20636850724901 -0.0141812183631354 0.0776588393915226
-0.00977826142788381 -0.316218728591608 -0.00579083098018007 0.286010765836869
-0.0315837171655741 -0.18685837295694 -0.347557868990699 0.659243218790145
-0.120429800790165 -0.111049212071221 0.130498665650593 0.471019985646009
-0.102801209877033 0.00523753603497964 0.143000683292699 0.0948198154666318
-0.0569627380080633 0.0393261561430036 -0.0569962624525795 0.0172863348044699
-0.0326542576090063 0.0659467067873871 -0.0660596981240234 0.251534294908191
0.0120401466902262 0.0919101764370101 0.180516208831175 0.320432825726769
0.0498747769923843 0.0928293702073652 0.316275632593599 0.23082153540404
0.0482437946320589 0.0957720567834245 0.328821990656288 0.166878912774269
0.0410981043360586 0.0941402122018459 0.312481537369919 0.176916567564232
0.00289006807806519 0.0840963533821751 0.223884077945175 0.21666509610201
-0.0466401715718488 0.0601071151417046 0.0686849049076048 0.235964400772434
-0.0349894712548377 -0.00629879510843176 -0.0612196055563127 0.141321213401319
-0.00355305099683681 0.00742750864829144 -0.0199142121232997 0.0831427851250544
-0.077346997937998 -0.0193175719732543 0.00142322642352679 0.109705386450225
-0.0678397514096283 -0.106132892710243 -0.0195395630894316 0.34635468064555
0.104152434295507 -0.0491358655364342 0.0150057203209663 -0.408976420535424
0.0192405538860173 -0.116082476790476 -0.0696266971459174 -0.164311474676185
-0.100542323295818 -0.0649217735184871 -0.0167784370159643 -0.0605797692270581
-0.0679039313235637 0.0734284031753374 0.0531739157694048 -0.0729541962491986
0.02088184657426 0.0953892460729903 -0.00369688776203826 -0.200098035617437
0.0627319191099412 0.0410251779797459 -0.17751847219234 -0.245076707901851
0.0690642627852367 -0.0133243866592427 -0.285948487630478 -0.211374004937374
0.0761470554918868 -0.0271322591238043 -0.307346221739496 -0.183275178676494
0.0767586302596559 -0.00580148119242178 -0.284838446401914 -0.212460441641955
0.0864961512217634 0.0673610132467394 -0.169404518881232 -0.257738083536979
0.0247381766358576 0.112199243417543 -0.00318424026769343 -0.22235702080699
-0.0947766483050587 0.077986217930969 0.0321220917648877 -0.0599973475416304
-0.128585980938342 -0.0824867660093446 -0.123489079914581 -0.128027302011635
0.0406048569600079 -0.151743691025897 -0.0662277443155941 -0.359482873209751
0.124510355436878 -0.0742554427847233 0.299769930698035 -0.591423382600153
0.153303158749088 -0.215113371647936 -0.0208224692665102 -0.353933999414055
-0.0105274490392394 -0.240648791769099 -0.0421745514238296 -0.160906862258767
-0.185569216453289 -0.124483687660265 -0.0357893676992244 -0.0702505877693369
-0.157236780984324 0.112697694873669 0.0259297367548529 -0.0558801182410436
-0.0093444560229823 0.209806536207077 0.0105254247762977 -0.152809031822926
0.113716120217842 0.162934244307034 -0.124913220481253 -0.222042113241794
0.168353588672064 0.0692668665586517 -0.231446105538197 -0.203258168819819
0.192612281371358 0.0412827431029687 -0.252561506176763 -0.174981900350033
0.191542825107227 0.0774024869244644 -0.223732595225378 -0.187641584603424
0.172761822315164 0.209305177863665 -0.129009669305326 -0.205875960190616
0.0107503973584809 0.288775482019135 -0.0115364950533237 -0.154745491154227
-0.229583619046018 0.195273323933601 -0.00169764178767711 -0.0188882180660626
-0.336160999534574 -0.133499711562597 -0.163097197245659 -0.12047401874246
-0.0686077029950789 -0.37120221856823 -0.0870372138336213 -0.354496884355244
0.171135397389352 -0.328785134120716 0.254990527847063 -0.537375508921427
0.190365646668452 -0.365050837443474 -0.0800770893937538 -0.245261006813974
-0.0487676134600965 -0.36098253711243 -0.00701210400072031 -0.123738951318219
-0.274912662468754 -0.181116919486874 -0.0308453591415294 -0.0800449523701433
-0.249576162790613 0.149884010137744 -0.00492590600908604 -0.0574637204929651
-0.0448408080644339 0.313433414231567 0.00394909296791456 -0.094575816348918
0.150297570769908 0.274095919985778 -0.0667910584346004 -0.16326542253727
0.246591940426065 0.146863735574129 -0.148073831505644 -0.16234857756386
0.27892830705123 0.102855718160022 -0.159652716680026 -0.139504847850258
0.276743012479369 0.144660692064256 -0.125175519978722 -0.13737168805989
0.24221432940441 0.31720153369782 -0.0581703484198571 -0.126749290877856
0.0115908530601879 0.43013022173558 -0.00378682411053746 -0.0617840379976175
-0.322745713558217 0.303233459229614 -0.0257255397726207 0.0411653028267899
-0.506486447696845 -0.141685801731278 -0.185258298794804 -0.0780627420676816
-0.186761678683279 -0.522830537007551 -0.106023497267786 -0.294947995907673
0.178616976439891 -0.528605453731878 0.187656166141759 -0.407991403848481
0.207287433025694 -0.481975604602285 -0.157101466752688 -0.0822924502945199
-0.102805965106788 -0.465698846892906 0.0314629859084376 -0.0351807477485279
-0.369249202870844 -0.221589314373453 -0.00210992582016681 -0.0725657094247948
-0.329631045107932 0.191328742041423 -0.0328466561674583 -0.0631077714420831
-0.0713767937175815 0.39350002869706 -0.0146657292040391 -0.0196726472398314
0.173610266719493 0.354179560120324 -0.00354654243769644 -0.0685905459900379
0.292382620927075 0.204144071040304 -0.0426913042992513 -0.0905427434226641
0.323612357188801 0.147345032695682 -0.0423349039359687 -0.0827723411988157
0.31659004406806 0.188517256285487 -0.00371868874484608 -0.0706807199246901
0.275981683197942 0.373342815329705 0.0332728862029008 -0.0342831765905668
0.0181083379612264 0.502531759498575 0.0225649925117361 0.0459383465416224
-0.352791705340127 0.36685811575191 -0.0384669628081972 0.108713869614302
-0.585076822409699 -0.112959175865624 -0.178425412498547 -0.0150743587071631
-0.275021442942281 -0.574749296947857 -0.103617527982349 -0.190776443904274
0.151941929616257 -0.631278546933692 0.118105692462949 -0.223293885288178
0.189792038721128 -0.534549036308612 -0.237650527057191 0.123629444276935
-0.154150820505563 -0.51188002741464 0.0706197167348991 0.0983185005011976
-0.428613398594454 -0.225038840892004 0.0399924494022952 -0.0418876513434628
-0.365517633307657 0.217806230959912 -0.0574753021732011 -0.0529463339433305
-0.084797469369984 0.419893524462627 -0.035741951133542 0.072862012471028
0.175346235015575 0.379860998671467 0.0628006227603083 0.0502615486125558
0.297335802944538 0.227447239361361 0.0730179655983888 0.000465268592645979
0.317288163185127 0.169176067958892 0.0816278944260961 -0.01374064466958
0.303396498605531 0.203073517194192 0.117592545295274 0.00178692843650053
0.258600861135639 0.366911009173276 0.125356674642437 0.0540415492601409
0.0165633014308634 0.480571254285825 0.0581021859115888 0.143482679888662
-0.316731964377913 0.345016331747303 -0.0419148016040925 0.163841883309416
-0.533694558428689 -0.0783965008479974 -0.144536883562668 0.0446388086020697
-0.292033368049532 -0.517754292271824 -0.0778082000105876 -0.0746530709517694
0.104351511462457 -0.612006727196449 0.0586329428581972 -0.0207906290613802
0.138395393395705 -0.500347316331907 -0.303750052460269 0.338274002555908
-0.178981291095266 -0.461564149826856 0.101646963950853 0.247410806577332
-0.39815858790207 -0.181119100819821 0.0783806408359955 0.00479860911326934
-0.322389536368218 0.198995156307697 -0.0758731829869038 -0.0265682145845881
-0.0799964370706128 0.364095623512435 -0.0517054335050249 0.164480518235378
0.145176866782534 0.335645667712248 0.123504562755916 0.168744101047045
0.252093440806124 0.213651527573171 0.181522083486214 0.0947171174324037
0.261344725160713 0.166286959864038 0.193352051870385 0.0579137746121224
0.243121721090763 0.190701576335561 0.217515764542221 0.0701209400598344
0.190998472387234 0.306208389024252 0.193803543942566 0.126787373723012
-0.00314745523778064 0.374639198673359 0.0817167345782253 0.208476233732778
-0.237714935127272 0.241271969449368 -0.0456283195984571 0.186912884474159
-0.374891316262514 -0.054013287748803 -0.0991929676388227 0.0783061616288859
-0.234621791013989 -0.375367580841984 -0.0425243770226642 0.0184727862834293
0.0519633660723389 -0.486890656272888 0.0162690433468785 0.154085944793228
0.0608229608957471 -0.374483589463007 -0.339866389672562 0.51881319519978
-0.16357715703576 -0.313995327438351 0.116610511970761 0.372006265874464
-0.274097929413059 -0.0970980815039307 0.107525902407171 0.053119130166546
-0.205777896917465 0.131734121678997 -0.0785164732470397 0.00247502801714814
-0.060332665803413 0.232693129315234 -0.0613763021769918 0.225449650311265
0.0868741314278453 0.229729935811267 0.163772385869612 0.260223859775612
0.164584488034632 0.163398904790447 0.263077906997378 0.173822400581141
0.165992212934151 0.140507375794187 0.275212614650145 0.120330398553497
0.148543726679747 0.151717067324943 0.27915642999247 0.127429977807293
0.096507819254474 0.205394011753429 0.221311956625852 0.176593095461985
-0.0309208572813395 0.219361262763875 0.0832816289454481 0.231739244078772
-0.138023191225652 0.10611711272298 -0.0522473727487938 0.172117950850919
-0.174887986491888 -0.0325404929234052 -0.0539130276650136 0.0836673595540088
-0.14531312489902 -0.195381672798608 -0.0155092024675436 0.0762868168115412
-0.00350385637935742 -0.302379750060127 -0.00979962749039896 0.272801301058797
-0.0282976446554684 -0.176427819291339 -0.336243609502258 0.62773454874465
-0.113068005565237 -0.106760132973981 0.12378308064361 0.449265660072126
-0.0959504441954265 0.00264434543368042 0.135308508153909 0.087295009449769
-0.0553449940199397 0.0365145919084691 -0.0587732028669291 0.013879432761818
-0.0324088134600713 0.0632211955717917 -0.0656667943484934 0.240660904400335
0.0121962105078629 0.0886239316639572 0.173142717512632 0.307727805095504
0.0485038752534803 0.0902441383467751 0.302730879616931 0.224422775519329
0.0467410198485531 0.093623981671249 0.315459502243327 0.163533616035228
0.0388151950405857 0.0911135163385562 0.297336814366221 0.169405959935764
0.00148953893524336 0.0822382722164158 0.21340538561793 0.204389263115462
-0.0450269989165806 0.0581824948325444 0.0663661949903836 0.222024681834336
-0.034814991947546 -0.00728782501286309 -0.0563449142626021 0.133576977207639
-0.00129185443460694 0.00399859695574214 -0.0162369204455826 0.077058832287706
-0.070005146766163 -0.0164833931633708 -0.000344592163203422 0.107181972212309
-0.0612869624725794 -0.0995287304728074 -0.0224331495885375 0.330000001488075
0.108701358906818 -0.0339994721977654 0.0730045011457131 -0.39139845334788
0.0366051121175146 -0.110049347692923 -0.0412417700632298 -0.173305233978719
-0.0900188413080996 -0.0762550443239755 -0.0050310289718551 -0.0649499505650744
-0.0769870353813119 0.0617050343687537 0.0596872261390588 -0.0665758835687162
0.00693804291786983 0.0952932659076898 0.0218968429752453 -0.194897838868456
0.0539592392471409 0.0515307953701656 -0.142908253911343 -0.265149601934728
0.0674751925351406 -0.00211736788503165 -0.254946087194386 -0.248635642926087
0.0763802427304239 -0.0145425794018558 -0.270151596795969 -0.231159106478051
0.0707347951761691 0.0084961834347807 -0.245808064425324 -0.258266016971246
0.0713121038584214 0.0777706658196105 -0.121459822740687 -0.284090395358138
0.00396313227274547 0.109335735946054 0.0381829865503157 -0.219975066557918
-0.106112951503067 0.0586861350626865 0.0462505877987775 -0.0525931548402045
-0.114712582904393 -0.0988373126959842 -0.100079121301738 -0.138882501992245
0.0591942047683624 -0.142694434081524 -0.00531272861377369 -0.360406393485661
0.127994885738918 -0.0577502090620913 0.397788188361373 -0.532338777705498
0.180604525632786 -0.187382532395897 0.038451625260539 -0.332158065773608
0.0275207568304689 -0.235842159740467 -0.00798953958832473 -0.164619624610702
-0.162149279966721 -0.14768030049636 -0.0155756286018447 -0.0795515700955713
-0.17077647940427 0.0833954121485153 0.0327966565975671 -0.0563023667260277
-0.0420431303015332 0.200721623400477 0.0299657364611215 -0.153122720858342
0.0844136660930558 0.178601359875195 -0.0981908251502878 -0.239170880525363
0.15190371088886 0.0953908741623703 -0.203757735873745 -0.235606898466895
0.179526303258034 0.0716900502699185 -0.218582739271217 -0.213871180973893
0.169139552804809 0.107275792756454 -0.18844733358625 -0.225055964099448
0.132493593214117 0.230139451850466 -0.0868155223640373 -0.22851812685866
-0.0375696924157234 0.277652994667571 0.0226298092705166 -0.155046368242918
-0.257540566615985 0.14910823598885 0.00996943832667842 -0.0176937892764226
-0.308355582630861 -0.182442318999381 -0.139232730184427 -0.134534316592919
-0.00737797060108577 -0.371517144289808 -0.0322322952198696 -0.354745759730102
0.218837414780912 -0.296204400396424 0.339639325091103 -0.488093720569302
0.2389166885163 -0.327273390654601 -0.026272403270367 -0.227658808804123
0.0106337936681421 -0.360510215031464 0.0264184589309513 -0.121527281260131
-0.23922546639233 -0.219944557587489 -0.00323505273684898 -0.0910926039032326
-0.266511422997129 0.102983244511823 0.00552264478215295 -0.0657109124346439
-0.0940982950113946 0.29426604995882 0.0162592021521194 -0.10199205224323
0.103698921977077 0.292445415113307 -0.0534899273285864 -0.175865458249394
0.216264970295403 0.184890944056647 -0.128158538077185 -0.185191605119156
0.254594577061547 0.146858122264256 -0.133566310006823 -0.163636771594136
0.241996823339912 0.18622670329902 -0.0981172298635034 -0.160705009091628
0.182225727071 0.345306294480068 -0.0285740572347363 -0.141361462257006
-0.0594351136073837 0.415078487376638 0.0183887818459436 -0.0627677720047674
-0.366456821918664 0.238668824176592 -0.0208180696300845 0.0358189982757634
-0.46983369152206 -0.217839952025716 -0.166100972297807 -0.0959001472281938
-0.0946826280390638 -0.539230043497765 -0.0650723874842546 -0.294762739021033
0.263830522247955 -0.487608263736983 0.249125669739257 -0.368778357373335
0.270836670001766 -0.437290060408455 -0.118353583549033 -0.0725673654228382
-0.0249887339846587 -0.469085026445121 0.0584760562776915 -0.0285862836772948
-0.324075019276984 -0.27530797179485 0.0294803577807884 -0.0838574389829951
-0.352455837849767 0.129329279246836 -0.0198170531811856 -0.0789773610581235
-0.134874193671303 0.3679314335874 -0.0127077117481917 -0.0362567864681505
0.114428270318619 0.373921685603841 -0.00750026441792824 -0.0762502063706524
0.253477084275148 0.25006804414658 -0.0342774004708637 -0.10150517574607
0.291759519963902 0.198004632269549 -0.0279024759226944 -0.0879515407804319
0.274432213036477 0.233685097617938 0.0101899311706764 -0.0758020323556769
0.208008967170426 0.405987912428341 0.04709047508592 -0.0375667622610297
-0.0621007999611838 0.487994524020833 0.0283416723567728 0.0468227777032414
-0.406585513902529 0.296247570203434 -0.0426537911361434 0.0995693874379103
-0.548220046692485 -0.203952446395526 -0.168625099793977 -0.0323371124853552
-0.170061867666739 -0.602951701227736 -0.0818158996384846 -0.190079863884092
0.256653319633571 -0.591659250733216 0.145241063143407 -0.196487175245862
0.262596272740313 -0.49218606068018 -0.222955683525732 0.119283620734671
-0.0688646781318678 -0.522542956305291 0.0805945202938678 0.109338284038813
-0.378655268554893 -0.289535486336828 0.0688480640111033 -0.0504736641618882
-0.391213209757039 0.146721504720431 -0.0448163306143358 -0.0752281926626368
-0.153452077658498 0.390572208485965 -0.0467052104655226 0.0486780833563096
0.110477861573001 0.397632483126026 0.0401246126405008 0.0498590802046933
0.255055933593764 0.273419213676636 0.0677247598572544 0.0051090272661306
0.283278373120802 0.219502317150897 0.0820189603555947 0.00105830754179437
0.261838190517029 0.246538228247679 0.118087147996915 0.0153992499700537
0.192435819200981 0.398776075488522 0.123269934121608 0.0650692185497722
-0.0587536535558419 0.466744368423639 0.0464107393549379 0.147802044298203
-0.366397116488211 0.280515205149948 -0.0566883682651803 0.152706949854678
-0.502680738984499 -0.16062918638576 -0.144345939664771 0.0284674509621459
-0.194008749701995 -0.547170370372129 -0.074670987994829 -0.0715280202043064
0.209808668287232 -0.578461509924293 0.0512540921731282 -0.00602949335463932
0.208203298258272 -0.467235233198496 -0.319187561390976 0.316312478827992
-0.100628663871287 -0.478271235833155 0.0883983440864205 0.259701239855329
-0.357054349722789 -0.241924759558841 0.0977754414154847 -0.00034601857479176
-0.34718533917185 0.135479095268033 -0.0679979243088855 -0.0512236590324787
-0.141098505403497 0.336362271546165 -0.0762631378501399 0.137784680807077
0.0881700347365 0.349545863349435 0.0841256703371877 0.176146993175665
0.213615670618008 0.251711548339263 0.162672245129982 0.113808336873847
0.229162980170466 0.208024844122348 0.17977792427587 0.090176708425635
0.205720875682057 0.224582602876134 0.204770193921655 0.0996166480347283
0.137823568129854 0.327823811787301 0.176153306340773 0.147531309996179
-0.0606534610605227 0.360924524275075 0.0567345902104349 0.215508598752053
-0.271848374406732 0.193671267929797 -0.0653590747675601 0.175251971453592
-0.351400237080322 -0.112666047263556 -0.105343323773354 0.0645823802013499
-0.161306063926641 -0.398983711201889 -0.0534981819500403 0.0231293748064569
0.139745782561948 -0.464048307794897 -0.0190300639715994 0.158772117523708
0.113438803073132 -0.355241789021632 -0.386726710313997 0.478460104752505
-0.109163496863231 -0.331289374340758 0.0791047560949723 0.382697057190506
-0.249561896105928 -0.139813100298401 0.111750157875763 0.0538723160625474
-0.222913954492276 0.0901445213658213 -0.0758737553563346 -0.0196307276186916
-0.0998171359790271 0.213413264146564 -0.0944867050750241 0.201483757379504
0.0489815437339472 0.236171049266464 0.114301809883933 0.27419951134051
0.137375821451609 0.1888460839271 0.233983271017185 0.205470159112351
0.141675493306879 0.166611807991183 0.249442952626912 0.164502503901017
0.122019803943965 0.171498849181673 0.255940841737932 0.168019279702322
0.0618996195376288 0.215170955803156 0.192895995977332 0.2041931334343
-0.062939141921536 0.207030874916504 0.0498729325925754 0.238969453935276
-0.151530517091635 0.0796002585966525 -0.0731934030642889 0.159843265600422
-0.161695611348979 -0.0613237181440729 -0.0630907829772789 0.0735274910420961
-0.10296657974717 -0.210617097262838 -0.0334964478525008 0.0798100690394832
0.0550698392306562 -0.291983243685221 -0.0628390026702033 0.271183262878628
-0.00125796649309053 -0.176437746063587 -0.40821844266273 0.574702537078085
-0.0942947486772007 -0.121639568677031 0.0639205573677021 0.459273738002933
-0.0920833936602545 -0.0142937392847513 0.123430866299708 0.0972617255627547
-0.0607402656186312 0.0245514249365814 -0.0617689491309385 0.000357643859889719
-0.0440608245012616 0.0551777724583702 -0.10114765600775 0.221889856396927
-0.00136612524985646 0.0872105591135139 0.122742359056457 0.326598554570726
0.0358051371415309 0.0971473792085335 0.268020733970889 0.263423286938426
0.0329990862087843 0.100736396663892 0.282201255449625 0.214793562816664
0.0261883437631216 0.0943275909722983 0.266279267471986 0.214995384697248
-0.0109663392096537 0.0807378010416644 0.176995622989214 0.232713259437953
-0.0507276105607243 0.0500539514535316 0.0311311284881123 0.226275066085691
-0.031631977715553 -0.0130688335895502 -0.0739009780729499 0.122158516484884
0.000514374603060278 0.00112928507862124 -0.0249970015575538 0.0704566837940889
-0.0604603648307931 -0.0254076619178103 -0.0195412594355754 0.109520791916031
-0.0352922026692539 -0.104542800963555 -0.0814361826967699 0.324523521856659
0.110729998774993 -0.0357079317399732 0.0774311267720563 -0.399658202021836
0.0366976453470182 -0.112341497137142 -0.0436805909316388 -0.181956100854569
-0.0939861439798711 -0.0755439926155471 -0.0083552780220079 -0.0670744341966139
-0.0775610042438803 0.0641115962489064 0.0574917298179565 -0.0650631819351712
0.00974007342257461 0.0979927466494131 0.0227024816368399 -0.194280428348673
0.0553098954594675 0.0530494843191754 -0.14689288008937 -0.268130121998114
0.0678912559605121 -0.00372695400162541 -0.261050204735968 -0.254827339921229
0.0772698992095653 -0.0155323811728081 -0.277677366782409 -0.241815771837411
0.0731640770593609 0.00917217543890757 -0.250986200378067 -0.267382808016996
0.0744244602282797 0.0795623592725093 -0.122922181102479 -0.294054603326725
0.00472745676533697 0.111094018377339 0.0419423527424071 -0.225812521853046
-0.108945729888083 0.0600776830385845 0.0504720911577001 -0.0518550745558759
-0.117241246272084 -0.101333768071882 -0.101460919024232 -0.137592728830276
0.0602892606991458 -0.147228709664301 -0.000435233081513197 -0.367232842922698
0.132051085768481 -0.0595513052382051 0.409305549682431 -0.542513912381087
0.185558527722606 -0.19010362143401 0.041838108962081 -0.34083086922054
0.028818409964454 -0.241961500361458 -0.0100655709679932 -0.174032282053091
-0.166994664301129 -0.151010539401335 -0.0192193229067238 -0.0813189283188336
-0.174566538459505 0.0856229870552648 0.0300096910999301 -0.0539377706229352
-0.0403620147100484 0.206002742375538 0.0316400509646306 -0.152250714498079
0.087405711124841 0.183041173649856 -0.100589625782877 -0.242863068464994
0.154306367727422 0.0977844515387764 -0.209199026130822 -0.242155494349474
0.182272238252702 0.073903270839 -0.223776393161721 -0.222829466470742
0.173383616691891 0.111641097103369 -0.192379759047678 -0.235161613519537
0.136477006602158 0.235816374765744 -0.087485780118745 -0.237935197785135
-0.0383496441604539 0.283223694731985 0.027475285462722 -0.158631653057062
-0.265373731090396 0.151804672658968 0.0143426025681466 -0.0165642693232107
-0.313783363327745 -0.189620444772965 -0.141415692054482 -0.135804082130372
-0.00389287996622957 -0.382805323601225 -0.0294194340031448 -0.362439199133887
0.22739500691686 -0.304565085206171 0.347824814505743 -0.496835766985747
0.24741897792783 -0.332536762365122 -0.0250674827117432 -0.233427011564969
0.0128238021660205 -0.368559155131917 0.0258001083884974 -0.131549734260296
-0.243221134492795 -0.225534798959076 -0.00698763500552138 -0.0934647011877837
-0.273781132173933 0.104579927793475 0.00120231594198541 -0.0635281105996946
-0.0942944028245636 0.301318874035732 0.0179513494108381 -0.100660280895654
0.107821386282962 0.300078817259519 -0.054234299803393 -0.179883787719931
0.221452648267019 0.18990365517503 -0.131089950339647 -0.189396216054381
0.259292669808391 0.151550493588202 -0.137163871167057 -0.170456447775634
0.24705718469813 0.192755210373281 -0.100632196601933 -0.168802680090863
0.189152371218775 0.355221938248218 -0.0273364814442913 -0.149481875213983
-0.0599202985645589 0.423688060599082 0.0236911773406826 -0.0629863519496442
-0.377480187965442 0.24249732169372 -0.01727342937956 0.0373944506506231
-0.479003333453601 -0.227871602840216 -0.169676022004001 -0.0967928080623194
-0.0921490028192405 -0.55513460735023 -0.0655274273671347 -0.300823363775529
0.274656500443443 -0.501582265959058 0.252107471163766 -0.375975874235795
0.281094149028709 -0.443305772138455 -0.119502468701348 -0.0763586970531344
-0.0222963679401657 -0.480059384409937 0.0574913940974317 -0.0371037528827408
-0.329248330144564 -0.284817240647926 0.0269550591109189 -0.0868067390872518
-0.362495039707992 0.128765651402975 -0.0252749642377506 -0.0769477185927134
-0.137900456976641 0.376929913725873 -0.0123774487990329 -0.0336407865240915
0.117773323444584 0.382781294588244 -0.006716598729403 -0.0782026408947709
0.25977765688936 0.256325017850589 -0.0349665513491799 -0.103175244515415
0.297624797180554 0.205102188856742 -0.0286175605600108 -0.0920184353063399
0.28046569417096 0.241789730896133 0.0109114385589074 -0.0817153268088901
0.215170557695165 0.417004591365723 0.0498390363183322 -0.042633986415001
-0.0633117229234206 0.497411298985299 0.0343369987473831 0.0483921765180165
-0.416755158685558 0.300107767680798 -0.0394286888150389 0.101243836898477
-0.560577167761153 -0.214591354010605 -0.171659344232581 -0.0347416613642289
-0.169755948949152 -0.617160616101149 -0.0838461724194093 -0.193364919013767
0.268423546005045 -0.605301658533117 0.143317714473421 -0.200225659622163
0.27273516908073 -0.496385890133089 -0.227564514108713 0.11839205384773
-0.0652888889575353 -0.533670242931699 0.0803334518034506 0.103648107378494
-0.384517339752587 -0.300882514469291 0.0676569268047309 -0.0534968813939687
-0.401542499247695 0.147284319136837 -0.0519855208416049 -0.0750198090426106
-0.1565033477655 0.399194806940798 -0.0487942801952068 0.0529412759447839
0.113994495503879 0.408239340800888 0.0421480047660715 0.0491124826147182
0.261667581987783 0.280686234286034 0.0693465770964573 0.00565563982365032
0.288615718951579 0.226641911762026 0.084350232913805 0.000776744151083966
0.267018798532933 0.2541686004508 0.12121214008468 0.0121925055218599
0.198802557228741 0.409661047705746 0.126444213428061 0.0619166197916626
-0.0599416444578001 0.477382463409029 0.052075740894919 0.151170447092348
-0.379382285693569 0.285408320969163 -0.0529992296430533 0.155271111587796
-0.51288875491165 -0.171269845236319 -0.146844968617014 0.0263826629740506
-0.192671309070347 -0.561339055764243 -0.0787975785246443 -0.072006152286502
0.220416443317895 -0.592752437205689 0.0472832031230315 -0.00579354657301947
0.216551520059977 -0.469993823020845 -0.326677177292539 0.318899799920752
-0.0974979079450791 -0.488673403562336 0.0885095906943076 0.259394081920835
-0.361252228815193 -0.253056923653142 0.0984556995498183 -0.00207123666301849
-0.357162784639732 0.135354774654969 -0.075301171814314 -0.0521775350207158
-0.145206005713389 0.343894985384065 -0.0799842490924408 0.142316568173557
0.0919615644538317 0.357652812231111 0.0868661781594829 0.178640146802869
0.219098641167868 0.259367530286846 0.167252695025848 0.118236698687038
0.234188165837245 0.215443626181191 0.184519938187595 0.0929933433304712
0.210504104469516 0.231831439438407 0.208848709772769 0.0994536321087273
0.141995392512281 0.337625363358913 0.180664167427137 0.147215107034531
-0.0608300515930145 0.369266850812898 0.0621486471868548 0.219608664721833
-0.280251849344552 0.196655848064497 -0.0633068153713492 0.177227214333066
-0.359209740712567 -0.12114785170767 -0.106511681845716 0.0635318703588714
-0.158590842125337 -0.4100259646547 -0.0577566044816593 0.0258236310921009
0.146797771976262 -0.474521609943497 -0.0248568398940024 0.162540610889225
0.119719138193166 -0.358390975528513 -0.39672197911994 0.484740437029623
-0.107823714890807 -0.339051697511727 0.0789470136604911 0.387759770672293
-0.251790399244516 -0.147670056722838 0.11287488426624 0.0533074772257817
-0.230080505779509 0.089924797387297 -0.0827387554005607 -0.021237490771634
-0.103317923537962 0.2182387620448 -0.0995792136822973 0.206609177847295
0.0510128832151646 0.242192839179402 0.118177166993829 0.279882879760251
0.141142205456836 0.195172491914098 0.239271608218006 0.213004903247914
0.145359489315685 0.173082966457248 0.256933353191196 0.17078464373711
0.124437474958453 0.177623272909626 0.261359620057872 0.172018900587269
0.0630269217137412 0.221520982508473 0.197025539136766 0.205149104692521
-0.063540671623332 0.211489772710126 0.0531435461014049 0.242066598928171
-0.156540780972237 0.0793610954754808 -0.0709256152163006 0.161258174980415
-0.163343813252579 -0.0672102473058041 -0.0624881909322718 0.0721596236952872
-0.101378828446682 -0.214131412666476 -0.0363055990461331 0.0840905600218948
0.0596800838425884 -0.297853522013948 -0.0684452363814659 0.276485033027309
0.00117690016166009 -0.17730596503701 -0.421481471686516 0.583190287606007
-0.0943158075523026 -0.124118544143501 0.0640055587107738 0.467229407701172
-0.0920816392225392 -0.0172975536296579 0.124986657239454 0.097398987797538
-0.0635370641808056 0.0240697368704738 -0.0680304170569104 -0.00235483542817604
-0.0470132576481267 0.0567195641926667 -0.10710746985397 0.228105833487905
-0.000992392220361707 0.088431489568685 0.126139727820263 0.334507862596443
0.0374662822104461 0.101011828725265 0.275005813045013 0.272743596072989
0.0353200311470474 0.105215455936757 0.290108006470502 0.222969416393528
0.0262241295104449 0.0982695645079982 0.272406921332373 0.221194991547622
-0.0124686115284546 0.0838233670003853 0.180057163982189 0.235319341130069
-0.0521621794662842 0.051860656009937 0.0332912277454216 0.228462323216308
-0.0335292670399913 -0.0145584773544759 -0.0724861271009385 0.122314000145624
0.00182827320126724 -0.00204211467974359 -0.0228209782717553 0.0692033635519493
-0.0579709113176048 -0.0242697898852797 -0.022055426254149 0.115907716815885
-0.0337958239972787 -0.105431929682903 -0.0867298880173286 0.330430072926757
0.112414277319894 -0.0421650109726737 0.0665135563513206 -0.414573612988589
0.0333552162123844 -0.117778783441282 -0.0546292841106418 -0.189364172835012
-0.101019789423429 -0.071294387435468 -0.015331156180496 -0.0685910289999635
-0.0757045251259408 0.0698255128310702 0.0537284148879556 -0.0657504748427237
0.0163939093781654 0.100273658310155 0.017787596920149 -0.196744847709111
0.0597264539221102 0.0528458847588697 -0.161140749029443 -0.266968652219294
0.0682651881481494 -0.00718583279067659 -0.279210638450834 -0.252955108689383
0.0782287996564621 -0.0195370894437819 -0.29652109961234 -0.242181847450925
0.0764661117379697 0.00766657143861691 -0.269581583142874 -0.270071164208802
0.0813934547280152 0.0779797075213692 -0.137101039811201 -0.300827923035659
0.00877020084022499 0.113380018354726 0.0378725816875432 -0.235572125914204
-0.110857476895057 0.0658274377998308 0.0534044752032798 -0.0539305400061288
-0.124251031996899 -0.0999221616384613 -0.108140793763178 -0.133842329169266
0.0567434886853398 -0.155835113612752 -0.00936728932765299 -0.376072515346293
0.134830235692493 -0.0680192301356183 0.402108813849607 -0.571102872270186
0.185443631413402 -0.202414135158725 0.0318931345701382 -0.352840696032804
0.0211875266846052 -0.249918059952491 -0.0196044206295202 -0.184628697544343
-0.177536308944937 -0.148056779428543 -0.026650841625648 -0.0835200548924945
-0.175457415453235 0.0954155095523114 0.0253920607983279 -0.0521741001637769
-0.0307842092945573 0.213564921007776 0.0282365265064067 -0.153489406531454
0.098664170613742 0.185461491329742 -0.112821993383286 -0.244078085397372
0.161938279948438 0.0940546547254351 -0.224430284280277 -0.241059912942148
0.190382548335911 0.069302513894473 -0.241409751474686 -0.225900113243781
0.183056759865388 0.109283019947279 -0.208084913066723 -0.23871073671285
0.151524288348999 0.238163778408678 -0.0979212875403293 -0.24547995094313
-0.0292038644111605 0.293091081807608 0.0268580910276462 -0.165044629747596
-0.268989492640992 0.165360595012211 0.0175624326776901 -0.0164964700609508
-0.328252461572046 -0.187228663579249 -0.150225373293055 -0.132153554245219
-0.016374015109422 -0.396842131887243 -0.041603265172176 -0.370763429859218
0.226109340369929 -0.323865913885958 0.337960203844533 -0.521592303864008
0.246072851320615 -0.347160544409763 -0.0321614451014536 -0.241008668227899
0.00157370034930991 -0.379689105995852 0.0187958559328065 -0.143125906154684
-0.258401424200456 -0.224569411324299 -0.0144600801415113 -0.0965455625936335
-0.278372012875413 0.117218348042891 -0.00523957301821009 -0.0610374970349708
-0.083209900849512 0.314153435188817 0.0157879433394725 -0.100246037857775
0.124155552040617 0.304697040923437 -0.06266007888454 -0.18204601743782
0.234936923495649 0.186689503030528 -0.142490251348588 -0.189883191286153
0.272903070670777 0.147127755681413 -0.148594895309985 -0.173998054812812
0.261989931859628 0.190702515321264 -0.110506516420517 -0.174876947216982
0.209663421582769 0.360468853628552 -0.033030600570473 -0.15686995590928
-0.0464666084509935 0.437434267299362 0.027273465801938 -0.0662787222392139
-0.38153644246498 0.262720654556704 -0.0119315629450791 0.0392889374416461
-0.499665979554274 -0.221653310757633 -0.178022380668764 -0.0925308351749391
-0.110722442430997 -0.57077877651433 -0.078103260444709 -0.305823683770773
0.26803077966283 -0.527324282083163 0.240571533228209 -0.394600236883299
0.277511513489228 -0.460725591487211 -0.124105134150855 -0.0774418038039115
-0.0358393974538511 -0.494359335538969 0.0546045755545586 -0.0474163398771153
-0.347144927967706 -0.284199577835044 0.0213799109342781 -0.0904696772114737
-0.369592101006711 0.145595989938837 -0.0340266276922312 -0.074397535474194
-0.126185376961672 0.392795712751406 -0.0134863107371486 -0.0303845258141114
0.138935523998778 0.389334292334467 -0.00965195682470852 -0.0811312334954782
0.277176218990032 0.255187071308794 -0.0398907981527611 -0.104003717185071
0.312846602524667 0.20119649826397 -0.0335022148183563 -0.0956130351429053
0.298768252760303 0.240581635329598 0.0071907255979618 -0.0889551791061159
0.239372254055897 0.423117020051559 0.0498758698048765 -0.0503500768897041
-0.0473523363789596 0.516110068203574 0.0430851542191235 0.0482750831500175
-0.421572888504439 0.323206194904267 -0.0320836660061012 0.10486437076183
-0.58229092639725 -0.207048342029609 -0.178831947034346 -0.0295822470728582
-0.190615130602935 -0.634146730701186 -0.0955685291653911 -0.193407778670905
0.258171492588879 -0.635300244999802 0.134164830199037 -0.209457757544891
0.269411311719826 -0.513770304561408 -0.229761002198351 0.126346739730073
-0.0818266142318697 -0.548394444007722 0.0830514071739621 0.0972541137250116
-0.405064824131404 -0.299735566413967 0.0651248163709695 -0.0585671656926543
-0.412320043276068 0.164004390037714 -0.0623462830361137 -0.0720119319873657
-0.147791260300869 0.417339920243995 -0.0490562094776625 0.059293421583233
0.136140872880497 0.414887719325722 0.045775568456825 0.0477968137298491
0.279894209334859 0.28002060227872 0.0719125515141989 0.00502978941489842
0.305230562833143 0.224857134888754 0.0869196526279252 -0.00283091129553623
0.284280973641475 0.254398942614524 0.124568703617016 0.00482206064134968
0.222612986846259 0.415305551375647 0.133160056343514 0.0544888894847404
-0.0436997212828945 0.493914247662354 0.0650604123971115 0.152616568185491
-0.381622987292786 0.307898099370642 -0.0445324831803027 0.160071204068752
-0.53491910057116 -0.163128551339618 -0.150376608201782 0.0311440540270866
-0.213498367847945 -0.573479257978886 -0.0860316384748624 -0.0679323801462649
0.209748619605922 -0.619189034874617 0.0418947025867728 -0.00587755499487463
0.212820019604544 -0.487509607618979 -0.32654972729021 0.335937970809155
-0.114255156022277 -0.500605507941317 0.0974210401817156 0.257976029434574
-0.378000148464475 -0.253326797483723 0.0989966754692944 -0.00725324281742267
-0.365078506408433 0.150348456974195 -0.0857293335885553 -0.0490125573575453
-0.137651167107732 0.358998013291317 -0.0803767893571303 0.15259014397766
0.109764966233976 0.364998985271649 0.0966952215959346 0.179091950043067
0.237054401905843 0.260175796501435 0.176546783618589 0.117584633694546
0.249572672544881 0.215405549896489 0.194496612255597 0.0902902975249275
0.225201851054265 0.233365298256367 0.219437932680117 0.0923536909321161
0.160776222807693 0.343782268100459 0.191518102922397 0.140936429359137
-0.049256362299151 0.382963186700785 0.0757777727929504 0.22111756314553
-0.283045751182208 0.211889286751868 -0.0544769898875905 0.182999146987867
-0.372046372735786 -0.116984049253658 -0.107026609996217 0.0662387099179273
-0.173250900840063 -0.416472864500977 -0.0615780856213922 0.0320731484906218
0.138167318080096 -0.494872463167772 -0.0255604491272007 0.168753801167043
0.115062670309306 -0.368332554251028 -0.392669709514889 0.509256111278926
-0.119921418508666 -0.345529313452198 0.0931125114182116 0.391691704725706
-0.262539810188646 -0.147859055188842 0.116367793161437 0.0486792216097864
-0.236027328022062 0.0999063715600372 -0.091418934808465 -0.0184988560080648
-0.100358763409495 0.228829318334519 -0.100364015447718 0.218737840370508
0.0625758739077446 0.247031467351945 0.131528868164801 0.28243241268483
0.153922701509497 0.196704479785024 0.255273241469132 0.212087767699201
0.156868404981525 0.175670247223748 0.272085207921646 0.1693070799693
0.134625114173732 0.180159421509666 0.275909206090861 0.166040950628032
0.0737703513914074 0.227770300008749 0.20946808895865 0.20095360586162
-0.0573148133496496 0.22095266351184 0.0668533279699143 0.244346180997445
-0.160252431324978 0.0864350348795009 -0.0639271054304678 0.166426635273853
-0.170553246349091 -0.0678898445977116 -0.0611639618703009 0.073423828940913
-0.107000484477177 -0.216652490798295 -0.036398210270806 0.0920307446320047
0.0535460934546989 -0.308149498383091 -0.0642963256456802 0.286880494792748
-0.00264912260306659 -0.180387788008767 -0.414050026153283 0.61020287153989
-0.100271126693728 -0.124052653558607 0.0819095038022637 0.476220432961218
-0.0940373887536663 -0.0176327471048293 0.130965141268341 0.0935267682884596
-0.0658870299293639 0.0267589746334516 -0.0740146752426793 -0.000865762729177573
-0.0474271852134259 0.0602721083408453 -0.107879379031412 0.240509951468758
0.00231280280265034 0.0913380803360238 0.142683702698961 0.339729083860826
0.0439810538646213 0.103747972866873 0.29430563412399 0.272637598776357
0.0413650889262329 0.107986848698335 0.309402911889786 0.222967928832383
0.0302783789085741 0.101217308936949 0.289287034650927 0.218097751081528
-0.0105783993753669 0.0884530693066025 0.193802399338029 0.233149661119996
-0.0517576439724343 0.0552272842036218 0.0436060524663247 0.230493666082135
-0.0365056099155413 -0.0160928029320345 -0.0666904737108566 0.126321154505575
0.00255051428461263 -0.00553976546463407 -0.0190190267542685 0.0691858992419168
-0.0563193595274189 -0.0221065831823224 -0.0194565721868025 0.123594175313148
-0.0366759928891922 -0.10612377638153 -0.0790307496597405 0.343217698211912
0.110294192284306 -0.0505950350834608 0.0436050899616883 -0.418177753503465
0.0251315150565402 -0.119939672295614 -0.0696524771084386 -0.189420489779971
-0.106398932889208 -0.0616617975691022 -0.0242932342554096 -0.0673385316414573
-0.0700263677666882 0.0752860405359006 0.0472684037012194 -0.0646698900879284
0.0250934463873636 0.0985213307341903 0.00820628323323028 -0.194605586883995
0.0637366187495547 0.0493447254391916 -0.178382401048563 -0.253693334374408
0.0665227578757658 -0.012010107207806 -0.295745902901408 -0.235689385729037
0.0766671727050494 -0.0249502699200935 -0.315649828595692 -0.228473076698656
0.0778995915428404 0.0026708607289553 -0.289379077721983 -0.257105419895889
0.0869308617810741 0.0724116828897984 -0.156562338836576 -0.296825813099136
0.0162408007775229 0.112637228375671 0.0260155179608554 -0.240264221928396
-0.10648170380152 0.0732136015026208 0.0536808601061041 -0.0563283115506547
-0.130054188805874 -0.0932432302614366 -0.113628169073241 -0.123532851524026
0.0469019540063219 -0.161176720784147 -0.0284996909225588 -0.376093100978101
0.131601583445538 -0.0779359151997279 0.368679186396094 -0.592363937849664
0.175007588208646 -0.213747699734601 0.012807521300321 -0.355770421605988
0.00574305475525526 -0.251887287436383 -0.0349679006521403 -0.187157219018765
-0.186944909880807 -0.135366993710767 -0.0364994526203153 -0.0812400491817571
-0.169096099477502 0.107053987719186 0.0189572551164283 -0.0489327351393241
-0.0150384497646509 0.214655536147713 0.0208085364871406 -0.151101058900175
0.112601598771118 0.179823861490507 -0.128331050199548 -0.234916984631202
0.167283407038088 0.0834427103063076 -0.241189099333527 -0.227518675026872
0.194547321658599 0.0581326082974492 -0.258711399293966 -0.215508490074106
0.190907516869241 0.0989499370311011 -0.224722643458766 -0.230990705332152
0.168292875342506 0.228809643824337 -0.113708849214759 -0.243950649848253
-0.0115940011868982 0.294916633218356 0.0209764482721211 -0.168604769232687
-0.260133308110255 0.181745893824151 0.0204545589498679 -0.0173905355927072
-0.339914701396523 -0.170040152929304 -0.157868702076908 -0.119775444173912
-0.0388219735448077 -0.398961972395856 -0.0627957348028975 -0.367115076145632
0.208534293702185 -0.340886386656458 0.303699771504885 -0.539645335290763
0.22835741461337 -0.360704282745592 -0.0456697970856658 -0.240986209474105
-0.0211497519510505 -0.380208205742607 0.00580526095950657 -0.150092128898885
-0.272832690792653 -0.209426931733602 -0.0241537998447741 -0.0957131641421939
-0.271461957303402 0.135255072498045 -0.0128486328770498 -0.0547923371464693
-0.0617588961554709 0.31957746025507 0.011180157989908 -0.0968648788176829
0.145692026735161 0.297062176224132 -0.073791902931276 -0.177413823198993
0.247099590799658 0.172488691007004 -0.155335147331712 -0.181250644298817
0.282596468753759 0.13185586948765 -0.162125901263319 -0.168449301371422
0.275542122574095 0.176518914760914 -0.123685943543602 -0.172470113634234
0.234745381998074 0.346948024987298 -0.0430814836696909 -0.15957757521318
-0.0199590145954553 0.443432025196248 0.0287819449438672 -0.0701305680910898
-0.367086708429 0.286523193478866 -0.00554194458549803 0.0396181066045903
-0.512806612826475 -0.197350289620781 -0.18443944979175 -0.0808551223178796
-0.142645324074829 -0.568541643621413 -0.0965732249137935 -0.299171564604679
0.238925470528058 -0.5492236448499 0.211998130865113 -0.405206763939609
0.255924345255998 -0.473830894781287 -0.128575811563996 -0.0721751270333153
-0.0646584170939999 -0.492971827436523 0.0474271524990058 -0.0567353521400905
-0.364541770823633 -0.267344857631967 0.0121908932789186 -0.0922511823587109
-0.363015251358035 0.168235597699853 -0.0431923214123448 -0.0659800495414302
-0.100900143329586 0.40112322446901 -0.01473618324115 -0.0252389653350386
0.165355453576715 0.380624614130623 -0.0143941071938476 -0.0805639494295382
0.292353651241032 0.238533854326354 -0.0461907801933002 -0.100386847612491
0.326496000246876 0.184456847862525 -0.0409490421897963 -0.0958460462487571
0.314252395898055 0.223656937708132 -0.000226714774931408 -0.0937532375259472
0.26982052514819 0.410018863999856 0.0466164511442858 -0.0580197803905725
-0.0147482433924452 0.518964640423997 0.0512695290878575 0.0432848313517048
-0.404360327185325 0.350227777685172 -0.0213890581862947 0.10632994252454
-0.597673844725328 -0.177321360136215 -0.181568924374239 -0.01804288471138
-0.225717211031665 -0.626639091908447 -0.109326174570212 -0.184110754617071
0.222006592861577 -0.654388650390739 0.116178177029827 -0.213820196751229
0.245253832027498 -0.527509100972472 -0.222552318147346 0.136724726442638
-0.11159223707704 -0.545590112830179 0.0849471796663266 0.0864070153338492
-0.422324160776525 -0.282300402118415 0.0587339315354327 -0.0634639139199378
-0.404076947228115 0.18924816782704 -0.0719624187101334 -0.0629322006349096
-0.121049864469521 0.425709055788232 -0.0467728104286835 0.0671729363250649
0.164633223777201 0.406663204170415 0.0486225790258063 0.0443158161426946
0.299289612783704 0.263709205346178 0.0728799207609713 0.00154203134754759
0.321639133871294 0.208721446223495 0.0868616916704578 -0.00930675227319202
0.301696307919581 0.238923870393022 0.123832261780516 -0.0067919880040754
0.251371016825234 0.404042469788728 0.135941592862995 0.0419105522664306
-0.0119282818253382 0.498417653780734 0.0797017422908443 0.146178376140277
-0.365420596067011 0.330995537841981 -0.030434706109766 0.161285150918581
-0.546101434324585 -0.137159430118323 -0.150307651963325 0.0397945313819211
-0.245735073211484 -0.564592731347345 -0.0924361935256931 -0.0583841410729023
0.173759632238103 -0.634238272914788 0.035546287156602 -0.00509843367227733
0.190233090825415 -0.496231983873956 -0.308181575533317 0.352205156944099
-0.141477415578527 -0.494907688461338 0.109726281570348 0.246292198594883
-0.39429357989403 -0.236228353740033 0.0970278089651369 -0.015112707562252
-0.359897899807272 0.173246628100756 -0.0942992699766758 -0.0403845569067515
-0.117057126931931 0.369657047248382 -0.073203047455845 0.161964192053197
0.133821412245946 0.357918196626035 0.108008676529477 0.172349633874412
0.254871087194846 0.246387707055135 0.185604025909562 0.108422458362505
0.264865024108712 0.202958456961852 0.201968550514076 0.0786166862152557
0.240958418294632 0.221904974718441 0.224505422042296 0.0763715056520792
0.184262087803536 0.335318882606948 0.199512580556815 0.125552413836183
-0.0244813401623197 0.386095161650489 0.0946294344622763 0.214260326705404
-0.271961992156676 0.228885763008279 -0.040138005527213 0.184134137984022
-0.380993076594588 -0.0994883685033384 -0.103962420504227 0.0713231916598071
-0.194989357558798 -0.408031460414409 -0.0616007769726206 0.040725063437749
0.110402387589072 -0.503694944446332 -0.0203113451150245 0.173346083646187
0.0988961524122549 -0.373170609685751 -0.36664523309753 0.529038731935536
-0.137336187958121 -0.339536390852196 0.114706514762055 0.382570125244337
-0.271446044856659 -0.13765177111116 0.119062256145328 0.0397733544573111
-0.232163585377078 0.113971215873527 -0.0983070586404057 -0.0109248245276775
-0.0872508394341189 0.236480487086748 -0.0910544646557227 0.229112757655132
0.0785664977819614 0.24322049849031 0.149491612964728 0.27465888883353
0.168893390429627 0.188370946383209 0.27050867183857 0.199542436075561
0.169094899060394 0.168436838279234 0.286206675932821 0.154711549128824
0.146419391930397 0.174046215355118 0.286486565235476 0.147984671320886
0.0894067429600526 0.224937572056749 0.221396164555276 0.184932031949212
-0.0431270038045447 0.225066573438995 0.0846395001665466 0.237808201584745
-0.156774697892773 0.0955215471193269 -0.0499899711537961 0.167536256936921
-0.174886972217605 -0.0613280789018227 -0.0565363147743814 0.0748430535965733
-0.11607296657266 -0.210819416002944 -0.0326076261224017 0.0987802050304284
0.0369311920619663 -0.311066883935117 -0.0507171072732937 0.29200254227345
-0.0104003257637044 -0.178580189726037 -0.382820722475435 0.634218584543948
-0.106585988405457 -0.118112823989195 0.112033862182177 0.46916870873978
-0.0946475250566552 -0.0154286588828161 0.136033037470076 0.0840264047317162
-0.0652625424115904 0.030803871572306 -0.0797394224499834 0.00372198285461122
-0.04485697959518 0.0639584771144279 -0.0975169292534146 0.251226963426741
0.00821515409247737 0.0908620310877776 0.164257611014149 0.332119493190252
0.0526015143977918 0.101502654328258 0.313469204541179 0.257460177386499
0.04949151977969 0.107264794988234 0.327110463629803 0.206683296392015
0.0367617946829593 0.101628599964703 0.30411209059914 0.200690402642042
-0.00554448281541372 0.0909661058423209 0.207249096568571 0.219266025073635
-0.04906964121608 0.0586198599926052 0.0580781530408323 0.224506661665483
-0.0394373350900908 -0.0150145288394202 -0.0561895902599738 0.127035565696617
0.00231494620138557 -0.00866645393364767 -0.0135997387919057 0.0674590563659818
-0.0536446566155706 -0.0185472615543814 -0.0120830083791548 0.128913711107898
-0.040527271880524 -0.102462858138965 -0.0597983229942878 0.348081937361522
0.103409881248031 -0.0559757361288918 0.0216328356702485 -0.406734687969653
0.0171520323776429 -0.1177771762579 -0.0804923935119388 -0.181283470857063
-0.104915733811142 -0.0509919229851276 -0.0318488454948384 -0.0627673784729023
-0.0622069603946572 0.0767209922984796 0.0404262397573841 -0.0612250936688661
0.0318548970790549 0.092649815120603 -0.000947399030095023 -0.185785718419455
0.0655382124515885 0.0441863628653671 -0.185305965146636 -0.231506903518643
0.0617310970300856 -0.0155667357137772 -0.299936107842693 -0.212457744868861
0.0717327130159863 -0.0288544681755254 -0.321424704367875 -0.206812912607801
0.0761531500441166 -0.0019346547671635 -0.294301084850243 -0.235038049379499
0.0889079128797785 0.0636513032666241 -0.16785675458389 -0.280417484103519
0.0220383729084315 0.107546502767388 0.013466604540029 -0.235665032682252
-0.0984659981618499 0.0767975098152504 0.05303566522334 -0.0565521779893368
-0.130166232971059 -0.0831285345570059 -0.114076474954228 -0.109211560455113
0.0355952073583745 -0.159568441334968 -0.0434898235730399 -0.360212462401944
0.122929229399299 -0.0838331996379175 0.32331619684415 -0.590115189235985
0.15950986454873 -0.215709215813902 -0.00514119476452482 -0.34302072848462
-0.0079085162326403 -0.244117999473695 -0.0471765876727779 -0.18156204545333
-0.187721479414082 -0.11914975736307 -0.0434579805190843 -0.0757453846915202
-0.156221497056041 0.113346228234677 0.0143984521468157 -0.0430061284352843
5.303269098742E-05 0.207491368807025 0.0144306792371047 -0.144213296262203
0.1207448548191 0.166492507399705 -0.136462696798517 -0.217539220881569
0.164957373023463 0.0710810881730477 -0.246454386446865 -0.206314816902069
0.189839944865599 0.0455615702554216 -0.265806873405101 -0.197058286332414
0.191221032137232 0.0862096403337264 -0.232563132277109 -0.213929995958156
0.17683679283254 0.210920747749467 -0.123922935261767 -0.232794421588225
0.00524088005996437 0.285464225931794 0.0144687207839742 -0.166251277576805
-0.241607751816224 0.189594085585182 0.0226667290753363 -0.0175471031541252
-0.337315184037553 -0.14886657628299 -0.157986760066089 -0.10426239049489
-0.0576172096512079 -0.386112882458798 -0.078148160743095 -0.349334287356873
0.183949753347697 -0.341128427318337 0.261513995344723 -0.53218159311398
0.204506555066505 -0.359085359032155 -0.0559064448604889 -0.231463883888545
-0.0394998074010574 -0.366964332982825 -0.00662622550735201 -0.148314207935857
-0.274190345905221 -0.18850558122527 -0.0332318256498579 -0.0907180322116138
-0.254691480825144 0.145314080141143 -0.0174548473190954 -0.0460210229022475
-0.0400532658137591 0.310872004266406 0.00784210307996045 -0.0906683320376919
0.159436139049431 0.277535708818599 -0.0806471964469259 -0.165825608265953
0.247478556676453 0.152417620604078 -0.160107247993925 -0.165816546562681
0.279829523773588 0.11346203998547 -0.168922531464133 -0.156282094195062
0.276454507759389 0.156430053249496 -0.131468158535096 -0.163644590018387
0.249361247249996 0.323380312958964 -0.0514940440372245 -0.155784736021856
0.00603678386716348 0.429383819484987 0.0282873009459782 -0.071966362585122
-0.34017747834339 0.296488818240777 0.000926055808701566 0.0376995726099015
-0.507986779265943 -0.168206887920452 -0.182889932083002 -0.0651581362480267
-0.165591074274383 -0.545276410366186 -0.109557016533848 -0.28003903925361
0.202996434599791 -0.543068255640502 0.179302331683389 -0.397580337453743
0.227116894143207 -0.471445957133054 -0.128128935518368 -0.0649739361872623
-0.0867732943516222 -0.472705676027288 0.0386239287220024 -0.0624473356481632
-0.366211985259282 -0.241128277738988 0.00337628027655643 -0.0894117840330013
-0.341196231840807 0.182527963798142 -0.0483557681089184 -0.0555366352258458
-0.0735334181486488 0.392773766721888 -0.0145273641850736 -0.018157135062753
0.183235716445251 0.35815886895493 -0.0184577943739972 -0.0767197868320708
0.296266285280676 0.213208448731329 -0.0505313797682909 -0.0939120865810025
0.327016771766008 0.161407315368064 -0.0464140920197481 -0.0926813187914256
0.316710197272313 0.201493414153152 -0.00737404945108822 -0.0936175277616522
0.285218426580432 0.380475769504501 0.0405496346850785 -0.0627563222593798
0.0150867658536983 0.505021853477704 0.0572447065006607 0.0357987352144112
-0.373175147147282 0.35888624666429 -0.0114023034507436 0.101557679650132
-0.588230637609307 -0.145653375862912 -0.177584867579204 -0.00630897113095534
-0.248268784533891 -0.596762816092179 -0.116236616709538 -0.167230336353543
0.181309126355083 -0.645210026385953 0.0957558634912768 -0.206461738823709
0.216081488131613 -0.519725918842309 -0.209194681132781 0.140874145413408
-0.133663840901789 -0.520839577194737 0.0827643931092323 0.0738239975150154
-0.424042341682926 -0.255052709932602 0.0511237816279312 -0.0653649510868731
-0.381888736594436 0.204242215694702 -0.0768329182897473 -0.0513780455717209
-0.094052932177775 0.418870203995016 -0.0414043250988947 0.0734810738282064
0.181416463763568 0.382027466121063 0.0494872263413195 0.039936434227194
0.303075724415667 0.236685082646368 0.0707643251475581 -0.00130957161811113
0.322740546211656 0.186708988732396 0.082970463233528 -0.014326033120815
0.304772225487315 0.215988577598731 0.11729210704893 -0.0155298368682489
0.26742481748797 0.376285863079112 0.13197583203591 0.0291983927016963
0.0173320705998706 0.48285119794277 0.089204004101161 0.13336756631539
-0.335776708362872 0.339748837957017 -0.017104463016688 0.154160699084638
-0.535741669740496 -0.108153052666019 -0.143958131542343 0.0468978690516178
-0.263841129876998 -0.534709487153281 -0.0936056039648339 -0.0452161619987672
0.136202250084782 -0.623742200041822 0.0288178203931826 -0.00151833890954938
0.163212700508848 -0.486147603129534 -0.280689925519949 0.352176773170743
-0.158028882603452 -0.471944101793824 0.11498990871709 0.227644852661558
-0.394322497411791 -0.213334782137546 0.0909847097649278 -0.0211761729968163
-0.339268906521076 0.184791595842052 -0.0974526170277331 -0.0293704075703508
-0.0934346659355089 0.363004241022294 -0.0638051681321839 0.167055143049409
0.148898883179575 0.337015486304298 0.113259892291966 0.160358033901005
0.260706796817229 0.223951520719529 0.185568326680495 0.0955632345306046
0.267898629051252 0.183515643035633 0.200781241655801 0.0655851947966255
0.245291554277003 0.20323215863285 0.219817164420035 0.0597615411216302
0.199172698210845 0.315244975601517 0.197569125287094 0.106450545478521
-0.00146849689474592 0.374790552086392 0.106411649747819 0.19740866237903
-0.251828992863391 0.235666068155791 -0.0252483288181982 0.177010129248942
-0.374072042291799 -0.0802369608063807 -0.0975431647641289 0.0736296450090859
-0.205948538563686 -0.385874357962644 -0.0582408027721238 0.0483562842079274
0.0821509344244201 -0.492433033058073 -0.0148235450860067 0.171703570861411
0.0814356488757733 -0.363381100558036 -0.329661015781858 0.527917977389111
-0.148217296634718 -0.320681326274353 0.128492256633302 0.358394964295647
-0.269321427423186 -0.122804497998957 0.116006317419274 0.0300620177289311
-0.218810471194006 0.121658030737149 -0.100131183751783 -0.00281224256024994
-0.0722874913419297 0.233966115586685 -0.0771880165061084 0.231053948894621
0.0887003550023963 0.230235482242315 0.159730670053065 0.25736918942636
0.174335365718689 0.171820756715967 0.273381822905705 0.178962071352134
0.17426702472942 0.154283751815305 0.287599217560978 0.13503014524415
0.151265396971253 0.161009862468988 0.284171123243385 0.126604524280508
0.0998663094718859 0.213313689207907 0.222571892429778 0.163705935573173
-0.0287880938296859 0.219748339856196 0.0962829291873087 0.22069181280904
-0.147372618137894 0.100301253488339 -0.036874062386593 0.1614548065184
-0.173256815296163 -0.0529799992804088 -0.0505461200583974 0.073674033484609
-0.119420353902408 -0.198565890152398 -0.0263953154813811 0.102983773285404
0.0216503539696939 -0.302125153507846 -0.0363395829490214 0.286982052452233
-0.0173114596557873 -0.170007190710935 -0.337810114044572 0.629724184778299
-0.107862461234416 -0.10750866990118 0.130791788929692 0.442708126963259
-0.0924612322543786 -0.012557121094453 0.135044300009435 0.0708044543678169
-0.0622239271504487 0.0334469698224524 -0.0814531545369262 0.00857625955244904
-0.041104938785068 0.0650956870632337 -0.0839964174434999 0.252844928654036
0.012095266106784 0.0866556370843828 0.176639790727152 0.312358529864547
0.0580593522287012 0.0948149828121116 0.318742817069052 0.232805047733768
0.0551600124673812 0.101542351907102 0.331771281431848 0.183426222594952
0.041466442316282 0.0969927035725809 0.305101951763272 0.178295954939791
-0.00027482466097547 0.0893876169590164 0.211396353413296 0.198113322670334
-0.0448152554974026 0.0596655772689046 0.0688446342207079 0.209458179740846
-0.0405041742354732 -0.0131972616939948 -0.0450193010778761 0.122420260145566
0.00139821037522261 -0.0111795763621425 -0.00827894330096446 0.0635629691475966
-0.0490782815236933 -0.0150225888127342 -0.00375126171789455 0.129651325631024
-0.0424927529956994 -0.095405291586664 -0.0401170449578254 0.338110596567279
0.101944636913004 -0.0411834686688002 0.069242698715947 -0.369048836772309
0.0299337074502588 -0.107463482349518 -0.0545240265973222 -0.182247351510664
-0.090106498108643 -0.0582075069758554 -0.0269092589045561 -0.0666583310003637
-0.066995884956951 0.0635301599645692 0.0397634974229085 -0.0499760664137781
0.0186489068259409 0.0901670089137116 0.017284424787797 -0.169315249404242
0.0593602850371561 0.0506077260312703 -0.14871481349928 -0.230044151874688
0.0585985402587053 -0.0057699211414569 -0.260082098284117 -0.230134547072155
0.0698628286021004 -0.0193882345233943 -0.283893821555549 -0.235529648060008
0.0731065840405253 0.00931082543194792 -0.25723719698256 -0.261893591168504
0.077619282417619 0.071771036553993 -0.129711403289415 -0.292303391000804
0.00669866274552389 0.105666870806947 0.0435617023087342 -0.229892723717748
-0.104551063991644 0.0623174373319731 0.0643241175209208 -0.0503129982540058
-0.114591762304803 -0.0916388784535078 -0.0905455226036806 -0.111849249760673
0.0490410688548886 -0.146791023562613 0.000651380358388308 -0.34340747952288
0.123299814334186 -0.066320975088666 0.377731464157425 -0.526944738636696
0.174083494543843 -0.181491022738252 0.0494446702902509 -0.315856530604466
0.0234405720843771 -0.226843414902002 -0.0191652682998664 -0.184881317124742
-0.157814071300136 -0.133024606414427 -0.0345546408342256 -0.0864803319635064
-0.159922672391638 0.0839662561290031 0.0124470178324296 -0.0399077948945168
-0.0278985251931955 0.192846586033584 0.0228871006699712 -0.132618172360384
0.0949371106982556 0.171589927889081 -0.109379458177515 -0.209355305499271
0.146886372720778 0.0879239835038107 -0.213129479301584 -0.22021200945322
0.174982476418767 0.0667468131100113 -0.230320156129531 -0.220447316905586
0.171313108648624 0.107565894820864 -0.201044037930392 -0.237667952303019
0.143697371338781 0.222739612951771 -0.0938785035717926 -0.247219677472433
-0.0316926962232348 0.273034063253646 0.0400092343746792 -0.169628445708972
-0.255269211681697 0.151613155583352 0.0346388040893817 -0.0201088994452079
-0.304837379833828 -0.179270184717848 -0.128817943633662 -0.107416137728979
-0.0113824567683379 -0.374857576333831 -0.030378589074182 -0.326263188448502
0.212635866185266 -0.306514469410989 0.314637626642097 -0.467334441545704
0.234921344986997 -0.305804838923103 0.000720708656807505 -0.21769620068198
0.0104169035343521 -0.344466480941555 0.0203205307464067 -0.155170232284406
-0.228768956083626 -0.210275845593611 -0.0199825885668007 -0.105314154097776
-0.256546860678566 0.0999154292456289 -0.017034215601083 -0.0498887341397483
-0.0809024405586472 0.284236291934334 0.00790107913488254 -0.0861252368365834
0.117075865206912 0.279991772421633 -0.0674956885678805 -0.153701226121032
0.215261627671661 0.174175528944561 -0.137028934977697 -0.17314959996356
0.252827912011267 0.142464809505634 -0.142561088803561 -0.171374237775417
0.244492691762948 0.184591741677673 -0.110809404891324 -0.178870555489787
0.199362547640761 0.336234708784357 -0.0339575419716515 -0.170255454437653
-0.0479639359459153 0.40979867832854 0.045202856315908 -0.0834196123348324
-0.363186255682462 0.241303815788899 0.0102628890531743 0.026117574133801
-0.465234857013282 -0.216981577584508 -0.153262148993045 -0.0710497187481447
-0.0967369576674858 -0.538382612986627 -0.0642583237890653 -0.255311337584588
0.254588811898477 -0.499727572946694 0.222154439036401 -0.335690765777173
0.270032467073733 -0.405118828147581 -0.0764120314284244 -0.0734946414410826
-0.0182040913710894 -0.44689538898109 0.0560894048978932 -0.0755682621978017
-0.30828793497322 -0.273238100882908 0.0144623957482213 -0.107992750403497
-0.343998225014682 0.120947080766541 -0.0462117300706013 -0.0654221964383748
-0.125253694028025 0.356693552698127 -0.023298334694941 -0.0241155720184713
0.127390300978411 0.356618239554949 -0.0210976171541384 -0.0628111071121747
0.255648664694147 0.235303488851878 -0.0427245939533815 -0.0937677944058672
0.292038772422983 0.194986033355469 -0.0325170768333934 -0.0965672071355793
0.276971450690669 0.231211667991073 -0.000284329172209199 -0.0991802508125559
0.227007305734895 0.396229281518299 0.0433507688591196 -0.0736242063923059
-0.047655631824381 0.480941234093458 0.061155006566924 0.0202443089833413
-0.400463969105679 0.29758821292145 -0.0079476982389816 0.0836399884798531
-0.544507531542673 -0.203472972327597 -0.152438914652693 -0.0150414143887947
-0.167159250410441 -0.59872665741575 -0.080200112214497 -0.143711099024264
0.246835858097223 -0.598800128057255 0.120185901864429 -0.156786026513879
0.26735009745464 -0.453317507675721 -0.171194601375282 0.107125178637268
-0.0546972296821368 -0.498420550063885 0.0843912083292624 0.0526635581597016
-0.359167223449656 -0.293989065783523 0.0557145238441685 -0.0841898087267334
-0.385369466329893 0.135711036538402 -0.0741818048587808 -0.0668123970543432
-0.149221014761694 0.378626223190949 -0.0599328113563029 0.0573564597959405
0.120919234870977 0.379596039854726 0.0288441568073087 0.0531766335720572
0.260216923620606 0.26114085099879 0.0618955830013245 0.00628771394922313
0.284847668588959 0.218814880283141 0.0830869566254998 -0.00684246700884317
0.263720396003216 0.243700603637605 0.111016658688095 -0.00988744612405153
0.211870132038928 0.388338492913221 0.120376564655435 0.0250960068554713
-0.0426854718445007 0.460816109793874 0.0798798058472988 0.117495010102595
-0.361915484860143 0.282518276684214 -0.0220709619508406 0.134358168113795
-0.499684077241971 -0.16544157913435 -0.128265446314808 0.0380502349695839
-0.187506641903801 -0.541253630966976 -0.0721355454134566 -0.0259031641397423
0.202211503030709 -0.58459757223262 0.032955910157231 0.0328260558999171
0.214316638757838 -0.427083846737915 -0.264473885609983 0.292686263378315
-0.082863134639055 -0.454705202526248 0.0963898945830925 0.201023045132646
-0.33799825621475 -0.251876607817357 0.0881373984340448 -0.0375659161543645
-0.342935875010673 0.123509670075575 -0.0959134101585749 -0.0486154827520961
-0.140728141930718 0.327418303122744 -0.0897010958285017 0.142855209985426
0.093656102229046 0.332010064540237 0.0770669348236822 0.17093853906859
0.220870042024802 0.241444514167599 0.160352348830602 0.109946984952345
0.235754552079403 0.209012580876964 0.185680011639302 0.0835709044019565
0.207450121055606 0.223264977404921 0.20087932002371 0.0754575194868755
0.152079090009712 0.320431600470217 0.174734611465711 0.109241548587611
-0.0462728115010104 0.355079380691301 0.0862525990665248 0.185014559606895
-0.268975156990658 0.192405459323241 -0.0348444597538392 0.157250907966665
-0.34691330030002 -0.120473412402153 -0.0914873287013535 0.0657255729262751
-0.149422505450146 -0.392085662342935 -0.0516973084685184 0.0626940059816938
0.136104867821699 -0.464185614095971 -0.0298510062137631 0.188863098915914
0.122531262344012 -0.323869496370896 -0.337909224391992 0.447883111836777
-0.0937635660690014 -0.313501691921179 0.0899626853555784 0.330438801760048
-0.233916379796405 -0.151176382932401 0.104094806507118 0.0204477176355486
-0.221508618188455 0.0809559969252377 -0.0991459571932181 -0.021159690037241
-0.103470287840662 0.208364136659288 -0.10618279487668 0.203949259369629
0.0503952755481339 0.224578159021368 0.112868580975461 0.262857524732048
0.146137178987969 0.181958233791396 0.236015768402832 0.197208602793583
0.149847055547224 0.170067994319201 0.260794459501582 0.161706861346828
0.124048768528726 0.171105560413695 0.25637398379987 0.149025914054967
0.0698182684152997 0.212947729173515 0.193052729705119 0.171159488029684
-0.0538325001237315 0.20339401057924 0.0720840188691676 0.211425513072385
-0.152696225200108 0.0760504023244794 -0.0468935076513301 0.145280907590513
-0.158385773613219 -0.072475852734452 -0.0521769842832575 0.0676585317660718
-0.0874929066772045 -0.203707475997538 -0.0306209423312458 0.109387203447284
0.0579343876478562 -0.288586455703917 -0.0644782359480112 0.287449590382963
0.0067543426508612 -0.157954407960524 -0.372128352714552 0.542581634551615
-0.0848199711595806 -0.111633073368008 0.0767911463009103 0.417080146105767
-0.0847530732052681 -0.025353697155454 0.115734964162209 0.0727543141153133
-0.0629560971268459 0.0216435150618411 -0.0809603358328452 -0.00375713058072148
-0.0497143699373427 0.0549633859898416 -0.109462308728165 0.226490617341736
-0.00321658224104341 0.0807342468122791 0.129037904376017 0.31261591719422
0.0453640527385612 0.0948471051917778 0.275131898491208 0.254380979755289
0.0429832083328213 0.10509013321804 0.297387612766709 0.213511038838835
0.0279361112538367 0.0965505203858166 0.271757606078384 0.20264373006096
-0.0114726175211933 0.083977998621264 0.179330416947605 0.208428053487551
-0.0495765994109229 0.0494076926009846 0.0435565407519039 0.203382508243016
-0.0374010417140488 -0.0190196035805332 -0.0538011208977447 0.110023318070295
0.00290098902064686 -0.0130764857881588 -0.0148420445448838 0.0586133232094226
-0.0406828526935285 -0.0211289395488113 -0.0140219276293388 0.128852612453068
-0.0263016051509542 -0.0970948782742531 -0.0753909901052155 0.325864673118719
0.098374814118036 -0.0402014272919622 0.0742833689052776 -0.357426748445313
0.029426597949207 -0.104128576962699 -0.052765743005024 -0.17885013047753
-0.0862322492418189 -0.0561190466078704 -0.0297165642260025 -0.0641520387679134
-0.0644749383046776 0.0621124875280927 0.0381778545427382 -0.044611927897531
0.0182103761820056 0.0865410232642081 0.0209417267178541 -0.16161793209033
0.0580278002865577 0.0493820768467121 -0.139702836041162 -0.221873834422058
0.0556243721008878 -0.00479237218671068 -0.250857902350519 -0.225848486221558
0.0667273838860387 -0.0185918147907912 -0.276090547873105 -0.234236212959093
0.0711195497931595 0.0097720903625302 -0.247908808457763 -0.259839174425972
0.0752224914887688 0.0705501481885158 -0.123337787050068 -0.287778564683821
0.00504593583351981 0.10298517264315 0.0464937176599359 -0.224709852826833
-0.102053687009171 0.0587409724607173 0.0666670966611306 -0.0482787337788723
-0.110309610794327 -0.0910910036335961 -0.0831975438388545 -0.106364406440142
0.0489384647077825 -0.142839285977408 0.0094475643388816 -0.331403596196322
0.120534348964523 -0.0634056661904517 0.375985733541606 -0.499108490663395
0.172101233299362 -0.173643821851778 0.0547734145552769 -0.305116955258934
0.0255365321649175 -0.220023430083455 -0.0191067351797606 -0.182019932481918
-0.150780279084259 -0.130298318518917 -0.03606690948139 -0.0833858492852729
-0.154630853735153 0.0799305034019698 0.0123497711343486 -0.0338720061010489
-0.0279322749390249 0.186248137490378 0.0271248825012448 -0.125171014341419
0.0917013379644803 0.166796737014079 -0.102619450650855 -0.201687160334206
0.140300350045308 0.0872573963367325 -0.203934509126978 -0.215769060079019
0.16830934600495 0.0678516715030231 -0.225022853836753 -0.219979048846649
0.165965111750094 0.106694608602008 -0.194039838797578 -0.235766324792895
0.137927385983669 0.217918658775474 -0.0895233543325092 -0.243900023368182
-0.0337137855076939 0.265246877174729 0.0440684789330142 -0.167369512978189
-0.250113395581197 0.142901737635239 0.038182927817156 -0.0192555415845668
-0.29403401885019 -0.180794838841492 -0.122375704623709 -0.102624310314542
-0.00546580098117246 -0.367126128042773 -0.0220933075727422 -0.314220973093764
0.21185137733738 -0.295307346186699 0.312355398479763 -0.441813541064818
0.234904230330151 -0.294137273209061 0.00519545066967438 -0.211715118356228
0.0150320553381358 -0.332988944472636 0.0184263360553719 -0.153408439929691
-0.219152246225083 -0.207812607838324 -0.0216550110266718 -0.102366013951802
-0.249400967994412 0.0935751603525769 -0.0165865526681731 -0.0429792757189187
-0.0811287002388152 0.274163037351069 0.0118654108042252 -0.079649486956409
0.111557032451013 0.27236222571286 -0.0626806181994571 -0.147967342706157
0.20550236142592 0.172212705813609 -0.131487729432152 -0.168862790176949
0.243017727320351 0.142755327784559 -0.139134778805504 -0.170734253706472
0.235239842514535 0.183515885896667 -0.107201107483457 -0.178181887266255
0.19189787705985 0.328711783371831 -0.0321118925392255 -0.16891514075028
-0.0519360390535359 0.399196115209186 0.0484314901085021 -0.0839894117480777
-0.356703893203235 0.227879643010989 0.0135563887329631 0.0250385047391781
-0.450590587430185 -0.221710936178125 -0.14734245468664 -0.0678018611146833
-0.0846188716110945 -0.527435081483497 -0.0565168329588072 -0.243751654806471
0.256140182924942 -0.481481059652344 0.217552165175299 -0.315696513758694
0.27229731015195 -0.388196982660954 -0.0729513285112655 -0.0739262585277321
-0.00969131514488806 -0.435259513895335 0.0523664438741887 -0.0763073346075782
-0.295753472195082 -0.271664225615097 0.0127901642489349 -0.105475608534404
-0.335287427784183 0.11163359077911 -0.0450528360263231 -0.0587074718295832
-0.125698361870181 0.344131795147748 -0.019821222846768 -0.018689551482903
0.119802131179742 0.347039560550763 -0.0192982088037497 -0.0600981357623389
0.244237371908242 0.233018667737765 -0.0400369082057874 -0.0909956111586888
0.281048113844559 0.195633612693233 -0.032414297742974 -0.0957125309152679
0.26591885109736 0.229701693453793 -0.000505738371033582 -0.0990061821846652
0.218687088582231 0.386763434371944 0.0415064358574704 -0.0742252166189485
-0.0514728117610558 0.468104357331223 0.0625233098805533 0.0162139737421756
-0.393297651474348 0.282569313439449 -0.00613309294703964 0.0795373309042958
-0.527574634487977 -0.213504470444843 -0.148775865517381 -0.0130039529892156
-0.15380302824576 -0.588674114733918 -0.0739870277793103 -0.134194085871239
0.251038548879545 -0.578216542732417 0.116688856234261 -0.142945314542824
0.27104739672364 -0.433949804120374 -0.168329295508008 0.0993918550783424
-0.0423978436620559 -0.484718652156924 0.0772315463163738 0.0478485790345888
-0.34527625768754 -0.294662938371317 0.0533726589076409 -0.0826314177767942
-0.37651757965487 0.124965855795161 -0.0727655406331897 -0.061062497108541
-0.14984539285682 0.365307276473504 -0.0571120250975789 0.0607196233391332
0.112513676640948 0.369947556602428 0.0274662592129827 0.0522274872703044
0.248004916745483 0.257300966478044 0.0599837727759572 0.00800196782629975
0.275579360402254 0.218023107655666 0.0797622371421492 -0.00633968241006831
0.253264709323365 0.242171644812279 0.106363651902363 -0.0101931535277161
0.202143644610005 0.379470878958964 0.114781896289989 0.0226507827718725
-0.0465445398858867 0.447230265835603 0.0785392592707724 0.111085083167
-0.355198247322274 0.268797997080066 -0.0206762619816938 0.127483071566496
-0.485521126177354 -0.171127347603066 -0.12583114192314 0.0372150341953828
-0.172304393660966 -0.5326044242093 -0.0686832121450996 -0.0185671406136268
0.206722745069824 -0.563330523927878 0.0285725181626558 0.0382940939579551
0.221377120969845 -0.409494330606307 -0.263604702438273 0.277112007993023
-0.0711556628899917 -0.443060859777162 0.0874275954738959 0.1921790777387
-0.324343720090872 -0.25359069405172 0.084087625597804 -0.0373716142189686
-0.335595091025363 0.113184563473658 -0.0949698451188626 -0.0450858847906637
-0.141710578103621 0.315440062236513 -0.0885788337041066 0.143003804935541
0.0867518457410895 0.324091842697419 0.0716330335495307 0.166936472205881
0.21172861170872 0.238494302839553 0.154776127806745 0.109130938999314
0.226857256830338 0.209220269178655 0.180120330596165 0.0837525174265651
0.199279766371229 0.22078963738536 0.193575015724984 0.0744536339937387
0.146074128085786 0.313971051330143 0.166481749829999 0.104905718425656
-0.047638542996537 0.344651938648748 0.0830968125696253 0.176911225539366
-0.264292976671934 0.182536624973496 -0.0333260328248743 0.149416834377552
-0.33670955052539 -0.125307601717133 -0.0904018486524552 0.0634301406954051
-0.136398410183514 -0.38558047341999 -0.0500585384967808 0.0666211072884919
0.141120887883015 -0.447841705727764 -0.0336411138393712 0.186667884699552
0.128355592429316 -0.310837385379496 -0.33888700190443 0.426607014546665
-0.0836396824713358 -0.304522037707027 0.0801081007554528 0.318296027693936
-0.224664201850131 -0.153775297606191 0.0994507807268147 0.0187590261795042
-0.216975298509861 0.0740597882898578 -0.0992151323427089 -0.0203898564185669
-0.104332926114983 0.201222747720208 -0.106726988878008 0.201880017127327
0.0453614468672638 0.218517434467269 0.105577184094577 0.256429922014775
0.140158008159374 0.179149590106339 0.227356579858213 0.195759731126868
0.144745470359127 0.169055235774493 0.253168895048784 0.160211532017922
0.118732938041183 0.169906844179823 0.24762153358393 0.147683884434613
0.0661495073861079 0.20751441670035 0.183773888598306 0.166006346339459
-0.0539683943464992 0.196947099337139 0.0677286463964955 0.202263800562962
-0.149822125529101 0.0713512319656893 -0.0458707418507648 0.137325454262457
-0.153690852430458 -0.0748281329465653 -0.0513065677131935 0.0645609119864999
-0.0785679871939083 -0.20066029869133 -0.0293667105779367 0.11099705075888
0.0619743958384168 -0.277935534711236 -0.0682471239632855 0.279431103915766
0.011546608679107 -0.151482367159902 -0.373412417496242 0.51867540235246
-0.0787542868573101 -0.108450444111349 0.065299840658338 0.401504280971369
-0.0817423070508942 -0.0273614898137231 0.109812951511019 0.0698747292427352
-0.06164958269147 0.0195866922466291 -0.0823464335198799 -0.00438307701795164
-0.0496901421790798 0.0530509980675566 -0.111378925109698 0.222415715325894
-0.00519526945768416 0.0783954547082528 0.120825968963459 0.30539288499455
0.0433170752660665 0.0923343185348812 0.264813021045179 0.251451791819366
0.0418783155114535 0.103565787435043 0.289555348571037 0.212018293846837
0.0260533112868202 0.0951094100525616 0.262466966219623 0.20121892283998
-0.0124557677382648 0.0823181285852488 0.16973611825833 0.202144710330929
-0.0490056270275693 0.0477260322549447 0.0391059201708675 0.19495977992198
-0.0370773785119873 -0.0195656233725954 -0.052623889664278 0.103686415133149
0.00261668288460654 -0.0144473801237621 -0.013701116207859 0.0557405110868958
-0.036303844707646 -0.0220194769539629 -0.0138849419000926 0.128655276100704
-0.0216982997666262 -0.0934487332653927 -0.0784917656782191 0.314344368366503
0.0983788403733865 -0.0392879727798373 0.0869707212118021 -0.356080246091207
0.0300245985274037 -0.104669003253564 -0.0507965026152873 -0.183221415840314
-0.0848563708885763 -0.056946893989112 -0.0315284666931511 -0.0636199772989237
-0.0648466819929076 0.0612289446886082 0.0392328761903284 -0.0405900189533369
0.0178680305960355 0.0870016558209508 0.0274196739676725 -0.160247841507343
0.0582734882530684 0.0506655928848535 -0.133544169519939 -0.223285013741476
0.0548157028518408 -0.00299991007690528 -0.247573664503628 -0.232844508311236
0.0667992332484051 -0.0169091075320014 -0.27732402834363 -0.243793640039922
0.0715265668489455 0.0101756051526309 -0.245459486467426 -0.269702358565
0.075368919054255 0.0718321342034455 -0.118584016682888 -0.294791422860243
0.00324710177668468 0.103603163706805 0.0536849282346518 -0.227708206960622
-0.104097773304116 0.0571373686540258 0.0722437203802548 -0.047265569926323
-0.108134555997151 -0.0955525454319447 -0.0783126853394456 -0.106349076111215
0.0519291234283859 -0.143488319984463 0.0209637648278094 -0.332512296329202
0.122728613236804 -0.0619645004334121 0.392229149259721 -0.486963024619644
0.177502087398903 -0.171636383096353 0.064838570333398 -0.305770219648565
0.0301776925894971 -0.220536724948379 -0.0172325895422695 -0.185912467557462
-0.148316746923603 -0.13374630246862 -0.0374142872262891 -0.0839764401831323
-0.156253551737451 0.0773167947143413 0.0137670464231794 -0.0299601406775311
-0.0305410350699401 0.186048646195415 0.0333613622650255 -0.122828057365268
0.0900853571446211 0.169559901209214 -0.0974142210707254 -0.202977007399711
0.137946301369431 0.0921492321410468 -0.200770917935998 -0.221363535428845
0.166825524704163 0.0729632023701278 -0.225962296435599 -0.227607706902382
0.165034875367982 0.111128085606172 -0.191987372469269 -0.243948432636037
0.136108353977313 0.221767457026118 -0.0854530885294273 -0.250218610772358
-0.0399045243229285 0.267355356587451 0.0501755135087021 -0.169826973585531
-0.25561062095893 0.137669512876833 0.0428952287545307 -0.0189725501755327
-0.292153374675611 -0.192111327869896 -0.118791852782487 -0.102785655384961
0.00331983228820248 -0.372216865191425 -0.0113697622991036 -0.313846172552042
0.221143870321459 -0.292044263469171 0.324487688986369 -0.430275022475902
0.245661709818529 -0.291030806923971 0.011936682650192 -0.213388117726626
0.0248504593813777 -0.335167274583763 0.0192470795044268 -0.157607746988878
-0.215780378464944 -0.214868949337137 -0.0228021562251953 -0.103332746987888
-0.251768439205514 0.0880034547004443 -0.0150813896048245 -0.0397344074309464
-0.0861866973407418 0.274305672518447 0.0173353920930124 -0.0761292098279289
0.10739586589396 0.276182259954667 -0.0587884098825805 -0.149354386691868
0.202021163524633 0.17925068064062 -0.128420341524216 -0.172437519171583
0.241630628192154 0.151745583366837 -0.140442088804834 -0.176402880576899
0.232963557792267 0.1913706986923 -0.105752826746902 -0.184563160573015
0.187448492310723 0.335823625670734 -0.0298840213871246 -0.173862448548346
-0.0600686590072585 0.401572368058796 0.052736915986583 -0.0871622213787732
-0.364251714725552 0.219908384195616 0.0163099896565729 0.0241971397375396
-0.450088843229654 -0.238618198581359 -0.145864678688532 -0.0677008442271892
-0.0693476355556728 -0.538461575918222 -0.0486655023646427 -0.242717078222831
0.270537314285908 -0.477673701969574 0.226456169311665 -0.30566827803903
0.287465420393104 -0.384909688646226 -0.0707693500923454 -0.0768620193588903
0.00422266238547944 -0.437677261641516 0.0513129267389578 -0.0801978794934481
-0.290305652321913 -0.282872054263913 0.011943435186258 -0.106664735143594
-0.339764057148881 0.104446744661422 -0.0441212206786231 -0.0554962175678868
-0.134262584021869 0.343922624303698 -0.0160967209205276 -0.0145314948390983
0.113976480708726 0.352337066086981 -0.0170523135530476 -0.0601242709041842
0.239989549473209 0.241692562386449 -0.0380445017276555 -0.0917525148140679
0.278750720484166 0.205080540142329 -0.0330191510451355 -0.098297178649884
0.262874050749984 0.239425806190197 0.000414891645827295 -0.102016455102581
0.213539263437911 0.395104355800388 0.0414689355594414 -0.0767116306034207
-0.0608139488542576 0.472889738570225 0.0647239468227972 0.0131390781644893
-0.405019974233549 0.273668580614815 -0.00462282120078457 0.0779971358271303
-0.53024466180559 -0.229433798684429 -0.14849872375345 -0.0136178492122415
-0.137411141314762 -0.599981992814301 -0.0683909377827262 -0.130850532356128
0.267916993340606 -0.575076721086372 0.119350133408259 -0.134803173527745
0.288648668133925 -0.42936750002962 -0.172300907163729 0.0939877358414938
-0.0279883031635841 -0.488742217879336 0.0736197778758117 0.046058590833254
-0.340410248957108 -0.308517717236451 0.0527548315389945 -0.0830371746898571
-0.382621067181368 0.114983440966197 -0.0733001408263495 -0.0593639400562887
-0.159440171516987 0.365390413666584 -0.0562877058033286 0.0645137095842241
0.104752341930307 0.374150715333679 0.0270542159837678 0.0539144922666774
0.243071980462678 0.266379204084456 0.0609469492588032 0.0102008213891287
0.273321140685718 0.22845037150773 0.0797026312691608 -0.00492395743406599
0.2497711313574 0.250790410665447 0.105857288306005 -0.0103208335902934
0.198563361969674 0.386538850007005 0.112825255341522 0.0224896386284047
-0.0537197600295122 0.450529873185801 0.0784866304980443 0.108867904724043
-0.365959908629878 0.259988935210557 -0.0205758909062708 0.12525718302997
-0.486642624771023 -0.188261728135232 -0.127601697108346 0.0373025486086149
-0.159073532196065 -0.544424952459269 -0.0659063451427762 -0.0137700973114096
0.224714051501266 -0.559464810649746 0.0266313905424923 0.0449337362597243
0.237240573327745 -0.405444357351317 -0.274015191209089 0.270823203118853
-0.0558662310629443 -0.447140660444568 0.0800707894042067 0.191495452970414
-0.31889974366326 -0.266784049219893 0.0831961255760658 -0.0378592432309844
-0.341311498377002 0.103420242189483 -0.0962988088953041 -0.0442949529130312
-0.150871587378163 0.315250222865542 -0.0912853301811518 0.14675537706458
0.0797634424942063 0.327772284571656 0.0689768135675042 0.17057688006438
0.207512361559392 0.245712892963268 0.154204403995522 0.115091640312445
0.225321574894716 0.218138696859721 0.180500003076932 0.0883144271567607
0.196656772427318 0.2294096207329 0.192288745682994 0.0781572390374278
0.141872972123906 0.317832250386864 0.162939787378507 0.107507952470346
-0.054041289696126 0.345256329593553 0.0810678840617948 0.175907502385776
-0.270673387600993 0.177600980571345 -0.0352209608482093 0.147017439548611
-0.337801540469896 -0.136552075038036 -0.0923432589403122 0.063482591273185
-0.125766413144203 -0.394492749881408 -0.0488631301643191 0.0719269977425427
0.154402320908626 -0.44630332990817 -0.0397440549637256 0.191130024380436
0.141545308211235 -0.308018082558988 -0.352969260641403 0.419175423123685
-0.0733859436719092 -0.307397188872725 0.0700838473369099 0.318305327633229
-0.22171650098981 -0.162710938981993 0.0973590983514655 0.0187924689713419
-0.220530995480254 0.0674638702223588 -0.102585766054632 -0.0206872908796417
-0.110917280045954 0.200528715652294 -0.11283650851185 0.205756729985804
0.039186773974232 0.221792406661564 0.100389360786436 0.261217666177368
0.137216120245159 0.183820607385596 0.225756304945468 0.203883259291957
0.143669634468266 0.17599052985223 0.25363898633057 0.168271149667061
0.115613950742325 0.176250967773267 0.245742691448853 0.154178583337343
0.0631054276449184 0.210674138707205 0.179569803184415 0.169037639717173
-0.0577295486635757 0.197483308870475 0.0643072523730066 0.201604390838345
-0.153326806153509 0.06751475378141 -0.0483566829238342 0.134256113217443
-0.153855174398491 -0.08117174785365 -0.0529275955326463 0.0641377634075475
-0.0721578658879846 -0.205083284218097 -0.0298955949198531 0.116439286846763
0.0724960965204699 -0.275832912918743 -0.0759117514905252 0.280164040815174
0.0178958930087727 -0.151510090929297 -0.391499938096707 0.509213801847182
-0.0749501972232819 -0.110023991604178 0.0545391055946695 0.403160448004919
-0.0813021271307064 -0.0308708829207867 0.107017365859641 0.0706934589427764
-0.0629480305167431 0.0172812551680752 -0.0864002865312021 -0.00512900745129388
-0.0522241839560818 0.0523467020391198 -0.119117176803169 0.226298580868121
-0.00801494804430776 0.0796220287319015 0.114525434767424 0.31089060754081
0.0421813887122333 0.0938039849787889 0.262872009331566 0.261176130245047
0.041590162368026 0.106445399339291 0.290314420177665 0.221492599784573
0.0244385883937283 0.097975154805897 0.260609773034324 0.208352704797142
-0.0149167681730037 0.0830885761631104 0.165325607166143 0.205550469178772
-0.0508366931027666 0.0469398785452036 0.0344030046027089 0.193559691157456
-0.0378749146656695 -0.0205347177953063 -0.0537223431320281 0.0993535619252617
0.00318766515600599 -0.0166648181678284 -0.0143639670919885 0.054794486558101
-0.032757952848844 -0.0240737728922252 -0.0146763364792198 0.13295503516594
-0.0168639317666856 -0.0936197424681471 -0.0876000606149488 0.313234508715426
