TRXV5
3
4
4
9
string Extension=J
integer IsArchMeasurement=1
integer IsSpherical=1
string Generator=SPM
string GeneratorVersion=1.3.1 Dev
double ArchRadius=0.449999988079071
integer FrequencyAxisIndex=0
integer AzimuthAxisIndex=1
integer ElevationAxisIndex=2
Frequency
5 136 690000000 960000000 LIN
Azimuth
7 8 0 2.74889357189107 LIN
Elevation
7 15 -2.74889357189107 2.74889357189107 LIN
Polar H Real Part
13
Polar H Imaginary Part
14
Polar V Real Part
13
Polar V Imaginary Part
14
Polar H Magnitude (dB)
12 0xC0000002 0 1
Polar H Phase
7 0xC0000003 0 1
Polar V Magnitude (dB)
12 0xC0000002 2 3
Polar V Phase
7 0xC0000003 2 3
0.0545692443847656 0.0238380432128906 0.05224609375 0.139350891113281
0.0774993896484375 -0.0157623291015625 0.055633544921875 0.0586395263671875
0.0233688354492188 -0.0659332275390625 -0.00726890563964843 -0.0290679931640625
-0.0304222106933594 -0.0534324645996094 -0.0785751342773438 -0.00253295898437502
-0.0429039001464844 -0.0233192443847656 -0.0763092041015625 0.0634231567382812
-0.0488777160644531 0.00239944458007812 -0.0430679321289062 0.127395629882813
-0.0333423614501953 0.0212173461914062 0.0104827880859375 0.1551513671875
-0.0308303833007813 0.0112991333007812 0.034515380859375 0.150375366210937
-0.0329380035400391 0.00157546997070312 0.0196380615234375 0.140945434570313
-0.0262870788574219 -0.00862503051757813 -0.0238418579101563 0.121330261230469
-0.0089712142944336 -0.0149869918823242 -0.0422744750976563 0.0773544311523437
0.00298023223876953 -0.0134153366088867 -0.0350589752197266 0.0344924926757813
0.0157680511474609 0.00251579284667969 -0.000461578369140621 0.0496826171875
0.0138034820556641 0.0319633483886719 0.00465393066406251 0.162506103515625
-0.0104942321777344 0.0453529357910156 -0.120513916015625 0.222381591796875
0.0696792602539063 -0.0662727355957031 0.0578460693359375 0.136482238769531
0.0648422241210938 -0.094512939453125 0.0581588745117188 0.0605735778808594
-0.0131759643554688 -0.113929748535156 0.00406074523925781 -0.0139446258544922
-0.0836944580078125 -0.0703964233398438 -0.0571403503417969 0.00585174560546876
-0.0915908813476562 -0.00601959228515626 -0.0530624389648438 0.0565834045410156
-0.0812301635742188 0.0540542602539063 -0.0269775390625 0.113922119140625
-0.0410919189453125 0.0787811279296875 0.021026611328125 0.133216857910156
-0.0369415283203125 0.0632820129394531 0.0437850952148438 0.12890625
-0.0431365966796875 0.0613861083984375 0.03179931640625 0.124229431152344
-0.0552558898925781 0.0480804443359375 -0.00864410400390624 0.112960815429687
-0.0582962036132813 0.01678466796875 -0.0239486694335938 0.0750350952148438
-0.0603675842285156 -0.0106315612792969 -0.0208358764648438 0.0451316833496094
-0.0371780395507813 -0.0453376770019531 0.00514984130859374 0.0737762451171875
-0.0049896240234375 -0.0531768798828125 -0.00122070312500002 0.1734619140625
-0.000850677490234375 -0.0510406494140625 -0.123077392578125 0.226852416992188
0.0736236572265625 -0.149551391601563 0.0668869018554688 0.109489440917969
0.0398712158203125 -0.16278076171875 0.0566520690917969 0.0487556457519531
-0.0527801513671875 -0.1468505859375 0.0112476348876953 0.00139713287353515
-0.128837585449219 -0.0766677856445313 -0.0299777984619141 0.0162868499755859
-0.12786865234375 0.01220703125 -0.021697998046875 0.0441551208496094
-0.102317810058594 0.0976104736328125 -0.005126953125 0.0851974487304687
-0.0432357788085938 0.124900817871094 0.0300140380859375 0.0920639038085938
-0.0378799438476563 0.105506896972656 0.04669189453125 0.0879745483398437
-0.047515869140625 0.112640380859375 0.0384445190429687 0.0875625610351563
-0.07666015625 0.098663330078125 0.00804901123046874 0.086334228515625
-0.101318359375 0.0484848022460938 -0.000614166259765628 0.060302734375
-0.117828369140625 -0.00446319580078126 -0.000350952148437504 0.0492172241210938
-0.0878982543945312 -0.0872726440429688 0.0115814208984375 0.091339111328125
-0.0248336791992187 -0.131004333496094 -0.0104827880859375 0.164962768554688
0.00614166259765623 -0.140518188476563 -0.118423461914063 0.199996948242187
0.063140869140625 -0.214248657226563 0.0740509033203125 0.0612411499023437
0.00369262695312499 -0.211898803710937 0.0481338500976563 0.0245475769042969
-0.0931396484375 -0.15911865234375 0.0141696929931641 0.0145530700683594
-0.1600341796875 -0.06689453125 -0.000368118286132825 0.0253753662109375
-0.146484375 0.03314208984375 0.0122947692871094 0.0267009735107422
-0.10809326171875 0.129150390625 0.0179061889648437 0.0445480346679688
-0.0387115478515625 0.152633666992188 0.034332275390625 0.0375862121582031
-0.0343780517578125 0.131698608398438 0.0425376892089844 0.0329513549804688
-0.0453338623046875 0.146484375 0.0392189025878906 0.0363121032714844
-0.0864105224609375 0.134269714355469 0.0243568420410156 0.0444107055664063
-0.128524780273438 0.072998046875 0.0249614715576172 0.0329570770263672
-0.158370971679688 0.00335693359374999 0.0239830017089844 0.044525146484375
-0.126106262207031 -0.115333557128906 0.0205612182617187 0.097869873046875
-0.0420684814453125 -0.187606811523437 -0.0190887451171875 0.137260437011719
0.0102691650390625 -0.208114624023438 -0.106201171875 0.147720336914063
0.0425567626953125 -0.248641967773438 0.075775146484375 -0.00463104248046877
-0.033966064453125 -0.232437133789063 0.0315628051757813 -0.00963211059570314
-0.123687744140625 -0.149093627929687 0.0113563537597656 0.0216808319091797
-0.171249389648438 -0.0449981689453125 0.0283050537109375 0.0277748107910156
-0.143447875976563 0.0527801513671875 0.0428810119628906 0.002685546875
-0.095733642578125 0.143600463867188 0.0358085632324219 -0.00320816040039062
-0.026458740234375 0.157806396484375 0.0320510864257813 -0.0224742889404297
-0.0254745483398438 0.1375732421875 0.0316925048828125 -0.0275726318359375
-0.037200927734375 0.1568603515625 0.0342922210693359 -0.0224838256835937
-0.08148193359375 0.146438598632812 0.0384330749511719 -0.00719070434570312
-0.13214111328125 0.0844192504882813 0.0484504699707031 -0.00196075439453124
-0.17071533203125 0.0110626220703125 0.0474853515625 0.0317039489746094
-0.142135620117187 -0.122650146484375 0.0279312133789062 0.091888427734375
-0.0512847900390625 -0.211273193359375 -0.0284423828125 0.0931549072265625
0.00923156738281252 -0.241073608398438 -0.0872039794921875 0.0763473510742188
0.020965576171875 -0.24505615234375 0.07391357421875 -0.07720947265625
-0.0584869384765625 -0.217498779296875 0.0113105773925781 -0.0488319396972656
-0.131370544433594 -0.120956420898438 0.00557136535644531 0.0203399658203125
-0.156845092773438 -0.0200347900390625 0.0490226745605469 0.0211257934570313
-0.119651794433594 0.06280517578125 0.0627632141113281 -0.0246200561523437
-0.0710830688476563 0.136276245117188 0.0440750122070312 -0.0511627197265625
-0.0116119384765625 0.140007019042969 0.023101806640625 -0.0782928466796875
-0.0127639770507813 0.1234130859375 0.01580810546875 -0.0833892822265625
-0.0234832763671875 0.1407470703125 0.0255661010742187 -0.0781478881835938
-0.0619354248046875 0.132774353027344 0.0486335754394531 -0.0575523376464844
-0.111717224121094 0.0794906616210938 0.0670928955078125 -0.0350189208984375
-0.149581909179687 0.01641845703125 0.0654563903808594 0.0168190002441406
-0.131698608398438 -0.105918884277344 0.0312423706054687 0.0756988525390625
-0.053009033203125 -0.196548461914063 -0.0361442565917969 0.0402450561523437
0.00352478027343752 -0.235641479492188 -0.0646858215332031 0.000282287597656226
0.00100708007812502 -0.201644897460937 0.07208251953125 -0.144317626953125
-0.062347412109375 -0.171340942382813 -0.00417327880859375 -0.0875167846679688
-0.111854553222656 -0.0817031860351563 -0.00223255157470704 0.00884246826171874
-0.117263793945313 0.000602722167968747 0.0590324401855469 0.00750732421875
-0.0810623168945313 0.058746337890625 0.0697593688964844 -0.050506591796875
-0.039398193359375 0.107627868652344 0.0416641235351563 -0.0917434692382813
0.00373077392578125 0.101890563964844 0.00897216796874999 -0.122245788574219
0.00122070312500001 0.0891189575195313 -0.00207519531250001 -0.126869201660156
-0.00586700439453126 0.101638793945313 0.0148468017578125 -0.12158203125
-0.0301361083984375 0.0973892211914063 0.0545120239257812 -0.0962295532226563
-0.0691146850585938 0.0639915466308594 0.0775909423828125 -0.0585250854492188
-0.101737976074219 0.023040771484375 0.0749359130859375 0.0049285888671875
-0.102142333984375 -0.0661392211914063 0.0294227600097656 0.0553550720214844
-0.05145263671875 -0.14691162109375 -0.0409202575683594 -0.00893020629882814
-0.00923156738281251 -0.193496704101562 -0.04296875 -0.0679931640625
-0.0144729614257812 -0.127357482910156 0.072509765625 -0.195083618164063
-0.0482711791992187 -0.0997238159179688 -0.0116424560546875 -0.119987487792969
-0.0701828002929688 -0.0379409790039063 -0.00954818725585938 -0.00923442840576172
-0.0618820190429687 0.0127449035644531 0.0584564208984375 -0.0101699829101562
-0.0344505310058594 0.0414276123046875 0.0651206970214844 -0.0691947937011719
-0.00609588623046875 0.0607681274414062 0.0318756103515625 -0.119186401367188
0.0162582397460938 0.0479354858398437 -0.0079345703125 -0.14813232421875
0.0147361755371094 0.0407752990722656 -0.019775390625 -0.15130615234375
0.0137290954589844 0.0461921691894531 0.00341796875000001 -0.144668579101563
0.00872802734375 0.04901123046875 0.0542831420898437 -0.117195129394531
-0.0141105651855469 0.0434379577636719 0.0783462524414063 -0.0686721801757813
-0.0405960083007812 0.0338935852050781 0.073974609375 -0.00133514404296875
-0.065826416015625 -0.011749267578125 0.0223770141601562 0.0354804992675781
-0.0529708862304688 -0.0753097534179687 -0.0439186096191406 -0.0462265014648438
-0.0283355712890625 -0.125137329101563 -0.0272293090820313 -0.117965698242188
0.0645828247070313 0.0219612121582031 0.0731964111328125 0.135231018066406
0.0849227905273438 -0.0277557373046875 0.0677566528320313 0.0524940490722656
0.01898193359375 -0.0764236450195313 -0.00940132141113281 -0.0302753448486328
-0.0394134521484375 -0.0562705993652344 -0.0806503295898438 0.00457000732421876
-0.0518150329589844 -0.02069091796875 -0.0712966918945312 0.0722427368164063
-0.0555496215820312 0.00975036621093751 -0.03070068359375 0.134651184082031
-0.0370140075683594 0.028594970703125 0.0291290283203125 0.155838012695313
-0.0351715087890625 0.0173912048339844 0.05352783203125 0.149337768554688
-0.0400238037109375 0.00662994384765625 0.0367431640625 0.1416015625
-0.0329742431640625 -0.00752830505371094 -0.0101852416992187 0.127311706542969
-0.0122566223144531 -0.0192737579345703 -0.0350723266601562 0.0857009887695313
0.00399208068847656 -0.0191287994384766 -0.0335311889648438 0.0416069030761719
0.0228996276855469 0.000280380249023438 0.00145339965820313 0.0511703491210938
0.02423095703125 0.0363883972167969 0.019561767578125 0.162033081054687
-0.00130081176757812 0.0549087524414063 -0.10308837890625 0.235260009765625
0.0699539184570313 -0.0712661743164063 0.080902099609375 0.133697509765625
0.0631484985351563 -0.105178833007813 0.0710067749023438 0.0547714233398438
-0.0225906372070312 -0.120338439941406 0.00556087493896484 -0.0158090591430664
-0.0953903198242188 -0.0673675537109375 -0.0566558837890625 0.0113525390625
-0.0988388061523438 0.00168609619140623 -0.0467910766601563 0.0622596740722656
-0.082305908203125 0.065277099609375 -0.013031005859375 0.117401123046875
-0.0372390747070312 0.0871810913085938 0.0384597778320313 0.131446838378906
-0.0346221923828125 0.0704727172851563 0.0621261596679688 0.1248779296875
-0.0421485900878906 0.0688095092773437 0.0496368408203125 0.12255859375
-0.055023193359375 0.0534019470214844 0.00685119628906249 0.117332458496094
-0.0590171813964844 0.0196647644042969 -0.0141754150390625 0.0820999145507813
-0.0605392456054688 -0.00799179077148436 -0.0163726806640625 0.0519981384277344
-0.0367584228515625 -0.0417976379394531 0.00988769531250001 0.0770263671875
-0.0050811767578125 -0.048248291015625 0.01507568359375 0.176284790039063
-0.00262832641601562 -0.0449180603027344 -0.105026245117187 0.242095947265625
0.0625762939453125 -0.156082153320313 0.08856201171875 0.107330322265625
0.028900146484375 -0.170379638671875 0.0699462890625 0.0433769226074219
-0.0657958984375 -0.148269653320313 0.0154991149902344 -0.00137519836425782
-0.139991760253906 -0.0677413940429688 -0.0264492034912109 0.0196628570556641
-0.131942749023438 0.0246963500976563 -0.0139617919921875 0.0472526550292969
-0.096954345703125 0.11126708984375 0.00811767578125 0.0848388671875
-0.0322418212890625 0.132858276367188 0.044036865234375 0.0874099731445313
-0.0299301147460938 0.112579345703125 0.0617218017578125 0.0818252563476563
-0.0389862060546875 0.121376037597656 0.0540542602539062 0.0837326049804688
-0.0695114135742187 0.10784912109375 0.0228347778320313 0.0887603759765625
-0.0983963012695313 0.0576629638671875 0.00956344604492187 0.0648460388183594
-0.118949890136719 0.00576019287109374 0.00565719604492187 0.0550422668457031
-0.0935745239257813 -0.0789260864257813 0.0205078125 0.0959243774414063
-0.03460693359375 -0.126785278320313 0.00567626953124998 0.170989990234375
-0.006500244140625 -0.138565063476563 -0.102981567382812 0.217483520507813
0.0429229736328125 -0.221908569335937 0.0920791625976563 0.0594558715820312
-0.0163116455078125 -0.21490478515625 0.0589675903320313 0.0210685729980469
-0.108428955078125 -0.154434204101563 0.0204963684082031 0.0120143890380859
-0.170211791992188 -0.0527801513671875 0.00595855712890624 0.0258522033691406
-0.14654541015625 0.049041748046875 0.020395278930664 0.0256729125976563
-0.0956878662109375 0.143341064453125 0.0285797119140625 0.04058837890625
-0.0222625732421875 0.159835815429688 0.0431632995605469 0.03033447265625
-0.0213394165039063 0.1385498046875 0.0516891479492188 0.0252532958984375
-0.03057861328125 0.15576171875 0.0500068664550781 0.0302009582519531
-0.073150634765625 0.146347045898438 0.0357208251953125 0.0431365966796875
-0.123146057128906 0.0872726440429688 0.0336322784423828 0.0339126586914063
-0.160049438476562 0.0196533203125 0.0316543579101562 0.0478401184082031
-0.137245178222656 -0.103660583496094 0.0321121215820312 0.102043151855469
-0.0597991943359375 -0.1845703125 -0.00531005859375 0.144989013671875
-0.011383056640625 -0.209259033203125 -0.094635009765625 0.16436767578125
0.0154571533203125 -0.256500244140625 0.087432861328125 -0.00548553466796876
-0.0602569580078125 -0.231002807617188 0.0386390686035156 -0.0106315612792969
-0.1412353515625 -0.138778686523438 0.019744873046875 0.0200023651123047
-0.178924560546875 -0.0265655517578125 0.0349254608154297 0.0256671905517578
-0.139480590820313 0.0695037841796875 0.0489845275878906 -0.001922607421875
-0.078460693359375 0.156326293945312 0.0418930053710937 -0.00999832153320311
-0.00701904296875001 0.162689208984375 0.0344257354736328 -0.0305385589599609
-0.00927734375000001 0.143783569335938 0.0336761474609375 -0.0351276397705078
-0.01800537109375 0.16455078125 0.0384330749511719 -0.028900146484375
-0.06488037109375 0.158660888671875 0.0447959899902344 -0.01104736328125
-0.125755310058594 0.100799560546875 0.0549468994140625 -0.00522232055664062
-0.171600341796875 0.0308685302734375 0.0551681518554687 0.0321388244628906
-0.15631103515625 -0.1083984375 0.0404586791992188 0.0952529907226563
-0.07489013671875 -0.209396362304688 -0.019073486328125 0.102294921875
-0.018402099609375 -0.245697021484375 -0.083251953125 0.0910263061523438
-0.0092010498046875 -0.25262451171875 0.0763702392578125 -0.0780181884765625
-0.087371826171875 -0.2147216796875 0.0125999450683594 -0.0472412109375
-0.14862060546875 -0.108245849609375 0.0127277374267578 0.0197772979736328
-0.161666870117188 -1.52587890624669E-05 0.0555839538574219 0.0169105529785156
-0.113014221191406 0.0788650512695313 0.0660133361816406 -0.03143310546875
-0.05169677734375 0.146377563476563 0.0449714660644531 -0.0592689514160156
0.00839233398437501 0.141708374023438 0.0180282592773437 -0.0860137939453125
0.00381469726562499 0.126296997070312 0.0108108520507813 -0.090301513671875
-0.00396728515624999 0.146209716796875 0.0218963623046875 -0.0849761962890625
-0.0441436767578125 0.14263916015625 0.0490913391113281 -0.0644149780273437
-0.103317260742187 0.095306396484375 0.0699691772460938 -0.0417289733886719
-0.149627685546875 0.0364990234375 0.0724716186523437 0.0140457153320313
-0.145431518554688 -0.089996337890625 0.0431442260742187 0.07781982421875
-0.0778961181640625 -0.193801879882813 -0.0324897766113281 0.0497856140136719
-0.02606201171875 -0.240951538085937 -0.0689048767089844 0.0115089416503906
-0.02545166015625 -0.209457397460938 0.06561279296875 -0.146682739257813
-0.0881805419921875 -0.16864013671875 -0.008758544921875 -0.0840606689453125
-0.127029418945313 -0.069915771484375 0.00349330902099609 0.0094461441040039
-0.120704650878906 0.0175323486328125 0.0643463134765625 0.00119400024414063
-0.073822021484375 0.0725784301757812 0.0691184997558594 -0.0582237243652344
-0.0213851928710937 0.114608764648437 0.0363006591796875 -0.0996017456054687
0.0216522216796875 0.100486755371094 -0.0029754638671875 -0.128128051757813
0.015777587890625 0.08978271484375 -0.014984130859375 -0.131156921386719
0.0109329223632812 0.103004455566406 0.00457000732421875 -0.126991271972656
-0.01434326171875 0.102630615234375 0.049713134765625 -0.104743957519531
-0.0596771240234375 0.0743865966796875 0.07684326171875 -0.0672454833984375
-0.0994644165039063 0.03924560546875 0.0797500610351563 -0.000625610351562498
-0.11279296875 -0.0516204833984375 0.0384254455566406 0.056427001953125
-0.0733795166015625 -0.14349365234375 -0.043701171875 -0.000526428222656252
-0.0368194580078125 -0.198043823242188 -0.0547599792480469 -0.06085205078125
-0.0331497192382813 -0.134368896484375 0.0588226318359375 -0.1998291015625
-0.0664138793945312 -0.0985946655273438 -0.0206146240234375 -0.117362976074219
-0.0812606811523438 -0.029632568359375 -0.0061945915222168 -0.00876092910766602
-0.0640411376953125 0.0247001647949219 0.0606498718261719 -0.0179977416992188
-0.0280914306640625 0.0506134033203125 0.0603103637695313 -0.07818603515625
0.00658798217773437 0.0640144348144531 0.0208206176757813 -0.125701904296875
0.0282440185546875 0.0449104309082031 -0.0251007080078125 -0.150863647460938
0.0249862670898438 0.0382728576660156 -0.0369720458984375 -0.152313232421875
0.0249824523925781 0.0437889099121094 -0.0116729736328125 -0.148757934570313
0.0213165283203125 0.0483360290527344 0.0452499389648437 -0.125389099121094
-0.00446319580078125 0.0479698181152344 0.07440185546875 -0.0779571533203125
-0.0343093872070313 0.04443359375 0.0771102905273438 -0.00807952880859375
-0.0704803466796875 0.000953674316406237 0.02728271484375 0.0359764099121094
-0.0690078735351563 -0.0699424743652344 -0.052825927734375 -0.0384063720703125
-0.0505218505859375 -0.127616882324219 -0.0451889038085938 -0.114547729492188
0.0730972290039063 0.0165786743164063 0.08978271484375 0.121559143066406
0.0874862670898438 -0.040985107421875 0.07574462890625 0.0414199829101562
0.0120391845703125 -0.0841445922851563 -0.0106277465820313 -0.0306873321533203
-0.0483589172363281 -0.0557403564453125 -0.0784912109375 0.0114669799804688
-0.0586433410644531 -0.015289306640625 -0.0631790161132813 0.0767593383789062
-0.0593605041503906 0.0187873840332031 -0.0168838500976563 0.133644104003906
-0.0378837585449219 0.0363960266113281 0.0443572998046875 0.148178100585938
-0.0370025634765625 0.0240859985351563 0.06878662109375 0.13885498046875
-0.0446243286132813 0.013580322265625 0.0519485473632812 0.134300231933594
-0.0393562316894531 -0.00521087646484375 0.00416564941406251 0.125907897949219
-0.0169906616210937 -0.0225887298583984 -0.0248031616210938 0.088897705078125
0.00333404541015625 -0.0249900817871094 -0.0296058654785156 0.0466346740722656
0.0291862487792969 -0.00397109985351563 0.00225067138671876 0.0510444641113281
0.0365486145019531 0.0373001098632813 0.0310211181640625 0.153961181640625
0.0117416381835937 0.0608596801757813 -0.082550048828125 0.235488891601562
0.0682601928710937 -0.0735397338867188 0.0991897583007813 0.120132446289062
0.0585784912109375 -0.112701416015625 0.0803070068359375 0.0438156127929687
-0.0319366455078125 -0.122573852539063 0.00563240051269531 -0.0183181762695313
-0.103012084960938 -0.0610427856445312 -0.0529251098632813 0.0156707763671875
-0.101547241210938 0.010467529296875 -0.0377006530761719 0.0637626647949219
-0.0781784057617188 0.0743942260742187 0.000160217285156258 0.114112854003906
-0.03131103515625 0.0928268432617188 0.0528488159179688 0.121391296386719
-0.0308685302734375 0.0753860473632813 0.0763397216796875 0.112663269042969
-0.0394821166992187 0.0739669799804688 0.0643997192382813 0.112251281738281
-0.0534629821777344 0.0569686889648438 0.0220947265625 0.114303588867187
-0.0584602355957031 0.0207939147949219 -0.00272369384765625 0.0836181640625
-0.0581855773925781 -0.006744384765625 -0.0104598999023438 0.0568122863769531
-0.0333976745605469 -0.0384140014648437 0.0149917602539062 0.076934814453125
-0.0010528564453125 -0.0430412292480469 0.0289764404296875 0.1702880859375
-0.00109481811523438 -0.0366058349609375 -0.0821990966796875 0.245376586914062
0.0513763427734375 -0.155181884765625 0.106781005859375 0.09576416015625
0.0177764892578125 -0.170700073242187 0.0789413452148438 0.0335006713867187
-0.07568359375 -0.143753051757813 0.0183277130126953 -0.00509834289550782
-0.145248413085938 -0.0565032958984375 -0.0210399627685547 0.02069091796875
-0.12994384765625 0.0358505249023438 -0.00564193725585938 0.0453147888183594
-0.08624267578125 0.119293212890625 0.0193023681640625 0.0783843994140625
-0.0205917358398437 0.135269165039063 0.0544052124023438 0.07598876953125
-0.0203323364257813 0.116058349609375 0.0720672607421875 0.0691452026367188
-0.0292739868164063 0.124343872070312 0.066131591796875 0.072906494140625
-0.0600967407226562 0.112106323242187 0.0367813110351562 0.0840301513671875
-0.09234619140625 0.0631561279296875 0.0204849243164062 0.0644683837890625
-0.114120483398438 0.0145339965820312 0.0135154724121094 0.0583457946777344
-0.09326171875 -0.0688629150390625 0.029083251953125 0.0954742431640625
-0.0395050048828125 -0.117233276367188 0.0211639404296875 0.167938232421875
-0.0150604248046875 -0.128219604492188 -0.0817413330078125 0.223907470703125
0.0227813720703125 -0.217071533203125 0.107421875 0.0510025024414062
-0.03277587890625 -0.206863403320313 0.0672378540039063 0.0137596130371094
-0.11865234375 -0.142578125 0.0256195068359375 0.00698280334472655
-0.171661376953125 -0.0374298095703125 0.0119152069091797 0.0240116119384766
-0.138847351074219 0.0607681274414062 0.0274620056152344 0.0215721130371094
-0.079803466796875 0.148513793945313 0.0367355346679687 0.0325584411621094
-0.0060272216796875 0.157684326171875 0.0485496520996094 0.0200576782226563
-0.00724029541015624 0.138809204101562 0.0571212768554688 0.0141220092773438
-0.014617919921875 0.155548095703125 0.0569000244140625 0.0204124450683594
-0.0572357177734375 0.150131225585938 0.0464401245117188 0.0376777648925781
-0.112411499023437 0.0960922241210938 0.0425682067871094 0.0317192077636719
-0.152801513671875 0.0337677001953125 0.0397148132324219 0.0488471984863281
-0.139541625976563 -0.0878143310546875 0.0433120727539063 0.101272583007813
-0.072265625 -0.172592163085938 0.00912475585937498 0.146087646484375
-0.0296630859375 -0.198776245117187 -0.0782470703125 0.173507690429688
-0.01123046875 -0.249282836914063 0.0966949462890625 -0.00976562500000002
-0.081146240234375 -0.216949462890625 0.0446548461914063 -0.0135002136230469
-0.149673461914062 -0.12152099609375 0.0257377624511719 0.0159931182861328
-0.176300048828125 -0.00848388671875002 0.041046142578125 0.020660400390625
-0.127609252929688 0.0814666748046875 0.0535202026367187 -0.00790786743164062
-0.05908203125 0.158065795898437 0.0458946228027344 -0.0186042785644531
0.01104736328125 0.157257080078125 0.03375244140625 -0.0383720397949219
0.00640869140625 0.140640258789062 0.0332412719726563 -0.0427284240722656
0.000488281249999997 0.161590576171875 0.0389862060546875 -0.0368881225585937
-0.0445709228515625 0.160919189453125 0.0496482849121094 -0.0172691345214844
-0.111335754394531 0.111312866210937 0.0597267150878906 -0.00888824462890624
-0.162796020507813 0.0482025146484375 0.0621185302734375 0.0296974182128906
-0.159927368164063 -0.0888519287109375 0.0525283813476562 0.0927352905273438
-0.0925140380859375 -0.195220947265625 -0.00726318359375 0.106231689453125
-0.043060302734375 -0.235000610351563 -0.0737228393554687 0.102005004882813
-0.0370330810546875 -0.245651245117188 0.0786209106445313 -0.0776748657226563
-0.110855102539063 -0.198287963867188 0.0155792236328125 -0.0446929931640625
-0.156707763671875 -0.087890625 0.0201053619384766 0.0170936584472656
-0.156845092773438 0.0192718505859375 0.0607490539550781 0.010986328125
-0.09893798828125 0.0897369384765625 0.0664100646972656 -0.0384902954101563
-0.0308074951171875 0.146194458007813 0.0430107116699219 -0.0662040710449219
0.0266571044921875 0.133743286132813 0.0115203857421875 -0.0895919799804687
0.0194625854492187 0.121040344238281 0.00348663330078124 -0.0933380126953125
0.0149078369140625 0.140899658203125 0.0168075561523437 -0.089111328125
-0.024169921875 0.142654418945312 0.0474777221679688 -0.0694198608398437
-0.0882034301757813 0.10394287109375 0.0696258544921875 -0.0476188659667969
-0.139541625976563 0.0528640747070313 0.0765457153320312 0.00907135009765626
-0.148880004882812 -0.0706634521484375 0.0539474487304687 0.0750350952148438
-0.097198486328125 -0.180130004882813 -0.0255393981933594 0.0567779541015625
-0.0537567138671875 -0.23126220703125 -0.0674972534179687 0.0235404968261719
-0.0509033203125 -0.20440673828125 0.05963134765625 -0.142974853515625
-0.109649658203125 -0.154525756835938 -0.010772705078125 -0.0778121948242188
-0.134323120117188 -0.0521087646484375 0.00901222229003905 0.0082855224609375
-0.116233825683594 0.0344924926757813 0.0663185119628906 -0.00592803955078125
-0.0606842041015625 0.0810546875 0.0645103454589844 -0.0649795532226562
-0.00277709960937501 0.111953735351563 0.0295944213867188 -0.103363037109375
0.036346435546875 0.0917739868164062 -0.0147171020507813 -0.126930236816406
0.0288467407226562 0.0827178955078125 -0.0261383056640625 -0.129241943359375
0.0258712768554687 0.0961074829101562 -0.00601196289062501 -0.127212524414063
0.00273132324218749 0.0992202758789063 0.0423583984375 -0.109046936035156
-0.0461883544921875 0.0797271728515625 0.0728607177734375 -0.0732421875
-0.0891342163085938 0.0522232055664062 0.0813064575195313 -0.00676727294921875
-0.11376953125 -0.0342864990234375 0.0465583801269531 0.0533447265625
-0.0913848876953125 -0.129768371582031 -0.0422782897949219 0.00904464721679687
-0.0630340576171875 -0.189315795898438 -0.0624618530273438 -0.0481986999511719
-0.0515060424804687 -0.1329345703125 0.0457611083984375 -0.195388793945313
-0.082489013671875 -0.0905380249023437 -0.026611328125 -0.109130859375
-0.0879440307617188 -0.0179595947265625 -0.00290012359619141 -0.00889110565185547
-0.0615501403808594 0.0362396240234375 0.0595016479492188 -0.0254364013671875
-0.0186729431152344 0.0561637878417969 0.0527114868164063 -0.0831985473632813
0.0200767517089844 0.0610198974609375 0.00881195068359374 -0.126274108886719
0.0379829406738281 0.0368690490722656 -0.04022216796875 -0.145736694335938
0.03240966796875 0.0321769714355469 -0.051605224609375 -0.145965576171875
0.0339584350585938 0.0359306335449219 -0.0254058837890625 -0.144882202148438
0.0322608947753906 0.0419807434082031 0.034210205078125 -0.127182006835938
0.00634002685546875 0.0485458374023438 0.0679168701171875 -0.0829391479492188
-0.0250320434570313 0.0518722534179687 0.0767059326171875 -0.0137100219726562
-0.0686836242675781 0.0142555236816406 0.0324363708496094 0.0340366363525391
-0.0812530517578125 -0.057830810546875 -0.0562667846679688 -0.0275611877441406
-0.0718002319335938 -0.12030029296875 -0.0599441528320313 -0.10247802734375
0.07958984375 0.01116943359375 0.097930908203125 0.10406494140625
0.0875015258789062 -0.0521163940429688 0.0781936645507813 0.0299606323242187
0.00424194335937501 -0.088836669921875 -0.0117149353027344 -0.0307521820068359
-0.0561485290527344 -0.0537376403808594 -0.0750350952148438 0.0151901245117188
-0.0634574890136719 -0.0101776123046875 -0.0558319091796875 0.0761260986328125
-0.0603294372558594 0.0273246765136719 -0.00782012939453126 0.128028869628906
-0.0367813110351562 0.04364013671875 0.0519638061523437 0.137382507324219
-0.0377006530761719 0.0306129455566406 0.0757675170898438 0.125762939453125
-0.04754638671875 0.0214729309082031 0.0603485107421875 0.123199462890625
-0.0452041625976563 -0.00116729736328124 0.0139007568359375 0.119537353515625
-0.0227413177490234 -0.0247802734375 -0.0166015625 0.0878677368164063
0.000570297241210935 -0.0303287506103516 -0.0249557495117187 0.0491561889648438
0.0341072082519531 -0.00973129272460937 0.001556396484375 0.0515670776367188
0.0476837158203125 0.0349884033203125 0.03460693359375 0.143264770507813
0.0243415832519531 0.0621604919433594 -0.0703582763671875 0.225997924804688
0.0685043334960938 -0.0728225708007813 0.109519958496094 0.103561401367188
0.0556488037109375 -0.116340637207031 0.084136962890625 0.031219482421875
-0.0385513305664062 -0.122207641601562 0.00607109069824218 -0.0204200744628906
-0.107521057128906 -0.0551834106445312 -0.0484657287597656 0.0169410705566406
-0.101318359375 0.0167465209960938 -0.0306854248046875 0.0609550476074219
-0.0743637084960938 0.0797348022460937 0.00846862792968749 0.105812072753906
-0.026641845703125 0.09503173828125 0.0587387084960938 0.108558654785156
-0.02752685546875 0.0782699584960938 0.0817718505859375 0.0982284545898438
-0.0376052856445313 0.0773849487304688 0.0714645385742188 0.0993728637695313
-0.0527496337890625 0.0584487915039063 0.032501220703125 0.106391906738281
-0.0580978393554688 0.0193252563476563 0.0065155029296875 0.0820388793945313
-0.0558891296386719 -0.00818252563476562 -0.00397109985351563 0.059051513671875
-0.0269889831542969 -0.0376815795898438 0.0177459716796875 0.076568603515625
0.00578689575195313 -0.0385475158691406 0.035736083984375 0.16058349609375
0.00521087646484375 -0.0288181304931641 -0.0671234130859375 0.238372802734375
0.0453338623046875 -0.148223876953125 0.117530822753906 0.0811080932617187
0.0125732421875 -0.166259765625 0.0839614868164063 0.0226974487304687
-0.0799636840820312 -0.137863159179688 0.0200347900390625 -0.00918579101562501
-0.14483642578125 -0.0479888916015625 -0.0164680480957031 0.0191860198974609
-0.125190734863281 0.04193115234375 0.000335693359374996 0.0407981872558594
-0.0779571533203125 0.1212158203125 0.0258293151855469 0.0689659118652344
-0.0126800537109375 0.132972717285156 0.0582466125488281 0.0635452270507813
-0.0139617919921875 0.114372253417969 0.0757827758789063 0.05523681640625
-0.0224456787109375 0.123367309570313 0.0717544555664063 0.0601577758789063
-0.052947998046875 0.11114501953125 0.0463790893554688 0.0755767822265625
-0.0867538452148437 0.063446044921875 0.0290336608886719 0.0613327026367188
-0.107475280761719 0.0168380737304687 0.0207481384277344 0.0589675903320313
-0.0869674682617188 -0.0620651245117187 0.0344696044921875 0.0940093994140625
-0.0370712280273437 -0.107749938964844 0.030242919921875 0.160995483398438
-0.016510009765625 -0.115524291992188 -0.065765380859375 0.220443725585938
0.0113983154296875 -0.20452880859375 0.117454528808594 0.039825439453125
-0.0398101806640625 -0.19482421875 0.0729598999023438 0.00547790527343749
-0.11981201171875 -0.131538391113281 0.0286655426025391 0.0018634796142578
-0.166671752929688 -0.0270233154296875 0.0164928436279297 0.0200462341308594
-0.130264282226563 0.066070556640625 0.0319900512695312 0.0152873992919922
-0.0677032470703125 0.146560668945312 0.0404243469238281 0.0226707458496094
0.00398254394531251 0.150787353515625 0.0493431091308594 0.00966262817382813
0.00147247314453125 0.133651733398437 0.057647705078125 0.00335693359375001
-0.00425720214843751 0.15057373046875 0.0597610473632813 0.00974273681640626
-0.04534912109375 0.146835327148438 0.0531272888183594 0.0299034118652344
-0.101531982421875 0.0973358154296875 0.0497550964355469 0.0276870727539063
-0.1424560546875 0.0402984619140625 0.046356201171875 0.0478782653808594
-0.133346557617188 -0.076202392578125 0.0503692626953125 0.0981521606445313
-0.0748138427734375 -0.158538818359375 0.018951416015625 0.142257690429688
-0.0379180908203125 -0.18243408203125 -0.063720703125 0.174087524414062
-0.026763916015625 -0.233154296875 0.105522155761719 -0.014801025390625
-0.0904083251953125 -0.198455810546875 0.0499763488769531 -0.0167503356933594
-0.148834228515625 -0.1063232421875 0.0304737091064453 0.01068115234375
-0.167083740234375 0.00332641601562497 0.0448417663574219 0.0158615112304688
-0.115020751953125 0.0848312377929687 0.0554580688476562 -0.013763427734375
-0.044586181640625 0.151901245117188 0.0461883544921875 -0.0267486572265625
0.0218505859375 0.146560668945313 0.0312309265136719 -0.0446891784667969
0.0163650512695313 0.132400512695313 0.0305557250976563 -0.0493698120117187
0.01287841796875 0.153152465820313 0.0385818481445313 -0.0440940856933594
-0.0302581787109375 0.154937744140625 0.0529251098632813 -0.0234832763671875
-0.0976791381835937 0.112525939941406 0.0634422302246094 -0.0137748718261719
-0.150238037109375 0.056884765625 0.067413330078125 0.0272064208984375
-0.154495239257813 -0.074249267578125 0.0604629516601563 0.0884552001953125
-0.099334716796875 -0.178466796875 0.00273895263671874 0.105644226074219
-0.0566864013671875 -0.216842651367188 -0.0631790161132813 0.107444763183594
-0.0552825927734375 -0.228790283203125 0.0830841064453125 -0.0759506225585938
-0.120635986328125 -0.17730712890625 0.0205116271972656 -0.0424919128417969
-0.154998779296875 -0.070556640625 0.02532958984375 0.0126914978027344
-0.14617919921875 0.0312042236328125 0.0622177124023438 0.00519561767578125
-0.0848312377929687 0.0922622680664063 0.0655555725097656 -0.0429725646972656
-0.0156478881835938 0.13751220703125 0.040435791015625 -0.07086181640625
0.0367431640625 0.120834350585938 0.00646972656250001 -0.0911331176757812
0.0286407470703125 0.111305236816406 -0.00188446044921875 -0.0941619873046875
0.0264816284179688 0.130393981933594 0.0125350952148438 -0.09130859375
-0.00942993164062501 0.13446044921875 0.0465469360351563 -0.0735397338867187
-0.0738372802734375 0.104957580566406 0.0694313049316406 -0.0513954162597656
-0.125999450683594 0.0614776611328125 0.0789871215820313 0.0048828125
-0.14398193359375 -0.0548553466796875 0.0609359741210938 0.0698661804199219
-0.106216430664063 -0.162322998046875 -0.0173797607421875 0.059814453125
-0.0704498291015625 -0.212554931640625 -0.0625076293945313 0.0332183837890625
-0.068756103515625 -0.191787719726563 0.0594940185546875 -0.13519287109375
-0.121185302734375 -0.136344909667969 -0.00758361816406251 -0.0708847045898438
-0.133766174316406 -0.0362396240234375 0.0147485733032226 0.00564861297607422
-0.106666564941406 0.04595947265625 0.0657615661621094 -0.0116462707519531
-0.0473785400390625 0.0830764770507813 0.0609054565429688 -0.0677452087402344
0.0106582641601562 0.103614807128906 0.0240097045898438 -0.103935241699219
0.0446243286132813 0.0791778564453125 -0.0216064453125 -0.122955322265625
0.035919189453125 0.073089599609375 -0.0333709716796875 -0.124374389648438
0.035125732421875 0.0852508544921875 -0.012542724609375 -0.124320983886719
0.0147781372070313 0.090362548828125 0.0371322631835937 -0.109092712402344
-0.03277587890625 0.0788345336914063 0.0689163208007813 -0.076202392578125
-0.0757598876953125 0.0589828491210938 0.0816116333007813 -0.0107879638671875
-0.108222961425781 -0.0203475952148437 0.0517311096191406 0.0493087768554688
-0.0998001098632812 -0.113082885742188 -0.0382003784179688 0.0161628723144531
-0.0805816650390625 -0.1728515625 -0.0632820129394531 -0.0351943969726563
-0.0659866333007812 -0.126136779785156 0.040924072265625 -0.184890747070312
-0.0925369262695313 -0.0789947509765625 -0.0263442993164063 -0.09930419921875
-0.089874267578125 -0.00630950927734373 0.000581741333007806 -0.0103425979614258
-0.0554771423339844 0.0449943542480469 0.0568885803222656 -0.0301284790039062
-0.00928497314453125 0.0578994750976562 0.0450668334960938 -0.0844802856445312
0.0298309326171875 0.0544509887695313 0.000823974609375 -0.121879577636719
0.0430831909179688 0.0263786315917969 -0.0485916137695312 -0.136421203613281
0.0367393493652344 0.0231094360351563 -0.0593643188476562 -0.135513305664063
0.0392951965332031 0.0265922546386719 -0.0331344604492188 -0.137062072753906
0.0400390625 0.0329818725585938 0.026763916015625 -0.125381469726563
0.0160942077636719 0.0450325012207031 0.0619277954101563 -0.083831787109375
-0.0137481689453125 0.0542716979980469 0.0745468139648438 -0.0173110961914062
-0.0626983642578125 0.0253448486328125 0.0351829528808594 0.0315322875976563
-0.0876617431640625 -0.044830322265625 -0.055389404296875 -0.0173530578613281
-0.0859909057617188 -0.107345581054688 -0.0665969848632813 -0.086669921875
0.0847702026367188 0.0064697265625 0.0988082885742188 0.090240478515625
0.08709716796875 -0.0615463256835938 0.0772628784179688 0.0201568603515625
-0.0027313232421875 -0.0929031372070313 -0.0127525329589844 -0.0314064025878906
-0.06329345703125 -0.0521926879882812 -0.0723037719726563 0.015655517578125
-0.0671005249023438 -0.00520706176757812 -0.05206298828125 0.07354736328125
-0.0608978271484375 0.0349082946777344 -0.00479888916015625 0.122596740722656
-0.035552978515625 0.0498199462890625 0.053741455078125 0.128105163574219
-0.0375137329101562 0.0368614196777344 0.076812744140625 0.116645812988281
-0.049560546875 0.0293502807617188 0.0627212524414063 0.114662170410156
-0.0497589111328125 0.00316238403320313 0.0184783935546875 0.113594055175781
-0.0286941528320313 -0.0265979766845703 -0.0109481811523438 0.0861358642578125
-0.00239944458007812 -0.0358428955078125 -0.0220947265625 0.0512580871582031
0.0383720397949219 -0.0160484313964844 -6.4849853515627E-05 0.0525436401367188
0.0582199096679688 0.0309219360351563 0.0316238403320313 0.135650634765625
0.0361671447753906 0.0621871948242187 -0.0680389404296875 0.215988159179688
0.0723648071289063 -0.071868896484375 0.113197326660156 0.0885848999023437
0.0557708740234375 -0.12103271484375 0.0843048095703125 0.0215072631835937
-0.0419082641601562 -0.123329162597656 0.00597763061523437 -0.0233573913574219
-0.110694885253906 -0.053558349609375 -0.0451278686523438 0.0157966613769531
-0.10223388671875 0.0199966430664062 -0.0272254943847656 0.0567474365234375
-0.07305908203125 0.0838699340820313 0.0109939575195312 0.09783935546875
-0.0243988037109375 0.0975570678710938 0.0595169067382813 0.097808837890625
-0.0265045166015625 0.080780029296875 0.0820693969726563 0.0863723754882813
-0.037200927734375 0.0810699462890625 0.0736541748046875 0.0884323120117188
-0.0539779663085938 0.0595245361328125 0.0380783081054688 0.098663330078125
-0.0600967407226563 0.0169715881347656 0.0129241943359375 0.0786590576171875
-0.0546913146972656 -0.0119361877441406 0.00078964233398437 0.0606307983398438
-0.0205802917480469 -0.0401763916015625 0.0178375244140625 0.076751708984375
0.0158653259277344 -0.0374870300292969 0.03515625 0.154296875
0.0147266387939453 -0.0230274200439453 -0.0621490478515625 0.230010986328125
0.0470123291015625 -0.140464782714844 0.123703002929687 0.0674972534179687
0.0134735107421875 -0.163864135742188 0.0854721069335938 0.012603759765625
-0.0802154541015625 -0.1361083984375 0.0208835601806641 -0.0135231018066406
-0.144134521484375 -0.0452117919921875 -0.013117790222168 0.0163564682006836
-0.122871398925781 0.043487548828125 0.00405693054199218 0.0350532531738281
-0.0742721557617187 0.120796203613281 0.0269737243652344 0.060302734375
-0.010284423828125 0.131004333496094 0.057647705078125 0.0531501770019531
-0.0118179321289063 0.113319396972656 0.0746841430664062 0.0438995361328125
-0.0200576782226563 0.122444152832031 0.073089599609375 0.049224853515625
-0.0513458251953125 0.109085083007813 0.0521774291992187 0.0673370361328125
-0.0843429565429688 0.0607376098632812 0.0362129211425781 0.0575065612792969
-0.1025390625 0.0151519775390625 0.0263748168945312 0.0597724914550781
-0.0789871215820313 -0.061279296875 0.037109375 0.0934524536132813
-0.0298385620117188 -0.102005004882813 0.0326385498046875 0.155670166015625
-0.0104293823242187 -0.104904174804688 -0.0585784912109375 0.21514892578125
0.010223388671875 -0.191390991210938 0.125717163085938 0.0298538208007812
-0.0381011962890625 -0.18603515625 0.0764694213867188 -0.00281524658203126
-0.115989685058594 -0.126480102539063 0.0305271148681641 -0.00329971313476563
-0.161636352539063 -0.0235137939453125 0.0197792053222656 0.0158138275146484
-0.124885559082031 0.0655136108398438 0.0346736907958984 0.00890350341796875
-0.0622406005859375 0.142013549804688 0.0410079956054687 0.0136451721191406
0.00733947753906251 0.14434814453125 0.0476150512695312 0.00106811523437501
0.00442504882812501 0.129058837890625 0.0559005737304688 -0.00595855712890624
-0.000534057617187502 0.1451416015625 0.0597343444824219 -9.15527343749911E-05
-0.040435791015625 0.141204833984375 0.057952880859375 0.0218429565429688
-0.095855712890625 0.0944061279296875 0.0554924011230469 0.0236434936523438
-0.134292602539063 0.0399703979492187 0.0528602600097656 0.0468330383300781
-0.125137329101563 -0.0717315673828125 0.0548782348632812 0.0962677001953125
-0.0698699951171875 -0.149520874023437 0.0238800048828125 0.138900756835938
-0.035858154296875 -0.168548583984375 -0.0558319091796875 0.172637939453125
-0.031768798828125 -0.217330932617188 0.113922119140625 -0.0197677612304688
-0.0897674560546875 -0.183990478515625 0.0559883117675781 -0.0211982727050781
-0.1427001953125 -0.097442626953125 0.0330963134765625 0.00536155700683593
-0.158462524414063 0.00790405273437498 0.0472755432128906 0.0107002258300781
-0.107208251953125 0.082489013671875 0.0568962097167969 -0.0198097229003906
-0.037841796875 0.1444091796875 0.0455169677734375 -0.033477783203125
0.0244598388671875 0.136650085449219 0.02899169921875 -0.0502548217773438
0.020172119140625 0.125137329101563 0.0277137756347656 -0.0552215576171875
0.0172882080078125 0.144485473632813 0.0374526977539063 -0.0507965087890625
-0.023223876953125 0.147552490234375 0.0550346374511719 -0.0301094055175781
-0.089324951171875 0.109672546386719 0.0674819946289063 -0.01776123046875
-0.139579772949219 0.05810546875 0.0725860595703125 0.0248031616210938
-0.146560668945313 -0.067138671875 0.0660400390625 0.0856552124023438
-0.0977935791015625 -0.1661376953125 0.00942993164062499 0.103805541992187
-0.058837890625 -0.200607299804688 -0.05572509765625 0.110298156738281
-0.062774658203125 -0.213607788085937 0.0914459228515625 -0.0746536254882813
-0.1220703125 -0.160598754882813 0.0277023315429687 -0.0426406860351563
-0.148773193359375 -0.0603179931640625 0.0292930603027344 0.00824737548828125
-0.135894775390625 0.0359344482421875 0.06365966796875 -3.05175781249978E-05
-0.0747909545898438 0.0890579223632813 0.0661544799804688 -0.0468597412109375
-0.00836181640625 0.127304077148438 0.0392227172851563 -0.0752334594726562
0.0393447875976563 0.109642028808594 0.00386810302734374 -0.0927352905273438
0.031707763671875 0.102378845214844 -0.00414276123046874 -0.0955810546875
0.031005859375 0.119071960449219 0.0101165771484375 -0.0939254760742187
-0.0018157958984375 0.125381469726563 0.0466842651367188 -0.0772933959960937
-0.0638809204101562 0.101531982421875 0.0706405639648437 -0.0542373657226562
-0.113571166992188 0.06304931640625 0.0820388793945312 0.00244903564453125
-0.135231018066406 -0.046112060546875 0.0657844543457031 0.066436767578125
-0.107040405273437 -0.148269653320313 -0.0120010375976563 0.0613517761230469
-0.07647705078125 -0.195648193359375 -0.0568580627441406 0.0400505065917969
-0.0779876708984375 -0.179031372070313 0.0658493041992188 -0.128684997558594
-0.124465942382813 -0.121078491210937 -0.000198364257812501 -0.0667381286621094
-0.130859375 -0.0250396728515625 0.0189380645751953 0.00211715698242187
-0.0978012084960938 0.0519256591796875 0.0651359558105469 -0.0157814025878906
-0.0376739501953125 0.0803070068359375 0.0586738586425781 -0.0694732666015625
0.0181427001953125 0.0941314697265625 0.021697998046875 -0.103927612304688
0.0465011596679688 0.0674476623535156 -0.024658203125 -0.11944580078125
0.0378341674804687 0.063568115234375 -0.0359115600585938 -0.121078491210937
0.0386810302734375 0.0740890502929688 -0.0153045654296875 -0.122207641601563
0.0207748413085938 0.080322265625 0.0354461669921875 -0.110031127929688
-0.02374267578125 0.0745697021484375 0.0673828125 -0.07708740234375
-0.064727783203125 0.0597076416015625 0.0822525024414062 -0.0130615234375
-0.100395202636719 -0.0107192993164062 0.054595947265625 0.0461196899414063
-0.102279663085937 -0.0994720458984375 -0.0327930450439453 0.0205478668212891
-0.0885772705078125 -0.157257080078125 -0.0605888366699219 -0.0239639282226563
-0.0761184692382813 -0.119529724121094 0.0437469482421875 -0.17474365234375
-0.0988235473632813 -0.0692596435546875 -0.0201797485351563 -0.0930023193359375
-0.0895462036132813 0.00265502929687498 0.00430965423583984 -0.0126457214355469
-0.0492401123046875 0.0512657165527344 0.0549774169921875 -0.0331497192382812
-0.00133895874023438 0.0574073791503906 0.0416717529296875 -0.0836105346679688
0.0365447998046875 0.0471839904785156 -0.00246429443359374 -0.1187744140625
0.0453643798828125 0.0169754028320313 -0.0506668090820313 -0.128944396972656
0.0384025573730469 0.0159034729003906 -0.0611648559570312 -0.128196716308594
0.04052734375 0.0173835754394531 -0.0355224609375 -0.13104248046875
0.0440559387207031 0.0233383178710938 0.0235061645507812 -0.1224365234375
0.0233154296875 0.0401229858398438 0.0595855712890625 -0.082763671875
-0.00407028198242188 0.0542144775390625 0.0738372802734375 -0.0184402465820312
-0.05584716796875 0.032501220703125 0.0372695922851562 0.0303001403808594
-0.0909500122070313 -0.0319061279296875 -0.0518569946289063 -0.00999832153320314
-0.094757080078125 -0.0944137573242188 -0.067108154296875 -0.0729751586914063
0.0931625366210937 0.00138092041015625 0.0979461669921875 0.0781936645507813
0.087432861328125 -0.0722885131835938 0.0752487182617188 0.0121002197265625
-0.00943756103515624 -0.0979461669921875 -0.0139217376708984 -0.0337772369384766
-0.0707778930664063 -0.050872802734375 -0.0718612670898438 0.0155487060546875
-0.0715179443359375 -9.15527343750104E-05 -0.0513992309570313 0.0715713500976563
-0.0622329711914062 0.0432014465332031 -0.00443267822265627 0.119705200195312
-0.0345039367675781 0.0575027465820313 0.0528640747070313 0.12408447265625
-0.0378265380859375 0.0438766479492188 0.0763626098632813 0.110374450683594
-0.0505218505859375 0.0376243591308594 0.0632095336914063 0.108505249023438
-0.0555801391601563 0.00849151611328126 0.02044677734375 0.109825134277344
-0.0356407165527344 -0.0280113220214844 -0.00811767578125 0.0852508544921875
-0.00638198852539062 -0.0412483215332031 -0.0197906494140625 0.0536994934082031
0.0427474975585937 -0.0233879089355469 -0.00236892700195312 0.0559425354003906
0.0690345764160156 0.0253868103027344 0.0258407592773437 0.133132934570313
0.0473823547363281 0.0606002807617188 -0.0720977783203125 0.21124267578125
0.0801162719726563 -0.0724639892578125 0.115165710449219 0.075836181640625
0.0585098266601562 -0.128082275390625 0.083465576171875 0.0118026733398437
-0.04571533203125 -0.127456665039063 0.00523567199707031 -0.0266838073730469
-0.116157531738281 -0.05218505859375 -0.0439987182617188 0.0135726928710937
-0.106147766113281 0.023529052734375 -0.0256576538085938 0.0527114868164063
-0.0739517211914062 0.0889968872070313 0.0108795166015625 0.0927734375
-0.0238418579101563 0.102821350097656 0.0574874877929687 0.0917434692382813
-0.0262374877929688 0.085906982421875 0.0806961059570313 0.0783538818359375
-0.0385971069335938 0.087158203125 0.073883056640625 0.0805282592773438
-0.0583763122558594 0.0622100830078125 0.0412750244140625 0.0924224853515625
-0.0648384094238281 0.0152587890625 0.0182571411132813 0.07635498046875
-0.0564308166503906 -0.0173683166503906 0.00547409057617187 0.0618896484375
-0.0142402648925781 -0.0456314086914062 0.0180892944335938 0.079803466796875
0.0269088745117188 -0.0397720336914063 0.033233642578125 0.152328491210938
0.0254936218261719 -0.020965576171875 -0.06317138671875 0.225418090820313
0.0537185668945313 -0.13751220703125 0.128486633300781 0.0550918579101562
0.01751708984375 -0.166732788085938 0.086822509765625 0.00296783447265624
-0.08074951171875 -0.139472961425781 0.02099609375 -0.0179271697998047
-0.146743774414063 -0.0454864501953125 -0.0113372802734375 0.0126590728759766
-0.125335693359375 0.0441360473632813 0.00517654418945311 0.0290374755859375
-0.0748367309570313 0.123275756835937 0.026947021484375 0.05279541015625
-0.00963592529296875 0.131912231445312 0.0549659729003906 0.0454254150390625
-0.0116806030273437 0.1153564453125 0.072235107421875 0.0345840454101563
-0.0202789306640625 0.12457275390625 0.0723037719726562 0.0398788452148438
-0.0530776977539063 0.109603881835938 0.0557594299316406 0.0596199035644531
-0.0869140625 0.0585403442382812 0.0419387817382812 0.0541114807128906
-0.101669311523438 0.0108566284179687 0.0327682495117187 0.0602531433105469
-0.07196044921875 -0.0646591186523438 0.0396804809570312 0.0956802368164063
-0.0201263427734375 -0.101913452148438 0.0331268310546875 0.15545654296875
-0.00145721435546875 -0.0995635986328125 -0.056671142578125 0.213088989257813
0.013916015625 -0.18475341796875 0.133392333984375 0.019683837890625
-0.03387451171875 -0.183700561523438 0.0800933837890625 -0.01116943359375
-0.113334655761719 -0.127120971679688 0.0315513610839844 -0.00855255126953126
-0.1600341796875 -0.0242156982421875 0.0219688415527344 0.0113925933837891
-0.124107360839844 0.0640182495117188 0.0362358093261719 0.00210189819335938
-0.0623931884765625 0.140174865722656 0.0401039123535156 0.00582885742187501
0.00686645507812502 0.142135620117188 0.0448722839355469 -0.00688171386718749
0.004547119140625 0.127914428710938 0.0527877807617188 -0.0150489807128906
1.52587890625118E-05 0.14349365234375 0.0589942932128906 -0.00889205932617187
-0.039581298828125 0.138671875 0.0617561340332031 0.0137100219726563
-0.0952606201171875 0.0919189453125 0.06134033203125 0.0186004638671875
-0.1314697265625 0.0375823974609375 0.0594215393066406 0.0466384887695313
-0.118461608886719 -0.07354736328125 0.0595474243164062 0.0969619750976562
-0.0628204345703125 -0.14691162109375 0.0279006958007812 0.138496398925781
-0.0301361083984375 -0.16046142578125 -0.05126953125 0.17340087890625
-0.0294952392578125 -0.206924438476563 0.124641418457031 -0.0263214111328125
-0.08551025390625 -0.176422119140625 0.0623817443847656 -0.0271530151367188
-0.137710571289063 -0.0955581665039062 0.0362586975097656 -0.00118637084960938
-0.153564453125 0.0069580078125 0.0497474670410156 0.0061492919921875
-0.103469848632813 0.0791778564453125 0.0586700439453125 -0.0259437561035156
-0.036956787109375 0.138435363769531 0.0449905395507813 -0.0414810180664062
0.0240631103515625 0.130577087402344 0.0260581970214844 -0.0566635131835937
0.0201034545898438 0.121086120605469 0.0250167846679687 -0.0622673034667969
0.0186614990234375 0.139381408691406 0.0360450744628906 -0.0580024719238281
-0.020294189453125 0.142013549804688 0.0582618713378906 -0.0374641418457031
-0.08538818359375 0.106864929199219 0.071746826171875 -0.0233001708984375
-0.133613586425781 0.0562820434570312 0.0781097412109375 0.02276611328125
-0.13922119140625 -0.0655288696289062 0.0709304809570312 0.08447265625
-0.0937652587890625 -0.160354614257813 0.0143280029296875 0.104560852050781
-0.05670166015625 -0.189956665039062 -0.0495681762695313 0.113304138183594
-0.065582275390625 -0.2025146484375 0.103324890136719 -0.0766372680664063
-0.120574951171875 -0.14959716796875 0.0353660583496094 -0.0456314086914063
-0.1435546875 -0.0539703369140625 0.0333843231201172 0.00254440307617187
-0.128631591796875 0.0378875732421875 0.0660591125488281 -0.00384521484375
-0.069122314453125 0.0858001708984375 0.0669784545898438 -0.0520095825195312
-0.00527191162109374 0.119071960449219 0.0382156372070313 -0.0800704956054687
0.038970947265625 0.101112365722656 0.00124359130859375 -0.0957489013671875
0.0321197509765625 0.0959396362304687 -0.00734710693359375 -0.09979248046875
0.0322952270507813 0.111961364746094 0.00834655761718749 -0.0986709594726563
0.00170898437499999 0.117195129394531 0.0477294921875 -0.0828628540039062
-0.05828857421875 0.0970230102539062 0.0732498168945313 -0.0585403442382812
-0.106315612792969 0.0626983642578125 0.087066650390625 0.000160217285156254
-0.128944396972656 -0.0420913696289062 0.0713272094726562 0.06402587890625
-0.105865478515625 -0.138908386230469 -0.0051422119140625 0.0626907348632812
-0.078155517578125 -0.183013916015625 -0.0512809753417969 0.04693603515625
-0.0848541259765625 -0.16986083984375 0.0765304565429688 -0.126510620117187
-0.127052307128906 -0.110061645507812 0.00830841064453124 -0.0671615600585938
-0.126823425292969 -0.0170135498046875 0.022552490234375 -0.00207138061523438
-0.0900650024414062 0.0560760498046875 0.0671806335449219 -0.0187034606933594
-0.0296859741210937 0.0785980224609375 0.0590744018554687 -0.0720672607421875
0.022613525390625 0.0858230590820313 0.0210723876953125 -0.106170654296875
0.0472030639648437 0.05755615234375 -0.0260009765625 -0.119873046875
0.0382728576660156 0.0560874938964844 -0.0375900268554688 -0.121322631835938
0.0391197204589844 0.06500244140625 -0.016387939453125 -0.123634338378906
0.0237960815429687 0.0710372924804688 0.0359115600585937 -0.113052368164063
-0.0170974731445312 0.0690116882324219 0.0695877075195313 -0.079437255859375
-0.05560302734375 0.0587501525878906 0.0853500366210938 -0.014923095703125
-0.0936813354492187 -0.00570678710937501 0.0588035583496094 0.0446395874023437
-0.103111267089844 -0.088592529296875 -0.0274543762207031 0.0239200592041016
-0.0932769775390625 -0.144241333007812 -0.0566482543945313 -0.0143928527832031
-0.0858306884765625 -0.114601135253906 0.053253173828125 -0.170013427734375
-0.105697631835937 -0.060394287109375 -0.0125885009765625 -0.0912857055664062
-0.0901870727539063 0.0113296508789062 0.00737571716308593 -0.0165500640869141
-0.0436172485351563 0.0574378967285156 0.053619384765625 -0.0361137390136719
0.00594329833984375 0.0567779541015625 0.0399246215820313 -0.0834274291992188
0.041839599609375 0.0396957397460938 -0.00283813476562501 -0.116622924804687
0.0454139709472656 0.00787353515625 -0.0512542724609375 -0.125007629394531
0.0381851196289063 0.00815200805664063 -0.0617294311523438 -0.124641418457031
0.0405921936035156 0.00871658325195313 -0.035552978515625 -0.129058837890625
0.0458641052246094 0.0137901306152344 0.0238800048828125 -0.122215270996094
0.0302276611328125 0.0344409942626953 0.0594100952148438 -0.0828704833984375
0.00450897216796874 0.0532608032226563 0.0750503540039063 -0.0189666748046875
-0.0493507385253906 0.0389785766601563 0.0395889282226563 0.0294761657714844
-0.092620849609375 -0.020660400390625 -0.0471267700195313 -0.00333404541015625
-0.101921081542969 -0.0824966430664063 -0.0655784606933594 -0.0601844787597656
0.101036071777344 -0.0065765380859375 0.096405029296875 0.0677490234375
0.086456298828125 -0.0855865478515625 0.0723037719726563 0.00403594970703124
-0.0179672241210938 -0.103843688964844 -0.0165824890136719 -0.0361289978027344
-0.0800628662109375 -0.04827880859375 -0.073486328125 0.0159454345703125
-0.0774459838867188 0.0063934326171875 -0.0529632568359375 0.0714492797851563
-0.0625686645507813 0.0533905029296875 -0.00524902343749999 0.120193481445313
-0.0317802429199219 0.0661697387695313 0.0521392822265625 0.122833251953125
-0.0362205505371094 0.0520210266113281 0.0758285522460937 0.1077880859375
-0.0510063171386719 0.0483856201171875 0.0635147094726563 0.105171203613281
-0.0608634948730469 0.0163307189941406 0.022796630859375 0.107696533203125
-0.0443611145019531 -0.0270004272460937 -0.00445556640625001 0.08526611328125
-0.0124664306640625 -0.0468788146972656 -0.0170860290527344 0.0568275451660156
0.0453453063964844 -0.0333366394042969 -0.00336837768554687 0.0606880187988281
0.0804290771484375 0.0162811279296875 0.0215606689453125 0.136085510253906
0.0608444213867188 0.0577926635742187 -0.0788726806640625 0.212356567382812
0.089141845703125 -0.0784912109375 0.116004943847656 0.0632705688476563
0.0587310791015625 -0.139762878417969 0.081817626953125 0.00215148925781249
-0.0530242919921875 -0.134185791015625 0.00375747680664062 -0.0306053161621094
-0.1248779296875 -0.0510330200195313 -0.0445709228515625 0.0116767883300781
-0.111412048339844 0.028778076171875 -0.026336669921875 0.0496330261230469
-0.0747146606445313 0.0986404418945313 0.0095367431640625 0.090057373046875
-0.0216827392578125 0.109695434570313 0.0551300048828125 0.0871200561523438
-0.025299072265625 0.0925369262695313 0.0783767700195313 0.0725860595703125
-0.0387496948242188 0.095672607421875 0.0732879638671875 0.0740737915039063
-0.0624198913574219 0.0680618286132813 0.0445098876953125 0.0868759155273438
-0.0723495483398438 0.0144500732421875 0.0232009887695313 0.0740432739257813
-0.060546875 -0.0223846435546875 0.0106735229492187 0.0635147094726563
-0.0101356506347656 -0.0551681518554688 0.02008056640625 0.0846786499023438
0.0379066467285156 -0.0476837158203125 0.0317840576171875 0.154922485351563
0.0382652282714844 -0.0218124389648438 -0.0655364990234375 0.227813720703125
0.062408447265625 -0.139595031738281 0.133224487304688 0.0414886474609375
0.0201263427734375 -0.175308227539062 0.0870285034179688 -0.00698089599609376
-0.08502197265625 -0.14495849609375 0.0203437805175781 -0.0231304168701172
-0.153106689453125 -0.0454559326171875 -0.0106878280639649 0.00890541076660156
-0.129814147949219 0.047210693359375 0.00549316406249999 0.0236911773681641
-0.0761566162109375 0.129425048828125 0.0250434875488281 0.0471878051757813
-0.00889587402343749 0.137100219726563 0.0512619018554688 0.0386276245117188
-0.0109481811523438 0.119758605957031 0.0683555603027344 0.0269203186035156
-0.0205459594726562 0.130783081054688 0.0711212158203125 0.0309295654296875
-0.0554656982421875 0.112739562988281 0.059539794921875 0.0522079467773438
-0.0911865234375 0.0577850341796875 0.048492431640625 0.0494041442871094
-0.104484558105469 0.00646209716796876 0.0405502319335937 0.0599708557128906
-0.067657470703125 -0.0721282958984375 0.044464111328125 0.099090576171875
-0.0110244750976562 -0.107086181640625 0.035003662109375 0.15789794921875
0.00959014892578125 -0.0983428955078125 -0.055084228515625 0.216384887695313
0.0209808349609375 -0.182952880859375 0.141510009765625 0.00624084472656249
-0.0301361083984375 -0.187286376953125 0.083038330078125 -0.021575927734375
-0.113639831542969 -0.1314697265625 0.0322494506835937 -0.0151214599609375
-0.163238525390625 -0.0252838134765625 0.0233039855957031 0.00567626953125
-0.127388000488281 0.0643310546875 0.0373191833496094 -0.00505828857421875
-0.0637969970703125 0.142852783203125 0.0380020141601562 -0.00233840942382812
0.00671386718749999 0.143783569335938 0.0404510498046875 -0.0144729614257812
0.00445556640625001 0.129684448242188 0.0480728149414063 -0.0234184265136719
0.000183105468750011 0.145751953125 0.0564994812011719 -0.018310546875
-0.0405731201171875 0.139854431152344 0.0643882751464844 0.00440979003906251
-0.0971221923828125 0.0915756225585938 0.0676498413085938 0.0124435424804688
-0.131813049316406 0.0348739624023438 0.0675926208496094 0.0440444946289063
-0.114982604980469 -0.0772857666015625 0.0663604736328125 0.0987319946289063
-0.0578765869140625 -0.148406982421875 0.032501220703125 0.140731811523437
-0.0227813720703125 -0.156784057617188 -0.0470428466796875 0.177139282226563
-0.0273284912109375 -0.201400756835938 0.136054992675781 -0.0369873046875
-0.0824127197265625 -0.1744384765625 0.0673446655273438 -0.0364570617675781
-0.135391235351563 -0.0956192016601562 0.03802490234375 -0.00747680664062501
-0.15234375 0.00671386718749999 0.052398681640625 -7.62939453124996E-05
-0.103775024414063 0.0774154663085937 0.0603294372558594 -0.0332374572753906
-0.037811279296875 0.136932373046875 0.0427284240722656 -0.0495338439941406
0.0234222412109375 0.128303527832031 0.0219650268554688 -0.0644111633300781
0.0196380615234375 0.119102478027344 0.0195198059082031 -0.06964111328125
0.0187606811523437 0.137489318847656 0.0329818725585938 -0.0663261413574219
-0.0192337036132813 0.139671325683594 0.0597648620605469 -0.047149658203125
-0.0841598510742188 0.104820251464844 0.0766677856445313 -0.0298080444335937
-0.131538391113281 0.05523681640625 0.0861663818359375 0.0188369750976563
-0.135673522949219 -0.0663299560546875 0.0786285400390625 0.0835189819335938
-0.09112548828125 -0.158950805664062 0.0205307006835938 0.106002807617187
-0.053558349609375 -0.1839599609375 -0.0429229736328125 0.118415832519531
-0.0680084228515625 -0.19500732421875 0.116653442382813 -0.084716796875
-0.119735717773437 -0.143280029296875 0.0436172485351563 -0.052581787109375
-0.140060424804688 -0.0508041381835937 0.0363731384277344 -0.00404739379882813
-0.123428344726563 0.0385360717773438 0.0685806274414063 -0.00937652587890625
-0.0658950805664062 0.0822906494140625 0.0687408447265625 -0.058441162109375
-0.00512695312499999 0.113845825195313 0.0365524291992187 -0.087860107421875
0.0371780395507813 0.0951156616210938 -0.00200653076171874 -0.101814270019531
0.0313796997070312 0.0914535522460938 -0.0119705200195313 -0.1051025390625
0.03173828125 0.106613159179688 0.00524139404296875 -0.104995727539063
0.0031890869140625 0.111221313476563 0.048492431640625 -0.0914459228515625
-0.0542068481445313 0.0932540893554688 0.076995849609375 -0.0660400390625
-0.100746154785156 0.061309814453125 0.0930557250976563 -0.00487518310546875
-0.123748779296875 -0.0396957397460938 0.0770187377929687 0.0611038208007813
-0.105491638183594 -0.133056640625 0.00128173828124999 0.0638809204101562
-0.0785675048828125 -0.174407958984375 -0.0445175170898438 0.0525550842285156
-0.091552734375 -0.16278076171875 0.0901565551757813 -0.131484985351563
-0.130348205566406 -0.100296020507813 0.01776123046875 -0.0707931518554688
-0.124557495117188 -0.00956726074218751 0.0256385803222656 -0.00788688659667969
-0.0821990966796875 0.0596237182617187 0.0683021545410156 -0.023345947265625
-0.0240859985351563 0.0758056640625 0.0597610473632812 -0.0766525268554688
0.0252914428710938 0.0775375366210938 0.0195693969726563 -0.111091613769531
0.0452880859375 0.0494194030761719 -0.0284042358398437 -0.122451782226563
0.0376815795898438 0.0496292114257812 -0.0412368774414063 -0.123886108398438
0.0385284423828125 0.0576934814453125 -0.0189590454101562 -0.127723693847656
0.02508544921875 0.0620536804199219 0.0354690551757813 -0.118858337402344
-0.0117378234863281 0.0633583068847656 0.0713043212890625 -0.0848464965820313
-0.0472526550292969 0.0575981140136719 0.089752197265625 -0.0182342529296875
-0.0872421264648437 -0.000724792480468748 0.0635490417480469 0.04217529296875
-0.10302734375 -0.0778884887695312 -0.0206928253173828 0.0268936157226562
-0.0970993041992187 -0.132575988769531 -0.0506744384765625 -0.00642395019531251
-0.09588623046875 -0.109214782714844 0.06414794921875 -0.172592163085938
-0.111839294433594 -0.0507736206054687 -0.00403594970703125 -0.0934371948242188
-0.09051513671875 0.0205078125 0.00937652587890624 -0.0212554931640625
-0.0365104675292969 0.062591552734375 0.0531845092773438 -0.0392341613769531
0.0131607055664062 0.0553855895996094 0.0386734008789062 -0.0852737426757813
0.0453910827636719 0.0321273803710938 -0.00495910644531251 -0.118339538574219
0.04486083984375 -0.0015716552734375 -0.0524215698242187 -0.124923706054688
0.0371589660644531 0.00107955932617188 -0.0636978149414063 -0.124237060546875
0.0386619567871094 -5.7220458984375E-05 -0.0366897583007812 -0.129608154296875
0.0467529296875 0.00297927856445313 0.0241775512695312 -0.12603759765625
0.0362052917480469 0.0267601013183594 0.0608291625976562 -0.0858306884765625
0.0142173767089844 0.05108642578125 0.0776748657226563 -0.0208358764648437
-0.0426292419433594 0.0452499389648437 0.0428199768066406 0.0289535522460938
-0.0935440063476563 -0.00839996337890626 -0.0426368713378906 0.00122833251953125
-0.108345031738281 -0.0700759887695313 -0.0616226196289063 -0.0494461059570313
0.108726501464844 -0.0188140869140625 0.09356689453125 0.0561599731445312
0.08056640625 -0.101364135742188 0.0669784545898438 -0.00413894653320313
-0.0313186645507813 -0.10711669921875 -0.0207290649414063 -0.0366058349609375
-0.0911712646484375 -0.0414962768554688 -0.075469970703125 0.0180511474609375
-0.0821151733398438 0.0167617797851563 -0.0534744262695313 0.0738143920898438
-0.0600471496582031 0.066253662109375 -0.00314331054687499 0.122489929199219
-0.02532958984375 0.07513427734375 0.0545730590820313 0.1226806640625
-0.031646728515625 0.0612068176269531 0.077728271484375 0.104843139648438
-0.0479965209960937 0.0600814819335938 0.0647964477539063 0.102447509765625
-0.0649681091308594 0.0265655517578125 0.0251007080078125 0.105789184570313
-0.0546913146972656 -0.0235366821289063 -0.000129699707031248 0.0854721069335938
-0.022064208984375 -0.0508918762207031 -0.012542724609375 0.0599288940429688
0.0447349548339844 -0.0455398559570313 -0.0027313232421875 0.0667915344238281
0.0899658203125 0.00276947021484375 0.0200653076171875 0.140594482421875
0.0752716064453125 0.0504379272460938 -0.082855224609375 0.218338012695313
0.0966415405273438 -0.089019775390625 0.114669799804688 0.048370361328125
0.054046630859375 -0.155563354492188 0.0776901245117188 -0.00738525390625001
-0.065155029296875 -0.139167785644531 0.000175476074218745 -0.0344676971435547
-0.135421752929687 -0.0460052490234375 -0.0468521118164063 0.0111808776855469
-0.116569519042969 0.0384445190429688 -0.0275001525878906 0.04766845703125
-0.0719528198242187 0.111602783203125 0.00862884521484375 0.0889434814453125
-0.0159835815429688 0.117874145507812 0.053192138671875 0.0837478637695313
-0.0213699340820312 0.101028442382813 0.0767745971679688 0.0675506591796875
-0.0351943969726563 0.106285095214844 0.0726242065429688 0.068115234375
-0.0648727416992188 0.0780563354492187 0.0473556518554688 0.0810089111328125
-0.0805435180664063 0.0182266235351562 0.0292129516601562 0.0705032348632813
-0.0678520202636719 -0.0261344909667969 0.0182113647460937 0.0643386840820313
-0.00962066650390625 -0.06610107421875 0.0245590209960938 0.0893707275390625
0.0457725524902344 -0.0591049194335938 0.03411865234375 0.160079956054687
0.0519943237304688 -0.0270118713378906 -0.063995361328125 0.234298706054688
0.069000244140625 -0.147430419921875 0.135581970214844 0.0243682861328125
0.0173797607421875 -0.187225341796875 0.0845260620117188 -0.0188827514648438
-0.093231201171875 -0.15032958984375 0.0172004699707031 -0.0292930603027344
-0.162796020507813 -0.0419464111328125 -0.0118522644042969 0.00492668151855469
-0.134780883789063 0.0542449951171875 0.00419425964355468 0.0176143646240234
-0.0745925903320313 0.139183044433594 0.0219955444335937 0.0422439575195313
-0.00430297851562501 0.14349365234375 0.0465812683105469 0.0327987670898438
-0.007110595703125 0.126739501953125 0.0636329650878906 0.0189704895019531
-0.0169677734375 0.138191223144531 0.0678176879882813 0.0220375061035156
-0.0561370849609375 0.119354248046875 0.0615997314453125 0.0424652099609375
-0.0969314575195312 0.060791015625 0.0545806884765625 0.0426177978515625
-0.109306335449219 0.00506591796875001 0.0498046875 0.0579795837402344
-0.0679397583007813 -0.0794677734375 0.0522537231445312 0.102188110351562
-0.0054168701171875 -0.116600036621094 0.0412750244140625 0.16119384765625
0.0190887451171875 -0.102043151855469 -0.05029296875 0.2225341796875
0.0246734619140625 -0.184799194335938 0.147293090820313 -0.0110321044921875
-0.03070068359375 -0.192977905273438 0.083038330078125 -0.0345077514648438
-0.1182861328125 -0.135696411132813 0.0306015014648437 -0.0227851867675781
-0.16802978515625 -0.023193359375 0.0230464935302734 -0.00126838684082031
-0.131927490234375 0.068023681640625 0.0356559753417969 -0.0131797790527344
-0.0628204345703125 0.148406982421875 0.0334186553955078 -0.00935173034667968
0.008819580078125 0.147064208984375 0.0336170196533203 -0.0221614837646484
0.00746154785156249 0.13330078125 0.0413246154785156 -0.0316696166992187
0.0040435791015625 0.14996337890625 0.05157470703125 -0.0286636352539062
-0.039398193359375 0.143829345703125 0.0645904541015625 -0.00694656372070312
-0.0997085571289062 0.0927658081054688 0.0726165771484375 0.00195312500000001
-0.134521484375 0.0345840454101562 0.0773468017578125 0.0384368896484375
-0.114845275878906 -0.082061767578125 0.0765304565429687 0.0982589721679688
-0.05438232421875 -0.153182983398437 0.040985107421875 0.142105102539063
-0.0163726806640625 -0.157501220703125 -0.039398193359375 0.18255615234375
-0.026458740234375 -0.1986083984375 0.14471435546875 -0.0546875
-0.0823516845703125 -0.174713134765625 0.0709228515625 -0.0480804443359375
-0.134605407714844 -0.096649169921875 0.0387306213378906 -0.0156364440917969
-0.15234375 0.00807189941406252 0.0539398193359375 -0.00708389282226563
-0.1051025390625 0.0772857666015625 0.0595855712890625 -0.0436630249023438
-0.0372238159179688 0.13787841796875 0.0379409790039063 -0.0590705871582031
0.0239639282226563 0.127235412597656 0.014251708984375 -0.0720367431640625
0.021453857421875 0.119132995605469 0.0108642578125 -0.0765457153320312
0.0200424194335937 0.137947082519531 0.026824951171875 -0.0761566162109375
-0.018585205078125 0.138877868652344 0.0581550598144531 -0.0586204528808594
-0.082977294921875 0.104476928710938 0.0808181762695313 -0.0416488647460937
-0.130630493164063 0.0555343627929687 0.0947494506835937 0.010467529296875
-0.134552001953125 -0.0672378540039063 0.087554931640625 0.0797805786132813
-0.0908966064453125 -0.157638549804688 0.0291748046875 0.105491638183594
-0.05120849609375 -0.179534912109375 -0.0337677001953125 0.1241455078125
-0.0711669921875 -0.187332153320313 0.127250671386719 -0.0996017456054688
-0.119804382324219 -0.135536193847656 0.0488739013671875 -0.0627555847167969
-0.136703491210938 -0.0462493896484375 0.0381011962890625 -0.0115890502929688
-0.117439270019531 0.0401077270507812 0.0695266723632812 -0.01727294921875
-0.0630264282226562 0.0803070068359375 0.0678138732910156 -0.067779541015625
-0.004547119140625 0.109169006347656 0.0321578979492187 -0.096527099609375
0.03558349609375 0.0900421142578125 -0.00913238525390626 -0.107734680175781
0.0311355590820312 0.0870742797851563 -0.0197219848632813 -0.110527038574219
0.0316314697265625 0.101829528808594 -0.0012054443359375 -0.112442016601563
0.00455474853515625 0.10552978515625 0.0451431274414063 -0.102401733398438
-0.0509033203125 0.0905838012695313 0.0779190063476563 -0.0759048461914063
-0.0952987670898438 0.0611190795898437 0.0995941162109375 -0.0121688842773437
-0.119789123535156 -0.0380325317382812 0.0854644775390625 0.0563125610351563
-0.104774475097656 -0.125938415527344 0.00925827026367187 0.0641708374023437
-0.0800323486328125 -0.165008544921875 -0.0345573425292969 0.0590019226074219
-0.099639892578125 -0.153060913085938 0.100677490234375 -0.143096923828125
-0.133193969726563 -0.0882797241210938 0.0251846313476562 -0.078369140625
-0.121841430664063 -0.000778198242187527 0.0279140472412109 -0.0149326324462891
-0.0738449096679687 0.0622787475585938 0.0699806213378906 -0.0295143127441406
-0.017913818359375 0.072418212890625 0.0584640502929687 -0.08319091796875
0.0259208679199219 0.069122314453125 0.0147933959960937 -0.118156433105469
0.0413627624511719 0.0416793823242188 -0.0341033935546875 -0.126350402832031
0.0355682373046875 0.0430526733398438 -0.0478134155273438 -0.126838684082031
0.0360336303710938 0.0504913330078125 -0.025421142578125 -0.132255554199219
0.0250167846679688 0.0529556274414063 0.0326919555664062 -0.127426147460937
-0.00757598876953125 0.0567436218261719 0.0713043212890625 -0.0930099487304688
-0.0395584106445313 0.05438232421875 0.0936431884765625 -0.0255355834960938
-0.0801315307617188 0.00380706787109374 0.0692634582519531 0.0380821228027344
-0.102241516113281 -0.0669784545898437 -0.0135173797607422 0.0279006958007813
-0.0997848510742188 -0.120109558105469 -0.0416946411132813 0.00147628784179687
-0.107246398925781 -0.0988845825195313 0.072601318359375 -0.181045532226563
-0.117485046386719 -0.0374603271484375 0.00212097167968748 -0.0998916625976563
-0.0882720947265625 0.0321578979492188 0.00988769531249999 -0.027069091796875
-0.0272712707519531 0.0675697326660156 0.0518112182617188 -0.0438270568847656
0.0216827392578125 0.052032470703125 0.0355758666992187 -0.0887603759765625
0.0485382080078125 0.0215263366699219 -0.00856018066406251 -0.121490478515625
0.0405693054199219 -0.0115089416503906 -0.0563812255859375 -0.124946594238281
0.0337009429931641 -0.00682258605957031 -0.06842041015625 -0.123863220214844
0.0344009399414063 -0.00894927978515625 -0.0396499633789063 -0.131729125976563
0.0438804626464844 -0.0075836181640625 0.0213088989257812 -0.131446838378906
0.0408515930175781 0.0172042846679688 0.0608291625976562 -0.0910797119140625
0.0240135192871094 0.0458106994628906 0.0811538696289063 -0.0249786376953125
-0.0326652526855469 0.0506744384765625 0.0475616455078125 0.0264205932617188
-0.0919189453125 0.00683593750000002 -0.0364303588867188 0.00569915771484375
-0.113449096679688 -0.0549774169921875 -0.0544586181640625 -0.0377883911132813
0.110466003417969 -0.0335540771484375 0.0856552124023438 0.0447006225585938
0.0671234130859375 -0.114555358886719 0.0594940185546875 -0.0103492736816406
-0.0451431274414062 -0.105758666992188 -0.0261306762695312 -0.0380668640136719
-0.099761962890625 -0.03070068359375 -0.0771636962890625 0.0226516723632813
-0.0825881958007813 0.028045654296875 -0.0529403686523438 0.0752639770507813
-0.0507659912109375 0.0767745971679688 -0.000190734863281245 0.124717712402344
-0.0153884887695313 0.081329345703125 0.0565414428710938 0.120925903320313
-0.0253829956054688 0.067901611328125 0.0785369873046875 0.100875854492187
-0.0401687622070313 0.0716781616210938 0.0648727416992187 0.0968093872070313
-0.0637588500976563 0.0387992858886719 0.0270538330078125 0.103477478027344
-0.0634498596191406 -0.016632080078125 0.00482177734374999 0.0828399658203125
-0.0321197509765625 -0.0509605407714844 -0.00756454467773438 0.0609283447265625
0.039947509765625 -0.057891845703125 0.00167846679687501 0.0721588134765625
0.093536376953125 -0.0156936645507812 0.021026611328125 0.145721435546875
0.085723876953125 0.0371246337890625 -0.082183837890625 0.224685668945313
0.0990371704101563 -0.103424072265625 0.10931396484375 0.0336151123046875
0.043731689453125 -0.167068481445312 0.0708847045898438 -0.0172195434570313
-0.0785140991210938 -0.1376953125 -0.00497055053710938 -0.0354537963867188
-0.144927978515625 -0.03558349609375 -0.0483169555664063 0.00968551635742188
-0.116996765136719 0.0500030517578125 -0.0284957885742188 0.0463600158691406
-0.0630111694335937 0.121925354003906 0.00882720947265625 0.087432861328125
-0.005523681640625 0.124168395996094 0.05108642578125 0.0798721313476563
-0.0128936767578125 0.107284545898438 0.0723876953125 0.0613327026367187
-0.02679443359375 0.116600036621094 0.0696868896484375 0.0613327026367188
-0.0640106201171875 0.0874786376953125 0.0483551025390625 0.0727462768554688
-0.0861053466796875 0.0255203247070313 0.0341148376464844 0.064239501953125
-0.0761642456054688 -0.0277328491210938 0.0254669189453125 0.0603790283203125
-0.0133743286132813 -0.0765151977539063 0.0318603515625 0.09149169921875
0.0499038696289063 -0.0728683471679688 0.0390167236328125 0.16156005859375
0.0623741149902344 -0.0370521545410156 -0.060089111328125 0.237930297851563
0.07159423828125 -0.15789794921875 0.131538391113281 0.00635528564453124
0.00914001464843752 -0.197372436523438 0.0768814086914063 -0.0310592651367188
-0.103713989257813 -0.151138305664062 0.0125389099121094 -0.0343589782714844
-0.169387817382813 -0.0327301025390625 -0.0137968063354492 0.00192165374755859
-0.1343994140625 0.0641021728515625 0.00100231170654296 0.0123262405395508
-0.067626953125 0.147659301757813 0.0185089111328125 0.0386428833007813
0.0031890869140625 0.147720336914063 0.0398635864257813 0.0279083251953125
-0.00168609619140626 0.130783081054688 0.0564804077148437 0.0130043029785156
-0.00982666015625 0.144546508789063 0.060791015625 0.0134429931640625
-0.0526580810546875 0.126350402832031 0.060302734375 0.0306587219238281
-0.100761413574219 0.0662155151367187 0.0584487915039062 0.0329475402832031
-0.114517211914062 0.00492858886718748 0.0583992004394531 0.0510101318359375
-0.0699005126953125 -0.0875930786132813 0.0613250732421875 0.0992965698242188
-0.00374603271484374 -0.125564575195313 0.04949951171875 0.16015625
0.0261917114257813 -0.107826232910156 -0.03985595703125 0.225051879882813
0.0286407470703125 -0.188568115234375 0.145004272460938 -0.034881591796875
-0.036224365234375 -0.197021484375 0.0767745971679688 -0.0485000610351563
-0.124534606933594 -0.136848449707031 0.0262985229492187 -0.0299625396728516
-0.170822143554688 -0.0182647705078125 0.0216236114501953 -0.00625228881835938
-0.131782531738281 0.0736770629882813 0.0308895111083984 -0.0217990875244141
-0.0585784912109375 0.153335571289063 0.0273971557617187 -0.0162010192871094
0.013214111328125 0.148666381835938 0.0237159729003906 -0.0281772613525391
0.0113067626953125 0.133445739746094 0.0308303833007813 -0.0384788513183594
0.007232666015625 0.152328491210937 0.0426101684570313 -0.0375633239746094
-0.0365142822265625 0.146133422851563 0.0600547790527344 -0.0196990966796875
-0.10003662109375 0.0963821411132813 0.0751266479492188 -0.00997161865234374
-0.136001586914063 0.0351715087890625 0.0835342407226562 0.0289993286132813
-0.116256713867188 -0.0847091674804687 0.0857696533203125 0.0933151245117188
-0.0554656982421875 -0.157638549804688 0.0516510009765625 0.1390380859375
-0.0110015869140625 -0.156906127929688 -0.0261688232421875 0.182601928710938
-0.0266876220703125 -0.195220947265625 0.145614624023438 -0.0754241943359375
-0.082977294921875 -0.170547485351562 0.0675582885742188 -0.0618133544921875
-0.136238098144531 -0.0961990356445312 0.0346965789794922 -0.0249271392822266
-0.15264892578125 0.00975036621093752 0.0510749816894531 -0.0162773132324219
-0.104080200195313 0.0797042846679688 0.0543212890625 -0.052001953125
-0.034820556640625 0.137107849121094 0.0278739929199219 -0.0662841796875
0.022796630859375 0.1265869140625 0.00254058837890626 -0.0757980346679688
0.02197265625 0.118858337402344 -0.00168609619140626 -0.0803680419921875
0.0230865478515625 0.134696960449219 0.0147781372070313 -0.083465576171875
-0.0172042846679688 0.137313842773438 0.0508193969726563 -0.0695762634277344
-0.0804214477539062 0.104301452636719 0.0778656005859375 -0.0542678833007813
-0.126594543457031 0.0567474365234375 0.0989837646484375 -0.000450134277343747
-0.132431030273438 -0.066925048828125 0.0965042114257812 0.0733413696289062
-0.0918731689453125 -0.15643310546875 0.0390396118164062 0.102203369140625
-0.0491790771484375 -0.175140380859375 -0.0212478637695312 0.1240234375
-0.072296142578125 -0.177154541015625 0.129188537597656 -0.116645812988281
-0.119140625 -0.125099182128906 0.0498123168945312 -0.0766448974609375
-0.132621765136719 -0.0414276123046875 0.0373420715332031 -0.0217094421386719
-0.111732482910156 0.039215087890625 0.0687217712402344 -0.0257949829101563
-0.0612106323242188 0.0763168334960938 0.0618362426757812 -0.0756378173828125
-0.0045013427734375 0.105072021484375 0.0241851806640625 -0.102432250976563
0.03326416015625 0.0840835571289063 -0.0194015502929688 -0.111625671386719
0.0296630859375 0.0841445922851563 -0.0314865112304688 -0.110626220703125
0.029388427734375 0.0988693237304688 -0.013092041015625 -0.11688232421875
0.00352478027343751 0.0999603271484375 0.0368804931640625 -0.1114501953125
-0.0491714477539063 0.08563232421875 0.0743865966796875 -0.08648681640625
-0.0905227661132813 0.0597991943359375 0.100311279296875 -0.022613525390625
-0.115776062011719 -0.035430908203125 0.0904083251953125 0.0471038818359375
-0.1031494140625 -0.120460510253906 0.0178909301757812 0.0600471496582031
-0.077056884765625 -0.15484619140625 -0.0234756469726562 0.0610771179199219
-0.105796813964844 -0.140068054199219 0.104446411132812 -0.1578369140625
-0.130790710449219 -0.0751876831054688 0.028961181640625 -0.088653564453125
-0.11407470703125 0.00682830810546876 0.0292186737060547 -0.0225238800048828
-0.0628623962402344 0.0635108947753906 0.0679092407226563 -0.0369682312011719
-0.0125732421875 0.0673332214355469 0.0524978637695313 -0.0908355712890625
0.0260505676269531 0.0604057312011719 0.00669097900390626 -0.122024536132813
0.0367355346679688 0.034637451171875 -0.0419692993164062 -0.127578735351563
0.0314559936523438 0.0376167297363281 -0.0564422607421875 -0.126411437988281
0.0301551818847656 0.0435295104980469 -0.0330886840820312 -0.133796691894531
0.0199775695800781 0.042938232421875 0.0245513916015625 -0.135009765625
-0.00632476806640625 0.0483055114746094 0.0675430297851563 -0.101814270019531
-0.032196044921875 0.0485420227050781 0.0944442749023438 -0.0334625244140625
-0.0705108642578125 0.00673675537109375 0.0718460083007812 0.0308837890625
-0.0971908569335938 -0.0558547973632812 -0.00639533996582032 0.0263595581054687
-0.0975494384765625 -0.105567932128906 -0.0310153961181641 0.00650787353515624
-0.11602783203125 -0.083953857421875 0.0742645263671875 -0.191650390625
-0.118888854980469 -0.0204391479492187 0.00423431396484375 -0.10723876953125
-0.08245849609375 0.0429153442382813 0.00762176513671874 -0.0345592498779297
-0.0171012878417969 0.0693778991699219 0.0497627258300781 -0.0476493835449219
0.0284271240234375 0.0448417663574219 0.0313186645507812 -0.0897598266601563
0.0472793579101563 0.0112342834472656 -0.0146942138671875 -0.12158203125
0.0333061218261719 -0.0179996490478516 -0.0612716674804688 -0.122596740722656
0.0268669128417969 -0.0140819549560547 -0.0721359252929687 -0.121940612792969
0.0273094177246094 -0.0173797607421875 -0.0445404052734375 -0.13323974609375
0.0387039184570313 -0.0195045471191406 0.0164947509765625 -0.135650634765625
0.0422134399414063 0.00547027587890625 0.0591201782226563 -0.0962142944335938
0.0325927734375 0.0368461608886719 0.081756591796875 -0.03045654296875
-0.0204277038574219 0.0509262084960938 0.0506477355957031 0.021636962890625
-0.0841445922851563 0.0199737548828125 -0.0285816192626953 0.00755119323730469
-0.112724304199219 -0.0363845825195313 -0.0454673767089844 -0.0304908752441406
0.106552124023438 -0.0482406616210938 0.0732574462890625 0.03594970703125
0.0532379150390625 -0.122596740722656 0.0490531921386719 -0.0133209228515625
-0.0567550659179687 -0.100006103515625 -0.0292987823486328 -0.0346794128417969
-0.101799011230469 -0.0186843872070313 -0.0761947631835938 0.024749755859375
-0.0787200927734375 0.0369796752929688 -0.0501861572265625 0.0755691528320312
-0.0404129028320313 0.083221435546875 0.00423431396484375 0.122817993164062
-0.00572967529296876 0.0836257934570312 0.0569381713867188 0.11700439453125
-0.0152130126953125 0.0716476440429688 0.076812744140625 0.09588623046875
-0.0295639038085937 0.0769271850585938 0.063568115234375 0.0928726196289063
-0.0596351623535156 0.0479850769042969 0.0279083251953125 0.0967025756835937
-0.0676078796386719 -0.00767517089843749 0.00778198242187499 0.0780181884765625
-0.0416755676269531 -0.0481414794921875 -0.00226593017578126 0.0581703186035156
0.0311775207519531 -0.0666389465332031 0.00570678710937501 0.07501220703125
0.0918502807617188 -0.0312957763671875 0.023468017578125 0.146453857421875
0.0906448364257813 0.02227783203125 -0.07904052734375 0.227493286132813
0.096588134765625 -0.113449096679688 0.0960845947265625 0.0206756591796875
0.0297393798828125 -0.173538208007813 0.0590171813964844 -0.0212593078613281
-0.0893173217773438 -0.133171081542969 -0.0104026794433594 -0.0369758605957031
-0.1458740234375 -0.0241851806640625 -0.049285888671875 0.0110359191894531
-0.114273071289063 0.0582809448242188 -0.0299758911132813 0.0434722900390625
-0.0527114868164063 0.12713623046875 0.00836944580078124 0.084228515625
0.00276947021484375 0.124649047851563 0.0473480224609375 0.077972412109375
-0.00522613525390625 0.10906982421875 0.067352294921875 0.0573005676269531
-0.0182342529296875 0.119743347167969 0.0638771057128906 0.0555648803710938
-0.0590438842773438 0.0945816040039063 0.0447349548339844 0.0653190612792969
-0.09039306640625 0.0317840576171875 0.0355415344238281 0.0562896728515625
-0.082672119140625 -0.0237808227539062 0.0304031372070313 0.0553855895996094
-0.0191650390625 -0.0841903686523438 0.0378036499023437 0.0904388427734375
0.0494918823242188 -0.0872421264648438 0.043853759765625 0.15948486328125
0.0677642822265625 -0.0485267639160156 -0.0533294677734375 0.236526489257813
0.070892333984375 -0.162979125976563 0.118141174316406 -0.0106124877929688
-0.000350952148437515 -0.200836181640625 0.065704345703125 -0.0379905700683594
-0.11175537109375 -0.147018432617188 0.00654602050781249 -0.036529541015625
-0.170700073242188 -0.0252227783203125 -0.0170173645019531 -0.00132274627685547
-0.133987426757813 0.0710296630859375 -0.00378370285034181 0.00769948959350586
-0.05865478515625 0.15234375 0.0135917663574219 0.0349216461181641
0.0103607177734375 0.147171020507813 0.0323772430419922 0.0263767242431641
0.00527954101562501 0.131217956542969 0.0467910766601563 0.00936889648437501
-0.00242614746093748 0.146316528320313 0.0528526306152344 0.00865936279296876
-0.0487213134765625 0.130203247070312 0.0542678833007813 0.0227928161621094
-0.102569580078125 0.0700836181640625 0.0575027465820312 0.022857666015625
-0.117744445800781 0.00697326660156252 0.0618705749511719 0.0425376892089844
-0.0734939575195313 -0.0923309326171875 0.068511962890625 0.0949935913085938
-0.00263214111328124 -0.135116577148438 0.0561676025390625 0.156707763671875
0.0332717895507812 -0.113365173339844 -0.031341552734375 0.220611572265625
0.0292510986328125 -0.189498901367188 0.134368896484375 -0.0500640869140625
-0.0389556884765625 -0.197677612304688 0.0672454833984375 -0.0567779541015625
-0.127555847167969 -0.134063720703125 0.0205345153808594 -0.0341243743896484
-0.172088623046875 -0.0137176513671875 0.0173549652099609 -0.0125360488891602
-0.130706787109375 0.0777816772460937 0.0243339538574219 -0.0285987854003906
-0.0527191162109375 0.155990600585938 0.0187511444091797 -0.0199260711669922
0.0167388916015625 0.147140502929688 0.0135726928710938 -0.027811050415039
0.0147476196289063 0.133567810058594 0.0191307067871094 -0.0385169982910156
0.0126800537109375 0.15142822265625 0.0319366455078125 -0.040374755859375
-0.0339813232421875 0.146102905273438 0.0519447326660156 -0.0281982421875
-0.0992279052734375 0.0975418090820313 0.07098388671875 -0.020050048828125
-0.135108947753906 0.0364990234375 0.086639404296875 0.01763916015625
-0.115653991699219 -0.0881500244140625 0.0924453735351562 0.0844039916992188
-0.0535125732421875 -0.160934448242188 0.0578460693359375 0.132217407226563
-0.00561523437500001 -0.15777587890625 -0.0158233642578125 0.178421020507813
-0.0215911865234375 -0.190277099609375 0.137855529785156 -0.0925445556640625
-0.079559326171875 -0.16729736328125 0.0613632202148437 -0.0739364624023438
-0.133323669433594 -0.0944976806640625 0.0305080413818359 -0.0305709838867188
-0.1488037109375 0.00823974609375001 0.0466499328613281 -0.0226211547851563
-0.102676391601562 0.0780105590820313 0.0461654663085937 -0.0602989196777344
-0.0337371826171875 0.137077331542969 0.0199012756347656 -0.0694351196289062
0.0226669311523438 0.123542785644531 -0.00762176513671876 -0.0768661499023437
0.0225753784179687 0.116317749023437 -0.0118942260742188 -0.0807342529296875
0.0238571166992187 0.133506774902344 0.00463104248046876 -0.0848159790039062
-0.0154876708984375 0.133857727050781 0.0408401489257812 -0.07733154296875
-0.0797500610351563 0.101814270019531 0.0727691650390625 -0.06341552734375
-0.124427795410156 0.05352783203125 0.0981521606445313 -0.0102157592773437
-0.129859924316406 -0.0681304931640625 0.100898742675781 0.0616683959960937
-0.087677001953125 -0.154647827148438 0.0454177856445312 0.0934295654296875
-0.0427398681640625 -0.1693115234375 -0.00910186767578125 0.118637084960937
-0.068939208984375 -0.165740966796875 0.125862121582031 -0.132553100585938
-0.110610961914063 -0.118408203125 0.04705810546875 -0.0859451293945313
-0.124893188476563 -0.0403213500976563 0.0320472717285156 -0.0273017883300781
-0.105842590332031 0.0368728637695312 0.0645027160644531 -0.0332984924316406
-0.0584640502929687 0.0716094970703125 0.0552520751953125 -0.08270263671875
-0.005889892578125 0.100006103515625 0.0143966674804687 -0.105674743652344
0.0266952514648438 0.08203125 -0.02880859375 -0.109573364257813
0.0254287719726563 0.0802841186523438 -0.0400619506835938 -0.109550476074219
0.02734375 0.0928115844726563 -0.02142333984375 -0.116439819335938
0.001068115234375 0.0948715209960938 0.0272750854492188 -0.116134643554688
-0.0479888916015625 0.0795669555664062 0.0674514770507813 -0.0931549072265625
-0.0855560302734375 0.0527572631835938 0.0992279052734375 -0.0327301025390625
-0.106307983398437 -0.0363235473632813 0.0924148559570313 0.0380325317382813
-0.0977401733398437 -0.113006591796875 0.0235061645507812 0.052032470703125
-0.0723419189453125 -0.144775390625 -0.010284423828125 0.0575065612792969
-0.101997375488281 -0.125267028808594 0.1038818359375 -0.167343139648438
-0.123779296875 -0.06146240234375 0.0269546508789062 -0.0985488891601563
-0.103424072265625 0.0118255615234375 0.0233116149902344 -0.0291862487792969
-0.0538520812988281 0.0577430725097656 0.0635871887207031 -0.0429153442382812
-0.0099945068359375 0.058441162109375 0.047607421875 -0.0924224853515625
0.0227394104003906 0.053741455078125 0.000274658203125001 -0.122314453125
0.0288600921630859 0.0297088623046875 -0.0485000610351563 -0.124137878417969
0.0254249572753906 0.0348911285400391 -0.0626602172851563 -0.121978759765625
0.0241851806640625 0.0394744873046875 -0.040435791015625 -0.13250732421875
0.0142097473144531 0.03631591796875 0.0157623291015625 -0.13653564453125
-0.00645828247070312 0.0386810302734375 0.061492919921875 -0.10491943359375
-0.0273780822753906 0.0397796630859375 0.091583251953125 -0.0408096313476563
-0.0603103637695312 0.00457000732421875 0.0744094848632813 0.0228347778320313
-0.0883255004882813 -0.0472488403320313 0.000410079956054682 0.0218887329101562
-0.0918807983398438 -0.09124755859375 -0.0181427001953125 0.00646972656249999
-0.117080688476562 -0.0686187744140625 0.0762786865234375 -0.1966552734375
-0.110862731933594 -0.00751495361328123 0.00562286376953124 -0.1142578125
-0.0710906982421875 0.0486679077148438 0.00490570068359374 -0.0383377075195313
-0.00474929809570313 0.0651817321777344 0.0449600219726563 -0.0517501831054687
0.0329322814941406 0.0363082885742187 0.0271453857421875 -0.0903167724609375
0.043060302734375 0.00146102905273438 -0.0194778442382812 -0.119438171386719
0.0241832733154297 -0.0240554809570312 -0.0627975463867188 -0.119049072265625
0.0203800201416016 -0.0170440673828125 -0.0754165649414062 -0.11639404296875
0.0183906555175781 -0.0199623107910156 -0.04949951171875 -0.129554748535156
0.0290069580078125 -0.0264739990234375 0.0101852416992188 -0.135665893554687
0.0378341674804688 -0.00560379028320313 0.054473876953125 -0.097564697265625
0.0356788635253906 0.02691650390625 0.080841064453125 -0.0354766845703125
-0.00885772705078126 0.0491294860839844 0.0514564514160156 0.0169868469238281
-0.0716094970703125 0.0294113159179688 -0.0212268829345703 0.00530624389648438
-0.104576110839844 -0.0216064453125 -0.0309696197509766 -0.0248661041259766
0.100730895996094 -0.0572128295898438 0.0592880249023438 0.0324630737304687
0.0403594970703125 -0.123558044433594 0.0402145385742187 -0.0118827819824219
-0.0633621215820313 -0.0926742553710938 -0.0317783355712891 -0.0322971343994141
-0.101058959960938 -0.00925445556640624 -0.0749740600585938 0.0260162353515625
-0.0740890502929688 0.0432510375976563 -0.0500106811523438 0.0741806030273437
-0.0305023193359375 0.0851287841796875 0.00379180908203124 0.120407104492188
0.0021209716796875 0.0832138061523437 0.0547409057617188 0.116256713867187
-0.00769042968750001 0.0718612670898438 0.0728683471679688 0.0938339233398438
-0.0202713012695313 0.0786666870117188 0.0597686767578125 0.0913543701171875
-0.0542640686035156 0.0544662475585937 0.0246200561523437 0.0932846069335938
-0.0691261291503906 0.000568389892578134 0.0078125 0.0737991333007813
-0.0465621948242188 -0.0444984436035156 0.000431060791015619 0.0551643371582031
0.0229339599609375 -0.071533203125 0.00807952880859375 0.0763778686523438
0.0855636596679688 -0.0427398681640625 0.023284912109375 0.148025512695313
0.0911407470703125 0.0106430053710938 -0.0803985595703125 0.2266845703125
0.094146728515625 -0.121490478515625 0.0808944702148438 0.0148391723632812
0.0202178955078125 -0.174331665039062 0.0486297607421875 -0.0216941833496094
-0.09417724609375 -0.127769470214844 -0.0137863159179688 -0.0357933044433594
-0.144912719726562 -0.0160369873046875 -0.0504264831542969 0.0106468200683594
-0.109954833984375 0.0634689331054688 -0.0329170227050781 0.0416183471679688
-0.04437255859375 0.1280517578125 0.00507354736328124 0.0822525024414063
0.00894165039062501 0.124038696289063 0.0416336059570313 0.0781097412109375
0.00055694580078126 0.109359741210938 0.0596237182617188 0.0569381713867188
-0.0109405517578125 0.12091064453125 0.0568084716796875 0.0543174743652344
-0.0548324584960938 0.0985488891601563 0.0390090942382813 0.0610923767089844
-0.0924606323242188 0.0371551513671875 0.0334243774414062 0.049835205078125
-0.0875473022460938 -0.0228500366210938 0.0321083068847656 0.0499382019042969
-0.0243682861328125 -0.090301513671875 0.040924072265625 0.088348388671875
0.046966552734375 -0.0978469848632813 0.0442962646484375 0.15838623046875
0.0718765258789063 -0.0581588745117188 -0.053192138671875 0.23291015625
0.073089599609375 -0.167938232421875 0.103797912597656 -0.0180816650390625
-0.00480651855468751 -0.201904296875 0.0545120239257813 -0.0399398803710938
-0.114822387695312 -0.144760131835938 0.00208663940429687 -0.0369644165039063
-0.169876098632813 -0.020416259765625 -0.0202865600585938 -0.00251960754394532
-0.131019592285156 0.073822021484375 -0.00905895233154298 0.00537967681884766
-0.0528564453125 0.1529541015625 0.00814247131347656 0.0335426330566406
0.01318359375 0.146377563476563 0.0243473052978516 0.0280666351318359
0.00826263427734376 0.130409240722656 0.0379867553710938 0.0108375549316406
0.001190185546875 0.146484375 0.0437583923339844 0.00791168212890626
-0.0466232299804687 0.13226318359375 0.0453720092773438 0.0177536010742188
-0.104019165039063 0.072845458984375 0.0540657043457031 0.0151901245117188
-0.120857238769531 0.00606536865234372 0.0623130798339844 0.034942626953125
-0.0754318237304688 -0.09857177734375 0.0719985961914063 0.0899581909179688
-0.00257873535156249 -0.143157958984375 0.0573883056640625 0.15167236328125
0.039825439453125 -0.120201110839844 -0.0293426513671875 0.21453857421875
0.035003662109375 -0.190048217773437 0.12127685546875 -0.0595169067382813
-0.0372314453125 -0.199417114257813 0.0570106506347656 -0.0612411499023438
-0.126449584960937 -0.135101318359375 0.0147209167480469 -0.0363426208496094
-0.171524047851563 -0.0137176513671875 0.0124721527099609 -0.0146751403808594
-0.129867553710937 0.0778045654296875 0.0174121856689453 -0.0311317443847656
-0.0503387451171875 0.154754638671875 0.0119819641113281 -0.020050048828125
0.0166015625 0.146484375 0.00447463989257813 -0.0254459381103516
0.0149993896484375 0.132949829101563 0.00992584228515625 -0.0362014770507813
0.0128173828125 0.150634765625 0.0224533081054687 -0.0402107238769531
-0.0339202880859375 0.145309448242188 0.0425491333007813 -0.0323486328125
-0.100563049316406 0.096954345703125 0.0653343200683594 -0.027130126953125
-0.135719299316406 0.0335693359375 0.0847320556640625 0.00965118408203125
-0.114509582519531 -0.0928878784179688 0.0933914184570313 0.0775680541992188
-0.0499420166015625 -0.165313720703125 0.0595855712890625 0.125839233398438
0.00265502929687499 -0.160568237304688 -0.0118408203125 0.170547485351563
-0.0128631591796875 -0.18646240234375 0.128692626953125 -0.102409362792969
-0.07244873046875 -0.167068481445313 0.053497314453125 -0.0803146362304688
-0.128669738769531 -0.09698486328125 0.0244789123535156 -0.0348911285400391
-0.147232055664063 0.00529479980468751 0.0412826538085937 -0.0267982482910156
-0.104446411132813 0.0747756958007812 0.0392532348632812 -0.0624542236328125
-0.0351409912109375 0.133949279785156 0.0123214721679688 -0.0688362121582031
0.0188064575195313 0.12286376953125 -0.0149688720703125 -0.0732269287109375
0.0193710327148438 0.114875793457031 -0.0198135375976563 -0.0775527954101562
0.0197677612304688 0.131210327148438 -0.0040740966796875 -0.08343505859375
-0.01812744140625 0.130928039550781 0.0317153930664063 -0.0801467895507812
-0.08197021484375 0.0973358154296875 0.0660629272460938 -0.0683326721191406
-0.12359619140625 0.0482406616210938 0.095733642578125 -0.0188369750976562
-0.124961853027344 -0.072540283203125 0.09991455078125 0.0539779663085937
-0.0806732177734375 -0.155181884765625 0.047149658203125 0.0862045288085937
-0.03265380859375 -0.166839599609375 -0.00320434570312501 0.111991882324219
-0.0591278076171875 -0.159591674804688 0.12127685546875 -0.141510009765625
-0.100555419921875 -0.115264892578125 0.0427627563476562 -0.0933609008789063
-0.116912841796875 -0.0430526733398438 0.0268211364746094 -0.0321750640869141
-0.101402282714844 0.0294570922851563 0.0594139099121094 -0.0371742248535156
-0.0600433349609375 0.0654869079589844 0.0485305786132813 -0.084625244140625
-0.0105056762695312 0.0953140258789063 0.00746154785156249 -0.104881286621094
0.0206527709960938 0.0814437866210938 -0.0345077514648438 -0.106536865234375
0.020843505859375 0.0796356201171875 -0.0459976196289062 -0.105804443359375
0.020904541015625 0.09185791015625 -0.027862548828125 -0.114654541015625
-0.00537872314453126 0.090667724609375 0.0194015502929687 -0.117012023925781
-0.050750732421875 0.072509765625 0.06158447265625 -0.096710205078125
-0.0835342407226563 0.0451736450195312 0.0950775146484375 -0.03857421875
-0.100234985351563 -0.040679931640625 0.0908889770507813 0.03106689453125
-0.087921142578125 -0.111412048339844 0.0259971618652344 0.046173095703125
-0.0602569580078125 -0.13812255859375 -0.001708984375 0.0518951416015625
-0.0943756103515625 -0.114791870117188 0.103744506835938 -0.174957275390625
-0.111686706542969 -0.0563125610351563 0.0264434814453125 -0.105682373046875
-0.0938949584960938 0.0103530883789062 0.0196933746337891 -0.0339298248291016
-0.0482215881347656 0.0501976013183594 0.0586662292480469 -0.0457839965820313
-0.0107574462890625 0.0495414733886719 0.04278564453125 -0.0926589965820313
0.0158729553222656 0.0467872619628906 -0.00445556640624999 -0.120231628417969
0.0198440551757813 0.0299758911132813 -0.050506591796875 -0.120979309082031
0.0184478759765625 0.0326404571533203 -0.0645751953125 -0.118629455566406
0.016326904296875 0.0380401611328125 -0.0439376831054687 -0.130134582519531
0.00616455078125 0.0329799652099609 0.0107650756835938 -0.136199951171875
-0.011749267578125 0.0312004089355469 0.0565643310546875 -0.106620788574219
-0.0263538360595703 0.0306873321533203 0.0884552001953125 -0.0446624755859375
-0.0521430969238281 -0.000873565673828123 0.0728912353515625 0.0176620483398438
-0.076202392578125 -0.044769287109375 0.00336074829101562 0.0168142318725586
-0.0803451538085938 -0.0825653076171875 -0.00685501098632813 0.00380802154541015
-0.112213134765625 -0.0566329956054688 0.078582763671875 -0.201156616210937
-0.101776123046875 -9.91821289062551E-05 0.00662231445312499 -0.120185852050781
-0.0615615844726562 0.050933837890625 0.00148773193359375 -0.0409088134765625
0.00208282470703125 0.0587005615234375 0.0413475036621094 -0.0522956848144531
0.0330753326416016 0.0281085968017578 0.0240859985351563 -0.0887298583984375
0.0368232727050781 -0.0043487548828125 -0.0200653076171875 -0.116500854492188
0.0154666900634766 -0.0245571136474609 -0.0618515014648437 -0.116584777832031
0.0139007568359375 -0.0178432464599609 -0.0734939575195313 -0.113479614257813
0.00942420959472656 -0.02081298828125 -0.0487823486328125 -0.127883911132813
0.0192241668701172 -0.0290737152099609 0.00879669189453125 -0.134979248046875
0.0324878692626953 -0.0135135650634766 0.0521621704101562 -0.0980300903320313
0.0356979370117188 0.0162582397460937 0.0778121948242187 -0.0376358032226562
-0.000354766845703124 0.0437278747558594 0.051116943359375 0.0135993957519531
-0.0586700439453125 0.032470703125 -0.0154247283935547 0.00188732147216797
-0.0936279296875 -0.0124359130859375 -0.0178298950195313 -0.0254878997802734
0.0969085693359375 -0.0632095336914063 0.0461654663085938 0.0340080261230469
0.0324020385742187 -0.123710632324219 0.03302001953125 -0.00831794738769532
-0.066497802734375 -0.0886306762695313 -0.0326290130615234 -0.0311126708984375
-0.0995254516601563 -0.00333404541015626 -0.0750350952148437 0.02520751953125
-0.070465087890625 0.0469589233398438 -0.052642822265625 0.073822021484375
-0.0238037109375 0.0857696533203125 0.000541687011718754 0.12060546875
0.0078277587890625 0.0825347900390625 0.0507431030273438 0.118644714355469
-0.00308990478515626 0.071929931640625 0.06817626953125 0.0958633422851563
-0.013763427734375 0.0795974731445313 0.0545120239257813 0.0936508178710937
-0.0501365661621094 0.058990478515625 0.0196533203125 0.0936279296875
-0.0702667236328125 0.00670242309570311 0.0050506591796875 0.0713958740234375
-0.0510597229003906 -0.0417289733886719 0.000343322753906247 0.0535850524902344
0.0168609619140625 -0.0746383666992188 0.00944519042968751 0.0783462524414063
0.0809097290039063 -0.0505142211914063 0.019866943359375 0.152145385742188
0.0912017822265625 0.00235748291015625 -0.08868408203125 0.22833251953125
0.0948715209960937 -0.127433776855469 0.0673103332519531 0.0144577026367187
0.0157623291015625 -0.176773071289063 0.0401611328125 -0.0195274353027344
-0.096435546875 -0.126396179199219 -0.0162582397460938 -0.0351715087890625
-0.144302368164063 -0.013031005859375 -0.0517234802246094 0.0100021362304688
-0.108993530273438 0.0656509399414062 -0.0373573303222656 0.0403938293457031
-0.0404434204101562 0.12860107421875 0.000633239746093746 0.0829620361328125
0.0116195678710938 0.124534606933594 0.0361785888671875 0.0815048217773438
0.00270080566406249 0.110504150390625 0.05364990234375 0.0600509643554688
-0.00710296630859374 0.122962951660156 0.0503273010253906 0.0561637878417969
-0.0539932250976563 0.102912902832031 0.0319442749023438 0.0608482360839844
-0.0957183837890625 0.0409469604492187 0.0295600891113281 0.0461349487304688
-0.0922393798828125 -0.023040771484375 0.0316619873046875 0.0465164184570313
-0.0287094116210938 -0.0970382690429688 0.0422897338867188 0.0890731811523438
0.0463409423828125 -0.107566833496094 0.041015625 0.160202026367188
0.076416015625 -0.0666580200195313 -0.0606689453125 0.23236083984375
0.078369140625 -0.173751831054688 0.090911865234375 -0.020477294921875
-0.00518798828125001 -0.205734252929688 0.0462303161621094 -0.0393829345703125
-0.11572265625 -0.14752197265625 -0.00183486938476563 -0.037078857421875
-0.170608520507813 -0.0206451416015625 -0.0233192443847656 -0.00390434265136719
-0.132362365722656 0.0745468139648438 -0.0144414901733399 0.00366783142089844
-0.0514984130859375 0.153121948242188 0.002899169921875 0.0337238311767578
0.0130767822265625 0.148513793945313 0.0176296234130859 0.0318431854248047
0.00798034667968749 0.132888793945313 0.0305671691894531 0.0148792266845703
0.00169372558593748 0.149093627929687 0.0367317199707031 0.00989151000976563
-0.0486831665039063 0.134986877441406 0.0379104614257813 0.0170021057128906
-0.108474731445312 0.0741500854492188 0.0501632690429687 0.0115203857421875
-0.125587463378906 0.00321960449218747 0.061553955078125 0.0304145812988281
-0.0776290893554688 -0.107048034667969 0.072509765625 0.0887451171875
0.000122070312500004 -0.152786254882813 0.055694580078125 0.151611328125
0.0484848022460938 -0.127876281738281 -0.034942626953125 0.211151123046875
0.0447998046875 -0.194747924804688 0.111465454101563 -0.0634002685546875
-0.032745361328125 -0.2047119140625 0.0495414733886719 -0.0624275207519531
-0.125457763671875 -0.141189575195312 0.0100860595703125 -0.0377349853515625
-0.173294067382813 -0.017181396484375 0.00821685791015624 -0.0161762237548828
-0.133880615234375 0.0757980346679687 0.0118732452392578 -0.0324592590332031
-0.05267333984375 0.15484619140625 0.00618171691894531 -0.0197772979736328
0.0137939453125 0.148880004882813 -0.00187110900878906 -0.0221538543701172
0.01226806640625 0.135154724121094 0.00294685363769532 -0.0330867767333984
0.0106353759765625 0.153121948242187 0.0154266357421875 -0.0386886596679687
-0.0377655029296875 0.146835327148438 0.0355644226074219 -0.0333366394042969
-0.106925964355469 0.0954666137695312 0.0608482360839844 -0.0305595397949219
-0.140373229980469 0.0279083251953125 0.0833358764648438 0.0047760009765625
-0.114654541015625 -0.102371215820313 0.0936431884765625 0.0738525390625
-0.0445404052734375 -0.174270629882813 0.0580368041992187 0.123252868652344
0.0138397216796875 -0.16632080078125 -0.0135955810546875 0.166336059570313
-0.000244140625000011 -0.188995361328125 0.123001098632813 -0.108146667480469
-0.06402587890625 -0.173202514648438 0.04815673828125 -0.0836563110351563
-0.125053405761719 -0.105674743652344 0.0196189880371094 -0.0363082885742188
-0.148696899414063 -0.00187683105468752 0.0372505187988281 -0.0281410217285156
-0.109779357910156 0.070953369140625 0.0346145629882812 -0.0641288757324219
-0.04022216796875 0.134147644042969 0.00747299194335937 -0.0690422058105469
0.0133438110351563 0.126274108886719 -0.0208587646484375 -0.0710678100585937
0.0145034790039062 0.117332458496094 -0.0251922607421875 -0.0743026733398437
0.0145492553710938 0.133811950683594 -0.00890350341796874 -0.08209228515625
-0.0247955322265625 0.131599426269531 0.02630615234375 -0.0813140869140625
-0.088287353515625 0.0943450927734375 0.0628585815429687 -0.07110595703125
-0.126998901367188 0.0411529541015625 0.093597412109375 -0.0225601196289062
-0.121856689453125 -0.0818405151367187 0.0989837646484375 0.0500106811523437
-0.073150634765625 -0.162124633789063 0.0465850830078125 0.0817031860351562
-0.0201873779296875 -0.170761108398438 -0.00140380859375001 0.106056213378906
-0.0474090576171875 -0.159072875976563 0.121612548828125 -0.148513793945313
-0.0901947021484375 -0.118858337402344 0.0405654907226562 -0.099609375
-0.110877990722656 -0.050994873046875 0.0227622985839844 -0.0354690551757813
-0.102455139160156 0.0207290649414063 0.0557823181152344 -0.0392837524414063
-0.06524658203125 0.060089111328125 0.0459747314453125 -0.0855026245117188
-0.0178070068359375 0.0934677124023438 0.00450134277343749 -0.105003356933594
0.0137557983398438 0.0841598510742188 -0.0371322631835938 -0.105796813964844
0.0143280029296875 0.08172607421875 -0.0484085083007813 -0.104293823242188
0.0133438110351563 0.0941238403320313 -0.0309066772460938 -0.114852905273438
-0.013458251953125 0.0901336669921875 0.015625 -0.118095397949219
-0.0578155517578125 0.0678634643554687 0.0595321655273437 -0.099334716796875
-0.0863113403320313 0.0368423461914063 0.0936965942382812 -0.0414047241210937
-0.0951080322265625 -0.048828125 0.0896072387695313 0.0278091430664062
-0.0777053833007812 -0.115989685058594 0.0266265869140625 0.0405082702636719
-0.0465621948242188 -0.139358520507813 0.00377655029296874 0.0457305908203125
-0.0844192504882812 -0.110969543457031 0.107574462890625 -0.181350708007813
-0.101455688476563 -0.0569000244140625 0.027099609375 -0.112960815429688
-0.08685302734375 0.00490570068359374 0.0166168212890625 -0.0373878479003906
-0.0468559265136719 0.0414657592773438 0.0571708679199219 -0.0469703674316406
-0.015228271484375 0.0435562133789063 0.0415191650390625 -0.092987060546875
0.00815582275390625 0.0444221496582031 -0.00485229492187499 -0.120193481445313
0.012481689453125 0.0309886932373047 -0.050323486328125 -0.121810913085938
0.0120868682861328 0.0344753265380859 -0.0648117065429688 -0.118370056152344
0.00825881958007812 0.0401687622070313 -0.0444107055664063 -0.131301879882813
-0.00248336791992188 0.0325298309326172 0.00990295410156251 -0.137222290039063
-0.0183448791503906 0.0253047943115234 0.0561904907226563 -0.107719421386719
-0.028289794921875 0.0221939086914063 0.0877227783203125 -0.0465469360351562
-0.04644775390625 -0.00878906249999999 0.0712356567382813 0.0145034790039062
-0.0658111572265625 -0.04693603515625 0.0055999755859375 0.011322021484375
-0.0672988891601562 -0.0804672241210938 0.00246739387512207 -0.00114011764526368
-0.10638427734375 -0.0507125854492187 0.0855560302734375 -0.20660400390625
-0.0939254760742188 0.00350952148437499 0.00909423828124999 -0.126876831054688
-0.0547637939453125 0.0498123168945313 -0.000442504882812506 -0.0434074401855469
0.00599670410156251 0.0521888732910156 0.0401344299316406 -0.0522727966308594
0.0318927764892578 0.022430419921875 0.0253753662109375 -0.08721923828125
0.0305156707763672 -0.00780105590820312 -0.0182647705078125 -0.116188049316406
0.00876617431640625 -0.0238780975341797 -0.0584945678710938 -0.11834716796875
0.00831794738769531 -0.0174827575683594 -0.070892333984375 -0.115089416503906
0.00300788879394531 -0.0195064544677734 -0.0469284057617188 -0.130241394042969
0.0107803344726563 -0.030303955078125 0.00981903076171876 -0.136268615722656
0.0264320373535156 -0.0188694000244141 0.05389404296875 -0.098358154296875
0.0339946746826172 0.00852203369140625 0.0785980224609375 -0.0383224487304688
0.0050506591796875 0.0378341674804688 0.0505752563476563 0.0120429992675781
-0.0495758056640625 0.0318489074707031 -0.0110082626342773 -0.00286769866943359
-0.083160400390625 -0.00862884521484374 -0.0052471160888672 -0.0290718078613281
0.0953521728515625 -0.0688323974609375 0.0346565246582031 0.0383682250976562
0.0272064208984375 -0.126548767089844 0.0280113220214844 -0.00441741943359376
-0.0706253051757812 -0.0868988037109375 -0.0338420867919922 -0.0308914184570313
-0.100212097167969 0.00141906738281249 -0.077880859375 0.0252532958984375
-0.069549560546875 0.0509986877441406 -0.0572967529296875 0.0755538940429688
-0.0191650390625 0.0876235961914062 -0.00280761718749999 0.125282287597656
0.0123977661132813 0.08416748046875 0.0486297607421875 0.125938415527344
0.00107574462890626 0.0740509033203125 0.0659027099609375 0.102676391601562
-0.00894165039062501 0.0821914672851563 0.0516815185546875 0.0992050170898437
-0.0475006103515625 0.0638885498046875 0.0147705078125 0.0980453491210937
-0.0723114013671875 0.0120697021484375 0.00234222412109374 0.0720291137695313
-0.0557098388671875 -0.0403709411621094 -0.000144958496093748 0.0528373718261719
0.0113601684570312 -0.0790176391601563 0.0103988647460937 0.0829010009765625
0.0788803100585938 -0.0580291748046875 0.017364501953125 0.161056518554688
0.0926284790039063 -0.0045623779296875 -0.10089111328125 0.237289428710938
0.0979156494140625 -0.136260986328125 0.0564460754394531 0.0171966552734375
0.0126190185546875 -0.183074951171875 0.0345211029052734 -0.0162086486816406
-0.100021362304688 -0.129241943359375 -0.0185642242431641 -0.0348720550537109
-0.147201538085938 -0.0116119384765625 -0.0556182861328125 0.00927734375
-0.110710144042969 0.0692367553710938 -0.0432624816894531 0.0408477783203125
-0.0380020141601563 0.132118225097656 -0.00435638427734375 0.0862960815429688
0.0140380859375 0.129364013671875 0.0327835083007813 0.0885086059570313
0.00510406494140626 0.115104675292969 0.0501289367675781 0.066650390625
-0.00439453125000001 0.128120422363281 0.0462760925292969 0.0614776611328125
-0.0540924072265625 0.10882568359375 0.0262031555175781 0.0638580322265625
-0.101119995117188 0.0456466674804687 0.0268516540527344 0.04571533203125
-0.0995941162109375 -0.0242691040039062 0.0318412780761719 0.0447235107421875
-0.0339584350585938 -0.105293273925781 0.0440292358398437 0.0920181274414063
0.046051025390625 -0.119148254394531 0.03955078125 0.167068481445313
0.0826034545898438 -0.0764312744140625 -0.0709991455078125 0.238906860351563
0.086273193359375 -0.185089111328125 0.0818405151367188 -0.020111083984375
-0.00456237792968748 -0.215652465820313 0.0402145385742188 -0.0376167297363281
-0.118850708007813 -0.155563354492188 -0.00510406494140626 -0.0375175476074219
-0.1763916015625 -0.0224151611328125 -0.0268573760986328 -0.00498771667480469
-0.138153076171875 0.07720947265625 -0.0206661224365234 0.00327301025390626
-0.0530548095703125 0.1575927734375 -0.00297546386718751 0.0361518859863281
0.0134735107421875 0.155014038085938 0.0133132934570313 0.0373764038085938
0.00803375244140625 0.138755798339844 0.0256996154785156 0.0202445983886719
0.00222778320312501 0.156143188476563 0.0316619873046875 0.0134353637695313
-0.0521240234375 0.141860961914063 0.032318115234375 0.0184249877929688
-0.11663818359375 0.0777969360351563 0.0471229553222656 0.00951385498046876
-0.134681701660156 0.000190734863281265 0.0618400573730469 0.0273895263671875
-0.0820388793945313 -0.118598937988281 0.0751800537109375 0.0901412963867187
0.00180053710937498 -0.167037963867188 0.054351806640625 0.156082153320313
0.0575103759765625 -0.140266418457031 -0.0421905517578125 0.215011596679688
0.056060791015625 -0.206085205078125 0.10595703125 -0.0662155151367188
-0.028839111328125 -0.217254638671875 0.0444068908691406 -0.0638236999511719
-0.128753662109375 -0.152603149414063 0.00667190551757811 -0.0386619567871094
-0.180206298828125 -0.02288818359375 0.00507736206054686 -0.0176620483398438
-0.142501831054688 0.076904296875 0.00662612915039062 -0.03387451171875
-0.0578460693359375 0.159881591796875 0.00107765197753906 -0.0195083618164062
0.011322021484375 0.156753540039063 -0.00669479370117187 -0.0183181762695312
0.00991821289062501 0.142379760742188 -0.00191497802734375 -0.0291404724121094
0.00730895996093749 0.1610107421875 0.0108146667480469 -0.0375251770019531
-0.043243408203125 0.153594970703125 0.0300922393798828 -0.0337543487548828
-0.11614990234375 0.0980300903320313 0.0595893859863281 -0.0341110229492187
-0.149551391601563 0.0236053466796875 0.08416748046875 0.00136566162109375
-0.118156433105469 -0.115036010742187 0.095733642578125 0.073760986328125
-0.041107177734375 -0.189361572265625 0.0574951171875 0.124214172363281
0.025177001953125 -0.178436279296875 -0.017181396484375 0.167190551757812
0.011260986328125 -0.199020385742188 0.121871948242188 -0.114898681640625
-0.058074951171875 -0.184829711914063 0.0444793701171875 -0.0884780883789063
-0.12530517578125 -0.118362426757813 0.0160064697265625 -0.0384941101074219
-0.155776977539063 -0.00938415527343751 0.03515625 -0.0304374694824219
-0.119064331054687 0.0702743530273438 0.0307693481445312 -0.0662994384765625
-0.047821044921875 0.138107299804687 0.00408935546875 -0.0702133178710937
0.00921630859375 0.134010314941406 -0.024810791015625 -0.0700263977050781
0.0104446411132813 0.124397277832031 -0.0294876098632813 -0.0736160278320313
0.0100250244140625 0.141677856445312 -0.0130462646484375 -0.0835037231445312
-0.03216552734375 0.137153625488281 0.0213851928710938 -0.0839309692382812
-0.0988311767578125 0.0947036743164063 0.0615234375 -0.0758438110351563
-0.135154724121094 0.0356597900390625 0.0942611694335937 -0.0264205932617187
-0.124008178710938 -0.0941238403320312 0.09991455078125 0.0487823486328125
-0.067901611328125 -0.175125122070312 0.04638671875 0.0799026489257812
-0.00769042968749999 -0.180938720703125 -0.000747680664062491 0.103645324707031
-0.0355682373046875 -0.165908813476563 0.125015258789063 -0.156997680664063
-0.0822982788085938 -0.128448486328125 0.0397262573242187 -0.107170104980469
-0.109695434570313 -0.0625762939453125 0.0201644897460937 -0.0380821228027344
-0.107398986816406 0.0123519897460937 0.0544357299804687 -0.0410232543945312
-0.0744247436523437 0.0573577880859375 0.0448074340820313 -0.0880203247070313
-0.026214599609375 0.0967941284179688 0.00272369384765624 -0.10760498046875
0.00756072998046875 0.0905303955078125 -0.0398941040039062 -0.107589721679688
0.00958251953125 0.0875244140625 -0.05145263671875 -0.105941772460938
0.007843017578125 0.100624084472656 -0.03375244140625 -0.118087768554687
-0.0218658447265625 0.0943603515625 0.0134735107421875 -0.122055053710938
-0.0672492980957031 0.0659675598144532 0.0601043701171875 -0.103004455566406
-0.0932540893554688 0.0305099487304688 0.0949630737304688 -0.0452499389648438
-0.0948486328125 -0.0601654052734375 0.0901565551757813 0.026214599609375
-0.0712814331054688 -0.125823974609375 0.0265007019042969 0.0369720458984375
-0.035125732421875 -0.146453857421875 0.0081939697265625 0.0410079956054688
-0.0763473510742188 -0.113754272460937 0.115936279296875 -0.19268798828125
-0.0944976806640625 -0.062164306640625 0.0290679931640625 -0.1220703125
-0.0836257934570313 -0.00151824951171876 0.0144233703613281 -0.04022216796875
-0.048309326171875 0.0339851379394531 0.0566139221191406 -0.0491142272949219
-0.0201797485351562 0.0391464233398438 0.0427703857421875 -0.0959320068359375
0.000919342041015625 0.0447769165039062 -0.00488281250000001 -0.124069213867188
0.00590896606445313 0.0359878540039063 -0.0510101318359375 -0.126014709472656
0.00727462768554688 0.0381088256835937 -0.0658187866210937 -0.122673034667969
0.0022735595703125 0.0443878173828125 -0.0449981689453125 -0.136878967285156
-0.0106773376464844 0.0341644287109375 0.0097198486328125 -0.141815185546875
-0.0256404876708984 0.0219478607177734 0.0579910278320313 -0.11248779296875
-0.0328617095947266 0.0149517059326172 0.0901260375976563 -0.0486526489257813
-0.0434036254882813 -0.0169448852539062 0.0719451904296875 0.0138778686523437
-0.0575294494628906 -0.0526046752929687 0.00711536407470703 0.00678205490112304
-0.0574264526367188 -0.084075927734375 0.0108203887939453 -0.00755882263183594
-0.103065490722656 -0.04791259765625 0.096710205078125 -0.217697143554688
-0.0890960693359375 0.00407409667968752 0.0118026733398437 -0.137130737304687
-0.0500450134277344 0.0490913391113281 -0.00250244140625 -0.0464744567871094
0.008209228515625 0.0478668212890625 0.0403594970703125 -0.0533981323242188
0.0301933288574219 0.0178050994873047 0.0270309448242188 -0.088623046875
0.0249271392822266 -0.00993537902832031 -0.01605224609375 -0.119873046875
0.00351715087890625 -0.0230884552001953 -0.0572509765625 -0.123947143554688
0.0033416748046875 -0.0164213180541992 -0.0696334838867187 -0.121360778808594
-0.00326728820800781 -0.0183067321777344 -0.04632568359375 -0.136978149414063
0.00399971008300781 -0.0307407379150391 0.0125274658203125 -0.14227294921875
0.0210685729980469 -0.0238285064697266 0.0574951171875 -0.102256774902344
0.0327873229980469 0.002716064453125 0.0817337036132813 -0.0391311645507812
0.00932502746582031 0.0331058502197266 0.0515022277832031 0.01129150390625
-0.0422706604003906 0.0307426452636719 -0.0078730583190918 -0.00779294967651367
-0.0764923095703125 -0.00771331787109375 0.00562286376953125 -0.0349178314208984
0.094146728515625 -0.0772781372070313 0.0255508422851563 0.045318603515625
0.0202255249023438 -0.132164001464844 0.0249423980712891 0.000215530395507804
-0.0772933959960938 -0.0854415893554687 -0.0367851257324219 -0.0300025939941406
-0.102615356445313 0.00714874267578123 -0.0819549560546875 0.0270767211914063
-0.0683708190917969 0.0572700500488281 -0.0616302490234375 0.0809555053710938
-0.0131149291992188 0.091033935546875 -0.0035552978515625 0.133232116699219
0.0188751220703125 0.087310791015625 0.0514297485351563 0.135910034179688
0.00672149658203125 0.0773544311523438 0.068603515625 0.111152648925781
-0.00222778320312501 0.08642578125 0.0533676147460938 0.107864379882813
-0.0448760986328125 0.0706100463867188 0.01300048828125 0.106254577636719
-0.0750045776367188 0.019012451171875 0.000602722167968751 0.0755081176757813
-0.0624542236328125 -0.0386428833007813 -0.000125885009765631 0.0541458129882813
0.00519561767578124 -0.0848312377929688 0.0141525268554688 0.0896377563476562
0.0770111083984375 -0.06756591796875 0.0194549560546875 0.173324584960937
0.0960845947265625 -0.0131683349609375 -0.10980224609375 0.2550048828125
0.100082397460938 -0.150527954101563 0.0474662780761719 0.0213890075683594
0.00686645507812499 -0.194122314453125 0.0302791595458984 -0.0129299163818359
-0.1090087890625 -0.134040832519531 -0.0217704772949219 -0.0348091125488281
-0.15423583984375 -0.00790405273437502 -0.0599212646484375 0.0100212097167969
-0.114578247070312 0.0764389038085938 -0.049072265625 0.0446090698242188
-0.03466796875 0.139312744140625 -0.00738525390624999 0.0928115844726563
0.0200653076171875 0.136299133300781 0.0326080322265625 0.0978469848632813
0.00976562499999999 0.122200012207031 0.0502471923828125 0.0748825073242188
0.00148773193359376 0.136253356933594 0.0454483032226563 0.068145751953125
-0.0537872314453125 0.119224548339844 0.0235176086425781 0.0695991516113281
-0.1080322265625 0.0533981323242187 0.0253181457519531 0.0466995239257813
-0.10968017578125 -0.0233383178710937 0.0325927734375 0.0442428588867188
-0.0416259765625 -0.115303039550781 0.0495071411132813 0.0965652465820312
0.0444793701171875 -0.134010314941406 0.042236328125 0.177932739257812
0.0881881713867187 -0.0909805297851563 -0.0779876708984375 0.2542724609375
0.0911102294921875 -0.202651977539063 0.0748062133789063 -0.0202255249023438
-0.00860595703125 -0.231475830078125 0.035614013671875 -0.0367774963378906
-0.128585815429688 -0.164810180664063 -0.00903320312500001 -0.0379104614257813
-0.187042236328125 -0.021728515625 -0.0311012268066406 -0.00510597229003907
-0.14617919921875 0.0846405029296875 -0.0264377593994141 0.00443649291992188
-0.052978515625 0.16754150390625 -0.00687408447265625 0.040130615234375
0.017822265625 0.165206909179688 0.0111198425292969 0.0446968078613281
0.01116943359375 0.148635864257813 0.0236415863037109 0.0265235900878906
0.00561523437499998 0.167327880859375 0.0287818908691406 0.0173969268798828
-0.053131103515625 0.154144287109375 0.0282135009765625 0.0211620330810547
-0.125961303710938 0.086944580078125 0.0458106994628906 0.00725173950195313
-0.147613525390625 0.00140380859375002 0.0632209777832031 0.0249748229980469
-0.0923004150390625 -0.131202697753906 0.0808792114257813 0.093231201171875
-0.000579833984374982 -0.185791015625 0.0578765869140625 0.163726806640625
0.0646209716796875 -0.157196044921875 -0.0467987060546875 0.226043701171875
0.0633544921875 -0.22503662109375 0.101211547851563 -0.0716476440429688
-0.030670166015625 -0.234573364257813 0.0398216247558594 -0.06610107421875
-0.137496948242188 -0.16546630859375 0.00251388549804687 -0.0395355224609375
-0.19305419921875 -0.024871826171875 0.00139427185058593 -0.0189323425292969
-0.153411865234375 0.0838470458984375 0.00133895874023436 -0.0351314544677734
-0.060333251953125 0.17071533203125 -0.00425148010253907 -0.0187149047851562
0.0129852294921875 0.169357299804688 -0.0107917785644531 -0.0142765045166016
0.0111846923828125 0.153762817382813 -0.00623321533203125 -0.0254535675048828
0.009002685546875 0.173736572265625 0.005645751953125 -0.0367088317871094
-0.0460052490234375 0.16558837890625 0.025421142578125 -0.0343952178955078
-0.1268310546875 0.106147766113281 0.0582466125488281 -0.03936767578125
-0.163330078125 0.0237579345703125 0.0861358642578125 -0.00362396240234375
-0.128349304199219 -0.128143310546875 0.10137939453125 0.07403564453125
-0.044036865234375 -0.208786010742187 0.0604934692382813 0.12811279296875
0.032440185546875 -0.196945190429688 -0.01873779296875 0.172454833984375
0.02001953125 -0.215682983398438 0.120826721191406 -0.125564575195313
-0.05780029296875 -0.202255249023438 0.0408401489257813 -0.0951385498046875
-0.133377075195313 -0.132423400878906 0.0122451782226562 -0.0408401489257813
-0.168472290039063 -0.0134124755859375 0.0326023101806641 -0.0326366424560547
-0.130989074707031 0.0746307373046875 0.0272636413574219 -0.0699577331542969
-0.0535125732421875 0.148101806640625 -0.000839233398437508 -0.0733871459960937
0.00869750976562501 0.145904541015625 -0.0296783447265625 -0.0696754455566406
0.0096893310546875 0.135299682617188 -0.0345840454101563 -0.0735092163085937
0.00892639160156252 0.153671264648438 -0.0192184448242187 -0.0862884521484375
-0.0366058349609375 0.148513793945313 0.01690673828125 -0.0876846313476562
-0.109375 0.10113525390625 0.0611572265625 -0.0824050903320313
-0.147842407226563 0.03448486328125 0.09710693359375 -0.0323410034179688
-0.132568359375 -0.107109069824219 0.104766845703125 0.047576904296875
-0.0693817138671875 -0.192489624023438 0.0480422973632813 0.079986572265625
-0.000656127929687478 -0.197601318359375 0.000457763671875 0.103599548339844
-0.02880859375 -0.177886962890625 0.128402709960937 -0.172378540039062
-0.080810546875 -0.140777587890625 0.0377120971679688 -0.117843627929688
-0.114105224609375 -0.0736465454101563 0.0166778564453125 -0.0415267944335938
-0.1163330078125 0.00666809082031249 0.0534248352050781 -0.0448684692382813
-0.0841751098632812 0.0588760375976563 0.0428237915039062 -0.0936508178710937
-0.0332489013671875 0.103752136230469 -0.001190185546875 -0.113067626953125
0.00469970703125001 0.10052490234375 -0.0447845458984375 -0.111595153808594
0.00726318359375 0.0962448120117188 -0.05712890625 -0.109504699707031
0.00453186035156251 0.110435485839844 -0.0399932861328125 -0.123947143554688
-0.0283966064453125 0.1024169921875 0.00912475585937501 -0.128990173339844
-0.0772476196289063 0.0689239501953125 0.0600204467773437 -0.111778259277344
-0.102645874023438 0.0269393920898438 0.0977783203125 -0.0509567260742187
-0.0990676879882812 -0.0712814331054688 0.093597412109375 0.0242843627929688
-0.0699005126953125 -0.139244079589844 0.0270576477050781 0.034149169921875
-0.027618408203125 -0.158432006835938 0.0128822326660156 0.0365486145019531
-0.072235107421875 -0.118537902832031 0.1231689453125 -0.2108154296875
-0.0915069580078125 -0.0677871704101563 0.0280609130859375 -0.135276794433594
-0.0831832885742188 -0.00775146484375001 0.0116844177246094 -0.0442161560058594
-0.0520744323730469 0.0291938781738281 0.0561637878417969 -0.0528602600097656
-0.026275634765625 0.0382118225097656 0.0430755615234375 -0.101348876953125
-0.00607299804687499 0.047607421875 -0.00652313232421876 -0.131103515625
0.00148773193359375 0.0418586730957031 -0.0555801391601562 -0.132728576660156
0.0027313232421875 0.0434074401855469 -0.0713577270507813 -0.128517150878906
-0.00242233276367187 0.0510368347167969 -0.050445556640625 -0.14483642578125
-0.0182266235351563 0.0384368896484375 0.00688171386718748 -0.151412963867187
-0.0344867706298828 0.0209407806396484 0.0597610473632812 -0.120491027832031
-0.0382156372070313 0.0101432800292969 0.0935592651367188 -0.053741455078125
-0.0433921813964844 -0.025360107421875 0.073516845703125 0.0116043090820313
-0.0537376403808594 -0.0595893859863281 0.00776195526123046 0.00171613693237304
-0.0505447387695313 -0.0901947021484375 0.0182151794433594 -0.0146503448486328
-0.10308837890625 -0.0455169677734375 0.105148315429688 -0.237289428710938
-0.0862884521484375 0.0051116943359375 0.01220703125 -0.151565551757813
-0.0470504760742188 0.04974365234375 -0.00495147705078125 -0.0503578186035156
0.0101051330566406 0.0441856384277344 0.0410919189453125 -0.0568466186523438
0.0289630889892578 0.0137233734130859 0.0287857055664063 -0.0934371948242187
0.0197906494140625 -0.0120162963867188 -0.0165176391601562 -0.126869201660156
-0.00196456909179688 -0.0216064453125 -0.0599441528320313 -0.132545471191406
-0.00131607055664062 -0.0158653259277344 -0.0736236572265625 -0.129013061523438
-0.00874805450439453 -0.0156545639038086 -0.050048828125 -0.146652221679688
-0.0032501220703125 -0.0305099487304688 0.0117950439453125 -0.152786254882813
0.0149726867675781 -0.0280361175537109 0.0606613159179687 -0.11004638671875
0.0308437347412109 -0.00333976745605469 0.0864334106445313 -0.0436782836914063
0.0133838653564453 0.0287017822265625 0.0535354614257813 0.0100860595703125
-0.0362663269042969 0.0298957824707031 -0.00659751892089844 -0.0127344131469727
-0.0713653564453125 -0.00684356689453124 0.0159759521484375 -0.0429458618164063
0.0909194946289063 -0.0883407592773438 0.0187873840332031 0.05389404296875
0.00905609130859375 -0.137367248535156 0.0221424102783203 0.00467491149902343
-0.0864791870117188 -0.0817794799804687 -0.0405807495117188 -0.0285453796386719
-0.104087829589844 0.0160903930664062 -0.085479736328125 0.0324630737304687
-0.0655288696289062 0.0654258728027344 -0.0638427734375 0.0893402099609375
-0.00426483154296876 0.0943069458007813 0.000778198242187506 0.143508911132813
0.0285186767578125 0.08929443359375 0.0598602294921875 0.144943237304688
0.0150680541992188 0.079620361328125 0.0765304565429688 0.118568420410156
0.007171630859375 0.0897216796875 0.0594482421875 0.115325927734375
-0.039306640625 0.0786590576171875 0.0156173706054688 0.11505126953125
-0.0767135620117188 0.0281600952148437 0.00141143798828124 0.080322265625
-0.0699920654296875 -0.0347137451171875 0.00188064575195312 0.0561599731445313
-0.00395965576171875 -0.0893020629882813 0.0213699340820313 0.0950164794921875
0.07196044921875 -0.0785369873046875 0.0276947021484375 0.185897827148437
0.0978775024414063 -0.0246200561523438 -0.110458374023438 0.279556274414063
0.0970916748046875 -0.16754150390625 0.0397834777832031 0.02593994140625
-0.00617980957031252 -0.205520629882813 0.0264625549316406 -0.00902175903320314
-0.122642517089844 -0.13482666015625 -0.0261135101318359 -0.0338859558105469
-0.161514282226563 0.000991821289062508 -0.0642242431640625 0.0133628845214844
-0.115676879882813 0.088226318359375 -0.053070068359375 0.05096435546875
-0.0269622802734375 0.147674560546875 -0.00638580322265625 0.10101318359375
0.0311279296875 0.14276123046875 0.03765869140625 0.106834411621094
0.0192337036132812 0.12872314453125 0.05450439453125 0.0822067260742188
0.011322021484375 0.144317626953125 0.0481719970703125 0.0741119384765625
-0.0482177734375 0.13153076171875 0.023406982421875 0.07635498046875
-0.112167358398437 0.0662918090820313 0.0251808166503906 0.0478591918945313
-0.12109375 -0.0181732177734375 0.0348854064941406 0.0431976318359375
-0.0552902221679688 -0.123176574707031 0.0580215454101563 0.0999374389648437
0.03704833984375 -0.15106201171875 0.051971435546875 0.18756103515625
0.0896682739257813 -0.109001159667969 -0.0771331787109375 0.275253295898438
0.0888519287109375 -0.224746704101563 0.0672149658203125 -0.0208854675292969
-0.0216522216796875 -0.247344970703125 0.0304489135742188 -0.0358657836914063
-0.145156860351563 -0.170486450195313 -0.0136375427246094 -0.0375022888183594
-0.19915771484375 -0.0146026611328125 -0.0355796813964844 -0.00394058227539063
-0.151168823242188 0.098052978515625 -0.0319461822509766 0.00763320922851563
-0.04742431640625 0.17987060546875 -0.00996017456054688 0.045318603515625
0.028717041015625 0.175918579101563 0.0114669799804688 0.0530014038085938
0.0209503173828125 0.1590576171875 0.0242176055908203 0.0330944061279297
0.0160675048828125 0.179367065429688 0.0273513793945313 0.0214996337890625
-0.0484161376953125 0.168701171875 0.0257453918457031 0.0240879058837891
-0.13226318359375 0.101448059082031 0.0448379516601563 0.00468826293945313
-0.160934448242188 0.00753784179687503 0.0659217834472656 0.0203628540039063
-0.107841491699219 -0.14031982421875 0.090301513671875 0.0930252075195312
-0.010833740234375 -0.204986572265625 0.0671234130859375 0.170196533203125
0.064971923828125 -0.178726196289063 -0.0435638427734375 0.241302490234375
0.0622406005859375 -0.248031616210938 0.0951156616210938 -0.0787277221679688
-0.0422515869140625 -0.253005981445313 0.0334815979003906 -0.0691947937011719
-0.155197143554688 -0.175033569335938 -0.00262451171875001 -0.0405960083007813
-0.208648681640625 -0.02020263671875 -0.00242996215820314 -0.02001953125
-0.162017822265625 0.097259521484375 -0.00463104248046876 -0.035614013671875
-0.05792236328125 0.185653686523437 -0.0097341537475586 -0.0170221328735351
0.02203369140625 0.18218994140625 -0.0144891738891602 -0.00918674468994139
0.019622802734375 0.16546630859375 -0.0100612640380859 -0.0207881927490234
0.0183868408203125 0.187652587890625 -4.19616699218738E-05 -0.0355949401855469
-0.0431060791015625 0.181304931640625 0.0202465057373047 -0.0350666046142578
-0.134346008300781 0.120719909667969 0.0553703308105469 -0.0453834533691406
-0.177597045898438 0.0309295654296875 0.087799072265625 -0.0103225708007812
-0.145248413085938 -0.137542724609375 0.109771728515625 0.0714492797851562
-0.0555572509765625 -0.22833251953125 0.0676193237304688 0.130683898925781
0.031494140625 -0.219268798828125 -0.0145416259765625 0.1806640625
0.019500732421875 -0.235260009765625 0.116401672363281 -0.139572143554688
-0.0658416748046875 -0.2188720703125 0.0339736938476562 -0.102706909179688
-0.14788818359375 -0.143096923828125 0.00709533691406249 -0.0430755615234375
-0.182952880859375 -0.0115966796875 0.0293807983398437 -0.0359458923339844
-0.140838623046875 0.085968017578125 0.0220260620117187 -0.0742111206054688
-0.054168701171875 0.161941528320313 -0.00833892822265626 -0.0757369995117187
0.0141448974609375 0.1590576171875 -0.036865234375 -0.0688705444335937
0.0152740478515625 0.146926879882813 -0.0421829223632813 -0.0716934204101562
0.0146484375 0.167190551757813 -0.0282135009765625 -0.0881500244140625
-0.03643798828125 0.162765502929688 0.00933837890624999 -0.0916900634765625
-0.117401123046875 0.1134033203125 0.0570144653320313 -0.0915603637695312
-0.160919189453125 0.039764404296875 0.0981597900390625 -0.0410690307617188
-0.146804809570313 -0.115631103515625 0.111503601074219 0.0430068969726562
-0.07904052734375 -0.209396362304688 0.0517120361328125 0.0789642333984375
-0.000885009765624984 -0.2171630859375 0.00501251220703126 0.104148864746094
-0.0285186767578125 -0.1912841796875 0.126541137695313 -0.192840576171875
-0.0852203369140625 -0.152923583984375 0.031036376953125 -0.12933349609375
-0.122894287109375 -0.0822906494140625 0.0119743347167969 -0.0449409484863281
-0.127517700195312 0.00548553466796876 0.0513687133789062 -0.0500144958496094
-0.093017578125 0.0655364990234375 0.0379562377929687 -0.100578308105469
-0.0366744995117187 0.114006042480469 -0.00927734375000002 -0.118423461914063
0.00638580322265626 0.111579895019531 -0.0539474487304687 -0.114059448242188
0.00877380371093751 0.105735778808594 -0.0667572021484375 -0.110618591308594
0.00642395019531251 0.122055053710937 -0.0507583618164063 -0.12835693359375
-0.0309219360351563 0.113685607910156 5.34057617187427E-05 -0.136436462402344
-0.0859603881835937 0.0766067504882813 0.0557632446289063 -0.122459411621094
-0.112991333007812 0.02874755859375 0.0987701416015625 -0.0597610473632813
-0.107833862304687 -0.0797119140625 0.097503662109375 0.019012451171875
-0.075164794921875 -0.150955200195313 0.0283603668212891 0.0306491851806641
-0.0265960693359375 -0.1719970703125 0.0178489685058594 0.0310573577880859
-0.0726776123046875 -0.123275756835938 0.1229248046875 -0.234725952148438
-0.09222412109375 -0.0723419189453125 0.0217132568359375 -0.14947509765625
-0.0855941772460938 -0.0122833251953125 0.00763320922851562 -0.0484161376953125
-0.0567436218261719 0.0258560180664062 0.055328369140625 -0.0585670471191406
-0.0315017700195313 0.039306640625 0.0400009155273437 -0.109237670898438
-0.01104736328125 0.0523147583007813 -0.014251708984375 -0.138267517089844
-0.000423431396484371 0.0484695434570312 -0.0649261474609375 -0.138374328613281
0.000953674316406255 0.0497283935546875 -0.0811996459960938 -0.132797241210938
-0.00478363037109375 0.0587120056152344 -0.0617828369140625 -0.151702880859375
-0.0240974426269531 0.0450019836425781 -0.00140380859374998 -0.161773681640625
-0.0430374145507813 0.0228233337402344 0.056976318359375 -0.131858825683594
-0.0452117919921875 0.00722885131835937 0.0950241088867188 -0.0625
-0.0455589294433594 -0.0328636169433594 0.0772247314453125 0.007232666015625
-0.0528793334960937 -0.0668258666992188 0.00780677795410156 -0.00304746627807618
-0.0477676391601562 -0.0962753295898438 0.0243301391601562 -0.0238857269287109
-0.103874206542969 -0.0411529541015625 0.104873657226562 -0.262542724609375
-0.084686279296875 0.00821685791015624 0.00628662109375001 -0.165908813476563
-0.0424156188964844 0.0503807067871094 -0.00911712646484375 -0.0537185668945312
0.0124855041503906 0.0404510498046875 0.039398193359375 -0.0617141723632813
0.02777099609375 0.0101490020751953 0.0282669067382812 -0.100059509277344
0.0143299102783203 -0.0132579803466797 -0.0212860107421875 -0.133811950683594
-0.00773048400878906 -0.0198783874511719 -0.0685882568359375 -0.139877319335938
-0.00602531433105469 -0.0135164260864258 -0.0830459594726562 -0.135292053222656
-0.0145540237426758 -0.0123739242553711 -0.0597381591796875 -0.155517578125
-0.0113849639892578 -0.0289993286132813 0.00517272949218751 -0.1651611328125
0.00786018371582031 -0.0316905975341797 0.0597457885742187 -0.121261596679688
0.0284519195556641 -0.00968551635742188 0.0893020629882812 -0.0506134033203125
0.0172405242919922 0.022918701171875 0.0562057495117188 0.0069122314453125
-0.0296878814697266 0.0291347503662109 -0.00590896606445313 -0.0183086395263672
-0.0668220520019531 -0.00495910644531249 0.0239524841308594 -0.0542221069335938
0.0825576782226563 -0.0977630615234375 0.0138969421386719 0.0627632141113281
-0.0051422119140625 -0.138031005859375 0.0204296112060547 0.00954437255859374
-0.0943832397460937 -0.0736770629882813 -0.042938232421875 -0.0244483947753906
-0.102020263671875 0.0262527465820312 -0.086761474609375 0.0389862060546875
-0.0590286254882812 0.0724945068359375 -0.0610198974609375 0.0981979370117188
0.00594329833984374 0.09417724609375 0.00946044921874999 0.150543212890625
0.0395431518554688 0.0868988037109375 0.0719757080078125 0.149063110351563
0.0247955322265625 0.0789718627929688 0.086700439453125 0.120742797851562
0.0179595947265625 0.0903396606445313 0.0687713623046875 0.118659973144531
-0.0301361083984375 0.0849456787109375 0.02294921875 0.121650695800781
-0.0744247436523438 0.0385284423828125 0.00556182861328125 0.0830535888671875
-0.0758743286132813 -0.0270767211914062 0.00443649291992187 0.0572090148925781
-0.0160064697265625 -0.0905303955078125 0.0310287475585937 0.0963592529296875
0.0628738403320313 -0.0887451171875 0.041351318359375 0.193466186523438
0.0959243774414063 -0.0377426147460938 -0.100189208984375 0.300994873046875
0.0860748291015625 -0.183197021484375 0.0327701568603516 0.0312290191650391
-0.02423095703125 -0.209823608398437 0.0232658386230469 -0.00557899475097658
-0.136276245117188 -0.128952026367188 -0.0296401977539063 -0.0308647155761719
-0.164260864257813 0.01385498046875 -0.0668601989746094 0.0183601379394531
-0.110549926757813 0.100028991699219 -0.0538177490234375 0.0578422546386719
-0.0146636962890625 0.15277099609375 -0.00231170654296875 0.108085632324219
0.0452880859375 0.14434814453125 0.0459213256835938 0.112861633300781
0.0316848754882812 0.131446838378906 0.06121826171875 0.0860748291015625
0.0259857177734375 0.148452758789062 0.0526046752929687 0.0778884887695313
-0.037689208984375 0.141342163085938 0.0268936157226562 0.0812759399414063
-0.111404418945312 0.080413818359375 0.0266838073730469 0.047882080078125
-0.129745483398437 -0.00794982910156249 0.0367698669433594 0.04052734375
-0.0708847045898437 -0.1256103515625 0.0680007934570313 0.0988845825195312
0.022735595703125 -0.16436767578125 0.065399169921875 0.192062377929688
0.0843429565429688 -0.126487731933594 -0.066192626953125 0.292205810546875
0.077362060546875 -0.243484497070313 0.0584449768066406 -0.0210075378417969
-0.0416259765625 -0.25537109375 0.0249271392822266 -0.0339508056640625
-0.16363525390625 -0.168426513671875 -0.0180110931396484 -0.0350780487060547
-0.206832885742188 -0.00173950195312496 -0.0391616821289063 -0.000637054443359366
-0.149765014648438 0.113418579101562 -0.03594970703125 0.0127143859863281
-0.0357818603515625 0.189254760742188 -0.0108299255371094 0.0508537292480469
0.0440673828125 0.180740356445313 0.0146484375 0.0592575073242188
0.0345916748046875 0.164443969726563 0.0261497497558594 0.0380744934082031
0.0317840576171875 0.186203002929688 0.0267086029052734 0.0247535705566406
-0.0375518798828125 0.181015014648437 0.0245437622070313 0.0273265838623047
-0.132064819335938 0.117912292480469 0.0427169799804687 0.00122070312500001
-0.170486450195312 0.0193939208984375 0.0667152404785156 0.014495849609375
-0.126174926757813 -0.142288208007813 0.100021362304687 0.08819580078125
-0.0287933349609375 -0.219467163085938 0.0791015625 0.170852661132813
0.056976318359375 -0.198440551757812 -0.0330963134765625 0.252960205078125
0.05145263671875 -0.267410278320313 0.0845184326171875 -0.08544921875
-0.06109619140625 -0.263580322265625 0.0253753662109375 -0.070953369140625
-0.174468994140625 -0.17523193359375 -0.00754547119140626 -0.0392112731933594
-0.220260620117188 -0.00856018066406252 -0.00674629211425783 -0.0195827484130859
-0.163040161132813 0.11322021484375 -0.0114173889160156 -0.0343761444091797
-0.0489501953125 0.197341918945313 -0.0151033401489258 -0.0136909484863281
0.03631591796875 0.189804077148438 -0.0169286727905273 -0.00327396392822265
0.0317840576171875 0.173065185546875 -0.0126543045043945 -0.0157060623168945
0.0325469970703125 0.19610595703125 -0.00572776794433594 -0.0323810577392578
-0.033111572265625 0.193954467773438 0.0146598815917969 -0.0335369110107422
-0.134742736816406 0.137794494628906 0.0499229431152344 -0.0507621765136719
-0.186798095703125 0.042938232421875 0.087066650390625 -0.0188522338867187
-0.1639404296875 -0.13897705078125 0.1173095703125 0.0638885498046875
-0.0731353759765625 -0.240966796875 0.0762863159179687 0.128578186035156
0.022552490234375 -0.237472534179688 -0.00570678710937501 0.185546875
0.0111846923828125 -0.251449584960937 0.105377197265625 -0.152313232421875
-0.080810546875 -0.229232788085938 0.0236968994140625 -0.107414245605469
-0.16558837890625 -0.145263671875 0.00109863281249999 -0.0434303283691406
-0.195465087890625 -0.00370788574218748 0.0250167846679687 -0.0383834838867188
-0.144775390625 0.100006103515625 0.0133590698242187 -0.0773391723632813
-0.0487518310546875 0.174270629882813 -0.0175933837890625 -0.074859619140625
0.025543212890625 0.167816162109375 -0.0444526672363281 -0.0639991760253906
0.0253143310546875 0.1552734375 -0.0494194030761719 -0.0668220520019531
0.02630615234375 0.177017211914063 -0.0387954711914063 -0.0857162475585937
-0.0289154052734375 0.174270629882813 -1.52587890625103E-05 -0.0930938720703125
-0.11944580078125 0.127342224121094 0.0488739013671875 -0.0989608764648437
-0.16949462890625 0.049713134765625 0.0950546264648437 -0.0506744384765625
-0.16229248046875 -0.117538452148438 0.115676879882812 0.0346527099609375
-0.0945892333984375 -0.220046997070313 0.0560531616210937 0.0749893188476562
-0.00877380371093749 -0.232025146484375 0.0112380981445312 0.102752685546875
-0.0340576171875 -0.201019287109375 0.115158081054688 -0.211624145507813
-0.0935516357421875 -0.159500122070312 0.0199508666992188 -0.137832641601563
-0.133705139160156 -0.085906982421875 0.00666809082031249 -0.0468597412109375
-0.136825561523437 0.00910186767578126 0.0468368530273437 -0.0545272827148438
-0.09716796875 0.0741958618164063 0.030120849609375 -0.106353759765625
-0.0351791381835938 0.1243896484375 -0.0197677612304688 -0.120590209960937
0.0124664306640625 0.120468139648438 -0.0646591186523438 -0.112106323242188
0.0143203735351563 0.11358642578125 -0.0776901245117188 -0.107460021972656
0.0127029418945313 0.131332397460938 -0.063934326171875 -0.12750244140625
-0.0282058715820312 0.1239013671875 -0.0121841430664063 -0.139511108398438
-0.0908050537109375 0.08636474609375 0.046722412109375 -0.131256103515625
-0.120674133300781 0.0335617065429687 0.095245361328125 -0.0703125
-0.118202209472656 -0.0829696655273438 0.0990524291992187 0.0111465454101562
-0.0839385986328125 -0.159332275390625 0.0291271209716797 0.0260181427001953
-0.031524658203125 -0.182693481445313 0.0217227935791016 0.0244541168212891
-0.0752944946289063 -0.124870300292969 0.110855102539063 -0.256881713867188
-0.09423828125 -0.0739517211914063 0.01092529296875 -0.160675048828125
-0.0877304077148438 -0.0145645141601563 0.00226211547851562 -0.0504837036132813
-0.0608100891113281 0.0243873596191406 0.0505332946777344 -0.0643768310546875
-0.0357437133789063 0.0413017272949219 0.0326690673828125 -0.115875244140625
-0.0138816833496094 0.0579986572265625 -0.0246124267578125 -0.141845703125
-0.000770568847656249 0.0551986694335937 -0.0768814086914062 -0.138572692871094
0.0023651123046875 0.0556259155273438 -0.0936813354492188 -0.131553649902344
-0.0037689208984375 0.0665626525878906 -0.07635498046875 -0.152557373046875
-0.0269622802734375 0.0528030395507813 -0.01446533203125 -0.166900634765625
-0.0504035949707031 0.0275115966796875 0.0486907958984375 -0.141433715820313
-0.0517692565917969 0.00637054443359374 0.0928192138671875 -0.0720977783203125
-0.0493316650390625 -0.0387420654296875 0.0777511596679687 0.0010528564453125
-0.0540924072265625 -0.0721282958984375 0.00665521621704101 -0.00778913497924805
-0.0475845336914062 -0.100372314453125 0.0280666351318359 -0.0349082946777344
-0.103073120117188 -0.0341796875 0.094268798828125 -0.28521728515625
-0.0801239013671875 0.0119552612304687 -0.00599670410156251 -0.177322387695313
-0.0369606018066406 0.0500106811523437 -0.015228271484375 -0.0555953979492188
0.0144309997558594 0.0355682373046875 0.0357246398925781 -0.0659675598144531
0.0251274108886719 0.00584602355957031 0.02215576171875 -0.105422973632813
0.00821018218994141 -0.0128755569458008 -0.029998779296875 -0.137962341308594
-0.0135860443115234 -0.0160531997680664 -0.0800018310546875 -0.142135620117188
-0.0103244781494141 -0.0101461410522461 -0.0951080322265625 -0.136199951171875
-0.0191440582275391 -0.0072784423828125 -0.073486328125 -0.158798217773438
-0.0191555023193359 -0.0251483917236328 -0.007354736328125 -0.172576904296875
-0.000993728637695309 -0.0329608917236328 0.0528488159179688 -0.131179809570313
0.0241661071777344 -0.0157337188720703 0.0884475708007812 -0.059478759765625
0.0203285217285156 0.0158538818359375 0.0566787719726563 0.00244903564453125
-0.0231285095214844 0.0271186828613281 -0.00682830810546875 -0.0230998992919922
-0.0615005493164063 -0.00223541259765625 0.0278968811035156 -0.0662155151367188
0.0717697143554688 -0.102752685546875 0.0110702514648438 0.0711441040039063
-0.0180587768554687 -0.133270263671875 0.0193367004394531 0.0140438079833984
-0.0979843139648438 -0.0632476806640625 -0.0440483093261719 -0.0205879211425781
-0.0960464477539063 0.0344772338867188 -0.0848770141601562 0.0444869995117188
-0.0505294799804688 0.0767135620117188 -0.055511474609375 0.10369873046875
0.0151138305664063 0.0905380249023438 0.0184326171875 0.151718139648438
0.0479888916015625 0.08111572265625 0.082061767578125 0.14776611328125
0.0327987670898438 0.0751876831054688 0.0945281982421875 0.118362426757813
0.0278091430664063 0.086517333984375 0.075775146484375 0.11785888671875
-0.0202865600585937 0.0869293212890625 0.0304183959960937 0.123832702636719
-0.0693283081054688 0.0465850830078125 0.00903320312499999 0.0841445922851563
-0.0785064697265625 -0.01873779296875 0.00690460205078124 0.0562629699707031
-0.0255279541015625 -0.087860107421875 0.03900146484375 0.0954742431640625
0.0516586303710938 -0.0942764282226563 0.0531768798828125 0.193557739257813
0.0892181396484375 -0.0484771728515625 -0.085357666015625 0.3123779296875
0.0727691650390625 -0.191070556640625 0.0269241333007813 0.0375289916992187
-0.0412139892578125 -0.20721435546875 0.0201873779296875 -0.00166320800781251
-0.145233154296875 -0.118743896484375 -0.0314502716064453 -0.0267601013183594
-0.161636352539063 0.0244598388671875 -0.0671958923339844 0.0232048034667969
-0.10223388671875 0.107467651367187 -0.0521812438964844 0.06353759765625
-0.00306701660156249 0.15228271484375 0.00267791748046876 0.111312866210938
0.0576095581054687 0.140174865722656 0.0535202026367188 0.114166259765625
0.0425567626953125 0.128616333007813 0.0671157836914063 0.0863876342773438
0.038818359375 0.146697998046875 0.0562667846679687 0.0788040161132813
-0.025787353515625 0.145675659179688 0.0305633544921875 0.083892822265625
-0.105873107910156 0.0917739868164062 0.0267410278320312 0.0468025207519531
-0.133689880371094 0.00250244140625002 0.0376014709472656 0.0369987487792969
-0.0841217041015625 -0.122795104980469 0.0753326416015625 0.0936660766601562
0.00767517089843751 -0.170822143554688 0.0766448974609375 0.189926147460938
0.0749282836914062 -0.138786315917969 -0.052642822265625 0.29986572265625
0.0620574951171875 -0.253326416015625 0.0491065979003906 -0.0182418823242188
-0.060028076171875 -0.254776000976563 0.0195865631103516 -0.0308341979980469
-0.176254272460938 -0.159210205078125 -0.0214653015136719 -0.0314598083496094
-0.208587646484375 0.010650634765625 -0.0418472290039063 0.00317764282226562
-0.142303466796875 0.12445068359375 -0.0383338928222656 0.0171890258789063
-0.0230255126953125 0.192459106445312 -0.0103683471679687 0.0558204650878906
0.0581817626953125 0.178802490234375 0.0184173583984375 0.0635833740234375
0.04730224609375 0.163162231445312 0.0288047790527344 0.0413818359375
0.046417236328125 0.185821533203125 0.0263252258300781 0.0275554656982422
-0.0241546630859375 0.186920166015625 0.0244026184082031 0.0302524566650391
-0.126533508300781 0.130615234375 0.0397605895996094 -0.000572204589843742
-0.174560546875 0.0321502685546875 0.0648384094238281 0.00883865356445313
-0.140762329101562 -0.138275146484375 0.105552673339844 0.0804824829101562
-0.04595947265625 -0.225067138671875 0.0883331298828125 0.166183471679687
0.0453338623046875 -0.210845947265625 -0.021270751953125 0.256668090820313
0.0379791259765625 -0.277816772460938 0.072296142578125 -0.0871505737304688
-0.078369140625 -0.264495849609375 0.0176658630371094 -0.06903076171875
-0.189773559570313 -0.16912841796875 -0.0120773315429688 -0.0363235473632813
-0.224716186523438 0.00402832031249996 -0.0110054016113281 -0.0177497863769531
-0.157958984375 0.126419067382812 -0.0165557861328125 -0.0315418243408203
-0.0368499755859375 0.203506469726562 -0.0193099975585938 -0.00872802734374998
0.0503082275390625 0.190475463867188 -0.0172233581542969 0.00247383117675782
0.0442352294921875 0.173934936523438 -0.0139741897583008 -0.0102777481079101
0.0465087890625 0.197799682617188 -0.0104160308837891 -0.027984619140625
-0.0210113525390625 0.200836181640625 0.0098114013671875 -0.0307426452636719
-0.13018798828125 0.150527954101563 0.0433921813964844 -0.0542221069335937
-0.189971923828125 0.0549468994140625 0.0824737548828125 -0.02581787109375
-0.177398681640625 -0.13427734375 0.12017822265625 0.0547561645507813
-0.09075927734375 -0.24505615234375 0.0816650390625 0.122817993164062
0.010986328125 -0.24859619140625 0.00276184082031249 0.184463500976562
0.000793457031249994 -0.259841918945313 0.090850830078125 -0.159072875976563
-0.0938720703125 -0.231521606445313 0.013336181640625 -0.108222961425781
-0.17889404296875 -0.1424560546875 -0.00341415405273439 -0.0417366027832031
-0.202117919921875 0.00569152832031253 0.019500732421875 -0.0388603210449219
-0.142578125 0.1109619140625 0.00554656982421875 -0.0758438110351563
-0.0401153564453125 0.182205200195313 -0.0250473022460938 -0.0707778930664063
0.03643798828125 0.17083740234375 -0.0487213134765625 -0.0580940246582031
0.0349273681640625 0.157882690429688 -0.0539512634277344 -0.060028076171875
0.037872314453125 0.180267333984375 -0.0465164184570313 -0.0803985595703125
-0.0197906494140625 0.181472778320312 -0.00850677490234376 -0.0901336669921875
-0.11712646484375 0.13861083984375 0.0394668579101562 -0.10198974609375
-0.172744750976563 0.05987548828125 0.0888214111328125 -0.0581283569335937
-0.173675537109375 -0.113998413085938 0.115188598632812 0.0260086059570312
-0.1082763671875 -0.222930908203125 0.0577850341796875 0.0696983337402344
-0.0188446044921875 -0.240234375 0.0162124633789062 0.0983352661132812
-0.0399017333984375 -0.205459594726563 0.09930419921875 -0.222076416015625
-0.100830078125 -0.1617431640625 0.00808715820312498 -0.141525268554688
-0.142181396484375 -0.0854034423828125 0.00144958496093749 -0.0470199584960938
-0.14239501953125 0.013153076171875 0.0406265258789062 -0.0573272705078125
-0.0982894897460938 0.08148193359375 0.0206451416015625 -0.106880187988281
-0.0315475463867187 0.131912231445313 -0.0296249389648438 -0.117279052734375
0.0191116333007812 0.124923706054687 -0.0723800659179688 -0.105995178222656
0.02093505859375 0.117660522460937 -0.0846023559570313 -0.100807189941406
0.020263671875 0.13623046875 -0.074493408203125 -0.122123718261719
-0.0239105224609375 0.131088256835938 -0.0235061645507812 -0.137527465820313
-0.091766357421875 0.0949630737304688 0.0359115600585938 -0.134185791015625
-0.125068664550781 0.0390167236328125 0.0887908935546875 -0.0767822265625
-0.125694274902344 -0.0833206176757813 0.097137451171875 0.00452423095703124
-0.0921783447265625 -0.162490844726562 0.0280303955078125 0.0214405059814453
-0.0367279052734375 -0.187637329101563 0.0241527557373047 0.0167350769042969
-0.075927734375 -0.123870849609375 0.09503173828125 -0.269271850585938
-0.0945510864257813 -0.0744171142578125 -0.001678466796875 -0.165420532226562
-0.089080810546875 -0.0163040161132812 -0.00334548950195313 -0.0508155822753906
-0.0641937255859375 0.0237617492675781 0.0453262329101562 -0.06695556640625
-0.0381698608398437 0.0431060791015625 0.02423095703125 -0.117599487304687
-0.0150375366210938 0.0633468627929688 -0.0342636108398438 -0.139907836914063
0.000999450683593753 0.0605545043945313 -0.0860824584960937 -0.134193420410156
0.00390625 0.0598258972167969 -0.101799011230469 -0.125541687011719
-0.00170135498046874 0.0721588134765625 -0.0879364013671875 -0.148651123046875
-0.0278701782226563 0.0599098205566406 -0.0273590087890625 -0.16650390625
-0.0552406311035156 0.0324058532714844 0.0381011962890625 -0.145217895507813
-0.0571098327636719 0.00699615478515626 0.086669921875 -0.079132080078125
-0.052825927734375 -0.0429611206054688 0.0756454467773437 -0.00429534912109375
-0.0551071166992188 -0.0760040283203125 0.00470161437988281 -0.0119333267211914
-0.0465774536132813 -0.102806091308594 0.0287590026855469 -0.0446586608886719
-0.09906005859375 -0.02764892578125 0.079193115234375 -0.29705810546875
-0.07415771484375 0.0138473510742188 -0.0183258056640625 -0.181655883789063
-0.0316162109375 0.0478324890136719 -0.0198974609375 -0.0552139282226563
0.0143661499023437 0.0300445556640625 0.0306549072265625 -0.0677566528320313
0.0217380523681641 0.00325775146484375 0.0156631469726562 -0.10687255859375
0.00288581848144531 -0.0109949111938477 -0.0378265380859375 -0.137115478515625
-0.0171880722045898 -0.0108232498168945 -0.0884780883789063 -0.139198303222656
-0.0136756896972656 -0.00587940216064453 -0.103851318359375 -0.131858825683594
-0.0218639373779297 -0.00209236145019531 -0.0850067138671875 -0.15606689453125
-0.0249538421630859 -0.0196399688720703 -0.0204925537109375 -0.17413330078125
-0.0087127685546875 -0.0313396453857422 0.0447311401367187 -0.136161804199219
0.018585205078125 -0.0197734832763672 0.0847015380859375 -0.066192626953125
0.0211906433105469 0.00884056091308594 0.0558128356933594 -0.00103378295898437
-0.0175285339355469 0.0230960845947266 -0.00837135314941406 -0.0263576507568359
-0.0557632446289063 -0.00101089477539061 0.0291595458984375 -0.0772857666015625
0.0636138916015625 -0.103218078613281 0.00742340087890626 0.079193115234375
-0.0251007080078125 -0.127006530761719 0.0183773040771484 0.0186862945556641
-0.0969696044921875 -0.0558547973632813 -0.0434303283691406 -0.01739501953125
-0.0900421142578125 0.0380783081054688 -0.0829238891601563 0.0469436645507813
-0.0437240600585937 0.0766067504882813 -0.052093505859375 0.105545043945313
0.0195388793945313 0.0860214233398438 0.023406982421875 0.151626586914063
0.0523529052734375 0.0752944946289062 0.08740234375 0.145599365234375
0.0371017456054688 0.0706329345703125 0.0981521606445313 0.11639404296875
0.0340499877929688 0.0815277099609375 0.0794601440429688 0.117088317871094
-0.0129013061523437 0.0863418579101562 0.0352401733398438 0.124610900878906
-0.0638236999511719 0.0508155822753906 0.0104141235351562 0.0835494995117188
-0.0786666870117188 -0.012847900390625 0.00787734985351561 0.0552597045898438
-0.0322341918945313 -0.0836029052734375 0.043548583984375 0.0925369262695313
0.0427703857421875 -0.0953750610351563 0.0597991943359375 0.192642211914062
0.0828018188476563 -0.054107666015625 -0.076263427734375 0.317108154296875
0.06292724609375 -0.192962646484375 0.0213546752929688 0.0442008972167969
-0.0501708984375 -0.201034545898437 0.0185890197753906 0.00296974182128905
-0.148025512695313 -0.111419677734375 -0.0319538116455078 -0.0235633850097656
-0.157135009765625 0.0300140380859375 -0.0668601989746094 0.0260047912597656
-0.0956039428710938 0.110359191894531 -0.05078125 0.0664253234863281
0.00312805175781251 0.149154663085938 0.00576019287109374 0.113548278808594
0.0642013549804688 0.134574890136719 0.0579605102539063 0.115036010742188
0.0493698120117187 0.124748229980469 0.0697479248046875 0.0867385864257813
0.047027587890625 0.143020629882813 0.0581588745117188 0.07958984375
-0.01715087890625 0.146408081054688 0.03302001953125 0.0861129760742188
-0.100624084472656 0.0977401733398437 0.0259742736816406 0.0462150573730469
-0.134605407714844 0.00967407226562498 0.0361747741699219 0.0347137451171875
-0.0920333862304687 -0.119186401367188 0.0786895751953125 0.0891189575195313
-0.00303649902343751 -0.173309326171875 0.0812835693359375 0.186614990234375
0.067138671875 -0.146133422851562 -0.04486083984375 0.302703857421875
0.052398681640625 -0.256942749023438 0.0407028198242188 -0.0126266479492188
-0.070159912109375 -0.251129150390625 0.0159816741943359 -0.0261974334716797
-0.182113647460937 -0.152938842773438 -0.0224685668945313 -0.0283260345458984
-0.205810546875 0.0180206298828125 -0.0427818298339844 0.00551223754882812
-0.136322021484375 0.129310607910156 -0.0392799377441406 0.0206718444824219
-0.015380859375 0.191192626953125 -0.00986099243164063 0.0599708557128906
0.06524658203125 0.1751708984375 0.0211143493652344 0.0666275024414063
0.0538787841796875 0.160720825195313 0.03021240234375 0.044097900390625
0.05523681640625 0.1834716796875 0.0255088806152344 0.0307846069335938
-0.0159454345703125 0.188323974609375 0.0245113372802734 0.0330390930175781
-0.121253967285156 0.137588500976563 0.0360336303710937 -0.00145339965820312
-0.175048828125 0.039031982421875 0.0615386962890625 0.00569534301757813
-0.149490356445313 -0.135391235351562 0.10675048828125 0.0741806030273437
-0.0577545166015625 -0.22723388671875 0.091064453125 0.161422729492188
0.037139892578125 -0.21783447265625 -0.015380859375 0.255752563476563
0.029541015625 -0.282257080078125 0.061859130859375 -0.08392333984375
-0.0877227783203125 -0.263153076171875 0.0120964050292969 -0.065399169921875
-0.197052001953125 -0.164230346679688 -0.0141181945800781 -0.0337352752685547
-0.22625732421875 0.0106048583984375 -0.0134592056274414 -0.0155496597290039
-0.15362548828125 0.1322021484375 -0.0204353332519531 -0.0280342102050781
-0.029754638671875 0.205108642578125 -0.0213737487792969 -0.00362205505371093
0.0579986572265625 0.188980102539063 -0.0168333053588867 0.00734806060791017
0.0512237548828125 0.172897338867188 -0.0139875411987305 -0.00555896759033202
0.055450439453125 0.197113037109375 -0.0133705139160156 -0.0232925415039062
-0.0134124755859375 0.203414916992188 0.00723838806152343 -0.0274486541748047
-0.126296997070313 0.157638549804688 0.0380096435546875 -0.0544052124023438
-0.19171142578125 0.062744140625 0.0776901245117187 -0.02923583984375
-0.185394287109375 -0.131393432617187 0.118896484375 0.04833984375
-0.102325439453125 -0.246734619140625 0.08251953125 0.117965698242188
0.00341796874999997 -0.254196166992188 0.00607299804687498 0.180953979492187
-0.00408935546875 -0.263702392578125 0.07879638671875 -0.159759521484375
-0.100814819335937 -0.232162475585938 0.00622558593750001 -0.106697082519531
-0.1864013671875 -0.14019775390625 -0.00668334960937501 -0.0396461486816406
-0.205535888671875 0.0106964111328125 0.0156517028808594 -0.0373420715332031
-0.141036987304688 0.117050170898437 0.000259399414062485 -0.0732650756835937
-0.0348052978515625 0.18572998046875 -0.0290451049804688 -0.0657539367675781
0.043243408203125 0.171630859375 -0.0502815246582031 -0.0519332885742187
0.0407562255859375 0.158279418945313 -0.0552711486816406 -0.0545463562011719
0.0450439453125 0.181610107421875 -0.0512313842773437 -0.074676513671875
-0.014495849609375 0.185134887695312 -0.0130538940429687 -0.0860748291015625
-0.115234375 0.14495849609375 0.0324859619140625 -0.101844787597656
-0.17510986328125 0.06500244140625 0.083099365234375 -0.0615386962890625
-0.180374145507813 -0.113143920898437 0.112831115722656 0.0200958251953125
-0.117050170898437 -0.224746704101563 0.056304931640625 0.0652809143066406
-0.0228424072265625 -0.244720458984375 0.017059326171875 0.0932846069335938
-0.0407562255859375 -0.208175659179688 0.0874786376953125 -0.22607421875
-0.103530883789062 -0.163787841796875 0.00021362304687498 -0.142303466796875
-0.146759033203125 -0.0867767333984375 -0.00230026245117189 -0.0455245971679688
-0.147369384765625 0.015350341796875 0.0359725952148437 -0.0563621520996094
-0.0990829467773438 0.0858535766601562 0.0147476196289062 -0.105270385742188
-0.0289382934570313 0.136001586914062 -0.0349578857421875 -0.113349914550781
0.0229339599609375 0.127876281738281 -0.075714111328125 -0.100631713867187
0.023681640625 0.119667053222656 -0.0873641967773438 -0.09466552734375
0.0250244140625 0.139122009277344 -0.0798721313476563 -0.116058349609375
-0.0201797485351563 0.136283874511719 -0.02978515625 -0.133407592773438
-0.0924224853515625 0.100135803222656 0.0284194946289062 -0.134300231933594
-0.128128051757812 0.04156494140625 0.0826568603515625 -0.0795745849609375
-0.130950927734375 -0.0843658447265625 0.0940399169921875 2.28881835937448E-05
-0.0962066650390625 -0.16583251953125 0.0255279541015625 0.0179214477539062
-0.0367279052734375 -0.191177368164063 0.0242252349853516 0.00968551635742186
-0.07293701171875 -0.123664855957031 0.0843658447265625 -0.27484130859375
-0.092437744140625 -0.0761337280273437 -0.009033203125 -0.167129516601563
-0.090789794921875 -0.0194931030273437 -0.00671768188476563 -0.0505447387695313
-0.0676345825195313 0.0217056274414063 0.040557861328125 -0.0668411254882813
-0.0409049987792969 0.0446815490722656 0.0188217163085938 -0.116554260253906
-0.0159645080566406 0.0672378540039063 -0.0388946533203125 -0.137123107910156
0.00220870971679687 0.0652008056640625 -0.0901870727539063 -0.129829406738281
0.00411987304687499 0.0638389587402344 -0.105926513671875 -0.120834350585937
0.000381469726562502 0.0767135620117188 -0.094146728515625 -0.143310546875
-0.0280914306640625 0.0656204223632813 -0.0347137451171875 -0.163116455078125
-0.0588798522949219 0.0366554260253906 0.0311431884765625 -0.145721435546875
-0.0616416931152344 0.0074615478515625 0.0818634033203125 -0.08123779296875
-0.0558891296386719 -0.0470428466796875 0.0728073120117188 -0.00710296630859375
-0.0547637939453125 -0.0799179077148438 0.0021209716796875 -0.0153694152832031
-0.0435638427734375 -0.10455322265625 0.028778076171875 -0.0527153015136719
-0.0930862426757813 -0.0244216918945313 0.06890869140625 -0.303314208984375
-0.0689430236816406 0.0126953125 -0.0247650146484375 -0.183700561523438
-0.0282325744628906 0.0439186096191406 -0.0229377746582031 -0.0543212890625
0.0123004913330078 0.0253810882568359 0.0273780822753906 -0.0672950744628906
0.0176620483398438 0.000904083251953125 0.0124740600585937 -0.106658935546875
-0.00123453140258789 -0.00822830200195312 -0.0415191650390625 -0.135597229003906
-0.0192146301269531 -0.00586128234863282 -0.0933151245117187 -0.136581420898438
-0.0155363082885742 -0.00181293487548828 -0.108039855957031 -0.127899169921875
-0.0233631134033203 0.00310134887695313 -0.0914459228515625 -0.151962280273438
-0.0284709930419922 -0.0135898590087891 -0.028106689453125 -0.173004150390625
-0.0152206420898437 -0.0284042358398438 0.0385818481445313 -0.137687683105469
0.0128593444824219 -0.0218162536621094 0.0810317993164063 -0.0689163208007813
0.02020263671875 0.00255775451660156 0.0540885925292969 -0.00354766845703125
-0.0135059356689453 0.0183372497558594 -0.00959968566894531 -0.0301322937011719
-0.04913330078125 -0.00212478637695313 0.029937744140625 -0.08642578125
0.0587310791015625 -0.102737426757813 0.00377655029296876 0.088409423828125
-0.029632568359375 -0.122505187988281 0.0177497863769531 0.0233917236328125
-0.0970230102539063 -0.0516204833984375 -0.0426483154296875 -0.0158576965332031
-0.085540771484375 0.0398406982421875 -0.0826263427734375 0.0484085083007813
-0.04010009765625 0.0760879516601563 -0.0509719848632812 0.107177734375
0.0223617553710938 0.0829315185546875 0.026092529296875 0.153411865234375
0.0550918579101563 0.0708847045898438 0.09039306640625 0.146942138671875
0.0401763916015625 0.067718505859375 0.100547790527344 0.117897033691406
0.0375213623046875 0.0783767700195313 0.081634521484375 0.118560791015625
-0.00812530517578124 0.0856552124023438 0.03680419921875 0.127067565917969
-0.0605735778808594 0.0535011291503906 0.0100936889648438 0.084930419921875
-0.0789947509765625 -0.00857543945312501 0.00735855102539062 0.0552406311035156
-0.035980224609375 -0.0809783935546875 0.0465850830078125 0.0918121337890625
0.0365219116210937 -0.0970001220703125 0.0619659423828125 0.1951904296875
0.0773239135742188 -0.0582275390625 -0.075897216796875 0.323516845703125
0.05859375 -0.195465087890625 0.015869140625 0.0526161193847656
-0.0551605224609375 -0.19866943359375 0.0169887542724609 0.00757789611816405
-0.149520874023438 -0.108047485351562 -0.0319538116455078 -0.0215244293212891
-0.1556396484375 0.032684326171875 -0.0674896240234375 0.0277671813964844
-0.0926361083984375 0.111564636230469 -0.0510978698730469 0.0688896179199219
0.00616455078125001 0.148391723632813 0.0068511962890625 0.116386413574219
0.0678939819335937 0.132102966308594 0.0603408813476563 0.117439270019531
0.0528564453125 0.1236572265625 0.0716400146484375 0.0889892578125
0.0519866943359375 0.141860961914063 0.0590591430664063 0.0826492309570313
-0.0124969482421875 0.148208618164063 0.0345840454101563 0.0887985229492188
-0.0980224609375 0.102439880371094 0.0244941711425781 0.0470466613769531
-0.136741638183594 0.0135498046875 0.0345993041992187 0.0341835021972656
-0.0979080200195313 -0.118240356445312 0.080169677734375 0.0871810913085937
-0.0108795166015625 -0.176956176757813 0.0827789306640625 0.187469482421875
0.062744140625 -0.152801513671875 -0.044525146484375 0.3074951171875
0.0490570068359375 -0.261489868164062 0.0348911285400391 -0.00642585754394533
-0.0753326416015625 -0.250732421875 0.013763427734375 -0.0223712921142578
-0.186477661132812 -0.151275634765625 -0.022542953491211 -0.0262203216552734
-0.207656860351563 0.0203857421875 -0.0440254211425781 0.00751113891601563
-0.134300231933594 0.132377624511719 -0.0407371520996094 0.0240287780761719
-0.0123443603515625 0.192794799804688 -0.00963592529296874 0.0637397766113281
0.07037353515625 0.17437744140625 0.0230865478515625 0.0704193115234375
0.058624267578125 0.161453247070312 0.0319328308105469 0.0475654602050781
0.06085205078125 0.183914184570313 0.0251731872558594 0.0348663330078125
-0.011077880859375 0.191619873046875 0.0248489379882812 0.0359992980957031
-0.120651245117188 0.143661499023437 0.0339603424072266 -0.00102996826171874
-0.178741455078125 0.043243408203125 0.0584487915039062 0.00432586669921875
-0.156723022460938 -0.135589599609375 0.107421875 0.0717010498046875
-0.0653076171875 -0.232406616210938 0.0916595458984375 0.161468505859375
0.0340576171875 -0.2252197265625 -0.015777587890625 0.258102416992188
0.027313232421875 -0.2880859375 0.0557479858398438 -0.0809402465820313
-0.0928192138671875 -0.26611328125 0.00894546508789061 -0.0627784729003906
-0.204116821289063 -0.1646728515625 -0.0151691436767578 -0.0317401885986328
-0.230316162109375 0.01348876953125 -0.0159587860107422 -0.0136947631835937
-0.15380859375 0.136016845703125 -0.0225543975830078 -0.0253734588623047
-0.0278472900390625 0.208816528320313 -0.0224876403808594 0.000486373901367201
0.06207275390625 0.190200805664063 -0.0156364440917969 0.0115499496459961
0.0551910400390625 0.175140380859375 -0.0131893157958984 -0.00175857543945311
0.060516357421875 0.199615478515625 -0.0147876739501953 -0.0186042785644531
-0.00894165039062502 0.2076416015625 0.00597572326660156 -0.0241355895996094
-0.126419067382813 0.163803100585938 0.0343017578125 -0.0546073913574219
-0.196197509765625 0.0659332275390625 0.0739669799804688 -0.0308685302734375
-0.193130493164063 -0.133438110351562 0.118141174316406 0.0451507568359375
-0.109527587890625 -0.25274658203125 0.0817718505859375 0.116706848144531
0.0013580322265625 -0.26202392578125 0.00563049316406252 0.18133544921875
-0.00411987304687502 -0.27081298828125 0.07293701171875 -0.159332275390625
-0.104339599609375 -0.237228393554688 0.00247955322265624 -0.105316162109375
-0.193283081054688 -0.143463134765625 -0.00791168212890626 -0.0381698608398438
-0.21234130859375 0.0124053955078125 0.0131149291992187 -0.03607177734375
-0.142562866210938 0.121078491210937 -0.00331878662109376 -0.0716934204101562
-0.034271240234375 0.191055297851563 -0.0312156677246094 -0.0625190734863281
0.0465850830078125 0.1748046875 -0.0505828857421875 -0.0482292175292969
0.043792724609375 0.161895751953125 -0.0559349060058594 -0.0509147644042969
0.04913330078125 0.185287475585938 -0.05389404296875 -0.0706787109375
-0.011505126953125 0.190505981445313 -0.016082763671875 -0.0834121704101562
-0.1170654296875 0.15118408203125 0.0291824340820312 -0.102073669433594
-0.179702758789063 0.0675048828125 0.0796966552734375 -0.0625076293945313
-0.18701171875 -0.11651611328125 0.111129760742187 0.017425537109375
-0.122329711914063 -0.23101806640625 0.0543441772460937 0.0637245178222656
-0.02294921875 -0.252227783203125 0.0170135498046875 0.0900726318359375
-0.03802490234375 -0.213592529296875 0.0823516845703125 -0.228836059570312
-0.103988647460938 -0.169143676757812 -0.00410461425781252 -0.143356323242188
-0.152679443359375 -0.091552734375 -0.00413513183593751 -0.0453147888183594
-0.154037475585938 0.01507568359375 0.0334281921386719 -0.0558395385742188
-0.102058410644531 0.0886764526367188 0.0111083984375 -0.104209899902344
-0.0293731689453125 0.141265869140625 -0.0373458862304688 -0.111068725585937
0.0255355834960937 0.131752014160156 -0.0769577026367188 -0.0981369018554687
0.025726318359375 0.123893737792969 -0.0887374877929688 -0.0916595458984375
0.02789306640625 0.143936157226563 -0.083343505859375 -0.113136291503906
-0.0200653076171875 0.141693115234375 -0.032958984375 -0.131523132324219
-0.0957107543945312 0.105751037597656 0.0250167846679687 -0.13470458984375
-0.133369445800781 0.0430755615234375 0.0796432495117187 -0.0813674926757813
-0.135841369628906 -0.0893478393554688 0.0919570922851562 -0.00153350830078126
-0.0990753173828125 -0.171798706054687 0.0232028961181641 0.0154533386230469
-0.0351409912109375 -0.197372436523438 0.0237808227539063 0.00432395935058593
-0.069000244140625 -0.127342224121094 0.080596923828125 -0.281280517578125
-0.0907516479492188 -0.0812225341796875 -0.0133209228515625 -0.170700073242187
-0.092620849609375 -0.024078369140625 -0.00875091552734375 -0.0506095886230469
-0.073333740234375 0.019866943359375 0.0381546020507812 -0.0666961669921875
-0.0447921752929688 0.0457344055175781 0.016387939453125 -0.116241455078125
-0.0179519653320313 0.0719223022460938 -0.0415802001953125 -0.136543273925781
0.00217056274414062 0.0693817138671875 -0.0922012329101563 -0.129585266113281
0.00421142578124999 0.0675239562988281 -0.1080322265625 -0.119110107421875
0.000946044921875003 0.0815353393554688 -0.098052978515625 -0.140792846679688
-0.0287933349609375 0.0711288452148437 -0.0388031005859375 -0.16241455078125
-0.0631523132324219 0.0407676696777344 0.02813720703125 -0.147171020507813
-0.0666046142578125 0.00721359252929687 0.07977294921875 -0.0830078125
-0.0592041015625 -0.0523185729980469 0.070526123046875 -0.00753021240234375
-0.0552825927734375 -0.086029052734375 0.000139236450195311 -0.0181503295898438
-0.039825439453125 -0.109405517578125 0.0295372009277344 -0.0611801147460938
-0.0884933471679688 -0.0246353149414062 0.0665283203125 -0.3109130859375
-0.0649681091308594 0.0101547241210937 -0.0285797119140625 -0.187774658203125
-0.0270538330078125 0.0397567749023438 -0.0245513916015625 -0.0545196533203125
0.0100231170654297 0.0218753814697266 0.026031494140625 -0.067474365234375
0.0142183303833008 0.000172615051269531 0.0110626220703125 -0.107032775878906
-0.00455522537231445 -0.0051422119140625 -0.0431365966796875 -0.135993957519531
-0.0205497741699219 -0.00198745727539062 -0.0951080322265625 -0.137222290039063
-0.0165138244628906 0.00171375274658203 -0.11029052734375 -0.128250122070313
-0.0242347717285156 0.00740623474121094 -0.0948638916015625 -0.152130126953125
-0.0307407379150391 -0.00890350341796875 -0.03228759765625 -0.173629760742188
-0.0199337005615234 -0.0260505676269531 0.0359039306640625 -0.139495849609375
0.00836563110351562 -0.0234813690185547 0.0798110961914063 -0.0706329345703125
0.0186920166015625 -0.00232887268066406 0.0530738830566406 -0.00442123413085938
-0.0114936828613281 0.0133447647094727 -0.0111503601074219 -0.0336170196533203
-0.044158935546875 -0.00453948974609375 0.0314102172851563 -0.0960693359375
0.0567245483398438 -0.104171752929688 8.39233398437465E-05 0.10015869140625
-0.032745361328125 -0.121238708496094 0.0178813934326172 0.0291175842285156
-0.0976715087890625 -0.0498580932617187 -0.0428962707519531 -0.0148353576660156
-0.0842819213867188 0.0413970947265625 -0.0852127075195313 0.0506820678710938
-0.0382537841796875 0.0772171020507813 -0.0520553588867188 0.110931396484375
0.02471923828125 0.0824127197265625 0.0284576416015625 0.1583251953125
0.0580482482910156 0.0691261291503906 0.0952606201171875 0.151840209960938
0.0430107116699219 0.0663490295410156 0.1046142578125 0.122230529785156
0.0415115356445313 0.0771865844726563 0.0849227905273438 0.124046325683594
-0.00382995605468749 0.0871124267578125 0.0401535034179687 0.131614685058594
-0.0593719482421875 0.0571479797363281 0.0104217529296875 0.0875930786132813
-0.0810012817382813 -0.00584411621093749 0.00690078735351562 0.0572891235351562
-0.0397796630859375 -0.0803680419921875 0.0498199462890625 0.09381103515625
0.0326919555664063 -0.099334716796875 0.0648040771484375 0.201751708984375
0.074737548828125 -0.0626296997070313 -0.078094482421875 0.33734130859375
0.057342529296875 -0.201797485351563 0.0114593505859375 0.0629844665527344
-0.0601348876953125 -0.201065063476563 0.0157537460327148 0.012791633605957
-0.154541015625 -0.1087646484375 -0.0320587158203125 -0.0204105377197266
-0.157913208007812 0.034576416015625 -0.0695114135742188 0.0302314758300781
-0.0926589965820313 0.115020751953125 -0.0527725219726562 0.07318115234375
0.00833129882812499 0.151046752929688 0.00739288330078125 0.122215270996094
0.072296142578125 0.133544921875 0.0644912719726563 0.123527526855469
0.0570068359375 0.12530517578125 0.075103759765625 0.0936813354492188
0.05712890625 0.144058227539063 0.0612106323242188 0.08782958984375
-0.00833129882812498 0.152908325195313 0.0369110107421875 0.094024658203125
-0.0988388061523438 0.10906982421875 0.0240097045898437 0.0494308471679688
-0.142593383789063 0.0175323486328125 0.0336208343505859 0.0349349975585938
-0.105606079101563 -0.120948791503906 0.0830612182617188 0.088165283203125
-0.017181396484375 -0.183837890625 0.08563232421875 0.193328857421875
0.0601654052734375 -0.161575317382813 -0.0465087890625 0.3193359375
0.0484161376953125 -0.272125244140625 0.0300369262695313 -0.000331878662109392
-0.0809783935546875 -0.257247924804688 0.0117149353027344 -0.0186634063720703
-0.194549560546875 -0.153610229492188 -0.0234184265136719 -0.0253391265869141
-0.214141845703125 0.02288818359375 -0.0464439392089844 0.00974655151367187
-0.136817932128906 0.137161254882813 -0.0431938171386719 0.0272636413574219
-0.0106658935546875 0.198654174804688 -0.00970458984375 0.0686111450195313
0.074615478515625 0.178329467773438 0.0255966186523438 0.07568359375
0.0625152587890625 0.164901733398438 0.0338058471679688 0.0517539978027344
0.066680908203125 0.189300537109375 0.0261726379394531 0.0397148132324219
-0.00750732421875 0.199676513671875 0.0255241394042969 0.03985595703125
-0.123458862304688 0.151748657226562 0.0325241088867187 -0.000185012817382803
-0.18731689453125 0.04736328125 0.0575065612792969 0.0043487548828125
-0.166702270507812 -0.140655517578125 0.109184265136719 0.0711898803710937
-0.0739288330078125 -0.242538452148438 0.093536376953125 0.16558837890625
0.0323944091796875 -0.237503051757813 -0.0172271728515625 0.266616821289063
0.0277099609375 -0.301513671875 0.0509796142578125 -0.078826904296875
-0.09906005859375 -0.275405883789063 0.00586318969726561 -0.0615081787109375
-0.21429443359375 -0.17010498046875 -0.0156745910644531 -0.0309524536132813
-0.2398681640625 0.0152435302734375 -0.0179538726806641 -0.0123538970947266
-0.158645629882813 0.142379760742187 -0.025482177734375 -0.023386001586914
-0.026763916015625 0.2176513671875 -0.0238914489746094 0.00423812866210939
0.0674285888671875 0.195877075195313 -0.0151004791259766 0.0156126022338867
0.0590667724609375 0.18121337890625 -0.0129194259643555 0.0018758773803711
0.0665435791015625 0.206680297851563 -0.0164060592651367 -0.0155229568481445
-0.00621032714843752 0.217514038085938 0.006072998046875 -0.022195816040039
-0.129974365234375 0.173782348632813 0.0325584411621094 -0.0550308227539062
-0.205429077148438 0.0704498291015625 0.0726852416992187 -0.0321807861328125
-0.204574584960938 -0.13922119140625 0.119621276855469 0.0448989868164062
-0.118438720703125 -0.264556884765625 0.0815963745117187 0.118545532226562
0.000900268554687486 -0.275634765625 0.004241943359375 0.185134887695312
-0.00259399414062502 -0.284332275390625 0.06915283203125 -0.162582397460938
-0.109512329101563 -0.247589111328125 -0.00094604492187501 -0.107933044433594
-0.203994750976563 -0.150039672851563 -0.00988388061523438 -0.0380935668945313
-0.222824096679688 0.0140380859375 0.011444091796875 -0.0355796813964844
-0.149063110351562 0.127731323242188 -0.00585937500000001 -0.0710601806640625
-0.033935546875 0.200088500976563 -0.0337753295898438 -0.0606651306152344
0.050750732421875 0.182205200195313 -0.0515098571777344 -0.046295166015625
0.0476531982421875 0.169113159179688 -0.0574226379394531 -0.0489501953125
0.0542755126953125 0.193710327148437 -0.05706787109375 -0.0685577392578125
-0.00968933105468748 0.200424194335938 -0.0176162719726563 -0.0826950073242187
-0.122039794921875 0.160964965820313 0.0267181396484375 -0.104728698730469
-0.189422607421875 0.071441650390625 0.0781784057617187 -0.0647811889648438
-0.19805908203125 -0.123001098632812 0.110885620117187 0.0169143676757812
-0.130630493164063 -0.242874145507812 0.053619384765625 0.0642662048339844
-0.0227508544921875 -0.265228271484375 0.0159759521484375 0.08905029296875
-0.03570556640625 -0.225112915039063 0.0794677734375 -0.237258911132812
-0.107086181640625 -0.180404663085937 -0.00804138183593752 -0.149078369140625
-0.161895751953125 -0.0976715087890625 -0.00611114501953126 -0.0460662841796875
-0.163604736328125 0.01568603515625 0.0326385498046875 -0.0559120178222656
-0.108207702636719 0.0934906005859375 0.00955963134765625 -0.105308532714844
-0.0308074951171875 0.150405883789062 -0.039825439453125 -0.111480712890625
0.0278396606445312 0.139297485351563 -0.0794296264648438 -0.0994873046875
0.0276870727539062 0.130607604980469 -0.091400146484375 -0.091827392578125
0.0303955078125 0.151870727539063 -0.08795166015625 -0.113121032714844
-0.0194549560546875 0.150726318359375 -0.036102294921875 -0.133415222167969
-0.101486206054687 0.113494873046875 0.0229568481445312 -0.137992858886719
-0.142578125 0.045318603515625 0.0792083740234375 -0.083740234375
-0.144729614257813 -0.09625244140625 0.0915451049804687 -0.00222778320312501
-0.104339599609375 -0.182113647460937 0.0206375122070312 0.0138320922851562
-0.0327911376953125 -0.208465576171875 0.0234909057617188 -0.00219154357910158
-0.0660858154296875 -0.135200500488281 0.0799560546875 -0.29327392578125
-0.0915069580078125 -0.088836669921875 -0.0169830322265625 -0.178115844726562
-0.0979461669921875 -0.029327392578125 -0.010406494140625 -0.0528717041015625
-0.080230712890625 0.0192337036132812 0.0379447937011719 -0.0687332153320312
-0.0489768981933594 0.0484542846679688 0.01495361328125 -0.118843078613281
-0.020355224609375 0.0782012939453125 -0.0435867309570313 -0.139183044433594
0.00280761718750001 0.0753250122070313 -0.0956802368164062 -0.131904602050781
0.00520324707031251 0.073944091796875 -0.111831665039063 -0.121414184570312
0.0018463134765625 0.08782958984375 -0.103103637695313 -0.143218994140625
-0.0301055908203125 0.0780715942382813 -0.04241943359375 -0.165481567382813
-0.0689468383789063 0.0459442138671875 0.026123046875 -0.151519775390625
-0.0735397338867188 0.00694274902343751 0.07989501953125 -0.0860977172851562
-0.0646095275878906 -0.0588188171386719 0.0706787109375 -0.00855255126953125
-0.0572738647460938 -0.0937881469726562 -0.002166748046875 -0.0207672119140625
-0.03668212890625 -0.1173095703125 0.0301895141601563 -0.0697212219238281
-0.0854110717773437 -0.0266647338867188 0.06805419921875 -0.32464599609375
-0.0638465881347656 0.00692749023437499 -0.0313568115234375 -0.19732666015625
-0.0276145935058594 0.0373764038085937 -0.0269241333007813 -0.0565452575683594
0.00701713562011719 0.0202426910400391 0.0258102416992187 -0.0688400268554688
0.0118932723999023 -0.000688552856445313 0.0106582641601563 -0.109535217285156
-0.0064692497253418 -0.00259590148925781 -0.0448837280273437 -0.140296936035156
-0.0219669342041016 0.00158119201660157 -0.09881591796875 -0.142410278320313
-0.0181121826171875 0.004608154296875 -0.114639282226563 -0.132308959960937
-0.0251560211181641 0.0110626220703125 -0.0991363525390625 -0.15643310546875
-0.0337371826171875 -0.00437736511230469 -0.0357818603515625 -0.178024291992188
-0.0244216918945312 -0.0239028930664063 0.03521728515625 -0.144256591796875
0.00501441955566406 -0.0248966217041016 0.0812530517578125 -0.0742645263671875
0.0168733596801758 -0.00714969635009765 0.0534820556640625 -0.004852294921875
-0.00974369049072265 0.00902748107910156 -0.0125541687011719 -0.037841796875
-0.0402030944824219 -0.00771331787109375 0.033477783203125 -0.108062744140625
0.0534515380859375 -0.108161926269531 -0.000534057617187508 0.114463806152344
-0.0391998291015625 -0.121665954589844 0.0185661315917969 0.0357551574707031
-0.101608276367188 -0.0473175048828125 -0.0443954467773438 -0.01336669921875
-0.0838165283203125 0.0442733764648437 -0.0872726440429688 0.055206298828125
-0.0358734130859375 0.0802001953125 -0.0516586303710938 0.117698669433594
0.0288162231445312 0.082855224609375 0.0340118408203125 0.165802001953125
0.0626564025878906 0.0673561096191406 0.104171752929687 0.158340454101563
0.0480613708496094 0.0654754638671875 0.113128662109375 0.127197265625
0.04754638671875 0.0771865844726563 0.091949462890625 0.129280090332031
0.000984191894531258 0.0900650024414063 0.0457916259765625 0.138786315917969
-0.0580482482910156 0.0620040893554687 0.0118408203125 0.0929336547851563
-0.0842437744140625 -0.00182342529296874 0.00732040405273438 0.06011962890625
-0.0455856323242187 -0.0806198120117188 0.0543289184570313 0.0959091186523438
0.026611328125 -0.104164123535156 0.0723114013671875 0.2113037109375
0.0717849731445313 -0.0689620971679688 -0.075775146484375 0.35919189453125
0.053314208984375 -0.212753295898438 0.00879669189453125 0.07489013671875
-0.069549560546875 -0.2060546875 0.0156917572021484 0.01800537109375
-0.163589477539063 -0.108383178710938 -0.0334796905517578 -0.0193233489990234
-0.16339111328125 0.0395355224609375 -0.0727615356445313 0.0338287353515625
-0.0934066772460937 0.1219482421875 -0.0546188354492188 0.0785598754882813
0.0134124755859375 0.156524658203125 0.0114974975585938 0.129920959472656
0.0793304443359375 0.135772705078125 0.0716094970703125 0.129898071289063
0.0638504028320313 0.128005981445313 0.0812530517578125 0.0992813110351563
0.065093994140625 0.147415161132813 0.0665512084960937 0.0938491821289063
-0.001678466796875 0.160476684570313 0.0414657592773438 0.0994949340820313
-0.0994720458984375 0.118911743164063 0.02484130859375 0.0521049499511719
-0.150253295898438 0.0239715576171875 0.0334663391113281 0.0365104675292969
-0.116889953613281 -0.123359680175781 0.08843994140625 0.0893936157226562
-0.027496337890625 -0.194229125976562 0.092926025390625 0.201248168945313
0.056182861328125 -0.174285888671875 -0.043609619140625 0.33837890625
0.043304443359375 -0.288299560546875 0.0260047912597656 0.00710296630859373
-0.093170166015625 -0.266815185546875 0.00959110260009765 -0.0157794952392578
-0.209060668945313 -0.156845092773437 -0.0249671936035156 -0.0242462158203125
-0.224578857421875 0.0289154052734375 -0.0490684509277344 0.0124664306640625
-0.140518188476563 0.147125244140625 -0.0457725524902344 0.0313949584960938
-0.00628662109375001 0.208969116210938 -0.00926208496093751 0.0753555297851563
0.0836029052734375 0.184005737304688 0.0304641723632813 0.0814285278320313
0.0706939697265625 0.172042846679688 0.0375328063964844 0.0569076538085938
0.077392578125 0.19647216796875 0.027435302734375 0.0446243286132813
-9.15527343750212E-05 0.210556030273438 0.0286941528320313 0.0437240600585938
-0.125076293945313 0.16619873046875 0.0320682525634765 0.000112533569335948
-0.197967529296875 0.0565948486328125 0.0571632385253906 0.00408935546875
-0.182708740234375 -0.144256591796875 0.114425659179688 0.0713119506835938
-0.0886383056640625 -0.254714965820313 0.0995635986328125 0.171279907226563
0.02679443359375 -0.254714965820313 -0.01422119140625 0.2813720703125
0.023345947265625 -0.321014404296875 0.0459747314453125 -0.0781784057617188
-0.11090087890625 -0.288116455078125 0.00251388549804687 -0.0613174438476563
-0.232452392578125 -0.17449951171875 -0.018117904663086 -0.0308895111083984
-0.253890991210938 0.022491455078125 -0.019866943359375 -0.0103340148925781
-0.164276123046875 0.154693603515625 -0.0288238525390625 -0.0213088989257812
-0.022216796875 0.230667114257813 -0.0251121520996094 0.00852012634277345
0.0756988525390625 0.20440673828125 -0.0137691497802734 0.0194549560546875
0.0679779052734375 0.189895629882813 -0.0128145217895508 0.00538635253906251
0.07672119140625 0.216690063476563 -0.0178775787353516 -0.0116329193115234
0.000579833984375019 0.23101806640625 0.00582122802734375 -0.0207405090332031
-0.134170532226562 0.188796997070313 0.0303306579589844 -0.0574378967285156
-0.217864990234375 0.080352783203125 0.071746826171875 -0.0345840454101562
-0.2230224609375 -0.143661499023438 0.123725891113281 0.0434722900390625
-0.1353759765625 -0.278091430664063 0.085662841796875 0.121818542480469
-0.00509643554687502 -0.294677734375 0.006378173828125 0.193084716796875
-0.00726318359375002 -0.304107666015625 0.064453125 -0.16912841796875
-0.120956420898438 -0.261871337890625 -0.0067901611328125 -0.111618041992188
-0.222061157226563 -0.154571533203125 -0.01251220703125 -0.039825439453125
-0.2384033203125 0.0204620361328124 0.00917053222656249 -0.0357170104980469
-0.155853271484375 0.139312744140625 -0.00931549072265626 -0.0715255737304688
-0.0310211181640625 0.214675903320312 -0.0371475219726562 -0.0593681335449219
0.05859375 0.192123413085938 -0.0545654296875 -0.0449562072753906
0.0548095703125 0.178955078125 -0.0604438781738281 -0.0469169616699219
0.0634307861328125 0.204330444335938 -0.0618972778320312 -0.0668487548828125
-0.00444030761718749 0.213653564453125 -0.02056884765625 -0.0848007202148438
-0.126052856445313 0.175582885742188 0.0236892700195312 -0.109321594238281
-0.201889038085938 0.07989501953125 0.0771255493164062 -0.0689315795898437
-0.215682983398438 -0.127670288085938 0.114501953125 0.0152206420898437
-0.146316528320313 -0.255645751953125 0.0538902282714844 0.0648117065429687
-0.026641845703125 -0.28387451171875 0.0168838500976562 0.0894012451171875
-0.0394744873046875 -0.241806030273438 0.0748138427734375 -0.251007080078125
-0.116363525390625 -0.1917724609375 -0.015289306640625 -0.156661987304687
-0.1756591796875 -0.102920532226563 -0.00934219360351564 -0.048095703125
-0.177444458007813 0.0206146240234375 0.0308609008789062 -0.0587120056152344
-0.115219116210938 0.102241516113281 0.00620269775390624 -0.108261108398438
-0.0297393798828125 0.1630859375 -0.0448989868164062 -0.113899230957031
0.032867431640625 0.148727416992188 -0.0850448608398438 -0.10089111328125
0.0333938598632812 0.139877319335938 -0.097564697265625 -0.0923080444335937
0.036834716796875 0.161880493164063 -0.0959091186523437 -0.1141357421875
-0.016326904296875 0.162979125976563 -0.041259765625 -0.136825561523438
-0.106651306152344 0.125411987304687 0.0187530517578125 -0.144912719726563
-0.1527099609375 0.051025390625 0.0781631469726562 -0.0895004272460938
-0.158279418945313 -0.101608276367188 0.0933303833007812 -0.00411987304687501
-0.1151123046875 -0.193679809570313 0.0196456909179687 0.0129795074462891
-0.0351409912109375 -0.223236083984375 0.0232315063476562 -0.00748062133789064
-0.06744384765625 -0.144195556640625 0.07562255859375 -0.311981201171875
-0.0960006713867187 -0.0971298217773438 -0.02410888671875 -0.190078735351563
-0.105125427246094 -0.0330276489257813 -0.0139045715332031 -0.0555953979492188
-0.0884170532226563 0.0201263427734375 0.0364532470703125 -0.0713729858398437
-0.0545425415039063 0.0527305603027344 0.0126419067382812 -0.122764587402344
-0.0208740234375 0.0857620239257812 -0.0493927001953125 -0.143661499023438
0.00444793701171876 0.0829925537109375 -0.103851318359375 -0.136116027832031
0.0067901611328125 0.0803756713867188 -0.119873046875 -0.124031066894531
0.00505065917968751 0.096435546875 -0.112472534179688 -0.146835327148438
-0.0298385620117188 0.0868148803710938 -0.0495452880859375 -0.171051025390625
-0.0741729736328125 0.05328369140625 0.02227783203125 -0.159164428710938
-0.0813980102539063 0.00890350341796877 0.080108642578125 -0.0918731689453125
-0.0722274780273438 -0.065093994140625 0.0722274780273438 -0.0102691650390625
-0.0621185302734375 -0.102363586425781 -0.00447845458984375 -0.0246658325195313
-0.0354843139648437 -0.127349853515625 0.0295257568359375 -0.0813369750976563
-0.08489990234375 -0.0284500122070313 0.064117431640625 -0.347381591796875
-0.0630340576171875 0.00475311279296875 -0.0389404296875 -0.210067749023438
-0.0277481079101563 0.0365638732910156 -0.0305709838867187 -0.0593299865722656
0.00493621826171875 0.0188236236572266 0.0247268676757812 -0.072479248046875
0.00931072235107422 -0.000567436218261719 0.00873565673828124 -0.114906311035156
-0.00925350189208984 0.000604629516601561 -0.050048828125 -0.146759033203125
-0.0230159759521484 0.00583267211914063 -0.107345581054687 -0.148284912109375
-0.0198307037353516 0.00881576538085937 -0.123908996582031 -0.136848449707031
-0.0263614654541016 0.0154953002929688 -0.109115600585938 -0.161361694335937
-0.0360527038574219 0.000644683837890625 -0.0432281494140625 -0.18585205078125
-0.0300083160400391 -0.0216503143310547 0.033233642578125 -0.152877807617188
1.33514404296868E-05 -0.0263805389404297 0.0827255249023438 -0.0805206298828125
0.0154342651367188 -0.0123500823974609 0.055023193359375 -0.00620651245117188
-0.00916004180908203 0.00479316711425781 -0.015411376953125 -0.0429000854492188
-0.03753662109375 -0.0110511779785156 0.0343170166015625 -0.12249755859375
0.049072265625 -0.112785339355469 0.00315093994140627 0.130218505859375
-0.0478591918945312 -0.119560241699219 0.0214004516601562 0.0416679382324219
-0.105857849121094 -0.041778564453125 -0.0456504821777344 -0.0110588073730469
-0.0821990966796875 0.0489730834960938 -0.0882644653320313 0.0617446899414062
-0.031341552734375 0.0842742919921875 -0.04876708984375 0.12579345703125
0.0343475341796875 0.0831527709960938 0.04327392578125 0.172195434570313
0.0687599182128906 0.0643577575683594 0.118392944335938 0.161544799804688
0.0538558959960938 0.0634422302246094 0.125038146972656 0.129325866699219
0.0553665161132812 0.0750045776367188 0.103225708007812 0.133010864257813
0.00827026367187499 0.0919723510742187 0.0553436279296875 0.143630981445313
-0.0546875 0.068634033203125 0.0163650512695312 0.0970077514648437
-0.087890625 0.00495147705078125 0.0096588134765625 0.06304931640625
-0.0530014038085938 -0.0793914794921875 0.0626373291015625 0.0965347290039062
0.0187606811523438 -0.10943603515625 0.0854034423828125 0.218856811523438
0.0667648315429687 -0.0759201049804688 -0.062835693359375 0.383087158203125
0.0436859130859375 -0.22479248046875 0.00942230224609375 0.0875320434570312
-0.0836181640625 -0.20880126953125 0.0162353515625 0.0238552093505859
-0.175369262695313 -0.103408813476563 -0.0346736907958985 -0.0174198150634766
-0.167205810546875 0.0482940673828125 -0.07403564453125 0.03985595703125
-0.0902328491210938 0.131416320800781 -0.0538253784179688 0.0863418579101563
0.0225372314453125 0.162643432617187 0.01812744140625 0.136573791503906
0.0898666381835938 0.135818481445313 0.082977294921875 0.134384155273438
0.07464599609375 0.129684448242188 0.0915298461914063 0.102638244628906
0.0782318115234375 0.149322509765625 0.0742568969726563 0.09765625
0.00912475585937498 0.167556762695312 0.048614501953125 0.103500366210938
-0.0966415405273438 0.13153076171875 0.0275726318359375 0.0540847778320313
-0.157577514648438 0.035186767578125 0.0348625183105469 0.0375022888183594
-0.131584167480469 -0.122245788574219 0.096282958984375 0.087890625
-0.043304443359375 -0.20166015625 0.105209350585938 0.207199096679688
0.0467681884765625 -0.187713623046875 -0.03082275390625 0.3592529296875
0.03131103515625 -0.305938720703125 0.0232734680175781 0.0152206420898437
-0.111740112304687 -0.27337646484375 0.00811481475830077 -0.0120973587036133
-0.227142333984375 -0.15191650390625 -0.0268726348876953 -0.0227222442626953
-0.23382568359375 0.0415191650390625 -0.0510330200195313 0.0167732238769531
-0.139419555664063 0.16162109375 -0.0467872619628906 0.0374183654785156
0.0049896240234375 0.21942138671875 -0.0056304931640625 0.0819320678710938
0.097137451171875 0.187591552734375 0.0380859375 0.0866622924804688
0.084075927734375 0.175933837890625 0.0435905456542969 0.061370849609375
0.09332275390625 0.2021484375 0.031829833984375 0.0490150451660156
0.013641357421875 0.221145629882813 0.0321273803710937 0.0463027954101563
-0.121963500976562 0.183303833007813 0.031961441040039 -0.000617980957031239
-0.2071533203125 0.0716705322265625 0.0573348999023437 0.00217056274414063
-0.202438354492188 -0.14208984375 0.121002197265625 0.0678558349609375
-0.110794067382813 -0.264236450195313 0.110015869140625 0.174560546875
0.01385498046875 -0.272628784179688 -0.00363159179687503 0.296051025390625
0.00894165039062503 -0.341644287109375 0.0401840209960938 -0.0770111083984375
-0.131866455078125 -0.296905517578125 -0.00344467163085938 -0.0608749389648438
-0.253433227539063 -0.1708984375 -0.0210418701171875 -0.0300807952880859
-0.26690673828125 0.037261962890625 -0.0220413208007813 -0.00798225402832031
-0.165084838867188 0.171371459960938 -0.0321540832519531 -0.0176944732666015
-0.01080322265625 0.244537353515625 -0.02587890625 0.0131263732910156
0.090789794921875 0.210922241210938 -0.01171875 0.0242366790771485
0.0821685791015625 0.196548461914063 -0.0111656188964844 0.00985050201416017
0.094635009765625 0.224395751953125 -0.0190315246582031 -0.00737953186035155
0.015533447265625 0.24359130859375 0.0056304931640625 -0.0199089050292969
-0.130218505859375 0.208984375 0.0273857116699219 -0.0607490539550781
-0.227645874023438 0.097564697265625 0.0703811645507813 -0.0380401611328125
-0.245697021484375 -0.140884399414063 0.128570556640625 0.0384140014648437
-0.160125732421875 -0.28643798828125 0.0926055908203125 0.123443603515625
-0.019927978515625 -0.31329345703125 0.0133056640625 0.201019287109375
-0.02044677734375 -0.323394775390625 0.0548858642578125 -0.176803588867188
-0.140945434570313 -0.271377563476563 -0.0159454345703125 -0.114631652832031
-0.243820190429688 -0.152389526367188 -0.0156936645507813 -0.039154052734375
-0.25286865234375 0.0343780517578124 0.00685882568359373 -0.0360794067382813
-0.1585693359375 0.155838012695312 -0.0142898559570313 -0.070953369140625
-0.020782470703125 0.229751586914062 -0.0421905517578125 -0.0568962097167969
0.072021484375 0.2005615234375 -0.0578422546386719 -0.0420913696289063
0.0675506591796875 0.18682861328125 -0.0639762878417969 -0.0430793762207031
0.07916259765625 0.213058471679687 -0.0682106018066406 -0.0634994506835938
0.00910949707031249 0.2269287109375 -0.0262374877929688 -0.0848770141601562
-0.124267578125 0.194488525390625 0.0166473388671875 -0.114501953125
-0.211715698242188 0.0961151123046875 0.074371337890625 -0.07476806640625
-0.2371826171875 -0.126052856445312 0.117332458496094 0.0101776123046875
-0.168533325195312 -0.263214111328125 0.0560188293457031 0.0646820068359375
-0.040191650390625 -0.301483154296875 0.0189437866210937 0.0904464721679687
-0.0492401123046875 -0.25714111328125 0.062347412109375 -0.265701293945313
-0.130859375 -0.199981689453125 -0.0267333984375 -0.163253784179688
-0.19268798828125 -0.10211181640625 -0.0143547058105469 -0.0498008728027344
-0.189682006835938 0.0305328369140625 0.0280952453613281 -0.0613059997558594
-0.118354797363281 0.115570068359375 -0.000122070312500005 -0.111122131347656
-0.022979736328125 0.175933837890625 -0.0524826049804687 -0.114303588867188
0.04302978515625 0.157760620117188 -0.0936813354492188 -0.0993804931640625
0.0421142578125 0.148391723632813 -0.105659484863281 -0.0896148681640625
0.048614501953125 0.171310424804688 -0.106056213378906 -0.111259460449219
-0.00724792480468751 0.1749267578125 -0.0508880615234375 -0.139747619628906
-0.107254028320313 0.140670776367188 0.0108795166015625 -0.1519775390625
-0.161758422851563 0.062042236328125 0.0750732421875 -0.0962142944335938
-0.174972534179688 -0.102340698242188 0.09521484375 -0.00853729248046876
-0.131927490234375 -0.2005615234375 0.0177516937255859 0.011056900024414
-0.0444183349609375 -0.238555908203125 0.0220508575439453 -0.0139904022216797
-0.072723388671875 -0.152740478515625 0.061431884765625 -0.333251953125
-0.103965759277344 -0.101966857910156 -0.0373077392578125 -0.20037841796875
-0.114067077636719 -0.0330657958984375 -0.0196762084960938 -0.0579681396484375
-0.0961685180664063 0.0252532958984375 0.03363037109375 -0.075897216796875
-0.0583419799804688 0.0591506958007813 0.00640106201171874 -0.127639770507813
-0.0188827514648437 0.0953369140625 -0.0582733154296875 -0.147003173828125
0.00995635986328126 0.09027099609375 -0.114967346191406 -0.138351440429687
0.0113754272460938 0.0874176025390625 -0.130996704101562 -0.122512817382813
0.0107650756835937 0.103759765625 -0.124465942382812 -0.146804809570313
-0.0259628295898438 0.0967636108398438 -0.0607757568359375 -0.175430297851563
-0.0774688720703125 0.0637283325195313 0.0143585205078125 -0.168182373046875
-0.0892410278320313 0.0129547119140625 0.0783538818359375 -0.100502014160156
-0.0823211669921875 -0.0683441162109375 0.0733871459960938 -0.0134353637695313
-0.0703659057617188 -0.108047485351562 -0.00877952575683594 -0.0272045135498047
-0.0395355224609375 -0.136634826660156 0.025665283203125 -0.0936813354492188
-0.0860061645507813 -0.02764892578125 0.049652099609375 -0.37091064453125
-0.063995361328125 0.00352096557617187 -0.0535125732421875 -0.221405029296875
-0.0276527404785156 0.0354957580566406 -0.0359954833984375 -0.0618209838867187
0.002777099609375 0.0179862976074219 0.0218353271484375 -0.0762557983398438
0.00617790222167969 -0.00122356414794922 0.00397491455078125 -0.119857788085937
-0.0114898681640625 0.00369358062744141 -0.0591583251953125 -0.151199340820313
-0.0237331390380859 0.0110130310058594 -0.1201171875 -0.151107788085937
-0.0204887390136719 0.0132999420166016 -0.136093139648438 -0.13775634765625
-0.0265655517578125 0.0214672088623047 -0.123397827148438 -0.163360595703125
-0.0374946594238281 0.00593948364257813 -0.0562591552734375 -0.190933227539062
-0.0345630645751953 -0.0181941986083984 0.0253448486328125 -0.162506103515625
-0.00431251525878906 -0.0284366607666016 0.0818023681640625 -0.0888595581054688
0.0131893157958984 -0.0172586441040039 0.0566253662109375 -0.0087432861328125
-0.00888824462890625 0.000888824462890624 -0.0195884704589844 -0.0469398498535156
-0.0349044799804688 -0.0141887664794922 0.0291290283203125 -0.137870788574219
0.0411605834960937 -0.115852355957031 0.0108795166015625 0.143096923828125
-0.0561981201171875 -0.114242553710937 0.0262527465820312 0.0476455688476562
-0.108108520507813 -0.0347518920898438 -0.0450515747070313 -0.00799942016601563
-0.07891845703125 0.05413818359375 -0.0861282348632813 0.0685043334960937
-0.0250015258789062 0.086334228515625 -0.0425033569335938 0.132072448730469
0.0412826538085937 0.0799179077148438 0.05584716796875 0.17340087890625
0.0730667114257813 0.0592041015625 0.132736206054688 0.158859252929688
0.0592727661132813 0.0590934753417969 0.137344360351563 0.12567138671875
0.0622482299804688 0.0703887939453125 0.114128112792969 0.130691528320313
0.016845703125 0.0918197631835938 0.06634521484375 0.143783569335938
-0.0487289428710937 0.0737228393554687 0.0221786499023438 0.0984649658203125
-0.0884475708007813 0.0121917724609375 0.0124778747558594 0.0656013488769531
-0.05999755859375 -0.0754241943359375 0.070037841796875 0.094329833984375
0.00794219970703125 -0.110725402832031 0.101394653320313 0.219879150390625
0.058837890625 -0.0811996459960937 -0.041839599609375 0.39971923828125
0.029052734375 -0.231719970703125 0.0130691528320312 0.099273681640625
-0.0989532470703124 -0.204727172851563 0.0180473327636719 0.029367446899414
-0.184341430664062 -0.0935516357421875 -0.0357208251953125 -0.0146675109863281
-0.166290283203125 0.059906005859375 -0.07293701171875 0.0454177856445313
-0.0833816528320312 0.139839172363281 -0.0497589111328125 0.0931320190429688
0.03363037109375 0.1632080078125 0.0275192260742188 0.140281677246094
0.1005859375 0.131759643554688 0.0941543579101563 0.134056091308594
0.08538818359375 0.126922607421875 0.101791381835938 0.101493835449219
0.0917816162109375 0.146255493164063 0.082489013671875 0.0985107421875
0.0234375 0.170440673828125 0.057220458984375 0.103958129882813
-0.0887908935546875 0.142822265625 0.030517578125 0.0542373657226563
-0.159500122070313 0.048675537109375 0.0359725952148437 0.0381355285644531
-0.144973754882813 -0.11529541015625 0.102920532226562 0.0830459594726562
-0.0619354248046875 -0.204086303710938 0.118881225585938 0.207382202148437
0.032928466796875 -0.19683837890625 -0.01092529296875 0.372650146484375
0.01220703125 -0.316558837890625 0.0218086242675781 0.0233268737792969
-0.132064819335938 -0.270523071289062 0.00550222396850585 -0.00754451751708986
-0.242385864257813 -0.141036987304687 -0.0281562805175781 -0.0205821990966797
-0.237213134765625 0.05810546875 -0.0512657165527344 0.0218963623046875
-0.132583618164063 0.175186157226563 -0.0466537475585938 0.0428199768066406
0.0203857421875 0.22540283203125 -0.000442504882812504 0.0866622924804688
0.112045288085938 0.186004638671875 0.0457839965820313 0.088531494140625
0.0985260009765625 0.174468994140625 0.0505027770996094 0.0623626708984375
0.110092163085937 0.2000732421875 0.0366058349609375 0.0520133972167969
0.0305328369140625 0.226531982421875 0.0372657775878906 0.0468635559082031
-0.112213134765625 0.197967529296875 0.0313072204589844 -0.00181198120117186
-0.209701538085938 0.0887451171875 0.0564842224121094 0.000743865966796881
-0.220718383789063 -0.132232666015625 0.126251220703125 0.0615310668945312
-0.134902954101563 -0.264984130859375 0.120513916015625 0.173065185546875
-0.00411987304687499 -0.283294677734375 0.013153076171875 0.305023193359375
-0.012237548828125 -0.35430908203125 0.0326995849609375 -0.0744781494140625
-0.154022216796875 -0.296630859375 -0.0104637145996094 -0.0577735900878906
-0.272567749023438 -0.158920288085938 -0.0240726470947266 -0.0282115936279297
-0.27349853515625 0.056427001953125 -0.0233707427978516 -0.00571823120117187
-0.159317016601563 0.188339233398438 -0.0349311828613281 -0.0140647888183594
0.00564575195312499 0.253158569335938 -0.0257720947265625 0.0184574127197266
0.10760498046875 0.211746215820312 -0.00878524780273437 0.0279445648193359
0.0977325439453125 0.1976318359375 -0.00816631317138671 0.0138425827026367
0.114212036132813 0.225143432617188 -0.0193138122558594 -0.00276947021484373
0.034149169921875 0.249984741210938 0.00569343566894531 -0.0181999206542969
-0.120651245117187 0.225479125976562 0.0220794677734375 -0.0623359680175781
-0.229721069335937 0.1171875 0.0672798156738281 -0.041015625
-0.26507568359375 -0.129486083984375 0.131385803222656 0.032196044921875
-0.185516357421875 -0.284912109375 0.099029541015625 0.120620727539063
-0.039886474609375 -0.323944091796875 0.023590087890625 0.204421997070312
-0.03948974609375 -0.335540771484375 0.040740966796875 -0.179092407226563
-0.160629272460937 -0.272613525390625 -0.0271835327148438 -0.112831115722656
-0.262344360351562 -0.143234252929688 -0.0198745727539063 -0.0384979248046875
-0.260665893554687 0.053253173828125 0.00367355346679686 -0.0356559753417969
-0.154571533203125 0.1729736328125 -0.0196266174316406 -0.0701141357421875
-0.00543212890625002 0.240997314453125 -0.046630859375 -0.0524215698242187
0.0874176025390625 0.203720092773438 -0.060302734375 -0.0376815795898437
0.0815582275390625 0.189437866210938 -0.0666694641113281 -0.0370140075683594
0.0973052978515625 0.215377807617188 -0.0732803344726563 -0.0567779541015625
0.0264129638671875 0.2349853515625 -0.0323410034179687 -0.0835647583007812
-0.115280151367187 0.21173095703125 0.00809478759765624 -0.117851257324219
-0.214385986328125 0.113601684570313 0.0680999755859375 -0.0784072875976562
-0.254837036132813 -0.115020751953125 0.118247985839844 0.00387573242187499
-0.19244384765625 -0.26190185546875 0.0587539672851562 0.0625
-0.05902099609375 -0.3111572265625 0.0222854614257812 0.0879364013671875
-0.06463623046875 -0.265029907226563 0.0435333251953125 -0.274642944335938
-0.147048950195313 -0.201904296875 -0.0421142578125 -0.165786743164063
-0.206588745117187 -0.0948486328125 -0.0195541381835938 -0.048919677734375
-0.197830200195313 0.044158935546875 0.0238075256347656 -0.0637130737304688
-0.117698669433594 0.128265380859375 -0.00726318359375 -0.111801147460937
-0.0125885009765625 0.186752319335938 -0.0607681274414063 -0.111763000488281
0.0548248291015625 0.162628173828125 -0.10113525390625 -0.09503173828125
0.054290771484375 0.151748657226563 -0.112312316894531 -0.0831985473632812
0.0633697509765625 0.175384521484375 -0.116012573242187 -0.105049133300781
0.00611877441406249 0.182830810546875 -0.0600814819335938 -0.138008117675781
-0.102264404296875 0.154647827148438 -0.000717163085937494 -0.155715942382813
-0.166854858398438 0.0761260986328125 0.068359375 -0.101631164550781
-0.190582275390625 -0.096954345703125 0.0947418212890625 -0.0132369995117188
-0.14892578125 -0.200973510742187 0.0161972045898437 0.00993156433105468
-0.05682373046875 -0.246688842773438 0.0187797546386719 -0.020742416381836
-0.0808563232421875 -0.157150268554687 0.038665771484375 -0.347320556640625
-0.112709045410156 -0.103195190429688 -0.05462646484375 -0.2037353515625
-0.121749877929688 -0.0303115844726563 -0.0259666442871094 -0.0574951171875
-0.102043151855469 0.0331192016601562 0.029510498046875 -0.0785675048828125
-0.059539794921875 0.0663681030273438 -0.000473022460937517 -0.1295166015625
-0.013031005859375 0.103218078613281 -0.068115234375 -0.144989013671875
0.0168914794921875 0.0954971313476563 -0.126007080078125 -0.132522583007813
0.0180282592773438 0.0922393798828125 -0.141403198242188 -0.1171875
0.0195999145507812 0.108467102050781 -0.13751220703125 -0.141571044921875
-0.0192413330078125 0.104026794433594 -0.07318115234375 -0.174530029296875
-0.0766448974609375 0.0738372802734375 0.003173828125 -0.172714233398438
-0.0953521728515625 0.0202178955078125 0.0713043212890625 -0.106842041015625
-0.0927963256835938 -0.0675735473632813 0.0723419189453125 -0.0169219970703125
-0.0793228149414063 -0.109992980957031 -0.01361083984375 -0.0290298461914063
-0.0449676513671875 -0.142684936523438 0.0183639526367187 -0.103866577148438
-0.0857391357421875 -0.026824951171875 0.026397705078125 -0.3875732421875
-0.0632133483886719 0.0030059814453125 -0.0709381103515625 -0.226516723632813
-0.0267105102539063 0.0353317260742188 -0.0431404113769531 -0.0616378784179688
0.00122928619384766 0.0168800354003906 0.0166168212890625 -0.0790863037109375
0.00378131866455078 -0.00123906135559082 -0.00286865234375 -0.122604370117188
-0.0124349594116211 0.00732517242431641 -0.06988525390625 -0.151199340820313
-0.0225276947021484 0.0152797698974609 -0.133224487304688 -0.148544311523437
-0.0199012756347656 0.0178565979003906 -0.147674560546875 -0.133255004882813
-0.0259494781494141 0.0262298583984375 -0.13629150390625 -0.159393310546875
-0.0374603271484375 0.0123062133789062 -0.069915771484375 -0.19158935546875
-0.03857421875 -0.013427734375 0.0143280029296875 -0.1678466796875
-0.0105724334716797 -0.0281219482421875 0.0775604248046875 -0.0961380004882813
0.00939369201660156 -0.0213851928710937 0.0556640625 -0.0118904113769531
-0.00866079330444336 -0.00185298919677734 -0.0244903564453125 -0.0498428344726563
-0.0324554443359375 -0.0168476104736328 0.0197906494140625 -0.151840209960938
0.0336837768554688 -0.115470886230469 0.0208892822265625 0.1502685546875
-0.0610580444335938 -0.106788635253906 0.0294952392578125 0.0495796203613281
-0.106544494628906 -0.027801513671875 -0.04449462890625 -0.00474166870117188
-0.0736618041992188 0.0564727783203125 -0.0842208862304688 0.074432373046875
-0.0184249877929688 0.0857696533203125 -0.03582763671875 0.133781433105469
0.0468063354492188 0.0761184692382813 0.06512451171875 0.170913696289063
0.0756378173828125 0.0544815063476562 0.142120361328125 0.153549194335938
0.0628814697265625 0.0536041259765625 0.14349365234375 0.119049072265625
0.0667533874511719 0.0623283386230469 0.121353149414063 0.127609252929688
0.0236358642578125 0.0893096923828125 0.0749359130859375 0.140701293945312
-0.043182373046875 0.0766983032226562 0.0265655517578125 0.0981292724609375
-0.087005615234375 0.0207138061523437 0.016815185546875 0.0647773742675781
-0.0643081665039063 -0.0708694458007813 0.0754623413085938 0.0897979736328125
0.000144958496093761 -0.109893798828125 0.112197875976563 0.216110229492187
0.050384521484375 -0.0826263427734375 -0.020904541015625 0.4053955078125
0.01666259765625 -0.232330322265625 0.0176849365234375 0.107406616210937
-0.108306884765625 -0.1961669921875 0.0198554992675781 0.0337486267089844
-0.187637329101563 -0.083740234375 -0.0360298156738281 -0.0124473571777344
-0.162811279296875 0.0677032470703125 -0.07049560546875 0.050537109375
-0.0746002197265625 0.142791748046875 -0.04498291015625 0.0966415405273438
0.044097900390625 0.160842895507813 0.0359268188476563 0.140449523925781
0.108039855957031 0.126380920410156 0.103599548339844 0.1314697265625
0.0920562744140625 0.121292114257813 0.108139038085937 0.0982589721679688
0.101715087890625 0.138870239257813 0.0886001586914063 0.0960845947265625
0.0342254638671875 0.167755126953125 0.063812255859375 0.103042602539063
-0.0791473388671875 0.14935302734375 0.0324783325195312 0.0537681579589844
-0.157196044921875 0.06060791015625 0.0368690490722656 0.0380058288574219
-0.15289306640625 -0.107223510742187 0.106094360351562 0.0770187377929687
-0.077056884765625 -0.199264526367188 0.127365112304687 0.202850341796875
0.0202789306640625 -0.199935913085938 0.00677490234375001 0.375030517578125
-0.00476074218750002 -0.31817626953125 0.0225906372070313 0.0325927734375
-0.146194458007813 -0.2618408203125 0.00549745559692382 -0.00109434127807619
-0.248275756835938 -0.127822875976563 -0.0288600921630859 -0.0177402496337891
-0.235137939453125 0.070526123046875 -0.0509567260742188 0.0244255065917969
-0.122756958007813 0.182708740234375 -0.0439872741699219 0.0466880798339844
0.034027099609375 0.224990844726562 0.00549316406249999 0.0890350341796875
0.122482299804688 0.18011474609375 0.0521011352539063 0.08819580078125
0.108551025390625 0.16973876953125 0.0563468933105469 0.0620574951171875
0.124114990234375 0.193801879882813 0.0399856567382813 0.0532760620117188
0.047119140625 0.2244873046875 0.0408592224121094 0.0445938110351563
-0.10009765625 0.207290649414063 0.0281238555908203 -0.00246238708496092
-0.206802368164063 0.10369873046875 0.0540885925292969 0.000637054443359381
-0.231689453125 -0.12030029296875 0.127738952636719 0.0556793212890625
-0.15283203125 -0.257125854492188 0.126861572265625 0.167831420898437
-0.022003173828125 -0.286163330078125 0.027130126953125 0.30450439453125
-0.02935791015625 -0.35546875 0.0261116027832031 -0.0677146911621094
-0.1707763671875 -0.288787841796875 -0.0140342712402344 -0.0510597229003906
-0.28094482421875 -0.145172119140625 -0.0266532897949219 -0.0251235961914063
-0.27203369140625 0.0733795166015625 -0.0230865478515625 -0.00336456298828125
-0.149993896484375 0.197265625 -0.0346450805664063 -0.0106945037841797
0.01934814453125 0.25579833984375 -0.0241756439208984 0.0229072570800781
0.120315551757813 0.208633422851563 -0.00582122802734374 0.0309181213378906
0.111541748046875 0.194488525390625 -0.00411415100097656 0.0173454284667969
0.128082275390625 0.21771240234375 -0.0179920196533203 0.00252914428710939
0.0501708984375 0.247589111328125 0.0047607421875 -0.0172338485717773
-0.107666015625 0.236663818359375 0.0164108276367187 -0.0620498657226562
-0.226821899414063 0.132431030273437 0.0616874694824219 -0.0425567626953125
-0.275802612304687 -0.114608764648437 0.131759643554687 0.0256271362304687
-0.203964233398438 -0.274002075195313 0.101959228515625 0.11767578125
-0.05535888671875 -0.326385498046875 0.032196044921875 0.203720092773437
-0.0567626953125 -0.33642578125 0.0295257568359375 -0.176116943359375
-0.177810668945312 -0.2659912109375 -0.0352401733398438 -0.110130310058594
-0.27325439453125 -0.131240844726563 -0.0242652893066406 -0.0353622436523438
-0.262619018554688 0.0676422119140625 0.000473022460937487 -0.0355491638183594
-0.14593505859375 0.182937622070313 -0.0229568481445313 -0.0663032531738281
0.0101776123046875 0.244644165039063 -0.0473670959472656 -0.0472755432128906
0.099700927734375 0.200363159179688 -0.0617561340332031 -0.0324974060058594
0.0941619873046875 0.18695068359375 -0.0645751953125 -0.0325965881347656
0.11029052734375 0.213623046875 -0.0750808715820313 -0.049591064453125
0.0418243408203125 0.23541259765625 -0.0347213745117188 -0.0795822143554687
-0.105010986328125 0.222610473632813 -0.000534057617187499 -0.117088317871094
-0.2113037109375 0.127792358398438 0.0622024536132812 -0.07904052734375
-0.266250610351563 -0.102569580078125 0.117012023925781 -0.000961303710937506
-0.208099365234375 -0.2542724609375 0.0582656860351562 0.05889892578125
-0.07305908203125 -0.31317138671875 0.0239639282226563 0.0870208740234375
-0.075225830078125 -0.268630981445313 0.0261993408203125 -0.275680541992187
-0.158889770507813 -0.200363159179688 -0.05389404296875 -0.161102294921875
-0.215621948242188 -0.087005615234375 -0.023712158203125 -0.046356201171875
-0.198928833007813 0.054656982421875 0.0187530517578125 -0.0633430480957031
-0.111724853515625 0.136276245117188 -0.0142593383789063 -0.108161926269531
0.000854492187500009 0.19036865234375 -0.0658416748046875 -0.107345581054687
0.0661773681640625 0.1634521484375 -0.104881286621094 -0.0866622924804687
0.062957763671875 0.152801513671875 -0.114990234375 -0.0767059326171875
0.0738067626953125 0.17449951171875 -0.120529174804688 -0.096160888671875
0.0166015625 0.18499755859375 -0.066314697265625 -0.132843017578125
-0.09478759765625 0.164794921875 -0.0097198486328125 -0.156936645507812
-0.166046142578125 0.0851287841796875 0.0606613159179687 -0.104270935058594
-0.199920654296875 -0.0871734619140625 0.0936508178710937 -0.0166244506835938
-0.162643432617188 -0.194931030273437 0.0134859085083008 0.00828647613525389
-0.06781005859375 -0.2470703125 0.0142860412597656 -0.025564193725586
-0.085845947265625 -0.157699584960938 0.02099609375 -0.3502197265625
-0.116249084472656 -0.101760864257813 -0.0687713623046875 -0.20208740234375
-0.126998901367187 -0.0263290405273437 -0.0291938781738281 -0.0553474426269531
-0.10406494140625 0.0371856689453125 0.0247268676757812 -0.0779266357421875
-0.0580978393554687 0.0714340209960938 -0.00765991210937501 -0.126632690429688
-0.006927490234375 0.106201171875 -0.075408935546875 -0.139808654785156
0.0253143310546875 0.098419189453125 -0.133842468261719 -0.127761840820313
0.0244293212890625 0.0949249267578125 -0.146697998046875 -0.10894775390625
0.0265655517578125 0.112770080566406 -0.143722534179688 -0.131866455078125
-0.0121994018554687 0.108863830566406 -0.0844573974609375 -0.168441772460938
-0.0753402709960938 0.0805435180664063 -0.0077362060546875 -0.171478271484375
-0.0986328125 0.0251846313476563 0.0662994384765625 -0.1107177734375
-0.100448608398437 -0.066192626953125 0.0698699951171875 -0.02032470703125
-0.08587646484375 -0.110076904296875 -0.0169200897216797 -0.0284214019775391
-0.048919677734375 -0.14385986328125 0.0107650756835938 -0.111618041992188
-0.0828094482421875 -0.0251922607421875 0.00653076171875002 -0.3912353515625
-0.0638084411621094 0.00106048583984375 -0.0854644775390625 -0.227142333984375
-0.0268974304199219 0.0327053070068359 -0.0477256774902344 -0.0582504272460938
-0.00219917297363281 0.017521858215332 0.0118255615234375 -0.0804824829101563
-0.000578641891479492 -0.0016474723815918 -0.00827026367187499 -0.121116638183594
-0.0120744705200195 0.011631965637207 -0.07562255859375 -0.147369384765625
-0.0181102752685547 0.0212268829345703 -0.140823364257813 -0.143646240234375
-0.0182647705078125 0.0221004486083984 -0.154052734375 -0.125839233398438
-0.0227851867675781 0.0314998626708984 -0.145034790039063 -0.151016235351563
-0.0343151092529297 0.0168800354003906 -0.0814971923828125 -0.185623168945313
-0.0401077270507813 -0.00785827636718751 0.00492858886718749 -0.167800903320313
-0.0161075592041016 -0.0276584625244141 0.0708770751953125 -0.0992889404296875
0.00422286987304688 -0.0250434875488281 0.0540046691894531 -0.0135421752929688
-0.00867128372192383 -0.00328207015991211 -0.0297470092773437 -0.052276611328125
-0.0293369293212891 -0.0215206146240234 0.00935363769531248 -0.157577514648437
0.0299835205078125 -0.113052368164063 0.0249786376953125 0.158172607421875
-0.0625076293945312 -0.100448608398438 0.033355712890625 0.0543975830078125
-0.105567932128906 -0.0242996215820312 -0.0428810119628906 -0.00369644165039064
-0.0701713562011719 0.056427001953125 -0.0800628662109375 0.0746917724609375
-0.0154571533203125 0.0840988159179688 -0.032562255859375 0.135269165039063
0.047149658203125 0.0723724365234375 0.0686798095703125 0.16949462890625
0.0761947631835938 0.0494155883789063 0.146194458007813 0.148849487304688
0.0634422302246094 0.0498199462890625 0.148223876953125 0.116729736328125
0.0686912536621094 0.0575599670410156 0.124717712402344 0.126106262207031
0.0282058715820313 0.0855560302734375 0.0790863037109375 0.138572692871094
-0.0389633178710937 0.078125 0.0285415649414063 0.09783935546875
-0.0842514038085938 0.0235977172851563 0.0176620483398438 0.0657920837402344
-0.0658988952636719 -0.0655288696289063 0.0767440795898438 0.0870895385742188
-0.005706787109375 -0.106964111328125 0.115615844726563 0.214553833007813
0.0448532104492188 -0.0827255249023437 -0.0103759765625 0.40643310546875
0.00924682617187501 -0.231369018554688 0.0215835571289062 0.116256713867187
-0.113037109375 -0.188735961914062 0.0219955444335937 0.0396728515625
-0.187759399414062 -0.0777130126953125 -0.0347557067871094 -0.0102729797363281
-0.160018920898438 0.071563720703125 -0.069610595703125 0.0525703430175781
-0.0703125 0.14410400390625 -0.04229736328125 0.0979156494140625
0.048797607421875 0.158554077148438 0.0389862060546875 0.140838623046875
0.111228942871094 0.122528076171875 0.108757019042969 0.128440856933594
0.0959930419921875 0.117156982421875 0.11279296875 0.0964584350585938
0.106101989746094 0.134468078613281 0.0919342041015625 0.0968475341796875
0.0419158935546875 0.164657592773437 0.066925048828125 0.10040283203125
-0.0733642578125 0.152603149414063 0.0322151184082031 0.0528831481933594
-0.1551513671875 0.066192626953125 0.0376853942871094 0.0385513305664063
-0.156951904296875 -0.1011962890625 0.106414794921875 0.0746841430664063
-0.084808349609375 -0.1961669921875 0.13104248046875 0.199874877929688
0.0117950439453125 -0.199783325195312 0.016143798828125 0.375640869140625
-0.014617919921875 -0.31756591796875 0.02178955078125 0.0389366149902344
-0.152557373046875 -0.254959106445313 0.00392127037048339 0.00435304641723631
-0.2506103515625 -0.120681762695313 -0.0288066864013672 -0.0159263610839844
-0.231658935546875 0.0777435302734375 -0.0497207641601563 0.0277023315429687
-0.117202758789063 0.18621826171875 -0.042938232421875 0.0495681762695313
0.0416412353515625 0.223892211914062 0.0078125 0.091400146484375
0.128097534179688 0.176925659179688 0.0566253662109375 0.0877304077148438
0.115249633789062 0.16656494140625 0.0602607727050781 0.0613975524902344
0.131027221679688 0.18939208984375 0.0423088073730469 0.0551834106445313
0.0552825927734375 0.222061157226563 0.0422172546386719 0.0452499389648438
-0.093170166015625 0.212570190429688 0.0283031463623047 -0.00209617614746092
-0.20416259765625 0.112152099609375 0.0530242919921875 0.00124359130859376
-0.236236572265625 -0.113494873046875 0.127128601074219 0.0518646240234375
-0.162109375 -0.252883911132813 0.12811279296875 0.16571044921875
-0.030029296875 -0.28643798828125 0.0338134765625 0.302978515625
-0.03985595703125 -0.355224609375 0.02337646484375 -0.06103515625
-0.177581787109375 -0.283050537109375 -0.0174331665039063 -0.0458755493164063
-0.286163330078125 -0.138031005859375 -0.0259647369384766 -0.0221481323242188
-0.270599365234375 0.0809936523437499 -0.0244789123535156 -0.00107955932617187
-0.143356323242188 0.203231811523438 -0.0348491668701172 -0.00724220275878905
0.0301971435546875 0.255050659179687 -0.0227775573730469 0.02618408203125
0.128250122070313 0.205307006835938 -0.0021533966064453 0.0322074890136719
0.117141723632813 0.19110107421875 -0.00120925903320312 0.0181465148925781
0.136734008789063 0.215789794921875 -0.017120361328125 0.00605201721191408
0.05999755859375 0.247100830078125 0.00458526611328125 -0.0166549682617187
-0.0997772216796875 0.242279052734375 0.0136909484863281 -0.0613822937011719
-0.22381591796875 0.14178466796875 0.0604629516601562 -0.0404472351074219
-0.281158447265625 -0.107635498046875 0.129440307617187 0.0231857299804687
-0.214996337890625 -0.270294189453125 0.101409912109375 0.114753723144531
-0.064361572265625 -0.327117919921875 0.034393310546875 0.200653076171875
-0.06463623046875 -0.337677001953125 0.022216796875 -0.170974731445313
-0.183761596679688 -0.263198852539062 -0.0411453247070313 -0.103431701660156
-0.277542114257813 -0.124221801757812 -0.0242729187011719 -0.0326004028320313
-0.26080322265625 0.0775604248046874 0.000179290771484357 -0.0327663421630859
-0.141128540039062 0.189315795898438 -0.0242919921875 -0.0627708435058594
0.01824951171875 0.245803833007813 -0.0486679077148438 -0.0431060791015625
0.1097412109375 0.200286865234375 -0.0599212646484375 -0.0285377502441406
0.101470947265625 0.186309814453125 -0.0628089904785156 -0.028594970703125
0.119903564453125 0.210586547851563 -0.075347900390625 -0.0444412231445312
0.05084228515625 0.234115600585938 -0.0372314453125 -0.0781326293945313
-0.097503662109375 0.228286743164063 -0.00476837158203125 -0.115341186523438
-0.210067749023438 0.136871337890625 0.0593490600585937 -0.0781631469726563
-0.271087646484375 -0.0962371826171875 0.114151000976563 -0.00181579589843751
-0.216522216796875 -0.24847412109375 0.0562400817871094 0.0599861145019531
-0.079010009765625 -0.314453125 0.0236053466796875 0.0823745727539062
-0.0807037353515625 -0.268966674804688 0.017486572265625 -0.271347045898438
-0.1634521484375 -0.196792602539063 -0.061126708984375 -0.157028198242187
-0.21905517578125 -0.08251953125 -0.0262947082519531 -0.0452957153320313
-0.200790405273437 0.063018798828125 0.0176506042480469 -0.0616493225097656
-0.109649658203125 0.143508911132813 -0.015350341796875 -0.106452941894531
0.00727844238281252 0.193313598632813 -0.0672683715820312 -0.101837158203125
0.0738525390625 0.162521362304687 -0.106620788574219 -0.0842819213867188
0.0702056884765625 0.152938842773437 -0.114883422851563 -0.0718002319335938
0.0813751220703125 0.174087524414063 -0.121734619140625 -0.0911636352539063
0.0252685546875 0.184829711914063 -0.0704345703125 -0.129829406738281
-0.090118408203125 0.170684814453125 -0.015533447265625 -0.152633666992188
-0.166290283203125 0.0924530029296875 0.0569000244140625 -0.102066040039063
-0.2042236328125 -0.08355712890625 0.090789794921875 -0.017059326171875
-0.1676025390625 -0.192367553710938 0.0105075836181641 0.00914859771728514
-0.0703887939453125 -0.251953125 0.0105915069580078 -0.0284080505371094
-0.0873260498046875 -0.15875244140625 0.00845336914062496 -0.349212646484375
-0.119972229003906 -0.103591918945313 -0.0773468017578125 -0.198715209960938
-0.127372741699219 -0.0261688232421875 -0.0335731506347656 -0.0538330078125
-0.106559753417969 0.04241943359375 0.0209426879882812 -0.0789947509765625
-0.0580368041992188 0.07568359375 -0.0106201171875 -0.127426147460938
-0.003326416015625 0.110855102539063 -0.0785675048828125 -0.137474060058594
0.030303955078125 0.100761413574219 -0.135658264160156 -0.123176574707031
0.0289688110351562 0.0967941284179688 -0.147079467773438 -0.104949951171875
0.031036376953125 0.113090515136719 -0.14654541015625 -0.126953125
-0.00785064697265625 0.110420227050781 -0.087188720703125 -0.164291381835937
-0.0721664428710938 0.0867919921875 -0.0138702392578125 -0.1700439453125
-0.0996170043945313 0.0307846069335938 0.0601806640625 -0.108818054199219
-0.104698181152344 -0.0641098022460938 0.070220947265625 -0.0202827453613281
-0.0892868041992188 -0.111106872558594 -0.0202732086181641 -0.0295085906982422
-0.04937744140625 -0.149200439453125 0.00431823730468751 -0.115867614746094
-0.080780029296875 -0.0266189575195313 -0.00677490234375004 -0.3931884765625
-0.0609626770019531 -0.000225067138671881 -0.093719482421875 -0.224594116210938
-0.0254268646240234 0.0319442749023438 -0.0503997802734375 -0.0577888488769531
-0.00332355499267578 0.0163192749023438 0.00998687744140624 -0.0801162719726563
-0.00165247917175293 0.00104856491088867 -0.0108184814453125 -0.120849609375
-0.0119943618774414 0.014216423034668 -0.0791015625 -0.146087646484375
-0.0178642272949219 0.0225582122802734 -0.145111083984375 -0.139495849609375
-0.0155277252197266 0.0246849060058594 -0.157150268554687 -0.12164306640625
-0.0215339660644531 0.0346488952636719 -0.150161743164062 -0.147445678710938
-0.0345535278320313 0.0204315185546875 -0.0858917236328125 -0.18267822265625
-0.0418319702148438 -0.0050048828125 -0.00102233886718749 -0.166946411132812
-0.0187625885009766 -0.0255031585693359 0.0670318603515625 -0.100715637207031
0.00200080871582031 -0.0262184143066406 0.0546836853027344 -0.0154151916503906
-0.0099020004272461 -0.00831890106201172 -0.0322761535644531 -0.0519447326660156
-0.0282211303710938 -0.0231571197509766 0.0024871826171875 -0.164581298828125
0.0298919677734375 -0.112762451171875 0.0291900634765625 0.1671142578125
-0.0633697509765625 -0.0979385375976563 0.0367240905761719 0.0593109130859375
-0.104515075683594 -0.0228500366210938 -0.0424690246582031 -0.00397109985351562
-0.0693206787109375 0.0567054748535156 -0.0803298950195312 0.0761795043945313
-0.014434814453125 0.0844879150390625 -0.0322647094726562 0.136978149414063
0.0496444702148438 0.0710830688476563 0.0706634521484375 0.17071533203125
0.0772323608398438 0.048187255859375 0.150924682617188 0.150039672851563
0.0641212463378906 0.04754638671875 0.152252197265625 0.117706298828125
0.0702590942382813 0.0553398132324219 0.129295349121094 0.127296447753906
0.03167724609375 0.0840225219726563 0.081329345703125 0.140052795410156
-0.035980224609375 0.0792617797851563 0.0302505493164062 0.0992507934570313
-0.083770751953125 0.0260009765625 0.0183944702148438 0.0674705505371094
-0.0673370361328125 -0.06475830078125 0.0775985717773438 0.0875015258789063
-0.009796142578125 -0.10638427734375 0.119003295898437 0.218841552734375
0.04168701171875 -0.0825271606445313 -0.00735473632812502 0.41448974609375
0.00695800781249998 -0.233551025390625 0.024078369140625 0.125717163085937
-0.115234375 -0.187179565429687 0.0236930847167969 0.0452537536621094
-0.189163208007812 -0.0771331787109375 -0.0342140197753906 -0.00943374633789063
-0.159774780273438 0.0732879638671875 -0.0694618225097656 0.0540122985839844
-0.0688323974609375 0.146194458007813 -0.0424880981445313 0.100265502929688
0.05242919921875 0.159210205078125 0.0411529541015625 0.143356323242188
0.114158630371094 0.122543334960938 0.113128662109375 0.130256652832031
0.0991134643554687 0.1165771484375 0.116989135742187 0.0974578857421875
0.109954833984375 0.133201599121094 0.096099853515625 0.100112915039063
0.046142578125 0.164901733398438 0.0691909790039063 0.101226806640625
-0.070526123046875 0.15704345703125 0.0322494506835937 0.0546150207519531
-0.156143188476563 0.0708465576171875 0.038055419921875 0.0407142639160156
-0.1610107421875 -0.10076904296875 0.107879638671875 0.0744781494140625
-0.09100341796875 -0.196258544921875 0.1331787109375 0.204330444335938
0.00808715820312498 -0.203201293945313 0.01812744140625 0.383026123046875
-0.0177001953125 -0.321807861328125 0.0229949951171875 0.0477142333984375
-0.155853271484375 -0.254547119140625 0.00492286682128905 0.0099964141845703
-0.255294799804688 -0.121322631835937 -0.0286846160888672 -0.0142936706542969
-0.233932495117188 0.0817718505859375 -0.0499801635742188 0.0294761657714844
-0.11639404296875 0.18988037109375 -0.0421562194824219 0.0517234802246094
0.0464630126953125 0.226211547851563 0.00978851318359375 0.0940322875976563
0.1336669921875 0.179000854492188 0.0607070922851563 0.0897445678710938
0.119186401367188 0.167388916015625 0.0647163391113281 0.0631675720214844
0.136672973632812 0.1893310546875 0.0451431274414063 0.0582199096679688
0.060150146484375 0.2235107421875 0.0438880920410156 0.0463600158691406
-0.08966064453125 0.21875 0.0266380310058594 -0.00124740600585936
-0.206298828125 0.117874145507812 0.0540122985839844 0.00352478027343751
-0.242828369140625 -0.113067626953125 0.127487182617187 0.05194091796875
-0.169235229492188 -0.253799438476563 0.128372192382813 0.16839599609375
-0.032989501953125 -0.292022705078125 0.033721923828125 0.308563232421875
-0.042816162109375 -0.361419677734375 0.0225753784179687 -0.0549125671386719
-0.1829833984375 -0.283935546875 -0.0182342529296875 -0.0409011840820313
-0.290771484375 -0.138336181640625 -0.0262126922607422 -0.0207786560058594
-0.274917602539063 0.08624267578125 -0.0251007080078125 0.000904083251953133
-0.144210815429688 0.208648681640625 -0.0355644226074219 -0.00517654418945311
0.0364990234375 0.26007080078125 -0.0210895538330078 0.0296993255615234
0.134567260742188 0.208297729492188 0.000503540039062511 0.0344886779785156
0.123062133789062 0.193206787109375 0.00177574157714844 0.0192050933837891
0.143417358398438 0.217361450195313 -0.0153102874755859 0.00888538360595705
0.066009521484375 0.249038696289063 0.00582599639892578 -0.0160741806030273
-0.0970458984375 0.249923706054688 0.0114669799804687 -0.0613288879394531
-0.226409912109375 0.1484375 0.0600738525390625 -0.0388069152832031
-0.288818359375 -0.10711669921875 0.129417419433594 0.02374267578125
-0.221572875976563 -0.27215576171875 0.100898742675781 0.117362976074219
-0.06732177734375 -0.334136962890625 0.034332275390625 0.20245361328125
-0.067474365234375 -0.34442138671875 0.0201416015625 -0.167556762695313
-0.18902587890625 -0.26544189453125 -0.0435256958007813 -0.09942626953125
-0.283355712890625 -0.12481689453125 -0.0265903472900391 -0.0311737060546875
-0.265304565429688 0.0837249755859375 -0.00118446350097658 -0.0314044952392578
-0.14251708984375 0.195465087890625 -0.0249366760253906 -0.0620002746582031
0.0242919921875 0.250335693359375 -0.0483779907226563 -0.04052734375
0.115219116210937 0.203811645507813 -0.0585136413574219 -0.0272560119628906
0.107086181640625 0.1890869140625 -0.06103515625 -0.0274314880371094
0.12628173828125 0.21337890625 -0.0754776000976562 -0.0415115356445312
0.0550079345703125 0.2369384765625 -0.037353515625 -0.07733154296875
-0.0956573486328125 0.235687255859375 -0.00772094726562501 -0.114944458007812
-0.213043212890625 0.143402099609375 0.0589828491210937 -0.07647705078125
-0.278350830078125 -0.0955963134765625 0.114250183105469 -0.00201416015625001
-0.223709106445313 -0.2509765625 0.0545196533203125 0.0614356994628906
-0.081146240234375 -0.32305908203125 0.021759033203125 0.0819473266601562
-0.083160400390625 -0.27606201171875 0.013885498046875 -0.271926879882813
-0.16778564453125 -0.201583862304688 -0.064849853515625 -0.156158447265625
-0.2255859375 -0.084442138671875 -0.0284385681152344 -0.04315185546875
-0.205673217773438 0.068206787109375 0.0162429809570312 -0.0613365173339844
-0.111312866210937 0.14886474609375 -0.0158538818359375 -0.106597900390625
0.0114593505859375 0.199356079101563 -0.0680618286132812 -0.100822448730469
0.0795745849609375 0.16693115234375 -0.107627868652344 -0.0835189819335938
0.0752105712890625 0.156356811523437 -0.114280700683594 -0.070648193359375
0.0872039794921875 0.178817749023437 -0.122627258300781 -0.0887222290039062
0.028778076171875 0.189071655273438 -0.072296142578125 -0.128807067871094
-0.089508056640625 0.177947998046875 -0.01910400390625 -0.152618408203125
-0.169418334960938 0.097686767578125 0.056365966796875 -0.101181030273438
-0.211135864257813 -0.083953857421875 0.0912628173828125 -0.0167388916015625
-0.173324584960938 -0.19677734375 0.00841808319091796 0.00949573516845702
-0.071380615234375 -0.259872436523438 0.00721168518066406 -0.0319557189941406
-0.0886688232421875 -0.164596557617187 0.00393676757812497 -0.353240966796875
-0.12249755859375 -0.106697082519531 -0.0824432373046875 -0.200775146484375
-0.131065368652344 -0.0278167724609375 -0.0359001159667969 -0.0536346435546875
-0.110183715820313 0.0446243286132812 0.0199737548828125 -0.0791549682617188
-0.0599822998046875 0.0791778564453125 -0.011138916015625 -0.1273193359375
-0.000549316406250005 0.115959167480469 -0.0790481567382813 -0.1378173828125
0.0332565307617187 0.103622436523437 -0.138442993164063 -0.123252868652344
0.0323638916015625 0.100311279296875 -0.14892578125 -0.10467529296875
0.0351409912109375 0.117568969726563 -0.1497802734375 -0.12615966796875
-0.00482940673828124 0.114265441894531 -0.0890350341796875 -0.165206909179688
-0.0731887817382813 0.0925064086914062 -0.015899658203125 -0.171188354492187
-0.10321044921875 0.0341110229492187 0.0596389770507813 -0.109413146972656
-0.10968017578125 -0.064727783203125 0.07061767578125 -0.0202255249023438
-0.0924453735351563 -0.113731384277344 -0.0228176116943359 -0.0309009552001953
-0.0489349365234375 -0.156585693359375 -0.0001373291015625 -0.120590209960938
-0.0791854858398438 -0.0286331176757812 -0.012176513671875 -0.39923095703125
-0.062103271484375 -0.00278091430664063 -0.0991973876953125 -0.228363037109375
-0.0261592864990234 0.0299072265625 -0.0521278381347656 -0.0573043823242188
-0.00524616241455078 0.0164918899536133 0.0088653564453125 -0.0802841186523438
-0.00307774543762207 0.00203680992126465 -0.0106887817382812 -0.121597290039062
-0.0121974945068359 0.016505241394043 -0.0805206298828125 -0.147384643554688
-0.01629638671875 0.0250358581542969 -0.148727416992187 -0.140548706054688
-0.0146865844726562 0.0278663635253906 -0.160903930664063 -0.122467041015625
-0.0203704833984375 0.0382728576660156 -0.15338134765625 -0.148544311523438
-0.0338478088378906 0.0237751007080078 -0.0890960693359375 -0.18280029296875
-0.043121337890625 -0.00126647949218751 -0.0033111572265625 -0.16851806640625
-0.0216121673583984 -0.0240631103515625 0.0660324096679688 -0.102272033691406
-0.00136566162109375 -0.0269660949707031 0.0553703308105469 -0.0157508850097656
-0.0107631683349609 -0.0115432739257813 -0.0348892211914063 -0.0544853210449219
-0.026519775390625 -0.0287418365478516 -0.00158691406249998 -0.172470092773437
0.0292129516601562 -0.1151123046875 0.03387451171875 0.179153442382813
-0.0644912719726563 -0.0967254638671875 0.0411796569824219 0.065155029296875
-0.106422424316406 -0.0225372314453125 -0.0428619384765625 -0.00390243530273439
-0.0698661804199219 0.0581092834472656 -0.0823516845703125 0.079986572265625
-0.0138015747070313 0.086181640625 -0.0329132080078125 0.142013549804688
0.0517425537109375 0.0711593627929688 0.0749053955078125 0.176834106445313
0.0798492431640625 0.047698974609375 0.158004760742188 0.154464721679688
0.0666046142578125 0.04632568359375 0.159866333007813 0.120407104492188
0.0729217529296875 0.0536346435546875 0.136054992675781 0.1326904296875
0.0346298217773437 0.0839080810546875 0.085479736328125 0.144393920898438
-0.0342788696289062 0.0826873779296875 0.0316925048828125 0.102272033691406
-0.0853195190429687 0.0286788940429687 0.0202789306640625 0.0706100463867188
-0.0703964233398438 -0.0655899047851563 0.0806350708007813 0.0897216796875
-0.013580322265625 -0.108261108398438 0.125396728515625 0.2291259765625
0.0399856567382812 -0.08441162109375 -0.00390624999999995 0.432403564453125
0.00469970703125002 -0.241653442382813 0.0275039672851562 0.137016296386719
-0.120193481445313 -0.18975830078125 0.0269203186035156 0.0516433715820312
-0.195877075195313 -0.0777587890625 -0.0341529846191406 -0.00898170471191407
-0.163772583007813 0.076934814453125 -0.07159423828125 0.0570907592773437
-0.0691986083984375 0.151397705078125 -0.0431671142578125 0.104461669921875
0.0574188232421875 0.163101196289063 0.0442352294921875 0.149078369140625
0.12060546875 0.125091552734375 0.1199951171875 0.134368896484375
0.104988098144531 0.118118286132813 0.124488830566406 0.100486755371094
0.1170654296875 0.134346008300781 0.101173400878906 0.104667663574219
0.051361083984375 0.16790771484375 0.0732498168945313 0.104721069335938
-0.0695037841796875 0.164688110351563 0.0326042175292969 0.056976318359375
-0.160507202148438 0.07708740234375 0.0401992797851562 0.0430183410644531
-0.169692993164063 -0.102325439453125 0.110977172851563 0.07672119140625
-0.098968505859375 -0.2015380859375 0.138595581054688 0.213287353515625
0.005126953125 -0.2113037109375 0.022369384765625 0.3984375
-0.02081298828125 -0.333282470703125 0.0244789123535156 0.0566825866699219
-0.162185668945313 -0.260406494140625 0.0067911148071289 0.0158557891845703
-0.265518188476563 -0.123336791992187 -0.0287494659423828 -0.0135993957519531
-0.241439819335938 0.0880584716796875 -0.0514869689941406 0.0316963195800781
-0.117294311523438 0.198654174804688 -0.0441398620605469 0.0547332763671875
0.0533447265625 0.233428955078125 0.0119476318359375 0.099700927734375
0.142730712890625 0.183822631835938 0.065887451171875 0.0937423706054688
0.127059936523438 0.17144775390625 0.0702056884765625 0.0652389526367188
0.145751953125 0.19403076171875 0.0490455627441406 0.0627708435058594
0.067291259765625 0.229522705078125 0.045867919921875 0.0482559204101563
-0.0885009765625 0.2301025390625 0.0261745452880859 0.000104904174804702
-0.212295532226563 0.127151489257812 0.0564117431640625 0.00530242919921876
-0.254959106445313 -0.114227294921875 0.131492614746094 0.0527496337890625
-0.180862426757813 -0.260986328125 0.1334228515625 0.175552368164062
-0.037322998046875 -0.30474853515625 0.036102294921875 0.32000732421875
-0.047332763671875 -0.3751220703125 0.0223503112792969 -0.0500335693359375
-0.19091796875 -0.291900634765625 -0.0190315246582031 -0.0364875793457031
-0.30438232421875 -0.1417236328125 -0.0270271301269531 -0.0200271606445313
-0.2841796875 0.093841552734375 -0.0263481140136719 0.00251579284667969
-0.14642333984375 0.21942138671875 -0.0368194580078125 -0.00426101684570312
0.04345703125 0.26904296875 -0.0206871032714844 0.0330982208251953
0.144577026367188 0.214706420898438 0.00286865234375001 0.0367469787597656
0.1314697265625 0.198837280273438 0.00507354736328126 0.0200042724609375
0.153976440429687 0.22412109375 -0.0140285491943359 0.0122833251953125
0.0733642578125 0.256866455078125 0.0063467025756836 -0.0162801742553711
-0.095550537109375 0.263336181640625 0.00953674316406249 -0.0621185302734375
-0.233734130859375 0.1591796875 0.0629997253417969 -0.0381698608398437
-0.302764892578125 -0.108154296875 0.133766174316406 0.0237274169921875
-0.234115600585938 -0.280410766601563 0.103279113769531 0.122840881347656
-0.072265625 -0.3494873046875 0.03497314453125 0.209243774414062
-0.071014404296875 -0.358673095703125 0.0185699462890625 -0.168350219726563
-0.19818115234375 -0.27435302734375 -0.0463485717773438 -0.0976486206054688
-0.296783447265625 -0.1285400390625 -0.0272712707519531 -0.0303192138671875
-0.276046752929688 0.091094970703125 -0.00174140930175783 -0.0309658050537109
-0.146163940429688 0.20648193359375 -0.0265541076660156 -0.0635147094726563
0.031402587890625 0.26116943359375 -0.0490264892578125 -0.0392379760742187
0.125381469726563 0.210800170898438 -0.0598487854003906 -0.026275634765625
0.115631103515625 0.1962890625 -0.0611152648925781 -0.0283622741699219
0.136611938476562 0.221588134765625 -0.0765457153320312 -0.0399627685546875
0.062957763671875 0.24505615234375 -0.03887939453125 -0.0786514282226562
-0.0948638916015625 0.248672485351563 -0.0107955932617188 -0.117507934570312
-0.220046997070313 0.152999877929687 0.0610198974609375 -0.0775985717773437
-0.2921142578125 -0.0973815917968749 0.117774963378906 -0.00164031982421876
-0.235885620117188 -0.258529663085938 0.0548553466796875 0.064605712890625
-0.084716796875 -0.338409423828125 0.0198135375976562 0.0840377807617187
-0.08685302734375 -0.288330078125 0.01080322265625 -0.27813720703125
-0.176406860351563 -0.210464477539063 -0.0698394775390625 -0.157989501953125
-0.23651123046875 -0.0880279541015625 -0.0305442810058594 -0.0432357788085938
-0.21478271484375 0.0751495361328125 0.0157966613769531 -0.0620384216308594
-0.115646362304688 0.157684326171875 -0.0174484252929688 -0.109550476074219
0.01611328125 0.208480834960938 -0.0705947875976563 -0.102188110351562
0.088104248046875 0.17340087890625 -0.111122131347656 -0.084564208984375
0.081787109375 0.164154052734375 -0.116287231445313 -0.072906494140625
0.0963592529296875 0.186965942382813 -0.127021789550781 -0.0884017944335937
0.034027099609375 0.197280883789063 -0.0755844116210937 -0.132125854492188
-0.0904083251953125 0.189117431640625 -0.0224456787109375 -0.1568603515625
-0.176467895507813 0.105758666992188 0.0586013793945313 -0.103195190429688
-0.222000122070312 -0.0860595703125 0.0942459106445312 -0.017120361328125
-0.181808471679688 -0.203659057617187 0.00637340545654296 0.0101203918457031
-0.07415771484375 -0.273895263671875 0.00415992736816406 -0.0347461700439453
-0.0903167724609375 -0.17352294921875 -0.000610351562499997 -0.365081787109375
-0.128547668457031 -0.11358642578125 -0.089630126953125 -0.206024169921875
-0.138114929199219 -0.0311737060546875 -0.038421630859375 -0.0545845031738281
-0.11627197265625 0.049072265625 0.019287109375 -0.080841064453125
-0.06329345703125 0.0849456787109375 -0.0119705200195313 -0.131278991699219
0.0024566650390625 0.1229248046875 -0.0823822021484375 -0.14166259765625
0.0390090942382813 0.108688354492187 -0.144317626953125 -0.12664794921875
0.0367050170898438 0.105751037597656 -0.15362548828125 -0.10723876953125
0.0412216186523437 0.124374389648438 -0.1561279296875 -0.128372192382813
-0.00202178955078126 0.120895385742187 -0.093475341796875 -0.169647216796875
-0.074951171875 0.100257873535156 -0.0196075439453125 -0.176132202148438
-0.1090087890625 0.038665771484375 0.060821533203125 -0.11212158203125
-0.116645812988281 -0.0672836303710937 0.07275390625 -0.0210037231445313
-0.0974960327148438 -0.119209289550781 -0.0261745452880859 -0.0325069427490234
-0.05029296875 -0.1669921875 -0.00431823730468751 -0.128364562988281
-0.0795669555664063 -0.0318145751953125 -0.0169677734375 -0.41497802734375
-0.0637130737304688 -0.00555419921875001 -0.106857299804688 -0.236404418945312
-0.0264949798583984 0.0285320281982422 -0.0559654235839844 -0.0584297180175781
-0.00787162780761719 0.0177326202392578 0.00817108154296876 -0.0828018188476562
-0.00495433807373047 0.00391769409179688 -0.0117263793945313 -0.12548828125
-0.0116348266601563 0.0208339691162109 -0.083953857421875 -0.153228759765625
-0.0155296325683594 0.0272045135498047 -0.156219482421875 -0.145187377929688
-0.0134220123291016 0.0311107635498047 -0.16748046875 -0.125320434570313
-0.0185813903808594 0.0429954528808594 -0.160873413085938 -0.152786254882812
-0.0333709716796875 0.0276641845703125 -0.0940399169921875 -0.187347412109375
-0.0449752807617188 0.00183486938476563 -0.00598144531250001 -0.173965454101563
-0.025299072265625 -0.0229949951171875 0.0670013427734375 -0.106170654296875
-0.00363731384277343 -0.0284671783447266 0.0573081970214844 -0.0168418884277344
-0.011408805847168 -0.0148067474365234 -0.0384140014648437 -0.0580673217773438
-0.0258045196533203 -0.0340919494628906 -0.00592041015624999 -0.182632446289063
0.0275497436523437 -0.120094299316406 0.043182373046875 0.193878173828125
-0.0694351196289063 -0.096710205078125 0.0474472045898437 0.0712814331054688
-0.111038208007812 -0.02020263671875 -0.0436630249023438 -0.00363540649414063
-0.070709228515625 0.0617294311523438 -0.0843734741210938 0.0861282348632812
-0.0112686157226563 0.08917236328125 -0.0309600830078125 0.150787353515625
0.0565567016601563 0.0717620849609375 0.08343505859375 0.185104370117188
0.085693359375 0.0462646484375 0.172256469726562 0.158187866210938
0.0708999633789063 0.0448379516601563 0.172271728515625 0.123046875
0.07794189453125 0.0515060424804687 0.148162841796875 0.136871337890625
0.0398101806640625 0.0846710205078125 0.0942535400390625 0.150222778320313
-0.0315093994140625 0.0877685546875 0.03582763671875 0.107002258300781
-0.0872573852539063 0.03369140625 0.023651123046875 0.0743331909179688
-0.0766372680664062 -0.065704345703125 0.0870590209960938 0.0925521850585938
-0.01983642578125 -0.11102294921875 0.139373779296875 0.238937377929687
0.0375289916992188 -0.0879058837890625 0.00775146484374998 0.4573974609375
-0.00149536132812502 -0.252883911132813 0.034698486328125 0.150787353515625
-0.1302490234375 -0.193511962890625 0.0320320129394531 0.0583076477050781
-0.2071533203125 -0.0762481689453125 -0.0352935791015625 -0.00882339477539064
-0.168716430664063 0.0854949951171875 -0.0734100341796875 0.0622482299804687
-0.0673828125 0.160690307617188 -0.0433502197265625 0.111686706542969
0.0664520263671875 0.168060302734375 0.05157470703125 0.157272338867187
0.132171630859375 0.126609802246094 0.131668090820313 0.139190673828125
0.114181518554688 0.119438171386719 0.135368347167969 0.102279663085938
0.128257751464844 0.136085510253906 0.111282348632813 0.10968017578125
0.0609283447265625 0.174087524414063 0.0801467895507813 0.108169555664063
-0.065582275390625 0.176803588867188 0.0349349975585937 0.0603256225585938
-0.166030883789063 0.0877838134765625 0.0441169738769531 0.0453987121582031
-0.18304443359375 -0.10272216796875 0.118377685546875 0.0776138305664063
-0.112533569335937 -0.2083740234375 0.1517333984375 0.223052978515625
-0.00222778320312498 -0.222488403320313 0.0333251953125 0.420318603515625
-0.030181884765625 -0.3499755859375 0.0287017822265625 0.06640625
-0.177749633789063 -0.267303466796875 0.00890159606933593 0.0226001739501953
-0.282806396484375 -0.123016357421875 -0.0298805236816406 -0.0131721496582031
-0.25048828125 0.100082397460938 -0.0532379150390625 0.0356330871582031
-0.1175537109375 0.21221923828125 -0.0455589294433594 0.0591278076171875
0.0655517578125 0.242523193359375 0.016204833984375 0.106895446777344
0.15838623046875 0.188385009765625 0.0736160278320313 0.09765625
0.140518188476563 0.1756591796875 0.07763671875 0.0659942626953125
0.162063598632813 0.1986083984375 0.055572509765625 0.0669746398925781
0.079132080078125 0.237625122070312 0.0500144958496094 0.0498161315917969
-0.083709716796875 0.246780395507813 0.0256805419921875 0.000320434570312515
-0.219635009765625 0.142074584960938 0.0601119995117187 0.00541305541992188
-0.274124145507813 -0.11395263671875 0.138946533203125 0.0524978637695312
-0.200439453125 -0.269317626953125 0.14459228515625 0.184188842773437
-0.04791259765625 -0.3218994140625 0.0455322265625 0.337158203125
-0.05828857421875 -0.394500732421875 0.0230178833007812 -0.0466232299804688
-0.207977294921875 -0.301727294921875 -0.0198688507080078 -0.0325946807861328
-0.3255615234375 -0.1424560546875 -0.0284824371337891 -0.0191707611083985
-0.2957763671875 0.10858154296875 -0.0277976989746094 0.0049419403076172
-0.147567749023438 0.236465454101563 -0.039581298828125 -0.00234603881835936
0.057037353515625 0.281524658203125 -0.0193023681640625 0.0374832153320313
0.162109375 0.221511840820312 0.00616836547851564 0.0393028259277344
0.146713256835938 0.204803466796875 0.00849151611328126 0.0204315185546875
0.172607421875 0.23114013671875 -0.0119800567626953 0.0158863067626953
0.087371826171875 0.267791748046875 0.00607585906982422 -0.0166797637939453
-0.08984375 0.282867431640625 0.00670623779296875 -0.0632820129394531
-0.240966796875 0.176971435546875 0.0657577514648437 -0.040283203125
-0.3250732421875 -0.10638427734375 0.139900207519531 0.0219650268554687
-0.257354736328125 -0.288787841796875 0.110023498535156 0.128921508789062
-0.085174560546875 -0.370086669921875 0.039825439453125 0.219863891601562
-0.0826416015625 -0.378143310546875 0.0152587890625 -0.171768188476563
-0.216033935546875 -0.284454345703125 -0.0511932373046875 -0.097747802734375
-0.3184814453125 -0.128936767578125 -0.0298728942871094 -0.0298080444335938
-0.28863525390625 0.106475830078125 -0.0028667449951172 -0.0309028625488281
-0.148040771484375 0.223342895507812 -0.0304450988769531 -0.0646858215332031
0.04345703125 0.274520874023437 -0.0516586303710938 -0.0378074645996094
0.141677856445312 0.21875 -0.0620803833007812 -0.0251617431640625
0.130157470703125 0.20361328125 -0.0624008178710938 -0.0286102294921875
0.1546630859375 0.22991943359375 -0.0801620483398437 -0.0371551513671875
0.075836181640625 0.256515502929688 -0.0426025390625 -0.0819244384765625
-0.090118408203125 0.268646240234375 -0.0158920288085938 -0.121177673339844
-0.227310180664063 0.170196533203125 0.0628890991210937 -0.0815963745117187
-0.313140869140625 -0.09521484375 0.123016357421875 -0.00455474853515626
-0.256439208984375 -0.26739501953125 0.0569000244140625 0.067840576171875
-0.097198486328125 -0.358673095703125 0.0202789306640625 0.0874176025390625
-0.097320556640625 -0.30426025390625 0.00341796875000002 -0.289398193359375
-0.191177368164063 -0.218948364257813 -0.0789337158203125 -0.161605834960938
-0.25396728515625 -0.0886383056640625 -0.0337409973144531 -0.043365478515625
-0.225860595703125 0.0875701904296875 0.0145034790039062 -0.064117431640625
-0.117477416992187 0.172256469726563 -0.0217819213867188 -0.113784790039062
0.026885986328125 0.220687866210938 -0.0760879516601562 -0.103843688964844
0.100494384765625 0.180877685546875 -0.118057250976562 -0.0850830078125
0.0938568115234375 0.170578002929688 -0.122764587402344 -0.0742721557617187
0.110977172851563 0.19580078125 -0.135047912597656 -0.0884170532226563
0.0432586669921875 0.207672119140625 -0.0822296142578125 -0.136405944824219
-0.0877838134765625 0.20465087890625 -0.029022216796875 -0.162551879882813
-0.184463500976562 0.118438720703125 0.0598526000976562 -0.108978271484375
-0.239212036132813 -0.08563232421875 0.0982513427734375 -0.0201568603515625
-0.1988525390625 -0.211257934570313 0.00425052642822265 0.0113143920898437
-0.08380126953125 -0.292510986328125 0.000480651855468747 -0.0380172729492188
-0.0972442626953125 -0.182968139648437 -0.01092529296875 -0.3828125
-0.137908935546875 -0.119636535644531 -0.101943969726562 -0.213668823242187
-0.1480712890625 -0.032318115234375 -0.0428924560546875 -0.0550308227539063
-0.123214721679688 0.0561141967773438 0.0179367065429687 -0.0842971801757813
-0.065521240234375 0.0943450927734375 -0.01611328125 -0.137542724609375
0.00841522216796876 0.131538391113281 -0.0895843505859375 -0.146484375
0.0460357666015625 0.114707946777344 -0.156082153320313 -0.128768920898437
0.0441131591796875 0.111396789550781 -0.164077758789063 -0.108871459960937
0.0502853393554687 0.132492065429688 -0.167572021484375 -0.129791259765625
0.00313568115234376 0.129066467285156 -0.103256225585938 -0.175384521484375
-0.075531005859375 0.110763549804688 -0.0272064208984375 -0.183700561523438
-0.115219116210938 0.045928955078125 0.06158447265625 -0.118881225585938
-0.126876831054688 -0.0682449340820312 0.0763702392578125 -0.0243301391601563
-0.10723876953125 -0.125564575195313 -0.031005859375 -0.0336093902587891
-0.0554046630859375 -0.18035888671875 -0.0112762451171875 -0.137191772460938
-0.0820465087890625 -0.0337982177734375 -0.030242919921875 -0.4375
-0.0668449401855469 -0.00706863403320313 -0.121749877929687 -0.246597290039063
-0.0271663665771484 0.0282478332519531 -0.0617942810058594 -0.059356689453125
-0.00947761535644532 0.0193653106689453 0.00537872314453125 -0.086517333984375
-0.00653362274169922 0.00563526153564453 -0.0151596069335938 -0.131805419921875
-0.0112190246582031 0.0240631103515625 -0.09222412109375 -0.159683227539063
-0.0143966674804688 0.0302963256835938 -0.169570922851563 -0.149139404296875
-0.0112400054931641 0.0350513458251953 -0.180343627929688 -0.128219604492187
-0.01611328125 0.0482330322265625 -0.174392700195312 -0.15533447265625
-0.0332202911376953 0.0322322845458984 -0.103271484375 -0.194442749023438
-0.0475196838378906 0.00628280639648438 -0.01202392578125 -0.1824951171875
-0.0294475555419922 -0.02166748046875 0.0673828125 -0.112693786621094
-0.00627517700195312 -0.03082275390625 0.0605697631835938 -0.0191459655761719
-0.0132770538330078 -0.0175971984863281 -0.0448341369628906 -0.0618209838867188
-0.0261878967285156 -0.0401268005371094 -0.0148468017578125 -0.196380615234375
0.0221939086914063 -0.125328063964844 0.0578765869140625 0.205459594726562
-0.0760726928710937 -0.0933914184570313 0.0562362670898437 0.0761032104492188
-0.11480712890625 -0.0144195556640625 -0.0456161499023438 -0.00195693969726562
-0.0687446594238281 0.0659828186035156 -0.0833663940429688 0.0942916870117187
-0.00656127929687501 0.0922927856445313 -0.024444580078125 0.159652709960938
0.0630455017089844 0.0695152282714844 0.0976409912109375 0.18939208984375
0.0926284790039063 0.0415496826171875 0.189544677734375 0.155960083007813
0.075439453125 0.0405120849609375 0.186920166015625 0.118988037109375
0.0831298828125 0.0463943481445313 0.163497924804688 0.13604736328125
0.0471954345703125 0.0837249755859375 0.106781005859375 0.152435302734375
-0.0256576538085937 0.0928421020507813 0.0424118041992187 0.110572814941406
-0.0881195068359375 0.0399551391601562 0.0286941528320312 0.0768280029296875
-0.0837860107421875 -0.0632858276367188 0.0955276489257813 0.0920486450195313
-0.0288543701171875 -0.11273193359375 0.159759521484375 0.24456787109375
0.0329132080078125 -0.0919189453125 0.03375244140625 0.479278564453125
-0.0148773193359375 -0.264114379882813 0.0463104248046875 0.162200927734375
-0.144363403320313 -0.191238403320313 0.0393333435058594 0.0642433166503906
-0.219818115234375 -0.0684051513671875 -0.0366859436035156 -0.00741195678710939
-0.17034912109375 0.0976715087890625 -0.073455810546875 0.0695037841796875
-0.0613555908203125 0.16998291015625 -0.040130615234375 0.11956787109375
0.0803070068359375 0.1697998046875 0.0630340576171875 0.163116455078125
0.146347045898438 0.12298583984375 0.146759033203125 0.138702392578125
0.125808715820313 0.116783142089844 0.147811889648438 0.0987701416015625
0.142303466796875 0.132904052734375 0.124626159667969 0.109954833984375
0.07464599609375 0.17645263671875 0.0895843505859375 0.108650207519531
-0.055999755859375 0.188644409179688 0.0390052795410156 0.0622100830078125
-0.167938232421875 0.101181030273438 0.0492782592773438 0.0458221435546875
-0.1988525390625 -0.096893310546875 0.126266479492188 0.07470703125
-0.131134033203125 -0.209762573242187 0.170516967773438 0.227218627929688
-0.015533447265625 -0.233123779296875 0.056732177734375 0.438751220703125
-0.04901123046875 -0.36444091796875 0.0351486206054688 0.0746002197265625
-0.19708251953125 -0.267837524414062 0.01300048828125 0.0282821655273437
-0.3021240234375 -0.113922119140625 -0.0312461853027344 -0.0116024017333984
-0.254898071289062 0.118240356445313 -0.0539283752441406 0.0411300659179688
-0.110885620117188 0.227752685546875 -0.0456504821777344 0.065338134765625
0.0840301513671875 0.248794555664063 0.0240631103515625 0.112319946289063
0.17828369140625 0.186752319335938 0.0847930908203125 0.0986709594726563
0.157180786132813 0.17462158203125 0.0861663818359375 0.0641403198242188
0.18316650390625 0.197189331054688 0.0640335083007813 0.0690193176269531
0.0981903076171875 0.242218017578125 0.0552024841308594 0.0492477416992188
-0.0708465576171875 0.264022827148438 0.0255622863769531 0.000875473022460954
-0.220916748046875 0.161422729492188 0.0636978149414063 0.00300598144531251
-0.294921875 -0.104339599609375 0.146255493164062 0.047271728515625
-0.226211547851563 -0.270034790039062 0.159088134765625 0.187210083007812
-0.068145751953125 -0.336334228515625 0.064361572265625 0.350555419921875
-0.07965087890625 -0.410736083984375 0.0229606628417969 -0.0432929992675782
-0.232513427734375 -0.303619384765625 -0.0206871032714844 -0.0280017852783203
-0.34912109375 -0.13262939453125 -0.0301914215087891 -0.0180416107177735
-0.30242919921875 0.130615234375 -0.028982162475586 0.00779533386230469
-0.140350341796875 0.255828857421875 -0.0427742004394531 0.000801086425781273
0.078338623046875 0.2894287109375 -0.0164337158203125 0.0430870056152344
0.18402099609375 0.221450805664062 0.0108146667480469 0.0419502258300781
0.165695190429688 0.2056884765625 0.0113277435302734 0.0195865631103516
0.19708251953125 0.231063842773438 -0.00957679748535155 0.019247055053711
0.1077880859375 0.273681640625 0.00573348999023438 -0.0181427001953125
-0.075347900390625 0.302520751953125 0.0021209716796875 -0.0641708374023437
-0.24200439453125 0.199478149414063 0.067626953125 -0.0449028015136719
-0.347900390625 -0.093536376953125 0.146469116210937 0.01593017578125
-0.285797119140625 -0.288116455078125 0.120429992675781 0.130928039550781
-0.10797119140625 -0.386260986328125 0.0512847900390625 0.227737426757813
-0.103607177734375 -0.393310546875 0.00736999511718749 -0.174850463867188
-0.239593505859375 -0.287353515625 -0.0581893920898438 -0.0952377319335938
-0.342376708984375 -0.12078857421875 -0.032623291015625 -0.0285911560058594
-0.295684814453125 0.128082275390625 -0.00497055053710939 -0.0301876068115234
-0.141693115234375 0.242904663085937 -0.035919189453125 -0.0650749206542969
0.06378173828125 0.284423828125 -0.0541114807128906 -0.034393310546875
0.162918090820313 0.220443725585938 -0.0638694763183594 -0.0219573974609375
0.149139404296875 0.2054443359375 -0.0649833679199219 -0.0276870727539062
0.17913818359375 0.231414794921875 -0.083343505859375 -0.0327682495117187
0.0951080322265625 0.263885498046875 -0.0491104125976562 -0.08270263671875
-0.0770263671875 0.2874755859375 -0.024261474609375 -0.123435974121094
-0.228485107421875 0.191741943359375 0.062347412109375 -0.087890625
-0.33465576171875 -0.08343505859375 0.127723693847656 -0.0106658935546875
-0.28436279296875 -0.266204833984375 0.0612754821777343 0.0697784423828125
-0.11956787109375 -0.375244140625 0.0237274169921875 0.0902328491210937
-0.114105224609375 -0.3167724609375 -0.011322021484375 -0.29925537109375
-0.211013793945313 -0.221572875976562 -0.0921783447265625 -0.161911010742188
-0.2728271484375 -0.0831451416015625 -0.0383224487304688 -0.0426406860351563
-0.231689453125 0.106109619140625 0.0108718872070312 -0.0658187866210937
-0.113616943359375 0.188568115234375 -0.029022216796875 -0.116905212402344
0.043182373046875 0.229568481445313 -0.08349609375 -0.10308837890625
0.117889404296875 0.184234619140625 -0.126556396484375 -0.082183837890625
0.109832763671875 0.173858642578125 -0.131095886230469 -0.0719375610351562
0.131927490234375 0.199600219726563 -0.144454956054688 -0.0830841064453125
0.059356689453125 0.215621948242188 -0.0929489135742187 -0.137954711914063
-0.0782318115234375 0.22210693359375 -0.040008544921875 -0.165939331054688
-0.1868896484375 0.135696411132813 0.0571212768554687 -0.116714477539063
-0.257095336914063 -0.0776824951171875 0.100967407226562 -0.0258331298828125
-0.22015380859375 -0.212173461914063 0.00327682495117186 0.0126361846923828
-0.101776123046875 -0.307373046875 -0.00458145141601563 -0.0408096313476563
-0.108688354492188 -0.190902709960937 -0.032958984375 -0.39715576171875
-0.150482177734375 -0.121200561523438 -0.119354248046875 -0.217315673828125
-0.158859252929687 -0.029022216796875 -0.049072265625 -0.0537338256835938
-0.127433776855469 0.0667572021484375 0.0126495361328125 -0.0878067016601563
-0.0639266967773438 0.103851318359375 -0.0242156982421875 -0.14227294921875
0.0178146362304688 0.138381958007813 -0.1007080078125 -0.1480712890625
0.05694580078125 0.118095397949219 -0.1700439453125 -0.126434326171875
0.0547866821289062 0.1156005859375 -0.177017211914063 -0.106658935546875
0.06402587890625 0.137481689453125 -0.181915283203125 -0.125396728515625
0.0122451782226562 0.13616943359375 -0.116943359375 -0.1773681640625
-0.0717315673828125 0.122940063476563 -0.038665771484375 -0.188690185546875
-0.119354248046875 0.0562210083007812 0.0581283569335938 -0.126502990722656
-0.138580322265625 -0.0654983520507813 0.078216552734375 -0.0293960571289063
-0.119659423828125 -0.12799072265625 -0.0375556945800781 -0.0341529846191406
-0.06658935546875 -0.191497802734375 -0.022613525390625 -0.1448974609375
-0.0846786499023438 -0.0342483520507812 -0.055328369140625 -0.455322265625
-0.07037353515625 -0.00716400146484376 -0.142562866210938 -0.251846313476563
-0.0280666351318359 0.0272235870361328 -0.0685043334960938 -0.0579719543457031
-0.00997734069824219 0.0211906433105469 0.000572204589843748 -0.089263916015625
-0.00765275955200195 0.00797843933105469 -0.0221633911132812 -0.136741638183594
-0.00930023193359375 0.0277099609375 -0.104690551757813 -0.162460327148437
-0.0123786926269531 0.0340099334716797 -0.185653686523438 -0.147262573242188
-0.00831222534179688 0.0383644104003906 -0.195510864257813 -0.12506103515625
-0.0114326477050781 0.0532913208007812 -0.191726684570312 -0.15264892578125
-0.0312271118164062 0.0380287170410156 -0.118988037109375 -0.196945190429688
-0.0497360229492187 0.0118904113769531 -0.0230712890625 -0.188308715820313
-0.0334968566894531 -0.0196819305419922 0.0643081665039063 -0.121170043945313
-0.0102634429931641 -0.0328884124755859 0.0617103576660156 -0.0243453979492188
-0.0151500701904297 -0.0206947326660156 -0.0533180236816406 -0.0628166198730469
-0.0288848876953125 -0.0451507568359375 -0.029144287109375 -0.2071533203125
0.0151138305664062 -0.127616882324219 0.0746002197265625 0.211395263671875
-0.0809249877929688 -0.0869140625 0.0660018920898438 0.0781478881835938
-0.117088317871094 -0.00704956054687501 -0.0464248657226563 4.57763671874975E-05
-0.065673828125 0.0701713562011719 -0.0796966552734375 0.1016845703125
-0.0015716552734375 0.0930557250976563 -0.0158538818359375 0.164886474609375
0.0684890747070313 0.0648574829101563 0.111541748046875 0.188079833984375
0.0973663330078125 0.0342636108398438 0.205245971679688 0.148223876953125
0.0788040161132813 0.0349655151367188 0.19866943359375 0.110305786132813
0.0869293212890625 0.0399246215820313 0.17730712890625 0.129592895507813
0.0535736083984375 0.0797500610351563 0.118484497070312 0.148391723632813
-0.0181045532226563 0.0956268310546875 0.0498275756835938 0.110877990722656
-0.0867080688476563 0.0470657348632812 0.0343475341796875 0.0769882202148437
-0.0901718139648438 -0.0584487915039062 0.102897644042969 0.0884552001953125
-0.0383453369140625 -0.111045837402344 0.179534912109375 0.241928100585938
0.0268325805664062 -0.092987060546875 0.064300537109375 0.48883056640625
-0.0302734375 -0.267822265625 0.0603485107421875 0.169357299804688
-0.156204223632813 -0.183441162109375 0.0473289489746094 0.0680809020996094
-0.22784423828125 -0.0564117431640625 -0.0373992919921875 -0.00551605224609376
-0.167251586914063 0.109115600585938 -0.0703048706054688 0.0760879516601563
-0.0515899658203125 0.176544189453125 -0.0345458984375 0.125640869140625
0.0934906005859375 0.166152954101562 0.0754547119140625 0.163665771484375
0.158767700195313 0.11456298828125 0.160812377929688 0.132736206054688
0.135589599609375 0.109916687011719 0.15740966796875 0.0915985107421875
0.154678344726563 0.124359130859375 0.13580322265625 0.105484008789063
0.0884857177734375 0.173171997070312 0.0979766845703125 0.105560302734375
-0.04217529296875 0.196182250976563 0.0433349609375 0.0623664855957031
-0.164337158203125 0.114578247070313 0.0533027648925781 0.0439414978027344
-0.211318969726563 -0.0862579345703125 0.13311767578125 0.0692214965820313
-0.150238037109375 -0.20428466796875 0.189071655273438 0.224136352539063
-0.031158447265625 -0.237518310546875 0.085113525390625 0.445831298828125
-0.070892333984375 -0.37042236328125 0.0427017211914062 0.0808486938476562
-0.215408325195313 -0.258941650390625 0.0181121826171875 0.0328960418701172
-0.316375732421875 -0.0980529785156249 -0.032278060913086 -0.00984001159667969
-0.25152587890625 0.135543823242188 -0.05194091796875 0.0466079711914063
-0.098388671875 0.238998413085937 -0.043609619140625 0.07110595703125
0.102951049804688 0.246170043945312 0.0328903198242187 0.115211486816406
0.1956787109375 0.177413940429687 0.0949554443359375 0.0959625244140625
0.172271728515625 0.167251586914062 0.0929412841796875 0.0591964721679688
0.201751708984375 0.187698364257812 0.0717391967773438 0.0679473876953125
0.117584228515625 0.240142822265625 0.0591621398925781 0.0469741821289063
-0.051666259765625 0.274765014648438 0.0257072448730469 0.00120544433593752
-0.215469360351563 0.179885864257813 0.0660324096679687 -0.000438690185546864
-0.310760498046875 -0.088592529296875 0.151077270507813 0.040374755859375
-0.250396728515625 -0.260635375976563 0.173873901367187 0.18365478515625
-0.090484619140625 -0.341766357421875 0.086151123046875 0.354583740234375
-0.10394287109375 -0.417724609375 0.0226364135742187 -0.0394248962402344
-0.253173828125 -0.295562744140625 -0.0205726623535156 -0.0221576690673828
-0.366607666015625 -0.115966796875 -0.0318527221679688 -0.0158748626708984
-0.29998779296875 0.152374267578125 -0.0289115905761719 0.0111427307128906
-0.127395629882813 0.26995849609375 -0.0447196960449219 0.00494766235351565
0.100311279296875 0.289337158203125 -0.0120124816894531 0.0468711853027344
0.204269409179688 0.213348388671875 0.0159950256347656 0.0427932739257813
0.1834716796875 0.198623657226563 0.0141410827636719 0.0178394317626953
0.219406127929688 0.221893310546875 -0.00558853149414061 0.02178955078125
0.13006591796875 0.271820068359375 0.00410079956054688 -0.0183887481689453
-0.05426025390625 0.3155517578125 -0.00238800048828125 -0.0640296936035156
-0.234710693359375 0.219131469726563 0.0671157836914062 -0.0500297546386719
-0.364654541015625 -0.075592041015625 0.149200439453125 0.00787353515625
-0.312164306640625 -0.277099609375 0.130355834960937 0.129081726074219
-0.13311767578125 -0.391632080078125 0.0652008056640625 0.229644775390625
-0.127227783203125 -0.400360107421875 -0.00175476074218752 -0.174026489257813
-0.260986328125 -0.280670166015625 -0.063812255859375 -0.0897369384765625
-0.36041259765625 -0.1044921875 -0.0354194641113281 -0.0265312194824219
-0.29449462890625 0.150787353515625 -0.00664710998535158 -0.0288944244384766
-0.130111694335938 0.258148193359375 -0.0416641235351562 -0.0627212524414062
0.085784912109375 0.285919189453125 -0.0548896789550781 -0.0299186706542969
0.183380126953125 0.214645385742188 -0.0644493103027344 -0.0181694030761719
0.166915893554687 0.200408935546875 -0.0669937133789062 -0.0258674621582031
0.202392578125 0.2242431640625 -0.0851516723632812 -0.027130126953125
0.115753173828125 0.26318359375 -0.0555572509765625 -0.080718994140625
-0.057373046875 0.300872802734375 -0.0332260131835938 -0.122085571289062
-0.222061157226563 0.211151123046875 0.05938720703125 -0.0935897827148437
-0.350921630859375 -0.0656433105468749 0.128646850585937 -0.0180130004882813
-0.308197021484375 -0.255706787109375 0.0656471252441406 0.0691452026367187
-0.144012451171875 -0.381500244140625 0.027862548828125 0.0901947021484375
-0.133636474609375 -0.321685791015625 -0.029571533203125 -0.301483154296875
-0.229248046875 -0.217056274414063 -0.104141235351563 -0.157760620117187
-0.287933349609375 -0.071197509765625 -0.0421524047851563 -0.0395050048828125
-0.231643676757813 0.12353515625 0.00704574584960937 -0.06640625
-0.1048583984375 0.201446533203125 -0.0374755859375 -0.116447448730469
0.0611114501953125 0.232528686523438 -0.0904159545898438 -0.0986175537109375
0.134689331054688 0.180923461914062 -0.134010314941406 -0.0756683349609375
0.124908447265625 0.171127319335938 -0.137443542480469 -0.0667343139648437
0.151931762695312 0.195220947265625 -0.151382446289063 -0.0748443603515625
0.076263427734375 0.217529296875 -0.104377746582031 -0.13446044921875
-0.0641937255859375 0.234848022460937 -0.052490234375 -0.164962768554688
-0.183364868164063 0.151809692382813 0.0517807006835937 -0.122093200683594
-0.270065307617188 -0.0645294189453125 0.101028442382812 -0.0323410034179688
-0.238876342773437 -0.205184936523438 0.00150299072265623 0.0135183334350586
-0.121185302734375 -0.313690185546875 -0.00966644287109376 -0.0421943664550782
-0.11981201171875 -0.192581176757812 -0.05810546875 -0.40277099609375
-0.16156005859375 -0.117965698242188 -0.136886596679687 -0.213943481445313
-0.167129516601563 -0.0234527587890625 -0.05413818359375 -0.0508270263671875
-0.127540588378906 0.0773162841796875 0.00788116455078124 -0.0884933471679687
-0.0600814819335937 0.112297058105469 -0.0337982177734375 -0.143234252929687
0.028717041015625 0.141143798828125 -0.111419677734375 -0.144546508789063
0.0672836303710938 0.117965698242188 -0.181289672851563 -0.118377685546875
0.0649185180664063 0.11578369140625 -0.1868896484375 -0.09881591796875
0.0778656005859375 0.136405944824219 -0.193328857421875 -0.115921020507813
0.0233383178710937 0.140426635742188 -0.131057739257813 -0.173233032226563
-0.0642242431640625 0.132827758789063 -0.0518646240234375 -0.18841552734375
-0.119293212890625 0.0668563842773438 0.052093505859375 -0.133018493652344
-0.148818969726563 -0.059661865234375 0.0771408081054687 -0.0350570678710938
-0.130790710449219 -0.126144409179688 -0.0424919128417969 -0.0321083068847656
-0.0795440673828125 -0.197433471679688 -0.0345458984375 -0.1490478515625
-0.0861053466796875 -0.0335006713867187 -0.0845947265625 -0.462799072265625
-0.0730209350585938 -0.00676727294921877 -0.16326904296875 -0.249359130859375
-0.0283870697021484 0.0260524749755859 -0.0739288330078125 -0.0539932250976563
-0.0105724334716797 0.0223789215087891 -0.00533294677734376 -0.0902175903320313
-0.00832843780517578 0.00969886779785156 -0.03021240234375 -0.138282775878906
-0.00695610046386719 0.0301074981689453 -0.116943359375 -0.160308837890625
-0.0100440979003906 0.0369987487792969 -0.200042724609375 -0.139434814453125
-0.0048675537109375 0.0411033630371094 -0.207809448242188 -0.116653442382812
-0.0056915283203125 0.0566329956054687 -0.206375122070313 -0.143280029296875
-0.0278244018554688 0.0425071716308594 -0.134033203125 -0.192840576171875
-0.0497512817382813 0.0179214477539062 -0.035980224609375 -0.190185546875
-0.03619384765625 -0.015899658203125 0.0577392578125 -0.127059936523438
-0.0140457153320312 -0.0336208343505859 0.0614128112792969 -0.0290145874023438
-0.0175647735595703 -0.0229244232177734 -0.0618782043457031 -0.061859130859375
-0.0323600769042969 -0.0498161315917969 -0.046051025390625 -0.212478637695312
0.00936889648437499 -0.128196716308594 0.0879669189453125 0.213577270507813
-0.0822906494140625 -0.080718994140625 0.0746002197265625 0.0786285400390625
-0.115020751953125 -0.00111389160156251 -0.0462188720703125 0.0021820068359375
-0.0624237060546875 0.0719680786132813 -0.0750579833984375 0.106071472167969
0.00289916992187501 0.0925216674804688 -0.0083465576171875 0.166900634765625
0.0723724365234375 0.0599136352539063 0.121475219726562 0.18377685546875
0.0992279052734375 0.0274734497070312 0.214736938476563 0.138809204101563
0.0793304443359375 0.02960205078125 0.204757690429688 0.10223388671875
0.0879135131835938 0.03448486328125 0.185470581054688 0.122650146484375
0.0577468872070313 0.0752639770507813 0.125656127929688 0.143630981445313
-0.0116195678710938 0.0958099365234375 0.0546646118164062 0.109146118164063
-0.08367919921875 0.0514755249023438 0.0389862060546875 0.075836181640625
-0.0937423706054687 -0.053314208984375 0.107879638671875 0.0846405029296875
-0.0452194213867188 -0.106925964355469 0.193405151367188 0.236053466796875
0.0216293334960937 -0.0934829711914063 0.088623046875 0.488525390625
-0.0419921875 -0.2679443359375 0.07196044921875 0.1729736328125
-0.16156005859375 -0.174072265625 0.055572509765625 0.0703506469726563
-0.230545043945312 -0.04644775390625 -0.0374412536621094 -0.00399017333984375
-0.161483764648438 0.116180419921875 -0.0669403076171875 0.07989501953125
-0.0440216064453125 0.1788330078125 -0.0295486450195313 0.1287841796875
0.102020263671875 0.160308837890625 0.0852813720703125 0.162216186523438
0.16558837890625 0.104461669921875 0.16973876953125 0.12579345703125
0.140853881835938 0.10260009765625 0.162567138671875 0.0844879150390625
0.161727905273438 0.114654541015625 0.14337158203125 0.100799560546875
0.098175048828125 0.16705322265625 0.103118896484375 0.101570129394531
-0.030792236328125 0.198898315429688 0.0458869934082031 0.0615730285644531
-0.159515380859375 0.12353515625 0.0559844970703125 0.0412826538085938
-0.21807861328125 -0.0766754150390625 0.136199951171875 0.0643081665039063
-0.161972045898437 -0.196578979492188 0.201095581054688 0.21844482421875
-0.043182373046875 -0.237228393554688 0.104888916015625 0.443695068359375
-0.08642578125 -0.370849609375 0.0498886108398438 0.0858840942382812
-0.224212646484375 -0.248672485351563 0.0235137939453125 0.0368690490722656
-0.3228759765625 -0.08514404296875 -0.032705307006836 -0.00778388977050782
-0.245681762695312 0.147384643554688 -0.0501174926757813 0.0500450134277344
-0.0876922607421875 0.244354248046875 -0.0413360595703125 0.0748062133789063
0.1171875 0.240432739257813 0.0404815673828125 0.115921020507813
0.206893920898438 0.166549682617188 0.102012634277344 0.0923538208007813
0.18157958984375 0.159194946289063 0.0963134765625 0.054595947265625
0.213623046875 0.176162719726563 0.0776824951171875 0.066009521484375
0.130828857421875 0.233627319335938 0.06097412109375 0.0448379516601563
-0.0360565185546875 0.278427124023438 0.0254173278808594 0.00169944763183595
-0.208099365234375 0.191192626953125 0.0664901733398437 -0.00386428833007811
-0.31982421875 -0.0750732421875 0.152267456054687 0.03424072265625
-0.26513671875 -0.249404907226563 0.183746337890625 0.179000854492187
-0.106781005859375 -0.341552734375 0.101287841796875 0.352691650390625
-0.121368408203125 -0.418182373046875 0.0234832763671875 -0.0345726013183594
-0.265594482421875 -0.285552978515625 -0.0186805725097656 -0.0172710418701172
-0.37548828125 -0.1014404296875 -0.0328521728515625 -0.0139198303222656
-0.29412841796875 0.166778564453125 -0.0280723571777344 0.0141506195068359
-0.11553955078125 0.277175903320313 -0.0452957153320313 0.00864028930664064
0.116119384765625 0.284210205078125 -0.00741577148437499 0.0494537353515625
0.218338012695313 0.203033447265625 0.0200576782226563 0.0427932739257813
0.194671630859375 0.190811157226563 0.0154104232788086 0.0163154602050781
0.234161376953125 0.210052490234375 -0.00225257873535155 0.0236949920654297
0.145156860351563 0.265960693359375 0.00282478332519532 -0.0178680419921875
-0.036346435546875 0.319793701171875 -0.00584411621093751 -0.0622520446777344
-0.225784301757813 0.232040405273438 0.0650672912597656 -0.0531845092773437
-0.373321533203125 -0.0600280761718749 0.148452758789062 0.0021209716796875
-0.32781982421875 -0.2637939453125 0.136077880859375 0.125541687011719
-0.1510009765625 -0.39190673828125 0.0741119384765625 0.227584838867187
-0.1439208984375 -0.400238037109375 -0.00784301757812499 -0.1702880859375
-0.273635864257813 -0.272369384765625 -0.0666732788085938 -0.08319091796875
-0.370452880859375 -0.0907897949218749 -0.0365676879882813 -0.0239334106445313
-0.289794921875 0.165740966796875 -0.00803756713867189 -0.02716064453125
-0.118682861328125 0.26678466796875 -0.0454635620117188 -0.0594940185546875
0.101959228515625 0.2813720703125 -0.0544624328613281 -0.0260200500488281
0.197463989257812 0.20574951171875 -0.0638847351074218 -0.0152053833007812
0.1783447265625 0.194076538085937 -0.0681724548339844 -0.0239028930664062
0.217620849609375 0.213790893554688 -0.0841903686523437 -0.02197265625
0.131271362304688 0.258407592773438 -0.05987548828125 -0.0781478881835937
-0.040557861328125 0.3057861328125 -0.0388870239257812 -0.118812561035156
-0.214645385742187 0.223373413085938 0.055145263671875 -0.096649169921875
-0.358978271484375 -0.0508728027343749 0.127166748046875 -0.0234603881835938
-0.32244873046875 -0.2435302734375 0.0679168701171875 0.0687408447265625
-0.162139892578125 -0.3822021484375 0.0301513671875 0.088836669921875
-0.145751953125 -0.3228759765625 -0.0421142578125 -0.29925537109375
-0.240432739257813 -0.2100830078125 -0.111770629882813 -0.15106201171875
-0.29669189453125 -0.06158447265625 -0.0443382263183594 -0.0369186401367188
-0.228439331054688 0.135543823242188 0.00405883789062498 -0.0651817321777344
-0.0963592529296875 0.208816528320313 -0.0433120727539063 -0.113632202148438
0.0746917724609375 0.230087280273438 -0.0934677124023437 -0.0940170288085938
0.146408081054688 0.175582885742188 -0.137046813964844 -0.0690994262695313
0.135360717773438 0.167221069335938 -0.140884399414062 -0.0621795654296875
0.1651611328125 0.187423706054687 -0.153854370117188 -0.06646728515625
0.089324951171875 0.21490478515625 -0.111190795898437 -0.129249572753906
-0.050750732421875 0.2408447265625 -0.0607452392578125 -0.161178588867187
-0.17779541015625 0.162750244140625 0.0463409423828125 -0.125289916992188
-0.278106689453125 -0.0537261962890625 0.0990219116210937 -0.0369949340820313
-0.2508544921875 -0.196624755859375 0.00055599212646483 0.0150156021118164
-0.13592529296875 -0.315338134765625 -0.0132217407226563 -0.0427627563476563
-0.126724243164062 -0.1927490234375 -0.076019287109375 -0.401031494140625
-0.168701171875 -0.114852905273437 -0.14825439453125 -0.20745849609375
-0.173614501953125 -0.019317626953125 -0.0570259094238281 -0.0471115112304688
-0.126533508300781 0.0841445922851563 0.00385284423828125 -0.0886993408203125
-0.056182861328125 0.117057800292969 -0.041046142578125 -0.141326904296875
0.03759765625 0.140670776367188 -0.117889404296875 -0.139778137207031
0.07501220703125 0.116775512695313 -0.187911987304688 -0.110610961914062
0.07232666015625 0.114631652832031 -0.19219970703125 -0.0916748046875
0.0885467529296875 0.13348388671875 -0.198944091796875 -0.106597900390625
0.032257080078125 0.140579223632813 -0.139816284179688 -0.1669921875
-0.0570220947265625 0.139114379882813 -0.061431884765625 -0.185226440429688
-0.118370056152344 0.0740280151367188 0.0460433959960937 -0.135391235351563
-0.154434204101563 -0.053619384765625 0.0755386352539063 -0.038299560546875
-0.138473510742188 -0.122360229492188 -0.0465240478515625 -0.0293846130371094
-0.088714599609375 -0.200119018554688 -0.04437255859375 -0.149642944335938
-0.0861282348632812 -0.03302001953125 -0.10626220703125 -0.460601806640625
-0.0741958618164063 -0.00621032714843751 -0.177825927734375 -0.243942260742188
-0.0297164916992188 0.0246047973632813 -0.0770797729492187 -0.0499725341796875
-0.0111579895019531 0.0232868194580078 -0.00897216796874999 -0.0897674560546875
-0.0086812973022461 0.0113792419433594 -0.0366287231445312 -0.137420654296875
-0.00498008728027343 0.0317478179931641 -0.124771118164062 -0.155960083007813
-0.00768280029296875 0.0395164489746094 -0.209487915039063 -0.1304931640625
-0.001495361328125 0.043243408203125 -0.214218139648438 -0.10821533203125
-0.000526428222656249 0.0583343505859375 -0.214126586914063 -0.133270263671875
-0.0247344970703125 0.0454597473144531 -0.143753051757813 -0.185821533203125
-0.0488204956054688 0.0228729248046875 -0.045440673828125 -0.187774658203125
-0.0389328002929688 -0.0128974914550781 0.0517044067382813 -0.130378723144531
-0.0177288055419922 -0.0336837768554688 0.0592803955078125 -0.0323219299316406
-0.0193824768066406 -0.0245285034179687 -0.067169189453125 -0.0594253540039063
-0.0349807739257813 -0.0526962280273438 -0.058502197265625 -0.213119506835937
0.0057525634765625 -0.128456115722656 0.0974884033203125 0.216888427734375
-0.0810699462890625 -0.0767898559570312 0.0822219848632813 0.079559326171875
-0.113441467285156 0.00135040283203124 -0.0459175109863281 0.00323104858398438
-0.060333251953125 0.0724258422851563 -0.0723495483398437 0.109092712402344
0.00524139404296874 0.0924835205078125 -0.0043792724609375 0.16912841796875
0.073974609375 0.0560379028320313 0.127731323242188 0.18218994140625
0.0998001098632812 0.022430419921875 0.220748901367187 0.133865356445313
0.079620361328125 0.0269546508789063 0.209091186523437 0.09820556640625
0.0887222290039063 0.0303115844726562 0.190765380859375 0.1190185546875
0.0599746704101563 0.0715484619140625 0.129913330078125 0.140945434570313
-0.00743103027343751 0.0954971313476563 0.0579376220703125 0.108818054199219
-0.0818099975585938 0.054351806640625 0.0413894653320313 0.0753402709960938
-0.096527099609375 -0.0500564575195313 0.11065673828125 0.0831451416015625
-0.0496978759765625 -0.104057312011719 0.2022705078125 0.234024047851563
0.0191116333007813 -0.0927581787109375 0.10113525390625 0.489654541015625
-0.04840087890625 -0.26934814453125 0.080413818359375 0.177383422851562
-0.163101196289063 -0.169464111328125 0.062408447265625 0.0730209350585938
-0.232269287109375 -0.0408935546875 -0.0370407104492188 -0.00300216674804688
-0.158676147460937 0.119384765625 -0.0644607543945313 0.08294677734375
-0.039306640625 0.1806640625 -0.0268707275390625 0.131446838378906
0.108123779296875 0.156219482421875 0.09088134765625 0.161285400390625
0.170074462890625 0.0984344482421875 0.17633056640625 0.122543334960937
0.144088745117188 0.0988616943359375 0.166366577148438 0.081207275390625
0.166610717773437 0.10906982421875 0.148468017578125 0.0984649658203125
0.10406494140625 0.163162231445313 0.10614013671875 0.100189208984375
-0.02264404296875 0.200286865234375 0.0478744506835938 0.0612449645996094
-0.157119750976563 0.129104614257812 0.0577354431152344 0.0406532287597656
-0.223785400390625 -0.070526123046875 0.138099670410156 0.0626373291015625
-0.170059204101563 -0.191696166992188 0.208358764648438 0.216949462890625
-0.049407958984375 -0.238189697265625 0.115814208984375 0.4456787109375
-0.094390869140625 -0.37298583984375 0.0554580688476563 0.0907516479492187
-0.228103637695312 -0.244247436523438 0.0290641784667969 0.0410842895507812
-0.32794189453125 -0.078033447265625 -0.0324192047119141 -0.00702476501464844
-0.242645263671875 0.154052734375 -0.0482063293457031 0.0522613525390625
-0.08258056640625 0.247528076171875 -0.04071044921875 0.0780181884765625
0.125396728515625 0.235870361328125 0.0459976196289063 0.116386413574219
0.214187622070313 0.1602783203125 0.107391357421875 0.0901870727539063
0.187225341796875 0.15484619140625 0.0984573364257813 0.05279541015625
0.2216796875 0.169296264648438 0.082275390625 0.0650100708007813
0.138916015625 0.229888916015625 0.0619735717773438 0.0442008972167969
-0.026519775390625 0.281890869140625 0.0258522033691406 0.00249099731445314
-0.204452514648438 0.198333740234375 0.06634521484375 -0.00500869750976561
-0.327667236328125 -0.066864013671875 0.153579711914062 0.032196044921875
-0.275604248046875 -0.244033813476563 0.189239501953125 0.178054809570313
-0.115997314453125 -0.344268798828125 0.108367919921875 0.35272216796875
-0.1302490234375 -0.422393798828125 0.0259742736816406 -0.0298290252685547
-0.2708740234375 -0.2818603515625 -0.015650749206543 -0.0127782821655274
-0.384246826171875 -0.09393310546875 -0.0329875946044922 -0.0125179290771484
-0.29254150390625 0.17462158203125 -0.0271930694580078 0.0159702301025391
-0.10980224609375 0.282684326171875 -0.0466232299804688 0.01202392578125
0.12677001953125 0.28125 -0.00391387939453124 0.0512619018554688
0.226898193359375 0.197174072265625 0.0239791870117188 0.0426445007324219
0.20172119140625 0.187393188476563 0.0160503387451172 0.0158405303955078
0.244094848632813 0.203048706054688 0.00110816955566408 0.0248126983642578
0.154998779296875 0.261825561523437 0.0022258758544922 -0.0173664093017578
-0.025390625 0.323699951171875 -0.00713729858398438 -0.0606956481933594
-0.222763061523438 0.240188598632813 0.0638236999511719 -0.0552253723144531
-0.380767822265625 -0.0510559082031249 0.14849853515625 -0.000762939453125003
-0.338104248046875 -0.256988525390625 0.139503479003906 0.12542724609375
-0.161468505859375 -0.3953857421875 0.078399658203125 0.227203369140625
-0.152557373046875 -0.4041748046875 -0.00930786132812501 -0.16656494140625
-0.280197143554688 -0.269027709960938 -0.0671539306640625 -0.078887939453125
-0.37994384765625 -0.0844116210937499 -0.0370864868164063 -0.0220298767089844
-0.287872314453125 0.17437744140625 -0.00788116455078127 -0.0257472991943359
-0.114349365234375 0.272491455078125 -0.0482521057128906 -0.0561866760253906
0.111907958984375 0.279434204101563 -0.0534744262695312 -0.0234909057617187
0.206405639648438 0.201751708984375 -0.0624237060546875 -0.0128326416015625
0.186416625976563 0.1915283203125 -0.0690841674804687 -0.0229148864746094
0.227798461914062 0.207427978515625 -0.0827407836914063 -0.0189743041992187
0.141311645507813 0.256332397460938 -0.06219482421875 -0.0758819580078125
-0.030120849609375 0.310577392578125 -0.0419845581054688 -0.116889953613281
-0.21099853515625 0.231842041015625 0.052337646484375 -0.0985107421875
-0.366607666015625 -0.042694091796875 0.126121520996094 -0.025299072265625
-0.332489013671875 -0.238189697265625 0.0690422058105469 0.0691680908203125
-0.17156982421875 -0.386322021484375 0.0305709838867187 0.088134765625
-0.153656005859375 -0.32623291015625 -0.04742431640625 -0.296966552734375
-0.246246337890625 -0.209274291992188 -0.115554809570313 -0.146881103515625
-0.3056640625 -0.0568847656250001 -0.0453414916992188 -0.03497314453125
-0.227645874023437 0.143661499023438 0.00275421142578124 -0.0647201538085937
-0.0930328369140625 0.214370727539063 -0.04754638671875 -0.111885070800781
0.0828704833984375 0.229873657226563 -0.0944061279296875 -0.090972900390625
0.154266357421875 0.17340087890625 -0.1390380859375 -0.0658111572265624
0.142578125 0.166213989257813 -0.1436767578125 -0.059814453125
0.175537109375 0.183273315429688 -0.15447998046875 -0.062652587890625
0.0984039306640625 0.21405029296875 -0.114845275878906 -0.126220703125
-0.0424957275390625 0.245193481445313 -0.0647735595703125 -0.158935546875
-0.176193237304688 0.1689453125 0.0429840087890625 -0.126976013183594
-0.28448486328125 -0.047821044921875 0.0978622436523437 -0.038543701171875
-0.258743286132813 -0.192840576171875 -0.00056076049804689 0.0166473388671875
-0.14453125 -0.319244384765625 -0.0169258117675781 -0.0441741943359375
-0.131057739257812 -0.196075439453125 -0.085662841796875 -0.400482177734375
-0.172927856445312 -0.115219116210937 -0.156265258789063 -0.204071044921875
-0.179458618164062 -0.0178985595703125 -0.0585441589355469 -0.0460052490234375
-0.127250671386719 0.0885162353515625 0.00186920166015624 -0.088592529296875
-0.0549545288085938 0.120559692382813 -0.0446929931640625 -0.14019775390625
0.0426177978515625 0.141693115234375 -0.121414184570313 -0.137016296386719
0.080780029296875 0.11676025390625 -0.192092895507812 -0.106002807617187
0.0780258178710937 0.1148681640625 -0.196243286132813 -0.0884857177734375
0.0958175659179688 0.131729125976562 -0.201934814453125 -0.100982666015625
0.0387725830078125 0.1412353515625 -0.144683837890625 -0.163681030273438
-0.0521392822265625 0.143417358398438 -0.066192626953125 -0.182891845703125
-0.118339538574219 0.0792694091796875 0.0422821044921875 -0.137588500976563
-0.159332275390625 -0.0510711669921875 0.074249267578125 -0.0403671264648438
-0.143951416015625 -0.121826171875 -0.049957275390625 -0.0281181335449219
-0.0937652587890625 -0.20416259765625 -0.0503387451171875 -0.150283813476563
-0.08544921875 -0.0348587036132812 -0.11822509765625 -0.46148681640625
-0.0760269165039063 -0.00754547119140623 -0.186691284179687 -0.24090576171875
-0.0318279266357422 0.0225505828857422 -0.0788497924804688 -0.048187255859375
-0.0119094848632812 0.0242500305175781 -0.0114898681640625 -0.0896987915039063
-0.00956439971923828 0.0126361846923828 -0.03997802734375 -0.137649536132813
-0.0040130615234375 0.0331287384033203 -0.129791259765625 -0.154067993164062
-0.00562286376953125 0.0421562194824219 -0.215225219726563 -0.126007080078125
0.000633239746093751 0.044830322265625 -0.218673706054688 -0.104354858398438
0.00267791748046875 0.0589141845703125 -0.2191162109375 -0.12823486328125
-0.0216560363769531 0.0480537414550781 -0.14886474609375 -0.182937622070313
-0.0481719970703125 0.0258941650390625 -0.0504608154296875 -0.18682861328125
-0.0406951904296875 -0.0103416442871094 0.0483474731445313 -0.13201904296875
-0.0200595855712891 -0.0346355438232422 0.0582504272460938 -0.0345344543457031
-0.0212249755859375 -0.0263919830322266 -0.0720672607421875 -0.0585098266601562
-0.037139892578125 -0.0561485290527344 -0.06646728515625 -0.214767456054688
0.00448608398437501 -0.130752563476562 0.106643676757813 0.224777221679687
-0.0804901123046875 -0.0757598876953125 0.090606689453125 0.0824966430664063
-0.114166259765625 0.00255584716796876 -0.0465240478515625 0.0039520263671875
-0.0602340698242188 0.0740814208984375 -0.0719451904296875 0.113868713378906
0.0068359375 0.0943756103515625 -0.00238037109375 0.17401123046875
0.0766448974609375 0.0547332763671875 0.134323120117188 0.184921264648438
0.102218627929687 0.0188980102539063 0.230072021484375 0.134384155273438
0.0811004638671875 0.0250778198242188 0.217147827148438 0.0992889404296875
0.0909881591796875 0.027679443359375 0.19854736328125 0.120361328125
0.0626335144042969 0.0701179504394531 0.134658813476563 0.1436767578125
-0.00428009033203125 0.096923828125 0.0605850219726563 0.111000061035156
-0.0823211669921875 0.0569534301757812 0.043670654296875 0.07684326171875
-0.1002197265625 -0.0488510131835937 0.115615844726563 0.0846786499023438
-0.0532302856445312 -0.103309631347656 0.213272094726563 0.239120483398438
0.0181884765625 -0.0942001342773438 0.1090087890625 0.50341796875
-0.0528411865234375 -0.276718139648438 0.088714599609375 0.18560791015625
-0.16558837890625 -0.1707763671875 0.0706100463867188 0.0766754150390625
-0.23809814453125 -0.0399169921875 -0.0375175476074219 -0.00231552124023437
-0.160568237304688 0.123809814453125 -0.0641708374023438 0.0871047973632813
-0.0383758544921875 0.185989379882813 -0.025848388671875 0.136520385742187
0.113861083984375 0.156570434570313 0.097198486328125 0.164810180664062
0.176925659179688 0.0959014892578125 0.184738159179688 0.123046875
0.1492919921875 0.0986480712890625 0.172607421875 0.082305908203125
0.173370361328125 0.107208251953125 0.15545654296875 0.100189208984375
0.109832763671875 0.163848876953125 0.109481811523438 0.102272033691406
-0.018310546875 0.205230712890625 0.0495948791503906 0.0631141662597656
-0.15948486328125 0.135574340820313 0.0598411560058594 0.0415840148925781
-0.233657836914063 -0.068603515625 0.14239501953125 0.063140869140625
-0.178359985351563 -0.192306518554688 0.219635009765625 0.22149658203125
-0.0535888671875 -0.245147705078125 0.123443603515625 0.4573974609375
-0.1007080078125 -0.384368896484375 0.0619430541992187 0.0975418090820312
-0.2335205078125 -0.248260498046875 0.0351333618164062 0.0454559326171875
-0.3394775390625 -0.076690673828125 -0.0328369140625 -0.00627899169921875
-0.247283935546875 0.1600341796875 -0.0480194091796875 0.0556983947753906
-0.0818023681640625 0.256088256835938 -0.0410537719726563 0.0826339721679688
0.133529663085938 0.238967895507813 0.0507278442382813 0.12017822265625
0.223739624023437 0.1591796875 0.11407470703125 0.0912246704101563
0.19464111328125 0.156661987304688 0.102684020996094 0.0535125732421875
0.231643676757813 0.168289184570313 0.0874862670898438 0.0671310424804688
0.147567749023438 0.231964111328125 0.0642013549804688 0.0452957153320313
-0.020263671875 0.28887939453125 0.0267601013183594 0.00289344787597658
-0.208663940429687 0.207962036132813 0.0679664611816406 -0.00532913208007811
-0.3406982421875 -0.06353759765625 0.156906127929687 0.0328369140625
-0.287811279296875 -0.245208740234375 0.19769287109375 0.182418823242187
-0.12286376953125 -0.35546875 0.114166259765625 0.361572265625
-0.136627197265625 -0.435943603515625 0.0296592712402344 -0.0264167785644531
-0.278564453125 -0.287750244140625 -0.0126667022705078 -0.00889873504638673
-0.39849853515625 -0.0924987792968751 -0.0328407287597657 -0.0119838714599609
-0.29803466796875 0.183135986328125 -0.0270042419433594 0.0174961090087891
-0.11041259765625 0.292877197265625 -0.048431396484375 0.0158233642578125
0.135650634765625 0.285430908203125 -0.000644683837890611 0.0543632507324219
0.238250732421875 0.197402954101563 0.0277976989746094 0.0435752868652344
0.211654663085938 0.19097900390625 0.0169286727905274 0.0161981582641602
0.255950927734375 0.202377319335937 0.00394058227539064 0.0264930725097656
0.164703369140625 0.265838623046875 0.00231075286865236 -0.0168323516845703
-0.019256591796875 0.332122802734375 -0.00789642333984375 -0.0605926513671875
-0.226760864257813 0.250808715820313 0.06427001953125 -0.0566368103027344
-0.396820068359375 -0.047393798828125 0.151626586914062 -0.000991821289062503
-0.35260009765625 -0.2596435546875 0.145614624023437 0.128753662109375
-0.1705322265625 -0.40899658203125 0.0811004638671875 0.23284912109375
-0.159271240234375 -0.419586181640625 -0.00860595703125002 -0.167144775390625
-0.28973388671875 -0.275848388671875 -0.0673370361328125 -0.07659912109375
-0.39581298828125 -0.083221435546875 -0.0383415222167969 -0.0219612121582031
-0.294464111328125 0.18304443359375 -0.00838851928710939 -0.0258712768554687
-0.1148681640625 0.283355712890625 -0.0514144897460938 -0.0545692443847656
0.120513916015625 0.284820556640625 -0.0523300170898437 -0.0216865539550781
0.217147827148438 0.203216552734375 -0.0621986389160156 -0.0122413635253906
0.196060180664063 0.195297241210938 -0.0710525512695312 -0.0233917236328125
0.24029541015625 0.207168579101563 -0.0831832885742187 -0.0178909301757813
0.150634765625 0.259979248046875 -0.0649948120117187 -0.076202392578125
-0.024261474609375 0.320037841796875 -0.0443267822265625 -0.117424011230469
-0.214859008789063 0.241744995117188 0.0519485473632812 -0.101097106933594
-0.38043212890625 -0.0394897460937501 0.128211975097656 -0.0268478393554688
-0.346282958984375 -0.24163818359375 0.0709762573242187 0.0721664428710937
-0.1798095703125 -0.4005126953125 0.0302276611328125 0.0900650024414062
-0.159698486328125 -0.339202880859375 -0.05047607421875 -0.30218505859375
-0.255599975585937 -0.2147216796875 -0.119979858398437 -0.147354125976563
-0.320343017578125 -0.05584716796875 -0.0469474792480469 -0.0349311828613281
-0.233901977539063 0.151321411132813 0.00245666503906249 -0.0656700134277344
-0.094696044921875 0.223358154296875 -0.0512924194335938 -0.112220764160156
0.089752197265625 0.235275268554688 -0.0962295532226563 -0.0907440185546875
0.164077758789063 0.176254272460938 -0.142074584960938 -0.0653076171875
0.151229858398438 0.1702880859375 -0.148452758789062 -0.0604095458984375
0.18585205078125 0.184432983398438 -0.157608032226563 -0.0615234375
0.106353759765625 0.217864990234375 -0.119293212890625 -0.127288818359375
-0.03839111328125 0.253372192382813 -0.0683441162109375 -0.160736083984375
-0.1802978515625 0.177581787109375 0.0420455932617187 -0.130729675292969
-0.2960205078125 -0.0460205078125001 0.0992355346679687 -0.0406951904296875
-0.269912719726563 -0.196029663085938 -0.00216865539550783 0.0178737640380859
-0.152069091796875 -0.33245849609375 -0.0197944641113281 -0.0458335876464844
-0.134674072265625 -0.204849243164063 -0.091583251953125 -0.4091796875
-0.179794311523438 -0.119354248046875 -0.163742065429688 -0.206527709960938
-0.189285278320313 -0.0175323486328125 -0.061126708984375 -0.0461845397949219
-0.13079833984375 0.0937881469726562 0.000221252441406245 -0.0905838012695313
-0.0562591552734375 0.126762390136719 -0.0484619140625 -0.1422119140625
0.04669189453125 0.146041870117188 -0.125167846679688 -0.138107299804687
0.0866622924804688 0.120193481445313 -0.199050903320313 -0.105804443359375
0.0829925537109375 0.118064880371094 -0.203567504882813 -0.0891265869140625
0.10260009765625 0.133163452148438 -0.207717895507813 -0.100845336914063
0.04412841796875 0.145126342773438 -0.150405883789063 -0.16522216796875
-0.05047607421875 0.14923095703125 -0.0704803466796875 -0.185348510742188
-0.121665954589844 0.0842056274414063 0.0414886474609375 -0.141448974609375
-0.166519165039063 -0.0514678955078125 0.07464599609375 -0.04229736328125
-0.150833129882812 -0.124969482421875 -0.0542640686035156 -0.0271682739257813
-0.0998077392578125 -0.213699340820313 -0.055755615234375 -0.15521240234375
-0.0860443115234375 -0.0388031005859375 -0.12677001953125 -0.473541259765625
-0.0790176391601562 -0.00926971435546874 -0.197235107421875 -0.244232177734375
-0.0354347229003906 0.0213851928710938 -0.0819091796875 -0.048309326171875
-0.0138320922851562 0.0250263214111328 -0.01373291015625 -0.0919952392578125
-0.0112905502319336 0.0140905380249023 -0.04290771484375 -0.140380859375
-0.003265380859375 0.035858154296875 -0.135711669921875 -0.15570068359375
-0.00399017333984375 0.0454940795898438 -0.2237548828125 -0.125991821289062
0.00315475463867188 0.0472679138183594 -0.227066040039062 -0.105117797851563
0.00539779663085938 0.0611076354980469 -0.226898193359375 -0.128158569335937
-0.020263671875 0.051055908203125 -0.154678344726562 -0.185287475585938
-0.048614501953125 0.0297279357910156 -0.0550384521484375 -0.18963623046875
-0.0426368713378906 -0.00867843627929687 0.0479202270507812 -0.136123657226563
-0.0223655700683594 -0.0359001159667969 0.0585136413574219 -0.0364608764648437
-0.0233478546142578 -0.0293922424316406 -0.078216552734375 -0.058837890625
-0.0390434265136719 -0.0614089965820313 -0.0731658935546875 -0.221603393554688
0.00102233886718749 -0.136299133300781 0.12078857421875 0.236557006835938
-0.082489013671875 -0.075927734375 0.102584838867187 0.0848388671875
-0.118377685546875 0.00518798828125 -0.0479583740234375 0.005279541015625
-0.0607376098632813 0.0776290893554687 -0.0713348388671875 0.121955871582031
0.0104827880859375 0.0983505249023437 0.001983642578125 0.183547973632813
0.0813827514648438 0.0530548095703125 0.146270751953125 0.190048217773438
0.106559753417969 0.01422119140625 0.246353149414063 0.13458251953125
0.0849609375 0.0230636596679688 0.230987548828125 0.100112915039063
0.0952301025390625 0.0249710083007812 0.212570190429688 0.122879028320313
0.06689453125 0.0700340270996094 0.144241333007813 0.14837646484375
-0.000442504882812496 0.100296020507813 0.0661087036132812 0.115478515625
-0.0838699340820313 0.0621719360351562 0.048065185546875 0.0800399780273438
-0.107284545898437 -0.0465469360351562 0.124420166015625 0.0868759155273438
-0.0592498779296875 -0.10394287109375 0.232162475585938 0.246612548828125
0.0169906616210938 -0.0983505249023438 0.1258544921875 0.527008056640625
-0.062591552734375 -0.289398193359375 0.101226806640625 0.196670532226562
-0.17340087890625 -0.174942016601563 0.0814971923828125 0.0807723999023437
-0.250503540039063 -0.035858154296875 -0.0386466979980469 -0.00130081176757812
-0.165390014648438 0.132614135742187 -0.064056396484375 0.0938034057617188
-0.035552978515625 0.19610595703125 -0.024169921875 0.145736694335938
0.1240234375 0.159011840820313 0.10791015625 0.171096801757813
0.188095092773438 0.0932159423828125 0.199630737304688 0.123764038085938
0.1597900390625 0.0992889404296875 0.184371948242188 0.0832672119140625
0.184783935546875 0.105300903320313 0.16815185546875 0.102462768554688
0.119415283203125 0.167556762695313 0.116775512695313 0.10577392578125
-0.01116943359375 0.215118408203125 0.0532951354980469 0.0653533935546875
-0.163955688476563 0.147323608398438 0.0636520385742187 0.0428886413574219
-0.249099731445313 -0.063995361328125 0.151763916015625 0.0646514892578125
-0.1939697265625 -0.1951904296875 0.238052368164063 0.229324340820313
-0.0619659423828125 -0.2572021484375 0.139556884765625 0.47857666015625
-0.1143798828125 -0.403961181640625 0.0711746215820312 0.10498046875
-0.246871948242187 -0.255752563476563 0.0427970886230469 0.0492401123046875
-0.359405517578125 -0.0726318359374999 -0.03399658203125 -0.00565719604492187
-0.255386352539063 0.173538208007813 -0.0477104187011719 0.0600967407226563
-0.080047607421875 0.271682739257813 -0.0420608520507812 0.0903778076171875
0.147125244140625 0.245269775390625 0.0587158203125 0.125076293945313
0.240447998046875 0.158447265625 0.124725341796875 0.0926971435546875
0.210113525390625 0.159957885742188 0.10992431640625 0.053985595703125
0.249298095703125 0.167816162109375 0.0960159301757813 0.0693511962890625
0.161590576171875 0.237945556640625 0.0684356689453125 0.0473289489746094
-0.01104736328125 0.30352783203125 0.0280036926269531 0.00354766845703127
-0.214614868164063 0.224960327148437 0.0706863403320312 -0.00611114501953124
-0.36297607421875 -0.05682373046875 0.1656494140625 0.0319061279296875
-0.3096923828125 -0.248565673828125 0.213088989257812 0.188705444335937
-0.13726806640625 -0.373809814453125 0.12615966796875 0.378875732421875
-0.152923583984375 -0.459686279296875 0.0343036651611328 -0.0249557495117188
-0.2967529296875 -0.297760009765625 -0.00919628143310548 -0.00601005554199221
-0.424072265625 -0.087188720703125 -0.0347652435302735 -0.0118789672851563
-0.308837890625 0.1995849609375 -0.0276031494140625 0.0198936462402344
-0.1099853515625 0.311920166015625 -0.0516624450683594 0.0204048156738282
0.150543212890625 0.29486083984375 0.00389480590820313 0.0578765869140625
0.257522583007813 0.199676513671875 0.0328140258789063 0.0448570251464844
0.228927612304687 0.19512939453125 0.0189876556396485 0.0162792205810547
0.276336669921875 0.203506469726563 0.00764656066894533 0.0285072326660156
0.1817626953125 0.273635864257813 0.00206375122070314 -0.016580581665039
-0.00924682617187502 0.349365234375 -0.00981140136718749 -0.06207275390625
-0.233856201171875 0.270355224609375 0.0652961730957031 -0.0598526000976562
-0.4215087890625 -0.03948974609375 0.158660888671875 -0.00299072265625
-0.37799072265625 -0.262298583984375 0.156005859375 0.134124755859375
-0.187957763671875 -0.4310302734375 0.0882720947265625 0.243194580078125
-0.176116943359375 -0.44305419921875 -0.00938415527343752 -0.17254638671875
-0.3087158203125 -0.287078857421875 -0.0695114135742188 -0.076629638671875
-0.422698974609375 -0.0785522460937499 -0.0410308837890625 -0.0226211547851563
-0.30615234375 0.20001220703125 -0.00928306579589846 -0.0256500244140625
-0.115570068359375 0.3031005859375 -0.0561561584472656 -0.0531425476074218
0.135711669921875 0.29547119140625 -0.0523262023925781 -0.0199623107910156
0.236801147460938 0.206771850585938 -0.0634651184082031 -0.0113601684570312
0.2132568359375 0.20123291015625 -0.0748443603515625 -0.0232620239257812
0.260299682617187 0.209152221679687 -0.0851364135742187 -0.0158004760742187
0.167739868164063 0.267974853515625 -0.069305419921875 -0.0773086547851563
-0.0152587890625 0.33721923828125 -0.0491104125976562 -0.120765686035156
-0.221511840820312 0.260726928710938 0.051513671875 -0.106582641601562
-0.405426025390625 -0.0323486328125 0.1334228515625 -0.0298080444335938
-0.370849609375 -0.244873046875 0.0753173828125 0.075897216796875
-0.198333740234375 -0.422607421875 0.0312347412109375 0.0942611694335937
-0.173583984375 -0.3587646484375 -0.057586669921875 -0.314300537109375
-0.272872924804688 -0.223678588867187 -0.128280639648438 -0.149581909179687
-0.343292236328125 -0.0513000488281249 -0.051055908203125 -0.0357818603515625
-0.244094848632813 0.166091918945313 -3.81469726564374E-06 -0.068450927734375
-0.0957183837890625 0.240020751953125 -0.057373046875 -0.113975524902344
0.101913452148437 0.24468994140625 -0.100540161132813 -0.0916213989257812
0.180130004882813 0.1810302734375 -0.149459838867187 -0.06494140625
0.165054321289063 0.176177978515625 -0.1573486328125 -0.0601959228515625
0.202590942382812 0.1868896484375 -0.165603637695313 -0.0598602294921875
0.119827270507813 0.226089477539063 -0.12762451171875 -0.129936218261719
-0.03204345703125 0.268295288085937 -0.0750732421875 -0.16552734375
-0.18621826171875 0.192535400390625 0.0405120849609375 -0.137054443359375
-0.316497802734375 -0.0416870117187499 0.101509094238281 -0.0440139770507813
-0.2899169921875 -0.200439453125 -0.00376892089843752 0.0209808349609375
-0.16796875 -0.351715087890625 -0.0244865417480469 -0.0478172302246094
-0.145111083984375 -0.217498779296875 -0.103363037109375 -0.427398681640625
-0.1922607421875 -0.124984741210937 -0.177780151367187 -0.2115478515625
-0.204299926757813 -0.015625 -0.0667915344238281 -0.0471229553222656
-0.137130737304688 0.102638244628906 -0.00309753417968751 -0.0943832397460938
-0.0577468872070313 0.136665344238281 -0.053985595703125 -0.14666748046875
0.054534912109375 0.153167724609375 -0.133255004882812 -0.141143798828125
0.09686279296875 0.12530517578125 -0.210906982421875 -0.105819702148437
0.0930709838867188 0.12347412109375 -0.216552734375 -0.0896759033203125
0.1138916015625 0.137069702148438 -0.220123291015625 -0.100479125976563
0.0516510009765625 0.151901245117188 -0.160964965820313 -0.168991088867188
-0.048004150390625 0.160003662109375 -0.0783233642578125 -0.191390991210938
-0.1270751953125 0.0932388305664063 0.0394744873046875 -0.148651123046875
-0.178970336914063 -0.0506744384765625 0.0755462646484375 -0.0459976196289063
-0.162567138671875 -0.128936767578125 -0.0607833862304687 -0.02618408203125
-0.1103515625 -0.227203369140625 -0.064544677734375 -0.162765502929688
-0.0898208618164063 -0.042572021484375 -0.143768310546875 -0.4957275390625
-0.0846023559570312 -0.01104736328125 -0.215133666992187 -0.251022338867188
-0.0399169921875 0.0214920043945312 -0.0882492065429688 -0.049713134765625
-0.0159111022949219 0.0274009704589844 -0.01788330078125 -0.0964736938476563
-0.0131473541259766 0.0167484283447266 -0.0483856201171875 -0.145401000976563
-0.00258255004882812 0.0393524169921875 -0.144912719726563 -0.159561157226563
-0.00123977661132812 0.04962158203125 -0.238906860351563 -0.126205444335938
0.00606155395507812 0.0509452819824219 -0.242080688476562 -0.10614013671875
0.00944900512695313 0.0646629333496094 -0.240951538085938 -0.129180908203125
-0.0180244445800781 0.0550003051757813 -0.166732788085938 -0.190155029296875
-0.0496978759765625 0.0348396301269531 -0.0621337890625 -0.195907592773438
-0.0466117858886719 -0.0064239501953125 0.046234130859375 -0.143386840820313
-0.0267410278320313 -0.0387191772460938 0.0589065551757813 -0.0405654907226563
-0.0270671844482422 -0.0325107574462891 -0.0870590209960937 -0.0591354370117188
-0.043365478515625 -0.0670738220214844 -0.0846099853515625 -0.232177734375
-0.0063629150390625 -0.142608642578125 0.142181396484375 0.246353149414062
-0.0867843627929688 -0.0751495361328125 0.1170654296875 0.08428955078125
-0.12225341796875 0.0116119384765625 -0.04931640625 0.00774765014648438
-0.0595703125 0.0840377807617188 -0.0666885375976563 0.132064819335938
0.0168228149414062 0.102935791015625 0.0119781494140625 0.193939208984375
0.0883407592773438 0.0496597290039063 0.16387939453125 0.19329833984375
0.111480712890625 0.0068206787109375 0.26861572265625 0.128067016601562
0.08966064453125 0.0186767578125 0.250686645507812 0.0950927734375
0.100639343261719 0.0190048217773438 0.231979370117188 0.120529174804688
0.0740127563476563 0.068206787109375 0.159896850585938 0.150741577148438
0.00682067871093749 0.104179382324219 0.0747222900390625 0.118293762207031
-0.084930419921875 0.0705413818359375 0.0549163818359375 0.0826416015625
-0.115882873535156 -0.0411300659179687 0.13739013671875 0.085235595703125
-0.0681228637695313 -0.103538513183594 0.261688232421875 0.247772216796875
0.0128936767578125 -0.103805541992188 0.15936279296875 0.55267333984375
-0.0802001953125 -0.303924560546875 0.119903564453125 0.206161499023437
-0.187728881835937 -0.176025390625 0.0955963134765625 0.0822525024414062
-0.265029907226563 -0.0249786376953125 -0.0401229858398438 0.000362396240234372
-0.166748046875 0.147308349609375 -0.0610504150390625 0.102348327636719
-0.026947021484375 0.208999633789062 -0.0178985595703125 0.157073974609375
0.139434814453125 0.158935546875 0.124069213867188 0.174957275390625
0.203262329101563 0.0858001708984375 0.218780517578125 0.119354248046875
0.174240112304688 0.0957489013671875 0.199661254882813 0.079193115234375
0.201614379882813 0.09893798828125 0.184494018554688 0.101394653320312
0.135650634765625 0.168716430664063 0.129013061523438 0.1068115234375
0.00141906738281248 0.22637939453125 0.0592727661132812 0.0673484802246094
-0.1663818359375 0.164886474609375 0.0692253112792968 0.0433273315429688
-0.268402099609375 -0.052581787109375 0.164688110351562 0.0615081787109375
-0.214889526367188 -0.19305419921875 0.265823364257813 0.230087280273438
-0.0787353515625 -0.270278930664062 0.170166015625 0.501007080078125
-0.141326904296875 -0.42559814453125 0.0841445922851562 0.11102294921875
-0.269927978515625 -0.259628295898438 0.0529708862304687 0.0517921447753906
-0.38519287109375 -0.058502197265625 -0.035919189453125 -0.00444793701171876
-0.2606201171875 0.195953369140625 -0.0462684631347656 0.0667495727539063
-0.071502685546875 0.292327880859375 -0.0394668579101563 0.100738525390625
0.169219970703125 0.249038696289062 0.0713653564453125 0.129501342773438
0.263076782226563 0.152359008789063 0.139236450195313 0.0905075073242188
0.231704711914062 0.15728759765625 0.119499206542969 0.0514984130859375
0.27374267578125 0.16070556640625 0.107933044433594 0.0695266723632813
0.184478759765625 0.24139404296875 0.0744705200195313 0.047637939453125
0.00588989257812503 0.32073974609375 0.0296726226806641 0.00305747985839846
-0.216079711914062 0.249649047851563 0.0743942260742187 -0.00889587402343748
-0.3897705078125 -0.039703369140625 0.176666259765625 0.027099609375
-0.340850830078125 -0.244232177734375 0.236648559570312 0.190093994140625
-0.1641845703125 -0.392303466796875 0.15081787109375 0.39593505859375
-0.1845703125 -0.484619140625 0.0386619567871094 -0.0245361328125
-0.32586669921875 -0.303375244140625 -0.00553178787231447 -0.00343704223632814
-0.45709228515625 -0.0708312988281251 -0.0381698608398438 -0.0108489990234375
-0.317169189453125 0.226593017578125 -0.0278472900390625 0.0235462188720703
-0.100555419921875 0.3377685546875 -0.0532722473144531 0.0277290344238281
0.176422119140625 0.302154541015625 0.0103034973144531 0.0614013671875
0.28460693359375 0.19537353515625 0.0394935607910156 0.0449371337890625
0.25372314453125 0.194427490234375 0.0206146240234375 0.0163536071777344
0.305023193359375 0.1971435546875 0.0117244720458985 0.0303878784179688
0.207473754882813 0.277938842773438 0.0014476776123047 -0.016423225402832
0.0107421875 0.369171142578125 -0.0134315490722656 -0.0637893676757812
-0.23455810546875 0.29913330078125 0.0656967163085937 -0.0649681091308594
-0.45196533203125 -0.018402099609375 0.166900634765625 -0.00933837890625
-0.413787841796875 -0.257110595703125 0.172042846679687 0.135726928710937
-0.220703125 -0.45245361328125 0.103179931640625 0.254287719726563
-0.208221435546875 -0.46685791015625 -0.015655517578125 -0.179718017578125
-0.3394775390625 -0.29180908203125 -0.074432373046875 -0.0751953125
-0.455780029296875 -0.062164306640625 -0.0454673767089844 -0.0216255187988281
-0.3150634765625 0.227996826171875 -0.0120964050292969 -0.0255622863769531
-0.108184814453125 0.329742431640625 -0.0620498657226563 -0.0497856140136719
0.160919189453125 0.304962158203125 -0.0520248413085937 -0.0180702209472656
0.26397705078125 0.20526123046875 -0.06573486328125 -0.00910568237304687
0.23870849609375 0.2020263671875 -0.0809249877929688 -0.0213165283203125
0.2882080078125 0.204925537109375 -0.0883560180664062 -0.0121002197265625
0.192840576171875 0.273696899414063 -0.0765380859375 -0.0773162841796875
0.00335693359375002 0.356781005859375 -0.0582809448242187 -0.124343872070312
-0.2227783203125 0.28839111328125 0.0482101440429687 -0.114082336425781
-0.434967041015625 -0.012451171875 0.138343811035156 -0.0368499755859375
-0.406219482421875 -0.239349365234375 0.082733154296875 0.0791168212890625
-0.232666015625 -0.443359375 0.0355911254882812 0.0981597900390625
-0.201812744140625 -0.378204345703125 -0.074462890625 -0.327911376953125
-0.29949951171875 -0.227020263671875 -0.141799926757813 -0.149932861328125
-0.370819091796875 -0.037689208984375 -0.057464599609375 -0.034637451171875
-0.251968383789063 0.188522338867187 -0.00481414794921876 -0.0711822509765625
-0.0907440185546875 0.261795043945313 -0.065887451171875 -0.114738464355469
0.1231689453125 0.254074096679688 -0.10772705078125 -0.0913238525390625
0.203643798828125 0.181640625 -0.159988403320313 -0.06121826171875
0.18701171875 0.178070068359375 -0.170242309570313 -0.0572967529296875
0.226593017578125 0.18548583984375 -0.17584228515625 -0.0554046630859375
0.140045166015625 0.231597900390625 -0.141036987304687 -0.129913330078125
-0.018157958984375 0.2862548828125 -0.0875244140625 -0.16986083984375
-0.18865966796875 0.214920043945313 0.035430908203125 -0.145950317382813
-0.33917236328125 -0.027557373046875 0.103836059570312 -0.050201416015625
-0.318145751953125 -0.196685791015625 -0.00504112243652345 0.0250625610351562
-0.19586181640625 -0.369598388671875 -0.0304374694824219 -0.0494918823242188
-0.164520263671875 -0.229354858398438 -0.129974365234375 -0.446197509765625
-0.210952758789063 -0.126419067382812 -0.198593139648437 -0.213821411132813
-0.221664428710938 -0.00743103027343753 -0.0743408203125 -0.0460357666015625
-0.14263916015625 0.11700439453125 -0.00963592529296876 -0.0990447998046875
-0.0555419921875 0.150421142578125 -0.0648193359375 -0.150131225585938
0.0668792724609375 0.159683227539063 -0.145309448242188 -0.141510009765625
0.112434387207031 0.128273010253906 -0.227890014648438 -0.100830078125
0.106796264648438 0.126899719238281 -0.234176635742187 -0.0847625732421875
0.130081176757813 0.137725830078125 -0.236160278320312 -0.0949859619140625
0.0650482177734375 0.157470703125 -0.177841186523438 -0.170608520507813
-0.0411376953125 0.17340087890625 -0.0919647216796875 -0.196548461914062
-0.131057739257813 0.106689453125 0.033172607421875 -0.159149169921875
-0.195343017578125 -0.0452117919921875 0.0760498046875 -0.0517501831054688
-0.180252075195313 -0.129180908203125 -0.0681991577148438 -0.02197265625
-0.129348754882813 -0.239395141601563 -0.078826904296875 -0.168960571289063
-0.0965194702148437 -0.0446853637695313 -0.17529296875 -0.516326904296875
-0.0910415649414062 -0.00993347167968749 -0.242095947265625 -0.254669189453125
-0.0444259643554687 0.0229721069335938 -0.0976409912109375 -0.0476150512695313
-0.0169944763183594 0.0302810668945312 -0.0253067016601563 -0.10009765625
-0.0148124694824219 0.0199623107910156 -0.057373046875 -0.15081787109375
0.000396728515625005 0.0434455871582031 -0.159652709960938 -0.1607666015625
0.00384140014648437 0.0544166564941406 -0.260009765625 -0.12109375
0.0105857849121094 0.055145263671875 -0.262527465820313 -0.0999603271484376
0.0147933959960937 0.0685920715332031 -0.261520385742188 -0.124786376953125
-0.0142822265625 0.0599899291992188 -0.185073852539062 -0.192779541015625
-0.0504379272460938 0.0419654846191406 -0.0753326416015625 -0.202346801757813
-0.0506629943847656 -0.00279235839843749 0.0403900146484375 -0.154449462890625
-0.0321311950683594 -0.0411949157714844 0.0577964782714844 -0.0449562072753906
-0.0320205688476563 -0.0353622436523437 -0.0985107421875 -0.056671142578125
-0.0503158569335938 -0.0726699829101563 -0.103256225585937 -0.2427978515625
-0.017913818359375 -0.1461181640625 0.16876220703125 0.24853515625
-0.0923690795898438 -0.0710678100585937 0.13299560546875 0.0780868530273438
-0.124191284179687 0.021240234375 -0.0497627258300781 0.0113487243652344
-0.0548934936523437 0.0907745361328125 -0.057373046875 0.141342163085938
0.02642822265625 0.105072021484375 0.0277862548828125 0.201309204101562
0.094329833984375 0.0426177978515625 0.185470581054688 0.187149047851563
0.113914489746094 -0.0040283203125 0.2904052734375 0.11163330078125
0.0932159423828125 0.0113601684570313 0.269180297851563 0.0802764892578125
0.105354309082031 0.00997161865234375 0.253097534179688 0.108535766601563
0.0814132690429688 0.0637664794921875 0.177444458007813 0.145950317382812
0.0163650512695313 0.106094360351563 0.0864105224609375 0.118209838867188
-0.0819015502929688 0.0802383422851563 0.063873291015625 0.0826568603515625
-0.123077392578125 -0.0311050415039063 0.151199340820312 0.0769805908203125
-0.0784072875976563 -0.0991897583007813 0.2935791015625 0.236175537109375
0.0050506591796875 -0.107826232910156 0.208251953125 0.56341552734375
-0.107940673828125 -0.310302734375 0.143508911132813 0.208663940429687
-0.204925537109375 -0.169784545898438 0.1107177734375 0.0784225463867188
-0.277664184570313 -0.00576782226562498 -0.0411224365234375 0.0031280517578125
-0.162521362304688 0.16497802734375 -0.0544891357421875 0.110671997070313
-0.0114593505859375 0.22015380859375 -0.006103515625 0.166336059570313
0.157379150390625 0.152053833007813 0.143844604492188 0.1715087890625
0.21728515625 0.0704803466796875 0.238449096679688 0.105804443359375
0.188323974609375 0.0849609375 0.215042114257813 0.0673828125
0.216964721679687 0.08404541015625 0.20263671875 0.0925750732421875
0.154464721679688 0.162612915039063 0.142318725585938 0.1026611328125
0.020599365234375 0.23358154296875 0.066009521484375 0.0658073425292969
-0.159744262695313 0.18548583984375 0.0758819580078125 0.0411376953125
-0.284759521484375 -0.0303955078124999 0.177322387695313 0.05218505859375
-0.238510131835937 -0.180450439453125 0.296173095703125 0.219024658203125
-0.103378295898437 -0.277023315429688 0.215576171875 0.510711669921875
-0.180908203125 -0.434783935546875 0.0990371704101562 0.11297607421875
-0.297454833984375 -0.252288818359375 0.0642776489257812 0.0508880615234375
-0.405609130859375 -0.0306396484375 -0.0383720397949219 -0.00213241577148437
-0.256500244140625 0.223068237304688 -0.042877197265625 0.073516845703125
-0.05120849609375 0.311309814453125 -0.03289794921875 0.1104736328125
0.196426391601563 0.24310302734375 0.086761474609375 0.129043579101563
0.286468505859375 0.135162353515625 0.1534423828125 0.0818634033203125
0.253585815429688 0.144882202148437 0.128807067871094 0.0451736450195313
0.297698974609375 0.142242431640625 0.120155334472656 0.0648956298828125
0.212295532226562 0.234298706054687 0.08123779296875 0.0451507568359375
0.032958984375 0.331512451171875 0.0303592681884766 0.00178337097167971
-0.206451416015625 0.278701782226563 0.0769729614257812 -0.0133209228515625
-0.4110107421875 -0.00811767578124997 0.186447143554688 0.016143798828125
-0.37322998046875 -0.22479248046875 0.261886596679688 0.179916381835938
-0.201995849609375 -0.39947509765625 0.185516357421875 0.4019775390625
-0.231689453125 -0.494171142578125 0.0407752990722656 -0.0252876281738282
-0.360504150390625 -0.29541015625 -0.00185656547546389 -0.00129973888397219
-0.4840087890625 -0.03814697265625 -0.0417251586914063 -0.00811767578124999
-0.313262939453125 0.26031494140625 -0.0271663665771485 0.0279312133789063
-0.079437255859375 0.362396240234375 -0.052764892578125 0.0370254516601563
0.20855712890625 0.29827880859375 0.0190811157226563 0.0626945495605469
0.31317138671875 0.178466796875 0.046234130859375 0.0426025390625
0.280975341796875 0.182205200195313 0.0228710174560547 0.0151786804199219
0.33447265625 0.177520751953125 0.0176563262939453 0.0310573577880859
0.238800048828125 0.270904541015625 0.000839233398437514 -0.0167169570922851
0.041748046875 0.383209228515625 -0.0191192626953125 -0.0643463134765625
-0.2213134765625 0.331298828125 0.0635604858398437 -0.0709991455078125
-0.475921630859375 0.0190124511718751 0.172470092773437 -0.0205535888671875
-0.449981689453125 -0.2337646484375 0.189773559570312 0.1297607421875
-0.26605224609375 -0.4603271484375 0.12530517578125 0.258514404296875
-0.25390625 -0.476593017578125 -0.0270843505859375 -0.183837890625
-0.376068115234375 -0.28277587890625 -0.0797271728515625 -0.0706329345703125
-0.48504638671875 -0.0284423828124999 -0.0511970520019532 -0.0184822082519531
-0.312591552734375 0.26263427734375 -0.0150871276855469 -0.0238780975341797
-0.08782958984375 0.355194091796875 -0.0677261352539063 -0.0430755615234375
0.193359375 0.302734375 -0.0521202087402344 -0.0150146484375
0.293212890625 0.19171142578125 -0.0679206848144531 -0.00543212890624998
0.266250610351563 0.1920166015625 -0.0860748291015625 -0.016571044921875
0.3179931640625 0.187713623046875 -0.090423583984375 -0.00614929199218747
0.223129272460938 0.267547607421875 -0.0850067138671875 -0.0745315551757812
0.033355712890625 0.371978759765625 -0.0702438354492188 -0.123939514160156
-0.210845947265625 0.32012939453125 0.0414276123046875 -0.120262145996094
-0.456512451171875 0.0224914550781251 0.140289306640625 -0.0464248657226562
-0.44049072265625 -0.216552734375 0.0919265747070312 0.0782852172851562
-0.27655029296875 -0.450897216796875 0.0427474975585937 0.099945068359375
-0.2406005859375 -0.384918212890625 -0.10003662109375 -0.334930419921875
-0.330657958984375 -0.218719482421875 -0.15728759765625 -0.143402099609375
-0.39501953125 -0.01080322265625 -0.064849853515625 -0.03143310546875
-0.249298095703125 0.217819213867188 -0.0116424560546875 -0.0717010498046875
-0.075408935546875 0.28399658203125 -0.0765762329101562 -0.1109619140625
0.149566650390625 0.253372192382813 -0.115028381347656 -0.0870285034179687
0.228851318359375 0.172042846679688 -0.16986083984375 -0.05206298828125
0.2109375 0.171417236328125 -0.18206787109375 -0.046600341796875
0.252334594726563 0.172332763671875 -0.185836791992187 -0.044677734375
0.166030883789063 0.228729248046875 -0.156234741210937 -0.124771118164062
0.00515747070312501 0.299530029296875 -0.103866577148438 -0.168869018554687
-0.181228637695312 0.240447998046875 0.0247650146484375 -0.153167724609375
-0.359039306640625 -0.00143432617187507 0.102737426757812 -0.0576705932617188
-0.34613037109375 -0.180908203125 -0.00424194335937502 0.0292415618896484
-0.23388671875 -0.37518310546875 -0.0376548767089844 -0.0493736267089844
-0.189666748046875 -0.231521606445313 -0.167816162109375 -0.454345703125
-0.231338500976562 -0.119766235351562 -0.2232666015625 -0.20562744140625
-0.236740112304688 0.00906372070312496 -0.0835494995117188 -0.0415573120117187
-0.14129638671875 0.134536743164063 -0.0190658569335938 -0.0994491577148437
-0.0474395751953125 0.164230346679688 -0.078125 -0.149490356445313
0.0837554931640625 0.161331176757813 -0.158859252929687 -0.136764526367188
0.130302429199219 0.124702453613281 -0.24481201171875 -0.0876922607421875
0.123649597167969 0.123931884765625 -0.25146484375 -0.070587158203125
0.147857666015625 0.132064819335938 -0.253662109375 -0.0809326171875
0.081756591796875 0.15814208984375 -0.198745727539062 -0.163467407226563
-0.0278167724609375 0.185623168945312 -0.11053466796875 -0.196334838867188
-0.129508972167969 0.122840881347656 0.021942138671875 -0.166839599609375
-0.209671020507813 -0.03228759765625 0.0731964111328125 -0.0573501586914063
-0.1986083984375 -0.120956420898437 -0.0748138427734375 -0.0143890380859375
-0.153900146484375 -0.244781494140625 -0.0975189208984375 -0.17047119140625
-0.103462219238281 -0.0441131591796875 -0.220062255859375 -0.525726318359375
-0.0977935791015625 -0.0055694580078125 -0.2728271484375 -0.246719360351563
-0.0482139587402344 0.0263328552246094 -0.107162475585937 -0.0411376953125
-0.0173854827880859 0.0336055755615234 -0.0357894897460938 -0.10003662109375
-0.0149459838867188 0.0245208740234375 -0.070587158203125 -0.152511596679688
0.00482940673828125 0.0463218688964844 -0.176437377929688 -0.155807495117188
0.0112724304199219 0.0577239990234375 -0.279922485351563 -0.105926513671875
0.017578125 0.0573616027832031 -0.282806396484375 -0.084930419921875
0.022857666015625 0.0707778930664063 -0.28277587890625 -0.109130859375
-0.00873565673828125 0.0641136169433594 -0.207107543945312 -0.185943603515625
-0.048126220703125 0.0494766235351563 -0.09326171875 -0.203628540039063
-0.0540924072265625 0.00289535522460938 0.029541015625 -0.163253784179688
-0.039825439453125 -0.0413131713867188 0.0547752380371094 -0.0498847961425781
-0.0384559631347656 -0.0354499816894531 -0.109016418457031 -0.0479278564453125
-0.0595779418945312 -0.0755538940429687 -0.128692626953125 -0.245925903320313
-0.0301971435546875 -0.143295288085938 0.192337036132813 0.239959716796875
-0.0948486328125 -0.0648574829101562 0.144119262695313 0.0665740966796875
-0.121566772460937 0.0303955078125 -0.0486679077148438 0.0147209167480469
-0.0473175048828125 0.09454345703125 -0.0452880859375 0.145172119140625
0.0356903076171875 0.102401733398437 0.0445098876953125 0.20050048828125
0.097503662109375 0.033721923828125 0.200836181640625 0.173812866210938
0.111648559570312 -0.0146865844726562 0.3017578125 0.08770751953125
0.0933761596679688 0.00298309326171875 0.279022216796875 0.0602264404296875
0.1048583984375 4.57763671875E-05 0.26544189453125 0.090545654296875
0.0862045288085938 0.0557174682617187 0.190704345703125 0.134414672851563
0.0262374877929688 0.102836608886719 0.0956039428710938 0.113273620605469
-0.0749664306640625 0.088134765625 0.0717620849609375 0.0786895751953125
-0.124496459960938 -0.0184860229492188 0.159454345703125 0.065032958984375
-0.0865478515625 -0.0901412963867187 0.31549072265625 0.211944580078125
-0.00441741943359376 -0.108108520507812 0.25555419921875 0.551910400390625
-0.135223388671875 -0.30377197265625 0.164138793945313 0.203048706054688
-0.216232299804687 -0.156631469726562 0.122406005859375 0.0699310302734375
-0.279403686523438 0.0167694091796875 -0.0414543151855469 0.00625228881835938
-0.150283813476563 0.17840576171875 -0.0448760986328125 0.114944458007813
0.00759887695312501 0.222610473632812 0.0077972412109375 0.169815063476563
0.170303344726563 0.13714599609375 0.159164428710938 0.16064453125
0.223007202148438 0.0504302978515625 0.249923706054688 0.0872955322265625
0.195785522460938 0.0695343017578125 0.223007202148438 0.051666259765625
0.2239990234375 0.064300537109375 0.21435546875 0.0772857666015625
0.168731689453125 0.149139404296875 0.152175903320313 0.0933074951171875
0.0409698486328125 0.23199462890625 0.0711212158203125 0.0624313354492188
-0.145660400390625 0.201187133789063 0.0804519653320313 0.0362167358398438
-0.28912353515625 -0.00442504882812499 0.183456420898437 0.0379486083984375
-0.254013061523437 -0.159896850585938 0.317535400390625 0.195526123046875
-0.128204345703125 -0.272781372070313 0.25677490234375 0.49755859375
-0.219085693359375 -0.425445556640625 0.111915588378906 0.109748840332031
-0.31719970703125 -0.233154296875 0.0737075805664063 0.0468063354492187
-0.4122314453125 0.00274658203125009 -0.0397987365722657 0.000854492187500007
-0.240814208984375 0.245269775390625 -0.0363235473632813 0.0777435302734375
-0.0264892578125 0.32000732421875 -0.0230941772460937 0.116729736328125
0.217605590820313 0.226242065429688 0.09954833984375 0.121551513671875
0.2996826171875 0.109130859375 0.162277221679688 0.0691070556640625
0.267410278320313 0.124664306640625 0.133804321289063 0.0358505249023438
0.311614990234375 0.116058349609375 0.129539489746094 0.0564193725585938
0.23297119140625 0.21624755859375 0.0852508544921875 0.0396957397460938
0.061676025390625 0.330322265625 0.0299091339111328 0.000516891479492208
-0.18597412109375 0.29925537109375 0.0767135620117187 -0.0174560546875
-0.416046142578125 0.0283203125000001 0.189666748046875 0.0027923583984375
-0.392547607421875 -0.1944580078125 0.279403686523438 0.160919189453125
-0.237152099609375 -0.390838623046875 0.21832275390625 0.392547607421875
-0.273895263671875 -0.484588623046875 0.0421867370605469 -0.0251922607421875
-0.385345458984375 -0.272003173828125 0.00272059440612791 -2.31266021728682E-05
-0.494384765625 0.00051879882812497 -0.04449462890625 -0.00424957275390625
-0.296630859375 0.287994384765625 -0.0253829956054688 0.0318241119384766
-0.050872802734375 0.375030517578125 -0.048736572265625 0.0448036193847657
0.235275268554688 0.280517578125 0.0274276733398438 0.060211181640625
0.3314208984375 0.150848388671875 0.0518150329589844 0.0381736755371094
0.299163818359375 0.16064453125 0.0246047973632813 0.0144615173339844
0.351318359375 0.148162841796875 0.0228347778320313 0.0294513702392578
0.264663696289063 0.25048828125 -0.000757217407226545 -0.0164356231689453
0.07470703125 0.38128662109375 -0.025238037109375 -0.0624923706054687
-0.197540283203125 0.353790283203125 0.0584716796875 -0.0744247436523437
-0.4786376953125 0.0599365234374999 0.172500610351563 -0.031982421875
-0.47113037109375 -0.198272705078125 0.202178955078125 0.116958618164063
-0.306854248046875 -0.447113037109375 0.145294189453125 0.25164794921875
-0.29571533203125 -0.46551513671875 -0.0400390625 -0.1806640625
-0.40167236328125 -0.259857177734375 -0.0830307006835938 -0.0635528564453125
-0.496307373046875 0.0106506347656249 -0.0556564331054688 -0.0133323669433594
-0.295318603515625 0.2908935546875 -0.0174751281738281 -0.0204715728759765
-0.060089111328125 0.368988037109375 -0.0702857971191406 -0.034423828125
0.221099853515625 0.28759765625 -0.0502891540527344 -0.0130462646484375
0.314117431640625 0.165557861328125 -0.0672760009765625 -0.000518798828124983
0.285980224609375 0.1717529296875 -0.0890579223632812 -0.00994873046874998
0.3365478515625 0.160369873046875 -0.0893630981445312 0.000381469726562518
0.24810791015625 0.249435424804687 -0.0917129516601563 -0.068084716796875
0.064727783203125 0.37164306640625 -0.0808639526367187 -0.117889404296875
-0.18792724609375 0.34112548828125 0.0320053100585937 -0.122947692871094
-0.461212158203125 0.0618286132812501 0.137290954589844 -0.055206298828125
-0.46075439453125 -0.18292236328125 0.0991592407226562 0.0736541748046875
-0.316741943359375 -0.437744140625 0.0493392944335937 0.0985641479492187
-0.27532958984375 -0.374755859375 -0.12548828125 -0.32830810546875
-0.35198974609375 -0.198577880859375 -0.1685791015625 -0.131072998046875
-0.40509033203125 0.02154541015625 -0.0706100463867188 -0.0249176025390625
-0.236434936523438 0.241287231445313 -0.0181388854980469 -0.0681648254394531
-0.053192138671875 0.29620361328125 -0.0844802856445313 -0.102615356445312
0.172760009765625 0.2418212890625 -0.119804382324219 -0.0805740356445313
0.24853515625 0.153091430664063 -0.175125122070312 -0.0390472412109375
0.22857666015625 0.156021118164063 -0.188583374023437 -0.032989501953125
0.269790649414063 0.150634765625 -0.1893310546875 -0.0305938720703125
0.186996459960938 0.215072631835938 -0.167800903320312 -0.11309814453125
0.031280517578125 0.30279541015625 -0.1175537109375 -0.161102294921875
-0.16485595703125 0.2586669921875 0.01251220703125 -0.154983520507812
-0.36505126953125 0.0285644531249999 0.0987014770507812 -0.0635604858398438
-0.362884521484375 -0.15399169921875 -0.00193977355957033 0.0327892303466797
-0.268035888671875 -0.3656005859375 -0.0439338684082031 -0.0466194152832032
-0.210296630859375 -0.224807739257813 -0.202911376953125 -0.446624755859375
-0.244430541992188 -0.105804443359375 -0.241424560546875 -0.188827514648437
-0.243789672851563 0.0282440185546875 -0.0899887084960938 -0.0331268310546875
-0.134078979492188 0.148727416992188 -0.02783203125 -0.0958480834960937
-0.0355072021484375 0.173446655273438 -0.0892486572265625 -0.142349243164063
0.09906005859375 0.156448364257813 -0.167953491210938 -0.126953125
0.145645141601563 0.113800048828125 -0.253265380859375 -0.06915283203125
0.137008666992188 0.11541748046875 -0.26068115234375 -0.0518646240234374
0.1617431640625 0.119338989257813 -0.261444091796875 -0.062225341796875
0.09661865234375 0.151870727539063 -0.212921142578125 -0.148849487304687
-0.01153564453125 0.19036865234375 -0.126419067382813 -0.187973022460937
-0.121597290039063 0.136581420898438 0.00819396972656251 -0.1685791015625
-0.216903686523438 -0.015838623046875 0.0684890747070312 -0.0613327026367188
-0.211318969726562 -0.10589599609375 -0.0771865844726563 -0.00548553466796875
-0.17742919921875 -0.239456176757812 -0.114273071289063 -0.165069580078125
-0.107887268066406 -0.0406875610351562 -0.2637939453125 -0.512664794921875
-0.101142883300781 -0.00025939941406248 -0.295806884765625 -0.22601318359375
-0.0510673522949219 0.0293464660644531 -0.113594055175781 -0.0310516357421875
-0.0168914794921875 0.0365676879882813 -0.0446624755859375 -0.0949172973632812
-0.0135746002197266 0.0279178619384766 -0.0825042724609375 -0.147796630859375
0.00940704345703125 0.0472145080566406 -0.1890869140625 -0.144668579101563
0.0189781188964844 0.05755615234375 -0.2906494140625 -0.084259033203125
0.0241889953613281 0.0568618774414063 -0.293365478515625 -0.063629150390625
0.0305328369140625 0.0698661804199219 -0.294036865234375 -0.0878906250000001
-0.00220870971679688 0.0653610229492188 -0.223831176757812 -0.170791625976563
-0.0435867309570312 0.0561180114746094 -0.109268188476563 -0.196990966796875
-0.0553092956542969 0.00905990600585936 0.0154571533203125 -0.166122436523438
-0.0466499328613281 -0.038970947265625 0.0500450134277344 -0.0527000427246094
-0.0432815551757813 -0.0338783264160156 -0.115463256835937 -0.0363922119140625
-0.0680084228515625 -0.0747146606445313 -0.151611328125 -0.238937377929687
-0.0380325317382812 -0.137306213378906 0.206130981445313 0.2298583984375
-0.0948867797851563 -0.0591201782226562 0.148681640625 0.056365966796875
-0.115776062011719 0.0363082885742188 -0.0469322204589844 0.0160560607910156
-0.041107177734375 0.0939102172851563 -0.0361785888671875 0.145034790039063
0.0419692993164062 0.0984649658203125 0.0551605224609375 0.196136474609375
0.0966949462890625 0.0259552001953125 0.2078857421875 0.159835815429688
0.106109619140625 -0.022125244140625 0.30340576171875 0.069183349609375
0.0903472900390625 -0.002349853515625 0.2801513671875 0.045074462890625
0.102142333984375 -0.00728607177734375 0.26959228515625 0.0751495361328125
0.0876083374023438 0.0487823486328125 0.19635009765625 0.123550415039062
0.0320510864257812 0.0983200073242188 0.100105285644531 0.107398986816406
-0.0682525634765625 0.0912628173828125 0.0760879516601563 0.0741043090820313
-0.122352600097656 -0.008941650390625 0.161834716796875 0.0535888671875
-0.0893783569335938 -0.0812301635742187 0.324188232421875 0.189178466796875
-0.0104293823242188 -0.105827331542969 0.283905029296875 0.531494140625
-0.151214599609375 -0.2916259765625 0.177017211914063 0.194778442382812
-0.22015380859375 -0.143707275390625 0.128883361816406 0.0612258911132812
-0.273574829101563 0.0318908691406249 -0.0409774780273438 0.00804519653320312
-0.13812255859375 0.182876586914062 -0.0369186401367188 0.115776062011719
0.0207977294921875 0.220565795898438 0.0183563232421875 0.168487548828125
0.175552368164063 0.123031616210938 0.166778564453125 0.148910522460938
0.22113037109375 0.0347442626953125 0.251983642578125 0.070953369140625
0.196533203125 0.0573272705078125 0.224685668945312 0.0397796630859375
0.223831176757813 0.0483245849609375 0.218460083007813 0.0650787353515625
0.174728393554688 0.135345458984375 0.155319213867188 0.085296630859375
0.0544586181640625 0.22491455078125 0.0727157592773438 0.05853271484375
-0.132415771484375 0.208343505859375 0.0825958251953125 0.0327911376953125
-0.284820556640625 0.014312744140625 0.18402099609375 0.0271759033203125
-0.25787353515625 -0.14117431640625 0.32415771484375 0.1744384765625
-0.143661499023437 -0.263015747070313 0.28173828125 0.47998046875
-0.2421875 -0.4091796875 0.120071411132813 0.106201171875
-0.325164794921875 -0.214874267578125 0.0801467895507812 0.0419692993164062
-0.408172607421875 0.0262451171875 -0.040313720703125 0.00352859497070314
-0.224746704101562 0.255218505859375 -0.031005859375 0.0796279907226563
-0.00668334960937499 0.319366455078125 -0.0141983032226563 0.118583679199219
0.227676391601563 0.207183837890625 0.106521606445313 0.112693786621094
0.301849365234375 0.087921142578125 0.165679931640625 0.0580291748046875
0.272247314453125 0.108230590820312 0.134864807128906 0.0286178588867188
0.313995361328125 0.09368896484375 0.133674621582031 0.0478897094726563
0.24249267578125 0.197067260742187 0.0866241455078125 0.03564453125
0.080535888671875 0.321319580078125 0.0287189483642578 0.00024414062500002
-0.16790771484375 0.30792236328125 0.0758819580078125 -0.0197677612304687
-0.41021728515625 0.054168701171875 0.188751220703125 -0.0071868896484375
-0.397430419921875 -0.16741943359375 0.285247802734375 0.143157958984375
-0.25933837890625 -0.375579833984375 0.236236572265625 0.37701416015625
-0.3006591796875 -0.466705322265625 0.0435523986816406 -0.023895263671875
-0.3953857421875 -0.251434326171875 0.00678873062133787 0.000259399414062485
-0.491363525390625 0.02911376953125 -0.0462722778320313 -0.000354766845703132
-0.277496337890625 0.302825927734375 -0.0226917266845703 0.0346260070800781
-0.02825927734375 0.3765869140625 -0.0434989929199219 0.0499343872070313
0.248611450195313 0.2603759765625 0.03253173828125 0.0556373596191406
0.337158203125 0.12646484375 0.0542182922363281 0.0336723327636719
0.306365966796875 0.14251708984375 0.0248336791992188 0.01300048828125
0.3558349609375 0.123809814453125 0.0264377593994141 0.0274753570556641
0.274856567382812 0.229217529296875 -0.00208473205566405 -0.0151348114013672
0.09649658203125 0.37213134765625 -0.0294456481933594 -0.0586357116699219
-0.176239013671875 0.363800048828125 0.054473876953125 -0.0746307373046875
-0.472137451171875 0.088134765625 0.169662475585938 -0.0397186279296875
-0.475006103515625 -0.168914794921875 0.206771850585937 0.10540771484375
-0.332305908203125 -0.430145263671875 0.156158447265625 0.24212646484375
-0.32080078125 -0.448028564453125 -0.0468292236328125 -0.174041748046875
-0.4114990234375 -0.2386474609375 -0.0825653076171875 -0.057586669921875
-0.4947509765625 0.0396728515624999 -0.0584449768066407 -0.00776672363281249
-0.2772216796875 0.306549072265625 -0.0179100036621094 -0.0168590545654297
-0.0382080078125 0.3717041015625 -0.0691604614257813 -0.0275688171386718
0.234481811523437 0.268356323242188 -0.0480461120605469 -0.0126495361328125
0.321563720703125 0.142852783203125 -0.065338134765625 0.001495361328125
0.294525146484375 0.1534423828125 -0.0891036987304687 -0.00445556640625001
0.3426513671875 0.13592529296875 -0.0867385864257812 0.00405120849609377
0.260025024414063 0.2294921875 -0.0951614379882813 -0.0616989135742187
0.086517333984375 0.363433837890625 -0.08721923828125 -0.111373901367188
-0.168243408203125 0.350067138671875 0.0256729125976562 -0.121315002441406
-0.4547119140625 0.0877075195312501 0.133888244628906 -0.0602645874023437
-0.46356201171875 -0.1541748046875 0.102279663085937 0.0689697265625
-0.341705322265625 -0.41973876953125 0.0528488159179687 0.09515380859375
-0.295379638671875 -0.360321044921875 -0.140625 -0.317047119140625
-0.3612060546875 -0.181427001953125 -0.17205810546875 -0.11956787109375
-0.405120849609375 0.0458984375 -0.0736465454101563 -0.0176925659179687
-0.222076416015625 0.254379272460937 -0.0216941833496094 -0.0628662109375
-0.03564453125 0.300567626953125 -0.0875396728515625 -0.09429931640625
0.1856689453125 0.227691650390625 -0.120574951171875 -0.0761947631835937
0.257095336914063 0.133926391601563 -0.174087524414062 -0.0301666259765625
0.236846923828125 0.14117431640625 -0.189743041992187 -0.022186279296875
0.276687622070312 0.131088256835937 -0.188644409179687 -0.0211334228515625
0.19769287109375 0.199203491210938 -0.1729736328125 -0.102783203125
0.049560546875 0.29803466796875 -0.126205444335938 -0.15155029296875
-0.14892578125 0.267013549804688 0.00378417968750001 -0.15216064453125
-0.361785888671875 0.049285888671875 0.0949249267578125 -0.065673828125
-0.366729736328125 -0.132568359375 0.000122070312499976 0.0345783233642578
-0.28839111328125 -0.351226806640625 -0.047637939453125 -0.0435523986816406
-0.222061157226563 -0.214950561523437 -0.225738525390625 -0.429046630859375
-0.250198364257813 -0.0942382812499999 -0.249252319335937 -0.172607421875
-0.244735717773438 0.042999267578125 -0.092742919921875 -0.0249099731445313
-0.126052856445313 0.1571044921875 -0.0335311889648438 -0.0897674560546875
-0.02545166015625 0.177230834960938 -0.0943222045898438 -0.13470458984375
0.108108520507812 0.147247314453125 -0.171478271484375 -0.118759155273437
0.1529541015625 0.102615356445312 -0.254379272460938 -0.05474853515625
0.144119262695313 0.106369018554688 -0.262741088867188 -0.0364532470703125
0.167587280273437 0.107620239257812 -0.262237548828125 -0.0475006103515625
0.105255126953125 0.142959594726563 -0.218719482421875 -0.13525390625
0.00114440917968748 0.189697265625 -0.135711669921875 -0.178131103515625
-0.1134033203125 0.143402099609375 -0.001922607421875 -0.165969848632813
-0.218673706054688 -0.00280761718749999 0.0646629333496093 -0.0615158081054688
-0.215042114257813 -0.0941162109375 -0.0765380859375 0.00195312499999999
-0.19183349609375 -0.230819702148438 -0.123626708984375 -0.157012939453125
-0.109458923339844 -0.037994384765625 -0.28900146484375 -0.49188232421875
-0.102188110351563 0.00348663330078124 -0.3070068359375 -0.206207275390625
-0.0525016784667969 0.0323066711425781 -0.115440368652344 -0.021820068359375
-0.0164527893066406 0.0389556884765625 -0.0499267578125 -0.088958740234375
-0.0129814147949219 0.0299911499023437 -0.0889129638671875 -0.141586303710938
0.0125656127929688 0.0466575622558594 -0.19390869140625 -0.134750366210937
0.0245208740234375 0.0553512573242188 -0.29302978515625 -0.0673522949218751
0.028961181640625 0.0549240112304688 -0.2950439453125 -0.04644775390625
0.0358848571777344 0.0669403076171875 -0.296875 -0.0706481933593751
0.00289916992187499 0.0647697448730469 -0.230850219726563 -0.156341552734375
-0.0384559631347656 0.0599708557128906 -0.119140625 -0.187652587890625
-0.0549354553222656 0.0142707824707031 0.00494384765625001 -0.16436767578125
-0.052001953125 -0.0358963012695313 0.0458908081054688 -0.0523605346679688
-0.0465850830078125 -0.0318450927734375 -0.116401672363281 -0.0267562866210937
-0.07379150390625 -0.073089599609375 -0.164718627929687 -0.227706909179688
-0.0417327880859375 -0.132553100585938 0.214996337890625 0.225418090820313
-0.0929412841796875 -0.0562896728515625 0.151397705078125 0.0501556396484375
-0.112052917480469 0.0380630493164062 -0.0463523864746094 0.0167121887207031
-0.0380325317382813 0.0931854248046875 -0.0310211181640625 0.143569946289063
0.0458755493164062 0.095184326171875 0.060516357421875 0.192947387695313
0.0955276489257813 0.02069091796875 0.209793090820312 0.1522216796875
0.101593017578125 -0.0255279541015625 0.3033447265625 0.059417724609375
0.0878448486328125 -0.00463104248046875 0.281585693359375 0.0374755859375
0.0987319946289063 -0.0115890502929688 0.272201538085938 0.0672760009765625
0.0871353149414063 0.044647216796875 0.1988525390625 0.118194580078125
0.034942626953125 0.0944290161132813 0.101974487304688 0.104133605957031
-0.0642242431640625 0.0928115844726562 0.078369140625 0.071380615234375
-0.119255065917969 -0.00360107421875002 0.161239624023438 0.0468902587890625
-0.0895309448242188 -0.0750808715820312 0.3258056640625 0.175689697265625
-0.014068603515625 -0.1036376953125 0.29644775390625 0.519744873046875
-0.1595458984375 -0.28228759765625 0.185012817382813 0.191207885742188
-0.22015380859375 -0.137588500976563 0.13299560546875 0.055511474609375
-0.269851684570312 0.0396575927734376 -0.041595458984375 0.0091400146484375
-0.131256103515625 0.184799194335938 -0.0328292846679688 0.115364074707031
0.028594970703125 0.217178344726562 0.0241546630859375 0.1678466796875
0.176620483398438 0.11376953125 0.169479370117187 0.141357421875
0.218124389648438 0.025238037109375 0.25323486328125 0.061798095703125
0.196060180664063 0.0505828857421875 0.225296020507813 0.03387451171875
0.222061157226563 0.0388946533203125 0.221145629882812 0.0583343505859375
0.176300048828125 0.126541137695313 0.156539916992187 0.081390380859375
0.0611114501953125 0.219146728515625 0.0727386474609375 0.0566940307617188
-0.125411987304688 0.212051391601562 0.083953857421875 0.0309906005859375
-0.280914306640625 0.024322509765625 0.184066772460937 0.020751953125
-0.25762939453125 -0.1302490234375 0.326812744140625 0.16180419921875
-0.151351928710938 -0.25689697265625 0.29193115234375 0.468475341796875
-0.2548828125 -0.39825439453125 0.126319885253906 0.10516357421875
-0.327239990234375 -0.20611572265625 0.084747314453125 0.0386810302734375
-0.404937744140625 0.038543701171875 -0.0419540405273438 0.00564956665039062
-0.215179443359375 0.26031494140625 -0.0277862548828125 0.0805740356445313
0.00448608398437499 0.318206787109375 -0.00923156738281251 0.1202392578125
0.231109619140625 0.195419311523438 0.109603881835938 0.107521057128906
0.30084228515625 0.073760986328125 0.167098999023438 0.0519256591796875
0.273727416992188 0.098541259765625 0.135040283203125 0.0253829956054688
0.313079833984375 0.080230712890625 0.135910034179688 0.0433425903320313
0.245407104492188 0.185348510742188 0.0863800048828125 0.0342483520507813
0.090118408203125 0.3155517578125 0.0272846221923828 0.000789642333984394
-0.157562255859375 0.311798095703125 0.0761184692382813 -0.0202713012695312
-0.405181884765625 0.0675048828125 0.187850952148437 -0.012176513671875
-0.3968505859375 -0.154022216796875 0.287139892578125 0.13336181640625
-0.2711181640625 -0.367279052734375 0.245086669921875 0.36810302734375
-0.3148193359375 -0.456939697265625 0.0458259582519531 -0.0219345092773438
-0.399658203125 -0.24139404296875 0.0105113983154297 -0.000411033630371109
-0.489715576171875 0.0470886230468749 -0.0484580993652344 0.00305175781249999
-0.26739501953125 0.308441162109375 -0.0209312438964844 0.0370330810546875
-0.014862060546875 0.3770751953125 -0.0400810241699219 0.0532798767089844
0.253662109375 0.247604370117188 0.0342636108398438 0.0516510009765625
0.338623046875 0.111114501953125 0.0557212829589844 0.030548095703125
0.309356689453125 0.13092041015625 0.0247611999511719 0.0128803253173828
0.356231689453125 0.10797119140625 0.0288810729980469 0.0253143310546875
0.279281616210938 0.216110229492188 -0.00284671783447264 -0.0140523910522461
0.1085205078125 0.3653564453125 -0.0318107604980469 -0.0562629699707031
-0.165985107421875 0.3680419921875 0.0528411865234375 -0.0744857788085937
-0.46697998046875 0.102508544921875 0.168624877929688 -0.043121337890625
-0.47442626953125 -0.1533203125 0.208694458007812 0.0985565185546875
-0.34326171875 -0.420501708984375 0.161209106445312 0.236785888671875
-0.3348388671875 -0.43914794921875 -0.0489654541015625 -0.169326782226563
-0.41754150390625 -0.2286376953125 -0.0809402465820313 -0.0547561645507813
-0.49505615234375 0.0572814941406251 -0.0603828430175782 -0.00308609008789062
-0.26690673828125 0.31396484375 -0.0177268981933594 -0.0131549835205078
-0.025360107421875 0.3740234375 -0.0675048828125 -0.0227279663085937
0.240936279296875 0.2567138671875 -0.0471458435058594 -0.0143966674804687
0.324066162109375 0.127593994140625 -0.0638885498046875 0.00241088867187502
0.298980712890625 0.14288330078125 -0.0895233154296875 -0.0021514892578125
0.344207763671875 0.121337890625 -0.0848922729492187 0.00573730468749999
0.264511108398438 0.216949462890625 -0.0970993041992187 -0.0580215454101563
0.099151611328125 0.357666015625 -0.0907669067382812 -0.106590270996094
-0.157440185546875 0.35491943359375 0.0223770141601562 -0.119606018066406
-0.450439453125 0.10137939453125 0.132888793945312 -0.0621261596679687
-0.4632568359375 -0.14031982421875 0.104255676269531 0.0660476684570312
-0.354339599609375 -0.410675048828125 0.0543365478515625 0.0932159423828125
-0.305450439453125 -0.352630615234375 -0.1468505859375 -0.309722900390625
-0.3660888671875 -0.17303466796875 -0.172927856445313 -0.113265991210938
-0.405609130859375 0.0604553222656251 -0.076324462890625 -0.0118255615234375
-0.21453857421875 0.261795043945312 -0.0223960876464844 -0.0588226318359375
-0.024749755859375 0.302886962890625 -0.0878219604492188 -0.08941650390625
0.19085693359375 0.21795654296875 -0.120292663574219 -0.0746383666992187
0.260299682617188 0.121109008789063 -0.172836303710937 -0.0259246826171875
0.242080688476562 0.132522583007813 -0.1905517578125 -0.0164947509765625
0.278762817382812 0.118728637695312 -0.187545776367187 -0.0167083740234375
0.202346801757812 0.189651489257812 -0.175064086914063 -0.0963592529296875
0.060821533203125 0.294525146484375 -0.129776000976562 -0.145278930664062
-0.141372680664063 0.271621704101562 -0.000366210937500011 -0.149749755859375
-0.360626220703125 0.0600891113281249 0.0938034057617187 -0.0662689208984375
-0.366363525390625 -0.1219482421875 0.0015449523925781 0.0360527038574219
-0.301025390625 -0.34429931640625 -0.0497016906738281 -0.0420722961425781
-0.228897094726563 -0.210540771484375 -0.235809326171875 -0.420257568359375
-0.253829956054687 -0.0889892578125 -0.2525634765625 -0.163177490234375
-0.245590209960938 0.0519561767578125 -0.0945892333984375 -0.0184249877929688
-0.122100830078125 0.162689208984375 -0.0350189208984375 -0.0858383178710937
-0.0193328857421875 0.179611206054688 -0.0965042114257813 -0.130439758300781
0.111541748046875 0.142181396484375 -0.1728515625 -0.115310668945313
0.156967163085938 0.094390869140625 -0.253799438476563 -0.0473175048828125
0.14874267578125 0.101211547851563 -0.263580322265625 -0.0289459228515625
0.170806884765625 0.100357055664063 -0.26190185546875 -0.0407257080078125
0.109634399414063 0.136978149414063 -0.221542358398438 -0.127685546875
0.0086822509765625 0.189498901367188 -0.139801025390625 -0.171661376953125
-0.109390258789062 0.147979736328125 -0.0071868896484375 -0.163406372070313
-0.219635009765625 0.0037841796875 0.0633277893066406 -0.0611343383789063
-0.215667724609375 -0.0879974365234376 -0.0754470825195313 0.00615692138671875
-0.199142456054687 -0.2271728515625 -0.12908935546875 -0.152145385742188
-0.110298156738281 -0.0387725830078125 -0.302520751953125 -0.481475830078125
-0.103462219238281 0.00460052490234376 -0.311492919921875 -0.1943359375
-0.0548477172851563 0.0349235534667969 -0.115791320800781 -0.015106201171875
-0.0167427062988281 0.0410690307617188 -0.0517196655273438 -0.0848617553710937
-0.0124149322509766 0.0327625274658203 -0.0914459228515625 -0.138046264648438
0.0141944885253906 0.0464210510253906 -0.195632934570312 -0.129562377929688
0.0280265808105469 0.0534591674804688 -0.29302978515625 -0.0585021972656251
0.0319900512695313 0.0534858703613281 -0.29669189453125 -0.0382995605468751
0.0389633178710938 0.0649566650390625 -0.297943115234375 -0.062042236328125
0.00584793090820313 0.0641708374023438 -0.234176635742188 -0.14825439453125
-0.0339202880859375 0.0620841979980469 -0.123092651367187 -0.18212890625
-0.0549812316894531 0.0169906616210937 -0.000823974609375013 -0.162078857421875
-0.0554122924804687 -0.0341529846191406 0.0441513061523438 -0.0516777038574219
-0.0488624572753906 -0.0314674377441406 -0.116256713867188 -0.020751953125
-0.0772857666015625 -0.0731964111328125 -0.173095703125 -0.222244262695313
-0.0434722900390625 -0.130691528320312 0.22491455078125 0.227081298828125
-0.0925445556640625 -0.0563735961914062 0.155731201171875 0.0477752685546875
-0.111595153808594 0.0388031005859375 -0.0476112365722656 0.0172615051269531
-0.0368270874023438 0.0926742553710938 -0.0296630859375 0.144454956054688
0.048309326171875 0.093414306640625 0.0644073486328125 0.194625854492188
0.0951614379882813 0.01837158203125 0.21282958984375 0.1510009765625
0.0996017456054687 -0.027252197265625 0.308624267578125 0.055145263671875
0.087677001953125 -0.00574493408203125 0.28839111328125 0.035125732421875
0.0979385375976562 -0.0139617919921875 0.279647827148438 0.06536865234375
0.0875091552734375 0.0427169799804688 0.203475952148438 0.118896484375
0.0356597900390625 0.0936355590820312 0.104339599609375 0.104690551757813
-0.0632781982421875 0.0955352783203125 0.0817184448242188 0.071136474609375
-0.118896484375 -0.00119018554687499 0.1632080078125 0.04443359375
-0.0906753540039062 -0.0724411010742188 0.332061767578125 0.17169189453125
-0.0162887573242187 -0.103111267089844 0.307220458984375 0.52301025390625
-0.166778564453125 -0.282379150390625 0.195068359375 0.194122314453125
-0.222900390625 -0.138076782226562 0.138473510742188 0.05352783203125
-0.272689819335938 0.0433197021484375 -0.0441169738769531 0.01031494140625
-0.13067626953125 0.18768310546875 -0.0309600830078125 0.117301940917969
0.033294677734375 0.2193603515625 0.028076171875 0.170501708984375
0.1790771484375 0.109466552734375 0.172607421875 0.139999389648438
0.218734741210938 0.0200042724609375 0.257659912109375 0.05804443359375
0.198883056640625 0.048583984375 0.230606079101563 0.0323333740234375
0.223617553710938 0.0339508056640625 0.227798461914063 0.056671142578125
0.178619384765625 0.123260498046875 0.159759521484375 0.0819549560546875
0.0648040771484375 0.220077514648437 0.0739517211914063 0.0580673217773438
-0.123458862304687 0.217254638671875 0.087158203125 0.03082275390625
-0.2833251953125 0.03033447265625 0.186752319335937 0.018157958984375
-0.260711669921875 -0.127334594726562 0.332489013671875 0.158843994140625
-0.159072875976562 -0.258575439453125 0.30242919921875 0.471954345703125
-0.265655517578125 -0.400726318359375 0.133598327636719 0.107589721679687
-0.333251953125 -0.207122802734375 0.089691162109375 0.03753662109375
-0.41070556640625 0.046173095703125 -0.0449943542480469 0.00820159912109375
-0.215133666992187 0.265777587890625 -0.0261001586914063 0.0829391479492188
0.011077880859375 0.32305908203125 -0.00547790527343751 0.12371826171875
0.23583984375 0.19134521484375 0.111915588378906 0.105697631835938
0.304046630859375 0.0667724609375 0.170974731445313 0.0487823486328125
0.279769897460938 0.095794677734375 0.138168334960938 0.02471923828125
0.316925048828125 0.074188232421875 0.141128540039063 0.0418853759765625
0.250045776367188 0.181869506835938 0.0883026123046875 0.0350265502929688
0.09625244140625 0.316619873046875 0.0265274047851563 0.00200080871582033
-0.15582275390625 0.32073974609375 0.0783538818359375 -0.0207138061523437
-0.4093017578125 0.0748291015625 0.191207885742187 -0.015472412109375
-0.4022216796875 -0.149932861328125 0.293060302734375 0.13031005859375
-0.28204345703125 -0.37042236328125 0.252655029296875 0.371734619140625
-0.327484130859375 -0.45965576171875 0.0495376586914062 -0.0203475952148438
-0.40924072265625 -0.242706298828125 0.0137176513671875 -0.00086593627929689
-0.49908447265625 0.054931640625 -0.0521240234375 0.00705337524414062
-0.267333984375 0.31793212890625 -0.0193748474121094 0.0396537780761719
-0.00765991210937499 0.385162353515625 -0.037811279296875 0.0566596984863281
0.259750366210938 0.243942260742187 0.0355796813964844 0.0500259399414063
0.343536376953125 0.103057861328125 0.057861328125 0.0291213989257813
0.3173828125 0.12811279296875 0.0252780914306641 0.0132923126220703
0.362335205078125 0.1019287109375 0.0310611724853516 0.0239162445068359
0.284423828125 0.212890625 -0.00374317169189451 -0.0131034851074219
0.116455078125 0.3677978515625 -0.0343284606933594 -0.054718017578125
-0.16363525390625 0.37701416015625 0.0540390014648437 -0.0747222900390625
-0.473724365234375 0.11090087890625 0.171829223632812 -0.0459747314453125
-0.48028564453125 -0.15020751953125 0.2125244140625 0.097198486328125
-0.358245849609375 -0.423980712890625 0.1656494140625 0.238433837890625
-0.348175048828125 -0.444000244140625 -0.0494537353515625 -0.16900634765625
-0.428497314453125 -0.23089599609375 -0.080169677734375 -0.0544891357421875
-0.50408935546875 0.0666198730468749 -0.0637092590332032 0.00178527832031251
-0.267791748046875 0.3245849609375 -0.0169868469238281 -0.0109100341796875
-0.0185546875 0.38360595703125 -0.0668563842773438 -0.0201873779296875
0.247512817382813 0.253921508789063 -0.0473594665527344 -0.0159072875976562
0.33050537109375 0.119659423828125 -0.0643424987792969 0.00191497802734375
0.307037353515625 0.14031982421875 -0.0920639038085937 -0.000373840332031259
0.350311279296875 0.115814208984375 -0.0856552124023437 0.0050201416015625
0.270172119140625 0.212936401367188 -0.0998077392578125 -0.0566024780273438
0.107269287109375 0.360260009765625 -0.0942916870117188 -0.104324340820312
-0.155914306640625 0.363983154296875 0.0218276977539062 -0.119819641113281
-0.457275390625 0.109954833984375 0.135910034179687 -0.064910888671875
-0.46881103515625 -0.1385498046875 0.106391906738281 0.06610107421875
-0.368011474609375 -0.416748046875 0.0548095703125 0.0938949584960937
-0.3177490234375 -0.3583984375 -0.152191162109375 -0.310821533203125
-0.376617431640625 -0.17413330078125 -0.17559814453125 -0.112899780273438
-0.41510009765625 0.069305419921875 -0.078765869140625 -0.007110595703125
-0.213851928710938 0.271133422851563 -0.0225143432617188 -0.057037353515625
-0.0198974609375 0.31170654296875 -0.0885543823242187 -0.088409423828125
0.197052001953125 0.216644287109375 -0.122833251953125 -0.0762786865234375
0.267120361328125 0.115203857421875 -0.176193237304687 -0.0249481201171875
0.24951171875 0.130569458007812 -0.195358276367187 -0.013763427734375
0.283935546875 0.114349365234375 -0.190383911132812 -0.0160980224609375
0.207870483398438 0.186050415039063 -0.179428100585938 -0.0948638916015625
0.0675048828125 0.29718017578125 -0.1348876953125 -0.144088745117188
-0.140823364257813 0.279693603515625 -0.00180053710937502 -0.150466918945312
-0.366943359375 0.065643310546875 0.095947265625 -0.068572998046875
-0.3729248046875 -0.1204833984375 0.00233078002929685 0.0379600524902344
-0.312591552734375 -0.348419189453125 -0.0524482727050781 -0.0423355102539063
-0.236648559570312 -0.215408325195313 -0.246063232421875 -0.422943115234375
-0.261398315429688 -0.0892639160156249 -0.2584228515625 -0.161880493164062
-0.252578735351563 0.0584716796875 -0.0969009399414063 -0.0134735107421875
-0.122299194335938 0.16839599609375 -0.0358657836914063 -0.08380126953125
-0.0164031982421875 0.18585205078125 -0.0988922119140625 -0.130348205566406
0.114700317382812 0.142181396484375 -0.176589965820313 -0.117294311523437
0.16162109375 0.090301513671875 -0.258636474609375 -0.04608154296875
0.154571533203125 0.0992431640625 -0.270004272460937 -0.02587890625
0.17523193359375 0.0975494384765625 -0.267898559570313 -0.038482666015625
0.112861633300781 0.135848999023438 -0.2269287109375 -0.1259765625
0.0144195556640625 0.19207763671875 -0.144317626953125 -0.170684814453125
-0.109664916992188 0.153411865234375 -0.00981140136718752 -0.164337158203125
-0.225479125976563 0.00691223144531252 0.0649223327636719 -0.06243896484375
-0.220123291015625 -0.087860107421875 -0.075927734375 0.00912475585937499
-0.208236694335938 -0.230712890625 -0.134796142578125 -0.153121948242188
-0.113754272460938 -0.04193115234375 -0.314483642578125 -0.485137939453125
-0.107437133789063 0.00475311279296874 -0.319915771484375 -0.192108154296875
-0.0575294494628906 0.0371971130371094 -0.117050170898438 -0.0103225708007813
-0.017059326171875 0.0437774658203125 -0.0526123046875 -0.0829849243164063
-0.0130348205566406 0.0350074768066406 -0.0943069458007813 -0.138641357421875
0.0145759582519531 0.0473098754882812 -0.199417114257813 -0.1309814453125
0.0309333801269531 0.0524063110351562 -0.2987060546875 -0.0562438964843749
0.0349922180175781 0.0533714294433594 -0.3038330078125 -0.03472900390625
0.0416526794433594 0.0650825500488281 -0.304656982421875 -0.058746337890625
0.00780105590820313 0.0647010803222656 -0.239303588867187 -0.147079467773438
-0.0321578979492187 0.0646514892578125 -0.12713623046875 -0.181777954101563
-0.0561332702636719 0.0201377868652344 -0.00390625 -0.163528442382812
-0.0601577758789063 -0.0331382751464844 0.0449676513671875 -0.052093505859375
-0.0512924194335938 -0.031982421875 -0.118179321289063 -0.0172576904296875
-0.081634521484375 -0.0753631591796875 -0.179916381835937 -0.223175048828125
-0.046783447265625 -0.132095336914063 0.242233276367188 0.232757568359375
-0.0949172973632813 -0.0574264526367188 0.164749145507813 0.04486083984375
-0.114265441894531 0.041015625 -0.0501937866210938 0.0191841125488281
-0.0374298095703125 0.0950546264648438 -0.027008056640625 0.149581909179687
0.0526351928710937 0.09375 0.071380615234375 0.20050048828125
0.0974197387695313 0.0146255493164063 0.22308349609375 0.153060913085937
0.100303649902344 -0.0301971435546875 0.322113037109375 0.0494384765625
0.0895767211914062 -0.0075531005859375 0.302276611328125 0.030517578125
0.0995635986328125 -0.0175628662109375 0.29522705078125 0.062530517578125
0.0911026000976563 0.0412139892578125 0.214279174804688 0.120681762695312
0.0383682250976562 0.0944671630859375 0.109916687011719 0.107276916503906
-0.0626449584960938 0.100578308105469 0.0871963500976563 0.0719985961914063
-0.120826721191406 0.00181579589843751 0.169937133789063 0.04241943359375
-0.0931396484375 -0.0717926025390625 0.34698486328125 0.170562744140625
-0.0198898315429688 -0.105606079101563 0.329315185546875 0.53594970703125
-0.178436279296875 -0.287384033203125 0.210601806640625 0.19873046875
-0.232315063476563 -0.14080810546875 0.147689819335937 0.0513458251953125
-0.28155517578125 0.05059814453125 -0.0473670959472656 0.0135040283203125
-0.13238525390625 0.196075439453125 -0.0290603637695313 0.121932983398438
0.0412445068359375 0.22601318359375 0.0341796875 0.176956176757812
0.18560791015625 0.107131958007812 0.180511474609375 0.142105102539063
0.224197387695313 0.0140533447265625 0.269668579101563 0.054290771484375
0.207412719726563 0.046478271484375 0.241668701171875 0.029754638671875
0.23095703125 0.0288848876953125 0.241165161132813 0.054046630859375
0.186798095703125 0.122161865234375 0.168212890625 0.0841064453125
0.07208251953125 0.225326538085938 0.0771255493164063 0.0602645874023438
-0.124099731445313 0.22943115234375 0.092742919921875 0.0304641723632813
-0.292266845703125 0.0373840332031249 0.194351196289063 0.01446533203125
-0.271209716796875 -0.126327514648437 0.34820556640625 0.156219482421875
-0.172348022460938 -0.265472412109375 0.322784423828125 0.483642578125
-0.285003662109375 -0.410247802734375 0.145950317382812 0.11151123046875
-0.34930419921875 -0.2109375 0.0968399047851562 0.0358963012695312
-0.42620849609375 0.0574951171875 -0.0487213134765625 0.0131416320800781
-0.217132568359375 0.280059814453125 -0.0239410400390625 0.0874404907226563
0.020721435546875 0.335723876953125 -0.00123596191406249 0.129570007324219
0.246719360351562 0.190521240234375 0.118034362792969 0.106513977050781
0.31427001953125 0.05908203125 0.178955078125 0.04620361328125
0.2926025390625 0.092987060546875 0.145233154296875 0.02386474609375
0.32952880859375 0.068084716796875 0.14990234375 0.0400390625
0.261886596679688 0.1810302734375 0.0923004150390625 0.0363616943359375
0.107330322265625 0.325958251953125 0.0265254974365234 0.00323677062988283
-0.156219482421875 0.33770751953125 0.0831222534179688 -0.0229110717773437
-0.424591064453125 0.086639404296875 0.199447631835937 -0.021270751953125
-0.41864013671875 -0.14935302734375 0.3062744140625 0.129058837890625
-0.30328369140625 -0.380889892578125 0.270050048828125 0.381072998046875
-0.352203369140625 -0.47210693359375 0.0552825927734375 -0.0197639465332031
-0.430908203125 -0.2471923828125 0.0169792175292968 -0.00164413452148439
-0.519317626953125 0.0705871582031249 -0.0558395385742188 0.0128669738769531
-0.271148681640625 0.33685302734375 -0.0180473327636719 0.0424690246582032
0.00271606445312503 0.40264892578125 -0.035675048828125 0.0612373352050781
0.273834228515625 0.245208740234375 0.0381584167480469 0.0498619079589844
0.357330322265625 0.095306396484375 0.0612335205078125 0.0272369384765625
0.334320068359375 0.1258544921875 0.0261192321777344 0.0144882202148438
0.377716064453125 0.09515380859375 0.0338859558105469 0.0231075286865234
0.29827880859375 0.211639404296875 -0.00453281402587889 -0.0122289657592773
0.129608154296875 0.3782958984375 -0.03759765625 -0.0536956787109375
-0.16265869140625 0.39862060546875 0.0562820434570313 -0.0781478881835937
-0.491607666015625 0.1259765625 0.17864990234375 -0.0524139404296875
-0.50067138671875 -0.147705078125 0.22320556640625 0.0968170166015625
-0.384674072265625 -0.4364013671875 0.1759033203125 0.244476318359375
-0.374603271484375 -0.457366943359375 -0.0524749755859375 -0.172607421875
-0.451202392578125 -0.234527587890625 -0.0823516845703125 -0.0556182861328125
-0.526275634765625 0.0843505859374999 -0.0681495666503906 0.00856781005859374
-0.2718505859375 0.344207763671875 -0.0161819458007813 -0.00883579254150388
-0.00827026367187501 0.40179443359375 -0.0672836303710938 -0.0177650451660156
0.260818481445313 0.256149291992188 -0.0497856140136719 -0.0174484252929687
0.3448486328125 0.112518310546875 -0.0667610168457031 0.00157165527343752
0.324005126953125 0.138580322265625 -0.0968780517578125 0.00252532958984377
0.366943359375 0.109222412109375 -0.088958740234375 0.00602722167968752
0.2835693359375 0.213348388671875 -0.105239868164062 -0.0563583374023437
0.1209716796875 0.371673583984375 -0.100631713867187 -0.104896545410156
-0.154693603515625 0.38470458984375 0.0218734741210938 -0.124443054199219
-0.4757080078125 0.122894287109375 0.14056396484375 -0.0712509155273437
-0.489349365234375 -0.135955810546875 0.111991882324219 0.06689453125
-0.394683837890625 -0.42938232421875 0.05743408203125 0.096099853515625
-0.34063720703125 -0.36968994140625 -0.16326904296875 -0.318511962890625
-0.398162841796875 -0.176513671875 -0.183837890625 -0.113449096679687
-0.433502197265625 0.0843505859375 -0.0827865600585938 -8.39233398437363E-05
-0.217498779296875 0.288360595703125 -0.0227203369140625 -0.0563812255859375
-0.011749267578125 0.327972412109375 -0.0921707153320313 -0.0882415771484375
0.207717895507813 0.219024658203125 -0.129745483398438 -0.0792160034179687
0.279556274414063 0.109100341796875 -0.183609008789062 -0.0236663818359375
0.265090942382813 0.12921142578125 -0.205230712890625 -0.00955200195312496
0.298583984375 0.111083984375 -0.200149536132813 -0.01361083984375
0.218551635742188 0.187362670898438 -0.188812255859375 -0.0944671630859375
0.078399658203125 0.306243896484375 -0.143173217773438 -0.144866943359375
-0.14080810546875 0.29608154296875 -0.00462341308593752 -0.15533447265625
-0.38287353515625 0.076324462890625 0.0999374389648437 -0.0740890502929688
-0.388763427734375 -0.119842529296875 0.00347900390624998 0.0401802062988281
-0.334686279296875 -0.35968017578125 -0.0572586059570313 -0.0438308715820313
-0.253128051757813 -0.223831176757812 -0.262420654296875 -0.43280029296875
-0.276779174804688 -0.0894775390624999 -0.271636962890625 -0.161819458007813
-0.264755249023438 0.06878662109375 -0.100440979003906 -0.00780487060546875
-0.123489379882812 0.180191040039063 -0.0374526977539063 -0.0842742919921875
-0.0123291015625 0.196456909179688 -0.104263305664062 -0.132568359375
0.122116088867188 0.145172119140625 -0.18585205078125 -0.120147705078125
0.170684814453125 0.08660888671875 -0.270278930664063 -0.0433349609375
0.16424560546875 0.0994110107421875 -0.28411865234375 -0.0206604003906249
0.185104370117188 0.095916748046875 -0.281036376953125 -0.0344085693359375
0.119903564453125 0.137054443359375 -0.238906860351563 -0.127059936523438
0.0207366943359375 0.199111938476563 -0.1534423828125 -0.1727294921875
-0.111557006835938 0.164520263671875 -0.013824462890625 -0.169540405273438
-0.237747192382813 0.0127716064453125 0.0678024291992187 -0.0662651062011719
-0.230804443359375 -0.088653564453125 -0.07843017578125 0.0124359130859375
-0.224075317382813 -0.238479614257813 -0.145599365234375 -0.157028198242188
-0.120574951171875 -0.0451889038085938 -0.336639404296875 -0.495758056640625
-0.113876342773438 0.00676727294921873 -0.337127685546875 -0.192169189453125
-0.0613021850585938 0.0411300659179687 -0.120048522949219 -0.00557708740234373
-0.0168647766113281 0.0476264953613281 -0.0555191040039063 -0.0839996337890625
-0.012725830078125 0.0394058227539063 -0.10101318359375 -0.142227172851563
0.0166015625 0.0503196716308594 -0.210098266601563 -0.134170532226562
0.0344924926757813 0.0522804260253906 -0.31268310546875 -0.0523071289062501
0.0388221740722656 0.0542831420898437 -0.318939208984375 -0.029998779296875
0.0458602905273438 0.0663871765136719 -0.320648193359375 -0.055023193359375
0.0102348327636719 0.0667800903320313 -0.25152587890625 -0.14862060546875
-0.0296173095703125 0.0680007934570313 -0.135055541992188 -0.185562133789062
-0.058197021484375 0.0236892700195313 -0.00811767578125001 -0.168319702148438
-0.0669326782226562 -0.0326118469238281 0.0465126037597656 -0.0545883178710938
-0.0555686950683594 -0.0336875915527344 -0.122756958007813 -0.0144424438476563
-0.08837890625 -0.0794296264648438 -0.193649291992188 -0.228927612304687
-0.053497314453125 -0.134429931640625 0.268096923828125 0.232513427734375
-0.1002197265625 -0.0568618774414063 0.176467895507813 0.0380859375
-0.116844177246094 0.0464706420898438 -0.052825927734375 0.0235404968261719
-0.0357131958007813 0.0999221801757813 -0.02099609375 0.1568603515625
0.0596084594726562 0.0936126708984375 0.0854034423828125 0.206161499023438
0.100364685058594 0.0092010498046875 0.239044189453125 0.150543212890625
0.100555419921875 -0.0358200073242188 0.339263916015625 0.036712646484375
0.092254638671875 -0.0114212036132813 0.321441650390625 0.01751708984375
0.100898742675781 -0.0245513916015625 0.317047119140625 0.05126953125
0.0954818725585938 0.0377349853515625 0.231002807617188 0.1187744140625
0.0439910888671875 0.0961151123046875 0.119461059570313 0.107917785644531
-0.0602569580078125 0.108657836914062 0.0965423583984375 0.0706863403320313
-0.123985290527344 0.00748443603515624 0.180023193359375 0.035919189453125
-0.09906005859375 -0.0691375732421875 0.370452880859375 0.160888671875
-0.0259780883789063 -0.108558654785156 0.370330810546875 0.546356201171875
-0.2001953125 -0.29144287109375 0.234588623046875 0.199371337890625
-0.247573852539063 -0.13873291015625 0.158905029296875 0.0457611083984375
-0.293243408203125 0.0659179687499999 -0.0502662658691406 0.0195121765136719
-0.1300048828125 0.209671020507813 -0.0233306884765625 0.128654479980469
0.0547332763671875 0.233139038085938 0.0458221435546875 0.183120727539063
0.196609497070313 0.100753784179688 0.194915771484375 0.140472412109375
0.232376098632813 0.0037689208984375 0.285797119140625 0.042999267578125
0.218887329101563 0.038726806640625 0.2581787109375 0.0202484130859375
0.241455078125 0.0171356201171875 0.258941650390625 0.044342041015625
0.199462890625 0.117843627929688 0.180648803710938 0.082275390625
0.085235595703125 0.231170654296875 0.082733154296875 0.0609359741210938
-0.118667602539063 0.24755859375 0.1007080078125 0.0274429321289063
-0.303802490234375 0.05291748046875 0.20465087890625 0.0048370361328125
-0.287872314453125 -0.120147705078125 0.370697021484375 0.147308349609375
-0.194473266601563 -0.270751953125 0.36175537109375 0.49139404296875
-0.318939208984375 -0.416107177734375 0.162567138671875 0.111114501953125
-0.375518798828125 -0.208038330078125 0.105995178222656 0.032135009765625
-0.44525146484375 0.0811157226562499 -0.0517120361328125 0.0207099914550781
-0.215911865234375 0.3028564453125 -0.01971435546875 0.0925445556640625
0.039337158203125 0.350341796875 0.00688934326171876 0.13653564453125
0.2646484375 0.184661865234375 0.127784729003906 0.105758666992188
0.3284912109375 0.044708251953125 0.1903076171875 0.0389404296875
0.31201171875 0.082855224609375 0.1549072265625 0.019287109375
0.347381591796875 0.052703857421875 0.16162109375 0.0334930419921875
0.2808837890625 0.175628662109375 0.0985946655273438 0.0356063842773438
0.128173828125 0.334259033203125 0.0272369384765625 0.0043144226074219
-0.147705078125 0.36383056640625 0.0878448486328125 -0.0278396606445312
-0.441925048828125 0.111053466796875 0.20751953125 -0.032318115234375
-0.442718505859375 -0.13787841796875 0.32623291015625 0.120697021484375
-0.337921142578125 -0.387237548828125 0.29949951171875 0.386566162109375
-0.39459228515625 -0.47906494140625 0.0609359741210937 -0.0216255187988282
-0.464874267578125 -0.2413330078125 0.020578384399414 -0.00342941284179689
-0.54388427734375 0.101287841796875 -0.058807373046875 0.0220375061035156
-0.2691650390625 0.366180419921875 -0.0148506164550781 0.0467414855957031
0.02484130859375 0.423187255859375 -0.031768798828125 0.0670013427734375
0.296356201171875 0.240692138671875 0.041412353515625 0.0492820739746094
0.375823974609375 0.07867431640625 0.0662803649902344 0.0247764587402344
0.35748291015625 0.114990234375 0.0284194946289063 0.0153846740722656
0.39910888671875 0.079315185546875 0.0381355285644532 0.0219039916992188
0.321044921875 0.20587158203125 -0.00518417358398435 -0.0111522674560547
0.15472412109375 0.388946533203125 -0.0423622131347656 -0.0521316528320312
-0.15234375 0.4288330078125 0.0569915771484375 -0.0841293334960937
-0.511932373046875 0.156036376953125 0.184661865234375 -0.065673828125
-0.52935791015625 -0.134368896484375 0.236801147460937 0.0915069580078125
-0.427093505859375 -0.4429931640625 0.194442749023437 0.247650146484375
-0.41729736328125 -0.46417236328125 -0.0598297119140625 -0.17724609375
-0.487640380859375 -0.227935791015625 -0.086761474609375 -0.0546112060546875
-0.552490234375 0.115447998046875 -0.070648193359375 0.0187225341796875
-0.268463134765625 0.374847412109375 -0.015629768371582 -0.00699234008789061
0.013427734375 0.424224853515625 -0.0689888000488281 -0.0140419006347656
0.2843017578125 0.25421142578125 -0.0528755187988281 -0.017791748046875
0.3643798828125 0.097991943359375 -0.0693931579589843 0.00412368774414062
0.348907470703125 0.128387451171875 -0.102218627929687 0.00906372070312502
0.389312744140625 0.094207763671875 -0.0936965942382812 0.00925445556640626
0.30511474609375 0.20806884765625 -0.113639831542969 -0.0531387329101562
0.145965576171875 0.382354736328125 -0.111007690429688 -0.102195739746094
-0.1456298828125 0.413818359375 0.0183639526367187 -0.131019592285156
-0.4962158203125 0.15216064453125 0.144180297851562 -0.083160400390625
-0.519378662109375 -0.123291015625 0.11968994140625 0.0658340454101562
-0.438507080078125 -0.435546875 0.0627593994140625 0.0976791381835937
-0.37786865234375 -0.375244140625 -0.184173583984375 -0.325439453125
-0.42889404296875 -0.16973876953125 -0.197006225585938 -0.1097412109375
-0.453826904296875 0.11187744140625 -0.0861663818359375 0.009246826171875
-0.213714599609375 0.314483642578125 -0.024932861328125 -0.0561141967773437
0.005645751953125 0.346588134765625 -0.0994033813476563 -0.0872116088867187
0.22747802734375 0.219558715820313 -0.139297485351562 -0.0792160034179688
0.29644775390625 0.097747802734375 -0.194168090820313 -0.0175628662109375
0.2850341796875 0.12188720703125 -0.217971801757813 0.00125122070312506
0.31866455078125 0.0994873046875 -0.212295532226562 -0.00569152832031247
0.236358642578125 0.18475341796875 -0.203353881835938 -0.08984375
0.09844970703125 0.3165283203125 -0.157318115234375 -0.142440795898437
-0.134307861328125 0.320037841796875 -0.0114898681640625 -0.161773681640625
-0.401885986328125 0.0982666015625001 0.101295471191406 -0.0843124389648438
-0.413299560546875 -0.10955810546875 0.00482177734374997 0.0424079895019531
-0.371124267578125 -0.366058349609375 -0.064605712890625 -0.0435218811035157
-0.279251098632812 -0.225631713867188 -0.29510498046875 -0.4404296875
-0.29681396484375 -0.0827026367187499 -0.292388916015625 -0.1561279296875
-0.276870727539063 0.0861358642578124 -0.10357666015625 0.000808715820312524
-0.12030029296875 0.196487426757813 -0.0417251586914063 -0.0847396850585937
-0.0018157958984375 0.209808349609375 -0.114944458007812 -0.13299560546875
0.134231567382813 0.146240234375 -0.2005615234375 -0.119491577148437
0.18212890625 0.0803985595703125 -0.286590576171875 -0.033905029296875
0.1790771484375 0.095367431640625 -0.30126953125 -0.00741577148437501
0.199722290039063 0.090667724609375 -0.299468994140625 -0.02325439453125
0.13165283203125 0.1373291015625 -0.257080078125 -0.121597290039062
0.0337371826171875 0.206893920898437 -0.168212890625 -0.172286987304687
-0.109359741210937 0.17962646484375 -0.0222320556640625 -0.175567626953125
-0.252685546875 0.025421142578125 0.0678558349609375 -0.0738677978515625
-0.246292114257813 -0.0836639404296875 -0.0817642211914063 0.0180130004882813
-0.2484130859375 -0.242706298828125 -0.162185668945313 -0.158187866210938
-0.130264282226563 -0.0450363159179687 -0.37677001953125 -0.5020751953125
-0.121116638183594 0.0120315551757813 -0.362274169921875 -0.18426513671875
-0.06378173828125 0.0467643737792969 -0.123435974121094 0.00113677978515626
-0.0149345397949219 0.0521507263183594 -0.0611953735351563 -0.0835113525390625
-0.0115203857421875 0.0442962646484375 -0.112625122070312 -0.143844604492188
0.019989013671875 0.0536766052246094 -0.226333618164063 -0.133193969726562
0.039154052734375 0.0519485473632813 -0.33135986328125 -0.041168212890625
0.0444755554199219 0.0547218322753906 -0.3388671875 -0.0151062011718751
0.0527458190917969 0.067108154296875 -0.341888427734375 -0.040924072265625
0.0146102905273438 0.069122314453125 -0.271896362304688 -0.144287109375
-0.0261688232421875 0.0728836059570313 -0.149215698242188 -0.187057495117188
-0.0600013732910156 0.0299034118652344 -0.0165863037109375 -0.174942016601563
-0.0746612548828125 -0.029754638671875 0.0463371276855469 -0.0599441528320313
-0.0615196228027344 -0.0336036682128906 -0.129158020019531 -0.00804138183593752
-0.0986785888671875 -0.0815582275390625 -0.216278076171875 -0.229995727539063
-0.063079833984375 -0.133346557617188 0.296630859375 0.221893310546875
-0.105766296386719 -0.053314208984375 0.186126708984375 0.0261993408203125
-0.117172241210938 0.0550155639648437 -0.0533065795898438 0.0294342041015625
-0.031341552734375 0.104385375976563 -0.0102386474609375 0.162216186523438
0.0677337646484375 0.0899505615234375 0.1026611328125 0.205886840820313
0.102035522460938 0.00070953369140625 0.256393432617188 0.141525268554688
0.0992431640625 -0.04339599609375 0.354766845703125 0.013916015625
0.0936279296875 -0.0177230834960937 0.33709716796875 -0.005401611328125
0.100616455078125 -0.033172607421875 0.334930419921875 0.029296875
0.100204467773437 0.0313796997070312 0.24932861328125 0.108154296875
0.0505752563476563 0.0949859619140625 0.130325317382813 0.103950500488281
-0.0540847778320312 0.116561889648437 0.106033325195312 0.0650482177734375
-0.125808715820313 0.0157470703125 0.188613891601563 0.0237579345703125
-0.105331420898438 -0.0635757446289063 0.393157958984375 0.139312744140625
-0.0347824096679687 -0.108978271484375 0.422637939453125 0.5360107421875
-0.22674560546875 -0.286102294921875 0.259994506835938 0.189620971679688
-0.265457153320313 -0.129013061523437 0.169509887695312 0.0350494384765625
-0.2984619140625 0.0888671875 -0.0510177612304688 0.0273590087890625
-0.12139892578125 0.225387573242187 -0.0139999389648438 0.133712768554687
0.0736083984375 0.23492431640625 0.06097412109375 0.185043334960938
0.207046508789063 0.088134765625 0.210205078125 0.132568359375
0.23736572265625 -0.0134429931640625 0.2989501953125 0.02362060546875
0.229019165039063 0.0246124267578125 0.271133422851563 0.0022430419921875
0.248687744140625 -0.0011444091796875 0.275146484375 0.025909423828125
0.212982177734375 0.106475830078125 0.19390869140625 0.0739898681640625
0.10345458984375 0.231704711914063 0.0891571044921875 0.0589523315429688
-0.105499267578125 0.26580810546875 0.107246398925781 0.0199661254882813
-0.310272216796875 0.075531005859375 0.211654663085938 -0.0106201171875
-0.30474853515625 -0.1043701171875 0.3924560546875 0.125732421875
-0.221923828125 -0.2664794921875 0.40740966796875 0.481964111328125
-0.359100341796875 -0.4068603515625 0.18017578125 0.10357666015625
-0.403533935546875 -0.19091796875 0.114730834960937 0.024566650390625
-0.455322265625 0.117523193359375 -0.0515060424804688 0.031158447265625
-0.203125 0.328399658203125 -0.0119400024414063 0.0970077514648438
0.06719970703125 0.358795166015625 0.0187454223632813 0.140121459960938
0.28338623046875 0.170379638671875 0.139022827148438 0.0999984741210938
0.339874267578125 0.0211181640625 0.200714111328125 0.026123046875
0.329132080078125 0.06378173828125 0.163864135742188 0.009368896484375
0.36083984375 0.027679443359375 0.171920776367188 0.0214996337890625
0.29998779296875 0.1602783203125 0.105369567871094 0.03167724609375
0.15606689453125 0.335845947265625 0.028045654296875 0.00519943237304689
-0.12689208984375 0.39013671875 0.0909957885742187 -0.0354537963867187
-0.450592041015625 0.146270751953125 0.211700439453125 -0.0501251220703125
-0.46685791015625 -0.11407470703125 0.344573974609375 0.101226806640625
-0.380523681640625 -0.3778076171875 0.337615966796875 0.37664794921875
-0.445404052734375 -0.469085693359375 0.0660629272460937 -0.0258674621582032
-0.497650146484375 -0.22137451171875 0.0241336822509765 -0.00604438781738283
-0.557281494140625 0.14593505859375 -0.0580062866210938 0.034423828125
-0.25238037109375 0.398162841796875 -0.00980758666992189 0.0500335693359375
0.058624267578125 0.436187744140625 -0.02581787109375 0.0716629028320313
0.320953369140625 0.2265625 0.0462837219238281 0.0468940734863281
0.39105224609375 0.0531005859375 0.0712203979492188 0.0196914672851563
0.37994384765625 0.092742919921875 0.0318355560302735 0.0150184631347656
0.417572021484375 0.0498046875 0.041259765625 0.0187301635742188
0.34405517578125 0.1898193359375 -0.0059547424316406 -0.00956058502197264
0.187835693359375 0.389404296875 -0.0477371215820312 -0.0486068725585937
-0.12786865234375 0.457244873046875 0.055145263671875 -0.0908737182617187
-0.519500732421875 0.196929931640625 0.18524169921875 -0.082794189453125
-0.557769775390625 -0.1046142578125 0.250244140625 0.077362060546875
-0.47760009765625 -0.43170166015625 0.216552734375 0.242019653320312
-0.46673583984375 -0.45318603515625 -0.070404052734375 -0.178024291992188
-0.5230712890625 -0.203948974609375 -0.091339111328125 -0.0508880615234375
-0.56475830078125 0.162353515625 -0.0697364807128907 0.0313377380371094
-0.251434326171875 0.4090576171875 -0.014399528503418 -0.00471401214599607
0.04730224609375 0.440093994140625 -0.0702171325683594 -0.00896072387695308
0.31048583984375 0.242523193359375 -0.0562477111816406 -0.0170135498046875
0.3812255859375 0.072509765625 -0.0716400146484375 0.00812530517578126
0.371917724609375 0.10748291015625 -0.105606079101562 0.0184402465820312
0.409820556640625 0.06719970703125 -0.0971298217773437 0.015655517578125
0.32904052734375 0.1929931640625 -0.12139892578125 -0.0460128784179688
0.178558349609375 0.383148193359375 -0.121818542480469 -0.09539794921875
-0.12078857421875 0.441802978515625 0.01171875 -0.1365966796875
-0.5078125 0.1942138671875 0.14239501953125 -0.0983428955078125
-0.54541015625 -0.0936584472656251 0.127487182617187 0.0605239868164062
-0.48724365234375 -0.42291259765625 0.0694122314453125 0.0965042114257812
-0.421295166015625 -0.36474609375 -0.210418701171875 -0.322845458984375
-0.458526611328125 -0.14776611328125 -0.210189819335938 -0.099456787109375
-0.465240478515625 0.151336669921875 -0.08538818359375 0.021148681640625
-0.198638916015625 0.34197998046875 -0.0274925231933594 -0.0550308227539062
0.033935546875 0.361846923828125 -0.107032775878906 -0.0818176269531249
0.250091552734375 0.211013793945313 -0.14971923828125 -0.0748443603515625
0.311279296875 0.07769775390625 -0.202957153320312 -0.00520324707031247
0.30621337890625 0.10430908203125 -0.227569580078125 0.0192413330078125
0.336822509765625 0.078399658203125 -0.222122192382812 0.0102996826171875
0.256271362304688 0.173446655273438 -0.217544555664062 -0.078521728515625
0.125640869140625 0.31903076171875 -0.171661376953125 -0.133819580078125
-0.115936279296875 0.343505859375 -0.02191162109375 -0.166000366210937
-0.412994384765625 0.130859375 0.0976943969726562 -0.0957489013671875
-0.4359130859375 -0.087127685546875 0.00820922851562497 0.044830322265625
-0.41412353515625 -0.35638427734375 -0.0731048583984375 -0.0396499633789063
-0.30718994140625 -0.217376708984375 -0.33404541015625 -0.433624267578125
-0.316436767578125 -0.0665893554687499 -0.3125 -0.14117431640625
-0.28350830078125 0.111663818359375 -0.103805541992188 0.01123046875
-0.11004638671875 0.212692260742188 -0.047454833984375 -0.0831298828125
0.0152435302734375 0.219711303710938 -0.126655578613281 -0.128150939941406
0.14959716796875 0.142898559570313 -0.215866088867188 -0.112945556640625
0.193161010742188 0.068206787109375 -0.299957275390625 -0.015228271484375
0.19317626953125 0.0855255126953125 -0.314605712890625 0.015869140625
0.2137451171875 0.0785980224609375 -0.314361572265625 -0.00149536132812493
0.145416259765625 0.13201904296875 -0.275665283203125 -0.107925415039063
0.0506591796875 0.210418701171875 -0.185562133789063 -0.164993286132813
-0.0998382568359375 0.195892333984375 -0.034942626953125 -0.1793212890625
-0.262771606445313 0.04559326171875 0.0645599365234375 -0.0824050903320313
-0.261337280273437 -0.0721435546875 -0.0829620361328125 0.0255508422851562
-0.27777099609375 -0.2371826171875 -0.1812744140625 -0.150711059570313
-0.139907836914062 -0.0406494140625 -0.422515869140625 -0.492462158203125
-0.126266479492188 0.02069091796875 -0.388671875 -0.16387939453125
-0.063934326171875 0.0533103942871094 -0.124549865722656 0.0107955932617187
-0.0106773376464844 0.0556068420410156 -0.0677490234375 -0.0803756713867188
-0.00785064697265624 0.0485153198242187 -0.125663757324219 -0.140403747558594
0.0255355834960937 0.0551223754882813 -0.243392944335938 -0.1243896484375
0.0442924499511719 0.0493621826171875 -0.3486328125 -0.0198059082031249
0.0510330200195312 0.0532608032226563 -0.355133056640625 0.00973510742187497
0.0609970092773438 0.0656623840332031 -0.360015869140625 -0.0169677734375
0.0205345153808594 0.0698394775390625 -0.2921142578125 -0.130523681640625
-0.0196151733398437 0.0769577026367187 -0.166854858398437 -0.1820068359375
-0.0594367980957031 0.0375823974609375 -0.030242919921875 -0.178314208984375
-0.0825729370117188 -0.0236587524414063 0.0431480407714844 -0.0656852722167969
-0.0676803588867188 -0.0318832397460937 -0.133827209472656 0.00264739990234376
-0.1103515625 -0.079986572265625 -0.242584228515625 -0.222412109375
-0.0712509155273438 -0.128387451171875 0.31591796875 0.20025634765625
-0.109542846679688 -0.0469741821289062 0.190292358398438 0.0118255615234375
-0.113578796386719 0.0633697509765625 -0.0516586303710938 0.035858154296875
-0.0260543823242188 0.106887817382812 0.00149536132812499 0.161941528320312
0.0731964111328125 0.0832748413085938 0.117660522460938 0.197738647460937
0.0995101928710937 -0.007537841796875 0.267440795898438 0.125869750976563
0.0948257446289063 -0.0500946044921875 0.35821533203125 -0.0128173828125
0.0919189453125 -0.0239410400390625 0.341094970703125 -0.032073974609375
0.0958175659179688 -0.0411529541015625 0.342529296875 0.00225830078125
0.101516723632813 0.0233383178710938 0.260757446289063 0.0923309326171875
0.0575103759765625 0.0916519165039063 0.137489318847656 0.0958023071289063
-0.04498291015625 0.120872497558594 0.111656188964844 0.0562820434570313
-0.124488830566406 0.0236053466796875 0.191390991210938 0.009002685546875
-0.109092712402344 -0.0553741455078125 0.402801513671875 0.1107177734375
-0.0430984497070313 -0.105636596679688 0.46148681640625 0.506683349609375
-0.247894287109375 -0.2703857421875 0.278045654296875 0.170181274414062
-0.275665283203125 -0.111312866210938 0.174972534179687 0.0218505859375
-0.29339599609375 0.11163330078125 -0.0476188659667969 0.0355682373046875
-0.106719970703125 0.234832763671875 -0.00364685058593749 0.13397216796875
0.0915069580078125 0.229293823242188 0.0750579833984375 0.180435180664063
0.211654663085938 0.0717010498046875 0.220199584960938 0.119171142578125
0.2347412109375 -0.031280517578125 0.303619384765625 0.001434326171875
0.231842041015625 0.0078582763671875 0.2755126953125 -0.018341064453125
0.247665405273437 -0.021148681640625 0.281097412109375 0.0036773681640625
0.219833374023438 0.09100341796875 0.202484130859375 0.062255859375
0.120635986328125 0.2242431640625 0.0930099487304688 0.0541534423828125
-0.0858612060546875 0.27679443359375 0.110298156738281 0.0108566284179688
-0.306854248046875 0.097869873046875 0.211105346679687 -0.0277099609375
-0.312347412109375 -0.08367919921875 0.40228271484375 0.096923828125
-0.243743896484375 -0.251419067382812 0.444183349609375 0.451812744140625
-0.3914794921875 -0.38226318359375 0.192413330078125 0.090545654296875
-0.419342041015625 -0.164947509765625 0.120208740234375 0.015045166015625
-0.44989013671875 0.153656005859375 -0.0467147827148438 0.0407867431640625
-0.18060302734375 0.344818115234375 -0.00343322753906252 0.097808837890625
0.096038818359375 0.353851318359375 0.0302047729492188 0.138481140136719
0.294525146484375 0.148040771484375 0.146194458007813 0.0904998779296875
0.3389892578125 -0.00445556640625 0.20465087890625 0.0105743408203125
0.33648681640625 0.038848876953125 0.167678833007813 -0.002685546875
0.362762451171875 -0.0020751953125 0.17608642578125 0.0074005126953125
0.3118896484375 0.13824462890625 0.1099853515625 0.0258331298828125
0.181121826171875 0.32464599609375 0.0284214019775391 0.00514030456542971
-0.0986328125 0.4033203125 0.0902786254882813 -0.043487548828125
-0.444488525390625 0.179962158203125 0.206802368164062 -0.06683349609375
-0.477325439453125 -0.082733154296875 0.35186767578125 0.07733154296875
-0.413238525390625 -0.354888916015625 0.36383056640625 0.3551025390625
-0.481719970703125 -0.440582275390625 0.0683326721191406 -0.0311431884765625
-0.519256591796875 -0.188140869140625 0.0262107849121093 -0.00915718078613282
-0.549072265625 0.192169189453125 -0.05145263671875 0.0444793701171875
-0.22552490234375 0.42010498046875 -0.00372695922851563 0.0508880615234375
0.094512939453125 0.4334716796875 -0.0188140869140625 0.073760986328125
0.336700439453125 0.2021484375 0.0491561889648438 0.0421943664550781
0.393280029296875 0.022613525390625 0.0736007690429688 0.013336181640625
0.3902587890625 0.064544677734375 0.0346603393554688 0.0136146545410156
0.42230224609375 0.01593017578125 0.0434951782226563 0.0149650573730469
0.357940673828125 0.163909912109375 -0.00603818893432615 -0.00790977478027343
0.217926025390625 0.3765869140625 -0.0513954162597656 -0.0430412292480469
-0.094085693359375 0.4718017578125 0.0501556396484375 -0.0962600708007812
-0.51251220703125 0.237152099609375 0.178024291992188 -0.097991943359375
-0.56817626953125 -0.0667114257812499 0.25634765625 0.0606689453125
-0.514312744140625 -0.40216064453125 0.233474731445312 0.227340698242187
-0.506866455078125 -0.42218017578125 -0.0806732177734375 -0.173599243164063
-0.543365478515625 -0.16998291015625 -0.0935897827148438 -0.0457305908203125
-0.558135986328125 0.208953857421875 -0.0633010864257813 0.0420875549316406
-0.223236083984375 0.431365966796875 -0.0119562149047852 -0.00297164916992185
0.084625244140625 0.440093994140625 -0.0692329406738281 -0.00347518920898435
0.328338623046875 0.21893310546875 -0.0584945678710937 -0.0154991149902344
0.38604736328125 0.042755126953125 -0.0715408325195312 0.0118026733398438
0.383880615234375 0.07965087890625 -0.104446411132812 0.027923583984375
0.416259765625 0.034210205078125 -0.0976104736328125 0.02374267578125
0.3431396484375 0.16802978515625 -0.125587463378906 -0.0356903076171875
0.209381103515625 0.370697021484375 -0.128280639648438 -0.0847320556640625
-0.0877685546875 0.45660400390625 0.00275421142578123 -0.138404846191406
-0.50030517578125 0.232421875 0.133262634277344 -0.110099792480469
-0.555877685546875 -0.0575256347656249 0.132072448730469 0.0527572631835937
-0.52606201171875 -0.392242431640625 0.0734939575195312 0.0923538208007812
-0.45355224609375 -0.337127685546875 -0.23291015625 -0.308319091796875
-0.474884033203125 -0.116363525390625 -0.217132568359375 -0.0856475830078126
-0.459381103515625 0.191375732421875 -0.0796432495117188 0.0315475463867188
-0.17474365234375 0.360107421875 -0.0291862487792969 -0.0523719787597656
0.06439208984375 0.362579345703125 -0.111068725585938 -0.074127197265625
0.266952514648438 0.19281005859375 -0.15728759765625 -0.0674285888671875
0.3160400390625 0.0533447265625 -0.205291748046875 0.00860595703125003
0.31793212890625 0.081573486328125 -0.227554321289062 0.037750244140625
0.34429931640625 0.0509033203125 -0.224746704101562 0.0283203125
0.269256591796875 0.15447998046875 -0.225479125976563 -0.062103271484375
0.151214599609375 0.30999755859375 -0.181304931640625 -0.120559692382813
-0.090240478515625 0.356903076171875 -0.0334625244140625 -0.164459228515625
-0.40960693359375 0.164581298828125 0.0892868041992187 -0.10455322265625
-0.445068359375 -0.0587768554687499 0.0111770629882812 0.046173095703125
-0.44573974609375 -0.330291748046875 -0.0785675048828125 -0.033203125
-0.327789306640625 -0.197845458984375 -0.364532470703125 -0.410797119140625
-0.324676513671875 -0.0447387695312501 -0.32391357421875 -0.118865966796875
-0.278244018554688 0.135574340820312 -0.0997467041015625 0.0203475952148437
-0.094970703125 0.2230224609375 -0.0514984130859375 -0.0792388916015625
0.034393310546875 0.221343994140625 -0.13482666015625 -0.119010925292969
0.16162109375 0.133010864257813 -0.225799560546875 -0.1009521484375
0.197891235351563 0.053497314453125 -0.30517578125 0.00588989257812504
0.202651977539063 0.07080078125 -0.3173828125 0.04217529296875
0.221832275390625 0.0613861083984375 -0.31878662109375 0.02484130859375
0.155426025390625 0.121414184570313 -0.28656005859375 -0.087982177734375
0.067718505859375 0.206710815429688 -0.197265625 -0.15106201171875
-0.0853424072265625 0.20684814453125 -0.048248291015625 -0.1771240234375
-0.264999389648438 0.067718505859375 0.0578079223632812 -0.0879974365234375
-0.269561767578125 -0.0554962158203125 -0.0808792114257813 0.0336074829101562
-0.30010986328125 -0.220245361328125 -0.195236206054688 -0.136947631835937
-0.14691162109375 -0.0326385498046875 -0.4588623046875 -0.461944580078125
-0.126319885253906 0.0298004150390625 -0.4033203125 -0.136566162109375
-0.0620841979980469 0.0589675903320313 -0.121322631835937 0.0190200805664062
-0.006500244140625 0.0567970275878906 -0.0721435546875 -0.0750045776367187
-0.00278472900390625 0.0517349243164063 -0.135543823242188 -0.130844116210938
0.0307769775390625 0.0551338195800781 -0.253952026367188 -0.110382080078125
0.048583984375 0.045867919921875 -0.354705810546875 0.00537109374999999
0.0566978454589844 0.0488967895507812 -0.35931396484375 0.038909912109375
0.0682373046875 0.06103515625 -0.366302490234375 0.0130615234375001
0.0264320373535156 0.0692367553710938 -0.305328369140625 -0.10986328125
-0.0127105712890625 0.0780487060546875 -0.180252075195313 -0.170059204101563
-0.0563735961914062 0.0441360473632813 -0.0439453125 -0.175582885742187
-0.0873794555664063 -0.01507568359375 0.0381813049316406 -0.0689468383789062
-0.0719985961914063 -0.0283050537109375 -0.133506774902344 0.0143585205078125
-0.120025634765625 -0.0738372802734375 -0.260665893554688 -0.203750610351563
-0.0761947631835938 -0.122283935546875 0.323577880859375 0.18157958984375
-0.110603332519531 -0.041748046875 0.190887451171875 0.0015869140625
-0.10870361328125 0.0681610107421875 -0.0477180480957031 0.0407295227050781
-0.0211868286132813 0.107070922851562 0.009002685546875 0.158599853515625
0.0755538940429688 0.0768814086914063 0.124969482421875 0.18878173828125
0.0946578979492188 -0.01318359375 0.271011352539063 0.1126708984375
0.0896224975585938 -0.05364990234375 0.3558349609375 -0.031585693359375
0.0891342163085938 -0.0277786254882812 0.3389892578125 -0.05096435546875
0.0901107788085937 -0.0453872680664062 0.341583251953125 -0.0186767578125
0.100570678710938 0.0173568725585938 0.265380859375 0.0791778564453125
0.0606613159179688 0.0873336791992188 0.139976501464844 0.0894088745117188
-0.038055419921875 0.122314453125 0.113388061523437 0.0483169555664063
-0.12091064453125 0.0281600952148437 0.189285278320312 -0.002655029296875
-0.109512329101563 -0.0483551025390625 0.403106689453125 0.08746337890625
-0.0482864379882812 -0.100784301757813 0.479827880859375 0.474334716796875
-0.258651733398437 -0.253173828125 0.28546142578125 0.1533203125
-0.27886962890625 -0.09814453125 0.176910400390625 0.011260986328125
-0.28466796875 0.126007080078125 -0.0426597595214844 0.04132080078125
-0.094818115234375 0.23828125 0.00314331054687501 0.131027221679688
0.102188110351563 0.22021484375 0.083282470703125 0.173492431640625
0.209487915039063 0.0590057373046875 0.223342895507813 0.108734130859375
0.228042602539063 -0.0429840087890625 0.302154541015625 -0.015625
0.229965209960938 -0.0038909912109375 0.274581909179688 -0.034027099609375
0.241195678710937 -0.0339202880859375 0.280105590820313 -0.0138702392578125
0.220687866210938 0.0779571533203125 0.205947875976563 0.052459716796875
0.130157470703125 0.215408325195313 0.09442138671875 0.0508575439453125
-0.0704345703125 0.279205322265625 0.110336303710937 0.00361633300781252
-0.2996826171875 0.1121826171875 0.205963134765625 -0.038818359375
-0.312103271484375 -0.0679931640625 0.40118408203125 0.074981689453125
-0.2552490234375 -0.236862182617188 0.45965576171875 0.423431396484375
-0.407684326171875 -0.357025146484375 0.197830200195312 0.07861328125
-0.424835205078125 -0.143829345703125 0.122413635253906 0.00704956054687499
-0.436676025390625 0.177154541015625 -0.0395240783691406 0.0469779968261719
-0.161285400390625 0.351593017578125 0.00238800048828124 0.0956497192382813
0.114898681640625 0.343994140625 0.0376129150390625 0.135025024414063
0.295806884765625 0.12939453125 0.148513793945313 0.08282470703125
0.33251953125 -0.022216796875 0.204757690429688 -0.0019073486328125
0.336273193359375 0.02130126953125 0.16827392578125 -0.01202392578125
0.356292724609375 -0.022430419921875 0.1761474609375 -0.00299072265625
0.314117431640625 0.11968994140625 0.111480712890625 0.0217056274414063
0.195587158203125 0.311065673828125 0.0282707214355469 0.00593566894531252
-0.075225830078125 0.406524658203125 0.0882110595703125 -0.0489120483398437
-0.43359375 0.201812744140625 0.199371337890625 -0.07733154296875
-0.4764404296875 -0.059844970703125 0.351043701171875 0.058685302734375
-0.43011474609375 -0.33074951171875 0.375030517578125 0.330810546875
-0.501373291015625 -0.409027099609375 0.069000244140625 -0.0345916748046875
-0.52691650390625 -0.162017822265625 0.0283088684082031 -0.0121917724609375
-0.534637451171875 0.2210693359375 -0.0432319641113281 0.051361083984375
-0.201629638671875 0.427978515625 0.000320434570312489 0.049957275390625
0.11865234375 0.42388916015625 -0.0137939453125 0.0738754272460938
0.341552734375 0.180450439453125 0.0498809814453125 0.0384368896484375
0.38763427734375 0.00067138671875 0.0742263793945313 0.00754547119140625
0.39166259765625 0.0438232421875 0.0365447998046875 0.0122222900390625
0.416778564453125 -0.008758544921875 0.0442962646484375 0.0123786926269531
0.3612060546875 0.1424560546875 -0.00561618804931639 -0.00592041015624999
0.235382080078125 0.360137939453125 -0.0520820617675781 -0.037261962890625
-0.06695556640625 0.474334716796875 0.0459747314453125 -0.0986480712890625
-0.49981689453125 0.26434326171875 0.16827392578125 -0.10614013671875
-0.5657958984375 -0.0401000976562501 0.255599975585937 0.0479736328125
-0.53411865234375 -0.373443603515625 0.239044189453125 0.213180541992188
-0.52728271484375 -0.392547607421875 -0.0854034423828125 -0.167587280273438
-0.550018310546875 -0.142425537109375 -0.0926589965820313 -0.0422210693359375
-0.542877197265625 0.239959716796875 -0.0547561645507813 0.0486564636230469
-0.198486328125 0.43927001953125 -0.00995159149169923 -0.0028886795043945
0.1094970703125 0.4312744140625 -0.0668792724609375 0.000755310058593787
0.33563232421875 0.198760986328125 -0.0604400634765625 -0.0137596130371094
0.381500244140625 0.02166748046875 -0.0705642700195312 0.0137252807617188
0.385772705078125 0.057952880859375 -0.100936889648437 0.0346298217773438
0.41241455078125 0.00994873046875 -0.0957412719726562 0.029510498046875
0.34674072265625 0.14813232421875 -0.126548767089844 -0.0278244018554688
0.226165771484375 0.35345458984375 -0.130653381347656 -0.0753173828124999
-0.06201171875 0.4588623046875 -0.0030975341796875 -0.137100219726562
-0.48681640625 0.258636474609375 0.123306274414062 -0.1158447265625
-0.553955078125 -0.0317077636718749 0.132766723632812 0.0472259521484375
-0.545013427734375 -0.363983154296875 0.0751571655273437 0.088531494140625
-0.468963623046875 -0.311492919921875 -0.24334716796875 -0.29364013671875
-0.479827880859375 -0.0935668945312499 -0.218231201171875 -0.07550048828125
-0.44732666015625 0.21539306640625 -0.07244873046875 0.0370330810546875
-0.154327392578125 0.366363525390625 -0.0293502807617188 -0.0501441955566406
0.08538818359375 0.356689453125 -0.111854553222656 -0.06658935546875
0.274154663085937 0.177139282226563 -0.16070556640625 -0.061431884765625
0.3135986328125 0.03533935546875 -0.204025268554687 0.018341064453125
0.321014404296875 0.063720703125 -0.223663330078125 0.0513458251953125
0.34381103515625 0.029754638671875 -0.22186279296875 0.04205322265625
0.27423095703125 0.138381958007813 -0.226638793945312 -0.0482330322265625
0.166473388671875 0.2967529296875 -0.184234619140625 -0.108642578125
-0.0697021484375 0.360443115234375 -0.04083251953125 -0.161285400390625
-0.40032958984375 0.186737060546875 0.0804519653320313 -0.10723876953125
-0.44384765625 -0.0386657714843749 0.0135726928710937 0.0470542907714844
-0.4630126953125 -0.306549072265625 -0.0810165405273438 -0.0269546508789063
-0.337249755859375 -0.18084716796875 -0.3782958984375 -0.38775634765625
-0.32574462890625 -0.0290832519531251 -0.326629638671875 -0.102264404296875
-0.2703857421875 0.150466918945313 -0.093658447265625 0.0259246826171875
-0.0825653076171875 0.225692749023438 -0.0526962280273438 -0.0749282836914062
0.04754638671875 0.21832275390625 -0.137565612792969 -0.10992431640625
0.167236328125 0.12347412109375 -0.230621337890625 -0.09173583984375
0.19732666015625 0.0418243408203125 -0.304107666015625 0.021270751953125
0.205780029296875 0.058624267578125 -0.3126220703125 0.060699462890625
0.223709106445312 0.04742431640625 -0.31494140625 0.0438537597656251
0.160476684570313 0.1124267578125 -0.289794921875 -0.071441650390625
0.0786285400390625 0.19976806640625 -0.201705932617188 -0.137893676757812
-0.0723724365234375 0.211196899414063 -0.056060791015625 -0.171356201171875
-0.2615966796875 0.083740234375 0.0506515502929687 -0.08935546875
-0.271163940429688 -0.043914794921875 -0.0776824951171875 0.0395050048828125
-0.312225341796875 -0.204803466796875 -0.2005615234375 -0.123260498046875
-0.148330688476563 -0.0265655517578125 -0.475616455078125 -0.43463134765625
-0.123519897460938 0.0359649658203125 -0.405426025390625 -0.11444091796875
-0.0601844787597656 0.0620498657226563 -0.116836547851563 0.0232162475585938
-0.0033721923828125 0.055908203125 -0.0734481811523438 -0.0698013305664063
0.000591278076171871 0.0525054931640625 -0.138519287109375 -0.121681213378906
0.0352363586425781 0.0539932250976563 -0.258560180664063 -0.099822998046875
0.0508575439453125 0.0429000854492187 -0.353546142578125 0.024261474609375
0.0596656799316406 0.0454292297363281 -0.35540771484375 0.06036376953125
0.0724639892578125 0.0557937622070312 -0.3629150390625 0.03497314453125
0.0310287475585937 0.0669021606445313 -0.309295654296875 -0.092803955078125
-0.007293701171875 0.0774917602539063 -0.185089111328125 -0.159042358398438
-0.0519523620605469 0.0481109619140625 -0.0522918701171875 -0.169952392578125
-0.0890121459960938 -0.00762939453125 0.0336647033691406 -0.0696487426757813
-0.0749359130859375 -0.0247573852539062 -0.130683898925781 0.0227584838867187
-0.125419616699219 -0.0682830810546875 -0.26824951171875 -0.186386108398437
-0.07781982421875 -0.118614196777344 0.327117919921875 0.171539306640625
-0.110702514648438 -0.0390243530273437 0.191970825195312 -0.00506591796875
-0.105789184570313 0.0705108642578125 -0.0442161560058594 0.0430221557617188
-0.0183258056640625 0.107322692871094 0.0133056640625 0.156036376953125
0.075927734375 0.0731277465820313 0.127655029296875 0.1834716796875
0.0915069580078125 -0.0160598754882813 0.273971557617188 0.107955932617187
0.085540771484375 -0.0550384521484375 0.354400634765625 -0.04217529296875
0.0875701904296875 -0.0300827026367188 0.33831787109375 -0.062652587890625
0.085784912109375 -0.046966552734375 0.341156005859375 -0.03045654296875
0.098968505859375 0.0140457153320313 0.2686767578125 0.07159423828125
0.0624465942382813 0.0850830078125 0.14093017578125 0.0865631103515625
-0.034088134765625 0.122955322265625 0.114181518554688 0.0433425903320313
-0.119415283203125 0.0302276611328125 0.187347412109375 -0.008880615234375
-0.108421325683594 -0.0446853637695313 0.401092529296875 0.075592041015625
-0.0510787963867187 -0.0977096557617188 0.486968994140625 0.457305908203125
-0.263900756835938 -0.243484497070313 0.289794921875 0.143951416015625
-0.280532836914063 -0.090484619140625 0.17840576171875 0.00408935546874999
-0.277999877929688 0.134384155273438 -0.0370216369628906 0.0445365905761719
-0.0875244140625 0.239761352539062 0.00717926025390625 0.129508972167969
0.108123779296875 0.214691162109375 0.0869598388671875 0.169998168945312
0.2069091796875 0.051971435546875 0.225021362304688 0.103317260742188
0.222686767578125 -0.0481414794921875 0.3021240234375 -0.025543212890625
0.229568481445313 -0.0105133056640625 0.275192260742188 -0.0431976318359375
0.235824584960938 -0.0411834716796875 0.280746459960938 -0.0233612060546875
0.22003173828125 0.0706329345703125 0.208847045898438 0.0474395751953125
0.13531494140625 0.2103271484375 0.0949478149414063 0.0503158569335938
-0.0613861083984375 0.280548095703125 0.110771179199219 -0.000961303710937483
-0.296539306640625 0.11981201171875 0.20245361328125 -0.0454559326171875
-0.312255859375 -0.0595092773437499 0.399627685546875 0.063720703125
-0.262115478515625 -0.2281494140625 0.464508056640625 0.40814208984375
-0.4156494140625 -0.34210205078125 0.20074462890625 0.0716705322265625
-0.42816162109375 -0.13348388671875 0.124176025390625 0.00111389160156249
-0.429351806640625 0.190521240234375 -0.03314208984375 0.0505752563476563
-0.150177001953125 0.354644775390625 0.00593566894531249 0.09405517578125
0.125518798828125 0.337432861328125 0.0406875610351563 0.132850646972656
0.294769287109375 0.11920166015625 0.149124145507813 0.0788421630859375
0.327392578125 -0.031524658203125 0.204330444335938 -0.0102386474609375
0.337158203125 0.01116943359375 0.169525146484375 -0.0173492431640625
0.350830078125 -0.03369140625 0.17724609375 -0.00946044921875
0.314361572265625 0.10980224609375 0.113685607910156 0.0192108154296875
0.2030029296875 0.303436279296875 0.0284309387207031 0.00740242004394533
-0.063568115234375 0.4088134765625 0.0871734619140625 -0.0521163940429687
-0.42901611328125 0.2138671875 0.194000244140625 -0.08251953125
-0.47564697265625 -0.0492858886718749 0.349609375 0.04949951171875
-0.440155029296875 -0.318389892578125 0.37939453125 0.319000244140625
-0.511688232421875 -0.392486572265625 0.070159912109375 -0.037322998046875
-0.530029296875 -0.1478271484375 0.02978515625 -0.0153598785400391
-0.52557373046875 0.238616943359375 -0.035247802734375 0.0550613403320313
-0.187530517578125 0.432891845703125 0.00312423706054687 0.0492935180664063
0.13232421875 0.417083740234375 -0.010223388671875 0.074432373046875
0.343109130859375 0.1690673828125 0.0490760803222656 0.0370140075683594
0.383148193359375 -0.010009765625 0.0746612548828125 0.00310516357421875
0.393310546875 0.03167724609375 0.0387840270996094 0.0108375549316406
0.412384033203125 -0.02154541015625 0.0452156066894531 0.0108833312988281
0.36126708984375 0.131744384765625 -0.00440359115600584 -0.00494670867919921
0.24359130859375 0.350372314453125 -0.0525436401367187 -0.0337181091308593
-0.052093505859375 0.476104736328125 0.04443359375 -0.100288391113281
-0.494110107421875 0.27911376953125 0.1619873046875 -0.109848022460937
-0.56591796875 -0.0266723632812499 0.255218505859375 0.041656494140625
-0.54656982421875 -0.35748291015625 0.240310668945312 0.206375122070312
-0.53521728515625 -0.375946044921875 -0.0871429443359375 -0.165283203125
-0.5557861328125 -0.12786865234375 -0.0923309326171875 -0.0417404174804688
-0.53387451171875 0.257781982421875 -0.0470046997070313 0.0516548156738281
-0.1834716796875 0.444122314453125 -0.00846910476684571 -0.00227308273315427
0.124114990234375 0.425537109375 -0.0643501281738281 0.00298309326171879
0.337890625 0.18731689453125 -0.0626945495605469 -0.0124740600585937
0.377777099609375 0.010223388671875 -0.0708541870117187 0.014251708984375
0.388427734375 0.04669189453125 -0.0987396240234375 0.0379714965820312
0.40911865234375 -0.00439453125 -0.0935897827148437 0.0332412719726563
0.3480224609375 0.1370849609375 -0.126190185546875 -0.0229415893554687
0.235260009765625 0.344207763671875 -0.131057739257812 -0.0689086914062499
-0.04638671875 0.460235595703125 -0.0056610107421875 -0.136405944824219
-0.48095703125 0.27581787109375 0.116966247558594 -0.117073059082031
-0.554412841796875 -0.019805908203125 0.13397216796875 0.0448684692382813
-0.556884765625 -0.349517822265625 0.0751800537109375 0.087890625
-0.47723388671875 -0.29693603515625 -0.24798583984375 -0.28570556640625
-0.4833984375 -0.0811767578125001 -0.218597412109375 -0.07049560546875
-0.439666748046875 0.230194091796875 -0.0660820007324219 0.0397834777832031
-0.143524169921875 0.36944580078125 -0.0289230346679688 -0.0485687255859375
0.09796142578125 0.352691650390625 -0.110504150390625 -0.0625381469726562
0.276962280273438 0.168167114257813 -0.163955688476562 -0.057647705078125
0.312469482421875 0.0264892578125 -0.204177856445312 0.023468017578125
0.323272705078125 0.05364990234375 -0.220870971679687 0.059112548828125
0.341766357421875 0.018218994140625 -0.21942138671875 0.050445556640625
0.275390625 0.1298828125 -0.227523803710938 -0.04058837890625
0.1741943359375 0.2896728515625 -0.1849365234375 -0.100509643554688
-0.05670166015625 0.3631591796875 -0.0438995361328125 -0.15814208984375
-0.3968505859375 0.201446533203125 0.074920654296875 -0.107894897460937
-0.44561767578125 -0.027618408203125 0.0156974792480469 0.0486946105957031
-0.4737548828125 -0.293304443359375 -0.0820236206054688 -0.0230178833007813
-0.342742919921875 -0.1715087890625 -0.38726806640625 -0.376220703125
-0.326446533203125 -0.0209960937500001 -0.328033447265625 -0.0930175781249999
-0.266342163085937 0.15850830078125 -0.089508056640625 0.027435302734375
-0.075927734375 0.227249145507813 -0.0530471801757812 -0.07257080078125
0.05560302734375 0.217178344726563 -0.137359619140625 -0.104881286621094
0.170806884765625 0.118606567382812 -0.234588623046875 -0.0871124267578125
0.197525024414062 0.0360870361328125 -0.304107666015625 0.0306701660156251
0.208648681640625 0.05322265625 -0.3114013671875 0.0715026855468749
0.224029541015625 0.03924560546875 -0.3126220703125 0.05523681640625
0.162139892578125 0.106781005859375 -0.291046142578125 -0.062042236328125
0.0841522216796875 0.195358276367187 -0.20306396484375 -0.131317138671875
-0.0639190673828125 0.213851928710938 -0.05975341796875 -0.167984008789063
-0.259841918945312 0.0937347412109375 0.0467605590820312 -0.0892791748046875
-0.2730712890625 -0.037078857421875 -0.0751876831054688 0.04345703125
-0.320037841796875 -0.196258544921875 -0.203155517578125 -0.115203857421875
-0.14971923828125 -0.0241241455078125 -0.4825439453125 -0.419525146484375
-0.122024536132813 0.037872314453125 -0.407745361328125 -0.1024169921875
-0.0596351623535156 0.0635871887207031 -0.114837646484375 0.0245285034179687
-0.0022125244140625 0.0553245544433594 -0.0729598999023438 -0.0672073364257813
0.00284957885742188 0.0533599853515625 -0.139007568359375 -0.117668151855469
0.0379600524902344 0.0538749694824219 -0.261886596679688 -0.0950622558593751
0.0518913269042969 0.0413360595703125 -0.3543701171875 0.03515625
0.0618438720703125 0.0435295104980469 -0.353790283203125 0.0729980468750001
0.0749053955078125 0.0529861450195312 -0.3609619140625 0.0488586425781251
0.0329170227050781 0.0656929016113281 -0.311981201171875 -0.0824279785156251
-0.00463867187500001 0.0768508911132812 -0.187713623046875 -0.152999877929688
-0.0492744445800781 0.0505714416503906 -0.0567779541015625 -0.16656494140625
-0.0904083251953125 -0.00218963623046877 0.0302467346191406 -0.0693473815917969
-0.0775222778320313 -0.0233154296875 -0.128402709960938 0.0280685424804688
-0.129447937011719 -0.0655670166015625 -0.270645141601563 -0.176162719726563
-0.080078125 -0.117897033691406 0.3360595703125 0.168609619140625
-0.112022399902344 -0.0374908447265625 0.196746826171875 -0.00994873046875
-0.105422973632813 0.07342529296875 -0.0412712097167969 0.0457878112792969
-0.01702880859375 0.109260559082031 0.0151824951171875 0.157196044921875
0.0773162841796875 0.0716476440429688 0.130905151367188 0.184616088867188
0.0903091430664063 -0.017791748046875 0.280502319335938 0.106887817382813
0.084442138671875 -0.0567474365234375 0.36090087890625 -0.051025390625
0.0882034301757812 -0.0316314697265625 0.3453369140625 -0.07220458984375
0.0837783813476563 -0.048583984375 0.348541259765625 -0.040191650390625
0.0996780395507813 0.0124130249023438 0.27728271484375 0.0688323974609375
0.0642852783203125 0.0855865478515625 0.143630981445313 0.087371826171875
-0.0320587158203125 0.1259765625 0.116432189941406 0.0406036376953125
-0.121192932128906 0.0317153930664063 0.18902587890625 -0.0139617919921875
-0.109649658203125 -0.0427780151367188 0.40582275390625 0.06884765625
-0.0533294677734375 -0.0972976684570313 0.496429443359375 0.457275390625
-0.270919799804688 -0.241592407226562 0.297332763671875 0.1407470703125
-0.286865234375 -0.087554931640625 0.1832275390625 -0.00129699707031251
-0.279876708984375 0.142608642578125 -0.0325546264648438 0.0472450256347656
-0.08453369140625 0.2452392578125 0.00936889648437498 0.130035400390625
0.1134033203125 0.214508056640625 0.089569091796875 0.171310424804688
0.2073974609375 0.048675537109375 0.230880737304688 0.102874755859375
0.222991943359375 -0.052978515625 0.307647705078125 -0.0330810546875
0.234420776367187 -0.014801025390625 0.281219482421875 -0.050537109375
0.236785888671875 -0.045806884765625 0.286163330078125 -0.03082275390625
0.223220825195313 0.0677642822265625 0.215286254882812 0.0442047119140625
0.140716552734375 0.211456298828125 0.0969467163085938 0.051788330078125
-0.05712890625 0.287384033203125 0.113136291503906 -0.00446319580078123
-0.301300048828125 0.126434326171875 0.202850341796875 -0.05010986328125
-0.317626953125 -0.0564880371093749 0.4053955078125 0.057647705078125
-0.272064208984375 -0.227554321289063 0.47369384765625 0.407379150390625
-0.426788330078125 -0.339691162109375 0.206893920898437 0.0689849853515625
-0.438507080078125 -0.12841796875 0.12744140625 -0.00393676757812501
-0.43109130859375 0.202911376953125 -0.0267372131347656 0.0533065795898438
-0.14654541015625 0.36328125 0.00874328613281249 0.0946044921875
0.134185791015625 0.339324951171875 0.0437240600585937 0.134712219238281
0.297882080078125 0.11505126953125 0.152481079101563 0.079071044921875
0.3292236328125 -0.038177490234375 0.208358764648438 -0.0164031982421875
0.345489501953125 0.005035400390625 0.174606323242188 -0.021881103515625
0.35296630859375 -0.04083251953125 0.181777954101563 -0.0138702392578125
0.31927490234375 0.1055908203125 0.118049621582031 0.0180511474609375
0.211151123046875 0.304718017578125 0.0295562744140625 0.00984764099121095
-0.05615234375 0.418731689453125 0.0890579223632813 -0.05596923828125
-0.434478759765625 0.226806640625 0.1939697265625 -0.08648681640625
-0.4849853515625 -0.043731689453125 0.35498046875 0.04473876953125
-0.454620361328125 -0.316253662109375 0.38580322265625 0.319427490234375
-0.52728271484375 -0.387664794921875 0.0728530883789062 -0.0394363403320313
-0.5438232421875 -0.141876220703125 0.031320571899414 -0.0188159942626953
-0.529296875 0.255035400390625 -0.0288467407226563 0.0576248168945313
-0.181884765625 0.444122314453125 0.00591659545898436 0.0498886108398438
0.142974853515625 0.4205322265625 -0.00782012939453125 0.0760955810546875
0.347412109375 0.165008544921875 0.0494346618652344 0.0373077392578125
0.3858642578125 -0.01739501953125 0.0757675170898438 0.000152587890624999
0.40350341796875 0.023834228515625 0.0412788391113282 0.0100479125976563
0.416259765625 -0.030242919921875 0.0482368469238281 0.0102882385253906
0.3682861328125 0.12689208984375 -0.00307917594909666 -0.00381207466125488
0.253997802734375 0.351806640625 -0.0527229309082031 -0.0307807922363281
-0.042999267578125 0.487579345703125 0.0452957153320313 -0.103500366210937
-0.4991455078125 0.29583740234375 0.160659790039062 -0.112747192382812
-0.57659912109375 -0.0198974609374999 0.259262084960937 0.0396270751953125
-0.56494140625 -0.35516357421875 0.244674682617188 0.2080078125
-0.5501708984375 -0.372955322265625 -0.08929443359375 -0.167007446289063
-0.56884765625 -0.12164306640625 -0.0942611694335938 -0.0426864624023437
-0.538116455078125 0.275543212890625 -0.0415878295898438 0.0539894104003906
-0.18084716796875 0.455718994140625 -0.00667047500610353 -0.00224447250366208
0.13525390625 0.429901123046875 -0.06292724609375 0.0045890808105469
0.3453369140625 0.183990478515625 -0.065460205078125 -0.0126190185546875
0.38275146484375 0.00341796875 -0.072174072265625 0.0147933959960938
0.400421142578125 0.0399169921875 -0.0989303588867187 0.041961669921875
0.41448974609375 -0.013275146484375 -0.09344482421875 0.0370254516601562
0.3546142578125 0.132354736328125 -0.128059387207031 -0.0196456909179687
0.24481201171875 0.34478759765625 -0.132743835449219 -0.06622314453125
-0.038818359375 0.470977783203125 -0.00594329833984377 -0.138908386230469
-0.487518310546875 0.292510986328125 0.115028381347656 -0.119499206542969
-0.5662841796875 -0.01153564453125 0.136955261230469 0.0447921752929688
-0.57708740234375 -0.3463134765625 0.076629638671875 0.0904083251953125
-0.4912109375 -0.2950439453125 -0.254608154296875 -0.28680419921875
-0.495086669921875 -0.0750122070312501 -0.223724365234375 -0.069061279296875
-0.44415283203125 0.244659423828125 -0.0624465942382813 0.0414390563964844
-0.138946533203125 0.378875732421875 -0.0286788940429688 -0.0487480163574218
0.107757568359375 0.3572998046875 -0.110954284667969 -0.061920166015625
0.28387451171875 0.1661376953125 -0.169830322265625 -0.057342529296875
0.3173828125 0.02166748046875 -0.209060668945312 0.027313232421875
0.333099365234375 0.048370361328125 -0.223526000976562 0.0665130615234374
0.347503662109375 0.010955810546875 -0.221282958984375 0.05767822265625
0.28167724609375 0.12640380859375 -0.232101440429687 -0.0364227294921875
0.1822509765625 0.28985595703125 -0.188400268554688 -0.0980224609375
-0.05084228515625 0.37127685546875 -0.0457305908203125 -0.160186767578125
-0.40185546875 0.21514892578125 0.072601318359375 -0.108596801757813
-0.45538330078125 -0.023101806640625 0.017730712890625 0.0510749816894531
-0.491424560546875 -0.291748046875 -0.083770751953125 -0.0197830200195313
-0.352264404296875 -0.1697998046875 -0.39727783203125 -0.375
-0.334625244140625 -0.0173645019531251 -0.33587646484375 -0.0899658203125
-0.26971435546875 0.167724609375 -0.0886611938476563 0.0283966064453125
-0.0730743408203125 0.232879638671875 -0.0535812377929688 -0.0728302001953125
0.062652587890625 0.220962524414063 -0.138465881347656 -0.1053466796875
0.17626953125 0.118759155273438 -0.242385864257813 -0.0867462158203125
0.20159912109375 0.0330810546875 -0.311187744140625 0.0373840332031249
0.215576171875 0.049407958984375 -0.315643310546875 0.0811767578125
0.22943115234375 0.0350189208984375 -0.316802978515625 0.0651550292968749
0.16644287109375 0.10565185546875 -0.29791259765625 -0.056793212890625
0.08966064453125 0.196182250976563 -0.207138061523437 -0.129058837890625
-0.060272216796875 0.218948364257813 -0.0625457763671875 -0.168838500976563
-0.264678955078125 0.103790283203125 0.0444488525390625 -0.0894622802734375
-0.280548095703125 -0.0345001220703125 -0.0744171142578125 0.047607421875
-0.33270263671875 -0.194061279296875 -0.206741333007813 -0.111740112304687
-0.153717041015625 -0.0236968994140625 -0.49530029296875 -0.41766357421875
-0.124122619628906 0.0391769409179688 -0.4166259765625 -0.09674072265625
-0.0612754821777344 0.0656929016113281 -0.116081237792969 0.0250701904296875
-0.0023956298828125 0.0558395385742188 -0.0741653442382813 -0.0666580200195312
0.00471878051757813 0.055633544921875 -0.14068603515625 -0.117721557617188
0.0414199829101563 0.0545310974121094 -0.270309448242188 -0.0946197509765625
0.05462646484375 0.0406951904296875 -0.3619384765625 0.0440673828125
0.0649909973144531 0.0432357788085938 -0.36053466796875 0.0832519531249999
0.0788116455078125 0.051849365234375 -0.366119384765625 0.058746337890625
0.0353736877441406 0.0664291381835938 -0.31988525390625 -0.07769775390625
-0.00229644775390626 0.0776443481445312 -0.192062377929688 -0.152389526367187
-0.0482025146484375 0.0525665283203125 -0.05938720703125 -0.1666259765625
-0.0925064086914063 0.00231933593749999 0.0290260314941406 -0.0696868896484375
-0.0807647705078125 -0.0225067138671875 -0.128616333007813 0.0324859619140625
-0.134979248046875 -0.064208984375 -0.276321411132813 -0.17352294921875
-0.085540771484375 -0.11944580078125 0.35345458984375 0.16693115234375
-0.116485595703125 -0.0355072021484375 0.2056884765625 -0.0184173583984375
-0.106002807617187 0.078460693359375 -0.0384750366210938 0.0484428405761719
-0.0150833129882813 0.113716125488281 0.0203857421875 0.161636352539063
0.0815658569335938 0.0708847045898437 0.139373779296875 0.189376831054688
0.0906906127929687 -0.0207061767578125 0.29693603515625 0.105865478515625
0.0844573974609375 -0.05999755859375 0.37542724609375 -0.064971923828125
0.0907974243164063 -0.0351409912109375 0.359466552734375 -0.088531494140625
0.0842742919921875 -0.052581787109375 0.36358642578125 -0.053802490234375
0.103004455566406 0.00893402099609375 0.292816162109375 0.063201904296875
0.0689620971679688 0.0865097045898438 0.151901245117187 0.0888671875
-0.0290298461914063 0.132362365722656 0.121841430664063 0.0371170043945313
-0.125770568847656 0.0352630615234375 0.194931030273437 -0.0221405029296875
-0.113998413085938 -0.040740966796875 0.422210693359375 0.059814453125
-0.0586776733398438 -0.0990142822265625 0.52508544921875 0.46221923828125
-0.28717041015625 -0.24224853515625 0.313507080078125 0.13836669921875
-0.300811767578125 -0.08331298828125 0.192108154296875 -0.00930786132812501
-0.285247802734375 0.156158447265625 -0.0278167724609375 0.0504188537597656
-0.0804901123046875 0.25714111328125 0.0142593383789063 0.133865356445313
0.123428344726562 0.217971801757813 0.0965576171875 0.177093505859375
0.214492797851563 0.045074462890625 0.244155883789062 0.103103637695312
0.228195190429687 -0.0602264404296875 0.3204345703125 -0.046173095703125
0.2442626953125 -0.0222625732421875 0.293914794921875 -0.06341552734375
0.24267578125 -0.0538482666015625 0.299957275390625 -0.042877197265625
0.232467651367187 0.063720703125 0.228179931640625 0.0404052734375
0.151321411132813 0.2158203125 0.102767944335938 0.0540695190429688
-0.050384521484375 0.302276611328125 0.117698669433594 -0.00970458984374998
-0.3114013671875 0.14093017578125 0.2080078125 -0.057708740234375
-0.331268310546875 -0.0508422851562499 0.420166015625 0.0489501953125
-0.290924072265625 -0.228973388671875 0.4979248046875 0.413421630859375
-0.451751708984375 -0.340728759765625 0.2181396484375 0.0655975341796875
-0.46044921875 -0.121734619140625 0.134239196777344 -0.01043701171875
-0.44134521484375 0.22479248046875 -0.020660400390625 0.0564117431640625
-0.14166259765625 0.380767822265625 0.0126953125 0.0975723266601563
0.149444580078125 0.347503662109375 0.0495376586914063 0.139335632324219
0.310546875 0.111419677734375 0.160964965820313 0.0794219970703125
0.3387451171875 -0.048431396484375 0.216751098632813 -0.02532958984375
0.361602783203125 -0.004852294921875 0.182952880859375 -0.0299530029296875
0.3651123046875 -0.052703857421875 0.191513061523438 -0.020904541015625
0.3341064453125 0.10052490234375 0.125228881835938 0.0157089233398438
0.2269287109375 0.31024169921875 0.0318031311035156 0.0119380950927735
-0.045806884765625 0.438720703125 0.0927047729492188 -0.0622787475585937
-0.448822021484375 0.2498779296875 0.19720458984375 -0.094482421875
-0.505096435546875 -0.0336914062500001 0.368865966796875 0.037872314453125
-0.4857177734375 -0.316925048828125 0.4061279296875 0.3240966796875
-0.556793212890625 -0.38818359375 0.0762481689453125 -0.0434494018554688
-0.57012939453125 -0.1346435546875 0.0327796936035156 -0.0228958129882813
-0.542388916015625 0.281585693359375 -0.0230712890625 0.0607643127441406
-0.176300048828125 0.46722412109375 0.00888061523437498 0.0513038635253907
0.162139892578125 0.4326171875 -0.00487518310546874 0.0796356201171875
0.3634033203125 0.1617431640625 0.0518798828125 0.0381660461425781
0.4000244140625 -0.028656005859375 0.0785751342773438 -0.004119873046875
0.423431396484375 0.012481689453125 0.0450515747070313 0.00917434692382813
0.431549072265625 -0.04412841796875 0.0528488159179688 0.00931549072265625
0.38482666015625 0.121307373046875 -0.00207662582397459 -0.00340986251831054
0.27362060546875 0.357666015625 -0.0545272827148437 -0.0279273986816406
-0.030364990234375 0.51019287109375 0.046234130859375 -0.110542297363281
-0.513427734375 0.3232421875 0.162139892578125 -0.119232177734375
-0.60076904296875 -0.00817871093750009 0.270339965820312 0.0353851318359375
-0.60125732421875 -0.35406494140625 0.25823974609375 0.211868286132812
-0.58203125 -0.373046875 -0.0954742431640626 -0.17132568359375
-0.59912109375 -0.11309814453125 -0.09906005859375 -0.0436782836914063
-0.5537109375 0.304840087890625 -0.0364494323730469 0.0568923950195313
-0.174224853515625 0.480194091796875 -0.00521898269653321 -0.00179910659790036
0.155792236328125 0.44384765625 -0.0635833740234375 0.00662231445312502
0.362274169921875 0.182098388671875 -0.0693283081054687 -0.0111465454101563
0.3961181640625 -0.007080078125 -0.0753326416015625 0.0161209106445313
0.4202880859375 0.028564453125 -0.100044250488281 0.0473556518554688
0.429962158203125 -0.026214599609375 -0.094329833984375 0.0425872802734375
0.371002197265625 0.12786865234375 -0.133125305175781 -0.0163040161132812
0.264190673828125 0.35101318359375 -0.13818359375 -0.0631637573242187
-0.02587890625 0.492279052734375 -0.00833129882812501 -0.145858764648438
-0.500762939453125 0.32208251953125 0.115058898925781 -0.124679565429687
-0.59039306640625 0.00122070312499998 0.144241333007812 0.04510498046875
-0.613525390625 -0.34527587890625 0.081451416015625 0.0939712524414062
-0.51953125 -0.295928955078125 -0.2698974609375 -0.291107177734375
-0.5203857421875 -0.06695556640625 -0.235595703125 -0.066650390625
-0.45599365234375 0.269195556640625 -0.0603370666503907 0.0443229675292969
-0.134368896484375 0.39892578125 -0.029571533203125 -0.0492286682128906
0.12451171875 0.369842529296875 -0.11468505859375 -0.0616073608398437
0.299713134765625 0.165313720703125 -0.180389404296875 -0.0560302734375
0.329315185546875 0.013641357421875 -0.218002319335937 0.0348358154296875
0.351898193359375 0.03973388671875 -0.230636596679687 0.078033447265625
0.362152099609375 0.001068115234375 -0.227630615234375 0.068389892578125
0.29534912109375 0.12396240234375 -0.24267578125 -0.030181884765625
0.1973876953125 0.29583740234375 -0.196395874023438 -0.0959014892578125
-0.040740966796875 0.38787841796875 -0.0495758056640625 -0.166061401367187
-0.4129638671875 0.239715576171875 0.0719146728515625 -0.112846374511719
-0.476654052734375 -0.013275146484375 0.0211944580078125 0.0542449951171875
-0.522369384765625 -0.290618896484375 -0.0873260498046875 -0.017181396484375
-0.371978759765625 -0.169525146484375 -0.420623779296875 -0.3795166015625
-0.3507080078125 -0.01025390625 -0.352752685546875 -0.084686279296875
-0.278366088867188 0.183761596679687 -0.09014892578125 0.0313949584960938
-0.071502685546875 0.244369506835938 -0.0565948486328125 -0.07373046875
0.0724945068359375 0.229537963867188 -0.144561767578125 -0.10736083984375
0.187515258789063 0.119064331054688 -0.2567138671875 -0.08526611328125
0.211212158203125 0.0288848876953125 -0.324737548828125 0.049346923828125
0.2291259765625 0.0442352294921875 -0.32672119140625 0.0965881347656249
0.2410888671875 0.029693603515625 -0.32708740234375 0.0798950195312501
0.1761474609375 0.105438232421875 -0.312347412109375 -0.048614501953125
0.0985565185546875 0.201080322265625 -0.217514038085938 -0.128768920898438
-0.05511474609375 0.230987548828125 -0.068145751953125 -0.172927856445312
-0.272705078125 0.118682861328125 0.042938232421875 -0.092529296875
-0.294158935546875 -0.0284423828125 -0.07391357421875 0.0530242919921875
-0.3541259765625 -0.193206787109375 -0.21673583984375 -0.110031127929687
-0.161163330078125 -0.022247314453125 -0.522613525390625 -0.421722412109375
-0.128944396972656 0.0430526733398437 -0.4365234375 -0.0886535644531251
-0.0639419555664063 0.0705795288085938 -0.1209716796875 0.0283432006835938
-0.00219345092773437 0.0580253601074219 -0.0778961181640625 -0.0663833618164063
0.00785446166992188 0.0596504211425781 -0.147674560546875 -0.121002197265625
0.0468559265136719 0.0563163757324219 -0.287078857421875 -0.093963623046875
0.0587043762207031 0.0410079956054688 -0.37774658203125 0.05828857421875
0.0708084106445313 0.0425491333007813 -0.373443603515625 0.1009521484375
0.0848236083984375 0.0509414672851563 -0.37957763671875 0.07537841796875
0.0388221740722656 0.0683670043945313 -0.335906982421875 -0.0706787109374999
0.000183105468750003 0.0809707641601563 -0.202606201171875 -0.154052734375
-0.0475349426269531 0.0566024780273438 -0.06646728515625 -0.169952392578125
-0.0965423583984375 0.00757598876953126 0.0279922485351562 -0.0715560913085938
-0.0870513916015625 -0.0214004516601563 -0.130859375 0.0390396118164063
-0.144073486328125 -0.0634002685546875 -0.289703369140625 -0.173095703125
-0.0949554443359375 -0.118858337402344 0.379425048828125 0.15606689453125
-0.122039794921875 -0.03106689453125 0.215179443359375 -0.03302001953125
-0.104377746582031 0.087066650390625 -0.0340156555175781 0.0517768859863281
-0.00925445556640626 0.119354248046875 0.029571533203125 0.1661376953125
0.087432861328125 0.068145751953125 0.15484619140625 0.192230224609375
0.0912399291992188 -0.0263824462890625 0.318511962890625 0.0965576171875
0.0839080810546875 -0.0661544799804688 0.38970947265625 -0.091339111328125
0.0922622680664062 -0.0412521362304687 0.373077392578125 -0.1158447265625
0.08319091796875 -0.0583877563476563 0.37969970703125 -0.079681396484375
0.10687255859375 0.0035247802734375 0.312713623046875 0.050537109375
0.0768966674804688 0.0865020751953125 0.162979125976563 0.087371826171875
-0.02203369140625 0.139984130859375 0.127845764160156 0.0307998657226563
-0.129974365234375 0.0432815551757813 0.200408935546875 -0.0344390869140625
-0.11944580078125 -0.0360794067382812 0.4407958984375 0.040618896484375
-0.0663909912109375 -0.0991897583007812 0.5675048828125 0.4569091796875
-0.31195068359375 -0.237945556640625 0.335113525390625 0.12762451171875
-0.31732177734375 -0.071044921875 0.201202392578125 -0.0234527587890625
-0.286590576171875 0.178466796875 -0.0213050842285156 0.0528755187988281
-0.0703887939453125 0.271713256835938 0.0220947265625 0.137657165527344
0.140106201171875 0.219345092773438 0.11004638671875 0.180679321289063
0.223236083984375 0.0358428955078125 0.262908935546875 0.09613037109375
0.233505249023437 -0.0739898681640625 0.333404541015625 -0.068145751953125
0.2554931640625 -0.0364837646484375 0.306396484375 -0.08612060546875
0.24957275390625 -0.0692138671875 0.314422607421875 -0.063720703125
0.245269775390625 0.054046630859375 0.243728637695313 0.0297088623046875
0.169876098632812 0.2176513671875 0.1107177734375 0.0537109375
-0.03564453125 0.31976318359375 0.122566223144531 -0.0187454223632812
-0.319793701171875 0.16497802734375 0.212875366210937 -0.0718994140625
-0.3477783203125 -0.036834716796875 0.43951416015625 0.029541015625
-0.317657470703125 -0.222869873046875 0.539337158203125 0.4071044921875
-0.489471435546875 -0.33160400390625 0.232284545898438 0.055938720703125
-0.488006591796875 -0.102935791015625 0.14044189453125 -0.0213699340820313
-0.447052001953125 0.260162353515625 -0.01287841796875 0.0586814880371094
-0.126708984375 0.404754638671875 0.019561767578125 0.0999984741210938
0.17608642578125 0.353515625 0.059539794921875 0.1441650390625
0.326812744140625 0.10089111328125 0.173583984375 0.076263427734375
0.349700927734375 -0.068115234375 0.2257080078125 -0.04095458984375
0.3807373046875 -0.02606201171875 0.192581176757813 -0.0430450439453125
0.37799072265625 -0.074066162109375 0.201919555664063 -0.0347442626953125
0.352935791015625 0.087646484375 0.134666442871094 0.00962829589843751
0.253936767578125 0.31298828125 0.0354232788085938 0.0137825012207031
-0.023101806640625 0.462432861328125 0.0943679809570313 -0.0731658935546875
-0.45623779296875 0.288543701171875 0.199722290039062 -0.108352661132812
-0.531097412109375 -0.0102233886718749 0.385528564453125 0.021575927734375
-0.526702880859375 -0.304107666015625 0.43927001953125 0.319061279296875
-0.6005859375 -0.37811279296875 0.0793304443359375 -0.0504531860351563
-0.60552978515625 -0.1090087890625 0.0337104797363281 -0.0285511016845703
-0.5498046875 0.327301025390625 -0.0151023864746094 0.0633163452148438
-0.15985107421875 0.497314453125 0.0135765075683594 0.0524826049804688
0.195770263671875 0.4423828125 0.000694274902343756 0.0840911865234375
0.387420654296875 0.15045166015625 0.0568351745605469 0.0380325317382813
0.413818359375 -0.050628662109375 0.08111572265625 -0.0103530883789063
0.447235107421875 -0.01190185546875 0.0499687194824219 0.0065460205078125
0.448333740234375 -0.070098876953125 0.0592079162597657 0.00584411621093749
0.408050537109375 0.1060791015625 -0.00056982040405271 -0.00351142883300781
0.30548095703125 0.3592529296875 -0.0559501647949219 -0.0240821838378906
-0.00338745117187499 0.53631591796875 0.0444183349609375 -0.120697021484375
-0.521820068359375 0.371551513671875 0.162429809570312 -0.130905151367187
-0.6300048828125 0.0218505859375001 0.283935546875 0.024200439453125
-0.6510009765625 -0.33843994140625 0.280426025390625 0.210662841796875
-0.627685546875 -0.36041259765625 -0.10626220703125 -0.174789428710938
-0.632568359375 -0.0855712890625001 -0.105552673339844 -0.0419158935546875
-0.56146240234375 0.35064697265625 -0.0310592651367188 0.0603866577148438
-0.156280517578125 0.511444091796875 -0.00357508659362794 -0.00161600112915036
0.1898193359375 0.455047607421875 -0.0639533996582031 0.0102615356445313
0.387786865234375 0.171051025390625 -0.0743637084960937 -0.00756072998046875
0.412994384765625 -0.028289794921875 -0.0793685913085937 0.01971435546875
0.446014404296875 0.00469970703125 -0.100143432617187 0.0555343627929688
0.448211669921875 -0.0513916015625 -0.0933837890625 0.0500564575195312
0.394927978515625 0.113922119140625 -0.139144897460937 -0.00930023193359373
0.294036865234375 0.3526611328125 -0.144989013671875 -0.0572509765625
0.000762939453125027 0.51861572265625 -0.014007568359375 -0.154251098632812
-0.50762939453125 0.36724853515625 0.113166809082031 -0.133735656738281
-0.61859130859375 0.0303955078125 0.154327392578125 0.0413970947265625
-0.66326904296875 -0.32806396484375 0.0897903442382812 0.0952911376953125
-0.558349609375 -0.284271240234375 -0.2947998046875 -0.2901611328125
-0.55126953125 -0.0425415039062501 -0.250518798828125 -0.0576171875
-0.46466064453125 0.308746337890625 -0.0581932067871094 0.0487823486328125
-0.119415283203125 0.42559814453125 -0.03094482421875 -0.0490150451660156
0.153350830078125 0.38031005859375 -0.120712280273437 -0.0588531494140625
0.32305908203125 0.15692138671875 -0.193695068359375 -0.0493621826171875
0.34490966796875 -0.003875732421875 -0.227767944335937 0.047882080078125
0.374481201171875 0.020172119140625 -0.23504638671875 0.0964813232421876
0.380950927734375 -0.019287109375 -0.23187255859375 0.08624267578125
0.314361572265625 0.114105224609375 -0.254837036132813 -0.0168304443359375
0.222259521484375 0.29827880859375 -0.20806884765625 -0.0889892578125
-0.020263671875 0.409027099609375 -0.0586700439453125 -0.171768188476562
-0.420135498046875 0.276641845703125 0.0690383911132812 -0.119049072265625
-0.500640869140625 0.01055908203125 0.02734375 0.0579299926757812
-0.564208984375 -0.2735595703125 -0.0901641845703125 -0.011932373046875
-0.3975830078125 -0.159820556640625 -0.45703125 -0.374847412109375
-0.368988037109375 0.00637817382812499 -0.374481201171875 -0.069366455078125
-0.2838134765625 0.20880126953125 -0.0914382934570313 0.0367431640625
-0.06243896484375 0.259613037109375 -0.0615310668945313 -0.0731887817382812
0.0908203125 0.237533569335938 -0.15484619140625 -0.10552978515625
0.203323364257813 0.115219116210938 -0.276657104492187 -0.0765533447265625
0.221649169921875 0.018829345703125 -0.338470458984375 0.0711059570312499
0.245269775390625 0.0327911376953125 -0.3355712890625 0.12286376953125
0.25518798828125 0.0165557861328125 -0.33648681640625 0.10479736328125
0.189010620117188 0.101470947265625 -0.330413818359375 -0.0321350097656251
0.114715576171875 0.204345703125 -0.232009887695313 -0.122360229492188
-0.0446014404296875 0.24456787109375 -0.0789642333984375 -0.177886962890625
-0.279541015625 0.14251708984375 0.0407791137695312 -0.0963363647460938
-0.311004638671875 -0.0142211914062499 -0.0717239379882813 0.06158447265625
-0.382568359375 -0.182373046875 -0.229248046875 -0.103469848632813
-0.1700439453125 -0.0174102783203125 -0.56597900390625 -0.413330078125
-0.133468627929688 0.0502548217773438 -0.461883544921875 -0.0686340332031249
-0.06585693359375 0.077972412109375 -0.126029968261719 0.0352249145507813
-0.000850677490234377 0.0615234375 -0.0840530395507813 -0.0643234252929688
0.0129661560058594 0.0631980895996094 -0.158676147460937 -0.120758056640625
0.0532341003417969 0.0566062927246094 -0.309051513671875 -0.0850830078125
0.0640983581542969 0.0388336181640625 -0.39404296875 0.0843811035156249
0.0780563354492187 0.0399093627929688 -0.38543701171875 0.130401611328125
0.0936050415039062 0.0478057861328125 -0.39190673828125 0.10357666015625
0.0445327758789062 0.0703277587890625 -0.356231689453125 -0.05322265625
0.00524139404296875 0.0840988159179688 -0.218978881835938 -0.150726318359375
-0.0460700988769531 0.062103271484375 -0.0774078369140625 -0.173004150390625
-0.100914001464844 0.0160675048828125 0.02618408203125 -0.0740966796875
-0.0938339233398437 -0.0172958374023438 -0.132034301757812 0.049468994140625
-0.155685424804688 -0.0592803955078125 -0.309173583984375 -0.1666259765625
-0.105865478515625 -0.113899230957031 0.401123046875 0.132537841796875
-0.125823974609375 -0.0221633911132813 0.219146728515625 -0.053375244140625
-0.0989456176757813 0.0952606201171875 -0.0283279418945313 0.0536575317382813
-0.0007476806640625 0.122306823730469 0.0420989990234375 0.166702270507813
0.0932235717773438 0.0622482299804688 0.172958374023438 0.187301635742188
0.0897598266601563 -0.0338211059570313 0.33721923828125 0.076873779296875
0.0809860229492188 -0.0731658935546875 0.3948974609375 -0.125946044921875
0.0923385620117188 -0.0492782592773438 0.375885009765625 -0.15203857421875
0.0798797607421875 -0.0646286010742188 0.386016845703125 -0.11474609375
0.10888671875 -0.00484466552734375 0.32794189453125 0.027130126953125
0.0857009887695312 0.0827713012695313 0.174911499023438 0.08013916015625
-0.0109100341796875 0.145980834960937 0.132583618164063 0.0205459594726563
-0.131072998046875 0.0548171997070312 0.201187133789062 -0.0526275634765625
-0.123710632324219 -0.0278778076171875 0.454345703125 0.00970458984375
-0.07568359375 -0.0956192016601563 0.6112060546875 0.43011474609375
-0.336029052734375 -0.22076416015625 0.35406494140625 0.106292724609375
-0.33026123046875 -0.04949951171875 0.205154418945312 -0.042327880859375
-0.279922485351563 0.2042236328125 -0.014373779296875 0.0536766052246094
-0.051605224609375 0.28326416015625 0.0330581665039063 0.137954711914063
0.15997314453125 0.213455200195313 0.127029418945313 0.179550170898438
0.22943115234375 0.0206756591796875 0.279510498046875 0.0814666748046875
0.233810424804688 -0.0918121337890625 0.337615966796875 -0.09820556640625
0.261917114257813 -0.05755615234375 0.3095703125 -0.11572265625
0.250320434570313 -0.089141845703125 0.321319580078125 -0.0936279296875
0.254959106445312 0.03692626953125 0.2559814453125 0.011810302734375
0.190597534179688 0.211593627929688 0.119384765625 0.0496902465820313
-0.011077880859375 0.332427978515625 0.124404907226563 -0.030426025390625
-0.3172607421875 0.19586181640625 0.211502075195312 -0.0900115966796875
-0.360443115234375 -0.012939453125 0.451080322265625 -0.00140380859375
-0.343597412109375 -0.204803466796875 0.57977294921875 0.38232421875
-0.525970458984375 -0.304168701171875 0.24359130859375 0.0399017333984375
-0.5091552734375 -0.068145751953125 0.14300537109375 -0.03607177734375
-0.438385009765625 0.302154541015625 -0.00411224365234377 0.0590438842773438
-0.09979248046875 0.424102783203125 0.0293121337890625 0.100051879882813
0.207855224609375 0.34814453125 0.07293701171875 0.145004272460938
0.341766357421875 0.0789794921875 0.185775756835938 0.066009521484375
0.353057861328125 -0.09478759765625 0.2281494140625 -0.0615386962890625
0.392425537109375 -0.057861328125 0.196624755859375 -0.062286376953125
0.38323974609375 -0.10479736328125 0.20831298828125 -0.0542449951171875
0.36798095703125 0.063629150390625 0.140884399414063 -0.0011444091796875
0.28460693359375 0.30322265625 0.03936767578125 0.0137367248535156
0.012542724609375 0.478485107421875 0.09210205078125 -0.0850753784179687
-0.449371337890625 0.334442138671875 0.196640014648438 -0.1248779296875
-0.546600341796875 0.0266418457031249 0.3968505859375 -0.004974365234375
-0.5653076171875 -0.27178955078125 0.472747802734375 0.2996826171875
-0.64697265625 -0.345458984375 0.0792236328125 -0.0585098266601563
-0.63104248046875 -0.0661621093750001 0.0323104858398437 -0.0342617034912109
-0.5400390625 0.37982177734375 -0.00576019287109379 0.0641899108886719
-0.1263427734375 0.52142333984375 0.0205574035644531 0.0523872375488282
0.236480712890625 0.438018798828125 0.00835418701171876 0.0870742797851563
0.407989501953125 0.1258544921875 0.0613327026367188 0.035797119140625
0.4207763671875 -0.082550048828125 0.0812149047851563 -0.0190048217773438
0.463623046875 -0.048980712890625 0.0541801452636719 0.00123977661132812
0.455902099609375 -0.106689453125 0.0646553039550781 -0.000576019287109381
0.42559814453125 0.079071044921875 0.000610351562500026 -0.00370669364929199
0.340179443359375 0.346954345703125 -0.0570602416992187 -0.0187911987304687
0.03802490234375 0.553680419921875 0.0372772216796875 -0.131362915039062
-0.509033203125 0.424041748046875 0.1575927734375 -0.145339965820312
-0.64752197265625 0.0667724609375001 0.293975830078125 0.006317138671875
-0.69757080078125 -0.29791259765625 0.302734375 0.1978759765625
-0.67340087890625 -0.32598876953125 -0.119857788085938 -0.172698974609375
-0.66015625 -0.0404663085937501 -0.112251281738281 -0.0375213623046875
-0.550933837890625 0.406646728515625 -0.0228538513183594 0.0625877380371094
-0.120880126953125 0.53729248046875 -0.00120544433593751 -0.00135076045989987
0.232696533203125 0.453369140625 -0.0632247924804687 0.0154151916503907
0.410552978515625 0.147705078125 -0.0782012939453125 -0.00186157226562499
0.421844482421875 -0.059326171875 -0.0818557739257812 0.02569580078125
0.4630126953125 -0.03302001953125 -0.0973281860351562 0.0654678344726562
0.458984375 -0.087738037109375 -0.0887832641601562 0.058074951171875
0.413604736328125 0.087860107421875 -0.143234252929688 0.00169372558593753
0.329925537109375 0.3399658203125 -0.150665283203125 -0.0467071533203125
0.041107177734375 0.53387451171875 -0.0247344970703125 -0.160125732421875
-0.492919921875 0.42132568359375 0.1065673828125 -0.143447875976562
-0.6346435546875 0.0755615234375 0.16302490234375 0.0329132080078125
-0.7093505859375 -0.2862548828125 0.100807189941406 0.0927810668945312
-0.597412109375 -0.2529296875 -0.322113037109375 -0.277496337890625
-0.571044921875 -0.00286865234375004 -0.2626953125 -0.0411224365234375
-0.45465087890625 0.35638427734375 -0.0532646179199219 0.0533485412597657
-0.09130859375 0.446258544921875 -0.0329933166503906 -0.0474205017089843
0.190032958984375 0.379974365234375 -0.126960754394531 -0.0525131225585937
0.343780517578125 0.138458251953125 -0.205902099609375 -0.03656005859375
0.353912353515625 -0.028717041015625 -0.232498168945312 0.0674896240234375
0.3909912109375 -0.0111083984375 -0.232925415039063 0.119461059570313
0.39202880859375 -0.05072021484375 -0.228561401367187 0.107070922851563
0.332427978515625 0.093963623046875 -0.263946533203125 0.00271606445312496
0.25048828125 0.290435791015625 -0.218917846679688 -0.075836181640625
0.01123046875 0.42303466796875 -0.0716552734375 -0.174240112304687
-0.412506103515625 0.32122802734375 0.0628890991210937 -0.124839782714844
-0.51611328125 0.0464477539062501 0.0346794128417968 0.0592460632324219
-0.60272216796875 -0.24139404296875 -0.0917587280273438 -0.0055999755859375
-0.42205810546875 -0.13848876953125 -0.495635986328125 -0.352264404296875
-0.3817138671875 0.033416748046875 -0.390472412109375 -0.042449951171875
-0.277862548828125 0.238662719726563 -0.0906448364257813 0.0440673828125
-0.0460205078125 0.27276611328125 -0.0658454895019531 -0.0696258544921875
0.114013671875 0.23828125 -0.16583251953125 -0.0986480712890625
0.219345092773438 0.102951049804688 -0.293731689453125 -0.05859375
0.230056762695313 0.0031890869140625 -0.345062255859375 0.0998535156250001
0.257369995117187 0.0128631591796875 -0.334564208984375 0.155609130859375
0.265853881835938 -0.0047454833984375 -0.3353271484375 0.136077880859375
0.20263671875 0.0904693603515625 -0.342498779296875 -0.00701904296875001
0.133193969726563 0.20123291015625 -0.2457275390625 -0.1090087890625
-0.0268402099609375 0.255386352539062 -0.09259033203125 -0.177017211914062
-0.27569580078125 0.170578002929687 0.0355377197265625 -0.0999069213867187
-0.32281494140625 0.00787353515625002 -0.066070556640625 0.0703506469726563
-0.408843994140625 -0.15911865234375 -0.240997314453125 -0.0899505615234376
-0.177902221679688 -0.00794982910156253 -0.60992431640625 -0.38385009765625
-0.134956359863281 0.0598068237304688 -0.48089599609375 -0.0343933105468751
-0.0641250610351562 0.0863113403320313 -0.127593994140625 0.0457305908203125
0.00215911865234375 0.0647087097167969 -0.0895919799804687 -0.0591659545898438
0.0198478698730469 0.0649147033691406 -0.171478271484375 -0.114669799804687
0.0611724853515625 0.0544242858886719 -0.32781982421875 -0.06512451171875
0.0694923400878906 0.0359306335449219 -0.40057373046875 0.11956787109375
0.085296630859375 0.0341949462890625 -0.385955810546875 0.168304443359375
0.101837158203125 0.0404891967773438 -0.394012451171875 0.139862060546875
0.0530128479003906 0.0692558288574219 -0.3712158203125 -0.025604248046875
0.0119552612304687 0.085906982421875 -0.235458374023438 -0.139846801757812
-0.0419807434082031 0.0675888061523438 -0.0917205810546875 -0.171524047851563
-0.102561950683594 0.0263671875 0.0223770141601563 -0.0763168334960938
-0.0989151000976563 -0.0103683471679688 -0.128494262695313 0.0614395141601562
-0.166213989257813 -0.0494537353515625 -0.327880859375 -0.149566650390625
-0.112823486328125 -0.104759216308594 0.411102294921875 0.1048583984375
-0.125259399414063 -0.0136566162109375 0.214706420898438 -0.07269287109375
-0.09075927734375 0.100509643554688 -0.022796630859375 0.0530128479003906
0.00830841064453124 0.121795654296875 0.053192138671875 0.16229248046875
0.0970535278320313 0.0543441772460937 0.187332153320313 0.177291870117188
0.0852813720703125 -0.0402908325195313 0.347076416015625 0.052337646484375
0.0755767822265625 -0.0782470703125 0.387481689453125 -0.158416748046875
0.0889129638671875 -0.0558624267578125 0.365203857421875 -0.1851806640625
0.0739212036132813 -0.0691604614257813 0.379058837890625 -0.148468017578125
0.107101440429688 -0.0132675170898438 0.33355712890625 0.001251220703125
0.0922317504882813 0.0764923095703125 0.1822509765625 0.0697479248046875
0.00177001953125001 0.146865844726563 0.132652282714844 0.010040283203125
-0.127769470214844 0.0641937255859375 0.194671630859375 -0.0680999755859375
-0.123825073242188 -0.01812744140625 0.451812744140625 -0.022674560546875
-0.0825119018554688 -0.0884857177734375 0.63958740234375 0.38836669921875
-0.351165771484375 -0.195068359375 0.361968994140625 0.08074951171875
-0.332733154296875 -0.025177001953125 0.200851440429687 -0.0610198974609375
-0.263168334960938 0.224472045898437 -0.00725936889648439 0.0512580871582031
-0.03106689453125 0.28643798828125 0.0434188842773437 0.134101867675781
0.175186157226563 0.200759887695313 0.140548706054688 0.172134399414063
0.229385375976563 0.004638671875 0.2889404296875 0.061309814453125
0.227279663085937 -0.108810424804687 0.330535888671875 -0.126556396484375
0.25958251953125 -0.0790252685546875 0.30255126953125 -0.143463134765625
0.2440185546875 -0.107070922851563 0.3170166015625 -0.12261962890625
0.25714111328125 0.01800537109375 0.259765625 -0.0088348388671875
0.207916259765625 0.197738647460937 0.125564575195313 0.0434417724609375
0.014678955078125 0.3349609375 0.121414184570312 -0.0418548583984375
-0.30419921875 0.221282958984375 0.202789306640625 -0.1058349609375
-0.360992431640625 0.012115478515625 0.450347900390625 -0.032196044921875
-0.35980224609375 -0.178619384765625 0.60675048828125 0.3433837890625
-0.54876708984375 -0.266510009765625 0.246826171875 0.0216217041015625
-0.5137939453125 -0.029510498046875 0.138755798339844 -0.0493927001953125
-0.414947509765625 0.33575439453125 0.0045051574707031 0.0560264587402344
-0.068603515625 0.431182861328125 0.0379486083984375 0.0966262817382813
0.234405517578125 0.332183837890625 0.0848541259765625 0.141342163085938
0.34588623046875 0.0540771484375 0.19281005859375 0.053558349609375
0.3463134765625 -0.1201171875 0.222793579101563 -0.0805206298828125
0.391998291015625 -0.090423583984375 0.193679809570313 -0.0806121826171875
0.37603759765625 -0.134490966796875 0.207138061523438 -0.0742950439453125
0.37225341796875 0.036285400390625 0.14306640625 -0.0122528076171875
0.308197021484375 0.283203125 0.0433464050292969 0.0131607055664063
0.050201416015625 0.480438232421875 0.0855484008789063 -0.095428466796875
-0.42596435546875 0.37115478515625 0.1866455078125 -0.1385498046875
-0.54730224609375 0.064544677734375 0.396881103515625 -0.0316162109375
-0.58770751953125 -0.2301025390625 0.493743896484375 0.268524169921875
-0.67376708984375 -0.29852294921875 0.0760726928710937 -0.0649261474609375
-0.63812255859375 -0.0199584960937501 0.0284957885742187 -0.0391769409179688
-0.51123046875 0.4227294921875 0.00350570678710934 0.0619010925292969
-0.087982177734375 0.532073974609375 0.0265731811523437 0.0495529174804688
0.271728515625 0.419586181640625 0.0167312622070313 0.0875167846679688
0.416595458984375 0.095977783203125 0.0648651123046875 0.0321273803710938
0.415313720703125 -0.113006591796875 0.0785293579101563 -0.0260467529296875
0.464202880859375 -0.088043212890625 0.0562019348144532 -0.00452041625976563
0.449951171875 -0.14312744140625 0.0679244995117188 -0.00906753540039064
0.43206787109375 0.04681396484375 0.00163698196411135 -0.00340628623962402
0.3680419921875 0.322998046875 -0.0555534362792969 -0.0130043029785156
0.081207275390625 0.5540771484375 0.0276260375976562 -0.138076782226563
-0.478424072265625 0.466796875 0.1466064453125 -0.15472412109375
-0.6456298828125 0.113037109375 0.295989990234375 -0.013336181640625
-0.72216796875 -0.245361328125 0.317535400390625 0.177642822265625
-0.69952392578125 -0.2789306640625 -0.13214111328125 -0.165435791015625
-0.66656494140625 0.00836181640625014 -0.116607666015625 -0.0295791625976562
-0.520111083984375 0.450958251953125 -0.0149383544921875 0.0628242492675782
-0.082977294921875 0.54766845703125 0.00249433517456054 -0.00210881233215329
0.269195556640625 0.436065673828125 -0.0601654052734375 0.0199203491210938
0.422149658203125 0.11724853515625 -0.0794830322265625 0.00479888916015625
0.417816162109375 -0.0904541015625 -0.0817108154296875 0.0321884155273438
0.46575927734375 -0.07177734375 -0.0902481079101562 0.0721054077148437
0.454559326171875 -0.12628173828125 -0.0811080932617187 0.0624618530273438
0.419891357421875 0.057952880859375 -0.142501831054687 0.012908935546875
0.35595703125 0.31719970703125 -0.152557373046875 -0.03509521484375
0.080841064453125 0.53289794921875 -0.0367279052734375 -0.162307739257813
-0.463653564453125 0.46319580078125 0.097412109375 -0.149139404296875
-0.631591796875 0.11968994140625 0.16839599609375 0.0223388671875
-0.7330322265625 -0.23272705078125 0.1087646484375 0.0863189697265625
-0.61773681640625 -0.2125244140625 -0.34149169921875 -0.255035400390625
-0.57373046875 0.0384521484375001 -0.267578125 -0.0217132568359375
-0.430328369140625 0.39520263671875 -0.0469589233398438 0.0569534301757813
-0.059326171875 0.4554443359375 -0.0327301025390625 -0.0453758239746093
0.220794677734375 0.36737060546875 -0.129196166992188 -0.0446395874023437
0.355682373046875 0.11346435546875 -0.21148681640625 -0.0205535888671875
0.352813720703125 -0.0538330078125 -0.230194091796875 0.0865936279296875
0.3946533203125 -0.0433349609375 -0.22247314453125 0.138565063476563
0.390106201171875 -0.083526611328125 -0.217971801757813 0.124542236328125
0.340087890625 0.0701904296875 -0.264007568359375 0.0247802734375
0.272628784179688 0.271255493164062 -0.223297119140625 -0.05963134765625
0.043365478515625 0.424591064453125 -0.0845184326171875 -0.171707153320312
-0.3880615234375 0.355438232421875 0.0551986694335937 -0.127235412597656
-0.515594482421875 0.083770751953125 0.042449951171875 0.0584907531738281
-0.624267578125 -0.19586181640625 -0.0906143188476563 0.000335693359374986
-0.435577392578125 -0.11041259765625 -0.51947021484375 -0.31927490234375
-0.381744384765625 0.061309814453125 -0.39581298828125 -0.01336669921875
-0.262374877929688 0.26318359375 -0.0867767333984375 0.0511856079101563
-0.0272979736328125 0.278579711914063 -0.0676536560058594 -0.0643348693847656
0.134475708007813 0.230133056640625 -0.17236328125 -0.0886383056640625
0.228775024414062 0.0874786376953125 -0.30303955078125 -0.037109375
0.231399536132812 -0.012847900390625 -0.341278076171875 0.129058837890625
0.26177978515625 -0.008880615234375 -0.32147216796875 0.18426513671875
0.266921997070313 -0.027252197265625 -0.3226318359375 0.163055419921875
0.21075439453125 0.0760498046875 -0.34307861328125 0.020965576171875
0.148300170898438 0.191665649414063 -0.253372192382813 -0.092010498046875
-0.00688171386718748 0.258621215820313 -0.106048583984375 -0.17181396484375
-0.262939453125 0.1947021484375 0.0301513671875 -0.100234985351563
-0.32415771484375 0.031005859375 -0.05731201171875 0.0761184692382813
-0.423187255859375 -0.129425048828125 -0.245758056640625 -0.07391357421875
-0.181259155273438 0.0028533935546875 -0.63446044921875 -0.34185791015625
-0.132484436035156 0.0686569213867187 -0.484588623046875 0.00274658203125
-0.0601882934570313 0.0937347412109375 -0.125106811523438 0.0561447143554688
0.00652694702148438 0.0659370422363281 -0.0918197631835938 -0.0522232055664063
0.026611328125 0.0641403198242188 -0.1798095703125 -0.104843139648438
0.0669288635253906 0.0499687194824219 -0.338470458984375 -0.0411376953125
0.0729293823242188 0.0312423706054688 -0.3941650390625 0.15380859375
0.0893936157226563 0.0265731811523438 -0.37286376953125 0.20159912109375
0.106689453125 0.0308914184570313 -0.3828125 0.172393798828125
0.0592689514160156 0.0655517578125 -0.374298095703125 0.00363159179687508
0.0191802978515625 0.0851516723632813 -0.246139526367187 -0.123886108398437
-0.037322998046875 0.0709381103515625 -0.103256225585937 -0.164306640625
-0.100433349609375 0.0364532470703125 0.018768310546875 -0.0765914916992188
-0.101837158203125 -0.00340270996093749 -0.120819091796875 0.0718231201171875
-0.171463012695313 -0.037506103515625 -0.336273193359375 -0.12860107421875
-0.114959716796875 -0.095794677734375 0.412139892578125 0.0823974609375
-0.121978759765625 -0.00784301757812501 0.207778930664062 -0.0856781005859375
-0.0832443237304687 0.101593017578125 -0.0186843872070312 0.0505561828613281
0.0143966674804687 0.118797302246094 0.059783935546875 0.155914306640625
0.0970535278320313 0.047698974609375 0.195205688476563 0.166915893554688
0.080230712890625 -0.0439224243164063 0.349456787109375 0.033447265625
0.069915771484375 -0.0808792114257813 0.37420654296875 -0.180908203125
0.0856094360351563 -0.0598068237304688 0.350189208984375 -0.20751953125
0.0689849853515625 -0.0704345703125 0.366424560546875 -0.171783447265625
0.104270935058594 -0.0190887451171875 0.33306884765625 -0.01904296875
0.095794677734375 0.0701217651367188 0.18585205078125 0.0619964599609375
0.01129150390625 0.144638061523437 0.130645751953125 0.00199890136718751
-0.122962951660156 0.0710601806640625 0.185638427734375 -0.0780029296875
-0.121353149414063 -0.0113143920898437 0.44268798828125 -0.045806884765625
-0.0856857299804688 -0.0815582275390625 0.650634765625 0.35406494140625
-0.356536865234375 -0.1729736328125 0.361114501953125 0.06121826171875
-0.32806396484375 -0.00729370117187505 0.193740844726562 -0.0734710693359375
-0.246490478515625 0.235015869140625 -0.00279235839843752 0.0479965209960938
-0.01580810546875 0.283660888671875 0.0496673583984375 0.128440856933594
0.183547973632813 0.187164306640625 0.14935302734375 0.164138793945313
0.224395751953125 -0.0079803466796875 0.2921142578125 0.045654296875
0.21820068359375 -0.119598388671875 0.3193359375 -0.146026611328125
0.254486083984375 -0.0948944091796875 0.2911376953125 -0.163787841796875
0.235153198242188 -0.118927001953125 0.3072509765625 -0.144012451171875
0.25372314453125 0.00372314453125 0.258926391601563 -0.0245361328125
0.216476440429688 0.184295654296875 0.128814697265625 0.0386505126953125
0.034637451171875 0.331634521484375 0.116462707519531 -0.0504379272460937
-0.28851318359375 0.2373046875 0.192428588867187 -0.114349365234375
-0.355621337890625 0.030975341796875 0.441619873046875 -0.05389404296875
-0.365386962890625 -0.155120849609375 0.61383056640625 0.3106689453125
-0.5556640625 -0.2332763671875 0.244674682617187 0.00834655761718749
-0.50726318359375 -0.00274658203124995 0.1326904296875 -0.0588760375976563
-0.39031982421875 0.35498046875 0.00959396362304685 0.0511932373046875
-0.046173095703125 0.428680419921875 0.0431671142578125 0.0913467407226563
0.249908447265625 0.31365966796875 0.0929107666015625 0.136550903320313
0.34222412109375 0.03582763671875 0.196182250976563 0.042938232421875
0.33563232421875 -0.13751220703125 0.214675903320313 -0.0934295654296875
0.385009765625 -0.11444091796875 0.187789916992188 -0.0937957763671875
0.364349365234375 -0.1539306640625 0.2021484375 -0.0899505615234375
0.36846923828125 0.015533447265625 0.142959594726563 -0.0208892822265625
0.321533203125 0.2633056640625 0.0462188720703125 0.012420654296875
0.07684326171875 0.473968505859375 0.0779037475585938 -0.10198974609375
-0.400390625 0.393341064453125 0.176071166992187 -0.14532470703125
-0.537994384765625 0.0921630859375 0.3897705078125 -0.05029296875
-0.59405517578125 -0.19635009765625 0.5003662109375 0.242034912109375
-0.68157958984375 -0.259521484375 0.0714492797851562 -0.0685653686523438
-0.63165283203125 0.0148315429687499 0.0238723754882812 -0.0419845581054688
-0.47918701171875 0.44854736328125 0.00884628295898435 0.0577316284179688
-0.05804443359375 0.5299072265625 0.0310592651367187 0.0460243225097657
0.2918701171875 0.399932861328125 0.0226287841796875 0.0863418579101563
0.41522216796875 0.0726318359375 0.0665855407714844 0.02911376953125
0.403778076171875 -0.133819580078125 0.0749588012695313 -0.03045654296875
0.457489013671875 -0.117645263671875 0.0563583374023438 -0.0100250244140625
0.436920166015625 -0.16796875 0.0683670043945313 -0.0169448852539063
0.428558349609375 0.023834228515625 0.00270724296569827 -0.00357341766357422
0.3819580078125 0.2996826171875 -0.0533638000488281 -0.00878906249999998
0.11279296875 0.54583740234375 0.0186767578125 -0.141265869140625
-0.445404052734375 0.492034912109375 0.1370849609375 -0.158843994140625
-0.6343994140625 0.1444091796875 0.29345703125 -0.0267333984375
-0.726806640625 -0.2041015625 0.322906494140625 0.16082763671875
-0.70849609375 -0.240966796875 -0.137939453125 -0.15625
-0.65972900390625 0.0436401367187499 -0.118400573730469 -0.0236740112304688
-0.488006591796875 0.4791259765625 -0.0085716247558594 0.0602607727050782
-0.0531616210937501 0.54571533203125 0.00534772872924804 -0.00406742095947262
0.29296875 0.41534423828125 -0.056488037109375 0.0226593017578125
0.423004150390625 0.093841552734375 -0.0789871215820312 0.00972747802734377
0.40911865234375 -0.110687255859375 -0.0803375244140625 0.0372695922851562
0.45941162109375 -0.101898193359375 -0.0839691162109375 0.0758056640625
0.442138671875 -0.152587890625 -0.0748443603515625 0.0631637573242187
0.417510986328125 0.034393310546875 -0.139686584472656 0.0215225219726562
0.36981201171875 0.2943115234375 -0.149917602539062 -0.025909423828125
0.11175537109375 0.524322509765625 -0.0456390380859375 -0.161819458007812
-0.43048095703125 0.485443115234375 0.0894927978515625 -0.150421142578125
-0.6202392578125 0.1531982421875 0.169601440429687 0.015045166015625
-0.73779296875 -0.19183349609375 0.11297607421875 0.0801620483398437
-0.624755859375 -0.17926025390625 -0.348968505859375 -0.234954833984375
-0.56787109375 0.0699462890625 -0.266998291015625 -0.00595092773437503
-0.404876708984375 0.417236328125 -0.0412025451660157 0.0575408935546875
-0.035125732421875 0.455108642578125 -0.0314903259277344 -0.0444755554199218
0.241180419921875 0.349945068359375 -0.128616333007812 -0.0382614135742187
0.357757568359375 0.09344482421875 -0.212066650390625 -0.008514404296875
0.34771728515625 -0.0721435546875 -0.223983764648437 0.100753784179688
0.390411376953125 -0.068878173828125 -0.211105346679688 0.15069580078125
0.38128662109375 -0.10723876953125 -0.205596923828125 0.13421630859375
0.33941650390625 0.050872802734375 -0.259368896484375 0.0404510498046875
0.28546142578125 0.253387451171875 -0.222000122070313 -0.0476531982421875
0.066558837890625 0.41851806640625 -0.0929107666015625 -0.168121337890625
-0.362274169921875 0.3759765625 0.049560546875 -0.127044677734375
-0.506500244140625 0.10906982421875 0.0484619140625 0.0561981201171875
-0.62713623046875 -0.15966796875 -0.0879211425781251 0.00349426269531248
-0.43914794921875 -0.08819580078125 -0.526947021484375 -0.287353515625
-0.3768310546875 0.0802917480468751 -0.392364501953125 0.011138916015625
-0.24468994140625 0.279754638671875 -0.08209228515625 0.0552444458007813
-0.0117950439453125 0.278060913085938 -0.0672531127929687 -0.0606231689453125
0.147811889648438 0.220169067382813 -0.174423217773438 -0.0802764892578125
0.232574462890625 0.07464599609375 -0.305511474609375 -0.019256591796875
0.229263305664063 -0.02435302734375 -0.33154296875 0.15008544921875
0.260955810546875 -0.0264892578125 -0.30615234375 0.202728271484375
0.262908935546875 -0.0449676513671875 -0.307830810546875 0.180084228515625
0.21258544921875 0.0637969970703125 -0.3385009765625 0.0416870117187501
0.15753173828125 0.181167602539063 -0.255722045898438 -0.077850341796875
0.00790405273437498 0.256484985351563 -0.113555908203125 -0.165496826171875
-0.247833251953125 0.20977783203125 0.0266647338867187 -0.0987701416015625
-0.320343017578125 0.04669189453125 -0.0486831665039063 0.0786590576171875
-0.426239013671875 -0.105499267578125 -0.244583129882813 -0.062774658203125
-0.181015014648438 0.00993347167968747 -0.6419677734375 -0.30523681640625
-0.129005432128906 0.0748825073242187 -0.478668212890625 0.03094482421875
-0.0551300048828125 0.0987014770507813 -0.12030029296875 0.063873291015625
0.00943374633789062 0.0658340454101563 -0.0906524658203125 -0.0467300415039063
0.0312118530273438 0.0624465942382813 -0.183868408203125 -0.0963897705078125
0.07061767578125 0.0456924438476563 -0.34161376953125 -0.021697998046875
0.0749740600585938 0.0279388427734375 -0.38262939453125 0.1785888671875
0.0907821655273438 0.0200729370117188 -0.355499267578125 0.223541259765625
0.10809326171875 0.0218734741210938 -0.366424560546875 0.1947021484375
0.0629234313964844 0.0616455078125 -0.369598388671875 0.0268859863281251
0.0240478515625 0.0833740234375 -0.25030517578125 -0.1107177734375
-0.032745361328125 0.0732955932617188 -0.110427856445313 -0.15679931640625
-0.09649658203125 0.04351806640625 0.0164642333984375 -0.0754852294921875
-0.102249145507812 0.00249481201171875 -0.111572265625 0.07659912109375
-0.173263549804687 -0.0286712646484375 -0.337554931640625 -0.1131591796875
-0.115776062011719 -0.08978271484375 0.41259765625 0.069854736328125
-0.120109558105469 -0.00477600097656249 0.20159912109375 -0.0949859619140625
-0.0795669555664063 0.101806640625 -0.0169601440429688 0.0484809875488281
0.0177383422851562 0.117462158203125 0.063568115234375 0.152297973632813
0.096954345703125 0.0433197021484375 0.201004028320313 0.1617431640625
0.07568359375 -0.0454635620117188 0.352142333984375 0.021026611328125
0.0659103393554688 -0.0829315185546875 0.365966796875 -0.197540283203125
0.0835113525390625 -0.063629150390625 0.3394775390625 -0.223724365234375
0.06610107421875 -0.0710983276367187 0.359222412109375 -0.188446044921875
0.102012634277344 -0.0223922729492187 0.33306884765625 -0.0323486328125
0.0982208251953125 0.0659255981445313 0.18939208984375 0.057342529296875
0.0168914794921875 0.143829345703125 0.128776550292969 -0.00260162353515624
-0.119369506835938 0.0759506225585937 0.178451538085938 -0.0836181640625
-0.118904113769531 -0.00730133056640625 0.436279296875 -0.05853271484375
-0.0871963500976563 -0.0762939453125 0.654296875 0.33599853515625
-0.3580322265625 -0.15985107421875 0.3604736328125 0.049560546875
-0.325042724609375 0.00320434570312501 0.1873779296875 -0.0817413330078125
-0.235763549804688 0.242080688476563 -0.000514984130859392 0.0447273254394531
-0.00726318359375 0.281982421875 0.0534439086914063 0.124847412109375
0.187698364257813 0.17877197265625 0.155746459960938 0.160507202148438
0.220291137695313 -0.0140228271484375 0.29541015625 0.035125732421875
0.212387084960938 -0.126663208007813 0.312042236328125 -0.158721923828125
0.251220703125 -0.105453491210938 0.28314208984375 -0.17620849609375
0.229782104492188 -0.126388549804688 0.300872802734375 -0.15887451171875
0.251312255859375 -0.0048828125 0.258270263671875 -0.034637451171875
0.223312377929688 0.176681518554688 0.132514953613281 0.0362319946289063
0.04730224609375 0.329833984375 0.112236022949219 -0.055572509765625
-0.2789306640625 0.248138427734375 0.185211181640625 -0.1192626953125
-0.35302734375 0.041534423828125 0.436279296875 -0.065826416015625
-0.368408203125 -0.141693115234375 0.62030029296875 0.29339599609375
-0.558685302734375 -0.2144775390625 0.242950439453125 0.000762939453124987
-0.504302978515625 0.0147705078125001 0.127357482910156 -0.0643157958984375
-0.373687744140625 0.36700439453125 0.0128746032714844 0.0478858947753907
-0.031158447265625 0.427337646484375 0.04681396484375 0.0876235961914063
0.260009765625 0.301422119140625 0.09906005859375 0.133903503417969
0.339202880859375 0.024993896484375 0.198684692382813 0.0365142822265625
0.32843017578125 -0.148223876953125 0.209915161132813 -0.10198974609375
0.38092041015625 -0.131195068359375 0.18316650390625 -0.103286743164063
0.3572998046875 -0.16754150390625 0.198333740234375 -0.101959228515625
0.366119384765625 0.0032958984375 0.143051147460938 -0.0263519287109375
0.330291748046875 0.251983642578125 0.0496253967285156 0.0125160217285156
0.094757080078125 0.470794677734375 0.0722274780273437 -0.106903076171875
-0.38470458984375 0.406890869140625 0.16925048828125 -0.148895263671875
-0.532440185546875 0.10919189453125 0.38665771484375 -0.0614013671875
-0.59722900390625 -0.17529296875 0.505096435546875 0.228179931640625
-0.6865234375 -0.235595703125 0.0682601928710937 -0.0700874328613281
-0.627197265625 0.0374755859375 0.0203514099121093 -0.0431709289550781
-0.4593505859375 0.46466064453125 0.0134468078613281 0.0542564392089844
-0.041168212890625 0.528533935546875 0.034088134765625 0.0420417785644532
0.3057861328125 0.386260986328125 0.027587890625 0.0866012573242188
0.4139404296875 0.059722900390625 0.0685005187988282 0.027679443359375
0.39739990234375 -0.14654541015625 0.0722579956054688 -0.0328903198242188
0.453277587890625 -0.137908935546875 0.0560569763183594 -0.0140914916992188
0.42822265625 -0.18524169921875 0.068115234375 -0.0240516662597656
0.425201416015625 0.009063720703125 0.00384783744812014 -0.00330901145935059
0.391998291015625 0.284759521484375 -0.0501708984375 -0.00576019287109373
0.131927490234375 0.541107177734375 0.011474609375 -0.144195556640625
-0.42510986328125 0.507965087890625 0.130935668945313 -0.1612548828125
-0.62677001953125 0.16485595703125 0.292816162109375 -0.0347900390625
-0.73150634765625 -0.17840576171875 0.32647705078125 0.151275634765625
-0.713134765625 -0.21514892578125 -0.141998291015625 -0.15069580078125
-0.6552734375 0.0670166015624999 -0.120468139648438 -0.0189437866210938
-0.467926025390625 0.498321533203125 -0.00430679321289065 0.0586013793945313
-0.0335388183593751 0.545623779296875 0.006805419921875 -0.00617694854736325
0.30670166015625 0.40252685546875 -0.0540771484375 0.0252151489257813
0.42376708984375 0.080352783203125 -0.0785980224609375 0.0141372680664063
0.403778076171875 -0.12469482421875 -0.0801315307617187 0.0423202514648437
0.456085205078125 -0.122100830078125 -0.0795669555664062 0.0778427124023437
0.433929443359375 -0.1697998046875 -0.0709075927734375 0.0623092651367187
0.415435791015625 0.0198974609375 -0.136734008789062 0.0275192260742187
0.379547119140625 0.279754638671875 -0.1478271484375 -0.0201416015625
0.130462646484375 0.520050048828125 -0.0529327392578125 -0.16253662109375
-0.41082763671875 0.50164794921875 0.0851593017578125 -0.151397705078125
-0.6151123046875 0.17242431640625 0.172531127929687 0.00985717773437501
-0.74237060546875 -0.1651611328125 0.115348815917969 0.0754241943359375
-0.62994384765625 -0.158447265625 -0.353759765625 -0.222625732421875
-0.5633544921875 0.0902099609375001 -0.266708374023438 0.00450134277343753
-0.386016845703125 0.435577392578125 -0.0369453430175781 0.0579490661621094
-0.019744873046875 0.454925537109375 -0.030364990234375 -0.0449676513671875
0.25482177734375 0.3394775390625 -0.129341125488281 -0.0342178344726562
0.36016845703125 0.080780029296875 -0.213958740234375 0.00112915039062505
0.34417724609375 -0.083770751953125 -0.22064208984375 0.111907958984375
0.388031005859375 -0.0869140625 -0.202743530273437 0.158233642578125
0.374481201171875 -0.12384033203125 -0.198898315429687 0.139053344726563
0.33892822265625 0.039276123046875 -0.254959106445313 0.0511627197265625
0.294189453125 0.242706298828125 -0.220733642578125 -0.03997802734375
0.082000732421875 0.415435791015625 -0.100265502929687 -0.165542602539063
-0.345977783203125 0.389007568359375 0.0470428466796875 -0.126304626464844
-0.501617431640625 0.12603759765625 0.0541648864746093 0.0542945861816406
-0.632080078125 -0.1383056640625 -0.086212158203125 0.00508117675781248
-0.443023681640625 -0.0747375488281251 -0.532318115234375 -0.269805908203125
-0.37347412109375 0.0924682617187499 -0.38995361328125 0.025787353515625
-0.233306884765625 0.2894287109375 -0.0777511596679688 0.0580596923828125
-0.00349426269531248 0.27789306640625 -0.066375732421875 -0.0599708557128906
0.156723022460938 0.21453857421875 -0.176605224609375 -0.075714111328125
0.23553466796875 0.066680908203125 -0.3074951171875 -0.00665283203125003
0.22906494140625 -0.0315093994140625 -0.323974609375 0.165191650390625
0.259857177734375 -0.0386505126953125 -0.295257568359375 0.21484375
0.260330200195313 -0.0564117431640625 -0.29754638671875 0.19049072265625
0.214080810546875 0.0564727783203125 -0.334259033203125 0.05584716796875
0.163619995117187 0.17523193359375 -0.256118774414063 -0.0692138671874999
0.0171661376953125 0.256195068359375 -0.119461059570313 -0.161636352539062
-0.23858642578125 0.219833374023438 0.0253524780273437 -0.0989151000976563
-0.3189697265625 0.0582275390625 -0.0417709350585938 0.0792160034179688
-0.429229736328125 -0.09161376953125 -0.243408203125 -0.05780029296875
-0.183029174804687 0.014068603515625 -0.64599609375 -0.28363037109375
-0.127182006835938 0.0784378051757812 -0.47412109375 0.0480651855468749
-0.0513076782226563 0.102378845214844 -0.116722106933594 0.0681838989257812
0.0110702514648438 0.0660362243652344 -0.0899658203125 -0.0444412231445312
0.0347633361816406 0.0613479614257813 -0.186904907226563 -0.0923614501953125
0.0737991333007813 0.0431442260742188 -0.345123291015625 -0.00848388671875001
0.0772781372070313 0.0260391235351563 -0.374237060546875 0.194915771484375
0.0921478271484375 0.0161514282226563 -0.34405517578125 0.239166259765625
0.108016967773438 0.0161285400390625 -0.355316162109375 0.20880126953125
0.0659370422363281 0.0596504211425781 -0.366485595703125 0.042205810546875
0.02655029296875 0.0822372436523438 -0.253890991210938 -0.102584838867188
-0.0300445556640625 0.07464599609375 -0.115234375 -0.152069091796875
-0.0939254760742188 0.0482711791992188 0.0159530639648438 -0.0749435424804688
-0.103897094726562 0.00603485107421873 -0.1048583984375 0.0789108276367188
-0.17486572265625 -0.0234375 -0.33837890625 -0.105194091796875
-0.116615295410156 -0.0866470336914062 0.419525146484375 0.06256103515625
-0.120315551757813 -0.00314331054687498 0.199264526367188 -0.10308837890625
-0.0779953002929688 0.103683471679687 -0.0167617797851563 0.0475883483886719
0.0204544067382812 0.118484497070313 0.0675201416015625 0.152633666992188
0.097412109375 0.0409774780273438 0.210342407226563 0.160125732421875
0.07281494140625 -0.0465164184570313 0.360809326171875 0.010528564453125
0.06378173828125 -0.085052490234375 0.363800048828125 -0.2127685546875
0.0832595825195313 -0.0676345825195313 0.336029052734375 -0.23944091796875
0.0653076171875 -0.07281494140625 0.357818603515625 -0.204681396484375
0.101463317871094 -0.02569580078125 0.33795166015625 -0.0443115234375
0.101425170898438 0.063720703125 0.19561767578125 0.0543670654296875
0.0224609375 0.144927978515625 0.129486083984375 -0.00664520263671874
-0.118385314941406 0.0807647705078125 0.175033569335938 -0.087738037109375
-0.118492126464844 -0.00489807128906248 0.437744140625 -0.06915283203125
-0.08978271484375 -0.0735244750976563 0.6695556640625 0.3299560546875
-0.365264892578125 -0.15179443359375 0.365447998046875 0.04290771484375
-0.327545166015625 0.0112609863281251 0.185073852539062 -0.0889434814453125
-0.23065185546875 0.251068115234375 0.00131225585937498 0.0429649353027344
-0.000457763671875018 0.28570556640625 0.0567474365234375 0.123924255371094
0.194320678710938 0.1748046875 0.165054321289063 0.160140991210938
0.219635009765625 -0.01904296875 0.303497314453125 0.026824951171875
0.21075439453125 -0.133346557617188 0.31072998046875 -0.1717529296875
0.253082275390625 -0.116058349609375 0.2811279296875 -0.190887451171875
0.229644775390625 -0.133956909179688 0.299896240234375 -0.17413330078125
0.25341796875 -0.0108795166015625 0.26300048828125 -0.0438995361328125
0.232040405273438 0.17236328125 0.138389587402344 0.03485107421875
0.05859375 0.333404541015625 0.110298156738281 -0.060699462890625
-0.275711059570312 0.260040283203125 0.18267822265625 -0.124221801757813
-0.355743408203125 0.050750732421875 0.43951416015625 -0.076324462890625
-0.377899169921875 -0.133544921875 0.63519287109375 0.28765869140625
-0.57073974609375 -0.2021484375 0.245590209960937 -0.00376892089843751
-0.50897216796875 0.0279541015624999 0.124305725097656 -0.0690383911132813
-0.365997314453125 0.3836669921875 0.0155296325683594 0.0457420349121094
-0.021270751953125 0.433746337890625 0.0499954223632813 0.0852279663085938
0.271148681640625 0.297882080078125 0.106460571289063 0.134742736816406
0.341766357421875 0.01751708984375 0.205047607421875 0.031585693359375
0.328277587890625 -0.158538818359375 0.209136962890625 -0.110214233398438
0.38470458984375 -0.148162841796875 0.182479858398438 -0.113067626953125
0.357086181640625 -0.181121826171875 0.197708129882813 -0.114151000976563
0.369140625 -0.005615234375 0.146133422851563 -0.0315399169921875
0.34356689453125 0.245513916015625 0.0542449951171875 0.0128746032714844
0.110595703125 0.47601318359375 0.0674591064453125 -0.112060546875
-0.378662109375 0.42498779296875 0.16656494140625 -0.153778076171875
-0.537506103515625 0.12420654296875 0.390625 -0.070587158203125
-0.61181640625 -0.1611328125 0.517303466796875 0.222442626953125
-0.702392578125 -0.2216796875 0.0672988891601562 -0.0719528198242188
-0.63287353515625 0.05499267578125 0.016845703125 -0.0438766479492187
-0.449310302734375 0.486602783203125 0.016265869140625 0.0522956848144532
-0.029754638671875 0.53729248046875 0.0363693237304688 0.0391311645507813
0.3204345703125 0.381866455078125 0.0329055786132813 0.0881805419921875
0.4190673828125 0.05072021484375 0.0715179443359375 0.0269393920898438
0.398101806640625 -0.159423828125 0.07220458984375 -0.0345382690429688
0.45770263671875 -0.157989501953125 0.0567550659179688 -0.0177764892578125
0.428619384765625 -0.200836181640625 0.0682144165039063 -0.0308685302734375
0.43011474609375 -0.00128173828125 0.00554275512695315 -0.00364160537719727
0.407257080078125 0.277618408203125 -0.0479469299316406 -0.00386047363281248
0.150848388671875 0.547760009765625 0.004425048828125 -0.149063110351562
-0.4176025390625 0.52801513671875 0.12896728515625 -0.164871215820312
-0.63262939453125 0.18231201171875 0.2974853515625 -0.042022705078125
-0.745849609375 -0.16278076171875 0.33477783203125 0.14666748046875
-0.73162841796875 -0.20062255859375 -0.146957397460938 -0.148193359375
-0.6612548828125 0.0878295898437501 -0.124061584472656 -0.014678955078125
-0.456207275390625 0.520843505859375 -0.000991821289062523 0.0575141906738282
-0.021331787109375 0.555572509765625 0.00839805603027344 -0.00917053222656247
0.324737548828125 0.397552490234375 -0.0523147583007812 0.0276298522949219
0.43194580078125 0.070404052734375 -0.0794906616210937 0.0178375244140625
0.40679931640625 -0.13641357421875 -0.0798187255859375 0.0470733642578125
0.4610595703125 -0.14190673828125 -0.0771942138671875 0.080963134765625
0.43463134765625 -0.187103271484375 -0.0700874328613281 0.062042236328125
0.4202880859375 0.0096435546875 -0.136512756347656 0.0322341918945313
0.3935546875 0.272491455078125 -0.14788818359375 -0.0164642333984375
0.14739990234375 0.52435302734375 -0.06085205078125 -0.165237426757812
-0.402069091796875 0.5224609375 0.083648681640625 -0.154266357421875
-0.61993408203125 0.189697265625 0.178619384765625 0.00601196289062501
-0.75726318359375 -0.15057373046875 0.119522094726562 0.0728378295898437
-0.64569091796875 -0.1444091796875 -0.363555908203125 -0.215728759765625
-0.5701904296875 0.1055908203125 -0.270462036132813 0.0136871337890626
-0.376617431640625 0.4549560546875 -0.0341529846191407 0.058563232421875
-0.00955200195312499 0.46307373046875 -0.0303230285644531 -0.0474205017089843
0.269622802734375 0.336456298828125 -0.131172180175781 -0.0310287475585937
0.3677978515625 0.0733642578125 -0.218124389648438 0.00886535644531252
0.34808349609375 -0.09320068359375 -0.219512939453125 0.12298583984375
0.39300537109375 -0.103515625 -0.199234008789063 0.167327880859375
0.375396728515625 -0.137603759765625 -0.196426391601562 0.144805908203125
0.343719482421875 0.03143310546875 -0.255844116210938 0.0602569580078125
0.30584716796875 0.237213134765625 -0.224075317382812 -0.0339813232421874
0.095001220703125 0.420684814453125 -0.108261108398438 -0.16644287109375
-0.3382568359375 0.406768798828125 0.0464019775390625 -0.128684997558594
-0.5072021484375 0.140625 0.0602989196777344 0.0531883239746094
-0.6455078125 -0.1240234375 -0.086578369140625 0.00473785400390625
-0.45440673828125 -0.065643310546875 -0.54412841796875 -0.260833740234375
-0.376708984375 0.10369873046875 -0.3936767578125 0.0380554199218751
-0.22747802734375 0.302398681640625 -0.0757217407226563 0.0605545043945313
0.002532958984375 0.2840576171875 -0.0677223205566406 -0.0609588623046875
0.166641235351563 0.21240234375 -0.181167602539063 -0.0726470947265625
0.24176025390625 0.061004638671875 -0.31500244140625 0.00430297851562506
0.233261108398437 -0.0377655029296875 -0.322784423828125 0.18157958984375
0.263534545898438 -0.0486602783203125 -0.290557861328125 0.22821044921875
0.261459350585938 -0.0662078857421875 -0.295654296875 0.20147705078125
0.218582153320313 0.0518035888671875 -0.336700439453125 0.0671081542968751
0.171463012695312 0.172332763671875 -0.262008666992188 -0.06353759765625
0.0248260498046875 0.259475708007813 -0.126419067382813 -0.1607666015625
-0.234832763671875 0.231353759765625 0.0261383056640625 -0.099853515625
-0.3236083984375 0.0682373046875 -0.0358352661132813 0.0800018310546875
-0.4398193359375 -0.08172607421875 -0.248016357421875 -0.0562896728515625
-0.188247680664063 0.0175018310546875 -0.65899658203125 -0.27410888671875
-0.127662658691406 0.0822830200195312 -0.4776611328125 0.0627136230468749
-0.0490341186523438 0.106689453125 -0.11572265625 0.0726394653320313
0.0116348266601562 0.0678138732910156 -0.0906143188476562 -0.0438461303710938
0.0383110046386719 0.0614280700683594 -0.19390869140625 -0.090240478515625
0.0783004760742187 0.0413970947265625 -0.35382080078125 0.00311279296875001
0.0813369750976563 0.0246505737304688 -0.372772216796875 0.212493896484375
0.0945663452148437 0.0130996704101563 -0.338165283203125 0.2554931640625
0.109916687011719 0.011993408203125 -0.35321044921875 0.223236083984375
0.0696182250976563 0.0587501525878906 -0.36993408203125 0.054351806640625
0.029571533203125 0.0825729370117188 -0.261077880859375 -0.0974578857421875
-0.0284805297851562 0.0770797729492188 -0.121124267578125 -0.1494140625
-0.0935516357421875 0.0533599853515625 0.01708984375 -0.0762405395507813
-0.106925964355469 0.00969696044921873 -0.100608825683594 0.0816497802734375
-0.179550170898438 -0.01947021484375 -0.345428466796875 -0.10211181640625
-0.120864868164063 -0.0842819213867187 0.4339599609375 0.050811767578125
-0.122833251953125 -6.86645507812378E-05 0.198623657226563 -0.114410400390625
-0.0764541625976563 0.108818054199219 -0.0158843994140625 0.0485763549804688
0.0260238647460937 0.120185852050781 0.0743865966796875 0.15484619140625
0.100357055664062 0.0379867553710937 0.22528076171875 0.156600952148437
0.071136474609375 -0.0488739013671875 0.375213623046875 -0.004730224609375
0.0609283447265625 -0.0890731811523438 0.36505126953125 -0.237213134765625
0.0835494995117188 -0.0735092163085938 0.33441162109375 -0.264312744140625
0.0653610229492188 -0.0769882202148438 0.360198974609375 -0.22833251953125
0.102806091308594 -0.0301513671875 0.347991943359375 -0.061309814453125
0.107620239257812 0.0610504150390625 0.20648193359375 0.04974365234375
0.030487060546875 0.1478271484375 0.13189697265625 -0.0127029418945312
-0.118194580078125 0.08892822265625 0.17376708984375 -0.09613037109375
-0.119949340820312 -0.00215911865234375 0.44500732421875 -0.085174560546875
-0.0938568115234375 -0.0709381103515625 0.70111083984375 0.32037353515625
-0.380615234375 -0.1427001953125 0.377593994140625 0.033599853515625
-0.334991455078125 0.023284912109375 0.183181762695313 -0.0986480712890625
-0.225616455078125 0.2672119140625 0.00273132324218748 0.0421943664550781
0.010223388671875 0.293212890625 0.0623550415039063 0.123817443847656
0.205856323242188 0.171051025390625 0.178878784179688 0.159683227539063
0.223312377929688 -0.0250091552734375 0.31640625 0.015106201171875
0.210464477539063 -0.144500732421875 0.3125 -0.1917724609375
0.256256103515625 -0.133041381835937 0.279052734375 -0.211593627929687
0.231597900390625 -0.147735595703125 0.300445556640625 -0.196197509765625
0.259231567382813 -0.0201416015625 0.27130126953125 -0.05767822265625
0.247146606445313 0.16796875 0.147933959960938 0.03106689453125
0.075592041015625 0.34222412109375 0.108787536621094 -0.0680465698242187
-0.272293090820312 0.279541015625 0.180511474609375 -0.132736206054687
-0.363128662109375 0.0645141601562501 0.447998046875 -0.09320068359375
-0.393646240234375 -0.122955322265625 0.66259765625 0.2762451171875
-0.59320068359375 -0.18585205078125 0.251434326171875 -0.010223388671875
-0.51959228515625 0.0480651855468749 0.122207641601562 -0.0751953125
-0.356781005859375 0.409759521484375 0.0185089111328125 0.0440521240234375
-0.00610351562499998 0.447479248046875 0.0543365478515625 0.0837783813476563
0.29058837890625 0.2939453125 0.118553161621094 0.136077880859375
0.35089111328125 0.00732421875 0.214614868164063 0.0242767333984375
0.3311767578125 -0.175079345703125 0.210250854492188 -0.123092651367188
0.389923095703125 -0.17193603515625 0.182235717773438 -0.126846313476563
0.361053466796875 -0.201141357421875 0.197052001953125 -0.130233764648438
0.379669189453125 -0.018646240234375 0.151031494140625 -0.03948974609375
0.363983154296875 0.23919677734375 0.0599746704101563 0.0118942260742188
0.133697509765625 0.488067626953125 0.0616989135742187 -0.119598388671875
-0.371826171875 0.454925537109375 0.16497802734375 -0.162109375
-0.548736572265625 0.1473388671875 0.39984130859375 -0.084808349609375
-0.63592529296875 -0.14306640625 0.5418701171875 0.211822509765625
-0.7315673828125 -0.20068359375 0.066619873046875 -0.07403564453125
-0.6475830078125 0.0821533203124999 0.0132827758789062 -0.0440864562988281
-0.43927001953125 0.519561767578125 0.0199699401855469 0.0504798889160157
-0.00997924804687496 0.55450439453125 0.0392684936523438 0.03668212890625
0.346221923828125 0.37860107421875 0.0405807495117188 0.0905380249023438
0.432098388671875 0.038055419921875 0.0761795043945313 0.0255813598632813
0.4044189453125 -0.178375244140625 0.0730819702148438 -0.0377731323242188
0.465606689453125 -0.18597412109375 0.05731201171875 -0.0226974487304688
0.43304443359375 -0.2265625 0.0672836303710938 -0.0383872985839844
0.44134521484375 -0.016143798828125 0.00770282745361331 -0.00461912155151367
0.43157958984375 0.27020263671875 -0.0456047058105469 -0.00181198120117185
0.17620849609375 0.560333251953125 -0.00474548339843748 -0.154327392578125
-0.40771484375 0.5634765625 0.126907348632812 -0.172821044921875
-0.6446533203125 0.2113037109375 0.306640625 -0.053619384765625
-0.7769775390625 -0.14031982421875 0.350921630859375 0.139892578125
-0.763427734375 -0.17816162109375 -0.15625 -0.14599609375
-0.677001953125 0.11492919921875 -0.129447937011719 -0.00878143310546872
-0.44622802734375 0.55535888671875 0.00240707397460935 0.0573043823242188
-0.00231933593749996 0.57293701171875 0.00887107849121094 -0.0122623443603515
0.35125732421875 0.39581298828125 -0.0504264831542969 0.0315933227539063
0.446044921875 0.05810546875 -0.0809173583984375 0.0231246948242188
0.413787841796875 -0.156951904296875 -0.0792388916015625 0.0539703369140625
0.46893310546875 -0.169464111328125 -0.0753402709960937 0.085784912109375
0.43902587890625 -0.21221923828125 -0.0705184936523437 0.0634841918945313
0.431976318359375 -0.005126953125 -0.137481689453125 0.0390472412109375
0.417236328125 0.265045166015625 -0.15069580078125 -0.01092529296875
0.173492431640625 0.53594970703125 -0.073089599609375 -0.168243408203125
-0.39093017578125 0.5550537109375 0.0820159912109375 -0.160308837890625
-0.63134765625 0.21875 0.187026977539062 -0.00114440917968749
-0.7889404296875 -0.1265869140625 0.125732421875 0.0698471069335937
-0.67279052734375 -0.12493896484375 -0.38018798828125 -0.208740234375
-0.58251953125 0.13037109375 -0.278305053710938 0.0264739990234375
-0.366729736328125 0.4852294921875 -0.0316429138183594 0.0602874755859375
0.00704956054687501 0.48004150390625 -0.032440185546875 -0.0496253967285156
0.29345703125 0.335845947265625 -0.134773254394531 -0.0263519287109375
0.382720947265625 0.06317138671875 -0.225341796875 0.0206756591796875
0.357086181640625 -0.110321044921875 -0.219070434570312 0.138671875
0.400909423828125 -0.126434326171875 -0.196380615234375 0.180816650390625
0.380584716796875 -0.15887451171875 -0.196273803710937 0.156173706054688
0.355377197265625 0.021148681640625 -0.260147094726563 0.07373046875
0.324432373046875 0.231048583984375 -0.230224609375 -0.02667236328125
0.115020751953125 0.4312744140625 -0.120269775390625 -0.167434692382812
-0.331024169921875 0.43450927734375 0.0455703735351562 -0.133193969726562
-0.517425537109375 0.16400146484375 0.06842041015625 0.0512733459472656
-0.67254638671875 -0.10418701171875 -0.0888290405273438 0.00490570068359376
-0.472869873046875 -0.0512695312500001 -0.5662841796875 -0.2486572265625
-0.3837890625 0.12139892578125 -0.40325927734375 0.0566711425781249
-0.220489501953125 0.321563720703125 -0.074920654296875 0.0646514892578125
0.012237548828125 0.2935791015625 -0.0712661743164063 -0.0611190795898437
0.181488037109375 0.212112426757813 -0.190536499023437 -0.0675048828125
0.253250122070313 0.0538482666015625 -0.3262939453125 0.01934814453125
0.241348266601562 -0.0480804443359375 -0.32330322265625 0.202972412109375
0.27105712890625 -0.0631866455078125 -0.287750244140625 0.24847412109375
0.266098022460938 -0.0804443359375 -0.2950439453125 0.2196044921875
0.227859497070313 0.046356201171875 -0.342864990234375 0.0841064453125
0.183212280273438 0.1705322265625 -0.271240234375 -0.05499267578125
0.035614013671875 0.267913818359375 -0.137985229492188 -0.159164428710937
-0.232223510742188 0.249267578125 0.0256118774414062 -0.103866577148437
-0.331939697265625 0.08251953125 -0.0292205810546875 0.0821380615234375
-0.458038330078125 -0.068084716796875 -0.25787353515625 -0.0531005859375
-0.195785522460938 0.024932861328125 -0.685302734375 -0.2593994140625
-0.128028869628906 0.08856201171875 -0.4864501953125 0.0850830078125
-0.0465621948242188 0.112838745117187 -0.116256713867187 0.0795059204101563
0.0138778686523437 0.0707321166992188 -0.0939559936523438 -0.0429000854492188
0.0433883666992187 0.0620956420898437 -0.204391479492188 -0.0860443115234375
0.0840835571289063 0.0387420654296875 -0.36810302734375 0.02044677734375
0.08758544921875 0.0220794677734375 -0.373687744140625 0.23846435546875
0.0987167358398438 0.00943756103515625 -0.33544921875 0.278106689453125
0.113349914550781 0.0067901611328125 -0.3524169921875 0.2462158203125
0.07489013671875 0.0585556030273438 -0.378204345703125 0.072784423828125
0.0342483520507813 0.0841522216796875 -0.27362060546875 -0.08935546875
-0.0263824462890625 0.0818023681640625 -0.130020141601563 -0.1480712890625
-0.0937423706054688 0.0601425170898437 0.01739501953125 -0.079376220703125
-0.111152648925781 0.01568603515625 -0.09661865234375 0.0856399536132813
-0.188186645507813 -0.014007568359375 -0.360504150390625 -0.0974731445312499
-0.0539842820439464 0.144557764209648 0.232516713252638 0.397534481402809
0.0650379811013457 0.116827343554207 0.22575747618455 0.105859352900669
0.13780909691961 -0.00795448306378213 -0.0716617991582257 -0.0192902834794626
0.0753184412346058 -0.122132971165468 -0.136744259302102 0.141256986624422
-0.0729191247503372 -0.11260930603355 -0.020693314105557 0.317613680685265
-0.12037384549738 -0.0261241894304335 0.187368540251276 0.351408118714825
-0.134433857752934 0.00925761980436067 0.367606903329389 0.274731279480095
-0.129797759883996 0.0112001955207306 0.432044587055091 0.197950521751946
-0.135782897964253 -0.00183811007132246 0.378054859230284 0.247660927159695
-0.11023606899286 -0.0499462374348782 0.220082203789399 0.281473077713852
-0.0420495649748301 -0.125963753518665 0.0439257260346364 0.227344719111938
0.0987273366167828 -0.122361757043688 0.059878310803688 0.0986665409359637
0.132781029344553 0.0158323751302301 0.177212346429123 0.0714399134538318
0.0468321908709655 0.0941362996268189 0.314345930496151 0.33714016005855
-0.0424727750164526 0.0980906632086542 0.193424025654447 0.744288928472701
0.0489563767603658 0.387684664359089 0.242849298061657 0.309326620304814
0.225220373729048 0.271593387337352 0.226653496177197 0.06293606474945
0.360208385359306 0.0192765781818346 -0.074919507238606 -0.0566656918472705
0.237753438342319 -0.233868952441229 -0.158961747243333 0.0885013390557801
-0.052157693832374 -0.291434962829239 -0.0736607878590232 0.290092379652248
-0.196078078286992 -0.160266722305039 0.127977406694287 0.328776489290511
-0.263939556993267 -0.0960858324858617 0.290726144880202 0.265790599759617
-0.286193106422419 -0.0784427130775955 0.351337315334928 0.189927510126124
-0.29410576856313 -0.103306642777763 0.313199617042126 0.226338965841656
-0.203184094021988 -0.181734925161885 0.159414355247675 0.230952631522461
-0.058372911776273 -0.30324235710113 0.00603128941152841 0.165711828734934
0.238880999434721 -0.283421423805918 0.0720453033372379 0.0278789269977796
0.375137611703035 -0.0221140577168136 0.207498272046018 0.0316672515239249
0.246965649934365 0.238546500643758 0.345525472614286 0.316983931915977
0.0741613810401648 0.361417383766525 0.2362443065022 0.693335101745141
0.147525154400765 0.589881097294629 0.231027620656198 0.150330165730935
0.375044996432068 0.402180301755453 0.191569080636914 -0.0157897421213955
0.558901067833476 0.040794859314217 -0.0867264472258238 -0.0876313491999681
0.384259198923587 -0.329988695938685 -0.166022210160467 0.0366634376118416
-0.0211892900314635 -0.445109104476821 -0.109149753890396 0.230563154269804
-0.243270875667128 -0.279359044634251 0.0575791810009253 0.25761709948397
-0.352904073688967 -0.192071267575907 0.172728167626231 0.211498995054586
-0.398745483291387 -0.155682845929191 0.217252442707537 0.153727187351135
-0.411094092368704 -0.184458705762988 0.19812778746596 0.173455630738777
-0.276061328223452 -0.28181655449851 0.0694792470506056 0.148388036024551
-0.08484442414951 -0.438678065841976 -0.0399848662404377 0.0773309515097213
0.331555047977051 -0.427430759404785 0.0712953729862068 -0.0552851067137976
0.565902248740322 -0.0848832050209198 0.216352009276337 -0.0170674036835619
0.425830459358831 0.326703769134182 0.330786946310094 0.263031550188417
0.190734427746356 0.562781527654021 0.237065097695361 0.559345687732698
0.233629596780795 0.715843817604359 0.19160904996534 -0.0635463748115301
0.495841507291944 0.479667165402198 0.117355262573489 -0.126669824034542
0.700691877848937 0.0415385391104639 -0.10907462751446 -0.112393538113073
0.483175475556947 -0.402899787333898 -0.159070686561533 -0.0166805555330518
0.00475037882144682 -0.548498439644976 -0.127626007202777 0.138439145439919
-0.258918836078595 -0.360651899323758 -0.0198221896619616 0.143403734200801
-0.388922299976548 -0.261093795008878 0.0294757904542895 0.121483253393903
-0.45235395324582 -0.210992411959159 0.0498426360455969 0.0942802584203099
-0.465895871966321 -0.235329984308637 0.049514691375123 0.100307379669662
-0.308303516353311 -0.3365058052071 -0.040192725806644 0.04829025639043
-0.105224212378045 -0.509886073833164 -0.0922430791306873 -0.0259633102982203
0.368803780665669 -0.507508430183863 0.0556641407163547 -0.139963151543978
0.667021677482588 -0.139527321191716 0.198572993441649 -0.0637612941462845
0.540127334976107 0.358193708739094 0.263040935220076 0.18767134294656
0.275175136271114 0.674777483452318 0.191253124698594 0.366801786289429
0.297017671076864 0.73244319054151 0.122304904366792 -0.303441693668861
0.555710304718065 0.47458899005505 0.00759256492304087 -0.251455873208079
0.736581916155498 0.0208496118788067 -0.133474992544546 -0.130407644576647
0.496470157017838 -0.419338488557708 -0.136262099757512 -0.0696129838806735
0.0244494949057607 -0.561445610098849 -0.129873909388659 0.0189302778810375
-0.239124394591071 -0.383318176386903 -0.0968378154537857 0.0015311562600304
-0.365773508239007 -0.288426972610554 -0.120098868511719 0.00962606175732326
-0.435862547714555 -0.232806073352406 -0.125742025362944 0.0215304015638899
-0.445956117842511 -0.253479598612057 -0.11004575745758 0.016279298206903
-0.285777306551885 -0.342913274850106 -0.151470861054884 -0.0563376477137742
-0.0927648925349395 -0.494603687865732 -0.136274176596958 -0.130453780888722
0.354433578163612 -0.487582323796067 0.0359244851100566 -0.206872736384405
0.653158974516908 -0.1439849406928 0.163589157901244 -0.0918011520840464
0.543840674803917 0.342354680508886 0.154955717411062 0.110571594823425
0.303097546316554 0.677569374448553 0.108286378262736 0.147887122944347
0.318090250476924 0.634332827836467 0.0313801876052041 -0.526663432432788
0.519398394840936 0.378985948362905 -0.11743252602662 -0.360439509000209
0.632174965969306 -0.00103643456459462 -0.148145267887263 -0.134477668345802
0.414137123490991 -0.356201390634455 -0.0999902269813622 -0.112807408969575
0.0341549743806299 -0.469635696017777 -0.115930155454182 -0.101842162800753
-0.179616941471281 -0.336003536599698 -0.160318688245503 -0.140993776272884
-0.28480314719721 -0.26961405961425 -0.252378782135428 -0.103437266233126
-0.349981612684806 -0.221000170947079 -0.28151366681171 -0.0547692454132249
-0.353890532837935 -0.237902229917515 -0.252869241158939 -0.0699685814544087
-0.208305015520271 -0.302853779810035 -0.236068448097734 -0.154002456245161
-0.0487018327596885 -0.400176842148638 -0.149886441751118 -0.22049434117216
0.305685574046896 -0.368485304411178 0.0287106823051328 -0.243423989159101
0.531894111422794 -0.0959557171865628 0.126018724607093 -0.0932937531120094
0.440516799995216 0.286620481068484 0.0399834997267517 0.0451311345878008
0.270060162165529 0.578277862382416 0.0140115617341458 -0.0596194634291824
0.291085720172902 0.433623488337585 -0.0698229693572259 -0.69445310539455
0.39117919448572 0.219004730204147 -0.233208106685993 -0.42765252808742
0.411290617031215 -0.0229433394495076 -0.154560469084075 -0.120864090397716
0.253743489976964 -0.223354156701572 -0.0604599249977038 -0.130195370338096
0.0357617366419649 -0.292000125966823 -0.0874016545297214 -0.194117806036829
-0.0914152852321186 -0.229259149434478 -0.199066697143801 -0.252078596454339
-0.159402848544907 -0.204654506048473 -0.34622138250907 -0.197701681651332
-0.211059349264981 -0.174444467655877 -0.394682369106428 -0.122229882941036
-0.207816561036289 -0.189635855159765 -0.353442604574026 -0.14896324790053
-0.0984874374513891 -0.222025546872461 -0.274752420354192 -0.234952868919537
0.00893616012764186 -0.251453995964535 -0.125216296154294 -0.282981700485517
0.218049805374224 -0.195138582275733 0.0406648317245226 -0.242027665509833
0.335068809507335 -0.0260230641708185 0.0985967207961728 -0.0721488349891616
0.269944416130323 0.195439037139519 -0.0518804469488544 -0.00680864607625657
0.196920160908527 0.394071809618619 -0.0682316805694223 -0.229250959812354
0.213688686205897 0.164697541358653 -0.162058065895986 -0.771050693209121
0.201854663760286 0.0263280516574718 -0.331660667690805 -0.446255516485616
0.131904967656058 -0.041372552175217 -0.16202681944956 -0.087394720663168
0.0616120780114111 -0.0619338960287588 -0.0301989409108259 -0.11296504295329
0.0342924859088752 -0.0748697429828679 -0.0518760867807392 -0.236659227901818
0.0118124811207691 -0.0883666929653872 -0.206330765199341 -0.313826210324929
-0.00817886955449448 -0.107466228195389 -0.385967993039538 -0.258174902223618
-0.0399033198609558 -0.101201255091597 -0.44778639554742 -0.172115086562811
-0.0344516047801926 -0.1117810022028 -0.399110572566658 -0.210906038875882
0.0152284186564928 -0.110480067117452 -0.266476292009108 -0.286488915517833
0.0506449292048466 -0.0785471760781657 -0.0703673368188746 -0.309085946874187
0.0961976531455716 -0.0218420059671917 0.063402152305095 -0.21061029996596
0.107850869503697 0.0214714428013467 0.0804697519461416 -0.0424291385452745
0.0873212719045461 0.0702406304214337 -0.11011953148821 -0.0460859190956977
0.105041885405695 0.156986687620739 -0.125786903422238 -0.341124536931648
-0.0468515222140595 0.14858800212434 0.261859796487077 0.389355607124075
0.0730877657577483 0.112951696269424 0.234406327703521 0.0902063509472464
0.137629645277563 -0.0174268510404043 -0.0730984514149349 -0.0156101376127452
0.0673051745188342 -0.128294323093404 -0.12865485165646 0.15197994029451
-0.0807413728752667 -0.107374777390938 0.00325505598232734 0.325041998888152
-0.121896206840227 -0.0180417660733391 0.217983681527201 0.343665119440127
-0.133765410430255 0.019562472984886 0.394948017179152 0.248463725140705
-0.13072857389123 0.0219604741405214 0.45409134827103 0.163071242118259
-0.138397802949688 0.00861603676371535 0.404431572537062 0.220365593413561
-0.114560204590563 -0.0416346425067605 0.2472452153879 0.268784373811118
-0.05273737522488 -0.124048789435667 0.0623908181255208 0.229607497328048
0.0891046331687004 -0.131941995816072 0.066401043607494 0.0939443265164856
0.13593288260889 0.00626173393120832 0.180962927041959 0.0591590202143583
0.0531357665865338 0.0916629584030515 0.338379751547148 0.319833244467549
-0.0348547702252365 0.100461151670699 0.246161699613122 0.744299074159131
0.0762175959462333 0.388831472287867 0.265812263736117 0.298743091942477
0.246067005418576 0.25756265090012 0.230709722381141 0.0465392718683466
0.363572219185102 -0.00762847621234679 -0.0793866162910718 -0.0524178292127834
0.224788987380159 -0.253270045278019 -0.154690814948181 0.0998692496046382
-0.0735929956649784 -0.28963629556845 -0.0521736626700672 0.301726334802919
-0.207367373593451 -0.14864672546795 0.156114681293838 0.324584888183547
-0.273558007544193 -0.0784706640986651 0.315788393730415 0.245283986972973
-0.297878639320857 -0.0563597886591872 0.371792627014244 0.162731343945459
-0.306900475766177 -0.0816297008430064 0.337405178386145 0.201770585729004
-0.217725830017437 -0.169839946177779 0.181611315616278 0.221501243970479
-0.0829325845434505 -0.303056982544663 0.020869469001539 0.170112762169055
0.220633550225581 -0.306142515837587 0.0731722722658318 0.020558831053327
0.379056329780505 -0.0502320513937156 0.209010456180023 0.0183751333443422
0.266504958566115 0.225303470424266 0.370824193516511 0.298323011090501
0.101353355620853 0.360284094564276 0.286437548434931 0.689612309952578
0.192479140613626 0.587853070459251 0.24260267849973 0.13880663005727
0.404575277178411 0.38004694429623 0.189637102722563 -0.0293240702252809
0.566196699371121 -0.00212496768465914 -0.0932542584767996 -0.0824412213254921
0.367918541113471 -0.361189902754666 -0.164601130292496 0.0468659344506916
-0.0546907162488442 -0.448420473701885 -0.091417448407099 0.24510213462512
-0.26462912834195 -0.267141423514919 0.0784557377822902 0.258733302852656
-0.370374286095376 -0.16963313770907 0.192759097721601 0.200168102990346
-0.41905934385905 -0.125856670114122 0.233034715119407 0.136313839650551
-0.4318312633994 -0.155154028834994 0.216122329330158 0.15724499859037
-0.299321712777431 -0.265885873381818 0.0838743329356974 0.145062500475891
-0.12030164341448 -0.4391585034707 -0.0317927590406048 0.0843626994236393
0.304373307430846 -0.458630111001958 0.0654624903675096 -0.0642382032109311
0.568936759262325 -0.12762159251183 0.215768129001506 -0.0315770247418038
0.454928964216142 0.303221378227783 0.352530365847621 0.244395632826721
0.233466325262988 0.559008422968714 0.278590121636637 0.552793739018422
0.289276322212322 0.707274600662423 0.188365288720571 -0.0747622796683041
0.534123648002195 0.450033089797487 0.105863750951158 -0.13528279898913
0.71110345243226 -0.0121916260993075 -0.117794923634807 -0.106173632848995
0.463090573385893 -0.442075627773831 -0.160895375137881 -0.00742016030654084
-0.0364879730095827 -0.554509448931623 -0.116104880422969 0.153200119763026
-0.28784895653247 -0.348982642661384 -0.00893200768061766 0.148716459215827
-0.413587909844228 -0.237271311496543 0.0398423274753979 0.121166596231106
-0.476297069083815 -0.176044022858594 0.0590999093033002 0.0902416962269963
-0.491178844392615 -0.2020626665284 0.0595470856000411 0.0942066398641365
-0.335347852697362 -0.320277336445728 -0.036056313405121 0.0516926876577732
-0.144697913225813 -0.508181486246846 -0.0924207864853785 -0.0176356588043155
0.336572590157149 -0.544444931783632 0.042538455679998 -0.148535478852713
0.667717539479298 -0.190262100315094 0.195981048218605 -0.077262634333047
0.572396218388288 0.3271242818128 0.281941284594575 0.172476328640156
0.329466086986001 0.665377757881553 0.220153564266569 0.357831156144678
0.354454951633689 0.721349772297608 0.102130780474465 -0.31391933698541
0.593861468179584 0.441906847214362 -0.0135325312521789 -0.253199766476359
0.745992382068994 -0.0332960023092889 -0.143410896919087 -0.121312201048462
0.47733191021603 -0.463056735003979 -0.142452381602861 -0.0628123155060534
-0.0191848208686426 -0.571678631889254 -0.12710695295101 0.0321358924051085
-0.269033345851704 -0.373549553705853 -0.0989975192816623 0.0100344796867661
-0.394218831984059 -0.268336232511065 -0.120716102423824 0.0208305409705793
-0.46289438318807 -0.200211715929318 -0.124051887334278 0.0312542172109808
-0.473626327146697 -0.221335411418617 -0.109845192360495 0.0226493862133541
-0.313027554694351 -0.328452613336709 -0.156991457201281 -0.0461087853739861
-0.132141409031838 -0.493043641014127 -0.145097262728297 -0.121155858376525
0.326338652657829 -0.525210093124179 0.0172344729227787 -0.214673483007661
0.651979043274783 -0.196628857773183 0.159041116907103 -0.103071364609926
0.577232433016537 0.30886134122409 0.1692924742132 0.102399373790601
0.358915967939029 0.667732451389922 0.120975552253745 0.140546520211494
0.370137738505564 0.623073601910205 -0.00421132060211656 -0.533909407046455
0.552435876432884 0.349278805590214 -0.146166558617022 -0.354233595736462
0.641744642021818 -0.0489076454969092 -0.158634200249566 -0.124896254730313
0.398721140096227 -0.392042045123459 -0.108611304149861 -0.108799670873079
-0.00197672837376859 -0.479303526723077 -0.122477471146534 -0.0926815192124457
-0.207121056137741 -0.329545355724452 -0.17463431454118 -0.129910055120868
-0.311364899569414 -0.254062241405957 -0.264343622350412 -0.0829634109608362
-0.374953839131686 -0.194956364857422 -0.288151040227468 -0.0315271178587987
-0.377322501232661 -0.213402150329096 -0.261950985169129 -0.0527305350608714
-0.23296929579864 -0.293990208574858 -0.250640572835093 -0.138249783505674
-0.0781778941500208 -0.401016730222091 -0.166769967692109 -0.211912172526081
0.284271594946278 -0.398757507099318 0.00892400623914643 -0.249426742882396
0.532370034072573 -0.138665688590911 0.122152327730111 -0.102140652326065
0.467626444707654 0.259239276243887 0.0490921373121407 0.0432577544687318
0.318899257943133 0.56887268682543 0.0104729048710796 -0.0650031560807212
0.328062280413784 0.419855549425088 -0.116140602347672 -0.696459892401703
0.410199893412932 0.196206105382858 -0.267879908494024 -0.414334211845678
0.41563999552216 -0.0534012399486462 -0.164938420531222 -0.110303371967522
0.245222394940862 -0.245837827955696 -0.0698637312127445 -0.12856840033515
0.0131300705267466 -0.300424401265058 -0.101474141728771 -0.189178037311097
-0.110684269461611 -0.227725224458308 -0.223198938064447 -0.240113669457355
-0.179104402284934 -0.198133046328203 -0.366943390830516 -0.170898775426453
-0.230167822948356 -0.160223846443812 -0.407605031925815 -0.0897519219316071
-0.225722912498513 -0.176008070614478 -0.37090115619526 -0.124052705032982
-0.116496981475293 -0.219449017546318 -0.296811611551977 -0.216969420697621
-0.0101454258720443 -0.255478014460604 -0.146970480490937 -0.277292509765224
0.207297667144048 -0.215860518673849 0.02158753596134 -0.247560886465546
0.338244019419649 -0.0524050544204912 0.0971394543876259 -0.0796960792824235
0.288443472954209 0.178904505455587 -0.0477107328256207 -0.00281346151617167
0.230029816208456 0.387748646860565 -0.0844323603123996 -0.232319632837215
0.229795253727853 0.154373006415206 -0.215861215735333 -0.769990138159216
0.205635536441154 0.0149781524278237 -0.366801999501869 -0.42683912551753
0.132015771641619 -0.0506065280853171 -0.169969010372452 -0.0762116823517812
0.0604413214770423 -0.0683033784279551 -0.0380376185505047 -0.113158917509905
0.0281216641115904 -0.0798624024085395 -0.0702749556240578 -0.236678020985037
0.00421995293722146 -0.0916345394043374 -0.235963397616582 -0.303150148977388
-0.0187243281756595 -0.109818660797702 -0.41258707743536 -0.228771589772138
-0.0492742138240914 -0.100218459338037 -0.466633434684316 -0.136293768765013
-0.0443284373114901 -0.111556898033848 -0.421777934189481 -0.180482074619686
0.00657543986495531 -0.11488675441567 -0.293614689674544 -0.269674382960071
0.0457982178126609 -0.0840294178703067 -0.0950888519630775 -0.308983877418567
0.0976282452369444 -0.0309510941154706 0.0473916853462695 -0.216539826344244
0.111621139299885 0.0122626861865315 0.0809661484579873 -0.0483080412672871
0.0946922967680297 0.0650839426535815 -0.109932516224174 -0.0390188866573185
0.119383771265455 0.154157887502453 -0.151036173233519 -0.342370529853812
-0.0376949647662562 0.149444970429024 0.284005717559125 0.371264012943846
0.079082248257983 0.106569916644171 0.236224256165806 0.072327489917183
0.133644420519134 -0.0256603007072581 -0.0736372161883593 -0.0113545421623777
0.0580475883465807 -0.130635870628399 -0.118463983294337 0.158935541389515
-0.0859250785175064 -0.0996899266895797 0.0265680602041404 0.323689856155771
-0.120695778131208 -0.0101401274834516 0.242958981559104 0.327575727798603
-0.130357519549037 0.0285347004877196 0.409679067405096 0.216719204285288
-0.128695774791139 0.0315247174345822 0.461320110375307 0.126181271982755
-0.137380226382384 0.0193939362473107 0.420200271803332 0.187614545443005
-0.115307056876947 -0.0324370686587703 0.266730145350578 0.249680619161193
-0.0620655038410037 -0.11812019881149 0.0796310242533456 0.225762992165666
0.0777530243826763 -0.136700790409797 0.0706663820974084 0.0871731865893099
0.135237281274102 -0.00332075559940327 0.178781983059603 0.0467942971628133
0.0573443949410697 0.0879332637729521 0.353504408974522 0.296842968196086
-0.0280321114786323 0.100230181645704 0.2895229565356 0.725519624330183
0.10041322794095 0.37959619011462 0.281183786232573 0.281921876805599
0.259167418340841 0.238804022701378 0.229180685220798 0.0310645959356808
0.358291382300279 -0.0318535437929528 -0.0816763460621534 -0.0479099102857252
0.207950921172493 -0.265262364054279 -0.147530022872436 0.107831113368757
-0.0917610589609872 -0.281041513969507 -0.0288862464104458 0.305620797385411
-0.213775527169392 -0.134920768255553 0.178949580567354 0.313235175849479
-0.275308978327597 -0.0596091110677571 0.331802975989753 0.21880643317467
-0.301025157767522 -0.0333201561851397 0.380611547537793 0.131157082958173
-0.312388100043216 -0.0593219807708025 0.350619604772566 0.17370112734194
-0.226469019871303 -0.154512022285345 0.198461750593283 0.207330782101256
-0.104153216108198 -0.294230438073848 0.035168360160754 0.170128465026714
0.197210847429156 -0.320420058725322 0.0707437281870842 0.0139834514119857
0.3736935972502 -0.0765764877585781 0.204851268920962 0.00536490363011313
0.278911259440282 0.207690839414862 0.385043567242125 0.273540678040323
0.125686271973256 0.351349176574867 0.329206313472254 0.668854688605671
0.22929248762609 0.569065278642659 0.248434727322897 0.124852919763018
0.424515162779056 0.350580714627038 0.182877445062184 -0.0404141549341305
0.558224647642963 -0.0394707426416736 -0.0974457652906961 -0.075946700061917
0.343427164075625 -0.382275327689894 -0.160098534542214 0.0552864969940238
-0.0847048994413116 -0.439319156139176 -0.0707400396732601 0.251682700969425
-0.279461875959728 -0.248984228927234 0.0969852358144387 0.252833853335678
-0.379059986829853 -0.143564988899006 0.205776303054849 0.184001320058861
-0.427300898563239 -0.0938194200311988 0.241070284889948 0.115991161922389
-0.442253499701378 -0.121920293132427 0.22682909793922 0.137088859897128
-0.312845102110312 -0.24499290739217 0.095497110615038 0.1375810835588
-0.149819000726407 -0.42745097446182 -0.0224760956790869 0.0876824520293368
0.271748894991969 -0.477973270502042 0.0570121559632687 -0.0701750435177895
0.556941643374613 -0.166047402876323 0.209717065180396 -0.0433580208782852
0.472492570884068 0.273284466589286 0.367198148476673 0.220767539592152
0.271493020039141 0.540742683322955 0.312234516178459 0.531863635961238
0.333959471313176 0.683427074619977 0.181606473554295 -0.0836877557733826
0.556429551519143 0.411378866885 0.0935918017833218 -0.138532796870196
0.701938207607094 -0.0611190554126433 -0.122806810935105 -0.097440740168338
0.433491454963247 -0.469630246448805 -0.15971191872954 0.000774279492275417
-0.0752910312992033 -0.546538447201451 -0.100690478054256 0.162530682504663
-0.308494213190122 -0.329254400773849 0.00187684042082973 0.149629685590588
-0.427054129505926 -0.208661116024021 0.049409618197731 0.117062772227783
-0.490610153652445 -0.138616605637436 0.0655789170342236 0.0842315928058251
-0.503991579415332 -0.164655954665431 0.0662234335391086 0.0865487881983993
-0.35365530285673 -0.297325780595311 -0.0310449119098011 0.053277329976191
-0.178355062615844 -0.494174378603998 -0.0896169176892731 -0.0107185567861132
0.29841357606336 -0.567765216652932 0.0282201887198467 -0.152001298029173
0.651055462830801 -0.237664624866438 0.187960083110278 -0.0881580795850684
0.591144695553835 0.288685008413604 0.293722035052653 0.153858251681418
0.371717372461245 0.640976682442123 0.241305930238731 0.340879517346411
0.400342140088184 0.693957399445079 0.0822989232142096 -0.315420817107376
0.61652497542127 0.398910656951573 -0.032088752660701 -0.247278397284422
0.736637165964241 -0.0851044164301198 -0.149393642876623 -0.110786349567616
0.446399481494206 -0.492071325690486 -0.143875792186776 -0.0553532993866108
-0.0601058224057108 -0.564853449922578 -0.120299965156842 0.043016095879744
-0.292821404319801 -0.354950176247186 -0.0975391033680888 0.0180383486412566
-0.411281201990243 -0.240291099750191 -0.117309307334514 0.0305061954711495
-0.476984544502608 -0.164874986500246 -0.120165632013713 0.0403068992625498
-0.488265148765304 -0.183294563047444 -0.107035581814582 0.0275424940494209
-0.332893289067262 -0.306917995822742 -0.158302749472697 -0.0349954111642624
-0.164764179417186 -0.4795023330302 -0.149398855724707 -0.110373659386553
0.290184912721366 -0.546349824372888 -0.000668537353200503 -0.215196861559191
0.635252538818265 -0.239844195140078 0.151516377790428 -0.111020078433779
0.59236376403679 0.269357144473819 0.178594718161504 0.090231705444372
0.402025246086157 0.64196320303025 0.128595138731112 0.129048195079482
0.410073957472938 0.595519502375118 -0.0367367534156301 -0.528491028459198
0.569184164121056 0.313504700867044 -0.168122812107124 -0.337969338405087
0.633542862728245 -0.0927222722541567 -0.1649814563519 -0.113091241422485
0.373979678970119 -0.417751893256855 -0.113902771572085 -0.103475155957615
-0.0366795215261197 -0.475793648418952 -0.12460398409816 -0.0820006424728833
-0.228500618182416 -0.315878549746808 -0.183937335893969 -0.115929919365758
-0.328162575083513 -0.233198417411375 -0.267356642658842 -0.0617237272679179
-0.389067379276205 -0.166271521104268 -0.287202021901618 -0.00931474018280934
-0.392134865883932 -0.185357966393698 -0.26371961116562 -0.0344914553194645
-0.250028682471 -0.279024283524009 -0.259521178101736 -0.120377478322666
-0.106119459059616 -0.393890269871974 -0.178564039604047 -0.199210319448619
0.256581825207387 -0.418117760117447 -0.0110457857036804 -0.247696508355687
0.519584266122526 -0.175596660162174 0.116538422477428 -0.108474290305637
0.481145587665404 0.227523833404108 0.0569189798904333 0.0389438647062402
0.3572551104006 0.54636288251876 0.00581782161035965 -0.0695193094304502
0.354120241510281 0.397231773059881 -0.157660783150941 -0.683128442730505
0.419059180407624 0.171288679982194 -0.291717806425077 -0.391205712224174
0.410234492768623 -0.0808111596253915 -0.169794948178158 -0.0982326491121073
0.230670582449126 -0.261516588345092 -0.0765339240439206 -0.125582488743972
-0.00881774466907586 -0.299523919332675 -0.112212849796859 -0.181030882926535
-0.126624942777084 -0.220096900892181 -0.23999461413249 -0.223126470497213
-0.194591970427264 -0.185820197277338 -0.376059219504381 -0.140776404295367
-0.242376723052095 -0.142527831428568 -0.410518788388998 -0.0579300797740631
-0.23779708718269 -0.158445309982519 -0.377067397797134 -0.0958941319274048
-0.130639093070382 -0.212866305730302 -0.311412331636857 -0.193954006724563
-0.0270097896681167 -0.253403994478412 -0.164504461737504 -0.266083254095722
0.193342432363301 -0.229732499432857 0.00392783745034196 -0.245979552913808
0.332806663063937 -0.0762396473870822 0.093322691616627 -0.0850259378974048
0.298494592000473 0.158509110359271 -0.0423331734261044 -0.0012796835844198
0.256324302319026 0.372555681308995 -0.0995858851423091 -0.22975022350325
0.239731719872329 0.139935149058494 -0.259233566776258 -0.750798466829999
0.205014533656759 0.00461080926838679 -0.38940369014772 -0.398386109560643
0.129081312293642 -0.058514182269831 -0.172833781394984 -0.0642462665873487
0.0570720672373745 -0.0725607581339335 -0.0442079250070714 -0.111205917170812
0.0215687929216033 -0.0816583103296843 -0.0850277455359133 -0.23167614377288
-0.00391810062471114 -0.0921079652488484 -0.257664815655062 -0.285008408146677
-0.0287517934266938 -0.109317394790671 -0.425964320844596 -0.195182260080737
-0.05815010527531 -0.0963788006310552 -0.471967718545274 -0.0981917226181554
-0.0525711414287388 -0.108144635587061 -0.431097820170047 -0.147480413540413
-0.00252349313162891 -0.115679815754013 -0.31148129218418 -0.247224865783237
0.0402604714584506 -0.0869742273400399 -0.116615540885649 -0.301196167048146
0.0959375603073079 -0.0389821300671679 0.0322129655577138 -0.216240942046961
0.112006650899284 0.00331618409421917 0.0799965174841341 -0.0540955314552112
0.0989750012296683 0.0582923256022585 -0.107311087817067 -0.0331275891999197
0.130418471326453 0.147133937997937 -0.172280161478373 -0.335486117214347
0.0227751623167962 0.154004581940181 0.386890387978893 0.245381298702549
0.113933075441567 0.0678559104845373 0.235227034190427 -0.0132233289439513
0.113422207339287 -0.0707418116589353 -0.0737173923866006 0.0224068863501707
0.004181111091813 -0.139823119068583 -0.0493059608026381 0.195729025273105
-0.111296969711863 -0.0577922076598555 0.142850440230063 0.290767405728051
-0.10871342167226 0.0357051811518399 0.344512153246654 0.211424488667402
-0.107736596478362 0.0740012927289395 0.459456268086991 0.0460713062882598
-0.103403752984014 0.07336535243781 0.466191239670555 -0.0581337083300152
-0.118329052451301 0.0667970789432109 0.452518939575591 0.0217023659689139
-0.116058924410543 0.00857542503350565 0.336933569724938 0.137384531993137
-0.0986050557301364 -0.0853520130005215 0.156918150651245 0.181523159205982
0.0230376809908803 -0.152504052986646 0.091433049645472 0.0593095052213749
0.123119684269708 -0.0501559985010794 0.175349254906857 -0.0155634456442077
0.0801441614973245 0.0591436064895519 0.423486383352809 0.159604155819221
0.00332591171538437 0.0984978411271034 0.502204367602603 0.576752623944692
0.238177036407678 0.319657447982832 0.343971065201534 0.163530711109215
0.330644256656469 0.125107415092326 0.203614206251027 -0.0433847721104598
0.317577914965894 -0.159022284546506 -0.0973727247353229 0.0054754266364161
0.0911934729106804 -0.320010985662857 -0.0888730261386902 0.168199038878766
-0.181391778719236 -0.222457677410894 0.09420033804491 0.294079232203378
-0.239286263691945 -0.0468495861683234 0.286525705633651 0.219992638093868
-0.276903801174971 0.0422884100214857 0.394874074098237 0.0776728563793183
-0.283894508088264 0.0743837465666213 0.397370308607746 -0.0264160265589976
-0.306388006498018 0.055966352038831 0.384924403878309 0.0303972745068316
-0.26066711837362 -0.0663053971293636 0.261820254315204 0.122140337542659
-0.198875329254986 -0.232590179791846 0.100924462964414 0.147735681122137
0.0709818055554122 -0.364699753899135 0.0655095942471864 -0.00377732944053537
0.318895782217062 -0.199565849576418 0.181028446728286 -0.0629135731315452
0.327623082173707 0.0940510664640471 0.446939122623239 0.121746322640281
0.232085607317719 0.284190049540595 0.521340010237352 0.501651925954355
0.42653675911049 0.451869515244119 0.25013739065047 0.0281342110604006
0.52512013073696 0.167782184857831 0.127013465186805 -0.0891886867800454
0.499746456572903 -0.240107409228895 -0.124198749046868 -0.00325484925635047
0.171241141521502 -0.480471285960831 -0.114743378352114 0.132423700875684
-0.232257740138262 -0.370862991451015 0.0442298134884028 0.261163513058607
-0.339631299036283 -0.129991333240475 0.193993919572941 0.192892769526173
-0.404910688062273 0.000168787887080274 0.271409078678542 0.0932951260891858
-0.420996935418349 0.0639006368934651 0.267779848429785 0.00793234459174662
-0.448086871555298 0.0433464635212388 0.259600980924904 0.0389320347005324
-0.372632957976642 -0.121538593319566 0.144886226960453 0.0932998206859189
-0.286927603751527 -0.339938587032495 0.0232201443395368 0.0929603860545653
0.0852918079832121 -0.537942807918725 0.0238052844221997 -0.0718838605258821
0.457829538397251 -0.345819773474231 0.165041554461843 -0.110253282020308
0.52954539142974 0.0883599759813764 0.411953839161452 0.0739131437993584
0.433440703929867 0.416066967796297 0.464462345088884 0.373285215083176
0.568107494807765 0.519075456468598 0.110662933618302 -0.142795622432746
0.67113305862178 0.17665229393231 0.00463938001741374 -0.14535828224253
0.624072480688631 -0.313858953412001 -0.156303839020317 -0.00510288003097912
0.222356946331117 -0.597943942190205 -0.130343023633673 0.0871733512660749
-0.261976144276408 -0.473817910613654 -0.00970943332706665 0.190853797213399
-0.397374002279397 -0.194687795467716 0.072034435978516 0.130473593649461
-0.475930197837592 -0.0439023739563179 0.105212529109991 0.0909772077260075
-0.495571011594833 0.0443832922201696 0.0979474401469723 0.0423974400731661
-0.520599398897256 0.0272286088608461 0.0944131936060394 0.0474571410522601
-0.428235750769369 -0.154963790805621 0.000308785135135455 0.0593345522376047
-0.336291192502373 -0.391273211791494 -0.070995616084254 0.0270612110418203
0.080906110727767 -0.630220769126027 -0.0300316976920202 -0.135851278496431
0.520650585686725 -0.441711458431293 0.129541655883147 -0.143726896055436
0.645531074581379 0.0624113897475157 0.3225440214541 0.0320071261043392
0.564281124197239 0.477954163081746 0.338966678249534 0.214130897577321
0.63229034590618 0.503281867982468 -0.0621018615938783 -0.322686297841943
0.722502057862442 0.146577592564971 -0.148530927763704 -0.200708630397129
0.65067868974752 -0.349585624957242 -0.185446311346373 -0.00632924662801267
0.224734047193141 -0.623315941193024 -0.134116079590928 0.0304069678676214
-0.256296061190736 -0.497344677471457 -0.0679618126503839 0.0869119622979558
-0.393425600471907 -0.225510339417756 -0.0665391764501126 0.0456000080203352
-0.474128640560485 -0.0806269281830751 -0.0800273948535628 0.0738590180960255
-0.493884854209374 0.0157662720456227 -0.0866077094236119 0.0706131419923352
-0.512997618828966 0.00145383508748446 -0.0854472428728633 0.0557358378604434
-0.412459259873859 -0.171032205708814 -0.14852699352487 0.0222309459742463
-0.317826167192663 -0.382340518965371 -0.161431021442316 -0.0441149173374082
0.0801445273952443 -0.607292002593898 -0.0777739086737543 -0.184115241166384
0.504731519301389 -0.440697477782526 0.088709725851306 -0.153501014404026
0.642756197948739 0.0448386516408599 0.195534875903161 0.00989442839672116
0.592976126473036 0.46850433979916 0.16611149951662 0.0536666306364904
0.602228630226141 0.40950486665829 -0.242272475361527 -0.479172153123125
0.645404821814139 0.0823174158437865 -0.30148530984334 -0.239019143379894
0.55139094161687 -0.318353587763117 -0.198079051641204 -0.00892608137664254
0.186253922168629 -0.528298873359952 -0.12541322098618 -0.0305937902866768
-0.204902014343126 -0.424454870978001 -0.12068011378134 -0.0286401817794897
-0.324131548783276 -0.212351523712326 -0.196886786280089 -0.0457489968847144
-0.397274417047496 -0.103160823240704 -0.254098918589438 0.0458517453198389
-0.41586283393845 -0.0158159496325228 -0.257279675347011 0.0880516150601793
-0.424674972840411 -0.0309311232973142 -0.250969133859682 0.0554525458957621
-0.328203170335911 -0.171528593470674 -0.272607330311966 -0.0207061164513681
-0.232342351291458 -0.324574529131666 -0.222742231122558 -0.116115337160116
0.0932946819371593 -0.477795893324234 -0.096895203122954 -0.213426261960616
0.419063763877322 -0.340666171649544 0.0607019727795288 -0.140487727345884
0.523934756987919 0.0452899143825245 0.0670782529164027 0.004576620475822
0.519601792341157 0.395756608584206 -0.0122563576713415 -0.086820674962762
0.476170696940066 0.243982793646286 -0.398769150102452 -0.581281165081808
0.451706691572328 0.00822581887239394 -0.422100336879625 -0.248865502042812
0.350604080420565 -0.225236095721323 -0.194490301268336 -0.00753171824505094
0.113924304169164 -0.330527128232665 -0.104851533908773 -0.0746673820913075
-0.116939569409018 -0.273850690084119 -0.151753506146019 -0.126706242035471
-0.198150382561876 -0.161305651964725 -0.29224469783874 -0.121915934176808
-0.255600907639048 -0.106103364534706 -0.388691918450425 0.0128739267022701
-0.274009887655567 -0.0453968497054173 -0.389094166136934 0.0919967092492316
-0.274397609440593 -0.0617811577159253 -0.377579704344423 0.0418513390022346
-0.195333739297818 -0.150992195919662 -0.348783908926249 -0.0706558283789704
-0.111856765518574 -0.223460645390586 -0.238011495513626 -0.182689663422518
0.0994768130168152 -0.282574796011973 -0.0823990878622249 -0.220022717592553
0.280164423667993 -0.186315987488106 0.0523839572624619 -0.112514119851392
0.332397312905948 0.0441611324274263 -0.037184609537991 0.00325447663399626
0.368917220468062 0.266663445152816 -0.163073077036114 -0.195753324547817
0.27084940496405 0.0433022575947743 -0.506297614524727 -0.608129035594173
0.188449024005769 -0.0680676964739849 -0.501428512913967 -0.226950653045536
0.0987394967986125 -0.101197135796505 -0.181522665427302 0.00803717846213648
0.0260666659337056 -0.0901896984472643 -0.0771544523969386 -0.0858060839697939
-0.0121314642048969 -0.085351502006716 -0.155590205850715 -0.185854639865599
-0.0403027222865586 -0.0862591873308487 -0.33785389464416 -0.171244101164022
-0.0722598006239773 -0.0935760014321389 -0.461120656065373 -0.0182984916124946
-0.0902408329365847 -0.0677891229439616 -0.462884479868147 0.081378040882041
-0.0875882204473256 -0.0805296838968266 -0.44616905309041 0.0156690188983327
-0.044122431135748 -0.104850645575914 -0.370267420248163 -0.118505334696227
0.00722271174469018 -0.0952047811983716 -0.21162842683767 -0.233212015573615
0.0755361656543106 -0.0712349101853901 -0.0435244922051474 -0.207105544503203
0.104057706790329 -0.0366458820712642 0.0550603170268481 -0.0795362940210478
0.113895686579701 0.0204931154306816 -0.108134127529364 -0.00048928996940561
0.17533354308837 0.0970412985749981 -0.267765747647682 -0.261582817298276
0.0271507050263813 0.152180480303996 0.394408640192779 0.234399434613019
0.114683850654424 0.0636899355323021 0.231178851339128 -0.0198307101977423
0.109751018277004 -0.0734616243663153 -0.0732555880718926 0.0249538922453078
0.000679261027475959 -0.138144075642649 -0.0409982778256624 0.196248831103709
-0.110854422965453 -0.0538087372106028 0.154896369797357 0.284582106409592
-0.10549925712719 0.0388644190077954 0.353890106507943 0.197641113145383
-0.103768118952903 0.0773141423778396 0.45830386770966 0.0256199087278343
-0.0998638565550068 0.0782392717652962 0.45871094790022 -0.0777584122569382
-0.114342864326293 0.0723838657331537 0.451744217212953 -0.000436477772809209
-0.114440434024446 0.0127555629082161 0.342511437022543 0.121628835001635
-0.101279125588866 -0.0798254274659559 0.165117251003881 0.175443553536355
0.0160085683791598 -0.15134887656077 0.0914743205933157 0.0558799091233945
0.120797943732433 -0.0552712209429779 0.171467003146516 -0.0188802359803481
0.0813048483056675 0.0555743504205093 0.42533738584481 0.147007327106197
0.00635327994512318 0.096102532812411 0.519750822620619 0.559843555979097
0.247509344923282 0.308916104586232 0.34764817248706 0.153906927454776
0.331290533733475 0.11420139020158 0.199486267422099 -0.0482124864725489
0.308399731442218 -0.168275056744924 -0.0963525651774998 0.0088956073464371
0.0810596266435085 -0.322654217679808 -0.0819391999541982 0.169356031939727
-0.187190758364964 -0.213663523387944 0.10769146280012 0.289444365969832
-0.238717300925843 -0.0394975371307073 0.296224516771686 0.208047148086975
-0.273922878103832 0.0521272028264152 0.395597198839635 0.0596808877048289
-0.28032557800914 0.0873248615395928 0.391690096380171 -0.0446071659538689
-0.302654342638537 0.0710088783440374 0.385800478926763 0.0107275943187634
-0.261496978917805 -0.0577949319842244 0.267592532562151 0.109487617343038
-0.206493304349312 -0.223448720609818 0.108703951474557 0.14276075039794
0.056838271358652 -0.366809905661582 0.0628102338220189 -0.00561466186578865
0.310704321334637 -0.211292458102067 0.176242573017264 -0.0657020946464357
0.32947884147528 0.0832669453261557 0.447498384752571 0.108121989407267
0.242111455652631 0.274404243863294 0.538030792447546 0.48417574473439
0.441424432152538 0.433603539434522 0.249826960571897 0.0221732191782095
0.527882095268402 0.151107823013296 0.122808856298515 -0.0903643823238588
0.484999262173553 -0.257024073228789 -0.123264050291326 0.00225694235821771
0.155976824944443 -0.486100200191069 -0.110150682867565 0.134220627337814
-0.243021735442735 -0.360380859048323 0.0572912499588168 0.258529612689087
-0.343331035822805 -0.118992297852953 0.202479711388976 0.184789216564004
-0.404403536345512 0.0141599918884215 0.273336236124755 0.0802734372426765
-0.418065084605177 0.0831320335105128 0.265502267067788 -0.0051941976679724
-0.444230884971785 0.0645410320768155 0.259744958477804 0.0248045646580604
-0.375333070253009 -0.108862435264924 0.148731451475282 0.0856690017173409
-0.298062608640864 -0.326706278446527 0.029113600321017 0.0907880134343205
0.063773476052312 -0.540077367563149 0.0185723397987489 -0.0716587078328492
0.443684615648363 -0.361472908884175 0.160051860523293 -0.112840931012445
0.532296329798467 0.0722166891133172 0.414065724012816 0.0596791140977399
0.447891276522596 0.399526618375757 0.474613524319096 0.356659499971709
0.583484074821574 0.495673888099295 0.106026207127486 -0.144399935385005
0.673541346823131 0.157627393410129 0.000192838276923245 -0.142005712077314
0.60748959407637 -0.332959242756611 -0.154544586550529 0.00113139801873205
0.202128077975393 -0.604404721104117 -0.127696896889228 0.0892814446038523
-0.27878986643729 -0.462454334417095 0.001436463067214 0.189738820532425
-0.402817666326805 -0.181840178922946 0.0782134330112053 0.127338940175923
-0.477845557531176 -0.027047281691179 0.108951611655597 0.0852101480833021
-0.493133592230313 0.0675091664929731 0.0990530684847766 0.0361587089912392
-0.516940213807458 0.0523838595077104 0.0954700613356404 0.0409073332348853
-0.432928308409553 -0.142032356807008 0.00277465880657585 0.058155783812539
-0.349608778003833 -0.376063565164984 -0.0674602354010142 0.0283964630974871
0.0567528547965841 -0.632974660960128 -0.0373067427632521 -0.13271287185264
0.501833578668976 -0.460640544387915 0.124473582845016 -0.145380637543505
0.6465163690151 0.0415435322788103 0.322919147212107 0.0187259987374694
0.581857513851482 0.456919919688056 0.343224627534176 0.201111028847978
0.647670197225462 0.480323114755479 -0.0708149162825442 -0.319772737758891
0.725501357514089 0.126105110401498 -0.153454454725989 -0.192265401078456
0.632223477566538 -0.371050953427675 -0.182816757297339 0.00135862306172746
0.204454611341397 -0.632465289314642 -0.134726886750566 0.0331372634994108
-0.273422065669739 -0.485397908411381 -0.0610470589946063 0.0880987449706215
-0.401956972906686 -0.211984167346004 -0.0634336978092785 0.0475784660867873
-0.478438169897302 -0.0632677658237711 -0.0756443572611627 0.075778177119485
-0.492294108431813 0.0396011569607174 -0.0822596455678863 0.0726986460442608
-0.50930665173797 0.0246850776205232 -0.0830874073085391 0.0568054607749855
-0.417906402807821 -0.157073241560714 -0.147201344607901 0.0274704201161468
-0.330770006854164 -0.368106688978811 -0.161054566263866 -0.0392282389183393
0.0569741104175351 -0.611031794337615 -0.0858072739904209 -0.179232290238015
0.487213828610688 -0.459219220316317 0.0843813328657313 -0.155467036755645
0.643031564205889 0.0248805124750593 0.197487615678388 0.000316747929932139
0.612108781830639 0.44629574139866 0.16561081582557 0.0467020418949538
0.615747323724613 0.386310981112173 -0.254298473373028 -0.470507728876041
0.646378053973833 0.0651757165369042 -0.306133515178145 -0.225438232868094
0.536799939109916 -0.335233976002994 -0.19645484482409 -0.00118279741570051
0.169045738517538 -0.535936903439138 -0.128232139939356 -0.0276786200966546
-0.220905534003582 -0.415626716789697 -0.118768661371993 -0.0248659506328105
-0.33265935209869 -0.200683314061733 -0.197832402086947 -0.0382388891751997
-0.402639081821369 -0.0877544521651062 -0.248931087652462 0.055080636236934
-0.417344157340008 0.00427477883483351 -0.249958055116481 0.0976065943132096
-0.424469427200025 -0.011924565411146 -0.247243410393306 0.0647107092749249
-0.33412437165844 -0.160762667591532 -0.272690881234691 -0.00936766471950643
-0.242892978851941 -0.313714585188413 -0.225544255826036 -0.10794737783165
0.075802741848204 -0.482280383811695 -0.105248645930759 -0.20738292716449
0.404880452091458 -0.35694065453073 0.0572462841526249 -0.142365239757581
0.524482702485608 0.0284651206090796 0.0693663415722254 -0.00230470551062296
0.535177808640068 0.376917417178287 -0.0171879691072223 -0.0882488149367334
0.482402093095876 0.226706659803802 -0.412723006253259 -0.566635918267593
0.45190703268198 -0.00390866298955213 -0.42645440017232 -0.233598629802496
0.342216306035908 -0.237494372678601 -0.193101216090962 -0.000297979451637645
0.103320697131961 -0.336896323268014 -0.109335107205815 -0.0719078760327907
-0.128104237580547 -0.268260970827125 -0.15500038906753 -0.122168856252446
-0.206043515787701 -0.153631448125698 -0.297365535520532 -0.1114920526871
-0.261419708502504 -0.0964060539917495 -0.384219735244511 0.0284876902807502
-0.277434006200194 -0.0320653651596565 -0.380444515426447 0.107969993311717
-0.277170000478139 -0.0496843387186184 -0.373399572039992 0.057894370897359
-0.20213866573112 -0.14508000793411 -0.351107691803279 -0.0551578135917788
-0.119864146185036 -0.21900295385443 -0.24442095434621 -0.172433750201203
0.0890904808042561 -0.287185422469702 -0.0893812985103603 -0.215244329059726
0.272122653076657 -0.198191305540603 0.049877483631535 -0.115453637472137
0.333500965524229 0.0340765722867382 -0.0348185191055922 0.000293434336603714
0.380154005634641 0.254177243095757 -0.171477198040363 -0.192155605026584
0.272426891101198 0.0343957672602617 -0.521859058129655 -0.591726246176444
0.186504544485767 -0.0708335879500168 -0.50311246757578 -0.210640309493543
0.096206546312092 -0.104875356689687 -0.180203536589902 0.0143404938282647
0.0228414317108309 -0.0926385713662854 -0.0811524138056298 -0.0830948087826036
-0.0166203741821991 -0.0839312562303202 -0.162150516998176 -0.180943868225812
-0.0455443499726865 -0.0838027274565234 -0.345386626783522 -0.157975093177442
-0.0780062937701293 -0.0898456684322579 -0.458184102460003 0.00142949150338062
-0.0950236752093316 -0.0636748182172964 -0.454105530390283 0.101112248910023
-0.0917346650946137 -0.0773358686215295 -0.442890916082835 0.036122521908691
-0.0500123320450986 -0.103403970576595 -0.374554947665499 -0.1013931008281
0.00239318808474584 -0.0959766229056274 -0.220672008626897 -0.22353882282139
0.0725041813592369 -0.0760708077588916 -0.0495706270424192 -0.203046652232556
0.102456630788039 -0.0421231656596128 0.0535503908497246 -0.0838558725675479
0.114874835962888 0.0173074345950933 -0.105851392357153 -0.000419042404350338
0.181395775101602 0.0918812105907895 -0.278443226845216 -0.254351947151077
0.0321462204897648 0.151978627198683 0.407433968795795 0.228331161998773
0.116835305649511 0.0606362995579894 0.232116389317701 -0.0266077798893699
0.109100474404533 -0.0763142232051927 -0.0737381943742745 0.0274544285255664
-0.00351716105257144 -0.139944668356818 -0.0336644904528563 0.199772162298815
-0.112498026174978 -0.0510149313847643 0.170119813556019 0.282586038695125
-0.103271481868575 0.0418801052782623 0.368863894303801 0.187241852935513
-0.10113246304089 0.081978712477447 0.463712001260392 0.00693656997257867
-0.0969573706219467 0.0839105065692123 0.459057064520998 -0.0997057556050856
-0.111471931812687 0.079231905602389 0.457760080878096 -0.022351009988969
-0.114179207230927 0.0172432837611175 0.353605628275804 0.107455390602415
-0.104917117188162 -0.0763434522761216 0.175650552899479 0.171707843759016
0.00951716386674968 -0.152824901680869 0.0924089041060471 0.0538203015000895
0.119417191701966 -0.0608212850355224 0.171074796848716 -0.0219838656827713
0.0831890178211661 0.0532427764918613 0.435553481424358 0.137476509969038
0.00876744373739646 0.0952221658672363 0.544529232117574 0.55195856724223
0.261525248173037 0.302660965027457 0.356238649435567 0.146825292459449
0.338089412417377 0.1043079769684 0.198733318877338 -0.0533908493643214
0.305374882840739 -0.180790872524833 -0.0971101415670262 0.0129550790652472
0.0714677885339195 -0.330073690900203 -0.0768426163835695 0.173695159549587
-0.195807980936465 -0.209728421047404 0.122477100045189 0.288835669583754
-0.241746384385167 -0.032173901222372 0.310269298641112 0.200142802134937
-0.276258999884999 0.0624398618972812 0.401342993532493 0.0440420808844393
-0.280534293593736 0.102287039698969 0.392546068455342 -0.0629862390274397
-0.302785890414722 0.085279035201538 0.39065538553998 -0.0081718999994434
-0.267328383234515 -0.0502484320729815 0.276461384072303 0.098462174121536
-0.216562698266625 -0.218032058138898 0.117127777066883 0.140550621988375
0.043116018824715 -0.374861212769413 0.0614254817168149 -0.00692374571295619
0.3069783705745 -0.226867982663475 0.175592324610361 -0.069909162258419
0.336967455715681 0.0725693014214368 0.456145947168022 0.0956054134336491
0.255791688466844 0.267666691473424 0.559687622809375 0.473017602997237
0.461728343867618 0.420626484904859 0.253043814282904 0.0162727689915215
0.537902712315956 0.13726916880095 0.120685231775885 -0.0931512779394382
0.480670946075098 -0.275070247160698 -0.12345930333651 0.00731231904477591
0.141818391257561 -0.49917545489262 -0.107492200904963 0.138414977444996
-0.259481267480693 -0.354746568535155 0.0716863966186229 0.259410010649175
-0.351196219754837 -0.109060588368415 0.214213156774715 0.178632097797669
-0.410375345200363 0.0290237795899927 0.279502793910236 0.0691565345968733
-0.42071099759441 0.104758847953677 0.266131535211768 -0.0180177847206158
-0.446532305522101 0.0856065153204946 0.263676724547195 0.0105727703109768
-0.384382604634166 -0.0990957292418835 0.154967269743725 0.079111551783493
-0.312756920187424 -0.318879242836922 0.0340450151140367 0.0897476075155607
0.0448718392945585 -0.552782187498937 0.0140129098896984 -0.0717680833639946
0.437239552737836 -0.385637854616116 0.15825928784326 -0.116867674574972
0.543033315099402 0.0553571520314871 0.420220691715609 0.0464111708333374
0.4703657085606 0.388696526236257 0.492693603193946 0.346435100701672
0.607142029256499 0.480162956642282 0.103373784753078 -0.148836249866174
0.687440534287481 0.139089474942039 -0.0038405625086526 -0.141967467249082
0.601736951473046 -0.358117607558476 -0.154913468095818 0.0078090326402951
0.184906040399632 -0.621600328506485 -0.128014413051452 0.0933322235525627
-0.299223869288544 -0.455800527131438 0.0123697132816525 0.191012532016376
-0.416378179010183 -0.170192728472001 0.0852847947902979 0.125806584121173
-0.486988928502827 -0.0102381778881569 0.11323676956707 0.0807403519131385
-0.498843400546525 0.0932998340097502 0.100893939237115 0.0304692586318046
-0.520988497026869 0.0752610212250072 0.0973512759896137 0.034475280377085
-0.444609558626871 -0.130531869397796 0.00517238165413663 0.0572589270491834
-0.366096895956003 -0.368177159091845 -0.0665554438151879 0.0295126477389145
0.0332259700147734 -0.646140112649474 -0.04343922040477 -0.131461964951515
0.493094174871984 -0.488136037323598 0.121615429110898 -0.15059618757867
0.658448929501075 0.0227631443736812 0.32831744392355 0.00680007006874617
0.608474117991427 0.442166163813619 0.353796281431849 0.192669706223422
0.673751318437561 0.462205444651718 -0.0817325055681692 -0.321884430644209
0.738781171791164 0.104179180798746 -0.160190536144851 -0.187733455762588
0.625030073037154 -0.398175153604115 -0.183938716693826 0.00887449788497661
0.18734119178988 -0.651431494494354 -0.137653192753721 0.0366104642202922
-0.296910566858076 -0.480729342953107 -0.0548781501286205 0.0907918910293758
-0.416831469256251 -0.200039211592956 -0.0624277804367718 0.0500655241719335
-0.490154166079902 -0.0463560677464074 -0.072478877554511 0.0785612127536064
-0.499379210369042 0.064132326728596 -0.0791716297606 0.0749984343792598
-0.516197994522381 0.0488545387308753 -0.0822386348405997 0.0590830180653578
-0.430961091584836 -0.146260350053033 -0.148760767089548 0.0333001307502674
-0.346551229557351 -0.361207341435676 -0.164077601581417 -0.0353281393843787
0.0337020364566982 -0.625724284235303 -0.0943217174324192 -0.176554454166251
0.475515728601201 -0.485319399139536 0.0815468005603598 -0.159738173287027
0.652364581937173 0.00403608971773431 0.200403164756287 -0.00941435583507026
0.640033524105317 0.430407721771943 0.168505668687744 0.0406062118746248
0.636898817182173 0.368540449615949 -0.271869714977094 -0.469667617390387
0.658615524383684 0.0476203348682215 -0.315792838773507 -0.218154906294269
0.53148893585017 -0.359551502857721 -0.197358100419579 0.0066742924048394
0.154553941030718 -0.552950572146989 -0.132989249392038 -0.0243155278444596
-0.240350226924864 -0.412407267409957 -0.118464024749628 -0.0221066470507704
-0.346509223064735 -0.191761816092142 -0.203320952827575 -0.0316606715744397
-0.415227382122391 -0.0739319795154384 -0.248811658008802 0.0652845642290262
-0.42426190248361 0.0246601952691265 -0.247063812137904 0.107352063170813
-0.430923848681003 0.00751718095859446 -0.247268300363021 0.0755032578766327
-0.346129080175607 -0.152280280840251 -0.277158271162321 0.00103555318144446
-0.257487714126517 -0.309007637220173 -0.232419943473947 -0.101559230740099
0.0582123745515888 -0.495579388569839 -0.114025777387333 -0.204431021138243
0.396173805713514 -0.378933975798037 0.0540434783204995 -0.147349104180471
0.533953239574442 0.012408157477358 0.0709099758646879 -0.00861314813969769
0.560497688732346 0.36117907154517 -0.0221068230626623 -0.0905768869982613
0.499091927982652 0.212605238265625 -0.436284520151442 -0.563536320914066
0.46031789842893 -0.0149978598039235 -0.437593699895301 -0.223226257233421
0.337945927313417 -0.253369345228101 -0.193928519190769 0.00738082142711904
0.0942822711197935 -0.34802030831948 -0.115276324854426 -0.068928084593759
-0.141271171111458 -0.26642372217237 -0.160604565734719 -0.118826506135865
-0.216075460995599 -0.147814964430547 -0.307487728717543 -0.101927990553682
-0.273435626143635 -0.0865578416135022 -0.385339823364406 0.0448431458574348
-0.284611076413395 -0.0193669920038754 -0.377036868325042 0.123992349765413
-0.284288394367922 -0.0380134186052258 -0.375221139121193 0.0754566496946964
-0.212946374479038 -0.140343094611639 -0.358090982114956 -0.0406606416891274
-0.129579793543701 -0.217112586507954 -0.253952662910654 -0.166345207127118
0.0790048021635315 -0.29798171865026 -0.0981311344792552 -0.213234198122898
0.267627823174852 -0.2132498843309 0.0477826799629474 -0.120762151061292
0.340563836438172 0.0236023341019421 -0.0344113929051491 -0.00275231288700433
0.398725125651146 0.2422262255078 -0.182372512118165 -0.190801343461673
0.277275242894901 0.0260675566435528 -0.545718839415911 -0.585932811841393
0.189541668687065 -0.0743114023446838 -0.515388692167006 -0.198109909020983
0.0949451007364806 -0.110177885038622 -0.181515619727313 0.0216885761334786
0.0212153499878778 -0.0971164558631819 -0.0872826541827718 -0.0806258366866854
-0.02108832387974 -0.0839263505585154 -0.171764785466522 -0.178582768374258
-0.0508876832724331 -0.0824985955539551 -0.35863747140026 -0.14793202605139
-0.0853846019463028 -0.0870039545683341 -0.461811735343921 0.0206817348360643
-0.100580925515794 -0.0592050328322582 -0.451101319080609 0.121315155440735
-0.0978999296167848 -0.0744312009435261 -0.445757147655052 0.0570200393084587
-0.0566750176871583 -0.103424242305185 -0.383357645985753 -0.0853504506939143
-0.00123461355913954 -0.0976038591035868 -0.232107144425928 -0.217585223823473
0.0699712082383672 -0.0822073391569505 -0.0572883241994555 -0.203305517020394
0.10210498866897 -0.0480890897675285 0.0521851772424142 -0.089079812740721
0.11881755655287 0.0147484151682564 -0.106025508482315 -5.32411467904413E-06
0.189731761710769 0.0875323944265229 -0.293397694541375 -0.249578532272818
0.0400493218488416 0.152149636293785 0.426552134107539 0.21396142455928
0.120410404149779 0.0547536517585576 0.233472331665026 -0.0371755521953677
0.107228133820186 -0.0822903891196925 -0.0738782698533325 0.0323557127099091
-0.0105176167419004 -0.141829833064232 -0.0220165599837734 0.204579851288321
-0.115981449008919 -0.0463136962578633 0.191917420157434 0.277760529062253
-0.101209159923133 0.0466295269129965 0.389921257381221 0.168789625067838
-0.0983778942684404 0.0882176438512619 0.471584219933865 -0.0198163038888425
-0.0932635428117151 0.0914537994254092 0.458523614608548 -0.128033601174993
-0.107440471605034 0.0880835432987878 0.465394223718389 -0.0529757127383792
-0.114781196103023 0.0233119290570432 0.368082433310349 0.087269617313715
-0.110262551261731 -0.0710028136904195 0.189841039662065 0.165953741971778
0.000925985324220625 -0.154460205498279 0.096364062268981 0.0503982247774331
0.117515673776762 -0.0691762900570479 0.171586275941812 -0.0275977788420875
0.0861717120026006 0.0486671115476686 0.449833940043525 0.121151104664092
0.0128542672987891 0.0946490889575822 0.585368972452133 0.536688365045968
0.281653345191499 0.292452521901432 0.371097013993231 0.134828762351312
0.348119518684467 0.088715841322932 0.199090998825979 -0.0624997333721515
0.29916048828131 -0.198260668943599 -0.0969932481477502 0.019166670257933
0.0561196869877857 -0.340890057114518 -0.0690326432835393 0.178995588207621
-0.209867519505769 -0.203330124317782 0.14485141805506 0.287016552820938
-0.247538775002791 -0.021930592393393 0.330331368459614 0.185418437760884
-0.278578061719792 0.0781451538547286 0.411183296297171 0.0206658140094762
-0.279512397366825 0.121702850609642 0.392592866043514 -0.0880914855627121
-0.301737107417655 0.106813286790259 0.396903671072697 -0.0357137939288571
-0.275205352515414 -0.0384917701321736 0.287956210116736 0.0826124460373156
-0.232394784854114 -0.210188677426317 0.128955844667211 0.136195220970847
0.0233126244297804 -0.385170337859647 0.0606600272237841 -0.00898673777133776
0.299683486781672 -0.249213279147887 0.175037056063595 -0.0762214266112213
0.347338861596487 0.0565844011759646 0.470036311772432 0.0765241210606298
0.275501767317341 0.258124132262901 0.596322230813383 0.455537469181081
0.492642583020041 0.403284725022354 0.258695609967481 0.00559106784252951
0.554846708743107 0.112931252956117 0.118241472366999 -0.0989143733927409
0.473023494750518 -0.304311744135917 -0.12277866088944 0.0141762712234064
0.120160504116767 -0.518684944824538 -0.103637789121664 0.144615123139067
-0.282643553154227 -0.34742538502984 0.0912902979444531 0.258904712261133
-0.364111119655071 -0.0941407063810815 0.230269902568112 0.170093157694151
-0.419475167678923 0.0517611655499201 0.288635673064622 0.0538049548274701
-0.42274113692943 0.133731231442446 0.268186950254152 -0.0354352263210191
-0.449188648116868 0.115506762920268 0.267901107119373 -0.00869117571200594
-0.399621740990643 -0.0817753938169113 0.162264962407702 0.0701464959144319
-0.33582669893184 -0.30826900028107 0.0407498362441951 0.0886861894046138
0.0140903431719265 -0.568344176258125 0.00976983963891107 -0.0729099682815019
0.423821865803904 -0.41836349812937 0.156338600074377 -0.124782134522184
0.558079811806282 0.028619683065152 0.430962144690505 0.0253213709996204
0.501766982348596 0.369746611808008 0.521559559467076 0.328257307940911
0.643515906859052 0.455209428046367 0.0963268271731067 -0.15545557920127
0.708442594256583 0.108356279801431 -0.0104128469538363 -0.142592856477126
0.590132110592747 -0.396361980106008 -0.154936460539582 0.0169715798381281
0.156821821472838 -0.648137020882763 -0.127493624198682 0.101155159947533
-0.329082663585563 -0.448977962289171 0.0267762508410335 0.192754442218216
-0.433824002708102 -0.15280839368667 0.0948249574688998 0.12299759127959
-0.50076260058234 0.015899305492499 0.120579757880594 0.0751689563667845
-0.5018999511066 0.126484339676836 0.103215183110856 0.0230235943284789
-0.526942328209399 0.109210657350312 0.100389706330266 0.0267786030464206
-0.462705214412702 -0.110482461518742 0.00777903688574803 0.0566081488502232
-0.392227792350929 -0.354255572727046 -0.0649200716297271 0.0324685858030437
-0.00196276946623781 -0.664908490913027 -0.0523932597179171 -0.130399690963024
0.475526218020751 -0.527207729927141 0.117212465892043 -0.158133936359908
0.675836212438729 -0.00972635705247913 0.334443254990194 -0.0115380430762461
0.647285149540218 0.417252820736676 0.370537198155398 0.178061824459325
0.710284045594664 0.433855483036931 -0.10023557720303 -0.323691174534639
0.762122767110638 0.0720615979930471 -0.171460089761548 -0.183344258655015
0.614181923841944 -0.437274486660006 -0.184158543017679 0.0188690934201958
0.15735569537921 -0.679080852878965 -0.140703615358041 0.0443022541064472
-0.328406781250526 -0.473018938453711 -0.0476372941213381 0.0936759915666373
-0.437779033420032 -0.182878310863128 -0.0615826428776542 0.0541473684324847
-0.506598895528551 -0.0196086866773529 -0.0686283725319375 0.0831768727561465
-0.50736029093868 0.0980533287528746 -0.0762232064333138 0.0792865042239383
-0.521410703522711 0.082001439711532 -0.0811900917083835 0.0630838377115219
-0.450487688279525 -0.127650110412889 -0.15065282365111 0.041955801869921
-0.373345144808956 -0.349592189038708 -0.169055844896483 -0.0273983288105522
0.000298662248974388 -0.64380834581323 -0.106020831428287 -0.174036948549979
0.458333480465016 -0.524235783571264 0.0754775049667025 -0.167573243521564
0.669171491354129 -0.0274087179174848 0.203566902796935 -0.0237522555745
0.679906715694023 0.40571345921681 0.173058530771135 0.0314059151997284
0.670042618869137 0.342512244992226 -0.301096768455438 -0.466322328726292
0.679074112332812 0.0180406788641709 -0.331394926339504 -0.207391003363205
0.52225250150511 -0.393905459846546 -0.197902177027005 0.01718937373809
0.130394438737885 -0.57642276788286 -0.139721823328732 -0.0178200807718462
-0.269113515739214 -0.406535276767824 -0.12029429455724 -0.0176957149643366
-0.366577322871867 -0.176284632459372 -0.21105522890032 -0.0220420230031791
-0.431357874122778 -0.0506257249569865 -0.248357363442204 0.0797835586138519
-0.433677648972673 0.0532202517960266 -0.243663920142061 0.122404935482765
-0.43890697617571 0.0348237148926676 -0.248019819041509 0.0905865959232636
-0.364844178476418 -0.138009056295007 -0.28333421256223 0.0181381042082444
-0.278662578202188 -0.300275367040003 -0.242328225889384 -0.0913245013611965
0.0318723297526637 -0.51249524878544 -0.127212268259461 -0.201083352469734
0.382931853644173 -0.410541979887412 0.0489552794658758 -0.154366415881329
0.548548474565648 -0.0140617612975668 0.0716435686398898 -0.0164988087074754
0.594043930456503 0.33799304240782 -0.0292377416705743 -0.0925749322227509
0.519860469140742 0.191503870221844 -0.472316979126206 -0.554804501436654
0.471304856941583 -0.0351665759775768 -0.456153079326298 -0.207333220094663
0.331594563242167 -0.276108947218917 -0.195502401647435 0.0174798781864142
0.0794182934819128 -0.363501612574344 -0.123657767028564 -0.0638751449435352
-0.159633218072109 -0.263449121130672 -0.170569907267288 -0.113815905686122
-0.23119451659873 -0.138247431864487 -0.322260589277699 -0.0870297204200031
-0.287059610182222 -0.0721174657553022 -0.388868034678153 0.0667353149712657
-0.29378574828235 -0.000221423607668997 -0.374415839326462 0.147506170729367
-0.293208776002322 -0.0206729748640179 -0.376380081880115 0.0995514248803273
-0.226874556140429 -0.13287384175078 -0.36787420647949 -0.0196780870008235
-0.143064004994976 -0.214608427019643 -0.268551907427651 -0.155513623170244
0.0632607324048393 -0.311168213646167 -0.110904982477991 -0.211894187362357
0.260665462227829 -0.23384858295508 0.043158050093207 -0.127948237973288
0.350459663787097 0.00731809617918754 -0.0349844494844057 -0.00435854388952709
0.422701984851298 0.225396904185149 -0.198132293307337 -0.1863697019012
0.284183738670241 0.0136020659660747 -0.58408289143829 -0.572872344287567
0.191696830537262 -0.0831974948737632 -0.532647451384576 -0.178698647252947
0.0923095163350063 -0.117426273515837 -0.18355686050928 0.0310154333013202
0.0179017980199881 -0.101099371256142 -0.094300602909424 -0.0763674885818522
-0.0268432894027007 -0.0835310203798677 -0.18628137571045 -0.173559929147449
-0.058219503764403 -0.080432367597485 -0.376986241407958 -0.130167252815901
-0.0945251609656989 -0.0831024679019119 -0.467613185735603 0.0468779282795936
-0.108118932921453 -0.0533112784437197 -0.449009615225298 0.149396866903699
-0.106228068501303 -0.0695091074620195 -0.448693659466164 0.0861464567972143
-0.0655527401333705 -0.102301583976313 -0.395619350937892 -0.0633959384400324
-0.00715779064222168 -0.099874562302066 -0.249629204322653 -0.207866604607645
0.0658539615006667 -0.0904411674594741 -0.0681049033178845 -0.20355808187096
0.10044702609799 -0.0564673735088594 0.0482950683195695 -0.0966251543448033
0.124126394906803 0.00892159470240799 -0.108207409367144 0.00251051390696611
0.201160303457465 0.0791236295051033 -0.314650293606658 -0.240625614734978
0.0497362163134172 0.149361018290277 0.446490154677405 0.190028881691897
0.123253279750965 0.0463618283433124 0.231373024775309 -0.0501731858504303
0.101762725233887 -0.0899848324753897 -0.0727152784377129 0.0386988452955856
-0.0200119563134925 -0.142261783248332 -0.00730425971264018 0.205534164874993
-0.119107855710938 -0.0391330569656412 0.215464389313326 0.26471024829459
-0.0972220066454241 0.0516272769967956 0.408846220181266 0.141142968251515
-0.0927704387928635 0.0951894502103059 0.473271386288227 -0.0555078394934976
-0.0865339219037179 0.0990104338511199 0.448036326778032 -0.161989203719915
-0.0997535189459255 0.0966752884403229 0.463164236902647 -0.091953704603176
-0.113068839766813 0.0315667682160762 0.377782087753825 0.0586959317508475
-0.115987335663358 -0.063857890833578 0.204733163282607 0.153748371753085
-0.0109264241522847 -0.154622397307953 0.0990435580225993 0.0449884119110019
0.112329970957362 -0.0781085564700639 0.170844738089471 -0.0356054666136364
0.0877308654124109 0.0433467778051147 0.462290856804934 0.0932363785107577
0.0175212516704351 0.0931531701975224 0.626799424308272 0.502691365901555
0.302772114737443 0.273506372982946 0.383197530825838 0.1127886970193
0.356093164759162 0.0654790976565117 0.195847826793497 -0.0736071244432678
0.286526187392724 -0.21959843638615 -0.0953113929548564 0.0262814568542242
0.0338291561479568 -0.348435216521401 -0.0572152284705092 0.183065999800441
-0.225133533469293 -0.189841993099611 0.170016249190208 0.276805797440325
-0.250624088750847 -0.00680630804998004 0.349721703027173 0.162299896354807
-0.276823141842263 0.0988684254391387 0.415617781873642 -0.00970287515734379
-0.272516767150103 0.144738041169418 0.385427022534868 -0.117870673149381
-0.294361836391572 0.130692799965206 0.395089909398473 -0.0689830392351608
-0.282226511700701 -0.0196812633746739 0.296851494498548 0.0596156013901808
-0.248548354158508 -0.196173866214336 0.141095487716606 0.127853911664159
-0.00446816699450285 -0.39086386305678 0.0594971649651191 -0.0128542517878905
0.283793488577165 -0.273450211706247 0.171212468434009 -0.0859187918273205
0.353961705298155 0.0335593178960646 0.478269295720159 0.0466117321436236
0.295622021887036 0.239293188164465 0.631308029939725 0.420331284855064
0.521917594052519 0.369156627734082 0.260246344425938 -0.00813297549357764
0.56754661357608 0.0756265718269091 0.112142729210514 -0.105406047618061
0.453516299571135 -0.338296693826761 -0.121039714930505 0.0236182280072654
0.0865524124770857 -0.533247101035136 -0.0956957470710052 0.151584883192841
-0.308393505383815 -0.329446701699962 0.113781446834165 0.252224205416051
-0.373584910988273 -0.0713045513987247 0.245851469376859 0.153984861787263
-0.421101768768369 0.0830543846351319 0.294863063158954 0.0315188466997501
-0.417060276399712 0.168478347600486 0.264315786589225 -0.0564347946350859
-0.441794797812411 0.151809081684294 0.26790600763178 -0.0319866029082003
-0.411034751789636 -0.0562154863897785 0.167968652366896 0.0569892093834862
-0.360680414949529 -0.287139766940749 0.0490096052420823 0.0855564731201566
-0.0254941712014119 -0.576636484585365 0.00385082809550569 -0.073917037632434
0.39686449157537 -0.453540258640045 0.149762726314598 -0.133932399065282
0.566281920013512 -0.00895309069216154 0.434420223090543 -0.00222189980124418
0.533443986948143 0.336805188802211 0.547782264323356 0.295211457260788
0.678877494413472 0.413140737233028 0.0861683442871084 -0.161506361703705
0.724021949436302 0.0615920437866372 -0.0201329840955376 -0.141972559323768
0.56392731097921 -0.4377003032648 -0.151652516557798 0.0279434176568439
0.114278612752377 -0.667984542819458 -0.123901681579918 0.109978874501773
-0.363095031972455 -0.428360603252144 0.0444779763068124 0.189603891916563
-0.448724666294869 -0.125029061974486 0.104381366565293 0.11667980081014
-0.507838609211348 0.0533418784166529 0.127609825512233 0.0649540036573869
-0.497853845692329 0.168009442583091 0.104097907398775 0.0144247268466906
-0.519756482891931 0.151673929385689 0.100668690063154 0.0160965826357558
-0.477311647526972 -0.080139450722412 0.0106991859717115 0.0559727664785751
-0.419103351482061 -0.331125348224578 -0.0626335297571269 0.0361067616726423
-0.0486560942666936 -0.67468360479126 -0.0618013881563477 -0.128104767700058
0.440761807229746 -0.56731058844948 0.108675977239871 -0.166694212198899
0.680565042243799 -0.0565559638027018 0.334873068226823 -0.0344130434938523
0.683317160157495 0.373726102909609 0.384798591211945 0.153082211328869
0.743830874173684 0.386158931809447 -0.123467174446403 -0.318193091921905
0.774706663456406 0.023505733901131 -0.184524311398159 -0.172712948062145
0.588600314119895 -0.481718983781173 -0.180936294437416 0.0314064024376592
0.115400287567633 -0.700175324998013 -0.142228030840547 0.0538957411945779
-0.364706338445471 -0.453463785565369 -0.0388657535210462 0.095987320619111
-0.455300605591104 -0.153665991121226 -0.0596679552786622 0.0588939960901148
-0.516857971923829 0.0186679318464153 -0.0622556085051042 0.0871160326702005
-0.503506609714462 0.13891932295936 -0.0718220000449261 0.0831688363497972
-0.518520223449552 0.124506102162489 -0.0779774128483049 0.0675821777386134
-0.465830289175858 -0.0986082686181839 -0.150108859765275 0.0534597277299744
-0.399089520990674 -0.325973812026804 -0.171951497259253 -0.0172699992243644
-0.0460471933937371 -0.652771827207977 -0.118046106472191 -0.167953486230357
0.423991650716365 -0.563135747701338 0.0657294107650447 -0.174630407192262
0.675421263893412 -0.0744163775017509 0.201663727223659 -0.0393082073189599
0.715638771332252 0.35837672529764 0.17510619986006 0.0185210009838841
0.696932300772151 0.297847040226547 -0.336421392936787 -0.450636799215013
0.687204176553096 -0.0246555528186021 -0.347138849681733 -0.187636711745737
0.498418486566294 -0.434580577869181 -0.196634816236405 0.0303596232175976
0.0939256260549131 -0.594983044215975 -0.145015356898853 -0.00775598527788647
-0.300761853495847 -0.389439616840835 -0.120789093577827 -0.0105952411253804
-0.383577681295892 -0.151753324282003 -0.216718489260253 -0.00631724023966175
-0.443512453993231 -0.0179142585978135 -0.243752906709656 0.096790214486391
-0.433546389250498 0.0885333127990709 -0.235935378321451 0.138278870914856
-0.439919444484887 0.0702120186959763 -0.242806712194925 0.108811574851767
-0.379894057756317 -0.114252260229739 -0.285323255556919 0.039910817647918
-0.301507294320392 -0.284064936296976 -0.250210775998441 -0.0762517537541541
-0.00546658131692066 -0.522580466099952 -0.142067792522069 -0.194130378698676
0.35579316518376 -0.443135147200563 0.0387727516074175 -0.160716100839948
0.554013717949501 -0.0521181539880168 0.0697141328766461 -0.0241141185786226
0.626816909543103 0.29710327358173 -0.0370562400821055 -0.0933078441424944
0.536228989061451 0.157276041318021 -0.51348881084125 -0.529494763990346
0.477014761686631 -0.0654276097894525 -0.472563788662237 -0.180767001872029
0.316214314825155 -0.300949295638773 -0.193888816468766 0.0304289948065058
0.0573281119617296 -0.375825910333559 -0.130609679743445 -0.0540491874244083
-0.18064471550984 -0.252982993156433 -0.179997682496304 -0.103199079035184
-0.244879855967355 -0.121961861487592 -0.33543769167877 -0.0637505689385366
-0.298441141742456 -0.0504902068885849 -0.386524230182516 0.0950380678959527
-0.297236466189795 0.0250812943512856 -0.363975962573142 0.174106277470931
-0.298220561202222 0.00294794044797872 -0.370016643724765 0.128614722397841
-0.240477013384388 -0.117460180493008 -0.372490654939911 0.00907748360390574
-0.15938599883871 -0.206418984544242 -0.281965899425263 -0.136785527882139
0.0399481870496874 -0.321255596359171 -0.125672322100406 -0.204905266721083
0.24401634491694 -0.255606823254911 0.0345735415940718 -0.134238821142326
0.356327097562951 -0.017108311658742 -0.0365065494314719 -0.00519493708827092
0.445561582373418 0.19735825324135 -0.21392555566099 -0.176517167549909
0.287964175056719 -0.00410471937160764 -0.62666680330296 -0.540735428023215
0.191055934207994 -0.0942916202109412 -0.549036020460517 -0.148321961344681
0.0864825552993866 -0.125170050248103 -0.181654675517909 0.0432238553332361
0.0121056309983673 -0.1057167349452 -0.10056233509575 -0.06860750591537
-0.0332606520754789 -0.0816216843825308 -0.201822474301123 -0.161824933740296
-0.065337469157984 -0.0752417827572892 -0.394891641761091 -0.103517296574986
-0.103880686707239 -0.075217571143765 -0.466853435701249 0.0822714279533626
-0.114221371434379 -0.0440422485274432 -0.437664290871977 0.182167841919406
-0.114972356262924 -0.0610513269630467 -0.443463842802402 0.122653155434285
-0.0757323575343241 -0.0984338847367584 -0.403398400667021 -0.0321037259547992
-0.0148069796956778 -0.10040661279497 -0.267042099004105 -0.190360895926568
0.0577645809749692 -0.0983759106757965 -0.0823362863550548 -0.199721699948832
0.0966469305826768 -0.0652619784437895 0.0415096363242687 -0.103831063564262
0.128685584436984 -7.97417530090695E-05 -0.109089241243745 0.00723873738975199
0.211411678853898 0.0649001478100719 -0.335547090489976 -0.222958516329209
0.0855693149367699 0.131416282766809 0.45652346505532 0.107120273800487
0.128452540252029 0.0166847200874986 0.211622245269138 -0.0816114837776245
0.0807495578557669 -0.104873681519459 -0.0608238768289282 0.0582645437479483
-0.0451716558810216 -0.128932397483396 0.0364389071421796 0.201519253479832
-0.114349099573289 -0.0135061053301034 0.261336421499143 0.21180508772548
-0.0731300449547298 0.0617210963444427 0.421217876327321 0.057796702772004
-0.0674805204836083 0.106325313748069 0.450748694196596 -0.14330743080848
-0.0632359236487314 0.10285273039255 0.400035624082317 -0.232476352994413
-0.0758623821252221 0.106012387043318 0.434049145719447 -0.165824767341592
-0.103956424247949 0.045887173625991 0.381668875958857 -0.00326695837334947
-0.121864609475661 -0.043220901663099 0.226291700478762 0.117816299709024
-0.0381691902557522 -0.150215771002131 0.103470128171165 0.0351970874048459
0.0933583841010663 -0.0968063490909855 0.159933548757345 -0.0550793608946577
0.0865757412269721 0.0238540074641022 0.469208137704897 0.0243429688170408
0.0327814131452655 0.0805432346048227 0.68094375532883 0.403554122117298
0.351789688848199 0.201370460255935 0.372589950796637 0.052350406329818
0.356378424337967 -0.0109482589589517 0.167769575331269 -0.0879784922859496
0.233758169182924 -0.265002990409536 -0.0809772763329896 0.0619514722446659
-0.0347293284624163 -0.339946355636838 -0.00848172038918846 0.196867236465783
-0.244109134647221 -0.139162384796515 0.227006273357903 0.228175998730223
-0.232358808996883 0.0331081220123285 0.370923889547615 0.0843855675099909
-0.250247689380052 0.147476417829261 0.41002132294853 -0.0919978518868355
-0.235220303121487 0.180886952216081 0.346960622003881 -0.183254729103833
-0.259303863891823 0.177228315550164 0.371313633807065 -0.134053980588148
-0.27924694882147 0.0262175966738345 0.304081533722299 0.0100847827370031
-0.273763707144672 -0.147830609777925 0.163842790722393 0.103354992381257
-0.0762693459945266 -0.384015564161314 0.0571902253953444 -0.0100950615646419
0.226311349171459 -0.31660546797591 0.14719501801862 -0.10105615417906
0.345146123328362 -0.0294517054056715 0.475478331797277 -0.0315932214342715
0.329271008544621 0.179149348344223 0.672769591184204 0.313202974613334
0.579370369709926 0.250162180458343 0.223518387215358 -0.0372938243912458
0.560687394207676 -0.0403894221003758 0.0781125452633215 -0.0955755442936723
0.371247564403649 -0.410938789381004 -0.103022063852879 0.0738707251731706
-0.0214416934530618 -0.530728166201538 -0.0444613361159046 0.181493606975468
-0.351533783620578 -0.25758074193146 0.175875193646551 0.21149030013335
-0.36491573704179 -0.00568268957512622 0.271618049946759 0.0921903241470915
-0.399354939285435 0.161786007094375 0.305899148105538 -0.0314982750325272
-0.371208134588842 0.230106215802424 0.240413664848795 -0.106099694575627
-0.399635530588211 0.226444412839085 0.251719272261903 -0.0790100507651974
-0.413838544244472 0.0162538501291823 0.17947831242364 0.0272315287866792
-0.398521209134966 -0.216251644064584 0.0691752206133616 0.0762207558607183
-0.131621244112856 -0.563547036704264 -0.00491613911110072 -0.0568963253977372
0.306551233113123 -0.510225782490816 0.114857578948616 -0.14252440348973
0.54640607294184 -0.105208135331631 0.421654423688785 -0.079809397544226
0.578559769064522 0.236793875425767 0.572099886454297 0.195694439177108
0.735091239356451 0.263397408283402 0.0240103394682684 -0.150004238516603
0.707732165593038 -0.0837138645056373 -0.0588081429904629 -0.101640662976086
0.46146235267625 -0.528121977839804 -0.129332538947209 0.0905798610329782
-0.022437674129055 -0.66859348128936 -0.0739620952045583 0.152105354231529
-0.424820047970947 -0.343798254506408 0.101889642996313 0.162528075739451
-0.452003208482226 -0.0422676875641309 0.129987628651701 0.0805033491542337
-0.491370241920469 0.152560747567154 0.153578514714222 0.0303420244284105
-0.450251149224617 0.246526292855426 0.0987493391651524 -0.0127559222874364
-0.477703036929256 0.244505166795738 0.0981799169185644 -0.00584297546300218
-0.484140362501202 0.00569293262958817 0.0259628201695273 0.0512668383840612
-0.46456614544499 -0.248181421458276 -0.0461840896081707 0.0448091204634135
-0.174164629206921 -0.653993839140547 -0.0760625674308636 -0.0982119425003231
0.329037648260669 -0.62790494741335 0.0671531956755916 -0.167079309971404
0.653933646755253 -0.169684076633623 0.316346308633484 -0.100579136322297
0.733143746190585 0.252807026150998 0.393057042468441 0.0733460282357494
0.788264793599356 0.227087037188779 -0.205410408906162 -0.263972426771546
0.748316192259105 -0.129410852132224 -0.22406109677672 -0.100886623451331
0.476465388398906 -0.577644135885572 -0.155859736854437 0.101146191920905
-0.0290243028684159 -0.701763177520074 -0.0997697123847319 0.102802751396868
-0.433636430103894 -0.36858111579055 0.00533345016996723 0.0863208951899556
-0.468527987580009 -0.0668130975414755 -0.0382571662957342 0.0541086158922473
-0.510074299394955 0.123196969364111 -0.0257371868978545 0.0861014438254906
-0.462646209064853 0.223738571280299 -0.0572658604329399 0.0820157897214563
-0.482791424501196 0.218227578165659 -0.0672588473905461 0.0728427308969513
-0.476330602007591 -0.0113844463026817 -0.132265377611205 0.0737261643526672
-0.444216561595561 -0.246177317593145 -0.161109540302538 0.0095877634200975
-0.167575373224689 -0.633975051536897 -0.137192001273725 -0.130363539275137
0.311692898790436 -0.621105195014917 0.0236284513901419 -0.169360611442355
0.645721862718564 -0.185399406254378 0.18353406692261 -0.0861946961883177
0.762218142796679 0.233244075648256 0.169463719627279 -0.0299137533965587
0.720718654276952 0.149832297924432 -0.426788266190512 -0.355812288368798
0.653410921826756 -0.155549280963515 -0.380165140119135 -0.0918971040414173
0.398603958282183 -0.512997027937534 -0.17150849280462 0.0966987482296425
-0.0292230357627919 -0.597897947120178 -0.117381706489953 0.0407360983986239
-0.362719052192531 -0.320058800937623 -0.0980613505333711 -9.45565086382648E-05
-0.402716631431471 -0.0757892296356192 -0.203045900300728 0.0225382411518583
-0.447098297602186 0.0740910025581107 -0.201716823420113 0.129940856280571
-0.40407241736012 0.16476353668061 -0.203815596282407 0.164251406995426
-0.416446962611867 0.154325442681311 -0.219480344085233 0.140524558252025
-0.395193406755998 -0.0397634743237479 -0.267815548752491 0.0829627300076176
-0.341624854075353 -0.220790556885539 -0.248698270744015 -0.0342829278461341
-0.105562195449895 -0.512335455104525 -0.164630487077551 -0.155454005328081
0.266742982926163 -0.491256336623121 0.00166893113649502 -0.155950057075058
0.532403348409332 -0.143014075555228 0.0576174104647902 -0.0497314274081388
0.664222308959641 0.190983959639859 -0.0527944258011273 -0.107159914549885
0.53518524513563 0.0474598983315946 -0.603196175271456 -0.406418826244658
0.440378575820538 -0.151877959388115 -0.495861743149211 -0.0725612221927114
0.248779016079485 -0.350808144105035 -0.173326839512414 0.084154485099936
-0.0216666040207 -0.379840500305131 -0.120801392870438 -0.0143205142342798
-0.224661734035817 -0.211337938476475 -0.179945805031286 -0.0746157218706995
-0.266047599782189 -0.0699291951865317 -0.330878573582065 -0.00749568734917618
-0.311134936085058 0.0161900784102692 -0.345568947473261 0.157015809014557
-0.284522602632655 0.0817451970400091 -0.319609162880732 0.221883212256997
-0.291782841912329 0.0652980028823973 -0.338452158069688 0.181102718881567
-0.258279892835373 -0.0660728013076395 -0.359025572687222 0.0665055510088159
-0.191932494182883 -0.169887351856594 -0.290994814938616 -0.0893393303788586
-0.0233554333809022 -0.322707662086989 -0.152006886103423 -0.174284133115679
0.190181227511536 -0.290672163671528 0.00463378866309206 -0.134139746509619
0.34692436545973 -0.0760092451404593 -0.0412274543501703 -0.0109714567967549
0.469539992175916 0.122859413076483 -0.236069955483113 -0.157530722450328
0.261758152099756 -0.0598532533819091 -0.701364991202165 -0.406423824476658
0.157486143721717 -0.121984510407073 -0.558027973065324 -0.0400432736999014
0.0589731502867916 -0.136159080032779 -0.163241763632108 0.0792876112631836
-0.011025504845784 -0.107597340652902 -0.104870979379145 -0.0433275776147944
-0.0528856650875211 -0.0729401357076906 -0.2218313153342 -0.121823142521554
-0.0864541872979243 -0.056271542020967 -0.397789083054313 -0.0293655381134278
-0.123565777044248 -0.0466893942541048 -0.432559876257877 0.163398598486604
-0.120846713994068 -0.0148381887344533 -0.387214149953695 0.246144776575055
-0.125956504671533 -0.0311663145017039 -0.408802438806187 0.189550522570176
-0.0937484006612318 -0.076641028123717 -0.398035469892167 0.0321417613950439
-0.0345561810973645 -0.0926529258948836 -0.287311506019159 -0.143328681738171
0.0348103199829574 -0.106749728487773 -0.110414578808741 -0.180473709203248
0.080418111951038 -0.0807452266434136 0.0203829757220858 -0.109396293265876
0.128781128199115 -0.0216600812217027 -0.108268163323144 0.0181113627696261
0.219383311191585 0.0325479149524808 -0.360121975996263 -0.177471789003518
0.0877353640327055 0.122005774571684 0.4491258807464 0.0827463251312184
0.122102772843938 0.0100951923403377 0.202554575323981 -0.0867816660982692
0.0719877393328747 -0.10490379404647 -0.0546565729512028 0.0601803464977537
-0.049819726420894 -0.121745364674087 0.0447822866456501 0.191413875418526
-0.110576897955236 -0.00826709294278646 0.264633094606674 0.188173485713284
-0.068072986224989 0.0607541281880063 0.412729109465757 0.0298788009118688
-0.059082627318223 0.106038025381787 0.428057618630513 -0.164080632967823
-0.0557104058766227 0.103424217793978 0.372638189008898 -0.245061031260071
-0.0659495688531769 0.105238976153699 0.406940595903401 -0.185810802793078
-0.097526530155193 0.049631127593178 0.369305795972232 -0.0262357274745955
-0.119839379046081 -0.0347706520704997 0.22680993029752 0.102124847143608
-0.044485574337618 -0.142074893456535 0.1019088034823 0.0295801366695772
0.0840745712903385 -0.0980334591843777 0.153649620089013 -0.0583302938269189
0.0828282570225987 0.0198293129580473 0.45622154275142 0.00166419323697809
0.0335796018967192 0.0750852731892212 0.678471493951523 0.359947448669328
0.347332256996136 0.176052382339995 0.363503513952714 0.0351209457299521
0.341107099364053 -0.0279758119556452 0.159430652724473 -0.0909859775431178
0.211911199797312 -0.266703958312683 -0.0741545855422626 0.0637462448789529
-0.0502674222653532 -0.328571638941467 0.000532364161536289 0.190115978261715
-0.242877749202322 -0.122375199777247 0.233360174853359 0.205300194357884
-0.223760777807379 0.0421860043888566 0.365651321260196 0.0589356600122949
-0.234371834728989 0.157890293815318 0.391046231050962 -0.113480944731426
-0.217663768864058 0.189678223656902 0.323053610138714 -0.194656995565845
-0.239648474874787 0.185356420956952 0.34762226359021 -0.153113770261891
-0.269810912349308 0.040382711777889 0.294845001938782 -0.00855061665033678
-0.273148136976227 -0.12810077624573 0.165150771121774 0.0900054363262692
-0.0947416044266895 -0.36919496133716 0.0540829996160105 -0.0119347229674687
0.201585436739957 -0.317816073047927 0.139400039606059 -0.102937412846365
0.332101081090559 -0.0449087759325055 0.459884010353592 -0.0516212900159503
0.325974391204635 0.155306825758808 0.666175547128399 0.270961701196425
0.569398861399587 0.212280742338697 0.214726296972454 -0.0434643308073766
0.538891911129018 -0.067882955895622 0.0710568963159935 -0.0938114284348455
0.337622975314894 -0.414700639651346 -0.0941601285625646 0.0754543917535407
-0.0482361151306013 -0.51646130571944 -0.0363664304862184 0.178753472310255
-0.353179239414889 -0.231367279490918 0.183166814080548 0.192050115160345
-0.356143558925094 0.0121840586585321 0.269377040600914 0.0735418187335635
-0.378898273386811 0.181331354656458 0.293575409805162 -0.0501028224760469
-0.346392924759257 0.246440098276982 0.224298871600593 -0.114366101376328
-0.372278330104774 0.241967646201373 0.235918658658971 -0.0923799203458311
-0.401611625451833 0.0372846351335819 0.174277799441474 0.0167037825741569
-0.39805954058673 -0.189268960996929 0.0722806876489808 0.0690727104028718
-0.159265381272509 -0.541447151069088 -0.00873305389498774 -0.0551111087865724
0.267153993204826 -0.51078781841078 0.105678513967898 -0.142631727367607
0.523295423317569 -0.129881397438557 0.404754376150329 -0.0953651535544317
0.571902604654442 0.199024001950061 0.562752792607745 0.161681764686379
0.721964428412087 0.217322217814565 0.0160025999207917 -0.142889223891594
0.680659847220049 -0.116559962296861 -0.0619301679952608 -0.0930565184820349
0.420724209203206 -0.532918795277163 -0.119887850083701 0.0921967983432035
-0.0557884909992637 -0.653896061322169 -0.0671470244561109 0.152798411823702
-0.428605836290052 -0.310197042371456 0.109494043475033 0.147437320796257
-0.441106658725214 -0.0176043793569635 0.130960216116976 0.0710396836958799
-0.470679853954017 0.179602130386991 0.149800395244273 0.0179828590304903
-0.422371083686371 0.26700848590166 0.0921778978752413 -0.0169876211774632
-0.446297755241305 0.263236941601909 0.0914218758379604 -0.0128573760536676
-0.471050473341646 0.0318871068324235 0.0265573555739688 0.0485827154226326
-0.462796518396118 -0.2162649617533 -0.0414925378186791 0.0449764923082917
-0.206525581996998 -0.627368870202682 -0.079774526051366 -0.0914462324302362
0.285438639314161 -0.626022747392304 0.0572873185656126 -0.164804897087029
0.624966365947743 -0.196550208782821 0.301415462955655 -0.111695562898527
0.721019151164721 0.203291285052859 0.382539469739032 0.0516440865050022
0.771178089301493 0.178290397355492 -0.211671179151219 -0.242656512578063
0.720617594871313 -0.16276050343397 -0.221780487559825 -0.0858525978651655
0.434030684212291 -0.582373946435107 -0.145394800032157 0.10337403541313
-0.0655037771495323 -0.684047672438579 -0.093502017487199 0.107082299285586
-0.44063092915392 -0.33379378149009 0.0114727248940962 0.0802350096789185
-0.459010054220997 -0.04139611487015 -0.0344369835653595 0.0567117213695115
-0.490574723860637 0.151444303825111 -0.0204647783707175 0.0821415715849644
-0.437172529910762 0.24599963769597 -0.0529752653504346 0.0821029400862213
-0.45202825165878 0.240644273662588 -0.0628758907635519 0.0731351534783834
-0.464581905674841 0.0144277863780262 -0.124931435103061 0.0804059254095783
-0.443797346886503 -0.215273433395042 -0.155446499498422 0.0172626584992038
-0.200034252117252 -0.607751203342972 -0.139637026610484 -0.120063579778307
0.268869428510745 -0.61681574981073 0.0141882734916865 -0.165878874877018
0.616528795383117 -0.212658745256111 0.172377093315038 -0.0916244222044641
0.747921605469234 0.185224400565907 0.159782551445315 -0.0384027602159809
0.703065548748636 0.110965632272716 -0.430625346003917 -0.322272819180535
0.629012036645391 -0.183857756931759 -0.374816906816646 -0.0699898987454876
0.362164630442784 -0.516080921710695 -0.161309852098912 0.0998533702623402
-0.0598369862424739 -0.585411725100676 -0.11354505820221 0.0479689431658018
-0.368394341331093 -0.290143140037062 -0.0932592321824806 0.00294041664075749
-0.394336960320895 -0.0512312533023008 -0.197670355853186 0.0353314971498183
-0.431923873175216 0.10075183683651 -0.188967720371413 0.134759035079815
-0.383163159549758 0.18571620125129 -0.189619674578871 0.16886340975935
-0.39339566939424 0.175004231628579 -0.204663694707023 0.147005021535714
-0.386955334222363 -0.0161008641993722 -0.254667863025942 0.0962600597060704
-0.343138818173995 -0.1970215840014 -0.242748662365836 -0.0208334293454454
-0.132601425772355 -0.493175160011214 -0.168349754576876 -0.14341843936625
0.230398586673597 -0.489003354200477 -0.00721917480167757 -0.152299775180783
0.508977601532406 -0.166394089580024 0.0519152797223623 -0.0513293713560303
0.653927634920266 0.147958194312727 -0.0591304032449182 -0.102993063452098
0.520595245259637 0.0208268629481409 -0.603623228792059 -0.365087495632826
0.424071695239469 -0.16775204032803 -0.485958285547886 -0.0471407601257166
0.224728333617734 -0.35201107775983 -0.163800745846196 0.0881253853521265
-0.0411622636575201 -0.371993023052197 -0.118257011279028 -0.00525247600351254
-0.228756162803723 -0.192893120687958 -0.177451960134411 -0.0636196361251714
-0.261786722247591 -0.052317885107749 -0.322726124184648 0.0139846075233273
-0.302857168953842 0.0363884739865121 -0.326403076938811 0.169606494373505
-0.271684964889252 0.0974482052627228 -0.297189342364298 0.230564224317346
-0.27802108695546 0.0811000465080105 -0.315425938594182 0.193216943881667
-0.255828694290579 -0.0498569317792898 -0.343060192584434 0.0870631542111854
-0.194678369689474 -0.155071010375877 -0.285843375756304 -0.0701464972830032
-0.0435095064082931 -0.313010512019574 -0.156098696404064 -0.161428773996652
0.167112054594445 -0.291535088615258 -0.00392645275173539 -0.131421279899515
0.3330701214607 -0.0933050637506957 -0.0414419588348208 -0.00933732616281184
0.462169078365492 0.0924270719781988 -0.238932746404107 -0.142335258892955
0.251630317446425 -0.0699240514884024 -0.699065140327001 -0.360734892461485
0.150235267223769 -0.125337498230548 -0.543434933409575 -0.0130131366688949
0.0527241483780921 -0.135584875328802 -0.154487095628834 0.0834944885943658
-0.0167939878639155 -0.107273546260214 -0.103576042218394 -0.0347291655717139
-0.0536385134750797 -0.0679846976168178 -0.221492941632367 -0.105767796606804
-0.0862491717469145 -0.0478843746307708 -0.389544640377078 -0.00379594682189852
-0.123905861009885 -0.0366465142210859 -0.410952969530461 0.182471862304539
-0.118417649841705 -0.00597673528770085 -0.360194098773358 0.256348849474017
-0.124587463331452 -0.0211158833293486 -0.382205267707482 0.205107370249442
-0.0968168935700685 -0.0684070403932617 -0.380847100687238 0.0556535537598819
-0.0388357653124286 -0.0889437456901782 -0.285732087552986 -0.122339106904089
0.0254183423915079 -0.106486684081837 -0.115249386790645 -0.168997776393935
0.072933604647761 -0.0828641038180128 0.0113341170590945 -0.108584957951905
0.125133107210232 -0.0295240058307553 -0.104777280258727 0.0215663726532954
0.216284242466523 0.0190303115441385 -0.359354608383561 -0.155933028306902
0.0867647944579892 0.11575241669292 0.440525918517974 0.0710748726062009
0.115884669098266 0.00799073333459596 0.196678516206737 -0.0875759791651954
0.0670932358935569 -0.103370386016551 -0.0512404359955796 0.0606483382170789
-0.0500009153620123 -0.117483324402502 0.0479504480499469 0.183661962796955
-0.107765756033651 -0.00538762811811228 0.262831923429476 0.17323955591025
-0.0657636220908641 0.0587581563415104 0.404448175471731 0.0123285049693531
-0.0540085299535555 0.105035329031394 0.410752084858111 -0.174475777572345
-0.051056540778289 0.102604114723939 0.354720271554209 -0.247650899264885
-0.0602738013196869 0.103146940612651 0.388502571499646 -0.194839346844199
-0.0926286446241375 0.0510115761821258 0.358177465563854 -0.0393021924942245
-0.117360552421903 -0.0296980466934156 0.224811987858874 0.0926956518092022
-0.0469319798516893 -0.136685067251175 0.098966807904197 0.0266707001059345
0.0781781604030568 -0.0970348922024104 0.150586146668696 -0.0586634903773019
0.0798604267714632 0.0195427935706321 0.4459940671418 -0.00706979521415076
0.0327202312059191 0.0721881229023238 0.67045594862047 0.335315846493241
0.339974648733791 0.161979598472072 0.35605548132187 0.0288248224331869
0.328506488888685 -0.0349616396804552 0.154864626943158 -0.0900956528210553
0.199050490103944 -0.263625585995385 -0.0696471418987049 0.0632941838822825
-0.0568916607301305 -0.320298696082676 0.00430995942468089 0.184656532307375
-0.238538246298119 -0.112399984453512 0.233217500029543 0.188988680465213
-0.218152742599958 0.0450817473045703 0.35891984610232 0.0433518548238843
-0.223132295652804 0.161793966259187 0.375332754258734 -0.124919610172583
-0.206083264377698 0.192811353616888 0.307347234807228 -0.196594978085988
-0.225801377128843 0.186205609196759 0.330473920185528 -0.160124947681775
-0.262722691140809 0.0466524710037509 0.285648052534858 -0.0181799133957962
-0.270166731396588 -0.117113473773232 0.164102592764083 0.0822032719728509
-0.102826893197068 -0.356709615883819 0.0516456938263737 -0.012991112772503
0.18683141593885 -0.314567916875977 0.135723907274125 -0.101794475284723
0.321509072187296 -0.0507426531402512 0.447808022531659 -0.0592264800053984
0.319701223300524 0.142377656968898 0.655169203746286 0.248801886852489
0.55479528588913 0.19129653049182 0.209034114600312 -0.0427991954067827
0.521045674334686 -0.0787422036697515 0.068645088839452 -0.090351386243065
0.319438345899236 -0.410540409650985 -0.0892886101814303 0.0745305467726264
-0.0606083244250607 -0.504630768444655 -0.0320308350216097 0.175643984757085
-0.349471025067236 -0.215569471317439 0.18392601648762 0.176451660551133
-0.347633195777596 0.0202803044051107 0.266494730120789 0.0618845745129424
-0.364253504046024 0.191114451469441 0.282954880532633 -0.0608403209714322
-0.330299737310868 0.253321034175354 0.213424582384911 -0.115840413335209
-0.352950634757546 0.24615062197815 0.223058754869475 -0.0982593776898584
-0.39231216508014 0.0479984348601051 0.168977277459413 0.0102641927391521
-0.393643654701777 -0.174403492042103 0.0726419965322009 0.0642271370544965
-0.17347658052555 -0.523516239790827 -0.0108074501660986 -0.0531410655750026
0.246213853157435 -0.505024268684405 0.100732311400167 -0.140124361174237
0.507045787191369 -0.137344688912715 0.393469848156206 -0.101143393748226
0.561807531849767 0.177586497520297 0.551462058702938 0.143830683544886
0.704066771008616 0.193800699135176 0.0131334991790611 -0.135250863174397
0.659769331501626 -0.131001059737629 -0.0618619783306491 -0.0865636824656954
0.396773234107447 -0.528217113944065 -0.113983161325093 0.0910281706142076
-0.0717152583827479 -0.639324152825442 -0.0633435920741823 0.152406073400676
-0.425204758231153 -0.290028948998582 0.11137849284529 0.136263056647502
-0.432217739165552 -0.0060894213600259 0.130936107442784 0.0656834705195134
-0.454204058826747 0.192555207622789 0.144977843231461 0.00961481983604588
-0.404202179867816 0.275883884140226 0.0875113974089591 -0.0177542934177619
-0.424052683575448 0.269969412074825 0.0849951773000216 -0.0161893143475418
-0.460298387291044 0.0445935716936647 0.0265770763979459 0.0474190899537011
-0.45908654408169 -0.198562753763442 -0.039151042198095 0.0438096307008678
-0.222182679542497 -0.607576210193585 -0.0816297828353695 -0.0876250480950879
0.259302083899102 -0.616750365937448 0.0520294645661879 -0.161282734973787
0.604863397988089 -0.207492307534104 0.291968528174892 -0.11457921240362
0.707574069213902 0.179420211471447 0.371641078698746 0.0411506491864253
0.751977847525305 0.155788687037 -0.210904108876864 -0.227506959920803
0.700165571791686 -0.175030442025923 -0.21900329741644 -0.0763564661025264
0.407964495882198 -0.575995331599547 -0.13924636503958 0.102243273535377
-0.0811658018789781 -0.672117832364306 -0.0907725262664955 0.109612915325118
-0.437516928348098 -0.313978340736545 0.0140199664245889 0.0735135279960703
-0.449615466691468 -0.0267276462921483 -0.0319649857998748 0.0574203542053586
-0.474312737018122 0.164888742656 -0.0201551338330707 0.0777017335233958
-0.41681114123425 0.255495928165803 -0.0509157640885074 0.0824462192657741
-0.430828469838075 0.249609528356594 -0.061038040802221 0.0716284156580013
-0.454118550119391 0.0286186494710615 -0.119166800336964 0.0832729885208895
-0.43869892972152 -0.198403454316782 -0.150992265610101 0.0195364476031434
-0.213874403491411 -0.589577313685476 -0.140974063665931 -0.114037071515382
0.244385953707995 -0.607946450546464 0.00908119982050065 -0.162272595725778
0.595329378443514 -0.223143877198785 0.165982506579036 -0.092967993706184
0.733779857596692 0.158620232205626 0.152269325691476 -0.0423265672383624
0.684880035211428 0.0926203638269359 -0.426562366024363 -0.301353808808962
0.611515909128165 -0.193394996260126 -0.368341656380504 -0.0580262958173684
0.343087767239226 -0.513216201627253 -0.156149724926063 0.0995625835500948
-0.0749214904799809 -0.575180546416178 -0.110711909256859 0.0525022331663001
-0.367105229912526 -0.273177995106759 -0.0903680410951821 0.00301231644516836
-0.386730243513398 -0.0387881409802774 -0.191956087555034 0.0431771073673288
-0.419521437222116 0.115733505790867 -0.180950288212603 0.134903064851298
-0.367349170174475 0.195904294188667 -0.180808389784042 0.169973645667423
-0.37517198498988 0.183568966603584 -0.195607302879238 0.148518819788447
-0.379373380318385 -0.00452884195865579 -0.243863884864137 0.104395766740456
-0.339657611449094 -0.1832175650741 -0.236904450063797 -0.0144148806677168
-0.147749349549333 -0.478226056961886 -0.16749821284105 -0.135384785998504
0.209503896382051 -0.482464369251875 -0.0123468516312457 -0.14804935105907
0.491032204292117 -0.176023153726976 0.049450771985218 -0.0510601515303594
0.640542599034577 0.126027168266984 -0.0624709332375905 -0.100268370748305
0.507022484093344 0.00932474102108131 -0.595475861467702 -0.340276328712521
0.413339462142539 -0.173485471217848 -0.47615814213437 -0.0347505052426986
0.213488997215881 -0.349592223542912 -0.159079166557994 0.0880876472583925
-0.0512739901970081 -0.366862052325165 -0.115815730451952 0.000523141773463276
-0.226892799461644 -0.181656029837032 -0.174766669870149 -0.0583901989265982
-0.2563010350609 -0.0431447621465806 -0.315725299518896 0.0272312795380332
-0.295482134917378 0.0481589955903988 -0.313086872608662 0.174291507655292
-0.261917767146695 0.106046745628598 -0.282703590579789 0.231040890427648
-0.266477907105431 0.0896315871556577 -0.299930236540964 0.196529028709659
-0.252516250721015 -0.0395001476864264 -0.329739102143229 0.0973117388300797
-0.194526231811768 -0.146866630139849 -0.280172605225143 -0.06099305803998
-0.0541088649332256 -0.303995327474217 -0.156249432978988 -0.153140695629638
0.154281787225046 -0.28852584259645 -0.00943706036644071 -0.128930788245278
0.322570248540204 -0.100727527575811 -0.0411673971962431 -0.0087475468072688
0.453109394357646 0.0757723855927337 -0.23934201103362 -0.134615706032752
0.243728450830228 -0.0727884052874034 -0.686884582856899 -0.336781237370795
0.147615511520488 -0.126556535946507 -0.532053200586902 -0.00129924470164896
0.0498759606433759 -0.134179795775852 -0.150277340327639 0.0843824015660773
-0.0205874157762105 -0.107200266292174 -0.100810387242964 -0.0293813998037046
-0.054394038825756 -0.0652279962657727 -0.219402392537906 -0.096187392387528
-0.0845411373385197 -0.0438054156925976 -0.381771336041394 0.0118502636895551
-0.12304053561882 -0.0296886872317762 -0.393770695941638 0.190421123523653
-0.116052955704568 -0.00078799340882715 -0.342757969891948 0.257944579436091
-0.121844516254183 -0.014122048278821 -0.362778943061078 0.209867616594296
-0.0974580592748553 -0.0627421792479805 -0.367652114479146 0.0663693597388983
-0.0411564098695512 -0.0857676411910996 -0.28092880830481 -0.11050633417121
0.0188808279070909 -0.104917677213087 -0.116269232826071 -0.161463544428698
0.0681278678815755 -0.0841708934753137 0.00545760577127362 -0.106389817236013
0.122456445870609 -0.0343187269028056 -0.102179092404783 0.0227783604115051
0.212640263744516 0.010993867205883 -0.356351980431436 -0.144016194605893
0.0856399778994602 0.113243390848105 0.439095769857933 0.0680479270099182
0.113059813685034 0.00887519190160823 0.196370795625564 -0.0892549015481726
0.0640650834963789 -0.102771678753941 -0.0489223492700679 0.0610399490181987
-0.0505057088012415 -0.116517843350255 0.049090357610536 0.180554394980549
-0.106537207339511 -0.00431404971800372 0.263966024555769 0.165107928141664
-0.0659012904167912 0.0578188575704165 0.402965937252322 0.00145092645198933
-0.0507200945240035 0.105070770985336 0.403929406392788 -0.183023932526313
-0.0490675121261989 0.103465727139619 0.346892959311333 -0.249797812066964
-0.0576426340151463 0.101833756576236 0.379434922274354 -0.201176706618793
-0.0908464255561937 0.0514553177081646 0.353178119090826 -0.0476309592773983
-0.11662246224645 -0.0272466424731982 0.224805214847169 0.0880921565191726
-0.0474261501714155 -0.134577638741445 0.0984818523329559 0.0257658332761468
0.0756032851613175 -0.0962871479872374 0.151479989591697 -0.0588764989290802
0.0787741611780561 0.021160172288066 0.444525128225704 -0.0111734395023027
0.0316503602227073 0.0712263113056242 0.669539961869573 0.328403117758311
0.336705853047472 0.156411990315961 0.354785281215186 0.0270812433413192
0.323064267005498 -0.0372211796547303 0.154482254539104 -0.0898723979511124
0.193774542403014 -0.263127956151885 -0.0679625061955456 0.0631265878987634
-0.0609626464603022 -0.319749283118023 0.00479687086111524 0.18324006828883
-0.237769569209752 -0.109131471401164 0.233828677919206 0.180894061813359
-0.217993270953105 0.0471635944879497 0.358217168819891 0.0339635582358853
-0.218899569400898 0.166363431953864 0.368858639814076 -0.133699594261424
-0.200814206886466 0.197580576884746 0.301033269832639 -0.198259672260567
-0.220295523922345 0.187606009649522 0.321797669473198 -0.165479545235766
-0.260283340385472 0.0505905560440916 0.28225864320016 -0.024381953521492
-0.269282052386649 -0.11260686575756 0.164732573757592 0.0785989608944793
-0.108631476224931 -0.35387000673478 0.0498441422112268 -0.0125850953671383
0.181237460803098 -0.314236934195246 0.135693897652259 -0.10157327235388
0.318036773111212 -0.0517895658107688 0.445996964322657 -0.0626917601681693
0.319137964234675 0.137716409438256 0.652802049892733 0.242760375950337
0.551080667306094 0.184896504451985 0.208925616123184 -0.0415644377349303
0.514233191104424 -0.0823064750437851 0.069386509461686 -0.0884757158345052
0.311695250600371 -0.410733928470225 -0.0878804664006621 0.0741497257884253
-0.0681961116660511 -0.504171556955701 -0.0310438146547989 0.176036231924715
-0.348702132579514 -0.210006918810746 0.185162307216154 0.168733449311545
-0.347298412682905 0.0237914681992863 0.266482975571137 0.0553235971711559
-0.357487179512272 0.198795429831032 0.277956299395147 -0.0685102303205004
-0.322949830700868 0.26086287849165 0.208711098522318 -0.11641648038546
-0.345526994743306 0.249475114028753 0.215888085867421 -0.101888581002183
-0.390007562185406 0.053978960762599 0.167585891828513 0.00730788880185101
-0.393586219712178 -0.167493617428832 0.0734532512893984 0.0615311088461747
-0.179713541178078 -0.520706104797725 -0.0133013783481158 -0.0529975582632504
0.236762795630166 -0.504408712874395 0.100480417858522 -0.138838018944032
0.502396391389229 -0.141571400497474 0.391740620528069 -0.102929891668918
0.558042720788347 0.170391403094946 0.548468739217966 0.137734833401381
0.698478369284107 0.185375524267021 0.0137322632285744 -0.130580574117039
0.654474152611823 -0.136269229021287 -0.0612514221828378 -0.0829825289597557
0.389422969167025 -0.530646926074335 -0.113415967680691 0.0907542950629394
-0.0814738494175353 -0.641211602575146 -0.0623046923359977 0.154873062809943
-0.425535664342927 -0.28302743309635 0.111943240297114 0.129385287705432
-0.431348127342904 -0.000815637610710549 0.131634459772577 0.0627035929929873
-0.44708201148888 0.201862645191061 0.140905040279235 0.0037645527906244
-0.397052440708298 0.285915584298404 0.08553324780389 -0.0173686447946633
-0.414168335002144 0.275172395388843 0.0809828375098297 -0.0185649586997608
-0.458379428840974 0.0522197398558003 0.026902738415393 0.0476675775015485
-0.457983555131558 -0.191122322869196 -0.0388678218869565 0.0424959514749929
-0.232310255171559 -0.604334572946764 -0.0842845844887927 -0.0862034972141931
0.249993413512883 -0.617547444452789 0.0506155582826197 -0.159359501522356
0.59749911189095 -0.213028682795867 0.290097099198173 -0.115775199443848
0.705133857461761 0.168123815437652 0.367565722661224 0.0363249008934092
0.746612065155585 0.150220269494141 -0.209413437184656 -0.221162105889672
0.694948619714826 -0.183370621414867 -0.218259706693577 -0.0708306003231568
0.401542332806761 -0.578539736608701 -0.139104556650803 0.101819813851856
-0.0922651767031868 -0.673718851119591 -0.0898072158587514 0.11382139073827
-0.437765063116078 -0.307160265184793 0.0140913450276838 0.0692621623135346
-0.44784452542796 -0.0203475723957448 -0.0305370238196025 0.0594565849687104
-0.469776550217438 0.178468571001065 -0.0204622040146872 0.0746990743830381
-0.410195016759964 0.265837442847047 -0.0504073404960787 0.0835871648262541
-0.421844534509494 0.254803891026811 -0.0619471071497514 0.0719004396869337
-0.452246159000192 0.0364251678678489 -0.116727360614114 0.0865511444714618
-0.439169030100183 -0.192961888800177 -0.150798097561012 0.0204624483315972
-0.22614787077143 -0.584759165416254 -0.143364084581801 -0.111878466561984
0.235392051242481 -0.60780219952396 0.00699843854639756 -0.159782822910263
0.588076511941025 -0.228808643612177 0.165352124123912 -0.0941978260494647
0.7309524218922 0.148224853708076 0.148454735153425 -0.0441345605762914
0.680930081647945 0.0851567697521602 -0.425006643916755 -0.293704568327987
0.609490447253017 -0.199572950843969 -0.367605951170135 -0.0522438550034596
0.338605905780528 -0.514846377930045 -0.156178654106259 0.0993946669571366
-0.0864587320611078 -0.577340983656343 -0.109555578687425 0.057961850155388
-0.36763635435751 -0.26703233787589 -0.0904776394444359 0.00160350948639048
-0.385625595859832 -0.0326720773182228 -0.189898034127479 0.0488694973431278
-0.415315254864647 0.126150480413858 -0.179755395147407 0.135321339184104
-0.362139836512852 0.205057628689987 -0.177555042279764 0.170945805310121
-0.366735487732846 0.188647974545342 -0.192561577648317 0.149405251872055
-0.378747819238376 0.00331373078959446 -0.239630176580588 0.109020653924792
-0.340993463405346 -0.177982135656699 -0.236045392421051 -0.0118412243562336
-0.156502720810555 -0.474625975000604 -0.169875862139726 -0.13297968851467
0.201614449473496 -0.483331700957179 -0.0155253834944794 -0.146627765320505
0.486075955224792 -0.183598691984172 0.0486200686803201 -0.0513965855922625
0.637191827675834 0.11416131560883 -0.0664593927971723 -0.100259394981739
0.502243502576006 0.00480604974982953 -0.593645070809999 -0.332552796246307
0.411672988182219 -0.177779345451642 -0.475681277010843 -0.0273194746395733
0.210784880769083 -0.351946199704358 -0.159146993938881 0.0890522274769783
-0.0582246678177162 -0.368677417246907 -0.115001781389182 0.00503977480954514
-0.228887451858903 -0.178017313695102 -0.174108704493764 -0.0558154185345214
-0.255353519342822 -0.0385131887159401 -0.313668353086514 0.0355254904286056
-0.293525698463377 0.0563214285721605 -0.309553802347749 0.177450563663603
-0.258873689973995 0.112328328294395 -0.277555091473194 0.23320767872898
-0.261936102415009 0.0945826106518106 -0.294370697289715 0.199651050051892
-0.253026471254721 -0.0343645595290965 -0.324376829975056 0.104252073947488
-0.196339095970522 -0.144315192487999 -0.279337050363332 -0.0568425195164025
-0.0618491928109418 -0.302690696055236 -0.157919274549039 -0.150427861611217
0.148761763416784 -0.289438695877345 -0.0128176065027501 -0.127363376925848
0.318824842523335 -0.105364093156391 -0.0406401015749249 -0.00838158018823711
0.451856568858603 0.0674140440658414 -0.241464113550915 -0.132249815663691
0.243146480884227 -0.073642337798908 -0.68553913628557 -0.330032995296985
0.148828614480418 -0.127339176067351 -0.531224070698268 0.00572117216758948
0.0503807097693891 -0.13631267321713 -0.149732177147319 0.0858389203580774
-0.0230111994296043 -0.108122993565707 -0.0996984444590993 -0.0259415150527164
-0.0548354138173628 -0.064529771939911 -0.219333964977585 -0.0917726285996353
-0.0837239989173482 -0.0420584071249888 -0.379914676313158 0.0220156851513289
-0.123614779163047 -0.0251572141668467 -0.386811545999276 0.196345519786828
-0.116056270658989 0.00220628518390033 -0.336695817808725 0.259668061796597
-0.120743871133019 -0.0102077844151856 -0.354923816214306 0.213189112198818
-0.0991767449948799 -0.0593490553747463 -0.361202712639048 0.0746748580704587
-0.0431615326241919 -0.0854245588899678 -0.280089040307832 -0.105625809616942
0.0147739051129875 -0.105283654269274 -0.117933388663681 -0.158898707145899
0.066209896697324 -0.0860176109730321 0.00216180335436782 -0.10554192153355
0.121646505283137 -0.0376799047813034 -0.101571103727585 0.0232783394528124
0.213643234376586 0.0065961243244054 -0.358414026627169 -0.14059395322531
0.0878932995500593 0.112999638291716 0.44894494007124 0.0645967077631405
0.112909690499984 0.00893835851692191 0.200105428901101 -0.0946398974254465
0.0633318383587903 -0.104704069307424 -0.0482436741298971 0.0624757587217208
-0.0520356967572342 -0.118065017966194 0.0520011897863318 0.181810777504727
-0.107487717450138 -0.00309596360672671 0.270607682125041 0.160227245438648
-0.0671504549907954 0.0587764362093421 0.409869621897883 -0.0119532842253142
-0.0479657434279808 0.107709920743289 0.404937991682358 -0.196873253195152
-0.0466772113863218 0.107800293848486 0.347627339137403 -0.261160174492006
-0.0564725146194987 0.104020196510084 0.37842094461252 -0.213168181063632
-0.0906265765129933 0.0535586140451701 0.356980223533056 -0.0582287038092062
-0.118223771556467 -0.0246449671530941 0.23175840664284 0.0848097961230116
-0.0511313092622633 -0.135826219351473 0.100548940070572 0.0255536713901218
0.0741724231493317 -0.0974061293592902 0.155590130255463 -0.0621497487852811
0.0803912939542951 0.0220679481728064 0.453377471129154 -0.0184613981456403
0.032192988273262 0.0720207700894833 0.687053314013205 0.326421617766582
0.342667036460059 0.153336956036246 0.362849759125789 0.0263740807174556
0.324740050787919 -0.0411522480972312 0.157826516629849 -0.0932261946826511
0.19190636754245 -0.270002984459583 -0.0679991008574322 0.0652879750259124
-0.068182004845923 -0.326379528117346 0.0073039639548874 0.186280329832716
-0.242951664675589 -0.10655357859693 0.240653536720686 0.175785674293363
-0.222561694151636 0.0511605272260648 0.365562511661492 0.023219026300288
-0.217557160519972 0.17497078657841 0.368859003701301 -0.146986096800631
-0.199807750555471 0.208266009848465 0.301014134929319 -0.207404542475652
-0.219153010384539 0.195302804760751 0.320515452941768 -0.176309372536949
-0.265111399605081 0.0568312951217746 0.285481632001772 -0.0321680454283246
-0.277283396343281 -0.109029760601753 0.169626341604275 0.076460546586247
-0.119208302958991 -0.359539508301838 0.0498528828066544 -0.0135432994044709
0.1787193966921 -0.323060445269768 0.138738313057868 -0.104482455417447
0.323795352706092 -0.0568808333030418 0.455057161932945 -0.0711025588917024
0.325967194924598 0.134608254940403 0.670176563410302 0.239211239512227
0.561909193425654 0.178762532796634 0.214288974891742 -0.0409227825442781
0.519516283196525 -0.0916553973314346 0.070976253837412 -0.090041606395438
0.310828424256638 -0.424774832208471 -0.0893365921728023 0.0767958635201042
-0.0803885136413879 -0.516386405872999 -0.029439392733601 0.181472353533363
-0.359125299529653 -0.207324654615097 0.19043389391567 0.164249140793411
-0.354356896322027 0.030339698229562 0.272580295666991 0.0486899001431492
-0.358856426135135 0.212200057821464 0.276735486458506 -0.0785959873352944
-0.322338412108986 0.277373680506131 0.209494412260632 -0.121529976206989
-0.344755442889374 0.260397241912185 0.213722869784576 -0.10866680861549
-0.397532356944496 0.0640452945041892 0.17019357832915 0.00335127009253703
-0.404248932714625 -0.162287971639738 0.0754121456495154 0.0602022944855734
-0.198062212232741 -0.528607441167433 -0.0160609910214234 -0.0528928497126503
0.234805948553637 -0.52008627951622 0.101424934372172 -0.142219238824046
0.510300440268443 -0.152463674438003 0.400243341038281 -0.111717964143767
0.57119498298169 0.162866204502766 0.559131649138293 0.132518778444068
0.709179303647875 0.179631695472253 0.0149898698009495 -0.128760393879787
0.66224140777502 -0.149415401209672 -0.0619560110224016 -0.0809140388084164
0.388392177055854 -0.547615316213631 -0.115292042600353 0.0939274016247097
-0.100191496219013 -0.656345029221841 -0.0604454224560561 0.1623704722398
-0.439694052488632 -0.279771637388016 0.115161765756425 0.125650423485008
-0.440961745843358 0.00700379481333481 0.135851627776666 0.0610883949527488
-0.450324532751569 0.21957943032545 0.139290768784324 -0.00155044116019796
-0.397884799873197 0.305074534159692 0.0860591962748532 -0.0177754522386346
-0.415117678194175 0.288508235630958 0.0782396453685404 -0.020147518998813
-0.467899894781711 0.0639108054357202 0.0287888663018794 0.0482088296556304
-0.47127157363903 -0.187436409372876 -0.0395829332875805 0.0432231778342691
-0.252944201309119 -0.612119135340808 -0.0898611832132599 -0.0859325317119607
0.242902947541017 -0.635250991145803 0.0502632573314643 -0.161882293467379
0.605960807736039 -0.22706209824206 0.296251839665243 -0.122657095742413
0.721918720463623 0.159082204187727 0.373150751069353 0.0311619819356888
0.75999219947421 0.142179483425035 -0.213869315099741 -0.218353631807436
0.705249906885605 -0.197684121938552 -0.222132831996178 -0.0656181056142643
0.399933775344476 -0.598568236324149 -0.141590183093559 0.106752608815086
-0.111439611753533 -0.691091951572582 -0.0888601106282919 0.121450592586023
-0.452030371147515 -0.301449912185631 0.014702082925427 0.0669098964499334
-0.458423576670018 -0.0125926592356308 -0.0293494716809742 0.0630526333216887
-0.47412399241059 0.195407272843171 -0.0231234469480835 0.0743149908701036
-0.411836192541201 0.285141591548772 -0.0493000735042507 0.0876152116114349
-0.421545307343211 0.268331655659397 -0.0646414218101517 0.074514809522558
-0.462806714096259 0.0471191824441896 -0.116017462097768 0.0917376074981171
-0.450863137296148 -0.188770168105469 -0.154140794144447 0.0228675598712542
-0.246506779400434 -0.593785599332145 -0.150602797246385 -0.110801650049972
0.227045552269537 -0.627053454457341 0.00413513156639846 -0.161492938279899
0.595891861123795 -0.24364521814672 0.168556430148084 -0.0988170477310218
0.748289854720401 0.137328744217238 0.14778260475539 -0.0484662795064751
0.693615240444339 0.0775610974848064 -0.435147321340181 -0.29069710879826
0.619458379636674 -0.213258580329573 -0.3746802984917 -0.0448313183164573
0.337870711504323 -0.53237600569215 -0.158905660462211 0.104705185984697
-0.101800071034402 -0.593867258728923 -0.110343786453673 0.0650813494228814
-0.380683441617268 -0.264783836547033 -0.0931845606534417 0.00180089226104743
-0.394863287483392 -0.0257941236892816 -0.192401075258897 0.057094094344608
-0.420465056624265 0.142295543636509 -0.18241063781458 0.14045341156544
-0.36438171396714 0.221607430971378 -0.177665214153804 0.179210836933461
-0.368314494501231 0.200652136256045 -0.194008499162096 0.156751950054715
-0.387260894348199 0.0124634661357235 -0.239055004904828 0.117657969691239
-0.350860036231975 -0.176057848999293 -0.241825933398108 -0.00844793633502573
-0.173800484943297 -0.480036260765269 -0.177235736785379 -0.132248053817316
0.196817204456961 -0.496754112097765 -0.0191857385949749 -0.147852394256325
0.490923943859555 -0.194536618653245 0.0499192817726663 -0.0535128944817058
0.652878606106976 0.104044398961087 -0.072494362205914 -0.1020270290004
0.512429417889926 -0.00142867880695766 -0.607507659945064 -0.330020982978749
0.4192778079619 -0.188830910957612 -0.486219212083842 -0.01872212228359
0.211485125598542 -0.364956210847713 -0.162678390950699 0.0942623044760206
-0.0694093315590823 -0.379133563004131 -0.115610152085126 0.0107426220428345
-0.236376482812706 -0.176932041297104 -0.179304817969742 -0.0537987274911981
-0.261339144905953 -0.0347159565338256 -0.318760408071761 0.047414982205847
-0.298844986318255 0.0680573610603666 -0.311862116148704 0.187881033413589
-0.261904047721854 0.123944167446515 -0.277676921039818 0.243642866679899
-0.264337246620013 0.102820146580003 -0.294054122365286 0.208861498114703
-0.259985085085838 -0.0280707330791836 -0.325128687933472 0.114295694889778
-0.202966733965942 -0.143697367041302 -0.286643265178285 -0.0525184869257172
-0.0726515285989225 -0.307768495179827 -0.164597047912378 -0.150033306749722
0.144905888920933 -0.298707594566479 -0.0172407269573143 -0.127827441948619
0.322568337497122 -0.113972928428044 -0.041068125377669 -0.00809834589284793
0.462504848851776 0.0592776935776297 -0.251471215360751 -0.132505249353434
0.247746116543866 -0.0768430293365719 -0.701455057587455 -0.328261251383964
0.152627328725149 -0.133060356806627 -0.543020361245546 0.0143161606409797
0.051066738382728 -0.141536918054258 -0.152599684257638 0.0901932782900352
-0.027708438677974 -0.111793426683608 -0.100155738795992 -0.0224232970582456
-0.0571724024345527 -0.0645166750629169 -0.2254582257924 -0.0883095534571706
-0.0856618340750289 -0.0410244907530325 -0.386360605614635 0.0348079511916777
-0.127980708480273 -0.020685694434119 -0.389424938086591 0.208489964944194
-0.119291705250319 0.00691539248360562 -0.337228578471837 0.271934362765973
-0.123037140613442 -0.00675536955571655 -0.354067414865577 0.224207367258725
-0.103516327911141 -0.057062904186913 -0.362915262214792 0.0851451964939685
-0.0463754999768972 -0.0868283756398815 -0.287435698726698 -0.10166922434941
0.010703387525312 -0.107588147138365 -0.123447389554068 -0.159915789489866
0.0655270510727063 -0.0907915232272362 -0.00255809282098784 -0.107151529580346
0.123279952223999 -0.0425891311515518 -0.102466695513905 0.0255103515150026
0.219016309304633 0.00126692655532027 -0.370181880499373 -0.138229711810615
0.104010081325659 0.0949954000917002 0.457246783739689 0.0407516821882442
0.112391844102335 -0.00763534458792026 0.196470965140401 -0.107085642006236
0.0502829688621728 -0.11099173211425 -0.0353007354090932 0.0750546063889493
-0.0660645922345338 -0.111194118167838 0.0789760855058808 0.177664488569971
-0.102649779814228 0.00741204266583521 0.291143899860099 0.127148870004244
-0.0595030144731253 0.0602179419254564 0.412165932198836 -0.0586928154207473
-0.031151971034351 0.112428095116241 0.385327480846183 -0.252814763933296
-0.0346539537720365 0.111150918254859 0.32494703648895 -0.302752631196699
-0.0435373807499278 0.111828756196343 0.3707314054773 -0.261830131530893
-0.0862567435121684 0.0683993494404285 0.369184301934024 -0.100045237535219
-0.123509283521201 -0.007581000385034 0.254970514841139 0.0637887372241311
-0.0699540916568911 -0.129959909482288 0.112746532560894 0.0206130960111333
0.0650388152829213 -0.103478982538499 0.156763318272729 -0.075420640385497
0.0833900639564632 0.0245690355803264 0.473418026766619 -0.0656598969722984
0.0339980020654404 0.0817680988895555 0.7453807023746 0.283793029467344
0.362372609302586 0.103183148580362 0.363081574416902 0.0278630596464354
0.318333140225761 -0.0836520706376046 0.155712263950677 -0.0886921870164397
0.15764528495456 -0.295311210945902 -0.041574317037396 0.0920155887618573
-0.113586547564839 -0.318660152469994 0.0516210665803368 0.190686867190519
-0.251452347875422 -0.0794972358690049 0.266766935526802 0.135754168917515
-0.217564657061378 0.0703795130405648 0.372054955185906 -0.0259267022734202
-0.194189297853134 0.206622520940882 0.357579067682601 -0.211050130946689
-0.17862819644129 0.230834428906701 0.281202462713134 -0.243268816891073
-0.196432805394142 0.2247389294633 0.312477595711479 -0.217002755600701
-0.263776070259996 0.0925787633008727 0.300126628537861 -0.0673375285899963
-0.293634347275744 -0.0753080660919242 0.192494835593073 0.0597677671494322
-0.167726623532744 -0.351132502298572 0.0615837611459757 -0.0092397966497971
0.14741307923897 -0.34689941882337 0.134292706134016 -0.106679662087732
0.329691017637119 -0.0828543949824983 0.456296973224555 -0.12515042794469
0.350531579104919 0.119617646942488 0.706130829241332 0.180401170818802
0.582877590250927 0.104432787549614 0.203505774551475 -0.0141512578823555
0.507382706356178 -0.157922625870841 0.0699690698093799 -0.0644063277432777
0.25579360989149 -0.467110257753011 -0.0498471589088853 0.117832999427974
-0.156336875179704 -0.509626724333923 0.0310868992877827 0.192536447230947
-0.380550501895687 -0.167158987996374 0.22119660656948 0.120790856431313
-0.354323120975478 0.0650950512409305 0.281655717496766 0.00290146207869367
-0.334041490778932 0.267054087769229 0.275186066796024 -0.141597204142855
-0.295738544296078 0.314667003611323 0.193675944172035 -0.147032676530211
-0.315335728763102 0.307737981317139 0.208316305150522 -0.135023290837876
-0.398895137194484 0.115027090686328 0.184917608764028 -0.0190668609041863
-0.429372763998894 -0.11582329933123 0.0943231149930508 0.0512001300653915
-0.270217042049142 -0.51533002527569 -0.00684024704549608 -0.0404070731392023
0.181957184834559 -0.556491248143287 0.0909520598095593 -0.132191629899283
0.513138995738774 -0.202044633298439 0.381122086145385 -0.163843947491709
0.61347287089004 0.124020864976565 0.569230870909136 0.0653584247856171
0.73035260191993 0.0860919344659518 -0.00767636271288022 -0.0792595478570952
0.643284158907961 -0.231637328774579 -0.0615687381882038 -0.0349928603153497
0.318703584125511 -0.60271138555781 -0.0647419819217778 0.145737320024991
-0.195763868881769 -0.647301658738762 0.0101568940879325 0.177719324095833
-0.473253732647639 -0.230243039702294 0.145513372512752 0.083585722716271
-0.44644081946491 0.0529741325353888 0.145939920451492 0.0267347080018025
-0.428360313414063 0.289245610560766 0.147848620419786 -0.0533746026576798
-0.368977711257044 0.352454483218621 0.0782044383869213 -0.0286700479622904
-0.382100061847311 0.34507115902171 0.0771941899117199 -0.0281653945245587
-0.470919613556262 0.122651747403497 0.0434422105091558 0.0420185500881743
-0.499600651951238 -0.134150114926508 -0.0267020697793467 0.0437484762506366
-0.336775133022829 -0.595015081645679 -0.0849351719019272 -0.0666895358542281
0.177712625261506 -0.676634156040802 0.0356859125467723 -0.142468116967742
0.607035598079871 -0.293163335870221 0.263202172079457 -0.166218011867181
0.773308465265217 0.102631432370865 0.356823214186961 -0.031894898448091
0.772020483010979 0.0457349924975058 -0.245371573739845 -0.151315096691749
0.679799111167741 -0.283183984562948 -0.221894537761367 -0.00253903166330768
0.326069422216925 -0.658499906258501 -0.0871116090165747 0.163441387678761
-0.214477194702102 -0.682669392134596 -0.0182123337552472 0.139329944933494
-0.491266585707143 -0.248876277726887 0.0393689985974646 0.0330760470483727
-0.468303031170081 0.0374708903815813 -0.0205077437354834 0.0455464691764748
-0.457010296266981 0.270255687942458 -0.00656253427341767 0.0420425946617593
-0.38591240707641 0.336027741657205 -0.0497268959657502 0.0931375703643521
-0.391257292559553 0.326509453829677 -0.0611945856276555 0.0851389126228706
-0.466957399781175 0.104519066159606 -0.102897606129146 0.102879224471552
-0.477996454730287 -0.13958145667927 -0.149273513762631 0.0343647295644772
-0.327480427598418 -0.57471431906146 -0.151740894006172 -0.0873418862856601
0.162228067866329 -0.667944875023707 -0.0125068481404412 -0.13786334909761
0.593966477301921 -0.310131253074411 0.131006180275404 -0.127234941089297
0.800031722311404 0.0721957216712105 0.111817808140348 -0.0972164780619112
0.696641684726922 -0.00438479202396991 -0.472006301461164 -0.215073956168841
0.592527326978318 -0.286635056803729 -0.375978271707639 0.0268796117347134
0.271388442811948 -0.583833046150691 -0.109775204912932 0.156734623035734
-0.191368670871223 -0.583662978790625 -0.0526291533417889 0.0817197335166384
-0.416773179117131 -0.220595878004003 -0.0787977009353259 -0.01741173192515
-0.404962392475167 0.0195184179221719 -0.186900505354209 0.0601304132737563
-0.410228463729513 0.210369356667755 -0.161153800449367 0.131851110700632
-0.344289936063162 0.266569371059929 -0.169217193177271 0.200059648852397
-0.347019709096784 0.250277533515465 -0.1870357301871 0.183745407839562
-0.393226747741271 0.0584338322908289 -0.23063465321781 0.143926420352604
-0.375086095149286 -0.139938037334412 -0.246027316235477 0.0118627926042327
-0.236484066609388 -0.471072520568336 -0.186727992627151 -0.110139756529506
0.145347181453095 -0.53188558328092 -0.0367725562183758 -0.127300458970848
0.490450937264398 -0.25238684523785 0.0172671835359752 -0.0681182372688256
0.69631427332952 0.0432531361562493 -0.119017046804918 -0.130855956287085
0.50560807590981 -0.0596073667993762 -0.647705435282105 -0.257936202568215
0.397297354449368 -0.234373155747636 -0.488720060870983 0.0504642322746978
0.165224085638185 -0.397459381579909 -0.128046167520932 0.133771117014911
-0.127958736305966 -0.373390922271683 -0.0813943656757444 0.025197128744115
-0.263177697136242 -0.148453258341418 -0.177586802131994 -0.0543943965123801
-0.271316339617897 -0.00231513465361984 -0.316808532592101 0.0692535327168538
-0.296863425632629 0.117349371754136 -0.288176115989135 0.204654784828682
-0.251587794073636 0.157794919815082 -0.263629412779796 0.276075442526457
-0.25417857007982 0.137798887954878 -0.284347108352613 0.247740253630766
-0.26896323299504 0.00109979325025952 -0.321739237243463 0.150937177533094
-0.221740145077078 -0.124723850973775 -0.300225880898124 -0.0274353930862372
-0.111560084605532 -0.306050569831703 -0.181158446798079 -0.133561536774108
0.115202948025853 -0.324474831645758 -0.0341046528062827 -0.116251459673674
0.32342127471609 -0.15387488647893 -0.0638568231428429 -0.00951831603403224
0.494675198888122 0.0120211425027536 -0.299990711317022 -0.139372725135634
0.230633811655871 -0.0997795337074474 -0.737503792174497 -0.269595613284256
0.135806025363378 -0.144225528486812 -0.547175477415223 0.072351962596584
0.0336554495634168 -0.150335517348824 -0.13542112042644 0.113108612691211
-0.0467912180935941 -0.109172680142483 -0.0912457710226678 -0.0123317157173668
-0.0692275342637744 -0.0563235810149073 -0.234000277480935 -0.0713885629661733
-0.0937982407147187 -0.0268284541188381 -0.387501864219087 0.0725700609420684
-0.135677338451075 0.00307867026246491 -0.366747418692404 0.248280422660615
-0.120081581907088 0.0236760630451107 -0.318421252960727 0.311384672184326
-0.125632704190277 0.00968704177700692 -0.344848624301731 0.270315011817276
-0.112768388390197 -0.0473828723921014 -0.367717196747419 0.125422740268539
-0.0560581588123763 -0.0855950541180738 -0.309883989540519 -0.0765728919164114
-0.00127689090894538 -0.11174855627761 -0.144735591322733 -0.152506906678208
0.0565994508784132 -0.102135898179378 -0.0158415277099067 -0.105384684357758
0.124015006513284 -0.0608557607660306 -0.112623741117367 0.0342855748620084
0.233679621657343 -0.0264751381342887 -0.411938342990206 -0.124574299568537
0.110426065259707 0.0886423821272594 0.469401397839467 0.0135525820112471
0.112550256144823 -0.0125750432390597 0.192212122385451 -0.123258206005883
0.0435003275615854 -0.115262143935319 -0.0311808220633939 0.0796030611895957
-0.0748950488019255 -0.109837520395516 0.0908888947795965 0.175348902752201
-0.103567662238202 0.0135302688518982 0.302404947620573 0.107657843392161
-0.0573844401419806 0.0654352908311053 0.411989755715491 -0.0928408311845558
-0.022979008484334 0.114661784356253 0.36992876408452 -0.284996733624475
-0.0254591304768816 0.115343072054633 0.307749622009205 -0.329285157286995
-0.0360297919651561 0.11608716625825 0.354974919654711 -0.292538484283355
-0.0819086927370135 0.0749758636671932 0.364755760500187 -0.128609098702087
-0.125409477505752 0.000952081286659946 0.264664941277513 0.0472542726927907
-0.0799252548138551 -0.126257773881717 0.11589237548517 0.0132399538907027
0.0595454080634984 -0.108069743655895 0.156274694099775 -0.0881266490250428
0.0868384689673797 0.0207885125600008 0.478140948015252 -0.0992361995542033
0.0389085193481924 0.0813732895157592 0.779811671211428 0.241001996819113
0.373225235299401 0.0808161613898881 0.374700801332311 0.00706929018355509
0.315663042472787 -0.103999484863938 0.153675563873925 -0.100044160572928
0.139436185810386 -0.310591286124583 -0.0361698827953061 0.0974845284282711
-0.139977222917339 -0.317861536588271 0.0646759202679385 0.190776639498357
-0.260646137498962 -0.0648244620178273 0.277318961363664 0.117145012475336
-0.217872442290461 0.087276220010397 0.37404184996671 -0.0556467278975766
-0.181100476480433 0.223703124373728 0.342426282271502 -0.239369965848682
-0.161761498198839 0.249760343101747 0.267678306154106 -0.266301759350462
-0.183043182575208 0.243179799916451 0.297810506476307 -0.242093517491244
-0.261312693951307 0.112901827060771 0.297167031605774 -0.0906431997506463
-0.304618433698586 -0.0564267615260092 0.200289451805634 0.0471028146955141
-0.197286042393614 -0.345417187975863 0.0611608543016497 -0.0128164921805546
0.125576793451762 -0.362883225532617 0.13226904801688 -0.118031131819027
0.330481481213543 -0.104868717837918 0.456385062041618 -0.158495906458718
0.364652856341446 0.0969185470170897 0.729774264438352 0.135923634512978
0.597233661006449 0.0673589240883508 0.210386713743013 -0.0247963479286904
0.503145647703876 -0.192160627462123 0.0695672887700102 -0.0692025102663481
0.227793316875905 -0.491774261541229 -0.0427550056207196 0.124291670731586
-0.197782886840846 -0.508877899419643 0.0456159958839557 0.195219748135785
-0.397547625681698 -0.144491129982149 0.229619211060471 0.105035448290151
-0.357600086082403 0.0918444757985439 0.286358878714059 -0.0184859897624948
-0.317881623048029 0.297173644404657 0.263357689290952 -0.162247411934514
-0.274525300344408 0.345141440039097 0.186790068350075 -0.162131909004774
-0.297769006577619 0.33596688268926 0.199111112493947 -0.151096793195257
-0.398187611419468 0.146607557795996 0.185670805519861 -0.0329010333766248
-0.445613103286492 -0.0883358720953185 0.0989426684581359 0.0447381889973745
-0.314697011687101 -0.505456416407046 -0.0111943292682805 -0.0393564672013921
0.146236459282444 -0.579145421301806 0.0862730402277898 -0.141181966734563
0.510202425333595 -0.238624983763933 0.379558584149832 -0.19407699380397
0.633005798767994 0.0818405008839854 0.581521742926819 0.0306187190572463
0.74688235812366 0.0415164056105631 -0.00897376777539763 -0.077804422306451
0.636543461872452 -0.276907628022985 -0.0620211848458583 -0.0295795867583323
0.282372886235991 -0.63616415237152 -0.0559915574918928 0.15470469821095
-0.249960940167572 -0.648917534069914 0.0243215590782577 0.182409403491051
-0.496154585138578 -0.200215014705052 0.150528242085896 0.0725788075840499
-0.452097756903543 0.0865473727909346 0.151528114313924 0.0168707422192213
-0.412088915196756 0.327401386808893 0.140392563926092 -0.0636831647007596
-0.344169350542177 0.389091149734305 0.0775541621684636 -0.0334635418528351
-0.362524335360938 0.378757224929244 0.0738415759912878 -0.0324784349648953
-0.471185615491734 0.159134298187145 0.0467681875874168 0.0395293629363522
-0.518997158618953 -0.101561234877121 -0.0254604809961412 0.0465249071674003
-0.389625340371887 -0.58208492290147 -0.0929031044467962 -0.0601368569382276
0.134029483331226 -0.704170582587721 0.0293527784097406 -0.147134224095003
0.597563293981345 -0.337134341404148 0.258539770581048 -0.188224250116313
0.793587059439269 0.0463757301743063 0.357960958734488 -0.0551598172786699
0.788358987295754 -0.00171585557236403 -0.256219674238012 -0.136976566509918
0.67415491423397 -0.333072396653181 -0.223221604148934 0.0146060878669841
0.285157081390834 -0.694885519171965 -0.0776605108675998 0.17376046553374
-0.27206578674668 -0.682752834308163 -0.00625460025587389 0.145516681837176
-0.518361285305354 -0.220577988369944 0.0397855747249125 0.0295398101770022
-0.474933499679413 0.0716186424191596 -0.0153191260659935 0.0496496402049331
-0.443127111939921 0.311740600010405 -0.00897781869631233 0.0443744689982395
-0.364228621083238 0.374307721969497 -0.0427723889913558 0.0992117146019634
-0.374072989522322 0.359449664745655 -0.057749965954371 0.0924396223443298
-0.4686075432092 0.141348439772063 -0.0963998977514249 0.112168723566036
-0.498617151540623 -0.109092753835564 -0.151355137154475 0.0458461787401791
-0.377800995238678 -0.561948791405696 -0.162402035915991 -0.0768587222912161
0.11680913597936 -0.690754869332127 -0.0193285302933905 -0.138917918332873
0.583788187103997 -0.355696717817858 0.126907501094074 -0.140530949341498
0.819355432485567 0.0162238429563945 0.102930667929913 -0.105789826924976
0.708884247752237 -0.0497411240957007 -0.492405429935131 -0.188518360474626
0.587555745175359 -0.330899371531877 -0.378230835361276 0.0544502018415279
0.23609971065586 -0.616509127952531 -0.101663780507911 0.168945629326122
-0.240803709275958 -0.584869065799012 -0.0448693518950684 0.0889227971489162
-0.439532358684302 -0.195556430516055 -0.0829836812836406 -0.0127840098845587
-0.412645335330807 0.0492157195350809 -0.182358864134966 0.0771156308986163
-0.400660201584125 0.248093882173632 -0.157821402702817 0.146722578114177
-0.328643168884155 0.301859629033369 -0.156541149626342 0.215871402531469
-0.334203172145834 0.280212809116112 -0.176411956265465 0.200942964278393
-0.398221429572091 0.089576656418546 -0.221750625272095 0.162829818098895
-0.392301620209491 -0.117068951399208 -0.251765753338086 0.0300190325334577
-0.278562057308873 -0.463328936789994 -0.199703078314846 -0.0971671085955884
0.10945272020557 -0.553755166697066 -0.0441480362489136 -0.125424094733214
0.482619899092692 -0.28841866343648 0.0149593276967993 -0.0723149345213438
0.712649952019266 -0.00717211630149239 -0.134424597799152 -0.125006508714256
0.512361443944408 -0.0910967792073756 -0.674138978787356 -0.221457479923156
0.390910169002667 -0.26534269138705 -0.493006650278584 0.0849346126282526
0.14234579475717 -0.41926951068336 -0.1209929959939 0.146511670258915
-0.160472715992702 -0.373340114140082 -0.0774015297623165 0.031968527265148
-0.277944549676079 -0.132764387172116 -0.184906965755645 -0.0429880405238769
-0.277119721110202 0.0172064412752969 -0.313481533879427 0.0965921558350929
-0.292937758905259 0.145453157735818 -0.28075614312379 0.229674965385753
-0.24285522371903 0.183635488783194 -0.24666551723511 0.299377579375935
-0.248149305267107 0.159651641568089 -0.269937865093339 0.272595190252108
-0.27453107559278 0.0225045258893966 -0.313375017776159 0.175835845512849
-0.235338379669226 -0.112643049027937 -0.308993680529743 -0.00603294926975641
-0.138590454354807 -0.302460218387586 -0.19451088738047 -0.122344903894539
0.092038550436653 -0.339228570470927 -0.0419317250410085 -0.114463604942927
0.318141543431701 -0.17811574729089 -0.0638416537378629 -0.00714708979800952
0.503762227341964 -0.023937186482752 -0.318433867292696 -0.121655937538933
0.229863285854671 -0.115966216854771 -0.768813452355934 -0.229655379355493
0.131318251660225 -0.156761570888338 -0.553238716346993 0.111657212185229
0.0245700576863204 -0.157553852382735 -0.130351332046363 0.124943697817792
-0.0568582451674441 -0.108686211346272 -0.0907685298729459 -0.00663228140790207
-0.074648457672724 -0.0528674782364564 -0.241846621849726 -0.0558633354595761
-0.0967182591409185 -0.0205179533651897 -0.385896670431033 0.104584476961722
-0.137576764465199 0.0167972537276882 -0.354316703721803 0.279933569990458
-0.12063249210518 0.0360362626580363 -0.30043079361119 0.33928454074488
-0.127692112977069 0.0201945698912939 -0.328430513042004 0.298381603313376
-0.118775424054363 -0.0379079117995627 -0.361293321869195 0.153810572880499
-0.0644190437457156 -0.083333904586568 -0.321069573603533 -0.0551251574652151
-0.0120742451200219 -0.112848336533569 -0.157977884298819 -0.144283539996179
0.0482952143458962 -0.10953173821316 -0.0236555655940042 -0.104802148065302
0.121944179232465 -0.0711641073225993 -0.111218096186273 0.0412696001674712
0.236551364127114 -0.0461246373889975 -0.431601733235397 -0.0989057413815801
0.114139647596718 0.0793274433735708 0.468501495471951 -0.0171216545314572
0.108691367976327 -0.0184911999505564 0.18043415751438 -0.135307544510283
0.0342989501370184 -0.115535046461537 -0.0243597000776831 0.0830560967022224
-0.0831154214191153 -0.103646827820868 0.102109266543789 0.167303093765777
-0.101512509645175 0.0200400340864208 0.303162695283352 0.0821512783327274
-0.0532691318447671 0.0688176298034103 0.39614718852511 -0.125847291515475
-0.0134963390497942 0.112691572043775 0.340205771472778 -0.308007591828791
-0.0150693914951519 0.115887625198029 0.278716720625486 -0.347781828862669
-0.0263220919015824 0.117226478850773 0.324685586004095 -0.315873302048051
-0.0740627619694826 0.0787528964073494 0.347298439792084 -0.155471502723587
-0.123034150199959 0.0105607792013883 0.266386156298845 0.0265187535850025
-0.0883633240562883 -0.118444673336412 0.116058184607492 0.00479807688160467
0.0522144693584331 -0.110126251494026 0.148832024343199 -0.0996030426037284
0.0881008160036105 0.0150913629350329 0.465246553846884 -0.131616150396063
0.0435735055449574 0.0777819388252445 0.787989220529937 0.18281199432524
0.372661227319925 0.053320304932223 0.374585882177563 -0.0169624567968218
0.302938063828736 -0.121587161916712 0.145235964781478 -0.10959794754065
0.113919315921527 -0.316222453237256 -0.0280454003029512 0.101049572830492
-0.164062427849178 -0.303748901442757 0.0780007903415898 0.184751332835601
-0.262663401824809 -0.0460750225243895 0.279415431485438 0.093875749917494
-0.21060449012555 0.102317819677035 0.363443882552731 -0.0857117425947473
-0.160113781802306 0.23394926046323 0.315796909567835 -0.260131973907777
-0.137819543818318 0.260471304007166 0.243981600505796 -0.28164345637335
-0.161879006838614 0.254023393998465 0.272367570343933 -0.260884657178056
-0.250020511691539 0.131417692436589 0.2843176560079 -0.111964001530197
-0.305282168914693 -0.0325898700148066 0.201338797457048 0.0313866718517386
-0.222821725069276 -0.32665428659194 0.0590743301968232 -0.0162653791630654
0.0981738747075844 -0.368362112824866 0.123933519690764 -0.126874538818959
0.320421018192385 -0.126783291126471 0.441074805064287 -0.190300258532006
0.367330506625011 0.0678791786041689 0.731168282509236 0.0848882291639998
0.593677845589048 0.0252830839313765 0.210256506197252 -0.0371039248387709
0.480670427143251 -0.221703240255617 0.0663656264995935 -0.07261971872029
0.188006468719215 -0.503188171243037 -0.0321930618405295 0.128024943726993
-0.239573878688901 -0.488797723299081 0.0604161795939399 0.191349762984096
-0.403818443821247 -0.11432243635636 0.230571365872441 0.0857977701936048
-0.348811945718762 0.118938015056831 0.281734678677691 -0.0403525912756096
-0.288917007391368 0.31845037802427 0.242597827619378 -0.177364262323334
-0.240834814344397 0.365396109205457 0.172664900471172 -0.172603169420037
-0.268153090818792 0.355936258921292 0.181889088612736 -0.16235555997834
-0.382502823643453 0.175268118975915 0.179286590548695 -0.0462088659557514
-0.448178514439906 -0.054487545745643 0.100353787081651 0.0375297921714481
-0.352502006940951 -0.475929569005947 -0.0151032886956057 -0.0362741051743987
0.102194768102218 -0.583715661092231 0.0781527004595908 -0.146734537910467
0.487651360204455 -0.271976171496976 0.362210322512634 -0.220480704948562
0.632575185409392 0.0321380200282232 0.57478143955713 -0.0102025627870408
0.740335943816686 -0.0107884172584754 -0.00989706435778857 -0.0745913785531474
0.609453333323646 -0.31689872493307 -0.0606528060024729 -0.0240191087710946
0.231421154000828 -0.652485371296055 -0.0435746115635303 0.159455721497185
-0.302184550034008 -0.622674034386236 0.0396927127662706 0.180129266451934
-0.505845533636927 -0.163405474180168 0.150792769495656 0.0606998672551439
-0.443193436199967 0.120829796912776 0.152764194411171 0.00526929973246657
-0.379126767571162 0.35682526712164 0.128177544983785 -0.070447747202422
-0.306889727717154 0.416707278457118 0.0752473730694992 -0.0380488707389052
-0.328509071397594 0.403378321782434 0.0682737077360147 -0.0358488682845867
-0.454059461207462 0.196237410878467 0.0490856254331389 0.0355260970863125
-0.521856295142771 -0.0620211998843415 -0.0229936607504334 0.0486718750735204
-0.433056054175554 -0.545889501874298 -0.0973175567257257 -0.050232607162134
0.0799226283072317 -0.705318408028039 0.0217678030138911 -0.148358173345464
0.568304097561272 -0.375566027713942 0.244010847041065 -0.206689337710053
0.787318708288117 -0.0127142718039667 0.34749030847983 -0.0783477575440694
0.780996764872435 -0.057143764853234 -0.259908562358332 -0.116778203426725
0.645086255855864 -0.376650656079644 -0.216577921047469 0.0308516087412442
0.231745958853938 -0.7103699214328 -0.0636145694847792 0.179847913110578
-0.328271123291656 -0.656757687192317 0.00697471665638025 0.145975742146881
-0.528134220592723 -0.18121426477929 0.038455886770215 0.0267325567871755
-0.466753513085253 0.109091452674508 -0.00830240048355392 0.0507422489711716
-0.410455462752231 0.345197745692868 -0.010204647879387 0.0475436090003432
-0.327405142162658 0.403693300815501 -0.0334984127187458 0.101891717395871
-0.340171388489071 0.384090390152267 -0.0505712718004541 0.0973249376586567
-0.452802606410991 0.17669218059083 -0.085872071805586 0.118363038121437
-0.503786698407883 -0.0720223631443495 -0.148303343403392 0.058362402140167
-0.423583226303015 -0.52802432299153 -0.168061093367102 -0.0608861626738494
0.0623798015662444 -0.693827723368536 -0.0267592519285702 -0.136139980571243
0.553104706034026 -0.391874603826298 0.116995575533049 -0.15078428871792
0.810903915912893 -0.0493938668038019 0.0903629989877527 -0.111041126488857
0.699734608496723 -0.0978941254035691 -0.498381007369175 -0.152896706503095
0.557771589279643 -0.369686891252474 -0.367757735142713 0.082262031030851
0.188116292215657 -0.631485771990714 -0.0881550474058946 0.176729020832306
-0.287986871807106 -0.56241764980752 -0.0350548655706937 0.0923603885410016
-0.448738080583627 -0.16216987459713 -0.0846384359751922 -0.00569887762476202
-0.406246580191787 0.0809896492743095 -0.170222999659094 0.0922888559663883
-0.373899152148543 0.279203930956422 -0.148725206276751 0.16008186025472
-0.297992133558396 0.328613109976832 -0.137585596996768 0.225240506672429
-0.307677444864211 0.303819578369094 -0.15838866862781 0.212529990050101
-0.386355393027196 0.120989477807682 -0.205025135922852 0.176948018955746
-0.398827077420933 -0.0873740758662158 -0.247898796472304 0.0501863642797401
-0.314477928271102 -0.434191570638668 -0.205667910159296 -0.07991544945155
0.0637172800735268 -0.555522078885216 -0.0501760840951705 -0.121370790187878
0.456472057719196 -0.31925708606183 0.01075356804437 -0.0754706534322827
0.701486738493362 -0.0620913074808752 -0.145247833296696 -0.112583453588566
0.501222110696764 -0.126454420336741 -0.683065257129016 -0.174812346753699
0.37101152833809 -0.292171267209372 -0.480177491138019 0.120841706598038
0.110067689723075 -0.428976011540126 -0.109350890975 0.1548895593744
-0.190425508900252 -0.359101079194037 -0.0715435335711613 0.0376004747722099
-0.28447266949573 -0.112263219545268 -0.186177397680357 -0.028920718868382
-0.273762088093875 0.0388164991060839 -0.298302003860953 0.120954012170468
-0.27636693890886 0.169433808547204 -0.26059339771796 0.249972938528571
-0.223744135292659 0.204490339181369 -0.221085753403515 0.313853392875547
-0.232927413282406 0.178445866820788 -0.244966232334858 0.28968105174075
-0.269855592304648 0.0455552516607115 -0.293188051276139 0.196671646825195
-0.243123354841933 -0.0940580969186399 -0.306086997302571 0.0186990951722686
-0.163453892617703 -0.287557043792769 -0.202255801985012 -0.104553330797786
0.0633142898958179 -0.343073820505512 -0.0478322606244542 -0.109729182547702
0.301657077083865 -0.199132454424861 -0.0624591582812255 -0.00519903871564765
0.496144169127737 -0.0650276486305706 -0.327350932052059 -0.0963941011540842
0.220156435190546 -0.130857817964449 -0.778053354233662 -0.175612390636412
0.121618709811593 -0.166432615509684 -0.538773245052169 0.150196467664062
0.0129802486187973 -0.160035006867685 -0.119927548165873 0.133141359271589
-0.0659370020533147 -0.103975976132415 -0.0877560144759065 -0.000504427364135605
-0.0768258195522053 -0.0472909498464566 -0.242399155869097 -0.0362283512263797
-0.0975470559452916 -0.0137126813185421 -0.370639228104668 0.135355258468914
-0.133268472719529 0.0296914075005209 -0.327691900137216 0.303154031362258
-0.115604893580906 0.0479439401887492 -0.270590979789149 0.35651209404636
-0.124557382099235 0.0313029713224823 -0.298186475210587 0.319030565100353
-0.121180803503783 -0.0260639284097472 -0.341708698356994 0.178100207258802
-0.0716781369727917 -0.0777278401028899 -0.322209888234882 -0.0292907100668068
-0.0227355993829745 -0.109438021874754 -0.166785347400411 -0.130173932787448
0.0369194375482602 -0.112551844277434 -0.0308647963429451 -0.101245318140924
0.115293420681845 -0.0803644139919693 -0.10607536031124 0.0476981085672216
0.230572247441086 -0.0656580052321861 -0.436863904049202 -0.0661352609922514
0.112711211269445 0.0707557262548732 0.456184725801692 -0.038894239747895
0.102764642924365 -0.0213329363797923 0.167762930941527 -0.139227760144467
0.0268987325167899 -0.113226673491653 -0.0175087788349613 0.0838608159208306
-0.0868234391417766 -0.0964325685393529 0.107637735362953 0.157011141334535
-0.0982735346220395 0.0239628157662928 0.295436128457517 0.0630826995929512
-0.0491524024351932 0.0691147328605873 0.37372716771428 -0.144730602080358
-0.00707398969848401 0.108435008324347 0.310229670528766 -0.315419913810615
-0.00697826928840284 0.112304383123805 0.250665864443721 -0.350550694587944
-0.0181601809935806 0.114146095561289 0.292571011065274 -0.322832469755968
-0.0668606561299937 0.0789817223682814 0.325986596388789 -0.16845193049621
-0.11791318823136 0.0168743880163522 0.260156689144495 0.0102842945334619
-0.0916723203217035 -0.108986912223913 0.112553246360091 -0.00150207682704182
0.0459788405753657 -0.108487060200076 0.139856291637881 -0.104552903818773
0.0859170578737343 0.0104831432692333 0.444042957590039 -0.1505773512354
0.04515851579348 0.072931841416853 0.773629074969818 0.138681942029392
0.361197935855301 0.0330352200285423 0.36587133731422 -0.0333247800930685
0.28500296557423 -0.130604647177735 0.136620219073717 -0.113170441667777
0.0925020837494968 -0.311137471323654 -0.0201213108465686 0.101408309437066
-0.177820478547577 -0.285715002231792 0.0856571412643014 0.175825544104745
-0.25735185667627 -0.0319658891945539 0.271975723438916 0.0772467299652766
-0.200116099579879 0.111552769801371 0.344661408129848 -0.103850913976511
-0.140998750170755 0.234943296513367 0.28829300639829 -0.266430035582672
-0.11623374108142 0.260917207752227 0.220597536328458 -0.284796108459315
-0.141968278119936 0.255163229879556 0.246111685669484 -0.265775190508011
-0.234241893183743 0.140540100557902 0.267353096162245 -0.122591848971307
-0.297818827241722 -0.015166777516235 0.19728170786334 0.0196192507376468
-0.23508540667296 -0.30399964319195 0.056336741041112 -0.0177164611691402
0.076994589543418 -0.362235718128353 0.115410733989492 -0.130849216645412
0.304396069246813 -0.138253164348126 0.417682543646537 -0.20716337176139
0.358335115126427 0.0452731673376152 0.709834086598892 0.0459933691378743
0.574637417563078 -0.00606735791512958 0.205699731932625 -0.0444592386702754
0.454305361000677 -0.237727326122543 0.0623862699649015 -0.07330929407249
0.153732177332128 -0.497451213728788 -0.0226608843429106 0.128758178572407
-0.261571139397319 -0.462101706769835 0.069671076401062 0.183928290372044
-0.398384107569256 -0.0909636942620862 0.224874419534848 0.0728823661220345
-0.333383964907696 0.135670565425707 0.270446646194583 -0.0564384400458359
-0.260236228113923 0.324789962291614 0.221296718195581 -0.180733855588741
-0.207509018139525 0.369762644621858 0.157807808802239 -0.175529760861462
-0.237934546921428 0.359196104330903 0.164323449387033 -0.165112058923437
-0.361081677592298 0.191373290811873 0.169571082917633 -0.0536383683331199
-0.439277803809659 -0.0282673918057184 0.0997658976312803 0.0317812655655112
-0.371677968734754 -0.44123018139076 -0.016452012173337 -0.0324484836098034
0.0667747073808466 -0.571713549029971 0.0710847999533239 -0.147425996477559
0.460628432410397 -0.288471298307383 0.33936399058303 -0.233620408693025
0.612117941661352 -0.00378776619897381 0.555444914696775 -0.0364016243664861
0.714074367364395 -0.0464097067050437 -0.0085409230977491 -0.0709971319555245
0.574295229825225 -0.335258562831681 -0.0564260538801209 -0.0202661417156248
0.187051120782117 -0.645322425997891 -0.0319788078140245 0.15955397585607
-0.330883394085485 -0.589023476417259 0.0496244585260559 0.174482158783387
-0.500548824360387 -0.134429836474733 0.146547757534363 0.0529475966954411
-0.425364349861634 0.143485632677278 0.150368664450811 -0.00395811377682897
-0.345821320997818 0.368387659176453 0.116862029550458 -0.0705956679990464
-0.26823747422911 0.424231688295279 0.0710280983932186 -0.0407547225083194
-0.293805337999181 0.409436328082415 0.0624576867579205 -0.0362859963945255
-0.42844265811668 0.214366180417071 0.0488319956234206 0.0323514646404825
-0.510697713778353 -0.0325945724812103 -0.0203672174176047 0.049875177648523
-0.455024896543469 -0.504115050998286 -0.0973268323043852 -0.040915450586991
0.0377725787889694 -0.689111034781559 0.0162471927548509 -0.146226152892284
0.53218376572031 -0.393366617587454 0.22621716065523 -0.215779143900471
0.761208427817634 -0.0565666537701454 0.330474762721735 -0.0917589849229516
0.755010968719346 -0.0936481449724834 -0.254809169094788 -0.100059770969047
0.607077284471069 -0.397245118124954 -0.204946515070991 0.0412151156687448
0.184807126129447 -0.703312692799802 -0.0507930054348782 0.180299014264213
-0.358357408109466 -0.618419248575798 0.0167145979032591 0.142659891101012
-0.522486111729826 -0.149047957576872 0.0368205871273793 0.0264353139041938
-0.448663176428809 0.133311448552249 -0.000954043441386012 0.0501312974618051
-0.375593825341435 0.359484008111075 -0.0103732588815659 0.0511042023592728
-0.288909520879691 0.41404341333909 -0.0261912340991034 0.10029980785041
-0.307334906250456 0.392780425585143 -0.0438826032521344 0.0985255395857671
-0.429242609403993 0.197699570037515 -0.0763425090045893 0.119276459696402
-0.493186072138961 -0.0424582369605435 -0.141030472229567 0.0659411469638321
-0.441801317606324 -0.486115975250137 -0.16669020945846 -0.0479888224308948
0.0210234189158904 -0.676295065984947 -0.0302040708618558 -0.131792384819893
0.515732479756946 -0.40814035233053 0.105680245960491 -0.155020903101221
0.78070581413073 -0.092363086460034 0.0793824439689013 -0.109879895674063
0.673525713410935 -0.127648610751406 -0.489849746522406 -0.124401164975275
0.526102391626553 -0.387245708387311 -0.350094584724903 0.0986187884342674
0.147904531814819 -0.623899961618447 -0.075974340941801 0.177293807733647
-0.3143986365644 -0.530930130545844 -0.0270204257621196 0.0932459171052847
-0.445531707418048 -0.134652378950169 -0.0828800152919388 0.00115713772921887
-0.39115685597533 0.103412394121113 -0.155155599609928 0.0993165301073593
-0.343763963138898 0.294395885803136 -0.136377411436433 0.166773753879729
-0.265380799905133 0.339239974797007 -0.120063123643154 0.22520648305558
-0.279660547587108 0.313157748195473 -0.141257704607164 0.215166283453114
-0.367586692449169 0.139765332336062 -0.187759984755117 0.182302005965404
-0.393623451556425 -0.0634575408318805 -0.238262614213784 0.0637643642232441
-0.334217641934109 -0.401993012346 -0.203328157099339 -0.0638068107080802
0.0293192766527588 -0.542616205228544 -0.0525186001411783 -0.115269893147781
0.426522815008432 -0.333012403622809 0.00717719331898465 -0.0764115717919743
0.675949408207594 -0.102135198576984 -0.150353679786118 -0.100478871196801
0.482250095274892 -0.146419631778948 -0.670441381865855 -0.136134490380205
0.348030650114324 -0.30405259241533 -0.457685976288707 0.141030882624313
0.0840130256138506 -0.425098557615818 -0.0980674610287495 0.156688822037373
-0.207651333295777 -0.33938549626703 -0.0656057179954 0.0411403314248775
-0.282222953060598 -0.0947571145872657 -0.181341584990248 -0.0162368667428728
-0.263837094529029 0.0537253223675387 -0.277498794677372 0.135637664473791
-0.255130608760658 0.183012436097871 -0.239246994592174 0.258256160782575
-0.202207533519881 0.213848571309254 -0.194993923202334 0.315790777938299
-0.214489975643604 0.187314116590656 -0.218979209778127 0.292685150810562
-0.258207482560048 0.0608473912607621 -0.272074675254024 0.204919931708136
-0.242561427466461 -0.0778632385616105 -0.296702924329926 0.0368720712276273
-0.177906923225962 -0.268012516390825 -0.201745022378411 -0.0890894981370462
0.0395685744028952 -0.335920090113973 -0.0503369416845431 -0.104376786537271
0.282100507920996 -0.209082068459949 -0.0596688554468201 -0.00391956674631242
0.475714026020993 -0.0920702194309427 -0.325009920101683 -0.0753589746579248
0.208913351339133 -0.138069184264704 -0.765472857701324 -0.134594436976127
0.11195054377019 -0.169529692289684 -0.512820059317814 0.173711785222544
0.00483314937891409 -0.158342092410705 -0.109534816243032 0.136045332835268
-0.0707157500002763 -0.0977298986916549 -0.0834379570294177 0.00383051161211194
-0.0767800000759388 -0.0419637998091131 -0.235231192041168 -0.0225014329656495
-0.0956533076089413 -0.00771884512000591 -0.347346314764287 0.153577940508448
-0.125796643774546 0.0384770858769265 -0.300218705683207 0.312285969309936
-0.108151958904134 0.0549888357775784 -0.24186865697422 0.358548927405002
-0.119004554946675 0.0387912839434142 -0.269147138602955 0.323619148066909
-0.118350066013475 -0.0166186189394794 -0.319122261813238 0.189687055003191
-0.075362737001112 -0.0712973415605266 -0.313724594955088 -0.00940252823826964
-0.0302865064878557 -0.104225273919149 -0.168696222229247 -0.116147477228662
0.0269435130335477 -0.111516585950863 -0.0349259599271255 -0.0962098865823352
0.107892150399082 -0.0851181323532843 -0.0991504969367878 0.0493456582580833
0.218907751174854 -0.0780893136602214 -0.429434970993053 -0.0408855822425502
0.109593460501355 0.0654726741795892 0.44593924236082 -0.0476516079959489
0.0980607540742373 -0.0201429425390777 0.160023551635516 -0.138781599072277
0.0225545764616279 -0.109607569256734 -0.0115679477296137 0.0835589003888181
-0.0873227684611398 -0.0915649253866014 0.109209450986621 0.150367362198616
-0.0958980806497672 0.0255986083482728 0.287873604373124 0.0542341066546666
-0.0472951921160079 0.0687602458358159 0.355687709146067 -0.152668482708489
-0.00413505825605358 0.104375537714749 0.290588875241172 -0.314365321825957
-0.00224437491394241 0.108570373912715 0.233307261789115 -0.346406899258458
-0.0144611775914604 0.110899175287298 0.272975318856901 -0.32064010377711
-0.0629852858859574 0.0770424372896993 0.309565969300181 -0.172209006700984
-0.113798427197349 0.0194317527023373 0.254671690989048 0.00181502791798625
-0.0910826763656704 -0.103106104300518 0.10939016323708 -0.00453365722196066
0.043320535806154 -0.106393080773513 0.133782770359662 -0.105983076318797
0.0836639417149678 0.00969041173093189 0.42855016437722 -0.156426129715111
0.0454388889693877 0.0697779204356416 0.757675845119893 0.117196670866792
0.350779557696578 0.022780353144592 0.359738151041956 -0.0401798580563346
0.272858136351399 -0.131492575862401 0.131072043869271 -0.11223438568439
0.0801421251237681 -0.304578788279194 -0.0136353051330107 0.101105372755508
-0.183308641536128 -0.272836429669073 0.0893504972628687 0.169946500601955
-0.252373743726747 -0.0253026012706018 0.26555190422257 0.0695723223205177
-0.192900705104688 0.115552489463916 0.331574963473687 -0.111990072881548
-0.129911973953864 0.232406719617973 0.270718865591317 -0.2637961834222
-0.102153889459515 0.257880373665925 0.20684059779993 -0.281677646263223
-0.129714316614377 0.252126969671861 0.228604095086324 -0.263746846395707
-0.224627846934544 0.142057876478211 0.254752112466203 -0.126568696100149
-0.291355782922535 -0.00657512491314372 0.193704995315639 0.0129941431519994
-0.2395019852534 -0.28842228087825 0.0544918887332619 -0.0177882155653204
0.0651614470175925 -0.354741861952419 0.110676568919297 -0.131560516516541
0.293843563108161 -0.141404308311212 0.402153797333409 -0.212596315232001
0.348272778437758 0.0341455215754352 0.695517539524315 0.0298883277940881
0.557354090925686 -0.0192970861653575 0.204675788054153 -0.0477496033312162
0.434776022256215 -0.240692803578859 0.0613766029083417 -0.0726370312954935
0.135252320374551 -0.489100052871532 -0.0162653115204352 0.127865654550932
-0.27147836187785 -0.441421605131307 0.0747796767575313 0.178460112173772
-0.391716905037132 -0.0787642669071325 0.219581071187216 0.0670011729032854
-0.322098009614683 0.144041083818212 0.262433930558469 -0.0636154254047049
-0.241641683812102 0.324174211108321 0.207750801545794 -0.177594983640087
-0.186355752353455 0.367279156124991 0.149037790773366 -0.174193714856841
-0.220142893645959 0.358415801721038 0.1530408639155 -0.162418109469509
-0.346460129100177 0.19663759752895 0.162460374585602 -0.0561591458486303
-0.429786171130398 -0.0155761664628381 0.0979774634880694 0.0289887369434374
-0.377841751810868 -0.419710432869999 -0.0168760287587952 -0.0292019783188314
0.0496656157710808 -0.560152760059162 0.0676242134161034 -0.14708719933853
0.442099538712202 -0.291010686193044 0.32619015542542 -0.237189811428339
0.594086484765104 -0.0214143792980754 0.539409877013595 -0.0470850804998414
0.696220810427944 -0.0627356669261795 -0.00670499572130315 -0.0679860225163504
0.551865623716276 -0.339157008026294 -0.0531141612080492 -0.0185992221724552
0.162438983249535 -0.634729839361561 -0.0247854293486602 0.158724066355951
-0.343624006750187 -0.56188125505962 0.0555234298805721 0.170920376906378
-0.491739566335817 -0.118563454396107 0.143029799246877 0.0509876284956608
-0.41034523779572 0.154059616757128 0.148546099584916 -0.0090949367049335
-0.321888272440755 0.369337045380226 0.109862954558721 -0.0667604235645806
-0.243683861623053 0.423563239911278 0.0686416860790754 -0.0409723322690776
-0.273592759318745 0.408302609760271 0.0585953519103035 -0.0348423337611175
-0.411465649310403 0.222801915041514 0.0479359309338009 0.030789052999568
-0.501708164802873 -0.0179927686344487 -0.0182218409131397 0.0512690809562219
-0.462300700916627 -0.476757350757401 -0.09561757894979 -0.0350439351218099
0.0162696417778057 -0.67368367189008 0.0143488623936308 -0.144502112112394
0.510156470964675 -0.39577052215703 0.215207485918802 -0.217674816179452
0.736838783417071 -0.0767650496350607 0.317392259158099 -0.0946512889136254
0.732394724624263 -0.107573534272774 -0.247480334491977 -0.0911130582456591
0.583452347239277 -0.401882152974045 -0.197093621798965 0.0445240754971822
0.158110042556382 -0.692084613137706 -0.0431520125036166 0.179750904512692
-0.372711267479302 -0.593017309531272 0.0229309397853027 0.140956208176314
-0.515426251990855 -0.132982698237308 0.0367719649630038 0.028408752260067
-0.434290211429975 0.145125955042461 0.00434954115816871 0.0480228644800354
-0.350880519347737 0.363011258072847 -0.0101226202063924 0.0550186398027541
-0.263401171086588 0.414201471410469 -0.0220599920991159 0.0984288596053401
-0.286611453926021 0.392515586500581 -0.03968474058976 0.0982163605352079
-0.411353475511582 0.205852110526313 -0.0707118719693984 0.118271212360701
-0.485419386624934 -0.0283032527015524 -0.135715519730091 0.0705748361393186
-0.449482680200743 -0.459583573175219 -0.163042092511834 -0.0395177972747635
0.00237756587035084 -0.660771084817449 -0.0304729488081937 -0.12973062345049
0.493196676380062 -0.409547027448552 0.0996041059968462 -0.156072059590105
0.755244800925206 -0.113883949781903 0.0715554244429584 -0.106913413402358
0.654850441811128 -0.141053159751077 -0.47850155976987 -0.109747425988404
0.507371634033314 -0.391215129661471 -0.337528940867811 0.103365299431365
0.12615539435126 -0.615550631164533 -0.0682120090750247 0.177509726057611
-0.327108071453059 -0.509131293753397 -0.0209959201080799 0.0931627395280066
-0.439348384902887 -0.120152765856044 -0.0799110956480225 0.00587808999055231
-0.378801459182141 0.112959072977652 -0.143412109683928 0.100845169897652
-0.322447103563554 0.300228634251223 -0.129316617118922 0.170178059510331
-0.243159850549985 0.341563942520715 -0.109956877652944 0.221956995106427
-0.262334596194897 0.315128295082268 -0.129882173028054 0.213408303628959
-0.353872025131753 0.147854808842997 -0.176685853442707 0.182028770577485
-0.38747727129121 -0.0503577846763721 -0.230691595713136 0.0713384858587613
-0.340772727196891 -0.380687100846817 -0.200272052484759 -0.0538631363630551
0.0109993492592005 -0.528017275160183 -0.0524930445538781 -0.112922399934482
0.406946938436809 -0.335747130480922 0.00518779061747348 -0.0770631146289804
0.652792307007761 -0.120855607704926 -0.152732150706795 -0.0927264030020156
0.466491201109125 -0.15451726007458 -0.658059777888461 -0.118251680547362
0.334485056148042 -0.306587906875891 -0.442579513935688 0.148931157600758
0.0705620429428954 -0.420723576720557 -0.0918392173441846 0.157351311062442
-0.215309960924596 -0.324803890218143 -0.060654014174574 0.0425350586511261
-0.278356346966027 -0.0861416134316248 -0.175677232764791 -0.00983850489395075
-0.256159867036391 0.0609989921014479 -0.262472834100054 0.139588236075173
-0.239871493392416 0.187905668807296 -0.225654756593063 0.261309152230395
-0.186961647198693 0.21765150279061 -0.181358209262786 0.311855922031948
-0.202134785241382 0.191108921184321 -0.203382680750477 0.290414196821729
-0.249381060353545 0.0686401838745013 -0.256972674645681 0.206513059178832
-0.240182964833232 -0.0688116914898513 -0.288367351318271 0.0457989260871922
-0.184141786321298 -0.253848785325144 -0.199179860381376 -0.0791638470027594
0.0267214543299105 -0.327856392984473 -0.0501769207907096 -0.101026952770662
0.269218607051456 -0.211412848100075 -0.0579643656446438 -0.00445772193160791
0.457172254176324 -0.10407141900964 -0.321782894915898 -0.0650471212264892
0.201078344704404 -0.139826004245757 -0.750916932289055 -0.113627028375703
0.107477339623394 -0.170705837254931 -0.496589374870457 0.180671723023644
0.00101679494379489 -0.157160458635108 -0.104113061775041 0.135861855042052
-0.0732170184983662 -0.0940136604458405 -0.0797193642010606 0.00581153332967973
-0.0753795756398178 -0.0397580224464381 -0.227636865534653 -0.0155591456328664
-0.0934537247889786 -0.00518579953590765 -0.330300813974033 0.159867567738941
-0.1200040517559 0.0428022818103175 -0.283214037087573 0.31269948762577
-0.101632717052708 0.0593011617053574 -0.225401519576539 0.354551544256208
-0.113595858044164 0.0436532795351475 -0.250959035347758 0.320991994879433
-0.115499442658133 -0.011122568520612 -0.303249122779916 0.191766387675991
-0.0772699154781629 -0.0663888399355656 -0.305194519977923 0.00200151079093183
-0.0348237377808452 -0.0986094438007122 -0.167424349749883 -0.107220383774664
0.0205156911660445 -0.109498263822757 -0.0361510784809638 -0.0930877740034343
0.102171446771919 -0.0869611134203582 -0.0940503997958855 0.0486183870462536
0.209692637672796 -0.0832786524327334 -0.421733299799364 -0.0289780580863873
0.114939861201109 0.0409511088320204 0.447150573359159 -0.132259060728747
0.0869267948052097 -0.0376419168646253 0.138627043184632 -0.168402825467229
-0.00136107912947419 -0.105426249635072 0.0164022639460029 0.081496037687135
-0.100341631738135 -0.0668403701336685 0.143248754451803 0.118258988478952
-0.0841195428044244 0.0405407212275295 0.289676659650553 -0.00734572730911896
-0.0342546786507527 0.0713804936280859 0.313945132529098 -0.221213760197388
0.0177628933134145 0.0949981595218197 0.21517885361176 -0.360715340038938
0.0182242124852311 0.101788847071914 0.158670498758398 -0.38440469997178
0.00945286905175001 0.104241763281256 0.204457726367741 -0.374014011641942
-0.0427770825154152 0.0840815205625643 0.27239271271914 -0.240540951456888
-0.0998203922197956 0.0401085313076153 0.255033582955258 -0.0561686330889957
-0.104483031370731 -0.0797153335609714 0.111229478183663 -0.0293359308165699
0.0228421407755384 -0.109140434808737 0.115980953637071 -0.132521668982989
0.0894707269228746 -0.00408943525111113 0.389242091445531 -0.249752911873958
0.0663922563977029 0.0652645246332724 0.778422432038427 -0.0356298000931914
0.333979822535956 -0.043975957405502 0.374777828277429 -0.0982048882607602
0.231075316109759 -0.178511401559515 0.124666098008696 -0.132569948311532
0.0119488423838697 -0.301815985324637 0.0337168366645171 0.0939391509807239
-0.231779523940733 -0.214377881622227 0.138544191471956 0.128407600739967
-0.243901068737233 0.0241856968778775 0.266004988688264 0.00307168810534999
-0.163600818846439 0.145417592557495 0.292163168880962 -0.18191812563794
-0.0721119202878625 0.243773835147753 0.193420189716491 -0.31344270119964
-0.0477270286969566 0.26380767044629 0.144314115245951 -0.315791248636656
-0.0730126555104298 0.262192057321158 0.174024138957176 -0.309470287304961
-0.186499298523511 0.178695545091322 0.22998178491029 -0.186429257274621
-0.27404836714102 0.0488516501892939 0.197312352854933 -0.0339497389509
-0.284465688161353 -0.227523344474812 0.0598446057496654 -0.0319273311733903
-0.0062860400618201 -0.350032606299466 0.0990563689924466 -0.150342090755724
0.262438029246567 -0.193973541606873 0.346244608367645 -0.286295159773457
0.354096589702338 -0.0334055784919666 0.683860165890871 -0.0990348468318453
0.52048452175083 -0.123225858540513 0.226923588532201 -0.06652338211287
0.365070374604963 -0.315443787876291 0.0715307199249971 -0.0753648108650543
0.0243448723345253 -0.486857424171133 0.0519597217567715 0.115406490511788
-0.351977203037395 -0.35340353539433 0.136654691549185 0.128332454408836
-0.388402205388606 0.00207224179509504 0.216707130630903 0.00101737378226299
-0.280760289449019 0.199023213258242 0.229128153384675 -0.125497055962579
-0.156890188247584 0.356188704683362 0.139593519189833 -0.221934834041171
-0.106418921017883 0.386813948057124 0.109428693677105 -0.2004014795706
-0.139177303686468 0.38227413100929 0.121730303399763 -0.195311217773178
-0.293884464922218 0.255156098835958 0.154017903696137 -0.0998732587494473
-0.4082016961653 0.0662620254701804 0.105648937463406 0.000993246098730836
-0.444426969701465 -0.324821280143538 -0.00913377479621406 -0.0287644418092793
-0.0619418458954476 -0.542735713446423 0.0619475769271303 -0.155676952660781
0.374735775774045 -0.371844580333591 0.262353616006368 -0.283798370039728
0.581375336410179 -0.140330442431486 0.503290292783637 -0.133164247661374
0.642459332049783 -0.190063185193573 0.0167470626560569 -0.0400119555450483
0.455007756877215 -0.434213693897661 -0.0250683901336867 0.00306442260493084
0.0198464790529025 -0.63169348909255 0.0600429403019343 0.143724297211429
-0.449341787911982 -0.452317205354322 0.124113918946758 0.114955868289462
-0.493686892393777 -0.0137666037686757 0.135283901100197 -0.00652005559741021
-0.363862053421807 0.228439775233231 0.125805442565506 -0.0539394460314151
-0.220699111313743 0.418758616654744 0.0595181050390028 -0.0988194101263941
-0.149685855243973 0.4523595196225 0.0566584276737569 -0.054231755163538
-0.179877073986632 0.441124155151732 0.0557431139613125 -0.0503764057898469
-0.352646043542166 0.294185849209646 0.0590308556785364 0.00989513824964402
-0.478720802265018 0.0777559259702839 -0.00512646786708193 0.0478914350545632
-0.536888687889721 -0.36433282251238 -0.0870874958705627 -0.0182706292180709
-0.117801605575391 -0.643571090140553 0.0142845431398774 -0.14284832119312
0.418047013854902 -0.489838453999635 0.155816069841458 -0.23391426840673
0.706382157871785 -0.227301276887227 0.265209958462394 -0.129190903664179
0.668547818990825 -0.240639376089537 -0.230646234646679 -0.0146933616253448
0.472950620133041 -0.498284450065863 -0.154573813074659 0.0952350849013105
0.00629765408171952 -0.688296484626545 0.0484738165855451 0.165508713195821
-0.484856296473696 -0.475359898321831 0.0878280042103708 0.0884126391206797
-0.520534454110778 -0.0223229604667972 0.0261224467061013 -0.0105432332110169
-0.387553072570327 0.226352865050456 -0.00496744048972286 0.0296131407346803
-0.250938178910372 0.420759934333587 -0.0346408968743792 0.0416045655626698
-0.169884362964221 0.448262725509893 -0.00452234762331767 0.0995654551636747
-0.195984626397301 0.430855718010202 -0.014224609007705 0.101852647347766
-0.35720920174807 0.278399850069844 -0.041085203242505 0.122695032281037
-0.465695113240537 0.0634549642571841 -0.118562146805391 0.0931726411567812
-0.523373047499973 -0.348999144256537 -0.155594306688533 -0.00780735790208709
-0.132159304088659 -0.627319867241207 -0.027493803842398 -0.118711689825617
0.396745412939884 -0.500059624931408 0.0547464565058718 -0.146853012060189
0.711845049347185 -0.266960738155994 0.0163605663452789 -0.0887315399968067
0.589433527966759 -0.257717385115587 -0.472205071920354 0.00882821028215354
0.40454642311952 -0.476179397059974 -0.288561029876444 0.180938439287617
-0.00809930984498642 -0.609855235709862 0.0151951088655981 0.170382683750626
-0.423965825157012 -0.406692246108768 0.028836486632257 0.056064627311603
-0.446377409720687 -0.0252984905502595 -0.0912645933832975 -0.00513920455526029
-0.339662987405188 0.18628821830369 -0.137190208208808 0.112235558461668
-0.237460143016184 0.357070370217261 -0.123250489178041 0.177364798291289
-0.16477541744834 0.375811906548601 -0.0647953313949212 0.237857031581836
-0.188150876127091 0.353803000851763 -0.0806377841241793 0.234230355786739
-0.31308828401902 0.212993907802991 -0.133242053487828 0.210920930618643
-0.379676091013243 0.025236038873895 -0.211992809991992 0.116754957702595
-0.403122047866184 -0.296361886734694 -0.198692605472426 -0.0125129026653578
-0.0972657883670678 -0.503976540088009 -0.0520083701105983 -0.0977054689139409
0.325859606392965 -0.411021291653438 -0.0206136400478692 -0.052993517915841
0.608089775607684 -0.253669364539084 -0.200689747028453 -0.0318570069004423
0.40858280135135 -0.233410867148438 -0.663734421061636 0.0293952076186136
0.25871444986055 -0.358908104972141 -0.394428839148885 0.24258894874032
-0.0211341103726213 -0.413970369697867 -0.0284495216827161 0.160972277407553
-0.277654131788333 -0.258507481260338 -0.0318962019004484 0.0273194600536048
-0.286443580867356 -0.0240947173881031 -0.183996461311562 0.00827428260922921
-0.23247522034201 0.112084211629423 -0.240448845049394 0.179236613960731
-0.183844221882886 0.235042348508151 -0.190762083549166 0.287353914677078
-0.134645345395939 0.246289339620233 -0.116820174900027 0.339548669233999
-0.155703425960281 0.224901985332604 -0.138781444157785 0.32546301393241
-0.228948364710197 0.115907529822093 -0.209178220746046 0.254685339097256
-0.244752511804082 -0.0196948751487507 -0.274910321461672 0.105330639558207
-0.228715905569998 -0.206913272133608 -0.207211973159211 -0.0361206466430443
-0.0417451270581444 -0.316028083651097 -0.0577069934132526 -0.0873305914852613
0.216100771390031 -0.262181723690373 -0.064477216307854 0.0230077924434991
0.420527091532925 -0.19963702229047 -0.356189895566914 0.0225300411619544
0.161627760104467 -0.1702383425417 -0.771552387006044 0.0399934706904586
0.0701814292199445 -0.182638628484559 -0.456053987454255 0.281527323946596
-0.0315926095931219 -0.150619945132699 -0.0663438388691762 0.149936744533844
-0.0919731475030576 -0.0721739188225679 -0.0717815999051113 0.0127869058873293
-0.0824891881889006 -0.0214495589273583 -0.230031813216646 0.023975499306035
-0.0892142258796515 0.0164493309949051 -0.295808141785472 0.217860397906872
-0.10170135609374 0.0713657139639436 -0.223094628598606 0.35341533245957
-0.0845951252377278 0.0793393456009025 -0.150530808653586 0.390414876243272
-0.100763373676501 0.0676701735948588 -0.180702469256628 0.367112242088203
-0.11580081284159 0.0138947580101644 -0.259804969326875 0.253388268332496
-0.0899620310295098 -0.0487823815873955 -0.301818368927242 0.0679657698192375
-0.0548417326786589 -0.0887882195945555 -0.187352953259417 -0.0691797835941383
-0.00410277378617326 -0.108904905531973 -0.0522229205792689 -0.0837345088409014
0.0788147777705482 -0.107461202070083 -0.0850156269287505 0.0740696649580936
0.181731781020413 -0.128353970855912 -0.438411785245262 0.0686533859650499
0.115695459861236 0.0387567086752891 0.455590786909213 -0.147061138717754
0.0876088497807077 -0.0368991480065148 0.137819642962443 -0.174116383047656
-0.00389341865141794 -0.10485534951804 0.0217268497332313 0.0812850835634513
-0.104009144256794 -0.0648421241854404 0.148793283720456 0.116187176764834
-0.0846656148956553 0.0438171321750937 0.29386490352217 -0.0143408593203722
-0.0334686515960536 0.0748192953248992 0.31123031965222 -0.232934026262524
0.0197912466173423 0.0957477540511404 0.208728911285344 -0.372289019054781
0.0217079212838493 0.102071810480847 0.151677975867693 -0.394308390959089
0.0123270311611434 0.105149213336335 0.196392446177431 -0.384315769146598
-0.0421793510395568 0.0861660562858157 0.269456780458173 -0.251403341467087
-0.100669935999743 0.0431776884035611 0.258039402869938 -0.0659296657407187
-0.108186609703694 -0.0787117198064965 0.112429810409731 -0.0338337189467195
0.0217749969580442 -0.111611508673583 0.115381887067046 -0.138320066952808
0.091576970365411 -0.0050731395263209 0.391081127861758 -0.26304603672877
0.0677957861537331 0.064684240167978 0.795696728877573 -0.0543935810265095
0.336905533893902 -0.0525994984110948 0.383982947228511 -0.109000259087657
0.230600709806912 -0.182783947927702 0.125409679056686 -0.138162215532781
0.00324975307599993 -0.304567787810812 0.0410438387580211 0.0937287648321272
-0.242735249317933 -0.210985932491423 0.146629821615028 0.12664912313394
-0.24891856893955 0.0320902083167781 0.27165634767379 -0.00272453267248261
-0.162880224421645 0.153972117808773 0.290440370178689 -0.193752883628056
-0.065831953790312 0.249888768388012 0.187762518299158 -0.32111871998173
-0.038198406974692 0.269961812997525 0.140096107847707 -0.324337787478597
-0.0656812232433129 0.269393369690744 0.167790208167926 -0.317284848004675
-0.18603209331815 0.187590135649155 0.228880916843284 -0.194791951407636
-0.278421073611168 0.0575102036549222 0.200386306584813 -0.0405537954578436
-0.2975064295616 -0.222784734950679 0.0610932626182458 -0.033990097336598
-0.0144522291490061 -0.356896187328839 0.0975926992526464 -0.157171418392392
0.263075438148374 -0.204487608729245 0.346368265021662 -0.299586562637614
0.358215315370473 -0.0439128772965327 0.697057922892499 -0.116516873661001
0.523695198434668 -0.136871097547714 0.234747860969868 -0.0732089655333122
0.361530177946737 -0.327352120779863 0.0730884807307808 -0.0787929717086317
0.00973212960443146 -0.49445405732213 0.0604978826796129 0.116251114674615
-0.371063968082706 -0.349424386860419 0.145903046674554 0.126445672448295
-0.398229430605306 0.012746973135916 0.223272089514739 -0.0032975796279069
-0.280797834067755 0.211822664479304 0.229548435685854 -0.136018786456213
-0.146926370303334 0.366721810869182 0.136518093468108 -0.225949057381632
-0.0922916865389763 0.396489663211177 0.10627079267056 -0.205949822142581
-0.128837520007738 0.393535314225059 0.118145956503981 -0.19986724677803
-0.293522662898511 0.269247428714272 0.154134264607502 -0.104046804358198
-0.41551831773308 0.0791789420343107 0.108869743658502 -0.00149335895943533
-0.465331526254643 -0.316468214293959 -0.00826063982061934 -0.0281949411058924
-0.0790859480447549 -0.551355210227582 0.0606003536407933 -0.16285607782045
0.373712565402726 -0.387353240320956 0.261390516605972 -0.296181574974083
0.584419390131304 -0.159422360028212 0.510715818428603 -0.145941574214215
0.648666806377703 -0.208908332438616 0.0201224281332047 -0.0410816881823345
0.45330694292114 -0.453056395937705 -0.0237120782049622 0.00387310906444001
0.00136468729706159 -0.643314793567124 0.0693154193951563 0.145502824943044
-0.474192461633864 -0.445668848004185 0.134403505489189 0.113133556133281
-0.50636155808559 0.000218765292624698 0.141883898147344 -0.00949422492287859
-0.36471836496622 0.244383955943221 0.127735995649024 -0.0615996879026205
-0.211396668232911 0.432835036634509 0.0590879914824923 -0.0974430032377173
-0.132701625993752 0.46370186168027 0.0571291976418708 -0.055551490625029
-0.167695774068016 0.45654190672284 0.0555390082475411 -0.0507764526392095
-0.352410767561843 0.310140462650025 0.0608247469692088 0.00977150395109028
-0.487709370681689 0.0935131417124969 -0.00252793246417835 0.0500500163344302
-0.560660370974535 -0.352427051429023 -0.0866193980649268 -0.015168244843064
-0.138650191329054 -0.652907538812256 0.0123751319094822 -0.148926939632543
0.412689186335116 -0.507708433571729 0.153935869821137 -0.243887451024502
0.711684791478669 -0.250929343158931 0.266536698046976 -0.135047896429153
0.674915622326852 -0.260956778879668 -0.231999298299515 -0.00956993674389695
0.470779745441836 -0.52113451052261 -0.153893688175229 0.101190783442489
-0.0160785043277135 -0.702724159037596 0.057714978644912 0.169123565134428
-0.511361640974353 -0.468296542150395 0.0963840173904206 0.0873898299210395
-0.534374908291049 -0.00769779127072842 0.030244747634339 -0.0102402648749018
-0.388179066122609 0.242574502793771 -0.00191401698585393 0.0263577936205135
-0.239223108935192 0.436340391534447 -0.0323636384846735 0.0479061543010023
-0.153300582565062 0.461722741536951 -0.00101568725116899 0.10274939805419
-0.183885433667046 0.445476767159423 -0.011350306513521 0.105056119917894
-0.356818517182491 0.294397447295856 -0.0379592102801533 0.126643573832691
-0.474813592616893 0.0810237614624791 -0.116072282624599 0.100298701649564
-0.546388547876676 -0.33753046300649 -0.156222279886422 -0.0022442698097483
-0.153310864465546 -0.635492615703014 -0.0302017201772347 -0.123465611183661
0.393618429847923 -0.519273182374057 0.0516029480552829 -0.153877708013432
0.715186889240045 -0.293313252809557 0.0118559157050112 -0.087702159485619
0.59484441513882 -0.276003931281272 -0.479749292589315 0.0200263812910378
0.399949478891094 -0.496639778901373 -0.288404266360033 0.191711435472914
-0.0279975465258091 -0.626060616468091 0.0233400656104357 0.176104316290606
-0.44741078102987 -0.401284397877588 0.0359867797015969 0.0559557161962372
-0.459298694171546 -0.0139825585466583 -0.089327264786106 -0.00261539248895421
-0.341561888806222 0.199564675329435 -0.133185290762193 0.114778808973465
-0.226979889964321 0.37097961845656 -0.119042092042586 0.188354539744432
-0.150749907263169 0.387321448265726 -0.0599126855735981 0.244496784197199
-0.178865630109939 0.367037348274473 -0.0750977090282523 0.240011908719951
-0.312688486467552 0.226041005069176 -0.128787672692724 0.218280774733742
-0.388109335381214 0.0375715746244443 -0.212163545755853 0.126866713625384
-0.421615234001999 -0.285473357831436 -0.200232724921109 -0.00522637733564882
-0.115087585876691 -0.510575117295082 -0.0548224118790375 -0.100484706923151
0.322094730429538 -0.426459706499268 -0.0233113693353486 -0.0568629255699954
0.609954828893313 -0.275095577660922 -0.208083017094818 -0.0250413380923042
0.412186364168679 -0.248738010622244 -0.675892265524557 0.0449876096819919
0.255042106837117 -0.375960388543544 -0.396973082292521 0.258130173044513
-0.0349628735416785 -0.424918308455107 -0.0229151641871303 0.166716551545139
-0.293517787652915 -0.25563860864904 -0.0281039517070325 0.0282009598912057
-0.294588650320051 -0.0176769657358749 -0.184440973394282 0.0122051697582073
-0.234297295856604 0.120666440572094 -0.236120250878575 0.186099382793972
-0.177260917035414 0.244923017094239 -0.184764775639117 0.300217220183479
-0.125300312660071 0.255453000100887 -0.109974027281517 0.348983746325222
-0.149688517430773 0.234969203755278 -0.131027870380274 0.334524638903856
-0.22966648584051 0.125349961095097 -0.204652811651814 0.264500599567662
-0.251101965276919 -0.0118233434682788 -0.275415428234062 0.117327899244935
-0.240335563274146 -0.201144932210466 -0.210097390438863 -0.0295129326084163
-0.0539057538777769 -0.320399146818196 -0.0605292334748447 -0.0890969634887293
0.212814267090577 -0.27271043307296 -0.0661771816798219 0.0221154330026768
0.420137291385437 -0.216007187612125 -0.3657902801195 0.0338951307184321
0.161393227242882 -0.17679996146065 -0.786807290327155 0.0579982942422607
0.0675478784506901 -0.19172661388956 -0.458832560469209 0.299611748784489
-0.037633463096013 -0.156968650160026 -0.0637860043426494 0.156836494177062
-0.0969186155515454 -0.071821825250334 -0.0709061186770742 0.0138944298431024
-0.0855346299030856 -0.0209955608854266 -0.232562436682761 0.0284212113195552
-0.0907165034793722 0.0189645300047539 -0.29295823087168 0.228341826851362
-0.0993654676016962 0.0760964710092471 -0.216884484084185 0.367120357534155
-0.0811997772535317 0.0840262756543381 -0.143554729329112 0.401321902307088
-0.099105895222875 0.073571975619764 -0.172776419116477 0.376182212796929
-0.117270875502253 0.0183067237574859 -0.256208679955119 0.264386386627205
-0.093947227528456 -0.0452745352681555 -0.304711373634603 0.0802028358722271
-0.0597954110923184 -0.0868235245356619 -0.192271089982567 -0.06344014309587
-0.00935374172394217 -0.110657104308618 -0.0556331117297353 -0.0844746247052253
0.0769042864949667 -0.112749879866676 -0.0848017653939774 0.0743191784195725
0.180585458665079 -0.137226504983565 -0.449329436685031 0.0827624291819159
0.118301965733072 0.0340649743096957 0.462902075872374 -0.175552730339797
0.0882798658303241 -0.0385204232221029 0.132317389772654 -0.186246126916831
-0.00889668746165954 -0.10376516098642 0.0291573266021788 0.0801200395875244
-0.110653907550749 -0.0592148353824694 0.158990279905293 0.109524573900903
-0.0839326024188936 0.0499759718075945 0.299743147375041 -0.030214556377444
-0.0295506033489896 0.0794474632967678 0.302385337714569 -0.255784727174501
0.0249102120334519 0.0963614884379567 0.190720977434124 -0.391165125192619
0.0283391725899752 0.102198283425764 0.133291109861415 -0.411427143999223
0.0188029734173104 0.106390673562116 0.177082932370421 -0.401528827477956
-0.0388957196206756 0.0897055704774495 0.2601409545076 -0.271708118179168
-0.10024169749788 0.0503294356454057 0.259985664291845 -0.0837396905328658
-0.114431729197964 -0.0748641904464479 0.111891917941172 -0.0417622442845314
0.0171933905880717 -0.116171634836363 0.110698469814065 -0.148808104871273
0.0932750828306204 -0.00931122184902901 0.38655914393499 -0.288463955744352
0.0710843765812628 0.0624283878001295 0.81425629081177 -0.098857762047071
0.338423290425658 -0.0714580185641986 0.391153452733913 -0.132394309206855
0.226129707268185 -0.195706719279464 0.121962393949857 -0.148359638137482
-0.0143162280325357 -0.30801999361656 0.0506053538643077 0.0918430450812481
-0.262191084090728 -0.199637162431109 0.158966258988507 0.119753186363465
-0.253630675961923 0.0474598524533077 0.27895048390463 -0.0176588154616088
-0.157270097999824 0.167456851518861 0.284820850200905 -0.215404676099969
-0.0517504868411791 0.258263739022236 0.174084460587665 -0.336656495801141
-0.0205334982748926 0.276339609747626 0.125574107422093 -0.338521301597384
-0.0502549945104072 0.279512397804124 0.153390192572582 -0.331129024846823
-0.180464294884109 0.202938282184086 0.22166518392007 -0.210786953845078
-0.28234151404087 0.0760077306771743 0.20324890874156 -0.0540770860429324
-0.318490423875646 -0.209668135430559 0.0611050781002621 -0.0391288588966028
-0.0353650181656521 -0.364892909190723 0.0920005032403234 -0.16844480242187
0.258687911053132 -0.222995157500785 0.338742284198672 -0.325344909324016
0.360896461607411 -0.0654693753433731 0.709596776902833 -0.155919247640764
0.52635462902354 -0.167100228543887 0.24125577717257 -0.0877996879265901
0.351885520149084 -0.350414679812901 0.0722414314503962 -0.0849493790256588
-0.0213028442638424 -0.502717954550884 0.0733442627432942 0.113616731144775
-0.402169578866356 -0.332142257350454 0.159972054145957 0.118779839763459
-0.407996067577772 0.0370149455766157 0.230534366550922 -0.0164374267468391
-0.274629094248819 0.233650436269844 0.226405513299945 -0.1549603132456
-0.12831281087809 0.382913668446517 0.127559338784872 -0.235265090947542
-0.0675115874729899 0.408846048072243 0.0988743424171846 -0.215255028387849
-0.1061553028443 0.41033565143516 0.109348427643065 -0.207917149303652
-0.286092233222821 0.292988579959912 0.151712670263199 -0.113835634538237
-0.421909155562495 0.10653051385977 0.112598058672285 -0.00792320235933389
-0.495293671270306 -0.293520032537444 -0.00789231243582476 -0.029766329044133
-0.113071860103512 -0.561134817743209 0.0532626075834289 -0.172552462256346
0.362323134031721 -0.417415372949825 0.250899011834247 -0.318750450747146
0.587729456706923 -0.197389740711014 0.51612833568438 -0.17571350680066
0.650151235244446 -0.24951959208065 0.0236509712900579 -0.0427266827669827
0.437574634912524 -0.48557015152295 -0.0219368168872319 0.00522907076002072
-0.0385235828483608 -0.656378820300677 0.0845940622074608 0.143782744833508
-0.51257707225617 -0.424643860572473 0.14766514600075 0.105370573256194
-0.520235934395775 0.0309952942217852 0.147880800871598 -0.0181834761299553
-0.357573426809291 0.272082711907703 0.127451542065854 -0.0736219436848335
-0.18713066175251 0.45480085201746 0.0571309994483806 -0.0990962655784075
-0.103231839579387 0.481386319530709 0.0566522769334827 -0.0586853695137828
-0.141376004977764 0.477176563339339 0.054341868561709 -0.0526770886842003
-0.343519507266146 0.338088359890782 0.0631194091162892 0.00778800088611166
-0.494531414560839 0.125550784886193 0.00198498891622538 0.0519538412217367
-0.596527583059008 -0.324969128523136 -0.0870330782781103 -0.0103743831059053
-0.18176839069592 -0.661916086464471 0.00492011495624842 -0.155793547137755
0.397113081293961 -0.543076992046014 0.143312343924743 -0.259973217865495
0.707802662797029 -0.300212689716956 0.264768593140759 -0.150229119659549
0.676084539971128 -0.302707697693528 -0.234276023571962 0.00288191977899306
0.453676723240089 -0.560041074983392 -0.149759121869147 0.112432635185414
-0.0617552058786239 -0.719232284936427 0.0746449031947196 0.169981712466878
-0.554410667860911 -0.446787914733218 0.108452428519565 0.0812760952423723
-0.551190627513951 0.0236830982458875 0.0340649899475255 -0.0140338985694336
-0.383680685096272 0.270896675668553 0.000797249242671852 0.0231947747481313
-0.215387235199528 0.459856340006335 -0.0274766072427849 0.0553157792404127
-0.122363689783478 0.479725115844478 0.00546970038515031 0.105858621988739
-0.158409727268654 0.467233828413819 -0.00480283244714346 0.109067965915924
-0.348476608867569 0.323249899830675 -0.0301023428627635 0.132633647124751
-0.483361670779745 0.109875543836215 -0.111194674531243 0.111192657286944
-0.58128898836084 -0.307979873218248 -0.156671746560141 0.00706820796199975
-0.194842493501874 -0.641944202490891 -0.0370105256879666 -0.127500128338625
0.371932813891112 -0.553389208011149 0.0431557069877985 -0.163123014285728
0.7110725560083 -0.341610317936792 0.00574258952413294 -0.0870420220622665
0.594532962046814 -0.313784922790555 -0.488237393828766 0.0471546496488021
0.381733016274527 -0.532950559255087 -0.283871141027406 0.212952837719798
-0.0706337604731075 -0.640120947624579 0.0382527374774189 0.179206857211062
-0.48514890346942 -0.38340732606887 0.0439370463284525 0.0523019448454584
-0.473935169708529 0.0133376029454793 -0.0881137108697448 0.000829201139355717
-0.338320614985516 0.224984113853927 -0.128224242479162 0.120450580047431
-0.206656058248623 0.391828049080364 -0.108030065591084 0.203197197697133
-0.125666525761345 0.404251793159267 -0.0470363078660456 0.254300042054891
-0.158651886056174 0.386196905395264 -0.0615014771330401 0.249912396854587
-0.306680601392246 0.25105591277944 -0.118366391626501 0.231196303368059
-0.395755733703984 0.0616566681505404 -0.206667348828658 0.143529991196516
-0.449703528680051 -0.264685059584652 -0.202152326841489 0.0067902151592932
-0.149563453894476 -0.514272086206641 -0.0614510877388643 -0.102865897240068
0.305162289455458 -0.454729257757493 -0.0282648480479299 -0.0602262503523356
0.603229904236462 -0.317734300313448 -0.21738158692609 -0.0099263293574519
0.40963879226429 -0.276355550076945 -0.690164678876931 0.0817089713505104
0.240702053792078 -0.401666912912674 -0.391646060561161 0.287463137702326
-0.065090945183942 -0.436414206115325 -0.0110510806703277 0.173682412331211
-0.318465506364778 -0.244489815748074 -0.0232203470393766 0.0285446015587996
-0.305787838126182 -0.000233625860765904 -0.186192709813979 0.0210938709806949
-0.23323952290361 0.136808120702808 -0.230004664022172 0.200269677367928
-0.163326753032382 0.260012289479944 -0.16947418976161 0.320427842774726
-0.108561097337541 0.268666810115387 -0.0926961933226052 0.364338448060159
-0.136967936494852 0.249633284144879 -0.113911668957608 0.348315261612466
-0.227543295198923 0.143143589191048 -0.19325740872753 0.28256898591472
-0.258554252376745 0.00396571603410944 -0.27293251031124 0.137684494834496
-0.259184552492801 -0.187637278223127 -0.21427509178319 -0.0167172264204894
-0.0763021811218732 -0.323051531404315 -0.0677005394365057 -0.0893485876406018
0.20206508761788 -0.291362094103561 -0.0677084321772041 0.0225705675388731
0.413828599237946 -0.246869370658817 -0.376232595223338 0.0582214961787156
0.157301880949511 -0.189368597458686 -0.804047374566723 0.101090176169948
0.0579019356182644 -0.203230577671982 -0.452878257702179 0.331486604634627
-0.0494172142873983 -0.162304328399143 -0.0546355250178723 0.16542111930996
-0.10464543062848 -0.068633397222705 -0.070073895222818 0.0169787242935018
-0.0902942187539733 -0.0176170906904357 -0.236351189531698 0.0408443994306534
-0.0932009963243926 0.0238331486836353 -0.284635860910123 0.248598031312885
-0.0951934964397466 0.0833069815336127 -0.199164707647489 0.387958643990478
-0.0756654643938467 0.0907007858437446 -0.124408093964542 0.418778624828016
-0.0954831173212167 0.0820467273807049 -0.154597250855772 0.392542027765101
-0.117794664735334 0.0267208371681646 -0.246297966934798 0.284251052743569
-0.0992877162326463 -0.0402283291741093 -0.305596595696739 0.100536831841514
-0.0673081160990567 -0.0834465791290405 -0.198654982239472 -0.0522214367764421
-0.0188806234160303 -0.111688150833168 -0.0624669894287078 -0.0830496520500096
0.0716092033988238 -0.120767748454337 -0.0846260008037624 0.0778536744481208
0.176027970272128 -0.151799258638471 -0.458575145750503 0.113305721515564
0.117782907143781 0.0253823380530077 0.451516308163667 -0.211708132402506
0.0867527282947104 -0.0411579055467116 0.117863460603235 -0.19697450226611
-0.0143676093682659 -0.0998485249295815 0.0371183634491521 0.0751667988531662
-0.114408742657312 -0.0493583830489177 0.167453163317469 0.0958487663253199
-0.0798053469896744 0.0567633649538661 0.296901253942677 -0.053116587119968
-0.0227555028340096 0.0824064768918154 0.2792803131961 -0.277424619221052
0.0318726953314439 0.0939887665449381 0.157737476949245 -0.404304888175006
0.0365708846816484 0.098843585230547 0.102109507775818 -0.420189111649322
0.0273806226258924 0.103204888830993 0.144309395170423 -0.411531879163631
-0.0320819033048951 0.0923776470077314 0.236656096880218 -0.289492065894502
-0.0954848253231397 0.0583611918618489 0.251626201916025 -0.105766441976839
-0.119548848050611 -0.0658842448412844 0.106680737234506 -0.0515185838585889
0.00901929435636252 -0.117448042623202 0.0985360553974331 -0.157838803295469
0.0922425741520847 -0.0153167742772316 0.363687977704876 -0.315869929861031
0.0733775426956002 0.0577292676413394 0.806187613786772 -0.164049912249614
0.329013602821765 -0.0965607081405388 0.385001488001798 -0.163835630174561
0.211269273718087 -0.207537771671615 0.111296971737923 -0.157864995405275
-0.0381808909442567 -0.302500626838936 0.0606700876526397 0.0845215509363546
-0.277630705750426 -0.176244510147415 0.169035647280687 0.105227048915174
-0.249513191536577 0.0680602019256181 0.278289856042197 -0.0406312446613816
-0.142534826677459 0.18033224889232 0.264444632446407 -0.238644367736498
-0.030743169967045 0.260522342550713 0.147294439914568 -0.346765775295659
0.00411520298881712 0.275428380586288 0.100363778272937 -0.346359962357677
-0.0257206601697059 0.281105273653534 0.126476008290809 -0.339721694176747
-0.164055177780095 0.21741596571401 0.204425162777181 -0.22644339939019
-0.275478803963545 0.0988186338930603 0.19810188405677 -0.0712112659643587
-0.335052292421132 -0.181860153534572 0.0576099507338498 -0.0455949233544179
-0.0640783750560411 -0.361085602967453 0.0794230262406876 -0.177218122413791
0.240772246478818 -0.240672996656995 0.313889422788517 -0.350946585353007
0.351166169196242 -0.0934827064617845 0.69654078526373 -0.210181350123842
0.509769229157566 -0.206634289267207 0.239979838847402 -0.107351141375804
0.323955164316079 -0.371543562887141 0.0677261139402321 -0.0907217064986564
-0.0622869412100926 -0.496888400257938 0.0860257850300464 0.104883555721008
-0.427493812479111 -0.294608863904291 0.170657346191819 0.102735598946828
-0.405123866747939 0.0709944411589584 0.230854448280129 -0.0366802910496031
-0.253994292515498 0.255527090447647 0.211831834283587 -0.174321055703765
-0.0953662395274072 0.390342850679755 0.110602883470538 -0.241869383026373
-0.0294233519607302 0.411443399789561 0.0834662839511312 -0.22187596101634
-0.0703924152401092 0.415996167427538 0.0930261834397149 -0.214037497584492
-0.262729643608322 0.317010522264108 0.14247751385746 -0.124229321354897
-0.41267726592089 0.140912367716739 0.112340973066072 -0.0172218059294228
-0.518658753595862 -0.25063071755077 -0.00932536080385675 -0.0307788634948781
-0.1578693146654 -0.549644975528536 0.0405491549262765 -0.178945806921303
0.328604399219476 -0.443013127484444 0.226950581005071 -0.337520149851359
0.564737750664447 -0.242146996458114 0.502183617318132 -0.21362113867846
0.627422328490018 -0.297355301323974 0.0256168460676739 -0.0456701904687254
0.399558312997254 -0.515401785162301 -0.0191552724024814 0.00641821393767621
-0.0949163464342442 -0.64979860593486 0.10149278113135 0.134551953574276
-0.550252645623502 -0.377383504149775 0.158495750877622 0.0896090585124362
-0.518666600258752 0.074526731447205 0.148852485841677 -0.0324431972745085
-0.33481895353109 0.301124566731961 0.120410866923225 -0.0873735684959887
-0.148757527656127 0.466402881240316 0.052279689203698 -0.0998202642749113
-0.0578980814339374 0.485222598963146 0.0537112939450922 -0.0626498611294745
-0.0995378762599646 0.485849364130581 0.0504661948430686 -0.0556682407452733
-0.316238749617683 0.366999228579094 0.0650387941608301 0.00382486900051613
-0.485045196442083 0.16600124207961 0.00768582723679202 0.0519316146375125
-0.621824352695088 -0.271515634538557 -0.0853964867241792 -0.00536011970500485
-0.236455811323719 -0.644088347338239 -0.00770048876825622 -0.158498518085676
0.352809090462747 -0.571264734495425 0.121522437042175 -0.27125536694723
0.677073892489566 -0.352759978265955 0.252396709362146 -0.166888811822393
0.650723200381126 -0.352652379713813 -0.229185194308303 0.0200990678612523
0.407528233099025 -0.592488731929491 -0.138352775653168 0.123414764990587
-0.122119214577378 -0.709859475371538 0.0924007483323115 0.16219717162263
-0.592931898509701 -0.39793630116537 0.11820367819542 0.0686063534272218
-0.54951411337509 0.0699165834985856 0.035466914096398 -0.0197937054061104
-0.360065843505175 0.302068383369686 0.00218351090849613 0.0188410981444369
-0.175159137650829 0.47343732349144 -0.0192707420611102 0.0609078389237726
-0.0782243844408787 0.484814432333828 0.0158996517468789 0.105558591109345
-0.116774314683722 0.477962666804573 0.00461769917974383 0.10952612589938
-0.321405334758282 0.351642458856442 -0.0183836520964916 0.135321982518359
-0.472568039711167 0.150011783206881 -0.0998194996119645 0.120109936768075
-0.604975638212933 -0.257883929744011 -0.153091557238357 0.0181687685623923
-0.25067439028343 -0.623148672156965 -0.0471760075644909 -0.126317603608877
0.327498268227617 -0.581709353049761 0.0289504305048683 -0.168360871218136
0.674734389760127 -0.396706980664967 -0.00172658759115614 -0.0828189133671984
0.568730132483702 -0.358053532682489 -0.479923922533016 0.0835366851921905
0.340222753153331 -0.561227976266722 -0.264461786812022 0.234792868029911
-0.126456934947977 -0.633436951394501 0.056544721228412 0.17520935909749
-0.51855875131732 -0.340809962735864 0.0514443255385139 0.0456112133801915
-0.473771432349158 0.052906985162999 -0.085805344434908 0.004614074858776
-0.319756413046899 0.251593079393967 -0.117617985264404 0.127240613051426
-0.172051729454063 0.406148685222531 -0.0879528566954516 0.213815905068848
-0.0872539715886081 0.41116822201721 -0.0255024304170845 0.257909179876676
-0.122672378973071 0.3975893884084 -0.041781670217807 0.253413470202705
-0.286033281709615 0.275699295719401 -0.097849312841234 0.239382966858461
-0.390797407527316 0.094955898241136 -0.192027512447899 0.161307193575954
-0.471146825075512 -0.222754678697986 -0.197918143685029 0.0216755595702995
-0.194091693281117 -0.499150467126419 -0.0695480179510081 -0.0995623071225504
0.267973392662315 -0.47683835412856 -0.035093076118182 -0.0601236258459179
0.570230833900279 -0.364870955122181 -0.219081382007217 0.011547949245464
0.388970986599021 -0.306306499122177 -0.681617283953739 0.134489354224525
0.209004337013044 -0.42203476491762 -0.366738623993682 0.318194712671445
-0.104141616537748 -0.432240287746442 0.00579271863834778 0.174037376826842
-0.341347789579816 -0.217727538528431 -0.0189979125136034 0.0278705645774414
-0.307556614706659 0.0243229665441848 -0.182903088199321 0.0332681772895063
-0.222910303849853 0.155317076383738 -0.212887539116319 0.216352614764788
-0.13961200873535 0.271066634553557 -0.140537288849867 0.33603678488031
-0.0828272663855383 0.274592339976489 -0.0634417392931489 0.370358870750935
-0.113351224660366 0.260045095770764 -0.0861953501908262 0.355082542201576
-0.214719830766506 0.161597666870763 -0.168654152278909 0.295385739341156
-0.258081449282795 0.0251190999552744 -0.258456408217855 0.160648011748476
-0.273695939011979 -0.163177964596592 -0.212154756571531 0.000452809747451214
-0.105115545691512 -0.31377999749845 -0.0750592703231798 -0.085098406046684
0.177597544928518 -0.306290973464399 -0.0679691561485876 0.024549329016568
0.389996746012827 -0.279190181126026 -0.372602464198547 0.0925812957077509
0.144306501952877 -0.200212915213054 -0.796001893965118 0.161671441991088
0.0415212082031735 -0.209409519965891 -0.425079053360122 0.366480865288468
-0.0662576658223669 -0.160291603107025 -0.0400116888406617 0.169526073988234
-0.112444452332023 -0.0606443814929279 -0.0672106360897129 0.0207504771777769
-0.0931751660043955 -0.010655697393741 -0.232245975882507 0.0577484680354144
-0.0923025175318657 0.0313511651359031 -0.263056435873602 0.268245749994536
-0.08647180703984 0.0905185094535566 -0.165908917108238 0.404203675960635
-0.0660629058707421 0.0962742139784325 -0.0918139001251923 0.427191205209973
-0.0867518100602382 0.0903824088276904 -0.12327468142301 0.401549510615283
-0.11455700717546 0.0371213616711681 -0.222248313467883 0.301546392590666
-0.102733518917519 -0.0307386002977633 -0.29404632105752 0.126343854614496
-0.0740139737477953 -0.0748552541485392 -0.199829489819938 -0.0351731817274196
-0.0299969124409306 -0.108213251665203 -0.070002406558553 -0.0782163380029941
0.0614542542551771 -0.127535199712583 -0.0806239014261781 0.0808818792566957
0.161832627173672 -0.166537325807457 -0.451373432562241 0.152365780276301
0.112178661568041 0.0181511073608152 0.421206212963618 -0.23551679104575
0.0827612903711213 -0.0424489580562015 0.0986229225959078 -0.196980075833849
-0.0175141632960399 -0.0933142755966134 0.0412498087261138 0.0681219769400519
-0.11271430369194 -0.0387326771719987 0.167386411448373 0.0791759619736169
-0.0721229261663974 0.0600392922886691 0.281591485922673 -0.0722928819545107
-0.0156659663322688 0.0810875537712233 0.24661038819485 -0.285536515213052
0.0366701699988943 0.087754329625478 0.121464009673313 -0.397485589545697
0.0423302583861399 0.0915200857572531 0.0698732983755839 -0.410670140496832
0.033593358068353 0.0967018244166408 0.109636437099491 -0.402976265124091
-0.0246018382628922 0.0904419452208741 0.206008431165708 -0.292430979407209
-0.0868154760095331 0.0628281374069761 0.232095109460487 -0.120368912602868
-0.118857198088784 -0.0554545855496919 0.0966978994971607 -0.0566093245739859
0.00162949259690417 -0.113948452562801 0.0837976287132295 -0.158802331808892
0.0876874924460576 -0.0192928356714459 0.330270338141592 -0.326743705676379
0.0722509654789675 0.0521244684364533 0.763471808982089 -0.210344073634588
0.30660099150164 -0.113429108227409 0.363108417752748 -0.184727480174159
0.191347586009777 -0.209357309118573 0.0964230476021414 -0.15977109844782
-0.0555382649624065 -0.284278116579651 0.0655194895118499 0.0740739654933937
-0.278247645165116 -0.147503615795558 0.169742492334325 0.0866860083883151
-0.235092155294538 0.0829890938991699 0.264539288718883 -0.0594616971377205
-0.123461394274383 0.183027728322165 0.235490954900778 -0.247534456285703
-0.0105869185109464 0.251048279983202 0.117329721854204 -0.341504244636817
0.0256234310940446 0.26274113889666 0.0749105360358256 -0.34054416709161
-0.00476738716040995 0.269968973825754 0.097790881986248 -0.332320998516174
-0.142489032086371 0.220607280952167 0.1800923352518 -0.229924718467437
-0.25701245309023 0.115330641279615 0.18476596072958 -0.0833084078166986
-0.333587957452848 -0.149280211131439 0.0509526369102999 -0.0493371759061329
-0.0876858342150224 -0.342835822779513 0.0639183350794189 -0.176729358140929
0.215629559605379 -0.246158177931368 0.279056271746449 -0.35842588359448
0.32720611826352 -0.11097641526978 0.657562682559757 -0.248739749414295
0.473670990703661 -0.232827740140801 0.228566884783079 -0.120708090672187
0.289168749661844 -0.375950520535407 0.0596381873922282 -0.092381348148776
-0.095000239664168 -0.467043705451125 0.092807705986569 0.0910679342456397
-0.433911505759525 -0.249479519979421 0.172332000539378 0.083389579147127
-0.384638115698947 0.0973050030118231 0.220298570220981 -0.0533348211882103
-0.226001903620981 0.263801989595695 0.188743604929939 -0.18435497625439
-0.062472276881135 0.380504691646184 0.0913044538818469 -0.237575758389128
0.00336871328097468 0.3938464122352 0.0670284670901677 -0.218523249278104
-0.035232380383975 0.402293502421716 0.0748580632052297 -0.209833204539586
-0.229505681042598 0.32261183351929 0.128897010010818 -0.128122788361366
-0.38646970210341 0.166518819793718 0.107533121930741 -0.0251464958431759
-0.514436170868868 -0.200405264669807 -0.0113604291742253 -0.0310050269769209
-0.192445056277135 -0.516234664860762 0.0265365025843979 -0.176734523239505
0.285287891665761 -0.447469213035958 0.19385495684829 -0.340704947715527
0.519882674047049 -0.268418037165721 0.468482234415466 -0.236372148166685
0.580983975797988 -0.327261210680727 0.0270313349035168 -0.0473053604016226
0.349707449366905 -0.519100302316344 -0.015966980370442 0.00668647503160929
-0.140171937458032 -0.613921245207234 0.110526230288769 0.118886903079031
-0.555716884213562 -0.320325625509985 0.159858462335969 0.071582494549481
-0.494274383341482 0.109010196091488 0.142061027626002 -0.0442293265582109
-0.300517797003853 0.313041693000397 0.107910087504727 -0.0950044684172208
-0.106334277491353 0.457307300604139 0.0462280147366764 -0.0972351489243071
-0.0168542094754633 0.466952319191472 0.0494649808858184 -0.0639287977193072
-0.0574926693181702 0.470861470551191 0.0449526125527663 -0.055455666799134
-0.278249480812072 0.376149924865911 0.0636156410212416 -0.000226641780320996
-0.454811489429849 0.195380615018845 0.0128647809187605 0.0490712859494192
-0.616126041877202 -0.212851704131608 -0.0813425614850997 -0.00220908494074203
-0.273432418905702 -0.600228995755428 -0.017486344032076 -0.154470706911402
0.300743762254118 -0.571389172991659 0.0969750838228287 -0.271070005677363
0.619149882949242 -0.384640635356657 0.231816729280148 -0.174202311701657
0.600132373191148 -0.383179338149787 -0.213608651457543 0.0333035389046921
0.352574371153604 -0.594755574095307 -0.121937068416192 0.127545315847904
-0.171305039978804 -0.670898023366764 0.103925245029782 0.146782888759068
-0.601213772011133 -0.336998950846191 0.119742792883814 0.0543176755665746
-0.525344349345101 0.107787092943617 0.0346320570859115 -0.0242227666861236
-0.324331829312315 0.316010610922 0.00256331137324444 0.0149344513918328
-0.132907263777105 0.46628618444019 -0.0100336440539403 0.0622483184772988
-0.0365321117194823 0.468859092912914 0.0241589862010518 0.100295786348497
-0.0744275811393019 0.465701183794858 0.0127296305136237 0.105265290363023
-0.283244475851953 0.360837271779325 -0.00680953963630105 0.131720245064912
-0.444868453130788 0.179527213881719 -0.0845766894306473 0.122480732914745
-0.598655829462188 -0.198647229437492 -0.144189141503349 0.0251317122767833
-0.286527606764747 -0.57833388447472 -0.054254420248292 -0.120354004286126
0.275593478951319 -0.579428628025328 0.0141713730434328 -0.165212598279396
0.61466934557338 -0.42578542482075 -0.0075517057152045 -0.0749452709582074
0.523113008299138 -0.382764676280974 -0.452685713851892 0.111925955036098
0.289970750974699 -0.563192519954974 -0.234818892090529 0.24333524985769
-0.170725551276985 -0.599097533478851 0.0704467791679354 0.162689768665963
-0.525895332748682 -0.288342969369637 0.0544037456004566 0.0373082465517955
-0.454180841258227 0.0861644255215314 -0.0806766528974242 0.00753623304424033
-0.289824238623422 0.264319148600651 -0.104900182026806 0.127589173142645
-0.134371768490486 0.400311922113833 -0.0654435887702003 0.214194805458857
-0.0502518148447375 0.39800925150189 -0.00530290857646834 0.24909386847306
-0.0864583543279373 0.389117201099542 -0.0221825690099964 0.245883496152633
-0.254041592079019 0.286330977331877 -0.0759311110932374 0.23623569435994
-0.369395443984271 0.119419414269965 -0.170345598769685 0.168848956059691
-0.466807589955393 -0.176745652240062 -0.186196782522416 0.0321134622529948
-0.224009127188679 -0.462784762108731 -0.0736930374115777 -0.092696754196816
0.223711991652196 -0.475886126571946 -0.0399336483451704 -0.0570861264334184
0.516919532737998 -0.388792001979542 -0.210479010874636 0.0309947766866052
0.354181824022409 -0.320851821811987 -0.644664240710612 0.174566046322458
0.171914645393726 -0.419943791305245 -0.328474391078145 0.329732604326908
-0.134775748976434 -0.408650404250155 0.0199560916382349 0.165943001040202
-0.346622344388961 -0.184253913839839 -0.0154049616281151 0.0265022347949649
-0.295893679402726 0.04606711501935 -0.172512174133034 0.0423505115722049
-0.204172109535982 0.165133409862167 -0.188397046194129 0.219771477754202
-0.113113141144347 0.269436278997377 -0.108274478661971 0.333465827771309
-0.0568848711683315 0.267959548574436 -0.0342874197183535 0.360445227427329
-0.0875598245980706 0.257742363542878 -0.0582466370720328 0.344440588979954
-0.193715026756942 0.171232919732825 -0.139991588608604 0.294405860033437
-0.246784667744679 0.0435657601452062 -0.233933193306281 0.172988945154137
-0.27411029574476 -0.133681780905086 -0.201363949063796 0.0136703823631511
-0.124970813848521 -0.2905960055029 -0.0781211908288774 -0.0775096109794436
0.148643652660922 -0.306802132424973 -0.0661311172623347 0.0266592896514121
0.351468228155155 -0.294912289829654 -0.352354158772094 0.118915246666367
0.127051592761209 -0.202245929565427 -0.75320020043394 0.209813447589921
0.0251418310123498 -0.20551865908714 -0.382484756915349 0.38118625844343
-0.0783868747883801 -0.151195230790058 -0.0257331311939878 0.166010840781044
-0.114931340426859 -0.0503978792334405 -0.062060511714636 0.0235826355864239
-0.091841998191833 -0.00393169319872024 -0.219390736564114 0.0706106074955001
-0.0874376121113447 0.0367807887715272 -0.232826868186881 0.27540455387841
-0.0756602383693935 0.0923480625732436 -0.12890724593746 0.401127159890035
-0.0550656321783032 0.0965312758128503 -0.0592856826419813 0.418328573365834
-0.0744707322944842 0.0937191523567577 -0.0914544909640477 0.392256630217946
-0.106513533162314 0.0446410928854106 -0.191606114324442 0.303698579087228
-0.101928729331496 -0.021325457855091 -0.27061214622416 0.142289454120136
-0.0759936896009198 -0.0647164583931253 -0.192619820282382 -0.0202683271124444
-0.0385644776477634 -0.0998629488067001 -0.0732757296279222 -0.070047160694183
0.0491183411831937 -0.127791244047134 -0.0744940576539727 0.0812673535387443
0.141911255965376 -0.171400405145575 -0.424387276312261 0.180626663661837
0.106302110268143 -0.00479731667513377 0.357082876123789 -0.295349670319857
0.0695189728686095 -0.0508118422292005 0.0619132997967966 -0.202936988257872
-0.0245809802287658 -0.0821799670495092 0.0511520387365189 0.0489902831517037
-0.104674531515787 -0.0203430645678887 0.165795950031752 0.0390394066967634
-0.0578287810380039 0.0586490641374689 0.246804711079037 -0.113613209623941
-0.00681277728680572 0.0751009183577453 0.185244467103242 -0.3062619206169
0.0428133782656536 0.073823274774546 0.0531729832359268 -0.393060228810524
0.0486967043945753 0.0775932134819555 0.00186467402840992 -0.397693284287783
0.0415073870977587 0.083059744379123 0.0351474243399213 -0.400193908852566
-0.0107857443624391 0.0851834789888454 0.14127830781561 -0.312801169464393
-0.0709074788666479 0.0670346148634193 0.195919592651914 -0.154586520182394
-0.118491193587571 -0.0361994279040887 0.0820027198254009 -0.0683166762642663
-0.011161986848481 -0.107653731840527 0.0513879460297656 -0.165170360516128
0.0854402421058402 -0.0319851065022847 0.250462220430328 -0.359642233106494
0.0832904392400176 0.0346862883549569 0.680125913445438 -0.31402607584216
0.268856358579628 -0.148997021307901 0.322403974108417 -0.243729395056213
0.145522508241757 -0.219591450604111 0.0721182581917184 -0.173702437951935
-0.087677001517482 -0.250117525588517 0.0761943131617235 0.0358653548440844
-0.271997317329446 -0.0922172519196038 0.162955248431535 0.0318074041293398
-0.203129526673621 0.103921493518725 0.222720649531026 -0.0990184348441392
-0.0929699538378549 0.185084608824167 0.175035649436727 -0.264789199212852
0.0245054882936169 0.231117717147854 0.0531974006471498 -0.333489629000338
0.0565212085603704 0.237867217510951 0.0158943586165969 -0.331363867832473
0.0327212672951529 0.25049587086847 0.0348375223719836 -0.334307981304438
-0.101804456321968 0.225227847676032 0.126392533345722 -0.252826705524759
-0.223186602090199 0.137286963123056 0.159024218620205 -0.111941178299593
-0.333999372057063 -0.0925291231235272 0.045306882575447 -0.0546462960860084
-0.123270563395502 -0.306528409035357 0.0322180630175747 -0.183296009294983
0.171174250794242 -0.261547490812228 0.199591180914176 -0.374823702001866
0.298784305961304 -0.151471033602774 0.576233953117887 -0.329425445266749
0.40648927807459 -0.278165130631824 0.216975758787238 -0.166281653849835
0.211817692185878 -0.384354900390202 0.0551862781339452 -0.110984766566639
-0.149775320524899 -0.41000742164348 0.105322668867531 0.0336452205047475
-0.429142470572767 -0.159220773044815 0.159035535403367 0.0153912542848379
-0.338542748468351 0.141476650520067 0.172072042963558 -0.0863665152093265
-0.176450766514207 0.275002075393667 0.136590188971015 -0.195114826287352
-0.00296182669880585 0.357968139244255 0.0414256807597314 -0.22615871891773
0.0557031289208514 0.362067025800654 0.0265064265638378 -0.214993531136445
0.0240122843727348 0.378899124724279 0.0318928588780035 -0.216965704630576
-0.168457159700113 0.335930021215358 0.0939165965882815 -0.150688686097022
-0.338644151903019 0.201803227105651 0.0981902389237379 -0.0445423672195494
-0.510931817520887 -0.11172986662665 -0.00556594351872037 -0.0292971722454118
-0.242995056374478 -0.452888753510706 -0.00190067767283354 -0.180736244795133
0.205958317342701 -0.458847475447318 0.125129129676384 -0.340508473496034
0.455489034179799 -0.324812613557933 0.403286925638165 -0.284762601605368
0.492578824163266 -0.376993545276343 0.0485024159737846 -0.0656956490302934
0.247405986651306 -0.524403519601179 0.00508330250352376 -0.00919688878197637
-0.212921585360191 -0.535013020219186 0.126000063351853 0.0456278166464011
-0.553989360575337 -0.205050861886445 0.141375771065664 -0.00276444522959997
-0.437854762161454 0.169934206570863 0.0927765770943757 -0.0653560699647566
-0.237131461732048 0.332130834420708 0.0711653308480883 -0.0961166722367482
-0.0310079946523717 0.43677872619437 0.0174205312618521 -0.082125162656694
0.0470457433589699 0.432146786814134 0.0337207882065524 -0.0659844036332596
0.0140509077469041 0.446764854894351 0.0288105650338188 -0.0672925558324059
-0.205326122455359 0.392491866860726 0.0536855925896684 -0.0200485583561092
-0.398207594037658 0.238880953712133 0.0233222589437174 0.0418686066039771
-0.609910525709298 -0.108072768905431 -0.0638092180994836 0.00906018962655939
-0.33023545380236 -0.517553732826572 -0.0381530541347839 -0.154079209417332
0.199083148172093 -0.5759838618511 0.0482636789542912 -0.25709122442639
0.530032255829499 -0.442606447289894 0.19208633306495 -0.188760215537581
0.501250425841443 -0.427171081242551 -0.160733481432837 0.0497446645629258
0.240956031752114 -0.593658010564736 -0.0729733873707308 0.119785830148613
-0.252575553372632 -0.584253917630641 0.124851570872896 0.0686922742342574
-0.598793279738542 -0.212009310829894 0.0987325252432219 -0.0141888293647167
-0.468544065660435 0.176729485810492 -0.00684292587686146 -0.0285926514862837
-0.258499867860273 0.340146036066257 -0.0113663736294034 0.024735955378447
-0.051330005699995 0.448624658878914 -0.0122427741472023 0.0786721601398735
0.0307983058431708 0.437277232662584 0.0353078626664577 0.0929047180729031
0.000149880155277474 0.443355888789904 0.0245798714916494 0.0900262066499796
-0.212775764709428 0.381519236049405 0.0109135661992883 0.11542635183614
-0.392808245662736 0.223982069998236 -0.0544809010528578 0.127649141474329
-0.590518421649947 -0.0991810799380111 -0.118471852998422 0.0441159155383022
-0.339639608905024 -0.49470509795182 -0.0672838064583043 -0.116236916041229
0.172242638980997 -0.578359904107267 -0.0107607005771281 -0.14448884673441
0.516084433276627 -0.480322079573768 -0.0156525317425522 -0.0583645666971503
0.427400798911968 -0.4111639629374 -0.373843115791321 0.165936838205591
0.186724760342971 -0.554154577774952 -0.162707126791087 0.24978692032088
-0.242235255848764 -0.519530402267796 0.0943981547414957 0.0954567903909073
-0.525246122938199 -0.179299579286697 0.0361289000879515 -0.013305237041418
-0.405050511192123 0.147703335684529 -0.105279057538582 0.0213873512607867
-0.232718285337961 0.288737921194659 -0.0920485038263707 0.14683707902173
-0.061203724640995 0.389187463632997 -0.0402452789540556 0.229428208832017
0.00908371979983588 0.375034001675929 0.0313214345935653 0.237906123192719
-0.0206233358494938 0.37483911537656 0.0161265118721315 0.229484315246679
-0.19541418958239 0.30719431311427 -0.0347612307964709 0.227671603560025
-0.329932130632151 0.160199489471835 -0.126592465559566 0.186655435710148
-0.462992343992901 -0.096227437991017 -0.158769512888112 0.0588684221671877
-0.266870204489773 -0.395458259432412 -0.0828528767531102 -0.0836812756445172
0.139258552480626 -0.474143193651081 -0.0441594712387983 -0.0376343425026459
0.427370540350215 -0.429819250449819 -0.188166567855215 0.070867252568695
0.280572703584984 -0.330859347962354 -0.552123786467468 0.260933758234631
0.100914377946739 -0.404591587279457 -0.241135131862577 0.352260042956521
-0.183157677995648 -0.351070033981966 0.0465109268109461 0.121839624246219
-0.346651505970986 -0.110724842329648 -0.0237950642454311 0.000936483176338505
-0.265867419405374 0.0897140240729828 -0.175462689957906 0.0687079242308778
-0.164976777461227 0.18581933231332 -0.152304382936586 0.244498332640155
-0.0596731428382231 0.265920992355567 -0.05934168549821 0.343950048091534
-0.0139246991000017 0.256751477459899 0.0217631279207079 0.347192995967551
-0.0397618099541825 0.253341426217289 -0.000264947437157064 0.331635148373801
-0.155212931684493 0.191884970913167 -0.0834026410376413 0.295974360077917
-0.225624830027854 0.0741565085416256 -0.185764084138566 0.202287221594838
-0.277600526321134 -0.0835190027882084 -0.178908777240612 0.0455795780548851
-0.154784199589419 -0.250464657451848 -0.0850282004664797 -0.0648222114751794
0.0916772349783097 -0.30588221934161 -0.0558793463056811 0.041987537420994
0.283989999380018 -0.318591069363479 -0.308084054605527 0.173445237720377
0.0853998497857789 -0.190896446734167 -0.658860565577052 0.320069845992116
-0.003218050381903 -0.185380064867421 -0.29161179310623 0.418069703728622
-0.0945081523554461 -0.124830075563072 0.00208816546263321 0.148269263409266
-0.114948973095256 -0.0256994797848605 -0.0598189199125567 0.0236305539766439
-0.0856000998246959 0.0149386249599918 -0.201141013873205 0.102059457934519
-0.0733060069088683 0.0499797276644027 -0.179331186607603 0.299544848536664
-0.0515171549327794 0.0981840014822073 -0.0651272078226957 0.405682855494324
-0.0348182976962417 0.0982806245287428 0.00813615296234342 0.404760779348136
-0.0516387704979574 0.100107277769745 -0.0217441377755586 0.38307960962045
-0.0918896909567797 0.0611834073180011 -0.128058025777342 0.316612192524314
-0.0990615635345548 -0.0035511147924257 -0.225953628699292 0.180903759592419
-0.0823091168445875 -0.0476424139992239 -0.180115660177712 0.0136547165640619
-0.0500833868599599 -0.0856517904358901 -0.0805735198942465 -0.0539944460101056
0.0244775826341182 -0.126362114416632 -0.0559119721869862 0.0902480610718895
0.104427250266279 -0.175765235023311 -0.366195297390364 0.238973211341348
0.0996731100056242 -0.00198302085665852 0.345265859178473 -0.283680860801657
0.0697399192088019 -0.0469208590556905 0.0603852139162116 -0.192710644772863
-0.0206496116703028 -0.0794945953220058 0.0499883907331375 0.0454970308452786
-0.0990988308644859 -0.0200463491149196 0.158368628740373 0.0363489009576642
-0.0561963063359026 0.0561548650829313 0.236522032208595 -0.109194926344988
-0.00691619730371929 0.0718070619586227 0.17705859944312 -0.2922164448274
0.0404255887104329 0.0704432253543228 0.051074561085639 -0.376423139220989
0.0469168045024218 0.0738672587539227 0.00289365923478876 -0.382438638308427
0.039259109695002 0.0787001615304863 0.0350777276115966 -0.382239715618437
-0.0107427596659873 0.0812685066580636 0.136027885189546 -0.2982465849946
-0.0667874021026762 0.0629202219123166 0.18596905458377 -0.147219570870998
-0.11388278183682 -0.0353974346045677 0.0773161991039638 -0.0638143693289681
-0.00998814214325185 -0.103935339879174 0.0498591081304255 -0.158536757613858
0.0838041814352351 -0.0283961615564415 0.243421157895924 -0.344736662799344
0.0793942398471479 0.0355501858305474 0.653071324984233 -0.299126779123765
0.255039833636238 -0.139870810437282 0.313131934050492 -0.235497586481776
0.143303652781468 -0.208267093644041 0.0703238600231538 -0.165833388500546
-0.0811928824973935 -0.238306471242183 0.0736387427931073 0.0326874133292098
-0.259832923489909 -0.0878127227447129 0.155690306323498 0.0290570844824197
-0.195835308658019 0.100086021599447 0.212458409778339 -0.0955918345234802
-0.0898481650528589 0.177618000521305 0.166404445100315 -0.252651472080525
0.0232751505134726 0.221123989717899 0.0528439638283046 -0.318751087576934
0.0550385865156747 0.226244430732411 0.0169130603781477 -0.319990028775435
0.0306558579046227 0.238745205194727 0.0350841219326682 -0.318288496059246
-0.0984917034777756 0.215563036134205 0.12274564175024 -0.24097047774342
-0.213891075924151 0.131690157685965 0.152015918710457 -0.107434410041211
-0.319771215927437 -0.08909950818694 0.0420619682691264 -0.0524347348377365
-0.117887031182187 -0.295326115861674 0.0307659207014513 -0.176611982904667
0.16617220542385 -0.248815118033808 0.193077422742637 -0.358747935236453
0.285410323457647 -0.141454897848222 0.554609163246694 -0.313383645708516
0.38810391170965 -0.264586802332829 0.212518940287109 -0.162051853346295
0.207327589451018 -0.366300975479253 0.0545677241426498 -0.106467419483924
-0.141987594450915 -0.391410009209396 0.101956067652588 0.0298149583645222
-0.410150932107699 -0.15081410206386 0.15180424198029 0.0133122333804294
-0.326084423008826 0.135308864145508 0.164059403482768 -0.0838465829088909
-0.170086036860824 0.26317472231567 0.129145691487634 -0.186791752379572
-0.00290466660448237 0.342153291064181 0.0419736647896566 -0.21548819011168
0.054749837468174 0.345316081647442 0.0276789237418002 -0.207403285244943
0.0236410350323403 0.361654542320846 0.031981337004298 -0.20609355998469
-0.161443762205955 0.322234474614778 0.0918186709866276 -0.143534166612027
-0.325096285433559 0.193628951284618 0.0941856257091957 -0.0427668041702878
-0.489719922296281 -0.106807366513951 -0.00827872285305396 -0.0284577253018567
-0.233728262741107 -0.434014891273323 -0.00107305496093469 -0.17595250602357
0.201204188175032 -0.437323756734974 0.121855418861237 -0.327255733189936
0.436221238293857 -0.305944000942313 0.387849891933397 -0.269648268695981
0.471926144838718 -0.359167747762001 0.0503673636043095 -0.0669772638930799
0.24224249652117 -0.500339115310433 0.0065101138613667 -0.0103437706350266
-0.203792598396411 -0.511615928320893 0.122786293671936 0.041710775659244
-0.532139467616312 -0.193651499367695 0.135161839587203 -0.00396469855787992
-0.420627686422063 0.16486549162246 0.0881309865073739 -0.0639906368559775
-0.229165856525483 0.318682350111632 0.0660582601077848 -0.0930576990490744
-0.0286458520086491 0.416080205841769 0.0201515590955395 -0.0779611338094576
0.0473309743258077 0.412611326170194 0.0340417000167339 -0.0640197690317035
0.0148497584229069 0.425252516294855 0.0283254113016337 -0.0631159780705364
-0.197557731858682 0.376244685761744 0.0528160517090413 -0.0182789853913632
-0.382603265045574 0.23017941863201 0.0229646203220421 0.0396410763318382
-0.582374169251743 -0.103149443993572 -0.0646212443421238 0.0071206995882424
-0.316941548584957 -0.496060573934746 -0.0367358367992738 -0.150274235518528
0.195144351758805 -0.54914569388644 0.0466230844201237 -0.247837760913144
0.506552505665873 -0.4190664192282 0.186156367479182 -0.177793489921013
0.481057678676196 -0.407340572287098 -0.151060601834705 0.0432641738293663
0.233689861832708 -0.568238509459049 -0.06873276722961 0.112828576058261
-0.242925869356171 -0.557717319916454 0.120614386520037 0.0641564901351326
-0.577066204351123 -0.199986167923459 0.0947716574358085 -0.0147648879199736
-0.449259408345239 0.170360606148805 -0.00713900897446394 -0.0288962575509424
-0.249977475787097 0.326722566778832 -0.0123668037218571 0.0222195666440107
-0.0488256130187559 0.428553117889978 -0.00803802010190037 0.0759720600815662
0.0315651211057839 0.416477492491067 0.034764888206674 0.0887729957551528
0.00196246799013639 0.423970379625645 0.0238219466798847 0.0872947418485369
-0.204296900571171 0.366614952037779 0.0115947116090657 0.111100567124927
-0.376504273746984 0.216562217310012 -0.0511264316738086 0.121757964024367
-0.564296417481778 -0.0927425297242982 -0.116006381948098 0.0405738401520438
-0.325370116077175 -0.473595817689294 -0.0648461010732366 -0.114633921034191
0.168330968877096 -0.553103576477944 -0.0116749539755895 -0.139820286197064
0.493050184627065 -0.453962955446616 -0.0128371344605528 -0.0527002560129645
0.412250325602069 -0.394136953658454 -0.3565985488372 0.15429081628399
0.182822339642663 -0.531497724719652 -0.155536478920556 0.237134088877506
-0.235274343803794 -0.496609826834604 0.0913635412968485 0.0903863936213882
-0.506804576688314 -0.167838099873475 0.0350222264280899 -0.0138245169653568
-0.390044737152197 0.14343003861419 -0.101600063518376 0.0188976828120966
-0.224543951469981 0.277777696869957 -0.0900003285061504 0.138322766892477
-0.0580013410162348 0.372378229720522 -0.035256073861026 0.220046851742404
0.0110664819001035 0.357826142656077 0.0303580309247508 0.228946756183638
-0.018784042146006 0.357688959783255 0.0142634239327689 0.220280801099794
-0.187624632855468 0.29530040785323 -0.0328968029658483 0.218431930179352
-0.316820249271052 0.155393908846376 -0.119867310341867 0.177882518267893
-0.442511722847361 -0.0901416124054976 -0.154039411168544 0.054004289863723
-0.25560534927131 -0.3776384757555 -0.079699785499226 -0.0827227409506417
0.134583362999983 -0.452153129555719 -0.0440451378601883 -0.0367192722930801
0.408151405484649 -0.406873620645412 -0.179484336121235 0.0707826677188458
0.271287901906553 -0.316509559974296 -0.529492336355856 0.246567100911755
0.0979410507495388 -0.388998561409882 -0.233075150593823 0.334712740903069
-0.177757759503684 -0.335355320047281 0.0445632411516206 0.116215527322934
-0.33615400319625 -0.104528985978799 -0.0225077035604396 0.000464901337820566
-0.256436042464893 0.0871690521881743 -0.169191208615676 0.0645033168619283
-0.159763519023547 0.178663957173911 -0.146902929238271 0.232107517502426
-0.0560817204233181 0.254565548198988 -0.0539056563658644 0.331122727888172
-0.0120249407740434 0.244571170816856 0.0208787539007205 0.334127340238718
-0.0367116401366865 0.241972867132632 -0.0026001359952638 0.317328694108234
-0.14763398155466 0.184229798387654 -0.0800994495355892 0.282866756836202
-0.21699792764865 0.0732464011436932 -0.17676244592229 0.192662694904688
-0.264226702354897 -0.0778237297654706 -0.172125813728183 0.0409883127520879
-0.148356830897194 -0.236755502768339 -0.0823839538855648 -0.0635036312859267
0.0879843585989128 -0.293212318563327 -0.0559267519067676 0.0395182677816922
0.270008874166671 -0.30237593164391 -0.295619172842041 0.168508745809195
0.0849537571758672 -0.184102120156128 -0.635441001437971 0.303359566821978
-0.0024133509789663 -0.179350844332322 -0.281904869629546 0.398961224865077
-0.0940894317808353 -0.118622729966641 0.00240567562071909 0.142322468774132
-0.112615136594345 -0.0227356193166051 -0.0570942579575855 0.0219651236430145
-0.0831009130638489 0.0147724548246457 -0.193805742805431 0.0969963380406935
-0.0712408817033469 0.0476999790436546 -0.172324987037633 0.28535463287788
-0.0482911892648481 0.0940275531040019 -0.061101003937697 0.388952722387708
-0.0322197941806597 0.0941314043132027 0.0075049457360194 0.389862112636848
-0.0474607704840566 0.095762659420122 -0.0239007486555169 0.367148970338986
-0.0872643192047934 0.0589703447759491 -0.12357795431289 0.302391047780227
-0.0953972653227702 -0.00167368327126527 -0.2147677775506 0.172550586467164
-0.0781939847120848 -0.0438862148166771 -0.171920527010865 0.011813535589749
-0.0491034817582114 -0.0798000273579559 -0.0779153815915868 -0.0523820048532579
0.0219237533434741 -0.121954275566412 -0.0561505195057957 0.0863542484419108
0.0991000328724738 -0.167643570596104 -0.351719247010515 0.231240168267637
0.097577998655568 0.0028592952585245 0.351643806443664 -0.27800266262767
0.0727601110374843 -0.0440927005374098 0.0652609187918859 -0.188422241358497
-0.0170532696688802 -0.0799842761725784 0.0497256320744261 0.0447060586759735
-0.0973080944652389 -0.0218550199778974 0.156263323833559 0.037048184111399
-0.057398065013762 0.0542922545877245 0.236787890738719 -0.104946015844325
-0.00801236064844417 0.0720302536449258 0.180027426311299 -0.286043647784815
0.0380299123046277 0.0706992261676174 0.0568566925023441 -0.371265876117672
0.0457101349759754 0.0738561839512301 0.0105077573744688 -0.382730957797666
0.0365140514506056 0.0783119694353507 0.0436906683013937 -0.377956233715463
-0.013380395902182 0.0799828318444113 0.141714912796363 -0.292204771542277
-0.0665994106418236 0.0605663774105374 0.18612319395363 -0.142840901167819
-0.112222913677709 -0.0376819638701492 0.0769504197544122 -0.0613308813205283
-0.00787773807913775 -0.104703299330424 0.0519432734283524 -0.156417960732089
0.0855876034029155 -0.0255621207433845 0.24923566176961 -0.337733725201192
0.0777127382837824 0.038116178401463 0.65666564781475 -0.284824108959462
0.254450068544143 -0.131577049618939 0.319602954179983 -0.231366224117656
0.149302664526857 -0.202509056474046 0.0753960257110355 -0.162308431387414
-0.074719933752467 -0.237375909659858 0.0739334873203558 0.0317517779609505
-0.256471763434951 -0.0916781739329545 0.153311376363231 0.0298984454759308
-0.197331597405706 0.0959979330979007 0.212277216767921 -0.0918064230340139
-0.0927717462047617 0.175331634424817 0.168539067486556 -0.247522114433271
0.0192021780550238 0.219453241699921 0.0591097789440284 -0.314356054330582
0.0518270800886975 0.224920423841288 0.0236264833002715 -0.319005212175484
0.025904260043453 0.23613971085193 0.0420951545377543 -0.314666278100771
-0.10275730390472 0.212814432412155 0.127828571741424 -0.236222539774551
-0.214528192184189 0.126778614643434 0.152024661166646 -0.103541324319223
-0.316631664658831 -0.0943622955380311 0.0407857515390902 -0.0509749158089047
-0.111843220114819 -0.295326194987382 0.0341039063924383 -0.176777096099117
0.17315097541188 -0.242164095543666 0.200735932279913 -0.35463214205258
0.28585661547914 -0.132140580396374 0.55808867368986 -0.299406563058797
0.387973097463716 -0.252266299653938 0.217962969028489 -0.161121038579082
0.21639111889852 -0.359334415590357 0.0581035808085797 -0.104782876451
-0.133775080467173 -0.388232832406093 0.102171022706795 0.0292047504329263
-0.406269594751332 -0.155940845399397 0.150571813197698 0.0147870434981614
-0.327031737645175 0.12993872691202 0.163961197279383 -0.0807039612157149
-0.174453305556157 0.26002917437413 0.129892573749206 -0.183045041238426
-0.00890145343237064 0.338574113999202 0.0482630682028311 -0.212345498023154
0.0500580115816849 0.342500322215346 0.032245076886903 -0.207061153382337
0.0170168796447266 0.358065813792043 0.0368611915318288 -0.202613254355162
-0.167188494055165 0.317759667926675 0.0956974407711899 -0.139982032536381
-0.325778351902536 0.187924978090319 0.0940259409507205 -0.0406539878371909
-0.48494108093447 -0.114999637131814 -0.0100014076821895 -0.0285645426043751
-0.223820588000915 -0.435679965939568 0.00223547495401519 -0.177338369277589
0.210438856439635 -0.428328888641857 0.126812661377034 -0.323647861086704
0.437574605272017 -0.291444126778009 0.394375452297169 -0.260382514381746
0.473076947995998 -0.347112827906906 0.0541976499997537 -0.0703738036930421
0.251165372337303 -0.492948487373021 0.00833325305837053 -0.0111210190691013
-0.194254010308811 -0.508089921960472 0.122077432069102 0.040962373430088
-0.526095942949174 -0.198405091928564 0.134261383184322 -0.00246054466953595
-0.424007317323462 0.15612111387717 0.0881011249262439 -0.0627083922264677
-0.234302567513933 0.314359027309607 0.0649766966909962 -0.0915823587848553
-0.0359590357483 0.412083077588922 0.0246740975125269 -0.0762696794119156
0.0415843820687424 0.408514552276555 0.0359716999791585 -0.0638621963674058
0.00780645142443716 0.420857926095076 0.0296369074356103 -0.0604672137681591
-0.203204969715405 0.371181659185985 0.054986622903455 -0.0165924239573008
-0.384304314599395 0.223457954625705 0.0222744524288123 0.0395413736748339
-0.575741435186539 -0.112540106529757 -0.0676105110723838 0.00518348494149599
-0.306173011335345 -0.49822348587014 -0.0343678773510256 -0.153747987249511
0.207018934082055 -0.540357896676593 0.0502981785166502 -0.246710937666677
0.509619931545468 -0.400929757062978 0.191211953727594 -0.170485899978226
0.486008406344888 -0.395143708817904 -0.149481056746094 0.0360129010973124
0.246033316200424 -0.561419429860285 -0.0700469098612165 0.109324565953813
-0.23209864680146 -0.55555406742651 0.119917088492364 0.0644875285430646
-0.571643994577465 -0.205937056170782 0.0955309380720025 -0.0139264081555265
-0.451059596573329 0.16291242823468 -0.00682205038986635 -0.0293203069998114
-0.255079423357356 0.321905802440647 -0.0152101055888163 0.0208071250686576
-0.0541828265501905 0.424216866835153 -0.00583032706908287 0.0755889892488035
0.0277927184760156 0.412180637842947 0.0340837765272962 0.0891384382813274
-0.00498071824918871 0.418708317508855 0.0215973786316766 0.0887916131333234
-0.208703720225662 0.361073316717411 0.011026869351359 0.111192956407462
-0.379380728640029 0.209942988272076 -0.0521352166574443 0.119751130830312
-0.557803445553434 -0.101183601302034 -0.119623986881031 0.0369851057523584
-0.315362784865044 -0.474603918323893 -0.0631531679659996 -0.118420995655035
0.1791071926039 -0.544178590561497 -0.0098643372527122 -0.14010124733651
0.495416852940594 -0.436460032904139 -0.00984896288140916 -0.049848662710574
0.418248657299419 -0.385065609736332 -0.357242461651367 0.143074803438093
0.193890669696481 -0.526323878875139 -0.159786250551623 0.231318512902873
-0.225948145807442 -0.495415471071967 0.0906362415826259 0.090602817530404
-0.504502989360854 -0.172860199114034 0.036631056273437 -0.0131627740773552
-0.391655078100654 0.137185611346209 -0.101816405505269 0.0157567711842611
-0.229176607739788 0.273001393556765 -0.09344030373416 0.13481550692561
-0.0623038933155469 0.367969895837205 -0.0356511427485838 0.218887628086721
0.0068609035845716 0.353614269988144 0.0271995029821109 0.228570753329797
-0.0226742754301558 0.35253823421732 0.00944500043554455 0.221171200512736
-0.19119128866122 0.290599807518602 -0.0350651206109112 0.215955237340218
-0.31866505285384 0.149964933907517 -0.120756417010815 0.174514427396044
-0.438043358947651 -0.096410163891602 -0.156589182642102 0.0500142418401299
-0.248508935320473 -0.377008733128734 -0.0784009618759275 -0.0866116238934821
0.142092044656831 -0.44626636808933 -0.044768590512895 -0.0378902071297727
0.411002537409737 -0.392286938680418 -0.178942871210398 0.0692112157357198
0.277647580466834 -0.311550228285369 -0.530964435273708 0.23271463384033
0.10614775310666 -0.387468019277081 -0.239442715338628 0.32822915678386
-0.173288834599178 -0.335320539912577 0.0431036545071925 0.116256739268725
-0.334958255708487 -0.106230960563231 -0.0206769111208521 -7.42397533092499E-05
-0.25794476447569 0.0836481436361969 -0.169105787273146 0.0602833167440935
-0.163152721565588 0.175889775762221 -0.151175641632213 0.227049294025347
-0.0592175440147679 0.251560997851762 -0.0572246933617029 0.326983481282908
-0.0137419225504745 0.242133620188745 0.0152408648190454 0.334026078466444
-0.0385461094608331 0.238497350248583 -0.00916093169184891 0.316335429060039
-0.14938523528618 0.18099361933679 -0.0838327630954639 0.279017066634038
-0.217237980514281 0.0703052842546397 -0.177353376082772 0.187175647958337
-0.260390366337877 -0.0807076805165818 -0.173116059531755 0.0367745088924356
-0.14399322111761 -0.236072530080132 -0.0809988706638777 -0.0658330710950297
0.0918056979398253 -0.288896765040202 -0.0576567739775557 0.0372520972808876
0.273273463775516 -0.292498549587724 -0.296704566134788 0.164069292031643
0.0900236955548506 -0.18354459448618 -0.6390131501189 0.287983058985696
0.000701099694288991 -0.180075329130671 -0.292105045596738 0.390523533112381
-0.093339492676105 -0.1190494115919 -0.000171364602456584 0.142018147588531
-0.113448329911878 -0.0225178927106044 -0.0560517807816216 0.0209167574052309
-0.0835061549295917 0.0135550748322726 -0.194298972587761 0.0924202919788898
-0.0726785417207192 0.0468712280259605 -0.176800630420001 0.279586420089685
-0.048663696550897 0.0921050996620264 -0.0656796933801551 0.384703016345619
-0.0322797407902352 0.0922729877179236 0.00112559326608909 0.389330092140779
-0.0466950477957505 0.0943136677671109 -0.030887331487565 0.364250766415209
-0.0861343039858533 0.0575477900662651 -0.128000482346998 0.296661140972897
-0.0947751129861868 -0.00126707074789228 -0.215140575817878 0.16615375387493
-0.0761678626480041 -0.0431591025639048 -0.171191760616983 0.0077331569745393
-0.0481842132887227 -0.078591845413268 -0.077006966580654 -0.0532675809634782
0.0214702487820161 -0.120941936264268 -0.0587375461049686 0.0842843739176582
0.100647795995591 -0.163590516405064 -0.354247674779578 0.225472345432985
0.0995287086973421 0.00708406069500137 0.367427918731505 -0.285896994969284
0.077965730422714 -0.0437144631984237 0.0709172429909678 -0.193053446651751
-0.0151170593499019 -0.0834603013078483 0.0516248666922702 0.0451344133826761
-0.099516501213865 -0.0243359506521182 0.159845174544338 0.0372861498288601
-0.059664625952237 0.0566555339652078 0.244246263288529 -0.106819054907457
-0.00844164809429671 0.0750073282178703 0.187224938252618 -0.292174854872185
0.038227897014286 0.0732400509315357 0.0613210487780676 -0.381278220202629
0.0463946561369134 0.0761124369572893 0.0134450550482587 -0.397245154097792
0.0355353402723508 0.0806728169083574 0.0487622406425679 -0.388889291515526
-0.0155895657493646 0.0821183290663412 0.148997074534053 -0.300091472874489
-0.0685818954312719 0.0606548126516844 0.191912649225115 -0.144187968718062
-0.116192467424649 -0.0399871582553194 0.0792844482028728 -0.0611968988583375
-0.00728247326083195 -0.108464742145028 0.0545739397664436 -0.161758604630679
0.0907682496904375 -0.0246541878535302 0.261527108790705 -0.34643403225323
0.0797032500562726 0.0414598162737181 0.683308455925287 -0.288354631282294
0.261400443018691 -0.13001407531745 0.334231602776949 -0.239968439089837
0.158851404255112 -0.206190186526311 0.0814902499403536 -0.166698650925385
-0.0737207881932183 -0.245255758930292 0.0764813275746151 0.0314464890825752
-0.263594942839989 -0.095430637824108 0.157607414724742 0.0306418149575982
-0.205584738147231 0.0982520797400462 0.218902532868145 -0.0926220922455013
-0.0968295301853442 0.181723841287377 0.174826623797825 -0.253085251714886
0.0171886340755377 0.225611821331536 0.0646823953732356 -0.32269783680104
0.0523066278373679 0.230977597082283 0.0275707997331659 -0.33208896423384
0.0252027054494509 0.243519435612354 0.0469000029829292 -0.323395532861244
-0.108371480326663 0.218738908054958 0.134923002699711 -0.24199258883424
-0.221398116415607 0.12872037549532 0.15639182242444 -0.104586024353935
-0.325770353322092 -0.0996484154899059 0.0400525146806051 -0.0515614991561391
-0.113924217634893 -0.306060005046847 0.0364755037736856 -0.184233982617762
0.184191005913745 -0.247859225914848 0.209938633765722 -0.364430022141011
0.295109898084878 -0.131632064198856 0.581409559903657 -0.304459623511525
0.400815038919781 -0.253789968005017 0.228829647609517 -0.169195867593789
0.228066558740901 -0.368684769111795 0.0629613227735133 -0.10786839239589
-0.133630004003253 -0.399588614861818 0.105790382345914 0.0286879961583945
-0.418845261637614 -0.162386963081317 0.155386289664654 0.0156552632718965
-0.340301812143803 0.132482601637375 0.169508719399667 -0.0820812572394693
-0.1824738338474 0.26871919672151 0.133185629119716 -0.186879785614337
-0.0114866935054728 0.34770385080278 0.0529859135136661 -0.217777390017808
0.0512716593490401 0.351620089883132 0.0355671341015569 -0.21537088425746
0.0156785679257253 0.367923227302879 0.0405337191873132 -0.207412235233618
-0.175786384670657 0.327503017243767 0.101309652662534 -0.143201886103323
-0.337641164334223 0.191423943965717 0.0969922863153508 -0.0406391044502439
-0.499696677808735 -0.122658261048329 -0.0133882684342997 -0.0289140628679937
-0.228969922231952 -0.450059653681038 0.00328311877548615 -0.185584222923619
0.225179970439116 -0.440171923129908 0.13361308097212 -0.334743701720856
0.453341312317912 -0.293467407077828 0.409749697051885 -0.263161740693967
0.488599439837189 -0.350358822060126 0.0587186440177241 -0.0769051078105014
0.266758042073297 -0.507314055206431 0.00974952022651712 -0.0124079718287061
-0.196111670896575 -0.522127390343407 0.127126659629028 0.0411547414871315
-0.543321290844465 -0.206288873411623 0.139938279308957 -0.00210805180520959
-0.440058226356181 0.160191736250271 0.091876470939012 -0.0643963340121319
-0.245181182229208 0.324490331462732 0.0661698235992722 -0.0937082041318592
-0.0386633324495286 0.423765742323685 0.0290656061752122 -0.0779070244618673
0.0430899742231552 0.419835712360034 0.0382222916970923 -0.066564712506758
0.00561063119349134 0.432662528904127 0.0322638917575341 -0.0596709795109594
-0.212764673100869 0.383009383788042 0.0585872539447797 -0.0164837223085286
-0.398255714326271 0.2283522336968 0.0233355037185448 0.0411746326946122
-0.594348490236391 -0.120002073285361 -0.0736157192289176 0.00560743589982334
-0.314636663191961 -0.514251099801832 -0.0351775917582136 -0.162821514712773
0.221631525369062 -0.553992298821305 0.0524019611005117 -0.2554989596135
0.527863035447582 -0.406447635865872 0.199752874416759 -0.172773552999706
0.503543678840891 -0.402466106500138 -0.153394393122873 0.0316438975962937
0.260598739188676 -0.579106714645383 -0.0727172089816146 0.11182663228368
-0.237072286251103 -0.571197484798064 0.125090471597254 0.0658175633086387
-0.591120788830457 -0.212444702081478 0.100337154432493 -0.0139066878760434
-0.469483836459282 0.166667192958861 -0.00721086562238644 -0.0309607614160797
-0.267152366157144 0.332056515785715 -0.0173195269359261 0.0207448316287393
-0.0574837804575204 0.436321583038994 -0.00270285840903151 0.078296548945011
0.0273716491431824 0.424291918646103 0.0359349540422083 0.0923452197837797
-0.00677945930179985 0.428642536004818 0.0220647615784055 0.0943353827264062
-0.218019040968667 0.371115820189528 0.0120639899631114 0.114896902715764
-0.392925899560889 0.215270345894861 -0.0537934311461559 0.123188400254337
-0.575077388892201 -0.106724219909856 -0.126894281653914 0.0378777475784907
-0.322766333298552 -0.488681445461541 -0.065444999828625 -0.126223571142753
0.191242527263106 -0.557661970468085 -0.0108139103548802 -0.145986509643328
0.513807059784293 -0.442955169688958 -0.00910292448972399 -0.0495660274971338
0.434471514719458 -0.394574001847946 -0.370601259011868 0.141631612208388
0.205125517281291 -0.544334831912344 -0.168026775744818 0.237023789676534
-0.231339236750363 -0.510143946713603 0.0941801657791456 0.0936855671777408
-0.523042823111743 -0.178501190265535 0.0405077347662336 -0.0135872755265392
-0.407497617756743 0.140566032574863 -0.104480310854562 0.0147369490479386
-0.240566302238851 0.282414165585091 -0.0990566507937174 0.137293820791644
-0.0652822629125243 0.377603244757842 -0.0344914522633014 0.225165551119828
0.00735579992651011 0.364384005873065 0.0277694207796881 0.236861407581271
-0.0240619156507608 0.361796400997173 0.00765164580706436 0.229639798597154
-0.198653366805374 0.298645735872051 -0.0373185560140672 0.222258575859833
-0.329360079209591 0.154468871446783 -0.124997047810471 0.177585228963145
-0.450835383358904 -0.0998922775642159 -0.164443706089088 0.05026789887501
-0.254623368345268 -0.38695722796225 -0.0816021980319971 -0.0931411497605168
0.152460861177199 -0.456740730085581 -0.048292513049667 -0.0417404985622279
0.426411322321905 -0.397639498219262 -0.184957835982379 0.0728787151198726
0.289746101148247 -0.320079629079169 -0.55194546231271 0.23336726068815
0.114197924398131 -0.400579154114536 -0.252164583454439 0.336141172588582
-0.178194765351378 -0.345155720061155 0.0452329254829465 0.120072407792292
-0.347331603849286 -0.109099053567142 -0.0191721454005852 -0.000875680056804646
-0.268486920004082 0.0850983067047864 -0.175199143695985 0.0605567427948377
-0.171159879121299 0.181814941001072 -0.159259872225803 0.231604562683058
-0.0614064100628544 0.258245891274755 -0.0580774646808502 0.337135333568894
-0.0136693521558027 0.248798630662457 0.0148112833919044 0.34678664544421
-0.0392052677829934 0.244284134938007 -0.0126097462220121 0.326995181669979
-0.1550521007732 0.186446617896395 -0.0876822105571398 0.287216156000747
-0.224166091426511 0.0736879291615578 -0.182548413546862 0.190813757456839
-0.267073181040519 -0.0833551636487042 -0.180992949721123 0.0367470122703933
-0.147031218065567 -0.240380647278142 -0.0843104951732413 -0.0712276237249885
0.0965424773296251 -0.29544888923777 -0.0620601389295368 0.036763523942652
0.282558323246126 -0.296846864638281 -0.307549186241516 0.16992782823414
0.0956640524217768 -0.190647855445333 -0.665796941383142 0.293480695441324
0.00247859074221204 -0.187900342106928 -0.307549625637463 0.400852494492701
-0.0977612255037556 -0.122524207749524 -0.000926398117991763 0.147120640245526
-0.118357265828036 -0.0217366043311925 -0.0565816626943893 0.0208423863489036
-0.0868463775393912 0.0133847902696444 -0.201293385702281 0.093446168550388
-0.0766004240734486 0.0483921170728027 -0.185633011517813 0.285478686995687
-0.0495316638383659 0.0945535506045459 -0.0691683365881506 0.396121409457121
-0.0328684985311323 0.0952249136881734 -0.000478751279413428 0.404088852613112
-0.0467316268378483 0.0959587710955176 -0.0365331958203017 0.376571255585487
-0.0883118788307662 0.0593444382768044 -0.134962890458639 0.3047145590349
-0.0973035796401148 0.00011664853902974 -0.22153499237203 0.167910321820411
-0.0776560195857222 -0.0437819547056202 -0.177204472664718 0.00668609432512772
-0.0501167763319897 -0.078883594687487 -0.0797896464314935 -0.0554655220091277
0.021201734478072 -0.124283062340948 -0.0625869827265025 0.0853193295148889
0.104323230131124 -0.167525238089819 -0.36844402140563 0.233401931512908
0.104451743428263 0.00761739974910247 0.381237063559317 -0.315379431878224
0.0833825378995077 -0.0468094804057977 0.0711686433584865 -0.205379907921399
-0.016551668097326 -0.0889849614449939 0.0559178552596239 0.0443870360594416
-0.105060098097277 -0.0238670118719018 0.166931916215381 0.033750623555461
-0.061693330779786 0.0612448706490334 0.252973931698082 -0.119762923134007
-0.00583492528542573 0.0800297143549033 0.188456403561065 -0.312637813639891
0.0416925272730625 0.0762652295093055 0.053084838690081 -0.402116231766751
0.0507470272723865 0.0781768594383579 0.000511387620324615 -0.421010193417306
0.0387363013468643 0.0841863247034792 0.0410786057841626 -0.411540486781323
-0.0149515839050771 0.0872403654694952 0.148698387801436 -0.319044440838371
-0.07020587242949 0.064466296793276 0.196862782281636 -0.156679690242156
-0.123554151530833 -0.0391559029967117 0.0806802184102717 -0.0660474628013127
-0.0109143147874935 -0.1152738248789 0.0522831089496595 -0.172310643418155
0.09654743218588 -0.028897769499463 0.266149255177504 -0.372350129007974
0.0850842270172353 0.0425658144839319 0.709563265692097 -0.323624495052669
0.27072583930757 -0.141251289165016 0.347155959551793 -0.267087965932122
0.163613107860425 -0.221076565630376 0.0827650497878967 -0.178251746474504
-0.0830044453100861 -0.255154764529891 0.0819640657981996 0.029026750683936
-0.280236504989137 -0.0920104277570972 0.165360896495654 0.0262796511476796
-0.214085938062516 0.110226281955095 0.227696723221693 -0.104549566540617
-0.0962789352027931 0.195161987384493 0.175815641463516 -0.270754956929478
0.0248621504792529 0.236331731581808 0.0596374163998036 -0.340963435606726
0.0633984229037111 0.240367956314615 0.0178078148760536 -0.352096352808998
0.0324546435519308 0.255234812194294 0.0412172820797779 -0.341192297319594
-0.108401734215486 0.234882329362818 0.136180035595193 -0.258470290671307
-0.229442344124727 0.140714741308542 0.162170226875492 -0.113662755730274
-0.347049062259514 -0.0953084394328803 0.0383472926223209 -0.0536228599258926
-0.129675192236648 -0.318781135470073 0.0324842266945415 -0.197459898907354
0.190047028310393 -0.266354041900222 0.210122971922344 -0.390827255991613
0.306330579270262 -0.1444859751818 0.605330082095054 -0.336598668404479
0.412537252147816 -0.275134823481412 0.238166728009631 -0.190092813840429
0.232701208484309 -0.393390874926922 0.0646196816683696 -0.116625497949184
-0.15190931461299 -0.414124977849758 0.113028056376633 0.0247472809263159
-0.446225217707727 -0.157100657679657 0.163965417068688 0.0104417315647232
-0.354934374061969 0.151343443557223 0.176114870948087 -0.0916533989277005
-0.183676203592052 0.290526403557506 0.133870622535354 -0.199849966809375
-0.00170614644571163 0.365933135302939 0.0521967769054829 -0.230434491199951
0.0666124199190582 0.367047494086115 0.0312641197417568 -0.229960147466903
0.027429497885656 0.386118987321989 0.0386180174251518 -0.218438686571377
-0.17586731086865 0.350970181441676 0.104246309431396 -0.153612612791503
-0.349260474669166 0.211249126560681 0.101287149689677 -0.0444091116201326
-0.530963392883197 -0.114273109508837 -0.0185351569133249 -0.0280023187173441
-0.256040189548854 -0.465914922296379 -0.00360350276265592 -0.199342377994437
0.228648925583827 -0.470082482526803 0.129579431056255 -0.35727486206472
0.468292174662878 -0.318870136663816 0.426272038901048 -0.289467823000667
0.502775179517135 -0.382093391403654 0.0608280029163904 -0.0871604127371789
0.267892682126142 -0.542253346211238 0.0109727588543394 -0.0140728487912719
-0.223072394099017 -0.540057022366767 0.136576421189213 0.0369951117055823
-0.579027052222368 -0.196251464654584 0.149069141285674 -0.00812262410286347
-0.460360834200108 0.184688484512984 0.0955603602096103 -0.0708653732219276
-0.248256635399154 0.351479149818709 0.0651299982385961 -0.100245015441922
-0.0289589309404878 0.446368633452628 0.0322879518955277 -0.0829850050543713
0.0603625510155846 0.438255144022569 0.0398769493047544 -0.072322324070459
0.0201712307416792 0.453862746441522 0.0336921438998374 -0.0622140689290697
-0.213603277650961 0.411234918187427 0.0634116749271306 -0.0191395677077463
-0.410341497986873 0.252335136372768 0.0262924929950591 0.0435733240605724
-0.629703450567866 -0.106241411882848 -0.0808008163809307 0.00961141789874857
-0.347110609696411 -0.529667086458387 -0.0436127582202193 -0.1749392129345
0.221224782746462 -0.590385255959794 0.0458012349857506 -0.271745990835785
0.542361736060159 -0.440428824552297 0.206876993398154 -0.185910885752675
0.517179207680557 -0.437015772037474 -0.159844385663582 0.0344325614266453
0.258866786790873 -0.617659810652192 -0.0736836333368442 0.119341178204061
-0.266069572138885 -0.591217469150928 0.135934560355481 0.0635422133647931
-0.631304274587649 -0.201455205108719 0.108273734044897 -0.0191951558091327
-0.490438418379338 0.192867001497066 -0.00728365906999732 -0.0329222380800164
-0.272138867515498 0.360490299962521 -0.0198420192515075 0.0223904989776823
-0.0475314745850492 0.459016925457243 0.00397602686794283 0.0820620627802837
0.0452753703972211 0.443632014430794 0.042269861220639 0.0954622446282179
0.00678713520904882 0.451364472184672 0.0278883281589699 0.100952240879342
-0.219001108028229 0.398563464290718 0.0178264322536484 0.120332691433495
-0.405892949198203 0.239908531659553 -0.0519304043714078 0.131327922344886
-0.60938181173373 -0.0957761601040566 -0.13641898144566 0.0460322112147071
-0.355068560428907 -0.501019780227464 -0.0752363091826844 -0.135141766537097
0.189016285886877 -0.592659382942411 -0.0191622832221421 -0.154496297024408
0.526999837786307 -0.477191281415085 -0.00977580167725566 -0.049449668924665
0.444874379815618 -0.426579872299787 -0.385606668634228 0.157719579310263
0.201398757963291 -0.580069075797764 -0.171084841116793 0.255272634312128
-0.260336212211906 -0.527133450593835 0.104878690904932 0.0945996854439188
-0.557435651742453 -0.167323692929866 0.045593870120692 -0.01708787425566
-0.42719139889985 0.163377636964492 -0.10897858930783 0.0178419404097396
-0.245256685165655 0.307541106630969 -0.102130821395927 0.147414972467532
-0.0563076622778006 0.398333057350805 -0.0254544089541822 0.238055113046194
0.0223693128311376 0.380568382401642 0.03832312421369 0.249765854394964
-0.0127964262612368 0.379729819632518 0.0157180451865584 0.243643249704957
-0.200542109285167 0.321365200661754 -0.0314923508890975 0.234510582072754
-0.340417470470108 0.17395709864836 -0.124976277299759 0.190312726861812
-0.478026102064144 -0.0914834299872971 -0.175248445229179 0.0596175967534721
-0.278932505369282 -0.396514008102909 -0.0916431411498447 -0.0991352406690614
0.149234832927802 -0.483864697669859 -0.054548238010399 -0.043630900456675
0.435875843401479 -0.428145624870902 -0.191850369471447 0.0852825166993228
0.296023323714066 -0.346548808902286 -0.575765764284797 0.262097741868998
0.108998804498821 -0.428144786054643 -0.25801884816282 0.364082796089509
-0.200285439313774 -0.356886097142165 0.0536463532383209 0.124654309920439
-0.371277831825872 -0.100125745078359 -0.017238630674342 -0.00151046248923696
-0.281664681131977 0.0996051610419767 -0.182025232702065 0.067636487283543
-0.175748671494362 0.198496457840662 -0.1625323309479 0.248315451793251
-0.055268694665019 0.272482446141381 -0.0486422490027383 0.356239321677028
-0.00363239395331482 0.261260245895796 0.0281960494186267 0.366227048056397
-0.032490447107767 0.257053923856639 -0.00376240058268473 0.347803172388858
-0.156542513160514 0.200362247382254 -0.0841723584224466 0.303843925828255
-0.232264840971952 0.0854610952428783 -0.186569928956428 0.206037808706537
-0.28318319334368 -0.0783364507657343 -0.190997858800033 0.0441569096691647
-0.162371726633557 -0.245471704505695 -0.0931313067730414 -0.0741793907203548
0.0930377505243342 -0.312229768660799 -0.066427887930632 0.0390663395848836
0.289099918911389 -0.318877571782369 -0.318929471003327 0.191299558834287
0.0958013444710289 -0.205012884111184 -0.693506782531474 0.32687290421135
-0.00300390141164643 -0.200408671267211 -0.313336450480872 0.434309158229852
-0.108651227956659 -0.124951889389961 0.00555024095196256 0.154774744999733
-0.126845267952667 -0.0162933034070498 -0.0562560946120264 0.0217789068091706
-0.0928171842442523 0.0177128234251897 -0.20905460474348 0.103278839559021
-0.0799624156347489 0.0544220684375397 -0.187940975394294 0.304939207855248
-0.0479733849166751 0.100221386241368 -0.0592019846247809 0.419120604555249
-0.029209267578034 0.100494136300627 0.0138302993404206 0.428002389936548
-0.0438829828566223 0.101891093892275 -0.0276980369271072 0.398862725488455
-0.089576645633573 0.0648567892258236 -0.133075325942159 0.324277767995697
-0.101348990717734 0.00480794922859261 -0.22745784181024 0.183145663650198
-0.0823628291456345 -0.0419321346032661 -0.187121793215196 0.0125153682676238
-0.0554931221266687 -0.079164891326339 -0.0871310502940355 -0.056516444986587
0.0169520489675499 -0.130434272191538 -0.0652411406571684 0.0901374802895213
0.104499833579486 -0.179428235859168 -0.38128480758759 0.260222634315607
0.103833455232767 0.018251631200708 0.441568358815213 -0.263296816474934
0.0913093183432467 -0.0343934466822648 0.109136261692203 -0.201738489412531
0.00123128142624008 -0.0934171209389343 0.0504342989619413 0.0478049303936453
-0.0998493024985222 -0.0440693973189411 0.161066993174781 0.0554567890848737
-0.0737945403500689 0.0466147297984869 0.27602141719277 -0.0830551726364936
-0.0206556462231051 0.0775568522281128 0.240810073582756 -0.294346762120603
0.0291591340977017 0.083315782766025 0.114229392046502 -0.408495823480986
0.0355749522767129 0.0869300856978995 0.0645102962424855 -0.438578532735682
0.024740876617323 0.0932253908810271 0.101228339618205 -0.42417908551031
-0.0305073642865956 0.0855311713042214 0.200010932815621 -0.311526561243621
-0.0834410813822481 0.0506397613775597 0.22669651113595 -0.134435071159556
-0.120728604605597 -0.0611278226467433 0.0996719827863975 -0.0546871160116452
0.0129130886944029 -0.123455552569162 0.0784929153715166 -0.166414077424021
0.113697661085281 -0.0150731009114563 0.325472412396393 -0.339534447168485
0.0888317795117994 0.0576056803440815 0.786906602036516 -0.221832007157401
0.296461833873201 -0.102802631853214 0.407435533369232 -0.225086754477096
0.199794618628962 -0.196783843157921 0.119554613175028 -0.178560718682105
-0.0386436451647185 -0.270240878897526 0.0753009768054576 0.0247839315560889
-0.266381677522093 -0.137994754320873 0.151341180501281 0.0391675143616174
-0.236915612604918 0.0727729963802634 0.239962474026088 -0.0671192303279524
-0.132578844304937 0.181869251906561 0.217563909173572 -0.249424698033292
-0.013304363084307 0.243546324233193 0.108913546606423 -0.339181073191856
0.0193035058575255 0.255462586774854 0.0712662579694781 -0.363971875985289
-0.0107497672233263 0.267214316016714 0.0905024908833375 -0.352790230837
-0.152618751716896 0.222347171058869 0.178495293000923 -0.254611029372726
-0.264059489748926 0.100545122250587 0.191212928357643 -0.0973705425632576
-0.344561536041007 -0.155793540936782 0.0666548246866402 -0.0506315255122035
-0.0701710675365931 -0.356172700723488 0.0625167741842895 -0.192034554088414
0.253564850578923 -0.244351139882787 0.266372209890242 -0.355963012071959
0.358707419551282 -0.0993191679142963 0.665769492843418 -0.246264778982915
0.461314102123207 -0.212594086929286 0.290774648972614 -0.168787019769493
0.297517408211631 -0.35968988337386 0.0939118513853599 -0.122494278541191
-0.08110691510412 -0.441404710055495 0.104768519272651 0.0156250161303832
-0.423644161947219 -0.225032373852948 0.144567982933088 0.0132001117166342
-0.386727869517981 0.0926056099316329 0.177188322556036 -0.0580633767963977
-0.237966989047221 0.265959562530579 0.161192014480202 -0.180857795159173
-0.0588534761072313 0.371426709811481 0.082237866778892 -0.223001841214877
-0.000315520710174152 0.385831854746828 0.0673779978846073 -0.234196393068242
-0.0377341954536851 0.400252648566174 0.0681298887540487 -0.226103622055518
-0.242443823910113 0.331375039610725 0.129139011528773 -0.154030299142334
-0.401685486427229 0.15146160709183 0.124257475067673 -0.0370458729612846
-0.533564633487442 -0.20285518248753 0.015234802575593 -0.0352705303302811
-0.172444586756211 -0.533423360456944 0.0276757040867999 -0.196455808740529
0.33047451285687 -0.448201603906762 0.174440548956248 -0.325274042318018
0.561472011013065 -0.252197632583462 0.459610663256065 -0.221167812042777
0.572220007847466 -0.29883516974034 0.099274002393389 -0.093585954339119
0.357848648798317 -0.501003611419437 0.0235713449843629 -0.0289970367179006
-0.130296811837747 -0.581067341526051 0.123832698521909 0.0240448747589151
-0.553045028900552 -0.28285932293087 0.125719340411592 -0.0137579212518983
-0.498312363974535 0.111532553762592 0.0859514765912394 -0.0458285105871524
-0.31414370726162 0.320192537040573 0.073153177212841 -0.0866513663590016
-0.0991020927668396 0.449209166368631 0.038037142860504 -0.0712317908763876
-0.0171857031988981 0.45882573044419 0.052983356832959 -0.068744359695492
-0.0569097208363345 0.468244589741173 0.0400667147032652 -0.0644577395766619
-0.289831185289119 0.388700235475869 0.0669377141522241 -0.022145922945304
-0.474795213349953 0.182454117945147 0.0373453371301371 0.0419537277317245
-0.638716765055847 -0.212959837243287 -0.0500431023860985 -0.00747640728445983
-0.254204405035386 -0.615177055770653 -0.016204217544408 -0.17598445017653
0.342573377809558 -0.574010004600594 0.0744008972286158 -0.24579537032664
0.661590574160423 -0.364896428937965 0.209183727964624 -0.145654281639297
0.594475274005098 -0.348418880325474 -0.143297325467228 -0.00567072121002123
0.362702492200862 -0.581281121640759 -0.0840345823188751 0.094140192328355
-0.168782328535312 -0.638889189835392 0.116827467452668 0.0481170936041392
-0.604835297208551 -0.295256808785063 0.0828522381804713 -0.0332481052209934
-0.531788594333551 0.116382677390899 -0.0269948535181415 -0.0210714419658457
-0.340062710736773 0.328205610676716 -0.0337249128948193 0.0282581361647311
-0.119852117930582 0.459153599272592 -0.0168755719246456 0.096698048071562
-0.0334112928261585 0.462427173156625 0.0302620203000157 0.107167049729082
-0.0699912285330789 0.463142969495852 0.0105863373755264 0.104583545088999
-0.294597894760533 0.37531625425153 0.000397701030398041 0.115196865754083
-0.467721701895565 0.172697808155333 -0.0559152150761452 0.120975875990415
-0.61948156075979 -0.195646869358582 -0.113750895532739 0.0212458589234038
-0.270119016426419 -0.586101606942173 -0.0542563144456099 -0.140380176193738
0.306693516361874 -0.581218705274376 -0.0082638505701998 -0.135720507468614
0.649924922040806 -0.405499507373137 -0.0387468565510452 -0.0378604562897152
0.521208840656236 -0.345929668913242 -0.395828475588122 0.0855643522564726
0.300625563140536 -0.551078436016274 -0.206958683525323 0.221921828862668
-0.172081454134164 -0.574253151017239 0.080471058687213 0.0791766625846686
-0.53741156207278 -0.248497534932752 0.0212605997286818 -0.0368203130314769
-0.46192340425786 0.0990327279659279 -0.13647818530578 0.0138489179790314
-0.303538738525994 0.279977699817321 -0.136370625861517 0.144053270699301
-0.119401748985339 0.396702084379309 -0.0697227243813223 0.251981550231993
-0.0440151676395042 0.394968725494733 0.00284863833629143 0.266520963694225
-0.0775425488568351 0.386146238279816 -0.0222567399118138 0.253370326774646
-0.26211991656926 0.29961954298088 -0.0673224991091013 0.228919335447392
-0.387896540297304 0.117637629556217 -0.14239137267868 0.173581835331935
-0.481497201050777 -0.170847041991531 -0.162983425126772 0.0307817361318939
-0.211350797482458 -0.46088360852615 -0.077992850789313 -0.107284344074022
0.24230014046909 -0.474154428341953 -0.0605882390158322 -0.0330120156074255
0.540577106025814 -0.368654882680594 -0.24345618548828 0.071371538000736
0.355391218342874 -0.287551668381863 -0.610307940050171 0.165778044685053
0.182884279606042 -0.410569766413881 -0.316489756794244 0.325923340309941
-0.141874619130721 -0.39114350594983 0.0274805312859737 0.113703719907816
-0.360306083859581 -0.152026146602675 -0.0361218710800342 -0.0213172181125491
-0.303521305102721 0.0601761249027271 -0.212563652069554 0.0507237561288279
-0.213130438876598 0.1801518979118 -0.212025220084201 0.23731612006191
-0.0986029620335194 0.269083894994284 -0.109142078094014 0.370727247214556
-0.0481952187961939 0.268219757492046 -0.0245866387517839 0.385780281484125
-0.0755284219356122 0.256500213307926 -0.056617560916021 0.359900012853218
-0.195333353612421 0.182588896867892 -0.131371370108928 0.295751875914595
-0.259173653550481 0.0464404556968928 -0.211471288364433 0.183224938926407
-0.283134316353392 -0.125536844039593 -0.18679070864472 0.0163160942954711
-0.120034839215616 -0.282655935682496 -0.0847501239727375 -0.0853691101264229
0.151355417657818 -0.304916103736442 -0.0815300986661625 0.0421253767538371
0.361349961448058 -0.281611207592328 -0.384375250106535 0.157641347379953
0.128324774364784 -0.177072272676745 -0.750579039395285 0.217893961814301
0.0335375181230208 -0.197702945727425 -0.389409509802409 0.397486600472577
-0.088272153979872 -0.142197054063834 -0.0221387714398328 0.151880833635564
-0.125844220668078 -0.0317660152320803 -0.0679921233612362 0.00858389968151909
-0.0965573000096896 0.00791993308748748 -0.236338994672074 0.0769246859152939
-0.0906460306682277 0.0477540227086663 -0.242640162023272 0.290099421086661
-0.0635605710100048 0.0957453214308518 -0.12661936010987 0.430012549247352
-0.0452839001558289 0.0999315439559458 -0.0496868023597693 0.448004145345472
-0.0609563989541708 0.096102693017335 -0.0879614403767436 0.411576104146804
-0.103121476155363 0.0541220692272354 -0.184833992614463 0.314269039369744
-0.107172390559864 -0.0117447095273886 -0.256346400048593 0.155694071640744
-0.0810431158215559 -0.055685776504436 -0.189032238614923 -0.0143838575160895
-0.0425436045355153 -0.0905948565865447 -0.0822555996964081 -0.0693192853284396
0.0379862094484725 -0.130182572795731 -0.0830926543017213 0.0870290058387768
0.141366410746693 -0.166676156590455 -0.446720443712224 0.215054199942633
0.104677197419142 0.0115552482214127 0.416394465325555 -0.305532392443509
0.0910904433718924 -0.040883537476453 0.0921689521871935 -0.211238700481506
-0.00573560042848108 -0.0940168381750889 0.054974109515481 0.042085734437912
-0.103882158278994 -0.0367616964415933 0.16369859678423 0.0397260497168117
-0.069732069124561 0.0527473534994424 0.266751753605728 -0.108678818365865
-0.0128217132777048 0.0786937236407976 0.2133641388909 -0.314457312822722
0.0364495859686942 0.0807807544278259 0.0772191605787638 -0.416071049907525
0.0430440847089026 0.0832629368468937 0.022271764565341 -0.444679674837487
0.0327508886493524 0.0907527736611163 0.0622600472874821 -0.432687888016854
-0.0240866135161647 0.0881344124915796 0.172469272919943 -0.327523751353276
-0.0791189389426734 0.057114923532577 0.213087606808988 -0.152607421720836
-0.126201939307793 -0.0503699425271209 0.0924973853326094 -0.0626815090876622
0.00137551014201738 -0.124435292621631 0.0626032250188062 -0.172959180738803
0.11284752749433 -0.0255316072010283 0.294406622910765 -0.365654332138013
0.0931875590635104 0.0506168448707292 0.765610917825939 -0.291122355984688
0.285349131130265 -0.124797120956344 0.384927712619556 -0.265598980980821
0.184784340214287 -0.212804121284447 0.104817878326613 -0.189288529436685
-0.0620852479083271 -0.264829953102718 0.0782255803547326 0.0165452083130093
-0.277932523989175 -0.112720160543363 0.153567455911866 0.0232762247058988
-0.229678079889435 0.0946297503558528 0.232356003882784 -0.0886167596998312
-0.114636451162103 0.193531846905751 0.194455736532579 -0.267185554822754
0.00923218984634754 0.243679737135534 0.0793806205053119 -0.348933888436784
0.0434190262826041 0.251423134174797 0.0373183069758689 -0.371252949544104
0.0135910636865365 0.267105360895268 0.0589918210359444 -0.360317234886643
-0.133181294903502 0.236269528213965 0.155329759781032 -0.269606986203786
-0.254078895028709 0.122973278119105 0.181855862090983 -0.112713838139625
-0.358160657659291 -0.123240199303838 0.0602227596472595 -0.0540144800374613
-0.103255328467716 -0.347951455853631 0.0436645575652947 -0.198439098767926
0.233594448114145 -0.267473404278228 0.231827369087746 -0.377723804738309
0.347162465595132 -0.128928755684845 0.640090256484561 -0.305762014631404
0.439747042682089 -0.249077880786868 0.274824624676425 -0.198632636344764
0.265302513977123 -0.383517533971757 0.0840520357420505 -0.13117505336266
-0.120494279158022 -0.429308769738686 0.106791663894474 0.00341023543264074
-0.443845928495131 -0.182244002992128 0.145310899422999 -0.00228893696641334
-0.377670853888173 0.129278668532548 0.172279143866178 -0.0741093350858419
-0.211538036491979 0.288804834316121 0.144129452663708 -0.194100705120764
-0.0255472374121631 0.375459340810283 0.0651087750836045 -0.231091690504558
0.0377011724786868 0.381984896526737 0.045701109442777 -0.241331010158952
-0.000888521743973645 0.401401487287941 0.0488864007786898 -0.231254304366962
-0.211629729362926 0.353926966677125 0.116199890822982 -0.165882555222005
-0.387551636156958 0.186176435871074 0.121718310542148 -0.0472718197202637
-0.551331104667124 -0.153783551008855 0.00901013946580186 -0.0333026959790876
-0.22107859133865 -0.512526546420982 0.00680503839276062 -0.201695609958445
0.293427395888189 -0.476479601354287 0.142179954699683 -0.340485770564381
0.534009177954004 -0.299830984593981 0.437978288391532 -0.260509964131114
0.539814137791842 -0.345426518193017 0.0908994157002108 -0.106720464548978
0.312720012025082 -0.532050522404455 0.0224806516226808 -0.0321833429379932
-0.183923420489344 -0.563162807170096 0.126808679422244 0.0100131352296547
-0.577216582867108 -0.227842234929418 0.124983725488307 -0.0279708965577427
-0.486086164415387 0.159331352697304 0.0829413792078574 -0.0539463526997039
-0.282433510037402 0.350086794843321 0.0641169653405 -0.0926523165010673
-0.0576142000536656 0.456636276007163 0.0352414851322026 -0.0760370017967667
0.0262596312425665 0.456314080065814 0.0472202833835615 -0.0749431476273473
-0.013123414487606 0.470040500865437 0.036850386881849 -0.066922890470838
-0.254023640811447 0.414782579419802 0.0657419203689653 -0.0288814498574564
-0.456467585670439 0.225434383565594 0.0424884581523286 0.0384957849835698
-0.657083810253149 -0.151176742584675 -0.0529265514902544 0.00089951299592538
-0.308970009208276 -0.585184283015715 -0.0354941863710028 -0.177412015807938
0.293961999831827 -0.602026036450111 0.0488614318577383 -0.251760893169392
0.622326710594671 -0.420793016871108 0.195540007382442 -0.161633185883603
0.559506951281443 -0.397787317219977 -0.142402997963668 0.00466678930307467
0.309864436720069 -0.610438858936856 -0.0735094998821633 0.10125099381907
-0.226186845253562 -0.617863604098256 0.12242414655921 0.0342208617907981
-0.629465436785103 -0.23154143054461 0.081139905032163 -0.0438029375700008
-0.519827446732345 0.168075132347288 -0.0276920435930754 -0.0199962333787658
-0.307573249731121 0.360359053538672 -0.0319780296224201 0.0310234858870446
-0.0755180613474974 0.468104102656256 -0.00438551987216735 0.0960953126650761
0.0127823983208051 0.460359435924652 0.0414153982023655 0.103316612990076
-0.0265125853444151 0.465581038422933 0.0221375822666727 0.105003937872311
-0.259094703749109 0.401447843883152 0.0110910979299817 0.114731613263669
-0.450898734645832 0.21363369814253 -0.043110268712419 0.125582369048346
-0.636236992199397 -0.137141642174579 -0.114015958652299 0.034717218437928
-0.319403067744339 -0.554522845787571 -0.0712692176934504 -0.139159013339664
0.258893511196103 -0.603901555879414 -0.0244195149060399 -0.135621537444906
0.607159467837636 -0.45842730524015 -0.0407489126466387 -0.0312661306116727
0.487488069828986 -0.390171680241141 -0.384525095940542 0.119932442282024
0.249833907467227 -0.576907318101531 -0.185475311289369 0.240153162198078
-0.226532675579495 -0.552684034712745 0.0892464251330233 0.0693464136989857
-0.557805339364293 -0.19225827780268 0.0201835699470641 -0.0415051379825431
-0.452274343257479 0.144572112639269 -0.134198092119788 0.0252172053822084
-0.27642874357944 0.309512338358432 -0.124227509859356 0.155911013339101
-0.0821682333814073 0.405887619690897 -0.0426639946455577 0.25643238756638
-0.00490459118579099 0.394671881176114 0.0294219499790572 0.264229835659725
-0.0406246102578889 0.390779558501941 0.00325968452501077 0.256236362761794
-0.23315173914416 0.321927925328623 -0.0462604648266851 0.233379130208591
-0.375942971443868 0.152085605104634 -0.124244710199329 0.185210454958517
-0.496066739793756 -0.123923589776893 -0.161350602003997 0.0490481154512671
-0.250454067922109 -0.435824328628812 -0.0914357360152714 -0.103310690932597
0.201068525358418 -0.491744644745022 -0.0663733947948491 -0.0280921133054472
0.502964512146586 -0.41328711193308 -0.235215016443867 0.0965666256192143
0.328092749629461 -0.317000961800866 -0.593329178636847 0.220100933384123
0.143925317229859 -0.427767394341073 -0.284968211830485 0.35470593531562
-0.178049536018074 -0.375737479070998 0.0383386255253213 0.108791501703625
-0.373245576838538 -0.113919189152647 -0.0360394896012007 -0.0204983131829573
-0.29738208678985 0.0897906458452297 -0.206650305461581 0.0685302057701118
-0.195813677412546 0.201720730954717 -0.190776102338254 0.255576539588933
-0.0729413673792442 0.276991847018291 -0.0723154217275559 0.377649371327968
-0.0203564320271356 0.269324849442208 0.012439142531744 0.387050167160817
-0.0498573807111829 0.261580447947158 -0.0223095610542248 0.364641499375613
-0.177336080458317 0.199514216037583 -0.10441696451769 0.30707080366416
-0.25263865726798 0.0712369033657514 -0.19264909989037 0.200607193253093
-0.293513849402435 -0.097280074388443 -0.186458526504907 0.0349297063360501
-0.144102731475221 -0.266872974652677 -0.0957607975734005 -0.0793986437804994
0.124460574026666 -0.316388776335641 -0.0807448485336732 0.0484499936399528
0.332495527071419 -0.310181387225404 -0.366928459177637 0.196353017199339
0.112438803068167 -0.189141628896818 -0.728305234554482 0.286611747169176
0.0140874876004331 -0.202048227000596 -0.351014646696808 0.433223992258889
-0.102733122548903 -0.13280246591115 -0.00739239745781136 0.152063987430141
-0.127827045111945 -0.0165744627635904 -0.0652376834489014 0.0128851687204012
-0.0965628646529855 0.0178409163687435 -0.229035933039435 0.0965530758205827
-0.086393347406607 0.0572438142787915 -0.217513290423788 0.309911588389571
-0.0540869948199506 0.100770012292209 -0.0865453206277419 0.439192133701287
-0.0336145519969743 0.102507369713809 -0.00584046563533452 0.451697141282557
-0.04983562918477 0.100233006681591 -0.0495550850244622 0.418793709189329
-0.0965832398035703 0.0633096374318927 -0.156628449357587 0.3303103610336
-0.106244026216605 -0.000567971190767288 -0.241143275317623 0.177161415250206
-0.0840745322251605 -0.0459347483154823 -0.190201147681056 0.00289036828164302
-0.0509832394541913 -0.0841262866871139 -0.0902163586865363 -0.0614820260936265
0.0248694234094513 -0.132118631248268 -0.0772626225655569 0.0924854472939083
0.124605496420935 -0.177837162113098 -0.424046679515429 0.258445888049733
0.101570643843867 0.00656542663887812 0.376234448244018 -0.326097143713874
0.0880562473848774 -0.0448313743346934 0.0762404341248289 -0.210327885218673
-0.010383157979539 -0.0908772261801509 0.0568360228685119 0.0360107632744856
-0.102764734924354 -0.0288857412543875 0.158879842531289 0.026772290535974
-0.0632369698910295 0.0559738020271407 0.248414087053211 -0.122720785749186
-0.00624972995744579 0.076834553059946 0.183390369698443 -0.316300385871629
0.0405656666669608 0.0750255863562389 0.0457272371261154 -0.403674568304338
0.0469800866046942 0.0770986674897956 -0.0109090847246229 -0.429211187398063
0.0368228853839168 0.085033753707441 0.0297032907125361 -0.419964258850277
-0.018131771013532 0.086823504848488 0.145067228816278 -0.326542455233726
-0.0722975667895931 0.0588475870132077 0.194165937296536 -0.159259686363445
-0.125222868931648 -0.0402608421273545 0.0838012550178256 -0.0649153603382635
-0.00751736946881957 -0.11943487795154 0.0483262333367331 -0.170620876477019
0.108801024119461 -0.0324475773235876 0.258862346842273 -0.37166038011943
0.09217099298137 0.0434201460289989 0.712346711832004 -0.331278072262865
0.264927891270507 -0.135854649969198 0.350124959478743 -0.285584966235053
0.16595985526945 -0.215755191313676 0.0896701639849147 -0.190467259756583
-0.0756786612317116 -0.248761573644245 0.0769191894008947 0.00888888507302828
-0.275058189667467 -0.088285457105781 0.147442491275182 0.010369384935237
-0.214462214914044 0.108196612798633 0.217218068807954 -0.101467149636803
-0.0954709447125551 0.194288114969873 0.168702666568254 -0.270221465594596
0.0257648118779317 0.233770383385785 0.054815291778748 -0.340822959394305
0.0594029751758527 0.237320149122249 0.0090886585305709 -0.360542537818988
0.030755855335271 0.255839119208446 0.0338013683412244 -0.350416905482131
-0.112723777376448 0.237424249074643 0.132085047589587 -0.270624674325898
-0.236080028232673 0.134211910223503 0.16719652114926 -0.120114191435375
-0.352871529183233 -0.0929922457281687 0.0523733185207199 -0.0541400534018243
-0.121719533432789 -0.32583353591555 0.0259318509672488 -0.195584022043069
0.209290142838286 -0.273271998334584 0.197113448711658 -0.377604212020841
0.323551031397186 -0.1448979261643 0.595008044386486 -0.337746189868247
0.40381755824514 -0.264925626114266 0.249203196348255 -0.212870844631606
0.23114329836413 -0.386085532224926 0.0732295651995785 -0.133748570318605
-0.143196726185081 -0.400080101134237 0.102988413787598 -0.006194932018285
-0.437060529618054 -0.141855400521602 0.138465998357704 -0.0141255040312003
-0.35385782513574 0.152367882994484 0.161247633424102 -0.0837750429933356
-0.182090337923374 0.292072487754591 0.124967150705555 -0.196307346410386
0.00250910887681357 0.362030017266821 0.0490044376299076 -0.228144569852695
0.0638436588315191 0.36207845835779 0.0265027779731176 -0.23595756700347
0.0265953873637904 0.385133999888858 0.0336385979727308 -0.225739038631832
-0.179623256691707 0.355623363752102 0.10100232734886 -0.167853076293889
-0.35989834196403 0.205999891451162 0.114655308148369 -0.0539070326810276
-0.540379022009073 -0.107825682230617 0.00471467488124827 -0.0295813331885866
-0.245150881119831 -0.475588514496338 -0.0112673367257757 -0.196599389975722
0.252361124016595 -0.478676646949364 0.11234393684557 -0.335311614670686
0.491216216454364 -0.319443014743804 0.404435090599923 -0.280042184337848
0.494018239921425 -0.365234895732706 0.0792556882216884 -0.111781020871408
0.26794527850594 -0.531930448378468 0.0208842384989614 -0.0338008039480282
-0.213207484070087 -0.52338539546288 0.122270945559023 -0.0018621640030901
-0.569969953936576 -0.174840667413855 0.117576303170637 -0.0384336219230962
-0.456759061500229 0.189766052037448 0.0766207976805733 -0.0585390008560668
-0.246036887070198 0.356385494769768 0.0551295363560425 -0.0931869329411592
-0.0221340806898415 0.44214843308707 0.031336651774162 -0.0779268526294472
0.0591579198872959 0.432692157816306 0.0401666890065979 -0.0763781581954886
0.0201172586447483 0.452406769748795 0.0333851823895545 -0.0667018180884808
-0.217303998489065 0.415570458530254 0.0615298746084824 -0.0324865491112025
-0.4237252454926 0.247181708832548 0.0448663440689599 0.0338439277918234
-0.641029790468362 -0.0991042947333593 -0.0534456543202411 0.00757876025242898
-0.333649139257686 -0.537399958446652 -0.0512066004865547 -0.171439475650489
0.245791700080171 -0.598820379320941 0.0273440600235703 -0.244017913275962
0.568591139165244 -0.439233261730785 0.178604046434757 -0.166388748847772
0.509326316164651 -0.417497910769447 -0.135854333673635 0.0117337715379903
0.256014062278831 -0.609112659032331 -0.0628665707297085 0.101243475427485
-0.25926934318183 -0.573795729302796 0.119860386746799 0.021766201155234
-0.619870096687013 -0.174706389020458 0.0755813660123372 -0.0503114496056239
-0.487466155103647 0.199967529892802 -0.0269585492704826 -0.0186098757793245
-0.269621014878626 0.368979858563356 -0.0293974709341807 0.0320437989638864
-0.0408667364298136 0.454573211209396 0.00589116349907783 0.0896114744419396
0.0466476416335915 0.437410936334006 0.0481036492083419 0.0943717812999525
0.00772731889857213 0.447221803342528 0.0308989746462966 0.0993342304799147
-0.222089326774021 0.40401068455344 0.018606440888435 0.109110371756778
-0.419023236896674 0.235902259849216 -0.030982389756096 0.123103877249709
-0.619768154523264 -0.0862167295305019 -0.109184699970559 0.0439991835796475
-0.342601756118126 -0.506224597825875 -0.0832047678950809 -0.131593971967877
0.208910143205607 -0.598224855452442 -0.0359840645791119 -0.127298559618913
0.549258138020258 -0.476329983007991 -0.0395256348382348 -0.0247179522690328
0.442065596732665 -0.406018459272646 -0.360531002198973 0.140033513268579
0.201633635182919 -0.572455567542989 -0.160664334861158 0.242794208516223
-0.254220140623823 -0.512359183061377 0.0908599479010586 0.0583950739319395
-0.550169148301574 -0.142179274029939 0.0182399130729026 -0.0442408816417251
-0.425109017973447 0.172395590943635 -0.126011262392643 0.0314721236960907
-0.24267648743947 0.317577643597052 -0.110082356970188 0.158281511044203
-0.0506044989788592 0.394771543320435 -0.0211010756166615 0.246334701672476
0.0251415179910408 0.376612121139536 0.0480308621106306 0.250790695207716
-0.010656199923387 0.376326774719039 0.0229849501376109 0.245880022342595
-0.202544899179332 0.326380752114971 -0.0283111298715526 0.227386716905572
-0.350018474555036 0.172995788761433 -0.105383255975685 0.185040215136398
-0.485538245266314 -0.0827036345028697 -0.153189391413946 0.0604114874187967
-0.268115835730447 -0.397244109551309 -0.100426734036012 -0.0950749723971846
0.162804095039973 -0.486092397250936 -0.0692688199395612 -0.0221765582682916
0.453242769950771 -0.427854310593967 -0.218195145294463 0.111373087795781
0.294151913796759 -0.328041092662191 -0.552818578299512 0.2510945115256
0.108894185395503 -0.42220097035321 -0.249475095906097 0.361184931939423
-0.19829091357676 -0.345916123209751 0.0441906406676904 0.100212987857451
-0.365693947245392 -0.0797235379941668 -0.0343691542703152 -0.0196674827025317
-0.279717447811475 0.109482756409529 -0.19385824172209 0.0782939939614549
-0.173569953132304 0.208518219056559 -0.16681907893757 0.258519445474831
-0.0497109254437124 0.270707726846801 -0.0421956520136267 0.365955426887246
0.000801700877496078 0.257416967925643 0.0408494895832538 0.3706283582316
-0.0281966037725821 0.253410936586082 0.00573508561066763 0.352605689149716
-0.156849232681824 0.203866526747885 -0.0803873990620336 0.301616035702954
-0.236915983230174 0.0861253428651884 -0.170452168063989 0.204646184107342
-0.287067012110275 -0.0711477148149555 -0.177678717569805 0.048089175528203
-0.154343575385004 -0.243804708145017 -0.100838219736306 -0.0701993671441756
0.0991821279332963 -0.311514562076889 -0.0777248320063746 0.0515309681631177
0.297667456155293 -0.318400849116139 -0.337675510495216 0.216676991050596
0.0956248723185064 -0.19042151263713 -0.677511811962992 0.324072757555199
-0.00222913032309332 -0.196559756807909 -0.308380677522377 0.442171843271448
-0.1093590227601 -0.119016025594753 0.00335495823557517 0.14562316462217
-0.123352592336734 -0.00445302907696901 -0.06078019538551 0.0153015135236614
-0.0920084029120436 0.0245846042059823 -0.213599919840169 0.107593270698166
-0.0789772754598245 0.0621638870043096 -0.188748727859218 0.313160008798896
-0.0449457376692459 0.100051281791991 -0.0516083728865227 0.42812039986732
-0.0232109916174816 0.0992785514985678 0.0270368785413803 0.434005520508387
-0.0391772570140733 0.0987243329517799 -0.0185457708125536 0.405975618772342
-0.0875867507914898 0.0674166401336492 -0.128668649190738 0.328074132254335
-0.10081984440826 0.00780074875962925 -0.218388455093923 0.184837556074914
-0.0828053571501094 -0.0366762021710698 -0.18304567289823 0.0175374825556016
-0.0539683474769953 -0.0758263500212812 -0.0931637828073543 -0.0520979677044496
0.0145230870935435 -0.127518251559222 -0.0706704567397972 0.0931374507641345
0.107651098837257 -0.179170434744236 -0.388566241739749 0.280921020950767
0.0984910422139459 0.00559343601616227 0.347539822471607 -0.326552714851604
0.0860769970706056 -0.0455662664994814 0.0674756907770257 -0.20468868077871
-0.0113187637977267 -0.0873600595506492 0.05631759660216 0.0316108136556686
-0.0997359970728107 -0.0255230521479184 0.150864609705999 0.0202234668125745
-0.0593796397756346 0.0552229023345732 0.232737925472578 -0.125386454447406
-0.00278283102959434 0.0729195390970443 0.165161209446153 -0.30919438438672
0.0411556973486272 0.0712719636465957 0.0318665027482916 -0.38772145467845
0.0471750216636573 0.0724482276918498 -0.0254722722769911 -0.410780894780664
0.0368191507972983 0.080863796793629 0.0159822064626886 -0.403621892199455
-0.0152124251199845 0.0841250428962744 0.129358999921129 -0.316720000412667
-0.0679388973792468 0.0577058182068007 0.179842320264634 -0.156874789388421
-0.120986531981525 -0.0347275156660909 0.0772283720494107 -0.0631636018306986
-0.010785135815761 -0.113543208068082 0.0402892202940258 -0.165257272802205
0.104138458636577 -0.0341046247083031 0.23728666037041 -0.362513616835294
0.0887319572814636 0.0398817419126139 0.672292193995989 -0.339848242655841
0.249543648834663 -0.134588308289845 0.322975324097558 -0.286961389736123
0.154619223342884 -0.210164488910555 0.0802464332115515 -0.186502426641156
-0.078223426659985 -0.234508427354096 0.0736405854660445 0.00524186385198296
-0.265191329583243 -0.0740834496235021 0.139851820899736 0.00482856622549689
-0.201433948288418 0.111036141915578 0.204242437779292 -0.104108898884113
-0.0847818233310573 0.188334109974527 0.152918526297656 -0.263821236374736
0.0323239196581221 0.222343862930733 0.0422190759917657 -0.32852007043805
0.0652242782930462 0.223896232848726 -0.00434023179611795 -0.345571384440706
0.0374752646870974 0.243890132601507 0.0210307778217972 -0.336787823528835
-0.101188738549905 0.231625149896266 0.118227304763707 -0.262833798981227
-0.222502048664871 0.135244745038787 0.15621087806057 -0.119335929170806
-0.340955411918426 -0.07710485594899 0.0469774791331184 -0.0513208954542855
-0.125187097210314 -0.306941585872196 0.0165650599144619 -0.189000418172119
0.193851965244624 -0.267912681785729 0.177515094052476 -0.366404541930674
0.303419121384393 -0.145677901863199 0.558183083716965 -0.339368120285096
0.377663852071264 -0.261878688300018 0.229397113715473 -0.214496326203836
0.210988983655147 -0.37411078016804 0.066661067613806 -0.131891606598998
-0.147110842395543 -0.376671968754229 0.0972979432395841 -0.0107964010996464
-0.422302413317117 -0.118297413311783 0.130940077732943 -0.0196230824993699
-0.333135640152756 0.159336384809678 0.151287495717349 -0.0861611223935453
-0.163633062624886 0.284652777718089 0.112442895040312 -0.192133739577494
0.0140022775798693 0.34590381143417 0.0418056199073869 -0.221497965133218
0.0746112192116709 0.342593994934661 0.016994180101578 -0.227807960779898
0.0386544125435271 0.367544473338643 0.0258913160087372 -0.217637154444965
-0.161799041167284 0.346746774502867 0.0913899809097365 -0.164320510672481
-0.338208394900015 0.207359591528719 0.108878603652617 -0.0555058957786574
-0.521145030771184 -0.0860956850568775 0.00180264787747258 -0.0256354929305467
-0.24723011547286 -0.444526244320951 -0.0200795621571149 -0.19008841003478
0.230112426933897 -0.467534332972439 0.0956901759440161 -0.322720247782296
0.456763243129878 -0.316994582181967 0.376834547162466 -0.279579432370064
0.460938201540092 -0.360113103917961 0.0717886682783475 -0.112386548561069
0.237822226033941 -0.513519229132739 0.0199039225564832 -0.0346199428005395
-0.218462186792989 -0.489997797847465 0.116262136751331 -0.00741301734701607
-0.547866512826021 -0.143685057077322 0.110751998276576 -0.0423621388268902
-0.429160992559739 0.198141021862788 0.0723365409656274 -0.0595969731958962
-0.221428133712182 0.349386096173316 0.0487392417455152 -0.0917489648252126
-0.00603859833336702 0.422508520529881 0.0292997896750704 -0.0783706012433968
0.07338991012797 0.410006317268715 0.0357709281316138 -0.0760616930570154
0.0346439716776688 0.431680000874678 0.0317668023466497 -0.0661983984718178
-0.195317158993896 0.406279775236929 0.0583484815957923 -0.0334013690285291
-0.398698624968806 0.250832808557084 0.0452139102904734 0.02954623795357
-0.616590807629455 -0.0724613461393251 -0.0518574181775088 0.0122922116302342
-0.333383159927286 -0.500393038464016 -0.0593768983771492 -0.16402960935768
0.220289108123545 -0.581391305547943 0.0164593179593806 -0.232589926393195
0.526681649453314 -0.434948306837471 0.166170648689381 -0.162997215089722
0.474169015810628 -0.411781497506783 -0.12848499026885 0.0128552711514834
0.224868610423368 -0.588009451933005 -0.0559039594929185 0.0975328130680022
-0.264466354875215 -0.535709659732479 0.115070461199138 0.0151090117403012
-0.59636965421243 -0.141374264865202 0.07112564595729 -0.0533345227783515
-0.458929374853926 0.210593576460013 -0.0250251604699099 -0.0183905353829553
-0.245090973257588 0.362240584041798 -0.0279043637166176 0.030317993020261
-0.0230353570260909 0.436200332928356 0.0106704135874073 0.082474653741131
0.0603148144774468 0.414762966149384 0.0492952478211207 0.0874626543255114
0.0226218100631517 0.427402838122044 0.0352231553446818 0.0927186720090619
-0.200585948279102 0.394935201594127 0.0208728544816373 0.103722683304095
-0.392492890945083 0.239597153129312 -0.0248864329663602 0.11677074613791
-0.595593880560023 -0.0594399286614306 -0.103747375893688 0.0492006597080365
-0.339626502237719 -0.470354236020903 -0.0893910243151307 -0.124880823137683
0.185664315722242 -0.579283775971783 -0.0409223782362969 -0.119300602797771
0.50887318792915 -0.467178101732334 -0.03710408743071 -0.0202951691420701
0.409377616481551 -0.399638599280448 -0.339225604272889 0.142914835691333
0.173635368893717 -0.552103909542829 -0.145488150317496 0.237188851893104
-0.260361894207876 -0.479193497978019 0.0885981200569458 0.0512749725319377
-0.528956733482061 -0.112335481684728 0.0171501976998119 -0.0453276341058259
-0.400237944790344 0.181681631069038 -0.118645575116104 0.0332519466448908
-0.221635604035291 0.31291673287384 -0.100793968250668 0.153804416310266
-0.034444891583587 0.378736921927156 -0.00943830797131714 0.233789685314073
0.0388079348857814 0.35625687325599 0.0547623578573598 0.23714180139083
0.0030100966108184 0.359522557434877 0.0314853494883774 0.234118111668612
-0.182902600144643 0.318269577417234 -0.0205502738989185 0.21880592567173
-0.328904712269437 0.177057863882478 -0.0939490992165862 0.178432540325556
-0.466429234635749 -0.061017129950206 -0.14452511883065 0.0660460684729728
-0.265179365182524 -0.368017012418554 -0.103711578177176 -0.0889466480848851
0.141434235915471 -0.468862979133626 -0.0696952991207762 -0.0180174433478625
0.418184484883092 -0.417683138014185 -0.20311933132335 0.11598953113135
0.269963053619329 -0.322740160243554 -0.518304854293067 0.25588268464645
0.0891299641638235 -0.4075217294316 -0.226685695837582 0.353731490799331
-0.201228429680459 -0.321987248480146 0.0454910357275105 0.0936069094202542
-0.350430819260316 -0.0603549183480214 -0.0320530132455385 -0.0196480517680935
-0.264209857095841 0.115803397982448 -0.182126850943637 0.0793807374673959
-0.158908638604869 0.206079207406585 -0.15264751833921 0.251822297340537
-0.0385867849080721 0.259804195777167 -0.0272638916674862 0.349475154382962
0.0110895255462 0.243868091534571 0.0517813285407864 0.352206386123032
-0.0178789095136856 0.241392778530053 0.0175533538544248 0.336887636046647
-0.143093889409796 0.200676340144435 -0.0676336111098997 0.291562485328469
-0.223127961194104 0.0908121033868621 -0.155547286519257 0.199149201358161
-0.275898893957806 -0.057131707557164 -0.168880777372634 0.0534782874930167
-0.15352106329117 -0.225383159360627 -0.102468265844308 -0.0643210335803501
0.085625514317543 -0.300049508419903 -0.0751647132881624 0.0516729827069233
0.272817295653567 -0.311507658921036 -0.313603267688582 0.220581917652995
0.0856746768033717 -0.185818763736803 -0.635788997821832 0.329859137158294
-0.00957445827949582 -0.188307439561042 -0.280349625661879 0.434271084555726
-0.109416398317349 -0.10848001936055 0.00823164282319699 0.138088631265114
-0.116753397667252 0.00166939762743468 -0.056056517811981 0.0146831033590426
-0.0872903342512041 0.0270956965025773 -0.200671571610436 0.108274870843702
-0.0733080575862982 0.0629003948972485 -0.171469462906114 0.305450040553824
-0.0388873076436021 0.0970191659055635 -0.0352730397331209 0.410185561390828
-0.0184967018048154 0.0937190922008746 0.040724081507589 0.414047608804652
-0.0327377786971324 0.0940691576843696 -0.00418496802063932 0.388947981861612
-0.0809606416458313 0.0673972921468557 -0.113357586034016 0.318478178084336
-0.0953108160772782 0.0118968553922138 -0.202331807914479 0.183410470358285
-0.079336829720209 -0.0309227546311507 -0.174252427664316 0.0234990743846988
-0.0536439702480953 -0.0693577912885461 -0.0919490130220415 -0.0458772360812275
0.00952810554397331 -0.121595084840763 -0.067097013219594 0.0901990180862406
0.0970793876248127 -0.174090752574441 -0.36082593402481 0.283030202929969
0.0968719575251504 0.00679513854425704 0.333928714990885 -0.322678058928557
0.0865026567307194 -0.044828124471336 0.0641145490249641 -0.201678164628346
-0.0103755281317428 -0.0869779396511245 0.0559880529737974 0.0297699414286725
-0.0982652402346413 -0.0246852238106467 0.145815776016873 0.0183762553454098
-0.057838222472498 0.054590472089084 0.226171190418246 -0.1247941077297
-0.00173799192608291 0.0712766537976313 0.159291180176001 -0.303653194272636
0.0411593682998386 0.0700500231805928 0.0284931406800323 -0.379489833898806
0.0469681053583606 0.0706083004739253 -0.0297442099496802 -0.401902980641261
0.0359289840263114 0.079555599361532 0.0122750890702779 -0.394013034156237
-0.0147744774254832 0.0830768670076761 0.124723788756528 -0.311329161365955
-0.0667413367553 0.0557834929799278 0.174919996077192 -0.153537728820272
-0.118413881460836 -0.032904528510486 0.0735506460173153 -0.0614707457114909
-0.0109511494122753 -0.110588151084747 0.0374317430149022 -0.161377366002359
0.102384949905138 -0.0339764302601221 0.230723909644632 -0.355980408899395
0.0864362908524781 0.0398324216207416 0.652181737653263 -0.336498592942337
0.242964672865164 -0.130573832471927 0.310707255810148 -0.284515318320773
0.15173285329801 -0.20519090572355 0.0771254916516083 -0.184489691494677
-0.0765011187719281 -0.227863511994653 0.0720241022508546 0.00323745992162342
-0.259691757976381 -0.06849534128152 0.135341251318821 0.00332160022818823
-0.195716149145018 0.111357454699201 0.198816624563709 -0.103938996779644
-0.0801661438254125 0.184588896683508 0.146743256985467 -0.259839824428555
0.0335700421384942 0.217659779090864 0.0390875294072703 -0.323224563312909
0.0667723014331921 0.217729612454548 -0.00865085028374308 -0.338524851096866
0.0389027586400124 0.238627172220414 0.0185650579819899 -0.330341376354616
-0.0976474762135019 0.227747063992974 0.113941554324197 -0.258665811806287
-0.217262754833059 0.133807803174173 0.152643211242854 -0.117376636455346
-0.334209381229755 -0.0727570420558528 0.0443960589825623 -0.0481361367688042
-0.123697654303173 -0.297703922054358 0.011849928652678 -0.18618857675736
0.190099335849107 -0.263681035624227 0.171157959633493 -0.358358828547547
0.2944516305432 -0.14190758875308 0.541558572155218 -0.334473359565411
0.36772141024985 -0.255739584417619 0.221035600499123 -0.213287000313801
0.206041978114343 -0.365077010797629 0.0640716227070748 -0.13127497579726
-0.144688784202295 -0.363656030201617 0.0952805053560093 -0.0122639646986157
-0.41192159962323 -0.109433841951765 0.12628602484749 -0.0212898140682191
-0.323290151243203 0.160209956150212 0.147606191828479 -0.0857328395736913
-0.156636834126816 0.27928436907492 0.107869476096471 -0.189458207378357
0.0172892310485792 0.337715306005009 0.0393560212241907 -0.220189749013135
0.0767170010470796 0.332012437887906 0.0134466427087474 -0.224158810029746
0.0413116424712035 0.360216308805585 0.0248503094550307 -0.214061057731931
-0.156283501805905 0.34209171037681 0.0884099142259096 -0.161292018865536
-0.330156941121222 0.205205027474105 0.106189631050537 -0.0548490620285366
-0.510564484995526 -0.0772793371633994 0.00034000962475168 -0.0226703981859474
-0.241093400533016 -0.432107528574198 -0.0258129606850713 -0.187046497496028
0.224203651761742 -0.4590955952257 0.0909746728552617 -0.314749920590974
0.44352676553956 -0.309237035481591 0.366836493920731 -0.273079101767028
0.448062727499274 -0.353297968515372 0.0685639392550952 -0.111968006553034
0.23133996527128 -0.501957104261528 0.019110381455837 -0.0355425902942132
-0.215523275406032 -0.47372714124348 0.113337260563295 -0.00903589168973848
-0.535340449159022 -0.131809701964688 0.107905963021378 -0.0436292538979727
-0.417942945112446 0.199263003097435 0.0715223721215631 -0.0603030126506177
-0.213258340017757 0.342966990644333 0.0457892820072024 -0.0908643156606025
-0.00146123237181187 0.413797778164959 0.0292513741736549 -0.0806394280731239
0.0770233577671793 0.397039173690045 0.0339387345783843 -0.0752688127772219
0.0389457726551331 0.421820797713643 0.0312833755468661 -0.0661447308474418
-0.188607880083899 0.401809225262167 0.0570583485094931 -0.0334544886101718
-0.387496479726327 0.248160760627594 0.0447961616796472 0.0277343986842372
-0.604679972949995 -0.0635066132640082 -0.0513786797511986 0.0157871059762326
-0.325391652967394 -0.485483660131494 -0.0650924641940108 -0.161953810174609
0.214223129814991 -0.571384985285308 0.013535471071467 -0.226018586007024
0.510093249064646 -0.422086721832672 0.162064480970391 -0.159544466903547
0.460270720965273 -0.40398888907556 -0.124967943802305 0.0112841115328625
0.218219226234587 -0.575837685620143 -0.0529860415654739 0.0944722854763471
-0.261886318227916 -0.518266768383083 0.112320942266365 0.0135596526491971
-0.582683257038694 -0.129279190580874 0.0696961579629881 -0.0544284146150839
-0.446041814747092 0.212385436470107 -0.0231905900532826 -0.019419776051895
-0.235922337363588 0.357008213409635 -0.0284522959929523 0.0291444450553259
-0.0178680649533938 0.427420974559201 0.0122393686364529 0.0771651489274842
0.0643342215371971 0.401079630749734 0.0489484519331406 0.0845483038146001
0.0267647511082063 0.417731471718149 0.0359250212438668 0.089516950049842
-0.193574856746696 0.388566948728293 0.0217242995028709 0.101414474778607
-0.381971349238089 0.237846244713635 -0.0226281070144401 0.112741863557064
-0.582865294757949 -0.052912556372067 -0.10160049269652 0.0530035669279729
-0.331289051988781 -0.455442844105875 -0.0940572283555111 -0.123037931995521
0.179498429373618 -0.567626721015065 -0.0427597930498105 -0.115379377922605
0.492537819016315 -0.45490953079215 -0.0352250614620266 -0.0172706562943002
0.397490085284448 -0.392978124535318 -0.327229293913136 0.139514565909248
0.165301728900036 -0.541305591530772 -0.139311332845583 0.232156175242756
-0.256515624678361 -0.462010844312875 0.0865814237939021 0.0489890432533671
-0.515779918060668 -0.10086131944578 0.0171515897803086 -0.0466361616400396
-0.389542683088094 0.183320814736191 -0.114420172045984 0.0314611944957074
-0.213772125369277 0.308852869281329 -0.0992100445421835 0.1501509490571
-0.0295541437198365 0.370435342321409 -0.00705603777400826 0.225080767263876
0.0422246711619051 0.344048451041345 0.0557783230387797 0.231079753449623
0.00735473021201229 0.350091267548036 0.0335703158060477 0.228012453301363
-0.177295150858377 0.313805317838394 -0.0186920847961612 0.214450584506943
-0.320017446885324 0.176049381260282 -0.0902896122212277 0.173731256966768
-0.456122289861858 -0.0538096151434846 -0.141482556122862 0.068436167259336
-0.260115004539855 -0.356860550976978 -0.106845007248047 -0.0865310902267035
0.138441662527112 -0.460232475148564 -0.0704889262784831 -0.0166231068661211
0.403932295113812 -0.405502443099576 -0.195128812881064 0.11782979393759
0.261347991203398 -0.317619074979288 -0.503158316183032 0.251711163981529
0.0845710493912658 -0.39894931898079 -0.217510962661686 0.348013354433403
-0.199860272323051 -0.310802545366459 0.0457007617433209 0.0903879829382268
-0.341849255156661 -0.0531799315275292 -0.0297084309481533 -0.0209895118580061
-0.25688620392091 0.116776795434648 -0.176472593566544 0.0775226816298508
-0.153377467694586 0.204161100814337 -0.148390426539788 0.24683265072131
-0.0347931882736082 0.254402837993715 -0.0224443299158266 0.340324999546329
0.0141381793944568 0.235636233620462 0.0549087460787052 0.344142748380428
-0.0140756164534726 0.235161430634563 0.0205680858306552 0.329277941232497
-0.137695391264216 0.197806130910344 -0.064514405592678 0.286872867009632
-0.216511393352869 0.0911150043826033 -0.150377927644696 0.194851979179278
-0.269723910433625 -0.0509056476345118 -0.163890788271828 0.0558777484164636
-0.1501535251911 -0.218098987184553 -0.104295886659076 -0.0617938901296557
0.0823954657879215 -0.293084382163676 -0.074965571976 0.0515449450564327
0.263618719614259 -0.302827467743338 -0.302727617320471 0.220308157877455
0.0823345859738935 -0.183602973818626 -0.614559732836785 0.326322769181582
-0.012534341004797 -0.184013232089881 -0.270031822568276 0.426121994570848
-0.109023152704401 -0.103538524692254 0.00909836287870049 0.135124271382992
-0.112721535416713 0.004681350782342 -0.052871632304282 0.0129032774161314
-0.0854550446866563 0.0283522085046654 -0.194938767027621 0.106231317906117
-0.0718474779965751 0.063485849458276 -0.166697570216658 0.299916819099706
-0.0365662102175297 0.0948603651826475 -0.030789031620444 0.400613702118179
-0.0166569863334849 0.0896442231903257 0.0455310413262749 0.405140231731747
-0.0299210549645616 0.090639983644965 -0.000477276525009991 0.381343019446073
-0.0777325606448875 0.0666954683825043 -0.107899902244993 0.313922392296267
-0.0915645020147673 0.0129430292626712 -0.19638248654821 0.180037492388992
-0.0771615477789455 -0.0279979791130322 -0.169191016112664 0.0253198740127219
-0.0533807069925365 -0.0661441983744237 -0.0916856024787666 -0.0430953753088999
0.00770995326163441 -0.118362269115021 -0.0678954740890037 0.0883722020511074
0.0930755445215367 -0.170383685680343 -0.348141432578356 0.282266989553245
0.0847243865306836 -0.0311360035426013 0.167208871583114 -0.43910314039538
0.0594582097330193 -0.0752262408271744 -0.0304985832859007 -0.214985746159238
-0.0442437883124423 -0.0773482085942276 0.0594536149160008 0.000648476062318452
-0.0997756618839533 0.0168113303720182 0.136174870693565 -0.0439872545750876
-0.0339583329887845 0.0727270999574893 0.149668927764006 -0.209487060468237
0.0254457482155454 0.0651048321291206 0.0116604089902816 -0.344356656927353
0.067285057822629 0.045988994758699 -0.138893579937251 -0.357046661878826
0.072857625932742 0.0488442562867607 -0.20639296868869 -0.35017620636884
0.0677047188401034 0.0581661891145456 -0.165172221269434 -0.363479144938261
0.0205865291878808 0.08217898091341 -0.0266282462708403 -0.33666601100683
-0.0394164362552149 0.0788448186306887 0.0893059347206383 -0.215172997656009
-0.121232885060069 0.0202307939375789 0.0375328021813553 -0.0941578795968769
-0.0548430293033474 -0.0997784458476711 -0.0334542977055222 -0.162733249986115
0.0839625206938684 -0.0800129773348962 0.0610617798399823 -0.415649938443043
0.104047934048078 -0.00515591606868014 0.448049957914002 -0.579738526925975
0.163694123144794 -0.214325796076884 0.161850222179099 -0.402892458815156
0.0535089303686014 -0.245779218409447 -0.0155228990219532 -0.20738828836643
-0.160514382993953 -0.176944045993684 0.0550024111169717 -0.028816964830634
-0.259294185686838 0.04505974302907 0.112130247455938 -0.0491940328658721
-0.133014612733821 0.181142914346057 0.134201111581186 -0.173322769554245
0.00267493982791104 0.20071939900985 0.0201767519562959 -0.295095424390861
0.12179206630797 0.182166485386159 -0.102270903122966 -0.306267875256153
0.152054764171968 0.176467443423603 -0.16032777109223 -0.302089410209273
0.137950602853523 0.203661885760047 -0.133901792910792 -0.306293237976938
0.00613424775519128 0.252343209623379 -0.0176367752471597 -0.283768702109801
-0.146280705593425 0.216779572576107 0.0798660540068498 -0.180268450733208
-0.333447923063002 0.0788078541361772 0.0112823433416642 -0.0846941239633662
-0.239555926398998 -0.22622987721174 -0.0616680322368336 -0.179512600965947
0.0642373224454476 -0.330738547992776 0.0179025570892834 -0.389498110523755
0.213406164418323 -0.268190627817165 0.355071381875956 -0.518419745516117
0.229684486905133 -0.378175578314577 0.10839778053189 -0.307620396486045
0.0373843801727556 -0.410318396808884 -0.00808153374021906 -0.155526753497615
-0.277337172383572 -0.270862273326209 0.0616601245703644 -0.0517090933476097
-0.409530147734935 0.0725287784026469 0.0875719454848984 -0.0634733330220125
-0.226390356017593 0.278714448841272 0.0965362511922492 -0.129132024142948
-0.0262474526987336 0.319873859760494 0.0165024136145384 -0.210769819374796
0.157613505378151 0.297729012665446 -0.0550968387595659 -0.208685604906502
0.209523495408608 0.277119016876475 -0.0898723340857156 -0.206726950746666
0.191600928271291 0.313530085099365 -0.0784036343289019 -0.203475195426121
0.00188251888809458 0.383276340759574 -0.000780490898637891 -0.183500741826797
-0.219933985895486 0.331957458430676 0.0608689290018651 -0.10960228188946
-0.494767074235835 0.15215858852301 -0.0223234368765419 -0.0529268136751226
-0.406515612648052 -0.299821311862045 -0.093222074924398 -0.169208351201843
0.00986522085930792 -0.524827202028401 -0.0263154579464539 -0.313609042919606
0.273757976721572 -0.489350844644134 0.232440701236825 -0.376194599322575
0.266862138554671 -0.497527084058863 0.0115162637499165 -0.15685965737383
0.00548964819751442 -0.545900006943624 -0.0108899898803475 -0.0503738083941691
-0.384992713841428 -0.341021363659266 0.0738278976666429 -0.0548716030685483
-0.528853333100546 0.105010485534135 0.0562063039190709 -0.0733120831391493
-0.29279953489019 0.354293484430972 0.0395562615658675 -0.0684374821417936
-0.0499355525659442 0.40247370796076 0.00371177560902017 -0.0921784118477486
0.17239392452105 0.374184946854929 -0.00251315393703256 -0.0749231240290349
0.236834293523107 0.334803859589077 -0.0056328208236796 -0.0808061711624283
0.214811835408927 0.371799120571642 -0.00685182939107638 -0.0719147229961293
-0.00248015534022056 0.450348584129718 0.0250290980526607 -0.0529026414605168
-0.254003976999592 0.39705317953607 0.0390348707942022 -0.0108193680391983
-0.573927322193881 0.20668148786869 -0.0563630113996207 -0.000809963891235545
-0.508693987709849 -0.314076934760705 -0.116871948942771 -0.132803835951993
-0.0496134734341461 -0.622654773838823 -0.0540246349828832 -0.200235094721755
0.281854359109811 -0.625362241116375 0.0993413911862417 -0.179523195923635
0.262103853116635 -0.547460980885012 -0.113763099831906 0.0354569488679333
-0.0352475315849204 -0.607555613792653 -0.021296729828897 0.0993965385347104
-0.446055133635785 -0.361969898370033 0.0798170990313738 -0.0328160308417072
-0.568095223118788 0.127956647868102 0.0156064823242757 -0.0650454312813384
-0.31114834474676 0.377950552106058 -0.0276343215942974 0.010909569681469
-0.0634285247035148 0.423953080534769 -0.0107077674690844 0.0498163024184849
0.163554200130361 0.392908818647024 0.0508143563956323 0.0766921688228805
0.226264719535631 0.34291544668829 0.0796961431076148 0.0575051953537911
0.201979311937004 0.371889758527819 0.0670607241292501 0.0671271109762304
-0.0123348922098331 0.442071072488527 0.0535803171838247 0.084925061882735
-0.253550254350461 0.385734665216747 0.0153397562650856 0.0954842046193759
-0.549826843366479 0.209318042214284 -0.0855210853416267 0.0548829450796356
-0.501089919846772 -0.283248462519706 -0.12754307633768 -0.0844574423147796
-0.0810898567340153 -0.603333920067277 -0.0590555362028646 -0.0770892808561507
0.250754995332996 -0.645147850946338 -0.0171724678292556 0.0333002819558263
0.212378196091045 -0.513723789398693 -0.245020776411278 0.24032489206831
-0.0649396785447769 -0.556832225373182 -0.0374343603215829 0.264119666109352
-0.41800865538974 -0.313213716961206 0.0749786360970474 0.0112413525144865
-0.497918360567007 0.125609666245441 -0.0249964755023546 -0.0373035992718068
-0.270782481499147 0.329047833621689 -0.087829465316488 0.0945600177152065
-0.0613958050158554 0.3711870317023 -0.0218142444956814 0.18976729596957
0.128467790637707 0.347523664361433 0.0984721094493173 0.219170137227261
0.182091342531808 0.297980540223853 0.152222806479664 0.186828512842769
0.155538931699534 0.319021509854784 0.127689077377106 0.19383481516898
-0.0285678111139854 0.366397898192775 0.0687681442804927 0.204282771880114
-0.221201406774848 0.301882597001424 -0.0161251060167105 0.182072562055604
-0.43508581072845 0.152329743954325 -0.109698616054708 0.0944362592964132
-0.391019650430797 -0.221503320780994 -0.125891475423442 -0.0421895889844762
-0.073475222314945 -0.482987448198133 -0.0484694621086598 0.0223002058147164
0.18762248346736 -0.560558861069776 -0.107964977742595 0.219883548457187
0.122875888495612 -0.390102832655288 -0.357410416704007 0.421796488843216
-0.0797498326217556 -0.39534345670329 -0.0554312363437344 0.40711088469513
-0.305432263824389 -0.199559441817742 0.0633919242627322 0.0661336823211779
-0.323241880980071 0.0970937473555031 -0.0496389832651431 0.0014793112861537
-0.179484387638337 0.214378902275752 -0.12452298197449 0.158113796296657
-0.0502179474148623 0.25176028146083 -0.0246981864633994 0.296185037491878
0.075158537856956 0.244254502466599 0.132696502055515 0.328097293347449
0.110382064442383 0.208397938443532 0.202504338682401 0.2885561285305
0.0869597616622799 0.222145379429598 0.16281302623203 0.290942374036708
-0.0418598361311629 0.241793601468942 0.0632587479241527 0.289446211784472
-0.162239532914116 0.17946494189406 -0.0563355622616616 0.231640509613793
-0.265896663280847 0.0738714261933046 -0.128658277254634 0.103904135509631
-0.232594603695488 -0.13850308737111 -0.114845583673972 -0.0166356330785873
-0.0523151006171703 -0.304093318503435 -0.0332040096542822 0.0829959668529732
0.103872404274752 -0.399232572889105 -0.164795872304873 0.349838672854514
0.0130944335395477 -0.196715372357316 -0.42740190874284 0.546130312069274
-0.0784093282798181 -0.164059605809502 -0.0624086090255091 0.505355534799577
-0.139793916075104 -0.0489205440807597 0.0603464926129186 0.121147169620195
-0.0960813583044308 0.0520583024548089 -0.0458558799372195 0.0371286802095314
-0.0616209978980064 0.0622181009797379 -0.129637002227197 0.184713422306459
-0.034940611406533 0.0887774934986759 -0.0193394769467391 0.34757245913263
0.0060285200967844 0.101399657191127 0.15036382464977 0.382005017032308
0.0217120175743749 0.0861252742804725 0.221750453906503 0.347561678951482
0.0102267293925905 0.0951515570174431 0.16916460358266 0.346913030445742
-0.0418845411119232 0.0950254295955533 0.0385244629648544 0.332587766112789
-0.0787101702368445 0.0537199116917477 -0.0999022372592173 0.244626279433159
-0.0823926556592261 0.0104405040354711 -0.140672234702397 0.0913175518978241
-0.0786969688564228 -0.0377847921075798 -0.099441905015312 -0.000749999307332664
-0.0458975500021059 -0.11032359087311 -0.0192919537434664 0.110099887567191
0.00530656319313563 -0.199256695560397 -0.186250318860365 0.414472779467963
0.0871219464372293 -0.0335919953486706 0.155437648370673 -0.451724898162435
0.0605964509528642 -0.0806583244539895 -0.0384347962793484 -0.219017220970076
-0.0478362979931435 -0.0798808209281049 0.0617629774918499 -0.0025393040007394
-0.102376853359513 0.019804345336883 0.13731096929197 -0.0489967941095969
-0.0319080041006791 0.076384644338255 0.146398888991582 -0.21998998157208
0.0279059708278846 0.0654122583576093 -7.89863490691081E-06 -0.353235371257426
0.0708660512643636 0.0452868000718188 -0.154374190156702 -0.360703561668129
0.0763894063128895 0.0480810308355016 -0.225035294349997 -0.350797268498994
0.071522528290746 0.0578848378944684 -0.182329581821821 -0.365922521316021
0.0236099263370344 0.0849323262512412 -0.0384737868685923 -0.344310212924313
-0.0388486843357769 0.0814020480187576 0.0857396122514772 -0.221263699999511
-0.123942761041002 0.0241924493442434 0.0342022248777197 -0.0954847209363224
-0.0581818362852595 -0.100489990644319 -0.0411120762894069 -0.165017386753505
0.0843109374367994 -0.0850240827492022 0.0498108520090956 -0.426967298765082
0.106585166118189 -0.00603864256252698 0.437236486244373 -0.606696171811275
0.161350881852173 -0.222312098162697 0.149334749778836 -0.415711234883962
0.0495364202343927 -0.253327347930129 -0.0243780527780052 -0.211802275555698
-0.168086187682402 -0.17577916376333 0.0562573326359971 -0.0322570302281658
-0.262805140958972 0.0546753383388263 0.112673909510105 -0.0539742780406549
-0.129156385228867 0.190317503024632 0.13225498626946 -0.182569410098297
0.00833740369126377 0.205441633734657 0.0101861801822026 -0.302602523381627
0.131407948216546 0.182340175543409 -0.116188435169529 -0.310931652833138
0.161597224030309 0.174415301962434 -0.175658462172323 -0.303178535532564
0.14884406376832 0.20384851820274 -0.148225332772551 -0.309721756104965
0.0147630735950221 0.259950219349249 -0.0272518421325225 -0.290745800200082
-0.143345457912313 0.225948393857416 0.0765859126253273 -0.186607175620127
-0.338470021481894 0.0927882031415558 0.00875112096735733 -0.0844134195892647
-0.249887179866051 -0.224504836239056 -0.0724556638600991 -0.180075814991672
0.0560700194942788 -0.341263547592232 0.00719232443838187 -0.398527989366847
0.209967971849078 -0.276981235864139 0.346254612190834 -0.539478178393225
0.222015433802879 -0.390027535109171 0.0980451571726914 -0.318570285870992
0.0275946882851103 -0.42044491041376 -0.0145824705553374 -0.159381383003345
-0.288801650634324 -0.266697883299057 0.0627852886853898 -0.0551641873502123
-0.413287716109308 0.0892276480176712 0.0869673244993407 -0.06886131106121
-0.220692289920991 0.293484524612711 0.0956462024721973 -0.13767618517904
-0.0166620687884525 0.328074399337546 0.00872187966020568 -0.216240982033364
0.171798469333987 0.298579367820323 -0.065301250961301 -0.213130049239254
0.222730822901981 0.273447205644191 -0.0998004446364279 -0.208591160468275
0.207942714815086 0.313955894639038 -0.0877224847377272 -0.205760152622492
0.0149983716114437 0.39429886199732 -0.00669513918142358 -0.188095843842228
-0.214297741869695 0.347583439100785 0.0586281099911809 -0.114740210973847
-0.500016756366608 0.174268602883275 -0.0239226164973853 -0.0506434855876676
-0.423437528662049 -0.293948081919357 -0.105929922041168 -0.167950703910456
-0.00597802091613255 -0.538113969487957 -0.0363163831470313 -0.320037021190803
0.266167037125237 -0.503931673904927 0.225717013083021 -0.390997854778062
0.255746635579224 -0.513605773439808 0.00592177346832156 -0.162862647318411
-0.00968673817294054 -0.557063462038424 -0.0130222525209436 -0.051726696400862
-0.400872339088356 -0.33307368403196 0.0751688363421248 -0.0591460113838935
-0.531166195152663 0.126946260076489 0.0550277060358492 -0.0787100932514782
-0.285429122567322 0.3738036574396 0.0391632279557207 -0.0750925713953335
-0.0386046916736379 0.413937385527809 -0.000507025549857563 -0.0941027552060513
0.189879149538413 0.375240598951638 -0.00689441037321444 -0.0784899436605069
0.251957075787097 0.331921544183427 -0.00887834253548248 -0.0827171156347987
0.233517775688701 0.371820684623913 -0.0100244213433967 -0.0742634543526846
0.0122598779634943 0.464234773997237 0.0253784101582086 -0.0553016408763566
-0.247974862925415 0.416114250938274 0.0391021063207701 -0.0138279980894155
-0.578586769669597 0.235056254787278 -0.05617338334357 0.00325106935393468
-0.525812315587914 -0.306775289159839 -0.129346084752549 -0.128599580608698
-0.0688263739910517 -0.636832466658582 -0.0619781260649802 -0.202628245318883
0.270623353359835 -0.641791882182902 0.0979899344029808 -0.185340311639966
0.249019992154286 -0.566727648868337 -0.114722409267345 0.0360039618695393
-0.0522477697928921 -0.617626487831408 -0.0184641113225838 0.101385536177342
-0.464087055543235 -0.353580746000299 0.0825304090361324 -0.0368894012359733
-0.573116705679142 0.151976437636952 0.0145001254851474 -0.0700849128130428
-0.304004574410975 0.398845579260552 -0.0262839114443659 0.00826651751358887
-0.0500072281549451 0.438549339730075 -0.0113571398789816 0.0520680584864411
0.179929252511285 0.395682339850872 0.0531214348212188 0.0743560773225549
0.242994315163791 0.339657152670024 0.0830599862908863 0.0549837495892294
0.220927773724035 0.37194858292568 0.0708758851240617 0.0655069465008045
0.00320614980065321 0.454977542044112 0.0586452677634258 0.0848275577021221
-0.246393894806427 0.404584689460749 0.0171816458021408 0.0952798543044161
-0.555247285231932 0.235561496320443 -0.0827757452177017 0.061980631111425
-0.51853921582383 -0.275493001378643 -0.138886808507049 -0.0792682145698435
-0.100021855781885 -0.614852775029796 -0.063161300023958 -0.0765717546641985
0.235616848444129 -0.66219286868627 -0.0131261585996198 0.0359985242434224
0.199658376097985 -0.529800315539203 -0.241188370396618 0.248216183946559
-0.0841191454197296 -0.566372756866847 -0.0298163010208325 0.270570481659753
-0.435683887491633 -0.303632454184311 0.0781883494368303 0.00814267686613485
-0.50047680180457 0.147395028776899 -0.0260265894847134 -0.0405905531842019
-0.264427214999333 0.347884536283766 -0.0857010084037686 0.0959869646573096
-0.0501254575008723 0.383984676721781 -0.0180182338104296 0.19572352790295
0.143004327550902 0.351141850631612 0.105927803218933 0.218525021746378
0.195372697376697 0.295172755119691 0.162160330516782 0.184987392544286
0.171063138656072 0.318174883421201 0.136927792158548 0.193190431465352
-0.0160458153083016 0.378087198989275 0.078776756731272 0.206906164214752
-0.215593410438244 0.317939333192925 -0.0114028971267354 0.184913314901165
-0.437762477067969 0.172629785207629 -0.107506028386175 0.102028535577233
-0.405799910539671 -0.212718267000378 -0.133914085673484 -0.0365243522986253
-0.0893073429688185 -0.491994567311653 -0.0502499138139251 0.024780904098496
0.174901547786227 -0.575263517725915 -0.0988675847546422 0.229372125396451
0.111941842662016 -0.402494977310997 -0.348528427382333 0.43758197394421
-0.0938896611672963 -0.401854567846262 -0.041810584422528 0.416851109301969
-0.318046297276332 -0.191617455734862 0.0679183141620993 0.0648908037487412
-0.324581768474478 0.111840807602959 -0.0502347175894264 -0.000246694230737581
-0.17542852221787 0.226595791876834 -0.121994120588175 0.162596141555003
-0.0425919217119524 0.260854201772018 -0.0172684061905698 0.305080666221667
0.0853167321582405 0.247202614129008 0.146297530491004 0.32949879846275
0.119013620211127 0.206732877579108 0.217814694299375 0.287525471217938
0.0961448053116384 0.222116592130572 0.177392045461095 0.29201653284579
-0.0340041691270635 0.250234495943025 0.0755628990106738 0.294061225633455
-0.158245689531295 0.189586151346994 -0.0507422011986186 0.237577021650469
-0.266722761757843 0.0867247251694336 -0.126208701149986 0.111597516441088
-0.24134973916636 -0.132574588792999 -0.120712657104478 -0.0109400244013696
-0.0628895382469468 -0.308736075457327 -0.033267353121332 0.086678734375881
0.0931783897716473 -0.409860340427607 -0.15319766760089 0.364394667149102
0.00663900359024977 -0.201987941922902 -0.417141391773191 0.566715452955359
-0.0866779823813445 -0.164879236958728 -0.0433770910653818 0.517293364687482
-0.144078197989568 -0.0432420356929213 0.0654450346277985 0.121327756085315
-0.0943525128259031 0.0574320842944339 -0.0449446079911928 0.0361714949336122
-0.0610461596549277 0.0668928883789787 -0.126928482087507 0.190846946087503
-0.0322046087714941 0.0930317597638258 -0.00881755680086276 0.357536430013544
0.00972932027576468 0.102765536318452 0.166506347147029 0.38521633765318
0.0241182749508169 0.0858193584454104 0.241099440863252 0.346286642041041
0.0134999722009155 0.0952262713317264 0.187073362654077 0.348915259597822
-0.0385018847601921 0.0987624154646845 0.0523241746478599 0.339159567031144
-0.0769890899910861 0.0572787033197861 -0.0945688102937051 0.253350084806226
-0.0815285768948174 0.0145617252628228 -0.13899154549811 0.0988193050297532
-0.0817900497686353 -0.0345665179516909 -0.102300939384976 0.0038858442414
-0.0504012596287961 -0.110218078248695 -0.0185937331117283 0.113659738322124
-0.00130280358752511 -0.204322163265137 -0.172693263095352 0.43124621989574
0.0873506954449026 -0.0386414378602585 0.12612227618327 -0.463485209225422
0.0584280747117207 -0.0864706688179208 -0.052385115567835 -0.219605184234494
-0.0535886400159321 -0.0794546171709216 0.0634555788277877 -0.00778265050060643
-0.103173935337345 0.0258065734296027 0.135634738592369 -0.0584405259848775
-0.0274583029939176 0.0800145052124536 0.13326559141624 -0.232131332376736
0.0314047175591825 0.0645636733513943 -0.0228869753907141 -0.358739798573499
0.074844012457879 0.0413741525080213 -0.17742505751923 -0.356468862862018
0.0810489759924226 0.0438047049106135 -0.249469616075564 -0.339984630171093
0.0764298599729718 0.055466780291134 -0.207578925169618 -0.359036741930527
0.0287810333561498 0.0848964976980932 -0.0594620168654762 -0.346310170351336
-0.0361964102584466 0.0846463129462445 0.0756116390020404 -0.227964817016624
-0.124382303457577 0.0317723044188497 0.0284486262306327 -0.0958727842390353
-0.0634118443599241 -0.099332636836843 -0.052265147493619 -0.162802967730111
0.0809568100316625 -0.0909648725403074 0.0270029980414632 -0.43642316491054
0.107999833487538 -0.0097901604939892 0.405983750537457 -0.636266628899727
0.150245870006202 -0.232001405502381 0.123608815160962 -0.427863135567482
0.0374462422397095 -0.259778906306926 -0.0369647770822038 -0.212412861354566
-0.179239542307645 -0.167618830313805 0.0567059276778173 -0.0373756237446
-0.26142994189743 0.0713366665832133 0.109976461680071 -0.0619572568984721
-0.117989379803602 0.200973116264325 0.122262460474381 -0.195211424721142
0.0202924920267976 0.20774313237454 -0.00886935097729775 -0.307288730936656
0.144473012402143 0.17664237306547 -0.136782209836375 -0.30850896885141
0.174534563530134 0.164980177597385 -0.19705391007196 -0.294816887340076
0.164002416458942 0.197526211766555 -0.169354330768129 -0.304124822317588
0.0313877009547278 0.263501075887135 -0.0444869603868393 -0.293103891733248
-0.132902222559118 0.237106483258275 0.0665885918725808 -0.192870284398302
-0.336524126511128 0.115275504898341 0.00418344774247591 -0.0828924887639142
-0.263565920590215 -0.213521462655767 -0.0870961850279343 -0.175394345834178
0.0371604530103116 -0.348496821333181 -0.0150807035707275 -0.404023029223976
0.197489570899474 -0.287866413302407 0.316989831160672 -0.564239843343387
0.20120890776163 -0.404507160904489 0.0787961959483757 -0.32821241278246
0.0052791218170197 -0.426746229710314 -0.0245700851291276 -0.159864980106254
-0.305470628716313 -0.251836770348553 0.0623886463684246 -0.0612298690919904
-0.409101248484581 0.115931034981109 0.0833671811845758 -0.0768005104192738
-0.20377011620963 0.310452806750229 0.0887651634854901 -0.148379456509797
0.00256032729236558 0.334795652802879 -0.00523365618560824 -0.219204484198234
0.193002505379143 0.290803240534195 -0.0808082265525083 -0.21320781903017
0.242445886142612 0.261639027900153 -0.114541049329626 -0.204190763155957
0.230762129268773 0.304144359537273 -0.102371031644609 -0.203399371041918
0.0398635481190398 0.400438644395777 -0.0169729513525679 -0.191117735094954
-0.1970059745561 0.364789053350565 0.0522461822795363 -0.119873721926785
-0.494465132343709 0.207450969873008 -0.0257975369414951 -0.046926391666751
-0.442846232121036 -0.274834123982915 -0.121433565072219 -0.15983893387332
-0.0353793129619023 -0.543380467004588 -0.0547687106353786 -0.321747423244818
0.240133650545581 -0.518700526334087 0.204269491084015 -0.406878701210434
0.225826580491567 -0.530524313770974 -0.00501825955455995 -0.167870266663677
-0.039873447166202 -0.560925386293399 -0.0161893774704428 -0.0524280373392607
-0.420664189101185 -0.310461473761798 0.0746926803063643 -0.0659974547799164
-0.52409640438161 0.162342475561879 0.0509022127732298 -0.0861492891356847
-0.263654575051471 0.394214067288907 0.0360557257725373 -0.0826947457959026
-0.0136367293129869 0.422069426588901 -0.00784074736351725 -0.0948408167710326
0.214821356436608 0.368184763940918 -0.0137557360079299 -0.0804862824747535
0.274979364175094 0.31736129366704 -0.0145328545545641 -0.0826893148786337
0.260531044895265 0.358913649311298 -0.0149569156617915 -0.0742641891184872
0.0411996354277025 0.469865832001498 0.0236892715088523 -0.0585831983360098
-0.225621077904119 0.435547207278794 0.0377473618526842 -0.0170291928254938
-0.569678672280787 0.27286263347617 -0.0538657091175467 0.00958199353930296
-0.547399885122793 -0.280022101589434 -0.143900183477567 -0.119059369299351
-0.106340480848736 -0.638153328193296 -0.074441204081269 -0.201570635446771
0.236597424817135 -0.657484000815143 0.0906628763433066 -0.192287807806527
0.216183700120805 -0.583463913020856 -0.114032516203448 0.0382236296622281
-0.0865681497934505 -0.621003906188071 -0.0124622821844873 0.103085036938919
-0.486087044566754 -0.32641119153376 0.0833571388729539 -0.0441903564111182
-0.565367945679487 0.189228286014997 0.0109288080774107 -0.0755589176771765
-0.280617272096629 0.422537002382337 -0.0256573074728495 0.00482184541140584
-0.0229694223605001 0.447761907742434 -0.00995229973681771 0.0533381709790318
0.205598631945529 0.3882716453021 0.0562176655557129 0.0701358859554696
0.264470596944131 0.326062402077281 0.0878721233720831 0.0500707921688432
0.247821596907861 0.359777237979083 0.0753669007666949 0.0616604476010161
0.0322934796704497 0.46242565678139 0.0660655461617695 0.0810979213403881
-0.224388806932516 0.424084191791918 0.0223840305310507 0.0941795968204765
-0.541525939160303 0.27256354373082 -0.07837176200899 0.0696042312659671
-0.537818549161152 -0.247758704863517 -0.149378202298639 -0.067745037828498
-0.136087110407064 -0.61527238700003 -0.069185651242242 -0.0737683212489031
0.200377642954257 -0.676596259523 -0.00748273443004172 0.0376946166765275
0.168393033256469 -0.545114615761803 -0.229207981419744 0.25871899833105
-0.11649635606519 -0.566763584478881 -0.013399960008544 0.274220343989891
-0.456584064088301 -0.278517767383494 0.0816273565657936 0.00170280721515907
-0.492491008739013 0.180454966929672 -0.0286016526059211 -0.043469617402709
-0.244015478425183 0.367742300742339 -0.0805259410744809 0.097547015924536
-0.0273695195422546 0.393256121315034 -0.00827515947785147 0.199878331448356
0.167070878546686 0.345863810755467 0.119130147697582 0.213885447264783
0.213354067719222 0.284490711989516 0.176252021559599 0.176127379182056
0.192691306095422 0.309332020811914 0.151807859475289 0.186111103572882
0.00782304473470664 0.384499950526664 0.094145773488704 0.203283175349517
-0.198909482133005 0.33449984892902 -0.00192972820681041 0.18708014657455
-0.428879099550864 0.203553510896004 -0.0991046238976288 0.110412222837838
-0.421605100549284 -0.191463799895027 -0.141494362360037 -0.0257260989248259
-0.118020494851284 -0.489961589486553 -0.0504302652495517 0.0281881250271981
0.143505907519918 -0.586321876781287 -0.0818682931361028 0.23770786943385
0.0878425523486352 -0.413136573741903 -0.3263893339901 0.455941920809112
-0.118758118614623 -0.400121500206621 -0.0156877791470369 0.42226503364713
-0.330687175709299 -0.171911913141261 0.0735571660027608 0.0604397004164876
-0.317887923065096 0.133557712703349 -0.0504917554893762 -0.000878707061579528
-0.16257158155885 0.2407836079223 -0.113501974231519 0.168306104095975
-0.0265396192856796 0.267725485867183 -0.000118798169399453 0.31093172250923
0.101536664014726 0.245198719033962 0.167197136776785 0.323251137292252
0.131179077845106 0.199659014462683 0.238439773382856 0.276184539230261
0.110910159910945 0.215572448310887 0.197964519652167 0.2837286549903
-0.0181029504688742 0.255641958220126 0.0957359488306873 0.29219275628735
-0.146863654426666 0.201272424239569 -0.0385081106357185 0.24280587744459
-0.261357182732987 0.105336961688588 -0.118674233452525 0.12059432479138
-0.250995599852211 -0.118305733682536 -0.12476866535579 -0.00169464686393155
-0.0810111738945231 -0.307247788328376 -0.0304262000093308 0.0900657747365411
0.0705547459407333 -0.417749102899027 -0.127966425489107 0.377608103736894
-0.00632305281286263 -0.205319867016909 -0.387751381457203 0.592361388488212
-0.0983699148717328 -0.16109328500457 -0.0138825680776737 0.524362040672081
-0.147382648362452 -0.0329375989101653 0.0737190974523842 0.118252402014752
-0.0905316918362146 0.0648581398140652 -0.0434484117052787 0.0359706533185278
-0.058004230050575 0.0718833943684576 -0.117873880099513 0.198970918539568
-0.0259762121514839 0.0968489262247723 0.0109767567784181 0.362894020603196
0.0155195080050894 0.103365820862827 0.192792886191111 0.378273568189613
0.0277918461171038 0.0842034633899968 0.265831705998175 0.334648573615935
0.018716269550637 0.0925536324083326 0.212006370105455 0.341538106377061
-0.0318060740133283 0.101535982133791 0.074496052264635 0.340510204229131
-0.0726363387717762 0.0627664343968907 -0.0801736798791336 0.261103803676052
-0.0788892904998082 0.0203267342503645 -0.132731105098123 0.107831708237885
-0.0848608829036991 -0.0275554109656127 -0.103192541123673 0.0111257720551364
-0.0575701927585368 -0.107488102278307 -0.0139568299410269 0.116803692614021
-0.0145694622825378 -0.206541924729923 -0.143451883905761 0.44501847774984
0.0842580860673368 -0.0423567362502524 0.0933802651001863 -0.459411247248486
0.0536713255209642 -0.090411230188027 -0.0663424458250663 -0.21202973457481
-0.0588091902938238 -0.0761616318583428 0.0629073649193002 -0.013671069118634
-0.101287295632297 0.0315420607591668 0.128834465284353 -0.0665358229606571
-0.0211791601586859 0.0804870172531751 0.114873965278472 -0.237311993771476
0.0350681419228002 0.0615798859002373 -0.0461549980861056 -0.352742799567039
0.0770024353754023 0.0356982750998755 -0.198328173132039 -0.340004999979612
0.0838111221882083 0.0375224980117391 -0.268675480994937 -0.316534378688465
0.0794922259099875 0.0508534451081148 -0.227734563979642 -0.338697707393436
0.0337563503957947 0.0825903849914012 -0.0800538122697051 -0.33733196120433
-0.0317651417037192 0.086033923041284 0.0617806302898467 -0.228575596196651
-0.120717690528944 0.0392899847050521 0.0216426968260003 -0.0932696294396383
-0.0678488508702601 -0.0951356004752566 -0.0627850379062935 -0.15465955090518
0.0746342751270899 -0.0942493071611056 -0.000223786336889557 -0.431647132170398
0.106792760894393 -0.0141488118116911 0.353999269215896 -0.647089215855453
0.132779456774473 -0.234248482348425 0.0918384346673612 -0.425495290193556
0.0229476148236237 -0.25804459331389 -0.050486934788861 -0.205742630809498
-0.185913666784034 -0.153595451522976 0.055157061218318 -0.0428845892332788
-0.251435740147374 0.0873258326050334 0.103586419259122 -0.0696039285783016
-0.101851344743651 0.205516766038864 0.106898248592745 -0.202297215832328
0.0328286957393279 0.2043825287899 -0.0294784669852094 -0.302174822590225
0.154178646819973 0.163652613090745 -0.156020180973336 -0.295038349368227
0.18236519282643 0.150261606614006 -0.213102621855495 -0.275644847927308
0.175382000481527 0.183151059368241 -0.187101037842462 -0.287154352111092
0.0489314118499818 0.258553689107843 -0.0625919959650704 -0.285503488007223
-0.115963827328243 0.24283481622619 0.0537109522696068 -0.194100352270826
-0.322466178665366 0.13603876289917 -0.000734812026592014 -0.0789835884970569
-0.271555672897085 -0.194164967680128 -0.0983847968477972 -0.163872711746741
0.0160691302312988 -0.344037141498191 -0.0400435648482067 -0.396984306867861
0.177422800580486 -0.290468312828439 0.275253449835428 -0.571701137780762
0.171247640814975 -0.405108581460516 0.0545531375057862 -0.326974447155683
-0.0185255424275971 -0.418118663318593 -0.0344080952317911 -0.155116129537807
-0.312404850650613 -0.224786928065349 0.0595475618030228 -0.0670746403043606
-0.390977895079863 0.140309564854487 0.0766508226183739 -0.0833615353915227
-0.177547883399959 0.318556444419629 0.0766035591875347 -0.156445956418597
0.0239189416857813 0.329443583905134 -0.0205825037294342 -0.215522267915236
0.209190476775263 0.272882494762083 -0.0947157494416986 -0.205082407148724
0.254611567107895 0.239539752515107 -0.126329462874271 -0.192426417681434
0.247468313835475 0.2822053461641 -0.114044967983802 -0.19260260526972
0.0665639545095882 0.392325350126285 -0.0283212035575762 -0.187943312974796
-0.170851682636975 0.372221990573761 0.0431733787119656 -0.121710692131952
-0.471259011765019 0.237894149016163 -0.0266793711208597 -0.0418808976196782
-0.45073271816658 -0.243644670421709 -0.13211214042757 -0.145437710069452
-0.0680582962567323 -0.532224660492257 -0.0742259209987934 -0.313823318440124
0.205335158856321 -0.518757338224357 0.177214857314501 -0.411935253738189
0.188032506615145 -0.530051942963553 -0.016994053380762 -0.166579541150179
-0.0724954266144929 -0.548978116283361 -0.0189774644070574 -0.050265820418961
-0.428705360921564 -0.275799336290485 0.0720533501874812 -0.0728736843629385
-0.500515719902568 0.193034020774166 0.0441751817942349 -0.0915169690535402
-0.231451303283448 0.405899008608045 0.0289927977761598 -0.0897455914615168
0.0142729398432615 0.417286955306938 -0.01485304278346 -0.0928170842510272
0.235215136863706 0.346233619369954 -0.019967015486049 -0.0789131361560598
0.28905330176209 0.291087917388391 -0.0193161729438301 -0.0806009780202759
0.280317306101584 0.333767540461211 -0.0196744771243585 -0.0720986551065947
0.0736950314638588 0.462424263387994 0.0206327211084405 -0.0609512174664474
-0.194044349673902 0.442491505056092 0.0346756574412025 -0.0194542786382374
-0.538132142669392 0.306286106607631 -0.0504561601866464 0.0149815279021537
-0.555276644210481 -0.240846741286862 -0.152181124234826 -0.102813911329192
-0.143669486947207 -0.620721569991264 -0.0859896139876957 -0.193910123153489
0.192739558687419 -0.654128626223302 0.0797466700352448 -0.193538499626441
0.17355424507492 -0.581581339171386 -0.110326899562532 0.0403287171256461
-0.123069352055871 -0.603674760476448 -0.00480337090047348 0.100872145244316
-0.493726877061139 -0.285984620625721 0.0817727184449263 -0.0515096014076772
-0.537866197567484 0.223725979780487 0.00555032532574865 -0.0795984035110044
-0.246735572496331 0.435989251612985 -0.0257483118808884 -0.000305810073752207
0.00598455772580647 0.442399055562953 -0.00762727629321399 0.0536736712493227
0.22948513636138 0.366587518149841 0.0586129899426571 0.064928492747032
0.279242649352797 0.300627912470794 0.0902609022687184 0.0426562699229736
0.266534795765728 0.334103448322055 0.0782514562169939 0.0552003808162138
0.0630643849735647 0.454007422864278 0.071422150283848 0.0739566157362848
-0.192220124999207 0.431356020743977 0.0265139560548331 0.0909712251013482
-0.509983361169806 0.305013622459163 -0.0697459256690315 0.0742419102197503
-0.542393058632448 -0.209959177026151 -0.154958039304761 -0.0518161199610235
-0.169411475846139 -0.594820967451507 -0.07450734555424 -0.068266882901046
0.155086165890338 -0.671233780797269 -0.000696228432237327 0.0367844343330233
0.130188992333942 -0.542422749017819 -0.208597747966047 0.262050999112123
-0.149788185351354 -0.547126218902215 0.00543359951320331 0.267997914453945
-0.462360983574817 -0.241390129632363 0.0822065128435657 -0.00602983587514774
-0.468971769386332 0.210390155219062 -0.0312542431660216 -0.0454495317923252
-0.214641159607519 0.378657337093067 -0.0733517943657837 0.0949509770359311
-0.000661557647222232 0.389925591931237 0.00404916565236274 0.197900392311335
0.187175884823826 0.328341448950677 0.130533176069936 0.202108889319292
0.226195836323609 0.264422751769598 0.185437623984006 0.160411680836874
0.208944270518734 0.287644104728522 0.160905316365734 0.17254460945661
0.0350280524185272 0.378233525514642 0.107061037588073 0.192887446971413
-0.172725195369252 0.342100629211515 0.00925767869106289 0.183136692240433
-0.405078693967591 0.230138683885068 -0.0873934197386815 0.11508114899887
-0.423693838531493 -0.160576229780084 -0.143334798462067 -0.0123492028051049
-0.144903985118827 -0.472727823996459 -0.0497985375070123 0.0313920791265083
0.104619322557953 -0.581492602446189 -0.0600054974432429 0.237555534174561
0.0586004546090388 -0.40936266424878 -0.293197262849147 0.460795406473663
-0.142620273490469 -0.385252854525839 0.0120228174180157 0.414261555647114
-0.333884795595052 -0.145448697969473 0.0776061263188053 0.0529858879902754
-0.300118799393868 0.153061045949397 -0.0496050001697584 -0.00189953257265826
-0.143520591914716 0.248481124900205 -0.10109390001535 0.168352750652742
-0.00811233644448187 0.266357829246407 0.0196900237010457 0.306819340228344
0.115414809201022 0.233782888722458 0.186014178002064 0.306601273913575
0.139624929977146 0.18628070305158 0.254123879709087 0.253843727592022
0.122245901638028 0.20152168927057 0.214268689105916 0.26511007919881
0.000576434013524604 0.252346036210314 0.114815767189981 0.280539876281353
-0.130356450216496 0.208152098501172 -0.0224879615703957 0.240992714118738
-0.246608565646333 0.121748215784565 -0.106405217814523 0.1260612932826
-0.252399622924225 -0.0977567696136387 -0.124490245150511 0.00868356003042048
-0.0985153795043428 -0.29520640961256 -0.0259672456129332 0.0911524612676122
0.0402689004128626 -0.410848270334054 -0.0956575754056047 0.377172172020847
-0.0201813051965883 -0.200914693977086 -0.344311677500075 0.596627263595794
-0.107605931654635 -0.151790415268385 0.0222979367600739 0.513545966336712
-0.146014746955987 -0.0211913913646409 0.0805633056809439 0.11103245286253
-0.0818674426654151 0.0701746847236627 -0.0407759924004844 0.0348289555729925
-0.0521040200145285 0.0755889365120919 -0.103626205842231 0.201150852415928
-0.0188123552784345 0.0976360162062938 0.0346741145479849 0.35764534855138
0.0217649483915319 0.100211060314181 0.214849934710292 0.360819516570288
0.031017789719098 0.0799635658980771 0.28438744083035 0.309332923034041
0.0227123562829289 0.0878687980192867 0.232197757508217 0.321020736286619
-0.0239881520459758 0.100851208113063 0.0979041792065362 0.329121056613589
-0.065726848134283 0.0662505425057394 -0.0609288145589965 0.261662216027044
-0.0737738730032229 0.0257911210213414 -0.121346175820577 0.113798902789471
-0.0848089621866648 -0.0185696289636879 -0.101440244820851 0.0187296778821183
-0.0636744610741368 -0.101185146128302 -0.00838756629500019 0.117171198549178
-0.0297424846285637 -0.2013222108621 -0.107041807509633 0.445386907128416
0.0801603984616536 -0.0433253283726613 0.0688802797828371 -0.443171200346113
0.0491164916353613 -0.0913396110270898 -0.0726501177283449 -0.200697742674025
-0.0605976916963589 -0.0719614207659302 0.061100333319661 -0.0187184678957009
-0.0980070685672447 0.0347009624575099 0.120061060992984 -0.070983494402649
-0.016673955012509 0.0783188417522777 0.0974363370370575 -0.235285063249982
0.0369671424744292 0.0582880927006298 -0.0621782951745648 -0.337855978823609
0.0761800357554682 0.0305634451895199 -0.207407651768953 -0.318268144931345
0.083228205672219 0.0323071265844497 -0.27339376674969 -0.291252882176123
0.0806179052945913 0.0465408455067608 -0.234826239888695 -0.315074964536402
0.0359136831214885 0.079148003222033 -0.0918872360480517 -0.321215195516788
-0.0282680151535358 0.0847190432767327 0.0507872839721258 -0.2217159936672
-0.114940767793945 0.0430892577059986 0.0172815703735755 -0.0872605467094975
-0.0686279114327429 -0.0898280987551814 -0.0668825546009124 -0.144447013355283
0.0686026432010739 -0.0935496201729106 -0.0181201505993717 -0.416437203122608
0.103977960284278 -0.0162033416604615 0.31081107017763 -0.635763269273663
0.117867738194904 -0.227501638847968 0.0676861616736433 -0.410687071897361
0.0126168762432086 -0.249810827529298 -0.0570519035369445 -0.195071527273501
-0.183853444622189 -0.138921574685892 0.0530350963703045 -0.0470684849654913
-0.237830670936611 0.0948622649719263 0.0952199056210408 -0.0737313329438694
-0.0878018495470589 0.202605426070293 0.0914680517443022 -0.202170806879663
0.0413158567521396 0.196106545571065 -0.0439226505537232 -0.290126047701875
0.155978237358647 0.149810362247813 -0.163922541132088 -0.276457274079266
0.182429585740856 0.135943847509005 -0.218642281160639 -0.255078320931948
0.178664093624257 0.168375647193245 -0.194041138241372 -0.267147036948059
0.0592489509740405 0.248104102708911 -0.0723488642007968 -0.273101055372067
-0.102252429656614 0.239206530258091 0.0440513680270709 -0.188896760475256
-0.303467449656711 0.146222548190147 -0.00242539959378444 -0.0731713944008748
-0.268460113678921 -0.176524663690627 -0.103160960647831 -0.150091781931097
0.00214654119611958 -0.331542876685313 -0.0555318766972623 -0.381425883195476
0.160618598684995 -0.282711158333833 0.238708216162448 -0.560329808271871
0.14680410689813 -0.392108917659257 0.0362459042449089 -0.316442349047469
-0.0329902209880776 -0.401859691239926 -0.0389653376116855 -0.147901587041244
-0.30691160113381 -0.201441388008755 0.0567250722273757 -0.0710928115104649
-0.367681622935179 0.151959207442328 0.0682679841544596 -0.0864302100611729
-0.155653969847656 0.315215868311545 0.0636516921427861 -0.158592631639909
0.0386165496590535 0.318086026845966 -0.03131731051033 -0.20705103364521
0.212724809542133 0.252461663257357 -0.101355089313296 -0.193280052727384
0.255016328003716 0.21744084186282 -0.129780128273066 -0.179264369167127
0.251680823529977 0.259219531711106 -0.118742926997134 -0.179369949364663
0.0832585766904282 0.376600711069137 -0.0350115967906607 -0.181315385454792
-0.148697803184271 0.366324110066163 0.035905905414303 -0.118588050315138
-0.441449420759099 0.250010239268058 -0.025353459188438 -0.0371767138043779
-0.441492366488328 -0.216777457769602 -0.13604006283932 -0.129796839331245
-0.0865585961873788 -0.507597805122375 -0.0854530993829024 -0.299552303315714
0.177703656575161 -0.502342040999367 0.153032584918906 -0.401231628556891
0.156785401365491 -0.510966282031066 -0.0256819297830824 -0.161842712694738
-0.0900275460952714 -0.524637412945978 -0.019649992538139 -0.0482861549126862
-0.419006245441201 -0.244107216465026 0.0678529235469959 -0.0774873129067876
-0.467730983578582 0.206720386797221 0.0370583907669586 -0.0941313289589756
-0.201757544575047 0.402091438947762 0.0210306990731981 -0.0936444449510241
0.0331465350852892 0.403672409431676 -0.0200416578627859 -0.0890903828191842
0.242562698321203 0.323571775854551 -0.0237730996671234 -0.075401052386491
0.290198336263267 0.266783933495093 -0.0214497903174045 -0.0771582710720905
0.284453137886667 0.304910646257966 -0.022190112161698 -0.0677246240646502
0.0930401828138945 0.44263308579386 0.0176125746429198 -0.0613789859388892
-0.167827785176544 0.435690426922789 0.0316173151477106 -0.0199983680662147
-0.50168254176587 0.319670736681565 -0.0450493175688022 0.0176533710393649
-0.542468236903904 -0.209310972826024 -0.153309304017412 -0.0870988956825948
-0.161229674972807 -0.589890707140233 -0.0924247322105367 -0.183315393226151
0.160447497973346 -0.630801786258652 0.0710143790385776 -0.18965444951214
0.13942808470132 -0.560937866310111 -0.106663522231182 0.038437736508373
-0.142884226019255 -0.574086673677743 0.000376541479015837 0.0959338872863118
-0.482822861498131 -0.252170250862607 0.0780951311899373 -0.0576293160556415
-0.502159101516432 0.237977652657011 -6.51990293024941E-05 -0.0813553398932666
-0.215079412061051 0.431229180228031 -0.0274603315170082 -0.00570467031012156
0.0269829100305177 0.429360390296404 -0.00633688827728347 0.0520644184519624
0.236880089789229 0.342493371012618 0.0586847296670959 0.0594594294198999
0.280000525316596 0.274972392900986 0.0897910514369488 0.0361336036789815
0.271383365939405 0.30732396286703 0.0780969685783612 0.049651467319167
0.0831887628578328 0.435712398035255 0.0729380931172628 0.0655849798658195
-0.166469624557681 0.424845938087498 0.028580977559506 0.0861577068761594
-0.475415858092252 0.317312801806031 -0.060348186499946 0.0746189389591275
-0.52896630919623 -0.178239630154432 -0.153290646605539 -0.0385458620582836
-0.186382122962956 -0.564489069894189 -0.0759375424360935 -0.062532080900279
0.123478644428428 -0.64470156002657 0.00431587130363683 0.0338393869168816
0.10085949476468 -0.523339695790944 -0.191304352442082 0.254402880427104
-0.165859166890048 -0.521311856703341 0.0175254320608808 0.255720201718268
-0.451370513354686 -0.21050740746172 0.0804573209402335 -0.0128117721372025
-0.43450231034874 0.223850955940644 -0.0332354034417328 -0.0473144234225424
-0.187907208165965 0.375449496926091 -0.0690999438431475 0.0881795254111148
0.018605906330563 0.37799415552329 0.0116725132125989 0.191025925366301
0.194741284095841 0.307208328402874 0.134321694646633 0.188122870908924
0.227697992691036 0.242291881676251 0.187080925919049 0.144796984200808
0.212647183546702 0.264367352624257 0.163664265712919 0.158792404922082
0.0514875424914789 0.36337400511282 0.112272187939869 0.179287199818907
-0.150039746952098 0.337921662091368 0.0153996934150181 0.176186082114412
-0.375643510134364 0.240043095737343 -0.0771337337896197 0.114481301295512
-0.413214358627425 -0.134343422408638 -0.140683584700258 -0.00171492802788421
-0.158264731033709 -0.44936108891496 -0.0485899761319551 0.0331716712321432
0.0758664381385781 -0.556873919155782 -0.0433966946947337 0.229103254266992
0.037138880875062 -0.393194035203041 -0.262856351725096 0.44743114377173
-0.153852901614849 -0.36382264448847 0.0308470838383377 0.395825614816217
-0.325682092834783 -0.123013236076995 0.077803638625898 0.0459626927551443
-0.277653615651885 0.161117119553278 -0.0495263505996339 -0.00361251215346507
-0.126100386095972 0.247112909153376 -0.0916001864365098 0.162014946420031
0.00548957843691848 0.257982469217977 0.0328116182939157 0.295397940569944
0.121929743709666 0.219432089197776 0.193100242496089 0.286550518919924
0.14098605130692 0.172421722226885 0.25706247840825 0.232061924820894
0.125010124377285 0.185735641135881 0.219541101674444 0.245113570957581
0.0132250877109597 0.242465199214361 0.124006514853592 0.263834504616746
-0.11485502167991 0.205607158413854 -0.0113746497658795 0.233061312583445
-0.228425913159571 0.128815521148185 -0.0948638785908583 0.124614415938255
-0.245222201305127 -0.0811259804116035 -0.120903706808936 0.0164438209238331
-0.106381763031685 -0.27895358168114 -0.0232727673504839 0.0905183856904482
0.021323161065266 -0.394514628621589 -0.0712140974322004 0.364691334721625
-0.0298497861908355 -0.19209153741349 -0.305314532521178 0.582671398630518
-0.111252331137095 -0.140024558584642 0.0451124957299063 0.490252664581098
-0.140252534875291 -0.0127714679279087 0.0826247543060355 0.102897359060529
-0.0729439237785427 0.070790833029995 -0.0381901011048404 0.0328077626059274
-0.0461627187170808 0.076376000979917 -0.0919502230107047 0.195359620668623
-0.0133394077186169 0.0952538282439385 0.0488726347039174 0.344391131671695
0.025193262668434 0.0955163301870828 0.223913619490563 0.336977065869674
0.0315395472181392 0.0754664114965058 0.289116256808166 0.283476223779289
0.0240040872822475 0.0812589012762926 0.239303349171064 0.297861755039774
-0.0177128040246054 0.0969802061143266 0.110007520116046 0.311712015082138
-0.0586671342372485 0.0662910119787464 -0.0473114669502855 0.255348608563772
-0.0669551161653961 0.028592771321958 -0.110156476162175 0.114343648103581
-0.0811097259078958 -0.0116338538429614 -0.0970344390345061 0.0232971868456885
-0.0656508148897864 -0.0942458348887764 -0.00443246022474146 0.11495761882871
-0.0394748635271865 -0.191349534286717 -0.078403584444044 0.430378842326816
0.0773966866168144 -0.0349584965242192 0.0837271569824029 -0.423500250073339
0.0524813057755973 -0.0861006662626386 -0.0655740763738747 -0.196004230556983
-0.0565517887149993 -0.0743510635786631 0.0565181356856286 -0.0159205594906249
-0.0978310682666571 0.0290925359384017 0.115189777227173 -0.0611193749938861
-0.0224821074957362 0.0750391725984589 0.0994936459042035 -0.219677647197706
0.0310329978890593 0.0584861086390941 -0.0501694873364167 -0.32466875523292
0.071366523063514 0.0295208821254317 -0.191530960871459 -0.312918072610535
0.0813218306447638 0.0340125237065224 -0.257500732576067 -0.2837070360519
0.0767023044891543 0.0457211016045968 -0.222831168130389 -0.3069342586486
0.0317071400619067 0.0782123585904801 -0.0838056623017811 -0.309419435274119
-0.031418471456134 0.0817085073649363 0.0530674722631961 -0.210965858707856
-0.112929543408454 0.0372055858357365 0.0141926276247404 -0.0819592441818215
-0.0645631200422124 -0.0934266422568238 -0.0574386838362096 -0.141831081957809
0.0713276836497964 -0.0948649894537377 4.78869338165463E-05 -0.399799934936838
0.101577393783325 -0.0201331484302217 0.325722729784147 -0.586539302736153
0.124550309234858 -0.211043999160164 0.0748483129168558 -0.39866613477424
0.0259293197693553 -0.241208878490867 -0.0550546332771092 -0.188619229988417
-0.17065300229121 -0.145057773846406 0.0473155792731929 -0.0390985498269091
-0.231780900385829 0.080382575579489 0.0893341181667345 -0.059346493922311
-0.0952939922276409 0.191138606986114 0.0947694427482901 -0.184184529555061
0.0310451239566103 0.192583746951254 -0.0302959151416486 -0.27642329998196
0.143998785302218 0.147987991490035 -0.146567097086244 -0.271452911370181
0.174509923372512 0.139265750073574 -0.203515990356358 -0.246339379036541
0.169322413367795 0.167070954551479 -0.183624969127441 -0.25783803084627
0.0522546729262475 0.245221603766059 -0.0680857552892525 -0.262123999493301
-0.108201291626047 0.233009011779307 0.0388913315551159 -0.179711004765673
-0.295898631705516 0.131369742696313 -0.014346026524742 -0.0718137565392447
-0.256276903601017 -0.18423397364082 -0.0936113624698333 -0.154799989028748
0.0130987632753062 -0.327107934538346 -0.029255309210934 -0.37083869517706
0.160006351683871 -0.27432595779984 0.262559258897336 -0.517296351509459
0.162460585910606 -0.368532030680159 0.0333025845706641 -0.313947489053911
-0.0108303935336983 -0.389886693461567 -0.0435020883158337 -0.140981574991218
-0.285445662769963 -0.212021572318275 0.0491858849246309 -0.0574530133943177
-0.355816942108672 0.131233470958122 0.0619097663276243 -0.0677167923918787
-0.16350299970246 0.296275128815555 0.0689819702738885 -0.139617187458341
0.0239675647661128 0.310143417572904 -0.017662038967949 -0.194762313324951
0.194980717772073 0.25106156195609 -0.0848472486937608 -0.188069381536818
0.241332731013788 0.222734259203202 -0.117969194277768 -0.171796399954484
0.23910231021101 0.257450266526471 -0.113041795414904 -0.170313202386136
0.0736618271165679 0.371778013703642 -0.0356204103618609 -0.170935640010767
-0.15627807397254 0.355972894006831 0.0240450709030839 -0.112200078727964
-0.429840146997278 0.229297349174923 -0.0446229381067859 -0.0387385569480261
-0.424807238244747 -0.226374158440831 -0.127979194880066 -0.140944055096
-0.0687671600623776 -0.499847195324921 -0.056222689349555 -0.296022218042539
0.180909610480023 -0.48267160964862 0.181257626986502 -0.372574832261511
0.181010996143703 -0.484306505264513 -0.0373935379691884 -0.171618064178438
-0.058889481197798 -0.510377291805217 -0.0316830245485155 -0.0428942816282841
-0.392842072818986 -0.258685465607298 0.0584080314474821 -0.0584922364235429
-0.452755104746747 0.178613447673279 0.0308094013208426 -0.0725264135857391
-0.210952677508372 0.377347737431405 0.0284092729138529 -0.0760834972956213
0.0171397639211301 0.392719702203145 -0.00877791107730526 -0.0798700737609291
0.221859753637144 0.320876080788493 -0.0112260856229835 -0.0724119001936963
0.273255764533678 0.272782738384991 -0.0147448342960823 -0.0726858748072647
0.269805000119116 0.305915636432371 -0.021708984487913 -0.0609115356883435
0.0833550387982326 0.437955664284086 0.0117081448174827 -0.0543672743145046
-0.176393567727356 0.426104062337473 0.0145354517089289 -0.0175991289912403
-0.489864222850089 0.296534411265699 -0.0687225589756378 0.0128003908856687
-0.521369342583042 -0.222726439730425 -0.148801513695902 -0.102872998815615
-0.140184798485704 -0.579083945498053 -0.0664630092515233 -0.186585392774891
0.166434417049215 -0.60352243110954 0.0978577526608119 -0.177735970928788
0.170024409675967 -0.534150503976307 -0.126609601157483 0.0159292748195497
-0.106427189405578 -0.563292019925491 -0.018802570314398 0.0974586628933883
-0.453478109414014 -0.268023547016892 0.0668925329766807 -0.0361091157566411
-0.486253650573021 0.205942638326058 -0.00406966518099323 -0.0597845296230366
-0.223487400798319 0.40562546109709 -0.0195979958178035 0.0065780513340237
0.0110602096665182 0.418173652335706 0.00123514938716295 0.0560148381287192
0.214634185620668 0.342455421497487 0.0657345305466577 0.0601829747396535
0.263378771446672 0.281335192542515 0.0904877776502063 0.0382390503437428
0.255482559524844 0.305463093434955 0.0729604147926173 0.0547336806714833
0.0740037460000992 0.430920538166262 0.0630981433483057 0.0688699882117169
-0.17307534213303 0.414766307135663 0.00895069123016428 0.0843275298495124
-0.463534864105729 0.2952066925513 -0.084370616210381 0.0667646949765795
-0.509809331859266 -0.189901182550741 -0.151149067548569 -0.0557111955946732
-0.164823714945807 -0.553198549695106 -0.0569750719208717 -0.0699436168076149
0.130744437211029 -0.616753749046933 0.024091026456583 0.0306888125647206
0.131140952144118 -0.500927719434089 -0.217029755895809 0.220451716547335
-0.13161525760195 -0.515104767015567 -0.00685774187960756 0.252148059859934
-0.425368804372535 -0.226374793293383 0.0687612250274281 0.00616983007341994
-0.421749743074168 0.194979133504676 -0.0359820768821427 -0.0310448118914554
-0.193342306817789 0.353884601795798 -0.0622337031638327 0.09358935498035
0.00571153651552304 0.367471031782424 0.0136935693585152 0.188410540514358
0.177467613035318 0.306949013793638 0.134666545287604 0.185607473146021
0.21277128938367 0.247225888097464 0.18158088663074 0.143639582399931
0.20067365847481 0.263951314156839 0.153908230731473 0.159676608548947
0.04562910200017 0.358433867745166 0.100397456735982 0.177947713051605
-0.155094499339266 0.329606957564737 -0.00222568204977299 0.169696709589701
-0.364780606652821 0.225043971443378 -0.09547254179218 0.104025851929367
-0.398541820908629 -0.142877186848965 -0.139350058416852 -0.0166751050875134
-0.140547598903209 -0.43843709282071 -0.0377488723641987 0.0246430874774365
0.0834597576724834 -0.530378210880127 -0.0323872036127086 0.212889457778708
0.0642432926274594 -0.381278924000488 -0.290488662170789 0.40767158414193
-0.127200836922065 -0.363192064165422 0.00476583079369327 0.385665569794762
-0.307918114496689 -0.135925443980113 0.0678066122303093 0.058328076751288
-0.268354783558851 0.142383883203245 -0.0508472796336304 0.00447229721528101
-0.127652455038109 0.233091987761404 -0.0885286383816535 0.159638750444198
-0.00148254748622602 0.250000268208718 0.0278494580487943 0.287352242561871
0.111006412555361 0.219592249931961 0.18589559684352 0.281575339587307
0.13035215866996 0.174863186310706 0.246180562304552 0.227893819228946
0.117316994479766 0.185009390581702 0.20772831309745 0.242660828366089
0.00995565493541188 0.238775691816654 0.112241020732278 0.257446543289388
-0.116515762835178 0.200840044602271 -0.0242052973009158 0.223189987172659
-0.221054266351788 0.120989394326434 -0.104824040776091 0.114350411617639
-0.235719359919867 -0.0840654000670546 -0.119675799195454 0.00581451558793348
-0.0959053295042715 -0.271301225987153 -0.0193031736600753 0.0827662312318775
0.0260979262650454 -0.373867932257183 -0.0695199679794062 0.340183669243907
-0.0117230365397665 -0.190137964520105 -0.330140843195842 0.539928013075353
-0.0980431479270256 -0.14469028255716 0.0212719920366299 0.475474998526352
-0.134589030053989 -0.0197768575534952 0.0746725560999884 0.107634043893436
-0.0695396769660655 0.0639539365399415 -0.0382580032597899 0.03146637694368
-0.0439126784136388 0.0716182658949023 -0.0926867336589932 0.185796564160011
-0.0135501019836552 0.0908950289121737 0.0402152157240921 0.332491542089241
0.0220635240459821 0.0969003331920578 0.210348391867592 0.330062440180738
0.0270337867376607 0.0765366470207046 0.274789878870422 0.276858525991928
0.0209675141141141 0.0814619497504635 0.226411105072421 0.29053137406174
-0.0177346941137894 0.0950354494451746 0.100398553767821 0.302614803368961
-0.0571499637906481 0.0645349647286245 -0.0527352384865004 0.242702683560689
-0.0636998997941263 0.0279597088634984 -0.110688340480885 0.1046780713521
-0.0788748040143115 -0.0104941633351259 -0.0954741399191014 0.0182096857889842
-0.0625229319971547 -0.0905411440713352 -0.00743316144254247 0.109661847317482
-0.0356486565239094 -0.180443256406894 -0.0856837870610502 0.402636510945467
0.0780147590317839 -0.0331513274528829 0.0832692010692296 -0.414660919494764
0.0531781789872147 -0.0874510972947173 -0.0646089085055637 -0.192654816126127
-0.0566052485987663 -0.0743434877235579 0.0568691765562221 -0.0191395465957487
-0.0990235484293275 0.0300027631045471 0.112214856589844 -0.0618220199570758
-0.0225334916231721 0.0743351637552166 0.0949503955754107 -0.217987200098394
0.0308257072945791 0.0579177370393552 -0.0524663414196454 -0.320953373841564
0.070897869212374 0.0283749726590956 -0.191239596764945 -0.309459326394279
0.0814016206232636 0.0330411654676034 -0.25598750737211 -0.279228644197526
0.0773715295591829 0.0453459668697935 -0.220804912598609 -0.301833372432507
0.0316920721558466 0.0785748758470924 -0.0828790019902713 -0.306794634116685
-0.0323524864463419 0.0815173671961687 0.0540047960608424 -0.207585377556181
-0.112120170480706 0.036907991386556 0.0152807127562055 -0.0779959461067437
-0.0631807766230373 -0.0941455485551536 -0.056332815589954 -0.138335506175977
0.0725753947305388 -0.0932797150025491 -0.000388865349038253 -0.395641218139514
0.102420014731694 -0.018116980645171 0.321167601919139 -0.574530049807925
0.124936449689287 -0.20356636143545 0.0730893341658761 -0.390630011619705
0.0278679451639393 -0.239354744471807 -0.0537192215663639 -0.186145541956849
-0.167027835596412 -0.142747960358378 0.0478320788211894 -0.0428915358599092
-0.228841960577702 0.0805181257521097 0.0865527162423184 -0.0606768385208333
-0.0935475873704045 0.188846858949296 0.0897568816077708 -0.183659854026667
0.0312403665279951 0.191261274140633 -0.032876503182535 -0.27284487500788
0.142848974249334 0.146450080387689 -0.147066831344008 -0.268038086982424
0.172993007163237 0.13654575237942 -0.2012345619104 -0.243157366552168
0.168986068810067 0.164446723957532 -0.181177720464056 -0.253375392219506
0.0526635020367897 0.244671645040224 -0.0673292729673755 -0.260091780157833
-0.108014849024897 0.231076308557236 0.0394690692994625 -0.176889038638439
-0.292113848542652 0.131481670286957 -0.0122160734275687 -0.0689657403980668
-0.252759265473363 -0.183354797291583 -0.0923610147426523 -0.150107471387106
0.0161390035241623 -0.323821827804514 -0.0299411866654673 -0.36786165283071
0.162106776059763 -0.26688567431217 0.260184876663891 -0.507794312399533
0.16193745340154 -0.355922606230198 0.0321148630428079 -0.308814204854167
-0.00747453732713791 -0.38522518431908 -0.0422121834251685 -0.139392316294249
-0.278510608250717 -0.208427275283129 0.0496438217115531 -0.061814412184081
-0.350010888023655 0.127915707464331 0.0582250493403945 -0.0693664061668496
-0.160250081114071 0.292767600584774 0.0636879084526149 -0.14064625861603
0.0250400065536878 0.308886849943346 -0.0199747855227017 -0.192410282680875
0.193153314306346 0.24815229609595 -0.0851384534781015 -0.186279169139022
0.239130079254471 0.219230659698075 -0.116685867359618 -0.170960570513261
0.236754658967443 0.253209518520894 -0.111260676957652 -0.167530897423708
0.0749959319813989 0.369600278506744 -0.0351543455960315 -0.170388134706216
-0.155502261300739 0.353607208325594 0.024228502653658 -0.110450797179232
-0.423352343062898 0.228561531835171 -0.0420660780167382 -0.0373630182391371
-0.417281467282602 -0.225417056778975 -0.127025766293047 -0.135135261170082
-0.0639354079776442 -0.493942829761334 -0.056010655358736 -0.29373150561342
0.182803652400325 -0.471202915849863 0.180588661443342 -0.368170236294476
0.180428256901143 -0.468696399065962 -0.0384761504850023 -0.171520447176392
-0.0550336436408496 -0.503604255615621 -0.0305671897287052 -0.04372151207676
-0.382125986068287 -0.253222933340412 0.0592317166512925 -0.0637129989083298
-0.443810850075116 0.175390486422496 0.0276064899440343 -0.0752579002152377
-0.206580834499757 0.373315488865773 0.0228010916912684 -0.0796351713155294
0.0189757826774836 0.391363560748644 -0.0105805885828366 -0.0785736667004567
0.217915494422562 0.317436516067417 -0.0118548399907699 -0.0719578738042901
0.26960165742464 0.267382416037959 -0.0140986255188977 -0.0732362790169295
0.2663409032474 0.300848470566148 -0.0204368170275824 -0.0596625244234662
0.0840686497645951 0.434004770921645 0.0118561201596785 -0.0551707748258475
-0.174021505067029 0.420791206091279 0.0144953336249994 -0.0167418707379019
-0.482223882827647 0.294394056315166 -0.0654998128903745 0.0128053773699108
-0.513149485386956 -0.221473849833917 -0.148076285407257 -0.0969998694658944
-0.134070002646871 -0.573457227035013 -0.0668168166819749 -0.184483861496442
0.168873567708917 -0.588672660624193 0.0987250922885451 -0.176029826429037
0.169224200938714 -0.520716001856631 -0.127472532538016 0.0115155681337131
-0.101349885340617 -0.555520863761301 -0.0179558629287347 0.0944322604588272
-0.442859024246915 -0.264607015486685 0.0669331803557011 -0.0408666070442641
-0.476407471696471 0.202635220422399 -0.00689102966452495 -0.0640557152635101
-0.218020083989524 0.401034339411491 -0.0242735242940513 0.00198756348744984
0.0130812957262684 0.41478720199404 -0.000448389338894828 0.0563746588462188
0.213907880198285 0.33792765589242 0.0648937433645069 0.0588809685938706
0.258776281517422 0.276583948284768 0.090140930867728 0.0354048961476274
0.252049214177019 0.299550743573109 0.0737295708862847 0.0538377800549206
0.0746757398860834 0.425876172021187 0.0624043278659519 0.0669415355662874
-0.171504231290752 0.409906639098635 0.00879457314105215 0.0846659664917753
-0.454456960679194 0.293097471514471 -0.0813215010221183 0.0657919817787181
-0.501304719734516 -0.188220052609753 -0.151102991650872 -0.0502534022240504
-0.159278759396433 -0.547429676436648 -0.0576658078491733 -0.068487310846935
0.133341860033407 -0.601893118059582 0.0268429768312449 0.0288418619910262
0.129730940984879 -0.488093105985314 -0.217839541204109 0.211501937169321
-0.128280327802618 -0.507392062998393 -0.00670982660673451 0.24732320331572
-0.418136589293656 -0.221657279716858 0.0689276800438932 0.00240140253634227
-0.412855870534815 0.191454777363415 -0.0382715661613835 -0.0350008221533172
-0.188238028987254 0.349864784023615 -0.0655356842770421 0.0877046395426147
0.00835240054266223 0.36560635325873 0.0128751389912801 0.187478307559724
0.176053401309483 0.303935295886289 0.133605438475441 0.18295633876467
0.209105780931985 0.243758864598821 0.180292858835562 0.139107502573024
0.196463163530073 0.25922384514071 0.153942945042268 0.156711627877309
0.0458929718616088 0.354925095635079 0.0999154881823048 0.174612089665784
-0.152446448277555 0.325702177186826 -0.0021118798128673 0.168678440994569
-0.356165000502516 0.221919498530054 -0.0929787381177533 0.102181174470774
-0.39111158529574 -0.1405851485044 -0.139401274444944 -0.0124509318822349
-0.136120270893342 -0.433599641883553 -0.0385636711932535 0.0260924744426047
0.0846798283980122 -0.518556509398579 -0.0283921938400396 0.207605942811343
0.0637536366656042 -0.371638041800785 -0.29098571739066 0.395430006253545
-0.124801179207925 -0.35809458357986 0.00480003553295656 0.378890479127177
-0.301930044461799 -0.133017715564494 0.0677265611464974 0.0557688325077839
-0.261965737724302 0.139409128810818 -0.0519745164611494 0.000840840556285526
-0.123696908821848 0.230493662184439 -0.090384680504654 0.153503255012975
0.000664636507313882 0.248657460840767 0.0274475194482694 0.285419435992023
0.110350842352785 0.217553038338487 0.185025347953454 0.278180594526502
0.127570065351585 0.173096130165551 0.245270847690684 0.222125013564376
0.113470104650571 0.181953341913544 0.207209231218634 0.238084710506019
0.0111204514357345 0.23518404294654 0.11155258258651 0.254173116248156
-0.113172426729003 0.197740650647233 -0.0236526912090967 0.220674629665519
-0.21449044474065 0.119402883322986 -0.102320488259427 0.111868415191328
-0.230973997677273 -0.0809349324764857 -0.119767489865587 0.00870865425754779
-0.0943710270529173 -0.267489208328787 -0.0203223588949067 0.0835362593111892
0.02667100924179 -0.365659421317046 -0.0645375827396305 0.333385095689938
-0.0125210033085124 -0.186867611885857 -0.330237715955714 0.525007302204625
-0.0968623686618356 -0.142022611011684 0.0211710429174505 0.467730392286928
-0.132557303329784 -0.0183940323281663 0.0744023981248048 0.10581392506395
-0.0670657760640134 0.0618974102516709 -0.0386476857663076 0.0283084468195842
-0.0425789197497834 0.0712340028022693 -0.093112893406608 0.181014709849223
-0.0125695272899809 0.090647947454339 0.0400888369722126 0.329744135565824
0.0220406240742531 0.0953859742296074 0.209849885832281 0.325655275982055
0.0249516071583739 0.0758558670503552 0.272427993198234 0.271070836174949
0.018546046336675 0.0797265360390696 0.225659817793946 0.285347750282269
-0.017167342341473 0.0920323133431759 0.100886932134901 0.298730564799835
-0.0544705453422415 0.0626152672868071 -0.051177785821536 0.240386541956988
-0.0603279266324986 0.0277924353945773 -0.107818806129537 0.103123787038819
-0.0763884153832768 -0.00781068952899701 -0.0951746075307235 0.0201495172299285
-0.0624735303847538 -0.0885779599491571 -0.0081963561022231 0.110132295523874
-0.0363701009816246 -0.176704530936613 -0.0801461550958277 0.394429365580902
0.0804908480202876 -0.0327247192850992 0.0838324008867805 -0.417254293111798
0.054757896497636 -0.0912758383202619 -0.0652042408005221 -0.194681495160403
-0.0577165500175962 -0.0756537367276161 0.0578288420629571 -0.0230169353594148
-0.101739087097361 0.0319023293640198 0.112215539717651 -0.0646874848946431
-0.0234540212844271 0.0755839312277484 0.092876530699239 -0.221288241418912
0.0308469782804093 0.0586389363350397 -0.0575837923871785 -0.325002807603722
0.0715892255704863 0.0284700493810264 -0.197534932358827 -0.312645724420344
0.0839556781908621 0.0324900013849446 -0.261305053265117 -0.280517006902374
0.0806830238598492 0.0457646833146222 -0.225510949041079 -0.303805218266062
0.0329598237242193 0.0811888381532127 -0.0840265822436346 -0.312102450037141
-0.0340252149359002 0.084648769437294 0.0564238103044941 -0.210219396069314
-0.114839694284081 0.0382782497226129 0.0168391291819346 -0.0765606930117447
-0.0648530447935207 -0.0970334311164871 -0.057255244437097 -0.13923552064968
0.0761084005575481 -0.0953106109183787 -0.00271263409591418 -0.402909092046374
0.105919911279866 -0.0175903053327862 0.322571589495002 -0.57999212549062
0.128189978361712 -0.202532597334653 0.0735693310391823 -0.39223943167454
0.0291670013577192 -0.244536837611675 -0.054260675019917 -0.188085771272213
-0.167868549927615 -0.144295746166014 0.0482262302241742 -0.0490048712567537
-0.231731492569108 0.0834469098502636 0.0844183836796852 -0.0633351249813767
-0.0940451998332031 0.192350363849642 0.0860551816962008 -0.187056392180823
0.0330828862013823 0.19464520835638 -0.0372689876181096 -0.276604380782352
0.145750953588389 0.147899935186532 -0.152535330968118 -0.271487093922382
0.176764246831745 0.136658688917695 -0.206345610836536 -0.245474107887967
0.173145971474506 0.165805794766121 -0.184630626226826 -0.25515094015043
0.0557713747155605 0.249604545744335 -0.0697776534506765 -0.264625993322762
-0.109813678638674 0.235905956004769 0.0406746597529448 -0.179353509630726
-0.29597973052589 0.134747280179028 -0.0114179005464553 -0.0679068540662322
-0.256265992164443 -0.186910059230712 -0.0938739969026661 -0.149578894192159
0.0188801003192165 -0.328788151563093 -0.0318194950868232 -0.374082762388612
0.167290723036052 -0.267414082824994 0.263187149326926 -0.515017534612419
0.166227309106357 -0.354898004089443 0.0307590887163066 -0.311866748131333
-0.00499798382748793 -0.390733534488613 -0.0423562995830536 -0.14125323509743
-0.279062502347561 -0.208797193500585 0.0501591207358449 -0.0690265323032458
-0.351898442983234 0.132014759612445 0.055973906688661 -0.0730707150983303
-0.160156608049033 0.29746939787782 0.0591972711649462 -0.144868378285442
0.0286741242720631 0.314273435322575 -0.0235451594786742 -0.194009564759943
0.198048559608496 0.251435383950695 -0.0885890277965253 -0.188481557742682
0.24314128156035 0.219782397068885 -0.11951936847793 -0.173499665742514
0.242194248725837 0.25510734800082 -0.112258190578979 -0.169483760335622
0.0798428335813031 0.37564887497257 -0.0362449693901221 -0.174153233345372
-0.157728013332191 0.360255209506834 0.0252405299946703 -0.111132284198017
-0.427213993002327 0.234986582971598 -0.0405936241568247 -0.036921459417248
-0.424281576363747 -0.229652283806304 -0.129226908131682 -0.133162267159147
-0.0622578493433558 -0.501432992917092 -0.0591838478341041 -0.298464239076637
0.190485008329133 -0.4721304825656 0.184006089462282 -0.372669084804578
0.185473282599353 -0.468361669942781 -0.0415555999911529 -0.175143471978118
-0.0534325248487626 -0.510932365934736 -0.0303502008410726 -0.0455589292503106
-0.384395979007873 -0.254687502705081 0.059535036878059 -0.0709275359762128
-0.446353467803047 0.179182441603758 0.0246688906903537 -0.0795639260176209
-0.205759251782055 0.379701036129923 0.017621603756148 -0.084163105450307
0.0228043881230817 0.39820986752134 -0.0128792145243045 -0.0784905841253485
0.22435277111902 0.321654919470323 -0.012941886618667 -0.0729086621201619
0.273897719200963 0.269468854212727 -0.0147543017450572 -0.0761482568299718
0.270982108955356 0.30188775560144 -0.0191642003227058 -0.0605221089033415
0.0896304228722402 0.441845781364914 0.012240239732087 -0.0572906590214461
-0.176437532222858 0.42914572719455 0.0157031790186172 -0.0160437218144075
-0.485232209381098 0.300864261630465 -0.0641036854356668 0.013081137021067
-0.519649736537439 -0.223639567855585 -0.151039012624471 -0.0933612837250121
-0.133581233272087 -0.581788629871391 -0.0695344747988977 -0.187246887638735
0.175661300009705 -0.592006821761056 0.101120809573679 -0.178948816897449
0.173863863537063 -0.519766577470962 -0.13223031482075 0.00748678731978905
-0.101499753039793 -0.562717402789601 -0.0177059705639638 0.0941661142042294
-0.446339291876299 -0.266296004346288 0.0680782543498691 -0.0476297248149254
-0.480232364639149 0.206838163854439 -0.0102962090116179 -0.0684289865599478
-0.217539240545582 0.406371296137984 -0.0301575628146054 -0.00244928148514928
0.0183550636907863 0.423346458189339 -0.00159520970454501 0.0584386808083547
0.219554296940305 0.3425674637162 0.0657871150430408 0.0589077281699665
0.263282870714138 0.280484564649449 0.0915789012443575 0.0326248774106416
0.255997661326935 0.302515228319431 0.0768242788220725 0.0535124264855084
0.0792973090066008 0.43323338720748 0.0644436073836265 0.0662974085836466
-0.172525080817659 0.417281592068958 0.00961109389003793 0.087055991184003
-0.456566583361999 0.30110446290983 -0.0801584297107687 0.0668767376068539
-0.506620186743707 -0.189188790250777 -0.154305000294416 -0.046143606053359
-0.159903036131731 -0.555741845606347 -0.0602754843749473 -0.0688485872883224
0.138180072996684 -0.603356158065839 0.0304675225776806 0.0267415643240485
0.132605461702055 -0.489212398136304 -0.224207864761975 0.209206464805736
-0.129440072810199 -0.514104363115672 -0.00550110219938609 0.248241404049202
-0.419306857947991 -0.222709857598731 0.0706888668837228 -0.00201583043595034
-0.415916688600436 0.195156475395116 -0.0414965096291632 -0.0388601447156912
-0.186805007745249 0.355921288274276 -0.0710326890675257 0.0844795058946562
0.0123526270568623 0.372664604658891 0.0130318593494332 0.191326194551971
0.181552864343478 0.308283884456486 0.136758337118683 0.184639956114776
0.212527113594814 0.246139589802552 0.183996012757681 0.137266349274809
0.199078324842974 0.26033475640253 0.15867030371533 0.157768756704602
0.049802201541952 0.359374023339038 0.102834254502854 0.176259268472113
-0.152580970857123 0.330887908602833 -0.00099292796008906 0.172340235477355
-0.356785203633462 0.227333004944335 -0.0918214185538362 0.103150529889212
-0.394938100135825 -0.141202490125247 -0.14283121953309 -0.0075336629630924
-0.137791962054338 -0.439205199153079 -0.0406635120178666 0.0275616167209521
0.0876387471662261 -0.519456720608097 -0.024678929078368 0.207989666688935
0.064947884586451 -0.373789429194155 -0.298260754383868 0.394925904477217
-0.12781668192812 -0.362148139313731 0.00630538251478826 0.382109177094191
-0.305015899751307 -0.131981000699391 0.0696093706371229 0.0538742399162154
-0.262893888423502 0.141129467188228 -0.0546632713112599 -0.00241485149536201
-0.122061728671309 0.234071867792821 -0.0946496553051328 0.152781079187518
0.00388441309782818 0.253342422074234 0.0303374817573398 0.290484320100115
0.114275600286096 0.220585703360859 0.190148066405269 0.281077138578165
0.129271395898278 0.174753840163114 0.250302170580243 0.221649152009252
0.11415149420336 0.182672919562352 0.212199750741158 0.239438686790453
0.0122839261338873 0.237475251728278 0.115833852130428 0.257499434972016
-0.113073504723368 0.19962125759263 -0.0223394754252958 0.225401650946571
-0.212866099294878 0.122586689859984 -0.101636017610186 0.113722957957662
-0.232133869916925 -0.0791172094357739 -0.123316016920375 0.013128649487952
-0.0962331605254693 -0.270457038834189 -0.0216989590541659 0.0864921957167333
0.0263278082580151 -0.365937380918135 -0.0600431792208372 0.334245660120633
-0.0137125989176711 -0.18864672596572 -0.336572404451104 0.527626186859816
-0.0994464257993879 -0.142852253450204 0.0226361622662631 0.472855816138083
-0.133803483741129 -0.0169593586593671 0.0769049246700014 0.106873058300449
-0.0655717001433171 0.0618354095634002 -0.0402529349200744 0.0261155047701947
-0.041412937500144 0.0725753934694481 -0.0962449819677559 0.181676320597158
-0.0113320977417385 0.0921608798686059 0.0431270695328281 0.335428586325733
0.0239555406447898 0.0968903727798644 0.216669836799059 0.329490757738593
0.0248393508867227 0.0768061542031722 0.278602587459621 0.271798509614027
0.0169241052350262 0.0802473699756159 0.231444306389325 0.287279686837137
-0.0175748113174572 0.0919400407964001 0.104679058180834 0.302406303137753
-0.0533154742314847 0.0619976292330678 -0.0497884786554321 0.244435878271304
-0.0578729666068512 0.0277268275333785 -0.107181480172587 0.104312323698992
-0.0758617750422868 -0.00488637830426134 -0.097795465526319 0.0229369158081685
-0.0649077309696091 -0.0885852627013175 -0.00812434792283095 0.113334055666949
-0.0395408586591724 -0.177061696203636 -0.0760937165802251 0.396625580627505
0.0843408874002817 -0.0346765901410894 0.0778211701767945 -0.427715948694026
0.0547179400801493 -0.0981920504091856 -0.0710628858466646 -0.198248624920421
-0.0623691511793508 -0.0774029287514239 0.0587764084715108 -0.0299144257913889
-0.106041442471085 0.0381978126013116 0.111433514142395 -0.0709585772845621
-0.0225997782202295 0.0795486206028475 0.0853854721307189 -0.22931623048282
0.0331859424205374 0.0602272521800814 -0.0719118738584115 -0.332913953783067
0.0744561498103883 0.0271105530848089 -0.214732248363602 -0.315674211638149
0.0880673765447981 0.0301627452288402 -0.27825058882047 -0.279955963563332
0.0859477090554443 0.0446094996744585 -0.24054835080461 -0.306323240466462
0.0370419702431055 0.0849306693981808 -0.0956142357007853 -0.3196909173192
-0.0337019732905041 0.0892904141655854 0.0551433556877411 -0.218727451370385
-0.118413946696772 0.0430380623544732 0.0168041170572703 -0.0768721016457832
-0.0698021037027867 -0.100025416728954 -0.0620545566288768 -0.140871182811595
0.0781072779574472 -0.100956073866511 -0.0139732315223608 -0.416416185178125
0.110656233457019 -0.0200296571558532 0.31661559830178 -0.601777719364646
0.130751739966252 -0.208617513635868 0.0653763235576234 -0.404001710968942
0.0259969507286982 -0.254965857483834 -0.0595644389964014 -0.192113385147619
-0.174837863776894 -0.144532697791896 0.0480406598509772 -0.0571306675982168
-0.237076008064933 0.0932445034792085 0.0826567921414064 -0.0690974460797706
-0.0911481485777231 0.20144720661385 0.0791779720565313 -0.195245931054225
0.0399637067250133 0.200873182133961 -0.0490106308789012 -0.283434194217571
0.154400824082383 0.149014206482122 -0.166773387593252 -0.27504615641477
0.18684378703155 0.135279951706572 -0.220548868549084 -0.246314072285028
0.184790468329179 0.165019534304887 -0.197546251592457 -0.257927409029191
0.0664460513873575 0.257553534858219 -0.0788098703656319 -0.272619195770578
-0.107482320197997 0.247526499969263 0.0395815562808189 -0.185294099441466
-0.300958810322686 0.148100148025946 -0.0113711940730984 -0.0683227275662085
-0.269035245089491 -0.187723612508038 -0.100096401100326 -0.149128529074667
0.0137998470971208 -0.340401555338697 -0.0438683969144042 -0.386128991558464
0.169406743106595 -0.276855582090517 0.25810038130434 -0.534995467744565
0.16675963722351 -0.364720695587155 0.0222857592709912 -0.321608761756824
-0.0125234675594936 -0.404818500903043 -0.0463497580617261 -0.145221591380294
-0.288135815776691 -0.208208147233185 0.0491631454054514 -0.078186166959693
-0.358616176136294 0.145355892809808 0.0522561337913629 -0.0791295243383852
-0.15562512733795 0.310875465934376 0.0519976191259973 -0.15221727417147
0.039748348880061 0.324744688294306 -0.0317345589578658 -0.198067259954343
0.212055064850456 0.254364253556323 -0.0982589235265377 -0.191562525783377
0.257150852666498 0.219133354052342 -0.128662581788359 -0.176512992775456
0.257517577380623 0.255055370706833 -0.119308702046136 -0.171012713561159
0.0948602123047463 0.387370047411399 -0.0423312688937397 -0.180065029692657
-0.154438693446036 0.377179650422016 0.0252717182834789 -0.114503969146345
-0.433465863104833 0.254172090190275 -0.0408373315745377 -0.036318783793781
-0.44325774404189 -0.226256845414976 -0.136231273217373 -0.130261108091197
-0.074928866731087 -0.518257737205675 -0.0702123253630035 -0.306150575926787
0.187403467451861 -0.487768075166516 0.181057424911233 -0.386730114873759
0.18305598687339 -0.47942406529046 -0.0497501679939222 -0.180462911986132
-0.065718620470417 -0.523676847896882 -0.0315867648243365 -0.0472170543198187
-0.396395096612066 -0.252373877004214 0.05859324079625 -0.0807282965209608
-0.454180536903338 0.194750881252971 0.0198849002210978 -0.0852819937534581
-0.200143080258947 0.395945071070562 0.00964407981075608 -0.0896671192681837
0.0371088227622387 0.411147364344266 -0.0175889642342291 -0.079067103837628
0.241849429823671 0.325841358500185 -0.0162395921701032 -0.0749968725562114
0.290843061298603 0.269928347928367 -0.0180342341829848 -0.079980354713768
0.287700440211897 0.302449752366675 -0.020279860427284 -0.0625229515078084
0.106997238019468 0.454374546602807 0.0110262441781201 -0.0610330422764227
-0.172165833389896 0.447748066149882 0.0178749715445888 -0.0157701621081179
-0.489949655617318 0.323379482476135 -0.0641145495723406 0.0152182778511042
-0.540248148505095 -0.220058107290285 -0.157953994453486 -0.0876800411793025
-0.14908425507199 -0.596948251557338 -0.0780100748623517 -0.191644953965854
0.171414746137125 -0.610869345848079 0.101607485870637 -0.187896058256561
0.16930779778515 -0.532626558587304 -0.140054339421492 0.00795534750723463
-0.115761590689638 -0.578637383919898 -0.0155194634323706 0.0956282813745062
-0.459821307455983 -0.26036186627929 0.0684848182064635 -0.0560524620697478
-0.484873557315957 0.224488517010148 -0.016397412163111 -0.073900741640102
-0.210795151443961 0.424849931569655 -0.0373570091438737 -0.0057870432787871
0.0340488051555585 0.437252537199955 -0.00148707670726671 0.0615258509407811
0.237905783420691 0.348809706862284 0.0695705386651698 0.0582005943300212
0.278387982246576 0.280393170143501 0.094373070963448 0.0286620530179363
0.272305794983064 0.302524689648228 0.0821441050504095 0.0525796124997962
0.0963179609192679 0.445688655841702 0.0678784477051773 0.0655642148812634
-0.167894643930019 0.434729131520135 0.0137751913045921 0.0909990882367112
-0.461521091946739 0.323330613623183 -0.0791386900890589 0.069854030261464
-0.525149661457671 -0.182652573047626 -0.16144147847969 -0.0378207461922824
-0.174661895312242 -0.570044714849725 -0.0659563830384429 -0.0684948659665556
0.131038655694895 -0.621522283188954 0.0341675683541904 0.0247299443344842
0.125979301263478 -0.502547816658403 -0.230707194278502 0.216533575183977
-0.144552819249134 -0.526430455012967 0.000563693770192356 0.254512605403492
-0.433817716444769 -0.217741582749897 0.0725196032942958 -0.00830435441660639
-0.419842654355127 0.210313390585894 -0.0470969833974112 -0.0427580757501383
-0.18155820030154 0.370877314919511 -0.0765325315090533 0.0851540315839242
0.026541854830471 0.38446719739874 0.0185289199038977 0.198405415109062
0.198164519021476 0.312440380736958 0.147822466804906 0.186429221733458
0.22516518679714 0.247237284781325 0.193305559605597 0.134197281168749
0.211087013445547 0.26240614296918 0.169807911854382 0.157583163417746
0.0621884846668402 0.36950082526103 0.111446737217111 0.178191985420809
-0.148756996834199 0.344999323640949 0.00489342122773741 0.178945732850323
-0.358448662344878 0.244557615574842 -0.0908358865266107 0.107702278341742
-0.407700510779304 -0.133456991972 -0.148628397955809 0.000731279317066347
-0.152154983319158 -0.448918001404698 -0.0428537243877304 0.0306302874781264
0.0800479738618591 -0.534772857613233 -0.0165771493551226 0.211045682221667
0.0589626125870347 -0.383340218983718 -0.302553503049818 0.408628918743215
-0.139807971712948 -0.369990396465824 0.0162684238567575 0.392115154047309
-0.314525980056068 -0.126526097432255 0.073506393892447 0.0508635429370939
-0.264390461583797 0.151128014440122 -0.0583327929913661 -0.00411960530100049
-0.117944593561697 0.24360311546082 -0.0978188418322137 0.155741145303635
0.0136422611467971 0.261605440792184 0.0392892908486718 0.300053992812071
0.125485532289933 0.22408424942309 0.206069927799672 0.283600406456297
0.136970706144218 0.176680298624558 0.263596501741767 0.218689468376752
0.120077067581028 0.184650154628024 0.227323156157739 0.239542650927961
0.01984480753569 0.244008623160873 0.128082520230924 0.261715426905263
-0.110604985618402 0.20832082964188 -0.0158936560149509 0.234118200931389
-0.212524725187062 0.131644165239777 -0.100764107358243 0.119053292625934
-0.238540062281241 -0.0735967586560623 -0.127598964714197 0.0207204903797648
-0.105816094704915 -0.275348736919049 -0.0210429415345229 0.0916840407749586
0.0186964904739747 -0.374596549344065 -0.0496910751727316 0.341723990672724
-0.0200885713031225 -0.193327351313678 -0.339286908335957 0.545913618745494
-0.106615869991819 -0.144538106862262 0.034836423771647 0.484318227536724
-0.137468848242393 -0.0123573900471221 0.0834193769218585 0.107203046222133
-0.0646304408626236 0.063631879799348 -0.0418116681339104 0.0252527704806275
-0.0393094583673078 0.075058039684186 -0.0968488578435854 0.187307800618213
-0.00778046885115587 0.0957022107417128 0.0545733310523909 0.34546564134253
0.0278292984362636 0.0988614302288052 0.233759875088668 0.332563340347728
0.0267455693665395 0.0792097456236955 0.29638597733208 0.269596391018441
0.017140892835736 0.0822493800999758 0.248050385927933 0.287796728552298
-0.0159882938726322 0.0937311317245584 0.118848771312197 0.308624325397358
-0.0519427494444937 0.0631254459873109 -0.043253983847485 0.253596063426269
-0.0556430961576518 0.029294455746586 -0.1063008590342 0.110116551614592
-0.0758565493835284 -0.000476346223319165 -0.101173600782317 0.0290430798440715
-0.0700643726556038 -0.088022568747935 -0.00610776837509444 0.119141474585571
-0.0459621966829529 -0.179787734757388 -0.0634720336652988 0.406013977178752
0.0866242826876611 -0.0401802347984713 0.057409347408293 -0.438667449925257
0.050793498831168 -0.106287352908812 -0.0828624250497938 -0.19890410561669
-0.0694823511107376 -0.0770833842839265 0.0572158159884613 -0.0382333071892552
-0.107667126686633 0.0477762015736606 0.106693962465125 -0.0809155696833768
-0.0190913726672485 0.0840270534452643 0.0715738639967588 -0.237572771069296
0.0372096000119467 0.0598856418800043 -0.0968455386222164 -0.334339681092107
0.0776431192446124 0.023498354726764 -0.241202688653304 -0.309479008761787
0.0928421475355592 0.0242494637838547 -0.301784623869683 -0.267896340621156
0.0928420425653639 0.0393224750850758 -0.264552342692313 -0.298537489388027
0.043994440878162 0.0856307820555989 -0.11668884614832 -0.323419531693773
-0.0305708809017241 0.095041612394329 0.0459281420227834 -0.227495653851956
-0.119587230195822 0.051762731435516 0.0145180566249193 -0.077199901722186
-0.0773872552249134 -0.100350017872199 -0.070619676143597 -0.13965345232467
0.0762225004541318 -0.109395565980442 -0.0405975954002653 -0.426602573546909
0.114424975212469 -0.0260164366615592 0.290281330949434 -0.629702129330512
0.125163818289169 -0.217181155295439 0.0452892825658586 -0.414565910139565
0.0138076602729599 -0.26408094367973 -0.0707327527543783 -0.193233023261735
-0.185551130888495 -0.138560872427988 0.0444184218925061 -0.0660421233289883
-0.236783253522718 0.110681163748611 0.0773495255862638 -0.0771828757281669
-0.0816828912904553 0.212219860364838 0.0656382352116783 -0.203429186637068
0.0536231850257867 0.203914469097981 -0.069784638797165 -0.285837344832039
0.167898297993498 0.143301003367722 -0.188521846908507 -0.270037128520213
0.199592920700106 0.126024169888113 -0.241481158863765 -0.238385864272116
0.200766923528352 0.156950880750031 -0.216781311111754 -0.251331230990213
0.0857052456971526 0.260510875309618 -0.0968432991351772 -0.275501398264807
-0.097835972026163 0.261679768851022 0.0319686198785992 -0.192315660629861
-0.299418161942606 0.17019254890321 -0.0140914901855587 -0.067567689080808
-0.286297857818014 -0.178498157106196 -0.110728492742266 -0.14512618875975
-0.00281422103182452 -0.351201316245235 -0.0689609999658761 -0.393704292780915
0.161800756707102 -0.290567221002232 0.234032300063844 -0.556803284443299
0.154786764424143 -0.377048104645817 0.00402592004687247 -0.32958993604596
-0.0341346357821244 -0.414914529853242 -0.0543424396317793 -0.1467240113818
-0.30371487612307 -0.197151287742047 0.044345013125999 -0.0890248546067227
-0.357499419056134 0.169187072390739 0.0446784676818911 -0.0860297187603224
-0.141442188921265 0.327450511362471 0.0385313937756247 -0.159244644475864
0.0609168988861409 0.331070488656279 -0.0464747679680622 -0.199108119560159
0.23433005708052 0.247781160046717 -0.112929316886757 -0.189444056268132
0.276655514302633 0.208192934018908 -0.143468456497047 -0.172920966409757
0.2793514420817 0.244375638771575 -0.131915845038097 -0.168369080246633
0.122321002140243 0.392322107822726 -0.0537454875490585 -0.183021076373201
-0.137662093098414 0.397146075831925 0.0217421031371074 -0.119033821550947
-0.427414644153173 0.286507508206589 -0.0425366937097562 -0.0346982079587302
-0.465835136652042 -0.208948865370569 -0.146887156725281 -0.122078732685302
-0.100694560412613 -0.527324859102242 -0.0922039736240631 -0.311110071407745
0.169065196584657 -0.505429138275074 0.164832156814892 -0.404926245606117
0.165191879272901 -0.494942456198 -0.0639224392196884 -0.182132250453032
-0.0931985721729044 -0.536164676996817 -0.0342482591826469 -0.0476155811355415
-0.415028458114728 -0.235484162047459 0.0537412369017129 -0.0922203527312141
-0.450855204958267 0.225291987334406 0.0111293255686264 -0.0911109473466881
-0.181244938670337 0.416694792118999 -0.00193293704882067 -0.0944975519926299
0.0645789163752805 0.420423821290675 -0.0245160311886729 -0.078369583632497
0.26866916349411 0.319063094288521 -0.0218190813632068 -0.0753954484307534
0.313153699612318 0.25816020204489 -0.0252165352543807 -0.0818235078151429
0.314218721028684 0.290780371545299 -0.0235471096350861 -0.0631024227081799
0.138790923267189 0.459604356320989 0.00799857779637569 -0.0643240902506658
-0.150700244634149 0.470141901175088 0.0189419788208863 -0.01682098722249
-0.48089665572402 0.360323476317429 -0.0632396497201471 0.0189411804803595
-0.564745967271753 -0.193828903399848 -0.16648351762907 -0.0763846142525824
-0.182952359248915 -0.606445808262526 -0.0936964229007925 -0.191281503821193
0.146962640439378 -0.629547137023562 0.0954630198360571 -0.199173994463952
0.147521666097392 -0.548408777765697 -0.147516572802665 0.0136772271999516
-0.149881345939681 -0.586271484231317 -0.010181669674461 0.0968388514912769
-0.478907159371719 -0.240043083003168 0.0654656226336577 -0.0671541560643055
-0.482037307183261 0.257169162856237 -0.0252150541709765 -0.0773675718787525
-0.19038991031376 0.446092364155067 -0.0459889314101716 -0.00637431405821619
0.0628247069471788 0.446686917659132 0.000865378600386974 0.0649051826679876
0.265093782212097 0.341740202034085 0.0745568667819932 0.0557814684877534
0.301928019965699 0.268851560819855 0.0968859984037463 0.0217896418945056
0.294380113966868 0.294137731963473 0.0884894403915829 0.0482681437926781
0.127007295719423 0.450841982182878 0.0745569969220223 0.0620442058667435
-0.147568646859519 0.456812506097836 0.0214205720299698 0.0929863231174707
-0.449768098245145 0.357285775757596 -0.0760855055534352 0.0752214860329062
-0.546672389705041 -0.158435469453734 -0.167179121048732 -0.0244401316455741
-0.209718323483424 -0.574284325102599 -0.07317234825831 -0.0655400020632269
0.104675800979543 -0.638529019375304 0.0381872634025528 0.0206810284590533
0.104719654873646 -0.516552580075285 -0.23052645587398 0.230222023963445
-0.176644476364718 -0.532012542452797 0.0147867569667478 0.258745958407424
-0.451614749794246 -0.196131201644083 0.0728824418021528 -0.0175575557826329
-0.414733345955026 0.238959117754577 -0.054358795156195 -0.0446141566711261
-0.16277288207343 0.389710375203459 -0.080861695231319 0.088217810496631
0.0524852704222272 0.391951919068506 0.0298728244710033 0.20382905792034
0.223002567442255 0.307738706648464 0.16282207476242 0.181213174893043
0.245085732240902 0.23964233698433 0.204126697995322 0.122659415692895
0.22961681527008 0.255379593082378 0.184191342233149 0.15005066987241
0.0877059746034625 0.374466008826758 0.125594359609747 0.17542604274189
-0.132393690993175 0.362212822924853 0.0172913035573862 0.184601890670148
-0.348274589037642 0.270092805480318 -0.0860791625051673 0.115178671761743
-0.422323696586435 -0.112612548952223 -0.152692206807573 0.0144884812283058
-0.180129126135282 -0.452142897833406 -0.0433823111564078 0.0355523428121625
0.0551374498400535 -0.547454323854243 -0.00288274819598618 0.212920010134476
0.0391264396884464 -0.392388277032866 -0.292929692764195 0.430919990745663
-0.163740601511624 -0.370748717403804 0.0378983955626098 0.399820213073688
-0.326519743387725 -0.110115739938391 0.0784425368971866 0.0453255857286591
-0.260041808694735 0.16828916495152 -0.0629134498272263 -0.00350882482012826
-0.105644115726722 0.255827405602043 -0.0965975100937285 0.162213195316436
0.0317243438908967 0.267239888130478 0.0574693882943414 0.306543316887755
0.142934514246555 0.220907496700926 0.228019118311006 0.277481457360376
0.150090597376491 0.172745773872691 0.282588727294775 0.205891512253814
0.131997987573862 0.181533142177732 0.247370902607779 0.230049491141347
0.0343423501258281 0.247687318802698 0.14795205855367 0.260394877303048
-0.100305556539536 0.218460071859563 -0.000432229655790042 0.241461904887326
-0.205653500685728 0.145090966141215 -0.0954408154264816 0.126871697371797
-0.24532136287947 -0.0602713667293661 -0.129949460466803 0.033015359815213
-0.123233910924378 -0.275106443016516 -0.0171242931541281 0.0972941507568782
-0.00104674681710663 -0.380950294850107 -0.0279816441939425 0.348586639868267
-0.0326786439891025 -0.195859415555416 -0.324294018814712 0.573244552598344
-0.117981906051706 -0.140774366334388 0.0626717373052384 0.493689369063874
-0.139848358133267 -0.00332957775891949 0.0918636391918418 0.103481459544783
-0.0607924959099306 0.0668650146396747 -0.0434066756905098 0.0260761460586273
-0.0350972840147071 0.0782360160754015 -0.0921441768091335 0.19476689901069
-0.00112912254338035 0.0976791765495357 0.0763195753996178 0.35089710644036
0.0350040521613332 0.0983850295878191 0.2607540535589 0.324675029982495
0.0312084370148474 0.0798476898499001 0.318372730676665 0.255560517166668
0.0203804983370209 0.0834649513599335 0.271355257993846 0.277837238327246
-0.0122672356367335 0.095555027952858 0.141365625228937 0.308819719971769
-0.0489926572102092 0.065862580404471 -0.0283296416679242 0.262775994901555
-0.0517779956740427 0.0315662625292045 -0.101735633766935 0.118910170062164
-0.0749427513574756 0.00647149790391691 -0.102244339382745 0.0392473323427039
-0.0773471382983441 -0.0850237612608228 9.95163541822483E-05 0.124510142400351
-0.0582350928181252 -0.179417509149627 -0.0395757571558964 0.414362484263988
0.0935544862027602 0.00477743993367942 0.24169138617307 -0.375068945190099
0.0924694267191335 -0.0747469538223072 0.00757216977004579 -0.214790083470644
-0.0318258001596511 -0.101616265780496 0.068209016389744 -0.0114245798210334
-0.120562152808129 -0.000502545702459215 0.130070035836965 -0.0271251727931165
-0.0573826146421972 0.0697984725021364 0.166215365138322 -0.183199998380379
0.00515254702155922 0.0723330760208881 0.0544329663952493 -0.344895188827206
0.0585179428241441 0.0528640918232158 -0.0873596835529766 -0.381879181349628
0.0744799740845142 0.061465588792713 -0.160489755548764 -0.365755366182498
0.0670132241988201 0.0747707717106559 -0.116643716479804 -0.376919248555377
0.00372769877731085 0.0962409346558966 0.028847534701395 -0.337572447753312
-0.0697291014863569 0.074197863519081 0.13704304553044 -0.184882033995479
-0.130246855509629 -0.0039372065975046 0.0430438195277838 -0.0612145052140062
-0.0274572057840443 -0.127957003987401 -0.000848194150414441 -0.158249075685359
0.117501266505619 -0.0734456244697337 0.152522552327711 -0.404594766285819
0.115324440371594 0.0248296857694528 0.549913516012499 -0.428726879051873
0.205882091613508 -0.136862432222019 0.215040170377209 -0.360168979094006
0.126035078532119 -0.23370673087763 0.0149398604429604 -0.200225475443727
-0.109481564578181 -0.207234751098756 0.0686375376433092 -0.0385248473553769
-0.262004333722504 0.00155181647396467 0.102957096226896 -0.033440723830487
-0.168131610897946 0.157894475791495 0.151780657133295 -0.151355371815602
-0.0396680486138911 0.209685607608348 0.0624817950841328 -0.289240632726854
0.0906062299371718 0.200671448795474 -0.0546990315989423 -0.324995766236275
0.128988732421908 0.200731339909295 -0.116693529517119 -0.313241202034716
0.115475661451012 0.225260284662801 -0.0926477972062192 -0.314121456570432
-0.0298822393979923 0.273154877581995 0.023752712486352 -0.28562035248601
-0.200599995367639 0.199480651285617 0.103813680398511 -0.158315247223563
-0.340642481966363 0.0278904986235738 0.00702429977190077 -0.0675491714134885
-0.181947937137601 -0.288605122390578 -0.0353844679577066 -0.186053340835439
0.148524575212746 -0.325838462831392 0.118258334953416 -0.386851177069498
0.270183204237953 -0.192723976122672 0.469739793945044 -0.388870330421701
0.302242593271081 -0.26697374789301 0.135066249863142 -0.302191117573673
0.147257530904173 -0.39013589059596 0.00869813819499003 -0.1467500570589
-0.189583705531552 -0.308961849877491 0.0786023099978227 -0.0560588081628736
-0.392892456245897 0.00467435653089335 0.0787332263087156 -0.0515458766651292
-0.270019025540992 0.236288606046902 0.112386349392598 -0.120906345523667
-0.0855615472765605 0.328324726029226 0.0502370464826518 -0.202388682679526
0.108186552199545 0.324314965148658 -0.0186608389150226 -0.220455294528229
0.164035262268678 0.309142567529527 -0.0553551888684089 -0.215140756805554
0.151281249992838 0.336585499735604 -0.0500523138281038 -0.204046237233704
-0.0491339079652233 0.408258077876268 0.0231306746124147 -0.184717833489833
-0.293195786370178 0.306023803483684 0.0591714150649995 -0.0961925017715927
-0.501400273458764 0.0800174896351909 -0.0379178077045773 -0.0509894556599229
-0.330646120042068 -0.392048452493078 -0.079922688144565 -0.184422192483816
0.134819117662497 -0.526214704778012 0.0655231093265326 -0.32096154802615
0.370625810120102 -0.382011421272333 0.339483682187139 -0.281245854812181
0.365560869019408 -0.369222858227812 0.00492897206381869 -0.20047629723918
0.145838093912906 -0.527141095208111 -0.016456703019191 -0.0441853927092919
-0.27296873092036 -0.392400561563897 0.0895473146309969 -0.050964343619044
-0.49855205697618 0.013909133425061 0.0509379588030766 -0.0689689904730329
-0.342560917995819 0.298678367632479 0.0511727981631722 -0.0788073990009038
-0.117922764661662 0.409875833859599 0.0202073317687539 -0.0845683568140804
0.112351429014394 0.405190866424182 0.016102146989544 -0.0790728608193641
0.176806055224079 0.370911738470713 0.0140086038524113 -0.0845815661073959
0.162772863816038 0.392918585013444 0.00373075305513598 -0.0646688916026211
-0.0600760673118475 0.47550818133414 0.0282923880260311 -0.0518723162694675
-0.335691514031378 0.36735514082533 0.0118778251819985 -0.00445763825106922
-0.580527598714776 0.124635274039723 -0.0821688447139696 -0.0121986026263532
-0.42601456769569 -0.421960954123069 -0.120090825197353 -0.153140566087929
0.0940332004080587 -0.628560489706899 0.013470507544061 -0.214152586589206
0.401709088019838 -0.503096977002963 0.185455120508251 -0.127684215117279
0.375409167157339 -0.42670401555164 -0.158607889543328 -0.0588866366285175
0.117420788138262 -0.60014948756027 -0.0566428298436776 0.100358790627356
-0.330095062675453 -0.42573239164972 0.0907560009480856 -0.0203231909769148
-0.537361381847836 0.0295197681942404 0.0137224130841256 -0.071278546610005
-0.361814394243134 0.321187228057691 -0.0247934426147825 -0.0181388450380474
-0.12972445266357 0.433431719753017 -0.0171661070149297 0.0554651277100425
0.101518437143627 0.425303446581821 0.0480010743858999 0.0802058467859708
0.161671375786302 0.377802181624051 0.0806981041268204 0.0583717859763196
0.144467711716785 0.387496500224065 0.0590515484414125 0.0811391336399468
-0.0673724913584259 0.463798403854973 0.0359863266119467 0.0885291849081405
-0.326420793332461 0.35695121785744 -0.0315608689632199 0.0953797979466091
-0.548919495750156 0.134260285691082 -0.117547971914978 0.0331966048457503
-0.42621815729709 -0.379002436954904 -0.144719675105715 -0.104727001569827
0.0559450848689088 -0.609745788670349 -0.0246124631539015 -0.090711727786565
0.367286424527265 -0.529039484196555 0.0344130389060791 0.0425044612357522
0.323650347252466 -0.418026623460698 -0.327807817612002 0.103413777544492
0.0686990120770977 -0.562680480001071 -0.101755644166934 0.257302583289471
-0.325696139913256 -0.372678509282347 0.0768568468428741 0.0274387546657974
-0.470411631239846 0.0396038436167657 -0.0265427814787854 -0.0552285079221346
-0.311418226943899 0.280905302917858 -0.0990028610159196 0.0510520335014475
-0.114200572404031 0.378394979475594 -0.0515570762873925 0.194039817312255
0.0779216905207513 0.376199332883369 0.0731747756504917 0.231284028499931
0.121511936592994 0.325410488014761 0.135370213579959 0.194356626574121
0.101916357306315 0.325443204582413 0.103515793039266 0.21176144256648
-0.0722432446739956 0.376792664740847 0.0371810183052644 0.211171298191081
-0.271973347441532 0.276730546155699 -0.0717496875298747 0.176232814968286
-0.422636576256687 0.0992062689379286 -0.138768107676724 0.0651302774749984
-0.332278363402056 -0.283527586901647 -0.148875412537481 -0.059398287483571
0.0301016967178149 -0.483533092987282 -0.0451379153500028 0.0151282083296846
0.281267879682049 -0.466359107601644 -0.0916959614150582 0.194700129170444
0.212087164272987 -0.337767880329531 -0.469231909763012 0.259232886882092
0.0113049729647254 -0.413377031495065 -0.138474432417626 0.390428965829203
-0.248888608935486 -0.240134603364157 0.0548903800386596 0.0827538663367771
-0.301492243716836 0.041476268109187 -0.0532441376978659 -0.0260189123465364
-0.200995083463474 0.184200751202435 -0.149979068136526 0.108089210427136
-0.0798726906843986 0.255208156431613 -0.0731942994633221 0.300279220617877
0.0418924181574324 0.263972456949015 0.0918102155411597 0.346271791714797
0.0638400485046439 0.223385145308328 0.170658909068423 0.300386288636552
0.0441942520249627 0.218101850827254 0.128462911829837 0.309274538056013
-0.06804397516349 0.240007000108447 0.02406503904386 0.294587096344617
-0.181465893095185 0.157825002026784 -0.10796691326739 0.21863228247434
-0.242081811408544 0.046806511716537 -0.146726709333691 0.0725351257496566
-0.19514201172571 -0.156920082928512 -0.135837146208784 -0.0285164463359775
0.0044649478226181 -0.298346689034968 -0.0526049985483705 0.0826719907320381
0.159338354393899 -0.341643292420226 -0.177573996142017 0.301946107637268
0.0627223267216677 -0.193662849212419 -0.552725891507922 0.378678073199195
-0.0449042094863173 -0.184695010339909 -0.152773795507227 0.479726736418148
-0.126119733502383 -0.0625465299113968 0.0424208424214334 0.13617690255745
-0.0802873600201108 0.0331385093773404 -0.0495590642493635 0.00408760586720122
-0.0615285824310857 0.0541937238042036 -0.16650690824648 0.136364908997813
-0.0382502122348518 0.0875500497691509 -0.0796852776826487 0.350053581650091
-0.00612624852210635 0.106056943889932 0.0979381697229517 0.402927363542039
-0.00497157650533769 0.0871684453407331 0.182012561019785 0.360285572143904
-0.0157815556116724 0.0832803642762192 0.130078161968832 0.361000628099548
-0.0484192230685819 0.0812729892152372 0.000105306804302623 0.33556935680243
-0.0700457947723181 0.0394480390676399 -0.135891217310769 0.225334057273127
-0.0566882876083611 0.00826327946451766 -0.142056086401467 0.0630704770050071
-0.069564183443419 -0.0227287623064349 -0.11252633185976 -0.00770464883181769
-0.0356224191852087 -0.105887754759944 -0.0531682232085808 0.114570845751255
0.021823893039589 -0.184800732936874 -0.21964599138364 0.354119162857234
0.0932257274686258 -0.000949689630673694 0.214230796686271 -0.378662119325281
0.0857964159498551 -0.0819446269819358 -0.00549311720176706 -0.20952857093806
-0.0386468270219218 -0.0986805385886589 0.0648385115057878 -0.0204441607303202
-0.119108620952761 0.00989888770436868 0.121491851549027 -0.0365911823145007
-0.0520252317029159 0.0730314795820294 0.147114021335991 -0.187149359254343
0.00915446798648795 0.0712514087692148 0.0277161823579373 -0.337927630660258
0.0605454660796729 0.0483302407909199 -0.111836319602523 -0.364408439985791
0.0774409509991082 0.0540298604577885 -0.180076104896749 -0.3431151747122
0.0718129084391331 0.0676528217768666 -0.137284430186383 -0.357723318753615
0.0105119809746977 0.0947273424033909 0.00572761050157515 -0.331929190105155
-0.0644554354173245 0.0782202652383723 0.124070126713179 -0.189173399852022
-0.127959278456799 0.00468541730434587 0.0389271271369487 -0.0590647150946441
-0.03498329879904 -0.125069641922525 -0.0109692786290395 -0.15320770524025
0.11236894542073 -0.0797547000510878 0.120391841329423 -0.404771177554719
0.11570782533755 0.0181423812200434 0.506432616733317 -0.445938634512723
0.194696441587358 -0.142743461871371 0.186483745704072 -0.362210889421355
0.109824077885826 -0.237822384157236 0.00291016817742442 -0.196343621279035
-0.118186744524039 -0.195506296302799 0.0636463907071732 -0.0475536078599519
-0.254606690177322 0.02100281538223 0.0939923783501981 -0.0407750972122519
-0.153716928540683 0.166725485008105 0.133682047532591 -0.157142063746626
-0.0245441021933466 0.20830556952589 0.0395516057360928 -0.284748923921559
0.102639225630915 0.18978009048553 -0.0753458213495089 -0.3114374601287
0.140068010298874 0.185746738489982 -0.13450747663992 -0.296568577156135
0.128709665937872 0.210516075104591 -0.109535390316663 -0.298977120588956
-0.0100114774543131 0.269114269795307 0.005567537324534 -0.281044130810189
-0.184284119089558 0.208529172023513 0.0935163006920014 -0.161479520680916
-0.329166523328607 0.0498498119242582 0.00299733115425799 -0.064248988309239
-0.195026217982685 -0.271483465944621 -0.0461263627818552 -0.17697791748571
0.127550722057889 -0.327395380994324 0.0876342472614108 -0.385106509212054
0.254620524828276 -0.20163860318259 0.431782063695613 -0.402378367834238
0.281543931643738 -0.272955911388061 0.111340509512823 -0.302189844556092
0.121408363260975 -0.390953890738695 9.29668908055894E-05 -0.143856869652213
-0.199381356857121 -0.290755909932043 0.0720901935330943 -0.0654387412038656
-0.379941232092024 0.030273415592526 0.0689640828386551 -0.0583446039461033
-0.24713394065354 0.247902306360884 0.0965441337298712 -0.126188137993754
-0.0604755749673168 0.326655173312725 0.0330188579013378 -0.199006310880832
0.128055335198672 0.30885328928858 -0.0329265618844498 -0.212149745067817
0.181487664184607 0.288609514352172 -0.0685342505594449 -0.204819071816502
0.17002131018437 0.31686492509679 -0.0611243139440103 -0.194454146691042
-0.0197675438613553 0.4012997944919 0.0108044431136486 -0.182857081361565
-0.26737308211898 0.319711316851788 0.0539313641360788 -0.0977077822243989
-0.482540257929711 0.109163695771795 -0.0402973243696649 -0.0455232779631587
-0.345703765369082 -0.362802722162475 -0.0899438295880948 -0.171370701112297
0.101975673699309 -0.521632366155868 0.040427655461187 -0.31814868084043
0.340948702984966 -0.389221618384029 0.315122018570843 -0.293401049055311
0.33662252435753 -0.374865325315864 -0.0102078990875748 -0.196606525867235
0.111415488704723 -0.523619362663717 -0.0182545859320024 -0.0435270378255749
-0.285039763619858 -0.365250291756081 0.0830482344219397 -0.0613291784087343
-0.482774288193197 0.0463532541513604 0.0412645113552201 -0.0735571496886732
-0.314292546923157 0.31356945573756 0.0385455926292899 -0.0821212036860486
-0.0867997911121942 0.408127237197309 0.0114764228543031 -0.0820345793457617
0.137329491572275 0.387374648031067 0.0107082067054092 -0.0775264214734424
0.197154294820093 0.347739675187924 0.0070972414310042 -0.0837093579952547
0.184184126946172 0.370312559706767 0.00106035836672028 -0.0626558374767336
-0.02719910412183 0.468094613837829 0.0248439803167272 -0.0537079207983342
-0.306835036041169 0.382133227936382 0.01380953933564 -0.0047459140707012
-0.555102623846492 0.15940899130422 -0.0809631539074331 -0.00594269715174664
-0.440299961735729 -0.38551017974917 -0.1284440176148 -0.136606115822127
0.0558827791148642 -0.621022423573681 -0.00343596933298257 -0.209765879284638
0.364186780878738 -0.509238647121628 0.174712210645906 -0.135974309049615
0.342000990077352 -0.431938991934904 -0.162288155313016 -0.0502638480343967
0.0787634362719601 -0.591114427350303 -0.0493334516522974 0.0989518572335058
-0.342977157351671 -0.391703022921726 0.0863697621031612 -0.0313653210825923
-0.519189085997065 0.0629679055232023 0.00499575520107701 -0.0737664564952923
-0.33109393991808 0.335787275477139 -0.0328613708304948 -0.0195823595549385
-0.0945660482868312 0.430199828853113 -0.015841753497348 0.0573662036243807
0.12826345379593 0.406938209625326 0.0521425775330677 0.0751668650089705
0.182089095107265 0.355772229589081 0.0811856833456587 0.0510808380443991
0.164524701980843 0.367497344631699 0.0641794136569431 0.0758948491336334
-0.0349130362265587 0.455816870189338 0.041759185126822 0.0836654420897702
-0.297029725041666 0.370507306344498 -0.0225778871747641 0.0958988072802136
-0.524163315173189 0.166897794557451 -0.111814183553512 0.0401754606612024
-0.436055282603927 -0.343031202009562 -0.148909965818601 -0.0873430669489436
0.0184358626748965 -0.598405833387914 -0.0322737072726653 -0.0857011638374709
0.328738874300041 -0.532726683661138 0.0380417339198147 0.0373477201197616
0.291363411344376 -0.419969529646886 -0.318000358470903 0.116456724281857
0.0330610856203718 -0.552325051695745 -0.0838672906273913 0.254884153056385
-0.333892859281659 -0.341274566695199 0.0762553329193893 0.0181489888636189
-0.453192382571596 0.0696561069745355 -0.0324678997622682 -0.05573917071359
-0.283938167427359 0.293954843476079 -0.100349060776227 0.0517328764870221
-0.0843128242154859 0.37628937928743 -0.0394467509242815 0.194000451320748
0.102448995796883 0.359808446221758 0.0875615835601467 0.220617891366069
0.140664662397946 0.30813838641733 0.143334468485418 0.178986092316384
0.119222196702335 0.309704523402594 0.115699927771833 0.199462995698907
-0.0455611450896994 0.371960086582027 0.0507209922089739 0.20245696356595
-0.24755955537784 0.287728759413028 -0.0564577007242671 0.176558502888409
-0.401033608789623 0.124357334059905 -0.130854492332209 0.0723072067518434
-0.338345967306566 -0.2530287803753 -0.150774349294576 -0.0435216461148279
0.00054333550981482 -0.472842400364201 -0.0456517403891874 0.0192082241970101
0.247377919747308 -0.467952714387141 -0.0745420710230317 0.191955632589612
0.185268345180279 -0.337945517482579 -0.446306903768018 0.276541609052674
-0.0143582175011084 -0.402773348505799 -0.111070891847157 0.387503254671488
-0.254036801705931 -0.21574587501746 0.0593310946621988 0.0746870773264358
-0.288499539110229 0.0587587514852895 -0.0552379197240777 -0.0250631877765395
-0.183038918285995 0.192416700813504 -0.144648168367778 0.111263080057353
-0.0589268338126784 0.253317846366864 -0.053391714171022 0.298659704882701
0.0590715550106472 0.252612043650529 0.112138252668289 0.331050311110151
0.0763220730701943 0.213203265998005 0.184615631060058 0.279621563345037
0.0551788256093279 0.210019684683623 0.145741699193534 0.292335590755286
-0.0512746984472865 0.236573296408585 0.0439268245741724 0.285886559727868
-0.166206509629571 0.16475439993376 -0.0885813322422333 0.221084511614906
-0.227809896893623 0.0606387855660906 -0.137934479825003 0.0802324714935684
-0.196145805015135 -0.138177227971493 -0.135792942670836 -0.0147041905459286
-0.0139713446295402 -0.289753165163157 -0.0471121452172657 0.0859434609959188
0.133848076301529 -0.339069340741815 -0.150477233111644 0.300800022169681
0.0468684801803443 -0.190861263241304 -0.520329688878737 0.397177712814753
-0.0557657140871237 -0.175588066116385 -0.119490527235809 0.475887877180304
-0.124943484579279 -0.0506938527971734 0.0510516120712477 0.128968260915856
-0.0743740775801262 0.0358767441894451 -0.0485543136029842 0.00439578246091435
-0.0557973085720907 0.0561067866450857 -0.157464081761839 0.140328424950027
-0.030824232408994 0.086924077890262 -0.0557566259031858 0.346726242568981
0.00171008125176034 0.10264275045439 0.122566959974944 0.386610508225065
-0.000275978933817209 0.0855646760912505 0.200219880993963 0.337278901877374
-0.0121515043935591 0.0827339242237064 0.151146470183489 0.341934751282641
-0.0427897769298823 0.0812729037156004 0.0237653788666889 0.327275566221991
-0.0643324777355048 0.0408629449723489 -0.116547124152878 0.229429002622182
-0.0511463299006464 0.0103469109609534 -0.133208248292382 0.0710441965401469
-0.0666860688372675 -0.0144391486971748 -0.111127272816403 0.00364665159092622
-0.0421951504854486 -0.099077457741052 -0.0451093796934905 0.116484841308599
0.00844206282156078 -0.179845733948555 -0.188081133425755 0.353770356391012
0.0913013890448757 -0.00530226792002885 0.191064504845261 -0.371570145944278
0.079487308705525 -0.0855427064605781 -0.0133131469355241 -0.202166277763586
-0.0434096549285471 -0.0948815969156579 0.0607715861531943 -0.0266634627730773
-0.115248161222444 0.0176013126476972 0.111641210078031 -0.0424380498376344
-0.0472598522334028 0.0746878752003484 0.130755934150526 -0.185443171258503
0.0123407521770289 0.0694682512144788 0.00900672723685704 -0.325106526885963
0.0612969734151722 0.0447009769222699 -0.127258352958509 -0.34461985263251
0.0781349878455306 0.0476459418058927 -0.189479406608256 -0.320716895673254
0.073855820782402 0.0604660819402324 -0.148209379744865 -0.337424335713098
0.0154875605508517 0.092085578419778 -0.00862108986302926 -0.321370141470846
-0.0596604986208117 0.0802370944605376 0.113466801932001 -0.188106220452134
-0.124422525904744 0.0105556531176944 0.0365057678108789 -0.0557532246177789
-0.0402286869165659 -0.121508030372833 -0.0169355666389056 -0.146042561230446
0.106809200723163 -0.0833497389878203 0.0945777170859471 -0.394463375143631
0.114339027289368 0.0128947979918082 0.469686811698208 -0.447238217172135
0.18412729917129 -0.143306208755285 0.164657274894749 -0.355478465212992
0.0959601395789472 -0.236307608315053 -0.00551295627727293 -0.18981211598456
-0.12074241012857 -0.18452582652712 0.0577126047448472 -0.0540371644157942
-0.243662755596878 0.0339291427621828 0.0842097185707868 -0.0453354803279893
-0.140786168840061 0.169033123409746 0.117789451778111 -0.156904277640773
-0.0133557062163862 0.202967901519636 0.0219651716957915 -0.274494439247446
0.109438922084642 0.178470747618595 -0.0881326544573912 -0.295287387395569
0.144180611833428 0.171535840729798 -0.142984011410866 -0.278420726652597
0.135675775733973 0.195247898709625 -0.118003099286982 -0.281774506580364
0.00398790472387234 0.260876045605245 -0.00747552312578189 -0.272564645901236
-0.169163074165931 0.212542821108029 0.084917353462594 -0.160940538940854
-0.315267903384748 0.0631368115633414 0.000662796389813239 -0.0593546681369328
-0.20063983401747 -0.255082398668426 -0.0527093260129812 -0.166467156802171
0.111221600136993 -0.323045472195111 0.0633646041885537 -0.375141579118891
0.240218465229812 -0.202064767641676 0.399844530415957 -0.403883534246233
0.262839888285956 -0.269892953819307 0.0916996595233794 -0.295301666677304
0.10193774307991 -0.383302677255824 -0.00626129045359514 -0.140318401069112
-0.201509764508118 -0.271295810879885 0.0651276617714508 -0.072350101044127
-0.363355303738743 0.0482796535960625 0.0591366864632062 -0.0608471256158982
-0.227434770563314 0.251894679129375 0.0815367332672867 -0.126129819544146
-0.0417936397400212 0.319276763454058 0.0194864991150819 -0.19128725222598
0.140027721458069 0.290661869319117 -0.0422317980902116 -0.201927978316351
0.188966215308116 0.269125556732073 -0.0760270359153122 -0.194140961229843
0.179129267221633 0.295835770248063 -0.0663171780983393 -0.183783870952919
0.00119963702278384 0.389073991913838 0.00176211835309349 -0.178041637016766
-0.244900793037266 0.323587327822012 0.0495811924322309 -0.0973109090237471
-0.460305033163815 0.12778902890149 -0.0400790358288932 -0.0399655227885699
-0.349669572421627 -0.337194983993702 -0.0948104417264063 -0.157882116452895
0.0802795724408655 -0.50950045956361 0.0213943761351797 -0.308130482430841
0.315839306195128 -0.387319305438532 0.291657403848641 -0.294976969128787
0.313039044823794 -0.369573950605788 -0.0218881553864496 -0.189078844424261
0.087307943731484 -0.509416167843841 -0.0197991359463944 -0.0424243691052467
-0.285043632418458 -0.339233162615266 0.075779288076755 -0.0683538346871861
-0.461083318448833 0.0668336691103078 0.031692431445338 -0.075202906338366
-0.288855012201505 0.317077955729472 0.0261073185192756 -0.0827458615617665
-0.0632463347529973 0.398632749944965 0.00494065014791599 -0.0773446359452521
0.152270682634911 0.36504441901378 0.00688034222720318 -0.0741822197570993
0.206051759708836 0.325051863851908 0.00268195336511794 -0.0808394964534763
0.194443215069809 0.348017234062069 -0.000314529558449628 -0.059854824775338
-0.00379526579024766 0.454659104230741 0.0215463208488167 -0.0548883922813589
-0.279061982238021 0.385362205397872 0.0151791386875245 -0.00578538447633054
-0.526575923633792 0.178607736088411 -0.0780827532646363 -0.000825031922926797
-0.44012886206359 -0.354222216612604 -0.129976036028767 -0.121569817158408
0.0303897070572114 -0.602244793710426 -0.0159479059350443 -0.201339586394053
0.333392559549063 -0.501655312423947 0.164233489724519 -0.139665669912963
0.314860220295254 -0.422549956329046 -0.162800607123779 -0.0433701549488095
0.0530288891921422 -0.573302464239378 -0.0436692076654885 0.0964188728117034
-0.342394392569278 -0.362734871887949 0.0805890831543039 -0.0388848045645828
-0.495437060912826 0.0833777073437536 -0.00222163696839908 -0.0744592878709498
-0.302897661913457 0.340038139636412 -0.0406965181027473 -0.0206387045534918
-0.0706148632111439 0.420973200102632 -0.0149909543455183 0.0579791614075032
0.146034696760971 0.384444581206344 0.0544271139721107 0.0706440136966059
0.192041183017157 0.332082796198955 0.0796362686255162 0.0448311860660675
0.177152160977276 0.345445428714133 0.0666392132508367 0.0702373962052978
-0.0117342283761694 0.442396966527686 0.0441702183975471 0.077009005974336
-0.269291494227631 0.372962829650512 -0.0152621429097912 0.0933369802820039
-0.495106183989842 0.184279864443741 -0.106128135171292 0.0448652300620252
-0.434077011895743 -0.311653692391915 -0.14840055251756 -0.0726149267058723
-0.00442937494793244 -0.58060721163467 -0.0381998014744618 -0.0794316583033106
0.296932814056171 -0.523226985459937 0.0407336740310407 0.0319003184555215
0.26455697129886 -0.413669121076839 -0.306550981230776 0.12346148158524
0.0099817151906786 -0.534315139091761 -0.0703712691116556 0.247829472157191
-0.331889353695592 -0.313755407156935 0.0737224299846882 0.0100065971602616
-0.430535696696141 0.0850011666939132 -0.0373288596660194 -0.0552129077279905
-0.259575911730923 0.296339599787374 -0.102387507921518 0.0513772812450159
-0.0613803239306911 0.366655533295796 -0.0315014864252682 0.191185453414082
0.117823252252073 0.34031828008571 0.0956208585784887 0.208862537035904
0.149136758226527 0.289635060815313 0.145146193860187 0.16442523591836
0.128250951078065 0.292993244270156 0.122245016572266 0.186918952310949
-0.0266893059455468 0.359827461042198 0.0594375206590958 0.19211908201623
-0.225490010443126 0.289662845063781 -0.0443168722083138 0.173647761368803
-0.377463981897301 0.137410256310456 -0.122517178516443 0.0761155053559865
-0.335735152984153 -0.227959651189471 -0.148153783697711 -0.0294862638835222
-0.0177115975920054 -0.456217530574131 -0.0450920847961114 0.0219906066277637
0.219005536394838 -0.457581498266752 -0.0606990355278188 0.184826263427164
0.165713835959961 -0.329575068824672 -0.423117195685355 0.282218827561933
-0.0317159204947514 -0.386565184464008 -0.0900663168125703 0.377326440558845
-0.250934097143489 -0.195112791601986 0.060958535684904 0.0672844592802142
-0.273607470669483 0.0682354088145002 -0.0562329278362892 -0.0246703198596459
-0.166900592010713 0.193258508725311 -0.141543937580143 0.110907852009866
-0.0438784084339728 0.246977716582748 -0.0387575064991032 0.291836325120873
0.0704139189136906 0.23891725783292 0.124794544144816 0.313749226494666
0.0831163846246687 0.201519886137032 0.190740510956318 0.259218671078444
0.0615776448552562 0.199772791839056 0.154820963564388 0.274353031738051
-0.0388550420266772 0.229822725006577 0.0572015549387482 0.273276203452373
-0.151506955487128 0.166037293310247 -0.0737819615089365 0.217475747799315
-0.213349540625378 0.0672874301345493 -0.128663274164925 0.0838215836231719
-0.192698257822829 -0.122431323981142 -0.132326554889131 -0.00302685611717157
-0.025168923681506 -0.277288947223018 -0.0430337941638707 0.0861740026207919
0.114406620557868 -0.32888000737139 -0.12896396134772 0.291698580524059
0.0355617411565124 -0.184163826705953 -0.489619719741223 0.401991378953249
-0.0620659717179879 -0.165826501949378 -0.0939620925784065 0.46316664735849
-0.120576043549663 -0.0415296257623227 0.0559067163694671 0.121400363311333
-0.069148731172034 0.0362918278511929 -0.047351128670519 0.00332133815144774
-0.0508322865714225 0.0555908774028352 -0.149769855942324 0.140429461204345
-0.024872305351263 0.0843394600523115 -0.0383989015173342 0.337761126978975
0.00626707904375908 0.0974704807021159 0.137160503921996 0.366136548011291
0.00298144420494471 0.083408348809133 0.207631199425801 0.313958061962581
-0.00977416686555063 0.0809699651023226 0.161754080187199 0.321567234420471
-0.0389379022852399 0.0797196316261233 0.0400314271125446 0.312849072672651
-0.0588958018475902 0.0404730178457085 -0.0994372792308054 0.226939733024623
-0.0456565891654469 0.0109759732740171 -0.123729900492496 0.0748405999056194
-0.0616440668866964 -0.00858787328196489 -0.107478757504422 0.0124688755011451
-0.045501717958411 -0.091495126338052 -0.0386978991025153 0.115687969784777
-0.0011925231629887 -0.171922777285941 -0.163323700923117 0.344909153635645
0.0896638450066816 -0.00768253735467669 0.174566696248571 -0.363098474208318
0.0742896846351061 -0.0883358005111751 -0.0188463434356975 -0.195840779064459
-0.0468772432902333 -0.0913998927759059 0.0566410452761428 -0.0321181910047065
-0.111863223486008 0.0233632050125333 0.102518506255637 -0.0452563668788555
-0.0429890474734894 0.0761764064999976 0.11854600362607 -0.181771812484622
0.0142024217548746 0.068234762786495 -0.00422647712273439 -0.313121359583004
0.0614732723102548 0.0416571530789412 -0.134726192449566 -0.328009135676904
0.0779657390486278 0.0426700749616561 -0.192342296152283 -0.303109733522941
0.0739042123134661 0.0549066940364178 -0.152720161926466 -0.32100543100659
0.0184013301428013 0.0893079568122525 -0.0187369917178035 -0.312098256071413
-0.0561202467622727 0.0816736925223491 0.106364867272615 -0.186529039757264
-0.121211896297539 0.0150657002653821 0.0356537552033426 -0.0524074349834375
-0.0440017408423341 -0.118559432359869 -0.0208928718301919 -0.140222838557086
0.102966265664073 -0.0859842668453752 0.0753575902654541 -0.383949941354796
0.113485248270422 0.0099190235883088 0.43930026586048 -0.442373319845866
0.177121119539334 -0.141772926987634 0.147628422777935 -0.347257271439857
0.0865157889731417 -0.234124781549979 -0.0112073165323557 -0.18382594150301
-0.122162168215502 -0.176413637862591 0.0526834997814864 -0.0591915089318299
-0.234525479395704 0.042424084415494 0.0755228905462553 -0.0472155106016683
-0.130251664859741 0.170392735721595 0.104612318992919 -0.15434318207186
-0.00581383364788227 0.198682811104407 0.010783051827749 -0.263835097468017
0.113083685905731 0.168472296857098 -0.0950959424132166 -0.281806062693418
0.145649658502319 0.160261262382639 -0.146305475100223 -0.263974027819844
0.138260921936636 0.183506963755318 -0.121513673705785 -0.26880042424132
0.0133914276379709 0.25346596169729 -0.0158637058465728 -0.26491548027031
-0.158461538189182 0.213193693106879 0.0796906877406744 -0.158722018997161
-0.303253428616296 0.0720113333147597 -9.19243398042174E-05 -0.054881547086958
-0.20293057312309 -0.243291473962786 -0.0557647505012907 -0.157550913987319
0.101107627466426 -0.317715298136607 0.04724602295103 -0.365003033224564
0.229952723259889 -0.200750566188258 0.376431226321347 -0.399130317341587
0.250780794452657 -0.264113362619534 0.0783056270264328 -0.287192383785821
0.0891975263036054 -0.376425936246903 -0.0106227226563944 -0.135884252890518
-0.200397110153273 -0.257839712429278 0.0585549351560165 -0.0773505755805357
-0.347987091199294 0.0573817164427044 0.0503552773709334 -0.0622029030113798
-0.211465831065224 0.252739122613111 0.0693446114725836 -0.124300781822891
-0.0291836324745837 0.311267436541701 0.0109507373839213 -0.18288659709971
0.146285695596595 0.276175400731658 -0.0471158113932483 -0.193040174242118
0.191309244838427 0.252947291915511 -0.0793375039701225 -0.185059737412637
0.183620870058074 0.279543752993551 -0.068019732162479 -0.175165709214441
0.0146983341520684 0.377678366263414 -0.00412295133113871 -0.174108073902107
-0.227915336820185 0.323003828542175 0.0471904464930775 -0.0966954611603217
-0.441131995625868 0.138800396573709 -0.0393089615979383 -0.0360294031104963
-0.348019332777759 -0.317246273755491 -0.0966405152137259 -0.146843701600426
0.0643042924825664 -0.498206102351741 0.00830813440077499 -0.298110314357042
0.298300115154269 -0.381093238041691 0.274195921542526 -0.292857833941706
0.296706158460055 -0.360865485209062 -0.0299949290521396 -0.182455931016436
0.0717958036652463 -0.497846985414919 -0.0217020138698074 -0.0408135528716303
-0.282234441550124 -0.323198499698666 0.0691357752991161 -0.0736506102206185
-0.440598973271833 0.0784031409398995 0.0237267123909425 -0.0755893156162599
-0.267613326674283 0.317605918294545 0.0151817597502711 -0.08181821946522
-0.0469837610023961 0.388817982609998 0.000108852448902634 -0.0719465288307111
0.160822683947569 0.347733788188271 0.00479769254683107 -0.0712250093182416
0.210161938533154 0.308044940331532 -0.000835952112185777 -0.0783551702195792
0.20079454612239 0.328768978063327 -0.000430944725929309 -0.0580747623779188
0.0121321270797052 0.440870437313135 0.0187639924726573 -0.0550194152518804
-0.258015061082595 0.383514683081438 0.0160228312544618 -0.00698360521125415
-0.502554843889781 0.189048845481442 -0.07509322850002 0.00281355166407199
-0.436390004582182 -0.329979820625966 -0.12985088195897 -0.109801275005305
0.0134562567686881 -0.587077506937882 -0.0249660553620611 -0.192593711659709
0.312418404988149 -0.490597925912175 0.156251788699414 -0.141047881197064
0.297557871243772 -0.413908963787996 -0.16425934551929 -0.038423417280129
0.0348236584172537 -0.557827106644589 -0.0406419560245892 0.0942878546592844
-0.336271425187702 -0.342044592150882 0.0756475939676857 -0.0445965921219138
-0.474294819788378 0.0942823111090454 -0.00891886846437152 -0.0743603552593172
-0.281963209805817 0.33930936886509 -0.0482396111246775 -0.0202064368798949
-0.0527042879035637 0.409387698254632 -0.0149105644412098 0.0598222623994136
0.155221878398598 0.365301141789052 0.0557814756624802 0.0673806262002317
0.196689850041632 0.315426326670461 0.0773538609752213 0.0401673980885698
0.181130748750984 0.327907979757217 0.0689479934934744 0.0654942493900032
0.00317398388085444 0.429357911440036 0.0454783625721995 0.0717776748284046
-0.249467472709335 0.370338932389297 -0.0105392775292673 0.0905768654812359
-0.471032562443291 0.192810200283977 -0.100839384368756 0.0479197660273723
-0.427464571267823 -0.289543837086841 -0.146404579496238 -0.0598224014295926
-0.0193485171277366 -0.563083559146536 -0.0419779011653099 -0.0743064495056611
0.276309819023488 -0.510678349219149 0.0418134197696112 0.0271638027613279
0.247882575278831 -0.401544952372119 -0.298656742999544 0.126069045849547
-0.00538918446819041 -0.518048858962812 -0.0619255160198964 0.24223814747671
-0.326776282294272 -0.294507772935474 0.0714131968331934 0.00371247629647031
-0.411856241328474 0.094030523845056 -0.0409214860776676 -0.055242744051811
-0.241342536018429 0.294427466853377 -0.105561471633012 0.0509375052755833
-0.045831352973926 0.356840212013226 -0.0260149216386784 0.18889791865223
0.125960009526675 0.323698715725076 0.100630830024758 0.199356630139607
0.153486680867754 0.275375114424864 0.144479293651235 0.154058537990143
0.132473053457277 0.279817394350465 0.125965325825902 0.177174072036835
-0.0146672808771249 0.350469457971615 0.0640838993230397 0.183160365556516
-0.208634790897592 0.28810199821516 -0.035395555196247 0.169280005813759
-0.357379442745686 0.143553850269508 -0.116276253238781 0.0782836599451267
-0.328681039663289 -0.210591965033776 -0.14461558615239 -0.0181961070710908
-0.0295786913895985 -0.441995432251699 -0.0453968522738111 0.0245498922170636
0.201578830746837 -0.445068909309345 -0.0512745090024582 0.176536461237126
0.151857470836685 -0.319769991491962 -0.407801851924904 0.282790661873696
-0.0413649845511747 -0.37260690080661 -0.076874199336747 0.36766463584257
-0.244800771930879 -0.180895127781001 0.0612887078625204 0.0608003918240726
-0.260459310070867 0.0726859712274263 -0.0572828970844044 -0.0252785675997048
-0.154882511319791 0.191741654102484 -0.140454595501203 0.110655359285926
-0.0334579169593652 0.239242790037991 -0.0298436608003195 0.286238981049909
0.0759325823022965 0.227148442418321 0.132878770624742 0.299458149747892
0.086701190385534 0.19247985761868 0.191216478763953 0.243601740719343
0.0648196231372559 0.191955403941333 0.160153662300222 0.260317583181725
-0.0311255778590443 0.224219834486567 0.0651810059802472 0.261932478866903
-0.140744787971868 0.164786477540265 -0.0621441731103419 0.21353757461827
-0.200784363816214 0.0702225294919214 -0.121155604623472 0.085037635839922
-0.186899007443162 -0.110882315353365 -0.128870407290957 0.00631458728468785
-0.0317505754288296 -0.266487922380929 -0.0395001449656598 0.0860024504327239
0.101461807866685 -0.31824739621183 -0.114057461969612 0.281464588578352
0.0287500668663652 -0.178077043352712 -0.466420418930645 0.400075896259012
-0.0647808924902466 -0.15775626949462 -0.0775642804575485 0.450382268371624
-0.115464617669465 -0.0351908101484525 0.0588255461073699 0.114290834811665
-0.0648428281520356 0.0351922937205141 -0.0469007421342335 0.00135305131908968
-0.0470947734626543 0.0547638364500811 -0.145944510554877 0.139446856543859
-0.020797743361336 0.0815692801877389 -0.0267549219400122 0.329198088719031
0.00940653906271739 0.0929338397706733 0.145248077526056 0.349355467997492
0.00514358817829722 0.081105877774336 0.209373083965262 0.295796883744243
-0.00823795641954459 0.0799540519188494 0.166960963568528 0.305971662927446
-0.0361374318930698 0.0778834200434763 0.0505716826766361 0.30139140255
-0.0550730156309074 0.0389226439170752 -0.0874122106261074 0.223204618902178
-0.0403143954732235 0.00981984183292996 -0.116424054723054 0.0762771343076746
-0.0567891854460625 -0.00387643152628406 -0.104093933386435 0.0199028696174691
-0.0468819178042333 -0.0858250952721123 -0.034373989302886 0.114072322267255
-0.0073672333853176 -0.164341119045324 -0.145381019493261 0.333105194164636
0.0889689411920425 -0.00931611068328465 0.162417805247702 -0.357415476024954
0.0693791417960813 -0.0904038746876276 -0.0225600968617214 -0.190026515070409
-0.0499331168602621 -0.0884879157671048 0.0526742009722277 -0.0368291951681744
-0.108921487190623 0.0285366414338015 0.0946404109775504 -0.0465089576254025
-0.0392333551605355 0.0767701681077346 0.108896617640193 -0.178854468418049
0.0163161448136622 0.0680924690849799 -0.0148913037191519 -0.303183919724809
0.0626104133390464 0.0389906814377272 -0.140820115579062 -0.315378315855388
0.077916541743609 0.0388376919094012 -0.194275016412618 -0.289423566040187
0.0741815023994385 0.0511111239296925 -0.156264410506013 -0.309249632542148
0.0218861639253608 0.0879657134103556 -0.0256252720600422 -0.305403760142506
-0.0532717770002438 0.0831262478624326 0.1015066259994 -0.185899996303213
-0.119007112029684 0.018572911283111 0.0356069061322138 -0.0492481803729721
-0.0472405860565466 -0.116116221452013 -0.0235478014450056 -0.134809609850836
0.100094422361616 -0.0879624542861352 0.0625448573619864 -0.373900498344744
0.112617883651429 0.00672967647658396 0.418133708371574 -0.436658304587035
0.173386192516323 -0.140882864782861 0.135073006460829 -0.33980358711135
0.0793658671574437 -0.232709124583579 -0.0157275603475064 -0.179523491281379
-0.12387602479861 -0.169528444057096 0.0468822304493226 -0.064129149858537
-0.22615242596247 0.0491311636951834 0.0677363229782698 -0.0484331500413567
-0.121143853398783 0.17151243262843 0.0947224845023592 -0.151752981760757
0.00069197756167773 0.195200688893954 0.00182387552440786 -0.255310145951355
0.11578584660393 0.161037433503332 -0.100366271282169 -0.271488374733428
0.147101899216012 0.151206976758944 -0.149228495138919 -0.252031881456961
0.140437948414967 0.17426780007339 -0.123702971356153 -0.25917913378687
0.0214736503811273 0.247806766808277 -0.0238106305930408 -0.25964296410341
-0.149236555154491 0.214621071900694 0.0751531289052455 -0.158174805001927
-0.293900376327419 0.0787762157190934 -1.74262943777252E-05 -0.0510403206333648
-0.20434045785768 -0.233888852402088 -0.058855798485234 -0.150900599491809
0.0917835010420437 -0.315512049947806 0.0340322400360323 -0.354858794150725
0.222767926558345 -0.199990950572535 0.360081253470141 -0.39641169765345
0.244585962803084 -0.260196922396137 0.067072253358079 -0.280725081302575
0.0793564141648257 -0.370630971914516 -0.0148947657536488 -0.132370743456318
-0.199872580117172 -0.24869636964695 0.0526665131302913 -0.0825200559936368
-0.336432472393311 0.0668760333543506 0.0423649992801592 -0.0623192036060557
-0.197145264794038 0.254164907976632 0.0586783862643181 -0.121895600832572
-0.018573796978186 0.305508139327317 0.00381024804591634 -0.175666067037634
0.151790553037375 0.264657441586189 -0.0509944415838176 -0.186277584775407
0.194697765371742 0.240463037210636 -0.0818872162349521 -0.178023063524293
0.187076375525814 0.267118947690563 -0.0689258458154178 -0.169803607046901
0.0246513250598953 0.370200140998779 -0.00919218309550704 -0.171230324863149
-0.214086410992284 0.324156279091426 0.0450997008299446 -0.0963364972277776
-0.426229348941537 0.146675733266341 -0.0385723598317078 -0.0316339249251301
-0.346571880417638 -0.30195899941819 -0.0981495144821561 -0.138149754236464
0.053754811521274 -0.490941860660553 -0.00260569823743522 -0.289839746901418
0.285861592906647 -0.374924587243036 0.263309538980935 -0.292417927013895
0.286685709350929 -0.35358487426625 -0.0376893876588491 -0.176275435727479
0.0583425256123161 -0.488939366234906 -0.023219052280652 -0.0394637463742056
-0.278789756556582 -0.310748481063628 0.0636980575274906 -0.0792557227740362
-0.426107214495223 0.0875571646483933 0.0160146318068812 -0.0754397870493899
-0.251504063347193 0.318478148767005 0.00578428425021931 -0.0798556932838017
-0.0331701652028273 0.381412613449154 -0.00338777961672352 -0.0668558054210912
0.167445243129053 0.333045382254335 0.0042141412143804 -0.0694073927881871
0.213100979495046 0.294579090109654 -0.00322578145411751 -0.0768827537689078
0.203320584540109 0.315901523013363 0.000785195371242876 -0.0571991281462693
0.0252613435745824 0.430462372792733 0.0159486270434342 -0.0553295163868109
-0.24302432173932 0.384459864274734 0.0173286586871505 -0.00772683658934708
-0.48456672426639 0.1983569039343 -0.0728617758207094 0.00661157832097005
-0.433989153427019 -0.311695158820119 -0.129086208878777 -0.0996613007203517
0.00242006119840852 -0.576675642294611 -0.0323017731988262 -0.1859313509856
0.295452943344692 -0.482971012801736 0.150352177890395 -0.142653238870003
0.285590788087263 -0.405611412584672 -0.165977596624441 -0.0342624947490526
0.0224990051605707 -0.545376308977596 -0.0383043781167496 0.0930445313759113
-0.333208617811749 -0.327853672355911 0.071396083082788 -0.0508206877213022
-0.456575067851662 0.103696764797004 -0.0148468045105916 -0.0747237285421214
-0.265358797829155 0.337240474651091 -0.0559243628894792 -0.0181644672715799
-0.0385769296953599 0.401661756141997 -0.013949471277512 0.062162624381433
0.161696511633628 0.350510228579957 0.0580395420754366 0.0644659502883636
0.200819536539411 0.300584553098646 0.0754435351238727 0.0370574483602192
0.18591542708709 0.316395381895194 0.0712012192296985 0.0612217038829643
0.0150579388477882 0.420688829371541 0.045538880098342 0.0682764958159079
-0.234752185483129 0.371388773677245 -0.00552321412637191 0.0880174254687423
-0.453199732650654 0.200708774728814 -0.097043388593664 0.050137047985206
-0.422347011613606 -0.272544815665778 -0.144437835536333 -0.0494282551229588
-0.0299153556142915 -0.551035551286117 -0.0461281110984452 -0.0698916713535102
0.261009215110303 -0.501588847024436 0.042765604633993 0.0224804453506907
0.235553527436229 -0.394786235166271 -0.294594152828477 0.12901875823685
-0.0178238129490847 -0.506265428722398 -0.0552771706448127 0.238148756933004
-0.322618849361593 -0.280776032945494 0.0691780734456088 -0.00207170517745174
-0.397299227810359 0.100798201677811 -0.045062276494664 -0.0555201915953993
-0.226760773734885 0.294978603794453 -0.109809559716851 0.0516589996708088
-0.0348219846971598 0.348746591088517 -0.0207392917169703 0.188666331169461
0.132226199174764 0.310290760206694 0.10528132124797 0.19167123994685
0.157624669452529 0.264467581169235 0.144000485476559 0.14588764557264
0.137431565694123 0.269451313572579 0.129418143331969 0.168278032477778
-0.00528315988615366 0.343177741512221 0.0674435550697922 0.176607281235945
-0.197007345274891 0.288670248599508 -0.0287155208821316 0.165800309814216
-0.34335132661264 0.149115937617137 -0.110440983237242 0.0798118555655807
-0.323130202178941 -0.196643409393556 -0.141496160686495 -0.00889425615891654
-0.037475296337995 -0.429507931927869 -0.0453579718655434 0.0261318106532671
0.186387190933924 -0.4355524177535 -0.0446696780032438 0.169632427420415
0.14247421454936 -0.312565922199457 -0.396385260912828 0.282883460448732
-0.0483013722102092 -0.362954120426514 -0.0663111890501334 0.361207051191123
-0.238967239735713 -0.170971236083644 0.061705152277047 0.0546067873963257
-0.251141112623759 0.0762825234967557 -0.0591873176405242 -0.0263785012325526
-0.145138881612515 0.190525175336222 -0.141002564595039 0.110040957382924
-0.0250222372603905 0.232729048744096 -0.0214843246194805 0.282887217761065
0.0803545869500202 0.217660121492193 0.139304539093691 0.289088182656113
0.0897083833195982 0.185328707543393 0.192385584238167 0.231631979670279
0.0683594693117102 0.186371608725735 0.164036600860826 0.248870125907582
-0.0244862832713339 0.219984297255091 0.0725511924154034 0.252985697826161
-0.133008971914446 0.163737694695169 -0.053000194169703 0.209593315464178
-0.19059513006263 0.0721314281753162 -0.114926864284514 0.0868314758782556
-0.181167707237962 -0.101508269232728 -0.125236783378778 0.0143625520329877
-0.0370307664022232 -0.2587665083881 -0.0373663177198285 0.0864001036073225
0.0920061464964019 -0.309538376184654 -0.103280295968753 0.272235437391853
0.0231370702472737 -0.172262009934981 -0.449254823275083 0.397137697009151
-0.0671558182648331 -0.151251752127408 -0.0653281856469841 0.441660871727329
-0.111030968832222 -0.0308938662012797 0.0614684835061067 0.108795379761762
-0.0614078500538237 0.0344710406532559 -0.0469645120399666 -0.000737899970238496
-0.0443975816160036 0.0536436878892702 -0.143629819225361 0.138781030676971
-0.0174901313131938 0.0794097641423569 -0.0173750562363181 0.323519764786212
0.0110881092657612 0.0898438558826671 0.151784780868074 0.336939634277192
0.00673073019008647 0.0797993645837872 0.21062275994672 0.281751803383506
-0.00689742887515133 0.0790738950319513 0.171267134166656 0.292800737258284
-0.034583512754589 0.0768477100122303 0.0592066659492721 0.292027029014981
-0.0523543061518068 0.0371708049132339 -0.0774381971075469 0.220505600668624
-0.0364306337327182 0.00793311070572047 -0.109259653235656 0.078099333447468
-0.0514545346833968 1.47621627285405E-06 -0.100756842120124 0.0263690005886628
-0.0479337398167455 -0.0801049037335593 -0.0303558711439163 0.113854106356383
-0.0119771945248616 -0.158416072804206 -0.132655369276932 0.323721224460087
0.0891576227170831 0.0127697835145108 0.220646811117671 -0.311548109671051
0.0824065425387989 -0.0741130058290301 0.0145945772432247 -0.184452879586122
-0.0340626990334792 -0.0913075452760139 0.0578981319793406 -0.031683075516034
-0.107456030443904 0.0123819525703385 0.0936959150380684 -0.0299494009307041
-0.0511983499679862 0.0705931425480179 0.134441121030198 -0.15213017348532
0.0035695305070827 0.0717756792082465 0.0386735790493204 -0.294768977594291
0.0521441364449269 0.0490687441216412 -0.07707219025158 -0.330961124639559
0.0691984350051436 0.0520899670330099 -0.129480702938722 -0.312465653971082
0.062223133608861 0.0633512671246886 -0.0900520873097344 -0.324676575969799
0.00368785130864184 0.0891937689469843 0.0344977139421144 -0.295240329449832
-0.0684092547931038 0.070874322026598 0.133307692905176 -0.157029051187651
-0.118072461526751 -0.00643377885737541 0.0423298669736121 -0.0366347774858199
-0.0223321401325474 -0.124276598361609 0.00129178185278267 -0.13794649256905
0.113114633587238 -0.0675093273317458 0.131885065913431 -0.351846370558776
0.107749426340472 0.0311712309637869 0.506789903899216 -0.341731317712483
0.194858619826311 -0.0933425350718482 0.192440995583608 -0.302040508825855
0.116186620329698 -0.205903914259562 0.0238720344308443 -0.171359566300063
-0.0867434679915944 -0.181267339872727 0.0598298939037564 -0.0604261463808459
-0.218625626727755 0.00954600543923836 0.0675558160622461 -0.03880745900793
-0.145092071732133 0.143901197277004 0.115978834067079 -0.130851524661532
-0.0340271992583559 0.189393811484146 0.0440543822629961 -0.246944905808778
0.082391727924299 0.174622741086636 -0.0467214178576221 -0.279395867973044
0.115135432211421 0.173581739711786 -0.0938546011521405 -0.269061191797843
0.10105254763309 0.193645892219045 -0.0687448678586106 -0.269630827934509
-0.0263012948073898 0.241853633906792 0.0263056646455306 -0.248566603818509
-0.186182078691921 0.178358870977264 0.0985475362914088 -0.131218675843266
-0.294751175354149 0.0151683119629359 0.00213301370170245 -0.0433218315603259
-0.148047540400996 -0.270686662912868 -0.0357129038613087 -0.162472820259402
0.152127900857031 -0.287176106631589 0.102466741966211 -0.340669618975974
0.256381832099636 -0.143704792568744 0.437860435296696 -0.316925353251888
0.285657846165196 -0.192619378707272 0.117006747042012 -0.258320431639078
0.138589904301019 -0.335539061728142 0.0215265851703722 -0.124171978764471
-0.14190104614216 -0.269655636277929 0.0715801108693074 -0.0794069089972
-0.32310566320032 0.00467759555059234 0.0456969440599526 -0.0595934915874103
-0.232416386985267 0.207275682959576 0.0759051327402481 -0.110754829065658
-0.0724067889696655 0.289650212684091 0.0302633891006405 -0.170948283680387
0.0982440354757664 0.278688706046751 -0.0147782154304391 -0.187451468137806
0.144150441204455 0.269651915283196 -0.0438278772676244 -0.186103934051269
0.127041298912416 0.291382017674292 -0.0328036982897139 -0.173452474467339
-0.0446486549486174 0.35766432075588 0.0216755041201489 -0.160595754883393
-0.269040243942598 0.270114211888527 0.0562958124305031 -0.0744462965335052
-0.431758181585459 0.054312965870556 -0.0429085037581214 -0.0297412310284856
-0.270595344974588 -0.367061164062476 -0.0812119484371746 -0.157633262672062
0.15108753740237 -0.463029374807305 0.0565329005221723 -0.287542092491693
0.353467648377594 -0.299460239638624 0.321160009815783 -0.236252814124254
0.3429170347753 -0.273316071861519 -0.0031715402888059 -0.178270857296609
0.140343011251968 -0.448991138604657 0.00136186480954847 -0.0359870519579844
-0.204493310168862 -0.342279306014412 0.0835081505148019 -0.0761615132327012
-0.408912235506162 0.00804657702146477 0.0226295054245423 -0.0795841622663734
-0.294197371501526 0.256085586640672 0.0168443139516914 -0.0811438178099909
-0.0999840430891931 0.356885761613454 0.00158957252694675 -0.0681861696143829
0.101075073236489 0.347068161790553 0.0153671782386668 -0.0625096262042662
0.152130305852638 0.324237568891187 0.0117627830029647 -0.0749191537482353
0.132910002582896 0.341319309142461 0.0121437508682335 -0.0529364526903285
-0.0561720046098176 0.416780509140592 0.0225515708974876 -0.0439045840831778
-0.307927143093469 0.32193773972774 0.0118258623790635 0.00671873885014751
-0.496517089451534 0.0897692146947072 -0.085205349274088 0.00139770698655257
-0.349354873124416 -0.393978030992943 -0.121054993937587 -0.125798812363408
0.121037220496044 -0.554038090900321 0.00759429020284642 -0.193449186682192
0.385252490772494 -0.398114613432615 0.17899202612427 -0.11451337509294
0.350245460241293 -0.324343583681269 -0.153056122815208 -0.0656065404979399
0.114840397168777 -0.510338772281151 -0.0340771777828162 0.0879471434997558
-0.251820798832665 -0.368554096586227 0.087323065276036 -0.0488056201998515
-0.440078618233171 0.0151853370609793 -0.0076456798594533 -0.0858009467748582
-0.309779781819828 0.270698850224068 -0.0536294401708126 -0.0342658567769834
-0.10678213123889 0.373690040639537 -0.0324070747132216 0.0540266663546967
0.0931525015771976 0.361877915937403 0.0421984815402908 0.0774306401979707
0.138632782498614 0.329133940140186 0.0645060667200375 0.0485338504460129
0.116480552039982 0.337733195420578 0.0566272044758417 0.0736958481025027
-0.0642628278684823 0.405179351693276 0.0276309593315202 0.0791155176126064
-0.298209188723276 0.310324869350977 -0.0281786151281899 0.0941256018615958
-0.465263303206759 0.0970091172531013 -0.11608680227154 0.037951784535919
-0.348832535175955 -0.352526913546765 -0.145019596621031 -0.078268490812896
0.0841985304153495 -0.534512844523836 -0.0275596156226498 -0.0818254506298723
0.354047974576473 -0.424316244047551 0.0383035709755267 0.0244080804214665
0.299997864774097 -0.327040581293933 -0.307263969921756 0.0671775145841906
0.0693009093412401 -0.479163404573899 -0.0766425803477855 0.223010951125011
-0.251223454966065 -0.322427990199835 0.0763301824301754 -0.00170081815066947
-0.38395583756716 0.023191501919829 -0.0384786037476824 -0.0728071512762744
-0.265449690758111 0.235730799307641 -0.118346797358022 0.0234486388230002
-0.0942050555773503 0.322899701543814 -0.0611091021362062 0.175229725066697
0.0731583705814742 0.317947137432489 0.0637055390282169 0.209145050688638
0.103238916178066 0.284269004416989 0.108396318116583 0.165021905531016
0.0781445128927335 0.284099728403472 0.092517463904234 0.186892072957491
-0.0690226260302691 0.325913281625628 0.0284903195120494 0.185365036433498
-0.242943667893237 0.237061614260549 -0.0632824739845236 0.16257213614208
-0.349495491103664 0.071241688334391 -0.13203932940782 0.0619203825237768
-0.268245974980801 -0.257105240843726 -0.146928033962898 -0.0351338265414916
0.0524214838612905 -0.419649110929473 -0.045550142352078 0.013653396533614
0.26832364410206 -0.375685881850509 -0.0781858548958503 0.151344140809715
0.194661751551034 -0.2708835775713 -0.434181836621407 0.196918851579934
0.0121601715874718 -0.352488177186369 -0.113184441024723 0.336873211556993
-0.194008589640463 -0.20394272275571 0.0559236357694082 0.0541355160379586
-0.243891100392682 0.024935233549052 -0.0559792213598048 -0.0447721769924701
-0.169880340278884 0.150147873475723 -0.15879604478918 0.075741626776779
-0.0652419012880775 0.213749811259878 -0.0764417911476637 0.266691232074688
0.0400081710191009 0.219187696565657 0.0786054406115515 0.308163056543186
0.0518839801230794 0.195446586895949 0.138485831569553 0.256247974812469
0.0274582379950795 0.19142738721326 0.111344379763213 0.26914368268894
-0.0653036330728007 0.204209188441016 0.01950065192908 0.257163943521152
-0.158604995975199 0.129406970726262 -0.092211328313551 0.196034947320241
-0.190289070946927 0.0284651396903305 -0.132287617968881 0.0644407922947659
-0.149690659698118 -0.134070807269023 -0.130629313583649 -0.00725980238642801
0.0175958917943756 -0.253143248406537 -0.0513028036492734 0.0753613735505282
0.150951488768233 -0.275562652320664 -0.157189241869481 0.241643438954662
0.0533814450359418 -0.16420574304837 -0.507765149260856 0.298438883368235
-0.0421705930981746 -0.157764674338237 -0.133229669455439 0.411933125038225
-0.0989440327940355 -0.0486013877717874 0.0420409504002826 0.109716022481007
-0.0618735951896839 0.0193031654901686 -0.046931971292494 -0.0143420380156173
-0.0504108658703938 0.0386852759364517 -0.166223146492571 0.105020759538496
-0.0304368047794779 0.0686541411472342 -0.0778334559184466 0.30869550991159
-0.00387198589484028 0.0853847202129947 0.0815941848794517 0.355717174146689
-0.00897721904990081 0.0777707725992136 0.146676218562899 0.307470231929503
-0.0229466374950149 0.0746380896703587 0.109675662758627 0.312580759831099
-0.0474521379502558 0.0657669735356439 0.000551664029293428 0.289412079516997
-0.0564597020585396 0.0230236278212386 -0.11450922369437 0.197639792008944
-0.0325092249314131 -0.0013951132873008 -0.120290840371572 0.053929804022099
-0.0463364483397972 -0.00804182293854702 -0.103963450619098 0.010650781234563
-0.0292714813229321 -0.0835272844797278 -0.0512315016468742 0.104994221564263
0.0193981573199099 -0.152949630590343 -0.196145790434079 0.288086982660152
0.0889541315946196 0.0104797978532967 0.208784233976834 -0.30427502882181
0.0774593690730941 -0.075793082630781 0.0098751625023612 -0.179794578240496
-0.0365866863505799 -0.0871813562404592 0.0531604666637995 -0.0358996445568144
-0.104339573880178 0.0169253092770045 0.0864093885639874 -0.0307339157771948
-0.0470421983166 0.0716502716461679 0.124803176580148 -0.14876005168974
0.00595365558761424 0.0711242181066734 0.0290204355833672 -0.284608897569791
0.052993232851429 0.0466466980861942 -0.0833425790199541 -0.318011035361435
0.069348797156861 0.0474909478269978 -0.132380494180151 -0.299631536799253
0.0627175108178002 0.0596538124767144 -0.0938778255038999 -0.313374635811573
0.00715211002808029 0.0871336803263908 0.0260806300610766 -0.288914878830052
-0.0652137505595622 0.0727582789144072 0.127691972011507 -0.156184817441997
-0.115952248182444 -0.00161703288004432 0.0418832270813323 -0.0339279264670361
-0.0261664123392274 -0.121494943747589 -0.00222215257858847 -0.132775975892549
0.109960158205624 -0.0699315931886932 0.115670257049616 -0.342015985287543
0.106691467764719 0.0284306996408547 0.484015632882533 -0.336619724315354
0.190308030827232 -0.0930931319850538 0.179409891219172 -0.29321864175094
0.108444104877022 -0.203850236477622 0.0192129852468803 -0.166212045142778
-0.0879551510750621 -0.173611604896652 0.054037524364277 -0.0647218018378255
-0.211463637024229 0.0166035956614052 0.0597501828391845 -0.0383058889001822
-0.136269628490152 0.144827031239975 0.105712161315643 -0.12773234888493
-0.0274725883000312 0.186082356349188 0.0350139165994084 -0.238279359397468
0.0846809775388761 0.167207050606299 -0.0523856686403811 -0.269456677015995
0.116634072850334 0.164695349558504 -0.0965860615115518 -0.258865082636523
0.103383326648821 0.185011128463375 -0.0717181480968737 -0.261379663878366
-0.0182492938010306 0.235909686310129 0.0190261201893252 -0.243139705553564
-0.176025048831481 0.179802269413879 0.0956724837411275 -0.130807220116319
-0.285663577500162 0.0230120314670749 0.0023985908894814 -0.0398584054480792
-0.14991832232257 -0.260732469735816 -0.0383710566069749 -0.154639684172036
0.143840156169808 -0.283599036517721 0.0886196818909409 -0.331290295145422
0.247597108630118 -0.141581860210022 0.418569933619513 -0.314098767956097
0.276637949955906 -0.188607562461143 0.10552909571263 -0.249974101333273
0.128961894907025 -0.329452954159177 0.0180153253758025 -0.120773258150524
-0.140943295586917 -0.259222805224301 0.0646719370312021 -0.0837045555640808
-0.311055391361813 0.0128231861719347 0.0378109951668763 -0.0587922365211287
-0.219242034032776 0.207103365546287 0.0653359916592807 -0.107465748652109
-0.0618732576652325 0.284166423912021 0.0243039471431579 -0.163950325337176
0.10303862990507 0.267360228300551 -0.0181580929313604 -0.180664967079925
0.147318182289346 0.257553001105666 -0.0466301484506061 -0.17979311432687
0.131333890248651 0.279298254427682 -0.0341438140617606 -0.168946142726427
-0.0336709807052751 0.348437438276456 0.0159562922475289 -0.157415455841621
-0.255533513250931 0.271621132399334 0.0551886154854928 -0.0751419392692905
-0.416570600227614 0.0622817684189038 -0.0416614610403828 -0.0262885214664627
-0.269647759633624 -0.351172678229425 -0.0825054624097454 -0.14856235134334
0.140276706360046 -0.453557632833868 0.0448314612792263 -0.278890271753632
0.340000779333993 -0.293297451399138 0.308058952684132 -0.23579149838372
0.330376875321651 -0.268387768929899 -0.0103048990125776 -0.170579859431659
0.127944193572021 -0.441204022038998 0.000425736869173373 -0.0342049205231807
-0.201849910240253 -0.329283399433656 0.0775019694099048 -0.081828764092027
-0.393426714739534 0.0165260580487653 0.0149911715489677 -0.0787634617433798
-0.278330248274983 0.255414380637826 0.00681689851429293 -0.0780501499392076
-0.0868965941258426 0.349677816350426 -0.000461250666458157 -0.0632136614534826
0.108353582419543 0.332204547883254 0.0150094453002733 -0.061275432220556
0.156651691350009 0.311196033162475 0.00889412635992302 -0.0730618366458075
0.138285039164186 0.327478968707559 0.0126408583737028 -0.0530826837101912
-0.043255259066672 0.407031797653663 0.0202205385262416 -0.0444729640979268
-0.291975027523844 0.322020910000519 0.0137294794643155 0.0049567092792552
-0.477985511874436 0.0989315969302132 -0.0820132820012174 0.00483050051515845
-0.346896667053133 -0.376216783663797 -0.120185582053562 -0.115306914519112
0.108888943665631 -0.541441365692878 -4.74221807955577E-05 -0.18556012323797
0.369574644118145 -0.389662763633536 0.171484761733068 -0.117594033625196
0.338547726518889 -0.317852892480944 -0.154837368484945 -0.0595173200566187
0.102218410092179 -0.49750646154538 -0.0313556628148456 0.0868755537606824
-0.248777878039163 -0.35387832752824 0.0824202356004407 -0.0547086509753319
-0.424832665829245 0.0234204078615532 -0.0136626447795963 -0.08552270066129
-0.293597471543483 0.269732197647633 -0.0616328664364652 -0.0313027156984253
-0.0943429251636533 0.364990628559823 -0.03069211179908 0.0561279161530936
0.100484324655709 0.346148945814927 0.0448074720244034 0.0741232091782033
0.142525048334275 0.315890838046106 0.0629359446313302 0.0456742849753991
0.120896967166446 0.323662871037584 0.0589417390908716 0.0688524648385433
-0.0513642598572067 0.395643151882994 0.0280691610106572 0.0759818011774663
-0.282902949637635 0.309998458188408 -0.023250453183215 0.0912364191206948
-0.44644210867583 0.105048240154989 -0.111381981466433 0.0407112249986801
-0.342880285509276 -0.334309018450879 -0.142055644729659 -0.0671923118208899
0.0729341467970668 -0.521321289220279 -0.0320530691507583 -0.077363501318387
0.337860148964454 -0.413807683232735 0.0377756764468426 0.020120896775987
0.287226486825218 -0.318352933552088 -0.302062055072352 0.0717224540901441
0.0583155835464275 -0.468091804274192 -0.0684847740735775 0.218448592293329
-0.247424025928965 -0.307624600716043 0.0739374307573054 -0.00851917073337661
-0.369509384397922 0.029095011942074 -0.0432042312761643 -0.072598194429945
-0.25088819345363 0.2334104649257 -0.122732534652975 0.0256823290799465
-0.0835459846671446 0.315095199539385 -0.0548460124692977 0.173681507597466
0.0786496766679637 0.305202504086587 0.0696803021661198 0.201136530600746
0.106814029832488 0.273570073527191 0.107917729825761 0.157592216928678
0.082792164208975 0.273429059134669 0.095533456105536 0.177402503639228
-0.0587951771666368 0.319233340625031 0.0324679460818154 0.179138128732226
-0.230623628495904 0.236401935758194 -0.0550879354838089 0.15775727689862
-0.334382468838824 0.0759065701777503 -0.125988686583686 0.0639238677545745
-0.26132043121713 -0.242083447404595 -0.142909416121159 -0.0259264677254666
0.0445151086257678 -0.408465151940192 -0.0467519036641586 0.0159600091309402
0.253918800410928 -0.365473577306082 -0.0722061454724711 0.144014763692476
0.183910388036323 -0.263111385093792 -0.421385215193517 0.198627132307051
0.00441221072959526 -0.342435651303256 -0.101850243172636 0.329516616623767
-0.189688483344681 -0.194176059667457 0.0562131784209938 0.0473392933654291
-0.234905874350983 0.0280904244869731 -0.0576202470087945 -0.0457051438780892
-0.160542477942802 0.148543479725275 -0.159742089450367 0.0765618973810152
-0.0578348216954749 0.207716609377965 -0.0679233054761375 0.262463442093524
0.0431012003018894 0.210843207039981 0.0860175690260464 0.296777811482848
0.0551659295458052 0.188715626250221 0.138240706953724 0.245310431769761
0.0307158477565545 0.185811294913256 0.115434506517938 0.25733721769255
-0.0585206135736911 0.200376605124169 0.026317724122592 0.248380054441348
-0.150653681997686 0.128566927214828 -0.0825183791141159 0.191815767980098
-0.181202082779876 0.0298061563874379 -0.125999822864752 0.0659575295817347
-0.144454459956804 -0.12504415141575 -0.126530795200715 0.00114871930388036
0.0128939362173141 -0.244449058713174 -0.0492477062889234 0.0753174656985944
0.140553757314437 -0.266194774686839 -0.146284893044346 0.232165527340779
0.0478812250578701 -0.158262461154516 -0.490825685220128 0.297107463460384
-0.0444642116294389 -0.151354982860001 -0.118624350158 0.400928784445675
-0.095758342649897 -0.0447553043567349 0.0444687062411518 0.102476563974121
-0.0588757231757788 0.0187414874948191 -0.0475205367645032 -0.0164899995367054
-0.0482069991230116 0.0376923549255763 -0.163704117375283 0.105416067551691
-0.0278135708964187 0.0658767359592016 -0.0682811742301022 0.302593409027307
-0.00274467775979397 0.0827017575210273 0.0903661177208106 0.343498568825167
-0.00662863118553931 0.075970718647945 0.148175051908512 0.295446027437637
-0.0209944216307805 0.0738893945000488 0.11397341788738 0.299666678830286
-0.0452702405716781 0.0654805546228286 0.0100495811752245 0.280595632722917
-0.054249625400648 0.0213487355874395 -0.104194179091199 0.194039643462461
-0.0289939101202517 -0.00274779990877174 -0.113166412380296 0.0554078127030863
-0.0412298430135335 -0.00435695858700478 -0.100215038569928 0.0173001961638113
-0.0297830937326065 -0.0781791431191186 -0.0473731219997132 0.103985076799798
0.0146724096445111 -0.147065869725599 -0.18301936407944 0.277844465490652
0.0882209443892253 0.00891656733672013 0.199953790170396 -0.294206750697697
0.0741543721789642 -0.0755518662841104 0.00841842759137065 -0.174233538455567
-0.0373653868074193 -0.0834890683964461 0.0482695288361622 -0.0386889996450246
-0.100088727136891 0.0201806869547849 0.0797943146543895 -0.0293619346776975
-0.0434899914988096 0.0717260884694085 0.117881978530338 -0.143919812585735
0.00836726742281861 0.070904614286325 0.0234565406703386 -0.275097052592019
0.0528538643693185 0.0450546814386235 -0.0857409295336052 -0.306695616617095
0.0684068010071986 0.0441526677937057 -0.130084600941304 -0.2899940725598
0.0621658469452426 0.0569995577140056 -0.092711069597888 -0.304139495594947
0.00877737354030774 0.0851020078364388 0.0219321910361259 -0.280988167786871
-0.0627276297753473 0.0737469274524097 0.124198130977396 -0.154340771090296
-0.113484256423095 0.000895830794264309 0.0425273347603236 -0.031335765892766
-0.0283163875225529 -0.118973851594036 -0.00295433735993435 -0.12764730422633
0.1072359830531 -0.0705993888457319 0.10772110417196 -0.330354851330426
0.105233592846057 0.0282635043275534 0.469137036641365 -0.326988794731651
0.188084935612006 -0.090472555461977 0.171180842639766 -0.282468223260165
0.103741681350894 -0.20025867117181 0.0171725767522634 -0.160553293112653
-0.0859228848556005 -0.168071569368952 0.0481431267839188 -0.0678113035142876
-0.203810641638118 0.0195867041633001 0.0529055588516355 -0.0366076505446617
-0.12986633852652 0.143161514558617 0.0979943473558785 -0.12289679218828
-0.0226973177193841 0.182957899403049 0.0308387978741534 -0.230190310490823
0.0851598273458329 0.161204803133427 -0.0538425048637081 -0.260483101399209
0.116223950597576 0.157435101972445 -0.0956322122700189 -0.251615988353949
0.103350698889804 0.177790777640624 -0.0698672363179548 -0.253926439105885
-0.0138614942242591 0.229819206240292 0.0151768222611531 -0.236636196005755
-0.169839780299241 0.178906536134826 0.0926315434844248 -0.129378424369581
-0.276584488378501 0.0270618401736389 0.00287624878435542 -0.0362947695067646
-0.148436968614273 -0.25305538098933 -0.038579268528849 -0.147900909718272
0.139292680450819 -0.278050076668607 0.0798250147640586 -0.318817316312782
0.242447121177742 -0.136381046113361 0.405216407539649 -0.30510523244632
0.273221449152344 -0.182773135658661 0.0983602097524143 -0.239188582204704
0.12319019815199 -0.323208677033428 0.016904429633383 -0.116243881497025
-0.137169161011481 -0.251176860565466 0.0583968690605477 -0.0874192859788794
-0.299711874663048 0.0165005329336792 0.0310717440021253 -0.0562617080069644
-0.209491223340154 0.20402949190177 0.0568053652201634 -0.102772059033415
-0.0555919457031657 0.277423496677763 0.0220920881763205 -0.157015701036377
0.103491644239102 0.258704749980779 -0.0189723836817218 -0.175048042747561
0.146031097040135 0.247383451279795 -0.0469392699370922 -0.175125693503205
0.131687696000092 0.268404569127112 -0.0331096315008627 -0.165177762203448
-0.0281510557307789 0.340001078836243 0.0130471344416812 -0.153849806067745
-0.246727802440787 0.267579312833971 0.0542330064014611 -0.0747462710290548
-0.402518764437472 0.0670820376432426 -0.0400285591692066 -0.0230214153642873
-0.263976963291659 -0.339687384005632 -0.0818060658454721 -0.140178425580302
0.134334450461571 -0.442543858371842 0.0377300007194894 -0.268086476128631
0.330219740722744 -0.282446558148214 0.296915861569508 -0.231782938404381
0.325880955296299 -0.259946823520171 -0.0144454421072012 -0.162711344641371
0.121152581526534 -0.428345415033337 0.000585768234294286 -0.0324811882606992
-0.195150405317219 -0.319351368379494 0.0715213677295576 -0.0862516877166881
-0.380415971302417 0.0188366932628633 0.00827623167881198 -0.0765118184060104
-0.266414811877371 0.250534871995901 -0.00132554221727779 -0.0737793605114194
-0.0803158796203975 0.340219519880056 -0.00105808911210746 -0.0579752987810741
0.109200616686273 0.320825133747432 0.0153830383678819 -0.0596275890532
0.155408682899323 0.298631874174424 0.00811522019098565 -0.0711465708640449
0.137534530735043 0.315181588445768 0.013421018445703 -0.0534200770368998
-0.0369095731487116 0.39631080276619 0.017995316555712 -0.0436873628160812
-0.28123143545958 0.318236218766059 0.0148847378179085 0.00294620283164184
-0.460122473121718 0.101359896114121 -0.0788830313399979 0.00745004613808394
-0.338756789161157 -0.362812396005846 -0.117620671903817 -0.106793088092387
0.103663836837221 -0.528517641543924 -0.00486085120494059 -0.17797066023531
0.358568809518934 -0.375056634034696 0.166362169242669 -0.116739704271816
0.331507887146577 -0.305504298450006 -0.154547996908458 -0.0539727880662144
0.0960064322110644 -0.48423255782432 -0.0292842691124251 0.0854138912984368
-0.240044579922769 -0.34347524218726 0.0776195639341377 -0.0603997930236864
-0.409361707843422 0.0267921389098578 -0.019796540663447 -0.0835582091218122
-0.282065957033956 0.263110834849183 -0.0683644990791634 -0.0282321852122435
-0.087748929669506 0.355019468297795 -0.0289510467255738 0.058272245367498
0.100263858002936 0.334101347296095 0.0467716983890684 0.0707039742573089
0.142536980352419 0.30546535849001 0.0613627268171676 0.0439723988737575
0.121227675830143 0.312217524366335 0.0593658852509169 0.064570165864939
-0.0456119359365964 0.384659394457164 0.0276501649586996 0.0730656670066886
-0.271801422220722 0.30540133874916 -0.0198435379481238 0.0870703357760189
-0.430541303024944 0.107076265341156 -0.106943974944836 0.041921673308694
-0.333795997393495 -0.322483694356488 -0.138055867567436 -0.0593622827413999
0.0692533679449854 -0.507093318516232 -0.0350607432411814 -0.0726984995850321
0.32689490148514 -0.398491438700433 0.0367264857874421 0.0158243202539907
0.280874848739369 -0.308389085592533 -0.297563290364035 0.0725329618180082
0.0525497801674959 -0.453002743341583 -0.0644159112222487 0.212998645067511
-0.23834278242045 -0.297784512942423 0.0701257307442714 -0.0148821828996559
-0.356266096836295 0.0302483378083896 -0.0470797705942503 -0.071649600103391
-0.241625133178546 0.228256821690435 -0.127637324154499 0.0276533714210903
-0.0773877670579688 0.306131540132514 -0.0516740445986331 0.171845323762532
0.0792161056416114 0.294410191620682 0.0728539032888478 0.193122367220093
0.107311466540933 0.264288823697008 0.105601167436997 0.152149294035067
0.0830926781073821 0.264312710947258 0.0959724275571221 0.169774632361658
-0.0528300473070756 0.311333296572191 0.0339816090879949 0.172282584978947
-0.22179496292049 0.232645418596546 -0.0497047177417705 0.152915301986927
-0.320568254243236 0.0761606898253662 -0.120630960447762 0.0643609744915677
-0.252675864769864 -0.23252024488788 -0.138071363200333 -0.0188008056731306
0.0403427859567699 -0.395577375875193 -0.0478048910583852 0.0171317657590756
0.244493509591659 -0.3507110721132 -0.0685229452654764 0.135658559735569
0.178517198667204 -0.2537337296621 -0.413165682293792 0.195455339149905
0.00132985713332977 -0.33136780039921 -0.0945453236072754 0.320008096900874
-0.183523331959392 -0.186525306058352 0.0547543539887461 0.040719626058127
-0.226232994810597 0.0275106323430032 -0.0605752816678396 -0.0466592717256086
-0.154572492275139 0.144412099266053 -0.161319696118736 0.0762790887807753
-0.0539384274119684 0.200997341295796 -0.0632733705946888 0.25714608062039
0.0440048481755072 0.203099736622842 0.0888305528495189 0.286469956066503
0.0553505768475999 0.182458048918784 0.136707408787893 0.237399140006674
0.0312919115314502 0.180132266170326 0.115560782808821 0.246893763914388
-0.0551242497167574 0.195769043792774 0.0292735200173102 0.240576325518056
-0.144959190035977 0.125665090423896 -0.075470149580283 0.186269096418896
-0.172817704922832 0.0292521104406529 -0.119446386769586 0.0658414067829728
-0.136700025844775 -0.119254503667161 -0.121275202574546 0.0064437720735104
0.0112836198649176 -0.235835798324433 -0.0488529813546876 0.0741533321213006
0.134453968458733 -0.255898615364669 -0.139750855191109 0.221146902521652
0.0445284988203841 -0.152106002611975 -0.478329813853452 0.289577187157308
-0.0453833393515491 -0.14576424348263 -0.109976330152235 0.388335857267198
-0.0919391407164178 -0.0423838430580973 0.0447756896184294 0.0962438960485066
-0.0569035212222765 0.0168172262425998 -0.0494092989909105 -0.0185685284444835
-0.0462266498949276 0.0361785076728139 -0.16231304255103 0.103676123636036
-0.027088800544097 0.0628380028789585 -0.0635812482558955 0.295572152043583
-0.00270805150421391 0.0797527393302544 0.0933025684863193 0.331478213109325
-0.00607585044421232 0.074925939557634 0.146607848603856 0.285543167441596
-0.020298269125483 0.0727034144298411 0.11448384567547 0.288632938482952
-0.0443637889821333 0.0642842345680424 0.0145287316526601 0.27098793190546
-0.0526766344437063 0.0192990886867987 -0.096077534334121 0.188988603439607
-0.0260142270725811 -0.00523214737205492 -0.106957619855408 0.0551474731822699
-0.0362860233476092 -0.00278791013544753 -0.0952594975609975 0.0215902811389517
-0.0293929504939472 -0.0735713933046724 -0.0455116280027629 0.101507264773508
0.0117575668532181 -0.141386095956405 -0.174757639803859 0.26630526784044
0.0878681769619094 0.00837165440966539 0.199087750563752 -0.284386553612106
0.0729218601126584 -0.0762329935416301 0.00894421763588053 -0.170793446164259
-0.0364872254462443 -0.0812893065259626 0.0443915950535131 -0.0408226669174611
-0.0975252048916776 0.0219199450321252 0.074836607597839 -0.027161650706975
-0.0416881514757029 0.0718882310206584 0.11490167137026 -0.139517652820751
0.00955641479914311 0.0707248549903514 0.0222806813076337 -0.267719326270944
0.0529417498282793 0.0442850820118053 -0.0845184313397725 -0.29952114032409
0.0680043967493482 0.0426508630323546 -0.12662166812567 -0.286215478871987
0.06190956054153 0.0552124227566484 -0.0891330138691268 -0.299902007683837
0.00936647058574088 0.0839745276507101 0.0226163229703403 -0.276570434438398
-0.0615975326061826 0.0742964476684761 0.124062082583396 -0.152906881603856
-0.111372616403335 0.00203450619127074 0.043423222737803 -0.0284120030145944
-0.0283223732096141 -0.117576278298466 -0.00189001285123191 -0.123640009086624
0.106771245785548 -0.0707482423912894 0.105396705298602 -0.31995690296691
0.104852225771301 0.0295281486759053 0.460444873041173 -0.315185919337066
0.188143497093986 -0.0870168320970742 0.169463868426846 -0.271625160351472
0.102339962404459 -0.197907824849973 0.0182344418655325 -0.157065325441324
-0.0819012820872848 -0.165458566530564 0.0439163772908031 -0.0702207299253637
-0.197972903955107 0.0207671203963127 0.0484340691765477 -0.0342871219716529
-0.126145286077359 0.14112671624934 0.093616244570057 -0.117171514963277
-0.0208255623844442 0.180637050981055 0.0297819239454583 -0.223152379147005
0.0839034233178433 0.15885346592208 -0.052504687576397 -0.255414366276729
0.114164296935153 0.154022901482813 -0.092708129577003 -0.248305486185332
0.102151458686919 0.173941678695814 -0.0669404453214109 -0.251099646258373
-0.0132534747574357 0.225842280712097 0.0145348008071352 -0.233026560764999
-0.167191524868267 0.178284054446085 0.0930474121956877 -0.128198862488656
-0.270771221568065 0.026863856610421 0.00462126444736253 -0.0335385322265154
-0.144822410222636 -0.250245748376653 -0.0372438625274078 -0.142500833480839
0.13974287421186 -0.27403220591665 0.0775241002731702 -0.310147028047707
0.24157754480679 -0.128816134558249 0.399269201844211 -0.295864439086369
0.272913882381704 -0.175737205787801 0.0971616123201325 -0.229566243607035
0.123784278531818 -0.317147046309854 0.0168503847261722 -0.113199247607552
-0.130387519955215 -0.248255156504255 0.0536388182849692 -0.0904926133602888
-0.291805118839105 0.0156622484930146 0.0260376824159573 -0.0538731215895248
-0.205098728662067 0.200359948230223 0.0512846720623392 -0.0972706606031602
-0.0537194810739539 0.273099646465965 0.0214980223878742 -0.151473118223856
0.101882607760891 0.253066914412166 -0.0172094380323906 -0.172443112656634
0.143879135983864 0.242751476548023 -0.0449975554540632 -0.172488229177013
0.128871553985598 0.26261973440222 -0.0304524968421823 -0.164121540109829
-0.0275688744425 0.334649711321457 0.0120595057610932 -0.151274521089162
-0.241881337736583 0.266611915053111 0.0548316769935073 -0.0754834041703619
-0.392275741837271 0.0637505967269271 -0.0383246119564134 -0.0210137095136972
-0.25703694273222 -0.336140658209299 -0.079278936226036 -0.134518279667178
0.137387013350955 -0.436360093772481 0.0347371001942571 -0.259906648157103
0.330184057782992 -0.270445192224996 0.292730587902503 -0.225171270472145
0.325749716617459 -0.248461837947252 -0.0154963959630506 -0.155337436824343
0.121511494141975 -0.421206023798861 0.00127682509165516 -0.0309078374178914
-0.187603015528663 -0.316063414702699 0.0662379685651977 -0.0896418326669177
-0.370212442588646 0.016325513861962 0.00356057074261035 -0.0740937025590852
-0.261741113604163 0.245599135397621 -0.00724521887483128 -0.0692258291113166
-0.079072590701547 0.333876958161417 -0.000834611152687642 -0.0544444443505656
0.106298854826736 0.3142627391371 0.0176616135817869 -0.0593430033249219
0.153068151248543 0.293564062283631 0.00766884840214082 -0.0698693407499462
0.135559506079933 0.308427350309645 0.0144064624699511 -0.0541902506175392
-0.0359394632185299 0.390076009918261 0.0168774731317113 -0.0432702934052435
-0.277973459670667 0.31532815152535 0.0163423059697593 0.000773239892466525
-0.450313272319918 0.0980712431662844 -0.076369466066486 0.00829871641110596
-0.327965573538365 -0.35903436767811 -0.114755800184179 -0.101154501970026
0.107825397265682 -0.521261167751995 -0.00844011324911974 -0.171753671889377
0.359445215555964 -0.359677396476523 0.16288299562557 -0.115505554084848
0.33181232851685 -0.294493603148626 -0.155139332597296 -0.050678991806579
0.0973544185536969 -0.474833147451856 -0.0283852732855524 0.0841473549234989
-0.230315487428717 -0.339192577206426 0.0722961677046606 -0.0647043275863742
-0.400868623796573 0.0227930181108442 -0.0238580684789928 -0.0821477600655633
-0.277930629724826 0.257543257625243 -0.0743336877819615 -0.0247861252081855
-0.0855091469488574 0.348190273839898 -0.0282008617098989 0.0593909996560537
0.0981449105217157 0.327718068867406 0.0485159879586031 0.0681668367021427
0.139413322318717 0.298708860823714 0.0601617344614607 0.0435297790058684
0.118602863949676 0.306457089992064 0.0601002614947268 0.0612147720404563
-0.0432901164473942 0.378078940364317 0.026747142800919 0.0710891053430664
-0.266997678449494 0.302475200010839 -0.0181276398718707 0.0831731138020747
-0.419668046292547 0.102038227981854 -0.104518104920639 0.0425754603010344
-0.323818109753086 -0.318558723333643 -0.134454147903432 -0.0545382560546274
0.0731942275744344 -0.498249933349678 -0.0372335027072617 -0.0689871661097519
0.325754933018376 -0.382765004414272 0.0357070488700897 0.0112735995656937
0.280501579189988 -0.296432815347857 -0.296806915663121 0.0711324497846214
0.0545227167435937 -0.444594921502964 -0.0633863170656178 0.208656363529956
-0.228934208420793 -0.293965112575471 0.0658021101659548 -0.0202338838623627
-0.34812764769378 0.0267108024401263 -0.0508157282822877 -0.0718120122544078
-0.237991965424642 0.221548085647113 -0.132625024296995 0.0291978350096031
-0.0771261067982179 0.298740857940847 -0.0507489323349898 0.170432801955292
0.0765386760263255 0.287447885952398 0.0736248106741211 0.187837216073483
0.105320397546201 0.258599198865052 0.103372092783966 0.150676833313645
0.0804212956695428 0.258837221820293 0.0951695922003523 0.164922199091458
-0.0522664288979347 0.305503751550473 0.0332390573070633 0.169356267032052
-0.218264734246398 0.228861395862584 -0.0468207546367549 0.148293359408229
-0.312287374858724 0.0716829233000881 -0.117294746846868 0.0636280818412415
-0.242790894177793 -0.228814259525777 -0.134575324591951 -0.0145779040518287
0.0438672364752496 -0.389444395025972 -0.049200346718214 0.0191066442330844
0.244095941754948 -0.338131068556505 -0.0686522826320565 0.12828671486077
0.178419831530167 -0.2445323516021 -0.41047587199671 0.190185163915933
0.00315498717806882 -0.323377713559984 -0.0930746078390731 0.31222575375844
-0.177216159648678 -0.18394802751179 0.0521375914081 0.0358430782518286
-0.221166146765253 0.0245868540906745 -0.0627608142920782 -0.0475180543892019
-0.152757037209843 0.139748599576931 -0.164747797153965 0.0760996275998925
-0.0545101788377284 0.195906279852184 -0.0623882096930928 0.253442625545601
0.0420523296513353 0.198654616439658 0.0898981403043951 0.278884803031528
0.0540187247774296 0.179607271239715 0.133438390720369 0.233464251771187
0.0301567300322916 0.17694012383842 0.113971856804328 0.241725950867849
-0.0547120034817861 0.19176478992855 0.0297146117021037 0.234895483763011
-0.142692915006648 0.121793102992621 -0.0722963211316727 0.180956919655167
-0.167027569114514 0.0250267570602028 -0.116115411422365 0.0644487059127919
-0.129759844766733 -0.116719174432623 -0.117346930489767 0.010083723198433
0.0136826799052384 -0.230155819526804 -0.0496015328459602 0.0740940750655537
0.133244372439572 -0.246713003142439 -0.137858667867585 0.211833091983491
0.0441899063240402 -0.146615015025952 -0.476021770944607 0.279507877755543
-0.0448001532931918 -0.141925375440658 -0.10869603065388 0.378796743215454
-0.08918258652317 -0.040799408748948 0.0432696504179202 0.0909246112327161
-0.0557525962688942 0.0151818103690865 -0.0518983602961784 -0.0213887715779839
-0.0466777331014841 0.033650332018213 -0.165723000979976 0.101500384799738
-0.0279256599992508 0.0605445061021136 -0.0629288653777493 0.289518721944386
-0.00344952599096986 0.07804837951439 0.0922939230700298 0.324852033679756
-0.00661791580164547 0.0736628046665936 0.142540887296373 0.281179635363647
-0.0209838325970577 0.0721475739620602 0.111281495661795 0.28297357372498
-0.0440764252866744 0.062962102355305 0.0158691437570093 0.264564236296787
-0.0520330462368418 0.016658143934061 -0.0921641086834489 0.184276496761421
-0.0240005500464669 -0.00847380676604133 -0.102312609840116 0.0532271579455194
-0.0313540207835757 -0.00203850986487182 -0.0920169888068464 0.0244865729010001
-0.027705219458061 -0.0703791601712658 -0.0459275808292869 0.100931976953486
0.0103681640867765 -0.136615992067056 -0.172211492524447 0.255321578410591
0.0896724681406156 0.00825613304946117 0.20287442526887 -0.279968318376107
0.0725547091078498 -0.0780080737315858 0.0107688909067063 -0.171076894325036
-0.0359820007825524 -0.0816643635471259 0.042268162609275 -0.0431510912827969
-0.096528650913762 0.0235471288444324 0.0719987025107436 -0.0248841459580203
-0.0406344827245866 0.0731603987395721 0.114016066272823 -0.136710119862169
0.0110830061426268 0.072631902391563 0.0228456985215728 -0.266275899393753
0.0541558718525533 0.0448109970884596 -0.0846293919504166 -0.299434443739197
0.0687590381858039 0.0420659153850228 -0.124593587010862 -0.288976690369964
0.0631542516734495 0.0550188167919388 -0.0867245964716411 -0.302775865944741
0.00945876696115366 0.0848639997772593 0.0236823057740194 -0.277338470326287
-0.0624990104035464 0.0765136286804703 0.127309841875756 -0.15313585308316
-0.112113981989759 0.00271231040597474 0.0455001702966718 -0.0255926909518397
-0.0296178387159949 -0.118805249830041 -0.000672912982945275 -0.121871466578665
0.107992031413454 -0.0721954881343517 0.106476415380586 -0.315801694657917
0.106970245386807 0.0321090764781501 0.464584838936313 -0.306704053031404
0.192284334922956 -0.0850926774473977 0.172876763222969 -0.266948557644326
0.104473998727999 -0.198839624262601 0.020068878097556 -0.156720656406024
-0.0797422811954307 -0.167090458166103 0.0413638219123863 -0.0733937491221807
-0.196437461106082 0.0204009126693084 0.0450889206201081 -0.0316045114871666
-0.126052456115366 0.142004149385706 0.0913305835658781 -0.11370846342743
-0.0204172190431461 0.182042243538468 0.0309401441897109 -0.220529833945511
0.0847285377041376 0.158755797380917 -0.0514755591154154 -0.255995466053636
0.11439507089591 0.154290308262999 -0.0917257723138772 -0.249660412226705
0.102308634932552 0.173940170735447 -0.0647042270540943 -0.253335857076491
-0.0134745147906016 0.22686375989246 0.0159634596974705 -0.233521720917371
-0.16842989579981 0.179945581208151 0.095760549211834 -0.129545602946926
-0.27045173539603 0.0261592796123689 0.00558017602205202 -0.0312256718641563
-0.143110547719927 -0.252243131645739 -0.035795328975542 -0.141202383105451
0.144564050476142 -0.275110051721115 0.0774530048347892 -0.306782682069993
0.247138668850053 -0.123370273282989 0.402196754911508 -0.290486435133265
0.281160232537556 -0.171220118793197 0.0988893595541605 -0.224737970835521
0.126679884347968 -0.317713180815177 0.01871198561116 -0.112318438483903
-0.1266996837853 -0.250999245326709 0.049967525216862 -0.0941609655854682
-0.290785521837731 0.0136228881899003 0.022628471563822 -0.0508405076742311
-0.206402671887886 0.199918898079487 0.0482942450200976 -0.0931243701043389
-0.0541329009562289 0.274767321679982 0.0223400408086895 -0.149161910941739
0.10188102504491 0.253760880888962 -0.0155419117324119 -0.173141635927705
0.143597766545199 0.242778812013015 -0.0442804957857161 -0.173245043608625
0.128863705404011 0.262603885425065 -0.0281733300512178 -0.167384075703691
-0.0285157870743918 0.335624757624581 0.0123159811942649 -0.150960148056887
-0.244986766812636 0.267647892073749 0.0572155161653185 -0.0771604409310879
-0.393111636718154 0.0613745805211846 -0.0370609080504966 -0.0188502061968742
-0.253768295300091 -0.339798409465404 -0.0777099655101297 -0.132299721573129
0.143098407803133 -0.438015173834629 0.0339074085658866 -0.256932097412743
0.338463026607257 -0.261055426028951 0.295388557185885 -0.222987901005031
0.33539621935112 -0.243590535856229 -0.0157092341756673 -0.151322338774513
0.126977379251415 -0.421537909575285 0.00235193570423316 -0.0300553551944697
-0.180584731991127 -0.32034794109317 0.0629124582461774 -0.0943124417071634
-0.369330426634536 0.0130811344601171 -0.000340305662787088 -0.0723910258952605
-0.263943798939216 0.24380396812085 -0.0127594312411161 -0.0648491153385112
-0.0807129416718099 0.335479505363796 -9.95683022155539E-05 -0.0518952428836057
0.10552475710893 0.315141337337246 0.0197217937001083 -0.0607547830978025
0.151838519231709 0.293743487103824 0.00819860559586217 -0.0702251702627047
0.134591581490038 0.309452465344042 0.0156066620647745 -0.0568582876586
-0.0379430681969755 0.391268764845015 0.0165138204977583 -0.042773171671958
-0.279876762937202 0.316576815806297 0.0178567417870944 -0.00141685195126465
-0.449627853944396 0.0953383751838229 -0.0759470156843538 0.00992342534221253
-0.324810790777815 -0.363695561140685 -0.113022751848996 -0.0979927319402486
0.115374211767561 -0.522931052082458 -0.0098365151448983 -0.169144020207021
0.36742848570785 -0.350791992818869 0.163228270383336 -0.115984749518175
0.34147794497969 -0.28824974404856 -0.1578791278039 -0.0489454628856717
0.104778281121714 -0.474199458771022 -0.0281526514518585 0.085020207212922
-0.224382485801182 -0.343760455104602 0.0685007432696205 -0.0690289416034515
-0.39953377391473 0.0180943872663008 -0.0278957015303701 -0.0816196231532613
-0.280841480177425 0.254901851268738 -0.0810445793829263 -0.0213056387785445
-0.0897679903931176 0.349243533251967 -0.0285291787567271 0.0619171330214894
0.0963580542683798 0.328632379242255 0.050433926122469 0.0664584905544614
0.138739057627457 0.299551769692902 0.0597874838889082 0.0440130645750099
0.118049877653324 0.307204624630372 0.0606410789813941 0.0597594614966622
-0.0464635016629855 0.380149532778484 0.0258841359809496 0.0715825270491803
-0.270007831708655 0.303328177416265 -0.0165789057705375 0.0811647916210191
-0.419099787592977 0.0998667897248365 -0.10370436483954 0.0425199695005971
-0.318380125423169 -0.323325700508288 -0.133370869440854 -0.0507358852566572
0.0789751876304151 -0.500901185951367 -0.0396595444021802 -0.0662279881232104
0.335064809073765 -0.374479057868963 0.034042513543389 0.00930857016233178
0.289528018763615 -0.290339218883346 -0.301382212149146 0.070985349674003
0.0591579076676564 -0.444128899735306 -0.0642320966122461 0.209085139553409
-0.223265152271966 -0.29751040986287 0.0622077843073275 -0.0244113840977131
-0.347737122811184 0.0217463004850455 -0.0546276650336157 -0.0724129172526603
-0.241991068824014 0.219308086130659 -0.140040645114787 0.0313061154049162
-0.0808151870587353 0.299254717133187 -0.0517830425640229 0.172686255774766
0.0736539800793782 0.288669780626252 0.075083490555609 0.186685808979301
0.104123451410165 0.259992977781572 0.103377086064253 0.152105186961611
0.0789149951764776 0.260155143475973 0.0948910274176177 0.164304060155905
-0.0546882846038474 0.306684678956885 0.0323935260784287 0.169196421598608
-0.2193236518747 0.228857848036773 -0.0463157874193949 0.146013839930859
-0.311267801285741 0.0679570894054555 -0.116312013407155 0.0628864899581238
-0.238301337009502 -0.232258220715969 -0.132378107243754 -0.0108887088363664
0.0491248682270342 -0.388511735083472 -0.0520438685170229 0.0210847919028239
0.250205906304008 -0.330758572658086 -0.0706563061070352 0.12338923305274
0.183711748408612 -0.240386248107598 -0.417373097380642 0.186449301249577
0.00564873886965992 -0.322442148616363 -0.0952160174301236 0.311493228708269
-0.172938716353155 -0.185546870714921 0.0492750049817057 0.0318269217315836
-0.22091319204828 0.0210743389797963 -0.0664725726089095 -0.0494510812877745
-0.155340313588372 0.138396748652005 -0.171970729853406 0.0770301745533739
-0.0573500873797751 0.195507722285353 -0.0641825123930222 0.254416836034125
0.0398373167465522 0.198877895973603 0.0900419014509931 0.277598780549292
0.0528007032833008 0.179974247832528 0.132629160806266 0.235944192595828
0.0283300735655711 0.177689778815554 0.113395310793989 0.241799387178101
-0.0565707722254733 0.19302403148892 0.0292146327268693 0.235045813060959
-0.143825779814148 0.121107969917789 -0.0709887228221968 0.17888484018783
-0.165348742703462 0.0212960171319244 -0.114668796523973 0.0639317709915848
-0.125209036000227 -0.117721651193937 -0.116445004969792 0.0137504278104767
0.0170373641238878 -0.229213676278779 -0.0519367546020726 0.0756857072812043
0.135174379686981 -0.241418923589332 -0.140267135884626 0.206119302529217
0.045942216784718 -0.144169058643635 -0.482836231961503 0.273654476974005
-0.0443085350405094 -0.140852067361438 -0.110446240303287 0.376599382276753
-0.0878364107864308 -0.0408682233232456 0.0414792061068767 0.0884496649359471
-0.0562575266359196 0.0137236537188614 -0.0546316336417921 -0.024552719463521
-0.0481093720257849 0.0331337016231653 -0.171434555676911 0.101357232971537
-0.0297028840893631 0.0596543352114959 -0.0659831201669076 0.290650803601038
-0.00528629421148071 0.077953732448091 0.0914668281583194 0.323883750745041
-0.00764556770582305 0.0739137706864541 0.141736645667155 0.282962558545179
-0.0221230935132032 0.0728837706656408 0.110889218651972 0.283510995396913
-0.0453648325686123 0.0630281437601498 0.0160914889043505 0.263156209572328
-0.052967231275591 0.0144096369693477 -0.0905442515882848 0.182746377547599
-0.022678400822248 -0.0115022335862028 -0.100274407086249 0.0514342542249418
-0.0273117800743143 -0.00135299468231078 -0.0904481551531559 0.0270531615640484
-0.0266256189957135 -0.069013310872547 -0.0474517597566693 0.101928544472297
0.00982784452865582 -0.134311961855484 -0.174190947037915 0.249867509125053
0.0797026900156901 -0.0473697128950853 -0.00286137666619535 -0.355039191480633
0.0111835863950075 -0.105708229272877 -0.0953010923771642 -0.15060469876341
-0.0776682780786385 -0.0464419669672461 0.000817030610643454 -0.0615660522100935
-0.0621602848998888 0.0738047777702849 0.041206454559001 -0.0570771814615777
0.0111331955210189 0.0824604183233054 0.0103687051564868 -0.175236100958324
0.0533998604759714 0.0517816175509271 -0.142612290223904 -0.224866286864721
0.0700018369873054 0.00354504178329647 -0.252885837071273 -0.191452683322751
0.0806738068886014 -0.0094687172879899 -0.278756043283426 -0.157818727039706
0.0844052111981173 0.00363897002784873 -0.258960411901219 -0.194210280750716
0.06015898880146 0.0634168335998766 -0.151189431075116 -0.243744859784178
-0.00219566319069731 0.101803158002749 0.0099443196100813 -0.204687282594133
-0.0917175822308106 0.0723017054031494 0.0255893256654046 -0.0493325406641433
-0.103379899135309 -0.0837809092333327 -0.0749173717497437 -0.0967251819602195
0.0416871702930563 -0.134810369011696 -0.111081055628134 -0.317670258770158
0.119273172218932 -0.0484087398658417 0.187065907308848 -0.543704524998675
0.115720181435539 -0.183770910568755 -0.0263863868146366 -0.331483720943073
-0.031493374143382 -0.220868409735068 -0.0817388562244581 -0.147972361659633
-0.162819721230671 -0.091941599669204 -0.0236162242688284 -0.0855239603330195
-0.144107164223647 0.127704506902803 0.0126709576171084 -0.0416760606472102
-0.0184817565414561 0.187921390162557 0.00619043352869573 -0.139684029747951
0.0928513463501059 0.159303132614458 -0.10728992103117 -0.190168758202948
0.163583684781133 0.0771386619247111 -0.196765492724608 -0.175953625638383
0.187302322289478 0.0537776610840916 -0.228503429016474 -0.147271176555386
0.189842925047571 0.077910168011715 -0.212289316491305 -0.167231628657829
0.129872831344987 0.194548303191212 -0.131812823670883 -0.201826321396353
-0.0259265930268367 0.254817499382324 0.000330191483422227 -0.166115662073831
-0.209789541514395 0.187923904193429 -0.00952911750235947 -0.0285936238145854
-0.285689671551791 -0.12538662912074 -0.112506013035571 -0.0884955020686603
-0.0559164797644897 -0.328283056528977 -0.123250866117351 -0.291317788144827
0.139547432483388 -0.267666588761464 0.147868020684209 -0.47943247425233
0.141940161505527 -0.305249417831088 -0.0678716464284761 -0.256813598304942
-0.0790565242120252 -0.329128968869854 -0.0582952331677205 -0.115648096803067
-0.248934916004332 -0.135206323073205 -0.0336140761903865 -0.10819645291592
-0.225189937025684 0.174678674961893 -0.0211588375016034 -0.0396366887799041
-0.0498399671192527 0.281857828125568 -0.0159239034260814 -0.092739922485021
0.120400176150229 0.254353021642865 -0.0697299079861655 -0.124518368772236
0.234186340874441 0.143535872277219 -0.114824840056848 -0.131817978843046
0.265574072758888 0.108799798567472 -0.143424273991696 -0.113749562632603
0.267849304250317 0.135258232381177 -0.130657270116306 -0.119552332855129
0.18450009452548 0.294074346119169 -0.0845414310919329 -0.13252721130624
-0.0340353497373699 0.375244070633504 0.00246893958393849 -0.100403040314245
-0.290802973587922 0.292176358274618 -0.0350957652163366 0.0077668279784123
-0.435479477257351 -0.129948752582747 -0.138993184419306 -0.053558135134441
-0.159571477345151 -0.464322165098607 -0.121616509980457 -0.223181592517752
0.128602437509154 -0.440081436948386 0.103759332456916 -0.348758940010316
0.148333335480132 -0.39644390681647 -0.122825796614581 -0.129695664428526
-0.135136566914489 -0.411720006267441 -0.0242177018090223 -0.0414105581006119
-0.332714991460843 -0.160710585803235 -0.028635219233784 -0.115187663527765
-0.290416403868676 0.217287044454095 -0.0555316356784997 -0.0403015824684881
-0.0707261383215384 0.351581552147448 -0.0480884722137096 -0.030925249189911
0.134953326219194 0.32042706033551 -0.028566363808266 -0.0297194010143015
0.27396902325382 0.190381216868602 -0.0155432985809831 -0.0623648881671688
0.305059319562917 0.145683548805188 -0.0375402108923023 -0.0618130312862853
0.301384162347029 0.170622952492602 -0.0266377566264744 -0.0567143640569293
0.212772361006917 0.346293735670549 -0.0145389062359656 -0.0461694331207305
-0.0327770959396787 0.4381756144572 0.0186301416485749 -0.015475266043082
-0.31746635560472 0.354482222554631 -0.04907160735736 0.0539024507026465
-0.510957233000633 -0.104464704800291 -0.144871093241411 -0.0035314220731491
-0.236993997135656 -0.515460944527405 -0.0985624449703091 -0.124224876661453
0.0938572968362594 -0.53275090090356 0.065104726996507 -0.176032368206603
0.127062889472795 -0.434901834967509 -0.179970750458145 0.0399076482846902
-0.185089633731627 -0.441317353647563 0.0183783829034637 0.0696137913347467
-0.380950382251708 -0.155553934344827 -0.0103660560522494 -0.0977838851746126
-0.311893528111032 0.238943851410828 -0.0852623761840011 -0.0302504051012845
-0.0801399776875482 0.370615070359232 -0.0780746166614318 0.0472050215829194
0.135612187055866 0.336684298287538 0.0184841135447306 0.0797942923472659
0.274166336166438 0.205647545540709 0.0886085232112033 0.0219394315534584
0.297226263075564 0.158954891344813 0.0744273404249513 -0.000879622218348432
0.287088441682454 0.180948639863894 0.0815656165169013 0.0100686805226613
0.199090354386855 0.341778943359854 0.0634721601007772 0.0422222390320058
-0.0313402033582594 0.421386914871853 0.0409866288895833 0.0724855159839242
-0.289343960982271 0.339311105575793 -0.0522286116164675 0.0976107465013166
-0.478061635802203 -0.0730746247307051 -0.130895735367754 0.0466962443503164
-0.251766388768057 -0.471795055927622 -0.0581884882949864 -0.0233681874066179
0.0486263537958786 -0.526714841636053 0.0388857647875279 0.00738903606661736
0.0817502211531798 -0.404622371736259 -0.225153284677971 0.227933377614637
-0.201275525811455 -0.391069043875736 0.0636857315142839 0.192912640204391
-0.35294889080086 -0.117551532376051 0.0146150980270467 -0.0559124391611772
-0.269425225332171 0.212236544400501 -0.100702009351266 -0.00955600679809976
-0.0687595662049028 0.318521538732666 -0.0946626844442148 0.124264068523228
0.11229096647771 0.291179031410748 0.0664675048517695 0.182151414279183
0.232751617491881 0.186358307726768 0.182323230648346 0.104780746455516
0.244232366279684 0.148161776617217 0.17623876754867 0.0598320672606481
0.227055057577062 0.166282327895775 0.175391895623284 0.0734725600453789
0.147504692012988 0.287312825687237 0.129870342275865 0.117527635993747
-0.038285342131423 0.328290894227951 0.0568213187522284 0.143468196820899
-0.218339844268991 0.245883557717452 -0.050984137010951 0.122430645573986
-0.349404752244307 -0.0469195249281904 -0.106805047066693 0.0778816070283179
-0.20478443677904 -0.357068191631267 -0.0168676939350755 0.0542663810014977
0.0034683406918487 -0.434224334436396 0.0242944024569921 0.163114390205121
0.0201914303590423 -0.301141102116309 -0.245345412571821 0.39678708611887
-0.175293523707786 -0.260749014679109 0.102741329658015 0.299278939613245
-0.245906338280834 -0.0527556221164253 0.0439680390223555 -0.00169066511654495
-0.165993103464919 0.141113389340119 -0.0933293531926654 0.0103194815611504
-0.0462761815708833 0.202623017672802 -0.0938220695919396 0.176961964695106
0.0695354600853603 0.193002416957651 0.104866323606382 0.252910922709488
0.151261671114408 0.135438886086329 0.249422933711719 0.169991439475541
0.153432668589221 0.11489479484837 0.25163291862954 0.110168185854853
0.13513683440299 0.130903377434516 0.239155053070657 0.124551985321057
0.074486668226432 0.19525754810372 0.167762438103769 0.172278015337454
-0.0440200968752881 0.191019466350413 0.0556066332977501 0.185977502379968
-0.125635649224794 0.11772952669859 -0.0508557644223459 0.12046198355098
-0.179386484435828 -0.0218808059926347 -0.0794141863330078 0.0866654131030797
-0.129307597292743 -0.200843808069424 0.0137290404444116 0.0970919586246546
-0.0388813722642587 -0.283334452896318 0.0183815882654765 0.267597311390226
-0.0425617773702935 -0.141746282052419 -0.238678093230539 0.516767035681304
-0.112703555765761 -0.0854793188841043 0.13375060697712 0.36734885274362
-0.0922366522225161 0.017736387473514 0.0807219237621333 0.0487989618414853
-0.0384452759511869 0.0423964825497557 -0.0642014729128967 0.0166055830445951
-0.0201007147852169 0.0554063182786877 -0.0801258639168533 0.190721990405942
0.0113512967419809 0.0665914345791904 0.124018357406003 0.279582009402921
0.0431771887863778 0.0650456824712469 0.277304718029805 0.206920247749247
0.039335921471292 0.0658986955763844 0.287860566421236 0.142650167132084
0.0286812114227963 0.0763144435618786 0.264019813790668 0.160214087875826
0.0026621421243855 0.0811926726813494 0.174341822829353 0.203842910143893
-0.0366638806457487 0.0454335144506574 0.0403457291071696 0.200413869524234
-0.0273429262318215 0.00231373452314657 -0.0482635946452608 0.101580256185491
-0.0212553927370466 0.0149066396925088 -0.0519197523784274 0.0803822999196533
-0.0635568758923028 -0.03810788301517 0.0295276946042845 0.113242504653021
-0.0794739502324197 -0.112695710979391 0.0173029360682634 0.316963765708948
0.0812343893625313 -0.0524725352232443 -0.00969610478006915 -0.364491955401963
0.00621045100584311 -0.109973471886844 -0.103104156204588 -0.151619220200794
-0.0824102825985069 -0.0453482596220066 -0.00558795948675908 -0.0642492963977754
-0.0596845649158914 0.0782531449177988 0.0398343902026105 -0.0567813205568823
0.0162542065131729 0.083943108602826 0.00591030853176504 -0.177992831815415
0.058758454281458 0.0500986044514573 -0.153011655634165 -0.224014717975835
0.0732974760585299 -0.000311558553629169 -0.266182262077266 -0.186902302524694
0.0827031429885519 -0.0141576413184485 -0.29194580619667 -0.153950640199523
0.0872730703865749 -0.000619799927869702 -0.273925911880909 -0.192794386236814
0.0647382312876585 0.0628516267178048 -0.163417258445477 -0.246724878343158
0.00315295958000254 0.106165806997167 0.00438933280943581 -0.213517382910094
-0.0908831120783889 0.0786951621852201 0.0277423487611917 -0.0506740229860313
-0.110640261489698 -0.082118524315583 -0.0780267281716408 -0.0969597785344705
0.0382711885165325 -0.142563479370586 -0.122522537147679 -0.319570541562576
0.124057809325114 -0.0550541404428658 0.180532400215323 -0.561165337434798
0.116308488236733 -0.195236280614645 -0.0332408040401605 -0.337884197532482
-0.04010704633284 -0.227450901619643 -0.0874840952465087 -0.149766111965341
-0.170730917296372 -0.0913181764827889 -0.0323782957249559 -0.0874950185478934
-0.142993611715239 0.135234855304809 0.0111147734051636 -0.0391402289860185
-0.010685894296754 0.193196937651776 0.00267017057445882 -0.140106226273064
0.10356514092574 0.159950736330203 -0.11469037433503 -0.190077481181127
0.171362619535154 0.0719541369371362 -0.20807770950326 -0.174789417672261
0.194423667032216 0.0476265398259165 -0.239600913791896 -0.144298153274749
0.197632695435278 0.0715563917103022 -0.225538184501184 -0.167023278765664
0.141444041974913 0.196145039298502 -0.14213138749066 -0.203669994533679
-0.0162364519065446 0.264048845826724 -0.00456469428545312 -0.173213912846932
-0.208969492424443 0.199521717612856 -0.00710392638236378 -0.0284009339423736
-0.298423601420021 -0.121918611365037 -0.116626445733911 -0.0860934059074512
-0.0674204148530171 -0.338579217123357 -0.134582656287198 -0.291535254796215
0.142306102365905 -0.280429781199921 0.140951985992107 -0.495596354746622
0.142821290062494 -0.321836453479902 -0.0738435023949803 -0.259169763264615
-0.0922390348679293 -0.336465891066747 -0.0617522204396486 -0.116496971657633
-0.260715701540623 -0.134176290113494 -0.0446615621279013 -0.110218820519044
-0.2251077022676 0.18520307749317 -0.0231289929141388 -0.0361681477384518
-0.0410601806857855 0.291645594598761 -0.0186942885080156 -0.0899147816703437
0.13421613106893 0.257972102420223 -0.073470022354001 -0.124458562172623
0.246440453328446 0.137647758420032 -0.122312707754917 -0.133807271369491
0.27732152055971 0.101520337575902 -0.15082154157944 -0.112379310272401
0.279137166750648 0.128556742114106 -0.14020471011216 -0.119907874290472
0.201430957209967 0.297204820393216 -0.0912787446942252 -0.13342659604494
-0.0205195876607786 0.388951100413866 -0.00164854235850196 -0.105661358404047
-0.288446202158134 0.309835911927936 -0.0332350510537008 0.00958376524230361
-0.452344686082484 -0.121801034313376 -0.141776358553652 -0.0497009112324334
-0.178782402960435 -0.476431426198811 -0.130971599496543 -0.219904971840191
0.128134012204452 -0.459470157059339 0.0963349202932305 -0.362059979257045
0.147026520222902 -0.413823355659939 -0.126217940446543 -0.126308895330724
-0.151046801177544 -0.422688489256697 -0.0236208109035643 -0.0420778943284714
-0.347491145238983 -0.159628865016075 -0.0393232446320555 -0.117461982735663
-0.291978550938222 0.232317671961671 -0.058987564862351 -0.0354095566246791
-0.0629417356038855 0.364030169054958 -0.0504865833745559 -0.0238324074254638
0.150174218461839 0.325619160260802 -0.0278056458896365 -0.0282989005835541
0.288635211359775 0.18484418232476 -0.0183663224877164 -0.0661934923312101
0.317964908302556 0.139231857002191 -0.0401939622622576 -0.0630085376297439
0.315456305661418 0.164158052459036 -0.0309512082867917 -0.0596201347084628
0.231234112537568 0.349927505725631 -0.0161300124218656 -0.0463408818162528
-0.017355931791465 0.45311753391599 0.0170537623129057 -0.019003090005846
-0.314542332305684 0.373845813308819 -0.0465141159304533 0.0574932316985346
-0.528278651119944 -0.0959293653085086 -0.145151783838441 0.00333317878320333
-0.258673240496332 -0.527601755200833 -0.1042653346422 -0.119162695223863
0.0897253696450235 -0.550522136896721 0.0594146109116673 -0.182433021211309
0.12490404424894 -0.453548554606212 -0.181409363951013 0.0502339872309582
-0.20105818290814 -0.450480055345756 0.0238362364206395 0.0695858002811779
-0.39599279038231 -0.153087006624917 -0.0201421682288992 -0.0996770045306847
-0.314276718661885 0.252786106197543 -0.0899484791936794 -0.0251700689495022
-0.0711063062364793 0.385677423638343 -0.0795498859891394 0.0582159806834461
0.150946056738346 0.343215081229492 0.0241268153582321 0.0828088625576576
0.289313191489436 0.202064316344858 0.0909899025728329 0.0162903596372821
0.310702318152408 0.152899261444354 0.0774412713035181 -0.00319107882523011
0.300735061599384 0.175297699967727 0.083345343369564 0.00664879749982802
0.218035117421754 0.346734917968819 0.0678126155826478 0.0413520501618804
-0.0188988409391022 0.435175222969944 0.0430895914016051 0.0710018717715147
-0.286676544562527 0.355825980843753 -0.0484520472258104 0.101833846244127
-0.492817718902014 -0.0633342258725799 -0.129357601312378 0.0546955963185423
-0.272647987175208 -0.481233092665724 -0.0593466226739067 -0.0166652454597546
0.0438365983981382 -0.543320345612348 0.0362396813640886 0.00595013646683642
0.0777585047179193 -0.420713206873609 -0.223620165069301 0.244092556470858
-0.217107539524028 -0.39657520252247 0.0738627758063109 0.195500496230354
-0.36472636863294 -0.113572000209934 0.00766098138637717 -0.058407263587773
-0.269557261261791 0.226583235323296 -0.105910960193386 -0.00392394223123644
-0.061162033243735 0.331181896990451 -0.0952621032709594 0.137426441562929
0.12493086229994 0.297571879609066 0.0759936804640445 0.18703316797256
0.245437225280056 0.183952052028677 0.189333890178176 0.0983913090621851
0.255846179242958 0.144155415923807 0.184204842271375 0.0557389260765905
0.238589480314945 0.163234129832522 0.182321804084469 0.0679035211976931
0.160664263489822 0.29169450449045 0.138406831751957 0.116607138550135
-0.028769799878345 0.339188260692442 0.0624499826438294 0.143139538891168
-0.216421966351459 0.256696490368479 -0.0476413153957592 0.125541949075181
-0.358444913779353 -0.0406996191846282 -0.102618872722682 0.0862558340717836
-0.219735762260101 -0.36339831513962 -0.0135581111330728 0.0601947676063304
-0.00247088747757607 -0.444400837754821 0.0248499190295936 0.165779275181432
0.0158128599338945 -0.310705887789757 -0.243798283978823 0.417543252151201
-0.186248434280922 -0.262049979485427 0.116062483805255 0.302490620865127
-0.252331200824981 -0.0490399088205658 0.0411422643303153 -0.00323132770183722
-0.167789079833963 0.149308820738015 -0.0979824972832129 0.0153971418435658
-0.0424238369955148 0.21164882727406 -0.092815972673714 0.190147740926276
0.0774121161951129 0.19844847632044 0.116353507899903 0.258624962713734
0.160209529169871 0.135131390109538 0.260454231152155 0.164203484214846
0.161605562458004 0.11410982125843 0.262745195225103 0.104699042514758
0.14279478558778 0.130778436426254 0.248918111543379 0.120009398272624
0.0831649578780336 0.198924455171845 0.178866068067599 0.170722878927517
-0.0399643800702078 0.19756279959194 0.0625349677491893 0.186782797393832
-0.126220080278655 0.121723128309949 -0.047585801137927 0.123409703256329
-0.182327505492496 -0.0200867010576391 -0.0748643250628024 0.0937239990890921
-0.137205631378365 -0.202872464139079 0.0190495050311874 0.101804339910896
-0.0442873323820387 -0.287110793600556 0.0211126766986017 0.271856714337586
-0.0466169883315554 -0.143533881365178 -0.23372010072511 0.537749345364627
-0.117532105810072 -0.0828069604639116 0.148974113480152 0.371172140716379
-0.0919217158506845 0.0208807516400213 0.082145214042543 0.046931210577611
-0.039236382424052 0.0444329372585209 -0.0690696884681671 0.0200550927331741
-0.0202892475136029 0.0581472551486063 -0.0787573654507569 0.202979422529592
0.012951944242313 0.0694286905912739 0.136818934038494 0.285102632908374
0.0459299554101489 0.0662865116855427 0.291174326706537 0.202221783996385
0.04210894851893 0.0675574108236246 0.300673122082332 0.137231744369359
0.0323533715765987 0.0779648289150718 0.276651080521202 0.155336392444996
0.00520500211526802 0.0839172884969514 0.186432749475292 0.201736009657511
-0.0388482091776487 0.0476852383401769 0.0481534657788084 0.20202336740923
-0.0297301301520644 0.000267044632996255 -0.0460610226311 0.103282712668388
-0.0180521917045863 0.0130299435454576 -0.0470374221975883 0.0854319235799924
-0.0647024544457182 -0.0365583655041278 0.0353914556693892 0.116939023690633
-0.0839386497318359 -0.109667952804117 0.022742277758832 0.321569706510074
0.0800268339388442 -0.0599315926538316 -0.0252071775593756 -0.367770068944367
-0.00246570856174422 -0.11225429138216 -0.113015850312886 -0.148388127732496
-0.0873168699380505 -0.0414412259245319 -0.0138401055375053 -0.064030867801662
-0.0546170726943579 0.0828127019659091 0.0364546213510266 -0.0557740263643641
0.0222636377684868 0.0829090953828227 -0.00298635106133838 -0.177813656346324
0.0639120352545662 0.0456259950507016 -0.165383917181171 -0.216567798438075
0.0747222425909481 -0.0062639329875128 -0.277566395808294 -0.172454485853429
0.0819868755092669 -0.0205925911314489 -0.304485924997319 -0.139629388720091
0.0874228601743729 -0.00714325390917973 -0.289304548829326 -0.181355304336306
0.0701667158247162 0.0596382722555336 -0.179286398386216 -0.241841895103997
0.0115695258069444 0.107870121817512 -0.00685033798794796 -0.21822687299449
-0.0865904696673296 0.0855231276054719 0.0291714969217676 -0.0529503972757187
-0.117787731709162 -0.0775704685777095 -0.0825727781641722 -0.0942570908804958
0.0298091195727542 -0.14808365607994 -0.138665117854023 -0.312867171184528
0.125424209225511 -0.0646758925516339 0.158189010097222 -0.575650556331464
0.109385723894434 -0.20731862268721 -0.0461838740299293 -0.338517563766169
-0.0550876799286339 -0.22892786169397 -0.0961868063496011 -0.146950896168445
-0.179183946427652 -0.0843369571703517 -0.0432039268986684 -0.085383103312207
-0.136065964870599 0.143604775837345 0.00959416798932876 -0.0366323806814895
0.00101099274307331 0.195972886247464 -0.00315590938011393 -0.137629934805494
0.115554551659045 0.155162195896617 -0.124180813194544 -0.185528273776481
0.177910213529438 0.0609412629405414 -0.219701296795718 -0.16541274971158
0.198776952380717 0.0355303952732283 -0.250285256865325 -0.132952673109667
0.203558136190086 0.0593897572090577 -0.239240600640885 -0.15801595821663
0.154947046796888 0.190568176491119 -0.155803247937287 -0.198792020357163
0.000604262773883873 0.268916082288285 -0.0150754433323234 -0.177606896115336
-0.199549259477165 0.212601502970587 -0.00533984537311696 -0.0271961455946202
-0.309855919423998 -0.108260900194235 -0.12054956949392 -0.0801539397516515
-0.086779156776662 -0.342768552073372 -0.149172648339869 -0.28250804213398
0.134987298426245 -0.294471471148897 0.118244426710183 -0.506610249033838
0.130740368622958 -0.336637733088796 -0.0831126457540198 -0.255848817244149
-0.111769713268433 -0.337959136668092 -0.0668521652159085 -0.116050979234044
-0.271883710166251 -0.125138230112595 -0.0577204337221765 -0.107694772271478
-0.217092277844462 0.198904932332233 -0.0254612150816327 -0.0315315092766544
-0.0246343139416853 0.298305724491329 -0.0221906148959588 -0.0858635261126884
0.151515889022624 0.253352175210976 -0.0781835485082129 -0.121326974999102
0.256823390970694 0.124229955697065 -0.131835070816707 -0.13025017134696
0.285994010223991 0.0857740615545226 -0.158908627016108 -0.105664866249759
0.288952402871144 0.112402641384971 -0.150173420590642 -0.114870569285252
0.221532331730485 0.290248607842965 -0.0994681187152622 -0.12952950715001
0.00217220205932989 0.396197836780462 -0.00845572385718278 -0.109653335891219
-0.275019061679312 0.326552032050657 -0.0297585505238191 0.012360980883359
-0.46587536296712 -0.10242642955924 -0.143106615412533 -0.0409473772138889
-0.205688428339183 -0.476231907071654 -0.142510980756543 -0.209761175173177
0.115242570524445 -0.473343012504176 0.0791060663819808 -0.369298701714625
0.131193713976909 -0.431537484220893 -0.129905946051744 -0.118345925074313
-0.175617014301058 -0.422034675536923 -0.0243045460067049 -0.0422870933212535
-0.361187900919605 -0.146241581271827 -0.0532866637342592 -0.115469954205213
-0.283257748060513 0.248797767211025 -0.0621968719664861 -0.0293508831970396
-0.0425978047977266 0.373507048352731 -0.051435619595422 -0.0162824459420702
0.172572329356246 0.321498752228486 -0.0267047028878449 -0.0272507687165855
0.30197046362068 0.169899821947423 -0.0236204090035019 -0.0688945441849983
0.329781867847414 0.121524809931808 -0.0438219172949545 -0.0616329266445508
0.327892995559889 0.147061104753884 -0.0364187411645558 -0.0590075208348919
0.254264139431403 0.341966270752617 -0.0177177111065241 -0.0458146806141855
0.00796113076126339 0.46096722290129 0.0142673676996001 -0.0228011401789109
-0.299467068299811 0.393725850570395 -0.0414902774538369 0.0611157034724869
-0.540979635583429 -0.0719310185593157 -0.142881767688339 0.0129382322165711
-0.289187623439388 -0.523366874833975 -0.108975341180064 -0.109484693773819
0.0738146164907158 -0.565564872715824 0.0477021989334091 -0.18695544044826
0.106917746246179 -0.469485483859491 -0.177545174085557 0.0632783350820758
-0.226243442059704 -0.447426713116071 0.0303224514601326 0.0675796104987444
-0.408681963326006 -0.139007835372423 -0.0325449783572806 -0.0984221261444686
-0.305408463728164 0.270723623585644 -0.0936367898731364 -0.0169805368498393
-0.0502142261140141 0.394843668183222 -0.0773662698885849 0.0696142005834295
0.173059782741171 0.340913251547341 0.0317503953998705 0.0835980108417804
0.3040128724777 0.187699696855737 0.0916081454803009 0.00816860231319197
0.323516283906371 0.136699375499943 0.0790728284422171 -0.00850743780892439
0.313557759704402 0.159902528805949 0.0831912568512522 0.000986183822668708
0.240914986642874 0.339555042454252 0.0717995390504554 0.0383063272129781
0.00576681004216384 0.442339322538188 0.0457046028961148 0.0669071375391035
-0.271559482471642 0.373314810981415 -0.042153935846582 0.105543134043038
-0.502763749962056 -0.0420504198595877 -0.122529408387618 0.0644269523925187
-0.301630787876892 -0.476699591967324 -0.0581080004340945 -0.0088369559681252
0.0268226251086486 -0.553820572315654 0.0328932891840508 0.00469844756179427
0.0619591105991928 -0.433662042018403 -0.21259171401478 0.26122243795572
-0.2391823569088 -0.391313520106357 0.0868786950135902 0.191094035190778
-0.374403263268773 -0.0998235585822075 -0.000862618022719473 -0.058581679378819
-0.262768690157949 0.241318041930012 -0.10870216235247 0.00459857757496418
-0.0448421156412855 0.339537816345804 -0.0897853081247042 0.151279329983035
0.143775486385842 0.296816844500003 0.0891187706547132 0.186282889481207
0.257846156476181 0.172809918037272 0.195656204288364 0.0861335507301185
0.266598588184463 0.131371442886645 0.1897653578436 0.0462278838299845
0.250068561066486 0.15197122039963 0.187436491309998 0.0587465263788786
0.180212965818074 0.287989289526933 0.147721478665082 0.109662406414195
-0.0112189275414262 0.345600202766633 0.0689638681747162 0.139233361730152
-0.20657925113225 0.268964843841732 -0.0404082236302355 0.129270315657682
-0.364598792759472 -0.026409473005711 -0.0936655346667263 0.0956510031769916
-0.241603182940794 -0.357546177774682 -0.0077532561867766 0.0654416315422209
-0.0175169773369503 -0.448334318923589 0.0288019487497406 0.165369827293138
0.00277865433946763 -0.316134871647796 -0.225489833685506 0.437538833064767
-0.200614346851348 -0.255984449461207 0.134207697838781 0.296888897868849
-0.255422638527852 -0.0394251151194818 0.0378966051846978 -0.00564619537728764
-0.162778861870203 0.159207466986704 -0.100690402233514 0.0232577305164093
-0.032369738681647 0.217007240117342 -0.0859301698064643 0.203718530516599
0.0888976694228396 0.198259842599015 0.13399590569753 0.257317193335984
0.16818938015341 0.128181912542915 0.270584830629952 0.149677786066166
0.169687779060831 0.107040095135661 0.271841221761336 0.0910360379011238
0.151699590472128 0.125103182822406 0.258496892044985 0.105685208248249
0.0954933451864798 0.197935836048868 0.191134560566417 0.161147564272998
-0.0317094913724544 0.202557623264475 0.0730604256460779 0.183002189611677
-0.123121275169156 0.12689724385786 -0.0414176579620931 0.126031941175443
-0.18304796886912 -0.0145580567952481 -0.0654190525784715 0.101239603978641
-0.148374753712463 -0.198434531222655 0.0272988794964129 0.103747585913884
-0.0544007241364737 -0.28545935818339 0.0311994454796053 0.27194724658651
-0.0536426585662861 -0.142020713813454 -0.212134745044928 0.558977904602905
-0.121672869601335 -0.0769053942018463 0.168193122622008 0.363707164389994
-0.0897662076198982 0.0248056388300036 0.0830239670805041 0.0428468362814157
-0.0370984029961746 0.0469765171068325 -0.0709490921442443 0.0252908880407613
-0.0178232651248985 0.0607968550261536 -0.0710564967023242 0.214931719766554
0.0163563406236534 0.0710983689739382 0.155041159855514 0.283347648490504
0.0491641611610912 0.0656111641753693 0.304363278291619 0.187770945689863
0.0465134838962216 0.0675121192928389 0.31191810132579 0.12277443082256
0.0374338421524518 0.0787856050869272 0.289126237029374 0.140461534098106
0.00945473900927607 0.0857753555052911 0.200377105949642 0.191736664269462
-0.0390928069012248 0.0504169695673768 0.0596624929463663 0.199152575050474
-0.0321815795984196 -0.000109374407499728 -0.040577933429574 0.10323534751896
-0.0149271002292925 0.0103030628901161 -0.038063649982576 0.0904886815661209
-0.0655021344099069 -0.0325847283617957 0.0449651282433781 0.116599936732861
-0.0892528684663506 -0.102376538384339 0.0354218038480924 0.322064081755036
0.0757059884736477 -0.0658486315127761 -0.0413881381161963 -0.361751706226789
-0.0110744416271974 -0.111428210465331 -0.120292658253468 -0.139565346692732
-0.0898475164152329 -0.0357468583731328 -0.0223654306195515 -0.0609709977522683
-0.047804565947697 0.0847892764153021 0.0326214586202487 -0.0538963144677063
0.0274008483393842 0.0800085660105416 -0.0115531523885452 -0.173118132330975
0.067337546430069 0.0393997142241745 -0.173923486203029 -0.204098096167909
0.0727888281598586 -0.0118605224685615 -0.284483946250504 -0.15390683693006
0.079099760521366 -0.0264679323961877 -0.309100376147677 -0.120981407559186
0.0856140646473302 -0.0143160637148454 -0.298052660159895 -0.163037288300511
0.0741606496806946 0.0543763822177679 -0.192059575425793 -0.230368584465911
0.0194729989338583 0.105583187194133 -0.0186864492273206 -0.217289592010856
-0.0797870689321209 0.0897985941636154 0.0298589588308847 -0.0540043919633386
-0.12227609729013 -0.068824583105688 -0.0858987262908853 -0.0886969529382723
0.0196506260688711 -0.14951724034984 -0.15068488364341 -0.296738765863178
0.122152270284531 -0.0742290899628176 0.129651439917031 -0.574952279580897
0.0978915626174848 -0.214277585581579 -0.0596079284483955 -0.331404044103609
-0.0695306416606093 -0.224178511655495 -0.102092766729497 -0.139633626722453
-0.1833950236726 -0.0744484803392886 -0.0527617425337667 -0.0803556645894927
-0.125213363055521 0.149666474364721 0.00747579145044814 -0.0331764569093065
0.0132481184479707 0.193415540362265 -0.00911493430514695 -0.13359059851741
0.124760621753923 0.144510779909364 -0.131469050279766 -0.175923189170775
0.178892077797243 0.0479735024905078 -0.226888460005855 -0.151114733065666
0.197952057711581 0.0223192235850329 -0.255204015628939 -0.117536814095486
0.203136041913209 0.0451219513779284 -0.247564780193194 -0.143023706481327
0.164699473385278 0.179879434271575 -0.164160986265775 -0.188415134540399
0.0166506162447254 0.265091328034638 -0.0253029293826001 -0.176724982358442
-0.184466400868681 0.220155351022924 -0.00254614337955153 -0.0261485829960366
-0.313623912441315 -0.091517358413672 -0.121119779826595 -0.071537248398583
-0.105214872607768 -0.336027347561302 -0.159832976258698 -0.266375534035367
0.12331564339345 -0.302836473446221 0.0913581610877557 -0.50541774463312
0.113442987573864 -0.345280993976955 -0.0905689168848762 -0.247156686912226
-0.130730420308648 -0.329480031969623 -0.0709018004140317 -0.111591742062833
-0.277009744411736 -0.110680092031958 -0.0689847830156743 -0.101142177106608
-0.203523991649631 0.207767482080635 -0.0263182804138138 -0.0268379293810155
-0.00585085755433626 0.296027397223372 -0.0250689518910656 -0.0798082704500216
0.166465857600976 0.241483664388085 -0.0822675385308203 -0.115460887291156
0.260908201791307 0.106182006389812 -0.139170415980363 -0.122821599802721
0.287901511112652 0.0666872970899591 -0.162549356618753 -0.0962404488092016
0.290434485899409 0.0926728136114035 -0.156520949969423 -0.105266953919635
0.236318801545478 0.274589736472033 -0.10496902146996 -0.122779520612986
0.0255982883457086 0.391337359284426 -0.0159329558865619 -0.109780286536317
-0.253201221295537 0.337823505329798 -0.0256882974003937 0.0144371737828714
-0.467182986276145 -0.0777131344043665 -0.139960914128937 -0.0309831088897083
-0.230668494893109 -0.463349977643547 -0.148150068331219 -0.194805493421097
0.0953242890276567 -0.47917795245346 0.0592379127434587 -0.366589837947751
0.110288006732536 -0.439177011184091 -0.12979659261946 -0.108383893303876
-0.19791620336868 -0.408049909669711 -0.0241729068603653 -0.0423051811656762
-0.364727772333254 -0.12926223736825 -0.0647534259577009 -0.108916771729844
-0.266261099979147 0.259726362309471 -0.0627882594649389 -0.0220495174546702
-0.0204183920411431 0.371832797273469 -0.0502164678915269 -0.0079242125664053
0.192085045214833 0.30946390127771 -0.0253446601235489 -0.0248397208843271
0.307377207516017 0.149447200081226 -0.0294843804542578 -0.0688426613313465
0.332753988092175 0.0997641157812701 -0.0459757427197059 -0.059284853337839
0.329582936239552 0.124593290512115 -0.040205660734289 -0.056267889689383
0.272581101299276 0.323681239378605 -0.0193940481502572 -0.044521814127466
0.0359082928468147 0.455924639929674 0.0107783736330989 -0.024933891980439
-0.27393269664061 0.403752112001484 -0.0351426300348525 0.063274589012499
-0.540825087003979 -0.0439883948870212 -0.13562643121719 0.0226376718168166
-0.315146270228862 -0.506569009857255 -0.109962716280741 -0.0971479476674162
0.0511884087531731 -0.566112931179551 0.0360762622129204 -0.184744956407263
0.0848282935156689 -0.474583175010703 -0.168157893697596 0.0739403797086848
-0.249850296819125 -0.431724031747655 0.0356311311513426 0.0626683515031055
-0.411728130821536 -0.119321486601734 -0.0436851814926658 -0.0937698991943298
-0.287481707136643 0.283798218107378 -0.0930075478437563 -0.00866800390704632
-0.0274002243534921 0.393067732763177 -0.0716702966511207 0.0789604609887994
0.19307269095555 0.32822414869581 0.0381830028559976 0.0809020434546359
0.310163129189035 0.166729201335265 0.0882581447862942 0.00025568361740774
0.326730440936658 0.115363923508744 0.0782087107589438 -0.0131411556496042
0.317188938710533 0.138928789727341 0.0813782520244498 -0.00394623525675529
0.257944238980928 0.323009910156113 0.0750169481265484 0.0330930673205241
0.0318060748253266 0.438540937988609 0.0470647185157566 0.0620699884393053
-0.248577781709377 0.382096645580718 -0.0348355346849777 0.106699118653607
-0.500442958606431 -0.017989698051142 -0.111808285310536 0.0727259947714623
-0.324501921789769 -0.457670941172399 -0.0540244087040709 -0.00138951437474175
0.004640841098408 -0.552441690191749 0.0290408302584343 0.0042732455850883
0.0407504192682885 -0.433340651740396 -0.193557629092447 0.271772688914866
-0.256760965796675 -0.374175903453354 0.0969552368950047 0.180769126983082
-0.375501746352968 -0.0821069245692997 -0.00988660996608458 -0.0564606191608187
-0.247121209396456 0.251248302220775 -0.107914800345428 0.0128158173811115
-0.0244247689850442 0.339119537949464 -0.0805578151286047 0.160628231008087
0.159890783407451 0.286015931677101 0.10077651002707 0.180219992501101
0.263597495560077 0.155419637852151 0.195876128879897 0.0714019889701083
0.271225792841381 0.115291913671676 0.191056492870488 0.0341339959784736
0.254462759698756 0.135877486419625 0.188201393986449 0.0463246588092543
0.196349240096961 0.275483703422136 0.153274069545841 0.0986730629043643
0.00840931176277897 0.342603539192272 0.0741965054837404 0.131352117774448
-0.190232116989681 0.274960413768589 -0.0322695266181647 0.129656462549698
-0.361536177956128 -0.00976211431129025 -0.0817585474280013 0.101735878548055
-0.257559682867726 -0.342141741399607 -0.00083547887808449 0.0680151685064607
-0.033889062198176 -0.442523901918177 0.0326917041344439 0.162759399576786
-0.0119087426454313 -0.313880725442088 -0.199313775180265 0.446320694533818
-0.211969772276361 -0.241250976895131 0.148453482770806 0.281870838812554
-0.253755777686979 -0.0283854012847324 0.0326294297617316 -0.00641798183885302
-0.152654187218719 0.164571952865758 -0.0990751000921749 0.030485611293889
-0.0203707621747052 0.217781123363798 -0.0735965614124491 0.212043549758086
0.0994843130044735 0.192723324766318 0.148257962261318 0.248515406171596
0.173220987201892 0.117525598277297 0.274761994081553 0.130829267921107
0.173712447013747 0.0969656458911687 0.275104686893158 0.0742393888028715
0.156912827551407 0.115811359826927 0.261296979546229 0.0892679884113321
0.106846994338644 0.19175662454316 0.199140478099343 0.1463810657849
-0.0216895584632984 0.202447184953478 0.0808987167220487 0.174012023535557
-0.116821727648867 0.130215690065782 -0.0341719787927173 0.125231868422752
-0.180794811342462 -0.00822018905497572 -0.0525079892486836 0.104299869656579
-0.155750392910926 -0.188038066808094 0.035487451741869 0.101911342305856
-0.0642806400746683 -0.278535723238858 0.0396052549941736 0.266809148237685
-0.0594806787066213 -0.135869244148131 -0.181490258133533 0.564449804771325
-0.123149538065796 -0.067932497361432 0.18434521091656 0.345850220772323
-0.0848478156849774 0.0275604596297264 0.0821094291718494 0.0380103141880415
-0.0343551374327987 0.0474873603135085 -0.0713431004048699 0.0302429718475606
-0.0147037324960842 0.0619756004508077 -0.0593416476021527 0.221600791045403
0.0201138533221913 0.0707458333414076 0.170109616066581 0.273268711904676
0.0518175104211716 0.0631677114260021 0.310230202771538 0.167963155924388
0.0501089060953219 0.0655626991938312 0.31587664338926 0.103850876058869
0.041905119813409 0.0771237779098894 0.293379739852908 0.1224507988585
0.0140009193506607 0.0852430574935037 0.208318206073958 0.175936411468984
-0.0384431291078782 0.052809693910776 0.0691849109744686 0.191114056538168
-0.0342857154981899 -0.000300522202429439 -0.0348612867507267 0.102151830089476
-0.0128732854460217 0.00755436701544915 -0.0268563180669942 0.0917784252158983
-0.0648216733563539 -0.0281359628693892 0.052509828125563 0.112259710827509
-0.0910251772275161 -0.0935931533386922 0.0473328912795407 0.314727332019578
0.0705281716888649 -0.0696135591591353 -0.0498471624885141 -0.350421970923295
-0.0178844671144986 -0.107646508515048 -0.12197713416087 -0.130411007271605
-0.0902990595545114 -0.0304076880879713 -0.0282253762164528 -0.0561107106896414
-0.0419252398837482 0.0844690352021853 0.0298525782876755 -0.0500935399614113
0.0307142115289009 0.0753890792783012 -0.0168052289689213 -0.166084060321002
0.0680266109923215 0.0331083509626527 -0.176104886529024 -0.18998788369326
0.0706225217609566 -0.0167165629641992 -0.281293838895934 -0.137025752709648
0.0746534411666591 -0.0306889399321518 -0.305880882231603 -0.105123688279255
0.0811685823080418 -0.0187583798312791 -0.297805219273753 -0.147288979239941
0.0752210331492936 0.0494039675625258 -0.196521666476481 -0.216807679843489
0.0252229720046919 0.101675576206082 -0.0269828809931234 -0.21283709720392
-0.0726462507578852 0.0907030886466303 0.0310154485823382 -0.0543659710270858
-0.123259778459504 -0.0616850979621983 -0.0852917553399239 -0.082674965168182
0.0118576872485702 -0.147223381826597 -0.154932687744422 -0.278655898904144
0.117587887503593 -0.0800023110514376 0.108377654170758 -0.563105369729432
0.0873198118298189 -0.216456021298738 -0.0653728441138723 -0.319222124942515
-0.0784322223081606 -0.215037315439085 -0.103741948842073 -0.132108598566847
-0.182943129601472 -0.065723529528839 -0.0596485523635731 -0.0727970684757635
-0.114705624975357 0.149821485642042 0.00692279482603534 -0.0295437746880833
0.0217655655185024 0.186736982411579 -0.0125046443688601 -0.126338203926558
0.128420938057213 0.133801988349025 -0.133563581688685 -0.16513522510542
0.175466474792477 0.0376235677131713 -0.227590206614802 -0.137557901513473
0.192129733685283 0.0116508968969085 -0.252999424623541 -0.104555529645204
0.197878650828428 0.0338096917136507 -0.248335727508999 -0.128917228431027
0.168517790123424 0.167588091212243 -0.167973595125248 -0.177816102862722
0.0284586503768033 0.257225571329705 -0.0328067184489395 -0.172868015864423
-0.170795497229978 0.220960995804353 0.000424116836648542 -0.0252240242548146
-0.309942568879262 -0.0778543051743561 -0.118159098023533 -0.0646697778413765
-0.115696277794062 -0.325684524262404 -0.16098789643068 -0.24801249933694
0.112670112497333 -0.303201783028272 0.0719897600608333 -0.491833672252355
0.0983325613522859 -0.344809306074186 -0.0917654740749172 -0.236446850889491
-0.141789195811526 -0.315646272014405 -0.0719391063395407 -0.10653881388292
-0.275809877485706 -0.0990045998377331 -0.0767650386825655 -0.0918345908558991
-0.189440964147063 0.208962317950517 -0.0253506026898659 -0.0218401789411698
0.00694304794575146 0.287525998926616 -0.0257112368772091 -0.0727423437176516
0.174332468649528 0.226511832055469 -0.0829026953979249 -0.108497757253723
0.256767791221438 0.0908764202740019 -0.142429239522507 -0.114248416670369
0.280574462582739 0.0515331695190218 -0.161812843589929 -0.0873559487378288
0.284174065321456 0.0774193745258727 -0.158080485486028 -0.0958978223338703
0.242076272682114 0.257100183950372 -0.106306412201889 -0.115751444490741
0.0415408495216039 0.381068748504911 -0.0221831508902108 -0.108220736059723
-0.232409846944815 0.336194626326742 -0.0209281345817707 0.0157155878968632
-0.45981283609006 -0.0596441896745839 -0.133344471422343 -0.0237065917913286
-0.241379611367241 -0.445483783087164 -0.147182261069288 -0.179374889095517
0.0819167670619262 -0.474728015970354 0.0433577048616449 -0.356797005957769
0.0929305758016831 -0.436357435350362 -0.124856248209373 -0.0998712556029646
-0.208624712320937 -0.390581951769677 -0.0231570254376827 -0.0427265827118766
-0.362178588467175 -0.115826232049675 -0.0736232470929646 -0.0998664688328369
-0.24944296449895 0.262215295384927 -0.0605450856480243 -0.016365964344558
-0.00476573237204826 0.363242694625907 -0.0479664089655019 -0.000560446505874996
0.201470524045171 0.292195029745393 -0.0236513709121207 -0.0232487550138128
0.303938953155531 0.131562312335307 -0.034046455052261 -0.0674541309251962
0.326641544213512 0.0819173706024208 -0.0463988218883455 -0.0566778449632015
0.323695772800987 0.107297916973555 -0.0422955220464635 -0.0530958871987351
0.279092021005881 0.305598071771913 -0.0194267005434473 -0.0428974480836712
0.053507836435913 0.444349875777043 0.00709474768080612 -0.0257539920069936
-0.2517269752052 0.401723758986377 -0.0291584567566367 0.063444779076848
-0.53100013630232 -0.0247635771700041 -0.125705386246814 0.0281315471038866
-0.32723889502906 -0.482634068979848 -0.106419981402755 -0.0866056392642329
0.0370327608335562 -0.558348899777557 0.0265148146149116 -0.178942189860518
0.0669449445383518 -0.469823257148167 -0.156858265679198 0.079309915292859
-0.258668810340896 -0.41145242939006 0.0376481804595821 0.0559505041650597
-0.406283970657695 -0.104695555235436 -0.0521264814964719 -0.0862434214008591
-0.269434642677184 0.285208742657664 -0.0902938185199679 -0.00263630752591511
-0.0112928390936381 0.385331412387703 -0.0653636581736333 0.0854723668785594
0.201070946336462 0.311864737345581 0.0430953286789431 0.0779223693447954
0.307383195157808 0.149824716637191 0.0827522797627507 -0.00499564560392083
0.322330715378721 0.0980823444471026 0.0767242383476512 -0.0167898874062563
0.311778941749265 0.121180312079475 0.0787926291191801 -0.00683760843551415
0.26608141559718 0.304996520397282 0.0750351564812723 0.0281730592663784
0.0486245431004955 0.427036027159247 0.0454511925542178 0.057008675908407
-0.227674488327499 0.379293739359119 -0.0276864473739849 0.105149472103629
-0.489714898787517 0.0015218777474831 -0.0995660644848638 0.0761778281576661
-0.333771385098181 -0.435555876558698 -0.0480686887899264 0.0043433500725482
-0.00735443103147756 -0.540671972686051 0.025728136530933 0.0056295588318134
0.0255949842965359 -0.426276190816364 -0.176005004505465 0.272076324486801
-0.263788253145513 -0.354632915297373 0.101565066120281 0.167983140416076
-0.367980252233244 -0.0709855820285818 -0.0163162802222006 -0.0514804465161492
-0.231371198544965 0.252947567538558 -0.104664640482619 0.0190379834489635
-0.0115444191007814 0.332003413083431 -0.0707765334431128 0.165683254890546
0.168566308613318 0.273057897060351 0.108556054568889 0.172075631024346
0.261862445766252 0.141198499876897 0.19007411644111 0.0598638257514909
0.268503524466474 0.100638327135835 0.187941009720637 0.025006795586528
0.251953977612543 0.121478123896855 0.18414723256109 0.0372006965419886
0.203498086928202 0.260820582734751 0.15459375524411 0.0884121178242514
0.0211898602060289 0.334750145218539 0.0753415870580876 0.123167368203605
-0.175791430346368 0.273207329185231 -0.0251326486106897 0.126376290250366
-0.352669583680118 0.00128295802411374 -0.0681794574730099 0.102366375634089
-0.263040848635144 -0.323790998875626 0.00602107578518709 0.0678472849637372
-0.0423108677292548 -0.432013786473683 0.0333063297377794 0.158551655519154
-0.0210501678981827 -0.305245533968799 -0.175522227291394 0.442147547017433
-0.212597277471441 -0.225873126825224 0.153363823955376 0.264467435712054
-0.246784701594552 -0.021348737519932 0.0280175598927559 -0.00652930843761837
-0.142238822717298 0.164212555301429 -0.0965052895616117 0.0346077248699374
-0.0110068833891698 0.213383951006793 -0.062920873708661 0.214230712236711
0.10595248273867 0.184527522911876 0.156354369448194 0.237684887876352
0.172212434982058 0.10803742881135 0.270013788323263 0.114355205390543
0.172884296209888 0.0876632658820341 0.26989951229187 0.0607963927750414
0.156743081768605 0.106485300877125 0.257867004324762 0.0755703435484416
0.11190152783507 0.182347945631569 0.200222178079607 0.132233178786709
-0.0140053082579899 0.199060417996608 0.0833308575217048 0.164022360666043
-0.110405233292388 0.129590059321127 -0.0285954578636427 0.121508626113528
-0.176096710594859 -0.00469359247140844 -0.0409080450201099 0.104138318355478
-0.157278467460694 -0.177721967995408 0.0414199463994849 0.0982654419087227
-0.066969671526527 -0.267571442115852 0.043609196025502 0.258232522619461
-0.061139060491484 -0.128698132737441 -0.158658998041709 0.557001106492093
-0.120524324109684 -0.0596063622897587 0.189414615204458 0.324959416006705
-0.0799374443469851 0.0278452657954944 0.079096107276964 0.0331629673732159
-0.0315726690540472 0.0463057599270406 -0.0698666635437874 0.033490363278466
-0.0123544915151519 0.0612101469385903 -0.0492963075885553 0.222181424851345
0.0224692635490768 0.0689762045793077 0.177949232332576 0.261475468080278
0.0531550808093531 0.0601723089268507 0.308054752287206 0.149650691947657
0.0520525160372155 0.0629104851911027 0.31099702155541 0.0878280130563996
0.0444567597751347 0.0743471420760639 0.290330842569972 0.105207617644986
0.0172279761885949 0.0834174505663802 0.209816357184059 0.159943913959852
-0.0373611314800426 0.0540485481486298 0.0738935208021302 0.180481522826269
-0.0360756667383897 -0.00048693557842556 -0.0310520717371882 0.0981509350707767
-0.010909479313788 0.00391929099074044 -0.0170240854318091 0.0893712801473704
-0.0620341555887723 -0.0245546614653366 0.0571886562460869 0.106095791989658
-0.0889238587813293 -0.0849682773404321 0.0528154310534205 0.303497849893786
0.0947190030139059 -0.0344576326215368 0.0916201286689051 -0.338780716590505
0.0274980542372199 -0.102387380809238 -0.0628421910686917 -0.16454274732941
-0.069571420334457 -0.0643276403689397 -0.0101302545941852 -0.0558690857085382
-0.0714208190278043 0.0569416608025685 0.0504012880314799 -0.0260976755209709
-0.00365310918666151 0.0809085478328251 0.0576850986806334 -0.152923023240338
0.0477024388659783 0.0559086108606555 -0.0763191173031582 -0.240045494526625
0.0691014932814055 0.0113310546302744 -0.195209699871875 -0.235750596407708
0.0776144604441905 5.92781633086594E-05 -0.229820588370403 -0.215626317723611
0.0776537792857556 0.0133807501840845 -0.206955145149398 -0.248373831049469
0.0473360060287918 0.0730342528566867 -0.090071619028396 -0.273469856859664
-0.016414975904577 0.0998271597842506 0.0617711683142946 -0.200766845883238
-0.0995601949021272 0.0532813699285599 0.0519539142652122 -0.0358850896862713
-0.0929573318328456 -0.102000200087259 -0.0410703630407804 -0.10965527161618
0.0589323308078528 -0.13147533297469 -0.0196632788967471 -0.306662778911233
0.137743142771633 -0.0417468843478603 0.330245650457473 -0.452572942585658
0.176011468293023 -0.160729235291024 0.050778588471538 -0.315637276884641
0.0210421725207322 -0.222542160777976 -0.0512830436095285 -0.15659813996474
-0.137357420282897 -0.135181590798776 -0.0351465109953443 -0.0767382351649515
-0.161962297625089 0.0824357834252737 0.0243033517861172 -0.0111647676448658
-0.0578401336139423 0.17402093064407 0.051318866844574 -0.113997315179096
0.0609719221738068 0.168848228554371 -0.0432283803501601 -0.201009860721261
0.139045556799288 0.101003831451593 -0.145603183050111 -0.21560774004704
0.16655127828509 0.0844424818799311 -0.183658297280508 -0.194571313667442
0.160529677747383 0.106111099851736 -0.170190585812969 -0.209965300910204
0.0868380523802333 0.215028793019368 -0.081259815492 -0.223036499652464
-0.0726773463579063 0.242135896106373 0.0389052357618436 -0.166268516403089
-0.237691180344547 0.13207530460587 0.00987888470225968 -0.0220227951066498
-0.257993840266759 -0.187023902881606 -0.0772831324847572 -0.10956775781938
0.00998317750633832 -0.339218760698357 -0.0312798930013969 -0.289073241673442
0.216914061711973 -0.24766025091671 0.278275713523778 -0.39879249901528
0.244018190996285 -0.273139420383947 -0.0211389311331147 -0.250382662349204
0.00898084593772395 -0.337124040165004 -0.0375433679893737 -0.118953744946592
-0.205510469668786 -0.205612360237326 -0.0460736266561156 -0.0950051767911462
-0.251854370077302 0.10195473705062 -0.00572023398214686 -0.0122656956833042
-0.113070766380228 0.256912552538723 0.0217238018400564 -0.0678102968382181
0.0628185731627876 0.269176901329298 -0.0166936224473675 -0.129366927279133
0.189583077491988 0.18083907550323 -0.0780741486961089 -0.16122783068755
0.230637016266975 0.155055428429959 -0.109263049628137 -0.144034873711264
0.221501120877213 0.177910772635643 -0.103718731095626 -0.142776549772128
0.118879142836491 0.323505489532127 -0.0513976035659409 -0.142483181846334
-0.107767440462355 0.357764867530199 0.0213186454947219 -0.103139730062542
-0.33908933029789 0.211453276478716 -0.0280422112157112 0.00601815884814693
-0.401863281757086 -0.226882566242163 -0.10754347286293 -0.0821863578214079
-0.0584745918265391 -0.491765151871636 -0.0413264914927438 -0.229874698573826
0.25284602896684 -0.413645401500072 0.203844324008498 -0.286676537027247
0.280966253939753 -0.357801636096407 -0.116199913769565 -0.139210764760046
-0.0161514831614767 -0.432778722247613 -0.0248355658154375 -0.0401745451163951
-0.274209253063182 -0.25774693633055 -0.0423165245914007 -0.0953030807989423
-0.326999030296154 0.123512129559807 -0.0375981091663348 -0.0169312924513562
-0.154192293882449 0.317695422999497 -0.0238335256331589 -0.00960698035797527
0.0597816547404435 0.338881179354253 0.00458124950424752 -0.0283688566838296
0.213237948209392 0.236644369911362 0.000580125219183407 -0.076823396719187
0.259347052061898 0.20120873608068 -0.0183479398770862 -0.070714336519135
0.246604139828241 0.220539065418319 -0.0185768809585258 -0.0586083570284245
0.135611293475179 0.379437972333796 -0.0028358075083088 -0.0413296171377628
-0.120451137466593 0.419971124806668 0.0131439403750968 -0.0190833637494292
-0.378967543245607 0.262984159565183 -0.0568283015706897 0.0455253947237481
-0.479318008851077 -0.221666761205688 -0.12138492678605 -0.0330547898533619
-0.118314728372382 -0.557071153503652 -0.0401883131130001 -0.135520235521899
0.243674412374856 -0.503161802187683 0.120062114618519 -0.135456160866199
0.272797112023968 -0.397474940897557 -0.221319100256929 0.0112804751500124
-0.0501020254060894 -0.471808836358694 -0.011617175925323 0.0744242556078729
-0.317575747564022 -0.267805870086088 -0.0274322428208571 -0.0715806357012676
-0.355876210181668 0.134537211452667 -0.0696397279194728 -0.0144138257252487
-0.169736357560868 0.333703235929907 -0.0744044045773508 0.0608645738277698
0.0521695053716149 0.357158145626289 0.023472852535554 0.0896305700227897
0.209275897331882 0.253771026076509 0.0802706510717645 0.0260142923882652
0.248989884072607 0.214280068807614 0.0755057501883188 0.0142160876084767
0.230650925307736 0.229445172624522 0.0710749982146025 0.0307459245561861
0.123227597303406 0.374504775176617 0.0537880877962103 0.0600763297492777
-0.117689204801999 0.403221685876379 0.0137440998473926 0.0699830709192955
-0.349239369032218 0.251981745039875 -0.0728594844600407 0.0841456134328575
-0.448164251933911 -0.183458331114575 -0.116986544424129 0.020616783378359
-0.139500701306462 -0.515234119353471 -0.0255945222764174 -0.0320281471749689
0.19797917616748 -0.499196715284358 0.043537964203146 0.026218650002137
0.217415149837952 -0.37607607448469 -0.313777510833683 0.178414280007179
-0.0775761271114916 -0.424165046463669 0.00190081542444381 0.199916666807395
-0.296264592889826 -0.221609988487907 -0.00643099027665992 -0.0293542083358907
-0.307983787247426 0.120588558937114 -0.0928272233684597 -0.00528846040885148
-0.148074108093325 0.286591827858746 -0.115115687466005 0.129594897048796
0.0375609430464767 0.309322117349013 0.0404024800215504 0.200473901058616
0.172261894473857 0.229101654738576 0.149445507307649 0.128380965107115
0.200844863171929 0.196102501091329 0.15812165975401 0.094900045035162
0.177544404060467 0.207015988380519 0.147602309654266 0.110148663513094
0.0845562188529971 0.311002728111082 0.100756145946323 0.144311152765059
-0.106441958310817 0.309350091005748 0.0139271843881023 0.139744403039482
-0.262357924091064 0.176082953437856 -0.0785421455443296 0.102136688529564
-0.322676287618447 -0.131597018822968 -0.0985081194617233 0.0588391983659853
-0.116123995801507 -0.389416805098267 -0.00686421046392746 0.0490010016502113
0.124433882060974 -0.408240200489038 -0.0168326507295626 0.1619183109891
0.119338120927263 -0.284781263831551 -0.372427291005637 0.331821256066948
-0.0878513940669126 -0.289391850716737 0.0149446926832587 0.305412959092297
-0.20801282133248 -0.125125929404045 0.0202392180178501 0.0213873766481326
-0.192915892443945 0.0820212471994509 -0.095937248168903 0.00472232133799192
-0.0984387013933226 0.181535187562391 -0.134827566912088 0.174231537645156
0.0174291651530879 0.205479587048418 0.0528691560278973 0.277930747829303
0.107204944072363 0.165338018629383 0.196949499220068 0.210146144934783
0.120968876131331 0.148207096612327 0.216889966042772 0.160917390646343
0.0995654737740819 0.156312827953961 0.198553266281466 0.171754242933571
0.032706500096294 0.206066895211576 0.124638784917122 0.199469866995573
-0.087315083554791 0.174388585631096 0.00606008959700308 0.177459936498639
-0.148882882625597 0.0724644633626328 -0.0768874918995747 0.0955051074146684
-0.157378338415819 -0.0712184443723623 -0.0724710014410297 0.0736143502352769
-0.0733827868155664 -0.217349298175494 0.00709005925714154 0.0952859780160149
0.0414988216811676 -0.263697157585738 -0.0555376008606755 0.250120831157374
0.00282504920762727 -0.141332567196553 -0.383216415093381 0.443015303722197
-0.0779574361316489 -0.103192206552914 0.0314874428224673 0.370972939873957
-0.0799370199623584 -0.00988361105455917 0.0563351144500729 0.0671200596482081
-0.0465566154647318 0.0257645929039245 -0.0764858618449576 0.00494578258722018
-0.0359074392816339 0.0472162361508309 -0.134278078526449 0.183893845555908
-0.00904925560195179 0.0702520156163388 0.0560532552788265 0.308259658498093
0.0213068083397066 0.0757082086431953 0.215572028566927 0.258741617275631
0.0226477865235276 0.0785665285598797 0.242608860048905 0.201994482568476
0.012617924946452 0.0843773021821429 0.213991920455608 0.209107828376296
-0.0148294785664527 0.0808009395791585 0.122672094319905 0.225758765418114
-0.0535394945728377 0.0349141477934432 -0.00783293594648869 0.186557871866431
-0.0331150900255776 -0.0152227017722431 -0.0678100153660031 0.0719705847337086
-0.00914063047391113 -0.0023612137369646 -0.0448842543443432 0.0729130961796073
-0.0432522006688482 -0.0434065648779337 0.0119576474075114 0.113666923871258
-0.0468051860877817 -0.102335407218299 -0.0734162448348606 0.289021612934217
0.0929146858397922 -0.0383793068180269 0.0899125840111309 -0.33648097125149
0.0228669698977466 -0.101998376065577 -0.0647029290470267 -0.161458113464351
-0.0718742743674998 -0.0618787530359044 -0.0153468643743066 -0.0534555237702879
-0.0689331643463861 0.0586880818418419 0.0487950999694423 -0.0234364649932741
-0.000751849769330285 0.0803136703624803 0.0552958660723952 -0.150844392597439
0.049075233235231 0.0525909941959614 -0.0796900355258642 -0.236275817729549
0.0686361807219667 0.00811143969419607 -0.197836613050999 -0.229135660611204
0.0761682421883133 -0.00275214019304641 -0.233099584772655 -0.210481923000501
0.076264456161003 0.0106080068735509 -0.212403665957534 -0.242689490357993
0.0491346001752183 0.0715271322102363 -0.0947738452950847 -0.271304046022462
-0.0130956728825443 0.0994007501859749 0.0580513846926199 -0.202637304216303
-0.0964193498040872 0.0550812234848629 0.0546835074422204 -0.0366029014067862
-0.0954122418057208 -0.099330497622403 -0.041487526793609 -0.107835905594121
0.0559118862140055 -0.132720255809605 -0.022356540917117 -0.2988798874662
0.137101339028732 -0.0467588376368392 0.32373793871436 -0.452471434978889
0.172526683308029 -0.165829906439643 0.0499642940728601 -0.312464141642532
0.014372864173718 -0.221640428366573 -0.0522165863252103 -0.154226773346433
-0.140607700106426 -0.132443865216229 -0.0411634325573643 -0.0734147598017441
-0.158308736995181 0.0860074197545433 0.0236083790945027 -0.00826520263805531
-0.0528573743543509 0.174526204941576 0.0490940732764076 -0.110954213390728
0.0647592740579515 0.165489942843104 -0.0465135373519789 -0.198071398331093
0.139532843502121 0.0960942310220997 -0.149795842035991 -0.211674029957584
0.166518439471624 0.0786501599583445 -0.186078435807998 -0.190457938095193
0.160313947846768 0.100744154257122 -0.174681434313296 -0.20548412017599
0.0910649210135983 0.2123233587601 -0.0851501033417721 -0.221767196472355
-0.0666794907821452 0.241962005984101 0.0352980396838256 -0.167708994023958
-0.232913114457923 0.134635876560887 0.0134577990485378 -0.0214241407786344
-0.261369127056615 -0.182211907571002 -0.0759570132299861 -0.105902664592685
0.00383483438001254 -0.339051872329062 -0.0326781231912052 -0.281769470110969
0.216644597525743 -0.252970795601579 0.27242857912053 -0.399616545521806
0.239681913340096 -0.278537902284408 -0.0193907658028287 -0.246543755594621
0.00152172207083612 -0.335630573356887 -0.0378887772138592 -0.117716741947275
-0.209565679958143 -0.202195981716468 -0.0530505303509676 -0.0902877266669974
-0.247718930817935 0.105857727637162 -0.00588284620104372 -0.00925622688955925
-0.106429009683775 0.257378591271389 0.0208606707342149 -0.0640145844721284
0.0697791157854832 0.265731508374478 -0.0176503798756195 -0.12749117117324
0.190870199943053 0.174758922069855 -0.0819505267277014 -0.159358026952496
0.231734846008168 0.147766471452545 -0.110442003043034 -0.141760564479824
0.221508035283015 0.171501373307929 -0.10609104454004 -0.140016358273883
0.126193794735386 0.319416062348018 -0.0535981740621691 -0.141231026431156
-0.0999958768293685 0.359881836984684 0.0173969995741224 -0.105252713899509
-0.333568475557586 0.214886365190265 -0.0239391021246095 0.0076132345761064
-0.405486214230092 -0.221868539412849 -0.104076950053359 -0.0775030291004076
-0.066065361267043 -0.491538095714288 -0.0411314723641984 -0.222368789406169
0.251442727909112 -0.420000343533305 0.19826565229051 -0.28476085318857
0.275802492531424 -0.363294615293478 -0.112553993876097 -0.135036512682483
-0.0235568825246107 -0.429045965238372 -0.0237356666570001 -0.0412289744959713
-0.279068155346855 -0.254376532799396 -0.0494064106622986 -0.0904218573433491
-0.323255159029317 0.126472894522871 -0.0381863445291962 -0.0138510595554779
-0.146191467166877 0.319888268459763 -0.023334716885604 -0.00427731707071038
0.0671993760808296 0.335403577817679 0.00544165018501663 -0.0268997615467564
0.215894513301265 0.230111571677434 -0.00393425310096161 -0.0771060627585776
0.261475512105149 0.19320190953038 -0.0187791353438601 -0.0709043774714632
0.246785128810075 0.214122728846989 -0.019288846720486 -0.0573456817455736
0.143058154224347 0.376118436492787 -0.00304241555106246 -0.041825193811444
-0.110338601643313 0.422341816841773 0.0103129125118683 -0.0208207089648135
-0.371795045665995 0.26671913324011 -0.0526390003302445 0.047257847772946
-0.481455018782681 -0.214915796222268 -0.116218281273184 -0.0292065079829272
-0.12666562265493 -0.554462792158457 -0.0381366728282249 -0.129151837300359
0.241655212099897 -0.507628526693298 0.116307133815011 -0.13363736541263
0.268262387660154 -0.401891380803802 -0.216342143031293 0.0157670935738548
-0.0567972615099259 -0.468276147566863 -0.00984028148657676 0.0719229117263311
-0.32143198993042 -0.265569417927862 -0.0345247479928221 -0.0678187581793198
-0.351453865933847 0.138231871110167 -0.069552598027108 -0.012073956892747
-0.162857065905201 0.336663154762716 -0.0731495081305185 0.068220448828605
0.0600538871908184 0.354057214258901 0.0269828099259259 0.0899596814460066
0.211717638752243 0.249573142290419 0.0770623789872782 0.0234363546912394
0.25194148352883 0.207099377396349 0.0757169919317268 0.0108238016146277
0.231161884410601 0.223988967155148 0.0724411202676056 0.0285886263591184
0.131704933451119 0.371075945748662 0.0553939640614783 0.0576387752827509
-0.108523797868364 0.404474962938534 0.0126312976456142 0.0680135807343915
-0.343947921484958 0.254771143682866 -0.0690469610983971 0.0854592109813536
-0.450147154053894 -0.17881666208047 -0.109067994259132 0.0242900687189926
-0.147217272768478 -0.512868244784182 -0.0226621929478238 -0.027912705956043
0.195289719157898 -0.502243910024818 0.041171414468252 0.0276051495111874
0.211130014966559 -0.37737584030417 -0.307674189293851 0.183559528480172
-0.0825813791338556 -0.419940034625433 0.00424123332265226 0.195572740443834
-0.298269003749719 -0.219658967624422 -0.0119949878285944 -0.0260979672908791
-0.30510553445061 0.123636446266204 -0.092494629672952 -0.00297582224283006
-0.142830895230145 0.28867164943906 -0.112715084818722 0.13733003341363
0.0445815067166996 0.307131002443117 0.0460511806076563 0.199996339369837
0.174944487008829 0.2255627246623 0.148425179258949 0.122651221786749
0.202773639546789 0.190604115320077 0.159484967381734 0.0900447072117783
0.179347052647422 0.202084391715339 0.149713020619466 0.106732775199404
0.0911631696735777 0.307643897104749 0.10387346178155 0.139208705023791
-0.10040442527918 0.310875915429628 0.0141578610543345 0.136812672727279
-0.258476112810768 0.177991129975455 -0.0748675280814958 0.103321198713927
-0.323263801040063 -0.128132821321311 -0.0891821761694648 0.0612650104239532
-0.121062783975162 -0.386106456915781 -0.00332195780523473 0.0516197551593546
0.124553225296464 -0.408943656257126 -0.0176134022326806 0.162683432266139
0.116054402537621 -0.285011695719555 -0.365129179075263 0.335466902195863
-0.0892451780197479 -0.284250574982478 0.0177733318876371 0.298932362019073
-0.207655246224447 -0.124662997538986 0.0162170299827708 0.0220539622431982
-0.190652745952484 0.0823221991451391 -0.0961531960922101 0.00610769242989772
-0.0952850847340315 0.18237021115716 -0.132045046778353 0.180805193730656
0.0211762129722592 0.20484583169868 0.0593044793895868 0.277384121882854
0.108744523342053 0.163039248713238 0.198668510019566 0.204097231625405
0.123029477441489 0.145032667157976 0.219003037770811 0.154622024766616
0.10169964534891 0.154203995997068 0.200819765100514 0.166148678411586
0.0372985949111144 0.204832362188417 0.128027826698992 0.193472289115555
-0.0841358561833347 0.176093413489389 0.00779927667867972 0.17470223780922
-0.148565080253264 0.0730986804254688 -0.0745527192465959 0.0954118575079186
-0.156825666157877 -0.0713210843251226 -0.0642958003272824 0.075303876341344
-0.0752660222426367 -0.215005580048436 0.0107135549576034 0.0945790039473378
0.0416803932149279 -0.261305041238456 -0.0555767939326734 0.250099842865479
0.00130524119691975 -0.1384024636355 -0.376779980881479 0.445901537686196
-0.0771223618458596 -0.0996309752122703 0.0333961303720182 0.363221949100818
-0.0774811725007391 -0.0107388196900415 0.0544660294006761 0.0654248399096716
-0.0458751563076824 0.0249208516693815 -0.0773589237225505 0.00626111096209276
-0.0355437137937647 0.0474829943964228 -0.130745438800596 0.189330679640297
-0.00840671626496302 0.0701177339763849 0.0628620225131646 0.307171688210684
0.0221663737146342 0.0759006528364583 0.218488558071926 0.251364840648384
0.023862203482879 0.0786301461977639 0.24494622319867 0.195979678014611
0.0144740935054667 0.0851859370713231 0.217605003122162 0.201667213426717
-0.0127651389957893 0.0816342699890687 0.126349309780621 0.219490667609541
-0.0542599308243324 0.0363469808163801 -0.00519477378545356 0.183123896672302
-0.0354386136175248 -0.0162274743342926 -0.0664250579052038 0.0712502801033184
-0.00811891072251917 -0.00544555206802804 -0.037950114260962 0.0733304813014534
-0.0423080200536992 -0.0421913115121162 0.0147432410431079 0.111474756819694
-0.0463114650139937 -0.0974729138626821 -0.0725391211610595 0.287230612243259
0.0909866875007225 -0.0427632047771724 0.0847679433448003 -0.339549013178205
0.0169190557478546 -0.102615117794399 -0.068328402598812 -0.159331854611469
-0.0759346036752755 -0.058520858856501 -0.0206227609089095 -0.0510303001756411
-0.0654587349757081 0.0625231619426196 0.0482704403526465 -0.0217784111267302
0.00355395056606914 0.0804345237064498 0.0515589573737674 -0.150969427835065
0.0520841012034613 0.0496169444018375 -0.0877045414386901 -0.23270066506824
0.0683354366050744 0.0042369810813449 -0.205555554880069 -0.221595610141089
0.075271680567099 -0.00658041598965916 -0.240561178964186 -0.203265469724146
0.0755758683568107 0.00680233350654684 -0.223057513764053 -0.237456894783559
0.0519784185508175 0.0699112520426791 -0.105573494573628 -0.269845990832718
-0.00825156985556358 0.100314996603038 0.051956519882027 -0.207745658279078
-0.0938760234096004 0.0586890087035005 0.0579500198098571 -0.0397150392379128
-0.100765503125746 -0.0958522352051378 -0.043326935683933 -0.106780745438577
0.0508951082168959 -0.136219126131836 -0.0279875487827702 -0.294993628097382
0.137079380249441 -0.0553043127325023 0.314606113729023 -0.461725934418326
0.167762606862069 -0.173804412247305 0.0464863016965488 -0.314111579256478
0.00539354090521253 -0.222032206043063 -0.0557598353467535 -0.152753879270219
-0.147129118164828 -0.127831380700758 -0.0478435170799406 -0.0687992446620941
-0.154303268435918 0.0916236247329793 0.0236967892807874 -0.00646670746510151
-0.0457703681755098 0.176895374710398 0.0465491252781506 -0.109836237872398
0.0720937816252176 0.162403258033213 -0.0524397123676457 -0.196048333173675
0.142404645392393 0.0906900710982153 -0.158306822686155 -0.206340774645353
0.168467219131223 0.071889013553447 -0.193274368350164 -0.185934850960566
0.162240589656016 0.0946406664942766 -0.183567821026061 -0.199721891594697
0.0986680204542237 0.209878446965525 -0.0930337024404052 -0.221343042237667
-0.0578704051382156 0.24639625997773 0.0288480267211039 -0.171356706537674
-0.229272079245852 0.141519411405798 0.0173372483933931 -0.0217595771788486
-0.269823179262374 -0.176578764668478 -0.0764362082527503 -0.10374395534768
-0.00581640805289179 -0.343766047970247 -0.0382650934362169 -0.277170172349107
0.213362490917132 -0.265590817233923 0.264888533192171 -0.405218878903486
0.232580161946958 -0.289900157010028 -0.020766964859796 -0.246184619708712
-0.0100083994022625 -0.336308198583469 -0.0398500610919105 -0.117695758448323
-0.218507556329092 -0.197170627214692 -0.0611058333975888 -0.085159955435843
-0.244446871465886 0.114389447207285 -0.00564206780552059 -0.00670557835868345
-0.097158429905361 0.262804763750477 0.0200599949070375 -0.0609627343550791
0.0807625859893073 0.263459947003526 -0.0210407433972593 -0.126404651810947
0.196497375515619 0.168456226212957 -0.0892355889392189 -0.156499507804551
0.236909038198682 0.139401406233515 -0.115843366907822 -0.140541952915307
0.225946730903743 0.16426678383887 -0.111591556024667 -0.136683179290127
0.13801223437799 0.316702919446745 -0.0583151075607812 -0.140932270545653
-0.0880692280392832 0.364076353381891 0.0122554709101978 -0.107715623480648
-0.326742394501461 0.224867515515437 -0.019627623856235 0.0086201219970536
-0.41448502822752 -0.211145652698065 -0.102380721376027 -0.0740242597824218
-0.0815374430007769 -0.496093843690709 -0.0436033231344178 -0.217033719953738
0.245115980317338 -0.433448367271862 0.192417319981211 -0.29004889528102
0.267921697682756 -0.375823329292192 -0.111850207793055 -0.13203420940783
-0.0378304010184518 -0.430297826790629 -0.0238195432174377 -0.0421684986006722
-0.290648087817915 -0.248523053509857 -0.0575172934984522 -0.0855359813079275
-0.320735751654163 0.136262365681082 -0.0379975574688296 -0.0108665242870267
-0.136951480545673 0.327009431552807 -0.0231952322026912 0.00194584595217384
0.0810172656016845 0.334746779793378 0.00593289791814322 -0.0262856982966266
0.224036808481879 0.224212082996641 -0.0082761738469751 -0.0773097264095729
0.267841893781544 0.183797451889208 -0.0207756054123647 -0.0726401192333805
0.25233493545142 0.206125624544072 -0.0209835730195731 -0.0568723698224114
0.157746367396388 0.373588603786568 -0.00427167572574894 -0.0427007158314629
-0.098534010146899 0.428531517968338 0.00656481989717409 -0.0216544922321781
-0.366739687378286 0.27864554240442 -0.0478123879450615 0.049974733310186
-0.493371417003712 -0.20290675555245 -0.11145250528924 -0.0247694795366994
-0.143999211434982 -0.557958447561577 -0.0380752388641179 -0.124617869346616
0.234473154242143 -0.522015732577031 0.112399924811715 -0.134450088376368
0.259046486390467 -0.413740106979228 -0.213021125496498 0.0222450599009773
-0.0699193915070885 -0.468311287535551 -0.00761939381308867 0.0701338956757632
-0.331487867066842 -0.261444192550588 -0.0421796835517434 -0.0628215058244608
-0.348682178913026 0.146459068278364 -0.0700935812326141 -0.00878470285369791
-0.152512154716538 0.34426078456255 -0.0708770026711868 0.0770368436888144
0.0741920028503028 0.354037451992317 0.0319941416166926 0.090770652043101
0.220151317937864 0.243611707744036 0.0758869576802939 0.0203988233942625
0.258740283686113 0.198418195870947 0.0769397485340781 0.00673109779092665
0.238245005938051 0.216585887118343 0.0736112977142349 0.0261883553466121
0.146384937258356 0.3692549876626 0.057937182546953 0.0548241387102374
-0.0960781234589986 0.411708985223752 0.0116774367015716 0.0673360923224948
-0.33818405096339 0.264817119896478 -0.0635015943375624 0.0884966156180476
-0.460037875272666 -0.167043914977298 -0.102632498449979 0.0281688237744672
-0.162705987168511 -0.513867698706219 -0.0196414641516849 -0.0244139560339059
0.187871713083919 -0.514797330116234 0.0401326687856518 0.0291252244965
0.202515864528964 -0.386254254399478 -0.302520646117812 0.193261096056982
-0.0933287544377631 -0.418073013109002 0.00918827138187015 0.193568609251136
-0.306086185722396 -0.216151249127338 -0.0179060346837755 -0.023375400793417
-0.303598937996515 0.130561580709197 -0.0939111205342908 -9.27377469667954E-05
-0.135118078856854 0.296014502735614 -0.108874282529835 0.147000326744181
0.0558360568072544 0.307882373674689 0.0549849306445039 0.20128906171078
0.18251618992004 0.221838561374813 0.151033347794866 0.117981542154765
0.209340667125754 0.184184355180806 0.162951598809437 0.0841846930686848
0.185417603317621 0.197703961801887 0.154197512611101 0.101016575444595
0.103852144841325 0.307026001105159 0.108856872409398 0.13470160527886
-0.0906449152287158 0.317213535169416 0.0166523278541494 0.136696455274387
-0.255630604985526 0.185690651918485 -0.0704546348894163 0.106569175449501
-0.329443867699896 -0.12110087621879 -0.0814085194586612 0.0646638241048786
-0.132290910727398 -0.386505023427671 0.00156598861577111 0.0524855308546263
0.119511111916141 -0.416094914280513 -0.0163035895408893 0.165660088341406
0.109819182655205 -0.288612765211616 -0.358507050754512 0.348195100401833
-0.0967160607183174 -0.282664330749272 0.0239373182105488 0.297077327458373
-0.211582698816403 -0.122535672071294 0.0133751211105521 0.0236203212701191
-0.189305097228135 0.0863608800181087 -0.0974517838375401 0.00927375361248401
-0.0907310840387407 0.187081548392454 -0.127171820994235 0.191255889652721
0.0288118385812738 0.205739384369879 0.0708266732735832 0.278610548581668
0.114372500290557 0.16144669854492 0.204605956517496 0.197898302818394
0.128305196261324 0.1410937531727 0.225325702562971 0.147303376805616
0.106737613635379 0.152414531372856 0.207804144758204 0.158552437702722
0.0456708372008916 0.205510255700948 0.134643714109206 0.187542333015966
-0.0798018830830873 0.180818255404916 0.0124435562254776 0.173848936836024
-0.148559281233662 0.0766997415251429 -0.0711290609562123 0.0977314901084393
-0.159679901280342 -0.0693043231560558 -0.0557648369297277 0.0772101196783418
-0.0807109044124254 -0.213898304419392 0.0157170809166907 0.0953667730844309
0.03783293203042 -0.263038267517455 -0.0515788956503748 0.25375084530389
-0.00130744164069711 -0.137082418376848 -0.36937353553509 0.457685649134685
-0.0786457240480996 -0.0964912505810001 0.0398323289704598 0.360840660038
-0.0767764330948236 -0.0106210173111141 0.0536095372661044 0.0636994872274295
-0.0457870231862754 0.0246044299066786 -0.0795415355132576 0.00859366608500176
-0.035029459715534 0.0498093489727559 -0.125769473086511 0.198457367700003
-0.00638021461313276 0.0713361389217721 0.0750887637974237 0.309039917674752
0.0244452391685903 0.0765675351733856 0.226855858077251 0.245336528891495
0.0268245732032413 0.0789124782761501 0.252229668101669 0.187969040900659
0.0179650791121871 0.0863403797259871 0.225184699891332 0.193934795101281
-0.00952473596985794 0.0827460504202908 0.133238731091727 0.214382037928812
-0.0551288217951632 0.0395068863914927 0.000412995113015834 0.182667249601911
-0.0384220601848426 -0.0159603961976337 -0.0646328191515004 0.0720380603647696
-0.00731442235922372 -0.00785664532631821 -0.0300331865159664 0.0735852459563445
-0.0417911786211034 -0.040603533824352 0.0198820543282412 0.110503485186125
-0.0463490087006796 -0.0937491894944004 -0.0681445228791608 0.289860245670825
0.0873749995688109 -0.0489268646492884 0.0712040797120667 -0.342084348928662
0.00915455929644663 -0.102143746156018 -0.0748771797624849 -0.153896042251807
-0.0798167046368783 -0.0519812675473919 -0.025965248943641 -0.04667151983203
-0.0600286547147324 0.0663564522627403 0.0466717676307916 -0.0210039120494313
0.00890396709023949 0.0793460338928426 0.0445168314724528 -0.150660882410703
0.0548124930244668 0.0447690500542833 -0.0982222542085833 -0.225076688766213
0.0675918102228881 -0.00136240638948227 -0.2153733313214 -0.207356286992521
0.0726523387731093 -0.0112628551323121 -0.249968885192001 -0.189461747370861
0.0738995686233642 0.00128063523150061 -0.234880595269917 -0.22127557070835
0.0561209822048398 0.0661993145778207 -0.120239373943936 -0.263242448833041
-0.00169315017100906 0.099564735780355 0.0400601586659966 -0.211756988860007
-0.0890245136405611 0.0630242344472752 0.0594975076378877 -0.0439117215239925
-0.105516384827472 -0.0894547577279271 -0.0475856717676709 -0.103960428672561
0.0426145130981417 -0.139154740768873 -0.0390431951515201 -0.287501190886133
0.133505901152585 -0.064501303653052 0.292095972733438 -0.474099312198258
0.156624779381744 -0.183720146687755 0.0361428642946449 -0.314624467589435
-0.00786580576497247 -0.219556349310029 -0.0612248835644203 -0.148180698487253
-0.154904220245982 -0.118624838633662 -0.0549092133847603 -0.0625290571068995
-0.146587985964157 0.0999758970117433 0.0234596007861365 -0.00487781146257368
-0.0340635393357003 0.177773352509541 0.0418840207475681 -0.109000563163848
0.0810704830936296 0.155703072782303 -0.0615577897325754 -0.190807367938735
0.145648439233561 0.0807883577576603 -0.168061263230307 -0.19445142199246
0.169460048237959 0.0616469713213414 -0.201397024226202 -0.174505667509803
0.164706189320533 0.0844930048422252 -0.193225766135141 -0.188087873741647
0.110253098919145 0.203029922186959 -0.105105509176604 -0.214954975858285
-0.0430989391673791 0.247843061589739 0.0182002202365721 -0.17361872619301
-0.219463500490824 0.151930453079078 0.0200782513230444 -0.0238136684913687
-0.278036700093168 -0.161911655131429 -0.0788288292961013 -0.0987656113129713
-0.0239044750446265 -0.343656556312664 -0.0472541102102162 -0.268325155692354
0.20046354920427 -0.279030568617994 0.244980099415324 -0.414796852277228
0.215540948469561 -0.300999901192576 -0.0265018400625403 -0.243791488009272
-0.0283961741241297 -0.332982832335781 -0.0440742016677285 -0.11541100298391
-0.229547186234898 -0.184691872696489 -0.0683634446115324 -0.0769203096992475
-0.235848652469376 0.125512791801927 -0.00527979631917208 -0.00444230899771113
-0.0809081354399003 0.266585401428343 0.0182361764329026 -0.0573565921079358
0.0953424903090079 0.255472028043108 -0.0265499792003793 -0.123361468603417
0.202639269988415 0.156239700667833 -0.0986324089462897 -0.149411731444095
0.240909472840381 0.124056137469552 -0.122535933640375 -0.134278744633307
0.231044288593521 0.15091161593071 -0.117964939842413 -0.129269965185962
0.154971643569703 0.308502074752258 -0.0659769833521983 -0.137168659682076
-0.0666933294026287 0.368658216176566 0.00403829203968642 -0.108175920453923
-0.31431655786709 0.23910342747302 -0.015450303822636 0.00924264304846059
-0.424946729027879 -0.18982126128167 -0.10111571296986 -0.0683318385333898
-0.105677176312276 -0.491799824256152 -0.0499232527626917 -0.209573308705803
0.226037516157635 -0.449640227302787 0.178986249357317 -0.294977362306769
0.245970891869363 -0.389870249276435 -0.112459287390834 -0.12550562137945
-0.0581810234793671 -0.425794370352369 -0.0250674295419032 -0.0421218825610462
-0.304446124515878 -0.23471841043537 -0.065834443355978 -0.0771147868108052
-0.310821575641795 0.151033108028591 -0.0381035263830782 -0.0079964298104917
-0.117056648828684 0.3333923704466 -0.0210894103048497 0.00827477313401177
0.099591472015193 0.326885837680106 0.00702614337553131 -0.0248387051025754
0.234171727478209 0.211148488810132 -0.0141491930425607 -0.0756879949797633
0.27455368087373 0.166989265562395 -0.0250688808518978 -0.0723116093764044
0.260441972710502 0.191531737863079 -0.0237508133001472 -0.0560051586405241
0.179384484113804 0.36341357759797 -0.00639655835283475 -0.0429221700866524
-0.0711628685634328 0.432250856800632 0.00278851459883742 -0.0218430588219865
-0.349976013050857 0.294081868582508 -0.0408408106415817 0.0516104882907742
-0.501113748271991 -0.177505831656931 -0.106377160722724 -0.0191679555031636
-0.173164603950092 -0.550072912808792 -0.0388837624892485 -0.11832358913829
0.210635452759428 -0.537747303664592 0.105765387506145 -0.137015831424908
0.237214648145092 -0.42572794805566 -0.206540765484887 0.0326617594053229
-0.0921289973864835 -0.462504255803706 -0.00407910544138946 0.0678298647462415
-0.347128544997422 -0.24492964812184 -0.0491583977115646 -0.0560489912753305
-0.338985155909588 0.162383138597632 -0.0706358450610898 -0.00459564889286588
-0.132923513577751 0.349769581185911 -0.065381979092709 0.0856905101969527
0.0928712232464343 0.347107883055561 0.0390911406842191 0.0905203760437855
0.231833170244892 0.23117053155375 0.0740875522262668 0.0163700090872873
0.266719415622508 0.182277027523615 0.0763560783991481 0.000897551404842618
0.245562576655341 0.203190154530709 0.0746437804363236 0.0214978156652115
0.168106279230511 0.359049844257802 0.0602260561747454 0.0502659285172995
-0.0732439296843462 0.414961658300166 0.0126258764522156 0.0661218766494175
-0.32252660672716 0.280372809954414 -0.0559680523446414 0.0911159442031286
-0.467544345879751 -0.144056309778867 -0.0937755285661581 0.0326136775975205
-0.188395821341264 -0.504926255059196 -0.0165907957745163 -0.0211628617256152
0.166990468524042 -0.525582007880608 0.039885712316591 0.0298181709648222
0.183372679743843 -0.39438092641131 -0.289021098264396 0.207030711336958
-0.111346975670818 -0.410537061818896 0.0172008009330922 0.189313363144979
-0.317128591227872 -0.201741446744449 -0.0227929060912285 -0.0186107118708069
-0.295264186100384 0.143417946720427 -0.0943046129068843 0.00453293297157704
-0.118204232416401 0.300856381651939 -0.0996382837118876 0.1574991294776
0.0729342419852604 0.303654667056629 0.0677747487266272 0.198755911365982
0.193193336259418 0.211648365024576 0.154084215070377 0.109411684786205
0.217085072729472 0.171756097302375 0.165798918906221 0.0732192305071624
0.193452351194272 0.187059084693105 0.158335862510478 0.0911089470073008
0.121207399355116 0.299127356298739 0.114959145964074 0.12597743779471
-0.0722943464768255 0.321394842974074 0.0207811034297633 0.13499265747693
-0.245438530088255 0.196830524833711 -0.0622882081942877 0.109170351181119
-0.334239560737143 -0.105259910328477 -0.0702089626661463 0.0675770773634362
-0.150191453176608 -0.37796034850024 0.00680685463648572 0.0535522987775445
0.101606815429118 -0.421642790642449 -0.0104286610750393 0.168518847730641
0.0961312206132495 -0.291633915078651 -0.338808716627514 0.363309777646749
-0.107006862868135 -0.27564354879169 0.0354422508983042 0.290926591191705
-0.216758068580968 -0.113910775460859 0.0112572741444452 0.024989738273663
-0.185216359914573 0.0932691283148055 -0.0981691353098554 0.0134016152972709
-0.0810854731341681 0.190938501886983 -0.11634012129645 0.201482068497037
0.0399290490798545 0.203105166264538 0.0874585771078564 0.275061058820709
0.121762783884848 0.155295826406406 0.211765613340663 0.185598106054706
0.134542244421637 0.133495778061185 0.230566580584652 0.133426105320295
0.114186150344256 0.146616733846646 0.214330820550144 0.144647306227232
0.0577087456149693 0.201143416190561 0.1434525749994 0.176953512207145
-0.0700474350547442 0.184451860684088 0.0200086593772898 0.171618081950059
-0.144239772536814 0.0831623176469274 -0.0647375878749489 0.100225694787413
-0.162089289183846 -0.0630339523766467 -0.0445444072755311 0.0784183347891877
-0.0898799870476523 -0.208733605586554 0.0223001419046146 0.0932142773272642
0.0289586717564097 -0.263327375811319 -0.0421749474268143 0.256678249566815
-0.00717853520008598 -0.13441818603943 -0.34686065006355 0.473418858061923
-0.0804648073603038 -0.0916419088944316 0.053902884139627 0.354515948252447
-0.0759961663508315 -0.00911025827135881 0.0541875182556291 0.0613404992740092
-0.0451525768098438 0.0247187858902972 -0.0803679885412399 0.012112680067901
-0.033176217389293 0.0515570547256014 -0.114396970416563 0.207208740465538
-0.00272769467098534 0.0716706007468514 0.0927665975922763 0.304297794059438
0.0287266666030127 0.0760547835214366 0.238263871652162 0.230713745449963
0.0310774103352278 0.0774214298825096 0.259656393397267 0.173353941072238
0.0230441407401383 0.0856378798527241 0.233358059925494 0.178615598703209
-0.00472068943982015 0.08280669955753 0.142551980603031 0.20321599325196
-0.0540607527343355 0.0429220220111961 0.00925000889082537 0.17987102157722
-0.0412582667567436 -0.0145056576130544 -0.0609945235798877 0.0732333217019507
-0.00715714112751809 -0.0100229194762556 -0.0207956338939754 0.0729811137394264
-0.0422589844904988 -0.0377932352199405 0.026121431838372 0.107595341538149
-0.0477575813006551 -0.0888625803315276 -0.0564557600876079 0.292449299390736
0.0802624936517245 -0.0537373446784634 0.0565535363284211 -0.335044851317337
0.00157074300651915 -0.0979244994977442 -0.0785516903909871 -0.145145942794121
-0.0801713294691922 -0.0438961540863533 -0.0298593344130826 -0.0412493418619665
-0.0522470508531133 0.0677081116809202 0.0448944252204116 -0.019121251411339
0.0147355978077621 0.0751337717880057 0.0360010140957992 -0.145751043748952
0.0557434637614778 0.0386484367182869 -0.105305733628911 -0.210953983777623
0.0641284759180571 -0.0060932762945441 -0.21718581503753 -0.186453386586838
0.0684527056635505 -0.0158580725597328 -0.251071077287335 -0.16901076777592
0.0698416592759745 -0.00314925767228618 -0.238423972896474 -0.200677899274417
0.0577163914176889 0.0606409556803215 -0.130841070686905 -0.248515218566415
0.00452129150950747 0.0952533872729622 0.0268689727495267 -0.208230948432829
-0.0819415343400736 0.0651125422180429 0.0577826012346099 -0.0473441097668698
-0.107634793984353 -0.0793305660227488 -0.0502096481005566 -0.0979644718568536
0.0327836313943889 -0.137810743209113 -0.0473009960729396 -0.271362913403237
0.124732352779505 -0.0722753379653937 0.26221413792252 -0.471239578964437
0.140828201118179 -0.187137521007595 0.0246089475226463 -0.307282008428767
-0.020663906522839 -0.210323817287471 -0.0650174568425329 -0.140342592611532
-0.1566340206025 -0.103825709156831 -0.0582128597977449 -0.0534809989800066
-0.134444798095585 0.104061656431419 0.0235642175485712 -0.00350598451171179
-0.0212742319322554 0.172995710098409 0.036711128535849 -0.104429776778153
0.0873853636541173 0.143888117850332 -0.0683700212876199 -0.179516158502328
0.144113592080346 0.0692585819367632 -0.171908746610099 -0.177104919760229
0.165919912811148 0.0495132703075228 -0.204054481590185 -0.159228788485116
0.161066618926141 0.0720556574924737 -0.196423238788956 -0.170620305455428
0.118668908162601 0.18974793878664 -0.11368654440062 -0.202563724412424
-0.0276299724398909 0.241402461543219 0.00692538813813115 -0.169886177858368
-0.204033151710778 0.1572736544547 0.021820096021079 -0.0254886522037233
-0.277982822090321 -0.14086663974531 -0.0790084895237292 -0.09137603777851
-0.0418728601357238 -0.332051246597033 -0.0537164914300204 -0.253266120232709
0.180669389920363 -0.283882144347249 0.218981417883298 -0.411642420600532
0.192100958559387 -0.305052512206539 -0.032756502135465 -0.235341748557134
-0.0460509547889428 -0.318995877010939 -0.0467445022645874 -0.109856926428431
-0.232700410494232 -0.165204240501982 -0.0721961257002161 -0.0666714578617886
-0.219627841559611 0.133532523233207 -0.00480322978690338 -0.00253166214987303
-0.0618511589386364 0.261104044627842 0.0166586732027034 -0.0530702202263685
0.106626038694757 0.240712345662814 -0.0303915610048131 -0.116485353379321
0.204713008943169 0.138939644391128 -0.10348822393395 -0.138125768015092
0.237447026637647 0.105621027577881 -0.126056497553174 -0.123907834325959
0.228863442229013 0.1330346275644 -0.120625109583662 -0.118215620362637
0.167583365958382 0.288610070275002 -0.0715313374573145 -0.129591284689112
-0.0445523334751263 0.359096415007141 -0.00447054870848094 -0.105168160981791
-0.290685347867308 0.245795471318772 -0.0105971741598803 0.00846300822133166
-0.42191749338175 -0.162410352123136 -0.097380115179036 -0.061083761658967
-0.127542755091121 -0.471257173511632 -0.0539206569319518 -0.196090300706309
0.197960725217997 -0.450294745544777 0.16050506219891 -0.292975344362387
0.219462556183736 -0.39016173587592 -0.109682594487824 -0.117497715875009
-0.0788520731454014 -0.406758322060934 -0.0251391919646232 -0.0405260335581317
-0.308505760881125 -0.211525793744933 -0.0704618317372326 -0.0659104850591141
-0.292924605709004 0.160445537484387 -0.0373425747470818 -0.00475338131674466
-0.0943817984712612 0.32809222354367 -0.0177593345283135 0.0136732924428902
0.114500778845976 0.309360913449168 0.00771194364445243 -0.0235868353314612
0.23636506749286 0.190407629694426 -0.0190951542200702 -0.0720230493902601
0.2727850724782 0.145215761412252 -0.0286696407689413 -0.0697080063715078
0.259303435853064 0.170675011706057 -0.0255030963612895 -0.0524660525718003
0.194147538808473 0.338870539876982 -0.00888355649897123 -0.0419698807480291
-0.0456026093660608 0.422104965617006 -0.00104117109832254 -0.0211255753293033
-0.321878808941144 0.302163188908604 -0.0338631732294692 0.0511628273509166
-0.494895857940443 -0.146957467071627 -0.0988445552180518 -0.0138710219691838
-0.194072685357677 -0.524378279373978 -0.0392599488049716 -0.109943320123998
0.181262532269993 -0.533201500123273 0.0961872433674613 -0.134862117333858
0.208608628507686 -0.425058125126695 -0.19427224726072 0.0408549054675909
-0.111398269106623 -0.442048240801081 -0.000383351422387032 0.0644356352328197
-0.349342738791934 -0.219642468711711 -0.0526088947549981 -0.0466483411292717
-0.320700175792583 0.174034454648376 -0.0695151210514182 -0.000163756584907956
-0.109059195682787 0.345893777369863 -0.0556433058879168 0.0915085923817584
0.109205231112048 0.329971397027125 0.0453206333182426 0.0860815031175978
0.235511210454957 0.211044641579594 0.0706289405787455 0.0120093729027069
0.265755506027995 0.161519919934091 0.0726176711789955 -0.00445482079391486
0.24649403569942 0.183716440858829 0.0736848643957843 0.0161625031865844
0.181686615386685 0.33755929571967 0.0609957844195799 0.0442607481213864
-0.0461987293594237 0.405477244366222 0.0130340876826405 0.0636691482509337
-0.297928807889954 0.28692907333698 -0.0465281277668756 0.0901758186117672
-0.459397480467754 -0.116880700307913 -0.0827605111906225 0.0347141515068214
-0.207665331554205 -0.479686773150506 -0.0130109691786832 -0.0180647068297376
0.137569691628032 -0.519604981157051 0.04030475836528 0.0296633074517222
0.158727044396924 -0.389829427330903 -0.266949514688193 0.213912926613669
-0.125653608018072 -0.391517436163225 0.024815063899555 0.181113344521142
-0.318366662814819 -0.181216358063913 -0.0257520251555276 -0.0125990174028822
-0.28005140781747 0.152714757070905 -0.0926310359685606 0.00951500389995423
-0.0983845491241086 0.298179044641313 -0.0865426147774793 0.163042448852923
0.0872951768896114 0.288563347823022 0.0793659900569046 0.189605724899207
0.198262670257057 0.19446212125512 0.152828788784295 0.0973628481634597
0.217999839164968 0.153190381689575 0.163274803973305 0.0607997449481908
0.196092696711724 0.171139741378734 0.157979246253717 0.0778731940528992
0.134773858877246 0.281380607317639 0.117666827193 0.114723792959016
-0.0523647979352074 0.31499078331075 0.0256604439864533 0.129266641971643
-0.226673718144228 0.202148893622279 -0.0523501920746468 0.108072538597019
-0.328563543485569 -0.0852644120154626 -0.0580135257222479 0.0662445740702292
-0.164220774660558 -0.35828139564658 0.0122357831968351 0.0516859507776493
0.0814552334219808 -0.41393589571583 -0.00274569853043083 0.165483691454657
0.0801302425310969 -0.285060153945572 -0.310248454543903 0.367331847780602
-0.115235091089892 -0.260368931158274 0.0456199603536928 0.278467930672025
-0.21580857721122 -0.10131904474356 0.00991462278364544 0.0262340187087909
-0.175971555072639 0.0975636595208957 -0.0965424377892082 0.0177552288811794
-0.0686273802806339 0.189682970073381 -0.100942864869713 0.205621935747709
0.0493271127131943 0.19411893604705 0.101700720208714 0.261774649862398
0.126165387472888 0.144636405688298 0.212413455129691 0.167959396125041
0.136689803974815 0.122183613967155 0.228718286984244 0.115872505246345
0.118463891246101 0.136138779247 0.213294026166457 0.126647084795904
0.0674713594529852 0.190286682339077 0.147264841459864 0.161615874864997
-0.0586412373994988 0.182812868759533 0.0263494195516324 0.164126111923045
-0.136132317974652 0.0875330413572634 -0.0563332470808382 0.0994610940412739
-0.160130980334994 -0.0543841938997009 -0.0333453495341086 0.074903335317419
-0.0960860161578795 -0.197496627989326 0.0276140482753897 0.0880941453981987
0.0184559084514197 -0.255961782247644 -0.0298615695147042 0.251559109677844
-0.0120403727255297 -0.12733478597508 -0.31442124436081 0.47445734069314
-0.0798820541154074 -0.0835048831100353 0.0654227729352815 0.338131985669913
-0.073666847661308 -0.00699090811731371 0.0529169505166352 0.0577158975304149
-0.0436567135910956 0.0249878931206604 -0.079836658125316 0.0164577774205574
-0.0298954667049435 0.0516156360978902 -0.0996985012643965 0.209877741264982
0.000673622800263723 0.0699457665424765 0.107988560673163 0.290017321651232
0.0317361612726812 0.0728630762252793 0.241587518942958 0.209496400079415
0.0344821571891678 0.0740048719649306 0.259935120286878 0.153135326884125
0.0278046230906704 0.0818842326354321 0.233130596302772 0.158848449311898
3.41393592373223E-05 0.0797280057728363 0.146909268483276 0.186682318922293
-0.0513213965101034 0.0450654692722023 0.0179954702262884 0.171592385817376
-0.0419845052892625 -0.0121450487413135 -0.0556366626122919 0.0728197843754849
-0.00732603695840492 -0.0121067380471145 -0.0117742322472912 0.0687825511633912
-0.0408655340897084 -0.034310112722595 0.0309062736770127 0.100842149128592
-0.0469873498544542 -0.0818310356625939 -0.0423437019206857 0.286226083874269
0.0671278433496466 -0.0658640978358029 0.010541845402934 -0.317550807173237
-0.0117363003748091 -0.0908022370042799 -0.0900602946036363 -0.123903130424928
-0.0806857438365767 -0.0296338552423286 -0.0313712250580777 -0.0299381785932275
-0.0392776501012322 0.0688704707998978 0.0444479529588134 -0.0228872198882068
0.0235973214814187 0.0676945482066689 0.0183985231029163 -0.143601594039295
0.0558377808078771 0.0287178867939713 -0.123273439941127 -0.187844029221812
0.0564188648961555 -0.0134647922308942 -0.227315184889622 -0.152959832133522
0.0605354051711707 -0.0226336808015177 -0.254424806606104 -0.128231966187189
0.0631398166509085 -0.0107689600021245 -0.246069126002115 -0.160021395260086
0.0611240385704216 0.0508131191605526 -0.152865486106482 -0.216375822363916
0.0158438939558589 0.0893870665250593 0.00258976786058714 -0.200088550298771
-0.0687416249935512 0.0687393764183804 0.0518485637301927 -0.051156538556748
-0.110993639458293 -0.0580928326611086 -0.0624631674024945 -0.0847013764084597
0.0093607463327143 -0.128409638119576 -0.0749583575437871 -0.251744997547165
0.0980588221716522 -0.0872148111621631 0.198073611703898 -0.47957774446706
0.108346160488948 -0.202825445325976 -0.0184601418567917 -0.276246174246612
-0.0441040708052135 -0.194173079735211 -0.0761766138287867 -0.11822785081014
-0.159764927146727 -0.0773092224709332 -0.0564085472178085 -0.0346738209949662
-0.112485441448914 0.110939646723419 0.0288577378144502 -0.00575462174390256
0.00117965303067151 0.163179424581728 0.0280545826479152 -0.106795990150274
0.0972652370755139 0.123674743794125 -0.08210925660577 -0.166297479645156
0.138898813078666 0.0479262912272993 -0.181399861125798 -0.150909915651584
0.15874786776069 0.0258847173848669 -0.20935678525903 -0.124404203432491
0.157689717005637 0.0489979777239141 -0.20039747760249 -0.13780375775767
0.132689471297865 0.162722556429259 -0.126900744581256 -0.174730258254091
0.00400114034208727 0.228712772857022 -0.00894816094165519 -0.158757624262677
-0.171168876031144 0.16730708335979 0.0214495049346113 -0.0213965571657526
-0.277590501544281 -0.0939305087996826 -0.0919845131318708 -0.0727527370458561
-0.0799319814994641 -0.299043225714338 -0.0867302483398695 -0.240266566472025
0.124464474761615 -0.289605492369271 0.16543162726032 -0.422501788289211
0.142301483091617 -0.320828965752734 -0.0658100416034404 -0.191490499549771
-0.0778227819490278 -0.294420876308088 -0.0537889044359924 -0.0888879572096389
-0.2393968166409 -0.126650534315705 -0.0679367314926761 -0.0411271834908665
-0.189293734797275 0.147365132297499 0.00522405437215355 -0.000219075090948281
-0.0269338399793614 0.250308581901343 0.0195458868885344 -0.0572070422250763
0.126695509053039 0.21224308576722 -0.0359001652887956 -0.114671419913879
0.203339662443033 0.106184159062556 -0.110040091620827 -0.123280882239519
0.232474865144751 0.070469445270906 -0.132204519036558 -0.101891709781968
0.228355912774506 0.097449222729643 -0.121878572717036 -0.0982662738808573
0.190651069265289 0.247516753166618 -0.0755612676435886 -0.111341006853649
0.00310621897874465 0.341345280544076 -0.00917259925283901 -0.095273193054456
-0.241581575867736 0.260556569289337 -0.00341397470449587 0.0176325929770789
-0.413643059442196 -0.0948655673665093 -0.109283361080825 -0.0389560841338333
-0.175770401270269 -0.41890500792949 -0.0860512441542219 -0.19122231916382
0.120814219031618 -0.44343629828565 0.125898289256398 -0.307188284626802
0.15966390865228 -0.406186745967501 -0.126640395131173 -0.0629785766427411
-0.117746216623204 -0.373980097415279 -0.0249047832822467 -0.023441036310634
-0.315964652245029 -0.162099696550434 -0.0631474469019014 -0.0380921927841625
-0.256589665269765 0.179143202581498 -0.0240968402107132 0.00229850480715379
-0.0508839293083607 0.317190420563931 -0.00103527754175175 0.00853473947682791
0.143309494962429 0.275822473009661 0.0133755481205743 -0.0335736646592713
0.239847120647089 0.151651338587662 -0.0205009427198779 -0.0714943778517765
0.270809904212529 0.103454055925592 -0.0350518870238969 -0.0631755172985337
0.261526303067383 0.130087425269345 -0.0242092989968274 -0.048578387794956
0.221384234280616 0.292432382876534 -0.00434548157043682 -0.0365470720847976
0.01030533426855 0.398876628427459 0.00486504339784669 -0.0155698026520533
-0.264768590610114 0.314962294045264 -0.0196043550511582 0.0632768453925785
-0.478670450324535 -0.0725789886601515 -0.104898468521905 0.00659688588326148
-0.241468315157433 -0.459037309730755 -0.0670616780377715 -0.112916049180891
0.0971669898315931 -0.519528762919134 0.0819766634437993 -0.152199269377705
0.145535631525554 -0.437273686438036 -0.186785031817131 0.0992671304729191
-0.150551981249958 -0.403186217355967 0.0113242504761444 0.0733788669702578
-0.355310147936081 -0.167178096768755 -0.0428682697618809 -0.0208801809804309
-0.282989412566241 0.194506693540761 -0.0534416704309073 0.0102321433212145
-0.0636762996417346 0.336404402390436 -0.0266084428872789 0.0876186203336834
0.140432408420517 0.297138159122638 0.062877290690649 0.0652673424272205
0.242894626193048 0.170970751897868 0.0750061893491608 -0.00255054372045925
0.265974049591595 0.119340452771465 0.0677842915075144 -0.0140973877884371
0.252357165856348 0.142798973073804 0.0762202090329296 0.00450075294215371
0.209370265055615 0.288447240439123 0.0712887121968355 0.035346294576945
0.00666419639611149 0.384043456843926 0.0272674420064034 0.0633768247582489
-0.242705997494975 0.297876956820916 -0.0281375161959041 0.101031079986362
-0.441993616805109 -0.0484291123823758 -0.0818853370183228 0.0495093858269354
-0.247431963983722 -0.416944901297137 -0.0318921216065476 -0.0287189644244918
0.0626243975027546 -0.498583320092722 0.047195045582999 0.0104851320950128
0.103434313345258 -0.394216860666307 -0.232191313683102 0.267404452149787
-0.158040141232966 -0.35422294665353 0.0480046775159144 0.179027395016757
-0.322337903770764 -0.134882695612597 -0.0140367731969419 0.00566677502925463
-0.247330745035577 0.169887031281299 -0.0763346515637819 0.0230180862888364
-0.0601375796630174 0.290123374552812 -0.0479693354883938 0.160280559038449
0.114865288769116 0.261358308290812 0.106352255881893 0.160865061907135
0.207257151257854 0.159854318138042 0.162691786689564 0.0702900157458036
0.221245209988315 0.117824147915579 0.159933104071404 0.0367241458297609
0.203291003398847 0.136187900694846 0.161300120181358 0.0532178650755611
0.158817658709474 0.242995069251972 0.131199549532621 0.093781169871584
-0.00979443152893025 0.298549658717093 0.0447559553952195 0.121907439617276
-0.185812610506221 0.211705454519365 -0.033964761101581 0.115570977752944
-0.316232722468695 -0.0378975061462743 -0.0513839024210657 0.0725359128068516
-0.190610415595416 -0.311708060974959 0.00453611574396179 0.0368867162555133
0.0260025311422871 -0.392940857765075 0.0201958085842882 0.147125063729167
0.0428214671588397 -0.281313865764152 -0.252385400350909 0.408308690532155
-0.132398383184754 -0.231871613707431 0.0785267090380454 0.263910007565998
-0.214925411379617 -0.072748965181046 0.0198089992734054 0.0328663819346359
-0.156195057140259 0.108290580002048 -0.0838493478712365 0.0304599767261601
-0.044365012856445 0.185269950242113 -0.0600982412183423 0.205125874959197
0.0681020316116574 0.177345090392315 0.133890760210528 0.22977866053427
0.135664619319829 0.121734436951007 0.226756944966362 0.131657258500976
0.142382608788205 0.0983883429520532 0.228050925243749 0.0802204802096584
0.126810068703622 0.112498948563466 0.217139958321226 0.0930669439598262
0.084964214666401 0.166886509516607 0.161226384953083 0.133716732864471
-0.0313091913160275 0.176475138439726 0.0472341656931353 0.153348814003786
-0.115904600755564 0.0959649366997899 -0.0406934965954176 0.10368701638022
-0.155034725933814 -0.030739417706382 -0.0228630926649384 0.0737809528174423
-0.108765132371856 -0.170989724703229 0.0286195464621994 0.0729407529067344
-0.00979991195412601 -0.237692720799664 0.00214522869740875 0.236178591403199
-0.0253652510986882 -0.115506132753178 -0.238687088095602 0.495608543986432
-0.0802822114775241 -0.068911796757625 0.101514683899942 0.312450130897445
-0.0697743534894901 0.000227813083592693 0.0586719935046428 0.0502189730844918
-0.0403086284635269 0.0270026241006892 -0.073700857426976 0.0266633839883875
-0.0240193760978404 0.0520599625843492 -0.0639179866919927 0.21301267912132
0.00915314963169859 0.0662372650256546 0.140002063658634 0.259687193135183
0.0398683784673241 0.0658623877533826 0.256393754694671 0.171028157787954
0.0418402357485738 0.0652769347312017 0.261230470831622 0.111573098264819
0.0366622918204735 0.0719149290927622 0.237193264474151 0.121318810761183
0.00910415088418031 0.0726326013944376 0.161245748658666 0.156058289104852
-0.0421242859634883 0.0478805233568357 0.0361245275013137 0.159563913646993
-0.0402254093984597 -0.00666276500831619 -0.0451239280995988 0.0756703777620482
-0.00812835496889169 -0.0124690243872836 0.000543388280059349 0.0623952842231872
-0.038662021673744 -0.0281777121111906 0.0381015357306695 0.0891968597034324
-0.0472178286939796 -0.0677655337553625 -0.00878413936523082 0.274044282316889
0.0622574659036044 -0.0623084935825527 0.0169659942396742 -0.304557228941552
-0.012069033122955 -0.0843697410174509 -0.0835869513838535 -0.119129953553038
-0.0759799032796564 -0.0272968511988084 -0.0308457183726512 -0.0264654100830433
-0.0357525756225099 0.064214069278423 0.0436398815611206 -0.0197563146775641
0.0226566929934273 0.0631321495955323 0.0208258666313101 -0.135136950775703
0.0524519818118586 0.0265057646434403 -0.11435984783973 -0.178790206359561
0.0522707754991118 -0.0125504335700147 -0.212255183694554 -0.145965242242023
0.0565611337236003 -0.0212284400898325 -0.23958549739999 -0.123273735030073
0.058248692341973 -0.00961541013528479 -0.23166578454058 -0.153195986136761
0.0578417014225496 0.0480600773821216 -0.144097482339788 -0.206619699278242
0.0150490444442596 0.0843649312704318 0.00251523944661651 -0.190777356323892
-0.0653696508387153 0.0643992330672171 0.0512064674303793 -0.0499754258975761
-0.104773939676145 -0.0549986131195791 -0.0571856039647892 -0.0808063266057694
0.00930372463832558 -0.121677284712691 -0.063472985566845 -0.237782015512122
0.0923776967606804 -0.0833963189709833 0.193901523117859 -0.452394936324955
0.102934853802486 -0.191848782701987 -0.0112490100757364 -0.265240392029048
-0.0404645304762569 -0.182751750363629 -0.0696068549411973 -0.114074342479927
-0.149885806676022 -0.0722097943730954 -0.0540734741812833 -0.0302283227880134
-0.105127210135502 0.10362068100769 0.0279510904579607 -0.00380564406161851
0.000935406957329938 0.153307202801044 0.029299208782714 -0.100000381516253
0.0918430260360857 0.116478288214809 -0.075180105964571 -0.158386326133089
0.13063914526365 0.0457496632734691 -0.169687989437809 -0.143729360312276
0.149032371805804 0.0255271033502759 -0.197308071130447 -0.119510874723439
0.147362441230462 0.0486816072860013 -0.188414884765048 -0.132063205712365
0.125550121195763 0.155006509168661 -0.119755248648563 -0.166480434065671
0.00329005301704404 0.217371474547002 -0.00880085326741364 -0.151271661436029
-0.163935701628054 0.156753091451116 0.0227377973377794 -0.0223151136037259
-0.262511088895268 -0.090961644625751 -0.0848029791418837 -0.0705090308687592
-0.0739532022531482 -0.28554358799714 -0.0744305105896925 -0.226962797958241
0.119662397809943 -0.276180944405196 0.16416997259835 -0.398018661084813
0.137835059039239 -0.304129320498191 -0.0571485491924533 -0.185467753281535
-0.0709278679984516 -0.277235052255421 -0.0486327362999371 -0.0861434708555228
-0.226121842754718 -0.120323535920434 -0.0649602034744541 -0.0360923382285087
-0.179248224952537 0.137155649199658 0.00437999669368525 0.00116293205704964
-0.0260925610007438 0.236480545063943 0.0215019004892903 -0.0519486932438721
0.119240762672269 0.20037328060867 -0.0310671133279361 -0.108945685018143
0.191661341311908 0.102026160182411 -0.103144506014042 -0.117309293943382
0.219353832066251 0.0679224786835557 -0.125500859006479 -0.0974677062774944
0.213764209229864 0.0950695518791403 -0.114137572381611 -0.0942591401182551
0.180073521709544 0.235928307191939 -0.0713647619258233 -0.105717803234618
0.00204177532568391 0.32289472710919 -0.0103176231099811 -0.0894529369545108
-0.230655564262903 0.243521715768289 -0.00144883009959191 0.0150946148386326
-0.391969183871753 -0.0943298736572858 -0.100175878317076 -0.040040846859122
-0.162978700140241 -0.400228314389141 -0.0747452375514133 -0.18119993740289
0.119790590418526 -0.423992897655158 0.123385954795507 -0.289080474458414
0.153900166052971 -0.385638203857426 -0.115743142650466 -0.0636814345196927
-0.107692795944409 -0.355178721398218 -0.0218553767046023 -0.0244623939123439
-0.29889806479585 -0.155485617409894 -0.0604676452559727 -0.0325772582510341
-0.243344927567415 0.16853703326706 -0.0233890486297447 0.00291437731253859
-0.0499487833666286 0.299745303965147 0.00166006832766107 0.0106985323907391
0.134348212273556 0.2618077221275 0.015183119240835 -0.0322486396814806
0.226918538151809 0.144726847693603 -0.0199620929207186 -0.0669898622076372
0.254961663238876 0.0996249630523837 -0.0336994108200425 -0.0601336357980082
0.245427804145826 0.125390333160448 -0.0228003738546588 -0.0463492447992996
0.208411455917712 0.277764591398155 -0.00479932529685629 -0.034878199681154
0.00843378806808879 0.379350334819088 0.00252348312113 -0.0132828851796863
-0.253452961259799 0.295888249977062 -0.017177937398527 0.0578036975515918
-0.453827079763055 -0.0729453895197969 -0.0961553884616822 0.00276820209111978
-0.225180322113911 -0.439668415448898 -0.0582934299419355 -0.107049429112068
0.099443856507197 -0.495447546414165 0.0815195940649538 -0.142574935351146
0.143579694382842 -0.412826618999236 -0.175672158019568 0.0896418901680788
-0.138093528069643 -0.383480890120844 0.010559603309909 0.0682849577993406
-0.336938689450345 -0.161189812704529 -0.0413472013968192 -0.0157060262087447
-0.271012176849591 0.181054277213177 -0.0520856442961983 0.0103812639118361
-0.0619372940974871 0.318330365298681 -0.0225680142582778 0.0859452529127224
0.130756846723956 0.282040187144907 0.0620869352022983 0.0619385054209606
0.229488791282782 0.163836178569233 0.069775379080249 -0.00121652690932744
0.250674592097997 0.114695147562584 0.0630689964868232 -0.0129618552082514
0.237005317991505 0.138056102742125 0.0718956478728826 0.00377468778639746
0.197354298726604 0.274380280779423 0.0666983490298588 0.0332923908555229
0.00534142297791048 0.365438274837138 0.0234711901833975 0.0614258595432056
-0.232120933683892 0.27995985864249 -0.0253270580000914 0.0939389466894785
-0.418739344879085 -0.0498887025983144 -0.0739730265832622 0.0427428416574021
-0.230065151697062 -0.400106133613923 -0.0264055806307863 -0.0276010145664105
0.0661867832852028 -0.475271194254907 0.0457279822437122 0.0114564754517105
0.104072883873066 -0.373316697254917 -0.22276211423377 0.24984998330808
-0.144436113502561 -0.338205175885233 0.0436632535483259 0.1690746009203
-0.303730217190884 -0.131903094925349 -0.0141225776892268 0.00906993636998484
-0.237443990430211 0.158530769178775 -0.0752918007433383 0.0217308460349938
-0.058565944470191 0.275030412672193 -0.0441529724875908 0.155113142354452
0.106973722921724 0.248050465646392 0.102369787802235 0.153072220800699
0.195579811421607 0.153647239663154 0.152048369837205 0.0680608106748705
0.208961521899496 0.113460174265326 0.150541787179889 0.0359600172082958
0.191626164091746 0.130991629947621 0.151717984805461 0.0507419372132442
0.14963382672324 0.230659674003691 0.123082282230004 0.0883304117698605
-0.0103845018590164 0.284475891586812 0.0398450283716198 0.117404512356822
-0.178082815329536 0.198732607359254 -0.0320489554861654 0.108035620442022
-0.298794740860931 -0.039151007744231 -0.0452316899982626 0.0640671193411951
-0.17766928897551 -0.29848020400048 0.00616853653812087 0.0346641748447587
0.0309085997766613 -0.375178667407525 0.0184613099125605 0.141772622242758
0.0458981713155589 -0.265307809962524 -0.244124457807682 0.385577589996597
-0.120352373200441 -0.221521398921316 0.0695512803653857 0.25084455322221
-0.203301097188317 -0.0719785749784026 0.0177898978108619 0.0339834664141163
-0.1502052464755 0.100475076632453 -0.0823365198432724 0.0294106383225875
-0.0436681514937643 0.175756820379013 -0.0570322634952889 0.197629942570844
0.0641376555331816 0.168501759608716 0.127992968418827 0.218681710483386
0.128313428915385 0.116671790314581 0.2124410348985 0.126288420508718
0.13354079237546 0.094629810755059 0.214523161181787 0.0775646555665373
0.119876542609647 0.10729734525627 0.203374317805389 0.0896343215954006
0.0796237162240672 0.158108272578918 0.151195053826711 0.126632578531809
-0.0307900840646587 0.167532422296004 0.041889563052299 0.145655282848468
-0.110857403655532 0.0890800137381174 -0.0398492330643319 0.0970149469962307
-0.146495542086781 -0.0324727723069475 -0.0189764839089364 0.0656485579996464
-0.100328635176924 -0.164507020912314 0.0267107480007162 0.0689423813692918
-0.00400541473026009 -0.226299356587118 -0.000746502873584954 0.225992217512289
-0.0205296599152294 -0.108606585019777 -0.234109727484042 0.46809924836574
-0.0733334711985939 -0.0664548082797113 0.0895398639108437 0.297224055693069
-0.0662411727765625 -0.00133836998299437 0.0538061222293592 0.0502709823845192
-0.0397538100921062 0.0245457633658104 -0.0719720803831693 0.0259945948155096
-0.0232730140338532 0.0494009316947275 -0.0613897854001704 0.204313689906705
0.00767444251159951 0.0633689012501168 0.132826318458492 0.247572462522989
0.0382194963869083 0.0628320784978553 0.240215213391915 0.163229110781622
0.039898823260733 0.0628281044714046 0.245805813871846 0.107708000759196
0.0351731609125109 0.0688388353238521 0.222438169238652 0.116639903267587
0.00800235836761387 0.0685783713332497 0.150370910202994 0.147722892708452
-0.0411653480770283 0.0460202583920074 0.0321205282559623 0.150227106028068
-0.03938623861867 -0.00688779319722244 -0.0434581874987294 0.0698561269759341
-0.00802866086525155 -0.0132658335125341 0.00227462152296428 0.0555551131752454
-0.0343881998060917 -0.0276736466987899 0.0349407021573396 0.0843013471505736
-0.0414411642182416 -0.0643326913725673 -0.0120942150038332 0.2612125857575
0.0606319156522162 -0.0595689724834938 0.0298657453170854 -0.298919276118478
-0.010212000449008 -0.0807836115265405 -0.0767116495734071 -0.119679390832108
-0.0725509029828921 -0.0274950143423828 -0.0300018817482461 -0.0241927757861474
-0.0351063832117397 0.0609396022505395 0.0445531854205449 -0.0158435749004532
0.0204944132440282 0.0612478372510708 0.0259183241905676 -0.130328876846849
0.0503414897811694 0.0261619354900371 -0.104022667530442 -0.177561519525654
0.0507528084269084 -0.0112847818330667 -0.200186989593725 -0.148833255876099
0.0545753692762949 -0.018897990961772 -0.229651133347388 -0.128244344325539
0.0556328023044103 -0.00679644902629931 -0.220047866205768 -0.156624168850157
0.0553275296880556 0.0489599825719893 -0.134146582246827 -0.206609741991256
0.0131119966597883 0.082138101574641 0.00753558969445817 -0.187093321553987
-0.0654243436588008 0.0604599903582549 0.0535116568106218 -0.0491341021585084
-0.100255044741028 -0.0562936821765347 -0.0515265223341567 -0.080806172325281
0.012002828105268 -0.118408841891841 -0.0477474057206256 -0.233209515409864
0.0918278469661864 -0.0795586322556646 0.207335010226351 -0.432570876457886
0.104948354948781 -0.18355587890887 0.00165999643252398 -0.261528887521806
-0.0339972938711492 -0.177576129494846 -0.0629570137202255 -0.11466357236786
-0.143799563611301 -0.0740500347419272 -0.0520347675780549 -0.0285101563606359
-0.104079445620338 0.0964395630536964 0.0283585335887387 -0.0014225383560761
-0.00309621613532564 0.148761229320471 0.0339213823883991 -0.0951040477577957
0.0857603656270288 0.114783051776405 -0.0666659712098022 -0.157078413005504
0.125654347529634 0.0485367065146253 -0.159974880508162 -0.144999373977098
0.143041417047511 0.0294436685095899 -0.188947994527499 -0.12301262844009
0.140626336115653 0.0526769910902125 -0.179076993752612 -0.134672627810443
0.11778795386569 0.154948748421857 -0.112002066626743 -0.166312266916614
-0.00332831031569099 0.211335296006528 -0.0052746976399319 -0.147073498933233
-0.164606005529547 0.146702922238487 0.0248134622831415 -0.0230115546772976
-0.252927398768703 -0.0978075594386755 -0.0783380950340127 -0.0722316461683924
-0.0623560468202255 -0.282116567671945 -0.0590688871204594 -0.223239769037028
0.126355681502645 -0.266817791366407 0.176206538735354 -0.381764002406269
0.143259830908203 -0.293008734417079 -0.0459497426245665 -0.1859407951498
-0.0595350131119665 -0.271422381417628 -0.0431733347652668 -0.0881361916251441
-0.215886668580513 -0.123183919424318 -0.0626948509656997 -0.0338189269751956
-0.178005797462508 0.126643296704777 0.00471498035410602 0.00252840357318933
-0.0319667074028719 0.228430821317211 0.0254783161592971 -0.0485560913434639
0.109820364309442 0.198280810448966 -0.0253813617905208 -0.108210589144205
0.183037894789049 0.105874002896614 -0.0966100104469621 -0.116928340429966
0.21007082453159 0.0733197869178573 -0.1197156352899 -0.0998074176536891
0.20367465322845 0.100887576549128 -0.108252031180187 -0.0958636247887761
0.167975768492752 0.235759706856493 -0.0664966024266224 -0.105566905291988
-0.00714947415744669 0.315785992765948 -0.00900031364420167 -0.0866663159158021
-0.233653971098453 0.228110986837567 1.95027475121032E-05 0.012339295344238
-0.37937083115299 -0.106405560106823 -0.0933593907657603 -0.0442478655233707
-0.145090757747173 -0.398527271459729 -0.0621369485380338 -0.178237612033522
0.131750554398134 -0.412877090681196 0.133814273884848 -0.276761744270823
0.163181480843723 -0.370396670411374 -0.107927910645407 -0.0691150435589589
-0.0916539794839735 -0.349350039697508 -0.0195998288011251 -0.0267472637855815
-0.285274637850831 -0.160089792445048 -0.0583613894527457 -0.0300304012666015
-0.242174684006512 0.154644362915927 -0.0238392369496334 0.00368389676109537
-0.0566050549272442 0.290153483537873 0.00430036886662426 0.0127458737750054
0.122408525643382 0.258675100018276 0.0175218843613253 -0.0318244155543663
0.216560009291221 0.148808342885809 -0.018500331147885 -0.0654356565541854
0.24387425926298 0.105223705789259 -0.0317641513676065 -0.0598964629904898
0.233832419270516 0.132144077712025 -0.0202765677678571 -0.0465676285392475
0.195416286667753 0.276855817914415 -0.00381596224662712 -0.0345774173320971
-0.00377241434750196 0.370318838474652 0.000495428171555283 -0.0110146579867138
-0.257216084833441 0.279591942143874 -0.0168367916696402 0.0541738641793164
-0.441929599007723 -0.0874997730225492 -0.0904607057243408 -0.00353355703160576
-0.205009038270231 -0.439582594833672 -0.0488571168819935 -0.106203235700271
0.11444257432807 -0.482748848137411 0.0869882953976826 -0.135591921290784
0.155650034553513 -0.398549210809259 -0.172879969459725 0.0788575143762588
-0.118387757100448 -0.379298272072858 0.00874813595034087 0.0646643129887089
-0.323701822533237 -0.168467811498722 -0.0397949885238569 -0.0131474260283166
-0.27074583224946 0.166712644679401 -0.0534314555542759 0.00995017476871345
-0.0701692563173092 0.309791720102568 -0.0221032436321891 0.0860379374932215
0.119843717212392 0.279043529505521 0.0610174633373064 0.0617183759272331
0.219180099639375 0.167548646748027 0.0666278535210591 0.00186240390075263
0.240406841017724 0.120567781166264 0.0611957285639733 -0.0105264981749728
0.225751842526116 0.143161975202584 0.0695988180990975 0.00561431022683424
0.184882514946318 0.27434609661615 0.0631025206461331 0.0341491261825952
-0.00554344507895799 0.356466474278153 0.0187743651564157 0.0622171795278913
-0.235218184662237 0.264529729202974 -0.0266609642115485 0.0887737581012542
-0.406023894817793 -0.0644946692000872 -0.0708046154580226 0.0352628894343964
-0.211666184538588 -0.39979512630164 -0.0215584617084866 -0.0278237636131211
0.0827267531983889 -0.464771081361754 0.0450170841221639 0.0138671325538497
0.117295703811107 -0.360967827722804 -0.225685802530019 0.234925873985168
-0.126210640156758 -0.335932543966542 0.0361801193693886 0.164902128437825
-0.292991571193343 -0.139510292561881 -0.0141485135722641 0.0115977866432776
-0.237925288734309 0.14561340056984 -0.0761122180455715 0.0202270260841888
-0.0658381204670555 0.266934101555472 -0.0455285123903542 0.153020088605296
0.096941589815032 0.245912775247247 0.0970701525337262 0.15192092942285
0.185933488491304 0.156031230655758 0.144097517780924 0.0718918801674635
0.199365528712123 0.117703674763462 0.144670609453859 0.0400297545408177
0.182210736810349 0.135334891657738 0.145283737652959 0.0539486046914243
0.1389348996979 0.230168028660233 0.116339972774963 0.0895344563286454
-0.0184060937651368 0.277535017699284 0.0331901280640213 0.11626896741247
-0.180757353901713 0.186048801289466 -0.0341091315707107 0.103055688366476
-0.290257292423279 -0.0493930693454598 -0.0436476056302728 0.0572411937984757
-0.162821049128766 -0.29872160469111 0.00637328151579955 0.0335514743204917
0.0452512206011949 -0.366599844101446 0.0131663512791416 0.139581088940167
0.0570078799068154 -0.256828179311973 -0.25209661665103 0.367187869681754
-0.106650618494567 -0.221195319811384 0.0577929648836158 0.246379425314573
-0.195706864248112 -0.0777942670788872 0.0160507252314433 0.036330343892719
-0.151458212999763 0.0926940209438136 -0.0843471147248338 0.026911125484495
-0.0481519868102477 0.170449081855909 -0.0604929459300633 0.19326957648637
0.0566355587911323 0.166929575634229 0.119566922699503 0.217702486334264
0.121689374530779 0.118217958682967 0.202105975180505 0.130879039432365
0.127638522156548 0.097021189100466 0.206292284384508 0.0830756521512511
0.113110465471082 0.109602855350338 0.194575323386056 0.0933723544317745
0.0726840166458839 0.155904315645719 0.141956786911517 0.127260166214702
-0.0351686191726756 0.163086221441234 0.0350760642583566 0.143633624347464
-0.111865602258368 0.0824666906126337 -0.0412909087020747 0.0922470486832828
-0.141326607902818 -0.037493299337062 -0.0178827876528726 0.0590707905175849
-0.0915471864935802 -0.164840864792651 0.0243888251846687 0.0677183909983849
0.00668367882815931 -0.221700606077878 -0.00974965961252624 0.220584727521574
-0.0131422213122028 -0.106093132884487 -0.24642415736048 0.450850190377192
-0.0668960060460988 -0.0677993376005197 0.0742236941505401 0.292965029237859
-0.0642394567498779 -0.00446171601171343 0.0498780895698169 0.0517946321117141
-0.0405238599560378 0.0225792162690588 -0.073579818249838 0.0238989898445597
-0.0243424528404105 0.0477116057867248 -0.0654214261089681 0.199477600026155
0.00464024756688657 0.0628136207847611 0.123168880512963 0.24666545807384
0.0351932308909284 0.0629413088982698 0.228203395784635 0.167419434191579
0.0375366045595321 0.0628313332711294 0.235760375112041 0.113713963814879
0.0325739198756498 0.0679970268440646 0.210754062830285 0.120764396871133
0.00567827054615679 0.0671642158291247 0.139923405190261 0.148137195281866
-0.0423592532365355 0.0445060279786812 0.0253400772158928 0.146343077523199
-0.0393070995782707 -0.00832346370352729 -0.0457390460837342 0.0655423108607341
-0.0077424360902176 -0.0153243221051441 0.00246586044756358 0.0504841533332032
-0.0316094859385453 -0.0287123152545478 0.0309861053298928 0.0827714302614304
-0.0353765991894245 -0.063911938261533 -0.0227529676311917 0.255107459597704
0.0614765810690109 -0.0582634328336162 0.0426775862235766 -0.304137348544007
-0.00800053589466791 -0.0807059906800873 -0.0723604343057123 -0.12484934526009
-0.0720827558850391 -0.0291108064922914 -0.0302861127620243 -0.0241222310822136
-0.0360814841973002 0.0597874161812462 0.0471091971608815 -0.0139071038656713
0.018693334627653 0.0619882777226669 0.0326218263654973 -0.1306648246772
0.0496927374510535 0.0267948325169828 -0.0988311802391511 -0.183460547860949
0.0515515206493913 -0.00991069034948921 -0.195740631619934 -0.157440059542641
0.0553503219929495 -0.0172270544437945 -0.227900456275453 -0.139136570884721
0.0559325623174069 -0.00448929806475199 -0.217414775082201 -0.167124705891053
0.0547978178026325 0.0521188885302459 -0.129635619482794 -0.213685946759128
0.010803620314168 0.0834774323985564 0.0133513940959906 -0.18999582434139
-0.0684096678418431 0.058551458718709 0.0568404388742007 -0.0500018432887252
-0.0997529059408913 -0.0598921589373765 -0.0483577560621283 -0.0834498735398594
0.0154903481885949 -0.119546626555063 -0.0348074653049894 -0.23726645209354
0.0945373584365305 -0.0784183593951834 0.228584224331618 -0.43067035350712
0.111190410109129 -0.182721933598984 0.0139756758956393 -0.268863153864097
-0.0282473441544937 -0.179821042343244 -0.0582462542574805 -0.120000096906553
-0.142036274459531 -0.0785633335713753 -0.0523653863790601 -0.0284099191924873
-0.107398222821329 0.0930823107944597 0.0295091497259778 0.000820487547994858
-0.00794413890043656 0.148900699807774 0.0401281381568584 -0.0945052396003045
0.082953005031878 0.117932446419038 -0.0605588140063444 -0.161695850416746
0.124833177694958 0.0532103561964755 -0.155331141119548 -0.152334218213337
0.142756593247398 0.0350899981028443 -0.18731954697716 -0.131697057628225
0.139272678874019 0.0594545445056165 -0.175639107012906 -0.14365887071016
0.114792019372915 0.161751263424126 -0.107824685941393 -0.172683752264765
-0.00956808595070299 0.214497406710367 -0.00160196722079593 -0.149231350930967
-0.172596214885369 0.142260010334943 0.027763201201362 -0.0246643937110423
-0.253640500452627 -0.108404109964384 -0.0746693967862443 -0.0772778801930969
-0.0535972120877838 -0.2896958196219 -0.0462651144670916 -0.227050251000709
0.138040482016541 -0.268572278926911 0.196108376666208 -0.380508574018904
0.154592945668761 -0.292015572609748 -0.0367675601700319 -0.19381775524708
-0.0498693510713807 -0.276638482414655 -0.0392544622644786 -0.0924982666196765
-0.213743089859504 -0.131040419865623 -0.0627954110742049 -0.033502896308518
-0.183063889509969 0.121161170870422 0.00462151646840557 0.00376711670477534
-0.0399744063575606 0.230396205612399 0.0305232339397209 -0.0469411013202339
0.104695427013378 0.203286730829525 -0.0204179412847656 -0.111385164751567
0.182419037767706 0.113009703322521 -0.0941451321575404 -0.121707173032132
0.209294566713769 0.0812403571398725 -0.118059084100339 -0.10525430648794
0.201963080097958 0.110487806006352 -0.105789396804209 -0.101771982095802
0.163465395422433 0.245677495117948 -0.0643237824641302 -0.109736174681311
-0.0172550930539551 0.320497936448589 -0.0079385553577681 -0.0866427235388942
-0.245136139839857 0.222769103417266 0.00184992121689856 0.0105665781958716
-0.381802945723619 -0.121270674200789 -0.0902670030518422 -0.0501501984208342
-0.133369145454487 -0.41112679278953 -0.0512971254550517 -0.183468798158282
0.151104523906861 -0.416612755018448 0.148103342959565 -0.276042217711759
0.178985512563573 -0.370272505658271 -0.104569781210623 -0.0772032281560764
-0.0802195232874886 -0.357808433150683 -0.0176527318471623 -0.0298263972743222
-0.283343568709776 -0.172343538565602 -0.0580521425978401 -0.0292168892909099
-0.250722332999487 0.14708220266554 -0.0245384732339769 0.00437185559375102
-0.0670271336980825 0.291931720586434 0.00674021248913234 0.0154812454479854
0.115523604990757 0.266093908432282 0.020997739856743 -0.0326379719328163
0.214534946958657 0.158654630614518 -0.0170662746435127 -0.0667778643924348
0.242451214419152 0.115144749446962 -0.031019016671143 -0.0619028158394188
0.231582618947805 0.143561953415265 -0.019050141974699 -0.048060883501691
0.18926260947009 0.288348569098726 -0.00284336992871696 -0.0354279228994836
-0.0149349931531222 0.377079624335575 -0.000648346613393713 -0.00949201409900818
-0.271129822715712 0.273904166851748 -0.0170496538516524 0.0521746104235761
-0.444670967703001 -0.105100207484698 -0.0888236939384078 -0.0101523377067145
-0.193853744725644 -0.455552029120335 -0.0414940602463914 -0.109378867723437
0.136143276772057 -0.488746047439799 0.0940490833155008 -0.135391044389531
0.174388824278841 -0.399089012016868 -0.176848355388075 0.071391508281042
-0.104662943042378 -0.390067621732388 0.00691938309352905 0.0636748966819048
-0.321005283747205 -0.182716612826275 -0.0397058613928428 -0.0117067299088375
-0.279412272521085 0.158976164540638 -0.0555770938482923 0.0102706587270531
-0.0817060398029089 0.311598045011465 -0.0217470603783972 0.0890563996901246
0.112350918437287 0.287376311997319 0.061620869423615 0.0632609757591581
0.216388186693683 0.177230460323796 0.0662419127621221 0.00415832672526178
0.239243000358426 0.130218767248806 0.0614046719295999 -0.00852083243172182
0.223339049885624 0.154536181679048 0.0704720812396702 0.00792736167718846
0.178340345509647 0.284800560189787 0.0624156403042208 0.0361990833681616
-0.016462848171225 0.362124488142537 0.015007291632129 0.0656815796389191
-0.248034787630394 0.259235964546454 -0.0291614078451807 0.0871527884188089
-0.411265218454442 -0.080530921733746 -0.0697857542536886 0.0295096580971882
-0.201127336652615 -0.416514729216585 -0.0172431516894805 -0.0294995636074501
0.103698721476328 -0.470628672254547 0.046345528401503 0.0158982366964309
0.134747616967771 -0.361634248340357 -0.236583343590962 0.228451431765637
-0.11254111070795 -0.346291280063137 0.0296994608763871 0.166765393627684
-0.29043834457579 -0.152936379340656 -0.014624966299076 0.0137079763453461
-0.247239645578818 0.138527308647808 -0.0801264598135535 0.019691444897836
-0.0760313303213705 0.268433407238295 -0.0485322529026459 0.156960251821851
0.0891967349539765 0.253709108276082 0.0961414280917674 0.156747698343366
0.183803702073631 0.165112781137107 0.142255322013059 0.0782202658981643
0.197528586034678 0.125866065795392 0.144492003044154 0.0459525900907362
0.180336866433145 0.144325814862907 0.145245745566476 0.0599388635229948
0.133545388127667 0.237517570519651 0.113237248948293 0.0944533447997127
-0.0273900888385683 0.281581926363707 0.0285575922455801 0.120731407852113
-0.189827028162645 0.181451397133987 -0.0374095222394041 0.101580747154025
-0.292318624774588 -0.0612992216444915 -0.0433439715850481 0.0522072492553283
-0.154746367439653 -0.310977311440039 0.00737126607364219 0.03370400609689
0.0621511620569454 -0.371506662633867 0.00802261837902679 0.142022048670872
0.0703978231991058 -0.258378329189188 -0.270263481096017 0.361916251922839
-0.0967240014093824 -0.229549529804832 0.0473910744136335 0.25113137922331
-0.194537483800431 -0.0871759935564922 0.014703798099562 0.0394034318503118
-0.157786248820761 0.0873231460040005 -0.0884781835048217 0.026014113622304
-0.0552874084723316 0.171392375966452 -0.0659519244825616 0.197097525664227
0.0511831126190911 0.172806016312544 0.11596905479576 0.224663361744671
0.11893490265122 0.124516453304061 0.198220956614331 0.139820386687862
0.126418287378681 0.103157613549409 0.205492525113215 0.0917685737446982
0.111177324496127 0.115634022765254 0.193033892903864 0.101513517268424
0.0682892923858337 0.160854717136931 0.137419487665496 0.132946713493155
-0.0415594857865778 0.165455448984135 0.029129937160653 0.147167979995122
-0.116770566618 0.0794198228251345 -0.0449387351145348 0.0907440513156537
-0.141077835018149 -0.044248266147858 -0.0184290478035405 0.0555007472178342
-0.0865171750054358 -0.171651162300167 0.0224862048841962 0.0694154656221694
0.017050456950635 -0.225370511089435 -0.0184978687963632 0.223762869997649
-0.00673921871332972 -0.107578328755012 -0.26905676554758 0.447730681159004
-0.0630475030015134 -0.0715341709572495 0.0610102561677898 0.299805269471082
-0.0644115042653199 -0.00780495922112457 0.0480389660025956 0.055795974326113
-0.0428516421452548 0.0206845037610437 -0.0774890649990169 0.0231121742229682
-0.026333207139348 0.0477831516446274 -0.0725698307499707 0.202033875865853
0.0025407290815576 0.0648100586297616 0.117221997011872 0.254267909183738
0.0341015938189542 0.0655896389262293 0.224025739002317 0.178539756060208
0.0361241702079259 0.0655994486767671 0.23426857391537 0.123651596613688
0.0312991810267588 0.0702849865218169 0.208966290879104 0.13062117455879
0.00270609295718086 0.0683139405505068 0.135431712154794 0.154590797291239
-0.0452938579558862 0.0447807047190826 0.0195387879771067 0.148466278643534
-0.0406641384702282 -0.0097683589673372 -0.0492585318760071 0.0635929982255894
-0.00699708642398911 -0.0172595012994115 0.00260121889053136 0.0477835278444576
-0.02975401575069 -0.0309352968350778 0.027722562233817 0.0845956895325479
-0.030890933385501 -0.065909487612844 -0.0338419663431909 0.257653647511299
0.0630093967425042 -0.0598570147068292 0.0511873746628437 -0.321124581272943
-0.00815743052422556 -0.0823816716951545 -0.0736581505704184 -0.132858156752176
-0.0748267382240534 -0.0298669732329674 -0.0325234375549903 -0.023999870645813
-0.0370257598361029 0.0613788555647574 0.0508981643261624 -0.0124763542770356
0.0193070180462798 0.0644867526438177 0.037559575761009 -0.136434474198136
0.051766770035131 0.0274872062069904 -0.100268776536934 -0.194165184221103
0.0533931300672265 -0.0101372596426366 -0.201483544990682 -0.167832799947379
0.0575207926997738 -0.0174196067539003 -0.23617476147315 -0.148666240059381
0.0573316320065545 -0.00296455515378587 -0.225823292143029 -0.178073869448282
0.0575015128646624 0.055552985631973 -0.134217836821342 -0.22528460588707
0.0115637448163928 0.0870954799972715 0.0150724464210271 -0.198845500218484
-0.0716834587014514 0.0601964728400641 0.0618931774709309 -0.0535442280742539
-0.104668870365297 -0.0634685777266459 -0.0479694530695492 -0.0884227786039807
0.0168463834962708 -0.125235920046033 -0.0282755421914649 -0.248372853721127
0.098350728529932 -0.0818838451400761 0.247759294486784 -0.447453262204878
0.116609728071523 -0.19004585904296 0.0203981371792128 -0.283701865956774
-0.0275829145804292 -0.18675258130291 -0.0576684242994041 -0.128032351947288
-0.147215324554689 -0.0825590056531712 -0.0545454267472147 -0.0285222485449823
-0.111991766496877 0.0951847545770958 0.0317707419364359 0.00253260660228524
-0.00914796083680444 0.155845594538421 0.0452444304225896 -0.0981805577974867
0.0852539833789461 0.123885198295808 -0.0604582383867093 -0.171117082122097
0.129851908691407 0.0565085191289985 -0.160563556082812 -0.161252915818443
0.148191827339108 0.0379910495272538 -0.194164299481213 -0.140330621944518
0.143988430959874 0.0651367780964146 -0.182299189545405 -0.152893885189286
0.119186376959216 0.17149442597891 -0.111585928995522 -0.182487257418961
-0.0116191030182719 0.224859376402851 -0.0014614753067317 -0.155387011280292
-0.182375955788473 0.146420793615108 0.0317181278662287 -0.0276301916357377
-0.264971566282358 -0.116819403104993 -0.074909703480254 -0.0831154685567066
-0.0548354818870122 -0.305435625777865 -0.0403862550821165 -0.238456747601669
0.147849440345973 -0.281479624465112 0.21368989264197 -0.39680243952312
0.164696388930616 -0.304333689074066 -0.0338070430196777 -0.206891841184215
-0.0493027933991579 -0.289543603677474 -0.0384002202085389 -0.10000082095313
-0.220946876119396 -0.138449245751314 -0.0652675718571014 -0.0335444108532675
-0.192119412846626 0.123724779715908 0.00514610941067633 0.00560230165733404
-0.0433280482957534 0.240292418094954 0.0353437719893992 -0.0477204305337817
0.107541028948048 0.213485174601566 -0.0182915159219343 -0.117939144161392
0.189037744380288 0.120077971335765 -0.0972451404265409 -0.127278268469235
0.217091451488751 0.086909176663616 -0.122562713170263 -0.111628884523105
0.209221046039945 0.119861454939571 -0.109691701892983 -0.108370565399762
0.169239760076136 0.259464848385928 -0.066595638041655 -0.115518023395441
-0.0203369736914547 0.336657005707125 -0.00882098488361137 -0.0892521724173278
-0.259932134564348 0.229308065915463 0.00386476437537376 0.00909386270845081
-0.398876066409283 -0.132220143896347 -0.0915433787530996 -0.0562393783236107
-0.13675829331514 -0.433972234117873 -0.0466739173677849 -0.192693830280095
0.16350474783846 -0.437190682613371 0.160378077478808 -0.288252365238721
0.192151480948311 -0.386657548748983 -0.106071028120785 -0.085191568740942
-0.0771584294548815 -0.375688966638762 -0.017010130572104 -0.0349074824293515
-0.294276412463446 -0.183068177134174 -0.0598535561591206 -0.0283884287894403
-0.263620679145115 0.151126196186292 -0.0261814798699637 0.00663269051037035
-0.0728745427937785 0.305586985673623 0.0105896811264843 0.0176748609893117
0.11897772516244 0.280186465237857 0.0243622489348811 -0.0351976773734238
0.22405680578644 0.168332018982957 -0.0180716161981095 -0.0692802937728988
0.252231422291896 0.12298417116353 -0.032122318649796 -0.065139178298074
0.240525943866425 0.154905792336259 -0.018945586457056 -0.0516934301495426
0.196693387996571 0.304862766748725 -0.00313589009177436 -0.0372274477671785
-0.0175029904561368 0.395862227686052 -0.00231419531275377 -0.00803024214412293
-0.286268942062188 0.282358047551676 -0.0171789502243538 0.0518477742755378
-0.465151697165994 -0.115754321265885 -0.0899039051838965 -0.0149486462603709
-0.199828154311934 -0.481701100059679 -0.0381520963520339 -0.116867430198025
0.148806412398671 -0.512338773994554 0.101698934566645 -0.140361120896989
0.187710204532402 -0.41678453519709 -0.184412627885504 0.0709216080799717
-0.103662660431736 -0.410108573250778 0.0068525159272425 0.0640111083131006
-0.332750738895917 -0.196057227186998 -0.041653240315112 -0.00995926050818053
-0.295363322567895 0.162205410852496 -0.0589793339876232 0.0114464157415164
-0.0882697226955671 0.326572543029341 -0.020030846831857 0.0951743096702911
0.114883447067171 0.30231023287066 0.0660269924751845 0.0659917153676289
0.22610789092843 0.188608281222714 0.0678992069471325 0.00647218502479461
0.248695965677739 0.139134519457147 0.0636406341877566 -0.0081013395776525
0.231897877896499 0.165892946582728 0.0737275380294271 0.00877315955487971
0.185029759167713 0.300972161627024 0.0646263868309786 0.0385907268074323
-0.0198626989318984 0.380245367326933 0.013848610185851 0.0711694819862013
-0.263320221698344 0.267018034520007 -0.0298195227544725 0.0894474510546059
-0.4296942904567 -0.0902231132919644 -0.0706448283970893 0.0259486529388381
-0.205844627091238 -0.441083364070054 -0.0149198266173245 -0.031613039516138
0.115044761761378 -0.495808879232983 0.0491042214805719 0.0166460693121965
0.148523110765926 -0.378341978387471 -0.250631066023992 0.235507674299246
-0.111327866121266 -0.365963854102169 0.0283355355265663 0.172859926798789
-0.302541542318766 -0.164877012067112 -0.0153815710175824 0.0174006709371712
-0.262027634840334 0.141581440252977 -0.0855675761363446 0.0216985221699324
-0.0824392750478613 0.281455101166115 -0.0493136748095168 0.166751750467371
0.0911346538199369 0.268238696028314 0.101449480748848 0.164457391972501
0.191760753881119 0.17598553706069 0.146998782470508 0.0849973054390094
0.205592399065558 0.134258273302567 0.150397189052526 0.0498982876069103
0.187180723799465 0.154101925575827 0.15124062678747 0.0639531790838941
0.137949613391968 0.249847920987799 0.117661923481498 0.099293435022429
-0.0301590769642873 0.295721384766424 0.0273883421347874 0.128147430271204
-0.201101530714985 0.187716529135439 -0.0399772145996629 0.10480377591325
-0.304938082298279 -0.0687962180563065 -0.0435602179510045 0.0501799070930317
-0.159167338504205 -0.328908723548764 0.00864813114881789 0.0345193976001944
0.0717105871954936 -0.391333266421619 0.00686600828351174 0.149385726917452
0.0797242836552097 -0.270224222442148 -0.287523517758075 0.376311054450059
-0.0965618148016876 -0.242914845246953 0.0441251239718688 0.262647519410682
-0.202336856351097 -0.0952686511721872 0.0144463620006235 0.0434530091101895
-0.167491211291556 0.088623680276489 -0.0948303670518098 0.0287461662336684
-0.0600329015121089 0.179342106971359 -0.0699090860898914 0.208188489912585
0.051869637434753 0.182841325131967 0.121211234106242 0.236818262582698
0.124432952592387 0.132483926230529 0.204693931389685 0.150068534364446
0.131012978331676 0.109881576209236 0.213454057438681 0.0988123888748983
0.115768106070722 0.122731775255589 0.199796873995989 0.108030741928431
0.0697065515336227 0.169524483555594 0.142125422883307 0.1404229986713
-0.0448167396312573 0.173960635251364 0.0276726930221963 0.15379686150328
-0.123565939459198 0.0804389694145111 -0.048796264764046 0.0932121428172022
-0.147102597502428 -0.0491860482815337 -0.0181325354350844 0.053991869582063
-0.0881631847953893 -0.181909936928634 0.0240595855066341 0.072116060451337
0.0233113834149345 -0.236407285319124 -0.0219864478567941 0.234470975561598
-0.00266612004696258 -0.112796960708892 -0.289226856949404 0.467108193166913
-0.0629816996822838 -0.0770802054728715 0.0568367196673455 0.314933256706292
-0.0665245137486298 -0.00974066007091417 0.048743011414162 0.0602313183610025
-0.0461156650701792 0.0208826905504477 -0.0831485491915978 0.0246886986099044
-0.0285690503585603 0.05026015400466 -0.0772309770524518 0.213306748449051
0.0018359062527557 0.0697167459010917 0.122903028330853 0.268417002481824
0.0352560553921904 0.0700480117325241 0.232567176935081 0.19021789513197
0.0376405048032437 0.0701762605033237 0.243825440187695 0.133219035475382
0.0328097734974764 0.0741256104906895 0.215798914414825 0.139348566446891
0.00184065399397028 0.0713192348215246 0.13841533464939 0.161852340659466
-0.0485645412466089 0.0485681301252169 0.0173428938166759 0.154453636812129
-0.043515021848644 -0.0113888131948875 -0.0528744332570192 0.0647557503214179
-0.00698910219278058 -0.0194929856536717 0.00322403303291121 0.0465444413247305
-0.0295636821740138 -0.0334064859662025 0.0277715705098902 0.0889299322003975
-0.0287794381737635 -0.0693773007740678 -0.0399359489045389 0.270732350204148
0.057375281295799 -0.0707821451167352 0.00159475713657616 -0.344188556032816
-0.0195000474489036 -0.0839965021508398 -0.0956597665704206 -0.126799022940446
-0.0821905982813802 -0.0194713829726536 -0.0331859155133247 -0.0186197876002593
-0.0296767051671896 0.069237865257135 0.0543216283971391 -0.0241658876642476
0.0313979004478731 0.0643330962925302 0.0158961081662286 -0.152489839493821
0.0582919952712037 0.0208473133365956 -0.137912861876305 -0.189276682499299
0.0545711556463259 -0.0187085216208412 -0.241484544127031 -0.145936816216333
0.0578391360056413 -0.0276818178986963 -0.267976678770043 -0.120103507822255
0.0591126160337788 -0.0126589003598229 -0.263859063813032 -0.153646317929637
0.0712659554821377 0.0480024247464618 -0.174484874081931 -0.216876887408404
0.0276115018754738 0.0888583951281935 -0.0139980050448733 -0.213701829022135
-0.0662840892378542 0.0727126738468096 0.0599467948816326 -0.0686398170012456
-0.11784420831821 -0.0481656338971806 -0.0624935763395421 -0.0843475363498469
-0.00138048581971878 -0.129335758533354 -0.0640791791744714 -0.256085573596669
0.0846873539039221 -0.09787090580822 0.199299402618866 -0.50698573618035
0.0928300797348483 -0.219346566912779 -0.0190088033129664 -0.288270433955816
-0.0543599943963763 -0.191833996665946 -0.0755177494120365 -0.121685825449061
-0.165715250454722 -0.0639419642977254 -0.0513188265381887 -0.0188405181474997
-0.103228286527618 0.114012677157303 0.0397513176104166 -0.00689753835639173
0.0140066329621769 0.163471140540307 0.0324835879607364 -0.118627646855624
0.107375899599881 0.116674594331019 -0.0943665990777979 -0.176475201001215
0.143489381579811 0.0407034533832454 -0.199052057944486 -0.148188679180108
0.160583725288797 0.0179629543307883 -0.224004028291309 -0.117761025515937
0.159935874943804 0.0465036742893988 -0.214376518537109 -0.134817498224308
0.151477815515145 0.159321626663341 -0.143454975629993 -0.174669587988195
0.0239264348447668 0.234391161389954 -0.0236347139288566 -0.165661188775391
-0.169683037644594 0.176260597462189 0.0343324355091712 -0.0370906198921344
-0.291790891645438 -0.0799278218654983 -0.0891311049263119 -0.0721818345608427
-0.100914091951187 -0.305756145035172 -0.0797642252367902 -0.242576975687921
0.106590378414172 -0.311513283800767 0.170740476400915 -0.449929906470414
0.124841761302202 -0.349971911080066 -0.0593450890692126 -0.186664350863871
-0.0912448115302977 -0.297737499562582 -0.0471785766002556 -0.0920271406061859
-0.251314637533023 -0.112389904934886 -0.0574535288263199 -0.0214045271773931
-0.183620629875903 0.153732598704948 0.0161328985312666 -0.000264111060323835
-0.0102833353916628 0.25563293891307 0.0322566760845053 -0.0685501229212943
0.143834080271314 0.208524430127886 -0.0437802240540516 -0.132234741258263
0.214331292822385 0.0998111857338275 -0.127722856922694 -0.124608375626932
0.239020144131793 0.0600555467418544 -0.145729160480389 -0.0983924611328246
0.235550808709142 0.0944029035397618 -0.131060441230543 -0.0996579823147124
0.215511867038637 0.243225948060037 -0.0852642260076761 -0.112618963066805
0.0308383176073667 0.351524816831627 -0.0210281190740217 -0.095444514508881
-0.238914297583391 0.273564279096465 0.0131295377006682 0.0048654380524603
-0.433410468146284 -0.0749717585036663 -0.101022305255352 -0.0399254446124496
-0.203730279344907 -0.427573613281187 -0.0832643936807614 -0.192140456450407
0.101479699969915 -0.475587053343945 0.129989497816419 -0.329122099701708
0.140895541352284 -0.44456484645057 -0.112670083687628 -0.0391097967512511
-0.134692077879641 -0.386247880671674 -0.0111320820288192 -0.0245462454266254
-0.335549641651573 -0.14915984430262 -0.0455266243187034 -0.0163132393387331
-0.255448333805671 0.192238275788445 -0.0135868635312553 0.00435802452822079
-0.0331984578072555 0.328588435132264 0.0196660070750879 0.00106797870316421
0.165184993047445 0.277264831089878 0.0141119382018826 -0.0553707547705701
0.258218051025429 0.145925280073657 -0.0342766961004037 -0.0769211513301435
0.280697430965271 0.092625436539572 -0.0451492425984646 -0.0632425964045101
0.273263388666579 0.126009718823739 -0.0277807693708837 -0.0534085288341379
0.249767113412441 0.287417105799435 -0.00607850242841069 -0.0408306060642442
0.0417943820428303 0.412679552026339 -0.00196110286887742 -0.0109164646927009
-0.260415954547417 0.332722322778847 -0.00138765971211721 0.0534667007722439
-0.498755427892942 -0.0480746976268113 -0.0921290383389439 0.00280703166627789
-0.276482006148782 -0.46977768641117 -0.0645322767274085 -0.111536137457145
0.076772748052008 -0.553167047858133 0.0884300390550534 -0.16586445317896
0.131798311101349 -0.477723020436045 -0.168492355427622 0.141029010407371
-0.166854127587452 -0.420867399591876 0.0308292508021123 0.0771964254698287
-0.379491265013899 -0.157365088058271 -0.0203406903929002 0.000320281276142924
-0.28775223322656 0.208675179578719 -0.0460677656458324 0.0156220031932533
-0.0481323363399477 0.351864057601112 0.00123959630200272 0.0866826316175304
0.164438274135048 0.30192760162017 0.0745272253462211 0.0433021875072387
0.262513273387615 0.167262622048481 0.0692742916749728 -0.0116174780996192
0.278368551829021 0.110422739791873 0.0630928092055556 -0.0178196691281694
0.266847081022883 0.139350745747477 0.0781505516189687 -0.00358480719529802
0.235782134434001 0.284744557258935 0.0761559221807913 0.0283511576904931
0.0381832650504681 0.397325726857581 0.0269157941896372 0.0703058223734669
-0.23663329847555 0.312816522257865 -0.0108734169596514 0.0950358562126734
-0.457963299225303 -0.0258822201770194 -0.0659791760490603 0.0413534697741207
-0.278430996726507 -0.425728431893864 -0.0282193233968123 -0.0268662296294897
0.0465710591311322 -0.529201392608452 0.0541438378581221 0.0081856421631002
0.0952203935967631 -0.431938038741488 -0.211000868767952 0.323259529822787
-0.168612320204202 -0.373954473767134 0.070028041707 0.187942034924906
-0.34248848094899 -0.131543442317792 0.00881272769969508 0.023624973203354
-0.256262056091325 0.18186092719672 -0.0742999542426045 0.0317149364984754
-0.0492069850786951 0.303983059405893 -0.0181798959956646 0.168981309878418
0.133654084683677 0.268887455278946 0.129118100695706 0.143474212556723
0.224236731062117 0.158159533073723 0.167392619930402 0.0591044557207336
0.233200632702124 0.112339101962325 0.16216641488809 0.0290001518204358
0.217711482087076 0.134146404487056 0.168050440266386 0.0429921933927658
0.179418996411927 0.240288892647905 0.140107749425707 0.0842256031901239
0.0125499773563058 0.311668097829293 0.0487062789585603 0.128724618627099
-0.183746165089192 0.220521533625681 -0.0206196338921056 0.113205667359508
-0.325864607850392 -0.0243255097312795 -0.0354085665701956 0.0600078420532655
-0.21326007513703 -0.317593133919802 0.00903495265787927 0.0377202473978013
0.0177268334468397 -0.414875085878047 0.0288442652397683 0.154610122724201
0.0408209336151878 -0.306905495109563 -0.232449653552498 0.468296751600533
-0.136275375213652 -0.246831148498094 0.0958340071510915 0.277161122277268
-0.227101533157564 -0.0724454634757662 0.0367532613914303 0.0446913659706676
-0.164324161172288 0.113774595970581 -0.0874552947902823 0.0431841949505461
-0.041095716801141 0.194160114181051 -0.0329958936222198 0.222129198686504
0.0790301834143644 0.185152711014411 0.16355599725361 0.220235235760774
0.14827827638964 0.122818729103909 0.24137372446478 0.120286875066804
0.152101360344863 0.0975050243782493 0.235347587940103 0.070649152525971
0.138895330007492 0.111919649523985 0.2258739536394 0.0830572457045584
0.095240415049467 0.166192188107734 0.169920971956315 0.123794137468439
-0.021635497841907 0.187669643495282 0.0519725584019639 0.156452642494018
-0.118041973676645 0.0991827562373243 -0.0344923195258634 0.104303493049425
-0.159649771598227 -0.0296025226821688 -0.00934305242335072 0.057698314828633
-0.116665978915021 -0.176150325039033 0.032146608222804 0.0729876133176739
-0.00745439861709967 -0.248687682103879 0.00919316474728419 0.249394555196787
-0.0215134559257286 -0.1261972050795 -0.224961446581573 0.549180683455943
-0.0781397986744206 -0.0753538979463807 0.11124661703154 0.326294290749844
-0.0718190203385885 -0.00240984187193433 0.0639364513390505 0.0561796265225771
-0.0462800432502593 0.026625777810181 -0.0822510969992089 0.0403107119492254
-0.0257272909451018 0.0548992249920848 -0.0429462023321707 0.235123593209375
0.0106853153341741 0.0734987588479855 0.172470216123242 0.259550041285959
0.0465045998478804 0.0698752870970937 0.278419401840958 0.161003960886599
0.0488009655133208 0.069359955196213 0.272995354831382 0.102283242363693
0.0446879654834736 0.0730954403096685 0.247087390739219 0.114498712235354
0.0106332224160127 0.0747671857475825 0.168133999631096 0.14850888615884
-0.0445962774945402 0.0580445797100891 0.0403238734815196 0.159240413717787
-0.0478020112959372 -0.00579962481970941 -0.0468421239159803 0.0759800858647662
-0.0104195759273796 -0.0210615415631647 0.0108885739376434 0.0448468358062567
-0.0344248558461807 -0.0316779375450384 0.0414554661041953 0.0887236795119025
-0.0358717356683952 -0.0682167366019049 -0.00446998520292865 0.290760715484299
0.050694097847648 -0.0753546016048282 -0.0237095692815889 -0.353742032456343
-0.0265278214348007 -0.0819410878151247 -0.107354456117158 -0.123995945186196
-0.0843684175246713 -0.0125548201643743 -0.0352225919766078 -0.0143420091399209
-0.0239593613497586 0.0715394169680431 0.0550646779501745 -0.0283531989457094
0.0372599356445207 0.0627521270487961 0.00612521843815142 -0.157126804365238
0.059882350743426 0.0156400573317552 -0.155122751039621 -0.183037416901021
0.0528100063676898 -0.0237679884784539 -0.256330967290971 -0.131722620948713
0.0560841165303139 -0.0321507992777356 -0.282206679089394 -0.103046906044484
0.0596242460366377 -0.016116559593804 -0.281348123276349 -0.136377269174774
0.0771781159157783 0.0430998109917667 -0.195094617366664 -0.206466601073261
0.0355125988914028 0.0871994415130647 -0.0313044166341707 -0.217111320427516
-0.0618328207673342 0.079139506490643 0.057083246426766 -0.0769648219504497
-0.123724585103213 -0.0386734616012068 -0.0690022541735057 -0.0819143332632832
-0.0126236455827911 -0.130885772222374 -0.0801997147621509 -0.257788103359308
0.0769045162188788 -0.106918516574491 0.16681630726027 -0.53207219900113
0.0753746528389763 -0.229714921528874 -0.0406179912535135 -0.29660997678975
-0.0703896714940257 -0.188885553615983 -0.0858714779045856 -0.120962398776331
-0.172088619035841 -0.051747275867014 -0.0536362226008265 -0.0133871058708827
-0.09534516319509 0.122510565598033 0.0414120386179725 -0.00925666255045519
0.0272939763822805 0.165323566029921 0.025911024082759 -0.123924124102811
0.118293865010916 0.10972347261548 -0.109824541979083 -0.17403283866271
0.148398038237515 0.0299530017078908 -0.213480874455482 -0.136033690276849
0.164109759638397 0.00577804508254229 -0.236953903444888 -0.103814390070819
0.16617674716333 0.0362144166586768 -0.229153618147024 -0.121806006520672
0.167705983064849 0.150294088053591 -0.158776056900242 -0.166765017120755
0.0436332016049206 0.236535054946204 -0.0368359854094101 -0.166199023423015
-0.159735408808288 0.191827738973549 0.0341008106617106 -0.0430979039170539
-0.303657888413556 -0.0581815123074778 -0.0950307877567097 -0.0685813378276784
-0.127632615299134 -0.303704115021249 -0.0949052299506061 -0.242803626270634
0.0837146731546972 -0.326956232802156 0.14190072799713 -0.472750953990916
0.0985860410412463 -0.365851900313105 -0.07388338804379 -0.190491206898431
-0.116434429089098 -0.295169398913612 -0.0553302382550453 -0.0933866122892567
-0.263621205205903 -0.0944567999336408 -0.0590240879412602 -0.0152486335054426
-0.17425502740665 0.169317695591122 0.017339606487732 -0.000516597840613236
0.00960627742807041 0.261359246183126 0.0300087390814656 -0.072915106904001
0.163368257282775 0.200933222808524 -0.0542979851104814 -0.132508439655991
0.226266109134265 0.0844295727055131 -0.139173303808689 -0.117340010812022
0.247067624719513 0.0426212560284223 -0.156196192176316 -0.0898370300721432
0.247897116356637 0.0792644512759347 -0.14149794328536 -0.0920629975357929
0.239947311286267 0.232019141152188 -0.0948705968372507 -0.1079766446787
0.0609271982234606 0.356261762828848 -0.0292283524585481 -0.0937790296994325
-0.223382330693666 0.295678621352337 0.0149080599444558 0.000601336503272013
-0.446966601293625 -0.0435986366651753 -0.104891676967214 -0.0365869886105397
-0.24277594998779 -0.420583013633575 -0.0946776498113112 -0.191629081047374
0.0651758991905199 -0.494284254297442 0.108669273305145 -0.34799064974203
0.10802385703732 -0.464389088140025 -0.11664730142872 -0.0349304073851986
-0.165580417715082 -0.382883604084192 -0.0137712705633596 -0.0279329508208873
-0.352521151642707 -0.126122095934605 -0.046556645941905 -0.0106977423344568
-0.24518678523516 0.213917753061725 -0.0125176819221255 0.00724192989378684
-0.00725804648917477 0.337175825911383 0.0237531462635447 -0.000618543297220369
0.191231503055312 0.26911799440367 0.0115379103740907 -0.0599653989490107
0.274229833049898 0.127248957605101 -0.0410481746560018 -0.075136668648687
0.291916329381077 0.0725453858982375 -0.05097765781262 -0.0616736162155391
0.288680909776359 0.108964268558817 -0.0324387905872156 -0.0533874016476745
0.279223509182006 0.272970995732739 -0.00916446132788771 -0.0409679243921579
0.07779778113034 0.418514666101622 -0.00282979089138505 -0.00796528805400023
-0.239527493307688 0.356683710457189 0.00316480132097112 0.0512618307638417
-0.512602387749926 -0.00968369234038212 -0.0927548518377386 0.00585531100199828
-0.320011681630214 -0.457764811334957 -0.0707545375775609 -0.111444610804688
0.0357412010303379 -0.572442788885813 0.0779400462262235 -0.177448977241571
0.0965058562339451 -0.49830027240577 -0.159105364408532 0.154141770087797
-0.201774346527086 -0.418199747938065 0.0366582805453413 0.0734892489614411
-0.396989686127216 -0.131639726675512 -0.0193652520254121 0.00383123157787495
-0.27823847389421 0.234026025226228 -0.0450370576951165 0.0211330131913037
-0.0209746169107343 0.362867690454114 0.0118161359444187 0.0887083728312343
0.193245676552906 0.295206797455916 0.0816493175226563 0.0357373847821106
0.281144633087736 0.149105110142125 0.070019221607546 -0.0161866549883018
0.292232841698828 0.0906937327469209 0.0631553053226068 -0.0234258946609311
0.282490323987974 0.12153616665267 0.0798259227653177 -0.0103591320665942
0.265479952584841 0.271736082339756 0.0801383443702792 0.0225561114539201
0.0721430391540223 0.403050413512451 0.032590822737993 0.0721639063835979
-0.21792984689322 0.336400556395547 -0.00324570384023346 0.0948840585708221
-0.469080984730334 0.0080017819572194 -0.0631831168707045 0.0422404313061683
-0.318841372535768 -0.410954595621922 -0.0281651577895839 -0.0275096349052122
0.00676933610926599 -0.544750649633014 0.0559381981201047 0.00236198212316134
0.0655319294171725 -0.448730128075069 -0.189990814754021 0.343674136012201
-0.199491509571933 -0.37134376217322 0.0840814129866041 0.184886015558102
-0.357457679248615 -0.108838188084883 0.0120925734904682 0.0251921576682268
-0.247831028175385 0.204121177273649 -0.0734954404403279 0.0401484476997438
-0.0266544456243972 0.314205588776337 -0.00128522768699237 0.174666496562849
0.159486440472042 0.264909707183246 0.144968131670481 0.134113039541158
0.242667077456424 0.143892254598048 0.175490166138903 0.0483225102511153
0.246346967695459 0.0965393733046818 0.166901527454448 0.0177112509997478
0.232832726627624 0.119629554534038 0.174643566142767 0.0303435538987401
0.202252548862128 0.23086395352776 0.148976153333177 0.0741254766433632
0.0395305027083956 0.317409968705122 0.0596033299217689 0.128897965164628
-0.170788249913723 0.238042671894728 -0.0128245189747702 0.115677904501704
-0.333888730695204 -0.000465717432404666 -0.0304515389740701 0.0593015160054011
-0.242284823021352 -0.305401360940503 0.0136711208703446 0.0355030760810311
-0.0124673075451415 -0.425469042677222 0.0409407705063811 0.154656351059279
0.019662432177996 -0.316684956140336 -0.200807043917495 0.493898600060583
-0.156048433492733 -0.243438526594651 0.116985696323655 0.274901005620425
-0.235829382406972 -0.0589099052762931 0.0409123365050467 0.044771330533916
-0.160685357785765 0.127697274608547 -0.0861904575874739 0.0526940371207394
-0.0270687081208219 0.202195764269355 -0.0139854997645592 0.230287781244505
0.0965551138795855 0.184221337870838 0.186854059315885 0.210446041276014
0.161836091309682 0.113918556375565 0.255968802444813 0.105936435629134
0.162630640835363 0.0880223331102446 0.245252468121642 0.0552399941990913
0.150270548190881 0.10319683891742 0.236126108404714 0.0667738093436306
0.110695027608086 0.162532174257574 0.181770203981384 0.112020900178508
-0.00622206037885909 0.194149858625929 0.0646285313633916 0.156253695788733
-0.113686215624073 0.109512431670716 -0.0280107351280284 0.107481302177446
-0.164346071872459 -0.0194383786620297 -0.0043559695643764 0.0549849187014679
-0.133072289634983 -0.17036125377477 0.039458919519761 0.0705872257776168
-0.0239709156569788 -0.253501988058653 0.0279081058505775 0.253385458216204
-0.0289990332096654 -0.127246391742334 -0.18660627094649 0.577197707399547
-0.0834079211164669 -0.0725147614681571 0.135208361340255 0.325157960001247
-0.072341791416514 0.00192893410488842 0.0697521440554441 0.0533586099737873
-0.0462951223290494 0.0308248399736579 -0.0810753133151309 0.0494864388724445
-0.0228427465257441 0.0584635242402007 -0.0235339265429712 0.244617843570429
0.0173281663217702 0.075538006125758 0.198514366057882 0.251262746337561
0.0536312890909523 0.0686976986319599 0.296146188917636 0.143334319258094
0.0559145139238724 0.0673974788013529 0.284896166234488 0.0839173543261114
0.0516144637893877 0.0709302838205402 0.260702160946035 0.0982936955668228
0.0162280315115184 0.0760945254313913 0.181085117827981 0.137589790151619
-0.0402122596262012 0.0641270498887761 0.0523200612129236 0.158921459419554
-0.0505985581851679 -0.00187306553570279 -0.0424555185355225 0.0809251905393955
-0.0127537913713957 -0.022374368164999 0.0151567954970178 0.0411546866693098
-0.0365836404784712 -0.0305792424997107 0.0489626198318681 0.0861849639185525
-0.0387022881697283 -0.0672484732470466 0.0172809380610698 0.297811947744789
0.0425015604719317 -0.0747519642769071 -0.0481466994001699 -0.344648594610819
-0.0312584964880546 -0.0749530592428986 -0.113725309141278 -0.115087239271801
-0.0821968993093553 -0.00495094669253201 -0.0358434860576366 -0.00986206190630182
-0.0174243515033804 0.06964633691789 0.0525555334822204 -0.0310936826060279
0.0410370079776623 0.0580282863198772 -0.00494075461442733 -0.153716620777455
0.0579253301072549 0.0104033460024996 -0.163822609916526 -0.167431905756735
0.0480123204931741 -0.0271637106754391 -0.257100708590401 -0.111202171059781
0.0510392961838863 -0.0348601171065716 -0.28112331921213 -0.081730415248077
0.0568170614012346 -0.0185425378859507 -0.281890039835353 -0.113779520815086
0.0779189134475069 0.0358016041701218 -0.203739876371587 -0.186563435034789
0.0411171873059724 0.081492246349084 -0.0459179734734118 -0.208983412265203
-0.0543666614654879 0.0805961105763683 0.0499225714878492 -0.08090123324239
-0.122358118525946 -0.0282733233458544 -0.071565429820632 -0.0754338334244481
-0.0216605504544068 -0.125411303028593 -0.0902771625359942 -0.245825811991897
0.0650372260783826 -0.108813213728847 0.12679108578261 -0.528591537109655
0.0557343283158828 -0.226543804579456 -0.0606172506039049 -0.288846661435007
-0.0811525305015246 -0.175977187154426 -0.0918549699725854 -0.114574339269396
-0.169546506395275 -0.0374794593186879 -0.0529289619582794 -0.0074958251856627
-0.0835371797531728 0.123734979927725 0.0410013783567208 -0.0113429716148484
0.0389274388404511 0.157726766300207 0.0180186383743543 -0.122352101802315
0.122170973285399 0.0983852499093344 -0.119453533831682 -0.161778428646936
0.144717316311011 0.0181906197492945 -0.214988639911661 -0.117374298028869
0.158653965877577 -0.00475034535307093 -0.237411977046747 -0.0857529605979815
0.164500909288389 0.0249693780197464 -0.231259630236499 -0.103012139138104
0.174262568183925 0.134261793850614 -0.165639472765094 -0.150718869840732
0.0592871481898745 0.225627768880699 -0.0473929418744853 -0.157480268784768
-0.14228052955889 0.196657988288124 0.030491612904778 -0.0470275162772099
-0.298299084265362 -0.0345712949709309 -0.0962598303180372 -0.0620433135510221
-0.145194457573499 -0.285297789504163 -0.10350514772428 -0.231499591563141
0.0577654748178998 -0.324267619816653 0.104791128103327 -0.469165680883675
0.0679821367856752 -0.360770459116328 -0.0839617927705327 -0.184297463038929
-0.133351677015252 -0.277204047638743 -0.0610036969880916 -0.0906437395818927
-0.26183555919932 -0.0724746417086161 -0.0573131519667587 -0.00886742778158868
-0.157274391894593 0.175157250651292 0.0183417396030512 -0.000838814908546178
0.0288464570871836 0.253156543267131 0.0269056630002529 -0.0734663605770011
0.173245463412131 0.18353420923675 -0.061501038689161 -0.127223507455051
0.224893491420096 0.0647014836654169 -0.142678577042642 -0.104060360729667
0.242095335218987 0.0251351090258691 -0.15789076827904 -0.0776912019266171
0.245883953371931 0.0611530596038003 -0.143610050463227 -0.0807761582161429
0.250429731914812 0.208163332165438 -0.0987519983788077 -0.0987866771277581
0.0852875409282735 0.341067732390303 -0.0342247367586914 -0.0869359904352992
-0.196885231633628 0.301449366303745 0.0148119885607767 -0.00283022421216438
-0.437681061117321 -0.01125370791727 -0.103568063016358 -0.0310969531297271
-0.26625641230792 -0.391170791455492 -0.100732488143235 -0.181946534404375
0.0301656125896166 -0.486183766134469 0.0815328643971707 -0.345791948789037
0.0699541330506391 -0.456865805238054 -0.11388698382391 -0.0297742099890796
-0.188282926051262 -0.359109099162134 -0.0160707978610388 -0.02995299877144
-0.349428850632222 -0.097508434738075 -0.0443325690036319 -0.00538471745519801
-0.223139119662166 0.223717527750802 -0.0106962231289913 0.00827676513720213
0.0180654484202724 0.328340755024724 0.0263142019507905 -0.00322114514018268
0.206297592045831 0.248295383833811 0.00724185168060046 -0.0610205401265239
0.274663524112297 0.103790742649361 -0.0441104347565861 -0.0696090318955375
0.288672228825429 0.050970926702324 -0.0538322100795618 -0.056853712059138
0.287961020336375 0.0864278202283154 -0.0350942142558165 -0.0504417951936925
0.290991463224983 0.245241330114527 -0.0111615633563096 -0.0398008331728198
0.106175916781033 0.400828862578381 -0.00237150585092073 -0.00501064346891057
-0.209968107497615 0.363279491772099 0.00727481258593278 0.0466465100151897
-0.498506927394825 0.0246584561659154 -0.0889739667612956 0.00858581482225022
-0.342358672511984 -0.41965193854693 -0.0732957964250486 -0.106325500212421
-0.00507105756426351 -0.557411948637206 0.062509270686181 -0.179567502944476
0.0574991987603103 -0.489976882621617 -0.142138677365912 0.156802551471699
-0.224299840701663 -0.392498823562595 0.0393129242489475 0.0650171341561391
-0.393993684374088 -0.101876687517453 -0.0168237575459449 0.00722192869526116
-0.254668999275309 0.245490895535247 -0.0415493629105157 0.0246393725243919
0.00593837470889761 0.354727226859441 0.0220162580970645 0.0845564031995485
0.210304054273346 0.273026819369841 0.0835255763389526 0.0271286338999805
0.283579779584465 0.123658565411269 0.0671583504160383 -0.0198847975497703
0.289281065653881 0.0690141551093875 0.0592611284128253 -0.0276269895256143
0.28345745379965 0.0993204456938617 0.0774207137214159 -0.0170713682108844
0.277270578590267 0.244471179387594 0.0794034791250509 0.0156283027573644
0.10080811246999 0.386298314106761 0.0377120921586396 0.0703067186315173
-0.189217297350892 0.340114176168533 0.00351617719252732 0.0903221780600535
-0.453679069486451 0.0400965325417593 -0.0583333693269864 0.0413947029216327
-0.339830336403254 -0.375851027768841 -0.0267714412302174 -0.0278811510389683
-0.0298637137675786 -0.530028337339002 0.0535210501534161 -0.00246167234695316
0.0321017960713771 -0.440139902440989 -0.159071309708253 0.344365398482175
-0.217943226250568 -0.347671265723731 0.0930674129359132 0.171217293824135
-0.354260429294957 -0.0833507307783763 0.0147804078831841 0.0251772923925287
-0.228292319359562 0.215493173110086 -0.0677485272626671 0.045334561120575
-0.002931732630396 0.307917592781182 0.0146646114810064 0.168782909311936
0.175603790975188 0.246774754430293 0.152891487795915 0.118021223513709
0.246242437580104 0.122411890962109 0.174224331565055 0.035278680657381
0.245072371648106 0.0774010661725884 0.163001134175812 0.00543529261340661
0.234495735036041 0.100999809857338 0.17144344403995 0.0166373579600528
0.213193286223331 0.20975225539441 0.148757720600769 0.0605367665775914
0.0628773377538957 0.306053291077868 0.0676282323289434 0.122891645782073
-0.150172305850127 0.242591743049057 -0.00431827448418462 0.1110753276638
-0.323015582546734 0.0211924587611271 -0.0256035775475447 0.0541640908065994
-0.256849014501269 -0.278898006012648 0.0160854340352427 0.0311585419632595
-0.0399593425309907 -0.413045736834528 0.0494880334875095 0.146038459892203
-0.00149112150162551 -0.309646504762019 -0.159659783165869 0.492453195422385
-0.166742557730391 -0.228041147712213 0.130566749234415 0.258088878841562
-0.232464420184178 -0.0431409084433027 0.0444770368205678 0.0416410222398568
-0.148512018798861 0.135029237141704 -0.0804014824727296 0.0587096750838216
-0.0122427679834226 0.198344638181472 0.00588073202538182 0.225162173109372
0.10883526837796 0.172463307794378 0.199071934302915 0.189248811616963
0.165721466906622 0.0996326425861735 0.255668349925133 0.0851904880763382
0.164514432456267 0.0748439040426958 0.241426203484765 0.0367348573707247
0.153099269090004 0.0901105685792665 0.234333408657139 0.0479791844125785
0.119221133797604 0.150497472390629 0.183438084299274 0.0956696316670161
0.00923160078625041 0.189744584621818 0.0736004994352959 0.148578968780103
-0.104334668067177 0.114446223107897 -0.0206151917035152 0.105420502541478
-0.160727444817746 -0.00919138688046699 -0.000912917131595913 0.0494702924810181
-0.140565033063212 -0.155199054407632 0.0423313029555492 0.0639048791803748
-0.0387403422278912 -0.24497792049957 0.0442445297029514 0.244128341588333
-0.0354010168717119 -0.122327772742936 -0.141090323937331 0.57300806049074
-0.0848544466320847 -0.0670263408740358 0.151468750236527 0.308309448853648
-0.0694471451632158 0.00497267708187145 0.0710107103976114 0.0480011248519851
-0.0440519587726236 0.0332640293221731 -0.0762623102049179 0.0554216083568346
-0.0180693491999203 0.0587367805987396 -0.00378115168976828 0.239723349935012
0.0238282199315966 0.0729699142576957 0.212765844913979 0.229001185369099
0.0581731403609262 0.0628897638510126 0.298309117662071 0.11902091647213
0.0595428767006145 0.0618361362252618 0.283035063119883 0.0626735434694803
0.0552129118362467 0.0647603264891982 0.259225514219996 0.0776729944618384
0.0213103230163049 0.0730336500507337 0.184135267359357 0.120595970924195
-0.0341805430943618 0.0669387970974028 0.0604464053425307 0.150910787658002
-0.0507199042311868 0.00257111095299125 -0.0364744672145013 0.0810039543438581
-0.0146161981858739 -0.0225988139543709 0.0169671896974444 0.0355689752188878
-0.0376913048446112 -0.0278456965486746 0.0527726450127735 0.0796992451686281
-0.0394251328782494 -0.0631552323909109 0.0368521989034796 0.288254791061753
0.0371082967675712 -0.0710980859839193 -0.0570755364553132 -0.327616675286389
-0.0312331771545298 -0.0680587066564736 -0.112239395169824 -0.107350143760194
-0.0770028245555345 -0.00129346721957804 -0.034381030724141 -0.00689500486543935
-0.0142423690835062 0.0661793563707677 0.0505818212096426 -0.0306990651734664
0.0410392399547769 0.0533383264247872 -0.0084503908149928 -0.145556373221609
0.054119525239868 0.00792051796190117 -0.161130131337533 -0.154254992228813
0.0437661905123242 -0.0274794053911037 -0.247179277302523 -0.0999344984809483
0.0471131352369773 -0.0344801390099705 -0.269616051659091 -0.071284662536838
0.0535801588911599 -0.0186915706911781 -0.271881978541929 -0.0996218679424347
0.0762280970417038 0.0311577761133801 -0.199077358527925 -0.171155260846364
0.0414098348954718 0.0750982562081971 -0.0505666692791669 -0.196483877419883
-0.0494591757024552 0.0773609646611471 0.0451846154814375 -0.0801019423153655
-0.11615023616818 -0.0218063264095628 -0.0693038531941858 -0.0701736663019312
-0.0244645565759202 -0.117555333136426 -0.0879736487390331 -0.231458894654499
0.0567153739759798 -0.104480941939368 0.10560838460346 -0.505229897524899
0.0444207517327306 -0.21477091217386 -0.0660314301908351 -0.27464376403107
-0.081761085767458 -0.162791837787348 -0.0917145484094019 -0.108660388158456
-0.160022972028081 -0.0295056930809264 -0.0492282158384193 -0.00443830692025605
-0.0748641804886099 0.11805337105083 0.0394077476343265 -0.011515189941922
0.0425936440449208 0.148022516515558 0.0141728738437903 -0.117574621563209
0.118588381395233 0.0893118837125255 -0.118623126943869 -0.150800905486141
0.136744733479001 0.0123563998424535 -0.207079864753676 -0.106328937289139
0.149353935516574 -0.0087027960826294 -0.228155779543071 -0.0756617965613083
0.157072102982244 0.0197731161105039 -0.221907906385454 -0.0923319793861403
0.170077560339708 0.121881887865548 -0.161606948105052 -0.138852192240584
0.0636470245594094 0.211807456803081 -0.0494697678592558 -0.147252713014502
-0.13066892953101 0.189972297178458 0.0278741038373543 -0.0481703649424422
-0.283146484053729 -0.0239547312756913 -0.0923224201224648 -0.0576311823214887
-0.145782213856429 -0.265376433966209 -0.100616115072354 -0.219145789383349
0.0440271253191004 -0.308902589113305 0.0860989836476758 -0.44915224375039
0.0518685350180976 -0.341181003535933 -0.0847885263242715 -0.175542772775156
-0.133600615015244 -0.257253619855422 -0.0619617721739948 -0.0875736322616366
-0.247906280686675 -0.0612698654911654 -0.0539178723514429 -0.0048225591688586
-0.143737637776265 0.168889711341314 0.0182107361165379 -0.00106728453130827
0.0367228237012519 0.239062461432242 0.0249134427597216 -0.0715440845605004
0.170409866301507 0.168332159417358 -0.0623614031100759 -0.119806163448474
0.214094758480373 0.0541998662013484 -0.137948745037855 -0.0944454190561503
0.229351223885788 0.0174784746509983 -0.15259120671222 -0.0700952059319509
0.236194433706999 0.0514138871145811 -0.138192380947368 -0.0732568408647615
0.245519093590179 0.189997053802589 -0.0962430843129891 -0.0910495160174404
0.0919910393491916 0.319987383412967 -0.0346174897322901 -0.0795803287796986
-0.180189218057709 0.291076904992737 0.0142652158276998 -0.00613872691931401
-0.414049552235121 0.00215985235810446 -0.0984003014031196 -0.0292469961239556
-0.263942369431232 -0.361757553791237 -0.0975942787441983 -0.172653556592584
0.0140788428417767 -0.462378255060956 0.0658362205907874 -0.332994598739477
0.0515727355251854 -0.43324280160635 -0.108621900402084 -0.0290924445991702
-0.188424977433838 -0.334584717028838 -0.0183276323152089 -0.0313167363221985
-0.33297276797545 -0.082734979724147 -0.0406822274368133 -0.00245007090660497
-0.205739734863093 0.217659531287087 -0.00905175776191967 0.00859010279147666
0.0286672520188476 0.310884842713639 0.027176420927854 -0.00525249827255925
0.204541661126215 0.229216651771953 0.00590949691661108 -0.0604145685287042
0.26346996527791 0.0895153965579684 -0.0434254461614233 -0.0648743771339355
0.274307061963847 0.0403225744278232 -0.0527377686906976 -0.0529327769186603
0.276680444424542 0.0741189254367663 -0.0338145759832173 -0.0480431599136523
0.284888469379575 0.22362248646403 -0.0110824370572813 -0.037942923531989
0.115381241749437 0.376666493860001 -0.00159605755530275 -0.00213640329461769
-0.191190959910875 0.350049468877437 0.00835714597669006 0.0419524514993788
-0.470299751365729 0.0378244183640577 -0.0838179254315201 0.00662098590096097
-0.338934355930348 -0.387765931251614 -0.0703504311648251 -0.101866789383257
-0.0201820814060909 -0.531954532505615 0.0525582790825187 -0.17290211093552
0.0389948386576847 -0.464645692206721 -0.128921004056395 0.149567890777862
-0.223680624384433 -0.364404104218027 0.037974489061637 0.0573090443950113
-0.377188007448016 -0.0861835094860416 -0.0143897034303158 0.00850347464070187
-0.234812479911518 0.240250295602041 -0.0382235959801638 0.0255471306930649
0.0168524403687393 0.336790902931915 0.0260738110721774 0.0783128359856005
0.209552815118312 0.252576706195568 0.0815434406606022 0.0207016441255311
0.273077355258015 0.108700447483557 0.064080301563238 -0.020427458156234
0.27572787712202 0.0572852247231863 0.055259604784557 -0.0277555659630182
0.272410053916461 0.0862364035864977 0.0731600002864771 -0.0193644440402841
0.272259085270222 0.223729384641218 0.0763231945876611 0.0115162481528793
0.109943307089929 0.362472969453802 0.0394017268264277 0.0684381847175126
-0.170256923229483 0.328149257886479 0.00559615340536325 0.0833613446653479
-0.428798947028494 0.0501444471658741 -0.0544399629456297 0.0360434268303414
-0.332267991487017 -0.344792115195282 -0.0257779830537413 -0.0287978191129701
-0.0428648371993519 -0.503483149705445 0.0493092908077518 -0.00445752584141332
0.0171628541103806 -0.417609240467445 -0.139409668184744 0.328570154689805
-0.216916082294218 -0.324276903130276 0.0917092142051197 0.157461161634165
-0.337659662924925 -0.0703094531263939 0.0161520026166055 0.0242850303502724
-0.211619300147106 0.210091501741888 -0.0628002827090556 0.0466435493951232
0.00625404055864232 0.293044403138859 0.0218677592526901 0.158993537706116
0.176252542558032 0.228685779377061 0.150597865615297 0.104328991276071
0.237345710671405 0.107541152624406 0.167113130896003 0.0290523577293796
0.235094230060822 0.0661179799471753 0.155035406433884 0.000407774392946821
0.225590038068759 0.0890694114989844 0.16387350358609 0.00990841225343381
0.208998216618768 0.192665254784969 0.143251561697234 0.0522944503854667
0.0711617052110014 0.288200208020362 0.0687137827055955 0.116820533447519
-0.136254732795835 0.234318883156251 -0.00161634973423538 0.104462372237006
-0.305098718936556 0.0282579564739587 -0.0230811585640226 0.0474904348730397
-0.251254716352603 -0.255710808570473 0.0166387326933165 0.0265630761053852
-0.0485086050645944 -0.391818555115559 0.0501130611316682 0.136816940265633
-0.00978770832163197 -0.293458383172178 -0.136162009808887 0.471183025975286
-0.164186811872638 -0.213749727397934 0.130749846788165 0.240241588180777
-0.220887384768307 -0.0372789774471188 0.0435377184383877 0.0390966062937144
-0.138620134017034 0.132068616135926 -0.0747678724398049 0.0591170678687189
-0.00594941275469969 0.189858485744403 0.0146119751310418 0.212683953280073
0.110508049196487 0.16116966849918 0.196552196931084 0.171635122423805
0.161263657433743 0.0891676479879847 0.24590459847151 0.0741905193193453
0.15858420387808 0.0662147589089699 0.230308488659893 0.0285242714117056
0.148619791564077 0.0813164357443202 0.223743722488178 0.0384783787381524
0.117961091226643 0.13873382189206 0.175724418496982 0.0848980107516801
0.0164630644832461 0.180498319951814 0.0743727774842579 0.139509974663519
-0.0960627869557578 0.111780783194806 -0.0168636658738879 0.0996846371918021
-0.153222425521204 -0.00557901047766989 0.000333086687810345 0.04244255816093
-0.137172658664651 -0.143232237712643 0.0412891356901099 0.0575898040405974
-0.0414157965450552 -0.233110542954175 0.0482853103512829 0.229895247273395
-0.0355174811385512 -0.115945962264965 -0.117967783041968 0.54748091008999
-0.0815929509843006 -0.0633849403260589 0.151292041565986 0.289542157340802
-0.0657814821287923 0.00450397366190837 0.0687901256530558 0.0444721360128937
-0.041916172240596 0.0327705892188148 -0.0711310892133937 0.0559854355552251
-0.0159396270862464 0.0571507139823812 0.00515701783349665 0.227804615627514
0.026131756277556 0.069320214021958 0.211860353250638 0.208852249902916
0.058207189288997 0.0577065048486476 0.287199451683508 0.105143954097309
0.0593489344192342 0.0571417744141471 0.270411757585427 0.0527137230494936
0.0545668237196224 0.0602117556475776 0.24849714083428 0.0669362347514286
0.0221296051268157 0.0693899782141581 0.177465386372806 0.109721921181493
-0.029132057429092 0.0655485943084301 0.0613780831143872 0.141856184273523
-0.0489353308501938 0.00508697009930046 -0.0332169243717189 0.0776296030143341
-0.0152668178558245 -0.0227935073675581 0.0169870617663753 0.0295435658578999
-0.0357254877825182 -0.025858907181458 0.0513209738716205 0.0733571513262565
-0.0363477943765897 -0.0600596456523877 0.043667041228714 0.272807807614373
0.0354046090060627 -0.0666983045221017 -0.0530676678061079 -0.318583352298399
-0.0284347704104131 -0.0638023701925886 -0.109255850604058 -0.105910556603406
-0.0738381452312561 -0.000885985753198443 -0.0325698559927467 -0.00508880585150529
-0.0137097814455348 0.0626387679476152 0.0500981442801436 -0.0290631802819847
0.0395895724199883 0.0512918958386337 -0.00685721780616261 -0.140007475413063
0.0511590379707711 0.00776921084214541 -0.154893157863623 -0.149574484197703
0.0412641795666919 -0.0259622092247767 -0.238462001873867 -0.0996330668280004
0.0455104760594736 -0.032536411618777 -0.260131043327417 -0.0729220203296993
0.0524701162209977 -0.0166283217948245 -0.26104273395795 -0.0995473388466278
0.0734568970056495 0.0299444983512037 -0.191012035310947 -0.167435262912501
0.038821159963832 0.0717054247991195 -0.0475717633924994 -0.190924765835129
-0.0490517752400603 0.0738327274038283 0.0443689059419273 -0.0790519223036217
-0.111207313066243 -0.0214626172731484 -0.0656643470233486 -0.0688266577948897
-0.0225014783371273 -0.11324525336245 -0.0779658133158926 -0.226832459614959
0.0546764788192003 -0.0997408555962802 0.107101764862359 -0.486373986185629
0.0431813652871475 -0.204032460145943 -0.0619648988020357 -0.268947315607181
-0.0761602296973851 -0.155759669531681 -0.0894143335381723 -0.107982921278367
-0.153216132512194 -0.0293675663820965 -0.0465340452194017 -0.00270356947978424
-0.0737176673758912 0.112395411397221 0.0390827071502661 -0.0106977915633802
0.0403788004976797 0.143303412854451 0.015790630317914 -0.113370066848868
0.113116049894964 0.0868143059587637 -0.113730415710693 -0.146859916689383
0.13092931095616 0.0129601615691434 -0.199538760058129 -0.105408636611265
0.143719980359221 -0.00674165808064522 -0.220406491639789 -0.0769233534954544
0.15206220290367 0.021164049548519 -0.213922422671741 -0.0915003233618962
0.164201008152328 0.119039868532518 -0.154833570563659 -0.135923613933559
0.0594948390868363 0.204821372652535 -0.0461114303221828 -0.142152539794114
-0.128617446328397 0.181276414107948 0.0276230625751138 -0.0488565168205106
-0.272339734493869 -0.0263262116299124 -0.0876454968387466 -0.0582417150700128
-0.13774411963727 -0.258060797927013 -0.0908254588536097 -0.214756105778069
0.0454378082517941 -0.298118459066978 0.0866785519894358 -0.432998148674652
0.0515742204207185 -0.326233417810541 -0.0805403307744844 -0.172806238286046
-0.12595781739403 -0.247212378663363 -0.0612022743874748 -0.088170595872119
-0.236690161177517 -0.0607783300388436 -0.0505527731489839 -0.00402083593481446
-0.140324625692267 0.160779615383412 0.0182166782051641 -0.000737295440305843
0.0342994699175036 0.231037831938327 0.0262547060516824 -0.0697553123454929
0.163615447251438 0.163550919453053 -0.0589864635174457 -0.117801032775765
0.205477344534991 0.0540684947380611 -0.132265101653938 -0.0932261466439853
0.22074823421309 0.0192852660864974 -0.147026304789204 -0.0703741144511332
0.228352025809156 0.0528290538251566 -0.132537907979556 -0.0732104598388621
0.236454189207443 0.185342173289088 -0.0919456813772668 -0.0895454188813194
0.0870754553976062 0.309346441611152 -0.0309159739413152 -0.075303317868253
-0.177396817179934 0.279466274159917 0.0137404910392453 -0.00806624162265645
-0.399080468045046 -0.00256093099981799 -0.0944900356860315 -0.0323402598816108
-0.250711706805126 -0.351324397549704 -0.0896466311869942 -0.170635668195819
0.0173521089689465 -0.447833360084403 0.0655029686661351 -0.320534056957198
0.0518395613844512 -0.414935461195808 -0.104107486313734 -0.0323757876128339
-0.177774379444887 -0.323168081573185 -0.0193793000307806 -0.0343252664522904
-0.319325938541985 -0.0839503308830491 -0.0383869982570206 -0.00123637111260247
-0.200635219837933 0.207086734882349 -0.00803863406537827 0.00873463420276975
0.0263444831579759 0.301127156941049 0.0285083811726343 -0.00635793992908911
0.197836137759749 0.222384487644868 0.00682140516574526 -0.0605252685918223
0.253197021885989 0.0883355761448304 -0.041062681688456 -0.0626986986351839
0.2632013080217 0.0422472678961102 -0.0506926749009282 -0.0524270704834074
0.266729212975465 0.0747433192372643 -0.031914361826379 -0.047904426019629
0.274650733234982 0.21852365111099 -0.0103641353590276 -0.0377376723899654
0.110070613105624 0.363504941707627 0.000674802344640896 1.39294434678708E-05
-0.187794394899845 0.335096894645472 0.00666894499174905 0.0385432269415253
-0.454958321053298 0.0306676177121507 -0.0814664370864136 0.0017732121962646
-0.321474529347777 -0.376841202198271 -0.0652530777001164 -0.102337274363434
-0.0136591286622044 -0.514588147470494 0.0504148204751579 -0.167395205520574
0.0421603637385027 -0.445826230728591 -0.12555778709742 0.138651261951151
-0.21193833128141 -0.354863652494874 0.033311772174219 0.0521970431168535
-0.361243238647909 -0.0882342340418855 -0.0117925188230674 0.00919267724772471
-0.230461158228466 0.229323660920513 -0.0365301507818979 0.0256040288383485
0.0153617485548165 0.32515662896284 0.0271627180812365 0.0737845663007077
0.202986485959633 0.245199499686741 0.0794173570853777 0.0172252534310402
0.262526000732551 0.106576609259435 0.0622841218584287 -0.0188466628074463
0.265485351187923 0.0579788386466271 0.053303929595792 -0.0269741960061666
0.262322741616219 0.0866583835962832 0.0702919256717513 -0.0187483781044692
0.261997319641753 0.21790938379712 0.0730999906025296 0.0111816526237911
0.105181782806015 0.350089460316939 0.0397898929327158 0.0683862719611432
-0.168605597082421 0.314435815385588 0.00384334155604485 0.0788638631772364
-0.41319464403266 0.0443245169369938 -0.0536763877654487 0.0300790868418022
-0.31682830729316 -0.333195889466843 -0.0241861081308834 -0.0310825490585858
-0.0355286622238618 -0.488718893634829 0.0455725641336819 -0.00460659264188371
0.0210034240641962 -0.400897580677687 -0.136510537168415 0.311562520418692
-0.20637678269238 -0.316565785694217 0.0855709290559132 0.150223441836424
-0.325228675359102 -0.0737480667097206 0.0163992699289525 0.0247863666635105
-0.207636575443163 0.199967092236642 -0.0614046661926719 0.0455978822445291
0.00396040414144162 0.284194228094687 0.0219491720893932 0.151901116623642
0.170631487992302 0.222349165008536 0.146021418575359 0.0984536098845834
0.229171780338186 0.106290401548998 0.161903462106921 0.0293666975610342
0.226102160838685 0.0664135622679234 0.149575848651597 0.00222996434402442
0.217481141814083 0.0882749477672413 0.157414310815492 0.00978928850279748
0.201578138225666 0.18760196582422 0.137272780346045 0.051240488905644
0.0679639688130085 0.277985485644484 0.0671163882365837 0.115087288042682
-0.134567644463366 0.224987407140158 -0.0023388005033383 0.099200094876672
-0.294213574097736 0.0229001773879673 -0.0237132938129798 0.0416532994247039
-0.239113192709588 -0.248069802079132 0.0150139507295831 0.022996851766629
-0.0412959394589666 -0.379565694464421 0.0458848860830197 0.13187049153315
-0.00549824530065838 -0.282598513183615 -0.135829517692472 0.448930420688849
-0.155776435913386 -0.210182846528442 0.12133224071466 0.232157012732691
-0.213032388895189 -0.0405706910305895 0.0418754389666527 0.0387508429810227
-0.136208833747368 0.125987990470144 -0.0733196878518306 0.057576087916667
-0.00681893388799599 0.184055730382573 0.0146491108593025 0.204075924280144
0.107026715375119 0.156966052673548 0.190427566905272 0.164441476552634
0.155190379820248 0.087256022528014 0.237598044236344 0.0740457505075897
0.152414743580515 0.0661463686406205 0.222361076069971 0.0305224670325471
0.14275784671342 0.0799420186137474 0.215282691679525 0.0392863587952367
0.113470210039974 0.135454859024466 0.168435163913174 0.0825851327704797
0.0157537333652176 0.174355699178807 0.0712972660861678 0.136086290022956
-0.0949544894962762 0.107748442339427 -0.017549333048335 0.0956627568868919
-0.148283485199998 -0.00897408309330135 -0.00143796088524065 0.0370891936564215
-0.130293712861749 -0.139523803379058 0.0380805214209471 0.0547753738988466
-0.0356135168922147 -0.226890596166668 0.0443831429344033 0.22306931357449
-0.0320210733592493 -0.112193004949032 -0.117322206532948 0.525803121883748
-0.0782765821223377 -0.0639448948099428 0.141668441598547 0.282083772050571
-0.0636019336986147 0.00158621810749607 0.0656133727109209 0.0442746532201342
-0.0418578447017592 0.0310132587466788 -0.0694931454559503 0.0542954806681995
-0.01618128814915 0.0554911664222829 0.00397856735095288 0.220224024041158
0.0260522113524655 0.0670138479402911 0.204338515813243 0.202027881496328
0.056635537306192 0.0566331941872891 0.277379629337753 0.104828566988287
0.0575643053771754 0.055739488575351 0.261959334686366 0.0553501414153394
0.0516577205469407 0.0585785837217631 0.239263903725698 0.0665713910907
0.0209761721917854 0.0680360010896946 0.169614664759429 0.107860513220954
-0.0277171086845694 0.0640292116031564 0.0575011634733736 0.137545944260096
-0.0478815182188987 0.00519771786420527 -0.0327254471003152 0.074483928431846
-0.0162991314090911 -0.0234607391766646 0.0153380168205784 0.0251984618271252
-0.0334107388226591 -0.0258517439731915 0.0476709802648388 0.0710887150501717
-0.0322113787651723 -0.0598586596315868 0.0392191855238877 0.264248891702934
0.0436890262560747 -0.0584702780245507 -0.00437478120037098 -0.32012611710066
-0.0161903748459138 -0.0658285910552687 -0.0915545271598099 -0.122371653196478
-0.0717935906734781 -0.0117537373703703 -0.0290802054391584 -0.0125086056250135
-0.0235277089025232 0.0581551886101446 0.0531254451089577 -0.0242585033999163
0.0307447306943569 0.056233869478351 0.013063920975578 -0.140051335017643
0.048040541040259 0.0171820842488899 -0.134102835924575 -0.170776654697263
0.0430458819136955 -0.0182519807359361 -0.224542465608369 -0.134389601415142
0.0480967718586172 -0.0237843921236126 -0.244794035648701 -0.116948643482019
0.0510913085275245 -0.00573267322780888 -0.243032547844068 -0.143603262295671
0.0657099144607914 0.0411948344091572 -0.160826980655581 -0.199270880567943
0.0234463491245136 0.0744480309120431 -0.013772928984156 -0.198247709102534
-0.0621468884703053 0.0628722623802246 0.0593206194306489 -0.0735514484372881
-0.106009003870043 -0.03831634146286 -0.0517264754413259 -0.0771875623555069
-0.00565934421686874 -0.114256347364133 -0.0359006476507832 -0.237981823346096
0.0635568901430786 -0.0901890334881415 0.194514455313113 -0.467402748857948
0.0712458471468613 -0.191870653557005 -0.0116350262371408 -0.266886825452962
-0.0482277820127582 -0.163795165966236 -0.0668164177193825 -0.121434768620107
-0.143935403260067 -0.0529469578229595 -0.0385410370999924 -0.0151248524321481
-0.0908244831983693 0.0964605037186079 0.0409393854352979 -0.0111536285548114
0.0158336483074298 0.145536524740288 0.0295930500007374 -0.114796089321204
0.0965289761485667 0.105097911817709 -0.0975498793374211 -0.163694698296953
0.125497907084725 0.0360474589233064 -0.18640191795759 -0.136145516299409
0.141296398778891 0.0183200620944148 -0.204198998524311 -0.113884417749275
0.142400432462247 0.048153458007375 -0.19571169904325 -0.129438318042372
0.139254086397479 0.143817496585166 -0.128206509080452 -0.16394450309361
0.0221383579155073 0.207627880965929 -0.0183346544271342 -0.150068883577224
-0.160474096324669 0.1542105367244 0.0391825043518536 -0.0465628237393979
-0.262643056506189 -0.0704517151209933 -0.0751002848039932 -0.0690269071048975
-0.0929628048075848 -0.275584077867151 -0.0544371903786267 -0.224588044665178
0.0908376490156874 -0.287316501444864 0.160995312248376 -0.416235231155606
0.0965702835070464 -0.310678033894772 -0.0360051930674673 -0.170817186141905
-0.082937475075939 -0.26185271538395 -0.0357751434621917 -0.097857893166959
-0.221705994536695 -0.0977177839137373 -0.0374641508602085 -0.0205781939388891
-0.164611593465322 0.131182720803077 0.0203436898213408 -0.00739996834004654
-0.00560835772126282 0.229603881303594 0.0328386094466093 -0.0754924954923904
0.134239007817869 0.188424580564056 -0.0515506039016958 -0.128429868864724
0.193356763588627 0.089133740237978 -0.122448832886094 -0.115103476555141
0.2125871056726 0.0574979383532911 -0.133128242636217 -0.0938908987439579
0.211726267900019 0.0908194935542225 -0.118363389316649 -0.098307716671248
0.200025728051099 0.219967701091701 -0.0723574156637019 -0.109295294202879
0.0327720247290124 0.314745717202138 -0.0122609720249103 -0.0811568910819906
-0.224812482115022 0.242196639761551 0.0202182604241242 -0.00967967593083065
-0.390303615605562 -0.0691916675015051 -0.0852806348424071 -0.043734252327064
-0.185622845116526 -0.386100139281498 -0.0636309582405627 -0.176214926972626
0.0923726827067752 -0.438907259463903 0.11782361939441 -0.305181236989527
0.111360910988686 -0.397154082067388 -0.0733325836138243 -0.0318462606716902
-0.123158318527014 -0.345517791481182 0.00256810165388038 -0.0380091123249032
-0.298407046662076 -0.133425488380002 -0.0207279980209761 -0.0189780029781083
-0.232481176897401 0.166637828985642 -0.00517076076987801 -0.0049718365531727
-0.026198151361783 0.296505890962538 0.025356395486373 -0.015689809877315
0.158232914378956 0.250301873081182 0.00280363970984095 -0.0635077679363569
0.235544712604737 0.130186754187355 -0.0366260609986096 -0.0720675245943204
0.251552226664248 0.0865041073869123 -0.0410782870283601 -0.0599573911973959
0.24700922356313 0.118532419860593 -0.02233074263151 -0.0562477750206607
0.232598868761316 0.25907785886772 0.000953128025248012 -0.0448721738170602
0.048345409778019 0.370962616588023 0.00805439001366984 -0.00133635849272356
-0.244738799092647 0.295668322679496 0.00619372920863351 0.0345700521216862
-0.448925189281498 -0.0455005779697156 -0.0775537558179339 -0.00837377803562244
-0.250548761015445 -0.421943155822628 -0.0525292372390374 -0.10278517607706
0.0754271837421183 -0.50962418282982 0.0738576282896682 -0.153475800697931
0.105093283782715 -0.430679480642492 -0.115964045784429 0.136153239720819
-0.151378681494618 -0.382800785342454 0.0445482811411974 0.0560959725248607
-0.339745082586036 -0.146744589750065 0.00498063324006486 -0.00673008054159691
-0.265752014577054 0.182284887633746 -0.0349757371094231 0.00571263449344183
-0.0418296606602644 0.319820175402415 0.0121759407008637 0.0614357959680871
0.160350147908324 0.27390525677028 0.0629273904442512 0.0234478843328896
0.242710060857179 0.15006302500126 0.0599390777608208 -0.0141949617804123
0.251943310683923 0.102877369339078 0.0575781267605831 -0.016705116153424
0.241172804464358 0.128278080249399 0.0747169301808199 -0.0106469694708053
0.221264215849078 0.255351856363585 0.0753800655194376 0.0173603299351341
0.0462151374357678 0.357581534567156 0.0353672054656723 0.0726722481099134
-0.220412026321086 0.278925047426019 -0.00433281102346664 0.0750171277268759
-0.410699560458267 -0.0261624664059367 -0.0549704366446959 0.0231187949447972
-0.251513334675375 -0.380842359729883 -0.0241093939863458 -0.0255065775004573
0.0512602815668853 -0.486929487212053 0.0408268158286708 0.00844481104518607
0.0792114611257813 -0.391798932117399 -0.155361688439655 0.303114347829212
-0.151629456711107 -0.34626054058569 0.0794207953382261 0.161884307692769
-0.307056611124728 -0.126869020664663 0.0291565443831854 0.0141509339865739
-0.239444461186728 0.158714776880928 -0.0630291040367982 0.0240208420823901
-0.0464826731873349 0.277364217643832 -0.00279823769978574 0.139489776833753
0.132409632111109 0.245256432707799 0.118868492897984 0.114463407630294
0.20977035300846 0.144010488700854 0.15289368834189 0.0485471287933197
0.212716941960142 0.104488369888266 0.147818383028148 0.0286232266416426
0.1980254469364 0.122084872963369 0.15618930658941 0.0336406665386969
0.166851007789452 0.215923152381667 0.130734058455546 0.0689015603006394
0.0225075711886939 0.281760648561269 0.0530034020100979 0.123614003255413
-0.170805607316917 0.197144224191564 -0.0157986999923274 0.0955960097308437
-0.290152121451581 -0.0277754974191478 -0.0292539967477748 0.0376661115320768
-0.189428101978019 -0.283353867728441 0.00578748403299378 0.0327175225515271
0.0297726727261145 -0.381740385988911 0.0181566516790391 0.144257626209221
0.0370843100125044 -0.280209822453093 -0.181577063427067 0.434868089277751
-0.119717827169887 -0.23344945178254 0.0974621625204612 0.249290240642642
-0.202992892736182 -0.0766655274068748 0.0462607507615835 0.0366832320704617
-0.15716394791221 0.0984057921123255 -0.0780327067361768 0.0389716930336737
-0.0405844255605448 0.178759564234421 -0.0172574673432431 0.194023252843746
0.0801183551126791 0.170881062067979 0.156719311841699 0.187461540933241
0.140969065226129 0.112978507325274 0.223730707718237 0.104807540583122
0.140891220950081 0.0917199560416326 0.214352042103708 0.0695770233123904
0.127725724705074 0.100853618442081 0.207899877012552 0.0735856948564061
0.0895056103327546 0.151192325568874 0.15455026896177 0.108002278993295
-0.0110534033456456 0.172846016350796 0.051063153778369 0.146636816819839
-0.111595134621399 0.0896279577979321 -0.0314115326119832 0.0912570844326943
-0.143080509496812 -0.0342537204866274 -0.00714380339898013 0.0350963379240269
-0.102187895143592 -0.158466255565541 0.0247451964249909 0.0648863328525048
0.00988576328619307 -0.23017306931968 0.00215468270546827 0.233047350430383
-0.0135992817121825 -0.116852369704221 -0.185138644368865 0.5047324609767
-0.0676638754196119 -0.0777161967395115 0.102507032708242 0.301475406040211
-0.063185163763792 -0.0106085051407121 0.0603191116074769 0.0520560918721961
-0.0478266643520956 0.0229437345536725 -0.0764937243166802 0.0424470841778635
-0.0272838346450605 0.0517488427648658 -0.0278105420485223 0.214822646226268
0.0155995796932231 0.0687244008764981 0.17062835202008 0.229230367923331
0.0486454566027828 0.0653715074647659 0.261511548932169 0.143015964800568
0.049082442259221 0.0650653658367645 0.250157447667386 0.0998095977501179
0.0432100824401076 0.0643621129669522 0.227454344148516 0.106135145219526
0.0106693394262714 0.0699024278308372 0.150748846430654 0.133934290291562
-0.0349589027527842 0.058976633799205 0.034591113672114 0.146366379474649
-0.0475739381064837 -0.00166821723675688 -0.0454363778517989 0.0687255162738066
-0.0124888616193867 -0.0270180220660936 0.0094389448823878 0.0246289555087712
-0.0263763602629183 -0.0316859099555402 0.033170954465275 0.0791319436663087
-0.0152675464589937 -0.0659554477490152 -0.00756404925475024 0.272153145732389
0.0449937845800671 -0.0587083475446858 -0.00408787528989606 -0.331244859146449
-0.0146044705223172 -0.0670913912032932 -0.0966425516837957 -0.127089339610934
-0.0730766251730895 -0.0113887710732472 -0.0300736922392247 -0.0122129754153188
-0.0239680247114197 0.0594004250888057 0.0553728979934626 -0.0242783937173287
0.0324166672848902 0.0574789208260085 0.0139518250096484 -0.143731271170286
0.0489041151026546 0.0186073218005201 -0.138603859649107 -0.175666920134463
0.0433670362170557 -0.0187762375291223 -0.232272398453299 -0.140053018065274
0.0494763586459287 -0.0247726713082796 -0.253992954658865 -0.124147276425595
0.0534940719350294 -0.0053860162579801 -0.250190219825715 -0.150309294389055
0.0682930512811544 0.0425698045294935 -0.166039048569134 -0.206608284001338
0.023593194035314 0.0765384091676008 -0.0136161145316515 -0.205100851037623
-0.0646702850592211 0.0641314676978612 0.0612775833845304 -0.0770682907556821
-0.108418767696854 -0.0403243746600767 -0.0523330270871318 -0.080647847488962
-0.00504453928822892 -0.117494517996425 -0.0316853617303391 -0.247724991323087
0.064962448409024 -0.091989982717027 0.202730530031991 -0.479262275716648
0.0739943566977847 -0.194965874890446 -0.0121733845833693 -0.277460695792943
-0.0471467435438861 -0.167562193867573 -0.071177432358954 -0.127353133586966
-0.14738323159202 -0.0545652780151089 -0.0393542411763293 -0.0151222853412069
-0.0935414726115545 0.0979175742072708 0.0426914747945009 -0.0104914718184314
0.0171304921844811 0.149960419538107 0.0317246195170946 -0.118722174672494
0.0995952351447897 0.108617719884749 -0.101307942043572 -0.16956144876077
0.129045005687998 0.0375568402680468 -0.192532192525616 -0.141853086360122
0.145492716375067 0.020132681360637 -0.211877432658743 -0.120404447392605
0.147834726748789 0.0513077486084179 -0.202236284353413 -0.136362833214169
0.144994303331916 0.148427697030673 -0.131877924138946 -0.170432408938501
0.0217135027419912 0.213920400097865 -0.0172663905619891 -0.154403207153763
-0.167031150941857 0.15828451316693 0.0402972574547986 -0.0497088501001563
-0.269946443157096 -0.0751116324752262 -0.0769014783606605 -0.0736211401417616
-0.093710065644181 -0.285226432527199 -0.0517033670201148 -0.235159750804012
0.0950045303022481 -0.296000990193833 0.166611805114219 -0.426301055721232
0.101257228817993 -0.316315037839578 -0.0370419120917961 -0.179750072685621
-0.0823222144285074 -0.268627557943315 -0.03995466444563 -0.103288074214048
-0.226728525878992 -0.101996532170644 -0.0375443608473195 -0.0199703154793152
-0.170439206596475 0.134262384437382 0.0212318311485301 -0.00668208186656642
-0.00468234166443099 0.236299532033267 0.034527280453927 -0.0780329304916101
0.139281995850103 0.194306525748593 -0.053743855889707 -0.134165747726106
0.198502165837875 0.0926160583465221 -0.126729915832064 -0.119344788270049
0.219298413594665 0.0607977239641619 -0.138130322692041 -0.0994649463416858
0.21937321865892 0.0963339842380984 -0.122206488753489 -0.103803849456556
0.207636919824575 0.228691602545791 -0.0740842218325805 -0.11363005735557
0.0321069158969943 0.325004178497964 -0.0099329544504848 -0.0825426324786776
-0.234819604256898 0.248649576605609 0.0203797502428321 -0.0121061962480244
-0.401840415169312 -0.0745545189089126 -0.088528827933209 -0.0487744038420889
-0.188416426612915 -0.400332005920249 -0.0632088203250149 -0.185273310875686
0.0973849976770946 -0.453741232715751 0.119886938106095 -0.313708787375172
0.116778905741097 -0.405855359753595 -0.0756385514191642 -0.03771067387076
-0.123423786287849 -0.355992464454654 -0.000798253980552344 -0.0420104611235003
-0.305875756860638 -0.140880822437597 -0.0204344050524538 -0.0182136018767791
-0.241596936704978 0.170239075922084 -0.00572612587147778 -0.0039888119208669
-0.0261553539736591 0.305966519154131 0.0272369232606996 -0.01756066647939
0.164499508230377 0.25795333866414 0.0024424675051825 -0.0682552451592526
0.242620882134164 0.134971984742998 -0.0385114951644117 -0.0747989556363394
0.259772279803214 0.0915219130052896 -0.0427397781022466 -0.0630722047521807
0.255259817809419 0.124323636935464 -0.023346189512556 -0.0602696382438983
0.241236347917685 0.26873046980987 0.00139044611184926 -0.0474887532724565
0.047845688073572 0.382023848502856 0.0109057787414977 0.000624281629102697
-0.255790568432124 0.303434356214543 0.00530103583205687 0.0338945469421819
-0.463912934609983 -0.0514612522528788 -0.081082372124581 -0.0130131618267462
-0.25438511032205 -0.43741012145524 -0.0533729562568881 -0.108523468964171
0.0798695662601767 -0.52651456194962 0.0738006304361385 -0.157603215566317
0.112758987799007 -0.440539737364264 -0.120487780795317 0.134984398367814
-0.153005988360315 -0.395651792383175 0.0420190024611452 0.0554472299392198
-0.349039431616158 -0.155393713982664 0.00646934835744338 -0.00553882986362403
-0.276232988052655 0.186556326233186 -0.0369388808008157 0.0068453856995938
-0.0439261306113903 0.329682425352699 0.0134771998797622 0.0623470155954453
0.166512341929595 0.282055249926047 0.0649470888084527 0.0209785056708261
0.250021643737423 0.156668360988601 0.0619757032376924 -0.0142447025686109
0.258725119096419 0.107988634812076 0.0594826783614631 -0.0172020863193237
0.249282390019031 0.13441776564483 0.0774627900651394 -0.0121753513915882
0.229857163529843 0.265224466182153 0.0782416658329758 0.017283738741789
0.0474252313373351 0.369289828677831 0.0385284778533005 0.0767632628834728
-0.2296871970773 0.287536025199177 -0.00516648254038623 0.0759694745966745
-0.424016276319568 -0.0309368880948175 -0.0589343661986428 0.0190004552300112
-0.25511914759832 -0.394844467215041 -0.0257821181054372 -0.0282031174345845
0.0558262254873823 -0.50426516634023 0.0392906713152865 0.00974275737550539
0.0859654631284447 -0.400364953251775 -0.160989969733771 0.307233083557005
-0.153067883911822 -0.359269086955563 0.0780468958867321 0.165528266203026
-0.316728334755278 -0.135965707588939 0.0308144205528319 0.0160718511121474
-0.250629208035026 0.162606095037687 -0.0654783206144594 0.0262437670774244
-0.048480644008522 0.286903189312119 -0.00334309466319149 0.143384400026248
0.137772910987639 0.253005807403476 0.122910886820456 0.114867390926677
0.216768774960359 0.149584658371284 0.157690985514947 0.0510585321819671
0.218529115111459 0.10979531995657 0.152831789353356 0.0303911171932501
0.204657340015525 0.127122519172898 0.160974226666718 0.0335635294734342
0.173543150219536 0.224194269870263 0.134663214068928 0.0707991807753295
0.0236723231723711 0.290512226053805 0.0565075116397213 0.129153396282498
-0.178524154898847 0.202856612580873 -0.0171990061081098 0.0974242976102285
-0.30029677630232 -0.0324358710622602 -0.0320379505499929 0.0342430495444769
-0.192704992045924 -0.293116828993792 0.00414054951782335 0.0328595748598782
0.0339302256141253 -0.396647519918951 0.0161974789927587 0.149279017293389
0.0424448344411735 -0.287246714059755 -0.190434640158156 0.443573425698359
-0.121598288873447 -0.243275621333156 0.0973663991124176 0.257303618857027
-0.209660264726057 -0.0834007274838889 0.0479833908309658 0.0396775487112259
-0.164716818641408 0.101183879899772 -0.0817206201191061 0.041441347934418
-0.0436091503222532 0.185070308690716 -0.0186152681312145 0.201212800711356
0.0846699730817597 0.175777136963393 0.162326812359996 0.191629836368219
0.146318838893789 0.11749222114267 0.231748847831894 0.109221297947643
0.145757086476677 0.0957718802348349 0.222501646867466 0.0732217271330395
0.131021994630484 0.10510536534149 0.214489330494987 0.0760081238879067
0.0925382873449162 0.156906540063796 0.15916993351686 0.111929930599977
-0.0104745607835327 0.178317961195468 0.0533858494282551 0.152558108998192
-0.116339861599023 0.0927729143055652 -0.0331663316486201 0.0928145519067056
-0.148396690552602 -0.0380289169000429 -0.0093245917700315 0.0319329987461226
-0.102557407080911 -0.1644693388091 0.0229789751535932 0.0667326924278381
0.0123971968043413 -0.23901794240906 0.000479936335781173 0.240504046779429
-0.0117366073339907 -0.120350332930071 -0.195871431414434 0.517605086281568
-0.0693936126935205 -0.0822625234040046 0.103290819409664 0.312466861326564
-0.0652672521748986 -0.013967832506069 0.0621379879210802 0.0558444380409939
-0.0508525037430058 0.0239275696991852 -0.0792427580532335 0.0449696775711565
-0.0285567245033539 0.053982159292571 -0.0293554310719877 0.221888148096796
0.0171151265240992 0.0707644128235551 0.177723297618396 0.235812802537097
0.0513034308449785 0.0681387983010048 0.270632765906068 0.147607670548883
0.0509996865491136 0.0675975787055381 0.258871514408251 0.105740001873851
0.0442512063572906 0.0665963116556402 0.23429234160394 0.111736334225723
0.0107543203241929 0.0729949765553504 0.154379602645896 0.1393909563284
-0.035319233425589 0.0616959568069911 0.0351814519663074 0.151319683373648
-0.0495316419820671 -0.00123451584090516 -0.0471422648397692 0.070232276293445
-0.0142537590409496 -0.0291061729304917 0.00893760303682313 0.0227709348938081
-0.02639489371751 -0.0332555606202377 0.0328509559373164 0.082557749291322
-0.0137370691311396 -0.0700135129177443 -0.00905765541100706 0.281007098015549
0.0440662116348852 -0.0610033981022786 -0.0171355542433654 -0.344465349876667
-0.016077295672349 -0.0681674983913443 -0.107514502961282 -0.127943606062168
-0.0750433601992034 -0.00791757057197771 -0.0319046257891767 -0.0108798013925863
-0.02226787694338 0.0620422872273789 0.0574253595375666 -0.0269607284981526
0.0369194862706669 0.0576602720898561 0.0107236464693786 -0.149535750962836
0.0512720075488988 0.0176726286423175 -0.151393627347064 -0.176261993978669
0.0429906496028975 -0.0208800313738416 -0.246880972372909 -0.137942996007723
0.0505808423482738 -0.0271894107674604 -0.270575224414398 -0.12215987219352
0.0564421654908741 -0.00726577152621137 -0.267389522089261 -0.147932917174371
0.073219697406562 0.0407076982698546 -0.180159492941936 -0.209157817256695
0.0270492853576605 0.0780868893795336 -0.0225430224727373 -0.213647902399359
-0.0653178515249111 0.0693663872238877 0.06111439503127 -0.0838242690588805
-0.112154011462327 -0.0377732005722208 -0.0563242560504056 -0.0819951015129807
-0.00930421702456088 -0.121974853030126 -0.0376524294940866 -0.259222697293471
0.0636545905843412 -0.097433895438484 0.192367177894489 -0.503884246309202
0.0704918034242613 -0.202767824404794 -0.0238350764672329 -0.289963647082651
-0.0533709363842227 -0.171521056027681 -0.0811570935694448 -0.13026999306973
-0.153487304203371 -0.0508204797815103 -0.0409882168645982 -0.0138614688797297
-0.0929298371814353 0.104320290461201 0.0444233065973858 -0.0117122341498187
0.0247512385099635 0.154100556188855 0.0294066993863125 -0.123972958644116
0.10756714243599 0.108885120927247 -0.111720278425717 -0.171379618624583
0.133868526322814 0.0345142527750958 -0.206557248510518 -0.14021432700947
0.151743680782673 0.0159152617052727 -0.22620545541375 -0.119909092108957
0.156079947906346 0.0483059348791608 -0.216275997398842 -0.134947826546562
0.157541916654318 0.148154533635474 -0.143668576953918 -0.172860387262563
0.0298089513392679 0.221442875045655 -0.0225796684407445 -0.15973693434528
-0.169250655147347 0.170674401458956 0.0397734746791792 -0.0554615128242233
-0.281534124836398 -0.0705329318840105 -0.0831574488340976 -0.0750074277793386
-0.105762194776649 -0.293979321858086 -0.0595763795282743 -0.244708273831924
0.0880839484528039 -0.311152957978594 0.156680705076064 -0.448024966559243
0.0948549447936402 -0.328261273795976 -0.0460750346554779 -0.18779549299448
-0.093670187603937 -0.275107109302088 -0.0485816305198786 -0.107664777410557
-0.237543007141656 -0.098803405700355 -0.0386062034634976 -0.0190242259411696
-0.171879893898578 0.145105428254996 0.0216845458300162 -0.00705164349385345
0.00529983036868884 0.244720276951924 0.03392613949893 -0.0824073632025326
0.15305028820509 0.195235115663398 -0.0622189652453788 -0.137960573402065
0.209319843142021 0.0881136692787026 -0.136525637186864 -0.119087989741762
0.229969754069657 0.0560488213255495 -0.148451451539736 -0.0997583636467492
0.232421838054548 0.0919415003879509 -0.131515400974896 -0.105033245080429
0.22643584370575 0.229435288563178 -0.081349923527937 -0.116813298000485
0.0463734106894974 0.335355736777132 -0.0115421837419149 -0.0851892182416951
-0.236391280641476 0.26770001887265 0.0201954896200982 -0.0152388892242387
-0.419944434392963 -0.0663864110657733 -0.0955340155220083 -0.0499159848302869
-0.207773318252252 -0.409881252909146 -0.0715073554909545 -0.192466793759448
0.0849387562297293 -0.475727892941494 0.110088512958384 -0.327488922410466
0.109181184671662 -0.420797065695842 -0.0807638179903659 -0.0401581576982412
-0.139420963830868 -0.364717209048343 -0.00621032137826068 -0.0454473556530813
-0.321637985772465 -0.13687654777143 -0.0204843726922618 -0.0176175598357404
-0.244799695726627 0.184923965085265 -0.00596575583243987 -0.00250853402222854
-0.0146439939268571 0.318085211050378 0.0277239309239863 -0.0195390150421521
0.182620837831629 0.260771065284063 -0.00101067546649465 -0.0724066762350196
0.256748892713639 0.130785301530413 -0.0431716866587667 -0.0764249330373211
0.272569001451794 0.0862957399494288 -0.0478723650225032 -0.0652435380921893
0.270212172282995 0.120539996689256 -0.0272371954071268 -0.0638527323454714
0.263082287295054 0.269295191351738 -0.00103463958790596 -0.0503325495302327
0.0641120944110374 0.395738947957871 0.0139693385581807 0.000753221584773013
-0.254330692038536 0.324919448329046 0.00647401072242576 0.0336869421313292
-0.48251173430766 -0.0398153891691544 -0.0882959265142679 -0.014156701239136
-0.277947427265133 -0.446401577495071 -0.0608562335813663 -0.111999560919533
0.0639567790454777 -0.552043038940364 0.0682581712103646 -0.163799503692636
0.103906753224341 -0.45792037525759 -0.121125472084834 0.139627181243283
-0.171279299636017 -0.406102369368022 0.0423306421273855 0.0537327657076886
-0.36755738911656 -0.151141142874364 0.00820461956119706 -0.0049785113273594
-0.281875871096158 0.203780675738295 -0.0381165525868799 0.0103379350460204
-0.0319329708711155 0.344142594701781 0.0158930516204131 0.0634444163440182
0.185736750365606 0.285112203404892 0.0673202924670101 0.0163291222257379
0.266264929120985 0.15207156455835 0.0634823938556816 -0.0172306848977877
0.272966966405006 0.104474325950774 0.0614254156206827 -0.0203368312835637
0.263510978801907 0.130910585656462 0.0792259774696066 -0.0178365852573762
0.250532702631696 0.267229012083752 0.0811322198720581 0.0135441812173736
0.0643603303486755 0.380972346769907 0.0461013471400589 0.0794774277638675
-0.229234372310299 0.306517596102554 -0.00333015898394661 0.0775034078683854
-0.440265173638784 -0.0200497598061269 -0.0642315641880413 0.0176406672739234
-0.277814300492968 -0.400672610280074 -0.0300562167491594 -0.0289154315311911
0.0398220988230224 -0.52696339490717 0.0382165774757005 0.00954154802246137
0.0786099037683869 -0.416821830623264 -0.157410203953926 0.320397190752428
-0.170628644827015 -0.36728925194721 0.0837608747185151 0.166481832463
-0.334362574139072 -0.133630139099403 0.0343486955773149 0.0170154679663273
-0.256088153499211 0.178349143838122 -0.0672034704949278 0.0307434118485203
-0.0397565234830419 0.300514540378363 0.0012150918672759 0.149031867403324
0.15491111016688 0.256409461320496 0.130897388373903 0.111464943907933
0.231820684885127 0.146378476384963 0.165568750148644 0.0467565920138814
0.231192336822813 0.107631126274679 0.160710387768035 0.0263168394184409
0.216325275826314 0.125306306904147 0.168208742993009 0.0281219167456037
0.190387717298863 0.226781171053114 0.141764933644812 0.0672879839847634
0.03743763535407 0.300064553503311 0.0653482627544491 0.132836074244925
-0.178220626851711 0.217717680672144 -0.0145988259613894 0.100680502340921
-0.313280606852654 -0.0250618656094929 -0.0355432606693637 0.0323950540987682
-0.208228161882153 -0.297579464940359 0.00287068956237373 0.0336792409585848
0.0199926066104018 -0.413781112696874 0.0199196168668327 0.154896756264972
0.0372401534271605 -0.298503927036856 -0.182190618638582 0.464732635123358
-0.134894200491618 -0.249845501148107 0.107299351688341 0.263116666593874
-0.221389431810315 -0.0824898815656694 0.0525846918397565 0.0408705861276637
-0.169583970987295 0.111614146398481 -0.0835204287201207 0.0475002817959031
-0.0385655527289165 0.194673104018026 -0.0126042406321786 0.209232110152984
0.0955826315099874 0.178518496349681 0.175190542821496 0.189648914826271
0.158018068184874 0.116674939673897 0.244780281815408 0.104438292767176
0.154906186720428 0.0956790056424663 0.235434829823504 0.0688268377044171
0.140038487627105 0.104905165303846 0.225968441458541 0.0707425731156799
0.103406225888948 0.160307887262272 0.168470153248304 0.109548651106579
-0.00280949467740121 0.185606742582529 0.0621543328284411 0.156343703456696
-0.117914615640219 0.101259758022248 -0.0316275258957745 0.0968047179503575
-0.156430009057546 -0.0356601254608608 -0.0115528234039148 0.0293526293959263
-0.111489540446858 -0.167784063346929 0.0251585962138864 0.0690783742965967
0.00478567521118487 -0.250402843165333 0.00814648051753284 0.249210832348277
-0.0139514559765737 -0.125245600509687 -0.185552426972267 0.542608710642223
-0.0752956587172469 -0.0835596336270167 0.117074138749472 0.321048975837047
-0.0693115173324814 -0.014497328256494 0.0669558122577061 0.0580473121725637
-0.0530946626533748 0.0275856016663268 -0.0820791510980368 0.0509298137443646
-0.0283785451603451 0.0580515378219148 -0.0241864381152592 0.232616714032253
0.0207265616045936 0.0724153281773035 0.193606450705591 0.235380047629191
0.0569482609949247 0.0686696541908404 0.287854293264125 0.143831021764459
0.055921847953777 0.0690909777573206 0.275331914194658 0.102202674154551
0.0482513224632411 0.0682647107170382 0.248186135362375 0.107902590993824
0.0140315152063944 0.0763991176185356 0.165629468961286 0.138848964454692
-0.0333759623765937 0.0654981214923114 0.0420804955056951 0.155893348002553
-0.0520520322096658 0.00131668311778096 -0.0466336034525258 0.074097945814023
-0.0177037129496238 -0.030439851313948 0.00875246369738955 0.0199455972439849
-0.0277207060304961 -0.0350330221739093 0.0359451463236622 0.0854684293999855
-0.0157833377359119 -0.0736885750065829 0.00108641625259234 0.291827184199267
0.0405053707344251 -0.0625976370838952 -0.0399231589299458 -0.345808665477884
-0.0190738123955501 -0.0670430652423547 -0.119335093905766 -0.121286168682122
-0.0743992488561244 -0.00204175916856372 -0.0337990103957049 -0.00779394016827792
-0.0175981797494741 0.0623239805936025 0.0568847489746798 -0.030093794351303
0.0417013418735526 0.0543494006208351 0.00270744642085785 -0.151958666976112
0.0529023946054471 0.0146520987174705 -0.164275980038205 -0.166579804167795
0.0409291264849918 -0.0241071043851381 -0.259351690793312 -0.123556180081953
0.0486895743779761 -0.030861538926123 -0.283828016301547 -0.107204364688479
0.0572376618829878 -0.0109446938821327 -0.280823808686344 -0.133127390535369
0.07680992899492 0.035548100355121 -0.196850388394176 -0.200270165647216
0.031825856428456 0.0772439675106025 -0.03605987538698 -0.214906830662124
-0.0617430928596454 0.0739312916604342 0.0558161475427825 -0.0900669712973121
-0.114823011266874 -0.0320686721693134 -0.0605080956576178 -0.0794940252625801
-0.0171596222608999 -0.122293835834575 -0.0506603301295685 -0.262127532432869
0.0574226530352484 -0.101450943099541 0.162789738505872 -0.51732987335369
0.05907685369037 -0.20659732793194 -0.043661784138625 -0.291655317655569
-0.0636129646177638 -0.168772462112031 -0.0939775794998416 -0.125418114735181
-0.156340662810095 -0.0411922251206051 -0.0426547131652045 -0.0108451823486472
-0.0866791308778226 0.109673095509674 0.0443702043354211 -0.0137547767893724
0.0364455866553617 0.152268643347708 0.0227438727690246 -0.127486421744624
0.116922706612823 0.102762290624005 -0.125102685496498 -0.16508428817833
0.136467701516925 0.0262955504404392 -0.218206252659098 -0.128689444719913
0.153896029690867 0.00655473991751631 -0.238849869900322 -0.108759207437164
0.162446391369106 0.0391476432975234 -0.22991718151194 -0.123996419059862
0.170308795800543 0.139118445729372 -0.157050350072091 -0.166658960279293
0.043731605288808 0.222006452880771 -0.0317573809149021 -0.160013382858559
-0.160667469222209 0.183347117370161 0.036300204680256 -0.0593740043078883
-0.288931556557402 -0.0562361609273491 -0.0893686558670538 -0.0717357345920546
-0.12424877382895 -0.290555191467909 -0.0733686840021858 -0.246633553145289
0.0685474716475767 -0.318976192785299 0.128270370074245 -0.458298887851322
0.0765810566398906 -0.334598752090764 -0.0592272851659033 -0.189231138183346
-0.110482005254932 -0.270552251667227 -0.0591762990597654 -0.106029905972088
-0.244175165171598 -0.0844971654053788 -0.0396290689536838 -0.0158800749311244
-0.164306436505881 0.156625355718491 0.0223952044307278 -0.00656141353359452
0.0227218192438949 0.245756555317096 0.0296185085406775 -0.0855729929858202
0.168278690528625 0.186581712010625 -0.0727317635789025 -0.135355097421455
0.216089770876338 0.0763497419891503 -0.146099572927279 -0.111677086926704
0.235379026060985 0.0420315163146796 -0.158244384054163 -0.093474268659732
0.241389795503691 0.0788222612681404 -0.141104691840095 -0.0993039438549049
0.245458367311405 0.216339585287168 -0.0902638235740413 -0.113691557835591
0.0679585343443808 0.337226003569233 -0.0149198867138997 -0.0852944120926896
-0.22288484740569 0.285202593838906 0.0185495436589618 -0.0176197729856734
-0.427839127436862 -0.0443082058216957 -0.101865545171959 -0.0466720742261738
-0.233995242960581 -0.402818296349717 -0.0835480732811455 -0.1918515936558
0.0559739634982568 -0.485960295192205 0.0884737154122539 -0.334622176970982
0.0858543705773474 -0.429042550880681 -0.0851015103165313 -0.0385965842293229
-0.160836742858076 -0.358727918730505 -0.0132234129377341 -0.0467798572582793
-0.332818012908448 -0.119729019312033 -0.0198757268304089 -0.015930716403171
-0.235261063192478 0.202720766455831 -0.00611713792550353 -0.000507814076480496
0.00719538445122502 0.320840300937832 0.0269154171804014 -0.0212449020060603
0.202275857323017 0.249854334469447 -0.00754174062063324 -0.0745256668308562
0.267753961177014 0.116130720048451 -0.0482770833021161 -0.0736094532206939
0.281134197855428 0.0712739643741349 -0.053379851768525 -0.0635376012806797
0.281342136770178 0.105367892457635 -0.0325841175681472 -0.0643301105370372
0.285740580905979 0.253855415069587 -0.00440376496895657 -0.0517888885089595
0.0910677645445367 0.39586424936718 0.0171765483436014 0.000353666783792703
-0.236655045228697 0.344754894853001 0.00769846045674963 0.0324644177597002
-0.489921789810524 -0.0134988475365618 -0.0939437998889679 -0.0109162622371275
-0.307078974896345 -0.434974192188915 -0.0686213491097964 -0.110355101535365
0.028956243164784 -0.561709535438982 0.0559988315963246 -0.166348839918478
0.080811241544292 -0.465890503381397 -0.115229574083893 0.143944215977331
-0.197099118557809 -0.398503432349734 0.0418211266495737 0.0508946877087556
-0.381122777186405 -0.13276043037824 0.00959528591552519 -0.00473467085413717
-0.27200849511525 0.224684809511176 -0.0371520323635555 0.0148975149196778
-0.00852126467730858 0.348958554961709 0.0195711365960993 0.0640664075084448
0.20649480304798 0.27363214163268 0.0672226990257535 0.0105509409790813
0.278330922310359 0.135552184829967 0.0629060243625908 -0.0205496881004227
0.28244617424353 0.0888320785974184 0.0600856312468433 -0.0249767081276905
0.275194740769446 0.11682557326865 0.0780652085426429 -0.0245298385383895
0.271612761334676 0.252821281211906 0.0822564954119129 0.00747996496134478
0.0898774373018749 0.380116038775347 0.0543143472837871 0.0772110577026456
-0.211798640975199 0.323974372011802 0.00086598857970378 0.0775303843635287
-0.446476458416205 0.00408046381559552 -0.0683732609731691 0.0194978968363146
-0.304290907004124 -0.387838898231792 -0.0334264670300398 -0.0266820883625504
0.00761609824871675 -0.534739107045462 0.036536545129068 0.0101064898945006
0.0574204082750718 -0.423609544833255 -0.141169105939103 0.328150525084376
-0.19593343632141 -0.36169753918946 0.0920153311350099 0.162356753793511
-0.347637709277713 -0.117772747826167 0.0379679567034954 0.0152782010582843
-0.248495041530845 0.197546035957582 -0.0663424054067715 0.0379253281857348
-0.0203823164545825 0.307034243773479 0.0100135074741228 0.1507440891884
0.173645395633011 0.247351085892108 0.138063375501868 0.101562373225833
0.243262329656697 0.132811415676904 0.170513627016786 0.0371931347408926
0.240695995306501 0.0955439427266489 0.164662350452753 0.0167133740341864
0.227016202202202 0.11386997318422 0.170556224643827 0.0165009175544485
0.208505294348517 0.216698918801529 0.146519159228833 0.0586842110884567
0.0576366256233166 0.30048200340461 0.0765911117299197 0.130322473509167
-0.166341314216796 0.230896771201505 -0.00976435888604976 0.101612567170693
-0.318987299241741 -0.00830189888014404 -0.038707291292957 0.0326351407858919
-0.22744761085861 -0.288956009991329 0.00297632558317125 0.0353624261154447
-0.00559662279246092 -0.419197718947659 0.0280896887837219 0.156425991120935
0.0223320090125776 -0.303252508358461 -0.157920332755549 0.47504118278163
-0.151537361081496 -0.244972247888377 0.123262665549175 0.258289669204267
-0.230686467297485 -0.0727884527923237 0.0573989319805397 0.038847170636732
-0.165411818918265 0.124871434834281 -0.0817082575936106 0.0546156871367163
-0.0266270449053927 0.200841283680815 -7.14532031405156E-05 0.213044582766846
0.108376351835512 0.173362702318925 0.188894759228117 0.177926525381375
0.167572952804919 0.107288513991267 0.254904076701791 0.0897807398205353
0.162965128043726 0.0873745279620972 0.24397786962431 0.0557382336818193
0.147585804559012 0.0980619958733847 0.232374840303623 0.056879969044817
0.116143673383232 0.155236294961243 0.17678528181121 0.0996607529614524
0.0103834018587965 0.187988665797144 0.0741904748660717 0.153835516959038
-0.112948072637296 0.109866297980734 -0.0257144813661271 0.0987808314824846
-0.161865447533926 -0.0277435711850579 -0.0133774282163017 0.0285503843118073
-0.121735389019071 -0.162940651008657 0.0282595770225598 0.0693996938013654
-0.0103122248695907 -0.253711923744716 0.0230816610840353 0.250980642993226
-0.0198719020524345 -0.126184019545983 -0.155788158310786 0.556759919914211
-0.0816432156342735 -0.0807754169101311 0.136624572901436 0.317305174065373
-0.0726235731848455 -0.0126951029997208 0.0723771562901037 0.0547419841527317
-0.0526616045154988 0.0319687665797781 -0.0802614192514784 0.0580146441438014
-0.0253680653304441 0.0612746199003878 -0.00973657054123945 0.23822718660722
0.0260279341408272 0.070748921834051 0.210747356086601 0.223312388316919
0.0631350867639344 0.0650329199223171 0.299858514061694 0.127132128014828
0.0616766118341038 0.0665607570126085 0.286602262361636 0.086919577206991
0.0528529382079297 0.0665716972378909 0.25815311329752 0.0935544024558293
0.0198159557588346 0.077259040371961 0.175809961526496 0.129665881353207
-0.028730581617773 0.0683471832976899 0.0525506356319455 0.1545613759139
-0.0526422607750442 0.0059588828915138 -0.0426463619530028 0.0772210392621904
-0.0216255674092923 -0.0297195066157171 0.00767044827526479 0.0171078500026704
-0.0295714364741895 -0.0346342488716349 0.0409852804106033 0.0854272336313157
-0.0195516994351223 -0.0748298952274229 0.0199050717814484 0.293485703938904
0.0361428608956184 -0.06234756546018 -0.0591912707549915 -0.333608345203633
-0.0206490499692987 -0.0641215257069364 -0.124218329456804 -0.109632804958145
-0.0702060154566413 0.00274232911982975 -0.0339493733369883 -0.00449676019809209
-0.0130819933982142 0.0606174510425675 0.0543593394714611 -0.0320150526430739
0.0438155584551962 0.0494930606414187 -0.00442717288394791 -0.148004292844878
0.0525002368831826 0.0118104273580686 -0.168307564056868 -0.149934557227172
0.0370678822842288 -0.0243399020821401 -0.259503087770087 -0.105796599534506
0.0451642566559116 -0.0325411672944977 -0.285276206717992 -0.0892690715266387
0.0555444149897245 -0.014065532318177 -0.281840660166032 -0.113364197276165
0.0772645837693033 0.0292578187399639 -0.203357662568516 -0.183411912190472
0.0349553873643752 0.0731985303090824 -0.048389580485318 -0.207071583335638
-0.0554055868144718 0.0755599591619827 0.0491418347085898 -0.0918449365162427
-0.112300234533307 -0.0248999030385403 -0.0625996201100241 -0.0746842576321319
-0.0235949920556476 -0.117767910160043 -0.0615258237939467 -0.254967133354548
0.0496707079965301 -0.101009301501119 0.129698922409205 -0.508633296292176
0.047010731269685 -0.202111351268104 -0.0597296767002028 -0.280845369308313
-0.0692559818856895 -0.159726821322133 -0.100968404190565 -0.115948232778033
-0.1518231264825 -0.0314118512985986 -0.0421824536076452 -0.00680388458648535
-0.0776312336201774 0.111030632858324 0.0430540413927955 -0.0148072365638114
0.0444952338304571 0.143958140942384 0.0161318033199525 -0.125263101538338
0.120123241828481 0.0921822996707612 -0.131205243681391 -0.151752092626307
0.133298674252621 0.0180280277980552 -0.22011311929608 -0.112447357301485
0.149612479439196 -0.00174722399002624 -0.241864140500047 -0.0929925926882041
0.160713321522425 0.0292325682835049 -0.231528995756411 -0.10860988426486
0.174087467451275 0.124308991569974 -0.162473756002254 -0.153018381313594
0.0557599515853662 0.213324460276028 -0.0396900025073954 -0.154639861095596
-0.145981082968398 0.187239463511197 0.031093083567429 -0.0612031119907515
-0.283879619926861 -0.0402299972122251 -0.0914665015572092 -0.0653462342266228
-0.13566921901825 -0.277537236635374 -0.0829726948200316 -0.236885187114966
0.0485200514847856 -0.313784938207786 0.0989356961180496 -0.44890442350525
0.0578832274579146 -0.327148536856277 -0.0700350925596431 -0.182191490049698
-0.12017034741381 -0.255771244644526 -0.0668527768999393 -0.0990927857882649
-0.240620740974118 -0.0697739651976144 -0.039186544378355 -0.0129677030239141
-0.150388057582938 0.160930006504887 0.0219201093484978 -0.00667210254912612
0.0369630315497119 0.235148844750267 0.0246267622792485 -0.0845359018425275
0.175107356092457 0.170040812662034 -0.0794161436023854 -0.127248260786129
0.213606888980019 0.0614180859120925 -0.14854504435647 -0.0999892026098486
0.231137738860272 0.0286125399386612 -0.161739744130988 -0.0827630997592787
0.239786378897586 0.0633430985671661 -0.144894171851087 -0.0899420372062754
0.252390651090635 0.195425723866212 -0.0949758875876681 -0.10556946652385
0.0859781659582671 0.324093733004898 -0.0175156778481265 -0.0825248947309187
-0.200502812274212 0.289715337229254 0.0166021520324529 -0.0197578264722851
-0.419600959933162 -0.023037041879125 -0.104424069065403 -0.0398677754526952
-0.248704372828201 -0.380255599744263 -0.0912083183126918 -0.181947117336204
0.0249923793409884 -0.475218222021126 0.0664009845517777 -0.324908001374116
0.0619232144635023 -0.419562472719466 -0.086915103044605 -0.03636479343714
-0.174686771058468 -0.3385537992447 -0.0185620556890531 -0.0449049887620716
-0.329233166948192 -0.0991562573708349 -0.0191089010070651 -0.014446590212062
-0.217661384589875 0.20983852984048 -0.00505191638527922 0.0014647929308721
0.0265872095010404 0.310316967064622 0.0253798547393826 -0.0218943427443569
0.211390601984318 0.228680020788432 -0.0126018678602742 -0.0720818945756948
0.265862181688973 0.0965164023998004 -0.0518700165769421 -0.068355010214631
0.277106724493887 0.0546911366607239 -0.0569379087044566 -0.0597933292418582
0.280078237877213 0.0873337196697661 -0.0375568130667645 -0.0618022199242303
0.294211951812717 0.229583573610695 -0.00786484674337561 -0.0508525206640303
0.112636165951872 0.379956780142778 0.0191300936687496 -0.00176746343556243
-0.21197832587958 0.348370306710758 0.00796420675737078 0.0295757267238095
-0.477987530252993 0.0110157275431926 -0.0952680679980506 -0.00589308219781752
-0.320374921125344 -0.408123237055093 -0.073472080214457 -0.102200154507501
-0.00447382394972569 -0.546915230224942 0.043273645777325 -0.159990641637618
0.0565405622440034 -0.45539708388856 -0.106431536080533 0.142473189776312
-0.211747470548094 -0.377330510239782 0.0397411458631941 0.0465766624520896
-0.378922541812335 -0.110353882987327 0.0114177656485877 -0.0052833131320181
-0.252790474225542 0.233643135938257 -0.0347022660983592 0.0185595640129721
0.0125560142397651 0.339509606529383 0.0230771872271307 0.0613765454925784
0.216825496303054 0.252214551205625 0.06396593159885 0.00532944791386341
0.277880828643125 0.115833271438498 0.059819524735043 -0.023429877160287
0.279767339867147 0.0714462089223932 0.0566823508708459 -0.0281664091456704
0.273917864132024 0.099133605023834 0.0730884755445432 -0.0288758403316276
0.280483604260502 0.228764548789272 0.0793047588359062 0.00182091640806198
0.11060551557412 0.363953545185092 0.0597112050975333 0.0712245621756825
-0.187947530384157 0.32663735925839 0.00383485654334094 0.0741221756605201
-0.435896776611587 0.0261627436036406 -0.0697017497653959 0.0219547829115007
-0.31563838564026 -0.362233683341682 -0.035292184169854 -0.0227186068391647
-0.0245250725964081 -0.518020411503215 0.0341091581513813 0.011450505200332
0.0363650588211015 -0.413722501740883 -0.121547055235873 0.322533808966903
-0.208001981820429 -0.341289147623628 0.0944108539688378 0.151874255790746
-0.34523727653915 -0.0977256693265676 0.0394892901129375 0.0126654432708373
-0.230366232926943 0.206307336172065 -0.0612438973871059 0.0423514691243096
-0.00224985291851114 0.299578039566756 0.0182806780736881 0.147651178142484
0.182729068352332 0.228798743676741 0.138236259804193 0.0891919652178828
0.244409033330875 0.11432384115425 0.167986770936579 0.0264186387429342
0.239995901233925 0.0803900016011049 0.16223860754357 0.00704428848249895
0.226969510913567 0.0991572751921538 0.166240319177029 0.00578492711345351
0.217016227210671 0.19790271936724 0.144849965616549 0.0474875200658782
0.0743110841906845 0.288907182297829 0.0841667446911252 0.121109891851292
-0.148602222839458 0.233993541882924 -0.00464998334101922 0.0984590481831855
-0.311684821810861 0.00808592172356659 -0.0399534408486622 0.0331480899681668
-0.237075845788402 -0.268763842703125 0.00383621366621968 0.0357389511886193
-0.0294632757370912 -0.407001186522298 0.0345984341149532 0.152605218288008
0.00743984213676201 -0.296044426084796 -0.12961997425187 0.467354414793456
-0.160740636795742 -0.229730557314173 0.131000869180231 0.2428199023459
-0.230554841106133 -0.0600200922209377 0.0598397650428699 0.034394666892177
-0.154347557725333 0.131213645707431 -0.0761139313131284 0.0601826635141709
-0.0143154950784063 0.197202779590907 0.0126202339017885 0.209215557449169
0.115571961012525 0.160629260804453 0.192511333391982 0.160179823964836
0.16941143812163 0.0932241054601349 0.252962530940927 0.072936408931008
0.1638902525553 0.076852059008568 0.24237208121525 0.0406902173884715
0.149193046818839 0.0878146459856852 0.228706601602903 0.0418864227821977
0.123060722420497 0.143869698295459 0.176882619006765 0.0863489618250627
0.0220870588193397 0.181302821114391 0.0819204937058647 0.144663705617528
-0.103529616102608 0.114120177549427 -0.0207449466530745 0.0966866840393567
-0.16070593592175 -0.0183202354632798 -0.014590672782584 0.026822057237891
-0.126364397002297 -0.152460920706175 0.0300503803872278 0.068092716114082
-0.0236285970107659 -0.246253938077035 0.0359457850754205 0.243172859852202
-0.0246554388878175 -0.122031446182072 -0.123851185292085 0.546395896057786
-0.0840579063712161 -0.0740275255319729 0.148120620873651 0.300495763103985
-0.0729254972033105 -0.00912108164770334 0.07414014831198 0.0499708207109244
-0.0497033678241327 0.0349262887353116 -0.0742637999127277 0.0628133476046053
-0.0212022132765437 0.0620024369724968 0.00443802086555132 0.234106062292657
0.0291435786859611 0.0666025025218343 0.217239339933459 0.203887767507756
0.0661143609615812 0.0585245460161506 0.300722236245323 0.105835681561836
0.0639901540470143 0.0614192930691019 0.286696302470577 0.0684875081772492
0.0550071790763356 0.0621869676026543 0.256694045877279 0.0763158527109348
0.0242990478676841 0.074025401044204 0.177355274509082 0.11543906184365
-0.0234742886530322 0.0680137263072149 0.0604404929998026 0.146958400916451
-0.0513748446520521 0.00969170368426893 -0.0375032691637863 0.0766304610862591
-0.0242737173576517 -0.0277206909383992 0.00559591496921938 0.0148617464824182
-0.0302720507132304 -0.0324203086132062 0.0444471775543507 0.0823882010946561
-0.0223848329865922 -0.0725420540379373 0.0361760824095203 0.282990956564339
0.0405397976191824 -0.0524117154033842 -0.0177986969456493 -0.315591620798661
-0.0101789887284402 -0.0624199956697482 -0.105531665545426 -0.116957033773722
-0.0636879039837647 -0.00599515623264417 -0.0334991403121451 -0.0102694811061497
-0.0206093168191161 0.0542015107484229 0.0519562300674026 -0.0242022337546245
0.035130546550844 0.0518878787031547 0.00876448117552405 -0.138413862382057
0.0503521412929797 0.0184913511131786 -0.142555064536001 -0.155184379318907
0.0372260522759406 -0.0172515460509414 -0.236001796367086 -0.125961480661973
0.0459950794345754 -0.0257157431939189 -0.264001055891699 -0.118677886409141
0.0557197510724946 -0.00514369624132071 -0.259141447577685 -0.141634922926527
0.0706213929262332 0.037438984200278 -0.176881475091394 -0.19957408035197
0.023782608805993 0.076038804041572 -0.0233872574155186 -0.208753941922031
-0.0629885104962437 0.0667151905232234 0.0593651338628438 -0.0863061831153264
-0.104603815095373 -0.0356181736891571 -0.0471885737193344 -0.0776315387609719
-0.0109789327940969 -0.113275503483239 -0.0280876141309553 -0.250851583447183
0.0556853641631339 -0.0885346934176126 0.183714692340591 -0.474885161151133
0.0678054115780759 -0.180293830548698 -0.0148690293440065 -0.270347408482993
-0.0431731365112973 -0.156329443648685 -0.0800012634382705 -0.126044603877363
-0.135760884549416 -0.0484610324856406 -0.0406809216674515 -0.018959162577353
-0.0872931285082212 0.0924955424118801 0.0379256894463444 -0.0117758733968215
0.0227418588967149 0.141066829320789 0.0222113442941316 -0.116123112356239
0.103413175225141 0.10213558305593 -0.110350250351204 -0.150065142033196
0.123750263405432 0.0338263267266448 -0.199262059158418 -0.128202089942819
0.142856371712184 0.0162129131255569 -0.221562279736816 -0.117588629963577
0.150729903020981 0.0484623334978466 -0.212110193993891 -0.133198520967434
0.152503103006751 0.139568171414915 -0.142480356031809 -0.171141853062537
0.0269625615845532 0.212517536897916 -0.0190034510744337 -0.162027670370606
-0.163460115410908 0.16389320142781 0.0409095023901559 -0.0627375995508363
-0.267395267626076 -0.0695607282992744 -0.0722951670087494 -0.0705447871785672
-0.100075669346917 -0.279624241606145 -0.0462264524407768 -0.227643656521405
0.0780150035269914 -0.294981686756493 0.151159491772651 -0.411414951340031
0.0938976732000378 -0.294592428292917 -0.0268178631463032 -0.18312268040781
-0.0784373177211903 -0.251776542386672 -0.0476205248343621 -0.112138196117673
-0.213263481461356 -0.0960673043415013 -0.0365458701443661 -0.0304041478084186
-0.162001775895292 0.129290929349958 0.0163087045653611 -0.0092023764588576
0.00218524862758676 0.225715932181449 0.0227277562287717 -0.0790153913758891
0.145120673423499 0.181233754224301 -0.0677363866155341 -0.118662297428963
0.195284405310198 0.0842697816689211 -0.133691697400101 -0.109421107535007
0.218176130732063 0.0552158772024571 -0.145532446577041 -0.0996629801806445
0.222081614541427 0.0908288969079305 -0.132838084300766 -0.107056098163236
0.219502767745948 0.215663503447821 -0.0834785846600416 -0.122125410410769
0.0431310156802807 0.32083597392178 -0.00484796080683577 -0.0943996691811399
-0.228076833592339 0.254613825451825 0.022943024074004 -0.0273369367369475
-0.400436571836456 -0.0679948094425184 -0.0845345353625552 -0.0465456387723895
-0.196863995077674 -0.391734435047551 -0.0552842302253533 -0.170745416808708
0.0741654003380916 -0.452077615723902 0.110089891018408 -0.288061191806367
0.109364938047454 -0.380174404728199 -0.0510308294315596 -0.0520807774937992
-0.117351864082393 -0.335174939211379 -0.00676680133058946 -0.0610715387497653
-0.293208271452813 -0.135015905699293 -0.0175236864082225 -0.0346936599104886
-0.232249373670109 0.165758450129536 -0.0110197029406475 -0.00747102194675032
-0.0187628021008008 0.294748526592383 0.0144442132689745 -0.0215372950800444
0.17088588651473 0.24022214956613 -0.0129841586744819 -0.0594609655337954
0.240770438063995 0.122227948947826 -0.0459014211553896 -0.0692912826929114
0.259389846615618 0.0857402249938121 -0.047270708304002 -0.0655871498478503
0.257103213349598 0.117793347403517 -0.0326033438649069 -0.0689968146097305
0.25475800472589 0.252440419720987 -0.00685852929132603 -0.0612430843300588
0.0617096087728202 0.376055710397182 0.0219571812464994 -0.0147922969302089
-0.244140403012902 0.308938721307337 0.0087341244989448 0.0178580138313383
-0.461581321370011 -0.0424061366837794 -0.0786973062160796 -0.0131071304920427
-0.261622429345668 -0.425317863624769 -0.044328980312497 -0.0896935161024676
0.0536734095266395 -0.52558830321095 0.0709509840203578 -0.127458070143852
0.108008775071463 -0.414631238850025 -0.0854163885353588 0.110627539397908
-0.148946486113133 -0.374209486953981 0.0395019323729206 0.0273714055924334
-0.339230039352413 -0.152069513873185 0.00948522920543417 -0.026533064113409
-0.268359162009558 0.183595587954151 -0.0414004765671638 0.0035333700401072
-0.0368237008653141 0.320629967024896 0.00264488939162903 0.0554959493108246
0.171849517547968 0.262851377739746 0.0508487011767927 0.0211327069008284
0.250773511643014 0.140979080018271 0.0547169360463761 -0.0153700086447954
0.260206665752073 0.103139851617141 0.0587381455723485 -0.0230059995803622
0.249256189640195 0.128111495582143 0.0701500868889225 -0.0247874898263946
0.241930996240366 0.249703503695692 0.0714203309985215 -0.00093596300375228
0.0626716767949715 0.360260252858555 0.0524543144836092 0.0597081066989556
-0.218735641265961 0.291455462779656 -0.000414110492107003 0.0615071762471593
-0.421671130276464 -0.0227764477417273 -0.0592055490739579 0.0162511374118883
-0.260567332058656 -0.382482043371497 -0.0170085733278756 -0.0091602880212705
0.0324622620344398 -0.503847380733766 0.0438216877618979 0.0370343488059874
0.0855103401987269 -0.379731385750004 -0.121736871929636 0.27639600533118
-0.150167105270546 -0.342423418782593 0.0791374455315253 0.13399447211599
-0.310574218620739 -0.1364318387524 0.0345978637943463 -0.00456679577274464
-0.245446379157714 0.160920402385399 -0.0673681663723931 0.0234948754803642
-0.0447545928445907 0.281864455826587 -0.00923886416641989 0.135403917972343
0.141713663617093 0.236220760306161 0.112526767008024 0.10592435713001
0.219241739823961 0.135271063954693 0.151934928010035 0.0426804829644955
0.221204410688325 0.105719908409826 0.155422546526012 0.0230522404429387
0.203845495218579 0.121258344458275 0.156028655702459 0.019838278835965
0.183953972722674 0.211850435109392 0.130240599623499 0.0525325898350121
0.03807239522405 0.282749246861009 0.069962440644076 0.114007790923186
-0.170172887800439 0.206066657795921 -0.0120897042529501 0.0872208289249349
-0.300264827350184 -0.0264657625266492 -0.0362043303402815 0.02922492879164
-0.195661911678964 -0.284685360743468 0.0104081947470797 0.0481897371999522
0.0161208069109799 -0.396489941672055 0.026388981546112 0.169339404440231
0.0443074889575676 -0.27399474715835 -0.152662124803382 0.411520975934531
-0.119805742810001 -0.233014066630121 0.101348302440874 0.228608088695973
-0.208545076546703 -0.0869082562026618 0.0512074463891252 0.0247499766577413
-0.16320731808961 0.10184738598061 -0.0811850734309778 0.0417576168691739
-0.0421611408803665 0.184169810915517 -0.0179585641759604 0.194215361018132
0.085865747232631 0.164245253756277 0.158919088217166 0.175178196175703
0.150854340193093 0.107244795896755 0.228826289754897 0.0948393728051338
0.149702870753124 0.0935143594010383 0.228470592879499 0.0646855140811654
0.131122686499684 0.101095474843639 0.214096936113153 0.0627114506010711
0.100507759872314 0.149715600654555 0.15780402946128 0.0958495115813465
0.000683597283707948 0.17454127454943 0.0652136184565059 0.141016659111748
-0.111949749995741 0.0969382026289422 -0.0286410440388135 0.087522673214811
-0.152909539701643 -0.0353165230983318 -0.0153961294265564 0.0256326415181639
-0.103194431099787 -0.161280027186548 0.0275616209390764 0.0773737394392075
0.00449952597746326 -0.242480481564677 0.0142855442162392 0.251176933022566
-0.00709331874409987 -0.116306151090326 -0.166213866269419 0.489082500891381
-0.0694293830463273 -0.0790551348095111 0.108721744946481 0.291575430301625
-0.0684362431672195 -0.018578650263933 0.0641381202194129 0.0505579381916298
-0.0514929681622456 0.0258758311179361 -0.0765303643227888 0.0491810719436651
-0.029774859688037 0.05587357631819 -0.0226516889573605 0.218034755998777
0.0160442234199665 0.0652161114932267 0.180802088375548 0.213972938780226
0.0569196835199275 0.0611737691287742 0.272433348939332 0.130467134583831
0.055751689062043 0.0668144840465543 0.267638764890295 0.0971988803419311
0.0445307546339613 0.06491882608281 0.238358669396631 0.10091398161105
0.0147830432021672 0.0719887787563955 0.157572809059832 0.12751607035377
-0.0292559590837334 0.0607856355241268 0.0432581502896921 0.145837438358952
-0.0488984513673921 0.00314553039667719 -0.0436200794303117 0.0692179746442612
-0.0219515919472304 -0.0290394209037807 0.00241217736916376 0.0149373594262618
-0.0250009839429483 -0.0363813687964866 0.0359070997771312 0.0866089499414245
-0.0120440095666759 -0.0755818092894839 0.00717240109857518 0.281574256861357
0.0397017987902336 -0.0500630835864157 -0.0137407443231509 -0.306470253553376
-0.00838398411035988 -0.0610326106279483 -0.102627592309168 -0.113538104513672
-0.0604432143202845 -0.00703204113090408 -0.0330761688185639 -0.00889520209304537
-0.0201998305633403 0.0518953580169989 0.0511557147301729 -0.0231330702221923
0.0340070866703246 0.0499325670454764 0.0107106184295962 -0.135201866598983
0.0490710276891162 0.0182347793235161 -0.136402676867001 -0.151279871201392
0.0357023794638866 -0.0153014257908754 -0.229202597181614 -0.124928425764193
0.0448730415227877 -0.0246525114386865 -0.259456378933506 -0.118130065124816
0.0551887341196256 -0.00560646545037457 -0.252973808597044 -0.14088568620264
0.0687343721717359 0.0363398514686805 -0.170660889213974 -0.196116846471316
0.022614051465904 0.0741870223623357 -0.0217936149013224 -0.203581671088546
-0.0625030221621749 0.0641698495459472 0.0586521154352801 -0.0848362129300856
-0.101183936697387 -0.036836327321883 -0.0438999882713637 -0.0767716704278429
-0.00893249308002074 -0.110463690234109 -0.0214933462043761 -0.246537639321788
0.0540336027125568 -0.0844560788273618 0.184955146042 -0.456762533425396
0.0684812024936019 -0.17334161313618 -0.0121196146622374 -0.262980182046564
-0.0388676566188617 -0.151728460582358 -0.0779580306036088 -0.122375357099432
-0.129386178800883 -0.0489498531987312 -0.0393396824250757 -0.0187330091792818
-0.0850850555670428 0.0881046885695595 0.0380868442168564 -0.0108015770609735
0.020659077614465 0.136619014817934 0.0240881290000929 -0.112971653925381
0.100388718847539 0.0995765372325304 -0.1062353954783 -0.14582832511295
0.11914157057278 0.0352856203462909 -0.192989980765813 -0.12635868165596
0.138727110559406 0.0183606241925079 -0.217621944909991 -0.117473266309279
0.147210391066141 0.0482569049760384 -0.206911707892828 -0.132463195304648
0.148329635733034 0.136744233704353 -0.137813589501844 -0.168842845656945
0.0245219854791022 0.20761868706962 -0.0160297571270513 -0.159332507984727
-0.161411732121231 0.156989190926721 0.0405235358723346 -0.061785244337195
-0.259810246668958 -0.0724536984520569 -0.0697730720086814 -0.0692797089844653
-0.0937384610893103 -0.274868039484586 -0.0406981954204698 -0.223460200909034
0.0787711788547616 -0.284792349173212 0.153190017516234 -0.394906305734671
0.0962152570351166 -0.284255659435651 -0.0253528105464862 -0.179110595991658
-0.0720484761182219 -0.2446171812031 -0.0474156760582598 -0.109611183804361
-0.20541137937151 -0.0960933755328965 -0.035032339141552 -0.030136684480837
-0.158410037064637 0.122925258626019 0.017079925428736 -0.00845691153699545
0.000777045437095687 0.218711743161699 0.0244003723960684 -0.07597197084611
0.140021936917708 0.176838672723966 -0.065054186034065 -0.115815448582117
0.187769363613776 0.0840965566155562 -0.129786925624947 -0.106930712641457
0.212344171276378 0.0575460928518749 -0.142920973033056 -0.098822600851516
0.216247872100577 0.0909334753962612 -0.129307195110399 -0.106253969702485
0.212883348333287 0.211624078854046 -0.0812860912538377 -0.119880469420629
0.0396523075205855 0.313719745214586 -0.00251716088351679 -0.0939605611078349
-0.225432677920053 0.245215834538069 0.0215096634868027 -0.0272760355372029
-0.390651319671519 -0.0729889979318757 -0.0828306870780797 -0.0461369388275546
-0.185438436030513 -0.384576214796086 -0.0501361372729258 -0.166582498037292
0.0773194244426166 -0.438385234195783 0.110470071286179 -0.274275814908311
0.113325338247319 -0.367371201722089 -0.050517513341723 -0.0531906426246663
-0.109747730022132 -0.326276119362033 -0.00811821957213802 -0.0598178190715878
-0.28341887127729 -0.136328929376384 -0.016007998975953 -0.0347702849579059
-0.227234869241129 0.157710729542511 -0.00892001934754028 -0.00636618143324684
-0.0208579113170199 0.285881838716212 0.0152955136096374 -0.0195091589030582
0.164642833201545 0.234259014545416 -0.0131500976848541 -0.0579815168671258
0.231985657801453 0.122472630868859 -0.0444405953718206 -0.0675819024551752
0.251966004362753 0.087956186423515 -0.0473576101582093 -0.0650403499806335
0.249349984622078 0.118136364946774 -0.0317744725399335 -0.0680590619168675
0.247127304603114 0.248006445276067 -0.00703762444906389 -0.0603238871192104
0.0581874171761125 0.366902982638177 0.0232128665048191 -0.0158765902395128
-0.24158385764352 0.298056013468443 0.00812395129300052 0.017043637929656
-0.449954221654002 -0.0484570264855504 -0.0792320524918642 -0.0128460361145628
-0.249966193648573 -0.420866106976163 -0.0401558289829786 -0.085250250550292
0.0592076982366661 -0.509962515812443 0.071143290523662 -0.11890082006237
0.114061748825385 -0.400198991779067 -0.0869060501423324 0.103426935111053
-0.138625917915371 -0.365763025439097 0.0351048778463761 0.0269113228190737
-0.329355485792357 -0.154625143611797 0.0109350238814409 -0.0265535174955863
-0.262861846187024 0.175149430984776 -0.0383277685428926 0.00370134851581233
-0.0389512266874825 0.312319026698413 0.00345707649842545 0.0555180857051148
0.164237387329964 0.25714692446573 0.0476429053801907 0.0203442513555463
0.24145925270651 0.140187582476436 0.0532731424134438 -0.0141822612956069
0.253012219388894 0.105417029569688 0.056627373311159 -0.0219703167294405
0.242718888626558 0.128161325087971 0.0676026925329612 -0.0241477289265118
0.235141491829059 0.244625365317443 0.0685194431236967 -0.000551846069204778
0.0593829001087424 0.351579766912775 0.0520802648111727 0.0567062314073544
-0.216671958911545 0.280922435655411 -0.00248015788812684 0.0592232090563141
-0.411878444258144 -0.0288674074421104 -0.0607381873157671 0.0159704547726399
-0.249791448694023 -0.376765098448935 -0.0155259030152404 -0.00671650567290095
0.0372689071885397 -0.488191697791699 0.0422686344845977 0.0397841392760978
0.0915851692011095 -0.367692420570988 -0.123843642223642 0.264526808217113
-0.140605921670719 -0.334324571116333 0.073083822377561 0.130374578160758
-0.3023506899252 -0.138432016306235 0.0348387360869079 -0.00483092345136123
-0.240560563400699 0.153534372266512 -0.0651191698245397 0.023595278913864
-0.0463015896851687 0.274996124058955 -0.00919876201000345 0.133395244965114
0.134951789930242 0.231532912216711 0.107310328689121 0.103537822134416
0.211778337455304 0.134081830161843 0.148190331718971 0.0438678740512215
0.215090634943357 0.107322279508828 0.151359379692493 0.0237977241471619
0.19752118027995 0.121644050258479 0.150920610929906 0.0208151949408371
0.178564491903776 0.206885360229899 0.125260722853808 0.0519679443427249
0.0359222090593364 0.275645301631382 0.0680494881720911 0.110204748148094
-0.167479670594304 0.198845425311614 -0.0139113492603738 0.0840958872899615
-0.294063168655848 -0.0303101133461844 -0.0381485086137974 0.0290243241226129
-0.186530997800989 -0.280060271637571 0.0102683432419388 0.0498626397772798
0.0206639498083077 -0.38490071290084 0.023621318528873 0.166728756962066
0.0498157280979735 -0.266028878362592 -0.154562651435891 0.396267081141158
-0.112522438357851 -0.228658309065139 0.0935795692668815 0.223668356676741
-0.203522330677576 -0.0885520850986921 0.0507929304194625 0.024260054950583
-0.160542659238394 0.0969815701136044 -0.0789081755024565 0.0413763877331642
-0.0424431730444573 0.179699173621708 -0.0183165324885424 0.190922885684006
0.0810783946878 0.160469296248997 0.151402184555486 0.170826112053901
0.145831762462504 0.105038182736669 0.2226318374452 0.0944812007867528
0.145512953843031 0.0937516465830499 0.224187967840027 0.0659284801873875
0.126918596780231 0.101096096774358 0.207975569761604 0.0639895707293452
0.097650717238346 0.146334115935466 0.152530679010512 0.0942172499069043
1.65346368174556E-05 0.169425218999793 0.062818275911998 0.137026622610688
-0.109666911652362 0.0937409541683386 -0.0294157428072384 0.0840860863432882
-0.149849567377007 -0.0363760703030378 -0.0172762770086699 0.0245184293441371
-0.0984227309358704 -0.159194205934862 0.0270868678648582 0.0782831933227356
0.00792309434178956 -0.235551191842371 0.0116318410353112 0.244850406352162
-0.00342583272971732 -0.114008414214069 -0.169000306233148 0.472406765936073
-0.0658526955257892 -0.0775984215232905 0.100667874579527 0.285266125350763
-0.0675615385333535 -0.0198904509506709 0.0624414550255096 0.0501722985335429
-0.0507445233145291 0.0249537830802914 -0.075616787375038 0.048132476784625
-0.029160913724246 0.0544217451591414 -0.0233680283062752 0.214073485885318
0.0142581799084976 0.0635350511865995 0.173627970064312 0.209260698706218
0.0546399717195954 0.0598644474303043 0.26453648969684 0.12968744409937
0.054646181214005 0.0663639229855666 0.262749748041425 0.0977579207412944
0.0428791021729599 0.0644261358454394 0.232235213100479 0.100364854388619
0.0136021027449831 0.0704664708111022 0.151767490540292 0.125472036366704
-0.0280253897284315 0.0587112088180475 0.0408896266518074 0.14129575295242
-0.0478127838412363 0.00304039443645705 -0.0433809217682506 0.0672529704597186
-0.0219409565426893 -0.0278529586488093 0.000776972301609126 0.0140443350238642
-0.0234958100478732 -0.0368936721791457 0.0349260682565423 0.0869542399707491
-0.0101540409172385 -0.0744188155789693 0.00460098875148102 0.272499884898616
0.0404625457361916 -0.0485763336962688 -0.00683733638855744 -0.30856933204706
-0.00712669560014324 -0.0618423420760818 -0.101363952563968 -0.115419605195184
-0.0596906194804695 -0.00853898566601288 -0.0335651360693426 -0.00901650144929806
-0.0211572957760109 0.051344373675963 0.0531775008740874 -0.0220475829383217
0.032927237311059 0.0500408886905667 0.014659452349369 -0.136372811089701
0.0494003942567009 0.0193228267328695 -0.133547204181157 -0.153524049936102
0.035870587109093 -0.0134821671582416 -0.228583080110363 -0.130082376202841
0.0449019535603233 -0.0235716346844225 -0.261926788771038 -0.124311008942516
0.0557437992521751 -0.00465339736374773 -0.252575403743101 -0.147846130537478
0.0697211172902973 0.0381232909255776 -0.168818687602567 -0.201443722986532
0.0211275161151934 0.0753287719568111 -0.0177520652534796 -0.20673910334834
-0.0646708312462368 0.0632585940406813 0.0608854176666928 -0.0855080319249669
-0.100513091183408 -0.0401131133234312 -0.0413868531555436 -0.0790672572888804
-0.00631697318844978 -0.111196668390285 -0.0138316068334727 -0.251200431966731
0.0564119054539476 -0.0828326406930929 0.198253162272299 -0.45233964615454
0.072829321948228 -0.172300979386406 -0.00654356892602898 -0.265522973491215
-0.0352937770980684 -0.153208022886108 -0.0775045081608885 -0.124418577536127
-0.128028120796913 -0.0530184976369358 -0.0399142090793321 -0.0190451842161864
-0.0869624037570138 0.0859405530580272 0.0398911140353682 -0.0101057001928367
0.0189020274971016 0.1370468982811 0.0276315342439929 -0.113235965067825
0.0997097868246273 0.101767256793088 -0.103295800785166 -0.147490157740802
0.118679954584368 0.0385396825260847 -0.192290797317162 -0.131034295435586
0.139451561155589 0.0218580736407623 -0.220476133001372 -0.123075709395181
0.147843303605444 0.0517805749208611 -0.207312585761946 -0.138458681067392
0.147773880051962 0.140216830542296 -0.136188973919496 -0.172593158314887
0.0208249215954248 0.210411969608875 -0.0128766459018862 -0.161929948237764
-0.167180490743774 0.154839408502007 0.0418448353648336 -0.0627133952918626
-0.262360550742934 -0.0810611358605693 -0.0688708234906764 -0.0713710066315537
-0.0880467084559246 -0.280261765203624 -0.0331676696869821 -0.226970821178134
0.0854641634096051 -0.283267308591472 0.163248497518062 -0.389635287676679
0.103723180251372 -0.282832739580231 -0.0223732787862799 -0.182207089000909
-0.0656269511434985 -0.24691912946478 -0.0468134376561786 -0.11132413655806
-0.203784699490265 -0.102833843612731 -0.0349482714751811 -0.0310375107979581
-0.161294157849631 0.119034599124132 0.0189408329827356 -0.00747316451255808
-0.00321968696379404 0.220096617323819 0.0278017429647188 -0.0760993291244799
0.138278661811044 0.179692272563378 -0.0635097189420281 -0.117157176678998
0.186768484468439 0.0901139510368694 -0.128865367563584 -0.1103732410826
0.212646209726529 0.0634983023126875 -0.145851323137473 -0.102687556838902
0.216908021490809 0.0962260878165432 -0.129554027929258 -0.111227409363462
0.212041821961437 0.21573732990105 -0.0803087568947497 -0.122517777780577
0.0347613461601956 0.318075829447239 -0.000404109672760401 -0.0964478199882493
-0.232879675711502 0.242231971111041 0.0221652758715095 -0.0281531567752212
-0.395022919286996 -0.084272530922413 -0.0837291977173576 -0.0469988936266425
-0.17886380977191 -0.394348843117462 -0.0443427552496515 -0.16862859069446
0.0883859669614209 -0.438097090705181 0.118508536019457 -0.269328325980657
0.125497786273514 -0.366190147874725 -0.0514212258675578 -0.0562226116992905
-0.100782604511759 -0.331349284658955 -0.00963168213455964 -0.060691120984389
-0.282779413424598 -0.144923538582817 -0.0148712305765466 -0.0356146164048292
-0.231580396919883 0.153054844481873 -0.00719417844235552 -0.00643631243404816
-0.0259575265367996 0.287905690857176 0.0178082368379592 -0.0189149645301996
0.16145363365719 0.239073449398127 -0.0126876238942757 -0.0585039726153487
0.230990935869652 0.12888163563042 -0.043452750569955 -0.0688125872996123
0.25282160141955 0.0956024611446837 -0.0482513984364231 -0.0667613744796535
0.250444738045497 0.125397407600167 -0.0319236511809383 -0.0702140433456061
0.245836428138058 0.252804997959549 -0.00693575749812405 -0.0611348184387146
0.0541717379507257 0.372709422350391 0.0243326074691062 -0.017276054056161
-0.249694024530899 0.294009112670823 0.00659102874747575 0.0161187437775445
-0.454707892076471 -0.0600807549193514 -0.0817687853531991 -0.0134936961325267
-0.242614092325145 -0.432049633021038 -0.0369165831856942 -0.0856370655927658
0.0718964144316719 -0.511262444586308 0.074471520093734 -0.113953385246192
0.126216705499878 -0.401148865583945 -0.0914113096190997 0.100572063846868
-0.129703707606443 -0.371282032630684 0.033009330392063 0.027181411234872
-0.328719286445243 -0.163085182273933 0.0121283973862646 -0.0278818661468583
-0.269033080590538 0.170369279870666 -0.0375753430738007 0.00364767815432252
-0.0444108188902022 0.313762275694297 0.00409071008967592 0.0571547051717067
0.160914755248725 0.26181568946849 0.0471836711788115 0.0211937988273933
0.240059163348167 0.147323828958077 0.0540183172200717 -0.0131205222127839
0.253128743607581 0.112729784498786 0.0568537860832587 -0.0213703122255619
0.24173244660615 0.135091649817253 0.0678949849043855 -0.0236158609044664
0.233478090165948 0.249738080928046 0.0681803453820126 0.000435281286900015
0.0554146551402991 0.355438609952345 0.0517172930979557 0.0575065106229343
-0.224611828228054 0.277787591628001 -0.00437822484474858 0.0592091436756136
-0.416720240651271 -0.0391941064169653 -0.0635241856193841 0.0163950375274806
-0.242657305160707 -0.38684518292539 -0.013434880476985 -0.00469450741105809
0.0494684259158107 -0.490205910580243 0.0424374538331344 0.0443782871530243
0.102722293416208 -0.368052410914505 -0.133357520641114 0.261251023297321
-0.131774321546662 -0.340450239405141 0.0687319505736386 0.132509333426279
-0.302692292983481 -0.14809960677624 0.0359540826862477 -0.00556513657977285
-0.246300430957978 0.149229816302864 -0.0649413703456053 0.0229494042826062
-0.0522006386551962 0.276731590579555 -0.00973622699149837 0.136066564058737
0.131410549778696 0.23541587506067 0.105372794780471 0.106091738477686
0.211201451072459 0.140121088274079 0.148228767672352 0.0466063014239096
0.216304682225226 0.114354433036329 0.152477246245361 0.0271083406252031
0.19691393283772 0.128963309935395 0.151972517907586 0.0239995430669082
0.177459614394713 0.21140828374568 0.124003206005742 0.0541530198329293
0.0324564328171194 0.27772744280449 0.067225872251459 0.111607029513082
-0.172157519575846 0.197099372240538 -0.0164623427838525 0.0841070515022467
-0.297299969612433 -0.0373618445591441 -0.0416691672534132 0.0295218243179365
-0.181094095262183 -0.288135272466128 0.0112433079389277 0.0524215170656058
0.0299874240153572 -0.386587581960496 0.020902418710626 0.170493608414942
0.0591886125891727 -0.267116839323678 -0.167768721119905 0.392452575668963
-0.106541600834053 -0.232898519123542 0.087853974244706 0.226687240281983
-0.204901562687044 -0.0953322769740518 0.0515346234732496 0.024896267737381
-0.164522679149886 0.0935662983976606 -0.0800744785503907 0.0412688082445883
-0.0467413759458705 0.180823829144714 -0.0209952574513966 0.193865014113449
0.0787949209577475 0.163404331281642 0.147917292665638 0.174498685178831
0.144726112647677 0.109070484870648 0.222886261724639 0.100180526762897
0.146370122609264 0.0993320516519601 0.226120638679362 0.0706199399883751
0.126015405456263 0.105345737086019 0.20855487565581 0.0684909790890575
0.0954819343923241 0.148590015951892 0.151248698357944 0.098107875641009
-0.00195044950964546 0.170533126978772 0.060644547252745 0.138597392231036
-0.112442881188539 0.0919225575238448 -0.03178552031931 0.0840337443863531
-0.151260565988564 -0.039623081085724 -0.0205528135645423 0.0251574135696757
-0.0953809861768031 -0.163882578042277 0.0269068183467075 0.0806926381381229
0.0134580310695968 -0.237501685993238 0.00687085495981827 0.246252551545836
0.00104310703824788 -0.115748061157742 -0.183307651871194 0.470583560599957
-0.0637453445930025 -0.0796992675775405 0.0935792184345751 0.28944757526938
-0.0687654924976932 -0.022197763735358 0.0625130047509631 0.0520256049343635
-0.0517393061988265 0.0242063569612471 -0.0772979018464984 0.048374895783084
-0.0303709515370889 0.0551517748172022 -0.0274950092963131 0.216698403500488
0.0124524400489102 0.0646926686555056 0.170216015556853 0.213131423136792
0.0539702397318153 0.0605063595118749 0.264418050917531 0.135795658155289
0.0551690510632041 0.0684176219925103 0.265150020240884 0.103322629793285
0.0419538517828531 0.0661274006668731 0.232873919567296 0.106205322435459
0.012286183421835 0.0710181327556188 0.14980563533857 0.129559521748648
-0.0289959497304181 0.0586386014940688 0.0383121144445022 0.143304124916184
-0.0480395683286794 0.0022499523301058 -0.0456643703964977 0.0662787125100089
-0.0223179250518633 -0.0280344730731906 -0.000764007882877974 0.0135409688924016
-0.0229724099270325 -0.0388590036009569 0.0348153839597077 0.0889359315180946
-0.00796692605577595 -0.0763794175795144 -0.00126015962766345 0.272654592243746
