TRXV5
3
4
4
9
string Extension=J
integer IsArchMeasurement=1
integer IsSpherical=1
string Generator=SPM
string GeneratorVersion=1.3.1 Dev
double ArchRadius=0.449999988079071
integer FrequencyAxisIndex=0
integer AzimuthAxisIndex=1
integer ElevationAxisIndex=2
Frequency
5 136 690000000 960000000 LIN
Azimuth
7 8 0 2.74889357189107 LIN
Elevation
7 15 -2.74889357189107 2.74889357189107 LIN
Polar H Real Part
13
Polar H Imaginary Part
14
Polar V Real Part
13
Polar V Imaginary Part
14
Polar H Magnitude (dB)
12 0xC0000002 0 1
Polar H Phase
7 0xC0000003 0 1
Polar V Magnitude (dB)
12 0xC0000002 2 3
Polar V Phase
7 0xC0000003 2 3
-0.0166130065917969 0.00855445861816406 0.0238895416259766 0.0109119415283203
0.00115871429443359 0.015655517578125 0.00784206390380859 0.00706195831298828
0.00719690322875976 0.00452947616577148 0.000700950622558595 0.0104560852050781
0.00635957717895508 -0.000127792358398438 0.00876140594482422 0.015406608581543
0.00610828399658203 -0.00362730026245117 0.0170459747314453 0.0106077194213867
0.00287866592407227 -0.00763368606567383 0.0203437805175781 0.00299072265625
0.00205516815185547 -0.00670289993286133 0.0185832977294922 0.000574111938476562
0.00262117385864258 -0.00580692291259766 0.0139350891113281 0.00152587890625
0.00623321533203125 -0.00658845901489258 0.00786256790161133 0.00394821166992188
0.00967311859130859 -0.000782012939453125 0.000798702239990235 0.00376152992248535
0.00816202163696289 0.0074000358581543 -0.00385093688964844 -0.00534248352050781
0.00121688842773438 0.0114469528198242 0.00350379943847656 -0.0125617980957031
-0.00905132293701172 0.00819969177246094 0.0214653015136719 -0.0102176666259766
-0.0137014389038086 0.00474357604980469 0.02288818359375 0.00317955017089844
-0.0219650268554688 -0.000673294067382817 0.00523853302001953 0.00488662719726563
-0.0227813720703125 0.00378990173339844 0.0171432495117188 0.0138940811157227
-0.00682163238525391 0.0147228240966797 0.00315666198730469 0.0111331939697266
0.00168275833129883 0.00741338729858399 -0.000665664672851562 0.0147304534912109
0.00422048568725586 0.00494480133056641 0.00877952575683594 0.0187416076660156
0.0066227912902832 0.00168466567993164 0.0167856216430664 0.0134134292602539
0.00741291046142578 -0.00312900543212891 0.0201473236083984 0.00549697875976563
0.00730514526367188 -0.00373554229736328 0.0171117782592773 0.00298881530761719
0.0069117546081543 -0.00262975692749023 0.0118532180786133 0.00351810455322266
0.0105953216552734 -0.00313186645507813 0.00477266311645508 0.00560331344604492
0.0122365951538086 0.00415420532226563 -0.00280046463012695 0.00477361679077149
0.00830841064453125 0.0125923156738281 -0.00744342803955078 -0.00546455383300781
-0.00126266479492187 0.0159683227539063 -0.000299453735351563 -0.0131673812866211
-0.0137205123901367 0.010218620300293 0.0165643692016602 -0.0112066268920898
-0.0195751190185547 0.00368690490722656 0.0157852172851563 0.00168895721435547
-0.0268611907958984 -0.00394821166992188 -0.00248193740844727 0.0032503604888916
-0.0260295867919922 -0.00155639648437499 0.00821590423583984 0.0151252746582031
-0.0143356323242187 0.0110721588134766 -0.00519275665283203 0.0144662857055664
-0.00497341156005859 0.00937461853027344 -0.003936767578125 0.0198116302490234
0.000104904174804689 0.0105857849121094 0.007049560546875 0.0221672058105469
0.00672101974487305 0.00758981704711914 0.0151205062866211 0.0149927139282227
0.0106840133666992 0.00252056121826172 0.0181980133056641 0.00706100463867188
0.0118827819824219 -9.1552734375E-05 0.0137491226196289 0.00459957122802734
0.0101280212402344 0.000758171081542969 0.00763559341430664 0.00526094436645508
0.0129013061523438 0.000920295715332031 0.00036907196044922 0.00716733932495117
0.013916015625 0.00711250305175781 -0.00701761245727539 0.00570821762084961
0.00789356231689453 0.0149736404418945 -0.0115327835083008 -0.00469589233398438
-0.00140953063964844 0.0179691314697266 -0.00463676452636719 -0.0131263732910156
-0.0148382186889648 0.0113048553466797 0.0109567642211914 -0.0122337341308594
-0.0215950012207031 0.00290679931640625 0.00749158859252929 0.00197792053222656
-0.0284252166748047 -0.00591659545898438 -0.0113954544067383 0.00184822082519531
-0.0255355834960938 -0.00725173950195313 -0.0019378662109375 0.0128335952758789
-0.0191745758056641 0.00599288940429687 -0.0142917633056641 0.0145740509033203
-0.0118389129638672 0.00993728637695313 -0.009857177734375 0.0233573913574219
-0.00400924682617188 0.0147542953491211 0.00428962707519531 0.0243091583251953
0.00506305694580078 0.0127906799316406 0.0122871398925781 0.015380859375
0.0121746063232422 0.00789833068847656 0.0143861770629883 0.00742530822753906
0.0137758255004883 0.00375843048095703 0.00876617431640625 0.00464534759521484
0.0114850997924805 0.00372219085693359 0.00235986709594727 0.00534677505493164
0.0136966705322266 0.00418281555175781 -0.00493860244750976 0.00790023803710938
0.0131998062133789 0.00905513763427734 -0.0112514495849609 0.00571441650390625
0.00692081451416016 0.0150690078735352 -0.0151462554931641 -0.00391006469726563
-0.00246715545654297 0.0174150466918945 -0.00792121887207031 -0.0116901397705078
-0.0145263671875 0.0106172561645508 0.00570964813232422 -0.0106725692749023
-0.0200691223144531 0.00151824951171875 -0.00101184844970703 0.00301623344421387
-0.0261974334716797 -0.00774192810058594 -0.02020263671875 8.20159912109337E-05
-0.0209197998046875 -0.0109939575195313 -0.0113096237182617 0.00855350494384765
-0.0192909240722656 0.000228881835937501 -0.023681640625 0.0123825073242187
-0.01568603515625 0.00756168365478515 -0.015472412109375 0.0234375
-0.00803279876708985 0.0155391693115234 0.000728607177734373 0.0236377716064453
0.00241851806640625 0.0146150588989258 0.0085134506225586 0.0136079788208008
0.010462760925293 0.0114784240722656 0.00871181488037109 0.00626659393310547
0.013361930847168 0.006805419921875 0.00220870971679688 0.00397872924804688
0.0105342864990234 0.00617694854736328 -0.00346088409423828 0.00505256652832031
0.0120582580566406 0.00657272338867188 -0.00946521759033203 0.0075225830078125
0.0108327865600586 0.010411262512207 -0.0147266387939453 0.00538539886474609
0.00451278686523438 0.0138988494873047 -0.0171737670898437 -0.00317859649658203
-0.00383472442626953 0.0149955749511719 -0.00964927673339844 -0.0102682113647461
-0.0139036178588867 0.00733184814453125 0.00216293334960937 -0.00815010070800781
-0.0166053771972656 -0.00154209136962891 -0.00684690475463867 0.00536966323852539
-0.0219058990478516 -0.0105857849121094 -0.0271644592285156 -0.00116920471191407
-0.0123825073242188 -0.0120372772216797 -0.017181396484375 0.00259208679199218
-0.0134963989257813 -0.00393867492675781 -0.0295124053955078 0.00756072998046875
-0.0144662857055664 0.00295066833496094 -0.0203056335449219 0.021087646484375
-0.0100746154785156 0.0111083984375 -0.00275611877441406 0.0206069946289063
-0.000762939453124999 0.0129690170288086 0.00499725341796875 0.00995731353759765
0.006591796875 0.0121555328369141 0.00306272506713867 0.00322246551513672
0.00984382629394531 0.00913906097412109 -0.0039670467376709 0.00238347053527832
0.0078125 0.00756454467773438 -0.00870704650878906 0.00392198562622071
0.00869274139404297 0.00798273086547852 -0.0133552551269531 0.0061941146850586
0.00730323791503906 0.0106983184814453 -0.0170860290527344 0.00391387939453125
0.00178432464599609 0.0128269195556641 -0.0179901123046875 -0.00370407104492187
-0.00624465942382813 0.0128965377807617 -0.00990867614746094 -0.00954055786132812
-0.0136375427246094 0.00301837921142578 0.000366687774658202 -0.00606250762939453
-0.0125846862792969 -0.00602626800537109 -0.010890007019043 0.00627422332763672
-0.0150375366210937 -0.0135602951049805 -0.0319671630859375 -0.00296211242675782
-0.00133037567138672 -0.00996780395507813 -0.0191135406494141 -0.00148200988769531
-0.00380802154541016 -0.0057830810546875 -0.0300502777099609 0.003021240234375
-0.00840377807617188 -0.00230646133422852 -0.0214385986328125 0.0169467926025391
-0.00820684432983398 0.0039210319519043 -0.00533103942871094 0.0161075592041016
-0.0033869743347168 0.00672674179077148 0.00224828720092773 0.00614452362060547
0.000708580017089845 0.00960445404052734 -0.00095975399017334 0.000597059726715088
0.00424575805664063 0.00940227508544922 -0.00821828842163086 0.000134468078613281
0.00382709503173828 0.00800371170043945 -0.0128574371337891 0.00200176239013672
0.00497579574584961 0.00849580764770508 -0.0160808563232422 0.00350666046142578
0.0036773681640625 0.0100440979003906 -0.0183486938476563 0.00157737731933594
-0.000700950622558594 0.0110244750976562 -0.0180149078369141 -0.00460052490234375
-0.00748157501220703 0.00973892211914063 -0.00960063934326172 -0.00948905944824219
-0.0133533477783203 -0.000185966491699216 -0.00109529495239258 -0.00585031509399414
-0.009002685546875 -0.00993824005126953 -0.0125465393066406 0.004180908203125
-0.00704669952392578 -0.0158042907714844 -0.0322761535644531 -0.00678443908691407
0.00881671905517578 -0.00534439086914063 -0.0162086486816406 -0.0039825439453125
0.00720596313476563 -0.00541448593139649 -0.027587890625 0.0005645751953125
0.000755786895751952 -0.00578069686889648 -0.0203647613525391 0.0143547058105469
-0.00347185134887695 -0.0043175220489502 -0.00461673736572265 0.0128812789916992
-0.00490713119506836 -0.000891208648681641 0.00206947326660156 0.00335884094238281
-0.00552177429199219 0.00467061996459961 -0.00334358215332031 -0.00266265869140625
-0.00213766098022461 0.00795269012451172 -0.010411262512207 -0.00274944305419922
-0.000685214996337891 0.00714921951293945 -0.0151090621948242 -0.000411987304687499
-4.95910644531255E-05 0.00730705261230469 -0.0181617736816406 0.00136375427246094
-0.000675201416015625 0.00838756561279297 -0.0196914672851563 -0.00140190124511719
-0.0030975341796875 0.00818967819213867 -0.0177745819091797 -0.00710678100585938
-0.00799751281738281 0.00618457794189453 -0.00947189331054688 -0.0110807418823242
-0.0118856430053711 -0.00382709503173828 -0.00168132781982422 -0.00782585144042969
-0.00406742095947266 -0.0127019882202148 -0.0120086669921875 5.34057617187493E-05
0.000934600830078125 -0.0167675018310547 -0.0299854278564453 -0.0103530883789063
-0.016352653503418 0.0119218826293945 0.0271129608154297 0.0122833251953125
0.00373649597167969 0.0172891616821289 0.0106868743896484 0.00777721405029297
0.00923538208007813 0.00364875793457031 0.00171947479248047 0.010869026184082
0.00737094879150391 -0.00198125839233398 0.00995826721191406 0.0158872604370117
0.00543785095214844 -0.00565004348754883 0.0182876586914063 0.0107021331787109
0.00177955627441406 -0.00965118408203125 0.0215835571289062 0.00243949890136719
0.00112104415893555 -0.0079503059387207 0.0203380584716797 0.000345230102539062
0.00157499313354492 -0.00657510757446289 0.0157651901245117 0.00164604187011719
0.00507593154907227 -0.00865268707275391 0.00952529907226563 0.00461769104003906
0.0101642608642578 -0.00267601013183594 0.00214624404907227 0.00527048110961914
0.0104608535766602 0.00655364990234375 -0.00423908233642578 -0.00443220138549805
0.00343513488769531 0.0124216079711914 0.0023651123046875 -0.0124893188476563
-0.00846958160400391 0.0107927322387695 0.0211868286132813 -0.0125579833984375
-0.0153360366821289 0.00780963897705078 0.0252246856689453 0.00209236145019531
-0.0243053436279297 0.00286674499511718 0.00690555572509766 0.00597047805786133
-0.0233631134033203 0.00665855407714844 0.0200538635253906 0.0166263580322266
-0.00490856170654297 0.0163259506225586 0.00545787811279297 0.0129365921020508
0.00318813323974609 0.0068058967590332 0.000861167907714846 0.0157394409179688
0.00474882125854492 0.00440883636474609 0.0100116729736328 0.0195140838623047
0.00652885437011719 0.000267505645751953 0.0186614990234375 0.0136165618896484
0.00661468505859375 -0.00422430038452149 0.0221042633056641 0.0054931640625
0.00729131698608399 -0.00447893142700195 0.0193405151367188 0.00303459167480469
0.00667238235473633 -0.0037384033203125 0.0139808654785156 0.00381088256835938
0.0105743408203125 -0.00446319580078125 0.00649499893188477 0.00689363479614258
0.0140800476074219 0.00263881683349609 -0.00124835968017578 0.00682687759399414
0.0104494094848633 0.0125484466552734 -0.00812053680419922 -0.00378084182739258
0.00049591064453125 0.0174455642700195 -0.0016183853149414 -0.0126399993896484
-0.0142393112182617 0.0126848220825195 0.016362190246582 -0.0131311416625977
-0.0219955444335938 0.00597381591796875 0.0171146392822266 0.00152301788330078
-0.0297393798828125 -0.0015869140625 -0.00220584869384766 0.00546169281005859
-0.0273475646972656 0.00022697448730469 0.0102558135986328 0.0186595916748047
-0.0141496658325195 0.0125360488891602 -0.00284576416015625 0.0170707702636719
-0.00463581085205078 0.0099954605102539 -0.00264358520507813 0.0210418701171875
0.000773429870605469 0.0107755661010742 0.00867652893066406 0.0234012603759766
0.00679302215576172 0.00743341445922852 0.0171022415161133 0.0158843994140625
0.0110034942626953 0.00178813934326172 0.0203914642333984 0.00737380981445312
0.0120153427124023 -0.000497817993164063 0.0166854858398438 0.00492382049560547
0.0108060836791992 0.000426292419433594 0.0102367401123047 0.00553607940673828
0.014068603515625 -0.000139236450195313 0.00235700607299805 0.00869655609130859
0.0154953002929688 0.00694656372070313 -0.00576543807983398 0.00809907913208008
0.0100364685058594 0.0149316787719727 -0.0123405456542969 -0.00245094299316406
-0.000476837158203124 0.0196113586425781 -0.00623321533203125 -0.0116586685180664
-0.0162487030029297 0.0135927200317383 0.0101680755615234 -0.013270378112793
-0.02435302734375 0.00452041625976563 0.00799131393432617 0.00206995010375977
-0.0318565368652344 -0.00418472290039063 -0.0120849609375 0.00427722930908203
-0.02764892578125 -0.00710868835449219 -0.00101852416992188 0.0164985656738281
-0.0208320617675781 0.00639724731445313 -0.013397216796875 0.0178279876708984
-0.0129690170288086 0.0111112594604492 -0.008056640625 0.0249767303466797
-0.00397205352783203 0.0159587860107422 0.00609588623046875 0.0255794525146484
0.00555706024169922 0.0132713317871094 0.0143852233886719 0.0164260864257813
0.0132322311401367 0.00842189788818359 0.0168075561523438 0.00790977478027344
0.0155677795410156 0.00404548645019531 0.0111370086669922 0.00522804260253906
0.012751579284668 0.00389957427978516 0.00431585311889649 0.00641584396362305
0.0149145126342773 0.00383472442626953 -0.00311374664306641 0.00929546356201172
0.014892578125 0.009552001953125 -0.00989818572998047 0.00822734832763672
0.00765895843505859 0.0162172317504883 -0.0156879425048828 -0.00172996520996094
-0.00218391418457031 0.0196475982666016 -0.00926971435546875 -0.010650634765625
-0.0160427093505859 0.0118064880371094 0.00522994995117187 -0.0109148025512695
-0.0227813720703125 0.0023193359375 -0.000302314758300782 0.00435352325439453
-0.030120849609375 -0.00747299194335938 -0.021453857421875 0.00313949584960938
-0.0230445861816406 -0.0125026702880859 -0.0121774673461914 0.011866569519043
-0.0219039916992188 -0.000734329223632811 -0.0239410400390625 0.0158786773681641
-0.0171718597412109 0.00783729553222657 -0.014892578125 0.0261478424072266
-0.00935840606689453 0.0168972015380859 0.00209426879882812 0.0252494812011719
0.002655029296875 0.0164947509765625 0.0100574493408203 0.0141048431396484
0.0122566223144531 0.012791633605957 0.010462760925293 0.00707817077636719
0.0153369903564453 0.00775718688964844 0.00372314453125 0.00421404838562012
0.0124626159667969 0.00712966918945313 -0.00243234634399414 0.00595426559448242
0.0137147903442383 0.00739955902099609 -0.00787734985351563 0.00905513763427734
0.0125665664672852 0.0117082595825195 -0.013401985168457 0.00754165649414063
0.00535869598388672 0.0158519744873047 -0.0173463821411133 -0.000828742980957031
-0.00460052490234375 0.0171852111816406 -0.0107612609863281 -0.00886821746826172
-0.0161886215209961 0.00815582275390625 0.00159502029418945 -0.00830841064453125
-0.019805908203125 -0.00201797485351563 -0.00700235366821289 0.00685501098632813
-0.0250358581542969 -0.0114498138427734 -0.0289230346679687 0.00207138061523437
-0.0140447616577148 -0.0143022537231445 -0.0190048217773437 0.005950927734375
-0.0161685943603516 -0.00628376007080078 -0.0307331085205078 0.0107975006103516
-0.0169506072998047 0.00239086151123047 -0.0195865631103516 0.0239601135253906
-0.0119714736938477 0.0128297805786133 -0.00177192687988281 0.0223331451416016
-0.000990867614746095 0.0143833160400391 0.00601100921630859 0.0104408264160156
0.00813865661621094 0.0143518447875977 0.00413179397583008 0.00371813774108887
0.0121841430664063 0.0102863311767578 -0.00332975387573242 0.00257992744445801
0.0102119445800781 0.00901317596435547 -0.00861883163452148 0.00445652008056641
0.0113439559936523 0.0092325210571289 -0.0126876831054688 0.00753688812255859
0.00922393798828125 0.01275634765625 -0.0163488388061523 0.00576877593994141
0.00231361389160156 0.0154104232788086 -0.0178699493408203 -0.00205421447753906
-0.00700855255126953 0.0153284072875977 -0.0108070373535156 -0.00850772857666016
-0.0166034698486328 0.00419998168945313 2.5749206542968E-05 -0.00578832626342774
-0.0162334442138672 -0.007568359375 -0.0113077163696289 0.00806140899658203
-0.0180606842041016 -0.0155391693115234 -0.0346412658691406 -0.000940322875976566
-0.00164318084716797 -0.0128450393676758 -0.0212516784667969 0.000621795654296871
-0.00518608093261719 -0.00954151153564453 -0.0329914093017578 0.00526809692382813
-0.0101747512817383 -0.00290489196777344 -0.0217151641845703 0.0196418762207031
-0.0101451873779297 0.00469589233398438 -0.00454330444335938 0.017430305480957
-0.00478744506835938 0.0083460807800293 0.00300741195678711 0.00600242614746094
0.00157737731933594 0.0120439529418945 -0.000978291034698486 0.00049436092376709
0.00663089752197266 0.0114059448242187 -0.00851202011108398 3.57627868652338E-05
0.00622081756591797 0.00948047637939453 -0.0137596130371094 0.00245094299316406
0.00671958923339844 0.0103368759155273 -0.0163183212280273 0.00482749938964844
0.00549125671386719 0.0126161575317383 -0.0184497833251953 0.00243949890136719
-0.000527381896972658 0.0135631561279297 -0.0183258056640625 -0.00396537780761718
-0.00860309600830078 0.0120620727539063 -0.0101261138916016 -0.00920295715332031
-0.0162200927734375 0.000661849975585936 -0.00163030624389649 -0.00561380386352539
-0.0119352340698242 -0.0119428634643555 -0.0136375427246094 0.00521564483642578
-0.00947380065917969 -0.0189704895019531 -0.035430908203125 -0.00551605224609375
0.0101747512817383 -0.00910091400146484 -0.0193576812744141 -0.00388908386230469
0.00710678100585938 -0.00926780700683594 -0.0294704437255859 0.001861572265625
-0.000557899475097657 -0.00822877883911133 -0.0206089019775391 0.0163764953613281
-0.00585174560546875 -0.00459957122802734 -0.00358200073242187 0.0138282775878906
-0.00641870498657227 0.000790596008300782 0.0023500919342041 0.00227856636047363
-0.00512123107910156 0.00734186172485352 -0.00384783744812012 -0.00358819961547852
-0.000127792358398437 0.0102767944335937 -0.0116329193115234 -0.00271987915039062
0.000788688659667969 0.009033203125 -0.0163869857788086 0.00018119812011719
0.00230884552001953 0.009124755859375 -0.0194225311279297 0.00212287902832031
0.000820159912109375 0.010554313659668 -0.0200519561767578 -0.00107192993164062
-0.00229549407958984 0.0105228424072266 -0.0188846588134766 -0.00659942626953125
-0.00893020629882813 0.00894832611083984 -0.00987911224365234 -0.0104684829711914
-0.0144023895263672 -0.00303077697753906 -0.0025787353515625 -0.00742769241333008
-0.00685691833496094 -0.0147619247436523 -0.0135746002197266 0.000353813171386721
-0.000659942626953126 -0.0198230743408203 -0.0329513549804688 -0.0102024078369141
-0.0143728256225586 0.0147266387939453 0.0299777984619141 0.0127639770507813
0.00718498229980469 0.0173425674438477 0.0131282806396484 0.00744056701660156
0.0108480453491211 0.00175380706787109 0.00286674499511719 0.00995922088623047
0.00739240646362305 -0.00404071807861328 0.0107479095458984 0.0157136917114258
0.00453615188598633 -0.00720119476318359 0.0195446014404297 0.0104198455810547
-0.000483512878417968 -0.0106515884399414 0.0229053497314453 0.00229263305664062
-0.00055074691772461 -0.00818681716918945 0.0220794677734375 -0.000211715698242188
0.000430107116699219 -0.00733709335327148 0.0176067352294922 0.000591278076171874
0.00344944000244141 -0.010167121887207 0.011631965637207 0.00518226623535156
0.00996494293212891 -0.00528717041015625 0.00372219085693359 0.00624656677246094
0.0118560791015625 0.00453758239746094 -0.00389790534973144 -0.002471923828125
0.0056304931640625 0.0118846893310547 0.00150489807128906 -0.0120248794555664
-0.00711822509765625 0.0130033493041992 0.0203819274902344 -0.0141963958740234
-0.0153646469116211 0.0115346908569336 0.0267391204833984 0.000638961791992188
-0.0250396728515625 0.00684547424316407 0.00910091400146484 0.006988525390625
-0.0223178863525391 0.0087890625 0.023651123046875 0.0177364349365234
-0.00309562683105469 0.0167064666748047 0.00785923004150391 0.0133371353149414
0.00442981719970703 0.00592422485351563 0.00174999237060547 0.0159311294555664
0.00493764877319336 0.00285482406616211 0.0111370086669922 0.0196952819824219
0.00590419769287109 -0.000514030456542969 0.0200138092041016 0.0138893127441406
0.00544166564941406 -0.0049443244934082 0.0237541198730469 0.00485801696777344
0.00641107559204102 -0.00529146194458008 0.0220451354980469 0.0023040771484375
0.00602865219116211 -0.0041499137878418 0.0162372589111328 0.00352954864501953
0.00977230072021484 -0.00583267211914062 0.00961685180664063 0.00785636901855469
0.0142021179199219 0.00126171112060547 0.000585556030273437 0.00834321975708008
0.0120315551757813 0.0115642547607422 -0.00758838653564453 -0.00115203857421875
0.00255012512207031 0.0176429748535156 -0.00264549255371094 -0.0111799240112305
-0.0132436752319336 0.0153207778930664 0.0149679183959961 -0.0140171051025391
-0.0227279663085938 0.00917243957519531 0.0185642242431641 0.0010833740234375
-0.0318241119384766 0.00209236145019531 -0.000639915466308595 0.00729751586914062
-0.0278186798095703 0.00154495239257812 0.0132713317871094 0.0208702087402344
-0.0136432647705078 0.0131196975708008 0.000194549560546876 0.0184040069580078
-0.00465679168701172 0.0100193023681641 -0.000375747680664062 0.021575927734375
0.00113677978515625 0.0104837417602539 0.0101985931396484 0.0241184234619141
0.00663566589355469 0.00708627700805664 0.0188961029052734 0.0158710479736328
0.010798454284668 0.00145435333251953 0.0227794647216797 0.007049560546875
0.0124311447143555 -0.000699996948242188 0.0187168121337891 0.00412750244140625
0.0109958648681641 0.00029754638671875 0.0122814178466797 0.00532341003417969
0.0143251419067383 -0.000513076782226563 0.00503730773925781 0.00921058654785156
0.0161294937133789 0.00613212585449219 -0.00329780578613281 0.00968074798583984
0.0113039016723633 0.0152492523193359 -0.0118131637573242 5.14984130859359E-05
0.000762939453125002 0.0207691192626953 -0.00703620910644531 -0.00990581512451172
-0.0163869857788086 0.0155696868896484 0.00952911376953125 -0.0132913589477539
-0.0257034301757812 0.00708389282226562 0.00887107849121094 0.00264549255371094
-0.034454345703125 -0.00198745727539063 -0.0108327865600586 0.00728321075439453
-0.0299110412597656 -0.00708770751953126 0.000864028930664062 0.0198574066162109
-0.0223712921142578 0.00689506530761719 -0.0109977722167969 0.0204792022705078
-0.0132608413696289 0.011418342590332 -0.00577163696289063 0.0262050628662109
-0.00432682037353516 0.0167293548583984 0.00759506225585938 0.0265102386474609
0.00582027435302735 0.0138339996337891 0.0163183212280273 0.0168638229370117
0.0141677856445313 0.00841617584228516 0.0189800262451172 0.00773429870605469
0.0167064666748047 0.00344371795654297 0.0127649307250977 0.00503921508789063
0.01397705078125 0.00404834747314453 0.00664663314819336 0.00617408752441406
0.0164813995361328 0.00425148010253906 -0.000102996826171875 0.00991630554199219
0.0161571502685547 0.0098876953125 -0.00752449035644531 0.00980186462402344
0.00957393646240234 0.0170459747314453 -0.0146160125732422 0.00125312805175782
-0.00134849548339844 0.0209426879882812 -0.00978755950927734 -0.0082712173461914
-0.0167598724365234 0.0138721466064453 0.00429439544677734 -0.010498046875
-0.0255451202392578 0.00325393676757812 0.000295639038085935 0.00551557540893555
-0.0331363677978516 -0.0063323974609375 -0.0211753845214844 0.00669670104980469
-0.0254936218261719 -0.0137672424316406 -0.0110597610473633 0.0154590606689453
-0.0243434906005859 -0.000913619995117188 -0.0226650238037109 0.0188045501708984
-0.0190486907958984 0.0092010498046875 -0.0122547149658203 0.027801513671875
-0.0101356506347656 0.0186920166015625 0.00305557250976562 0.0262527465820313
0.00279426574707031 0.0180015563964844 0.0115966796875 0.0147008895874023
0.0144166946411133 0.0137290954589844 0.0124263763427734 0.0066070556640625
0.0178928375244141 0.00759506225585938 0.00560569763183594 0.00461721420288086
0.0144443511962891 0.00739669799804687 -0.000946521759033203 0.00633668899536133
0.0162525177001953 0.00818252563476562 -0.00565719604492188 0.00972270965576172
0.0143375396728516 0.0127544403076172 -0.0116176605224609 0.00904750823974609
0.00637054443359375 0.0178260803222656 -0.016697883605957 0.000955581665039063
-0.00380516052246094 0.0200138092041016 -0.0106115341186523 -0.00702762603759766
-0.0175857543945313 0.0103244781494141 0.00140094757080078 -0.00707769393920898
-0.0231361389160156 -0.00184822082519532 -0.00641250610351563 0.0087437629699707
-0.0285243988037109 -0.0113792419433594 -0.0296230316162109 0.00552749633789062
-0.0165815353393555 -0.016718864440918 -0.01971435546875 0.00876235961914063
-0.0192108154296875 -0.00779151916503906 -0.0304279327392578 0.0139980316162109
-0.0193901062011719 0.00353240966796875 -0.0175762176513672 0.0260753631591797
-0.0131330490112305 0.0149736404418945 -0.000679016113281249 0.0230522155761719
-0.000691413879394531 0.0168180465698242 0.00704002380371094 0.0104455947875977
0.0105199813842773 0.015864372253418 0.00545501708984375 0.00350809097290039
0.0148334503173828 0.0110931396484375 -0.00263214111328125 0.00280261039733887
0.0125741958618164 0.00979804992675781 -0.00768899917602539 0.00546073913574219
0.013859748840332 0.010554313659668 -0.0115346908569336 0.00821208953857422
0.0116949081420898 0.014312744140625 -0.0151386260986328 0.0068359375
0.00357151031494141 0.0174808502197266 -0.0173492431640625 -0.000381469726562496
-0.00697708129882813 0.0182914733886719 -0.010493278503418 -0.00714302062988281
-0.0186634063720703 0.00607109069824219 -7.00950622558604E-05 -0.00481176376342773
-0.0200061798095703 -0.00771903991699219 -0.0109977722167969 0.00970935821533203
-0.0213737487792969 -0.0168972015380859 -0.0350151062011719 0.0018310546875
-0.00347137451171875 -0.0162849426269531 -0.0227508544921875 0.00267601013183594
-0.00782489776611328 -0.0118570327758789 -0.0334663391113281 0.00840568542480469
-0.0128602981567383 -0.00377941131591797 -0.0200862884521484 0.0212535858154297
-0.0125446319580078 0.0061187744140625 -0.00309181213378906 0.0177574157714844
-0.00529098510742188 0.0111484527587891 0.00348901748657227 0.00560379028320313
0.00334930419921875 0.0146713256835938 -0.000970184803009033 0.000165343284606934
0.00946235656738281 0.0122051239013672 -0.00876760482788086 0.00058603286743164
0.00858879089355469 0.0108242034912109 -0.0137081146240234 0.00341796875
0.009918212890625 0.0112743377685547 -0.0160903930664062 0.00549888610839844
0.00810909271240234 0.0140829086303711 -0.0177650451660156 0.00307846069335938
0.00105571746826172 0.0155267715454102 -0.0178413391113281 -0.00269317626953125
-0.00825309753417969 0.0152463912963867 -0.0101747512817383 -0.00771236419677734
-0.0182094573974609 0.00245475769042969 -0.001922607421875 -0.00489425659179688
-0.016118049621582 -0.0123805999755859 -0.0138912200927734 0.00670433044433594
-0.0128822326660156 -0.0209789276123047 -0.0368766784667969 -0.0041046142578125
0.0101346969604492 -0.0129337310791016 -0.0209999084472656 -0.00336456298828125
0.00532436370849609 -0.0126886367797852 -0.0311851501464844 0.00402069091796875
-0.00294589996337891 -0.00966358184814453 -0.0195903778076172 0.01776123046875
-0.00834035873413086 -0.00365638732910156 -0.00225925445556641 0.0135774612426758
-0.00805187225341797 0.00252819061279297 0.00230097770690918 0.00153207778930664
-0.00419902801513672 0.00991153717041015 -0.00475549697875977 -0.00375699996948242
0.00229930877685547 0.0113496780395508 -0.0131053924560547 -0.00255584716796875
0.00329017639160156 0.0100574493408203 -0.0175352096557617 0.00095844268798828
0.00459766387939453 0.0104503631591797 -0.0198554992675781 0.00237083435058594
0.00360202789306641 0.0116739273071289 -0.0202350616455078 -0.000509262084960934
-0.00113296508789063 0.0123739242553711 -0.0187950134277344 -0.00603866577148438
-0.00886917114257813 0.0116863250732422 -0.0106639862060547 -0.00993537902832031
-0.0161561965942383 -0.00150871276855469 -0.0029902458190918 -0.00681447982788086
-0.0106639862060547 -0.0159196853637695 -0.0148000717163086 0.00147056579589843
-0.00356864929199219 -0.0224056243896484 -0.0356292724609375 -0.0101127624511719
-0.0119800567626953 0.0164003372192383 0.0330333709716797 0.0126132965087891
0.00968551635742188 0.0168867111206055 0.0150146484375 0.00650978088378906
0.0115327835083008 -5.53131103515625E-05 0.00317096710205078 0.00965309143066406
0.00700664520263672 -0.00579118728637695 0.0108003616333008 0.0156545639038086
0.00323200225830078 -0.00831794738769531 0.0197582244873047 0.0102252960205078
-0.0028839111328125 -0.0107717514038086 0.0235843658447266 0.00196266174316406
-0.00260591506958008 -0.00817012786865234 0.0235214233398438 -0.00110816955566406
-0.0010676383972168 -0.00715112686157227 0.0192852020263672 4.76837158203121E-05
0.00119113922119141 -0.010472297668457 0.0137262344360352 0.00455474853515625
0.00885105133056641 -0.00685405731201172 0.00569581985473633 0.00689268112182617
0.0126523971557617 0.00293636322021484 -0.00371265411376953 -0.000655889511108398
0.00795364379882813 0.0109081268310547 0.000917434692382813 -0.0108489990234375
-0.00457286834716797 0.0146617889404297 0.0195522308349609 -0.0147628784179687
-0.0143222808837891 0.0147266387939453 0.0285472869873047 -0.000833511352539061
-0.0243148803710938 0.0106048583984375 0.0116071701049805 0.0078277587890625
-0.0211410522460938 0.0105800628662109 0.026763916015625 0.0186710357666016
-0.00142002105712891 0.0164308547973633 0.0108232498168945 0.0130205154418945
0.00471782684326172 0.00498580932617188 0.00321674346923828 0.0153398513793945
0.00441312789916992 0.00184059143066406 0.0115489959716797 0.0199756622314453
0.00485658645629883 -0.00175237655639648 0.0209693908691406 0.0137195587158203
0.00419807434082031 -0.00494718551635742 0.0249919891357422 0.00453567504882813
0.005523681640625 -0.00543689727783203 0.0241966247558594 0.00139427185058594
0.00585222244262695 -0.00418186187744141 0.0185604095458984 0.002532958984375
0.00897693634033203 -0.00604534149169922 0.0119495391845703 0.00746345520019531
0.0140018463134766 -6.103515625E-05 0.00323486328125 0.00945854187011719
0.0130224227905273 0.0103597640991211 -0.00668048858642578 0.000931262969970703
0.00446319580078125 0.0177783966064453 -0.00295066833496094 -0.00935173034667969
-0.0121612548828125 0.0170011520385742 0.0141067504882813 -0.0139341354370117
-0.0232963562011719 0.0119037628173828 0.0196552276611328 0.000392913818359376
-0.0321483612060547 0.00549125671386719 0.00212860107421875 0.00935649871826172
-0.0283641815185547 0.00276374816894531 0.0164070129394531 0.0222339630126953
-0.013310432434082 0.0131416320800781 0.00293922424316406 0.0188770294189453
-0.00462150573730469 0.00944900512695313 0.00100135803222656 0.0215892791748047
0.000788688659667969 0.0106296539306641 0.0110626220703125 0.0239982604980469
0.0064702033996582 0.00689220428466797 0.0204143524169922 0.0157890319824219
0.0107440948486328 0.00162696838378906 0.0245037078857422 0.00651741027832031
0.0129222869873047 -0.00102424621582031 0.0209388732910156 0.00327491760253906
0.0115270614624023 -9.34600830078125E-05 0.0150814056396484 0.00448703765869141
0.0142679214477539 -0.000928878784179688 0.00790977478027344 0.00918674468994141
0.0168342590332031 0.00580024719238281 -0.000454902648925781 0.0104780197143555
0.0123500823974609 0.0152120590209961 -0.0101900100708008 0.00225257873535156
0.00234603881835937 0.0211639404296875 -0.00686216354370117 -0.00790214538574219
-0.0153675079345703 0.0176906585693359 0.00850391387939453 -0.0126132965087891
-0.0270328521728516 0.00901031494140625 0.0105447769165039 0.00283718109130859
-0.0356330871582031 0.000537872314453125 -0.00902652740478516 0.00974178314208984
-0.0313549041748047 -0.00655174255371094 0.00342178344726562 0.0219879150390625
-0.023101806640625 0.00745964050292969 -0.00811576843261719 0.0220451354980469
-0.0140848159790039 0.0118284225463867 -0.00402259826660156 0.0259380340576172
-0.00449371337890625 0.0176982879638672 0.00905799865722656 0.0269317626953125
0.00620651245117188 0.0149135589599609 0.0178337097167969 0.0165977478027344
0.0148000717163086 0.00844573974609375 0.0204524993896484 0.00716590881347656
0.017913818359375 0.00326347351074219 0.0150823593139648 0.00456809997558594
0.0154438018798828 0.00409317016601562 0.00853729248046875 0.00602197647094727
0.0176982879638672 0.00383949279785156 0.00246143341064453 0.00997352600097656
0.0174779891967773 0.010106086730957 -0.00502586364746094 0.0106048583984375
0.0106315612792969 0.0178203582763672 -0.0125265121459961 0.00295162200927734
-0.000286102294921875 0.0227890014648438 -0.0090932846069336 -0.00605487823486328
-0.0175027847290039 0.0158195495605469 0.00403404235839844 -0.00944709777832031
-0.0274391174316406 0.00477027893066406 0.00147724151611328 0.00650739669799805
-0.03515625 -0.004730224609375 -0.0196495056152344 0.00906753540039063
-0.0279960632324219 -0.0144214630126953 -0.00970268249511719 0.0185546875
-0.0271034240722656 -0.000843048095703126 -0.0204143524169922 0.021209716796875
-0.0209789276123047 0.0100135803222656 -0.0100479125976563 0.0281600952148438
-0.00993728637695312 0.020416259765625 0.00471305847167969 0.0263633728027344
0.00351715087890625 0.0194377899169922 0.0128383636474609 0.0145120620727539
0.0157861709594727 0.0148000717163086 0.0138263702392578 0.00606346130371094
0.0196819305419922 0.00756263732910156 0.00681829452514649 0.00418710708618164
0.0165672302246094 0.007781982421875 0.00123310089111328 0.00612640380859375
0.0183773040771484 0.00819778442382812 -0.00364208221435547 0.00964641571044922
0.0166692733764648 0.0135993957519531 -0.00915718078613281 0.00902080535888672
0.00834846496582031 0.0189552307128906 -0.0146408081054687 0.00255775451660157
-0.00306320190429687 0.0219707489013672 -0.00987148284912109 -0.00483608245849609
-0.0188446044921875 0.0121116638183594 0.000998973846435546 -0.00606298446655273
-0.0262203216552734 -0.000623703002929692 -0.00493812561035156 0.00989151000976563
-0.0315532684326172 -0.0110340118408203 -0.0285892486572266 0.007965087890625
-0.0188922882080078 -0.0187664031982422 -0.0198249816894531 0.0112056732177734
-0.0225791931152344 -0.00806236267089843 -0.0299777984619141 0.0166015625
-0.0216140747070313 0.00419044494628906 -0.0157718658447266 0.0263710021972656
-0.0138368606567383 0.0173530578613281 0.000759124755859372 0.0228023529052734
-0.000642776489257813 0.0194149017333984 0.00749683380126953 0.010502815246582
0.0122756958007813 0.0174360275268555 0.00616264343261719 0.00313091278076172
0.0178909301757813 0.0105781555175781 -0.00188469886779785 0.0028831958770752
0.0151081085205078 0.00994491577148437 -0.00692605972290039 0.00524663925170898
0.0166501998901367 0.0108823776245117 -0.0103693008422852 0.00800418853759766
0.0144519805908203 0.0153026580810547 -0.0134735107421875 0.00702857971191406
0.00526237487792969 0.0194320678710938 -0.016423225402832 0.000560760498046873
-0.00650405883789063 0.0206508636474609 -0.00990009307861328 -0.0058450698852539
-0.0200252532958984 0.00799369812011719 0.000180006027221678 -0.00412869453430176
-0.0233898162841797 -0.00710678100585938 -0.00980091094970703 0.0111551284790039
-0.0252590179443359 -0.017181396484375 -0.0352897644042969 0.00404739379882812
-0.00538253784179687 -0.0192718505859375 -0.0240058898925781 0.00462532043457031
-0.0113935470581055 -0.013646125793457 -0.0339031219482422 0.0106563568115234
-0.0154857635498047 -0.00312614440917969 -0.0186023712158203 0.0227165222167969
-0.0141010284423828 0.00804328918457031 -0.00240707397460938 0.0177230834960937
-0.0048980712890625 0.013941764831543 0.00345373153686523 0.00539112091064453
0.00594329833984375 0.0163078308105469 -0.00108057260513306 -0.00034576654434204
0.0127410888671875 0.012547492980957 -0.00911617279052735 0.000910758972167968
0.0113697052001953 0.0105676651000977 -0.0136756896972656 0.00370121002197266
0.012883186340332 0.0116691589355469 -0.0160655975341797 0.00591373443603515
0.010772705078125 0.0148258209228516 -0.0172948837280273 0.00357913970947265
0.00287914276123047 0.0174884796142578 -0.0171966552734375 -0.00265407562255859
-0.00769424438476563 0.0178298950195312 -0.00964832305908203 -0.00696849822998047
-0.0197563171386719 0.00498580932617188 -0.00143623352050781 -0.00448226928710937
-0.0196666717529297 -0.0120182037353516 -0.0136041641235352 0.00776576995849609
-0.0168495178222656 -0.0216808319091797 -0.0381660461425781 -0.00187301635742187
0.00875186920166016 -0.0165910720825195 -0.0228252410888672 -0.00214958190917969
0.00312137603759766 -0.0153427124023438 -0.0319480895996094 0.00573921203613281
-0.00534629821777344 -0.0102300643920898 -0.0182991027832031 0.0192298889160156
-0.0105199813842773 -0.00263786315917969 -0.00237464904785156 0.013331413269043
-0.00854349136352539 0.00492286682128906 0.00190389156341553 0.00075221061706543
-0.00236415863037109 0.0121641159057617 -0.00545644760131836 -0.00417137145996094
0.00491142272949219 0.0119972229003906 -0.0146865844726563 -0.0020456314086914
0.00551033020019531 0.0102329254150391 -0.0186920166015625 0.00172233581542969
0.00697231292724609 0.0106163024902344 -0.0204868316650391 0.00309562683105469
0.00611972808837891 0.01287841796875 -0.0209941864013672 -0.000263214111328128
0.000667572021484375 0.0140256881713867 -0.0189895629882813 -0.00536537170410156
-0.00779438018798828 0.0138864517211914 -0.0105562210083008 -0.00962352752685547
-0.0180797576904297 0.000999450683593752 -0.0029592514038086 -0.00670671463012695
-0.0139303207397461 -0.0159130096435547 -0.0155267715454102 0.00228500366210937
-0.00669288635253906 -0.0237979888916016 -0.0370979309082031 -0.00902557373046875
-0.00938606262207031 0.0175409317016602 0.0355606079101563 0.0124168395996094
0.0116291046142578 0.0156459808349609 0.0169277191162109 0.00606822967529297
0.0122585296630859 -0.001983642578125 0.00322341918945313 0.00927066802978516
0.00650453567504883 -0.00716400146484375 0.0110702514648438 0.0160579681396484
0.00146484375 -0.00923347473144531 0.0206928253173828 0.0110263824462891
-0.00481033325195313 -0.0101642608642578 0.0249614715576172 0.00278282165527344
-0.00397205352783203 -0.00783824920654297 0.0253181457519531 -0.0016021728515625
-0.00250530242919922 -0.00738239288330078 0.0212879180908203 -0.000623703002929688
-0.00043964385986328 -0.0106382369995117 0.015894889831543 0.00465583801269531
0.00798654556274414 -0.00778341293334961 0.00838232040405273 0.00729703903198242
0.0134172439575195 0.00114250183105469 -0.00193381309509277 0.000578761100769043
0.00914955139160156 0.00981903076171875 0.00099468231201172 -0.00900936126708985
-0.00269603729248047 0.0160007476806641 0.0191078186035156 -0.0148048400878906
-0.0128459930419922 0.0176811218261719 0.0296649932861328 -0.00219154357910156
-0.0230369567871094 0.014007568359375 0.0143880844116211 0.00815105438232422
-0.0206356048583984 0.0113868713378906 0.0296478271484375 0.0193042755126953
-0.000481605529785155 0.0159826278686523 0.0129175186157227 0.0125322341918945
0.00463724136352539 0.00375747680664063 0.00378894805908203 0.0147104263305664
0.00392913818359375 0.00109004974365234 0.0120487213134766 0.0205612182617188
0.00390911102294922 -0.00131320953369141 0.0222206115722656 0.0136852264404297
0.00290918350219727 -0.00499963760375977 0.0274143218994141 0.00453567504882813
0.00444316864013672 -0.00514602661132813 0.0264396667480469 0.0003662109375
0.00551319122314453 -0.00394535064697266 0.020751953125 0.00153541564941406
0.0080556869506836 -0.00657796859741211 0.0144500732421875 0.00706386566162109
0.0137500762939453 -0.00114917755126953 0.00535869598388672 0.00984477996826172
0.0136899948120117 0.00947284698486328 -0.00487565994262695 0.00213432312011719
0.00584793090820312 0.0178050994873047 -0.00237464904785156 -0.00754880905151367
-0.0109367370605469 0.0185546875 0.0135831832885742 -0.013850212097168
-0.0229778289794922 0.0144596099853516 0.0210628509521484 0.000522613525390626
-0.0326328277587891 0.00804710388183593 0.0048065185546875 0.0102720260620117
-0.0287437438964844 0.00340843200683594 0.019439697265625 0.0235595703125
-0.0131549835205078 0.0134258270263672 0.0050811767578125 0.0191173553466797
-0.00486373901367188 0.00936508178710938 0.00171661376953125 0.0208969116210938
0.000446319580078124 0.0105552673339844 0.0122203826904297 0.0245437622070313
0.00626373291015625 0.00717735290527344 0.0215950012207031 0.0161209106445313
0.0105066299438477 0.00201988220214844 0.0263519287109375 0.00629997253417969
0.0130805969238281 -0.00137042999267578 0.0230865478515625 0.00213050842285156
0.0121488571166992 -0.000128746032714844 0.01739501953125 0.00377845764160156
0.0148801803588867 -0.000806808471679687 0.0104560852050781 0.00902175903320312
0.0174846649169922 0.00563240051269531 0.00205230712890625 0.0109033584594727
0.01336669921875 0.0154228210449219 -0.00827693939208984 0.00324869155883789
0.00306510925292969 0.0222892761230469 -0.00593948364257813 -0.00646018981933593
-0.0153675079345703 0.01910400390625 0.00847625732421875 -0.011845588684082
-0.0276908874511719 0.01092529296875 0.011815071105957 0.00272750854492188
-0.0370979309082031 0.00253677368164063 -0.006195068359375 0.0116090774536133
-0.0335407257080078 -0.00635337829589844 0.006134033203125 0.0240287780761719
-0.0246810913085938 0.00750923156738281 -0.00629234313964844 0.0227718353271484
-0.0150947570800781 0.012669563293457 -0.00311279296875 0.0258808135986328
-0.00509071350097656 0.0194759368896484 0.00984001159667969 0.027191162109375
0.00669479370117188 0.0158214569091797 0.0190505981445313 0.0166282653808594
0.0159692764282227 0.0092620849609375 0.0220565795898438 0.00672721862792969
0.0192775726318359 0.00322151184082031 0.017247200012207 0.00368118286132812
0.0170412063598633 0.00447845458984375 0.0106000900268555 0.00493144989013672
0.019317626953125 0.00411033630371094 0.00518894195556641 0.00925636291503906
0.0193252563476563 0.0102329254150391 -0.00255775451660156 0.0103340148925781
0.0118675231933594 0.0187778472900391 -0.0107822418212891 0.00409412384033203
0.000484466552734376 0.0240402221679688 -0.0078125 -0.00450849533081054
-0.01837158203125 0.0175838470458984 0.00456809997558594 -0.0090179443359375
-0.0298519134521484 0.00650596618652344 0.00275850296020508 0.00702953338623047
-0.0377998352050781 -0.00419235229492187 -0.0174751281738281 0.011204719543457
-0.031280517578125 -0.0153579711914062 -0.00807762145996094 0.0208969116210938
-0.0299701690673828 0.000122070312499996 -0.0183238983154297 0.0226325988769531
-0.0230045318603516 0.0111141204833984 -0.00930213928222656 0.0282611846923828
-0.0108623504638672 0.0230693817138672 0.00536727905273438 0.0268096923828125
0.00410079956054688 0.0213813781738281 0.0135555267333984 0.0145244598388672
0.0177974700927734 0.0156841278076172 0.0152950286865234 0.00577259063720703
0.0218524932861328 0.00710296630859375 0.0085439682006836 0.00348472595214844
0.0183887481689453 0.00713539123535156 0.00214195251464844 0.00553464889526367
0.0207576751708984 0.00826454162597656 -0.00221681594848633 0.00873661041259766
0.0186481475830078 0.0135459899902344 -0.00761699676513672 0.00882530212402344
0.00971221923828125 0.0211677551269531 -0.0131025314331055 0.0030670166015625
-0.00255012512207031 0.0249786376953125 -0.00891876220703125 -0.00400829315185547
-0.0203914642333984 0.0142440795898437 0.0019378662109375 -0.00548458099365234
-0.0293655395507813 0.000751495361328125 -0.00368690490722656 0.0107364654541016
-0.0346927642822266 -0.0104351043701172 -0.0272426605224609 0.00981903076171875
-0.0219516754150391 -0.0202293395996094 -0.0195121765136719 0.0137538909912109
-0.0260772705078125 -0.00857734680175781 -0.0292491912841797 0.0188140869140625
-0.0238094329833984 0.00521659851074219 -0.0147876739501953 0.0267295837402344
-0.0151023864746094 0.0198421478271484 0.00133132934570312 0.0231342315673828
-2.28881835937519E-05 0.0216026306152344 0.00766944885253906 0.00996208190917969
0.0147418975830078 0.01837158203125 0.0067601203918457 0.00304222106933594
0.0205554962158203 0.0108547210693359 -0.00225138664245605 0.00251054763793945
0.0175390243530273 0.00985336303710938 -0.00604104995727539 0.00491857528686523
0.0194339752197266 0.0109043121337891 -0.0103387832641602 0.00758838653564453
0.0171403884887695 0.0158405303955078 -0.012446403503418 0.00683689117431641
0.00751495361328125 0.0209274291992188 -0.0151557922363281 0.000553131103515626
-0.00520515441894531 0.0233402252197266 -0.00879859924316406 -0.00536727905273437
-0.0216388702392578 0.0100612640380859 0.00105500221252441 -0.0039525032043457
-0.0269603729248047 -0.00672531127929688 -0.00883674621582031 0.0121660232543945
-0.0291061401367188 -0.0170307159423828 -0.0352668762207031 0.00559616088867188
-0.00820350646972656 -0.021636962890625 -0.0251731872558594 0.00631141662597656
-0.0150918960571289 -0.0147914886474609 -0.0337276458740234 0.0124645233154297
-0.0183944702148438 -0.00230979919433594 -0.0178146362304687 0.0228099822998047
-0.014979362487793 0.0106115341186523 -0.00249099731445312 0.0174446105957031
-0.00511741638183594 0.0157461166381836 0.00345945358276367 0.00523948669433594
0.00841140747070312 0.0177993774414063 -0.00106596946716309 -0.000378310680389403
0.0154581069946289 0.0118846893310547 -0.0096588134765625 0.000995635986328124
0.0142126083374023 0.0106439590454102 -0.0141181945800781 0.00449657440185547
0.0157070159912109 0.0114517211914063 -0.015904426574707 0.00562191009521485
0.0135793685913086 0.0152387619018555 -0.017054557800293 0.0027923583984375
0.00457191467285156 0.0193195343017578 -0.0168037414550781 -0.00261974334716797
-0.00689888000488281 0.0201759338378906 -0.00912094116210938 -0.00702762603759766
-0.0211315155029297 0.00682640075683594 -0.000478267669677736 -0.00371408462524414
-0.0234031677246094 -0.0115165710449219 -0.0131292343139648 0.00905513763427734
-0.0203933715820313 -0.0226955413818359 -0.0385398864746094 -0.00120925903320313
0.00675201416015625 -0.018768310546875 -0.0246372222900391 -0.00115966796875
0.000432968139648439 -0.0171957015991211 -0.0327568054199219 0.00699615478515625
-0.00764751434326172 -0.0104150772094727 -0.017425537109375 0.0194015502929688
-0.0120725631713867 -0.000963211059570313 -0.00238418579101563 0.0129365921020508
-0.00871849060058594 0.00721454620361328 0.000871956348419189 -5.35845756530757E-05
0.000229835510253906 0.0138788223266602 -0.00646638870239258 -0.00472688674926758
0.00771522521972656 0.0122900009155273 -0.01544189453125 -0.00224399566650391
0.00777339935302734 0.0101480484008789 -0.0201053619384766 0.00240898132324219
0.00950431823730469 0.0103750228881836 -0.0212726593017578 0.00340652465820312
0.00877571105957031 0.0125350952148438 -0.0213871002197266 -0.000591278076171874
0.00260162353515625 0.0152807235717773 -0.0191230773925781 -0.00605392456054687
-0.00705814361572266 0.0159463882446289 -0.0100297927856445 -0.010009765625
-0.0189723968505859 0.00255584716796875 -0.00268363952636719 -0.00595951080322266
-0.0171880722045898 -0.014735221862793 -0.0165605545043945 0.00339508056640625
-0.0100135803222656 -0.0246429443359375 -0.0392494201660156 -0.00875854492187501
-0.00759124755859375 0.0184879302978516 0.0389022827148438 0.0123481750488281
0.0136594772338867 0.0145540237426758 0.0182399749755859 0.00452995300292969
0.0126972198486328 -0.00336837768554688 0.00372028350830078 0.00949478149414063
0.00585842132568359 -0.00827646255493164 0.0116739273071289 0.0173482894897461
0.000449180603027345 -0.00970745086669922 0.022125244140625 0.0122432708740234
-0.00606060028076172 -0.00995159149169922 0.0268154144287109 0.00241470336914062
-0.0052180290222168 -0.00718784332275391 0.0277061462402344 -0.00300788879394531
-0.0032958984375 -0.00616073608398438 0.0232410430908203 -0.00194931030273438
-0.00229549407958984 -0.010441780090332 0.0181941986083984 0.00336074829101562
0.00690937042236328 -0.00925254821777344 0.00977897644042969 0.00723934173583984
0.0134458541870117 -0.000802993774414063 -0.000765442848205566 0.00142884254455566
0.0107707977294922 0.00854587554931641 0.00189113616943359 -0.00869655609130859
-0.000565528869628907 0.0163354873657227 0.0197048187255859 -0.0148773193359375
-0.0115318298339844 0.0198383331298828 0.0312995910644531 -0.00248527526855469
-0.0222225189208984 0.0165538787841797 0.0178146362304688 0.00829696655273438
-0.0202255249023438 0.0120487213134766 0.0333690643310547 0.0193290710449219
0.000701904296874999 0.0156774520874023 0.0153942108154297 0.0118999481201172
0.00422048568725586 0.00297832489013672 0.00401592254638672 0.0146360397338867
0.00342464447021484 0.000732421875 0.0129661560058594 0.0216846466064453
0.00312328338623047 -0.00143027305603027 0.0238571166992188 0.0151100158691406
0.0016472339630127 -0.00436925888061523 0.0297088623046875 0.00441741943359375
0.00467157363891602 -0.0047454833984375 0.0285301208496094 -0.000753402709960938
0.00510883331298828 -0.00330114364624023 0.0233078002929688 0.000360488891601562
0.00757312774658203 -0.00615501403808594 0.0175619125366211 0.00567436218261719
0.0137472152709961 -0.00150299072265625 0.00824737548828125 0.00963592529296875
0.0144834518432617 0.00863552093505859 -0.0031123161315918 0.00365757942199707
0.00710868835449219 0.0176429748535156 -0.0014348030090332 -0.00680398941040039
-0.0101909637451172 0.0197830200195313 0.0142717361450195 -0.0135650634765625
-0.0229663848876953 0.0169811248779297 0.0234107971191406 -0.000413894653320311
-0.0327301025390625 0.0106182098388672 0.00747203826904297 0.0112438201904297
-0.0301227569580078 0.004425048828125 0.0230178833007812 0.0247421264648437
-0.0144634246826172 0.0137033462524414 0.00783348083496094 0.0184516906738281
-0.00593757629394531 0.0098562240600586 0.00290298461914063 0.0211048126220703
-0.000101089477539063 0.0113649368286133 0.0134849548339844 0.0258274078369141
0.00588560104370117 0.00817298889160156 0.0236911773681641 0.0168094635009766
0.0108823776245117 0.00242137908935547 0.0284805297851562 0.00570297241210938
0.0134191513061523 -0.00130176544189453 0.0260200500488281 0.00122451782226563
0.012700080871582 0.000151634216308594 0.0198478698730469 0.002288818359375
0.0157136917114258 -0.00136184692382813 0.0131912231445313 0.00710868835449219
0.0187530517578125 0.00541305541992188 0.00530338287353516 0.0103836059570313
0.014984130859375 0.015528678894043 -0.00577402114868164 0.00426769256591797
0.00484848022460938 0.0229644775390625 -0.00467729568481445 -0.00510835647583008
-0.0157375335693359 0.0210800170898438 0.00899314880371093 -0.0116958618164062
-0.0297012329101563 0.01361083984375 0.0139408111572266 0.00318050384521484
-0.0387306213378906 0.00440597534179688 -0.00363349914550781 0.0131406784057617
-0.036163330078125 -0.00618743896484375 0.00928688049316406 0.0257835388183594
-0.0271816253662109 0.00898551940917968 -0.00417900085449219 0.0227527618408203
-0.0164690017700195 0.0136022567749023 -0.00190162658691406 0.0262069702148438
-0.00512504577636719 0.0210437774658203 0.0109939575195313 0.0279388427734375
0.00713253021240234 0.0168552398681641 0.0204277038574219 0.0176849365234375
0.0175399780273437 0.010066032409668 0.0244941711425781 0.00588798522949219
0.0207424163818359 0.00302505493164063 0.0190219879150391 0.002777099609375
0.0190029144287109 0.00448417663574219 0.0125274658203125 0.00355339050292969
0.0212326049804687 0.00439071655273437 0.00664663314819336 0.0084233283996582
0.0213356018066406 0.0105628967285156 -0.000177383422851562 0.0103616714477539
0.0134468078613281 0.0201511383056641 -0.00873804092407227 0.00426292419433594
0.00169181823730469 0.0261611938476563 -0.00732898712158203 -0.0036172866821289
-0.0191860198974609 0.0197658538818359 0.00520658493041992 -0.00843620300292969
-0.0321311950683594 0.00876998901367188 0.00521516799926758 0.00779056549072266
-0.0406951904296875 -0.00200271606445313 -0.0160856246948242 0.0129384994506836
-0.0346603393554688 -0.0151271820068359 -0.00634193420410156 0.0229721069335938
-0.0334281921386719 0.000511169433593753 -0.0178375244140625 0.0234661102294922
-0.025634765625 0.0125789642333984 -0.00845527648925782 0.0287284851074219
-0.0113964080810547 0.0257701873779297 0.00577735900878906 0.0277042388916016
0.00530052185058594 0.0233230590820313 0.0148849487304687 0.014561653137207
0.0195999145507813 0.0161952972412109 0.0167484283447266 0.00527667999267578
0.0241756439208984 0.00680351257324219 0.00935554504394531 0.00337028503417969
0.0216236114501953 0.00751113891601563 0.00289249420166016 0.00500011444091797
0.0237255096435547 0.0081787109375 -0.00104284286499023 0.00798892974853515
0.0220508575439453 0.0143070220947266 -0.00587940216064453 0.00881481170654297
0.0115318298339844 0.0224609375 -0.01165771484375 0.00324916839599609
-0.00145149230957031 0.0268383026123047 -0.00759458541870117 -0.00395584106445312
-0.0216159820556641 0.0173110961914063 0.00298643112182617 -0.00568723678588867
-0.0326652526855469 0.00234413146972657 -0.00219917297363281 0.0115509033203125
-0.0384368896484375 -0.00979232788085938 -0.0265121459960938 0.0113563537597656
-0.0268135070800781 -0.0211029052734375 -0.0188846588134766 0.0158843994140625
-0.0301361083984375 -0.00771522521972656 -0.0289688110351563 0.0197372436523438
-0.0268268585205078 0.00694847106933594 -0.0140209197998047 0.027679443359375
-0.0157814025878906 0.0228309631347656 0.00126075744628906 0.0241680145263672
0.000797271728515624 0.0241069793701172 0.00846481323242188 0.0109901428222656
0.0178127288818359 0.0193977355957031 0.00713014602661133 0.00222158432006836
0.0234775543212891 0.0100898742675781 -0.000982761383056639 0.0027165412902832
0.0199508666992188 0.00967025756835938 -0.00632858276367187 0.00493669509887695
0.0228137969970703 0.0103740692138672 -0.00922870635986328 0.00720977783203125
0.0202617645263672 0.015655517578125 -0.011993408203125 0.00642585754394531
0.00949668884277344 0.0233268737792969 -0.0145206451416016 0.000181198120117187
-0.00382041931152344 0.0263538360595703 -0.0081944465637207 -0.00540733337402344
-0.0236167907714844 0.0127696990966797 0.00188231468200683 -0.0038299560546875
-0.030975341796875 -0.00422096252441407 -0.00831699371337891 0.0134181976318359
-0.0329761505126953 -0.0166187286376953 -0.0349979400634766 0.00690650939941406
-0.0121631622314453 -0.0235042572021484 -0.0263729095458984 0.00839042663574219
-0.0189933776855469 -0.0150318145751953 -0.0347480773925781 0.0135040283203125
-0.0210838317871094 -0.0022125244140625 -0.0174236297607422 0.0237865447998047
-0.0168924331665039 0.0138778686523438 -0.00233078002929688 0.0185337066650391
-0.0034942626953125 0.0189456939697266 0.0030059814453125 0.00490999221801758
0.0108737945556641 0.019134521484375 -0.00186467170715332 -0.000783085823059081
0.0178565979003906 0.0123291015625 -0.0102529525756836 0.000990867614746094
0.0164289474487305 0.0101079940795898 -0.0145969390869141 0.00457954406738281
0.0185356140136719 0.0112800598144531 -0.0166101455688477 0.00606441497802734
0.016998291015625 0.0153789520263672 -0.0175628662109375 0.00205135345458985
0.00709915161132813 0.0205001831054687 -0.0163793563842773 -0.00305461883544922
-0.00561332702636719 0.0231895446777344 -0.00854778289794922 -0.00792646408081055
-0.0229129791259766 0.00936508178710938 0.000394821166992186 -0.00377202033996582
-0.0265407562255859 -0.00963401794433594 -0.0138311386108398 0.010380744934082
-0.02496337890625 -0.0224456787109375 -0.0401077270507813 -0.000366210937499994
0.00432014465332031 -0.0211544036865234 -0.0272846221923828 -0.000192642211914062
-0.0030975341796875 -0.0184803009033203 -0.0343551635742188 0.00824165344238281
-0.0103588104248047 -0.0101613998413086 -0.0173492431640625 0.0195178985595703
-0.013758659362793 0.000678062438964842 -0.00260639190673828 0.0125093460083008
-0.00795173645019531 0.00947475433349609 0.000206142663955688 -0.000169441103935241
0.00244140625 0.0148124694824219 -0.00789880752563477 -0.00441694259643555
0.00927925109863281 0.0114307403564453 -0.0176563262939453 -0.000690460205078122
0.0100002288818359 0.00924491882324219 -0.0212898254394531 0.00362777709960938
0.0120973587036133 0.00979328155517578 -0.0235786437988281 0.00402069091796875
0.0112733840942383 0.0133647918701172 -0.02239990234375 -0.00119972229003906
0.00434398651123047 0.016261100769043 -0.0196075439453125 -0.00679206848144531
-0.00585174560546875 0.0179252624511719 -0.0106525421142578 -0.0103588104248047
-0.0197639465332031 0.00501823425292969 -0.00271034240722656 -0.00593662261962891
-0.0201072692871094 -0.0135250091552734 -0.0171031951904297 0.00475215911865235
-0.0136909484863281 -0.0253982543945312 -0.0421257019042969 -0.00811386108398437
-0.00597000122070313 0.0191268920898438 0.0422744750976562 0.0114631652832031
0.0161247253417969 0.0135622024536133 0.020111083984375 0.00320243835449219
0.0121622085571289 -0.00510406494140625 0.00377178192138672 0.00912094116210938
0.00449657440185547 -0.00930595397949219 0.0125083923339844 0.01849365234375
-0.00129032135009766 -0.00978851318359375 0.0241870880126953 0.0122699737548828
-0.00808620452880859 -0.00879955291748047 0.0290985107421875 0.00199127197265625
-0.00579309463500977 -0.00586462020874023 0.03009033203125 -0.00458526611328125
-0.0044713020324707 -0.00588846206665039 0.0252685546875 -0.00362777709960938
-0.00424671173095703 -0.0100879669189453 0.0205860137939453 0.00149917602539062
0.00508308410644531 -0.00956916809082031 0.0126724243164062 0.00671100616455078
0.0128374099731445 -0.00240612030029297 0.000864028930664063 0.00201404094696045
0.0110406875610352 0.00740909576416016 0.00266647338867188 -0.00777769088745117
0.00195884704589844 0.0166521072387695 0.0200042724609375 -0.0153369903564453
-0.00881195068359375 0.0221004486083984 0.0334091186523438 -0.00533866882324219
-0.0205574035644531 0.0192031860351563 0.0208835601806641 0.00701904296875
-0.0198116302490234 0.0132122039794922 0.0377883911132813 0.0196647644042969
0.00117206573486328 0.0151233673095703 0.0171184539794922 0.0106096267700195
0.00365257263183594 0.0024266242980957 0.00470352172851563 0.0148553848266602
0.00210666656494141 0.0010601282119751 0.0141334533691406 0.0226688385009766
0.00263500213623047 -0.000858068466186523 0.0262985229492188 0.0152626037597656
0.00113558769226074 -0.00381326675415039 0.0321273803710938 0.00337791442871094
0.00408482551574707 -0.00420022010803223 0.0316638946533203 -0.00271415710449219
0.00524091720581055 -0.00283527374267578 0.025543212890625 -0.00212478637695313
0.00736713409423828 -0.00572824478149414 0.0199184417724609 0.00391006469726563
0.0137147903442383 -0.00210189819335938 0.0112581253051758 0.0088958740234375
0.0151805877685547 0.00817775726318359 -0.00053119659423828 0.00400400161743164
0.00846481323242188 0.0178794860839844 -0.000472068786621094 -0.00571060180664062
-0.00870513916015625 0.0209388732910156 0.0146541595458984 -0.0140371322631836
-0.0225925445556641 0.0198326110839844 0.0254726409912109 -0.00150108337402344
-0.0331802368164063 0.013763427734375 0.0108795166015625 0.0114669799804687
-0.0320835113525391 0.00513267517089844 0.0273838043212891 0.0251064300537109
-0.0153369903564453 0.0152683258056641 0.00989341735839844 0.0181674957275391
-0.00652408599853516 0.0101423263549805 0.00336456298828125 0.0212516784667969
-0.000353813171386719 0.0126972198486328 0.0148582458496094 0.0269184112548828
0.00665855407714844 0.00899696350097656 0.0263118743896484 0.0168075561523438
0.0110311508178711 0.00297355651855469 0.0317344665527344 0.00446510314941406
0.0149545669555664 -0.00139427185058594 0.0282821655273438 -0.000833511352539063
0.0146169662475586 0.00011444091796875 0.0216655731201172 -0.000219345092773437
0.0168075561523438 -0.00135612487792969 0.0157032012939453 0.00566291809082031
0.0201301574707031 0.00479507446289063 0.00772476196289063 0.0100002288818359
0.0167570114135742 0.0162992477416992 -0.00395107269287109 0.00508832931518555
0.00570487976074219 0.0246677398681641 -0.00343012809753418 -0.00415444374084473
-0.0156230926513672 0.0230445861816406 0.00957870483398437 -0.0117826461791992
-0.0309772491455078 0.0166263580322266 0.0158185958862305 0.00287628173828125
-0.0411796569824219 0.00758743286132813 -0.000884056091308595 0.0136547088623047
-0.0397186279296875 -0.00494766235351562 0.0123405456542969 0.0270137786865234
-0.0295658111572266 0.0101890563964844 -0.00268173217773438 0.0237464904785156
-0.0185585021972656 0.0153980255126953 -0.00153160095214844 0.0267562866210937
-0.00533485412597656 0.0235748291015625 0.0123825073242188 0.0296039581298828
0.00799942016601563 0.0190696716308594 0.0235137939453125 0.0173377990722656
0.0193195343017578 0.00999832153320313 0.0267963409423828 0.00476264953613281
0.0231571197509766 0.00216865539550781 0.0213241577148438 0.000974655151367188
0.0210094451904297 0.00370597839355469 0.0139760971069336 0.00197315216064453
0.0237712860107422 0.00326156616210938 0.0086517333984375 0.00716638565063477
0.0237464904785156 0.0105247497558594 0.00202083587646485 0.0100898742675781
0.0160846710205078 0.0215244293212891 -0.00696420669555664 0.00423717498779297
0.00346946716308594 0.0284805297851563 -0.00577592849731445 -0.00328683853149414
-0.0197257995605469 0.0228862762451172 0.00604391098022461 -0.00791311264038086
-0.0348358154296875 0.0115642547607422 0.00694704055786133 0.00792169570922852
-0.04376220703125 0.000259399414062505 -0.0136499404907227 0.0142107009887695
-0.0390472412109375 -0.0143356323242187 -0.00470542907714844 0.0249233245849609
-0.0373039245605469 0.00315856933593749 -0.0164413452148438 0.0252323150634766
-0.0273036956787109 0.0155029296875 -0.00780677795410157 0.0298042297363281
-0.0112876892089844 0.0287876129150391 0.00734519958496094 0.0289630889892578
0.00699234008789062 0.0255527496337891 0.0169677734375 0.0150012969970703
0.0230197906494141 0.0163078308105469 0.0184669494628906 0.00380134582519531
0.0271816253662109 0.00554275512695313 0.0110769271850586 0.00239086151123047
0.0242023468017578 0.00601577758789063 0.00434446334838867 0.00390434265136719
0.0270462036132813 0.00728416442871094 -0.000142574310302733 0.00709438323974609
0.0251235961914062 0.0142726898193359 -0.00443077087402344 0.00800180435180664
0.0147361755371094 0.0245838165283203 -0.0106039047241211 0.00291824340820313
0.000362396240234373 0.0295467376708984 -0.00646209716796875 -0.00357866287231445
-0.022918701171875 0.0203628540039063 0.00385570526123047 -0.00577878952026367
-0.0362167358398438 0.0054168701171875 -0.000123977661132814 0.0120420455932617
-0.0428695678710937 -0.00732421875000001 -0.0253696441650391 0.0127620697021484
-0.0311222076416016 -0.0212993621826172 -0.0186614990234375 0.0191135406494141
-0.0349597930908203 -0.00693511962890625 -0.0288658142089844 0.0221824645996094
-0.0298728942871094 0.00948333740234374 -0.0142040252685547 0.0286178588867187
-0.0162258148193359 0.0262565612792969 0.00218772888183594 0.02508544921875
0.00311470031738281 0.0265750885009766 0.00910186767578125 0.0104532241821289
0.0213985443115234 0.0198326110839844 0.00839996337890625 0.00124692916870117
0.0265922546386719 0.00850296020507812 -0.000892639160156249 0.002471923828125
0.0238685607910156 0.00807571411132813 -0.00657844543457031 0.00481176376342774
0.0263404846191406 0.00925636291503906 -0.00976943969726562 0.00742912292480469
0.0239810943603516 0.0155258178710937 -0.0121049880981445 0.00560379028320313
0.0125350952148438 0.024688720703125 -0.014256477355957 -0.000288009643554686
-0.00231742858886719 0.0291728973388672 -0.00778007507324219 -0.00569677352905273
-0.0245552062988281 0.0163383483886719 0.00264835357666015 -0.00402379035949707
-0.0351905822753906 -0.00164794921875 -0.00730991363525391 0.0141887664794922
-0.0376777648925781 -0.0153083801269531 -0.0355415344238281 0.00901412963867187
-0.0162792205810547 -0.0251178741455078 -0.0274066925048828 0.0107593536376953
-0.0238113403320312 -0.0147609710693359 -0.0360221862792969 0.0165748596191406
-0.0244350433349609 -8.58306884765607E-05 -0.0175075531005859 0.0248565673828125
-0.0177421569824219 0.017059326171875 -0.0022735595703125 0.0189552307128906
-0.00235366821289062 0.0215911865234375 0.00284814834594727 0.00480318069458008
0.0145893096923828 0.0197181701660156 -0.00181031227111816 -0.000882029533386229
0.0213680267333984 0.0102653503417969 -0.0108509063720703 0.00203323364257813
0.0189971923828125 0.00884437561035156 -0.0158233642578125 0.00508689880371094
0.0223331451416016 0.00998115539550781 -0.018402099609375 0.00660896301269531
0.0204448699951172 0.0148773193359375 -0.0184822082519531 0.0022735595703125
0.0100517272949219 0.0222988128662109 -0.0177841186523438 -0.00388336181640625
-0.00322914123535156 0.0258388519287109 -0.00917243957519531 -0.00820541381835937
-0.0241870880126953 0.0126800537109375 0.00068235397338867 -0.00418639183044434
-0.0313739776611328 -0.00738716125488281 -0.0132064819335938 0.0117006301879883
-0.0291156768798828 -0.0211639404296875 -0.0422134399414063 0.00155258178710937
0.00122261047363281 -0.0234813690185547 -0.0298480987548828 0.00184059143066406
-0.0068206787109375 -0.0192184448242188 -0.0365715026855469 0.01080322265625
-0.0131616592407227 -0.00954723358154297 -0.0176620483398437 0.0202884674072266
-0.0147466659545898 0.00349617004394532 -0.00361156463623047 0.0126523971557617
-0.00719928741455078 0.0112924575805664 -0.00119328498840332 -0.000452160835266113
0.00519466400146484 0.015986442565918 -0.00956344604492188 -0.00472831726074219
0.012359619140625 0.0110454559326172 -0.0196323394775391 0.000366210937500001
0.0121583938598633 0.00849628448486328 -0.0228271484375 0.00526046752929688
0.0142297744750977 0.009124755859375 -0.0250835418701172 0.00531578063964844
0.013880729675293 0.0121488571166992 -0.0246257781982422 -0.00104141235351563
0.00629997253417969 0.0172901153564453 -0.0214176177978516 -0.00690841674804688
-0.00383186340332031 0.0200443267822266 -0.0110502243041992 -0.0112628936767578
-0.0207500457763672 0.00767135620117187 -0.00207901000976563 -0.00641059875488281
-0.0232696533203125 -0.0124416351318359 -0.0177173614501953 0.00676727294921875
-0.0170574188232422 -0.0251007080078125 -0.0452613830566406 -0.00707626342773438
-0.00427627563476562 0.0191612243652344 0.0462646484375 0.0088653564453125
0.0180320739746094 0.0109443664550781 0.02215576171875 0.000579833984375001
0.0117168426513672 -0.00636768341064453 0.00338840484619141 0.00956630706787109
0.00251388549804687 -0.0111312866210938 0.0145378112792969 0.0186290740966797
-0.00292491912841797 -0.0100927352905273 0.02655029296875 0.0120735168457031
-0.0104551315307617 -0.00751209259033203 0.0317821502685547 0.000474929809570312
-0.00742483139038086 -0.00492668151855469 0.0319290161132813 -0.00747489929199219
-0.00487661361694336 -0.00488615036010742 0.0274753570556641 -0.00635528564453125
-0.00535488128662109 -0.0092010498046875 0.0221595764160156 -0.00127410888671875
0.00288581848144531 -0.0105199813842773 0.0152168273925781 0.00522041320800781
0.0125999450683594 -0.00408649444580078 0.00330901145935059 0.00223231315612793
0.0124387741088867 0.00546741485595703 0.00312185287475586 -0.00774717330932617
0.00445270538330078 0.0168437957763672 0.0196552276611328 -0.0162105560302734
-0.00569725036621094 0.0235061645507813 0.0354843139648437 -0.00759506225585937
-0.0181865692138672 0.0215415954589844 0.0248699188232422 0.00521659851074219
-0.0196933746337891 0.0150814056396484 0.0422515869140625 0.0175094604492188
0.00166797637939453 0.0150318145751953 0.0197715759277344 0.00855636596679688
0.00366783142089844 0.00215697288513184 0.00559806823730469 0.0149908065795898
0.00147688388824463 0.00075685977935791 0.0166339874267578 0.0230522155761719
0.00217854976654053 -0.000686764717102051 0.0299625396728516 0.0146045684814453
0.000914335250854492 -0.00349020957946777 0.0352287292480469 0.00098419189453125
0.00472688674926758 -0.00369596481323242 0.0346946716308594 -0.00644874572753906
0.00564765930175781 -0.0030364990234375 0.0274467468261719 -0.0055389404296875
0.00717353820800781 -0.00610494613647461 0.0219860076904297 0.000865936279296875
0.0137948989868164 -0.00293731689453125 0.0147733688354492 0.00711536407470703
0.0161914825439453 0.00702857971191406 0.00154423713684082 0.0043187141418457
0.00971317291259766 0.0171804428100586 0.00109767913818359 -0.00527715682983398
-0.00763702392578125 0.0226879119873047 0.0150871276855469 -0.0149946212768555
-0.0208225250244141 0.0233783721923828 0.0273933410644531 -0.00400352478027344
-0.0328617095947266 0.0177288055419922 0.0155458450317383 0.0102882385253906
-0.033477783203125 0.00800323486328125 0.0320911407470703 0.0237293243408203
-0.0154552459716797 0.0170602798461914 0.0124778747558594 0.0167484283447266
-0.00747299194335938 0.0117053985595703 0.00434494018554687 0.0213298797607422
-0.000125885009765624 0.0146007537841797 0.0174827575683594 0.0272388458251953
0.00707626342773438 0.00991153717041015 0.0289974212646484 0.0166530609130859
0.0122156143188477 0.00300884246826172 0.0345382690429688 0.00188064575195313
0.0156621932983398 -0.00266265869140625 0.0310096740722656 -0.0045928955078125
0.0158052444458008 -0.000972747802734375 0.0231208801269531 -0.00348472595214844
0.0182895660400391 -0.00224876403808594 0.0188579559326172 0.00294113159179688
0.0216770172119141 0.00366401672363281 0.0105791091918945 0.00810718536376953
0.0182685852050781 0.0157184600830078 -0.00196003913879394 0.00425577163696289
0.00785064697265625 0.0257587432861328 -0.0022885799407959 -0.00359106063842773
-0.0142078399658203 0.0261096954345703 0.00955390930175781 -0.0122432708740234
-0.0314579010009766 0.0204734802246094 0.0181407928466797 0.000972747802734376
-0.0423469543457031 0.0117683410644531 0.0024881362915039 0.0141448974609375
-0.0425453186035156 -0.00241470336914062 0.0160884857177734 0.0276355743408203
-0.0314064025878906 0.0132389068603516 0.000268936157226561 0.0237941741943359
-0.0200462341308594 0.0184192657470703 0.000255584716796873 0.0272693634033203
-0.00419998168945312 0.0268363952636719 0.0153636932373047 0.0308589935302734
0.0099029541015625 0.0206718444824219 0.0256290435791016 0.0166301727294922
0.0218353271484375 0.0092315673828125 0.0293407440185547 0.00219535827636719
0.0252475738525391 0.000354766845703125 0.0230331420898437 -0.00180816650390625
0.0233669281005859 0.002471923828125 0.015533447265625 4.19616699218751E-05
0.0263748168945313 0.00184822082519531 0.00981903076171875 0.00520801544189453
0.0265674591064453 0.00913619995117187 0.00405216217041016 0.00838279724121094
0.0191135406494141 0.0221233367919922 -0.00549745559692383 0.00396871566772461
0.00602912902832031 0.0305023193359375 -0.00463628768920898 -0.0037384033203125
-0.0195732116699219 0.0263996124267578 0.00667953491210937 -0.00879573822021484
-0.0370140075683594 0.0164299011230469 0.00963497161865234 0.00715065002441406
-0.0468978881835938 0.00394821166992187 -0.0112848281860352 0.0160455703735352
-0.0441703796386719 -0.0124588012695313 -0.000877380371093754 0.0267219543457031
-0.0408973693847656 0.00701522827148437 -0.0145549774169922 0.0265560150146484
-0.0289154052734375 0.0199356079101563 -0.0067596435546875 0.0310153961181641
-0.00942420959472656 0.0327568054199219 0.00942230224609375 0.030029296875
0.00987434387207031 0.0278530120849609 0.0179920196533203 0.0146923065185547
0.0266170501708984 0.0151081085205078 0.0201015472412109 0.00252151489257813
0.0303993225097656 0.00299453735351563 0.0112533569335938 0.000494956970214844
0.0272006988525391 0.00464248657226563 0.00455045700073242 0.00266599655151367
0.0303916931152344 0.00408172607421875 0.00122880935668946 0.00611448287963867
0.0285720825195313 0.0118751525878906 -0.00290584564208984 0.00671577453613281
0.0183506011962891 0.0252647399902344 -0.0096750259399414 0.00248527526855469
0.00313568115234375 0.032501220703125 -0.00631809234619141 -0.00395345687866211
-0.0230350494384766 0.0244007110595703 0.00407314300537109 -0.00629663467407226
-0.0390052795410156 0.00972747802734374 0.0013132095336914 0.011845588684082
-0.0468215942382813 -0.00324249267578126 -0.0238323211669922 0.0151824951171875
-0.0367927551269531 -0.0196685791015625 -0.0179843902587891 0.021392822265625
-0.0397872924804688 -0.00340652465820313 -0.0279541015625 0.0246906280517578
-0.0314903259277344 0.01416015625 -0.0123157501220703 0.0303554534912109
-0.0152988433837891 0.0309467315673828 0.00321197509765625 0.0256748199462891
0.00583839416503906 0.0296134948730469 0.0101709365844727 0.0105514526367188
0.0252704620361328 0.0193824768066406 0.00852584838867188 0.000913619995117189
0.02911376953125 0.00575828552246094 -0.0010073184967041 0.00229787826538086
0.0265522003173828 0.00584793090820313 -0.00664758682250976 0.00510025024414062
0.0302295684814453 0.00627517700195312 -0.0095987319946289 0.00747871398925781
0.0272178649902344 0.0143108367919922 -0.0116968154907227 0.00507164001464844
0.0163002014160156 0.0254154205322266 -0.0146617889404297 -0.000372886657714843
0.000276565551757815 0.0320148468017578 -0.00719356536865234 -0.0058293342590332
-0.025054931640625 0.0203456878662109 0.00329208374023437 -0.00478601455688477
-0.0384025573730469 0.00332260131835937 -0.00570297241210938 0.0147571563720703
-0.0426292419433594 -0.011932373046875 -0.0355911254882813 0.0115242004394531
-0.0213756561279297 -0.0244293212890625 -0.0275344848632813 0.0141944885253906
-0.0280818939208984 -0.0132713317871094 -0.0363311767578125 0.0198249816894531
-0.0273895263671875 0.00319671630859375 -0.0173473358154297 0.0264396667480469
-0.0173797607421875 0.020965576171875 -0.00143051147460938 0.0198764801025391
0.000234603881835939 0.0243453979492188 0.00290727615356445 0.00491857528686524
0.0185451507568359 0.0195217132568359 -0.00349187850952148 -0.00185322761535644
0.0244426727294922 0.00821685791015625 -0.0125274658203125 0.00307178497314453
0.0221233367919922 0.00692176818847656 -0.016270637512207 0.00622749328613281
0.0249271392822266 0.00722503662109375 -0.0191097259521484 0.0078277587890625
0.0235462188720703 0.0131950378417969 -0.0198783874511719 0.00306129455566407
0.0136775970458984 0.0228309631347656 -0.0189990997314453 -0.00370597839355468
-0.000381469726562498 0.0284042358398437 -0.00867319107055664 -0.00844144821166992
-0.0244274139404297 0.0170707702636719 0.000627517700195311 -0.00534391403198242
-0.0344734191894531 -0.00369644165039062 -0.0122718811035156 0.0136337280273438
-0.0336036682128906 -0.0187873840332031 -0.0435943603515625 0.00439834594726563
-0.0023193359375 -0.0251693725585938 -0.0319747924804687 0.00431632995605469
-0.0116539001464844 -0.0187053680419922 -0.037872314453125 0.0150222778320313
-0.0157756805419922 -0.00832080841064453 -0.0169315338134766 0.0220527648925781
-0.0167293548583984 0.00763130187988281 -0.00378036499023438 0.0130615234375
-0.00513076782226562 0.014286994934082 -0.00243568420410156 0.000320911407470704
0.00837516784667969 0.0153312683105469 -0.0113191604614258 -0.00380611419677734
0.0143260955810547 0.00910568237304688 -0.0210895538330078 0.00200080871582031
0.013606071472168 0.00704669952392578 -0.0245780944824219 0.0074462890625
0.0162601470947266 0.00752449035644531 -0.0267963409423828 0.00755500793457032
0.0162353515625 0.0102415084838867 -0.0259284973144531 0.00110244750976563
0.00934219360351563 0.0174121856689453 -0.0232372283935547 -0.00674247741699219
-0.00134086608886719 0.02178955078125 -0.0114355087280273 -0.0112409591674805
-0.0208415985107422 0.0106048583984375 -0.0021824836730957 -0.0072021484375
-0.0268192291259766 -0.00982093811035156 -0.0186100006103516 0.00838851928710937
-0.0208663940429688 -0.0237903594970703 -0.048858642578125 -0.00417709350585938
-0.00145149230957031 0.0198383331298828 0.0470008850097656 0.00460052490234375
0.0204124450683594 0.00856781005859375 0.0219211578369141 -0.00230216979980469
0.00867557525634766 -0.0101137161254883 0.00495386123657227 0.00841760635375977
-0.00103664398193359 -0.0113296508789063 0.0159149169921875 0.0193614959716797
-0.00460243225097656 -0.00952911376953125 0.0281047821044922 0.0102519989013672
-0.0110769271850586 -0.00531578063964844 0.0346832275390625 -0.00422096252441406
-0.00964164733886719 -0.0035409927368164 0.0326461791992188 -0.0115909576416016
-0.00465869903564453 -0.0027313232421875 0.0271472930908203 -0.0103645324707031
-0.00671195983886719 -0.00644636154174805 0.0232295989990234 -0.00486946105957031
0.000727653503417969 -0.010594367980957 0.0170145034790039 0.00263786315917969
0.0111608505249023 -0.00613689422607422 0.00529766082763672 0.00157833099365234
0.0126857757568359 0.00240993499755859 0.00411605834960938 -0.00923347473144531
0.00739002227783203 0.0167694091796875 0.0184478759765625 -0.0181617736816406
-0.0012359619140625 0.0245819091796875 0.0343360900878906 -0.0111598968505859
-0.0144615173339844 0.0238914489746094 0.0271625518798828 0.00149345397949219
-0.0175457000732422 0.0154705047607422 0.0446701049804688 0.0134735107421875
0.00288486480712891 0.0144357681274414 0.0206756591796875 0.00667572021484375
0.00272583961486816 0.00116944313049316 0.00729751586914062 0.0150671005249023
0.00153899192810059 0.00103962421417236 0.020263671875 0.0224590301513672
0.00301218032836914 0.000248193740844727 0.0313949584960938 0.0123291015625
3.40938568115235E-05 -0.00170350074768066 0.0371170043945313 -0.00297927856445313
0.00494956970214844 -0.00350713729858398 0.0339584350585938 -0.0105915069580078
0.00519609451293945 -0.00313949584960937 0.0275554656982422 -0.009979248046875
0.00643444061279297 -0.0063624382019043 0.0222835540771484 -0.00156402587890625
0.0132417678833008 -0.00368404388427734 0.0168771743774414 0.00495719909667969
0.0160751342773438 0.00581455230712891 0.00459766387939453 0.00322532653808594
0.0121173858642578 0.0159454345703125 0.00211524963378906 -0.00508499145507813
-0.00450515747070312 0.0223712921142578 0.0145778656005859 -0.0150680541992187
-0.0196266174316406 0.0263252258300781 0.0289497375488281 -0.00640869140625
-0.0301837921142578 0.020416259765625 0.0185756683349609 0.00852584838867188
-0.0330657958984375 0.0113468170166016 0.0361709594726563 0.0210952758789063
-0.0157995223999023 0.0175075531005859 0.0136318206787109 0.0152559280395508
-0.00732707977294922 0.0130901336669922 0.00570869445800781 0.0198459625244141
-0.000356674194335938 0.0146064758300781 0.0204238891601563 0.0264644622802734
0.00771331787109375 0.009063720703125 0.0317726135253906 0.0128288269042969
0.0130786895751953 0.00255012512207031 0.0346851348876953 -0.0031585693359375
0.0167512893676758 -0.00366783142089844 0.0329360961914063 -0.00715065002441406
0.0159721374511719 -0.00353240966796875 0.0231857299804688 -0.00728607177734375
0.0179996490478516 -0.00525665283203125 0.0186672210693359 -0.00166511535644531
0.022247314453125 0.00135421752929688 0.0110225677490234 0.00469207763671875
0.0214710235595703 0.0149612426757813 0.000335693359375001 0.00405383110046387
0.0112380981445313 0.0260066986083984 -0.00162458419799805 -0.0050048828125
-0.0118122100830078 0.0280590057373047 0.0102624893188477 -0.0137701034545898
-0.0304222106933594 0.0248546600341797 0.0195541381835937 -0.00183296203613281
-0.0417556762695313 0.0173797607421875 0.0047159194946289 0.0135574340820313
-0.0449867248535156 0.00168991088867188 0.0215702056884766 0.0265312194824219
-0.0319862365722656 0.0171051025390625 0.00303268432617187 0.0227127075195313
-0.0191764831542969 0.0224361419677734 0.00159645080566406 0.0266380310058594
-0.00115966796875 0.0277481079101563 0.0178089141845703 0.0289211273193359
0.0132312774658203 0.0193328857421875 0.0281162261962891 0.0141010284423828
0.0236949920654297 0.00854873657226563 0.0296230316162109 -0.00166511535644531
0.0261974334716797 -0.00241470336914063 0.0232677459716797 -0.00595283508300781
0.0259037017822266 -0.00163841247558594 0.0146713256835938 -0.00273418426513672
0.0286293029785156 -0.000757217407226563 0.00946044921875 0.00217151641845703
0.0291519165039063 0.00603485107421875 0.00617265701293946 0.00627946853637695
0.0231285095214844 0.0204963684082031 -0.00385427474975586 0.00197339057922363
0.0103836059570313 0.0309658050537109 -0.00371694564819336 -0.00275921821594238
-0.0173683166503906 0.0296115875244141 0.00559043884277344 -0.01055908203125
-0.0368156433105469 0.0197868347167969 0.0111045837402344 0.00530815124511719
-0.0482559204101563 0.0104255676269531 -0.00824165344238281 0.0162267684936523
-0.0475578308105469 -0.00746917724609374 0.00391769409179688 0.0268154144287109
-0.0415229797363281 0.0104331970214844 -0.0128307342529297 0.0281429290771484
-0.0283470153808594 0.0243568420410156 -0.00415611267089844 0.0301322937011719
-0.00598526000976563 0.0358505249023438 0.0116729736328125 0.0293674468994141
0.0142536163330078 0.0286407470703125 0.0188503265380859 0.0132999420166016
0.0285625457763672 0.0132808685302734 0.0193157196044922 -0.000541687011718749
0.0312271118164063 -4.38690185546875E-05 0.0108909606933594 -0.00205612182617188
0.0289649963378906 0.00246047973632813 0.00522613525390625 0.00136470794677734
0.0328159332275391 -0.000345230102539063 0.00165128707885742 0.00529670715332031
0.03131103515625 0.00870323181152344 -0.00277376174926758 0.0047755241394043
0.0226955413818359 0.0245399475097656 -0.0099344253540039 0.00293922424316406
0.00834465026855469 0.0322818756103516 -0.00494098663330078 -0.00457000732421875
-0.021484375 0.0284500122070312 0.00592994689941406 -0.00793027877807617
-0.0392494201660156 0.0154495239257813 0.00318717956542968 0.0109634399414063
-0.0487213134765625 0.00223922729492188 -0.0210170745849609 0.0170516967773438
-0.0399551391601563 -0.0153846740722656 -0.0160541534423828 0.0229244232177734
-0.0423355102539063 0.00202560424804688 -0.0260639190673828 0.0282382965087891
-0.0324268341064453 0.0181674957275391 -0.0101585388183594 0.0309944152832031
-0.0112934112548828 0.0341892242431641 0.00443267822265625 0.0254001617431641
0.00989723205566406 0.0301895141601562 0.0100831985473633 0.00910282135009766
0.0302066802978516 0.0163993835449219 0.00864839553833008 -0.00141525268554687
0.0308647155761719 0.00132179260253906 -0.000835418701171873 0.00150060653686523
0.0284690856933594 0.00257492065429688 -0.00652790069580078 0.0042719841003418
0.0334796905517578 0.003448486328125 -0.0108518600463867 0.0060434341430664
0.0298099517822266 0.0102882385253906 -0.013214111328125 0.00531101226806641
0.0203437805175781 0.02435302734375 -0.014338493347168 -0.000373840332031248
0.00605392456054687 0.0340938568115234 -0.00771474838256836 -0.00649166107177734
-0.0233421325683594 0.0251731872558594 0.00344038009643555 -0.00623750686645508
-0.041168212890625 0.00873947143554687 -0.0038900375366211 0.0169639587402344
-0.0462760925292969 -0.00553512573242187 -0.0344944000244141 0.0162296295166016
-0.0256748199462891 -0.0230369567871094 -0.0284004211425781 0.0180320739746094
-0.0331840515136719 -0.00951194763183594 -0.0348472595214844 0.0245914459228516
-0.0283584594726563 0.00754356384277344 -0.0138072967529297 0.0257587432861328
-0.0139122009277344 0.0260334014892578 0.000198364257812501 0.0204505920410156
0.00454330444335937 0.0254554748535156 0.00302934646606445 0.00578880310058594
0.0203208923339844 0.0162277221679688 -0.00283098220825195 -0.00111031532287598
0.0269241333007812 0.00430488586425781 -0.0115022659301758 0.00393009185791015
0.0247726440429688 0.00492286682128906 -0.0167837142944336 0.00948524475097656
0.0280055999755859 0.00349617004394531 -0.0209064483642578 0.00990867614746094
0.0252742767333984 0.0126895904541016 -0.0194969177246094 0.00322723388671875
0.0185451507568359 0.0207633972167969 -0.0203571319580078 -0.00186729431152344
0.00366783142089844 0.0289802551269531 -0.0099945068359375 -0.00738048553466797
-0.0231819152832031 0.0187721252441406 0.000146389007568359 -0.00725460052490234
-0.0363197326660156 0.00197219848632813 -0.0125789642333984 0.013916015625
-0.0376701354980469 -0.0141410827636719 -0.04547119140625 0.00820541381835938
-0.00637054443359375 -0.0235919952392578 -0.0317268371582031 0.0100860595703125
-0.0153465270996094 -0.0173683166503906 -0.0373611450195313 0.0159950256347656
-0.018280029296875 -0.00541877746582031 -0.0167083740234375 0.0233936309814453
-0.0151910781860352 0.0110654830932617 -0.00359249114990234 0.0139551162719727
-0.00218296051025391 0.0143156051635742 -0.00426292419433594 0.000163316726684572
0.00992679595947266 0.0147571563720703 -0.0120840072631836 -0.00273418426513672
0.0166654586791992 0.00673866271972656 -0.0221061706542969 0.00554656982421875
0.0146293640136719 0.00498485565185547 -0.0249156951904297 0.00896835327148437
0.0180549621582031 0.00372314453125 -0.0256862640380859 0.0110054016113281
0.0198936462402344 0.00859451293945313 -0.0285148620605469 0.0020751953125
0.0122547149658203 0.0180263519287109 -0.0243816375732422 -0.00364303588867187
0.00120735168457031 0.0225086212158203 -0.0132160186767578 -0.0118179321289062
-0.019989013671875 0.0121383666992188 -0.00286722183227539 -0.00770807266235351
-0.0283279418945313 -0.00593757629394531 -0.0174627304077148 0.0106382369995117
-0.0245933532714844 -0.0221958160400391 -0.0514030456542969 0.000968933105468749
0.000865936279296876 0.0183525085449219 0.0488815307617188 -0.000583648681640624
0.0178775787353516 0.00545883178710938 0.0208377838134766 -0.00462722778320313
0.00896835327148438 -0.0100107192993164 0.00446605682373047 0.00904369354248047
-0.000329017639160157 -0.0105552673339844 0.0170354843139648 0.0172662734985352
-0.00562381744384765 -0.00832986831665039 0.0305118560791016 0.00714683532714844
-0.0114507675170898 -0.00337696075439453 0.0339145660400391 -0.00593185424804688
-0.0081028938293457 -0.00221681594848633 0.0315799713134766 -0.0155735015869141
-0.00641202926635742 -0.00264739990234375 0.0266551971435547 -0.0136356353759766
-0.00753545761108399 -0.00599908828735351 0.0227279663085938 -0.00761222839355469
-0.000804901123046876 -0.00976276397705078 0.0171213150024414 0.000177383422851562
0.00958538055419922 -0.00685691833496094 0.0059809684753418 0.000353336334228515
0.0113058090209961 0.00186443328857422 0.00455999374389649 -0.00820732116699219
0.00887870788574219 0.0143117904663086 0.0176849365234375 -0.0177173614501953
0.00060462951660156 0.0222339630126953 0.0340042114257812 -0.0144557952880859
-0.0113353729248047 0.0239505767822266 0.0281085968017578 -0.00152778625488281
-0.0175018310546875 0.0166540145874023 0.0467605590820313 0.0090789794921875
0.00301742553710937 0.0129270553588867 0.0203990936279297 0.0028076171875
0.00195157527923584 0.0014796257019043 0.00623703002929687 0.0134077072143555
0.00101172924041748 0.000992238521575928 0.0206851959228516 0.0203685760498047
0.0011293888092041 0.000242233276367188 0.0333995819091797 0.00964927673339844
0.00118649005889893 -0.00111007690429688 0.0355148315429688 -0.00595474243164063
0.0042870044708252 -0.00400733947753906 0.0332622528076172 -0.0148658752441406
0.00598716735839844 -0.00377273559570312 0.0267314910888672 -0.0129985809326172
0.0059514045715332 -0.00577688217163086 0.0225601196289063 -0.00620269775390625
0.0120487213134766 -0.00426578521728516 0.0177783966064453 0.00147247314453125
0.0164937973022461 0.0036468505859375 0.00519657135009766 0.00199508666992188
0.0127019882202148 0.0154256820678711 0.00331020355224609 -0.0053863525390625
-0.00219345092773438 0.0229892730712891 0.0135297775268555 -0.0160140991210938
-0.0158252716064453 0.0260429382324219 0.0274429321289063 -0.00948715209960938
-0.0272941589355469 0.0229949951171875 0.0203571319580078 0.00524711608886719
-0.0333271026611328 0.0135345458984375 0.0374984741210937 0.0167045593261719
-0.0141372680664062 0.0190753936767578 0.0148868560791016 0.0130739212036133
-0.00748157501220703 0.0132322311401367 0.0067901611328125 0.0191879272460938
0.00202560424804687 0.0152807235717773 0.0217647552490234 0.0241756439208984
0.00896072387695313 0.0095367431640625 0.0320682525634766 0.0109367370605469
0.0137081146240234 0.00269126892089844 0.0347805023193359 -0.00597763061523437
0.0167312622070313 -0.00479316711425781 0.0302333831787109 -0.0118885040283203
0.0164852142333984 -0.00372314453125 0.0227527618408203 -0.0100326538085937
0.0184059143066406 -0.00516319274902344 0.0185413360595703 -0.00307464599609375
0.0230751037597656 0.000135421752929687 0.0132713317871094 0.00336360931396484
0.0212535858154297 0.0125255584716797 0.00221824645996094 0.00212168693542481
0.0131378173828125 0.0238132476806641 0.00042247772216797 -0.00480842590332031
-0.00949478149414063 0.0288505554199219 0.00914478302001953 -0.0141000747680664
-0.0278282165527344 0.0274562835693359 0.0198040008544922 -0.00308609008789062
-0.0393753051757812 0.0200386047363281 0.00965595245361328 0.0110683441162109
-0.0458869934082031 0.00601577758789063 0.0233898162841797 0.0233821868896484
-0.0299034118652344 0.0202522277832031 0.00459098815917968 0.0211563110351563
-0.0179843902587891 0.0239963531494141 0.00351142883300781 0.0257396697998047
0.000545501708984378 0.0285987854003906 0.0191154479980469 0.0276622772216797
0.0153217315673828 0.0199413299560547 0.0281944274902344 0.0111808776855469
0.0243206024169922 0.00601768493652344 0.0288925170898438 -0.00444793701171875
0.0262088775634766 -0.00415611267089844 0.0232620239257813 -0.00823020935058594
0.0243511199951172 -0.00400543212890625 0.0148754119873047 -0.00539112091064453
0.0280628204345703 -0.00473785400390625 0.0105915069580078 6.1988830566406E-05
0.0295543670654297 0.00417709350585938 0.00637960433959961 0.00388240814208984
0.0245113372802734 0.0191879272460938 -0.00296521186828613 0.00240206718444824
0.0125637054443359 0.0307807922363281 -0.00137972831726074 -0.00382781028747558
-0.0152873992919922 0.0312175750732422 0.006591796875 -0.0098123550415039
-0.0350532531738281 0.0251483917236328 0.0117311477661133 0.00318527221679688
-0.0462417602539063 0.01409912109375 -0.00512123107910156 0.0154619216918945
-0.0497055053710938 -0.00260925292968749 0.00487518310546874 0.0268707275390625
-0.0413055419921875 0.0161590576171875 -0.00984954833984376 0.0270652770996094
-0.028106689453125 0.0262813568115234 -0.00314903259277344 0.0292282104492188
-0.0027618408203125 0.0364532470703125 0.0137653350830078 0.028411865234375
0.0169391632080078 0.0264892578125 0.0202541351318359 0.0112266540527344
0.030303955078125 0.0105781555175781 0.0192852020263672 -0.00245475769042969
0.0314559936523438 -0.00396347045898438 0.0118684768676758 -0.00290203094482422
0.029083251953125 -0.00208091735839844 0.00482797622680664 -0.000430107116699219
0.0325756072998047 -0.00248527526855469 0.000315666198730471 0.00364184379577637
0.0333023071289063 0.00581550598144531 -0.00209403038024902 0.004150390625
0.0254077911376953 0.0220737457275391 -0.00828409194946289 0.0012054443359375
0.0112133026123047 0.0329322814941406 -0.00458860397338867 -0.00530242919921875
-0.0188388824462891 0.0306587219238281 0.00412559509277344 -0.00823497772216797
-0.0394515991210937 0.0204124450683594 0.00551414489746093 0.00967884063720703
-0.0481605529785156 0.0067596435546875 -0.0183467864990234 0.0169124603271484
-0.0439567565917969 -0.012054443359375 -0.0132331848144531 0.0250053405761719
-0.0431976318359375 0.00631332397460938 -0.0227909088134766 0.0281333923339844
-0.0318679809570313 0.0219802856445313 -0.00881004333496094 0.030364990234375
-0.00830459594726563 0.0366554260253906 0.006744384765625 0.0248317718505859
0.0135478973388672 0.0294094085693359 0.0112800598144531 0.00845623016357422
0.0302867889404297 0.0130519866943359 0.00756740570068359 -0.00157546997070312
0.0314750671386719 -0.00213432312011719 -0.00033450126647949 0.00168895721435547
0.0287990570068359 -0.00084686279296875 -0.0065765380859375 0.0053863525390625
0.0319652557373047 -0.00131034851074219 -0.00951957702636718 0.00753116607666016
0.0321483612060547 0.00655937194824219 -0.0115871429443359 0.00485038757324219
0.0232448577880859 0.0218086242675781 -0.0144977569580078 -0.000514984130859376
0.0086822509765625 0.0323486328125 -0.00740814208984375 -0.00639772415161133
-0.0215988159179687 0.0270786285400391 0.00289630889892578 -0.00683832168579101
-0.0391578674316406 0.0132637023925781 -0.00176429748535156 0.0146350860595703
-0.0462760925292969 -0.00198364257812499 -0.0312347412109375 0.0155563354492188
-0.0291538238525391 -0.0190773010253906 -0.0254173278808594 0.0197563171386719
-0.0329723358154297 -0.00504684448242188 -0.0325355529785156 0.0262794494628906
-0.0284786224365234 0.0106258392333984 -0.0128974914550781 0.0274562835693359
-0.0125408172607422 0.0271434783935547 9.15527343750004E-05 0.019744873046875
0.0069122314453125 0.0246524810791016 0.0015568733215332 0.00482845306396485
0.0240745544433594 0.0143852233886719 -0.0040431022644043 -0.000159502029418944
0.0267105102539063 0.000680923461914063 -0.0114927291870117 0.00597286224365234
0.0240211486816406 0.00151634216308594 -0.0160560607910156 0.0106000900268555
0.0275344848632813 -0.000299453735351563 -0.0194492340087891 0.0101795196533203
0.0274276733398438 0.0068511962890625 -0.0203628540039063 0.00504875183105469
0.0200347900390625 0.0194950103759766 -0.02032470703125 -0.00265312194824218
0.0068359375 0.0283031463623047 -0.0101690292358398 -0.00805568695068359
-0.0208663940429688 0.0224552154541016 0.000933170318603515 -0.00646257400512695
-0.0367050170898437 0.00592803955078126 -0.00952053070068359 0.0154638290405273
-0.0388031005859375 -0.0108680725097656 -0.0416145324707031 0.0107345581054688
-0.0100803375244141 -0.0231819152832031 -0.0317878723144531 0.0118637084960938
-0.0172824859619141 -0.0146980285644531 -0.03607177734375 0.0208702087402344
-0.0199604034423828 -0.00266265869140625 -0.0145931243896484 0.0234012603759766
-0.0141029357910156 0.0125398635864258 -0.00343608856201172 0.0128259658813477
-0.000580787658691405 0.0155696868896484 -0.00360751152038574 0.00109410285949707
0.0127401351928711 0.0117225646972656 -0.0139656066894531 -0.000432014465332031
0.016942024230957 0.00425529479980469 -0.0213088989257813 0.00795364379882813
0.0153045654296875 0.00177669525146484 -0.0228862762451172 0.0135383605957031
0.0188274383544922 0.00146675109863281 -0.0267562866210938 0.0130500793457031
0.0191516876220703 0.00562286376953125 -0.0277938842773437 0.00469207763671875
0.0140037536621094 0.014617919921875 -0.0252628326416016 -0.00388717651367187
0.00405311584472656 0.0215320587158203 -0.0137939453125 -0.0110197067260742
-0.0177993774414063 0.0159568786621094 -0.00209283828735352 -0.00803518295288086
-0.0289306640625 -0.00213813781738281 -0.0157489776611328 0.0122737884521484
-0.0273590087890625 -0.017181396484375 -0.049713134765625 0.00360488891601562
0.00189018249511719 0.0168399810791016 0.0470237731933594 -0.00265121459960937
0.0174293518066406 0.00384521484375 0.0194664001464844 -0.00606918334960938
0.00745105743408203 -0.0101776123046875 0.00424289703369141 0.00839567184448242
-0.00151252746582031 -0.0105142593383789 0.0176525115966797 0.0164699554443359
-0.0062718391418457 -0.0070343017578125 0.0303096771240234 0.00602149963378906
-0.0111799240112305 -0.00184059143066406 0.0333118438720703 -0.0077667236328125
-0.00733089447021484 -0.00132513046264648 0.0300998687744141 -0.0168476104736328
-0.00547266006469727 -0.00246191024780273 0.0249271392822266 -0.0155143737792969
-0.00756978988647461 -0.00470876693725586 0.0219669342041016 -0.0096588134765625
-0.00125503540039062 -0.00875711441040039 0.0170698165893555 -0.00215244293212891
0.00788974761962891 -0.00749397277832031 0.00730419158935547 -0.000967502593994141
0.0115518569946289 0.000361442565917969 0.00551748275756836 -0.0079798698425293
0.00922203063964844 0.012263298034668 0.0167980194091797 -0.0182743072509766
0.00273895263671875 0.0214118957519531 0.032501220703125 -0.0160198211669922
-0.00884628295898438 0.0230369567871094 0.0279445648193359 -0.00393867492675781
-0.0156650543212891 0.017390251159668 0.0458450317382813 0.00566482543945313
0.00334262847900391 0.0119285583496094 0.0194778442382813 0.00148200988769531
0.00113928318023682 0.00150859355926514 0.00675392150878906 0.0125694274902344
0.000900149345397949 0.00176286697387695 0.020904541015625 0.0190906524658203
0.00130343437194824 0.000644803047180176 0.0327224731445313 0.00714683532714844
0.00059431791305542 -0.000364482402801514 0.0353775024414063 -0.00833511352539063
0.00463056564331055 -0.00365924835205078 0.0311927795410156 -0.0171356201171875
0.00595331192016601 -0.00394439697265625 0.0248661041259766 -0.0151710510253906
0.00564146041870117 -0.00583076477050781 0.0215263366699219 -0.0084991455078125
0.0116024017333984 -0.00462913513183594 0.0176467895507813 -0.000864028930664063
0.0156450271606445 0.00261211395263672 0.00624418258666992 0.000292778015136719
0.0124807357788086 0.013545036315918 0.00393104553222656 -0.00591516494750976
-0.001251220703125 0.0217552185058594 0.0132341384887695 -0.0156631469726563
-0.0132617950439453 0.0258522033691406 0.0267906188964844 -0.0108604431152344
-0.0248069763183594 0.0231609344482422 0.0214748382568359 0.00289154052734375
-0.0321922302246094 0.0148754119873047 0.0377349853515625 0.0141525268554688
-0.0130748748779297 0.0193805694580078 0.0149526596069336 0.0104541778564453
-0.00688266754150391 0.0145063400268555 0.00624656677246094 0.0184669494628906
0.00292587280273437 0.0156002044677734 0.0218296051025391 0.0227336883544922
0.00953960418701172 0.0095510482788086 0.0321846008300781 0.0087890625
0.0137462615966797 0.00139141082763672 0.0338630676269531 -0.00777626037597656
0.0154943466186523 -0.00554466247558594 0.0283966064453125 -0.0146560668945313
0.0164737701416016 -0.00487613677978516 0.0211582183837891 -0.0124988555908203
0.0181484222412109 -0.00642013549804687 0.0175561904907227 -0.00558185577392578
0.0223445892333984 -0.000566482543945313 0.0134754180908203 0.000634193420410156
0.02191162109375 0.0112972259521484 0.00303435325622559 0.00133752822875977
0.0139331817626953 0.0227985382080078 0.00162315368652344 -0.00465631484985351
-0.00816917419433594 0.0284900665283203 0.00943183898925781 -0.0136070251464844
-0.0253620147705078 0.0276718139648437 0.0196590423583984 -0.00502204895019531
-0.0372505187988281 0.0210151672363281 0.0108890533447266 0.00913524627685547
-0.0443611145019531 0.00854492187499999 0.0239353179931641 0.0208053588867187
-0.0293369293212891 0.0218677520751953 0.00571441650390625 0.0197124481201172
-0.0167331695556641 0.0244865417480469 0.00375747680664062 0.0241470336914063
0.00251388549804687 0.0284366607666016 0.0195465087890625 0.0255756378173828
0.0160427093505859 0.0190830230712891 0.0275897979736328 0.0099639892578125
0.0247020721435547 0.00439643859863281 0.0280494689941406 -0.00587654113769531
0.0253124237060547 -0.00647354125976563 0.0212554931640625 -0.00987815856933594
0.0247955322265625 -0.00529289245605469 0.0137186050415039 -0.00722694396972656
0.0273952484130859 -0.00657081604003906 0.009796142578125 -0.00152683258056641
0.0293159484863281 0.00155258178710937 0.00652265548706055 0.00223588943481445
0.0259342193603516 0.0163211822509766 -0.00213336944580078 0.000677943229675294
0.0149574279785156 0.0285987854003906 -0.00109338760375976 -0.00447511672973633
-0.0128765106201172 0.0315799713134766 0.00633335113525391 -0.011164665222168
-0.0333194732666016 0.0272026062011719 0.0126667022705078 0.00228118896484375
-0.0445060729980469 0.0165596008300781 -0.00224494934082032 0.0137090682983398
-0.0487403869628906 0.000148773193359365 0.00622367858886719 0.0253715515136719
-0.0398101806640625 0.0183029174804688 -0.00782012939453125 0.0257987976074219
-0.0259304046630859 0.0285758972167969 -0.00165748596191407 0.0279617309570313
-0.000633239746093751 0.0369606018066406 0.014373779296875 0.0266761779785156
0.0182533264160156 0.0259342193603516 0.0197963714599609 0.0096435546875
0.0311298370361328 0.00777816772460938 0.0181903839111328 -0.00382614135742187
0.0305442810058594 -0.00638008117675781 0.0109472274780273 -0.00401210784912109
0.0292701721191406 -0.00469207763671875 0.00402665138244629 -0.000625848770141602
0.0317726135253906 -0.00531196594238281 0.000514507293701174 0.00286483764648437
0.0333919525146484 0.003082275390625 -0.00230169296264648 0.00349879264831543
0.0264492034912109 0.0198707580566406 -0.00809335708618164 0.000226974487304688
0.0135631561279297 0.0314979553222656 -0.00415372848510742 -0.00560808181762695
-0.0163860321044922 0.0316562652587891 0.0044708251953125 -0.008941650390625
-0.0369606018066406 0.0227813720703125 0.00647449493408203 0.00861692428588867
-0.0471305847167969 0.0100669860839844 -0.0155324935913086 0.0162563323974609
-0.0437583923339844 -0.00913238525390625 -0.0107612609863281 0.0242958068847656
-0.0417709350585938 0.00980377197265625 -0.0205669403076172 0.0279483795166016
-0.0302314758300781 0.0240058898925781 -0.00778770446777344 0.0285053253173828
-0.00586318969726562 0.03656005859375 0.00720596313476562 0.0235939025878906
0.0157833099365234 0.0278072357177734 0.00992107391357422 0.00772857666015625
0.0310249328613281 0.0108451843261719 0.0062098503112793 -0.0017094612121582
0.0308303833007813 -0.004119873046875 -0.000930547714233397 0.00179612636566162
0.0284423828125 -0.00369071960449219 -0.0058140754699707 0.00520515441894531
0.0319576263427734 -0.00374794006347656 -0.00959682464599609 0.00730228424072266
0.0323009490966797 0.00409698486328125 -0.011866569519043 0.00463104248046875
0.0250568389892578 0.0196895599365234 -0.0144357681274414 -0.000647544860839841
0.0113601684570313 0.0307579040527344 -0.00698041915893555 -0.00675249099731445
-0.0189399719238281 0.0283565521240234 0.00305938720703125 -0.00732851028442383
-0.0383186340332031 0.01641845703125 -0.000853538513183596 0.0128850936889648
-0.0448112487792969 0.00164031982421875 -0.0286903381347656 0.0160427093505859
-0.0297946929931641 -0.0168628692626953 -0.0238075256347656 0.0209064483642578
-0.03363037109375 -0.00189971923828125 -0.0302448272705078 0.0261688232421875
-0.0280361175537109 0.012451171875 -0.0128707885742188 0.0262470245361328
-0.00984764099121094 0.0276107788085938 0.000396728515625001 0.0186614990234375
0.00892066955566406 0.0238590240478516 0.000880241394042969 0.00442600250244141
0.0248394012451172 0.0118618011474609 -0.0043637752532959 -2.8848648071289E-05
0.0260162353515625 -0.00127792358398438 -0.0114011764526367 0.00611972808837891
0.0235557556152344 -0.00185394287109375 -0.0149927139282227 0.0106773376464844
0.0266342163085938 -0.0024566650390625 -0.0185070037841797 0.0109519958496094
0.0273513793945312 0.00379753112792969 -0.0204410552978516 0.00512123107910156
0.021148681640625 0.0172233581542969 -0.0196514129638672 -0.00225830078125
0.00913047790527344 0.0267658233642578 -0.0108680725097656 -0.00865650177001953
-0.0188865661621094 0.0234928131103516 0.000365257263183593 -0.00706243515014648
-0.0351333618164063 0.00868034362792968 -0.007537841796875 0.0144538879394531
-0.0383377075195313 -0.00717544555664062 -0.0392913818359375 0.0120315551757813
-0.0113620758056641 -0.0215435028076172 -0.0308589935302734 0.0141029357910156
-0.0186767578125 -0.0127944946289062 -0.0332317352294922 0.0212421417236328
-0.0191268920898438 -0.000850677490234372 -0.0137882232666016 0.0224781036376953
-0.0118293762207031 0.0133810043334961 -0.00335121154785156 0.0128908157348633
0.000877380371093749 0.0152997970581055 -0.00472497940063476 0.00100088119506836
0.0137958526611328 0.0101394653320313 -0.0136642456054687 0.000543594360351564
0.0167322158813477 0.00195407867431641 -0.0200099945068359 0.00919532775878906
0.0155258178710938 0.000674247741699219 -0.0218143463134766 0.0146255493164063
0.0177364349365234 -0.0003814697265625 -0.0253314971923828 0.0139560699462891
0.0192680358886719 0.0031585693359375 -0.0273857116699219 0.00563812255859375
0.0150947570800781 0.0128326416015625 -0.0252895355224609 -0.00323867797851562
0.00614547729492187 0.0203666687011719 -0.0142107009887695 -0.0105447769165039
-0.0160560607910156 0.0165119171142578 -0.00324583053588867 -0.00816202163696289
-0.0281715393066406 0.000732421875000002 -0.0137300491333008 0.0123128890991211
-0.0265903472900391 -0.0147304534912109 -0.0473098754882813 0.00579071044921874
0.00218391418457031 0.0156278610229492 0.0463447570800781 -0.00321197509765625
0.0164117813110352 0.00265312194824219 0.0185604095458984 -0.0060577392578125
0.00599193572998047 -0.00979423522949219 0.00377225875854492 0.00815677642822266
-0.00224971771240234 -0.00991535186767578 0.0175638198852539 0.0157184600830078
-0.00647306442260742 -0.00637960433959961 0.0300426483154297 0.00592803955078125
-0.01080322265625 -0.000949859619140623 0.0333404541015625 -0.00853157043457031
-0.00690793991088867 -0.000410556793212891 0.0289878845214844 -0.0182247161865234
-0.00504159927368164 -0.00169467926025391 0.02410888671875 -0.0166511535644531
-0.00704336166381836 -0.00354719161987305 0.0210323333740234 -0.0106029510498047
-0.00150012969970703 -0.00800704956054688 0.01739501953125 -0.00340843200683594
0.00687074661254883 -0.00777292251586914 0.00773143768310547 -0.00185537338256836
0.0109376907348633 -0.000307083129882813 0.00637149810791016 -0.00814723968505859
0.00914859771728516 0.0114889144897461 0.0164661407470703 -0.0174322128295898
0.00341033935546875 0.0205097198486328 0.0317535400390625 -0.0161285400390625
-0.0076904296875 0.0221042633056641 0.0285091400146484 -0.00535202026367187
-0.015141487121582 0.0170116424560547 0.0448760986328125 0.005035400390625
0.00271987915039063 0.01177978515625 0.0183925628662109 0.000400543212890626
0.000676989555358887 0.00168013572692871 0.00578594207763672 0.0116739273071289
0.000409841537475586 0.00228595733642578 0.0207080841064453 0.0192050933837891
0.0016094446182251 0.00107812881469727 0.032318115234375 0.00648880004882813
0.00109690427780151 0.000293493270874023 0.0350151062011719 -0.00882339477539063
0.00460290908813477 -0.00352334976196289 0.0302581787109375 -0.0180950164794922
0.00630044937133789 -0.00398969650268555 0.0238609313964844 -0.0162353515625
0.00631284713745117 -0.00568962097167969 0.0206642150878906 -0.00997543334960938
0.0112276077270508 -0.00423526763916016 0.0172615051269531 -0.00215435028076172
0.0151405334472656 0.00244522094726563 0.00709772109985352 -0.000832080841064453
0.0123519897460937 0.0126056671142578 0.00491571426391602 -0.00630044937133789
-0.000558853149414064 0.0211009979248047 0.0136251449584961 -0.0155448913574219
-0.0123691558837891 0.0251045227050781 0.0262928009033203 -0.0119247436523437
-0.0236778259277344 0.0225372314453125 0.0222110748291016 0.00147056579589844
-0.0317287445068359 0.0152053833007812 0.037506103515625 0.012725830078125
-0.0131454467773438 0.0193042755126953 0.0143632888793945 0.00901985168457031
-0.00752925872802734 0.0144205093383789 0.00569343566894531 0.0181636810302734
0.00301742553710938 0.0155420303344727 0.0219383239746094 0.0220699310302734
0.0100069046020508 0.00953197479248047 0.0315608978271484 0.00797271728515625
0.0138254165649414 0.00146293640136719 0.0333366394042969 -0.00836372375488281
0.0162591934204102 -0.00598430633544922 0.0273151397705078 -0.0156002044677734
0.0167913436889648 -0.00574398040771484 0.0198879241943359 -0.0132236480712891
0.0181980133056641 -0.00672531127929688 0.0166711807250977 -0.00689029693603516
0.0223464965820313 -0.00165939331054688 0.01318359375 -0.00130748748779297
0.0220851898193359 0.0102272033691406 0.00345277786254883 -0.000848293304443359
0.0142974853515625 0.0223045349121094 0.00240039825439453 -0.0052347183227539
-0.00763511657714844 0.0281543731689453 0.00945281982421875 -0.0134372711181641
-0.0245437622070313 0.0280246734619141 0.0197391510009766 -0.00584983825683594
-0.0359878540039063 0.0212898254394531 0.0119829177856445 0.00787067413330078
-0.0441360473632813 0.009368896484375 0.0241298675537109 0.0198211669921875
-0.0288009643554688 0.0226154327392578 0.00506782531738281 0.0180587768554688
-0.0167636871337891 0.0253829956054688 0.003387451171875 0.0233230590820313
0.00341796875 0.0286331176757813 0.0196723937988281 0.0250167846679688
0.016937255859375 0.0184860229492188 0.0270957946777344 0.00882339477539063
0.0248317718505859 0.00379562377929688 0.0271644592285156 -0.00638198852539063
0.0258769989013672 -0.00751686096191406 0.0205078125 -0.0105781555175781
0.0246467590332031 -0.00627708435058594 0.0126094818115234 -0.00785064697265625
0.0271205902099609 -0.00766181945800781 0.00899696350097656 -0.00281715393066406
0.0295772552490234 0.000316619873046875 0.00620079040527344 0.000661849975585938
0.0260238647460938 0.0157699584960938 -0.00184524059295654 -0.0002976655960083
0.01519775390625 0.0280075073242188 -0.000718116760253906 -0.00558757781982422
-0.012176513671875 0.0316829681396484 0.00643444061279297 -0.0107326507568359
-0.0319595336914063 0.0282211303710938 0.0127048492431641 0.00120353698730469
-0.04339599609375 0.0170707702636719 -0.000474929809570314 0.0123758316040039
-0.0487899780273438 0.00177764892578126 0.00678062438964843 0.0245285034179688
-0.0395927429199219 0.0191459655761719 -0.00757598876953125 0.0246696472167969
-0.0254096984863281 0.0293121337890625 -0.00244712829589844 0.0273323059082031
9.5367431640624E-05 0.0365409851074219 0.014373779296875 0.0255126953125
0.0195083618164063 0.0249500274658203 0.0194034576416016 0.00898551940917969
0.0308322906494141 0.00696372985839844 0.017207145690918 -0.00397300720214844
0.0302562713623047 -0.00730133056640625 0.0106096267700195 -0.00480842590332031
0.0286884307861328 -0.00574111938476563 0.0041656494140625 -0.0015718936920166
0.0319900512695313 -0.00655364990234375 2.01463699340838E-05 0.00209522247314453
0.0331630706787109 0.00160598754882812 -0.0025491714477539 0.00225591659545898
0.0278053283691406 0.0187225341796875 -0.00770282745361328 -0.000702381134033203
0.01495361328125 0.0305671691894531 -0.00373363494873047 -0.00612115859985351
-0.0156593322753906 0.0319442749023438 0.00449085235595703 -0.00914573669433594
-0.035858154296875 0.0244636535644531 0.00648736953735351 0.00791501998901367
-0.046112060546875 0.0114288330078125 -0.0140304565429688 0.0154190063476563
-0.0434646606445313 -0.00722885131835937 -0.0102710723876953 0.0242385864257813
-0.0405654907226562 0.0108146667480469 -0.0200233459472656 0.0270862579345703
-0.0297374725341797 0.0246810913085937 -0.0080718994140625 0.0279788970947266
-0.00453567504882813 0.0365028381347656 0.00692176818847656 0.0232982635498047
0.0166549682617188 0.0273838043212891 0.00960159301757813 0.007659912109375
0.0307254791259766 0.00889396667480469 0.0052480697631836 -0.00195741653442383
0.0306797027587891 -0.00555038452148438 -0.000736713409423826 0.00135648250579834
0.0281505584716797 -0.00472831726074219 -0.00587081909179687 0.00523996353149414
0.0312042236328125 -0.00573348999023438 -0.00984573364257812 0.00696754455566406
0.0321121215820312 0.00241661071777344 -0.0117683410644531 0.00397968292236328
0.0257968902587891 0.0184345245361328 -0.0141658782958984 -0.0011444091796875
0.0128803253173828 0.0300483703613281 -0.00700902938842773 -0.00791835784912109
-0.0180320739746094 0.0291824340820313 0.00314140319824219 -0.00811100006103515
-0.0370864868164063 0.0177993774414063 -0.000255584716796877 0.0126676559448242
-0.04400634765625 0.00340270996093751 -0.0270519256591797 0.0151748657226563
-0.0301837921142578 -0.0155391693115234 -0.0233936309814453 0.0210857391357422
-0.0330333709716797 -0.000486373901367192 -0.0286502838134766 0.0257015228271484
-0.0276947021484375 0.0143146514892578 -0.0124378204345703 0.0256710052490234
-0.00868606567382812 0.0279521942138672 0.000173568725585935 0.0180950164794922
0.0104446411132813 0.0235633850097656 0.000261306762695313 0.0046529769897461
0.0253753662109375 0.0098876953125 -0.00484466552734375 0.000263214111328126
0.0258445739746094 -0.00255203247070313 -0.0111541748046875 0.0062713623046875
0.0230350494384766 -0.00288009643554688 -0.0146160125732422 0.0107707977294922
0.0265274047851563 -0.00398635864257813 -0.0184173583984375 0.0113639831542969
0.0272712707519531 0.00212669372558594 -0.0203437805175781 0.00502204895019532
0.0220813751220703 0.0159320831298828 -0.0199146270751953 -0.00212478637695312
0.0103378295898437 0.0263328552246094 -0.0102968215942383 -0.00905132293701172
-0.0174846649169922 0.0236549377441406 0.000249385833740234 -0.00733900070190429
-0.0344867706298828 0.0107574462890625 -0.0069723129272461 0.0136384963989258
-0.0374374389648438 -0.00564193725585938 -0.0380744934082031 0.0114364624023438
-0.0122051239013672 -0.0204296112060547 -0.0299186706542969 0.0144577026367188
-0.0184822082519531 -0.0111484527587891 -0.0329532623291016 0.0210456848144531
-0.0194778442382813 0.000560760498046878 -0.0137138366699219 0.0217437744140625
-0.0111856460571289 0.0139026641845703 -0.00421142578125 0.0128498077392578
0.00192642211914063 0.0149574279785156 -0.0057225227355957 0.00203323364257813
0.0143642425537109 0.00898456573486328 -0.0138759613037109 0.00146961212158203
0.0157976150512695 0.000472068786621094 -0.0190372467041016 0.0101528167724609
0.0150785446166992 -0.000729560852050781 -0.0210723876953125 0.0147323608398438
0.0181503295898438 -0.00186920166015625 -0.0248374938964844 0.0145816802978516
0.0189781188964844 0.00217247009277344 -0.027191162109375 0.00566673278808594
0.0157222747802734 0.0114259719848633 -0.0249958038330078 -0.00334548950195312
0.00697708129882812 0.0194149017333984 -0.0140419006347656 -0.0105066299438477
-0.0151281356811523 0.0164699554443359 -0.00243902206420899 -0.00836801528930664
-0.0275363922119141 0.00233650207519531 -0.0130815505981445 0.0121278762817383
-0.0262241363525391 -0.0128536224365234 -0.0464515686035156 0.00611114501953125
0.00216102600097656 0.0153312683105469 0.0467453002929688 -0.00305557250976562
0.0161418914794922 0.00216388702392578 0.0182914733886719 -0.00682640075683594
0.00612449645996094 -0.00980091094970703 0.00397920608520508 0.00835227966308594
-0.00254631042480469 -0.00959491729736328 0.0179996490478516 0.01611328125
-0.00701379776000977 -0.00638389587402344 0.0308265686035156 0.00527191162109375
-0.0106725692749023 -0.000209808349609373 0.0341720581054687 -0.00946426391601562
-0.00637578964233398 0.000119686126708984 0.0298290252685547 -0.0191879272460938
-0.00468540191650391 -0.00150728225708008 0.0240306854248047 -0.0174636840820313
-0.00664901733398438 -0.00364542007446289 0.0212497711181641 -0.0116462707519531
-0.00179719924926758 -0.00724649429321289 0.0179271697998047 -0.00438117980957031
0.00637912750244141 -0.00757598876953125 0.0085453987121582 -0.00287246704101563
0.0107088088989258 -0.000452995300292969 0.00762319564819336 -0.00871753692626953
0.00918388366699219 0.0106821060180664 0.0175104141235352 -0.0172958374023438
0.00433540344238281 0.0193595886230469 0.0323600769042969 -0.0168037414550781
-0.006866455078125 0.0216064453125 0.0294971466064453 -0.00611305236816406
-0.0151710510253906 0.0165958404541016 0.0452728271484375 0.00445938110351563
0.00249767303466797 0.0117692947387695 0.0181636810302734 0.000160217285156251
8.41617584228517E-05 0.00222373008728027 0.005523681640625 0.0122489929199219
0.000235795974731445 0.00233221054077148 0.0209407806396484 0.0187911987304688
0.00153076648712158 0.00175762176513672 0.0329837799072266 0.00662040710449219
0.00206673145294189 0.000800371170043945 0.0357513427734375 -0.009765625
0.00560617446899414 -0.00360250473022461 0.0304603576660156 -0.0193347930908203
0.00667572021484375 -0.00389480590820313 0.0238800048828125 -0.0170364379882813
0.0065608024597168 -0.00528717041015625 0.0206470489501953 -0.0111923217773438
0.0112762451171875 -0.00430583953857422 0.0179100036621094 -0.00395011901855469
0.01531982421875 0.00264930725097656 0.0078425407409668 -0.00196170806884766
0.0125265121459961 0.0125236511230469 0.00605010986328125 -0.00675058364868164
-0.000547409057617187 0.0211467742919922 0.0140171051025391 -0.0156192779541016
-0.0121974945068359 0.0250339508056641 0.0270957946777344 -0.0119781494140625
-0.0233592987060547 0.0223407745361328 0.0233078002929688 0.000284194946289064
-0.0323963165283203 0.0154056549072266 0.0380439758300781 0.0124130249023438
-0.0136775970458984 0.0201568603515625 0.0136594772338867 0.00889205932617188
-0.00786876678466797 0.0154399871826172 0.00560379028320313 0.0178813934326172
0.00325298309326172 0.0160446166992188 0.0222434997558594 0.0225563049316406
0.0105524063110352 0.0103015899658203 0.0317173004150391 0.00732421875
0.0143060684204102 0.00167083740234375 0.0332317352294922 -0.00925827026367187
0.0169057846069336 -0.00637054443359375 0.0273551940917969 -0.0168609619140625
0.0168724060058594 -0.00653934478759766 0.0203647613525391 -0.0142536163330078
0.0185050964355469 -0.00730133056640625 0.0161771774291992 -0.00821304321289063
0.0226268768310547 -0.001922607421875 0.0136795043945313 -0.00275516510009766
0.0222206115722656 0.0102939605712891 0.00420522689819336 -0.00149369239807129
0.0146007537841797 0.022430419921875 0.00348997116088867 -0.00592470169067383
-0.00751495361328125 0.0286693572998047 0.0100793838500977 -0.0138111114501953
-0.0242404937744141 0.0287799835205078 0.0203151702880859 -0.00706291198730469
-0.0357589721679688 0.0211944580078125 0.0126686096191406 0.00605964660644531
-0.0453262329101563 0.0101394653320313 0.0244579315185547 0.0203094482421875
-0.0295639038085938 0.0233612060546875 0.00504398345947266 0.0173397064208984
-0.016845703125 0.0261878967285156 0.00239753723144531 0.0239448547363281
0.00372314453125 0.0292205810546875 0.0196571350097656 0.0254383087158203
0.0174922943115234 0.0187816619873047 0.0277614593505859 0.00899314880371094
0.0254058837890625 0.00391578674316406 0.0270595550537109 -0.00698280334472656
0.0261592864990234 -0.00810623168945313 0.0204563140869141 -0.0114250183105469
0.0251998901367188 -0.00726127624511719 0.0125942230224609 -0.00889015197753906
0.0277900695800781 -0.00819778442382813 0.00847911834716797 -0.00416421890258789
0.0306243896484375 -8.20159912109375E-05 0.0061492919921875 -0.000741004943847656
0.0271434783935547 0.0154533386230469 -0.00138509273529053 -0.00159585475921631
0.0164508819580078 0.028289794921875 0.000190258026123049 -0.0062570571899414
-0.0123138427734375 0.0325241088867188 0.00705146789550781 -0.0115585327148437
-0.0320110321044922 0.0290565490722656 0.0133323669433594 0.000507354736328127
-0.0434417724609375 0.0177154541015625 0.000303268432617185 0.0111446380615234
-0.0499229431152344 0.00250244140625001 0.00704383850097656 0.0241260528564453
-0.03973388671875 0.0205841064453125 -0.00723457336425781 0.0240325927734375
-0.0251846313476563 0.0308113098144531 -0.00287246704101563 0.0272560119628906
0.00116348266601562 0.0372657775878906 0.0137348175048828 0.0258407592773438
0.0201148986816406 0.0249996185302734 0.0185871124267578 0.00934219360351563
0.0319442749023438 0.00606918334960938 0.0169410705566406 -0.00379467010498047
0.0309791564941406 -0.00800132751464844 0.0100564956665039 -0.00513648986816406
0.029449462890625 -0.0073089599609375 0.0036318302154541 -0.0020289421081543
0.0323333740234375 -0.00811767578125 -0.000643253326416014 0.00136590003967285
0.0339488983154297 0.00045013427734375 -0.00247406959533691 0.00131416320800781
0.0283164978027344 0.0179615020751953 -0.00806093215942382 -0.00133800506591797
0.0158634185791016 0.0312614440917969 -0.00322437286376953 -0.00702857971191406
-0.01544189453125 0.0329704284667969 0.0048828125 -0.00965785980224609
-0.0364189147949219 0.0256996154785156 0.00649356842041015 0.00690269470214844
-0.04620361328125 0.0117301940917969 -0.0126810073852539 0.0142688751220703
-0.0448493957519531 -0.00663375854492188 -0.00977134704589844 0.0240974426269531
-0.0415534973144531 0.0124282836914062 -0.0198745727539063 0.0269870758056641
-0.0303573608398438 0.0267353057861328 -0.00844955444335938 0.0276756286621094
-0.00388336181640625 0.0375823974609375 0.00674819946289062 0.0232124328613281
0.0180950164794922 0.0276660919189453 0.00934410095214844 0.00731849670410156
0.0321006774902344 0.00858116149902344 0.00528097152709961 -0.00125694274902344
0.0308303833007812 -0.00641632080078125 -0.000688672065734861 0.00111687183380127
0.0287380218505859 -0.0061798095703125 -0.0062098503112793 0.00504302978515625
0.0320415496826172 -0.00705146789550781 -0.0105257034301758 0.00654792785644532
0.0331916809082031 0.00110435485839844 -0.0123090744018555 0.00365447998046875
0.0273151397705078 0.0180034637451172 -0.0149974822998047 -0.00235557556152343
0.0141220092773438 0.0301933288574219 -0.00683116912841797 -0.00813913345336914
-0.0174999237060547 0.0302371978759766 0.00298309326171875 -0.00863409042358398
-0.0372848510742188 0.0197410583496094 0.000496864318847654 0.0118818283081055
-0.0444068908691406 0.00388336181640626 -0.0266208648681641 0.0144023895263672
-0.0315513610839844 -0.0146694183349609 -0.0234451293945313 0.0210800170898437
-0.0336551666259766 0.000589370727539058 -0.028839111328125 0.0250625610351563
-0.0277595520019531 0.0153255462646484 -0.0126266479492188 0.0250988006591797
-0.00838279724121094 0.0289535522460937 -0.000501632690429688 0.0180320739746094
0.0113697052001953 0.0234127044677734 0.000308513641357423 0.00503110885620117
0.0257740020751953 0.00967025756835938 -0.00548076629638672 0.00108623504638672
0.0262050628662109 -0.00345420837402344 -0.0112991333007812 0.00707149505615235
0.0238056182861328 -0.00396347045898438 -0.0145416259765625 0.0107450485229492
0.0269451141357422 -0.00532150268554688 -0.0185890197753906 0.0110626220703125
0.0275859832763672 0.00116920471191406 -0.0209484100341797 0.00498771667480469
0.0227108001708984 0.0156059265136719 -0.02099609375 -0.00249481201171875
0.0108699798583984 0.0258426666259766 -0.0103645324707031 -0.00955772399902344
-0.0173130035400391 0.0247535705566406 0.000452995300292968 -0.00734758377075195
-0.0346527099609375 0.0118045806884766 -0.00694751739501953 0.0133552551269531
-0.0375938415527344 -0.00449371337890626 -0.0379600524902344 0.0111770629882812
-0.0133724212646484 -0.0200004577636719 -0.0309238433837891 0.0147609710693359
-0.0188617706298828 -0.0102767944335938 -0.0329608917236328 0.0207881927490234
-0.0194091796875 0.0016326904296875 -0.0141448974609375 0.0216007232666016
-0.0100765228271484 0.0148048400878906 -0.0041341781616211 0.0126485824584961
0.00330734252929688 0.0150413513183594 -0.0060276985168457 0.00213718414306641
0.0151596069335938 0.00850582122802734 -0.0140485763549805 0.00244235992431641
0.0164203643798828 -0.000613212585449219 -0.0189895629882813 0.0106716156005859
0.0155849456787109 -0.00153446197509766 -0.0206737518310547 0.0149955749511719
0.0180816650390625 -0.00263595581054687 -0.0253887176513672 0.0149154663085938
0.0189189910888672 0.001251220703125 -0.0280036926269531 0.00586891174316406
0.016204833984375 0.0109033584594727 -0.0256576538085938 -0.00340843200683593
0.00780296325683594 0.0194549560546875 -0.0142049789428711 -0.0113897323608398
-0.0146446228027344 0.0172185897827149 -0.0027318000793457 -0.00835943222045898
-0.0267868041992187 0.00315284729003907 -0.0130176544189453 0.0121002197265625
-0.0266361236572266 -0.0119819641113281 -0.0468215942382813 0.00537872314453125
0.00268840789794922 0.0152091979980469 0.0485191345214844 -0.00394058227539062
0.0162010192871094 0.00202560424804688 0.0183010101318359 -0.00749015808105469
0.00599288940429688 -0.010066032409668 0.00372457504272461 0.00872516632080078
-0.00316238403320313 -0.00924968719482422 0.0189628601074219 0.0168704986572266
-0.00756406784057617 -0.00575828552246094 0.0325717926025391 0.00478553771972656
-0.0102529525756836 0.000546455383300779 0.0355186462402344 -0.0107574462890625
-0.00619697570800781 0.000515460968017577 0.0304298400878906 -0.0206012725830078
-0.00487375259399414 -0.0012965202331543 0.0242862701416016 -0.0189609527587891
-0.00672674179077148 -0.00246524810791015 0.0215320587158203 -0.0130844116210937
-0.00188636779785156 -0.00718450546264648 0.0186538696289063 -0.00616073608398438
0.00558090209960938 -0.00789117813110352 0.00977802276611328 -0.00375461578369141
0.0103607177734375 -0.000849723815917969 0.00803947448730469 -0.00928401947021484
0.0101337432861328 0.0103654861450195 0.0182723999023438 -0.0181961059570313
0.00451469421386719 0.0192642211914063 0.0336246490478516 -0.0176353454589844
-0.00579643249511719 0.0218925476074219 0.0316219329833984 -0.00734710693359375
-0.0159645080566406 0.0173254013061523 0.0471000671386719 0.00436019897460938
0.00237751007080078 0.0122146606445313 0.0184822082519531 -0.000286102294921874
-4.76837158203343E-07 0.00283670425415039 0.00564193725585938 0.0126256942749023
0.000956535339355469 0.00319814682006836 0.0219554901123047 0.0197257995605469
0.00190615653991699 0.00201165676116943 0.0339584350585938 0.00557136535644531
0.00239038467407227 0.000988006591796875 0.0364952087402344 -0.011260986328125
0.00563764572143555 -0.00392627716064453 0.0309410095214844 -0.0209255218505859
0.00674152374267578 -0.00462198257446289 0.0237083435058594 -0.0191593170166016
0.00714683532714844 -0.00560140609741211 0.0207252502441406 -0.0128936767578125
0.0117921829223633 -0.00442409515380859 0.0185813903808594 -0.005828857421875
0.0152835845947266 0.00227642059326172 0.00850296020507813 -0.00327825546264649
0.0129756927490234 0.0129537582397461 0.00705146789550781 -0.00783681869506836
-0.000148773193359374 0.0217037200927734 0.0150375366210937 -0.0161676406860352
-0.0120429992675781 0.0258769989013672 0.0280628204345703 -0.0135250091552734
-0.0232734680175781 0.0234012603759766 0.0250911712646484 -0.000923156738281249
-0.0333461761474609 0.0167255401611328 0.0397262573242188 0.0126686096191406
-0.0139999389648438 0.0208606719970703 0.0147333145141602 0.00849056243896485
-0.00747585296630859 0.0168561935424805 0.00526046752929687 0.0183544158935547
0.00387096405029297 0.017420768737793 0.0230484008789063 0.0229530334472656
0.0114612579345703 0.0100927352905273 0.0331783294677734 0.00748443603515625
0.0155487060546875 0.00170135498046875 0.0343589782714844 -0.0102920532226563
0.0174531936645508 -0.00768947601318359 0.0278530120849609 -0.0183448791503906
0.0178775787353516 -0.00720787048339844 0.0199871063232422 -0.01568603515625
0.0197105407714844 -0.00779914855957031 0.0163688659667969 -0.00980949401855469
0.0235023498535156 -0.00244712829589844 0.0141515731811523 -0.00426578521728516
0.02362060546875 0.0102958679199219 0.00446462631225586 -0.00273275375366211
0.0160331726074219 0.0228729248046875 0.00426244735717774 -0.00711584091186523
-0.00753211975097656 0.0304927825927734 0.0111570358276367 -0.01434326171875
-0.0246925354003906 0.0304222106933594 0.020904541015625 -0.00781822204589844
-0.0365142822265625 0.0230560302734375 0.014801025390625 0.00561904907226563
-0.0466194152832031 0.0120468139648438 0.0257701873779297 0.0198040008544922
-0.0301532745361328 0.0252437591552734 0.00519943237304688 0.017237663269043
-0.0169448852539063 0.0288238525390625 0.00246238708496094 0.0242481231689453
0.00527381896972656 0.0305576324462891 0.0205268859863281 0.0257778167724609
0.0192680358886719 0.0189895629882813 0.0283088684082031 0.00893402099609375
0.0267276763916016 0.00306510925292969 0.0275306701660156 -0.00739860534667969
0.0270061492919922 -0.00972938537597656 0.0209903717041016 -0.0130767822265625
0.0265293121337891 -0.00886344909667969 0.0124826431274414 -0.00996017456054688
0.0287246704101563 -0.00966262817382813 0.00842142105102539 -0.00475168228149414
0.0320625305175781 -0.00172805786132813 0.0064234733581543 -0.00221443176269531
0.0289993286132812 0.0153274536132812 -0.00147247314453125 -0.00259208679199219
0.0177364349365234 0.0293388366699219 0.000702381134033204 -0.00716114044189453
-0.0118446350097656 0.0349998474121094 0.00753211975097656 -0.0124893188476562
-0.0329799652099609 0.0314903259277344 0.0137815475463867 -0.000682830810546873
-0.0446205139160156 0.0195960998535156 0.00154590606689453 0.0104551315307617
-0.0518646240234375 0.00427246093749999 0.00767898559570312 0.0244579315185547
-0.0412673950195312 0.0224227905273438 -0.00739669799804688 0.0242977142333984
-0.0258026123046875 0.0338039398193359 -0.00306510925292969 0.0279712677001953
0.00249099731445312 0.0390281677246094 0.01483154296875 0.0264072418212891
0.0225563049316406 0.0259170532226562 0.0199413299560547 0.00937652587890625
0.0333995819091797 0.00582122802734375 0.0168743133544922 -0.00402927398681641
0.0322093963623047 -0.00951194763183594 0.0106773376464844 -0.005706787109375
0.0305004119873047 -0.00904083251953125 0.00343012809753418 -0.00243854522705078
0.0335178375244141 -0.0100669860839844 -0.00117874145507812 0.000909924507141113
0.0359153747558594 -0.0009613037109375 -0.00313639640808105 0.00052785873413086
0.0310096740722656 0.0176334381103516 -0.00844383239746094 -0.00218486785888672
0.0178565979003906 0.0319099426269531 -0.00299739837646484 -0.00800943374633789
-0.0150833129882812 0.0354156494140625 0.00532913208007813 -0.0102663040161133
-0.0370368957519531 0.0287437438964844 0.00758028030395508 0.00649499893188477
-0.0475425720214844 0.0136680603027344 -0.0126075744628906 0.0137701034545898
-0.0471000671386719 -0.00507736206054688 -0.0100650787353516 0.024871826171875
-0.0428276062011719 0.0138511657714844 -0.0201282501220703 0.02740478515625
-0.0307235717773438 0.0291481018066406 -0.00894737243652344 0.0286731719970703
-0.00233078002929688 0.0389747619628906 0.00669097900390625 0.0237216949462891
0.0197219848632813 0.0278396606445313 0.00919151306152344 0.0083608627319336
0.0333423614501953 0.00790214538574219 0.0046544075012207 -0.00110769271850586
0.0319194793701172 -0.00779342651367188 -0.000681519508361814 0.00153696537017822
0.0297298431396484 -0.00798225402832031 -0.00621700286865234 0.00502681732177734
0.0331783294677734 -0.00896644592285156 -0.0107336044311523 0.00755691528320312
0.0345363616943359 -0.000505447387695313 -0.0129489898681641 0.00312423706054687
0.0292205810546875 0.0178661346435547 -0.0154504776000977 -0.00263881683349609
0.0158729553222656 0.0309944152832031 -0.00727081298828125 -0.00935173034667969
-0.0171165466308594 0.0321159362792969 0.00270748138427734 -0.00940608978271484
-0.0381622314453125 0.0221405029296875 0.000491142272949217 0.0117387771606445
-0.0460052490234375 0.00570297241210937 -0.0267372131347656 0.0146255493164062
-0.0334529876708984 -0.0139198303222656 -0.0240592956542969 0.0222587585449219
-0.0352020263671875 0.0016937255859375 -0.0294418334960938 0.0258712768554688
-0.0284175872802734 0.0175018310546875 -0.0132694244384766 0.0260162353515625
-0.00714492797851562 0.0304393768310547 -0.000656127929687502 0.0189285278320313
0.0133724212646484 0.0240383148193359 -0.000459671020507811 0.00600433349609375
0.0275688171386719 0.00852584838867188 -0.00633335113525391 0.00154542922973633
0.026702880859375 -0.00544929504394531 -0.0110044479370117 0.007354736328125
0.0249137878417969 -0.0057525634765625 -0.0147418975830078 0.0118837356567383
0.0279521942138672 -0.00659561157226563 -0.0194816589355469 0.0122241973876953
0.02911376953125 -0.000335693359375 -0.0217056274414063 0.00556564331054687
0.0243721008300781 0.0148715972900391 -0.0221443176269531 -0.00260162353515625
0.0129146575927734 0.0264854431152344 -0.0109081268310547 -0.0105018615722656
-0.0170536041259766 0.0263271331787109 1.76429748535142E-05 -0.0084233283996582
-0.0352210998535156 0.014068603515625 -0.00636672973632813 0.0135593414306641
-0.0388107299804688 -0.00332641601562501 -0.0389976501464844 0.0112533569335937
-0.0147209167480469 -0.0197982788085938 -0.0317001342773438 0.0158271789550781
-0.0201873779296875 -0.00968360900878906 -0.0336551666259766 0.0221309661865234
-0.0202770233154297 0.002777099609375 -0.0146541595458984 0.0224475860595703
-0.00932502746582031 0.0159368515014648 -0.00462722778320313 0.0135078430175781
0.00464820861816406 0.0151100158691406 -0.00675153732299805 0.00300121307373047
0.0155429840087891 0.00770473480224609 -0.0149269104003906 0.00325965881347657
0.0172023773193359 -0.00147438049316406 -0.0190601348876953 0.0118637084960937
0.0158214569091797 -0.00234699249267578 -0.0211887359619141 0.0164871215820313
0.0184783935546875 -0.00403785705566406 -0.0262031555175781 0.0167655944824219
0.0198497772216797 -0.0001068115234375 -0.0291919708251953 0.00695610046386719
0.0171079635620117 0.0106678009033203 -0.0272979736328125 -0.00296783447265625
0.00894737243652343 0.0193843841552734 -0.0151071548461914 -0.0115728378295898
-0.0146408081054688 0.0182819366455078 -0.00297260284423828 -0.00919246673583984
-0.0280303955078125 0.00490188598632813 -0.0129022598266602 0.0126791000366211
-0.0271701812744141 -0.0113277435302734 -0.0482063293457031 0.00669860839843751
0.00391387939453125 0.0151805877685547 0.0502586364746094 -0.00572586059570312
0.0161600112915039 0.00121974945068359 0.0182781219482422 -0.00799751281738281
0.00561714172363281 -0.0107479095458984 0.00375080108642578 0.00922107696533203
-0.00371170043945313 -0.00938129425048828 0.0202445983886719 0.0169239044189453
-0.00805091857910156 -0.00516939163208008 0.0340442657470703 0.00338554382324219
-0.0105552673339844 0.00181293487548828 0.0362815856933594 -0.0133552551269531
-0.00631618499755859 0.000966548919677733 0.0305252075195313 -0.0236377716064453
-0.0052027702331543 -0.00082540512084961 0.02392578125 -0.0215110778808594
-0.00664281845092773 -0.00223636627197266 0.0215244293212891 -0.0152683258056641
-0.00264739990234375 -0.00693416595458984 0.0193138122558594 -0.00843620300292969
0.00532913208007813 -0.00804948806762695 0.0108623504638672 -0.00461673736572266
0.0106487274169922 -0.00154304504394531 0.00961494445800781 -0.010462760925293
0.010676383972168 0.00995635986328125 0.0189285278320313 -0.0191211700439453
0.005706787109375 0.0195083618164063 0.0342464447021484 -0.0205211639404297
-0.00491523742675781 0.0223026275634766 0.0333271026611328 -0.00978660583496093
-0.0154895782470703 0.0188484191894531 0.0494422912597656 0.00218582153320313
0.00240802764892578 0.0127172470092773 0.0184612274169922 -0.000968933105468749
-6.07967376708986E-05 0.00370049476623535 0.00580024719238281 0.0132513046264648
0.000784873962402344 0.00372886657714844 0.0235919952392578 0.0196628570556641
0.00215494632720947 0.00218868255615234 0.0359039306640625 0.00445175170898437
0.00283050537109375 0.00129246711730957 0.0376091003417969 -0.0138969421386719
0.00617265701293945 -0.00420284271240234 0.0310783386230469 -0.0237884521484375
0.0073094367980957 -0.00525522232055664 0.0235271453857422 -0.021331787109375
0.00757360458374023 -0.00602149963378906 0.0209236145019531 -0.0147037506103516
0.0123624801635742 -0.00486278533935547 0.0189151763916016 -0.00763702392578125
0.0159807205200195 0.00197124481201172 0.00956153869628907 -0.00453376770019531
0.0140314102172852 0.0124359130859375 0.00821065902709961 -0.00855159759521484
0.000606536865234373 0.0225048065185547 0.0155115127563477 -0.0172863006591797
-0.0114936828613281 0.0276851654052734 0.0288276672363281 -0.0155754089355469
-0.0229072570800781 0.0247898101806641 0.0274753570556641 -0.00261306762695312
-0.0339603424072266 0.0192127227783203 0.0415725708007813 0.0113945007324219
-0.014312744140625 0.0224952697753906 0.0146408081054687 0.00805568695068359
-0.00737953186035156 0.0188083648681641 0.00575065612792969 0.0191516876220703
0.00516128540039063 0.0180339813232422 0.0245018005371094 0.0231418609619141
0.0128030776977539 0.0103511810302734 0.0346832275390625 0.0061187744140625
0.0166568756103516 0.000951766967773438 0.0349540710449219 -0.0122642517089844
0.0179042816162109 -0.00867843627929688 0.0278511047363281 -0.0205707550048828
0.0184803009033203 -0.00851058959960938 0.0191364288330078 -0.0175647735595703
0.0204086303710938 -0.00970458984375 0.0160341262817383 -0.0118589401245117
0.0249176025390625 -0.003936767578125 0.0141448974609375 -0.00626564025878906
0.0252017974853516 0.00965309143066406 0.00525283813476563 -0.00425481796264648
0.0179157257080078 0.0231552124023437 0.00494098663330078 -0.00825071334838867
-0.00618934631347656 0.0322761535644531 0.0113325119018555 -0.0153036117553711
-0.0242290496826172 0.0333938598632813 0.0216808319091797 -0.00929641723632813
-0.0372886657714844 0.0251884460449219 0.0168094635009766 0.00371360778808594
-0.0482711791992188 0.0151443481445313 0.0275535583496094 0.0194683074951172
-0.0303382873535156 0.0281143188476562 0.00573635101318359 0.0172615051269531
-0.0164413452148437 0.0319175720214844 0.00286865234375 0.0247173309326172
0.00691986083984375 0.0320854187011719 0.0217952728271484 0.0258350372314453
0.0214920043945313 0.0189437866210938 0.0297966003417969 0.00820159912109375
0.0284461975097656 0.00183486938476563 0.0282649993896484 -0.00890159606933594
0.0277137756347656 -0.0116539001464844 0.0208454132080078 -0.0145931243896484
0.0271263122558594 -0.0110759735107422 0.0122003555297852 -0.0115346908569336
0.0301036834716797 -0.0119075775146484 0.00752162933349609 -0.00603151321411133
0.0334644317626953 -0.00339508056640625 0.00615453720092774 -0.00336217880249023
0.03106689453125 0.0139179229736328 -0.00116372108459473 -0.00380635261535644
0.0205459594726563 0.0298709869384766 0.000915527343750002 -0.00859737396240234
-0.0103721618652344 0.0375900268554688 0.00733757019042969 -0.0129365921020508
-0.0326957702636719 0.0351753234863281 0.0146455764770508 -0.00179100036621094
-0.0456657409667969 0.0225296020507813 0.00358486175537109 0.00952339172363281
-0.0540695190429688 0.00741958618164062 0.00935745239257812 0.0250205993652344
-0.04150390625 0.0262298583984375 -0.00684547424316407 0.0249862670898438
-0.0255546569824219 0.0371437072753906 -0.00247764587402344 0.0290374755859375
0.00494003295898438 0.0412788391113281 0.0157585144042969 0.0267143249511719
0.0253868103027344 0.0255851745605469 0.020172119140625 0.009063720703125
0.0356330871582031 0.00397872924804688 0.0174150466918945 -0.00432014465332031
0.0333251953125 -0.0119781494140625 0.0104608535766602 -0.00673294067382813
0.0310020446777344 -0.0115623474121094 0.0030670166015625 -0.00319743156433106
0.0347080230712891 -0.0128250122070313 -0.00167858600616455 0.000615835189819335
0.0371780395507813 -0.00338363647460938 -0.00345993041992187 0.000153064727783203
0.0338401794433594 0.0164451599121094 -0.00887775421142578 -0.00306320190429687
0.0206241607666016 0.0318775177001953 -0.00374698638916016 -0.00915145874023438
-0.0139541625976563 0.0386390686035156 0.00503253936767578 -0.010991096496582
-0.0371894836425781 0.0323600769042969 0.00829935073852539 0.00557422637939453
-0.0488853454589844 0.0165519714355469 -0.0119638442993164 0.0136928558349609
-0.0498428344726562 -0.00238037109375001 -0.00965309143066407 0.0265026092529297
-0.0439262390136719 0.0176429748535156 -0.02008056640625 0.0281543731689453
-0.0308914184570313 0.0333480834960937 -0.00801658630371094 0.0298786163330078
-0.000171661376953124 0.0415534973144531 0.00754356384277344 0.0245418548583984
0.0229511260986328 0.0280475616455078 0.00950908660888672 0.00835609436035156
0.03564453125 0.006011962890625 0.0047149658203125 -0.000710487365722656
0.0329437255859375 -0.0107212066650391 -0.000715494155883787 0.00166285037994385
0.0307502746582031 -0.0103054046630859 -0.00642824172973633 0.00552988052368164
0.0340957641601563 -0.0117263793945313 -0.0113630294799805 0.00790977478027344
0.0361824035644531 -0.00279617309570313 -0.0135431289672852 0.00345611572265625
0.0318470001220703 0.0166873931884766 -0.0167446136474609 -0.00254535675048828
0.0185794830322266 0.0313796997070313 -0.00789451599121093 -0.00948715209960938
-0.0157470703125 0.0352554321289063 0.00266838073730469 -0.00959300994873047
-0.0381660461425781 0.0258064270019531 0.00130844116210937 0.01177978515625
-0.047393798828125 0.0084686279296875 -0.0267314910888672 0.0150833129882813
-0.0360336303710938 -0.0123443603515625 -0.0241584777832031 0.0243320465087891
-0.0366668701171875 0.00447082519531251 -0.0294990539550781 0.0275993347167969
-0.0288047790527344 0.0207843780517578 -0.0129852294921875 0.0269451141357422
-0.00553703308105468 0.0324058532714844 -0.000553131103515625 0.0194072723388672
0.0155277252197266 0.0240955352783203 -0.000410556793212889 0.00661039352416992
0.0290603637695313 0.00705909729003906 -0.0067439079284668 0.00281238555908203
0.0274677276611328 -0.00702857971191406 -0.0113697052001953 0.00880622863769531
0.0254039764404297 -0.0078125 -0.0145187377929687 0.012664794921875
0.0285491943359375 -0.00917625427246094 -0.0198135375976562 0.0138721466064453
0.030487060546875 -0.00237274169921875 -0.02301025390625 0.00619888305664063
0.0266036987304688 0.014434814453125 -0.0234603881835937 -0.00181007385253906
0.0150642395019531 0.0266456604003906 -0.0123472213745117 -0.0106563568115234
-0.0163707733154297 0.0288982391357422 -0.000399589538574219 -0.0088653564453125
-0.0353469848632813 0.0166816711425781 -0.00578689575195313 0.0139074325561523
-0.040435791015625 -0.000923156738281249 -0.0396347045898438 0.0131912231445313
-0.0167102813720703 -0.0195159912109375 -0.0327644348144531 0.0181941986083984
-0.0217571258544922 -0.00835990905761719 -0.0341949462890625 0.0242118835449219
-0.02093505859375 0.00466156005859375 -0.0142364501953125 0.0234336853027344
-0.00865936279296875 0.0173835754394531 -0.00522518157958984 0.014399528503418
0.00600051879882812 0.0154342651367188 -0.00750589370727539 0.00410127639770508
0.0171365737915039 0.00646686553955078 -0.0152978897094727 0.00504398345947266
0.0175189971923828 -0.00287342071533203 -0.0187034606933594 0.0138492584228516
0.0160675048828125 -0.00389289855957031 -0.020538330078125 0.0187206268310547
0.0192623138427734 -0.00534820556640625 -0.0261631011962891 0.018524169921875
0.0204048156738281 -0.00164031982421875 -0.0303325653076172 0.00873947143554687
0.0188484191894531 0.00996208190917969 -0.0287818908691406 -0.00224685668945312
0.0102825164794922 0.0196018218994141 -0.0161514282226563 -0.0120668411254883
-0.0140953063964844 0.0198593139648438 -0.0034637451171875 -0.00948905944824219
-0.0280303955078125 0.00717353820800781 -0.0124979019165039 0.0131168365478516
-0.0280704498291016 -0.0103759765625 -0.0495147705078125 0.0081329345703125
0.004974365234375 0.0151576995849609 0.0512199401855469 -0.00833892822265625
0.0159244537353516 0.000396728515625 0.0178871154785156 -0.00901603698730469
0.00507450103759766 -0.0106992721557617 0.00444698333740234 0.00932502746582031
-0.00439739227294922 -0.00879001617431641 0.0213966369628906 0.0162830352783203
-0.00872421264648438 -0.00419855117797851 0.0346927642822266 0.00123214721679687
-0.00999259948730469 0.00286483764648437 0.0365676879882813 -0.0161552429199219
-0.0058903694152832 0.00183725357055664 0.0293216705322266 -0.0262660980224609
-0.0052790641784668 -0.000472545623779297 0.0230064392089844 -0.0241966247558594
-0.00710964202880859 -0.00127315521240234 0.0207023620605469 -0.0175685882568359
-0.00284719467163086 -0.00644111633300781 0.0185222625732422 -0.0103931427001953
0.00462722778320313 -0.00825119018554688 0.0113248825073242 -0.00631618499755859
0.0101699829101563 -0.00216388702392578 0.00981807708740234 -0.0110502243041992
0.0111713409423828 0.008880615234375 0.0185966491699219 -0.0203018188476562
0.00708961486816406 0.0189971923828125 0.0339527130126953 -0.0223331451416016
-0.00312232971191406 0.0223960876464844 0.0341796875 -0.0129890441894531
-0.0144996643066406 0.0201053619384766 0.0504913330078125 -0.000183105468749999
0.00292778015136719 0.0130615234375 0.0187263488769531 -0.0025634765625
0.000155925750732421 0.00449132919311523 0.00649261474609375 0.0134429931640625
0.0013422966003418 0.00382637977600098 0.0250072479248047 0.0187740325927734
0.00220775604248047 0.00240755081176758 0.0367317199707031 0.00227737426757813
0.00351381301879883 0.00121736526489258 0.0376319885253906 -0.0167694091796875
0.00633049011230469 -0.00458812713623047 0.0294342041015625 -0.0266265869140625
0.00720643997192383 -0.00578117370605469 0.0219268798828125 -0.0238742828369141
0.0076141357421875 -0.0066227912902832 0.0195541381835937 -0.0171375274658203
0.0122175216674805 -0.00529575347900391 0.0186214447021484 -0.0103664398193359
0.0164365768432617 0.00130367279052734 0.00969123840332031 -0.00614643096923828
0.0151786804199219 0.0120906829833984 0.0084381103515625 -0.00956630706787109
0.00170326232910156 0.022918701171875 0.0147686004638672 -0.0179557800292969
-0.0100498199462891 0.0285167694091797 0.02850341796875 -0.0179386138916016
-0.0219097137451172 0.0266895294189453 0.0288105010986328 -0.00534439086914062
-0.0337181091308594 0.0218124389648438 0.0430679321289063 0.00909042358398438
-0.0130653381347656 0.0241508483886719 0.0144882202148438 0.00658798217773438
-0.00637626647949219 0.0204200744628906 0.00675773620605469 0.0193023681640625
0.00670814514160156 0.0186672210693359 0.0260143280029297 0.0220680236816406
0.0138092041015625 0.0100278854370117 0.0352935791015625 0.00428390502929688
0.0176296234130859 -7.62939453125E-06 0.0348014831542969 -0.0149440765380859
0.0181961059570313 -0.0104084014892578 0.0265674591064453 -0.0231857299804688
0.0181770324707031 -0.0103721618652344 0.0176982879638672 -0.0199470520019531
0.0204620361328125 -0.0115718841552734 0.0146627426147461 -0.0133419036865234
0.0252094268798828 -0.00532150268554688 0.0135431289672852 -0.00834083557128906
0.0263271331787109 0.00832748413085938 0.00520086288452149 -0.00581884384155273
0.0199375152587891 0.0227317810058594 0.00489234924316406 -0.00926494598388672
-0.00420570373535156 0.0334644317626953 0.0109233856201172 -0.0167131423950195
-0.0229873657226563 0.0356712341308594 0.0218524932861328 -0.0114784240722656
-0.0358810424804688 0.0282135009765625 0.0182647705078125 0.00173568725585938
-0.0481338500976563 0.0191841125488281 0.0291862487792969 0.0180549621582031
-0.0294017791748047 0.0309028625488281 0.00635623931884766 0.0167760848999023
-0.0146045684814453 0.0344810485839844 0.00413322448730469 0.0254364013671875
0.00958633422851562 0.0324573516845703 0.0232276916503906 0.0247268676757813
0.0235919952392578 0.0178184509277344 0.0303058624267578 0.0067596435546875
0.0296554565429688 1.1444091796875E-05 0.0278453826904297 -0.0106582641601563
0.0278778076171875 -0.0142669677734375 0.0198097229003906 -0.0165634155273438
0.0266437530517578 -0.0136280059814453 0.0109357833862305 -0.0127801895141602
0.0297183990478516 -0.0147075653076172 0.00718450546264649 -0.00701284408569336
0.0338172912597656 -0.00636482238769531 0.0058293342590332 -0.00498247146606445
0.0332736968994141 0.0122756958007813 -0.00153851509094238 -0.00438952445983887
0.0233364105224609 0.0288677215576172 0.000288963317871094 -0.00924015045166015
-0.00813674926757813 0.0396003723144531 0.00718879699707031 -0.0139474868774414
-0.030914306640625 0.0387496948242188 0.014739990234375 -0.00342559814453125
-0.0450553894042969 0.026031494140625 0.00478172302246093 0.00859165191650391
-0.0548896789550781 0.0116004943847656 0.0105991363525391 0.0249271392822266
-0.0408668518066406 0.0298614501953125 -0.00594329833984375 0.0253238677978516
-0.0233612060546875 0.0409126281738281 -0.00133132934570313 0.0290508270263672
0.00809478759765625 0.041961669921875 0.0165786743164063 0.0262699127197266
0.0280113220214844 0.0246601104736328 0.0210323333740234 0.00851631164550781
0.0370101928710937 0.00108718872070312 0.016819953918457 -0.00555324554443359
0.0327205657958984 -0.0155143737792969 0.0101633071899414 -0.00752353668212891
0.0307826995849609 -0.0145664215087891 0.00301074981689453 -0.00358915328979492
0.0343971252441406 -0.0162334442138672 -0.00227499008178711 0.000913858413696289
0.0381240844726563 -0.0062255859375 -0.00382733345031738 -0.000487089157104493
0.0358123779296875 0.0142059326171875 -0.00951290130615234 -0.00351905822753906
0.0240097045898438 0.0311279296875 -0.00403976440429687 -0.00914764404296875
-0.0114784240722656 0.0408744812011719 0.00454044342041016 -0.0118007659912109
-0.03594970703125 0.0363807678222656 0.00889873504638672 0.00475025177001953
-0.0492019653320313 0.0203704833984375 -0.0103044509887695 0.0140590667724609
-0.0511245727539062 0.00191879272460937 -0.00853919982910157 0.0273094177246094
-0.0441246032714844 0.0212211608886719 -0.0187664031982422 0.0295867919921875
-0.0287666320800781 0.0369606018066406 -0.00747680664062501 0.0300712585449219
0.00310897827148437 0.0426445007324219 0.0082244873046875 0.0244235992431641
0.0256290435791016 0.0268707275390625 0.00988388061523438 0.00835514068603516
0.0371894836425781 0.00336456298828125 0.00454235076904297 -0.00040435791015625
0.0327663421630859 -0.0139045715332031 -0.000888824462890623 0.00154006481170654
0.0304794311523438 -0.0134239196777344 -0.00594329833984375 0.00569057464599609
0.0340194702148438 -0.0153331756591797 -0.0113658905029297 0.00914382934570312
0.036529541015625 -0.00612640380859375 -0.0144643783569336 0.00405311584472656
0.03399658203125 0.0139961242675781 -0.0171689987182617 -0.00190067291259766
0.0215797424316406 0.03009033203125 -0.00870704650878906 -0.0099802017211914
-0.013671875 0.037750244140625 0.00197982788085938 -0.0100317001342773
-0.0372848510742188 0.0297622680664062 0.00195598602294922 0.0113162994384766
-0.0474205017089844 0.0124702453613281 -0.0256500244140625 0.0163192749023437
-0.0375862121582031 -0.00886917114257813 -0.0239696502685547 0.0265846252441406
-0.037261962890625 0.0078887939453125 -0.0288829803466797 0.0300521850585938
-0.0280971527099609 0.0239009857177734 -0.0121078491210938 0.0277767181396484
-0.00309944152832031 0.0341415405273438 0.000301361083984375 0.0197257995605469
0.0180683135986328 0.0233325958251953 -0.000825881958007812 0.00733280181884766
0.0302944183349609 0.00473213195800781 -0.00647687911987304 0.00404739379882812
0.0272312164306641 -0.00992584228515625 -0.0103979110717773 0.009552001953125
0.0250797271728516 -0.0104084014892578 -0.0142765045166016 0.0140714645385742
0.0285778045654297 -0.0119342803955078 -0.0195255279541016 0.0158863067626953
0.0307636260986328 -0.00494956970214844 -0.0229053497314453 0.00795173645019531
0.0283107757568359 0.0119152069091797 -0.0242481231689453 -0.000867843627929688
0.0176048278808594 0.0261344909667969 -0.0134954452514648 -0.0103998184204102
-0.0145702362060547 0.0310020446777344 -0.00124454498291016 -0.00914287567138672
-0.0346813201904297 0.0206260681152344 -0.00479888916015625 0.0143804550170898
-0.0405921936035156 0.00219726562499999 -0.0391006469726562 0.0150527954101563
-0.0185375213623047 -0.0181999206542969 -0.0330219268798828 0.0206890106201172
-0.0225410461425781 -0.00602912902832031 -0.0334930419921875 0.0264339447021484
-0.0206508636474609 0.00742530822753906 -0.0133876800537109 0.0244712829589844
-0.00690650939941406 0.0184192657470703 -0.00513076782226562 0.0148086547851563
0.00752830505371094 0.015385627746582 -0.00765848159790039 0.00562524795532227
0.0177688598632813 0.00506401062011719 -0.0151567459106445 0.00716972351074218
0.0170488357543945 -0.00457668304443359 -0.0178108215332031 0.0155735015869141
0.0159101486206055 -0.00578975677490234 -0.0196456909179688 0.0204524993896484
0.0187301635742188 -0.00716400146484375 -0.0256156921386719 0.0212154388427734
0.0209312438964844 -0.00384902954101562 -0.0303592681884766 0.01116943359375
0.0201187133789063 0.00843048095703125 -0.0301914215087891 -0.000503540039062496
0.0124282836914063 0.0184974670410156 -0.0176067352294922 -0.0111160278320312
-0.0125179290771484 0.0214710235595703 -0.00430393218994141 -0.00950241088867187
-0.0276851654052734 0.00972557067871094 -0.0111942291259766 0.0142927169799805
-0.0291290283203125 -0.00803947448730469 -0.0496864318847656 0.011474609375
0.00560951232910156 0.0145807266235352 0.0507125854492188 -0.0105323791503906
0.0152168273925781 -0.000670433044433594 0.016840934753418 -0.009552001953125
0.00427341461181641 -0.0107488632202148 0.004547119140625 0.00938129425048828
-0.00497913360595703 -0.00833559036254883 0.0224437713623047 0.0155715942382813
-0.00908660888671875 -0.00312423706054688 0.0344562530517578 -0.000354766845703125
-0.00958919525146484 0.00374794006347656 0.0349330902099609 -0.0188980102539063
-0.00590658187866211 0.00231122970581055 0.0272369384765625 -0.0278301239013672
-0.00485897064208984 0.000259399414062499 0.020843505859375 -0.0255565643310547
-0.00656032562255859 -0.000811100006103516 0.0190162658691406 -0.0192050933837891
-0.00309467315673828 -0.00564002990722656 0.0173921585083008 -0.0120048522949219
0.0033416748046875 -0.0080103874206543 0.0111465454101563 -0.00736522674560547
0.00954437255859375 -0.00248622894287109 0.00965404510498047 -0.0122060775756836
0.0113773345947266 0.00778961181640625 0.0174064636230469 -0.0207576751708984
0.00819206237792969 0.01800537109375 0.0327243804931641 -0.0241279602050781
-0.00186538696289063 0.0217380523681641 0.0338687896728516 -0.0154762268066406
-0.01361083984375 0.0208358764648438 0.0503959655761719 -0.0025787353515625
0.00289249420166016 0.0129785537719727 0.0176372528076172 -0.00359535217285156
0.000329971313476562 0.00445556640625 0.00696945190429687 0.0131959915161133
0.00138115882873535 0.00382637977600098 0.0253810882568359 0.0170860290527344
0.0027625560760498 0.00278401374816895 0.0363578796386719 0.0003814697265625
0.00397157669067383 0.00137877464294434 0.0356979370117188 -0.0189895629882813
0.00619173049926758 -0.00487470626831055 0.0275554656982422 -0.0282516479492188
0.00656270980834961 -0.00599002838134766 0.0196666717529297 -0.0250301361083984
0.00741386413574219 -0.00715494155883789 0.0179195404052734 -0.0184593200683594
0.0119991302490234 -0.00606060028076172 0.0171375274658203 -0.0121431350708008
0.015772819519043 0.000566482543945312 0.00937271118164063 -0.00745201110839844
0.0152864456176758 0.0113077163696289 0.00831985473632813 -0.0106782913208008
0.00328826904296875 0.0223159790039063 0.0142192840576172 -0.0184993743896484
-0.00836753845214844 0.0288867950439453 0.0274200439453125 -0.0193519592285156
-0.0198287963867187 0.0272941589355469 0.0287418365478516 -0.00786209106445312
-0.0325584411621094 0.0239982604980469 0.0431137084960937 0.00673675537109375
-0.0118541717529297 0.025146484375 0.0148506164550781 0.00567817687988281
-0.0052032470703125 0.0216732025146484 0.00734901428222656 0.0188560485839844
0.00809097290039062 0.018157958984375 0.0267410278320312 0.0204868316650391
0.0144739151000977 0.00906085968017578 0.0348644256591797 0.00220870971679688
0.0176067352294922 -0.000949859619140625 0.0330677032470703 -0.0166034698486328
0.0170774459838867 -0.0113325119018555 0.0242252349853516 -0.0250473022460938
0.0171785354614258 -0.0119571685791016 0.0162601470947266 -0.0213756561279297
0.0195598602294922 -0.0127582550048828 0.013401985168457 -0.0144443511962891
0.0248584747314453 -0.00732994079589844 0.0126743316650391 -0.0102214813232422
0.0265579223632813 0.00639152526855469 0.00498294830322266 -0.00693511962890625
0.0209674835205078 0.0214023590087891 0.00477981567382813 -0.00974941253662109
-0.00216865539550782 0.0336074829101563 0.0101480484008789 -0.0166149139404297
-0.0202217102050781 0.0369377136230469 0.0212421417236328 -0.0127830505371094
-0.0342636108398438 0.0296611785888672 0.0191211700439453 -0.000308990478515623
-0.0472183227539063 0.0217628479003906 0.0301837921142578 0.0166854858398438
-0.0274486541748047 0.0329818725585938 0.00710868835449219 0.0158843994140625
-0.0125541687011719 0.0357933044433594 0.00493431091308594 0.0245323181152344
0.0120735168457031 0.0320987701416016 0.0239524841308594 0.0239677429199219
0.0249176025390625 0.0165786743164063 0.0302333831787109 0.00525093078613281
0.0298862457275391 -0.00197792053222656 0.026702880859375 -0.0118389129638672
0.0263557434082031 -0.0161762237548828 0.0182781219482422 -0.0178127288818359
0.0254955291748047 -0.0154895782470703 0.00946807861328125 -0.0137243270874023
0.028900146484375 -0.0174961090087891 0.00551843643188477 -0.00773048400878906
0.0339183807373047 -0.00871086120605469 0.0047903060913086 -0.00644636154174805
0.0342369079589844 0.00991439819335938 -0.00174665451049804 -0.00521469116210937
0.0251064300537109 0.0272026062011719 -0.000188827514648435 -0.009735107421875
-0.0057373046875 0.0404129028320313 0.00650501251220703 -0.014312744140625
-0.0284996032714844 0.0409088134765625 0.014674186706543 -0.00437355041503906
-0.0431747436523438 0.0286331176757813 0.00567626953125 0.00715732574462891
-0.0540885925292969 0.0153656005859375 0.0113697052001953 0.0240001678466797
-0.0388679504394531 0.0322837829589844 -0.00505256652832032 0.0251426696777344
-0.0204849243164063 0.04254150390625 -0.000484466552734375 0.0290813446044922
0.0108451843261719 0.041259765625 0.0178260803222656 0.0249881744384766
0.0295810699462891 0.022491455078125 0.0212268829345703 0.00755691528320313
0.0365829467773438 -0.0011138916015625 0.0166015625 -0.00543212890625
0.0312232971191406 -0.0177268981933594 0.00939846038818359 -0.00825214385986328
0.0295372009277344 -0.0168476104736328 0.00191617012023926 -0.00410318374633789
0.0332431793212891 -0.0190467834472656 -0.00233149528503418 0.000866651535034179
0.037078857421875 -0.00932693481445313 -0.00432682037353515 -0.000617504119873048
0.03656005859375 0.0114021301269531 -0.0101604461669922 -0.00354671478271484
0.0258598327636719 0.0293312072753906 -0.00491142272949219 -0.00931262969970703
-0.00852584838867187 0.0416679382324219 0.00377464294433594 -0.0120668411254883
-0.0329170227050781 0.0388526916503906 0.00908088684082031 0.0036611557006836
-0.0470771789550781 0.0238151550292969 -0.00892353057861329 0.0132761001586914
-0.0508766174316406 0.00541305541992188 -0.00737762451171876 0.0276088714599609
-0.042266845703125 0.0241050720214844 -0.0176544189453125 0.0299949645996094
-0.0261306762695312 0.0396652221679688 -0.006317138671875 0.0297622680664063
0.00579833984375 0.0424728393554688 0.00876998901367188 0.0236473083496094
0.0273036956787109 0.0248832702636719 0.0100383758544922 0.00835609436035156
0.037078857421875 0.000675201416015625 0.0048513412475586 0.000126361846923828
0.0314388275146484 -0.0161857604980469 -0.000791788101196287 0.00170302391052246
0.0289897918701172 -0.0158195495605469 -0.00606155395507812 0.006103515625
0.0324516296386719 -0.0177268981933594 -0.011383056640625 0.00983333587646485
0.0359573364257813 -0.00909423828125 -0.0143280029296875 0.00475597381591797
0.0350303649902344 0.0115795135498047 -0.0172138214111328 -0.00135231018066406
0.0239334106445313 0.0288162231445313 -0.00959110260009765 -0.00933551788330078
-0.0111923217773437 0.0385704040527344 0.00174522399902344 -0.00984382629394531
-0.0347805023193359 0.0321941375732422 0.00309562683105469 0.0106277465820313
-0.0462265014648438 0.0150337219238281 -0.0240802764892578 0.0167064666748047
-0.0381851196289063 -0.00622940063476563 -0.0224113464355469 0.0277099609375
-0.0367774963378906 0.0105094909667969 -0.0271739959716797 0.0308971405029297
-0.0262660980224609 0.0265178680419922 -0.0106601715087891 0.0278091430664062
-0.000118255615234375 0.0343379974365234 0.000665664672851563 0.0198020935058594
0.0195808410644531 0.0217475891113281 -0.000433921813964842 0.00775432586669922
0.0304317474365234 0.00217819213867187 -0.00635719299316406 0.00540971755981445
0.0263156890869141 -0.0119247436523438 -0.00962257385253906 0.010228157043457
0.0238475799560547 -0.0119762420654297 -0.0128631591796875 0.015110969543457
0.0269088745117188 -0.0141811370849609 -0.0180702209472656 0.0171108245849609
0.0300827026367188 -0.00743484497070313 -0.0226554870605469 0.00937461853027344
0.0291175842285156 0.00997543334960938 -0.0243549346923828 0.000499725341796881
0.019256591796875 0.0244083404541016 -0.0142650604248047 -0.00963306427001953
-0.0123729705810547 0.0317726135253906 -0.00112438201904297 -0.00926589965820312
-0.0328521728515625 0.0232925415039063 -0.00318050384521485 0.013850212097168
-0.0398750305175781 0.0045928955078125 -0.0377082824707031 0.0166091918945313
-0.0195236206054688 -0.0160961151123047 -0.03204345703125 0.0229892730712891
-0.0229282379150391 -0.00425148010253906 -0.031982421875 0.0279636383056641
-0.0199756622314453 0.0091094970703125 -0.0123214721679687 0.0241336822509766
-0.00584030151367188 0.0189037322998047 -0.00492191314697266 0.0151395797729492
0.00893497467041016 0.0146427154541016 -0.00774621963500976 0.00652551651000977
0.0182895660400391 0.00330734252929687 -0.0142736434936523 0.00885391235351562
0.0168533325195313 -0.00597000122070313 -0.0168361663818359 0.0167579650878906
0.0151376724243164 -0.00692081451416016 -0.0180568695068359 0.0217742919921875
0.0177993774414063 -0.00858497619628906 -0.0240974426269531 0.0225906372070312
0.0198097229003906 -0.0051116943359375 -0.0299854278564453 0.0134754180908203
0.0202960968017578 0.00699043273925781 -0.0298423767089844 0.00182533264160156
0.0137462615966797 0.0176925659179688 -0.0181159973144531 -0.00999069213867187
-0.0113124847412109 0.0220489501953125 -0.00463771820068359 -0.00961589813232422
-0.0262985229492188 0.0118961334228516 -0.0100107192993164 0.0144510269165039
-0.0284805297851563 -0.00579261779785156 -0.0484771728515625 0.0136222839355469
0.00582599639892578 0.014002799987793 0.0496749877929688 -0.0117721557617188
0.0151357650756836 -0.000832557678222656 0.0160741806030273 -0.00985145568847656
0.003448486328125 -0.0109643936157227 0.00442886352539063 0.00952434539794922
-0.00518369674682617 -0.00736761093139648 0.0222797393798828 0.0148601531982422
-0.00850725173950195 -0.00197458267211914 0.0337047576904297 -0.00119400024414063
-0.00872659683227539 0.00461244583129883 0.0335216522216797 -0.0197162628173828
-0.00540304183959961 0.00233221054077148 0.0251903533935547 -0.0285892486572266
-0.00482463836669922 0.000485420227050781 0.0188331604003906 -0.0256690979003906
-0.00597238540649414 -0.000278949737548829 0.0176277160644531 -0.0197372436523438
-0.00349569320678711 -0.00504684448242188 0.0161275863647461 -0.01312255859375
0.00281858444213867 -0.00745010375976562 0.0106124877929688 -0.00849819183349609
0.00905990600585938 -0.00287818908691406 0.00984096527099609 -0.0124406814575195
0.0116195678710938 0.00721263885498047 0.0176334381103516 -0.0203647613525391
0.00840091705322266 0.0174350738525391 0.03125 -0.0249309539794922
-0.001129150390625 0.0210800170898438 0.033660888671875 -0.0168399810791016
-0.012939453125 0.0207138061523438 0.0494537353515625 -0.00374603271484375
0.00306129455566406 0.012761116027832 0.0173540115356445 -0.00323104858398437
0.000476837158203125 0.00467872619628906 0.00670051574707031 0.0131559371948242
0.00181937217712402 0.00420618057250977 0.0256538391113281 0.0169544219970703
0.00272345542907715 0.00288963317871094 0.0353927612304688 -0.00054168701171875
0.00410771369934082 0.00152134895324707 0.0341072082519531 -0.0202598571777344
0.00554990768432617 -0.005096435546875 0.0257701873779297 -0.0286521911621094
0.00627803802490234 -0.00615072250366211 0.0183486938476562 -0.0255260467529297
0.00715303421020508 -0.00742101669311523 0.0161647796630859 -0.019256591796875
0.011347770690918 -0.00626850128173828 0.0156412124633789 -0.0132837295532227
0.0156965255737305 0.000309944152832031 0.00917816162109375 -0.00863265991210938
0.0149984359741211 0.0107889175415039 0.00863361358642578 -0.0110616683959961
0.00336837768554687 0.0220966339111328 0.0138664245605469 -0.0183792114257813
-0.00763702392578125 0.0287494659423828 0.0265998840332031 -0.0200920104980469
-0.0191402435302734 0.0269527435302734 0.0289783477783203 -0.0094146728515625
-0.0310096740722656 0.0247383117675781 0.0424003601074219 0.00596237182617188
-0.0114555358886719 0.0257816314697266 0.0140705108642578 0.00565147399902344
-0.00433921813964844 0.0216579437255859 0.00713539123535157 0.0184192657470703
0.00862693786621094 0.0178604125976563 0.0264492034912109 0.0197296142578125
0.0147914886474609 0.0089874267578125 0.0342960357666016 0.00144386291503906
0.0178031921386719 -0.00138664245605469 0.0318794250488281 -0.0173416137695313
0.0163660049438477 -0.0119600296020508 0.0225811004638672 -0.0252971649169922
0.0163307189941406 -0.0121479034423828 0.0139274597167969 -0.0214996337890625
0.0190410614013672 -0.0137386322021484 0.0116367340087891 -0.0151395797729492
0.0240211486816406 -0.00827407836914063 0.0115509033203125 -0.0116186141967773
0.0266056060791016 0.00558280944824219 0.00445032119750977 -0.00756072998046875
0.021514892578125 0.0203227996826172 0.00471687316894532 -0.0105152130126953
-0.00147056579589843 0.0335330963134766 0.00967216491699219 -0.0164775848388672
-0.0189590454101563 0.0373649597167969 0.0206985473632813 -0.0132770538330078
-0.0330028533935547 0.0300693511962891 0.0193901062011719 -0.00228309631347656
-0.0456695556640625 0.0232162475585937 0.029571533203125 0.0154781341552734
-0.0259876251220703 0.0331535339355469 0.00648307800292969 0.0154523849487305
-0.010955810546875 0.0365867614746094 0.00456428527832031 0.0240325927734375
0.0130252838134766 0.0312042236328125 0.0238380432128906 0.0228786468505859
0.0250682830810547 0.0154743194580078 0.0292434692382813 0.00481224060058594
0.0293807983398438 -0.00298118591308594 0.0260810852050781 -0.0121555328369141
0.0250072479248047 -0.0166454315185547 0.0167484283447266 -0.0179672241210937
0.0241909027099609 -0.0163860321044922 0.00832653045654297 -0.0136079788208008
0.0274486541748047 -0.0184535980224609 0.00487375259399414 -0.00775480270385742
0.0326118469238281 -0.0102996826171875 0.00382709503173828 -0.00704717636108399
0.03399658203125 0.00871658325195313 -0.00245428085327148 -0.00617074966430664
0.0256614685058594 0.02569580078125 3.05175781250007E-05 -0.0100927352905273
-0.00436019897460938 0.0402488708496094 0.00632953643798828 -0.0143814086914062
-0.0265541076660156 0.0415077209472656 0.0146999359130859 -0.00545978546142578
-0.0417327880859375 0.029266357421875 0.00673198699951172 0.00551557540893555
-0.0524482727050781 0.0176620483398437 0.0121555328369141 0.0236606597900391
-0.0372772216796875 0.033538818359375 -0.00465011596679688 0.0244503021240234
-0.0189704895019531 0.0432853698730469 -0.000167846679687504 0.0281448364257813
0.0125808715820313 0.0407066345214844 0.0171890258789063 0.0244083404541016
0.0299606323242188 0.0210094451904297 0.020233154296875 0.0071563720703125
0.0363960266113281 -0.00229644775390625 0.0163278579711914 -0.00573158264160156
0.0302371978759766 -0.0183048248291016 0.00864410400390625 -0.00846672058105469
0.0281772613525391 -0.0178146362304688 0.00125217437744141 -0.00414490699768066
0.0318717956542969 -0.0203647613525391 -0.00296473503112793 0.00087141990661621
0.0362586975097656 -0.0107498168945312 -0.00526952743530273 -0.00104856491088867
0.0368919372558594 0.00983428955078125 -0.0102357864379883 -0.00340080261230469
0.027099609375 0.0279598236083984 -0.00488567352294922 -0.00947189331054687
-0.00686264038085937 0.0423316955566406 0.00360393524169922 -0.0116758346557617
-0.0313568115234375 0.0400276184082031 0.0090188980102539 0.00268745422363282
-0.0461349487304688 0.024749755859375 -0.0079336166381836 0.0123176574707031
-0.0497856140136719 0.00707244873046876 -0.00646591186523438 0.0279769897460938
-0.0407257080078125 0.0255317687988281 -0.0170078277587891 0.0295124053955078
-0.0242462158203125 0.0402259826660156 -0.00611686706542969 0.0290126800537109
0.00771331787109375 0.0420684814453125 0.009063720703125 0.023223876953125
0.0275840759277344 0.0233306884765625 0.00980281829833985 0.00856685638427735
0.036773681640625 -0.00048828125 0.00488471984863282 0.000820636749267578
0.0305519104003906 -0.0173244476318359 -0.000652790069580076 0.00160026550292969
0.0274085998535156 -0.0166721343994141 -0.00614404678344727 0.00606584548950195
0.0311031341552734 -0.0191898345947266 -0.0111370086669922 0.0101728439331055
0.0348777770996094 -0.0109004974365234 -0.0143966674804688 0.00443458557128906
0.0350704193115234 0.0101737976074219 -0.017730712890625 -0.000762939453124996
0.0246524810791016 0.0270614624023438 -0.00988960266113281 -0.00960922241210937
-0.00930023193359375 0.0389213562011719 0.00106239318847656 -0.0100698471069336
-0.0329399108886719 0.034088134765625 0.00348949432373047 0.00979328155517578
-0.0445671081542969 0.01678466796875 -0.0228404998779297 0.0163116455078125
-0.0384254455566406 -0.00420379638671876 -0.0221214294433594 0.0280799865722656
-0.0355148315429688 0.0115852355957031 -0.0264167785644531 0.0308303833007812
-0.0247707366943359 0.0276203155517578 -0.0105609893798828 0.0272140502929687
0.000816345214843749 0.0339527130126953 0.000677108764648438 0.0195598602294922
0.0207233428955078 0.0208282470703125 -0.000602245330810546 0.00841951370239258
0.0299892425537109 0.000812530517578125 -0.00544881820678711 0.00631046295166016
0.0249652862548828 -0.0126724243164063 -0.00935268402099609 0.010589599609375
0.0224819183349609 -0.0134620666503906 -0.0122690200805664 0.0151138305664063
0.0259132385253906 -0.0153331756591797 -0.0178489685058594 0.0177936553955078
0.0289402008056641 -0.00853347778320313 -0.0224113464355469 0.00968551635742187
0.0290451049804688 0.0086517333984375 -0.0246925354003906 0.000865936279296878
0.0201759338378906 0.0231094360351563 -0.0139884948730469 -0.00938987731933594
-0.0104866027832031 0.0322895050048828 -0.00182533264160156 -0.00898361206054687
-0.0310916900634766 0.02423095703125 -0.00310897827148438 0.0135993957519531
-0.0386123657226563 0.00618743896484376 -0.0362434387207031 0.0163383483886719
-0.0195465087890625 -0.01495361328125 -0.0317001342773438 0.0236530303955078
-0.0226802825927734 -0.00309371948242187 -0.0312614440917969 0.0284404754638672
-0.0188274383544922 0.0100345611572266 -0.0125503540039063 0.0237331390380859
-0.00448226928710937 0.0191078186035156 -0.00489425659179688 0.0153322219848633
0.00936698913574219 0.0133447647094727 -0.00710773468017578 0.00745964050292969
0.0181865692138672 0.00194168090820312 -0.0131092071533203 0.0100603103637695
0.0156841278076172 -0.0064697265625 -0.0155086517333984 0.0172348022460938
0.0142011642456055 -0.00768184661865234 -0.0164165496826172 0.0219917297363281
0.0167570114135742 -0.00962162017822266 -0.0228939056396484 0.0235557556152344
0.0193042755126953 -0.00581169128417969 -0.0290317535400391 0.0141448974609375
0.019927978515625 0.00543785095214844 -0.0296134948730469 0.00247573852539063
0.0139064788818359 0.0167198181152344 -0.0185394287109375 -0.0101356506347656
-0.0101585388183594 0.0226287841796875 -0.00483512878417969 -0.00905609130859375
-0.0253524780273438 0.0130023956298828 -0.00939178466796875 0.0142049789428711
-0.0274486541748047 -0.00503730773925781 -0.0468559265136719 0.0144157409667969
0.00605487823486328 0.0135898590087891 0.04949951171875 -0.0120697021484375
0.0145483016967773 -0.000710487365722656 0.0162801742553711 -0.00947380065917969
0.00300884246826172 -0.0101299285888672 0.00437450408935547 0.00978565216064453
-0.00566482543945313 -0.00776243209838867 0.0220832824707031 0.0149669647216797
-0.00895214080810547 -0.00202465057373047 0.0332450866699219 -0.00157928466796875
-0.00811243057250977 0.00448226928710938 0.0329399108886719 -0.0199203491210938
-0.00483274459838867 0.00255203247070312 0.0251216888427734 -0.0289134979248047
-0.00495338439941406 0.000392913818359376 0.0183486938476562 -0.0258293151855469
-0.00594091415405273 -0.000173091888427734 0.0169334411621094 -0.0201053619384766
-0.00323724746704101 -0.00458526611328125 0.0155601501464844 -0.0134773254394531
0.00254631042480469 -0.00737237930297852 0.0107355117797852 -0.00943946838378906
0.00864076614379883 -0.00312328338623047 0.00992870330810547 -0.0126791000366211
0.0112876892089844 0.00709819793701172 0.017547607421875 -0.0201358795166016
0.00831222534179688 0.0170307159423828 0.0314407348632813 -0.0251445770263672
-0.00102996826171875 0.0210170745849609 0.0337810516357422 -0.0172615051269531
-0.0129165649414062 0.0210933685302734 0.0499000549316406 -0.00402069091796875
0.00305461883544922 0.0131187438964844 0.0168828964233398 -0.00342178344726562
0.000417709350585937 0.00492525100708008 0.00633144378662109 0.013214111328125
0.00179886817932129 0.00437402725219726 0.0255832672119141 0.0170478820800781
0.00277853012084961 0.00317263603210449 0.0351390838623047 -0.000919342041015625
0.00487899780273438 0.00124883651733398 0.0339527130126953 -0.02008056640625
0.00597524642944336 -0.00495529174804688 0.0247421264648438 -0.0291500091552734
0.00640344619750976 -0.00633001327514648 0.0169696807861328 -0.0254840850830078
0.00705814361572266 -0.00784587860107422 0.0152912139892578 -0.0194091796875
0.0114946365356445 -0.00641822814941406 0.014801025390625 -0.0140047073364258
0.0150785446166992 0.000269889831542969 0.00928211212158203 -0.00944328308105469
0.0152921676635742 0.0108270645141602 0.00870132446289063 -0.0112676620483398
0.00351715087890625 0.0221595764160156 0.0142288208007813 -0.0181045532226563
-0.00753211975097656 0.0289421081542969 0.0263442993164063 -0.0202121734619141
-0.0191860198974609 0.0266819000244141 0.0296459197998047 -0.0106964111328125
-0.0311145782470703 0.0249500274658203 0.0430641174316406 0.00565719604492188
-0.0111122131347656 0.0254955291748047 0.0135164260864258 0.00538444519042969
-0.00407981872558594 0.0221652984619141 0.00657081604003906 0.0184593200683594
0.0091094970703125 0.0182380676269531 0.0262317657470703 0.0197696685791016
0.0149240493774414 0.00877761840820313 0.0337886810302734 0.00157928466796875
0.0184268951416016 -0.00176239013671875 0.0316295623779297 -0.0174312591552734
0.0164766311645508 -0.0117826461791992 0.0220603942871094 -0.0252952575683594
0.0162639617919922 -0.0123996734619141 0.0137405395507813 -0.0215950012207031
0.0189704895019531 -0.0142917633056641 0.010955810546875 -0.0154533386230469
0.0243244171142578 -0.00840950012207031 0.01043701171875 -0.0121316909790039
0.0269622802734375 0.005340576171875 0.00414466857910156 -0.00884437561035156
0.0213871002197266 0.0204563140869141 0.00494575500488281 -0.0108327865600586
-0.00077247619628906 0.0336265563964844 0.00995159149169922 -0.016474723815918
-0.0188789367675781 0.0372352600097656 0.0205535888671875 -0.0139293670654297
-0.0329456329345703 0.0302371978759766 0.0200099945068359 -0.00334930419921875
-0.0455169677734375 0.0242729187011719 0.0299968719482422 0.0156288146972656
-0.0257320404052734 0.0335025787353516 0.00628948211669922 0.0151224136352539
-0.0103034973144531 0.0372467041015625 0.00394058227539062 0.0237846374511719
0.0134601593017578 0.0316085815429688 0.0232410430908203 0.0229053497314453
0.0253105163574219 0.01507568359375 0.0290355682373047 0.00465774536132813
0.0301589965820313 -0.00329971313476563 0.0254497528076172 -0.0120677947998047
0.0250682830810547 -0.0173511505126953 0.0165176391601563 -0.0184898376464844
0.0236949920654297 -0.0167999267578125 0.00750923156738282 -0.0136499404907227
0.0270900726318359 -0.0191268920898438 0.00439548492431641 -0.00795078277587891
0.0324211120605469 -0.0107784271240234 0.00278329849243164 -0.00747108459472656
0.0344982147216797 0.00802230834960938 -0.00287532806396484 -0.00681114196777344
0.0263214111328125 0.0257244110107422 -4.8637390136717E-05 -0.0103607177734375
-0.0035858154296875 0.0409469604492188 0.00603485107421875 -0.0142555236816406
-0.0263137817382813 0.0422706604003906 0.0144596099853516 -0.00594615936279297
-0.0412979125976563 0.0299186706542969 0.00730323791503906 0.00415325164794922
-0.0527763366699219 0.0182991027832031 0.0118637084960937 0.0235786437988281
-0.0369453430175781 0.0343780517578125 -0.00490951538085938 0.0241718292236328
-0.0180778503417969 0.04437255859375 -0.000909805297851562 0.0277156829833984
0.0135650634765625 0.0408744812011719 0.0165882110595703 0.0243434906005859
0.0299472808837891 0.0205650329589844 0.0200366973876953 0.00785064697265625
0.0367012023925781 -0.00337982177734375 0.0163278579711914 -0.00555419921875
0.0295829772949219 -0.0193958282470703 0.0084834098815918 -0.0086359977722168
0.0277328491210938 -0.0187053680419922 0.000725269317626955 -0.0039370059967041
0.0311717987060547 -0.0213527679443359 -0.00334572792053222 0.000772476196289062
0.0360908508300781 -0.0119247436523438 -0.00567197799682617 -0.00164127349853516
0.0366134643554688 0.0091094970703125 -0.0106668472290039 -0.00376605987548828
0.0276470184326172 0.0277671813964844 -0.00511360168457031 -0.00950336456298828
-0.00620651245117188 0.0427207946777344 0.00345516204833984 -0.0115861892700195
-0.0305290222167969 0.0414657592773438 0.00889492034912109 0.0026082992553711
-0.0456161499023438 0.0252876281738281 -0.00760650634765625 0.0112247467041016
-0.0500755310058594 0.00823974609374999 -0.0065765380859375 0.027801513671875
-0.0407257080078125 0.026397705078125 -0.0171489715576172 0.0298271179199219
-0.023773193359375 0.0406875610351562 -0.00631904602050781 0.0285892486572266
0.00834274291992188 0.0421485900878906 0.00835037231445312 0.0230560302734375
0.0283737182617188 0.0231609344482422 0.00911140441894532 0.00905036926269531
0.0366134643554688 -0.00162124633789063 0.00493049621582032 0.00128507614135742
0.0297470092773438 -0.0179195404052734 -0.000645995140075682 0.00211119651794433
0.0270252227783203 -0.0173740386962891 -0.00644159317016601 0.00647401809692383
0.0305004119873047 -0.0201740264892578 -0.0109081268310547 0.0103549957275391
0.0346298217773437 -0.0113906860351563 -0.0147075653076172 0.00448417663574219
0.0356101989746094 0.00905990600585938 -0.0181179046630859 -0.00111007690429687
0.0250091552734375 0.0264472961425781 -0.0101699829101563 -0.00942897796630859
-0.00878143310546875 0.0397529602050781 0.000673294067382812 -0.0099039077758789
-0.0320720672607422 0.0349788665771484 0.00324344635009765 0.00898933410644531
-0.0444183349609375 0.0170745849609375 -0.0226097106933594 0.0152511596679688
-0.037994384765625 -0.00380325317382812 -0.022125244140625 0.0286941528320313
-0.0355415344238281 0.0122489929199219 -0.0264225006103516 0.0304336547851563
-0.0244503021240234 0.0282211303710938 -0.0111484527587891 0.0265712738037109
0.00209999084472656 0.0342521667480469 -0.000116348266601564 0.0191402435302734
0.0209159851074219 0.0201702117919922 -0.000803947448730468 0.00899505615234375
0.0300273895263672 0.000516891479492188 -0.00576353073120117 0.0066380500793457
0.0243320465087891 -0.0131874084472656 -0.00906848907470703 0.0105094909667969
0.0219821929931641 -0.0137062072753906 -0.0121402740478516 0.0153112411499023
0.0253524780273438 -0.0160884857177734 -0.0176277160644531 0.0180606842041016
0.0285320281982422 -0.00901603698730469 -0.0230274200439453 0.0100059509277344
0.0294456481933594 0.00767898559570313 -0.0246162414550781 0.000858306884765626
0.0203742980957031 0.0226459503173828 -0.0144157409667969 -0.0090789794921875
-0.00982475280761719 0.032867431640625 -0.00187969207763672 -0.009033203125
-0.0306167602539062 0.0254325866699219 -0.00319194793701172 0.0134248733520508
-0.0385284423828125 0.00640106201171875 -0.0361213684082031 0.0160064697265625
-0.0200767517089844 -0.0142974853515625 -0.0318737030029297 0.0245685577392578
-0.022979736328125 -0.00212287902832031 -0.0315761566162109 0.0279674530029297
-0.0186023712158203 0.0108261108398437 -0.0131645202636719 0.0234737396240234
-0.00358390808105469 0.0196647644042969 -0.00621891021728516 0.0156307220458984
0.0097503662109375 0.0135593414306641 -0.00709867477416992 0.00777864456176758
0.0173768997192383 0.00184726715087891 -0.0130195617675781 0.0102443695068359
0.0147857666015625 -0.00675392150878906 -0.0150184631347656 0.0175437927246094
0.0136651992797852 -0.00791549682617188 -0.0159683227539063 0.0221385955810547
0.016200065612793 -0.0103015899658203 -0.0223464965820312 0.0235862731933594
0.0190353393554688 -0.00681495666503906 -0.0292778015136719 0.0143070220947266
0.0203876495361328 0.005035400390625 -0.0299339294433594 0.00290489196777344
0.0144948959350586 0.0162973403930664 -0.0186595916748047 -0.00957489013671875
-0.00932693481445313 0.0229377746582031 -0.00449562072753907 -0.00928401947021484
-0.0250930786132813 0.0132389068603516 -0.00897693634033203 0.0140171051025391
-0.0273609161376953 -0.00455856323242187 -0.0468635559082031 0.0143051147460937
0.00603389739990234 0.0137615203857422 0.0511856079101563 -0.0123672485351563
0.0147180557250977 -0.000497817993164063 0.016932487487793 -0.00927925109863281
0.00261878967285156 -0.0106821060180664 0.00485801696777344 0.010655403137207
-0.00591373443603516 -0.00785446166992188 0.0226860046386719 0.0155963897705078
-0.00896930694580078 -0.00139331817626953 0.0339107513427734 -0.00149345397949219
-0.00777912139892578 0.00491094589233398 0.0332145690917969 -0.0204277038574219
-0.00477313995361328 0.00330495834350586 0.025390625 -0.0296649932861328
-0.00457429885864258 0.000503063201904296 0.0183544158935547 -0.026611328125
-0.00574731826782227 -3.91006469726571E-05 0.0165004730224609 -0.0209274291992188
-0.00329923629760742 -0.00457763671875 0.0158567428588867 -0.0144615173339844
0.00215673446655273 -0.00744247436523438 0.0111026763916016 -0.01031494140625
0.00853872299194336 -0.00316333770751953 0.0115718841552734 -0.013218879699707
0.0113725662231445 0.00680732727050781 0.0184001922607422 -0.0206470489501953
0.00826263427734375 0.0169172286987305 0.0323028564453125 -0.0258865356445312
-0.00103187561035156 0.0212001800537109 0.0352592468261719 -0.0183639526367188
-0.0133380889892578 0.0214977264404297 0.0510177612304688 -0.00403213500976562
0.00303840637207031 0.0135498046875 0.0172910690307617 -0.0034952163696289
0.00040578842163086 0.00585222244262695 0.00630950927734375 0.0141077041625977
0.00194787979125977 0.00445032119750976 0.0257740020751953 0.0171051025390625
0.00291657447814941 0.00339865684509277 0.0356597900390625 -0.000400543212890625
0.00546169281005859 0.00126028060913086 0.0342006683349609 -0.0207366943359375
0.00603914260864258 -0.00544261932373047 0.0250091552734375 -0.0301055908203125
0.00635814666748047 -0.00662946701049805 0.0168094635009766 -0.0262355804443359
0.00793266296386719 -0.00818872451782227 0.0150356292724609 -0.0205135345458984
0.0119056701660156 -0.00632476806640625 0.0149307250976563 -0.0148696899414063
0.0156984329223633 0.000386238098144531 0.00964546203613281 -0.0106792449951172
0.0153722763061523 0.0108547210693359 0.00960922241210938 -0.0120067596435547
0.00367355346679687 0.0223922729492188 0.0149555206298828 -0.0182781219482422
-0.00755500793457031 0.0293254852294922 0.0274372100830078 -0.0209770202636719
-0.0197849273681641 0.0272960662841797 0.0310878753662109 -0.0115699768066406
-0.0318145751953125 0.0258960723876953 0.0436515808105469 0.00516510009765625
-0.0114879608154297 0.0265789031982422 0.0135507583618164 0.00550460815429688
-0.00363540649414063 0.0233612060546875 0.00628280639648437 0.0192890167236328
0.00930213928222656 0.0187511444091797 0.0268192291259766 0.0204906463623047
0.0154838562011719 0.00895595550537109 0.0344486236572266 0.00211715698242188
0.0190181732177734 -0.00212669372558594 0.0321674346923828 -0.0176544189453125
0.0164804458618164 -0.0134439468383789 0.0223808288574219 -0.026123046875
0.0165901184082031 -0.0129528045654297 0.0130424499511719 -0.0220565795898438
0.0193729400634766 -0.014862060546875 0.0105171203613281 -0.0161275863647461
0.0246906280517578 -0.00908279418945313 0.00978946685791016 -0.0130128860473633
0.0276355743408203 0.00501632690429688 0.00384044647216797 -0.00946903228759766
0.0218429565429688 0.0204982757568359 0.00567626953125 -0.01177978515625
-0.000694274902343751 0.035369873046875 0.0105695724487305 -0.0170230865478516
-0.0187873840332031 0.0393562316894531 0.0211277008056641 -0.0145969390869141
-0.0338668823242188 0.0309276580810547 0.0210113525390625 -0.00386810302734375
-0.0471305847167969 0.0255393981933594 0.0302410125732422 0.0160102844238281
-0.0264854431152344 0.0352859497070312 0.00605964660644531 0.015385627746582
-0.0105743408203125 0.0385398864746094 0.00359153747558594 0.0247249603271484
0.0141811370849609 0.0322799682617188 0.0235214233398438 0.0234413146972656
0.0262050628662109 0.0151329040527344 0.0295753479003906 0.00512123107910156
0.0308380126953125 -0.00362777709960938 0.0259304046630859 -0.0122528076171875
0.0256214141845703 -0.0180587768554688 0.0168418884277344 -0.0189952850341797
0.0238323211669922 -0.0174922943115234 0.00737667083740235 -0.0141401290893555
0.0274810791015625 -0.0199184417724609 0.00372791290283203 -0.00864458084106445
0.03338623046875 -0.0120449066162109 0.00235795974731445 -0.0083613395690918
0.0356330871582031 0.00749588012695313 -0.00349617004394531 -0.00755071640014648
0.0272159576416016 0.0263957977294922 -7.43865966796859E-05 -0.011082649230957
-0.00280380249023437 0.0428085327148438 0.00680351257324219 -0.0147266387939453
-0.0261001586914062 0.0442886352539063 0.0145196914672852 -0.00649070739746093
-0.0429115295410156 0.030914306640625 0.00770998001098632 0.00311422348022461
-0.0542259216308594 0.0189933776855469 0.0122509002685547 0.0245838165283203
-0.0375709533691406 0.034942626953125 -0.0054168701171875 0.024810791015625
-0.0177268981933594 0.0460090637207031 -0.00228691101074219 0.0286445617675781
0.0140571594238281 0.0427360534667969 0.0163154602050781 0.0248908996582031
0.0315113067626953 0.0207881927490234 0.0203628540039063 0.00830459594726563
0.0375633239746094 -0.00388717651367188 0.0159292221069336 -0.00538825988769531
0.0303401947021484 -0.0203781127929688 0.00829696655273438 -0.00868844985961914
0.028045654296875 -0.0192890167236328 0.000514507293701173 -0.00416254997253418
0.03167724609375 -0.0223007202148437 -0.00379633903503418 0.000884294509887694
0.0369529724121094 -0.0129737854003906 -0.00633621215820312 -0.00243520736694336
0.0387306213378906 0.0086669921875 -0.0115928649902344 -0.0042724609375
0.0283699035644531 0.0279178619384766 -0.00558757781982422 -0.0101394653320312
-0.00543594360351562 0.0446929931640625 0.0037851333618164 -0.0127830505371094
-0.0306129455566406 0.043212890625 0.00921821594238281 0.00216007232666016
-0.0466766357421875 0.0262680053710937 -0.00726509094238281 0.0100193023681641
-0.0517044067382813 0.00830459594726562 -0.00752830505371094 0.0288009643554687
-0.0413780212402344 0.0274848937988281 -0.0176677703857422 0.0299549102783203
-0.0237312316894531 0.0431098937988281 -0.00726127624511719 0.0290412902832031
0.00952911376953125 0.0431747436523438 0.00785446166992188 0.0240287780761719
0.0294971466064453 0.0229473114013672 0.00950717926025391 0.00958728790283203
0.0380935668945313 -0.00185775756835937 0.00500583648681641 0.0015110969543457
0.0294418334960937 -0.0182991027832031 -0.00088989734649658 0.00147640705108642
0.027374267578125 -0.0185203552246094 -0.00654983520507812 0.00623989105224609
0.0305061340332031 -0.0217227935791016 -0.011077880859375 0.0109586715698242
0.0352096557617188 -0.0130615234375 -0.0153446197509766 0.00425910949707031
0.0367164611816406 0.00851821899414063 -0.0189609527587891 -0.00153732299804688
0.0264015197753906 0.0270519256591797 -0.0102062225341797 -0.00978660583496094
-0.007965087890625 0.0410614013671875 0.000925064086914063 -0.0105752944946289
-0.0322189331054688 0.0369606018066406 0.00333976745605469 0.00901603698730469
-0.0453262329101563 0.0177955627441406 -0.0231342315673828 0.0146217346191406
-0.0392837524414063 -0.00266647338867188 -0.0234317779541016 0.0293216705322266
-0.0365867614746094 0.0137100219726562 -0.0275230407714844 0.0313129425048828
-0.0246219635009766 0.0302600860595703 -0.0120067596435547 0.0268020629882813
0.0027923583984375 0.0354499816894531 -0.000709533691406252 0.0202732086181641
0.0216655731201172 0.0203342437744141 -0.00107669830322266 0.00955295562744141
0.0307826995849609 -0.000204086303710938 -0.00556612014770508 0.00727701187133789
0.0247058868408203 -0.0141792297363281 -0.00890350341796875 0.0109615325927734
0.0219688415527344 -0.0147762298583984 -0.012629508972168 0.0154705047607422
0.0254650115966797 -0.0174026489257813 -0.0177326202392578 0.0188522338867188
0.0294284820556641 -0.010406494140625 -0.0237178802490234 0.00970840454101562
0.0305023193359375 0.00753021240234375 -0.0255222320556641 0.00163841247558594
0.0210094451904297 0.022430419921875 -0.0149545669555664 -0.00917625427246094
-0.0100612640380859 0.0340995788574219 -0.00139236450195313 -0.00909328460693359
-0.0306892395019531 0.0261440277099609 -0.002593994140625 0.0124759674072266
-0.03912353515625 0.00709152221679688 -0.0373992919921875 0.0152397155761719
-0.0207118988037109 -0.0138320922851563 -0.0334491729736328 0.0253448486328125
-0.0229396820068359 -0.00181770324707031 -0.03228759765625 0.028594970703125
-0.0184059143066406 0.0118904113769531 -0.0140171051025391 0.0239582061767578
-0.00316047668457031 0.0203113555908203 -0.00679779052734375 0.0160713195800781
0.0106353759765625 0.0131149291992187 -0.00781059265136719 0.0085906982421875
0.0180702209472656 0.00141525268554688 -0.0128803253173828 0.01123046875
0.0153331756591797 -0.00755596160888672 -0.0147323608398438 0.0179710388183594
0.0139913558959961 -0.00869560241699219 -0.0162334442138672 0.0225086212158203
0.0161294937133789 -0.0108127593994141 -0.0221691131591797 0.0247058868408203
0.0194377899169922 -0.00725746154785156 -0.0301589965820312 0.0145778656005859
0.0209579467773438 0.00492477416992188 -0.0310993194580078 0.00305938720703124
0.0144224166870117 0.0159139633178711 -0.0189971923828125 -0.00947380065917969
-0.00974655151367188 0.0230846405029297 -0.00464153289794922 -0.00986099243164062
-0.0251121520996094 0.0141677856445313 -0.00860977172851563 0.0137825012207031
-0.0274467468261719 -0.00461196899414063 -0.0482711791992187 0.0143394470214844
0.00644969940185547 0.0144081115722656 0.0537796020507813 -0.0141716003417969
0.015162467956543 -0.00115299224853516 0.0167436599731445 -0.0103673934936523
0.00286960601806641 -0.0109539031982422 0.00441741943359375 0.0107803344726563
-0.00626373291015625 -0.00750446319580078 0.0241622924804688 0.0157814025878906
-0.0095672607421875 -0.000768661499023439 0.0349502563476563 -0.00220108032226563
-0.00793981552124024 0.00527095794677734 0.0339088439941406 -0.0228157043457031
-0.00436806678771973 0.00319385528564453 0.0253849029541016 -0.0315685272216797
-0.00489377975463867 0.001190185546875 0.0181713104248047 -0.028411865234375
-0.00582218170166016 0.000178337097167968 0.0167026519775391 -0.0226860046386719
-0.00374412536621094 -0.00426459312438965 0.0154428482055664 -0.0157842636108398
0.00218629837036133 -0.00681447982788086 0.0117282867431641 -0.0115966796875
0.00911617279052734 -0.00296688079833984 0.0118131637573242 -0.0145845413208008
0.0120325088500977 0.00635147094726563 0.0195140838623047 -0.0216884613037109
0.00952434539794922 0.0172576904296875 0.0330657958984375 -0.0276622772216797
-0.000865936279296875 0.0216827392578125 0.03753662109375 -0.0209159851074219
-0.0133571624755859 0.0224800109863281 0.0535507202148438 -0.00509262084960937
0.00308990478515625 0.0138778686523438 0.0178279876708984 -0.00372123718261719
0.00060272216796875 0.00631189346313477 0.0069122314453125 0.014582633972168
0.00196695327758789 0.00461721420288086 0.0272140502929687 0.0176239013671875
0.0032951831817627 0.00334978103637695 0.0371475219726563 -0.00102615356445312
0.00626945495605469 0.000638484954833984 0.0351161956787109 -0.0226020812988281
0.00648641586303711 -0.00555181503295898 0.0253753662109375 -0.0322952270507812
0.00661325454711914 -0.00722408294677734 0.0165138244628906 -0.02789306640625
0.00759553909301758 -0.00813913345336914 0.0147438049316406 -0.0219058990478516
0.0122966766357422 -0.00688743591308594 0.0145139694213867 -0.016545295715332
0.0161724090576172 0.000283241271972656 0.009246826171875 -0.0120582580566406
0.0159912109375 0.0113935470581055 0.0102567672729492 -0.0134086608886719
0.00428009033203125 0.0233001708984375 0.0154571533203125 -0.0191898345947266
-0.00715827941894531 0.0308380126953125 0.0278282165527344 -0.0224704742431641
-0.020294189453125 0.0286674499511719 0.0324516296386719 -0.01373291015625
-0.0324325561523437 0.0280914306640625 0.0458221435546875 0.00449371337890625
-0.0112781524658203 0.02813720703125 0.0141010284423828 0.00544834136962891
-0.00259017944335938 0.0244102478027344 0.006683349609375 0.0197219848632812
0.0105400085449219 0.0198974609375 0.0277099609375 0.0206260681152344
0.0166721343994141 0.00890064239501953 0.0352020263671875 0.000885009765625001
0.0199394226074219 -0.00275611877441406 0.0327529907226563 -0.0191745758056641
0.0174522399902344 -0.0143728256225586 0.0225162506103516 -0.0279922485351563
0.0166330337524414 -0.0145807266235352 0.0124473571777344 -0.0238456726074219
0.0193805694580078 -0.0165119171142578 0.00991344451904297 -0.0174293518066406
0.0253334045410156 -0.0106067657470703 0.00955390930175781 -0.014613151550293
0.0289764404296875 0.00422096252441406 0.00351333618164063 -0.0108861923217773
0.0236434936523438 0.0213623046875 0.00570392608642578 -0.0131683349609375
0.000194549560546874 0.0369224548339844 0.0109481811523438 -0.0181026458740234
-0.0188522338867188 0.0416374206542969 0.0219459533691406 -0.0163345336914062
-0.0350093841552734 0.0334415435791016 0.022369384765625 -0.00616264343261719
-0.0485458374023438 0.0275115966796875 0.0322475433349609 0.0161724090576172
-0.0260658264160156 0.0377922058105469 0.00628948211669922 0.0163745880126953
-0.00954055786132813 0.040863037109375 0.00385284423828125 0.0257091522216797
0.0161628723144531 0.0338973999023437 0.0246238708496094 0.0242214202880859
0.0277061462402344 0.0152816772460937 0.0299930572509766 0.00513839721679688
0.0319976806640625 -0.00522041320800781 0.0273647308349609 -0.0136127471923828
0.0257339477539063 -0.0199966430664062 0.0162773132324219 -0.0200576782226563
0.0244026184082031 -0.0194282531738281 0.00696945190429688 -0.0151920318603516
0.0275535583496094 -0.0219631195068359 0.00382232666015625 -0.00911235809326172
0.034149169921875 -0.0137958526611328 0.00160598754882813 -0.00894927978515625
0.0376853942871094 0.00673294067382813 -0.00401782989501953 -0.00842761993408203
0.0294876098632813 0.0265064239501953 0.000494956970214846 -0.0118217468261719
-0.00213241577148438 0.0444679260253906 0.00678062438964844 -0.0150718688964844
-0.0261001586914063 0.04754638671875 0.0157699584960938 -0.00772953033447265
-0.0439872741699219 0.0331573486328125 0.00869035720825195 0.00230836868286133
-0.0559577941894531 0.0217819213867187 0.0127067565917969 0.0252456665039062
-0.03851318359375 0.0381126403808594 -0.00564956665039063 0.0253429412841797
-0.0176429748535156 0.0487022399902344 -0.00179862976074219 0.0292816162109375
0.0162925720214844 0.0439834594726563 0.0173816680908203 0.0258903503417969
0.0332775115966797 0.0213699340820313 0.0211200714111328 0.00833702087402344
0.0391387939453125 -0.005615234375 0.016932487487793 -0.00540351867675781
0.0311698913574219 -0.0218105316162109 0.00882339477539063 -0.00973033905029297
0.0279045104980469 -0.0210227966308594 0.000764369964599611 -0.00467395782470703
0.0318508148193359 -0.0249099731445313 -0.00418210029602051 0.000874757766723632
0.0379409790039062 -0.0154533386230469 -0.00790691375732422 -0.00259876251220703
0.0406761169433594 0.00780868530273438 -0.0122299194335937 -0.00436592102050781
0.0313053131103516 0.0286159515380859 -0.00527191162109375 -0.0104160308837891
-0.00420379638671875 0.0471267700195313 0.00382518768310547 -0.0126762390136719
-0.030364990234375 0.0466537475585938 0.00948905944824219 0.00151824951171875
-0.0486679077148438 0.0287208557128906 -0.00723075866699219 0.00971794128417969
-0.0533599853515625 0.0113601684570312 -0.00729942321777344 0.0305328369140625
-0.0424919128417969 0.0296974182128906 -0.0187492370605469 0.0312976837158203
-0.0237655639648438 0.045806884765625 -0.00857734680175782 0.0300788879394531
0.0113143920898438 0.0452232360839844 0.00788688659667969 0.0248889923095703
0.0313777923583984 0.0234203338623047 0.0101099014282227 0.010737419128418
0.0396728515625 -0.00407028198242188 0.00547552108764649 0.00200843811035156
0.0304145812988281 -0.0204257965087891 -0.00078606605529785 0.0015411376953125
0.0278797149658203 -0.0204753875732422 -0.0062255859375 0.00667238235473633
0.0315055847167969 -0.0234775543212891 -0.0114307403564453 0.011042594909668
0.0360298156738281 -0.0146255493164063 -0.0167417526245117 0.00489425659179687
0.0382804870605469 0.007598876953125 -0.0198841094970703 -0.00129890441894531
0.0285797119140625 0.0273094177246094 -0.0107259750366211 -0.0104494094848633
-0.00645828247070313 0.0441665649414063 0.000995635986328125 -0.0109071731567383
-0.0322532653808594 0.0403175354003906 0.00392246246337891 0.00902080535888672
-0.0469932556152344 0.0195388793945313 -0.0231533050537109 0.0147781372070313
-0.0414848327636719 -0.00139999389648438 -0.0244941711425781 0.0314750671386719
-0.0370025634765625 0.0154075622558594 -0.0281200408935547 0.032339096069336
-0.0245952606201172 0.0318202972412109 -0.0133590698242187 0.0276985168457031
0.00437164306640625 0.0368690490722656 -0.00130844116210937 0.0214023590087891
0.0227470397949219 0.02044677734375 -0.000868797302246093 0.0106210708618164
0.0325088500976563 -0.00175094604492188 -0.00484323501586914 0.00768375396728516
0.0247726440429688 -0.0158634185791016 -0.00916576385498047 0.0113315582275391
0.0227146148681641 -0.0159568786621094 -0.0123252868652344 0.0165815353393555
0.0257854461669922 -0.0194282531738281 -0.0181884765625 0.0198535919189453
0.0294570922851563 -0.0120773315429688 -0.0244903564453125 0.0114212036132813
0.0321979522705078 0.00596046447753906 -0.0264759063720703 0.00238418579101563
0.0231475830078125 0.0230560302734375 -0.0161209106445313 -0.00973701477050781
-0.00912857055664062 0.0359230041503906 -0.00200462341308594 -0.0100135803222656
-0.0309944152832031 0.0290412902832031 -0.00291824340820313 0.0132122039794922
-0.0402069091796875 0.00808334350585938 -0.0382156372070313 0.0169029235839844
-0.0218925476074219 -0.0134220123291016 -0.034576416015625 0.0281410217285156
-0.0246200561523438 -0.000263214111328124 -0.0337810516357422 0.0304183959960937
-0.0192317962646484 0.0132331848144531 -0.0151958465576172 0.0248527526855469
-0.0021820068359375 0.0214061737060547 -0.00705337524414063 0.0168991088867188
0.0110225677490234 0.0135364532470703 -0.00832080841064453 0.00992774963378906
0.0193576812744141 0.00028228759765625 -0.0127878189086914 0.0126962661743164
0.0149307250976563 -0.00846290588378906 -0.0152435302734375 0.0191268920898438
0.0143976211547852 -0.00916957855224609 -0.0161361694335938 0.0235881805419922
0.0166807174682617 -0.0120506286621094 -0.0226173400878906 0.0264205932617187
0.0198001861572266 -0.00841140747070313 -0.0311145782470703 0.0159816741943359
0.0218524932861328 0.0042724609375 -0.0316314697265625 0.00380516052246093
0.0157594680786133 0.0158767700195313 -0.0203151702880859 -0.0101089477539063
-0.00916481018066406 0.0246696472167969 -0.00505352020263672 -0.0103664398193359
-0.0252552032470703 0.0153236389160156 -0.00909900665283203 0.0144577026367188
-0.0287971496582031 -0.00410842895507812 -0.04974365234375 0.0156478881835938
0.00747013092041016 0.0145425796508789 0.0554122924804688 -0.0169525146484375
0.0158491134643555 -0.00247669219970703 0.0172901153564453 -0.0116062164306641
0.00214862823486328 -0.01153564453125 0.00530052185058594 0.0113582611083984
-0.00721836090087891 -0.00753974914550781 0.026275634765625 0.0154800415039062
-0.00941753387451172 -0.000431060791015624 0.0369911193847656 -0.00385284423828125
-0.007476806640625 0.00574254989624024 0.0344371795654297 -0.0248603820800781
-0.00398564338684082 0.00376129150390625 0.0244483947753906 -0.0348949432373047
-0.00514602661132813 0.00142908096313477 0.0169925689697266 -0.0304775238037109
-0.00568437576293945 0.000626564025878905 0.0155849456787109 -0.0245246887207031
-0.00393223762512207 -0.00414323806762695 0.0149078369140625 -0.0175857543945313
0.00172567367553711 -0.00780582427978516 0.0115880966186523 -0.0136861801147461
0.00880050659179688 -0.00419330596923828 0.0124359130859375 -0.0165433883666992
0.0125799179077148 0.00543117523193359 0.0194969177246094 -0.0231056213378906
0.0100564956665039 0.0172271728515625 0.0332984924316406 -0.0302028656005859
0.000232696533203124 0.0224208831787109 0.0382347106933594 -0.0246620178222656
-0.0123653411865234 0.0240154266357422 0.0556449890136719 -0.00841522216796875
0.00441265106201172 0.0145444869995117 0.0189075469970703 -0.00516319274902344
0.000813961029052734 0.00674009323120117 0.00729560852050781 0.0148448944091797
0.00224733352661133 0.00512027740478516 0.0291786193847656 0.0175418853759766
0.00383734703063965 0.00364828109741211 0.0386009216308594 -0.00304031372070312
0.00658750534057617 0.000245094299316406 0.0352058410644531 -0.0251235961914062
0.00674343109130859 -0.00664901733398437 0.0242538452148438 -0.0351448059082031
0.00643730163574219 -0.00798940658569336 0.0152339935302734 -0.0298213958740234
0.00770282745361328 -0.00924110412597656 0.0138168334960937 -0.0238189697265625
0.0127038955688477 -0.00772762298583984 0.0136032104492188 -0.0184898376464844
0.0170269012451172 -0.000681877136230469 0.00898265838623047 -0.0136623382568359
0.0173435211181641 0.0110139846801758 0.0103893280029297 -0.0148344039916992
0.005706787109375 0.0240039825439453 0.0158023834228516 -0.0208282470703125
-0.00609970092773437 0.0323925018310547 0.0282096862792969 -0.0250835418701172
-0.0191631317138672 0.0307807922363281 0.0339393615722656 -0.0172309875488281
-0.0325088500976563 0.0307102203369141 0.0484390258789063 0.00299072265625
-0.0104236602783203 0.0301685333251953 0.0150384902954102 0.00468254089355469
-0.00177764892578125 0.0262641906738281 0.00731468200683594 0.0203571319580078
0.0122203826904297 0.01995849609375 0.0297031402587891 0.0207500457763672
0.0183506011962891 0.00863265991210938 0.0371170043945313 -0.000377655029296874
0.0210552215576172 -0.00454139709472656 0.033294677734375 -0.0220165252685547
0.0172700881958008 -0.0161037445068359 0.0210742950439453 -0.0304317474365234
0.0164957046508789 -0.0160684585571289 0.011444091796875 -0.0248985290527344
0.0192584991455078 -0.0184822082519531 0.00939369201660157 -0.0186328887939453
0.0258255004882813 -0.0129680633544922 0.00841808319091797 -0.0161733627319336
0.0304355621337891 0.0032196044921875 0.00293254852294922 -0.0122575759887695
0.026275634765625 0.0206069946289062 0.0058889389038086 -0.013829231262207
0.002655029296875 0.0387077331542969 0.01116943359375 -0.0190582275390625
-0.017120361328125 0.0443534851074219 0.021728515625 -0.0178165435791016
-0.034820556640625 0.0363388061523438 0.0234775543212891 -0.00870132446289062
-0.0485305786132813 0.0313301086425781 0.0346164703369141 0.0150089263916016
-0.0253524780273437 0.0406112670898438 0.00715160369873047 0.0163993835449219
-0.00735855102539062 0.043365478515625 0.0045928955078125 0.0262165069580078
0.0190505981445313 0.03399658203125 0.0263938903808594 0.0240821838378906
0.03045654296875 0.0144691467285156 0.0319366455078125 0.00415802001953125
0.0337638854980469 -0.00762939453125 0.0273990631103516 -0.0151290893554688
0.0257854461669922 -0.0226840972900391 0.0156230926513672 -0.0220222473144531
0.0242385864257813 -0.0216732025146484 0.00624561309814453 -0.0160484313964844
0.0275135040283203 -0.0254898071289062 0.00254917144775391 -0.0096578598022461
0.0348911285400391 -0.0164318084716797 0.000270843505859378 -0.0108528137207031
0.0396232604980469 0.00479507446289063 -0.0052032470703125 -0.00880908966064453
0.0324440002441406 0.0259456634521484 0.000316619873046877 -0.0130195617675781
0.000789642333984372 0.0472679138183594 0.00683498382568359 -0.0165109634399414
-0.024383544921875 0.0509033203125 0.015660285949707 -0.00905609130859375
-0.044464111328125 0.037200927734375 0.0094156265258789 0.000332832336425784
-0.0573921203613281 0.0258560180664063 0.0147533416748047 0.0258903503417969
-0.0377616882324219 0.0420646667480469 -0.00422286987304688 0.0268135070800781
-0.0149307250976562 0.0523338317871094 -0.00149726867675781 0.0307769775390625
0.0198402404785156 0.0447883605957031 0.0186748504638672 0.0264854431152344
0.0359725952148438 0.0200271606445313 0.0221099853515625 0.00826644897460938
0.0411376953125 -0.00837326049804688 0.0178031921386719 -0.00623893737792969
0.0304813385009766 -0.0252437591552734 0.00790214538574219 -0.0100183486938477
0.0279026031494141 -0.0242290496826172 -0.000361442565917967 -0.00485706329345703
0.0319728851318359 -0.0283565521240234 -0.00419545173645019 0.00098443031311035
0.0382804870605469 -0.0188941955566406 -0.00871801376342773 -0.00290155410766602
0.0427322387695313 0.0047607421875 -0.0136518478393555 -0.00465774536132812
0.0341644287109375 0.0275344848632813 -0.00623798370361328 -0.0114822387695313
-0.00128555297851563 0.0494270324707031 0.00363349914550781 -0.0139617919921875
-0.0289306640625 0.050537109375 0.0105752944946289 0.000459671020507816
-0.0485801696777344 0.0321083068847656 -0.00668621063232422 0.00944137573242188
-0.0550804138183594 0.0152015686035156 -0.00635528564453126 0.0324821472167969
-0.0425567626953125 0.0337181091308594 -0.0176029205322266 0.0336933135986328
-0.02154541015625 0.0491714477539062 -0.0075225830078125 0.0319080352783203
0.0148277282714844 0.0463180541992188 0.00835990905761719 0.0257816314697266
0.0343818664550781 0.0225658416748047 0.0104198455810547 0.0107030868530273
0.0410194396972656 -0.0066680908203125 0.0062565803527832 0.00205755233764648
0.0305442810058594 -0.0233840942382813 -0.000788092613220213 0.00197315216064453
0.027618408203125 -0.0229301452636719 -0.00649547576904297 0.00712823867797851
0.0308856964111328 -0.0267791748046875 -0.0117673873901367 0.0120563507080078
0.0361671447753906 -0.0180931091308594 -0.0177497863769531 0.00595474243164062
0.0410957336425781 0.0050048828125 -0.021240234375 0.000141143798828127
0.0314769744873047 0.0264663696289062 -0.011815071105957 -0.0100975036621094
-0.00424194335937501 0.046417236328125 0.000722885131835937 -0.0113906860351562
-0.0308151245117187 0.0438079833984375 0.00450372695922851 0.00874853134155274
-0.048095703125 0.0229110717773438 -0.0240058898925781 0.0160408020019531
-0.0428428649902344 0.000869750976562509 -0.0241241455078125 0.0349864959716797
-0.038055419921875 0.0184669494628906 -0.0288352966308594 0.0352096557617187
-0.0234584808349609 0.0347270965576172 -0.0130577087402344 0.0292873382568359
0.00711441040039063 0.0379524230957031 -0.000989913940429686 0.0222988128662109
0.0257034301757812 0.0203800201416016 -0.000305175781249999 0.0112094879150391
0.0336894989013672 -0.00400543212890625 -0.00480747222900391 0.00898075103759766
0.0250778198242188 -0.0182075500488281 -0.00873851776123047 0.0129098892211914
0.0224857330322266 -0.0177059173583984 -0.0118312835693359 0.0175971984863281
0.0253524780273437 -0.0219669342041016 -0.0177402496337891 0.0215225219726562
0.0298976898193359 -0.0149497985839844 -0.0249595642089844 0.0130977630615234
0.0336837768554688 0.00446891784667969 -0.0279178619384766 0.00339317321777344
0.0255374908447266 0.0229969024658203 -0.0171384811401367 -0.009185791015625
-0.0067901611328125 0.0381507873535156 -0.00253105163574219 -0.0103683471679687
-0.0299263000488281 0.0316944122314453 -0.00238800048828125 0.0136337280273438
-0.041595458984375 0.0102958679199219 -0.0386619567871094 0.0191802978515625
-0.0237827301025391 -0.0118274688720703 -0.0356369018554688 0.0314674377441406
-0.0253086090087891 0.00107383728027344 -0.0344200134277344 0.0336227416992188
-0.0185298919677734 0.0149059295654297 -0.0151500701904297 0.0256576538085938
-0.00055503845214844 0.0222244262695313 -0.00711822509765625 0.0183830261230469
0.0128593444824219 0.0131921768188477 -0.00780773162841797 0.0107526779174805
0.0199089050292969 -0.00123786926269531 -0.0118789672851562 0.0138349533081055
0.01507568359375 -0.010319709777832 -0.0143871307373047 0.0204753875732422
0.0139656066894531 -0.0106487274169922 -0.0156517028808594 0.0251064300537109
0.0164155960083008 -0.0137729644775391 -0.0223388671875 0.0284843444824219
0.0201396942138672 -0.0103034973144531 -0.0315742492675781 0.0188083648681641
0.0230560302734375 0.00261116027832031 -0.0335121154785156 0.00610733032226562
0.0171527862548828 0.0159435272216797 -0.0216484069824219 -0.00955581665039062
-0.00790786743164063 0.0267009735107422 -0.00621414184570313 -0.0105409622192383
-0.0252246856689453 0.0174446105957031 -0.00841426849365235 0.014836311340332
-0.0299320220947266 -0.00342178344726563 -0.0513725280761719 0.0181503295898438
0.0082855224609375 0.0132541656494141 0.0547523498535156 -0.0211982727050781
0.0162477493286133 -0.00312519073486328 0.0173416137695313 -0.0131120681762695
0.00133895874023437 -0.0113658905029297 0.00607872009277344 0.0111627578735352
-0.00834465026855469 -0.00709342956542969 0.0277099609375 0.0144462585449219
-0.00988483428955078 0.000724792480468748 0.0377044677734375 -0.00658416748046875
-0.00695323944091797 0.00685214996337891 0.0331325531005859 -0.0276317596435547
-0.00400853157043457 0.00327467918395996 0.0222206115722656 -0.0370140075683594
-0.00517559051513672 0.00148105621337891 0.0152778625488281 -0.0320911407470703
-0.00562047958374023 0.00127172470092774 0.0149002075195313 -0.025360107421875
-0.00452566146850586 -0.00398349761962891 0.0139122009277344 -0.0199661254882813
0.000684738159179687 -0.00697708129882813 0.0109004974365234 -0.0159873962402344
0.00870800018310547 -0.00436067581176758 0.0121231079101562 -0.0185756683349609
0.0128669738769531 0.00498390197753906 0.0188465118408203 -0.0252552032470703
0.0117683410644531 0.0163993835449219 0.0321121215820313 -0.0327949523925781
0.00163078308105469 0.0230598449707031 0.0386581420898437 -0.0286979675292969
-0.0117950439453125 0.0250205993652344 0.055938720703125 -0.0129661560058594
0.00547695159912109 0.0142974853515625 0.0185794830322266 -0.00605583190917969
0.0019679069519043 0.00681591033935547 0.00799560546875 0.0149412155151367
0.00247716903686523 0.00546169281005859 0.030792236328125 0.0161514282226563
0.00476980209350586 0.00421333312988281 0.0388259887695313 -0.00494766235351563
0.00706577301025391 -0.000408172607421875 0.0338058471679688 -0.0279617309570313
0.00645303726196289 -0.00711631774902344 0.0219650268554688 -0.0370330810546875
0.00628137588500977 -0.00782394409179688 0.0131092071533203 -0.0311050415039062
0.00690650939941406 -0.0101776123046875 0.0120906829833984 -0.0248355865478516
0.0124034881591797 -0.00903797149658203 0.0124931335449219 -0.0203533172607422
0.0167770385742188 -0.00154781341552734 0.00786781311035157 -0.0152082443237305
0.0181694030761719 0.0102024078369141 0.0102176666259766 -0.0162696838378906
0.00751686096191406 0.0238494873046875 0.0151538848876953 -0.0223636627197266
-0.00397109985351563 0.0338649749755859 0.0271625518798828 -0.0274562835693359
-0.0183868408203125 0.0327548980712891 0.0346660614013672 -0.0205230712890625
-0.0313262939453125 0.0332145690917969 0.0495567321777344 -0.000511169433593748
-0.00826644897460937 0.0306243896484375 0.015934944152832 0.00330352783203125
0.000165939331054685 0.0267448425292969 0.00815963745117188 0.0201892852783203
0.0137481689453125 0.0197963714599609 0.0308341979980469 0.0202255249023438
0.0186767578125 0.00752067565917969 0.0377120971679688 -0.00194168090820312
0.0213947296142578 -0.00630569458007812 0.0322418212890625 -0.02386474609375
0.0163640975952148 -0.017085075378418 0.0187911987304688 -0.0318374633789063
0.0158090591430664 -0.0172863006591797 0.00965118408203125 -0.0267009735107422
0.0177841186523438 -0.0202655792236328 0.00763893127441407 -0.0194511413574219
0.0250415802001953 -0.0146236419677734 0.00687122344970703 -0.0170583724975586
0.0313282012939453 0.001251220703125 0.00184440612792969 -0.0137233734130859
0.0281009674072266 0.0195636749267578 0.00572109222412109 -0.015472412109375
0.00577926635742187 0.0393753051757813 0.0107345581054688 -0.0201072692871094
-0.0144004821777344 0.0457992553710938 0.0217304229736328 -0.0198249816894531
-0.0324249267578125 0.0396842956542969 0.0235595703125 -0.01171875
-0.0472908020019531 0.0353584289550781 0.035980224609375 0.0133628845214844
-0.0226478576660156 0.0428733825683594 0.00768852233886718 0.0161209106445313
-0.00446319580078125 0.0449981689453125 0.00557899475097656 0.0263538360595703
0.0222625732421875 0.0335502624511719 0.0278739929199219 0.0233058929443359
0.0321617126464844 0.0127315521240234 0.0326786041259766 0.0029449462890625
0.0337696075439453 -0.0103778839111328 0.0276470184326172 -0.0164203643798828
0.0247955322265625 -0.0245151519775391 0.0141429901123047 -0.0231971740722656
0.0224628448486328 -0.0234794616699219 0.00487327575683594 -0.0168876647949219
0.026214599609375 -0.0281524658203125 0.0019683837890625 -0.0104255676269531
0.0341396331787109 -0.0201053619384766 -0.00115680694580078 -0.0109243392944336
0.0411605834960938 0.00181198120117187 -0.00608348846435547 -0.00905990600585938
0.0350532531738281 0.0233688354492188 -0.000535964965820311 -0.0137691497802734
0.00471878051757812 0.0482063293457031 0.00656414031982422 -0.0171890258789062
-0.0203323364257813 0.0538101196289063 0.0156307220458984 -0.00990200042724609
-0.0424995422363281 0.041046142578125 0.00988388061523437 -0.000935554504394529
-0.0552902221679688 0.0308456420898437 0.0164566040039062 0.0257892608642578
-0.0350685119628906 0.0458641052246094 -0.00308799743652344 0.0271053314208984
-0.0109519958496094 0.0545387268066406 -0.000209808349609375 0.0312862396240234
0.0236930847167969 0.04443359375 0.0206356048583984 0.0268268585205078
0.03826904296875 0.0178718566894531 0.0227985382080078 0.00759124755859375
0.0412483215332031 -0.0119285583496094 0.0169467926025391 -0.00715923309326172
0.0288829803466797 -0.0280570983886719 0.00812435150146485 -0.0104446411132813
0.0265522003173828 -0.0268154144287109 -0.00109529495239258 -0.0042724609375
0.0290699005126953 -0.0318775177001953 -0.00436902046203613 0.000705957412719725
0.0370254516601562 -0.0223007202148438 -0.00960159301757812 -0.00185775756835938
0.0440635681152344 0.00210189819335938 -0.0145339965820312 -0.00378799438476562
0.0370254516601563 0.0250701904296875 -0.00678825378417968 -0.0122098922729492
0.00232315063476563 0.0502204895019531 0.00283432006835937 -0.0141048431396484
-0.0248260498046875 0.0535469055175781 0.0109624862670898 -6.67572021484342E-05
-0.0479240417480469 0.0365486145019531 -0.00617122650146485 0.00899982452392578
-0.054168701171875 0.0198249816894531 -0.00441360473632813 0.0333442687988281
-0.0406265258789062 0.0373115539550781 -0.0160484313964844 0.0354461669921875
-0.0179557800292969 0.0514869689941406 -0.00627708435058594 0.0330753326416016
0.0189781188964844 0.0468864440917969 0.00971603393554688 0.0262851715087891
0.0360946655273438 0.0203857421875 0.0115070343017578 0.0111875534057617
0.04150390625 -0.00992584228515625 0.00674533843994141 0.0016474723815918
0.0287761688232422 -0.0266876220703125 -0.000411868095397947 0.00170361995697021
0.0258312225341797 -0.0253200531005859 -0.00622510910034179 0.00788068771362305
0.0290336608886719 -0.029876708984375 -0.0107288360595703 0.0130462646484375
0.0361366271972656 -0.021728515625 -0.0183353424072266 0.0066375732421875
0.0419769287109375 0.00217056274414063 -0.0222988128662109 0.00192832946777344
0.0343189239501953 0.0241622924804688 -0.0124893188476563 -0.0103235244750977
-0.000209808349609377 0.0475234985351563 5.43594360351575E-05 -0.0118637084960937
-0.0270919799804688 0.0462684631347656 0.00535392761230468 0.00844621658325195
-0.0468597412109375 0.0262603759765625 -0.0235996246337891 0.0169696807861328
-0.0436630249023438 0.00518798828124999 -0.022003173828125 0.0379180908203125
-0.0373458862304688 0.0216178894042969 -0.0269508361816406 0.0384483337402344
-0.020782470703125 0.0376777648925781 -0.0116100311279297 0.0309944152832031
0.0110054016113281 0.0387115478515625 0.00034332275390625 0.0232696533203125
0.0277328491210937 0.0189666748046875 0.000363349914550784 0.0118560791015625
0.0334796905517578 -0.00723075866699219 -0.00282955169677734 0.00996685028076172
0.0236339569091797 -0.0201473236083984 -0.00802040100097656 0.0145206451416016
0.0215625762939453 -0.0201148986816406 -0.0108509063720703 0.0187816619873047
0.0235042572021484 -0.0239391326904297 -0.0163974761962891 0.0230579376220703
0.0286750793457031 -0.0176353454589844 -0.0247325897216797 0.0148086547851563
0.0355873107910156 0.00155258178710938 -0.0282096862792969 0.00489044189453125
0.0273666381835938 0.0208911895751953 -0.0175285339355469 -0.00910663604736328
-0.00333023071289063 0.0397262573242188 -0.00331974029541015 -0.0105524063110352
-0.0280284881591797 0.0351181030273438 -0.00052165985107422 0.0131092071533203
-0.0416069030761719 0.0143775939941406 -0.0382766723632813 0.0209846496582031
-0.0244426727294922 -0.0102920532226562 -0.0338878631591797 0.0348281860351563
-0.0259361267089844 0.00328445434570313 -0.0318489074707031 0.0357933044433594
-0.0179977416992188 0.0161380767822266 -0.0145835876464844 0.0275325775146484
0.00160980224609375 0.0228595733642578 -0.00659751892089844 0.0197849273681641
0.0142631530761719 0.0118198394775391 -0.0077362060546875 0.0123662948608398
0.0196990966796875 -0.00275039672851563 -0.0115337371826172 0.0153350830078125
0.0145578384399414 -0.011444091796875 -0.0125751495361328 0.0221004486083984
0.0135927200317383 -0.0115566253662109 -0.0141334533691406 0.0259647369384766
0.015660285949707 -0.0150794982910156 -0.0203628540039062 0.0303287506103516
0.0184574127197266 -0.0111293792724609 -0.0306568145751953 0.0215930938720703
0.0239982604980469 0.00150108337402344 -0.0331764221191406 0.00780677795410156
0.0188751220703125 0.0148143768310547 -0.0228042602539063 -0.00810813903808594
-0.006072998046875 0.0277900695800781 -0.00568389892578125 -0.00978851318359375
-0.0228195190429687 0.0191249847412109 -0.00720310211181641 0.0148830413818359
-0.0309333801269531 -0.000747680664062494 -0.0513496398925781 0.0216636657714844
0.0101346969604492 0.0125608444213867 0.0527153015136719 -0.0245819091796875
0.0159778594970703 -0.00397396087646484 0.0165271759033203 -0.0146808624267578
-0.000741004943847656 -0.01171875 0.00531673431396484 0.0113124847412109
-0.00757265090942383 -0.00606584548950195 0.0284576416015625 0.0127162933349609
-0.0100231170654297 0.00151157379150391 0.0345344543457031 -0.00840568542480469
-0.00565767288208008 0.00713777542114258 0.0321979522705078 -0.027923583984375
-0.00400781631469727 0.00382900238037109 0.0188865661621094 -0.0381240844726563
-0.00445938110351563 0.00140380859375 0.0113964080810547 -0.0322723388671875
-0.00603294372558594 0.000905513763427735 0.0121383666992188 -0.0263195037841797
-0.00348234176635742 -0.00264906883239746 0.0122032165527344 -0.0203323364257812
0.000442028045654297 -0.00682830810546875 0.0100345611572266 -0.0164060592651367
0.00703144073486328 -0.00481367111206055 0.0106887817382813 -0.0190696716308594
0.0135288238525391 0.00339603424072266 0.0177097320556641 -0.0257568359375
0.0123434066772461 0.0159826278686523 0.0294227600097656 -0.0351905822753906
0.0041351318359375 0.0211658477783203 0.0362586975097656 -0.0311470031738281
-0.00913619995117187 0.0245494842529297 0.0547866821289062 -0.015380859375
0.00572395324707031 0.0137233734130859 0.017852783203125 -0.008636474609375
0.000737190246582032 0.00745868682861328 0.00891017913818359 0.0141534805297852
0.00326156616210937 0.00548410415649414 0.0321674346923828 0.0139064788818359
0.00438356399536133 0.00312185287475586 0.0382156372070313 -0.00744247436523438
0.00695705413818359 -0.000927448272705078 0.0321025848388672 -0.0294380187988281
0.00598001480102539 -0.00844526290893555 0.0193672180175781 -0.0379753112792969
0.00490093231201172 -0.00894832611083984 0.00981712341308594 -0.0317878723144531
0.00727939605712891 -0.0121498107910156 0.00991439819335938 -0.0257453918457031
0.0111703872680664 -0.0101518630981445 0.0101242065429687 -0.0211238861083984
0.0166006088256836 -0.00251865386962891 0.00748729705810547 -0.0156316757202148
0.0194892883300781 0.00809097290039063 0.0094146728515625 -0.0162391662597656
0.00929832458496094 0.0231895446777344 0.0141086578369141 -0.0238075256347656
-0.0025482177734375 0.03387451171875 0.0260486602783203 -0.0287761688232422
-0.0147705078125 0.0331916809082031 0.0317459106445313 -0.0237903594970703
-0.0287971496582031 0.0345020294189453 0.0484848022460938 -0.00323486328125
-0.00631141662597656 0.0307388305664062 0.0152263641357422 0.00296115875244141
0.00330924987792969 0.0271987915039063 0.0088043212890625 0.0202999114990234
0.0151710510253906 0.0184421539306641 0.0317554473876953 0.0179729461669922
0.0197830200195313 0.00692176818847656 0.0366630554199219 -0.00400924682617187
0.0207157135009766 -0.00786781311035156 0.0309314727783203 -0.0261211395263672
0.0154609680175781 -0.0191879272460938 0.0173625946044922 -0.0333156585693359
0.0144386291503906 -0.0173482894897461 0.00711250305175781 -0.0253143310546875
0.0170612335205078 -0.0207653045654297 0.006134033203125 -0.0192680358886719
0.0244350433349609 -0.0156288146972656 0.0047454833984375 -0.0181655883789063
0.0315170288085938 -0.00107383728027344 0.00148200988769531 -0.0132169723510742
0.0297889709472656 0.0176639556884766 0.00440788269042969 -0.0162534713745117
0.006622314453125 0.0386314392089844 0.0104541778564453 -0.0204181671142578
-0.0110740661621094 0.0477485656738281 0.0203266143798828 -0.0205764770507812
-0.0303497314453125 0.03961181640625 0.0218677520751953 -0.0126686096191406
-0.0445747375488281 0.0376815795898438 0.0373611450195313 0.0118370056152344
-0.0186424255371094 0.0447235107421875 0.00881767272949219 0.0166959762573242
-0.00233840942382812 0.0442085266113281 0.00757026672363281 0.0264415740966797
0.0248699188232422 0.0322055816650391 0.0288848876953125 0.0227222442626953
0.0318126678466797 0.0104084014892578 0.0327377319335938 0.00155448913574219
0.0321731567382812 -0.0132274627685547 0.0259056091308594 -0.0180950164794922
0.0232563018798828 -0.0260639190673828 0.0122241973876953 -0.0239486694335938
0.0218620300292969 -0.0252437591552734 0.00346469879150391 -0.0171909332275391
0.0240459442138672 -0.0299186706542969 0.000833511352539065 -0.0101423263549805
0.031036376953125 -0.0217704772949219 -0.00238990783691406 -0.0110502243041992
0.0415725708007812 -6.866455078125E-05 -0.00759124755859375 -0.0100030899047852
0.0360221862792969 0.0222434997558594 -0.00142669677734375 -0.0136375427246094
0.00606155395507812 0.0462532043457031 0.00554847717285156 -0.017822265625
-0.0164833068847656 0.0547599792480469 0.015411376953125 -0.0116615295410156
-0.039642333984375 0.0431404113769531 0.00934410095214843 -0.00284957885742187
-0.0555038452148438 0.0324287414550781 0.0203495025634766 0.0250205993652344
-0.0316696166992188 0.0469017028808594 -0.00330734252929688 0.0269737243652344
-0.00751495361328125 0.0536880493164063 0.000671386718749998 0.0310325622558594
0.0258674621582031 0.0420074462890625 0.0204811096191406 0.024444580078125
0.0400352478027344 0.014984130859375 0.0224571228027344 0.00647163391113281
0.0398368835449219 -0.0147590637207031 0.0178451538085938 -0.0077056884765625
0.0278701782226563 -0.0293750762939453 0.00673389434814453 -0.0107145309448242
0.0244770050048828 -0.0294971466064453 -0.000801563262939451 -0.00489091873168945
0.0272998809814453 -0.0336074829101563 -0.00361156463623047 0.0016169548034668
0.0339984893798828 -0.0231399536132813 -0.0100212097167969 -0.00303459167480469
0.0439071655273438 -0.0018768310546875 -0.0154886245727539 -0.0040426254272461
0.03814697265625 0.0230445861816406 -0.00774192810058594 -0.0118093490600586
0.00775146484375 0.0512199401855469 0.00263595581054688 -0.0137996673583984
-0.0198936462402344 0.0541305541992188 0.00991439819335937 -0.00051784515380859
-0.0453910827636719 0.0400962829589844 -0.00648975372314453 0.00716018676757813
-0.0515785217285156 0.0219459533691406 -0.00243186950683594 0.0336246490478516
-0.0386428833007813 0.0400047302246094 -0.0138015747070313 0.0359382629394531
-0.0137901306152344 0.0518951416015625 -0.0050048828125 0.0333652496337891
0.0211830139160156 0.0441131591796875 0.0101451873779297 0.0270786285400391
0.0365104675292969 0.0174942016601563 0.0126209259033203 0.0104341506958008
0.0405960083007812 -0.0126800537109375 0.00910568237304688 0.00123119354248047
0.027099609375 -0.0260219573974609 0.000752449035644533 0.00321531295776367
0.0241565704345703 -0.0265560150146484 -0.00622844696044922 0.00907230377197265
0.0277633666992188 -0.0314807891845703 -0.0101852416992187 0.0146665573120117
0.0329570770263672 -0.02508544921875 -0.0183563232421875 0.00762176513671875
0.0417213439941406 -0.00159835815429688 -0.0219383239746094 0.00228118896484375
0.0352134704589844 0.0211257934570312 -0.0140771865844727 -0.010101318359375
0.00366973876953125 0.0465965270996094 0.000126838684082031 -0.0114507675170898
-0.0244369506835938 0.0478668212890625 0.00473546981811523 0.00710248947143555
-0.0452079772949219 0.0296783447265625 -0.0209178924560547 0.0175247192382813
-0.0428352355957031 0.0060272216796875 -0.0200119018554688 0.0384864807128906
-0.03533935546875 0.0228462219238281 -0.0254287719726563 0.0382575988769531
-0.0195426940917969 0.0396385192871094 -0.0102996826171875 0.0320396423339844
0.0141868591308594 0.0379867553710938 0.00121498107910156 0.0220584869384766
0.0289115905761719 0.0157966613769531 0.00178050994873047 0.0123577117919922
0.0323371887207031 -0.00872802734375 -0.00146675109863281 0.0109033584594727
0.0222454071044922 -0.0223293304443359 -0.00736236572265625 0.0131387710571289
0.0199356079101563 -0.0224494934082031 -0.00927925109863281 0.0182094573974609
0.0230274200439453 -0.0263233184814453 -0.0152339935302734 0.0228538513183594
0.0282878875732422 -0.0196819305419922 -0.0232105255126953 0.0156059265136719
0.0353546142578125 -0.000423431396484375 -0.0279731750488281 0.00661849975585938
0.0294589996337891 0.0190448760986328 -0.0176467895507812 -0.00729179382324219
-0.00167465209960938 0.0401649475097656 -0.00308513641357422 -0.0104446411132812
-0.0243415832519531 0.0364532470703125 -0.00164508819580078 0.0137176513671875
-0.0403099060058594 0.0161056518554688 -0.0380134582519531 0.0224494934082031
-0.0250244140625 -0.00741767883300781 -0.0319557189941406 0.0361824035644531
-0.0257530212402344 0.00394439697265625 -0.03009033203125 0.0380134582519531
-0.0141506195068359 0.0184898376464844 -0.0138092041015625 0.0284767150878906
0.0034637451171875 0.0217475891113281 -0.00642967224121094 0.0211982727050781
0.0145511627197266 0.0133333206176758 -0.00552082061767578 0.0129365921020508
0.018280029296875 -0.00434684753417969 -0.00954341888427734 0.0148420333862305
0.0144023895263672 -0.0115652084350586 -0.00974082946777344 0.0232658386230469
0.0118541717529297 -0.0126953125 -0.0128192901611328 0.0286388397216797
0.0147848129272461 -0.015742301940918 -0.0181446075439453 0.0302505493164063
0.0179309844970703 -0.0129413604736328 -0.0314769744873047 0.0240726470947266
0.0240631103515625 -0.00170135498046875 -0.0314044952392578 0.0110874176025391
0.0192470550537109 0.0126113891601563 -0.0224285125732422 -0.00730133056640625
-0.002899169921875 0.0261726379394531 -0.00725269317626953 -0.0104684829711914
-0.0226268768310547 0.0203590393066406 -0.00667285919189453 0.0158004760742188
-0.0278244018554688 -0.000370025634765625 -0.0493316650390625 0.023590087890625
0.00957584381103516 0.0116910934448242 0.0520973205566406 -0.0262374877929688
0.0140066146850586 -0.00449848175048828 0.0145225524902344 -0.0143337249755859
-5.91278076171866E-05 -0.0105199813842773 0.00642585754394531 0.0102910995483398
-0.00828123092651367 -0.00583219528198242 0.0285892486572266 0.0120830535888672
-0.00863456726074219 0.00207281112670898 0.035552978515625 -0.00878143310546875
-0.00491666793823242 0.00619602203369141 0.029205322265625 -0.0294456481933594
-0.00324368476867676 0.00397014617919922 0.0180206298828125 -0.0378036499023438
-0.0044403076171875 0.003204345703125 0.0110683441162109 -0.0319957733154297
-0.00482511520385742 0.00157499313354492 0.0104694366455078 -0.0267162322998047
-0.00392246246337891 -0.00282454490661621 0.0112590789794922 -0.0203151702880859
0.00060272216796875 -0.00620460510253906 0.00871658325195313 -0.0167827606201172
0.00688886642456055 -0.00451993942260742 0.0107975006103516 -0.0196933746337891
0.0130615234375 0.00376129150390625 0.0177631378173828 -0.0250530242919922
0.0119085311889648 0.0149831771850586 0.0286769866943359 -0.0348682403564453
0.00329399108886719 0.0219154357910156 0.0358695983886719 -0.0317955017089844
-0.0092315673828125 0.0250740051269531 0.0535507202148437 -0.0176506042480469
0.00646686553955078 0.0139188766479492 0.0167703628540039 -0.00828170776367188
0.00225448608398437 0.00736618041992188 0.00846290588378906 0.0144119262695312
0.00358057022094727 0.00499343872070313 0.0310382843017578 0.0140361785888672
0.00542259216308594 0.00364923477172852 0.0377349853515625 -0.007568359375
0.00704574584960938 -0.00149250030517578 0.0307712554931641 -0.028961181640625
0.0061497688293457 -0.00834846496582031 0.0171737670898438 -0.0375137329101563
0.00485897064208984 -0.00887584686279297 0.00903701782226563 -0.0313491821289062
0.00636672973632813 -0.0103254318237305 0.00864028930664062 -0.0251922607421875
0.0106887817382813 -0.0097799301147461 0.0093994140625 -0.0204601287841797
0.0168962478637695 -0.00305843353271484 0.00614547729492188 -0.0164041519165039
0.0184993743896484 0.00807762145996094 0.00937461853027344 -0.0178489685058594
0.00930404663085938 0.0230503082275391 0.0143566131591797 -0.0230884552001953
-0.000825881958007809 0.0326004028320313 0.0246047973632813 -0.0291633605957031
-0.0144290924072266 0.0331497192382813 0.0318679809570313 -0.0245323181152344
-0.0277462005615234 0.0342903137207031 0.049041748046875 -0.00547409057617187
-0.00519561767578125 0.0303993225097656 0.0153579711914062 0.00181865692138672
0.00295448303222656 0.0266819000244141 0.00912284851074219 0.0196590423583984
0.0161590576171875 0.0178871154785156 0.0312366485595703 0.0172061920166016
0.0202541351318359 0.00512504577636719 0.0359878540039063 -0.00445556640625
0.0206317901611328 -0.00974655151367188 0.0294055938720703 -0.0259876251220703
0.0142021179199219 -0.0185909271240234 0.0155143737792969 -0.0328845977783203
0.0135097503662109 -0.0178260803222656 0.00648307800292969 -0.0262279510498047
0.0154743194580078 -0.0215415954589844 0.00522232055664063 -0.0197200775146484
0.0227642059326172 -0.0174522399902344 0.00359916687011719 -0.0179939270019531
0.0311012268066406 -0.00260353088378906 -0.000369071960449218 -0.0139484405517578
0.0289974212646484 0.0149936676025391 0.00528621673583985 -0.016815185546875
0.00920104980468751 0.0376052856445313 0.0101089477539063 -0.0206623077392578
-0.00931930541992188 0.0462570190429688 0.0190773010253906 -0.0210971832275391
-0.0287704467773437 0.041015625 0.0223503112792969 -0.0152473449707031
-0.0423507690429688 0.039031982421875 0.0362167358398438 0.00840377807617188
-0.018646240234375 0.0439071655273438 0.00946235656738281 0.014124870300293
0.000183105468750002 0.0440292358398438 0.00586128234863281 0.0257320404052734
0.0259552001953125 0.0312404632568359 0.0288639068603516 0.0210113525390625
0.0324077606201172 0.00876808166503906 0.0315456390380859 0.000680923461914063
0.0318927764892578 -0.0146369934082031 0.0249099731445313 -0.0183200836181641
0.0221767425537109 -0.0274658203125 0.0111904144287109 -0.0236682891845703
0.0197277069091797 -0.0255279541015625 0.00277900695800781 -0.0168485641479492
0.0214385986328125 -0.0300960540771484 0.000646591186523438 -0.010218620300293
0.0300045013427734 -0.022735595703125 -0.00293350219726562 -0.0101909637451172
0.0398521423339844 -0.00280380249023438 -0.00777149200439453 -0.00937080383300781
0.0373306274414063 0.0191688537597656 -0.00104713439941406 -0.0140953063964844
0.009796142578125 0.0458526611328125 0.00554847717285156 -0.0179176330566406
-0.0139350891113281 0.054229736328125 0.01470947265625 -0.0113849639892578
-0.0376968383789063 0.0434112548828125 0.00935077667236328 -0.00371170043945312
-0.0514564514160156 0.035186767578125 0.0185279846191406 0.0229377746582031
-0.0284652709960937 0.0478782653808594 -0.000190734863281251 0.0269889831542969
-0.00501632690429687 0.0543937683105469 0.00151634216308594 0.0310802459716797
0.027984619140625 0.0402565002441406 0.0206508636474609 0.0245952606201172
0.0400161743164063 0.0131111145019531 0.0222854614257813 0.00681304931640625
0.0386390686035156 -0.0166473388671875 0.0172367095947266 -0.00845527648925781
0.0257511138916016 -0.0303096771240234 0.00554752349853516 -0.0116424560546875
0.0237598419189453 -0.0288753509521484 -0.00265407562255859 -0.00530147552490235
0.0258712768554688 -0.0342254638671875 -0.00483894348144531 0.00150299072265625
0.0337963104248047 -0.0262947082519531 -0.0105009078979492 -0.00113296508789063
0.0430793762207031 -0.00358200073242188 -0.0147924423217773 -0.00269603729248047
0.0385665893554687 0.0208854675292969 -0.0067605972290039 -0.0113763809204102
0.009124755859375 0.0490074157714844 0.00181198120117187 -0.0148906707763672
-0.0181884765625 0.0538101196289063 0.01068115234375 -0.00211048126220703
-0.0426368713378906 0.0397872924804687 -0.00510454177856445 0.0075984001159668
-0.05059814453125 0.02471923828125 -0.000757217407226563 0.0334854125976563
-0.03594970703125 0.0392494201660156 -0.0128936767578125 0.0359420776367187
-0.01239013671875 0.0524139404296875 -0.00459480285644531 0.0320835113525391
0.0230674743652344 0.0429916381835938 0.0110244750976563 0.0254745483398438
0.0381088256835938 0.0152435302734375 0.0117311477661133 0.00996303558349609
0.038604736328125 -0.0148239135742187 0.00775623321533204 0.00166177749633789
0.0256080627441406 -0.0282020568847656 -0.000380754470825194 0.00183606147766113
0.0229949951171875 -0.0270118713378906 -0.00601911544799804 0.00780773162841797
0.02490234375 -0.03271484375 -0.00919437408447266 0.0139017105102539
0.0317153930664063 -0.0247097015380859 -0.0178470611572266 0.00849151611328125
0.0414390563964844 -0.00237655639648437 -0.0216445922851562 0.00328445434570313
0.036407470703125 0.0198440551757813 -0.0121355056762695 -0.00929927825927734
0.00497055053710937 0.0464096069335938 -0.000596046447753907 -0.0122251510620117
-0.0210685729980469 0.0478019714355469 0.00588369369506836 0.00626707077026367
-0.0431900024414062 0.0303115844726563 -0.0203857421875 0.0173721313476563
-0.0402183532714844 0.0094451904296875 -0.0188674926757813 0.03924560546875
-0.0333023071289063 0.0239372253417969 -0.0232009887695313 0.0389595031738281
-0.0169525146484375 0.038726806640625 -0.0101146697998047 0.0306529998779297
0.0142860412597656 0.0359611511230469 0.00149154663085938 0.0230484008789063
0.02886962890625 0.0153903961181641 0.00137138366699219 0.0121183395385742
0.0318183898925781 -0.0103607177734375 -0.00141334533691406 0.00998497009277344
0.0198802947998047 -0.0228099822998047 -0.00624465942382813 0.0134077072143555
0.0179824829101563 -0.0215263366699219 -0.00873184204101562 0.0191936492919922
0.0208072662353516 -0.0258579254150391 -0.0133705139160156 0.02423095703125
0.025604248046875 -0.0207290649414063 -0.0231456756591797 0.0166759490966797
0.0344600677490234 -0.00233650207519531 -0.0270442962646484 0.00832939147949219
0.0291633605957031 0.0176124572753906 -0.0172014236450195 -0.00723648071289063
0.000484466552734377 0.0390892028808594 -0.00347423553466797 -0.0103902816772461
-0.0226554870605469 0.0362358093261719 -0.000760078430175782 0.0119924545288086
-0.0393638610839844 0.0160675048828125 -0.0350818634033203 0.0227432250976563
-0.0228595733642578 -0.00687980651855469 -0.0304489135742187 0.038177490234375
-0.0240974426269531 0.0051727294921875 -0.0295333862304688 0.0382728576660156
-0.0157814025878906 0.018280029296875 -0.0133037567138672 0.0273723602294922
0.00388526916503906 0.0215873718261719 -0.00581932067871094 0.0205516815185547
0.0153331756591797 0.00963878631591797 -0.00513839721679687 0.0134944915771484
0.0187759399414063 -0.00501632690429688 -0.00865077972412109 0.015864372253418
0.0125885009765625 -0.0130891799926758 -0.0101108551025391 0.0224590301513672
0.0117244720458984 -0.0137939453125 -0.0113544464111328 0.0269908905029297
0.013209342956543 -0.0166988372802734 -0.0173511505126953 0.0313777923583984
0.0163936614990234 -0.0135688781738281 -0.0280914306640625 0.0228252410888672
0.0238285064697266 -0.00166893005371094 -0.0310688018798828 0.0110607147216797
0.0194091796875 0.0125102996826172 -0.0225162506103516 -0.00579071044921875
-0.00232124328613281 0.0265235900878906 -0.00656414031982422 -0.010655403137207
-0.0194187164306641 0.021209716796875 -0.00606918334960938 0.0145711898803711
-0.0302047729492188 0.00137710571289063 -0.048248291015625 0.0254783630371094
0.009368896484375 0.0116205215454102 0.0509567260742188 -0.0262222290039063
0.0140466690063477 -0.00468730926513672 0.0142965316772461 -0.0148601531982422
0.000327110290527343 -0.0107135772705078 0.00648307800292969 0.0108356475830078
-0.00837135314941406 -0.00478172302246094 0.0282554626464844 0.01165771484375
-0.00861120223999023 0.00220632553100586 0.0354652404785156 -0.00880813598632813
-0.00528764724731445 0.00661849975585937 0.0285778045654297 -0.0294895172119141
-0.00297951698303223 0.00373578071594238 0.0167274475097656 -0.0376548767089844
-0.00474452972412109 0.00251245498657227 0.0103244781494141 -0.0315895080566406
-0.00486421585083008 0.00198650360107422 0.00966453552246094 -0.0266475677490234
-0.0036623477935791 -0.00266337394714355 0.0106201171875 -0.0201911926269531
-3.62396240234379E-05 -0.00606966018676758 0.00855827331542969 -0.0177402496337891
0.00731945037841797 -0.00503349304199219 0.0104351043701172 -0.020477294921875
0.0121192932128906 0.00287437438964844 0.0177650451660156 -0.0246982574462891
0.0118370056152344 0.014739990234375 0.0287055969238281 -0.0351333618164063
0.0039825439453125 0.0214138031005859 0.0358543395996094 -0.0326881408691406
-0.00887489318847656 0.0255470275878906 0.052825927734375 -0.0178680419921875
0.00652027130126953 0.0130338668823242 0.0167465209960938 -0.00802230834960937
0.00277328491210938 0.00721454620361328 0.00830936431884765 0.0142707824707031
0.00398492813110352 0.00517511367797852 0.0309677124023438 0.0131168365478516
0.00566673278808594 0.00319337844848633 0.0367622375488281 -0.00780487060546875
0.00713634490966797 -0.00196266174316406 0.0297374725341797 -0.0296401977539063
0.00616741180419922 -0.00812530517578125 0.0169181823730469 -0.037689208984375
0.00501489639282226 -0.00855207443237305 0.00882148742675781 -0.0310020446777344
0.00577831268310547 -0.0105438232421875 0.00837898254394531 -0.0250587463378906
0.0104827880859375 -0.0101051330566406 0.00854301452636719 -0.0207557678222656
0.0162315368652344 -0.00299835205078125 0.00592613220214844 -0.0167293548583984
0.0184726715087891 0.0075836181640625 0.00915145874023438 -0.0186271667480469
0.00906753540039062 0.0224781036376953 0.0142765045166016 -0.0224246978759766
-0.000564575195312498 0.0323867797851563 0.0249862670898438 -0.0289039611816406
-0.0141086578369141 0.0332202911376953 0.0318622589111328 -0.0258960723876953
-0.0266304016113281 0.0354728698730469 0.0478324890136719 -0.00569534301757812
-0.004425048828125 0.0307273864746094 0.0150012969970703 0.00151920318603516
0.0035858154296875 0.0264968872070313 0.00843620300292969 0.0196323394775391
0.0165729522705078 0.0172157287597656 0.0310497283935547 0.0166435241699219
0.0204524993896484 0.00525093078613281 0.03582763671875 -0.00457000732421875
0.0204238891601563 -0.00997543334960938 0.0288848876953125 -0.0258579254150391
0.0141162872314453 -0.0188198089599609 0.0146598815917969 -0.0328235626220703
0.013092041015625 -0.0182914733886719 0.00583267211914063 -0.0256614685058594
0.0148811340332031 -0.0221538543701172 0.00407791137695313 -0.0193557739257813
0.0222511291503906 -0.0177116394042969 0.00270843505859375 -0.0174102783203125
0.0304470062255859 -0.00251579284667969 -0.00039577484130859 -0.0139474868774414
0.0294952392578125 0.0152854919433594 0.00494861602783203 -0.0167942047119141
0.00971603393554688 0.0370330810546875 0.0101089477539063 -0.0204601287841797
-0.00838088989257813 0.0461997985839844 0.0193424224853516 -0.0215129852294922
-0.0281219482421875 0.0414161682128906 0.0223598480224609 -0.016143798828125
-0.0416488647460938 0.0396156311035156 0.0363502502441406 0.00861740112304688
-0.0174064636230469 0.0429496765136719 0.00914382934570312 0.0136890411376953
0.0014495849609375 0.0440711975097656 0.00631523132324219 0.0257968902587891
0.0260124206542969 0.0302963256835938 0.0281219482421875 0.0207538604736328
0.032989501953125 0.00827407836914063 0.0311317443847656 0.000606536865234376
0.0311489105224609 -0.0153999328613281 0.0246429443359375 -0.0186653137207031
0.0209331512451172 -0.0272769927978516 0.0106945037841797 -0.0235576629638672
0.0193233489990234 -0.0257720947265625 0.00158786773681641 -0.0165786743164063
0.0212955474853516 -0.0304946899414063 5.34057617187522E-05 -0.0100669860839844
0.0293064117431641 -0.0237770080566406 -0.00412464141845703 -0.0108528137207031
0.0398902893066406 -0.0040435791015625 -0.007415771484375 -0.00910568237304688
0.0372467041015625 0.0185928344726563 -0.00113010406494141 -0.0149927139282227
0.0102882385253906 0.0453567504882812 0.00588226318359375 -0.0176124572753906
-0.0131149291992187 0.0539970397949219 0.0143890380859375 -0.0123691558837891
-0.0373191833496094 0.0436515808105469 0.00942134857177734 -0.0048990249633789
-0.0502090454101562 0.0357131958007813 0.0187835693359375 0.0227508544921875
-0.0281486511230469 0.0474128723144531 -0.000244140625000002 0.0258445739746094
-0.00441360473632813 0.0538444519042969 0.00132942199707031 0.0302085876464844
0.0284347534179688 0.0395088195800781 0.0205669403076172 0.0241985321044922
0.0393524169921875 0.01214599609375 0.0223426818847656 0.00588035583496094
0.0380134582519531 -0.0175514221191406 0.0172443389892578 -0.00870227813720703
0.0247669219970703 -0.0310268402099609 0.00528907775878906 -0.0111494064331055
0.0216884613037109 -0.0292148590087891 -0.00239944458007812 -0.00482034683227539
0.0244216918945313 -0.0342521667480469 -0.00469398498535156 0.00142383575439453
0.0320377349853516 -0.0265178680419922 -0.0108804702758789 -0.001373291015625
0.0435028076171875 -0.0045623779296875 -0.0147695541381836 -0.00244331359863282
0.0393524169921875 0.0193061828613281 -0.00673961639404297 -0.0122165679931641
0.00973129272460938 0.0484046936035156 0.00189971923828125 -0.0154237747192383
-0.0169830322265625 0.0541114807128906 0.0103349685668945 -0.00252342224121093
-0.042022705078125 0.0400505065917969 -0.00463294982910156 0.00667333602905274
-0.0497550964355469 0.0252418518066406 -0.000410079956054693 0.0332603454589844
-0.0346221923828125 0.0405540466308594 -0.0120468139648437 0.0347900390625
-0.0112686157226563 0.0523223876953125 -0.00507545471191406 0.0322456359863281
0.0245170593261719 0.0422477722167969 0.0106220245361328 0.0251026153564453
0.0378952026367188 0.0150871276855469 0.0113010406494141 0.0106115341186523
0.0382308959960937 -0.0160293579101562 0.0074915885925293 0.00120067596435547
0.0247364044189453 -0.0295200347900391 -0.000577211380004881 0.0022127628326416
0.0218029022216797 -0.0278148651123047 -0.00615167617797851 0.00775384902954101
0.02374267578125 -0.0330371856689453 -0.00916385650634765 0.013615608215332
0.0303897857666016 -0.0256805419921875 -0.0174636840820312 0.00872802734375
0.0410499572753906 -0.00461578369140625 -0.0213222503662109 0.0034332275390625
0.0367698669433594 0.0191650390625 -0.0123767852783203 -0.00919246673583984
0.00584030151367187 0.04541015625 -0.000642776489257813 -0.0123691558837891
-0.0201454162597656 0.0484809875488281 0.00594329833984375 0.00599479675292969
-0.0425796508789062 0.0307388305664063 -0.0204620361328125 0.0165367126464844
-0.0401268005371094 0.0100936889648438 -0.0179290771484375 0.0390853881835938
-0.0329113006591797 0.0248584747314453 -0.022735595703125 0.0392227172851563
-0.0158119201660156 0.0385360717773437 -0.0107021331787109 0.0309066772460938
0.0153045654296875 0.0352210998535156 0.000482559204101565 0.0234756469726563
0.0293846130371094 0.0141563415527344 0.00117969512939453 0.0125179290771484
0.0315628051757813 -0.0113182067871094 -0.00133514404296875 0.0100078582763672
0.0203514099121094 -0.0227909088134766 -0.00609111785888672 0.0141868591308594
0.0179233551025391 -0.0222244262695313 -0.00909233093261718 0.0184459686279297
0.0195560455322266 -0.0268173217773438 -0.0131187438964844 0.02386474609375
0.0249309539794922 -0.0208568572998047 -0.0232982635498047 0.0165653228759766
0.0342140197753906 -0.00315093994140625 -0.027191162109375 0.00850296020507813
0.0295181274414063 0.0167636871337891 -0.0173454284667969 -0.00711441040039062
0.00163650512695313 0.0379905700683594 -0.0036468505859375 -0.0106954574584961
-0.02166748046875 0.0363044738769531 -0.000432968139648438 0.0118083953857422
-0.0381736755371094 0.0171737670898438 -0.0347309112548828 0.0232048034667969
-0.0236244201660156 -0.00603294372558594 -0.0301094055175781 0.0388374328613281
-0.0237140655517578 0.00657844543457032 -0.0289764404296875 0.0387191772460938
-0.01495361328125 0.0183467864990234 -0.0127010345458984 0.0281105041503906
0.00440597534179688 0.0208702087402344 -0.00609970092773438 0.0204792022705078
0.0152692794799805 0.00990200042724609 -0.00607681274414062 0.0132980346679687
0.0185050964355469 -0.00607490539550781 -0.00801849365234375 0.0157175064086914
0.012028694152832 -0.0129537582397461 -0.00989341735839844 0.0229911804199219
0.010869026184082 -0.0133848190307617 -0.010955810546875 0.0267772674560547
0.0127439498901367 -0.0165824890136719 -0.0158748626708984 0.03131103515625
0.0168294906616211 -0.0136299133300781 -0.027557373046875 0.0236454010009766
0.0231475830078125 -0.00217628479003906 -0.0307521820068359 0.0114459991455078
0.0198173522949219 0.0118083953857422 -0.0220470428466797 -0.00620079040527344
-0.001861572265625 0.0270919799804688 -0.00686168670654297 -0.0104227066040039
-0.0196495056152344 0.0209598541259766 -0.00561809539794922 0.0146398544311523
-0.0288219451904297 0.00174522399902344 -0.0467796325683594 0.0256156921386719
0.00882530212402344 0.0117301940917969 0.0511436462402344 -0.027374267578125
0.0137691497802734 -0.00486183166503906 0.0143823623657227 -0.0148696899414063
-8.39233398437507E-05 -0.0103340148925781 0.00598716735839844 0.0112380981445313
-0.00828266143798828 -0.00444841384887695 0.0287361145019531 0.0115547180175781
-0.00841379165649414 0.00238084793090821 0.0354804992675781 -0.00909805297851563
-0.00497627258300781 0.00693750381469727 0.0289459228515625 -0.0298805236816406
-0.00247001647949219 0.00405025482177734 0.0168266296386719 -0.0384445190429688
-0.00411105155944824 0.00295758247375488 0.00993537902832031 -0.0326385498046875
-0.00489997863769531 0.00170421600341797 0.00939178466796875 -0.0268535614013672
-0.00388240814208984 -0.00240182876586914 0.00979042053222656 -0.02044677734375
-0.000181674957275391 -0.00556039810180664 0.0082244873046875 -0.0183258056640625
0.0065770149230957 -0.00481128692626953 0.0108242034912109 -0.0206050872802734
0.0121793746948242 0.00328731536865234 0.0183162689208984 -0.0254726409912109
0.0118331909179688 0.0148801803588867 0.0289955139160156 -0.0356216430664063
0.0040740966796875 0.0213203430175781 0.0364913940429688 -0.0343437194824219
-0.00925064086914063 0.0260429382324219 0.0534782409667969 -0.0186843872070313
0.00622940063476563 0.0137434005737305 0.0166912078857422 -0.00869560241699219
0.00274276733398437 0.00774192810058594 0.00806999206542969 0.0150527954101563
0.00436687469482422 0.00546026229858399 0.0313243865966797 0.0133075714111328
0.00615406036376953 0.00293397903442383 0.0371246337890625 -0.00791549682617188
0.00715208053588867 -0.00214624404907227 0.0301914215087891 -0.0300045013427734
0.00609207153320313 -0.00834512710571289 0.0161857604980469 -0.0379753112792969
0.00479841232299805 -0.00854825973510742 0.0079193115234375 -0.0311679840087891
0.00579261779785156 -0.0111513137817383 0.00761604309082031 -0.0257091522216797
0.010645866394043 -0.010157585144043 0.007904052734375 -0.0211162567138672
0.0169277191162109 -0.00318241119384766 0.00527000427246094 -0.0175647735595703
0.0193500518798828 0.0078582763671875 0.00929069519042969 -0.0196304321289063
0.00957298278808594 0.0225238800048828 0.0148239135742188 -0.0227813720703125
-0.000181198120117187 0.0333042144775391 0.0249500274658203 -0.0299530029296875
-0.0137195587158203 0.0338420867919922 0.0319652557373047 -0.0272598266601563
-0.02685546875 0.03631591796875 0.0487518310546875 -0.00679397583007812
-0.00441551208496094 0.0310688018798828 0.0151433944702148 0.00133132934570313
0.00420188903808594 0.0273113250732422 0.00826835632324219 0.0201435089111328
0.0172615051269531 0.0176219940185547 0.0316352844238281 0.0169315338134766
0.0209674835205078 0.00474739074707031 0.0360527038574219 -0.00428390502929688
0.0203723907470703 -0.0103836059570313 0.0287303924560547 -0.0261173248291016
0.0142574310302734 -0.0200729370117188 0.0137767791748047 -0.0331954956054687
0.0132293701171875 -0.0191097259521484 0.00468254089355469 -0.0261974334716797
0.0141410827636719 -0.0226001739501953 0.00362205505371094 -0.0200424194335938
0.0221099853515625 -0.0180778503417969 0.00226783752441407 -0.0176620483398438
0.0310325622558594 -0.00325202941894531 -0.00079345703125 -0.0143527984619141
0.0304908752441406 0.0153064727783203 0.00461578369140625 -0.0185832977294922
0.00984954833984376 0.0376167297363281 0.0101776123046875 -0.0213527679443359
-0.00794601440429688 0.0471000671386719 0.0198478698730469 -0.0224189758300781
-0.0281028747558594 0.0423393249511719 0.0223369598388672 -0.0172138214111328
-0.0421218872070313 0.0402107238769531 0.0368919372558594 0.0081939697265625
-0.0171089172363281 0.0438270568847656 0.00884914398193359 0.0137290954589844
0.00220870971679688 0.0450210571289063 0.005950927734375 0.026123046875
0.0269927978515625 0.0298900604248047 0.0280208587646484 0.0212574005126953
0.0334911346435547 0.00805473327636719 0.0312728881835938 0.00104331970214844
0.0312652587890625 -0.0162181854248047 0.0248546600341797 -0.0189476013183594
0.0207386016845703 -0.0280113220214844 0.0104179382324219 -0.0239944458007813
0.0191001892089844 -0.0268230438232422 0.00126934051513672 -0.0168876647949219
0.0207901000976563 -0.0311985015869141 -0.000437736511230467 -0.0102291107177734
0.0291213989257812 -0.0248126983642578 -0.00496482849121094 -0.0110368728637695
0.0402641296386719 -0.00512313842773437 -0.00808429718017578 -0.00927639007568359
0.037933349609375 0.0182266235351563 -0.00132179260253906 -0.0159816741943359
0.0112228393554687 0.0459938049316406 0.00607109069824219 -0.0187969207763672
-0.012542724609375 0.0548629760742188 0.0148229598999023 -0.013157844543457
-0.0372161865234375 0.0448112487792969 0.00995826721191406 -0.00553703308105468
-0.0503692626953125 0.0366477966308594 0.0197982788085937 0.0224399566650391
-0.0281600952148437 0.0478706359863281 -0.00080680847167969 0.0259933471679688
-0.003509521484375 0.0550956726074219 0.0010986328125 0.0308017730712891
0.0300941467285156 0.0394401550292969 0.0207595825195313 0.0250053405761719
0.0406684875488281 0.0117225646972656 0.0223369598388672 0.00666618347167969
0.0382003784179688 -0.0186729431152344 0.0174636840820313 -0.00901412963867188
0.0249481201171875 -0.0317859649658203 0.00505733489990235 -0.0112028121948242
0.0219974517822266 -0.0300006866455078 -0.0029444694519043 -0.00490808486938477
0.0238494873046875 -0.035400390625 -0.00532102584838867 0.00197505950927734
0.0317153930664063 -0.0276832580566406 -0.0115203857421875 -0.00123023986816406
0.0435829162597656 -0.00622177124023438 -0.015376091003418 -0.00273895263671875
0.0407981872558594 0.0193367004394531 -0.0074930191040039 -0.0125722885131836
0.0106430053710937 0.0488739013671875 0.00240135192871094 -0.0159482955932617
-0.0160064697265625 0.0555229187011719 0.0107688903808594 -0.00309467315673828
-0.0419921875 0.0411720275878906 -0.00493621826171875 0.00654172897338867
-0.0498237609863281 0.0259246826171875 -0.000541687011718753 0.0334873199462891
-0.034576416015625 0.0411758422851563 -0.0122108459472656 0.0352363586425781
-0.0109748840332031 0.0531158447265625 -0.00576019287109375 0.0327014923095703
0.0252571105957031 0.0419540405273438 0.0100898742675781 0.0258903503417969
0.0391044616699219 0.0147171020507813 0.0113296508789063 0.0111122131347656
0.0383148193359375 -0.0167579650878906 0.00794458389282227 0.00154590606689453
0.0246906280517578 -0.0305023193359375 -0.000437021255493162 0.00228428840637207
0.0214157104492188 -0.0287036895751953 -0.00656890869140625 0.00768566131591797
0.0231781005859375 -0.0339145660400391 -0.00922298431396484 0.0139675140380859
0.0301628112792969 -0.0268363952636719 -0.0181884765625 0.00868606567382812
0.0416183471679688 -0.00555419921875 -0.0215625762939453 0.00376701354980469
0.0374641418457031 0.0185928344726563 -0.0127592086791992 -0.00960350036621093
0.00703811645507813 0.0463104248046875 -0.00072956085205078 -0.0128822326660156
-0.0192680358886719 0.0484046936035156 0.0056462287902832 0.00546550750732422
-0.04327392578125 0.0313148498535156 -0.0201797485351563 0.017333984375
-0.0404434204101563 0.0103874206542969 -0.0182647705078125 0.0401115417480469
-0.0330810546875 0.0253925323486328 -0.0228042602539062 0.0397796630859375
-0.0153236389160156 0.039794921875 -0.0110092163085938 0.0313396453857422
0.0160751342773438 0.0353584289550781 0.000659942626953126 0.0244827270507813
0.0298023223876953 0.0136642456054688 0.0014028549194336 0.0131263732910156
0.03106689453125 -0.0127620697021484 -0.00105190277099609 0.0101909637451172
0.0199718475341797 -0.0235519409179688 -0.00580215454101563 0.0143499374389648
0.0177879333496094 -0.0227317810058594 -0.00936317443847656 0.0192985534667969
0.0195884704589844 -0.0279617309570313 -0.0129661560058594 0.0242118835449219
0.0248451232910156 -0.021759033203125 -0.0235977172851563 0.0176525115966797
0.0345630645751953 -0.00454902648925781 -0.0275058746337891 0.00858116149902344
0.0303096771240234 0.0162448883056641 -0.0177955627441406 -0.00732994079589843
0.00274276733398437 0.0388870239257813 -0.00391960144042969 -0.0109491348266602
-0.0212249755859375 0.0367813110351563 -0.000108718872070315 0.0118007659912109
-0.0382614135742187 0.0180702209472656 -0.0349769592285156 0.0235233306884766
-0.0238056182861328 -0.00584793090820313 -0.0297088623046875 0.0400848388671875
-0.0231704711914063 0.00690841674804687 -0.0294647216796875 0.0388832092285156
-0.0143241882324219 0.0192489624023438 -0.0134353637695313 0.0279560089111328
0.00540924072265625 0.0208206176757813 -0.00639915466308594 0.0217838287353516
0.015376091003418 0.00912666320800781 -0.00583171844482422 0.0141611099243164
0.0182781219482422 -0.00701522827148438 -0.00787639617919922 0.0158796310424805
0.0119256973266602 -0.0129795074462891 -0.00961112976074219 0.0228786468505859
0.0106258392333984 -0.0139083862304688 -0.0106639862060547 0.0272388458251953
0.0128335952758789 -0.0173940658569336 -0.0161628723144531 0.0318202972412109
0.0166873931884766 -0.0146751403808594 -0.02813720703125 0.0241603851318359
0.0236701965332031 -0.00292396545410156 -0.0312786102294922 0.0121898651123047
0.0204048156738281 0.0115947723388672 -0.0228023529052734 -0.00604820251464844
-0.000732421874999998 0.0274448394775391 -0.00711441040039063 -0.0103273391723633
-0.0190658569335937 0.0216445922851563 -0.00585365295410156 0.0146684646606445
-0.029327392578125 0.00191116333007813 -0.046875 0.0261878967285156
0.00880050659179688 0.0116968154907227 0.0518264770507813 -0.0289878845214844
0.0140781402587891 -0.00490856170654297 0.0138874053955078 -0.0156993865966797
-0.000572204589843749 -0.0106010437011719 0.00653457641601563 0.0123329162597656
-0.00904369354248047 -0.00428009033203125 0.0299472808837891 0.0117511749267578
-0.00863552093505859 0.00316905975341797 0.0367927551269531 -0.0101165771484375
-0.00495529174804688 0.00682926177978515 0.0287647247314453 -0.0311470031738281
-0.00237464904785156 0.00395774841308594 0.0157585144042969 -0.0398445129394531
-0.00380754470825195 0.00372624397277832 0.00901412963867187 -0.0333061218261719
-0.00521183013916016 0.00219154357910156 0.008941650390625 -0.0284004211425781
-0.00396919250488281 -0.00179338455200195 0.0102386474609375 -0.0214099884033203
-0.000227451324462891 -0.00574254989624023 0.0076141357421875 -0.019256591796875
0.00716876983642578 -0.00498771667480469 0.0107326507568359 -0.0220050811767578
0.0124578475952148 0.00271892547607422 0.0187740325927734 -0.0261783599853516
0.0123882293701172 0.0148649215698242 0.0291633605957031 -0.0373954772949219
0.00500679016113281 0.0221099853515625 0.0368843078613281 -0.03680419921875
-0.00871658325195313 0.0269718170166016 0.0545387268066406 -0.0203170776367188
0.0067596435546875 0.0139083862304688 0.0165214538574219 -0.00957584381103516
0.00350284576416015 0.00796794891357422 0.00849533081054688 0.0153350830078125
0.00473403930664063 0.00542449951171875 0.0324382781982422 0.0134735107421875
0.00619316101074219 0.00342988967895508 0.038055419921875 -0.00866317749023438
0.00774574279785156 -0.00256872177124023 0.0297679901123047 -0.0310611724853516
0.00563240051269531 -0.00902557373046875 0.0158882141113281 -0.0395584106445312
0.0048375129699707 -0.00867271423339844 0.00724411010742188 -0.0324573516845703
0.00519657135009766 -0.011540412902832 0.006988525390625 -0.02667236328125
0.0103607177734375 -0.0106086730957031 0.00716209411621094 -0.0220298767089844
0.0174064636230469 -0.00411224365234375 0.00480079650878906 -0.0184993743896484
0.0197219848632813 0.00776481628417969 0.00941085815429688 -0.0209484100341797
0.0100803375244141 0.0231857299804688 0.0154170989990234 -0.0239124298095703
0.00016975402832031 0.0342578887939453 0.0259685516357422 -0.0315704345703125
-0.0138473510742188 0.0355262756347656 0.0330638885498047 -0.0292320251464844
-0.0269432067871094 0.0378532409667969 0.0495872497558594 -0.00823593139648437
-0.00391960144042969 0.0322933197021484 0.0150489807128906 0.000564575195312502
0.00495338439941406 0.0284042358398438 0.008331298828125 0.0207939147949219
0.0184669494628906 0.0174102783203125 0.0325584411621094 0.0170917510986328
0.0221443176269531 0.00473976135253906 0.0369453430175781 -0.00467681884765625
0.0200595855712891 -0.0118560791015625 0.0289363861083984 -0.0272006988525391
0.0138950347900391 -0.02154541015625 0.013519287109375 -0.0339565277099609
0.0127677917480469 -0.0199966430664063 0.0041656494140625 -0.0265731811523437
0.01458740234375 -0.0239849090576172 0.00304985046386719 -0.0206489562988281
0.0221004486083984 -0.0191669464111328 0.0012664794921875 -0.0182838439941406
0.0319347381591797 -0.00415802001953125 -0.00138759613037109 -0.0155525207519531
0.0312690734863281 0.0147113800048828 0.00452804565429688 -0.0195503234863281
0.0108375549316406 0.0382804870605469 0.0102291107177734 -0.0221786499023437
-0.00712966918945312 0.0486183166503906 0.0207862854003906 -0.0238914489746094
-0.0282707214355469 0.044189453125 0.0229377746582031 -0.0189971923828125
-0.0421257019042969 0.0424423217773438 0.0377311706542969 0.00714492797851563
-0.0166664123535156 0.0455093383789063 0.00901317596435547 0.013575553894043
0.0029144287109375 0.046722412109375 0.00601959228515625 0.0271434783935547
0.0285205841064453 0.0298652648925781 0.0287437438964844 0.0214405059814453
0.0347709655761719 0.00708770751953125 0.0319728851318359 0.000995635986328125
0.0309391021728516 -0.0181808471679688 0.0248699188232422 -0.0196952819824219
0.0203495025634766 -0.0300979614257813 0.00975227355957031 -0.0248584747314453
0.0186367034912109 -0.0280647277832031 0.000521659851074219 -0.0167999267578125
0.0202598571777344 -0.0332069396972656 -0.00124073028564453 -0.0102930068969727
0.0290050506591797 -0.0261955261230469 -0.00569057464599609 -0.0106954574584961
0.0414962768554688 -0.00667572021484375 -0.00879859924316406 -0.00970172882080078
0.0393180847167969 0.0172691345214844 -0.00155067443847656 -0.0172595977783203
0.0126762390136719 0.0473060607910156 0.00585174560546875 -0.0195369720458984
-0.0109977722167969 0.0567092895507812 0.0154104232788086 -0.014185905456543
-0.0378265380859375 0.0467033386230469 0.009796142578125 -0.00659847259521484
-0.0511817932128906 0.0388717651367187 0.0205707550048828 0.0223979949951172
-0.0278587341308594 0.0498504638671875 -0.00046348571777344 0.0256767272949219
-0.00254058837890625 0.0567054748535156 0.000854492187500001 0.0320873260498047
0.0319366455078125 0.0395355224609375 0.0210113525390625 0.0254039764404297
0.0418968200683594 0.0111579895019531 0.0228538513183594 0.00722885131835938
0.0379753112792969 -0.020416259765625 0.0177936553955078 -0.00901222229003906
0.0239810943603516 -0.0337371826171875 0.00494575500488281 -0.0116558074951172
0.0214080810546875 -0.0314216613769531 -0.00326442718505859 -0.00455236434936524
0.0231208801269531 -0.0377693176269531 -0.00542354583740234 0.00192832946777343
0.0310077667236328 -0.0295314788818359 -0.0127315521240234 -0.00101280212402344
0.0449180603027344 -0.00801467895507813 -0.0160923004150391 -0.00242805480957031
0.0420494079589844 0.0181312561035156 -0.0080728530883789 -0.0136537551879883
0.0119667053222656 0.0497627258300781 0.00221824645996094 -0.0162315368652344
-0.0149154663085937 0.0575752258300781 0.0106916427612305 -0.00370025634765625
-0.0426101684570313 0.0431098937988281 -0.00492954254150391 0.0060420036315918
-0.0507659912109375 0.0284347534179687 8.77380371093699E-05 0.0343475341796875
-0.0343894958496094 0.0430488586425781 -0.0121116638183594 0.0359764099121094
-0.0100975036621094 0.0553169250488281 -0.00568389892578125 0.0337352752685547
0.0277099609375 0.0421524047851563 0.0103549957275391 0.0263252258300781
0.040435791015625 0.013671875 0.0119752883911133 0.0121307373046875
0.0383262634277344 -0.0190505981445313 0.00836753845214844 0.00118398666381836
0.0234241485595703 -0.0319499969482422 -0.00079524517059326 0.00200319290161133
0.0205421447753906 -0.0299854278564453 -0.00660133361816406 0.00870943069458008
0.0224838256835937 -0.036468505859375 -0.0097513198852539 0.0144281387329102
0.0296421051025391 -0.0281963348388672 -0.0189971923828125 0.00962448120117187
0.0429115295410156 -0.0078125 -0.0224151611328125 0.00438499450683593
0.0388145446777344 0.0172080993652344 -0.0136842727661133 -0.0103349685668945
0.00861358642578125 0.0468597412109375 -0.00109291076660156 -0.0139636993408203
-0.0183906555175781 0.0508766174316406 0.00625991821289062 0.00558280944824219
-0.0435791015625 0.0334129333496094 -0.0204181671142578 0.0170478820800781
-0.0411911010742187 0.0121726989746094 -0.0177268981933594 0.0416946411132813
-0.0328865051269531 0.0270805358886719 -0.0229835510253906 0.0408744812011719
-0.0147628784179687 0.0414848327636719 -0.011016845703125 0.0326423645019531
0.0180397033691406 0.0357666015625 0.000526428222656249 0.0251979827880859
0.0312557220458984 0.0131931304931641 0.00124931335449219 0.0142784118652344
0.0312137603759766 -0.0146102905273438 -0.000769615173339843 0.0109920501708984
0.0194740295410156 -0.0248489379882813 -0.00577640533447266 0.0149469375610352
0.0165386199951172 -0.0241413116455078 -0.0091400146484375 0.0201206207275391
0.0186233520507813 -0.0298805236816406 -0.0126838684082031 0.0254459381103516
0.0245609283447266 -0.0233879089355469 -0.0246543884277344 0.0186824798583984
0.0357742309570313 -0.0057525634765625 -0.0273380279541016 0.00972175598144531
0.0313644409179688 0.0159645080566406 -0.0185222625732422 -0.00737953186035156
0.00413131713867188 0.0397109985351563 -0.00467681884765625 -0.01165771484375
-0.0205535888671875 0.0384902954101563 0.000140190124511717 0.0121030807495117
-0.0395317077636719 0.019317626953125 -0.0349922180175781 0.0247058868408203
-0.0240001678466797 -0.00519752502441406 -0.0299186706542969 0.0418853759765625
-0.0237197875976562 0.00767898559570313 -0.0296821594238281 0.0404624938964844
-0.0141048431396484 0.0202064514160156 -0.0136566162109375 0.0291500091552734
0.006134033203125 0.0210132598876953 -0.00652694702148437 0.0224437713623047
0.0162277221679688 0.00902080535888672 -0.00629425048828125 0.0150318145751953
0.0180492401123047 -0.00789833068847656 -0.00754261016845703 0.0163612365722656
0.0116682052612305 -0.0137252807617188 -0.00935554504394531 0.0242824554443359
0.01025390625 -0.0143365859985352 -0.0105018615722656 0.0281620025634766
0.0116920471191406 -0.0186843872070313 -0.015716552734375 0.0334682464599609
0.0160646438598633 -0.0153236389160156 -0.0285396575927734 0.0257759094238281
0.0239486694335937 -0.00429534912109375 -0.0319080352783203 0.0130462646484375
0.0208377838134766 0.0114955902099609 -0.0236110687255859 -0.00608253479003906
0.000188827514648435 0.0275421142578125 -0.00744342803955078 -0.0110902786254883
-0.0184097290039063 0.0222682952880859 -0.00568389892578125 0.0148887634277344
-0.0294818878173828 0.00290107727050781 -0.0475502014160156 0.0279769897460937
0.00955295562744141 0.0117282867431641 0.0514640808105469 -0.0317535400390625
0.0140218734741211 -0.00600624084472656 0.0128259658813477 -0.0166234970092773
-0.000505447387695313 -0.0107383728027344 0.00716114044189453 0.0123844146728516
-0.0090932846069336 -0.00372314453125 0.0307121276855469 0.0104560852050781
-0.0081934928894043 0.00330162048339844 0.0369186401367187 -0.0117721557617187
-0.00472688674926758 0.00751256942749023 0.0279884338378906 -0.0328044891357422
-0.00242042541503906 0.00419926643371582 0.0144233703613281 -0.0409698486328125
-0.00350761413574219 0.00369048118591309 0.00772857666015625 -0.0343399047851563
-0.0050806999206543 0.00318241119384766 0.0071868896484375 -0.0291099548339844
-0.00410866737365723 -0.00201225280761719 0.00890922546386719 -0.0226612091064453
-0.00037384033203125 -0.0054931640625 0.00686454772949219 -0.0202865600585937
0.00675678253173828 -0.00515890121459961 0.00992774963378906 -0.0229339599609375
0.0124645233154297 0.00245285034179687 0.0188655853271484 -0.0276718139648437
0.0132007598876953 0.0147781372070312 0.0287513732910156 -0.0393333435058594
0.00580596923828125 0.0219879150390625 0.0362319946289063 -0.0401229858398438
-0.00811386108398438 0.0281333923339844 0.0540275573730469 -0.0234756469726563
0.00750541687011719 0.0137147903442383 0.0161857604980469 -0.01043701171875
0.00421619415283203 0.00823259353637695 0.00896358489990234 0.0157985687255859
0.00507736206054688 0.00542688369750977 0.0329704284667969 0.0121898651123047
0.00671815872192383 0.00270366668701172 0.0384140014648437 -0.0102310180664062
0.00762033462524414 -0.00329303741455078 0.0293369293212891 -0.032928466796875
0.0054931640625 -0.0102996826171875 0.0139236450195313 -0.0410308837890625
0.00456333160400391 -0.00924396514892578 0.00566673278808594 -0.0333366394042969
0.00514030456542969 -0.0116205215454102 0.00544548034667969 -0.0277576446533203
0.0100479125976563 -0.011439323425293 0.00593376159667969 -0.0229701995849609
0.0173521041870117 -0.00452423095703125 0.00401878356933594 -0.0191593170166016
0.0205459594726562 0.00730705261230469 0.00857353210449219 -0.0225162506103516
0.0109214782714844 0.0232696533203125 0.0150604248046875 -0.0253887176513672
0.00163078308105469 0.0348415374755859 0.0252208709716797 -0.0336284637451172
-0.0126800537109375 0.0363655090332031 0.0325241088867188 -0.0321540832519531
-0.0264472961425781 0.0401115417480469 0.0498847961425781 -0.0106124877929687
-0.00276947021484375 0.0325813293457031 0.0150222778320313 0.000118255615234377
0.00637245178222656 0.0290641784667969 0.00930595397949219 0.0216445922851563
0.0196990966796875 0.0165348052978516 0.0338973999023438 0.0162601470947266
0.0224132537841797 0.00329971313476563 0.0376167297363281 -0.00627899169921875
0.0201587677001953 -0.0130233764648437 0.0280017852783203 -0.0288066864013672
0.0129909515380859 -0.0222930908203125 0.0119361877441406 -0.0354156494140625
0.0122203826904297 -0.0207920074462891 0.00236701965332031 -0.0270004272460938
0.0130348205566406 -0.0251483917236328 0.00173377990722656 -0.0211982727050781
0.0211410522460938 -0.0210857391357422 -3.24249267578108E-05 -0.0186080932617188
0.0322685241699219 -0.00630760192871094 -0.00244045257568359 -0.0157604217529297
0.0326137542724609 0.0133991241455078 0.00362586975097656 -0.0206947326660156
0.0129852294921875 0.0389404296875 0.01031494140625 -0.0232601165771484
-0.00514984130859375 0.0500564575195313 0.0198860168457031 -0.02532958984375
-0.02703857421875 0.04595947265625 0.0225925445556641 -0.0213050842285156
-0.041168212890625 0.0449676513671875 0.0382194519042969 0.00557327270507813
-0.0148963928222656 0.0465927124023437 0.00996780395507812 0.0131120681762695
0.0051422119140625 0.04754638671875 0.00614547729492188 0.0279788970947266
0.0306205749511719 0.0286865234375 0.0301666259765625 0.0211296081542969
0.0358200073242188 0.0054779052734375 0.032440185546875 9.53674316406284E-06
0.0306072235107422 -0.0203418731689453 0.0245609283447266 -0.0208835601806641
0.0190563201904297 -0.0319671630859375 0.0085601806640625 -0.0254573822021484
0.0172634124755859 -0.0293769836425781 -0.00137996673583984 -0.0170669555664063
0.0186843872070313 -0.03472900390625 -0.00215721130371094 -0.0107240676879883
0.0278644561767578 -0.0281181335449219 -0.0071420669555664 -0.0105705261230469
0.0414466857910156 -0.00938034057617188 -0.00974082946777344 -0.00955772399902343
0.0412979125976563 0.0157051086425781 -0.00268936157226562 -0.0179691314697266
0.0150604248046875 0.047943115234375 0.00537109375 -0.0206356048583984
-0.008697509765625 0.05810546875 0.0151605606079102 -0.0154457092285156
-0.0366325378417969 0.0494613647460937 0.00963306427001953 -0.00818729400634765
-0.0501060485839844 0.041656494140625 0.0210590362548828 0.0218105316162109
-0.026336669921875 0.0513381958007813 0.000316619873046876 0.0262775421142578
-0.000282287597656256 0.0588531494140625 0.00145912170410157 0.0330047607421875
0.0343666076660156 0.0387611389160156 0.0219650268554688 0.0253715515136719
0.0429000854492188 0.00915908813476563 0.0238037109375 0.00689888000488281
0.0374717712402344 -0.0229377746582031 0.0174331665039063 -0.0102100372314453
0.0224227905273438 -0.0356903076171875 0.00419807434082032 -0.0121364593505859
0.0199432373046875 -0.0335025787353516 -0.0041661262512207 -0.00448226928710938
0.0206413269042969 -0.0395660400390625 -0.00573968887329101 0.00232887268066406
0.0299472808837891 -0.031890869140625 -0.0136861801147461 -0.00020694732666016
0.04510498046875 -0.0111846923828125 -0.0167980194091797 -0.00203704833984375
0.0437088012695313 0.0162544250488281 -0.0088663101196289 -0.0142822265625
0.0147933959960938 0.0503463745117188 0.00156402587890625 -0.0173006057739258
-0.0127830505371094 0.058746337890625 0.0111284255981445 -0.00462913513183593
-0.0422592163085938 0.0459327697753906 -0.00448131561279297 0.00573062896728516
-0.0503768920898438 0.0306930541992188 0.00117683410644531 0.0349197387695313
-0.0333137512207031 0.0448188781738281 -0.01123046875 0.03692626953125
-0.00753021240234375 0.0573539733886719 -0.00519943237304687 0.0347976684570313
0.0302658081054688 0.0414466857910156 0.0113162994384766 0.0270824432373047
0.0419044494628906 0.0119895935058594 0.0125026702880859 0.0118198394775391
0.0375595092773438 -0.0212478637695313 0.00843620300292969 0.000907421112060545
0.0223960876464844 -0.0339870452880859 -0.000968217849731444 0.00260448455810547
0.0195999145507813 -0.0321617126464844 -0.00667476654052734 0.00924110412597656
0.0202598571777344 -0.0386581420898437 -0.00966548919677734 0.0149478912353516
0.0287094116210938 -0.0302391052246094 -0.0193557739257812 0.0109596252441406
0.0427932739257812 -0.0106353759765625 -0.0224475860595703 0.00528526306152344
0.0407829284667969 0.0155181884765625 -0.0144901275634766 -0.010493278503418
0.0107879638671875 0.0477714538574219 -0.00169086456298828 -0.0143222808837891
-0.0162353515625 0.0523452758789063 0.0063929557800293 0.00507307052612305
-0.0429840087890625 0.0361175537109375 -0.0197620391845703 0.0179805755615234
-0.0411605834960938 0.0135879516601562 -0.0168685913085937 0.043243408203125
-0.0322132110595703 0.0288066864013672 -0.0220565795898438 0.0424308776855469
-0.0135955810546875 0.0431861877441406 -0.010833740234375 0.0335865020751953
0.019805908203125 0.0350666046142578 0.00129127502441406 0.0257682800292969
0.0320606231689453 0.0115852355957031 0.0018911361694336 0.0147581100463867
0.0306797027587891 -0.01617431640625 -0.000504493713378905 0.0109710693359375
0.0185489654541016 -0.0270500183105469 -0.00511455535888672 0.0157670974731445
0.0163097381591797 -0.0251960754394531 -0.00860023498535156 0.0207633972167969
0.0169734954833984 -0.0314426422119141 -0.0122623443603516 0.0263195037841797
0.0234584808349609 -0.0252265930175781 -0.0238761901855469 0.0202274322509766
0.0357551574707031 -0.0080108642578125 -0.0277671813964844 0.0108814239501953
0.0329475402832031 0.0138835906982422 -0.0196762084960938 -0.00715255737304687
0.00591278076171875 0.0400009155273437 -0.00479698181152344 -0.0122642517089844
-0.0187797546386719 0.0400733947753906 0.00104713439941406 0.0120658874511719
-0.0397529602050781 0.0215377807617187 -0.0344562530517578 0.0264072418212891
-0.0245628356933594 -0.00460433959960938 -0.0290565490722656 0.043975830078125
-0.0236530303955078 0.00884246826171875 -0.0285797119140625 0.0431594848632812
-0.0140857696533203 0.0207996368408203 -0.0132369995117188 0.0302181243896484
0.00757598876953125 0.0210018157958984 -0.00631332397460937 0.0236911773681641
0.0171222686767578 0.00759220123291016 -0.00539493560791016 0.0163650512695313
0.0173406600952148 -0.00858116149902344 -0.00687026977539063 0.0176029205322266
0.0106439590454102 -0.0147066116333008 -0.008544921875 0.0249919891357422
0.00941658020019531 -0.0151863098144531 -0.00927352905273437 0.0292549133300781
0.0110111236572266 -0.019866943359375 -0.0144939422607422 0.0349006652832031
0.0152616500854492 -0.0162792205810547 -0.0275592803955078 0.0274181365966797
0.0237827301025391 -0.0053558349609375 -0.0319118499755859 0.0147533416748047
0.0219364166259766 0.0105972290039062 -0.0244960784912109 -0.00553131103515625
0.00117874145507813 0.028045654296875 -0.00818920135498047 -0.0115385055541992
-0.0180149078369141 0.0232200622558594 -0.00485324859619141 0.0157003402709961
-0.0301494598388672 0.00429916381835938 -0.0466957092285156 0.0300178527832031
0.00957489013671875 0.0113840103149414 0.0490989685058594 -0.034332275390625
0.0132131576538086 -0.00647926330566406 0.0122385025024414 -0.0170326232910156
-0.000746726989746095 -0.0104265213012695 0.00748634338378906 0.0123996734619141
-0.00864791870117188 -0.00294256210327148 0.0313167572021484 0.00941276550292969
-0.00776529312133789 0.00372409820556641 0.0362815856933594 -0.01348876953125
-0.00425910949707031 0.00758934020996094 0.0263652801513672 -0.0341339111328125
-0.0021665096282959 0.00400590896606445 0.0125732421875 -0.0418128967285156
-0.00326037406921387 0.00401163101196289 0.00603675842285156 -0.0346260070800781
-0.00465488433837891 0.00319957733154297 0.00566864013671875 -0.0293292999267578
-0.00432348251342773 -0.00151395797729492 0.00774192810058594 -0.0235080718994141
-0.000817298889160156 -0.00545263290405274 0.00571632385253906 -0.0207195281982422
0.00668239593505859 -0.00521039962768555 0.00913238525390625 -0.0239143371582031
0.0123891830444336 0.00199508666992188 0.0178585052490234 -0.0285511016845703
0.013789176940918 0.0141363143920898 0.0269775390625 -0.0408134460449219
0.00664901733398438 0.0214385986328125 0.0345115661621094 -0.0422859191894531
-0.00745010375976563 0.0282554626464844 0.0526542663574219 -0.0263519287109375
0.00740528106689453 0.0128707885742188 0.0150985717773438 -0.0113391876220703
0.00473213195800781 0.00816106796264648 0.00950908660888672 0.0160770416259766
0.00578641891479492 0.00546932220458984 0.0337085723876953 0.0111408233642578
0.00697803497314453 0.00261449813842773 0.0380477905273438 -0.0116996765136719
0.0075993537902832 -0.00384807586669922 0.0276870727539063 -0.0340023040771484
0.00485515594482422 -0.0105905532836914 0.0117034912109375 -0.0411872863769531
0.00459861755371094 -0.009765625 0.0040130615234375 -0.0329475402832031
0.00452804565429687 -0.0122871398925781 0.00374031066894531 -0.0274295806884766
0.00959968566894531 -0.011749267578125 0.00441741943359375 -0.0234546661376953
0.0172510147094727 -0.00545597076416016 0.00271415710449219 -0.0197792053222656
0.0207099914550781 0.00609588623046875 0.00725364685058594 -0.0231571197509766
0.0122241973876953 0.023193359375 0.0145530700683594 -0.0264072418212891
0.00333404541015625 0.0343723297119141 0.0236148834228516 -0.0349140167236328
-0.0112190246582031 0.0369148254394531 0.0306797027587891 -0.0344619750976563
-0.0247764587402344 0.0411720275878906 0.0492324829101563 -0.0132255554199219
-0.00138664245605468 0.0324554443359375 0.0149364471435547 -0.00151920318603515
0.00790596008300781 0.0287456512451172 0.0094146728515625 0.0212821960449219
0.0203037261962891 0.0154953002929688 0.0341911315917969 0.0152492523193359
0.0227890014648438 0.0019073486328125 0.0371551513671875 -0.00756072998046875
0.0188503265380859 -0.0142993927001953 0.0269908905029297 -0.0299034118652344
0.011627197265625 -0.0239200592041016 0.0100822448730469 -0.0358200073242188
0.0108623504638672 -0.0213279724121094 0.00106430053710938 -0.0265274047851562
0.011627197265625 -0.0258903503417969 0.00031089782714844 -0.0209026336669922
0.0193653106689453 -0.0216884613037109 -0.00139045715332031 -0.018798828125
0.0312881469726563 -0.00809478759765625 -0.00350475311279297 -0.0158700942993164
0.0332717895507813 0.01214599609375 0.00240135192871094 -0.0212860107421875
0.0146141052246094 0.03875732421875 0.009735107421875 -0.0240669250488281
-0.00275421142578125 0.0501365661621094 0.0189590454101563 -0.0268402099609375
-0.0251426696777344 0.0473747253417969 0.0216312408447266 -0.0229969024658203
-0.0392913818359375 0.0469818115234375 0.0382957458496094 0.00351333618164063
-0.0130882263183594 0.0465583801269531 0.00977420806884766 0.0120534896850586
0.00763702392578125 0.0472755432128906 0.00738716125488281 0.0277309417724609
0.0320358276367188 0.0268802642822266 0.0303573608398438 0.0203075408935547
0.0357589721679688 0.003662109375 0.0326766967773438 -0.000957489013671875
0.0290985107421875 -0.0220699310302734 0.0236568450927734 -0.0216712951660156
0.0167465209960938 -0.0328941345214844 0.00689506530761719 -0.0256690979003906
0.0155887603759766 -0.0301666259765625 -0.0022735595703125 -0.0164251327514648
0.0159416198730469 -0.0361824035644531 -0.00272941589355469 -0.0103168487548828
0.0257472991943359 -0.0293445587158203 -0.00810432434082031 -0.0102205276489258
0.0407943725585937 -0.0118904113769531 -0.0104198455810547 -0.00950431823730469
0.0418052673339844 0.0136337280273437 -0.00380134582519531 -0.0183334350585938
0.0172233581542969 0.0472984313964844 0.00480842590332031 -0.0210380554199219
-0.00580978393554688 0.0584259033203125 0.014826774597168 -0.0166444778442383
-0.0346946716308594 0.0508193969726563 0.00914955139160156 -0.0092010498046875
-0.0482139587402344 0.0439338684082031 0.0220451354980469 0.0201301574707031
-0.0240592956542969 0.0520210266113281 0.000926971435546873 0.0256919860839844
0.0028533935546875 0.0584220886230469 0.00230216979980469 0.0330314636230469
0.0361099243164063 0.0364189147949219 0.0227756500244141 0.0247287750244141
0.043121337890625 0.00667953491210938 0.0239505767822266 0.00606727600097656
0.0356559753417969 -0.025360107421875 0.0174312591552734 -0.0109128952026367
0.020233154296875 -0.036895751953125 0.00375938415527344 -0.0120668411254883
0.0178661346435547 -0.0342998504638672 -0.00469255447387695 -0.00353765487670899
0.0179557800292969 -0.0408973693847656 -0.0058298110961914 0.00263643264770508
0.0280818939208984 -0.0332736968994141 -0.0140533447265625 0.000740051269531246
0.0438346862792969 -0.0136985778808594 -0.0168361663818359 -0.00150680541992187
0.0442581176757813 0.0134735107421875 -0.00974464416503906 -0.0139751434326172
0.017303466796875 0.0497360229492188 0.000388145446777346 -0.0174121856689453
-0.00946807861328125 0.0594482421875 0.0107440948486328 -0.00550556182861328
-0.0400123596191406 0.0479240417480469 -0.00462388992309571 0.00555467605590821
-0.0486373901367188 0.0329627990722656 0.00301551818847656 0.0346240997314453
-0.0309333801269531 0.0460319519042969 -0.00999069213867188 0.0370025634765625
-0.00449752807617188 0.0572662353515625 -0.00423812866210938 0.0351638793945313
0.032379150390625 0.0395050048828125 0.0125160217285156 0.0265178680419922
0.0420951843261719 0.00941848754882813 0.0131158828735352 0.0118980407714844
0.0358085632324219 -0.0234756469726562 0.00892162322998047 0.000679969787597655
0.0198383331298828 -0.0350341796875 -0.000799179077148436 0.00271487236022949
0.0178718566894531 -0.033050537109375 -0.00666713714599609 0.00955581665039062
0.0177650451660156 -0.0399322509765625 -0.00871562957763672 0.0152950286865234
0.0264778137207031 -0.0318145751953125 -0.0191764831542969 0.0121631622314453
0.0421218872070313 -0.0130424499511719 -0.0223770141601562 0.00633811950683593
0.0411720275878906 0.0131950378417969 -0.0156040191650391 -0.00975131988525391
0.0133628845214844 0.0470771789550781 -0.00224494934082031 -0.0143117904663086
-0.0132637023925781 0.05316162109375 0.00711822509765625 0.00460433959960938
-0.041656494140625 0.0382728576660156 -0.0190162658691406 0.0183067321777344
-0.0401954650878906 0.0158805847167969 -0.0147552490234375 0.0440025329589844
-0.03057861328125 0.0300025939941406 -0.0204544067382812 0.0432548522949219
-0.0111656188964844 0.0437698364257813 -0.00963401794433594 0.0338897705078125
0.0216712951660156 0.0338592529296875 0.00189781188964844 0.0256481170654297
0.0324535369873047 0.00958061218261719 0.00261020660400391 0.015228271484375
0.0291824340820313 -0.0179691314697266 0.000496864318847658 0.0107650756835937
0.0165958404541016 -0.0273933410644531 -0.00468254089355469 0.0158700942993164
0.0146579742431641 -0.0263881683349609 -0.00748443603515625 0.0215644836425781
0.0149688720703125 -0.0322666168212891 -0.0108928680419922 0.0269527435302734
0.0217208862304688 -0.0264911651611328 -0.0229072570800781 0.0216464996337891
0.0345859527587891 -0.0103588104248047 -0.0271015167236328 0.0121307373046875
0.0333385467529297 0.0120429992675781 -0.0204429626464844 -0.00675582885742188
0.00769424438476563 0.0395431518554688 -0.00606822967529297 -0.011906623840332
-0.0164871215820312 0.0407066345214844 0.00112628936767578 0.0116720199584961
-0.0385856628417969 0.0233917236328125 -0.0333518981933594 0.0274066925048828
-0.0243167877197266 -0.00349617004394532 -0.0271377563476563 0.0456428527832031
-0.0228309631347656 0.00986480712890625 -0.0271224975585938 0.0442657470703125
-0.0127182006835937 0.0219078063964844 -0.0123348236083984 0.0309085845947266
0.00846290588378906 0.0205287933349609 -0.00514411926269531 0.0243873596191406
0.0176219940185547 0.00673484802246094 -0.00463771820068359 0.0166006088256836
0.0165262222290039 -0.00957775115966797 -0.00596046447753906 0.0180130004882812
0.00995063781738281 -0.0155353546142578 -0.00699234008789062 0.0254116058349609
0.00873947143554688 -0.0157737731933594 -0.00836753845214844 0.0294857025146484
0.0096435546875 -0.0205860137939453 -0.0126819610595703 0.0351371765136719
0.0139179229736328 -0.0177421569824219 -0.0263309478759766 0.0289592742919922
0.0236263275146484 -0.00701713562011719 -0.0310993194580078 0.01611328125
0.0222053527832031 0.00926589965820313 -0.0245628356933594 -0.00433921813964844
0.00216102600097656 0.02801513671875 -0.00877571105957031 -0.0108394622802734
-0.0168056488037109 0.0237464904785156 -0.00461959838867188 0.0152196884155273
-0.0299758911132813 0.00523757934570313 -0.0454063415527344 0.0324020385742187
0.00932884216308594 0.0113325119018555 0.0473136901855469 -0.03497314453125
0.0126352310180664 -0.0069580078125 0.0113039016723633 -0.0175008773803711
-0.000919342041015626 -0.0105218887329102 0.00759220123291016 0.0126895904541016
-0.00886917114257813 -0.00261211395263672 0.0307636260986328 0.0087738037109375
-0.00743627548217773 0.00396585464477539 0.0352401733398437 -0.014190673828125
-0.00397443771362305 0.00702571868896484 0.0249824523925781 -0.0340404510498047
-0.00206255912780762 0.00367188453674316 0.0105552673339844 -0.0414924621582031
-0.0026702880859375 0.00393080711364746 0.00449943542480469 -0.0340194702148438
-0.00416874885559082 0.00351309776306152 0.00452041625976563 -0.0292491912841797
-0.00410294532775879 -0.00131058692932129 0.00629043579101562 -0.0233840942382813
-0.00092172622680664 -0.00514364242553711 0.00455665588378906 -0.0206432342529297
0.00627040863037109 -0.00506067276000977 0.00850105285644532 -0.0241661071777344
0.0120744705200195 0.00204753875732422 0.0171852111816406 -0.0293388366699219
0.013484001159668 0.0133943557739258 0.0255126953125 -0.0412635803222656
0.00713157653808594 0.0205593109130859 0.0327873229980469 -0.0431137084960938
-0.0066986083984375 0.0283012390136719 0.0503425598144531 -0.0272483825683594
0.00726509094238281 0.0126247406005859 0.0141744613647461 -0.0119781494140625
0.00493097305297851 0.00780534744262695 0.0101699829101563 0.0156106948852539
0.00584983825683594 0.00475072860717773 0.0333271026611328 0.0104770660400391
0.00690841674804688 0.00233936309814453 0.037139892578125 -0.0123825073242188
0.00693845748901367 -0.00449514389038086 0.0262222290039063 -0.0339794158935547
0.00441646575927734 -0.0106611251831055 0.00994873046875 -0.0411949157714844
0.00411415100097656 -0.00919055938720703 0.00250816345214844 -0.0322132110595703
0.00407505035400391 -0.0116233825683594 0.00236129760742188 -0.0272960662841797
0.00866222381591797 -0.0118007659912109 0.00327110290527344 -0.0230159759521484
0.0165786743164063 -0.00569820404052734 0.00126075744628906 -0.0193462371826172
0.0204524993896484 0.00547218322753906 0.00651168823242188 -0.0231037139892578
0.0123558044433594 0.0225563049316406 0.0138034820556641 -0.0265903472900391
0.00454521179199219 0.0342178344726563 0.0229873657226563 -0.0356941223144531
-0.0100135803222656 0.0364456176757813 0.0290184020996094 -0.0353775024414063
-0.0233192443847656 0.0412559509277344 0.0471649169921875 -0.0146408081054687
-0.000976562500000001 0.031524658203125 0.0142078399658203 -0.00205421447753906
0.00870704650878906 0.0280933380126953 0.00995254516601563 0.0209808349609375
0.0205955505371094 0.0145206451416016 0.0335750579833984 0.0141334533691406
0.0224552154541016 0.00146293640136719 0.0362930297851563 -0.008148193359375
0.0181846618652344 -0.0148849487304687 0.0253391265869141 -0.030059814453125
0.0103492736816406 -0.0234565734863281 0.0086517333984375 -0.0353851318359375
0.01025390625 -0.0217933654785156 -0.000656127929687502 -0.0257301330566406
0.0103015899658203 -0.0257701873779297 -0.000598907470703122 -0.0208358764648438
0.0185260772705078 -0.0220966339111328 -0.00219154357910156 -0.0183506011962891
0.0305538177490234 -0.00906944274902344 -0.00422096252441406 -0.0155849456787109
0.0328388214111328 0.0107192993164063 0.00147056579589844 -0.0217666625976563
0.0151023864746094 0.037567138671875 0.00928115844726563 -0.0238742828369141
-0.00090408325195312 0.0491790771484375 0.0179367065429688 -0.0276260375976562
-0.0235328674316406 0.0471382141113281 0.0201282501220703 -0.0238380432128906
-0.0378646850585938 0.0468635559082031 0.0372314453125 0.00147628784179688
-0.0118408203125 0.0457763671875 0.00953006744384766 0.0109710693359375
0.00917816162109375 0.0467033386230469 0.00783538818359375 0.0275440216064453
0.0322017669677734 0.0254878997802734 0.030303955078125 0.019134521484375
0.035400390625 0.00226211547851563 0.032135009765625 -0.00139808654785156
0.0276527404785156 -0.0226230621337891 0.022552490234375 -0.0220146179199219
0.015533447265625 -0.033050537109375 0.00623893737792969 -0.0253925323486328
0.0148048400878906 -0.0302047729492187 -0.00295257568359375 -0.0156688690185547
0.0142974853515625 -0.0360221862792969 -0.00336265563964844 -0.0102987289428711
0.0241832733154297 -0.02972412109375 -0.00838184356689453 -0.00971412658691406
0.0393943786621094 -0.0129318237304687 -0.0105199813842773 -0.00939369201660156
0.0410842895507813 0.0118980407714844 -0.00454139709472656 -0.0185489654541016
0.0184516906738281 0.0460166931152344 0.00428199768066406 -0.0209407806396484
-0.00431060791015625 0.057952880859375 0.0135335922241211 -0.0174589157104492
-0.0329170227050781 0.0512237548828125 0.00859451293945312 -0.00967025756835937
-0.0465354919433594 0.0444488525390625 0.0213737487792969 0.0191059112548828
-0.0220146179199219 0.0512504577636719 0.00147438049316406 0.0248203277587891
0.00445175170898438 0.0578422546386719 0.00230216979980469 0.0325260162353516
0.0364532470703125 0.0345649719238281 0.0223960876464844 0.0238761901855469
0.0423164367675781 0.00543212890625 0.0238208770751953 0.00614738464355469
0.0337276458740234 -0.0259304046630859 0.0165576934814453 -0.0111637115478516
0.0182838439941406 -0.0372505187988281 0.00293540954589844 -0.0119085311889648
0.016571044921875 -0.0341453552246094 -0.00522136688232422 -0.00293302536010742
0.0161781311035156 -0.0409011840820313 -0.00582456588745117 0.00228834152221679
0.0258255004882812 -0.0337638854980469 -0.0139408111572266 0.00107955932617187
0.0427589416503906 -0.0153388977050781 -0.0170879364013672 -0.00118160247802735
0.0439338684082031 0.0116958618164063 -0.0106344223022461 -0.0137176513671875
0.0184860229492187 0.0484886169433594 0.000612258911132813 -0.017399787902832
-0.00729751586914063 0.0581474304199219 0.0106382369995117 -0.0064706802368164
-0.0380401611328125 0.0482215881347656 -0.00481605529785156 0.00496244430541993
-0.0469131469726563 0.0336532592773438 0.0033111572265625 0.0336151123046875
-0.0285568237304688 0.0455474853515625 -0.00926589965820313 0.0361862182617188
-0.00312423706054687 0.0571136474609375 -0.00381660461425781 0.0345878601074219
0.03253173828125 0.037628173828125 0.0121040344238281 0.0264339447021484
0.0414352416992188 0.0079345703125 0.0129175186157227 0.0118579864501953
0.034088134765625 -0.0242328643798828 0.0085597038269043 0.000510215759277342
0.0181388854980469 -0.0353431701660156 -0.000998497009277343 0.00286531448364258
0.0162181854248047 -0.0329647064208984 -0.00675010681152344 0.00983238220214843
0.0158576965332031 -0.039520263671875 -0.00831508636474609 0.0151510238647461
0.0244159698486328 -0.0328693389892578 -0.0184459686279297 0.0125045776367187
0.0405540466308594 -0.0144157409667969 -0.0220127105712891 0.00635147094726563
0.0405082702636719 0.0114479064941406 -0.0158681869506836 -0.00961780548095703
0.0149078369140625 0.0457344055175781 -0.00251007080078125 -0.0140275955200195
-0.0111885070800781 0.0519676208496094 0.00678300857543945 0.00367355346679688
-0.0394706726074219 0.0385780334472656 -0.0184917449951172 0.0179271697998047
-0.03875732421875 0.0164451599121094 -0.0134124755859375 0.0436325073242188
-0.0293197631835938 0.0301628112792969 -0.018890380859375 0.0429420471191406
-0.00945663452148438 0.0437164306640625 -0.00909805297851562 0.0333995819091797
0.0223865509033203 0.0325813293457031 0.00213432312011719 0.0258064270019531
0.032196044921875 0.00840187072753906 0.00260639190673828 0.0154600143432617
0.0276546478271484 -0.0183124542236328 0.00036144256591797 0.0106639862060547
0.0150775909423828 -0.0276527404785156 -0.00415325164794922 0.0160884857177734
0.0130424499511719 -0.0263385772705078 -0.00755882263183594 0.0216617584228516
0.0127143859863281 -0.0324192047119141 -0.0101490020751953 0.0267257690429687
0.02008056640625 -0.0266990661621094 -0.0221462249755859 0.0217704772949219
0.0337123870849609 -0.0118923187255859 -0.0260791778564453 0.0127296447753906
0.0329627990722656 0.0105209350585938 -0.0203933715820313 -0.00579643249511718
0.0090484619140625 0.0388298034667969 -0.00617599487304687 -0.0113077163696289
-0.0153045654296875 0.0401535034179688 0.00223731994628906 0.0110034942626953
-0.0371131896972656 0.02374267578125 -0.0318012237548828 0.0273971557617188
-0.0238285064697266 -0.002471923828125 -0.0251197814941406 0.0461463928222656
-0.0220241546630859 0.00989341735839844 -0.0257072448730469 0.0443382263183594
-0.0114250183105469 0.0219268798828125 -0.0116672515869141 0.0307731628417969
0.00888252258300781 0.0193309783935547 -0.00461006164550781 0.0240478515625
0.0170679092407227 0.00603389739990234 -0.00419807434082031 0.017054557800293
0.0161199569702148 -0.0102071762084961 -0.00534629821777344 0.0180511474609375
0.00891971588134766 -0.0153379440307617 -0.00623321533203125 0.0253562927246094
0.00801849365234375 -0.0157079696655273 -0.00680160522460937 0.0295486450195313
0.00833511352539062 -0.0204792022705078 -0.0112247467041016 0.0349922180175781
0.0129222869873047 -0.0177879333496094 -0.02520751953125 0.0295200347900391
0.022857666015625 -0.00748252868652344 -0.02984619140625 0.0167446136474609
0.0219974517822266 0.00774192810058594 -0.0248184204101563 -0.00383186340332031
0.003082275390625 0.0272064208984375 -0.00905323028564453 -0.0107421875
-0.0155277252197266 0.0236282348632813 -0.00371551513671875 0.0150594711303711
-0.0291690826416016 0.00599861145019531 -0.0433387756347656 0.032562255859375
0.00901508331298828 0.0111598968505859 0.0458221435546875 -0.0344657897949219
0.0119333267211914 -0.00660610198974609 0.0105533599853516 -0.0174970626831055
-0.00136852264404297 -0.0102462768554688 0.00766944885253906 0.0130319595336914
-0.00832986831665039 -0.00259542465209961 0.0303878784179687 0.00868034362792969
-0.00700616836547852 0.00367641448974609 0.0342864990234375 -0.0139579772949219
-0.00380229949951172 0.00687074661254883 0.0246391296386719 -0.0337295532226563
-0.00211930274963379 0.00359296798706055 0.01043701171875 -0.0412826538085938
-0.00252079963684082 0.00376224517822266 0.00470161437988281 -0.0337429046630859
-0.0038607120513916 0.00322389602661133 0.00423622131347657 -0.0288505554199219
-0.00416898727416992 -0.00127124786376953 0.00637245178222656 -0.02301025390625
-0.00083160400390625 -0.00509119033813477 0.0045318603515625 -0.0206298828125
0.00606203079223633 -0.00487422943115234 0.00864410400390625 -0.0241813659667969
0.0117855072021484 0.00161170959472656 0.0174999237060547 -0.0287265777587891
0.0133132934570313 0.0133094787597656 0.0251121520996094 -0.0409889221191406
0.00680351257324219 0.0202293395996094 0.0322952270507813 -0.0429344177246094
-0.0067291259765625 0.0283946990966797 0.0492820739746094 -0.0271339416503906
0.00701999664306641 0.0124883651733398 0.0138282775878906 -0.0121850967407227
0.00489330291748047 0.00760412216186524 0.00954437255859375 0.0163002014160156
0.00598526000976562 0.00462675094604492 0.0328483581542969 0.0102519989013672
0.0068974494934082 0.00209379196166992 0.03662109375 -0.011871337890625
0.00687599182128906 -0.00445890426635742 0.0257453918457031 -0.0341205596923828
0.00353050231933594 -0.0109891891479492 0.00967788696289062 -0.0404930114746094
0.00413227081298828 -0.00953865051269531 0.00261116027832031 -0.0316715240478516
0.0038604736328125 -0.0119800567626953 0.00213432312011719 -0.0269107818603516
0.00859928131103516 -0.0118217468261719 0.00284957885742188 -0.0229377746582031
0.0163278579711914 -0.00579547882080078 0.00160598754882813 -0.0196704864501953
0.0203208923339844 0.00507926940917969 0.00662422180175781 -0.0235385894775391
0.0123062133789063 0.0224208831787109 0.0143756866455078 -0.0261077880859375
0.00432586669921875 0.0333766937255859 0.0222434997558594 -0.0356826782226562
-0.0102691650390625 0.035736083984375 0.0292167663574219 -0.0353736877441406
-0.0230369567871094 0.0411758422851563 0.0464630126953125 -0.0149612426757812
-0.00110816955566406 0.0310001373291016 0.0137691497802734 -0.00227069854736328
0.00930595397949219 0.0279331207275391 0.00940895080566406 0.0211849212646484
0.0207786560058594 0.0143852233886719 0.0333442687988281 0.0141620635986328
0.0219097137451172 0.00127029418945313 0.0358619689941406 -0.00769805908203125
0.0173940658569336 -0.0153102874755859 0.0252933502197266 -0.0294628143310547
0.00985527038574219 -0.0237846374511719 0.00830078125 -0.0348606109619141
0.0100307464599609 -0.0214786529541016 -0.000370025634765623 -0.0252113342285156
0.00991630554199219 -0.0259265899658203 -0.000780105590820313 -0.0206718444824219
0.0178813934326172 -0.0218219757080078 -0.00289535522460938 -0.0179309844970703
0.0302829742431641 -0.00927162170410156 -0.00428676605224609 -0.0160036087036133
0.0327663421630859 0.0103492736816406 0.00161552429199219 -0.0218372344970703
0.014892578125 0.0375518798828125 0.00920295715332031 -0.023773193359375
-0.000770568847656247 0.0486640930175781 0.0180091857910156 -0.0280094146728516
-0.023468017578125 0.0464324951171875 0.0200176239013672 -0.0241031646728516
-0.03704833984375 0.0465278625488281 0.0367164611816406 0.001556396484375
-0.0120429992675781 0.0452651977539063 0.0092315673828125 0.0102987289428711
0.00915145874023438 0.0459976196289063 0.0069427490234375 0.0272426605224609
0.0318565368652344 0.0248641967773438 0.029815673828125 0.0193557739257813
0.0344524383544922 0.00210189819335938 0.0317192077636719 -0.000753402709960937
0.026580810546875 -0.0227146148681641 0.0223979949951172 -0.0220413208007813
0.0148162841796875 -0.0332126617431641 0.00573539733886719 -0.0250530242919922
0.0140514373779297 -0.0302391052246094 -0.00333023071289062 -0.0149669647216797
0.013519287109375 -0.0357093811035156 -0.00375843048095703 -0.0099639892578125
0.0229911804199219 -0.0297260284423828 -0.00887870788574218 -0.00931262969970703
0.03826904296875 -0.0131301879882813 -0.0105018615722656 -0.00951766967773437
0.0407867431640625 0.0116729736328125 -0.00465583801269531 -0.0183372497558594
0.0181961059570313 0.0457534790039063 0.00425148010253906 -0.0209999084472656
-0.00367736816406249 0.0569877624511719 0.0141391754150391 -0.0177574157714844
-0.0324935913085938 0.0505485534667969 0.00837516784667969 -0.0100812911987305
-0.0457763671875 0.0440788269042969 0.0208911895751953 0.0187492370605469
-0.0221633911132812 0.0504188537597656 0.000869750976562496 0.0244293212890625
0.00450897216796875 0.0570106506347656 0.00186920166015625 0.0323829650878906
0.0362548828125 0.0335655212402344 0.0221519470214844 0.0240879058837891
0.0419921875 0.00506973266601563 0.0236434936523438 0.00615501403808594
0.0326519012451172 -0.0257892608642578 0.0167350769042969 -0.0110692977905273
0.0173721313476563 -0.0371894836425781 0.00245571136474609 -0.0115365982055664
0.0163307189941406 -0.0339393615722656 -0.00533199310302734 -0.00248479843139649
0.015106201171875 -0.0409202575683594 -0.0059518814086914 0.00260019302368164
0.0246334075927734 -0.0335674285888672 -0.0137834548950195 0.00130271911621094
0.0417747497558594 -0.015533447265625 -0.0167617797851562 -0.00129318237304687
0.0432701110839844 0.0107955932617188 -0.0105743408203125 -0.0137882232666016
0.0184974670410156 0.0479736328125 0.000483512878417969 -0.0175447463989258
-0.00687408447265625 0.0576248168945313 0.0104169845581055 -0.00668144226074219
-0.0377998352050781 0.0480690002441406 -0.00455427169799805 0.00415134429931641
-0.0463066101074219 0.0337257385253906 0.00329017639160156 0.0331039428710938
-0.028656005859375 0.0450172424316406 -0.00936508178710938 0.0356369018554687
-0.00250244140625 0.0563850402832031 -0.00425910949707031 0.0341663360595703
0.0326118469238281 0.036773681640625 0.01171875 0.0260639190673828
0.0407829284667969 0.00747299194335938 0.0129299163818359 0.0123605728149414
0.0330772399902344 -0.0244312286376953 0.00872039794921875 0.000161170959472655
0.0176658630371094 -0.0352745056152344 -0.000853300094604491 0.00272083282470703
0.0154876708984375 -0.0327644348144531 -0.006561279296875 0.0103044509887695
0.0143928527832031 -0.0391654968261719 -0.00805854797363281 0.0151462554931641
0.02337646484375 -0.0323505401611328 -0.0185012817382813 0.0123977661132813
0.0393180847167969 -0.0149955749511719 -0.0214500427246094 0.00617599487304687
0.0400962829589844 0.010528564453125 -0.0153722763061523 -0.00944614410400391
0.0148887634277344 0.0452995300292969 -0.00281143188476562 -0.0138444900512695
-0.0107040405273438 0.0512962341308594 0.00683116912841797 0.00319480895996094
-0.0394859313964844 0.038177490234375 -0.0181808471679688 0.0172691345214844
-0.0380210876464844 0.0166664123535156 -0.0133285522460938 0.0431022644042969
-0.0290145874023438 0.0297946929931641 -0.0190277099609375 0.0424575805664063
-0.0088958740234375 0.0431709289550781 -0.00920295715332032 0.0330123901367188
0.0218906402587891 0.0315628051757813 0.00172805786132813 0.0253467559814453
0.0311050415039062 0.00808525085449219 0.00270271301269531 0.0160331726074219
0.0270919799804688 -0.0183773040771484 0.00106334686279297 0.0107088088989258
0.0143299102783203 -0.0271759033203125 -0.00382518768310547 0.0158834457397461
0.0127506256103516 -0.0260391235351563 -0.00714111328125 0.0216026306152344
0.01190185546875 -0.0318107604980469 -0.00942230224609375 0.02606201171875
0.019012451171875 -0.0266819000244141 -0.0216217041015625 0.0216808319091797
0.0326404571533203 -0.0122337341308594 -0.0257854461669922 0.0125751495361328
0.0324726104736328 0.00985908508300781 -0.0201206207275391 -0.00577926635742188
0.00955581665039062 0.0379447937011719 -0.00599002838134765 -0.0118446350097656
-0.0143089294433594 0.0392112731933594 0.00203323364257812 0.0107593536376953
-0.0366897583007812 0.0235023498535156 -0.0308647155761719 0.027069091796875
-0.0229740142822266 -0.00263023376464843 -0.02520751953125 0.0455284118652344
-0.0217494964599609 0.00989341735839844 -0.0251922607421875 0.0439643859863281
-0.0113105773925781 0.0218524932861328 -0.0119438171386719 0.0305767059326172
0.00930595397949219 0.0189151763916016 -0.00497055053710937 0.0243148803710937
0.016667366027832 0.00559616088867188 -0.00385284423828125 0.0168657302856445
0.0155267715454102 -0.0102052688598633 -0.00481796264648438 0.0177459716796875
0.00850677490234375 -0.0151500701904297 -0.00557327270507813 0.025390625
0.00762939453125 -0.0155105590820312 -0.00690841674804687 0.0296249389648438
0.00742530822753906 -0.0201625823974609 -0.0110836029052734 0.0341949462890625
0.0125541687011719 -0.0175952911376953 -0.0247516632080078 0.0288505554199219
0.0219211578369141 -0.00803947448730469 -0.0293083190917969 0.0162258148193359
0.0218677520751953 0.00719642639160156 -0.0244522094726563 -0.00373458862304687
0.00350379943847656 0.0267868041992188 -0.00891304016113281 -0.0107583999633789
-0.0156421661376953 0.0231895446777344 -0.00346469879150391 0.0145788192749023
-0.0286903381347656 0.00594711303710937 -0.0426406860351563 0.0316581726074219
0.00934028625488281 0.0119333267211914 0.0466079711914063 -0.0341567993164063
0.0118570327758789 -0.0061492919921875 0.010467529296875 -0.0174808502197266
-0.000957489013671875 -0.0103034973144531 0.00779247283935547 0.0129470825195313
-0.00812053680419922 -0.00292825698852539 0.0310516357421875 0.00892066955566406
-0.00686359405517578 0.00361299514770508 0.035003662109375 -0.0136051177978516
-0.00411224365234375 0.00687646865844727 0.0253181457519531 -0.0335311889648438
-0.0020451545715332 0.00366830825805664 0.0107536315917969 -0.04150390625
-0.00257277488708496 0.00338649749755859 0.00521469116210938 -0.03411865234375
-0.00364041328430176 0.00318980216979981 0.00442123413085938 -0.0291767120361328
-0.00409817695617676 -0.00101375579833984 0.00613594055175781 -0.0234222412109375
-0.000517845153808594 -0.00515890121459961 0.00467491149902344 -0.0212287902832031
0.00653314590454102 -0.00490236282348633 0.00912284851074219 -0.0246505737304688
0.0115966796875 0.00229072570800781 0.0182647705078125 -0.0292263031005859
0.0131340026855469 0.0136442184448242 0.0264625549316406 -0.0415534973144531
0.00641250610351563 0.0204792022705078 0.0335350036621094 -0.0435943603515625
-0.00731277465820312 0.0289878845214844 0.0498466491699219 -0.0269317626953125
0.00659370422363281 0.0125179290771484 0.0134038925170898 -0.0123348236083984
0.00495529174804688 0.0081634521484375 0.00955867767333984 0.0165071487426758
0.00629472732543945 0.00471210479736328 0.0329036712646484 0.0108661651611328
0.00754117965698242 0.00203323364257813 0.0373039245605469 -0.0116996765136719
0.006500244140625 -0.00460529327392578 0.0265655517578125 -0.03387451171875
0.00369739532470703 -0.0111827850341797 0.00998687744140626 -0.0411338806152344
0.00417232513427734 -0.0097808837890625 0.00266647338867188 -0.0319786071777344
0.00403404235839844 -0.0120964050292969 0.00219345092773437 -0.0270290374755859
0.00887107849121094 -0.0113792419433594 0.00295257568359375 -0.0228424072265625
0.0162858963012695 -0.00588512420654297 0.00124168395996094 -0.0200691223144531
0.0206336975097656 0.00552749633789063 0.00713539123535156 -0.0240478515625
0.0121612548828125 0.0232295989990234 0.0151767730712891 -0.0270061492919922
0.00399017333984375 0.0336837768554688 0.0232391357421875 -0.03619384765625
-0.0109214782714844 0.0361747741699219 0.0299301147460938 -0.0359764099121094
-0.0240707397460938 0.041351318359375 0.0467300415039063 -0.014129638671875
-0.00206565856933594 0.0311450958251953 0.0131330490112305 -0.00260543823242187
0.00879478454589844 0.0284957885742188 0.00898933410644531 0.0217399597167969
0.0209560394287109 0.0146427154541016 0.0335044860839844 0.0151348114013672
0.0223770141601563 0.00155830383300781 0.0364990234375 -0.00683975219726562
0.0175991058349609 -0.0149803161621094 0.0259590148925781 -0.0296382904052734
0.00989723205566407 -0.0242671966552734 0.0087432861328125 -0.0353813171386719
0.0102901458740234 -0.021820068359375 -0.000242233276367185 -0.0250053405761719
0.0100822448730469 -0.0259513854980469 -0.000614166259765625 -0.0203666687011719
0.0181617736816406 -0.0219306945800781 -0.00290489196777344 -0.0181369781494141
0.0299301147460937 -0.00932121276855469 -0.00438690185546875 -0.0163688659667969
0.0326461791992188 0.0108604431152344 0.00218009948730469 -0.0222911834716797
0.0150375366210938 0.0386123657226563 0.00989151000976563 -0.0244331359863281
-0.00116348266601562 0.0492286682128906 0.0189285278320312 -0.0280647277832031
-0.0247421264648437 0.0469551086425781 0.0206718444824219 -0.0246009826660156
-0.0387458801269531 0.0469818115234375 0.0362434387207031 0.00191116333007813
-0.0125999450683594 0.0450515747070313 0.00846767425537109 0.0100173950195313
0.00901031494140625 0.0471687316894531 0.00620460510253907 0.0282058715820313
0.0320587158203125 0.0253047943115234 0.0295791625976563 0.0202484130859375
0.03509521484375 0.00250434875488281 0.0323925018310547 -0.000120162963867187
0.0268669128417969 -0.0225849151611328 0.0226325988769531 -0.0218486785888672
0.0147304534912109 -0.0332317352294922 0.00589942932128906 -0.0250358581542969
0.0145606994628906 -0.0300254821777344 -0.00286579132080078 -0.0149002075195313
0.0138206481933594 -0.0358619689941406 -0.00423812866210937 -0.0101566314697266
0.0234470367431641 -0.0297889709472656 -0.00862026214599609 -0.00952529907226563
0.0390167236328125 -0.0136299133300781 -0.0109624862670898 -0.00938320159912109
0.0409736633300781 0.0117645263671875 -0.00422859191894531 -0.0189132690429688
0.0184898376464844 0.0466194152832031 0.00499534606933594 -0.0218372344970703
-0.00419616699218751 0.0573997497558594 0.0142612457275391 -0.0181941986083984
-0.0338401794433594 0.0509529113769531 0.00847911834716797 -0.0106792449951172
-0.0469589233398437 0.0438919067382813 0.0203838348388672 0.0187873840332031
-0.0232276916503906 0.0503311157226563 0.000288009643554687 0.0239982604980469
0.0042724609375 0.0581932067871094 0.000953674316406252 0.0328388214111328
0.0358505249023438 0.0342445373535156 0.0215682983398438 0.0250320434570313
0.0424842834472656 0.00555038452148438 0.0240039825439453 0.00730514526367188
0.0330219268798828 -0.0257396697998047 0.0167360305786133 -0.0111904144287109
0.0176544189453125 -0.0373954772949219 0.00259590148925781 -0.0117158889770508
0.0162372589111328 -0.0345382690429688 -0.00530767440795898 -0.00234413146972656
0.0151557922363281 -0.0411338806152344 -0.00652408599853516 0.00255537033081054
0.0250530242919922 -0.0336341857910156 -0.0145406723022461 0.00137519836425781
0.0414314270019531 -0.0155906677246094 -0.0172328948974609 -0.001678466796875
0.0435256958007813 0.0112876892089844 -0.0102863311767578 -0.0141983032226563
0.0187644958496094 0.0488166809082031 0.000751495361328127 -0.0179824829101562
-0.0075836181640625 0.0580215454101562 0.010711669921875 -0.00743770599365234
-0.0388641357421875 0.0477485656738281 -0.00487184524536133 0.00393056869506836
-0.04754638671875 0.0329170227050781 0.00249862670898438 0.0330924987792969
-0.0297775268554688 0.044525146484375 -0.00986099243164062 0.0354156494140625
-0.00299453735351562 0.05743408203125 -0.00516128540039063 0.03460693359375
0.0324287414550781 0.0373077392578125 0.0110378265380859 0.0270042419433594
0.0412788391113281 0.00777435302734375 0.0134000778198242 0.0129365921020508
0.0334949493408203 -0.0240859985351563 0.00893592834472656 0.000789642333984373
0.0177345275878906 -0.0356369018554688 -0.000582218170166015 0.00288081169128418
0.0160598754882813 -0.0327987670898438 -0.00725746154785156 0.0105886459350586
0.0142860412597656 -0.0395698547363281 -0.00847911834716796 0.0153074264526367
0.0236721038818359 -0.0327568054199219 -0.0187168121337891 0.0125370025634766
0.0394554138183594 -0.015289306640625 -0.0220890045166016 0.005706787109375
0.0403976440429688 0.0110702514648438 -0.0155124664306641 -0.00997161865234375
0.0149307250976563 0.0457801818847656 -0.0026397705078125 -0.0145807266235352
-0.0113410949707031 0.0517539978027344 0.00681543350219726 0.00299692153930664
-0.0402374267578125 0.0387115478515625 -0.0184326171875 0.0171737670898438
-0.0389518737792969 0.0161857604980469 -0.0145339965820313 0.0437583923339844
-0.0293903350830078 0.0292625427246094 -0.0201187133789063 0.0424346923828125
-0.00940322875976563 0.0439949035644531 -0.0107765197753906 0.0330543518066406
0.0217704772949219 0.0320053100585937 0.00107192993164062 0.0265083312988281
0.0319404602050781 0.00864982604980469 0.00257015228271485 0.0164823532104492
0.0272274017333984 -0.0184497833251953 0.000761985778808596 0.010711669921875
0.0148639678955078 -0.0278148651123047 -0.00356197357177734 0.016352653503418
0.0132236480712891 -0.0266151428222656 -0.00774192810058593 0.0219707489013672
0.0118808746337891 -0.0322456359863281 -0.0101909637451172 0.0261268615722656
0.0191745758056641 -0.0269393920898437 -0.0221366882324219 0.0218791961669922
0.0324058532714844 -0.0121784210205078 -0.0259513854980469 0.0123386383056641
0.0327777862548828 0.0102558135986328 -0.0202693939208984 -0.00626373291015625
0.00940322875976563 0.0385360717773438 -0.00594520568847656 -0.0119762420654297
-0.0144805908203125 0.0395431518554688 0.00192451477050781 0.0109033584594727
-0.0372848510742188 0.0237274169921875 -0.0317859649658203 0.0264053344726563
-0.0234622955322266 -0.00304031372070312 -0.0262184143066406 0.0456962585449219
-0.0218906402587891 0.00939369201660156 -0.02642822265625 0.0440101623535156
-0.0114517211914062 0.0220394134521484 -0.0131034851074219 0.0306224822998047
0.00874519348144531 0.0192050933837891 -0.00566482543945312 0.0246067047119141
0.0165777206420898 0.00606632232666016 -0.00436115264892578 0.0175666809082031
0.0156717300415039 -0.00968647003173828 -0.00508499145507812 0.0179443359375
0.00878238677978516 -0.0155143737792969 -0.00609588623046875 0.0257606506347656
0.00800609588623047 -0.0156660079956055 -0.00719261169433594 0.0297756195068359
0.00746726989746094 -0.0202178955078125 -0.0118255615234375 0.0342063903808594
0.0125865936279297 -0.0175647735595703 -0.0248546600341797 0.0289630889892578
0.0219478607177734 -0.007720947265625 -0.0296039581298828 0.0157852172851563
0.0219879150390625 0.00780105590820313 -0.0245914459228516 -0.00413131713867188
0.00290679931640625 0.0270175933837891 -0.00885581970214844 -0.0113239288330078
-0.0154838562011719 0.0228919982910156 -0.00377941131591797 0.0147571563720703
-0.0287342071533203 0.00561714172363281 -0.0428848266601563 0.0312271118164063
0.00980949401855469 0.012420654296875 0.0483245849609375 -0.03533935546875
0.0123586654663086 -0.00686264038085938 0.0103206634521484 -0.0183181762695313
-0.00087261199951172 -0.0105810165405273 0.00805950164794922 0.0139999389648437
-0.00819873809814453 -0.00321054458618164 0.032379150390625 0.00914955139160156
-0.0073385238647461 0.0036473274230957 0.0364646911621094 -0.0137214660644531
-0.00406455993652344 0.0071864128112793 0.0265636444091797 -0.0346946716308594
-0.00251960754394531 0.00399971008300781 0.0110931396484375 -0.0432624816894531
-0.00220274925231934 0.0035240650177002 0.00520706176757812 -0.0352134704589844
-0.00338053703308106 0.00308442115783691 0.00491142272949218 -0.0302371978759766
-0.00404620170593262 -0.000843048095703125 0.00681304931640625 -0.0245590209960938
-0.000494003295898438 -0.00525236129760742 0.00478744506835938 -0.022064208984375
0.00656795501708984 -0.0054473876953125 0.00974845886230469 -0.0258998870849609
0.0125837326049805 0.00224781036376953 0.0198135375976562 -0.0304393768310547
0.0133905410766602 0.0142679214477539 0.0278739929199219 -0.0433006286621094
0.00678062438964844 0.0212497711181641 0.0355987548828125 -0.0455970764160156
-0.00738525390625 0.0303707122802734 0.0518035888671875 -0.0274810791015625
0.00655460357666016 0.0126962661743164 0.0133113861083984 -0.0130996704101563
0.00542259216308594 0.00864028930664063 0.00978469848632812 0.0177345275878906
0.00646734237670898 0.00497293472290039 0.0345287322998047 0.0116424560546875
0.00789690017700195 0.00169610977172852 0.0385284423828125 -0.0117721557617188
0.00696420669555664 -0.00478458404541016 0.0280437469482422 -0.0350017547607422
0.00393867492675781 -0.0116977691650391 0.0104217529296875 -0.0423622131347656
0.00468540191650391 -0.0102338790893555 0.00309371948242187 -0.0328521728515625
0.00414180755615234 -0.0129661560058594 0.00217247009277344 -0.0280780792236328
0.00889968872070312 -0.0118513107299805 0.00300788879394531 -0.0239009857177734
0.0171909332275391 -0.00591373443603516 0.00162124633789063 -0.0210552215576172
0.0214252471923828 0.00594711303710938 0.00754737854003906 -0.0250816345214844
0.0124797821044922 0.0241928100585938 0.0160713195800781 -0.0279617309570313
0.00392532348632813 0.0349388122558594 0.0250167846679688 -0.0377197265625
-0.0118141174316406 0.0377693176269531 0.0315093994140625 -0.0374069213867188
-0.025299072265625 0.0430183410644531 0.047943115234375 -0.0146102905273437
-0.00262451171875 0.0320320129394531 0.0132284164428711 -0.00284767150878906
0.0093841552734375 0.0296783447265625 0.00872230529785156 0.0233383178710938
0.02166748046875 0.0148735046386719 0.0339775085449219 0.0161819458007813
0.0230960845947266 0.001220703125 0.0381813049316406 -0.00684738159179688
0.0181922912597656 -0.015777587890625 0.0271549224853516 -0.0309047698974609
0.00971794128417968 -0.0250968933105469 0.00878143310546875 -0.0360641479492188
0.0109004974365234 -0.0227470397949219 -0.000249862670898439 -0.026031494140625
0.0100727081298828 -0.0275192260742188 -0.000944137573242185 -0.0214042663574219
0.0185222625732422 -0.0227546691894531 -0.0030517578125 -0.01873779296875
0.0312633514404297 -0.00950241088867188 -0.00480556488037109 -0.0172948837280273
0.0343647003173828 0.0114059448242188 0.00221443176269531 -0.0235576629638672
0.015869140625 0.0397682189941406 0.0111198425292969 -0.0260257720947266
-0.001495361328125 0.051116943359375 0.0198955535888672 -0.0298500061035156
-0.0264396667480469 0.0486488342285156 0.0216464996337891 -0.0261726379394531
-0.0404472351074219 0.0487747192382812 0.0370674133300781 0.00202178955078125
-0.01361083984375 0.046417236328125 0.00823116302490234 0.0101184844970703
0.00919342041015625 0.0489959716796875 0.00615501403808594 0.0294914245605469
0.0331058502197266 0.0261650085449219 0.0299339294433594 0.0212001800537109
0.0365142822265625 0.00274276733398438 0.0340042114257813 0.00051116943359375
0.0278663635253906 -0.0236778259277344 0.0241489410400391 -0.022308349609375
0.0149459838867188 -0.034759521484375 0.00633811950683594 -0.0255546569824219
0.0152111053466797 -0.0316295623779297 -0.00295162200927734 -0.0150632858276367
0.0137100219726563 -0.0377120971679688 -0.00416755676269531 -0.0103635787963867
0.0238380432128906 -0.0309162139892578 -0.00960254669189453 -0.00963211059570313
0.0400810241699219 -0.0140571594238281 -0.0116443634033203 -0.010401725769043
0.0427284240722656 0.0122833251953125 -0.00466728210449219 -0.0198287963867188
0.0196609497070313 0.0486564636230469 0.00588607788085938 -0.0228939056396484
-0.00399398803710938 0.0597343444824219 0.0149765014648438 -0.019439697265625
-0.0360565185546875 0.0528144836425781 0.00922298431396484 -0.0114803314208984
-0.0491790771484375 0.0451889038085937 0.0208892822265625 0.0195388793945313
-0.0248870849609375 0.051727294921875 -0.000303268432617188 0.0243911743164063
0.00458908081054688 0.0607376098632812 -0.000110626220703128 0.0348415374755859
0.0376396179199219 0.0357742309570313 0.0215225219726563 0.0263538360595703
0.0440101623535156 0.00575637817382813 0.0254001617431641 0.00814437866210938
0.0340633392333984 -0.0266437530517578 0.0176525115966797 -0.0113296508789063
0.0182037353515625 -0.038970947265625 0.00285434722900391 -0.0120649337768555
0.017181396484375 -0.0356025695800781 -0.00535726547241211 -0.00155401229858399
0.0150833129882813 -0.0424766540527344 -0.00715017318725586 0.00237321853637695
0.0254955291748047 -0.0349769592285156 -0.0152349472045898 0.00155544281005859
0.043121337890625 -0.0165863037109375 -0.0176296234130859 -0.00210189819335938
0.0448532104492188 0.0118865966796875 -0.0109100341796875 -0.0148353576660156
0.0198707580566406 0.0506629943847656 0.00113868713378907 -0.0189971923828125
-0.00720214843749999 0.0601806640625 0.0114450454711914 -0.00804710388183593
-0.0408058166503906 0.0501327514648437 -0.00504732131958008 0.00363922119140625
-0.0493621826171875 0.0339279174804688 0.00148200988769531 0.0342121124267578
-0.0315818786621094 0.0464019775390625 -0.0108261108398438 0.03656005859375
-0.0029754638671875 0.0598030090332031 -0.00621795654296875 0.0363731384277344
0.033203125 0.0386734008789063 0.0110664367675781 0.0286808013916016
0.0428733825683594 0.00848770141601563 0.0138082504272461 0.0142688751220703
0.034027099609375 -0.0251522064208984 0.00973129272460938 0.000441551208496092
0.0182304382324219 -0.037017822265625 -0.000643968582153319 0.00314211845397949
0.0165729522705078 -0.0342197418212891 -0.00713539123535156 0.011387825012207
0.0144500732421875 -0.0409507751464844 -0.00953960418701172 0.0159015655517578
0.0238113403320313 -0.0339126586914063 -0.0200901031494141 0.0130863189697266
0.0407752990722656 -0.0160179138183594 -0.0228404998779297 0.0060882568359375
0.0418243408203125 0.0113182067871094 -0.0159502029418945 -0.0105600357055664
0.0158042907714844 0.0475044250488281 -0.00261116027832031 -0.0149774551391602
-0.0114936828613281 0.0533103942871094 0.0071263313293457 0.00311660766601563
-0.0420494079589844 0.0399932861328125 -0.0192584991455078 0.0172519683837891
-0.0402183532714844 0.0165672302246094 -0.0155220031738281 0.0447616577148438
-0.0311927795410156 0.0302066802978516 -0.0213584899902344 0.0434074401855469
-0.00967788696289063 0.0457763671875 -0.0117568969726563 0.0348320007324219
0.0226955413818359 0.0329189300537109 0.000614166259765625 0.0279998779296875
0.0329780578613281 0.00893783569335938 0.00303268432617188 0.0176353454589844
0.0282039642333984 -0.0193519592285156 0.0011749267578125 0.0111360549926758
0.0153236389160156 -0.0286827087402344 -0.00395011901855469 0.017094612121582
0.013702392578125 -0.027313232421875 -0.00792884826660156 0.023223876953125
0.0120010375976563 -0.0333290100097656 -0.0103759765625 0.0272541046142578
0.0199699401855469 -0.0280361175537109 -0.0231037139892578 0.0226783752441406
0.0336017608642578 -0.0129718780517578 -0.0271587371826172 0.0122814178466797
0.0340480804443359 0.0105857849121094 -0.0210170745849609 -0.00635910034179687
0.00946044921875 0.0400276184082031 -0.0055246353149414 -0.0122995376586914
-0.0150070190429687 0.0405845642089844 0.00188255310058594 0.0111913681030273
-0.0384941101074219 0.0243492126464844 -0.0326442718505859 0.0275344848632813
-0.0238265991210938 -0.00337028503417969 -0.0274009704589844 0.0469970703125
-0.0230331420898438 0.0101222991943359 -0.0275535583496094 0.0457611083984375
-0.0115432739257812 0.0231170654296875 -0.0144176483154297 0.0319786071777344
0.00934410095214844 0.0197010040283203 -0.00624656677246094 0.02606201171875
0.0170783996582031 0.00593376159667969 -0.00408554077148437 0.0187358856201172
0.0161371231079102 -0.0106220245361328 -0.00494003295898437 0.0185050964355469
0.00898361206054688 -0.0158443450927734 -0.00567626953125 0.0264301300048828
0.00835990905761719 -0.0162830352783203 -0.00768661499023438 0.031036376953125
0.00771141052246093 -0.0208969116210938 -0.01190185546875 0.0353164672851562
0.0128250122070312 -0.0185813903808594 -0.0256614685058594 0.0299186706542969
0.0230007171630859 -0.00829887390136719 -0.0308322906494141 0.0166454315185547
0.0228996276855469 0.00806427001953125 -0.0253353118896484 -0.00432777404785156
0.00336837768554687 0.0279350280761719 -0.00900554656982422 -0.0112924575805664
-0.0162410736083984 0.0234584808349609 -0.00370216369628906 0.0152692794799805
-0.0299224853515625 0.00638771057128906 -0.0446128845214844 0.0322036743164063
0.0105228424072266 0.0131244659423828 0.0498695373535156 -0.0374755859375
0.0125846862792969 -0.00691604614257813 0.0100536346435547 -0.0195083618164063
-0.00125026702880859 -0.0116214752197266 0.0092172622680664 0.0148353576660156
-0.008331298828125 -0.00341367721557617 0.0340805053710938 0.00903129577636719
-0.00707912445068359 0.00408172607421875 0.0379905700683594 -0.0151214599609375
-0.00409746170043945 0.00782012939453125 0.0272483825683594 -0.0370864868164063
-0.00233364105224609 0.00382161140441895 0.0107154846191406 -0.045501708984375
-0.00216865539550781 0.00377893447875977 0.00463104248046875 -0.0369644165039062
-0.00319361686706543 0.00325155258178711 0.00409126281738281 -0.0318984985351563
-0.00382137298583984 -0.000857830047607421 0.00642204284667969 -0.0257663726806641
-0.000594615936279297 -0.00509405136108398 0.00485610961914062 -0.0230445861816406
0.0070958137512207 -0.00562572479248047 0.00971031188964844 -0.0281410217285156
0.0130481719970703 0.00215244293212891 0.0203781127929688 -0.0327129364013672
0.0147762298583984 0.0145959854125977 0.0281753540039063 -0.046173095703125
0.00708198547363281 0.0225811004638672 0.0367279052734375 -0.0489768981933594
-0.00711822509765625 0.0320281982421875 0.0531120300292969 -0.0299911499023437
0.00646305084228516 0.013514518737793 0.0134830474853516 -0.0141239166259766
0.0059199333190918 0.00864124298095703 0.0105800628662109 0.0185432434082031
0.00731468200683594 0.00462484359741211 0.0361366271972656 0.0115242004394531
0.0087738037109375 0.00160932540893555 0.0403518676757813 -0.0130157470703125
0.0065608024597168 -0.00532007217407227 0.0284004211425781 -0.0373878479003906
0.00357437133789062 -0.0122957229614258 0.0101280212402344 -0.0444908142089844
0.00476360321044922 -0.0109062194824219 0.00241470336914062 -0.0343074798583984
0.00396442413330078 -0.0134353637695313 0.00153732299804687 -0.0296745300292969
0.00898170471191406 -0.0127744674682617 0.00252342224121094 -0.0251827239990234
0.0176982879638672 -0.00677871704101563 0.0012359619140625 -0.0222587585449219
0.0224494934082031 0.00536346435546875 0.00742721557617188 -0.0271511077880859
0.0140209197998047 0.0254974365234375 0.0168590545654297 -0.0304794311523438
0.00517654418945312 0.0368270874023437 0.0248527526855469 -0.0407829284667969
-0.0114974975585938 0.0400276184082031 0.0325164794921875 -0.0408058166503906
-0.0257453918457031 0.0460548400878906 0.0496940612792969 -0.0160102844238281
-0.00283050537109375 0.0340404510498047 0.0130577087402344 -0.00396919250488281
0.0108051300048828 0.03131103515625 0.0102558135986328 0.0243740081787109
0.0232982635498047 0.014617919921875 0.0364570617675781 0.0163726806640625
0.0253257751464844 0.0009307861328125 0.0403022766113281 -0.00770950317382813
0.0181121826171875 -0.017059326171875 0.0278148651123047 -0.0328483581542969
0.00951957702636718 -0.0266647338867188 0.00809097290039063 -0.0382003784179687
0.0108776092529297 -0.0243129730224609 -0.000551223754882812 -0.0267829895019531
0.0100517272949219 -0.0290336608886719 -0.00151443481445313 -0.0221900939941406
0.0187911987304688 -0.0241489410400391 -0.00391960144042969 -0.0197715759277344
0.0324802398681641 -0.0109310150146484 -0.00559234619140625 -0.0179615020751953
0.0359649658203125 0.0107803344726562 0.00156211853027344 -0.0251445770263672
0.017913818359375 0.0420036315917969 0.0114269256591797 -0.0280265808105469
-0.000320434570312498 0.0536041259765625 0.0200939178466797 -0.0324249267578125
-0.0270195007324219 0.0518379211425781 0.0224552154541016 -0.0280704498291016
-0.0413360595703125 0.052215576171875 0.0387458801269531 0.00157546997070313
-0.0140304565429687 0.0492362976074219 0.00847148895263672 0.0103635787963867
0.0113296508789062 0.0519599914550781 0.0066986083984375 0.0312767028808594
0.0354461669921875 0.0266761779785156 0.0320682525634766 0.0221214294433594
0.0389785766601563 0.00217056274414063 0.0360641479492188 0.00019073486328125
0.028411865234375 -0.0255355834960938 0.0247993469238281 -0.0241565704345703
0.0146598815917969 -0.0368614196777344 0.0058746337890625 -0.0268745422363281
0.0150661468505859 -0.0338096618652344 -0.00337600708007812 -0.0148859024047852
0.0135650634765625 -0.0399208068847656 -0.00499343872070312 -0.0106801986694336
0.0240688323974609 -0.0331249237060547 -0.0106058120727539 -0.0099020004272461
0.0415878295898438 -0.0160064697265625 -0.0125102996826172 -0.0106210708618164
0.0453681945800781 0.0120391845703125 -0.00513648986816406 -0.0210361480712891
0.0219573974609375 0.0509834289550781 0.00589561462402344 -0.0246925354003906
-0.00278472900390625 0.0625 0.0154876708984375 -0.0214004516601562
-0.03680419921875 0.0568428039550781 0.009368896484375 -0.0126752853393555
-0.0509262084960937 0.048797607421875 0.0215911865234375 0.0202140808105469
-0.0255966186523438 0.055145263671875 -0.000175476074218753 0.0254631042480469
0.00630569458007813 0.0643463134765625 0.000877380371093752 0.0366401672363281
0.0401840209960938 0.0364570617675781 0.0230388641357422 0.0276622772216797
0.0467414855957031 0.00495147705078125 0.0271015167236328 0.0084075927734375
0.0348701477050781 -0.0287952423095703 0.0186901092529297 -0.0122261047363281
0.0177154541015625 -0.0415420532226563 0.00291824340820313 -0.0121917724609375
0.0172348022460938 -0.0382919311523438 -0.00565719604492187 -0.00149250030517578
0.0143508911132813 -0.045166015625 -0.00777149200439453 0.00288105010986328
0.0256309509277344 -0.0373573303222656 -0.0161523818969727 0.00177574157714844
0.04443359375 -0.0187911987304688 -0.0187644958496094 -0.00178718566894531
0.0477142333984375 0.011260986328125 -0.0117454528808594 -0.0160398483276367
0.0222434997558594 0.0532760620117188 0.00077056884765625 -0.0203914642333984
-0.00625991821289062 0.0632095336914063 0.0118789672851563 -0.00860595703125
-0.041717529296875 0.0536079406738281 -0.00474739074707032 0.00347757339477539
-0.0514183044433594 0.0372848510742187 0.00240707397460937 0.0358963012695313
-0.0324630737304688 0.04876708984375 -0.0111579895019531 0.0378379821777344
-0.00138473510742187 0.0630836486816406 -0.00665283203125 0.0385627746582031
0.0358352661132813 0.0396575927734375 0.0115852355957031 0.0308570861816406
0.0455589294433594 0.00860595703125 0.0151529312133789 0.0147762298583984
0.0351104736328125 -0.0270938873291016 0.00992107391357422 0.000260353088378905
0.0178413391113281 -0.039337158203125 -0.000616312026977538 0.00344300270080566
0.0165634155273437 -0.0365791320800781 -0.0072927474975586 0.0129232406616211
0.0137901306152344 -0.0434494018554688 -0.0091400146484375 0.0168342590332031
0.0239448547363281 -0.0357284545898438 -0.0204620361328125 0.0142669677734375
0.0417366027832031 -0.017852783203125 -0.0236454010009766 0.00681686401367187
0.0442733764648438 0.0106925964355469 -0.0172786712646484 -0.0108184814453125
0.0178489685058594 0.0499076843261719 -0.00246238708496094 -0.0159826278686523
-0.0101661682128906 0.0559921264648437 0.00768709182739258 0.00257349014282227
-0.0433502197265625 0.0434837341308594 -0.0196704864501953 0.0184707641601563
-0.041961669921875 0.0183944702148438 -0.0157127380371094 0.0471954345703125
-0.0317478179931641 0.0325260162353516 -0.0214653015136719 0.0461502075195313
-0.00853729248046875 0.0482406616210938 -0.0118980407714844 0.0373458862304688
0.0246105194091797 0.0336589813232422 0.000694274902343752 0.0298023223876953
0.0347347259521484 0.00910758972167969 0.0036163330078125 0.0188732147216797
0.0286159515380859 -0.0205554962158203 0.00148677825927735 0.0116605758666992
0.0152873992919922 -0.0307941436767578 -0.00368118286132813 0.0179214477539062
0.0137100219726562 -0.0289726257324219 -0.00738334655761719 0.0246009826660156
0.0115623474121094 -0.03546142578125 -0.0109767913818359 0.0289440155029297
0.0192508697509766 -0.0297966003417969 -0.0234909057617188 0.0241069793701172
0.035186767578125 -0.0147438049316406 -0.0279865264892578 0.0131988525390625
0.0359382629394531 0.0101776123046875 -0.0218505859375 -0.00644302368164063
0.011260986328125 0.0416450500488281 -0.00626277923583984 -0.0129680633544922
-0.01495361328125 0.0428085327148438 0.00289440155029297 0.0113620758056641
-0.04010009765625 0.0268096923828125 -0.0338172912597656 0.0290927886962891
-0.0249385833740234 -0.00282859802246094 -0.028076171875 0.0503082275390625
-0.0237369537353516 0.0108699798583984 -0.0278091430664063 0.0482444763183594
-0.0113887786865234 0.0244693756103516 -0.0143394470214844 0.0344829559326172
0.0103855133056641 0.0204677581787109 -0.00618362426757813 0.0278606414794922
0.0183906555175781 0.00597190856933594 -0.00380134582519531 0.0199108123779297
0.0164937973022461 -0.0114641189575195 -0.00442695617675781 0.0197105407714844
0.00881385803222656 -0.0174922943115234 -0.00547027587890625 0.0285530090332031
0.00818061828613281 -0.0173454284667969 -0.00707626342773437 0.0330162048339844
0.00741767883300781 -0.0215930938720703 -0.0118331909179688 0.03759765625
0.0127735137939453 -0.019622802734375 -0.0271110534667969 0.0318851470947266
0.0237274169921875 -0.00943374633789062 -0.0317287445068359 0.017822265625
0.0241737365722656 0.00774765014648437 -0.0267295837402344 -0.00436782836914063
0.00394630432128906 0.0289745330810547 -0.00981712341308594 -0.0121431350708008
-0.0164146423339844 0.0249385833740234 -0.00290393829345703 0.0161552429199219
-0.0310935974121094 0.00692939758300781 -0.0457229614257813 0.034759521484375
0.0118179321289063 0.0132808685302734 0.0494575500488281 -0.0415878295898438
0.0125341415405273 -0.00777149200439453 0.00876617431640625 -0.0200862884521484
-0.00146389007568359 -0.0115871429443359 0.00988197326660156 0.0149440765380859
-0.00903797149658203 -0.00299263000488281 0.0355949401855469 0.00794601440429688
-0.00716733932495117 0.004058837890625 0.0383071899414063 -0.017547607421875
-0.00371456146240234 0.00824785232543945 0.0263557434082031 -0.0394515991210938
-0.00220608711242676 0.00430536270141602 0.00890731811523438 -0.0476722717285156
-0.00176095962524414 0.0042874813079834 0.00281143188476563 -0.0388374328613281
-0.00285458564758301 0.00363731384277344 0.00243759155273437 -0.0329608917236328
-0.00375080108642578 -0.000743865966796874 0.00564765930175781 -0.027191162109375
-0.000909805297851563 -0.00528383255004883 0.00419235229492188 -0.0246257781982422
0.00704622268676758 -0.00629043579101562 0.00894355773925781 -0.0293693542480469
0.013890266418457 0.00169563293457031 0.01959228515625 -0.0353012084960937
0.0156230926513672 0.0144271850585938 0.0271186828613281 -0.0500450134277344
0.00887680053710938 0.0228252410888672 0.0362358093261719 -0.0536231994628906
-0.00577163696289062 0.0342979431152344 0.0535163879394531 -0.0336837768554687
0.0070343017578125 0.014500617980957 0.0125522613525391 -0.015467643737793
0.00698947906494141 0.00888919830322266 0.0119075775146484 0.0189151763916016
0.00771331787109375 0.00414752960205078 0.0381431579589844 0.00994491577148438
0.00924968719482422 0.00110340118408203 0.0415306091308594 -0.0153465270996094
0.00660181045532226 -0.00613784790039062 0.0274925231933594 -0.0400543212890625
0.00257682800292969 -0.0129423141479492 0.00806808471679687 -0.0469779968261719
0.00432872772216797 -0.0117263793945312 0.000892639160156249 -0.0358467102050781
0.00376987457275391 -0.0143556594848633 5.14984130859411E-05 -0.0304813385009766
0.00879383087158203 -0.0135660171508789 0.001068115234375 -0.0262451171875
0.0181312561035156 -0.00789070129394531 0.000164031982421875 -0.0229320526123047
0.0237693786621094 0.00496673583984375 0.00679206848144531 -0.0290622711181641
0.0161590576171875 0.0257320404052734 0.0164585113525391 -0.0330448150634766
0.00698471069335937 0.0378494262695313 0.0241470336914062 -0.0438613891601563
-0.0105628967285156 0.0423927307128906 0.0323104858398438 -0.0445556640625
-0.0246162414550781 0.049346923828125 0.0505409240722656 -0.0193710327148437
-0.00128936767578125 0.0359039306640625 0.0127391815185547 -0.00447940826416015
0.0132408142089844 0.0321140289306641 0.0116806030273438 0.0255088806152344
0.0251140594482422 0.0144004821777344 0.0381851196289063 0.0155296325683594
0.0263385772705078 -0.000249862670898438 0.0415000915527344 -0.00954818725585938
0.0176868438720703 -0.0188751220703125 0.0276336669921875 -0.0355072021484375
0.00810050964355469 -0.0285911560058594 0.00671005249023438 -0.0400161743164063
0.00994300842285156 -0.0260982513427734 -0.00187301635742188 -0.0272178649902344
0.00844955444335938 -0.0304756164550781 -0.00278663635253906 -0.0229892730712891
0.0182857513427734 -0.0257606506347656 -0.00526618957519531 -0.0201358795166016
0.0330295562744141 -0.0130538940429688 -0.00678634643554687 -0.0186042785644531
0.0383377075195313 0.00955963134765625 0.000848770141601565 -0.027130126953125
0.0213203430175781 0.0430145263671875 0.010833740234375 -0.0302524566650391
0.002532958984375 0.0553169250488281 0.0188217163085938 -0.0351905822753906
-0.0255165100097656 0.0558090209960937 0.0221748352050781 -0.0307826995849609
-0.0409469604492188 0.056884765625 0.0398445129394531 -0.000598907470703122
-0.0130271911621094 0.0522079467773438 0.00839328765869141 0.00990581512451172
0.0148277282714844 0.0535812377929688 0.00782012939453125 0.0328197479248047
0.0386581420898438 0.0261001586914062 0.0344371795654297 0.0222568511962891
0.0408744812011719 7.62939453125E-05 0.0373916625976563 -0.00128555297851563
0.0278491973876953 -0.0279140472412109 0.0246829986572266 -0.0262851715087891
0.0127906799316406 -0.0392417907714844 0.00457382202148438 -0.0279998779296875
0.0142097473144531 -0.0360984802246094 -0.00402259826660156 -0.0150604248046875
0.0118255615234375 -0.0419387817382813 -0.0058746337890625 -0.0107707977294922
0.0235061645507813 -0.0356712341308594 -0.0117092132568359 -0.00966167449951172
0.0420341491699219 -0.0186080932617188 -0.0139894485473633 -0.0105676651000977
0.0477218627929688 0.0101966857910156 -0.00661468505859375 -0.0219993591308594
0.0256195068359375 0.0521354675292969 0.00498771667480469 -0.0264511108398437
0.000198364257812497 0.0651092529296875 0.0149936676025391 -0.0232830047607422
-0.0357551574707031 0.0612144470214844 0.00946426391601563 -0.013702392578125
-0.0506477355957031 0.0535774230957031 0.0228672027587891 0.0201930999755859
-0.0241889953613281 0.0584869384765625 0.00022315979003906 0.0259380340576172
0.0102424621582031 0.0666656494140625 0.001708984375 0.0387611389160156
0.0439872741699219 0.0358009338378906 0.0250282287597656 0.0283966064453125
0.0492057800292969 0.00313186645507813 0.0289020538330078 0.00751304626464844
0.0342330932617188 -0.0321617126464844 0.0186233520507813 -0.0141773223876953
0.0156974792480469 -0.04443359375 0.00237751007080078 -0.0125465393066406
0.0158042907714844 -0.0404205322265625 -0.00578594207763672 -0.000441551208496097
0.0120162963867188 -0.0475692749023438 -0.00763416290283203 0.00359439849853515
0.0243072509765625 -0.0398826599121094 -0.0167951583862305 0.00290584564208984
0.0447235107421875 -0.0216064453125 -0.0198745727539062 -0.00129890441894532
0.0501289367675781 0.00899124145507813 -0.0127372741699219 -0.0161266326904297
0.0260429382324219 0.05377197265625 0.000228881835937499 -0.0216331481933594
-0.00298690795898437 0.0653495788574219 0.0117931365966797 -0.0106334686279297
-0.0411605834960937 0.0582771301269531 -0.0046844482421875 0.00358772277832032
-0.05181884765625 0.041473388671875 0.00368118286132812 0.0373268127441406
-0.0313186645507812 0.052520751953125 -0.0102577209472656 0.0395393371582031
0.00159072875976563 0.0661735534667969 -0.00508499145507812 0.0407295227050781
0.0394401550292969 0.0390777587890625 0.0136547088623047 0.0317306518554687
0.0478744506835938 0.00654220581054688 0.01690673828125 0.0148582458496094
0.0347919464111328 -0.0297794342041016 0.0101938247680664 -0.000452041625976564
0.0160179138183594 -0.0419502258300781 -0.000647544860839842 0.00391769409179687
0.0152206420898438 -0.0388298034667969 -0.00683784484863281 0.0143070220947266
0.0115852355957031 -0.0457572937011719 -0.00917243957519531 0.0184288024902344
0.0221900939941406 -0.0387954711914063 -0.0209178924560547 0.0156936645507813
0.042449951171875 -0.0212326049804688 -0.0244426727294922 0.00815010070800781
0.0466384887695313 0.00901031494140625 -0.0182170867919922 -0.0103244781494141
0.0217475891113281 0.0505409240722656 -0.00344467163085937 -0.0168361663818359
-0.00758743286132813 0.0584144592285156 0.0083308219909668 0.00169897079467774
-0.043212890625 0.0473365783691406 -0.0192012786865234 0.0196208953857422
-0.0423088073730469 0.0212364196777344 -0.0146980285644531 0.0503425598144531
-0.0316658020019531 0.0352020263671875 -0.0201301574707031 0.0482215881347656
-0.00666427612304687 0.0509910583496094 -0.0111427307128906 0.0395622253417969
0.0273227691650391 0.0339851379394531 0.00224876403808594 0.0319099426269531
0.0367507934570313 0.00751495361328125 0.00515174865722656 0.0201301574707031
0.0283985137939453 -0.0229206085205078 0.00224018096923828 0.0117826461791992
0.013580322265625 -0.0328235626220703 -0.00261688232421875 0.0187969207763672
0.0122890472412109 -0.0311660766601563 -0.00654220581054688 0.0265579223632813
0.0096893310546875 -0.037139892578125 -0.00974082946777344 0.0300941467285156
0.0180320739746094 -0.0318164825439453 -0.0235366821289063 0.0265369415283203
0.0350570678710937 -0.0167789459228516 -0.0284004211425781 0.0149669647216797
0.0375862121582031 0.00864028930664063 -0.0231094360351562 -0.00542640686035156
0.0140190124511719 0.0425987243652344 -0.00689888000488281 -0.013580322265625
-0.0129356384277344 0.045135498046875 0.00384902954101563 0.0110054016113281
-0.0403861999511719 0.0301055908203125 -0.0331039428710938 0.0319957733154297
-0.0261135101318359 -0.00166511535644531 -0.0269927978515625 0.0539741516113281
-0.0239658355712891 0.0127124786376953 -0.0268783569335937 0.0513191223144531
-0.0105571746826172 0.0263195037841797 -0.0140419006347656 0.0364227294921875
0.0121097564697266 0.0207080841064453 -0.00529861450195312 0.030120849609375
0.0193500518798828 0.00560760498046875 -0.00298309326171875 0.0212745666503906
0.0162429809570313 -0.0124416351318359 -0.00372314453125 0.0207328796386719
0.00838661193847656 -0.0185127258300781 -0.00416946411132813 0.0296688079833984
0.00766944885253906 -0.0186481475830078 -0.00559806823730469 0.0349674224853516
0.00631141662597656 -0.0229663848876953 -0.0105705261230469 0.0398292541503906
0.0118389129638672 -0.0207672119140625 -0.0260009765625 0.0345630645751953
0.0238876342773438 -0.0109519958496094 -0.0320358276367188 0.0197544097900391
0.0252971649169922 0.00693130493164062 -0.0279407501220703 -0.00331878662109374
0.00548362731933594 0.0300807952880859 -0.0107717514038086 -0.0121250152587891
-0.0157222747802734 0.0263767242431641 -0.00147724151611328 0.0165290832519531
-0.0318870544433594 0.00891685485839844 -0.0456733703613281 0.03790283203125
0.0129709243774414 0.0129737854003906 0.0478172302246094 -0.0444450378417969
0.0117397308349609 -0.00835514068603515 0.00701904296875 -0.020721435546875
-0.00223922729492188 -0.0114660263061523 0.011077880859375 0.0146398544311523
-0.00879669189453125 -0.00287151336669922 0.0362548828125 0.0059051513671875
-0.00673818588256836 0.00421905517578125 0.0376777648925781 -0.0194740295410156
-0.00289440155029297 0.00871610641479492 0.024658203125 -0.0412712097167969
-0.00193309783935547 0.00497770309448242 0.00583648681640625 -0.0484428405761719
-0.00137019157409668 0.00414538383483887 0.000957489013671874 -0.0391883850097656
-0.00254011154174805 0.00400948524475098 0.000289916992187499 -0.0335845947265625
-0.00353646278381348 4.7445297241211E-05 0.00418663024902344 -0.0282993316650391
-0.000864505767822265 -0.00539445877075195 0.00293159484863281 -0.0253849029541016
0.00678396224975586 -0.00649166107177734 0.00740242004394531 -0.0305900573730469
0.014063835144043 0.000799179077148437 0.0182037353515625 -0.0369529724121094
0.0160980224609375 0.013667106628418 0.0243301391601563 -0.0516700744628906
0.0101108551025391 0.0231208801269531 0.0342063903808594 -0.0558662414550781
-0.00406074523925781 0.034698486328125 0.0521469116210938 -0.0366783142089844
0.00803279876708984 0.0138607025146484 0.0111675262451172 -0.0161285400390625
0.00736331939697265 0.00893402099609375 0.0129375457763672 0.0190200805664063
0.00864458084106445 0.00372123718261719 0.0389556884765625 0.00890731811523437
0.0093231201171875 0.000265121459960938 0.0411262512207031 -0.01739501953125
0.00603532791137695 -0.00648736953735352 0.0260353088378906 -0.041839599609375
0.0018167495727539 -0.0132989883422852 0.00520706176757813 -0.0477371215820312
0.00405979156494141 -0.0124235153198242 -0.00119400024414063 -0.0360107421875
0.00271797180175781 -0.0148334503173828 -0.00143241882324219 -0.0311012268066406
0.00824832916259766 -0.0142135620117188 -0.000488281250000001 -0.0265541076660156
0.0176849365234375 -0.00888824462890625 -0.000850677490234376 -0.023773193359375
0.0242652893066406 0.00364875793457031 0.00495338439941406 -0.0298843383789062
0.0174541473388672 0.0250453948974609 0.0149745941162109 -0.0345191955566406
0.00895309448242187 0.0374107360839844 0.0214042663574219 -0.0463066101074219
-0.00846481323242187 0.0437202453613281 0.0303306579589844 -0.0472793579101563
-0.0222930908203125 0.0519905090332031 0.0497589111328125 -0.0222511291503906
0.0001068115234375 0.0362281799316406 0.0121517181396484 -0.00528144836425781
0.0151233673095703 0.0322475433349609 0.0124378204345703 0.0254936218261719
0.0261211395263672 0.0129375457763672 0.0394058227539063 0.0142898559570313
0.0269699096679687 -0.00223541259765625 0.041351318359375 -0.0118675231933594
0.0168533325195312 -0.0199623107910156 0.0256690979003906 -0.0371665954589844
0.00606727600097656 -0.0289421081542969 0.00423812866210937 -0.0407829284667969
0.00843048095703125 -0.0267410278320313 -0.0032958984375 -0.0274448394775391
0.00710868835449219 -0.0311622619628906 -0.00449943542480469 -0.0226535797119141
0.01678466796875 -0.0271453857421875 -0.00644111633300781 -0.0196113586425781
0.0325126647949219 -0.0152168273925781 -0.00783538818359375 -0.0185737609863281
0.0393333435058594 0.007720947265625 -0.000772476196289059 -0.0275859832763672
0.0240020751953125 0.0423431396484375 0.0095062255859375 -0.0316886901855469
0.00574493408203126 0.0554275512695313 0.0173835754394531 -0.0366897583007813
-0.0231056213378906 0.0581512451171875 0.0210857391357422 -0.0326290130615234
-0.038482666015625 0.0595283508300781 0.0398445129394531 -0.00252532958984375
-0.0105094909667969 0.0533409118652344 0.00819873809814453 0.00950241088867188
0.0183486938476563 0.0533981323242187 0.00971412658691406 0.0331249237060547
0.0404701232910156 0.0239181518554687 0.0355758666992188 0.0210227966308594
0.0419349670410156 -0.0020751953125 0.0376396179199219 -0.002960205078125
0.0261497497558594 -0.0298366546630859 0.0229301452636719 -0.0278892517089844
0.010009765625 -0.0405426025390625 0.00290870666503906 -0.0282783508300781
0.0121421813964844 -0.0374412536621094 -0.00497817993164063 -0.0144052505493164
0.00862503051757812 -0.0428848266601563 -0.0070343017578125 -0.010167121887207
0.0207748413085938 -0.0371246337890625 -0.012660026550293 -0.00874137878417969
0.0410537719726563 -0.0215110778808594 -0.0148811340332031 -0.0100669860839844
0.0488319396972656 0.00762557983398438 -0.00749969482421875 -0.0224475860595703
0.0292282104492188 0.051239013671875 0.00400352478027344 -0.0271396636962891
0.00421905517578124 0.0650749206542969 0.0136318206787109 -0.0248699188232422
-0.0331001281738281 0.0641937255859375 0.00873565673828125 -0.0154590606689453
-0.0484504699707031 0.0573387145996094 0.0238895416259766 0.0188083648681641
-0.0217247009277344 0.060516357421875 0.000953674316406246 0.0259246826171875
0.0144500732421875 0.0668373107910156 0.00338363647460937 0.0390548706054688
0.04620361328125 0.0334815979003906 0.0270252227783203 0.0279960632324219
0.0504302978515625 0.000385284423828125 0.0295124053955078 0.00642204284667969
0.0325164794921875 -0.0342006683349609 0.0176887512207031 -0.0150947570800781
0.0126380920410156 -0.0454826354980469 0.00153160095214844 -0.0126056671142578
0.0132484436035156 -0.0419692993164063 -0.00557708740234375 0.000260353088378903
0.009002685546875 -0.048431396484375 -0.00782966613769531 0.00450706481933594
0.0213470458984375 -0.041168212890625 -0.016972541809082 0.0043802261352539
0.0437202453613281 -0.0248260498046875 -0.020355224609375 -3.05175781250015E-05
0.051055908203125 0.00625991821289063 -0.0139789581298828 -0.0162067413330078
0.0300445556640625 0.0531654357910156 -0.000728607177734374 -0.0220947265625
0.00100326538085937 0.0659904479980469 0.0114879608154297 -0.0115728378295898
-0.0386123657226563 0.0617828369140625 -0.00427937507629395 0.00336837768554688
-0.0498085021972656 0.0447006225585938 0.00469970703125 0.0374374389648438
-0.0291671752929687 0.0544281005859375 -0.00834274291992188 0.0401763916015625
0.00536727905273438 0.0673713684082031 -0.00336074829101563 0.0421600341796875
0.0420608520507813 0.0375785827636719 0.0152873992919922 0.0314140319824219
0.0491409301757812 0.00365829467773438 0.0181961059570313 0.0147743225097656
0.0331401824951172 -0.0319442749023438 0.00998783111572266 -0.000898361206054689
0.0130996704101563 -0.0433425903320313 -0.000244617462158202 0.00448894500732422
0.0130386352539063 -0.0402603149414063 -0.00567245483398437 0.0149974822998047
0.00840377807617188 -0.0463790893554688 -0.00793075561523437 0.0188922882080078
0.02001953125 -0.0400047302246094 -0.0203723907470703 0.0172233581542969
0.0413284301757813 -0.0235710144042969 -0.0239791870117188 0.00930213928222656
0.047515869140625 0.00613021850585938 -0.0194911956787109 -0.00971603393554688
0.0249824523925781 0.0499839782714844 -0.00440025329589844 -0.017216682434082
-0.0044097900390625 0.0591468811035156 0.00872611999511719 0.000859737396240238
-0.0410614013671875 0.0502700805664063 -0.0178585052490234 0.0206394195556641
-0.0419425964355469 0.0237846374511719 -0.0124473571777344 0.0517196655273438
-0.0300140380859375 0.0372276306152344 -0.0178260803222656 0.0500717163085938
-0.0036773681640625 0.0524520874023438 -0.0093841552734375 0.0409736633300781
0.0292472839355469 0.0327301025390625 0.00405693054199219 0.0324172973632813
0.0381050109863281 0.0057373046875 0.00660324096679688 0.0199565887451172
0.0271053314208984 -0.0246601104736328 0.00259685516357422 0.0116567611694336
0.0114974975585938 -0.0339183807373047 -0.00133895874023438 0.019561767578125
0.0109806060791016 -0.0321636199951172 -0.00481796264648437 0.0271587371826172
0.00678634643554687 -0.0379180908203125 -0.00836944580078126 0.0317173004150391
0.0161075592041016 -0.0331954956054688 -0.0225181579589844 0.0281467437744141
0.0343723297119141 -0.0193138122558594 -0.0279579162597656 0.0167522430419922
0.039093017578125 0.00637435913085937 -0.0240478515625 -0.0045623779296875
0.0166893005371094 0.0424118041992188 -0.00779438018798828 -0.0130348205566406
-0.010406494140625 0.0460166931152344 0.00505638122558594 0.0105514526367188
-0.0391120910644531 0.0327072143554688 -0.0315017700195313 0.0333442687988281
-0.0264625549316406 -0.000610351562500003 -0.0248985290527344 0.0560073852539063
-0.0237751007080078 0.0145301818847656 -0.0248603820800781 0.0533294677734375
-0.00900077819824219 0.0275783538818359 -0.0121612548828125 0.0377273559570313
0.0132560729980469 0.0197010040283203 -0.00357627868652344 0.0312995910644531
0.0200309753417969 0.00442695617675781 -0.00181961059570312 0.0218696594238281
0.0156106948852539 -0.0132026672363281 -0.00278854370117188 0.0208053588867188
0.00743293762207031 -0.0194606781005859 -0.00171279907226562 0.0301570892333984
0.00669670104980469 -0.0191497802734375 -0.00371170043945312 0.0359115600585938
0.00431442260742187 -0.0234642028808594 -0.008697509765625 0.0408439636230469
0.0097808837890625 -0.0217018127441406 -0.0246467590332031 0.0362052917480469
0.0237236022949219 -0.0125389099121094 -0.0311260223388672 0.0213794708251953
0.0259227752685547 0.00533676147460938 -0.0284290313720703 -0.00204086303710937
0.00738525390625 0.0301094055175781 -0.0109491348266602 -0.0117721557617187
-0.0145454406738281 0.0277652740478516 9.44137573242162E-05 0.0164461135864258
-0.0313873291015625 0.0109748840332031 -0.0438575744628906 0.0402450561523437
0.0131759643554687 0.0120420455932617 0.04541015625 -0.0454826354980469
0.0112752914428711 -0.00844001770019531 0.0058746337890625 -0.0205783843994141
-0.00254726409912109 -0.0113935470581055 0.0117168426513672 0.0149059295654297
-0.00904178619384766 -0.00261974334716797 0.0357666015625 0.005462646484375
-0.00677347183227539 0.00430870056152344 0.0366668701171875 -0.0206375122070313
-0.00306367874145508 0.00864887237548828 0.0229606628417969 -0.0417251586914063
-0.00187158584594727 0.00508689880371094 0.00377273559570313 -0.048614501953125
-0.00116062164306641 0.00422024726867676 -0.000602722167968751 -0.0394020080566406
-0.00212812423706055 0.00341939926147461 -0.000686645507812498 -0.0338268280029297
-0.00326156616210938 0.000252962112426757 0.00298690795898437 -0.0279884338378906
-0.00144433975219727 -0.00493812561035156 0.002349853515625 -0.0254230499267578
0.00669002532958984 -0.00669145584106445 0.00656890869140625 -0.0313892364501953
0.0137271881103516 0.000504493713378906 0.0164833068847656 -0.0371055603027344
0.0167150497436523 0.0131988525390625 0.0223464965820313 -0.0525550842285156
0.0109500885009766 0.0224189758300781 0.0319976806640625 -0.05743408203125
-0.00275230407714844 0.0347061157226563 0.0500030517578125 -0.0381278991699219
0.00815582275390625 0.0137405395507813 0.010096549987793 -0.01611328125
0.00791645050048828 0.00847482681274414 0.0133171081542969 0.0188083648681641
0.00857400894165039 0.00343799591064453 0.0386924743652344 0.00727462768554688
0.00946712493896484 -0.000363349914550781 0.0400352478027344 -0.0187454223632812
0.00605678558349609 -0.00658798217773438 0.0239067077636719 -0.0419654846191406
0.000895500183105468 -0.013127326965332 0.00347518920898438 -0.0472488403320313
0.00312995910644531 -0.0124120712280273 -0.00209808349609375 -0.0359077453613281
0.00228118896484375 -0.0146341323852539 -0.00287246704101563 -0.0308113098144531
0.007659912109375 -0.0138435363769531 -0.00131797790527344 -0.0266475677490234
0.0170698165893555 -0.00955677032470703 -0.00200271606445313 -0.0237903594970703
0.0242671966552734 0.00252532958984375 0.00415992736816407 -0.0304985046386719
0.0184097290039063 0.0245876312255859 0.0135078430175781 -0.0351219177246094
0.0103912353515625 0.0370635986328125 0.0196266174316406 -0.0466079711914063
-0.00675201416015625 0.0435295104980469 0.0286865234375 -0.0485649108886719
-0.0201988220214844 0.0526313781738281 0.0478248596191406 -0.0237464904785156
0.00114059448242188 0.0361442565917969 0.0107612609863281 -0.00590896606445312
0.0163116455078125 0.0316638946533203 0.0133953094482422 0.0256538391113281
0.0265140533447266 0.0116615295410156 0.0392303466796875 0.0129203796386719
0.0267829895019531 -0.00334739685058594 0.041168212890625 -0.013275146484375
0.015380859375 -0.02020263671875 0.0238609313964844 -0.0378227233886719
0.00455665588378906 -0.0291728973388672 0.00302505493164062 -0.0400352478027344
0.007568359375 -0.0273857116699219 -0.00386810302734375 -0.0267753601074219
0.00538063049316406 -0.0314044952392578 -0.00501823425292969 -0.0224323272705078
0.0154266357421875 -0.0274410247802734 -0.00726127624511719 -0.0193939208984375
0.0317535400390625 -0.0159034729003906 -0.00822257995605468 -0.0180625915527344
0.0391845703125 0.00608444213867188 -0.0017547607421875 -0.0276718139648438
0.0256805419921875 0.0410957336425781 0.00845718383789063 -0.0322380065917969
0.00757598876953125 0.0545463562011719 0.0159263610839844 -0.0375442504882813
-0.021209716796875 0.0584487915039062 0.0200424194335938 -0.0340137481689453
-0.0359954833984375 0.0611915588378906 0.0391426086425781 -0.00412750244140625
-0.00962448120117187 0.0534210205078125 0.00803375244140625 0.00885772705078125
0.0198554992675781 0.0531234741210938 0.0104007720947266 0.0331821441650391
0.040740966796875 0.0223770141601563 0.0358314514160156 0.0200576782226563
0.0419387817382813 -0.00397872924804688 0.0378532409667969 -0.00415420532226563
0.0246829986572266 -0.030364990234375 0.0216312408447266 -0.0281295776367188
0.00804901123046875 -0.0404243469238281 0.001922607421875 -0.0283145904541016
0.01055908203125 -0.0378456115722656 -0.00503730773925781 -0.0138740539550781
0.0067901611328125 -0.0427818298339844 -0.00714683532714844 -0.00994014739990235
0.0188064575195313 -0.03704833984375 -0.0125751495361328 -0.00786781311035156
0.0398597717285156 -0.0228424072265625 -0.0148000717163086 -0.00936698913574219
0.048858642578125 0.00566864013671875 -0.00858306884765624 -0.0225620269775391
0.0313072204589844 0.0496711730957031 0.00292205810546875 -0.0276775360107422
0.00643920898437499 0.0638465881347656 0.0123882293701172 -0.0254173278808594
-0.0307273864746094 0.0652923583984375 0.00840091705322265 -0.015812873840332
-0.0463447570800781 0.0589752197265625 0.0240192413330078 0.0176734924316406
-0.0201263427734375 0.0606346130371094 0.000982284545898435 0.0254478454589844
0.0167655944824219 0.0665359497070313 0.00462341308593751 0.0399589538574219
0.0472488403320313 0.0318946838378906 0.0275745391845703 0.0270309448242188
0.0502243041992188 -0.00165176391601562 0.0296077728271484 0.00560379028320312
0.0302448272705078 -0.0350666046142578 0.0165872573852539 -0.0152759552001953
0.0104026794433594 -0.0455894470214844 0.00103759765625 -0.0123786926269531
0.0115585327148437 -0.0423812866210938 -0.00532341003417969 0.00107192993164062
0.0069580078125 -0.0481529235839844 -0.00789022445678711 0.00490665435791015
0.0190925598144531 -0.0416221618652344 -0.0169954299926758 0.00553226470947265
0.0422096252441406 -0.0263786315917969 -0.0199775695800781 0.000980377197265622
0.0511016845703125 0.00438690185546875 -0.0144968032836914 -0.0158195495605469
0.0316543579101563 0.0513153076171875 -0.00147438049316406 -0.0219688415527344
0.00312042236328125 0.0654144287109375 0.0106668472290039 -0.0124015808105469
-0.0363044738769531 0.0630683898925781 -0.0041036605834961 0.00333023071289063
-0.047760009765625 0.0464553833007813 0.00577545166015625 0.0371170043945313
-0.0280838012695313 0.0548019409179688 -0.00804901123046875 0.0398941040039063
0.00823974609374999 0.0666236877441406 -0.00228500366210938 0.0425949096679688
0.043121337890625 0.0357894897460938 0.0161724090576172 0.0312595367431641
0.0492172241210938 0.00208663940429688 0.0187664031982422 0.0138683319091797
0.0310802459716797 -0.0327472686767578 0.00933361053466797 -0.00129222869873047
0.0109329223632813 -0.043182373046875 -0.000297546386718749 0.00455617904663086
0.0110740661621094 -0.0409355163574219 -0.00501632690429688 0.015711784362793
0.0058746337890625 -0.0463638305664063 -0.00799942016601563 0.0196094512939453
0.0174179077148437 -0.0401763916015625 -0.0199222564697266 0.0182514190673828
0.039398193359375 -0.0250740051269531 -0.023834228515625 0.0103702545166016
0.0471992492675781 0.00443267822265625 -0.0193843841552734 -0.00940513610839844
0.0263710021972656 0.0487937927246094 -0.00465011596679687 -0.0171480178833008
-0.00225830078124999 0.0586166381835938 0.00876617431640625 0.000156402587890629
-0.0391960144042969 0.0519447326660156 -0.0173721313476563 0.0206832885742188
-0.0405921936035156 0.0251350402832031 -0.011505126953125 0.051483154296875
-0.0290145874023437 0.0380020141601563 -0.0166587829589844 0.0497207641601562
-0.00149917602539063 0.052337646484375 -0.00838851928710937 0.0413017272949219
0.0303001403808594 0.0309963226318359 0.00528717041015625 0.0324134826660156
0.0380592346191406 0.00383377075195313 0.00707626342773438 0.0195980072021484
0.0255413055419922 -0.0251235961914063 0.00249290466308594 0.0115289688110352
0.0093231201171875 -0.0343151092529297 -0.000532150268554688 0.0196094512939453
0.0092315673828125 -0.0325870513916016 -0.0032958984375 0.0278358459472656
0.00533676147460937 -0.037261962890625 -0.00703048706054688 0.0317153930664063
0.0141201019287109 -0.0331382751464844 -0.0216312408447266 0.0291690826416016
0.0331192016601563 -0.0206890106201172 -0.0268344879150391 0.0179882049560547
0.0379676818847656 0.00492095947265625 -0.0239639282226562 -0.00385093688964844
0.0179786682128906 0.0416069030761719 -0.00809669494628906 -0.0132465362548828
-0.00871658325195313 0.04547119140625 0.00528526306152344 0.00968074798583985
-0.0375938415527344 0.0342216491699219 -0.0296993255615234 0.0336151123046875
-0.0256824493408203 0.000688552856445311 -0.0233879089355469 0.0562973022460938
-0.0230159759521484 0.01483154296875 -0.0223579406738281 0.0535163879394531
-0.007415771484375 0.0273323059082031 -0.0109024047851562 0.0381698608398438
0.0140972137451172 0.0191593170166016 -0.00229263305664063 0.0311851501464844
0.0203571319580078 0.00398826599121094 -0.000894546508789061 0.0220909118652344
0.0144815444946289 -0.0141944885253906 -0.00211334228515625 0.0208530426025391
0.00592231750488281 -0.0191936492919922 -0.000860214233398435 0.0303688049316406
0.00543403625488281 -0.0194911956787109 -0.00189971923828125 0.0363273620605469
0.00359344482421875 -0.0234699249267578 -0.00691986083984375 0.0410995483398438
0.00912284851074219 -0.0216941833496094 -0.0228805541992187 0.0371665954589844
0.0228672027587891 -0.0135688781738281 -0.0300807952880859 0.0226039886474609
0.0256996154785156 0.0045623779296875 -0.0282211303710938 -0.000970840454101565
0.00855445861816406 0.0295314788818359 -0.0111455917358398 -0.0116901397705078
-0.0130863189697266 0.0278339385986328 0.000602722167968749 0.0156373977661133
-0.0303974151611328 0.0122127532958984 -0.0415000915527344 0.0412330627441406
0.0134267807006836 0.0118846893310547 0.044525146484375 -0.0458145141601563
0.0108299255371094 -0.00839614868164063 0.0048065185546875 -0.0201168060302734
-0.00307083129882813 -0.0112390518188477 0.011805534362793 0.0148458480834961
-0.00946044921875 -0.00259017944335937 0.0358963012695312 0.00486373901367187
-0.00684833526611328 0.00449085235595703 0.0363388061523438 -0.0205955505371094
-0.00226497650146484 0.0084071159362793 0.0227928161621094 -0.0417709350585938
-0.00144767761230469 0.00497770309448242 0.0032806396484375 -0.0484085083007813
-0.00102400779724121 0.0037071704864502 -0.000713348388671871 -0.0392227172851563
-0.0022430419921875 0.00329732894897461 -0.00116920471191407 -0.0336723327636719
-0.00330090522766113 0.000181198120117188 0.00300216674804687 -0.0282821655273438
-0.00163459777832031 -0.00456619262695313 0.00166130065917969 -0.0259170532226563
0.00624847412109375 -0.00704097747802734 0.00619316101074219 -0.03155517578125
0.0136642456054688 0.000417709350585938 0.0161781311035156 -0.0373039245605469
0.0166292190551758 0.0130205154418945 0.0215377807617187 -0.0519485473632812
0.0110054016113281 0.0221042633056641 0.0315322875976562 -0.0583915710449219
-0.00193977355957031 0.0346488952636719 0.0496292114257813 -0.0387763977050781
0.00809669494628906 0.0140666961669922 0.00878715515136719 -0.0161094665527344
0.00812005996704102 0.00845956802368164 0.01348876953125 0.0188331604003906
0.00838756561279297 0.00307273864746094 0.0388717651367187 0.00754928588867187
0.00933456420898438 -0.000908851623535156 0.0397911071777344 -0.0189323425292969
0.00600814819335938 -0.00653553009033203 0.0235137939453125 -0.0420455932617188
0.000539779663085937 -0.0129480361938477 0.00244903564453125 -0.0470695495605469
0.00317764282226562 -0.0126581192016602 -0.00230026245117187 -0.035675048828125
0.00226497650146484 -0.0151252746582031 -0.00304985046386718 -0.0307731628417969
0.00758457183837891 -0.0140209197998047 -0.00168418884277344 -0.0261192321777344
0.0168676376342773 -0.00921154022216797 -0.002166748046875 -0.0238933563232422
0.024444580078125 0.00217437744140625 0.00339317321777344 -0.0308818817138672
0.0186595916748047 0.0240631103515625 0.0129718780517578 -0.0348243713378906
0.0103416442871094 0.0364570617675781 0.0189132690429687 -0.0472755432128906
-0.00645065307617187 0.0438957214355469 0.0284271240234375 -0.0492286682128906
-0.0194244384765625 0.0526390075683594 0.0473403930664063 -0.02398681640625
0.000907897949218752 0.0361518859863281 0.0101556777954102 -0.00574779510498047
0.0174179077148438 0.0312747955322266 0.0137138366699219 0.0256156921386719
0.0264797210693359 0.0116157531738281 0.0397758483886719 0.0128021240234375
0.0266227722167969 -0.00396537780761719 0.040496826171875 -0.0131759643554687
0.0150203704833984 -0.0203227996826172 0.0230751037597656 -0.037353515625
0.00407600402832031 -0.0285415649414063 0.00217819213867187 -0.0397758483886719
0.00702095031738282 -0.0276126861572266 -0.00395584106445312 -0.0264835357666016
0.00456619262695312 -0.0311851501464844 -0.00549507141113281 -0.0221805572509766
0.0147933959960938 -0.0268707275390625 -0.00767326354980469 -0.0195217132568359
0.0310478210449219 -0.01641845703125 -0.00856971740722656 -0.0183334350585938
0.0394821166992188 0.00560760498046875 -0.00232124328613281 -0.0280570983886719
0.0263595581054688 0.0409736633300781 0.00783729553222657 -0.0325794219970703
0.00838470458984375 0.0541954040527344 0.0152168273925781 -0.0377540588378906
-0.0202674865722656 0.0591812133789063 0.0197982788085937 -0.0345230102539062
-0.0352134704589844 0.0615577697753906 0.0382575988769531 -0.00460433959960937
-0.00897598266601563 0.0537261962890625 0.0071711540222168 0.00859117507934571
0.0212249755859375 0.0529403686523438 0.0103359222412109 0.0338783264160156
0.0409469604492188 0.0213508605957031 0.0358314514160156 0.0201835632324219
0.0417289733886719 -0.004486083984375 0.0380439758300781 -0.0045318603515625
0.0237159729003906 -0.0306816101074219 0.0208473205566406 -0.0283031463623047
0.00687408447265625 -0.0402297973632812 0.00168228149414063 -0.0276870727539063
0.00992202758789062 -0.03790283203125 -0.00461578369140625 -0.0136432647705078
0.00607681274414062 -0.042877197265625 -0.00741672515869141 -0.00955581665039063
0.0181846618652344 -0.0370368957519531 -0.0133113861083984 -0.007781982421875
0.0390701293945313 -0.0227737426757813 -0.0152759552001953 -0.00903987884521484
0.0484542846679688 0.004913330078125 -0.00896453857421875 -0.0227489471435547
0.0316429138183594 0.049163818359375 0.00269699096679688 -0.0278415679931641
0.00690841674804688 0.06353759765625 0.0124168395996094 -0.02606201171875
-0.0301856994628906 0.0655784606933594 0.00826454162597656 -0.0164699554443359
-0.0452690124511719 0.05950927734375 0.02349853515625 0.0173091888427734
-0.0197906494140625 0.0610694885253906 0.000785827636718749 0.0249958038330078
0.0179634094238281 0.0660667419433594 0.00478744506835937 0.0400772094726563
0.0470657348632812 0.0312614440917969 0.0278053283691406 0.0270748138427734
0.0504570007324219 -0.002349853515625 0.0298213958740234 0.00529861450195313
0.0296211242675781 -0.0348834991455078 0.0163297653198242 -0.0153942108154297
0.00888824462890625 -0.0452156066894531 0.000764846801757814 -0.0119915008544922
0.0110588073730469 -0.0426597595214844 -0.00487232208251953 0.00155878067016601
0.005584716796875 -0.0480422973632813 -0.00780868530273437 0.00513792037963867
0.0176773071289063 -0.0414085388183594 -0.0171117782592773 0.00571918487548828
0.0411109924316406 -0.0269317626953125 -0.0202140808105469 0.000919342041015622
0.0512924194335938 0.00331497192382813 -0.014927864074707 -0.0160350799560547
0.0326728820800781 0.0506782531738281 -0.00198554992675781 -0.0228481292724609
0.00384521484374999 0.0643730163574219 0.0104656219482422 -0.0129261016845703
-0.035980224609375 0.0637245178222656 -0.00378513336181641 0.00284671783447266
-0.0471000671386719 0.0467987060546875 0.0052032470703125 0.0366935729980469
-0.0269966125488281 0.0557098388671875 -0.00829696655273438 0.03924560546875
0.00986480712890625 0.0667839050292969 -0.00185012817382813 0.0429000854492188
0.0436172485351563 0.034942626953125 0.0166854858398438 0.0315151214599609
0.0493621826171875 0.0011444091796875 0.0186595916748047 0.0137710571289063
0.0299892425537109 -0.0331802368164063 0.00905990600585938 -0.000960350036621096
0.00935745239257812 -0.0430564880371094 -0.000354290008544922 0.00459480285644531
0.0103874206542969 -0.0403480529785156 -0.00434017181396484 0.0161705017089844
0.00478744506835937 -0.0459442138671875 -0.00764274597167969 0.0197296142578125
0.01654052734375 -0.0402412414550781 -0.0195045471191406 0.0189933776855469
0.0385971069335938 -0.0258560180664062 -0.0237159729003906 0.0104961395263672
0.0468482971191406 0.00339126586914063 -0.0195178985595703 -0.00936698913574218
0.0272293090820313 0.0480804443359375 -0.0048990249633789 -0.0174531936645508
-0.00168991088867187 0.0576095581054687 0.00832414627075195 -0.000504493713378903
-0.0381050109863281 0.0523567199707031 -0.0165996551513672 0.0199947357177734
-0.0400733947753906 0.0261154174804687 -0.0113029479980469 0.0517959594726563
-0.0283393859863281 0.0382957458496094 -0.0163307189941406 0.0496101379394531
-6.86645507812552E-05 0.0521087646484375 -0.00762176513671875 0.0415229797363281
0.0308399200439453 0.0311050415039063 0.00531196594238281 0.032470703125
0.0382118225097656 0.0033721923828125 0.00734138488769532 0.0194892883300781
0.02471923828125 -0.0253391265869141 0.00232887268066406 0.0120162963867188
0.00838088989257812 -0.03399658203125 -0.000568389892578127 0.0196552276611328
0.00837326049804688 -0.0327072143554688 -0.00276565551757812 0.0281696319580078
0.0042877197265625 -0.037628173828125 -0.00719833374023438 0.0322856903076172
0.0129871368408203 -0.0329761505126953 -0.0211734771728516 0.0296401977539062
0.0323104858398438 -0.0211448669433594 -0.0264816284179687 0.0178451538085938
0.037994384765625 0.0042877197265625 -0.0237197875976562 -0.00402069091796875
0.0186347961425781 0.0411376953125 -0.00820541381835938 -0.013636589050293
-0.0084075927734375 0.0453872680664063 0.0056772232055664 0.00910758972167969
-0.0367546081542969 0.0348739624023438 -0.0291252136230469 0.0336360931396484
-0.0258369445800781 0.00112533569335938 -0.0229949951171875 0.0572128295898438
-0.02276611328125 0.0153236389160156 -0.0218505859375 0.0538482666015625
-0.00725555419921875 0.0280284881591797 -0.0104789733886719 0.0386161804199219
0.0140533447265625 0.0187568664550781 -0.00242424011230469 0.0313301086425781
0.0197620391845703 0.00330352783203125 -0.000612258911132809 0.0223941802978516
0.0138645172119141 -0.0135040283203125 -0.00158882141113281 0.0211105346679688
0.00481605529785156 -0.0194911956787109 -0.000234603881835938 0.0302562713623047
0.004730224609375 -0.0196132659912109 -0.00120925903320312 0.0358963012695313
0.00260162353515625 -0.0233097076416016 -0.00609207153320313 0.0418357849121094
0.00835800170898438 -0.0214614868164063 -0.0224227905273438 0.0377998352050781
0.0222244262695313 -0.0139923095703125 -0.0295982360839844 0.0225296020507812
0.0253410339355469 0.00413322448730469 -0.0278530120849609 -0.000587463378906244
0.00888633728027344 0.0294017791748047 -0.0113191604614258 -0.0119810104370117
-0.0133037567138672 0.027679443359375 0.00104618072509765 0.0152912139892578
-0.0299968719482422 0.0124015808105469 -0.0406951904296875 0.0412101745605469
0.0136537551879883 0.0125360488891602 0.0450096130371094 -0.0466270446777344
0.0110988616943359 -0.00781917572021485 0.004486083984375 -0.0198593139648438
-0.00312137603759766 -0.0113143920898438 0.0121774673461914 0.0152292251586914
-0.00949954986572266 -0.00253105163574219 0.0363273620605469 0.0051422119140625
-0.00685977935791016 0.00419712066650391 0.036956787109375 -0.0206489562988281
-0.00232410430908203 0.00878000259399414 0.0227928161621094 -0.0422172546386719
-0.00129461288452148 0.00531339645385742 0.00305557250976562 -0.0492324829101563
-0.00109457969665527 0.0040743350982666 -0.000988006591796877 -0.04022216796875
-0.00156331062316895 0.00307035446166992 -0.000934600830078126 -0.0343265533447266
-0.00288486480712891 0.000388860702514648 0.00276374816894531 -0.0290546417236328
-0.00110006332397461 -0.00494527816772461 0.00191116333007813 -0.0264568328857422
0.00630855560302734 -0.00681829452514648 0.00600051879882813 -0.0322208404541016
0.0139455795288086 0.000453948974609375 0.0163345336914062 -0.0376701354980469
0.0167083740234375 0.0133743286132813 0.0220756530761719 -0.0532569885253906
0.0109100341796875 0.0224285125732422 0.0321235656738281 -0.0599021911621094
-0.002197265625 0.03558349609375 0.0493583679199219 -0.0396728515625
0.00816535949707031 0.0143871307373047 0.00802421569824219 -0.0161094665527344
0.00835323333740234 0.00880908966064453 0.0137557983398437 0.0197677612304688
0.00829505920410156 0.00309848785400391 0.0393829345703125 0.0077362060546875
0.00968647003173828 -0.000931739807128906 0.0401992797851563 -0.0190277099609375
0.00602626800537109 -0.00668430328369141 0.0242042541503906 -0.0427169799804688
0.000542640686035156 -0.0127553939819336 0.00234603881835937 -0.0479354858398438
0.003326416015625 -0.0131921768188477 -0.002716064453125 -0.0361900329589844
0.00245380401611328 -0.0155601501464844 -0.00313758850097656 -0.0314579010009766
0.00804424285888672 -0.0138216018676758 -0.00172996520996094 -0.0269756317138672
0.017033576965332 -0.00957679748535156 -0.00214767456054688 -0.0242977142333984
0.0250167846679688 0.00228118896484375 0.00375938415527344 -0.0319480895996094
0.0196323394775391 0.0247364044189453 0.013092041015625 -0.0358772277832031
0.0102272033691406 0.0371131896972656 0.0191802978515625 -0.0480270385742187
-0.00653457641601563 0.0446319580078125 0.0288505554199219 -0.0508193969726563
-0.0199203491210938 0.0541763305664063 0.0475044250488281 -0.0251998901367187
0.000991821289062502 0.0372428894042969 0.00945472717285156 -0.00614643096923828
0.0178451538085938 0.0324172973632813 0.0138511657714844 0.0267162322998047
0.0271682739257812 0.0114421844482422 0.0400772094726563 0.0135231018066406
0.0272731781005859 -0.00452804565429688 0.0414199829101562 -0.0131416320800781
0.0149974822998047 -0.0207805633544922 0.0237464904785156 -0.0379867553710938
0.00353240966796875 -0.0290069580078125 0.00208663940429688 -0.0404281616210938
0.00688934326171875 -0.0280513763427734 -0.00354957580566406 -0.0266609191894531
0.00432014465332031 -0.0319652557373047 -0.00564765930175781 -0.0228729248046875
0.0147953033447266 -0.0272655487060547 -0.00772666931152344 -0.0194740295410156
0.0311470031738281 -0.0167026519775391 -0.00885009765625 -0.0186100006103516
0.0403518676757813 0.00540542602539063 -0.00210189819335938 -0.0293655395507812
0.0267181396484375 0.0411453247070313 0.0077667236328125 -0.033355712890625
0.0081634521484375 0.055084228515625 0.0158538818359375 -0.0384292602539063
-0.0209922790527344 0.0606880187988281 0.0203628540039063 -0.0358848571777344
-0.0357894897460938 0.0628776550292969 0.0380744934082031 -0.00482559204101562
-0.00971221923828124 0.0553169250488281 0.00632429122924805 0.00878381729125977
0.0219802856445313 0.0541572570800781 0.0107574462890625 0.0351276397705078
0.0417251586914063 0.0221061706542969 0.0366287231445312 0.0209732055664062
0.0428810119628906 -0.0050201416015625 0.0388069152832031 -0.00405120849609375
0.0238208770751953 -0.0308284759521484 0.0211181640625 -0.0283355712890625
0.00629425048828125 -0.0408897399902344 0.00142478942871094 -0.02801513671875
0.0095367431640625 -0.0390510559082031 -0.00474071502685547 -0.0135965347290039
0.00531005859374999 -0.0436058044433594 -0.00735282897949219 -0.00952816009521485
0.0180816650390625 -0.0374374389648438 -0.0133218765258789 -0.00769329071044922
0.0396652221679688 -0.0238075256347656 -0.0155963897705078 -0.00923728942871094
0.0494651794433594 0.00516891479492187 -0.00909042358398437 -0.0237007141113281
0.0325202941894531 0.0502090454101563 0.00252151489257812 -0.028900146484375
0.00696563720703125 0.0644340515136719 0.0127468109130859 -0.0269527435302734
-0.0308647155761719 0.0673904418945312 0.00854969024658203 -0.0171613693237305
-0.0460357666015625 0.0608596801757812 0.0229434967041016 0.0174045562744141
-0.0206146240234375 0.0624351501464844 -0.000188827514648439 0.0252437591552734
0.01904296875 0.0677604675292969 0.00515365600585937 0.0416374206542969
0.0480117797851562 0.0316009521484375 0.0281581878662109 0.0278244018554688
0.0514907836914063 -0.002655029296875 0.0303745269775391 0.00580596923828125
0.0296707153320313 -0.0355606079101563 0.0162057876586914 -0.014979362487793
0.00836563110351563 -0.0458641052246094 0.000535011291503906 -0.0119810104370117
0.0107955932617187 -0.0431747436523438 -0.00467967987060547 0.00150203704833984
0.00495147705078125 -0.0487327575683594 -0.00817489624023438 0.00569725036621093
0.0182151794433594 -0.0422134399414063 -0.0169401168823242 0.00637054443359375
0.0418586730957031 -0.0275611877441406 -0.0204391479492187 0.00135612487792968
0.0519180297851563 0.003875732421875 -0.0150661468505859 -0.0165910720825195
0.0328559875488281 0.0519065856933594 -0.00226783752441406 -0.0234775543212891
0.00383758544921875 0.0652084350585938 0.010899543762207 -0.0136089324951172
-0.0365333557128906 0.0649604797363281 -0.00393223762512207 0.00233125686645508
-0.0481338500976563 0.0483245849609375 0.00486373901367187 0.0373001098632812
-0.0282669067382812 0.0566329956054688 -0.00902938842773438 0.0396156311035156
0.0102272033691406 0.0678672790527344 -0.00213241577148437 0.0440711975097656
0.0445747375488281 0.0356826782226563 0.0167121887207031 0.0323047637939453
0.0501556396484375 5.7220458984375E-05 0.0192356109619141 0.0144004821777344
0.0301914215087891 -0.0335540771484375 0.0088958740234375 -0.00091361999511719
0.0086212158203125 -0.043670654296875 0.000112056732177735 0.00481557846069336
0.0101203918457031 -0.0416679382324219 -0.00375461578369141 0.0167083740234375
0.00449752807617188 -0.0465812683105469 -0.00780105590820313 0.0207252502441406
0.0161018371582031 -0.0402107238769531 -0.0199260711669922 0.0195484161376953
0.0386428833007813 -0.0263099670410156 -0.0241203308105469 0.01068115234375
0.0475692749023438 0.0036163330078125 -0.0199356079101562 -0.00982856750488281
0.0280532836914062 0.049163818359375 -0.00533485412597656 -0.0179996490478516
-0.00162506103515625 0.0589370727539063 0.00888729095458984 -0.000957489013671871
-0.0387458801269531 0.0535812377929688 -0.0170364379882813 0.020233154296875
-0.0406951904296875 0.0261955261230469 -0.0124549865722656 0.0524520874023438
-0.0289535522460937 0.0390472412109375 -0.01678466796875 0.0500373840332031
-3.43322753906234E-05 0.0531349182128906 -0.00791549682617188 0.042205810546875
0.0309829711914063 0.0309696197509766 0.00529861450195313 0.0329265594482422
0.0390243530273438 0.0032501220703125 0.00737953186035156 0.0202007293701172
0.0243377685546875 -0.0256252288818359 0.00208663940429688 0.0122909545898438
0.00776481628417969 -0.0338516235351563 -0.000543594360351563 0.0200138092041016
0.00811767578125 -0.0336246490478516 -0.00254631042480469 0.029266357421875
0.00388717651367187 -0.0378799438476563 -0.00740814208984375 0.0331573486328125
0.0129203796386719 -0.0331344604492188 -0.0216560363769531 0.0302505493164063
0.0323772430419922 -0.0217533111572266 -0.0271148681640625 0.0183334350585938
0.0387535095214844 0.0040740966796875 -0.0242233276367187 -0.00425529479980469
0.0192451477050781 0.0417442321777344 -0.0084543228149414 -0.0145339965820312
-0.0086517333984375 0.0459060668945313 0.005645751953125 0.0088338851928711
-0.0372428894042969 0.035614013671875 -0.0294628143310547 0.0338516235351563
-0.0265254974365234 0.00116729736328125 -0.0239410400390625 0.0580825805664063
-0.0233840942382812 0.0160121917724609 -0.0224189758300781 0.0546722412109375
-0.0068511962890625 0.028472900390625 -0.0104179382324219 0.0386734008789063
0.0146865844726563 0.0189189910888672 -0.00255012512207031 0.0318870544433594
0.0205955505371094 0.00346755981445312 -0.0010833740234375 0.0233230590820313
0.013880729675293 -0.0139017105102539 -0.002044677734375 0.0213432312011719
0.00450325012207031 -0.0196666717529297 -3.0517578125001E-05 0.0308609008789063
0.00466537475585938 -0.0199718475341797 -0.000846862792968747 0.0371932983398438
0.00283622741699219 -0.0235843658447266 -0.00654983520507813 0.0421485900878906
0.00813102722167969 -0.0217266082763672 -0.0232467651367188 0.0383682250976562
0.0222721099853516 -0.0148563385009766 -0.0301113128662109 0.0228900909423828
0.0256538391113281 0.00399971008300781 -0.028472900390625 -0.000867843627929688
0.00848197937011719 0.0300407409667969 -0.0116682052612305 -0.0124073028564453
-0.0133457183837891 0.0279102325439453 0.00124835968017578 0.0151033401489258
-0.0305576324462891 0.0125713348388672 -0.0413627624511719 0.0415992736816406
0.0140266418457031 0.0123701095581055 0.0455589294433594 -0.048583984375
0.0111551284790039 -0.00842952728271484 0.00376319885253906 -0.0202693939208984
-0.00307559967041016 -0.0117464065551758 0.0128021240234375 0.0161228179931641
-0.00997066497802734 -0.00277042388916016 0.0378150939941406 0.00493240356445313
-0.0075078010559082 0.00439691543579102 0.0379676818847656 -0.0214042663574219
-0.00214672088623047 0.00909709930419922 0.0235633850097656 -0.0440330505371094
-0.000888824462890624 0.00550031661987305 0.00203704833984375 -0.0512008666992188
-0.00101423263549805 0.00365662574768066 -0.0015716552734375 -0.0419883728027344
-0.00176286697387695 0.0032658576965332 -0.0018157958984375 -0.0364418029785156
-0.00242733955383301 2.00271606445311E-05 0.00230026245117188 -0.0304698944091797
-0.00122737884521484 -0.00481224060058594 0.00193023681640625 -0.0282154083251953
0.00630283355712891 -0.00752592086791992 0.006011962890625 -0.0336093902587891
0.0147304534912109 0.00032806396484375 0.0167655944824219 -0.0393867492675781
0.0171737670898438 0.0136394500732422 0.0224533081054688 -0.0554580688476563
0.0119190216064453 0.0231876373291016 0.033172607421875 -0.0626220703125
-0.00168991088867187 0.0370025634765625 0.0501976013183594 -0.0417137145996094
0.00831413269042969 0.0154953002929688 0.00771331787109375 -0.0161046981811523
0.00905609130859375 0.0092926025390625 0.0148715972900391 0.0204524993896484
0.00834798812866211 0.00327396392822266 0.0411796569824219 0.00774765014648438
0.00974082946777344 -0.00102519989013672 0.0420913696289063 -0.0196533203125
0.00593900680541992 -0.00724601745605469 0.0247421264648438 -0.0443954467773437
0.000383377075195312 -0.0128803253173828 0.0019683837890625 -0.0499000549316406
0.00325965881347656 -0.0138053894042969 -0.00293350219726562 -0.0379219055175781
0.00196266174316406 -0.0161895751953125 -0.00386238098144531 -0.0331192016601563
0.007965087890625 -0.0146398544311523 -0.00200271606445312 -0.0280990600585938
0.0180568695068359 -0.0100078582763672 -0.00284576416015625 -0.0260944366455078
0.0260295867919922 0.00188636779785156 0.00323677062988282 -0.0337638854980469
0.0203704833984375 0.0252094268798828 0.0132713317871094 -0.0373916625976563
0.0108680725097656 0.0381622314453125 0.0195350646972656 -0.0500755310058594
-0.00701904296875 0.0466194152832031 0.0298843383789062 -0.0537986755371094
-0.0199546813964844 0.05670166015625 0.0485725402832031 -0.0264701843261719
0.00101089477539063 0.0395698547363281 0.00906276702880859 -0.00611782073974609
0.0193729400634766 0.0334873199462891 0.0150909423828125 0.0282077789306641
0.0281791687011719 0.0117225646972656 0.0416793823242188 0.0139007568359375
0.0284023284912109 -0.00561332702636719 0.0433158874511719 -0.0136833190917969
0.0149517059326172 -0.0215339660644531 0.0241775512695313 -0.0392494201660156
0.0032501220703125 -0.0299701690673828 0.00154495239257812 -0.0418319702148438
0.00692939758300781 -0.0296173095703125 -0.00407218933105469 -0.0281009674072266
0.00385856628417969 -0.0334014892578125 -0.00612258911132813 -0.0236625671386719
0.0150279998779297 -0.0284633636474609 -0.00868988037109375 -0.0199127197265625
0.0324001312255859 -0.0173835754394531 -0.0093994140625 -0.0191898345947266
0.0423393249511719 0.00536346435546875 -0.00295066833496093 -0.0306549072265625
0.0284385681152344 0.0429344177246094 0.00784301757812501 -0.0348777770996094
0.00831222534179688 0.0571327209472656 0.015472412109375 -0.0406455993652344
-0.0214424133300781 0.0633621215820313 0.0207366943359375 -0.0383758544921875
-0.0367889404296875 0.0662040710449219 0.0393638610839844 -0.00513839721679687
-0.00978851318359376 0.0575103759765625 0.00562381744384765 0.00921630859375
0.0241127014160156 0.0562286376953125 0.0120201110839844 0.0371208190917969
0.0436935424804688 0.0222702026367188 0.0378227233886719 0.0216636657714844
0.0448989868164063 -0.0061492919921875 0.0402755737304688 -0.00452041625976563
0.0241813659667969 -0.03228759765625 0.0214920043945312 -0.0293121337890625
0.00553131103515625 -0.042144775390625 0.00122451782226563 -0.0287666320800781
0.00951004028320313 -0.0404853820800781 -0.00472068786621094 -0.0138893127441406
0.0042266845703125 -0.0453224182128906 -0.00796413421630859 -0.0097341537475586
0.01806640625 -0.038665771484375 -0.0137853622436523 -0.00739097595214844
0.0404319763183594 -0.0250091552734375 -0.0160207748413086 -0.00967407226562501
0.0521774291992188 0.00430679321289062 -0.0101318359375 -0.0252780914306641
0.0347518920898438 0.0520591735839844 0.001800537109375 -0.0304584503173828
0.00729751586914062 0.0666465759277344 0.0126800537109375 -0.0282173156738281
-0.0313262939453125 0.0708236694335938 0.0085906982421875 -0.0188369750976563
-0.047576904296875 0.0639801025390625 0.0236072540283203 0.01800537109375
-0.0213508605957031 0.0653038024902344 -0.000932693481445315 0.0258712768554688
0.0208816528320313 0.07061767578125 0.00619888305664062 0.0437965393066406
0.0506362915039063 0.0326309204101563 0.029510498046875 0.0288410186767578
0.0538558959960938 -0.00387191772460937 0.031707763671875 0.00605583190917969
0.0300979614257813 -0.0370330810546875 0.0158672332763672 -0.0152769088745117
0.00769042968750001 -0.0473403930664063 0.000422477722167968 -0.0118217468261719
0.0105514526367188 -0.0456390380859375 -0.00437641143798828 0.00226759910583496
0.00449371337890625 -0.05072021484375 -0.00842571258544922 0.00605249404907226
0.0180206298828125 -0.0434341430664063 -0.0179462432861328 0.00704002380371093
0.0424613952636719 -0.0290374755859375 -0.0213356018066406 0.00139999389648437
0.0541000366210937 0.00302505493164062 -0.0162353515625 -0.0177783966064453
0.0355415344238281 0.0539817810058594 -0.00304985046386718 -0.0251712799072266
0.00462722778320312 0.0678024291992188 0.0109176635742188 -0.0146636962890625
-0.037322998046875 0.0685539245605469 -0.00439453125 0.00205993652343751
-0.0494499206542969 0.0504722595214844 0.00453948974609375 0.03857421875
-0.0293045043945312 0.0591545104980469 -0.00951004028320313 0.0410957336425781
0.011688232421875 0.0709609985351563 -0.000984191894531253 0.0462913513183594
0.0461616516113281 0.036407470703125 0.0176105499267578 0.033416748046875
0.0524139404296875 -0.000377655029296875 0.0201873779296875 0.0152034759521484
0.0307388305664063 -0.0350131988525391 0.00846385955810547 -0.000403404235839846
0.00763320922851563 -0.0447654724121094 -0.000122070312499999 0.00533819198608398
0.00952911376953125 -0.0433616638183594 -0.0035858154296875 0.017608642578125
0.0036773681640625 -0.0480613708496094 -0.00788497924804688 0.021881103515625
0.0159759521484375 -0.0417251586914063 -0.0207271575927734 0.0207691192626953
0.0394401550292969 -0.0279731750488281 -0.0247631072998047 0.0112934112548828
0.0498886108398438 0.0034637451171875 -0.0209922790527344 -0.0105266571044922
0.0300064086914063 0.0505867004394531 -0.00592613220214843 -0.0192546844482422
-0.00149917602539062 0.0609054565429688 0.00886440277099609 -0.00127792358398437
-0.0399894714355469 0.0565414428710937 -0.0174331665039063 0.0210170745849609
-0.0424461364746094 0.0279998779296875 -0.0125999450683594 0.0549583435058594
-0.0297966003417969 0.0408935546875 -0.0176506042480469 0.0514717102050781
0.0012054443359375 0.0559234619140625 -0.00746536254882813 0.044158935546875
0.0326633453369141 0.0316619873046875 0.00546455383300782 0.0343074798583984
0.0406265258789063 0.00246047973632813 0.00818634033203125 0.0216293334960938
0.0255279541015625 -0.0267925262451172 0.00203609466552735 0.0130701065063477
0.00665664672851562 -0.0354957580566406 -0.000185012817382813 0.0210781097412109
0.00777053833007813 -0.0346469879150391 -0.00184822082519531 0.0307197570800781
0.00323486328125 -0.0392684936523438 -0.00742530822753906 0.0349960327148438
0.0130558013916016 -0.0342159271240234 -0.0222415924072266 0.0320072174072266
0.0328235626220703 -0.0233287811279297 -0.0279655456542969 0.0187473297119141
0.0401649475097656 0.00409698486328125 -0.0255279541015625 -0.00433158874511719
0.0205078125 0.0431747436523438 -0.00911140441894531 -0.0146274566650391
-0.00874710083007813 0.0475387573242187 0.0058598518371582 0.00858449935913086
-0.0382080078125 0.0373458862304688 -0.0306777954101563 0.0352210998535156
-0.0267410278320313 0.00129508972167969 -0.0243492126464844 0.0607681274414063
-0.0235881805419922 0.016265869140625 -0.0234260559082031 0.0566291809082031
-0.00650978088378906 0.0298633575439453 -0.011138916015625 0.0403633117675781
0.0150489807128906 0.0192985534667969 -0.00213050842285156 0.0332126617431641
0.0212783813476563 0.00282478332519531 -0.000648498535156249 0.0239410400390625
0.0143508911132813 -0.0141706466674805 -0.00211906433105469 0.0222454071044922
0.00390434265136719 -0.0201969146728516 0.000654220581054691 0.0323848724365234
0.00437355041503907 -0.0208244323730469 -0.000370025634765629 0.0391845703125
0.00245475769042969 -0.0247039794921875 -0.00637435913085938 0.0446395874023438
0.0080413818359375 -0.0226783752441406 -0.0236587524414063 0.0400238037109375
0.0229015350341797 -0.015594482421875 -0.0308895111083984 0.023895263671875
0.0269947052001953 0.00388526916503906 -0.0298557281494141 -0.000951766967773444
0.00955963134765625 0.0313816070556641 -0.0127248764038086 -0.013153076171875
-0.0137424468994141 0.0291614532470703 0.00166416168212891 0.0153961181640625
-0.0314998626708984 0.0133380889892578 -0.0427894592285156 0.0436058044433594
0.0152397155761719 0.012578010559082 0.0454292297363281 -0.052734375
0.0113735198974609 -0.00903987884521484 0.00347328186035156 -0.0208625793457031
-0.003509521484375 -0.0117979049682617 0.0142908096313477 0.016362190246582
-0.0106401443481445 -0.00198554992675781 0.0399856567382813 0.004425048828125
-0.00792312622070313 0.00517129898071289 0.0394401550292969 -0.0234603881835938
-0.001617431640625 0.00960826873779297 0.023193359375 -0.046722412109375
-0.000578880310058594 0.00576210021972656 0.000320434570312496 -0.05413818359375
-0.000542640686035156 0.00413060188293457 -0.0033111572265625 -0.0442314147949219
-0.00170779228210449 0.00304865837097168 -0.00341415405273437 -0.0383949279785156
-0.00226044654846191 0.000504493713378906 0.00127983093261719 -0.032470703125
-0.00107765197753906 -0.00438618659973145 0.000263214111328125 -0.0294818878173828
0.00634956359863281 -0.0079188346862793 0.00501251220703125 -0.0360641479492188
0.015172004699707 -0.000243186950683594 0.016387939453125 -0.0412483215332031
0.0186710357666016 0.0135421752929688 0.0216560363769531 -0.0587730407714844
0.0130081176757813 0.0238819122314453 0.0323600769042969 -0.0672798156738281
-0.000671386718749998 0.0390548706054688 0.0508079528808594 -0.0456352233886719
0.0089254379272461 0.016240119934082 0.0069875717163086 -0.0168495178222656
0.0104360580444336 0.0098419189453125 0.0167293548583984 0.0214748382568359
0.00923538208007813 0.0029296875 0.0429840087890625 0.00716018676757812
0.0101165771484375 -0.00205612182617188 0.0431900024414063 -0.0219345092773438
0.00570869445800781 -0.00753307342529297 0.0240287780761719 -0.0470809936523437
0.0004119873046875 -0.0133638381958008 -1.90734863281215E-05 -0.0519599914550781
0.00303268432617188 -0.014796257019043 -0.004638671875 -0.0400123596191406
0.00104713439941406 -0.0171279907226563 -0.00543403625488281 -0.0349502563476563
0.00818061828613281 -0.0156488418579102 -0.00311660766601562 -0.0297374725341797
0.0183925628662109 -0.0110740661621094 -0.00360298156738281 -0.0273284912109375
0.0275058746337891 0.00112533569335937 0.00271987915039063 -0.0358963012695313
0.0220394134521484 0.0257759094238281 0.0128593444824219 -0.0394859313964844
0.0129127502441406 0.0398445129394531 0.0184211730957031 -0.053497314453125
-0.00561141967773437 0.0494842529296875 0.029022216796875 -0.0577239990234375
-0.0186691284179688 0.0603179931640625 0.049407958984375 -0.0293045043945313
0.00244140625 0.0416069030761719 0.00799894332885742 -0.00674009323120117
0.0219268798828125 0.0346355438232422 0.0169658660888672 0.0297088623046875
0.0300998687744141 0.0110950469970703 0.0445365905761719 0.0130577087402344
0.0294609069824219 -0.00708961486816406 0.0448036193847656 -0.0155601501464844
0.0146656036376953 -0.0230426788330078 0.0238609313964844 -0.0416717529296875
0.00235557556152343 -0.0309257507324219 -7.24792480468772E-05 -0.0436859130859375
0.00564765930175781 -0.0314483642578125 -0.00476837158203125 -0.0294036865234375
0.00246429443359375 -0.0349521636962891 -0.0073394775390625 -0.0244045257568359
0.0147857666015625 -0.0304241180419922 -0.00948905944824219 -0.0207252502441406
0.0334091186523438 -0.0196132659912109 -0.0103683471679688 -0.0199203491210938
0.0446929931640625 0.003875732421875 -0.00437736511230468 -0.0326137542724609
0.0314750671386719 0.0441398620605469 0.00629425048828125 -0.0368385314941406
0.010833740234375 0.0594024658203125 0.0145530700683594 -0.0435600280761719
-0.0201988220214844 0.0677680969238281 0.0205039978027344 -0.0409584045410156
-0.035675048828125 0.0710296630859375 0.0399284362792969 -0.00715255737304687
-0.00867462158203125 0.0611228942871094 0.00577926635742187 0.00893497467041016
0.0281410217285156 0.0587539672851563 0.0143470764160156 0.0383834838867188
0.046539306640625 0.021820068359375 0.0405654907226563 0.0214881896972656
0.046356201171875 -0.00860214233398437 0.04180908203125 -0.00567245483398438
0.0235385894775391 -0.0347728729248047 0.0211544036865234 -0.0308437347412109
0.00383758544921875 -0.0438270568847656 5.72204589843778E-05 -0.0298938751220703
0.00787734985351563 -0.0432777404785156 -0.00494384765625 -0.0143413543701172
0.0026397705078125 -0.0472145080566406 -0.00864315032958984 -0.00998020172119141
0.017425537109375 -0.0408782958984375 -0.0149745941162109 -0.00728130340576172
0.0412635803222656 -0.0277786254882813 -0.0176353454589844 -0.0097198486328125
0.0551528930664062 0.00266265869140625 -0.0116348266601562 -0.0263519287109375
0.0385322570800781 0.0533447265625 0.000547409057617187 -0.0320549011230469
0.0101547241210938 0.0698089599609375 0.0119228363037109 -0.0308609008789062
-0.0307846069335938 0.076080322265625 0.00831794738769531 -0.0206031799316406
-0.0472259521484375 0.0693168640136719 0.02447509765625 0.0178413391113281
-0.02020263671875 0.0693397521972656 -0.000741958618164063 0.0272140502929688
0.0252532958984375 0.0731353759765625 0.0082855224609375 0.0459327697753906
0.0544281005859375 0.0318450927734375 0.0315608978271484 0.0292606353759766
0.0562591552734375 -0.006622314453125 0.0334091186523437 0.0055999755859375
0.029541015625 -0.0398979187011719 0.0163230895996094 -0.0164012908935547
0.00565338134765625 -0.0497283935546875 0.000241279602050781 -0.0124883651733398
0.00901031494140625 -0.0482749938964844 -0.00405812263488769 0.00269913673400879
0.00200271606445312 -0.0529747009277344 -0.00870609283447266 0.00680780410766601
0.01690673828125 -0.0457878112792969 -0.0186367034912109 0.00855636596679687
0.0430908203125 -0.0322799682617188 -0.0218296051025391 0.00208854675292968
0.0575027465820312 0.000965118408203125 -0.0178966522216797 -0.0184135437011719
0.0391960144042969 0.0551414489746094 -0.00428199768066406 -0.0260219573974609
0.00704956054687499 0.0704345703125 0.0104904174804688 -0.0158901214599609
-0.0368499755859375 0.0738525390625 -0.00445890426635742 0.00166654586791993
-0.04998779296875 0.0556297302246094 0.0059814453125 0.0405311584472656
-0.0281906127929687 0.0633201599121094 -0.00969314575195313 0.043365478515625
0.0152816772460937 0.0738983154296875 0.000656127929687501 0.0483512878417969
0.0498390197753906 0.0362319946289063 0.0192508697509766 0.0346603393554687
0.0554122924804688 -0.00310516357421875 0.0214633941650391 0.015380859375
0.0304298400878906 -0.0374908447265625 0.00929355621337891 -0.000504493713378909
0.00624847412109375 -0.0467033386230469 0.000227451324462891 0.00565862655639648
0.00804519653320312 -0.0461196899414063 -0.0025177001953125 0.0187397003173828
0.00159072875976563 -0.0505599975585938 -0.00725555419921875 0.0239028930664062
0.0146980285644531 -0.0440902709960938 -0.0209751129150391 0.0227127075195313
0.0399589538574219 -0.0312156677246094 -0.0252246856689453 0.0125751495361328
0.0524253845214844 0.00107574462890625 -0.0225028991699219 -0.0103969573974609
0.0327873229980469 0.0519180297851563 -0.00732421875 -0.0199069976806641
0.000457763671875007 0.063934326171875 0.00925636291503906 -0.0022134780883789
-0.0394477844238281 0.061248779296875 -0.0178356170654297 0.0223674774169922
-0.0430564880371094 0.0311355590820312 -0.0120162963867188 0.0577774047851563
-0.0298194885253906 0.0445022583007813 -0.0169410705566406 0.0546989440917969
0.00406646728515625 0.0582351684570312 -0.0057525634765625 0.0463485717773438
0.0354576110839844 0.0314674377441406 0.00699615478515625 0.0354270935058594
0.0430030822753906 0.000904083251953125 0.0092926025390625 0.0224018096923828
0.0249652862548828 -0.0290851593017578 0.00236129760742188 0.0140485763549805
0.00536346435546875 -0.0365943908691406 0.000963211059570313 0.0222682952880859
0.006591796875 -0.0368156433105469 -0.000432968139648438 0.0321273803710938
0.00136947631835938 -0.0411453247070312 -0.00572586059570313 0.0375480651855469
0.0121879577636719 -0.036224365234375 -0.0219097137451172 0.034698486328125
0.0333652496337891 -0.0254611968994141 -0.0281009674072266 0.0208396911621094
0.0421218872070313 0.00247573852539063 -0.0267333984375 -0.00423049926757812
0.0233650207519531 0.0445823669433594 -0.0108652114868164 -0.0158157348632812
-0.0071868896484375 0.0498466491699219 0.00645208358764648 0.00830793380737305
-0.0385780334472656 0.0407371520996094 -0.0304908752441406 0.0376396179199219
-0.0282115936279297 0.00282669067382813 -0.0238304138183594 0.064666748046875
-0.0240325927734375 0.0180778503417969 -0.0223350524902344 0.0597953796386719
-0.00558090209960938 0.0312442779541016 -0.009979248046875 0.0418128967285156
0.0163974761962891 0.0190658569335938 -0.00117111206054688 0.0349578857421875
0.0226173400878906 0.00217247009277344 0.000244140625000003 0.0255317687988281
0.0140457153320312 -0.0156774520874023 -0.00177764892578125 0.0242080688476563
0.002716064453125 -0.0208644866943359 0.00208473205566406 0.0339889526367188
0.00362396240234375 -0.0218143463134766 0.00140380859375 0.0407829284667969
0.00114631652832031 -0.0262336730957031 -0.00449752807617187 0.0474891662597656
0.00753211975097656 -0.0238628387451172 -0.0232734680175781 0.0432510375976563
0.0229969024658203 -0.0175151824951172 -0.0316104888916016 0.0258102416992188
0.0279788970947266 0.00281143188476563 -0.0312938690185547 0.000190734863281248
0.0113296508789063 0.0324020385742187 -0.0136442184448242 -0.0134134292602539
-0.0136451721191406 0.031219482421875 0.00235557556152344 0.0153207778930664
-0.0324802398681641 0.0152339935302734 -0.0425796508789063 0.0468025207519531
0.0166034698486328 0.0119333267211914 0.0430488586425781 -0.0570259094238281
0.0115547180175781 -0.00951862335205078 0.00191116333007813 -0.0208320617675781
-0.00403881072998047 -0.0115222930908203 0.0157604217529297 0.0159912109375
-0.0110435485839844 -0.00127029418945313 0.0415153503417969 0.00227737426757813
-0.00780677795410156 0.00576353073120117 0.03924560546875 -0.0264358520507813
-0.00115680694580078 0.0100259780883789 0.0214729309082031 -0.0494422912597656
-4.19616699218753E-05 0.00570011138916016 -0.00311279296875 -0.0553398132324219
-0.00047922134399414 0.00385713577270508 -0.00658798217773437 -0.046051025390625
-0.00174331665039062 0.00327873229980469 -0.00622177124023438 -0.039764404296875
-0.00197911262512207 0.000603675842285156 -0.000349044799804688 -0.0335483551025391
-0.00139379501342773 -0.00440359115600586 -0.00141143798828125 -0.0306434631347656
0.00629615783691406 -0.0085902214050293 0.00279998779296875 -0.0379295349121094
0.0152721405029297 -0.000965118408203125 0.0147590637207031 -0.04351806640625
0.0198612213134766 0.0127372741699219 0.0186882019042969 -0.0615425109863281
0.0147209167480469 0.0239486694335938 0.0290603637695312 -0.0717239379882813
0.00213241577148438 0.0403175354003906 0.0481109619140625 -0.0497970581054687
0.00993061065673828 0.0165023803710938 0.00584030151367188 -0.0174808502197266
0.0118780136108398 0.00955963134765625 0.0187664031982422 0.0211219787597656
0.00970840454101563 0.00276565551757813 0.0450401306152344 0.00501632690429688
0.0102882385253906 -0.00268268585205078 0.043426513671875 -0.0249176025390625
0.00545263290405274 -0.00783538818359375 0.0221786499023438 -0.0493125915527344
-0.000495910644531251 -0.013737678527832 -0.00317764282226563 -0.053497314453125
0.0022735595703125 -0.0157918930053711 -0.00725173950195312 -0.040985107421875
0.000179290771484377 -0.0177364349365234 -0.00809478759765625 -0.0358963012695313
0.00781345367431641 -0.0160102844238281 -0.00482559204101563 -0.030548095703125
0.0185680389404297 -0.0120429992675781 -0.00574111938476563 -0.0275421142578125
0.0283012390136719 -0.000757217407226563 -0.000160217285156247 -0.037353515625
0.0242862701416016 0.0255355834960938 0.0108985900878906 -0.0414848327636719
0.0153884887695312 0.0402946472167969 0.0157241821289063 -0.0562667846679688
-0.00257492065429688 0.0515670776367188 0.0263900756835938 -0.0617637634277344
-0.0158004760742187 0.0639457702636719 0.0476531982421875 -0.0335655212402344
0.0044097900390625 0.0430870056152344 0.00782394409179688 -0.00676822662353515
0.0255546569824219 0.0344429016113281 0.0198001861572266 0.0297050476074219
0.0318126678466797 0.00973892211914063 0.0462799072265625 0.0112571716308594
0.0298652648925781 -0.00940132141113281 0.0451583862304688 -0.0188064575195313
0.0138740539550781 -0.0244941711425781 0.0222549438476563 -0.0440597534179687
5.53131103515633E-05 -0.0319557189941406 -0.00284957885742187 -0.0449867248535156
0.00406837463378906 -0.0329780578613281 -0.00693702697753906 -0.0301952362060547
0.000328063964843749 -0.0362434387207031 -0.00957298278808594 -0.0250663757324219
0.0133285522460937 -0.0316181182861328 -0.0109596252441406 -0.0206069946289063
0.0331935882568359 -0.0219478607177734 -0.0124702453613281 -0.0199470520019531
0.0462913513183594 0.00146484375 -0.00666618347167968 -0.0338268280029297
0.0353431701660156 0.0436744689941406 0.00459671020507812 -0.0385551452636719
0.0144081115722656 0.0606231689453125 0.0121421813964844 -0.0459403991699219
-0.0170135498046875 0.0714263916015625 0.0178718566894531 -0.044464111328125
-0.0325393676757812 0.07574462890625 0.0402679443359375 -0.00981903076171874
-0.00527191162109374 0.0639724731445312 0.00564289093017578 0.00920200347900391
0.0330390930175781 0.0584182739257813 0.0176658630371094 0.0390167236328125
0.0501022338867188 0.0196189880371094 0.0430183410644531 0.0200119018554688
0.0473747253417969 -0.0126914978027344 0.0425148010253906 -0.00860977172851563
0.0222511291503906 -0.037017822265625 0.020172119140625 -0.0328311920166016
0.00117874145507813 -0.0447311401367187 -0.00152015686035156 -0.0306873321533203
0.00593948364257813 -0.0455513000488281 -0.0053558349609375 -0.0147132873535156
-0.000602722167968747 -0.0491485595703125 -0.00944137573242188 -0.00940322875976563
0.0153045654296875 -0.0429916381835938 -0.0159540176391602 -0.00635623931884766
0.04071044921875 -0.0310821533203125 -0.0185337066650391 -0.00905609130859375
0.0571479797363281 -0.00077056884765625 -0.0143604278564453 -0.0269489288330078
0.0431480407714844 0.0529747009277344 -0.00129890441894531 -0.0331249237060547
0.014434814453125 0.071258544921875 0.0102252960205078 -0.0325279235839844
-0.026947021484375 0.0807342529296875 0.00718879699707031 -0.0215702056884766
-0.0441436767578125 0.074737548828125 0.0251064300537109 0.0170478820800781
-0.0169830322265625 0.0730438232421875 0.000247955322265623 0.0283260345458984
0.0310516357421875 0.0745849609375 0.011749267578125 0.0465469360351563
0.05792236328125 0.0292625427246094 0.0341777801513672 0.0288677215576172
0.0581321716308594 -0.0110282897949219 0.0347023010253906 0.00373268127441406
0.0279655456542969 -0.0421562194824219 0.0156927108764648 -0.0171775817871094
0.0028839111328125 -0.0506172180175781 -0.000684738159179687 -0.0125761032104492
0.0057525634765625 -0.0509529113769531 -0.00366783142089844 0.00265407562255859
-0.00144195556640625 -0.0545845031738281 -0.00828170776367188 0.00827598571777343
0.0142898559570312 -0.0480499267578125 -0.0185222625732422 0.0100555419921875
0.041900634765625 -0.0357704162597656 -0.0225887298583984 0.00322914123535156
0.0590057373046875 -0.00280380249023438 -0.0197658538818359 -0.0183296203613281
0.0439414978027344 0.0545196533203125 -0.006011962890625 -0.0265235900878906
0.0111923217773438 0.0723724365234375 0.00968170166015625 -0.0173301696777344
-0.0334548950195312 0.0789108276367188 -0.00484037399291992 0.00176239013671875
-0.0478897094726562 0.060394287109375 0.00728988647460937 0.041351318359375
-0.0250663757324219 0.0671043395996094 -0.00791549682617188 0.0450286865234375
0.0215301513671875 0.0753555297851563 0.004150390625 0.0496101379394531
0.0533065795898438 0.0334815979003906 0.0216178894042969 0.0345382690429688
0.0568275451660156 -0.00675582885742188 0.0231609344482422 0.0147171020507812
0.0284538269042969 -0.0403327941894531 0.00899887084960938 -0.00050163269042969
0.00312423706054687 -0.0480613708496094 0.000766277313232422 0.00636529922485351
0.00516891479492188 -0.0482559204101562 -0.00074195861816406 0.0197601318359375
-0.002227783203125 -0.0525245666503906 -0.00591087341308594 0.0250873565673828
0.0120086669921875 -0.0453681945800781 -0.0199794769287109 0.0250186920166016
0.038787841796875 -0.0348167419433594 -0.0254325866699219 0.0140972137451172
0.0542678833007812 -0.00226974487304687 -0.0242652893066406 -0.00943946838378907
0.0376319885253906 0.0515022277832031 -0.0091705322265625 -0.0201606750488281
0.00400161743164063 0.0650634765625 0.00922393798828125 -0.00328922271728515
-0.03704833984375 0.0659370422363281 -0.01666259765625 0.0238227844238281
-0.0419425964355469 0.0350227355957031 -0.00899887084960938 0.0606460571289063
-0.0283050537109375 0.0477714538574219 -0.0150337219238281 0.0574378967285156
0.00789642333984374 0.0597991943359375 -0.00336074829101563 0.0476760864257813
0.0381088256835938 0.0299911499023438 0.00925445556640625 0.0360870361328125
0.0439567565917969 -0.00215530395507813 0.0106754302978516 0.0224819183349609
0.0238666534423828 -0.0311450958251953 0.00316715240478516 0.0146379470825195
0.00308990478515625 -0.0375099182128906 0.00217247009277344 0.0234031677246094
0.00390243530273438 -0.0381965637207031 0.00195693969726562 0.0334415435791016
-0.00147247314453125 -0.0423622131347656 -0.00338363647460937 0.0392036437988281
0.00954818725585938 -0.0371322631835938 -0.0201835632324219 0.0373573303222656
0.0321369171142578 -0.0283641815185547 -0.0278091430664063 0.0228519439697266
0.0436592102050781 -0.000335693359375 -0.0276870727539062 -0.00271224975585938
0.0263099670410156 0.0447921752929688 -0.0120067596435547 -0.0149078369140625
-0.0043792724609375 0.0519485473632813 0.00707006454467773 0.00771522521972657
-0.0373687744140625 0.0444793701171875 -0.0291519165039063 0.0402717590332031
-0.0285263061523437 0.00455856323242187 -0.0208587646484375 0.0682716369628906
-0.0234928131103516 0.0202236175537109 -0.0197906494140625 0.0623588562011719
-0.00354194641113281 0.0320720672607422 -0.00785446166992188 0.0438575744628906
0.0180301666259766 0.0188446044921875 0.000732421874999998 0.0358695983886719
0.0230865478515625 0.000539779663085938 0.00211143493652344 0.0263538360595703
0.0136890411376953 -0.0169992446899414 -0.000713348388671875 0.0250911712646484
0.00152778625488281 -0.0211677551269531 0.00405502319335938 0.0349273681640625
0.00182342529296875 -0.0230960845947266 0.00452804565429688 0.0421371459960938
-0.000623703002929688 -0.0266952514648437 -0.0010223388671875 0.0495109558105469
0.00594329833984375 -0.0247745513916016 -0.021209716796875 0.0464096069335937
0.0224094390869141 -0.0192413330078125 -0.0313262939453125 0.0279865264892578
0.0293483734130859 0.00121879577636719 -0.0322685241699219 0.0016021728515625
0.0140666961669922 0.0328426361083984 -0.0153589248657227 -0.0130720138549805
-0.0121326446533203 0.0327510833740234 0.00384616851806641 0.0149402618408203
-0.0321178436279297 0.0175380706787109 -0.0408058166503906 0.0504837036132813
0.0170516967773438 0.0108060836791992 0.0388450622558594 -0.0587844848632812
0.0104665756225586 -0.00978374481201172 0.000253677368164065 -0.0203876495361328
-0.00464057922363281 -0.0108051300048828 0.0170707702636719 0.0152034759521484
-0.0105247497558594 -0.000260353088378905 0.0411720275878906 5.7220458984375E-05
-0.0073089599609375 0.00647449493408203 0.0377006530761719 -0.0285224914550781
-0.000370979309082031 0.00995731353759766 0.0188331604003906 -0.0507888793945312
0.000985622406005859 0.00588274002075195 -0.00628280639648438 -0.0547409057617188
0.000367164611816406 0.00410103797912598 -0.00994110107421876 -0.04547119140625
-0.00137233734130859 0.00330734252929688 -0.00962066650390625 -0.0394744873046875
-0.00232625007629395 0.00034785270690918 -0.00270462036132812 -0.0337944030761719
-0.00107169151306152 -0.00431609153747559 -0.00354957580566406 -0.0308837890625
0.00570583343505859 -0.00882625579833985 0.000530242919921878 -0.037933349609375
0.0151510238647461 -0.00194168090820313 0.0124473571777344 -0.044342041015625
0.0208244323730469 0.0120735168457031 0.0145950317382813 -0.0626602172851563
0.0159931182861328 0.0231456756591797 0.0244674682617188 -0.0739212036132813
0.00468063354492187 0.0405387878417969 0.0445976257324219 -0.0521736145019531
0.0110092163085937 0.0163707733154297 0.00439357757568359 -0.0172386169433594
0.0127096176147461 0.00912189483642578 0.0203151702880859 0.0202064514160156
0.0102081298828125 0.00196933746337891 0.0452499389648437 0.00244522094726563
0.00992965698242188 -0.00319099426269531 0.0416259765625 -0.0271644592285156
0.00499820709228516 -0.00798797607421875 0.019317626953125 -0.0507850646972656
-0.00142765045166016 -0.0137815475463867 -0.00648117065429687 -0.0529708862304688
0.00112819671630859 -0.0158424377441406 -0.0103111267089844 -0.0409812927246094
-0.00138092041015625 -0.0176925659179688 -0.0109443664550781 -0.0353469848632813
0.0068511962890625 -0.01690673828125 -0.00727653503417969 -0.0303363800048828
0.0181064605712891 -0.0129184722900391 -0.00724601745605469 -0.0274028778076172
0.0283679962158203 -0.00284957885742188 -0.00272369384765625 -0.0372810363769531
0.0258026123046875 0.0240268707275391 0.00840377807617188 -0.0422019958496094
0.01776123046875 0.0392417907714844 0.0118408203125 -0.0566215515136719
0.000293731689453125 0.0518150329589844 0.0223121643066406 -0.0636405944824219
-0.0112800598144531 0.0645980834960938 0.0444869995117188 -0.0362281799316406
0.007080078125 0.0433349609375 0.00629806518554688 -0.00719404220581054
0.0277900695800781 0.0330047607421875 0.0221118927001953 0.0279445648193359
0.0323753356933594 0.00750541687011719 0.0466079711914063 0.00874710083007813
0.0289936065673828 -0.011444091796875 0.0436630249023438 -0.0214309692382813
0.0119285583496094 -0.0250282287597656 0.019439697265625 -0.0449600219726563
-0.00219917297363281 -0.0316638946533203 -0.00553512573242188 -0.0444679260253906
0.00154685974121094 -0.0334205627441406 -0.00870323181152344 -0.0298995971679688
-0.00254440307617187 -0.0357398986816406 -0.0113201141357422 -0.0246200561523438
0.0113487243652344 -0.0325603485107422 -0.0123786926269531 -0.0202960968017578
0.0315818786621094 -0.0240116119384766 -0.0134391784667969 -0.0194797515869141
0.0464859008789063 -0.00205612182617188 -0.00919532775878906 -0.0337848663330078
0.03802490234375 0.041748046875 0.0020599365234375 -0.0384979248046875
0.0180549621582031 0.0594406127929687 0.00910568237304688 -0.0469131469726562
-0.0121917724609375 0.0732421875 0.0150680541992188 -0.046051025390625
-0.02728271484375 0.077850341796875 0.0384750366210938 -0.0124053955078125
-0.00132369995117187 0.0647087097167969 0.00568485260009766 0.00943660736083985
0.0373344421386719 0.05670166015625 0.0204391479492188 0.0378036499023438
0.0509490966796875 0.01678466796875 0.0438385009765625 0.0178565979003906
0.0469398498535156 -0.0159263610839844 0.0421714782714844 -0.010772705078125
0.0192031860351563 -0.0378189086914063 0.0183601379394531 -0.0332050323486328
-0.00188446044921875 -0.0442314147949219 -0.00366401672363281 -0.0300731658935547
0.00230789184570312 -0.0459823608398438 -0.00629711151123047 -0.0143365859985352
-0.004241943359375 -0.0486526489257812 -0.010319709777832 -0.00841808319091797
0.0122451782226562 -0.0437469482421875 -0.0161256790161133 -0.00519275665283203
0.0380783081054688 -0.0336227416992188 -0.0189056396484375 -0.00796508789062501
0.0570945739746094 -0.00474929809570313 -0.0163669586181641 -0.026123046875
0.0467987060546875 0.0500831604003906 -0.00389480590820312 -0.0328712463378906
0.0184707641601563 0.0702896118164063 0.00780487060546875 -0.0331439971923828
-0.0219268798828125 0.083221435546875 0.00570487976074219 -0.0225696563720703
-0.0394058227539062 0.0774154663085938 0.0252017974853516 0.0154647827148438
-0.0121002197265625 0.0748367309570313 0.000892639160156252 0.0280513763427734
0.0367660522460938 0.0721206665039063 0.0150718688964844 0.0450668334960938
0.0597610473632813 0.0254440307617188 0.0355758666992188 0.0269546508789063
0.0566864013671875 -0.0148735046386719 0.0348701477050781 0.00204086303710937
0.0248069763183594 -0.0438652038574219 0.0142116546630859 -0.0177154541015625
-0.000865936279296875 -0.0503921508789063 -0.00155353546142578 -0.0123825073242188
0.00249862670898438 -0.0512428283691406 -0.00262069702148438 0.00303387641906738
-0.00592041015625 -0.0542030334472656 -0.007659912109375 0.00922393798828124
0.0108795166015625 -0.0485420227050781 -0.0178413391113281 0.0113563537597656
0.0393486022949219 -0.0384597778320313 -0.0223388671875 0.00458717346191406
0.0589218139648438 -0.006866455078125 -0.0208988189697266 -0.0169296264648438
0.0477638244628906 0.051727294921875 -0.00797653198242187 -0.0260334014892578
0.0157470703125 0.0718307495117188 0.00866127014160157 -0.0184841156005859
-0.0282821655273438 0.0811614990234375 -0.00471687316894531 0.00185394287109375
-0.0435523986816406 0.0636100769042969 0.0090789794921875 0.0405082702636719
-0.0213546752929688 0.0687599182128906 -0.00545883178710938 0.0451507568359375
0.0262451171875 0.0735015869140625 0.00721359252929687 0.0485038757324219
0.0554924011230469 0.0302009582519531 0.0235309600830078 0.0329761505126953
0.0560264587402344 -0.0105667114257813 0.0241260528564453 0.0135478973388672
0.0263023376464844 -0.0420303344726563 0.0088338851928711 -0.000203132629394534
-3.05175781250042E-05 -0.0477294921875 0.00101423263549805 0.00647211074829101
0.00177383422851563 -0.048431396484375 0.000516891479492188 0.0194549560546875
-0.00604248046874999 -0.0517349243164063 -0.00372123718261719 0.0254840850830078
0.00876235961914063 -0.0462570190429688 -0.0182361602783203 0.0267410278320312
0.0359573364257813 -0.0371971130371094 -0.0244789123535156 0.0156993865966797
0.0536880493164063 -0.00618743896484375 -0.0249500274658203 -0.00819778442382812
0.0410957336425781 0.0493850708007813 -0.0107078552246094 -0.0193843841552734
0.00821304321289062 0.0649566650390625 0.00898647308349609 -0.00416469573974609
-0.0326652526855469 0.0686798095703125 -0.0146694183349609 0.0245151519775391
-0.0391883850097656 0.0378379821777344 -0.00619125366210938 0.0610313415527344
-0.0249099731445312 0.0495109558105469 -0.0118370056152344 0.0578994750976563
0.0122795104980469 0.0587654113769531 -0.000583648681640621 0.0471267700195313
0.0401992797851563 0.0272979736328125 0.0111541748046875 0.0360260009765625
0.0438079833984375 -0.00566864013671875 0.0121097564697266 0.0220584869384766
0.0218238830566406 -0.03192138671875 0.00391387939453125 0.0152120590209961
0.000595092773437497 -0.03759765625 0.00398635864257813 0.0234031677246094
0.00104522705078125 -0.0383415222167969 0.00490951538085938 0.0331077575683594
-0.00499343872070313 -0.0417671203613281 -0.000434875488281247 0.0398445129394531
0.00687026977539063 -0.0377120971679688 -0.0176048278808594 0.0389328002929688
0.0299358367919922 -0.0308876037597656 -0.026397705078125 0.0242862701416016
0.0435409545898437 -0.00307846069335937 -0.0282649993896484 -0.000978469848632807
0.0295448303222656 0.0432014465332031 -0.0132265090942383 -0.0142288208007812
-0.00159072875976563 0.0519866943359375 0.00765037536621094 0.00682306289672852
-0.0343055725097656 0.0468482971191406 -0.0260658264160156 0.0420875549316406
-0.0279293060302734 0.00639915466308594 -0.0169486999511719 0.069488525390625
-0.0219764709472656 0.0214118957519531 -0.0164718627929687 0.0634193420410156
-0.000766754150390625 0.0323982238769531 -0.00561904907226563 0.0434341430664063
0.0185623168945313 0.0172023773193359 0.0028076171875 0.0360832214355469
0.0228557586669922 -0.00102806091308594 0.00414466857910156 0.0263652801513672
0.0125255584716797 -0.0176486968994141 0.00106048583984375 0.0254077911376953
0.000211715698242188 -0.0209007263183594 0.00598907470703125 0.0346393585205078
0.00022125244140625 -0.022918701171875 0.0078887939453125 0.0419197082519531
-0.00252342224121093 -0.0265865325927734 0.00283050537109375 0.0498542785644531
0.00436019897460938 -0.0248088836669922 -0.0181312561035156 0.0475883483886719
0.0205879211425781 -0.0207099914550781 -0.0293254852294922 0.0298175811767578
0.0292091369628906 -0.000699996948242188 -0.0321979522705078 0.00381851196289062
0.0162525177001953 0.0316791534423828 -0.0159635543823242 -0.0122652053833008
-0.010772705078125 0.0334053039550781 0.00472164154052734 0.014068603515625
-0.0307636260986328 0.0193099975585938 -0.0367088317871094 0.0526390075683594
0.0167551040649414 0.0100822448730469 0.0354270935058594 -0.0584449768066406
0.0104293823242187 -0.00977516174316406 -0.000720977783203126 -0.0194473266601563
-0.00459384918212891 -0.0102872848510742 0.0173149108886719 0.0140361785888672
-0.0107517242431641 -0.00023937225341797 0.0408859252929687 -0.00157928466796875
-0.00716590881347656 0.00714492797851563 0.0357131958007813 -0.0292015075683594
0.000499725341796875 0.00987911224365234 0.0168724060058594 -0.050628662109375
0.00118207931518555 0.00504159927368164 -0.0087890625 -0.053466796875
0.000114679336547852 0.00351071357727051 -0.0123023986816406 -0.0443077087402344
-0.00124335289001465 0.00313568115234375 -0.011199951171875 -0.03863525390625
-0.0016399621963501 0.000639438629150391 -0.0041046142578125 -0.0335407257080078
-0.000949621200561524 -0.00396871566772461 -0.00489616394042968 -0.0299415588378906
0.00512027740478516 -0.00885486602783203 -0.00108718872070312 -0.0372695922851563
0.0144357681274414 -0.00212287902832031 0.01068115234375 -0.0439643859863281
0.0204086303710938 0.0110683441162109 0.0117568969726563 -0.0615882873535156
0.0164089202880859 0.0222110748291016 0.021087646484375 -0.0727767944335938
0.00601577758789062 0.0395278930664063 0.0407676696777344 -0.0523872375488281
0.0114259719848633 0.0159339904785156 0.00285911560058594 -0.0165681838989258
0.01300048828125 0.00849056243896484 0.0208168029785156 0.0188961029052734
0.00989723205566406 0.00153446197509766 0.0440521240234375 0.000881195068359375
0.00934600830078125 -0.00342464447021484 0.0400161743164063 -0.0279083251953125
0.00482273101806641 -0.00782251358032227 0.0170326232910156 -0.0503120422363281
-0.00181865692138672 -0.0134382247924805 -0.00887680053710938 -0.051300048828125
0.00033855438232422 -0.0157108306884766 -0.0117416381835937 -0.0397987365722656
-0.00206661224365234 -0.0169477462768555 -0.0126914978027344 -0.0345592498779297
0.00609302520751953 -0.0167675018310547 -0.00847434997558594 -0.0292167663574219
0.0172204971313477 -0.013615608215332 -0.00841522216796875 -0.0266819000244141
0.02801513671875 -0.00358772277832031 -0.0042572021484375 -0.0367355346679688
0.0263633728027344 0.0228443145751953 0.0063323974609375 -0.0414237976074219
0.0185775756835937 0.0382194519042969 0.0092010498046875 -0.0562362670898438
0.0025482177734375 0.0508155822753906 0.0192031860351563 -0.063140869140625
-0.00872421264648437 0.0639877319335938 0.04132080078125 -0.036529541015625
0.00874710083007813 0.0428619384765625 0.00534391403198242 -0.00671529769897461
0.0294151306152344 0.0313529968261719 0.0231208801269531 0.0262603759765625
0.0323352813720703 0.0064849853515625 0.0460357666015625 0.007080078125
0.0280036926269531 -0.0127182006835937 0.0423164367675781 -0.02215576171875
0.0107517242431641 -0.0248394012451172 0.0173835754394531 -0.0442466735839844
-0.003387451171875 -0.0304737091064453 -0.00760269165039063 -0.0430183410644531
1.71661376953149E-05 -0.0331134796142578 -0.00977897644042969 -0.0290031433105469
-0.00426101684570312 -0.0351085662841797 -0.0125331878662109 -0.0234203338623047
0.00981330871582031 -0.0321464538574219 -0.0129508972167969 -0.0192222595214844
0.0301017761230469 -0.024871826171875 -0.0139694213867188 -0.0184764862060547
0.0456886291503906 -0.00388336181640625 -0.0106239318847656 -0.0328578948974609
0.0389404296875 0.0396194458007813 0.000934600830078129 -0.0377578735351563
0.0198440551757813 0.05792236328125 0.00676727294921875 -0.0462455749511719
-0.00920867919921876 0.0725326538085938 0.0127944946289062 -0.0450897216796875
-0.0236434936523437 0.0774307250976563 0.0361671447753906 -0.0131301879882812
0.000827789306640627 0.0642585754394531 0.00465774536132812 0.00911903381347657
0.0396919250488281 0.0538711547851563 0.021942138671875 0.0354957580566406
0.050506591796875 0.0137100219726562 0.0433273315429688 0.0159759521484375
0.0447845458984375 -0.0174827575683594 0.04083251953125 -0.0118827819824219
0.0175018310546875 -0.03759765625 0.0167140960693359 -0.0329837799072266
-0.00346755981445313 -0.0433769226074219 -0.00449562072753906 -0.029205322265625
0.000385284423828124 -0.0455207824707031 -0.006591796875 -0.0136995315551758
-0.00667190551757812 -0.0474853515625 -0.0104846954345703 -0.00781917572021485
0.0101470947265625 -0.0431060791015625 -0.0158348083496094 -0.00449085235595703
0.0359115600585938 -0.0345115661621094 -0.0189342498779297 -0.00718307495117187
0.0557899475097656 -0.00698471069335938 -0.0169467926025391 -0.0253772735595703
0.0484390258789062 0.0477790832519531 -0.00494956970214844 -0.0318870544433594
0.0203361511230469 0.068450927734375 0.00609397888183594 -0.0331096649169922
-0.0179672241210937 0.0826263427734375 0.00443458557128906 -0.0226879119873047
-0.0352859497070312 0.0777587890625 0.0247631072998047 0.0136203765869141
-0.00917053222656251 0.0741958618164063 0.00147438049316406 0.0273933410644531
0.0391960144042969 0.0692939758300781 0.0165863037109375 0.0431480407714844
0.059539794921875 0.022674560546875 0.0352935791015625 0.02508544921875
0.0547218322753906 -0.0176124572753906 0.0343589782714844 0.000614166259765624
0.0225334167480469 -0.0434074401855469 0.0135736465454102 -0.0171546936035156
-0.0033111572265625 -0.0487518310546875 -0.00150299072265625 -0.0118560791015625
0.000236511230468753 -0.0501785278320313 -0.00287628173828125 0.00302290916442871
-0.00840759277343751 -0.0522270202636719 -0.00670146942138672 0.00900077819824218
0.008575439453125 -0.0473594665527344 -0.0169858932495117 0.0117340087890625
0.0364799499511719 -0.0393180847167969 -0.0214557647705078 0.005218505859375
0.0578575134277344 -0.00945281982421875 -0.0219402313232422 -0.0160007476806641
0.0491828918457031 0.0489654541015625 -0.00869560241699218 -0.0251522064208984
0.0180206298828125 0.0700645446777344 0.00775337219238281 -0.0185680389404297
-0.024383544921875 0.081207275390625 -0.00421977043151856 0.00182890892028809
-0.0396575927734375 0.0637893676757813 0.009765625 0.0395545959472656
-0.0181884765625 0.0685577392578125 -0.00474166870117188 0.0441627502441406
0.0292434692382812 0.070709228515625 0.00867843627929688 0.0465316772460938
0.0555572509765625 0.0273284912109375 0.0238075256347656 0.0317440032958984
0.0541496276855469 -0.0131072998046875 0.0240478515625 0.0124530792236328
0.0236282348632813 -0.0420112609863281 0.00869369506835938 2.38418579101537E-05
-0.00185394287109375 -0.0463218688964844 0.00145721435546875 0.00699710845947265
-0.000289916992187499 -0.0474967956542969 0.00249099731445312 0.0189094543457031
-0.00829315185546875 -0.0500373840332031 -0.00237464904785156 0.0259666442871094
0.00684356689453125 -0.0452346801757813 -0.0162200927734375 0.0270557403564453
0.0333900451660156 -0.0377311706542969 -0.0235786437988281 0.0160350799560547
0.0526542663574219 -0.0080718994140625 -0.0248908996582031 -0.00723457336425781
0.042694091796875 0.0467529296875 -0.0110435485839844 -0.0184059143066406
0.0100860595703125 0.0637550354003906 0.00878810882568359 -0.00461101531982421
-0.0291366577148437 0.0691566467285156 -0.0135211944580078 0.0244770050048828
-0.0366020202636719 0.0382308959960938 -0.004180908203125 0.0598030090332031
-0.0224151611328125 0.0492095947265625 -0.0101242065429687 0.0570640563964844
0.0146408081054687 0.0570335388183594 0.000671386718750003 0.0453376770019531
0.0399513244628906 0.0248489379882813 0.0119094848632813 0.03448486328125
0.0419502258300781 -0.0072784423828125 0.0127124786376953 0.0213966369628906
0.0194625854492188 -0.0323829650878906 0.00411224365234375 0.0151557922363281
-0.000911712646484373 -0.0359764099121094 0.00493240356445312 0.0229778289794922
-0.000308990478515623 -0.03759765625 0.00661087036132813 0.0324344635009766
-0.00653839111328125 -0.0406417846679688 0.00192642211914062 0.0393447875976563
0.00497055053710937 -0.0370407104492188 -0.0156364440917969 0.0391998291015625
0.0273246765136719 -0.0312004089355469 -0.0250015258789063 0.0246715545654297
0.0426712036132812 -0.00522994995117187 -0.0276279449462891 -0.000242233276367189
0.0313301086425781 0.0409164428710938 -0.0133161544799805 -0.0133533477783203
0.000450134277343748 0.0510520935058594 0.0080099105834961 0.0059189796447754
-0.0317459106445312 0.0475692749023438 -0.0234565734863281 0.0412673950195313
-0.0270919799804687 0.00723838806152344 -0.0142974853515625 0.0688552856445313
-0.0203914642333984 0.0213623046875 -0.0140533447265625 0.0628089904785156
0.000659942626953129 0.0313720703125 -0.00410842895507813 0.04254150390625
0.0189380645751953 0.015899658203125 0.00392341613769532 0.0349559783935547
0.0224552154541016 -0.00246620178222656 0.00482940673828125 0.0258102416992188
0.0112228393554688 -0.0179653167724609 0.00167655944824219 0.0254669189453125
-0.000564575195312501 -0.0200119018554688 0.00801658630371094 0.033966064453125
-0.000867843627929687 -0.0221328735351562 0.0100135803222656 0.0406875610351563
-0.00404739379882812 -0.0259189605712891 0.00510787963867187 0.048919677734375
0.00291824340820313 -0.0243434906005859 -0.0151290893554688 0.0475807189941406
0.0187778472900391 -0.0209083557128906 -0.0273876190185547 0.0302715301513672
0.0287532806396484 -0.00229263305664062 -0.0310516357421875 0.0045623779296875
0.0173912048339844 0.0302486419677734 -0.0158987045288086 -0.0113897323608398
-0.00873947143554688 0.0329132080078125 0.00524616241455078 0.0130758285522461
-0.0292034149169922 0.0204544067382813 -0.0336227416992188 0.0525436401367187
0.0167112350463867 0.0101442337036133 0.0334625244140625 -0.0569686889648438
0.00993251800537109 -0.00956439971923828 -0.000719070434570314 -0.0185089111328125
-0.00436019897460937 -0.0101499557495117 0.0173826217651367 0.0138406753540039
-0.0105705261230469 0.000151634216308596 0.0398292541503906 -0.001922607421875
-0.00643157958984375 0.0071415901184082 0.0349445343017578 -0.0288734436035156
0.000717163085937501 0.00946044921875 0.0162467956542969 -0.0501937866210938
0.00173521041870117 0.00480985641479492 -0.00976181030273438 -0.0524177551269531
0.000554800033569336 0.00319170951843262 -0.0129356384277344 -0.0434722900390625
-0.000996828079223633 0.00256514549255371 -0.0119056701660156 -0.0375595092773438
-0.00121104717254639 0.000473499298095703 -0.00493431091308594 -0.0331172943115234
-0.000931024551391601 -0.00407934188842773 -0.00481796264648438 -0.0294246673583984
0.00491905212402344 -0.00860071182250977 -0.00173568725585937 -0.0364532470703125
0.0141639709472656 -0.00170516967773438 0.00993728637695312 -0.0425949096679688
0.0202808380126953 0.0112247467041016 0.0108489990234375 -0.0602684020996094
0.0166835784912109 0.0217075347900391 0.020111083984375 -0.0717697143554688
0.006317138671875 0.03875732421875 0.0385360717773438 -0.0509567260742187
0.0116586685180664 0.0160589218139648 0.0025930404663086 -0.0155925750732422
0.0132541656494141 0.00826263427734375 0.0207691192626953 0.0179214477539063
0.00959396362304688 0.00153732299804688 0.0434074401855469 0.00051116943359375
0.00912952423095703 -0.00369739532470703 0.0390739440917969 -0.0276145935058594
0.0048975944519043 -0.00724267959594727 0.0167884826660156 -0.0495414733886719
-0.00176620483398438 -0.0133609771728516 -0.00979995727539063 -0.05035400390625
3.14712524414071E-05 -0.0158548355102539 -0.0123481750488281 -0.0389404296875
-0.002410888671875 -0.0169000625610352 -0.0129737854003906 -0.0335960388183594
0.00562572479248047 -0.0163402557373047 -0.0086517333984375 -0.0290813446044922
0.0168466567993164 -0.0135641098022461 -0.00879287719726562 -0.0261116027832031
0.0269012451171875 -0.00402641296386719 -0.00513076782226563 -0.0361862182617188
0.0261173248291016 0.0224075317382813 0.00637817382812501 -0.0405387878417969
0.0185279846191406 0.0373077392578125 0.00823211669921875 -0.0552749633789063
0.00300979614257813 0.0506935119628906 0.0174751281738281 -0.0622329711914062
-0.0075531005859375 0.0630226135253906 0.0394134521484375 -0.0360183715820312
0.00915908813476562 0.0422744750976563 0.00490188598632813 -0.00608968734741211
0.0299167633056641 0.0301971435546875 0.0227680206298828 0.0252494812011719
0.0320644378662109 0.00579643249511719 0.0455131530761719 0.0065765380859375
0.0271434783935547 -0.0129127502441406 0.0412445068359375 -0.0216751098632813
0.0100555419921875 -0.0243816375732422 0.0169563293457031 -0.0437431335449219
-0.00407600402832031 -0.0297870635986328 -0.00800323486328125 -0.0423240661621094
-0.000415802001953123 -0.0328407287597656 -0.0100460052490234 -0.0283679962158203
-0.00468063354492188 -0.0341129302978516 -0.0128955841064453 -0.02288818359375
0.00918197631835937 -0.0318031311035156 -0.0132503509521484 -0.0186367034912109
0.0289421081542969 -0.0248184204101563 -0.0139083862304688 -0.0181617736816406
0.0450973510742188 -0.00445175170898438 -0.0110378265380859 -0.0321617126464844
0.0394744873046875 0.0389633178710938 0.000320434570312504 -0.03692626953125
0.0199699401855469 0.0569877624511719 0.00601577758789063 -0.0451202392578125
-0.0082855224609375 0.0719223022460938 0.0116767883300781 -0.0451011657714844
-0.022216796875 0.0770416259765625 0.0344028472900391 -0.0128517150878906
0.00188827514648438 0.0635337829589844 0.00408172607421875 0.00899410247802735
0.0401954650878906 0.0523681640625 0.0213356018066406 0.0340785980224609
0.0500526428222656 0.0130805969238281 0.0427055358886719 0.015289306640625
0.0437583923339844 -0.0180397033691406 0.0400848388671875 -0.0116844177246094
0.0162887573242187 -0.0372352600097656 0.0162258148193359 -0.0320148468017578
-0.00423049926757812 -0.0421524047851563 -0.00505256652832031 -0.0284461975097656
-0.000885009765624996 -0.0446586608886719 -0.00683498382568359 -0.0137767791748047
-0.00732803344726563 -0.0459709167480469 -0.0105142593383789 -0.0076284408569336
0.009307861328125 -0.042083740234375 -0.0157680511474609 -0.00428009033203125
0.0346298217773438 -0.0344867706298828 -0.0185585021972656 -0.00673294067382813
0.0546798706054687 -0.00804901123046875 -0.0178031921386719 -0.0252285003662109
0.0485649108886719 0.0464630126953125 -0.00541496276855468 -0.0312366485595703
0.0210037231445313 0.0669364929199219 0.00549507141113281 -0.032989501953125
-0.0163726806640625 0.081878662109375 0.00402450561523437 -0.0220623016357422
-0.0329360961914063 0.07647705078125 0.0231399536132812 0.0138130187988281
-0.00875854492187499 0.0734481811523438 0.000499725341796876 0.0276203155517578
0.0400962829589844 0.0672264099121094 0.0165443420410156 0.0415420532226563
0.0588912963867188 0.0210838317871094 0.0346908569335938 0.0245037078857422
0.0532798767089844 -0.0180931091308594 0.0335750579833984 0.000667572021484374
0.0213699340820313 -0.0429458618164063 0.0130977630615234 -0.0162878036499023
-0.003265380859375 -0.0473251342773438 -0.00187015533447266 -0.0112171173095703
-0.00118255615234375 -0.0497779846191406 -0.0024111270904541 0.00284600257873535
-0.00910186767578125 -0.051177978515625 -0.00644779205322266 0.00916576385498047
0.00751495361328125 -0.0465469360351562 -0.0160560607910156 0.0121736526489258
0.0350837707519531 -0.0388832092285156 -0.0209255218505859 0.00506782531738281
0.0562362670898438 -0.0100898742675781 -0.0222682952880859 -0.0158748626708984
0.0495567321777344 0.047393798828125 -0.00883674621582031 -0.0242862701416016
0.0182991027832031 0.0684242248535156 0.00699234008789063 -0.0187511444091797
-0.0225830078125 0.08038330078125 -0.00440025329589844 0.00188493728637696
-0.0382041931152344 0.0631942749023438 0.00883865356445312 0.0387649536132813
-0.0170135498046875 0.0679512023925781 -0.00473785400390625 0.0437774658203125
0.0305862426757812 0.0687446594238281 0.00868606567382813 0.0454139709472656
0.0546035766601563 0.0260238647460937 0.0232067108154297 0.0310497283935547
0.0529708862304688 -0.013946533203125 0.0235538482666016 0.0123004913330078
0.0226631164550781 -0.0410232543945313 0.00823545455932617 0.000182151794433591
-0.00264358520507813 -0.0448150634765625 0.00175952911376953 0.00711488723754883
-0.00120162963867187 -0.0468368530273438 0.00313186645507812 0.0186347961425781
-0.0094451904296875 -0.0486373901367187 -0.00144004821777344 0.0254936218261719
0.00572586059570312 -0.0437698364257813 -0.0155792236328125 0.0269947052001953
0.0317840576171875 -0.0372047424316406 -0.0226116180419922 0.0158863067626953
0.0514793395996094 -0.00904083251953125 -0.0250759124755859 -0.00699424743652344
0.0432319641113281 0.0454292297363281 -0.0105972290039062 -0.0183525085449219
0.0105171203613281 0.0620460510253906 0.00848531723022461 -0.00492620468139648
-0.0272064208984375 0.0684318542480469 -0.0131645202636719 0.0237579345703125
-0.0354995727539063 0.0383949279785156 -0.00423049926757812 0.0588836669921875
-0.0215873718261719 0.0486831665039063 -0.00999450683593751 0.0560722351074219
0.0155487060546875 0.0553359985351563 0.000709533691406249 0.0438575744628906
0.0392684936523438 0.0242729187011719 0.0115718841552734 0.034027099609375
0.0411872863769531 -0.00799179077148438 0.0126132965087891 0.0208492279052734
0.018768310546875 -0.0317649841308594 0.00421142578125 0.0157594680786133
-0.00185966491699219 -0.035125732421875 0.005401611328125 0.0236377716064453
-0.00138473510742188 -0.0371780395507813 0.00743293762207032 0.0315322875976563
-0.00744247436523437 -0.039764404296875 0.00284194946289062 0.03863525390625
0.00431442260742187 -0.0358772277832031 -0.0144729614257813 0.0387763977050781
0.0261669158935547 -0.0302467346191406 -0.0242729187011719 0.0240097045898437
0.0413703918457031 -0.0062103271484375 -0.0277824401855469 8.20159912109311E-05
0.0315093994140625 0.0396957397460938 -0.0134592056274414 -0.0128355026245117
0.000762939453125001 0.0498733520507813 0.00824546813964844 0.00507974624633789
-0.0302467346191406 0.0474853515625 -0.022186279296875 0.0407638549804688
-0.0261173248291016 0.00727653503417969 -0.0136451721191406 0.0679092407226563
-0.0196151733398438 0.0208721160888672 -0.0135498046875 0.0616455078125
0.00116348266601562 0.0307254791259766 -0.00465774536132812 0.0415153503417969
0.0185127258300781 0.0153064727783203 0.00368881225585938 0.0342330932617188
0.0218124389648438 -0.002471923828125 0.00496864318847657 0.0251331329345703
0.010986328125 -0.0177230834960938 0.00160980224609375 0.0255203247070313
-0.000930786132812502 -0.0197353363037109 0.00837516784667969 0.0340213775634766
-0.00162506103515625 -0.0217685699462891 0.0108146667480469 0.0401153564453125
-0.00469589233398438 -0.0248756408691406 0.00621414184570312 0.0480537414550781
0.00260543823242187 -0.0234909057617187 -0.0140571594238281 0.0472145080566406
0.0176734924316406 -0.02081298828125 -0.0269622802734375 0.0301170349121094
0.0278224945068359 -0.00266838073730469 -0.0309085845947266 0.00483322143554688
0.0174465179443359 0.0294685363769531 -0.0160360336303711 -0.0107755661010742
-0.00806045532226563 0.0325126647949219 0.00564956665039062 0.0120325088500977
-0.0283603668212891 0.0204277038574219 -0.0322723388671875 0.0512542724609375
0.0163192749023438 0.00991535186767578 0.0331535339355469 -0.0568122863769531
0.0100889205932617 -0.00903987884521484 -0.00130844116210937 -0.0185298919677734
-0.00402641296386719 -0.0100135803222656 0.0169744491577148 0.0139760971069336
-0.0101299285888672 0.000155448913574218 0.0397911071777344 -0.00178909301757812
-0.00648260116577148 0.00729227066040039 0.0350131988525391 -0.0283107757568359
0.00116348266601562 0.00953388214111328 0.0161399841308594 -0.050445556640625
0.00130939483642578 0.00481414794921875 -0.00979232788085938 -0.0526695251464844
0.000403881072998047 0.00301551818847656 -0.0134315490722656 -0.0437393188476562
-0.00129437446594238 0.00278067588806152 -0.0129165649414063 -0.0377388000488281
-0.00165915489196777 0.000468730926513672 -0.00471305847167969 -0.033233642578125
-0.000646352767944336 -0.00413680076599121 -0.00488662719726562 -0.0296955108642578
0.00477886199951172 -0.00887393951416016 -0.00179672241210937 -0.0366668701171875
0.0141925811767578 -0.00170040130615234 0.01019287109375 -0.0426788330078125
0.0200042724609375 0.0109825134277344 0.0106353759765625 -0.06005859375
0.0162601470947266 0.0220813751220703 0.0203857421875 -0.0720062255859375
0.00556564331054687 0.0388565063476562 0.0383529663085938 -0.0506324768066406
0.0118112564086914 0.0166397094726562 0.00189781188964844 -0.0156917572021484
0.0135679244995117 0.00807094573974609 0.0207004547119141 0.0179271697998047
0.010035514831543 0.00121402740478516 0.043365478515625 0.00095367431640625
0.00934600830078125 -0.00354862213134766 0.038848876953125 -0.0272026062011719
0.00455093383789063 -0.00751113891601562 0.0169944763183594 -0.0495071411132813
-0.00201225280761719 -0.0134429931640625 -0.00969696044921876 -0.0503692626953125
-0.000147819519042967 -0.0162553787231445 -0.0126075744628906 -0.0393218994140625
-0.00235176086425781 -0.0166778564453125 -0.0135269165039063 -0.0336093902587891
0.00603771209716797 -0.0165071487426758 -0.00887107849121094 -0.0293483734130859
0.0170373916625977 -0.0133066177368164 -0.00867080688476562 -0.0265216827392578
0.0269107818603516 -0.00391006469726563 -0.00542831420898438 -0.0363006591796875
0.0260581970214844 0.0227622985839844 0.0065155029296875 -0.0404396057128906
0.0181350708007813 0.0381889343261719 0.00816726684570313 -0.0553245544433594
0.00268936157226562 0.0507392883300781 0.0178146362304687 -0.0622062683105469
-0.00763320922851562 0.0632743835449219 0.038848876953125 -0.0354728698730469
0.00904083251953125 0.0427055358886719 0.00365734100341797 -0.00603199005126953
0.030487060546875 0.0301971435546875 0.0225944519042969 0.0253810882568359
0.0319614410400391 0.00572395324707031 0.04498291015625 0.00674819946289063
0.0270462036132813 -0.0130767822265625 0.0415611267089844 -0.0210990905761719
0.0103092193603516 -0.0243587493896484 0.0173454284667969 -0.04364013671875
-0.00439643859863281 -0.030029296875 -0.00815200805664063 -0.0424652099609375
-0.00069427490234375 -0.0335235595703125 -0.0106296539306641 -0.0286655426025391
-0.00484657287597657 -0.0340423583984375 -0.0130062103271484 -0.0232391357421875
0.00930404663085937 -0.0318622589111328 -0.0134048461914063 -0.0189857482910156
0.0290393829345703 -0.0244369506835938 -0.0143756866455078 -0.0183200836181641
0.0449295043945313 -0.00487518310546875 -0.0117950439453125 -0.0325489044189453
0.0395355224609375 0.0392265319824219 0.000316619873046878 -0.036956787109375
0.0195579528808594 0.0575065612792969 0.00564193725585937 -0.0453834533691406
-0.00832366943359374 0.0726852416992188 0.0117416381835937 -0.0451774597167969
-0.0224990844726563 0.0771026611328125 0.0335578918457031 -0.0129432678222656
0.00190353393554688 0.0638465881347656 0.00301837921142578 0.00912284851074219
0.0410270690917969 0.0523948669433594 0.0211200714111328 0.0334434509277344
0.0504493713378906 0.0130691528320313 0.0422935485839844 0.0158004760742188
0.0437049865722656 -0.0183944702148438 0.0403060913085938 -0.011077880859375
0.0166282653808594 -0.03692626953125 0.0163478851318359 -0.0316448211669922
-0.00448989868164062 -0.0420455932617188 -0.0052642822265625 -0.0282936096191406
-0.00119781494140625 -0.0449676513671875 -0.00674819946289063 -0.0139856338500977
-0.00769805908203125 -0.0460357666015625 -0.0104293823242188 -0.00774574279785156
0.00911712646484375 -0.0416793823242188 -0.0157232284545898 -0.00421905517578125
0.0345439910888672 -0.0344638824462891 -0.0189628601074219 -0.00716590881347656
0.0548629760742188 -0.0079803466796875 -0.0181369781494141 -0.0253562927246094
0.0489501953125 0.0465583801269531 -0.00503158569335937 -0.0311679840087891
0.0208206176757812 0.0677719116210937 0.00555419921875 -0.0331630706787109
-0.0166244506835937 0.0829696655273438 0.00401878356933594 -0.0226020812988281
-0.0335693359375 0.0761489868164063 0.0223236083984375 0.0143375396728516
-0.0083770751953125 0.0740585327148438 -0.000494003295898439 0.0272979736328125
0.0405502319335938 0.0673866271972656 0.0155906677246094 0.0408363342285156
0.0589828491210937 0.0212745666503906 0.0344047546386719 0.0250396728515625
0.0532302856445313 -0.0184173583984375 0.0340290069580078 0.00102806091308594
0.0213050842285156 -0.0428276062011719 0.0132532119750977 -0.0157499313354492
-0.00356674194335937 -0.0473098754882813 -0.00171756744384766 -0.0107297897338867
-0.00109481811523437 -0.0502967834472656 -0.00175809860229492 0.00290870666503906
-0.00950241088867187 -0.0510025024414063 -0.00571537017822265 0.00942611694335937
0.007843017578125 -0.0463981628417969 -0.0163202285766602 0.0119590759277344
0.0344810485839844 -0.0389175415039063 -0.0211715698242187 0.00493431091308593
0.056365966796875 -0.0105972290039062 -0.0223560333251953 -0.0163516998291016
0.0504837036132812 0.0481376647949219 -0.00845909118652343 -0.0247173309326172
0.018096923828125 0.0686721801757812 0.00727653503417969 -0.0192070007324219
-0.0229034423828125 0.08099365234375 -0.00422739982604981 0.00133657455444337
-0.0386810302734375 0.0627403259277344 0.00818252563476562 0.0391807556152344
-0.0177459716796875 0.0682296752929688 -0.00564956665039063 0.0438232421875
0.030792236328125 0.0688285827636719 0.00848770141601563 0.0445480346679688
0.0544776916503906 0.0258636474609375 0.0232734680175781 0.0316638946533203
0.05279541015625 -0.0141181945800781 0.0232696533203125 0.0129604339599609
0.0227432250976563 -0.0406112670898438 0.00829839706420899 0.00178813934326172
-0.00299453735351563 -0.0445365905761719 0.00179100036621094 0.00739049911499023
-0.00140380859375 -0.0473823547363281 0.00310134887695313 0.0187416076660156
-0.00948333740234374 -0.0482330322265625 -0.00115585327148437 0.0253696441650391
0.00592422485351562 -0.0437774658203125 -0.0152645111083984 0.0268173217773438
0.0313949584960938 -0.03717041015625 -0.0231037139892578 0.0156593322753906
0.0514335632324219 -0.0091094970703125 -0.0253009796142578 -0.00740432739257812
0.0437889099121094 0.0457305908203125 -0.0111484527587891 -0.0182342529296875
0.0104026794433594 0.0624771118164063 0.00841426849365234 -0.00553703308105468
-0.0274238586425781 0.0689353942871094 -0.0128765106201172 0.0235767364501953
-0.0354537963867188 0.0375251770019531 -0.00538253784179688 0.0592041015625
-0.0217704772949219 0.0485725402832031 -0.0110092163085938 0.0557632446289063
0.0155105590820312 0.055145263671875 0.000232696533203127 0.0438804626464844
0.0389556884765625 0.0241584777832031 0.0109615325927734 0.0345115661621094
0.0408706665039063 -0.00835418701171875 0.0126514434814453 0.0212860107421875
0.0187702178955078 -0.0316143035888672 0.004119873046875 0.0161571502685547
-0.00145339965820312 -0.0348625183105469 0.00548934936523438 0.0231418609619141
-0.00151824951171875 -0.0373725891113281 0.00774574279785156 0.0316181182861328
-0.00778961181640625 -0.0397109985351563 0.00363922119140625 0.0385818481445313
0.004180908203125 -0.0356216430664063 -0.0140876770019531 0.0390701293945312
0.0259265899658203 -0.0306854248046875 -0.0243015289306641 0.0238018035888672
0.0415000915527344 -0.00630950927734375 -0.0276470184326172 -0.000375747680664064
0.031890869140625 0.0399856567382812 -0.0129795074462891 -0.0132379531860352
0.000770568847656252 0.0504112243652344 0.00818872451782227 0.00446748733520508
-0.0297470092773438 0.0475234985351563 -0.0219917297363281 0.0400161743164063
-0.0263328552246094 0.006927490234375 -0.0142402648925781 0.067535400390625
-0.0198841094970703 0.0208702087402344 -0.01409912109375 0.0612602233886719
0.00130462646484375 0.0306301116943359 -0.00508880615234375 0.0412559509277344
0.0182209014892578 0.0153446197509766 0.00302886962890625 0.0345249176025391
0.0218238830566406 -0.00243186950683594 0.0047760009765625 0.0252361297607422
0.0105047225952148 -0.0173540115356445 0.00182151794433594 0.0259170532226563
-0.00078773498535156 -0.0196437835693359 0.00896453857421875 0.0340232849121094
-0.00147056579589844 -0.0220394134521484 0.0114936828613281 0.0395393371582031
-0.00497627258300781 -0.0249099731445313 0.00693130493164062 0.0478668212890625
0.00250053405761719 -0.0231723785400391 -0.0145912170410156 0.0474777221679688
0.0174617767333984 -0.0207939147949219 -0.0270881652832031 0.0293369293212891
0.0273914337158203 -0.00298881530761719 -0.0306453704833984 0.00463867187500001
0.0180130004882813 0.0296230316162109 -0.0156049728393555 -0.011073112487793
-0.00823974609375 0.0330848693847656 0.00553226470947266 0.0116081237792969
-0.0281410217285156 0.0199298858642578 -0.0320663452148437 0.0506439208984375
0.0162029266357422 0.0104055404663086 0.03326416015625 -0.0576858520507812
0.010706901550293 -0.00909900665283203 -0.00142288208007813 -0.0188102722167969
-0.00404453277587891 -0.0104589462280273 0.0175008773803711 0.0138015747070313
-0.0101499557495117 0.000353813171386719 0.0406913757324219 -0.0016937255859375
-0.00645065307617187 0.00732851028442383 0.0363006591796875 -0.0285911560058594
0.00126266479492188 0.0091705322265625 0.0164756774902344 -0.0519332885742188
0.00139880180358887 0.00419878959655762 -0.0108985900878906 -0.0540237426757813
-0.000243663787841797 0.00274467468261719 -0.0144691467285156 -0.0453758239746094
-0.000923871994018555 0.00283098220825195 -0.0137710571289062 -0.0388450622558594
-0.00129449367523193 -0.000120162963867187 -0.00526618957519532 -0.0347805023193359
-0.000301599502563477 -0.00409412384033203 -0.00524520874023438 -0.0304222106933594
0.00535297393798828 -0.00883293151855469 -0.00217056274414063 -0.0374336242675781
0.0147371292114258 -0.00171852111816406 0.0108451843261719 -0.0439262390136719
0.0205974578857422 0.0116634368896484 0.0107650756835937 -0.0614051818847656
0.0170001983642578 0.0222377777099609 0.020751953125 -0.073699951171875
0.00591278076171874 0.0407829284667969 0.038604736328125 -0.0516433715820312
0.0122089385986328 0.0174579620361328 0.0013427734375 -0.0154895782470703
0.0145950317382813 0.00831413269042969 0.0209827423095703 0.0179405212402344
0.0102605819702148 0.00165748596191406 0.0442695617675781 0.00077056884765625
0.00932979583740235 -0.00384616851806641 0.0404090881347656 -0.0273208618164063
0.00501632690429688 -0.00823593139648438 0.0173110961914062 -0.0509262084960937
-0.00204277038574219 -0.0139532089233398 -0.0107421875 -0.0519981384277344
-0.000143051147460937 -0.0167961120605469 -0.013641357421875 -0.0403709411621094
-0.00266456604003906 -0.0171384811401367 -0.0145454406738281 -0.0347805023193359
0.00602626800537109 -0.0167970657348633 -0.00944137573242187 -0.0303764343261719
0.0176029205322266 -0.0139484405517578 -0.00893020629882812 -0.0275974273681641
0.0279388427734375 -0.00385475158691406 -0.00563430786132812 -0.0374946594238281
0.0271720886230469 0.0236663818359375 0.00703048706054688 -0.04132080078125
0.0186653137207031 0.0390129089355469 0.00802993774414063 -0.0560455322265625
0.0029754638671875 0.0523796081542969 0.0182609558105469 -0.0641403198242188
-0.00841903686523438 0.0650177001953125 0.0388679504394531 -0.0361747741699219
0.009613037109375 0.0445976257324219 0.00314569473266602 -0.0057530403137207
0.0317821502685547 0.0304012298583984 0.0227470397949219 0.0254116058349609
0.0327949523925781 0.00557708740234375 0.0460739135742188 0.00718307495117188
0.0275344848632813 -0.0140342712402344 0.042999267578125 -0.0215988159179688
0.0104045867919922 -0.0248260498046875 0.0179023742675781 -0.044586181640625
-0.00458145141601562 -0.0306720733642578 -0.00876998901367188 -0.0431365966796875
-0.00148773193359375 -0.0344257354736328 -0.0109882354736328 -0.0294227600097656
-0.00584030151367188 -0.0352973937988281 -0.013671875 -0.0237903594970703
0.00915145874023437 -0.0323657989501953 -0.013397216796875 -0.0197105407714844
0.0300216674804688 -0.025390625 -0.0142745971679688 -0.0192470550537109
0.0463027954101563 -0.00520706176757813 -0.0129585266113281 -0.0339679718017578
0.0410346984863281 0.0403099060058594 0.000705718994140624 -0.0378227233886719
0.0200576782226563 0.0591964721679688 0.00571060180664062 -0.0468101501464844
-0.00822448730468749 0.0749130249023438 0.01153564453125 -0.0464668273925781
-0.0229110717773437 0.0792312622070313 0.0334434509277344 -0.0124721527099609
0.00183486938476562 0.066436767578125 0.00239467620849609 0.00965976715087891
0.0425910949707031 0.0531578063964844 0.0211429595947266 0.0338859558105469
0.051849365234375 0.0124893188476563 0.0432510375976563 0.0168342590332031
0.0446891784667969 -0.0190505981445313 0.04132080078125 -0.0110931396484375
0.0167045593261719 -0.0380325317382813 0.0170955657958984 -0.0325660705566406
-0.00507354736328125 -0.0429000854492188 -0.00534248352050781 -0.0291080474853516
-0.00181961059570313 -0.0470199584960937 -0.00679302215576172 -0.0147438049316406
-0.00833511352539062 -0.0470199584960938 -0.0107021331787109 -0.00801372528076172
0.00902557373046875 -0.0431594848632813 -0.0162620544433594 -0.00437450408935547
0.03533935546875 -0.0353050231933594 -0.0194091796875 -0.00774574279785156
0.0563278198242188 -0.0091552734375 -0.0190906524658203 -0.0262527465820312
0.0510444641113281 0.0479888916015625 -0.00492477416992187 -0.0321617126464844
0.0211906433105469 0.069488525390625 0.00560951232910157 -0.0339412689208984
-0.01654052734375 0.0856552124023438 0.00386428833007812 -0.0233669281005859
-0.0344009399414063 0.0790252685546875 0.02178955078125 0.0149307250976563
-0.00873565673828124 0.0765762329101563 -0.00121307373046875 0.0280399322509766
0.0422019958496094 0.0685882568359375 0.0157546997070313 0.0413131713867188
0.0606613159179688 0.0212631225585938 0.035186767578125 0.0261993408203125
0.0546455383300781 -0.019317626953125 0.0344581604003906 0.0019683837890625
0.0217819213867187 -0.0436363220214844 0.0138988494873047 -0.0154380798339844
-0.00407028198242187 -0.0483894348144531 -0.00167751312255859 -0.0109386444091797
-0.0020294189453125 -0.0518341064453125 -0.00219392776489258 0.00243926048278808
-0.0105972290039063 -0.0519752502441406 -0.00562763214111328 0.00911998748779297
0.00752639770507812 -0.0471839904785156 -0.0164613723754883 0.0125255584716797
0.0352630615234375 -0.0403060913085938 -0.0222339630126953 0.00489425659179687
0.0579032897949219 -0.0113296508789063 -0.0235176086425781 -0.0171985626220703
0.0522651672363281 0.0492362976074219 -0.00859069824218749 -0.0250301361083984
0.0188369750976563 0.0706558227539062 0.00695419311523438 -0.0198860168457031
-0.022705078125 0.0838394165039063 -0.00455236434936524 0.000934123992919927
-0.0392227172851563 0.0647201538085938 0.00728225708007812 0.04052734375
-0.0176544189453125 0.0700836181640625 -0.00687408447265625 0.0445022583007813
0.0322265625 0.0702972412109375 0.007843017578125 0.0448188781738281
0.0557060241699219 0.0262870788574219 0.0231266021728516 0.0322513580322266
0.054168701171875 -0.0147171020507812 0.0237998962402344 0.0136508941650391
0.0230216979980469 -0.041900634765625 0.00888538360595703 0.00224494934082031
-0.00321578979492188 -0.0455398559570313 0.00226688385009766 0.00772666931152344
-0.00238800048828125 -0.0492630004882812 0.00362586975097656 0.0185642242431641
-0.0104026794433594 -0.0492057800292969 -0.000486373901367187 0.0259132385253906
0.00548553466796875 -0.0447120666503906 -0.0154705047607422 0.0280075073242187
0.0314712524414063 -0.0380630493164063 -0.0239486694335937 0.0155220031738281
0.0518150329589844 -0.00948715209960937 -0.0261726379394531 -0.00778007507324219
0.0452423095703125 0.0465545654296875 -0.0109291076660156 -0.0186824798583984
0.0111503601074219 0.0639114379882813 0.00840473175048828 -0.0063028335571289
-0.0270767211914063 0.0709686279296875 -0.0131568908691406 0.023712158203125
-0.0363960266113281 0.0386466979980469 -0.00586318969726562 0.06085205078125
-0.0224037170410156 0.0497512817382813 -0.0118293762207031 0.0572624206542969
0.0162315368652344 0.0563812255859375 -0.000518798828124998 0.0447120666503906
0.0395736694335938 0.0245819091796875 0.011016845703125 0.0352249145507813
0.0419044494628906 -0.00825881958007813 0.0128345489501953 0.0220012664794922
0.0193042755126953 -0.0328598022460938 0.00498104095458984 0.0175352096557617
-0.00188064575195313 -0.0357398986816406 0.00634765625 0.0240917205810547
-0.0018157958984375 -0.0386466979980469 0.00890731811523438 0.0321979522705078
-0.00830841064453125 -0.0399093627929688 0.00418472290039062 0.0395088195800781
0.00431442260742188 -0.0363082885742188 -0.0145530700683594 0.0403213500976563
0.0259246826171875 -0.0310096740722656 -0.0247039794921875 0.024169921875
0.0422859191894531 -0.00647354125976563 -0.0286102294921875 -0.000698089599609377
0.0336227416992187 0.0404701232910156 -0.0133399963378906 -0.0136299133300781
0.00061416625976563 0.0518798828125 0.00821685791015625 0.004638671875
-0.0300407409667969 0.0490036010742188 -0.0225944519042969 0.0406951904296875
-0.0260219573974609 0.007049560546875 -0.0152778625488281 0.0697860717773437
-0.0204277038574219 0.0216560363769531 -0.0145759582519531 0.0630912780761719
0.00125885009765625 0.0310630798339844 -0.00592803955078125 0.0417633056640625
0.0183048248291016 0.0153751373291016 0.00297927856445312 0.0358352661132813
0.0222454071044922 -0.00306129455566406 0.00482749938964844 0.0260410308837891
0.0109500885009766 -0.0178184509277344 0.001739501953125 0.0273494720458984
-0.00147438049316406 -0.0198745727539063 0.0102386474609375 0.0354728698730469
-0.00211906433105469 -0.0231285095214844 0.01214599609375 0.0410842895507813
-0.00559806823730469 -0.02569580078125 0.00770950317382812 0.0492935180664063
0.0023956298828125 -0.0240249633789063 -0.0136756896972656 0.0490074157714844
0.0179882049560547 -0.0206680297851563 -0.0277156829833984 0.0298633575439453
0.0277805328369141 -0.0030059814453125 -0.0316734313964844 0.00407600402832032
0.0190410614013672 0.0299930572509766 -0.0163774490356445 -0.0115213394165039
-0.00833511352539062 0.0337505340576172 0.0061187744140625 0.0116453170776367
-0.0281105041503906 0.0209178924560547 -0.03289794921875 0.05145263671875
0.0166950225830078 0.0105791091918945 0.0326576232910156 -0.0598564147949219
0.0104312896728516 -0.00958728790283203 -0.00262451171875 -0.0192184448242188
-0.00424766540527344 -0.0109624862670898 0.0178375244140625 0.0142192840576172
-0.0104360580444336 0.00054168701171875 0.0415229797363281 -0.00268173217773438
-0.00671863555908203 0.00791788101196289 0.0372962951660156 -0.0305328369140625
0.00127696990966797 0.00935935974121094 0.0158538818359375 -0.0543670654296875
0.00162887573242188 0.00418591499328613 -0.0128517150878906 -0.0556221008300781
-0.000124216079711914 0.0028078556060791 -0.0171165466308594 -0.0460853576660156
-0.00120806694030762 0.00279998779296875 -0.0159759521484375 -0.0397109985351563
-0.000840902328491211 -1.71065330505371E-05 -0.00661468505859375 -0.0362625122070313
-0.00022125244140625 -0.00432729721069336 -0.00622367858886718 -0.0320930480957031
0.00474739074707031 -0.00938701629638672 -0.00316238403320313 -0.0381851196289063
0.0148992538452148 -0.00141811370849609 0.0103225708007813 -0.0449676513671875
0.0216217041015625 0.0117244720458984 0.00990295410156249 -0.0633659362792969
0.017730712890625 0.0227279663085938 0.0199661254882813 -0.076812744140625
0.00674819946289063 0.0416679382324219 0.03790283203125 -0.0536422729492188
0.0131826400756836 0.0175275802612305 0.000307083129882812 -0.0160989761352539
0.0157957077026367 0.00765609741210938 0.0215663909912109 0.0184459686279297
0.0106649398803711 0.001434326171875 0.0454635620117188 0.000194549560546875
0.00953388214111328 -0.00417327880859375 0.0416793823242188 -0.0293540954589844
0.00459909439086914 -0.00845241546630859 0.0169677734375 -0.0530967712402344
-0.00249481201171875 -0.0144071578979492 -0.0127105712890625 -0.0528907775878906
-0.00119209289550781 -0.0180225372314453 -0.0158538818359375 -0.0414924621582031
-0.00338935852050781 -0.0180244445800781 -0.0164108276367188 -0.0356407165527344
0.00609207153320313 -0.0178031921386719 -0.0104808807373047 -0.0314388275146484
0.0181102752685547 -0.0146980285644531 -0.00966835021972656 -0.0284347534179688
0.0288257598876953 -0.0049591064453125 -0.00730133056640625 -0.0384788513183594
0.0290794372558594 0.0243034362792969 0.00599288940429688 -0.0428848266601563
0.0200920104980469 0.0401115417480469 0.00728225708007813 -0.0576896667480469
0.00414276123046875 0.0539703369140625 0.0169715881347656 -0.0664901733398438
-0.00706100463867188 0.0676231384277344 0.0385246276855469 -0.0370979309082031
0.0111083984375 0.0461692810058594 0.0024862289428711 -0.00606393814086914
0.0339431762695313 0.0307388305664063 0.0236606597900391 0.0256175994873047
0.0338478088378906 0.00457382202148437 0.0475997924804688 0.00703048706054688
0.0284252166748047 -0.0150623321533203 0.0439796447753906 -0.0229530334472656
0.0099945068359375 -0.0259380340576172 0.017364501953125 -0.0463600158691406
-0.00573921203613281 -0.0314960479736328 -0.0101737976074219 -0.0441513061523438
-0.00263595581054687 -0.0360565185546875 -0.0129070281982422 -0.0304775238037109
-0.00724029541015625 -0.0360183715820313 -0.015350341796875 -0.0244293212890625
0.00869369506835937 -0.0336761474609375 -0.0146884918212891 -0.0199718475341797
0.0300350189208984 -0.0271530151367188 -0.0153522491455078 -0.0195331573486328
0.0476341247558594 -0.0065155029296875 -0.0146350860595703 -0.0343952178955078
0.04412841796875 0.0409317016601563 -0.000495910644531252 -0.0390357971191406
0.0222816467285156 0.06072998046875 0.00444412231445313 -0.0481681823730469
-0.006591796875 0.0776748657226563 0.0109329223632812 -0.0481185913085937
-0.0217437744140625 0.0825576782226563 0.0330314636230469 -0.012847900390625
0.00405502319335937 0.0689353942871094 0.00205135345458984 0.00987339019775391
0.0457000732421875 0.0538177490234375 0.0220088958740234 0.0343818664550781
0.0535163879394531 0.0115470886230469 0.044921875 0.0162620544433594
0.0455284118652344 -0.0214614868164063 0.0429153442382813 -0.0121803283691406
0.015960693359375 -0.0397682189941406 0.0168628692626953 -0.0335922241210938
-0.00639724731445313 -0.0443611145019531 -0.00683784484863281 -0.0297183990478516
-0.00388717651367188 -0.0488395690917969 -0.00787353515625 -0.0152292251586914
-0.0100593566894531 -0.0487289428710938 -0.0113792419433594 -0.00828838348388672
0.00842666625976562 -0.0446319580078125 -0.0170392990112305 -0.00419139862060547
0.0353240966796875 -0.0375137329101562 -0.0199642181396484 -0.00807762145996094
0.0578575134277344 -0.0108413696289063 -0.0211429595947266 -0.0269298553466797
0.0543708801269531 0.0480422973632813 -0.00576972961425781 -0.0329971313476563
0.0238800048828125 0.071563720703125 0.00435256958007813 -0.0352859497070312
-0.0144119262695313 0.0892562866210937 0.00338363647460937 -0.0241985321044922
-0.0341033935546875 0.0823287963867188 0.0218524932861328 0.0156955718994141
-0.00717926025390625 0.0791854858398438 -0.00130271911621094 0.0292434692382813
0.0454216003417969 0.0696144104003906 0.0166893005371094 0.0416107177734375
0.0628776550292969 0.0206146240234375 0.0367240905761719 0.0260581970214844
0.0561103820800781 -0.0213851928710937 0.0361671447753906 0.00121688842773437
0.02130126953125 -0.04571533203125 0.0143442153930664 -0.0161237716674805
-0.00537872314453125 -0.049591064453125 -0.00223159790039063 -0.0106945037841797
-0.00417709350585937 -0.0540046691894531 -0.00199079513549805 0.00256228446960449
-0.0123443603515625 -0.0532989501953125 -0.00605010986328125 0.00962734222412109
0.00632858276367187 -0.049224853515625 -0.016845703125 0.013031005859375
0.03509521484375 -0.0423507690429688 -0.0227336883544922 0.00502967834472656
0.0592193603515625 -0.0131034851074219 -0.0256538391113281 -0.0169639587402344
0.0559768676757813 0.0487480163574219 -0.00950622558593749 -0.0260486602783203
0.0208663940429688 0.0726089477539063 0.00654411315917969 -0.0210132598876953
-0.0211868286132812 0.0879135131835937 -0.00446367263793945 0.00106811523437501
-0.0390281677246094 0.0674362182617188 0.007598876953125 0.0422859191894531
-0.0165939331054688 0.0729293823242188 -0.00596237182617187 0.0471839904785156
0.03509521484375 0.071563720703125 0.00828933715820312 0.04583740234375
0.0580215454101563 0.0258064270019531 0.0240840911865234 0.0326633453369141
0.0550498962402344 -0.0166244506835938 0.0249748229980469 0.0137920379638672
0.0229415893554688 -0.0439262390136719 0.00952911376953125 0.00245952606201172
-0.00426483154296875 -0.0468368530273438 0.0028390884399414 0.00862646102905273
-0.00434112548828125 -0.0508308410644531 0.00472259521484375 0.0192680358886719
-0.0122604370117188 -0.0509262084960938 0.00060272216796875 0.0265865325927734
0.00460052490234375 -0.0463829040527344 -0.0148353576660156 0.0291404724121094
0.0313339233398438 -0.0396194458007813 -0.0241317749023437 0.0166187286376953
0.0535125732421875 -0.0117874145507812 -0.0277729034423828 -0.00790596008300782
0.0484275817871094 0.0464897155761719 -0.0116901397705078 -0.0193901062011719
0.0129623413085938 0.0662384033203125 0.00886344909667969 -0.00707244873046875
-0.0263290405273438 0.07440185546875 -0.0126399993896484 0.0242328643798828
-0.0365409851074219 0.0403213500976563 -0.00555038452148437 0.063323974609375
-0.0214462280273438 0.0517082214355469 -0.0109825134277344 0.05914306640625
0.0183334350585937 0.0577659606933594 -2.67028808593751E-05 0.0456085205078125
0.0415496826171875 0.0245704650878906 0.0116195678710938 0.0367393493652344
0.0433502197265625 -0.0101089477539063 0.0134258270263672 0.0229015350341797
0.0189533233642578 -0.0341892242431641 0.00536918640136719 0.0188999176025391
-0.00307464599609375 -0.0370368957519531 0.00780296325683593 0.0252132415771484
-0.00355148315429687 -0.0403060913085938 0.0102863311767578 0.0326633453369141
-0.0100059509277344 -0.0415229797363281 0.00577163696289063 0.0397262573242187
0.00333786010742187 -0.0374946594238281 -0.0134239196777344 0.0422859191894531
0.0261249542236328 -0.0327930450439453 -0.0254039764404297 0.0254173278808594
0.0430870056152344 -0.00820159912109375 -0.0298976898193359 -0.000293731689453123
0.0359230041503906 0.0408439636230469 -0.0140933990478516 -0.0144338607788086
0.00256729125976562 0.053131103515625 0.00889492034912109 0.00370597839355469
-0.02947998046875 0.0508193969726563 -0.0223045349121094 0.0419998168945312
-0.027191162109375 0.00740623474121094 -0.0147552490234375 0.072357177734375
-0.020599365234375 0.0223064422607422 -0.013916015625 0.0652046203613281
0.00217819213867188 0.0317478179931641 -0.00565719604492188 0.0434646606445313
0.0189361572265625 0.0160732269287109 0.00370407104492188 0.0369606018066406
0.0228729248046875 -0.00366973876953125 0.00547027587890625 0.0274124145507813
0.0105800628662109 -0.0194244384765625 0.00310516357421875 0.0292625427246094
-0.00178337097167969 -0.0200843811035156 0.011688232421875 0.0362548828125
-0.00263404846191406 -0.0233936309814453 0.014617919921875 0.0415115356445313
-0.006683349609375 -0.0262699127197266 0.00943756103515625 0.0500259399414063
0.00175285339355469 -0.0249900817871094 -0.0130348205566406 0.0510711669921875
0.0177059173583984 -0.0218353271484375 -0.0284004211425781 0.0312595367431641
0.0284671783447266 -0.00384902954101562 -0.0327892303466797 0.00512123107910156
0.0202960968017578 0.0303001403808594 -0.0165557861328125 -0.0117626190185547
-0.00772285461425781 0.0346813201904297 0.00651454925537109 0.0110816955566406
-0.0286178588867188 0.0217494964599609 -0.032623291015625 0.0526351928710938
0.0171718597412109 0.0107402801513672 0.0312614440917969 -0.0615081787109375
0.0104713439941406 -0.0103626251220703 -0.00374984741210937 -0.0191936492919922
-0.00457954406738281 -0.0112810134887695 0.0187911987304688 0.0137538909912109
-0.0107517242431641 0.00102901458740235 0.0424423217773438 -0.0041046142578125
-0.00636434555053711 0.00816965103149414 0.0372505187988281 -0.03271484375
0.00172710418701172 0.00896549224853516 0.0139961242675781 -0.05615234375
0.00171160697937012 0.00376081466674805 -0.0158233642578125 -0.0557937622070313
-8.13007354736329E-05 0.00274944305419922 -0.0198097229003906 -0.046112060546875
-0.00124907493591309 0.00290560722351074 -0.0182914733886719 -0.0399932861328125
-0.00110352039337158 -0.000229835510253906 -0.0082550048828125 -0.0371475219726563
-0.000526905059814453 -0.00460338592529297 -0.0076141357421875 -0.0329799652099609
0.00479412078857422 -0.00956535339355469 -0.00505828857421875 -0.0389480590820313
0.0156421661376953 -0.00176906585693359 0.0089569091796875 -0.0459785461425781
0.0224647521972656 0.0110626220703125 0.00788497924804687 -0.064422607421875
0.0187644958496094 0.0225830078125 0.01739501953125 -0.0789718627929688
0.00841522216796876 0.0426063537597656 0.0362968444824219 -0.0553245544433594
0.0142993927001953 0.0176029205322266 -0.000928878784179685 -0.0158576965332031
0.0164003372192383 0.00727653503417969 0.0225315093994141 0.0176448822021484
0.0108480453491211 0.000873565673828125 0.0462570190429688 -0.00127029418945313
0.00983428955078125 -0.00484085083007813 0.0412559509277344 -0.0309295654296875
0.00443649291992188 -0.00915908813476563 0.0151405334472656 -0.0552253723144531
-0.00329494476318359 -0.0145540237426758 -0.0155677795410156 -0.0536155700683594
-0.00257682800292969 -0.0182285308837891 -0.01873779296875 -0.0417747497558594
-0.0044708251953125 -0.0183639526367187 -0.0188865661621094 -0.0355606079101563
0.00511741638183594 -0.0187149047851563 -0.0125198364257813 -0.0319805145263672
0.0180110931396484 -0.0159549713134766 -0.0111255645751953 -0.0288238525390625
0.0295562744140625 -0.00609779357910156 -0.00922393798828125 -0.0386314392089844
0.0306873321533203 0.023529052734375 0.00462722778320313 -0.0435676574707031
0.0220909118652344 0.0402565002441406 0.00467300415039063 -0.0588264465332031
0.00651168823242187 0.0551414489746094 0.0148658752441406 -0.0685043334960938
-0.00461959838867188 0.0696029663085937 0.0370216369628906 -0.0386161804199219
0.013671875 0.0468864440917969 0.00126361846923828 -0.00545787811279297
0.0365028381347656 0.0294647216796875 0.0245800018310547 0.0247974395751953
0.0350017547607422 0.00361442565917969 0.0485496520996094 0.00543212890625
0.0281620025634766 -0.0168342590332031 0.0446128845214844 -0.0247535705566406
0.00897407531738281 -0.0270748138427734 0.0162582397460938 -0.0485305786132813
-0.007354736328125 -0.0319900512695313 -0.0125198364257812 -0.0445022583007813
-0.00500106811523438 -0.0369682312011719 -0.0149784088134766 -0.0310592651367188
-0.00884246826171875 -0.0362434387207031 -0.0170917510986328 -0.0244407653808594
0.00745391845703125 -0.0344600677490234 -0.0162563323974609 -0.0198345184326172
0.0296306610107422 -0.0292129516601562 -0.0168437957763672 -0.0201435089111328
0.0484352111816406 -0.00896835327148438 -0.016845703125 -0.0346660614013672
0.0473365783691406 0.0396575927734375 -0.00159835815429687 -0.0397796630859375
0.0250129699707031 0.0611419677734375 0.00226593017578125 -0.0492782592773437
-0.00325012207031249 0.07958984375 0.00930404663085938 -0.0497627258300781
-0.0189056396484375 0.0850982666015625 0.0323505401611328 -0.0137615203857422
0.00703430175781251 0.070404052734375 0.00135326385498047 0.0107955932617188
0.0495834350585938 0.05230712890625 0.0226936340332031 0.0339622497558594
0.0553054809570313 0.00946044921875 0.0462532043457031 0.0150222778320312
0.0454902648925781 -0.0244979858398438 0.0434799194335937 -0.0142135620117188
0.014862060546875 -0.0409469604492188 0.0166435241699219 -0.0348148345947266
-0.0088043212890625 -0.0449714660644531 -0.00838088989257813 -0.0295791625976563
-0.00702285766601562 -0.04974365234375 -0.00874519348144532 -0.0149497985839844
-0.0129814147949219 -0.0488357543945313 -0.0122718811035156 -0.00849056243896485
0.00670242309570313 -0.0459518432617188 -0.017481803894043 -0.00353145599365235
0.0344734191894531 -0.0396919250488281 -0.0210781097412109 -0.007415771484375
0.0584945678710937 -0.0136871337890625 -0.0233325958251953 -0.0266475677490234
0.0584716796875 0.0465774536132813 -0.00708961486816406 -0.0336799621582031
0.02728271484375 0.0724411010742188 0.00304031372070313 -0.0363235473632812
-0.0107803344726563 0.0921783447265625 0.00215339660644531 -0.0252952575683594
-0.0312423706054688 0.0854949951171875 0.0219860076904297 0.0156593322753906
-0.00359344482421874 0.0815582275390625 -0.000587463378906252 0.0301055908203125
0.0502738952636719 0.0687980651855469 0.0173492431640625 0.0416526794433594
0.0647010803222656 0.0180244445800781 0.0379447937011719 0.0248222351074219
0.0562019348144531 -0.0246353149414062 0.037109375 5.72204589843735E-05
0.0197601318359375 -0.0475120544433594 0.0145063400268555 -0.0162620544433594
-0.00777435302734375 -0.0499343872070313 -0.00251197814941406 -0.0108766555786133
-0.00737762451171875 -0.0554656982421875 -0.00140118598937988 0.00227093696594238
-0.0151290893554687 -0.0535049438476563 -0.00562572479248047 0.00930023193359374
0.00400543212890626 -0.0498390197753906 -0.0161981582641602 0.0143213272094727
0.0338058471679688 -0.0444488525390625 -0.02301025390625 0.0059967041015625
0.0597419738769531 -0.0160446166992187 -0.0270614624023438 -0.0165786743164063
0.0598716735839844 0.0470123291015625 -0.0103969573974609 -0.0262622833251953
0.0246429443359375 0.07305908203125 0.00594520568847656 -0.0217857360839844
-0.01727294921875 0.0906600952148438 -0.00475025177001953 0.000812053680419927
-0.0373611450195313 0.0706405639648438 0.00875091552734374 0.0435104370117188
-0.013916015625 0.0751266479492187 -0.00551605224609375 0.0480766296386719
0.039215087890625 0.071380615234375 0.00945663452148438 0.0460929870605469
0.0602645874023438 0.02398681640625 0.0259342193603516 0.0327835083007813
0.0557899475097656 -0.0201263427734375 0.0265026092529297 0.0132560729980469
0.0211105346679687 -0.0458030700683594 0.0102291107177734 0.00293636322021484
-0.00669479370117187 -0.0474815368652344 0.00337600708007812 0.00906276702880859
-0.00684738159179687 -0.0518379211425781 0.00608253479003907 0.0192012786865234
-0.0151634216308594 -0.0513114929199219 0.00188827514648437 0.0266513824462891
0.0026397705078125 -0.0469627380371094 -0.0137596130371094 0.0303821563720703
0.0301322937011719 -0.0417518615722656 -0.0239791870117187 0.0173358917236328
0.0538787841796875 -0.0145149230957031 -0.0292491912841797 -0.00698661804199219
0.0521774291992188 0.0451469421386719 -0.0123214721679688 -0.0189323425292969
0.01605224609375 0.0670356750488281 0.00882339477539063 -0.00809669494628906
-0.0230560302734375 0.0767593383789063 -0.0122623443603516 0.02496337890625
-0.0357398986816406 0.0428924560546875 -0.00356292724609376 0.0649452209472656
-0.0196189880371094 0.0534439086914063 -0.00921249389648437 0.0610542297363281
0.0216445922851563 0.057830810546875 0.000850677490234377 0.0465316772460938
0.0431861877441406 0.0231895446777344 0.0132408142089844 0.0368728637695313
0.0437965393066406 -0.0124435424804688 0.0147342681884766 0.0232086181640625
0.0177459716796875 -0.0357818603515625 0.00654220581054688 0.0193996429443359
-0.00481033325195313 -0.0370407104492188 0.00900459289550781 0.0253772735595703
-0.00552749633789062 -0.0413131713867188 0.01239013671875 0.0325279235839844
-0.0125465393066406 -0.0416488647460938 0.00815582275390625 0.0404739379882813
0.00181198120117187 -0.0384254455566406 -0.0114288330078125 0.04351806640625
0.0245838165283203 -0.0345211029052734 -0.0250587463378906 0.0264835357666016
0.0437126159667969 -0.00992965698242188 -0.0306777954101562 0.000633239746093744
0.0387191772460938 0.0398292541503906 -0.0143985748291016 -0.0140762329101562
0.00485610961914062 0.054168701171875 0.00916099548339844 0.00299263000488282
-0.0276603698730469 0.0533332824707031 -0.021240234375 0.0428123474121094
-0.0275039672851563 0.00872611999511718 -0.0124893188476562 0.0747146606445313
-0.0202178955078125 0.0232448577880859 -0.0115127563476563 0.0668830871582031
0.0039215087890625 0.0319652557373047 -0.00482559204101563 0.044586181640625
0.0198936462402344 0.0157661437988281 0.00538253784179687 0.0374488830566406
0.0230064392089844 -0.00499153137207031 0.00646018981933594 0.0280075073242187
0.0101337432861328 -0.0200386047363281 0.00404739379882812 0.02978515625
-0.00253868103027344 -0.0203990936279297 0.013763427734375 0.0365333557128906
-0.0040740966796875 -0.0237674713134766 0.0171279907226563 0.0414085388183594
-0.00781440734863281 -0.0260887145996094 0.0127639770507812 0.0505752563476562
0.00107574462890625 -0.0251922607421875 -0.0105705261230469 0.0523757934570313
0.0168933868408203 -0.0230922698974609 -0.0275955200195313 0.0330467224121094
0.0289096832275391 -0.00483322143554688 -0.0332374572753906 0.00591468811035156
0.0221538543701172 0.0298404693603516 -0.0173683166503906 -0.0115032196044922
-0.00563430786132813 0.0361480712890625 0.00683403015136719 0.0100383758544922
-0.0278148651123047 0.0230369567871094 -0.0313835144042969 0.0544166564941406
0.0176620483398438 0.0105609893798828 0.0286979675292969 -0.0623550415039063
0.00990676879882813 -0.0105791091918945 -0.00466346740722656 -0.0178928375244141
-0.00503349304199219 -0.0110149383544922 0.0189571380615234 0.0131130218505859
-0.0102682113647461 0.00149345397949219 0.0420150756835937 -0.005523681640625
-0.00585699081420898 0.00861787796020508 0.03594970703125 -0.0338897705078125
0.00222253799438477 0.00860881805419922 0.0115776062011719 -0.0570068359375
0.00155067443847656 0.0034945011138916 -0.0189208984375 -0.0554008483886719
-0.000256776809692383 0.00261449813842773 -0.0224876403808594 -0.0452690124511719
-0.000922918319702149 0.00285220146179199 -0.0204429626464844 -0.0392799377441406
-0.00068289041519165 -0.000547289848327637 -0.00987243652343751 -0.0370712280273438
-0.000523090362548828 -0.00475454330444336 -0.00854110717773438 -0.0328254699707031
0.00461292266845703 -0.00976371765136719 -0.00582122802734375 -0.0385971069335938
0.0153684616088867 -0.00239181518554688 0.00753021240234375 -0.0461387634277344
0.0229167938232422 0.0101089477539063 0.00510406494140625 -0.0640830993652344
0.0194377899169922 0.0220508575439453 0.0145721435546875 -0.0795059204101563
0.0102882385253906 0.0429916381835938 0.0332450866699219 -0.0557212829589844
0.015141487121582 0.0173988342285156 -0.00199317932128906 -0.0151557922363281
0.0170783996582031 0.00647640228271484 0.0225753784179688 0.0171222686767578
0.0112495422363281 0.00054168701171875 0.0460243225097656 -0.00259780883789062
0.00933265686035156 -0.00542831420898438 0.040802001953125 -0.0327491760253906
0.00411224365234375 -0.00949287414550781 0.01300048828125 -0.0560379028320313
-0.00415134429931641 -0.0144329071044922 -0.0180320739746094 -0.0526084899902344
-0.00365638732910156 -0.0183753967285156 -0.0211181640625 -0.0405654907226563
-0.005279541015625 -0.0181884765625 -0.0210514068603516 -0.0350742340087891
0.00483322143554688 -0.0188159942626953 -0.0136661529541016 -0.031829833984375
0.0173854827880859 -0.0171089172363281 -0.0122089385986328 -0.0290660858154297
0.0291481018066406 -0.00741195678710938 -0.010955810546875 -0.0384025573730469
0.0322952270507813 0.022552490234375 0.003173828125 -0.0435104370117188
0.0235519409179688 0.0394744873046875 0.00249862670898437 -0.0590476989746094
0.00877761840820313 0.0552177429199219 0.0122489929199219 -0.0684738159179688
-0.00168991088867188 0.0702590942382813 0.0354576110839844 -0.039520263671875
0.0156822204589844 0.046661376953125 0.000629425048828126 -0.00504350662231445
0.0380287170410156 0.02783203125 0.0244235992431641 0.0239219665527344
0.0352439880371094 0.00208282470703125 0.048248291015625 0.0035552978515625
0.0269584655761719 -0.0181026458740234 0.0437698364257813 -0.02642822265625
0.00775337219238281 -0.0273971557617188 0.0145339965820312 -0.0489540100097656
-0.00864410400390625 -0.0314826965332031 -0.014556884765625 -0.0438041687011719
-0.00697708129882813 -0.0373115539550781 -0.0163955688476562 -0.0303974151611328
-0.0107192993164062 -0.0358657836914063 -0.0186119079589844 -0.0238227844238281
0.00616836547851563 -0.035247802734375 -0.0169353485107422 -0.0196266174316406
0.028717041015625 -0.03070068359375 -0.0175228118896484 -0.0201148986816406
0.0480232238769531 -0.0112495422363281 -0.0184993743896484 -0.03387451171875
0.0495185852050781 0.0377616882324219 -0.00268936157226562 -0.0397453308105469
0.0278205871582031 0.0603294372558594 0.000869750976562498 -0.0494117736816406
0.000160217285156257 0.080047607421875 0.00708770751953125 -0.0498275756835938
-0.0160446166992188 0.0859375 0.0311717987060547 -0.014068603515625
0.01031494140625 0.0705490112304688 0.00140476226806641 0.0106897354125977
0.0521278381347656 0.0502433776855469 0.0235633850097656 0.032684326171875
0.0554962158203125 0.00732421875 0.0463638305664063 0.0132408142089844
0.0440025329589844 -0.0265846252441406 0.0434150695800781 -0.0156021118164063
0.0133438110351563 -0.0412254333496094 0.0154342651367187 -0.0349273681640625
-0.0104293823242188 -0.04412841796875 -0.00902938842773437 -0.0290050506591797
-0.00905990600585937 -0.0501670837402344 -0.0096902847290039 -0.0148601531982422
-0.0153312683105469 -0.0480880737304688 -0.0130090713500977 -0.00817012786865235
0.004547119140625 -0.0459747314453125 -0.0177021026611328 -0.00334739685058594
0.0327720642089844 -0.0413246154785156 -0.0212688446044922 -0.00733566284179688
0.0582466125488281 -0.0166358947753906 -0.0249252319335937 -0.0253162384033203
0.0609169006347656 0.0438156127929688 -0.00795364379882812 -0.0335025787353516
0.0303115844726563 0.071136474609375 0.0015869140625 -0.0365066528320312
-0.00665283203125001 0.0928955078125 0.00132560729980469 -0.0255184173583984
-0.0278778076171875 0.0872650146484375 0.0215969085693359 0.0151920318603516
9.15527343749999E-05 0.0813446044921875 -0.000766754150390628 0.0303859710693359
0.053497314453125 0.066009521484375 0.0181808471679688 0.0407295227050781
0.0655593872070313 0.01556396484375 0.0387115478515625 0.0238990783691406
0.0546875 -0.0277252197265625 0.0372467041015625 -0.00111770629882813
0.0177650451660156 -0.0482940673828125 0.0140666961669922 -0.0167264938354492
-0.00997543334960938 -0.0496711730957031 -0.00261116027832031 -0.0103244781494141
-0.01031494140625 -0.0549354553222656 -0.00158381462097168 0.00198304653167724
-0.0179977416992187 -0.0532341003417969 -0.00519466400146485 0.00921440124511718
0.0019683837890625 -0.0498237609863281 -0.0153884887695313 0.0148305892944336
0.0315933227539063 -0.0456695556640625 -0.0230503082275391 0.00632476806640625
0.0591583251953125 -0.01904296875 -0.0284156799316406 -0.0152797698974609
0.0625686645507813 0.0443572998046875 -0.0110950469970703 -0.0261688232421875
0.0274124145507812 0.0722427368164062 0.00519180297851563 -0.0223121643066406
-0.013336181640625 0.091064453125 -0.00477886199951172 0.000856399536132818
-0.0346527099609375 0.0718917846679687 0.00994873046875 0.0430793762207031
-0.0110321044921875 0.0756683349609375 -0.00423812866210938 0.0483665466308594
0.0426864624023438 0.068939208984375 0.0104026794433594 0.0453453063964844
0.060760498046875 0.0214385986328125 0.0265979766845703 0.0319004058837891
0.0546455383300781 -0.022613525390625 0.0270862579345703 0.013092041015625
0.0191535949707031 -0.0465850830078125 0.0110864639282227 0.0030517578125
-0.0084075927734375 -0.0470390319824219 0.00410556793212891 0.0088958740234375
-0.0097198486328125 -0.0515975952148438 0.00689506530761718 0.0185165405273437
-0.017578125 -0.0501441955566406 0.0035858154296875 0.0256633758544922
0.00076675415039063 -0.0470390319824219 -0.0121383666992188 0.0307292938232422
0.0283241271972656 -0.0429763793945312 -0.0236721038818359 0.0183010101318359
0.0534858703613281 -0.0169830322265625 -0.0300712585449219 -0.00612831115722657
0.0543975830078125 0.0425682067871094 -0.0127182006835937 -0.0191402435302734
0.0191307067871094 0.0661125183105469 0.00845146179199219 -0.0088052749633789
-0.0195999145507812 0.0777435302734375 -0.0113544464111328 0.0243148803710938
-0.0340919494628906 0.0441780090332031 -0.00171661376953125 0.0653419494628906
-0.0177345275878906 0.0539283752441406 -0.00757980346679688 0.0614700317382813
0.0243453979492188 0.0566368103027344 0.00196456909179688 0.0460090637207031
0.04376220703125 0.0213241577148438 0.0143280029296875 0.0362434387207031
0.0429420471191406 -0.0141754150390625 0.0156326293945313 0.0230083465576172
0.0163688659667969 -0.0367507934570313 0.00793838500976563 0.0201568603515625
-0.00609207153320312 -0.0368309020996094 0.0107860565185547 0.0254764556884766
-0.00767135620117187 -0.0409049987792969 0.0142707824707031 0.0314426422119141
-0.0144119262695313 -0.0410308837890625 0.0105628967285156 0.0400505065917969
4.95910644531249E-05 -0.0381088256835938 -0.00940704345703124 0.0435638427734375
0.0231857299804688 -0.0352745056152344 -0.02398681640625 0.0273513793945312
0.0427322387695313 -0.0119552612304688 -0.0309944152832031 0.00184249877929687
0.0404167175292969 0.0378913879394531 -0.0149688720703125 -0.0139656066894531
0.00669097900390625 0.0538139343261719 0.00949668884277344 0.00195789337158203
-0.0251579284667969 0.0541877746582031 -0.0193099975585937 0.0427436828613281
-0.0272388458251953 0.00960540771484375 -0.0100021362304687 0.075103759765625
-0.0188503265380859 0.0243263244628906 -0.00914382934570313 0.0668869018554688
0.00548362731933594 0.03173828125 -0.00351715087890625 0.0445175170898438
0.0203990936279297 0.0147876739501953 0.00607681274414062 0.0376930236816406
0.0228481292724609 -0.00577545166015625 0.00749969482421875 0.0277500152587891
0.00910758972167969 -0.0205364227294922 0.00635337829589844 0.0304908752441406
-0.00368499755859375 -0.0205326080322266 0.0158271789550781 0.0363922119140625
-0.00527763366699219 -0.0237674713134766 0.0190277099609375 0.0404014587402344
-0.00942611694335937 -0.0255184173583984 0.0158920288085938 0.049591064453125
-0.000261306762695311 -0.0245761871337891 -0.00770187377929687 0.0526161193847656
0.0156707763671875 -0.0236587524414063 -0.0267486572265625 0.0339984893798828
0.02874755859375 -0.00650596618652344 -0.0330524444580078 0.00705337524414063
0.0233745574951172 0.0285301208496094 -0.0177097320556641 -0.0110816955566406
-0.00428390502929688 0.0359992980957031 0.00747203826904297 0.00908184051513672
-0.0271987915039063 0.0238037109375 -0.0292434692382812 0.0549201965332031
0.0180072784423828 0.0104160308837891 0.0268287658691406 -0.0613670349121094
0.0100202560424805 -0.0106515884399414 -0.00559616088867187 -0.0181140899658203
-0.00502395629882813 -0.011082649230957 0.0187454223632812 0.0131034851074219
-0.0100221633911133 0.00186824798583985 0.0412750244140625 -0.00597763061523438
-0.00561141967773438 0.00861978530883789 0.035186767578125 -0.0343513488769531
0.00219583511352539 0.00855016708374023 0.0105781555175781 -0.0567436218261719
0.00149703025817871 0.00345206260681152 -0.0199317932128906 -0.0545120239257813
0.000184297561645508 0.00261378288269043 -0.0239448547363281 -0.0438995361328125
-0.000597000122070312 0.00270295143127441 -0.0215187072753906 -0.0381813049316406
-0.000764071941375733 -0.000893592834472656 -0.0114593505859375 -0.0370025634765625
-0.000440120697021484 -0.00483179092407227 -0.00930976867675781 -0.032623291015625
0.00403785705566406 -0.00970840454101563 -0.00631332397460938 -0.0384140014648438
0.0159378051757813 -0.00224781036376953 0.00722885131835937 -0.0454292297363281
0.0230922698974609 0.00958251953125 0.00416946411132812 -0.063232421875
0.0192527770996094 0.0212993621826172 0.0133895874023437 -0.0783309936523438
0.0107002258300781 0.0423965454101563 0.0318107604980469 -0.0551528930664063
0.0153770446777344 0.0169258117675781 -0.00282478332519531 -0.0142717361450195
0.0174407958984375 0.00556468963623047 0.0222091674804688 0.0168170928955078
0.0113391876220703 0.000113487243652344 0.0452499389648438 -0.00331497192382813
0.00909709930419922 -0.00563907623291016 0.0402793884277344 -0.0333290100097656
0.00377845764160156 -0.00939559936523438 0.0117759704589844 -0.0561332702636719
-0.00461578369140625 -0.0144634246826172 -0.0191230773925781 -0.0515403747558594
-0.00431632995605469 -0.0184192657470703 -0.0225372314453125 -0.0396347045898437
-0.00557136535644531 -0.0178947448730469 -0.0222225189208984 -0.0338191986083984
0.00425338745117187 -0.0191078186035156 -0.0148181915283203 -0.03155517578125
0.0171022415161133 -0.0174150466918945 -0.0127677917480469 -0.0288715362548828
0.0286521911621094 -0.00806808471679688 -0.01153564453125 -0.0374755859375
0.0329151153564453 0.0216693878173828 0.00278854370117188 -0.0429000854492188
0.024139404296875 0.0383796691894531 0.00151824951171875 -0.0581016540527344
0.009613037109375 0.0545463562011719 0.0113792419433594 -0.0679969787597656
-0.000446319580078122 0.0698623657226563 0.0334320068359375 -0.0390586853027344
0.0165176391601562 0.0455093383789063 -0.000568628311157225 -0.00438952445983887
0.0384750366210938 0.02630615234375 0.0242557525634766 0.0235042572021484
0.0349292755126953 0.00105094909667969 0.0478897094726563 0.00291824340820313
0.0259838104248047 -0.0187225341796875 0.0433120727539062 -0.0272445678710937
0.00689697265625 -0.0272789001464844 0.0137748718261719 -0.0490646362304688
-0.0091552734375 -0.0310592651367187 -0.0149803161621094 -0.0427665710449219
-0.008514404296875 -0.0364303588867188 -0.0174770355224609 -0.0296344757080078
-0.0114517211914063 -0.035247802734375 -0.0192546844482422 -0.0231952667236328
0.0055999755859375 -0.0349483489990234 -0.0173873901367188 -0.0190601348876953
0.0277976989746094 -0.0310020446777344 -0.0179119110107422 -0.0199794769287109
0.0474357604980469 -0.0121803283691406 -0.0190219879150391 -0.0330657958984375
0.050567626953125 0.0362701416015625 -0.00305557250976562 -0.0392265319824219
0.0281600952148438 0.05938720703125 -0.000392913818359368 -0.0489387512207031
0.0015106201171875 0.0791854858398438 0.00664520263671876 -0.0494194030761719
-0.01373291015625 0.085784912109375 0.0297679901123047 -0.0143642425537109
0.0116348266601563 0.0696067810058594 0.000757217407226562 0.0113048553466797
0.0530967712402344 0.0479774475097656 0.0229682922363281 0.0321979522705078
0.0552749633789062 0.00622177124023437 0.0457534790039062 0.0130424499511719
0.0429306030273438 -0.027313232421875 0.042724609375 -0.0157470703125
0.0123748779296875 -0.0414237976074219 0.0146942138671875 -0.0350151062011719
-0.0114021301269531 -0.0434722900390625 -0.00966262817382813 -0.0282516479492188
-0.0110282897949219 -0.0496711730957031 -0.0098876953125 -0.0151605606079102
-0.0166091918945313 -0.0472030639648438 -0.0131635665893555 -0.00756549835205078
0.00392532348632812 -0.045562744140625 -0.0177383422851563 -0.00284194946289063
0.0314292907714844 -0.0415878295898437 -0.0214881896972656 -0.00712013244628906
0.05706787109375 -0.0175323486328125 -0.0253543853759766 -0.0247688293457031
0.0618057250976563 0.04156494140625 -0.00800704956054687 -0.0330390930175781
0.0313987731933594 0.06988525390625 0.00089263916015625 -0.0359268188476562
-0.00481414794921875 0.0914993286132813 0.000751495361328123 -0.0251636505126953
-0.0262985229492188 0.08685302734375 0.0213871002197266 0.0159549713134766
0.00156402587890625 0.0807342529296875 -0.000513076782226563 0.0305843353271484
0.0548171997070312 0.0640411376953125 0.0177574157714844 0.0395088195800781
0.0652542114257812 0.0138435363769531 0.0382041931152344 0.0231819152832031
0.0541152954101563 -0.0284004211425781 0.0373077392578125 -0.00131607055664063
0.0162429809570312 -0.0482711791992188 0.0143051147460938 -0.0165853500366211
-0.0108261108398437 -0.0489234924316406 -0.00220966339111328 -0.00953483581542969
-0.0120086669921875 -0.054412841796875 -0.00124180316925049 0.0015566349029541
-0.0199127197265625 -0.0515213012695313 -0.00516796112060547 0.0088958740234375
0.00146865844726563 -0.0493240356445313 -0.0150117874145508 0.0148725509643555
0.0305137634277344 -0.0460128784179688 -0.0227813720703125 0.00638389587402344
0.0583343505859375 -0.0201263427734375 -0.0289592742919922 -0.0145339965820313
0.0629158020019531 0.0427055358886719 -0.0112857818603516 -0.0260219573974609
0.0285720825195313 0.0713119506835938 0.00480842590332032 -0.0223617553710937
-0.0109329223632813 0.09033203125 -0.00491476058959961 0.000212192535400395
-0.0329742431640625 0.072357177734375 0.0095367431640625 0.043365478515625
-0.00865936279296874 0.07464599609375 -0.00391769409179688 0.0481033325195313
0.0438385009765625 0.0672569274902344 0.00987243652343751 0.0446929931640625
0.06097412109375 0.0200958251953125 0.0265026092529297 0.03131103515625
0.0534400939941406 -0.0235252380371094 0.0267524719238281 0.0124473571777344
0.0178909301757813 -0.0461997985839844 0.011383056640625 0.00312614440917968
-0.00894927978515625 -0.0463714599609375 0.00475311279296875 0.00879573822021484
-0.0115089416503906 -0.0512351989746094 0.00755882263183594 0.0177783966064453
-0.0190086364746094 -0.0494232177734375 0.00384712219238281 0.0252628326416016
-0.000129699707031255 -0.0461502075195313 -0.0108737945556641 0.0309715270996094
0.0271835327148438 -0.0431098937988281 -0.0231342315673828 0.0179767608642578
0.0520401000976563 -0.017669677734375 -0.0300617218017578 -0.00560379028320313
0.0550765991210938 0.0404510498046875 -0.0129318237304687 -0.0187110900878906
0.0203018188476563 0.0651702880859375 0.00814151763916016 -0.00945758819580078
-0.0178909301757813 0.077056884765625 -0.0107898712158203 0.0241832733154297
-0.03271484375 0.04498291015625 -0.00132369995117188 0.0649223327636719
-0.0165252685546875 0.0537185668945313 -0.00686264038085938 0.0607261657714844
0.0255851745605469 0.0545463562011719 0.00204086303710938 0.0453376770019531
0.043975830078125 0.0203056335449219 0.0139656066894531 0.0358428955078125
0.0421028137207031 -0.0152626037597656 0.0160255432128906 0.0228614807128906
0.0152473449707031 -0.0363807678222656 0.00839042663574219 0.0198020935058594
-0.006866455078125 -0.0361213684082031 0.0115928649902344 0.0250835418701172
-0.00960922241210938 -0.0399856567382812 0.0151939392089844 0.0306129455566406
-0.0154609680175781 -0.0401077270507813 0.0112991333007812 0.0385055541992188
-0.000926971435546878 -0.0374717712402344 -0.00782394409179688 0.0430641174316406
0.022247314453125 -0.0351524353027344 -0.0231723785400391 0.0273246765136719
0.04193115234375 -0.0123558044433594 -0.0311393737792969 0.002716064453125
0.0412483215332031 0.0361137390136719 -0.0145597457885742 -0.0134525299072266
0.00779724121093749 0.052642822265625 0.00926303863525391 0.000684738159179691
-0.0236473083496094 0.0536231994628906 -0.0184593200683594 0.0423965454101562
-0.0268135070800781 0.0101337432861328 -0.00885772705078126 0.0749053955078125
-0.0185070037841797 0.02410888671875 -0.00827407836914062 0.0659751892089844
0.00619888305664063 0.0310344696044922 -0.00268936157226563 0.0442886352539063
0.0205898284912109 0.0142021179199219 0.00695419311523438 0.0369796752929688
0.022064208984375 -0.00626182556152344 0.00800895690917969 0.0278873443603516
0.00880050659179688 -0.0208072662353516 0.00702285766601563 0.0307388305664063
-0.0037689208984375 -0.0198783874511719 0.0170173645019531 0.03515625
-0.006134033203125 -0.0231208801269531 0.0205650329589844 0.0387496948242188
-0.00982856750488281 -0.0250320434570313 0.0167961120605469 0.0483207702636719
-0.000513076782226565 -0.024688720703125 -0.0060577392578125 0.0520591735839844
0.0149421691894531 -0.0231685638427734 -0.0261154174804688 0.0338516235351563
0.0276565551757813 -0.00655364990234375 -0.0328006744384766 0.00735473632812499
0.0236797332763672 0.0277309417724609 -0.01727294921875 -0.0110740661621094
-0.00345611572265625 0.035247802734375 0.00781106948852539 0.0081019401550293
-0.025848388671875 0.0239696502685547 -0.0281829833984375 0.0546684265136719
0.0181388854980469 0.0110549926757813 0.0271835327148438 -0.060882568359375
0.00975608825683594 -0.010462760925293 -0.00547981262207031 -0.0168981552124023
-0.00516128540039063 -0.0113563537597656 0.0184001922607422 0.0135326385498047
-0.00965213775634765 0.00146102905273437 0.0416374206542969 -0.00538253784179688
-0.0054779052734375 0.0082850456237793 0.0358619689941406 -0.0343551635742188
0.00201988220214844 0.00813102722167969 0.0105361938476562 -0.0571060180664063
0.00129461288452148 0.00315618515014648 -0.0202445983886719 -0.0543937683105469
-0.000192165374755859 0.0022428035736084 -0.0243377685546875 -0.0433883666992188
-0.000738382339477539 0.00249385833740234 -0.022125244140625 -0.037811279296875
-0.000879049301147461 -0.00118780136108398 -0.0120124816894531 -0.0373115539550781
-0.000438213348388672 -0.00520038604736328 -0.00953483581542969 -0.0333671569824219
0.00411033630371094 -0.00959682464599609 -0.00597000122070313 -0.0380821228027344
0.0160818099975586 -0.00233268737792969 0.00730514526367188 -0.0450668334960938
0.0228672027587891 0.00955772399902344 0.00455856323242187 -0.0625343322753906
0.0192985534667969 0.0216789245605469 0.0140457153320313 -0.0782241821289063
0.0112342834472656 0.0426559448242188 0.03192138671875 -0.0540847778320313
0.0154571533203125 0.0170679092407227 -0.00309658050537109 -0.0136251449584961
0.0175933837890625 0.00532913208007813 0.0219192504882813 0.0169906616210938
0.0113563537597656 -2.19345092773437E-05 0.0454025268554688 -0.00274658203125
0.00889301300048828 -0.00581932067871094 0.0406951904296875 -0.0332565307617188
0.00362396240234375 -0.00958919525146484 0.012115478515625 -0.0561180114746094
-0.00488948822021484 -0.0148239135742188 -0.01947021484375 -0.0514030456542969
-0.00465965270996094 -0.0185890197753906 -0.0225677490234375 -0.0393638610839844
-0.00590133666992188 -0.0178966522216797 -0.0224857330322266 -0.0337581634521484
0.00441551208496094 -0.0192203521728516 -0.0147991180419922 -0.0319919586181641
0.0172080993652344 -0.0175666809082031 -0.0127143859863281 -0.0294170379638672
0.0288143157958984 -0.007965087890625 -0.0112991333007813 -0.0373497009277344
0.033111572265625 0.0215282440185547 0.00330734252929688 -0.0428390502929688
0.0238609313964844 0.0386543273925781 0.00180816650390626 -0.0576629638671875
0.00912475585937499 0.0546989440917969 0.0116462707519531 -0.0681877136230469
-0.000194549560546876 0.0702743530273438 0.0331459045410156 -0.0379295349121094
0.0163955688476563 0.0457382202148438 -0.000898838043212889 -0.00387048721313476
0.0388145446777344 0.0261116027832031 0.0238380432128906 0.0238609313964844
0.0351486206054687 0.00109100341796875 0.0476455688476563 0.00366592407226563
0.0262680053710938 -0.0188999176025391 0.0435295104980469 -0.0268821716308594
0.0070037841796875 -0.0270442962646484 0.0138320922851563 -0.0490684509277344
-0.00902938842773437 -0.0314006805419922 -0.0152130126953125 -0.0424995422363281
-0.0089569091796875 -0.0368194580078125 -0.0175743103027344 -0.0295467376708984
-0.01153564453125 -0.0354042053222656 -0.0198116302490234 -0.0233097076416016
0.00602912902832032 -0.0349674224853516 -0.0177841186523438 -0.0195827484130859
0.027740478515625 -0.0312442779541016 -0.0175647735595703 -0.0202560424804688
0.0473251342773438 -0.0120429992675781 -0.0195713043212891 -0.0328578948974609
0.0507049560546875 0.0362663269042969 -0.0026092529296875 -0.0390090942382813
0.0281181335449219 0.0594367980957031 0.000171661376953122 -0.0483283996582031
0.00167083740234375 0.0792617797851563 0.00667190551757813 -0.0497779846191406
-0.0136795043945312 0.0859375 0.0295047760009766 -0.0132331848144531
0.0117034912109375 0.0697860717773437 -0.000342369079589844 0.0119218826293945
0.0535087585449219 0.0477828979492188 0.0221099853515625 0.0322380065917969
0.0555267333984375 0.00641250610351562 0.045379638671875 0.0130844116210938
0.0428123474121094 -0.0271987915039063 0.0434799194335938 -0.0152091979980469
0.0119743347167969 -0.0411224365234375 0.0154132843017578 -0.0348834991455078
-0.0113601684570312 -0.0433082580566406 -0.00924873352050781 -0.0281162261962891
-0.0117645263671875 -0.0496673583984375 -0.00998497009277344 -0.0150594711303711
-0.0167770385742188 -0.047119140625 -0.0137348175048828 -0.00796318054199219
0.00345230102539062 -0.0454978942871094 -0.0173835754394531 -0.00329208374023438
0.0317459106445313 -0.0419731140136719 -0.0214385986328125 -0.00759315490722656
0.0570564270019531 -0.0175971984863281 -0.0259304046630859 -0.024444580078125
0.0621604919433594 0.0416183471679687 -0.00823402404785156 -0.0336742401123047
0.0313682556152344 0.070037841796875 0.00125503540039062 -0.0362129211425781
-0.00463104248046875 0.0918121337890625 0.000770568847656247 -0.0254001617431641
-0.025634765625 0.086761474609375 0.0205974578857422 0.0164833068847656
0.00211334228515625 0.0806427001953125 -0.0012359619140625 0.0311794281005859
0.0551338195800781 0.0634002685546875 0.0169563293457031 0.0400848388671875
0.0654792785644531 0.0144844055175781 0.0375251770019531 0.0233116149902344
0.0534744262695313 -0.0289573669433594 0.0373687744140625 -0.0011749267578125
0.0165901184082031 -0.0481910705566406 0.0145540237426758 -0.0163841247558594
-0.0109062194824219 -0.0491104125976562 -0.0016632080078125 -0.00942134857177735
-0.0124015808105469 -0.05462646484375 -0.0012974739074707 0.00172412395477295
-0.0203132629394531 -0.0513725280761719 -0.00542831420898438 0.00891780853271484
0.00111007690429687 -0.0487289428710938 -0.0147294998168945 0.0147342681884766
0.0305137634277344 -0.0459251403808594 -0.0231113433837891 0.00625991821289062
0.0580787658691406 -0.0204544067382812 -0.0295257568359375 -0.0144462585449219
0.0636253356933594 0.041961669921875 -0.0111923217773437 -0.0260295867919922
0.028656005859375 0.0709686279296875 0.00448799133300781 -0.0230216979980469
-0.0110321044921875 0.0908889770507813 -0.00441455841064453 0.000559806823730475
-0.0328521728515625 0.0724258422851563 0.00891876220703125 0.0441131591796875
-0.0088348388671875 0.0746917724609375 -0.0047149658203125 0.048614501953125
0.04437255859375 0.0663414001464844 0.00909805297851563 0.0444831848144531
0.0604171752929687 0.0204544067382813 0.0260810852050781 0.031524658203125
0.0536308288574219 -0.0236282348632813 0.0270214080810547 0.0128078460693359
0.0181961059570313 -0.0462303161621094 0.0119600296020508 0.00372505187988281
-0.00912094116210937 -0.0459976196289062 0.0055084228515625 0.00935649871826172
-0.0118331909179688 -0.0511932373046875 0.00782966613769531 0.0173940658569336
-0.0195960998535156 -0.0487403869628906 0.00403213500976562 0.0247859954833984
-0.000125885009765628 -0.0459518432617188 -0.0107593536376953 0.0303840637207031
0.0269660949707031 -0.0434112548828125 -0.0232868194580078 0.0180492401123047
0.0523681640625 -0.0178070068359375 -0.0307865142822266 -0.00523185729980468
0.0551605224609375 0.0399093627929688 -0.0125064849853516 -0.0196418762207031
0.0199165344238281 0.0647964477539063 0.0084381103515625 -0.010406494140625
-0.0179901123046875 0.077056884765625 -0.0113792419433594 0.0240554809570313
-0.0324859619140625 0.044677734375 -0.00223541259765625 0.0655746459960938
-0.0159568786621094 0.0534858703613281 -0.00733947753906251 0.0610160827636719
0.0257492065429688 0.0545425415039063 0.00125885009765625 0.0452346801757812
0.0437278747558594 0.0205230712890625 0.0139007568359375 0.0353813171386719
0.0417251586914063 -0.015350341796875 0.0157890319824219 0.0230960845947266
0.0153350830078125 -0.0367240905761719 0.00911140441894532 0.0207309722900391
-0.00646209716796875 -0.0356636047363281 0.0125637054443359 0.0253391265869141
-0.00944900512695313 -0.0402488708496094 0.0153903961181641 0.0303535461425781
-0.0157623291015625 -0.0395278930664063 0.0113601684570313 0.0383071899414063
-0.000331878662109375 -0.0374565124511719 -0.00725173950195313 0.0429725646972656
0.0218715667724609 -0.0350322723388672 -0.0239906311035156 0.027008056640625
0.0416679382324219 -0.0122451782226562 -0.0313625335693359 0.00220489501953125
0.0407447814941406 0.0355987548828125 -0.0142717361450195 -0.014491081237793
0.00840377807617187 0.0528488159179688 0.00921535491943359 0.000276565551757816
-0.0239334106445312 0.0538444519042969 -0.0189552307128906 0.04193115234375
-0.0263652801513672 0.0101585388183594 -0.00988006591796876 0.0750350952148438
-0.01824951171875 0.0234260559082031 -0.00844955444335938 0.0662345886230469
0.00641822814941406 0.0309333801269531 -0.00350570678710938 0.0436477661132812
0.0206966400146484 0.0140743255615234 0.00585556030273437 0.0370063781738281
0.0224571228027344 -0.00634193420410156 0.00757789611816406 0.0285491943359375
0.00827980041503906 -0.0202655792236328 0.00799179077148437 0.0311832427978516
-0.00389671325683594 -0.0193157196044922 0.0178756713867188 0.0357017517089844
-0.00615692138671875 -0.0230617523193359 0.0210685729980469 0.03857421875
-0.0101737976074219 -0.0247364044189453 0.0171661376953125 0.047576904296875
-0.000253677368164062 -0.024322509765625 -0.00551986694335938 0.0517578125
0.0152416229248047 -0.0231151580810547 -0.0262546539306641 0.0337543487548828
0.0280723571777344 -0.00650215148925781 -0.0327949523925781 0.00726699829101563
0.0237712860107422 0.0273227691650391 -0.0168266296386719 -0.0115375518798828
-0.00397872924804688 0.0352401733398438 0.00799465179443359 0.00744009017944336
-0.0260562896728516 0.0235595703125 -0.0285835266113281 0.0537910461425781
0.0183753967285156 0.0115756988525391 0.0282859802246094 -0.0618209838867188
0.00986576080322266 -0.010411262512207 -0.0060577392578125 -0.0169525146484375
-0.00472640991210938 -0.011775016784668 0.0185222625732422 0.0144157409667969
-0.00986099243164063 0.00135517120361328 0.0425338745117188 -0.00509262084960938
-0.0057835578918457 0.00848531723022461 0.0370559692382813 -0.0350914001464844
0.00170183181762695 0.0084543228149414 0.0111274719238281 -0.0584869384765625
0.00119948387145996 0.00294661521911621 -0.0211029052734375 -0.0550880432128906
-0.000291109085083008 0.0018761157989502 -0.0253982543945313 -0.0438346862792969
-0.000980854034423828 0.00266718864440918 -0.0228462219238281 -0.0389900207519531
-0.000792384147644043 -0.00127482414245605 -0.0123176574707031 -0.0390472412109375
-0.000148773193359375 -0.00549459457397461 -0.00933837890625 -0.0344505310058594
0.00450229644775391 -0.00958824157714844 -0.00551986694335938 -0.0390777587890625
0.0167779922485352 -0.00206661224365234 0.00860977172851562 -0.0456619262695313
0.0232143402099609 0.00983238220214844 0.00550842285156251 -0.0635986328125
0.0191326141357422 0.0225753784179687 0.015960693359375 -0.0797500610351563
0.0107078552246094 0.0441169738769531 0.0329971313476562 -0.054473876953125
0.0158023834228516 0.0179557800292969 -0.00375556945800781 -0.0131559371948242
0.0179157257080078 0.00558280944824219 0.0217018127441406 0.0180072784423828
0.0122194290161133 -0.000188827514648438 0.0463447570800781 -0.00235748291015625
0.00923633575439453 -0.00585556030273438 0.0417327880859375 -0.0336761474609375
0.00389671325683594 -0.00969886779785156 0.0126991271972656 -0.0575294494628906
-0.00496864318847656 -0.014897346496582 -0.0198554992675781 -0.0525703430175781
-0.00491905212402344 -0.0192909240722656 -0.0236740112304688 -0.0401954650878906
-0.00603866577148437 -0.0187320709228516 -0.0234642028808594 -0.0347366333007813
0.00475311279296875 -0.0200099945068359 -0.0152626037597656 -0.0333213806152344
0.0179405212402344 -0.0182704925537109 -0.0127582550048828 -0.03057861328125
0.029449462890625 -0.00783538818359375 -0.0111579895019531 -0.0383872985839844
0.0341434478759766 0.0224285125732422 0.00454711914062501 -0.0435829162597656
0.0237350463867188 0.03948974609375 0.0025787353515625 -0.0586090087890625
0.00902938842773438 0.0562019348144531 0.0131149291992187 -0.0692138671875
-0.000503540039062503 0.071990966796875 0.0338821411132813 -0.0378646850585937
0.016845703125 0.047210693359375 -0.00124096870422363 -0.00290966033935547
0.0398101806640625 0.026214599609375 0.0233306884765625 0.0246772766113281
0.03582763671875 0.00143051147460938 0.0485572814941406 0.00453567504882813
0.0264663696289063 -0.0194721221923828 0.0455665588378906 -0.027374267578125
0.00746345520019531 -0.0276966094970703 0.0147895812988281 -0.049896240234375
-0.009368896484375 -0.0317859649658203 -0.0154457092285156 -0.0432701110839844
-0.00960159301757812 -0.0376319885253906 -0.0182571411132813 -0.0301361083984375
-0.0117835998535156 -0.03656005859375 -0.0205821990966797 -0.0234584808349609
0.00598526000976562 -0.0355644226074219 -0.0181522369384766 -0.0204334259033203
0.0287914276123047 -0.0320358276367188 -0.0182323455810547 -0.0211219787597656
0.0488815307617188 -0.0119743347167969 -0.0198001861572266 -0.0337924957275391
0.0518913269042969 0.0371665954589844 -0.00202178955078124 -0.0401573181152344
0.0282516479492188 0.061065673828125 0.000278472900390631 -0.0495834350585937
0.000808715820312502 0.0815353393554688 0.00725936889648438 -0.0505027770996094
-0.0144729614257813 0.0886077880859375 0.0299873352050781 -0.01220703125
0.0120697021484375 0.0712738037109375 -0.000522613525390625 0.0132083892822266
0.0549888610839844 0.0485115051269531 0.0216350555419922 0.0335845947265625
0.0568199157714844 0.00706863403320313 0.0461540222167969 0.014251708984375
0.0436744689941406 -0.0282173156738281 0.0452423095703125 -0.0155143737792969
0.0125732421875 -0.0417327880859375 0.0160064697265625 -0.0351791381835937
-0.0112762451171875 -0.0444183349609375 -0.00913238525390625 -0.0284690856933594
-0.011932373046875 -0.0510902404785156 -0.0105676651000977 -0.0154056549072266
-0.0174636840820313 -0.0483283996582031 -0.0143222808837891 -0.00791645050048828
0.00377273559570312 -0.0464668273925781 -0.0178298950195313 -0.00315093994140625
0.0324516296386719 -0.0429878234863281 -0.0221824645996094 -0.00831413269042969
0.0590362548828125 -0.0177192687988281 -0.0265674591064453 -0.0251674652099609
0.0640716552734375 0.0425071716308594 -0.00738906860351562 -0.0344676971435547
0.031402587890625 0.0718536376953125 0.00170516967773437 -0.0372161865234375
-0.0055999755859375 0.0939788818359375 0.000961303710937502 -0.0260276794433594
-0.0272216796875 0.089385986328125 0.0207881927490234 0.0176544189453125
0.00153350830078124 0.082183837890625 -0.00239181518554688 0.0321502685546875
0.0565910339355469 0.0647964477539063 0.0160369873046875 0.0410575866699219
0.0668144226074219 0.0153465270996094 0.0381278991699219 0.0247726440429688
0.0549812316894531 -0.0292625427246094 0.038848876953125 -0.000358581542968752
0.0173530578613281 -0.0491600036621094 0.0156030654907227 -0.0163402557373047
-0.0106925964355469 -0.0499343872070312 -0.00117683410644531 -0.00953292846679688
-0.0130767822265625 -0.0556221008300781 -0.0011519193649292 0.00134170055389404
-0.0203742980957031 -0.0526084899902344 -0.0057516098022461 0.00919151306152344
0.00144577026367187 -0.0495262145996094 -0.0148544311523438 0.014653205871582
0.0310554504394531 -0.0472526550292969 -0.0235767364501953 0.00560951232910156
0.0597496032714844 -0.0202522277832031 -0.0303153991699219 -0.0147132873535156
0.0652046203613281 0.0432777404785156 -0.0104827880859375 -0.0272235870361328
0.029144287109375 0.0729141235351562 0.00494384765625 -0.0239791870117188
-0.0120697021484375 0.0925827026367188 -0.0047907829284668 9.53674316412821E-07
-0.033721923828125 0.073974609375 0.00841903686523437 0.0457572937011719
-0.00917816162109376 0.0760879516601563 -0.00571060180664063 0.0498199462890625
0.0449485778808594 0.0676422119140625 0.00809478759765626 0.0454864501953125
0.0618820190429687 0.0212478637695312 0.0258426666259766 0.0327529907226563
0.0546112060546875 -0.0240859985351562 0.0282077789306641 0.0138645172119141
0.0187835693359375 -0.0469207763671875 0.0127801895141602 0.00443649291992187
-0.008880615234375 -0.0471382141113281 0.00609874725341797 0.00969600677490234
-0.0121269226074219 -0.05218505859375 0.00811958312988281 0.0176200866699219
-0.0198020935058594 -0.0496101379394531 0.00369071960449219 0.0253124237060547
7.62939453125006E-05 -0.0466384887695312 -0.0107173919677734 0.0305004119873047
0.0275688171386719 -0.0439910888671875 -0.0243415832519531 0.0181827545166016
0.053375244140625 -0.01776123046875 -0.0315036773681641 -0.00518035888671875
0.0565414428710938 0.0410575866699219 -0.0120964050292969 -0.0204105377197266
0.0200843811035156 0.0667152404785156 0.00862693786621094 -0.011077880859375
-0.0187759399414062 0.0781021118164063 -0.0117149353027344 0.0242938995361328
-0.033447265625 0.0454139709472656 -0.0030670166015625 0.0676040649414063
-0.0171356201171875 0.0540199279785156 -0.00867843627929687 0.0624275207519531
0.0259933471679688 0.055267333984375 7.24792480468804E-05 0.0461044311523438
0.0443305969238281 0.0216407775878906 0.0130996704101563 0.0368080139160156
0.0433311462402344 -0.0154037475585938 0.0163612365722656 0.0245113372802734
0.0159072875976563 -0.0371627807617188 0.00976943969726563 0.0218524932861328
-0.006591796875 -0.0367164611816406 0.0134258270263672 0.0259933471679687
-0.00992584228515625 -0.0410041809082031 0.0158748626708984 0.0304718017578125
-0.0159873962402344 -0.0403785705566406 0.0117607116699219 0.038970947265625
-0.000240325927734372 -0.0379257202148437 -0.00725173950195312 0.0434684753417969
0.0225181579589844 -0.0352020263671875 -0.0247325897216797 0.0276050567626953
0.0427894592285156 -0.0120086669921875 -0.0318870544433594 0.00235939025878906
0.042022705078125 0.0365715026855469 -0.0142831802368164 -0.0148658752441406
0.00815963745117187 0.0539321899414062 0.00979518890380859 -0.000376701354980465
-0.0248451232910156 0.0542068481445313 -0.0203437805175781 0.04229736328125
-0.0269947052001953 0.0102691650390625 -0.0112762451171875 0.0765914916992187
-0.0183506011962891 0.0239200592041016 -0.00976943969726563 0.0677947998046875
0.00622749328613281 0.03082275390625 -0.00445556640625 0.0447006225585938
0.0205039978027344 0.0145740509033203 0.00557327270507813 0.0380401611328125
0.0229568481445313 -0.00658226013183594 0.0078125 0.0296630859375
0.00885963439941406 -0.020721435546875 0.00806236267089844 0.0323581695556641
-0.00363731384277344 -0.0197257995605469 0.0186424255371094 0.0363388061523438
-0.00622940063476563 -0.0235996246337891 0.0212593078613281 0.0390510559082031
-0.0102863311767578 -0.0251331329345703 0.0176048278808594 0.048583984375
0.000110626220703124 -0.0247116088867188 -0.00613784790039063 0.0527687072753906
0.0154285430908203 -0.0234642028808594 -0.0274753570556641 0.0338287353515625
0.0281524658203125 -0.00623512268066406 -0.0335693359375 0.0071868896484375
0.0244083404541016 0.0279712677001953 -0.0169343948364258 -0.0127458572387695
-0.00380325317382813 0.0357208251953125 0.00791835784912109 0.00684165954589844
-0.0270309448242187 0.0238246917724609 -0.0301132202148438 0.0544471740722656
0.0194206237792969 0.0116710662841797 0.0290298461914063 -0.063751220703125
0.0100946426391602 -0.0106058120727539 -0.00638198852539062 -0.0173234939575195
-0.00505447387695312 -0.0122137069702148 0.0194835662841797 0.0155525207519531
-0.0101385116577148 0.00140666961669922 0.0439529418945312 -0.00495529174804687
-0.00594806671142578 0.00904655456542969 0.0383071899414063 -0.0365447998046875
0.00199747085571289 0.00861883163452148 0.0109710693359375 -0.0613670349121094
0.00129199028015137 0.00330781936645508 -0.0226974487304687 -0.0567855834960937
-0.000736713409423828 0.00215363502502441 -0.027435302734375 -0.045318603515625
-0.000803470611572266 0.00220012664794922 -0.0242347717285156 -0.0405387878417969
-0.000684142112731934 -0.00186431407928467 -0.0134048461914063 -0.0411720275878906
-9.25064086914069E-05 -0.00595712661743164 -0.0101356506347656 -0.036346435546875
0.00475502014160156 -0.00997257232666016 -0.00583648681640625 -0.0409965515136719
0.017822265625 -0.0024261474609375 0.00944137573242187 -0.047821044921875
0.0235252380371094 0.0102005004882813 0.00545501708984376 -0.0656318664550781
0.0198822021484375 0.0236320495605469 0.0171127319335938 -0.0828704833984375
0.01165771484375 0.0462608337402344 0.0338668823242187 -0.0564155578613281
0.0164623260498047 0.0184535980224609 -0.00409412384033203 -0.0129985809326172
0.0193443298339844 0.00506019592285156 0.0226612091064453 0.019012451171875
0.012791633605957 -0.000108718872070313 0.0481910705566406 -0.00214004516601563
0.0096435546875 -0.00628852844238281 0.0437812805175781 -0.0355567932128906
0.00402069091796875 -0.0101842880249023 0.0129051208496094 -0.0601615905761719
-0.0055246353149414 -0.0153293609619141 -0.0213394165039063 -0.0546951293945312
-0.00618934631347656 -0.0201244354248047 -0.025390625 -0.0408058166503906
-0.00643539428710937 -0.0197830200195313 -0.0251960754394531 -0.0355224609375
0.00496673583984375 -0.0206527709960937 -0.0164756774902344 -0.0348415374755859
0.0183486938476563 -0.0191841125488281 -0.0138893127441406 -0.0323581695556641
0.0309085845947266 -0.00832939147949219 -0.0119171142578125 -0.0398750305175781
0.036041259765625 0.0229110717773438 0.00512313842773438 -0.0451698303222656
0.0250129699707031 0.0410079956054688 0.00241851806640625 -0.0608024597167969
0.00948715209960937 0.0591773986816406 0.014129638671875 -0.07269287109375
-0.000503540039062493 0.0751495361328125 0.0349273681640625 -0.0385818481445312
0.0179901123046875 0.0491600036621094 -0.00173473358154297 -0.00212728977203369
0.0423126220703125 0.0270729064941406 0.0239620208740234 0.0262603759765625
0.0377197265625 0.00092315673828125 0.0503082275390625 0.00463104248046875
0.0274467468261719 -0.0205192565917969 0.0474891662597656 -0.0290412902832031
0.00786209106445312 -0.0286903381347656 0.0152549743652344 -0.0523223876953125
-0.0100631713867187 -0.0330123901367188 -0.0166549682617188 -0.0450820922851563
-0.0106315612792969 -0.0394210815429688 -0.0199108123779297 -0.0307540893554688
-0.0130577087402344 -0.0380363464355469 -0.0219783782958984 -0.024200439453125
0.00577926635742187 -0.0374641418457031 -0.01934814453125 -0.0216159820556641
0.0295314788818359 -0.0339469909667969 -0.0195503234863281 -0.0225105285644531
0.0514411926269531 -0.0131111145019531 -0.0209560394287109 -0.0347080230712891
0.0549545288085938 0.0377082824707031 -0.00191116333007813 -0.042022705078125
0.0296287536621094 0.0629692077636719 0.000484466552734373 -0.0514030456542969
0.00146484375 0.0852279663085938 0.00800704956054688 -0.0527801513671875
-0.0147781372070313 0.092132568359375 0.0308456420898438 -0.0120506286621094
0.012908935546875 0.0742263793945313 -0.00115299224853515 0.0146636962890625
0.0582771301269531 0.049774169921875 0.0221538543701172 0.0347976684570313
0.0596199035644531 0.00664520263671875 0.0480270385742188 0.0152206420898438
0.0453872680664063 -0.0300483703613281 0.0473480224609375 -0.0162887573242188
0.0130043029785156 -0.0440444946289063 0.0166015625 -0.0369644165039063
-0.0122795104980469 -0.0461921691894531 -0.00918960571289062 -0.0291595458984375
-0.0143241882324219 -0.05255126953125 -0.0112323760986328 -0.0155906677246094
-0.0189476013183594 -0.0499610900878906 -0.0153045654296875 -0.00798988342285156
0.0043487548828125 -0.0485191345214844 -0.0184535980224609 -0.00374412536621094
0.0335845947265625 -0.0449256896972656 -0.0232925415039063 -0.00864410400390625
0.0613479614257813 -0.0193367004394531 -0.0281257629394531 -0.0262699127197266
0.0673294067382813 0.0435295104980469 -0.00741577148437499 -0.0361595153808594
0.0332183837890625 0.0747756958007812 0.00146865844726562 -0.0388946533203125
-0.0050201416015625 0.09820556640625 0.00129890441894531 -0.02734375
-0.027069091796875 0.092803955078125 0.0213603973388672 0.0193309783935547
0.00205993652343751 0.0856475830078125 -0.00283622741699219 0.0345115661621094
0.0596961975097656 0.0661201477050781 0.0160675048828125 0.04290771484375
0.07012939453125 0.0152053833007812 0.0390625 0.0261344909667969
0.0572242736816406 -0.0311508178710938 0.041015625 -0.000648498535156252
0.01776123046875 -0.0509185791015625 0.0164422988891602 -0.0168275833129883
-0.0116081237792969 -0.0519371032714844 -0.000864028930664064 -0.00993824005126953
-0.0155143737792969 -0.0582199096679688 -0.00132620334625244 0.00131475925445556
-0.0222244262695313 -0.0546226501464844 -0.00596904754638672 0.0094156265258789
0.00114059448242188 -0.0520286560058594 -0.0148401260375977 0.0150604248046875
0.0319976806640625 -0.0490989685058594 -0.0251350402832031 0.00577545166015625
0.0621719360351563 -0.0215911865234375 -0.0318832397460937 -0.0147838592529297
0.068511962890625 0.0438880920410156 -0.0110187530517578 -0.0287189483642578
0.0311355590820313 0.07568359375 0.00506591796875 -0.0251483917236328
-0.0116806030273438 0.097076416015625 -0.00507783889770508 -3.91006469726493E-05
-0.0345077514648437 0.077667236328125 0.00852584838867187 0.0484542846679688
-0.00937652587890624 0.0794601440429687 -0.00597381591796875 0.0523414611816406
0.0478363037109375 0.0694961547851563 0.0076141357421875 0.0475959777832031
0.0648689270019531 0.0219650268554688 0.02606201171875 0.0346813201904297
0.0569839477539062 -0.0256919860839844 0.0299949645996094 0.0145339965820312
0.0193405151367188 -0.0492210388183594 0.0141429901123047 0.00459194183349609
-0.00963592529296875 -0.0490226745605469 0.007354736328125 0.00980091094970703
-0.0142250061035156 -0.0543174743652344 0.00894927978515625 0.0183258056640625
-0.0217971801757812 -0.0512161254882813 0.00407600402832031 0.0259513854980469
-0.000164031982421871 -0.0487327575683594 -0.0111351013183594 0.0318546295166016
0.0281639099121094 -0.0460433959960937 -0.0252494812011719 0.0183429718017578
0.0560111999511719 -0.018707275390625 -0.0330066680908203 -0.00498199462890625
0.0593719482421875 0.0420112609863281 -0.0127582550048828 -0.0217189788818359
0.0217552185058594 0.0689735412597656 0.00867366790771485 -0.011937141418457
-0.01910400390625 0.0819473266601563 -0.0124473571777344 0.0256843566894531
-0.034454345703125 0.0474281311035156 -0.00304412841796875 0.0704879760742187
-0.0174140930175781 0.0562248229980469 -0.00907135009765625 0.0645637512207031
0.0277900695800781 0.0570602416992188 -0.000671386718749993 0.0482826232910156
0.0464363098144531 0.0223503112792969 0.0134506225585938 0.0385971069335938
0.0451126098632813 -0.0165367126464844 0.0176506042480469 0.0253372192382813
0.0163726806640625 -0.0385665893554688 0.0108604431152344 0.0232181549072266
-0.006561279296875 -0.0379295349121094 0.0148849487304688 0.0264968872070312
-0.0109901428222656 -0.0424156188964844 0.0173530578613281 0.0315589904785156
-0.0173797607421875 -0.0414924621582031 0.012847900390625 0.0398445129394531
-0.000511169433593747 -0.0390663146972656 -0.0070037841796875 0.04510498046875
0.0230598449707031 -0.0367164611816406 -0.0257091522216797 0.0287036895751953
0.0446548461914062 -0.0127754211425781 -0.0337295532226563 0.00259590148925782
0.044189453125 0.037261962890625 -0.0148124694824219 -0.0159235000610352
0.00880050659179688 0.0561103820800781 0.00952434539794922 -0.000987052917480466
-0.0255584716796875 0.0567817687988281 -0.0208511352539063 0.0438995361328125
-0.0275802612304688 0.0111122131347656 -0.0117645263671875 0.0801467895507813
-0.0193157196044922 0.0243148803710937 -0.0101432800292969 0.07000732421875
0.00678443908691406 0.0315628051757813 -0.00552749633789062 0.0464630126953125
0.0220146179199219 0.0151920318603516 0.00516891479492188 0.0401725769042969
0.0236682891845703 -0.00704765319824219 0.00871658325195313 0.0316143035888672
0.00903701782226563 -0.0219955444335938 0.00930023193359375 0.034271240234375
-0.00397300720214844 -0.0205192565917969 0.0206069946289063 0.0378303527832031
-0.00658798217773437 -0.0244369506835937 0.0230979919433594 0.0401725769042969
-0.0109825134277344 -0.0255546569824219 0.0189247131347656 0.0500259399414062
0.000263214111328127 -0.0256443023681641 -0.005401611328125 0.054656982421875
0.0160903930664063 -0.0241985321044922 -0.0286788940429688 0.035858154296875
0.0294761657714844 -0.00602149963378906 -0.0352859497070313 0.00754165649414062
0.0253143310546875 0.0286598205566406 -0.0175552368164063 -0.0132980346679688
-0.0037841796875 0.0373725891113281 0.00793695449829102 0.00605630874633789
-0.0276260375976563 0.0252704620361328 -0.0313644409179688 0.0569190979003906
-0.00270809257741175 -0.0148872967720174 0.0698619190845691 -0.00935705250654434
-0.0143998011538398 -0.000607811140708637 0.0133196958306306 -0.011666176508406
-0.00964848624643828 0.0104897262144426 -0.00119876857799754 0.0271057360308834
0.00453628826107568 0.00895383527577478 0.0278171449285765 0.0362067533236828
0.00795100720587635 0.00162782154796588 0.0562301827219102 0.0149675051592158
0.00361119095271715 -0.000681220442583595 0.0608521220501095 -0.0179776892535985
0.0035714545317148 0.00121612309411587 0.0470012665650505 -0.0431561902579299
0.00453804773899192 0.0021836538395217 0.030708787875982 -0.0496313552926323
0.00309886400667977 0.00302281798076992 0.0282822767432093 -0.0410988529334892
0.000568215313717007 0.00419582385229316 0.0298123758936162 -0.0319552222234154
-0.00465508812440945 0.00613081286112585 0.0309505690557138 -0.0270765216741254
-0.011487378210527 0.00457161322683015 0.0366422224054881 -0.0240426751032586
-0.0166596903339899 -0.00754434795147895 0.0450195114512992 -0.0161825919168734
-0.00684974885109548 -0.0209813677896054 0.058528739824526 -0.0272867820895887
0.00905652994673609 -0.0239744044855335 0.074856727360262 -0.0384607030204283
0.0295348363256963 -0.0278940243461514 0.0620375158174824 -0.00441417496709263
0.00567416609764932 -0.0255853220899563 0.00466685910909591 -0.0101407257576567
-0.0100758167027307 -0.0210741664327217 -0.010955115956928 0.0367867018968533
-0.0138584695685235 -0.0104960816209358 0.0244651606972742 0.0474218124527199
-0.0157977721281713 0.00185137340400777 0.0598232054415267 0.0236599602348656
-0.0130610455065197 0.0096950932113878 0.0630752421409782 -0.0140411585032583
-0.0104036781024361 0.0168663498699376 0.0474500788562925 -0.0389634638725846
-0.00896384292414272 0.0207539286235745 0.0302623876451381 -0.045443987049493
-0.0126232568344859 0.0208020043997703 0.0261808226194216 -0.0382521120012252
-0.0191632974901952 0.0117724921320244 0.0242720159292407 -0.0292142909419596
-0.0276267848088316 0.00123537883343537 0.0244901148506998 -0.025515952923692
-0.0267152574745778 -0.020346145804981 0.0288438403469317 -0.0267237872882511
-0.0121334043467159 -0.038805906651885 0.0377098408992278 -0.0192606710940639
0.0169668605858434 -0.0410073537793928 0.0507040567347516 -0.0310160472356654
0.0428733250027512 -0.0337235544389074 0.0653127423144188 -0.0381126101877156
0.0596392878105107 -0.0355556842038559 0.0441455671957158 0.00244014751580732
0.0298222883365299 -0.0475127312462571 -0.00981370212848891 -0.00622686151038247
-0.00563101007517354 -0.054467091612321 -0.0244522400991225 0.0441579371768774
-0.031159213560645 -0.034595139650355 0.0156229632385535 0.0599679961764951
-0.0406539672353713 -0.00160225885112886 0.057533229404735 0.0344505057573515
-0.030287866075677 0.0175738687612808 0.0593394066264179 -0.00638092941613213
-0.0241136155837576 0.030142021318084 0.0426942804941533 -0.0287624617941443
-0.0205107423423574 0.0362572631379359 0.024779746175383 -0.0338656893834487
-0.0250038934330698 0.0366427999155175 0.0180982963761358 -0.0297402874040442
-0.0331714334896071 0.0208271840201939 0.0126232450310418 -0.0228944731912932
-0.0459490116732604 0.0021617944740716 0.0124328608074304 -0.0239260935613947
-0.0431161625972311 -0.0351529694341046 0.0174183589424884 -0.0301371036659331
-0.015207469733084 -0.0631557287269545 0.0286457913758289 -0.0233473326864067
0.0314957334789282 -0.0586183759307021 0.039846955993193 -0.0304746991845998
0.0678731730407734 -0.0412439539462936 0.0469965777087043 -0.0346315000884669
0.081583687705695 -0.0357938290424516 0.0168631567102838 0.0106888411256566
0.0540833380183539 -0.0612441951550143 -0.0292020772740488 -0.00195749319276711
0.00419075202424574 -0.0829746955962801 -0.041530909243557 0.0479887505631151
-0.041205735996288 -0.0589790974073912 0.000105805220298323 0.0674822657693185
-0.0614845989127805 -0.00932779137245425 0.0465595029882203 0.0445214030062427
-0.0458108337928986 0.0210477155851786 0.0478668837537998 0.00423625743243588
-0.0351004760771168 0.0380424719459745 0.0317402583937409 -0.0144081039894241
-0.0292661106488484 0.0465007695715345 0.0156547085032232 -0.0177422600281635
-0.032524595589714 0.0476705126933515 0.00731353353823812 -0.0154102334763014
-0.0408660311366678 0.0281459043483474 -0.00148427901264991 -0.0123144107844263
-0.0569539014134427 0.00628607586669398 -0.00234623900734208 -0.0193089330371741
-0.0549784678755939 -0.0412335386744716 0.00442315364681083 -0.0307655269347813
-0.0196267601259017 -0.0763790865419519 0.0186500602750976 -0.0242592221758407
0.0380524651053427 -0.0689970646613409 0.0285152988487986 -0.0246034336538189
0.0821213310263542 -0.043688204315975 0.0230005299895576 -0.0259152590010838
0.0903684970980902 -0.0296034061149975 -0.0155683806048276 0.0178268691239499
0.0700493840269566 -0.0614273670553405 -0.049688606629498 0.00361587956031225
0.0185364403449693 -0.0951365609326928 -0.0566044969715573 0.0447574993562104
-0.0402391674052881 -0.0752161675494638 -0.0184464236750036 0.0664090172442496
-0.0705756067705322 -0.0186396622957877 0.0271554918190773 0.0493931179501574
-0.0540608990713179 0.0201288219189978 0.0293656752183804 0.0146461035555738
-0.0415201477577196 0.0392642343756266 0.0164412879518973 0.00177786663604939
-0.0333980383860126 0.0497468440532955 0.0038339890298774 0.000887335937285886
-0.0348379246565908 0.0519099492456828 -0.00531137690201464 0.00145753199285251
-0.0429163245856222 0.0319188884655749 -0.0155453989317427 0.000374636890001383
-0.0590378269811022 0.00969354802777224 -0.0165037708290756 -0.0128560370045612
-0.0570810926161909 -0.041295191166008 -0.00785506846555288 -0.0283486168382394
-0.0203319128441946 -0.0776309478637076 0.0105580983990903 -0.0230057287008839
0.0403647985781716 -0.0688801714340142 0.0185439558475229 -0.0148282614560451
0.0842086793853703 -0.039595460305975 -0.00200913156677432 -0.0141639185584988
0.0819650986734451 -0.0183785911346371 -0.0454071352189579 0.0235087497002057
0.0721105512483072 -0.0489569206368545 -0.0663244244788275 0.00793478673001247
0.029623298452283 -0.0875117594939729 -0.0650711979411101 0.0356467559247322
-0.0293861544905648 -0.0764420759403075 -0.0341562916017066 0.056325879751954
-0.0652968025263266 -0.0247206717638605 0.00551546916351485 0.0469574055398146
-0.0528200100796393 0.0155467768867216 0.00779732517117819 0.0219972604217618
-0.0407783214075515 0.0349352509933975 -0.000658573699899442 0.0172363100805281
-0.0322663319163013 0.0451667637486972 -0.00803087112423988 0.0192070061219105
-0.0321780133326999 0.0476601471685472 -0.0172715493917673 0.0179338005361724
-0.0391278136664546 0.029864983901639 -0.0286194394577096 0.0118301146188368
-0.0532371827412551 0.00967267993768388 -0.029024228128757 -0.00748075305718645
-0.0496298489864065 -0.0377897414545876 -0.0172267363149162 -0.0256472167036516
-0.0144697325608126 -0.0702784471899518 0.00436428927470938 -0.0214311826761793
0.0405073838680246 -0.0580928213119765 0.00977491524740605 -0.00490823094521889
0.0762267794264733 -0.0273722794890109 -0.0255849461878613 -0.00346293535743185
0.0578562344789469 -0.00545058779653815 -0.069001835004259 0.0284953195891549
0.0583602836927898 -0.0281624065694822 -0.0747639318369706 0.0128420946074672
0.0314161429663997 -0.0625506963702764 -0.0646705108667547 0.0244934719982837
-0.0144815885623351 -0.0612850517955271 -0.0423954284224317 0.0414432708353724
-0.0485414608842935 -0.0242611868346082 -0.0138606914074036 0.0391953776033726
-0.041852732268691 0.00936752419560379 -0.012001155888375 0.0262842592211711
-0.0324496754043979 0.0251468421357929 -0.0161675335225017 0.0290127667332163
-0.0261010871750185 0.0340463026450806 -0.0182200865821994 0.0336086675997058
-0.0263833426166401 0.0370752241414601 -0.028034676160407 0.0319610921373483
-0.0320424451031346 0.0229311643900767 -0.0393097281701644 0.0201421485838204
-0.0426081000835529 0.00670676693271444 -0.0397744883087887 -0.00483487515683725
-0.0373125193781959 -0.0320262391977532 -0.0237960343762102 -0.0246069233113509
-0.00544446675017412 -0.0567177566818202 1.8493810319219E-05 -0.0212909113601063
0.0379933434535118 -0.0404592333635587 0.00273234155325228 0.0020902608761812
0.0592136793536246 -0.0103421931447009 -0.0450708022802273 0.00358113753249626
0.0240058189895592 0.0075325042685026 -0.0776095846615672 0.0305196435433042
0.032565734542869 -0.00615916993682491 -0.0748426508597026 0.01823639681298
0.0221239439661749 -0.0294974982284857 -0.0567474081792834 0.0181331444948523
-0.00255085177679521 -0.0340650076339846 -0.0426754488113014 0.0290673278277059
-0.0242285263262066 -0.0155941437602086 -0.0248717939316039 0.0305887674948366
-0.0232824948905875 0.00318755357334204 -0.0249963991796425 0.0278669090734011
-0.0182784729346 0.0121735685728528 -0.0270793500854984 0.0366426817273513
-0.0155363359259686 0.0181033979286787 -0.0258161965291508 0.0434970045219841
-0.0163038842022947 0.0210635497644866 -0.0369432551755091 0.0409996032104114
-0.0213945035137148 0.0136900154032188 -0.048382057755645 0.0246332796107761
-0.027738048385996 0.00295985952832592 -0.0483867431561794 -0.00558988341372099
-0.0215588955331431 -0.0233328624770441 -0.0282631417288785 -0.0260475861993317
0.00242317033080253 -0.0375002548504764 -0.00202430666329894 -0.0231703358368825
0.0306884279847765 -0.0198581278116177 -0.00265136620315375 0.00546281662212906
0.0350654438732204 0.00684492414221784 -0.0612796812843161 0.00606850656954047
-0.00308614482140061 -0.0155636348114375 0.0709640500081671 -0.0124897855079381
-0.0147541881350181 -0.000141549296543075 0.0125021423439356 -0.0127644271311264
-0.00980716377068783 0.0114636396610502 -0.000680291803684569 0.0285872871978912
0.00462366492952593 0.00931616150900217 0.0299190991155725 0.0364574885263798
0.00815254581560093 0.00136145114265978 0.0586106224721254 0.012920697445012
0.00366729622400423 -0.000766516886611571 0.0623306934318164 -0.0220451403258299
0.00394376935577711 0.00114398263513741 0.0456414203726592 -0.0467818381322873
0.00493833539983614 0.00222673623869211 0.0287923827799069 -0.0530836736180071
0.00316445751401896 0.0034336813452748 0.027168374066523 -0.0440827350530414
0.000672629413692322 0.00447015919886134 0.0294229788179699 -0.03529461798257
-0.0043546262102635 0.00688338432776287 0.0305931905679133 -0.0300294239637659
-0.0120388258426533 0.00513898477304434 0.0371240330652004 -0.0261636421373104
-0.0176490988775085 -0.00701917013691909 0.0461724020273783 -0.0183639482968562
-0.00775385084729658 -0.0207907074128002 0.0589325003051458 -0.0301411557445049
0.00814178202816931 -0.0250977146471717 0.0761886217481136 -0.0428846622501497
0.0296693686626134 -0.0304941210744013 0.0632294010109361 -0.00766022127058293
0.00446672790926016 -0.0267121811715264 0.00388945719291423 -0.0104811783889766
-0.0112909932582797 -0.0214207054538938 -0.00948207445120049 0.0377769137115852
-0.0151029799763156 -0.0105459334501736 0.0271724518091178 0.0489734512408353
-0.0162630062455777 0.00256530221520825 0.0632398443797687 0.0218303610017378
-0.0131162598924037 0.0106565076198221 0.0646172362071304 -0.0174553072421736
-0.0095961307900988 0.0185347049054696 0.0469422015690545 -0.0429693040697062
-0.00775175898255273 0.0222109675846879 0.0282595113497809 -0.0485553407477133
-0.0118856732735981 0.0221508709498339 0.0243841998868062 -0.0413401226911356
-0.0187740990511978 0.0129535049096454 0.0235194556125939 -0.0320810556458479
-0.0280779469416672 0.00278072360926093 0.0242382266931502 -0.0283029752313539
-0.0287106179704173 -0.019739082016 0.0284206099578929 -0.028707161704777
-0.0147853334134529 -0.0398341524104106 0.0383068700119489 -0.0213516673534322
0.0161066879978366 -0.0428778062149936 0.0505925207027942 -0.0335431540507724
0.0431439757362038 -0.0368256376945718 0.0660153808060036 -0.0423064215521851
0.0602529912336866 -0.0395428752083029 0.0447507394764102 0.000770643225591202
0.0289285772018929 -0.0503309118091541 -0.0111961922481144 -0.00638510355483371
-0.00879800225753159 -0.0562354508825424 -0.0240601244558003 0.0466634366673212
-0.0337795470564975 -0.0342965962016356 0.0181317765929685 0.0611943074453656
-0.0419162506937537 0.000139342155801505 0.0613334377512279 0.0328769625719233
-0.0307580784355068 0.0196758981518642 0.0610416875260156 -0.00935398671763124
-0.02298114620718 0.0321355673468665 0.0420799457176994 -0.0322505877097753
-0.018761542188036 0.0389238378561762 0.023514292585081 -0.0367560841052141
-0.0234310182512894 0.0396133690922424 0.016948069101234 -0.0313224161726016
-0.033559608241813 0.0232468454083573 0.0119858885252025 -0.0244396757614951
-0.0473546957152376 0.00485294389049825 0.0122566311105711 -0.025482066070022
-0.0460478974647031 -0.0341095300856727 0.0158366726321117 -0.0317502430033947
-0.0193459664327905 -0.0645821888790551 0.0287765469251558 -0.024808961192606
0.0305081741799648 -0.0617850134391936 0.0397971628561987 -0.0330955520346133
0.0685872751407704 -0.0461583716249998 0.0467826537750294 -0.0377742034508031
0.0833018827360977 -0.0408934966938714 0.0170149417944299 0.0100179465556828
0.0531970821423302 -0.065455269915435 -0.0308542559278842 -0.000526020581433086
0.000374450650909949 -0.0858577839914517 -0.0411838477356219 0.0510324644361764
-0.0453005389137445 -0.0589561321996394 0.00226098940250747 0.0699394222066265
-0.063714282833633 -0.00654161708337615 0.0503051286834488 0.0439621043335079
-0.0456811709495218 0.0240294591085473 0.0496053677820717 0.00237754605988652
-0.0344154231737839 0.0412371207360936 0.0321162831817589 -0.0163041414629506
-0.0272178486663998 0.0498958555235261 0.0145635458198044 -0.019303069307397
-0.0304810428265425 0.0512710274566964 0.00595854096844406 -0.0169130867975391
-0.0409606365601438 0.0312551120533365 -0.00220325738472512 -0.0129608413818519
-0.0586686339291702 0.00977974497849664 -0.00275548496205142 -0.0203042926136898
-0.0585768674726188 -0.0399051653479984 0.0023471405052089 -0.0315791123974877
-0.0243303954452506 -0.077738021072949 0.0188518464173694 -0.0263855975824475
0.0358134828911377 -0.073434089748146 0.028557386702692 -0.0268024065504289
0.0829433973474655 -0.0498044602515484 0.0226524072009138 -0.027634457973161
0.0913475212394918 -0.0349757772304983 -0.0155330695050268 0.0193989186321233
0.0697924080390988 -0.0667456092985239 -0.051687294302818 0.00568109735450574
0.0142051980722073 -0.099216676504942 -0.0571093493927442 0.0482574291653435
-0.0450926346968026 -0.0763656366093132 -0.0174308498999171 0.0692105027851748
-0.0738035832932488 -0.0153308492240533 0.0307263218406514 0.0498255041695917
-0.0549893689074227 0.0228462927303953 0.0305450163804472 0.0141690669074979
-0.0409619654463366 0.0428385341000466 0.0171660143535973 0.00125606021461865
-0.0311740720470606 0.0534933335662311 0.0041642712579902 0.000654017252359272
-0.0325787114306304 0.0551971502459755 -0.00544341429157171 0.00150933817164872
-0.0423244097403953 0.034887275089674 -0.0162876349880512 0.000331046011375543
-0.0601019170032413 0.0129474367314126 -0.0179357376952334 -0.0131329675233037
-0.0611377447490202 -0.0394941557204932 -0.00994398077704127 -0.0286071637779312
-0.0247984611755586 -0.0791273125507816 0.0103677952228444 -0.0248672994289659
0.0386450673034164 -0.0728544857941395 0.0185600656474407 -0.01658995138493
0.0851959957506438 -0.0447855260533814 -0.00297025094320856 -0.0148310315350913
0.083552917137632 -0.0231140139938947 -0.0468734071374769 0.0264874001247897
0.0724663280465522 -0.0534824556730691 -0.0677749133701949 0.0105046613673508
0.0256684565424507 -0.0911084522123892 -0.0656963767260437 0.0392209919716453
-0.033617819578916 -0.077891132933465 -0.0335816409774949 0.0591030793325712
-0.0688699429093803 -0.0222227995982395 0.00801962819815354 0.0485799985785714
-0.0543177436333141 0.0183539495810092 0.00884236486947906 0.023092839588506
-0.0401651882500722 0.0377239503040267 0.000476396614098604 0.0176463700319884
-0.030501295665667 0.048660740000999 -0.00750629251022801 0.019909789946595
-0.0307461294976635 0.0506904915966805 -0.0172113672014649 0.0190964726629006
-0.0394153505358152 0.0324258159741284 -0.0287962790573407 0.0136808596930182
-0.0545028458354711 0.0125655934612288 -0.030539604584051 -0.00702721507645927
-0.0532872229556941 -0.0369180906077122 -0.0192409215645734 -0.0259078097404951
-0.018312439998674 -0.0719226542327647 0.00411115334072238 -0.022677384926624
0.0389695431494074 -0.061514482273909 0.0101229753794378 -0.00628477019564562
0.0774696585456891 -0.0318764265200099 -0.027080315919751 -0.00297246230513709
0.0593020020990622 -0.00870219285230123 -0.0705976904135951 0.032493115392372
0.0589769207886809 -0.0315312478931703 -0.0767264457642545 0.0164765623845199
0.0293378831892159 -0.0656421538502234 -0.0658625298587682 0.0278922709540967
-0.0178825162796577 -0.0626774093005151 -0.042300485755681 0.0443502681169774
-0.0509479910821513 -0.0219369866024734 -0.012302893208573 0.0414234409971191
-0.04275738235473 0.0120502319837401 -0.0106910362711045 0.028429656901628
-0.0324891055486739 0.0279085816283424 -0.0143405265867291 0.0313997872588045
-0.0248630607341942 0.0366259486613306 -0.0163460160521999 0.0355556661400588
-0.0251852319462689 0.0393601724094904 -0.0270442294160232 0.034327281912414
-0.0322585944362754 0.0255986688280735 -0.0395614300644597 0.0226969848324935
-0.0435841381397133 0.00885092313694482 -0.0413064892020088 -0.00345651565464017
-0.0398636978547926 -0.0315122635766854 -0.0261969746583004 -0.0241323692639502
-0.00867090102629278 -0.0581994602345794 -0.000628201959265489 -0.0217943096694797
0.0371094686068456 -0.0432641829502096 0.00317246291846002 0.00105636918430866
0.0607428485533219 -0.0138688123263854 -0.0472167304817064 0.00591577113034384
0.0250420925055929 0.00623429586778605 -0.0793389185351063 0.0345812884690839
0.0333648537661916 -0.00716368487794523 -0.0756574269318551 0.0217390645842281
0.021577455091942 -0.0312528006390713 -0.0584449281608518 0.0203029956393724
-0.00343892043213247 -0.0350552886107629 -0.0431212721902528 0.0313869452310722
-0.0258816129085796 -0.0152184991695994 -0.0252246785284359 0.0329685443735253
-0.0239676278153312 0.00492322657337908 -0.024522134168233 0.0306231617876479
-0.0184471841502571 0.0133730103149966 -0.025496564411525 0.0399816312632249
-0.0152727217111181 0.0194140283949273 -0.0235595851494543 0.0464436870694026
-0.0155563707242977 0.0223606348151894 -0.035429660750263 0.0445071659933055
-0.0216997967043911 0.0151273693861693 -0.0485477036317602 0.0279436615853472
-0.0284715174184892 0.00440002607075202 -0.0504637239813273 -0.00394602288164087
-0.0231714690515494 -0.0230173584153524 -0.0304109046903236 -0.0259694153800847
0.000682883441567732 -0.038400833377193 -0.00252272595627056 -0.0240194231625835
0.0306698119549342 -0.0216774227149333 -0.00253301820510599 0.00543263283566701
0.0362437945144523 0.00557794722184007 -0.0631526720147324 0.00847705253299156
-0.00359257017545198 -0.0160602608059754 0.0706495873510165 -0.0156423721668611
-0.0145525044691941 -2.41110686038971E-05 0.011018746278086 -0.0132216551785589
-0.00932750080879958 0.0115503777698555 -2.44325986397712E-05 0.0294409952195157
0.00487051724665364 0.00912036515299126 0.0319904134433759 0.0358859859233654
0.00808373441831374 0.000709773567175659 0.0599335188793315 0.0106110245093998
0.00325173044907699 -0.00111359543414632 0.0617702380111296 -0.0250320697690292
0.00415231930877256 0.00132731994891783 0.0429352416364363 -0.0495300004502017
0.00523671187040412 0.00204097606101139 0.0257109687135794 -0.0548450418964017
0.0034073137578612 0.00375204840755422 0.0249342436605187 -0.0463807547500688
0.000557740471261237 0.00490198635857423 0.0280732617032462 -0.0374710030934863
-0.00428687755827729 0.00759601683476842 0.029673369823286 -0.0316780830827953
-0.0119641635646369 0.00543511593691598 0.0361618040389397 -0.0277584178923876
-0.0183408954011296 -0.00658122678145944 0.0460114574573017 -0.0199158100868737
-0.00827960063291299 -0.0208311216800758 0.0575754221543825 -0.0323546565405223
0.00767240576079617 -0.0257953062580102 0.0759535350802534 -0.0465157508679353
0.0282694349018994 -0.0319760072502375 0.0629887371915316 -0.00972565856229055
0.00385091293175386 -0.0275578335927215 0.00226598909545892 -0.010409378809327
-0.0130046149661443 -0.0210012318794823 -0.00892683293443563 0.0387751052079819
-0.016015187372199 -0.00960201719159873 0.0289224001052972 0.0482617300149713
-0.0162173004466219 0.00341666695204332 0.0651785850372931 0.0190080626429781
-0.0125436272081131 0.0115044009785074 0.0645533399615539 -0.0209770175523569
-0.00879453415689312 0.019286495543289 0.044716402162678 -0.0456871825661753
-0.00613822977196578 0.0226987672481718 0.0253637382882889 -0.0500733511696808
-0.0105833298057973 0.0237329217049976 0.0227168344869256 -0.0435752072363097
-0.01882010858351 0.0143388080461576 0.0223605383867397 -0.0341275421415504
-0.0286541170043431 0.00451411817118824 0.0232498488140905 -0.0299566891495072
-0.0302282239286881 -0.0187863278487013 0.0273425981933731 -0.0298124973547059
-0.01703696868879 -0.0396842870533652 0.0381262967324724 -0.0227193412779698
0.0148854508958315 -0.0439744469375387 0.0493593642578581 -0.0355422059908879
0.0420453167047322 -0.0390413762707268 0.0655856099235764 -0.0456251794639826
0.0591471824166002 -0.0431854371837539 0.0445991151679595 -0.000734563892544735
0.0272263836815505 -0.0522414651731215 -0.0123056370187774 -0.00586598707539491
-0.0116035093317911 -0.0561934565114287 -0.0230255257919625 0.0478472977721934
-0.0359793833612077 -0.0333394847917162 0.0203386014911119 0.0614815238907887
-0.0425126583075773 0.0023349567318647 0.0636248486545563 0.0299942602510077
-0.030230277589691 0.0209842340093038 0.0614429909960421 -0.0123073118581451
-0.0216758580963069 0.0338868572789329 0.0406840459485045 -0.0344682622451364
-0.0167037073038671 0.0406829955471584 0.0210220030438075 -0.038463025935529
-0.0216933299711296 0.0411555003445935 0.0149696079935261 -0.033413613021894
-0.032663963984683 0.0247451546195231 0.0110405467300671 -0.0261424277888469
-0.0475396270830438 0.00731674971667113 0.0109267344269546 -0.0275609912669875
-0.0485859915167392 -0.0327214211345081 0.0147680690848439 -0.0324833731181338
-0.022633859709785 -0.0645551567374354 0.0283373819633658 -0.0261193552499833
0.0283315536543095 -0.0642773186208804 0.038535349609498 -0.0352047125192515
0.0676331576685326 -0.0499418548338926 0.0463861374877805 -0.0398780351050982
0.0824087191423881 -0.0458529285617928 0.0169123672546214 0.00938813455147146
0.0506878201484134 -0.068735029093475 -0.031713606244081 0.000938381502937614
-0.0040827451062492 -0.0866926774878942 -0.0402176285219517 0.0528196328286815
-0.0486093996656286 -0.0580835540145411 0.00431196696978908 0.0698925536487778
-0.0648977596808277 -0.00339506556875375 0.0530758944381741 0.0421423497368799
-0.0456064992230393 0.0264411516225694 0.0503540447115579 0.00013778144046039
-0.0328701665570935 0.043261203931137 0.0314831326181448 -0.0181819455232806
-0.0244188770908053 0.0520711256974175 0.0138402739562884 -0.0207025954697024
-0.0277661483135471 0.0536418205347699 0.00529463814439129 -0.0171297894602638
-0.039897012952087 0.0334441330957946 -0.00248303360522396 -0.0138183544598163
-0.0585265935765964 0.0128592102429863 -0.00406264024554337 -0.0208122200595363
-0.0615455474428603 -0.0379123712173359 0.00111433863932441 -0.0316460049088331
-0.0291772589700468 -0.0773617583476847 0.0185785046164309 -0.0270785737801608
0.0338143369278535 -0.0754377152381305 0.0275492437647183 -0.0288352678113612
0.0818817659030864 -0.0543765569345176 0.0216204031356041 -0.0292037022470541
0.0914120323876935 -0.0399736117548364 -0.0157438400116884 0.0204226795873608
0.0681455518798483 -0.0701793095417668 -0.0522201609528686 0.00754621002083161
0.00915380572859242 -0.100545404539014 -0.0562473420685482 0.0506183960198268
-0.0490276298507954 -0.0754781653789771 -0.0151923314086562 0.0703030457002451
-0.0756267193059357 -0.012060471243538 0.0335449931500977 0.0490010913557005
-0.0548458368535346 0.0264528984789836 0.0323243712549089 0.0129464949152534
-0.0393259094612735 0.0452392095766274 0.0173045922578401 0.000578149543107387
-0.0283996656149203 0.0557158905940024 0.00418629103488925 5.1702939147395E-05
-0.0296087182421926 0.0580498439813968 -0.00537987861463766 0.00162741673699636
-0.0416402503318166 0.0372089023141762 -0.0163621629131827 0.000890750311010806
-0.059517757226148 0.0164133601856518 -0.0184412730782951 -0.0136079032403324
-0.064024044802463 -0.0370329809431454 -0.0112163761803199 -0.028314689276912
-0.0291408217210269 -0.0788902244721733 0.00978083597714275 -0.0258859500288299
0.03574388572584 -0.0751895069315785 0.0179398083505888 -0.01808320996967
0.0843841924220685 -0.0494566276371012 -0.0039759169313787 -0.0149698698266916
0.0836661813009862 -0.0281119539504023 -0.047065600020926 0.0286385981346757
0.0710624457260459 -0.0565514904126801 -0.0682289032989304 0.0137137221235804
0.0217359546723446 -0.0933765614851988 -0.0657510507226629 0.0417055073890963
-0.0372747470381362 -0.0776487250829983 -0.0321931070004465 0.0610617926378593
-0.0707261402193973 -0.0190401491941736 0.0100431327172282 0.0488704313169158
-0.0540442746743059 0.0213966877284372 0.0103834211536529 0.0233513205672405
-0.0388830322028549 0.0400941544886816 0.00171437536468744 0.0182466730428233
-0.0280873342907338 0.0508220136525113 -0.00545335362157777 0.0204185844803329
-0.0279194344380276 0.0532672693077799 -0.0161473908965518 0.020209471705817
-0.0382427196356534 0.0348184928051989 -0.0283271715410429 0.014599259743806
-0.0541359342399097 0.0148452923063693 -0.0313740816300956 -0.00577885853548586
-0.0556547320347423 -0.0348189183717232 -0.0206541532775411 -0.0248681107878727
-0.0220403642491654 -0.0716835183243276 0.00371746391851678 -0.0236121548279886
0.0367195312763377 -0.0639409394236604 0.0101208686242897 -0.00778336641655646
0.076967129266787 -0.0362449954242982 -0.0275465492112552 -0.00164695442641479
0.0595296499365925 -0.0117423275975225 -0.070177558963117 0.0350098753909627
0.0584122523960528 -0.0332475380169013 -0.0764181306000277 0.0193021468820732
0.0262953197316718 -0.0673206252978185 -0.0657715729280751 0.0305239940889647
-0.0204301232655309 -0.0630835748376738 -0.0420513719626369 0.0460020505845495
-0.052542836938713 -0.0198028126394607 -0.0110350383706452 0.0428279609234043
-0.0427811384327806 0.0141646734696225 -0.00971495696551127 0.0298984666652614
-0.0315650548079515 0.0292155854346877 -0.0128915716705888 0.0326106855137636
-0.0229278045578435 0.038691423712751 -0.0141128846608773 0.036978053572191
-0.0232135279581867 0.0414590225529495 -0.0251116929300191 0.0358607286137495
-0.031522675410703 0.0269990807905121 -0.0385542038976304 0.0251102337613947
-0.0432533172822886 0.0111804908294193 -0.0419074342633754 -0.0018031118546013
-0.0421083030907659 -0.0302649787157409 -0.027451801274391 -0.0232456736435114
-0.0113966835824912 -0.057933193188351 -0.00106870540090219 -0.0227661365752839
0.0354447772785272 -0.0454213183418614 0.00350769756550268 0.000234591463646641
0.0610258713239349 -0.0164933203118458 -0.0474595510274672 0.00768604359697023
0.0252544548775465 0.00509237140313722 -0.0791015560951784 0.0382180337453086
0.0334099379934732 -0.00877758632860421 -0.0758192303283629 0.0243260406444448
0.0206087252389069 -0.032126611046984 -0.0581863972574559 0.0223508808016912
-0.0055548811526472 -0.0355979994980072 -0.042451451099111 0.0334427116147371
-0.0266947051829702 -0.0141121054746562 -0.0242800398673746 0.0343708122749376
-0.0240674236413596 0.00578508473552956 -0.0237319203976661 0.0329352507158444
-0.0180190621398152 0.0146881526559462 -0.0232054337372783 0.0416308460256028
-0.0143678901756846 0.020574780350218 -0.0212626373803196 0.0477077353121018
-0.0150060671713649 0.0235487579462506 -0.0331251489446671 0.0465901244258238
-0.0213178712099173 0.016440746055228 -0.0472109313661033 0.0306240919395877
-0.0287493437154856 0.0055603757125846 -0.0514663247056708 -0.00162972949848742
-0.0240302675250419 -0.0230776981485532 -0.0318304222427315 -0.0250253439879676
-0.00134406857996492 -0.0384260102537419 -0.00331008903586643 -0.0246357514851921
0.0299573560216827 -0.0230911376703946 -0.00150825258478156 0.00467287833921238
0.0369615157085944 0.00408756690435696 -0.0639670588531998 0.0117616276980148
-0.00871224954698449 -0.0149121991072323 0.0631716509566849 -0.037967268900012
-0.0139192601123692 0.0048882370749911 0.00610195544585408 -0.0167908520269014
-0.0042966403488058 0.0143371003741196 0.00847453440268475 0.0272351571478756
0.0082498170475913 0.00695233388389374 0.041745890231479 0.0241497689016502
0.0085564268997011 -0.00239192062343812 0.0606832385192096 -0.00959015134813619
0.00394213531929395 -0.00242390412384603 0.0496659138199162 -0.044976085624046
0.00524764089988733 -0.000556293384499282 0.022480241420192 -0.0621728324499748
0.00618066525077518 -1.35688737645037E-05 0.00401916934609756 -0.0598793934390145
0.0049841293946377 0.00227015684217158 0.00753781769566125 -0.0528444656281399
0.00226215785280075 0.00453729706788329 0.0139225853225693 -0.0456474798625148
-0.00129026600803279 0.00862192865092077 0.0173247498752179 -0.0407605617651936
-0.00991258936219235 0.00935502005519501 0.0255942790680251 -0.0379781452062124
-0.0195139964478448 1.32228755511483E-05 0.038017148576865 -0.032756940914071
-0.0149720808023152 -0.0170481229869127 0.0448655903791429 -0.0475975442742625
-0.00107736965351567 -0.0270887325691654 0.0569918445544937 -0.0665242780146107
0.0165796879918743 -0.0424770643433166 0.0564206091191806 -0.0278320621426927
-0.00617634619848806 -0.0278808953620782 -0.000837906611211075 -0.00974063836273331
-0.0196715865070194 -0.0150137412232324 0.00556486469219848 0.040072994963246
-0.0184290261237488 -0.00309665445489888 0.0445806518792059 0.0358630649384413
-0.0135853860901888 0.00866943206343312 0.0681667808856222 -0.00428693161023704
-0.00732283185602404 0.0146182999720642 0.053875511899546 -0.0426236591749581
-0.00130780289394496 0.0209297560447299 0.0259915906526794 -0.0591719379533644
0.00217884914101581 0.0231923476311897 0.00478635392279219 -0.0558911233719064
-0.001911898795303 0.0259650399018936 0.00562858674569271 -0.0488778633795104
-0.0130425254024307 0.0200384663069275 0.010109885965336 -0.0407581999045029
-0.0254376882786901 0.0141601452742258 0.0121488702804842 -0.0370623332521118
-0.0348121900792608 -0.00778444213217967 0.0172301824693366 -0.0364919451396657
-0.029316574336587 -0.0318463344584507 0.0292547747416374 -0.0329982566258716
-0.0010218342053663 -0.0462706299119014 0.0347971771690775 -0.048862975975449
0.0278525872461067 -0.0510523389823797 0.0463932597049916 -0.0632245904572923
0.0423709449211595 -0.0635166401260467 0.0413333643633979 -0.0123383908330865
0.00706008872594651 -0.0600526995405809 -0.0125282332378168 0.00172268494429879
-0.0312341460427092 -0.0485652145652268 -0.00277191606258335 0.0542441926492889
-0.0459132605317002 -0.0179271522744414 0.0421771181815603 0.0509094070676546
-0.0387203038924321 0.0173060414796406 0.0717633628931169 0.00594405984392644
-0.020156736331285 0.0297914414140985 0.0538214841965231 -0.033727665582816
-0.00905520619701506 0.0400702200988075 0.0267337009734902 -0.0479445535654846
-0.00180651655457954 0.0437744671680699 0.00527058499789968 -0.0438612986843242
-0.00579866728834781 0.0459569238485654 0.00213598721829406 -0.0368128829441196
-0.0226388879920626 0.0344554662529102 0.00197711457963994 -0.0299513918017831
-0.0421967270152143 0.0233448767822213 0.00192311845011638 -0.0307117475216608
-0.057464835996331 -0.0145513847399495 0.00504277056788396 -0.0345473880088357
-0.0428244501783295 -0.0531027690586445 0.0188087384619799 -0.0324519315733399
0.00512305187747924 -0.0701433833075258 0.024449516852071 -0.0447004049136619
0.049085331262369 -0.0697128915374383 0.0286616065016691 -0.052818709270019
0.0632233897367242 -0.0741412170837122 0.0183060869491171 0.00792511824544453
0.023848574285366 -0.0836199952854692 -0.0286918851989371 0.0157616608260944
-0.034802006335003 -0.0794450116842233 -0.0162390047293185 0.0654700448682621
-0.0674627416432137 -0.0362800862551451 0.0311656004389318 0.064607475371355
-0.0613588048442856 0.0192650468427044 0.0656103752405567 0.019886797027578
-0.0335422942307667 0.0401571913282669 0.0471348264619178 -0.0184991504445769
-0.0163033380490474 0.0527170513716898 0.0238476914937581 -0.029826413503455
-0.00481416686919918 0.057032833803997 0.00447139751619164 -0.0250237143361526
-0.00754117850058677 0.0595645858614388 -0.00217966255839807 -0.0190156338092399
-0.0266293985956299 0.0447350632891464 -0.00716268960365172 -0.0137674571196775
-0.0504813107999102 0.0317803232546565 -0.00997101649805804 -0.0202344297743766
-0.0710248643975397 -0.0151706159669143 -0.00752181537919882 -0.0300057001823129
-0.0530695191187555 -0.0631886757961073 0.00935840323333285 -0.0304332266580227
0.00633789928060695 -0.0826951196242907 0.0154137165695575 -0.0354857252502221
0.0614225584806975 -0.0786710250406602 0.00838526015512326 -0.0351574786825562
0.0743387845160252 -0.0713596828170551 -0.0102023752737196 0.0283166732010417
0.039436438723628 -0.0910102745245307 -0.0467457382019351 0.0297229133048008
-0.0269154402953004 -0.0976171217975277 -0.0317770299621795 0.0692614077415633
-0.0737153234696155 -0.0529707291186929 0.0131787354064229 0.0712967899247711
-0.0748714373330115 0.0148251793557428 0.049524013975764 0.0327745418222516
-0.0426742222225903 0.0430853000555513 0.0347909115911481 4.53619551054278E-05
-0.0222519542640652 0.0572678876988868 0.0178699527656408 -0.00736593172813757
-0.00794052603285347 0.0618425660559096 0.00310867405914179 -0.00224245254727071
-0.00777567341347345 0.0640514076738859 -0.00550444255048943 0.00262725919605146
-0.0264064445031305 0.0487893040555406 -0.0147112548483468 0.00490343964830426
-0.0509003199477196 0.0354751853017644 -0.0208851982875697 -0.00818121153841641
-0.0730824561144296 -0.0134412699026738 -0.0181606538306695 -0.0229753573594308
-0.0535438191613732 -0.0642841439057077 0.00134622944949132 -0.026226643372487
0.00850987125150242 -0.0834281078825052 0.00980867826613478 -0.0227848265189824
0.0654016460120703 -0.0747272435794431 -0.0108095433807405 -0.0142831670179804
0.0706381003339437 -0.0565074867487098 -0.036781239961252 0.0462206149473064
0.0477404790869288 -0.0791178220112212 -0.0608135464058448 0.0399725926864711
-0.0126279945229495 -0.0948939611792865 -0.0443300519360141 0.064229904205629
-0.0639510169688808 -0.0594445678436753 -0.00637891395718162 0.0685602798980601
-0.0727140842924646 0.00677482254670227 0.0275676614827492 0.0406652201726062
-0.0431178379064874 0.0385353162308863 0.0176233699196386 0.017102042074775
-0.0235638530670497 0.0520481002112804 0.00916431612416785 0.0150035055200036
-0.00893769660078843 0.0571143079674804 0.00148173892997532 0.0200237469346621
-0.00817993456075467 0.0596577093683107 -0.00872141620230786 0.0238359347116359
-0.024638052199402 0.0455960301248369 -0.0216760917652916 0.0218571745932747
-0.0455715632914815 0.03247434683427 -0.0304979416217697 0.00320178097047894
-0.0642596526321381 -0.0142529326196257 -0.0260023533661573 -0.0166222025637382
-0.0446940646741109 -0.0601247270777391 -0.00422722448100956 -0.0226456820056236
0.013362808624759 -0.0726355889506323 0.00577759072211893 -0.0109284034592733
0.0627344093652569 -0.0597422265835852 -0.028793357052166 0.00547741857974261
0.0529618822600976 -0.0319938900778153 -0.0569171466365534 0.058961304297549
0.0434683733677019 -0.051891855320436 -0.0668021141975309 0.046420992733593
0.00128780709871535 -0.072294849850606 -0.049634319423829 0.0530917652252864
-0.0424788878647667 -0.051743367598177 -0.0218669779823552 0.0583155498118263
-0.0559319962219321 -6.24199427344057E-05 0.00486998483878712 0.042128052600588
-0.035486113906695 0.0280806890714928 0.00114061155002753 0.0304987649023962
-0.0201242214493266 0.0394299895289994 0.000889266088945381 0.0343149341458581
-0.00903090038242059 0.043943722288775 -0.000790349239772781 0.0386678675269426
-0.00793404249810069 0.0463941840930382 -0.0119982224210163 0.0415359365757975
-0.0209644782661219 0.0363560798951801 -0.0278782875757401 0.0351815289321722
-0.0368533423770733 0.0246365977650089 -0.0397573543523143 0.0110313348927725
-0.0498912672152875 -0.0149983136137479 -0.0321976348325362 -0.0130857223306538
-0.0300266170877482 -0.0509310044560528 -0.00879187137266184 -0.0207415496567617
0.0183607199992097 -0.0545802300571637 0.00254796930674802 -0.00154506927182628
0.0532456626716179 -0.0358101500319656 -0.0441668334727442 0.0203923005219167
0.0254314886990422 -0.00313636723107489 -0.0639968679512948 0.063394366325754
0.0287977674080389 -0.0188787463887874 -0.0646873256542792 0.0494806997225662
0.00823829673139803 -0.0370959206330306 -0.0471233649869923 0.0420523516194918
-0.0182864195511493 -0.0310656728000236 -0.0284493520950528 0.0467143970915638
-0.0301128360936096 -0.00355404692160518 -0.0106111044816376 0.0405639459110062
-0.0208621097666894 0.0141670000418754 -0.0107333147800995 0.0386897905199922
-0.012466277163563 0.0204245066817396 -0.00602199531122946 0.0468817152319247
-0.0067387355893848 0.0245408909075131 -0.00277601695245103 0.0513250352302089
-0.00552124106934089 0.0269224294805812 -0.0151531793762747 0.0540456955716603
-0.0146007331803759 0.0228338271701149 -0.0343473146987749 0.0436014223173714
-0.0249058587414909 0.0145641348936553 -0.0485737280657945 0.0150066257108031
-0.0307218083423285 -0.0136565206122364 -0.0369998883175559 -0.0132303495189742
-0.0140290879968634 -0.0354261899939098 -0.0108880171530116 -0.0219347142216834
0.0207825618645565 -0.0314444099346255 -0.000910193348981684 0.00434113453093636
0.0368465458722574 -0.00835757044811184 -0.0573412356159656 0.0299100011206918
-0.00905225325665442 -0.0149953920283734 0.0629351382614043 -0.0388520771094619
-0.0143473036010026 0.00489427649973985 0.00538283602882994 -0.0165732758480081
-0.00443328228184538 0.0145240145522816 0.00858616989606675 0.0277000780158487
0.00836352364912004 0.00755170933622343 0.0427293188344261 0.02382616190013
0.00819045273425422 -0.00254597705954454 0.0610078812438083 -0.0103287264292875
0.00397724012327286 -0.00232609679160868 0.0494775411907382 -0.0469512814845082
0.00542191689931516 -0.000661111992922154 0.0214671343110187 -0.0627527976587183
0.00639183341180631 -0.000677324691771903 0.00221514109027864 -0.0600250348707619
0.00520715699258289 0.00236111736936743 0.00588876786033015 -0.0535654599639854
0.00259391669990682 0.00463887040418136 0.0126527247848893 -0.0468504186658293
-0.00124930567843718 0.00895120850345263 0.016872669802428 -0.0419650702565971
-0.0101016874861377 0.0096854900929468 0.0258164183506195 -0.0384510350417585
-0.0202794797675807 -1.60391475130567E-05 0.0384034425472503 -0.0335994956189669
-0.0148219976083831 -0.0174376685222095 0.0446308759087713 -0.0481404238108495
-0.00158932916628713 -0.027055708654694 0.057426074685312 -0.0682955983673461
0.016298055835857 -0.0434446027944001 0.0562225202550944 -0.0286461939966256
-0.0073378398917726 -0.0283509935400969 -0.00118624851576051 -0.00947869539321317
-0.0204395299390565 -0.0148231790892702 0.00572196181596729 0.0407736958619241
-0.0189321230675842 -0.0027493517235623 0.0457353838936149 0.0363648227266189
-0.0140485495530667 0.00920849852977234 0.0692307599131754 -0.00534392391805087
-0.00696040952242756 0.0153243667501099 0.0537347275928931 -0.0444563305359986
-0.000922780254543031 0.0214659510197658 0.0247452983259266 -0.0602257561050809
0.00276386874491501 0.023214485913547 0.0032766196782283 -0.0563014279836258
-0.000812243101222401 0.0262237560628599 0.00434789682783915 -0.0500349020971019
-0.0129720747664234 0.0207863960860106 0.00865920895374524 -0.0420883570627433
-0.0252955889995025 0.0149050883487111 0.0117641584425476 -0.0379922402374811
-0.0355824200487838 -0.00703441009519713 0.0168729305300175 -0.0369677720454673
-0.0308149008617302 -0.0316349867268377 0.0299226682604114 -0.0332636905481369
-0.00174004504903762 -0.0475680066925783 0.0345960991904269 -0.0493874346520907
0.0274191866266304 -0.0524007638385522 0.046220175232876 -0.0647895135466709
0.0419595320262767 -0.0655169377201886 0.0411287646466831 -0.0126418372257539
0.00595090159502625 -0.0612466741469672 -0.0129691936879997 0.00223254344140689
-0.0328006007710784 -0.0488002070249696 -0.00282895665832656 0.0552244002712778
-0.0473921664778996 -0.017580998278175 0.0430968341792421 0.0512166581858934
-0.03894253016999 0.018030112110387 0.0722272581444103 0.00465779842440289
-0.0200245117341383 0.0309130953384744 0.0537175241952833 -0.0353333513012931
-0.0079591313394994 0.0407534593137226 0.0255806492431474 -0.048985103327966
-1.20955369642059E-07 0.0437962459714718 0.00376797470515191 -0.0441021496820505
-0.00431240587578549 0.0468283940663737 0.000886619374253579 -0.0376821590023862
-0.0224138334163311 0.0354899349359227 0.00127586467871362 -0.0305769321492474
-0.0421136942719308 0.0244600583367467 0.00103593169890018 -0.0315114455096636
-0.0585699058751566 -0.0135577923325408 0.00478133511306742 -0.0349309348798876
-0.0447007850113608 -0.0529532883412859 0.0188559526952588 -0.0333188407461991
0.00426248017224693 -0.0713745805594215 0.0237612143535949 -0.0456618560651631
0.0486175949056621 -0.0715613145483336 0.0281447044440709 -0.0537734551911615
0.0625531628864995 -0.0761428557686719 0.0181864899393253 0.00778922066437301
0.022734886696458 -0.0852163532433217 -0.0294958647706799 0.0166526951599339
-0.0367168656185838 -0.0793089796634725 -0.0160182017357711 0.0666814705038406
-0.0690212779710467 -0.0356507538448942 0.0319877299189245 0.0653283769920718
-0.0618516175324846 0.0214686467740713 0.0670315487389476 0.0184651555956171
-0.0330153666673225 0.0411969082496019 0.0477415640592866 -0.0197204128279778
-0.0153582069097722 0.0538233326435685 0.0234600493105345 -0.0306700948609115
-0.00296007174887038 0.0577816787713279 0.00346820955887495 -0.0249786835645548
-0.00550167446821774 0.0604723896979266 -0.00273614637667168 -0.0196249574607515
-0.0258962441326627 0.0461664566195475 -0.00756694547011635 -0.0138857292408124
-0.0503767605006867 0.0331636655461705 -0.0106591575471642 -0.0204814848176713
-0.0726359509209135 -0.0135224660681993 -0.00820623467415509 -0.0297184388171795
-0.0553145090920886 -0.062825307075661 0.00916865875345235 -0.0308660391475297
0.00516256219547893 -0.0841045547391155 0.0148484812011119 -0.0365677380295408
0.0600337360345039 -0.0811364195107325 0.00775931401505454 -0.0357817562877921
0.0735349945646936 -0.0737837794049491 -0.0104539627940348 0.02883262979295
0.0384876998902221 -0.0926740909569792 -0.0472026350325145 0.03107015769837
-0.0291221865510503 -0.0975033929902398 -0.0316117679872914 0.0705033872721328
-0.0760114337616511 -0.0525982902409945 0.013318187206148 0.0726570876079407
-0.0751229074883264 0.0168776963093393 0.0510501972832323 0.0321440693238228
-0.0420025477087113 0.0448596248613754 0.0350717517475975 -0.00073777507551079
-0.0213564221703844 0.0590074181268822 0.0177691910856184 -0.00785039636220787
-0.00578466414854279 0.0627269059222583 0.00290555224598057 -0.00301151288335561
-0.00571312379786802 0.0653015800010155 -0.00567236385208485 0.0027516769296392
-0.0258451030397734 0.0495970844991361 -0.015142606812128 0.00485119670577407
-0.050132845885506 0.0370535910783027 -0.0219250656904676 -0.00809264968770747
-0.0744949106303398 -0.0120675330221628 -0.0187134482000006 -0.0220161429646185
-0.0561296939257777 -0.0638556949442964 0.00127224185746288 -0.026775919200389
0.00733606036994319 -0.0844180396834467 0.00902425948881055 -0.0239006185816812
0.0651421352774579 -0.0776358640189835 -0.0114309369348962 -0.0141333046098048
0.0700677004839533 -0.058254365724058 -0.0374514737553557 0.0473677701376396
0.0471360622429491 -0.0804458721799318 -0.060988842940818 0.0410927643918014
-0.0147368306857002 -0.095632819880531 -0.0444866643260814 0.0657491685370774
-0.06549684173488 -0.0592637057185954 -0.00633603252978291 0.0697736823722416
-0.0733921909254895 0.00883335605171254 0.0282830135025178 0.0402780982686998
-0.0430745819052499 0.040065916126188 0.0183019982460998 0.0169530893511455
-0.0229086268367549 0.0533342030152645 0.00976444887449573 0.0152394701843
-0.0073368826344885 0.0580941295821736 0.00181587375693414 0.0195518029326946
-0.00660937790441458 0.0602099234351769 -0.00855431497572373 0.0241092991585182
-0.0238890651368876 0.0464387034711866 -0.0213335482025653 0.0222387984317355
-0.0454169818220339 0.033951911942435 -0.0314112766246192 0.00383557359140211
-0.0661867820788 -0.0131882143475745 -0.0262803733790531 -0.0158313896440509
-0.0467672669530086 -0.0592705666777027 -0.00429472046947395 -0.0227752393612853
0.0118958450115236 -0.0740404476302826 0.00533845806305472 -0.0112969347129181
0.0619043944517648 -0.0622061395604927 -0.0295950013519951 0.00626521554766486
0.0523319028348556 -0.0336041926438233 -0.0575261968916565 0.0602388491065512
0.0436314749858286 -0.0531099522402593 -0.067561549445615 0.0476716355588682
0.000178375422778222 -0.0726491801878975 -0.0499828780865232 0.054450131437969
-0.0442485248239536 -0.0513006660352019 -0.0220362872437602 0.0597949573459555
-0.0568179513136194 0.00146776695425201 0.00590317253449952 0.0430314565718216
-0.0352151907424288 0.0289834209128464 0.00176637507643816 0.0313202990381176
-0.0200724683970805 0.040604946902995 0.00199652250843602 0.0348319171697285
-0.00754712966830408 0.0453197025689549 0.0006552939559447 0.0384868683893212
-0.0061069000021532 0.0472923021062541 -0.0106208789832041 0.0416417199328603
-0.0199525522224174 0.037235733110437 -0.0271558784799577 0.0360916793391776
-0.0367048601538852 0.0259456189164374 -0.0397708302232777 0.012166195168036
-0.0509031373968509 -0.0143618585951429 -0.0325800241587731 -0.0122586423121515
-0.0316892533969103 -0.0505806062245386 -0.00877630776157518 -0.0212751315163304
0.0175734536207872 -0.0552555517979174 0.00222732994631472 -0.00257644832233094
0.0529057542022128 -0.0378020035570113 -0.0447004829525739 0.0217257999082786
0.0255101928228025 -0.00408142085585449 -0.0649044781662119 0.0647120666899525
0.0291570260117481 -0.0195862173779791 -0.0653576737271839 0.0500347281332423
0.00762800443276175 -0.037449660064263 -0.0475806362434671 0.042498578274168
-0.0187388036037372 -0.0317983612648923 -0.0289105083810306 0.0477678226407343
-0.0309314949284801 -0.00268452312449063 -0.00996100211707282 0.0415736168234
-0.0205115493253048 0.0150056071688637 -0.01010172757168 0.0402201067686985
-0.012170236079949 0.0207864393107354 -0.00463125114788328 0.0477658155593969
-0.00634012549206605 0.0248959746237279 -0.00117044080379919 0.0515738190429681
-0.00523886841688857 0.0275171728005663 -0.0138644083841989 0.0550235601200461
-0.0141883443228949 0.023217588016567 -0.0334038941627038 0.0450135084433574
-0.0248496227201066 0.0151910154973052 -0.0484605665930776 0.0160677529656157
-0.0313475457480439 -0.0133824061143757 -0.0379571224471263 -0.013317491872337
-0.0144766844635959 -0.0356860889551584 -0.0113931744264291 -0.0226742698137727
0.0201907962320052 -0.0321219574523023 -0.000945241287770103 0.00380353549092931
0.0369541570819878 -0.00945885849966237 -0.0575654353865562 0.0311565672506301
-0.00935170445670481 -0.015730006668192 0.063871584991411 -0.0406915011379021
-0.0148944545743886 0.005312160347097 0.00482059580087251 -0.016584100318396
-0.00435617105888934 0.0152779530644714 0.0092127739973347 0.0290809391459354
0.00813392033357813 0.00722914339521794 0.0440814804571955 0.024089281827763
0.00798167964312265 -0.00227496540792368 0.0627794273415802 -0.0120119438753632
0.00399507401013161 -0.00227668900667375 0.0496987293611109 -0.0494488237106035
0.00520409886501139 -0.000663225334179673 0.0199762795154264 -0.0646646968607657
0.00626433063137939 -0.000800656422583258 0.000511553156557393 -0.0606085965536948
0.00566655288680353 0.00213710373209738 0.00415703776284387 -0.0554310481676089
0.00262006016196725 0.00529329652337547 0.011753575050956 -0.0490155573502005
-0.000776429300034441 0.0096786183551001 0.0167575224442903 -0.0436836929324184
-0.0102137551797997 0.0101917200351412 0.0260797476731431 -0.0397833457131599
-0.0206294178567559 0.000427233670218735 0.0397638250479675 -0.0349362397696448
-0.0158338925837239 -0.0176927761276726 0.0453560151730748 -0.0495397005733182
-0.0017652646184626 -0.0280486981976009 0.0583655431513897 -0.0715463558126213
0.0161777043505165 -0.0454341203407981 0.0571506288256449 -0.0300780404577946
-0.00759753574091327 -0.0294233168537105 -0.0017853793870519 -0.00933924552920254
-0.0212122106074115 -0.014554782117099 0.00627247829569981 0.0421719205496969
-0.0199330320374086 -0.00224748867288434 0.0471981513305901 0.0366524776821046
-0.0140720934277626 0.0100820323292598 0.0715118645978174 -0.00746032382262884
-0.00680240621723802 0.0160139660361839 0.0543479551484739 -0.0472447115832069
-0.000388551131960423 0.0221741657614416 0.0236800454372234 -0.0620325870218435
0.00398662177422977 0.0237261339368894 0.00119327815777608 -0.0573581790099035
0.000278806320155318 0.0272858149598205 0.00259014213873148 -0.0517873061736212
-0.0129909024118112 0.0216081527973216 0.00740212798030402 -0.0440195577052642
-0.0254613369951284 0.01640640792404 0.0113079096905576 -0.039702887992129
-0.0370816011386028 -0.00653783424613814 0.0167597249805107 -0.0378893954815058
-0.0320901375876706 -0.0315573104494084 0.0305759764223531 -0.0348115031500825
-0.00206710983566402 -0.0490969732851163 0.0347223566687953 -0.0508333712893485
0.0273352422502254 -0.0547660972380687 0.0466108969093935 -0.0676746750628156
0.041520401142296 -0.0684480499528963 0.0417381822719555 -0.0133438282716453
0.00495346776657898 -0.0634065087995732 -0.0138994291454231 0.00300190322301179
-0.0349479010517963 -0.0488903345972223 -0.00198141542502835 0.0569934916741958
-0.0494199890939019 -0.01728504420019 0.0445410871968791 0.0524913298154412
-0.0393674906226818 0.0200367044748509 0.0740412871186431 0.00325652878916346
-0.0197323828963528 0.032319315303573 0.0546659940485017 -0.0375377264630587
-0.0071842945665621 0.0419598193993291 0.0252281361694634 -0.0506205791043088
0.00116342612379968 0.0449062215612987 0.00239454266239201 -0.0446857640795318
-0.00264865546310902 0.0479577825971898 -0.000586372079613896 -0.0389770247462949
-0.0225744363081847 0.0371370592695486 1.53251206718696E-05 -0.0317391131814025
-0.0425455669872385 0.0265005637576922 0.000658520314456588 -0.0326225614203353
-0.0607465436930649 -0.0127119300386015 0.00446613228421311 -0.0359671842647466
-0.047514175917637 -0.0531228544671766 0.0195941757026241 -0.0347925022342971
0.00285666531099631 -0.0736373059288724 0.0235721441755118 -0.0466177534851114
0.0485843060130215 -0.075201863508598 0.0282261418163323 -0.0558556361418112
0.0628140189200531 -0.0796199284809079 0.0182192063304732 0.00838376698649989
0.0219786381982288 -0.0878092740365265 -0.0301358430073804 0.0173483190348664
-0.0396442342759234 -0.0804750145119235 -0.0156035770420048 0.0688584717663637
-0.0722600288006131 -0.0354499535131962 0.0333806701551914 0.067092148001992
-0.0628648560232972 0.0236308405133638 0.068936587379119 0.0177537270602376
-0.0330267759461307 0.0436789230576009 0.0488057638112037 -0.0209392784459992
-0.0145039429485708 0.0560531563776106 0.0233760807914005 -0.0318847546237946
-0.000844351029469761 0.0597210786205895 0.00318472095087597 -0.0256655615220369
-0.00328941366892244 0.0620866351932676 -0.00349054092363533 -0.0198320835175409
-0.0261511676062418 0.048360937001288 -0.00821870719684087 -0.0143746949277102
-0.0506610019917576 0.0358908722250532 -0.0117208227971566 -0.0215122360329773
-0.0752002505010255 -0.0120463256102602 -0.00886206935304811 -0.0305406776506821
-0.0588671353489181 -0.0632752810638625 0.00934186481350403 -0.0321859106497147
0.00332317940623202 -0.0867959001325351 0.0143690609679708 -0.037156794950922
0.0600865169945269 -0.0849214321879829 0.00745500988396615 -0.0369036609153633
0.0737608940812214 -0.0774295585991116 -0.0110582162734533 0.0303628178529976
0.0385482341795678 -0.0961355181739389 -0.0481517870723449 0.0321925326740331
-0.0321200766909302 -0.0993872968182654 -0.0321289679584607 0.0725567882882478
-0.0797134609051165 -0.0522718962414961 0.0142793985348129 0.0750702415621674
-0.0766098325397696 0.019472140224066 0.0528562186317351 0.0317752911064563
-0.0419699786931689 0.0472788095124831 0.0364847368915483 -0.00121159349050625
-0.0204913190305353 0.0606937538101826 0.0185636548587863 -0.00850343812879748
-0.00331650436292011 0.064472740007767 0.00301260366637668 -0.00263063627190492
-0.00363358309943706 0.0671033557983432 -0.00611925889817606 0.00258257839863003
-0.0257787313988076 0.0519013602261111 -0.0150956000438899 0.00517336338925193
-0.0503772349384884 0.0392479351526187 -0.0228136060776612 -0.00829169677426682
-0.07718905785214 -0.0108523386376205 -0.0194106205762315 -0.0225442736107161
-0.0594410836169485 -0.0643843411606162 0.00123826142601142 -0.0278261944452562
0.00526464903078566 -0.0869590684051639 0.00908059269657115 -0.0242956411829103
0.0644255879657857 -0.0816314075919997 -0.0121337197929425 -0.0143369064930867
0.0699904397109759 -0.0615223897348804 -0.0385948042304635 0.0489856726971182
0.0471272259068225 -0.0831677031799483 -0.0623097991091534 0.0429962373665716
-0.0171099614702551 -0.0969555482020964 -0.0454021051369616 0.0674904141926204
-0.0688755297799008 -0.0593819446765611 -0.00606916228959288 0.0728000386612565
-0.0751932994194734 0.0110308913190903 0.0297093778533513 0.0410873456405396
-0.0432542110173506 0.042250538981703 0.0193407531084151 0.0178619152058605
-0.0223067173731465 0.0556686119988356 0.0109794853401874 0.0151567942963175
-0.00547585820147025 0.0599094595469813 0.00217609043052971 0.0197884347955059
-0.00418606611593409 0.0619590408181505 -0.00746980463549158 0.0246759575563209
-0.0233722861314745 0.0482967161220855 -0.0212558795284909 0.0235945929021539
-0.0455417219890412 0.0357067827064675 -0.032742482910471 0.00431767009971754
-0.0686437449905373 -0.0119400818505663 -0.0276072592188492 -0.0165252901410608
-0.0496114872739577 -0.0599713689721653 -0.00473399516312783 -0.0241159560346799
0.0107540470222683 -0.075862887980592 0.00515442411696799 -0.01191008032135
0.0621442862785177 -0.0655311418674904 -0.0301228359384143 0.00714332854198108
0.0525989144336387 -0.0352996118910305 -0.0586328891693347 0.0633591864601917
0.0440896078512996 -0.0549686020517743 -0.0687530414644698 0.0493494035449366
-0.00157390589562759 -0.0740307063548843 -0.0509224498793151 0.0558042508236937
-0.046191342739474 -0.0523352973925146 -0.0220980064515326 0.0622750367826789
-0.058040309109208 0.00248454095658396 0.00698265427356385 0.0441641168215551
-0.0352006810623332 0.0311212122248022 0.00244071121662803 0.0327623541147459
-0.0191088616827973 0.0422495936545829 0.00335839644525331 0.0354262030403236
-0.00624626546495695 0.0464253279031286 0.00173543984848456 0.0389006597554874
-0.00496876851497428 0.0485413872931541 -0.00962621874438502 0.04312563572685
-0.0196865123967233 0.0388547552538621 -0.0268214294097795 0.0375922598503655
-0.0372586020764249 0.027152465795311 -0.0409736728123849 0.0132682808912288
-0.0526794516117616 -0.0136804369660949 -0.0338503171473608 -0.0125770254120872
-0.0336264525271526 -0.0508679733523318 -0.00960317067056454 -0.0223446586176348
0.0168256329219138 -0.0572641580998767 0.00186560846015426 -0.00218018389210879
0.0534317975497918 -0.0400753427530033 -0.0450452404010766 0.0231238339618503
0.0256656487336164 -0.00456712925004589 -0.066283841938989 0.0678846035193994
0.0297978494952864 -0.0200180461854881 -0.0663396139748438 0.0523154188094011
0.00766106624758772 -0.0378145973446202 -0.0484225048864572 0.0439747174926176
-0.0198611293758737 -0.0318475242268456 -0.0292640744966793 0.0500540769554448
-0.0309983157452313 -0.00212728138716258 -0.00993169490785656 0.0432449988351056
-0.0203564387286325 0.0159642316337683 -0.00975549541755682 0.0417387847970672
-0.0122641952713698 0.0218116571299769 -0.00279764479873603 0.049134987436295
-0.00518250983153746 0.0256857890983676 0.000581545162885782 0.0524138999477155
-0.00443208626887463 0.0282736510495017 -0.0122469879785273 0.0562394624706879
-0.0142842059964209 0.0249205967665506 -0.0330929069875383 0.0471994317573762
-0.0255332250233125 0.0164757333626694 -0.0496795029437251 0.0174930160515607
-0.0331680511189547 -0.0133324567300438 -0.038945061140483 -0.0131293089376274
-0.0156595955668374 -0.0356392844960192 -0.0121189858338029 -0.0238692531975199
0.0199811334730632 -0.0330342170185765 -0.001086487968691 0.00378944034162044
0.0375389384267739 -0.0103916261553251 -0.0583722686433719 0.0334096018534797
-0.00997234847434224 -0.0163065155784016 0.063859793638406 -0.0440775025900289
-0.0150709277251343 0.00535442678990785 0.00378058175097431 -0.0167001003095231
-0.00428958642405008 0.0151857769494801 0.00994412703196189 0.0307022536688982
0.00882822006320142 0.00708654907065493 0.0464265784828807 0.0232221284737665
0.00807119066302729 -0.00277881562087586 0.0644638441380142 -0.015130392814461
0.00400782173884539 -0.00296781587781715 0.0493155490925583 -0.0533884493169381
0.00560150689529857 -0.00103701376807059 0.0177836344333966 -0.067175309205193
0.00679318263059359 -0.00081291802803649 -0.0022947514262716 -0.062070741752421
0.00623957233935384 0.00207108282792048 0.00114407135793395 -0.0578561189148252
0.0030744685843661 0.00560103662710707 0.00963869892035471 -0.0519780300601076
-0.000263757144792623 0.00985089954270377 0.0156699822694324 -0.0459698413008954
-0.0102701183352687 0.010507248001897 0.0256356847721568 -0.0419259699770624
-0.021305453999968 0.00134413796484372 0.0404937627023304 -0.0368841799051652
-0.0169599353182783 -0.0179525596764899 0.0460032410319265 -0.0522514703145063
-0.00304559600370528 -0.0289929773161875 0.0582302130486864 -0.0760852496211206
0.014935453629999 -0.0481279565682453 0.05740703472969 -0.0327478156275541
-0.00946415354241327 -0.0305404782464412 -0.00259757235536145 -0.00900758956457899
-0.0230152606358417 -0.014966407240219 0.0075462025649666 0.0442997426261908
-0.021167716428592 -0.00111609782311871 0.0501237537731249 0.0364591520602437
-0.0146531846318389 0.0110840484184516 0.0736608486792803 -0.0100810071731986
-0.00637604551473643 0.0164188530732773 0.0540362620699127 -0.0507095008607577
0.00117470134336986 0.0230483836095242 0.0216653177473959 -0.0647821599741676
0.0058686617831987 0.0244866621683601 -0.00078360355781358 -0.0584639531664683
0.00184509575956746 0.0275635511187151 -0.000163082969624951 -0.0536496559523889
-0.0126696335280241 0.0235236934339973 0.00537645016825202 -0.0458440842166426
-0.0258691865653256 0.0178827333697242 0.0101847472811683 -0.0422388559584636
-0.0390081990118855 -0.00493509860304197 0.0166335335993397 -0.0400280397328819
-0.0349640258106554 -0.0313284579810311 0.0309698504897192 -0.0365142574067965
-0.00411412641382364 -0.051140565181926 0.0343998187893361 -0.0531808024657374
0.0259375496481144 -0.0575479920493289 0.0461001673693117 -0.0717948242433964
0.0399777156900713 -0.0724769586522417 0.042230670799805 -0.0146038668195979
0.00289776504259087 -0.0657305765484005 -0.0145606863520231 0.00401576014849487
-0.0378972079800807 -0.0490264427368411 -0.000720613031961815 0.0596005685387756
-0.0521550024223114 -0.0157514253672355 0.0477763570319796 0.0533111568663651
-0.0399748492832551 0.0219851209210532 0.0768515580958144 0.00067226441120138
-0.0193161193898788 0.0341304175100217 0.0551786395244734 -0.0406502170971328
-0.00571403958787472 0.0442493638671417 0.0235980269178704 -0.0530338944768936
0.00391579219929029 0.0465949713206954 4.17698895286976E-06 -0.0456868638301964
-8.82856517334923E-05 0.0494417868019548 -0.00307438106978833 -0.0402588054680072
-0.0214813461248439 0.0392587305630262 -0.00177791181367233 -0.0331627975980986
-0.0426166053105204 0.029291584007591 -0.00113031353486726 -0.0336676613886055
-0.0639701660761478 -0.0105020289566896 0.00343616333687445 -0.0370475084432231
-0.051335231486442 -0.0528631988695589 0.0193581989597008 -0.0366366016418819
0.00020450930860639 -0.0767859458613204 0.0225554214934667 -0.0487226059474359
0.0472382117171767 -0.0798216575829689 0.0273446562007702 -0.0588522972543786
0.0613006531102635 -0.0852970827066445 0.0180852058253035 0.00852081951456875
0.0195076851675114 -0.0922470026401341 -0.0311930739291798 0.0192395126321396
-0.0441927930978337 -0.081464330247079 -0.0142270438031614 0.071910435850146
-0.076378574304478 -0.0340927209063822 0.0362713592513459 0.0688742759112827
-0.064080713129402 0.0272569031890619 0.0719025013343781 0.0152934861820588
-0.0323303881398622 0.0464368257069762 0.0496177730660905 -0.0234372260824324
-0.0124320194277975 0.0588003660534242 0.0227382182067892 -0.0334706685480511
0.00226577603096986 0.0610399161556318 0.00129630911282385 -0.0263458454116336
5.73413695511009E-05 0.0640346108294558 -0.00498209316058398 -0.0199402851987269
-0.0249317644360334 0.0508966434414299 -0.00957529959044139 -0.0149414188765779
-0.0505159003695076 0.038435160690813 -0.0132298743639202 -0.021927599121419
-0.0787256721421323 -0.00918176363547393 -0.0098370270544981 -0.0310677086271247
-0.0635265678329586 -0.0624119783119667 0.00844330773915841 -0.0340893522445437
0.000322985701109662 -0.0904126257794224 0.0130553973268246 -0.0384345610968886
0.0588994020983566 -0.0909278901117864 0.00628315827937562 -0.0384072485248589
0.0729094678845966 -0.0826996445341503 -0.0106731819509403 0.0322422247333964
0.0362287874303337 -0.10050693533762 -0.0486493395168136 0.0347030751456758
-0.0369054507675609 -0.100323269072888 -0.0310813907993707 0.0761360207215785
-0.0846850301071286 -0.0513585153402664 0.016832381136431 0.0775181040011481
-0.0784681837836478 0.0237316064000966 0.0557810449289614 0.0307074906508046
-0.0416950100150565 0.050375519751086 0.0377052482117776 -0.00208184472058985
-0.0181595427723202 0.0639012868691113 0.018533447680958 -0.00928853168927405
1.59274493563657E-05 0.0669266806877978 0.00274707944129382 -0.00285690992430313
-0.000218934381239832 0.0689588544158282 -0.00599239497048723 0.00276458289582748
-0.0244596928930075 0.0552814876644657 -0.0152853657867635 0.00568842785862938
-0.0502323751780103 0.042719134003832 -0.0243700376789677 -0.00774144872725695
-0.0801823314204106 -0.00765306021595741 -0.0209383226438153 -0.0227636636517986
-0.0643083621551954 -0.0633184589171866 0.000314650987958835 -0.0300020646126306
0.00241509046904669 -0.0899152907438301 0.00794807077761849 -0.0255961022290309
0.0633185502632743 -0.0876218559117016 -0.0132010934842678 -0.0141777075324234
0.0696409570916988 -0.066382103979422 -0.0391784346379535 0.0527825661576785
0.0461001468740655 -0.0881243769402494 -0.0632616212722338 0.046308249482597
-0.0210402805805638 -0.0991193349986112 -0.0449340313992841 0.0708249469551038
-0.0743524012870046 -0.0592997678038 -0.00494829437617396 0.0758750604879466
-0.0770617063424262 0.0145155334315033 0.0326470630342291 0.041083834043587
-0.0431141337643418 0.0452587518388587 0.0204295588777904 0.0184279861214936
-0.0202564996829907 0.0590124058799715 0.0123351117630725 0.0156143793212754
-0.00254449307135218 0.0623936893230329 0.00324510593502477 0.0199969772395421
-0.00103716396441706 0.0638690447565351 -0.00657189667044427 0.0253327892301728
-0.0223410640600221 0.0513151585650738 -0.0204927473369474 0.0247072203044919
-0.0455489144532475 0.0389094878756405 -0.0328697778466577 0.0056034844765322
-0.071726907394452 -0.00956892247796589 -0.0290571325183241 -0.0161341249870628
-0.0538236357338803 -0.0593251566541537 -0.00581458590080415 -0.0254579741253515
0.00798941706435174 -0.0789363130477565 0.00469316558786271 -0.0127727852736231
0.0612270823098151 -0.0708214297894545 -0.0309692647412261 0.00837034812414201
0.0527795675072662 -0.0384102020656457 -0.0597438870791306 0.0672186548899603
0.0441875187104879 -0.0586006819417253 -0.069868243082507 0.0533189252687437
-0.00386149186761965 -0.0761773507895101 -0.0508970432919551 0.0590957188106676
-0.0503397236733399 -0.0523349794697522 -0.0205196540338688 0.0654757644902548
-0.0598330123815194 0.00544468896710262 0.0088314281783023 0.0454146906205437
-0.0350018932112361 0.0337201113533602 0.00444362170738734 0.0341860700383299
-0.0184118725722792 0.0449110394696425 0.00525870696876677 0.0368600834448045
-0.00389510737712287 0.0482521668332973 0.00342814290710266 0.039654744672566
-0.00244056956452595 0.0502995163797894 -0.00756070355411781 0.0444193304617859
-0.0190482101240495 0.0410663330125682 -0.0257690120960641 0.0400223084166554
-0.0374261623786998 0.0295374975027499 -0.0418332499839853 0.0154971451909352
-0.0551843193157128 -0.0120695017091557 -0.0355370609144026 -0.0117717413482223
-0.0367505683776615 -0.0511907061043194 -0.0103595302219029 -0.0230077285607842
0.0155061152643876 -0.0593273716210289 0.0015009200910865 -0.00299530960098103
0.0533299128038767 -0.0436942308052569 -0.0461826721581575 0.0256007987030111
0.0256151442978099 -0.00503609243193948 -0.0666783929166878 0.07207713363458
0.0304242316386482 -0.0217457958440309 -0.0671878019931704 0.0561074984805163
0.00615898396560732 -0.0394458402902868 -0.0487104990699383 0.0467494848143629
-0.0220361942066064 -0.0321543434430451 -0.0284784117900362 0.0531183694311189
-0.032303522289381 -0.00096332345929409 -0.00820535721439311 0.045216934642113
-0.0202299699479705 0.0172358373797905 -0.00780401893888414 0.0443173650741714
-0.0113655031645316 0.0230118719089636 -0.000600858302008441 0.050645528936788
-0.00448168446246682 0.0269185694661173 0.00308060252492891 0.0533826861590718
-0.00329407355496729 0.0296207215177124 -0.00920065604419687 0.0582068675739895
-0.0134661873307963 0.0258908291947964 -0.0316536429196438 0.0495797634467448
-0.025401071803752 0.0174905212238498 -0.0503575205202052 0.0204816850368673
-0.0348791546280504 -0.0122458078382213 -0.0406628451423822 -0.0124310340351347
-0.017603405151816 -0.0365290416124129 -0.0136184548745227 -0.0244429095908474
0.0197236497421165 -0.0344262175956529 -0.000989944800095503 0.00343924882562949
0.0379162876123992 -0.0124251755336573 -0.0592854454633953 0.0369329979347818
-0.0109668317992103 -0.0162048090014953 0.062855934439758 -0.0487239829686569
-0.0152098411673073 0.00616045065896238 0.00274577795936758 -0.0168146656581896
-0.00400294554881923 0.0156231336192844 0.0121492336250186 0.0311367362919967
0.00901011695566681 0.00741099420476716 0.0488283368525287 0.0217608415272377
0.00807590857700714 -0.00283077094535043 0.0650268618095355 -0.0195635636156667
0.00388100380099486 -0.00331709559551473 0.0473817877290393 -0.0573012406041597
0.00649821679754444 -0.00124156851127104 0.0139991205370934 -0.069139290366239
0.00680779278693824 -0.00179738081858393 -0.00585618484082969 -0.062270068768777
0.00660659200595806 0.00173578669404242 -0.00330119873416121 -0.0589492574692156
0.00388251903438945 0.00508256057469548 0.00609457500838929 -0.0536884818871597
-0.000100111551685852 0.0105274412024902 0.0134561986513596 -0.0476531189129143
-0.00998849596484163 0.0117267242185465 0.0240738674831166 -0.0433724502997157
-0.0221378563265205 0.00278217498895193 0.0402341458526191 -0.0399694593267414
-0.0181189100574725 -0.0175048561116536 0.0439086312271665 -0.0548576029246643
-0.00465194989070479 -0.0294800119533393 0.055419251190845 -0.0804781885636094
0.0123269634452709 -0.0501124677770597 0.0564721797353522 -0.0360022100436865
-0.0112471529730569 -0.0311667895178346 -0.0035261823204697 -0.00795082851657518
-0.0244753486811727 -0.0134574501798774 0.00982458059446093 0.0454101647833252
-0.0215874664206947 -0.000202049617935011 0.0526863212119867 0.0348259822247949
-0.0137824427555942 0.012358362843243 0.0741056961568717 -0.014809485896413
-0.00555037749302348 0.0171486276874407 0.0522214285216833 -0.0552758706576712
0.00247331380011654 0.0236565785840492 0.0178283969701061 -0.0669183374816366
0.00710475148667983 0.0246152510329887 -0.00495297992049866 -0.0584398243496603
0.00421884377468628 0.0279961407491696 -0.00398457077043625 -0.0544860688590038
-0.0110808391529993 0.0246784429435183 0.0022776731561632 -0.0473173884675799
-0.025111885654683 0.0199826257506024 0.00764676331667757 -0.0436568977865028
-0.0407504361130085 -0.00302242024462738 0.0146903127113011 -0.0411391903413536
-0.0377103600894442 -0.030185442314179 0.0300961989955371 -0.0388505582938136
-0.00692004391346268 -0.0521341335405756 0.0323992703667714 -0.0552657160261421
0.0232612983605639 -0.06054281406824 0.0432443683800467 -0.0758716171800713
0.0365286743629204 -0.0767494711242428 0.0416296051377222 -0.0161735206258705
-0.000859653383724021 -0.0675374391829034 -0.0149006743258616 0.00518845224981393
-0.0415880018771182 -0.0477808073698078 0.00193643834938863 0.0605180014388325
-0.0545762798065963 -0.0134800620162455 0.0507372810656994 0.0524926750918655
-0.0399883616634253 0.0249790548279133 0.0788606855318356 -0.00422902937693491
-0.0178245680272001 0.0358358665840312 0.0537045937669769 -0.044676409807506
-0.00278020701047272 0.0454205581051435 0.0206414495873778 -0.0550617478130453
0.00734571433413394 0.0466982146170074 -0.00275233052930911 -0.0459354484160407
0.00366482084480923 0.0501752366174474 -0.00618522916108208 -0.0405338893183553
-0.0197942748656989 0.0420274198756106 -0.0042970058314036 -0.0340038928595304
-0.0416555281556445 0.0323812025409651 -0.00285673337039746 -0.0347753274409604
-0.066140050551403 -0.00685753628671062 0.00121606622817377 -0.0372095227368787
-0.0557133133454697 -0.0509262387542025 0.0180307056814927 -0.0384758975663971
-0.00388933368526311 -0.07829373362284 0.0205464121487638 -0.0503878275037728
0.0433580597778599 -0.0843449402042165 0.0247277010438278 -0.061516154255473
0.0575727777416248 -0.090407593027016 0.0181372162436502 0.00853684798660365
0.0150491543443746 -0.0954724536725306 -0.0311703419193652 0.0219871530296098
-0.0495673438413839 -0.0797575842901347 -0.0116858473616208 0.0736568965739437
-0.080384742361912 -0.0305332119022124 0.039877537545764 0.0695464881171284
-0.0635070008084384 0.0314076829397556 0.073947346066237 0.0115341497108546
-0.0306073797236285 0.0493566524684965 0.0498580005794349 -0.0263619971978323
-0.00892492678861371 0.0606923011905094 0.0210969162333328 -0.0350997473200596
0.00629011770518038 0.0623050286998736 -0.000390863287947092 -0.0263912767843436
0.00456767825489934 0.0647900966334385 -0.00706665041098221 -0.0206362428021917
-0.0223216580164633 0.0534448067440636 -0.0108132781704954 -0.0146245100458367
-0.0484589867851429 0.0430585232641372 -0.0150527664190843 -0.0218968476207171
-0.081082248506463 -0.00441366975007719 -0.0117107337454271 -0.0309504140608411
-0.068505823746326 -0.059661773138211 0.00745697934767429 -0.0353975606871541
-0.00492091309273531 -0.0926890657341301 0.0112185723464046 -0.039740348338993
0.0545604462220551 -0.0962191448700685 0.00417011194310608 -0.0393014639658651
0.0686926397551509 -0.0882910275091296 -0.010277519750585 0.0342466118888451
0.0315139598912987 -0.104700186992769 -0.0486467084262263 0.0380574608151522
-0.0435136511906697 -0.0998100804497886 -0.0283621292477304 0.0789089679165353
-0.0893970264684967 -0.0476816044081374 0.0206598931689497 0.0790725524112117
-0.0778161020314997 0.0290103660717421 0.0584021524917684 0.0280162320856309
-0.0394966408311067 0.0540396032816084 0.0385104690466781 -0.00364257130779293
-0.0148420435840924 0.0669240505695498 0.018793336195832 -0.0101507838604506
0.00442525541437886 0.0677975126507734 0.00197230178627308 -0.00309318552674336
0.00488898749619426 0.0697240688240396 -0.00633762297648743 0.0029956927440776
-0.0218233463169702 0.0573347568719282 -0.0154176348363325 0.00645791763897351
-0.0488225479057691 0.0465853956415459 -0.0251066625053559 -0.00635258593221823
-0.0829484100584107 -0.00306353391739738 -0.0223653446740515 -0.0224104990958832
-0.0694880559708971 -0.0605496632801783 -0.00110119940969108 -0.0304115533945618
-0.00282121236224113 -0.0922656060103071 0.00634596076269456 -0.0259990602310373
0.0593972142675407 -0.0931233280798122 -0.0147702336475401 -0.013953913496376
0.0669706465823754 -0.0710472336716785 -0.0377514749698266 0.0567221803227841
0.0424327520517613 -0.0920525206471473 -0.0621232916720196 0.0504615945546338
-0.026785524867712 -0.0994304275320928 -0.0424088865864685 0.0745006295610358
-0.079078700610272 -0.0565790046728495 -0.000949391814922554 0.0785811730166667
-0.077312698617999 0.0197319959915961 0.0353527275395926 0.0403866756541635
-0.040565567783152 0.0488346243257228 0.0220307052912306 0.0179282279121393
-0.017446408661498 0.0618365019073025 0.0138480542003062 0.0154389101878895
0.00181270921161825 0.06357797348193 0.00415086823266785 0.0200896625506951
0.00338506711815229 0.0649098064267552 -0.00504228193524059 0.0259671677070502
-0.0196015350627405 0.0536363173146391 -0.0195499225043959 0.0265167343015852
-0.0439222501894431 0.0420922276097738 -0.033786180886196 0.00744224714666047
-0.0738925010448874 -0.00564256366119575 -0.0301925986236537 -0.0146527733226359
-0.0583594946619042 -0.0571698037754819 -0.00726728154604759 -0.0255886901294073
0.00358040128592044 -0.081199849800105 0.00379134998475977 -0.0129559356261076
0.0580878819622179 -0.0758632662575249 -0.0311048388190939 0.0102902308870619
0.0511840739037007 -0.0415820287020037 -0.0578228783596418 0.0718976852745132
0.0422465124451658 -0.0622603363208466 -0.0687987670871426 0.0575402293160083
-0.00821568334683717 -0.0767847277155505 -0.0491262281553921 0.0624747689483238
-0.0537493165925924 -0.0508740395771004 -0.0186137004065358 0.068465127395172
-0.0603538719210094 0.0090728097266933 0.0113944198005834 0.0464835415808097
-0.0336317524711693 0.0361911579571218 0.00696325532596441 0.0359455387255514
-0.0159295555017206 0.0464441486433126 0.00745661640988432 0.0367680356838192
-0.000881105381918768 0.0497725470018586 0.00615761281174004 0.0399156512578475
0.00131063491318537 0.0509056187779845 -0.005116393459117 0.0452632283653707
-0.0169521060764716 0.043647895057636 -0.0233407141633638 0.0419445391986535
-0.0355420572181531 0.0321363138910936 -0.0414676390691916 0.0177635701960101
-0.0578766445583303 -0.00907164224053556 -0.0367529978560741 -0.0103687480727926
-0.0407650480289957 -0.0490766656924216 -0.0120574628205503 -0.0235958541981452
0.012019460071702 -0.0616480058823747 0.00110888774303095 -0.00287220248626595
0.0517092952509651 -0.047812589342493 -0.0452958716558244 0.0287673497482394
0.0256343663208688 -0.00644317057266093 -0.0649550253805025 0.0775163219077808
0.0300222205575092 -0.0239728953243626 -0.0657259728848734 0.0599994355214153
0.00446768903377198 -0.0397914170621764 -0.0477319916308342 0.0493883493535463
-0.0235374440880641 -0.0320827727362072 -0.0265546075683884 0.0556309390603351
-0.032556026407814 0.000826000746480756 -0.00612048620374471 0.0469067992467655
-0.0193158425214808 0.0183097041600812 -0.00528055997813829 0.0468089248350551
-0.0103163528587387 0.0243636136341835 0.00278394144430067 0.0515934221645557
-0.00267759989835794 0.0280355071031984 0.00660820728857222 0.0531812683242661
-0.0017969651937041 0.0298733374277881 -0.00602252681516912 0.0591541331828848
-0.0121084532648062 0.0276790443183309 -0.028486852226486 0.0521838208842798
-0.0244458327372324 0.0189335509171821 -0.0503240638018968 0.0232573989587723
-0.0366414575500164 -0.0107110398966607 -0.0417879889109098 -0.0105347969897185
-0.0196023568578743 -0.0358942719109283 -0.0150360636479246 -0.0245358740021364
0.0181277584831232 -0.0361133453878218 -0.00053948897694027 0.00337800856276113
0.0383186178103708 -0.0147984913263171 -0.0581668624352014 0.040794341189916
-0.0132091724030492 -0.0162579990223864 0.0541444663482482 -0.0564707584663042
-0.0142663901029607 0.00781456429501545 0.000105232632277368 -0.017307645546669
-0.000774518503691939 0.0164356281987025 0.0158955099599334 0.0292239899179174
0.0110749048222505 0.00534601780986086 0.0501343229116272 0.0137082557542364
0.0082602892199352 -0.00519342903464879 0.0601125329818833 -0.0293661412277449
0.00368187681680579 -0.00574495674991501 0.0368176668155073 -0.0640447008304284
0.00584462727628428 -0.00386434389998068 0.00220375694440555 -0.0696363224232049
0.00562809316830533 -0.00345456647623692 -0.0154533088852558 -0.0587599573286665
0.00610310400195427 -8.88488079795742E-05 -0.0119388276816023 -0.0573479789887023
0.00364299904537595 0.00427693592750076 -0.00185701221894351 -0.0541681900663027
0.00140380332671558 0.0106148806068303 0.00664170440792763 -0.0495800880057293
-0.00850802857996349 0.0129866676046857 0.0187627754322896 -0.0463125658626376
-0.0223751300516511 0.00569643434977008 0.0354098803019387 -0.0443772250283917
-0.0215564314624615 -0.0143758305928119 0.0370848473394135 -0.0589517381180504
-0.00940114985598096 -0.0283561017056866 0.044935371450132 -0.0857351954932731
0.00382092148272461 -0.0532371973924723 0.0509655370730123 -0.0417453039996539
-0.0171063703393746 -0.0289069737442744 -0.00319116417545042 -0.00693423881522398
-0.0259321799596278 -0.00838022243161344 0.0179794272092485 0.042075490613197
-0.0201505648698453 0.00428732852996625 0.0579801283297413 0.0255257097081354
-0.0104753862872976 0.0133901909508406 0.069890224173137 -0.0274855515101667
-0.00244816779604128 0.0156256048651814 0.0414162075120547 -0.0626574037150319
0.00681759254934187 0.0222674182097872 0.00611477141738332 -0.0692568713570812
0.0104885271677341 0.0218615983043707 -0.0139211194247593 -0.0553064555738743
0.00842324047902096 0.0264848756695815 -0.0128714972903027 -0.052605843915324
-0.00732384744675615 0.0260938026817318 -0.0045732722877313 -0.0478521003490017
-0.0218299462715147 0.0237595319444524 0.00191920189320881 -0.0446748937625232
-0.0410856450799055 0.00434725597519787 0.0104415608811683 -0.0424988784904355
-0.042343297049628 -0.0235391566047273 0.0256152095170274 -0.0412488209606626
-0.0152518561782042 -0.0498763498046517 0.0242509318094729 -0.058443727294673
0.0135755637895336 -0.0637533269438022 0.0316798673372189 -0.0792737523954958
0.0224164672992525 -0.0825355834961706 0.0399741528625062 -0.0184211490938739
-0.01344806805048 -0.0659332215994993 -0.0110596025097729 0.00883018005796746
-0.0488601179091118 -0.0382236038807403 0.0142603501022933 0.0585507707203562
-0.0548027061956697 -0.00200496269220154 0.0604607441084019 0.041808375791592
-0.0324741454661332 0.0303963989159416 0.0755521907913607 -0.018482171335676
-0.0111559894120208 0.0363629845319762 0.0440346549559181 -0.0532180720465277
0.00554104023166459 0.0450710533935249 0.0110259147628323 -0.0591427268965293
0.0141022813788927 0.0437857571485191 -0.0102544771888335 -0.0436336253848157
0.0117158975070174 0.0482185555846177 -0.0128267402633162 -0.0391738577685245
-0.01309656128586 0.0446101694934914 -0.00960949686150084 -0.0336814709389086
-0.0355645076264646 0.0388477060639095 -0.00760262881854059 -0.0350870160213912
-0.0677358270304822 0.00447226812386576 -0.00134753811790769 -0.0377211158038636
-0.0633123275201315 -0.041040042883493 0.0144981697573559 -0.0388029604493021
-0.0163448526895708 -0.0763702882014537 0.0120000398499171 -0.0515596088631691
0.0299774026489343 -0.090385858139475 0.0137044502156736 -0.0632526133365966
0.0402095440802043 -0.0991107220401067 0.0205198063475384 0.0107131264700484
-0.00303196573534947 -0.0953806601820712 -0.0235913425937576 0.0287480144460718
-0.0619914496508586 -0.0682089323063141 0.00489735811635049 0.073712941237504
-0.08316102895861 -0.0140954413345805 0.0535242489028962 0.0590882269150876
-0.0548069832496959 0.041229675368695 0.07372228523793 -0.00364207703354488
-0.021226732944297 0.0517448096981653 0.0430385435003822 -0.0347776121656738
0.00249543561480213 0.0620873460995688 0.0148839231518235 -0.0403222580461121
0.0158642283928206 0.0589617682235378 -0.00548235454726352 -0.0250530378164608
0.0154638787499106 0.0627890418036088 -0.0103358653216018 -0.019128060756413
-0.0136212519161455 0.0565920298221153 -0.0129491840639095 -0.0142555208833958
-0.0409194610723536 0.0500221722624983 -0.0174558850382865 -0.0208129723599469
-0.082104861917261 0.00956073120263969 -0.0132188188728888 -0.029345685447504
-0.0773050697746823 -0.0475008721937713 0.00419605222247913 -0.0343476409373516
-0.0193721001135346 -0.089573912401875 0.00398197573393828 -0.0396079243997031
0.0395622106793694 -0.103540875639613 -0.003825570465677 -0.0391661376233434
0.0508941747033372 -0.0985507589541817 -0.00311976053785646 0.040830425187279
0.0115922890466999 -0.106938702858314 -0.037728282160783 0.0484696139178137
-0.0595894620788844 -0.0887815394772884 -0.00942660407020274 0.0819777540720487
-0.0959612331676776 -0.0293306954015042 0.0371828659468358 0.0721628838613836
-0.0695008506556294 0.0413643077617347 0.0610233894646915 0.0149379794212957
-0.0288801611758594 0.0584785942596229 0.0359188652129962 -0.0113083330442272
-0.00240736937722431 0.0691350428020494 0.0164731143606081 -0.0159286365805586
0.0153230133488373 0.0652944660433308 0.000920773776863598 -0.00328962090467135
0.0170421890967141 0.0673935047422218 -0.00660386193681543 0.00360790470231018
-0.0118527506930992 0.0610779837110394 -0.0147141049285102 0.00775478928968974
-0.0398800896276263 0.0533566462368131 -0.0255653464420588 -0.0041921763521432
-0.0833602786687721 0.0116206629889713 -0.0227240042338591 -0.0196865359974036
-0.0779631351952817 -0.0482033708823107 -0.00427849560406675 -0.0283538945447089
-0.0171669372575338 -0.0900629307919039 0.000794591922176061 -0.0259420256857633
0.0441322633830976 -0.101275858427672 -0.0193441511974617 -0.0115924703314368
0.0522529204418128 -0.0801519187731037 -0.0272112247858314 0.0654167912017955
0.024753012286836 -0.0958302550260107 -0.0501508823380608 0.0625487559052119
-0.0432344548298767 -0.0907531348427596 -0.0249531080796032 0.0796311466879241
-0.087336950765292 -0.0395241643773976 0.0160564797706563 0.075785035617085
-0.0708905709442428 0.0323185637314227 0.0408658210592489 0.030730316939842
-0.0308310313568453 0.0541610869424868 0.0239265602570606 0.0129334708762956
-0.00573694398904115 0.0649381425839236 0.0157204591149245 0.0103895556974576
0.012082270978566 0.0615369792133216 0.00644814405842178 0.018806639089717
0.015226366405401 0.0636162346281947 -0.00228053517361801 0.0262893532685576
-0.0100987841660915 0.0569520231502961 -0.0154961263295771 0.0276543424143529
-0.035704064084963 0.0484779903028907 -0.0319650305660211 0.0110058624921776
-0.0746836593178785 0.00795380650552512 -0.0297184830728314 -0.0110012355835574
-0.0666613556015287 -0.0463178376097924 -0.00944054680997287 -0.0227306191673846
-0.00878315943549417 -0.0804655805794325 -0.000584726156812118 -0.0129134462357048
0.0459955595965409 -0.0835739968022026 -0.0321994546018149 0.0138850492448477
0.0422658994355083 -0.0481404691321601 -0.0453514821007908 0.0826518182256675
0.0296840284694698 -0.0663239200283668 -0.0568614922075953 0.0703281003517687
-0.0210244147205226 -0.0723435173559263 -0.0351259434204235 0.0695350410051117
-0.0623338190028258 -0.0388215581925518 -0.00361070882340151 0.0692539352230471
-0.0564048438358784 0.0197606906880641 0.0186148425711826 0.0409909791368976
-0.0255577453253665 0.0411478861696562 0.0117986475175483 0.0329966080453508
-0.00619790478971783 0.0502785084808946 0.0137839049855811 0.033035191714934
0.00761246096570507 0.0484741517226608 0.010893630077242 0.0373671737935317
0.0106030842925172 0.0501128086258714 0.00139934932626312 0.0447347639053834
-0.00897032589734926 0.0459171330169417 -0.0172610509453841 0.0439808280323727
-0.0295924274435972 0.0375911423084997 -0.0379500246858706 0.022435548774315
-0.0587782846319845 0.00119059417997287 -0.0361355523570169 -0.00565258975469971
-0.0477204290790919 -0.0418607704260397 -0.014789157565936 -0.0205429626704825
0.00252480357732428 -0.0624159075060296 -0.000811054029746629 -0.00297489413175472
0.0441419349416887 -0.0550298940720302 -0.0432430548083542 0.0334574439372673
0.0237244992998958 -0.00884225462041833 -0.0521222267136227 0.0876413403311025
0.025036629765549 -0.0265684363040565 -0.0549926513239123 0.0706229530107052
-0.00227216281449222 -0.0385809968516377 -0.0378160737252175 0.0566111018808733
-0.0292322054448113 -0.0260907988666454 -0.0155065820743601 0.0586924963255413
-0.0311299831980237 0.00738443044729394 0.00214599996002339 0.0460998069638948
-0.0143917044686022 0.021975599932875 0.00213732050571234 0.0458262983500611
-0.00524128241716462 0.0269119460405961 0.0117084531591855 0.0491208190618471
0.0026073605284678 0.0278162887442883 0.01396599291253 0.0500904013536515
0.00446748308361519 0.0302096795995737 0.00261320669092428 0.0585990021013021
-0.00669764285811779 0.029495782044791 -0.0206747182157623 0.0552487848097369
-0.0209003758460589 0.0233863659533433 -0.0461661157809068 0.0290348816823677
-0.0383874526559827 -0.0040459752193667 -0.0418628304303442 -0.00508002283627194
-0.0249985307983219 -0.0318321760695886 -0.0182224210082816 -0.0215779110534409
0.0122550852650572 -0.0377884679545442 -0.00135478536067586 0.00321735077675527
0.0359719449881605 -0.0198876184047897 -0.0530126221508842 0.0471031498190162
-0.0131320041004376 -0.0154977627798863 0.0508514597194415 -0.0566890832166262
-0.0140356313679939 0.00805340970545783 -0.00046681519864342 -0.0167354536180296
-0.000188015044566186 0.015601084393779 0.0163428922033939 0.028232650030615
0.011130146827378 0.00510238260349838 0.0494706187842289 0.0125785098520673
0.0075719943346805 -0.00473421192653408 0.0574615954931065 -0.0307690452374108
0.00307699431718236 -0.00580637662675154 0.0326797752270993 -0.0636685527206625
0.00551378662192608 -0.00432533353922805 -0.000896788959587887 -0.0677655825771372
0.0055584358609641 -0.00348384738425352 -0.0170913460312434 -0.0562677720253369
0.00604322384206572 -0.000323529259256408 -0.0148154337378885 -0.055169091625865
0.00386232619065037 0.00431394770282974 -0.00416760848403219 -0.0531543924654144
0.00179969004227338 0.0102736518405284 0.00462763581544924 -0.0482892067495521
-0.00795382316788501 0.0133413304744933 0.0170557006587692 -0.0454775269832458
-0.0218751326582718 0.00618464261022486 0.0339218268700968 -0.0443822691814631
-0.0211863157164063 -0.0134919589102474 0.034456730611485 -0.0584440158446509
-0.0100468087094612 -0.0277767294245472 0.0414391571765149 -0.0853969927268573
0.00157227060786911 -0.0522387158471518 0.0484568573698675 -0.0421174584335989
-0.0180833156261626 -0.0277026770868798 -0.00351217284046616 -0.0067474895527182
-0.0259588809352938 -0.0073301695922444 0.018591053432296 0.0410083527144663
-0.0196689750933728 0.00476914862105513 0.0570930978795314 0.0233360298025322
-0.00951900256853557 0.0135721446746389 0.0670091666595951 -0.0292234021964463
-0.001935914791379 0.0152443305655446 0.0378371157678334 -0.0629111316661648
0.00770758219417788 0.0209770789451416 0.00297187122266235 -0.0674961361888665
0.0115593331506034 0.0211082594614807 -0.0157440179792644 -0.0527228738006425
0.00897650523369835 0.0255890625317495 -0.0154704203256563 -0.0507834869186792
-0.00625381669430691 0.025905662124974 -0.00678597104654778 -0.0470715829605584
-0.0200830724176452 0.0240656969704995 0.000178608173963165 -0.0439597377486704
-0.0404624928499967 0.0054393329890062 0.00956240911942955 -0.0414921982652727
-0.0424555279060315 -0.0215254608405578 0.0244432744245006 -0.0417230361914498
-0.0165062982082617 -0.0482871744879251 0.021910964934952 -0.0571926641478527
0.0113492225547712 -0.0627886914332117 0.0285167318237802 -0.0788388654420224
0.0190367524452904 -0.0819154411971022 0.0380761868382234 -0.0183800891229393
-0.0156750669960474 -0.0639849034587893 -0.0107860011954053 0.00928392875268269
-0.0490233226780185 -0.0357722812086101 0.015683832157223 0.0571467711078787
-0.0541672389650027 -0.000245992502153721 0.0599791364598763 0.039819045059236
-0.0304474589688936 0.031325727755908 0.0725537233440504 -0.0209926559124385
-0.00952172297094533 0.0359551569560839 0.0416125510707483 -0.0535248181222426
0.00778625005206713 0.0436304825801804 0.00818543942357616 -0.0582791145666798
0.0160046523078811 0.041887661084964 -0.0115692125508647 -0.0413981383708765
0.0137272029607507 0.0460786281051239 -0.0144905825759362 -0.0372611472574507
-0.0108107433181908 0.0443584428481251 -0.0107956349572444 -0.0327299966029059
-0.0331045045664686 0.0394724791230611 -0.00905597967765435 -0.034007984720315
-0.0662449965448047 0.00734116593979767 -0.00236600263180556 -0.0365010100303327
-0.0635214793504648 -0.0376524039641169 0.0133184448890113 -0.0383057393232225
-0.0184918467010093 -0.0743155939016391 0.0103086943074116 -0.0504728510839838
0.0263445898416046 -0.0893231720683351 0.0114375424627646 -0.0620974448472274
0.0354004246073877 -0.0982855975365779 0.0207204977362245 0.0102407928379768
-0.00655552076588652 -0.093317859581776 -0.0220290529971764 0.0289587623133079
-0.0627599623531245 -0.0643976014939631 0.00634027928155512 0.0717195363413314
-0.0828651530541053 -0.0108687533861475 0.0543597354931577 0.0570467833714289
-0.0515992627979324 0.0416790605879682 0.0711612553640321 -0.00591232612876709
-0.0189572532785659 0.0514698099052679 0.0411600160586017 -0.0354293202335183
0.00514724554768515 0.0604931665622335 0.0125618318839897 -0.0399597661928656
0.018369909059137 0.0565880946016388 -0.00629338206764509 -0.0237305597535879
0.0178888342475216 0.0595668736700873 -0.0118624250950047 -0.0178465577762449
-0.0109761780876677 0.0563319973855696 -0.0134816192612321 -0.0132833897740087
-0.0378217942647001 0.0501680396642957 -0.0182169152488031 -0.0200200586400203
-0.0797731988721656 0.0123603746270905 -0.0140824901726315 -0.0283153142881117
-0.0771314569090037 -0.0433102964447331 0.00278923085457413 -0.0336081490899901
-0.0220664938920031 -0.0872539227397084 0.0027024555863667 -0.0385837897703656
0.0349978241654022 -0.102794169850031 -0.00543136393455809 -0.0380480106412638
0.0466840524180099 -0.097383284929011 -0.00212482774986508 0.0406301899977391
0.0075018498323334 -0.105213722085088 -0.0358498550505833 0.0481918557595107
-0.0611011948085598 -0.084615450546615 -0.00798343001306902 0.0803437363002276
-0.0957515221829717 -0.0253539584432353 0.0392388624815271 0.0706643130694988
-0.0659796517044898 0.0422389587459516 0.0594606979052415 0.0125319069899399
-0.0260640117654709 0.0580323538915112 0.0348664287964818 -0.0119083604793988
0.000984828688272068 0.0680957883544205 0.015169609091714 -0.0158522631718604
0.0178404905107166 0.0629257009312383 0.000342785906444665 -0.00275448507222441
0.0198679159717504 0.064677699974036 -0.0067484641497704 0.00381743921045751
-0.00907246366763172 0.0600476373850569 -0.0141503484708489 0.00783149733358411
-0.0367820501303676 0.0532394952210976 -0.0251517482310268 -0.00354266592542581
-0.0813923917223555 0.0148536461253354 -0.0231685125370734 -0.0183503365681079
-0.0780037688936048 -0.0436631836877356 -0.0046504411647394 -0.0275260204670889
-0.0203208451100443 -0.0873035208254662 0.000240628735900159 -0.0250281001799246
0.0395711637910649 -0.100448161665034 -0.0193752447145545 -0.0103370662471946
0.0480498421340818 -0.0798108850083944 -0.0244296775327043 0.0663283179065145
0.0208873749497062 -0.094798022171668 -0.047228103804931 0.0627723451451065
-0.0451000028089357 -0.0872452605342526 -0.023168416828328 0.0786523933301582
-0.0875755928956664 -0.0363271071746816 0.0178787001594618 0.0743118050480061
-0.0672966345788063 0.0339313745291329 0.0404102273197223 0.0283866707859037
-0.0282226225612744 0.0539044924382464 0.0244373841029279 0.0126187235719252
-0.00252467786172033 0.0637216834197333 0.015999720352148 0.00937410628408811
0.014747643048074 0.0594001409411382 0.00700719762171852 0.0181486954314876
0.0176347565398766 0.060426582469722 -0.00155147062357428 0.0251662934923266
-0.00742991911604855 0.0559709158788674 -0.0135470766853683 0.0274627554412759
-0.0329677643230152 0.0482105469990461 -0.0312101434567136 0.0115991659963534
-0.0731033080008702 0.0109059711165214 -0.0296341450472751 -0.00963444969946013
-0.0663675742071001 -0.0422025897940223 -0.0105196699211434 -0.0223456402462917
-0.0120748212486139 -0.0776699413903767 -0.00057768062000881 -0.0123864560689791
0.0417112425576998 -0.0830476742055038 -0.0313321789353481 0.0149295009569188
0.0394112080781316 -0.0477688420080022 -0.0418690491001652 0.0828338309759093
0.0271330263234906 -0.0660242318312168 -0.0539109986272937 0.070358486206984
-0.022492860001938 -0.0699465704829009 -0.0335720096882067 0.0687921709969989
-0.0622051447738526 -0.0362722260885412 -0.00170357213067069 0.068394060193614
-0.0538792238758993 0.0212875053849907 0.019732292489988 0.0397335398416517
-0.0232909210601027 0.0405587121940149 0.0132024090632971 0.0322692978309053
-0.00394761912989423 0.0490829414319826 0.0152712393699278 0.0317663383684362
0.0098791008429067 0.0474064806023224 0.0120375428660989 0.0357970326332056
0.0124561224773007 0.0481028971012485 0.00267020031699372 0.0431540044544575
-0.00655337301764472 0.0452349516302017 -0.0146589036237271 0.0432916652068804
-0.0276504992666674 0.0373826629142327 -0.0367358385028201 0.023014316802728
-0.0578342595702447 0.00386048537892066 -0.0353144070255476 -0.00429143369941551
-0.0481958736824051 -0.0386638953557223 -0.0151280631977403 -0.0192617035518995
-1.9266280097037E-05 -0.0607148172484784 -0.000693331142917921 -0.00280170607759101
0.0407052372047881 -0.0547842197702992 -0.0408609713217421 0.0342681340445671
0.0226082615770645 -0.00891769906217739 -0.0485057194422855 0.087073820661456
0.0233760000118493 -0.0270227382239596 -0.0519429503378492 0.0705689925421401
-0.00351473797208513 -0.0375822584540527 -0.0356123873250538 0.0566719058903372
-0.0296947259128169 -0.0246013815613413 -0.0132515220544177 0.0582317749769421
-0.0300384250964772 0.00823852445073191 0.00364659155122622 0.0451587916051798
-0.013138430818391 0.0216655734067048 0.00455966256258879 0.0452936751664546
-0.00396107379254061 0.0261685485946864 0.0133094323021816 0.04741372700927
0.00356067540326505 0.0270277043408638 0.0151727596253033 0.0479747339391197
0.00560367580081138 0.0289716295959129 0.00502840080095535 0.056325381490442
-0.0053832837556208 0.0288824389871864 -0.01770520759952 0.0539842592021143
-0.0196746262316402 0.0233681425380857 -0.0433539925685121 0.0298429152282264
-0.0379783695232928 -0.00253078985329196 -0.0415292177836111 -0.00366440418317861
-0.0253657221112276 -0.0302388484753682 -0.0188093639347466 -0.0207234479676083
0.0104568218676434 -0.0375711664471992 -0.00129161117908299 0.00341788351267187
0.0339908486311024 -0.0206065768336301 -0.0500377866408228 0.0473855867473716
-0.0127364040946414 -0.0159939328956808 0.0492674744553324 -0.055893391648697
-0.0136240524238181 0.00801859507819762 -0.000807624550182633 -0.0165493148219991
-0.000990853195241156 0.0156211164021685 0.0165964458098096 0.0279227916644867
0.0109328424578001 0.00541181885048807 0.0485301788901229 0.0122417642041102
0.00733149975469366 -0.00518843043976829 0.0556517887056789 -0.0298758911078451
0.00258132506514671 -0.00563657344092394 0.0309444237855617 -0.0632639591244066
0.0053550508443965 -0.00432838074216727 -0.00184277532509484 -0.0663198734313885
0.00531005692353139 -0.00355994124765358 -0.0174030640540993 -0.0546234180584706
0.00641944900266425 -0.00044595625861853 -0.015734281264849 -0.0535600660034489
0.00405081645686866 0.00462372213055401 -0.00519493234990828 -0.0525114906348711
0.00230733625587643 0.00994799256832488 0.00421941586549399 -0.0484022833722341
-0.00779728629688442 0.0131085509208484 0.0175226953916171 -0.0445008193559719
-0.0213476551826837 0.00658656757188046 0.033861987913658 -0.0438918801941414
-0.0201744971573756 -0.0132961509706403 0.0335151802140108 -0.0572714071421216
-0.00918073063038628 -0.0272912284606513 0.0405068527984075 -0.0838990167873824
0.00106999028934028 -0.0517313309340693 0.0469194547144627 -0.0410177421979282
-0.0182058273507874 -0.027414432098644 -0.00371201399180059 -0.00644273236086658
-0.0261127014212838 -0.00709089612545309 0.0184258651180262 0.0405825196218828
-0.019981439589929 0.00502569911693619 0.0559452675494012 0.023229845759109
-0.00888219108499165 0.0134910917130819 0.0646730272281784 -0.0291438427252108
-0.00218425212299279 0.0152964712450635 0.0361112742787429 -0.0626102595594635
0.00842773310859774 0.0205147635946399 0.00204561357304053 -0.0661508428856012
0.012036501599805 0.0205801842381875 -0.0159476987114344 -0.0512212966173172
0.00960606889574042 0.0242239486031448 -0.0163124965133619 -0.0490484146094665
-0.00579709066239073 0.0256719518807217 -0.00740802082736694 -0.0461943887354439
-0.0188133971123773 0.0238109397139981 -0.000322451931382111 -0.0431983884751827
-0.0401692258464564 0.00627862327311049 0.0094544146550971 -0.0406254125706422
-0.0420292650483819 -0.0207692159570858 0.024393695834897 -0.0410697074598112
-0.0162022229502603 -0.0476255925249977 0.0215245036522739 -0.0557522898766366
0.0110294770730907 -0.0619039596831371 0.0280846251193103 -0.0773988128659703
0.0179301616648267 -0.0804060002818741 0.0371025920015464 -0.0176340088791726
-0.0157194177494472 -0.0632593940249567 -0.0104365549774587 0.00898932161127311
-0.0486755822648028 -0.0348084216940913 0.0148767223292035 0.0570672739713064
-0.0539025820677429 0.000500222395085168 0.0593952629774581 0.0397224875317205
-0.0298347851329803 0.0305016785558745 0.0708930430275451 -0.0210218771442583
-0.0091740198665451 0.0351077565093624 0.0398188651247154 -0.0529399174435676
0.00866454733490089 0.043135366296845 0.00685505874171826 -0.0565183603070279
0.0166295757433728 0.0410478728560481 -0.0119187296199784 -0.0396745233555705
0.0140320366443221 0.044975643518751 -0.0154455704713553 -0.0357988905321117
-0.0101431874259015 0.0440057683174456 -0.011316924525329 -0.0321721461582492
-0.0321794815190995 0.0386381878160921 -0.00970948572076121 -0.0338068459388918
-0.065243547703717 0.00813298715388573 -0.00241888343480481 -0.0357069208694066
-0.0628945718040968 -0.0363796991278262 0.0130133404773267 -0.0375614080412703
-0.0185726670540551 -0.0726682077692668 0.0101903192012656 -0.0490781135894695
0.025172161030465 -0.0879834260454651 0.0109957852234337 -0.061318354861222
0.0340524386686583 -0.0964419944803781 0.0200254730045732 0.0109348440189848
-0.00695104973876995 -0.0917088315249358 -0.0215963115872069 0.0289515290655555
-0.0620421480865542 -0.0627966714490104 0.0056974171656187 0.0709968853195672
-0.0820672399802276 -0.0101667600359788 0.0535118736169027 0.0568143783237091
-0.0501275799395814 0.0413195702478285 0.0689479910849029 -0.00646452694046857
-0.0179188018670371 0.0506657838691696 0.0400198730940333 -0.0350000291444265
0.00640667322649106 0.0595654210913303 0.0111028451616491 -0.0388739397746416
0.0188948417335556 0.0556154973788416 -0.00596188957402855 -0.0227674176166421
0.0187167829044143 0.057894944476744 -0.0120239146161389 -0.0170381999367294
-0.0100762070460904 0.0554377963395334 -0.0134956573768873 -0.012995664299623
-0.0366272875339796 0.0497356292276831 -0.0183335413177621 -0.0193645386819082
-0.078912075074486 0.013573462267016 -0.013970717804718 -0.0272400053853764
-0.0762095856618714 -0.0419217214595072 0.00298712893591244 -0.0329305747769062
-0.022616262976377 -0.0852775984456255 0.00252655428568276 -0.0375402517260518
0.0331309490286078 -0.101021241452197 -0.00552023937768889 -0.0368229954132866
0.0447540030922704 -0.0953862398322897 -0.00168001967338047 0.0402584597633691
0.00676557315448938 -0.103405380762292 -0.0350482465703392 0.0476501275972289
-0.0603023904665299 -0.0824276945780964 -0.0087009005404001 0.0789133885332012
-0.0943701963735984 -0.0240728929648923 0.0380566014175251 0.0696881704366822
-0.0641724012691847 0.0425402733800666 0.0582296246912057 0.011925066562515
-0.0248117598356931 0.0571374384496173 0.0345986706494585 -0.0116099830587549
0.00245340375052158 0.0669280014685134 0.0145355013905673 -0.0152804751417846
0.0188937013470048 0.0614094707989394 0.00068045875552589 -0.00243142065468134
0.0203895585562914 0.062338901321397 -0.00704201509765931 0.00418337197321542
-0.00784769692306866 0.0590750658759762 -0.0136148271661055 0.00755703279173064
-0.0355311332657187 0.0526058013153923 -0.0248431596336613 -0.0034225867002386
-0.0799542620643006 0.0158066116766055 -0.0228432918181196 -0.0178307954358935
-0.076801437787331 -0.0415155904434764 -0.00493303454463602 -0.0275248945075711
-0.0204819589731851 -0.0852314209637245 0.000274656002213136 -0.0243852270067784
0.0376181760446874 -0.0988437362292021 -0.018878566720323 -0.00977229436309437
0.0464913131748753 -0.0780907006564223 -0.0238712435498293 0.0653903931653849
0.0203359541112872 -0.0936512103773785 -0.0466024193498622 0.0618167854734321
-0.0441263801087032 -0.0856276480313814 -0.0236596562047132 0.0776088823602481
-0.0868632727229452 -0.0347331058390641 0.0176983860889675 0.0737091478105961
-0.0658175448440093 0.0339918135944851 0.0398917171445558 0.0282491931425551
-0.0268412247325519 0.0527485299125814 0.0248310963885076 0.0127469822563994
-0.000809768846110064 0.0627252149928544 0.0154861344758141 0.0091442326415245
0.0155703220920197 0.0585384267808 0.0074593348071929 0.0179216031984703
0.0184509382301767 0.0584431803761642 -0.00121327939496057 0.0246223370664181
-0.00665266184561092 0.0548261537157279 -0.0130521420682456 0.0268008264930773
-0.0319742495870804 0.0473974057393639 -0.0304605123549131 0.0117441761209802
-0.071639468394849 0.0113098048234198 -0.0295511419998448 -0.00958518125088695
-0.0655375863550873 -0.0406629809895617 -0.0102239183799328 -0.0218904062936937
-0.0124046724703109 -0.0760335874628898 -0.000221563934439106 -0.0121008102895883
0.0394855964244795 -0.0817718593322611 -0.0304981735462837 0.0153218941117112
0.038242436641205 -0.0467749659917315 -0.0407947810669714 0.0819941352873786
0.0260330396194871 -0.0651674864192603 -0.0526725948939238 0.0695080506971569
-0.0225375198697886 -0.0683785038767444 -0.0330484720282279 0.0672800033034069
-0.0622429058540475 -0.0348148985699569 -0.00126469407607988 0.0679382950688562
-0.0526751290188103 0.0212007328926336 0.0191300729643609 0.0392546935629828
-0.0224276174509829 0.0398631682774133 0.0139789797301946 0.0324755085868188
-0.00307227531184904 0.0482630877909858 0.0155979887521678 0.0312047732527002
0.0105398583239816 0.0458860073849294 0.0122776876839943 0.0344486505122055
0.0130438499642417 0.0466868056034617 0.00311813260881041 0.0416312795061004
-0.00573688637314939 0.0442838485653835 -0.0136597801346363 0.0418692117350157
-0.0270541318333786 0.0370710577787467 -0.0358492291875377 0.0225384046889667
-0.0570400709760775 0.00443274246851776 -0.0352013383702373 -0.00440701430383809
-0.0469803318460774 -0.0372900506083074 -0.0149610199799099 -0.0187407725499858
8.69978339891097E-05 -0.0591810295191536 -0.000543118020541796 -0.00327519522797511
0.0389752486034384 -0.0544360643816872 -0.0400912750774726 0.0342044572929955
0.0221124594983609 -0.00855077270162882 -0.0473706451460852 0.0857818712772464
0.0233366718852155 -0.0270137355558803 -0.0506761275212066 0.0698157474802759
-0.00295889821550853 -0.0370953396524392 -0.0358106115472085 0.0553484661863966
-0.0294688253813949 -0.0241644093803942 -0.0127489420119116 0.0573929170415899
-0.0292944825975284 0.00842044603355179 0.00387261238938209 0.0445414941196039
-0.0126514887254772 0.0210019027638492 0.00551038403708133 0.0452807883589977
-0.00333749875655711 0.0257003365666183 0.0140744260945667 0.0463734409605047
0.00435600923182071 0.0261597305167916 0.0157254129710936 0.0462753308782301
0.00602584075477842 0.0281006416296472 0.00551928409534897 0.0550669219408637
-0.00473091856830407 0.0289253232590323 -0.0164524426684904 0.0526150949146092
-0.0191021151993787 0.0230177426219331 -0.0424861999900036 0.0295515992106179
-0.037205938547243 -0.00243447965833832 -0.0409459704780139 -0.0032717674906658
-0.0244583275402963 -0.0291927236916736 -0.0187907496115698 -0.0205187739229981
0.0103543702291702 -0.0362999055683964 -0.000773274295442101 0.00294698630182706
0.0329677151970829 -0.020223444195808 -0.0488502134073968 0.0470564260850549
-0.012598030772267 -0.0167004707143447 0.0497729287396628 -0.0553539238161839
-0.0139244983725954 0.00761609833714268 -0.000735485467523805 -0.0163249711198669
-0.0016100829900931 0.0157050547599937 0.0162070635952628 0.0286733133085959
0.0110554858591829 0.00535455811722143 0.0482081273571905 0.0130425401843846
0.00735764151628904 -0.00461654395992486 0.0560849950029583 -0.0298015646360376
0.00249132118523698 -0.00549197206962991 0.030936048879257 -0.0633391741445723
0.00558094884903474 -0.00483046248688867 -0.00196838344936657 -0.0661633999670416
0.00578222146935046 -0.00370698920024401 -0.0170659674654941 -0.0545372845257348
0.00597302679499738 -0.000563367690375788 -0.0159785414915298 -0.053327307766991
0.00420414194756934 0.00434533947581043 -0.00586040701706624 -0.0528531394194494
0.00237162781612611 0.0098595179380111 0.00462350212603022 -0.0475477443120493
-0.00833207771634003 0.0131271224487622 0.0181734850886086 -0.0443749425318309
-0.021722673031956 0.00653019296165604 0.0348250023553802 -0.0439034442238573
-0.0198867986219869 -0.0140031798785105 0.0344511896971764 -0.0566283432227621
-0.00872295332659047 -0.0278981313953845 0.0418474454524008 -0.0839336535789914
0.00145507827972149 -0.0521569579718281 0.0475076342165479 -0.0399587285855968
-0.0178062264858725 -0.0276521647482886 -0.00374041383708325 -0.00657832555042923
-0.0262736128493024 -0.00702356901049001 0.0174822363157303 0.0413356760159197
-0.0203617740399638 0.0053510825362196 0.0561498915974278 0.0245728703463781
-0.00915536127648364 0.0134473692282654 0.0648619438782051 -0.0283123875150176
-0.00250511305566727 0.0153583627142014 0.0360392147279166 -0.0624643052893197
0.0087123900597689 0.0199924413448453 0.00147616475764459 -0.0657037796610511
0.0120914353829725 0.0206580447379201 -0.0153128605615428 -0.051075379204041
0.00961767463271447 0.0242667588261315 -0.0166909511711721 -0.0483523479479047
-0.00563742758592874 0.0258286955942272 -0.00745487893356333 -0.0463149294008197
-0.0189052914785617 0.0238329313454781 -6.68294866966846E-05 -0.0435863018237423
-0.0402743564183413 0.00621735560054006 0.0100184906046798 -0.0404883751231917
-0.0421895154734968 -0.020633126361381 0.0255232245385567 -0.0412154202706151
-0.0153947170963412 -0.0479907106233307 0.0223747085434377 -0.0555074297263863
0.0122791083927993 -0.0623835892887551 0.0291939067798042 -0.0773133104001463
0.0187657426376139 -0.0803642139585988 0.0376883488769647 -0.0170230812716157
-0.0157084071967414 -0.0636408515735676 -0.0110022140239337 0.00921525711546278
-0.0491356217923429 -0.0353777657841032 0.0140898715287642 0.0572883630745024
-0.0547441258636889 0.000206437645802054 0.0590358740767224 0.0407831880114058
-0.0296408996035849 0.0306822305219691 0.0707277211292819 -0.0201074241220164
-0.00964273059763825 0.0357915845686417 0.0403918731914212 -0.0527181602722071
0.00888408814249746 0.0429998625339739 0.00632021519456636 -0.0562281591171704
0.0172831480974726 0.0409742080278787 -0.0117447141726529 -0.0394119618716128
0.0143749847197863 0.0444829126208582 -0.0155225415958476 -0.0355452476630107
-0.0102407116353999 0.0440034483358005 -0.0112352153501601 -0.0325414080361588
-0.0318808731730949 0.0386486635384172 -0.00934002544768504 -0.0342691111905171
-0.0655603072096823 0.00816720702658491 -0.00192803443994298 -0.0354793415416609
-0.0626829003355413 -0.03672810961672 0.0141268060135759 -0.0381145131485143
-0.0178861820790717 -0.0732116619125652 0.0108214693594362 -0.0490029615900557
0.0259289018731486 -0.0882127611129439 0.0116715556233898 -0.0606689861861371
0.0348993887783107 -0.0961444769588119 0.0202634664390745 0.0113557794147306
-0.00625452021541753 -0.0920413512411435 -0.0221317879732669 0.0280964497523643
-0.0621751553664157 -0.0638385075009716 0.00420800680084771 0.0718066524881557
-0.0833717235598528 -0.0104512009058582 0.0530045931059254 0.0583299680704367
-0.0503960573331906 0.041430896660944 0.0685582012329991 -0.00563610304230913
-0.0179278390111705 0.0508180910116693 0.0402728222783543 -0.0349021882148982
0.00705664494421095 0.0596034005194105 0.0111481464000476 -0.038609316703877
0.0197702783335283 0.0554682976296165 -0.00563839389837268 -0.0224131353798352
0.0187793760810499 0.057443877645029 -0.0124091762163193 -0.0165786315888827
-0.0102873972419103 0.0556901814043657 -0.013656629171053 -0.0130941967699768
-0.0363546858508081 0.0496837970732609 -0.0184785342456481 -0.0198438985236087
-0.079635003972367 0.0140885284639025 -0.0137504830088276 -0.0271559316193086
-0.0762894648283981 -0.0417591546176567 0.0037092730265334 -0.0332602449614964
-0.0216502808358557 -0.085689793006524 0.00339311658714592 -0.0376357133010794
0.0343547953465506 -0.101188378507927 -0.00515202928420305 -0.0369796102059119
0.0459062706110006 -0.0949239260109167 -0.00221415633669471 0.041230706047235
0.00801293916818836 -0.103744865056608 -0.0355252975941144 0.0471079856327354
-0.0595144550607495 -0.0833192768585321 -0.01051478188621 0.079223047708582
-0.0958046563310337 -0.0249801133906323 0.0372950740025258 0.0714172591749088
-0.0641920211481943 0.0420237921353016 0.0574108045653773 0.012894116247314
-0.025127613887577 0.0574843586197161 0.0353014878275238 -0.011074691397473
0.0026376474030301 0.0665342582385518 0.0143963888790419 -0.0150323387370594
0.0194703925845829 0.0611894261960485 0.00102916277270221 -0.00218746735987696
0.0204971959074016 0.0621327091517176 -0.00726058904048574 0.0044849258863784
-0.00801447722538077 0.0592412062169302 -0.0134938825352627 0.00723609069662963
-0.0356914434055977 0.0525046283009595 -0.0254085131133296 -0.00371491575201933
-0.0806743758115185 0.0157957005784737 -0.0229829655896318 -0.0178779746289306
-0.0767231346070658 -0.042083810787507 -0.00435435325027495 -0.0274467022690896
-0.0198678045993269 -0.0854072974936849 0.000538758025029767 -0.0244581335225112
0.0385508084818539 -0.0987384611158783 -0.0189772390630742 -0.00957038979379324
0.0474002322370796 -0.077953778449092 -0.0246755163286772 0.0660875316981565
0.0210688467133241 -0.0937119688197252 -0.0473668704216574 0.0613743899347626
-0.0432855840853945 -0.0860077159185583 -0.0252074045763908 0.0773695327127356
-0.0874955729832358 -0.035748556296105 0.0169108673584567 0.0746400622363898
-0.0657006361264352 0.0335009660472361 0.0386946374810937 0.0290403759382871
-0.0271795552476852 0.0526921953912236 0.0253755325299638 0.0130815360426832
-0.000500417190108619 0.0630984956196851 0.0156300113680098 0.00933404974940923
0.0161676810529923 0.0581233816945631 0.00679987371439427 0.0181090086373377
0.0181254252871239 0.0581360045945853 -0.00153141186498309 0.024337339426121
-0.00697576631856039 0.0554049973502129 -0.0128878975689761 0.0266066095210381
-0.0322432180802478 0.0473565101470389 -0.0309450684555348 0.0112692208571246
-0.0720244999761874 0.0112161970467483 -0.0296207842486606 -0.00971532541923942
-0.0655144980280072 -0.0410803783204639 -0.00981736856385465 -0.0221977898631386
-0.0117799879682548 -0.0759680055973639 0.000127787250726924 -0.0121061452038914
0.040302612590572 -0.0817709475404737 -0.0305686673702428 0.0154278563058757
0.0390559087092325 -0.0462704277888724 -0.0420151719242353 0.0819700722144543
0.0270915736416425 -0.0650724043358667 -0.0534492165575068 0.0686705155621905
-0.0214795331035598 -0.0691455752763576 -0.0350434825446946 0.0675363587219029
-0.0631853916238067 -0.0354322294621326 -0.00225396334168509 0.0687045889790964
-0.0528267437496173 0.0210160754268812 0.0183552356288754 0.039514241860751
-0.0227867856486636 0.0393007125222374 0.0142286204934129 0.0329593498037348
-0.00262149455301126 0.0482798136835142 0.0156316729299677 0.0310703200294649
0.0106354667207132 0.04592232994857 0.0122999467123266 0.0346297686426334
0.0132781774160832 0.0463656085148491 0.00275472135384409 0.0417111794104677
-0.00566178040294864 0.0446518503927978 -0.0133991650001396 0.0415496287646681
-0.0266168308701401 0.0370440237888785 -0.0358848607077171 0.022145430754859
-0.0573412205463921 0.00411985207644287 -0.0352357267180159 -0.00437114416914207
-0.0468761176944191 -0.0373649340008057 -0.0146608794106951 -0.0193641007360739
-0.000135514784815434 -0.0587626690668018 -6.46593580321264E-05 -0.00321692143447613
0.0392090723221961 -0.0538634355498111 -0.040543821301731 0.0342446405249739
0.0222123620631399 -0.00773530356023421 -0.0485721978290682 0.0856564761930082
0.0237914973906249 -0.0270664825604712 -0.0516513881681064 0.0691528680927988
-0.00240539189201635 -0.0374810878357888 -0.037202588386459 0.0546057547206591
-0.029519736016046 -0.0242290784931795 -0.0133506504462512 0.0580203436500472
-0.0294568362996357 0.00810374824037738 0.00352186421201803 0.0451331018014645
-0.0126344802319043 0.0203759792929135 0.0061737716926215 0.045523237964499
-0.0031061990642727 0.0257171184388306 0.0144056663893924 0.0460573864589368
0.00407546639104138 0.0265361830907749 0.0152844735254649 0.0463409805934477
0.00604888209135232 0.0279572540353492 0.00489740578647757 0.0542509258583086
-0.004603661500107 0.0287159328585214 -0.0161762958875812 0.0520886226013111
-0.0194365046103752 0.0228445769945485 -0.0426713320473865 0.0290777936229024
-0.0376897803782465 -0.00215367706440327 -0.0408716358343571 -0.00376008642524585
-0.0243335026778391 -0.0294271021702148 -0.01853555264931 -0.0205189918252478
0.0106949325213779 -0.0359728061997331 -0.000709271718201411 0.0026136303843199
0.032914480195194 -0.0196428177176257 -0.049241442017349 0.0466706596385519
-0.0132799169758684 -0.0178967494410521 0.0512122410225278 -0.05611722241868
-0.0142281358755737 0.00772008505126581 -0.00157969732503693 -0.0170723347753058
-0.00182333998563919 0.0165012843675777 0.0164356872163121 0.029752652037629
0.0114122714668623 0.00585563225926746 0.0495231188572018 0.0139954360709313
0.00743266736348581 -0.00443049027044371 0.0575127719326166 -0.0300615752618109
0.00223253183858892 -0.00518069324423133 0.0311249655746986 -0.065418493957975
0.00595464622253583 -0.00471198416809116 -0.0022834479608035 -0.0677581777083412
0.00600071340396258 -0.00363527692966368 -0.0173925249347208 -0.0559913010118622
0.0062336385628512 -0.000690296715238653 -0.0166822880320171 -0.0544750102375293
0.00465138565188954 0.00473579624688149 -0.00629304763217089 -0.0545934912822235
0.00285790507192349 0.0103048695522589 0.00486351978599769 -0.0498495997251118
-0.00869051223414511 0.0135798571318752 0.0200427092029224 -0.0453566225518413
-0.0223657317810384 0.0064801966508794 0.0363748894662525 -0.045202726786335
-0.0196710358253634 -0.0149523682715727 0.0357971439364228 -0.057693613400762
-0.00841470535221375 -0.0289230498134662 0.0442034864602926 -0.0862808697521492
0.0020959893663492 -0.0541868286386705 0.0491772325372061 -0.0405597011195157
-0.0181177596301514 -0.0288660352257056 -0.00431401173097207 -0.00716853358976567
-0.0277286916047336 -0.007012805432282 0.0179067465901465 0.0430524506784176
-0.0214381411545612 0.00579270220270594 0.0574635048611506 0.0262525575504973
-0.00942851332309144 0.0140743130161185 0.0658987875487243 -0.028889703797497
-0.00237526178749718 0.0163594404155932 0.0366059932658471 -0.0643961284742685
0.00962136934823498 0.0206235695852761 0.00143189900437433 -0.0669829962800331
0.0130197159746308 0.0206770167276902 -0.0156369335851907 -0.0525196033240891
0.00992674070968468 0.0248272322620579 -0.0173425637254175 -0.0496793355893194
-0.00576657524888998 0.0270159150264149 -0.00867645963013815 -0.0478644228276171
-0.0192947148312467 0.0244389442353821 -0.000320152142702887 -0.0449619529031885
-0.0414727736399296 0.00643317472452945 0.0114560952453998 -0.0415049902679931
-0.0430993658714539 -0.0212471839678958 0.0270892545019873 -0.0422012447854282
-0.0148531548860202 -0.0500083630538814 0.023442663894522 -0.0565302986951688
0.0127676568446111 -0.0644894034194169 0.0303056540961702 -0.0791740130527813
0.01999425318461 -0.0828524853855489 0.039050071752396 -0.0165765695083668
-0.0156060296770765 -0.0655175201198747 -0.0116591487419564 0.00889187067012439
-0.0505193536512888 -0.0362165848893471 0.0136104784706419 0.0595814339478866
-0.0568552384360874 0.000436298590748499 0.0606310113237284 0.0432514680008258
-0.0309933359364201 0.0316301273955538 0.0719356210543647 -0.0201565508628967
-0.0101083493782129 0.0372991516393395 0.0409303846344747 -0.0543392388283939
0.0101005527868495 0.044137789155786 0.00591749978284294 -0.0572085015619276
0.0184428369013004 0.0422598673322174 -0.011339574583396 -0.0402868052191603
0.0148027864343822 0.0453626825248721 -0.0166039892458037 -0.0356940884606791
-0.0103233000548228 0.0454294531373035 -0.0118968729172298 -0.033425053386758
-0.0327497970002696 0.0397141099815232 -0.00988673394700427 -0.0355207735099564
-0.0680829879967249 0.00855311744106486 -0.00115065437536313 -0.0362412850421026
-0.0644392105769449 -0.0377809494822559 0.0151548095282979 -0.0394724754914122
-0.0176534417072261 -0.0757812110390987 0.011608860518913 -0.0497405237654311
0.0274725979162581 -0.0909560558157902 0.0124073436995311 -0.0622209360593761
0.0368124765044286 -0.0990228228340518 0.0208858256683736 0.0126223922514277
-0.00640536636390856 -0.0947801322358911 -0.0232955298029644 0.0286123746817695
-0.0636054087968047 -0.0660178785091997 0.00262639283505527 0.0744842310892056
-0.0863794838042474 -0.0103102612468825 0.0547757716433818 0.0610800203632394
-0.0518409582741801 0.0426466222255648 0.0699354328312513 -0.00468878514074912
-0.0193203012688332 0.0525938668390354 0.0416863301703018 -0.0357925248395711
0.00757472940951621 0.0613246123576076 0.0109054229769984 -0.0392172779875609
0.0213206817264416 0.0568104810728675 -0.0053239647099945 -0.0227325420771708
0.0192807315046735 0.0589468829263981 -0.0128727450471867 -0.0168389674009506
-0.010105687146602 0.057492798281382 -0.0139062176921636 -0.0138600467319547
-0.0373537260061044 0.050890727644814 -0.0191669899301186 -0.0206460551368359
-0.0820896507548185 0.0145395143900114 -0.0135323508294402 -0.0279390757152897
-0.0780721998740663 -0.0431931442263539 0.00411952340056825 -0.0344246867093375
-0.0218575086643886 -0.0880912772239887 0.00375245234066673 -0.03843814177415
0.0353514752194364 -0.104074912403382 -0.00485499914205485 -0.037655508903381
0.0480773623537115 -0.0972841757272895 -0.00240336565513894 0.0424052360107805
0.00908716999234003 -0.10681593510078 -0.0371355066491518 0.0481082442216112
-0.0609387113216076 -0.0863719888772024 -0.0124441573018979 0.0820428969954323
-0.0988719293967551 -0.0255109750586998 0.0380359895442706 0.0745469006489548
-0.0663276411783173 0.043384827654612 0.0580186300563913 0.0137369325352247
-0.0259614172127246 0.0588232383745808 0.0366804589563161 -0.0111782656078607
0.00370486720923374 0.0688069307814378 0.0143322236642557 -0.0157011706881115
0.0208151681299312 0.0631084194630416 0.00112030719046506 -0.00204279859807875
0.0210194824925954 0.0631921444576529 -0.00728667882776144 0.00460199293480236
-0.00825888927851909 0.0611280207972699 -0.0138737822257626 0.00727520706074263
-0.0365409046137069 0.0536128902446935 -0.0266435258016485 -0.00416635843294126
-0.0832954682680024 0.0167728888846477 -0.0233715212693434 -0.0182334159549877
-0.0787666287709892 -0.0434158879724001 -0.00375575973267605 -0.0286079707914042
-0.0200574906936714 -0.0877548612640077 0.000868546989783476 -0.0250896985670222
0.0394246387384421 -0.10141867664328 -0.019892401384464 -0.00962217565145854
0.0492304270458646 -0.0791283123817894 -0.0259039064169521 0.0674523860245432
0.0224934781520189 -0.0962979711695887 -0.048954589231646 0.0623163428837497
-0.043924235183088 -0.0891760027789442 -0.0274793930526972 0.079695898097156
-0.0905832150078345 -0.0368026833506467 0.0171802573160217 0.078037168343661
-0.0676177805663817 0.0342650822650824 0.0394073716266981 0.0300461377988836
-0.028203098888153 0.0542313705467242 0.0266318286842785 0.0134540250639399
-3.68566493680368E-05 0.0644582582892859 0.0158477238898252 0.00980455401556816
0.0172874555907156 0.0596665814183032 0.00781816113602399 0.018073762537241
0.0186732667268762 0.0591120411339412 -0.00192433047743756 0.025599692463613
-0.00650815615936064 0.0568090926998417 -0.0130135403902836 0.0267903699432156
-0.0328916850941016 0.0485917995416212 -0.0319128484518856 0.0108959094089157
-0.0743783964323171 0.0119071936703473 -0.0305633709767556 -0.0103120815991977
-0.0672085052673684 -0.0423994606331485 -0.0099648028359278 -0.0233535576861214
-0.0114424512843336 -0.0775583667631692 0.000554203932129942 -0.0129109534569965
0.0416395966442165 -0.0839975582499647 -0.0320102414246992 0.0158886932160748
0.0402858037324221 -0.0470568478060832 -0.044373583908932 0.0836180299212333
0.0284837952155374 -0.0668181298062343 -0.0556470976435282 0.0700968864464365
-0.0219514677546963 -0.0711248856579946 -0.0369961835445494 0.069165870246106
-0.0648011157132518 -0.0368584830156824 -0.00255193839645036 0.0707016178614957
-0.0541316847129819 0.021281812787485 0.0189022159493778 0.041158212754396
-0.0230927760220855 0.0404103794685367 0.0157459181499923 0.0341258401087187
-0.0024437723730195 0.0494731691787499 0.016095504784413 0.0318491300148382
0.0114302040851966 0.0474106775577381 0.0125101670133524 0.0353639728649725
0.013630257863845 0.0471754272965866 0.00291741381071753 0.0427628025710651
-0.0055407449406553 0.04570966100883 -0.013832729482335 0.0417357682944661
-0.0274606490496888 0.0377353613570861 -0.0372716505848881 0.0222396200508778
-0.059402165393944 0.00480463105941242 -0.0362878443976988 -0.00506147513389526
-0.0479794830319757 -0.0388501491012123 -0.0146429666207417 -0.0202870270516403
0.000487522036763644 -0.0595865075543294 -6.58483252566778E-05 -0.00330879170525266
0.0405968282446252 -0.0551481499777224 -0.0422223946603727 0.0356658904377168
0.0233193716221235 -0.00783221307082219 -0.0511985674831532 0.0875938670362475
0.024839937786972 -0.0272575150145936 -0.0537003861309772 0.070450488468848
-0.00227283001840962 -0.0382180132295851 -0.0389613118186913 0.0558232960217171
-0.0306903411662739 -0.0252298721130087 -0.0144717171105601 0.0599224203336968
-0.0298581242131225 0.00797327192033488 0.00333526887098815 0.0464608239211148
-0.0131227041402472 0.0207121405458828 0.0069656416099374 0.0471845179344117
-0.00330786928064143 0.0261161635706948 0.0153436457275211 0.0471168373439155
0.00452071298619137 0.0273086773838281 0.0156908133451609 0.0474669108919854
0.00612774850026514 0.0284106578191769 0.00516326601602076 0.0554131216086506
-0.00480933618286315 0.0294261842577519 -0.0163455306363411 0.0527884661536188
-0.0199565848096567 0.0236508785451232 -0.0443246850670367 0.0293927308162888
-0.0383808128544344 -0.00219688187617657 -0.0422304125579057 -0.0048056016316264
-0.0250481229980618 -0.0303117273650071 -0.018358263069906 -0.0216730226195849
0.0111976888412047 -0.0367765229027424 -0.000383222018628995 0.00231579684813234
0.0340287684745579 -0.0200980962367017 -0.0513270420305708 0.0482521997128474
-0.0162792259158307 -0.0179051565415704 0.051820980016554 -0.0617765538841363
-0.0138379930481963 0.00894949633178621 -0.0035422043906433 -0.0189967750251665
0.000256688778124123 0.0175880218188089 0.0177069708001757 0.0294700869751592
0.0130112796490341 0.00412854410158821 0.0513936729345143 0.0125313578186667
0.00755507927918776 -0.0063112312513788 0.0576150998685156 -0.0345897431996299
0.00151178564498955 -0.006336094363881 0.0267120194920019 -0.0694527704939556
0.00519408869917685 -0.00631235649479509 -0.00867355423042957 -0.0687297823586339
0.005783433645876 -0.00457223018081273 -0.0224026159666945 -0.0563778606644404
0.00642237302791908 -0.00113317019829846 -0.0223347820604696 -0.0558929006475068
0.00553801607515779 0.00428586676902733 -0.0118214309659069 -0.0574650214647778
0.00462810934724554 0.010336836058328 0.00154319551599419 -0.0537211552254867
-0.00689901327719073 0.0160536141479334 0.0184156535221707 -0.0507660430773872
-0.0222463585214142 0.00981418069144059 0.0367240018656981 -0.0514468264493374
-0.0205059839511029 -0.0139695802421985 0.0347410848304961 -0.0617266535827648
-0.00996088220219619 -0.0301323683875539 0.0419286655658558 -0.0918926907969989
-0.00438744097230144 -0.0560585926927189 0.0531290714500791 -0.0438524842208102
-0.0224705128641911 -0.0274800337866991 -0.00347644948480963 -0.00811902154381005
-0.0285803735797769 -0.00401029633019078 0.0220352793330238 0.0416023515812574
-0.0205342969707125 0.00862722379693698 0.0614408941272882 0.0217831512009171
-0.0075912708799455 0.0139898510787472 0.0650297232207203 -0.0345875584599315
-0.0015714364748699 0.0156585379777516 0.0317217226037984 -0.0694869148235855
0.0122696434588071 0.0193355792387146 -0.00635626689559424 -0.0693779312592632
0.0151084273581038 0.0196304827885283 -0.0207683776675574 -0.0520659953707741
0.0128661264640292 0.0243178631387405 -0.0229430348966575 -0.0505228217107602
-0.0027277039047048 0.0282184846296245 -0.0137427132765569 -0.0506567831800377
-0.0165638611701277 0.0270779577509406 -0.00368751754768764 -0.0491303426050374
-0.041908511465438 0.0119848498133355 0.0113610293151334 -0.0461006880329816
-0.0461361187947095 -0.0175281328439093 0.0281915163610702 -0.0468279682029921
-0.0188302004452068 -0.0514754149236547 0.0204208466596402 -0.0585258381614859
0.0102195852465411 -0.0697150337318611 0.02509987104465 -0.0830604267802453
0.0105250730561584 -0.0876243294080958 0.0459227017266247 -0.0169544105496944
-0.0230523668702596 -0.0650350442862326 -0.00790333286132618 0.00914092313795038
-0.055556085778201 -0.0308180739179779 0.0214465128400998 0.0572711147474641
-0.0573718583312307 0.00826860466685741 0.0670549755715049 0.0362168238974176
-0.0271967679109555 0.034105047229956 0.0700937442102919 -0.0278310315449417
-0.00731558046783747 0.0379355212994144 0.0362055666297138 -0.0597854459943708
0.0154011076519969 0.0437906688449085 -0.00176406051322492 -0.0610702483014497
0.0225741742562437 0.0413693011744487 -0.0156825251781478 -0.0402696779955233
0.0201104337797823 0.044975058556002 -0.0200188243242847 -0.036270650945837
-0.00571126200068146 0.0479439923729341 -0.0164232057130975 -0.0360795670119398
-0.0291207025232899 0.0442890643138827 -0.0131233565995047 -0.0383588074646154
-0.068531614885022 0.0167647504102994 -0.00141768227018313 -0.0404033203918032
-0.0698402886163588 -0.0326094433190341 0.0171907153954802 -0.0429560234470471
-0.0237764974058581 -0.078542678829258 0.00748713643756111 -0.0494778330565888
0.0234596905585179 -0.0994644856869417 0.00499871211254696 -0.0624969068018651
0.02652694344529 -0.104272354074759 0.0293068461033551 0.015437780050413
-0.0158009124050042 -0.0955485551070858 -0.017116155478024 0.0309413831621223
-0.0716773865245827 -0.0594183886682294 0.0140218666543314 0.0725104077892626
-0.088745125054753 0.000333674403399255 0.0634060398538543 0.0532930062080786
-0.0477434409249752 0.0480128267541542 0.068843049456894 -0.0132596387883802
-0.0150282431139221 0.0546657730359065 0.0375372552928231 -0.0410391820336563
0.0155159984951475 0.0622609470736974 0.00434656539743175 -0.0436830809595281
0.0266807689259113 0.0562827280713091 -0.00803558152649055 -0.0224247398543103
0.0261677881875325 0.0578142090159032 -0.0154347374285173 -0.0163928850757979
-0.00416027582280676 0.0603484691995247 -0.0169131838251647 -0.0150308134441148
-0.0334027418945036 0.0559269954758346 -0.0227422500042637 -0.0219892478383189
-0.082866166143362 0.0244397901120465 -0.0140077469487438 -0.0314540582580232
-0.0846922268957384 -0.0372074495116721 0.00669550477971846 -0.0366297462820017
-0.02912162882142 -0.09079687499334 -0.000278021077842338 -0.035975397965744
0.0308302393457643 -0.113815629883227 -0.0129553685459089 -0.0348761373788339
0.0385561652693696 -0.103811567649423 0.00629608384929245 0.0484643990388131
-0.00153018426069366 -0.108706695933256 -0.0293908705735667 0.0525266123305781
-0.0713622579630596 -0.0804788278632152 -5.64621480407543E-05 0.08150660839215
-0.104235257918309 -0.0129820120107341 0.0492755895649131 0.0670680754316591
-0.0625664993411763 0.0501365484724774 0.0578554489169552 0.00639201738926653
-0.0215570641916032 0.0624663377633992 0.0343424029326896 -0.0159050324603782
0.0123426095608303 0.0707602680035035 0.00983611978338052 -0.0198052815810464
0.0273488174924133 0.0626857871528331 0.000205335839507672 -0.00176192461613254
0.0283169736563982 0.0619407799507546 -0.00776304589882452 0.00558662738347189
-0.00193290127992013 0.0637242947110562 -0.0148073178322054 0.00679725878088531
-0.031683233062366 0.0580077177404621 -0.0292654365185313 -0.00379478164755978
-0.0834869833737538 0.0265137647161791 -0.0239830513705769 -0.0206318505123227
-0.0856620935275193 -0.0370505619978096 -0.00149964354937899 -0.0295071670382152
-0.0276821686538062 -0.0906001689138442 -0.00214768759532808 -0.0216724930303777
0.0346718065718966 -0.111247933844225 -0.0273108839070417 -0.00509566574557326
0.0427462887303283 -0.0848493421159548 -0.0184707088438885 0.07561281125605
0.0136176295627677 -0.099177902502822 -0.0415535043664516 0.0694567221967369
-0.0541566872997867 -0.0855389647722384 -0.0156867005144515 0.0816261847157824
-0.096246740452371 -0.0253988142338646 0.0277584245954276 0.072333453240616
-0.0645364545155923 0.041779345013912 0.0402980208351856 0.0244680434095406
-0.0235769417473807 0.0575696440956631 0.0266603137415367 0.0107383658397479
0.00809257626062016 0.0667916009755425 0.0142377868811562 0.00574524867379858
0.0234908194164098 0.0598177335405046 0.00914580724046984 0.0189516058793292
0.0259734644387111 0.0584315073466151 0.000278411373137438 0.0266302095680114
-0.0010638587780832 0.0591965081238369 -0.0126319932176524 0.027735950417376
-0.028758599036075 0.0522366469522618 -0.0335652360090226 0.0124964619668087
-0.0751812158378701 0.0204613148545562 -0.0313155820750814 -0.0103716570598137
-0.0730407718547209 -0.0375038091233273 -0.00868306039392235 -0.0232549137897917
-0.0179361075118892 -0.0808825687562165 -0.0025906255966271 -0.00973379604754222
0.0374470791770296 -0.0933685198538281 -0.0382180820788262 0.0222192317469311
0.0369065686394085 -0.0508300789652943 -0.0389250497583065 0.0924837176407856
0.022985522655177 -0.0695643203366085 -0.049687732949909 0.077625020348634
-0.0296808387228212 -0.0694899561585333 -0.028377125738256 0.0729323478227464
-0.0701561938559938 -0.0288853397250189 0.00657921838565725 0.0690110215161441
-0.0521313488487173 0.027052656030267 0.0203424189797395 0.0380296715776897
-0.0198311702335953 0.0429376005905385 0.0169737790926788 0.0330313168121684
0.00397859690383905 0.0520157053690119 0.017255769110194 0.0288863418590497
0.0163459445129451 0.0477220568618265 0.0158530586871129 0.03576286554082
0.0187275089734607 0.0466772615252608 0.00673451141691067 0.0441431358555781
-0.0014043476106888 0.0477880978027489 -0.0115406574528401 0.0435792782133733
-0.024748743831402 0.0404084535298189 -0.0384039337181373 0.0251805028372565
-0.0605313802445755 0.0108020689308483 -0.0371344125536274 -0.00448650889910131
-0.0526503514197301 -0.0355098781471452 -0.0142779321133626 -0.0197006007256368
-0.00383115851433082 -0.0629965392189249 -0.00230991858001762 -0.000796011314132819
0.0382094042838712 -0.0625459534199431 -0.0471245467127234 0.0414368800584657
0.0236683314153211 -0.00936837710919848 -0.048434734641537 0.0956895936667776
0.0233657100445641 -0.0286239822337389 -0.0494272728909275 0.0772335603368294
-0.00617421608642003 -0.0381495700759992 -0.0340797096043864 0.060505850472624
-0.0342465653235437 -0.0211797486122158 -0.00815023647094914 0.0604225473768387
-0.0286710037851866 0.0119786472826123 0.0059955881231154 0.0456256764637608
-0.0111360827216127 0.0223525758869371 0.0102571850405975 0.0475705695366564
0.000193667061423085 0.0280144708969508 0.0189884409326295 0.0458194650490012
0.00730125725244953 0.0276984636858717 0.0195251577506983 0.047852857825583
0.00944790464996468 0.0288473731737211 0.00936082791826551 0.0572473374674437
-0.00224957468718832 0.0311063098515427 -0.0136079202453585 0.0556113608993183
-0.0183504550197716 0.0255362038906638 -0.0455988407358063 0.0335231844101178
-0.0402244777067742 0.00133420045698924 -0.0441829261385685 -0.00295041939172957
-0.0282673273379503 -0.0293626013608194 -0.0199011123268258 -0.0207981002779324
0.00888866402970227 -0.0389885006612513 -0.00139582408499374 0.0036330389748753
0.0335711041139622 -0.0243520965320518 -0.0538325307518248 0.0534730847371716
-0.0174712543277257 -0.018439724447607 0.0506835834975765 -0.0662697377975982
-0.014427465996116 0.00925996127443071 -0.00546206960881004 -0.0193640414804909
0.0010526482816514 0.0182840861985621 0.0192341792630808 0.0306067224126585
0.0135082286569166 0.00443179781474706 0.0538404288370561 0.0111562017712778
0.00761835194051305 -0.00702931548306857 0.05736750572909 -0.0378536925194722
0.00131880703878771 -0.00644780333043955 0.0229491503717825 -0.0724809955220632
0.00468200288918027 -0.00702478107879173 -0.0124005657016741 -0.0699474668887092
0.00556121336762993 -0.00524466762130482 -0.0258449070306355 -0.0569799387034084
0.00667791907570501 -0.00148558297135309 -0.0264380294506674 -0.0565465207081588
0.0061984544504986 0.00452252877391187 -0.0155228003612125 -0.0587329690057198
0.00526575207713952 0.0102485416813006 -0.000593966728010602 -0.0555219688051692
-0.00624955942458729 0.0168205554159357 0.0179121973323492 -0.0537318048941667
-0.0221285698597307 0.0114409707356065 0.0357933663483009 -0.0549927878770812
-0.0220343738289087 -0.0140715321965611 0.0335995947875316 -0.0643423407388299
-0.0113680931597176 -0.0308636378066103 0.0393227486824955 -0.0970774640605194
-0.00705901161611546 -0.0587422252268303 0.0528653688171324 -0.0472769582200731
-0.0239408479585635 -0.0276807731094363 -0.0047406999503831 -0.0085305188618858
-0.0300816253189859 -0.00196395853390088 0.0243848062084466 0.0426993959117732
-0.0208765890453288 0.0105033665293687 0.0644181236294858 0.0202787895139219
-0.00713717099735928 0.0151926934572503 0.0657500544835437 -0.0383591331259399
-0.000899668964014347 0.0167762447793248 0.0289210447975358 -0.072734467039054
0.0138229038027584 0.0190939150699848 -0.0105139006176399 -0.0705613238462636
0.0170602049338603 0.019414710667813 -0.0237799086799996 -0.0525689289706671
0.0148752076580776 0.0244552596616109 -0.0261075704491602 -0.0507879002394089
-0.00127923356402563 0.0297907745460376 -0.0170596613128509 -0.0519295461835342
-0.015252810787561 0.0290105794164802 -0.00632119884501488 -0.0506910103254367
-0.0429038697357741 0.0149968314502788 0.0100178163010919 -0.0482730193594202
-0.048326954376451 -0.0156382393038858 0.0273266715837417 -0.050282161086244
-0.0216701800408193 -0.0528792786517971 0.0185988644792968 -0.0603593006447212
0.00722879187228665 -0.0726395152526623 0.0225804981049112 -0.0866973529708829
0.00749890903378792 -0.0909894559926199 0.0467089506250381 -0.0194176640825121
-0.0269308211538302 -0.0665352398407203 -0.008308915527604 0.00975642349868274
-0.0592546860025288 -0.0294211339805888 0.0245143848302802 0.0588604393843743
-0.0588338506964895 0.012018792108297 0.0710567512112429 0.0349446449530806
-0.026449906666041 0.0367732155060983 0.0709915878001045 -0.0311181551473447
-0.00574745670217248 0.0400114838183947 0.0342136181258267 -0.0634331339561935
0.0183676356513391 0.0439860091994877 -0.00477440542735443 -0.061448790968396
0.0262604451469521 0.0409214747020763 -0.0176572855498561 -0.040835005869752
0.0235662074568323 0.0450520239705511 -0.0230288847778773 -0.0360051573685983
-0.00287149395890468 0.0499075316993099 -0.0190794901701525 -0.0363811032430527
-0.0276728044030602 0.0469499622095723 -0.0158341866288019 -0.0391863919741045
-0.0705866881752071 0.0215091106153149 -0.00282373341974051 -0.0417831957227582
-0.0736162687491936 -0.0300834280526134 0.01611175581397 -0.0453098507979297
-0.0280770452287706 -0.0801453932632695 0.00561648212014385 -0.0506514962287579
0.0192745367074526 -0.104056249640729 0.00256711387219304 -0.0647227022487504
0.0230241103750844 -0.109267350177823 0.031133079552631 0.0148002542110712
-0.0205750352080395 -0.0982859819701779 -0.016467072376678 0.0321434889378146
-0.0772262472968296 -0.0581880245146912 0.0170750048338177 0.0745056186740497
-0.0922216115746444 0.00570812122779808 0.0686400243991726 0.0525720383484795
-0.0467801180713022 0.0520215418978833 0.0698142981489097 -0.0160276960434198
-0.012659303816621 0.0578870155706289 0.0371532891466975 -0.04403470151519
0.01962850575857 0.062710874147373 0.00201857138707572 -0.0443688738515161
0.031696981563754 0.0560607121368867 -0.00912933349775403 -0.0229493453451689
0.0298717438961507 0.0579664627892939 -0.0165097199840081 -0.0156857608852793
-0.00106294379811047 0.0625888782255831 -0.0181451767691192 -0.015273756071036
-0.0312112888676711 0.059095084050764 -0.0242448037303382 -0.0221834176566151
-0.0845335761099676 0.0300652937294392 -0.0152333123241302 -0.0317010612326954
-0.0895351356819037 -0.0333312012513127 0.00551901460475707 -0.0386783909850124
-0.034201313321229 -0.0928757398287786 -0.00172216746403229 -0.0368031129355367
0.0258442300336355 -0.119718844043178 -0.015417971227172 -0.034962700456299
0.0357482703648354 -0.108634930570171 0.00836370777941308 0.0499039241365168
-0.00653238567492473 -0.112728299693932 -0.0281791902746401 0.0554735390087091
-0.0776335031672003 -0.080298091932085 0.00318158050232527 0.0849246378510753
-0.108528305374159 -0.00789991321678515 0.0536355138916918 0.0679208692579184
-0.0618204535261289 0.0547299705750836 0.0594474502459845 0.00452824605416028
-0.0192434837597193 0.0654153686702052 0.0350130195513986 -0.0177458547224881
0.0170357735863552 0.0718586305344086 0.00861437968149136 -0.0202128156478846
0.0322807237541268 0.0631952052869936 0.00119407832295741 -0.00213986878824413
0.032647604902496 0.0623512457649516 -0.00746195428868863 0.0065128062034646
0.00168251224927093 0.0660851597617793 -0.0153990199524472 0.00711370813891247
-0.030249080848257 0.0615752360837885 -0.030639065407243 -0.00296483361283962
-0.0852953129556975 0.0320819433724137 -0.0252500813693158 -0.019448997263676
-0.0902721376642138 -0.0338827669887887 -0.00292150202403977 -0.0311124735712813
-0.0323466546443558 -0.0921449733445355 -0.00355679521372356 -0.022120733635823
0.0301282130085679 -0.117135359738146 -0.028403664488955 -0.00275867620589526
0.0405018470171372 -0.0892941223282541 -0.0157817057418456 0.0789090037408169
0.00988525045445763 -0.103418709076462 -0.0399007086751199 0.0723990668001291
-0.0601989082972863 -0.0855017843792735 -0.0136578521147239 0.0853167812789191
-0.101073412308519 -0.0210013423564427 0.0318305584251908 0.0737741802504883
-0.0640921245142557 0.0461642700558422 0.0420580000548416 0.0242233007042893
-0.0222152788520705 0.0606057130986978 0.0286396723375997 0.00979937588894139
0.0125670821136905 0.0684919975891209 0.0145308038349434 0.00553666129649186
0.0279101640505573 0.0602057435664696 0.0101030973666301 0.019198808894456
0.029582270607489 0.0587949980978206 0.00169016074754402 0.0276446368108272
0.00226408895610072 0.0610761156469564 -0.0116478996293761 0.0279035890061827
-0.0268263805177083 0.0554718543291251 -0.0345092027891998 0.014578221937998
-0.0770827509836125 0.0255130914799224 -0.0324471307689152 -0.00911021429381544
-0.0771021767155658 -0.0344488184294058 -0.00921905259375889 -0.0245904976489662
-0.0220103246626754 -0.0820507531735295 -0.00297384785413439 -0.00938882404992595
0.0337831516803566 -0.0976903372778786 -0.0386353678463984 0.0251743262092734
0.036092468052448 -0.0541900902041131 -0.0364076409420317 0.0973143703953463
0.0207776890339286 -0.0724632516769141 -0.0479251807352247 0.0815298203319149
-0.0335040201209509 -0.070389806535161 -0.026740434212543 0.0760645387893899
-0.0736630085022517 -0.0262431802167197 0.00969987395688918 0.071058633993056
-0.0521981630068181 0.0307015923562891 0.0228365411494313 0.0383275202865509
-0.0184710899001912 0.0455773385424178 0.0202056541418565 0.0333827457632828
0.00704444649702538 0.053003269587272 0.0189260867575383 0.0292461701813432
0.0199497562843205 0.0477890108323584 0.0177921952772197 0.0359217810400238
0.0219588771732225 0.0473957921911419 0.00873829609119852 0.0448394613999571
0.00130945951926082 0.049351189509654 -0.00964034549898127 0.0451196675135217
-0.0237487066848835 0.043270406057592 -0.0383858890242615 0.0282020483339126
-0.0619731040383487 0.0144738853907969 -0.038321848233558 -0.00280623776721853
-0.0559902640534873 -0.034165993067734 -0.015628385020645 -0.020458577767427
-0.00658754446780995 -0.0644607303054367 -0.00186321681234681 -0.00130812247056522
0.0362396589817811 -0.0658541179362706 -0.0462348030957907 0.0454799891571699
0.0243589884931854 -0.0106807466501942 -0.0464681276094968 0.101059787936419
0.0229853917207412 -0.0311433271897847 -0.0481967571119377 0.0813224150015652
-0.00790242240242204 -0.0393058207448787 -0.033102017402911 0.0633506604984308
-0.0355878340672138 -0.0200729522949139 -0.00588608889427976 0.0624136278168302
-0.0291424557841267 0.0136763603731375 0.00828765756573653 0.0469270503209859
-0.0106331576155287 0.0231588669009141 0.0133997518556737 0.0486030491885872
0.00211116026518525 0.0289349737133536 0.0218606489641692 0.0456389919310752
0.00959377268370944 0.0285943395173045 0.0223494503082751 0.0479026218342304
0.0113109535401439 0.0290058904153189 0.0130038822975165 0.0580398167487638
-0.000313831576845415 0.031796670789887 -0.0113311998913054 0.0572122910768166
-0.0177514416934171 0.027194615158756 -0.0450143688428689 0.0364642275422244
-0.0415425831590799 0.00329295338700569 -0.0459808554291734 -0.00109988167717529
-0.03045213239981 -0.0289613074458397 -0.020801102399855 -0.0211617124650901
0.00786563112477302 -0.040366694840713 -0.00120472870861438 0.00364808425698085
0.0331470901627872 -0.0268467469358335 -0.0529412625753254 0.0580784430988358
-0.0189761201919424 -0.0182269630572486 0.0479242452266956 -0.0687007011344211
-0.0145191976283724 0.00986069166340293 -0.00708578212441549 -0.0189634031218816
0.00158017216798243 0.018970932730059 0.0212968237951969 0.0301297820183461
0.0137085616671353 0.00416490789116613 0.0546898415479203 0.00887391083860579
0.00687907345117095 -0.00684364076422816 0.0554890254171394 -0.0408262047387967
0.00121951276312603 -0.00619189011483123 0.018857600668227 -0.0735834444933814
0.00440933878573265 -0.00776569869554289 -0.0167238867598828 -0.0689921348558117
0.00529995898149475 -0.00572161361014259 -0.0294184355263551 -0.0556763580228569
0.00694620486561273 -0.00184681186774431 -0.0301670749942284 -0.0546352469409439
0.00679377448308859 0.0039965624382649 -0.0194991882725047 -0.0576530795909742
0.00668491137722285 0.0103695401873669 -0.00389416143919824 -0.0566944582624729
-0.00567281431239054 0.0174227689167358 0.0157862433303645 -0.0552190317908678
-0.0214901817378224 0.0124430510361803 0.0331535011573248 -0.0571573570346956
-0.0231945869387581 -0.0140351118906049 0.0308666110839128 -0.0657402354867898
-0.0130920601282304 -0.0309568851223287 0.035221237091615 -0.100055450938814
-0.0105154012317908 -0.0592538756160969 0.0508821473870821 -0.0500218777626958
-0.0258950492494717 -0.0263131495750435 -0.0058949873744962 -0.00813288089870832
-0.0307685240160328 -0.000282887600074221 0.026521845329106 0.0422669134395954
-0.0205736042831447 0.0125718720653542 0.0662546443681464 0.0176279747654105
-0.00628922055674396 0.0157702923328544 0.0635190073765532 -0.0408845871324707
0.000230943833729956 0.0176870040548807 0.0243257385390453 -0.0744845531404962
0.0152002020338745 0.0184044286128211 -0.014324022170054 -0.0693873433117788
0.018605498905071 0.0179983796516127 -0.0269820873632585 -0.0513863133272183
0.0165865396907174 0.0234628488340286 -0.0293484682710319 -0.049054291004024
0.000697117322656191 0.030333478927022 -0.02076450142932 -0.051139772037321
-0.0138440398310418 0.0297761704450721 -0.00891793562038355 -0.0505908100927068
-0.0424524576973297 0.0178858830843311 0.00851784543106315 -0.0493724561775674
-0.0493427469750894 -0.0130712765121618 0.0250474318196437 -0.051855202936019
-0.0243016359325198 -0.0523691225699669 0.0160384332271274 -0.0609624218997469
0.00358842014758472 -0.073779943927579 0.0186780418758783 -0.0882116626569399
0.0030288771900057 -0.0922512462446797 0.0462352784107552 -0.0218746218628046
-0.0305633266852323 -0.0656045654036745 -0.00880220954522374 0.00989698823776285
-0.0610166076141029 -0.026088548662445 0.0271692479835277 0.0586405049768394
-0.059661891265673 0.0158879875569975 0.0738743643949387 0.0321465952678549
-0.0247570901653435 0.0383008719347087 0.0695744920477793 -0.0337800352574925
-0.0034164525754316 0.0410652731570306 0.0310092583690665 -0.0652462359094629
0.0215875158684262 0.0424207525173279 -0.00863895532337856 -0.0606939777485722
0.0292947567436821 0.0390629249010253 -0.0196661595657491 -0.0400185822066565
0.0262236913329452 0.0438268970822926 -0.0252565696875632 -0.0344064449333608
5.47928053565034E-05 0.0508617868992173 -0.0213306536655856 -0.0355368295431391
-0.0250666738673084 0.0486084143412144 -0.018265738449215 -0.0384291385065166
-0.0699463195264205 0.0260127719174536 -0.00412316627876176 -0.0420001718278546
-0.0756618244037341 -0.0255763191631662 0.0139092920816453 -0.0469643187744211
-0.0323928655527714 -0.0798123871815909 0.00325715519471679 -0.050824708042059
0.0138807722528828 -0.10589433539319 -0.000428951066422454 -0.0652220214208671
0.0177060692435476 -0.111230567536868 0.032630754780358 0.0137133322253511
-0.0256188303342576 -0.0977223225590708 -0.0156967296501223 0.032824531877881
-0.0815647311303651 -0.054296543486876 0.0207325249051596 0.074605039473825
-0.0924729229634174 0.0116054422713692 0.0716204236404728 0.0503426770020741
-0.0442713171073848 0.0546070010423802 0.0691121208269884 -0.0184936834116293
-0.00930992326196891 0.059617028698229 0.0349766839073892 -0.0463203817922781
0.0239694225558128 0.0613807585655181 -0.000746385331840475 -0.0436157774915887
0.0352950885788796 0.0539189482354002 -0.0102329952903383 -0.0223528841149315
0.0338488271074608 0.0564075902125172 -0.0176010577443918 -0.0148019832707927
0.00278126564548376 0.0630872737517936 -0.0194175385037503 -0.0145812023418005
-0.0281818901236632 0.061061445572623 -0.0259055625036431 -0.0207600122565485
-0.0834504321861638 0.035823044207261 -0.0167432812644702 -0.0311039002489291
-0.0915950270928715 -0.0286837517131807 0.0036424348344073 -0.0398748146898411
-0.039091391511531 -0.0917437250082902 -0.00355844918242103 -0.0369412272301815
0.0195258138415045 -0.122135395520356 -0.0167973044994697 -0.0338100092036366
0.0303673396630934 -0.111150239429847 0.0108532129678379 0.0496558596171222
-0.011900147033503 -0.113311428419704 -0.0262107896445855 0.0565692202515102
-0.082465114923528 -0.0764522446453828 0.00645846205479769 0.0855461593825049
-0.109760880329442 -0.00136576399092569 0.0574719797382559 0.0659284950908819
-0.0593473899627502 0.0586167830522978 0.0600235458915568 0.00251117450152347
-0.0157774654923639 0.0675120259958416 0.0348573701386681 -0.0198772677799262
0.0218349083215792 0.0704900065577368 0.00827494845591348 -0.0202499430870912
0.0365502483077157 0.0611032783943682 0.00105428662392099 -0.00214380808660399
0.0364526170991935 0.0606891996999151 -0.00752088082653247 0.00706733885641345
0.00562650866599163 0.0661537187911092 -0.0152352430485985 0.0077437783235639
-0.0269769580148208 0.0636007635488626 -0.0310874814613991 -0.00123243722843483
-0.0840715417459529 0.0376540481761943 -0.0261583439851692 -0.0185681434904426
-0.0926222391709464 -0.0288346010132028 -0.00397030735494682 -0.0316017118390894
-0.0374135053233278 -0.0907434885665819 -0.00430062732886687 -0.022009779239626
0.0238453307964876 -0.119458095545677 -0.0282650304751108 -0.00140845147236167
0.0368694933236095 -0.0916624919390368 -0.0123965350351964 0.0797599741818001
0.00507604499675936 -0.104767324964936 -0.0370168240748016 0.0745395079562913
-0.065193881370717 -0.0830282990031234 -0.0102464761813856 0.0864332882628455
-0.102932345032221 -0.0149728202467018 0.0356056634492983 0.0729678356485308
-0.0623389394628079 0.0495412542143551 0.043010187360358 0.0229274838486475
-0.0187286877037427 0.062585397685651 0.0301051268130193 0.00810587435417481
0.0168219695782554 0.0678916280178398 0.0154745727565682 0.00523818909698724
0.0319926489558551 0.0580092759234447 0.0112443686857295 0.0180150543333783
0.0330153608765533 0.0573648997071291 0.00307612317501235 0.0274619107313739
0.00597670900316001 0.0608202418406462 -0.0105351684474796 0.0281630474822288
-0.0243628023834611 0.0572709479546129 -0.0339760173936888 0.0166304155936421
-0.0758851503892153 0.0302016903826045 -0.0326597710311344 -0.00785358491434504
-0.0796694926882295 -0.0301826361712453 -0.0103532893797187 -0.0249583794011066
-0.0259054624492384 -0.0807504466237915 -0.00266208701987677 -0.00984978706754709
0.0283567285667395 -0.100228834887769 -0.0369804566258511 0.0272657206097906
0.0339220153992243 -0.0561515386033561 -0.0326111168071623 0.0996859511328003
0.0174413214512407 -0.0743831196392168 -0.0443343230775599 0.083509659895272
-0.0374646972032243 -0.0687614309525149 -0.0239664372536457 0.077894100032605
-0.0758022486223776 -0.0218544029199021 0.0129929719016662 0.0704320835276023
-0.0505116112648556 0.0334482866148189 0.024689024087442 0.037736369912
-0.0165133451448543 0.0467370510386483 0.0227265107311152 0.0321877548633396
0.0107680410766722 0.0529502637431236 0.0208339840707431 0.0280037304447195
0.0233983970391016 0.0470799498816409 0.0198355704347653 0.0348535415797778
0.0247106082658349 0.0462774413598818 0.0114610267320444 0.0443372099607923
0.00413311087255534 0.04954634113411 -0.00777021729998972 0.0454122353195382
-0.0215324849580176 0.0447076120390551 -0.0372683168869958 0.0298832903648415
-0.0616086711880848 0.0184280543043275 -0.03859335376101 -0.000985848709499522
-0.058156793048548 -0.0309220833992725 -0.0164541907500646 -0.0202876598276699
-0.00980764638249931 -0.0638102676793676 -0.00210082633618419 -0.0013271540320807
0.0319453433081364 -0.0679479463138728 -0.0438308655187898 0.0484024022480603
0.0238275861170884 -0.011698480964504 -0.0427599122159319 0.104181453691908
0.0221794234163722 -0.0323793208794618 -0.0445682432287669 0.0835551975366256
-0.00973595454399822 -0.0389264550120076 -0.0311014921465366 0.0654212074335786
-0.0373345227920453 -0.0184698605868443 -0.00312972643900486 0.0632685656130986
-0.0283212108176701 0.0150487917593402 0.0106975984921545 0.046966623932445
-0.00952996348982167 0.0237550665550748 0.0170229065778137 0.0480988965707718
0.00360492053808331 0.0290969520067457 0.0250506438450772 0.0447832153024347
0.0118035699985956 0.0282129989856124 0.024867785766689 0.0463069152960092
0.0129464443387439 0.0286397847252245 0.0162985328913669 0.0569139408681806
0.00120917544581747 0.0322493105844992 -0.00829945902709147 0.0572299906667064
-0.0164017068894086 0.0283049110272939 -0.0433206583116166 0.0389924659745512
-0.0415477901842712 0.00613505417117643 -0.0456155376661424 0.000878523550798589
-0.0322615053442287 -0.0273667939790679 -0.0222193250314664 -0.020832654509782
0.00629764850691948 -0.040735810098383 -0.000857872574243362 0.00327326178249196
0.031278946756843 -0.0285336325128551 -0.0494722072563606 0.0614797010265941
-0.0196580336498295 -0.0178666812237883 0.0455375832661363 -0.0690959294498572
-0.0141839647999827 0.010042694324424 -0.00834140422328784 -0.0179049385161019
0.00231510546173227 0.0189467156397387 0.0223718275389128 0.0296676781161439
0.0142396067736144 0.00342359594458305 0.0543412869415755 0.00739314909067909
0.00699928850193236 -0.00683069865740395 0.0534330561739236 -0.041338282422542
0.000970967121923595 -0.00621225126944412 0.0154158133711975 -0.0723017853830009
0.00403884788700153 -0.00790263552834735 -0.0186938099463992 -0.0665179650494284
0.0049461199917294 -0.00623241175356158 -0.0308104356727526 -0.0533730664722
0.00681436451515536 -0.00221068767374935 -0.031672198753177 -0.0524984017156984
0.00671732974318619 0.00384620797490253 -0.0211154805260124 -0.0561867243622416
0.00664667248463825 0.00964969580250567 -0.00530227222703877 -0.0562026363579218
-0.00493291216528992 0.0179743889569236 0.0149925992441921 -0.0555511337578214
-0.0204156249137491 0.01310029939938 0.031145838384697 -0.0574524211993163
-0.0233805267596624 -0.0138068259928848 0.0290869278393418 -0.0646731084168576
-0.0138053429251841 -0.0300634679504475 0.0317135406925072 -0.100215675895545
-0.0126245716075391 -0.0584883504325759 0.0490913901992732 -0.0510409036132882
-0.026667227950858 -0.0258025038934438 -0.00679704162795003 -0.00771031025856654
-0.0310307241385154 0.000896403179695872 0.0277985896978755 0.0416735776654192
-0.0195962096318285 0.0132353371867161 0.0661478964537196 0.0158204458419655
-0.00605739770156976 0.0163833372169958 0.0618154188870541 -0.0420840666700309
0.00112622101831922 0.0172617949896578 0.0210726586907519 -0.0734662093213291
0.0153511998004367 0.0170284131041058 -0.0165104254083924 -0.0673088642672055
0.0191602374338616 0.0167561090487905 -0.0277874025234013 -0.0496313865861751
0.0171194557142584 0.0226147662701601 -0.0314314472888617 -0.0464802004784249
0.00178843248056225 0.0294437555131095 -0.0223245088051855 -0.0491658150411911
-0.0122255714777908 0.029964486458324 -0.0101559772877881 -0.0498926952378696
-0.0412321356874969 0.0195375330352806 0.00699346859965753 -0.0497705104140832
-0.0492742169987708 -0.0113053186991763 0.0228960205471566 -0.0521931574471219
-0.0262103139143931 -0.0518765226123303 0.0145473703616547 -0.0596841875352285
0.000848441257586212 -0.0732892001998326 0.0157540572468452 -0.0875998466852826
-0.000456484968213915 -0.0915339710680578 0.0449382706845839 -0.0230722812236952
-0.0324927762325512 -0.0640713457577449 -0.00889417927395461 0.0101981956425515
-0.061688418401994 -0.0232029706051863 0.0287693719609684 0.0575480667225325
-0.0583315919708723 0.018297711494327 0.0742541977550811 0.030259501707886
-0.0232429677639145 0.0393823130501609 0.0677841072028409 -0.0349509844194895
-0.0014437491838659 0.041225852702133 0.027965917577531 -0.0652839369622951
0.0233944365434568 0.0409055884354059 -0.010030373301852 -0.0589438977846529
0.0306490370436679 0.0366870837196947 -0.0208227006762979 -0.0385494014589268
0.0275108892254612 0.0416756027099629 -0.0262897730460386 -0.0325479048921433
0.00205375868068652 0.0500378692683967 -0.0228808448199036 -0.0339881449528504
-0.0226442010379921 0.0488956287680001 -0.019110560243085 -0.0374016616614904
-0.0680830603177424 0.0289415755840575 -0.00498630413608489 -0.0416107531127485
-0.0754444698913039 -0.0228290133710503 0.0125243531174112 -0.0472038002028196
-0.034596740805308 -0.0784535726812155 0.0019763485632541 -0.0494577993099624
0.0101287882331929 -0.105276630680111 -0.0020752965034893 -0.0640268567259912
0.0141158529899974 -0.110516593485381 0.0325708883547699 0.0126215519974975
-0.0283015631385631 -0.096088913645577 -0.0151020382501276 0.0323273164040724
-0.082634504045229 -0.0503568402980698 0.0222323394721659 0.0740494537078555
-0.0914480750253018 0.0154732952172236 0.0725327029683355 0.0477957171040736
-0.0419908587497736 0.0557836328636139 0.0679485333444126 -0.0190715035118238
-0.00699372717244295 0.0593356151994761 0.0332702128262244 -0.0467741814443037
0.0263771380757031 0.0593053573658092 -0.00190863826452736 -0.0418540840300849
0.0378049049703822 0.0511331160222354 -0.0106934408460228 -0.0222119909880465
0.035921384730079 0.053890493349438 -0.017733984726863 -0.0135035996026593
0.00502950391534222 0.0617033987325031 -0.0201334122140135 -0.0136579624447415
-0.0254358235176854 0.0609490696163761 -0.0267518049243227 -0.0198461602352202
-0.0811562309011164 0.0388713238908809 -0.0168322134017492 -0.0302805925779757
-0.0916676747581368 -0.0251678581732648 0.00243319371274302 -0.0400512442897141
-0.0414613273087443 -0.0893281204825056 -0.00428925507493854 -0.0360210747965601
0.0148646703915592 -0.120755537742476 -0.0174597111000545 -0.0323294209361226
0.0266285827091162 -0.11111077848041 0.012513887930341 0.0488386983971519
-0.0149540173711887 -0.111630212654631 -0.024879733765696 0.0559136237096139
-0.0841076026065871 -0.0727990992844904 0.0085187381663118 0.0846882727190714
-0.108416873186865 0.00344267455226934 0.0591279876292647 0.0634931838795863
-0.0563759301646463 0.0601534593126478 0.0598052167749887 0.00174610900330819
-0.0125186355739757 0.0676176705676971 0.034291997239462 -0.0207814929661568
0.0245947627612997 0.0680858371194799 0.00748152227879445 -0.0191478497866279
0.0389683472308877 0.0582283016416193 0.000969248791599388 -0.00245261691971926
0.0384290605656748 0.0582721124453659 -0.00660349403144158 0.00750826662611587
0.0081435581328463 0.0649201077533893 -0.0152048937323209 0.00828855853403398
-0.0243942078975966 0.0638963333085297 -0.0305424484883262 -0.000242119009512603
-0.0814064119512809 0.0406420854636375 -0.0259783531917776 -0.0173083550225373
-0.0922318203706031 -0.0252809656766848 -0.00557236011354322 -0.0322379875869309
-0.0394733384525259 -0.0887351815537897 -0.00467981116297734 -0.0217530903865179
0.0188231057029631 -0.11848646274953 -0.0274562286271914 0.000427112264175768
0.0338231699394553 -0.0920042336751944 -0.00988384556567817 0.0798282012684402
0.00224790793169903 -0.103632821486984 -0.0351253879641553 0.0735260483671514
-0.0670626887854567 -0.0799111675671866 -0.00823181568256913 0.086764562975358
-0.102600841574028 -0.0103577127923914 0.0375589160006818 0.0708582351123593
-0.0598998827918563 0.0508915674045476 0.0437750834254131 0.0221109514490108
-0.0159841199650882 0.0627051786640369 0.0301589472685169 0.00688740901140411
0.0197233099095544 0.0654966777600994 0.0152255823355608 0.00502794514636682
0.0347140853468285 0.0558850244328443 0.0119103660994398 0.0171237848161521
0.0347365516247539 0.054620704313297 0.00411424671693191 0.0264958874889087
0.00829570355960702 0.0597507076915538 -0.00947712158725548 0.0280214184412626
-0.0218265256373779 0.0574821230318253 -0.0332647195259587 0.016908043533975
-0.0740474256308453 0.033465333952262 -0.0321367676797529 -0.00705097166910352
-0.0794012364280269 -0.0269233966797136 -0.0107438518030391 -0.0247781570014073
-0.0278729589400577 -0.078899001445593 -0.00296345278688865 -0.0097990874835154
0.024331176434739 -0.0995107175259058 -0.0354030394299287 0.028742795377613
0.03175853826935 -0.0564350765811203 -0.0295898714886114 0.0998146990035537
0.0154690623330914 -0.0743031670515342 -0.0417588186198902 0.0835097141277192
-0.0390151612631854 -0.0670950900292816 -0.0224479487376053 0.0779509635739614
-0.0751522391497907 -0.0190092454479894 0.0147571509933531 0.0695251150527736
-0.04901277948952 0.0341227274132337 0.0254658490199908 0.0372951938652859
-0.0142729310080851 0.0468383979053204 0.0242106960521791 0.0307007813604566
0.0124981592864403 0.051521096935626 0.0219850124409322 0.026997904413611
0.025355134816234 0.04524403898267 0.0208633205935186 0.0332736073177244
0.0260386181338389 0.0443653219556757 0.0125968497588336 0.0426922637596742
0.00585699772215705 0.048462209776787 -0.00625711451684076 0.0438375688673532
-0.0197058043306097 0.044941466052936 -0.0360960221148404 0.030754665532885
-0.0602550035892109 0.0206689092612686 -0.0381026460129152 0.000159290110903787
-0.0585946337755361 -0.0279835597485965 -0.0166887691177362 -0.0202483940144229
-0.0110359783799644 -0.0627907699152936 -0.00134375780171157 -0.00193054134255698
0.0283244579426952 -0.0678102713928815 -0.0411745981757919 0.0495235067919482
0.0232528260166841 -0.0119379584928096 -0.0396200986223211 0.104540117392665
0.0210657076204916 -0.0326139722767334 -0.0418645684754402 0.0831570646724688
-0.0108341903213059 -0.038291517948369 -0.0298686876071893 0.0651577875693764
-0.0378875517217778 -0.016493657063452 -0.00102842576787719 0.0621568211611019
-0.0275423109945643 0.0155291975111591 0.0114810900245362 0.0463914039891096
-0.00850062308589858 0.0236888272214989 0.0194178132786381 0.046393177309571
0.00446834160481912 0.0280669631116184 0.025713150845236 0.0430234693728329
0.0127343225401281 0.0271770268916222 0.0262179239305006 0.044548046937604
0.0139437887549649 0.0276375248146327 0.0180061466599138 0.0549225711585489
0.00284279417908156 0.0315584624448504 -0.00657337332706041 0.0560211334117513
-0.0152644554447657 0.0287297570283176 -0.0414636383782775 0.0398048203876803
-0.0413483609622273 0.00818060884704017 -0.0451110301737197 0.00213998358016029
-0.0325550756238341 -0.0253837667550331 -0.0223160810295999 -0.0202667226205937
0.00529385907438234 -0.0404053000675554 -3.74261481052692E-05 0.00266304020547215
0.0296834347513669 -0.0287355150733209 -0.0471664033270379 0.0618707776027942
-0.0203337911781703 -0.0181480045341241 0.0443764294099085 -0.0687037772206365
-0.0144423754995004 0.00972788739102974 -0.00888142895382281 -0.0169422325907294
0.00202063313689827 0.0189151196481431 0.0226519575313195 0.0296402536425478
0.0143983843697755 0.00404538710559154 0.0543835462969839 0.0069545983317725
0.00712045042511825 -0.00622645813798443 0.0531631414289785 -0.0408970709354096
0.00065907953506805 -0.00551278496875519 0.0147935161937178 -0.0712150397341078
0.00374296155180624 -0.00759841750484663 -0.0192133934450771 -0.0657859099387387
0.00494050315877554 -0.00626935404672136 -0.0307003031954965 -0.0523548079773739
0.00673045814239249 -0.00256007071322634 -0.0320373782367653 -0.0509021126251394
0.00693349641653296 0.00370610947011964 -0.0221051156127625 -0.0553536847061755
0.00700902402230514 0.00914514389495216 -0.00611552433628763 -0.0558445989100523
-0.0047887616827472 0.0179111924214592 0.014392483306703 -0.0560123538050977
-0.0205136796828227 0.0132039893154763 0.030630538256203 -0.057118993614853
-0.0235435938100281 -0.014195485867121 0.029299851398271 -0.0635835909603425
-0.0138387571776604 -0.0301329885006993 0.0318288109389099 -0.0996321663766088
-0.0134919054490153 -0.058284730271032 0.0489158171783829 -0.0509802749939742
-0.0270559441711796 -0.025187709021153 -0.00773019461492283 -0.00711573765596027
-0.0309603963939739 0.00186053013644435 0.0286219220535381 0.041789013672042
-0.0196017109035198 0.0142120947285898 0.0663903660107154 0.0155010573542314
-0.00583145375999679 0.0163129227616922 0.0614054301087681 -0.040786714252938
0.00185367516805007 0.0177811801506855 0.0203409417065145 -0.0729170518390539
0.0153643490246521 0.0164587084024253 -0.0167990953613684 -0.0657052901298622
0.0194380968378943 0.0159630493607298 -0.0281371647791909 -0.0488919316120852
0.0175795511221267 0.0217123806395921 -0.0312937412043757 -0.04503952493077
0.00215664895580997 0.0294059288971529 -0.0228236170724688 -0.0485168119582787
-0.011751320820032 0.0298485652739341 -0.0106323312953461 -0.0497479306529229
-0.040674152778618 0.0202020383336142 0.0077144955498879 -0.0498725499354417
-0.0490158419037205 -0.0107102884250114 0.0230023105375784 -0.0521571887258652
-0.026577383154669 -0.0520329986922988 0.0145884213404121 -0.05856186898525
4.76187203563823E-05 -0.0732554000021952 0.015767437705214 -0.08687657210069
-0.00128386630876604 -0.0912639050620981 0.0448838635496468 -0.0228317885194181
-0.0325929543501387 -0.0635429295215296 -0.00989796339521088 0.00995496736740809
-0.0623094126977725 -0.0223036910966205 0.029288624484766 0.0578025668662318
-0.0576930800494467 0.0196315771537718 0.0743794546536531 0.030096897254502
-0.0226048151139077 0.0392801336765809 0.067166042985266 -0.034250827872837
-0.000850506270395995 0.0411646905530625 0.027082950860868 -0.0647282968430632
0.0236327456953003 0.039738520849989 -0.0100141906017373 -0.0571184617950333
0.0314684139663549 0.0354025750093717 -0.0207269909573134 -0.0377887841132218
0.0284954017274767 0.0407670954933797 -0.0263865032636715 -0.0310528453028723
0.00272532186859268 0.0497098932810252 -0.0232731577026094 -0.0334815364048171
-0.0221909996266836 0.0486508514225881 -0.0194864714881083 -0.036920525275937
-0.0672509563135111 0.0301934783580656 -0.00455749480598531 -0.0420781057193179
-0.0751079760321483 -0.0219994494832106 0.0121268214985068 -0.047061909727989
-0.0351398368778358 -0.0779137869258452 0.00206585681746949 -0.0490144235276681
0.00844772498602844 -0.104861409480266 -0.00194769139811375 -0.0632470072343344
0.0134206668880478 -0.110332240307125 0.0322666494129864 0.0122064454710983
-0.0290353306537164 -0.0956117824905423 -0.0155715845514779 0.0321283552049021
-0.0829514095049638 -0.0493485748561336 0.0223617719335136 0.0740360040009128
-0.0906540267384196 0.0171877975921963 0.0726937795310588 0.0474162008085672
-0.0414236003771353 0.0555027102737039 0.0679367062811538 -0.018718851862405
-0.00583706412531907 0.0595566022864153 0.0327556666327797 -0.046555300808832
0.0268688024661286 0.0580036941839327 -0.0013653038482087 -0.0409746133002739
0.0387388734187942 0.0500113006266786 -0.0104793460583305 -0.0216330284394598
0.0359583439463406 0.0525880725566688 -0.0176462034660272 -0.0128512035025142
0.0059564655022031 0.0612856395191513 -0.0205171597087994 -0.0131736059884486
-0.0246085368982713 0.0611386360538273 -0.0262806437876004 -0.0194130930641857
-0.0798477960577715 0.0406367732040989 -0.0165773550682647 -0.0308930714565765
-0.0912587667031154 -0.0235539953059222 0.00240268943066663 -0.0403548702373151
-0.0417312649471188 -0.0891598648862669 -0.00406846178223812 -0.0355804051119228
0.0133933070642963 -0.120469168430281 -0.0167151780198884 -0.0318802253249422
0.025904669897165 -0.11073486839714 0.0126405483222366 0.0488942077014032
-0.0155635912299636 -0.110961850227108 -0.0246662632872873 0.0552708565837705
-0.0846775980071217 -0.071353724471955 0.00882089397427689 0.0848431486928542
-0.107682215743901 0.00523347778353061 0.0588851402901966 0.0628918263747785
-0.0556419034815569 0.0600983884180276 0.0595272387734692 0.00227691314322044
-0.0117946386323017 0.0674379995949475 0.0340910222767881 -0.0212477648803371
0.0249094628956868 0.0669794042207657 0.00781760588180399 -0.0190694819262088
0.0400384153821195 0.0565346935223894 0.00149631818785576 -0.00230306765348898
0.0392554025029554 0.0568742138607927 -0.00666889253173485 0.0075312326252805
0.00908606581244814 0.064253046508117 -0.0150862879712959 0.00807269772750579
-0.023211568639405 0.0635271687728632 -0.0301677967982584 -0.000151460062535983
-0.0805556349961286 0.0425537524120783 -0.0254204650845787 -0.0181815248348518
-0.0917255527009977 -0.0238021450102629 -0.00561743263890835 -0.0324250187189961
-0.0398925397371899 -0.0882720874888278 -0.00475400023234301 -0.0214121911245397
0.0176924857883362 -0.117420069554609 -0.027277121940728 0.00060178306849599
0.0329126030739932 -0.0918843017882395 -0.0104136061312227 0.0795635838631244
0.00166421295034068 -0.103341882758549 -0.0351968864119845 0.0731170937440236
-0.0668875172411711 -0.0789717072898095 -0.00790447802233017 0.0861962439848507
-0.102261094984113 -0.00913472096977754 0.0375616395207846 0.0708059424490204
-0.0591293716976441 0.0510124454032329 0.043482751771807 0.0224508808329768
-0.0153152220058262 0.0623974032247133 0.0307237442306423 0.00656050831149003
0.020597328755751 0.0644977654543193 0.0158702444586733 0.00534437738833829
0.0357660354149922 0.0543991489565624 0.011693649258075 0.0167046820350467
0.0357876504958636 0.0533315022949223 0.0041255640468476 0.0261680754014426
0.0089211489335084 0.0588969139807508 -0.00960598790583589 0.0276094966335231
-0.021265458063123 0.0572983338739714 -0.0324013117866291 0.0171604947053246
-0.072935162149784 0.034532731998981 -0.0316982327063349 -0.00716457549332244
-0.0788246725904531 -0.0259018129070922 -0.0111643888277533 -0.0254998567165958
-0.0280269002905147 -0.0785858797745782 -0.00281050384154273 -0.00958347965816159
0.0230304590177265 -0.0984249274605934 -0.0342989796896642 0.0289627325353723
0.0310069517917656 -0.0565097542631039 -0.0293394909175257 0.0997316603334901
0.0151605040656326 -0.0744455730903721 -0.0417390059036231 0.082358307656265
-0.039405063718494 -0.0663370784621381 -0.0224614256050185 0.0779987205932391
-0.0751696028640311 -0.0178127731350584 0.0151784030232671 0.0690751292792436
-0.0481033978006505 0.0339422023523737 0.0249903649075406 0.0376212641263672
-0.0140991063354451 0.0461396254102452 0.0246690804875337 0.0299312483058125
0.0131050904132297 0.0501929889274558 0.0222446384136184 0.0268511068628734
0.0264400234327697 0.0442860077571503 0.0212070262637573 0.0326757671308321
0.0266887438883315 0.043456621609084 0.0133730966365694 0.0418121939506911
0.0067034001128998 0.0477520697037674 -0.00605524078102405 0.0431639765335519
-0.0190882714304077 0.0450456090298551 -0.0350363056474777 0.0306588672811472
-0.0596283094075227 0.0218577412142427 -0.0378089333941886 -0.000137057788816372
-0.0580570592034955 -0.0269558419809746 -0.0169962412983687 -0.0207196862245223
-0.0114924743879177 -0.062209912466181 -0.00127968461487363 -0.00204541570332915
0.0278953188309993 -0.0670074115533862 -0.0405055833604737 0.0491039702169779
0.0228926297132482 -0.0122750749637322 -0.0392136407572322 0.104276142928006
0.0204165802806727 -0.0330210817786913 -0.0421322913410398 0.0823295894195
-0.0108804547092046 -0.0382697004516194 -0.0299837022326521 0.0651581386657108
-0.0373950180049639 -0.0167141585696785 -0.000947278705521929 0.0620809252263385
-0.0271257638463945 0.0148259571623503 0.0119335051921137 0.0463979180527488
-0.00839477421262214 0.0230470661164226 0.0196604314048449 0.0461409504307353
0.00561579604294044 0.027812310435297 0.0264383523143387 0.0422045586804149
0.013221350984702 0.0269723566299203 0.026331998195854 0.0434845405003542
0.0146549504839907 0.0268035284640812 0.0178607866096444 0.0538701593936852
0.0033812451744067 0.0314077880618291 -0.0062591686233138 0.0550362743709183
-0.0147213025907864 0.028643199000849 -0.040987811824524 0.0395176753481421
-0.0409638668835312 0.00895754627923747 -0.0442899607923593 0.00235916892201917
-0.0323010352614702 -0.0247166856460526 -0.0224577745919671 -0.0206878560436839
0.005256370008979 -0.0397037590855475 6.56649763839965E-05 0.00197396451350557
0.0289981345285291 -0.0283178468473627 -0.0458823636384903 0.0620727710787234
-0.0230423955934391 -0.0143751165437146 0.0332579789754005 -0.0821557469654072
-0.0128905537850657 0.0123389663227559 -0.0138378934098097 -0.0159866953842311
0.00598721080566982 0.0185682823099221 0.0278944400711322 0.0271261252590124
0.0154994951101693 0.000700912656950501 0.0572026542088069 -0.00107437398415359
0.00614927923686459 -0.00837128735639382 0.0472145517238981 -0.0513233920486335
-0.000954251172831104 -0.00590271715378313 0.00249826467054269 -0.0740193094164953
0.00113742148152668 -0.00880691442541282 -0.0302990151043603 -0.0618063183365962
0.00339426382567181 -0.00742989561365028 -0.0404624485527145 -0.04663363875512
0.00547092195964436 -0.00388640092377738 -0.0423204522707345 -0.0453119606911028
0.00726254844023293 0.00157580255357943 -0.0344095113562379 -0.0521208458026533
0.00843258008115598 0.00669551408632901 -0.0173186362042936 -0.0563444615101395
-6.73875929611124E-05 0.0180574131829358 0.00361497115739465 -0.0612626333664445
-0.0167941370389608 0.0159589239080561 0.0203827610588033 -0.0654974238351003
-0.0256129397898146 -0.0103410084225625 0.0196110212935139 -0.0708012068393683
-0.0183835635028546 -0.0287247785368014 0.0157042111791952 -0.107307796484226
-0.0234559674548619 -0.0541694413403208 0.0432543216131503 -0.0653318642781076
-0.0314806164184523 -0.0197637227331443 -0.00871623775226961 -0.0074750364037557
-0.029387617243673 0.00852301807508544 0.03539946310415 0.0353569577424641
-0.0146974285551053 0.0176132207946517 0.0690897723626399 0.00273040789524465
-0.00206787169958631 0.0163707981812734 0.0536922868259228 -0.0527906496711096
0.00419680317964629 0.0168978257203651 0.00650692054459392 -0.0756410544338536
0.0177512231473903 0.0118851569576019 -0.029014394008118 -0.0609396000802857
0.0218016406707057 0.0114880449567527 -0.0367775993900697 -0.0436485955012935
0.0206860420920719 0.0177527686191601 -0.0404004849748027 -0.0400936082232957
0.00769764432172276 0.0280192773413991 -0.0336697284266846 -0.0457265849477597
-0.00618771605829138 0.0300469212858499 -0.0212250283592362 -0.0498151599480529
-0.0347406557537313 0.0272270745704541 -0.00179285969147159 -0.05416327155288
-0.0484982771538208 -0.00166095686347468 0.0136171772457434 -0.0600976771454834
-0.0357833882097208 -0.0477096938403136 0.00646473002792382 -0.0610952487203542
-0.0130588069642438 -0.0743366878297841 0.00297700378149772 -0.0887890206890982
-0.0173709176342941 -0.0877679567753898 0.0463860175608948 -0.0362328731434806
-0.0441370586639012 -0.0559005148379901 -0.00720208182335842 0.00867847828014495
-0.0640824839276756 -0.00914255622598372 0.0388608580880601 0.0486666160321702
-0.0507978703206917 0.0311447899154725 0.0784207968392247 0.0134212247779169
-0.0141109313254909 0.0420139960139429 0.0597286281403222 -0.0462467420671815
0.00647146214505873 0.039965719779824 0.0135225430628949 -0.0688202892149126
0.0303500031734951 0.0329948075482364 -0.0224281317742714 -0.0526044984200512
0.0369691107059478 0.0285167746856859 -0.0278977436354268 -0.0336045102727977
0.0343914354420184 0.0343583967853522 -0.0328696075687356 -0.0270807536883484
0.0117351121028612 0.0477037492011199 -0.031532734699783 -0.030778514128556
-0.0125288777885797 0.0502848073500451 -0.0279969991267454 -0.0349751282302992
-0.0594960862068124 0.0420182834590808 -0.0124354031481506 -0.0449785566171824
-0.0765643116350793 -0.00783822527596038 0.00472421185305088 -0.0538663632453509
-0.0493623389762515 -0.0716303320143204 -0.00315782199526559 -0.047449542966386
-0.010922874765355 -0.107794431725343 -0.010251029021803 -0.0587363647556073
-0.00668215367994046 -0.108883719298097 0.0412830657251574 0.00235228822099149
-0.0464434478819989 -0.0878948802202405 -0.00805080595834486 0.0319383284216287
-0.0897512447869877 -0.0309443256210392 0.0361951568517593 0.0635425031994716
-0.0827256552832376 0.0357629263745526 0.0789995009850634 0.0285403767828245
-0.0294182737451689 0.0618717664799599 0.0612541407592349 -0.0303661414518919
0.00508812767641248 0.0589917192025736 0.0217992952130012 -0.0512931108486177
0.037589124273918 0.0499186273986767 -0.0119400400344186 -0.0371339051945111
0.0467337434426753 0.0411116093280568 -0.0147647450821283 -0.0195964225581067
0.0446644463346228 0.0446950515721106 -0.0202628745772823 -0.0102405386605581
0.0171382558662271 0.059152765890968 -0.0251557517595018 -0.0106938432329413
-0.0133286599314885 0.0629262821906102 -0.0319138895103058 -0.0156807241974275
-0.0700087361859882 0.0542335224522396 -0.0223709110292199 -0.0312578118536939
-0.0925237445298039 -0.00607736714079109 -0.00354330289257539 -0.0460488765626444
-0.0585279837133553 -0.0806515527070317 -0.00586224242886359 -0.0320621750533645
-0.00983296035746531 -0.123744302399828 -0.0196627244143334 -0.0228564518689314
0.00562376087635971 -0.111138086803932 0.0281292970749046 0.0446409677403873
-0.0359858766663887 -0.105079996788148 -0.0125153396796456 0.0576055161530153
-0.0957783160142777 -0.0522221320192775 0.0251084146482453 0.0765695585453226
-0.102252163375979 0.0279210006937411 0.0683112922858455 0.0457430048559048
-0.0423839754207336 0.068455049067767 0.0558457420091723 -0.00819643647355865
0.000681026515834081 0.0681848824116512 0.0272247888849547 -0.0262908228730125
0.0386624250496261 0.0589287180371901 0.000503084817528477 -0.0163623570719199
0.0494696082302621 0.047604431167876 0.000330496538399441 -0.00261936085581022
0.0483504850640035 0.0478938548849191 -0.0055620900529323 0.00754859419470155
0.0206855233025848 0.0611871438530907 -0.0154403173760669 0.0098176135042152
-0.0114802650128102 0.0652268865823603 -0.0321064155535864 0.00535343136106455
-0.0702514126218415 0.0559582572966988 -0.0294766398978192 -0.0163705214555053
-0.0929212266288881 -0.00626275895572921 -0.0102997560325356 -0.0366990457694131
-0.0566829512326451 -0.0798031806466953 -0.00362291100370148 -0.0178764245139538
-0.00549310804346863 -0.121141481102137 -0.0242144315284655 0.012402403929233
0.0156292002698089 -0.0942912719743158 0.0103122729656758 0.0822540858249557
-0.0174714349182163 -0.100886921750828 -0.0190548486252257 0.0788521665562204
-0.0800050025975696 -0.0620677653856101 0.00900429282714802 0.0814354352983316
-0.0988223650319752 0.0125239442621489 0.0484503599170898 0.0572037860883972
-0.0474998838557693 0.0605556157947106 0.0434376681314126 0.014724330714526
-0.00292218191607384 0.0636267625835773 0.0291821519767979 0.00210067838602287
0.0333207903690996 0.0575252045034076 0.0128248504822523 0.00584701203519319
0.0450932450310633 0.0465883937135786 0.0146668336358519 0.0146221313806491
0.0444941095045949 0.0455430577617522 0.00890675842955793 0.0246371582422973
0.0195257341882421 0.0566760213928825 -0.00562641480784212 0.0288170850696903
-0.0115580326934711 0.0587047196013832 -0.0305876611735344 0.0236047112928414
-0.0646255468838785 0.0469432640924213 -0.0334375738699661 -0.00341085922232135
-0.0808425377224699 -0.0101997064841028 -0.0147695162208981 -0.027723733678913
-0.0428282517381941 -0.0722853945279779 -0.000986306512231048 -0.00698310646864515
0.00303001716068849 -0.102440581426658 -0.0273335523960874 0.0420075173081213
0.0198454761398028 -0.0599765179882579 -0.00777168321058548 0.10853333157615
0.00121913464473109 -0.0751578190830026 -0.0248325054112923 0.0914569668281966
-0.0503374941824745 -0.0564047193230223 -0.00629765852759939 0.0780028313802364
-0.0755349057055087 -0.00124023201004308 0.0269276865440069 0.0612990674111516
-0.0401578454137276 0.0426431493636921 0.0288857680206289 0.0331862939443513
-0.00505864933626276 0.047903103682018 0.0279610102434068 0.0267220110616159
0.0237733686302404 0.045802090313727 0.0238860938815426 0.0251516313222861
0.0341540765377365 0.0385784843365057 0.0265106544659701 0.0287345338990998
0.0342620774476135 0.0377388324604478 0.0205763324763289 0.0389746020445163
0.0152598215284863 0.0460979205771359 0.00101243219710226 0.0439903448217701
-0.0113128818062271 0.0467638182347443 -0.0302842559664437 0.0375295003331591
-0.0542463316333156 0.0320302007119614 -0.0379035252949285 0.00558979849889664
-0.0611555701152158 -0.0157753445423455 -0.0198280364943181 -0.0209737710944304
-0.0232628006061737 -0.0592750517106389 0.00102626936424684 0.000217111110370354
0.0142466851160436 -0.0713408538311665 -0.0312750386117936 0.0624976370379123
0.0195312785686047 -0.0156517746713785 -0.0204224580276956 0.116857788726086
0.0140955330063074 -0.0353761379353719 -0.0263951046620456 0.0926001654445322
-0.0171943732823522 -0.0344648615123203 -0.0171900821307169 0.0698530641945852
-0.0388556380472703 -0.00764463056721722 0.00916507101487791 0.0601899696837677
-0.0232902036565081 0.0195224979673245 0.0183450352000978 0.0452076313949016
-0.00374595316191983 0.0238356442561952 0.0272768080390031 0.0431423708982792
0.0111613149749227 0.0260059014051913 0.031998607746569 0.0383555726555736
0.0182993361745923 0.0238593227522712 0.0339376562377152 0.0389227630243341
0.0192274566398399 0.0239798583341337 0.0281446842195032 0.0503708699418845
0.00886385395188924 0.0306671709586721 0.00355664005570806 0.0564442802881441
-0.0102357976417178 0.0305413952380082 -0.0343816142810037 0.0483858058595635
-0.038826147003212 0.0157764069106866 -0.0446614566230686 0.0101520061379998
-0.0354902685228382 -0.0183379288555512 -0.025464813587048 -0.018922388955183
-0.00268388835345851 -0.0403421124271197 0.00145693518058498 0.00389247411509768
0.0225251383919272 -0.0323077375938442 -0.0360028635119814 0.0743385750355682
-0.0251644638178976 -0.0145968040433811 0.0340042969602995 -0.0858835994442635
-0.0135198642895067 0.0127227750327767 -0.0144820557741202 -0.016575843214902
0.00663471921174239 0.0194696812700563 0.0294798870651601 0.0282410712492229
0.0159470477732655 0.000742672448398791 0.0599703497740228 -0.00162052951141238
0.00633535390753659 -0.00853505085365365 0.0492754583906296 -0.0533755327862768
-0.00061172412296113 -0.00551371927959595 0.00180982328260765 -0.0764283014275096
0.000979221887729973 -0.00913421594576248 -0.0319036030216712 -0.0635339848539055
0.00316281615716911 -0.00797679661267401 -0.0425223111616889 -0.0481108905999472
0.00583067880772965 -0.00406494892440395 -0.0445065632809263 -0.046066636447173
0.00768181169082884 0.0019278986733403 -0.0361824055776743 -0.0540740255986139
0.00878396105145351 0.00696138166234654 -0.0188203133555102 -0.0589547988115118
0.000426424169878001 0.0189978655418476 0.00309198303083108 -0.0640489351687035
-0.0167783663722929 0.0164555021537504 0.0202201396273566 -0.0677276467667548
-0.027487649692399 -0.0109859810548965 0.0208105680772322 -0.0732386953969709
-0.0196552587162154 -0.0301093580675913 0.0160847926286224 -0.112498165011511
-0.0257710879666741 -0.0563566880592556 0.0446475598240342 -0.0685712949149658
-0.0340036811168861 -0.0202396641901197 -0.0100642368113246 -0.00736833465524149
-0.0306476297137417 0.00996427746975247 0.0369826975105218 0.0365187760305069
-0.0151243389867046 0.0193623144882689 0.0721268298326968 0.00212085222702647
-0.00177724790978029 0.017161250260348 0.0559978907152359 -0.0552092206313813
0.00484615205367295 0.0177353718400461 0.0057440774429018 -0.0784846517973115
0.0184727695763929 0.0123274210241808 -0.0307499383492823 -0.0625755563131126
0.022659944765756 0.0111538153128378 -0.038844702958604 -0.0443109492909696
0.0224156411046805 0.0178196030024103 -0.0424940012059873 -0.0409188857569718
0.00787773009317535 0.0290778987024858 -0.0359996116171952 -0.0470500313986338
-0.00605897436998046 0.0312822263412345 -0.0226849677549901 -0.0515738738133169
-0.0360058205016675 0.0287659183994792 -0.00233953564897897 -0.0574654053025742
-0.0507825890236935 -0.00140364533380027 0.0145627848558863 -0.0622590847552089
-0.0384970492250981 -0.0492525899535241 0.0073511523053834 -0.0628700469371831
-0.0147471232094859 -0.0777439589382901 0.00268808383477246 -0.0926903947985339
-0.019435297542452 -0.0914147509901809 0.0484991711430671 -0.0383617128888027
-0.0470182084993374 -0.057651582972414 -0.00757254614593057 0.00953888885360595
-0.0675018224749733 -0.00776499900542785 0.0409021071442108 0.0502764939200854
-0.0516604611856801 0.0339612788032402 0.0820111449585535 0.0130200155747046
-0.014131483075847 0.0441244213313169 0.0624636148283902 -0.0483448309201727
0.00774094423495718 0.041844042877698 0.0133257648381693 -0.0715185384901632
0.0322194660255146 0.033582690345062 -0.0233612959990329 -0.0543789659594937
0.0391779586036177 0.0282238810330597 -0.029156849548961 -0.0347428272709818
0.0372938139550749 0.0349409869801772 -0.0345860465530212 -0.0273372878694551
0.0126547391324494 0.0500527852099116 -0.033458020915436 -0.031095279994142
-0.01232060537508 0.0526198348794375 -0.0295900983749139 -0.0362928109159312
-0.0608163629897222 0.0449485168954901 -0.0135502717180204 -0.0475725426575595
-0.0798110255226775 -0.0070014461853413 0.0047209889740934 -0.0562548888516537
-0.0528589415647325 -0.0744044612803713 -0.0025565265164692 -0.0487820389136314
-0.0132541249433954 -0.111994463479852 -0.0107794986275684 -0.0613926078105446
-0.00804287323716932 -0.1132519499601 0.043415279078301 0.00211279506561902
-0.0493087989447753 -0.0912547347140374 -0.00876603964455705 0.033418673701504
-0.0941006187554304 -0.0305848788580815 0.0382229926330389 0.0661986461075392
-0.0858475368589301 0.0386288172668316 0.082526885725286 0.0295448001443223
-0.0298942980148478 0.0651821268777254 0.0648707811987221 -0.0320210120915056
0.00630259350405441 0.0611941261361951 0.0218379326286841 -0.0538325793401659
0.0399593145899932 0.0512087665861779 -0.0121053531552205 -0.0381840403401181
0.0497249260448461 0.041261323636388 -0.0155024864072375 -0.020286812967061
0.0475812035151685 0.0451021739429625 -0.0212120225100138 -0.0105497767168906
0.0187636032974239 0.0613597828438075 -0.0266031906742165 -0.010885330764347
-0.01280572223028 0.0659746342906242 -0.0331996402653656 -0.0161538618549639
-0.0719792340924663 0.0579288149486675 -0.0237789636703458 -0.0330645463837321
-0.0963257304434112 -0.00554181098634914 -0.0043725161789986 -0.0480111415566189
-0.0618830523091751 -0.0839484413325357 -0.00593687760956868 -0.0334874914566993
-0.0123185444069013 -0.128132008161329 -0.0195651185690841 -0.0236859192615677
0.00489386808763802 -0.116204630975843 0.0297252485764972 0.0466322742509303
-0.0386422757170109 -0.109717970546644 -0.013171594513074 0.0599772286884518
-0.100349768288641 -0.0527894661014661 0.0267395085031209 0.0795299027522269
-0.105867536307249 0.0310149563860338 0.0713137176875642 0.046809367366158
-0.043408871682517 0.0722324130254401 0.0589532852647593 -0.00878023911429315
0.00202710202706118 0.0705722642003479 0.0280682266338602 -0.0278191234858843
0.0408800797574731 0.0600947784945022 0.00119319116914095 -0.0168366879066386
0.0526636166560508 0.0476149744562308 0.000538126002560415 -0.0027412554151518
0.0512568306481985 0.0488073739662275 -0.00538390473487138 0.00817736185059522
0.0221157264736315 0.0635387977777939 -0.0164589835271236 0.0102035075704195
-0.011201633395659 0.0680165053428016 -0.0333269538000414 0.0054816324700851
-0.0718237746947051 0.0603272766135793 -0.0305645973649896 -0.0176882144178247
-0.0966933014533178 -0.00494810330976757 -0.0111201958075182 -0.0386597408524872
-0.0595479081289526 -0.0825824359077768 -0.0041973746347982 -0.0186875942229634
-0.00727408044838708 -0.125869239088465 -0.024829566850119 0.0134325927197485
0.0148871605879243 -0.0983997382746422 0.0111221535129529 0.0860078746817528
-0.0194760281391487 -0.105235728641299 -0.019738796314302 0.0822409442695565
-0.0842947503750068 -0.0640891406494635 0.00994303953487714 0.0848794068680967
-0.103272987842084 0.014887231366307 0.0509207067693362 0.0589361771224257
-0.0487334269378425 0.0638369527313477 0.0455350630132243 0.014995520671296
-0.0022840527456974 0.0664225084492898 0.0304976437853138 0.00104256188163031
0.0354252604555334 0.0587886160283457 0.0140171620248216 0.00613431979227204
0.0477438400200098 0.0464810600793908 0.01562142248761 0.0150123765987918
0.0470466810588918 0.0461992618810217 0.00967132091563781 0.0256217734592112
0.0211697423751123 0.0581963907038558 -0.00605685314829623 0.0294380537567636
-0.0104953486062612 0.0616134379983137 -0.0315985432434584 0.0241742340262284
-0.0663224843542558 0.0504986665416889 -0.0352739689274153 -0.00373344503627566
-0.0844687266148792 -0.0097571904959309 -0.0160208701669448 -0.0292627724261412
-0.0449870391345217 -0.0750065852817735 -0.000897672269138 -0.00764427705553618
0.00180439134389899 -0.106164102146139 -0.0278952603092133 0.0446553970077018
0.0201554726886693 -0.0623129121476963 -0.00777188494064939 0.113420937159144
9.02307631889601E-06 -0.0781821775887482 -0.0252670365977687 0.0948219850774501
-0.0531470008683083 -0.0579727733902918 -0.00653927331153559 0.0817605384700474
-0.0787239362495458 -0.000572648344706346 0.0278365389421756 0.0632308790108763
-0.0414143608780488 0.0445886824307401 0.0305543937309095 0.0341263244179937
-0.00488101074091054 0.0497075094646804 0.0296238857489298 0.0270221508684409
0.0250357820417109 0.046777959133328 0.0259958535320894 0.0258271135272284
0.0361888595547935 0.0386117624076759 0.0280595043989298 0.0297159805395325
0.0363391416359508 0.0383105866958328 0.0218164237807232 0.0400373128746168
0.0163716080042188 0.047593355649005 0.00126628388551317 0.0452279703361048
-0.0108745759549038 0.0484054904797875 -0.0313503579259509 0.0392399116574939
-0.0557373483296042 0.0345888324731642 -0.0395323182636579 0.00540376111848217
-0.0633454279262002 -0.0156169319728659 -0.0211414882644098 -0.0219935588695467
-0.0242083955158703 -0.061179206206778 0.000589755982094396 -0.000170734885894218
0.0134305502929758 -0.0742830825125488 -0.0313068826314651 0.065943511687669
0.0202538904199722 -0.0163035499175242 -0.0203916433190498 0.122077071972042
0.0142191816129333 -0.0375050879687199 -0.0272379683427639 0.0961747128051927
-0.0185952957368555 -0.0358112013419678 -0.0181456683130656 0.0727005064148068
-0.0407214553842363 -0.00802576843987 0.00954534777954185 0.0625619624016329
-0.0239992999664785 0.0209545927309365 0.0190790585794708 0.0466525618325062
-0.0039964284775457 0.0250074945545372 0.028778133807212 0.044554823678428
0.0117393116902217 0.0264623919664038 0.0338761872044465 0.0395592901550789
0.0194724892011883 0.024160810843347 0.03595015398707 0.0400133588908483
0.0203712244524359 0.0248692044439328 0.0293761347743174 0.0517924732991178
0.00996785233758596 0.0317148101087945 0.00404278331395645 0.0582001343740736
-0.0102366742237724 0.0315944695004696 -0.0354462547426203 0.0501033274967188
-0.0397767589660642 0.0171609103736447 -0.0465764138091964 0.010129141727143
-0.0368719086890598 -0.018811332787286 -0.0273545830598081 -0.0198175686627449
-0.00261013574088485 -0.0418478855382502 0.00132543202218983 0.00290180081331253
0.0233804522458956 -0.0333329910016469 -0.0369603432250791 0.0782658868267494
-0.0273852582721378 -0.0139786616658113 0.0323083013576207 -0.0913299147646337
-0.0141710017399923 0.0141418985257114 -0.0163786017385131 -0.0166712652558684
0.00774726933683305 0.0205204100617771 0.0317729070835172 0.0284153140524222
0.0172615676973111 6.08775832277265E-05 0.0621862960668311 -0.00352742039467086
0.00640383675869622 -0.00964994176126957 0.0494161349196523 -0.0575514717078404
-0.000670788804297461 -0.0057720910117849 -0.00147531768006938 -0.079498231768135
0.000560722391118515 -0.00897551025532039 -0.0363582603556162 -0.0644279103401905
0.00285732461849025 -0.0085699470910885 -0.0467240606825646 -0.0484271653430173
0.00587047247045465 -0.0046343618951932 -0.0484413282872227 -0.046308152172203
0.00824473866612533 0.00149917466670046 -0.0408489496637559 -0.0543506762337648
0.0093160742912665 0.00664028859320316 -0.0224896886705567 -0.0609981157663574
0.00143275259673813 0.0200595219471963 0.000548259439604663 -0.0677357265818526
-0.0169166844403278 0.017667965024681 0.0188597167005946 -0.0717112490840504
-0.0296202423143147 -0.0106101249777743 0.0202345020046162 -0.0765173280867354
-0.0223909871763381 -0.0310160612268493 0.0122921191387468 -0.118896887847731
-0.029926998253047 -0.0576704236448871 0.0443214180167883 -0.0739061008336042
-0.0363662635511703 -0.0199479190861274 -0.0110649698355201 -0.0075516668991006
-0.0313098751142015 0.0123785852819222 0.0402566468893192 0.0363760174236474
-0.0143475426454155 0.0211858479748424 0.0753378723294863 -0.000200006589420955
-0.000516546332624082 0.0182079553290744 0.0570837204753121 -0.059883642793317
0.00631790516808472 0.0184805215602763 0.00270151758169087 -0.0817998171053415
0.0196423555002843 0.011903913474741 -0.0344338891259336 -0.0637466109242295
0.024154516123035 0.00990528211027492 -0.0424536274805815 -0.0447343954788901
0.0237333141614681 0.0173384379694926 -0.0460778916364338 -0.040349643766857
0.0102434167192956 0.0300809480506347 -0.0401031360923614 -0.0473699680319075
-0.00490001598503251 0.0328707602809466 -0.0262080850894857 -0.0533787788148865
-0.0356071554559777 0.0321978374783109 -0.00490074486251261 -0.0606579608156932
-0.0532516356294639 0.000573731623005114 0.0128137212871647 -0.0659085539178397
-0.04252271621927 -0.0501397578881939 0.00631983426155426 -0.0656779441468356
-0.0190497623904625 -0.0809169574971337 -0.000672013728597223 -0.0974360641419333
-0.0249620170995633 -0.0948959012228236 0.0497072030008964 -0.0423858759521772
-0.051614291274821 -0.0588705103345419 -0.00800833637214978 0.0102407170800506
-0.0707847529541427 -0.00422955430340774 0.0454687471767114 0.0513440419532639
-0.052159492188027 0.0386171786514069 0.0863785215381517 0.0105757632654943
-0.0124737440632975 0.0469032746531414 0.0639049504449438 -0.0533485981380788
0.0103906090082549 0.0433935229694208 0.0111576824219268 -0.0750897647317699
0.0352355956518684 0.0330776852739708 -0.0263860228641018 -0.0552933070244485
0.0424374540858432 0.0266416979682747 -0.0321815923455076 -0.035253775844674
0.0403100974847833 0.0342479074917502 -0.0367785497959407 -0.0272769759205369
0.0161565282137374 0.0515609559438814 -0.0366002100993993 -0.0313009334955637
-0.0106416522792392 0.0556896195499214 -0.0324476843208464 -0.0372001257516289
-0.0607741389711447 0.0501998447339617 -0.0160611142439859 -0.0497977475157731
-0.0837555294145821 -0.00403437251703239 0.00272404046543985 -0.0592296729112218
-0.0584559542278703 -0.0756403267032281 -0.00364320000460529 -0.0510858561597648
-0.0190997878141229 -0.116923032275688 -0.013052745815891 -0.0634960448409921
-0.013768230184019 -0.117865104042842 0.0461805071958548 0.000441420460490787
-0.0555858534946759 -0.0934426401551219 -0.00776458998538298 0.0351479647256967
-0.0998872001576729 -0.0270661229612456 0.0426663567502999 0.0677422614325735
-0.0877255854792149 0.0456765426298244 0.0876952300038045 0.0273697000574985
-0.0275265393145062 0.0697267292470946 0.0667968290557609 -0.0362721036227666
0.00960574135543681 0.0639194645619739 0.0202299191365396 -0.0573728113929017
0.0440154357353109 0.0509953117205921 -0.0135214496451267 -0.0387885927572647
0.0538749007765969 0.0395141354745457 -0.0167888629553194 -0.0207578995186196
0.0513777919832474 0.0442384021494941 -0.0224758778503779 -0.00983240086046354
0.0226827492838156 0.0634850852275317 -0.0281685670402659 -0.0103061348499476
-0.0103072400629956 0.0695266449770819 -0.0356949756103563 -0.0159344462709191
-0.0718836805700125 0.0645303443069454 -0.0261663789658618 -0.034856282428942
-0.101283534037271 -0.000723735088193535 -0.00628169225823999 -0.0505830168492259
-0.0688003977697974 -0.0852405490570195 -0.00681825356866846 -0.0346632521193391
-0.0188342471684151 -0.133620508713431 -0.0213981155557455 -0.0236736396871095
4.98539866024411E-05 -0.122094641667248 0.0331294994496465 0.0474254585176747
-0.0450551226886142 -0.113330930711899 -0.0118273538556472 0.0631472290641697
-0.107585715908931 -0.0502562906544426 0.031029784996426 0.0820140792091538
-0.109187053918935 0.0375584538752822 0.0767415789140964 0.0462131286936766
-0.0425272045300532 0.077808090328744 0.0611505171141311 -0.0117983586683259
0.00549299678968614 0.0735800190591747 0.02783943977941 -0.0302863295485509
0.0452254501183306 0.0607754615945752 0.00109564016359543 -0.0175426527484983
0.0574465569873012 0.0460861741438812 0.000695795017046862 -0.00282008665164356
0.0558989923716843 0.0479637956093278 -0.00570108144370221 0.00856394395685198
0.0262780815002484 0.0654542885437302 -0.0169027212169663 0.0113518153869925
-0.0082978384102051 0.0715786916505243 -0.0345416376120255 0.00683111088347675
-0.0719154652454593 0.0667646160255377 -0.0324373421884453 -0.0180706065333386
-0.101341444927376 -0.000576193082173718 -0.0138539169075268 -0.0402233344367247
-0.0658338259109598 -0.0839814295227052 -0.00453064450990678 -0.0198079048198718
-0.0137829040471334 -0.130470945087486 -0.0246714897329067 0.0154690469012094
0.011233938683136 -0.103326745040712 0.0153152925224861 0.0898020717537149
-0.0248533695089259 -0.109168025321619 -0.0174417040913166 0.0865302340123588
-0.091148608097379 -0.0626342464957508 0.0136077584757931 0.0886912469129702
-0.107358535097826 0.0201517410011404 0.0552162567435052 0.0597774695977243
-0.0480114167567111 0.0695450349063762 0.0487695638986019 0.0134412018466882
0.000226384642308407 0.0692299910464906 0.0316684862387993 -0.000323684054462005
0.0394718647083751 0.0596056585446064 0.0155910572027643 0.00523632474040875
0.0521637236802849 0.0458327782227417 0.0169557145035204 0.0148163371965896
0.0515715572240343 0.0453551373803595 0.0114914148401558 0.0261891192944685
0.0246306847125736 0.0597629768673279 -0.00567382993866195 0.0306853346549699
-0.00841833745892872 0.064836693393537 -0.0319562065450063 0.0269226107911263
-0.0664769439649072 0.0565037642416413 -0.0364956493418824 -0.00374734393781243
-0.0879619558995798 -0.00597171766413934 -0.018597100736348 -0.0304813850026259
-0.0501885071085344 -0.0763682002554923 -0.00108212202458829 -0.00809004798843944
-0.00312332531493705 -0.110887619339768 -0.0270427682308615 0.0480520247385963
0.0177651340555932 -0.066241066021073 -0.00385247042326405 0.119601588983546
-0.0030330593987402 -0.0821039167587271 -0.0229291100200819 0.0999018067691984
-0.0584203117464905 -0.0580726402896522 -0.004086558088908 0.0853160965450157
-0.0824800457775358 0.00291413017395347 0.0308971671718168 0.0648845785546813
-0.041582597579754 0.0485059489691368 0.0332499170984262 0.0349924012240459
-0.0028780006897449 0.0523428021754417 0.0319925729549067 0.0268706637453474
0.0282784643035653 0.0475595554980536 0.028447726852535 0.025863539333531
0.0398947437943185 0.0379893160015144 0.0308376587064405 0.0297711191397566
0.0395184155904949 0.0376539592877747 0.0245468473880436 0.0408217165207932
0.0198343130188757 0.0488681145538217 0.00270354783115455 0.0469127293583301
-0.00923215147677121 0.051571011719165 -0.0314287851104461 0.0423809821049044
-0.0563984245539443 0.038854612123598 -0.0410459341563971 0.00680035369738206
-0.0665568142434078 -0.013101301269732 -0.0232249563439617 -0.022777399123426
-0.0274308902486204 -0.0631360770342285 0.00123063096043439 -0.00086829619765408
0.0108041735185086 -0.0776066700067416 -0.0302428708372671 0.0705883145680403
0.0198778723088872 -0.0182726915907114 -0.0173430624429007 0.129652487754416
0.0134828152924765 -0.039820362467558 -0.0242687126438418 0.101281953478764
-0.0208224190280705 -0.0363799280726263 -0.0167184884962422 0.0770982056062912
-0.0431189714616854 -0.00691214368341122 0.0121490689657238 0.0648298029266687
-0.0244273882011043 0.0221911950717887 0.0221597536090471 0.0483509388811526
-0.00328796997533301 0.0262559486312871 0.032294617847532 0.0450497878059755
0.0136570266061434 0.0269341254812332 0.0376917268542883 0.0395964818383246
0.0219206418585073 0.0240169573820975 0.0387897925384957 0.0405331853291425
0.0226957642405722 0.0245647230613856 0.0324895930937951 0.0522465774219088
0.011885075711662 0.0322284833100024 0.00611601539030262 0.0602812633882433
-0.00927143096673906 0.0337205951663842 -0.0349447162873311 0.0534568005231486
-0.0405696536871475 0.0196022413517366 -0.0487015766265785 0.0120865094970049
-0.0392607301886894 -0.0180232233145714 -0.0295880700709074 -0.0201643293670076
-0.00406673001763345 -0.0433146539396204 0.00182961515899728 0.00251657139831759
0.0226355551049134 -0.0357217486947362 -0.0350649862192165 0.0837044929672328
-0.0289161853689809 -0.0119653132265914 0.0267480616804092 -0.095925236318693
-0.0136158488701561 0.0153212601259909 -0.0180640897563585 -0.0154851769785349
0.00969036346300736 0.0207876296396402 0.033925686347253 0.0266673201661165
0.0174764282829262 -0.00105949208177564 0.0635355917038176 -0.00720388369466885
0.00653106836132746 -0.0102784678591396 0.0471364318708862 -0.06179129088663
-0.000520005997892529 -0.00591479463268531 -0.0068576873445574 -0.0798075240546973
-0.000414516964617816 -0.00944221626812956 -0.0411780925439048 -0.0626037443952057
0.00181033222823606 -0.00901750440870414 -0.0503795169270291 -0.0452740295001312
0.00631991807576072 -0.00537973258891288 -0.0525512235844484 -0.0433862826909561
0.00833816476522731 0.00105372351256326 -0.0449634675274157 -0.0521630259235243
0.0101734804462835 0.00613502845715303 -0.0272428027305784 -0.0610614652921817
0.00275227507273411 0.0202847887104377 -0.00446478849683496 -0.0693875406090468
-0.0160438046012046 0.0189614057193673 0.0152285615864042 -0.0738731819662149
-0.0312173056648269 -0.00883979761196898 0.016893628302968 -0.0787705477860282
-0.0246752653952205 -0.0298996145098875 0.00493039827190963 -0.122445035650362
-0.0347478258533686 -0.0561564402490454 0.0403450692867777 -0.0790312613202446
-0.0383714301442339 -0.0175879768841944 -0.0125263330507801 -0.00673638438071308
-0.0307937923620278 0.0156883763959163 0.0434569964555975 0.0343089428680011
-0.0128562575150193 0.022925171202221 0.0769884801836117 -0.00494471277937269
0.000862868942068056 0.0187758529503673 0.054276663826221 -0.0647344477464094
0.00803329710038183 0.0178735382293472 -0.00262605132404163 -0.0833196226810737
0.0209925723726143 0.010565547790083 -0.0390126405779752 -0.0622257230043624
0.0250904464592212 0.00793803608506645 -0.0462826815393329 -0.0429121726973991
0.0257655475343463 0.0155129678645305 -0.0492211811885604 -0.0376283553319675
0.0126548807086879 0.0297741795571058 -0.0440973795364065 -0.0449280297607351
-0.00258647023288524 0.0338106313227826 -0.0306089067230861 -0.0531232588342719
-0.0338970085955392 0.0356519813416837 -0.00965128601323935 -0.0620297394138782
-0.05417179433663 0.00434602039399568 0.009162305220272 -0.0679006751471711
-0.0474942456954475 -0.048374066200431 0.0031035443548426 -0.0667956543900603
-0.0254791884227653 -0.0807475635867631 -0.00645480625352206 -0.0999378291842666
-0.0320590389677525 -0.0949056971198317 0.0482430350335556 -0.0470483664113598
-0.0567912242098623 -0.0560971147452205 -0.00836324554936428 0.0104886740220153
-0.0723835810406206 0.00136538723381181 0.0492431408474125 0.0486003538070759
-0.0500512601151862 0.0437125662762836 0.0884491124090712 0.00515942942721903
-0.00873440332871496 0.0489976833272231 0.0619828069249311 -0.0582817031934034
0.0141678006995594 0.0435488243403561 0.00624650618294453 -0.077033283880348
0.0380057326110642 0.0310951272239899 -0.0297039280191565 -0.0543927890462766
0.0446932478704346 0.0233621192324363 -0.0347381468976354 -0.0335124923024568
0.0437733125323702 0.0314485766326061 -0.0392208605633677 -0.0249539429699792
0.0202809464063586 0.0515587626741639 -0.0395766630275485 -0.0291563428687062
-0.00693475276619813 0.0574606016338887 -0.0360582224345353 -0.0361282731593889
-0.0578031669148203 0.0560352109373688 -0.0201114817321058 -0.0507672310987572
-0.0857300027589079 0.00209324184243486 -0.000843490741823319 -0.0607700560617285
-0.065135633722388 -0.0734015394030428 -0.0064189775985908 -0.0516220411901299
-0.0278225054585677 -0.117253757838834 -0.0172505633278551 -0.0639678456557902
-0.0220066474600034 -0.11976614080013 0.0467481411113639 -0.00290535974626021
-0.0631588171127297 -0.0915030132633848 -0.00661701199578604 0.0359972680611072
-0.103632174724843 -0.0198477782647249 0.0475516898756088 0.0660969170920107
-0.0860088975505571 0.0534198392693751 0.0910310469282567 0.0223092543350959
-0.023388647782426 0.0731579827685967 0.0661946007298876 -0.0413485227269805
0.0149172021926608 0.0644750667369166 0.016560780369117 -0.0596829575615706
0.0484207441431486 0.048512994134495 -0.0156497100838366 -0.0390482316646617
0.0574907809826171 0.0355554199237193 -0.0181861687682643 -0.0199089113151776
0.0560205297225888 0.0409024793644493 -0.0235740715471781 -0.00868822327007662
0.0276510320995432 0.0631661623893134 -0.029651267572803 -0.00829748952711329
-0.00525988471994541 0.0714131794695017 -0.0376214674995264 -0.0140207658554674
-0.0676151701497426 0.0712574461155145 -0.029479439847729 -0.0346591378254566
-0.103076974623909 0.00623125444586915 -0.0101449228678344 -0.0514307107587238
-0.0761827126669992 -0.0824974538662627 -0.00834892966141816 -0.0348345719606163
-0.0290042558906755 -0.134333846647413 -0.0225780123995303 -0.0225351726592815
-0.00879105735416164 -0.124298789979631 0.0372167175979212 0.0459146322947914
-0.0538762329582271 -0.112635295954129 -0.00811321447856858 0.064290008172696
-0.113339125223785 -0.0428864993425426 0.036502763515131 0.0810261390295097
-0.108901758150669 0.0467940208665523 0.080810301716474 0.0420076024886866
-0.0372875390747324 0.0828376479771883 0.0622636924753497 -0.0160912736241427
0.0109779143591784 0.0749987539196876 0.0265962995291133 -0.0329876635184293
0.050299841761015 0.0581747432952536 0.00122248606767506 -0.0184025048983696
0.0616239731897613 0.042056747897013 0.000616869951957272 -0.00318260081166699
0.0604674351294455 0.0438225596848554 -0.00517270865319375 0.00870333021545165
0.0314027486989416 0.0645931721803095 -0.0163909854027871 0.0124734263952242
-0.00356517756637201 0.0738438537409464 -0.0347659030824692 0.00868413854905702
-0.0680015797953818 0.0733660414425848 -0.0351413571462148 -0.0170470588441619
-0.103287402505989 0.00702931271337997 -0.0168623446841629 -0.0407546673755263
-0.0729674386258032 -0.0811367324161262 -0.00508740126147199 -0.0199421391242551
-0.0237074772000428 -0.131561788643171 -0.0236113948711377 0.0177993530403274
0.00414875445906502 -0.106258207230441 0.0214404071573682 0.0905368977658137
-0.0328328347193405 -0.110113721457806 -0.0123221235418218 0.0880729810724503
-0.097467568263394 -0.0570042307847956 0.0192753966716394 0.0888892835107588
-0.107362382082028 0.0287801015751482 0.0594558797084317 0.057335184628259
-0.0441200922523368 0.0740465813067307 0.0507031106838624 0.0111134495919105
0.00510815726789534 0.0705175326765824 0.0321462811502857 -0.00197549907631871
0.0443616989202437 0.0576661752421039 0.017353291952567 0.00414678451946726
0.0564475434404138 0.0415961259383405 0.0181050501154152 0.0138400621041036
0.0556769831122828 0.0419588893076194 0.0126001619760259 0.0249136967715428
0.0295033262011944 0.0589281343048367 -0.00367211947619379 0.0310134782027182
-0.0041780434662181 0.066420006492117 -0.0311199538396734 0.0286198585740616
-0.0628400947076651 0.0623477479283663 -0.0381432612525302 -0.00225983130589128
-0.0903751515074998 0.00035235909930878 -0.020961446970352 -0.0301454073375637
-0.055926421352597 -0.0746031295433379 -0.000976923527463411 -0.00850591640930088
-0.0112228882164281 -0.112136884594715 -0.0233615213706076 0.0509370832996785
0.0136416787485485 -0.0685441057448039 0.00427250152932565 0.122551008289372
-0.0089313601636018 -0.0837441653635455 -0.0171842651064254 0.102652326810867
-0.0636729042170388 -0.0544463427377642 0.00105421484080114 0.0871160310933972
-0.0838386656316949 0.00917397205277914 0.0352774868079495 0.0646272574401874
-0.0391631613892876 0.0525569123816512 0.0359724339436642 0.0338393397804513
0.000329712800836415 0.0534916922245556 0.0345244038088084 0.025642321313524
0.0319273839042789 0.0458564107572707 0.0311607110686483 0.0240770711454093
0.0433292780434114 0.035277575533705 0.0331651234412344 0.0285643686037347
0.0433567721945119 0.0351360796430739 0.0274858206876725 0.039297647488509
0.0230523656355995 0.0478307612663572 0.00585724772457334 0.0471729958890012
-0.00612611715903787 0.0528751236597199 -0.0287662441875364 0.0444867574959592
-0.0538266205806168 0.0436784479936173 -0.0417154868733146 0.00839437656358973
-0.0684306415594857 -0.00868858334632821 -0.0259349356718689 -0.0222075476414982
-0.0322322216033308 -0.0624712400263641 0.000707919805056193 -0.00126465861946081
0.00500554330470182 -0.0790568236338469 -0.0246357835707898 0.0746815628220532
0.0191574323170508 -0.0196903158509814 -0.0086916807703726 0.133361168898538
0.0105227006471861 -0.041281207970228 -0.0184749601617696 0.104487957824797
-0.0241977492365022 -0.0358117827144541 -0.0123510162219087 0.0797888105622439
-0.0445655816383706 -0.00397197163192795 0.0157478412416221 0.0652535922229358
-0.0239657429796622 0.0247065759282652 0.0259141069524208 0.0486070187006218
-0.0022096517282164 0.026695497811908 0.036144767110678 0.0438731606366991
0.0153790097062421 0.0262024289539702 0.0411451168545611 0.0377811327098794
0.0237898399843838 0.0222995060688578 0.0424893368983169 0.038521178929256
0.0249692381785739 0.0233836776173045 0.0364168433784177 0.050616364433061
0.0146174954914704 0.0316714649319936 0.00948177544371252 0.0603909496416515
-0.00721926038100743 0.0350233664352196 -0.031891189490445 0.0563656491369401
-0.0396198571348828 0.0230164140708975 -0.0490239450409188 0.0148063640571357
-0.0407028512183498 -0.0156849324478853 -0.0315467386134728 -0.0191623631828434
-0.00694033826967717 -0.0441886645007665 0.00164980390450039 0.00216835804493157
0.0206521612626396 -0.0377833925947899 -0.0292829493270122 0.0881412049942847
-0.0300472393731544 -0.00957323823657532 0.0205493810156893 -0.0961943535806921
-0.012975550790853 0.0160644140410977 -0.0193186194904356 -0.0138613851326148
0.0113839129416439 0.0198394061133673 0.0342954004341143 0.0241482506709637
0.017753977807973 -0.00189936991944595 0.0619649043622964 -0.0107480148509096
0.00569308096911112 -0.0102658117505554 0.0427101708001637 -0.0627405084374973
-0.000647338806447534 -0.00538733853703819 -0.0115378732917885 -0.0777108011359328
-0.000573522678079925 -0.00891096330043619 -0.0443650259036947 -0.058686640366523
0.00127470477663927 -0.00900454113359399 -0.0525343216558782 -0.041545768974826
0.00524916983402879 -0.00559962753281556 -0.0538756097146447 -0.039249274997458
0.00853778258224047 0.000620484804298407 -0.047841402035443 -0.0484002114351311
0.0104377592083895 0.00527110154333651 -0.0306930953789405 -0.0581986831827228
0.00438483987225388 0.0193491829372387 -0.0085572502065012 -0.067512809620617
-0.015244706098132 0.0193520784520831 0.0108262149914711 -0.0733993296945959
-0.0318202598386362 -0.00732359977362806 0.0133565204199411 -0.0781022748421802
-0.0261655197512338 -0.0276736461700342 -0.00162424556130726 -0.120806341429066
-0.0376241126257134 -0.0528177278470533 0.0349146261948084 -0.0807113308734548
-0.0388177963145992 -0.0146058454453027 -0.0132476809993396 -0.00597317826049535
-0.0288386316849062 0.0172796888742159 0.0439566358163004 0.0311369909428043
-0.0109323598272266 0.0238624636697875 0.0756743963552245 -0.00930278737080094
0.00256516049766836 0.0181245057037274 0.0499314631280674 -0.0667139442925347
0.00971727532631101 0.0173645068743847 -0.00779280335973408 -0.0806937087422537
0.0213231073534834 0.00884852623096134 -0.041818100531463 -0.0582446178824875
0.0248039065958518 0.00604310133801839 -0.0477345905058534 -0.0391064528237381
0.0262982613855638 0.0133751456519342 -0.0503330505371487 -0.0337205807284954
0.0147056721149875 0.0287030591231114 -0.0459869903335263 -0.0416184464207772
-0.000122116520000132 0.0332459369727764 -0.033911580606675 -0.0504168611129183
-0.030402436608204 0.0373033107542651 -0.0133060924901765 -0.0605141392352139
-0.0531470762423437 0.00723321981174032 0.00533966604053518 -0.0669602204907366
-0.0496940535819709 -0.044737729014049 0.000475437923952387 -0.0655643713592831
-0.029890078197781 -0.0772605254190973 -0.011892852626931 -0.097606707387696
-0.0374307393126202 -0.0903569596293061 0.0447995207954323 -0.0494258112691782
-0.0590253893503981 -0.0517289123966926 -0.00824725475961388 0.0109972203474793
-0.0698786920417459 0.00683341682022181 0.0504971659266557 0.0447281644835133
-0.0458782260815128 0.0466849394812475 0.0871860617156145 -1.07529083646603E-05
-0.00546443604291048 0.0487265500739623 0.0576636260176034 -0.0611652242384116
0.0167637689890955 0.0418836453348498 0.00101337881063034 -0.0754962066251114
0.0392465998518359 0.0279055127460215 -0.03226323276808 -0.0510797928044106
0.0449892099025374 0.019315190382939 -0.0362019235301542 -0.0308413223387463
0.0445678984758024 0.0274424297421118 -0.0394856553345126 -0.0217748830149503
0.0236027473783247 0.049045662806913 -0.0408667396932179 -0.0259514421198932
-0.00263285145310288 0.0568320685484773 -0.037423091235688 -0.0334561239229812
-0.0525695742515754 0.0589088652783381 -0.0230841771458162 -0.048999117493672
-0.0838794482598105 0.00767426388110541 -0.00404134736906555 -0.060011278949485
-0.0685764550176833 -0.0677402539784473 -0.00781075383122499 -0.0503167599688322
-0.0346333152449708 -0.112674212881517 -0.0198073647936492 -0.0623426722306436
-0.0291889377448649 -0.115682631425089 0.0461092007679526 -0.00649540636166666
-0.0673115545226874 -0.0863517125977638 -0.00490430936505772 0.0355684894788683
-0.102426574555984 -0.0120936272909808 0.0499797160129276 0.0612925914005363
-0.0807221326967081 0.0584801672398557 0.0904565793243688 0.0168324517158114
-0.0178832469812533 0.0737079955309966 0.0624717564835474 -0.0446492342852751
0.0188078586938655 0.0623137978813385 0.0125519070617238 -0.0589753622038896
0.0504811721762919 0.0441227018893017 -0.0169208108427404 -0.0371712612559067
0.0582429394611775 0.0302716473140065 -0.018738312589642 -0.018633995304755
0.0573629815171516 0.0355651094374141 -0.0231274323733485 -0.00667964527886525
0.0315252816375567 0.0601058569345215 -0.0295184146699244 -0.00669786279906792
-0.000605873391241145 0.0706019138336022 -0.0378203828961334 -0.0117896596366601
-0.0609194846427916 0.0744479329485731 -0.0318103040664157 -0.03290058200651
-0.100395925534475 0.01321320647134 -0.0126511801966921 -0.0502927309006743
-0.0796114452212951 -0.0762726403366426 -0.00937685891999916 -0.033634854561391
-0.0367116056124011 -0.129347532020784 -0.0226582496943033 -0.0210528569458828
-0.0157935890319632 -0.121191282005732 0.0393250212608439 0.0426719473882069
-0.0594786651318813 -0.107482612669181 -0.00441082706443762 0.0624466872756503
-0.113242466368436 -0.0344716986110842 0.0398805545878999 0.076892330915518
-0.103492461409604 0.0530015155475113 0.0809450392418655 0.0365832445315368
-0.0314486755097526 0.0832872861927536 0.0603180026483145 -0.0194343946447192
0.0155531446079152 0.0729679271636428 0.0237204634053217 -0.0334685879372647
0.0531632609423248 0.0530323352719901 0.000404890091478102 -0.0182695282903141
0.0627976588003891 0.036029715468139 0.000331962902857638 -0.0032116657049964
0.061690406682238 0.0386159825486757 -0.00420632654728092 0.00873642053366887
0.0349701497438798 0.061615201775506 -0.0154933781504365 0.0127077764567358
0.0010448914552406 0.072944234825355 -0.0333887191322384 0.0101524569122848
-0.0609183822437829 0.0766134574774886 -0.0358920022827168 -0.0155652106736548
-0.100633693828879 0.0139649942186155 -0.0188171493525337 -0.0393525156418222
-0.076195269686785 -0.0751857906528326 -0.00599397487488071 -0.019473417183888
-0.0317829901596562 -0.126560711463829 -0.0208044461813544 0.0187576715563432
-0.00214465378035545 -0.1044493170385 0.026483260508609 0.0873075427258533
-0.0389224403765274 -0.105922478507238 -0.00738723802526917 0.0862708595235354
-0.099098799103493 -0.0495824368912413 0.0229766801444451 0.0858251239703962
-0.103831512025568 0.0354189038453213 0.0610508430688264 0.0529168592623068
-0.0387159181793553 0.0758367571364163 0.0504478883200813 0.00818758094641561
0.00915478104837196 0.0692731893710695 0.0312895460787867 -0.00381937997799657
0.0467869158312834 0.0530431895128724 0.0180284385481709 0.00320165475028008
0.0577759654656973 0.0365034599781012 0.0190816298244379 0.0123544059224618
0.0569853233122129 0.0369040946984842 0.0142105235360329 0.0236494820363138
0.0325619870813768 0.0559596746231271 -0.00210558684412139 0.0304216935292136
9.34191003127603E-05 0.0656523667149412 -0.0288288770633808 0.0293869210631158
-0.0571422877988123 0.0652725098049536 -0.0383031555631816 -0.000454604877072196
-0.088032972667771 0.00647952693379843 -0.0224138302626022 -0.028990836381887
-0.0593426721797049 -0.0694936909694952 -0.00171594601249321 -0.00854970278181569
-0.0177735348206447 -0.108111857898734 -0.0192500151129516 0.05159428309027
0.00876383831341438 -0.0680015492590215 0.0109230983019672 0.119641058291308
-0.0139154921105602 -0.0812287274312445 -0.0110954688823234 0.100784352801268
-0.065532084383788 -0.0490758571983586 0.00548044162625793 0.0851282170990355
-0.0815041346879863 0.0145218966372369 0.0378040500179096 0.0616461502006103
-0.0352436031118932 0.0544291430362676 0.0370569226202781 0.0315253514719372
0.00338659086193079 0.0527608646075396 0.0351950624988632 0.0230477128532678
0.0339676659931048 0.0427886014117993 0.0323140612231155 0.0218331678483215
0.0445846990651749 0.0309674280046425 0.0345375302082116 0.0254799188824411
0.0444406515349428 0.0311157894088771 0.0290055047546139 0.03660646731723
0.025949141044808 0.0452902313458925 0.00794696247975642 0.0454878688619284
-0.00283619167015453 0.0523683910057169 -0.025499023501313 0.0449368396761318
-0.0496452776996476 0.0463555492026189 -0.0409781678980386 0.0102211279415702
-0.066988429688424 -0.00421574245366018 -0.0265503639630926 -0.020754218446275
-0.0343728941288794 -0.0591387891073341 0.000593956763377227 -0.00161392006234117
0.000193440086822107 -0.0773532859434299 -0.0194766299363395 0.0748347840935742
0.0171439487139406 -0.0201195041677239 -0.000789534137363655 0.131817672340458
0.00764624928501719 -0.0410244445006961 -0.012532126214018 0.102509373613595
-0.0258397758460038 -0.0334269520150486 -0.00844471115200957 0.0787939195520336
-0.0442977781626329 -0.000945050562029706 0.0189842958618616 0.0635792854102628
-0.0218003500106602 0.0258847452087018 0.0283475589742019 0.0464366463008109
-0.000515708441916794 0.0269061560093023 0.0382520560978516 0.0413361390843327
0.0165638625838046 0.0250708001691058 0.0429862741179517 0.0342710440409838
0.0249745757841508 0.0201965035635923 0.0438405932071804 0.0355062763835398
0.0258668374084788 0.0211092248932949 0.0387478184712948 0.0466844200054993
0.0160093052223884 0.0298439162026074 0.0125622520347317 0.0582533506231908
-0.00482483713916562 0.034440636290738 -0.0275619182492328 0.0571537516826992
-0.0375103678046037 0.0252113285221184 -0.0475013253344688 0.0167385286119359
-0.0405837796562666 -0.0127979426094189 -0.0323257384805961 -0.0166862633708627
-0.00842604797508495 -0.0430495439251685 0.00157186337299427 0.001588819449383
0.0175739514149681 -0.0375784053316197 -0.0224246120395231 0.0885315783158057
-0.0305992150823829 -0.00643370460157437 0.00115624477130002 -0.0958539858449689
-0.0105999633328628 0.0176545038210019 -0.0219246681408827 -0.00939722140567207
0.0141932401010869 0.0166586610240392 0.0369815583108884 0.018866337364132
0.0166610330453776 -0.00572160965718358 0.0597821283207458 -0.0193443520518458
0.00278290969885556 -0.0118198289099218 0.0314570653012993 -0.0681597005669007
-0.00183405718542091 -0.00498863069566219 -0.022496246235045 -0.0729948665766947
-0.00269416020945466 -0.00798582858604742 -0.0515502042318713 -0.0504526811341051
-0.00061750865392528 -0.00826866353077023 -0.0567255592492252 -0.0316819809789737
0.00402476120180324 -0.00576917639339355 -0.0585817748711848 -0.0285900512495322
0.00764952311340255 -0.000899219526709571 -0.054139096761535 -0.0384474792124097
0.00989632353408608 0.00318508978059026 -0.0393272406514441 -0.0512223639556975
0.00642310594992026 0.0169082379756964 -0.0192545558293695 -0.0630091549425988
-0.0119906987095397 0.0190314310546072 -0.00141402922782001 -0.0716226173427129
-0.0307462116180224 -0.00336162230534517 0.00122572356861058 -0.0766232118288149
-0.0290565233198669 -0.0247752231130054 -0.0191247865615221 -0.115440281868024
-0.0428736044951547 -0.0459656565227764 0.0178846371168657 -0.0856529802708323
-0.0387560407723356 -0.0081345477078077 -0.0158458359923958 -0.00404664525981736
-0.0230284678569763 0.0199178275141162 0.0446882447711675 0.0238671193443146
-0.00582570260742008 0.0225186330857305 0.0700999121298553 -0.0196834437109032
0.00368084379983714 0.0151842966474747 0.0371049575804344 -0.0709342663562857
0.010629536342874 0.0150605384712259 -0.0192327102072136 -0.075566751776175
0.0206555294249074 0.00576686135035871 -0.0483010895529442 -0.049860707785496
0.0236663569281407 0.00216057105170808 -0.051617676830087 -0.0297821113717675
0.0262638024620575 0.00895035119051685 -0.0550258224801512 -0.0241758149830567
0.0178064896464344 0.0251943373867017 -0.052184761677304 -0.0321884631332167
0.00325882398867455 0.0313739420662949 -0.040708156635943 -0.0433589347604861
-0.0238738854711019 0.039322496761609 -0.0221914032457925 -0.0568433335996796
-0.0489701863748064 0.0128588260345433 -0.00649889243747035 -0.0655351895818173
-0.0534380674426306 -0.0364688439841656 -0.00790190605882513 -0.0625170348541171
-0.0388957024211077 -0.0712208820450973 -0.0247497414588394 -0.0913643898735154
-0.0465541569803224 -0.0817577460717472 0.032805193606577 -0.0598558469587303
-0.062561322385238 -0.0400937413835725 -0.00847455079475051 0.00930744025110408
-0.0627439847443497 0.0160600369104586 0.0503061791035768 0.0335546419395489
-0.0343159370227373 0.0488655194422983 0.0794244894491061 -0.012336413722431
0.000952116727991997 0.0450359327502848 0.0447537906446936 -0.0649190542411407
0.0209964123122406 0.0373636815488087 -0.00980864780942571 -0.0706063226601845
0.040182802475759 0.0208092266915148 -0.0376163924266002 -0.0430827845778569
0.044294936607443 0.012064663552726 -0.0394002196432014 -0.0240509014109721
0.0462418269582792 0.0195299939364975 -0.0425614438328002 -0.0144101827690659
0.0291401537236956 0.0438061806925483 -0.0452595300966635 -0.0178761233324801
0.00368573831650725 0.0541164465021348 -0.0420703417145153 -0.0264659334098528
-0.0417031214453532 0.063309297271387 -0.0300986020610656 -0.045080451391721
-0.078241171554507 0.0171358332006968 -0.0146457621661751 -0.0578343620016255
-0.0742233724726684 -0.0553255178837042 -0.0128617470086397 -0.0467271207487575
-0.0484172238022724 -0.104322987810768 -0.0264772474299198 -0.0561939457857232
-0.0412612087457853 -0.105708694793888 0.0417788878149051 -0.0204480786779338
-0.0745720219630601 -0.0709971848541072 -0.00158465700945324 0.0305326148362403
-0.0954237103179075 0.00249573449531025 0.0502767678488926 0.0484747999482798
-0.0643442219509527 0.0651378600109996 0.0821707410537251 0.00273231736427331
-0.00696015778629527 0.0698344629559573 0.0509390469866112 -0.0483680387869904
0.0254399196747854 0.0563495020182718 0.00379162296141808 -0.0559323589980678
0.0532177921854963 0.0341831834206641 -0.0205731957521659 -0.030749804967657
0.0585359604718569 0.0204901678619756 -0.0206316762897069 -0.0142509771181478
0.0593624618773428 0.025733588108755 -0.0249605337637119 -0.00288487520772924
0.0383341490792487 0.0528083357896329 -0.0316415474494335 -0.00116923323698203
0.00755994965391235 0.0670080575452386 -0.0387101263027283 -0.00551895369623495
-0.0478812818629603 0.0795950228730433 -0.0355714762195444 -0.0284346596782451
-0.0928488387299903 0.0242488508364363 -0.0218256924251527 -0.0474079396898779
-0.0858835629614895 -0.0616174758168677 -0.0114359528165576 -0.0311319170064018
-0.0520665273014155 -0.119052576237816 -0.0224758058525303 -0.0168320447598733
-0.0293901357708961 -0.111566685506222 0.0443856755888643 0.0276435530270686
-0.0699717349160787 -0.0919353021795336 0.0039684763306974 0.05593030978666
-0.108307222471535 -0.0161058753916315 0.0428769323134029 0.0633369361336246
-0.0861456803018999 0.0642676103739817 0.0754897575005589 0.022333672944708
-0.0177582909776551 0.0812735468203417 0.0517554133403908 -0.0230655053135188
0.0239161660473655 0.0665154921669123 0.0182934859497078 -0.032650824138329
0.0572380298015891 0.0427987397979819 -0.00021851083265651 -0.0147648059490507
0.0638180588360302 0.0256225727059268 0.000112724507671393 -0.00275829386957954
0.0642783890524938 0.0272579161440583 -0.00410252144905349 0.00921690259806951
0.0421049821615586 0.0537042790066167 -0.0146178521259018 0.0152275102003927
0.00961277289041835 0.0691822820297768 -0.0308051127454641 0.0151370434771456
-0.0478204580664727 0.0814663149387632 -0.0369677426107454 -0.0112553505818916
-0.0926539986116323 0.0251857040439618 -0.0257219896085037 -0.0366851300155126
-0.0825333255119431 -0.060507112600982 -0.00603509611282204 -0.0183630104380116
-0.0466956539800192 -0.116597680044515 -0.015138125805132 0.0209428671789543
-0.0135477158528594 -0.0967873438275036 0.0400745437186633 0.0728378347916745
-0.0497216811298923 -0.0931647983921041 0.00598031932134818 0.079005704841631
-0.0969115120853776 -0.0317778043425349 0.0294573689267611 0.0729935935660746
-0.0899405999066896 0.0480279290950863 0.0591980563060935 0.0399160437526628
-0.0250391689765232 0.0757127036638265 0.046826075214951 0.00441526549601115
0.017741352667522 0.0640783298025357 0.0299713407336931 -0.00523705322064349
0.0519080571433902 0.0429050033659785 0.0193649464226373 0.0031215114854014
0.059355946073744 0.0264427320041757 0.0208784890526601 0.00906429983124582
0.0599356919430905 0.0268778427632732 0.0159401192249711 0.0207349304219622
0.0391928742543859 0.0490864720755346 0.00122897608737562 0.0297723472874252
0.00734579326439463 0.0627987063853889 -0.0231880311209788 0.032759789195151
-0.0459400853417687 0.0699005716303036 -0.0366322395117495 0.00367337383319
-0.0815659614733863 0.0168502380495866 -0.027811089329699 -0.0258230404289916
-0.0654502012779709 -0.057607016022284 -0.000691770408256518 -0.00861057376161522
-0.030991737101339 -0.0998401360245791 -0.00880440904788689 0.0522725097515162
0.00131899617014949 -0.0633854800930207 0.0314819706696043 0.108462082217558
-0.0226981568725166 -0.0729068913872953 0.00603434474625044 0.0937762950949787
-0.0658666172512979 -0.0355877507599963 0.0146677912588193 0.0762301024707205
-0.0721649110522954 0.0257252590512302 0.0400486351997608 0.051484811196221
-0.0244829201794262 0.05515847783922 0.0384695863598477 0.0278656778301954
0.0103536973189865 0.0488716537800902 0.0383239628262172 0.0193542322553147
0.0383116939885891 0.0349658720865697 0.0359639583681446 0.0187752741653359
0.0466856212319984 0.0230669458540022 0.0374753064210166 0.019821856395291
0.0470450880435798 0.023058962352219 0.0327028296653526 0.0306768647480266
0.0316146253044042 0.0398067597459523 0.0136155696663843 0.0425345186162954
0.00349573350100039 0.0505214733697002 -0.0178364445577988 0.0469565967904848
-0.04175023444313 0.0515265298852893 -0.0375618596248974 0.0152171936061791
-0.0637702685013562 0.00359262997992367 -0.0301582498808506 -0.0164549895732248
-0.0405257924668503 -0.0512708681244547 0.00183034593937729 -0.00197362046756559
-0.00958634382756012 -0.0725305577540926 -0.00584428460776879 0.0742795910498435
0.0147615300692016 -0.0187093000012269 0.0222744495203631 0.124798673880972
0.00311481070031307 -0.0381659209624558 0.00525857629820336 0.0976471538567109
-0.0269211877526861 -0.0266147878054443 0.002943955272946 0.07337652612698
-0.0402646564123404 0.00611303271638038 0.0248650670924454 0.0567737330311032
-0.015985447824582 0.0271570622775931 0.0330516565056878 0.0418353530975757
0.00335815578449994 0.0252446523053198 0.0438770789848962 0.0351249303782822
0.0194998925971784 0.0204312291405264 0.0473207723755791 0.0284722913054589
0.0264702520724131 0.0156473325130211 0.0475745351873098 0.0277432681368357
0.0282672566672807 0.0161708218674738 0.0437713808700939 0.0387837565868556
0.0198421274389676 0.0267014466010519 0.0207333800375118 0.0539202122087334
-0.000631489731686201 0.0343161544767913 -0.0174427873237504 0.0589356386388085
-0.0325979597218037 0.0292613108639617 -0.0423649613824867 0.0228862317284596
-0.0400131639433943 -0.0076620969682457 -0.0339820069163798 -0.0119518782978162
-0.013791571048257 -0.0396252276371825 0.00238444219523906 0.00132965467039646
0.0122739784051586 -0.0369333483234192 -0.00788542666368438 0.0877569940445042
-0.0298457066780082 -0.00604578410571516 0.0016448103350592 -0.0939660986567145
-0.0108745014488148 0.0173100356868655 -0.022519000719509 -0.00868292154440282
0.0135641908230362 0.0163925439980915 0.0359887695773997 0.0198075118321092
0.0166721222845209 -0.0054662335930198 0.059002925526067 -0.0182465375804381
0.00301209665730637 -0.0112966389460718 0.0319823546621063 -0.0658001243749579
-0.00209069600215627 -0.00489502676217116 -0.0208758593283468 -0.0709160580469795
-0.00241326554884192 -0.00783365521096988 -0.0493037827305482 -0.0491708540581578
-0.000585447706521606 -0.0083330324546644 -0.0550430479041325 -0.031744739324608
0.00349721508364335 -0.00530972033008152 -0.0569032574484496 -0.0284567170463515
0.00738744490941145 -0.000753882596178447 -0.0524776263881855 -0.0375562573264124
0.00940919856152328 0.00334710197745252 -0.0378457967051762 -0.050803006093078
0.0061623532406486 0.0168142823607183 -0.0173336276061792 -0.0618146591576016
-0.0123624880084215 0.0186219311960462 -0.000255000432562193 -0.0692139903716434
-0.0303526719446193 -0.00361433683770049 0.0034099222257552 -0.0748795759487965
-0.0281323776355946 -0.0244532355909311 -0.0174007525208586 -0.112771820371721
-0.0410380071254454 -0.0450096021149106 0.0182477992100754 -0.0841784543100078
-0.0382099548183596 -0.00828571764581453 -0.0159238387478629 -0.00418949121346822
-0.0220540294869506 0.0194204661906299 0.0429756644547985 0.0237945090154972
-0.00511778096765592 0.0221322543499132 0.0691945097850091 -0.0181464475832328
0.00405363219368996 0.0152145999993033 0.0371642988132978 -0.0688952030150879
0.0106465593407311 0.0147905609099328 -0.0180828280376649 -0.0733076393717977
0.0197839889735941 0.00565688050921833 -0.0467952505439523 -0.0481330750654185
0.0224040479542793 0.00196840284304594 -0.049983869593329 -0.0296091991549838
0.0253049710090359 0.00871730440956206 -0.0530796538685559 -0.02375441964429
0.017228270400023 0.0243573049749933 -0.0509025921645484 -0.0317811318597765
0.00314325512964609 0.0301289399994341 -0.0393449205387511 -0.042820592771459
-0.0231486610110523 0.0380112989647485 -0.0208113253083506 -0.0558639742798229
-0.0481687902265126 0.0120063706009338 -0.00511313710004311 -0.0639615560258947
-0.0516187762762588 -0.0364535043620578 -0.00631134769250872 -0.0618747335249918
-0.037107696231963 -0.0700771070237918 -0.022688518287642 -0.0905088953882222
-0.0449375640277676 -0.0798267507414157 0.0321035396304803 -0.0592077255700325
-0.0610071175431742 -0.0399387782770562 -0.00913783865418501 0.00922207238645224
-0.0610760218961354 0.0152249749148563 0.0478221293196299 0.0338672521168991
-0.0334157073179214 0.0480135784991169 0.0778577888130458 -0.0110494619241282
0.000642369030674343 0.0444014103003522 0.0447740484533019 -0.0623824763401961
0.0202649881168863 0.0367146559069576 -0.00872098277945276 -0.0688899157556601
0.0390711954603126 0.0203248727391452 -0.0357929751501557 -0.0421487404114232
0.0426523148985827 0.0119252757689997 -0.0375242389039986 -0.0238320079137033
0.0440672385857532 0.0193470653489755 -0.0410668282146794 -0.0145196550023285
0.0281798386218568 0.0427082132520309 -0.0438817754088157 -0.0182440058572523
0.00330261706910647 0.0528184927417844 -0.0407367318194361 -0.0266937303207794
-0.040642739520739 0.0612851550360446 -0.0287325541716433 -0.0445048782884984
-0.0766205943136439 0.0161544624704171 -0.0131674794773986 -0.0571439556233261
-0.0720871106258994 -0.0548890145196392 -0.0112419264469242 -0.0461156412924597
-0.0459153286810033 -0.101783283737381 -0.0248300668955974 -0.0559634872037762
-0.0393785718634636 -0.103500465655004 0.041224611593033 -0.0199781677737968
-0.0726263233929419 -0.0704425402149468 -0.00286909048008688 0.029170005264275
-0.0923707134641772 0.00238776568719478 0.047077560519522 0.0480868249084778
-0.0629132922456654 0.0635879531433112 0.0805570106576278 0.00414513100386719
-0.0066969680064091 0.0688217637863222 0.0504060566170015 -0.0465204966078695
0.0247524230685341 0.0553985274526944 0.00449548334250817 -0.0539683805283785
0.0517112684904222 0.0335291348935492 -0.0191827946757375 -0.0307333709837988
0.0565487659453439 0.0197900303996324 -0.0200895497770949 -0.0142300230072752
0.0573456540505535 0.0249311069793276 -0.0239352018721239 -0.00317911868689185
0.0368076158037809 0.0516582449582935 -0.0309336344821006 -0.00160260135037791
0.00682368169115513 0.0657802903102429 -0.0381198441756247 -0.00609204611361117
-0.0470367794517102 0.0767556226057287 -0.0345793924759628 -0.0281672903292938
-0.0908818810770378 0.0232991143178386 -0.0203362820805508 -0.0477404201032404
-0.0832141986039497 -0.0613066665353704 -0.0105315880195128 -0.0305925604645948
-0.049351184007429 -0.115973047407256 -0.0212957096417085 -0.0171666229071229
-0.0275701974900976 -0.109200734235102 0.0433755672173357 0.0268805399019673
-0.067512379360515 -0.0904062049695964 0.00246668680036921 0.0537037131072351
-0.105525332076256 -0.0161431261479682 0.0402242575034598 0.0619743246215069
-0.0846005136669844 0.0626311466477964 0.0733285936804185 0.0235391584114468
-0.0174531273117061 0.0797720387230674 0.0513777416395759 -0.0214388701888019
0.0230194611690372 0.0657132674533224 0.0184079470913537 -0.031098902467036
0.0555279285400071 0.0419227060098807 0.00029257935724055 -0.0143021241476619
0.0613357084882803 0.0250555120733027 0.000301328113103867 -0.00280714588705331
0.0619559426523632 0.0265896505005516 -0.00436738938596125 0.00877139792769678
0.0407982503136744 0.0527356516837062 -0.0145998518204275 0.0145623910322391
0.00891582415841749 0.0671638633180521 -0.0307452872185891 0.014086410555699
-0.0468411886150192 0.0787893165358532 -0.0369198892115846 -0.0111879088397169
-0.0904377798807073 0.0238765234038917 -0.0250432521982408 -0.036328233717068
-0.0796962731178859 -0.0601018612979206 -0.0054588948492963 -0.0183558263723464
-0.0440091552996951 -0.113021023958776 -0.0137805359992396 0.0199105157931359
-0.0126393877207284 -0.0943210327624175 0.0382066542955685 0.0714607438051955
-0.0478142590703498 -0.0916132289438207 0.00361490144603299 0.0760630740058961
-0.0935735789493185 -0.0317103152549129 0.0267051701104656 0.0717201024822531
-0.0876718504882101 0.0461540346453199 0.0569370024877414 0.0403653082113402
-0.0255226696999053 0.0739647989011767 0.0458417546736232 0.00536589898154418
0.0168251040064836 0.0630752829337254 0.0292993976368524 -0.00441658548203064
0.050268967716824 0.0422289916483832 0.0192898637994352 0.00312245429327638
0.0574143202588255 0.0258001218141258 0.0196669023015268 0.00894020880807422
0.0574855996271565 0.0260744670123858 0.0150792786768602 0.0204952006092041
0.0379361253509228 0.0480092428044162 0.000807471027815384 0.0289493812613628
0.00702093269582713 0.0613046046884392 -0.0232668624372467 0.0314831590699743
-0.0453110025503689 0.067818615214847 -0.0363968070401667 0.00293356976456626
-0.0793917286940932 0.0153859094311639 -0.0271203088099897 -0.025915115550232
-0.062749352975382 -0.057035680153709 5.89772718840375E-05 -0.00832135758907181
-0.0288726322148795 -0.0970036749954583 -0.00810010857043469 0.0505297459405215
0.00193877387462699 -0.0615225820773558 0.0289983431854152 0.10668529741329
-0.0213881628371243 -0.0716145162503418 0.00313184049267927 0.0910625360219771
-0.0643042610121858 -0.0350230174776286 0.011951072922672 0.0748610496676585
-0.0710737418753893 0.0246795285012006 0.0378574835891012 0.0512765908337616
-0.0249225770167322 0.0536783449132868 0.0373386221510328 0.0279096955692324
0.00939400499982927 0.048345375644356 0.037629307504044 0.01931946435072
0.0371691880831799 0.0346215563903944 0.0355135812882423 0.0181925720679706
0.0449940172345006 0.0221581430021223 0.0361642544201703 0.0198687914736854
0.0453016282375293 0.0223269515199004 0.0311027637375347 0.0298160240887104
0.0300731543751367 0.0389010031681249 0.0123999658470396 0.0414054786471589
0.0029747617930402 0.0494220762516182 -0.0181718884281585 0.0453642825245636
-0.0410053479520149 0.0492569591837997 -0.0374740826609216 0.0141400306790502
-0.0617317435211705 0.00313880465212176 -0.0292974752046262 -0.0175137059055951
-0.0388146030974448 -0.0505152800672243 0.00221557453327756 -0.00201731594868564
-0.0084148388944504 -0.0702110211185714 -0.00575401381796692 0.0724131293819576
0.0144324653047394 -0.0176586621564972 0.0202342175120471 0.122431301799747
0.00361817171330047 -0.0366660026856832 0.00246059597966093 0.0949979014325749
-0.0261089677483 -0.0256615569974663 0.00110177469997161 0.0723925949482457
-0.0395253545076999 0.00549724183963238 0.0231895812768534 0.0567535212884656
-0.0159084440512008 0.0265738175229034 0.031892220989856 0.0418104662451857
0.00268732783820301 0.0250586855164187 0.0424081138384861 0.0351114107154451
0.0189173483942398 0.0200471788527298 0.0464237958820161 0.0284166340871863
0.0257840433506034 0.0150091928919352 0.0470004640505353 0.027265768065673
0.0272285875506161 0.0156632271134905 0.0422527579520795 0.0384539468810351
0.0191882720486196 0.0261825603210633 0.0191852474122608 0.0525077394397249
-0.000727744642162378 0.0337062616545868 -0.0177102836543083 0.0569205496065233
-0.0320465697588437 0.0282280518275497 -0.042252686832241 0.0212006684731554
-0.0384419369911445 -0.00800034904806182 -0.0336634276714553 -0.0126775382307115
-0.0129465243804276 -0.0385779637754504 0.00270522260196621 0.00118501492762637
0.0121994191138694 -0.0349817822159233 -0.00787031123151087 0.0854465857263454
-0.0297955621321444 -0.00634175561408411 0.00449940828837476 -0.0953924566083499
-0.011358074545108 0.0173060282564441 -0.0229234180927134 -0.00916475123280973
0.0136691331717697 0.0169697291686297 0.0350782581068096 0.0211905538451351
0.0169762081163962 -0.00517069757217633 0.060130428205324 -0.0165033891882872
0.00364940409020661 -0.0112915999872125 0.0344583840781503 -0.0653498714838893
-0.00118764026593163 -0.00507486511697813 -0.0185951988170089 -0.0717582178630613
-0.00230390506855439 -0.00785688055493722 -0.048581910095362 -0.0504006296344244
-0.00108568162937946 -0.00844633649407742 -0.0548894903851579 -0.0330229669756377
0.00346340975186733 -0.00553893038616492 -0.0564639412707835 -0.0300967911223875
0.00774587116361387 -0.000497963555914657 -0.0521628697832198 -0.0395830869065428
0.00964662721558217 0.0031497837075819 -0.0362803375581616 -0.0523502271601274
0.00594947973263217 0.0172505338361962 -0.0148810453110225 -0.0632393319903568
-0.0131198658670904 0.0182513464427653 0.0027927934570695 -0.0698215472651257
-0.0307787479265731 -0.00512679212655322 0.00644606561956895 -0.0756912301610464
-0.027383647005376 -0.0260202485512036 -0.0142121170731892 -0.115187761794253
-0.0405975760910209 -0.0462186656497623 0.0203018922410252 -0.0853462792829959
-0.0387303576544878 -0.00939744101082177 -0.0164914261395447 -0.00434479666559908
-0.0226838172970634 0.0194973178812314 0.0420656284323364 0.0259768409080461
-0.0056792599792415 0.0225630086407966 0.0703569722989918 -0.0160298558174312
0.00341953013130045 0.0156330349596283 0.0400983507986437 -0.068124216462382
0.0106109586697837 0.0152923831939237 -0.0159123657161139 -0.0740350635467684
0.0201330508801289 0.00579876429276665 -0.0453698872506051 -0.0501182344864264
0.0225166356806287 0.00220402484450244 -0.0496045682276739 -0.0311225682310117
0.0251291245674797 0.00944607357780602 -0.052470447972965 -0.025736934785909
0.0167619483191735 0.0251630782268604 -0.0503902789223738 -0.0333035949775921
0.00243256342700245 0.0305042860203906 -0.0386932650926537 -0.0447351034549221
-0.0241519013735011 0.0375439013952011 -0.019491573014668 -0.0571267223464914
-0.0490658225106044 0.0112513587919042 -0.00265988678717723 -0.0648515572673836
-0.0516505993655147 -0.0385829687618216 -0.00360785725269717 -0.062091954821346
-0.0352958322723601 -0.0714807006968364 -0.0200185850880262 -0.0923061298496739
-0.0433429503003282 -0.0814810010847778 0.0338247482016147 -0.0595489043372069
-0.0609984054985999 -0.0421219409661664 -0.0105577609472207 0.00854676199320222
-0.0617737939637652 0.0142031377914849 0.0468056785520242 0.0361617911513095
-0.0347871126731812 0.0478631070079528 0.079064960495228 -0.00800393956310996
-0.000154130303980967 0.0447667677515856 0.0475396069571155 -0.0616961658132679
0.0196549033939305 0.0375791886602186 -0.00696649031811582 -0.0690755341701187
0.0389430840630077 0.0210109538151674 -0.0342644017691453 -0.0438237108609997
0.0425961299864639 0.0125642749295392 -0.0373352857043852 -0.0250221932952765
0.0436361981187106 0.020012292594744 -0.0408660205289385 -0.0160671452963365
0.0274962749003717 0.04370231298995 -0.0435999188598125 -0.0196442333491186
0.0021185763227382 0.0530399592481825 -0.0402806514702267 -0.0281679504351536
-0.0421089860857055 0.0608718458545147 -0.0278367776209259 -0.0458518219544157
-0.0776596636781555 0.0147640944857418 -0.0116349710515621 -0.0585782388302795
-0.0715822390924273 -0.0578996667548628 -0.00943282225418236 -0.0468567830149064
-0.0435866021722391 -0.103577935548078 -0.0226861342904831 -0.0579730406361452
-0.0370675186396924 -0.105174099154549 0.0418180996536922 -0.0198287399333256
-0.0717688584644556 -0.0733303864214771 -0.00503154740719544 0.0288333686870809
-0.0935183855133828 0.000167308020380137 0.0460335513502043 0.0505587073674372
-0.0648381537231129 0.063529501938262 0.08130287655102 0.00693995479089014
-0.00866584806178115 0.0695563297323949 0.0527136867258674 -0.0452489323843822
0.0237418213698783 0.0570873321741411 0.00631754590915239 -0.0541059695896927
0.0514306753516181 0.0347399483010421 -0.0179388771041352 -0.0314691180662085
0.0562068273697939 0.0209410081244049 -0.0193548026257283 -0.0153544950453016
0.0563123752928666 0.0259637193588514 -0.0240422185101654 -0.00375758122426027
0.0362237284411941 0.0529858296159525 -0.0316306069516795 -0.00234292586030138
0.00577800650255792 0.0663598320550125 -0.0380695261144371 -0.00757120440842995
-0.0488153185876627 0.0766905663208819 -0.0343785217466756 -0.0299306102844779
-0.0920637118403968 0.0215929457507429 -0.0191374340552302 -0.0489616921948798
-0.0821202756561058 -0.0641766933073533 -0.00940093489472807 -0.0311474787478603
-0.0465533361089456 -0.118038694731899 -0.0199848245898827 -0.0183815579179024
-0.0247755246129841 -0.110890690431881 0.042135098159022 0.0278529680593969
-0.0660138190135699 -0.0936989382864593 -0.000697965273205724 0.0539310296879832
-0.105443408048937 -0.0186733895640339 0.0376298704984671 0.0646133080485499
-0.0869167162613636 0.0614531195699036 0.0732283966158671 0.0264861455158413
-0.0196081537421545 0.0803492213433511 0.0527884567381329 -0.0195896642690826
0.0217049448938332 0.0670206413643905 0.0197964489844431 -0.0305858223372987
0.0549152428529643 0.0429813109853762 0.00131111483020426 -0.0145191663673492
0.0612020767453379 0.0257350361457425 0.000851954213325476 -0.00317807105717158
0.0612500259064426 0.0278697464447455 -0.00419928339564231 0.00907065129640948
0.0397937848638811 0.054102195508273 -0.0157892812770169 0.0142691750184894
0.0075361567564398 0.068277828652321 -0.031630510860087 0.0128272955410517
-0.0490559004114298 0.0792544020672572 -0.0368386317111793 -0.0127365038983718
-0.0917394878287579 0.022106436279966 -0.0243758878177992 -0.0381001341031007
-0.0782922526998656 -0.0629061113960826 -0.00432336429427535 -0.0187255956916202
-0.0413793206918282 -0.114932616948094 -0.0136835952793436 0.0194786561748031
-0.0104554587366699 -0.0953078494254065 0.0360259951898664 0.0735543615972152
-0.0458631221717321 -0.094009214829187 0.000277265627902844 0.0763086142466083
-0.0932925296128716 -0.0337241136435381 0.0241138196080859 0.0739521045885117
-0.0896663414565562 0.0451551649234175 0.0564164102364162 0.043170006907183
-0.0275872831330535 0.0741415453965856 0.0465121992828066 0.00729240517471381
0.0155864611951568 0.0648535629104756 0.0303642445032443 -0.00359735670059088
0.0490581590098844 0.0437922868298101 0.0202215757691943 0.00341456519404556
0.057033790043159 0.0269097075573286 0.020110193974307 0.00990252540720665
0.0566098910680331 0.0272587348750392 0.0151316711050805 0.0206993531348571
0.0368846683606733 0.0492268611398764 -0.000429298190562347 0.0292085324441285
0.00572572835707323 0.0617724047504717 -0.0242912088752791 0.0309454593566556
-0.0469236692000693 0.0672285018225917 -0.0375013915721586 0.00221469695504711
-0.0804775912688075 0.0135442256480969 -0.0270775541207758 -0.027168642586398
-0.0616259248984392 -0.0593283138400959 -3.30557152369036E-05 -0.00883500371839985
-0.0267230336500876 -0.098053130427608 -0.00864841832956719 0.0511125283767898
0.00321773819828364 -0.0618249122127843 0.0257012849857582 0.108786820827254
-0.0196648123129242 -0.0728562279631256 -0.000605685452215784 0.0916534831323845
-0.0629638702355317 -0.0365278043761705 0.00953953840276458 0.076406377161238
-0.0724826641704683 0.0237959474377655 0.0364786372720198 0.0536941885214524
-0.0264954102738353 0.0541280774521141 0.0370368337081451 0.0299512034025765
0.0084688736496359 0.0492702572608562 0.0376655934695278 0.0210396311089589
0.0366466355437587 0.0352462366739236 0.0356292314098722 0.0195251878205512
0.0445466025989677 0.0231635643762444 0.0366875890198373 0.0205940400088543
0.0449761819044348 0.0232876234148097 0.030110909959863 0.0313358965532687
0.0296620098833476 0.0398105641343707 0.0111309073235509 0.0420068279829664
0.00204504836145907 0.0501775724259859 -0.0197429046372804 0.0448107947858362
-0.0425119415590203 0.0489142172403179 -0.0380418888574281 0.0133214983006342
-0.0620538651819955 0.00161206543799321 -0.0299600410872373 -0.0190329481341108
-0.0374681032938907 -0.0524451870370683 0.00239819820167186 -0.00225675625842974
-0.00659822333989315 -0.0701604599778919 -0.00729161329624697 0.0732516695377993
0.0148742935140968 -0.0172620477682702 0.0162861290364873 0.125078116572102
0.00491588234841399 -0.0366579303964043 -0.00110590240491058 0.0953345346294739
-0.0246774860317568 -0.0265709652250228 -0.00219310711876463 0.0733618794684662
-0.0402447348113702 0.00504921284064763 0.0218388218930093 0.0579797062081003
-0.0173338675551241 0.0264496309092159 0.0310614152228635 0.04379178608005
0.00211699122353218 0.0253468475857662 0.0423352975359398 0.0362918647448928
0.0183401278669772 0.0210359594867114 0.0467306666950052 0.0296877718864539
0.0252463134354762 0.015357324971046 0.0470455956071791 0.0291722255314125
0.026637373037422 0.0160683812683842 0.0410348693457841 0.0397149965148265
0.0190309765691842 0.0263694704984304 0.017293765902972 0.0532669669060256
-0.00161927336809697 0.0342666727086051 -0.0193722076761986 0.0566340725000505
-0.0334408860929388 0.0273492895193208 -0.0435438258572822 0.0201570130961452
-0.038275579166939 -0.00932190691813362 -0.033909613019975 -0.0144512458426472
-0.0119093578224431 -0.0394613205155814 0.00266681362679535 0.00105899156550481
0.0130634000075283 -0.0344077429896844 -0.00938363137842813 0.0867023545268456
-0.0307280782243878 -0.00651568855957921 0.00569549566315738 -0.100295880794247
-0.0126153643451042 0.0182765893007752 -0.0241187756106582 -0.00964534969577743
0.0141992489758812 0.0182935913179827 0.0363360762264679 0.0235759361045439
0.0184171044592596 -0.00462987492922871 0.0632989581113214 -0.0157754802927603
0.00388933144323468 -0.0113809536992208 0.0375608232188386 -0.0678195186694817
-0.00113041531875748 -0.00547832029232518 -0.0175613157464944 -0.075069955710875
-0.0024731925480681 -0.00789638862364972 -0.0497277358903173 -0.0530052533365085
-0.00106777419465886 -0.00895602908812643 -0.0566251919204792 -0.0351953816762127
0.00384404785834594 -0.00582014727625892 -0.0584198788458412 -0.0327163294306065
0.00772853743799155 -0.000387204720340183 -0.054098537982483 -0.042314814974861
0.00946716247000017 0.00363801925562172 -0.0372916718228367 -0.0557436650293538
0.00583034693933802 0.0186472958818271 -0.0140239115624009 -0.0667113415047951
-0.0142546314131332 0.018789090170157 0.0051492653263332 -0.0728236474452738
-0.0329372793489438 -0.00603584726214076 0.0102016862187707 -0.0785167492509461
-0.0284946708102269 -0.0273540359584814 -0.0120886722684714 -0.121577980176197
-0.0419675729049916 -0.048419321480692 0.0222447558246977 -0.0896529734762181
-0.0406268973957388 -0.0100089067405496 -0.0182881142366429 -0.00473564321248902
-0.0239101948124861 0.0198512453719289 0.043263138679504 0.0287839785919781
-0.00588081104419672 0.0236187553020208 0.0742187535987872 -0.0148962753051797
0.00359083226340807 0.0163865533011942 0.043514258422036 -0.0702801094212302
0.0112030714082738 0.0162413731481596 -0.014745395843512 -0.0774852679532614
0.0204071404549629 0.00652286818224795 -0.0464252149864854 -0.0527450523677027
0.0231829263028306 0.00234753199046746 -0.0510992601071196 -0.0337697206333132
0.0256760725724172 0.00980438561088208 -0.0542183894645323 -0.027661933565013
0.016973944355787 0.0265684219959387 -0.0522494362165387 -0.0357599869043326
0.00177030251243146 0.0319216543225776 -0.0392002034844945 -0.0476216625147265
-0.0258148262255614 0.0394479162944382 -0.0183785783004609 -0.0601294710726554
-0.0520053511720906 0.0106515046651209 -0.00126870364790365 -0.0679748413195819
-0.0538702536146227 -0.0418685098425361 -0.00142467393789447 -0.0650882991122723
-0.0361238539718238 -0.075706923362437 -0.0189798754623719 -0.0974418254872645
-0.0438598722645442 -0.0857583959579784 0.0357281394221886 -0.0626041310422937
-0.0637025157884765 -0.0451924863882553 -0.0121263435009828 0.00881184670807952
-0.0644493353904467 0.0139476391662839 0.0477799693098127 0.0393944123226562
-0.0362985671694286 0.0500747152927176 0.0836783989153693 -0.00694592260914829
-0.000342918376629 0.0472563048594661 0.0514541634181591 -0.0635560922475027
0.0203516057384493 0.0395765971701707 -0.00521144852842736 -0.0718454249135995
0.0400642867253121 0.0225771650410629 -0.0348216539930173 -0.046119372194255
0.0435858030834653 0.0128253138159768 -0.0385235561316936 -0.0266348205333408
0.0448282182151791 0.0213939992970709 -0.042394531133655 -0.0172717605705527
0.0285969345818143 0.0459004782452564 -0.0457532715314554 -0.0211582872189816
0.00136298414231549 0.0552139259370291 -0.0417494163011555 -0.0306687678528503
-0.0446864893368929 0.0633898508565996 -0.0283539944728915 -0.0482891349391445
-0.0818722573061421 0.0144870205191535 -0.0108173095598187 -0.0615852170423441
-0.0736834053790155 -0.0620102816506095 -0.00831559288293312 -0.0493372770247336
-0.0434900171637913 -0.108972369447528 -0.0225961524847143 -0.0613461374342518
-0.0372053672037122 -0.110687056208218 0.0435822796298311 -0.0206051505744661
-0.0746436733957779 -0.0785277464333227 -0.00672950917855119 0.0299118045667062
-0.0976230636432815 -0.000605165323611003 0.0462562108868241 0.054365512866143
-0.0683930781734511 0.0659478766042116 0.0854395037723029 0.00920827173514861
-0.00961349366901218 0.0726852938652528 0.0567491275506316 -0.0457438880846962
0.0242330728857193 0.0601158003976485 0.00793916205244571 -0.0559420602198615
0.0529950112063439 0.0370150654285782 -0.0178178481105678 -0.0335008879235158
0.0581292588146477 0.0215983210077229 -0.0197291348907724 -0.0164650474072765
0.0579619917534992 0.0277018096928224 -0.0245451610067061 -0.00445611816376332
0.0369798087984708 0.0560179340943081 -0.0328882708039863 -0.00332994200596023
0.00523732645399809 0.069283654052117 -0.040164316832236 -0.0088969682519664
-0.0519675235855264 0.0796394167102716 -0.0357013083886164 -0.0315267889422549
-0.0966093333948056 0.0215145797374342 -0.0194466052656895 -0.0522145828145017
-0.0850653007640806 -0.06849504100953 -0.00801222345315696 -0.0335198332176294
-0.0464433915476171 -0.123764652556469 -0.0199344515812727 -0.0198730751152884
-0.0245965743192765 -0.116264766125682 0.042757233188437 0.029525935132231
-0.0678777591805405 -0.0994931868384206 -0.00303885788820486 0.0560247204619441
-0.109646277596567 -0.0207528327915664 0.0376290633589382 0.0690068666536522
-0.0917178065056282 0.0639040552973962 0.0768674727175483 0.0290526004760839
-0.0221650408325807 0.0839469021853123 0.0564507127475505 -0.0190779971069723
0.0220344400855963 0.070825229870284 0.0218477123653693 -0.0309842881042083
0.0564346878804208 0.045499406959107 0.00243678565996722 -0.0155201945464738
0.0636388711514136 0.0270813129640178 0.00122882983948592 -0.00332542926410677
0.0627033663316687 0.0296662984360966 -0.00416015727352658 0.00885158560334843
0.0409828176952243 0.0572905880350304 -0.016587446369376 0.0141034205491224
0.00717265973005733 0.0716078103444343 -0.0335695317096621 0.0127270542887978
-0.0526476124409756 0.0816805977035824 -0.0386949053677644 -0.0132827351914707
-0.0961648299322448 0.0219469515219273 -0.0249641553878005 -0.0408786368460228
-0.0810628293609302 -0.0676801645145601 -0.00370306633689817 -0.020064646869113
-0.0409868279367811 -0.120988973758312 -0.0144549524153751 0.0202645783493558
-0.00950813301067494 -0.0996072108690036 0.0356633889095525 0.0775443115248567
-0.046053385408662 -0.0992660555130623 -0.00294160039685625 0.0796937659808977
-0.0973071111097619 -0.0366912850749618 0.0227782365882129 0.0779576506854914
-0.0947445666223678 0.0466803371321586 0.0585812991374606 0.0470154171537344
-0.0298548021845458 0.0771097574910611 0.0486759667776306 0.00924291471838372
0.0151665663734331 0.068117714969833 0.0321381762345536 -0.00239009872815535
0.0510797429512804 0.045801050312485 0.0216061504437108 0.00361467952112954
0.0591006197807221 0.028461508078967 0.021371639279964 0.010272141648981
0.0585800762044172 0.0286009967082324 0.0156806225204772 0.0224350266584663
0.0381888321175084 0.052047084358313 -0.00139411190317253 0.0299003732559673
0.00497571263490988 0.0652112698458226 -0.0258722522031202 0.031457984445906
-0.0503770547621051 0.0700004129495261 -0.0391070140839916 0.00151916890224478
-0.08434012287244 0.0134414707862288 -0.0280531151069578 -0.0296567489167822
-0.063338660745164 -0.0634901515322221 0.000768059150892743 -0.0099231881980586
-0.0263477614600729 -0.102671506178448 -0.0096636994011563 0.0533155999589324
0.00445023657146534 -0.0641345090347007 0.0248184194064876 0.11429838542834
-0.0191869362373599 -0.076405646323393 -0.00395777109136222 0.0952980221117317
-0.0650013976629178 -0.0395338919175468 0.00767292599205223 0.0800598309873787
-0.0762066940176861 0.0242076041016054 0.0378479253871055 0.0569348897481513
-0.0286413262288544 0.0564316079394383 0.0386804778807281 0.0323476355782474
0.00790330332160986 0.0519601610551688 0.0393078395655413 0.0228403909298732
0.0374118349642233 0.0375756222581299 0.0378423829750583 0.0204580727849193
0.0462960826761261 0.0246215658143702 0.0386007944924464 0.0222209814652561
0.0462454169979677 0.0246202688515163 0.0314585439843933 0.0333542673702589
0.0304763057851824 0.0419176321586798 0.0100105050289524 0.0437216368950792
0.00110370232960876 0.0526733344108689 -0.0216831466933053 0.0465034916446262
-0.0454584061329869 0.0507521155160139 -0.0405926842667111 0.013083810769414
-0.0647975353233235 0.00059601323904115 -0.0312359854305509 -0.0207311277062529
-0.0379868190407095 -0.0553937226655641 0.00239621184403679 -0.00279000767666654
-0.00582481489311205 -0.0730101875896385 -0.00797972863204154 0.0766448490329281
0.0159104076046993 -0.0169134632570408 0.0146486498805215 0.131980140046505
0.00543946124137386 -0.0384390465044521 -0.00409757975037152 0.0999516017911477
-0.025680441494555 -0.0280828254780858 -0.00419639489681019 0.0767548209548344
-0.0426445393836989 0.00529036954914177 0.0212430095446992 0.0612172817832082
-0.0185454823581866 0.027525329276608 0.0318495317703536 0.0469135566156398
0.00146397065577274 0.0269003297126398 0.0442989111806988 0.0390791927558752
0.0190654473046218 0.0217283897964855 0.0490873624955299 0.0314763022122093
0.026679411763062 0.0163579371906511 0.0497568194696489 0.0311870852555716
0.0279690600606009 0.0173417796547309 0.0423241837292035 0.0423453505169827
0.0195614521708446 0.0279841165879846 0.016326397656759 0.0562295680190623
-0.00252285924561868 0.0357888515052119 -0.021790698460376 0.0588040257357593
-0.0353619296308741 0.0280823516229245 -0.04601839113513 0.0197104646510272
-0.0393684926017553 -0.0101807865968984 -0.0355723208988666 -0.0162124464064811
-0.0113249153141047 -0.0417568714687187 0.00292128757764089 0.000636462909720989
0.0139579664088348 -0.0349969637806564 -0.010516120101317 0.090448493925615
-0.0329275636690954 -0.00629564300245082 0.00278734835044411 -0.107695965873494
-0.0136537640584042 0.0202153651857785 -0.0268594441795306 -0.00904421965787492
0.0155581320346614 0.0189046035127025 0.038871563247723 0.0253552597740068
0.0193372565873629 -0.00564436799905315 0.0673413189924302 -0.0174428695389243
0.00391900439262454 -0.0125176665168553 0.0397348361999786 -0.0729303231435707
-0.00130629942490894 -0.0061696349466112 -0.0196767288160392 -0.0793405722920559
-0.00254408189014679 -0.00843706931982403 -0.0538829426971731 -0.0549745557087567
-0.00184686151980151 -0.00901199731389057 -0.0609902172108306 -0.0365546386066952
0.00358016620890865 -0.00579570225930069 -0.0630098963960117 -0.0334452494271423
0.0081304630777186 -0.000246891877045735 -0.0583618193325718 -0.0441158667410654
0.0101283004181571 0.00336956112938197 -0.0410740416557857 -0.059276989672242
0.00649161483211867 0.0199566920134364 -0.0153597602815759 -0.07131191351872
-0.0154989091954911 0.0204863514413278 0.00491763921794134 -0.0775818156199865
-0.0365546269609399 -0.00585163556051821 0.0106337624948524 -0.083796792676119
-0.030607957814105 -0.0288212931901604 -0.015120916122927 -0.129662384233459
-0.0451558743254836 -0.0502665210128451 0.0212840928522757 -0.0975520743637058
-0.0441566557636989 -0.0100624536576204 -0.0206342601938864 -0.00449599144023622
-0.0248555208333075 0.0219489277757698 0.0464133454206526 0.0304772289803887
-0.0052495002957256 0.0256463134960277 0.0790139673777114 -0.0175707614887952
0.00463259178418894 0.0177547318252295 0.0458933533839349 -0.0755600566130087
0.0124578137048644 0.0170053924153049 -0.0167884302043897 -0.0818570720852784
0.0218574415609214 0.00615005001336143 -0.0500391549064738 -0.0552442352342186
0.0239987828273223 0.00144461501732084 -0.0554252408582237 -0.0347962019202222
0.0272825156091167 0.0104061819176232 -0.0585422650446335 -0.0285969812728685
0.0191737927575355 0.0279039609424938 -0.0564824525472054 -0.0377062813894154
0.00233391353382339 0.033819868884522 -0.0424584168395035 -0.0511295982615251
-0.0265148489616272 0.0428411691298191 -0.0205850477927486 -0.063968340016748
-0.0553633419843492 0.0131881022408724 -0.00194860434244524 -0.0723224176117745
-0.058756986440575 -0.0436496138135548 -0.00137089662153396 -0.0692119973260096
-0.0398670373107124 -0.0800549344755396 -0.0219634486344264 -0.103996774050575
-0.04813763709741 -0.089781083110059 0.0359880335246854 -0.0681971675386731
-0.0693947038237508 -0.0470644031904137 -0.0144378035326547 0.00957178014990379
-0.0681010644294229 0.0171366839669822 0.0511255586027604 0.0420043306796795
-0.0378994923946259 0.054799013641773 0.0896111330195279 -0.00856180566539604
0.000867881293403672 0.0506922392660179 0.0545292786039484 -0.068506125412651
0.0233684828413611 0.0416467177930671 -0.00669617341705874 -0.0765185796214529
0.043103953969686 0.0227022549035135 -0.037566903421117 -0.0489399287881462
0.0466187158231536 0.0125757263580154 -0.0415960150494118 -0.0282049851766649
0.0480409156474179 0.0216283585443777 -0.0452119065183445 -0.0177730483757612
0.0311790771054723 0.0482305822069918 -0.0491727420009332 -0.0219919155807186
0.00277006566936686 0.058985323283436 -0.0449639977885962 -0.0327198855464877
-0.0463238824369909 0.0685830214149932 -0.030759094491565 -0.0509737386411265
-0.0868254765006804 0.0175095722941448 -0.0125763153580452 -0.0659008343791807
-0.0806061140568762 -0.0653091098313857 -0.0086880361351366 -0.0521580780286554
-0.0486722759229641 -0.115241466767874 -0.0244739598042937 -0.0650502326919863
-0.0418774492152371 -0.116995035274526 0.0454576361436233 -0.0230275098654479
-0.0815695912355398 -0.0820245195681929 -0.0083266829616383 0.0323552457218292
-0.103890722504956 0.00163603672284882 0.0497355926622487 0.0579618391982744
-0.0715688471748853 0.0727674991705786 0.0917493467016053 0.00834556842340521
-0.00880893701401102 0.0783983484934026 0.0606513013338525 -0.0496775511768329
0.027488286374567 0.0636156504656837 0.00756391777553501 -0.0594568279840913
0.0575486342426138 0.0376312229853173 -0.0188306492705244 -0.0359048135670495
0.061799852422727 0.0213816474552916 -0.0214432277094652 -0.0172084175320995
0.0620517778924337 0.028042204346439 -0.0256970577434381 -0.0041531631353502
0.0413668353346819 0.0588953945535283 -0.03528614051025 -0.00321235882955651
0.00726031277325168 0.0737262913695124 -0.0428264113519412 -0.00897673658977883
-0.0534389419389716 0.0864385003704224 -0.0385601483084567 -0.0329192199891023
-0.102466084239029 0.0255667824962803 -0.022063300861659 -0.0556873318947947
-0.092365878259335 -0.0722464248929932 -0.00881879527832591 -0.0352939904554538
-0.0522774429879788 -0.130907818652643 -0.0212703470133129 -0.02095069510539
-0.0284507225986997 -0.122758821204682 0.0459125695970526 0.0305295097854381
-0.0747215028581318 -0.105005194430338 -0.00400305681052976 0.0593281377575561
-0.117167073390333 -0.0194879363314583 0.0398250182509077 0.0729282159761295
-0.0959955699391924 0.0708423146825017 0.0828125094935345 0.0305309781129564
-0.0208721975360865 0.0905352139635774 0.0604772147428629 -0.0210188845471919
0.0254084286681037 0.0751928736678277 0.0230082666107458 -0.0336390223614463
0.0608737380825628 0.0473613092413494 0.0031243240863018 -0.0174079554595356
0.0676689721937996 0.0266141478050749 0.00114447927738863 -0.00371844038067135
0.0671875708184707 0.0299915737254852 -0.00393456952691358 0.00967954042671787
0.0448596763609962 0.0599555248879416 -0.0179645719914965 0.015316897870009
0.00915859161855849 0.0758292771459333 -0.0358284084481151 0.014107790808458
-0.0537729163466744 0.0885800978967763 -0.0413777319617471 -0.0135256628834766
-0.101770673666647 0.0261133794180993 -0.027968951600249 -0.0434651212400075
-0.0874293732913432 -0.0713961977299227 -0.00410220810205821 -0.0212085113460059
-0.0461884344476933 -0.127816789412305 -0.0140836342647831 0.021735681979869
-0.011934759800702 -0.105745216180794 0.039270817323604 0.0823108192557161
-0.0514871352068934 -0.105437711567085 -0.0029995883953789 0.0853063762647542
-0.103537189424858 -0.036881124397417 0.0249764616613615 0.0830414435740304
-0.0995549835834426 0.0524989110481271 0.0633790653239101 0.048415912610359
-0.0297605371189545 0.0841218260881115 0.052599711926151 0.00910533144109678
0.0181797315045179 0.0725267262408265 0.0352644475529696 -0.00286363017907773
0.0550706185969432 0.0477960629567432 0.0238451117884376 0.0028974890421011
0.063556939067565 0.0281840737123023 0.023776938339945 0.0100972973499628
0.0624817845510695 0.028730778513 0.0169093944905614 0.023300004582591
0.0418335463190843 0.0544512399228147 -0.00123103026701439 0.0320227244035546
0.00702496201472826 0.0689848239199536 -0.0278534986925416 0.0341506863477881
-0.0520355983296911 0.0756759468305138 -0.0420774470536854 0.00295980926110905
-0.0888615151597492 0.0161252486206554 -0.0310414424829816 -0.0315838918718881
-0.0683573036392579 -0.0668524647554069 0.000539683884622985 -0.0102468793218901
-0.0296674123440682 -0.10848160618627 -0.00859130391859751 0.056818627717464
0.00333533979948255 -0.0675626791563094 0.0282345163415048 0.122648624823621
-0.0220337911979693 -0.0811594031129258 -0.00403011601142369 0.10185356108901
-0.069403363624323 -0.0409493108874828 0.0083530240609786 0.085368571742868
-0.0808517565698084 0.0281454871501501 0.0409397770276978 0.0604094627246254
-0.0295939587192627 0.0609474258476031 0.0421549278301585 0.0344430890946481
0.00973772327843322 0.0560172309549793 0.0430619843169842 0.0238781690617778
0.0405629965647147 0.0391662386977767 0.0416165990233541 0.020734173046019
0.0496843833043752 0.024372141029397 0.0420873406910074 0.0227868943037881
0.0492657620126085 0.0246414385870472 0.0341467184091616 0.0349610800522123
0.0333146397764586 0.043885160769252 0.0112542301560389 0.0465978759311199
0.0028503925532711 0.0561796011531867 -0.0223445403473072 0.049698033678245
-0.0473515465219729 0.0550856096250789 -0.043553916706354 0.0148598420520141
-0.0685139908019273 0.00197739040699232 -0.034148325859053 -0.0222306392982204
-0.0415571199205718 -0.0590065515421725 0.00280375140573338 -0.00342466431057952
-0.00760326945174685 -0.0774348563196021 -0.00571390732861154 0.0820706072716859
0.0165252671448803 -0.0178962485363494 0.0180310973210426 0.141313299930011
0.00558587344872093 -0.0407122693288592 -0.00354079793569969 0.106438394414104
-0.0275336095509228 -0.0293854553685495 -0.00419983233303289 0.0823875231794897
-0.0452881145832128 0.00702062154640296 0.0232601860203562 0.0653011044239466
-0.019412874582627 0.0299604212729029 0.0349482857587127 0.0496325844016467
0.00210726093629542 0.02874246976277 0.048243458686253 0.041199232215432
0.020590572973765 0.0228033061146136 0.05350295403422 0.0323852380557992
0.0286248457812763 0.0163159557575895 0.0540688925324734 0.0318189617688231
0.0297343472189323 0.0173333843695447 0.0463791392989127 0.0443923908471839
0.021095549564128 0.0291320913143458 0.0182886826948953 0.0594093236375553
-0.00162169165679778 0.0383418926160773 -0.0227335590141594 0.0629648787641324
-0.0372172295027154 0.0309949300284142 -0.0492952525667481 0.0219666690350986
-0.0420667241790597 -0.0107534138083311 -0.0385489720455215 -0.016905118997094
-0.0128269350304881 -0.0441750175889445 0.00245658290514666 0.000396820599912434
0.0142584656131896 -0.0373606377563126 -0.00860802075111303 0.0971646050320325
-0.033868278621543 -0.013602525361189 0.019494590682604 -0.111409336653856
-0.0174532899699827 0.0184925387677136 -0.0280185765209691 -0.0128114500669206
0.0130730957968573 0.0218062293830283 0.0367371411070999 0.0349791886995214
0.0205468246912094 -0.00371571080106617 0.0752605271101922 -0.00656410136615416
0.00550393764824187 -0.0129396744444595 0.0535051267919081 -0.0705273857397818
-0.00073747127348286 -0.00725400422386164 -0.00715737337618175 -0.0863740205696883
-0.00178887143332574 -0.00929059852383959 -0.0475880335484466 -0.0666191886535959
-0.000913923985072451 -0.00975711992537476 -0.0581339313049522 -0.0480175024753877
0.00514100664267372 -0.0052175221319007 -0.0614497670437396 -0.0453105121259604
0.00813575097779251 0.000999367930799382 -0.0546385522304483 -0.0554376273957533
0.00947736301397017 0.00501477169827761 -0.0334539156365872 -0.0686165830907437
0.00391923453981353 0.0209900879224074 -0.00428605190850465 -0.0781982773815982
-0.020235199239394 0.0172766941592221 0.0192806721534124 -0.0799826150199228
-0.0366606246219912 -0.0146785635545635 0.0274209982546621 -0.0841320157661459
-0.0275707107290037 -0.0386611331607582 0.00891033480464785 -0.136674182717366
-0.0381666143403231 -0.0613002100682964 0.0358161447322185 -0.0991649731740004
-0.0435700537500378 -0.0174864581490275 -0.0234013118998392 -0.0078493887670916
-0.0283294046191266 0.0176265437540158 0.0408339257393445 0.041347102936027
-0.00930664455608798 0.0239534422751098 0.085473063126293 -0.00309566576138144
0.000215752417312034 0.0177368941645062 0.0608741344275488 -0.0707213010100886
0.00951978259658689 0.0191636808720357 -0.00359886486540304 -0.0875307089743014
0.0212885606148551 0.00973031561851249 -0.042970827470275 -0.0652880185429416
0.023756699040474 0.00587382520443594 -0.0525288246817795 -0.0456089078906479
0.0264785388269521 0.0155286176335279 -0.0576912010200376 -0.0395800025378001
0.0140542781757463 0.0324566270439634 -0.0545092290786696 -0.0484301573554101
-0.00481531789361397 0.0354517049991025 -0.0364556568397801 -0.0614559047819643
-0.0349021626570859 0.0394784844676404 -0.00959183714410473 -0.0733217434895545
-0.060409108939861 0.00152382943746547 0.0119687649632799 -0.0754148736283328
-0.0530284665238489 -0.0587037261194916 0.0140981139980619 -0.0697992597312015
-0.0269863543943583 -0.0947539103278464 -0.0034141256699513 -0.108263986892991
-0.0336788409268167 -0.102408151236979 0.0464750571948436 -0.0683952203385435
-0.0630592370919748 -0.059810597093105 -0.0202843743658166 0.00646503070166688
-0.0713505904150318 0.00466179764810986 0.041297226997163 0.0537990993497633
-0.0463492876532066 0.0486718288952463 0.0919547170713762 0.0088450398708768
-0.00947085039681108 0.0507992779194477 0.0689939415443629 -0.0601180035656255
0.0160844947570377 0.0468782084583421 0.006049969055143 -0.0792040917217302
0.0404511404040201 0.0301548097179472 -0.0310156547292685 -0.0557704027659366
0.045019434247195 0.0214949350809454 -0.0385882554217509 -0.0368536065419611
0.0457856029992994 0.030903636159646 -0.0457187875306065 -0.0255816990664396
0.0233357499748283 0.0561713887173898 -0.0493880690073334 -0.0313285830753512
-0.00994516971703156 0.061917975965609 -0.0417009451908313 -0.0437977090240321
-0.0600349950369824 0.0634073753332395 -0.0216094834101753 -0.0635992826840202
-0.0938315774700184 -0.00013657977890165 -0.000211678497443238 -0.0707448337562279
-0.0719938243574725 -0.0855377904682025 0.00410950560485056 -0.0517784702265767
-0.0294119261957889 -0.134403374915458 -0.0134659263200705 -0.0659436778090216
-0.0211172086734381 -0.128057434513032 0.0489257083380319 -0.0214931863510497
-0.068720493019699 -0.0979734070794071 -0.0168583090562726 0.029449662079115
-0.104686566498424 -0.0168855584563202 0.0347052514216745 0.0686818562110128
-0.0832707455365827 0.0609297561687333 0.0886869421605516 0.0276245727701441
-0.0229942300960818 0.0775115422762453 0.0724145883665054 -0.0377305121232301
0.0173609179696511 0.0703374812361444 0.018591980521055 -0.0588765872939547
0.0520517154721682 0.0480271293177661 -0.0129848652243573 -0.0385115170552974
0.0592590928414893 0.0338340622196213 -0.0190661069528689 -0.0218544738861743
0.0589175748406951 0.0400405891261719 -0.0273065535147989 -0.00846792589409792
0.0321367459655561 0.0684781053711605 -0.0386044893006319 -0.00923044434661586
-0.00830679296800424 0.0784778168929601 -0.0428748068538261 -0.0197493614537182
-0.0710278005869408 0.0810387506448922 -0.0332130548451886 -0.0467911000848962
-0.11221425049695 0.00507231190945416 -0.0116930863863569 -0.0618775422480462
-0.0831615556743301 -0.0945190129734159 0.0017022247261888 -0.0343535651067529
-0.0303092741309199 -0.151084592575619 -0.0182140730395309 -0.0178702594785863
-0.00483666532719308 -0.130574849992629 0.0409523095736194 0.0337906139166347
-0.0574909961045774 -0.119955739041879 -0.017331258943561 0.0579608641534241
-0.114261935591336 -0.0409152682174798 0.021657748770411 0.0816000469812853
-0.107731148147155 0.0557963569023507 0.0736398173060868 0.048001792951509
-0.0376896033261242 0.0883265429861498 0.0667309656164451 -0.00681118322035858
0.0128598715228352 0.0822083244306116 0.0302517796376815 -0.028773206810155
0.0548801082742409 0.0585678952951192 0.00701928735044064 -0.0151820062642075
0.0647964601098767 0.0407682093386405 0.00318522878727912 -0.00419286984107818
0.0641399083343091 0.0426320006153072 -0.00669680020976282 0.00953058697637814
0.0361062530745304 0.0705167543111247 -0.0234812574916434 0.0127010531362997
-0.00631509009932677 0.0814318541119062 -0.03925626774924 0.00610108877797939
-0.0720337531846901 0.0834990700922843 -0.0396945876915226 -0.0272692368566384
-0.111070118202292 0.00606792654845802 -0.0201423777295918 -0.0505733537528863
-0.0781378621700381 -0.0924063635389125 0.00389569183199796 -0.0189844524273148
-0.0239530977286979 -0.146007827958859 -0.0185979637240015 0.0274018519825097
0.00930861353912561 -0.109364155941673 0.026706707844883 0.0870910955371199
-0.0333861779747597 -0.115839980680965 -0.0194123503312322 0.0847767677816177
-0.096801165008441 -0.0559122111661115 0.00515740484586513 0.0887525340158706
-0.108474007297321 0.0368112282030596 0.0507554441607943 0.063099232481114
-0.045159668055463 0.0798356759550814 0.0533952865873351 0.0237298703607645
0.00625553283220941 0.0784246316890118 0.0382479318039014 0.00495265889908612
0.048621610748469 0.0581786568642026 0.0256453940704814 0.00911101753876572
0.0604075881345757 0.0408577963188577 0.023563111817955 0.0140759014248298
0.059212534425469 0.0410956429773858 0.0134698395327331 0.0269608886802974
0.0339111927275497 0.0644637300089632 -0.00870255728279019 0.0331347708382486
-0.007491099820775 0.074193468499373 -0.0342619449028422 0.0281086311084558
-0.0684676384874959 0.0707978391687987 -0.0425176882751893 -0.00963428841395311
-0.0960882617754503 -0.00175848728121772 -0.0259075615571662 -0.0382255698774654
-0.0585767182971849 -0.0841573337815476 0.00542994580117899 -0.00745721166875648
-0.0101687053603251 -0.121922114436818 -0.0195694570157137 0.0644594365223883
0.018148669189624 -0.0668419709940129 0.00898175984250456 0.128347368941726
-0.00683028257540813 -0.085287095027341 -0.0218127078714078 0.102954327003151
-0.0616023950693491 -0.053195522663827 -0.0101358923125382 0.0874923997740269
-0.0848341806995039 0.0153065721074526 0.0263973263912065 0.0697992605020682
-0.0401439600493896 0.0570704749648994 0.0370245742364377 0.0472062305877774
0.000495354546352621 0.0596070878002406 0.0417871868633521 0.0339399525824824
0.0354909062138167 0.0466946889447309 0.0409841475058549 0.0303898065977013
0.0471903509538345 0.0346999855181701 0.0411453809220442 0.0304811887264608
0.0466432400000388 0.0346661424582431 0.029817819613969 0.0420225454659556
0.0264860735845659 0.0517223609551242 0.00234788229864562 0.0503144397744571
-0.00903714535969939 0.0595972128751678 -0.0312092666855241 0.0460430942918053
-0.0598876667254756 0.0499097158593827 -0.0464293526792907 0.00371569873047617
-0.0715150517502519 -0.0128077295715827 -0.0313568610926333 -0.0287844958626125
-0.0319194325763824 -0.0700068151876751 0.0054027865759495 -2.57811373623384E-05
0.00779586692532488 -0.0833056188663631 -0.0219469745976729 0.0890612431659807
0.0230033437146717 -0.0135612917394444 -0.00441742030615841 0.148558448067519
0.0144935334481963 -0.0396322887808225 -0.0220956123361826 0.108816824888212
-0.0212840121084893 -0.0343241514518235 -0.020105156845187 0.0829318341844183
-0.0458530042473652 4.11734639396582E-05 0.00993419626871547 0.0719328149208992
-0.023987835129429 0.0267189399435631 0.0278132740267112 0.0595137277614578
-0.00210887129114271 0.0305765908224592 0.0447495594194406 0.051499972377418
0.0174282800371805 0.0273426213067671 0.0515146353750049 0.0439758761373445
0.0273513207346251 0.0218050535704179 0.05251604806913 0.0418205997815484
0.0280747936569567 0.023568280799224 0.041337169213366 0.0545901742175143
0.0170294834902999 0.034349739552084 0.00835504518770711 0.0655966790252717
-0.0101655582847339 0.0406707042468403 -0.0330332281750793 0.060119776619482
-0.0454742095904293 0.0260368107165931 -0.0541131669811774 0.0116290970099041
-0.0414874588056965 -0.0208455463599204 -0.0369819313035327 -0.0235161309118653
-0.00432078497761568 -0.0487535508936357 0.00376640260359041 0.00273527233066771
0.02345470235056 -0.0352835185431841 -0.0273213552334645 0.10117092687276
-0.0347145350601117 -0.0110195751424463 0.00987243477275177 -0.114414662132774
-0.0163193686701818 0.0201259656085533 -0.0300393758335557 -0.0103350198295221
0.0146348341730074 0.0205887635737448 0.0396540448631127 0.0328994139473078
0.0205045877350341 -0.004907844594731 0.0752097479169202 -0.012064089302976
0.00439846922775434 -0.0136414318178546 0.0493520262926591 -0.0747185179074572
-0.00128875322111898 -0.00739696729026026 -0.0140328601877483 -0.0864088164302273
-0.0024460255542752 -0.00887632391857993 -0.0527986425257328 -0.0630211714175797
-0.00193768942886234 -0.00961976002656113 -0.0627213694589795 -0.0436990786759646
0.0048438826642459 -0.0054810751562539 -0.0656842565374972 -0.0409064516411911
0.00838139950787473 0.000630544613038435 -0.0593580314432042 -0.0519740557699568
0.00979395603427553 0.00444042548547346 -0.0390990530404922 -0.0671643652620563
0.00568504605042837 0.0211008565156991 -0.00979768311010877 -0.0787028016343448
-0.019408374583377 0.0194217932677491 0.0142466265738324 -0.0820592401222969
-0.0393963932472318 -0.0121253920110177 0.0230945401031516 -0.0873934815491638
-0.0304513961594049 -0.0370441254708987 -0.00199420020508828 -0.139176666435521
-0.0428996221203739 -0.0587051090928731 0.0270871096806319 -0.103510772335894
-0.0458242731837137 -0.0142004585665772 -0.0252207394210104 -0.00598041286100538
-0.0273966445621173 0.0201887949466845 0.0446543117053231 0.0395066147155101
-0.00725518428643211 0.025559586549107 0.0859320861507066 -0.00935268735406812
0.00214653662068815 0.0183792062885298 0.0566354066309447 -0.075860959730823
0.0112549064771998 0.0180955972307981 -0.00983972860558505 -0.0877178821830486
0.0220513487354081 0.00831314808406318 -0.048177691486475 -0.0622689162572527
0.023712760320174 0.00416938613226493 -0.0563716070323262 -0.0420290975318273
0.0276932740726991 0.0137513038210614 -0.0612812334203216 -0.0349862985999728
0.0170804568114487 0.0317063430889215 -0.0589529877616483 -0.0449193997857159
-0.00234055140780217 0.0360095462569614 -0.0416563483533413 -0.0597102233101219
-0.0316070736465517 0.0425743884368421 -0.014695671576167 -0.0739446861236575
-0.0609738488841493 0.00654441207830735 0.00721343636680171 -0.0770980020213443
-0.0587846251046834 -0.0552395748851658 0.00980627928814487 -0.0709164119482048
-0.0345047340649986 -0.0936846113536404 -0.0119340048488067 -0.109170933512389
-0.0414525213090797 -0.100433028335481 0.0407155602123477 -0.0733105467552607
-0.0689987245960501 -0.0551076970784267 -0.0208867626960523 0.0080605603794202
-0.0716023978727268 0.010848523253761 0.0454201334594886 0.0520994626186445
-0.0425613938684838 0.053392371207438 0.0933572214861323 0.0023548501618295
-0.00456022861956002 0.0522398457115372 0.0655994330415057 -0.0658262790153339
0.0207248845537873 0.0456731367860811 0.000468831006262244 -0.0801108666023247
0.0430132010631442 0.0269351053878872 -0.0352260933209489 -0.0540720407980694
0.0463072936004831 0.0174468938973208 -0.0420702740670693 -0.0340594009694166
0.0484060972693888 0.0275095841711089 -0.0483457690745258 -0.0227159971715095
0.0282532839329646 0.054482345221681 -0.0531102123694055 -0.0274667957308851
-0.00441724576143208 0.0632020040378969 -0.0458331233988515 -0.0418080309871346
-0.0546858907008346 0.0690003443310669 -0.0268646233790832 -0.0627120878983129
-0.0945942842155633 0.00777510384596293 -0.00511561153590792 -0.0713969634393966
-0.0797574430382395 -0.0808898064444949 0.00154365425592364 -0.0525439616327546
-0.0405783087155683 -0.132985769687947 -0.0185092301212104 -0.0659330079357362
-0.0312890755782167 -0.127313286756577 0.0468216355811711 -0.0260017957814556
-0.0779826539955831 -0.0929785408036033 -0.0163996201842837 0.0312829417494938
-0.10650327754058 -0.00824048888626574 0.0394586624156633 0.0673100489821612
-0.0782041475882319 0.0698988124902902 0.0915297649228128 0.0212628935451933
-0.0162312829451549 0.0808199898342149 0.070764315067507 -0.0430234239622281
0.0240119873400923 0.0693560083312338 0.0151027082478217 -0.0607959628781725
0.0564462470949612 0.0436684355506778 -0.0153513916272689 -0.0384927581658939
0.0620111903302727 0.0282684708377791 -0.0208785813808765 -0.0209733753626943
0.0623811757013369 0.0350692573827516 -0.0285142821586777 -0.00679850044809909
0.0378527547660512 0.0664882457786198 -0.0403589562654446 -0.00638359148029713
-0.00140990594071885 0.0794790829001566 -0.0454161159763582 -0.0170157883178447
-0.0644886694953895 0.087944462049565 -0.037032598596224 -0.04505498969256
-0.112060203829079 0.01462936407078 -0.016928179856853 -0.062011748032549
-0.0915640623846988 -0.0897280212661252 -0.000121687543568854 -0.0341560568008764
-0.0428011712633972 -0.149901288463044 -0.0189459840815138 -0.016863107332549
-0.0155638032715653 -0.131315467443259 0.0434077750957783 0.0305713838323279
-0.0681510486319987 -0.116649509605769 -0.01471550343522 0.0594863464868945
-0.118256855295153 -0.0317080406078302 0.0268362740653605 0.0811136192477576
-0.103543360244619 0.0658720367674645 0.0777264511729968 0.043274812457041
-0.0299966819713786 0.0928249425505538 0.067360331248897 -0.0113488744743502
0.0202893684608318 0.0823522732095563 0.0290058122407477 -0.0308206565442468
0.0599455399275228 0.054394944864681 0.00626195447120722 -0.0164757501200373
0.0681323802035591 0.0346827540665424 0.00269894006014349 -0.00485444563957085
0.0675654257454403 0.0377520838772213 -0.00568863869138878 0.0098386049810639
0.0424585802455459 0.0680132697986463 -0.023013872901255 0.0145455997687385
0.000299322937573623 0.0827284170403886 -0.039708119045404 0.00861708643857497
-0.0653566384311237 0.0906682526854127 -0.0420977361571527 -0.0247371028492852
-0.111593208892694 0.014616806458897 -0.0250409148303901 -0.0487994480303363
-0.0863453634364679 -0.0878466660935706 0.00282381816045705 -0.0192491715591603
-0.0360131242253219 -0.14503088557799 -0.0160411516177805 0.0293402846935584
0.00102619040234729 -0.110652272202259 0.0331289252293153 0.086028423094519
-0.0425422092431686 -0.114405984492293 -0.0144263332949878 0.0863854278605639
-0.102322902641356 -0.048539980222614 0.0105214808557389 0.0890584484306901
-0.10592040106576 0.0465988575109175 0.0548911836409519 0.0605239417821245
-0.0385611169089392 0.0844702755709427 0.0562225469725478 0.0206453427461786
0.0132363282421317 0.0789772293461162 0.0391435395291621 0.00246337812251999
0.0536624993235491 0.0547167771831962 0.0270377767023064 0.00675714487184423
0.0638897422708821 0.0354461129677202 0.0255923688705268 0.0117421422051457
0.0631035752046093 0.0361264755764394 0.016034029298918 0.0259121270163064
0.039318532414062 0.0621517359677313 -0.00666932414732512 0.0341714174040138
-0.00105346407817835 0.0754490768686275 -0.0327372779628529 0.0305090341846336
-0.0630292566678153 0.0774211355898415 -0.043878625751909 -0.00637049972440044
-0.0963573723342121 0.00558938302378957 -0.0299836312882871 -0.0367746166961525
-0.0659723034507523 -0.0804322522649316 0.00531610205028716 -0.00739830804312131
-0.019932563571185 -0.121264372018387 -0.0131714384872099 0.0664550352679827
0.0133824369912732 -0.0684132002896389 0.0188333037777826 0.12934154799382
-0.0135372369775174 -0.0862646702124214 -0.0154980161055347 0.105316922789766
-0.0660499634479235 -0.0490038011777518 -0.00468740605120148 0.0893954642411645
-0.0837627017123539 0.0230828947539151 0.0311022074112208 0.068965870807662
-0.0355535061049086 0.0609181058474314 0.0416539839178527 0.0451340674370346
0.00570103352846163 0.0605936152678654 0.0455416761859541 0.0312764591918459
0.0392588012196105 0.0447923168034067 0.0447785040028764 0.0271337063849965
0.0504406581774767 0.03014474084619 0.0447312471630164 0.0265574492929737
0.049957189049437 0.0307758646633436 0.0341690830092542 0.0397868928048947
0.0314071670423026 0.0501478335313698 0.00611034148049492 0.0510200429270074
-0.00434410650930241 0.0609459500145032 -0.0278862005526423 0.0483765146448944
-0.0564597995871985 0.0555116411385498 -0.0466735584706222 0.00674811019285477
-0.0723983613644658 -0.00738966368099215 -0.034513309423408 -0.0265328053561013
-0.0372649922193979 -0.0688143340292854 0.00539930789138663 -0.000572401807226634
0.00126398090192971 -0.0837886954569945 -0.0137611601954266 0.0916816092529917
0.0217867198730579 -0.0141639446957755 0.00757279421718173 0.150728656249005
0.011618544196313 -0.0409507907204691 -0.0143905856811891 0.11121153802954
-0.0234472675628494 -0.0331335017339121 -0.0151371132141813 0.0859285066356697
-0.0455022727526057 0.00401300300360585 0.0148392342335863 0.0721901182190497
-0.0220623475503311 0.029444672411439 0.0321207879376758 0.0595312525446154
0.000291712876836849 0.0310871984429541 0.0501374881404078 0.0491249748418929
0.0197116592405592 0.0255051371081527 0.056321034981045 0.04004039766776
0.0292244145501267 0.0196789786014837 0.0564452266732081 0.0366679741791181
0.0302438371675183 0.0210719694114572 0.0460852977870015 0.0513074428345909
0.0199981416366494 0.0329520790865403 0.0130369977044601 0.0659286499017539
-0.0061745439068604 0.0419961719147699 -0.0290195136871052 0.0627447393454089
-0.043667240468179 0.0304994445752413 -0.053920112199632 0.0157891131230276
-0.0434399374538683 -0.0182891710850318 -0.0395829762079157 -0.0210636071807441
-0.00810218874403012 -0.048869735907365 0.00415310650146728 0.00239530188303789
0.0203595606304501 -0.0367085219935126 -0.0183706662044484 0.104049149963699
-0.0336015074599141 -0.0087789128926638 0.00174282294899651 -0.111995556670042
-0.015409614132482 0.0207080829155053 -0.0305178158522726 -0.00737766519140524
0.0154095831452113 0.0196573844330088 0.0408972037325639 0.0309783328639088
0.020375685187327 -0.00590457925878866 0.0727284791047698 -0.0150154404407411
0.00386085700076748 -0.0136994748167183 0.0444030626734943 -0.0755355504963807
-0.00145318019597448 -0.0071787946660926 -0.0175800062940676 -0.0827601262005254
-0.00281919277188299 -0.00893102892024687 -0.0548741164141402 -0.0578268974229232
-0.00280678436394889 -0.0091229063181448 -0.0636827489044405 -0.038959620541243
0.00459879167168186 -0.0056550745340346 -0.0670181795810331 -0.0364584110182788
0.00818035119788732 6.56001246128958E-05 -0.0616107173259713 -0.0472716064932015
0.00951301885533417 0.0041233379227228 -0.0420178034794415 -0.0635960238863552
0.00701433015432144 0.0203136092850569 -0.0133286795874912 -0.0772503195481212
-0.0189547231745247 0.0200878727305752 0.0105945836740965 -0.08040084071738
-0.0395483155608394 -0.0095566803653351 0.0191584553309085 -0.0861742574879617
-0.0315443086891831 -0.0341649963943875 -0.00907479181007967 -0.135528812085256
-0.0449634521217396 -0.0545328137231701 0.0192222286523786 -0.10217437444911
-0.0456693934304327 -0.0112712912612302 -0.0261576186038086 -0.00369654333557876
-0.0252012537905994 0.0213562097723458 0.0452687457085528 0.0372342372911389
-0.00488687119954784 0.0255394024759761 0.0833151317386147 -0.013229962607759
0.00359323108156862 0.0174502035909162 0.0513854135081124 -0.0766135429804843
0.0121295712967729 0.0168238453321725 -0.0139097910869332 -0.0847432785633981
0.02186044298613 0.00664939114448599 -0.0502141788272874 -0.0575814389651232
0.023095524728762 0.00259137436332682 -0.0580326328956571 -0.0380135753419471
0.0281594803909238 0.0111854314535361 -0.0621366389655435 -0.0309072778165096
0.0184100338071837 0.029841596387285 -0.0599371768848245 -0.0403233688191711
-0.000209240365609545 0.0351968417587113 -0.0440797309027689 -0.0564103724155623
-0.0279408250821715 0.0434271530491524 -0.0179024884413799 -0.0717443243767093
-0.058990160856789 0.00978693743905896 0.00311228826622556 -0.0752094543648063
-0.060976247920764 -0.0507247935905875 0.00705529277697883 -0.0689839080877942
-0.0389142675999394 -0.0885709231002459 -0.0171425960440659 -0.106182611205259
-0.0458274270163794 -0.0953712700856964 0.0342422028763168 -0.0735616457697522
-0.0704891044459318 -0.0497184091918754 -0.0212493954027842 0.00965457177452711
-0.0686715944560535 0.0150876880236024 0.0461045072421838 0.0495091091029057
-0.0369787587758491 0.0554921220094032 0.0908697541704833 -0.00219245345369115
-0.0010090030385731 0.0512756092875564 0.0609159000085349 -0.0676692605943586
0.0228929109856359 0.0428388532951431 -0.00357439371116411 -0.0778253284014503
0.0433558698346848 0.0232416392789523 -0.0368746173380328 -0.0508702420231948
0.0456612182323564 0.0138754692708105 -0.0429277338387616 -0.0309172340915299
0.048418877149729 0.0235397032448652 -0.0485492165314314 -0.0198945823399692
0.0309508776099237 0.0514886424552789 -0.0534677251290468 -0.024190799199064
-0.000919430121316179 0.0615875523833503 -0.0471564250158059 -0.0390395704073126
-0.0489709110858773 0.0702576007271441 -0.0291564258856208 -0.0601396387821037
-0.0912618897264039 0.0130231737919807 -0.00854399630628053 -0.0688431642532561
-0.0825823189709746 -0.0747752138087402 -0.000259709817333545 -0.051006947065332
-0.0464081973393948 -0.126564885394422 -0.0211890094752075 -0.0631547710109553
-0.0371017926483274 -0.122020472449819 0.0434627258305257 -0.0278489551600959
-0.0814852336632039 -0.0864815170253649 -0.0167062664508501 0.0317155684708709
-0.103679263712733 -0.00110906737176935 0.0408724057514843 0.0642959996075425
-0.0715532587937589 0.0728684574458204 0.0903350130789269 0.0162272900168827
-0.0104446762856611 0.0799870998490592 0.0672334094971739 -0.0455713815751856
0.0279031539057126 0.06594108865476 0.0114088712969526 -0.0596142484564123
0.057784628688825 0.0392864357847237 -0.0174651471281 -0.0370248051390712
0.061727222527086 0.0231799850484282 -0.022160832833333 -0.01967956946026
0.0624563327420544 0.0303181054685853 -0.0280664786824178 -0.00551165522525092
0.0408900314501626 0.0622562703801438 -0.0399136901109325 -0.00407791312770456
0.00294604265403726 0.0774860775419712 -0.0455114625808688 -0.015035004199787
-0.0570581180217526 0.0896845341076589 -0.0383563564105231 -0.0417207914185233
-0.107852758213086 0.0207313705841942 -0.0199080390310875 -0.0593451757129717
-0.0950340015113318 -0.0821792299668634 -0.000789926851421884 -0.0333536133308916
-0.0495043187981617 -0.142605565607923 -0.0186635059000188 -0.0153842536146215
-0.0219759208824012 -0.127220822072047 0.0435186912462721 0.0277249613578313
-0.0728953478842466 -0.109728971906266 -0.0123668527198894 0.0588658818425465
-0.116429325875906 -0.0238997442421623 0.0287204078039983 0.0781900120622942
-0.0960270560485903 0.0707955418152869 0.0776121590148678 0.0389299998073045
-0.0234441494443261 0.092386390549822 0.0657925368067143 -0.0145240746966538
0.0254323246303292 0.078792265684443 0.0271887521482462 -0.0315704420826533
0.0617313196767228 0.0491719752012739 0.00530876406180813 -0.017185785357782
0.0681193101914155 0.028743716301402 0.00235280336476749 -0.00555883355884439
0.0683111471289404 0.0322059260784523 -0.00507550887893372 0.00902261514548377
0.0455151749702986 0.0638115256358176 -0.0222213776312907 0.0156625166861477
0.00542680776378449 0.0805625453089102 -0.0386164167118556 0.00983948360479481
-0.0576992248224006 0.0924938951329067 -0.0422044205452083 -0.0217594687262009
-0.106830825787233 0.0207406067198236 -0.0274657786080395 -0.0463725603215627
-0.0894149879654791 -0.0812643097520513 0.00249809240801633 -0.0186315439066892
-0.0431048812936451 -0.138079875475005 -0.0129904010896292 0.0293222673838693
-0.00540193440669164 -0.107675154851918 0.036604521256508 0.0823055901028964
-0.0480916140002608 -0.108958410427694 -0.0107727190227053 0.0847272592092817
-0.101777118206247 -0.0412896252684314 0.0131022671120406 0.087058136233816
-0.0997491983453142 0.0524050541766976 0.0557695300233353 0.0560400460819796
-0.0318297592559764 0.0846719720180735 0.0561679178153801 0.0176687886949326
0.0179613252817883 0.0757274409378353 0.0393199633408457 0.00051363148895962
0.0555011336084494 0.0501971662562238 0.027227813426964 0.00459390940525264
0.064238035467186 0.0300499262607503 0.0255950827520217 0.00929394035490357
0.0635084375699208 0.0314341626885406 0.017260794611553 0.0234830263574725
0.041939053185002 0.0581372573835337 -0.00486617144101555 0.033669400193124
0.00351576023462323 0.0736772776269821 -0.0304018795207428 0.0309605761580054
-0.056527163608692 0.079282380287032 -0.0433444357452163 -0.00406887162643279
-0.0930982242706274 0.0105315599320869 -0.0319074268589668 -0.0341973596897071
-0.068549627522073 -0.075395499457267 0.00563075810571946 -0.00769703141359434
-0.0263369143286786 -0.116044688213656 -0.00820394496615555 0.0655812041429962
0.00960450217347861 -0.0671605444925452 0.0252581117494392 0.125438433286312
-0.0176319264649385 -0.0829385260299878 -0.0103285302525647 0.103027203938407
-0.0666671147106459 -0.0440818457328791 -0.00103555032024401 0.0878643612541516
-0.0795486789332447 0.027834937820888 0.0330158057392793 0.066227821326028
-0.0308105370348668 0.0613661178845532 0.043272837052202 0.0427066461320563
0.00932170197536977 0.0582898791079102 0.0470932574274037 0.0285154189696679
0.0410050734374204 0.0404389565736964 0.0451353557797176 0.0238489406782148
0.0506229279057402 0.0257488108889359 0.0449019284035443 0.0225227111487608
0.0506451498709611 0.0265467825503595 0.0352719189730016 0.0362616718546327
0.0334731431837766 0.0464849547847635 0.00827110877015007 0.0497421220374099
-0.000751870367893414 0.0597084429852956 -0.0246316132414289 0.048924089542887
-0.05118288604343 0.0575332503225926 -0.0452203050139422 0.00926742627950002
-0.0706342369112401 -0.00383454521430199 -0.0355265336065908 -0.0237008057335921
-0.0398325204443743 -0.0649691851904337 0.00555963591415044 -0.000871762854468994
-0.00356880262786238 -0.0804064735190453 -0.00687913819431759 0.0897577490810352
0.0209962209526848 -0.0148346689792672 0.0160059336344487 0.146626100185983
0.00909968452991532 -0.0401386961847272 -0.00856867041288641 0.108301003776083
-0.0245185326852059 -0.030756014254134 -0.0109840628770084 0.0841771243054311
-0.0434954396527543 0.00735735421780097 0.0171941228042773 0.0698837489533687
-0.0198339702793481 0.0294732065784416 0.0347726649944382 0.0570956495810208
0.0020001916212069 0.0303367319174802 0.052048404450898 0.0455903402267973
0.0207313498599629 0.0237986472008189 0.0574289291056025 0.0356593004693546
0.0293512334021425 0.0169154377010776 0.0581383822070767 0.032225870062342
0.030580947239883 0.0184257160822989 0.0470819024421656 0.0467151646206175
0.0213570361436309 0.0308498506103972 0.0161935729984455 0.0635845573721901
-0.00382731374242023 0.0412647751575552 -0.0256062679761547 0.0628140589752028
-0.0411217205134443 0.0319920373491813 -0.0518812109848888 0.0184422446988155
-0.0426725917983203 -0.0156546504666966 -0.0400832807267994 -0.0187960327761777
-0.0101394145766691 -0.0469556207527075 0.00467807413304606 0.00167984522038189
0.0183280255061739 -0.036092576059827 -0.0108150072884499 0.102213200810382
-0.0324965947675925 -0.00812689600057669 -0.00128454536834679 -0.108193808454209
-0.0143035515162827 0.020270365648993 -0.0309275279614759 -0.0059917935512445
0.0155333600563859 0.0185240687049738 0.0400158951182454 0.0304618648376983
0.0200214637493396 -0.00608056401020755 0.070885550142026 -0.0151969520070969
0.00361672360303893 -0.0132679355188637 0.0421744204202243 -0.0738525652755507
-0.00122654558781549 -0.00696383668028599 -0.0181639733922314 -0.0804762548286953
-0.00272681864603869 -0.00835707039302642 -0.0544256715391038 -0.0547109564960546
-0.00330606723471213 -0.00840526385356169 -0.063169479785354 -0.0367503793864707
0.00404859279981731 -0.00557155210792941 -0.0660016903979548 -0.033510317418874
0.00806028269382849 0.000158384470550578 -0.0603749704530449 -0.0451010579147394
0.00918251399989793 0.00349130504277252 -0.0419912341923086 -0.0616388970602575
0.00711642664678137 0.0196105867669401 -0.0138152062984655 -0.0749225242005186
-0.0181516135655543 0.020058929163209 0.0099110543526044 -0.0776488751537527
-0.0391573858584904 -0.00816369493341035 0.018391622568958 -0.0839757508952886
-0.0308271133595882 -0.0325816112225094 -0.0115365499864705 -0.131438604253764
-0.0436086151382756 -0.0522135350864144 0.0159968008814476 -0.0992708949958554
-0.0447352697359499 -0.00980806584642716 -0.0263541057524108 -0.00217603745870527
-0.0237687556196013 0.0213982076330595 0.0443624082971784 0.0362535610879833
-0.00305435873962151 0.0248874674048117 0.0805270094301829 -0.0134369332148955
0.00451821141880731 0.0169408092671534 0.0494680249932564 -0.0750624012752272
0.0123029511726441 0.0155874959560127 -0.0144744805851818 -0.0818619135952734
0.0215698788011396 0.00563873014813999 -0.049785484121174 -0.0546039943049852
0.0216989364687361 0.001776427380582 -0.0570866297255826 -0.0354041034465653
0.0272064410135659 0.0103195196150202 -0.0609991177992436 -0.0288481417288441
0.0183785370354875 0.028798064664197 -0.0592731052997686 -0.038246742345272
0.000417426647769911 0.0341074753749712 -0.0439099827372397 -0.0545890862531505
-0.0255987349118476 0.0426380605957707 -0.0186378100233876 -0.0694872536090689
-0.0569302801279132 0.0107763322756406 0.00285802223921316 -0.0726074894205395
-0.0607933054051817 -0.0481440829214682 0.0071836051603805 -0.0670523163040745
-0.0387741563476884 -0.0851437538214232 -0.0185344277153169 -0.102891449592621
-0.0457671202833981 -0.0917362548604064 0.0305647623292189 -0.0718413053728313
-0.0696843343947561 -0.046766941942582 -0.0220050917248096 0.0100934862528719
-0.0658687773751916 0.0159935573596607 0.0452396228243262 0.0478926512449816
-0.0336652572857664 0.0545062341597015 0.0880676177248634 -0.00284361511339534
0.000947720039981335 0.0496866213026236 0.0587234136545898 -0.0666577629119724
0.0238024927801989 0.0409468245478456 -0.004256797538108 -0.0752854681764063
0.0425495740038978 0.0213742836115873 -0.0370961834169019 -0.0488656715510239
0.0441593472897041 0.0119507619181109 -0.0428850628358739 -0.0293373173553065
0.047345649266003 0.0214844857661753 -0.0474193248918249 -0.0185839837015647
0.0307755979585508 0.0493653152689834 -0.0526645726517329 -0.0226426646532363
-7.69083816402852E-05 0.0595340241167198 -0.0468204471927048 -0.0371180154863815
-0.0452595903779077 0.0693180120456946 -0.0289617410797223 -0.0581980232592435
-0.0879721812746794 0.0146040071914656 -0.00912150013765642 -0.0667681516896519
-0.0823286091914279 -0.0713152922346036 0.000312130116367992 -0.0491445941981145
-0.0467753777638237 -0.120903713186227 -0.0214375060356928 -0.0612922044799311
-0.0379672406255846 -0.117384167389514 0.0404042423068238 -0.0272574764392467
-0.0809637602166169 -0.0822982335251276 -0.0172920814284668 0.0309931355300687
-0.100056075197796 0.000933116829125042 0.0399025367927404 0.0634769125291547
-0.0664191078475891 0.0727078500576085 0.0875588102080801 0.015509183664243
-0.00801544203211329 0.0777825937337797 0.0654781555086787 -0.0453056338890442
0.0287285549141909 0.0630101640821327 0.0111179124398517 -0.058000380290266
0.0566931967700595 0.0363906274373399 -0.017452143529899 -0.0358067964206691
0.0596942116876573 0.0202824281177007 -0.0221933338785669 -0.0188124543514561
0.0609911208405879 0.0276814213283464 -0.0279226391347702 -0.00522006520665281
0.0412877459787712 0.0598011894617862 -0.0394342532389728 -0.00334713547822637
0.00430785590099473 0.0750313398736553 -0.0450571851705989 -0.0141020134559359
-0.0525448498240554 0.0884641566084628 -0.0376754171820247 -0.0407145408771471
-0.103450586829796 0.0217743789347924 -0.0202888368535018 -0.0569774391042939
-0.0934474451127427 -0.0785462838666634 -0.000408892129443335 -0.031943336117323
-0.0503235788681514 -0.136790375309159 -0.0179364098643925 -0.0149757298810525
-0.0233344560923525 -0.122578378522772 0.0420761058887433 0.0260257857885547
-0.0729717745918407 -0.105337786420612 -0.0125270825398293 0.0570994008050261
-0.112803473051331 -0.0206032649263777 0.0282292360170322 0.0767201912512059
-0.0903125247847068 0.0715521245551803 0.0751096465829905 0.0370123064501905
-0.0201727238975226 0.0903243274949418 0.0648226299622255 -0.0148207278475704
0.0266134687667907 0.0756158827832888 0.026646461922649 -0.0311756829215394
0.0608321051784131 0.0463301263662366 0.00513258540009648 -0.0168348685304973
0.0662225298910182 0.0256800435662978 0.00185519382751298 -0.00587902389656138
0.0667321872073024 0.0295201250444902 -0.00522149852293342 0.00856414288736522
0.045518563852625 0.0606607495913983 -0.0220347314500146 0.0155305756775208
0.00685793648098382 0.0782851465308102 -0.037759019603088 0.00997590375298764
-0.0536043476205813 0.0912217479602958 -0.0411332561029072 -0.0208025484442084
-0.102405531143178 0.0219472960643315 -0.0280853350927931 -0.0446491789596143
-0.0883814628445463 -0.0773461907832772 0.00285857266981063 -0.0178953938126013
-0.0436294819258112 -0.131891837347135 -0.0111200406570288 0.0285718664007803
-0.00663364715159477 -0.104190869598611 0.0368705330380342 0.0789467396502049
-0.0488257224985375 -0.104646456640849 -0.0104447477874229 0.0820193004176517
-0.0989084621985833 -0.0379401958750899 0.0134320953418006 0.0846594901852116
-0.094338600114695 0.0530859605689552 0.054871251447322 0.0544279969790041
-0.0290219868720125 0.0833910201603036 0.0557074571675697 0.0165552138868452
0.0189574741250226 0.0731701792134334 0.0386535670626505 0.000166886286899025
0.055018942744719 0.0471997042168635 0.0270315363115891 0.00370433060041249
0.0623687797619721 0.0268218721546556 0.0248175287513971 0.00842463858857206
0.062162828756544 0.0286566336301311 0.0166705868011134 0.0220285848761057
0.0417264290397803 0.0554832420437293 -0.00470496376572742 0.0326641389073051
0.00472344284530123 0.0713512955428707 -0.0293378596060515 0.0301794980262674
-0.0526730491048911 0.0782177998073329 -0.0423153415879193 -0.00336833205499607
-0.0891149257319754 0.0115840437344283 -0.0322884445551949 -0.0325829747721487
-0.0678118889707841 -0.0724282145089226 0.00577552881756718 -0.00721034974825267
-0.0270740653045942 -0.111176818496672 -0.00604058146356038 0.0635731570221536
0.00798192897743967 -0.0648654764373175 0.0272130928756913 0.120863937301403
-0.0188872252485089 -0.0801103229117998 -0.00919299172032614 0.100332800008074
-0.0643749661313606 -0.0409567448603273 -0.000561309674868316 0.0856122945846636
-0.0761142964182821 0.0288290406167498 0.0328852943751057 0.0642520738132945
-0.0287027004038033 0.0604032486384335 0.0430558452766752 0.0412606730904718
0.0108075459067532 0.0563760242234536 0.0464632725366012 0.0269606664631104
0.040724344893191 0.0385298418993965 0.0446394686988609 0.0219188272138054
0.0492233987959633 0.0233865318969805 0.044062285144521 0.020914579095797
0.0491466237654548 0.0246308751610927 0.0348535238719604 0.0340385775959663
0.0336524381989733 0.0443992669436717 0.00899695110851784 0.0477884522263625
0.000773020834925549 0.0579832575411337 -0.024057164584507 0.0465143357726421
-0.0480360510795802 0.0570747558128161 -0.0438106303099276 0.00953156127982763
-0.068549552802231 -0.00285363918864089 -0.035561523767854 -0.0223370469691111
-0.0397189624427808 -0.0621383280786408 0.00590878408859988 -0.0012644773558438
-0.00460427638758746 -0.077354020732732 -0.00440855350723177 0.0871602063536891
0.0203679239695387 -0.0145840466758525 0.0179168357605698 0.141923737454682
0.00885075723978918 -0.0390624796953087 -0.00724492256065762 0.105071009516657
-0.0238970938578296 -0.0294688498957018 -0.0102051294773691 0.0822106719814143
-0.0417143374219568 0.0077876299130656 0.0172934644459779 0.0681555912446123
-0.0191214047680654 0.0294414188890187 0.035216830582775 0.0548538759315794
0.00255388747685193 0.0294968400313185 0.0518275529910985 0.0432782139878766
0.0205420365335434 0.0227011977960796 0.0566229861492852 0.0333693349994304
0.028631665823455 0.0152069761346823 0.0567215931607924 0.0297837121681961
0.0299747663131941 0.016902757297713 0.0463835569426502 0.0438063364519568
0.0213667755149336 0.0290701521872777 0.0170126327067388 0.0613103587659991
-0.00224588636753821 0.0401408631666914 -0.0238808173955847 0.0608092779027307
-0.0389552393421087 0.0324405395683758 -0.0504957264805676 0.0180326462726234
-0.0417191056667022 -0.0152057048163684 -0.0399447462650409 -0.0176996871128364
-0.0104950965117001 -0.0455114214379006 0.00431719365564835 0.00118285070215208
0.0172232489713242 -0.0345152651613242 -0.00826649047588724 0.0986890798458916
-0.0317845806839247 -0.00878092490878719 -0.00103910848242566 -0.106973516731295
-0.0149044404376074 0.0201047971809245 -0.0314020415417651 -0.00513682484502578
0.0153058015876315 0.0182191388635595 0.0392769103296867 0.0317352792602123
0.0201477834890845 -0.00611742518912197 0.0706283993295658 -0.0132436044793859
0.00378076437820586 -0.0132173394998186 0.0434026827579604 -0.0729264225291432
-0.00146834867956028 -0.00739428873300937 -0.0167615114442452 -0.0795902025949484
-0.00272389403632279 -0.00848109605171229 -0.0531910375987446 -0.05397178243657
-0.00300633791548817 -0.00831948023165793 -0.0623447669944479 -0.0363165969290992
0.00445784521987599 -0.00543402696363691 -0.0659796029846615 -0.033998041881089
0.00822054513851888 0.000322807709755905 -0.0603475900707246 -0.045552958190918
0.009545873351481 0.00355882460281206 -0.0414381526469221 -0.0622130619794102
0.00743930447563899 0.0190495800806009 -0.0128772535483639 -0.0745751157113288
-0.0181393208611449 0.0199985824079432 0.0118778036556359 -0.0769039714678081
-0.0393632818828926 -0.00804887388862396 0.0204993250705338 -0.0830339275045976
-0.0300893577796875 -0.0328506963674387 -0.0101183950549734 -0.130627840775345
-0.0426456471766325 -0.0525945436551798 0.0158770896649453 -0.097716931974569
-0.0447595764643084 -0.0100103801925103 -0.0275733813168567 -0.00189350254521662
-0.0235687904522975 0.0209413034858194 0.043651271841313 0.0374886480091085
-0.00283453739868689 0.024807316247538 0.0800716897893044 -0.0119208354832047
0.00459138130268274 0.0164758149951843 0.0502538299859943 -0.0747995545420916
0.0121583433602252 0.0155105496565195 -0.013402325346484 -0.0808915293630639
0.0213358611474763 0.00564894540245042 -0.0488036820114436 -0.054288486809465
0.0215200967834607 0.00207659602948575 -0.0568039584410424 -0.0352313272559963
0.0270633999413792 0.0101933399186515 -0.060937590018476 -0.0290890240256644
0.0183733123574945 0.0288001922523104 -0.0591332669662147 -0.0386317806671257
0.000311081547622621 0.0334083350944587 -0.0439372368255781 -0.0552459555528662
-0.0254522460380017 0.0419674507964267 -0.0174266442984388 -0.0693919829793734
-0.0564564721001069 0.0103128391813155 0.00385233149439501 -0.0721787528247895
-0.0603691520371885 -0.048131378984419 0.00902850922618394 -0.0667280035385357
-0.037177022395533 -0.0845405259834171 -0.0171285850529427 -0.102555879218444
-0.0445791027050599 -0.0914130017999186 0.0301788319227688 -0.0706546733378018
-0.0687556863172091 -0.0469170761332517 -0.0233118807637483 0.0104000316937057
-0.065196372782048 0.0156084785023318 0.0438204921935263 0.04934068042776
-0.0330994130517951 0.0543632884850153 0.087380178061947 -0.00102067514251403
0.00116816667917489 0.0494859464783418 0.059325334068282 -0.0651369149508759
0.0234981421726071 0.0401579899253316 -0.00325240015469804 -0.0741880379741519
0.0423699451610111 0.0211464453361657 -0.0364548337059158 -0.0490789526097327
0.0429934394838615 0.0118556695768178 -0.0426048735003773 -0.0292481098130775
0.047022959304 0.0214318896306027 -0.0477487965476609 -0.0187272144137335
0.0301739540025455 0.0493662915904131 -0.0525041940298331 -0.0229076261263031
7.7910933308603E-05 0.0589207425386995 -0.046959804013687 -0.0381057452628415
-0.0445519310350831 0.0687211246480875 -0.0281129301126765 -0.058433477921333
-0.0871133237710447 0.0140552678692577 -0.00841039585707448 -0.0663946383011345
-0.0811872193724307 -0.0715411879672605 0.00153911518908828 -0.0485603912591162
-0.0450961271883781 -0.120149540062069 -0.0202525361341009 -0.0613076393113112
-0.036808660491489 -0.117072415470757 0.0397214695055664 -0.0265193194071009
-0.0796908831689561 -0.0821812173098307 -0.0185560008168175 0.03069685480789
-0.0988015691567322 0.000321695247396948 0.0380704419211291 0.0639625096103332
-0.06523605879916 0.0723639896606076 0.0861730557274993 0.0169720054667536
-0.00730758802849772 0.0770465597479092 0.0659494022062441 -0.0444339089763268
0.0283668809547824 0.0621201132983808 0.0116523582165848 -0.0574188197014152
0.0561585751665989 0.0357701020271975 -0.0170321064259868 -0.0358948655102572
0.0583955209367335 0.020193637997577 -0.0218700989348548 -0.0189907783070025
0.0604961411779249 0.0270039211816281 -0.0281787481386511 -0.0060269973774493
0.040492736621771 0.0596136082720075 -0.0394855143697221 -0.0039672153825869
0.00423105004464586 0.0746730724674421 -0.0454155308069201 -0.0149943238876126
-0.052190560507917 0.0875033656623502 -0.0371109228712412 -0.0410278989464878
-0.10218424718578 0.0210320467432265 -0.0199029714351463 -0.0567268731231557
-0.0924229416194326 -0.0786869835830179 0.000959171927121576 -0.0316083900590112
-0.0481820683209501 -0.135201397672724 -0.0170520497637936 -0.0153262326600407
-0.0217865221365396 -0.122136997492327 0.0410285548982609 0.0262938560872381
-0.0716496831817291 -0.1043569192096 -0.0148194569474513 0.0565174000568012
-0.111046721994936 -0.0207249672850672 0.0261338631006795 0.0773891361937305
-0.0893765051288981 0.0708021887883083 0.0741090025036443 0.0384805697443335
-0.0198776745799421 0.0894292441043932 0.0647705785001501 -0.0141004080235836
0.0262677033746867 0.0745617270940585 0.0271650605011147 -0.0303168011989403
0.060068448409434 0.046019122313137 0.00521064984294563 -0.0171953879819537
0.0648069164186629 0.0252733553234714 0.00143399103265026 -0.00584106967749749
0.0658579506304236 0.0290762211010106 -0.00570162925835557 0.00775169462754672
0.0448997110952065 0.0605204358843593 -0.0221957557799889 0.0154740282483111
0.00651620784596381 0.0773938477297491 -0.0382676101310233 0.00832326192014904
-0.052848579498469 0.0907016903203978 -0.0405964307223581 -0.0213569982599876
-0.101153157032229 0.0209182003581878 -0.0277129579853672 -0.0445708728050698
-0.0874718822155958 -0.0773359335262628 0.00408700909126656 -0.0177189465284255
-0.0418575154813864 -0.130297323278518 -0.0103428766144404 0.027939094098951
-0.00548405487970715 -0.103002093390565 0.0353249108152589 0.0784416969541464
-0.0474852730237688 -0.10430945753534 -0.0119470818150401 0.0813924012176553
-0.0965730257174166 -0.0379844068770015 0.0112977225293163 0.0850803189856313
-0.0928973472473009 0.0525972030215292 0.0532170819087794 0.0551205265896159
-0.0291205692389945 0.0824495278487247 0.0556478022842386 0.0173769077988563
0.018915448432267 0.0724685936434227 0.0391003129623156 0.000470815705582277
0.0546536043604651 0.0469234266473716 0.0265151813066394 0.00378895417486955
0.0615235238285595 0.0262464894065255 0.0242315255970957 0.00781569856480023
0.0615588479011422 0.0281395617328473 0.0155693006876783 0.0213023233091784
0.0411657279421086 0.055102806817896 -0.00480050053673598 0.032616873780423
0.00469189650489493 0.0707297347528589 -0.0300909075017626 0.0288070430250947
-0.0519510920459303 0.0778892093570458 -0.041315459611474 -0.00448828863115488
-0.0882703791398083 0.0108396796547291 -0.0316026605273587 -0.0322280261461318
-0.0667347011984578 -0.0722986222511895 0.00687136853258628 -0.00742572576654142
-0.0254331224639375 -0.109523506367602 -0.00530421062567122 0.0625300911637542
0.00871177646611032 -0.0640180059152516 0.0254178025467855 0.120142312917472
-0.0175346175130199 -0.0797055804675771 -0.011339671774386 0.0986279999563066
-0.0630320024960341 -0.0414086016016235 -0.00223850513312968 0.0854465396192635
-0.074617584726555 0.0280114788410939 0.0311817907487264 0.0647812260252868
-0.0285099973960593 0.059666915881925 0.0429667051377387 0.0420817160625443
0.0103731251337599 0.0563119394177973 0.0465367628816196 0.027294925255211
0.0404360213625632 0.038086962978608 0.0447323846947695 0.0214944519741279
0.0487680462326525 0.0226628715674825 0.0436867360998038 0.0201929094924268
0.0495014102173047 0.024212089903244 0.0341316674305913 0.0335397911075496
0.0329256997752449 0.0439556580061706 0.00809844583710569 0.0477582945248683
0.000430384376042709 0.0575236823493002 -0.0245313978326381 0.045581032591834
-0.0476430780059335 0.0568059219291327 -0.0440066538138175 0.00879902608104296
-0.0675596012750614 -0.00375531031797825 -0.0354574403798364 -0.0224153667892475
-0.0390396282775598 -0.0618103944500856 0.00656917446859479 -0.00101780695012569
-0.00351802587500003 -0.0753428021654899 -0.00391439717404089 0.0855340835362966
0.0204256868521619 -0.0142351409815427 0.0171792295084274 0.141109524749539
0.00918556667231808 -0.0381896534653777 -0.00872370074315441 0.104192834610321
-0.0226174396337732 -0.029866876289058 -0.0120926549030015 0.0812452539888281
-0.0411674810799166 0.00759512918566323 0.0163015766216471 0.0682162199864873
-0.0187769215559169 0.0291072020045346 0.0345392528214461 0.0560633217707564
0.00254635287612506 0.0294658344117498 0.051530353183784 0.0439706234029802
0.0206312224358019 0.0227814398589186 0.0564105202877187 0.0330848402747168
0.0282868486642896 0.0146942589811034 0.0558464685996077 0.0292655589436676
0.0301116766683579 0.0160975952857265 0.0454900999930622 0.0437880740084677
0.020626562164916 0.0286444704595306 0.0161074784691835 0.0611495323754938
-0.00261514378320758 0.0397444365010137 -0.0244850493111673 0.059439656849213
-0.0384843038279013 0.0319196250132646 -0.0502237070423822 0.017211025001914
-0.0414022678630709 -0.0157678514384602 -0.0394239678445421 -0.0181047890786234
-0.00971981582938153 -0.0449304488866499 0.00495606364495591 0.00129625850195501
0.0178851812089519 -0.0330244418927177 -0.00709142283242551 0.0977365665802324
-0.0340860652581635 0.00564000060282401 -0.047067446426049 -0.097378991771391
-0.00534828756155096 0.0250304646385764 -0.0312772472462529 0.0103677966723451
0.0211648170863367 0.0105383155000077 0.0515786752544762 0.0123641027160412
0.0154517217606799 -0.0147073645567123 0.061367227004628 -0.0429487918696979
-0.0026244687466937 -0.0137246716660432 0.00856890276937181 -0.0868918994167379
-0.00460963437614924 -0.00603832094668033 -0.0495496100194638 -0.066935996916283
-0.00628084425125283 -0.00697206969942136 -0.0723488281684059 -0.0275352064040187
-0.00590044147011062 -0.0060028475280516 -0.0740250027879008 -0.00642541417309354
0.00175830058217161 -0.00747296166708834 -0.0762938427419226 -0.00206381880934167
0.00792065708664403 -0.00313768396674575 -0.0761853089104485 -0.0158581062022735
0.00957473603225452 -0.000754998829302799 -0.0649200721572172 -0.039483041528202
0.0152092311155468 0.0131242210784729 -0.0445103050984849 -0.0629505157841613
-0.00832922033993923 0.0260797265163328 -0.0216191754311244 -0.0767808953251402
-0.0401986868248447 0.0084685866109829 -0.0141157704875391 -0.0883374125063656
-0.0433583031183267 -0.0191576555955817 -0.0621371475844549 -0.119283204201407
-0.061590881517567 -0.0313480379387743 -0.0294766547593801 -0.0966532319147962
-0.0449210712929593 0.00861014314834265 -0.0272299531986695 0.0126077034624992
-0.0133227039387867 0.028413714545034 0.0573204022229333 0.0185041664394854
0.00725721293506032 0.0226336189597071 0.0713716622550779 -0.0438349106127687
0.0102927970897663 0.0137009706049861 0.015983809235617 -0.0909676021430965
0.017226139753426 0.00920439981035927 -0.0467618632807386 -0.0694133193218177
0.0215954750523754 -0.0043318554026404 -0.0684198173173423 -0.0295359919319152
0.0210756840427304 -0.00638798353152334 -0.0682070203801791 -0.00741979659620716
0.0297996817646725 -0.00223106324075591 -0.0698237168982589 0.000617293839458423
0.0293907744312848 0.0196163297197484 -0.0725700985618307 -0.00895602545377368
0.0141196521525629 0.0315130372372944 -0.0661463789313312 -0.0323962309681234
-0.00574765121396645 0.0483310277236658 -0.0491108447732727 -0.0572647375019657
-0.0485099213452647 0.0332148986907253 -0.0272674884735637 -0.0703061291737681
-0.0776162974720463 -0.020024570131854 -0.0158126305883578 -0.0694224076023176
-0.0739739771411908 -0.0646390530098322 -0.0538305489983868 -0.0895652179071777
-0.078554109879121 -0.0675749407046705 -0.00567178170848651 -0.078450768383666
-0.0816595689827247 -0.0156321870334765 -0.0200439061266723 0.0225999020019776
-0.0533131342987447 0.0392193252347805 0.0611739549828403 0.0316830481000164
-0.00775896655609686 0.0612738846046388 0.0828066997791538 -0.0355307401092312
0.0205054992224834 0.0449595843399744 0.0292196702577607 -0.0861515082703363
0.0377758645456566 0.0278857349461 -0.0334790485337188 -0.0675964455640571
0.0475519169466944 0.00151473786102334 -0.0532006177286443 -0.0292029230788855
0.0455503337937231 -0.0062336171986686 -0.0521561730262035 -0.00817160743144385
0.0529835261233391 0.000113411958513318 -0.0531850615048813 0.0046106605136411
0.0494491540222392 0.0333790054091481 -0.0600056448289752 0.00298914582380599
0.0250110488467476 0.0561494918622952 -0.063206391687172 -0.0150964550167526
-0.0122474292736856 0.0815207261362021 -0.0572620894386299 -0.0430124293352664
-0.0764077844758315 0.0489539565943798 -0.0368118918932494 -0.0607398009175667
-0.10726219443665 -0.0332144903561202 -0.0139827220897419 -0.0508671702311264
-0.0971824969257714 -0.0947791376333196 -0.0368547480603234 -0.0499244613272343
-0.0804636366965521 -0.0953027039395365 0.0202301270564581 -0.0424593445614596
-0.105663879401611 -0.0440615634788003 -0.00780967526219419 0.0397759807251061
-0.0904297189565319 0.0387033640877319 0.0607023461306459 0.0489311385824689
-0.029193284498778 0.0905805960992287 0.0886876079081906 -0.0158623181690188
0.0240018724034505 0.0736444135328509 0.0456673670968749 -0.0684920452243169
0.0516009384535479 0.046229469257178 -0.0113619222309281 -0.0573162277854816
0.0670034453793788 0.0098226264884844 -0.0292844292078731 -0.0254082942189754
0.0632863246989224 -0.00497105578108503 -0.028761925583016 -0.00698790893384868
0.0679395498569776 0.000305507660092226 -0.0298099756007386 0.00801501551382456
0.0633968801149388 0.0389472435088814 -0.0394045389511776 0.0157459833445832
0.0352495807427393 0.0687040697281568 -0.0524933944768077 0.00607133838322522
-0.0103979371330316 0.102631492466084 -0.0593901542097631 -0.0231524793383147
-0.0878367883724529 0.062304560087861 -0.0438867771590581 -0.0475007309236624
-0.121123886665698 -0.0345483825930834 -0.00699218807972385 -0.0352736072086116
-0.107024497219959 -0.107117134359112 -0.0134553625022653 -0.00873446883157099
-0.0683008934710561 -0.106294214490327 0.0439740168462225 0.00605401615335802
-0.106842117328283 -0.0683687232587135 0.00610854197223001 0.0611788722064493
-0.109903819440771 0.0238889535652192 0.0540071211020267 0.0668430577367545
-0.0513336397724308 0.0986569650132661 0.0855046221093535 0.0103288105269878
0.0178834986250837 0.0896782132168275 0.0579810447853159 -0.0390859065416011
0.055306510741642 0.0585398788359023 0.0141228943142911 -0.0391666752532858
0.0748712524551392 0.0173392327469975 0.000137047426571499 -0.0179765771495512
0.0713597244006634 -0.00320345479052121 -0.00123314606734348 -0.00582261153045895
0.073688558447482 -0.000509942933629243 -0.00286527612543761 0.0112632638723258
0.0676369730475955 0.0382312637174417 -0.0149451280649902 0.0258969213292167
0.0394350936368753 0.0708096901093763 -0.0360301612298129 0.0246767271822492
-0.00972851992395055 0.106173574701486 -0.054558283568145 -0.00376022622176403
-0.0870685595549024 0.0615697974724886 -0.046231744979619 -0.0330873555913647
-0.115484610159779 -0.0359321777789818 0.00130423593024796 -0.0237128480817398
-0.0985832728727327 -0.104961362466432 0.0101518025836892 0.0289506074612751
-0.0446412440374049 -0.0959260696286652 0.0616368418183578 0.0565293891150771
-0.0840208943382435 -0.0783692780883766 0.0191899611781534 0.0821160699406225
-0.103734629345692 0.00240779295515259 0.0425273155379305 0.0787057851891258
-0.0622524413710854 0.0837671467470238 0.0721648378473752 0.0345739976374272
0.007038168792602 0.0868098305172715 0.0623866099477769 -0.0056743692650689
0.0481246941695687 0.0595897824745614 0.0386997488086147 -0.0158584688092878
0.0698427063955755 0.0201940318026311 0.0291403043563458 -0.00754577598674308
0.0683086963363089 -0.000804941669659609 0.0265654512772307 -0.00313268323479888
0.0695339195563754 0.000353174236129086 0.0233753071452546 0.0137181479185391
0.0622014912575844 0.0342919242261318 0.00851108681597744 0.0342892903949124
0.0340826319552436 0.0653085501660525 -0.0196031598912949 0.0401604864603848
-0.0145098602281876 0.0942920781803229 -0.0478534915083075 0.0126584398520535
-0.0794225790031556 0.0463702546797921 -0.0444491094755545 -0.0193360498653653
-0.0938660412899891 -0.0394703570630497 0.00742928207274434 -0.0138032296943047
-0.073056694427019 -0.091787667882358 0.0281335036894377 0.0601438407645159
-0.0153349959264562 -0.06513276444058 0.0715266929997782 0.100121728596601
-0.0466979962437173 -0.0675550781962592 0.0289074065304183 0.0962798194028931
-0.0735251241795569 -0.0144913893762609 0.0302980618265825 0.0829144835303506
-0.0552516622847048 0.0543868130593298 0.0552512686222972 0.050983798799736
-0.00166525085350518 0.0655512130896977 0.0604325332407534 0.0225617686006798
0.0330641545096112 0.0475232510227963 0.0571404834942537 0.00536655034719718
0.0536816410879181 0.0185027891105161 0.0533417846603745 0.0012042173765563
0.0547513960597636 0.000670403386737609 0.0493806168095758 -0.000227011761370194
0.0562170417961084 0.00185613917116452 0.045753169197165 0.0172177439114377
0.0494178379968155 0.0276915088915845 0.0277541527272048 0.0418726311154362
0.0251294851957493 0.0547005661917818 -0.00656341314176506 0.0532896671115864
-0.019946608884889 0.0728451016403725 -0.042722289853879 0.0250984424001117
-0.0663696678981649 0.024247767938098 -0.0428192735447923 -0.00825795037115118
-0.06293380983327 -0.0418037049750747 0.00955095893121603 -0.00645403328918618
-0.0365193248735698 -0.0696964285734643 0.037261230172259 0.0819855682556443
0.0155917310053965 -0.0227964404856412 0.0741001169572894 0.123610703637951
-0.00507387176152231 -0.0400985855480401 0.0345165483253157 0.0996158427805777
-0.0316473071010773 -0.0195393428237288 0.0211259297774054 0.0817398552165996
-0.0336565886959207 0.0224750696115162 0.0429529362295833 0.0591741827565163
-0.00498393398497638 0.0337306454945834 0.0572507528575171 0.0381067633438439
0.0147552864712255 0.0259231059109288 0.0677640074990686 0.018128337787056
0.0282950059485084 0.0123274915247335 0.0687328732889918 0.00635574822946616
0.0324345055522189 0.00175657610669553 0.0649582983699415 0.00241050801537388
0.0350797619563398 0.0030150118652003 0.0609374498162987 0.0205118658607491
0.0316741745545978 0.0184894379802915 0.0413922229468721 0.0501887094851278
0.0147536226535125 0.0392447246159505 0.000113847306394102 0.0655689433891539
-0.0221581299605146 0.0461539545061124 -0.0432705879693713 0.0356855729852738
-0.0464501405934628 0.00174249335227056 -0.0439395046940106 -0.00180864920137612
-0.0282252589666867 -0.0382694961955126 0.00745124415881815 -0.00193162007708957
0.00307290498125493 -0.0386882432388063 0.0355771895100928 0.0947717894636228
-0.0351051128447476 0.00568513798031767 -0.0509039680065265 -0.100248479723899
-0.0055760221770351 0.026341350237023 -0.0323715195833784 0.0125212375107986
0.0221016766424933 0.0108531661986283 0.0542976397293641 0.0130020707135057
0.0160755985801172 -0.0159249436825251 0.0641848238069241 -0.0456298333544837
-0.00307040066359376 -0.0144474845735379 0.00824089876472392 -0.0909717567637228
-0.00519376264472841 -0.00610153845140041 -0.0526795083467212 -0.0693887772323939
-0.00639408530963307 -0.00727969418883709 -0.0754068807822339 -0.0265002336260726
-0.00630968315250042 -0.00601748342091047 -0.0768180957510612 -0.00455895857457675
0.00144234228399145 -0.00783407275307611 -0.0796059413055593 -0.000521321725900573
0.00842390092110217 -0.00349195843384746 -0.0802811386138636 -0.0153431804983032
0.0101942617419521 -0.00157506092149282 -0.0686847492236784 -0.0402099419398677
0.0155332458976185 0.0132673011472863 -0.0471881890550329 -0.0652109843066296
-0.00820224753531983 0.0276358201028633 -0.0228006031592965 -0.0793956814759108
-0.0419011343401918 0.010010196759345 -0.015155600955145 -0.0921661413962215
-0.0452611880483803 -0.019944796739235 -0.0670415959037824 -0.12352484133213
-0.0645025492838303 -0.0318977473696545 -0.0327309150896841 -0.099660119191482
-0.046923016265079 0.0102256349867527 -0.0286302529189916 0.0148224921467313
-0.013417022662388 0.0295530148294084 0.0600422539332814 0.0192115910887141
0.00889719162582843 0.0227719112418351 0.0748725618687001 -0.0463955228201188
0.0110196779265913 0.0136590878812888 0.0155293563774434 -0.0954044734543788
0.0180973177824974 0.00925247454300654 -0.0494326207171343 -0.0716664194638419
0.0222350788364619 -0.00479146282169017 -0.071321688456338 -0.0292317239000825
0.0216549241860222 -0.00699856811490854 -0.070859532115675 -0.00608385120427125
0.0311219142618682 -0.00300794523332811 -0.0730216009573203 0.0021236573089566
0.0310601657033848 0.0195240717187742 -0.0762133756255052 -0.0080531859038486
0.0151540911221624 0.032339689296051 -0.0698497101025243 -0.033108408837627
-0.00474071498054534 0.0500954553483906 -0.0519435674498633 -0.0596301078678313
-0.049785864909885 0.035300774404634 -0.0285448458379137 -0.0729021449057315
-0.0816149957961397 -0.019416470668921 -0.0161309910595147 -0.0727172051196697
-0.0770484005106798 -0.0662590512987221 -0.0573777377164647 -0.0927856625131326
-0.0826022355195151 -0.0690306382367125 -0.0077400362306984 -0.0807183220760345
-0.0855434811217003 -0.0147110620872249 -0.0210502315555156 0.0250506756095928
-0.0543889339030046 0.0419612895073901 0.0643343316952767 0.0327751992304157
-0.00568559432026244 0.0632235562451467 0.0863811192272698 -0.0378382190555569
0.0223163404438412 0.0458931481550561 0.0299936910999117 -0.0911312711793763
0.0398670947203103 0.0281365430279598 -0.0356835335338418 -0.0697493786367732
0.0492346817207639 0.000401513180059207 -0.0556899384729513 -0.0293672102348183
0.0465113503332651 -0.00723472503356992 -0.0543156905848308 -0.00697572545040055
0.0548562247762766 -0.00120143297299865 -0.0558709073159455 0.00603542548856231
0.0524462435571829 0.0341983033599661 -0.0628755084183765 0.00438810563397592
0.0265942025499568 0.0575953198652611 -0.0668886287245642 -0.0147823631698379
-0.0102367100610175 0.0845371938175361 -0.0598078633707551 -0.0446363974052049
-0.0782415033055768 0.0519042886528964 -0.0385625631260811 -0.0625236003757589
-0.112852889171619 -0.0319060436158615 -0.0140910648100699 -0.0534164921723319
-0.101936884458059 -0.0969569398588491 -0.0394001653192065 -0.0521398928917801
-0.0856377454919789 -0.0976214259863626 0.02023382135774 -0.0439551659607925
-0.111012898581467 -0.0436547709786963 -0.00886243758857565 0.0424517215812643
-0.0926776777548223 0.0417433251068862 0.0643768842177044 0.0513145830562098
-0.0280058321915809 0.0941276566473156 0.0925627217616235 -0.0171569217314489
0.0268344143930576 0.0758283329471292 0.0468894146155772 -0.0730312341009133
0.0550516645985657 0.0467740736471185 -0.012622485497595 -0.060162519593199
0.0694746929416392 0.00818377358545445 -0.0307159283696214 -0.0259081393371153
0.06499640941133 -0.00692987296983079 -0.0302537301083657 -0.00702940958863798
0.0704522860956997 -0.00159903684219225 -0.0313667751119654 0.00915246257047399
0.067116594246661 0.0392547797818794 -0.0411974173192506 0.0167980858305468
0.038048512061958 0.0704913566255337 -0.0560627983890521 0.00691064966737929
-0.00817975175195648 0.106294183777529 -0.0623071419409343 -0.0237977893737352
-0.090098306753593 0.0658071131083953 -0.0462435156650974 -0.0484524428306293
-0.126584132186142 -0.03409933035958 -0.0071044603244245 -0.0380924577447542
-0.112442251945486 -0.109622658905939 -0.0139522179517761 -0.00929742519108866
-0.0728094592193102 -0.109191272887744 0.0452275865584359 0.00578969703382919
-0.11218257707613 -0.069259555716881 0.00654600080656998 0.0641056054486083
-0.112977327860382 0.0261383918770947 0.0571002543840319 0.069494739817816
-0.0507617531982541 0.103489249671865 0.0895562048171933 0.0103148468149136
0.0212311422188902 0.092631395924904 0.0607592558760158 -0.0421946308113478
0.0589200790616976 0.0597869963332143 0.0149919490791929 -0.0413175131310113
0.0780943424211037 0.0157993699756479 -8.24119978700497E-05 -0.019115623807587
0.0732681419747848 -0.00502230221456858 -0.00164747452208331 -0.00623240876535033
0.0763929646380564 -0.00226602236381818 -0.00332473042005972 0.0116231697654508
0.071570531013082 0.0386445729299729 -0.0152957171096885 0.0271486795239241
0.041818361773745 0.0724571370988403 -0.0385661842456492 0.0267886911647944
-0.00761228008188632 0.110201598986421 -0.0572167244677014 -0.00356825169699256
-0.0898110976899358 0.0650611306002415 -0.0485553238552848 -0.0330861232087626
-0.120725117881492 -0.0353776105724743 0.00150436314278641 -0.0255098129253037
-0.103316081272986 -0.107180673882832 0.0116021060394927 0.0293089934814361
-0.0480005027071558 -0.0984324225675777 0.064915903138685 0.0584256539263725
-0.088486378488103 -0.0801509182384047 0.0201624953039826 0.0849908911070546
-0.10675168773035 0.00394012770904233 0.0451534585112919 0.0819461412571792
-0.0622323387930426 0.0880975711932695 0.0756660719377806 0.0356650956797985
0.00917235738311585 0.0899063937561592 0.0657555927062045 -0.00779613303351085
0.0512199572722154 0.0610650484665095 0.0409250685177362 -0.0174077218121867
0.0733800446295774 0.019632321817579 0.0305258257078463 -0.00920482810471069
0.0703744183579584 -0.00243135601737363 0.0273088541423504 -0.00405165216348809
0.0719173287559389 -0.00163382319186387 0.0240357088613447 0.0140931504695052
0.0658222260241618 0.0341587011827016 0.0093203636048282 0.035350401473275
0.037087265065678 0.067195612430332 -0.0211415558882072 0.0419734571872355
-0.0122076588468139 0.0984034909035617 -0.0498286444402825 0.01330048004191
-0.0821070492296483 0.0493096343833556 -0.04657001950634 -0.0193117882592146
-0.0982310891224004 -0.0393547393173026 0.00798839145334251 -0.0153323162104132
-0.0761256587344028 -0.0943031153108321 0.0308754518440591 0.0610940693769853
-0.0167062950165184 -0.0670205855874508 0.0756974842755801 0.102652624094481
-0.0489297443510981 -0.0695745616129143 0.0305075910224837 0.0997237049995202
-0.0761015350170872 -0.0142778362468056 0.0316491247599504 0.0863307500446308
-0.0560507417171918 0.057628160937718 0.0579984583195812 0.0533727271590011
-2.47420487316415E-05 0.0685662096476221 0.0638680570624863 0.0229204202030792
0.0357308684025963 0.0489478419743786 0.0602591189725715 0.00469283488129266
0.0555056056519012 0.0182810109237146 0.0557796104661814 -0.000136519132273845
0.0563323285645407 -0.000412460727206814 0.0514838818328398 -0.00178318418675393
0.0579759575137234 -6.79654622714391E-06 0.0474353608516126 0.0167315291390812
0.0523738388672845 0.0276997523058949 0.0295032739045039 0.0428683865980023
0.0277370416336756 0.0563286687563263 -0.00677500977922142 0.0553039036054998
-0.0186457688410172 0.0762775565750023 -0.0444802267379868 0.0265630788757319
-0.0689348259817428 0.026251757274046 -0.0448944943065467 -0.00810085639671431
-0.0661389226335176 -0.0425633072844127 0.0100873870060933 -0.00717054805850116
-0.0383664204018645 -0.0713600430698396 0.0411409344488619 0.0838826759286748
0.0160066378596152 -0.0235556114534568 0.0788619942771622 0.127106666672768
-0.0058261208227574 -0.0417405356673662 0.0371131698014346 0.10245494845905
-0.0328602879116032 -0.0199812773319037 0.0221717031551954 0.0851685178830861
-0.0336113988333065 0.0239366059969571 0.0448076704733397 0.0614497350455399
-0.00476506177132756 0.0354999408756547 0.0611600658563584 0.0393953463319527
0.0159673862562247 0.0268606523453963 0.0720768447412345 0.0178079687923416
0.029751426863202 0.0123993542300939 0.072395317496548 0.0047031204883488
0.0334392640320909 0.00107084212425692 0.0675520403848801 0.000772864663652526
0.0364960399230154 0.0019132417035086 0.0639180500594689 0.0199148854982892
0.0335741836005635 0.0186301889921525 0.0434723090796758 0.0512989859590345
0.0164964523457974 0.0403848559871113 0.000498702720337031 0.0686328716887208
-0.0219127931945774 0.0486518659101307 -0.0449725123753319 0.0374193580837065
-0.0487079510395662 0.00213170737602641 -0.045830226060496 -0.00110682353175969
-0.0294029426421692 -0.0394710461103456 0.00811122242551049 -0.00271786891201682
0.00346123163414998 -0.0402237953421207 0.0395776727062146 0.0969795197787074
-0.0357426587560776 0.00742880663749553 -0.0574665424760323 -0.0995305375866819
-0.00482852386336176 0.0275931020407761 -0.0326748576004735 0.0152676498029754
0.0230023770530624 0.0104711278368033 0.0569296174795668 0.0119375662137683
0.0163915331594384 -0.0177329673232029 0.0648502319051443 -0.0488211439308788
-0.00325998000326245 -0.0152359058977936 0.00491677077612735 -0.0947902317735973
-0.00547983933861843 -0.00637124637272727 -0.0572472322463328 -0.0694061019972772
-0.0074678166142961 -0.00742067814728734 -0.0783839509682326 -0.0241395551122632
-0.00666708324972934 -0.00544051127491973 -0.0796886522574217 -0.000835127503752569
0.00131282105066317 -0.0082576707595312 -0.0825608564121218 0.00327013719402108
0.00903457438939337 -0.00385005150029806 -0.0841197873708949 -0.0116205827233162
0.0100768137017328 -0.00144979164888085 -0.0727599691364938 -0.038858889620244
0.0166879939996113 0.0130473170824774 -0.0510733428173253 -0.0656951362958908
-0.00708403333337661 0.028937145440169 -0.0256031660036434 -0.0812956157996399
-0.0432666830791475 0.0126847698913904 -0.0184145716945047 -0.0948621152339641
-0.0466766655692305 -0.0185338478527521 -0.0744554226263199 -0.12440736702026
-0.067792798103073 -0.0298360295264862 -0.038579832910514 -0.099960998851421
-0.0481932384127054 0.0132465185804417 -0.029220292511556 0.0180685820880458
-0.0122440948795196 0.0316007962247704 0.063612331804481 0.0178423288663182
0.0105696086233053 0.0224855280096934 0.0756043350950269 -0.0506785232071001
0.0121505456278435 0.0131112306409099 0.0123874974505658 -0.0996529228699714
0.0194009685690015 0.00835241616788966 -0.0535731590895597 -0.0723447126788393
0.022584227600621 -0.00617202713568695 -0.0739541246019513 -0.0264749052782143
0.0216530871809893 -0.00813878173938847 -0.0734835588335218 -0.00260525009396427
0.0313656010512721 -0.0048698332554502 -0.0753766513237043 0.00589575028344812
0.0336131304562984 0.0187695446700786 -0.0797948098602545 -0.00474601413858695
0.0167374834402316 0.0327445195106738 -0.0743336578356816 -0.0309696202334009
-0.00229187752043491 0.0515064388115553 -0.0557164557543306 -0.0597276676042616
-0.0493650760896389 0.0386671345892466 -0.0316415451140476 -0.0735484529868276
-0.084945852630674 -0.0159052874795714 -0.0188012771226967 -0.0750557665765406
-0.0820989040582381 -0.0653792021765288 -0.0635474147322836 -0.0930661233807204
-0.0881371969404273 -0.06700173048461 -0.0124513672694053 -0.0820485742876743
-0.088978161629976 -0.0105828710220062 -0.0210582461277476 0.0276067304529061
-0.0537347597753387 0.0458975787425916 0.0685986155803214 0.0320070201212074
-0.00211479429495359 0.0650542105541086 0.0879965543239279 -0.0420310615993003
0.0259362172977692 0.0455991018789217 0.0268845349110132 -0.0961957665064908
0.0426353885662727 0.0269467878378327 -0.0396168568015396 -0.0706083431902818
0.0505853535556561 -0.00239126683094291 -0.0582953702755826 -0.027433000895028
0.0471050168546428 -0.00980386117881074 -0.0566061466323841 -0.00447969951255967
0.0561672420985453 -0.00453899590868885 -0.0576457486752149 0.00931985554687062
0.0563213016515697 0.0325348910503931 -0.0652522229414283 0.0076296391041802
0.0303583989797536 0.0579025429549834 -0.0710879859049894 -0.0125025341923049
-0.00650251245579591 0.0876064688783283 -0.0636592518661888 -0.0439003472080133
-0.0781860831293781 0.057481675482359 -0.0419057559824548 -0.0625162317397739
-0.117778573129641 -0.0280069227067721 -0.0158841174736364 -0.0551363355395068
-0.108824587422876 -0.0951415347177519 -0.0421623461032974 -0.0524127276691966
-0.0925395148123525 -0.0962038071460545 0.0179059438642748 -0.0460722792358948
-0.116535969071697 -0.0399214275332479 -0.00810611814715058 0.0448122429207521
-0.0929395376724831 0.0472137546510031 0.0684312757276934 0.0511508952579591
-0.0229473677451325 0.0975159484193465 0.095477548078585 -0.0213483484824024
0.0316570818827677 0.0765727950987721 0.0455886697565615 -0.0784095601635338
0.0592998096658949 0.0457251992414351 -0.0152085020795567 -0.0615122186760254
0.0720856776695918 0.00458126089835845 -0.0325577115303519 -0.0253606031355971
0.0658833440160286 -0.0102515760794784 -0.0318357376271354 -0.00618260635959679
0.0722791901899338 -0.00624601464533772 -0.0324968389928838 0.0115288990301815
0.0712184461020262 0.037181741504087 -0.0425011229605098 0.0196318902584349
0.0422241131734448 0.0706232299610092 -0.0583476297335329 0.00985312314609846
-0.00270884799068493 0.109406396526242 -0.0649384202831676 -0.0223931908401213
-0.0897194715076464 0.0717481692622229 -0.0495451411008791 -0.0477551253155887
-0.132348879741455 -0.0289561775784541 -0.00815880336825849 -0.0396293812774979
-0.119609819709891 -0.107697233682489 -0.0140981696370232 -0.00981645639082072
-0.0797547520189717 -0.108420508566791 0.0465218396379889 0.00386554637627357
-0.119102446963788 -0.0663296750541442 0.00818231606372752 0.0661593055690426
-0.11456407087227 0.0322067339566151 0.0612774757163802 0.0703143857048969
-0.0461979619544956 0.108251390701252 0.0928123053020269 0.00738142808293567
0.0267288073240968 0.0943546889309639 0.0607510850157507 -0.0473250830486209
0.0640862740868708 0.0590603680083105 0.014000865197511 -0.0438398978663584
0.0810025958959747 0.0116476839233167 -0.00131275806000929 -0.0193613834174875
0.0747088882715101 -0.00858335575316738 -0.00208337881891553 -0.0059254374140328
0.0779345248875079 -0.00678617626747712 -0.00337179696160031 0.01220382327571
0.0757732248073411 0.0361439105963015 -0.0157716723731892 0.028781292624048
0.0467321328378155 0.0729239817534592 -0.0400369787904523 0.0290163027865043
-0.00132946280988758 0.113733139197083 -0.0598182105064479 -0.00181265175650569
-0.0892243220893123 0.0712480462602847 -0.0514710984980735 -0.0315983137314771
-0.126013440690716 -0.0307448325032503 0.000853245251650737 -0.0272471738285081
-0.110226489138589 -0.10538633827136 0.0138693118534713 0.0287823243393007
-0.0539283382702629 -0.0987863756651496 0.0686584216781566 0.0569282952175452
-0.0950961978539047 -0.0785193320896294 0.0239202387989873 0.0865198220318911
-0.109174988962173 0.0081846509934916 0.0492681336639664 0.0835429870579289
-0.0587885354144158 0.0934841958922319 0.0798296608131125 0.0338261064828779
0.0146308355616896 0.0924837511631576 0.0677398009968964 -0.0109674336613029
0.0562192437791628 0.0603841963517708 0.0417294034949562 -0.0206024801556083
0.0765662887257897 0.016233434526396 0.0316281514189583 -0.0107204024315918
0.0715808308699779 -0.00627702728022811 0.0275156097839226 -0.00620018208299017
0.0737410793691042 -0.00561079033327828 0.0250143306187794 0.0132676907999173
0.0698041153433898 0.0319196096849072 0.010573269152129 0.0355634454512744
0.0418187900769295 0.0673011619671177 -0.0207608316318289 0.0443000664221688
-0.0069252485141308 0.101440282564864 -0.0514341949619503 0.0151365649759143
-0.0819259224361682 0.0545869250225328 -0.0490297434891835 -0.0171105177896272
-0.103047760150755 -0.0363607772898889 0.00777251616415574 -0.0171593897266341
-0.0823898105301575 -0.092927317390171 0.0356374295787409 0.0608532788109165
-0.0201109579801743 -0.0677423845252149 0.0818728414470824 0.101997873124021
-0.0534507908214877 -0.0692379260541115 0.0346727410931976 0.101388272683334
-0.0783554567630484 -0.0112780133899994 0.0355449429931857 0.0884288798210955
-0.0538822862378619 0.0613706703109163 0.0616576315791568 0.0530207720242918
0.0029199434563467 0.0707771211886578 0.0670106617265464 0.0198917376619389
0.0395697190675416 0.0489233667816784 0.0633946519948448 0.00185646304588833
0.0583528217707842 0.0160083184783272 0.058075282852041 -0.00332351587393641
0.0574567817799846 -0.00324856164333058 0.0526986952122238 -0.00505458947988712
0.0594126316196347 -0.00280963327099731 0.0492269253769464 0.0146808270473265
0.0552030946434507 0.0262508810684225 0.031914694040839 0.0426864551114386
0.0312557662949848 0.0566603029798254 -0.00562843351781151 0.0574492139370963
-0.0151005292226646 0.0794923154732486 -0.0451895399683887 0.0288820707731851
-0.0697161703261442 0.0297703230190577 -0.0466304582415719 -0.00653316665530332
-0.0695577736335186 -0.0412832489392067 0.0100003368790024 -0.00881240628731255
-0.0415716674359651 -0.0714394415272767 0.0467679065723474 0.0833673684346558
0.0156556080059475 -0.0244527622391336 0.0866450223982918 0.127264835421028
-0.00736193861928643 -0.0423503825692743 0.0416584551627837 0.103495194246034
-0.0344464940193567 -0.0194275556681474 0.0255283396562602 0.0869027389422724
-0.0330464357090724 0.0260087770418514 0.0487918338049419 0.0620816974773052
-0.00280114520880337 0.0373896459877989 0.0655353344001068 0.0381127391957956
0.0179516339994259 0.0275543008497255 0.0760100980426164 0.0146680373469926
0.031409721874631 0.0111754370426877 0.0755028352962584 0.00122503029044107
0.0340459147792511 -0.00035376507267746 0.069535790076603 -0.00345775831977965
0.0371192249878163 -0.000294612261270955 0.0667145928040187 0.0172906154901192
0.0351596467123634 0.0171112677863422 0.0467113783417527 0.0507680860972766
0.0188131725249659 0.0403809993848488 0.00268135549323024 0.0708038647445146
-0.020161495436628 0.0510562099279281 -0.0453435922121431 0.0400134851713137
-0.050635385551385 0.00440069887172437 -0.047234287680166 0.000679683717167682
-0.031604490368158 -0.0396369779328309 0.00826633578307046 -0.00387806132666932
0.00231130194835232 -0.0410806412693778 0.0457345384535325 0.0968874029998508
-0.0353509944553414 0.00851808236672068 -0.0626355047197834 -0.0960923523132615
-0.00343008973496425 0.0285251212346795 -0.031888951968283 0.0179111101099029
0.0238264537148581 0.00939319340434286 0.0578286360264937 0.00970707262807838
0.0151056474685458 -0.0189619736002948 0.0638220017691971 -0.0520223924820353
-0.00439427716324988 -0.0154444554218521 0.000506047196354106 -0.0957237671899279
-0.00564272932162621 -0.00666223556209954 -0.0607628298191613 -0.0671590154847605
-0.00780641010002806 -0.00686245886067767 -0.079333695926974 -0.0200540311507935
-0.00715667226318177 -0.00504283762676623 -0.0800030947502583 0.00426924993418644
0.000846131535231628 -0.00833853643933507 -0.0825823954079041 0.00851099699312432
0.00883547784364905 -0.00466412490988052 -0.0858557675695696 -0.0072405853824627
0.00981378631598904 -0.00208471176597923 -0.0751764123204298 -0.03564671501511
0.0175311853666305 0.0123079775890255 -0.0542754623467532 -0.0636574164634084
-0.00537366031602724 0.0294449687625964 -0.0287250977514739 -0.0807352983848534
-0.0430013376796819 0.0152673206032886 -0.0220360494223871 -0.0952373003413353
-0.047553492321295 -0.0170092040942975 -0.0811900248353836 -0.120245857373779
-0.0689540527626368 -0.0267022498114292 -0.0439696805885471 -0.097560840875161
-0.0473128731865638 0.0158571885311459 -0.0285325568208092 0.0202845354966606
-0.0102422480919516 0.0326877720703186 0.0651496653262122 0.0156554019671892
0.0124340898006768 0.0215360276150258 0.0739610489992696 -0.0544900608473955
0.013354110341279 0.0120585005143482 0.00730437742267704 -0.101326560977787
0.0200634180550993 0.00726895628277344 -0.0571321252742822 -0.0701906841774638
0.0221442263088787 -0.00780374482389014 -0.075270573304363 -0.0224907223656168
0.0210723969113861 -0.00910641877613833 -0.0739582982720085 0.00133834424597161
0.0312601079260418 -0.00672947232083176 -0.0759577081330262 0.0103959886700483
0.0351929359772991 0.0170335397360964 -0.0810315889257868 -0.000418067835880541
0.0183665850792194 0.0318815751321874 -0.076761679777382 -0.0276398369536636
0.000627641953247482 0.0518963029285136 -0.0591157962725298 -0.0574374259364937
-0.047535642236797 0.0413894749578201 -0.0341298018995837 -0.0727444739359851
-0.08607013495782 -0.0111835465066721 -0.0215654682813556 -0.0750501867191926
-0.0849918297585752 -0.061542552758636 -0.0681897418400144 -0.0899075149747586
-0.0914314501120345 -0.0625096834977902 -0.016720486614059 -0.0812319155644915
-0.0900437757534182 -0.00615648140431998 -0.0200601135720833 0.0298549839364179
-0.0508858872425232 0.0489612190362872 0.0704111630631635 0.0296234830274574
0.00224744636157475 0.0643423922573686 0.0864623669148338 -0.0458827754883681
0.0288363734824309 0.043920033066843 0.0220774401766861 -0.098399212132037
0.0448432219963123 0.0248086900857092 -0.0429061051773515 -0.069112465833083
0.0505316312472311 -0.00516281595582488 -0.0595610338285608 -0.024322494720441
0.0461389433661667 -0.0122765733157089 -0.0571887644355927 -0.00118047111638501
0.0556326590396747 -0.00784924594914677 -0.0577832878551867 0.0127669909676848
0.058310319334984 0.0294308436651757 -0.0659985074292069 0.0109248415336743
0.0331507740963577 0.0567783390310083 -0.0726998897485801 -0.00848755253365903
-0.00142076639096071 0.0871162114553584 -0.0661046412707934 -0.0417351885701121
-0.0750771373377085 0.0610151261404096 -0.0439996033715688 -0.0608206675841668
-0.119680200390547 -0.0217924313052808 -0.0178243871321792 -0.0556360210334468
-0.112971028290421 -0.0896704090125133 -0.0448313026439559 -0.0505887777066623
-0.0975375386514725 -0.0913429531973031 0.01497944081203 -0.0466389463892863
-0.118730964247387 -0.0338018176747049 -0.00629187832303492 0.0461980364079879
-0.0895528106838358 0.0522367909654543 0.071088345898306 0.0487145835883053
-0.0172202910204867 0.098337050813039 0.0952271974157379 -0.0257709452437976
0.0365688648705847 0.074602975333971 0.0411572515756944 -0.0816391015116105
0.0620845565676325 0.0426919808117324 -0.0180486016852175 -0.0615107140341716
0.0721141000002199 0.000669255326924997 -0.033889058109503 -0.0236880346278681
0.0650429768620963 -0.013809449253963 -0.0320418214440756 -0.00390078851620377
0.0715568896418384 -0.0100639549323531 -0.0324010860080168 0.0135230390342778
0.0741927821075967 0.0333216011039553 -0.0423677445869195 0.0220673867617901
0.0464833105264671 0.0688152830244319 -0.0596709812552561 0.0130784172755727
0.00358291741790294 0.109337237344056 -0.0670455230039671 -0.0199143730360331
-0.0861953027121601 0.0764150659609208 -0.0513345334500753 -0.045400715334518
-0.134353922218927 -0.0225222700521388 -0.00990526814076569 -0.0397761526991397
-0.124316575270528 -0.1013553769179 -0.0146744573691872 -0.0100440555505025
-0.085273667366078 -0.10439750641655 0.0461501887969896 0.00210331215473661
-0.122366473343473 -0.0605072913348116 0.010802401710799 0.0666716040927221
-0.11201952361937 0.0380837780902216 0.0646993154476526 0.0682008291954131
-0.0397309316712251 0.11047659811995 0.0933691554855648 0.00342142916842017
0.0321546388638925 0.092823057038772 0.0584353643764093 -0.0515235366824462
0.0678632432663803 0.0555252988459817 0.0123915782256746 -0.0448627490899215
0.0823165047641341 0.00747580375054118 -0.0015334726901761 -0.019460483688868
0.0734916049075793 -0.0129063635340726 -0.00211056298966607 -0.00698612331509506
0.0773156653783258 -0.0113166837946357 -0.00309950260683304 0.0127079601624306
0.0781345133165193 0.0317145747896161 -0.0149038781484164 0.0295249201735003
0.050639548392041 0.0700828592305619 -0.0395155714575952 0.0314859548162562
0.00573564265702735 0.113397639091592 -0.0604525853329649 0.000213215603845886
-0.0855021236713111 0.0758927192503367 -0.0527354309781923 -0.0290940241165377
-0.127818845628738 -0.0243514475265606 0.000114191369386 -0.0282606444991527
-0.114945896822848 -0.100034906554103 0.015894977963348 0.0269814784808959
-0.0589757302898689 -0.09562813270951 0.070794952281997 0.0534640360426533
-0.0989443330694306 -0.0741206213501758 0.0269728924002979 0.0861267598286676
-0.108180248285486 0.0134143866782529 0.0527509121032219 0.0817862702473291
-0.0532472327813537 0.095758675132013 0.081527385417112 0.0308285628803432
0.0198968994859947 0.0916879713142406 0.0676462531819012 -0.0153778624241318
0.060361712895946 0.0578437066591671 0.0416081398920163 -0.0227454914657738
0.0779521941966179 0.0120123114984182 0.0309385392369043 -0.0131143452250841
0.0703168178003596 -0.0103444568551791 0.0273719003596914 -0.00769358648150571
0.0726592971391625 -0.0100539458486711 0.02571378641176 0.0120185309390594
0.0719404779933803 0.0280101137428144 0.0113463383760341 0.0352468799659728
0.0455634328325001 0.0651758532695502 -0.0196966369672821 0.0460990096568018
-0.000647956712874781 0.102323035981101 -0.0518447636906819 0.0170015415741643
-0.0794315086387962 0.0587815414193581 -0.0500168272153602 -0.0150725551507986
-0.104862791413496 -0.0311474757447556 0.00736490226814815 -0.0184486472947209
-0.0861761973460979 -0.089074967605492 0.0392037666734545 0.0580310367572931
-0.0234301433023774 -0.0660684385631903 0.0868593954800077 0.0981048613173934
-0.056694421784733 -0.0664803440526004 0.0389898591337936 0.0988805426886114
-0.0786266037066424 -0.00796457642345513 0.0392103386435258 0.0874304007948096
-0.0500204509572647 0.063742258742503 0.0643220551597188 0.0507582509522879
0.00705850976395667 0.0709845633580921 0.0689450276801297 0.0163542117774468
0.0426049763220623 0.0468224759799497 0.0643615653305709 -0.00201343716909062
0.0593419533030126 0.012607815640308 0.058614065227967 -0.00708965818590526
0.0565638560530834 -0.00654262438775124 0.0521548383702663 -0.00872952934727597
0.0586600144589365 -0.00688609745425909 0.0497808492641054 0.0122383367656753
0.0569614358632583 0.0228869390096809 0.0336249778925211 0.0408506370742675
0.0344515132751075 0.0545379734296732 -0.00354131527648378 0.0580674446180708
-0.010063273842148 0.0806654642403748 -0.0449734827091141 0.0300092683314359
-0.0686843186141763 0.0335758215611505 -0.0470436648093613 -0.00391046851958498
-0.0715926702963088 -0.0380596146986317 0.0097530980599349 -0.0100879027853771
-0.0447915847419241 -0.0692933589352508 0.0516471871266631 0.0798506300645389
0.0147564552779467 -0.0249561140895618 0.0929719673796538 0.122889561940908
-0.00924477470985019 -0.0421086282793405 0.0458399714257574 0.100971380236951
-0.0354280315575761 -0.018297191387633 0.0284270821232974 0.0864164860788525
-0.0310054376186148 0.0275384398073651 0.0517539435192185 0.0604766671687041
-0.000692855767975355 0.0377458532241268 0.0678685178320583 0.0350881325312739
0.0197029604267551 0.0262440143494988 0.077431980996772 0.0105504436276036
0.0319489724266869 0.00924378924660482 0.0762881661098597 -0.00364596392215149
0.0334280761883509 -0.00262737047642532 0.0693423765649157 -0.00811536151311741
0.0366189863324665 -0.00255564807146217 0.0672145206944014 0.0135153756090891
0.0363618267989822 0.0157090877805706 0.0495601150127085 0.0483862159024939
0.0212188149068784 0.0395577973574648 0.00555366879661986 0.0707995793341151
-0.0170284865917581 0.0522556140013261 -0.0445204793937976 0.0421799509271228
-0.05065173250441 0.00705916414954252 -0.0482389196479152 0.00275882882175434
-0.0332776498786596 -0.0382092591227141 0.0080481619151065 -0.00519726861677039
0.000724694595273839 -0.0410104095477236 0.0514957577171367 0.0935343183354172
-0.0341776836147931 0.00907035548260135 -0.0642649824646993 -0.0918526885842779
-0.00233971990284344 0.0279891824907622 -0.0310685901098997 0.0190398979568055
0.0237443919339801 0.00918626448446204 0.0577441060780014 0.00761387024713439
0.014337742295371 -0.0193607933025827 0.0621349027897707 -0.0530932460734514
-0.00482427593223357 -0.0155911377905529 -0.00291103431109336 -0.0945897470171121
-0.00568561803023996 -0.00633114470972605 -0.0623535496874222 -0.0644693256978289
-0.00808622681597469 -0.006468046442521 -0.0782222168926845 -0.0172867868801765
-0.00678885286118978 -0.00474311002042178 -0.0783768582369548 0.00716204000970539
0.000665614364198569 -0.00851329200301445 -0.0815134056512587 0.0117693431791415
0.0087691779740483 -0.00499950120819104 -0.0847888508444206 -0.0044772020674829
0.00939521353491811 -0.00234999661419347 -0.075456981194195 -0.0328145818751013
0.0179193520941741 0.0109290949288759 -0.055304605447277 -0.0613105045881201
-0.00446310624551006 0.0287276970086776 -0.0291636548678026 -0.0785066012692139
-0.0415679576350642 0.017024698631335 -0.0237328390576927 -0.0934495336553941
-0.0470214066306626 -0.0162247344335727 -0.0835025256367022 -0.115328116533824
-0.0684463173138126 -0.0239998202517802 -0.0464703890708998 -0.0941472638800802
-0.046471617104804 0.0174193927106628 -0.0278814074057808 0.0217059423962673
-0.00860845585850463 0.0324812205138113 0.0648054376730779 0.013663026861419
0.0131116016213012 0.0201976703440284 0.0721751538092649 -0.055069411493639
0.0137868235856305 0.0105407151942878 0.00402778476406997 -0.100618661140288
0.0202389108847461 0.00621402793604024 -0.0586094785339172 -0.0674969210311415
0.0210522827725848 -0.00865887560060683 -0.0744684483650795 -0.0199210953577163
0.0204073522565818 -0.00946161790570506 -0.0726038874555062 0.00424609033004084
0.0303089049993085 -0.00822173222944401 -0.0743667185577013 0.0136515399097013
0.0353270779908767 0.0150033627083265 -0.0802989473815434 0.00206297493269629
0.0189218561996713 0.0309657316597971 -0.0770537003303347 -0.0250268042136348
0.00250834295191473 0.0502513613893138 -0.059694290843345 -0.055329481612341
-0.0453785538601844 0.0419037460594211 -0.0346548267965859 -0.0705143033404463
-0.0850571612193239 -0.00813140865419767 -0.0228784657887682 -0.0734680111246446
-0.084476933486181 -0.0583423479558224 -0.0701781464576666 -0.0861983630356478
-0.0913581762622059 -0.0581604664251104 -0.0193277209528976 -0.0786808547473186
-0.0884848898314627 -0.00281153480718278 -0.0197925380979753 0.0309222314646151
-0.0475900751126942 0.0499946688714273 0.0703076076164816 0.0277137118432403
0.00457133455214227 0.0622538739689169 0.0843977410117851 -0.0473715557572888
0.0303628135498464 0.0415652454154409 0.0180447050302603 -0.0982144349643954
0.0453034571031532 0.022524763444383 -0.0444813584454589 -0.0667432287181695
0.049299796375935 -0.00686985120699623 -0.0591705820107056 -0.0221417370698902
0.0446566039012317 -0.0133436270704051 -0.0558948570573949 0.000721118096675428
0.0541538687674882 -0.00974318219436765 -0.0566509493572832 0.0150227266198942
0.0591229378870476 0.0266708820386454 -0.064948614749452 0.0132645920915356
0.0342308884864791 0.0546746518532678 -0.0725823418438848 -0.00616686976370441
0.00220270314269643 0.0855047631078215 -0.0663231371993136 -0.0395195880596327
-0.0716196805946636 0.0624114188644709 -0.0443649882124605 -0.058305027246466
-0.118419520307015 -0.0175677254107352 -0.0183419946722032 -0.054859760504885
-0.112419035087575 -0.085243458256074 -0.0458513327678651 -0.0487594887568207
-0.098010718622224 -0.0858659180619463 0.0129679800562628 -0.0460443145254054
-0.117427654622902 -0.0297757798631881 -0.00600378471606744 0.0461558915590499
-0.0857768113181072 0.0542272359982242 0.0706883044825986 0.0467515350134723
-0.0129693807517349 0.0963311960068897 0.0929490075437295 -0.0277661805406385
0.039178902374565 0.0716995066982142 0.0373919874433887 -0.082354151270315
0.0634720228261574 0.0396224111827207 -0.0196205069955543 -0.0603437091231927
0.0704996513588569 -0.00223972012913394 -0.0338886613685821 -0.0220844103777346
0.0626715740208879 -0.0154660554954303 -0.0317524552665269 -0.00345171278347011
0.0692328910287374 -0.012865290934059 -0.0315597227820548 0.0148065046642154
0.0744857315376067 0.029962618919431 -0.041759703228183 0.0228799477876377
0.0477661870385273 0.0659363053630607 -0.058589794711096 0.0150567986510638
0.00836635506530306 0.106925218304945 -0.0670598556296608 -0.0186325108028195
-0.081930916917275 0.0779332209960213 -0.0510101701475356 -0.0427909905168964
-0.132305816011621 -0.0177748948016878 -0.0106076785215396 -0.0400719868273027
-0.123913758798336 -0.0959227203360209 -0.0144606660047473 -0.00997719529865584
-0.0865678155849619 -0.0990465051367663 0.0449354591339107 0.000197114554070145
-0.122555935857061 -0.0555392728422258 0.0112504929412762 0.065501665502828
-0.108442415562536 0.0410206923826797 0.0650461743970822 0.0655461674264305
-0.0345948581939749 0.108354653141651 0.091927750833548 0.00108304466010243
0.0357957500736058 0.0899072008843151 0.0551789505034999 -0.0532875446319429
0.0691783003027049 0.0528467559906313 0.010870379620008 -0.0449538318086073
0.0807400122362616 0.0043988409361335 -0.00170449328290455 -0.0196950017240136
0.0712875511721255 -0.015039060793605 -0.00300599008965709 -0.00693650364474976
0.0746362302404437 -0.0140579675646327 -0.00318322662316361 0.0129964865777556
0.0785877817531775 0.0282635413926074 -0.0144065683892349 0.0295028100110376
0.0524555992238772 0.0671666045953784 -0.038763835625035 0.0324105070798608
0.00992370962817028 0.110679583645997 -0.0602258897397672 0.00134735345448276
-0.0813880733024859 0.0770507500126893 -0.0520056869407347 -0.0269809989062877
-0.126375156848965 -0.0199858919749595 -0.00069648210228427 -0.0286706347352952
-0.114686139262713 -0.0947230467780394 0.0165229312326131 0.0249802087233941
-0.0602599535465918 -0.0913588077992056 0.0712435927038841 0.0504308729677931
-0.0991978247083058 -0.0695156038267444 0.0281341218786236 0.083377424621524
-0.105004370016882 0.0162074277372646 0.0535664463723168 0.0794645408329483
-0.0485815513512892 0.0948986817642135 0.0810611265763163 0.0291473637013772
0.0233886871768284 0.0893922763511217 0.0655906074182461 -0.0176938143924225
0.0617772699462188 0.0548936658655375 0.0406231441141954 -0.024594250525527
0.076533954478119 0.00876252023137959 0.0309245810798569 -0.0146078185381358
0.0687904316546057 -0.0122453996958741 0.0262185312369419 -0.00977026921037921
0.0702203398497392 -0.0127420088000264 0.0249082410565804 0.0109682213148057
0.0716656183241517 0.0248644273437985 0.0119231781922466 0.0344128600987889
0.0471192480225711 0.0621008202752675 -0.0188040147682362 0.0462415243342421
0.00349127518255834 0.0997897588395265 -0.0510799198093183 0.0176145005306581
-0.0761058926102996 0.0604401772892967 -0.0489775261756693 -0.0130447176497099
-0.10396988286204 -0.0275726889652518 0.00706164948498394 -0.0189190895084527
-0.0867012044256575 -0.0846685485101157 0.0404136996990518 0.0543282447530043
-0.0243312720188737 -0.0636162784739154 0.0876920049272469 0.0935440966335951
-0.0572359684192736 -0.0639973229374942 0.0401620288992952 0.0955135339357312
-0.0768344197955302 -0.00581230810267698 0.0399370193684159 0.0852485541238618
-0.0471480452019414 0.063684547441312 0.0642935142218246 0.0482822507036051
0.0101194145363333 0.0696551670040267 0.0682619411541687 0.0137216492421054
0.0442760111079399 0.0448639234945078 0.0638590997296877 -0.00440037873971189
0.058688955734868 0.00998742634718437 0.0580636314869153 -0.00979245176138285
0.0548247921172132 -0.00853444124294468 0.0509194337647286 -0.0109746977790247
0.0566718832568662 -0.00895763311406832 0.0490557797023691 0.00989178592903734
0.0568151104452766 0.0204793509312748 0.034082209202466 0.0388540663682953
0.0360303942773523 0.0523918370517831 -0.00238137423884837 0.0581751445994443
-0.00667900172977052 0.0792995170314225 -0.0441576168622343 0.0306257993943258
-0.0664403183992059 0.0351279913228947 -0.0465434628537848 -0.00225912060886222
-0.0715176905043873 -0.035259488892189 0.00929283869744816 -0.0106428061849097
-0.0454528837992196 -0.0662399402533795 0.0537680560307672 0.0755563845238779
0.014166619521964 -0.024256970456798 0.0943404464075756 0.117325314210536
-0.00982635322446052 -0.0412337113836003 0.0466152838771882 0.0971653842054365
-0.0353708035479587 -0.017341132017287 0.0293388179464789 0.0842508532044648
-0.0294583166588892 0.0274680907882456 0.0515642128916551 0.0586256338037388
0.000616102418225048 0.0374691652010264 0.0684910377692321 0.0326072376530454
0.020655289748568 0.0256592136397809 0.0774246660632508 0.00756624355908755
0.0317614951791898 0.00831720801747753 0.0752830364593849 -0.00707631002441805
0.03256508296222 -0.00346790118467343 0.0674864118690156 -0.0108878995759231
0.0351795035367519 -0.00385166768794854 0.0660659374135166 0.0105800779018599
0.0357731261990234 0.0139108104168714 0.0495225992794365 0.0455278075630042
0.0221707249510374 0.0378951083905481 0.00723698544869334 0.0696329892888575
-0.014875890219259 0.0518281170884997 -0.0432619438534181 0.0422980229044721
-0.0495488207363032 0.0084514147994874 -0.0474206646295806 0.00421720951201861
-0.0336900959911524 -0.0370730229648016 0.00813844490138719 -0.00570993358233677
-0.000182986138444702 -0.0404505025595366 0.0537081605825925 0.0892066835013079
-0.0355050915709713 0.00719721166261074 -0.0579476758712881 -0.0920851396869347
-0.00400092204793805 0.0281080313233422 -0.030658456090596 0.0184297269970438
0.0232711623542603 0.00975581398580251 0.0561276834720854 0.0108890967902483
0.0141916120966685 -0.0189970444575249 0.0644853454087547 -0.0500188593742882
-0.0046165521179048 -0.0152514494819278 0.000665005520917584 -0.0928239373826952
-0.0053272970197686 -0.00666988797089906 -0.0580860972410359 -0.0652814423165917
-0.00845936887664282 -0.00748249394756843 -0.0760351188193144 -0.0199792259948489
-0.00644938688724859 -0.00492850219113953 -0.0771939993381519 0.00512467330363298
0.000379066794670638 -0.00821459960587221 -0.0810101334036269 0.00984473069799046
0.00874712606192445 -0.00494807260293791 -0.0835109256053081 -0.00619758742994307
0.00821894662257045 -0.00186885462014909 -0.0731300280675898 -0.0352308209202455
0.0157625170222607 0.0107651951984915 -0.0509309321387096 -0.0621694127962028
-0.00561146229337675 0.0276691557761791 -0.0242440550115874 -0.078288741349974
-0.0420792666486351 0.0138937959081192 -0.0181665341934122 -0.0944134789567412
-0.047465852271087 -0.0183216440777182 -0.0739184247828051 -0.118506808211218
-0.0675927598866675 -0.0280619404528294 -0.04271333809377 -0.0923756937826721
-0.0466924251830238 0.014306587465929 -0.0282058060724102 0.0224425307981175
-0.00987483222508252 0.0310052702766904 0.0637295742599472 0.0177506987356532
0.0108605684308208 0.0193884406988717 0.074960930815166 -0.050245388170899
0.0121439955195708 0.0112951430963925 0.00830632818393648 -0.0984799459751198
0.0196644442299013 0.00733992000071273 -0.0538190593587457 -0.0685137871988138
0.0203969496875183 -0.00780205725551123 -0.0718468935803469 -0.0230226024587702
0.0205912328303455 -0.00846725677602124 -0.0713233948478594 0.00274668166215386
0.0297482229407885 -0.00699058232524254 -0.0738866533661527 0.0116397269951861
0.0347046842693419 0.0162513815153271 -0.0795778709570412 0.000696367381800217
0.0173322342956588 0.0320084726432703 -0.0759266221251795 -0.0266023174291439
-0.000314231318760761 0.0485636425584605 -0.0573922846948701 -0.0557517004498914
-0.0470774568441252 0.0382415853668062 -0.0308009194394704 -0.0714985301049056
-0.0841752783228546 -0.0124317394636786 -0.0174221859017524 -0.0762955438103233
-0.0826561848843542 -0.0605527859965168 -0.0616946419034562 -0.0906531678694808
-0.0875078382047952 -0.0636066028959188 -0.0186965055051995 -0.075472038283202
-0.087109777974593 -0.00853263814028469 -0.0214049911922016 0.0331998710442089
-0.0495681320554018 0.0456277796976084 0.0691695143687259 0.0337474189931579
0.000215518041922315 0.0601979119434541 0.0876585608487849 -0.040248873887246
0.0267397139967525 0.0425765130060139 0.0234961798335827 -0.0957805150081463
0.0435062100918771 0.0246516505218674 -0.0390945517591642 -0.0679511975287985
0.0481652268454357 -0.00444207188609131 -0.0561556171144932 -0.0251176087823575
0.0451566231805146 -0.0110938626983723 -0.0547727278713426 -0.00106241420001322
0.053420054568133 -0.00787815825080886 -0.0560935399588036 0.0138118206785806
0.0580875594702817 0.0284785857985722 -0.0653585490552345 0.0125099756223096
0.0319926354693177 0.0564043724177831 -0.0731567541433537 -0.00687202306011552
-0.00240183496861049 0.0832575384710639 -0.066105829712643 -0.0393320297806909
-0.0742725783958557 0.0576814796975079 -0.0418838647167877 -0.0605976010278735
-0.116124074134568 -0.0227339349289921 -0.0143821219628766 -0.0589848786900148
-0.109581630013096 -0.087453441016049 -0.0396696628807685 -0.0540536874053199
-0.0920653131823282 -0.0922542966995439 0.0101224334727123 -0.0416241421434517
-0.114191764354663 -0.0369619462630891 -0.00986577512639378 0.049388819383377
-0.0869563108339011 0.0470819251865203 0.0688043303167499 0.0538816499899138
-0.0177112572965404 0.0919563626237923 0.0958821309968372 -0.0188608311784516
0.0338893407891927 0.071719197335243 0.043145851482256 -0.0791543193510155
0.0607938994695198 0.0424761582667916 -0.0143501182909951 -0.0605057709171696
0.0698257423530282 0.00101470302145055 -0.0310082207836516 -0.024799391838152
0.0628747277351734 -0.0123012430344245 -0.0307640033903672 -0.00462944462981264
0.068925018272371 -0.009972025726142 -0.0312119738390585 0.0145179902682974
0.073687637814395 0.0320884200502328 -0.0421235866547564 0.0233135614128539
0.0451925253615375 0.0681396614096773 -0.0606361081205372 0.0153833279586619
0.00350873149067675 0.104178327880054 -0.0683036247826047 -0.017915432384763
-0.0846961875014517 0.0728782932570271 -0.0503298765980729 -0.0458366492072505
-0.130613726307896 -0.0231804362805262 -0.00747703695759639 -0.0442041316693305
-0.119623410949775 -0.0983116652255714 -0.0114378105139742 -0.0153829389451838
-0.0796508750570764 -0.105074253269537 0.0385924884979207 0.00491665458797982
-0.116969203368599 -0.0631180924333915 0.00507228686747663 0.068363257420836
-0.108665381620295 0.0322216065377585 0.0602924309247723 0.0730926194972841
-0.0388629663489888 0.102427747999103 0.0931575621730256 0.0100379991533111
0.029311350551695 0.0892985407307452 0.0601985641256735 -0.0489206596932787
0.0665679801685202 0.0551296738460151 0.0153859706085092 -0.0443074319413544
0.0795896006541322 0.00777082658082967 0.000611503736662362 -0.0211387447089876
0.0716655277035741 -0.0112356016409002 -0.00178905433243134 -0.00760353671961365
0.0747308588016902 -0.0113501600720095 -0.00314456560555637 0.013901308643895
0.0781145817212659 0.0308379715990408 -0.0156008405187572 0.0304700688683548
0.0500059224561928 0.069975126100646 -0.0414343658248837 0.0338172264156655
0.00581022030527447 0.109104714180563 -0.0626697832236429 0.00234340525812167
-0.0845518997678644 0.0724780288222407 -0.0527083650330969 -0.0299907217664465
-0.124067979653499 -0.0250611027930483 0.00130372932668605 -0.0325263124650734
-0.109853857851869 -0.0960380567717149 0.0166688924871664 0.0205371774104865
-0.0535493762727291 -0.0960639255571589 0.06215608787928 0.0544384120342447
-0.093174809574171 -0.0759099587464583 0.0199512309006695 0.0862972340483858
-0.103908798860504 0.00835515170555441 0.0467453045482479 0.085438185409527
-0.0518430382904542 0.0884304879146441 0.079330483335263 0.0369612431565094
0.0178526520324493 0.0884837869390619 0.0690530655463263 -0.0130496257369127
0.0585274017557132 0.0567028836508967 0.0430140843927644 -0.022746195261669
0.0758508459354253 0.0123989859163121 0.0328556289870923 -0.0149448872213595
0.0692455309534157 -0.00869784592794993 0.0267242290599643 -0.00941429516576854
0.0703247783807043 -0.0100414108963382 0.0245350780310512 0.0119780142774004
0.0713641025777405 0.0272245688814728 0.0105183273197704 0.0356775531233991
0.0450489305139267 0.0646990839628056 -0.0224305210682152 0.047420377698945
-5.74468421443942E-05 0.0983753418087298 -0.0546733444886222 0.0179973288313962
-0.0787173288215965 0.0565182799255058 -0.0502739025828715 -0.0164205782888502
-0.101637569058343 -0.0317269472031363 0.00839437214111723 -0.0222699272679531
-0.0819079320191161 -0.08525861861408 0.0387661981902423 0.0509884140814736
-0.019085832005812 -0.0668132740144851 0.0772915661101841 0.097039340603418
-0.0519842428527889 -0.0678027280683385 0.0310575245546531 0.0978642694112257
-0.0749663602654723 -0.0118113610408335 0.0329212113218692 0.0891316568017763
-0.0487351335787644 0.0581910292707542 0.0612794455489722 0.0545239035843482
0.00607721284884663 0.0680124040776482 0.0694160328298111 0.0175685319271823
0.0416813024600825 0.0458708255601106 0.0646642201664182 -0.00267259388249714
0.0583310401049995 0.0125186678474975 0.0594743651645554 -0.0094766791527112
0.0552142611303186 -0.00553753874171474 0.0510212804115338 -0.010122832901645
0.0566767046296996 -0.00709035043652869 0.0479042259340432 0.011594470739703
0.056544969252605 0.0219093198932052 0.0316837893023651 0.0405697658634114
0.0340054580066771 0.0543408801365495 -0.00636164184160947 0.0587307421132946
-0.00954532990284574 0.0776369750948373 -0.0482469073560373 0.030487913952697
-0.0676734026378541 0.0320045285111225 -0.0473906593749312 -0.00582505966996278
-0.0691636691424038 -0.038001876984354 0.010809231483668 -0.0128138018291838
-0.0417397309372976 -0.0661245893574378 0.0499803871655652 0.0738297981708329
0.016800984975566 -0.0247814519688749 0.0853686714525449 0.119830245284915
-0.00623527175825267 -0.0424563702878045 0.0380578509816141 0.0973086637320989
-0.032768582608241 -0.0205670025234021 0.0220827652703817 0.0866882561068308
-0.03006117660653 0.0238079974519409 0.0479923938606282 0.0624295829268665
-0.000694838761329436 0.0360004599377592 0.0675446795453024 0.0357681507324419
0.0194556331903019 0.025339564640154 0.0768722171258365 0.010177428031132
0.0318375736199224 0.00973175337165897 0.0757215635753027 -0.00607655026552867
0.0324466232143798 -0.00173206634455483 0.0666756205481874 -0.00976857028637062
0.0356676693877196 -0.00252932545009754 0.0646523525709107 0.0123901715544677
0.0361962344313948 0.0152328665410734 0.0471149328249966 0.0470416563873708
0.0211477990427678 0.038744986676309 0.00280052853420399 0.0701182631245587
-0.0166610137468876 0.0509105206549927 -0.0473091773579204 0.0410235544206374
-0.0501039989985287 0.00616437843980681 -0.0478416571029343 0.000147309543627573
-0.0314054607978502 -0.0381855441800994 0.0091232323421986 -0.00690960704502231
0.00214502730551772 -0.0391882699415101 0.0487629848293337 0.0889201306149304
-0.0358867356430498 0.00627432438095492 -0.0572984436007079 -0.0930213947746001
-0.0046141176388879 0.0284165330397595 -0.0315760629733141 0.0192325069355948
0.023764994606767 0.0106869340492628 0.0574123284835171 0.0121106901076967
0.0144288321543889 -0.0188846845541776 0.0666940419348926 -0.0495085949350764
-0.00478150911608324 -0.0160399268739202 0.00181963946626786 -0.0940233020185122
-0.00602408019198386 -0.00741513327375358 -0.0583426915922626 -0.0672068329066745
-0.00865082758755715 -0.00743688552586409 -0.0765500134288457 -0.0210623866176209
-0.00705955121060095 -0.00506493789894674 -0.0782626375777923 0.0050789826685927
0.000526285768577684 -0.00869586314485639 -0.0817888107072869 0.00996988059820705
0.00869002915637258 -0.00488935469601132 -0.0853160532700213 -0.00699653708698502
0.00864469259001758 -0.00133444946541178 -0.0737137188186545 -0.0371175562893921
0.015714526990503 0.0107497197930056 -0.049925869398415 -0.0634368478684633
-0.00645446758719361 0.0277205219794629 -0.0216642303848912 -0.0800784861615259
-0.0425722555547156 0.0135472282390533 -0.0157879479083445 -0.0957402101470188
-0.0478220781217957 -0.0196401331205811 -0.0727701356991441 -0.119775733562812
-0.0670079588652687 -0.0294318216564784 -0.0417568862986878 -0.0929489259948881
-0.0474845277832607 0.014418151602227 -0.0290272891351434 0.0234297746464366
-0.00959994462117352 0.0313336990938642 0.0645318944829699 0.0200110382099378
0.0112461319153646 0.0191577525639694 0.0775823014796295 -0.0493862382271013
0.0118549284793306 0.0108823306311043 0.00938494634780798 -0.0993907300849747
0.019875595872067 0.0068407359379143 -0.0535961883118186 -0.0699691054686715
0.0202097841958677 -0.00760507643477818 -0.072166334813766 -0.0235612002883022
0.0207021670784283 -0.00831502805601632 -0.0719982351186878 0.00250696108292757
0.0298936647840988 -0.0070455407229971 -0.0751188303294282 0.0116883447676464
0.0355654462415718 0.0166757928130414 -0.0812167748494794 0.000194367591359939
0.0167207130262264 0.0328242651862892 -0.0768451266659318 -0.0283011771601479
-0.000796889378352154 0.0484649570058489 -0.0568855156340803 -0.0574079921847889
-0.0477601249873585 0.0379682182679267 -0.0287642468990216 -0.0730480338857957
-0.0847754774829836 -0.0134136173402356 -0.0161826081381945 -0.0778965208584864
-0.082239373204036 -0.0628778043500893 -0.0608431966366951 -0.0924522428376627
-0.0869815702272848 -0.065184834888167 -0.0178432390963739 -0.0761909992852479
-0.0878670911396996 -0.00961668173116454 -0.0228446034343707 0.0339745618379721
-0.0496819037208574 0.0456992916596247 0.06893411704498 0.0357151737317994
0.000711618899250531 0.0600121914828756 0.0898772835941265 -0.038957019518866
0.0267262418270339 0.042070957797488 0.024692332400068 -0.0965305519792204
0.0446855682081697 0.0244498360331197 -0.0386145278069677 -0.0693637208208901
0.0483347709525069 -0.00460003385730239 -0.0562894297102747 -0.0256881328484649
0.045003622112609 -0.0107218942610118 -0.0558540186751188 -0.00152262357657268
0.0535731155106234 -0.0077597290706895 -0.0569485455182653 0.0141669391493803
0.0588747383358682 0.0290381094475114 -0.0667091541092074 0.0122474701335175
0.0315855462129178 0.0572313465976733 -0.0746426156640516 -0.00756748941229011
-0.00279510001020966 0.0830431402255761 -0.0667331393775761 -0.0413696995496838
-0.0758246300506523 0.0574490780097379 -0.0404766655618763 -0.0619507662614223
-0.117115984911888 -0.0241341742456412 -0.0132693268246437 -0.0605648360961292
-0.108769338879404 -0.09015898986458 -0.0392106214037222 -0.0554144753610907
-0.0911185916902043 -0.0938313838758551 0.0102311245309483 -0.0414877952487126
-0.115078959324733 -0.0385216601588009 -0.0118349518873327 0.050134130113118
-0.0876678568863907 0.0466334913762293 0.067533815559773 0.0561285182602703
-0.0179266021527478 0.0918437012903018 0.0973928087173037 -0.0171801074307579
0.0339044583222245 0.0717201085630467 0.0442898084905529 -0.0792462845482654
0.0620608467663676 0.0426553833793068 -0.0136866787419706 -0.0615211535311377
0.0697535413691035 0.00154923761044522 -0.0304102464412261 -0.0253761439710294
0.0632980723165801 -0.0120076950659837 -0.0314139954925411 -0.00511728465297378
0.0689283719930367 -0.00985133863252824 -0.032039553499448 0.0145283232130238
0.0746260006091954 0.0330748762013501 -0.0437340537756177 0.0231930045625457
0.0447260184369836 0.069467534748065 -0.0623802616371772 0.0150424881034285
0.00310271432589205 0.105171438739103 -0.0692165864992519 -0.0200398889261781
-0.0858157902473621 0.072641038042805 -0.049798526556064 -0.0472189969997526
-0.131596205908981 -0.025304485187558 -0.00656964163690268 -0.0455123604030295
-0.118503794718171 -0.101266932603261 -0.0112799103683966 -0.0160918961133604
-0.0780012487228782 -0.105983562468645 0.0382971055551008 0.00579326604919366
-0.117485824297513 -0.0652312830886009 0.00254272836226982 0.0696287521243354
-0.109601069400158 0.0310633043398813 0.0590188299352278 0.0756637591915191
-0.039671868930362 0.102305924524465 0.0940324837004708 0.0129610165096245
0.029879362952401 0.0896693531438966 0.0613036141036183 -0.0489294914092697
0.0674882689084703 0.0558193749597473 0.0161553507483628 -0.0447622722135673
0.0801536184974747 0.00816107858093362 0.00130461390379489 -0.0219346225150066
0.0720456811300776 -0.0109764919645631 -0.00264869694296408 -0.00858556042600242
0.0747520926528509 -0.0110940001025437 -0.00337000498551413 0.0138125718573604
0.0789405303691605 0.0313152388024808 -0.0168556856538149 0.0307550328205813
0.0498134275776753 0.0710462618034631 -0.0436387779278647 0.0338507470269729
0.00528616860981928 0.109453603584507 -0.064507091300045 0.00102897116915977
-0.0859978152134363 0.0724925525224779 -0.0523837573110317 -0.0308552311969455
-0.125120931341691 -0.0269968869511743 0.00239889546382675 -0.0333350140773594
-0.109080430630993 -0.0986987124649904 0.0173176818779924 0.0206332757511173
-0.0518208514127744 -0.0969243239405417 0.0611100656882261 0.055681999518795
-0.0932374068735475 -0.0778321744325419 0.0172822394678884 0.0873068370756793
-0.104493315363797 0.00683690628412406 0.0449952581954024 0.08807313600675
-0.052858440594726 0.088226797469243 0.0798929148772444 0.0395880275143651
0.0178977443681145 0.088953268157974 0.0694579627049466 -0.0130711655292543
0.0599769378063254 0.0574301408030708 0.0445777950296198 -0.0227782409408341
0.0762181418548685 0.0129400018350466 0.0338898928041733 -0.0158442309166442
0.0695342281214598 -0.00843586617749054 0.0261561138885548 -0.0102892225787045
0.0701800611756343 -0.00965377101151427 0.0243352261416006 0.0125464957660547
0.0723944059038536 0.0277373044780175 0.00929132608108492 0.0358759967936354
0.0449812136937457 0.065730693153097 -0.0239451552694038 0.0481934412110891
-0.00066295008064339 0.0989466539923742 -0.0565120847179266 0.0168710840487923
-0.0798712742150706 0.0561350592244047 -0.0501439524180729 -0.0171619423258943
-0.102187070687222 -0.0333181221236013 0.00902035746546229 -0.0224398314751133
-0.0806203869242433 -0.0870421421795755 0.0385599277901882 0.0506591685776297
-0.018051236887499 -0.0669922651791403 0.0766098278237867 0.0986107327366714
-0.0514681947213861 -0.0692993518064768 0.0279572530305838 0.0982994775507674
-0.0750345019379697 -0.0134955358830077 0.0305459888505352 0.0912180298149395
-0.0493656403168819 0.0575763535040443 0.0610206475469173 0.0570334668423497
0.00635567027424777 0.0687892133931187 0.0698684825890949 0.018894299178626
0.0425476289121175 0.046543777501307 0.066504356083353 -0.00174110770316442
0.0591484797143406 0.0129465840754809 0.0608349886085505 -0.0103181850957367
0.0556642642718912 -0.00524591053241534 0.0505532575813501 -0.0107467370057209
0.0565185601200064 -0.00659586021220908 0.0480915417053334 0.0114418644729189
0.0569922557967921 0.0223074180178287 0.0310269356614405 0.0413259291084615
0.0343188196974069 0.0549307086808785 -0.00804562640851907 0.0597250863896494
-0.0102564230580103 0.0783578197625822 -0.0498837858585116 0.0295619685345372
-0.0687596688708801 0.031460622815964 -0.047732305453637 -0.0062529283342101
-0.0694152238868937 -0.0392688156607529 0.0114641854483352 -0.0136596106649672
-0.0406346835134101 -0.0668639752005663 0.0498911707340075 0.0738673682813187
0.0177297810836161 -0.0244716137559166 0.0835624352274946 0.121977318388284
-0.00533363464574649 -0.043283423498983 0.0357284627282423 0.0982496989466838
-0.0327303484261844 -0.0211131760003442 0.0200498167695556 0.0881451433913204
-0.0303555926674784 0.0233431441439418 0.0470813877451085 0.063988669367858
-0.000712442108511026 0.0362273955842629 0.0682340318061114 0.0370837937988168
0.0194054926750902 0.0256322009733409 0.0785006119736892 0.010516080218189
0.0317429909394665 0.0100915281775973 0.0774669837826881 -0.00638408435261717
0.0327378848650409 -0.00124922870796394 0.0673249826795094 -0.0100738498030659
0.0353874993713882 -0.00185115740305087 0.0650488941127114 0.0124685619224254
0.0360380541483265 0.0153184341349264 0.0464293410912094 0.0480005641859974
0.0210508609067694 0.0393510643362246 0.0012386690934788 0.0710342656336388
-0.0174504099596302 0.0517203108511629 -0.0488026658540023 0.0404753341910218
-0.0510275250340391 0.00557919568231943 -0.0486839994803045 -0.000661059159262432
-0.0309716564073138 -0.0392493591384396 0.00994852346058489 -0.00760543646259064
0.00357740955767068 -0.0388759618264177 0.0480966502732502 0.0886699746086865
-0.0369576365819844 0.00552682858569688 -0.0585465865230823 -0.096708746343529
-0.00520054545864799 0.0297268493465908 -0.0327625140993105 0.0211303666596989
0.0250216771436226 0.0110453011710047 0.0599753901770714 0.0132383585051893
0.015038662554911 -0.0198948867051705 0.0709495823692446 -0.0506335801685044
-0.00544457260954773 -0.0169940609909158 0.00332145430890493 -0.0971753678808488
-0.00633801017899425 -0.00812912413222646 -0.0604166341190018 -0.0699719724555709
-0.00959570527370199 -0.00752229577291673 -0.079143789877804 -0.0218990209466624
-0.00726407667418679 -0.00545926994924509 -0.0806207624575826 0.00615374427187547
4.99941107817708E-05 -0.00920059313267453 -0.0853798968375087 0.0102988237801985
0.00926234617891977 -0.00563220604386434 -0.0891225604559546 -0.00755599617434497
0.00898300992088996 -0.000904979277490538 -0.076411893117212 -0.0396934462280225
0.0167354559093341 0.0113952523297415 -0.0508948577348364 -0.0668593846157933
-0.00656805345087149 0.0287102923395739 -0.0205555450604679 -0.0841335880767098
-0.0441661278406494 0.014118392334779 -0.0151673655754542 -0.099580273760813
-0.0492455841372519 -0.0217048369392766 -0.0744927011302271 -0.12439239909518
-0.0689033770670192 -0.0312047736056513 -0.0428316137070978 -0.0959311437274043
-0.0494623885373193 0.0150590058642858 -0.0305789163932086 0.0250142394360478
-0.00967008265547471 0.0326635083200492 0.0666650854644855 0.0215922927596777
0.012160814962732 0.0197361829574813 0.0823491455405169 -0.0505016186425312
0.0122372200202606 0.0107137093678287 0.0104680528803968 -0.103162602302686
0.0204881608468121 0.00682982231552915 -0.0551259856994407 -0.0729878105025403
0.0209543977400934 -0.00774388187850268 -0.0744295775682878 -0.0250591468143806
0.0212109912932856 -0.00853802907126303 -0.0752379262668759 0.00250519814618879
0.030453324457773 -0.00766936252275365 -0.0782108080594238 0.0126465453077546
0.0368695406241596 0.0169043873539977 -0.0849071392429907 0.000291472955973316
0.0171692350786783 0.0345507295891262 -0.080182190643928 -0.0300610662878073
-0.000727102724290058 0.0502569920206931 -0.0582916479092125 -0.0609930960952337
-0.0497626100886685 0.0390007709074286 -0.0279024564078247 -0.0768599812329498
-0.087839446929808 -0.0143681498739864 -0.0150276239345228 -0.0813186453565276
-0.0845760997695899 -0.0667322201302437 -0.0622731031304486 -0.0959313293515517
-0.0888561998711697 -0.0680683138814648 -0.0185524207151245 -0.078219424978397
-0.0911655476127574 -0.00994296076467353 -0.0247667641358504 0.0359250474278372
-0.0507409832122599 0.0468620437832339 0.0711573124426293 0.0382994107706935
0.000958226964812024 0.0615429444768315 0.094546568803245 -0.0393416178041927
0.0276090640728741 0.0430620640698725 0.0259293292434335 -0.0996150087958337
0.0460701505686588 0.0248494442595684 -0.0396818042799772 -0.0723430719377356
0.0496949347934865 -0.0046854627949432 -0.0579618522195841 -0.027402577836771
0.0464965395353625 -0.0112736399564266 -0.0579210829333528 -0.00144700902308752
0.0550966004592028 -0.00790303436580039 -0.0593110217234091 0.0149370096105856
0.0615653004157088 0.029975821427377 -0.0701193118769216 0.0126236218821079
0.0323761016817982 0.0600823283988774 -0.0777243660419884 -0.00847189971740561
-0.00295467828520792 0.0859107871612841 -0.0686417442821465 -0.044300296725759
-0.0784452178941111 0.058571102044055 -0.0404650330259304 -0.0655603449067872
-0.121852131996426 -0.0261583266261258 -0.0126826217985079 -0.0632951844573788
-0.111020216499587 -0.0947027516839285 -0.0402047580488651 -0.0579334048330567
-0.0923621043965273 -0.0974639584381352 0.0101981633842558 -0.0431181791815138
-0.119223239486568 -0.040479042320885 -0.0140660555054272 0.0524785728164608
-0.0904533990754554 0.0473740453540082 0.0690905396126816 0.0602129878687191
-0.0184416990296577 0.0946548517670691 0.101393585466374 -0.0159054906095006
0.0353118232537711 0.0742535181950148 0.0455150098053547 -0.0820650224903095
0.0648319146349454 0.0437915897358995 -0.0138238817963008 -0.0643327384581956
0.072654076739422 0.00157962211973483 -0.0317461294898867 -0.0271728640079098
0.0652292243705738 -0.0122855805021328 -0.0332700821837265 -0.00598077943985991
0.0711207014063962 -0.00979416586822325 -0.0333465410518143 0.0156792987728789
0.0778664353996451 0.034185492087022 -0.0466500706330144 0.0241447636163243
0.0464257898979933 0.0724149278144481 -0.0650313687999897 0.0153113757390551
0.00340318337790876 0.108889464929482 -0.0729365384271266 -0.0223319144888701
-0.0896968792103879 0.0746786550967757 -0.0499592542965593 -0.0497386820136957
-0.136396799234437 -0.0274907868307613 -0.00593602487720419 -0.047626984369769
-0.121260089396913 -0.105731206105489 -0.0112106191257584 -0.0175906721399145
-0.0792566233937562 -0.109854216402046 0.0387581858281747 0.00610291137028393
-0.12121808113229 -0.0681728232962681 0.000484313726676727 0.0724058263008606
-0.112826746566488 0.0310480722881632 0.0595143611305963 0.0798369039933896
-0.0412292415633824 0.105662333286294 0.0977468399141679 0.0146158039828356
0.0305585870563812 0.0929361076018856 0.0630451490743039 -0.0507243844253244
0.0704382587433064 0.0576211211713751 0.0173232945298911 -0.047029996928231
0.0831596690912278 0.00842829505731636 0.00180847523038761 -0.0230088037378714
0.0742755140316 -0.0111184742494384 -0.00318674242850718 -0.0089942114027264
0.0768079333787591 -0.0115621848821282 -0.00388175386650775 0.0143906687906671
0.0820031353998142 0.0326693966950617 -0.0182058494295016 0.0322774435166741
0.0512521135062338 0.0741138964434072 -0.0457909621301259 0.0353605538334639
0.00575019641302427 0.113087808499479 -0.0678989989226326 -0.000483886049140847
-0.0891213642614479 0.0746364940668629 -0.0531092638103538 -0.0329081400809257
-0.129882767850067 -0.0294264933781298 0.0028424444424969 -0.0352933903627043
-0.111388298834082 -0.103435439620425 0.017616949510596 0.0201561540410336
-0.0516551955604098 -0.100302103492538 0.0617994114356205 0.0581554458768058
-0.0956602459570304 -0.0813489299530876 0.0151018633927738 0.090320109326172
-0.10786164317874 0.0055925343808604 0.0447264113949169 0.0927668980060996
-0.0548051262435829 0.090046995435015 0.0825267134867469 0.0424143681732385
0.0187951425221027 0.0916754024717012 0.0721435899091779 -0.0132343012783362
0.0627825717099793 0.059056443999429 0.0468271711788655 -0.024241904740353
0.0798802426298459 0.0134902898813267 0.0351482404380119 -0.0170715582831385
0.0717228420238225 -0.00854607864267464 0.0265100809855935 -0.0110015928790958
0.0722572125861666 -0.00999345309249042 0.0248086648674425 0.0127551119817347
0.0747386869198118 0.0284550811839566 0.00904955979563327 0.0379418955926814
0.0463772489043573 0.0680067803729525 -0.0259767465915147 0.05003419466423
-0.000469713533056927 0.102094742797528 -0.0598255305926512 0.0164849577050971
-0.0829961816666566 0.0576051373641843 -0.0514815656324928 -0.0187558375962838
-0.106028537060414 -0.0355162051517316 0.0102235614049329 -0.024142806306754
-0.0819775022382853 -0.0903751938682907 0.0402234904573486 0.0520130399665289
-0.0170987436745236 -0.0689296198159903 0.077320500579343 0.102804554803268
-0.0525095680661131 -0.0724906220641134 0.0271272680387465 0.101706016762811
-0.0771613042042941 -0.0150034892726983 0.0297659881424339 0.0959173905542513
-0.0515083555817717 0.0585432787755564 0.0624802443537465 0.0599263779358352
0.00661803632445038 0.0704834402189199 0.0723122288198006 0.0192774619361215
0.0441971069438007 0.0477999673270062 0.069652601655631 -0.0021889629248468
0.0613152936754836 0.0135795280956083 0.0634278381012414 -0.0112637386888026
0.0573516215939437 -0.00516287930895046 0.0518452310891313 -0.0117632690263151
0.0580865678681095 -0.00662289403590672 0.0491433507100875 0.0119823030818425
0.0591065670773099 0.0233635166648777 0.0312078244744428 0.0432504930448206
0.0347462679917653 0.0568149563100812 -0.00964327394981584 0.0623217595687183
-0.0100491014672685 0.0806706968860586 -0.053564546423948 0.0300908466456928
-0.0714589555352491 0.031767383098225 -0.0490841305253883 -0.00748499571364272
-0.0714679174145164 -0.0412839885354882 0.0121420433699629 -0.0149065998305014
-0.0407610589299396 -0.0695424070158196 0.0516044336649076 0.0756851870678321
0.0193053702568001 -0.0249319242146361 0.0843010565069064 0.126842008787909
-0.00437893403419745 -0.0449469824599644 0.0341669007421304 0.101723556231096
-0.0340297965284302 -0.0225385116297547 0.0193551750035901 0.093023216819006
-0.0318585105273446 0.0233823602274956 0.0479036248417805 0.0678674223062377
-0.000685492420148959 0.0372339903673318 0.0707276593598774 0.0387948260907877
0.0204345888993976 0.026650439414697 0.0823354705035757 0.0110286726038795
0.0334880914354783 0.0103877202741043 0.0804386227159504 -0.00750126722571871
0.0335647494994559 -0.0015293687577369 0.0689349960443655 -0.0110541586504465
0.0362368398857322 -0.0016229336029931 0.0667811677987252 0.012429619788401
0.0370186154955724 0.0161785948255058 0.0475018579230757 0.0499212811378266
0.021574755219959 0.0407618764949567 0.000484706324317414 0.0738036699561337
-0.0180519925182561 0.0531622123363007 -0.0522978833641356 0.0414253689907218
-0.0533234837023539 0.00507159984572727 -0.0502336601881534 -0.00104495467273544
-0.0319312096057717 -0.041064178462866 0.0106152326102234 -0.00829089380810081
0.00430181460528954 -0.0397632108334421 0.0499711700784672 0.0910128416234122
-0.0388687124864666 0.00586600055108795 -0.0631652046114232 -0.100253540371602
-0.00480459099152677 0.0320004906207865 -0.0344674623816802 0.0238144176845412
0.0270653221677048 0.0112995224125535 0.0637551526194031 0.0140434721845864
0.0157591611009165 -0.0213377497100629 0.0753080609640176 -0.0547086010426551
-0.00610505264116576 -0.0179471638403405 0.00192038845182368 -0.102611806877443
-0.0071776990802036 -0.00834928123268816 -0.0648346602644122 -0.0727896099787011
-0.0106259932202269 -0.00796182177173581 -0.0837320123574425 -0.0210713859150119
-0.00813988781441726 -0.00485632747692008 -0.0846881126391277 0.00862167962419378
2.53757221061642E-05 -0.00925254068588577 -0.0900794488954627 0.0134320787532089
0.00980891041330026 -0.00632340376763452 -0.0949259092267411 -0.00594530682740745
0.00957304312398262 -0.00149022527136382 -0.0821386323072812 -0.041355369270564
0.0177321410965466 0.0111172569141007 -0.0542322247334046 -0.0703243497673563
-0.00688147493432548 0.0304538039781103 -0.0211538906151949 -0.0891646400206798
-0.0466980772545437 0.0160355339969143 -0.0159497517355487 -0.104907717796438
-0.0522719037389752 -0.0228865905916156 -0.0803833927952913 -0.129412082234472
-0.0723973837320332 -0.0318595836923676 -0.0468465917476213 -0.100197574416886
-0.0517668035372313 0.0170451551227847 -0.0324011621196365 0.0282088135613434
-0.00823699000472642 0.034345770423238 0.0712567625900504 0.0227910538066079
0.0134152672215871 0.0204375800378177 0.0866869947758091 -0.0547540170672458
0.0127150893050477 0.0105023022980881 0.00933285310208152 -0.10918445361835
0.0216886268288854 0.00604778261603956 -0.0598313811671727 -0.0760090205645076
0.0217892814519598 -0.00902511583013308 -0.0789925672479209 -0.02435812718268
0.0219762904613903 -0.00934082545760836 -0.0790929193698072 0.00509738541972486
0.0315781285758761 -0.00827101870799564 -0.0821212509239726 0.0152520312071952
0.0396557904061541 0.0166510170407806 -0.0905187731644629 0.00201521257353028
0.0189325143299177 0.0360230206342256 -0.0858082977710788 -0.0305800692855814
0.000333620073118939 0.0524393454545893 -0.0627981389213091 -0.0641135775185454
-0.0518268391248172 0.0420242095355936 -0.0286320168938549 -0.0812021719787305
-0.0932694034143466 -0.0135377504705304 -0.016075856465112 -0.0857905157323797
-0.0905357074343437 -0.0693514137810458 -0.0666103592052687 -0.100115021243704
-0.0938355264741227 -0.0698718880739395 -0.0215226675870137 -0.0816549050980091
-0.0967112315273873 -0.00867002737471661 -0.0261010754741496 0.0394896579060579
-0.0515218567638344 0.0498796287826016 0.0758994913378448 0.0409769317196788
0.0026625112725787 0.0646923495813944 0.0999870635955533 -0.0425158909281735
0.0300011480705038 0.0444720266997462 0.0253211498404234 -0.105547347930331
0.0493475537445535 0.0246477134300361 -0.0428819469853302 -0.07579863358046
0.052486825679773 -0.00635140042473489 -0.062122824400367 -0.0274490007397759
0.048423345368189 -0.0124271225858958 -0.0619788008619303 -5.32723377247397E-05
0.0575509439678296 -0.0099686696807721 -0.0630051428374095 0.0172237341622928
0.065843577238488 0.0301489675804817 -0.075006662981567 0.0149823201318404
0.0353398006540375 0.0627757264707367 -0.0828061393759745 -0.00803601137522053
-0.000587861403419586 0.0900518958807865 -0.0738724737831817 -0.0467131496919271
-0.0813788183628947 0.0629786872294415 -0.0421260413963051 -0.0692755787836478
-0.128702385620048 -0.0255594057658131 -0.0132849160947199 -0.0670559001542388
-0.11832972946262 -0.0988307092133282 -0.0431370238806989 -0.060980028625718
-0.0974503259868823 -0.100525753615283 0.00912130675050316 -0.0445805487310425
-0.126262096352655 -0.0400985726005816 -0.0151864955504192 0.0568925019245755
-0.0934712889721084 0.0511221928792505 0.0734999862266688 0.0637018505235145
-0.0168629109825557 0.0993673272560565 0.108059445811503 -0.0175613779143481
0.0387187255753349 0.0766465325606391 0.0461923147866069 -0.0874642535906951
0.0694639705469756 0.0440506025447819 -0.0156046410749932 -0.0679311651643163
0.0767379966145323 -0.000354806957516376 -0.0333538743634943 -0.0279454819029682
0.0682184943684467 -0.0141908836537006 -0.0357724674073961 -0.00523546100071202
0.0740955197399948 -0.0122801779008041 -0.0354557674368275 0.0173199255677638
0.0828468934472159 0.0335754363798417 -0.049635050116089 0.026992402759923
0.0506984852630939 0.0758310650696833 -0.0693738134385482 0.0178420141628789
0.00616414450281274 0.113979408821581 -0.0774867861171331 -0.022886309876272
-0.0929355479062239 0.0803466757975424 -0.052595403634948 -0.0524930867785657
-0.144926178795144 -0.0264695123361922 -0.00617955845148548 -0.0509870210177708
-0.129067084368135 -0.110218609575912 -0.0118996694620245 -0.0189477506944557
-0.0835937502649974 -0.114182779636036 0.0400493410790248 0.0059274883135674
-0.129518053714734 -0.0699581313113064 0.000110870914814689 0.0771018654350646
-0.117652603878594 0.034239222764129 0.0634843158074103 0.0849011737111587
-0.041074066043715 0.111292500011553 0.103811940816418 0.0150888820520515
0.0348408006771247 0.0962010149394433 0.0650985265187717 -0.0544035663404955
0.0763699676964299 0.0579555888002753 0.0181291220705996 -0.0504242960364375
0.0886356948089293 0.00677225295997145 0.00167868712322093 -0.0253316717181454
0.0775126057824389 -0.0136383040689331 -0.00463576405816122 -0.00934026245986393
0.0799801577458844 -0.0136355919186094 -0.00437258115212708 0.0151840506744102
0.0876124102985387 0.0317619198625812 -0.0199515480311926 0.0350474478808597
0.0558976158134167 0.077241901235914 -0.0484241641239085 0.0387625993008591
0.0091877560192951 0.118304809973949 -0.0726540124562648 0.000179738006063066
-0.0920122633901062 0.0801680098425956 -0.0561937936932769 -0.0345421001513878
-0.137450740342218 -0.0287681247518418 0.00326072441305256 -0.0377930156244324
-0.118283908409675 -0.107520598990183 0.0194336456743187 0.0196455253923514
-0.0550464078175613 -0.104565743494954 0.0652034860532009 0.0603097463185907
-0.102274015689475 -0.0848136132176357 0.0163447717922215 0.0951511954121943
-0.11255285607293 0.00712266854292823 0.0475268632156684 0.0981729074858591
-0.0556551243874576 0.0954276706893604 0.0880308854811656 0.0443096346491443
0.0217742684237528 0.0956767686437076 0.0749427926214194 -0.0153354673447398
0.0677967833213515 0.060325059452509 0.049391608556574 -0.0268144281197279
0.0845570959053557 0.0116843768034107 0.037507116241996 -0.0196928349265728
0.0748751886235241 -0.0108734741139053 0.0269508242839207 -0.0126768284516054
0.0753633310747636 -0.0124125763633591 0.0259012516733983 0.0130899906985948
0.0792862005340243 0.0279241454775827 0.00925546582655983 0.0403230930000082
0.0501418999311675 0.0713049332649052 -0.0268164791035849 0.0542766857355579
0.0021912264421761 0.106951215596194 -0.0638165852778489 0.0180069680661949
-0.0857593871408691 0.0620681489273423 -0.054043128278705 -0.0194082703300176
-0.112108816805937 -0.0356923266714966 0.0106139273648208 -0.0263709823115737
-0.0875270393152689 -0.0943410888392981 0.043483101563058 0.052755357845574
-0.0182362269013205 -0.0719050653062904 0.0822288023838355 0.107030199474059
-0.0566357445878061 -0.0754927926288389 0.0283063859405775 0.10623612317526
-0.0810225494590457 -0.0145074086973912 0.0318444560655866 0.101142247174546
-0.0528538252236075 0.0619824305739836 0.0667378674509769 0.0632949479138497
0.00869303697568424 0.0740152584814332 0.0761647753776236 0.0188045287877387
0.0482207285499302 0.0489505199460088 0.0735869048480169 -0.0044177659134415
0.0651744804161677 0.0123561002833423 0.067019684601685 -0.014387532480832
0.0601425030699724 -0.00669810840105205 0.0537570386108027 -0.0141669646342935
0.0605371139972163 -0.00783145932312267 0.051300283750695 0.0111268240683078
0.0624673925361483 0.022770165041846 0.0332422134507552 0.0448145447768658
0.0383859444580774 0.0592447695530795 -0.00941950704894264 0.0666344490692231
-0.00875137171088234 0.0849818716675587 -0.0569641226217296 0.0324615543488734
-0.0746930474517393 0.0351695384076984 -0.051960996030047 -0.00724929230253602
-0.0758598839012535 -0.042771846922019 0.0129596081732769 -0.0167232642057456
-0.0432895955932838 -0.0722267965997389 0.0558603057128692 0.077363854924229
0.0205832613394943 -0.0268063146505198 0.0905704368771636 0.131963405396709
-0.00531541966320397 -0.0478961671401843 0.0362279483253937 0.105804453323875
-0.0359465773607928 -0.0232729317638389 0.0208307486757105 0.0980029869500296
-0.0332810701628824 0.0250419385456528 0.0509403790961555 0.0713458412584949
0.00028814634011274 0.039019921044834 0.0750356178748739 0.0392696512523034
0.0221238598120558 0.0277478043959251 0.0876257087820232 0.00960752959461227
0.0359541083741003 0.00985761533026419 0.0849584318004538 -0.0109079078797997
0.0354545948644202 -0.00184139756835889 0.0716556745768334 -0.0137020392650375
0.0380556416231857 -0.00263248841977022 0.0695720103734766 0.0120460612463065
0.039109872843507 0.0160046194341777 0.0507361648533675 0.0515476830510755
0.0235793597021567 0.0426855367079225 0.00106965961798137 0.0783014062929402
-0.0180745615662875 0.056273016351268 -0.0552769352847652 0.0445523130999337
-0.0558664503775909 0.00632082914381661 -0.053050037859811 -0.000823400642473332
-0.0339763059603702 -0.0431626842405095 0.0116796755732997 -0.0102196191660661
0.00478570413251158 -0.0420763307422658 0.0539092944581004 0.0936316842001613
-0.0406454669192696 0.00720447245373618 -0.0708296423877047 -0.101575647045502
-0.00361717887514914 0.0346633815397833 -0.0349716561451765 0.0271394300833447
0.029075804980627 0.0098418175318904 0.0683018893673434 0.0121376054775102
0.0153167101174902 -0.0230783147069502 0.0770556746387296 -0.0617395536798579
-0.00780277397523456 -0.0185201023405152 -0.00261561691506413 -0.108046655623737
-0.00879315633158763 -0.00868787711387244 -0.0720061706363198 -0.0725251606839033
-0.0117825471907474 -0.00764452525238778 -0.0885789462826959 -0.0174572775725251
-0.00855622381468726 -0.00462257144197514 -0.0877205517419101 0.0145301619741316
-0.000616687081605488 -0.0102244008578682 -0.0939397272232846 0.0202832272621755
0.00979948129259869 -0.00792044067253613 -0.100448487562239 -0.000947805440131776
0.00970216020690216 -0.0015776209905114 -0.0886389256637338 -0.0398102597321496
0.018990924593998 0.0106870908298581 -0.0601347096283309 -0.0715201212267243
-0.00577548552100475 0.0324963137826756 -0.0250688089630248 -0.0936045590277244
-0.0480944083366522 0.0194647237807576 -0.0204682557762966 -0.109899498982467
-0.0564841423212203 -0.0220009406335714 -0.0904598043606816 -0.130574084456508
-0.0766081642408509 -0.0307062313670564 -0.0538446385934713 -0.102159143529615
-0.0538565620474581 0.0208012245106851 -0.0328678641212812 0.0317873678565426
-0.00647810843241001 0.0357890807035506 0.0761227647402679 0.0209972308811968
0.0154577891764327 0.0201645299536231 0.0893249106888475 -0.0614424549742396
0.0139616588019422 0.00991565826234208 0.00488476839260854 -0.114540489210064
0.0226850996292644 0.00468908663185469 -0.0667998848301319 -0.0769864013046842
0.0218035059179608 -0.0104642286081952 -0.0835100623164855 -0.0212067305857707
0.0220254484347092 -0.0110143534495287 -0.0822430319179303 0.0101820574470352
0.032271621099629 -0.0105078740357002 -0.0855405254021284 0.0211794342358095
0.0425013996462194 0.0147168679628452 -0.0957352261625685 0.00747433570911881
0.0218871600772522 0.0369248293397741 -0.0921514608920463 -0.0278867840632874
0.00347339598676642 0.054327302928922 -0.0686170985957046 -0.0650465801346669
-0.0521467181383142 0.0466369704564015 -0.032754711789224 -0.085047577976047
-0.0982726780240792 -0.00936939450128233 -0.0204816672049251 -0.0898276547085196
-0.0980157548853682 -0.0685934689436546 -0.0745256411406373 -0.101382241188065
-0.100482495848714 -0.0693199834690836 -0.0265486864823689 -0.0837505974129582
-0.101808079665548 -0.0037263522198384 -0.0266289051673689 0.0439143788363893
-0.0505443790361377 0.0541712261619953 0.0812601153277477 0.0398830861281325
0.00696285611493854 0.0669526459881658 0.103361863230845 -0.0494328900226819
0.033519301579113 0.0443660786004425 0.0211176838489986 -0.112052575060495
0.0529892888309856 0.0223186672785982 -0.0489345624484475 -0.0776388780846254
0.0545814439675089 -0.00952557648518146 -0.0656623065996033 -0.0253546973424375
0.0491580958215033 -0.0160323708353988 -0.0647757508004865 0.00381980285000668
0.0592391383623006 -0.0132941537300047 -0.064908552386613 0.0218549685404045
0.0708130263136097 0.026555236360372 -0.0784551136560085 0.0203108156438684
0.0404055004890678 0.0639059769358277 -0.0881025612150509 -0.00387470664777486
0.00444097856516359 0.0939437986692265 -0.0803599231345563 -0.0458116514939935
-0.0819708123499593 0.0704211728793699 -0.046592874769453 -0.0713363903441367
-0.136712122046009 -0.0206460004036569 -0.0159543605424917 -0.070440444104031
-0.129007123751329 -0.0977285593650358 -0.047658527958469 -0.0616052200025351
-0.10600128912739 -0.100655753650827 0.00675172521227658 -0.0464962622605663
-0.134698113530065 -0.0354911907653329 -0.0150044049860953 0.0612057324056062
-0.0939379561785344 0.0574633993322388 0.0796733167077619 0.0642938230141746
-0.0118660237842608 0.104413229186518 0.112879798058241 -0.0232708375767912
0.0449775687767397 0.0779042253884377 0.0434224451427988 -0.0939077168758084
0.0752025498530924 0.0413929376987038 -0.0195539193994588 -0.0704475941461628
0.0803309105937061 -0.00532545344727956 -0.0362213043752068 -0.027662592174509
0.0700225287261569 -0.0182378125321164 -0.0379598461202431 -0.0029955156943002
0.0760822494448312 -0.0173423749452659 -0.0363727646804062 0.0200702379309099
0.0887157308598097 0.0301072778304274 -0.0514718281061512 0.0316346515766183
0.0569456780514809 0.0768026886298439 -0.0727089478163008 0.0218043079331782
0.013186955010561 0.117955076215756 -0.083662484813533 -0.0206653636656709
-0.0929419651250002 0.088720820352589 -0.0563417552435766 -0.0532728095024829
-0.153011659580363 -0.0210203935804619 -0.00811827183187822 -0.0538752695212012
-0.139934016369998 -0.109552194998954 -0.0131665926620731 -0.0199252294715114
-0.0917522889907149 -0.115838829691617 0.0412707803747248 0.00477449266251697
-0.139444010917981 -0.0666863013081761 0.00224768645872406 0.0809129224800474
-0.120616319248286 0.040895805452758 0.069443373923162 0.0876098073718681
-0.0363040071724266 0.117508057635677 0.109961981115591 0.0115457970590184
0.0419320470528445 0.0982024449937792 0.0645511317234716 -0.0601730147642383
0.0836846569989348 0.0557146018974814 0.0162118648230328 -0.0543218704805234
0.0929093855326091 0.00127827967129848 0.00071218229327211 -0.0270447034502549
0.080193520207677 -0.0184301664726462 -0.00615395443501408 -0.00947692461578269
0.0823036373869443 -0.0185712175980457 -0.00436142060325919 0.0166176451223496
0.0932823900743834 0.0277086124760692 -0.0197683398833186 0.0381845062993524
0.0625790715136863 0.0778263353777697 -0.0496404964582264 0.0433435885655939
0.0166533820160691 0.122895486899427 -0.077751588143215 0.00314012604005849
-0.0924325706761451 0.0883487059476068 -0.0597608389511875 -0.0340265988392351
-0.145813605628635 -0.0231789199800655 0.00212604513692481 -0.0404842737551496
-0.128690736686355 -0.106512001944156 0.0215405738810994 0.0187011438843511
-0.0616124350358069 -0.10614114985854 0.0708452382045192 0.0608103332200908
-0.111756527942539 -0.0831903150587082 0.0192078267297431 0.0988507618850443
-0.116719744175969 0.0126446099849127 0.0537521185193647 0.101766039399987
-0.0533026603123271 0.102128759814842 0.0946941409881859 0.0430841811131387
0.0285366690142763 0.0983575618274801 0.076693176555552 -0.0195615776438616
0.074594981090174 0.0587246331464338 0.0511008987480863 -0.0312472389076501
0.0891948178796106 0.00629092417107679 0.0378058085664439 -0.0231015948032564
0.0772793136010145 -0.0155357177449169 0.0265436643476086 -0.0150116724989398
0.0774189154750818 -0.0164940322409966 0.0270674317474559 0.0119458018218836
0.0851555360011843 0.024398775625362 0.0107991691082476 0.0420200206086702
0.0565480625173019 0.0716089304727034 -0.0262246656409337 0.0582399098189052
0.00877164702234715 0.111075801194338 -0.0675678882160421 0.0223446362067755
-0.0867120060232064 0.0692129046457415 -0.0571430636709102 -0.0174108922693596
-0.11946010451778 -0.0314562390594897 0.0104798653789834 -0.0292576111466752
-0.0951835881581505 -0.09431547147393 0.0484762630883567 0.0514072455485829
-0.0214382003295678 -0.0742808335532666 0.0907883669252151 0.108304430188799
-0.0622688273358217 -0.0766815242664503 0.032476214571618 0.109884616803808
-0.0853246310720255 -0.0118063103425246 0.0370422898630371 0.105495126292647
-0.052081033263621 0.0669083230637592 0.0725779015246651 0.0637588530851762
0.0132385176495699 0.0767717522970057 0.0796505824468048 0.016230989063979
0.053344822095117 0.0481796058830759 0.0773405140636416 -0.008961013389121
0.0691910468512484 0.00859778942339073 0.0693204768935127 -0.0200729177773924
0.0620762480790497 -0.0102380118371247 0.0544745710528005 -0.0184444237117876
0.0628072468573529 -0.0115977534442853 0.0537690580910629 0.00853109663106354
0.0662962592277952 0.0204328492586477 0.0364983664304221 0.0457526320627739
0.0429624168550714 0.0599327885262904 -0.00699316137537892 0.0702948076968918
-0.0041951098026395 0.089197941930708 -0.0593056602349372 0.0364979806664892
-0.0762033649580169 0.0402631965009916 -0.0546105882255951 -0.00541452251883912
-0.0813850129179066 -0.0410814606467985 0.0137342248297453 -0.018785441065284
-0.0480223638295976 -0.0735568338409465 0.0627163731565996 0.0765454078738234
0.020679034098361 -0.0284334143217787 0.100801819224674 0.134376940555665
-0.00726428090112428 -0.049774563945486 0.0411691498424465 0.108305860834807
-0.0390729863070616 -0.0232384007390551 0.0249602729774396 0.103026269750301
-0.0336094338999809 0.0273491244237396 0.0566443395428378 0.0733206007670656
0.00288396708648434 0.0413617641256411 0.0803141210536256 0.0378719986197119
0.0250980423922908 0.0275197969965795 0.0931476403957343 0.0042135265421082
0.0378209711162195 0.00796979654574375 0.0884094690940665 -0.0173519930057382
0.0365719037325706 -0.00376667533099087 0.0733638719042159 -0.0191193428159847
0.0389486951273295 -0.00483602626402677 0.0728426518304925 0.00816189534562112
0.0416556076545566 0.0148345646089424 0.0550347639052206 0.0513372702602208
0.0273011807425379 0.0431580386609772 0.00422658545988776 0.0823814207785838
-0.0152543397150629 0.0599633286309025 -0.0572272082085529 0.0491781159417413
-0.0584159987813206 0.00937257227581872 -0.0559129827841624 0.00143332845537073
-0.0374618241607062 -0.0438846842703513 0.0117986484325717 -0.0121208238747971
0.00380476395816848 -0.0440504273241009 0.0614207730350488 0.0935644188285896
-0.0415916479291309 -0.0112769364172873 -0.0199169257016247 -0.124577452760971
-0.0184002259053434 0.0307798775553899 -0.044080925907401 0.00915491724283658
0.022440091127583 0.0215208853769575 0.0575027623342832 0.0411340244444197
0.0235212325154822 -0.0145480491786325 0.0991213697636608 -0.0231525904129962
-0.000605905262766279 -0.0201747055902168 0.0447264731028701 -0.100777023252584
-0.00512709819256968 -0.0116923184696816 -0.0341846316454171 -0.0983814836891246
-0.00894570250076546 -0.0120325599386511 -0.0736357288174833 -0.0544133132813902
-0.0063422911572679 -0.00804003259297234 -0.0865456467123844 -0.023591822791534
0.00276003905435453 -0.00931437667634186 -0.0950904874070732 -0.0207123717091313
0.0114907246759715 -0.00258134414201679 -0.0924647373871348 -0.0437106154479279
0.00948146795584541 0.00337430899912439 -0.0645966892949709 -0.0756968847360211
0.011583877300197 0.0171744278926237 -0.0217137303555089 -0.091450948491884
-0.0201868773868491 0.0259889837297961 0.0203988286718459 -0.0982240539538569
-0.0532718654376389 -0.00467610038562031 0.0329241826068342 -0.112796889747362
-0.0432136684122564 -0.0453538311131636 -0.0193285422717266 -0.163531921367507
-0.0576878054167254 -0.0619903438067852 -0.00489435253210097 -0.116192874041338
-0.0586976016468378 -0.00399264722393062 -0.0432246591727234 0.0164341002643349
-0.0219297295052593 0.0291303219111851 0.0622205582069873 0.0533760460136061
0.00454766334542681 0.0248138431013044 0.111790457515634 -0.0175514727707353
0.00676443103454527 0.0157690650080587 0.0558814577709723 -0.104641116378708
0.0182093959072279 0.0140435966494854 -0.0268081024975841 -0.101040786589472
0.0238904914729011 -0.000222598028838409 -0.0669097890683568 -0.0564951559374141
0.0247975009956678 0.000255824047862108 -0.0797053078278167 -0.0256527631065303
0.0342580901454666 0.00436803444651153 -0.0882665436068758 -0.0162186465886647
0.0328731536338574 0.0315589214488216 -0.0914361170736422 -0.033379285990617
0.00370482097011849 0.044275356153416 -0.073744107196599 -0.0658058735839922
-0.0218243229993818 0.0503028856476983 -0.0344810205536236 -0.0896030178933544
-0.0689907180992316 0.0182757904932257 0.00847722315121513 -0.094228162685065
-0.0869861202753491 -0.0531466655209447 0.0253636270198747 -0.094784144728141
-0.0605392448862864 -0.106167633548096 -0.017935882897903 -0.129053103807589
-0.0618104752472599 -0.108705202622404 0.010774813190865 -0.0868648180757935
-0.0924548932769139 -0.0482793839821586 -0.0427613842288463 0.031344557570439
-0.071123615794654 0.0262658746055907 0.059413543349507 0.0745358533431687
-0.0235739803878122 0.0634875243723551 0.120632882619602 0.000322575221309404
0.00983537504245183 0.0555810882042555 0.0712343560455591 -0.0952836600717462
0.0390948259867197 0.0435639116222038 -0.0099643497937813 -0.0948825252503044
0.0538847671075889 0.01430120660422 -0.048970128975348 -0.0528691741257867
0.0526202108245824 0.00708668421922618 -0.0610041296651198 -0.0243356013754057
0.0600664528359419 0.013388106407798 -0.0696020052889953 -0.00700485637621672
0.0545825850024035 0.0550194915722194 -0.0814019745162691 -0.0136668660734523
0.00947297472689878 0.0777854561208863 -0.0809193643773281 -0.04070771787166
-0.0374331575614525 0.0873173966410491 -0.0552117925768407 -0.0767175843759511
-0.107009157601401 0.0269364842726545 -0.0111685080115305 -0.0889178683000034
-0.117380788102982 -0.0798013223723061 0.0208486737055057 -0.0759861690601435
-0.0756019874227718 -0.146001926797768 -0.0110789505369422 -0.0803883091254789
-0.0522748095589342 -0.140744339362207 0.0240572427747781 -0.0372629092785583
-0.108862233417601 -0.0929593601748972 -0.0398590524620903 0.0539533764493268
-0.112143891363577 0.00963503518308621 0.0472192962166162 0.0974925549111502
-0.0569369309230336 0.0890427838563543 0.11863788065889 0.0295916224455045
0.00590260366748297 0.0902735494159711 0.0853670970408888 -0.0692229208956001
0.0518367394661666 0.0704987944737308 0.0144664452925008 -0.0762345444217919
0.0768532654814794 0.0295568756779143 -0.0205403629902713 -0.0426356585560418
0.0730527112503421 0.0134703782210702 -0.0335705818937589 -0.0193690528003979
0.076982541644407 0.017279978968269 -0.0419787617179958 0.00378657585228757
0.0702437719335751 0.0654643638702573 -0.0617150405559885 0.00814804088591747
0.0194233163451941 0.0964048048749944 -0.0782884646682934 -0.00920991007846282
-0.0390774731976664 0.11363125710585 -0.0703957117731731 -0.054466666316703
-0.12556725441429 0.038844945956649 -0.0300373871788013 -0.0766407181185401
-0.132858104352987 -0.0871497322209548 0.021158876344215 -0.0575903926262364
-0.0809982210484867 -0.162005270789409 0.000844835402389147 -0.0261282992533194
-0.032064996826818 -0.148613199092076 0.0327474958651433 0.0261492669280074
-0.0992983142392127 -0.124171603416327 -0.033740627916606 0.0802542424964796
-0.129258409061783 -0.0171233326344478 0.0272168530838262 0.115014130934028
-0.0847351691079992 0.0900272758456969 0.100553688033653 0.0609186337238525
-0.0058698507120535 0.108134770380789 0.0905348531798449 -0.028560223463576
0.0532416031755859 0.0869681512848092 0.0408052295286434 -0.0456668755131306
0.0862532112450624 0.0407878159809131 0.0135491198877588 -0.0257171331326451
0.0825766917777295 0.0177954360516311 -0.00171547805011895 -0.0118098376240335
0.083726602140765 0.0177674113796782 -0.0112917023908819 0.0140500467134937
0.0752924179432052 0.0649616386590713 -0.0357159512572342 0.0278812352105191
0.0251141095925084 0.0999868229161811 -0.0666413989065018 0.0211915925345567
-0.0378102585585121 0.119449150489554 -0.0762832555134507 -0.0298144665504877
-0.124628873669201 0.0397858240391251 -0.0418598858135325 -0.0601070358394113
-0.124320425696448 -0.0861479743830077 0.0246560075778662 -0.0400668072236732
-0.0713924987440593 -0.154745388005758 0.0141774762071865 0.0261461492151515
-0.00798839929661043 -0.127409970976349 0.0349691542177756 0.0897590294736796
-0.0665506997055004 -0.127846318499244 -0.0266071591410812 0.103735081390873
-0.113024462591223 -0.0427502612856912 0.00493549254157472 0.121143108528037
-0.0932045796305686 0.0682401814232638 0.0712298804540743 0.0842092794851063
-0.0177363249716909 0.101735730420747 0.0839310495238471 0.014863846180559
0.0438916565492132 0.0857631644072446 0.0623415890311587 -0.00848402999488619
0.0807971681468508 0.0437576128296715 0.0465360909351328 -0.0067250737044422
0.0793666903051751 0.0196274732353096 0.0306025704050104 -0.00266659340196513
0.0787164765169109 0.0173456525765913 0.0194261526379714 0.0229541511283859
0.0686388563640556 0.0583044426917054 -0.0086528337006317 0.0442972504381829
0.0222534860694715 0.0911804691803863 -0.0518310272212199 0.0449207521804921
-0.0394039819515808 0.10571498004887 -0.0750774181519316 -0.00813753875226069
-0.110708986392221 0.0249673608883591 -0.0467090641954941 -0.0443765984679296
-0.0962645204491501 -0.0819059514886542 0.0267455281836981 -0.025069749021051
-0.0460276802371121 -0.128106097801679 0.0228815438095017 0.0691963058144084
0.0149234103780072 -0.0804074073570229 0.0329816057932101 0.142125139388377
-0.0231979604710395 -0.100176138912926 -0.0197724443221734 0.118306034777234
-0.0730188736317297 -0.0516419858285514 -0.0136281607444751 0.116571130370383
-0.0772396820471637 0.0371684632807357 0.0400419032672251 0.0933293421406725
-0.0215274833130172 0.0754639244876895 0.0698633058728471 0.0501998229946923
0.0284227646856754 0.0668544219071158 0.0771208778984955 0.0242364580522162
0.0615664738072652 0.0368861862943579 0.0733918324124105 0.0101891151285764
0.0626658481371023 0.0174764321106049 0.0573472950869154 0.00557167016838308
0.0626550200212819 0.0156650088780195 0.0447242799045368 0.0311085084607064
0.0535357803608541 0.0463389488848285 0.0131010139386146 0.0577232385564995
0.0148989274270628 0.0746061479867706 -0.0384087105615952 0.0635107503831746
-0.0420376215224521 0.0801054192719031 -0.0742203347288062 0.00855864954516162
-0.0882629828980856 0.00309318591170189 -0.0495271712778499 -0.0312149984378607
-0.0567367430110532 -0.0736609659318264 0.024256997289334 -0.0134595789719308
-0.0113252260911769 -0.088010137999452 0.0234422398009245 0.0989889874506087
0.0331051487990116 -0.0195747118456015 0.0318224589393043 0.16922955957009
0.0160209585873479 -0.0508412476628901 -0.01205925236602 0.119238418775128
-0.0243805066774207 -0.0406947034100568 -0.0244516621240249 0.107522439469731
-0.0424162185642615 0.00896297362727575 0.0195444671398142 0.0943770568998404
-0.0154576263911864 0.0376943234576284 0.0591377877552321 0.0705202707672045
0.0113062052170791 0.0351773351243563 0.0856528299014606 0.0446360628363471
0.0330034526289889 0.0231510931783576 0.0895473951512855 0.0213200391005237
0.0365831010291284 0.0125735082079744 0.0749846474409536 0.0122910505593164
0.0388363734888847 0.0121515691695525 0.0623719975108143 0.038116823978413
0.0326697051974994 0.0308417717466795 0.0278557985907971 0.0707948735278379
0.0068699875264587 0.0520733955210985 -0.0335838059772874 0.0796777363553582
-0.0401081982640122 0.0490006947071851 -0.0775752017482454 0.0201075500120757
-0.0589574669307407 -0.0176423662077457 -0.0532591181759948 -0.0256796631613453
-0.0147547024192477 -0.0571021535945155 0.0190471475241636 -0.00693825282395941
0.0238262180802094 -0.0384537036267129 0.0127666372523776 0.114188349320574
-0.0419739336265144 -0.00980469567390431 -0.0269490348077113 -0.122505165170104
-0.0167125461950982 0.0322451414645399 -0.0441557787214331 0.0123799063083461
0.0235497883241272 0.0199525910574872 0.0598371029370436 0.0379477166199205
0.0226997802855165 -0.0160965945796338 0.0980861670745447 -0.0288859679453659
-0.00176913253878756 -0.0203685381420986 0.0392274134535501 -0.10279974363706
-0.00644118952932533 -0.011385383923249 -0.0402608254017466 -0.09589348050813
-0.0101224393602008 -0.0111991877707292 -0.0762497883621789 -0.0491918143463031
-0.00705095499580832 -0.00718822984456328 -0.0868921916892376 -0.0175194733160765
0.00203580548040735 -0.00938929360565989 -0.0956642620321917 -0.01430870100084
0.0118479092749871 -0.00338306379337573 -0.0951115961926455 -0.0377426060125986
0.00977433245826474 0.00248949819894397 -0.0693709574912362 -0.072592191523029
0.0125717321898012 0.0161625480647561 -0.0257713280595471 -0.0905984866053123
-0.0188868863204738 0.0273685112866053 0.0166729880775615 -0.0995835321270797
-0.0539471218325934 -0.00101517111221886 0.0278508633772903 -0.113819090619208
-0.04541582015412 -0.0428773974018477 -0.0285772529914982 -0.161149811671709
-0.0606528993264426 -0.0593049052950183 -0.0111094424923142 -0.115085136462539
-0.0590427057195579 -0.000140279850264271 -0.0431343584992665 0.0192894624439244
-0.0196732808395877 0.0302694077087335 0.0647986822753967 0.0505399509535891
0.00647925056218459 0.0240676115263666 0.111023233314851 -0.0239535848430504
0.00757076911563171 0.0146056600483468 0.0499258612132675 -0.107035269717729
0.0184271028534305 0.0127107008636527 -0.03305544186126 -0.0988899478865448
0.0232499820956139 -0.00210083550311585 -0.0701359116257281 -0.0519306215940701
0.0240422294650283 -0.00164357519402869 -0.0807741844011409 -0.0199284308394901
0.0336746416482075 0.00161061368012301 -0.0890885670273291 -0.00973781248573777
0.035161141596648 0.028982514161963 -0.0945747275390167 -0.02735874247242
0.00659499341783101 0.0441956064417248 -0.0777714020366197 -0.061656045723832
-0.0183759492002259 0.0509689490840647 -0.0392051272110682 -0.0878280336434464
-0.0676383303878805 0.0223220174098834 0.00527140299514818 -0.0951490138597992
-0.0899917107522225 -0.0477834281684388 0.0209987961316551 -0.0956625985481669
-0.0663089828922249 -0.102902743087204 -0.0249732949384454 -0.127558444232318
-0.066758568268013 -0.104893141940717 0.00531968421160308 -0.0864250271755704
-0.0953185356443712 -0.0424891061267207 -0.0421498243451386 0.0342662806992302
-0.0682901446071674 0.0296696118375919 0.0632042710907208 0.0717460894078705
-0.0187922146604527 0.0639703238328018 0.121262743150319 -0.00619951939486582
0.0132258713395007 0.0546208504210413 0.0650706966128573 -0.0991389756880574
0.0414348464202167 0.0399903760732223 -0.0156846343409562 -0.0938728001375358
0.0546617699323518 0.0100985607012171 -0.051265184631868 -0.0493910385103945
0.0523865916360004 0.00387672395772402 -0.0620793332117309 -0.0194625668781941
0.0601445026322355 0.00895837646474094 -0.0697681738573245 -0.00194622114840261
0.0576279779627311 0.0505688596039691 -0.0831402877095041 -0.0084953984262778
0.014257957606597 0.0769064414409337 -0.0838648316842891 -0.0365076658765552
-0.0318073714580681 0.0882921603955248 -0.059633666958744 -0.0741028166664147
-0.105076530815088 0.0329427843065437 -0.0142509329406724 -0.0881884625184999
-0.122022426917453 -0.072624519225021 0.0178166618841084 -0.0774168803718166
-0.0833171132654515 -0.141525606891991 -0.0152776326706363 -0.0800419197970914
-0.0584918600426634 -0.137390132504326 0.0209043776101117 -0.0380430104588764
-0.114294770516529 -0.085735257124997 -0.0380128728274659 0.0558290088648779
-0.110519350351463 0.0157611067417461 0.0520903933048977 0.0957281082746039
-0.0501137954952198 0.0914274416381913 0.120360390317986 0.0236620062776678
0.0113150725552611 0.0893472483046641 0.0802954140196637 -0.0738128992681494
0.0562007660268581 0.0660622736181243 0.00963535310948041 -0.0767628764657994
0.077939448248777 0.0233174894706762 -0.0227804832853377 -0.0411370716900686
0.0732037894728571 0.00860968552490246 -0.0351519418990043 -0.016878551933329
0.0772820632794312 0.0116800457931188 -0.0423388519443405 0.00667236809815749
0.0736520675106467 0.0598242998510866 -0.0622798793805308 0.0121084967226653
0.0254297438534071 0.0954690993044829 -0.0797937228794082 -0.004744412278709
-0.031683278970556 0.114547017041308 -0.0744145915841843 -0.0510027819326238
-0.122432871402222 0.046243710553311 -0.0326009164866925 -0.0750067384253467
-0.13720666947203 -0.0790811184778251 0.0186424786512862 -0.0592874596980519
-0.0893298927889357 -0.156855479587951 -0.000248576349677432 -0.0263947924915585
-0.0390427809277342 -0.146007418432124 0.0329453846608239 0.0239922220742271
-0.106413716973684 -0.11751896404754 -0.0311517025976885 0.0813788735160294
-0.128718280623106 -0.0107306191634515 0.0321991949947515 0.114213810584652
-0.0782538764894295 0.0940540500791657 0.103734636243841 0.0564161894084978
0.000794327136694795 0.107272442897752 0.0876562485139829 -0.0332963625874784
0.0590531351875771 0.0824395723589725 0.037890561947599 -0.0474871399234067
0.088425171232028 0.033522756935161 0.0121056859969554 -0.0271194379980079
0.082949186394462 0.012010166461197 -0.00313330155788957 -0.011626236454071
0.0834454486037259 0.0121499957097232 -0.0109938274019097 0.0147931894395183
0.0790043226061614 0.0595797692883424 -0.0348668237921286 0.0301533889895397
0.0311970791242337 0.0983303311770688 -0.0661794223048352 0.0246635150720238
-0.0293880806045181 0.120454843262487 -0.0789640885863413 -0.0257672403388104
-0.121723961635406 0.0467284530778486 -0.043870194235134 -0.0579208174646325
-0.129038040013911 -0.0783572936020539 0.0229089552064195 -0.0420526782561561
-0.07934773791465 -0.149663511949932 0.0158306775125993 0.0241090758291474
-0.013558871227168 -0.126268881559333 0.0387988245482953 0.0878818820175004
-0.0735044513124054 -0.123463972522452 -0.0226690487297813 0.104062985558057
-0.11424081982093 -0.0368321116798031 0.00992374460099082 0.121529078131799
-0.0882320144813563 0.0728725019172654 0.0750574416422049 0.0805546882685922
-0.0115451631818992 0.101946581286732 0.0830638007193892 0.010635523800827
0.0494981898457233 0.0815799524995127 0.0620391644904255 -0.0122473356635481
0.0829609901476643 0.0372635649396827 0.0459850967405347 -0.0102376306612176
0.0796351710856449 0.0137285426098083 0.0293250458118797 -0.00524639895828716
0.0790003245350556 0.0120092957947743 0.0199100554626466 0.0213584230755686
0.071864231086885 0.053083424582518 -0.00750084557436797 0.0448001128165539
0.0276177472222316 0.0898542797996455 -0.0494281096259772 0.047839322395656
-0.0321944374272363 0.107063768257945 -0.0769741512049281 -0.00445452913583993
-0.10854924367775 0.031383168780909 -0.0480750567136357 -0.0411214794074992
-0.100924451577289 -0.0762457951139093 0.0256442097566089 -0.0271196903115621
-0.052359001541612 -0.124503193914942 0.0271661373465713 0.0659166490485826
0.0111184832752953 -0.0806172060165073 0.040637142561135 0.139300168034597
-0.0288417145878427 -0.0983387137127753 -0.0152308814322402 0.117658846213352
-0.0750276612051691 -0.0474712043052587 -0.00850444549230754 0.118014278426461
-0.0740405132627865 0.0409230025479232 0.0449611181856407 0.0916722388638971
-0.0164896889828559 0.0755336534179569 0.0711921427668714 0.046538232269161
0.0327269112738008 0.0641129354070941 0.0785970941534943 0.0193377094017983
0.0633809346745885 0.0321124187478454 0.0738704867865309 0.00523028135422072
0.063193356903867 0.0131015750601141 0.0563742332040705 0.00127938543032431
0.0632319374787712 0.0115534614758044 0.0455276188764014 0.0275747681685263
0.0559463997823122 0.0426676944749614 0.0160020120809976 0.0569451715279422
0.0192433569049989 0.0734444674171816 -0.0360533363837377 0.0658766440035137
-0.0359926888686964 0.0823123516738984 -0.074831361666712 0.0118018882000315
-0.0878511801693238 0.00775879705345439 -0.0507495339282541 -0.02846195476194
-0.06101227175499 -0.0704516766784162 0.0240501306539612 -0.0159002000971391
-0.0155071723015603 -0.0868481348386513 0.029090471843193 0.0955188039351111
0.032779021020984 -0.0210100613838346 0.0404102080790459 0.166728448490675
0.0134806380583301 -0.0518677066181176 -0.00760705107842735 0.118309186874352
-0.0267448985065535 -0.0391943179224075 -0.020018547011552 0.108766579083297
-0.0420050862485803 0.011252414845401 0.0242531057128624 0.0936122608130603
-0.0126020370190733 0.0383949847267822 0.0620472982588578 0.0669089240714642
0.0136830588695728 0.0343252215885591 0.0883735408025568 0.0391621227253426
0.0336546603374676 0.0206972074503944 0.0904882303721045 0.0147844346457239
0.0372366598901663 0.00984778354804247 0.074385072167193 0.00717460142502109
0.0389380073592174 0.0100938276030534 0.0635496963762165 0.0335139706763319
0.0342646239011781 0.0291034750666293 0.0308688246016656 0.0689168002035384
0.00990342035930236 0.0511507075058342 -0.0293891961151607 0.0804552255619058
-0.0367034518787587 0.0512869705691309 -0.0772500326717597 0.0242509373937705
-0.0593002872031345 -0.0143735439773336 -0.0543922159201666 -0.0223341548470668
-0.0176355563388895 -0.0558116871685851 0.0194035039903955 -0.00946475563061051
0.0221102465981566 -0.0391155270477956 0.0198751363944269 0.111295850695212
-0.0424308926619554 -0.00891055259622521 -0.0311818663003161 -0.119625662069699
-0.0151790713600929 0.0329645356577883 -0.0436687312084539 0.0144129990643402
0.0238779927198793 0.0188818403431281 0.0602724673047656 0.0357070188740348
0.0220973463647851 -0.017064172087281 0.0965317170134159 -0.0320366089655582
-0.00320660474396954 -0.0201333923210862 0.0351621546871884 -0.102343704362281
-0.00728439761253265 -0.0110886471262371 -0.043413569204976 -0.092328750483453
-0.0111148510384082 -0.010465040047493 -0.0768835074790177 -0.0448734556982379
-0.00787343817501941 -0.00622338326784009 -0.0858522820021131 -0.012817363745141
0.00144641971430025 -0.00998011268054446 -0.0952447070230757 -0.0092875779925912
0.0112281007888454 -0.00435961196541174 -0.0964701794194847 -0.0324820456690859
0.00917519602997888 0.00241634971461323 -0.0718254099168691 -0.0693748204410782
0.0129223514513938 0.0150271114056752 -0.0282296844869002 -0.0889995997953011
-0.0179247920548189 0.0280253352891601 0.0145282560391454 -0.0996091802091796
-0.052980803419193 0.00143207427511021 0.024179788116985 -0.113243179728767
-0.046814255459064 -0.0409510608857078 -0.0337264265382449 -0.156815584269861
-0.0618671430195482 -0.0571419982340193 -0.0162613519355721 -0.112316701244548
-0.0586948581705521 0.00286783471510219 -0.0431850121721302 0.0210437133387589
-0.0180618582995165 0.0303826471508445 0.0654753592050123 0.047847387750794
0.00815719137870454 0.0230864888489975 0.109335406092943 -0.0274590470428832
0.0076661820074003 0.0141987968472849 0.0446671072672877 -0.107235257338074
0.0183759391470565 0.0110738691085932 -0.0367641587870749 -0.0959808916670241
0.0223245352687508 -0.00317215515937921 -0.0705116412940231 -0.0479324703185418
0.0235110246593929 -0.00267709040373855 -0.0794360013930805 -0.0155595231905923
0.0332082361165357 0.00015948374974043 -0.087881062133729 -0.00590449164076248
0.0355530632429852 0.0264849621786757 -0.0949404164387496 -0.0225804641430263
0.00830745100814692 0.0435918186334662 -0.0800698318045182 -0.0585781690875792
-0.0157458458529194 0.0508143023726141 -0.0416520321669036 -0.0859037425640239
-0.066109995729347 0.0249712487793883 0.00366615138458549 -0.0946661578196696
-0.0908349234303345 -0.0429337841921628 0.0183111758181439 -0.0953376945192117
-0.0689633246027433 -0.0987436409489045 -0.0289572915121002 -0.124476676622482
-0.0689527235880783 -0.101461202566488 0.00156820341352702 -0.085251740000543
-0.0956580144927796 -0.0372549195033108 -0.0416979331859495 0.0354273197115558
-0.0657044483588228 0.0315921035217181 0.0643983663480057 0.0688092517796206
-0.0147593133533351 0.0633251671794497 0.120054157150751 -0.0102538220373358
0.0152927082679393 0.0525801455815735 0.059829310862251 -0.0995603643930386
0.042468624240759 0.0371130325132591 -0.019383718312821 -0.0916678765271727
0.0536490444098612 0.0072362632629247 -0.0520584979755375 -0.0464540462163288
0.0510579191548762 0.00151609734555484 -0.0622035569209677 -0.0161298442047369
0.0588826245855233 0.00579927770775439 -0.0689082851537444 0.00140666644191408
0.0590724618424746 0.0466913031696575 -0.0834567071309373 -0.00397284987529286
0.0172217373433921 0.0756097053029861 -0.0852879616444334 -0.03295436235895
-0.0273464054346583 0.0877217676110601 -0.0619964663392502 -0.0716084173719927
-0.102160691216227 0.0367390158702916 -0.0157608456435776 -0.0872503098948876
-0.123410121536486 -0.0667719117656249 0.0154618710265652 -0.076668499585015
-0.0869566913585277 -0.136023620307603 -0.0178582990350998 -0.0785477149761984
-0.0618219024298498 -0.13308716406248 0.0185985645601962 -0.0377324683433384
-0.115992947694633 -0.0796734499109079 -0.0374733807035586 0.0569698690438295
-0.107650644468848 0.0190967571553802 0.0536741829228185 0.0932375255036567
-0.0448934921900444 0.0914575318133445 0.119765407207697 0.0193520708693795
0.0153065710443617 0.0869258171946213 0.0754863937122621 -0.0750499310915505
0.0581263171070224 0.0618428488877255 0.00639601780911449 -0.0756856909946054
0.0771593424825318 0.0187391278445563 -0.0235292481444422 -0.0397750515711294
0.0715889387772052 0.00496702043942282 -0.0357710107444028 -0.0145374058299292
0.0759683442596662 0.00779973328292223 -0.0415688157471645 0.0086935231266055
0.0757041503626895 0.0550848007850725 -0.0619361416303863 0.0150727310740197
0.0296997655122867 0.0929249015713581 -0.0799597421250883 -0.0018137977886888
-0.0255312736152037 0.113356363406894 -0.0760217666814714 -0.0481300306116677
-0.11878152193385 0.050477735479939 -0.0336971242041871 -0.0731804801399311
-0.138776023411826 -0.072505369167532 0.0173490090676874 -0.0596803694757336
-0.0935168472932183 -0.151000542550637 -0.00120539741990851 -0.0272095176986288
-0.0426920558101196 -0.142580240362082 0.0324067868259816 0.0231580817802018
-0.109554471193605 -0.111208653773697 -0.0292924019070903 0.0813920351953053
-0.126138217543399 -0.00619479929242123 0.0350677323909905 0.112344517853708
-0.0720045667770532 0.0952486549201693 0.104067150576136 0.0525278891514929
0.00595870403708954 0.104803239854446 0.0841680717758371 -0.0349115999856508
0.0617220556741747 0.0773473997387511 0.0353931516317663 -0.0481717377829333
0.0881670482392681 0.0280360624216071 0.0111767800872932 -0.0278819234682528
0.0815726361014062 0.00768810926139581 -0.00407089200973746 -0.0112518213530446
0.0825136594505627 0.00784911739227299 -0.0106895634221089 0.0149709617252705
0.0804640173280943 0.0547045880781181 -0.0338574496504888 0.0318624125025525
0.0352690612849437 0.0956407680479653 -0.0648856059204985 0.0270881092001596
-0.0232619964061929 0.118716290383365 -0.0799744924545001 -0.0224471570452719
-0.117554083916987 0.0509645170349816 -0.0442529152005485 -0.0558915270958703
-0.130522709751004 -0.0721709926628393 0.021776731133272 -0.0430973783476605
-0.0838156003760752 -0.143762321481184 0.0169770211534254 0.0219995738046711
-0.0172224246106573 -0.123860583371085 0.040951309659709 0.0847898013512866
-0.0769334673131951 -0.118664958578338 -0.0209905838659771 0.102619287469111
-0.11315281049803 -0.0327323337962316 0.0126583149024292 0.120080882116638
-0.0831109217912771 0.0747918929997673 0.0767224123129964 0.0775526257659065
-0.00649915114746574 0.100317341923958 0.0810555203591685 0.00852872495744895
0.0524133074465446 0.0772039397636753 0.0608092352968989 -0.0147129970550717
0.0830760428212854 0.0317752446011246 0.0451571046270779 -0.0128959930438401
0.0780332269621121 0.00961550377078908 0.0274708848882966 -0.00653345920108862
0.0776943191235197 0.00800572777352131 0.0199530999445944 0.0205367002201319
0.0730211977539696 0.0483518508529099 -0.00632611326784097 0.0448265094049663
0.0314958937365997 0.0872977563614746 -0.04755256406108 0.0490729131857769
-0.0265480043187391 0.106348982307354 -0.0775562578575008 -0.00100254135084281
-0.105326283138573 0.0350450398559787 -0.0482794253944898 -0.0391182359740992
-0.102052306595073 -0.0712124714977545 0.0248824177647422 -0.0288004872277957
-0.0558460133000019 -0.120421970985368 0.0297603430399019 0.0625939436006035
0.00863783068569607 -0.079878118742313 0.0445169603801838 0.135541874749416
-0.0321169423111325 -0.0960066569960497 -0.0129182049575184 0.115604257133114
-0.0748971477544466 -0.0445535028169039 -0.00548740228979967 0.116947974808955
-0.0709255991036887 0.0426246174806351 0.047066413663011 0.089536216376324
-0.0128509861072165 0.0748782956019921 0.0708170423212286 0.0441403802912113
0.0348515665703632 0.0611727837605875 0.0789002949173467 0.0158029650871498
0.0632323275667998 0.0279836615368135 0.0733415399523326 0.000623441398259542
0.0627708610512938 0.00955717403728833 0.0547258637655023 -0.0017143801985909
0.0626641297854616 0.00827796907626246 0.0453282640928865 0.0250104989222508
0.056548858266231 0.0391957821040916 0.0169989823982856 0.0554510463425023
0.0224288632731731 0.0715544792183726 -0.0337189806821942 0.0666322323530993
-0.0319732073425161 0.0818352209710537 -0.0748243300957469 0.0150426705732643
-0.0856092607915679 0.0110356503166903 -0.0505573812049833 -0.0268086062768437
-0.0622091002848926 -0.0669650308550576 0.0239459056604755 -0.0180048465540047
-0.0178813649340094 -0.0840876317780912 0.0322269170590882 0.0911906969206593
0.0316498697208004 -0.0217028453194582 0.0461798255556378 0.162306463658268
0.0114726286078613 -0.0518859445830135 -0.00541500180434236 0.115459075958199
-0.0273171851829142 -0.0378071107414036 -0.0172981388328394 0.108726210348785
-0.0406803757652824 0.0126952084966778 0.0267552325155647 0.0920965446537
-0.0105668888664928 0.0377606624941372 0.0634538216641248 0.0648038246052813
0.0150759083694495 0.0327120193723841 0.0890575415261806 0.0347042373867131
0.0339149020172449 0.0182696786908225 0.0897619980993854 0.00931923625546267
0.0368440646257624 0.00811273489713597 0.0725433276766687 0.00348369201583227
0.0393245917954283 0.00794769664560567 0.062578218000334 0.0300876253610741
0.0350517309659558 0.027047314867855 0.0328470586904512 0.0661641463348122
0.012491546107132 0.0497575996571544 -0.0261845589259827 0.0810400703484556
-0.0338152375344823 0.0521682805622735 -0.0764598726379035 0.0270328347899701
-0.0592370100608791 -0.0120013299662804 -0.0543489945278576 -0.0207979929077513
-0.018940813726519 -0.0545857733875059 0.0193404615442362 -0.0112684257618897
0.0212067920086727 -0.0390346939336384 0.0236528267964731 0.107303690348415
-0.0431687967267816 -0.0085459542841029 -0.0335902399327796 -0.117473716285344
-0.0145820411194897 0.0335403824125598 -0.043976505243291 0.0161879381534168
0.0241129450086849 0.0181405378950764 0.0602443558265559 0.0344904444720866
0.0215353156660955 -0.017927875447365 0.095784167241718 -0.0340028657601599
-0.00401503988808343 -0.0200600749084447 0.0332898031285907 -0.102351638986333
-0.00802969833943269 -0.0103814958052152 -0.0452984184008763 -0.0897478613305508
-0.0114156636178955 -0.00954235413808499 -0.0766997040329364 -0.0421402947877517
-0.00796058896609354 -0.0056137795855841 -0.0845436553218643 -0.00972051597044579
0.000503769057404177 -0.010024560296698 -0.0948872402254489 -0.00597913589973324
0.0110714379457588 -0.00525595149305022 -0.0970899008333674 -0.0294560009843193
0.00964636433985402 0.00199599876317292 -0.0732440066229482 -0.0671893710580087
0.0134633680428943 0.0146508669257324 -0.0290493358729483 -0.0883682524998577
-0.0169106174456452 0.0286937146325193 0.0138107159274757 -0.099534381812992
-0.0524627483072136 0.00323320129723384 0.0223434205896628 -0.112194311470208
-0.0473817542175467 -0.0395509554799458 -0.0370129657496365 -0.153356595951736
-0.0623298663416616 -0.055531933584746 -0.0187466206120638 -0.110501729842388
-0.0579863463050721 0.00491489331044506 -0.0433323811176774 0.0228874102874767
-0.0168316322729208 0.0301058582153285 0.0655404645279262 0.0463509004010584
0.00935121464454031 0.0220364212511401 0.108159833808174 -0.0296494861791098
0.00807462889684308 0.0135237714785398 0.0420790815679885 -0.106693679946482
0.0184065500693699 0.0101818096236783 -0.0386964188429864 -0.0935870566397667
0.0214298428875978 -0.00380050649261669 -0.0708213860561238 -0.0453373713530538
0.0225194250311889 -0.00281168336600954 -0.078990012213401 -0.0129247769557406
0.0318558394716781 -0.0010897403559775 -0.0872730449524031 -0.00266753942154638
0.0358820694097516 0.0250819114928778 -0.0956548293882445 -0.0194977893685306
0.00950367178504595 0.0428732300002753 -0.0816610112020409 -0.0563924272921161
-0.014189898919738 0.0501815624332187 -0.0427054347872395 -0.0843791572665627
-0.064634221720216 0.0265866283462357 0.00310268422405693 -0.0946123732940746
-0.0913512259623379 -0.0400210488407063 0.0172473510259831 -0.0947298799013311
-0.0704209542576764 -0.0958336716756127 -0.0317035067428353 -0.122600423011114
-0.0698308648903625 -0.0995571573524363 -0.000910665196104246 -0.0839636881955659
-0.0957700133704762 -0.0339582386505031 -0.042245546024822 0.0373233177145095
-0.0633013847950015 0.0326059691664355 0.0645758683446823 0.067536064034042
-0.012196756314855 0.0624593000247495 0.119107307187384 -0.012340533275697
0.0165587159673369 0.0513394324408164 0.0570145708276896 -0.0994403863501307
0.0426157730786253 0.0349040666617289 -0.0216448643139327 -0.0894410274445557
0.0528752949250069 0.00494316799244931 -0.0525318726779243 -0.0445224805825909
0.0498452039770725 0.000206143118562366 -0.0617853653706013 -0.0138079972172622
0.0577384944853736 0.00408885627935423 -0.0687341990383948 0.00316773982146364
0.059912735329491 0.0445134694377958 -0.0837059428514377 -0.00157523543113765
0.0194833338617353 0.0747012881857555 -0.0861050811387693 -0.030718415294572
-0.0243952304714632 0.087003003624178 -0.0633535443006174 -0.0699870906128292
-0.100051330206933 0.0386349002409754 -0.0159272373292774 -0.0867463672648205
-0.124129686448167 -0.0630967851218534 0.0146076572466623 -0.0765961458635373
-0.0889430409871376 -0.132651956549353 -0.0194706441477437 -0.0777575067105139
-0.0632278295841423 -0.130995566591404 0.0173993658865484 -0.0372860394882705
-0.117194983609816 -0.0756892154930219 -0.0380658866408991 0.0579941677560451
-0.104938998655347 0.0205020288536494 0.0543365827894655 0.0920304028012045
-0.0408205217776746 0.0911268566511284 0.119258641994559 0.0171019427726363
0.017446916410598 0.0848868239778999 0.0726025949320089 -0.0749286650317787
0.0594866662657805 0.0586214915822331 0.00449826306434579 -0.074913292702952
0.0762627521709106 0.0151693945487642 -0.0239954494412121 -0.0392391826027855
0.0698928264795479 0.00271514616423358 -0.0359246079706221 -0.0132514486435869
0.0743362724044544 0.00532508178474275 -0.0415680849412634 0.00951453564029725
0.0761324364626769 0.0518320778408375 -0.0618058940114879 0.0170917468986467
0.032392188418269 0.0911418734264392 -0.0803407503175794 0.000143928516567224
-0.0220709298321852 0.112261356164216 -0.0771990805644028 -0.0463870526375696
-0.116196764302238 0.0532957263261367 -0.0334900104121144 -0.0729460160521769
-0.139665942031838 -0.0683312504664011 0.0165803874151777 -0.0596574362526071
-0.0956137218267455 -0.146667316948116 -0.00157045752938222 -0.0276737300488316
-0.0445298999735125 -0.139998653005856 0.0323041388554835 0.0221407100065791
-0.11145800267052 -0.107584340029027 -0.0297836905430144 0.081146416708151
-0.124312700404317 -0.00379040308458668 0.0355936196645977 0.111623260790116
-0.0682219650957535 0.0955604951967278 0.104579175135284 0.0505268286413496
0.00852362512475957 0.102974315643541 0.0814781961496918 -0.0355520379315165
0.0629367719219626 0.0735392537900136 0.0340621664517773 -0.0481466813633757
0.0875513290300689 0.0239457496787574 0.0108467809540765 -0.0285160368534128
0.079826618479247 0.00476361706098538 -0.00493826425868526 -0.0105977067199285
0.081151275650784 0.00508751835858807 -0.0104522430674871 0.0150661610246041
0.0809721864353872 0.0510682159639271 -0.0340506911362925 0.0330796098050254
0.0378303998513351 0.0932852449907691 -0.0648946029904807 0.0285515529369424
-0.01873793899436 0.11738133247967 -0.0806503996131582 -0.0206391640548656
-0.114859459052137 0.0532358392905639 -0.0439418559037835 -0.054767058187009
-0.131128761173704 -0.0681872124830508 0.0213697647080373 -0.0441574873768746
-0.0857344425457873 -0.140032912154749 0.0174523806652603 0.0200341115544785
-0.0188088609166615 -0.122133347900331 0.0420548204921148 0.0830583473411652
-0.0791013755288126 -0.115469746842074 -0.0204349631535405 0.10171845725155
-0.112131804191868 -0.030389724249043 0.0138538365631379 0.1192872330318
-0.0799482632862504 0.0752730735300063 0.0772725837611243 0.0764894435600554
-0.0033610886743087 0.0986531945773577 0.0796473988585447 0.00758018157263896
0.0536034420509938 0.0740716977315003 0.0602289087421556 -0.0155630324289327
0.0822647572749332 0.0278078624206582 0.0446260533127421 -0.0149517303642482
0.0772588437154181 0.00697471582178013 0.0263751296331631 -0.00735067669658715
0.0764676942325682 0.00520732773517096 0.0195407690326747 0.0196345456472385
0.0732660685912809 0.0455640670869451 -0.00621775982114602 0.0445302239668103
0.0340184420384471 0.0853065439334073 -0.047070043612429 0.0500780594492855
-0.0227823711422517 0.104731760621099 -0.0782073431863261 0.000594873793353514
-0.102785596763011 0.0369677530104982 -0.0480032634312652 -0.0379745537401771
-0.1027662011987 -0.0675912356408361 0.0247067287441439 -0.0300520268496099
-0.0573267395953042 -0.117537233679751 0.0309003952870897 0.0596892556155818
0.00753829328125162 -0.0793732980443488 0.0465312071885852 0.133293767641527
-0.0337958418768364 -0.0943912113428875 -0.012230096569079 0.113903914293392
-0.0748342391571543 -0.0433870628059848 -0.00454278335384517 0.116457375818627
-0.0690350228675805 0.0434115538927407 0.0477792199603002 0.0882546318554998
-0.0102007449635326 0.0739749729979419 0.0705885547150324 0.0432824328140645
0.03640381282332 0.0585556127887871 0.0786203863263701 0.0138078952203438
0.0629544957949544 0.025173140054885 0.0721504475860052 -0.00228977260742562
0.0612540074306849 0.00747388766753877 0.0525392554701383 -0.00337482420306639
0.0618013315003847 0.00607297335415857 0.0448169744919643 0.0234786394295798
0.0569692285524316 0.0371350616112276 0.0174742978240251 0.0546074021709779
0.0243325923582666 0.0697421892194513 -0.0323753244908525 0.0672395375648177
-0.0286660838230522 0.0812673254924594 -0.0751832570910543 0.0170195480147942
-0.0845909092168956 0.0127568028809948 -0.0501150145521687 -0.0254127038913357
-0.0629671711713905 -0.064639583809281 0.0236049323171349 -0.0193813997158769
-0.0185574437594341 -0.0827535469217769 0.0342776381578955 0.0877810647622964
0.0313567974416724 -0.0220562686146153 0.048799374837108 0.159125297493296
0.0103484694926066 -0.0514977997675494 -0.00470825434068144 0.113336712479242
-0.027904992161777 -0.0377062704727327 -0.015855053585641 0.108755001660453
-0.0403427981220406 0.0132472904188024 0.0280940134838358 0.0912426156851279
-0.00902749315273301 0.0376923362707698 0.0640565810772904 0.063508340056425
0.0160124906511501 0.0316679301164251 0.0898725287862029 0.0320923898586515
0.0340978528816959 0.0169412888151558 0.0892547093570359 0.00542118076018528
0.0368133980656918 0.00676691427009611 0.0703312018114596 0.000699388484630648
0.0386626523606302 0.00640074941168233 0.0621312317574105 0.0277022987708874
0.0357132143452859 0.0258054726300476 0.0332616706671316 0.064503072671357
0.0134776209392485 0.0489000082101228 -0.0247153287142237 0.0816476889926244
-0.0315884212955951 0.0523614349689761 -0.0764293441978044 0.0285538413069131
-0.0588210820996296 -0.0105794445383208 -0.0538875574556265 -0.0194450335469017
-0.0197200901297076 -0.0535440977868378 0.0193604019285455 -0.0127151212900038
0.0206546257780312 -0.0387450025185946 0.0261736278295095 0.10392418035681
-0.0438416466846913 -0.00860215425610308 -0.0360341816273037 -0.116305082140972
-0.0134425123841026 0.0345119510460283 -0.044592231547512 0.0177198519716863
0.0242642956692328 0.017934002525574 0.0602043518615603 0.0340474741119627
0.0213869379113507 -0.0188840723940104 0.0948210384148761 -0.0353862230854194
-0.0046525308211744 -0.0198421195448977 0.0321110950387544 -0.102521414008522
-0.00870045716045349 -0.0102015895542424 -0.04719569849052 -0.0879618439975822
-0.011623028972283 -0.00871940114006447 -0.0775993716257843 -0.0396544908280584
-0.00849246431734394 -0.00523889746701711 -0.0841641595824631 -0.00786927876174862
-0.000136641202675562 -0.00997686150402146 -0.0948447125431032 -0.00273602111976308
0.0106003595272039 -0.00558338046441787 -0.0980852457701513 -0.0268286016437001
0.00992372280036435 0.00213620723458925 -0.0755864386555554 -0.0660802209819353
0.0138824899618075 0.0144971393753573 -0.0299526192434243 -0.0880731285214656
-0.0165924130549032 0.0290906472495045 0.0135319771049162 -0.100666695836443
-0.0525666510562627 0.00471458807279303 0.0212236493988808 -0.111332767272393
-0.0477153419315157 -0.0385272001030184 -0.0396807638899618 -0.151162677600539
-0.0635924337831535 -0.054830003604625 -0.0208939057171514 -0.109019096241872
-0.0578645543190788 0.00664689141712892 -0.0441716613263785 0.0245078527349771
-0.0160842918279723 0.030366369308972 0.0656061175709988 0.0456538237685806
0.010389792412611 0.0211843445069816 0.108086994413436 -0.0318461615433506
0.0082141332351509 0.0131738160950968 0.0403559996003396 -0.10696331341702
0.0178750602028907 0.0097375531209294 -0.0406019484516352 -0.092240745968593
0.0206912446460092 -0.00421215958391252 -0.0715468471376086 -0.0435961759618657
0.0220224827841273 -0.00283550624146399 -0.0785518356915796 -0.0105668610376837
0.03113946495215 -0.00197508116323062 -0.0877058828332329 -7.22620069303653E-05
0.0365141489730699 0.0237264903507433 -0.0963780534372919 -0.0162212101811277
0.0108206818250493 0.0422230737372219 -0.08412484676481 -0.0550210183476319
-0.0125487544750562 0.0498846479542212 -0.0442527487759926 -0.0843685138217494
-0.0639407775976199 0.0275952273524539 0.00251909952728286 -0.0957638744615695
-0.0922727166415649 -0.0378575162142657 0.0164958624243763 -0.0945216868363082
-0.071472939127844 -0.0941872107690254 -0.033293326894485 -0.120723114312689
-0.0711683770078392 -0.0981521582926087 -0.00282218929510152 -0.0822682070701179
-0.0962290836447771 -0.0314323434537005 -0.0429277857677837 0.038954679638956
-0.0626431941242949 0.0331410157819983 0.0650929673831327 0.0676190786622313
-0.00994318839531187 0.0614782661908365 0.119405327875339 -0.0141919707293125
0.0180096056668923 0.0503945456247621 0.0548954390844375 -0.0997346815234851
0.042957620776116 0.0334215557548908 -0.0230298469099572 -0.0886015353718066
0.0519034099959605 0.00325031670473772 -0.0531492893203652 -0.0434142293616569
0.0492128613291199 -0.000652810189137334 -0.0614887679194931 -0.0121609319764395
0.0570254006156818 0.00204927423604574 -0.0686724431213578 0.00519674935482347
0.0608148914912992 0.0420278271751229 -0.0846592933055099 0.00102680824087172
0.021698912422317 0.0738185385425731 -0.088016193561154 -0.0293193938248931
-0.022102682959696 0.0865463328807596 -0.0645118553264514 -0.0692820200018169
-0.0985081921671604 0.041275712420123 -0.0160157036353575 -0.0876136317252192
-0.125186128626706 -0.0598486125887812 0.0141334914471581 -0.0769195220455451
-0.0907368975286606 -0.130200797222899 -0.020515408791572 -0.0773185589716071
-0.0647262101873533 -0.129885645476418 0.0161071884292358 -0.0367967414701945
-0.118259721766372 -0.0724566993619493 -0.038537561713595 0.0593078905422386
-0.103754943949041 0.0223511295672321 0.0550061738409716 0.0921245582296494
-0.0381323120841711 0.0903004643141323 0.119896054455173 0.0159026590159319
0.0193257680048058 0.0835526698428982 0.0701616927039079 -0.0751193264422155
0.0603563157818791 0.0562085661252037 0.00320327362570848 -0.0740489192498259
0.0763410684730811 0.0129825747925153 -0.024394946285203 -0.0387937239780598
0.0689466735299799 0.00110795792788828 -0.0361987244354915 -0.0120640934063316
0.0740071229232012 0.00342589809354584 -0.0413920572397841 0.010912711325088
0.0773695577251006 0.0497092885473675 -0.0627394635236865 0.0198657845440923
0.0346643071981719 0.0903867380872879 -0.0810821087151923 0.0025276257685433
-0.0188402139491077 0.11159891178307 -0.0785866897115113 -0.0445114436794838
-0.114420002231339 0.0554559144824622 -0.0336101116333892 -0.072784407208846
-0.141483155957339 -0.0656693958814888 0.0168001376914985 -0.0597138549769001
-0.0978809115653362 -0.144385598866899 -0.0023045298547291 -0.0285299225428062
-0.0459870525816077 -0.13990721289904 0.0324977948855762 0.0217763935748303
-0.11312861382441 -0.104332098470464 -0.0302478479827045 0.082194132966865
-0.123640979140724 -0.00261996047603773 0.0361170744447817 0.111831056992897
-0.0653566257494753 0.0955581861764911 0.105092931598677 0.0492133130941133
0.0113218880954454 0.101886713775026 0.0796704390919053 -0.0355924844273603
0.0648993935526638 0.0713261725878497 0.0333307145272947 -0.0481810990882178
0.0869806540956554 0.0210829411491978 0.0103656753036605 -0.0296379322406303
0.0784777360053452 0.00308878149291802 -0.00577060983465125 -0.00971345109614877
0.080233800857723 0.00262747542796473 -0.0107956371583843 0.0157320152588511
0.0817136176340681 0.0481955908823117 -0.0343871207363649 0.0344518741500585
0.0401573484177074 0.0923745098910861 -0.0650077094148007 0.0300023361120936
-0.0155739951960683 0.116669352265925 -0.0824716245515857 -0.0189621726588943
-0.113095529653809 0.055928642361073 -0.0438459048994633 -0.0551927312145185
-0.132591315795365 -0.0653375094717888 0.0211202285542167 -0.0449915966425826
-0.0870441894378182 -0.137609208670633 0.0173107617371635 0.018266438803172
-0.0201329857423373 -0.122188331725583 0.0431716794940562 0.0825952412228198
-0.0811565974746886 -0.113235306374463 -0.0207810798003671 0.101241642826314
-0.11159195862691 -0.0290195299026551 0.0142513697216324 0.119949441272255
-0.0773024624497477 0.075874913786516 0.0785562894752851 0.0752568900466085
-0.000896307604468154 0.097702371050297 0.0787274876975564 0.00768174002770797
0.055371340291889 0.0722967035831585 0.0604637932765459 -0.0165701386172472
0.0822071998100593 0.0252114294320941 0.044504825607872 -0.0164595131204644
0.0760805782721969 0.00486895871763787 0.0250772881736078 -0.00771293665025331
0.0753674325444471 0.00277790559758974 0.0192053920327177 0.0188612470711044
0.0740385545327871 0.0429040322444105 -0.00608409555372058 0.0457226078135613
0.0359684875968398 0.0840549353498643 -0.046821947037438 0.0513638662771832
-0.0190779746799522 0.10393904595887 -0.0796059815416038 0.00239154023004007
-0.101583451242354 0.0387626390398373 -0.0478681723956278 -0.0376789584654412
-0.104107052058609 -0.065848773042916 0.024716703416414 -0.0310050573895874
-0.0583880008469273 -0.115171415347696 0.031573718517902 0.0574587758818009
0.00664818454807649 -0.0788703532061212 0.0479108625376553 0.131243493320222
-0.0355914380073986 -0.0931324175495718 -0.0125218018962434 0.113238969750866
-0.0749119279206114 -0.0428463595288709 -0.00392612791323249 0.117249553664074
-0.0674535166861461 0.0442845602146671 0.0487059728257088 0.0879433774623987
-0.00830676008227335 0.0736080889932707 0.0708264050419028 0.0428773360833365
0.0375986683813362 0.0572850734817628 0.0795950311371591 0.0125254070571893
0.0629695693684114 0.0232514524630595 0.0722011921721957 -0.00513281056542842
0.0610599427428595 0.00580666136778789 0.0514946133202652 -0.00463430457380439
0.0613372114838461 0.00404082148879936 0.044017536128829 0.0222965391527709
0.0573574953050373 0.0358203805655059 0.0171795465235966 0.054503603755147
0.0260517527787075 0.0686771898612558 -0.0316961261232604 0.0678602384350723
-0.0259677142348712 0.0814112913193393 -0.0760163305342612 0.018238847094127
-0.0836234760887667 0.0142603346666789 -0.0502103730874105 -0.0249446648943395
-0.0641060807937721 -0.0632702827766166 0.0236481711198619 -0.0209720965011663
-0.0193324072217949 -0.0812786918662678 0.0357075619376672 0.0854010919751239
0.0312823100043134 -0.0228113159434422 0.0506634359955631 0.157264010052671
0.00982802452046468 -0.0519861011698257 -0.0050037052743087 0.112623282068901
-0.0287772292531946 -0.0377751121917853 -0.0146875332605182 0.109539629327946
-0.0402935969201095 0.0138225345270649 0.0285521995751443 0.0911761662424666
-0.00801307523927365 0.0372853644760936 0.0646517056415337 0.062852928840127
0.016324611145539 0.0311472032101416 0.09084717803521 0.0295742305766079
0.0335231572887913 0.0151493005805779 0.0886888253163496 0.00259978393472668
0.0364728386352514 0.00605160927128743 0.0694182287713184 -0.00146821863859556
0.0386636825086193 0.00500633100170902 0.0613109918320739 0.0260477047372251
0.0357054005690953 0.0248577739704043 0.0338808046669833 0.0636511668573367
0.0142417023751301 0.048105749691866 -0.0235152897069075 0.0815421442831983
-0.0300618379009533 0.0524066427801907 -0.0763452614484684 0.0309485429660766
-0.0591195029362296 -0.00949310016873444 -0.0539103294148919 -0.0184195103182822
-0.0201791159865519 -0.0538257432003996 0.0188989081016132 -0.01456341681607
0.0208323974910414 -0.0393004151862824 0.0278808141316296 0.10190749833378
-0.0398534530710438 -0.0159358116957776 -0.0142855138202823 -0.121460126094411
-0.0194208606231603 0.0303682959236697 -0.0497825748372037 0.00946089397974163
0.0190271281311251 0.0229423280404815 0.050913263858944 0.0460912996577647
0.0230504735684204 -0.0129069483786533 0.10074482041318 -0.015931742445432
-0.000368384712088957 -0.0179359500115749 0.0512164787318946 -0.0939189033359173
-0.00649766572857211 -0.0105992450298088 -0.0288084111237367 -0.0950995237272127
-0.0101505416250718 -0.00977080626704795 -0.0681682250617688 -0.0546526082506645
-0.00746686161062886 -0.00622187153755293 -0.0797179251552736 -0.0232633004526933
0.00113833824776353 -0.00939982141118432 -0.0921129547418313 -0.0206838071489639
0.011231880205925 -0.00308697077444149 -0.0908105995476693 -0.0453587277837771
0.00896112408321487 0.00412304399216721 -0.060306389907416 -0.0799537591059632
0.00966994609857054 0.0170194689095252 -0.00940200662694034 -0.0927470793060515
-0.02338879378153 0.0246000512011015 0.0345435470751635 -0.0964970351197256
-0.0532370593937711 -0.00663333319450739 0.0445499894551018 -0.107410693732481
-0.0383507044396038 -0.0478758908858091 -0.00708386635139584 -0.160353152910946
-0.0494394637443006 -0.06470056309235 -0.000558989610806453 -0.11212730722065
-0.0565137868155205 -0.00401691258914511 -0.0490791635069988 0.0151601909404369
-0.021390641009252 0.0266302115533279 0.0535987722986402 0.0575717668793128
0.00553435992089462 0.0227189868354818 0.112673876678646 -0.00999226297021656
0.00513017811086644 0.0158525901076179 0.0601500466654882 -0.097086509209556
0.0157212934328512 0.0133698150411241 -0.0224540028568476 -0.0978194498199735
0.0207101372160849 -1.13199284296614E-05 -0.061495118436038 -0.0570111088782294
0.0222552130474262 0.00188004141763544 -0.0739929807424999 -0.0251138187596707
0.0301629420516634 0.0044764927136972 -0.086086673686969 -0.0167168621611708
0.0310726468891065 0.0298831845391696 -0.0913939228958278 -0.0342562614501424
0.00196395029587961 0.0440552293395205 -0.0712274117676578 -0.0691939295487567
-0.0233105008655509 0.0452854911643037 -0.0258926819301815 -0.0907216152097517
-0.0695281525406462 0.0125439797974162 0.0210288902219113 -0.0938704377875625
-0.0829360175510547 -0.0572478717166827 0.0363834443580312 -0.0924447199402017
-0.049489245012729 -0.107539468458045 -0.00797586981887387 -0.129162015851498
-0.0477056989290665 -0.108144427941832 0.0124918406777213 -0.0827289570120174
-0.0866137445613519 -0.0478241464021631 -0.0490909403600533 0.028197980518257
-0.0674553298030671 0.0205818183781813 0.0486052573820694 0.0774187824820758
-0.0214393355573113 0.0571939628105156 0.118802543439925 0.00904272344498056
0.0075123164908785 0.0534993050178671 0.0722846412339972 -0.0869853292678938
0.0353948160790247 0.0411003124707982 -0.00686825324590601 -0.0910425722460446
0.0490235890068088 0.0128123841193842 -0.0434260430561952 -0.0531118629594902
0.0482954142459392 0.00900163856869608 -0.0575636582214023 -0.0236885143137004
0.0545051578054331 0.0138089869257698 -0.0685286058879094 -0.00750714513725619
0.0510141598938752 0.0527735573077718 -0.0830458994039645 -0.0142154301465061
0.00595054801301565 0.0769774693228747 -0.0806564232955728 -0.0437149646166117
-0.0398677391353737 0.0786040993449788 -0.0497493565167728 -0.0791537425202276
-0.106478192755555 0.0179095741639416 0.000221836020895423 -0.0893475174109021
-0.110708417970833 -0.0851527165681323 0.0299074061955577 -0.0764180227384622
-0.0604614967625455 -0.147099137493804 -0.00474165331705362 -0.0830549646256985
-0.0354547638520961 -0.137409081861475 0.0227778321003599 -0.0347129830474794
-0.101125425194622 -0.0913037673518042 -0.0471200579692067 0.0480774761832104
-0.105451362520657 0.00158820180234934 0.0339866352873308 0.0982390539926469
-0.0537026224180328 0.0789643923239535 0.113200294081463 0.038420798570869
0.00269856685090699 0.0852067379789711 0.0822756641748917 -0.0604664962147294
0.0475774033241298 0.0662088832106786 0.0158085697026159 -0.0718819502821081
0.0707169062246623 0.0258727597594893 -0.0163350630569936 -0.0428831198353013
0.0674855179266128 0.0148718144353792 -0.0329870042280094 -0.0187768129252622
0.0706181345059772 0.0177190669086225 -0.0431254030004155 0.00292061400474122
0.0655917759135058 0.0627333209893781 -0.064928658446454 0.00853981923744699
0.0152792637760618 0.0955025425503783 -0.0802579307533293 -0.0110944245903896
-0.0419971121414959 0.103641683431475 -0.0690319243639273 -0.0572265684155055
-0.12525540490564 0.0290045068775349 -0.0208720759735358 -0.0778202998259765
-0.124979795374039 -0.0941160847018785 0.0288723998459743 -0.0596276462647158
-0.064380101038773 -0.161841317572024 0.00306719389411683 -0.0299664547591646
-0.0166879318120835 -0.143314151796499 0.0275187957880075 0.0259436512297656
-0.0903609130938112 -0.121272275943279 -0.0427813565208177 0.0717083107967531
-0.119944314008762 -0.0268111492178927 0.0128283435709849 0.113027974118282
-0.0805222423764171 0.0779901854983498 0.0920272283334608 0.068032620276418
-0.00895602388170136 0.100757980199956 0.0844123791255565 -0.0205024590432674
0.0489085027401504 0.0811253594031135 0.0406282533105913 -0.0404497081262272
0.0796932271152857 0.0356550816939509 0.0163230385584394 -0.0265251446196048
0.076834587135342 0.0183042899616445 -0.00387441361287822 -0.0113088202233514
0.0768452412093089 0.0181761135792737 -0.0137252917673009 0.0132332814687546
0.0703978576216245 0.0623849532884212 -0.0405866543278792 0.0285622852030391
0.0205108921927873 0.0983714046770556 -0.069690451563043 0.0194821839304875
-0.0393699789504386 0.108773535046099 -0.0786027253660232 -0.0320720659712235
-0.124004741205925 0.0292771891468891 -0.0350619393061492 -0.0613557056314955
-0.116531777995003 -0.0920627130241389 0.0308739647129304 -0.0436477396304229
-0.0554823524059289 -0.152547361482865 0.0129890938912669 0.0212673081763709
0.00458633610761475 -0.122046285013925 0.0271088235472169 0.0865432801581191
-0.058494967569296 -0.12417663551438 -0.0363086249183582 0.0934208657547771
-0.103537748087572 -0.0508090163185435 -0.00968058370145964 0.117210314073419
-0.0891060485017311 0.056568117863096 0.0601685450029185 0.0879059265016342
-0.0202349063548877 0.0940657999766634 0.075070159217439 0.0219953818961559
0.0395283049743394 0.0800098694576557 0.0613279392603259 -0.00428026685859031
0.0748848084748768 0.0387144884369468 0.0479048763663284 -0.00761628699032772
0.073669776873715 0.0193867629659703 0.0253381681341921 -0.00212906970474248
0.0723784342319495 0.0173001332874306 0.0147037469698378 0.0229165548134264
0.0638548092299563 0.0560862923667553 -0.0154932709576136 0.0444569866982642
0.0180541397362222 0.0888367882685912 -0.0554643918762318 0.043758656890437
-0.0401863864617323 0.0961654367697757 -0.0796179664793294 -0.0110201797963076
-0.10879835776032 0.0153743746697541 -0.0422248166242007 -0.0458642856876438
-0.0875582136182037 -0.0861053830529848 0.0316178849297675 -0.0293198528424669
-0.0321825150973081 -0.124843157474587 0.0185970352121117 0.0628994004940378
0.0212024158391518 -0.0756911513070946 0.0228673224567913 0.136981187609655
-0.0180159814991592 -0.0964140026201354 -0.0317884476160322 0.10780476419852
-0.0654918360085318 -0.0569599794395054 -0.0262846920738802 0.111780271057274
-0.0736574764788586 0.028564218599565 0.0292802733511769 0.0944475352169031
-0.0230977585402061 0.0687226892820984 0.0609585324675741 0.0554053721694207
0.0246607202754306 0.062164344129861 0.0758140475037563 0.0275147437093987
0.05647236865626 0.0332265618688011 0.0726995771719516 0.009194407070868
0.0589137957635961 0.0175039863191657 0.0499572989319694 0.00484151331046477
0.0585617432506869 0.0156029386592278 0.0386784848335637 0.0306248490762076
0.0493619074198549 0.0456444628539426 0.00519944380977764 0.0573280941769459
0.011277329424128 0.0720606962609723 -0.0444170805340668 0.0623761786641881
-0.0419789248252909 0.0733187068139897 -0.0797192285494829 0.00515070152546791
-0.0859356105034813 -0.00442882824755627 -0.0467638371484572 -0.0343018167212557
-0.0487437625333019 -0.0755238204261823 0.0285120827718046 -0.0188454915915009
-0.00080284043431742 -0.0840421581842124 0.0168267209147883 0.0918558711902135
0.0324935684456652 -0.0163960089036476 0.0207155874006692 0.163248581193017
0.0178630061995352 -0.0490422685194408 -0.0255905769428409 0.109250142704414
-0.0217023825712632 -0.0435222832958654 -0.0357227159535316 0.103230390677427
-0.0418121097398356 0.00506871945667408 0.00948835911772722 0.0939810265646741
-0.0160543783181924 0.0342602708988815 0.0517345487326023 0.0742015500946267
0.0091754857959432 0.0327833104789758 0.0844352629991606 0.0466299216452622
0.0299745580299397 0.0208707774756847 0.0871132828858556 0.0197562618583983
0.0346740028457514 0.0126374747520645 0.0666024824117163 0.0123191889645352
0.0363177400773926 0.0124763538042454 0.0539713965262209 0.0383017332867703
0.0300895984541818 0.0310188953542488 0.0198616911195191 0.0687516742532232
0.00433193643698167 0.0501313122448916 -0.0391353341940072 0.0766994054832257
-0.0397405588784303 0.0450587332202692 -0.0832625262572391 0.016049941282914
-0.0564882124022213 -0.0224029462851428 -0.0509211852253136 -0.0298122439508576
-0.00772520723556877 -0.0565173919045588 0.0232883989065554 -0.0128008074501592
0.029879605058837 -0.0339314129944531 0.00591573912726848 0.107332965772244
-0.0403986310150929 -0.015486522832528 -0.015756870458305 -0.120143795916585
-0.0185799353093436 0.0310805646465869 -0.0504591842323059 0.011109594656897
0.0198981986271322 0.0227986484885113 0.0511423362394405 0.0463500481556708
0.0230797018374318 -0.0136870992538995 0.100522191471586 -0.0172253071499364
-0.00120251451599699 -0.0181854189416753 0.0507302215771864 -0.0939236097715042
-0.00661489733367757 -0.0101714788847249 -0.0298312892449568 -0.0932554084152727
-0.0102767195623384 -0.00883803926762041 -0.0682782067699159 -0.052415286225744
-0.00745140814516255 -0.00520383743960845 -0.0788680001465966 -0.0213654806033075
0.000780190071137161 -0.00913921446439469 -0.092130923423302 -0.0181813817699012
0.0110721447582352 -0.00384710761834722 -0.091572636358671 -0.0423390750898458
0.00930000821167515 0.00402615231762507 -0.061686992625075 -0.0789540363549891
0.0100020181525161 0.0164434836844847 -0.0098495365438887 -0.0925284515024953
-0.0229404397690989 0.0250308446533364 0.0347737514260339 -0.0964410898429777
-0.0529788408187543 -0.00485478847652651 0.0439759186596579 -0.105846686320989
-0.0383097950786763 -0.0467942876497316 -0.00893715761682211 -0.157406547437606
-0.0499780537921629 -0.0635560502101354 -0.00201697982458019 -0.111185423868556
-0.056045936429203 -0.00215169428159112 -0.0500158667801446 0.0163883712226322
-0.0208151870368844 0.0267585295439766 0.0535096772071166 0.0573916451498653
0.00655484092376925 0.0215190856148899 0.111689290082029 -0.0110024147723482
0.0055643005848611 0.0154504168470314 0.0582918627985395 -0.0968025862306891
0.0156354162138579 0.0131295017308972 -0.0236995758772114 -0.0958345473695732
0.0194787383654665 3.63907612063188E-05 -0.0614625254985204 -0.0549684084662782
0.0216147834405148 0.00199934007497039 -0.0737357421356911 -0.0234972450775051
0.0294838469962698 0.00428033089237491 -0.0854453932134609 -0.0143918630630472
0.0310821180382283 0.0280565498713416 -0.0918433611126779 -0.0316154416472297
0.00276097935235719 0.0439725044053417 -0.0728663990951375 -0.0683263074494892
-0.0216902416855769 0.0454507964263996 -0.0266188228862557 -0.0903769241036031
-0.0688465365675054 0.0138355142507787 0.0217085565289183 -0.093950753098021
-0.083102148234302 -0.0543460933997667 0.0357252952311128 -0.091937317140402
-0.0497781869194578 -0.105359232049499 -0.00947777796053416 -0.126712890158431
-0.0487661759015773 -0.106945534655605 0.0114052583442802 -0.0821569258963507
-0.0870969984833322 -0.0449405031718015 -0.0499894097011227 0.029526193323476
-0.0656570239266138 0.0210206056443663 0.0481455672002989 0.0769965140630176
-0.0191452418399682 0.0561511296085289 0.11862382782455 0.00797532096767256
0.00851349256407539 0.0523419252478361 0.0699700178325343 -0.0867735803585756
0.0361351518590166 0.0395394379863267 -0.00780780180898303 -0.0897461292543167
0.0481113214316389 0.0113324240272621 -0.0439874746167593 -0.0519847346956224
0.0475919524350745 0.00828273968146729 -0.0577410331286567 -0.0220510887897397
0.0539715059814805 0.0123336932235881 -0.0686122361330131 -0.00606471010003608
0.0513461830701309 0.0508056171970434 -0.0835191594547492 -0.0114472377327366
0.00825949009255132 0.0763539232600876 -0.0820436680951217 -0.042434775178485
-0.0371026141031211 0.0785574941516179 -0.0506485518047231 -0.0779829594020757
-0.105104916587929 0.0195896042926712 0.000158111805841749 -0.0894318203072607
-0.111235763136376 -0.0821906163173238 0.029628879817812 -0.0762364288274814
-0.0616708043298498 -0.14395313104035 -0.00592986187401498 -0.0823868299589736
-0.03697812755177 -0.136193431616847 0.0219801137923186 -0.0344357430007404
-0.101870749411102 -0.0881190055608941 -0.0482795145871788 0.0492969687136944
-0.104307812929882 0.00244531722151401 0.0336700831840824 0.0981198361611231
-0.0510893848559525 0.0782749911676568 0.113204996592846 0.0371332116111175
0.00452557739565426 0.0839350435755142 0.0805015995133615 -0.0595228777394921
0.048730916010635 0.0640465060939391 0.0150404930214609 -0.0710981827151867
0.0696251177191975 0.0236230658860477 -0.0164789819694845 -0.0426889813006529
0.0669447435518072 0.0135172353777503 -0.0336177081195889 -0.017574064280604
0.0696298620524028 0.0157922141831413 -0.0428276824544952 0.00394872999289266
0.0660643387554735 0.0601713676095107 -0.0653974299532677 0.0105255787381535
0.0176821097036358 0.0944627127355516 -0.0807438388490142 -0.00968300306139944
-0.0385049408117051 0.10296198466383 -0.0700511511665045 -0.0561721534841319
-0.123264555101195 0.0306727529126374 -0.0205573629588619 -0.0775312177283203
-0.125624435500076 -0.0912327347507966 0.0287248898984474 -0.0598887485915563
-0.0653549358456064 -0.158397672617679 0.00270970533306508 -0.0302648501811829
-0.0177673363569445 -0.142287072863524 0.02727036770793 0.0258444319176118
-0.0918571352500752 -0.118420481907952 -0.0434129315345566 0.0719179028891912
-0.118621535773713 -0.0252972725738275 0.0130546057260864 0.112730593111559
-0.077819508906897 0.0778932022799276 0.0920360870815749 0.0672092548310367
-0.00677435979203617 0.0994409668431811 0.0829181702126598 -0.019716732295744
0.0499135981978499 0.0786521230442898 0.0404433831462646 -0.0404464438502654
0.0797973059954298 0.0331821655144636 0.0162128361508876 -0.0271351981242696
0.0758362603263314 0.0166545882566536 -0.00466937647008545 -0.010588423767961
0.0757175390252982 0.0164871866057814 -0.0140385576273957 0.0132361968149696
0.0709700251964187 0.059799550042856 -0.0407414977679593 0.0302053879989409
0.0230152197503117 0.0972884586413905 -0.0697077960655159 0.0205085100885947
-0.0363067219852896 0.107783063883543 -0.0791829584096582 -0.0309164880201108
-0.1216859099966 0.0313907562438939 -0.0344441402933732 -0.0614560934496019
-0.116897948155369 -0.0891773863547134 0.0306647212651498 -0.0435496909305728
-0.0566653775139856 -0.149556568845176 0.0129957325017125 0.0198061780114512
0.0031560299150334 -0.120626494002504 0.0278850909918824 0.0862369290227009
-0.0598754670074389 -0.121896319209437 -0.037399699673365 0.0933115240967995
-0.103345658587956 -0.0493886841956763 -0.00926949159589469 0.117283181995614
-0.0869757435381847 0.0572499428528189 0.0606161547331629 0.0875209923866037
-0.0179320005307416 0.0927785614955624 0.0745163343182084 0.0219697765029715
0.0407118056134869 0.0779013681985411 0.061888385983575 -0.0048668966886159
0.0743322727783702 0.0357660671847704 0.0474444175914309 -0.00944227673083815
0.0730209165955428 0.0176023584615995 0.0244488705907781 -0.00241656575035817
0.0711378219231986 0.0156882037394309 0.0141536929930345 0.0223360424774595
0.0642666330253524 0.0535324237363784 -0.0157025178439516 0.045097436943585
0.0200039253788386 0.0879433190114465 -0.0551079764213827 0.0446036428031274
-0.0368529732893842 0.0953850614541385 -0.080208644760399 -0.00948067454273245
-0.107035429184372 0.0173672887145701 -0.0412015727968039 -0.0456559183725303
-0.0883798965953061 -0.0837994578725412 0.0319027587236927 -0.0304341093080082
-0.0330339199520334 -0.122833267650336 0.0194249610285789 0.0613169839914085
0.020203172771497 -0.0751146703238731 0.0242189890213175 0.135280626400583
-0.0191364255692861 -0.0956943487321554 -0.0319983408750775 0.106648792165423
-0.0658471760184384 -0.0562753191319002 -0.0265016776628413 0.111779351349747
-0.0724517540959431 0.0288371238935137 0.029583964602536 0.0940367324047691
-0.0213983675378776 0.0682887976176214 0.0607371610525781 0.0551989297580527
0.0255031022239922 0.0607863960224969 0.0765568350848076 0.0261349050790339
0.0564130875483781 0.0312531729788033 0.0723229692783472 0.00683529629518981
0.0582518247896498 0.0158843995931269 0.0487384841397859 0.00480783674457298
0.0572832093929622 0.0138019944348229 0.0376208088894711 0.0298285877957455
0.0492240664368906 0.0434738883018568 0.00550917958031142 0.0571121527245661
0.0128750772899158 0.0710943455788104 -0.0435027388923392 0.0625976794291919
-0.0391887619911584 0.0723310028338461 -0.0806975054314635 0.00664719142249381
-0.0844129615136807 -0.00334517647092869 -0.0461685985337547 -0.0338083657983004
-0.0491230800156592 -0.0745092350120336 0.0281537222162943 -0.0203977500994003
-0.00119375276088568 -0.0825331004955505 0.0184729554091685 0.0897902814400726
0.0327743582118046 -0.0166545352558799 0.0220626233909581 0.161306084478868
0.0169020653465185 -0.0496008810163882 -0.0259889880289305 0.108177205965214
-0.0226578920626905 -0.0432732997277155 -0.0354970556285227 0.103251580818747
-0.0413850162872559 0.00552470722536517 0.00984104916896036 0.0933898770681383
-0.0150776101018739 0.033934307825997 0.0520305366529543 0.0742659825013167
0.00985068413189022 0.0322852763642773 0.0854895880845652 0.0444416114496014
0.0295706745552534 0.0199564026349853 0.0868794279627533 0.0173095992765223
0.0348430532092412 0.0120133857826249 0.0656485638981239 0.0109219929202511
0.0360713664202091 0.0114127452865293 0.0536011344652437 0.036447988012609
0.0304663350586574 0.0301035027019755 0.0198604663664953 0.0675719178359414
0.00544242510406116 0.0491739598483899 -0.0377840771268546 0.0772629417601686
-0.038344472638327 0.0451133612797393 -0.083715096702641 0.0178778105400774
-0.0561819246932333 -0.0212927925029729 -0.0504472694826428 -0.0292475563591354
-0.00815035827016216 -0.0566163867533405 0.0228396974327303 -0.0139794234404275
0.0294603099100129 -0.0340331849738129 0.00761862385391519 0.104904407327077
-0.0404879385774373 -0.0156571119193896 -0.0162534644039678 -0.119397734148532
-0.0176813727604891 0.0318758537102878 -0.0508380428798932 0.0128235563796849
0.0198159786058459 0.0226435753946165 0.0504999890136537 0.0470014206251369
0.022809117293417 -0.0140835115727905 0.100814715892272 -0.017350380153594
-0.00100836507681282 -0.0177789942888925 0.0509254227262144 -0.0930728955598037
-0.00693790280377088 -0.00936860426476382 -0.029945020943917 -0.0913910654933699
-0.0103811082039526 -0.00872462258886197 -0.067592372975577 -0.0504202222527944
-0.00739185960736688 -0.00463815304370491 -0.0781499970174134 -0.0208557690966849
0.000409447204987486 -0.0087713478911116 -0.091772932782827 -0.016901176887714
0.0103151181264566 -0.00430962153547799 -0.0916116432101063 -0.0408328022042245
0.00945937819550076 0.00359912975564825 -0.0625900928268564 -0.0785747936843383
0.0106078771597004 0.0158243422882449 -0.00924102954398925 -0.092120749886956
-0.0227102209027732 0.025293630776659 0.0354811991680105 -0.0965258701239627
-0.0524497409144518 -0.00401473357572107 0.0448665841685505 -0.105092513517944
-0.0374744346234212 -0.047014569994115 -0.00890604429324373 -0.154715675907764
-0.0500010484168533 -0.0636110985799779 -0.00251884159214105 -0.110372034090439
-0.0552491187615655 -0.00115590212254719 -0.0506255660786389 0.0178873562655522
-0.0201630554212145 0.0268587422757006 0.0525153399257947 0.0579031443050203
0.00694386247068746 0.0211424652298627 0.111532361343388 -0.0108266235241691
0.00572361082215901 0.015080559497534 0.0579329598876512 -0.0961215516193289
0.0156014821470639 0.0128754828668637 -0.0236477163236065 -0.0948646846244179
0.0195590313189279 -0.000290571390064845 -0.0617531592941307 -0.0536563794984234
0.0216442530949015 0.00233888332365301 -0.0733739433720979 -0.0227551247232388
0.0288236787234343 0.00399529591796687 -0.0855574408211269 -0.012499685598366
0.0308392375430107 0.0278820832045225 -0.0921228788748058 -0.0300853779690377
0.00375860308716697 0.0432940711877097 -0.0734477438313242 -0.0673651463359695
-0.0209404290237073 0.0442356020088214 -0.0256065479848351 -0.0899940197358903
-0.0678914514722192 0.0144757380717529 0.02264281302405 -0.0943186965808453
-0.0827258790134749 -0.0530987776518349 0.0364037820612398 -0.0908358287414595
-0.0488432742984058 -0.104064944427225 -0.00960858804095103 -0.125230455425572
-0.0484684530254356 -0.10677490409736 0.0111592747913777 -0.0813901658572877
-0.0864803598030578 -0.0434617885431838 -0.0512925580125838 0.0309466314979417
-0.0647481117774912 0.021014327730867 0.0471026249608904 0.0778335497045106
-0.0181480449164258 0.0553074825722238 0.118316694098555 0.00819161137943073
0.00897819362628784 0.0513820263475649 0.0700565095893589 -0.0857512239764369
0.0358667375202628 0.0388678818571153 -0.00811555829968931 -0.0884284358188142
0.0477608458665048 0.0108428012366109 -0.0435701476408281 -0.0510029592104155
0.0469389511534666 0.00814773136283417 -0.0574658561832316 -0.0214671416925826
0.0525566507092417 0.0116349201453406 -0.0685154532953807 -0.00488614650906208
0.0519595502394987 0.0492198435965469 -0.0837254094218632 -0.00997247570491046
0.00877433167313237 0.0757531135345949 -0.0824390634234709 -0.0417491474215969
-0.0360449273958547 0.0774912003817367 -0.050613371653798 -0.0782370112392114
-0.104163427895781 0.0199156953953761 0.00182549862231797 -0.0899912697424781
-0.110883482159716 -0.0813710388758641 0.0305602601234029 -0.0754263707286302
-0.0602152759218831 -0.142116496402707 -0.00674756081345731 -0.0813496088396476
-0.0360929403317689 -0.135575978522615 0.021518459298138 -0.0337488037210188
-0.10139496472428 -0.0868621483786829 -0.0494543957696726 0.0498423461398668
-0.102847433919304 0.00222117230436724 0.0331054194165308 0.0984777563834346
-0.0493220938525707 0.0770673759213008 0.112665333959078 0.0375415331144751
0.00516497328648274 0.08261909693937 0.0801398444820836 -0.0585985826522477
0.0487020449499897 0.0624043033077815 0.0154093415653638 -0.0703495696057729
0.0688638974590563 0.022277459773414 -0.0168389238411087 -0.0421741893727531
0.0661873845458805 0.0129987980039538 -0.0338691414281445 -0.0165793117507364
0.068531142150294 0.0154871535314105 -0.0440210914158282 0.00459401716108283
0.0664841159108397 0.0585981695745466 -0.0656785237095908 0.0119658186689399
0.0186389246361082 0.0936002325479001 -0.0812971018258108 -0.00895178833049204
-0.0366822108286296 0.101397330872113 -0.0703302529963484 -0.0558518442846133
-0.121708305393049 0.0308864685015456 -0.0190176882592518 -0.0779708791259175
-0.125298350266478 -0.0897597404650233 0.0294434967313155 -0.0592913289398784
-0.0643743911207154 -0.156254924503566 0.00214865166972158 -0.0302358467601207
-0.0170049678433355 -0.141259594592716 0.0274535788516067 0.0252398405614355
-0.0916581485694814 -0.116418313036587 -0.0451342660205784 0.071870218609226
-0.117851376642757 -0.0250543957290123 0.0113933391268769 0.113257819689755
-0.0765730635123728 0.077145318634464 0.0915071605590492 0.0672185830234572
-0.00611407802552118 0.0982429342120829 0.0825886130580191 -0.0183397814663076
0.050026497468302 0.0772713609430129 0.0408897707067132 -0.0400039332612357
0.0785607684738938 0.0313820785572571 0.0158467534054128 -0.0276551557863594
0.0750231392228818 0.0155982953965783 -0.00528482639040903 -0.0101561626336141
0.0743500024513185 0.015532732332185 -0.014376137537782 0.0136353991975792
0.0703681471372652 0.0580053016478581 -0.0414742748505017 0.0315685121706043
0.0243685356024995 0.0965527960953574 -0.069769350887329 0.0212423770949896
-0.0342375805793152 0.106824781401504 -0.079627737852782 -0.0305399510050293
-0.120227159361412 0.031296494764715 -0.0329109642625412 -0.061654552453325
-0.116644708279413 -0.0879839665890839 0.031576095811491 -0.0441496920533681
-0.0547965597812036 -0.147862094529777 0.0125911872838759 0.018723187093856
0.00397411227888111 -0.119748626169856 0.0269622334733893 0.085591130447265
-0.0599795115149752 -0.120571647776481 -0.0390976734994301 0.0916977525371969
-0.10277150055912 -0.0494825702788664 -0.0104864048345328 0.116909703317597
-0.0857030871196774 0.0562576670218568 0.0600676542364368 0.0873273171549142
-0.0172554586301529 0.0918384668766676 0.0738463208475311 0.0232956598063901
0.0403284283830865 0.0765076114006713 0.0627183080700087 -0.00528306141263797
0.0736728705915895 0.0346594058474351 0.0470450756874995 -0.0103683846600446
0.0723015527167866 0.0164128316528171 0.0232727868070797 -0.00245421392697836
0.0695952840670783 0.0143593217628651 0.0135864774454745 0.0222363675619268
0.063883841866 0.0517516765345809 -0.0159385005822598 0.0454304874685899
0.0206623308230707 0.0873103221025054 -0.0555025166501257 0.0449029868324491
-0.0353335413244751 0.0939143107884218 -0.0811284182151931 -0.00927067300115977
-0.106304111682396 0.0173541443753385 -0.0405022901889209 -0.0456676952898718
-0.0876061969706919 -0.0824418245406591 0.0317899888754036 -0.0308640849842049
-0.0310881669252506 -0.121404322470408 0.0189355362158011 0.0592209453366183
0.0210202381188948 -0.0743764465387923 0.0236785865607391 0.133735634375639
-0.0195110154464888 -0.094430315606369 -0.0338227039594271 0.104687146199013
-0.0658063916793603 -0.0560251093596706 -0.0277476918631279 0.111272481882565
-0.0718510562580135 0.0287877753732876 0.0285426865428422 0.0939572887029103
-0.0206589584611498 0.0676719684994247 0.0597568630820481 0.0565310196308952
0.025847510593729 0.0594983049041931 0.0774990729291155 0.0253825236430735
0.0558548572425027 0.0298633107113274 0.0720489232893822 0.00527604008429642
0.0578734305508072 0.014982682662351 0.0480587240687254 0.00427474498041059
0.0566770375804624 0.0129250295618854 0.0366719164867047 0.0287947687082672
0.0493615084550994 0.0425183516266273 0.00481373320067232 0.0569470734238517
0.0133448230797814 0.0703788976990042 -0.0437523371393257 0.0623012750755879
-0.0379867899493522 0.0715762291342071 -0.0811789773028247 0.00748856402664835
-0.0842244032811307 -0.00301478076684519 -0.0451212578574556 -0.0336762201980922
-0.0490403097020925 -0.0733314626011208 0.0285164519560236 -0.0210450538792995
-0.000327262323859531 -0.081282721018795 0.0180902207380016 0.0874268417682239
0.0329999483595797 -0.0166357516855249 0.0210197035430988 0.159464546306801
0.0167648105933264 -0.049009060505488 -0.0274281468005849 0.106268323492219
-0.0228815775649802 -0.043169749205009 -0.0366133859719281 0.102725402920404
-0.0414183794875699 0.0056808834570528 0.00864378510270273 0.0936214254136753
-0.0149308869094038 0.0334746189925065 0.0516047918273698 0.0748313873025789
0.00950036494602321 0.0317151992344211 0.0864354598438116 0.0435046800898675
0.0295593103141937 0.01970126757286 0.0870471564597576 0.0152978293343307
0.0346726605633515 0.0108745908601309 0.0641998976314917 0.0106575108586588
0.0355012782145377 0.0110014099996056 0.0526615237064567 0.0359289258374064
0.0304478445267001 0.0295254892796665 0.0193206608380543 0.0671927409313555
0.00599955961675507 0.0482890047383257 -0.037933051420896 0.0768860877745298
-0.0373816669828945 0.0446417220858104 -0.083682627405681 0.0180739706982954
-0.056043513434842 -0.0215827540386524 -0.0498481725356782 -0.0292201685154484
-0.0080009630246736 -0.0565631453394609 0.0225848305703692 -0.0154452746583921
0.0296650886793541 -0.0337649203399205 0.00767514515717213 0.102692912930123
-0.0409971095180296 -0.0158496244527765 -0.0149195602809914 -0.119773121489536
-0.0181556581223804 0.0321516347594515 -0.0527249508095229 0.0132025290712432
0.0202779936274824 0.0227225518242446 0.050277284873608 0.0486679027338677
0.0232863091647989 -0.0143238791759193 0.10225016579326 -0.016308657413322
-0.000938813125201395 -0.0180806348727259 0.0530752388963095 -0.0934508893264172
-0.00649195709505446 -0.00950732093805852 -0.0285076867249611 -0.091813739459108
-0.01087233676168 -0.00830069457341173 -0.0672271421641708 -0.0500870444244926
-0.00727512633167263 -0.00433171912557745 -0.0779750595133298 -0.020588052468931
0.000228556041745275 -0.0084507141689335 -0.0922748073187997 -0.0160643658595635
0.0103210187658135 -0.00445905870361822 -0.0921281759696662 -0.0411949032709893
0.00934912017798549 0.00359916533557929 -0.0624801480283514 -0.07957146043905
0.0105401280023462 0.0154313211469485 -0.00691533918621112 -0.0929515938012479
-0.0230342852567013 0.0255295515116601 0.0387524637950753 -0.0970562413151335
-0.0522724277782494 -0.00412324315925817 0.0477517486489258 -0.103402510309232
-0.0370368947823227 -0.0475611455748844 -0.00669016504693398 -0.153867530335976
-0.0498394029166291 -0.0644461578495216 -0.00103353642582618 -0.110449293613469
-0.0553684074165106 -0.00075419135672277 -0.0523468139380134 0.018930403694895
-0.0199672174640344 0.0266571150825303 0.0515098858272073 0.0601339960784133
0.00734215377709133 0.0205294247365945 0.113194771443614 -0.0097616779130146
0.00544961669739513 0.0150697167294644 0.0603683688043456 -0.0958561733565095
0.0158987086483279 0.0129084297105348 -0.0225276540761993 -0.0947303931608299
0.0192789787288606 0.000337275770702648 -0.0613958414001567 -0.0535006964527929
0.0218787204690101 0.00235038239183319 -0.0732520678203702 -0.0226277800369703
0.0286274495178479 0.00373305438180919 -0.0862186872551259 -0.0127412901353017
0.030848051732329 0.0273373773118987 -0.0925656200900204 -0.0300222857481836
0.00382191512467278 0.0433676443400127 -0.0742233007402703 -0.0689200019875858
-0.0210403536638994 0.0437646891119801 -0.0245843398387291 -0.0906933742955667
-0.0684099824782476 0.0144820397775039 0.0256598024610738 -0.0950561791851242
-0.0822936969219472 -0.0536687920475095 0.0389996706044182 -0.0897801837182367
-0.0464087421041686 -0.105132616712991 -0.00824166990640087 -0.12533297954551
-0.0475530960922129 -0.108335716914782 0.0124427777181246 -0.0812703893883024
-0.0862301164305599 -0.0439057562575091 -0.0532640540381694 0.0312655278013315
-0.0647492399901596 0.0197800731234212 0.0458085833846506 0.0794228491119177
-0.01835955134277 0.054324234097532 0.119178789304974 0.0101490480822636
0.0089927661294659 0.0512340743267512 0.0719771771184649 -0.0842505001683328
0.0358733912122325 0.0386349955577106 -0.00649803134378693 -0.0885489583437541
0.0475517238164828 0.0108729977035501 -0.0434094560824763 -0.0513475687294019
0.046970508167058 0.00841376752212761 -0.0577584502735442 -0.0214156473792771
0.0519113008623509 0.0123190933961489 -0.0694782855658889 -0.00488467448771994
0.0517090277047063 0.0489297400471802 -0.0848254343475662 -0.00937329496734247
0.00919010918041833 0.0758665958851835 -0.0837335423668359 -0.0432245554123405
-0.0360469835966611 0.0766134152181369 -0.0502688890710589 -0.0790721094072004
-0.10404500525519 0.0192047061546927 0.00387420533936435 -0.0907944962690809
-0.110355208510648 -0.0821643145963407 0.0328714444229146 -0.0746861671234679
-0.0573276229853466 -0.143191168792535 -0.00595003202192178 -0.081526855744152
-0.0340646922517357 -0.136915585673162 0.0221907917233879 -0.0334817241126861
-0.100823297779998 -0.0870061434847917 -0.0523423262459976 0.0502151409845623
-0.102924423623614 0.000974776295414819 0.0305629385727817 0.100440202972464
-0.0497135462422367 0.0763048403804403 0.113062333702592 0.0393577758136665
0.00475872808700739 0.0825660010386511 0.0813038226048182 -0.056285466340149
0.0488306869983775 0.062576192247608 0.0171854862344438 -0.0699097455987864
0.0689093632659126 0.0225040125096923 -0.016151905918423 -0.0427444745216285
0.0656634562416375 0.0131684458931913 -0.034085734998998 -0.0166224546828016
0.0676574015556691 0.0150927528132962 -0.0446079743096436 0.00441983861383078
0.0659127321530841 0.0581685484570606 -0.0666397593737566 0.0133205169746711
0.0189393709819945 0.0939484817721667 -0.0824189831984684 -0.0100702379433487
-0.0366945374820122 0.100610860541144 -0.0707102275974695 -0.0566703425567626
-0.121914666498414 0.0298057675066596 -0.0167901854483922 -0.0796594788307382
-0.124615701623632 -0.0906947279433516 0.0314695806609616 -0.0591357026690865
-0.0612735296913424 -0.156865589914779 0.00214094758882857 -0.0306762759190424
-0.0146593907310354 -0.142462561758119 0.0270447832957377 0.025677787134858
-0.0907633734835006 -0.117128039193443 -0.0480443678483153 0.0719601555294776
-0.117771716022802 -0.0271206262773713 0.00825028246398198 0.114801038749304
-0.0770595636934315 0.075458400897613 0.0914858168104632 0.0697361063881501
-0.00674265001694425 0.0979172276898179 0.0828204081456766 -0.0155680314243203
0.0496150514512021 0.077469685358206 0.0421864243291101 -0.0395461772714654
0.0779811008462439 0.0314001418325108 0.0160149784787175 -0.0283276449327306
0.0751428977059574 0.0159458116310726 -0.00573079567768681 -0.00951061531168726
0.0732383594902509 0.0159036661939668 -0.0154615128098836 0.0137554241681655
0.0700875338962504 0.0580244049877997 -0.0418917792481204 0.0324361105898791
0.0241163369914761 0.0966678449494827 -0.0717448899597736 0.0205690513508004
-0.0345631056127139 0.105550492530138 -0.0802459556538117 -0.0310790218118048
-0.120872692799189 0.0303791438016048 -0.031287120350772 -0.0629799405887716
-0.116444569672401 -0.0891247542861016 0.0331357926186226 -0.0442438970797111
-0.0520634660936412 -0.148144963245414 0.0119009498894414 0.0180252307936578
0.00626323075385471 -0.120832466964069 0.026054196246566 0.085708671349781
-0.0589566510837648 -0.121083937231767 -0.0420424440114289 0.0920942879462304
-0.102153649575796 -0.0507404564140843 -0.0137949242281483 0.118249162557534
-0.0864593053496394 0.0549619973318675 0.0590925907880095 0.0893274967183464
-0.0180517694135032 0.0914239298287971 0.0744424434375476 0.0262519435854418
0.0400441931148505 0.0765989885348841 0.064023850160239 -0.00501181478143223
0.0729654844450756 0.0344506509647222 0.04771526436968 -0.0108123384319355
0.0725416996565829 0.0164734371365264 0.0234822860549025 -0.00190369845584481
0.0693217761054273 0.0148412784719807 0.0124326817801911 0.0219403217005745
0.0630134331866637 0.0518313538308267 -0.0169685290868828 0.0463858963238479
0.0209277761652862 0.0872669797793319 -0.0569067783890662 0.0442104085814588
-0.0352418073288263 0.0933181234710759 -0.0821908240404026 -0.00945352468898572
-0.106267822510802 0.0165248761624348 -0.0386862063835288 -0.0471226297331223
-0.0870416007028494 -0.0842153485567866 0.0326616010224623 -0.030952410940261
-0.0286033043674148 -0.121335106952587 0.0183615666352858 0.0587333604455967
0.0227594293715477 -0.074816181116991 0.0212738554885979 0.133998106481816
-0.0182422514336598 -0.0943101639374743 -0.0374418399635117 0.10389190598743
-0.0655868281014711 -0.0573947390576407 -0.0306895987602835 0.11185741964569
-0.0728041876231983 0.0278055349125627 0.0271569740914568 0.0956308134696394
-0.0213132907222984 0.0673889611564821 0.0601792477580375 0.0590387099482401
0.0250945012516908 0.0600064647495343 0.0786039587640136 0.0255877839169327
0.055519554819982 0.0298833759902928 0.0723022873045795 0.00466116307484426
0.0578748086170086 0.0149399058235996 0.0475687916451534 0.0050296407695015
0.0563570505418079 0.0133309352855072 0.0357753834535553 0.0292610105320823
0.0488961407260917 0.0424098175243784 0.00403691369732342 0.057976051647133
0.0133943529607368 0.0705945112757962 -0.0448466580709955 0.0618326373022865
-0.0383123022745089 0.0709885309358266 -0.0815601324497803 0.00684429057224416
-0.0844787725638283 -0.00434955615019911 -0.0439926212899967 -0.0351691608526985
-0.0473455006960062 -0.0745529891133782 0.0288855931944342 -0.0215357090127975
0.00158659047677056 -0.0818270503479804 0.0169696758066768 0.0867554251581303
0.0339165734845307 -0.0166434936814521 0.0188160263353707 0.159722073646733
0.0171229380229503 -0.0486138600777873 -0.0303827017168947 0.105247984055831
-0.0231178346086991 -0.0438033897619525 -0.0393154607571067 0.103331533013119
-0.0416004038055561 0.00509323464953455 0.00640849440820854 0.0945442815540926
-0.0149646973154712 0.0335182520107455 0.0510889638196151 0.0764493940355928
0.00895387478452222 0.0319264875427082 0.0872112820115745 0.0434659315608206
0.0291807724825681 0.0194707668937525 0.0869965441884564 0.0149578592924483
0.0350556900373456 0.011303443271464 0.0638435658402269 0.0111870533304308
0.0353506380030476 0.0108031690797579 0.0520425851751612 0.0361200986067563
0.0301349899571203 0.0298877082416879 0.0182122041934559 0.0676424065368995
0.00569424005012529 0.0488403259807374 -0.0394375832064317 0.0765715426642171
-0.0372889372612483 0.0442157943363418 -0.0845225628404462 0.0173311663546132
-0.0560721378548951 -0.0222325226260105 -0.0492246496836415 -0.0302409195905021
-0.00675946455751287 -0.0566528359441752 0.0236037014613458 -0.015660810332939
0.0309822497099537 -0.0337694679152318 0.00676179106744919 0.101708157500694
-0.0424733762181594 -0.0175070879332174 -0.0133739509930924 -0.123664274968265
-0.0183848022544068 0.0334628829275847 -0.0548230364141434 0.014527783546473
0.020870556746719 0.0237594490289423 0.0503424578684155 0.051767721242893
0.0243545178327013 -0.0150054635385448 0.105177182199216 -0.0152900595984646
-0.000688899273198583 -0.0186017134104668 0.0569472800998241 -0.0955049796150942
-0.00662666541299951 -0.00982099091911631 -0.0276172830745512 -0.0936740745574745
-0.0107166120164111 -0.00831495441654001 -0.0680988219223151 -0.0512142010032678
-0.0072924879282359 -0.00408001208937029 -0.0795669550266581 -0.0216859690884737
6.58303392618883E-05 -0.00847274836419033 -0.0949885996433967 -0.0166940433874993
0.0100117326528848 -0.00469275296886599 -0.0944353693718505 -0.0424411101806715
0.00951946698623169 0.00357154974829366 -0.0635347243771594 -0.0828589929690202
0.0110762138316471 0.0156330865065525 -0.00435284434519815 -0.0955998302487348
-0.0239883736845268 0.0261912106243608 0.0427830732859965 -0.0996580608595324
-0.0532218862267389 -0.00386587269345188 0.0520077929300486 -0.104885258867531
-0.0358729450757429 -0.0500933863783268 -0.00382052382338151 -0.156094564276076
-0.0500562615426681 -0.0671197551595197 0.000970360209280584 -0.113282100636884
-0.0565058567095905 -0.00135640525619011 -0.0550236686468581 0.0195341300640418
-0.020007192467501 0.0269655250159965 0.051710574935651 0.0634560033868092
0.00802170339726682 0.0202101357290593 0.116649589987637 -0.00757314633870834
0.0060764642895162 0.0150133636338261 0.0646056839957373 -0.0971960387316497
0.0163002603181716 0.0135622220549358 -0.021369698170398 -0.0968977919204865
0.0194106551023538 0.000344833244903028 -0.0621014051735115 -0.0546926201574697
0.0224249142841565 0.00311438914371289 -0.0751050120431912 -0.0232788587360051
0.0288874222261598 0.00426587240482945 -0.0887700118459555 -0.0129570572502935
0.0312502613139098 0.0282508293513064 -0.0951553128616759 -0.0310327523220437
0.00365138467386424 0.0444705990117928 -0.0761696458958571 -0.0721522089565228
-0.0214598666829057 0.0435291485980791 -0.0234319045405916 -0.0938266236369699
-0.0698703516940659 0.0136971842413938 0.028973007190489 -0.097637635324299
-0.0836224262071999 -0.0553633854767284 0.0429520737294977 -0.0910908777644561
-0.0447324838243582 -0.108449888396106 -0.00665738906349501 -0.127265539118849
-0.0462792364928901 -0.111613227696268 0.0138417414635389 -0.0828470380503021
-0.0876985723341041 -0.0453335365051203 -0.0563009208097671 0.0326336425290647
-0.0658784261801188 0.0193035372431581 0.0445981928561818 0.083830203372215
-0.0188494098558328 0.0543821066143095 0.123049991597581 0.012884200918777
0.00865581075046227 0.0526562516391232 0.0757267153984414 -0.0846563631665151
0.0364749848947872 0.039404679170902 -0.00497548318702074 -0.0903738521545351
0.0479097178748771 0.0110060427775731 -0.0440009949852006 -0.0526460632023442
0.0477370660741963 0.0091284314768412 -0.0588913687673986 -0.0218957575733
0.0526540272055221 0.0124409607713371 -0.071883448404151 -0.00509268886891683
0.0515378169919988 0.0505109573765779 -0.0875006281114428 -0.00903632347708227
0.00883891482637023 0.0777785543675378 -0.086422506916292 -0.0456305925701795
-0.0370669541353453 0.0773721574832379 -0.0498082020024863 -0.0817679996525274
-0.106746467638865 0.018568027584716 0.00726737331688035 -0.0939391708258867
-0.11192465196651 -0.0855152608654818 0.0361190278568476 -0.075642603886523
-0.0548244198209807 -0.147945411170183 -0.00470632800047953 -0.0828787607072263
-0.0321610722949096 -0.141398646243073 0.0237955674332981 -0.0338401689280335
-0.102134876313513 -0.0897526438971593 -0.0558929266867551 0.0517213391342804
-0.104673367963296 -0.000865633162375419 0.0285251222101665 0.104923610564497
-0.0514197922234947 0.0764732843176959 0.115808476370387 0.0434160839935746
0.0037871832214454 0.0842779598353608 0.085715524692594 -0.0553662562055294
0.0490563474634056 0.0643344470689197 0.0194002164517695 -0.0710857093330216
0.0695328035635805 0.0231899080479271 -0.015673371693862 -0.0440715631995897
0.067272406005968 0.0139723193331124 -0.0349425569900499 -0.0170704811176449
0.068616538509967 0.0161313372815989 -0.0468313008843904 0.00477987216583274
0.0665668741614206 0.0598532541107151 -0.0690753453028552 0.0135809116976985
0.0188077946894162 0.0966057831114287 -0.085717616154231 -0.0115227970154814
-0.0383228811239426 0.101581710508315 -0.071730361131728 -0.0591178275564668
-0.12546688123268 0.0292217107767555 -0.0145814008589856 -0.0830821877415781
-0.126647927863825 -0.0947085151895068 0.0345090590080942 -0.0599050768922857
-0.0590164031654733 -0.161662777492517 0.00243748918234344 -0.0316593852782315
-0.0120365151984382 -0.146931879996088 0.0269755687406113 0.0270550176712361
-0.0914229540018934 -0.120492934714209 -0.0524895773826149 0.0735588544469627
-0.119946690876076 -0.0299027378537026 0.00517972035505968 0.119051597088263
-0.0796667471325311 0.0758273106559882 0.0926264123098583 0.0744746227668922
-0.00777365879274771 0.100202063722429 0.0863527419757635 -0.0129393865366369
0.0496787305418658 0.0792039745096261 0.0451947867350759 -0.0402110269557819
0.0787726138322229 0.0324140838313024 0.0169484068716894 -0.0293736793069935
0.0763711020996396 0.0166638605479432 -0.00552626110796111 -0.00964939189700866
0.0750127697294854 0.0167734989401963 -0.0169111069020709 0.0137492611147216
0.0709774882275995 0.0595325915907208 -0.0440213008522016 0.0336117054726397
0.0245764491390543 0.0991722310658619 -0.0743557553262252 0.0201220402442764
-0.0353813839040427 0.106561720208953 -0.0823535640309794 -0.0324243573211461
-0.123714622004795 0.0297587934277412 -0.0296320677251909 -0.0661056859310027
-0.117729762395173 -0.09260193513444 0.0352145493175809 -0.0448532065728617
-0.0494210894841027 -0.152539139031009 0.01141509501865 0.0180541401216707
0.00872452822091826 -0.124048097160057 0.0252967752272164 0.0885167680096768
-0.0582798582224969 -0.124146769134496 -0.0467600374088111 0.0935245343918061
-0.104406014857942 -0.0542196519969746 -0.0178599215613708 0.121828503308335
-0.0888807821562251 0.0547192269629387 0.0584724946630739 0.0936219455916935
-0.0191417509159791 0.0936217993343012 0.0767083533433614 0.0298793153265578
0.0399303954256433 0.0785592451468731 0.0668528275414478 -0.00443576002737518
0.0738499070811508 0.0361009895992794 0.0489476406716132 -0.0124610404448914
0.0736927770348835 0.0173089748947765 0.0236543683348938 -0.00152472074996375
0.0704714476510382 0.0155436961143742 0.0117019797467787 0.0227223995040408
0.0640984236806005 0.053671856541384 -0.0182229239500528 0.0480236299769529
0.0211160311166918 0.0892963445831683 -0.0600360376195998 0.0449515775063258
-0.0365670434803619 0.0941007083062052 -0.0851028148737078 -0.0104481388783204
-0.108898767192221 0.0147292997864447 -0.0382054536857263 -0.049758935271283
-0.0877799567131913 -0.0870578590348978 0.0353187911923493 -0.0318945102734582
-0.0263269216909832 -0.124495881134094 0.0175745858208056 0.0595803029536463
0.0249967523012624 -0.076454978756331 0.0194091408369635 0.13738680312008
-0.0169776442607554 -0.0966657252131498 -0.0414724238092649 0.105781992736235
-0.0664123483507401 -0.0597896335610644 -0.0345416621896806 0.115240567882086
-0.0745120984365827 0.0270954079635816 0.0251177611915339 0.098933823469926
-0.0224667921716253 0.0688433964049089 0.0610051232005923 0.0629539540808889
0.0248955736055554 0.0613033097218064 0.0815114471520813 0.026522869025318
0.055879276753933 0.0308209771877157 0.0737803933451939 0.00394128803009649
0.0593649579910861 0.0152307590842682 0.0481854172580638 0.00578384478850783
0.0568598682737746 0.0136592731166709 0.0355147713077311 0.0302646010995175
0.0495948588419127 0.0439255609697344 0.00300997085821817 0.0591307466316546
0.0136871503289671 0.0720008135162095 -0.0477684644161722 0.0633703859731881
-0.0394296428625815 0.0712839701711774 -0.0850989285623774 0.00621303838658626
-0.0865477128360916 -0.00531008120025789 -0.0436737933722869 -0.03736330761384
-0.0476105957497232 -0.0769248194939164 0.03053899042803 -0.022351261862306
0.00325962062645344 -0.0833232599893865 0.0155154911021931 0.088180124711399
0.0353622504528414 -0.0165369138596965 0.0158171079346592 0.163465823980554
0.0190597993445489 -0.0496594474750918 -0.0346338965372257 0.106202600911218
-0.0230839728676189 -0.0454472546186959 -0.0428581620403382 0.105336999403282
-0.0430803907437339 0.00528420352475133 0.00401596831748606 0.0978914915202212
-0.0158243763856492 0.034333278195156 0.0515016716237993 0.080372475714838
0.00879644768237252 0.0328893434429006 0.0902419719556043 0.0448823177109446
0.030298907868981 0.0202255317410669 0.0893146356167736 0.0150206711855183
0.0356545971005251 0.0115534936128048 0.0649164239350016 0.0119190439398178
0.0360152306122357 0.0111554959314023 0.0518377152983691 0.0375527491725562
0.0309872883782661 0.0304624618057474 0.0168921501828354 0.0693170030685991
0.0052931326306631 0.0493270340213934 -0.04161564477836 0.0775695541321199
-0.0384343034934808 0.0449973087010254 -0.0876856757265597 0.016678317400627
-0.0573361659568933 -0.0234450566716409 -0.049562994325587 -0.032653423387727
-0.00581772064530187 -0.0586426380780625 0.0241120637698087 -0.0172859179862337
0.0323623923899322 -0.0339221226316154 0.00552933175281286 0.103228656092965
-0.0473666266317429 0.00954531126766541 -0.0887063566269289 -0.0907657871344883
0.00464568246821256 0.0385220787337052 -0.0360814420189053 0.0493984559410139
0.0322667564401339 0.00722937241091726 0.0757950845654049 0.0135485813621214
0.0111708536381918 -0.0275095873017352 0.0800773354959118 -0.0795795829894413
-0.0120636577484281 -0.0155043328939209 -0.0117413537475114 -0.115476180841405
-0.0116300692182386 -0.00408374089700186 -0.0806796834822555 -0.0609463962004738
-0.0140199718372697 0.000722297919346667 -0.0884861281978364 0.000407385449588475
-0.00805660713904527 0.00161800981513236 -0.0792841515125031 0.0323762086546183
-0.00557181064503913 -0.00618865914235745 -0.0890064481236886 0.0466200130353071
0.00534141237506347 -0.00968165203159983 -0.106011241082752 0.0233297561744372
0.00918630160575694 -0.0031147278473001 -0.105290220136133 -0.0289107107420925
0.0181173737144782 0.00586593080993133 -0.0635485785498037 -0.0793157788211278
-0.00416829543174063 0.037562853132043 -0.0260083452744217 -0.112132728430459
-0.0482843601774165 0.0292474695902588 -0.022476493447399 -0.123141247243197
-0.0646243426560204 -0.022811339237127 -0.0995988815623044 -0.129631444336462
-0.0823041527440705 -0.0293715873382975 -0.0736575436780953 -0.0904339719376639
-0.0469541734485076 0.0322923441126092 -0.035670345827889 0.054115407609298
-1.41218767082356E-05 0.0337858108699105 0.0833239258958682 0.024554405748136
0.0179862924553431 0.0104042563096704 0.0947427750322949 -0.0786372221390312
0.0133961740907803 0.00847615855663711 -0.00499260818081594 -0.1212524472504
0.0206253615989743 0.00102711772166691 -0.0767455460294841 -0.0673878156322059
0.0158017639858004 -0.0108657822742013 -0.0861350028478126 -0.00630566881787927
0.0199848138121859 -0.0109885675361509 -0.0764264700502197 0.0276506773164718
0.0267727815799565 -0.0136756249893994 -0.0821066481836931 0.04669765541611
0.0431972344338089 0.00438574252669654 -0.099791412691386 0.0343233721276936
0.0305785247158426 0.0353552202903875 -0.108817157989587 -0.012220922755715
0.00765754645165432 0.0501696358609636 -0.0778944354003008 -0.0654104782555862
-0.0526433326930891 0.0558497708406266 -0.0359509052229091 -0.102109337773383
-0.107138374265516 0.00518837046540454 -0.0203611471372899 -0.106934849205084
-0.109801573068787 -0.0677723073630256 -0.0809637074053735 -0.102695076438118
-0.104375550471822 -0.0701024331120468 -0.0471878217631543 -0.0733673635472596
-0.0974699082387809 0.0139475341220455 -0.0312994307473594 0.0656815711939916
-0.0432083463282436 0.0549494211781141 0.0879230744068133 0.0481188399836675
0.0162789848821862 0.0541848831126442 0.113969612155903 -0.0637374408358242
0.0377141340882249 0.0377913701411108 0.013258156289646 -0.116631364175788
0.0540549646604457 0.0107482987961455 -0.0584475800585341 -0.0717923730756205
0.0457865889732461 -0.0193708834427677 -0.0691709138210799 -0.0168127916959356
0.0456593832980969 -0.0222093154307374 -0.0628236059576909 0.0198368434284483
0.0519395754338907 -0.021696370821658 -0.0635509501932449 0.043008913179083
0.0744813794444761 0.00985954843018288 -0.080146362885535 0.0479237742469803
0.056426080367891 0.0604200087643568 -0.100405442347075 0.0163522478281136
0.0150712207643155 0.088687297332102 -0.0932712559868784 -0.0382243207833757
-0.0821956441830279 0.0838625808936804 -0.0520046722011619 -0.0854631254622005
-0.151309736637318 -0.00155483844805849 -0.0155676141868481 -0.0915235498311747
-0.143080878336866 -0.0948074390348655 -0.0497124647626698 -0.0657526059602848
-0.109016469058329 -0.103904743889123 -0.0110070878657439 -0.0389516637193752
-0.135257373946405 -0.0144186616995996 -0.0214868818013417 0.0799050170109792
-0.0876792820593957 0.0609404044008259 0.0844608230171496 0.0771297352726548
0.00179124412291822 0.091332691090482 0.127484885111602 -0.0311347449411964
0.0526710070822708 0.0672415692433492 0.0403337427534078 -0.0976944788744475
0.0790617376100135 0.023218191727965 -0.0254259801941893 -0.0702249373175776
0.0702512375642409 -0.0230402923845648 -0.0406961198034296 -0.027851662077851
0.0641483415827352 -0.0301381913856146 -0.0393912658593856 0.00831069755412204
0.0677266750523404 -0.0289057279494226 -0.0370299954755052 0.0352849508780939
0.0938496243196017 0.00878202054870853 -0.0500700126686404 0.0561154597949316
0.0772748810707341 0.0700297305003541 -0.07891319612247 0.0437843391734486
0.0294737679607201 0.110325355672001 -0.0973564694334702 -0.00522534331959554
-0.0913952316610207 0.106084433456481 -0.0628153837982773 -0.0622442795611472
-0.170115391917961 9.89557269105166E-05 -0.0064926752237356 -0.0777296456889736
-0.154827607202457 -0.10361371405548 -0.0104908222849682 -0.0260916204769825
-0.0946146912899031 -0.119698565982805 0.0291720304750172 0.00830287598647756
-0.144228552523592 -0.0461571934267678 -0.00587436163855099 0.0946719150577852
-0.117616974560055 0.0458640085142088 0.0721908617894391 0.103808480069179
-0.021548347732495 0.10729538952639 0.125811330994678 0.0107742306788508
0.0523866433713803 0.0872168855203006 0.0672467999512876 -0.0622949564628727
0.0893336134622066 0.0354589500260655 0.0156958764289174 -0.0611991292508672
0.0840060642525243 -0.021671367318049 -0.00333787578852371 -0.0371323531898761
0.0735619577488744 -0.0338458505358023 -0.0107821761217805 -0.00359430967158494
0.0730136558614919 -0.0329494571638967 -0.00655100767237088 0.0243642336979326
0.0972498290403775 0.0053010955963355 -0.0161203682733478 0.057216114413108
0.0835901045202598 0.0686485692135372 -0.0496901153251157 0.0632052437734889
0.0354688887658052 0.11325843432653 -0.0902118610258506 0.0236541903387939
-0.090026578322371 0.105413909497019 -0.0653918098371367 -0.0387718426746474
-0.160959344220122 -0.00428204621656032 0.00359680562114254 -0.065087286367753
-0.140613079690793 -0.10022531915717 0.029252835714696 0.0097292223100717
-0.0627943058944399 -0.111961939025002 0.0665587554978106 0.058922963671812
-0.11890617205009 -0.0685663210048331 0.011438912452611 0.106248717767081
-0.118806195604629 0.0162815669884943 0.0539460356554283 0.11787686758489
-0.041341006553771 0.0961491054352591 0.10719671576502 0.0483216937660624
0.0390141986045901 0.0886096531159874 0.0848638619784696 -0.0204218881982357
0.0803594509058051 0.0406614460926057 0.0556656875980955 -0.0449443273707394
0.0818749911334759 -0.0162048572972273 0.0344664993101956 -0.0426944599957615
0.0714782154352183 -0.032180874329328 0.0182980549443373 -0.0152356329726673
0.0686696521387388 -0.0313390348840957 0.022527020177411 0.0129301485368344
0.0875075202149505 0.00467295351886912 0.0138250344095367 0.0533232399455203
0.0747642870213547 0.0625269480328023 -0.0219430703652491 0.0740668731606071
0.0265730863914683 0.102896452568646 -0.0780221890156366 0.0443379025810575
-0.0861722829286944 0.0833355000391694 -0.0619872488699635 -0.019360845760366
-0.13105312417801 -0.0190091146465725 0.011281921668782 -0.0535801353954693
-0.102507730737844 -0.0902585095634205 0.058778430959302 0.0410510216900235
-0.0215589640551356 -0.0798300255316357 0.0943771406198214 0.101568894173404
-0.0688152517109299 -0.0698523077458108 0.0248008802116817 0.112330934684992
-0.0907329614721053 -0.0102187047274659 0.0362473574369907 0.120830159922167
-0.0450864099014531 0.0653704340843213 0.0813952453117879 0.0726721200342448
0.0221261980964277 0.0701102049368507 0.0913583578691085 0.016737951434913
0.0579269561007683 0.0363352693844595 0.0859207058662331 -0.0284817239466848
0.064684630561003 -0.00891437771969761 0.0656141658033051 -0.0449193366296764
0.059455739914351 -0.0241779760501769 0.0432870984534962 -0.0253200561076563
0.0566866146121104 -0.0240363015425445 0.0473413767097752 0.0041121135543423
0.0696579503288307 0.00545313876512512 0.0386921541209031 0.049127154677993
0.0575913434266636 0.0529448136416163 -0.000543083452972785 0.0821519117625284
0.0104420877510562 0.0857870606019094 -0.0673936836063396 0.0586516073768331
-0.0797996185349046 0.0511158828603499 -0.0588839577737706 -0.00534384076275762
-0.0903545063277368 -0.0363752052464787 0.0133791138268614 -0.0409484381392008
-0.0497830899296602 -0.0743265557276731 0.0727265397508384 0.0665594626660891
0.0215184905655912 -0.0341087163380632 0.1123492266152 0.124130799304585
-0.0121508369122705 -0.0514274315645884 0.0336608965324434 0.108444657646934
-0.0460343446051548 -0.023022980155931 0.0248789603166233 0.116183742489101
-0.0316322096818315 0.0293981081782915 0.0622248264443547 0.0833056077645628
0.00783227329122763 0.037310648434049 0.0932295157189486 0.0368601987959038
0.0272145100490678 0.0223712904067759 0.103653505298995 -0.0190754097873657
0.0366868226076553 -0.00238779736241068 0.0838630790011988 -0.0454775068430115
0.0370734779247372 -0.0133677600388758 0.0604763069144419 -0.0305821616302018
0.037939146772718 -0.0132214923408354 0.0657592515747371 -0.000385954516555306
0.0453790453440761 0.0065800537590606 0.0567059089572532 0.0482487841116509
0.035924197167983 0.0394976036026215 0.0134744480743429 0.0907506051316458
-0.00518457549957842 0.0627502894775969 -0.0631580421181642 0.0687980716429409
-0.0666365474917689 0.016860319483048 -0.0606664156019469 0.00266502776088598
-0.0427467966196003 -0.0474714381746826 0.010964958487259 -0.0314696452629726
0.00659220061335692 -0.0496403478910799 0.0710906772287121 0.0859981675343974
-0.0499406296426891 0.0118158891896125 -0.0964228564684801 -0.0933598646817521
0.00614246740145343 0.0404441472597019 -0.0365041902814655 0.0548385943506382
0.0345338653639111 0.00653675163675444 0.0814203576627687 0.0138768810849845
0.0104802524879845 -0.0298162509499418 0.0825347077052744 -0.0862302236663488
-0.0135789799511183 -0.0162568756369434 -0.014738474119505 -0.122699496197547
-0.0125589207097649 -0.00395366301007193 -0.0860750824655547 -0.0625132354100057
-0.0147938354590633 0.00188937802807595 -0.0914750403273519 0.00338586464079252
-0.00850959599872419 0.00176156040780776 -0.0816048556568128 0.0367578060536454
-0.00599094221085349 -0.00587326263497834 -0.0907694471671305 0.0525575218383663
0.00517353499777939 -0.0102117500590509 -0.111785545025815 0.0285374323737969
0.00967982048884064 -0.00397154753254524 -0.112461036764266 -0.0282375125360135
0.0188639781935391 0.00492170508751125 -0.0680459382364761 -0.0832527571682108
-0.00283780822301238 0.0394978577998172 -0.0301178171533554 -0.119377721589935
-0.0492681573050886 0.0321718144659318 -0.025017196778158 -0.129306128699869
-0.0689838208344453 -0.0236647409298258 -0.106261143773614 -0.133124916713444
-0.087631255288046 -0.0290401645351766 -0.0802457813451454 -0.0935767694158907
-0.0479643325669978 0.0352645802107693 -0.0355125222104035 0.060389194854706
0.00111515269510343 0.0353246176794048 0.0882955474250595 0.025845438734179
0.018941137560444 0.00978853041739558 0.0987389986805252 -0.0862241015881064
0.0140149070468629 0.00852571166255402 -0.00840072615237538 -0.1280938304886
0.0219773011645258 0.00058893194041486 -0.0820189334453038 -0.0688153214674906
0.0160218564039625 -0.0118338097158975 -0.0897916599334242 -0.00416031688814775
0.0208439124834059 -0.0121268304114478 -0.0791310179951013 0.0325462750745601
0.0272817355204344 -0.0149408339633529 -0.0846201503716024 0.0528669755498926
0.0453109523515034 0.0034644219192784 -0.104216882752224 0.0400301229532291
0.033293021991537 0.035944208634156 -0.115426729902572 -0.00930760650328407
0.00901671017968173 0.0518877753727555 -0.082882525648847 -0.0681329603908488
-0.0532896635450479 0.0603615979256856 -0.0396856555989765 -0.109109257390208
-0.112253196718258 0.00853399825150028 -0.0225702980006041 -0.112456724206182
-0.116931566454318 -0.0703328871128387 -0.0863355076644629 -0.104964815911875
-0.111947000748355 -0.0717935594838932 -0.0514194964030644 -0.0762004344399063
-0.101916408194671 0.0173062536965996 -0.0318245823776735 0.0721087493569489
-0.043632436415822 0.0582179710018965 0.0937598735934589 0.0501425570495057
0.0180485878160993 0.0551640302111813 0.118890932145552 -0.0704493843176298
0.0406663887310995 0.0383854357540345 0.0117584050225636 -0.123882011948351
0.0564695352897084 0.00912551618301163 -0.0625829293013256 -0.0746085177328048
0.0469066831283726 -0.0215687054628038 -0.0732192470442376 -0.0159576439946018
0.0470606376853852 -0.0247415398928928 -0.064707410779809 0.0226207768492956
0.0534136435621386 -0.0243791146080643 -0.0655306551221055 0.0484903718392867
0.0792236748994315 0.00793299868308964 -0.0823945359303848 0.0540294347302476
0.061573869568211 0.0611399587415679 -0.106993587951527 0.020796043796859
0.0187148679083279 0.0920107514980844 -0.0988088536431363 -0.0386710882816857
-0.0836921372806136 0.0906531759826691 -0.0558859443464861 -0.0907996883390769
-0.159310880151149 0.00268765656927417 -0.0171746491659303 -0.0967354736108671
-0.151954679587001 -0.0975171844456365 -0.0537915048617644 -0.0675883521736267
-0.117884157563481 -0.107408512884046 -0.0127438172823147 -0.0413303667018325
-0.142859432405186 -0.0114798042120643 -0.0212249542182957 0.0867780362036167
-0.091247387413494 0.0660910680650412 0.0911611712651421 0.0815114016536522
0.00407136752097966 0.0952051343457103 0.134184393253396 -0.0357195936028656
0.0570365441850304 0.0687129188414848 0.0406772948283616 -0.104546790272812
0.0842377268323806 0.0214066981800843 -0.0281974462166286 -0.0743324729443577
0.0724696265499691 -0.0264351588163133 -0.0436117717123253 -0.0287069173678766
0.0665317629879234 -0.0337171709708527 -0.0408869444177965 0.0103981319444543
0.0692141399072735 -0.0326352937573418 -0.037868837689564 0.0400476661128901
0.0986137888506769 0.00600371052360639 -0.050500607480827 0.0614166591315021
0.0836602847840791 0.0708190194588982 -0.0828205276811703 0.0496436503314842
0.0338007994451449 0.114096118072212 -0.102691200870028 -0.0025687150523172
-0.0929494012117214 0.11385366712764 -0.0678911333658972 -0.06636729631495
-0.178809459323752 0.00514468641625282 -0.00794122883774994 -0.0828317411415416
-0.164475541270519 -0.106456865362929 -0.0113435045208046 -0.0271053794077357
-0.102926456375808 -0.12525106536101 0.0307722685146516 0.00776528776858559
-0.152961159306902 -0.0445979111175007 -0.00443977934405377 0.100842707483261
-0.122922921676775 0.0509039608595733 0.0782246750075991 0.10948658987332
-0.0200547355903692 0.112882966165449 0.133472464640616 0.0087946138071198
0.057557786379537 0.0899831615091678 0.0706164205973601 -0.0672037218122751
0.0950470686714652 0.0344318499920362 0.0154418533050446 -0.0656539165491273
0.0864354049212561 -0.0256913110478259 -0.00523564084014651 -0.0392218460900184
0.0759161483415952 -0.0381320263477067 -0.0112848311961915 -0.00355303681669283
0.0743286455083005 -0.0368432496649459 -0.00653428752921591 0.027708337824012
0.101846775898639 0.00282496401871395 -0.015102670627188 0.0619176620706235
0.089967898200554 0.0687831478817089 -0.0514138430020596 0.0687511314958129
0.0403249503570776 0.116853383559533 -0.0946379809610929 0.0276216943841194
-0.0914586008672064 0.113787093794334 -0.0696742196996221 -0.0413456747546175
-0.169282356784765 0.000116270609253256 0.00320867072071702 -0.0702162687265205
-0.149243884313917 -0.103290174069611 0.0305243671360387 0.00966353702107454
-0.069021052319138 -0.117405744473935 0.0711067143070787 0.0602755573260547
-0.12648494386519 -0.0687043748232971 0.0134107805891916 0.112760183462323
-0.125088493198775 0.0199988246648051 0.0586941770085019 0.125474435360534
-0.041490305626931 0.101784711849546 0.114416385316595 0.0496304954386624
0.0436773725134907 0.0916413246933346 0.0904668511622465 -0.0227290624225383
0.0862856795703893 0.0403841059655221 0.0575821070447509 -0.050255998979922
0.0845962872829411 -0.0201044806172931 0.0338611349691056 -0.0471661372783704
0.0740378559494172 -0.0359798361993319 0.018562530912214 -0.0165392915559359
0.0705305206860649 -0.0347973488345211 0.0238502330830701 0.0142771674872001
0.091948598839847 0.00205669693676027 0.0165717605025617 0.0568701758453355
0.0802929950095556 0.0632919934306701 -0.0224218933752239 0.0795963709370614
0.0305931228183048 0.106780142425283 -0.0815245308609678 0.0494819520680422
-0.0882258474849133 0.0898599747220481 -0.065549023561318 -0.0205379832868497
-0.138540577070779 -0.0165788108218852 0.0109638407505376 -0.0575157040500753
-0.108901365793837 -0.0938028439050502 0.062194015128916 0.0414410542954355
-0.0247578583935033 -0.0846257651849103 0.101348732697898 0.10458406631263
-0.0742685193382847 -0.0717592164057922 0.0275418257173485 0.118264876237686
-0.0956010708239883 -0.0089539329085991 0.040146677870673 0.127966066240539
-0.0457558679840764 0.0701467175226435 0.0873627188271164 0.0756762618927547
0.0254961178150932 0.0731882809788009 0.0979995591775379 0.0157422057075292
0.0620459242932031 0.0361880200182929 0.090115330235902 -0.0338920105202215
0.0671945448937362 -0.0118257362379018 0.0659748336575359 -0.0504347301798029
0.060806866407467 -0.0278383573037754 0.044130585154743 -0.0278202037234407
0.0584325345506052 -0.0270928878982081 0.0491784214505268 0.00378118340533402
0.0730425744170755 0.00352671674780873 0.0423498400969248 0.0513982773574672
0.0612734907712884 0.0539603439830743 0.000438241671531499 0.0869598375073594
0.0134269746298666 0.0894359751670208 -0.0696610350626871 0.0641468593142269
-0.0827139426864054 0.0561949592872596 -0.06268848491599 -0.00485990367237349
-0.0960023359058829 -0.035856576047207 0.0129230137713159 -0.044052910520896
-0.0534497791190461 -0.0773106643950954 0.07781013755513 0.0674110932088118
0.0219816028540596 -0.0370494675150859 0.120024158816804 0.128132265678742
-0.0137677703612557 -0.0541643993706484 0.0361731144595619 0.114208192483379
-0.0492437545637254 -0.0230396107151176 0.0283482301965108 0.123570950524745
-0.0326012157287705 0.0320797496050361 0.0669446675789312 0.0879046662596958
0.00984714237141061 0.0390808681623734 0.100641718628298 0.0373300304719196
0.0294967866104976 0.0224493917262772 0.108356982038822 -0.0244744158764192
0.0381993132232349 -0.0039192810208337 0.0862170877603312 -0.0516069357967969
0.0383257842412697 -0.0151699275267982 0.0628005474472404 -0.0338746488514213
0.0393601854619395 -0.015542286486013 0.068369250705356 -0.00206129678570516
0.0482308941476379 0.00515549981857674 0.060651866265684 0.0499716090754349
0.0390873504208008 0.0405290652953168 0.0160436302133662 0.0948328765058438
-0.00399674087160754 0.0657043375011207 -0.064869236161277 0.0747622666957252
-0.0701045448980846 0.0196470908184108 -0.0645723397106801 0.00329169087159727
-0.046580060596375 -0.049531369906113 0.0105031669335468 -0.0344472689004813
0.00613795913725948 -0.0526469743548073 0.0760861491164876 0.0874052101597495
-0.0513905183904556 0.0148589671188656 -0.105131195782144 -0.0913657318251954
0.00890190223327162 0.0412608744010434 -0.0344662881883443 0.0613749095354463
0.0366504737560333 0.00497358407903275 0.0854823367562096 0.0114086377866176
0.00884285298110137 -0.0318214246471055 0.081758105444892 -0.0938263721495986
-0.0155567201579321 -0.0158466427033171 -0.0218764591622789 -0.127514592231566
-0.0139074611751665 -0.0034992429373519 -0.0926251903315542 -0.0600852656453163
-0.0147331219462446 0.00285996876443984 -0.0937922764597571 0.00881550453859217
-0.00854403372690129 0.00232159207731224 -0.0819502802295843 0.0423442019481568
-0.00642508489256793 -0.00535593294287249 -0.0904123917126205 0.0604667752387368
0.00422136591709134 -0.0109638282338985 -0.114387199235304 0.0366744933104733
0.00932660703672663 -0.0044623192629801 -0.118298772952203 -0.0228062108463679
0.0194816578983425 0.00379498175149479 -0.0740169895353417 -0.0847841964605693
-0.00038317148288862 0.0411534962384662 -0.0364696432870388 -0.124551129752354
-0.0488468866300054 0.0358395395838518 -0.0298928968776097 -0.133169285862433
-0.0733725640917426 -0.0220214449434718 -0.11470931606839 -0.132928250321738
-0.0928076363746836 -0.0253316401600964 -0.08767120482358 -0.0931187747940417
-0.0467831241642417 0.0391397412712467 -0.0336150040788764 0.0666173909660741
0.00328504279045642 0.0363116692092283 0.0934037695840516 0.0240826092359051
0.0195392470420638 0.00853003537934159 0.098812388118914 -0.0941436795219814
0.0148553651810137 0.00763949121557684 -0.0144457434759298 -0.133775674202506
0.0218649024961657 -0.00114660366162016 -0.088241880361605 -0.0672144819304356
0.0152359310670997 -0.0124018065322757 -0.0923908353624105 0.000917515142663775
0.020720477587472 -0.0134283257510465 -0.0795265710549605 0.0383482226764252
0.0270646377039777 -0.0160915757626559 -0.0837532658365769 0.0605025506982027
0.0473060978966154 0.00103689826476963 -0.105617155175012 0.0484190029465566
0.0361252959561559 0.0352038373335652 -0.1218362586852 -0.00318620096288088
0.0117197628471703 0.0526165559451917 -0.0892654903853863 -0.0677202376034911
-0.051199563948325 0.0653072374738828 -0.0460304884349569 -0.113176572276181
-0.11499273693616 0.0144025325829714 -0.0271280569361672 -0.115789507500119
-0.125355197065793 -0.0686276683644288 -0.0938142017144723 -0.103884354991811
-0.120328577157313 -0.0694609941306348 -0.0573972876822458 -0.0763895375378402
-0.104419660503675 0.0234094867069825 -0.0290199284451079 0.0781197340374401
-0.0428666940466844 0.0626692194653331 0.100306945214797 0.0501610211505691
0.0212817369841891 0.0553973354551342 0.120783975804017 -0.0789735088565129
0.0441833001760225 0.0367811594638119 0.00668181747194024 -0.130897074437388
0.0586023750856555 0.00580311694553349 -0.0684483786190851 -0.0740673450334556
0.0468445902313808 -0.0245102187931345 -0.0764628390781676 -0.0125557192721699
0.047067475935109 -0.0277507699651244 -0.0658373239786527 0.02734836237372
0.0527919592255865 -0.0280585274229561 -0.0643225825236177 0.0556309842183393
0.0816973936364451 0.00380549240268584 -0.0823449289952308 0.0612090102050859
0.0668492358579469 0.0596874495250524 -0.111000850117299 0.0279912862321166
0.023454923409244 0.0930339048325546 -0.104644062420142 -0.0357298954367506
-0.0813942470485773 0.0980851802567533 -0.0625167769359284 -0.0939688771231238
-0.164256317370313 0.0111125177435625 -0.020948890587439 -0.0996925616783563
-0.162099496649117 -0.0952954177741754 -0.0574574060707564 -0.0668130446459377
-0.128045221626328 -0.106537520644031 -0.0151602913042362 -0.0424009133531505
-0.148241389369937 -0.00436308787298008 -0.0177759749628172 0.0928149462177161
-0.0914788675336649 0.0727428583773383 0.0984666591055682 0.0832394740385696
0.00903809169460677 0.0976112708263889 0.137853975288084 -0.0438186374758313
0.0630447520591022 0.0678281560819479 0.038482291415623 -0.11083648164642
0.0880423324636001 0.0172837362184069 -0.0324155702158955 -0.076573829513947
0.0724336460720273 -0.0313740154250191 -0.0473114504354467 -0.0275398522971678
0.0662973741748454 -0.0389139372650046 -0.0415873239429413 0.0130906319702832
0.0687855038496448 -0.0372221317842263 -0.036678393845962 0.0448999105982735
0.102174823782853 0.0005015214535322 -0.0485185763418086 0.0676844618980872
0.090120843675187 0.0680743709200953 -0.0848191627158122 0.0568878375303684
0.0407819936013883 0.115029570559194 -0.106801603534126 0.0019711742576559
-0.0902220906273085 0.123319991176072 -0.0732524956327021 -0.0677827635805247
-0.185377086841915 0.0148577028327365 -0.0108281701772603 -0.0865203602909244
-0.175253624235378 -0.104727663108874 -0.0127534495133736 -0.0270028648468057
-0.113096591894253 -0.125617549177308 0.0323239154675173 0.00656783508385287
-0.159974711640954 -0.038129543568807 -0.000627917378211758 0.10623119440972
-0.125513581038345 0.0585840053460286 0.085954052436169 0.112085458610536
-0.0153587434029436 0.117647212767765 0.139444604872635 0.00338078245525884
0.0646916429223642 0.0901152995884749 0.0712719526796539 -0.0734397470713922
0.100176590314309 0.0301262552089965 0.0124005847096596 -0.0699807143198276
0.0871955273185434 -0.0312484330059617 -0.00889675799300241 -0.0414017759191575
0.0761471450063103 -0.0434650966539201 -0.01152946968688 -0.00241899748261713
0.0740993455492613 -0.0416676470103064 -0.00542377632540821 0.0302919918198765
0.105776668168987 -0.00319616185854466 -0.0120404288537544 0.0657706049011374
0.0969313177063077 0.0659583891745271 -0.0513250040392433 0.0755938388304467
0.0473752071960784 0.117816570921235 -0.0966491384687641 0.034044902728484
-0.0886274485474887 0.122576103454115 -0.074399070416795 -0.0414237897021907
-0.175724770223395 0.00931042487579166 0.000684820277241898 -0.0743414628561807
-0.159137836347752 -0.101700473701383 0.0319770131609257 0.00879745993399081
-0.0774554585250788 -0.119177710190929 0.0766138870429539 0.0588839950525687
-0.134230208163627 -0.064675461623953 0.0183124448470474 0.116686524413341
-0.129127768039407 0.0266883416875976 0.0662962065878946 0.129317979453761
-0.0381162240422484 0.107602578538355 0.121387180789913 0.0465310546706041
0.050433007104875 0.0925459118374039 0.0941872735181762 -0.0284080085544546
0.091849178860623 0.0373602225044949 0.0570009798639077 -0.0561114775583112
0.0856663901488932 -0.0252138369949659 0.0309509919653001 -0.0508553519398959
0.0733375398640188 -0.0412545321479009 0.0181147497637839 -0.017981215431935
0.0700395163249052 -0.0399028425215045 0.0249102112295371 0.0152402627301275
0.0948278635576911 -0.00283626340947259 0.020512241592028 0.0584438285700186
0.0873452355063575 0.0606070727343513 -0.0204296895026057 0.0847831544092501
0.0372356474727951 0.108282520237066 -0.0819506043215313 0.0566059687370473
-0.086687099697182 0.0981793765689972 -0.0689618649885837 -0.0204176853855979
-0.144324211051681 -0.0100416293682698 0.00889489785841844 -0.061516222125338
-0.11668981715425 -0.0933073022460583 0.0657344367613975 0.0399044213807116
-0.0299826379278725 -0.0873201593825862 0.110098312841674 0.103410067627148
-0.079860225623082 -0.0705616543503555 0.0328400110687775 0.121869098398015
-0.100111269574496 -0.00444909852586547 0.0465053016691063 0.132873215372812
-0.0440202564648228 0.0749972196913596 0.0935960526810439 0.0761029865851159
0.0307990642471558 0.0738417874095925 0.103567594555961 0.0123407278710244
0.0668362576545087 0.0340227681602789 0.0916000756102646 -0.0407119148511084
0.0685151383609229 -0.016510407432795 0.064369258956786 -0.0567935598628739
0.060853541844536 -0.0317733051246968 0.043847258488101 -0.0309204353685399
0.0579393663328056 -0.0312710286242444 0.0509642630157229 0.0024960820263537
0.0758124998292212 -0.000389136335360937 0.0461732311945725 0.0514415801989945
0.0669192682464381 0.0524615986991104 0.00407933429379492 0.0915246032471119
0.0181731709234344 0.0916663787500999 -0.0698234098458585 0.0707691097350815
-0.0828464781599246 0.0624016525930438 -0.0652026286836626 -0.00378254502475779
-0.100987110669077 -0.033173325734776 0.0114204753969956 -0.0483045496480792
-0.0583013455102382 -0.0787862826128574 0.0831814042453835 0.0661692842809157
0.0211564152976232 -0.0398179784802511 0.130107521245181 0.12669548246941
-0.0165711979247592 -0.0557375458020307 0.0405998148072333 0.116303337387283
-0.0519793213765432 -0.0209846538333362 0.0343212847180209 0.127663778633085
-0.0318929995374005 0.0354234295685002 0.0729982228576323 0.08958600259157
0.0126500838188049 0.0396737915093779 0.108155507512745 0.034701839081212
0.0323618456540301 0.0221013093086344 0.110855701218393 -0.0318213247192658
0.0390968058803392 -0.00567585106350618 0.0856027051913162 -0.0590515681961478
0.0387606333814248 -0.0183346741486846 0.0625622191830643 -0.0386121283053373
0.0395866928074255 -0.0182207244097435 0.0703113332449073 -0.00456663106309173
0.0500391835945312 0.00261833044237655 0.0649988633796415 0.0486928540336431
0.0427040960872145 0.0397785350386609 0.0197395216741862 0.0986399342564277
-0.000790689134265562 0.068372585932432 -0.0644365425286187 0.0818449780949725
-0.0715474417002267 0.0241349724440245 -0.0669346649479389 0.00512754779692018
-0.0501711736613126 -0.0499543889690012 0.00849636096077896 -0.037169597171691
0.00477125678634555 -0.0558607841642191 0.0822870536616594 0.0868272756190525
-0.0513072826771242 0.0183584447002093 -0.111639764324704 -0.0869814708988401
0.0119229751542568 0.0410027430666444 -0.0302949244333024 0.065991265180791
0.0371623949815128 0.0032212725353821 0.0885629128425248 0.00817377066595613
0.00650522455053679 -0.0332708992626509 0.0787506545809676 -0.0987823400099611
-0.0167736970982172 -0.0155179146891637 -0.0292875869192869 -0.129330860330043
-0.0141751558372446 -0.00250902753105062 -0.0956738319929002 -0.0563756094358881
-0.0146751953371715 0.0039673851080803 -0.0927026785234674 0.0137385283316618
-0.00780766681799203 0.00319204560395923 -0.0795766967599905 0.0475225578746026
-0.00686307995590405 -0.00468284883955093 -0.0871145245163427 0.0666424806334421
0.00329913915012224 -0.0113333316122967 -0.113959073585653 0.0442071691453953
0.00909370774847061 -0.0049007196125495 -0.121911776973019 -0.0160930739321073
0.0197618726832917 0.00269603159150628 -0.078507354394983 -0.0845180831837734
0.00279193737657984 0.0417997426180039 -0.0437067303966463 -0.126266171731255
-0.0470019039790465 0.0387082036922891 -0.0352789586550182 -0.13404969942816
-0.0768042482726047 -0.0193417374539832 -0.120554239836945 -0.128391348825828
-0.0952352408628034 -0.021569393424042 -0.094368010602327 -0.0893512191432607
-0.0450522861518582 0.0421724726974101 -0.0292757508048214 0.0712076298693149
0.0052240169506425 0.0364447128852884 0.0965501880147545 0.0212768516937357
0.0195505802254018 0.00678276169419636 0.0957953110243539 -0.100673945641313
0.0148837091183732 0.00657632673529209 -0.0221934718796189 -0.135699766501769
0.0223429350773232 -0.00253641740187178 -0.0927355225822284 -0.0640207727541142
0.014810559012519 -0.0128575139024858 -0.0924740742216984 0.00623571430003668
0.0203188683323036 -0.0147294245738437 -0.0773760077042642 0.0432787262914926
0.0260038441535881 -0.0179572847976136 -0.0803062986311904 0.0672632822483268
0.0469647787923946 -0.00176910311578372 -0.104622896750567 0.0563462669223436
0.0385019271788653 0.0332975570674394 -0.124155927353104 0.00429317406552479
0.0146023499233888 0.0514586901475085 -0.0933757323187043 -0.0655514464382767
-0.0480672139735806 0.0685461995287804 -0.0527148426704392 -0.114757170853642
-0.115006170317457 0.0206299922843419 -0.0311036293251023 -0.116642859158803
-0.131029679325187 -0.0643120944599149 -0.0980387454251895 -0.100498787469928
-0.126166226037688 -0.06414179036435 -0.0620213169134958 -0.0748812538126808
-0.103885819705585 0.0296739634581992 -0.0251302970382057 0.0830910002305543
-0.0399814773856019 0.0650293365788945 0.104409434247266 0.0480341712605113
0.0239111182763371 0.0547249882145001 0.118845324795158 -0.0865615353637218
0.0463339031193634 0.0344196416321676 0.000136765534574195 -0.133440168509601
0.0594888872915533 0.00229129168320379 -0.0730700935496979 -0.072372293147033
0.0449681341284295 -0.0270923184000293 -0.0782169956457702 -0.00811370215658181
0.0455974882152742 -0.0307237687191625 -0.0639602067390941 0.0325209733190647
0.0514404268857329 -0.0309058896568655 -0.0612971240730505 0.0613541576452311
0.0827943764754042 -0.00114412685136187 -0.079665410491387 0.067916207574552
0.0711741637585929 0.0566409178964865 -0.112052548808626 0.0361826759450662
0.0278973909413157 0.0917863993416685 -0.107586311684776 -0.0316707014754678
-0.0772144938271259 0.104070395091269 -0.0679329220987104 -0.0942215656688447
-0.165347339212798 0.0201459944987081 -0.0246472865220454 -0.101061529533128
-0.169905696569605 -0.0900105248591658 -0.0606113987105748 -0.0644880392415286
-0.135774363851442 -0.101657202748796 -0.0173142554824485 -0.0421464967426992
-0.149207447607889 0.00391773091066905 -0.0135176768428565 0.0969184169888454
-0.0885796822690609 0.0785813114588614 0.104311416559728 0.0814427604670521
0.0144938890242092 0.098026386278099 0.138353591420304 -0.0510651920441494
0.0676955519491459 0.0646112748373569 0.0337374802007379 -0.114950804674282
0.0897101026464188 0.0118999296259084 -0.0372215410394183 -0.0766803018472724
0.070902372985186 -0.0352964526799513 -0.0497379981778145 -0.0250615719861125
0.0644585395145089 -0.0428175243884645 -0.0406620310939583 0.0163845075270458
0.0665758926105434 -0.0409511406458478 -0.0339002181245213 0.0491499115772624
0.102929354795291 -0.00562452160268574 -0.0443519739891349 0.0725034183605584
0.0952229183079925 0.0632764365512715 -0.0838861807416762 0.063599168307395
0.047179359037707 0.113204114663507 -0.107563868198972 0.00734494961187114
-0.0838946128820233 0.1287500958872 -0.0780836689871521 -0.0671754799843915
-0.186398110589436 0.0250212039165661 -0.0139775699373208 -0.0882321417597522
-0.182819771345657 -0.0986869705922248 -0.0136235231168579 -0.0265351166916528
-0.121475830967207 -0.121938832621086 0.032871516970372 0.00425067602193418
-0.163753904140063 -0.0297510101436003 0.00396263521813125 0.10946693780882
-0.124271782546099 0.0657452238028094 0.0926906995033379 0.112294128579908
-0.00938973480302601 0.11931332501019 0.141874402612374 -0.00401528538928579
0.0707587071624498 0.0864848847239258 0.0693281110604742 -0.0785790345973332
0.103160685309901 0.0241533032782786 0.00914578030611397 -0.0728684765979283
0.0853007283140616 -0.0362960838280592 -0.0122947093332819 -0.0417283818420911
0.0731512911983184 -0.0483154608708534 -0.0113999020307397 -0.00138980714345548
0.0710119942684954 -0.0460381536513566 -0.00316051076233977 0.0323064111843917
0.106348336503065 -0.0096767931121047 -0.00804400432591381 0.0675807370785253
0.101449631817336 0.0609583747385827 -0.0488540933786033 0.0807678230485643
0.0541069362228239 0.115076444292509 -0.096286258025729 0.0398828710702603
-0.0824427710988088 0.128667394378794 -0.0775283520088091 -0.0400014502906025
-0.176699417408504 0.0187884150648068 -0.00213465825529633 -0.0769392721345242
-0.165908104979549 -0.0962977252321522 0.0330120715604279 0.00710253683833877
-0.0851759723352186 -0.117144690009353 0.0806614169382223 0.0552685587688305
-0.139046062557492 -0.0581152677430877 0.0230341712830011 0.118284895181911
-0.129219915725 0.0333672748918386 0.0732914673384039 0.130664693121498
-0.032318958360188 0.110444538906907 0.12571795938258 0.0417544617000202
0.056722429806208 0.090573413886236 0.095093381220855 -0.0331804858398131
0.0954417598784888 0.0320405979272366 0.0549757708112383 -0.0613302434052795
0.0845150344525497 -0.0303011898730759 0.0271903930355883 -0.0537353115809624
0.0718653273066919 -0.0462850313904047 0.0172912178034617 -0.0191365423064863
0.0674381927886648 -0.0444940008525478 0.0267483379697784 0.0150032194187505
0.0957220893112886 -0.0086295039033654 0.0241010971471173 0.0586446193907292
0.090988686257634 0.0564496348179074 -0.0167868598729669 0.0886530191932068
0.0431309824457304 0.105886694073561 -0.0804569923778829 0.0616504201280683
-0.0819921640177619 0.103945654005129 -0.0714824067623379 -0.0186579880651562
-0.146336338459163 -0.00243073496617244 0.00639376996026031 -0.0646549573484398
-0.122141684600219 -0.0899578065275195 0.0683629894034341 0.0364813073196235
-0.0353459206376654 -0.0874838661236843 0.116095402872808 0.0985892092672484
-0.0844621514178434 -0.0679847392576321 0.0371590908686301 0.122188190625962
-0.101404863385866 0.000413149532672348 0.0530487377459961 0.134383935742898
-0.0400371027338188 0.0785353028189455 0.0991289890377308 0.0735267153321836
0.0356983913368072 0.0725753377877128 0.107331235924448 0.00720971364194665
0.0699510829958888 0.0308865261668108 0.0908630991119117 -0.047258973661684
0.0675814237167765 -0.0201945835709897 0.06029560221354 -0.0614810655125743
0.0594450575399251 -0.0364123903141961 0.0423048301104502 -0.0330850043515897
0.0563560500701505 -0.0347268697535969 0.051184835312469 0.00100604948072581
0.0763442136247726 -0.00474635696684351 0.0495927401489219 0.0500501355767944
0.070448837233767 0.0487982187746544 0.00783136005483187 0.0931645165473558
0.0233722781603655 0.0909400807732347 -0.0671936000425235 0.0761527371209998
-0.0801314075682408 0.0679780118232328 -0.0664991892788544 -0.00218895571831268
-0.104060286554378 -0.0282814459930885 0.00898518612272391 -0.0506811785585148
-0.0626924673088106 -0.0778528555037458 0.0871481593338517 0.0617481113009729
0.0189586440610009 -0.04173596015442 0.137131238189115 0.122589883842136
-0.0196989043373706 -0.0556601134113016 0.0448362598535587 0.115883029217896
-0.053717828418946 -0.0182734056711332 0.0399850148662134 0.128951261297473
-0.0298990934358844 0.0375420358491392 0.0787161417525983 0.0884912982107006
0.0156074919975334 0.0389054416986002 0.112131757394359 0.0302920587115364
0.0343125039557347 0.0205482809069786 0.110837480484285 -0.0396441530365666
0.0390348795902453 -0.00843027937569677 0.0813321082428393 -0.065267224056211
0.0380733697464645 -0.0211274176331845 0.0607114384568 -0.0422102128167334
0.0388867061559364 -0.0207428040098369 0.0705730648885041 -0.00789466115166603
0.0508346489822459 -0.000402216120199785 0.0678134318812013 0.0464173001998274
0.0453944083337127 0.0376997583763801 0.0248404087462952 0.0993247154023158
0.00315501898467298 0.0689433047667024 -0.0610787533748374 0.0863163150186753
-0.0715531048832685 0.0289882010743833 -0.0675338965133845 0.0072998973972354
-0.0538547769523945 -0.0486288894350558 0.00635086030239954 -0.0394001185202875
0.00282349800944893 -0.0575734911569166 0.0872990606838452 0.0827615778755487
-0.0505541988533747 0.0202929798932132 -0.114421582465684 -0.0815834165182236
0.0140958450672464 0.0403726473318228 -0.0265515063794384 0.0682317723522805
0.0377729206315137 0.00173358904078742 0.0894814072715658 0.00654977971212121
0.00470710564851614 -0.0330826268778835 0.0749886277194833 -0.1014083669648
-0.0178781602289792 -0.015021920390401 -0.0339779670151571 -0.128885914797999
-0.0146898231783469 -0.00157580456695338 -0.0971071514842397 -0.052862646034138
-0.0138791168105106 0.00532277539550442 -0.0897160589606814 0.0173190724354141
-0.00785035417879278 0.00360514757500869 -0.0766889388752953 0.0501751918878207
-0.00716166346587521 -0.00370661669499978 -0.0832519338621959 0.0712080483922116
0.00270374103144509 -0.0112517073209482 -0.111769363115237 0.0499796096019498
0.00854056900457535 -0.00535423450835674 -0.123179523510166 -0.0113133613033716
0.0193670216135075 0.00116676163138155 -0.0817290866603041 -0.0832755943832947
0.00510257166807663 0.0416804004685635 -0.0480527572558312 -0.126116202935068
-0.0449717427447683 0.0400067462731274 -0.037732894780829 -0.132413844489571
-0.0782258066063657 -0.0163919593655019 -0.123366575106828 -0.124148199603139
-0.0962838188340863 -0.0178062413981336 -0.0975514247827263 -0.0854912087859176
-0.0424738502114984 0.0437617263244343 -0.0258449645073652 0.0735061371617318
0.00675524279064868 0.035879128087681 0.0987373091698899 0.0195327499247578
0.0192716283160984 0.00545509086034138 0.0919625149042897 -0.103937538315998
0.0145319629579154 0.00561107744621942 -0.0270764712142061 -0.135381896943651
0.021435512642941 -0.00347741921807684 -0.0943005307402476 -0.0604204286272121
0.0140680056052959 -0.0129554976664942 -0.0905896832442566 0.00972751386401763
0.0192098367047387 -0.0154535814763777 -0.0743869874499454 0.0462541612044961
0.0247185549543697 -0.017808595031672 -0.0758131574626548 0.0709165195908283
0.0464652029640778 -0.00393508506828148 -0.101872911705412 0.061219146236221
0.038884831689622 0.0315651006022246 -0.124087750635653 0.0100105758541119
0.0158027473792977 0.0505104519174897 -0.0958278636800532 -0.0640887713218017
-0.0447075906684518 0.069773236143718 -0.0566507131311339 -0.114717793622897
-0.113590287454565 0.0250671551806257 -0.0331021402762064 -0.115626085681315
-0.133474832847015 -0.0600520853604299 -0.0996912194125923 -0.0974472890478403
-0.128943677832962 -0.0593569681870798 -0.0648653638524535 -0.071919833797734
-0.101574759279749 0.0338287540896733 -0.0207696820779832 0.0854744301885235
-0.0371721142663431 0.0666231530000046 0.106692740049353 0.0459202467238255
0.0256139239855515 0.0527069310635791 0.115583496981894 -0.0905960816474189
0.0475832759663853 0.0318446225565999 -0.00504448073568274 -0.133779233227414
0.0587078374787413 -0.000678668113493855 -0.0755524301362601 -0.0694404581082367
0.0429316082324162 -0.0279320312580336 -0.0771250718462008 -0.0045272447266701
0.0440801168849308 -0.0326314085727083 -0.0617638617660834 0.0347846207557293
0.0493483260387227 -0.0323053899315932 -0.0568053513182284 0.0649861133892791
0.082028440108087 -0.00503260036347064 -0.0763329780069323 0.0715853863645794
0.0729905567196531 0.0531382691848115 -0.110871543948963 0.0416009256865701
0.0309131629785573 0.0894062941635054 -0.108108731187725 -0.0286905937075154
-0.0721873415428484 0.106302473136903 -0.0717244149725608 -0.0934524674096748
-0.163480251718393 0.0259811685156618 -0.0269177692365708 -0.100601392430906
-0.17252767336473 -0.0855961250632441 -0.0618315664523166 -0.0617570175934074
-0.13975880484489 -0.0967052078314017 -0.018946821371751 -0.042141490501253
-0.147974752819889 0.0102166881049874 -0.00991149762671001 0.098113571951935
-0.085609903727883 0.0815638810774073 0.107631193209826 0.0807115998371744
0.0173387733503962 0.0958954587666559 0.136515997833769 -0.0561173719155483
0.0698333296945166 0.0604995400248161 0.0294131211596233 -0.116620379107771
0.0896075542584131 0.00787513349034995 -0.0401353640477364 -0.0757292422144041
0.0680912920387125 -0.0374689996795076 -0.0509363318415818 -0.0224829924634908
0.0614821462815498 -0.0448999140605478 -0.0395112176199547 0.0184672014485808
0.0634521698974048 -0.042440924163786 -0.0307285974844286 0.0516311682088201
0.10152670821532 -0.00990811370729294 -0.0417709576876813 0.0741964696633372
0.097336528923616 0.0591226790478562 -0.0818912257844163 0.0689660583226847
0.0508972287767617 0.109827181774784 -0.107274021346687 0.0109290707491605
-0.0782544776670692 0.132077031548609 -0.0801093601605177 -0.0663909901479462
-0.183809032266121 0.0322326056115938 -0.0158208380571707 -0.0887212706142565
-0.18575569772202 -0.0935601689358163 -0.0141924156527214 -0.0261789301000189
-0.126215589579398 -0.117474820020273 0.033286992337114 0.00266905955443679
-0.163728611980242 -0.0234372511532691 0.00706143681865903 0.10965727433976
-0.121861046522088 0.0700806961643363 0.096360289575505 0.111707746103635
-0.00480708639541886 0.118952342083451 0.141861164099063 -0.00839325051087664
0.0738580599757327 0.0828882799187818 0.067320520126273 -0.081294898766773
0.103474584678981 0.0192659600171413 0.00624333681393014 -0.0739296122829802
0.0826790107966057 -0.0386716452505466 -0.0149856218515029 -0.0407500226165796
0.0701071365749564 -0.0511156572558575 -0.0116867544912602 -0.00120098889118333
0.0680854244801876 -0.0477800635891602 -0.000946754579550058 0.034098583966394
0.104445078652536 -0.0139037321395634 -0.00473934709170051 0.0685152553788972
0.103777968514386 0.0561369034533688 -0.0462722970281598 0.0843249932788561
0.0579778486181579 0.111977031841218 -0.0941801199130233 0.0436989758530919
-0.0770960403009499 0.131557740080071 -0.0792985992210914 -0.0398799346372251
-0.175413113519112 0.0254308681798373 -0.00473766596453203 -0.0779878077661513
-0.168628737852169 -0.0920045150963924 0.033171024555986 0.00588441485859065
-0.0899174188955468 -0.114305016892611 0.0824201544676005 0.0514313233329355
-0.139880977797778 -0.0530962099366406 0.0254619545222719 0.118082581166233
-0.127354417643055 0.0383347485334729 0.0775002523489855 0.129998669961457
-0.0281581174329889 0.111082366429778 0.126893749530536 0.0378427182619243
0.060240262285471 0.0874365924694738 0.0951551169467287 -0.0365484176261125
0.0966994421479356 0.0273489793533297 0.0522581687602032 -0.0643134454064937
0.0819525284717694 -0.0330631308936982 0.0234434407740088 -0.0544935097492914
0.0688175012845314 -0.0488602912918413 0.016388114135397 -0.0195584831267821
0.064279663700158 -0.0455849967553418 0.0274294240926653 0.0152822632175961
0.0943567285686231 -0.0128006775142224 0.0266205973404605 0.0578239511410097
0.0928879069478441 0.0521464122074725 -0.0144698187879911 0.0909542838517561
0.0462739524270469 0.103508027485313 -0.0777890551347896 0.0647442184891385
-0.0773284919314032 0.107236909341998 -0.0724840184659695 -0.0181831232926584
-0.145646134852342 0.00251250614876483 0.00406005048651546 -0.0657722677752097
-0.124553610196151 -0.0866020185561673 0.0688942579321117 0.0340162377493477
-0.0383691238765121 -0.0863113859738591 0.119095074854284 0.0940155599658269
-0.0862668777848356 -0.0646323062793555 0.0396223248043794 0.121006310860818
-0.101165693669279 0.00430584301692449 0.0575409963209806 0.133434713977614
-0.0367343863179569 0.0792341196113844 0.101383509692835 0.0705155769334521
0.0382631121958155 0.0698602357002388 0.108278576066819 0.00390524828239083
0.0714472700141734 0.0274417932546374 0.088351787535217 -0.0521048868656257
0.065778643374906 -0.0223885974329723 0.0561595910513304 -0.0638955089566063
0.0571045375965319 -0.0387882000390851 0.0403867993710384 -0.03460590080692
0.0541977402050627 -0.0364725026923287 0.0512616404718244 -2.64353380977877E-05
0.0756240485048118 -0.00826320012149873 0.0510194281741829 0.0489326348042159
0.0720461551490338 0.0450538570269125 0.0102585426168691 0.0941364812793809
0.0264494801756282 0.0891189885186781 -0.0641979925271259 0.0787756015444165
-0.0775345162788237 0.0711199362412183 -0.0669316213342408 -0.00148410410206249
-0.104482828566601 -0.0250037628143832 0.00684372444057814 -0.0522770480550443
-0.064679477184056 -0.0764813171094049 0.0880496908758998 0.058326346306679
0.0175474171499875 -0.0429979438945672 0.140467286397335 0.116393538108169
-0.0216181866543898 -0.0553154267734059 0.0466269562124718 0.114527685816201
-0.0538554240807681 -0.0165864707644418 0.0438149108905115 0.128914552254507
-0.0276849873203766 0.0383948528895234 0.0816434377297326 0.0876256203775548
0.016990224233827 0.0376804959716649 0.11441552116806 0.0262381887027717
0.0354191601009517 0.0185888187088283 0.108419396312238 -0.0447587478200144
0.0385720388682924 -0.0100092299074335 0.0771778914212791 -0.0685124602930318
0.0365048657663848 -0.0234151326615403 0.0577100793492189 -0.0442424419252883
0.037297570534599 -0.0224577307106332 0.0693794933136443 -0.00947133600423137
0.0510563364589 -0.00279613769743181 0.0684247125586684 0.0445166397560831
0.0469839372649642 0.0354639869000713 0.0276053802658175 0.0992911528448571
0.00581683655301575 0.068193559665391 -0.0581447242515917 0.0892204722981512
-0.0700134560838979 0.0311182719289717 -0.0678501636210434 0.00866088100790684
-0.055370149807671 -0.0474470974971591 0.00419841699122902 -0.0405213621307277
0.000332776667069308 -0.0581211494745627 0.0888496552899346 0.078955422619346
-0.0563997604933857 -0.00438295603595621 -0.0676132587872378 -0.116440940381443
-0.00475592190951027 0.0421119921378648 -0.0492094478761582 0.0529080818468748
0.034063985455828 0.0173947363611625 0.0810672123146329 0.0427407921433095
0.0176657413112994 -0.0279637386091808 0.110553318149801 -0.0636107258553331
-0.010653972281737 -0.0196365155817354 0.0219317144035596 -0.131916777416539
-0.0123955066854543 -0.00713480171313117 -0.0661416944766074 -0.0879057462947732
-0.014420224392262 -0.000216289817229627 -0.0877793199560923 -0.0209685244714507
-0.00868116503679366 0.000831815400695098 -0.0893311985655391 0.0148082022289431
-0.00520211162208105 -0.00535245544747156 -0.103696387722603 0.0315669830424971
0.00675700555547858 -0.00824699554317205 -0.123070278004207 0.00104595954586361
0.00890582932695195 -0.000913014572166928 -0.106827379778024 -0.0609329082282062
0.0156789116072826 0.00880323434506267 -0.0383458474828206 -0.111894204825696
-0.0125858507560668 0.0402506031752738 0.0085405444580888 -0.134703078149303
-0.0573900231439665 0.0184672467857684 0.0194516220594684 -0.137661795243197
-0.0704634079584084 -0.0461979911073808 -0.0570419930223438 -0.168369001354717
-0.0818465633268758 -0.0609342691511477 -0.0540052698529658 -0.107660671101834
-0.0566768736187474 0.020570961517782 -0.0514204415091672 0.061246973136766
-0.0085569602517704 0.0354759770747279 0.0853377517156984 0.0617372461265654
0.0141499002776124 0.0126068200475274 0.129517835753059 -0.0588549575763394
0.0102730683405635 0.0119337258989358 0.0318348805233963 -0.136701374270327
0.0204676195000572 0.00587948792439764 -0.0598677912955577 -0.0950597904125585
0.0177726804066219 -0.00532734290731966 -0.0853743635022705 -0.027978537742404
0.0235787993367545 -0.00566894746811593 -0.0859471777225714 0.0122172678147964
0.0293238572960482 -0.00570336219688073 -0.0965170807050207 0.0350700797186213
0.0438722376800386 0.0155597659601508 -0.11840768695298 0.0167769402167712
0.022959239301531 0.0452901437823141 -0.117235716353146 -0.041460492949044
-0.00704022098289616 0.0521264106540535 -0.0600292549000554 -0.0992402054551204
-0.0697027673975562 0.0480967940890738 -0.00525890017267384 -0.128815984613761
-0.114653251317436 -0.0210128478940504 0.0157054395647239 -0.124140348365495
-0.105265431598286 -0.107912419866737 -0.0448990775394132 -0.135495277885499
-0.0927223489447677 -0.114240686036833 -0.033305589268402 -0.0775864976198303
-0.105284968945819 -0.0141796632943816 -0.0534294566096365 0.0770469751493376
-0.0619411530414746 0.0444297562734975 0.0829458549734859 0.0935033345862856
-0.000796686877140522 0.0569652631488176 0.148156976726694 -0.036380840521832
0.0284138527037139 0.0495715208460476 0.0541453732371388 -0.126717769923334
0.0529429971454054 0.0236575495609819 -0.038091473201771 -0.096765409358349
0.0497261153191727 -0.00719031512852147 -0.0683507783738661 -0.0359469668247245
0.052399835076977 -0.011868747616274 -0.0699832139926237 0.0072118044832722
0.0570988277151401 -0.0089592980275742 -0.0768928890126448 0.038038161836922
0.0769209444146744 0.0279683831024762 -0.0990423129536201 0.0370803533479066
0.0458298697604309 0.0778019856902618 -0.117306053654201 -0.00678099248315883
-0.00841723668456877 0.0943771568003504 -0.0862183783031792 -0.0713387662611409
-0.109398108881884 0.0719839874180462 -0.0276962535771651 -0.117300474095783
-0.161186241876206 -0.0377860459300135 0.0147203456807383 -0.110680191462502
-0.13161922558212 -0.145855113410534 -0.0227896199473166 -0.0884865057613918
-0.0861713786511735 -0.154387092022159 -0.00753359753123088 -0.0289185997103593
-0.136868406899558 -0.0554515051946757 -0.0509224944831809 0.0960493372872947
-0.112478014231257 0.0373969042504219 0.0696247936771793 0.128974587597969
-0.0264179311483665 0.0926395894401992 0.156324021467181 0.00575690721564332
0.0363092044031416 0.0849575843135034 0.0808636218963561 -0.0967850497683749
0.0772737840839284 0.0437261246126217 -0.00220548872227467 -0.088636554114935
0.0756625309782873 -0.00530921443243449 -0.0368599046227071 -0.0425886074118505
0.0739587704446626 -0.01643246505047 -0.0431382267803305 0.00108821668642831
0.0742025954498208 -0.0130295722578092 -0.0469226669390607 0.0370804243852692
0.0974295961276677 0.0306706650936902 -0.0682863400569207 0.0535098403032258
0.066887026424788 0.0926058537832786 -0.103299627362878 0.0310677254747045
0.00254176842573923 0.120714093722939 -0.10271664477481 -0.0336242515916098
-0.125016649328743 0.0942949511043619 -0.0477566643995201 -0.0964246622454889
-0.182898371704315 -0.0404126162653891 0.0190883981841795 -0.096678749350065
-0.139675844076535 -0.15853377458012 0.00651062163048528 -0.0368444278365894
-0.0636088203181562 -0.167334033649974 0.018988378098187 0.0318931283545409
-0.135920378510377 -0.0922364229891895 -0.0432219588676425 0.113657013231806
-0.140470074505188 0.0118652339847679 0.0447924230167407 0.154903094217031
-0.0557284021465615 0.103121973299588 0.14209918714497 0.0542040736420402
0.0306583160365079 0.105919427917 0.101907026218972 -0.0485860667445875
0.0854813440330947 0.0596688678561486 0.0397291937671567 -0.0683457836577361
0.0892649742071674 -0.000998225656946365 0.00329264595951018 -0.0449208049216438
0.084296809880258 -0.0186437416785688 -0.0102558361834532 -0.00542473278349035
0.0806048292151592 -0.016172279390585 -0.0132562524564119 0.0329345168502658
0.101243528611658 0.0281769641636207 -0.0321196263389365 0.0627567138577128
0.0747134717468268 0.0929522531381016 -0.0774803786894052 0.0597325340846653
0.00830015119758282 0.125523361882533 -0.104649820981651 0.00198275980538033
-0.123240482707373 0.0945820066681531 -0.058049380565673 -0.0709768886019681
-0.17156221051393 -0.0426628861101848 0.0259062180754972 -0.08281606338068
-0.122755733435655 -0.150059484339828 0.0362842733934128 0.0129527878476922
-0.0308213112265516 -0.147562129096602 0.0428233950298716 0.0930862464723318
-0.101330430957697 -0.10879668298062 -0.0316693960487085 0.126640323946588
-0.132486081923088 -0.0198998574541432 0.0163785525665329 0.163629266333431
-0.0733653203718719 0.0856729631708162 0.107962610309863 0.0930184827241092
0.0160818829725863 0.103225359160293 0.108405913175573 0.00457603760386843
0.0755021696883919 0.0644534144343482 0.0778167854695848 -0.0403909250479941
0.0864732762509949 0.00394565023876836 0.0438030294403643 -0.0419210918672539
0.0823887831486382 -0.0174898157290036 0.0225861497879858 -0.0112106371345012
0.0764195164746792 -0.0156618750350036 0.0196176873596788 0.0269394505744141
0.0914989466052693 0.0251117648635275 0.000806554084976463 0.0663484025207756
0.0659438103632104 0.0842506200890872 -0.0512663227670696 0.0784978454781094
0.00178751046746663 0.113154957503571 -0.0986780471017493 0.0285885441733182
-0.114235170091055 0.0712516709158605 -0.0605059243650361 -0.0489614688496023
-0.135511821273067 -0.0529575071782845 0.0291831358070091 -0.0668206047883703
-0.082483475102807 -0.128703278351334 0.0557357073810906 0.05502489375922
0.00401170181987234 -0.0982029946868822 0.0600591553795755 0.140848056955815
-0.048390624877242 -0.0959462108988196 -0.0205433252455269 0.131204282404627
-0.0934983585482001 -0.0393549189448817 -0.0056097748693038 0.155930715206343
-0.0671475979350337 0.054259939001295 0.0680260703288209 0.113283238422892
0.00366526524399941 0.0784383740903706 0.102776112802596 0.0483125017726578
0.0530753714207726 0.0540675349244326 0.104297744886234 -0.0132044297505988
0.0680267180039182 0.00668621106080764 0.0771046493081181 -0.0364913442131852
0.0676138315287314 -0.0133042862344572 0.0502270761601113 -0.0153134937229832
0.0634253063919762 -0.0122496554668508 0.0470368502548007 0.0222814245955945
0.072866442961346 0.0217222684936213 0.0262912908444018 0.0671436577570691
0.0500203289244795 0.0702335880543181 -0.0301589957397181 0.0913214442039853
-0.0103922291968108 0.0923214370484896 -0.0926892872959239 0.0464508978313006
-0.0997279913798359 0.0382233773148731 -0.0619666275360773 -0.0316536953021797
-0.0874341011883612 -0.0638139287919658 0.0271411073629578 -0.0521208286011047
-0.0304324382654446 -0.0960779014620098 0.0613616610722019 0.0875213899105375
0.035879745520399 -0.0319606729776005 0.0737992524976252 0.163851218148609
0.00542979546369079 -0.0595180845591194 -0.0109559331271307 0.124405748883539
-0.0414704061792023 -0.0377935471315377 -0.0168813172949517 0.14185064976405
-0.04107594959887 0.0215926340646961 0.0407808664769266 0.119261175712453
-0.00117605125346965 0.0401523087278192 0.096711117477337 0.0724956431923236
0.024497697768155 0.0319145206286487 0.119154623178317 0.00267559362332291
0.0387383859822973 0.00702773506963922 0.0985184821305934 -0.0319922415778388
0.0427158513032739 -0.00746695715879418 0.07015076216343 -0.0168431724691856
0.0430852926505862 -0.00570669035036877 0.0671763994558362 0.0203360376078516
0.0483971291156673 0.0170787224342609 0.0439588948217981 0.0699856556607295
0.0308336949264519 0.0511015121768686 -0.0168762122422467 0.102514144128705
-0.0209855682982267 0.0662031220201693 -0.0913391986962772 0.0579888963551677
-0.0780605150221582 0.00406643216579402 -0.0660634676111532 -0.0231744748776709
-0.0338720110154426 -0.0659482765526619 0.0218726634570689 -0.0405317162401677
0.0238290527190656 -0.0541634781723003 0.0516847773893183 0.109958122293616
-0.0580861680935057 -0.00339212618944504 -0.0703238119966464 -0.117440889431811
-0.00411237365968337 0.0431395576654999 -0.0479396679727489 0.0560464873293766
0.0357381817824216 0.0174170795042407 0.0844732480675867 0.0434457287561094
0.0169681279941939 -0.0291174555492014 0.111982624725654 -0.0656057141117835
-0.0116117253842437 -0.0197280442547031 0.0197828029570277 -0.135541873070656
-0.0131598989214594 -0.00675136703116103 -0.0681096314505547 -0.0884337163756336
-0.0140745380190563 0.000357937024516955 -0.0876517318087257 -0.0197479666948086
-0.00823998294948311 0.00122413384423968 -0.089253534179949 0.0170703176274825
-0.00494199741954318 -0.0043210611553046 -0.103242574581479 0.0349869757769018
0.00583681774066567 -0.00817913899767742 -0.125500929533773 0.00443155420426091
0.00920270527371152 -0.00106943536109386 -0.110550972759641 -0.0604733644731424
0.0154591423596573 0.00794722994394035 -0.040660060871017 -0.115867557312912
-0.011351100222413 0.0412869486574027 0.00684454112147613 -0.138507186223448
-0.0580766601173223 0.0198095699326406 0.0201915631325394 -0.140486221397004
-0.0730322946714544 -0.0458499784419984 -0.0592622296384618 -0.170107963531924
-0.0849169219609808 -0.060622487022372 -0.0565952297602148 -0.108433761163684
-0.0569988271548022 0.0220355004849563 -0.0503108478506474 0.0646191327521197
-0.00782187196239938 0.0365796541076868 0.0890619930952733 0.063146359586618
0.0141451827887516 0.0117778702666962 0.13094873493801 -0.0622936246645861
0.01015106785959 0.0115464531978258 0.0305055372568246 -0.139770711643549
0.020313712559587 0.00573241377078913 -0.0620914207541848 -0.0955717752429723
0.0178131220437874 -0.0051281145760701 -0.0862985963682008 -0.0264509638644976
0.0238823408184335 -0.00613538254619529 -0.0865251059107255 0.0146329464238905
0.0294400893104704 -0.00562078631353616 -0.0963313357279091 0.0390970334849807
0.0442488152205939 0.0148740220482256 -0.119838214243093 0.0204311818715722
0.0243415073403018 0.0454891190153145 -0.120241793013087 -0.0398122769659486
-0.00638813263621469 0.0522742315759161 -0.0616016447077827 -0.102248993427796
-0.0695675495759529 0.0497720320213978 -0.00656080782858124 -0.133135290482169
-0.116453058139886 -0.0195534809129161 0.0169907449168766 -0.126605399089207
-0.10914487051868 -0.108846399787757 -0.0461164095819394 -0.136679702672064
-0.0970726205946221 -0.115186715888689 -0.03497811153519 -0.0788403489404167
-0.106514852167214 -0.0118760816477418 -0.0525601639060002 0.0806550966130052
-0.0619396097986821 0.0467420260163473 0.0869225955297239 0.0965874111460959
0.000233710945027919 0.0574282074409019 0.151095747770071 -0.0385924819393322
0.0295164425950662 0.0493070814478567 0.053469169316724 -0.130397289777462
0.0537840471824514 0.0225650172797427 -0.0403971109212802 -0.0980118762594363
0.0500595928610483 -0.0076102137359037 -0.0693283918910439 -0.0346710822949374
0.0524948175603536 -0.012695028899194 -0.0701609299401368 0.00920601334564914
0.0570897958027302 -0.00911171123270478 -0.0759017898935102 0.0415592646215892
0.0785188111588875 0.026633581004588 -0.0998968389585167 0.0409268527128867
0.0488022216718897 0.0781724499555326 -0.121322675441953 -0.00339048883897327
-0.00726602588300498 0.0951394545090638 -0.0888187633602971 -0.0730512016872632
-0.10905612915757 0.0748097857862446 -0.0299244476773463 -0.120723146241163
-0.164015317009441 -0.0358899165123403 0.0158409114685891 -0.113105948749777
-0.136485714073247 -0.1479453574567 -0.0231825208392697 -0.0899722085991625
-0.090968439785778 -0.155907268199256 -0.0081117749743568 -0.0304612756249381
-0.139365082213771 -0.0535575356267486 -0.0507925648706907 0.0997200162720378
-0.113923773214331 0.0401578798572436 0.0733244709940871 0.133245780684562
-0.0253625333976078 0.0932852620882762 0.159331180985928 0.0036918246107033
0.0387857492843792 0.0848762621219404 0.0811271850976758 -0.100068015451128
0.0793505541811946 0.0424776333636255 -0.00401127744397786 -0.0907599464605755
0.0763506570203507 -0.00672253645252545 -0.0380981302558639 -0.0419647589309935
0.0738140284634608 -0.0182526712597001 -0.0436243668618788 0.00219911299776493
0.0745057602957421 -0.0139911709936604 -0.0461581139908668 0.0394434766223311
0.09898949256939 0.0284718097777572 -0.0680659016052381 0.0574116289419447
0.0704630173579364 0.0925215429852923 -0.105114915350288 0.0347261915468784
0.00449289330725949 0.122230338741888 -0.105133766390105 -0.0336132994019331
-0.124994764831826 0.0979511953862726 -0.0492501654429467 -0.0992647735174987
-0.186128872145649 -0.0374483408014006 0.0197972180468939 -0.100013231074616
-0.144736924185771 -0.160151844914574 0.00676406961193169 -0.0377267505600021
-0.0687460596596463 -0.169537475917294 0.0203696171456151 0.0314077273863091
-0.138855223589537 -0.0907698542576112 -0.0429888797685163 0.116829758740747
-0.142948148655484 0.0148234842257189 0.047839847196116 0.160133076553925
-0.0548400057839045 0.104978173669738 0.145072479328481 0.0536310090194985
0.0331043988108314 0.10641335365379 0.103512866746892 -0.0510508278371847
0.0882274037734143 0.0584091314089542 0.0392819101227984 -0.0711817369023637
0.0901240124316112 -0.00238838249453203 0.00196973983004437 -0.0453317037345503
0.0841704000596864 -0.0208681829266937 -0.0106254201675338 -0.00538829975732674
0.0803030306016115 -0.0173012600850356 -0.0123823412821884 0.0349825280366271
0.103897712998467 0.0257977385033207 -0.031773019020443 0.0659351292302495
0.0780935066331774 0.0923109273194069 -0.0790325418376309 0.0635870783156008
0.0110211693967334 0.126365993588409 -0.106206143879588 0.00345749877629541
-0.123119086308728 0.0982480549138937 -0.0597534586381628 -0.0741312508759918
-0.175285236750227 -0.0410908277618397 0.0262646073828369 -0.0860260344054875
-0.127425852656716 -0.152411936154694 0.0371127095032891 0.0120940810386439
-0.0340888660046754 -0.149966454596127 0.0444815796169769 0.0931553973540891
-0.104248906857053 -0.108226742952976 -0.0323689156127183 0.129271637931725
-0.134551037662217 -0.0178611474330062 0.0185736670842715 0.168490754915335
-0.0728792764698305 0.0884127867459225 0.11127557038616 0.0938435036495401
0.0183181806355153 0.104363583932954 0.111192108796984 0.00400068789073409
0.0787400640744915 0.0631240966379369 0.0781478523429535 -0.0432450052346917
0.0875124463455459 0.00261181758697608 0.0424750192778156 -0.043565054792449
0.08272755192667 -0.0199929407958854 0.0225348242019516 -0.0118819180644552
0.076470366265847 -0.0166703720476741 0.0210348425462429 0.0277157590356323
0.0934013000669941 0.0232745019307177 0.00146527077200971 0.0675276955715411
0.0692349180943481 0.0837316072384703 -0.0515536608410205 0.0824024898438889
0.00407111382342007 0.114589075621698 -0.0995462230331927 0.0308159848659234
-0.113981670331114 0.0748155909343844 -0.0623169807250081 -0.0512493715506196
-0.138881858391614 -0.0521711963562554 0.0301622687923987 -0.0706519597186647
-0.086094912231556 -0.130699157650505 0.0573403883356852 0.0549609964060595
0.00222545825249328 -0.100716123234718 0.0630709347354899 0.141953799656182
-0.0499842074216241 -0.0968050411760811 -0.0208929116781469 0.133746715563931
-0.0955809615282016 -0.0383658668456425 -0.00389797121531557 0.160420219312678
-0.067329329419231 0.0556159529928319 0.0703673832687382 0.115605516730574
0.00561254164928044 0.0793628102597494 0.106321787873287 0.0488081846258702
0.0556666633239319 0.0532888465228665 0.106662284143365 -0.0167113067209079
0.0694760521550029 0.00559139109053934 0.0769501691675248 -0.0396314936311674
0.067726050892692 -0.0155554150691577 0.050065982457222 -0.016661915255556
0.0637877210056602 -0.0133724729356623 0.0488353854576946 0.0219131411816368
0.0738868559442852 0.0201732211034466 0.0274050457192075 0.068020272339093
0.0520410570103901 0.0694067957180252 -0.0301350574982223 0.0951725287850485
-0.00856081080883482 0.0934801411347274 -0.0935040418191945 0.0492335968747818
-0.100474373280859 0.0405113770863172 -0.063816628908951 -0.033361070645409
-0.089943845112363 -0.0635842866052021 0.0276445208354346 -0.0547134893045895
-0.0321914712896933 -0.0986809355569931 0.0637692369297735 0.0883605583842168
0.035787426577363 -0.0335639506488169 0.0763993545896709 0.165152816655974
0.00516404220200031 -0.060931950887484 -0.0116265831323284 0.12638352918981
-0.0427485790783948 -0.0377993215953129 -0.0160408843309688 0.145643411946119
-0.0407027394234316 0.0224265143185639 0.0423404836553017 0.122215568853611
-0.000488924816189522 0.0403906980458766 0.100117836101385 0.0733521345046426
0.0258313511197577 0.0315520012569502 0.121579543430722 -0.000527721781368685
0.0396374708211908 0.00596039131431826 0.0975778978431884 -0.034946831886221
0.0429051454907636 -0.00892890068496459 0.0701904562268626 -0.0185729754165086
0.0437823649718812 -0.00766514382679481 0.0681915088314948 0.0198738800149143
0.0497585144827739 0.0163660024451977 0.0450506829063545 0.0709094488586127
0.0320186311165457 0.051487401885764 -0.0163835685551395 0.106117170237632
-0.0203395203372717 0.0676993089046011 -0.092366954433605 0.0603018104816917
-0.0793086099572495 0.00549308056466823 -0.0682028660893863 -0.0245231948398285
-0.0359383754144914 -0.0672668112196387 0.0212563779000025 -0.0424781138080717
0.0239257503403661 -0.0559957056888401 0.0539669958279064 0.110132720981284
-0.0600955725341075 -0.00143302827265535 -0.0760231794518865 -0.118468428651661
-0.00246961258202667 0.0441886292580678 -0.0462410086659737 0.0596824435993254
0.0374365355082612 0.0166146830021882 0.0894678412443892 0.0437894522592563
0.0162060616554778 -0.0307055310945221 0.11345009351626 -0.0700571048499455
-0.0134026403580263 -0.0197224064743232 0.0156052913214756 -0.140439953186724
-0.0137173796374279 -0.00611283652697843 -0.072568698034754 -0.0881162646940399
-0.0141598163997918 0.000982552415722735 -0.0887592266448115 -0.0178503959136745
-0.00828677370842684 0.00211375230555439 -0.0902794669573513 0.0210018060810269
-0.00514231534991152 -0.00394319251307605 -0.104049049753706 0.0402742445265404
0.00573727674800641 -0.00809785403372509 -0.128746589003972 0.0106006662012138
0.00882756688003722 -0.00119789414650971 -0.115784507407018 -0.0586200297803007
0.0155716690560813 0.00684143362384703 -0.0447766336517409 -0.119918249569684
-0.00975776754538802 0.0426400392744291 0.003469230598464 -0.143595840989111
-0.058495678346491 0.0221600220913716 0.0195145273586167 -0.145099321513317
-0.0776132782491813 -0.0450806360575569 -0.0643267288905981 -0.173076777990965
-0.0896783206951694 -0.0593334799396972 -0.061273000152595 -0.109524630583906
-0.0572578981288329 0.02487310424838 -0.0482368324643209 0.0694185946896288
-0.00652479146443602 0.0373801779608101 0.0944104868029651 0.064424188146128
0.0146218033748507 0.0110631894334319 0.133021202790391 -0.0671724575534132
0.0103162241126155 0.0111885140112314 0.0269123705367341 -0.144603100504439
0.0204463109458707 0.00477295041763041 -0.0666421213033034 -0.0959278207826329
0.0184822161137464 -0.0058116260478597 -0.0878750280995603 -0.0234791485040646
0.0241931475329198 -0.00665283778092962 -0.0875348464956174 0.0183465762648314
0.0298387608831369 -0.006357429925747 -0.0964676221679842 0.0441954148417386
0.0463107637912932 0.0132002885522116 -0.122330988761096 0.0262214706962307
0.0266192430559898 0.0456001054997036 -0.125804505716443 -0.0358723707558424
-0.00547544851441153 0.052916450552418 -0.0664206326938526 -0.105781915055007
-0.0690892176370564 0.0529898082184729 -0.0103165057472383 -0.138258711335638
-0.119644163221871 -0.0166347195117735 0.0167018155459974 -0.130631522180892
-0.11683028754356 -0.109408818852034 -0.0502291902095415 -0.138732663761033
-0.104014721671928 -0.115297997021586 -0.0381891802833875 -0.080342836014355
-0.109061061689647 -0.00844531071937627 -0.0514243468280559 0.0859691547036534
-0.0620187784417946 0.0498364144933895 0.0935805624093707 0.0987733507772972
0.00206288476104986 0.0578978911432486 0.154310874006456 -0.0443126358903314
0.0318772094442751 0.0489136531742117 0.0507153136378985 -0.135455202427785
0.0553884032799249 0.0205294088235051 -0.0444607909779263 -0.0990325034591819
0.0508503277870074 -0.00945030459324458 -0.071466565071829 -0.0323659441564427
0.0530325770920996 -0.0148527564788011 -0.0712070575195012 0.0124013505409771
0.0576874149922859 -0.0110481221950487 -0.0753900915159599 0.046118040885064
0.0811317422041684 0.0241670486530498 -0.101172084066133 0.0464037543104449
0.0526493144084304 0.0782999665836357 -0.125118982152774 0.00177312050023801
-0.00431416667132079 0.0971369674728116 -0.0930094719282102 -0.0739838964723579
-0.10906413359799 0.0804259001276381 -0.0339395372353344 -0.125182439398799
-0.169287894212995 -0.0317694038591604 0.0158167220278542 -0.117446514331333
-0.146124145540553 -0.148816848465627 -0.0255554480019713 -0.091517788651954
-0.0991637793434552 -0.1572244863346 -0.00864187598545115 -0.0314401776423518
-0.143781347892778 -0.049745039815173 -0.0496197790680434 0.104721037029191
-0.115493218294954 0.0456850900113865 0.079552801573691 0.137785664161219
-0.0228895501307763 0.0962824367100656 0.164231514860927 -0.000170916265755868
0.042410328340948 0.0851392075907124 0.0805471186329141 -0.10534295785846
0.0827509591961031 0.0397095381279051 -0.00693567419145258 -0.0931303902316584
0.0778333062721644 -0.00950601812912303 -0.0405569064837663 -0.041038995358691
0.0745769920722193 -0.0213602102900127 -0.0445545563135164 0.0042344163301403
0.0748884474975645 -0.0163418891483267 -0.0450996341223828 0.0432534050335377
0.10273036245405 0.0254132604353221 -0.0682877153490488 0.0625397848431588
0.0758773255331032 0.0917720961051906 -0.107791582729875 0.0410953134898066
0.00818406719546246 0.12410366970163 -0.108746833425779 -0.0325366616445286
-0.124104971700353 0.10487478781813 -0.0539847079347852 -0.103144146956654
-0.191817738875904 -0.032477913003744 0.0193336729767878 -0.104815573059647
-0.154376846085272 -0.161929571353745 0.00665755848426638 -0.0387680213410225
-0.0764138070922254 -0.17267313714671 0.0216839415210132 0.0305745382953913
-0.1453371843033 -0.0883751724812916 -0.0415309350010751 0.121522754065011
-0.146010891979243 0.0200854958208311 0.0541900853773915 0.166118909977587
-0.0530921460799236 0.109480622619516 0.150670915604317 0.0517213819518686
0.0377898941006951 0.107909698334569 0.105866768134473 -0.0554149617139448
0.092791746673546 0.0560103306088939 0.0379755532507557 -0.0754867260899602
0.0918970739212334 -0.00560981419067655 -3.81464080891139E-05 -0.0457986294018833
0.0849728343926373 -0.0243881356056769 -0.011178010773935 -0.00503691726477768
0.081015885162505 -0.0196834913893646 -0.0103803264575159 0.036854182674604
0.106970063879416 0.0225116573468546 -0.0304003813373873 0.0697958040970831
0.0834063893433477 0.0916461409876773 -0.0798142240419669 0.0699892701502131
0.0151961625239364 0.128650544695019 -0.109375143976099 0.0056793124156988
-0.1223339141648 0.105183514233416 -0.0639388578280203 -0.0769618829093792
-0.181322594627144 -0.0364770636453552 0.0256530602785828 -0.0909197510467912
-0.135850619544634 -0.154338807367544 0.0386741249488796 0.0111352603564061
-0.0403523531959767 -0.153819271829037 0.0485925676181706 0.0935922947639833
-0.109958690671938 -0.108477512262521 -0.030578881647165 0.133549009739054
-0.139050340686241 -0.0141124974688569 0.0240914790823039 0.17490444046469
-0.0720668402441976 0.0924530577212468 0.115817534139776 0.0940966839423283
0.02244642504428 0.106175112143052 0.115409288423439 0.000684680261050078
0.0826438269125837 0.0609130427698627 0.0791098584819084 -0.0481903953501779
0.089804357975313 -0.00062574325921837 0.0415909426786659 -0.0457017257261677
0.0825455167900086 -0.0236968706838924 0.0219019887499227 -0.0130909225935128
0.0771021092113784 -0.0198538324048837 0.0229571980430817 0.0285030260121864
0.0963957419698869 0.0199040543463016 0.00312182085612028 0.070679790729088
0.0743902340498426 0.08344131248954 -0.0517902518240758 0.0884078421630943
0.00760692021464662 0.116868038745529 -0.10131053367925 0.0345919413596914
-0.114135787726061 0.0807291227820375 -0.0655617675431114 -0.0531504404041798
-0.144855565330314 -0.0491937056518583 0.0293167162329413 -0.0754060836193885
-0.0930456649407165 -0.133217169870507 0.0609060536302314 0.0546151314494113
-0.00123897525309845 -0.103642375915891 0.0682693594522945 0.143230091045028
-0.0534893594714271 -0.0981782502302529 -0.0205203838269206 0.137763559628138
-0.0992713009513739 -0.0366969946668247 -0.000727926816865268 0.166676863323993
-0.0670452741926375 0.0590854733373548 0.0751757765222696 0.118057762035402
0.0082394906148794 0.0808810747912502 0.111856430529117 0.0475823865762319
0.0592784309795893 0.0518536271740628 0.108830562309825 -0.0216344920825591
0.0714775383319253 0.00308973247506341 0.0766989690036935 -0.04290680236178
0.0680169673414029 -0.0189720741688594 0.0503197046582482 -0.0187374110326776
0.064181314207337 -0.0160716967532814 0.0504764101007263 0.0214289787354329
0.0773109448705796 0.0174333666287711 0.029719367402604 0.0701210455765622
0.0559658451089063 0.0697978074968686 -0.02814819688182 0.100120051922314
-0.00573058994394429 0.0958252114188751 -0.0947233928453971 0.0537165640979438
-0.101579688235827 0.0455754021354648 -0.0675354374980015 -0.0350130711414503
-0.0950760286685547 -0.063109228689679 0.0271691737853006 -0.0590207445287526
-0.0359686322639334 -0.101221713325823 0.0677283380985989 0.0877216159586121
0.0354374557104494 -0.0357392923282893 0.082743766378286 0.167016910308153
0.00361818572698603 -0.0637192020796525 -0.0116611531133889 0.129945075908795
-0.0449593525057985 -0.037458209615766 -0.0134681729536722 0.150642169757506
-0.0409389645111366 0.0243230886543525 0.0461323720342429 0.1258849262518
0.000689342903728812 0.0414746729513704 0.106677827335126 0.0730388000207692
0.0281823773285586 0.0311447169150987 0.124516937921618 -0.0060205354271558
0.0406539055461209 0.00465803568583701 0.0984643345332513 -0.0401131280899311
0.0431830034452137 -0.0111946983140773 0.0705505716638153 -0.0216580309126847
0.044111920843157 -0.00924356299559543 0.0705162198742811 0.0177805701833172
0.0515136007619534 0.014087347118571 0.0476475613539676 0.0716761871316535
0.0348810021406727 0.0514477446885014 -0.0140284313522043 0.110236358318774
-0.0181027491781163 0.0700342636331483 -0.0929916035258758 0.0654723588400063
-0.0815932583243728 0.0088347412919529 -0.0715417666958514 -0.0245357498027598
-0.0394289710398442 -0.0684436546030842 0.0202851960181286 -0.0461197591939456
0.0232408919855009 -0.0588802520543709 0.0582987302616005 0.111079911680121
-0.0611272885563331 0.00164637549101329 -0.0836105538732806 -0.115988097318336
1.6009747117069E-05 0.0451396931408952 -0.0427778939274611 0.0632714914670938
0.0396051337508289 0.0147079895491929 0.0942832345298426 0.0401713424033493
0.0147047030463356 -0.0322744622806102 0.112736720505832 -0.0761563639743844
-0.0151685312096589 -0.0191355886145301 0.00829797274541283 -0.14363567606536
-0.0146005245155313 -0.00549920623560288 -0.0776668205880379 -0.0854729784141346
-0.0142273324169262 0.00189984599436872 -0.0894509732008611 -0.013206671601358
-0.00821309171315156 0.00323645507700517 -0.0894779533102147 0.0264382400084314
-0.00542152225449541 -0.00329758883441153 -0.10230594703436 0.0467271460190829
0.00457364596211883 -0.00838179756761587 -0.129563609210059 0.0187200391568596
0.00847783868929106 -0.00183758547004891 -0.121596010701655 -0.0530483721785045
0.0152872312158563 0.00596713461329976 -0.0518613943020746 -0.12232521732906
-0.0065484385410552 0.0435350540504297 -0.00338112223755625 -0.147552401272317
-0.0581728134952193 0.0250251075271908 0.0155996294696249 -0.148441789929904
-0.0821017417678098 -0.0414177783879749 -0.0721710575473125 -0.172174515462665
-0.0945405127549712 -0.0552645235118433 -0.0680491669661256 -0.108876790124182
-0.0561881642067996 0.0284090600021797 -0.0448015876271422 0.073265963114335
-0.0035368868756934 0.0382534153096744 0.100817621221822 0.0616738387192832
0.015438071514051 0.0097814942193906 0.132748209195557 -0.0741175448515917
0.0108535869853266 0.0111277836579167 0.0190423581905012 -0.148794417377628
0.0207956682266635 0.00357513937460064 -0.0726261725683566 -0.093298866750857
0.0181088899942971 -0.00667256214704481 -0.0886432745918592 -0.0190161566262309
0.0235594713991906 -0.00760399086928943 -0.0869878821279232 0.0239300645734582
0.0292780971265595 -0.00761633610653291 -0.0939701584099344 0.0511972575675928
0.0470997429694218 0.0110172212456741 -0.122491849861537 0.034813192461466
0.029243741450485 0.0444055453479985 -0.130434152944762 -0.0291719487639139
-0.00330031026482453 0.053488150489022 -0.0730952981518684 -0.106237234373363
-0.0661094830388337 0.0570961564375774 -0.0173571202861673 -0.141650068686424
-0.121923354714735 -0.0105200017769417 0.0124446050383273 -0.134173748714486
-0.1247391864806 -0.105165615757776 -0.0569368551827834 -0.138435249606177
-0.112203327613358 -0.111612758022538 -0.0430180382426525 -0.0802321023474414
-0.111037353869124 -0.0021677330799533 -0.0470169278479372 0.0908757689059585
-0.0592918262832419 0.0545281799928646 0.101364825230604 0.0984186358085293
0.00518270830259523 0.0579122184839156 0.154642167085423 -0.0522484450006315
0.0347534974145583 0.0476203497960373 0.0445902799648401 -0.14051516191673
0.0573381648204921 0.01768026003809 -0.050196142065969 -0.0984365824163213
0.0506674456086492 -0.0121496417691046 -0.0729878520663498 -0.0285956017335996
0.0521151319327018 -0.0177063261769703 -0.0709796165267656 0.0169271316771647
0.057433360800333 -0.0134370556616554 -0.0723612909321208 0.0518586441669249
0.0830762201905927 0.0199665585106909 -0.0997756556396816 0.0548033240392256
0.0583454577249105 0.0757252363771222 -0.127813519135369 0.00974850664078022
0.000439617666940794 0.0978696738959155 -0.0987403055991113 -0.0729312576965529
-0.105466430458753 0.0870621644556096 -0.0407553685504381 -0.128004565371068
-0.173842630542568 -0.0227197559789952 0.0119066946127569 -0.121211528349355
-0.156540726568272 -0.144069613838904 -0.0302620617305606 -0.0919270753756723
-0.109990003203096 -0.154337593120597 -0.010806339863195 -0.0325683307258185
-0.1476519639941 -0.0429764933631034 -0.0453568154445074 0.109616153615963
-0.114217417628481 0.0531415371608032 0.0894696650502048 0.138425476128281
-0.0180357396118471 0.0984152430686954 0.166361882762785 -0.00809911106105528
0.047996122416404 0.0837526154515105 0.0769955748606297 -0.110974811822353
0.0858588792268687 0.0348075017452208 -0.0123046104004483 -0.0945351876036354
0.0774488059682835 -0.0135978277291721 -0.0434479421660882 -0.0383465845064244
0.0735750502418643 -0.0254948121745435 -0.0446570817269487 0.00725032206940427
0.074549774123279 -0.019746281654532 -0.0420242401745455 0.0473728589179401
0.10513789891637 0.0197911487446257 -0.0654420425192302 0.0683137725224552
0.0823821810463985 0.0888895055706456 -0.10815085035232 0.049410652823931
0.0147911336578031 0.124637792891267 -0.112197673873916 -0.0291399980993029
-0.119384128616766 0.113032188608048 -0.06040971460292 -0.104697103373051
-0.196912085141415 -0.0229968532887349 0.0162938825786194 -0.109105785285464
-0.165992614889308 -0.156931988887893 0.00555430148588956 -0.0402064953836965
-0.0872003029241236 -0.171540532622757 0.0232281256250983 0.0284317162029048
-0.150853355426562 -0.0822933348162922 -0.0377729636601369 0.126378195739399
-0.147336658049563 0.0283812374858307 0.0638894049308518 0.16873765406314
-0.0474432301462555 0.113097065859754 0.155939786718876 0.0457333660120922
0.0445467084761302 0.106740656707642 0.105339304769464 -0.0615533965351241
0.0971742081570589 0.0505817331572389 0.0345903033603421 -0.0786792875795057
0.0926556896025319 -0.010868311689025 -0.00306557382398574 -0.0463367281301699
0.0837222479744652 -0.0298366345499533 -0.0121935529453347 -0.00385425102223888
0.0803231461473947 -0.0235784960528225 -0.0077002764105444 0.0385009610461612
0.109492499188564 0.0159340988717815 -0.0273921239360799 0.0732173523275476
0.0899123235312075 0.0877964248333483 -0.0776553667757346 0.0775615189029729
0.0220119562078615 0.128520304806372 -0.110563837237149 0.0106598865718052
-0.117762190438371 0.113211437741967 -0.0690626473396713 -0.0773182628994913
-0.186194937313942 -0.0272447110996487 0.0221376417550086 -0.0958609830063545
-0.14658409763904 -0.150751778959226 0.0402070876248241 0.00861876014248111
-0.0495383919253131 -0.153855236962265 0.053862213290563 0.0910687857329301
-0.116335536213103 -0.1039767042395 -0.0258282692692413 0.137307456263154
-0.141776347049586 -0.00673544533204161 0.0335323337036925 0.179373711469123
-0.067825369898258 0.0976544603439728 0.122643104284282 0.0912676420905559
0.029279572224427 0.105881934570801 0.117925260221567 -0.00462290568546165
0.087243834928141 0.0564766528470116 0.0774016840366994 -0.0539965996802162
0.0904698887405593 -0.00572207181687592 0.0390768742076366 -0.0485589185145176
0.081676485752355 -0.0290451722841634 0.0207424375742904 -0.0139237348768568
0.0763078236705433 -0.0241489852384791 0.0252511850910884 0.0280794114076897
0.0984044615283201 0.014682434448483 0.00674747866015056 0.0724080768432716
0.0797566722740904 0.0797009562751039 -0.0473544677660395 0.0943103709845451
0.0142458855597047 0.117065886727478 -0.101235433491043 0.0399299991871749
-0.110906060113502 0.088208103131648 -0.0699801060364259 -0.0529896079172345
-0.149489982535344 -0.0421538762619742 0.0263939338822972 -0.0801981728087953
-0.101988946079441 -0.131682559912118 0.0646984534034224 0.0516892140060743
-0.00706263096715859 -0.104943283855975 0.0759416362894094 0.141223490246577
-0.0591758067370432 -0.0968194394673538 -0.0158124900827322 0.141387907581246
-0.102770439675259 -0.0316956987642309 0.00746124194674287 0.171013982990645
-0.064540522911965 0.0634830346733153 0.081526655139226 0.11777818843012
0.0129918573365822 0.0817062691324894 0.117195407807862 0.0429129844327854
0.0627293673426493 0.0488308138888377 0.109257980034973 -0.0288015883096424
0.0721886838414859 -0.00120975797037961 0.0741832328015123 -0.048038568487695
0.06684373890045 -0.0238273903939845 0.0490851698330514 -0.0214193329546741
0.0637996750106386 -0.0198722220412348 0.0523759198103729 0.0196340054506655
0.078977290285322 0.0130949364492889 0.0333277377799526 0.070350169802038
0.0607093743115137 0.0668244961720431 -0.024084836200788 0.105385624773542
-0.000865139878703415 0.0972725127215504 -0.093480200190393 0.0588459325272886
-0.100149006586019 0.0516359487177037 -0.0705250599929474 -0.033990157455853
-0.100364789506776 -0.0598526018790519 0.0238052749580708 -0.0634924952590849
-0.0420139707772856 -0.102207205010557 0.0735296965307402 0.0857062887966579
0.0337979975301287 -0.0382300707897322 0.0916439629628031 0.164571199364875
0.000763672974457777 -0.0646887680086451 -0.00757366972818864 0.13277639339685
-0.0478775445257335 -0.0353363576823131 -0.00750035080650672 0.155317725177474
-0.0401117130286793 0.0267000576273033 0.0530514718029106 0.127340981252375
0.00311448697374535 0.0420276216614954 0.113728942258843 0.0690206463155791
0.0301618335705976 0.0300262399627562 0.125941921030353 -0.0139070644787891
0.04208917937396 0.00173214965066616 0.096812625698261 -0.0466177599249009
0.0426503452252623 -0.0145205961987457 0.0693450793671656 -0.0255749176541146
0.0444320214485777 -0.0120168443676327 0.0716264426211784 0.0146358960014011
0.0539563083931292 0.0109197933044408 0.0514882748658757 0.0715006759709242
0.0382590680925608 0.0500936717864532 -0.00883543065132848 0.114326382320015
-0.0142051045869284 0.0724093290598783 -0.0913604821243022 0.0714496666011162
-0.0819761415328867 0.0139050255990972 -0.0748058894248216 -0.0230078757648545
-0.0447672789159947 -0.0680801699426688 0.017959455789442 -0.049278602530854
0.0203146314791165 -0.0617045695743192 0.0654179879716169 0.10908185538479
-0.060962893446153 0.00543261285588574 -0.0884899742188252 -0.10968130802673
0.00286435093861656 0.0443555504275693 -0.0376109129399618 0.0646007220864013
0.0407161974694474 0.0116153690341603 0.0960427715105714 0.034915047712008
0.0120401553899515 -0.0325099117258324 0.108646564545488 -0.0807165971603923
-0.0163698699448691 -0.0177511553267154 0.000491446161824012 -0.142321716518881
-0.0147493257356111 -0.00388548883663064 -0.0805407351047486 -0.0805891478318371
-0.0135053560591019 0.00287938678605888 -0.0865978619933849 -0.009155620732937
-0.00784531798776471 0.0042664259808706 -0.0857341410946868 0.0308781993718771
-0.00531648434731 -0.00179246075762926 -0.0967241775795673 0.0526528431661373
0.00372631840921308 -0.00771516127381666 -0.126014126488003 0.0270585472460994
0.00790649708493069 -0.00221186948172098 -0.123068752275633 -0.0460849928100456
0.015061527336875 0.00448642104425493 -0.0588841401162813 -0.120332525555498
-0.00316488192093015 0.0425211364999764 -0.0107515552677446 -0.145649347440386
-0.0556312069963808 0.0278689281372528 0.010305161109629 -0.147800046120504
-0.0836140302569711 -0.0355571486402431 -0.078996151039824 -0.166259384047544
-0.0970586730587476 -0.0491975213935219 -0.0727138251538066 -0.103944690307538
-0.0531257867324715 0.0310926461463382 -0.0395240583254082 0.0752579326923255
-0.000525534849579193 0.0378131088813515 0.104003723322127 0.0564682942104354
0.0154056884057095 0.00784178528440622 0.127416673626848 -0.0794538550322657
0.0107879081310849 0.0101388317134757 0.0110995291360877 -0.14776048067363
0.0201887407379688 0.00246948680947756 -0.0760239688167308 -0.0877950161697805
0.0176958418010001 -0.00733037401165238 -0.0867629008472715 -0.0136991372807938
0.022982360164094 -0.00855118957737158 -0.0837717930758124 0.0288065090753921
0.0284253613904013 -0.00814359905656674 -0.0878111437556895 0.0563139342696893
0.0466956186939347 0.00814486308771677 -0.118277689487631 0.0425928130060195
0.0315277540747884 0.0416726074250104 -0.130854921681993 -0.0209349037950858
-0.000858121053975537 0.0520918267078934 -0.0782000146278034 -0.103140017728793
-0.0612459342252927 0.0596389422605016 -0.0244524950768518 -0.140469509937274
-0.120527301804596 -0.00363644438971824 0.00800928068404715 -0.133960542736125
-0.129396124121698 -0.0970827307939364 -0.0618430432260012 -0.133580854347228
-0.117410387320416 -0.103774599253899 -0.0468369755584521 -0.0782096730660168
-0.108027369283754 0.00396516685448844 -0.0416226919620516 0.0919309959375243
-0.0546663842701824 0.0568195307186645 0.106794589486419 0.0927736004927776
0.00825362235735803 0.0557887879749127 0.150262672941107 -0.0584084081540699
0.0367173462133505 0.0442729318338745 0.0360231231141005 -0.141045875906871
0.0570344996803591 0.0136429247223687 -0.0543859043388994 -0.0937923313346607
0.0492563421186918 -0.014752232751859 -0.0724346246622768 -0.023527137312872
0.0500153874073574 -0.020297620345921 -0.0683188438766752 0.0209084406785363
0.0554317048813117 -0.0156206563144025 -0.0669252681419085 0.0555755597125355
0.0825001370669521 0.0144263495869647 -0.0943665535267552 0.0605532530245578
0.0617858316784602 0.0709701352092133 -0.126012932792495 0.0183017937087177
0.00525287577630753 0.0959962304831751 -0.10206948943819 -0.0684720639336555
-0.098290099231021 0.0908348468835706 -0.0466816237706688 -0.126465924202229
-0.172187554741863 -0.0131663879855375 0.00769686116435248 -0.121465066784646
-0.163284853305468 -0.134019826109205 -0.0334714349525006 -0.0893390102917205
-0.117320907521173 -0.145851012363392 -0.0131720674513561 -0.0328220772431711
-0.146998206396389 -0.0338206412787074 -0.0391588875788591 0.110921338804958
-0.109007777016844 0.058831380757742 0.0963519946586109 0.134077330703783
-0.0120088660683886 0.0971801589954628 0.163498566008672 -0.0155365261227126
0.0523238683145117 0.0787984749184724 0.0705493745878813 -0.113380476854238
0.0858799033668215 0.0284854317419338 -0.0174242549805703 -0.0928293490454361
0.0751618868736639 -0.0176538750938203 -0.0442870051352364 -0.0349712959027001
0.070018782700869 -0.0292557669022752 -0.0436491996241639 0.0100228081552373
0.0715572418694881 -0.022895671611449 -0.0372881659170172 0.0501193515689794
0.104305366579092 0.0124914528280786 -0.0601433345792406 0.0721152581338086
0.0864889330868245 0.0819606907294881 -0.103977395223712 0.0563709187588772
0.0210499926296105 0.120719490726513 -0.112693221698043 -0.0243464335859121
-0.110230423388563 0.117648467530419 -0.0652014709800792 -0.10236378806213
-0.194696805911304 -0.0112722282848919 0.0118392831770123 -0.110235232487617
-0.173160727372412 -0.146664569372785 0.00409077188717883 -0.0401467620097862
-0.0959123319392863 -0.163398481458856 0.0239435961174762 0.0255482589156222
-0.152210232834592 -0.072466212285818 -0.0312144537153306 0.126691349925249
-0.142785838312988 0.0368258171694323 0.0723687506853115 0.165620625088742
-0.0407726702695369 0.114150630584387 0.155448864142819 0.038055691122525
0.0501440487277264 0.102107700674031 0.101608955992578 -0.0663342761074554
0.0980116391391996 0.0432395806127757 0.0293481673798576 -0.0800155791135008
0.089845618526329 -0.0161198536659575 -0.00585259768661571 -0.0447202728061954
0.0792335354289595 -0.034065436055986 -0.0119457754571584 -0.00298001090806363
0.077382955540672 -0.0273961555298022 -0.00458890653593714 0.0388941460871663
0.10795387074193 0.00913860390510631 -0.022449494947164 0.0749137618953144
0.0935359127878064 0.0804988915570827 -0.0724262624579903 0.0825888109767429
0.0286158684692235 0.124457528737712 -0.108548980068262 0.0157290913189561
-0.108288101554177 0.118177658367241 -0.0733004468121023 -0.0751209218475313
-0.184892776569285 -0.0158871968807655 0.017676066120293 -0.0980141235095736
-0.153535264216623 -0.141040084304015 0.0405677033910322 0.00624870259152777
-0.057917920832945 -0.148728369813466 0.0568435745037827 0.086008156786095
-0.119236916991238 -0.0963892531615794 -0.0200386806730482 0.137289440138236
-0.139991987168168 0.00112774135890165 0.0421524819400978 0.176923729325411
-0.061163262780699 0.099491855669525 0.125057857146218 0.0851490554157659
0.0345378670184027 0.102313489839794 0.117180371458218 -0.0103565421229863
0.0892304548352041 0.0494912529685605 0.0738270837618412 -0.0580328705511292
0.0884555117162704 -0.0110211788587346 0.0347170431862291 -0.0497052379717143
0.0773860471533686 -0.0332436316992675 0.0196952106381746 -0.0145860682715082
0.072952312979096 -0.0274126669831972 0.0267240888418993 0.0268813274276393
0.0973492204242918 0.00765835391901102 0.0105220959509271 0.0720426732709785
0.0832089031002132 0.073444399189827 -0.041990630827561 0.0976331327669399
0.0207583004496896 0.113741644605878 -0.0980284255861603 0.0439879759204051
-0.103402903976351 0.0927770579841769 -0.0728969700400427 -0.0513070220982975
-0.149687984157075 -0.0335817181577737 0.0217812863939473 -0.081992416194607
-0.108056826928435 -0.125497103176509 0.0666004344773118 0.0473945595385912
-0.012744951852367 -0.1026719866635 0.0816267821858316 0.134371704968625
-0.062869269041602 -0.0932552906600509 -0.010710855072403 0.139936257009813
-0.102873521182566 -0.0259416081138094 0.0157714777783086 0.170538721160231
-0.0601433665456938 0.0658168821673643 0.0854448199483378 0.113407560425726
0.0175397133414129 0.0790665030315813 0.119412857049158 0.0372043389978279
0.064684966546821 0.043713078367122 0.106032892193336 -0.0350453706863184
0.0709640422257179 -0.00573200499700252 0.0692466559400448 -0.051415403134126
0.0633550476114688 -0.0274933570182788 0.0464230478168315 -0.0233151666583379
0.0613591877692956 -0.0229359421159969 0.0524991456492173 0.0165878405690993
0.0781550595506248 0.00790003834094708 0.03645464424266 0.0686859432980533
0.0634105349251441 0.0623641663230526 -0.0179077405454639 0.106716803536401
0.00484555646064004 0.0952152658085457 -0.0891564343593518 0.0632340314842799
-0.095445200225834 0.0563186200233237 -0.0722782850033827 -0.0313897181885296
-0.102673145387514 -0.0536027301194789 0.0196941563385135 -0.0650019189731058
-0.0472741720191447 -0.0994869743402462 0.0772581488371846 0.0799194226159699
0.0310819389441468 -0.0392020135757166 0.0983675055111149 0.157529967240575
-0.0032334142661843 -0.064371160330598 -0.00364981767116077 0.131977616261471
-0.0492274315940902 -0.0327230452766999 -0.000184208433046134 0.155410951334918
-0.0380522385218926 0.0283601477976508 0.0584803136438567 0.12530440938413
0.00552961179530691 0.0406897560844081 0.117390391029105 0.0627072350011325
0.0317215108220961 0.0273899393688572 0.122937106652168 -0.021325296479981
0.04148635156946 -0.000869318520032944 0.091649429813185 -0.0515431865361205
0.0401817090603393 -0.0175639543217386 0.0662478323761452 -0.0288630460546567
0.0424807557765138 -0.0148103982758931 0.0709705955243198 0.0109457231586055
0.0527886935839498 0.00698438046139133 0.0537913156978038 0.0683868702013537
0.0406172759397064 0.046858286464951 -0.00271744186082868 0.114574664688845
-0.0097368833390593 0.0717161780037003 -0.0865955754047698 0.0748242574659329
-0.0797776752622979 0.0184016492401005 -0.0749428330189103 -0.02023036708252
-0.0482124664280357 -0.0648632511016254 0.0138163539916306 -0.0505558163930337
0.0160140711376887 -0.0625731131311856 0.0705352846994659 0.103525849405136
-0.0603230691599812 0.013200059745961 -0.0937622595366025 -0.0959104991267593
0.00776954122129834 0.0426335985174134 -0.0280882350875558 0.065433559292613
0.0415967059570069 0.00535851130105708 0.0956002539618036 0.0214824580974006
0.00790427340678576 -0.0331163312758049 0.0937625756725904 -0.0910663053090891
-0.0172730571229621 -0.0148528961832835 -0.0174850541988898 -0.136430919871483
-0.0146283095911012 -0.00182480855885062 -0.0865258339014308 -0.0678860960975788
-0.0127301015329683 0.00445673901181997 -0.0837868579106332 0.00109967075016813
-0.00625877958298741 0.00548789845111056 -0.0767387030670128 0.0403929637970174
-0.00433266599574421 -0.00080066741211525 -0.0845020010737542 0.0617632245674779
0.00357158645553375 -0.00751954985429412 -0.116586039943487 0.043213796337296
0.00794086564666813 -0.00208446287917272 -0.123773866510299 -0.0293794486223492
0.0133844356725306 0.00391722016804817 -0.0716378717540346 -0.111018506448706
0.00226609018505034 0.0408741512247324 -0.0266184046648278 -0.138846108470025
-0.0502307800851195 0.0336421921045766 -0.00768936283490559 -0.141121354189875
-0.0855506223509554 -0.0209932223360698 -0.0975996978075432 -0.152447256932117
-0.10362100423928 -0.0349638743111573 -0.0744508783000295 -0.0885773823860019
-0.0468554598879631 0.0361594346450957 -0.0266414078520337 0.0758107078335247
0.00556712869124734 0.0353344984375397 0.108962195232251 0.0404104618147029
0.0154687667646897 0.00501128977454357 0.112138509007683 -0.0936704284464453
0.0113745579267296 0.00840153690501104 -0.00901677222405909 -0.143908537847704
0.0189652218962483 0.000231102299685973 -0.0836189227352199 -0.0761709014217851
0.0152281656203634 -0.00868007340328109 -0.0850288504545733 -0.00365360992854357
0.02087143842865 -0.0107407880235996 -0.074681489313451 0.0374726843369353
0.0264112137738692 -0.0103859270906778 -0.0753821521572747 0.0649412660503822
0.0453986893737326 0.0019866118613813 -0.1057243632143 0.0562123236832349
0.0352656878874284 0.0366432319838846 -0.126669927723229 -0.00422206999461874
0.00389540195152475 0.0506898275084515 -0.0873590368269573 -0.0917871087685977
-0.0503416272828592 0.0646447648503228 -0.039981947721774 -0.130386584933834
-0.114802775737161 0.0115699049410776 -0.0115516564893176 -0.127081328047131
-0.135737719457419 -0.072675995620777 -0.0791431424048336 -0.124661402122667
-0.130702244819289 -0.0857995431985139 -0.0435455309713305 -0.0631334872208966
-0.102318258914314 0.0164572351682554 -0.0245615364552057 0.0933109351140105
-0.0439606234364041 0.0603867686519273 0.118594263245027 0.0749842628601985
0.0144246222278647 0.0517302636089594 0.13728200542126 -0.0788295620228499
0.0404819274293194 0.0377194491493172 0.0161725599245775 -0.142923488809813
0.0550101505480861 0.006168039679485 -0.064594370208664 -0.0851096070523211
0.0439533692725467 -0.0194790496452709 -0.0724097982041239 -0.0152205628174806
0.0451162313252424 -0.0247094652288433 -0.0615178213393695 0.0286055633580391
0.0507141970783584 -0.0212181296396653 -0.0553375863558373 0.0606723966796511
0.0799628045263956 0.00334609276884142 -0.0806024310800929 0.0699179793866992
0.0687247385284759 0.0591577400409873 -0.116962224767662 0.0325072046647647
0.0154748511576842 0.0904873940542585 -0.105058997921087 -0.0547944757648584
-0.0806859954941524 0.0997459181873956 -0.0597335862019285 -0.112792197274086
-0.163878624132273 0.00902526806476251 -0.0138077337346005 -0.115157819958066
-0.172099295282078 -0.103045880510577 -0.0463872756365816 -0.0863513291094852
-0.135708208713416 -0.127562734681618 -0.00470610500238444 -0.020605163554191
-0.143685840291606 -0.0150082988578799 -0.0193785873036484 0.112429623508307
-0.0957857268487248 0.0694534179635618 0.116638183526404 0.116504834497265
-0.000619161796938849 0.0930224718827641 0.15763814486146 -0.0400769716206744
0.0591524940250328 0.0690293869498964 0.0531753850230998 -0.122646128198481
0.0846614025321888 0.0166791166174449 -0.0287062787328662 -0.0903651481278485
0.0687484013897655 -0.0255627529833859 -0.0468104997965305 -0.0308344037010903
0.0624157420518493 -0.0361213750714428 -0.0396162684474341 0.0147462903991088
0.065224639810248 -0.0300453010128731 -0.0278127103465039 0.0508943502062126
0.099835576743773 -0.00157532347765777 -0.0455519677826545 0.0761649319461741
0.0931117733150836 0.0663554903266341 -0.0904818965588195 0.0661656404940619
0.0342352085172058 0.11224923832272 -0.109172553215573 -0.0103327354951272
-0.0884718189026964 0.126475400924469 -0.0746812544505072 -0.0872695663926844
-0.184895430255558 0.0131688124871866 -0.0102259551015143 -0.104504905735537
-0.182517679024511 -0.114546128902356 -0.00566316257225835 -0.0444430166348358
-0.116289777439662 -0.146862476739483 0.0362599389946676 0.0330301621495311
-0.152615938807813 -0.0523423123059451 -0.0104536111678683 0.128488119624914
-0.130696343416945 0.0527465856158433 0.098360534086706 0.151390114208907
-0.0258222746530369 0.112565411299765 0.158786549450432 0.0138856773744459
0.0601033240325245 0.0907372883793223 0.0900559879651245 -0.0819333988814523
0.0978579286793111 0.028887948325793 0.0172147076071716 -0.0847464160941133
0.0827844424747824 -0.0260025250157229 -0.0111569211765809 -0.0447351938513787
0.0709448312351774 -0.042080966801799 -0.0119429153202612 -0.000702107088121264
0.0697635603059523 -0.0353404881329089 0.00179366975636995 0.0369869980926008
0.102821048989152 -0.0054466609806277 -0.00911568612567128 0.0735415592797634
0.0996961592755042 0.0635080341579277 -0.0567434570325199 0.0874933756428794
0.0423284136360966 0.114268095540618 -0.100333627297003 0.0284592615947457
-0.0859117290364233 0.126567728676793 -0.0793001016433936 -0.0606805752911578
-0.176265654664551 0.00790949617490834 -0.00276431086398773 -0.09367045643055
-0.163512008981406 -0.113028575624684 0.0357461415040237 -0.00405288044517447
-0.0760739221631274 -0.137742269285113 0.0721067754119831 0.0863648775327284
-0.12405816044812 -0.0787455363842463 9.11111138944848E-05 0.13752789842672
-0.132360041291308 0.0179438963221073 0.0693207261989517 0.167647071102172
-0.0476105185295198 0.101313320625286 0.135662342502466 0.0645375661007243
0.0452424333727503 0.0933396496383143 0.113823818458547 -0.0293471514385661
0.0903964985765499 0.0363669579678574 0.0631757658534281 -0.069125600793912
0.082111249336716 -0.021286083793031 0.0272042221192095 -0.0558625298809037
0.0686921536141571 -0.0410438130331141 0.0164084156041847 -0.0158866738575088
0.065559215577886 -0.034977270057932 0.0295530082441822 0.0210216185672535
0.0928184614559455 -0.00541485582837839 0.0214027490408755 0.0666456277518744
0.08854544510773 0.0579421365298389 -0.0259405806024866 0.0989960184343457
0.0337025424283262 0.105345584839788 -0.0864726626890339 0.0549343143195923
-0.084297531989587 0.102638781673821 -0.0768808196876587 -0.0375364742727842
-0.145472349965789 -0.0129146834584129 0.00311419865515191 -0.0805426006636614
-0.117463314064701 -0.104191609694626 0.0671450541283097 0.0327675433126731
-0.0251947219092582 -0.0987335553709394 0.0964291298414868 0.127118072065099
-0.0700991566146224 -0.0822815500529017 0.00764545379281307 0.139575973831448
-0.1006629379815 -0.0121384304636994 0.0406223548409635 0.165492223522861
-0.0500001731817976 0.0690943087088164 0.101301349951798 0.0983669617237376
0.0259920338034329 0.0737283765285051 0.121896436607871 0.0172782921678226
0.0664768194890586 0.0334834659306387 0.0971245439695154 -0.05049380541517
0.0663507532887099 -0.0140540725065089 0.0605845919970987 -0.0610075181987464
0.0559054389412601 -0.0343561605588206 0.0411474594670751 -0.0284033328373575
0.0548019421966945 -0.0296173624416729 0.0523538098031961 0.00854870506648182
0.074134905266205 -0.00291425393045518 0.0450749215845379 0.0604289053744333
0.0688416840689033 0.0499880473651335 -0.0028462429364705 0.10437415639884
0.0171482377233554 0.0894281417743949 -0.0762711138762447 0.0725783372296114
-0.0820154761466644 0.0663483911472118 -0.074673237045651 -0.0195492460093253
-0.103885678127278 -0.0377714727800453 0.00414666523573204 -0.0655019050218314
-0.0570793209312784 -0.0880161534478553 0.0835732812755295 0.064354138197234
0.0266555537364259 -0.0424761700899014 0.109803418539379 0.143513385158668
-0.00990329157964753 -0.0615126712259352 0.0105042184025726 0.130372197607749
-0.0500996110499732 -0.0249673449585672 0.0208721769620005 0.153201073571607
-0.0324271603422465 0.0311889927489502 0.0755213704022099 0.114201165983465
0.0100081038727977 0.0382116522579867 0.123199638123977 0.0438485012428395
0.0335328840564266 0.0219916779335665 0.115422497869179 -0.0377998095748132
0.0393760183165459 -0.00638570431944619 0.0821284312991269 -0.0628842981514969
0.0355034485970123 -0.0217923010877077 0.0588939998967531 -0.0353716741619371
0.0380765505830855 -0.0199567033749675 0.0693806919606009 0.00125183303272938
0.0506771505992193 -0.000995664833999949 0.0610536267216893 0.0588237882163414
0.045061740614139 0.0382411115276337 0.0120343052492445 0.11021113627474
0.00106463395092979 0.0686333490939849 -0.0737379477649297 0.0843999139084908
-0.0726424016513205 0.0284394667280016 -0.0776624977307643 -0.0091687379384792
-0.0546398564528016 -0.0548188118258218 0.00247281277819461 -0.0526602462517033
0.00720831868483226 -0.0616690285425397 0.0812987161329707 0.0887307184546517
-0.0588373496956427 0.0129815430577175 -0.0901744815682531 -0.0937961389408251
0.0074207285415401 0.0414125769781262 -0.0277683483113202 0.0626198100995266
0.040140428821072 0.00465224857425417 0.0931474657061473 0.0222561613838994
0.00747512290271712 -0.0323425307032831 0.0931151571508027 -0.0871139927016657
-0.0172104488848197 -0.014301305236217 -0.0167800621730043 -0.132238144512464
-0.0142772733801263 -0.00143499216781148 -0.0822363017871365 -0.0659434174009507
-0.0122699458494722 0.00448830742933275 -0.0799202024936469 -0.00103883411166595
-0.00567967623042748 0.0045976256247402 -0.073250761890272 0.0381090318880623
-0.00398486935756998 -0.000232679445324197 -0.0805802625366524 0.0593357888208735
0.00309516015973538 -0.00714598867534313 -0.111408598620503 0.0416746188035416
0.00738476666941057 -0.00171930899993316 -0.120082328877375 -0.0295489645661971
0.0119902790571657 0.00365164700910847 -0.0694927301803441 -0.110000779867321
0.0027058977515161 0.0389616955154142 -0.0239940794493159 -0.135080285581079
-0.0481937913292079 0.0320497073335348 -0.00382897063552279 -0.13760793840847
-0.0825036029648909 -0.0206845122287907 -0.0926892874665835 -0.14756422372531
-0.100019865260718 -0.0339900239609334 -0.0714750214114531 -0.0865453025887915
-0.0449758832712647 0.0347540608323451 -0.0261355188320968 0.0728826552487491
0.00547157107966844 0.0335531898047253 0.105838133727637 0.0404416858238514
0.0147109137948538 0.00453972864310729 0.110171850173397 -0.0891759953231785
0.0108078987370688 0.00769805145982821 -0.00699431565233321 -0.139583204678613
0.0181260803367337 0.000456689261561748 -0.0798085674908022 -0.074070711311629
0.0149910777636413 -0.00812279985559231 -0.0803989059967433 -0.00520514952608097
0.0202062885625656 -0.00967337490862388 -0.0713162121475042 0.036204155522028
0.0260167104797492 -0.00945644255174262 -0.0716733634874047 0.0612603899435132
0.0436702796228734 0.00283771923768746 -0.10124099203181 0.05503590184856
0.0338908945412167 0.0348335307890572 -0.122747913781882 -0.00460766721883757
0.00236836551748173 0.0482221696909241 -0.085323977018338 -0.0911563103283234
-0.0483028491388136 0.060706862597066 -0.0368319514721661 -0.127777122820518
-0.110623192284996 0.010340347247412 -0.00740623938332349 -0.124327783298423
-0.130807747786339 -0.0714515398303559 -0.0741419982270074 -0.121553961271311
-0.125848386037288 -0.0834851452086453 -0.0421370560099646 -0.0620972283436711
-0.0981287219991504 0.015158259881037 -0.0246376842135199 0.0898473515749243
-0.0419581856522502 0.0575336473015247 0.115296773159166 0.0746187468600057
0.0131373321424822 0.0488415160258931 0.134196801363378 -0.0740846057426258
0.0386146450544951 0.036071293623907 0.0174363839969322 -0.137886066026887
0.0526446383965558 0.00618830302416556 -0.0611850159756862 -0.083407645939912
0.0423043174233507 -0.0188586810799849 -0.068838985988834 -0.0154136684875619
0.0432175742485047 -0.0232862280596431 -0.058879967640151 0.0279192835855784
0.0488976510215718 -0.0195439097868103 -0.0522434252370394 0.058443920952865
0.0765398365329528 0.00350995260249396 -0.0770094155261878 0.0682447658578523
0.0657403339352022 0.0575035715073149 -0.112771848335115 0.0318252612448998
0.0136055745937898 0.0866494491954056 -0.102265863662213 -0.0548016516092085
-0.0778500872834669 0.0948686377580119 -0.0569472283423257 -0.111505188207985
-0.157846188724613 0.00749421975628231 -0.010254404410537 -0.112861572540251
-0.165571929860111 -0.100985335050755 -0.0433626041365979 -0.0841480118011634
-0.130381816300697 -0.123438952970424 -0.00617812334784578 -0.0208680623485583
-0.137973626163829 -0.0162257398109705 -0.0207650280860802 0.108877859291815
-0.091920926460666 0.0656896423126318 0.112857497674764 0.11516340417016
-0.00149049887467144 0.0891956746586949 0.153406932765363 -0.0356718748582658
0.0566622475549826 0.066452781434784 0.0530536389273594 -0.117874347748588
0.0811121635514332 0.0162887718012535 -0.0274974997830709 -0.0882397216689894
0.0660976762593989 -0.0242981748348825 -0.0447315345010702 -0.0299317007398416
0.0598741631121713 -0.034348361177409 -0.0375222099105338 0.0150716849834661
0.0631738018765579 -0.0281889139067641 -0.0259623281413285 0.0496663728132065
0.0959287755580892 -0.00069049700740811 -0.0435406172023843 0.0745357267350118
0.0895916635228131 0.0637283622941416 -0.0874888029713455 0.0647361395508363
0.031674861677717 0.107627202973544 -0.106970845353022 -0.0118342364616502
-0.0854194872381904 0.121014787189276 -0.0718696745559946 -0.0871445025103846
-0.178387636075752 0.0119847163957907 -0.00768839307966091 -0.103296840372969
-0.175775610758144 -0.112604066986263 -0.00436594736514284 -0.0434142360980547
-0.110942304293921 -0.142816518467402 0.0334919182013548 0.0309856551752592
-0.146472889979865 -0.0518354454381391 -0.0121708141172206 0.123750679742201
-0.125444049401125 0.0492989375112952 0.094902104474616 0.149474439729551
-0.0256608038555357 0.107646063367222 0.153583987528816 0.0166286802234652
0.0575366672982041 0.0873106482595588 0.0887986074251496 -0.0780688162926712
0.0939850898477126 0.0277302614012686 0.0179369819735422 -0.0824667628135626
0.0797339037777339 -0.0245632866560594 -0.0106078455653338 -0.0432569138255538
0.0679363331959085 -0.0402920121552869 -0.0110309589436423 -0.000293208836457027
0.0674282931368149 -0.0330648711878749 0.00254024803207138 0.0354558641232544
0.0990010919698373 -0.00476331980883974 -0.00889645352733647 0.0721324044183912
0.0964270458647203 0.0610108438052015 -0.0551965765709902 0.0861534947333975
0.0399261170838412 0.10995588127638 -0.0981584269858181 0.0254114120665814
-0.0829784695650845 0.121800737125487 -0.0770877018372022 -0.0612664554289469
-0.17022409384581 0.00584126318964245 -0.00205862460520634 -0.0923479877887346
-0.157646356884952 -0.11031916332176 0.0348325009122622 -0.00417032311342434
-0.0720255146198956 -0.133465701807711 0.0676053682981337 0.0833461926214288
-0.118753956720909 -0.0777666593431471 -0.00230540045941515 0.132916562521462
-0.127016042732583 0.0165003680193018 0.0660618000973476 0.164519816487876
-0.0461536819340762 0.0969729540398776 0.130893724397821 0.0657085534722988
0.0434478540669393 0.0899791380558357 0.111660156365434 -0.0271664466639702
0.0867409912413627 0.0351720507704425 0.0609794169970326 -0.0673243425199581
0.0792922199132206 -0.0203686257314061 0.0265700430262516 -0.0535118925883878
0.0656609858280806 -0.039425865339764 0.0160658138762133 -0.0144260221489181
0.0634189268655784 -0.0329983112605139 0.0287262671125112 0.0212546571900979
0.0889878580155822 -0.00461842661755496 0.0204063332814354 0.0657261080581859
0.0857389024266846 0.0558081798013172 -0.0255120126426463 0.0967126962801132
0.0318511426069848 0.100818985849585 -0.0857511615628895 0.0520640353605487
-0.0815868825570705 0.098073562687428 -0.0750735170016438 -0.0390065464952473
-0.140943873636057 -0.0135800464920358 0.0035339238025072 -0.0798683565328576
-0.113716708042059 -0.101621078523324 0.0646115660018815 0.0313323511685009
-0.0236946566080502 -0.0960129623983913 0.0909881707510492 0.12332299572647
-0.0668489360778367 -0.080514648396214 0.00369244461105736 0.134960307696292
-0.0966451904757476 -0.0125216766216396 0.0375164275881787 0.161295863304794
-0.0487046728123894 0.0661265943969187 0.09690364589308 0.0981270225435175
0.0249350340552728 0.0708410557918877 0.119585731094582 0.0177703028112172
0.0642096115842914 0.0322948610822236 0.0937343806150755 -0.0489030058706368
0.0636514043198891 -0.0140472134107695 0.0580042931041281 -0.0582289323561613
0.053299564372743 -0.0327886925142904 0.0392400452097298 -0.0259914472438037
0.052590626603295 -0.0282771810476512 0.050457126262096 0.0088355317589421
0.0712383417667303 -0.00300485259144991 0.0425719720332463 0.0604623436474856
0.0660759864654754 0.0484612352033301 -0.00345575728714618 0.102646444077092
0.0158182698478541 0.0861117590641794 -0.0753398007669281 0.0696159103495294
-0.078936502811537 0.0634513340531268 -0.0733371606378653 -0.0210473938696777
-0.100434666524447 -0.03690882270765 0.00412896535808471 -0.0646138239103244
-0.0552784196745293 -0.0853963171669345 0.079508105324987 0.0620389017405957
0.0262134038438615 -0.0410372440017065 0.104307323375207 0.139644077243989
-0.00943981017210631 -0.0600307999027873 0.00701961205040139 0.126319520872414
-0.048393187213282 -0.0244538580397117 0.0180845514705195 0.149313704951114
-0.0315627127732022 0.0295956254850026 0.072158464389138 0.11353372158883
0.00942833719389239 0.0369810059123909 0.119863536836847 0.0431065899350842
0.0326973344981479 0.0213372098847531 0.111597256341025 -0.0361033626140395
0.0380232944185434 -0.00663805999305406 0.0786619739390404 -0.0600188303613593
0.033467472751195 -0.0212889727753824 0.0571268415761746 -0.0336564421709126
0.0362812292869091 -0.0195990809078948 0.0661669268821023 0.00206180683201012
0.0486161824186167 -0.000980821875654041 0.0583240079140464 0.0579986251500499
0.0434849269484439 0.0376579371526827 0.0108600871288331 0.107920952207974
0.00049597621777603 0.0659800298918223 -0.0729043667136464 0.0809378508357083
-0.0701260036892425 0.0273473030505601 -0.0759652350614546 -0.0105605519399458
-0.0527077083062901 -0.0532550727697391 0.00236351932035561 -0.0519302182082189
0.00713901904427386 -0.0596760778070996 0.0774243366886926 0.0856887526911746
-0.0595377473200174 0.0113558298098632 -0.0863049310474586 -0.0964302458766284
0.00647196121326572 0.0411881631534797 -0.0305247169657617 0.0611528165655825
0.0399711546442272 0.0052034467118857 0.0922012091996082 0.0259969229125602
0.00750504030529813 -0.031977817189484 0.0970964046378734 -0.083590807931614
-0.0171082948148389 -0.0143571990443786 -0.0116195973677484 -0.132688139186476
-0.0141125400404021 -0.00176407752449219 -0.0793033655384284 -0.0691469687966269
-0.0121095335738359 0.00451350706723487 -0.0780909605049204 -0.0048722558866661
-0.00563619928284162 0.00503738301691338 -0.072756101360582 0.0349209233777266
-0.00346266676526215 9.95803796188582E-06 -0.0807314809834321 0.0562815132061829
0.00334182732805275 -0.00608272931197934 -0.111304807628298 0.038902712048872
0.00683950431428674 -0.00154042182140617 -0.118877751858833 -0.0328768631956258
0.011384248262776 0.0043148092853779 -0.0669333988975203 -0.11321105757783
0.00159841424165081 0.0385464519064584 -0.0184777163916843 -0.135871617371687
-0.0484738130212165 0.0305844271984386 0.0032336509480471 -0.138273766691832
-0.0810866630458971 -0.0228542206603642 -0.085088697572216 -0.150431206336485
-0.0980389546568666 -0.0368361755364108 -0.0690741027067313 -0.0886642510435686
-0.0453095739809595 0.0330853156267478 -0.0291832283191547 0.071268197426222
0.0050096727907088 0.0327472452946913 0.105170613220967 0.0447760061782776
0.013797972053429 0.00382167351598963 0.114268819737714 -0.0842116876575903
0.0098344162471545 0.00847962136198483 -0.00177974782611116 -0.139178436213136
0.0179115817089685 0.0008774526858197 -0.0760628386856299 -0.0767315786730787
0.014614469940895 -0.00713994832907643 -0.0780156529295307 -0.00848611998930308
0.0207017137161835 -0.00867345874356372 -0.0707696124868155 0.0334216500400314
0.02634865486528 -0.00778450969991437 -0.0720515524115971 0.0586999333513977
0.0431727600860678 0.00364873903637464 -0.101703152867072 0.0521607346032589
0.03253725321193 0.0355542184933993 -0.121998857248423 -0.0079242966234579
0.000450615561387673 0.0477838639420812 -0.0826813424834372 -0.0950511634363383
-0.0495888913016516 0.0577493703339875 -0.0317711376510533 -0.129307663620647
-0.109551407538218 0.00667423616530942 -0.00125206958847171 -0.12494285591766
-0.127882261755997 -0.0754873140508922 -0.068146698982266 -0.123277006929807
-0.122317659718034 -0.0862762203357702 -0.0410048302727173 -0.0631548706573957
-0.0971747256442964 0.0114812374088641 -0.0287284182808052 0.0882195300295322
-0.0428331720443875 0.0550825006304841 0.113095287035501 0.0790339873298554
0.0111610182747372 0.0480272201996849 0.137232942026258 -0.0672622283111808
0.0368256368683334 0.0368793690217339 0.0221820356078149 -0.136559757299555
0.051845694735965 0.00772102048906709 -0.0578973012210985 -0.08499088232553
0.0425861236444233 -0.0170548484919857 -0.0666539881070414 -0.0177623676110692
0.0434695419035197 -0.0218072371849835 -0.0584194565721954 0.0258937189506552
0.0493533638524669 -0.0169238819319605 -0.0522390406927446 0.0564048942818055
0.0757218741250011 0.00584514375436778 -0.0777633079360779 0.0663738400039932
0.0634302188599203 0.0582618503902384 -0.113196701544667 0.0294449885118899
0.0103091389461912 0.0863595882346049 -0.100923470000786 -0.0595953729665535
-0.0799967594291173 0.0908435086875076 -0.052793079751587 -0.114606322737576
-0.157064065105166 0.00212500509636048 -0.00478266084850274 -0.11454692600178
-0.161054334703233 -0.106181174612024 -0.0392042632199531 -0.085847691887546
-0.125444552382645 -0.126493866612347 -0.00632745294910426 -0.0215275827024992
-0.135497303750246 -0.0204033644038046 -0.0252356502404398 0.107256180402369
-0.0923537553070865 0.0618200239437117 0.109188642867308 0.119700879106551
-0.00409483885388831 0.0874270513334047 0.154356714036481 -0.0283362917624883
0.0541221348488575 0.0669802749740618 0.0574180726239539 -0.11508177812917
0.0793646081803064 0.0180194425234888 -0.0239487572986621 -0.0883767579829892
0.0661376184097327 -0.022047258200539 -0.0429117605191055 -0.0307472173813851
0.0602251285104286 -0.0318472272422057 -0.0373869064627986 0.0138516749458798
0.0636020902493527 -0.0253099457682595 -0.0267504094601888 0.0481966843593814
0.0945974415065495 0.00171099178659951 -0.044373243160134 0.073600170263302
0.0872864328469572 0.0653707353077565 -0.0889733104552818 0.0630734130189146
0.0274337576676238 0.106921363798268 -0.106908804548748 -0.0163507410358301
-0.0878992823062484 0.116727992669521 -0.0693380590803983 -0.0913299770825975
-0.177555353426738 0.00600764776239982 -0.00326102276525689 -0.104683214842417
-0.171148859663304 -0.117998879648151 -0.00256454844667297 -0.0437010103664951
-0.105414261781848 -0.145281427464946 0.0307053647935828 0.0305902906424562
-0.143304895863423 -0.0561711773435293 -0.0179171764460833 0.121926082353902
-0.12543687577214 0.0444144530537861 0.0895541718641915 0.153142954575199
-0.0288751938781912 0.105688432135541 0.152490164826431 0.0242177519036771
0.0548384098577035 0.088003987082208 0.0917010862429185 -0.0744251335534839
0.0921272153149728 0.0297316847946826 0.0196575119797691 -0.0816629488778844
0.0792852031942113 -0.0224309706569504 -0.00901326672319214 -0.0429163214960332
0.0679280014498387 -0.03726113025503 -0.0107012172507716 0.000188416773450344
0.0677168650941469 -0.0300869916847616 0.00170111742184753 0.0360349982865332
0.0978219968894041 -0.00195244295739049 -0.0108795020014031 0.0725185738413811
0.0940329428781966 0.0628950924787397 -0.0571126346422472 0.0854525503870854
0.0356696626235711 0.109710374099166 -0.0991909764408101 0.021601450184254
-0.0858183178322795 0.117415880049178 -0.0757082948399332 -0.0656976660365622
-0.169130018851891 0.00093342065205887 0.00136504056631186 -0.0937614118251167
-0.152934638260269 -0.115351772261419 0.0348266537651559 -0.00348300701417946
-0.0667944204455366 -0.134700605054264 0.0628634344490219 0.08421967956651
-0.115108078728528 -0.0815856945430244 -0.00900997195516686 0.13179748945683
-0.12578150605521 0.0117511488273704 0.0603004208906905 0.167293211506607
-0.0488551614658236 0.0942174117593927 0.128239494662629 0.0721331618078418
0.0403972520661668 0.089919535086458 0.113048631968516 -0.0232939702780892
0.0850729896702951 0.0369569904384087 0.062615750873005 -0.0657399230338028
0.0783065485736829 -0.0180376451372614 0.0278706518625206 -0.0515928347984889
0.0652387253807502 -0.0369275529234608 0.0169749582130835 -0.0133584427469103
0.0634770055935966 -0.0306949800167974 0.027931160467661 0.022109186241993
0.0879544614358112 -0.00219462755361447 0.0184951448263956 0.067424372628144
0.0833254807457427 0.0576774625155722 -0.0282120614030041 0.0968223812503413
0.0280455929507199 0.0999807065554887 -0.0874711125100383 0.048691258541108
-0.0831175125131691 0.0938338411012135 -0.0747120971661662 -0.0433462855880689
-0.139776147735403 -0.0182892180711367 0.00522483232785921 -0.0802668134810283
-0.109923869453995 -0.105031582028372 0.0635621411291857 0.0329597029919082
-0.0197770638427078 -0.0964958618604892 0.0850383159108732 0.124910032194812
-0.063519623335353 -0.0825713851477906 -0.00328989522038096 0.133896509632447
-0.0947070253410588 -0.0160098851109915 0.0318022571376041 0.163173582997364
-0.0495205081667499 0.063468586067586 0.0934498380096405 0.103418311756064
0.0226745162316589 0.0702688739931398 0.118978782618137 0.0219135732009214
0.0630660280563238 0.0340717812971391 0.0946172056461517 -0.0467846476302836
0.0633286783849104 -0.0120796693535112 0.0584229082899307 -0.0558695841990789
0.0530195932083919 -0.0309935633455123 0.0398790275285273 -0.0240682602525341
0.052722281600627 -0.0265331865345765 0.0496911211254889 0.0113322265166859
0.0701349652420483 -0.00100942859198591 0.040903042356993 0.0620361133556884
0.0639479866292761 0.0498886589154132 -0.00626139809608228 0.102918520997152
0.0128720204184672 0.0849026844881235 -0.0777515224730797 0.0665839703143736
-0.079674432305768 0.0597613718605036 -0.0735481506779607 -0.0250966327222642
-0.098895123720705 -0.0399463926654766 0.00568614550740267 -0.0648638672381696
-0.0526023546585447 -0.0865563947186901 0.0769446469829971 0.0635992728162669
0.0274908334190987 -0.0400385969625313 0.0980533460232634 0.142074972526075
-0.00762210048941311 -0.0603622345265549 0.000721343904220951 0.126121129387789
-0.0469025582007879 -0.026023670804981 0.0119056917217807 0.150055868516753
-0.0319313923938449 0.0282677251635184 0.0679206037512171 0.117448681490389
0.00894378432164092 0.0368832455375371 0.119505513137877 0.0471289300733549
0.0316728817281076 0.0218614145285502 0.111628698531093 -0.0332375793464482
0.0374910867770038 -0.00600424453053894 0.0787988577551927 -0.0576343053950463
0.0328928566771363 -0.0203705935476311 0.0571572642668421 -0.0309690024215137
0.0364558101089112 -0.0185917851575449 0.0654593485472166 0.00448363412145728
0.0481423852540908 0.00010528965690426 0.0557584808799118 0.0604360590383703
0.0420864456378812 0.0381374209199727 0.00756386601787577 0.1085164755403
-0.00114722717770066 0.0648121327020156 -0.0750102636531131 0.0783029579561466
-0.0700269594054787 0.0248118291329787 -0.0763083982872804 -0.0143563867251728
-0.0511352057586495 -0.0545339390338039 0.00329999723647413 -0.0523333575586555
0.00863477652252407 -0.0590130605165991 0.0741201828801036 0.0871033320891417
-0.0619586232763199 0.0106573290099675 -0.0865510170814805 -0.10270160653621
0.00503439576468815 0.0428194544492048 -0.0342058228550293 0.0618997402592913
0.0411556861187669 0.00612936378114872 0.0949473867506185 0.0311304321815488
0.00869168044405798 -0.0335064193594307 0.105297617378338 -0.0823268424159802
-0.0172526151250932 -0.0147270340706049 -0.00726421333008541 -0.138031467336544
-0.0145442456477341 -0.00203221887310785 -0.0785723581706761 -0.074642128599478
-0.0131131569855692 0.00430699720610948 -0.0793429235864309 -0.00923241333830738
-0.00556827379960972 0.00521063960967248 -0.07553159261991 0.033122921559228
-0.00293859152048897 0.000590500496489679 -0.0843012519616253 0.0544300212425008
0.00350860603562188 -0.00581002121478893 -0.115149367089014 0.0363581297054913
0.00695537620924234 -0.00147195195111544 -0.121519427359941 -0.0383950625342689
0.011367134079372 0.00443261560697123 -0.0650969209987373 -0.120402109412971
0.000968698676798506 0.0386895577599275 -0.0128286778536276 -0.141449543279763
-0.0504575752124461 0.0300287387662044 0.0108417680445018 -0.143570755782311
-0.0827535093865105 -0.0263549878115775 -0.0807676361173035 -0.15876926700405
-0.100444765387022 -0.0407671666458362 -0.0684126047930942 -0.094956534046036
-0.0473260215468861 0.0321598587102651 -0.033725227217846 0.0723171192858604
0.00425999004450906 0.0331787883563213 0.107198410763402 0.0508950850734018
0.013535609470207 0.00382092914627993 0.12221116136163 -0.0827549473376234
0.00946768510768581 0.00889330248746867 0.003247631743349 -0.14411509773719
0.018529196912146 0.00176465292385748 -0.0754942258096636 -0.0825231817327523
0.014930353647531 -0.0067455303564251 -0.079208848855299 -0.0123527377289889
0.0215142805081318 -0.00784895937950109 -0.0725775133283958 0.0317854337052557
0.0274996345702118 -0.00623976338420576 -0.0752414686851509 0.0578293655591145
0.0440494812015248 0.0057953524708452 -0.105272328087635 0.0508138520065436
0.032161884450337 0.0377406150718684 -0.125994862930355 -0.0116954259402722
-0.00145112369442344 0.0491525915610325 -0.0828154974740304 -0.10320155651685
-0.0528567674897592 0.056947442435112 -0.0273484743423697 -0.136550702401475
-0.112637978639688 0.00264555615506937 0.0057235107675462 -0.130981044932694
-0.129134470386457 -0.0822500094026842 -0.064509931923703 -0.130623198594417
-0.123490551036156 -0.0929338395434705 -0.0410087490739242 -0.0678381114162313
-0.100211846312091 0.00870711524987546 -0.0336261491565518 0.0900931187272121
-0.0451299201473032 0.0547368966109823 0.114648564037387 0.087243390071288
0.00949317108301755 0.0489995586406715 0.145474034052577 -0.0637553578881809
0.0364582121848805 0.038923512379365 0.0287646796783323 -0.1403037310742
0.0530266193796044 0.00927275647178987 -0.0563746459015739 -0.0902446171452324
0.0439498016685997 -0.0161179522001257 -0.0676457144852232 -0.0212983133681443
0.0451824641074391 -0.0204887943277857 -0.0600931857900467 0.0250115545598212
0.0514479084197328 -0.015091781415441 -0.0549957389415985 0.0561570223975879
0.0774979108409531 0.00866656111998734 -0.0812140029756949 0.0667211187206376
0.0632511447995279 0.0620905316948421 -0.117890932206499 0.0274541613450713
0.00668652352950754 0.0887537861732429 -0.103083680548122 -0.0672336632729784
-0.0850366428751709 0.0899567748244898 -0.0505212961449898 -0.122384812714101
-0.161603345044365 -0.00307745429116046 0.000766895514049751 -0.120020746911098
-0.162748653062272 -0.116138087571066 -0.0370765854962273 -0.0899963222654828
-0.124781467059121 -0.134151620252401 -0.00680367766539707 -0.0236548758802991
-0.13835870216009 -0.026304095570343 -0.03150346397467 0.10893891933514
-0.0959109697658887 0.0604524856647426 0.108737983394776 0.129118434979225
-0.00747515803627284 0.0890355717371743 0.161395521936448 -0.0218075285634006
0.0533381356464667 0.0701816996754336 0.0643919867489316 -0.117500376128422
0.0811872637543727 0.0212261373287413 -0.021626930187364 -0.0924368798995283
0.0679848712651311 -0.0205808096878907 -0.0420620965127019 -0.0331686227274317
0.0620914688311361 -0.0305071139832658 -0.0374470385117503 0.013800400391589
0.0658292773161882 -0.0230192830336479 -0.0276699717478907 0.0492460389166762
0.0975827991428205 0.00486413143594547 -0.0478030345826385 0.0753977104171424
0.0879086097568894 0.0695789975998391 -0.0935566569327834 0.0638544310791846
0.024554703117801 0.110952035811481 -0.110822531322786 -0.0225255718520962
-0.0942617372562217 0.11660162953745 -0.0690631618359297 -0.0994356492185833
-0.183207578992352 3.57157338942201E-05 0.00136660723286317 -0.10970365129831
-0.172908388205736 -0.127927914701734 -0.000621161486081729 -0.0456459567093692
-0.103260972850367 -0.153558221870874 0.0293225200900305 0.0319250489143727
-0.145492286722289 -0.0635625067019832 -0.0250399195536278 0.124722870603257
-0.130189978219956 0.0409274859951573 0.0871889563786226 0.162183044436092
-0.0337898095616339 0.10724638314386 0.157619618010124 0.0327850719347985
0.0531093120144249 0.0919827631035493 0.0989500017339203 -0.0732078147082382
0.0936496456676237 0.0333961531616687 0.0231378365566689 -0.0842745548575718
0.081869044616496 -0.0203125516176716 -0.00789719068159967 -0.0445087116036342
0.0701060575090636 -0.0359925936819413 -0.00990289230134062 0.000427392479320536
0.0706872468184074 -0.0279818714834163 0.00127409578600088 0.0368490666946209
0.100709513795258 0.00105886784518445 -0.0131890922724445 0.0755640535372022
0.0949866983326352 0.0672294392340885 -0.061715188773715 0.0879553770279282
0.0329927029681255 0.113154047392967 -0.104558982730364 0.0175606487039494
-0.0917411708361741 0.117026739218261 -0.0767934591140825 -0.0727533821321509
-0.174671838265112 -0.00448441459953868 0.00513628654738241 -0.0991806032585551
-0.154327654291984 -0.125190411257131 0.036183538359978 -0.00258289748567264
-0.0639691009958575 -0.14145886704985 0.0605413151348063 0.0879490851583957
-0.115658830670339 -0.0885990849625789 -0.016429156611268 0.134998201523761
-0.129263098358253 0.00691682455406105 0.055993362459504 0.176426822347005
-0.0537174037653475 0.0948008773378434 0.130285411291293 0.0822131672921427
0.0387423880151823 0.0933738587866447 0.119159588763117 -0.0196979345129404
0.0861527984148136 0.040516464741159 0.0665557654637559 -0.06624852012998
0.0809905712021653 -0.0164106818535491 0.029884630344793 -0.0521481798525034
0.0673612860961074 -0.0359417075967475 0.0178296765887072 -0.012591019715682
0.0664128903136116 -0.0291773452357311 0.0283526396296845 0.0243714474706883
0.0903884854038958 0.000330045823642939 0.0171826415314139 0.0708407007519228
0.0842327040703221 0.0616732581935038 -0.0320316415654657 0.100651816141598
0.0256103142870951 0.103051497802989 -0.0930666888170177 0.0462452119706838
-0.0885204647982049 0.0932833040971606 -0.0765090249409115 -0.0493820519228094
-0.143670204754305 -0.0230571605614693 0.00861799678026862 -0.0849903177735665
-0.110107887029302 -0.112339166163876 0.0637733579070007 0.0358357295879083
-0.017132664935695 -0.100319807458053 0.0817455200493602 0.131687422625705
-0.0629661726195452 -0.0881051324745954 -0.0108742269360181 0.137888767581281
-0.096311343230125 -0.0204587698435508 0.0260794943935256 0.17068359377413
-0.0538081554617287 0.0630981147143317 0.0931944731018072 0.112879818584003
0.0208860855855855 0.0731036700092415 0.123644819378905 0.0277731782783792
0.0639138478766757 0.0371085920205377 0.0988572019305523 -0.0453912272359751
0.0652804696157945 -0.0108780004481923 0.0620230305659294 -0.0555681774258744
0.0546977281156571 -0.0299364167265111 0.0422643553925794 -0.023176520307213
0.0549900752928958 -0.0258206741952812 0.0510936640576934 0.0136266891281288
0.0720893881981603 0.00109251004783653 0.0397043630471171 0.0664289295559655
0.0647480411415824 0.0531077500614759 -0.0100204897522156 0.107645137624318
0.0106884877165425 0.0873170319419191 -0.083208747042051 0.0654823668675417
-0.083430607036494 0.0588427821203867 -0.0764806398345243 -0.0306846565208229
-0.100543093783708 -0.0445657326813689 0.00775505328320567 -0.068291971652655
-0.0509366343459787 -0.0913912795092218 0.0768406732687647 0.0681875488915301
0.029361035783744 -0.0404684674724634 0.0947715648974061 0.150334592697802
-0.00626771324677359 -0.0626834371068059 -0.00662306216506778 0.130237064096049
-0.0467579610562011 -0.0284701589876226 0.00595367482914683 0.156359870156283
-0.0337326210726506 0.0279680259171261 0.0662940773018119 0.125917436952394
0.00771244918008675 0.0379062770518132 0.122890416592901 0.0537042677904004
0.0323717771410034 0.0236455342286047 0.116306250483536 -0.031128264880004
0.0387549308627791 -0.00514804939715605 0.0828102607380298 -0.0562244820581686
0.0335644432857906 -0.0201784987374705 0.0600149034021775 -0.0293689512706245
0.0372296544756751 -0.0185147051919399 0.0674243805874746 0.00763868460717917
0.0491084385553897 0.0012596196599048 0.0554046476378821 0.0655405425531854
0.042216534026054 0.0408741293657359 0.00405208524894482 0.11370060472814
-0.0032372897356041 0.066868728260198 -0.0811017549616935 0.0775577942054978
-0.0725342631514261 0.0230564502725261 -0.0788454704079401 -0.0189182720772564
-0.0512992949835547 -0.0577765505554001 0.00448731888012583 -0.0544173292506283
0.0105981544827357 -0.0605688798308303 0.0730667199886789 0.0923495283010007
-0.0661405192057599 0.0110830860055172 -0.0912396287755095 -0.110823468787108
0.00501267901580135 0.0461146684437267 -0.0385425063469562 0.0661526649329171
0.044166798641203 0.00640440999543527 0.101098110459341 0.0350308880519049
0.00836447373005697 -0.0358940181856423 0.115507581693989 -0.086522168019211
-0.018689446462705 -0.0152225843352275 -0.00524554565539211 -0.147801548381577
-0.0154251380447212 -0.00221657502363786 -0.0828140761038752 -0.0816493098054462
-0.013798523324096 0.00517959653523177 -0.0835317278802101 -0.0124924625605596
-0.00549546124356316 0.00562404897198771 -0.0799410383702033 0.0341428379210959
-0.00227484169200906 0.000698492800229933 -0.0898328617309903 0.0573412654655127
0.00398303439559891 -0.00613328091961846 -0.122414328412978 0.0376504084495104
0.00719680347001359 -0.001349698059157 -0.129773753876272 -0.042191483534313
0.0111326114110888 0.00521193652074075 -0.0689671836687921 -0.131313213768076
0.0002872307542219 0.0401330718536492 -0.010666758445426 -0.152000024213504
-0.0533978361060694 0.0312351723609427 0.0162464199935739 -0.153968529312014
-0.0885739485706511 -0.0287452857713865 -0.0822554741159803 -0.170575209114748
-0.106792673184267 -0.0435443089677464 -0.0726248558720851 -0.102407903344427
-0.0506822184116777 0.0336018228220866 -0.0380312590874068 0.0770197437344493
0.00486864935978759 0.0345882805631257 0.114284818926993 0.0569622436056555
0.0132881362355335 0.00330832036356561 0.133193307048767 -0.0862718603366736
0.00955961417256735 0.00979659427747148 0.00525350167043593 -0.154812462467477
0.018997085843359 0.00188171770892696 -0.0788460982123318 -0.0896365269464527
0.0161049401508848 -0.0067636312300927 -0.0826007378381374 -0.0153228762988718
0.0229900364983932 -0.00808915429971652 -0.0769138387806685 0.0327034423514263
0.0301120082234979 -0.00596982207281024 -0.0796301014660616 0.0604455539947196
0.0472840033245107 0.0068025417435759 -0.112112072337104 0.0536368697573454
0.0337908660300872 0.040337338881183 -0.134670939721366 -0.0137026048568336
-0.00308542005611345 0.0518730293062816 -0.0883009860237832 -0.112340674094999
-0.0570060602899027 0.0591414185534991 -0.0268171670760345 -0.146901818245635
-0.119504232340544 0.00163163213721519 0.00958777662372668 -0.141092766058807
-0.136882856404021 -0.0896136762777822 -0.0660916065930977 -0.140556678721945
-0.130811022579197 -0.0993992038469442 -0.0443091521714579 -0.0736120008588122
-0.106710778738397 0.00804621694928555 -0.0386919263344984 0.0952252513240868
-0.0484254037792592 0.0569555722248441 0.121846152257303 0.0963688863865973
0.00890396890846581 0.0514546553905203 0.157811440977199 -0.0647883003084805
0.0379274875108556 0.041651777223 0.0322241327498016 -0.149805819337543
0.0554179543696951 0.0104392624814837 -0.0589952643420817 -0.0971520045481167
0.0463804316644116 -0.0162549940488853 -0.0703600968288695 -0.0238505844995132
0.0478183976890733 -0.0209291525917056 -0.0629094650247617 0.0260782929401677
0.0554432871806562 -0.0143107917858258 -0.0575695547571613 0.0591142684369426
0.0828406488467851 0.0097923699339149 -0.0863947067898657 0.0710098940493147
0.0668581411190591 0.0663231231265861 -0.125715534961625 0.0291717702639423
0.00576978583141824 0.094205473243135 -0.11045955044584 -0.0742459917855516
-0.0913586904667784 0.0939917491677356 -0.0520750970374782 -0.133380658933958
-0.171811918784451 -0.00476918635058806 0.00419708706304857 -0.129512694830762
-0.172305655467859 -0.125832215844867 -0.0373761961230465 -0.0971110028460287
-0.132012197483153 -0.143796878513237 -0.00801652651551397 -0.0264333407374682
-0.146823168867263 -0.0296265718554568 -0.0377342908113075 0.115744912317711
-0.102771248056673 0.0622140051947866 0.115447678137391 0.140818736865069
-0.00902320008445163 0.0937839956087444 0.174013744349048 -0.019797273712244
0.0556462113584836 0.0747676304055165 0.0710863265877129 -0.124925077061547
0.0856813112240343 0.0228937692153603 -0.0218631445213454 -0.0991560875619133
0.0719636459942298 -0.0215538072024178 -0.0439337416617977 -0.0357626902564335
0.0662485494775475 -0.0316240478427157 -0.0397579103370137 0.0142801525032088
0.0707228369890785 -0.0231487741508394 -0.0289719347923007 0.0517054672324564
0.103442992698379 0.00594178163999217 -0.0509568341337852 0.0809474925460839
0.0931502972400452 0.074009526639747 -0.100508748853136 0.0687235594159288
0.0242491025731442 0.1174701742036 -0.119337541525765 -0.0268030167952103
-0.101022278162009 0.122141662497602 -0.0732780096088126 -0.109062322058455
-0.195304354591106 -0.00130148171003324 0.0039288215423158 -0.119765302967236
-0.183098303539647 -0.138633304683435 6.65456287264983E-05 -0.0495679231242099
-0.1086357380828 -0.165101284086379 0.029270534640076 0.0334801992427409
-0.154158625408363 -0.0695951893043777 -0.0307158051260923 0.132314390043934
-0.138613756759078 0.0415455086191825 0.0912672729404385 0.176071492769546
-0.0366867213653259 0.112701905305306 0.168994591887672 0.0388870572088724
0.0556699265227912 0.0978968234714314 0.107969281808507 -0.0772009466171771
0.098740793835266 0.0359646826095691 0.0251212475186657 -0.0899002495562749
0.0864820187769889 -0.0213399090007188 -0.00754303237534967 -0.0470993325719659
0.0742868588168685 -0.0377201265269119 -0.0101181277162162 0.000399094384466104
0.075207408435111 -0.0289338328330989 0.00164476231676226 0.0398954370542725
0.106910048429446 0.00184277786632628 -0.013833420415206 0.081178517337493
0.100501723537428 0.0718975076060209 -0.066011400709472 0.094566012891435
0.0331209427236482 0.120347036930811 -0.113588697600966 0.0162961801059585
-0.0982818186776223 0.12315426265221 -0.0826736498831569 -0.0812355432340165
-0.186288691368078 -0.00607951143172646 0.00680242983721541 -0.107699799894786
-0.164118250643776 -0.13499280381036 0.0388488923785954 -0.00294161347048587
-0.0665971005747877 -0.151908033700085 0.0625177291829926 0.0940840832508239
-0.122187056223156 -0.0964287388704092 -0.0225879122148884 0.143355295331757
-0.137616084383263 0.00544385659282951 0.0571667752026307 0.190901980676854
-0.0580290775726096 0.0997096364613697 0.138901959732655 0.0919254980339822
0.039764024057367 0.0994124438088234 0.128583411628921 -0.0194422115201022
0.0919908103433249 0.0432699124317578 0.071498989311822 -0.0703547851962489
0.0857041794992287 -0.0170072916059944 0.032058912003507 -0.0549009095892247
0.0707586490098753 -0.0371673592403215 0.0197239980100247 -0.0132134140686514
0.0707339235996822 -0.0302578628367813 0.0299477494472834 0.0266002152174145
0.095787791265061 0.00120240555729838 0.0178851003978716 0.0770563578892039
0.0894323096652188 0.0660547105564491 -0.035102196386244 0.108134182600528
0.0255283066510171 0.109694788039106 -0.10100949083783 0.0475595213487293
-0.094720516746573 0.0978080589196832 -0.0831275629708366 -0.0562120778458709
-0.153079021721178 -0.0259977344684472 0.00959355485442243 -0.0921740061726638
-0.116489460400979 -0.121418078008635 0.0676965403039773 0.0383977546697237
-0.0171498499514303 -0.107408028321157 0.0848481266605436 0.140841972639355
-0.0664052544839192 -0.0950223058149266 -0.0167899581714842 0.14642799402965
-0.102674597572333 -0.0236702231463291 0.0243630257462741 0.184096678152577
-0.058037452333752 0.066332224227615 0.0986145450227423 0.124263175623639
0.0212631719839234 0.0774495126134866 0.133613476703424 0.030918320222002
0.0679704414264589 0.0396454851386195 0.105415374402439 -0.0475344289968965
0.0694791790388272 -0.011487540614744 0.0662187782739377 -0.0584651800186066
0.0572058468471087 -0.0315957307839156 0.0450562411893522 -0.0242029585672702
0.0575202446985267 -0.0266286566374477 0.0539607007865375 0.0151320713745839
0.076318202869008 0.00144712154019725 0.0420962550367721 0.0723637504132885
0.0688050930713742 0.0571179052312499 -0.0115266097278724 0.115996472614431
0.00965898648463209 0.0925802396836671 -0.0905426980885432 0.0683252080730142
-0.0892437554072226 0.0609785886766073 -0.0824333071259434 -0.0349570360381367
-0.10684428233689 -0.0483679065114688 0.00851658831339183 -0.0739043371778267
-0.0539101407896623 -0.0976646582323184 0.0809465753791811 0.0728718106320776
0.0315327630227434 -0.0430881652391677 0.0982899277202835 0.161451631207176
-0.00682669293725805 -0.0671930513237 -0.0120371812175694 0.139696497879636
-0.0499606105554268 -0.0311077150021221 0.00358925271283526 0.168203036908753
-0.0363996783935025 0.0288147697524747 0.0701866275282401 0.137615489963598
0.00794368461218165 0.0400999377747412 0.131764813551946 0.0586798389488724
0.035168924909358 0.0254550649407414 0.124294068083909 -0.0324929334627377
0.0404466322223932 -0.00520654938310786 0.088066578586128 -0.0593231465620248
0.034962950781882 -0.0214080745961807 0.0638960792240946 -0.0310497323050064
0.0395252649183563 -0.019990787216611 0.071420069311737 0.00930867315094679
0.0519889750212385 0.00159422128030606 0.0585881927860478 0.0715240443402302
0.0446757514830391 0.0441781650376686 0.002150140484607 0.122061765583738
-0.00419218588841373 0.0707806440589303 -0.0886412484779398 0.0819960889176332
-0.0777805393594287 0.0234063303407422 -0.0861402377579915 -0.0226427878155598
-0.0541445880582998 -0.0626456988678095 0.00448728515967741 -0.0594354697975024
0.0120856081136097 -0.0638478885977374 0.0768464872205663 0.0982965753965329
-0.0685486640496296 0.0243748539083219 -0.113809568994522 -0.109365110050177
0.0117884698803039 0.0481094356885852 -0.0330201920230265 0.0764339944525793
0.0469656139801396 0.000558420096456737 0.112816655392305 0.0232470684627083
0.00350690730837069 -0.037500509567568 0.109803137444304 -0.110814047731297
-0.0196060564452689 -0.0130632424100935 -0.0300328539162003 -0.156762917434974
-0.015666270216627 1.6634509079494E-05 -0.100852391535137 -0.0747547563550676
-0.0133667122026737 0.00760905424670169 -0.0922620635329447 -0.00159925955332436
-0.00450976183554078 0.00672153451786895 -0.0786574202829012 0.0467008367571003
-0.0023690928242617 0.00128860988838728 -0.0864834014717814 0.0740561165642791
0.00371765469600542 -0.00742623949428942 -0.12380872506168 0.0592115408851708
0.00799194714715641 -0.00371649783189425 -0.145928383506132 -0.0261069880243487
0.0125852827980776 0.00477347603297179 -0.0953559990557108 -0.132325517148776
0.00710744390241509 0.0417998802919083 -0.0328328116736603 -0.162543300527474
-0.0505984772883114 0.0417422752386777 -0.00229762870267647 -0.166613162295438
-0.0972415935218558 -0.0155624450969673 -0.112154112316612 -0.17083123955892
-0.121873907343359 -0.0282874169374017 -0.0863466990282328 -0.102417129304089
-0.049182414640174 0.0429614336616821 -0.0289554964175535 0.0862091744327927
0.00895592455320823 0.035778998137074 0.131828724935328 0.0421122327204529
0.0138681288170661 0.0034925143404362 0.128094056402918 -0.114834852504737
0.0136553728718574 0.00985951689066848 -0.0208359773934183 -0.166502794665086
0.0214757745062426 -0.000280637863914539 -0.0998168207590698 -0.0840645768292881
0.0158821358573185 -0.00905919062602034 -0.0921836125995836 -0.00405026633147457
0.0235307686675908 -0.0120337064938635 -0.0757521639485669 0.0457467808670929
0.0310643776664514 -0.0110229487337906 -0.0752012959001208 0.0759293388899744
0.0504972852001779 -0.000739714029396838 -0.110019315215144 0.0742197257184314
0.0419795828399268 0.0358116692949027 -0.146187120470474 0.00527387223686968
0.00359093136686196 0.0565134516185975 -0.112439950737725 -0.110182297749224
-0.0494491980927262 0.0705873418690757 -0.0493571102676184 -0.155154976563159
-0.124842604095897 0.0203351607409516 -0.00835508228661185 -0.15020203815504
-0.157362854394195 -0.0719186875908577 -0.0910498900913838 -0.141745121398644
-0.157659795616745 -0.0849990104918867 -0.0461970830641979 -0.0744663202884258
-0.113260187525368 0.0234275121275455 -0.0243031944637514 0.105580533979679
-0.0445013629760835 0.0668769591419456 0.148438220410727 0.0800474431857353
0.015513142427326 0.0546346174013756 0.157284124096493 -0.0986146784143559
0.0477129013159246 0.0393172367943424 0.00740709460945967 -0.167352967541987
0.0612434441814887 0.0031597988362009 -0.0815911764557248 -0.0949945853428711
0.0465025315239075 -0.0232484991713191 -0.0801447086002832 -0.0145351414117411
0.0477463436221132 -0.0293078958704375 -0.0610932834485793 0.0365007735966283
0.0559911426871654 -0.023674288999443 -0.0520189604111252 0.0714225226525721
0.0884562387863248 -0.00281376972673059 -0.0796851568182277 0.0886230770946099
0.0807746364098434 0.0571835577794307 -0.13026198469994 0.0495707966792822
0.0188695883661412 0.098639667250832 -0.131139865711385 -0.0664261279900663
-0.081011048188334 0.112607303920233 -0.0741667061787182 -0.136458417017572
-0.180520861831124 0.0212792037053016 -0.0135952473155845 -0.136393831372622
-0.199526770793472 -0.105262886662803 -0.05465975565374 -0.0999498957636034
-0.166995279719825 -0.132919156605953 0.00305707088341968 -0.0267395071932883
-0.162421942035731 -0.0113037428875811 -0.017266944103421 0.127866631561028
-0.102447173090633 0.0809368137209941 0.151534036314712 0.127909328735367
0.00187582409949155 0.102383397440972 0.183593406277795 -0.0550572805554916
0.0710144828725214 0.0720506317445727 0.0523918340349867 -0.148305210406035
0.0949749400817259 0.0116418646952538 -0.0436299475944898 -0.103589273403141
0.0730163499745113 -0.0326982371228656 -0.0548349816328194 -0.0319468070973394
0.064684034986793 -0.042778148350816 -0.0387689815087835 0.0214408551012656
0.0709818971665234 -0.0351128710445799 -0.0224814393584384 0.0596635164608444
0.109250073959304 -0.0100159000984768 -0.040751824287995 0.0935755308059907
0.108594685006184 0.0613734185448889 -0.0972506488464167 0.0881216559250788
0.042018776876073 0.120060729910948 -0.133381216657492 -0.0140639764782187
-0.086358955851055 0.143772046220949 -0.0928332914620123 -0.107875899293225
-0.204620941665854 0.028760655543002 -0.0134972845750874 -0.12539812290782
-0.21385140922809 -0.117404175322399 -0.008024478818199 -0.0538403667284145
-0.145897821767006 -0.159763718811806 0.0527929576491361 0.0342391973937146
-0.17609445447107 -0.0541726094478022 -0.00691394007984966 0.145971436683466
-0.143364637889514 0.0638989293780958 0.133169435974081 0.169671814074504
-0.0257289769626924 0.125855961880753 0.18960078459168 0.00795588564684332
0.0730959665624017 0.0966653386740023 0.0994446493104497 -0.105334661190015
0.110875078424263 0.0242007442110621 0.00746745483186376 -0.101988584453285
0.0884901372067482 -0.0348320769669888 -0.0186127179786498 -0.0502267466929729
0.0719518533483142 -0.050593054602275 -0.0101711212578972 0.00263636533066136
0.0747256976498906 -0.0420153061749291 0.00850043102033931 0.0421126875207575
0.111681289659861 -0.014619204185548 -0.00151752490902961 0.0883767022175208
0.116219891382981 0.0580426477241415 -0.0568232291710108 0.111701661235647
0.0520618636406206 0.121336843364221 -0.120143833267756 0.0314847510762399
-0.0830260012248198 0.144233092191923 -0.0989811815331088 -0.076475226889675
-0.196078530593375 0.0218933121728928 -0.00871658444659951 -0.112976348184147
-0.192237549635568 -0.1170497845119 0.0394303612634287 -0.0102225290173134
-0.0994173997160576 -0.153770359636398 0.0950703339042873 0.0959903326414906
-0.14623545130588 -0.087241017174413 0.00270114937624953 0.158505340555831
-0.148339474499205 0.0241671414447747 0.0998098951467122 0.192469389293368
-0.0507325338011896 0.114924800093819 0.168492454739558 0.0700973171095746
0.056111924705398 0.100509096998036 0.133163468224671 -0.0477907189163686
0.104199559780595 0.0331388619616308 0.0595028097635365 -0.0887676678887795
0.0880928499328722 -0.0300793025731711 0.0219145213731381 -0.0651069157729293
0.068998695106516 -0.0497669034128931 0.0187942279160997 -0.0160946744332966
0.0691508349883652 -0.0421307397075131 0.0367677650761333 0.0238127290052721
0.100094197004058 -0.0133062970801708 0.0313817638739482 0.0789953394118772
0.103320643611933 0.0543174345212038 -0.0214189342457867 0.121993164385193
0.0421698045659116 0.110748997663374 -0.101340045184629 0.0638288692085103
-0.0832234621742042 0.116806919927846 -0.09654111534263 -0.0486229256025382
-0.164461596444957 -0.0039309232739309 -0.00435693016857154 -0.0973945305676533
-0.140582403737821 -0.109593610795899 0.0769454095523012 0.0303226951986123
-0.0389975086823939 -0.113665361241249 0.121284269402079 0.143095797194746
-0.0865087981801981 -0.0938530512655846 0.00812942958866128 0.162880769437375
-0.115014908064534 -0.0120728729847004 0.0626216554183031 0.193284060553679
-0.0555716481123373 0.0782702643289675 0.130581480812482 0.112914354632973
0.0327810588126064 0.0803738243534691 0.147120967737967 0.00624472012810229
0.0781444187824894 0.0326414982734075 0.101668335879183 -0.0698112271152667
0.071358753285412 -0.0215095934190859 0.0586910304880834 -0.0751844687360176
0.0552005070092109 -0.0409227983798999 0.0441736261117981 -0.0318782483895926
0.0559273712550751 -0.0374667410060617 0.0600464542992307 0.00867116994497179
0.0798988991895652 -0.0100148200755011 0.0560522208019415 0.0710714878217028
0.080081731408953 0.0484452605310452 0.00468659824898964 0.126290915251451
0.0236662113314362 0.0952774821160964 -0.0874010561646049 0.0852573447238861
-0.0840370908545705 0.0777173195141525 -0.0936314360067079 -0.0254053208541006
-0.11968484370639 -0.0341808445358983 -0.00351964191713821 -0.0785396118472089
-0.0713924325996997 -0.0945689944238698 0.0967892115454496 0.0649920972014525
0.0242396984406637 -0.0524084735453981 0.131705163342602 0.162244095039427
-0.0187297621703631 -0.0719050430536344 0.00911521933102026 0.155567059458933
-0.058885234989612 -0.0272999484068753 0.0342627213522132 0.182147857774654
-0.0371012166490855 0.0353684895783454 0.100881305809647 0.134547012873408
0.0129925350822225 0.0425227436342167 0.151592035573537 0.0379875504979234
0.0412152296749263 0.0220783591070554 0.125949560977061 -0.0557276465027749
0.0420191613699599 -0.0120589838841049 0.0825506384384605 -0.0796868261776579
0.0328718539177832 -0.0270699092262309 0.0622736045976971 -0.0416287837083408
0.0375217048483248 -0.0269450388130846 0.0769307823177533 -0.000581756671912625
0.0537725515381781 -0.00623359153527997 0.0731815108749786 0.0678403384618837
0.0530371619682523 0.038358228702353 0.0204857116779656 0.130663713905155
0.00572904116980662 0.074652949680186 -0.0825455640785561 0.100043990571655
-0.0774724577338187 0.0365437997089364 -0.0953717294734721 -0.0110111620315235
-0.0662653763666755 -0.0566165235173637 -0.00563411184628486 -0.0631997109745514
0.00333085793983806 -0.0685626057238646 0.0966481187280189 0.093024220375397
-0.0690298704460625 0.0311286617675129 -0.127608334152734 -0.105108607480822
0.0163622060450091 0.0493748103753131 -0.0301065478228913 0.0836642117717046
0.0483941219685352 -0.00363944348253068 0.120082336955238 0.0170219655335542
-0.00036485052252865 -0.0385917097156037 0.107405634105123 -0.124863019300051
-0.0215034743962016 -0.0108596003535163 -0.0430010779724306 -0.160791005926042
-0.0165578202755991 0.00133365120395929 -0.110513212401108 -0.0704439058904026
-0.0133403735746542 0.00993382105531457 -0.0959683659245631 0.00386854108213918
-0.0035237859406275 0.00766607850236308 -0.0772200463631217 0.0536856972789266
-0.00145164607588751 0.00151048887890137 -0.0828146660102755 0.0831250000611041
0.0033743167908247 -0.00821957043040391 -0.122599183437156 0.0711835669764146
0.00747362059719453 -0.00434691995547715 -0.153115312511085 -0.0159193590708026
0.0125165611311248 0.00482510319431389 -0.110362639806406 -0.131427024854515
0.0111525293471904 0.0424741170728626 -0.0455795256949511 -0.167652582405485
-0.0483114766239604 0.0469628276926786 -0.0127098075835237 -0.174760999226784
-0.102122585832871 -0.00801726873391909 -0.128225716020166 -0.16935270429112
-0.128801657706875 -0.0187388161861098 -0.0990915651767743 -0.0997193033439105
-0.0473105165462004 0.0487944680384544 -0.0252287565520644 0.0930727985694989
0.0118413380069314 0.0358332898497818 0.140876259133796 0.0347804069417211
0.0132571783105182 0.00206441288394186 0.126036387175035 -0.129450022322687
0.0148293032624146 0.00946285772435133 -0.0338531666793763 -0.171798266121211
0.0219126936884147 -0.00173374934780152 -0.109505994727564 -0.0794717548392623
0.0159481139989102 -0.0100699556249261 -0.0956018793884703 0.00154196140340743
0.0235363212657385 -0.0137312856604297 -0.0736367502895819 0.0521264522139733
0.0316324747162771 -0.0136334241956321 -0.0707911162930875 0.0839735620657084
0.0520341903769278 -0.00491899148927009 -0.106768710556241 0.086238658466019
0.0454750564907933 0.0335108129761648 -0.150712418186626 0.0170598225753645
0.00689316019342686 0.0583186242691877 -0.127320187663497 -0.107145101443412
-0.0459035322763447 0.0762876637403225 -0.0623717995832447 -0.158344218628608
-0.12604802932239 0.0305532941311401 -0.0179204835219589 -0.158172800729694
-0.168296535304535 -0.0621462914910976 -0.104432403693027 -0.140431434776787
-0.170500332530607 -0.0746698079104676 -0.0555580777160176 -0.0742558598123986
-0.114690484927214 0.0326372888694787 -0.0197144643500506 0.11326138344397
-0.0405171691682277 0.0722677957876214 0.161217793726329 0.0731962248133446
0.0194123840672286 0.0549346480394365 0.157848590551195 -0.114247496479187
0.0523715951550148 0.0372148738375902 -0.00405210803715148 -0.174842819146534
0.0630937383074497 -0.00165709153886823 -0.0913588953881688 -0.0929970039895189
0.0461113029203819 -0.0274288778093622 -0.0837744539545219 -0.0101429256792136
0.0467792782151426 -0.0335204012054251 -0.0594744668172699 0.0420202774680421
0.0571477259568019 -0.0288197044232017 -0.0467842756569898 0.0773653362011236
0.0911199197903913 -0.010339134339653 -0.074882187420476 0.0981719662086118
0.0875686161233981 0.0527921601749556 -0.130260161781467 0.062033427559413
0.0264948978895936 0.100536618281618 -0.143111860134905 -0.0605647996640637
-0.0746661955623496 0.122287743107471 -0.0880800623364789 -0.138398932133878
-0.184071557621007 0.0363494385481135 -0.0227584461595385 -0.143369056840434
-0.216009790356063 -0.0934660252946654 -0.0641011932829551 -0.0997462049307004
-0.184013027540226 -0.124037408442401 -0.000726649942916015 -0.0287784338865865
-0.168678564582987 0.000690801043473751 -0.011159941015443 0.135029684034045
-0.0989236411527614 0.0910382420321494 0.168871035020731 0.122398238578697
0.00905721815850588 0.105296968541858 0.188918791479673 -0.0703810067377589
0.0788618032590001 0.0686988863191416 0.0433923490693146 -0.158354613366915
0.0987750361126523 0.00425095846797787 -0.0535846244097269 -0.104206347656796
0.0722855465770522 -0.0391416205067379 -0.0588173170853824 -0.029395069756768
0.0628610109493288 -0.0488474129229656 -0.0373630656146872 0.0249763151158063
0.0708124438130305 -0.0413412175175644 -0.0174712285354948 0.0625756062940298
0.11185512625254 -0.0192089995962791 -0.0336807276222974 0.100456498740995
0.117363897756889 0.0540128069777107 -0.0924696051273632 0.100166604007671
0.0526838756287114 0.120738715063901 -0.141431624362585 -0.00577517942117948
-0.0776834038260991 0.154699646957451 -0.10644364585801 -0.107103514456098
-0.209127571471352 0.0465179626523339 -0.0233589066952536 -0.1316333223426
-0.230582709295486 -0.10507796245415 -0.0124821637341824 -0.0558685434603525
-0.164484002575527 -0.153490523055819 0.0564019863852381 0.0306291625098975
-0.185983457533139 -0.0423467981875831 0.000225506949464503 0.15281559328551
-0.143438421302691 0.0761686544802759 0.152278368736868 0.16828020861219
-0.0172732468618653 0.131694054878096 0.200062077651061 -0.00483450646986159
0.0831867303291895 0.0939741463620247 0.0965662326139944 -0.117780522737035
0.116961746149714 0.0154651288339124 -0.00024321277036066 -0.106752048528586
0.088045998068977 -0.0428442703780392 -0.0226785875736975 -0.0507555500753611
0.0693436991108478 -0.056991770580161 -0.0093963804668742 0.00343454633665113
0.0741140595156394 -0.0486054535563751 0.0128626183198 0.0427801013375645
0.114151143087422 -0.0244059948838339 0.00649950595636915 0.0919345376835959
0.124743948543769 0.0501054813616397 -0.0493877052590366 0.121254119895907
0.0627752337488753 0.121249144731057 -0.12384614175243 0.0414931683162066
-0.0742938730130941 0.154962010862094 -0.111304456035536 -0.0738147088462347
-0.200626677843311 0.0386945695334045 -0.0180518789157582 -0.118797585286231
-0.208498327325909 -0.105566792873834 0.0402554372788266 -0.0141246241509819
-0.115309156431681 -0.150828133428037 0.10461858208646 0.091022392829121
-0.158651341021639 -0.0793026188078478 0.0115182609586314 0.164850639496188
-0.15161522593281 0.0356814592535489 0.118107190362716 0.193792653321122
-0.0441016186574585 0.122197195798316 0.181674358708805 0.0612469817631052
0.0662988389389509 0.0993747453234064 0.13637719098441 -0.0606047973153883
0.110731034283155 0.0254540229031184 0.0547849143525634 -0.0972122812361539
0.0878933184628065 -0.0380826457482464 0.0177508439840451 -0.0695801476571969
0.0659948657949169 -0.0559065519816718 0.0185689978461891 -0.0180962042249066
0.0678665321695847 -0.0490854862204801 0.0405583134877474 0.0215902824976971
0.1025860211624 -0.0219459438844475 0.0393076551440865 0.0800820119334597
0.111149780893758 0.0470554894320978 -0.0117465925689454 0.129792085376333
0.0515117370365908 0.111207463423128 -0.102197517271184 0.0738791966579023
-0.0764336772017392 0.126776187389531 -0.106393242281113 -0.0447645696742899
-0.170150783939214 0.00984680698374335 -0.0130128341685802 -0.102358780593677
-0.154087440952075 -0.102101807952018 0.0819155302430993 0.0250684469594923
-0.0495133927396384 -0.114232594705973 0.135443940647883 0.137679795544633
-0.0969181829964942 -0.0906731851343785 0.0174358905882871 0.169371809870042
-0.120036364881056 -0.0042246284504859 0.0789911172639965 0.197080196780628
-0.0514418779022767 0.0853423723138665 0.146005882587293 0.109022049066075
0.040326661604428 0.0804454889000109 0.155181338350244 -0.00547569345497994
0.0843281366589738 0.0265960835464395 0.0996174368771482 -0.0807499546636763
0.0716218810215739 -0.0283770956144037 0.0546582281617556 -0.0823118318321712
0.0527218353350262 -0.0466371132098513 0.043250393464889 -0.035779084241777
0.0547614899835123 -0.0427643020451067 0.0633190095710487 0.00453032357709283
0.0818128979992928 -0.0166176371174884 0.0639722276101083 0.0702050441168149
0.0868588028842351 0.0432921579368683 0.0158710372440825 0.132336154975414
0.0312023883610263 0.0966679282288179 -0.0851692031564757 0.0955267491508399
-0.0806560966398916 0.0864891817844541 -0.100937546497334 -0.0205093089188898
-0.126528881431284 -0.0257532670313354 -0.0108246705964898 -0.0828816134212306
-0.0811205545358392 -0.0917829761025898 0.104893207802748 0.0595458567962375
0.0204105734194338 -0.0557055712386124 0.148387217250438 0.157336441062791
-0.0255029605816156 -0.0733541909379285 0.0187213442789785 0.161907120649672
-0.0632205878001269 -0.0240933586367711 0.0488197490798409 0.187800925323169
-0.035402255149419 0.0395265391989287 0.116709330083357 0.133932793601982
0.0170574446046928 0.0427183940052651 0.161869374486806 0.0270033079116662
0.0454288754277655 0.0189686806974603 0.126060121655345 -0.0689171859486498
0.0423639666516638 -0.0154539849278202 0.0786506461746453 -0.0889842291227078
0.0313472271553343 -0.0305767773503461 0.0613358725034977 -0.0478895814590342
0.0358369712056025 -0.0308611711008957 0.079641377502136 -0.00662454941854107
0.0550198051550705 -0.01062538343725 0.0817879716516979 0.0654653799291014
0.0584941293339446 0.0352129454906049 0.032102338052017 0.135333940556054
0.0113885481052556 0.0769017055709513 -0.0792337814455709 0.110390226977812
-0.0777566807364336 0.0435991393554032 -0.1012891579081 -0.00521226421302107
-0.0735557455219403 -0.0535853261398568 -0.0113243655526854 -0.0665217819336428
-0.00130799786029709 -0.071727030974321 0.1067026353997 0.088144656833928
-0.0651936351590825 0.0365915770207234 -0.134771020594156 -0.0948097807430979
0.0201538007313691 0.0476180749162567 -0.0248668023753311 0.086817500252209
0.0472018995916055 -0.00754785916215401 0.120674328130181 0.00958037678840169
-0.00413831862425747 -0.0375049533437667 0.099542698840301 -0.132508829523309
-0.0218867242395764 -0.00917274432786548 -0.053546247649038 -0.155969437417329
-0.0163133219248783 0.00288587724859358 -0.114145065744344 -0.0627698848985619
-0.0118904933924935 0.0117001585876631 -0.0950605145442303 0.00855418666360486
-0.00244326860037613 0.00776289185107028 -0.0728735641717947 0.0577438457926107
-0.000388565522396711 0.00111328136549081 -0.0754573095579401 0.0875248818309093
0.00288486521720998 -0.00799614789971412 -0.115289336886498 0.0784279722888258
0.00657127288042765 -0.00414384395662717 -0.153084638503002 -0.00490992909798708
0.0124240067460426 0.00438206769625101 -0.119168193755249 -0.123601248774318
0.0140684912143429 0.040413685231845 -0.055080274025118 -0.164187084252121
-0.0435737571360643 0.0490235083094426 -0.0224353363066426 -0.17424754690991
-0.101054531637654 -0.000307790200668468 -0.137044390983137 -0.158172628673977
-0.127914262879817 -0.00870714248244454 -0.106422888237137 -0.0915455443134423
-0.0426725257946625 0.0510908494509132 -0.0202081549267199 0.0952898227879959
0.0142944511715259 0.0337180149115694 0.142978506901916 0.0261334434229842
0.0120272932470162 0.00121361992729123 0.118110194122958 -0.137438613825939
0.0151262875892383 0.00872724607792412 -0.0452482579808714 -0.167679415631321
0.0213254561512276 -0.00309224825694205 -0.114002066418865 -0.0711796393432433
0.0144746452248057 -0.0102821651514117 -0.0941778941550403 0.00629999496154213
0.0221987989374413 -0.0147647047775646 -0.0687814488139577 0.0552302975623307
0.030928369697016 -0.0157202455675706 -0.0635683867053148 0.0870655928949592
0.05112942124925 -0.00844998236726785 -0.0983658092101102 0.0915973004769605
0.0468306265905644 0.0295750962229828 -0.148128952509028 0.0277954864633993
0.0103772802772404 0.0571352917948826 -0.134445490473552 -0.0984973222847421
-0.039783852291763 0.0778134559468526 -0.0720219008811099 -0.15466516846556
-0.121450626920446 0.0382238434455454 -0.0266882809577938 -0.157252977443055
-0.170704611434978 -0.0494031471671252 -0.112478562975814 -0.131421365358805
-0.173571283160717 -0.0602333769463251 -0.0615346181582682 -0.0693189192375884
-0.110176964770033 0.0405219759921211 -0.014090370175399 0.114602148551997
-0.0345927423277656 0.0738601415197002 0.165963550858418 0.0625636085151612
0.0218385649793186 0.0524875477543929 0.150738226613352 -0.124080112207336
0.0543890443026788 0.0331863091317955 -0.0162093408119747 -0.172554027794108
0.0619532212415155 -0.00607035284310581 -0.0970114545197629 -0.0852401709547228
0.0427499578249697 -0.0300606872379922 -0.0828081543906784 -0.00554871481455949
0.0438488466566226 -0.0354678738287471 -0.0555602898616831 0.0444575833338198
0.0548318058385683 -0.0319844075587956 -0.0397517384479262 0.0788413941087222
0.0883317848317451 -0.0171062626183774 -0.0650118817447769 0.102087255125982
0.0894481905538776 0.0449321567446594 -0.124038411044676 0.0712942783214669
0.0323086959940574 0.098020122866619 -0.147905795427401 -0.0502124970993291
-0.0647871088196362 0.124637896301861 -0.0971303605401725 -0.132700252585629
-0.178308691304191 0.0488742974287405 -0.0317001892857973 -0.142611200600917
-0.219698736244412 -0.0777412650107851 -0.0699539709909055 -0.0943063664652147
-0.190187341240268 -0.10859723207799 -0.00558567062058802 -0.0285736398880612
-0.165499363045022 0.0126016200945615 -0.00490161641998412 0.13535361623238
-0.0907892264123246 0.0956489021011298 0.175289222097181 0.111545852005123
0.0152718180381842 0.102751693977917 0.184854521243438 -0.0819522520723947
0.0823926568895796 0.0617825388644295 0.0332736916816648 -0.160803719604461
0.0973627795935118 -0.00373392999333547 -0.0605005389552757 -0.0991298413058475
0.0679310673808087 -0.0431387531380823 -0.0595917860466804 -0.024745747432455
0.0580668942817599 -0.051662912530166 -0.0343138055867287 0.0262232597155155
0.0674951268701721 -0.0455209898048206 -0.0118365166515653 0.0622718098645869
0.108494912152109 -0.0272107419820032 -0.0247436975167857 0.101702641147245
0.119013433425977 0.0442241147243721 -0.0832050023554971 0.106063782111905
0.0591552289471327 0.115429703011034 -0.142229802271217 0.00363425216245137
-0.0651976223606811 0.157414755939434 -0.114372598231353 -0.100492990000317
-0.202085236613097 0.0606410793347475 -0.0318514696116476 -0.13042673361546
-0.235040084551584 -0.0878110464772052 -0.0165093331167069 -0.0544941587300092
-0.172998514629876 -0.138874861733773 0.055459263184787 0.0253130263853882
-0.186061478406034 -0.0281981154117121 0.00759687271247983 0.152227499732123
-0.135620938230308 0.0841776760480434 0.162959404973815 0.156835866464521
-0.00861559767746676 0.130943557186048 0.199528626780143 -0.0176894979589446
0.088570624106631 0.086371556435237 0.088093193800338 -0.124088573019557
0.115946582797377 0.00593911596376214 -0.00820219605668517 -0.105540942752982
0.0829046702757856 -0.0484057746815321 -0.0259676666326868 -0.0480293355593926
0.0633614612952008 -0.0603798368838531 -0.00877262746700031 0.00353733931993934
0.0692386810184249 -0.0533691034047534 0.0166066117877014 0.0409638051611642
0.110681558388985 -0.032103426721023 0.0140153740299428 0.090819617055422
0.12625708839218 0.0395678309135517 -0.0383197603820313 0.124733628919337
0.0698044803472945 0.114638644742806 -0.121297505975622 0.0492836503913616
-0.0618651688547357 0.156931469961819 -0.11719215062788 -0.0671339135706655
-0.194467053098468 0.0525499465389979 -0.0267927260880661 -0.118378898391364
-0.213389372822628 -0.0900018222696396 0.0381380398672944 -0.0166060369020732
-0.124564999131132 -0.139797107654397 0.108045123768562 0.0816660555936777
-0.16158876729987 -0.0675104798950253 0.0194799690253327 0.163468135479703
-0.147267425346804 0.0443364838615618 0.130239063279697 0.185380820669978
-0.0358287835089425 0.123196891243876 0.185380778434077 0.049311618963247
0.0717219069105222 0.0927504005136288 0.131885498520186 -0.0700958665936846
0.110619002706038 0.0155393766616337 0.047298831702847 -0.100287468405621
0.0835366444239264 -0.043690139788647 0.0125231044426006 -0.069503673674742
0.0599241599041437 -0.05885278342788 0.0173654503654091 -0.0193827270541034
0.0625667693957296 -0.0531117726022687 0.0420532817205797 0.0187308009521347
0.0990245563621781 -0.0291958144931409 0.0452942777246061 0.0766317811068495
0.112872484584231 0.0372772566789597 -0.000488115637827763 0.129848347380611
0.0583076964426876 0.105508702215377 -0.0978952655263091 0.0798751367909749
-0.0665852288439879 0.129127834100643 -0.110476038352193 -0.0381925777731798
-0.166701999986002 0.0219932856111522 -0.0212093665409526 -0.102307193918399
-0.159098738444158 -0.0898338131973506 0.0821643543862467 0.0187780238966354
-0.0574070754601311 -0.108756310189831 0.141544761120993 0.126584264625841
-0.1023267837738 -0.0830241881771181 0.0258131900264881 0.167612843036652
-0.118960576494438 0.00312616285248781 0.0915127341016301 0.191692399404021
-0.0453564624613391 0.0879226023545897 0.153191194079067 0.0996521400661057
0.0450885534334404 0.0759915063048172 0.154479083862342 -0.0174523531301759
0.0850914668102379 0.0192881242261123 0.0927656602238072 -0.0872444837133501
0.0678261697478856 -0.0328513786734411 0.0475365466582187 -0.0850207407232695
0.0472829903617825 -0.0487063432588671 0.0400753100706256 -0.0384876624995793
0.0491803075307223 -0.0463322046223762 0.0628942889419787 -0.000224950655416508
0.0788071505121049 -0.0227527141118829 0.0685308885982851 0.0653312940620362
0.0892006255831887 0.0360184896853413 0.0257211183435347 0.130904311646568
0.0373784245970249 0.0927318440367837 -0.0790024675066442 0.100680264889437
-0.0729629628480225 0.0898608813625262 -0.103198506643971 -0.0141362569511347
-0.126791105964925 -0.0156107021613677 -0.0175423371368151 -0.0823392334623885
-0.0858543783424531 -0.0852441126791252 0.10740627993836 0.0510534108442915
0.0157947578879057 -0.0557127700846941 0.156064922238284 0.144903823837361
-0.0303453715639508 -0.069992300403532 0.0271008898409405 0.160291267013608
-0.0639145804386757 -0.0196913795257099 0.0605066741318471 0.183541060984705
-0.0327463481715629 0.0418664559291785 0.125873883751726 0.125994294957089
0.0194284515374695 0.0407516210039878 0.163114915830893 0.0147453586493484
0.0462410390889173 0.0143961068135518 0.119606896419327 -0.0772043956124254
0.0401818504252075 -0.018711328591826 0.0711754523643281 -0.0935580027758182
0.0275283476912503 -0.0321154155124938 0.0568588581673912 -0.0514734367527553
0.0318983232434551 -0.0332015358618913 0.0786401212602054 -0.0113357359367174
0.053297904410435 -0.0152401595425088 0.0848564389136683 0.0594496879591003
0.0604085422203279 0.0300579795577553 0.0416437061882954 0.132208249737599
0.0169146718390051 0.0749969256298681 -0.0715500873913998 0.115028605213688
-0.0734608378315525 0.0479113735389122 -0.102218355768869 0.00117484479548175
-0.0760819917429261 -0.0470144478128343 -0.0167816655016595 -0.0656906315578487
-0.00611493139267458 -0.0705424528947329 0.11167085577351 0.0787074364484325
-0.061110393626444 0.0383297264811217 -0.134394964556058 -0.0867591113385448
0.0216761019760446 0.045267243342123 -0.0225747083071236 0.0863465596400269
0.0451086633499724 -0.00917530696773079 0.118472074654155 0.00702495408698529
-0.0055954138593009 -0.0354233623023538 0.0942544592126787 -0.132237559265299
-0.0211373091690523 -0.00769801799423064 -0.0556995194546303 -0.15006444821269
-0.0161364037979088 0.00368783765393931 -0.112524689931657 -0.0575151461075871
-0.0103346754949385 0.0121798720657567 -0.0923578222496853 0.0102706724830359
-0.00174264913006967 0.00778958367852706 -0.0689503553118369 0.0565887972200488
2.2556291680394E-05 0.00122040959551018 -0.070006102444561 0.0858219917577041
0.00203688680087155 -0.00750092652507229 -0.108809380205787 0.0797065554084261
0.00549690564234014 -0.0037616114965731 -0.147815174775889 -0.000799662829869142
0.0120575784279012 0.00393687379583065 -0.119865867465129 -0.117242832890189
0.0146185782743382 0.0374181186776682 -0.0568170525315245 -0.157804158651192
-0.0403121836475979 0.0473737852743845 -0.0245630670902734 -0.169788528643365
-0.0978857589582764 0.00249152479480093 -0.134777614286595 -0.149421536356001
-0.122926375814948 -0.00335983721575651 -0.107551469374259 -0.0849513240767087
-0.0386140947310265 0.0503268626074036 -0.0182627587777405 0.0948308066543592
0.0147782694412796 0.0311107589736781 0.140677182382894 0.0223762602563061
0.0106376061641175 0.00145752412115382 0.112053846867066 -0.137055413678114
0.0147228326166898 0.00831117573939239 -0.0476224068961766 -0.161002935324602
0.0201095439989777 -0.00374909285877676 -0.112124369789853 -0.0654758807672494
0.0140476121567732 -0.00929867578544195 -0.0905986213837064 0.00792575764940292
0.0216527038429525 -0.0141918156329324 -0.0644074546536444 0.0544873983153279
0.0300027562121342 -0.0158842742446249 -0.0582761081012781 0.0849709723637726
0.0486070714994816 -0.00950724081873981 -0.0913777377761173 0.0914071104254614
0.0454511983993641 0.027417356380089 -0.141885686521752 0.0310264206680696
0.011344795959301 0.0553655260943157 -0.134628411224357 -0.0923012126231972
-0.0363563025782491 0.0749935041452622 -0.0735794483684587 -0.148790123290111
-0.114994220094335 0.0397278811298437 -0.0283103011645941 -0.153160645491713
-0.166298778043919 -0.0430752866340723 -0.111182874280232 -0.124371110644331
-0.168033075816472 -0.0518685698260266 -0.0640705436389738 -0.0648736534984607
-0.104158733382427 0.0420745679115506 -0.0131141630287205 0.113041014652449
-0.0314428094518511 0.0712913677434879 0.163565725660856 0.0572803943656182
0.021318431843395 0.0500420894860725 0.144217170711545 -0.124102616469274
0.0527924012865212 0.0304692560980543 -0.0193897060076963 -0.167435895959225
0.059406250248998 -0.00806609609710703 -0.0958260090666781 -0.080263129997525
0.0400931195246667 -0.0290152141597359 -0.0797811219389887 -0.00350330544183547
0.0413030342162556 -0.0347519787542478 -0.0515047891984378 0.0438944447716289
0.0522691347008588 -0.0324835492979719 -0.0356381630208167 0.0765949918998697
0.0844459021248937 -0.019279949574549 -0.0589515395308287 0.100623859466866
0.0867058701797322 0.0403696425503238 -0.116611391048517 0.0726662056741249
0.0331692599321729 0.0929541212194229 -0.145944860877527 -0.0459764536180769
-0.0588469594643447 0.12053567359539 -0.0985020950094241 -0.127214469123892
-0.169303114607749 0.0514356215516249 -0.0338698380045009 -0.138860700105676
-0.213859406149698 -0.0687880470318548 -0.0700512533227439 -0.0896120502047256
-0.185794302285228 -0.0978323270147282 -0.00828613221789637 -0.0275700668593845
-0.158584646366211 0.0167222895762911 -0.00370119176091649 0.133231483441259
-0.0848970670384559 0.0942166992790122 0.173582682453381 0.104620352937915
0.0167162115149522 0.0986137086131749 0.178098967535126 -0.0841551874220237
0.0812824743785701 0.0569822727652678 0.0278173575727898 -0.156508709123801
0.0934708423538173 -0.00699098865835916 -0.06080654481694 -0.0943850110666672
0.0638650731387686 -0.0431394263588983 -0.0579506281747551 -0.0231179258717033
0.0537155870854128 -0.0505508458372273 -0.0317882693660073 0.0258281210712833
0.0638112597452208 -0.0456904716387687 -0.00854234642497022 0.0596616674298068
0.103541192231517 -0.0298255946853948 -0.0200148126112292 0.0985652181121774
0.115547062362951 0.0384840163318573 -0.0757157094471054 0.105402883267434
0.0595933227785599 0.109333795094077 -0.139757966202804 0.0067527274639003
-0.0583065503347478 0.152374158097689 -0.114495491876731 -0.0958371819749236
-0.192032413129221 0.064187535032409 -0.0341827166037779 -0.127483525185403
-0.229822996279258 -0.0780309057023516 -0.0177081946573626 -0.0519169806109541
-0.170080368807287 -0.127752810688731 0.0516179999748227 0.0223556450001588
-0.179395017399592 -0.0224042486950818 0.0081246752054339 0.148360422797552
-0.128523029532239 0.0836384773217743 0.162005387692145 0.14968015307071
-0.00513679231176117 0.126204529531823 0.194462520463665 -0.0216841654771888
0.0875967287658334 0.080369446373872 0.0830219562256204 -0.123514769038786
0.111361103557536 0.00141198562372416 -0.0108221650000202 -0.101883670189646
0.0777073247878678 -0.0486258877237962 -0.0258493465782596 -0.046000865545084
0.0590717274869887 -0.0588981134037082 -0.00808992631984692 0.00298159929349203
0.0650173929747846 -0.0531738444639495 0.017736862922258 0.0378448518310627
0.105478800762768 -0.0347886508021438 0.0165482088903023 0.0873994593295371
0.122209849708878 0.0331631425865823 -0.0317108278247623 0.122461176409396
0.0695407885348356 0.108288788094373 -0.117797340394095 0.0510197543261468
-0.0547942610688175 0.152131953996355 -0.117363451095195 -0.0630511042826549
-0.184605788318358 0.0562168805054528 -0.0308191832213422 -0.115247902917559
-0.208579956850912 -0.0809409469653343 0.0360591726590132 -0.0166208845471896
-0.123793131238436 -0.130429685350756 0.1038497143835 0.0750815229696587
-0.157712775115625 -0.0605025503544341 0.0202526071061211 0.158326753437734
-0.140626061300157 0.045966802906684 0.131238539720103 0.176506565640197
-0.0315389355268704 0.120205627704592 0.182458941593925 0.0437787481322337
0.0719476981764721 0.0874650472466252 0.126236740021304 -0.0728048450296568
0.107433287680763 0.0106307207536423 0.0426231026358856 -0.0986030662931981
0.0786237499287739 -0.0444994956204889 0.0106580274691577 -0.0674286868707008
0.055282251961264 -0.0579029517434421 0.0166581473791155 -0.0192081074611784
0.0582935869193938 -0.0527594095167723 0.0408902196145781 0.0157100559398418
0.094302693315186 -0.03087753738744 0.0465497995647533 0.0733198231636287
0.10967501943552 0.0322062402776113 0.00441263533601698 0.126446829352846
0.0585267597960883 0.0999764196076964 -0.0934781847610106 0.0800429825669444
-0.0599414662691526 0.125432706651063 -0.110253072538808 -0.0347941764096818
-0.158975132801455 0.0262988342063599 -0.0251354200818549 -0.0994599176174572
-0.155641553681511 -0.0823043863031939 0.0791796584536098 0.0158204137294527
-0.0581809866172024 -0.102868873519076 0.138430454317643 0.117650874466486
-0.101241596993777 -0.0770595024030414 0.0265184886976622 0.161901959177792
-0.114572720677595 0.00556310649321989 0.0931287567484103 0.183105575518822
-0.0415718740328705 0.0858074871109545 0.151944009701374 0.0932812385219217
0.0458983143196294 0.0718724529300172 0.149729310976202 -0.0222596999889896
0.0830550393589677 0.0147667147111164 0.0871830810546954 -0.0878332756163393
0.0636277069330428 -0.0336736929609816 0.0430751012908856 -0.083581178703977
0.0432357200703169 -0.0474017165944404 0.0378734703280427 -0.0383229751844308
0.0451121346231689 -0.0454382271536727 0.0608211884081295 -0.0014856871592177
0.075195353257943 -0.0238737556024135 0.0685622498459834 0.0623338582519922
0.087206058263821 0.0313795631851524 0.0304110957482636 0.126401622179809
0.0382090277954811 0.0886188334710517 -0.0753613640854842 0.099907271179688
-0.0684408329386811 0.0882785631329137 -0.102080619237375 -0.0116747523713917
-0.122348276139309 -0.0112406479451141 -0.0206607834888539 -0.0799463042402961
-0.0849424100045844 -0.0798309423686478 0.105296808891207 0.046510540465571
0.0136476377335837 -0.0537045137145765 0.153175500254423 0.134593147207995
-0.0316847101778485 -0.0660968789394301 0.0287228088874535 0.155143491777217
-0.0623324701497296 -0.0174804196055701 0.0630784636472408 0.177314058417582
-0.0306976080115776 0.041258895907697 0.126716834855197 0.119775187915917
0.0202606806133138 0.0387450687520067 0.159335866972764 0.00830836982591679
0.0455061925565922 0.0110718951478753 0.113529436071128 -0.0791966853660387
0.0377198964302545 -0.0194130649550743 0.0653634854269207 -0.0925054452584777
0.0246949243882348 -0.0312736576889385 0.0533432380199731 -0.0510628102015286
0.0284436167717102 -0.0325883140564654 0.0757842380327506 -0.0132196141404729
0.0503639741314852 -0.0162464330501907 0.084322928421198 0.0561902861806423
0.0594411362327014 0.0268116738778683 0.0448116784953751 0.127836247671364
0.018480450058854 0.0718276337308053 -0.0670891266458179 0.113516203344004
-0.0694672813500411 0.0481822751506933 -0.100315353059397 0.00281439663893476
-0.0752292232644267 -0.0425566001145049 -0.0192234306725123 -0.0635900597438729
-0.00778836518641902 -0.0680434465239344 0.109951688963428 0.0723041496744229
-0.0601090052647598 0.0367414404525147 -0.132639396013168 -0.0860941300643416
0.0217239387494161 0.0443000927253721 -0.0240192799987677 0.087030845262055
0.0446795173503771 -0.00848950020296805 0.117478732157118 0.00960354783879171
-0.00544698345433206 -0.0343040403424921 0.0956881383080326 -0.129882798026814
-0.0207779665107497 -0.00707591482031963 -0.0524014046174801 -0.148649716432001
-0.0159438094472505 0.00371344271357412 -0.109698802607027 -0.058131673166058
-0.009721222606426 0.011768412530424 -0.0913663977855253 0.00809046467414106
-0.00107174218641725 0.00784149915550479 -0.0679895428501549 0.0539695806392343
0.000443931291156111 0.00065423819720735 -0.0699560298132572 0.0831167161409323
0.00205422426371508 -0.00759666830043452 -0.106822310229573 0.0766691904572644
0.00509670573326947 -0.00300167352450081 -0.146082789995511 -0.00291212683287878
0.0111789738981259 0.00429536470078445 -0.11742413170887 -0.117504442866155
0.0137598742483379 0.0362418539996406 -0.0525191704959729 -0.157563293410758
-0.0395050747875361 0.0446913056265268 -0.0191178286670008 -0.169144965435324
-0.0958508720072725 0.00168261722328604 -0.129282031687639 -0.148280171694104
-0.119468018466771 -0.00382219491971026 -0.1066784504951 -0.084059620944955
-0.0376337892446583 0.0486373610908494 -0.0209840140043304 0.0952428609207272
0.0140528352372363 0.0306557155900568 0.139058700279566 0.0251299764367539
0.0100045725808689 0.00192134189035214 0.113413030515671 -0.134054681861132
0.0144530143887152 0.00857371567754105 -0.0449906891094121 -0.160077546894354
0.0192951166914121 -0.00323144258997399 -0.109376931699431 -0.0664309208109869
0.0142062145291953 -0.00838966100663843 -0.0896923013182022 0.00562466011286493
0.0216293784269495 -0.0133077058626514 -0.0642152549653117 0.0522182048522539
0.0301734690698588 -0.0156251360503264 -0.0577145265466913 0.0819787881236982
0.0478160980861066 -0.00874715715289366 -0.0899199700199471 0.0889262677691732
0.0436776064950191 0.0275675482422235 -0.139478156858719 0.028476009377004
0.00937908951173752 0.0547964683294889 -0.133142251887607 -0.0932943527740319
-0.0367293747804216 0.0717300673490103 -0.07040722655746 -0.148734700429436
-0.112549650279631 0.036082578706725 -0.0245123597001391 -0.153272060151439
-0.162331670164102 -0.0440190121922968 -0.106583148727852 -0.123480486034243
-0.16341353342292 -0.0521068703657642 -0.0647379167882495 -0.0644410699251148
-0.101838769694501 0.0400533537698644 -0.0156071997851985 0.11281776326584
-0.0315375745287301 0.0683442018732297 0.161637958459719 0.0600751940798023
0.0197480281222615 0.0494871094680554 0.145339082371154 -0.120924226647238
0.0518997885717939 0.0300393755667497 -0.0170829681036039 -0.165456397837703
0.0575753632172226 -0.00753275706940591 -0.0931351333469867 -0.0800183868418134
0.0398826116461589 -0.0273523623977054 -0.0780259147746356 -0.00526930490181771
0.0407556975066367 -0.0332797750413907 -0.0509368390910838 0.0415224022677413
0.0516271362261348 -0.0315277849772871 -0.0354512631633606 0.0738392798234866
0.0829451402304896 -0.0182551174343851 -0.0582983915076821 0.0977977469420936
0.0845262921304352 0.0403244477730945 -0.114912965072518 0.0706166187133964
0.0306288570178176 0.0922296230179384 -0.145050963238524 -0.0473118918282828
-0.0594283121610337 0.116691850914309 -0.095934104467054 -0.128613674693361
-0.166153757857279 0.0475919865272743 -0.0306015017165335 -0.139150312775637
-0.209510642977071 -0.0704430422894164 -0.0671787758914177 -0.0880772115090014
-0.180151223166638 -0.0966609615502304 -0.00995083737210481 -0.0274175728345893
-0.155150784842782 0.0145100105355289 -0.0082174233986971 0.132628391919673
-0.0842352344373568 0.0901054445714229 0.170191075963725 0.106841914477841
0.0147779783464857 0.0965893056571144 0.178580104088916 -0.0805078255399139
0.0791776562012175 0.056578379282609 0.0301017746800871 -0.155099060359414
0.0912378069534301 -0.00637454864089592 -0.0586557614598141 -0.0939242364368294
0.0624173382245459 -0.0414177218167868 -0.056207017354677 -0.0237983341403208
0.0535879842150312 -0.048375980506885 -0.0318166014061653 0.024476295206339
0.062762119487886 -0.0441400015558042 -0.00893841230057859 0.057286402952007
0.101882938782214 -0.0285682104845774 -0.0203322032705737 0.0969915714703814
0.112632192418363 0.0385315658195754 -0.0745528357406537 0.103251222527669
0.0569813941567408 0.108233807032419 -0.139668594315594 0.00475905002760424
-0.0590017129565292 0.147388413336789 -0.113390029828331 -0.09692337123111
-0.188418117453863 0.0601310678621735 -0.032401097900536 -0.127438740124235
-0.224466676040882 -0.0798107719952271 -0.0161319319723564 -0.0508272120378365
-0.165061877681905 -0.126339074293405 0.0479587462329725 0.0226466572801148
-0.175495502113744 -0.0242888404287047 0.00306486341146067 0.147558899101305
-0.127228811939776 0.0793371037966609 0.157738641180736 0.150436425879036
-0.00641867193575458 0.12370933598235 0.194054954712122 -0.0182553205410937
0.0848622607949441 0.0793678155427657 0.0834643973063569 -0.121458309728646
0.109068046173805 0.00150652005316748 -0.00974828155410507 -0.10083663006058
0.0761385315073199 -0.0464279900869981 -0.0245258213002813 -0.0458265522016339
0.0577775970576791 -0.0561304916911435 -0.00794018454238831 0.00273566074600645
0.0635556116107927 -0.0510315990528716 0.0175000863072576 0.0365725944844163
0.103568375664792 -0.0329283473009875 0.0166577592825018 0.0863129473239698
0.119542951326797 0.0327903201125477 -0.030707889041916 0.120141039580175
0.066616873358161 0.107102257369096 -0.118721729082607 0.0484689427737792
-0.0552493247044348 0.147105116855588 -0.116951966775592 -0.0646079486614702
-0.18144968790226 0.0529416252283891 -0.0297164176020677 -0.115646325043653
-0.203905286771593 -0.0821590963000789 0.0356257236513856 -0.0159717662152714
-0.119118904435103 -0.128611295709512 0.0985761993189296 0.0747417928509238
-0.153306232909692 -0.0614084299159232 0.014099972306942 0.157398848637338
-0.139043873395423 0.042449562987631 0.126619790005846 0.177507338102975
-0.0324875239134736 0.11742258605902 0.180920068704323 0.0467426133733211
0.0693899506656362 0.0863121823749277 0.126017590861489 -0.0709134732453732
0.104813505384936 0.0102125749735957 0.0424828076966412 -0.0970071055853232
0.0770384998281517 -0.0428601335879159 0.011136968734355 -0.0660373187564086
0.0539698719915618 -0.0551638453857395 0.0165462953030633 -0.0190722178269603
0.0565221832313667 -0.0507726302506239 0.0402503067639445 0.0156956936200659
0.0927895366278518 -0.030047438596328 0.0451864206173545 0.0733933368750882
0.107664105270378 0.0318331815337446 0.00480577558670144 0.124699352383581
0.0562282118384666 0.0986425393175893 -0.0947279628506544 0.078103798639744
-0.060276521418828 0.121269677907266 -0.110227454351737 -0.0368987625744412
-0.155952429318401 0.0237090373789666 -0.0243731246280007 -0.0987023061214062
-0.152164128089554 -0.0829800037329686 0.077794324594878 0.0162172225496293
-0.0556635084391324 -0.101156027133701 0.132283282145624 0.116474860296429
-0.0986762980402829 -0.0764914842186239 0.0216081195881843 0.160464708442163
-0.113101711417558 0.00351810712539589 0.0883383679900044 0.182571441469539
-0.0422967697255528 0.0839527534804368 0.149839103072529 0.0947701057317809
0.0441317408869712 0.0710876263660168 0.148157952778583 -0.0212111234455502
0.0806041734733381 0.0139691297519476 0.0865730960792 -0.0864999890829804
0.0628868739454663 -0.0326593647978173 0.0428709888376059 -0.0818399272812008
0.0419596640982308 -0.0457239528754582 0.0376922761743842 -0.0373072894924218
0.0439010982627408 -0.0439593194065911 0.0596861802194405 -0.00134531523753914
0.0739956958586138 -0.023088075445315 0.0674187749887933 0.0625248052593957
0.0849524689864789 0.0307421504022142 0.0296038501938245 0.125635368090032
0.0366041458292459 0.0873580874318692 -0.0763034912743465 0.0975844287125968
-0.0680231231816922 0.085271873636026 -0.10259524462159 -0.0140928721075799
-0.119525817065711 -0.0131264758874864 -0.0205657004026969 -0.0792245261571775
-0.0823990676782118 -0.0798124137733721 0.102548983585964 0.046460902264768
0.0138071299116739 -0.0519436421197911 0.147238139629793 0.13422765311578
-0.0314193910293245 -0.0646500903783472 0.024089475010011 0.153499503315546
-0.0613074158627131 -0.0182391863289893 0.0590039633728532 0.17627162427402
-0.0304790395011462 0.0400346974179924 0.123800591181936 0.120822959605999
0.0193488564454339 0.0379637100840279 0.157106366975501 0.00955318951628618
0.044451451175242 0.0103185258860381 0.112146944890164 -0.0774417580483504
0.0370085670489776 -0.0189586410280354 0.0646953136384883 -0.0901602837782866
0.0239996373605213 -0.0293214164114145 0.0532498532202338 -0.04928578509493
0.0273687786618732 -0.0312815669874751 0.0745182837421148 -0.0122832805791891
0.0491284281483545 -0.0161379888128491 0.082431892200772 0.0572624842605309
0.0582535043880568 0.0261201160072517 0.043530588307688 0.126815842862068
0.0174123040326835 0.0706981635990908 -0.0687439598269979 0.110888232830761
-0.0691673004855894 0.0460860964195383 -0.100219677445666 0.000647633063845187
-0.0731797133194049 -0.0427920850509723 -0.0189943541487454 -0.0634172378566161
-0.00625931925046111 -0.0673636760374756 0.107688997309374 0.072512049233013
-0.0641219570137735 0.0285613031820651 -0.123330953459504 -0.111124507083229
0.0143987047823394 0.0474433141866227 -0.0415565712851518 0.0867279847743943
0.0454821074580173 -0.00137980575158797 0.117750811187358 0.0315755269842673
0.00104669369768671 -0.0337471928643633 0.117745307177322 -0.116021215119847
-0.0188394226127121 -0.0112312802699533 -0.0285609877677715 -0.158605294193178
-0.0170772464325092 0.00178266312521428 -0.101603038017494 -0.0775115282630894
-0.0118069508727377 0.0111838753642828 -0.093993955694361 -0.00689421458592648
-0.00197712686011563 0.00822903556282193 -0.0783647463124688 0.0420591523792143
0.000448453684613144 0.00177717054314116 -0.0853153230027574 0.0717589999259653
0.00339287634339091 -0.00545261012364401 -0.120410154921323 0.058452069958876
0.0038394979030107 -0.000334696429951695 -0.14743645735063 -0.0285961194892402
0.00832812241016989 0.00758415893764712 -0.0993399948907976 -0.1412118237419
0.00422853459250083 0.036659311356934 -0.0226668137314284 -0.170122211594612
-0.0496443145845168 0.0362074941608087 0.014174413865283 -0.175124516531134
-0.0976629321495667 -0.0143585762592302 -0.101887127468323 -0.173860622715281
-0.118432877495729 -0.0210170322650511 -0.0923209208545628 -0.107804134174661
-0.0449957699939619 0.0415798397288721 -0.0388104992193807 0.0932315057455717
0.00871922402243393 0.0322127086522146 0.136430462084627 0.0476360896595955
0.00943835848222933 0.0048628888884527 0.135097686150179 -0.118160557098659
0.013477899762417 0.0107314701014843 -0.0205252620820917 -0.167907097931899
0.0193518878855713 0.000957658580632834 -0.100288454873136 -0.0846693394836328
0.0161552182300738 -0.00515155083071279 -0.0920974581846623 -0.00839217650570622
0.0241767760914026 -0.00858499310959452 -0.0728838813034158 0.040765106528815
0.0331798016023878 -0.00915361754592203 -0.0724265485322196 0.0720827923076455
0.0488242830798006 0.000498673430506182 -0.105505925912641 0.0735372836897951
0.0371752482131262 0.0367655325825872 -0.145577726772922 0.00383235468845244
-0.00237604331368157 0.0580190120543786 -0.119728346518306 -0.120249527577734
-0.0519835174164391 0.063021535739337 -0.0418351718636969 -0.16377664208775
-0.120114789424839 0.0143426077930867 0.00634828153785388 -0.15827471174019
-0.156167674044831 -0.0728843924778201 -0.0839675444402838 -0.143266402169941
-0.155445058327704 -0.0757560405374836 -0.0477416309204953 -0.0826793601855235
-0.107407472227233 0.022282016259205 -0.0355035677584167 0.108724616568491
-0.0431533333644258 0.0623566350586872 0.153482878272011 0.08337294231175
0.010647355309054 0.0535606717119029 0.163907069816699 -0.101051207148752
0.0465236148516563 0.0385386339195946 0.00640746110093799 -0.169780407839244
0.0589280533074925 0.0025330083446701 -0.0833144491002571 -0.0943387176973174
0.0445607973545393 -0.0198908931405377 -0.0792548238078086 -0.017192523110424
0.0464771641940504 -0.0251519319069479 -0.0577568925789973 0.0324742886028447
0.0572439400896447 -0.0212327216163592 -0.0487489246939832 0.0668809928316888
0.0858967272032625 -0.00279317212982389 -0.0752748338514595 0.0872256766845536
0.0755988420076394 0.0560089950993975 -0.127427322738601 0.0492308324372189
0.0120469044763761 0.0996775915630544 -0.140649783295899 -0.0763941007666088
-0.0825765283165741 0.104716989327482 -0.0717440884718176 -0.148287179228366
-0.17499974242705 0.0168828958346826 -0.001897487095111 -0.143953781438289
-0.197854779533078 -0.108251522361102 -0.0498796274608257 -0.0990752707523138
-0.16518845467161 -0.123180442452399 0.00486003326175685 -0.037115217889324
-0.156849208325178 -0.0117444403025498 -0.0282275380217322 0.128385909383546
-0.0995874377363214 0.0751918660601213 0.155368808378803 0.128982135777576
-0.00306350814842391 0.0996964185537225 0.18954516684775 -0.0570900888022255
0.0688474080250088 0.0695166205269839 0.0505365661365533 -0.15288245935289
0.0914754412119171 0.00897769968596765 -0.0464209250228516 -0.101808124584403
0.0696267111235649 -0.0301738012571386 -0.0543851451451612 -0.0322528477989803
0.0620084125885288 -0.0380847591561118 -0.0350743939334033 0.0187629182706642
0.0703302158269752 -0.0321912466096638 -0.019608854433216 0.0552830524027514
0.106361314244567 -0.0104613051100292 -0.0361176647306637 0.0918244200671059
0.104575631435691 0.0586321363828481 -0.0924367814537924 0.0892343594751112
0.0358090181751038 0.119974230675604 -0.14441110171683 -0.0222710277118054
-0.0868099686573887 0.135560998821665 -0.0950250218639153 -0.120397832207109
-0.198616349830594 0.0252888769928194 -0.00628259087762979 -0.132011332032043
-0.210597181095191 -0.12081798851858 -0.0053095674283418 -0.0513687532345752
-0.145729783517063 -0.150965674249587 0.0572512781154737 0.0238592739561021
-0.171367485844969 -0.0543872993676793 -0.0180135610357391 0.14502617520431
-0.141105704490642 0.0574271923937848 0.137472503362266 0.169210192790813
-0.0296081077842719 0.122420986601445 0.196108943645881 0.00578518293734986
0.0703050310743957 0.0938444979716337 0.0986309168223117 -0.112099951843037
0.107947107050649 0.0193011835361874 0.00261478596941549 -0.101517338303324
0.0847856443290638 -0.0334583874225546 -0.0197915886379104 -0.0497696616653815
0.067290378382991 -0.0449900664174703 -0.00755874344914247 0.00126233303198084
0.0720763092082694 -0.0394853992909293 0.0105935530061692 0.0388775846172783
0.109007487171953 -0.0153321788514587 0.0013631717529255 0.0880056107055072
0.113305351265145 0.0539260846339995 -0.0509441353752113 0.114146414977545
0.0470880232241792 0.120704340455781 -0.131081751594504 0.025832673746477
-0.0826179893654742 0.136555083640541 -0.105550065332825 -0.0875782612236061
-0.190547917648424 0.0199530542987407 -0.00707676990933846 -0.118620508112178
-0.188712053096325 -0.119312381300511 0.0408604072647295 -0.00654295985576149
-0.100360574153679 -0.146624946158762 0.0990450771662171 0.0869872112328336
-0.143506784808914 -0.0874316177814087 -0.00696215124780595 0.15850543173152
-0.147200857691765 0.0177663278956448 0.102978362801473 0.191646490417389
-0.0541254488345619 0.111294067328489 0.174554385448124 0.0689297095818799
0.0533469475192929 0.0983120594502399 0.133691997065963 -0.0552355632948676
0.102198538984543 0.0269829040182142 0.0546677069746297 -0.089873106750627
0.084878978807722 -0.0304240837182141 0.0192497876676377 -0.0652830156632109
0.0634233552888239 -0.0450974987090525 0.0200939129294632 -0.0158164389713608
0.0648310573216521 -0.0400063307225388 0.0376690014213527 0.022306316051074
0.0977549573878859 -0.0140482901681719 0.0329918598706571 0.0801698342600418
0.101784240313285 0.0507545140126532 -0.0162868789781233 0.125971639297279
0.0385242487072758 0.110156751039707 -0.111676738844936 0.06092616539928
-0.0829380528792281 0.110215258845181 -0.10419597360171 -0.0578984038292468
-0.160183114317714 -0.00437787874113825 -0.00579018266640016 -0.100982018084613
-0.136117845075071 -0.111604158428482 0.0770611913001265 0.0338243217103743
-0.0405932898822424 -0.109348537479227 0.12266550929891 0.137760497479504
-0.0863029400076317 -0.0929611539154818 -0.000652982261501244 0.165583256370818
-0.114537643361974 -0.0165741840596896 0.0643368779747207 0.194507182842976
-0.0578040316649593 0.076466480808434 0.136470727047049 0.11413204571107
0.0308646387810311 0.0790425134447438 0.149635036935497 -0.0019086392567664
0.0776047903060489 0.0262605483624062 0.0970273782779708 -0.0722983621561278
0.0686472025047896 -0.022495412069586 0.0540967993552017 -0.0754493480183538
0.0495047929130646 -0.0375984062825412 0.0447246927725019 -0.0305217047399673
0.0508280232634459 -0.0358312508257684 0.0601351545866082 0.00858254241549464
0.0775768618589931 -0.0108718678864548 0.0571249873551142 0.0736412336771752
0.0803782631015652 0.0451116164653914 0.00867445167054309 0.131157461360604
0.0218000738956402 0.095253643372464 -0.096099208274657 0.0839658956712352
-0.0840163201768608 0.0735845971039513 -0.101091178369745 -0.0330959921582479
-0.11728499633015 -0.0339315219530125 -0.00658281722183966 -0.0801869480659752
-0.0668040142258982 -0.0963152880766354 0.0964597863152075 0.0671461303630079
0.0209998902824696 -0.049844476667715 0.129848867697836 0.160543748943911
-0.0207202197422966 -0.0695779704735428 0.00111609286727527 0.160919398979795
-0.0597232201822563 -0.0291186601285591 0.0341751765455934 0.186552553005084
-0.0382484001112094 0.0353923206894022 0.107425090945483 0.13819294739594
0.0123692135752888 0.0420182857339107 0.155528557696522 0.03147454601131
0.0419178959006847 0.0166183677601122 0.123993277442337 -0.0605292828304676
0.0406000175963367 -0.0137489678507873 0.0779424739419185 -0.082302501081626
0.028341998953629 -0.0254589339781697 0.0619661196834193 -0.0402511157297157
0.0320721946268842 -0.0271843608525852 0.076581946786856 -0.000202300356328809
0.0521063580908186 -0.00782308724320004 0.0738696069857797 0.0715924706565804
0.0548569093860444 0.0359754392003603 0.0219414025299974 0.135410892281635
0.00685947380970108 0.0751170320997819 -0.0899951835260951 0.100243340279221
-0.0782051944851311 0.0356045242662072 -0.101804304710943 -0.0167617285349935
-0.0659810799379818 -0.0555306619792437 -0.00929464069089593 -0.0652889595977291
0.00742338795265577 -0.069964278415682 0.0963887913442297 0.0923342200700154
-0.0675353995166156 0.0297018072103426 -0.129688188021957 -0.116503342405774
0.0154795779688331 0.0495450441581531 -0.0454954653942218 0.0940593031699616
0.0477938762321752 -0.0013425414574643 0.124657201783892 0.0357506730578146
0.00121138808439891 -0.0354898310270613 0.127440363540201 -0.122540729891837
-0.01938528853098 -0.0116106094155853 -0.0281172367187188 -0.168080114399528
-0.0182436599956458 0.00248125442338578 -0.106056786871156 -0.0825074282014118
-0.0116409240389632 0.0118870964478811 -0.0998049611069735 -0.00864233029275399
-0.00202638570899282 0.00907325766481652 -0.0830635373445448 0.0429552913640134
0.00114376153643481 0.00135884947807835 -0.0905437431401226 0.0747282972762745
0.00348888707410186 -0.00569618051124515 -0.127154731703655 0.0606586598432152
0.00362796862181546 0.000248580135826147 -0.155941005024543 -0.031584005772324
0.0087162744701022 0.00797395847146727 -0.104796562567889 -0.151049201402351
0.00423001189939226 0.0372165910548334 -0.0209155589886745 -0.180384490933358
-0.0522785797158742 0.0367330623760258 0.019494035184226 -0.186077139392168
-0.102938164454302 -0.0159215282183716 -0.10388996200031 -0.184122997801992
-0.123027873566006 -0.022484540097518 -0.0987880917835267 -0.112623833061791
-0.047017429878144 0.0427670832573089 -0.0436959122357796 0.100710522158183
0.00888449490338095 0.0335695952747811 0.144343688692655 0.0531883878785169
0.00963356601936523 0.00490177324212146 0.145416511799025 -0.124252881354206
0.0145842191003185 0.0114179956125174 -0.0197456031183036 -0.177474508386844
0.0199633115590955 0.00125037270754253 -0.105150282727601 -0.0898326558389486
0.0170979375888777 -0.0047175559410264 -0.0975278863309384 -0.010116458979079
0.0260346382425685 -0.00904329114816283 -0.0775229644299192 0.0420632095560824
0.0352635562987212 -0.00952645517850887 -0.0771334110359972 0.0752998764520801
0.0512968456296498 0.000701704173539683 -0.110940907655582 0.0762364894811612
0.0383030219144007 0.0392376032460056 -0.152986904592537 0.00232092461520371
-0.00352488284980933 0.0612395899439612 -0.126126611415084 -0.129200747353144
-0.0558289030226406 0.064549314259865 -0.0417020176980392 -0.17516045053484
-0.126063335227943 0.0131525366461155 0.0103732092724832 -0.168942932860715
-0.163881912603086 -0.078150974907217 -0.0855504875913225 -0.150624452842068
-0.160839631677879 -0.0803374178359171 -0.0521266347226011 -0.0861494415185054
-0.112682646837927 0.0221059303935903 -0.0407414406483302 0.117670702996545
-0.045299728538383 0.0642599521318676 0.161938490271047 0.0907203999204555
0.00998714842121357 0.0561624538762439 0.174920704015356 -0.104855017803042
0.0488630320182482 0.0409341244006934 0.00856472710845163 -0.179281052981865
0.0611819817633592 0.00296917821293129 -0.0867493531037802 -0.100569554601576
0.0472771572063277 -0.0205984058359745 -0.0830198167774971 -0.0192062085579027
0.0496804971683874 -0.0252644693040484 -0.0611249532860803 0.033067098835976
0.0607071432436575 -0.022183493860224 -0.0520724072842848 0.0696146388607162
0.0899826466327929 -0.00282509180170042 -0.0791147291673898 0.0910463278300505
0.0782978708700805 0.0594437564517715 -0.134432035000456 0.0511918009621752
0.0120645518544625 0.104884324411286 -0.149746711870342 -0.0823027076316181
-0.0874838420497032 0.107397042065457 -0.0747303462676724 -0.158786335285032
-0.18324920125336 0.0150360404341225 -0.000149832137151595 -0.153291833724058
-0.207684807121801 -0.115497494494506 -0.0513672460588957 -0.104303779058513
-0.171084982723125 -0.130656936074416 0.00239020386202694 -0.0379711694542109
-0.163655027224428 -0.0140644691099463 -0.0344083207500942 0.137644658228754
-0.105398395487705 0.0768644114409671 0.163857567708291 0.139220431198191
-0.00392420100012907 0.104268132909698 0.202972663527911 -0.0578670785611852
0.0721188361392176 0.0732725163266616 0.0550126101515185 -0.161176553115704
0.0958818372306097 0.00899451581224417 -0.0491930264969655 -0.107730586551991
0.0731605327222912 -0.030786605307431 -0.0566304071120516 -0.0345336884027811
0.0653013794545894 -0.0387530513969362 -0.0372200223604678 0.018817853356615
0.0739998348627452 -0.0332816008261721 -0.0212061987555213 0.0576481256845401
0.111835236504982 -0.0108681844631294 -0.0384099785860158 0.0972687902933973
0.109222608691231 0.061363880005155 -0.0963061758758796 0.0939701130206722
0.0372218579095449 0.126506264649852 -0.154583602763722 -0.0251055340589851
-0.0920533833893261 0.140554243716677 -0.101325935438155 -0.129922366072608
-0.208736476164952 0.0250348200790348 -0.00551356444575969 -0.140173453496604
-0.221347083201695 -0.128706401441724 -0.00491976564499733 -0.0534123551704655
-0.150240221712862 -0.159019357874647 0.0570881804404007 0.0255311135968361
-0.178871350468023 -0.0581799953317449 -0.0242144603599808 0.154628247196364
-0.149025171814822 0.0582507432967596 0.143256733487265 0.181763171743856
-0.0322587284966041 0.128143862652109 0.208818646452977 0.00880764345788037
0.0734523202098586 0.0987580668944097 0.105320833455516 -0.117740494021217
0.112797980222118 0.0195173130548638 0.00277168801274078 -0.107205753758884
0.0889453517202481 -0.0347426487491731 -0.020763453199989 -0.052817838384789
0.0706381805137291 -0.0461067642810969 -0.00825052590702889 0.00113742753462516
0.0759399427682275 -0.040243986557939 0.010378865550449 0.0402941321159977
0.114674038864834 -0.0158521584390221 0.00145863509613703 0.0934819197914121
0.118371031074982 0.0566052377066938 -0.0529466470707029 0.12000501035064
0.0483553463314882 0.126663170078709 -0.140794822869615 0.026199754742543
-0.0878885608119106 0.142070407695728 -0.113284311352327 -0.0952921367987445
-0.200091854380398 0.0186312243337364 -0.00676405050757061 -0.125636708569412
-0.197645026950151 -0.127433315602196 0.0432301352168941 -0.00575625347756634
-0.102786484369005 -0.15439877359272 0.100739598651621 0.0921411545052163
-0.149863463350168 -0.0929518877304885 -0.0129097911157424 0.167385288081046
-0.155187777652224 0.0166495333536509 0.106207799998557 0.205275015611628
-0.0578874463218331 0.116683108668292 0.184579007434799 0.0753118998696453
0.0558795056495308 0.10384040260978 0.141985444367835 -0.058424737660827
0.10706247663702 0.0275143120519078 0.057525439197229 -0.0947071821268168
0.0887860327501412 -0.0314412705575817 0.0208407605272085 -0.0682856374201659
0.0658165359841664 -0.0457824414765058 0.0214616776476637 -0.0164375704626957
0.0678379843413565 -0.0416847015289977 0.0387668277459952 0.0232928749603518
0.102605333430326 -0.0146323300839226 0.0346516484846665 0.0856904419690603
0.106491823544613 0.0529462731895275 -0.0168504141811556 0.132698435382779
0.0402487862720702 0.116438702603853 -0.120635050468442 0.0633923965278413
-0.0884995851988529 0.114773224555984 -0.112240751602874 -0.0635397067311595
-0.167637321481866 -0.00627281907207331 -0.00585834339881284 -0.106932459112308
-0.14292700816631 -0.119372426452821 0.0812160316217721 0.0355877540474369
-0.0412311086632644 -0.114729239965486 0.125532652021975 0.145391878390774
-0.0892927865883229 -0.0979996915206622 -0.00636032634502198 0.174902382232096
-0.121161935839208 -0.0188513969597662 0.0643646709859304 0.20724145744142
-0.0611816866320144 0.0803490991983594 0.144251125672463 0.122638496364159
0.0321197800023687 0.0831416626470766 0.158372894572102 -0.00110219107966215
0.0810344978924927 0.0268757915109739 0.102686967698468 -0.0767422025202485
0.0722509564880732 -0.023899353998803 0.0566989634536664 -0.0800243454946293
0.0516298933170344 -0.0385148719607697 0.0475524789434253 -0.0316597796503299
0.0526619538939187 -0.0369806354518909 0.0627000836044428 0.00920825090203525
0.081609235673654 -0.011662977077536 0.0603626442949272 0.0795957163180927
0.0841876111922753 0.047358986331862 0.00924023842412563 0.13865579260681
0.0228363319840884 0.100166625329823 -0.103634036905185 0.0882676277536294
-0.0893100103511753 0.076279764401441 -0.108898824861198 -0.0368632683316215
-0.122604566540882 -0.0368126769859786 -0.00710842482422477 -0.0849101470637413
-0.0698265724909772 -0.102194335244365 0.101083479400807 0.0706986427559457
0.0229003049232653 -0.0512003593802423 0.133414611191985 0.169452477911077
-0.0212665235397725 -0.0729820527877993 -0.00344781192852548 0.169918233027078
-0.0627093787743318 -0.0314274668974607 0.0330861894807403 0.198095185674645
-0.0402758038957763 0.0370360777275073 0.112945247398771 0.148395966075726
0.0129784445515359 0.0443267843244768 0.163494240535962 0.0341737622427726
0.0438648460204677 0.0163327263466089 0.130367714769456 -0.0641123872025589
0.0419673239884072 -0.0148867533272985 0.0812786221790762 -0.0865938034874914
0.0297608812704104 -0.0257105251226194 0.0655353818976533 -0.0420737963096504
0.032507399917987 -0.0281425044049007 0.0804694917348096 0.000722196702051383
0.0542489402458952 -0.00877410494987436 0.0776858919982329 0.0766885416932919
0.0579241487931298 0.0374167820362913 0.022946970892183 0.143304383364286
0.00693540971037151 0.0788442074393442 -0.0973339416686615 0.105026590398421
-0.0827332320182755 0.0367785614347389 -0.109219271826647 -0.0204104643045171
-0.0689815827336015 -0.0590771390746112 -0.0095018644500837 -0.0690926111583641
0.00816029607482157 -0.0737824878727358 0.100725658318072 0.0970078031274464
-0.0697781242050908 0.0341992306824621 -0.142608754345566 -0.116876137815583
0.0183361146210645 0.0518182762724749 -0.0458966729463504 0.105002182694087
0.0505337494445548 -0.00324323083646606 0.134570018316203 0.035545944101545
3.86271843073906E-05 -0.0377329585615432 0.132027295001757 -0.136067298179471
-0.0208023857046334 -0.0112305897729588 -0.0347683585676569 -0.178718647043058
-0.0194438078023039 0.00433849164104321 -0.115134363830686 -0.0844307115424849
-0.0115652354054881 0.0137958022841686 -0.107022060227981 -0.00620340963290821
-0.000772076854720459 0.00963828250814827 -0.087345767921759 0.0485315574330498
0.00153793496669893 0.00184671974682457 -0.0933999758094929 0.082941126863129
0.00344026924667884 -0.00622258059993376 -0.132590698725014 0.0689460221058562
0.00391160194646569 0.000827785133935964 -0.167496570341144 -0.0289387824093615
0.00929619478769999 0.00830588794262719 -0.117150592607938 -0.15832956401532
0.00505091379438602 0.0382559466503223 -0.0257393394005252 -0.192782528000002
-0.0540754086067397 0.0400669783594474 0.0170774753791184 -0.199921000383154
-0.10967768421122 -0.0134527558321078 -0.114274479606501 -0.191293019899654
-0.13046492737353 -0.0193945015661969 -0.109528348530789 -0.11411308172221
-0.0476795365494422 0.0465872758537373 -0.043918482715677 0.111783796567082
0.0105604472064783 0.0345048504979958 0.156105565220796 0.0533966136809863
0.0098366213312675 0.00504598343119228 0.151918819831516 -0.137734174814491
0.0156204258003944 0.0116269042738801 -0.0257824221897116 -0.189922550834259
0.0207353130368677 0.000803547424030324 -0.114274169344318 -0.0922693650068207
0.0185006346325547 -0.00524705637860548 -0.103316230762659 -0.00868186605402023
0.0279692320290326 -0.00974623438009544 -0.0813906206690092 0.0465330951921163
0.0369691549984569 -0.0113671016258438 -0.0792433769856585 0.0825609845073159
0.0540358615374933 -0.00114523620637992 -0.11492851728171 0.0844982774336467
0.0413204342737751 0.0406303870952424 -0.163078086861323 0.00730690753316644
-0.00190231950290794 0.0651008413046185 -0.140651837114816 -0.13368016337526
-0.0574067654385688 0.0685663451787383 -0.049423988126107 -0.185983205610351
-0.132668922101129 0.0164557058497815 0.00707946472466848 -0.180815996993778
-0.176529901104771 -0.0773954787002175 -0.0942986649238471 -0.156494150948765
-0.171798884114621 -0.0788701448710557 -0.0611643502829716 -0.088470575244366
-0.11751970099345 0.0268718572009836 -0.0421112461152519 0.130440689757902
-0.0455020658453292 0.0686965174508848 0.175236706835913 0.0928031346927964
0.0127347156496222 0.0591351750994516 0.184703488603942 -0.118124251744228
0.0535516104694212 0.0414792819401297 0.00390441387454335 -0.191417415844045
0.0643006344572926 0.000488360461465232 -0.0957172127618623 -0.103468549142284
0.0492147214846589 -0.022737173045842 -0.0884911917642744 -0.0188590826596019
0.051876265433839 -0.0278035046316997 -0.0635797816964192 0.0369591631108909
0.0637265639022111 -0.0252588707722975 -0.0534448795656989 0.0756148041763518
0.0955656140020702 -0.00671744826913502 -0.080310710814071 0.099579811732673
0.0854754813218113 0.0605997902961668 -0.140738315765354 0.0578299507906791
0.0157911201285851 0.110894242308521 -0.163866832037085 -0.0835092530513069
-0.0897566006419452 0.114748750540553 -0.0857186739525954 -0.167999310354752
-0.193726813606067 0.0203338330721777 -0.00387498607767499 -0.164472543790043
-0.224355053586559 -0.115162112057108 -0.056706971167702 -0.107214315263722
-0.184711777413962 -0.132196182457931 -0.0016714440510797 -0.0394117386784998
-0.172633988507075 -0.00963763550934638 -0.0357655759669939 0.150184984107302
-0.108876246024377 0.0838570241093696 0.179340409165614 0.144596731204228
-0.000883910823227697 0.110325506990916 0.215464369623741 -0.0683768565745825
0.0789529979240738 0.0747228913577609 0.0538665696531581 -0.174157841890931
0.100744586120368 0.00539044798077331 -0.0558648826454622 -0.113088247131733
0.0759623303610333 -0.0352635769685311 -0.0608457012172792 -0.0356186073049498
0.0673741435829926 -0.0424089225850187 -0.0389425994400843 0.0212331166150235
0.0776378309867239 -0.037107496645103 -0.0209593916794656 0.0612997418545853
0.11775341123015 -0.0158929166744125 -0.0369782347585679 0.104775166385599
0.117532018397401 0.0615434558262129 -0.098730491018094 0.102161559127324
0.0429861380822693 0.132229674348496 -0.16776447765563 -0.0218534114663581
-0.0930977804011571 0.15075066374756 -0.113604825980992 -0.135694936405897
-0.219903714835615 0.031582620783752 -0.0108365962521603 -0.149470497690536
-0.239233300847723 -0.129733165262204 -0.00655879929903015 -0.0555492899263504
-0.16309712508697 -0.163047284612799 0.0583282157706392 0.0252650099245862
-0.190453806148578 -0.0557678972714976 -0.0255783565008032 0.167691865081784
-0.155987137142289 0.0648630246474006 0.158087182942759 0.190280464860605
-0.0297873950333614 0.136536226287841 0.223706373572876 0.00356833131246797
0.0812543499344402 0.101692645305193 0.108772322402516 -0.129569283998585
0.119240535049164 0.0157312534196711 -0.00124023447193886 -0.113988018368224
0.0922878639612727 -0.0399867205727883 -0.0226428315816446 -0.0552391352279158
0.0728696923003697 -0.049948492429299 -0.00832866071786961 0.0012632829580521
0.0784919719390577 -0.0447107346738623 0.0114913113123274 0.0424919225529883
0.120852599733351 -0.0214344290310878 0.00546246876183781 0.0999664637277999
0.126505424252062 0.0555527960192169 -0.0513888180884888 0.12870148004681
0.0559584340827465 0.132224247795604 -0.150959504072214 0.0325432419238725
-0.0892848490653559 0.151387958960211 -0.125989546868436 -0.0984459978241077
-0.210613221844541 0.0259098858034294 -0.0125909350872931 -0.134207551302739
-0.21458027621356 -0.128324851692671 0.0461406954972068 -0.00733853732023184
-0.112088439130113 -0.159988069226075 0.106686119619073 0.0941529647780328
-0.160712868413874 -0.0935172398705234 -0.0127844480734556 0.180770744855827
-0.164888206316563 0.0216480375940268 0.118490710295471 0.216563398189981
-0.0573492695759399 0.125503342289383 0.199919896235771 0.0749597871830472
0.0632977184770889 0.107641536554596 0.148617100885759 -0.0671363026620116
0.113303177999959 0.0242354195370826 0.0564108749786423 -0.102943994784757
0.0921617939370667 -0.0367413197958112 0.018663412542094 -0.0738366570140021
0.0682684141386347 -0.0497724604790804 0.0223752553096129 -0.018303038754776
0.069396555875523 -0.045751713032212 0.0414640634312837 0.0236414693592358
0.108473313329079 -0.0197693113893262 0.0401476431767139 0.0909204402927019
0.114625661068143 0.0518365068033099 -0.0119275598807543 0.141292631236325
0.0469145745231284 0.121423224988489 -0.128496263098389 0.0715027611862486
-0.0902954053744744 0.123475929092204 -0.124168207843428 -0.0645926931533929
-0.17752488763217 -0.00171300916831098 -0.0107887539640898 -0.113231691893283
-0.155181175656987 -0.120919825730292 0.0873199311046077 0.0350996301126525
-0.046260317085559 -0.119996296721691 0.134706074060581 0.149395048055469
-0.0975793997866231 -0.100277114575259 -0.00556030358349823 0.187086397810212
-0.130102592436932 -0.0164668366463347 0.0747672758273891 0.219350298986796
-0.0622128138453375 0.0875256619962887 0.15776705581532 0.127421909161953
0.0370064642391263 0.0870420616434849 0.168440000476431 -0.0059625972931505
0.086474056420367 0.0243404792658837 0.104791270940322 -0.0853027833527953
0.0746937402079722 -0.0289859423060847 0.0570263029614946 -0.0868747553526523
0.0533866127012309 -0.041269609444267 0.0494023792572331 -0.0351891311880329
0.0534144967419338 -0.0401880267396163 0.0662639517949799 0.00804099726148088
0.0855838157916882 -0.0153700099603197 0.0669296967452038 0.0826156549741178
0.0911727009043232 0.0461974776146788 0.0157521237968738 0.146567953585809
0.0280214004599463 0.105110337618588 -0.10926789114478 0.0978504831585314
-0.0931553205392372 0.0831086872830403 -0.119767985648611 -0.0360336831879508
-0.131006817028959 -0.0351221330478244 -0.0105877577918935 -0.0903464369651124
-0.0777030686668947 -0.105413621058113 0.10987992271786 0.0709421800583123
0.0231024807651283 -0.0546386403091494 0.144138976972083 0.174942114818548
-0.0248228389483208 -0.0747153332887054 -0.00159930711255133 0.181096900836351
-0.0678679549762395 -0.0310891920652219 0.0405172024755108 0.210747095878956
-0.0408237793946176 0.0403708553991496 0.124585195125882 0.156054013775348
0.0158432433736525 0.0467339028812662 0.175548084158037 0.0299524683313983
0.0463383771598766 0.0141521161306158 0.135111415145489 -0.0735255074826357
0.0439081929220788 -0.0178378092475481 0.0829132046523305 -0.0950382640161078
0.0297967540511923 -0.0273927156369826 0.0682209699195315 -0.0470413395883511
0.0325309535237502 -0.0301101207704709 0.0844758122499008 -0.00169570598956634
0.0570171551737938 -0.0117638343515578 0.0852620364198751 0.0794218724162903
0.0629302851020154 0.0370914753093459 0.0295135585360932 0.15229798623664
0.0110132686857497 0.0832892462493893 -0.101445169805992 0.114874172561713
-0.0870122762367492 0.0421479729466777 -0.119120743453422 -0.0189574337108456
-0.0749096535353303 -0.0600552367409659 -0.0127543050223097 -0.0737438926459152
0.00596114441841781 -0.078490945815579 0.110123964747628 0.0976167849269333
-0.0693607012317774 0.0395281466944481 -0.154739402990789 -0.109520071440682
0.0229828764115202 0.051798022216548 -0.0402762797097431 0.114413874791942
0.0521725201197281 -0.00695207787071484 0.142161251041077 0.0298957103683975
-0.00294629339851028 -0.0391125177479729 0.129556686878456 -0.150477496692243
-0.0219413919246143 -0.010043299602265 -0.0467714778553466 -0.184626144553855
-0.0198726475936847 0.0066076748299224 -0.123895994291337 -0.0805343311980243
-0.0104752488765895 0.0151612396199853 -0.11156846875343 -1.67754973534315E-05
0.000523752203922387 0.0102689883373376 -0.0883372111990719 0.0558840524591218
0.00172438043895232 0.00171355927009705 -0.0907176422856767 0.0919813326680484
0.00273558878303575 -0.00627134179172788 -0.132227495573698 0.0795682100018841
0.00379592929962959 0.00113265902798358 -0.175866140058512 -0.0197075815463876
0.00970778338251944 0.00768669042341639 -0.131886374275325 -0.157368705064535
0.00751679473945678 0.0385729653092424 -0.0366215832988537 -0.199457791307011
-0.0531699496237294 0.0434219808968589 0.0076218307292942 -0.210258201566684
-0.113368851780125 -0.00696884204742668 -0.126735710131982 -0.190186865798287
-0.134516608385214 -0.0116031178891868 -0.121450189987438 -0.108769563536219
-0.0458246319229478 0.050351054053598 -0.0393468113040932 0.122251800007968
0.0134479859139996 0.0335994069248588 0.165320460778617 0.0472771350108964
0.010119763516379 0.0043031585180905 0.150032719077834 -0.152914411833147
0.0168763584876126 0.0104876598053133 -0.0387940245100353 -0.195189744044067
0.0210161239965997 0.000171866465517695 -0.123598674642109 -0.0887116382808803
0.0186917400816857 -0.00629568360948194 -0.107567911321923 -0.00305690820162016
0.0292074310237165 -0.0115251877641662 -0.0816112584962323 0.0530194049417818
0.0375280097333785 -0.0137169518834748 -0.076924751065865 0.0901282743097014
0.0558106711152375 -0.0048437710037438 -0.113674583042728 0.0948409472102311
0.0450533806728648 0.0400390527759421 -0.168955280848258 0.0171457545866198
0.00179704418147559 0.0669707467527825 -0.154764597615855 -0.130772922805932
-0.0558016730437382 0.0726376430288616 -0.0620891378895775 -0.191161508754537
-0.136169240393784 0.0235909108948983 -0.00174110861448539 -0.188994031312021
-0.186719168456258 -0.0692079954494668 -0.105063868885064 -0.154815634850268
-0.180861115866989 -0.0705148369107676 -0.0704744223694991 -0.0856375158846065
-0.118550610400694 0.0340500921639103 -0.0372184665838876 0.141448038289745
-0.0430949496606356 0.0725513856287413 0.187833222941324 0.0873995793854869
0.016227666216687 0.059683525078944 0.185474491519317 -0.133815995155187
0.0575752352996907 0.0383970639969609 -0.00699089434909177 -0.199639731359395
0.0650354729318631 -0.00358335488575417 -0.104962964466251 -0.101439046890216
0.0489097104441244 -0.0261977016480733 -0.0923988136017376 -0.0141104904082154
0.052300690802767 -0.03137927347573 -0.0639525589732994 0.0423202479855237
0.06438924300954 -0.0297434978323032 -0.0509774795823366 0.0818467272176704
0.097519781535612 -0.0135490364235304 -0.0764498721981547 0.10816995522265
0.0909650532376685 0.0572971051961733 -0.141635995631606 0.0681380446681364
0.02283508824432 0.112885639866708 -0.176823805863524 -0.0766724636559982
-0.0862330121840791 0.122736904960212 -0.0992741862628925 -0.169943168935494
-0.197697562667041 0.0311237959363572 -0.0130185781046604 -0.171436614228897
-0.238700618145239 -0.104892426472046 -0.0632783051580333 -0.106611113776254
-0.196854516745036 -0.124931811330005 -0.00688229328009029 -0.0396373758151453
-0.177739807225121 3.68303258583042E-05 -0.0309531415495661 0.161626754883637
-0.107394478628492 0.0919568727083871 0.194885078454303 0.140548775841837
0.00601351630344285 0.113707050592811 0.220796342315171 -0.0833260512971868
0.0865426151505 0.0713967446588591 0.0450991277590512 -0.183874954228839
0.103246735880677 -0.00108038283828621 -0.0653078016548629 -0.113642246616184
0.0754725040852348 -0.0409161537842541 -0.0648863501794347 -0.0333566598007872
0.067211259538481 -0.0471297724818686 -0.038774334896289 0.0238860195950047
0.0773683027508265 -0.0428049139675218 -0.0185531453685897 0.0648468000027972
0.120331799704388 -0.0247832705634252 -0.0319956353301203 0.110568074307851
0.125073589803273 0.0556205012648559 -0.0949940501117983 0.111445080560603
0.0527240493568207 0.133450830319215 -0.177462070775538 -0.0122336660827086
-0.0876761943279591 0.159339375549487 -0.128473882466356 -0.134592682419804
-0.224356838252431 0.0454567759598424 -0.0196019824178772 -0.155164608603245
-0.25574525242964 -0.117476432596868 -0.00845178093662546 -0.0562361235561215
-0.176329941432078 -0.158771895593764 0.0582515959545533 0.0237909570149612
-0.198304496941807 -0.0462324541374107 -0.0197555882709653 0.177823625213755
-0.157998283236513 0.075766334422699 0.175477088670095 0.189474442368665
-0.0220760645256835 0.142854259279525 0.233375724414984 -0.00945112005245215
0.0904812509839717 0.0989277294564545 0.10453733120374 -0.140925960277543
0.122818516613693 0.00776243815080718 -0.00870576641369059 -0.117780279681472
0.0916841151254099 -0.0469665605138227 -0.0271189045580338 -0.0562384821095466
0.072163653026549 -0.0548936842209375 -0.00847580901953819 0.0019527005597981
0.077782317751791 -0.0505863636029768 0.0140653736477819 0.0435988280219159
0.122572160097276 -0.0303908399649994 0.0121421081757307 0.103129000621256
0.134163930977556 0.0488134077703413 -0.044608175726074 0.135948624067671
0.0657840666782993 0.132260848750247 -0.156619550059768 0.0439813603065072
-0.0830485930829697 0.160529963222362 -0.139511012803504 -0.0951652421587487
-0.214812424711878 0.0391521668270769 -0.020995233305026 -0.138505102825568
-0.229813998186504 -0.118301391203967 0.048114549292627 -0.00967750920897599
-0.124142645937952 -0.158195013546144 0.112728490265836 0.0912395512353995
-0.170612261680463 -0.0860454002492797 -0.0070121872408242 0.189601249493656
-0.169400503405541 0.0319308430588089 0.135339794471763 0.217879608654357
-0.0512538459022254 0.132479229464168 0.212736904714098 0.0664543938741322
0.0719269902472357 0.106789122511717 0.150276208758025 -0.0789036486727568
0.117001758553224 0.0169771780108857 0.0514072751664345 -0.110270259787719
0.0918403708882365 -0.0444210715910114 0.015006732056899 -0.078051830496698
0.0671295912012231 -0.0540051665703871 0.02212332473009 -0.0205338966161052
0.0682046467094895 -0.0505541950981052 0.043811745804312 0.0214450028801241
0.110250498441711 -0.0282441282130212 0.0477252558058094 0.0913016032735869
0.121775704862393 0.0452228022146594 -0.00249746104224365 0.146385690952693
0.0557668812020215 0.121240666392449 -0.129992894626056 0.0824897058266647
-0.0860829641093826 0.131905233094844 -0.135311500414997 -0.0593766016355201
-0.183171556990584 0.0086549569654487 -0.0185513281407489 -0.11683914523188
-0.16851504066627 -0.115037102990163 0.0932154988788226 0.0307435495278342
-0.0542113556934096 -0.120405105664512 0.145533875075677 0.146064989810617
-0.106007206768821 -0.0966495293836088 0.00157276274732421 0.195145192473543
-0.135400208670618 -0.00967692865271078 0.0892038314157705 0.224145322306415
-0.0586393861688438 0.093669433636026 0.171639843240712 0.123456922980492
0.0448331095765611 0.0875144960922022 0.173946988993292 -0.0168054431622829
0.0894246920903085 0.018319557178823 0.102143655189567 -0.0952551849498129
0.0748232138555905 -0.0349208357087475 0.0531131233685022 -0.0937606808224788
0.0521856842183399 -0.0450120229725821 0.0489190322467561 -0.0398426799944043
0.0517538445038336 -0.0440482969621492 0.0682454151277905 0.00418490184857514
0.0872624911338887 -0.0224616796928384 0.075224588354906 0.0817507475177483
0.0973148692426396 0.0413438845281076 0.0259492737530862 0.151260823257102
0.0359290199989193 0.106378462150191 -0.108384479243749 0.108614979554576
-0.091265482550342 0.0915377905971681 -0.128412280787146 -0.029921819082806
-0.137532416294374 -0.0286129553562915 -0.0171277238083938 -0.0927966407198681
-0.0869026066071611 -0.103827178916816 0.11787071342658 0.0661191705781257
0.0206943959658643 -0.0574608431919388 0.156827739594755 0.171509354887064
-0.0298704612630149 -0.0747405726803461 0.00544194376384124 0.188510336215853
-0.072515504061646 -0.0280823815954707 0.0533186431580131 0.216929115727387
-0.0393025931696918 0.0445404683762907 0.139172404480495 0.154838329599098
0.0201277442479679 0.0471246790786032 0.183974262372969 0.020389725359911
0.0480640007060526 0.0107012008313974 0.133744705433317 -0.0847657671068501
0.0432475810602851 -0.0217334021966265 0.0788219053077684 -0.103394333172686
0.0286720304400626 -0.029623135101395 0.0684943218737357 -0.0528953892738657
0.030615219592651 -0.0324358956527612 0.0863940264513763 -0.00657175717069967
0.0576374917418252 -0.0157743266343151 0.0932094767742476 0.0773745208775026
0.0673756482430212 0.033211520927625 0.041100695190661 0.155570045689926
0.0172255845505574 0.0847912683764298 -0.0992284774845699 0.12578754477925
-0.0877700654631933 0.0488029388575683 -0.126627735586952 -0.0124760426842324
-0.0808629733623868 -0.0576850795605621 -0.0176773674292599 -0.0758138643544919
0.00135473951190597 -0.081416921710506 0.119610605342129 0.0922296022666879
-0.0660245943891778 0.0435590129821775 -0.159928210795442 -0.0982249929549456
0.0258841162722831 0.049343655736797 -0.0325445938462213 0.119425135519446
0.0519452084536431 -0.0105386162587248 0.144863349635829 0.023690896963686
-0.00551862171631759 -0.0382805483252905 0.12099297277275 -0.158443191068689
-0.0224047786417482 -0.00847841601600626 -0.0573276558148923 -0.182506237360568
-0.0191499950049471 0.00848736236011433 -0.127350864057694 -0.0739553027091454
-0.00894580695486746 0.016344031679402 -0.110744697622554 0.00523857315575494
0.00219511804016767 0.0100872281019641 -0.0849479935863925 0.0602076514221231
0.00240879837055532 0.00145097200931945 -0.0848587411893888 0.0970576007367691
0.00206493251727727 -0.00577667695808033 -0.126786701809708 0.0868761134877505
0.00433620590349359 0.0015589081216562 -0.177026862497788 -0.010334991829856
0.00947921979974665 0.00670665615359862 -0.14171960923128 -0.150248634101511
0.00889842948920774 0.0369262249686611 -0.0454916774444415 -0.198530206510275
-0.0504582453630573 0.0450328628392204 -0.00121405632014275 -0.210675186113205
-0.113024416093736 -0.000900458738062656 -0.133779911690535 -0.181132788523793
-0.1328897513308 -0.00476861296011999 -0.127847657154941 -0.0991533130106041
-0.0419242542496684 0.051791259073476 -0.0327868473178607 0.127294697851405
0.0154031490875188 0.0317260477675869 0.168337867274687 0.0395182113109915
0.00995567535726728 0.00316337440442966 0.141813097378036 -0.161704966000959
0.0176524987842764 0.00934948037965139 -0.0494678065292614 -0.19380335262018
0.0206959805902219 -0.000764001989337758 -0.127695528000808 -0.081574604133287
0.0182531208069786 -0.00624219585591172 -0.107173401881728 0.0028377518700282
0.0288452648653122 -0.012854687369175 -0.07809865109183 0.0576737836193409
0.0370516130143663 -0.0161374492530421 -0.0718401488154343 0.0945562577223359
0.0546972398159195 -0.00790898848150003 -0.10716061574824 0.100905396050849
0.0472272221629425 0.0374433709748568 -0.167286470367764 0.0258388321274008
0.00470323601796706 0.0657678929532092 -0.163519000022561 -0.122027582961618
-0.0521896975195117 0.0742762591456206 -0.0718928307702988 -0.189358683544949
-0.133727963329838 0.0297074588286272 -0.00950812964242146 -0.189829705948792
-0.189094437543943 -0.0580096033325559 -0.110211901206274 -0.147764403214724
-0.181826825053679 -0.0600641105939483 -0.0762535376854235 -0.0788382305106544
-0.114806059082308 0.0399010339691982 -0.0306270863267484 0.146826694573377
-0.0387595694195783 0.0735447739363179 0.193561064158354 0.0784102766394514
0.0190828366584856 0.0581078271788396 0.178822478656388 -0.144213326848444
0.0591037640369277 0.0341450185801141 -0.0179863941235187 -0.198208165134942
0.0640101601747478 -0.00740485579665661 -0.109782035083336 -0.0949070314186658
0.047155429961303 -0.0280002381347033 -0.0925718969012378 -0.00983405207389618
0.0509149498016911 -0.0337743258381627 -0.061418510622114 0.0453381067286106
0.0624112435114828 -0.033033162045949 -0.0461249825189272 0.0842616209054485
0.0956903188268362 -0.0194532999498671 -0.0698274088559041 0.111783377546069
0.0937984666692544 0.0514059001406168 -0.137158628470114 0.075358995865748
0.0285709160910997 0.109893650964127 -0.182293189012241 -0.0664450162451497
-0.0796791549284211 0.125186186381865 -0.109608864666921 -0.165395111061992
-0.194345348095139 0.0413175947058246 -0.0207876077524099 -0.170792574529532
-0.242926792032129 -0.0906242036429298 -0.0668914325812818 -0.101601170696368
-0.200487567019875 -0.113279198624629 -0.0118884220744929 -0.0368523093615373
-0.174609783706338 0.00953293949149419 -0.0250069656382885 0.166520558909706
-0.101863165970357 0.0964033488895279 0.20211316057181 0.131321387487172
0.012025411444171 0.111827339450997 0.21683413754064 -0.09526462811978
0.0895666886093135 0.0653200561903021 0.0352965571828463 -0.185965429898091
0.101135487198796 -0.0072767046835483 -0.0713047810700446 -0.109530205013396
0.0716292472443151 -0.0443260907734734 -0.0657613764569022 -0.0302112320323524
0.0646302817886134 -0.0493305239626844 -0.0374356452442345 0.0256782668720826
0.074831861369313 -0.0465989796236892 -0.0148491156018541 0.0658987578684026
0.11755501586096 -0.0325144138276748 -0.0250070613960334 0.112063778368423
0.127456038227714 0.048006439007958 -0.0884137249836987 0.115281795046456
0.0596246801971729 0.128426800544857 -0.179248552737945 -0.00200651416571012
-0.0804127411017242 0.162145991032097 -0.136472379683661 -0.128020638009092
-0.219439522752866 0.0564342262411929 -0.0269255286363974 -0.154486376739049
-0.260245575866083 -0.102468137948648 -0.0098253057807894 -0.0547525510162869
-0.182180474806925 -0.148018447679856 0.056425808223864 0.0211379934334481
-0.19800101144439 -0.0356481628589352 -0.0138201188691978 0.181582163821368
-0.153496958254531 0.083177585633588 0.184839803704399 0.180683445601505
-0.014321145054512 0.141919160243937 0.233642270065625 -0.0210829701399345
0.0959565510894941 0.0927947561084274 0.0970407677812232 -0.147004667279061
0.121162729371703 -6.80451816002766E-05 -0.0160544799586386 -0.116887348866732
0.0874089697290023 -0.0510792843242154 -0.0294769734903462 -0.0550180863425659
0.0688974193461649 -0.0572045242752261 -0.00811624954847599 0.00234162028986475
0.0744504574316272 -0.0534622068226888 0.016192023652475 0.0428585802585225
0.119655487428258 -0.0388546730079058 0.018156703356607 0.102010160671272
0.136353112581425 0.0402196405709314 -0.0363697228370455 0.136865413163531
0.0721807461783692 0.126438875518936 -0.155492368023581 0.0528476034088425
-0.0747867642509333 0.163101201257923 -0.146414000395114 -0.0868363799942521
-0.21122626259733 0.0502895454844951 -0.0277964289555592 -0.136286735890487
-0.234167738910229 -0.104379123287487 0.0484821756179293 -0.0118040385151323
-0.130250771671164 -0.150455416437528 0.113568356906223 0.0849844373069238
-0.172370346486032 -0.0763513691205165 -0.000552149172723896 0.192011695875976
-0.167156747186435 0.0407130328499085 0.145887099402119 0.211399838080764
-0.0432944039601984 0.134001449683063 0.217094127189487 0.0555060970529677
0.0784065405288395 0.101566752849242 0.145670677848054 -0.0866920049497909
0.115984521736335 0.00920963674751604 0.04435201640798 -0.112549641459848
0.0875073367198471 -0.0488676177224862 0.0105473124473239 -0.0781200841822646
0.0638725163713404 -0.0563048488028616 0.0211506301418944 -0.0217478160072285
0.064425434802323 -0.0524273366791566 0.0443730871076465 0.0195562797342696
0.107530656622999 -0.0347393403347127 0.052884629593615 0.0889032777040524
0.123439302885757 0.0370960781555073 0.00583349253354868 0.14540859428837
0.0623541151420991 0.116813479817177 -0.126870197557261 0.0903211629887954
-0.0792129664330439 0.135769800577143 -0.140843825090798 -0.0513066430924802
-0.181330887153073 0.0187317073369306 -0.0243368365289284 -0.115802271833191
-0.173587236179489 -0.104237662548732 0.0944676949220906 0.0257033612596239
-0.0590443847736803 -0.116568440186383 0.149212973396491 0.13730315050444
-0.109146928587362 -0.0897444135690249 0.00787735734094264 0.196245211118472
-0.135794763854005 -0.00184307712205821 0.100370792955806 0.219195234697789
-0.0528543550669578 0.0961576127796297 0.178449412848108 0.114983847309247
0.0502942477890507 0.0836604046395512 0.172396903539796 -0.0271205451549724
0.0892089960179111 0.0124962559978869 0.0954980716682131 -0.100720205875196
0.0709801816439377 -0.0393635855324968 0.0471035670332282 -0.09630146217043
0.0494134473523452 -0.0464606970830886 0.0467044576145168 -0.0419909780015715
0.0480472120676487 -0.0452636372504343 0.067875541233437 0.000777790235555173
0.0843713339045613 -0.0276941424677919 0.0795728471664283 0.0780193599057668
0.0988103254327808 0.0350161450702453 0.0350692619499277 0.14905912948162
0.0421379602048307 0.102366938984858 -0.10361965081636 0.115212885728264
-0.0864219668014844 0.0957042808000943 -0.132127669962279 -0.0228812103942555
-0.137876364301151 -0.0214020528121835 -0.0216558608197084 -0.0917028140788731
-0.091534249235441 -0.0984050186701287 0.120835381478045 0.0582077949831253
0.0186428906647347 -0.056493985382656 0.162324036074084 0.161810622297136
-0.0321304708487878 -0.0720243640475849 0.011833754761481 0.188006587725986
-0.074279516466615 -0.0233125461870474 0.0642509386655697 0.214453247694052
-0.0361837654705414 0.0462166165628647 0.147918863375799 0.148162183547127
0.0230994387722559 0.045002962481744 0.184625404139538 0.0100740391349786
0.047762346787189 0.00701785404482577 0.127695436727531 -0.092024180456379
0.0406760987072011 -0.024471556986751 0.0716286449720722 -0.10799719619145
0.0268269132484969 -0.0299877529547322 0.064509969204108 -0.0567250695841482
0.0276800274474018 -0.0330361527611621 0.0847486978221873 -0.0116701665653628
0.0557457722393777 -0.019146227930896 0.0975501739032868 0.0721860003254401
0.0688235883244783 0.0284307456434703 0.0502397613699619 0.152980947024301
0.0222349137799181 0.0826791383121203 -0.0928903004125142 0.13209956161094
-0.0849760695227747 0.053911940861851 -0.128456290068221 -0.00576100405921645
-0.083770618253371 -0.0525477811054346 -0.0211779928650366 -0.0750647684257755
-0.00356195585527849 -0.0805587157278837 0.123296524279889 0.0832851257956613
-0.0666842544823974 0.0331960512487174 -0.146867536030971 -0.111195942357141
0.01894613500422 0.0497380585574615 -0.0450718701699706 0.116606727020604
0.0505253083239083 -0.00416422618951725 0.139756634583504 0.0432791071450642
0.0005016755665433 -0.0371297916173062 0.134808541601731 -0.137723483018491
-0.0194763042146622 -0.011624842220177 -0.0340748514177908 -0.182928129569833
-0.0177342887726713 0.0065790154159527 -0.115273168706228 -0.086648793587283
-0.00903810518763782 0.0156590204528635 -0.108769486467535 -0.00765770343753293
0.00188799562512593 0.0106343687544742 -0.0898333696170999 0.049329671332434
0.0035155782493616 0.00199624394527164 -0.094394110495617 0.0860946433862957
0.00395142724185278 -0.00543151105234706 -0.134632692456677 0.0707569415116976
0.00482549835329702 0.00357404838672892 -0.174167072672148 -0.0312679498015228
0.00871188560453415 0.0103240280092983 -0.123871983379635 -0.166888033859454
0.00272447538019948 0.0389571082209919 -0.019431984846319 -0.205920339969273
-0.0563830301940439 0.0387093022205295 0.0273768116676264 -0.214015788435489
-0.111189028833188 -0.0114634222838953 -0.105710409790026 -0.199642595764908
-0.124647952113844 -0.0201732061989172 -0.115575420374011 -0.113696089933062
-0.0455666385152971 0.0430890937182479 -0.0483063164103454 0.122772069721071
0.0102064223013138 0.0314074170648422 0.156850225150289 0.0600446324489139
0.0093665203375182 0.00437737199060102 0.153657694121116 -0.137627448820331
0.0162013289121909 0.0113448142598457 -0.0262969822321928 -0.19062617375095
0.0214596930834519 0.00270178279409502 -0.113542505640443 -0.0914989704214165
0.0192814342638097 -0.00309283716670029 -0.104789149469471 -0.00963475002447565
0.0306504505661377 -0.00860162891013019 -0.0832620149747156 0.0463732393610793
0.0392736890582669 -0.011094859011294 -0.0817058629803897 0.0851848529695421
0.0544942897474537 -0.00195460651131413 -0.117792891538406 0.0860620119757172
0.0428605069434896 0.0432489755189006 -0.170170971185355 0.00354036966123824
-0.00229562886878264 0.0675307524731416 -0.1497507332453 -0.142714185823184
-0.0614772403705474 0.0684762076659759 -0.0451178743257788 -0.199518239086089
-0.135238301838056 0.0140346684178479 0.0195104131940979 -0.192802910457618
-0.179661466906196 -0.0769715839867418 -0.0824302866326111 -0.162040631680121
-0.16424998369128 -0.0790029856490501 -0.067210412861212 -0.0944071824324333
-0.112701651650096 0.0220704950062495 -0.0511130367422954 0.138135350680054
-0.0466290313636601 0.0638722054686721 0.172603590971101 0.0982677499178482
0.0105001265918942 0.0583243693520419 0.184498290374059 -0.116234377359474
0.0527706499927719 0.0412199064623662 0.00236855483883497 -0.190698463480973
0.0632941960473467 0.00142640623375052 -0.0945694374908256 -0.101371765831859
0.0487252324556496 -0.0205260276742766 -0.0885175600331998 -0.0193201397218407
0.054117037652668 -0.026232690402351 -0.0655885200707016 0.0362345667403265
0.0656779012192821 -0.0242806610505508 -0.0559533846113592 0.0776373154690641
0.0953741770966985 -0.0076874560368732 -0.0840475649486255 0.100794632048785
0.0866334466464479 0.0618846624565622 -0.146938567586319 0.0543174238805061
0.0158058632620941 0.113388797668033 -0.176625103260296 -0.0908817863194904
-0.0938679660406834 0.115927936658312 -0.0845321706534463 -0.181613943391814
-0.19558853089328 0.0180969807975472 0.00881022803814509 -0.175536956520936
-0.229724421162521 -0.115417262647749 -0.0415920696948189 -0.111057897427003
-0.174818654229652 -0.131386552993186 -0.00753640227904631 -0.0508758878439272
-0.165566891066988 -0.0142808753303774 -0.0492836438646475 0.154483430359778
-0.110085998353462 0.0773802379738239 0.172576797277937 0.146767370508473
-0.00409530973295502 0.109072730893135 0.212823423982914 -0.0660278658718591
0.0772273795707616 0.0752731840766236 0.0499219382585945 -0.172004439035074
0.0985048670385 0.00618839148551937 -0.0560269241028811 -0.109275590732675
0.0745046140267782 -0.0336659448655899 -0.0607435308695397 -0.0359893334795697
0.070200225258903 -0.0398555147436361 -0.0396383575113926 0.0197580882655985
0.0791871528271035 -0.0357248788657135 -0.0239578214263103 0.0628913281855317
0.118390367167591 -0.0179303397112758 -0.0409209602292898 0.106379990063253
0.119709283552167 0.0617594324175124 -0.104968161754915 0.0993782629451549
0.0443486877705265 0.134031132255976 -0.182372064602135 -0.0256838219205988
-0.0968563622444641 0.152274305362866 -0.117071398661462 -0.148552642956398
-0.222247029856021 0.0304128499738724 0.00141154552050454 -0.160411822600221
-0.245763778521609 -0.12892132956613 0.0104107566753538 -0.0572337392188881
-0.15327749008061 -0.162471489036702 0.0533605283049628 0.0114810447979584
-0.181779935068235 -0.0593764786480035 -0.0401415549593791 0.167387576124677
-0.15766317232007 0.0585456757114962 0.149574748407084 0.189461702739792
-0.0335563083850522 0.134226996674551 0.219285326940152 0.00474052062469839
0.0789813315987854 0.103002974610036 0.103530977599315 -0.127228755998026
0.116023509658339 0.0158308230603111 -0.00169886250567777 -0.109239104208818
0.0899568572208636 -0.0390807249865036 -0.0230379862358587 -0.0557100129782797
0.0750678253609977 -0.0473275493972459 -0.008308954170297 0.000311062164744524
0.0793139171342153 -0.0425868333539084 0.00851154058976122 0.0438100698993565
0.121230455335972 -0.0241863286284563 0.00239909034313852 0.10207246607143
0.129294692187305 0.0543341206656051 -0.0558083602431986 0.126849154340616
0.0576947964240815 0.132526194788579 -0.165675791674794 0.0323348388197425
-0.0913287664223552 0.154267947279151 -0.132271301138892 -0.109323375946835
-0.213090578710682 0.0261108733149063 -0.00251830813346984 -0.142610913673447
-0.220222359294194 -0.128287413511364 0.0623247533371054 -0.00752589061876079
-0.104187335739428 -0.15852738398971 0.103056683153059 0.080882018722215
-0.152094830358184 -0.0948224243129603 -0.0265341987183602 0.177845615959853
-0.165695099828921 0.0163549653934292 0.110337557035515 0.21275730372394
-0.061257023284731 0.122609686473697 0.195425011123999 0.0760815031449666
0.0611079865990678 0.108893323964193 0.143426308115533 -0.0653154053004429
0.109096359258992 0.0240327910093432 0.0549451872147736 -0.0993127857128572
0.0893084320327808 -0.0370506550469929 0.0182382813780196 -0.074257065924023
0.0696124368688793 -0.0466715356805973 0.0228932764807398 -0.0198702076372743
0.0690697093616439 -0.0427312008550167 0.0389951137097625 0.0247961240257671
0.108097828906207 -0.0222892366657851 0.0385278724372032 0.0927233846001366
0.116974026776837 0.0499110251581125 -0.0147191113233316 0.140485920639623
0.0491730230405995 0.120688659517516 -0.140453401430929 0.0727599080479163
-0.0923296589499565 0.125802537338459 -0.131441753947359 -0.0719277798188101
-0.180031354903398 -0.00152476471194565 -0.00279296426732075 -0.118860917533634
-0.160164843301079 -0.121997833519914 0.101574624523132 0.0358668564516011
-0.0406028139870853 -0.117440503747999 0.130861908272383 0.139543917082795
-0.0900029909511944 -0.0998071373910447 -0.0161869204414098 0.184845893078128
-0.13023634078238 -0.0196267897449074 0.0675696511566887 0.215749326839006
-0.064477796977301 0.0847651473943764 0.153021518104632 0.127574642776242
0.0363809910045892 0.0879192099195799 0.163941124182597 -0.00559526807939358
0.0820120634372999 0.0236482276238858 0.102871743977865 -0.0833353595671716
0.0718794976642438 -0.0299200846394661 0.0547617996887458 -0.0877992803051874
0.0536922856042196 -0.0391889654449761 0.0497590174937441 -0.0366934980481241
0.0516175080403167 -0.0374923016471396 0.0646378308312818 0.00950753843325906
0.0850618616440492 -0.0178257673963044 0.0667425609814866 0.0850740778171695
0.0928960126627921 0.0442349947824057 0.0143091477498969 0.14799148507618
0.0309462959750126 0.104260414336721 -0.119338923894862 0.100419315114272
-0.0943686117880394 0.0864977464998576 -0.126029554661289 -0.0409588014107261
-0.133190166168298 -0.0360338975325309 -0.00444701893151484 -0.0936950040110529
-0.0797138254956323 -0.107515376069134 0.120222080346829 0.0723815325780132
0.0254511995096246 -0.0516260039249451 0.139497486130842 0.170540743080367
-0.0204375864593884 -0.0723043755837285 -0.00920302390385152 0.18066440059916
-0.0683241361567201 -0.0313535692198188 0.0357946008181503 0.209610043030266
-0.0418172220284406 0.0395781763480887 0.121904695463761 0.15700294292943
0.0163931504821543 0.0470477379143014 0.173397890530975 0.0304838435434205
0.0434358315184737 0.0134763343586083 0.132379543769262 -0.0736705835422431
0.0410066786125019 -0.0196104650810889 0.0795256740306063 -0.0965275082993539
0.030229174753264 -0.0261332447878364 0.069189697302417 -0.0486220884072052
0.0299869867207656 -0.0285144214659369 0.0832224116313436 -0.000735584528262239
0.0560874320047605 -0.0131328469419272 0.0860914094887533 0.081797431426134
0.0639240339660192 0.0340834528398766 0.029775007607603 0.154838506750487
0.0141236778320271 0.0822288218736805 -0.109796278796146 0.118832312284653
-0.0877283559835302 0.0456405319713203 -0.125369215153498 -0.0219699715976981
-0.0768483892058226 -0.0607635284236795 -0.00860127667538945 -0.0755770671354435
0.00508885198350695 -0.0811569756664538 0.115727062290852 0.0996667977852662
-0.0661795445605814 0.0319127226134854 -0.14526768427533 -0.110117078900855
0.0185413075757961 0.0485316181860973 -0.0454175233135903 0.119038958481804
0.0503037700795585 -0.00412011327772378 0.139853889328936 0.0469663496816
0.000127667817630139 -0.0373773924711675 0.137348635792063 -0.13695599323011
-0.0193038990663078 -0.0116087657942676 -0.0325133034889597 -0.184745750852271
-0.0172940296112794 0.00718718396745995 -0.113553393742122 -0.0883605519024473
-0.00841180281445854 0.0165190426354119 -0.108840955968417 -0.00906049963566987
0.00277197345048629 0.0104642489404959 -0.0904736242694861 0.0490021100381434
0.0036958666341457 0.00199969624869318 -0.0951774237707463 0.0855759678954525
0.00376463161543971 -0.00501576611294496 -0.134534820158596 0.0694396331972904
0.00512588020572837 0.00396943738432435 -0.174791244414384 -0.0333618598128921
0.00800433275818665 0.0101292662129652 -0.122836365593453 -0.169342929697601
0.00166604410546622 0.0379591600851834 -0.0147282681660215 -0.207691075409874
-0.0568447939014997 0.0377190464190425 0.0326082081047497 -0.214508568216707
-0.110402001361374 -0.0126476082343066 -0.100145016140196 -0.200292040238349
-0.122702964729301 -0.0215302442392649 -0.114485637653779 -0.112819191503056
-0.0450760580603297 0.0418300960474104 -0.0496697237031734 0.124626463145536
0.00984399431221731 0.030441205270008 0.157187917085922 0.0638862991998806
0.00862391858649411 0.00421611173869976 0.1563224684123 -0.136054720867497
0.0161191482346734 0.0109166900061792 -0.024139882353621 -0.192027015059838
0.0213527562345267 0.00348687823848247 -0.112366090395589 -0.0934719748395506
0.02006296079085 -0.00140579517982749 -0.104514916599072 -0.0112883158350293
0.0314505459993605 -0.00789919863193161 -0.0833532533617693 0.0464053975324641
0.0395333043371752 -0.0107624845454925 -0.082088004511609 0.0844795416463332
0.0542386797927586 -0.000731366255152719 -0.118340575938857 0.0847427479438401
0.0424096419492615 0.0438277125881551 -0.170757176855527 0.00149976879333676
-0.00405558656359438 0.0669980154916472 -0.149749207718931 -0.145388216197317
-0.0632998091754767 0.0664674650742133 -0.0410575229143153 -0.201714963599505
-0.13493597492672 0.0110009385731052 0.0245858494118217 -0.193450572772609
-0.177801386912687 -0.0785885393878817 -0.0772959792513466 -0.161791028044995
-0.160934087027674 -0.0806175093626848 -0.0671852507231548 -0.0925332651152143
-0.111710006122434 0.0194841331420195 -0.0535382119950836 0.141043911926542
-0.0473020426374713 0.0617347801346002 0.171941167661889 0.102062012580696
0.0092685252937226 0.0573763389765345 0.187324630355061 -0.113474472420689
0.0520228975633974 0.0410891704578303 0.00484134152125987 -0.191213707440531
0.0625327370559207 0.00221475568177129 -0.0931459693676852 -0.102560447573746
0.0489084288333489 -0.0187866226617139 -0.0882008718316402 -0.0208787201904655
0.0552800313849064 -0.0248780921509561 -0.0664254636357472 0.03639264562137
0.0663386208692402 -0.0234248036029198 -0.0567007192784488 0.0770266861326915
0.0950848180281985 -0.00697042858946697 -0.0845482172328355 0.100828622115724
0.0859510531711603 0.0624586994949921 -0.148501022006126 0.0520389780598958
0.0135701425996238 0.112593352971095 -0.17723612569508 -0.0932606942751906
-0.0967662260852309 0.113565773568728 -0.082159329755683 -0.184108617401432
-0.195363098353207 0.0148630817492584 0.0132047593086213 -0.176892122320042
-0.227307325337758 -0.116729850874039 -0.0380051098985767 -0.110524753789994
-0.17099688036609 -0.133606643746368 -0.00932789304728089 -0.0493268506251011
-0.163241048307666 -0.0173778674555594 -0.053037740281503 0.1568611832161
-0.11094851433077 0.0750174005536667 0.17066697368157 0.150877405606731
-0.00584472549587724 0.107625929055406 0.215484129671563 -0.0627727844853098
0.0761274279179782 0.0756070997082586 0.0524923365667859 -0.171243173801055
0.0971036302718384 0.00661311133660745 -0.0543482483760739 -0.109741836120725
0.0738017228063653 -0.0314512349885271 -0.0596979140973424 -0.0372591915242664
0.0708205130413371 -0.0377661851236373 -0.0398471690890932 0.0198049679482155
0.0795512781912779 -0.0342491735949085 -0.025313114629604 0.0627453743577709
0.117451673916568 -0.0176595860162791 -0.0416735936061302 0.106596876950835
0.118859536670816 0.0619949220228469 -0.106545686068336 0.0972198938011273
0.041929411859377 0.133435444148588 -0.184013963141659 -0.0282881360134956
-0.0989929040592921 0.14996154072194 -0.115908064906058 -0.151318774896716
-0.221429780014856 0.0270660209958254 0.00463549887888384 -0.161356808874717
-0.242510836331804 -0.130313250741735 0.0132912950097901 -0.0568791437048108
-0.149108138114623 -0.163865947155616 0.0506070374123153 0.0135376635532282
-0.178270180710021 -0.0627461199027701 -0.045092113272108 0.169493212974484
-0.157926295337454 0.0556779684255452 0.146876914420572 0.192637283932901
-0.0355433931098126 0.132573831218299 0.220799869231541 0.00928375801163407
0.0784088485457632 0.102441516199328 0.105271701171306 -0.125989256873554
0.11397354043468 0.0163606159366525 -0.00115156466758099 -0.109561088833856
0.0891748527314355 -0.0373560018123436 -0.0221964679003718 -0.0564367515719895
0.0757737670881138 -0.0450559196431648 -0.00830403435672432 -2.01216902860766E-05
0.079583152160803 -0.0404461440054388 0.00830140046762456 0.044468700555734
0.120118372466975 -0.0236447587616408 0.00178876594513586 0.102969756777927
0.128224747829027 0.0550223880372843 -0.0578921933951241 0.125447490091526
0.055393092688899 0.132047260662173 -0.167815589461438 0.0305028468346828
-0.0932987326566448 0.152126399771426 -0.132326953672001 -0.11098927850206
-0.212695587769986 0.0228864203677872 0.000961889708926114 -0.143502390425831
-0.217696702607467 -0.129500304210718 0.0645511478439313 -0.00705128972518907
-0.100293924753598 -0.15903761463894 0.0985251318422457 0.0824472911385756
-0.14862910563576 -0.0970397055721467 -0.0317341349479896 0.179418947716998
-0.165696950725142 0.0140384662127752 0.106156353428793 0.215321458220225
-0.0625996730984078 0.12103792356422 0.194952903904158 0.0794441612496956
0.0600128516937818 0.108657288976018 0.145477588147908 -0.0640046322449681
0.107452474804206 0.0246281551016425 0.0553388898282063 -0.0984104432245374
0.0888322193061574 -0.0353480480006384 0.0184300708944709 -0.0744185427710271
0.0700953591894753 -0.0443560500980513 0.0233919520928126 -0.0194565581105194
0.0693327624635119 -0.0408308360293475 0.038304502357188 0.0254853044302188
0.107032039915521 -0.0219857637653967 0.0378042711902621 0.0939842173815607
0.116184704005863 0.0499380871089148 -0.0160974975800757 0.140075180958952
0.0477454880374554 0.119879790771665 -0.143605211090727 0.0717539370430419
-0.0943656704620277 0.124564575338985 -0.131946889723626 -0.0735951494357758
-0.179444406597833 -0.0040459402011756 0.000136438914540275 -0.119847999425138
-0.157737274147506 -0.12190987131278 0.102412436585414 0.0366226306902984
-0.0374263948680717 -0.117884684429068 0.125885562829111 0.141462132330036
-0.0875019550022367 -0.100929261724212 -0.0215204810892406 0.185425481763925
-0.129739507853065 -0.0217291710160782 0.0632705613717316 0.217429635694241
-0.0655476671426459 0.0833656547413635 0.15184458742099 0.131499901297438
0.035925189590593 0.0870735030242917 0.164614238704561 -0.00349001661301032
0.0807727217228958 0.0237303807022614 0.102760408076496 -0.082097305915715
0.0707266270904679 -0.0288336316149853 0.0547415617198538 -0.0880406636822196
0.0545287114630973 -0.0377911235590573 0.0506033446342454 -0.0367909753966986
0.0516683716490482 -0.0356089038617409 0.0637457804776614 0.0107203005874891
0.0843215411109476 -0.017498220720176 0.0656193715557825 0.0864584089963383
0.0922612351420044 0.0441944520241855 0.0124331838221195 0.148163967266919
0.0295622993419547 0.103782709743726 -0.121271656248366 0.10004515173226
-0.0951067110667814 0.0851437775344504 -0.126766909506615 -0.0430849968547455
-0.132582303709352 -0.0373571006069689 -0.00248042008167434 -0.0946657089545484
-0.0785491128531443 -0.10724518376898 0.119559923057961 0.0726096401844593
0.0270279503808176 -0.050454179489822 0.134429596454695 0.172539742136683
-0.0180358562094045 -0.0723530094600926 -0.0150942463850627 0.181628636502248
-0.0679017237034489 -0.0320666620384155 0.0314514850828009 0.210872793376753
-0.0420449399811526 0.0384378474729755 0.120341729374519 0.160523181332209
0.0164226509474712 0.0460727318228822 0.173640570324068 0.0324805084236018
0.042217111671662 0.0135197013171827 0.131890844988351 -0.0726615794561596
0.0404094939037752 -0.0190857173150694 0.0799526902793592 -0.0964840027640801
0.030329363847789 -0.0248844214580179 0.0691075091694835 -0.0483164248676008
0.0295928384642212 -0.0271164647071506 0.0823614000776843 0.000772068839618221
0.0552369195894981 -0.0125392579178294 0.0847961403354528 0.0833942671694833
0.0634282964841568 0.0344633372557531 0.0280259597839989 0.155476140324828
0.013491829921668 0.0816071155063302 -0.112289500036073 0.11809665951592
-0.0880562770717041 0.0449347088316247 -0.126826378008126 -0.0241133669070169
-0.0760615755567195 -0.0614584288397159 -0.00745162906629552 -0.0770119470853199
0.00571121114251077 -0.0800382408044334 0.113389895298088 0.0986727243319861
-0.0683258851254296 0.0314528481944779 -0.146926319316703 -0.115535976820296
0.0185857780648007 0.0501044162178639 -0.049033608948997 0.124449224545859
0.0519940373394901 -0.00425321951395055 0.145478939754476 0.0539185223080419
0.000378310170760631 -0.0386986790335492 0.145957567931511 -0.139601296244635
-0.0197134104841533 -0.0122451224605189 -0.0304800911386776 -0.192685031122387
-0.0174425355651393 0.00776392829680836 -0.115512335960144 -0.0946914865091901
-0.00772389061523274 0.0173564920994854 -0.112777201139234 -0.0121873109359306
0.00363391282345607 0.0106748636721233 -0.094332370652326 0.0493529430617678
0.00406211359502039 0.00217491644439757 -0.0992749071205694 0.0866481908221449
0.00413784242369102 -0.00487920538114158 -0.140244245468493 0.0694685770858992
0.00477069933236723 0.00433988449177305 -0.180986074235754 -0.0382758001745022
0.00735560731651728 0.0105031474868372 -0.124622054049315 -0.178976006854915
0.000528920518168087 0.0383989665066484 -0.00840280722674916 -0.217548939056797
-0.0595949158994044 0.0374825841547156 0.0409057686901596 -0.223476928145483
-0.113632089187675 -0.0149993717421247 -0.0967290833224617 -0.209149133139605
-0.125182282308321 -0.0250959916953494 -0.115443750481255 -0.116854781557905
-0.0471475221404137 0.0408422553278344 -0.0538706446144452 0.131399701043407
0.00929093547806426 0.0306207322730548 0.162440506817841 0.0720432902956762
0.00772356107696037 0.00412177921477807 0.165264811235656 -0.137873580606788
0.0162044130691824 0.0115826523638834 -0.0210807502030234 -0.199518036627897
0.0215128190286349 0.0042633690130832 -0.113793076817995 -0.099084587917712
0.021365551801377 -7.44786893037204E-05 -0.107880588210241 -0.0146415471668377
0.0337478780552703 -0.00768653485502698 -0.0872293999065655 0.0466714624709103
0.0413221804092053 -0.00991430653412351 -0.0861655272866989 0.0860049925780085
0.0560328622618191 9.93181363725928E-05 -0.122993721665747 0.0859391002127753
0.0424619656064534 0.0457880306745331 -0.177681001682833 -0.00259865301532825
-0.00658794414652008 0.0685341711693493 -0.15311932907655 -0.154416808340467
-0.0674534408866062 0.0662595116557746 -0.0363561755082808 -0.211718544508794
-0.140188113496909 0.00768461111774715 0.0320080864866317 -0.201926515310687
-0.18172172341697 -0.0843712996630947 -0.0733472323336791 -0.168741121619231
-0.163122893019422 -0.0868439253166064 -0.0680222627152972 -0.0948650193885572
-0.114756962955382 0.0168274456581302 -0.0600582101672676 0.147714801558048
-0.0507822909102558 0.0616938459661047 0.176765709423219 0.112087423356574
0.00729056793337497 0.058928521393503 0.197891519059753 -0.114286310830399
0.0527156457292056 0.042860051869686 0.0093395069021129 -0.198381946516008
0.0636718462131472 0.0038970461651076 -0.0941150171831647 -0.10810489837604
0.0515583464658787 -0.0173004744854476 -0.090379387509251 -0.0243309557816081
0.0586586224017356 -0.024084117430322 -0.0690696404569388 0.0363054877287155
0.0691826157114473 -0.0226872981111713 -0.0604561182188811 0.0795082991976915
0.0976771064435086 -0.00581762999326425 -0.0885203302888575 0.102784516530101
0.0876075424372453 0.0656560008092839 -0.155652989089377 0.0504688386249663
0.0107515357395514 0.11602806499631 -0.183698366292843 -0.101100896460673
-0.102957728271477 0.114469268859768 -0.0806642758647232 -0.194866656895335
-0.201995530087683 0.0101706464981801 0.019993318052176 -0.184421541207385
-0.231043736523054 -0.125085327058615 -0.0342227916279814 -0.11521763488361
-0.172529922668932 -0.141680895858715 -0.010259111550009 -0.0493500585320301
-0.166914816296524 -0.0226389992258491 -0.0606269612395768 0.16424163075573
-0.116426906768997 0.0739376957380269 0.174059961145514 0.161939607808217
-0.00835838670456167 0.109937181942467 0.226465158965348 -0.0600087351320242
0.077213853577627 0.0781435541048832 0.0589807599492939 -0.177083515163731
0.0992991963804543 0.00890554259901366 -0.0539861352915374 -0.115447611092838
0.0770037316560081 -0.0299662995411502 -0.0607424726549443 -0.0407546227931965
0.074410699903852 -0.0368819681934512 -0.0412160180920525 0.0199125116653281
0.0829405306884764 -0.0334188598479479 -0.0268180566671416 0.06492793832406
0.120980796338842 -0.0161845777410338 -0.0449135438382859 0.110318826710313
0.121301962678292 0.0650102574998961 -0.11346598104868 0.0979935354160603
0.0395596509527562 0.138140516969513 -0.191949069536745 -0.0331359776102852
-0.106137077087987 0.152151249112851 -0.117530842837796 -0.160016516741412
-0.229601443837158 0.0228757889426565 0.0106433548777567 -0.169182574608611
-0.247098423591935 -0.138986342736234 0.0174265507183365 -0.0588602112497989
-0.148869534911074 -0.172763376956123 0.0491881715101493 0.0161602554218219
-0.181791838848804 -0.0695543697888094 -0.0532708064077054 0.176878966760968
-0.164742859828534 0.0532691918837516 0.146994679355494 0.204728240476739
-0.0399431598097246 0.13549643901317 0.229748374824166 0.0151180566800238
0.078795952028055 0.106569819951415 0.112893965882926 -0.128221820597385
0.11611052525797 0.0188505094558404 0.00110989628499743 -0.113609417993788
0.0922345154035535 -0.0359126828020379 -0.0219282113027756 -0.0601302035282104
0.0795619778241287 -0.0437712235318525 -0.00863166009055762 -0.000181035490611377
0.0829975540080604 -0.0397924440056883 0.00702061932793593 0.0464751423391584
0.123849539542371 -0.0226924751061258 0.00016001089253822 0.107351223412461
0.131333682067165 0.0577328496645388 -0.0635058828237505 0.128515236865164
0.0543457710495504 0.136569639121013 -0.176280947932983 0.0281061680994207
-0.100490195304575 0.154913948302894 -0.135224848480405 -0.118962050208575
-0.22007068032951 0.018908494747996 0.00582087311063502 -0.150110193539428
-0.221370406217942 -0.136995312515478 0.0687620088044097 -0.00670172329249351
-0.0983197924730001 -0.167228535295859 0.0969629786681995 0.0883624777392752
-0.149415395783797 -0.105103459150874 -0.0408282325568624 0.187231322828652
-0.171552706614511 0.0097255777962687 0.10401300830031 0.226621772180084
-0.0677549214354734 0.122930271538522 0.201248956688227 0.0883831957580331
0.0602066618687345 0.112189813617074 0.152403309098352 -0.0627898370770606
0.109065655478931 0.0265936590804536 0.059383955284155 -0.100757750077089
0.0914474659026642 -0.0344699756556468 0.020251581955986 -0.0775238298870169
0.0740374546571573 -0.0437786591657349 0.0246970882726813 -0.0200583501703005
0.0719351154596573 -0.0400061662932431 0.0385964096568729 0.027879244157487
0.110223456017102 -0.0215676904680084 0.0373835796286074 0.0988007216556619
0.118554869848337 0.0523658093211657 -0.0204895837307673 0.14433910191462
0.0464361589132511 0.123618985803189 -0.15138703459213 0.0718970352348345
-0.100141941586611 0.127046920315871 -0.135981123803737 -0.079539925725605
-0.185710867087099 -0.00802056988459345 0.00379942976942405 -0.12608534867728
-0.159138911463532 -0.128942175242472 0.106117700814075 0.0387112333962925
-0.0349751583936216 -0.122960067479605 0.12388883614929 0.149096301421504
-0.0866693456889066 -0.107353751096207 -0.0299597513386636 0.191724474587864
-0.133707304610874 -0.0251223433460966 0.0594749321768763 0.227713006356228
-0.0696499261475622 0.0845763460286656 0.155977351767868 0.141622589899997
0.035805214483345 0.0897664299317947 0.17069629470697 -0.000328425736832564
0.0816864412777274 0.0252902145866714 0.107102480753094 -0.083068175788115
0.0733661920654885 -0.0280662005204424 0.0579891407939627 -0.0905587603222385
0.0574258378261815 -0.0373319019881589 0.0531746937676156 -0.0375815457619288
0.0537463849176462 -0.0349262848535788 0.0651298234692155 0.0124999471978519
0.0862520274718525 -0.0175495887021914 0.0666299028064405 0.0912400555285512
0.0939649825347937 0.0461523964605265 0.0103555386260949 0.153570679129839
0.0288128775085064 0.106587703643176 -0.129510142020801 0.101695297661745
-0.10070101162801 0.0863866684925866 -0.132290576717016 -0.047341669774551
-0.136286867540521 -0.0417220836686169 0.000151367954503398 -0.0991160047376576
-0.0781418530706178 -0.111990250754054 0.122303639729772 0.076326712977512
0.0303302792390271 -0.0521171955283634 0.132059483973403 0.18120499626484
-0.0165837928266019 -0.075457444724241 -0.0226445999355155 0.188038813028676
-0.0688921139253166 -0.0341127752632944 0.0260692829690942 0.220037423603455
-0.0440001217825216 0.0394815158775741 0.121432488614569 0.171698441854537
0.0164309141603825 0.0473078528885509 0.179174748085772 0.037629750902641
0.0420140354222734 0.014046455488346 0.137763390548334 -0.0721082591695146
0.0410892119685389 -0.0188464567590432 0.0834993287375353 -0.0987010724196699
0.0320910051722572 -0.0252454379202006 0.0725035940836386 -0.0488689022233866
0.0310753115653525 -0.0264488148460256 0.0844870021600591 0.00238187072997459
0.0567437040389888 -0.012663222798674 0.0867847162066678 0.0879698138114036
0.0650102337190801 0.0359317939636488 0.0255919597081064 0.16135002653219
0.0129401540064457 0.0836683865294632 -0.120045499878953 0.12057426356587
-0.0920160670535993 0.0453752304120724 -0.13183476256553 -0.0278523619499684
-0.0774901336916653 -0.0653030330574274 -0.00538134943781647 -0.0810826777267155
0.00764140586937477 -0.0820484736741055 0.114783150646354 0.102635203503037
