TRXV5
3
4
4
9
string Extension=J
integer IsArchMeasurement=1
integer IsSpherical=1
string Generator=SPM
string GeneratorVersion=1.3.1 Dev
double ArchRadius=0.449999988079071
integer FrequencyAxisIndex=0
integer AzimuthAxisIndex=1
integer ElevationAxisIndex=2
Frequency
5 136 690000000 960000000 LIN
Azimuth
7 8 0 2.74889357189107 LIN
Elevation
7 15 -2.74889357189107 2.74889357189107 LIN
Polar H Real Part
13
Polar H Imaginary Part
14
Polar V Real Part
13
Polar V Imaginary Part
14
Polar H Magnitude (dB)
12 0xC0000002 0 1
Polar H Phase
7 0xC0000003 0 1
Polar V Magnitude (dB)
12 0xC0000002 2 3
Polar V Phase
7 0xC0000003 2 3
-0.0192394256591797 0.00956344604492188 0.0260848999023438 0.0135326385498047
0.000478744506835939 0.0182933807373047 0.00870132446289063 0.00886058807373047
0.00863456726074219 0.00554847717285156 0.00117397308349609 0.0126352310180664
0.00793933868408203 0.000349998474121094 0.0106067657470703 0.0179862976074219
0.00718069076538086 -0.00412654876708984 0.0200595855712891 0.0124778747558594
0.00466537475585938 -0.00937271118164063 0.0237255096435547 0.00333595275878906
0.00308609008789063 -0.00812673568725586 0.0214462280273438 0.000471115112304687
0.00356101989746094 -0.00665521621704102 0.0160675048828125 0.00118923187255859
0.00806045532226563 -0.00802803039550781 0.00886440277099609 0.00411033630371094
0.0118227005004883 -0.000713348388671875 0.000946044921875001 0.00345444679260254
0.0094757080078125 0.00911045074462891 -0.00352239608764648 -0.00630664825439453
0.00139713287353516 0.0132389068603516 0.00448131561279297 -0.0147085189819336
-0.0105056762695313 0.0100126266479492 0.0243034362792969 -0.0117034912109375
-0.0169849395751953 0.00588321685791016 0.0274124145507813 0.00211334228515625
-0.0249156951904297 -0.00105476379394531 0.00905990600585937 0.00455760955810547
-0.0264320373535156 0.00490570068359375 0.0179634094238281 0.0166797637939453
-0.00888252258300782 0.0174140930175781 0.00287437438964844 0.0136318206787109
0.00201129913330078 0.0095672607421875 -0.000915527343750001 0.0178012847900391
0.00513887405395508 0.0063481330871582 0.00983428955078125 0.021942138671875
0.0085296630859375 0.00215291976928711 0.0191249847412109 0.0157070159912109
0.00960922241210938 -0.00371456146240234 0.0233898162841797 0.00688362121582031
0.00920963287353516 -0.00459480285644531 0.0201377868652344 0.00377845764160156
0.00883865356445313 -0.00369930267333984 0.0135021209716797 0.00375270843505859
0.013279914855957 -0.00407505035400391 0.00517654418945313 0.00657844543457031
0.0153570175170898 0.00452709197998047 -0.00316381454467773 0.00498247146606445
0.0101766586303711 0.0145263671875 -0.00837421417236328 -0.00645303726196289
-0.000953674316406252 0.0193653106689453 -0.000374794006347656 -0.0153284072875977
-0.015965461730957 0.0128898620605469 0.0189361572265625 -0.0140552520751953
-0.0235481262207031 0.00455665588378906 0.0186424255371094 0.000726699829101563
-0.0314292907714844 -0.00452423095703126 -0.000578641891479494 0.00279593467712402
-0.0304355621337891 -0.00261116027832031 0.00744438171386718 0.0170249938964844
-0.0180454254150391 0.0132484436035156 -0.00699901580810547 0.016911506652832
-0.00640392303466797 0.0121641159057617 -0.00521278381347656 0.0230388641357422
0.000680923461914063 0.0131444931030273 0.00803565979003906 0.0263233184814453
0.00802993774414063 0.00932979583740234 0.01727294921875 0.0180683135986328
0.0134429931640625 0.00297737121582031 0.0208263397216797 0.00891494750976563
0.0141696929931641 -0.000324249267578125 0.0159378051757813 0.00538539886474609
0.012690544128418 0.000159263610839844 0.00862789154052734 0.00589227676391602
0.0161590576171875 0.000258445739746094 -0.000174999237060545 0.00832605361938477
0.01702880859375 0.00822067260742188 -0.00841188430786133 0.00609159469604492
0.0101919174194336 0.0170564651489258 -0.0135936737060547 -0.00569057464599609
-0.00153923034667969 0.0214080810546875 -0.00605010986328125 -0.0153646469116211
-0.0174531936645508 0.0141992568969727 0.0124635696411133 -0.014948844909668
-0.0255508422851563 0.0045166015625 0.00890922546386719 0.000295639038085938
-0.0329914093017578 -0.00645065307617188 -0.0112552642822266 0.00147914886474609
-0.0299530029296875 -0.0088348388671875 -0.0044403076171875 0.014765739440918
-0.0238418579101563 0.00677299499511719 -0.0184497833251953 0.0174942016601563
-0.0142173767089844 0.0122604370117188 -0.0117874145507812 0.0263900756835937
-0.00477790832519531 0.0176563262939453 0.00392913818359375 0.0281429290771484
0.00612163543701172 0.0150880813598633 0.0131263732910156 0.0185947418212891
0.0149145126342773 0.009613037109375 0.0163450241088867 0.00973606109619141
0.0170230865478516 0.00428104400634766 0.00999069213867188 0.00606918334960938
0.013798713684082 0.00367259979248047 0.00242710113525391 0.00642156600952149
0.0167503356933594 0.00406837463378906 -0.00600337982177734 0.00916576385498047
0.0160541534423828 0.0104455947875977 -0.0131492614746094 0.00645637512207032
0.00880908966064453 0.0172529220581055 -0.0174493789672852 -0.00455951690673828
-0.00214576721191406 0.0204391479492188 -0.00980758666992188 -0.013829231262207
-0.016383171081543 0.0132560729980469 0.00583553314208984 -0.0131778717041016
-0.0235004425048828 0.00307655334472657 -0.00079774856567383 0.00140237808227539
-0.0303859710693359 -0.00872802734375001 -0.0211391448974609 -0.00048446655273438
-0.024932861328125 -0.0125808715820312 -0.0159358978271484 0.00892162322998047
-0.0233936309814453 0.000389099121093752 -0.0292797088623047 0.0144233703613281
-0.0181312561035156 0.00938034057617188 -0.0188484191894531 0.0271968841552734
-0.00977325439453125 0.0178756713867188 -0.000547409057617188 0.027191162109375
0.002716064453125 0.0175561904907227 0.00860595703125 0.0157051086425781
0.0130529403686523 0.0138216018676758 0.00958061218261719 0.0080413818359375
0.016209602355957 0.00817394256591797 0.00218486785888672 0.00502157211303711
0.0129098892211914 0.00657176971435547 -0.0046229362487793 0.00625133514404297
0.0145025253295898 0.00732898712158203 -0.0115432739257812 0.00896644592285156
0.0133895874023438 0.0116186141967773 -0.0175895690917969 0.00648117065429687
0.00622940063476563 0.0163049697875977 -0.0206432342529297 -0.00384330749511719
-0.00423812866210938 0.0179977416992188 -0.0118494033813477 -0.0120019912719727
-0.0155916213989258 0.00932216644287109 0.00182247161865234 -0.00958538055419922
-0.0197582244873047 -0.000743865966796875 -0.0080556869506836 0.00488662719726563
-0.0256156921386719 -0.0115242004394531 -0.0296649932861328 -0.00135231018066406
-0.0138616561889648 -0.0137243270874023 -0.0222492218017578 0.00316238403320312
-0.0170660018920898 -0.00495815277099609 -0.035308837890625 0.0086212158203125
-0.0165090560913086 0.00340938568115235 -0.0238418579101563 0.0230712890625
-0.0116481781005859 0.0126876831054688 -0.00502586364746094 0.0232257843017578
-0.00143241882324219 0.0151653289794922 0.00413799285888672 0.0123662948608398
0.00791168212890625 0.0145454406738281 0.00328731536865234 0.00506782531738281
0.0118703842163086 0.0103635787963867 -0.00438094139099121 0.00334382057189941
0.00962734222412109 0.00834369659423828 -0.0103940963745117 0.004638671875
0.0110597610473633 0.00905513763427734 -0.0159435272216797 0.007110595703125
0.00897407531738281 0.0122566223144531 -0.0200462341308594 0.00403785705566406
0.00231075286865235 0.0152645111083984 -0.0203132629394531 -0.00439643859863282
-0.00658512115478516 0.0146474838256836 -0.0114984512329102 -0.0101594924926758
-0.0153703689575195 0.00432682037353515 -0.00147724151611328 -0.00698757171630859
-0.0157127380371094 -0.00571537017822266 -0.0132951736450195 0.00503063201904297
-0.0167474746704102 -0.0153255462646484 -0.0341434478759766 -0.00496482849121094
-0.00135898590087891 -0.0103130340576172 -0.0250415802001953 -0.00249099731445312
-0.00406312942504883 -0.00588178634643555 -0.0372238159179688 0.00354385375976563
-0.00872135162353516 -0.00213146209716797 -0.0255718231201172 0.0198135375976563
-0.00913810729980469 0.00418853759765625 -0.00632095336914063 0.0185832977294922
-0.00388813018798828 0.00757741928100586 0.00223064422607422 0.00738382339477539
0.000738143920898439 0.0110387802124023 -0.00200557708740234 0.000427484512329102
0.00510597229003906 0.0111751556396484 -0.0100803375244141 0.000335693359375001
0.00440883636474609 0.00916004180908203 -0.0151958465576172 0.00287532806396484
0.00609970092773437 0.00980186462402344 -0.0196342468261719 0.00543212890625
0.00410175323486328 0.0119552612304687 -0.0222606658935547 0.00204086303710937
-0.00116539001464844 0.0131435394287109 -0.0217094421386719 -0.00587844848632812
-0.00909042358398438 0.0112972259521484 -0.0114917755126953 -0.0112676620483398
-0.0152091979980469 -0.000767707824707031 -0.00179576873779297 -0.00722122192382813
-0.00989246368408203 -0.0113706588745117 -0.0143003463745117 0.004150390625
-0.00793075561523437 -0.0179386138916016 -0.0361442565917969 -0.00753402709960938
0.0109882354736328 -0.00640678405761719 -0.0210514068603516 -0.00421905517578125
0.0081477165222168 -0.00569057464599609 -0.0326480865478516 0.00104522705078124
0.00133514404296875 -0.00699281692504883 -0.0239734649658203 0.0162429809570313
-0.00430202484130859 -0.00554800033569336 -0.0059051513671875 0.015437126159668
-0.00585699081420898 -0.00089263916015625 0.00154924392700195 0.00470209121704101
-0.00640201568603516 0.00564289093017578 -0.00351309776306152 -0.00239086151123047
-0.00244045257568359 0.00945568084716797 -0.0122766494750977 -0.00252914428710938
-0.000922679901123046 0.0082707405090332 -0.0174570083618164 9.05990600585957E-05
0.000133037567138673 0.00818204879760742 -0.0217571258544922 0.00185012817382812
-0.00079822540283203 0.00982093811035156 -0.0233078002929687 -0.00188064575195312
-0.00367259979248047 0.00970458984375 -0.0207252502441406 -0.00855255126953125
-0.00957965850830078 0.00747489929199219 -0.0110502243041992 -0.0128755569458008
-0.0133218765258789 -0.00443363189697266 -0.00296592712402344 -0.00888633728027344
-0.00455760955810547 -0.0145034790039062 -0.014409065246582 -0.00109195709228516
0.00235366821289063 -0.0191726684570313 -0.0332412719726563 -0.0131740570068359
-0.0188007354736328 0.0139083862304687 0.0297813415527344 0.0147266387939453
0.00363731384277344 0.0202846527099609 0.0119791030883789 0.00954437255859375
0.0108470916748047 0.00492954254150391 0.00240039825439453 0.0125455856323242
0.00919055938720703 -0.00201129913330078 0.0113925933837891 0.0186653137207031
0.00716304779052734 -0.00644683837890625 0.0213584899902344 0.0128498077392578
0.00275135040283203 -0.0114269256591797 0.0252895355224609 0.00310897827148437
0.00167274475097656 -0.00972747802734375 0.0238208770751953 -0.000118255615234376
0.00252246856689453 -0.00818109512329102 0.0183906555175781 0.00146675109863281
0.00665950775146484 -0.0104007720947266 0.0111379623413086 0.00477981567382812
0.0125341415405273 -0.00352001190185547 0.00248289108276367 0.00504016876220703
0.0122795104980469 0.00792884826660156 -0.00440645217895508 -0.00531530380249023
0.00411796569824219 0.014460563659668 0.0030527114868164 -0.0145416259765625
-0.0100288391113281 0.0133066177368164 0.0250930786132813 -0.0147361755371094
-0.0184974670410156 0.00921058654785157 0.0301609039306641 0.000482559204101563
-0.0282230377197266 0.00268936157226562 0.0111083984375 0.00641250610351563
-0.0272445678710937 0.00760269165039062 0.0216140747070313 0.0195808410644531
-0.00711250305175781 0.0194568634033203 0.00536537170410156 0.0157136917114258
0.00366973876953125 0.00901222229003906 0.000850677490234376 0.0188941955566406
0.00616598129272461 0.00520038604736328 0.0109634399414063 0.0230426788330078
0.00856351852416992 0.000504016876220703 0.0210704803466797 0.0162582397460938
0.00914955139160156 -0.00536823272705078 0.0255336761474609 0.0067596435546875
0.00869178771972656 -0.00600385665893555 0.0226116180419922 0.00319290161132812
0.00879573822021484 -0.00463771820068359 0.0164499282836914 0.00422954559326172
0.0132055282592773 -0.00579166412353516 0.00779104232788086 0.00777816772460938
0.0168113708496094 0.00277328491210937 -0.00175619125366211 0.00718164443969726
0.0128297805786133 0.0142679214477539 -0.00894641876220703 -0.00430107116699219
0.00161933898925781 0.0205554962158203 -0.00248241424560547 -0.0147428512573242
-0.0160608291625977 0.016026496887207 0.0184593200683594 -0.0161323547363281
-0.0260009765625 0.00747489929199218 0.0208854675292969 0.000223159790039063
-0.0348567962646484 -0.00100708007812499 0.000393390655517576 0.00526762008666992
-0.0324726104736328 -0.000755310058593749 0.00926017761230469 0.0208454132080078
-0.0178756713867188 0.0143508911132813 -0.00485992431640625 0.0199756622314453
-0.00607681274414062 0.0128803253173828 -0.00340843200683594 0.0249691009521484
0.00110912322998047 0.01312255859375 0.00944328308105469 0.0275783538818359
0.00856494903564453 0.00921440124511719 0.0193023681640625 0.0189495086669922
0.0137872695922852 0.00240993499755859 0.0238132476806641 0.00918769836425781
0.0153741836547852 -0.00116157531738281 0.0194587707519531 0.005828857421875
0.0130748748779297 -6.4849853515625E-05 0.0115146636962891 0.00635337829589844
0.0169973373413086 -0.000865936279296875 0.00225543975830078 0.00971412658691406
0.0187568664550781 0.00749969482421875 -0.00664138793945313 0.00883865356445313
0.0118532180786133 0.0175619125366211 -0.0142135620117188 -0.00281429290771484
0.000402450561523437 0.0235195159912109 -0.00774955749511719 -0.0144195556640625
-0.0184650421142578 0.0169086456298828 0.0111780166625977 -0.0160064697265625
-0.0288181304931641 0.0063629150390625 0.0095062255859375 0.000775337219238282
-0.0374259948730469 -0.00471496582031249 -0.0112771987915039 0.00453376770019531
-0.0324821472167969 -0.00864791870117188 -0.00385665893554687 0.0189609527587891
-0.0256729125976563 0.00719833374023438 -0.0175018310546875 0.0210361480712891
-0.0149879455566406 0.0133733749389648 -0.00984764099121094 0.0289859771728516
-0.00513458251953125 0.0190887451171875 0.00533676147460938 0.0303077697753906
0.00653743743896484 0.0157203674316406 0.0155887603759766 0.0202121734619141
0.0161113739013672 0.00998306274414063 0.0191249847412109 0.0104751586914062
0.0187168121337891 0.00427055358886719 0.0126686096191406 0.00649356842041016
0.0154027938842773 0.00400924682617188 0.0046992301940918 0.00738239288330078
0.0182914733886719 0.00415992736816406 -0.00375556945800781 0.0108156204223633
0.0179767608642578 0.0106391906738281 -0.0119256973266602 0.00920677185058594
0.00994682312011719 0.0185108184814453 -0.0181026458740234 -0.0017547607421875
-0.00174331665039063 0.0224933624267578 -0.0115394592285156 -0.0117511749267578
-0.0181102752685547 0.015380859375 0.00465679168701172 -0.0134429931640625
-0.0272350311279297 0.00375747680664062 -0.00102829933166504 0.00306797027587891
-0.0346527099609375 -0.008331298828125 -0.0224037170410156 0.00275993347167968
-0.0271625518798828 -0.0144138336181641 -0.0168819427490234 0.0130395889282227
-0.0263271331787109 -0.000892639160156251 -0.029754638671875 0.0185260772705078
-0.0209445953369141 0.00992393493652344 -0.0175151824951172 0.0303440093994141
-0.0113143920898438 0.0200901031494141 0.000820159912109376 0.0291843414306641
0.00254440307617188 0.0194206237792969 0.0108022689819336 0.017338752746582
0.0147409439086914 0.0152397155761719 0.0118169784545898 0.00823402404785157
0.0184783935546875 0.00909233093261719 0.00410890579223633 0.00587892532348633
0.0149478912353516 0.00800323486328125 -0.00311899185180664 0.00730323791503906
0.0171346664428711 0.00809955596923828 -0.00980854034423828 0.0109643936157227
0.0153656005859375 0.0132875442504883 -0.0164213180541992 0.00932693481445312
0.0068359375 0.0185375213623047 -0.0208396911621094 -0.000808715820312498
-0.00469589233398437 0.0205554962158203 -0.0129890441894531 -0.00989055633544922
-0.0183162689208984 0.0113544464111328 0.00092792510986328 -0.00987911224365234
-0.0236339569091797 -0.00146865844726563 -0.00842475891113281 0.00669574737548828
-0.0294265747070313 -0.0130863189697266 -0.0317325592041016 0.00137901306152344
-0.0157661437988281 -0.0165624618530273 -0.0245018005371094 0.00642585754394531
-0.0194644927978516 -0.00737380981445312 -0.0370941162109375 0.0127830505371094
-0.0193233489990234 0.00322532653808594 -0.0230522155761719 0.0264301300048828
-0.0136928558349609 0.014556884765625 -0.00369453430175782 0.0254726409912109
-0.00211524963378906 0.0175952911376953 0.00571250915527344 0.0129070281982422
0.00987720489501953 0.0167827606201172 0.00452804565429688 0.0057826042175293
0.0148859024047852 0.0116872787475586 -0.00366878509521484 0.00353431701660156
0.0119752883911133 0.00990200042724609 -0.010066032409668 0.00569915771484375
0.0137825012207031 0.0107803344726563 -0.0151968002319336 0.00899696350097656
0.0112094879150391 0.0148124694824219 -0.0199451446533203 0.00627708435058593
0.00305938720703125 0.0178642272949219 -0.0208320617675781 -0.00233650207519531
-0.00734233856201172 0.0173940658569336 -0.0125694274902344 -0.00906848907470703
-0.0181865692138672 0.00583076477050781 -0.00176763534545899 -0.00677156448364258
-0.0191783905029297 -0.00719070434570313 -0.0140228271484375 0.00688743591308594
-0.0204753875732422 -0.0178203582763672 -0.036865234375 -0.00256729125976563
-0.0012655258178711 -0.0140132904052734 -0.0284023284912109 -0.000385284423828129
-0.00543689727783203 -0.00999259948730469 -0.0396194458007813 0.00656509399414062
-0.0110492706298828 -0.00395679473876953 -0.0257987976074219 0.0226974487304688
-0.0119333267211914 0.00483608245849609 -0.00553131103515625 0.0201492309570312
-0.00572586059570313 0.00992012023925781 0.00259590148925781 0.00692033767700195
0.00160121917724609 0.0144891738891602 -0.00192153453826904 0.000567555427551271
0.0076141357421875 0.0128574371337891 -0.0107831954956055 0.000456809997558595
0.00686836242675781 0.0110254287719727 -0.0162506103515625 0.00380229949951172
0.00825023651123047 0.0117959976196289 -0.0198764801025391 0.00625991821289063
0.006134033203125 0.0142650604248047 -0.0225505828857422 0.00331687927246094
-0.000603675842285156 0.0161962509155273 -0.0219898223876953 -0.00482177734375
-0.00995159149169922 0.0145797729492188 -0.0125026702880859 -0.0103282928466797
-0.0182914733886719 0.000535964965820315 -0.00231266021728516 -0.00674152374267578
-0.014286994934082 -0.0133848190307617 -0.0159091949462891 0.00600433349609375
-0.0110721588134766 -0.0218334197998047 -0.0397491455078125 -0.00672531127929688
0.0126180648803711 -0.0102834701538086 -0.0236911773681641 -0.0038604736328125
0.00780868530273438 -0.00998115539550781 -0.0354995727539063 0.00308609008789063
-0.000250816345214844 -0.00944709777832031 -0.0236415863037109 0.0186176300048828
-0.00725364685058594 -0.00576114654541015 -0.00529193878173828 0.0161371231079102
-0.00801753997802734 0.000483036041259764 0.00226569175720215 0.00396585464477539
-0.00626850128173828 0.00865745544433594 -0.00408720970153809 -0.00295639038085937
-0.00048542022705078 0.0118589401245117 -0.0135221481323242 -0.00250625610351562
0.00110244750976563 0.0104379653930664 -0.0196323394775391 0.000709533691406247
0.00243186950683594 0.0106916427612305 -0.022979736328125 0.00226020812988281
0.00134849548339844 0.0122165679931641 -0.0240974426269531 -0.00105285644531249
-0.00281143188476563 0.0121526718139648 -0.0220184326171875 -0.00816535949707031
-0.0101785659790039 0.009918212890625 -0.0120334625244141 -0.0126819610595703
-0.0161600112915039 -0.00363349914550781 -0.00386524200439453 -0.00944614410400391
-0.00808906555175781 -0.0168094635009766 -0.0162057876586914 -0.000494003295898436
-4.00543212890651E-05 -0.0233249664306641 -0.0367965698242188 -0.0134201049804687
-0.0169706344604492 0.0170402526855469 0.0331974029541016 0.01531982421875
0.00732040405273438 0.0205955505371094 0.0143184661865234 0.00957965850830078
0.0129327774047852 0.00284767150878906 0.00340366363525391 0.0124654769897461
0.00961685180664063 -0.00452041625976563 0.0124473571777344 0.0184879302978516
0.00568819046020508 -0.00852584838867188 0.0228176116943359 0.01275634765625
0.000212669372558592 -0.0125494003295898 0.0266227722167969 0.00237083435058594
-0.000330924987792969 -0.0105495452880859 0.0259284973144531 -0.000793457031250001
0.000571250915527344 -0.00903511047363281 0.0205097198486328 0.000524520874023437
0.00453376770019531 -0.0122661590576172 0.0133056640625 0.00504493713378906
0.0123567581176758 -0.00605297088623047 0.00454616546630859 0.00627899169921875
0.0143461227416992 0.00593090057373047 -0.00423860549926758 -0.00289773941040039
0.00684261322021484 0.0140895843505859 0.00190067291259766 -0.014002799987793
-0.00796127319335938 0.0159950256347656 0.0237827301025391 -0.0165081024169922
-0.0186901092529297 0.0137233734130859 0.0321769714355469 -0.00142669677734375
-0.0288505554199219 0.00784111022949218 0.0134353637695312 0.00739765167236328
-0.0266475677490234 0.0109004974365234 0.025177001953125 0.0213985443115234
-0.00445175170898437 0.01995849609375 0.00855159759521484 0.0163650512695313
0.00499296188354492 0.00825309753417969 0.00251007080078125 0.0186748504638672
0.00621461868286133 0.00377273559570313 0.0126190185546875 0.0232696533203125
0.00744438171386719 -0.000782012939453125 0.0230789184570312 0.0165882110595703
0.00731849670410156 -0.00647878646850586 0.0273685455322266 0.0060882568359375
0.00801610946655273 -0.00705194473266602 0.0257091522216797 0.00261878967285156
0.00806713104248047 -0.00559473037719726 0.0190372467041016 0.00384712219238281
0.012080192565918 -0.00726604461669922 0.0109939575195313 0.00841426849365234
0.0173625946044922 0.00110816955566406 0.000711441040039063 0.00931549072265625
0.0145683288574219 0.013453483581543 -0.00872087478637695 -0.0012969970703125
0.00398063659667969 0.0213909149169922 -0.00347042083740234 -0.0131216049194336
-0.0151329040527344 0.0187263488769531 0.0172128677368164 -0.0170774459838867
-0.0272178649902344 0.0112552642822266 0.022125244140625 -0.000755310058593749
-0.0370864868164063 0.00262451171874999 0.00231075286865234 0.00762844085693359
-0.0336761474609375 0.00136947631835937 0.0127525329589844 0.0237388610839844
-0.01715087890625 0.0157623291015625 -0.00172042846679688 0.0219860076904297
-0.00533485412597656 0.012232780456543 -0.00116157531738281 0.0253105163574219
0.00147151947021484 0.0131311416625977 0.0113601684570313 0.0280227661132813
0.00843667984008789 0.00862312316894531 0.0216693878173828 0.0189285278320313
0.0136003494262695 0.00158786773681641 0.025970458984375 0.00865745544433594
0.0152778625488281 -0.00172615051269531 0.0218601226806641 0.00503158569335938
0.0137233734130859 -0.000791549682617188 0.0146198272705078 0.00654888153076172
0.0174274444580078 -0.00183677673339844 0.00554275512695313 0.0109577178955078
0.0198040008544922 0.00628280639648438 -0.00433349609375 0.0111331939697266
0.0141067504882812 0.0177555084228516 -0.013798713684082 -4.00543212890594E-05
0.00204086303710937 0.0246810913085938 -0.00893688201904297 -0.0117530822753906
-0.0182399749755859 0.0193958282470703 0.00997447967529296 -0.0164079666137695
-0.0306987762451172 0.00899696350097656 0.0104808807373047 0.00120639801025391
-0.0404739379882813 -0.00203323364257813 -0.0105838775634766 0.00790214538574219
-0.0350456237792969 -0.00798988342285157 -0.00129318237304688 0.0231208801269531
-0.0271720886230469 0.00815963745117188 -0.0143585205078125 0.0243282318115234
-0.0160799026489258 0.0139436721801758 -0.00737380981445312 0.0304412841796875
-0.005340576171875 0.0200405120849609 0.00795364379882812 0.0310802459716797
0.00684261322021484 0.0169076919555664 0.0179042816162109 0.0205039978027344
0.0177364349365234 0.00999641418457031 0.0216693878173828 0.0102252960205078
0.020294189453125 0.00342941284179688 0.015202522277832 0.00652885437011719
0.0168905258178711 0.00411605834960938 0.00723361968994141 0.00767898559570313
0.0197257995605469 0.00388526916503906 -0.000683784484863281 0.0119600296020508
0.0200271606445313 0.0109024047851563 -0.00945281982421875 0.0115175247192383
0.0119476318359375 0.0197544097900391 -0.0171823501586914 0.00114345550537109
-0.000429153442382813 0.0244274139404297 -0.0119314193725586 -0.00942897796630859
-0.0186939239501953 0.0173912048339844 0.00372791290283203 -0.0129575729370117
-0.0301990509033203 0.00553703308105469 3.33786010742173E-05 0.00434303283691406
-0.0385055541992188 -0.00708007812500001 -0.0220546722412109 0.00670051574707031
-0.0304107666015625 -0.015289306640625 -0.0159759521484375 0.0171346664428711
-0.0291671752929688 -0.00115013122558593 -0.0280170440673828 0.0225067138671875
-0.0225048065185547 0.0110244750976562 -0.0152320861816406 0.0322513580322266
-0.0117473602294922 0.0224590301513672 0.00316810607910156 0.0305347442626953
0.0038299560546875 0.0217227935791016 0.0127201080322266 0.0175600051879883
0.0168733596801758 0.0163745880126953 0.0138998031616211 0.00852584838867188
0.0210170745849609 0.00889205932617188 0.00572299957275391 0.00567150115966797
0.01763916015625 0.00842666625976563 -0.00100994110107422 0.00799131393432617
0.0196743011474609 0.00885200500488281 -0.00713634490966797 0.0121097564697266
0.0176620483398438 0.0142135620117187 -0.0139169692993164 0.0108394622802734
0.00862884521484375 0.0206623077392578 -0.0196723937988281 0.00156402587890625
-0.00385665893554687 0.0234470367431641 -0.0133199691772461 -0.0078744888305664
-0.0196933746337891 0.0130462646484375 0.000587940216064451 -0.00858545303344727
-0.0274562835693359 -0.000120162963867191 -0.00759649276733399 0.00860786437988281
-0.0336780548095703 -0.0125503540039063 -0.0323104858398438 0.00530624389648438
-0.0183677673339844 -0.0193862915039063 -0.0253143310546875 0.0102348327636719
-0.0232067108154297 -0.00879096984863281 -0.0373916625976563 0.016845703125
-0.0224647521972656 0.00374794006347656 -0.0214786529541016 0.0290069580078125
-0.0154781341552734 0.0170497894287109 -0.00210952758789062 0.0264835357666016
-0.0017852783203125 0.0200691223144531 0.00667381286621094 0.0133428573608398
0.0121879577636719 0.0189361572265625 0.00591611862182617 0.00557756423950195
0.01806640625 0.0127487182617188 -0.00304746627807617 0.00403356552124024
0.0147790908813477 0.0111618041992187 -0.00934219360351562 0.00668048858642578
0.0167875289916992 0.0113821029663086 -0.013789176940918 0.00957965850830078
0.0143222808837891 0.0164079666137695 -0.0179824829101563 0.00770378112792969
0.00461387634277344 0.0203113555908203 -0.0204982757568359 -0.000494003295898436
-0.00728797912597656 0.0208091735839844 -0.0124359130859375 -0.00732803344726562
-0.0210227966308594 0.00787162780761718 -0.00161457061767578 -0.00530576705932617
-0.0235500335693359 -0.007476806640625 -0.0135078430175781 0.00901889801025391
-0.0250415802001953 -0.0190849304199219 -0.0380439758300781 0.000694274902343755
-0.00325584411621094 -0.0181293487548828 -0.0299930572509766 0.00199127197265625
-0.00868511199951172 -0.0130958557128906 -0.0410423278808594 0.0102119445800781
-0.0144882202148437 -0.00474166870117188 -0.0238838195800781 0.0252609252929688
-0.0145635604858398 0.0067138671875 -0.00429344177246094 0.0203647613525391
-0.00628185272216797 0.0126180648803711 0.00284910202026367 0.00682926177978516
0.00385856628417969 0.0171613693237305 -0.00196206569671631 0.000387549400329591
0.0109081268310547 0.0143814086914063 -0.0108842849731445 0.000878334045410156
0.00975131988525391 0.012263298034668 -0.0165138244628906 0.00488567352294922
0.0117282867431641 0.0128297805786133 -0.0192928314208984 0.00756263732910157
0.00908088684082031 0.0166864395141602 -0.02166748046875 0.00433349609375
0.00155448913574219 0.0188694000244141 -0.0217056274414063 -0.0028076171875
-0.00989532470703125 0.0179729461669922 -0.0126104354858398 -0.00908851623535156
-0.0210475921630859 0.00263023376464844 -0.00238323211669922 -0.00576925277709961
-0.0183429718017578 -0.0139141082763672 -0.016108512878418 0.00758171081542968
-0.0150585174560547 -0.0239372253417969 -0.0415725708007813 -0.00433349609375
0.0122432708740234 -0.0146894454956055 -0.0264739990234375 -0.00290489196777344
0.00625228881835938 -0.014033317565918 -0.0369873046875 0.00575637817382813
-0.00272274017333984 -0.0112791061401367 -0.0226974487304688 0.020751953125
-0.00986576080322266 -0.00485706329345703 -0.00417709350585938 0.016087532043457
-0.00967025756835938 0.00265693664550781 0.00242018699645996 0.0028374195098877
-0.00498771667480469 0.0120182037353516 -0.00514507293701172 -0.00379514694213867
0.00243568420410156 0.0136785507202148 -0.0151939392089844 -0.00243854522705078
0.00353050231933594 0.0117120742797852 -0.0209274291992188 0.00191116333007812
0.00546455383300781 0.0119762420654297 -0.0240345001220703 0.00342178344726563
0.00403499603271484 0.0143260955810547 -0.0246448516845703 -0.000801086425781247
-0.00156784057617187 0.0147829055786133 -0.0225811004638672 -0.00710487365722656
-0.0105142593383789 0.0132236480712891 -0.0125036239624023 -0.0118932723999023
-0.0187244415283203 -0.00155258178710937 -0.0043783187866211 -0.00835084915161133
-0.0124473571777344 -0.0180568695068359 -0.0178947448730469 0.000190734863281245
-0.00350761413574218 -0.0260639190673828 -0.0399360656738281 -0.0127334594726563
-0.0143833160400391 0.0190868377685547 0.0365829467773438 0.0152664184570313
0.0104942321777344 0.0199661254882813 0.0167808532714844 0.00858402252197266
0.013920783996582 0.00080108642578125 0.00455760955810547 0.0117692947387695
0.00876379013061523 -0.00635242462158203 0.0126552581787109 0.0182819366455078
0.00419235229492188 -0.00964927673339844 0.0235671997070312 0.0125999450683594
-0.002288818359375 -0.0127954483032227 0.0280208587646484 0.00231552124023437
-0.00220394134521484 -0.0103683471679688 0.0274982452392578 -0.00180816650390625
-0.00116348266601562 -0.00934028625488281 0.0223407745361328 -0.000253677368164063
0.00220584869384766 -0.0129356384277344 0.0159225463867187 0.0048370361328125
0.010930061340332 -0.00824356079101563 0.00650453567504883 0.0072321891784668
0.0153665542602539 0.00360870361328125 -0.00349903106689453 -0.00138401985168457
0.00939369201660156 0.0132884979248047 0.00127601623535156 -0.0125503540039062
-0.00576019287109375 0.0178165435791016 0.0228195190429688 -0.0173625946044922
-0.0173854827880859 0.0176811218261719 0.0335445404052734 -0.00288772583007812
-0.0284824371337891 0.0119800567626953 0.0165910720825195 0.00804901123046875
-0.0255527496337891 0.0127887725830078 0.0292243957519531 0.0222663879394531
-0.00236320495605469 0.0201911926269531 0.0118389129638672 0.0162849426269531
0.00563716888427734 0.00681972503662109 0.00380134582519531 0.0182704925537109
0.00618171691894531 0.0026249885559082 0.0136795043945312 0.0235824584960937
0.00656414031982422 -0.00148487091064453 0.0244903564453125 0.016571044921875
0.00559234619140625 -0.00649929046630859 0.0295143127441406 0.00564956665039063
0.00674581527709961 -0.00690174102783203 0.0280132293701172 0.00149917602539062
0.00737571716308594 -0.0054621696472168 0.0217227935791016 0.00271415710449219
0.0110597610473633 -0.0079193115234375 0.0140857696533203 0.00807762145996094
0.0169582366943359 -0.000751495361328125 0.00396060943603516 0.0103569030761719
0.0160684585571289 0.0118331909179688 -0.0078577995300293 0.000799179077148438
0.006195068359375 0.0210971832275391 -0.00374126434326172 -0.0110540390014648
-0.0139369964599609 0.0206851959228516 0.0161647796630859 -0.0174655914306641
-0.0276947021484375 0.0149002075195313 0.0238094329833984 -0.00138664245605469
-0.0379142761230469 0.00670623779296875 0.00448894500732422 0.00975894927978516
-0.0341014862060547 0.003082275390625 0.0166110992431641 0.0257587432861328
-0.0169944763183594 0.0162534713745117 0.00171279907226563 0.0225696563720703
-0.00578022003173828 0.0121498107910156 0.000602722167968749 0.0256156921386719
0.00115585327148437 0.0129737854003906 0.0128402709960938 0.0284080505371094
0.00825405120849609 0.00849199295043945 0.0234603881835938 0.0191917419433594
0.0132236480712891 0.00163745880126953 0.0287036895751953 0.00805854797363281
0.0155477523803711 -0.00199127197265625 0.0243110656738281 0.00403213500976563
0.0139446258544922 -0.000876426696777344 0.0173425674438477 0.00564002990722656
0.0174331665039063 -0.00188636779785156 0.00888347625732422 0.0105562210083008
0.0207328796386719 0.00584793090820313 -0.00108814239501953 0.0120697021484375
0.015625 0.0173702239990234 -0.0119390487670898 0.00255203247070313
0.00360488891601563 0.0253105163574219 -0.00844860076904297 -0.0093545913696289
-0.0178585052490234 0.0216426849365234 0.00925159454345703 -0.015777587890625
-0.0321521759033203 0.0115375518798828 0.0122499465942383 0.00169754028320313
-0.0422744750976562 0.000797271728515629 -0.00809383392333985 0.0106182098388672
-0.0365829467773438 -0.00761032104492187 0.00155830383300781 0.0258541107177734
-0.0284614562988281 0.00844192504882813 -0.0115089416503906 0.0258598327636719
-0.0169191360473633 0.0144147872924805 -0.00545501708984375 0.0306301116943359
-0.00524139404296875 0.0213298797607422 0.00927162170410156 0.031402587890625
0.00757026672363281 0.0181770324707031 0.0198307037353516 0.0202198028564453
0.0183639526367188 0.0100517272949219 0.0237636566162109 0.00925636291503906
0.0217494964599609 0.00328826904296875 0.0172948837280273 0.00559234619140625
0.0187282562255859 0.00396537780761719 0.00981616973876953 0.00687885284423828
0.0214405059814453 0.00389480590820313 0.00283336639404297 0.0115995407104492
0.0217838287353516 0.0107612609863281 -0.00595283508300781 0.0123186111450195
0.0134334564208984 0.0207061767578125 -0.0151004791259766 0.00321197509765625
0.000591278076171875 0.0263767242431641 -0.0114622116088867 -0.00694465637207031
-0.0196132659912109 0.0195598602294922 0.00356197357177734 -0.0117950439453125
-0.0329093933105469 0.00716590881347656 0.00176954269409179 0.00574779510498047
-0.04119873046875 -0.004974365234375 -0.0206642150878906 0.00965881347656251
-0.0330905914306641 -0.0162582397460938 -0.0145282745361328 0.0208320617675781
-0.0325393676757812 -0.000490188598632815 -0.0258769989013672 0.0250339508056641
-0.0244350433349609 0.012176513671875 -0.0127105712890625 0.0327644348144531
-0.0122451782226562 0.0242729187011719 0.00460433959960938 0.0309982299804688
0.00416755676269531 0.0234947204589844 0.0141458511352539 0.0175132751464844
0.0188674926757813 0.0171604156494141 0.0159912109375 0.0079030990600586
0.0234851837158203 0.00811958312988281 0.007537841796875 0.00598955154418945
0.0199489593505859 0.00837516784667969 0.00114679336547852 0.00779962539672852
0.0218849182128906 0.00876045227050781 -0.00485420227050781 0.0118045806884766
0.0201320648193359 0.0149917602539063 -0.0115814208984375 0.011479377746582
0.0103759765625 0.0226325988769531 -0.0177497863769531 0.00289726257324219
-0.00271987915039063 0.0260887145996094 -0.0123205184936523 -0.00609016418457031
-0.021240234375 0.0155601501464844 0.00091743469238281 -0.00754451751708984
-0.0306339263916016 0.000682830810546881 -0.00602149963378906 0.0104999542236328
-0.0370941162109375 -0.0120201110839844 -0.0313034057617188 0.00842094421386719
-0.0216560363769531 -0.0216884613037109 -0.0254116058349609 0.0132999420166016
-0.02703857421875 -0.00967597961425781 -0.0362396240234375 0.0196990966796875
-0.0250720977783203 0.00444984436035156 -0.0193443298339844 0.0301990509033203
-0.0166721343994141 0.0195255279541016 -0.000911712646484378 0.0265541076660156
-0.00110435485839844 0.0225639343261719 0.00776576995849609 0.0128316879272461
0.0149440765380859 0.0204296112060547 0.00681495666503906 0.00494527816772461
0.021148681640625 0.0124187469482422 -0.00257134437561035 0.00422763824462891
0.0181026458740234 0.0111446380615234 -0.00850582122802734 0.00668764114379883
0.0201244354248047 0.0118122100830078 -0.0125026702880859 0.00988101959228515
0.0175008773803711 0.0170049667358398 -0.0162773132324219 0.00811576843261719
0.00667572021484375 0.0224037170410156 -0.0189151763916016 0.000284194946289066
-0.00634956359863281 0.0237464904785156 -0.0119228363037109 -0.00647544860839844
-0.0226688385009766 0.0101757049560547 -0.00144577026367188 -0.00440502166748047
-0.027374267578125 -0.00668525695800781 -0.012303352355957 0.0108108520507813
-0.0289134979248047 -0.0199241638183594 -0.0383377075195313 0.00326156616210937
-0.005615234375 -0.0215377807617188 -0.0317878723144531 0.00474166870117187
-0.0121679306030273 -0.0154619216918945 -0.0408706665039063 0.0135841369628906
-0.0176105499267578 -0.00424957275390625 -0.0223865509033203 0.0264492034912109
-0.0162067413330078 0.0090799331665039 -0.00364494323730469 0.0206413269042969
-0.00650596618652344 0.0157146453857422 0.00310325622558594 0.00639486312866211
0.00660896301269531 0.0193233489990234 -0.00158464908599853 -6.49690628051743E-05
0.0145473480224609 0.0147218704223633 -0.0114650726318359 0.00181865692138672
0.0130825042724609 0.0129671096801758 -0.0160350799560547 0.00551795959472657
0.0149316787719727 0.0133218765258789 -0.0190868377685547 0.00785636901855469
0.0125608444213867 0.0175533294677734 -0.0209369659423828 0.00479698181152344
0.00359153747558594 0.0205268859863281 -0.0213794708251953 -0.00219917297363281
-0.00899124145507813 0.0209560394287109 -0.0118389129638672 -0.0085458755493164
-0.0232391357421875 0.00533676147460938 -0.00147581100463867 -0.00493001937866211
-0.0226268768310547 -0.0139217376708984 -0.0159072875976562 0.00909519195556641
-0.0194282531738281 -0.0253219604492188 -0.0427169799804688 -0.00242996215820313
0.0103740692138672 -0.0184402465820313 -0.0289993286132813 -0.001678466796875
0.00345802307128906 -0.0173559188842773 -0.0381431579589844 0.00757598876953124
-0.00548458099365235 -0.0120859146118164 -0.0213546752929688 0.0218467712402344
-0.0123434066772461 -0.0032501220703125 -0.00316905975341797 0.0154619216918945
-0.0101661682128906 0.00549221038818359 0.00204408168792725 0.00203800201416016
-0.00257492065429687 0.0141363143920898 -0.00625753402709961 -0.0044093132019043
0.00554752349853516 0.0142736434936523 -0.0164794921875 -0.00200366973876953
0.00660324096679688 0.0119247436523438 -0.0220584869384766 0.00269889831542969
0.00841617584228516 0.0124340057373047 -0.0246105194091797 0.00420379638671876
0.00701904296875 0.0151071548461914 -0.0247936248779297 -0.000583648681640619
0.000109672546386717 0.0164422988891602 -0.0221710205078125 -0.00684547424316406
-0.00931835174560547 0.0159730911254883 -0.0125808715820312 -0.0115203857421875
-0.0207366943359375 0.000980377197265621 -0.00428533554077148 -0.00781774520874023
-0.0160102844238281 -0.0175933837890625 -0.0185794830322266 0.00177574157714844
-0.0072784423828125 -0.0278186798095703 -0.0424156188964844 -0.0115280151367187
-0.0117034912109375 0.0204944610595703 0.0392951965332031 0.0153312683105469
0.0130996704101563 0.0191230773925781 0.0189990997314453 0.00796699523925781
0.014653205871582 -0.00121688842773438 0.00457000732421875 0.0114803314208984
0.00823879241943359 -0.00819587707519531 0.0127964019775391 0.0191230773925781
0.00265693664550781 -0.0105142593383789 0.0246086120605469 0.0134906768798828
-0.00450801849365234 -0.012425422668457 0.0296783447265625 0.002655029296875
-0.00416660308837891 -0.00992965698242188 0.0297470092773438 -0.00211143493652344
-0.00245952606201172 -0.00876808166503906 0.0247287750244141 -0.00127029418945313
0.000310897827148438 -0.0130081176757813 0.0182209014892578 0.00417709350585937
0.00976753234863281 -0.00924015045166016 0.00898265838623047 0.00762557983398437
0.0155124664306641 0.00134181976318359 -0.00228118896484375 -0.000286579132080078
0.0113544464111328 0.0119762420654297 0.00153350830078125 -0.0111503601074219
-0.003173828125 0.0190753936767578 0.0224227905273438 -0.0176658630371094
-0.0157852172851563 0.0202045440673828 0.0349483489990234 -0.00359344482421875
-0.0275440216064453 0.0156593322753906 0.0199375152587891 0.0085296630859375
-0.0245437622070313 0.0140056610107422 0.03302001953125 0.0228137969970703
-0.00139808654785156 0.0194931030273438 0.0145978927612305 0.0155420303344727
0.00587558746337891 0.00569915771484375 0.00430583953857422 0.0175619125366211
0.00569820404052734 0.00145435333251953 0.0143032073974609 0.0241241455078125
0.00551080703735352 -0.0015873908996582 0.0257778167724609 0.0169925689697266
0.00443649291992188 -0.00607824325561523 0.0319347381591797 0.00550460815429687
0.00586938858032227 -0.00667142868041992 0.0305156707763672 0.000881195068359374
0.00665426254272461 -0.00548648834228516 0.0240039825439453 0.00186920166015625
0.0100812911987305 -0.00757884979248047 0.0168590545654297 0.00759029388427734
0.0167646408081055 -0.00135326385498047 0.00679683685302734 0.0109739303588867
0.0169000625610352 0.010960578918457 -0.00577306747436523 0.0025181770324707
0.00780868530273438 0.0212421417236328 -0.00319385528564453 -0.00917911529541015
-0.0124931335449219 0.0222206115722656 0.016169548034668 -0.016840934753418
-0.0274753570556641 0.0178012847900391 0.0252723693847656 -0.00159072875976562
-0.0382308959960938 0.00982284545898437 0.00812149047851562 0.0109825134277344
-0.0350666046142578 0.00392341613769531 0.0200729370117187 0.0274028778076172
-0.0174846649169922 0.0164957046508789 0.00446128845214844 0.0227375030517578
-0.00652503967285156 0.0121183395385742 0.00179100036621094 0.0247516632080078
0.000870704650878907 0.0135288238525391 0.0135040283203125 0.0290756225585937
0.00797462463378906 0.00889110565185547 0.0252914428710938 0.0198650360107422
0.0129756927490234 0.00205421447753906 0.0309162139892578 0.00784111022949219
0.0161380767822266 -0.002288818359375 0.0269031524658203 0.00349617004394531
0.0147981643676758 -0.000762939453125 0.0198802947998047 0.00403785705566406
0.0183925628662109 -0.00185012817382812 0.0120735168457031 0.0102758407592773
0.0217151641845703 0.00559043884277344 0.00225162506103516 0.0126361846923828
0.0166282653808594 0.0177497863769531 -0.00973701477050781 0.00375938415527344
0.00504684448242188 0.0264816284179688 -0.00746679306030273 -0.0072946548461914
-0.0177955627441406 0.0233078002929688 0.00948047637939453 -0.0148162841796875
-0.0334434509277344 0.0141429901123047 0.0142116546630859 0.00186729431152344
-0.0441360473632812 0.00352478027343749 -0.00529956817626953 0.0126466751098633
-0.0398521423339844 -0.00737762451171875 0.00468444824218749 0.0279426574707031
-0.0304203033447266 0.00916671752929688 -0.00936126708984375 0.0268421173095703
-0.0181732177734375 0.0151615142822266 -0.00395965576171875 0.0306568145751953
-0.0058746337890625 0.0230178833007813 0.0102939605712891 0.0320625305175781
0.00799751281738281 0.0188655853271484 0.021148681640625 0.0203704833984375
0.0194797515869141 0.0107669830322266 0.0257053375244141 0.00874710083007813
0.0229091644287109 0.00321006774902344 0.0196437835693359 0.00487518310546875
0.0204391479492188 0.00421714782714844 0.012272834777832 0.00580692291259766
0.0232658386230469 0.00408363342285156 0.00504398345947266 0.0110330581665039
0.0236454010009766 0.0113048553466797 -0.00327014923095703 0.0121450424194336
0.0148334503173828 0.0218429565429688 -0.0127897262573242 0.00453758239746094
0.00191879272460938 0.0283679962158203 -0.0101413726806641 -0.00548076629638672
-0.0205440521240234 0.0217609405517578 0.00402069091796875 -0.0109758377075195
-0.0352935791015625 0.009185791015625 0.00356197357177734 0.00653839111328125
-0.0443840026855469 -0.00357437133789063 -0.0188236236572266 0.0119857788085937
-0.0366859436035156 -0.017425537109375 -0.0125713348388672 0.0233535766601563
-0.0359992980957031 -0.000247955322265621 -0.0242271423339844 0.0266227722167969
-0.0267219543457031 0.0138015747070313 -0.0113697052001953 0.0333709716796875
-0.0126914978027344 0.0270347595214844 0.0050811767578125 0.0313949584960938
0.00491714477539063 0.0251178741455078 0.0152435302734375 0.0177059173583984
0.0210800170898438 0.0178737640380859 0.0174674987792969 0.00732612609863281
0.0260601043701172 0.00794601440429687 0.00905609130859375 0.0051116943359375
0.0221805572509766 0.00852394104003906 0.0024557113647461 0.00695657730102539
0.0247459411621094 0.00903701782226563 -0.00326824188232422 0.0114612579345703
0.0232353210449219 0.0156421661376953 -0.00915813446044922 0.0114603042602539
0.0125102996826172 0.0242156982421875 -0.0155000686645508 0.00393867492675781
-0.00174903869628906 0.0288410186767578 -0.0110359191894531 -0.00493812561035156
-0.0228691101074219 0.0180835723876953 0.00197935104370117 -0.00693798065185547
-0.0346546173095703 0.00209236145019532 -0.00467300415039063 0.0115079879760742
-0.0408744812011719 -0.0114517211914063 -0.0297317504882813 0.0104732513427734
-0.0253658294677734 -0.0234107971191406 -0.0252895355224609 0.0158805847167969
-0.0311489105224609 -0.0102291107177734 -0.0358352661132813 0.0216712951660156
-0.028228759765625 0.00634765625 -0.0183353424072266 0.0306930541992187
-0.0178661346435547 0.0226516723632813 -0.000255584716796877 0.0269832611083984
-3.81469726562314E-06 0.0254249572753906 0.00835704803466797 0.0130205154418945
0.0176525115966797 0.0220451354980469 0.00763273239135742 0.00448465347290039
0.0238704681396484 0.0121021270751953 -0.00140929222106933 0.00428152084350586
0.0210781097412109 0.0109481811523438 -0.00791072845458984 0.00644111633300781
0.0230712890625 0.0118484497070313 -0.0117731094360352 0.00965595245361328
0.0206127166748047 0.0180816650390625 -0.0150232315063477 0.00807476043701172
0.00880813598632812 0.0247611999511719 -0.0174751281738281 3.24249267578155E-05
-0.00547981262207031 0.0266532897949219 -0.0107297897338867 -0.0055704116821289
-0.024383544921875 0.0128440856933594 0.000138282775878905 -0.0043032169342041
-0.0312919616699219 -0.00548171997070313 -0.0111961364746094 0.0122089385986328
-0.0335140228271484 -0.0193996429443359 -0.038360595703125 0.00505447387695313
-0.00924110412597656 -0.0244884490966797 -0.0327186584472656 0.00720596313476563
-0.0166397094726563 -0.0167579650878906 -0.0416069030761719 0.0155868530273437
-0.0210647583007813 -0.00375747680664062 -0.0215473175048828 0.0275325775146484
-0.017852783203125 0.0117149353027344 -0.0034942626953125 0.0204505920410156
-0.00571632385253906 0.0183277130126953 0.00322055816650391 0.00588560104370117
0.00929450988769531 0.02117919921875 -0.00136816501617432 -0.000109314918518065
0.0174617767333984 0.0143375396728516 -0.0116844177246094 0.0016012191772461
0.0159263610839844 0.0126686096191406 -0.0164899826049805 0.00549125671386719
0.0179405212402344 0.0134487152099609 -0.0194816589355469 0.00771713256835937
0.015960693359375 0.0179405212402344 -0.0202789306640625 0.00428581237792969
0.00557708740234375 0.0223884582519531 -0.0206165313720703 -0.0027923583984375
-0.00778007507324219 0.0235309600830078 -0.011378288269043 -0.00852203369140625
-0.0246086120605469 0.00743293762207031 -0.00128793716430664 -0.00454425811767578
-0.0268115997314453 -0.0126953125 -0.0158376693725586 0.0101699829101562
-0.0234050750732422 -0.0256004333496094 -0.0442962646484375 -0.00166702270507812
0.008331298828125 -0.0213966369628906 -0.0313472747802734 -0.00044631958007812
0.000360488891601563 -0.0196113586425781 -0.0398597717285156 0.00926971435546876
-0.00834083557128906 -0.0125875473022461 -0.0209083557128906 0.0224037170410156
-0.0141429901123047 -0.00135993957519531 -0.00360107421875 0.015355110168457
-0.010371208190918 0.00822734832763672 0.000923514366149902 0.00131559371948242
-0.000199317932128906 0.0165300369262695 -0.00788116455078125 -0.00451469421386719
0.00837898254394531 0.0139942169189453 -0.018707275390625 -0.00150108337402344
0.00921630859375 0.0115423202514648 -0.0232467651367188 0.00363349914550782
0.0108909606933594 0.0120534896850586 -0.0257492065429688 0.00478553771972656
0.0101337432861328 0.0150537490844727 -0.0255794525146484 -0.000516891479492186
0.00225830078125 0.0182342529296875 -0.022491455078125 -0.00706291198730468
-0.00819778442382812 0.0178852081298828 -0.0120315551757812 -0.011693000793457
-0.0217742919921875 0.00302314758300782 -0.00378704071044922 -0.00714826583862305
-0.0197715759277344 -0.0174312591552734 -0.0195465087890625 0.00312995910644531
-0.0111846923828125 -0.0289230346679687 -0.0446395874023438 -0.0114250183105469
-0.00941276550292969 0.021575927734375 0.0434112548828125 0.0151748657226563
0.0151157379150391 0.0175237655639648 0.0205860137939453 0.00596427917480469
0.0146331787109375 -0.00308704376220703 0.00472736358642578 0.0113420486450195
0.00734043121337891 -0.0100183486938477 0.0134258270263672 0.0204010009765625
0.000902175903320313 -0.0115365982055664 0.0258083343505859 0.0144424438476563
-0.00668811798095703 -0.011937141418457 0.0316123962402344 0.00296592712402344
-0.00545787811279297 -0.00896167755126953 0.0325469970703125 -0.00341415405273438
-0.0036931037902832 -0.00818872451782226 0.0273914337158203 -0.00269126892089844
-0.00165653228759766 -0.0128259658813477 0.0209751129150391 0.00324058532714844
0.00838184356689453 -0.0107803344726563 0.0119638442993164 0.00795364379882813
0.0159082412719727 -0.000444412231445312 -0.000551223754882811 0.00094836950302124
0.0124416351318359 0.0109519958496094 0.00246238708496094 -0.0103883743286133
-0.000822067260742187 0.0201988220214844 0.0228366851806641 -0.01751708984375
-0.0142955780029297 0.0240726470947266 0.0372886657714844 -0.004913330078125
-0.0265750885009766 0.0189418792724609 0.0233345031738281 0.00831413269042969
-0.0246753692626953 0.0153408050537109 0.0370941162109375 0.0237388610839844
-0.000659942626953127 0.0193386077880859 0.0166530609130859 0.0150699615478516
0.00527143478393555 0.00480508804321289 0.00509452819824219 0.0179653167724609
0.00476408004760742 0.00190114974975586 0.0151271820068359 0.0254154205322266
0.00459480285644531 -0.00150012969970703 0.0281429290771484 0.0181846618652344
0.00351762771606445 -0.00585842132568359 0.0344161987304688 0.00525093078613281
0.00615787506103516 -0.0059046745300293 0.0337371826171875 -0.000446319580078125
0.00658941268920898 -0.00514888763427734 0.0274295806884766 1.90734863281218E-06
0.00978755950927734 -0.00828647613525391 0.0198535919189453 0.00677680969238281
0.0166606903076172 -0.00192832946777344 0.00983810424804688 0.0105218887329102
0.0175304412841797 0.010319709777832 -0.00324463844299316 0.00354909896850586
0.00927352905273437 0.0209903717041016 -0.00183868408203125 -0.00762510299682617
-0.0115127563476562 0.0243053436279297 0.0166282653808594 -0.0164728164672852
-0.0275173187255859 0.0213966369628906 0.0276775360107422 -0.0024261474609375
-0.0392799377441406 0.0127944946289063 0.0116262435913086 0.0121269226074219
-0.0366401672363281 0.00466156005859375 0.0241260528564453 0.0286331176757813
-0.0184211730957031 0.017608642578125 0.00665283203125 0.0225238800048828
-0.00701332092285156 0.0125265121459961 0.00268363952636719 0.0251026153564453
0.000107765197753905 0.014552116394043 0.0148334503173828 0.0306549072265625
0.00797653198242188 0.0100278854370117 0.0277290344238281 0.0205612182617188
0.0135650634765625 0.00249576568603516 0.0340480804443359 0.00717544555664063
0.0170202255249023 -0.00205516815185547 0.0300731658935547 0.00176811218261719
0.0161075592041016 -0.000272750854492187 0.0227375030517578 0.002593994140625
0.0190963745117188 -0.00211334228515625 0.0151233673095703 0.00905418395996094
0.0226116180419922 0.00565147399902344 0.005645751953125 0.0126218795776367
0.0181808471679688 0.0182838439941406 -0.00771188735961914 0.00512552261352539
0.00581741333007813 0.027557373046875 -0.00655603408813476 -0.00604391098022461
-0.0175876617431641 0.0260391235351563 0.00998878479003906 -0.0145769119262695
-0.0356674194335938 0.0172462463378906 0.0164384841918945 0.00244808197021485
-0.046478271484375 0.00584411621093749 -0.00213336944580078 0.0139350891113281
-0.0428695678710938 -0.00640869140624999 0.00741195678710937 0.0300750732421875
-0.0330696105957031 0.0102157592773438 -0.00700759887695313 0.0277748107910156
-0.020355224609375 0.0171833038330078 -0.00339126586914063 0.031158447265625
-0.00639915466308594 0.0252494812011719 0.0114784240722656 0.0339145660400391
0.00865554809570313 0.0207920074462891 0.0235710144042969 0.0209922790527344
0.0213718414306641 0.0113449096679688 0.0286712646484375 0.00814437866210937
0.0253810882568359 0.00261878967285156 0.0226211547851563 0.00374984741210938
0.0223598480224609 0.00409889221191406 0.0142621994018555 0.00430393218994141
0.0255947113037109 0.0038909912109375 0.00770378112792969 0.010106086730957
0.0258960723876953 0.0117874145507812 -0.000857353210449217 0.0120410919189453
0.0167255401611328 0.0231075286865234 -0.0112180709838867 0.00505256652832031
0.00304985046386719 0.0306911468505859 -0.00887584686279297 -0.00485610961914062
-0.0213603973388672 0.0242328643798828 0.00513458251953125 -0.0102729797363281
-0.0383949279785156 0.0120658874511719 0.00564908981323242 0.00711917877197266
-0.0477943420410156 -0.00193023681640625 -0.0163888931274414 0.0140199661254883
-0.0415153503417969 -0.0173759460449219 -0.0106582641601563 0.0259246826171875
-0.0398483276367188 0.000965118408203133 -0.0231380462646484 0.0277729034423828
-0.0295543670654297 0.0154895782470703 -0.0108547210693359 0.0339164733886719
-0.0135726928710938 0.0304431915283203 0.00625228881835937 0.0324230194091797
0.00631141662597656 0.0279102325439453 0.0165901184082031 0.0183696746826172
0.0237522125244141 0.0186500549316406 0.0190029144287109 0.00663566589355469
0.0288143157958984 0.00765037536621094 0.010828971862793 0.00457000732421875
0.0255203247070313 0.00733375549316406 0.00338268280029297 0.00640058517456055
0.0281162261962891 0.00857162475585938 -0.00200271606445312 0.0105791091918945
0.026519775390625 0.0160617828369141 -0.007568359375 0.0107412338256836
0.014617919921875 0.0262260437011719 -0.0143032073974609 0.00405502319335938
-0.000740051269531254 0.0312519073486328 -0.00974082946777344 -0.00438594818115234
-0.0247364044189453 0.0206985473632813 0.00311565399169922 -0.00707006454467773
-0.0386238098144531 0.00444412231445313 -0.0028076171875 0.0124711990356445
-0.045257568359375 -0.00989532470703126 -0.0287418365478516 0.0127849578857422
-0.0303535461425781 -0.0247116088867188 -0.0249843597412109 0.0184898376464844
-0.036224365234375 -0.00971221923828126 -0.0354156494140625 0.02398681640625
-0.0314216613769531 0.00793838500976562 -0.0178623199462891 0.0315475463867188
-0.0188770294189453 0.0264205932617188 -0.000131607055664062 0.0280799865722656
0.00157737731933594 0.0286693572998047 0.008575439453125 0.0132846832275391
0.021148681640625 0.0232124328613281 0.00844860076904297 0.00397968292236328
0.0271072387695313 0.0113906860351562 -0.00102019309997558 0.00380682945251465
0.0238990783691406 0.0106105804443359 -0.00731897354125976 0.00605535507202148
0.0270862579345703 0.0116291046142578 -0.011744499206543 0.00920200347900391
0.0243663787841797 0.0185165405273438 -0.0146398544311523 0.00728130340576172
0.0116786956787109 0.0266780853271484 -0.0172491073608398 -0.000102043151855465
-0.00404739379882813 0.0302371978759766 -0.00980663299560547 -0.00601005554199219
-0.0261878967285156 0.0164566040039063 0.00105714797973633 -0.0043799877166748
-0.0361824035644531 -0.00354766845703125 -0.0104331970214844 0.0133199691772461
-0.0381202697753906 -0.0188789367675781 -0.0386772155761719 0.00674057006835938
-0.0136165618896484 -0.0265789031982422 -0.0348911285400391 0.00870323181152344
-0.0219764709472656 -0.0173568725585937 -0.0431060791015625 0.0168724060058594
-0.0238780975341797 -0.00233840942382812 -0.0212326049804687 0.0277671813964844
-0.0199565887451172 0.0148735046386719 -0.00353431701660156 0.0207767486572266
-0.00483894348144531 0.0219020843505859 0.0024714469909668 0.00558233261108399
0.0128746032714844 0.0229778289794922 -0.00233697891235351 -0.000757217407226561
0.021209716796875 0.0139865875244141 -0.0127449035644531 0.00257492065429688
0.0190563201904297 0.0117416381835938 -0.0178642272949219 0.0065155029296875
0.0219535827636719 0.0133495330810547 -0.0206317901611328 0.00818061828613281
0.0191230773925781 0.018096923828125 -0.0214176177978516 0.00415229797363281
0.00829887390136719 0.0244846343994141 -0.0208835601806641 -0.00342750549316406
-0.00643157958984375 0.0268726348876953 -0.0113353729248047 -0.00875186920166016
-0.026611328125 0.0111713409423828 -0.000184059143066407 -0.00481939315795898
-0.0311222076416016 -0.0109844207763672 -0.0157623291015625 0.0118684768676758
-0.0275936126708984 -0.0257720947265625 -0.0454788208007813 -0.000461578369140621
0.00620841979980469 -0.0247097015380859 -0.0341796875 0.00103569030761719
-0.00312423706054688 -0.0215415954589844 -0.0414810180664062 0.0102996826171875
-0.0115194320678711 -0.0121545791625977 -0.0209465026855469 0.0230388641357422
-0.016362190246582 0.000333786010742185 -0.00403499603271484 0.0146589279174805
-0.0095987319946289 0.0106935501098633 -2.34693288803107E-05 0.000125840306282044
0.00234603881835938 0.0177059173583984 -0.00906562805175781 -0.00461864471435547
0.0112133026123047 0.0142011642456055 -0.0202350616455078 -0.000276565551757816
0.0117053985595703 0.0110435485839844 -0.0253391265869141 0.00510406494140625
0.0139007568359375 0.0119209289550781 -0.0276527404785156 0.00538253784179688
0.0129718780517578 0.0154314041137695 -0.0274600982666016 -0.000471115112304685
0.00499343872070312 0.0193500518798828 -0.0239181518554687 -0.00791168212890625
-0.00693130493164063 0.0207691192626953 -0.0124044418334961 -0.0127954483032227
-0.0231494903564453 0.00575065612792969 -0.00320672988891602 -0.00775003433227539
-0.0234794616699219 -0.0161304473876953 -0.0204353332519531 0.00463485717773438
-0.0150489807128906 -0.0294475555419922 -0.0478858947753906 -0.0108795166015625
-0.0074920654296875 0.0226688385009766 0.048187255859375 0.0137977600097656
0.0177040100097656 0.0167865753173828 0.0225944519042969 0.0047454833984375
0.0146465301513672 -0.00516605377197266 0.00475215911865234 0.0114288330078125
0.0061492919921875 -0.0109834671020508 0.0153274536132813 0.0214195251464844
-0.00105571746826172 -0.0117521286010742 0.028778076171875 0.0150127410888672
-0.00918102264404297 -0.0114784240722656 0.0351085662841797 0.001922607421875
-0.00699710845947266 -0.00798511505126953 0.0358238220214844 -0.00598907470703125
-0.00496435165405273 -0.00750589370727539 0.0301227569580078 -0.00482940673828125
-0.00399971008300781 -0.0122756958007813 0.0242347717285156 0.00121498107910156
0.00652217864990234 -0.0118179321289063 0.0149412155151367 0.0071420669555664
0.0159826278686523 -0.00227069854736328 0.00179934501647949 0.0016864538192749
0.0139350891113281 0.00914859771728516 0.00371170043945313 -0.00976657867431641
0.00143623352050781 0.0209903717041016 0.0230369567871094 -0.0186119079589844
-0.0115871429443359 0.0261707305908203 0.0399703979492188 -0.00760650634765625
-0.0246963500976562 0.0220699310302734 0.0275897979736328 0.00731277465820313
-0.0245475769042969 0.0166206359863281 0.0422744750976563 0.0231742858886719
-8.39233398437499E-05 0.0193347930908203 0.0192890167236328 0.0132961273193359
0.00499773025512695 0.00415563583374023 0.00526809692382813 0.0179481506347656
0.00406217575073242 0.00166893005371094 0.0170574188232422 0.0270576477050781
0.00414013862609863 -0.00118422508239746 0.030853271484375 0.0181903839111328
0.00279664993286133 -0.00481557846069336 0.0379180908203125 0.00432968139648438
0.00551843643188476 -0.00588130950927734 0.0372390747070313 -0.00384140014648438
0.00664424896240234 -0.00465202331542969 0.0300941467285156 -0.00290489196777344
0.00920581817626953 -0.00827789306640625 0.0232582092285156 0.00440406799316406
0.0169363021850586 -0.00308513641357422 0.0130853652954102 0.0100288391113281
0.0187530517578125 0.00958824157714844 -0.00118255615234375 0.00415587425231934
0.0112495422363281 0.0215129852294922 -0.000524997711181639 -0.00700616836547851
-0.0101528167724609 0.0261974334716797 0.0164661407470703 -0.017329216003418
-0.0275154113769531 0.0245361328125 0.0306491851806641 -0.00396347045898437
-0.0394554138183594 0.0163192749023437 0.015864372253418 0.012089729309082
-0.038665771484375 0.00586318969726563 0.0295200347900391 0.0294189453125
-0.0194530487060547 0.0184078216552734 0.00964927673339844 0.0224323272705078
-0.00839996337890625 0.0132951736450195 0.00339698791503906 0.0254707336425781
-0.000250816345214844 0.0159225463867187 0.0169887542724609 0.0321388244628906
0.00830364227294922 0.0114479064941406 0.0301246643066406 0.0207538604736328
0.0144071578979492 0.00296783447265625 0.0370063781738281 0.00567245483398438
0.0179519653320313 -0.00261878967285156 0.03363037109375 -0.000417709350585938
0.0175838470458984 -0.000804901123046875 0.0255699157714844 3.4332275390625E-05
0.0208301544189453 -0.00237083435058594 0.0181503295898438 0.00668525695800781
0.0245380401611328 0.00500297546386719 0.00860786437988281 0.0113916397094727
0.0207176208496094 0.0188217163085938 -0.00494194030761719 0.00541543960571289
0.00821113586425781 0.0298118591308594 -0.00460004806518555 -0.00500726699829101
-0.0176296234130859 0.0288543701171875 0.0106782913208008 -0.0148639678955078
-0.0370254516601563 0.0211982727050781 0.0192203521728516 0.00156974792480469
-0.04913330078125 0.00940322875976563 0.00127696990966797 0.0151920318603516
-0.047119140625 -0.00594711303710938 0.0115928649902344 0.0318622589111328
-0.0364761352539063 0.0127029418945313 -0.00494384765625 0.0285568237304688
-0.0223159790039063 0.0189609527587891 -0.00206947326660157 0.0317955017089844
-0.00602912902832031 0.0281772613525391 0.0137042999267578 0.0350189208984375
0.0100727081298828 0.0231361389160156 0.0257396697998047 0.0215206146240234
0.0233516693115234 0.0118618011474609 0.0314788818359375 0.00645828247070313
0.0277824401855469 0.00181961059570313 0.0249748229980469 0.00158119201660156
0.0251026153564453 0.00315475463867187 0.0164394378662109 0.00253772735595703
0.0285739898681641 0.00271987915039062 0.00931453704833985 0.00860595703125
0.0289897918701172 0.0112800598144531 0.00234031677246094 0.0116453170776367
0.0199260711669922 0.0247001647949219 -0.00897598266601562 0.0052032470703125
0.00504302978515625 0.0335350036621094 -0.00709772109985351 -0.0036320686340332
-0.0218429565429688 0.0279483795166016 0.0058135986328125 -0.0110578536987305
-0.0416221618652344 0.0157890319824219 0.0082850456237793 0.00730180740356445
-0.0518875122070313 0.00119018554687501 -0.0135841369628906 0.0160713195800781
-0.0471115112304688 -0.0168228149414062 -0.00885772705078126 0.0290374755859375
-0.044830322265625 0.00367355346679688 -0.0216999053955078 0.0300121307373047
-0.0324993133544922 0.0186920166015625 -0.00994491577148438 0.0347995758056641
-0.0133094787597656 0.0343742370605469 0.00782966613769531 0.0341148376464844
0.00844764709472656 0.0306549072265625 0.0184135437011719 0.018463134765625
0.0276031494140625 0.0190029144287109 0.0210208892822266 0.00545310974121094
0.0324287414550781 0.00577735900878906 0.012354850769043 0.00328826904296875
0.0286998748779297 0.00704002380371094 0.00466203689575195 0.00477743148803711
0.0320701599121094 0.00763893127441406 -0.000800132751464841 0.00951480865478516
0.0307712554931641 0.015899658203125 -0.00626754760742187 0.00971794128417969
0.0182037353515625 0.0282554626464844 -0.0133428573608398 0.00376033782958985
0.00188064575195312 0.0349464416503906 -0.00907421112060547 -0.00456905364990234
-0.025787353515625 0.0251312255859375 0.00354671478271484 -0.00774765014648437
-0.0425910949707031 0.00823974609375001 -0.000608444213867192 0.013300895690918
-0.0503578186035156 -0.00754165649414063 -0.0279827117919922 0.0147495269775391
-0.0361213684082031 -0.0248908996582031 -0.0250873565673828 0.0218791961669922
-0.04205322265625 -0.00746917724609375 -0.0359992980957031 0.0262527465820313
-0.0349369049072266 0.0111751556396484 -0.0172157287597656 0.0330162048339844
-0.0194301605224609 0.0306739807128906 0.000846862792968749 0.0292816162109375
0.00325393676757812 0.0320816040039063 0.009552001953125 0.0135641098022461
0.0252723693847656 0.0234546661376953 0.00889873504638672 0.00307464599609375
0.0314769744873047 0.0100078582763672 -0.00110292434692383 0.00360298156738281
0.0279026031494141 0.00890350341796875 -0.00758886337280273 0.00601291656494141
0.0310134887695313 0.0101070404052734 -0.0121908187866211 0.00896549224853516
0.0285663604736328 0.0178470611572266 -0.0146360397338867 0.00680446624755859
0.0151119232177734 0.0286884307861328 -0.0174074172973633 -0.000284194946289063
-0.00179100036621094 0.0336322784423828 -0.00963973999023438 -0.00617313385009765
-0.0277938842773438 0.02020263671875 0.00177431106567383 -0.00467920303344726
-0.0413818359375 -0.000358581542968754 -0.00909805297851563 0.0147695541381836
-0.0438079833984375 -0.01715087890625 -0.0394096374511719 0.00890350341796874
-0.0180854797363281 -0.0278949737548828 -0.0363693237304688 0.01220703125
-0.0267181396484375 -0.0170879364013672 -0.0440673828125 0.0204200744628906
-0.0279216766357422 -0.000787734985351558 -0.0209503173828125 0.0288333892822266
-0.0208015441894531 0.0193805694580078 -0.00334739685058594 0.0214881896972656
-0.0034027099609375 0.0246677398681641 0.00262117385864258 0.00570201873779297
0.0173130035400391 0.0228404998779297 -0.00318813323974609 -0.000720977783203124
0.0247516632080078 0.0122337341308594 -0.0135440826416016 0.00301265716552734
0.0223503112792969 0.0104751586914062 -0.0183811187744141 0.00697135925292969
0.0255870819091797 0.0117301940917969 -0.0218544006347656 0.00854873657226562
0.0235538482666016 0.0175552368164063 -0.0227394104003906 0.00401878356933594
0.0117378234863281 0.0263175964355469 -0.0220184326171875 -0.00381851196289063
-0.00424385070800781 0.0300674438476562 -0.0111122131347656 -0.0096597671508789
-0.0279617309570312 0.0147380828857422 0.000162124633789061 -0.00557136535644531
-0.0357933044433594 -0.00880432128906249 -0.0152759552001953 0.0133113861083984
-0.0339641571044922 -0.0246257781982422 -0.0483283996582031 0.00173568725585938
0.00298118591308594 -0.0270709991455078 -0.037384033203125 0.00356674194335938
-0.00718879699707032 -0.0224838256835938 -0.0436172485351563 0.0135955810546875
-0.014744758605957 -0.0120725631713867 -0.0212459564208984 0.0245323181152344
-0.0175991058349609 0.00327301025390625 -0.00421142578125 0.0149192810058594
-0.00866508483886719 0.0136270523071289 -0.00174009799957275 0.000570774078369142
0.0058746337890625 0.0188579559326172 -0.0111360549926758 -0.00434303283691406
0.0145235061645508 0.0130577087402344 -0.0224647521972656 0.00134658813476563
0.0139589309692383 0.0103664398193359 -0.0274181365966797 0.00666236877441406
0.0168352127075195 0.0109701156616211 -0.0300273895263672 0.00710105895996094
0.0165634155273437 0.0145454406738281 -0.0298042297363281 -0.000337600708007813
0.00736808776855469 0.0203819274902344 -0.0257759094238281 -0.00811386108398437
-0.00521087646484375 0.0231113433837891 -0.0134086608886719 -0.0130157470703125
-0.0241584777832031 0.00870132446289063 -0.0032353401184082 -0.00783014297485352
-0.0275020599365234 -0.0142478942871094 -0.0214595794677734 0.00645828247070313
-0.01910400390625 -0.0295391082763672 -0.0520515441894531 -0.00943756103515626
-0.00434112548828125 0.0234394073486328 0.052581787109375 0.0108985900878906
0.02032470703125 0.0140209197998047 0.0241508483886719 0.00207138061523438
0.0144834518432617 -0.00776863098144531 0.00572586059570313 0.0113677978515625
0.00354194641113281 -0.0121746063232422 0.0172767639160156 0.022369384765625
-0.00272750854492188 -0.0114383697509766 0.0318374633789063 0.0144786834716797
-0.0111465454101562 -0.00961780548095703 0.0383224487304688 -0.000705718994140626
-0.00827550888061523 -0.00636482238769531 0.0380935668945313 -0.0101699829101563
-0.00592660903930664 -0.00658035278320312 0.0320491790771484 -0.00872230529785156
-0.00601863861083984 -0.0117254257202148 0.0263042449951172 -0.00178146362304688
0.00514030456542969 -0.0126352310180664 0.017669677734375 0.00526809692382812
0.0153284072875977 -0.00454807281494141 0.00380206108093262 0.00159525871276855
0.0154962539672852 0.00750637054443359 0.00464820861816406 -0.00935649871826172
0.00430488586425781 0.0206756591796875 0.023101806640625 -0.0203571319580078
-0.00815200805664063 0.0286903381347656 0.0426101684570313 -0.0113182067871094
-0.0228939056396484 0.0251960754394531 0.0316867828369141 0.00511741638183594
-0.0237712860107422 0.0183925628662109 0.048095703125 0.0208206176757813
0.00102806091308594 0.0194759368896484 0.0216541290283203 0.0112876892089844
0.00424408912658691 0.00383305549621582 0.00608634948730469 0.0182590484619141
0.00331735610961914 0.00214672088623047 0.0200634002685547 0.0269527435302734
0.00385379791259766 -0.000652313232421875 0.034820556640625 0.0178356170654297
0.00156450271606445 -0.00390410423278809 0.0417213439941406 0.001617431640625
0.00541353225708008 -0.00500822067260742 0.0403099060058594 -0.00770950317382812
0.00697898864746094 -0.00409984588623047 0.0325164794921875 -0.00697135925292969
0.00957679748535156 -0.00861263275146484 0.0255947113037109 0.000637054443359374
0.0164880752563477 -0.00412940979003906 0.01654052734375 0.0082855224609375
0.0205078125 0.00804710388183594 0.00183868408203125 0.0044407844543457
0.0127334594726563 0.0201301574707031 0.000428199768066407 -0.00611257553100586
-0.00829887390136719 0.0279197692871094 0.0166969299316406 -0.0181121826171875
-0.0256404876708984 0.0275382995605469 0.0322666168212891 -0.00714683532714844
-0.0397987365722656 0.0213699340820313 0.0205593109130859 0.0106258392333984
-0.0410995483398437 0.00933074951171875 0.0345478057861328 0.0280914306640625
-0.0197601318359375 0.0201148986816406 0.0133075714111328 0.0211372375488281
-0.00916099548339844 0.0149850845336914 0.00449752807617188 0.0259037017822266
0.000978469848632813 0.0181331634521484 0.0201034545898438 0.0324478149414063
0.00925350189208985 0.0126256942749023 0.0342082977294922 0.019683837890625
0.0158176422119141 0.00262737274169922 0.0402755737304688 0.00287628173828125
0.0195369720458984 -0.00397300720214844 0.0357513427734375 -0.00510787963867187
0.0189323425292969 -0.00227546691894531 0.0270938873291016 -0.00357818603515625
0.0217914581298828 -0.00356292724609375 0.0209903717041016 0.00301742553710937
0.0266742706298828 0.00369644165039063 0.0124006271362305 0.00931453704833984
0.0233325958251953 0.0183658599853516 -0.00274848937988281 0.00562143325805664
0.011688232421875 0.0308628082275391 -0.00352239608764648 -0.00450611114501953
-0.0164661407470703 0.0323219299316406 0.0110759735107422 -0.0158653259277344
-0.0373458862304688 0.0257759094238281 0.0216846466064453 -0.000503540039062498
-0.0502357482910156 0.0145988464355469 0.00601387023925781 0.0156278610229492
-0.0515251159667969 -0.00200271606445313 0.0159263610839844 0.0326614379882813
-0.0386085510253906 0.0165786743164062 -0.00243568420410156 0.0295028686523438
-0.0230617523193359 0.0221347808837891 -0.000408172607421873 0.0326480865478516
-0.00467491149902343 0.0311470031738281 0.0173492431640625 0.0357589721679687
0.0131797790527344 0.0245361328125 0.029296875 0.0206108093261719
0.0259513854980469 0.0112686157226563 0.0336971282958984 0.00292587280273438
0.030059814453125 -8.58306884765625E-05 0.0271873474121094 -0.00148391723632813
0.0281028747558594 0.00096893310546875 0.0180377960205078 -0.000349044799804687
0.0314292907714844 0.00108528137207031 0.0115518569946289 0.00626564025878906
0.0329074859619141 0.00965118408203125 0.00406646728515625 0.00972557067871094
0.0238914489746094 0.0252838134765625 -0.00719070434570312 0.00483226776123047
0.00870513916015625 0.0358810424804688 -0.00607395172119141 -0.00375986099243164
-0.0212783813476563 0.0322761535644531 0.00650596618652344 -0.0113992691040039
-0.0435981750488281 0.021575927734375 0.0111894607543945 0.00596237182617188
-0.0559501647949219 0.00670623779296876 -0.0105390548706055 0.0172672271728516
-0.0534210205078125 -0.014068603515625 -0.0056610107421875 0.0310478210449219
-0.0487442016601563 0.00806808471679687 -0.0204715728759766 0.0323886871337891
-0.0341892242431641 0.0231552124023438 -0.00832366943359376 0.0364990234375
-0.0113945007324219 0.0387077331542969 0.00971031188964844 0.0351066589355469
0.0119209289550781 0.0331439971923828 0.0210800170898438 0.01824951171875
0.0319404602050781 0.0177135467529297 0.0230827331542969 0.00364494323730469
0.03582763671875 0.00339508056640625 0.0131816864013672 0.00230789184570313
0.0319919586181641 0.00468826293945313 0.00527143478393555 0.00419807434082031
0.0359458923339844 0.00450897216796875 -0.000302314758300779 0.00848865509033203
0.0351219177246094 0.0139350891113281 -0.00479412078857422 0.00921630859375
0.0228500366210938 0.0288562774658203 -0.0129156112670898 0.00389957427978516
0.0050811767578125 0.0376548767089844 -0.00751161575317383 -0.00447463989257812
-0.0258388519287109 0.0297679901123047 0.00493812561035156 -0.008636474609375
-0.0456047058105469 0.0140914916992187 0.00137901306152343 0.0136919021606445
-0.0556221008300781 -0.00341033935546876 -0.0262336730957031 0.0170917510986328
-0.0424842834472656 -0.0230064392089844 -0.0244178771972656 0.0249500274658203
-0.0471649169921875 -0.00391769409179688 -0.03533935546875 0.0301475524902344
-0.0375785827636719 0.0154914855957031 -0.0160694122314453 0.0348358154296875
-0.0178260803222656 0.03631591796875 0.00264167785644531 0.0309543609619141
0.00641059875488281 0.0343379974365234 0.0107192993164063 0.0130033493041992
0.0301551818847656 0.0224151611328125 0.00949764251708984 0.00235843658447266
0.0354766845703125 0.00701141357421875 -0.000826835632324217 0.00349020957946777
0.0312290191650391 0.00667381286621094 -0.00779008865356445 0.00677728652954102
0.0354232788085938 0.00685882568359375 -0.0118570327758789 0.00986480712890625
0.0333328247070313 0.0158843994140625 -0.0146093368530273 0.0069580078125
0.0203304290771484 0.0292758941650391 -0.0180339813232422 -0.000572204589843744
0.00255584716796875 0.0372200012207031 -0.00929069519042969 -0.00629234313964844
-0.0281009674072266 0.0251083374023437 0.00229787826538086 -0.00583362579345703
-0.0454978942871094 0.00479507446289062 -0.00694084167480469 0.0164909362792969
-0.0495376586914063 -0.012969970703125 -0.0393295288085938 0.0123214721679688
-0.023529052734375 -0.0272789001464844 -0.0376167297363281 0.0165863037109375
-0.0323848724365234 -0.0148639678955078 -0.0446815490722656 0.02423095703125
-0.0313796997070313 0.00353431701660156 -0.0205287933349609 0.0312633514404297
-0.0208396911621094 0.0236911773681641 -0.00329399108886719 0.0230064392089844
0.000827789306640624 0.0275955200195312 0.00189828872680664 0.0064687728881836
0.021392822265625 0.0227394104003906 -0.00394582748413086 -0.000817298889160154
0.0286140441894531 0.00981330871582031 -0.0146160125732422 0.00467586517333985
0.0266094207763672 0.00840950012207031 -0.019927978515625 0.00986480712890625
0.0293140411376953 0.00835609436035156 -0.0225925445556641 0.0107078552246094
0.0268211364746094 0.0153999328613281 -0.0233516693115234 0.00444602966308594
0.0156192779541016 0.02685546875 -0.0232753753662109 -0.00390625
-0.00111770629882813 0.0330257415771484 -0.011897087097168 -0.0103597640991211
-0.0276832580566406 0.0193824768066406 -5.9604644775392E-05 -0.00582122802734375
-0.0406608581542969 -0.00500488281249999 -0.0145511627197266 0.015315055847168
-0.0390090942382813 -0.0220947265625 -0.0503501892089844 0.00509643554687499
-0.00186729431152344 -0.0290508270263672 -0.0402870178222656 0.00698089599609374
-0.0119743347167969 -0.022003173828125 -0.0462226867675781 0.0178909301757812
-0.0182743072509766 -0.00954627990722656 -0.0201492309570313 0.0261611938476562
-0.0185585021972656 0.0070648193359375 -0.00517749786376953 0.015843391418457
-0.00698757171630859 0.0162744522094727 -0.00273656845092773 0.000411987304687501
0.00915336608886719 0.0190181732177734 -0.0133857727050781 -0.00275802612304688
0.0174703598022461 0.0111484527587891 -0.0243930816650391 0.00448989868164063
0.0168952941894531 0.00860118865966797 -0.02880859375 0.00975418090820313
0.0198764801025391 0.00916099548339844 -0.0320072174072266 0.00985336303710938
0.0190925598144531 0.0129528045654297 -0.0319557189941406 0.00139045715332031
0.0108718872070313 0.0206413269042969 -0.0280590057373047 -0.00761032104492187
-0.00262832641601563 0.025054931640625 -0.014592170715332 -0.0138339996337891
-0.0244617462158203 0.012420654296875 -0.00300216674804688 -0.00916862487792969
-0.0312480926513672 -0.0114345550537109 -0.021270751953125 0.00934791564941407
-0.0248317718505859 -0.0285682678222656 -0.0557670593261719 -0.00558090209960937
-0.00208473205566406 0.0235118865966797 0.0562858581542969 0.00559616088867188
0.0219631195068359 0.0105495452880859 0.024139404296875 -0.000982284545898437
0.0141220092773437 -0.00908088684082031 0.00505733489990234 0.0109004974365234
0.00172901153564453 -0.0135650634765625 0.0199623107910156 0.0210247039794922
-0.004608154296875 -0.010493278503418 0.0353813171386719 0.0120010375976562
-0.0129451751708984 -0.00826644897460938 0.0394096374511719 -0.00386428833007813
-0.00905036926269531 -0.00510215759277344 0.0390625 -0.01507568359375
-0.00626373291015625 -0.00484228134155273 0.0317821502685547 -0.0144824981689453
-0.00788021087646484 -0.00927352905273438 0.0271549224853516 -0.00641250610351563
0.000945091247558594 -0.0132055282592773 0.0200271606445313 0.0018463134765625
0.0134592056274414 -0.00744533538818359 0.00551319122314453 0.00172185897827148
0.0153264999389648 0.00498008728027344 0.00479888916015625 -0.0105571746826172
0.00805282592773438 0.0205554962158203 0.0223884582519531 -0.0208587646484375
-0.00403404235839844 0.0283088684082031 0.0421142578125 -0.0159149169921875
-0.0186367034912109 0.0289268493652344 0.035614013671875 0.00128936767578125
-0.0221023559570313 0.0207977294921875 0.0522308349609375 0.0166244506835938
0.00327873229980469 0.017791748046875 0.0233345031738281 0.00735092163085938
0.00331282615661621 0.00240182876586914 0.00820446014404297 0.0172824859619141
0.00260114669799805 0.0019681453704834 0.0225677490234375 0.0259170532226563
0.0039374828338623 -1.9073486328125E-06 0.0364456176757812 0.0135841369628906
0.00211620330810547 -0.00400876998901367 0.0441322326660156 -0.0036468505859375
0.0058894157409668 -0.00569629669189453 0.0410575866699219 -0.0123634338378906
0.00788211822509766 -0.0045475959777832 0.0321102142333984 -0.0115890502929687
0.00852489471435547 -0.0100746154785156 0.0271186828613281 -0.00423622131347656
0.0158882141113281 -0.00548553466796875 0.0196514129638672 0.00414276123046875
0.0214004516601563 0.0056304931640625 0.00425815582275391 0.0030665397644043
0.0145397186279297 0.0197086334228516 0.00280475616455078 -0.00652217864990234
-0.00480461120605469 0.0294914245605469 0.0160923004150391 -0.0197658538818359
-0.0230979919433594 0.0311203002929688 0.0332622528076172 -0.0111637115478516
-0.0364418029785156 0.0256233215332031 0.0246067047119141 0.00719451904296875
-0.0420570373535156 0.0130538940429687 0.0399742126464844 0.0253143310546875
-0.0204391479492188 0.0231704711914063 0.0163307189941406 0.0192031860351563
-0.00969696044921875 0.0162343978881836 0.00642967224121094 0.0263805389404297
0.001678466796875 0.0192298889160156 0.0229606628417969 0.0318965911865234
0.0103082656860352 0.0128135681152344 0.0369377136230469 0.0163192749023438
0.0168819427490234 0.00186920166015625 0.0412063598632813 -0.00131607055664063
0.0202503204345703 -0.00479698181152344 0.0360679626464844 -0.0103912353515625
0.0204353332519531 -0.00432586669921875 0.0277671813964844 -0.00814437866210938
0.0236625671386719 -0.00575447082519531 0.0215930938720703 -0.00070953369140625
0.0279598236083984 0.00107192993164063 0.0153875350952148 0.00743198394775391
0.0251064300537109 0.0167446136474609 0.000205516815185548 0.00434160232543945
0.0147438049316406 0.0303955078125 -0.00120925903320312 -0.00477313995361328
-0.013214111328125 0.0349864959716797 0.0116472244262695 -0.0167961120605469
-0.0352706909179688 0.0309104919433594 0.0223922729492188 -0.00381088256835937
-0.0506095886230469 0.0201911926269531 0.0105361938476562 0.0134038925170898
-0.0548973083496094 0.00436019897460937 0.020721435546875 0.0313930511474609
-0.0383834838867187 0.0216712951660156 0.00149726867675781 0.0282325744628906
-0.0225887298583984 0.0262603759765625 0.000684738159179686 0.0333766937255859
-0.0016937255859375 0.0337276458740234 0.0200481414794922 0.0346145629882813
0.0168704986572266 0.0245265960693359 0.0316009521484375 0.0174102783203125
0.0292072296142578 0.00835990905761719 0.0352783203125 5.72204589843755E-05
0.0304737091064453 -0.00403785705566406 0.02777099609375 -0.00567626953125
0.0293617248535156 -0.001922607421875 0.0185756683349609 -0.00363731384277344
0.0334453582763672 -0.00320053100585938 0.0120077133178711 0.00324058532714844
0.0348167419433594 0.00637435913085938 0.00599956512451172 0.00796747207641602
0.0280590057373047 0.0245399475097656 -0.00517511367797851 0.00367164611816406
0.0132255554199219 0.0361824035644531 -0.00410795211791992 -0.00437021255493164
-0.0192413330078125 0.035980224609375 0.00694465637207031 -0.0125522613525391
-0.0438232421875 0.02728271484375 0.0129785537719727 0.00480270385742188
-0.0568771362304688 0.0129547119140625 -0.00639152526855469 0.0173063278198242
-0.0584983825683594 -0.00966644287109375 -0.000806808471679694 0.0316181182861328
-0.0514755249023438 0.0140113830566406 -0.0165729522705078 0.0327243804931641
-0.0343818664550781 0.0279369354248047 -0.00500106811523437 0.0370903015136719
-0.00832748413085938 0.0434761047363281 0.0136375427246094 0.0355491638183594
0.0154762268066406 0.0346755981445313 0.0229263305664063 0.0162029266357422
0.0343055725097656 0.0152702331542969 0.02313232421875 0.00118446350097656
0.0375442504882813 -7.62939453125E-06 0.0132369995117188 0.000741004943847656
0.0342292785644531 0.000143051147460937 0.00507974624633789 0.00248289108276367
0.0382804870605469 0.000644683837890625 0.000959873199462892 0.00664806365966797
0.0367355346679688 0.00970077514648437 -0.00367975234985351 0.00698375701904297
0.0285854339599609 0.0264759063720703 -0.0118465423583984 0.00338268280029297
0.0103225708007813 0.0389060974121094 -0.00691843032836914 -0.00561189651489258
-0.0232524871826172 0.0341968536376953 0.00482749938964844 -0.00946331024169922
-0.04669189453125 0.0211677551269531 0.00383377075195312 0.0113124847412109
-0.0575294494628906 0.00261688232421875 -0.0231742858886719 0.0202884674072266
-0.0483512878417969 -0.0188369750976563 -0.0218524932861328 0.0282382965087891
-0.0501976013183594 0.00188827514648437 -0.0325412750244141 0.0333404541015625
-0.0389251708984375 0.0214996337890625 -0.0146903991699219 0.0360488891601562
-0.0143051147460938 0.0400848388671875 0.00463294982910156 0.0314369201660156
0.0117034912109375 0.0353775024414063 0.0109701156616211 0.0125932693481445
0.0340290069580078 0.0196247100830078 0.00927352905273438 0.00117301940917969
0.0382499694824219 0.00232696533203125 -0.000576257705688474 0.00417637825012207
0.0338249206542969 0.00257301330566406 -0.00722789764404297 0.00641250610351562
0.0370330810546875 0.00181198120117188 -0.0122318267822266 0.0107440948486328
0.037109375 0.0114402770996094 -0.0140838623046875 0.006744384765625
0.0251579284667969 0.0283699035644531 -0.0175352096557617 -0.00012493133544922
0.00793838500976563 0.0375099182128906 -0.010009765625 -0.0067758560180664
-0.0256175994873047 0.0302371978759766 0.00234937667846679 -0.00645923614501953
-0.0471534729003906 0.0115928649902344 -0.0040426254272461 0.0157289505004883
-0.0536460876464844 -0.00751113891601563 -0.0379447937011719 0.0155258178710937
-0.0301685333251953 -0.0232295989990234 -0.0374832153320313 0.0214080810546875
-0.0376052856445313 -0.00984954833984376 -0.0434303283691406 0.0280380249023438
-0.0318374633789063 0.00887680053710937 -0.0188179016113281 0.0321388244628906
-0.0183296203613281 0.0281181335449219 -0.00349807739257813 0.0239963531494141
0.00427436828613281 0.0291996002197266 0.00185298919677734 0.00562047958374024
0.0260810852050781 0.0206127166748047 -0.00464677810668945 -0.000425338745117186
0.031219482421875 0.0056610107421875 -0.0150594711303711 0.00559520721435547
0.0287570953369141 0.00404548645019531 -0.0203990936279297 0.0122432708740234
0.0326709747314453 0.00467872619628906 -0.0233535766601563 0.0129356384277344
0.0312328338623047 0.0123786926269531 -0.0239696502685547 0.00620079040527344
0.0205402374267578 0.0261478424072266 -0.0246601104736328 -0.00166893005371093
0.00300788879394532 0.0346031188964844 -0.0119800567626953 -0.0101556777954102
-0.0269699096679688 0.0224266052246094 0.000554561614990233 -0.00736093521118164
-0.0434837341308594 0.00181961059570312 -0.012507438659668 0.0157413482666016
-0.043121337890625 -0.0163650512695312 -0.0490226745605469 0.00990676879882812
-0.00697898864746094 -0.0280952453613281 -0.0426979064941406 0.01153564453125
-0.01800537109375 -0.0204544067382812 -0.0451202392578125 0.0218429565429687
-0.0215072631835937 -0.00837516784667969 -0.0184268951416016 0.0284976959228516
-0.0183124542236328 0.0109310150146484 -0.00577259063720703 0.0161304473876953
-0.00307655334472656 0.0187721252441406 -0.00499629974365234 0.000951766967773438
0.0135288238525391 0.0177383422851563 -0.014857292175293 -0.000875473022460936
0.0201816558837891 0.00938606262207031 -0.0246791839599609 0.00704574584960938
0.0186367034912109 0.00573348999023438 -0.0281944274902344 0.014984130859375
0.0222072601318359 0.00614166259765625 -0.0325241088867187 0.0144596099853516
0.0226039886474609 0.00983238220214844 -0.0339603424072266 0.00396537780761718
0.0145130157470703 0.0198326110839844 -0.0299339294433594 -0.00615119934082031
0.00125885009765625 0.0266132354736328 -0.0170040130615234 -0.0143089294433594
-0.0235977172851562 0.0158443450927734 -0.00333404541015625 -0.00908470153808594
-0.0325889587402344 -0.00625038146972657 -0.0208148956298828 0.0113525390625
-0.0281028747558594 -0.0253028869628906 -0.0584716796875 -0.000762939453125005
0.000740051269531249 0.0220241546630859 0.0552940368652344 0.00104141235351563
0.0212574005126953 0.00775527954101562 0.0235996246337891 -0.00460624694824219
0.011322021484375 -0.0106143951416016 0.00617027282714844 0.0106782913208008
0.000719070434570312 -0.0126533508300781 0.0213375091552734 0.019866943359375
-0.00654697418212891 -0.00927066802978516 0.0358200073242188 0.00909805297851563
-0.0133705139160156 -0.00476264953613281 0.0402793884277344 -0.00787353515625
-0.00901699066162109 -0.0038909912109375 0.0370445251464844 -0.0191268920898438
-0.0068964958190918 -0.00391721725463867 0.0309467315673828 -0.0178489685058594
-0.00845623016357422 -0.00817632675170898 0.0266342163085938 -0.00963211059570313
0.000603675842285157 -0.0125179290771484 0.0204563140869141 -0.00119590759277344
0.0125246047973633 -0.00811862945556641 0.00731611251831055 -0.000116825103759766
0.0154352188110352 0.00279140472412109 0.00588417053222656 -0.00992679595947266
0.00949668884277344 0.0181694030761719 0.0210075378417969 -0.0226535797119141
-0.000501632690429688 0.0278491973876953 0.0413055419921875 -0.0192146301269531
-0.0141677856445313 0.0290546417236328 0.0367507934570313 -0.00327682495117187
-0.0209846496582031 0.0212974548339844 0.0533943176269531 0.0110054016113281
0.00302791595458985 0.0172977447509766 0.0227794647216797 0.00480270385742188
0.00293207168579102 0.00261330604553223 0.00751209259033203 0.0159034729003906
0.00229358673095703 0.00188279151916504 0.0240650177001953 0.0250110626220703
0.00202834606170654 -2.95639038085938E-05 0.0388755798339844 0.0110740661621094
0.00160574913024902 -0.00261282920837402 0.042999267578125 -0.00797271728515625
0.00544643402099609 -0.00589132308959961 0.0389137268066406 -0.0181045532226563
0.00673055648803711 -0.00538396835327148 0.0316123962402344 -0.0161228179931641
0.00800228118896484 -0.00903892517089844 0.0268707275390625 -0.00772476196289063
0.0153465270996094 -0.006256103515625 0.0201549530029297 0.00183677673339844
0.0207099914550781 0.00434303283691406 0.00566577911376953 0.00265836715698242
0.0166664123535156 0.0179653167724609 0.00316476821899414 -0.00706958770751953
-0.00189971923828125 0.0288562774658203 0.0154361724853516 -0.0206222534179687
-0.0191593170166016 0.0326271057128906 0.0328693389892578 -0.0134658813476563
-0.0333499908447266 0.0282230377197266 0.0263710021972656 0.00409317016601563
-0.0409660339355469 0.0160369873046875 0.0422706604003906 0.0206260681152344
-0.0176715850830078 0.0242137908935547 0.0159454345703125 0.0157985687255859
-0.00898170471191406 0.0175266265869141 0.00753402709960937 0.0240764617919922
0.00313758850097656 0.0196151733398438 0.0255641937255859 0.0295867919921875
0.0125198364257812 0.0117616653442383 0.038299560546875 0.0136146545410156
0.0168600082397461 0.00181770324707031 0.0416183471679688 -0.0059356689453125
0.0197677612304687 -0.0069427490234375 0.0356826782226563 -0.0142097473144531
0.0196704864501953 -0.00598335266113281 0.0266742706298828 -0.0116233825683594
0.0221824645996094 -0.00823211669921875 0.0215663909912109 -0.00389289855957031
0.0276050567626953 -0.00132179260253906 0.0155868530273438 0.00269412994384766
0.0275154113769531 0.0146255493164063 0.00178074836730957 0.00318765640258789
0.0172481536865234 0.0289096832275391 -0.00040435791015625 -0.00537538528442383
-0.00995254516601562 0.0356025695800781 0.00995254516601563 -0.0172243118286133
-0.0331859588623047 0.0341739654541016 0.0233020782470703 -0.00619125366210937
-0.0478096008300781 0.0249137878417969 0.0129737854003906 0.0118436813354492
-0.0543136596679687 0.00801849365234375 0.0246486663818359 0.0285587310791016
-0.0374183654785156 0.0245246887207031 0.00391769409179687 0.0263824462890625
-0.0214099884033203 0.0286960601806641 0.00317573547363281 0.0308990478515625
0.00168037414550781 0.0350875854492188 0.0223884582519531 0.0329914093017578
0.0184192657470703 0.0243816375732422 0.0326900482177734 0.0151920318603516
0.0298385620117188 0.006103515625 0.0348930358886719 -0.00397300720214844
0.0314579010009766 -0.007354736328125 0.02679443359375 -0.00897407531738281
0.0300102233886719 -0.00530815124511719 0.0173854827880859 -0.00648593902587891
0.0336513519287109 -0.0071868896484375 0.0123748779296875 0.00054931640625
0.0359001159667969 0.00236129760742188 0.00700855255126953 0.00509929656982422
0.0304965972900391 0.0208930969238281 -0.00420045852661133 0.0030665397644043
0.017303466796875 0.0354690551757813 -0.00323200225830078 -0.00424933433532715
-0.0159759521484375 0.0384101867675781 0.0068817138671875 -0.0134372711181641
-0.0411491394042969 0.032196044921875 0.0142593383789062 0.0029144287109375
-0.0556983947753906 0.0187835693359375 -0.00350570678710938 0.0167551040649414
-0.0584602355957031 -0.00311279296875 0.00196456909179687 0.0310707092285156
-0.0497169494628906 0.0199623107910156 -0.0133514404296875 0.0334358215332031
-0.0319175720214844 0.0328636169433594 -0.003631591796875 0.0355072021484375
-0.0043487548828125 0.0436820983886719 0.0153713226318359 0.0331611633300781
0.0203781127929687 0.0324611663818359 0.0233287811279297 0.0146598815917969
0.0368270874023438 0.0111885070800781 0.0226879119873047 -0.00205230712890625
0.0381965637207031 -0.00492095947265625 0.0134696960449219 -0.00196456909179688
0.0347900390625 -0.00418281555175781 0.00499868392944336 0.0011749267578125
0.0392990112304687 -0.004180908203125 0.000726222991943362 0.00542068481445313
0.0397567749023438 0.00579833984375 -0.0033884048461914 0.00685930252075195
0.0312976837158203 0.02447509765625 -0.0109109878540039 0.00234222412109375
0.0151748657226562 0.0389480590820313 -0.00651407241821289 -0.00524330139160156
-0.0203666687011719 0.0368919372558594 0.00478553771972656 -0.0101242065429687
-0.0454254150390625 0.0259742736816406 0.00568103790283203 0.0108566284179688
-0.0580940246582031 0.00941848754882813 -0.0196285247802734 0.0192756652832031
-0.0505561828613281 -0.0141868591308594 -0.0179901123046875 0.0297870635986328
-0.050872802734375 0.00766372680664062 -0.0289859771728516 0.0347805023193359
-0.03729248046875 0.0259819030761719 -0.0114555358886719 0.0357093811035156
-0.0101661682128906 0.0423431396484375 0.00614738464355469 0.0300731658935547
0.0158233642578125 0.0348587036132813 0.0115175247192383 0.0112848281860352
0.0362358093261719 0.0157737731933594 0.00848484039306641 3.86238098144541E-05
0.0377159118652344 -0.0020599365234375 -0.00102734565734863 0.00308656692504883
0.0346508026123047 -0.00154495239257813 -0.00743865966796875 0.00679302215576172
0.0387763977050781 -0.0027008056640625 -0.0116167068481445 0.00966930389404297
0.0388565063476563 0.00739669799804688 -0.0150070190429688 0.0066537857055664
0.0285854339599609 0.0255451202392578 -0.0175285339355469 3.6239624023439E-05
0.0116043090820312 0.0379219055175781 -0.00963878631591797 -0.00750255584716797
-0.0234127044677734 0.0331707000732422 0.00237512588500976 -0.00812673568725586
-0.0460357666015625 0.0172653198242187 -0.00277423858642578 0.0157794952392578
-0.0542411804199219 -0.00123977661132813 -0.0348262786865234 0.0177593231201172
-0.0327033996582031 -0.0218963623046875 -0.0345954895019531 0.0240669250488281
-0.0390892028808594 -0.00553512573242187 -0.040618896484375 0.0312232971191406
-0.0329380035400391 0.0116634368896484 -0.0157241821289063 0.0326347351074219
-0.0151920318603516 0.0309772491455078 -0.000699996948242188 0.0230236053466797
0.00757026672363281 0.0296707153320313 0.000933170318603516 0.0055837631225586
0.0280590057373047 0.0167484283447266 -0.00518608093261719 0.00110864639282227
0.0315952301025391 0.00145721435546875 -0.0146274566650391 0.00805377960205078
0.0283126831054687 0.000913619995117187 -0.0194225311279297 0.0135078430175781
0.0328502655029297 -0.000200271606445313 -0.0229701995849609 0.0142822265625
0.0324878692626953 0.00782394409179688 -0.0245018005371094 0.00739479064941407
0.0243892669677734 0.0228786468505859 -0.0249595642089844 -0.00149917602539063
0.00864601135253906 0.0333900451660156 -0.0137233734130859 -0.0104160308837891
-0.0244636535644531 0.0272064208984375 -0.000660896301269532 -0.00805139541625976
-0.0421905517578125 0.00670242309570313 -0.0109624862670898 0.0170040130615234
-0.0449943542480469 -0.0114173889160156 -0.0483779907226563 0.0129737854003906
-0.0102367401123047 -0.0269432067871094 -0.0404510498046875 0.015777587890625
-0.0199298858642578 -0.0178546905517578 -0.0429039001464844 0.0257453918457031
-0.0221385955810547 -0.00397491455078125 -0.0175952911376953 0.0279827117919922
-0.0168294906616211 0.0134525299072266 -0.00502300262451172 0.0163602828979492
-0.00130271911621094 0.0185585021972656 -0.00593137741088867 0.00136089324951172
0.0151309967041016 0.0148983001708984 -0.0157289505004883 0.000531196594238283
0.0195503234863281 0.00530433654785156 -0.0243148803710937 0.0100364685058594
0.0186958312988281 0.00303840637207031 -0.0271778106689453 0.0164566040039062
0.0218086242675781 0.00181198120117188 -0.0308876037597656 0.0163726806640625
0.0227718353271484 0.00699996948242188 -0.0331668853759766 0.00656890869140625
0.0166301727294922 0.0171623229980469 -0.0307769775390625 -0.00407981872558593
0.00472068786621094 0.0254974365234375 -0.0170841217041016 -0.0122108459472656
-0.0213050842285156 0.0187263488769531 -0.00373744964599609 -0.0088815689086914
-0.0340900421142578 -0.00194358825683594 -0.0190830230712891 0.0134716033935547
-0.0308151245117188 -0.0206928253173828 -0.0569915771484375 0.00374221801757813
0.00180244445800781 0.0206260681152344 0.0546798706054687 -0.0027923583984375
0.0205192565917969 0.0054168701171875 0.0224037170410156 -0.00639724731445313
0.00938510894775391 -0.0111093521118164 0.00531101226806641 0.0102939605712891
-0.000845909118652343 -0.0118703842163086 0.0217075347900391 0.0192432403564453
-0.00686264038085938 -0.00873041152954102 0.03594970703125 0.00704193115234375
-0.012578010559082 -0.00324153900146485 0.0395622253417969 -0.00966262817382813
-0.00818252563476563 -0.00235891342163086 0.03533935546875 -0.0209503173828125
-0.00611114501953125 -0.00323724746704102 0.0292015075683594 -0.0194015502929688
-0.00835275650024414 -0.00658273696899414 0.0255107879638672 -0.0121650695800781
-0.000349998474121093 -0.0109891891479492 0.0202293395996094 -0.00304603576660156
0.0104703903198242 -0.00881671905517578 0.00874567031860351 -0.00180339813232422
0.0147066116333008 0.00109577178955078 0.00655937194824219 -0.010106086730957
0.0104961395263672 0.0161399841308594 0.0197696685791016 -0.0223445892333984
0.0021209716796875 0.0262870788574219 0.0389785766601563 -0.0209388732910156
-0.0109844207763672 0.0274810791015625 0.03631591796875 -0.00634384155273437
-0.0196495056152344 0.0214557647705078 0.0527229309082031 0.00771331787109375
0.00293064117431641 0.0159168243408203 0.0221767425537109 0.00286483764648438
0.00209712982177734 0.00300717353820801 0.00774192810058594 0.0155029296875
0.00218915939331055 0.00274229049682617 0.0253143310546875 0.0232124328613281
0.00310277938842773 0.00060725212097168 0.0384483337402344 0.00905609130859375
0.00184595584869385 -0.00169289112091064 0.0422439575195313 -0.00963211059570313
0.00569391250610352 -0.00574636459350586 0.03729248046875 -0.0201263427734375
0.00694513320922851 -0.00577163696289062 0.0295352935791016 -0.0182437896728516
0.00752830505371094 -0.00837469100952148 0.0251426696777344 -0.010650634765625
0.014735221862793 -0.00649261474609375 0.0201091766357422 -0.00135421752929688
0.0197963714599609 0.00279808044433594 0.00744009017944336 -0.000107288360595703
0.0168304443359375 0.0161952972412109 0.00442028045654297 -0.00739526748657227
-0.000514984130859375 0.0276908874511719 0.0146121978759766 -0.0198459625244141
-0.0164966583251953 0.0326328277587891 0.0317916870117188 -0.0157966613769531
-0.030059814453125 0.0282974243164063 0.027923583984375 0.00148391723632813
-0.0395851135253906 0.0182723999023438 0.0425300598144531 0.0171928405761719
-0.0171394348144531 0.0238742828369141 0.016047477722168 0.0136575698852539
-0.00822067260742188 0.0183334350585938 0.00720024108886718 0.0227565765380859
0.00408554077148438 0.0193462371826172 0.0259590148925781 0.0277271270751953
0.0125732421875 0.0115451812744141 0.0377693176269531 0.0106124877929688
0.0169944763183594 0.000965118408203125 0.0401878356933594 -0.00878524780273438
0.0193767547607422 -0.00825691223144531 0.0335597991943359 -0.01690673828125
0.0196304321289063 -0.00700759887695313 0.0250740051269531 -0.0143680572509766
0.0219955444335938 -0.00918388366699219 0.0202579498291016 -0.00712776184082031
0.0273094177246094 -0.00297355651855469 0.0153017044067383 0.000967025756835937
0.0275554656982422 0.0119590759277344 0.00283336639404297 0.00120186805725098
0.0182666778564453 0.0270938873291016 0.00103521347045899 -0.00600433349609375
-0.007843017578125 0.0352401733398438 0.00979804992675781 -0.0174226760864258
-0.0298385620117187 0.0356826782226563 0.0230636596679687 -0.00806808471679687
-0.0450019836425781 0.0265083312988281 0.0144853591918945 0.00929450988769531
-0.0536613464355469 0.0108528137207031 0.0256805419921875 0.0257701873779297
-0.0359687805175781 0.0271072387695312 0.00451850891113281 0.0244007110595703
-0.0201416015625 0.0304679870605469 0.00360298156738281 0.0296554565429688
0.00335693359375 0.0346260070800781 0.0226840972900391 0.0312690734863281
0.0202980041503906 0.022857666015625 0.0323772430419922 0.0126991271972656
0.0300693511962891 0.00426101684570313 0.0333061218261719 -0.00623321533203125
0.0306472778320313 -0.00895500183105469 0.0254669189453125 -0.0109977722167969
0.0295753479003906 -0.00727272033691406 0.0162181854248047 -0.00798892974853515
0.0328731536865234 -0.00896263122558594 0.0113134384155273 -0.00171947479248047
0.0363082885742188 7.2479248046875E-05 0.00690746307373047 0.0028839111328125
0.0316905975341797 0.0189132690429688 -0.00291562080383301 0.00130963325500488
0.0190067291259766 0.0335254669189453 -0.00237941741943359 -0.00526094436645508
-0.0133552551269531 0.0390205383300781 0.00624561309814453 -0.0134744644165039
-0.0381813049316406 0.0345344543457031 0.0144920349121094 0.000504493713378908
-0.0527763366699219 0.0213394165039063 -0.000582695007324221 0.014892578125
-0.0586471557617188 0.000724792480468757 0.00369262695312499 0.0297946929931641
-0.0485954284667969 0.0227546691894531 -0.0111980438232422 0.0319328308105469
-0.0308589935302734 0.0341358184814453 -0.00288200378417969 0.034423828125
-0.000827789306640622 0.0440292358398438 0.0163402557373047 0.0316963195800781
0.022247314453125 0.0310001373291016 0.0222911834716797 0.012237548828125
0.0373382568359375 0.00861358642578125 0.0211982727050781 -0.00343704223632812
0.0368156433105469 -0.00758743286132813 0.0130338668823242 -0.00371456146240234
0.0343818664550781 -0.00665473937988281 0.00502204895019531 -0.000385761260986329
0.0379524230957031 -0.00811386108398438 0.000438213348388674 0.0043802261352539
0.0395355224609375 0.00205612182617187 -0.00319480895996093 0.00503063201904297
0.0328750610351563 0.0220851898193359 -0.0102310180664062 0.00101852416992187
0.0182952880859375 0.0370941162109375 -0.00577545166015625 -0.00527429580688476
-0.018035888671875 0.0383644104003906 0.00418281555175781 -0.0107297897338867
-0.0433464050292969 0.0293083190917969 0.00721645355224609 0.00916576385498047
-0.0561141967773438 0.0131416320800781 -0.0171298980712891 0.0187168121337891
-0.0512275695800781 -0.0102500915527344 -0.0161666870117188 0.0294075012207031
-0.0498428344726563 0.011566162109375 -0.0266494750976563 0.0341167449951172
-0.0356712341308594 0.0284385681152344 -0.0101985931396484 0.0343284606933594
-0.00703811645507813 0.0432052612304688 0.00672721862792969 0.0285415649414063
0.0183563232421875 0.0332889556884766 0.0108575820922852 0.0105314254760742
0.0373001098632813 0.0124053955078125 0.00751113891601563 -0.000590801239013671
0.0369186401367188 -0.00496673583984375 -0.000479221343994139 0.00303578376770019
0.0340366363525391 -0.0047760009765625 -0.0069890022277832 0.00701761245727539
0.0378684997558594 -0.00576400756835937 -0.011296272277832 0.00985908508300781
0.0389366149902344 0.00362014770507813 -0.0141887664794922 0.00629138946533203
0.0305194854736328 0.0228233337402344 -0.017338752746582 -0.00047492980957031
0.0143661499023438 0.0360450744628906 -0.00910282135009765 -0.00733852386474609
-0.0205631256103516 0.0343914031982422 0.00220060348510742 -0.00853538513183594
-0.0440750122070313 0.0206336975097656 -0.00178718566894532 0.01422119140625
-0.052703857421875 0.00279617309570312 -0.0322608947753906 0.0181350708007813
-0.03472900390625 -0.0190162658691406 -0.0325489044189453 0.0251007080078125
-0.0383377075195312 -0.00223541259765625 -0.0374755859375 0.0318260192871094
-0.0323886871337891 0.0147209167480469 -0.0148506164550781 0.0319309234619141
-0.0120754241943359 0.0316009521484375 -0.000381469726562499 0.0222415924072266
0.0102024078369141 0.0285720825195313 0.000521183013916016 0.0059056282043457
0.0290908813476562 0.0138912200927734 -0.00639820098876953 0.00116395950317383
0.0305233001708984 -0.00125503540039063 -0.0135869979858398 0.00878715515136719
0.0279083251953125 -0.00204277038574219 -0.0177383422851563 0.0140113830566406
0.0318546295166016 -0.00283050537109375 -0.0218276977539063 0.0144824981689453
0.0328350067138672 0.00446701049804688 -0.0244693756103516 0.00784111022949219
0.0252876281738281 0.0206413269042969 -0.0245590209960938 -0.00109481811523438
0.0104732513427734 0.0316982269287109 -0.013606071472168 -0.00991630554199218
-0.0217876434326172 0.0276985168457031 -0.000334739685058594 -0.00834178924560547
-0.0414657592773438 0.0106544494628906 -0.00896739959716797 0.0168552398681641
-0.0447616577148437 -0.00820159912109375 -0.0457763671875 0.0144233703613281
-0.0126895904541016 -0.0255355834960938 -0.0388526916503906 0.0183906555175781
-0.0209407806396484 -0.0149726867675781 -0.04052734375 0.0267601013183594
-0.0223274230957031 -0.00154685974121094 -0.0161762237548828 0.0272579193115234
-0.0146522521972656 0.0150489807128906 -0.00488567352294922 0.0155372619628906
0.000692367553710938 0.018310546875 -0.00626468658447266 0.00253200531005859
0.0164146423339844 0.0123767852783203 -0.0161199569702148 0.00206184387207031
0.0195713043212891 0.00254440307617188 -0.0229415893554688 0.0121498107910156
0.0182971954345703 0.0013427734375 -0.0253162384033203 0.0178985595703125
0.0215549468994141 -0.000322341918945313 -0.0302467346191406 0.0176124572753906
0.0225448608398438 0.0041351318359375 -0.0331172943115234 0.00759315490722657
0.0179252624511719 0.0155372619628906 -0.0305728912353516 -0.00310707092285156
0.00708389282226562 0.0243167877197266 -0.0174169540405273 -0.0122432708740234
-0.0190181732177734 0.0191421508789063 -0.00415611267089844 -0.00948715209960937
-0.033203125 0.00115776062011719 -0.0173158645629883 0.0138359069824219
-0.0309619903564453 -0.0175685882568359 -0.0550765991210938 0.00619125366210938
0.00242042541503906 0.0195522308349609 0.0533485412597656 -0.0035247802734375
0.0194778442382813 0.00449371337890625 0.0212917327880859 -0.00669097900390625
0.00861454010009766 -0.0110034942626953 0.00505161285400391 0.0102329254150391
-0.00186252593994141 -0.0114727020263672 0.0216522216796875 0.019134521484375
-0.00696182250976562 -0.00790119171142578 0.0364036560058594 0.00624847412109375
-0.0123758316040039 -0.0019683837890625 0.0396194458007813 -0.0107612609863281
-0.00823736190795898 -0.00157451629638672 0.0347881317138672 -0.0224628448486328
-0.00600576400756836 -0.00302886962890625 0.0280990600585938 -0.0209159851074219
-0.00790262222290039 -0.00583314895629883 0.0248794555664063 -0.0132923126220703
-0.000970840454101563 -0.0102710723876953 0.0206546783447266 -0.00499725341796875
0.00936508178710938 -0.00931262969970703 0.00953102111816406 -0.00292491912841797
0.0140790939331055 0.000565528869628906 0.00789642333984375 -0.0100421905517578
0.0108232498168945 0.0144357681274414 0.0200881958007813 -0.0217857360839844
0.00321006774902344 0.0251140594482422 0.0386123657226563 -0.0214614868164063
-0.00951957702636719 0.0267009735107422 0.0369110107421875 -0.007568359375
-0.0188064575195313 0.0215606689453125 0.0516471862792969 0.00649261474609375
0.00295639038085938 0.0153932571411133 0.0213050842285156 0.00150680541992188
0.00179076194763184 0.00364613533020019 0.00754833221435547 0.0151567459106445
0.00197744369506836 0.00300002098083496 0.0251846313476563 0.0227451324462891
0.00275611877441406 0.000847816467285156 0.0384864807128906 0.00796127319335938
0.00203275680541992 -0.00139486789703369 0.0415000915527344 -0.0109519958496094
0.00561761856079102 -0.00571250915527344 0.0361061096191406 -0.0219230651855469
0.0074610710144043 -0.00613069534301758 0.0282020568847656 -0.01983642578125
0.00755453109741211 -0.00778675079345703 0.0246105194091797 -0.0119495391845703
0.0143957138061523 -0.00664329528808594 0.0203647613525391 -0.00370407104492188
0.0195865631103516 0.0027008056640625 0.00797843933105469 -0.00138473510742187
0.0165462493896484 0.0156431198120117 0.00567007064819336 -0.00771474838256836
0.000139236450195313 0.0266399383544922 0.0149745941162109 -0.0191631317138672
-0.0155239105224609 0.0318260192871094 0.0312385559082031 -0.0161933898925781
-0.0288333892822266 0.0283946990966797 0.0290050506591797 -0.000244140624999998
-0.0390586853027344 0.018646240234375 0.0424118041992188 0.0158462524414063
-0.0169258117675781 0.0244350433349609 0.0157613754272461 0.012115478515625
-0.00832939147949219 0.0186672210693359 0.00701904296875 0.0220928192138672
0.00438880920410156 0.019744873046875 0.0260543823242188 0.0271892547607422
0.0129995346069336 0.0114860534667969 0.0373916625976563 0.0100173950195313
0.0173854827880859 0.000829696655273438 0.0394821166992188 -0.00977706909179688
0.0194263458251953 -0.00872802734375 0.0326366424560547 -0.0178623199462891
0.0203857421875 -0.00762367248535156 0.0237674713134766 -0.015472412109375
0.0217914581298828 -0.00982475280761719 0.0197238922119141 -0.00812721252441406
0.0274257659912109 -0.003448486328125 0.0154304504394531 -0.00144481658935547
0.0275344848632812 0.0117130279541016 0.00343966484069824 -0.000482797622680663
0.0191440582275391 0.0263538360595703 0.00211620330810547 -0.00654745101928711
-0.00770187377929687 0.035552978515625 0.0101194381713867 -0.0171070098876953
-0.0287322998046875 0.0359916687011719 0.0233287811279297 -0.00912094116210937
-0.0430412292480469 0.0270729064941406 0.016026496887207 0.00746631622314453
-0.0533370971679688 0.0120735168457031 0.0261287689208984 0.0241985321044922
-0.0354156494140625 0.0276565551757812 0.00467300415039063 0.0227012634277344
-0.0198898315429688 0.0312900543212891 0.00325202941894531 0.0286769866943359
0.00440025329589843 0.0345001220703125 0.0225887298583984 0.0300025939941406
0.0211086273193359 0.0222454071044922 0.0313777923583984 0.0117950439453125
0.0301971435546875 0.00363349914550781 0.0320072174072266 -0.006866455078125
0.0303535461425781 -0.009918212890625 0.0247936248779297 -0.0121650695800781
0.0297260284423828 -0.00884437561035156 0.0156574249267578 -0.0091714859008789
0.0324516296386719 -0.0103073120117188 0.0102481842041016 -0.00301074981689453
0.0362396240234375 -0.0012359619140625 0.00694608688354492 0.00134706497192383
0.0324344635009766 0.0172748565673828 -0.0023810863494873 -0.000275373458862303
0.02020263671875 0.0332927703857422 -0.00185155868530273 -0.00631809234619141
-0.0123672485351563 0.0396385192871094 0.00624370574951172 -0.013768196105957
-0.0375404357910156 0.0353431701660156 0.0147628784179687 -0.000334739685058592
-0.0516586303710938 0.0225639343261719 0.000829696655273434 0.0135498046875
-0.0586891174316406 0.00269317626953124 0.00477218627929687 0.0284938812255859
-0.0480575561523438 0.0235214233398437 -0.0107040405273438 0.0304584503173828
-0.0301322937011719 0.0357246398925781 -0.00349044799804688 0.0334529876708984
0.00109481811523438 0.0440597534179688 0.0159282684326172 0.0308971405029297
0.0236377716064453 0.0301189422607422 0.0216751098632813 0.0117130279541016
0.0376319885253906 0.00749969482421875 0.0202198028564453 -0.00331687927246094
0.036651611328125 -0.00934219360351563 0.0128593444824219 -0.00447750091552734
0.0343799591064453 -0.00807380676269531 0.00425100326538086 -0.000909566879272461
0.0380859375 -0.00934219360351563 -0.000268459320068357 0.00374412536621094
0.0401382446289063 0.000339508056640625 -0.00314235687255859 0.00393271446228027
0.0338325500488281 0.0207328796386719 -0.0102996826171875 2.53078648446378E-18
0.0191802978515625 0.0359764099121094 -0.00544023513793945 -0.00644922256469726
-0.0166015625 0.0390777587890625 0.00426292419433594 -0.011326789855957
-0.0418052673339844 0.0311470031738281 0.00756311416625976 0.00794410705566406
-0.0548095703125 0.014739990234375 -0.0147933959960938 0.0176887512207031
-0.0518760681152344 -0.00803756713867188 -0.0152416229248047 0.029144287109375
-0.0491752624511719 0.0131263732910156 -0.0254344940185547 0.0334911346435547
-0.0351066589355469 0.0301933288574219 -0.0106773376464844 0.0335292816162109
-0.00516128540039062 0.0433998107910156 0.00645256042480469 0.0281028747558594
0.0198745727539063 0.0329551696777344 0.0102596282958984 0.00997447967529297
0.0371437072753906 0.0107612609863281 0.0068202018737793 -0.000565528869628906
0.03643798828125 -0.00682449340820312 -0.000604152679443357 0.00256705284118652
0.0335922241210938 -0.00609016418457031 -0.00701332092285156 0.0069270133972168
0.037628173828125 -0.00792312622070312 -0.0117521286010742 0.00909423828125
0.0386962890625 0.00159454345703125 -0.0144414901733398 0.00571632385253906
0.0313472747802734 0.0214290618896484 -0.0175600051879883 -0.00095653533935547
0.0159378051757813 0.0352287292480469 -0.00901699066162109 -0.00792789459228515
-0.0195159912109375 0.0352287292480469 0.00212001800537109 -0.00931549072265625
-0.0432662963867187 0.0227622985839844 -0.00073528289794922 0.013397216796875
-0.0520515441894531 0.00460052490234375 -0.0302715301513672 0.0172462463378906
-0.0354194641113281 -0.0170860290527344 -0.0313835144042969 0.0250396728515625
-0.0386466979980469 -0.000289916992187493 -0.0363616943359375 0.0313377380371094
-0.0316944122314453 0.0162811279296875 -0.0151195526123047 0.0305862426757812
-0.0108146667480469 0.0326175689697266 -0.000497817993164064 0.0218658447265625
0.0117950439453125 0.0278377532958984 -0.000229358673095703 0.00635862350463867
0.0294666290283203 0.0116653442382813 -0.00681257247924805 0.00156068801879883
0.0304584503173828 -0.00313186645507813 -0.0130023956298828 0.00899124145507813
0.0279655456542969 -0.003814697265625 -0.017186164855957 0.0139913558959961
0.0316219329833984 -0.00482177734375 -0.0214786529541016 0.0147418975830078
0.0326461791992188 0.00278091430664063 -0.0243453979492187 0.0075836181640625
0.0258388519287109 0.0188922882080078 -0.0248260498046875 -0.00129127502441406
0.0119667053222656 0.0310382843017578 -0.0133371353149414 -0.0099325180053711
-0.0205898284912109 0.0287933349609375 -0.000487327575683595 -0.00893020629882813
-0.0402297973632813 0.012969970703125 -0.00795555114746094 0.015934944152832
-0.0443229675292969 -0.0056610107421875 -0.0446586608886719 0.0144081115722656
-0.0138492584228516 -0.0241985321044922 -0.0385093688964844 0.0188636779785156
-0.0215187072753906 -0.0134410858154297 -0.0395393371582031 0.0271110534667969
-0.0221710205078125 0.000148773193359371 -0.0163822174072266 0.0264396667480469
-0.0133094787597656 0.0158395767211914 -0.00533294677734375 0.0154991149902344
0.002105712890625 0.0178489685058594 -0.00736284255981445 0.0030522346496582
0.0165987014770508 0.0109882354736328 -0.0159149169921875 0.00306415557861328
0.0191764831542969 0.000946044921875 -0.0222682952880859 0.0134315490722656
0.0183696746826172 -0.00067901611328125 -0.0246067047119141 0.0190143585205078
0.0211715698242188 -0.00167465209960938 -0.0297393798828125 0.0187492370605469
0.0227832794189453 0.00263786315917969 -0.0332927703857422 0.00845527648925781
0.0182647705078125 0.0145359039306641 -0.0306568145751953 -0.00285911560058594
0.00787162780761719 0.0234355926513672 -0.0173654556274414 -0.0125494003295898
-0.0178108215332031 0.0195808410644531 -0.00403308868408203 -0.00980186462402344
-0.0323638916015625 0.00282669067382812 -0.0162057876586914 0.0136623382568359
-0.0307197570800781 -0.0153903961181641 -0.0543441772460938 0.0066680908203125
0.00258636474609375 0.0190849304199219 0.0540008544921875 -0.00345993041992187
0.0187435150146484 0.00363731384277344 0.0211048126220703 -0.00708580017089844
0.00803375244140625 -0.0110902786254883 0.00481986999511719 0.0108537673950195
-0.00203323364257813 -0.0112333297729492 0.0217571258544922 0.0194892883300781
-0.00750303268432617 -0.00779104232788086 0.0376777648925781 0.00618743896484375
-0.0121850967407227 -0.00134086608886719 0.0407638549804687 -0.0118865966796875
-0.0076756477355957 -0.00110864639282226 0.0353507995605469 -0.0235404968261719
-0.0059504508972168 -0.00331306457519531 0.0281276702880859 -0.02178955078125
-0.00762510299682617 -0.00505590438842773 0.0247879028320313 -0.014862060546875
-0.00110816955566406 -0.00989532470703125 0.0212173461914063 -0.00634765625
0.00875663757324219 -0.00890159606933594 0.0104455947875977 -0.00397777557373047
0.0134878158569336 0.000576972961425781 0.00847434997558594 -0.0105724334716797
0.0111103057861328 0.014251708984375 0.0207767486572266 -0.0218296051025391
0.00365829467773438 0.0242900848388672 0.0389862060546875 -0.0221481323242187
-0.00895309448242187 0.0257701873779297 0.0382118225097656 -0.00907516479492187
-0.0191898345947266 0.0213947296142578 0.0522384643554688 0.00579452514648438
0.00231075286865234 0.0155858993530273 0.0210781097412109 0.00133323669433594
0.000847339630126953 0.0037233829498291 0.006378173828125 0.015437126159668
0.00197267532348633 0.00329303741455078 0.0251083374023438 0.0227317810058594
0.00320243835449219 0.000913858413696289 0.0391197204589844 0.00769424438476562
0.00283694267272949 -0.000917196273803711 0.0423736572265625 -0.0121116638183594
0.00635433197021484 -0.00579738616943359 0.0363540649414063 -0.0231361389160156
0.00778484344482422 -0.00625514984130859 0.0282649993896484 -0.0206928253173828
0.00803756713867188 -0.00798749923706055 0.0240859985351562 -0.0134925842285156
0.0139884948730469 -0.00624942779541016 0.0207023620605469 -0.00532722473144531
0.0193729400634766 0.0025634765625 0.00919437408447266 -0.00261688232421875
0.0162868499755859 0.0153675079345703 0.00647926330566406 -0.00836181640625
-0.000116348266601562 0.0265769958496094 0.0160541534423828 -0.0198230743408203
-0.0151214599609375 0.0318775177001953 0.0326919555664063 -0.0171012878417969
-0.0282726287841797 0.0278129577636719 0.0305767059326172 -0.00128936767578125
-0.0395240783691406 0.01971435546875 0.042816162109375 0.0152587890625
-0.0178184509277344 0.0253467559814453 0.015472412109375 0.0111103057861328
-0.00880622863769531 0.0203838348388672 0.00641250610351563 0.0219688415527344
0.00495338439941406 0.0200767517089844 0.0262298583984375 0.0272331237792969
0.0137968063354492 0.0119037628173828 0.0378303527832031 0.0100059509277344
0.0180282592773438 0.000772476196289063 0.0398330688476563 -0.0106582641601563
0.0200099945068359 -0.00927543640136719 0.0326156616210938 -0.0195770263671875
0.0208415985107422 -0.00849342346191406 0.0235614776611328 -0.0170803070068359
0.02294921875 -0.0102272033691406 0.0190601348876953 -0.00992584228515625
0.0279674530029297 -0.00391197204589844 0.0156116485595703 -0.00319576263427734
0.0281410217285156 0.0114059448242188 0.00451374053955078 -0.00186777114868164
0.0196781158447266 0.0264339447021484 0.00280141830444336 -0.00747489929199219
-0.00743484497070313 0.0361442565917969 0.0109405517578125 -0.0171413421630859
-0.02899169921875 0.0368766784667969 0.0238933563232422 -0.009796142578125
-0.0436248779296875 0.0273780822753906 0.0174779891967773 0.00629711151123047
-0.0543746948242188 0.0131950378417969 0.0265045166015625 0.0239219665527344
-0.0361137390136719 0.0285568237304688 0.00429725646972656 0.0220108032226563
-0.0199642181396484 0.0331668853759766 0.00253868103027343 0.0286464691162109
0.00524139404296875 0.0356788635253906 0.0228557586669922 0.0303401947021484
0.0221328735351562 0.022552490234375 0.0318260192871094 0.0117588043212891
0.0310268402099609 0.00341033935546875 0.0321464538574219 -0.00705909729003906
0.0310592651367188 -0.0107288360595703 0.0246982574462891 -0.0132465362548828
0.0299224853515625 -0.0100078582763672 0.0152597427368164 -0.00990486145019531
0.0334682464599609 -0.0114669799804688 0.0102195739746094 -0.00429821014404297
0.0370597839355469 -0.0022735595703125 0.00686168670654297 -0.000390529632568359
0.0336151123046875 0.0172328948974609 -0.00266194343566894 -0.00120043754577637
0.0213947296142578 0.0333652496337891 -0.000855922698974608 -0.00699663162231445
-0.0123672485351562 0.0409049987792969 0.00675773620605468 -0.0144596099853516
-0.0377578735351563 0.0373458862304687 0.015009880065918 -0.00146961212158203
-0.052215576171875 0.0234642028808594 0.00238990783691406 0.0118732452392578
-0.0603408813476563 0.00403976440429688 0.00549125671386718 0.0284633636474609
-0.048492431640625 0.0254974365234375 -0.0110225677490234 0.0296001434326172
-0.030517578125 0.0379524230957031 -0.00370979309082032 0.0332489013671875
0.0015411376953125 0.0456314086914063 0.015594482421875 0.0310325622558594
0.0248794555664063 0.0305976867675781 0.0218219757080078 0.0120906829833984
0.0387458801269531 0.0070648193359375 0.0199756622314453 -0.00369644165039062
0.0375480651855469 -0.0105247497558594 0.0123329162597656 -0.00512790679931641
0.0352249145507813 -0.00941085815429688 0.00423049926757813 -0.00148439407348633
0.0386810302734375 -0.0110969543457031 -0.000718355178833006 0.00306487083435059
0.0412788391113281 -0.00109100341796875 -0.00384187698364258 0.00286412239074707
0.0355873107910156 0.0202445983886719 -0.0101156234741211 -0.000865936279296873
0.0209465026855469 0.0363349914550781 -0.00507497787475586 -0.00776576995849609
-0.0165367126464844 0.0410041809082031 0.00443744659423828 -0.0115118026733398
-0.042449951171875 0.033294677734375 0.00790643692016601 0.00732564926147461
-0.0556831359863281 0.016265869140625 -0.0141878128051758 0.0166044235229492
-0.0537338256835938 -0.00694274902343749 -0.0147705078125 0.0290813446044922
-0.0499420166015625 0.0143547058105469 -0.0258522033691406 0.032989501953125
-0.0358009338378906 0.031768798828125 -0.0110435485839844 0.0334625244140625
-0.0047760009765625 0.0448684692382813 0.00661659240722657 0.0280818939208984
0.0217800140380859 0.0331974029541016 0.00977706909179688 0.0109624862670898
0.0383377075195313 0.0099334716796875 0.00621795654296875 -0.000370502471923828
0.0374031066894531 -0.00817489624023437 -0.000639438629150389 0.00308513641357422
0.0344448089599609 -0.00793266296386719 -0.00700855255126953 0.00723648071289062
0.0382423400878906 -0.00933837890625 -0.0120487213134766 0.00922679901123047
0.0401878356933594 0.00031280517578125 -0.0148515701293945 0.00545024871826172
0.0329914093017578 0.0208396911621094 -0.0183124542236328 -0.00148963928222656
0.017578125 0.0355453491210938 -0.00908565521240234 -0.00909137725830078
-0.0192070007324219 0.0367012023925781 0.00232028961181641 -0.00964546203613281
-0.0436859130859375 0.0251235961914062 -0.000592231750488284 0.0128116607666016
-0.0528068542480469 0.00603866577148437 -0.0301589965820313 0.0163478851318359
-0.0370826721191406 -0.0165901184082031 -0.0316753387451172 0.0252361297607422
-0.0395164489746094 0.0011138916015625 -0.0365791320800781 0.0310173034667969
-0.0318374633789063 0.0179977416992187 -0.0155754089355469 0.0308246612548828
-0.00980377197265625 0.0338268280029297 -0.000801086425781252 0.0221538543701172
0.0128917694091797 0.0283088684082031 -0.000965595245361327 0.00666427612304688
0.0305881500244141 0.0112514495849609 -0.00733852386474609 0.00201463699340821
0.0307941436767578 -0.00420761108398438 -0.0129194259643555 0.00969982147216797
0.0287532806396484 -0.00455665588378906 -0.0167579650878906 0.0145711898803711
0.0321502685546875 -0.00586509704589844 -0.0216560363769531 0.0155315399169922
0.0332851409912109 0.00138664245605469 -0.02508544921875 0.007293701171875
0.0276832580566406 0.0181674957275391 -0.0253334045410156 -0.00214767456054688
0.0133819580078125 0.0308837890625 -0.0135927200317383 -0.0111112594604492
-0.0201435089111328 0.0293312072753906 -5.91278076171894E-05 -0.00994586944580078
-0.0406990051269531 0.0150604248046875 -0.00780200958251953 0.0154743194580078
-0.0443458557128906 -0.00479888916015625 -0.044097900390625 0.0134315490722656
-0.0147647857666016 -0.0240001678466797 -0.0389747619628906 0.0194892883300781
-0.0222568511962891 -0.0123767852783203 -0.0403480529785156 0.0269737243652344
-0.0224056243896484 0.000793457031250001 -0.0168361663818359 0.0262908935546875
-0.0125741958618164 0.0167980194091797 -0.00625228881835938 0.0158042907714844
0.00288009643554687 0.0182380676269531 -0.00772285461425781 0.00348854064941406
0.0173845291137695 0.0102119445800781 -0.0165395736694336 0.00421142578125
0.0196781158447266 0.000255584716796875 -0.0221672058105469 0.0139656066894531
0.0185012817382813 -0.0011749267578125 -0.0246868133544922 0.0197334289550781
0.0214118957519531 -0.00283622741699219 -0.0300445556640625 0.0191726684570313
0.0230579376220703 0.00165176391601562 -0.0337047576904297 0.0084686279296875
0.0193996429443359 0.0137577056884766 -0.0316390991210938 -0.00320625305175781
0.00869369506835938 0.0228443145751953 -0.0178184509277344 -0.0130500793457031
-0.0176200866699219 0.0201358795166016 -0.00413608551025391 -0.010289192199707
-0.0322837829589844 0.00432968139648437 -0.0153675079345703 0.0136213302612305
-0.0310935974121094 -0.0146236419677734 -0.0545120239257813 0.0065155029296875
0.00311660766601562 0.0191688537597656 0.0559768676757813 -0.0041961669921875
0.0191097259521484 0.00297164916992188 0.0213623046875 -0.00739097595214844
0.00797843933105469 -0.011021614074707 0.00502967834472656 0.0109176635742188
-0.00230503082275391 -0.0108757019042969 0.0231857299804688 0.0199756622314453
-0.00827312469482422 -0.00725841522216797 0.0389976501464844 0.00525665283203125
-0.0120744705200195 -0.000441551208496093 0.0424613952636719 -0.0137748718261719
-0.00761032104492188 -0.00062084197998047 0.0359458923339844 -0.0258293151855469
-0.00562143325805664 -0.00252723693847656 0.0284633636474609 -0.0238246917724609
-0.00767850875854492 -0.00433921813964844 0.0254688262939453 -0.0167369842529297
-0.00180244445800781 -0.00966167449951172 0.0219459533691406 -0.00839424133300781
0.00822257995605469 -0.00961780548095703 0.011474609375 -0.00509834289550781
0.0136270523071289 -0.000425338745117188 0.0103178024291992 -0.0114192962646484
0.0118646621704102 0.0138607025146484 0.02178955078125 -0.0225238800048828
0.00437545776367188 0.0245380401611328 0.0403366088867188 -0.023681640625
-0.0081329345703125 0.0268096923828125 0.0403251647949219 -0.0106964111328125
-0.0191249847412109 0.0222377777099609 0.0544624328613281 0.00543975830078125
0.00220108032226562 0.0162668228149414 0.0214996337890625 0.000486373901367188
0.00104618072509766 0.00480556488037109 0.00707817077636719 0.0160846710205078
0.00233268737792969 0.00420212745666504 0.0267314910888672 0.0237464904785156
0.0030815601348877 0.00153422355651855 0.0413932800292969 0.0072174072265625
0.00357604026794434 -4.14848327636719E-05 0.0441932678222656 -0.0135040283203125
0.00682210922241211 -0.00594282150268555 0.0368576049804688 -0.0256881713867188
0.00830936431884766 -0.00660371780395508 0.0281772613525391 -0.0234661102294922
0.00861549377441406 -0.00812196731567383 0.0242958068847656 -0.0155868530273438
0.0150394439697266 -0.00680351257324219 0.0214080810546875 -0.00734519958496094
0.0198745727539063 0.00230026245117188 0.00999164581298828 -0.00361824035644531
0.0172262191772461 0.0153789520263672 0.00772857666015625 -0.00956344604492187
0.000476837158203125 0.0275764465332031 0.0167045593261719 -0.0204010009765625
-0.0150890350341797 0.0334091186523438 0.0336341857910156 -0.0186347961425781
-0.0286045074462891 0.0295028686523437 0.0322895050048828 -0.00281906127929687
-0.0410995483398438 0.0209197998046875 0.0448799133300781 0.0147857666015625
-0.0180759429931641 0.0263805389404297 0.0157642364501953 0.0114374160766602
-0.00925445556640625 0.0217800140380859 0.006072998046875 0.0230045318603516
0.00601959228515625 0.0212287902832031 0.0271205902099609 0.027740478515625
0.0148468017578125 0.0123529434204102 0.0392036437988281 0.00936126708984375
0.0193767547607422 0.000600814819335938 0.0410842895507813 -0.0119743347167969
0.0211906433105469 -0.0104351043701172 0.0335540771484375 -0.0216484069824219
0.0218772888183594 -0.00975799560546875 0.0234031677246094 -0.0190277099609375
0.0236968994140625 -0.0116291046142578 0.0187511444091797 -0.011566162109375
0.0291843414306641 -0.00491142272949219 0.0164117813110352 -0.00506114959716797
0.0298633575439453 0.0111179351806641 0.00512504577636719 -0.00346040725708008
0.0212306976318359 0.02728271484375 0.00391769409179688 -0.00857067108154297
-0.0070953369140625 0.0378875732421875 0.0115528106689453 -0.0184268951416016
-0.0293197631835937 0.0392494201660156 0.0247535705566406 -0.0110664367675781
-0.0442581176757813 0.0292587280273437 0.0195827484130859 0.0048065185546875
-0.0571174621582031 0.0155677795410156 0.0279960632324219 0.0238704681396484
-0.0371513366699219 0.03125 0.00441551208496094 0.0220699310302734
-0.0206451416015625 0.0358009338378906 0.00254249572753906 0.0298881530761719
0.00713729858398438 0.0375823974609375 0.0237789154052734 0.0311164855957031
0.0239791870117188 0.0233592987060547 0.0331287384033203 0.0120182037353516
0.0332088470458984 0.002838134765625 0.0330543518066406 -0.00835418701171875
0.0326271057128906 -0.0126552581787109 0.0249671936035156 -0.0146560668945313
0.0313339233398438 -0.0117893218994141 0.0151538848876953 -0.0114364624023438
0.0346794128417969 -0.0135440826416016 0.00981521606445313 -0.00530242919921875
0.0388679504394531 -0.00374221801757813 0.006988525390625 -0.00209331512451172
0.0362129211425781 0.0170516967773437 -0.00226855278015137 -0.00283646583557129
0.0237369537353516 0.0340328216552734 -0.000408172607421873 -0.00821924209594727
-0.0116539001464844 0.0436859130859375 0.00766563415527344 -0.0153121948242187
-0.038482666015625 0.0401763916015625 0.0161037445068359 -0.00276756286621094
-0.0539283752441406 0.0258865356445312 0.00378227233886718 0.0113868713378906
-0.062774658203125 0.00622940063476561 0.00565910339355469 0.0292530059814453
-0.0499000549316406 0.0278167724609375 -0.0110912322998047 0.0300846099853516
-0.0311813354492187 0.0411949157714844 -0.00435829162597657 0.03399658203125
0.0034027099609375 0.0474433898925781 0.0164909362792969 0.0318756103515625
0.0275230407714844 0.0313014984130859 0.0224418640136719 0.0122032165527344
0.0406990051269531 0.00590133666992188 0.0199737548828125 -0.00350189208984375
0.038543701171875 -0.0124664306640625 0.0128765106201172 -0.00594902038574219
0.0365676879882813 -0.0121116638183594 0.00397157669067383 -0.00171804428100586
0.0399589538574219 -0.0133209228515625 -0.00130343437194824 0.00240993499755859
0.0432968139648438 -0.00254058837890625 -0.00400090217590332 0.00210881233215332
0.0380210876464844 0.019622802734375 -0.0106830596923828 -0.00208759307861328
0.02325439453125 0.0372695922851563 -0.00503683090209961 -0.00860929489135742
-0.0158424377441406 0.04400634765625 0.00449371337890625 -0.012669563293457
-0.0433425903320312 0.03643798828125 0.00883197784423828 0.00632667541503907
-0.0571403503417969 0.0183868408203125 -0.0137596130371094 0.0160884857177734
-0.0562400817871094 -0.00530624389648437 -0.0154857635498047 0.029998779296875
-0.0520362854003906 0.0168838500976562 -0.0262165069580078 0.0335197448730469
-0.0366134643554687 0.035247802734375 -0.0114688873291016 0.03436279296875
-0.00299072265625 0.0471763610839844 0.00646781921386718 0.0285873413085938
0.0240726470947266 0.0336685180664063 0.00975227355957031 0.0113992691040039
0.0407371520996094 0.00897216796875 0.0057363510131836 0.000398635864257813
0.0386238098144531 -0.00992965698242188 -0.000884294509887693 0.00293946266174316
0.0358505249023438 -0.0102005004882813 -0.00738000869750976 0.00722312927246094
0.0396041870117187 -0.0117950439453125 -0.0130243301391602 0.00970745086669922
0.0417098999023438 -0.001556396484375 -0.0158329010009766 0.00518321990966797
0.0356521606445313 0.0200271606445313 -0.0190563201904297 -0.00196075439453125
0.0199775695800781 0.0363502502441406 -0.00950813293457031 -0.010009765625
-0.0189590454101563 0.0395927429199219 0.00201892852783203 -0.0108566284179687
-0.0448074340820313 0.0282859802246094 0.000371932983398434 0.0128173828125
-0.0544662475585937 0.00817489624023438 -0.0302791595458984 0.016693115234375
-0.0391845703125 -0.0158767700195313 -0.0327777862548828 0.026824951171875
-0.0414047241210937 0.00270843505859375 -0.0375862121582031 0.0324783325195313
-0.0337505340576172 0.0205936431884766 -0.0162677764892578 0.0315952301025391
-0.00876617431640625 0.0359535217285156 -0.00129508972167969 0.0227088928222656
0.0155429840087891 0.0285377502441406 -0.00123310089111328 0.00775432586669922
0.0323314666748047 0.0101127624511719 -0.0076150894165039 0.00349092483520508
0.0319156646728516 -0.0059967041015625 -0.0133342742919922 0.0105581283569336
0.0293750762939453 -0.00659751892089844 -0.0171031951904297 0.0157060623168945
0.0333480834960938 -0.00833702087402344 -0.0230293273925781 0.0164890289306641
0.034912109375 -0.000621795654296875 -0.026611328125 0.00832557678222657
0.0294113159179688 0.0177726745605469 -0.0268383026123047 -0.00164604187011718
0.0158710479736328 0.0315990447998047 -0.014246940612793 -0.0117158889770508
-0.0197639465332031 0.0320339202880859 -0.000795364379882813 -0.0108509063720703
-0.0413322448730469 0.0173759460449219 -0.00718307495117188 0.0159368515014648
-0.0462875366210938 -0.00335311889648437 -0.0454063415527344 0.0147171020507812
-0.0164833068847656 -0.0236625671386719 -0.0408058166503906 0.0210494995117188
-0.0234661102294922 -0.0114879608154297 -0.0410232543945313 0.0285148620605469
-0.0237903594970703 0.00258255004882813 -0.0171794891357422 0.0271129608154297
-0.0120582580566406 0.018218994140625 -0.00667285919189453 0.0163669586181641
0.00485992431640625 0.0183486938476563 -0.00868701934814453 0.00511789321899414
0.0185928344726563 0.0093231201171875 -0.0172863006591797 0.00576591491699219
0.0202541351318359 -0.00112533569335938 -0.0223350524902344 0.0157966613769531
0.0191173553466797 -0.00274467468261719 -0.0245647430419922 0.0212955474853516
0.0225048065185547 -0.00418472290039063 -0.0307788848876953 0.0211601257324219
0.0243339538574219 0.000345230102539063 -0.0354728698730469 0.00934600830078124
0.0207271575927734 0.0128173828125 -0.0331687927246094 -0.00299835205078125
0.0103244781494141 0.0233020782470703 -0.0190162658691406 -0.0137157440185547
-0.0174770355224609 0.0216217041015625 -0.00450706481933594 -0.0110559463500977
-0.0329837799072266 0.00577163696289063 -0.0153064727783203 0.0144472122192383
-0.0320053100585937 -0.0135993957519531 -0.0562896728515625 0.00752258300781251
0.00419807434082031 0.0195903778076172 0.0585517883300781 -0.00683212280273437
0.0190639495849609 0.00272178649902344 0.0209808349609375 -0.0087127685546875
0.00767421722412109 -0.0119209289550781 0.00548171997070313 0.0116682052612305
-0.00334835052490234 -0.0114078521728516 0.0247421264648437 0.0200271606445313
-0.00916862487792969 -0.00672721862792969 0.0411300659179688 0.00353622436523438
-0.0123739242553711 0.000561714172363281 0.0439529418945313 -0.0174598693847656
-0.00741195678710938 0.000159263610839842 0.0363578796386719 -0.0290641784667969
-0.00587034225463867 -0.00222921371459961 0.0285224914550781 -0.0267467498779297
-0.00793123245239258 -0.0039677619934082 0.0252723693847656 -0.0195655822753906
-0.00208854675292969 -0.009368896484375 0.022918701171875 -0.0107955932617188
0.00753402709960938 -0.0101022720336914 0.0127935409545898 -0.00626277923583984
0.0138702392578125 -0.00100517272949219 0.0112075805664062 -0.0124473571777344
0.0128593444824219 0.0135030746459961 0.0223979949951172 -0.0238685607910156
0.00590896606445312 0.0248832702636719 0.0414848327636719 -0.0266532897949219
-0.00669479370117187 0.0273857116699219 0.0432205200195312 -0.0140914916992187
-0.0195770263671875 0.0242729187011719 0.0572166442871094 0.00339889526367188
0.00243186950683594 0.0169544219970703 0.021484375 -0.000297546386718749
0.000938892364501952 0.00593280792236328 0.0076751708984375 0.0167150497436523
0.00261020660400391 0.00452804565429688 0.0284194946289063 0.0235767364501953
0.00368356704711914 0.00171875953674316 0.0431480407714844 0.00542831420898438
0.00386643409729004 5.10215759277344E-05 0.0451393127441406 -0.01678466796875
0.00714015960693359 -0.00667285919189453 0.0368423461914063 -0.0291900634765625
0.0085148811340332 -0.00773906707763672 0.0274620056152344 -0.0263519287109375
0.00932502746582031 -0.00904464721679688 0.0241947174072266 -0.0184268951416016
0.0153398513793945 -0.0075845718383789 0.0222320556640625 -0.00978469848632812
0.0206069946289063 0.00163650512695313 0.0112361907958984 -0.00574111938476563
0.0184822082519531 0.0150794982910156 0.00899410247802735 -0.0106477737426758
0.00161552429199219 0.0287437438964844 0.0173416137695313 -0.0214691162109375
-0.0141124725341797 0.0350265502929688 0.0344276428222656 -0.0213203430175781
-0.0279350280761719 0.0311641693115234 0.03546142578125 -0.00579071044921875
-0.0421676635742188 0.0242919921875 0.047393798828125 0.0136032104492188
-0.0182247161865234 0.0292816162109375 0.0163078308105469 0.0104265213012695
-0.00860786437988281 0.0243072509765625 0.00682830810546875 0.02386474609375
0.00785255432128906 0.0225143432617188 0.029144287109375 0.0282077789306641
0.0167369842529297 0.0125131607055664 0.041290283203125 0.00815582275390625
0.0206394195556641 -8.96453857421875E-05 0.0417900085449219 -0.0148086547851563
0.0218276977539063 -0.0122604370117187 0.0332794189453125 -0.0247268676757813
0.0220775604248047 -0.0119686126708984 0.0230159759521484 -0.0216121673583984
0.0245761871337891 -0.0135078430175781 0.0187187194824219 -0.0141773223876953
0.0303535461425781 -0.00672531127929688 0.0164804458618164 -0.00773143768310547
0.0317974090576172 0.00979995727539063 0.00571203231811524 -0.00490951538085937
0.0236053466796875 0.0275058746337891 0.0044546127319336 -0.00951576232910156
-0.00531768798828125 0.0404472351074219 0.0121192932128906 -0.0193214416503906
-0.0287704467773438 0.0423431396484375 0.0255985260009766 -0.01361083984375
-0.0446853637695313 0.0323410034179687 0.0219326019287109 0.00265312194824219
-0.0588645935058594 0.0193862915039063 0.0301856994628906 0.0233592987060547
-0.0376243591308594 0.0346870422363281 0.00513839721679687 0.0219383239746094
-0.0197105407714844 0.0394210815429688 0.00301742553710937 0.0307350158691406
0.0091094970703125 0.0391654968261719 0.0254116058349609 0.0315532684326172
0.0271205902099609 0.0231342315673828 0.0347328186035156 0.0109596252441406
0.0350990295410156 0.00106239318847656 0.0337543487548828 -0.0098876953125
0.0334415435791016 -0.0155677795410156 0.0253868103027344 -0.0170822143554688
0.03240966796875 -0.0147590637207031 0.0148096084594727 -0.013422966003418
0.0357818603515625 -0.0165901184082031 0.009307861328125 -0.00649929046630859
0.0405731201171875 -0.006622314453125 0.00695562362670899 -0.00366497039794922
0.0390777587890625 0.0154685974121094 -0.00235438346862793 -0.00363683700561523
0.0268001556396484 0.0346164703369141 -0.000193595886230467 -0.00928783416748047
-0.009857177734375 0.046844482421875 0.00733089447021484 -0.0163354873657227
-0.0382461547851563 0.0450515747070312 0.0169143676757812 -0.0047149658203125
-0.0548324584960938 0.0294609069824219 0.00538539886474609 0.0103425979614258
-0.0659065246582031 0.0102424621582031 0.00695610046386718 0.0300350189208984
-0.0512580871582031 0.0321998596191406 -0.010467529296875 0.0311164855957031
-0.0304718017578125 0.0462608337402344 -0.0034637451171875 0.0355186462402344
0.00611114501953125 0.05023193359375 0.0174808502197266 0.032318115234375
0.0313339233398438 0.0310916900634766 0.0234451293945313 0.0122547149658203
0.0433807373046875 0.00375747680664063 0.0203170776367188 -0.00439262390136719
0.03973388671875 -0.0158653259277344 0.0127162933349609 -0.00677680969238281
0.0376243591308594 -0.0152473449707031 0.00385475158691406 -0.00251340866088867
0.04156494140625 -0.0171279907226563 -0.00192761421203613 0.00230741500854492
0.0451126098632813 -0.00639724731445313 -0.00461101531982422 0.00134611129760742
0.0418853759765625 0.01800537109375 -0.0115013122558594 -0.00223636627197265
0.0270805358886719 0.0376319885253906 -0.0056467056274414 -0.00951671600341797
-0.0139541625976563 0.0477142333984375 0.00459480285644531 -0.0136251449584961
-0.0433197021484375 0.0413360595703125 0.00988006591796875 0.00588035583496094
-0.05877685546875 0.02239990234375 -0.0126523971557617 0.0164480209350586
-0.0598945617675781 -0.00171661376953124 -0.0151901245117188 0.0318965911865234
-0.0535392761230469 0.0212440490722656 -0.0261306762695313 0.0356369018554688
-0.0364494323730469 0.0398902893066406 -0.010986328125 0.0356712341308594
7.62939453125036E-05 0.0498123168945312 0.00748062133789063 0.0293560028076172
0.0275325775146484 0.0339241027832031 0.0103387832641602 0.0119266510009766
0.0432205200195313 0.00690078735351563 0.00576448440551758 0.000809669494628907
0.0396499633789062 -0.01348876953125 -0.000412940979003904 0.00304174423217773
0.0364227294921875 -0.0134658813476563 -0.00721931457519531 0.00777482986450195
0.0409278869628906 -0.0151443481445313 -0.0134611129760742 0.0107383728027344
0.0435981750488281 -0.00494766235351563 -0.0165948867797851 0.00576686859130859
0.03857421875 0.0187644958496094 -0.0200271606445312 -0.00182723999023437
0.0235710144042969 0.0364418029785156 -0.0107412338256836 -0.0105705261230469
-0.0172538757324219 0.0429534912109375 0.00166034698486328 -0.011042594909668
-0.0449485778808594 0.0328407287597656 0.000839233398437497 0.0126352310180664
-0.0563545227050781 0.0117225646972656 -0.0300846099853516 0.0181179046630859
-0.042022705078125 -0.0131950378417969 -0.0335273742675781 0.0296096801757813
-0.043243408203125 0.00576019287109376 -0.0377960205078125 0.0351600646972656
-0.0342121124267578 0.0243072509765625 -0.0157718658447266 0.032989501953125
-0.00637054443359375 0.0383377075195313 -0.000795364379882815 0.0236358642578125
0.0183181762695313 0.0288887023925781 -0.00152397155761719 0.00858449935913086
0.0343608856201172 0.00792121887207031 -0.00840520858764648 0.00479650497436523
0.0324516296386719 -0.00834083557128906 -0.0128908157348633 0.0118799209594727
0.0306072235107422 -0.00948143005371094 -0.0167551040649414 0.0172138214111328
0.0342121124267578 -0.011749267578125 -0.0231056213378906 0.0189304351806641
0.03662109375 -0.00295257568359375 -0.0277194976806641 0.00995254516601563
0.0320644378662109 0.0162830352783203 -0.02899169921875 -0.000751495361328125
0.0187568664550781 0.031982421875 -0.0157756805419922 -0.0122432708740234
-0.0187511444091797 0.0349349975585937 -0.00127696990966797 -0.0111761093139648
-0.0418510437011719 0.0212478637695313 -0.00652313232421875 0.0163869857788086
-0.0474357604980469 -0.000392913818359374 -0.0461578369140625 0.0165443420410156
-0.0188350677490234 -0.0228290557861328 -0.0422515869140625 0.0240440368652344
-0.0252609252929688 -0.0105209350585937 -0.0417671203613281 0.0313987731933594
-0.0245761871337891 0.00454521179199219 -0.017059326171875 0.0281181335449219
-0.0110015869140625 0.0203285217285156 -0.00703811645507813 0.0175914764404297
0.00674629211425781 0.0188007354736328 -0.00915050506591797 0.00625324249267578
0.0203456878662109 0.00812911987304687 -0.0179252624511719 0.00770187377929688
0.0212306976318359 -0.00297927856445313 -0.0218048095703125 0.0179519653320313
0.0198116302490234 -0.00461959838867188 -0.0242843627929688 0.0237998962402344
0.0227642059326172 -0.00617599487304687 -0.0310420989990234 0.0238513946533203
0.0248699188232422 -0.0013580322265625 -0.0365104675292969 0.0118484497070313
0.0222053527832031 0.0122928619384766 -0.0351943969726563 -0.00115966796875001
0.0125675201416016 0.0232639312744141 -0.0205535888671875 -0.0136642456054687
-0.0169544219970703 0.0234699249267578 -0.00498485565185547 -0.0116291046142578
-0.0335502624511719 0.00846481323242188 -0.0147581100463867 0.0152502059936523
-0.033203125 -0.0122318267822266 -0.0580329895019531 0.00980758666992186
0.00551033020019531 0.0189857482910156 0.0597114562988281 -0.00991058349609375
0.0191421508789063 0.00160598754882812 0.0205001831054688 -0.00963783264160156
0.00682926177978516 -0.0121049880981445 0.00617694854736328 0.0120677947998047
-0.00425529479980469 -0.0106630325317383 0.0267295837402344 0.0190982818603516
-0.0100679397583008 -0.00568294525146484 0.0418739318847656 0.000762939453125
-0.0120840072631836 0.00211334228515625 0.0438232421875 -0.0210227966308594
-0.00774812698364258 0.000723838806152343 0.0345935821533203 -0.0326576232910156
-0.00593662261962891 -0.0016474723815918 0.0265159606933594 -0.0300369262695312
-0.00814104080200195 -0.00255012512207031 0.0239734649658203 -0.0223121643066406
-0.00258350372314453 -0.00891494750976563 0.0223140716552734 -0.0137348175048828
0.00648593902587891 -0.0100278854370117 0.013310432434082 -0.00875759124755859
0.0134954452514648 -0.00191783905029297 0.0117692947387695 -0.0139598846435547
0.0137567520141602 0.0124750137329102 0.0222911834716797 -0.0253124237060547
0.00754356384277344 0.0246067047119141 0.0408287048339844 -0.0295219421386719
-0.00463104248046875 0.0279254913330078 0.0439109802246094 -0.0176544189453125
-0.0184669494628906 0.0259838104248047 0.0589027404785156 -3.05175781249984E-05
0.00317001342773437 0.01763916015625 0.0214462280273438 -0.00174140930175781
0.00140810012817383 0.00634098052978516 0.00781822204589844 0.016993522644043
0.00306177139282227 0.00445842742919922 0.030487060546875 0.0227909088134766
0.00420212745666504 0.00197076797485352 0.0445365905761719 0.00286865234375
0.00451278686523438 -0.000272750854492188 0.0449790954589844 -0.0207138061523437
0.00726604461669922 -0.00733852386474609 0.0352516174316406 -0.0325088500976563
0.008392333984375 -0.00837039947509766 0.0256500244140625 -0.0294094085693359
0.00884246826171875 -0.00983810424804688 0.0228385925292969 -0.0208568572998047
0.0152454376220703 -0.00844001770019531 0.0218296051025391 -0.0135154724121094
0.0211429595947266 0.0002899169921875 0.0111398696899414 -0.00803279876708984
0.0198516845703125 0.0144405364990234 0.00903892517089844 -0.0122585296630859
0.00390434265136718 0.0291957855224609 0.0167121887207031 -0.0229358673095703
-0.0121955871582031 0.0365524291992188 0.0338973999023438 -0.0240249633789062
-0.0266780853271484 0.0338611602783203 0.0367202758789063 -0.00944900512695312
-0.0414047241210938 0.028167724609375 0.0494651794433594 0.0107498168945313
-0.0168113708496094 0.0311145782470703 0.016749382019043 0.00931644439697266
-0.00725936889648438 0.0264053344726562 0.00793647766113281 0.0240745544433594
0.00969314575195313 0.0229625701904297 0.0315151214599609 0.0268497467041016
0.0181980133056641 0.0116024017333984 0.0423393249511719 0.00566482543945313
0.0216274261474609 -0.00153160095214844 0.041534423828125 -0.0178451538085938
0.0217514038085938 -0.0142936706542969 0.0317974090576172 -0.0280303955078125
0.0218753814697266 -0.0141925811767578 0.021453857421875 -0.0238628387451172
0.0246143341064453 -0.0161094665527344 0.0170097351074219 -0.016444206237793
0.0307216644287109 -0.00905036926269531 0.0159597396850586 -0.0100288391113281
0.033203125 0.00803756713867188 0.00540637969970703 -0.00650882720947266
0.0263671875 0.0263938903808594 0.00450801849365235 -0.0112504959106445
-0.00298309326171875 0.0423355102539063 0.0114898681640625 -0.0207557678222656
-0.0267410278320313 0.0458908081054688 0.0257148742675781 -0.0161418914794922
-0.04345703125 0.0357398986816406 0.0235958099365234 -3.81469726562281E-06
-0.058868408203125 0.0244636535644531 0.0323848724365234 0.0218696594238281
-0.0364418029785156 0.038970947265625 0.00589942932128906 0.0214099884033203
-0.017547607421875 0.0430870056152344 0.00429916381835937 0.0312614440917969
0.0127182006835937 0.0399513244628906 0.0275650024414063 0.0305252075195313
0.0294818878173828 0.0215339660644531 0.0358200073242188 0.00918197631835938
0.0361061096191406 -0.00128173828125 0.0332546234130859 -0.0120506286621094
0.0328178405761719 -0.0183639526367188 0.0239791870117188 -0.0192031860351563
0.0316581726074219 -0.0179481506347656 0.0134077072143555 -0.0150079727172852
0.0355339050292969 -0.0198516845703125 0.00822162628173828 -0.00778102874755859
0.0411109924316406 -0.0100135803222656 0.00624704360961914 -0.00552940368652344
0.0413665771484375 0.0124168395996094 -0.00280237197875976 -0.00495100021362305
0.0305194854736328 0.0332698822021484 -0.00071144104003906 -0.0103263854980469
-0.00683975219726563 0.0489997863769531 0.00657844543457031 -0.0175933837890625
-0.0356483459472656 0.04937744140625 0.0173187255859375 -0.00601100921630859
-0.0542411804199219 0.0338592529296875 0.00723838806152343 0.00916767120361328
-0.0669174194335938 0.0157241821289062 0.00916099548339843 0.0301418304443359
-0.0500755310058594 0.0372390747070313 -0.00929450988769532 0.0321273803710938
-0.0282859802246094 0.0503959655761719 -0.00233078002929687 0.036102294921875
0.0104217529296875 0.0509719848632812 0.0194587707519531 0.0316753387451172
0.0347347259521484 0.0293064117431641 0.0247039794921875 0.0110912322998047
0.0448455810546875 0.000568389892578125 0.0206050872802734 -0.0051116943359375
0.0391387939453125 -0.0195350646972656 0.0122518539428711 -0.00780296325683594
0.0370979309082031 -0.0191612243652344 0.0033266544342041 -0.00335431098937988
0.0412330627441406 -0.0214347839355469 -0.0024113655090332 0.00218415260314941
0.0459671020507812 -0.0100746154785156 -0.00530195236206054 0.000913143157958983
0.0443267822265625 0.0152244567871094 -0.0121974945068359 -0.0026102066040039
0.030853271484375 0.0365753173828125 -0.00646495819091797 -0.0105562210083008
-0.0107154846191406 0.0502471923828125 0.0033426284790039 -0.0143604278564453
-0.0411643981933594 0.0463447570800781 0.0102758407592773 0.00419712066650391
-0.0585975646972656 0.0273780822753906 -0.0107898712158203 0.0158300399780273
-0.0611000061035156 0.00322723388671874 -0.0134696960449219 0.03375244140625
-0.0533828735351563 0.0260238647460937 -0.0249214172363281 0.0374183654785156
-0.0347671508789062 0.0449256896972656 -0.0093231201171875 0.0367774963378906
0.00392532348632813 0.051483154296875 0.00876045227050781 0.0292778015136719
0.0310935974121094 0.0324440002441406 0.0106000900268555 0.011784553527832
0.0448570251464844 0.00322723388671875 0.00580596923828125 0.00132179260253906
0.0394706726074219 -0.0171279907226563 -0.00017738342285156 0.00321578979492187
0.0362510681152344 -0.0170097351074219 -0.00694179534912109 0.00830411911010742
0.0404891967773438 -0.0193977355957031 -0.0133419036865234 0.0121364593505859
0.0438957214355469 -0.00866317749023438 -0.0170316696166992 0.00653553009033203
0.0417213439941406 0.0159492492675781 -0.021209716796875 -0.000900268554687499
0.0273857116699219 0.03546142578125 -0.0115165710449219 -0.0104274749755859
-0.0145530700683594 0.0461387634277344 0.00099945068359375 -0.0120143890380859
-0.043243408203125 0.0380744934082031 0.00238990783691406 0.0120325088500977
-0.0566635131835938 0.0165596008300781 -0.0289936065673828 0.0196914672851562
-0.0445442199707031 -0.00978469848632812 -0.0329113006591797 0.0327072143554688
-0.0440597534179688 0.00945281982421875 -0.0368461608886719 0.0379638671875
-0.0329055786132812 0.02862548828125 -0.0145053863525391 0.0339412689208984
-0.0031890869140625 0.0401725769042969 -0.000604629516601565 0.02398681640625
0.0212612152099609 0.0276870727539063 -0.00135421752929687 0.00945854187011719
0.0360221862792969 0.0057830810546875 -0.00870370864868164 0.00646305084228516
0.0324630737304688 -0.0118007659912109 -0.0123205184936523 0.0132274627685547
0.0302028656005859 -0.0128955841064453 -0.01611328125 0.019073486328125
0.03411865234375 -0.0146446228027344 -0.0227527618408203 0.02093505859375
0.0366897583007813 -0.006744384765625 -0.027740478515625 0.0119991302490234
0.0343265533447266 0.0144271850585938 -0.0296878814697266 0.0006866455078125
0.0216541290283203 0.0308017730712891 -0.0173139572143555 -0.011509895324707
-0.0162391662597656 0.0371665954589844 -0.00198268890380859 -0.0116357803344727
-0.041046142578125 0.0253829956054687 -0.00516891479492188 0.0169410705566406
-0.0482673645019531 0.00358963012695313 -0.0457305908203125 0.0193862915039062
-0.0209102630615234 -0.0217628479003906 -0.0421218872070313 0.0276832580566406
-0.0268135070800781 -0.00786399841308593 -0.0409774780273437 0.03460693359375
-0.0248661041259766 0.00777053833007812 -0.0164642333984375 0.0295677185058594
-0.00925064086914063 0.021484375 -0.00671958923339844 0.0183830261230469
0.00853347778320313 0.01824951171875 -0.00962638854980469 0.00797080993652344
0.0212574005126953 0.006256103515625 -0.0175838470458984 0.00996780395507813
0.0206527709960938 -0.00480079650878906 -0.0206317901611328 0.0202445983886719
0.0196132659912109 -0.00672721862792969 -0.0225334167480469 0.0264625549316406
0.0226955413818359 -0.00840568542480469 -0.0301856994628906 0.0268344879150391
0.0251808166503906 -0.00370597839355469 -0.0368804931640625 0.0151176452636719
0.0238170623779297 0.0103130340576172 -0.0362739562988281 0.00106048583984375
0.0144920349121094 0.0226917266845703 -0.0217571258544922 -0.0128631591796875
-0.0150623321533203 0.025604248046875 -0.00560855865478516 -0.0117073059082031
-0.0331993103027344 0.0115814208984375 -0.0136480331420898 0.0164957046508789
-0.0342140197753906 -0.00944709777832032 -0.0585823059082031 0.01385498046875
0.00624847412109375 0.0185260772705078 0.0590286254882813 -0.012939453125
0.0186691284179688 0.000501632690429688 0.0193996429443359 -0.0103549957275391
0.00577640533447266 -0.0121631622314453 0.00648689270019531 0.0121746063232422
-0.00501346588134765 -0.0103321075439453 0.0272903442382812 0.0182933807373047
-0.0101537704467773 -0.00475215911865235 0.0418434143066406 -0.00136566162109375
-0.0111761093139648 0.00335407257080078 0.0418777465820313 -0.0239791870117188
-0.00718402862548828 0.00129365921020508 0.0317821502685547 -0.0349521636962891
-0.00614404678344727 -0.00116157531738281 0.0238246917724609 -0.0314979553222656
-0.00768327713012695 -0.00212001800537109 0.0221881866455078 -0.0242881774902344
-0.00338172912597656 -0.00760889053344727 0.0207500457763672 -0.016021728515625
0.00544261932373047 -0.0102910995483398 0.0133228302001953 -0.00989627838134766
0.0129051208496094 -0.00292396545410156 0.0117645263671875 -0.0148372650146484
0.0143566131591797 0.0113658905029297 0.0211391448974609 -0.0259876251220703
0.00908279418945313 0.0235328674316406 0.0391769409179688 -0.03173828125
-0.00286865234375 0.0271530151367187 0.0436286926269531 -0.0209236145019531
-0.0171070098876953 0.0267715454101563 0.0587539672851563 -0.00274276733398437
0.00365161895751953 0.0174293518066406 0.0207767486572266 -0.00272369384765625
0.00172328948974609 0.00705957412719727 0.00841712951660156 0.0165205001831055
0.00351524353027344 0.00464677810668945 0.0314998626708984 0.021240234375
0.00396561622619629 0.00215625762939453 0.0438613891601563 0.000244140625
0.00525331497192383 -3.95774841308594E-05 0.0432090759277344 -0.0233688354492188
0.00698137283325195 -0.00782155990600586 0.0323867797851563 -0.0348224639892578
0.00773715972900391 -0.00903987884521484 0.0228404998779297 -0.0309505462646484
0.00863456726074219 -0.0105752944946289 0.0208034515380859 -0.0230903625488281
0.01483154296875 -0.00936508178710938 0.0202217102050781 -0.0155200958251953
0.0206813812255859 -0.000926971435546875 0.0111885070800781 -0.00951290130615234
0.0202121734619141 0.0135059356689453 0.00930976867675781 -0.0130043029785156
0.00527000427246093 0.0288295745849609 0.0161533355712891 -0.023406982421875
-0.00999832153320312 0.0370864868164063 0.0324249267578125 -0.0259971618652344
-0.0246467590332031 0.0345478057861328 0.0374031066894531 -0.0124664306640625
-0.0402565002441406 0.0305519104003906 0.0498199462890625 0.00818252563476563
-0.0150966644287109 0.0323371887207031 0.0162363052368164 0.00813961029052735
-0.00537490844726563 0.0276336669921875 0.0084991455078125 0.0234336853027344
0.0112628936767578 0.0226669311523437 0.031982421875 0.0252552032470703
0.0188121795654297 0.0108451843261719 0.0423698425292969 0.00340652465820313
0.0219573974609375 -0.00246047973632813 0.0400543212890625 -0.0200157165527344
0.0205841064453125 -0.0159721374511719 0.0291900634765625 -0.0298385620117188
0.0205860137939453 -0.0159320831298828 0.0186023712158203 -0.0253067016601562
0.0233325958251953 -0.0174789428710938 0.0153312683105469 -0.0176467895507812
0.0299091339111328 -0.0110130310058594 0.0142784118652344 -0.0124044418334961
0.0334491729736328 0.00594902038574219 0.00471782684326172 -0.00799846649169922
0.0277957916259766 0.0251426696777344 0.00432395935058594 -0.0119514465332031
-0.000423431396484374 0.0424880981445313 0.0106143951416016 -0.0212211608886719
-0.0240859985351563 0.0472984313964844 0.0245571136474609 -0.0179462432861328
-0.0417518615722656 0.0380706787109375 0.0248317718505859 -0.00245285034179687
-0.0576515197753906 0.0286979675292969 0.0331382751464844 0.0200004577636719
-0.0337333679199219 0.0409393310546875 0.00645637512207031 0.0206737518310547
-0.0148582458496094 0.0449371337890625 0.00535774230957031 0.0305385589599609
0.0154838562011719 0.0393142700195313 0.0284004211425781 0.0290565490722656
0.0310707092285156 0.0194358825683594 0.0354804992675781 0.00766372680664063
0.0363006591796875 -0.00393295288085938 0.0323562622070313 -0.0134429931640625
0.0316276550292969 -0.0207862854003906 0.0221080780029297 -0.0207138061523438
0.0303096771240234 -0.0202732086181641 0.0114536285400391 -0.0160484313964844
0.0339508056640625 -0.0226821899414063 0.00669384002685547 -0.008392333984375
0.0403289794921875 -0.0128936767578125 0.00535869598388672 -0.00700807571411133
0.0420913696289063 0.00970077514648438 -0.00318288803100586 -0.00563383102416992
0.0324440002441406 0.0312690734863281 -0.00101280212402343 -0.0107765197753906
-0.0037994384765625 0.0499725341796875 0.00585174560546875 -0.0179233551025391
-0.0322647094726563 0.0516090393066406 0.0171213150024414 -0.00745773315429687
-0.0517768859863281 0.0374374389648438 0.00879096984863281 0.0072784423828125
-0.0651473999023437 0.0204124450683594 0.0103378295898437 0.0293540954589844
-0.0475807189941406 0.0403823852539063 -0.0081787109375 0.0319995880126953
-0.0247116088867187 0.0528907775878906 -0.00101089477539063 0.0356101989746094
0.0146102905273438 0.0506401062011719 0.0199985504150391 0.0304508209228516
0.0364151000976563 0.0269966125488281 0.0243663787841797 0.0102195739746094
0.0448989868164062 -0.00249481201171875 0.0202655792236328 -0.00530052185058594
0.037994384765625 -0.0223388671875 0.0112695693969727 -0.00888156890869141
0.0353584289550781 -0.0222625732421875 0.00262260437011719 -0.00382065773010254
0.0394668579101563 -0.0245590209960938 -0.00298023223876953 0.0025327205657959
0.0447540283203125 -0.0138092041015625 -0.0058293342590332 0.000530719757080077
0.045806884765625 0.0117416381835937 -0.0127058029174805 -0.00236988067626953
0.0335273742675781 0.0341167449951172 -0.00726699829101562 -0.0102920532226562
-0.00730133056640625 0.0515403747558594 0.00287342071533203 -0.0147914886474609
-0.0380172729492188 0.0498428344726562 0.010624885559082 0.00327873229980469
-0.0564918518066406 0.0311737060546875 -0.00930404663085938 0.015716552734375
-0.0611991882324219 0.00762557983398437 -0.0119152069091797 0.0345096588134766
-0.0516395568847656 0.0299530029296875 -0.0230064392089844 0.0380287170410156
-0.031494140625 0.0479011535644531 -0.00790023803710938 0.0365066528320313
0.0076904296875 0.0511283874511719 0.00943374633789062 0.0289154052734375
0.0334262847900391 0.0298786163330078 0.0110187530517578 0.0118246078491211
0.0448226928710938 0.00032806396484375 0.00593233108520508 0.00200700759887695
0.0379905700683594 -0.0199623107910156 -0.000185966491699217 0.00350642204284668
0.0347900390625 -0.019989013671875 -0.0066375732421875 0.0083460807800293
0.0385208129882813 -0.0228462219238281 -0.0129594802856445 0.0128135681152344
0.0434761047363281 -0.0122222900390625 -0.0168590545654297 0.00711727142333984
0.0427055358886719 0.0126953125 -0.0215091705322266 0.000152587890625002
0.0300216674804687 0.0333805084228516 -0.0125484466552734 -0.00998401641845703
-0.0109634399414063 0.0472221374511719 0.000147819519042967 -0.0121469497680664
-0.0403480529785156 0.041259765625 0.0028085708618164 0.0111904144287109
-0.0550155639648438 0.0202293395996094 -0.0271377563476563 0.0198707580566406
-0.0450592041015625 -0.00610733032226562 -0.031118392944336 0.0344276428222656
-0.0431709289550781 0.0129356384277344 -0.0348091125488281 0.0391921997070313
-0.0306587219238281 0.0313320159912109 -0.0132465362548828 0.0342178344726563
-0.000385284423828123 0.0405387878417969 -0.000240325927734375 0.0240020751953125
0.0235671997070312 0.0259838104248047 -0.0013885498046875 0.0105743408203125
0.0363235473632813 0.00272750854492188 -0.00761890411376953 0.00782346725463867
0.0316143035888672 -0.0142021179199219 -0.0108804702758789 0.0141229629516602
0.0286865234375 -0.014984130859375 -0.0145168304443359 0.0191841125488281
0.0325527191162109 -0.0175838470458984 -0.0211524963378906 0.0226192474365234
0.0358924865722656 -0.00983810424804688 -0.0275115966796875 0.0135993957519531
0.0354957580566406 0.0117568969726562 -0.0299510955810547 0.00287818908691407
0.0241298675537109 0.0288047790527344 -0.0180187225341797 -0.0107212066650391
-0.0138778686523438 0.0388908386230469 -0.00229549407958985 -0.0114040374755859
-0.0387115478515625 0.0288047790527344 -0.00416374206542969 0.0164709091186523
-0.0471954345703125 0.00674057006835937 -0.0440673828125 0.0211067199707031
-0.0225658416748047 -0.0192317962646484 -0.0411033630371094 0.0305366516113281
-0.0269336700439453 -0.00535011291503907 -0.0394210815429688 0.0361671447753906
-0.0237998962402344 0.00978469848632813 -0.01483154296875 0.0295867919921875
-0.00707054138183594 0.0227069854736328 -0.00678062438964844 0.0189151763916016
0.0103616714477539 0.0172023773193359 -0.00957202911376953 0.00938892364501953
0.0213909149169922 0.00429534912109375 -0.0165786743164063 0.0121698379516602
0.01959228515625 -0.006622314453125 -0.018951416015625 0.0216560363769531
0.0188255310058594 -0.00812721252441406 -0.0202617645263672 0.0276088714599609
0.0218753814697266 -0.0105781555175781 -0.0281085968017578 0.0288944244384766
0.0242881774902344 -0.00585174560546875 -0.035919189453125 0.0172882080078125
0.0247859954833984 0.00863265991210938 -0.0361747741699219 0.00333023071289062
0.0159320831298828 0.0213088989257813 -0.0229587554931641 -0.0113010406494141
-0.013397216796875 0.0266132354736328 -0.00603961944580078 -0.0115823745727539
-0.0319671630859375 0.0140876770019531 -0.0120630264282227 0.0165214538574219
-0.0337066650390625 -0.00704765319824219 -0.0570945739746094 0.0164947509765625
0.00667190551757813 0.0177326202392578 0.0581130981445313 -0.0144119262695312
0.0180835723876953 0.000164031982421875 0.0187091827392578 -0.0109157562255859
0.00522899627685547 -0.0119552612304688 0.00661087036132813 0.0123605728149414
-0.00507736206054688 -0.00966262817382813 0.0280036926269531 0.0173530578613281
-0.0101852416992188 -0.00365066528320312 0.0411186218261719 -0.00289535522460938
-0.0105104446411133 0.00406646728515625 0.0400199890136719 -0.0249748229980469
-0.00667333602905274 0.00191831588745117 0.0301628112792969 -0.0358772277832031
-0.00586795806884766 -0.000499725341796875 0.0218982696533203 -0.0322608947753906
-0.0072941780090332 -0.00187063217163086 0.0201320648193359 -0.0251750946044922
-0.00312900543212891 -0.00730085372924805 0.0191936492919922 -0.0171871185302734
0.00459671020507813 -0.00975322723388672 0.0130853652954102 -0.0113334655761719
0.0125007629394531 -0.00296306610107422 0.0115766525268555 -0.0152645111083984
0.0145235061645508 0.0105533599853516 0.0207653045654297 -0.0259513854980469
0.00924873352050781 0.0223770141601563 0.03778076171875 -0.0327186584472656
-0.0023651123046875 0.0264015197753906 0.0428581237792969 -0.0226707458496094
-0.0162754058837891 0.0271282196044922 0.057952880859375 -0.00444793701171875
0.0041360855102539 0.0175304412841797 0.0201301574707031 -0.00313568115234375
0.00155401229858398 0.0073084831237793 0.00868892669677735 0.0165615081787109
0.00366878509521484 0.00479888916015625 0.0314731597900391 0.0200634002685547
0.00426101684570312 0.00228214263916016 0.0430068969726563 -0.000713348388671875
0.0055694580078125 -0.000287055969238281 0.0411720275878906 -0.0242500305175781
0.00677156448364258 -0.00783824920654297 0.0303611755371094 -0.0355224609375
0.00720596313476563 -0.00898551940917969 0.0210418701171875 -0.0313377380371094
0.00833702087402344 -0.0106000900268555 0.0188674926757813 -0.02410888671875
0.0142431259155273 -0.00943946838378906 0.0186576843261719 -0.0168266296386719
0.0204582214355469 -0.00131988525390625 0.0107059478759766 -0.0108156204223633
0.0199928283691406 0.0125637054443359 0.00955009460449219 -0.0132341384887695
0.00590896606445313 0.0288810729980469 0.0155487060546875 -0.0235671997070313
-0.00878143310546875 0.0370635986328125 0.0314369201660156 -0.0267009735107422
-0.0234470367431641 0.0343952178955078 0.0368995666503906 -0.0145034790039062
-0.0384750366210938 0.0312042236328125 0.0493927001953125 0.00668716430664063
-0.0138702392578125 0.0328407287597656 0.0158958435058594 0.00756549835205078
-0.00441360473632812 0.028167724609375 0.00846099853515625 0.0231857299804688
0.0116462707519531 0.0221443176269531 0.0319900512695313 0.0244903564453125
0.0194511413574219 0.00997352600097656 0.0410041809082031 0.00226211547851563
0.0220928192138672 -0.00344085693359375 0.038604736328125 -0.0211029052734375
0.0194625854492188 -0.0165634155273438 0.0271186828613281 -0.0304489135742188
0.0192394256591797 -0.0168857574462891 0.0170021057128906 -0.0258846282958984
0.0222988128662109 -0.0187091827392578 0.0139675140380859 -0.0181617736816406
0.0294151306152344 -0.0123233795166016 0.0128498077392578 -0.0136051177978516
0.033355712890625 0.00478172302246094 0.0045156478881836 -0.00885009765625
0.0281734466552734 0.0237312316894531 0.00426197052001953 -0.0123567581176758
0.00121307373046875 0.0423927307128906 0.0102291107177734 -0.0211544036865234
-0.0218696594238281 0.0479927062988281 0.0238418579101563 -0.0181732177734375
-0.0400505065917969 0.0386161804199219 0.0246982574462891 -0.00454330444335937
-0.0560340881347656 0.0304222106933594 0.0331020355224609 0.0190391540527344
-0.0318489074707031 0.0419998168945313 0.00646209716796875 0.0197811126708984
-0.0125808715820312 0.0456695556640625 0.00507164001464844 0.0298557281494141
0.0168075561523437 0.0383567810058594 0.028350830078125 0.0279102325439453
0.0314846038818359 0.0180644989013672 0.0350475311279297 0.00670623779296875
0.0361709594726563 -0.00526046752929688 0.0311870574951172 -0.0138950347900391
0.03033447265625 -0.0218105316162109 0.0206298828125 -0.0213356018066406
0.0284824371337891 -0.0213336944580078 0.00989818572998047 -0.0162334442138672
0.0326976776123047 -0.0242023468017578 0.00583553314208985 -0.00882720947265625
0.0393562316894531 -0.0145645141601562 0.00413322448730469 -0.00785589218139649
0.0423088073730469 0.00807571411132813 -0.00368690490722656 -0.0065464973449707
0.0335330963134766 0.0297298431396484 -0.001220703125 -0.0111799240112305
-0.00191116333007813 0.0502243041992188 0.00536537170410156 -0.0178127288818359
-0.0303382873535156 0.0531730651855469 0.0165863037109375 -0.00866413116455078
-0.0501861572265625 0.0385093688964844 0.00934505462646484 0.00533199310302735
-0.0641365051269531 0.022613525390625 0.0109786987304687 0.0288200378417969
-0.0454139709472656 0.04205322265625 -0.00762176513671875 0.0309352874755859
-0.0222549438476562 0.0540046691894531 -0.00113868713378906 0.035003662109375
0.0159492492675781 0.0498199462890625 0.0201225280761719 0.0296459197998047
0.0369453430175781 0.0251731872558594 0.0239067077636719 0.00990486145019532
0.044403076171875 -0.00433349609375 0.0192165374755859 -0.00521278381347656
0.0362396240234375 -0.0242881774902344 0.0107393264770508 -0.00887870788574219
0.0335636138916016 -0.0233402252197266 0.00179028511047363 -0.00405430793762207
0.0376358032226563 -0.0265045166015625 -0.00327372550964355 0.00230526924133301
0.0437278747558594 -0.0156097412109375 -0.00631618499755859 -0.000215053558349611
0.045379638671875 0.00986862182617188 -0.0131626129150391 -0.00250244140625
0.0347309112548828 0.0321254730224609 -0.00754833221435547 -0.0101480484008789
-0.00508880615234375 0.0518569946289062 0.00245475769042969 -0.014927864074707
-0.0355033874511719 0.0511512756347656 0.0105524063110352 0.0022268295288086
-0.0547027587890625 0.0324363708496094 -0.0082235336303711 0.0143651962280273
-0.0601539611816406 0.0103492736816406 -0.0111370086669922 0.0343647003173828
-0.0496139526367188 0.0316963195800781 -0.0218429565429688 0.0378341674804688
-0.0290565490722656 0.0488777160644531 -0.00790786743164063 0.0355072021484375
0.009735107421875 0.0510482788085938 0.00910758972167968 0.0281028747558594
0.0339298248291016 0.0281352996826172 0.0106649398803711 0.0120153427124023
0.0444679260253906 -0.00159072875976563 0.00610780715942383 0.0022273063659668
0.0361709594726563 -0.0214920043945312 7.89165496826192E-05 0.00357556343078613
0.0330390930175781 -0.0213871002197266 -0.0065913200378418 0.00858497619628906
0.0369186401367188 -0.024444580078125 -0.0129575729370117 0.0133533477783203
0.0419692993164063 -0.0144424438476563 -0.0169467926025391 0.00729942321777344
0.0426292419433594 0.0104484558105469 -0.0218868255615234 0.000799179077148442
0.0311393737792969 0.031829833984375 -0.0127220153808594 -0.00969791412353515
-0.00873947143554687 0.0477180480957031 -0.000267982482910156 -0.0121259689331055
-0.0379638671875 0.0428314208984375 0.00322246551513672 0.0104532241821289
-0.0531959533691406 0.0222091674804687 -0.0258312225341797 0.0194664001464844
-0.0446434020996094 -0.00393295288085938 -0.0303077697753906 0.03515625
-0.0419998168945313 0.0147895812988281 -0.0337600708007812 0.0393486022949219
-0.0287361145019531 0.0327796936035156 -0.0133781433105469 0.0335960388183594
0.00125885009765625 0.0404129028320313 -0.000387191772460937 0.0236663818359375
0.0244235992431641 0.0245189666748047 -0.00118637084960937 0.0113754272460938
0.0358772277832031 0.000782012939453125 -0.00702285766601562 0.0088644027709961
0.0299339294433594 -0.0154495239257813 -0.0106124877929688 0.0144987106323242
0.0272789001464844 -0.0162811279296875 -0.0137825012207031 0.0197200775146484
0.0312366485595703 -0.0194225311279297 -0.0203495025634766 0.0233154296875
0.0348052978515625 -0.0109710693359375 -0.0267238616943359 0.0137615203857422
0.0357704162597656 0.00969314575195313 -0.0300235748291016 0.0035858154296875
0.02410888671875 0.0273265838623047 -0.0183334350585938 -0.0106105804443359
-0.0118522644042969 0.0389900207519531 -0.00302696228027344 -0.0112228393554687
-0.0367889404296875 0.0303077697753906 -0.00345611572265625 0.0157690048217773
-0.0461349487304688 0.00846099853515626 -0.0426368713378906 0.0215873718261719
-0.0227909088134766 -0.0176620483398438 -0.0402259826660156 0.0314712524414062
-0.0273227691650391 -0.00409317016601562 -0.0379791259765625 0.0367355346679688
-0.0226993560791016 0.0110321044921875 -0.014739990234375 0.0290794372558594
-0.00603485107421875 0.0229816436767578 -0.00699424743652344 0.0189018249511719
0.010533332824707 0.016240119934082 -0.00902843475341797 0.0101032257080078
0.0213851928710938 0.00297355651855469 -0.0153255462646484 0.0137348175048828
0.0189781188964844 -0.00729560852050781 -0.0172996520996094 0.022186279296875
0.0173063278198242 -0.00893497467041015 -0.0189647674560547 0.0276622772216797
0.0209083557128906 -0.0114402770996094 -0.0263805389404297 0.0297889709472656
0.0236568450927734 -0.00682830810546875 -0.0349864959716797 0.0185947418212891
0.0245208740234375 0.00747299194335937 -0.0357894897460938 0.00447463989257812
0.0166473388671875 0.0202007293701172 -0.0231781005859375 -0.0109100341796875
-0.0121192932128906 0.0268974304199219 -0.00649356842041016 -0.011561393737793
-0.0306491851806641 0.0149612426757812 -0.0112485885620117 0.0165119171142578
-0.0330867767333984 -0.00558090209960937 -0.0557708740234375 0.0174217224121094
0.00678348541259766 0.0175704956054688 0.0580062866210938 -0.0150146484375
0.0177135467529297 0.000152587890625 0.0186595916748047 -0.0106716156005859
0.004913330078125 -0.0120658874511719 0.0063009262084961 0.0125226974487305
-0.00551509857177734 -0.00982666015625 0.0280284881591797 0.0174293518066406
-0.0100135803222656 -0.00276851654052734 0.0405235290527344 -0.00276947021484375
-0.0100564956665039 0.00410747528076172 0.0393180847167969 -0.0256004333496094
-0.00658178329467773 0.00198459625244141 0.0293464660644531 -0.0363922119140625
-0.00593709945678711 -0.000436305999755859 0.0210189819335938 -0.0324897766113281
-0.00720405578613281 -0.00145959854125977 0.0192470550537109 -0.0253543853759766
-0.00369119644165039 -0.00672769546508789 0.0182781219482422 -0.0177650451660156
0.00421047210693359 -0.00937938690185547 0.0131072998046875 -0.0122518539428711
0.011927604675293 -0.00298595428466797 0.0123071670532227 -0.0157642364501953
0.0145282745361328 0.00978374481201172 0.0207786560058594 -0.0256862640380859
0.00939178466796875 0.02203369140625 0.0375900268554688 -0.0330314636230469
-0.002288818359375 0.0260601043701172 0.0434646606445313 -0.0237464904785156
-0.0160655975341797 0.0271549224853516 0.0579910278320313 -0.00460052490234375
0.003814697265625 0.0177841186523438 0.0195465087890625 -0.00318717956542969
0.00194644927978516 0.00745820999145508 0.00769996643066406 0.0167989730834961
0.00381755828857422 0.00488090515136719 0.0310878753662109 0.0204124450683594
0.00414848327636719 0.00234699249267578 0.0425491333007813 -0.00119400024414062
0.0061497688293457 -0.000333786010742188 0.040679931640625 -0.0248908996582031
0.00669956207275391 -0.00804233551025391 0.0296058654785156 -0.0359535217285156
0.00707626342773438 -0.00945854187011719 0.0197372436523438 -0.0316352844238281
0.00844001770019531 -0.0107183456420898 0.0180702209472656 -0.0241260528564453
0.0145235061645508 -0.00955390930175781 0.0176811218261719 -0.0175113677978516
0.0200462341308594 -0.00122451782226563 0.0108013153076172 -0.0120649337768555
0.0204067230224609 0.0124435424804688 0.00989341735839844 -0.0140886306762695
0.00614166259765625 0.0285987854003906 0.0158672332763672 -0.0231494903564453
-0.00872039794921875 0.0371971130371094 0.0314559936523438 -0.0272998809814453
-0.0237236022949219 0.0347099304199219 0.0373191833496094 -0.0160102844238281
-0.0383529663085938 0.0322341918945313 0.0495491027832031 0.0068511962890625
-0.0138626098632812 0.0333404541015625 0.0153484344482422 0.00749397277832031
-0.00381278991699219 0.0283412933349609 0.00805282592773437 0.0231876373291016
0.0124778747558594 0.022216796875 0.0314464569091797 0.0239887237548828
0.0194911956787109 0.0097503662109375 0.0409278869628906 0.00228118896484375
0.0222187042236328 -0.00406837463378906 0.0380630493164062 -0.0209236145019531
0.0191020965576172 -0.0170421600341797 0.0267333984375 -0.0308361053466797
0.0194072723388672 -0.0171794891357422 0.0154953002929688 -0.0260143280029297
0.0222492218017578 -0.0193538665771484 0.0128860473632813 -0.0186042785644531
0.0293750762939453 -0.0128173828125 0.012115478515625 -0.0143575668334961
0.0339298248291016 0.00446510314941406 0.0046072006225586 -0.0102767944335938
0.0285053253173828 0.0234775543212891 0.0049428939819336 -0.0129480361938477
0.00165939331054687 0.0423202514648437 0.0101222991943359 -0.0214672088623047
-0.0215034484863281 0.048797607421875 0.0240058898925781 -0.0190238952636719
-0.0396995544433594 0.0391273498535156 0.0252532958984375 -0.00591087341308594
-0.0559425354003906 0.0313262939453125 0.0332889556884766 0.0188999176025391
-0.0316047668457031 0.0428276062011719 0.00597000122070312 0.0196380615234375
-0.0120277404785156 0.0466804504394531 0.00443458557128906 0.0297813415527344
0.0177154541015625 0.0388679504394531 0.0274696350097656 0.0282192230224609
0.0320243835449219 0.0177040100097656 0.0344734191894531 0.00665664672851563
0.0361061096191406 -0.00545120239257813 0.0308284759521484 -0.0137100219726563
0.0297641754150391 -0.0226879119873047 0.0200881958007813 -0.0215511322021484
0.0279827117919922 -0.022308349609375 0.00969886779785157 -0.016200065612793
0.0320644378662109 -0.0256767272949219 0.00495243072509766 -0.0094900131225586
0.0391998291015625 -0.0158843994140625 0.00364542007446289 -0.00858259201049805
0.0427093505859375 0.00726699829101562 -0.00432920455932617 -0.00710105895996094
0.0342636108398438 0.0293521881103516 -0.00138473510742187 -0.0118751525878906
-0.000728607177734375 0.0509529113769531 0.00540542602539063 -0.0181560516357422
-0.0295066833496094 0.0542068481445313 0.0165586471557617 -0.00923728942871093
-0.0502815246582031 0.0390968322753906 0.00982570648193359 0.00392627716064453
-0.0647125244140625 0.0241851806640625 0.0112667083740234 0.0285358428955078
-0.0449867248535156 0.0429344177246094 -0.00812911987304688 0.0307559967041016
-0.0215415954589844 0.0550308227539063 -0.0017547607421875 0.0342540740966797
0.01715087890625 0.0498390197753906 0.0195121765136719 0.02972412109375
0.0375823974609375 0.0245208740234375 0.0238170623779297 0.0102176666259766
0.0446853637695313 -0.00527572631835938 0.0195579528808594 -0.005401611328125
0.0355949401855469 -0.0248451232910156 0.0103340148925781 -0.0093841552734375
0.0327186584472656 -0.0241451263427734 0.0015106201171875 -0.00409579277038574
0.0370407104492188 -0.0277442932128906 -0.00374436378479004 0.00235486030578613
0.0435600280761719 -0.017333984375 -0.0070505142211914 -0.000616550445556641
0.0461997985839844 0.008453369140625 -0.013178825378418 -0.00293445587158203
0.0357208251953125 0.0316810607910156 -0.00787639617919922 -0.0107564926147461
-0.00422668457031251 0.052581787109375 0.00225257873535156 -0.014918327331543
-0.034576416015625 0.0528297424316406 0.0103683471679687 0.00164413452148438
-0.0547523498535156 0.0335159301757812 -0.007720947265625 0.0132970809936523
-0.0602989196777344 0.0117301940917969 -0.0112266540527344 0.0349254608154297
-0.0497360229492187 0.0324821472167969 -0.0224418640136719 0.0374870300292969
-0.0279617309570312 0.0504035949707031 -0.00840759277343751 0.0352249145507813
0.0106201171875 0.0510444641113281 0.00858116149902344 0.0286312103271484
0.0345287322998047 0.0277633666992188 0.0104522705078125 0.0125617980957031
0.04473876953125 -0.00270843505859375 0.0061330795288086 0.00272607803344727
0.0352859497070313 -0.0222053527832031 -0.000207185745239255 0.00345325469970703
0.0322647094726563 -0.0221920013427734 -0.00670814514160156 0.00844812393188476
0.0366249084472656 -0.0257186889648438 -0.0122947692871094 0.013646125793457
0.0418052673339844 -0.0154190063476563 -0.0174045562744141 0.00723552703857422
0.0433883666992188 0.0089569091796875 -0.0222606658935547 0.00063514709472656
0.0319175720214844 0.0313301086425781 -0.0132513046264648 -0.00996971130371094
-0.00751876831054688 0.0485076904296875 -0.0004119873046875 -0.0123090744018555
-0.0376014709472656 0.0443153381347656 0.00365734100341797 0.0101213455200195
-0.0530128479003906 0.0229377746582031 -0.0252742767333984 0.0188159942626953
-0.0451202392578125 -0.00260543823242188 -0.0307884216308594 0.0355491638183594
-0.0420074462890625 0.0159149169921875 -0.0337677001953125 0.0391044616699219
-0.0284404754638672 0.0343761444091797 -0.0137863159179687 0.032989501953125
0.00245285034179687 0.0405845642089844 -0.000799179077148438 0.0239181518554688
0.0249156951904297 0.0241584777832031 -0.00143146514892578 0.0119285583496094
0.0360488891601563 0 -0.0067758560180664 0.00961685180664062
0.0296211242675781 -0.0165729522705078 -0.00991249084472656 0.0147686004638672
0.0264682769775391 -0.0170154571533203 -0.0137119293212891 0.0196685791015625
0.0303611755371094 -0.0202484130859375 -0.0199680328369141 0.0238876342773438
0.0348930358886719 -0.0123710632324219 -0.0273075103759766 0.0144443511962891
0.0362625122070312 0.00888824462890625 -0.0301704406738281 0.00363540649414062
0.0251750946044922 0.0271224975585937 -0.0182571411132813 -0.0101585388183594
-0.0108757019042969 0.0399131774902344 -0.0031118392944336 -0.0115480422973633
-0.0362205505371094 0.0312767028808594 -0.00298595428466797 0.0155973434448242
-0.0456352233886719 0.00911331176757813 -0.042388916015625 0.0207862854003906
-0.0232563018798828 -0.0166587829589844 -0.0407562255859375 0.0324211120605469
-0.0269126892089844 -0.00322914123535157 -0.0385551452636719 0.0368156433105469
-0.0219001770019531 0.0124969482421875 -0.0156383514404297 0.0285167694091797
-0.00485992431640625 0.0230484008789063 -0.00793647766113281 0.0192604064941406
0.0108423233032227 0.0161724090576172 -0.00944137573242188 0.0109262466430664
0.0214900970458984 0.00252532958984375 -0.0147371292114258 0.0141324996948242
0.0183849334716797 -0.00790596008300781 -0.0168323516845703 0.0227279663085938
0.0172090530395508 -0.00944709777832031 -0.0185413360595703 0.0278701782226562
0.0200023651123047 -0.0118293762207031 -0.0257663726806641 0.030059814453125
0.023040771484375 -0.00780105590820313 -0.0348300933837891 0.0189590454101563
0.0246391296386719 0.00708770751953125 -0.0359687805175781 0.00504684448242187
0.0169792175292969 0.0198802947998047 -0.0237827301025391 -0.0109786987304687
-0.0119132995605469 0.0272045135498047 -0.00672817230224609 -0.0113182067871094
-0.0295677185058594 0.0159645080566406 -0.0109624862670898 0.0163354873657227
-0.0324630737304687 -0.00543403625488282 -0.0559501647949219 0.0179862976074219
0.00681304931640625 0.0180091857910156 0.0597076416015625 -0.0155181884765625
0.0178756713867188 0.000215530395507813 0.0190296173095703 -0.0105953216552734
0.00495338439941406 -0.0123071670532227 0.00605678558349609 0.0128278732299805
-0.00606918334960938 -0.00983142852783203 0.0288410186767578 0.017974853515625
-0.010523796081543 -0.00264072418212891 0.0415000915527344 -0.002838134765625
-0.00970935821533203 0.00467586517333985 0.0402069091796875 -0.0265769958496094
-0.00604438781738281 0.00234889984130859 0.029693603515625 -0.0380783081054688
-0.00620365142822266 -0.000210762023925782 0.0209846496582031 -0.0336360931396484
-0.00730752944946289 -0.00114202499389648 0.0190620422363281 -0.0271549224853516
-0.00360441207885742 -0.00678825378417969 0.0184307098388672 -0.0187530517578125
0.00395584106445312 -0.00905132293701172 0.0132255554199219 -0.0138368606567383
0.0121831893920898 -0.00351524353027344 0.0131206512451172 -0.0169000625610352
0.0147686004638672 0.0100746154785156 0.0218849182128906 -0.0259838104248047
0.00955390930175781 0.0223941802978516 0.0389175415039062 -0.0340919494628906
-0.00241470336914062 0.02667236328125 0.0453300476074219 -0.0255126953125
-0.0167160034179687 0.0281219482421875 0.0598030090332031 -0.00528335571289062
0.00422096252441406 0.0182151794433594 0.0196666717529297 -0.00328254699707031
0.00198459625244141 0.00865411758422852 0.00846481323242187 0.0174455642700195
0.00411844253540039 0.00533151626586914 0.0321388244628906 0.02130126953125
0.0048975944519043 0.00272893905639648 0.0431365966796875 -0.00124359130859375
0.00660514831542969 -0.000355243682861328 0.0414962768554688 -0.0258026123046875
0.00676202774047852 -0.00829744338989258 0.0298690795898438 -0.0376663208007813
0.00669765472412109 -0.00951957702636719 0.0194091796875 -0.0323886871337891
0.00856304168701172 -0.0116071701049805 0.0173053741455078 -0.0250968933105469
0.0145683288574219 -0.0100679397583008 0.0171680450439453 -0.0191287994384766
0.0204124450683594 -0.000841140747070313 0.0104799270629883 -0.0131864547729492
0.0207557678222656 0.012939453125 0.0108909606933594 -0.0146913528442383
0.00618743896484375 0.029388427734375 0.0161495208740234 -0.0236415863037109
-0.0086517333984375 0.0383110046386719 0.0325374603271484 -0.0283222198486328
-0.0244216918945313 0.0354576110839844 0.0391464233398438 -0.0173606872558594
-0.0396919250488281 0.0331192016601563 0.051361083984375 0.006561279296875
-0.01422119140625 0.0347118377685547 0.0154275894165039 0.00736045837402344
-0.00329017639160156 0.0299663543701172 0.00760269165039062 0.0240879058837891
0.0130805969238281 0.023040771484375 0.0326061248779297 0.0253753662109375
0.0205230712890625 0.0103073120117187 0.0421638488769531 0.00272750854492188
0.0236759185791016 -0.004150390625 0.0388336181640625 -0.0216789245605469
0.0197124481201172 -0.0177040100097656 0.0264759063720703 -0.0321197509765625
0.0196857452392578 -0.0177955627441406 0.0152111053466797 -0.0265750885009766
0.0225811004638672 -0.0204563140869141 0.0123863220214844 -0.0195884704589844
0.0302181243896484 -0.0138721466064453 0.0116195678710938 -0.0158100128173828
0.0347232818603516 0.00402069091796875 0.00399112701416016 -0.0114402770996094
0.0298671722412109 0.0240669250488281 0.00529861450195313 -0.0141096115112305
0.00236892700195312 0.0440902709960938 0.0112895965576172 -0.0214424133300781
-0.0216293334960937 0.050811767578125 0.0248126983642578 -0.0199012756347656
-0.0413169860839844 0.0407867431640625 0.0269012451171875 -0.00758743286132812
-0.0575408935546875 0.0325050354003906 0.0343132019042969 0.0192909240722656
-0.0323257446289063 0.0447731018066406 0.00596809387207031 0.0199356079101563
-0.0115470886230469 0.0488243103027344 0.004058837890625 0.0300273895263672
0.0192756652832031 0.0398292541503906 0.027557373046875 0.0288753509521484
0.0334014892578125 0.0182476043701172 0.0348148345947266 0.00742721557617188
0.0372352600097656 -0.00646209716796875 0.0318927764892578 -0.0141887664794922
0.0301342010498047 -0.0237369537353516 0.0201339721679688 -0.0223140716552734
0.0287284851074219 -0.0238075256347656 0.00937843322753906 -0.0168523788452148
0.0324554443359375 -0.0267429351806641 0.00469207763671875 -0.00980472564697266
0.0401802062988281 -0.0173721313476563 0.00245857238769532 -0.00963211059570313
0.0443878173828125 0.00606536865234375 -0.00452232360839843 -0.00794076919555664
0.0358390808105469 0.0300331115722656 -0.00110435485839843 -0.0125932693481445
0.000110626220703131 0.0525588989257813 0.00602531433105469 -0.0185985565185547
-0.0296745300292969 0.0568962097167969 0.0174579620361328 -0.00993919372558593
-0.0510749816894531 0.0410881042480469 0.0107173919677734 0.00275421142578125
-0.0657920837402344 0.0253181457519531 0.0117816925048828 0.0295867919921875
-0.0464935302734375 0.0451698303222656 -0.00848197937011719 0.0313186645507813
-0.0210227966308594 0.0575370788574219 -0.00231361389160156 0.035085678100586
0.0183258056640625 0.0516128540039063 0.0192604064941406 0.0309219360351562
0.0390205383300781 0.0244102478027344 0.0242195129394531 0.0106315612792969
0.0458755493164063 -0.00645828247070313 0.0193138122558594 -0.00520896911621094
0.0359992980957031 -0.0262413024902344 0.0105295181274414 -0.00950050354003907
0.0332012176513672 -0.025543212890625 0.000906229019165041 -0.00417661666870117
0.037445068359375 -0.0294914245605469 -0.0039675235748291 0.00287222862243652
0.0439872741699219 -0.0185966491699219 -0.00766515731811523 -0.00137948989868164
0.0478668212890625 0.00771713256835938 -0.0140876770019531 -0.00368499755859375
0.0369377136230469 0.0320320129394531 -0.00799179077148438 -0.0111494064331055
-0.00328826904296875 0.0550765991210937 0.00267410278320312 -0.0157108306884766
-0.0351448059082031 0.0550956726074219 0.0109348297119141 0.00128269195556641
-0.0556488037109375 0.0347557067871094 -0.00733566284179688 0.0120563507080078
-0.0621566772460937 0.0126800537109375 -0.0119743347167969 0.036102294921875
-0.0505943298339844 0.0341415405273438 -0.0234031677246094 0.03851318359375
-0.0282402038574219 0.0526046752929687 -0.00983047485351563 0.0356941223144531
0.0120315551757812 0.05242919921875 0.00773239135742188 0.0296058654785156
0.0359077453613281 0.0279426574707031 0.010411262512207 0.013331413269043
0.0460128784179687 -0.00388336181640625 0.00683212280273438 0.00392770767211914
0.03582763671875 -0.023834228515625 -8.4161758422849E-05 0.00323891639709473
0.0325546264648438 -0.0234088897705078 -0.00697708129882812 0.00878715515136719
0.0365982055664063 -0.0275115966796875 -0.0128469467163086 0.0143899917602539
0.0424232482910156 -0.0171737670898438 -0.0184535980224609 0.00705718994140625
0.0446128845214844 0.00850677490234375 -0.0234050750732422 0.000598907470703127
0.0333480834960938 0.03125 -0.0136280059814453 -0.0101699829101563
-0.00745773315429687 0.0506477355957031 -0.000452041625976563 -0.0126571655273437
-0.03741455078125 0.0467185974121094 0.00374794006347656 0.00974369049072266
-0.0543098449707031 0.0241165161132812 -0.026123046875 0.0182552337646484
-0.0462684631347656 -0.00163650512695313 -0.03216552734375 0.0375595092773438
-0.0429306030273438 0.0171737670898438 -0.0349845886230469 0.0399894714355469
-0.0283622741699219 0.0357551574707031 -0.0150928497314453 0.0329990386962891
0.003265380859375 0.0417213439941406 -0.00192451477050781 0.0247611999511719
0.0260429382324219 0.0245609283447266 -0.00186920166015625 0.0124444961547852
0.0372238159179688 -0.000888824462890625 -0.00638198852539062 0.010040283203125
0.0299415588378906 -0.0174217224121094 -0.0101003646850586 0.0155878067016602
0.0266761779785156 -0.0183238983154297 -0.0131072998046875 0.02069091796875
0.0303173065185547 -0.0213871002197266 -0.0205402374267578 0.0245285034179688
0.0350894927978516 -0.0133094787597656 -0.0280666351318359 0.0145549774169922
0.0375404357910156 0.00811004638671875 -0.0311908721923828 0.00398445129394531
0.0265369415283203 0.0272426605224609 -0.0197257995605469 -0.0107021331787109
-0.0106735229492188 0.04150390625 -0.00347900390625 -0.0114908218383789
-0.036407470703125 0.03369140625 -0.00275993347167969 0.0151205062866211
-0.0466194152832031 0.00960922241210937 -0.0434455871582031 0.0211639404296875
-0.0245285034179688 -0.0167083740234375 -0.0425376892089844 0.034393310546875
-0.0277271270751953 -0.00245094299316407 -0.0399360656738281 0.0375289916992187
-0.0231475830078125 0.0129756927490234 -0.0163078308105469 0.0293693542480469
-0.00426292419433594 0.0240268707275391 -0.00882720947265625 0.0203208923339844
0.0119237899780273 0.0161418914794922 -0.00947284698486328 0.0117778778076172
0.0218696594238281 0.00155067443847656 -0.0146350860595703 0.0152606964111328
0.0189094543457031 -0.00858306884765625 -0.0171642303466797 0.0233860015869141
0.0173559188842773 -0.010162353515625 -0.0183849334716797 0.0283660888671875
0.0202884674072266 -0.012908935546875 -0.0264530181884766 0.0315265655517578
0.0236701965332031 -0.00822639465332031 -0.035797119140625 0.0200157165527344
0.0256290435791016 0.00643348693847656 -0.0371856689453125 0.00544357299804688
0.0173988342285156 0.0198535919189453 -0.0243682861328125 -0.0107250213623047
-0.0112686157226563 0.0282039642333984 -0.00714111328125 -0.0122737884521484
-0.0302028656005859 0.017242431640625 -0.0109462738037109 0.0162296295166016
-0.0331516265869141 -0.00550270080566406 -0.0572013854980469 0.0180778503417969
0.00759696960449219 0.0185260772705078 0.0634193420410156 -0.0170707702636719
0.0183086395263672 -0.000255584716796875 0.0196857452392578 -0.0119380950927734
0.0045318603515625 -0.0126352310180664 0.00691032409667969 0.0138616561889648
-0.00629901885986328 -0.0101585388183594 0.0305194854736328 0.0184688568115234
-0.0110406875610352 -0.00203895568847656 0.0431137084960938 -0.00390625
-0.00956630706787109 0.0049886703491211 0.0405998229980469 -0.0287628173828125
-0.00624656677246094 0.00257730484008789 0.0290069580078125 -0.0402870178222656
-0.00679969787597656 -8.96453857421871E-05 0.0201606750488281 -0.036102294921875
-0.00782442092895508 -0.000926971435546875 0.0186367034912109 -0.0286674499511719
-0.00399065017700195 -0.00658321380615234 0.0182838439941406 -0.0207042694091797
0.00345802307128906 -0.00954914093017578 0.0139532089233398 -0.0155630111694336
0.0123758316040039 -0.00379848480224609 0.0138664245605469 -0.0182514190673828
0.0153083801269531 0.00956153869628906 0.0227108001708984 -0.0274887084960938
0.0103187561035156 0.0228862762451172 0.0400772094726563 -0.036529541015625
-0.00180625915527343 0.0274639129638672 0.0476570129394531 -0.0287628173828125
-0.0163822174072266 0.0298748016357422 0.0627632141113281 -0.00694656372070312
0.00435447692871093 0.0195045471191406 0.0204963684082031 -0.00358390808105469
0.00266647338867187 0.00892448425292969 0.00855636596679687 0.0182094573974609
0.00468921661376953 0.00543498992919922 0.0335369110107422 0.0213241577148438
0.00543355941772461 0.00305747985839844 0.0451698303222656 -0.002044677734375
0.00768947601318359 -0.000841140747070313 0.0423622131347656 -0.0281906127929688
0.00722885131835937 -0.00932121276855469 0.0295143127441406 -0.0402412414550781
0.00707149505615234 -0.0105190277099609 0.0187950134277344 -0.0345230102539062
0.00858688354492188 -0.0124015808105469 0.0171260833740234 -0.0274677276611328
0.0151376724243164 -0.0111169815063477 0.0169715881347656 -0.0206508636474609
0.0212173461914063 -0.00179290771484375 0.010380744934082 -0.0149774551391602
0.0220527648925781 0.0132617950439453 0.0113906860351563 -0.0168609619140625
0.00719451904296875 0.0303192138671875 0.0176525115966797 -0.0253562927246094
-0.00820159912109375 0.0402374267578125 0.0336856842041016 -0.0303726196289062
-0.0249290466308594 0.0375938415527344 0.0417404174804688 -0.0208930969238281
-0.0399551391601562 0.0360946655273438 0.0540428161621094 0.0055084228515625
-0.0136299133300781 0.0365142822265625 0.0160369873046875 0.00736331939697266
-0.00226974487304688 0.0320339202880859 0.00792121887207031 0.0249443054199219
0.0146751403808594 0.0238933563232422 0.0336265563964844 0.0254325866699219
0.0221023559570313 0.00982284545898438 0.0433769226074219 0.00183868408203125
0.0247268676757813 -0.00595855712890625 0.0399055480957031 -0.023345947265625
0.0201835632324219 -0.0191249847412109 0.0259914398193359 -0.0343589782714844
0.0198688507080078 -0.0192813873291016 0.0145320892333984 -0.0286045074462891
0.0229015350341797 -0.0222835540771484 0.0114593505859375 -0.0207862854003906
0.0309009552001953 -0.0160255432128906 0.0106754302978516 -0.0177745819091797
0.0365829467773438 0.00320816040039063 0.00372028350830079 -0.0129928588867188
0.0321807861328125 0.02447509765625 0.00542640686035156 -0.0157604217529297
0.00360870361328125 0.0466499328613281 0.0113735198974609 -0.0227775573730469
-0.0210685729980469 0.0535087585449219 0.0251884460449219 -0.0215854644775391
-0.0423469543457031 0.0436477661132812 0.0279331207275391 -0.0100116729736328
-0.0592041015625 0.0364952087402344 0.0366859436035156 0.019073486328125
-0.0325241088867188 0.0474357604980469 0.00606536865234375 0.0205326080322266
-0.0100212097167969 0.0519447326660156 0.00398445129394531 0.0316238403320313
0.0213394165039062 0.041534423828125 0.0292434692382813 0.0302982330322266
0.0353240966796875 0.0178451538085938 0.0366973876953125 0.00746917724609375
0.0394058227539063 -0.00833511352539063 0.0329074859619141 -0.0156936645507813
0.0306129455566406 -0.0263767242431641 0.019927978515625 -0.0237884521484375
0.0288314819335938 -0.0255661010742188 0.00830459594726563 -0.0178947448730469
0.0329170227050781 -0.0296230316162109 0.00421237945556641 -0.0104818344116211
0.0409469604492188 -0.0200080871582031 0.00147724151611328 -0.0110349655151367
0.0468673706054688 0.005157470703125 -0.00562667846679687 -0.00931644439697266
0.0385704040527344 0.0301017761230469 -0.00145816802978515 -0.0136623382568359
0.00206375122070312 0.0555267333984375 0.0065460205078125 -0.0196437835693359
-0.0287513732910156 0.0607452392578125 0.0179004669189453 -0.0111026763916016
-0.0531272888183594 0.0444984436035156 0.0117969512939453 0.00124168395996094
-0.0684585571289063 0.029296875 0.0128097534179687 0.0306682586669922
-0.04705810546875 0.0486831665039063 -0.00837326049804688 0.0321159362792969
-0.0201950073242188 0.06097412109375 -0.00273895263671875 0.0362586975097656
0.0216026306152344 0.0535736083984375 0.0201683044433594 0.0320644378662109
0.0412940979003906 0.0250015258789063 0.0249347686767578 0.0116729736328125
0.0481071472167969 -0.00859451293945313 0.0210723876953125 -0.00583648681640625
0.0367927551269531 -0.0288963317871094 0.0102596282958984 -0.0100917816162109
0.0336875915527344 -0.0281219482421875 0.000545024871826174 -0.00444221496582032
0.0376052856445313 -0.0327682495117188 -0.00419783592224121 0.00301671028137207
0.0456085205078125 -0.0215301513671875 -0.00882911682128906 -0.00136947631835938
0.0509490966796875 0.00588226318359375 -0.0156564712524414 -0.00368595123291016
0.0407867431640625 0.0324134826660156 -0.00823307037353515 -0.0120639801025391
-0.000583648681640622 0.0581550598144531 0.00275135040283203 -0.0162982940673828
-0.034393310546875 0.05926513671875 0.0119428634643555 0.00047397613525391
-0.05718994140625 0.0380096435546875 -0.00712871551513672 0.0115518569946289
-0.0650367736816406 0.0157012939453125 -0.0116844177246094 0.0385704040527344
-0.05224609375 0.037353515625 -0.024169921875 0.0400962829589844
-0.0274162292480469 0.0564002990722656 -0.0101737976074219 0.0374908447265625
0.0148048400878906 0.0545768737792969 0.00801277160644532 0.0307540893554688
0.039154052734375 0.0277595520019531 0.0109519958496094 0.0140886306762695
0.0484962463378906 -0.00587844848632812 0.00745964050292969 0.00424385070800781
0.0366935729980469 -0.026397705078125 -1.09672546386695E-05 0.00379705429077148
0.0331974029541016 -0.0257320404052734 -0.00682258605957031 0.00924873352050781
0.0373153686523438 -0.0305442810058594 -0.0132989883422852 0.0152149200439453
0.0437049865722656 -0.0201797485351563 -0.0199851989746094 0.00745582580566407
0.0474319458007812 0.00705718994140625 -0.0243549346923828 0.000246047973632818
0.0363311767578125 0.0317535400390625 -0.0145597457885742 -0.0108022689819336
-0.00570297241210937 0.0534095764160156 -0.000468254089355469 -0.0134506225585937
-0.0373725891113281 0.0505294799804687 0.00433158874511718 0.00940036773681641
-0.0562095642089844 0.0266494750976563 -0.0265865325927734 0.0191154479980469
-0.04864501953125 8.0108642578129E-05 -0.0336723327636719 0.0394783020019531
-0.0444259643554687 0.0196647644042969 -0.03680419921875 0.0429191589355469
-0.0283546447753906 0.0385856628417969 -0.0161972045898438 0.0352516174316406
0.00553131103515625 0.0441741943359375 -0.00211906433105469 0.0258808135986328
0.0279197692871094 0.0238723754882813 -0.00173187255859375 0.0140047073364258
0.0393295288085938 -0.00268936157226563 -0.00616264343261718 0.0110855102539063
0.0300064086914063 -0.0196323394775391 -0.010319709777832 0.0160903930664063
0.0273876190185547 -0.0206050872802734 -0.0142269134521484 0.0220680236816406
0.0312671661376953 -0.0237636566162109 -0.0203666687011719 0.0266304016113281
0.0359001159667969 -0.0160179138183594 -0.0289325714111328 0.0161151885986328
0.0390052795410156 0.00706100463867188 -0.0331459045410156 0.00440216064453124
0.028350830078125 0.0275516510009766 -0.0206508636474609 -0.0103187561035156
-0.00962066650390625 0.0438919067382813 -0.00358390808105469 -0.0120773315429687
-0.036651611328125 0.0360603332519531 -0.00275325775146485 0.0158357620239258
-0.0485305786132813 0.011383056640625 -0.0453147888183594 0.0223159790039062
-0.0257396697998047 -0.0160179138183594 -0.0446548461914063 0.0376091003417969
-0.0294094085693359 -0.00107955932617188 -0.041961669921875 0.0403366088867188
-0.0232944488525391 0.0147571563720703 -0.0176887512207031 0.0306034088134766
-0.00319480895996094 0.0255756378173828 -0.00951766967773438 0.0213871002197266
0.013249397277832 0.0163984298706055 -0.0103530883789062 0.0133905410766602
0.0230541229248047 0.00101280212402344 -0.0147190093994141 0.0168600082397461
0.0189743041992188 -0.00978660583496094 -0.0170822143554687 0.0249786376953125
0.0175895690917969 -0.0110530853271484 -0.0181694030761719 0.0298900604248047
0.0203227996826172 -0.0143852233886719 -0.0264759063720703 0.0335464477539063
0.024261474609375 -0.0102138519287109 -0.0369796752929688 0.0219879150390625
0.0273284912109375 0.00568389892578125 -0.0392227172851563 0.0066375732421875
0.0190372467041016 0.0200271606445313 -0.026092529296875 -0.0107879638671875
-0.0109176635742187 0.0302085876464844 -0.00745487213134766 -0.0127773284912109
-0.0306472778320313 0.0191917419433594 -0.0106363296508789 0.0170011520385742
-0.03399658203125 -0.00484848022460937 -0.059112548828125 0.0198860168457031
0.00918006896972656 0.0184040069580078 0.0651664733886719 -0.0216903686523437
0.0190086364746094 -0.00154685974121094 0.0197849273681641 -0.0133152008056641
0.00397205352783203 -0.0129985809326172 0.00758457183837891 0.0140838623046875
-0.00790691375732422 -0.00972557067871094 0.0329093933105469 0.0178070068359375
-0.0112371444702148 -0.00179672241210937 0.0449371337890625 -0.00604629516601563
-0.00920581817626953 0.00567626953125 0.0410575866699219 -0.0320396423339844
-0.00575542449951172 0.00274562835693359 0.0277900695800781 -0.043792724609375
-0.00675392150878906 0.000336170196533204 0.0189132690429688 -0.03857421875
-0.00761222839355469 -0.000680923461914061 0.0170764923095703 -0.0310726165771484
-0.00430154800415039 -0.00607872009277344 0.0175266265869141 -0.0227870941162109
0.00327110290527344 -0.00962162017822266 0.0137767791748047 -0.0179996490478516
0.0121345520019531 -0.00455856323242188 0.0147514343261719 -0.0207347869873047
0.0162944793701172 0.00899028778076172 0.0228004455566406 -0.0299797058105469
0.0116386413574219 0.0231876373291016 0.040283203125 -0.0401840209960938
-0.000726699829101564 0.0290031433105469 0.0491142272949219 -0.0335044860839844
-0.0157432556152344 0.031890869140625 0.0657119750976563 -0.0105056762695312
0.0059356689453125 0.0199756622314453 0.0211410522460938 -0.00509452819824219
0.00299453735351562 0.00945949554443359 0.00963592529296875 0.0186424255371094
0.00464820861816406 0.00553464889526367 0.0362968444824219 0.0209159851074219
0.00640058517456055 0.0026402473449707 0.0470733642578125 -0.0040130615234375
0.00822591781616211 -0.00169658660888672 0.0425453186035156 -0.031646728515625
0.00734233856201172 -0.0100307464599609 0.028350830078125 -0.043365478515625
0.0070648193359375 -0.0111837387084961 0.0173873901367188 -0.0373001098632813
0.00805377960205078 -0.0138454437255859 0.0157184600830078 -0.0294685363769531
0.0154247283935547 -0.0122270584106445 0.0154743194580078 -0.0230312347412109
0.0223178863525391 -0.00266838073730469 0.0100231170654297 -0.017120361328125
0.0235576629638672 0.0120582580566406 0.0113945007324219 -0.0186557769775391
0.00966644287109375 0.0312290191650391 0.0175647735595703 -0.0269737243652344
-0.00642776489257812 0.0423240661621094 0.033660888671875 -0.0340213775634766
-0.0243072509765625 0.0405616760253906 0.0424919128417969 -0.0246353149414063
-0.0401191711425781 0.0400886535644531 0.0570297241210938 0.00325775146484375
-0.0121841430664063 0.0390396118164063 0.0170431137084961 0.00701618194580078
-0.000471115112304687 0.0340003967285156 0.00891876220703125 0.0258960723876953
0.0170001983642578 0.0239601135253906 0.0362052917480469 0.0254096984863281
0.0239067077636719 0.0091400146484375 0.045013427734375 0.000278472900390626
0.0260963439941406 -0.00772666931152344 0.0399017333984375 -0.0265121459960938
0.0200119018554688 -0.0215244293212891 0.0251388549804688 -0.0374755859375
0.0195999145507812 -0.0212688446044922 0.0132980346679688 -0.0307197570800781
0.0221309661865234 -0.0252952575683594 0.0104484558105469 -0.0224723815917969
0.0312232971191406 -0.0189723968505859 0.00908470153808594 -0.0198078155517578
0.03863525390625 0.00123214721679688 0.00279426574707032 -0.0147275924682617
0.0347785949707031 0.0234336853027344 0.00528621673583985 -0.0168495178222656
0.00688552856445312 0.0483970642089844 0.0114669799804688 -0.0242729187011719
-0.0182991027832031 0.0578765869140625 0.0257244110107422 -0.0241031646728516
-0.0417098999023437 0.0478134155273438 0.0296440124511719 -0.0136394500732422
-0.0596580505371094 0.0410995483398438 0.0395164489746094 0.0184860229492188
-0.0309257507324219 0.0517692565917969 0.00710678100585937 0.0209522247314453
-0.0069122314453125 0.0552482604980469 0.00474166870117188 0.0328693389892578
0.0252189636230469 0.0417518615722656 0.0311279296875 0.0303268432617188
0.0388374328613281 0.016357421875 0.0384712219238281 0.00576019287109375
0.0409469604492188 -0.0115966796875 0.0333957672119141 -0.0175762176513672
0.0302524566650391 -0.0297107696533203 0.0193767547607422 -0.0262985229492188
0.0284614562988281 -0.0287418365478516 0.00742721557617188 -0.0192413330078125
0.0318412780761719 -0.0335636138916016 0.00313186645507813 -0.0113677978515625
0.0414848327636719 -0.0235595703125 6.48498535156267E-05 -0.0118684768676758
0.0492706298828125 0.0021209716796875 -0.00648307800292969 -0.00982284545898438
0.0425491333007813 0.0291481018066406 -0.00146389007568359 -0.0147552490234375
0.00585174560546875 0.0583839416503906 0.00621223449707031 -0.0208854675292969
-0.0260543823242188 0.0652427673339844 0.0181503295898438 -0.0131263732910156
-0.0526351928710938 0.0490074157714844 0.0123395919799805 -0.00106525421142578
-0.0694770812988281 0.0348777770996094 0.0144500732421875 0.0322551727294922
-0.04583740234375 0.0533905029296875 -0.00745010375976563 0.0345268249511719
-0.0168228149414063 0.0656967163085938 -0.0019989013671875 0.0383071899414063
0.0265426635742188 0.0544204711914063 0.0218753814697266 0.0325088500976563
0.0455055236816406 0.0232810974121094 0.0265617370605469 0.0112953186035156
0.0500411987304688 -0.012359619140625 0.0214977264404297 -0.00671195983886719
0.036346435546875 -0.0325508117675781 0.0102624893188477 -0.0114946365356445
0.0331897735595703 -0.0314006805419922 0.000551223754882815 -0.00497150421142578
0.0369987487792969 -0.0368270874023438 -0.00452041625976562 0.00306987762451172
0.0458869934082031 -0.0260009765625 -0.0108251571655273 -0.00144481658935547
0.053497314453125 0.0029296875 -0.016779899597168 -0.00343513488769531
0.044647216796875 0.0309715270996094 -0.00905895233154296 -0.0125017166137695
0.002838134765625 0.0607795715332031 0.00227928161621094 -0.0170459747314453
-0.031463623046875 0.064239501953125 0.0121726989746094 -0.000636100769042965
-0.0581703186035156 0.0432357788085937 -0.00677967071533204 0.0112848281860352
-0.0668106079101563 0.0207633972167969 -0.0105361938476563 0.0413475036621094
-0.0519027709960938 0.0421180725097656 -0.0232772827148438 0.043121337890625
-0.0254364013671875 0.0606536865234375 -0.00981903076171876 0.03936767578125
0.0191268920898438 0.0563316345214844 0.00929832458496094 0.0320072174072266
0.0426521301269531 0.02667236328125 0.011927604675293 0.0147037506103516
0.0498199462890625 -0.00970840454101563 0.00800228118896485 0.00423717498779297
0.0366439819335938 -0.0299797058105469 0.000207901000976565 0.0036773681640625
0.0326194763183594 -0.0294094085693359 -0.00709247589111328 0.0101566314697266
0.0362129211425781 -0.0346527099609375 -0.0128717422485352 0.0164604187011719
0.0439262390136719 -0.0242958068847656 -0.020751953125 0.00900650024414062
0.0502243041992187 0.00392913818359375 -0.0259323120117188 0.002105712890625
0.040069580078125 0.03057861328125 -0.0153350830078125 -0.0103559494018555
-0.00169754028320313 0.0569190979003906 -0.00118446350097656 -0.0143346786499023
-0.0348777770996094 0.0553245544433594 0.00488567352294922 0.0089559555053711
-0.0574264526367188 0.0308647155761719 -0.0266838073730469 0.0203819274902344
-0.05133056640625 0.00316238403320313 -0.0326385498046875 0.04425048828125
-0.0449790954589844 0.0230140686035156 -0.0361289978027344 0.04571533203125
-0.0272064208984375 0.0424766540527344 -0.0157127380371094 0.0375823974609375
0.0090789794921875 0.0456275939941406 -0.00182342529296875 0.0280551910400391
0.0311565399169922 0.0237636566162109 -0.000959396362304685 0.0150737762451172
0.0407638549804688 -0.00536346435546875 -0.00513267517089843 0.012721061706543
0.0302009582519531 -0.0229015350341797 -0.00937271118164062 0.0174779891967773
0.0270042419433594 -0.0228004455566406 -0.0132598876953125 0.0228767395019531
0.0306072235107422 -0.0276355743408203 -0.0197105407714844 0.0287227630615234
0.0362167358398438 -0.0191383361816406 -0.0300045013427734 0.0186367034912109
0.04168701171875 0.0045623779296875 -0.0341110229492188 0.00663566589355469
0.0318260192871094 0.0270652770996094 -0.0224208831787109 -0.00979232788085937
-0.00710296630859375 0.0468673706054687 -0.00424003601074219 -0.0130033493041992
-0.0353851318359375 0.0399894714355469 -0.00182342529296875 0.0160655975341797
-0.0497665405273438 0.0148811340332031 -0.0459861755371094 0.0254478454589844
-0.0275135040283203 -0.0146312713623047 -0.044952392578125 0.0423316955566406
-0.0303459167480469 0.000665664672851565 -0.0417366027832031 0.0441246032714844
-0.0229053497314453 0.0172195434570312 -0.0177726745605469 0.0325660705566406
-0.00127220153808594 0.0261116027832031 -0.009063720703125 0.0234298706054687
0.0147066116333008 0.0160408020019531 -0.00969982147216797 0.0149374008178711
0.0237712860107422 -0.0011138916015625 -0.0141029357910156 0.0188522338867188
0.0189876556396484 -0.0117301940917969 -0.0155124664306641 0.0271034240722656
0.0171947479248047 -0.0129241943359375 -0.0175266265869141 0.0322132110595703
0.0201301574707031 -0.0163497924804688 -0.0249862670898437 0.0365180969238281
0.0242347717285156 -0.0120067596435547 -0.0378036499023438 0.0247459411621094
0.0286102294921875 0.00367927551269531 -0.0403556823730469 0.00958251953125001
0.0212287902832031 0.0194454193115234 -0.0276813507080078 -0.0100803375244141
-0.00933074951171875 0.0325946807861328 -0.00823402404785156 -0.0135211944580078
-0.0302677154541016 0.0215950012207031 -0.0101118087768555 0.017430305480957
-0.0359230041503906 -0.00339889526367187 -0.0608482360839844 0.0239181518554688
0.0100173950195313 0.0177230834960938 0.0649375915527344 -0.0266151428222656
0.0196189880371094 -0.00252723693847656 0.0191440582275391 -0.0152301788330078
0.00256252288818359 -0.0134210586547852 0.00790214538574219 0.0136117935180664
-0.00837564468383789 -0.00835990905761719 0.0344963073730469 0.0163784027099609
-0.0111017227172852 -0.000382423400878907 0.0456962585449219 -0.00857925415039062
-0.00839567184448242 0.00606155395507812 0.0395584106445313 -0.0350303649902344
-0.00535297393798828 0.00352001190185547 0.0251579284667969 -0.0466880798339844
-0.00726079940795898 0.00123167037963867 0.0160331726074219 -0.0400238037109375
-0.00765752792358398 -0.000221729278564455 0.0149726867675781 -0.0326900482177734
-0.00456666946411133 -0.00595235824584961 0.0160350799560547 -0.0251674652099609
0.00197505950927734 -0.0100498199462891 0.0133152008056641 -0.0199432373046875
0.0121393203735352 -0.00507831573486328 0.01434326171875 -0.0224819183349609
0.0173768997192383 0.00795173645019531 0.0216178894042969 -0.0312900543212891
0.0134716033935547 0.0226802825927734 0.0380401611328125 -0.0436515808105469
0.00129127502441406 0.028961181640625 0.0484390258789063 -0.0390090942382813
-0.0145931243896484 0.0341167449951172 0.0660514831542969 -0.0163612365722656
0.00767707824707031 0.0197849273681641 0.0212306976318359 -0.00681114196777344
0.00364875793457031 0.00932693481445313 0.0102729797363281 0.0183868408203125
0.00609159469604492 0.00577735900878906 0.0384330749511719 0.0190849304199219
0.00677633285522461 0.00268697738647461 0.0478477478027344 -0.007232666015625
0.0087733268737793 -0.00280666351318359 0.0409393310546875 -0.0340919494628906
0.00713253021240234 -0.0100889205932617 0.0254364013671875 -0.0459861755371094
0.00581169128417969 -0.0118379592895508 0.0150108337402344 -0.0390739440917969
0.00749778747558594 -0.0148181915283203 0.0131454467773437 -0.0309486389160156
0.0145540237426758 -0.0138359069824219 0.0137691497802734 -0.0257892608642578
0.0224609375 -0.00425338745117188 0.0089263916015625 -0.0189456939697266
0.024993896484375 0.0115699768066406 0.0109386444091797 -0.0201091766357422
0.0123138427734375 0.0311298370361328 0.0172443389892578 -0.0286617279052734
-0.0035400390625 0.0434608459472656 0.0319099426269531 -0.0368232727050781
-0.0218009948730469 0.0426979064941406 0.0422592163085938 -0.0292625427246094
-0.0377540588378906 0.043487548828125 0.05816650390625 -0.0010223388671875
-0.00953292846679688 0.0409622192382812 0.0182094573974609 0.00623512268066407
0.00185012817382812 0.03515625 0.0102596282958984 0.0257053375244141
0.0191516876220703 0.0234088897705078 0.03826904296875 0.0236930847167969
0.0251846313476563 0.00766372680664063 0.0461006164550781 -0.00222396850585937
0.0259418487548828 -0.0100898742675781 0.0389595031738281 -0.0298881530761719
0.0194377899169922 -0.0242538452148438 0.0225181579589844 -0.0398902893066406
0.01763916015625 -0.0237236022949219 0.0112934112548828 -0.0320796966552734
0.0208301544189453 -0.0277233123779297 0.00788307189941406 -0.0235805511474609
0.0302200317382813 -0.0215473175048828 0.00756454467773438 -0.021026611328125
0.0398788452148437 -0.002105712890625 0.0019216537475586 -0.0156660079956055
0.0374069213867188 0.0216636657714844 0.005340576171875 -0.0185356140136719
0.0106239318847656 0.0493392944335937 0.0104732513427734 -0.0253810882568359
-0.014495849609375 0.0605545043945313 0.0238761901855469 -0.0264377593994141
-0.0390663146972656 0.051910400390625 0.0296115875244141 -0.0171241760253906
-0.05828857421875 0.0464286804199219 0.0417900085449219 0.0160408020019531
-0.0277862548828125 0.0544624328613281 0.00850296020507812 0.0209808349609375
-0.00304412841796875 0.0564422607421875 0.00622177124023438 0.0332088470458984
0.0299606323242188 0.0406455993652344 0.0333957672119141 0.0292015075683594
0.0406150817871094 0.0133209228515625 0.0389022827148438 0.00391387939453125
0.0417098999023438 -0.0153923034667969 0.0325946807861328 -0.0200405120849609
0.0285758972167969 -0.0320510864257813 0.0174579620361328 -0.0286197662353516
0.0264892578125 -0.031707763671875 0.00617408752441407 -0.0201740264892578
0.0298385620117188 -0.0367355346679688 0.00242137908935547 -0.0118007659912109
0.0405464172363281 -0.0281829833984375 -0.00181102752685547 -0.01220703125
0.0505409240722656 -0.00189590454101563 -0.00786685943603515 -0.00977516174316406
0.0459403991699219 0.0258636474609375 -0.00181770324707031 -0.0158672332763672
0.0107307434082031 0.059173583984375 0.00522994995117188 -0.0217857360839844
-0.0212821960449219 0.0686759948730469 0.0175266265869141 -0.0148935317993164
-0.0506401062011719 0.0540428161621094 0.0128192901611328 -0.00321578979492187
-0.068023681640625 0.04058837890625 0.0169200897216797 0.0321388244628906
-0.0423851013183594 0.0581779479980469 -0.00584030151367188 0.0353279113769531
-0.0122489929199219 0.0683021545410156 -0.000312805175781247 0.0389976501464844
0.0301856994628906 0.0538368225097656 0.0240325927734375 0.0327396392822266
0.0488090515136719 0.0206756591796875 0.02679443359375 0.0103511810302734
0.0504875183105469 -0.0165176391601563 0.0212440490722656 -0.00785255432128906
0.0344123840332031 -0.0361518859863281 0.00935173034667969 -0.0125875473022461
0.031219482421875 -0.0343875885009766 -0.000880241394042967 -0.00548315048217774
0.035125732421875 -0.0405731201171875 -0.00461292266845703 0.00315427780151367
0.0446510314941406 -0.0305633544921875 -0.0114450454711914 -0.000623703002929691
0.055419921875 -0.00159454345703125 -0.0176105499267578 -0.00282859802246094
0.0475997924804688 0.0284194946289063 -0.00919246673583984 -0.0124750137329102
0.00819015502929687 0.0617523193359375 0.00171852111816406 -0.0179386138916016
-0.0269622802734375 0.0682029724121094 0.0120820999145508 -0.00200843811035156
-0.0560951232910156 0.0483016967773437 -0.00650405883789063 0.0103940963745117
-0.0663261413574219 0.0262565612792969 -0.00792694091796876 0.0432357788085937
-0.0496177673339844 0.0470123291015625 -0.02117919921875 0.0459175109863281
-0.0211105346679687 0.0639457702636719 -0.008056640625 0.0405044555664063
0.0240478515625 0.0558700561523438 0.0108604431152344 0.0325050354003906
0.0456695556640625 0.0244216918945313 0.0131101608276367 0.0145645141601563
0.0503654479980469 -0.0138816833496094 0.00927257537841797 0.00374412536621094
0.0350170135498047 -0.0338573455810547 0.000301599502563479 0.00373506546020508
0.03082275390625 -0.0323219299316406 -0.00641441345214844 0.0107574462890625
0.0340957641601563 -0.0380134582519531 -0.0122604370117188 0.0177288055419922
0.0424842834472656 -0.0285530090332031 -0.0207977294921875 0.0105724334716797
0.0516395568847656 -0.00012969970703125 -0.0262432098388672 0.00373649597167969
0.0434761047363281 0.0275115966796875 -0.0163774490356445 -0.00962448120117188
0.00261688232421876 0.0581092834472656 -0.00149059295654297 -0.0141115188598633
-0.0311508178710938 0.0586471557617187 0.00634145736694336 0.00871658325195313
-0.05615234375 0.0354461669921875 -0.0257720947265625 0.0216808319091797
-0.0518379211425781 0.00659179687500001 -0.0314064025878906 0.0482826232910156
-0.0440406799316406 0.027435302734375 -0.0342178344726563 0.0493659973144531
-0.0248489379882813 0.04541015625 -0.0144157409667969 0.0386848449707031
0.0129165649414063 0.0455856323242188 -0.000728607177734374 0.0281753540039063
0.0341663360595703 0.0217781066894531 -0.000283241271972654 0.0157403945922852
0.0415496826171875 -0.00898361206054688 -0.00382423400878906 0.0141134262084961
0.0296897888183594 -0.0256843566894531 -0.00838851928710938 0.0187187194824219
0.0245475769042969 -0.0250205993652344 -0.0117683410644531 0.0244655609130859
0.02825927734375 -0.0303688049316406 -0.0178794860839844 0.0306720733642578
0.0351524353027344 -0.02252197265625 -0.0291461944580078 0.0209369659423828
0.0427436828613281 0.00141525268554688 -0.0346088409423828 0.00984764099121093
0.0342788696289063 0.0243206024169922 -0.0230445861816406 -0.00891494750976563
-0.00280380249023437 0.0478515625 -0.00518512725830078 -0.0135765075683594
-0.0324211120605469 0.0431861877441406 -0.00124168395996094 0.0157957077026367
-0.0500106811523438 0.018218994140625 -0.0444793701171875 0.0284500122070312
-0.0291328430175781 -0.0127983093261719 -0.0433540344238281 0.0474700927734375
-0.0308151245117188 0.00341033935546875 -0.0401573181152344 0.0479583740234375
-0.0220355987548828 0.0192222595214844 -0.0165348052978516 0.0343952178955078
0.000762939453125002 0.0273151397705078 -0.00853919982910156 0.0248527526855469
0.0166139602661133 0.0151910781860352 -0.00903320312499999 0.0168209075927734
0.0241355895996094 -0.00349235534667969 -0.01226806640625 0.0199756622314453
0.0184898376464844 -0.0137290954589844 -0.0137653350830078 0.0283126831054688
0.0159749984741211 -0.0144777297973633 -0.0154781341552734 0.0342655181884766
0.0195178985595703 -0.0183315277099609 -0.0231208801269531 0.0392303466796875
0.0236549377441406 -0.0143833160400391 -0.036376953125 0.0287551879882813
0.0294857025146484 0.00188827514648438 -0.0405616760253906 0.0122451782226563
0.0230388641357422 0.0183906555175781 -0.0291671752929688 -0.00810623168945312
-0.00658798217773438 0.0333747863769531 -0.008819580078125 -0.0127973556518555
-0.0285930633544922 0.0248146057128906 -0.00892448425292969 0.0184116363525391
-0.0362510681152344 -0.00156402587890625 -0.0609893798828125 0.0286407470703125
0.0116195678710938 0.0182323455810547 0.0636062622070313 -0.0301856994628906
0.0177650451660156 -0.00265693664550781 0.0183906555175781 -0.0175075531005859
0.001922607421875 -0.013707160949707 0.00939750671386719 0.01446533203125
-0.00976181030273438 -0.00750541687011719 0.0355072021484375 0.014251708984375
-0.0110387802124023 -0.000648498535156251 0.0445213317871094 -0.0117721557617188
-0.0070791244506836 0.00763177871704102 0.0353012084960938 -0.038055419921875
-0.00554227828979492 0.0028986930847168 0.0224151611328125 -0.0474586486816406
-0.00666046142578125 0.000916004180908204 0.0127220153808594 -0.0413665771484375
-0.00866127014160156 0.000478267669677733 0.0125617980957031 -0.0352745056152344
-0.00481462478637695 -0.00502920150756836 0.0144023895263672 -0.0266036987304688
0.000887870788574219 -0.00971126556396484 0.0109443664550781 -0.0212936401367188
0.0108413696289063 -0.00548076629638672 0.0123291015625 -0.0237827301025391
0.0174627304077148 0.007232666015625 0.0213699340820313 -0.03173828125
0.0144500732421875 0.0219936370849609 0.0355072021484375 -0.0450630187988281
0.00248146057128906 0.0291194915771484 0.04669189453125 -0.0417060852050781
-0.0114192962646484 0.0337200164794922 0.0643272399902344 -0.018768310546875
0.00970268249511719 0.0190277099609375 0.0199413299560547 -0.00872421264648437
0.00483417510986328 0.00914764404296875 0.0116043090820313 0.018310546875
0.00561332702636719 0.0056610107421875 0.0392684936523438 0.0168304443359375
0.00757074356079102 0.0020451545715332 0.0468482971191406 -0.00764083862304687
0.00935173034667969 -0.00459098815917969 0.0375633239746094 -0.0365180969238281
0.0057525634765625 -0.0116548538208008 0.0212669372558594 -0.0472412109375
0.00528240203857422 -0.012181282043457 0.0124740600585937 -0.0396385192871094
0.00744152069091797 -0.0160350799560547 0.0117759704589844 -0.0314712524414063
0.0130939483642578 -0.0155696868896484 0.0124835968017578 -0.0259170532226563
0.0217914581298828 -0.00538444519042969 0.00696754455566406 -0.0202674865722656
0.0264701843261719 0.00922966003417969 0.0107917785644531 -0.0212364196777344
0.0141963958740234 0.0304641723632813 0.0147495269775391 -0.0294456481933594
-0.00109481811523437 0.0437774658203125 0.0295906066894531 -0.0378074645996094
-0.0203094482421875 0.0440788269042969 0.0415534973144531 -0.0328102111816406
-0.0361061096191406 0.0467300415039062 0.0583305358886719 -0.00493240356445312
-0.00697708129882813 0.0402679443359375 0.0190658569335938 0.00427818298339844
0.00378227233886719 0.0345973968505859 0.0117149353027344 0.0239925384521484
0.0208663940429687 0.0223445892333984 0.038665771484375 0.0223159790039062
0.0249748229980469 0.00560760498046875 0.0448760986328125 -0.00391387939453125
0.0260581970214844 -0.0123348236083984 0.036773681640625 -0.0307655334472656
0.0175933837890625 -0.0247421264648438 0.0200576782226563 -0.0406341552734375
0.0163612365722656 -0.0248775482177734 0.00837898254394531 -0.0320301055908203
0.0189056396484375 -0.0282478332519531 0.00640487670898437 -0.0238361358642578
0.0283756256103516 -0.0236644744873047 0.00502395629882813 -0.0218925476074219
0.0380096435546875 -0.00539016723632813 0.000134468078613284 -0.0165386199951172
0.0391578674316406 0.018463134765625 0.00460243225097657 -0.01953125
0.01373291015625 0.0472030639648438 0.00995063781738281 -0.0257740020751953
-0.00925064086914062 0.0611038208007812 0.0222129821777344 -0.0275287628173828
-0.0370292663574219 0.0548667907714844 0.0287322998046875 -0.0187549591064453
-0.054534912109375 0.0502243041992187 0.0415382385253906 0.0119743347167969
-0.0226554870605469 0.0558891296386719 0.00988578796386719 0.0198154449462891
0.000854492187499997 0.0568656921386719 0.00711441040039062 0.0338878631591797
0.0316543579101563 0.0380134582519531 0.0347709655761719 0.0268669128417969
0.0428085327148438 0.0110359191894531 0.0399169921875 0.002471923828125
0.0407485961914063 -0.0188179016113281 0.0318984985351563 -0.0221710205078125
0.0272941589355469 -0.0348415374755859 0.0158195495605469 -0.0293750762939453
0.0253562927246094 -0.0330677032470703 0.00464820861816406 -0.0201683044433594
0.0273666381835938 -0.0387802124023438 0.000966072082519533 -0.00991535186767578
0.0371246337890625 -0.0308151245117187 -0.00344371795654297 -0.013249397277832
0.050933837890625 -0.0062255859375 -0.0086984634399414 -0.00897502899169922
0.0474929809570313 0.0234031677246094 -0.00260066986083984 -0.0162553787231445
0.0141487121582031 0.057373046875 0.00515937805175781 -0.0229759216308594
-0.0172996520996094 0.0684165954589844 0.0181121826171875 -0.0166206359863281
-0.0467758178710937 0.0570220947265625 0.0116033554077148 -0.00417137145996093
-0.0657768249511719 0.0451164245605469 0.0186367034912109 0.0314655303955078
-0.0383758544921875 0.0595703125 -0.00260543823242188 0.0360832214355469
-0.00738143920898437 0.0681610107421875 0.00185012817382813 0.0397262573242188
0.0339241027832031 0.0510063171386719 0.024932861328125 0.0314445495605469
0.0485610961914063 0.0162239074707031 0.0277824401855469 0.00848960876464844
0.0480270385742188 -0.0209274291992188 0.0221729278564453 -0.00912284851074219
0.0321273803710938 -0.0389251708984375 0.00764560699462891 -0.0130691528320313
0.0282783508300781 -0.0360870361328125 -0.00122213363647461 -0.00597763061523438
0.0322761535644531 -0.0440216064453125 -0.0034632682800293 0.00308728218078613
0.0419654846191406 -0.032806396484375 -0.0127277374267578 0.000710487365722656
0.0560111999511719 -0.00532913208007813 -0.0181617736816406 -0.000875473022460939
0.0507698059082031 0.0248756408691406 -0.0101442337036133 -0.0124750137329102
0.0118637084960937 0.0607032775878906 -5.9127807617187E-05 -0.0171957015991211
-0.0223159790039062 0.0692405700683594 0.0119562149047852 -0.00383663177490234
-0.0528984069824219 0.0520896911621094 -0.00534725189208985 0.00979423522949219
-0.06365966796875 0.0306434631347656 -0.00534439086914063 0.0436058044433594
-0.046051025390625 0.04986572265625 -0.0182991027832031 0.0458602905273438
-0.0157737731933594 0.0659713745117188 -0.0067596435546875 0.0411643981933594
0.0281600952148438 0.0546417236328125 0.0124626159667969 0.031707763671875
0.0474357604980469 0.0215072631835938 0.0128231048583984 0.0142621994018555
0.0483779907226562 -0.0184783935546875 0.00937175750732422 0.00403213500976562
0.0326919555664063 -0.036529541015625 0.000536441802978518 0.00439596176147461
0.0287952423095703 -0.0346755981445313 -0.00434398651123047 0.0102205276489258
0.0312385559082031 -0.0411338806152344 -0.0110301971435547 0.0178699493408203
0.0400886535644531 -0.0308303833007812 -0.0210990905761719 0.0118980407714844
0.0510635375976563 -0.00440597534179688 -0.0262641906738281 0.00501441955566407
0.0455284118652344 0.0247039794921875 -0.0159740447998047 -0.00861549377441406
0.007293701171875 0.0582122802734375 -0.00276756286621094 -0.0151519775390625
-0.0263442993164063 0.0603790283203125 0.00673484802246094 0.00796222686767579
-0.05279541015625 0.0391921997070313 -0.0252552032470703 0.0218963623046875
-0.0509757995605469 0.0102005004882813 -0.028533935546875 0.0498275756835938
-0.042816162109375 0.0306053161621094 -0.0319709777832031 0.0502433776855469
-0.0208206176757813 0.0470428466796875 -0.0135002136230469 0.0391159057617188
0.0157890319824219 0.0434455871582031 0.000778198242187503 0.0268077850341797
0.0353355407714844 0.0195579528808594 0.000942230224609377 0.0176219940185547
0.0404548645019531 -0.0124969482421875 -0.00188350677490234 0.0139274597167969
0.0276851654052734 -0.0267333984375 -0.00658607482910156 0.0193519592285156
0.0227508544921875 -0.02734375 -0.00957679748535156 0.0238323211669922
0.0256099700927734 -0.0328865051269531 -0.0155448913574219 0.0309791564941406
0.0336341857910156 -0.0251731872558594 -0.0274314880371094 0.0226707458496094
0.0439491271972656 -0.00360488891601563 -0.0339012145996094 0.0116901397705078
0.036773681640625 0.0224800109863281 -0.0226593017578125 -0.00762939453124999
-0.00048828125 0.0487709045410156 -0.00543975830078125 -0.0136232376098633
-0.0277252197265625 0.0461273193359375 -0.000556945800781252 0.0164737701416016
-0.0477485656738281 0.0219306945800781 -0.0431022644042969 0.0289955139160156
-0.0286483764648437 -0.0105247497558594 -0.0406455993652344 0.0507926940917969
-0.0308589935302734 0.00478553771972656 -0.037567138671875 0.0511436462402344
-0.0202598571777344 0.0206737518310547 -0.015625 0.0348396301269531
0.00305557250976562 0.0260353088378906 -0.00771903991699219 0.0250396728515625
0.0182456970214844 0.0136318206787109 -0.00850868225097656 0.0184879302978516
0.0244235992431641 -0.00549888610839844 -0.0111637115478516 0.0208873748779297
0.0184001922607422 -0.0147609710693359 -0.0116062164306641 0.0288543701171875
0.0152387619018555 -0.0159368515014648 -0.0119476318359375 0.0342674255371094
0.0167999267578125 -0.0205135345458984 -0.0194816589355469 0.0399169921875
0.0225944519042969 -0.0151500701904297 -0.0332412719726563 0.0303611755371094
0.0292415618896484 -0.0004425048828125 -0.0372695922851563 0.0139656066894531
0.0245304107666016 0.0176658630371094 -0.0290603637695312 -0.00688743591308594
-0.00459098815917969 0.0339069366455078 -0.0103216171264648 -0.0125637054443359
-0.0259723663330078 0.0259552001953125 -0.00769996643066406 0.0178680419921875
-0.0349349975585938 0.000804901123046871 -0.0589599609375 0.0318183898925781
0.0111846923828125 0.0170688629150391 0.0609207153320312 -0.0319900512695313
0.0182285308837891 -0.00424003601074219 0.0172977447509766 -0.0167264938354492
0.00132656097412109 -0.0128326416015625 0.00888538360595703 0.0139980316162109
-0.00957870483398438 -0.0075836181640625 0.0355033874511719 0.0130424499511719
-0.0102167129516602 0.00116825103759766 0.0431480407714844 -0.0123977661132813
-0.00781536102294922 0.00689363479614258 0.0347442626953125 -0.0377159118652344
-0.00438261032104492 0.0035402774810791 0.0199012756347656 -0.0475845336914063
-0.00594043731689453 0.00197982788085937 0.0113716125488281 -0.0409660339355469
-0.00684881210327148 0.000316619873046875 0.0105018615722656 -0.0339698791503906
-0.00479936599731445 -0.00490283966064453 0.0122413635253906 -0.0259971618652344
0.00130081176757813 -0.00924301147460938 0.0102252960205078 -0.021697998046875
0.0109939575195312 -0.00634098052978516 0.0126476287841797 -0.0245761871337891
0.0170326232910156 0.00559520721435547 0.0199317932128906 -0.031890869140625
0.0145950317382813 0.0205707550048828 0.0343704223632813 -0.0452499389648438
0.00437736511230469 0.0286579132080078 0.0453071594238281 -0.0433807373046875
-0.0115432739257812 0.0341415405273438 0.0630836486816406 -0.0214767456054687
0.00819778442382813 0.0185985565185547 0.0200538635253906 -0.00911712646484375
0.00542926788330078 0.00951862335205078 0.0115489959716797 0.0182628631591797
0.00672721862792969 0.00547361373901367 0.0390548706054688 0.0161476135253906
0.00709056854248047 0.00202322006225586 0.0455207824707031 -0.0105438232421875
0.00833368301391602 -0.00347614288330078 0.0365028381347656 -0.0370635986328125
0.00541496276855469 -0.0113592147827148 0.0193862915039063 -0.0470314025878906
0.00527286529541016 -0.0122089385986328 0.00978469848632813 -0.0391120910644531
0.00583076477050781 -0.0146656036376953 0.0094451904296875 -0.0320205688476563
0.012852668762207 -0.0144052505493164 0.00991439819335937 -0.0262107849121094
0.0215797424316406 -0.00614166259765625 0.00684165954589844 -0.0204925537109375
0.0258388519287109 0.00768852233886719 0.0103282928466797 -0.0223274230957031
0.0139884948730469 0.0291423797607422 0.0150604248046875 -0.0294094085693359
0.000839233398437503 0.0434608459472656 0.0290298461914063 -0.03924560546875
-0.0172195434570313 0.0440673828125 0.03961181640625 -0.0343666076660156
-0.03289794921875 0.0467491149902344 0.057342529296875 -0.00666427612304687
-0.00534439086914063 0.0402793884277344 0.016972541809082 0.0036001205444336
0.00591468811035156 0.0346717834472656 0.0105056762695313 0.0247745513916016
0.0217266082763672 0.0209903717041016 0.039215087890625 0.0199737548828125
0.0258998870849609 0.00473594665527344 0.0447578430175781 -0.00608062744140625
0.0249538421630859 -0.0135765075683594 0.0352706909179688 -0.0319328308105469
0.016265869140625 -0.0255069732666016 0.0175514221191406 -0.0408859252929687
0.0155849456787109 -0.0246353149414062 0.00699806213378907 -0.0323715209960938
0.0170478820800781 -0.0298118591308594 0.00524711608886719 -0.0233974456787109
0.0265350341796875 -0.024749755859375 0.00391006469726563 -0.0209560394287109
0.0386314392089844 -0.00622177124023438 -0.00079822540283203 -0.0165176391601562
0.0389328002929688 0.0165634155273438 0.00434303283691406 -0.0202445983886719
0.01513671875 0.0465812683105469 0.00968360900878906 -0.0262031555175781
-0.00751876831054687 0.0604629516601563 0.0224456787109375 -0.0286884307861328
-0.0343170166015625 0.054168701171875 0.0278472900390625 -0.0213871002197266
-0.0514717102050781 0.0511856079101563 0.0421218872070312 0.0109939575195313
-0.0209999084472656 0.0556106567382813 0.0102577209472656 0.018829345703125
0.00289535522460938 0.0557174682617188 0.00813865661621094 0.0326728820800781
0.0337867736816406 0.0366859436035156 0.0339889526367188 0.0264377593994141
0.0418243408203125 0.00902557373046875 0.0381698608398438 0.00141525268554688
0.0384788513183594 -0.0203208923339844 0.0304336547851563 -0.0224132537841797
0.0248737335205078 -0.0349941253662109 0.0141468048095703 -0.0287456512451172
0.0227031707763672 -0.0337181091308594 0.0029754638671875 -0.0205783843994141
0.0244598388671875 -0.0394096374511719 0.000645637512207034 -0.0121135711669922
0.0355300903320313 -0.0322494506835938 -0.00443077087402344 -0.0123176574707031
0.0496826171875 -0.00777053833007813 -0.00965309143066406 -0.00949668884277344
0.0484085083007813 0.0205268859863281 -0.00288581848144531 -0.0162973403930664
0.0169334411621094 0.0563774108886719 0.00391578674316406 -0.0227565765380859
-0.01373291015625 0.0687599182128906 0.0165290832519531 -0.0169210433959961
-0.0437736511230469 0.0575675964355469 0.0123224258422852 -0.00631332397460937
-0.0620765686035156 0.047149658203125 0.0201568603515625 0.0285758972167969
-0.0354080200195312 0.0595283508300781 -0.00267601013183594 0.0344333648681641
-0.00431060791015625 0.0680770874023438 0.00153350830078125 0.0385589599609375
0.0362815856933594 0.0485610961914063 0.0251388549804688 0.0306816101074219
0.0496444702148438 0.0144615173339844 0.0276851654052734 0.00899696350097656
0.0471000671386719 -0.0220909118652344 0.0213680267333984 -0.0101432800292969
0.0302314758300781 -0.0394668579101563 0.0080709457397461 -0.0125894546508789
0.0261039733886719 -0.0377235412597656 -0.00139331817626953 -0.00535821914672852
0.0288238525390625 -0.0439605712890625 -0.00472211837768555 0.00277423858642578
0.0392074584960938 -0.0351219177246094 -0.0125045776367187 0.000601768493652343
0.0540504455566406 -0.00834274291992188 -0.0177021026611328 -0.000993728637695316
0.0501060485839844 0.0214195251464844 -0.0090951919555664 -0.0122928619384766
0.0144271850585937 0.0588836669921875 0.000530242919921876 -0.0179767608642578
-0.0179061889648438 0.0689964294433594 0.0121364593505859 -0.00337600708007812
-0.0497016906738281 0.0528945922851563 -0.00504589080810547 0.00907993316650391
-0.0613746643066406 0.0331878662109375 -0.0032501220703125 0.0428733825683594
-0.0431442260742188 0.0507469177246094 -0.0168266296386719 0.0459098815917969
-0.0139503479003906 0.0650863647460938 -0.005828857421875 0.040618896484375
0.0303611755371094 0.051300048828125 0.0121383666992188 0.0314559936523438
0.04730224609375 0.0185012817382813 0.0139064788818359 0.0144405364990234
0.0469245910644531 -0.0199432373046875 0.00975990295410157 0.00339031219482422
0.0298843383789063 -0.0364418029785156 0.000540733337402345 0.00401043891906738
0.0264968872070313 -0.0350456237792969 -0.00562286376953125 0.0106678009033203
0.0287094116210938 -0.0418930053710938 -0.00996589660644531 0.01812744140625
0.0374488830566406 -0.0326118469238281 -0.0205440521240234 0.0120143890380859
0.0511703491210938 -0.00673294067382813 -0.0255336761474609 0.00638961791992187
0.046234130859375 0.0219306945800781 -0.0163936614990234 -0.0096588134765625
0.00941848754882813 0.0561752319335938 -0.00261974334716797 -0.0143613815307617
-0.0229644775390625 0.0603485107421875 0.00677919387817383 0.00704002380371094
-0.0508842468261719 0.0404891967773437 -0.0230827331542969 0.0219039916992188
-0.048492431640625 0.0137405395507812 -0.0249290466308594 0.0505332946777344
-0.0402336120605469 0.0309371948242188 -0.0300407409667969 0.0512542724609375
-0.0189208984375 0.0472564697265625 -0.0121994018554687 0.039459228515625
0.0182456970214844 0.0431137084960938 0.00140190124511719 0.0293540954589844
0.0353240966796875 0.0169754028320313 0.0016927719116211 0.0166826248168945
0.0384292602539063 -0.0135307312011719 -0.00111770629882812 0.0132579803466797
0.0248012542724609 -0.0277481079101563 -0.00552940368652343 0.0188865661621094
0.0221691131591797 -0.0271377563476562 -0.00906753540039063 0.0247116088867188
0.0245380401611328 -0.0327434539794922 -0.0138683319091797 0.0309925079345703
0.0308265686035156 -0.0255260467529297 -0.0270862579345703 0.0228633880615234
0.0418281555175781 -0.0041351318359375 -0.0324954986572266 0.0126457214355469
0.0371589660644531 0.0207176208496094 -0.0223255157470703 -0.00658035278320312
0.00296783447265625 0.0463218688964844 -0.00549602508544922 -0.0125446319580078
-0.0257072448730469 0.0448379516601563 0.000600814819335938 0.0146903991699219
-0.0461845397949219 0.0224037170410156 -0.0412178039550781 0.0316429138183594
-0.0285263061523438 -0.00843048095703125 -0.0380744934082031 0.0513648986816406
-0.0280799865722656 0.00616455078125 -0.0351982116699219 0.0507164001464844
-0.0189895629882813 0.021636962890625 -0.0145645141601563 0.0349311828613281
0.0048675537109375 0.0255069732666016 -0.00708961486816406 0.0263442993164062
0.0179347991943359 0.0127220153808594 -0.00728034973144531 0.0179309844970703
0.0226936340332031 -0.00683212280273437 -0.00860404968261719 0.0204582214355469
0.0153961181640625 -0.0156488418579102 -0.0109424591064453 0.0293331146240234
0.0140047073364258 -0.0165882110595703 -0.0116405487060547 0.0335254669189453
0.0164279937744141 -0.0204734802246094 -0.0183525085449219 0.0399665832519531
0.0206947326660156 -0.0169544219970703 -0.0325832366943359 0.0307750701904297
0.0288810729980469 -0.00193214416503906 -0.0382728576660156 0.0158424377441406
0.0243816375732422 0.0150890350341797 -0.0274066925048828 -0.00577354431152344
-0.00225067138671875 0.0331859588623047 -0.00992202758789062 -0.0126495361328125
-0.0249042510986328 0.02520751953125 -0.00702571868896484 0.0172491073608398
-0.0355339050292969 0.00221633911132812 -0.05596923828125 0.0325126647949219
0.011225700378418 0.0159626007080078 0.060272216796875 -0.0340995788574219
0.0178451538085938 -0.00421714782714844 0.0163984298706055 -0.0171899795532227
0.00173854827880859 -0.0127334594726563 0.00862216949462891 0.0138769149780273
-0.0093088150024414 -0.006866455078125 0.0354194641113281 0.0128326416015625
-0.00995445251464844 0.00120162963867188 0.0430259704589844 -0.0126838684082031
-0.00697994232177735 0.00703954696655273 0.0336647033691406 -0.0375785827636719
-0.00462245941162109 0.00395822525024414 0.0188713073730469 -0.04766845703125
-0.00606012344360352 0.00263023376464844 0.0106887817382813 -0.0399208068847656
-0.00715494155883789 0.00122213363647461 0.0101699829101563 -0.0336704254150391
-0.00512886047363281 -0.00469732284545899 0.0114307403564453 -0.0261669158935547
0.00108528137207031 -0.00841569900512695 0.00985145568847657 -0.0223731994628906
0.00999641418457031 -0.00654506683349609 0.0125865936279297 -0.0254344940185547
0.0167121887207031 0.00525093078613281 0.0206356048583984 -0.0319938659667969
0.0146236419677734 0.0202178955078125 0.0341453552246094 -0.0459671020507813
0.00416374206542969 0.0280036926269531 0.044830322265625 -0.0448493957519531
-0.0110015869140625 0.0337696075439453 0.0630302429199219 -0.0229988098144531
0.00880050659179688 0.0186882019042969 0.0194721221923828 -0.00950241088867187
0.00592803955078125 0.00997543334960937 0.0112438201904297 0.0186729431152344
0.00694704055786133 0.0050811767578125 0.0386428833007813 0.0154647827148438
0.00783777236938477 0.00190448760986328 0.0452423095703125 -0.0105857849121094
0.00854253768920899 -0.00428581237792969 0.0358543395996094 -0.0373382568359375
0.00571632385253906 -0.0118637084960938 0.0188827514648437 -0.0471534729003906
0.00430965423583984 -0.0120010375976563 0.00888824462890625 -0.0385627746582031
0.00537681579589844 -0.0149860382080078 0.00840377807617187 -0.0318832397460938
0.0128679275512695 -0.0150537490844727 0.008453369140625 -0.0266227722167969
0.0214500427246094 -0.00638771057128906 0.00591850280761719 -0.0211029052734375
0.0255985260009766 0.00785064697265625 0.0101146697998047 -0.0232906341552734
0.0147743225097656 0.0288505554199219 0.0151958465576172 -0.0290603637695312
0.00139999389648437 0.0429878234863281 0.0289382934570313 -0.0387039184570313
-0.0168495178222656 0.0440483093261719 0.0394325256347656 -0.0361480712890625
-0.0325355529785156 0.0466270446777344 0.0569419860839844 -0.00800704956054687
-0.00423049926757813 0.0405120849609375 0.0173320770263672 0.00278568267822266
0.00688743591308593 0.0345020294189453 0.0104999542236328 0.024810791015625
0.0229053497314453 0.0206012725830078 0.0390586853027344 0.0202560424804688
0.0263500213623047 0.00408363342285156 0.0439567565917969 -0.0057525634765625
0.0241432189941406 -0.0147609710693359 0.0346260070800781 -0.0316982269287109
0.0159950256347656 -0.0257396697998047 0.0167770385742188 -0.0404129028320313
0.0141868591308594 -0.0250968933105469 0.00580024719238282 -0.0318336486816406
0.0162353515625 -0.0294189453125 0.00455856323242187 -0.0241928100585938
0.0256938934326172 -0.02459716796875 0.00211143493652344 -0.0216732025146484
0.0385208129882813 -0.00687408447265625 -0.00144863128662109 -0.016754150390625
0.0394859313964844 0.0157432556152344 0.00408935546875001 -0.0208358764648438
0.0160789489746094 0.0460624694824219 0.00976943969726563 -0.0263805389404297
-0.00699996948242187 0.0602760314941406 0.0221939086914063 -0.0287704467773437
-0.0329360961914062 0.054473876953125 0.0275211334228516 -0.022735595703125
-0.0505828857421875 0.0518760681152344 0.0425949096679688 0.0104866027832031
-0.0202217102050781 0.0556678771972656 0.00990676879882812 0.0181026458740234
0.00385665893554688 0.0560264587402344 0.00750350952148438 0.0325546264648438
0.0346755981445313 0.0357742309570313 0.0341262817382813 0.0258960723876953
0.0416374206542969 0.008148193359375 0.0380134582519531 0.00147628784179688
0.0377883911132813 -0.0214691162109375 0.0301246643066406 -0.0222396850585937
0.0241508483886719 -0.0358467102050781 0.013275146484375 -0.0286865234375
0.0214767456054688 -0.0340843200683594 0.00213432312011719 -0.0200710296630859
0.0233612060546875 -0.0402259826660156 -0.00041389465332031 -0.0118799209594727
0.0343456268310547 -0.0325088500976563 -0.00536441802978516 -0.0119400024414063
0.0494308471679688 -0.00928878784179688 -0.00999069213867187 -0.00973033905029297
0.0487518310546875 0.0194587707519531 -0.00240325927734375 -0.0173931121826172
0.0179023742675781 0.0558929443359375 0.00399398803710937 -0.0227584838867187
-0.0114707946777344 0.0690727233886719 0.0166330337524414 -0.0171899795532227
-0.0435409545898438 0.0577201843261719 0.0120534896850586 -0.00753974914550781
-0.061004638671875 0.0473709106445312 0.0210361480712891 0.0285186767578125
-0.0341529846191406 0.060577392578125 -0.00249862670898438 0.0330772399902344
-0.00322341918945313 0.0678329467773438 0.0012664794921875 0.0385475158691406
0.0377693176269531 0.0475082397460938 0.0246696472167969 0.0303287506103516
0.0500259399414063 0.0132560729980469 0.0274734497070313 0.00868606567382813
0.0456809997558594 -0.0239372253417969 0.0215740203857422 -0.00950431823730469
0.0286102294921875 -0.0397720336914063 0.00730133056640625 -0.0126323699951172
0.0251998901367188 -0.0376167297363281 -0.00159263610839844 -0.00488471984863282
0.0275306701660156 -0.0448989868164062 -0.00468683242797851 0.00324249267578125
0.0376243591308594 -0.0361137390136719 -0.0129985809326172 0.000151634216308591
0.0535926818847656 -0.00988388061523438 -0.0181350708007812 -0.000995635986328124
0.0508155822753906 0.0205268859863281 -0.0096445083618164 -0.0129327774047852
0.0165328979492187 0.0594596862792969 0.000804901123046876 -0.0188636779785156
-0.0165863037109375 0.0688743591308594 0.0122365951538086 -0.00458145141601562
-0.0494575500488281 0.0533027648925781 -0.0051717758178711 0.00847244262695313
-0.0601615905761719 0.03369140625 -0.00284957885742188 0.0426445007324219
-0.0418815612792969 0.0508346557617187 -0.0160903930664063 0.0451850891113281
-0.012542724609375 0.0648918151855469 -0.006500244140625 0.0404853820800781
0.0313987731933594 0.0508460998535156 0.0121002197265625 0.0320148468017578
0.0475654602050781 0.0171623229980469 0.0139083862304688 0.014491081237793
0.0461349487304688 -0.0210609436035156 0.0103187561035156 0.00353527069091797
0.0292892456054688 -0.0373191833496094 0.000774621963500979 0.00352144241333008
0.0253372192382812 -0.0358543395996094 -0.00574016571044921 0.0102481842041016
0.0275306701660156 -0.0425033569335938 -0.00976943969726562 0.0179271697998047
0.0362510681152344 -0.0337638854980469 -0.0202808380126953 0.0124740600585937
0.0508308410644531 -0.00830841064453125 -0.0254917144775391 0.00656318664550781
0.0467033386230469 0.0206451416015625 -0.0162487030029297 -0.00936508178710937
0.0112342834472656 0.0557289123535156 -0.00269508361816406 -0.0151252746582031
-0.0215644836425781 0.060333251953125 0.00681591033935547 0.00620841979980469
-0.0500373840332031 0.0408554077148437 -0.0229148864746094 0.0220317840576172
-0.0474395751953125 0.0144691467285156 -0.0244827270507813 0.0512580871582031
-0.0390167236328125 0.0315055847167969 -0.0286598205566406 0.0507049560546875
-0.0178031921386719 0.0473213195800781 -0.0122184753417969 0.0388641357421875
0.0191764831542969 0.04217529296875 0.000650405883789067 0.0294075012207031
0.0356407165527344 0.0163192749023438 0.000975608825683595 0.0169887542724609
0.0373764038085938 -0.0151786804199219 -0.000673294067382811 0.0140676498413086
0.0240097045898438 -0.0287799835205078 -0.00569725036621093 0.0182704925537109
0.0210895538330078 -0.0277519226074219 -0.00914955139160156 0.0244522094726563
0.0232124328613281 -0.0339088439941406 -0.0139942169189453 0.030853271484375
0.030242919921875 -0.0271148681640625 -0.026580810546875 0.0233173370361328
0.0422477722167969 -0.00586700439453125 -0.0320148468017578 0.0132255554199219
0.0367660522460938 0.0192642211914063 -0.0225811004638672 -0.00687026977539062
0.0043182373046875 0.0467948913574219 -0.00546836853027344 -0.0132350921630859
-0.0244522094726563 0.0460205078125 0.000840187072753905 0.0143947601318359
-0.0456428527832031 0.0228996276855469 -0.0408210754394531 0.0307159423828125
-0.0277652740478516 -0.00752639770507812 -0.0377159118652344 0.0523757934570313
-0.0280532836914063 0.00743865966796874 -0.0348091125488281 0.0509452819824219
-0.0179882049560547 0.0216789245605469 -0.0149726867675781 0.0350437164306641
0.00549697875976562 0.025177001953125 -0.00750732421875 0.0266380310058594
0.018341064453125 0.0115165710449219 -0.00695037841796875 0.0185756683349609
0.0221004486083984 -0.00713157653808594 -0.00818443298339844 0.0212535858154297
0.0152816772460938 -0.015559196472168 -0.00982093811035156 0.0295963287353516
0.0134735107421875 -0.0161304473876953 -0.0109539031982422 0.0341701507568359
0.015594482421875 -0.0209522247314453 -0.0177536010742188 0.0399932861328125
0.0206890106201172 -0.0170574188232422 -0.0320148468017578 0.0312004089355469
0.0284767150878906 -0.00252532958984375 -0.0371627807617187 0.0165138244628906
0.0242252349853516 0.0148849487304688 -0.0280513763427734 -0.00574302673339843
-0.00167655944824219 0.0333652496337891 -0.00984477996826172 -0.0124912261962891
-0.0235633850097656 0.0260009765625 -0.00657176971435547 0.0172700881958008
-0.0349063873291016 0.00286865234375 -0.0554771423339844 0.0330734252929687
0.0112009048461914 0.0158672332763672 0.0604209899902344 -0.0349082946777344
0.0179882049560547 -0.00491905212402344 0.0156621932983398 -0.0175142288208008
0.00163555145263672 -0.0125722885131836 0.00872516632080078 0.0142917633056641
-0.0096588134765625 -0.00689125061035156 0.0360069274902344 0.0127601623535156
-0.00982284545898438 0.00163459777832031 0.0438270568847656 -0.0131568908691406
-0.00698757171630859 0.00687599182128907 0.0338783264160156 -0.0386466979980469
-0.00421714782714844 0.00372076034545898 0.018096923828125 -0.0486717224121094
-0.00593280792236328 0.00278663635253906 0.00993728637695312 -0.0408363342285156
-0.0072479248046875 0.00104379653930664 0.00941848754882813 -0.0343570709228516
-0.00497961044311524 -0.00440597534179687 0.0111274719238281 -0.0271797180175781
0.00101041793823242 -0.0086822509765625 0.00913810729980469 -0.0234813690185547
0.0100803375244141 -0.00636577606201172 0.0125808715820313 -0.0263347625732422
0.0165882110595703 0.00547599792480469 0.0210895538330078 -0.0327911376953125
0.0148239135742187 0.0204505920410156 0.034515380859375 -0.0472030639648438
0.00518417358398438 0.0285625457763672 0.0455093383789062 -0.0469322204589844
-0.0109233856201172 0.0350303649902344 0.0635871887207031 -0.0241508483886719
0.00919342041015625 0.0190105438232422 0.0191173553466797 -0.0100574493408203
0.00601768493652344 0.0101680755615234 0.0107059478759766 0.0187873840332031
0.00733518600463867 0.00532913208007813 0.0389785766601563 0.015380859375
0.0081486701965332 0.00212335586547852 0.0458297729492188 -0.01043701171875
0.00824356079101563 -0.0050506591796875 0.0356864929199219 -0.0378227233886719
0.00591278076171875 -0.0124130249023438 0.0184669494628906 -0.0475845336914063
0.00447940826416016 -0.0120973587036133 0.0078277587890625 -0.0391769409179688
0.00529956817626953 -0.0154018402099609 0.00772285461425781 -0.032379150390625
0.0120668411254883 -0.0151700973510742 0.00786018371582031 -0.0270118713378906
0.0217990875244141 -0.00687217712402344 0.00526237487792969 -0.0219058990478516
0.026092529296875 0.00784492492675781 0.0102424621582031 -0.0245323181152344
0.0150718688964844 0.0295181274414062 0.0164833068847656 -0.0296535491943359
0.00173187255859375 0.0436210632324219 0.0293045043945312 -0.0400962829589844
-0.0165901184082031 0.0449638366699219 0.0398979187011719 -0.0380744934082031
-0.0323905944824219 0.0481147766113281 0.0577163696289063 -0.00916671752929687
-0.00407028198242188 0.040740966796875 0.0173702239990234 0.00210857391357422
0.0073699951171875 0.035430908203125 0.0107421875 0.0258636474609375
0.0238990783691406 0.0205726623535156 0.0393257141113281 0.0206489562988281
0.0269393920898438 0.00387382507324219 0.0445709228515625 -0.0058441162109375
0.0242538452148438 -0.0155620574951172 0.0348453521728516 -0.0323867797851562
0.0156936645507813 -0.0269756317138672 0.0162124633789063 -0.0411300659179687
0.0142288208007813 -0.0256614685058594 0.00499343872070313 -0.0322837829589844
0.0160541534423828 -0.0305023193359375 0.00376510620117188 -0.0244178771972656
0.0257720947265625 -0.025726318359375 0.00156402587890625 -0.0216751098632813
0.038848876953125 -0.00787353515625 -0.00191020965576172 -0.0173301696777344
0.040283203125 0.0157814025878906 0.004058837890625 -0.0222377777099609
0.016754150390625 0.0468292236328125 0.009857177734375 -0.0272216796875
-0.00597000122070313 0.0613136291503906 0.0228424072265625 -0.0302600860595703
-0.0332069396972656 0.0558090209960938 0.0276813507080078 -0.0246353149414063
-0.0508460998535156 0.0538444519042969 0.0431404113769531 0.00970840454101563
-0.0195808410644531 0.0567550659179688 0.0100479125976563 0.0181140899658203
0.0051422119140625 0.0568504333496094 0.00683403015136719 0.0330238342285156
0.0359573364257813 0.0360603332519531 0.0345821380615234 0.0266647338867188
0.0427970886230469 0.00755691528320312 0.0383758544921875 0.00196075439453125
0.0379409790039063 -0.0229454040527344 0.0303020477294922 -0.02276611328125
0.0234832763671875 -0.0371818542480469 0.0126991271972656 -0.0291481018066406
0.0207920074462891 -0.0349330902099609 0.00145721435546875 -0.0205726623535156
0.0228080749511719 -0.0414161682128906 -0.000751495361328124 -0.0121221542358398
0.0335540771484375 -0.0338420867919922 -0.00628566741943359 -0.0121593475341797
0.0498008728027344 -0.0103378295898438 -0.00994205474853515 -0.00980567932128906
0.0497932434082031 0.0185432434082031 -0.00312614440917968 -0.0182666778564453
0.0193099975585938 0.0566978454589844 0.00457572937011719 -0.0232944488525391
-0.0107498168945313 0.0703506469726562 0.0166206359863281 -0.0179290771484375
-0.0435523986816406 0.0598373413085937 0.0123023986816406 -0.00893497467041015
-0.0610542297363281 0.0495796203613281 0.0215835571289062 0.0282840728759766
-0.0336380004882813 0.0616607666015625 -0.00226783752441406 0.0335884094238281
-0.00247192382812501 0.0695457458496094 0.000507354736328126 0.0392341613769531
0.0391578674316406 0.0477447509765625 0.0249958038330078 0.0309715270996094
0.0510597229003906 0.0128135681152344 0.0274429321289063 0.00906562805175781
0.0458641052246094 -0.0257072448730469 0.0213394165039063 -0.0097198486328125
0.0285110473632812 -0.0410957336425781 0.00712966918945313 -0.01324462890625
0.0248756408691406 -0.039031982421875 -0.00249528884887695 -0.00529003143310547
0.0263633728027344 -0.0464515686035156 -0.00515651702880859 0.00349044799804687
0.0368690490722656 -0.0370330810546875 -0.0135889053344727 0.000509262084960935
0.0539932250976562 -0.0115928649902344 -0.0186672210693359 -0.000957489013671873
0.0523796081542969 0.0198554992675781 -0.0101175308227539 -0.0139827728271484
0.018096923828125 0.0594520568847656 0.000320434570312501 -0.0192890167236328
-0.0152359008789063 0.0702972412109375 0.0122461318969727 -0.00519180297851562
-0.0494499206542969 0.0545120239257813 -0.00537919998168946 0.00790882110595703
-0.0604896545410156 0.0353240966796875 -0.00221633911132813 0.0433883666992188
-0.0416374206542969 0.0520744323730469 -0.0163459777832031 0.0455551147460938
-0.0115966796875 0.0662040710449219 -0.00697708129882813 0.0412139892578125
0.033050537109375 0.050750732421875 0.0119342803955078 0.0323562622070313
0.0487785339355469 0.0164222717285156 0.0135469436645508 0.0154085159301758
0.0462188720703125 -0.0224189758300781 0.0105447769165039 0.00326347351074219
0.0283699035644531 -0.0382804870605469 0.000862598419189455 0.00380229949951172
0.0250701904296875 -0.0370292663574219 -0.00600624084472656 0.0106964111328125
0.0267486572265625 -0.0443496704101563 -0.00975036621093749 0.0183353424072266
0.035491943359375 -0.0351524353027344 -0.0206546783447266 0.0129318237304688
0.0515899658203125 -0.00989151000976563 -0.0258808135986328 0.00706100463867187
0.0479698181152344 0.0196189880371094 -0.0165891647338867 -0.00960063934326172
0.0128822326660156 0.0563545227050781 -0.00279521942138672 -0.0158119201660156
-0.0205802917480469 0.0617485046386719 0.00703048706054687 0.00591135025024414
-0.0505638122558594 0.0424537658691406 -0.0232162475585938 0.0220756530761719
-0.0479736328125 0.0152969360351563 -0.0244293212890625 0.0520515441894531
-0.0387992858886719 0.0327835083007812 -0.0283775329589844 0.0518951416015625
-0.0171051025390625 0.0487480163574219 -0.0131950378417969 0.0394935607910156
0.0205421447753906 0.0426750183105469 0.00021934509277344 0.03033447265625
0.0366554260253906 0.0158882141113281 0.00127410888671875 0.01824951171875
0.0374603271484375 -0.0166206359863281 -0.000685691833496091 0.0141487121582031
0.0236434936523438 -0.0301074981689453 -0.00579643249511719 0.0191249847412109
0.0207862854003906 -0.0291194915771484 -0.00905418395996094 0.0249519348144531
0.0225486755371094 -0.0351676940917969 -0.0137195587158203 0.0317497253417969
0.0296611785888672 -0.0282459259033203 -0.0274562835693359 0.0240364074707031
0.0427360534667969 -0.00693511962890625 -0.0321083068847656 0.0135040283203125
0.0381355285644531 0.0186805725097656 -0.0230579376220703 -0.00709342956542969
0.00555419921875 0.0474166870117188 -0.00618267059326172 -0.0135555267333984
-0.0242385864257813 0.0463981628417969 0.000848770141601559 0.0143766403198242
-0.0461502075195313 0.024017333984375 -0.0409774780273438 0.0311164855957031
-0.0277843475341797 -0.00713729858398437 -0.0373497009277344 0.0543327331542969
-0.0280704498291016 0.00777435302734375 -0.0347976684570313 0.0518264770507813
-0.0177154541015625 0.0222244262695313 -0.0155296325683594 0.0359420776367188
0.00614738464355469 0.0253372192382813 -0.00803184509277344 0.0275211334228516
0.0184783935546875 0.0116004943847656 -0.00682830810546875 0.0194034576416016
0.0219554901123047 -0.00758552551269531 -0.00785446166992187 0.0218849182128906
0.0148448944091797 -0.0165243148803711 -0.00941848754882812 0.0300159454345703
0.0132198333740234 -0.0169382095336914 -0.0106620788574219 0.0349750518798828
0.0156612396240234 -0.0218448638916016 -0.0172195434570312 0.0406227111816406
0.0201606750488281 -0.0177898406982422 -0.0324058532714844 0.0318355560302734
0.0293102264404297 -0.00352859497070313 -0.03765869140625 0.0171699523925781
0.0250606536865234 0.0144119262695312 -0.0286388397216797 -0.00583076477050781
-0.00104331970214844 0.0336151123046875 -0.00970840454101562 -0.0132074356079102
-0.0232276916503906 0.0266819000244141 -0.00662803649902344 0.0172710418701172
-0.0355262756347656 0.00321578979492188 -0.0556068420410156 0.0345687866210938
0.0112886428833008 0.0161342620849609 0.0610771179199219 -0.037445068359375
0.0179882049560547 -0.00554847717285156 0.0159416198730469 -0.0187549591064453
0.00159358978271484 -0.0127782821655273 0.00925445556640625 0.0150346755981445
-0.00957679748535156 -0.00608539581298828 0.0379714965820312 0.01263427734375
-0.0101633071899414 0.0021514892578125 0.0449066162109375 -0.0143661499023438
-0.00683355331420899 0.00765085220336914 0.0337867736816406 -0.0400581359863281
-0.00408291816711426 0.00381827354431152 0.0174369812011719 -0.0502586364746094
-0.00612211227416992 0.00343942642211914 0.008941650390625 -0.0418357849121094
-0.00734615325927734 0.00176143646240234 0.00855255126953125 -0.0355453491210938
-0.00521993637084961 -0.00451517105102539 0.0105171203613281 -0.0283374786376953
0.00110054016113281 -0.00851678848266602 0.00869369506835938 -0.0247650146484375
0.0101003646850586 -0.00631427764892578 0.0124645233154297 -0.0276241302490234
0.0168619155883789 0.005340576171875 0.0214672088623047 -0.0341835021972656
0.0158920288085937 0.0207252502441406 0.0352210998535156 -0.0494651794433594
0.00555992126464844 0.0288219451904297 0.045989990234375 -0.0501670837402344
-0.0104866027832031 0.0362358093261719 0.0646781921386719 -0.0265007019042969
0.00955581665039062 0.0188331604003906 0.0189933776855469 -0.0112724304199219
0.00675868988037109 0.0109844207763672 0.0112934112548828 0.0197334289550781
0.00798177719116211 0.00551271438598633 0.0408706665039062 0.0157737731933594
0.00870275497436523 0.00174856185913086 0.0468406677246094 -0.0115585327148438
0.00820064544677734 -0.00557804107666016 0.0361213684082031 -0.0401039123535156
0.005340576171875 -0.0134344100952148 0.0171623229980469 -0.0491104125976563
0.00423431396484375 -0.0126466751098633 0.00690460205078125 -0.0404319763183594
0.00494861602783203 -0.0161399841308594 0.00669670104980469 -0.033660888671875
0.0120677947998047 -0.0161504745483398 0.00697708129882813 -0.0281791687011719
0.0222492218017578 -0.00768661499023437 0.00481605529785156 -0.0230350494384766
0.0269222259521484 0.0074920654296875 0.00977706909179688 -0.0260772705078125
0.0159664154052734 0.0300159454345703 0.0163612365722656 -0.0311832427978516
0.00310516357421875 0.0455055236816406 0.0298385620117187 -0.0425949096679687
-0.0164031982421875 0.0468254089355469 0.0403556823730469 -0.0409049987792969
-0.0329818725585937 0.0504074096679688 0.0593147277832031 -0.0110244750976562
-0.0032806396484375 0.0424270629882813 0.017359733581543 0.00185871124267578
0.00890350341796875 0.03643798828125 0.0112533569335938 0.0269260406494141
0.0251731872558594 0.0204181671142578 0.0403594970703125 0.0207405090332031
0.0281620025634766 0.00297164916992188 0.0456657409667969 -0.0061492919921875
0.0241832733154297 -0.0168228149414063 0.0355110168457031 -0.0341224670410156
0.0148792266845703 -0.0286483764648438 0.0154151916503906 -0.042938232421875
0.0137348175048828 -0.0269126892089844 0.00372123718261719 -0.0327472686767578
0.0150928497314453 -0.0318069458007812 0.00285911560058594 -0.0252895355224609
0.0251255035400391 -0.0271930694580078 0.000408172607421875 -0.0225925445556641
0.03985595703125 -0.009490966796875 -0.00260353088378906 -0.0177268981933594
0.0417671203613281 0.0148468017578125 0.00372886657714844 -0.0234928131103516
0.018524169921875 0.0480613708496094 0.0101757049560547 -0.0283870697021484
-0.00488662719726563 0.0632667541503906 0.0230503082275391 -0.0317516326904297
-0.0330619812011719 0.0589408874511719 0.0284080505371094 -0.026885986328125
-0.0511856079101562 0.0562515258789062 0.044647216796875 0.00896835327148438
-0.0187263488769531 0.0588188171386719 0.0102806091308594 0.0177555084228516
0.00662994384765625 0.0590248107910156 0.00736427307128906 0.0345954895019531
0.0380973815917969 0.0357704162597656 0.0356979370117188 0.0268707275390625
0.044219970703125 0.0066680908203125 0.03955078125 0.001953125
0.0375556945800781 -0.0253143310546875 0.0310001373291016 -0.0236301422119141
0.0228767395019531 -0.0392723083496094 0.0119895935058594 -0.0299491882324219
0.0204010009765625 -0.03668212890625 0.000202178955078125 -0.0206718444824219
0.0219154357910156 -0.0435295104980469 -0.00140190124511719 -0.0126256942749023
0.0333213806152344 -0.036041259765625 -0.0073699951171875 -0.0124969482421875
0.0507011413574219 -0.0128822326660156 -0.0108985900878906 -0.0102119445800781
0.051727294921875 0.0174217224121094 -0.00362777709960937 -0.0196990966796875
0.0215339660644531 0.0580711364746094 0.00425148010253907 -0.0243797302246094
-0.0089263916015625 0.0729598999023438 0.0172271728515625 -0.0198535919189453
-0.0440254211425781 0.0624465942382813 0.0124807357788086 -0.0100851058959961
-0.0608634948730469 0.0523262023925781 0.0225143432617187 0.0283260345458984
-0.032745361328125 0.0635108947753906 -0.00206375122070313 0.0339584350585938
-0.00066375732421875 0.0715179443359375 0.000282287597656252 0.0407829284667969
0.0417976379394531 0.0473060607910156 0.0257110595703125 0.0321063995361328
0.0524024963378906 0.0108985900878906 0.0282573699951172 0.00982093811035156
0.0461997985839844 -0.0284500122070313 0.022125244140625 -0.0105113983154297
0.0274620056152344 -0.0438613891601563 0.00677299499511719 -0.0135402679443359
0.0242195129394531 -0.0411567687988281 -0.00342035293579101 -0.00472354888916016
0.0251350402832031 -0.0485343933105469 -0.00566816329956055 0.00360679626464844
0.0364570617675781 -0.0398674011230469 -0.0150947570800781 0.000559806823730466
0.0554161071777344 -0.0145034790039062 -0.0192451477050781 -0.000539779663085941
0.0542869567871094 0.0181617736816406 -0.0108156204223633 -0.01495361328125
0.0201759338378906 0.0607452392578125 0.000295639038085939 -0.0202255249023437
-0.0133438110351562 0.0728759765625 0.0125484466552734 -0.00602340698242187
-0.049591064453125 0.0578880310058594 -0.00515317916870117 0.00747966766357422
-0.0612297058105469 0.0375862121582031 -0.00138473510742188 0.0451316833496094
-0.041412353515625 0.0545120239257813 -0.0160446166992188 0.0469703674316406
-0.0100288391113281 0.0688629150390625 -0.00702285766601562 0.0425567626953125
0.0358848571777344 0.0510787963867187 0.0122756958007813 0.033843994140625
0.0503463745117187 0.0151443481445313 0.0145416259765625 0.0163173675537109
0.046478271484375 -0.0251083374023438 0.0110464096069336 0.00339317321777344
0.0280838012695313 -0.0411415100097656 0.0005185604095459 0.00416731834411621
0.0241584777832031 -0.0386886596679688 -0.00638580322265625 0.0114049911499023
0.0252304077148438 -0.0470085144042969 -0.00990104675292969 0.0191249847412109
0.0353050231933594 -0.0378074645996094 -0.0217819213867187 0.0137176513671875
0.0523757934570312 -0.0127296447753906 -0.0267429351806641 0.00782012939453125
0.0500373840332031 0.0185623168945313 -0.0173845291137695 -0.0104799270629883
0.0147933959960938 0.0575065612792969 -0.00355243682861328 -0.0166492462158203
-0.0191383361816406 0.0643157958984375 0.00739955902099609 0.00553274154663086
-0.0511589050292969 0.0449295043945312 -0.0235137939453125 0.0226173400878906
-0.0486030578613281 0.0168876647949219 -0.0237503051757813 0.0544471740722656
-0.0387725830078125 0.03448486328125 -0.0288734436035156 0.05364990234375
-0.0164527893066406 0.0507965087890625 -0.0130424499511719 0.0410919189453125
0.0232009887695312 0.0426368713378906 0.000341415405273437 0.0317840576171875
0.0376777648925781 0.0152053833007813 0.00176048278808594 0.0192337036132813
0.0375823974609375 -0.0180244445800781 -4.00543212890609E-05 0.0148906707763672
0.0229530334472656 -0.0312824249267578 -0.005218505859375 0.0198802947998047
0.0201816558837891 -0.0302906036376953 -0.00854682922363281 0.0260906219482422
0.0219078063964844 -0.0372848510742187 -0.0129318237304688 0.0329151153564453
0.0294895172119141 -0.0302677154541016 -0.0278549194335937 0.025604248046875
0.0436668395996094 -0.00878524780273438 -0.0332927703857422 0.0149822235107422
0.0398483276367188 0.0174636840820313 -0.0239486694335937 -0.00719451904296875
0.00719833374023438 0.0485382080078125 -0.00666618347167969 -0.0146369934082031
-0.0229644775390625 0.0484695434570312 0.00128841400146484 0.0144548416137695
-0.0472869873046875 0.0257453918457031 -0.0411529541015625 0.0334854125976562
-0.0282688140869141 -0.00653076171875 -0.0376472473144531 0.0569572448730469
-0.0286312103271484 0.00848579406738281 -0.0350914001464844 0.054595947265625
-0.0175971984863281 0.0236225128173828 -0.0158500671386719 0.0373725891113281
0.00706291198730469 0.0255527496337891 -0.00735092163085938 0.0291690826416016
0.0197315216064453 0.0111141204833984 -0.00676345825195313 0.0206928253173828
0.0222415924072266 -0.00911903381347656 -0.00753593444824219 0.0227718353271484
0.0145263671875 -0.0171432495117188 -0.00884246826171875 0.0310592651367188
0.0131111145019531 -0.0177993774414063 -0.00986480712890625 0.0361709594726563
0.0145511627197266 -0.0231475830078125 -0.0166664123535156 0.0425834655761719
0.0200977325439453 -0.0188312530517578 -0.0324764251708984 0.0339756011962891
0.0297489166259766 -0.0050048828125 -0.0386428833007813 0.0187187194824219
0.0261383056640625 0.0141067504882812 -0.0299911499023438 -0.00546073913574219
5.14984130859343E-05 0.0341567993164063 -0.0108785629272461 -0.0141172409057617
-0.0230731964111328 0.0277481079101563 -0.00619316101074219 0.0178565979003906
-0.036102294921875 0.00416946411132812 -0.0562248229980469 0.0368080139160156
0.0117216110229492 0.0164480209350586 0.0602455139160156 -0.04107666015625
0.0179882049560547 -0.00655364990234375 0.0146484375 -0.0196628570556641
0.000967979431152345 -0.0128183364868164 0.00950813293457031 0.0159330368041992
-0.00963497161865234 -0.00563144683837891 0.038848876953125 0.0113945007324219
-0.00989532470703125 0.00287055969238281 0.0451774597167969 -0.0167961120605469
-0.00667190551757813 0.00786447525024414 0.0325126647949219 -0.0426559448242188
-0.00424432754516601 0.00369930267333984 0.0149459838867187 -0.0520095825195313
-0.0055232048034668 0.0037226676940918 0.00677490234375 -0.0431747436523438
-0.00736904144287109 0.00212907791137695 0.0063934326171875 -0.0369491577148438
-0.00541353225708008 -0.00401067733764649 0.00942420959472656 -0.0297660827636719
0.000459194183349609 -0.00832414627075195 0.00756072998046875 -0.0260543823242188
0.00998115539550781 -0.00669193267822266 0.0115585327148437 -0.0293045043945312
0.0170888900756836 0.00492382049560547 0.0212860107421875 -0.0361442565917969
0.0169143676757812 0.0204067230224609 0.0335121154785156 -0.052490234375
0.00683021545410157 0.0289363861083984 0.0448188781738281 -0.0548133850097656
-0.00959777832031251 0.03790283203125 0.0641975402832031 -0.030609130859375
0.0108089447021484 0.0187320709228516 0.0184421539306641 -0.0124034881591797
0.00718879699707031 0.0108728408813477 0.0119361877441406 0.0205612182617188
0.0086512565612793 0.00537252426147461 0.0417861938476563 0.014495849609375
0.00873374938964844 0.00118160247802734 0.0477828979492187 -0.0139312744140625
0.00778627395629883 -0.00659608840942383 0.0351028442382813 -0.0420341491699219
0.00486183166503906 -0.0140447616577148 0.0151634216308594 -0.0514373779296875
0.00388908386230469 -0.0130233764648438 0.0046844482421875 -0.0411605834960938
0.00385570526123047 -0.0164699554443359 0.0046539306640625 -0.0347232818603516
0.0110492706298828 -0.0171089172363281 0.00512123107910157 -0.0292892456054688
0.0221233367919922 -0.00895881652832031 0.00329208374023438 -0.0243587493896484
0.0278186798095703 0.0063018798828125 0.00910758972167969 -0.0277042388916016
0.0178623199462891 0.0304012298583984 0.0160236358642578 -0.0330009460449219
0.00516510009765625 0.0459556579589844 0.0288047790527344 -0.0453910827636719
-0.0144691467285156 0.0487098693847656 0.0394134521484375 -0.0450248718261719
-0.0313682556152344 0.0529708862304688 0.0597076416015625 -0.0139656066894531
-0.0018463134765625 0.0425605773925781 0.0174112319946289 0.000583648681640628
0.0110282897949219 0.0369720458984375 0.0116958618164062 0.0276241302490234
0.0268173217773437 0.0194492340087891 0.0424537658691406 0.0197372436523438
0.028961181640625 0.0014801025390625 0.0463218688964844 -0.00785446166992188
0.0233592987060547 -0.0187053680419922 0.0342941284179688 -0.0361709594726563
0.0134181976318359 -0.0302562713623047 0.0132675170898438 -0.0445060729980469
0.0127658843994141 -0.0280246734619141 0.00155830383300782 -0.0336208343505859
0.0134220123291016 -0.033721923828125 0.00119972229003906 -0.0260295867919922
0.0242042541503906 -0.0293102264404297 -0.00140190124511719 -0.0229625701904297
0.0399742126464844 -0.0120735168457031 -0.00391960144042969 -0.0186004638671875
0.0433387756347656 0.0130386352539063 0.00243377685546875 -0.0251426696777344
0.0214462280273437 0.0482711791992188 0.00952529907226563 -0.0295448303222656
-0.0013885498046875 0.0647659301757813 0.0222969055175781 -0.0341930389404297
-0.0311203002929688 0.0613822937011719 0.0271186828613281 -0.0299186706542969
-0.0495986938476563 0.0596542358398438 0.0456695556640625 0.0065460205078125
-0.0165443420410156 0.0600509643554688 0.0104446411132813 0.0170755386352539
0.00991439819335937 0.0603446960449219 0.0082244873046875 0.0354385375976563
0.0407447814941406 0.0340385437011719 0.0370063781738281 0.0264549255371094
0.0455818176269531 0.0040740966796875 0.0401992797851563 0.000797271728515625
0.0365486145019531 -0.0278587341308594 0.0302028656005859 -0.0253639221191406
0.0208930969238281 -0.04132080078125 0.0105476379394531 -0.0312023162841797
0.0187187194824219 -0.0385780334472656 -0.0015869140625 -0.020538330078125
0.0195350646972656 -0.0457077026367188 -0.00267982482910156 -0.0127773284912109
0.0316352844238281 -0.0385665893554688 -0.00870227813720703 -0.0122289657592773
0.0507240295410156 -0.0165023803710938 -0.0120210647583008 -0.010371208190918
0.0533065795898438 0.0148239135742188 -0.00459480285644531 -0.0207347869873047
0.0249443054199219 0.0585174560546875 0.00346565246582032 -0.0253219604492187
-0.00531005859375 0.07452392578125 0.016754150390625 -0.0213260650634766
-0.0421676635742188 0.0661506652832031 0.0117464065551758 -0.0117921829223633
-0.0606613159179688 0.0557479858398438 0.0240306854248047 0.0274486541748047
-0.0308685302734375 0.0662651062011719 -0.00119590759277344 0.0343647003173828
0.0027008056640625 0.073516845703125 0.00190353393554688 0.0419158935546875
0.0453529357910156 0.0459671020507813 0.0268955230712891 0.0320644378662109
0.0542488098144531 0.00870895385742188 0.0296115875244141 0.00933265686035156
0.0451507568359375 -0.0314445495605469 0.0223598480224609 -0.0117835998535156
0.0253944396972656 -0.0463066101074219 0.00593662261962891 -0.0140972137451172
0.0219917297363281 -0.0433464050292969 -0.00433969497680664 -0.00440073013305664
0.0223503112792969 -0.0519523620605469 -0.00615310668945312 0.00343179702758789
0.0344696044921875 -0.04266357421875 -0.015416145324707 0.00153923034667969
0.0552330017089844 -0.0181388854980469 -0.0195980072021484 0.000122070312499996
0.0563468933105469 0.0154685974121094 -0.0123748779296875 -0.0152683258056641
0.0237998962402344 0.0613670349121094 -0.000570297241210936 -0.0210018157958984
-0.010223388671875 0.0752410888671875 0.0126218795776367 -0.00723457336425781
-0.0486793518066406 0.0613288879394531 -0.00501394271850586 0.00684595108032227
-0.0607681274414062 0.0417556762695313 0.00028228759765625 0.045562744140625
-0.0398788452148437 0.05718994140625 -0.014617919921875 0.0481071472167969
-0.00695037841796875 0.0712432861328125 -0.0063934326171875 0.0441665649414063
0.0388565063476563 0.0497932434082031 0.0134296417236328 0.0341625213623047
0.052154541015625 0.0129737854003906 0.0153818130493164 0.0169363021850586
0.0453071594238281 -0.028533935546875 0.0117282867431641 0.00302600860595703
0.0261497497558594 -0.0434150695800781 0.000785827636718752 0.00437593460083008
0.0224037170410156 -0.04119873046875 -0.00687980651855469 0.0123329162597656
0.0230674743652344 -0.0494918823242188 -0.00935935974121094 0.0197696685791016
0.0335426330566406 -0.0404281616210938 -0.0221328735351563 0.0154781341552734
0.0524864196777344 -0.0163307189941406 -0.0266361236572266 0.00917243957519531
0.0520896911621094 0.0157546997070313 -0.0186214447021484 -0.0103015899658203
0.0179977416992188 0.0579490661621094 -0.00417900085449219 -0.0168991088867187
-0.016082763671875 0.0663566589355469 0.00790643692016601 0.00465774536132813
-0.0506057739257813 0.0485954284667969 -0.0225124359130859 0.0235233306884766
-0.0486869812011719 0.0196723937988281 -0.022247314453125 0.056610107421875
-0.0380477905273438 0.0368766784667969 -0.0275306701660156 0.0559806823730469
-0.0141563415527344 0.0525703430175781 -0.012451171875 0.0429611206054688
0.0252761840820312 0.0419235229492188 0.00165176391601563 0.0331668853759766
0.0394477844238281 0.0131683349609375 0.00195884704589844 0.0204868316650391
0.0370407104492188 -0.0212249755859375 0.00122547149658203 0.0151920318603516
0.0215835571289062 -0.0334739685058594 -0.00446128845214843 0.0208816528320312
0.0184345245361328 -0.0321826934814453 -0.00815773010253906 0.0269813537597656
0.0195541381835938 -0.0400276184082031 -0.0120944976806641 0.0342559814453125
0.0277576446533203 -0.0325889587402344 -0.0274066925048828 0.0274581909179688
0.0436859130859375 -0.0118827819824219 -0.0327568054199219 0.0165615081787109
0.0416984558105469 0.0156707763671875 -0.0251369476318359 -0.00690841674804688
0.00960540771484375 0.0494041442871094 -0.00768089294433594 -0.0147314071655273
-0.0211410522460938 0.0504570007324219 0.00219631195068359 0.0142726898193359
-0.0471649169921875 0.0289955139160156 -0.0404624938964844 0.03546142578125
-0.0288581848144531 -0.00566673278808594 -0.0357513427734375 0.0602951049804688
-0.0285549163818359 0.00998115539550782 -0.0341110229492188 0.0573883056640625
-0.0175724029541016 0.0250740051269531 -0.0149765014648438 0.0389328002929688
0.00858306884765625 0.0253868103027344 -0.00721168518066406 0.0303382873535156
0.0206832885742188 0.0101566314697266 -0.00631904602050781 0.0221652984619141
0.0217189788818359 -0.0108318328857422 -0.00629997253417968 0.0236110687255859
0.0133037567138672 -0.0184154510498047 -0.00721359252929688 0.0325851440429688
0.0118007659912109 -0.0193138122558594 -0.00862503051757812 0.0375633239746094
0.0136451721191406 -0.0244960784912109 -0.0149040222167969 0.044219970703125
0.0189380645751953 -0.0208415985107422 -0.0318756103515625 0.0364761352539063
0.0298709869384766 -0.00670623779296875 -0.0383453369140625 0.0207138061523438
0.0274200439453125 0.0126686096191406 -0.0306644439697266 -0.0047149658203125
0.00147628784179688 0.0349578857421875 -0.0114469528198242 -0.0139055252075195
-0.0220546722412109 0.0291271209716797 -0.00564956665039062 0.0184993743896484
-0.0368614196777344 0.00576782226562501 -0.0554847717285156 0.0398406982421875
0.0121936798095703 0.0159158706665039 0.0576286315917969 -0.0443649291992188
0.0171718597412109 -0.00744915008544922 0.0135898590087891 -0.0208282470703125
0.000601768493652343 -0.012913703918457 0.0108118057250977 0.0158472061157227
-0.0101604461669922 -0.00524425506591797 0.039459228515625 0.00977325439453125
-0.00965404510498047 0.00337505340576172 0.044189453125 -0.0188179016113281
-0.00599575042724609 0.00785398483276367 0.0304298400878906 -0.0441207885742188
-0.00396370887756348 0.00406312942504883 0.0120315551757813 -0.0529403686523438
-0.0049281120300293 0.00400161743164062 0.00437545776367187 -0.0434150695800781
-0.00695657730102539 0.00289773941040039 0.00423812866210937 -0.0374183654785156
-0.0056910514831543 -0.00391817092895508 0.00745010375976563 -0.0305252075195313
-3.71932983398446E-05 -0.00826406478881836 0.00534439086914063 -0.0269355773925781
0.00970649719238281 -0.00685596466064453 0.0102634429931641 -0.0305519104003906
0.0174226760864258 0.00400638580322266 0.0204277038574219 -0.0369834899902344
0.0177631378173828 0.0198307037353516 0.0311927795410156 -0.0541114807128906
0.00836181640625 0.0288867950439453 0.0421371459960938 -0.0575447082519531
-0.0084991455078125 0.0385360717773438 0.0624542236328125 -0.0338554382324219
0.0113735198974609 0.0182285308837891 0.0177688598632813 -0.0136890411376953
0.00879192352294922 0.0107583999633789 0.0126075744628906 0.0202369689941406
0.00886440277099609 0.00502777099609375 0.0424766540527344 0.0129928588867188
0.0091705322265625 0.000606536865234375 0.0468368530273438 -0.0158576965332031
0.00786590576171875 -0.00693368911743164 0.0331687927246094 -0.0437660217285156
0.00371170043945313 -0.0145597457885742 0.0122261047363281 -0.0520248413085937
0.00294017791748047 -0.0134992599487305 0.00262069702148438 -0.04132080078125
0.00302696228027344 -0.0167026519775391 0.00212860107421875 -0.0351276397705078
0.0101175308227539 -0.0174694061279297 0.00337028503417969 -0.0296859741210937
0.021575927734375 -0.0102882385253906 0.0020599365234375 -0.0248508453369141
0.0280971527099609 0.00487899780273438 0.00747489929199219 -0.0289268493652344
0.0187835693359375 0.0294361114501953 0.0152206420898438 -0.0335922241210938
0.00741958618164063 0.0457801818847656 0.0265464782714844 -0.0473976135253906
-0.0123748779296875 0.0494155883789063 0.0369911193847656 -0.0479774475097656
-0.0294380187988281 0.055145263671875 0.0582733154296875 -0.0172996520996094
-0.000236511230468749 0.0424613952636719 0.0169668197631836 -0.000625610351562497
0.0132064819335938 0.0371627807617188 0.0125236511230469 0.0274772644042969
0.0279884338378906 0.01800537109375 0.0427589416503906 0.0185661315917969
0.0288410186767578 -0.000307083129882812 0.0456390380859375 -0.00947952270507813
0.0221958160400391 -0.0205955505371094 0.0323982238769531 -0.0378456115722656
0.0116233825683594 -0.0311069488525391 0.0110244750976563 -0.044708251953125
0.0110015869140625 -0.0287952423095703 -0.000421524047851559 -0.0332164764404297
0.0110282897949219 -0.0344429016113281 -0.000635147094726564 -0.0261325836181641
0.0220394134521484 -0.0304508209228516 -0.00299263000488281 -0.0230674743652344
0.0390434265136719 -0.0145225524902344 -0.00498390197753906 -0.0190391540527344
0.0437889099121094 0.0104141235351563 0.00119972229003907 -0.0262336730957031
0.0235748291015625 0.0476531982421875 0.00869750976562501 -0.0302200317382812
0.00180816650390626 0.0651588439941406 0.0209617614746094 -0.0360832214355469
-0.0286521911621094 0.0627975463867188 0.0255222320556641 -0.0320243835449219
-0.0472984313964844 0.0626335144042969 0.0457496643066406 0.00386428833007813
-0.0141067504882813 0.0608062744140625 0.0110263824462891 0.0161619186401367
0.0131759643554688 0.0601310729980469 0.009033203125 0.0356025695800781
0.0422477722167969 0.0318031311035156 0.0378570556640625 0.0251655578613281
0.0451927185058594 0.001556396484375 0.0403900146484375 -0.00048065185546875
0.0347175598144531 -0.0300712585449219 0.0292339324951172 -0.0269374847412109
0.0183677673339844 -0.0429916381835938 0.00848960876464844 -0.0315513610839844
0.0165290832519531 -0.0393753051757813 -0.00283432006835937 -0.0201625823974609
0.016357421875 -0.046844482421875 -0.00343990325927734 -0.0126304626464844
0.0288009643554687 -0.0401420593261719 -0.00997161865234375 -0.0115623474121094
0.0498123168945313 -0.0197486877441406 -0.0128974914550781 -0.0100469589233398
0.0542221069335938 0.0115585327148437 -0.00653839111328125 -0.0211238861083984
0.0278358459472656 0.0571975708007813 0.00276374816894531 -0.0258522033691406
-0.00147247314453125 0.0748062133789063 0.0158405303955078 -0.02301025390625
-0.0390739440917969 0.0682334899902344 0.0110902786254883 -0.013336181640625
-0.0581741333007813 0.0586585998535156 0.0252742767333984 0.0262222290039063
-0.0275306701660156 0.0669097900390625 -0.000131607055664063 0.0335102081298828
0.00673675537109375 0.0735855102539063 0.00284576416015625 0.0422897338867188
0.0478706359863281 0.0436363220214844 0.0281295776367188 0.0312728881835938
0.0546646118164063 0.00536727905273438 0.0298042297363281 0.0086517333984375
0.0427894592285156 -0.0340499877929688 0.0216426849365234 -0.012451171875
0.0223312377929687 -0.0483055114746094 0.00514507293701172 -0.0141000747680664
0.0194625854492188 -0.0444717407226563 -0.00493478775024414 -0.00377798080444336
0.0189437866210938 -0.0531196594238281 -0.00563716888427734 0.00382947921752929
0.0312652587890625 -0.0449180603027344 -0.0160655975341797 0.00254726409912109
0.0536117553710938 -0.0218505859375 -0.0199527740478516 0.000925064086914065
0.0569343566894531 0.0120048522949219 -0.013514518737793 -0.015472412109375
0.0270423889160156 0.0601234436035156 -0.00144195556640625 -0.0212001800537109
-0.00596618652343751 0.075439453125 0.0126094818115234 -0.00844860076904296
-0.0461044311523438 0.0638923645019531 -0.00467348098754883 0.00642967224121094
-0.0584945678710938 0.0442924499511719 0.0027008056640625 0.0453338623046875
-0.0370025634765625 0.0586662292480469 -0.0130043029785156 0.0483932495117188
-0.00340270996093751 0.0718994140625 -0.00509262084960938 0.0445289611816406
0.0414314270019531 0.0477676391601563 0.0144481658935547 0.0344009399414063
0.05255126953125 0.00992965698242188 0.0164012908935547 0.0168991088867188
0.04339599609375 -0.03106689453125 0.0118083953857422 0.00247764587402344
0.0229873657226563 -0.0452079772949219 0.000861644744873048 0.00413465499877929
0.0196952819824219 -0.042388916015625 -0.00643730163574219 0.0128049850463867
0.0194091796875 -0.0510482788085938 -0.00851058959960937 0.0200843811035156
0.0305061340332031 -0.0423469543457031 -0.0214328765869141 0.0168895721435547
0.0512046813964844 -0.0195999145507813 -0.0264644622802734 0.0102767944335938
0.0523223876953125 0.0126304626464844 -0.019744873046875 -0.00972938537597657
0.0213088989257813 0.0570602416992188 -0.00531101226806641 -0.0168647766113281
-0.0123100280761719 0.0669174194335938 0.00809717178344727 0.00404930114746094
-0.0480690002441406 0.0511054992675781 -0.0216560363769531 0.0238513946533203
-0.04791259765625 0.0219154357910156 -0.019744873046875 0.0584297180175781
-0.0364303588867187 0.0382308959960938 -0.0250892639160156 0.0568695068359375
-0.0115432739257812 0.0539169311523438 -0.0109710693359375 0.0432281494140625
0.0275802612304688 0.0404281616210938 0.00231552124023438 0.0333061218261719
0.0402641296386719 0.0105705261230469 0.003326416015625 0.0210781097412109
0.0354042053222656 -0.0233039855957031 0.00165462493896485 0.015228271484375
0.0192756652832031 -0.0346794128417969 -0.00348281860351562 0.0214023590087891
0.0167465209960938 -0.0333461761474609 -0.00695610046386719 0.0279445648193359
0.0167388916015625 -0.0410346984863281 -0.0105075836181641 0.0348224639892578
0.0258331298828125 -0.0343608856201172 -0.0264453887939453 0.0291423797607422
0.0428657531738281 -0.0151252746582031 -0.0320701599121094 0.0182170867919922
0.0421524047851563 0.0131721496582031 -0.0262069702148437 -0.005615234375
0.0123977661132813 0.0483741760253906 -0.0085611343383789 -0.0146627426147461
-0.0182685852050781 0.0509185791015625 0.00307464599609375 0.0137176513671875
-0.0452117919921875 0.0312728881835938 -0.0384140014648438 0.0366172790527344
-0.0290718078613281 -0.00402069091796875 -0.0331802368164063 0.0623817443847656
-0.0280780792236328 0.0112648010253906 -0.0314865112304687 0.059051513671875
-0.0158233642578125 0.0261592864990234 -0.0140876770019531 0.0395088195800781
0.0100212097167969 0.0246067047119141 -0.00582504272460937 0.0316009521484375
0.0206508636474609 0.00811195373535156 -0.00509262084960938 0.0227890014648437
0.0208549499511719 -0.0118656158447266 -0.00484275817871094 0.0242938995361328
0.0124111175537109 -0.0188159942626953 -0.00525665283203125 0.0330982208251953
0.0106410980224609 -0.0195827484130859 -0.00689697265625 0.0377616882324219
0.011749267578125 -0.0255794525146484 -0.0123672485351563 0.0447578430175781
0.0175495147705078 -0.0221061706542969 -0.0300674438476562 0.0378494262695313
0.0295066833496094 -0.00864028930664063 -0.03729248046875 0.0228157043457031
0.0281448364257813 0.0108852386474609 -0.0313434600830078 -0.00317001342773438
0.00363349914550781 0.0345916748046875 -0.0126657485961914 -0.0136384963989258
-0.0204429626464844 0.0298271179199219 -0.00445365905761719 0.0185165405273438
-0.0364341735839844 0.00756072998046876 -0.0533638000488281 0.0420646667480469
0.0120306015014648 0.0158233642578125 0.0554885864257813 -0.0456161499023438
0.0165252685546875 -0.00797748565673828 0.0119533538818359 -0.0211334228515625
0.000649452209472655 -0.0132074356079102 0.0109777450561523 0.0158329010009766
-0.00985050201416015 -0.00443458557128906 0.03936767578125 0.00858306884765625
-0.00895500183105469 0.00371456146240234 0.0431175231933594 -0.0197677612304687
-0.00603771209716797 0.00766754150390625 0.0288505554199219 -0.0441665649414063
-0.00377225875854492 0.00408482551574707 0.0101852416992188 -0.0524635314941406
-0.00445699691772461 0.00401067733764648 0.00272369384765625 -0.0428085327148438
-0.00610828399658203 0.00318050384521484 0.00254440307617188 -0.0371208190917969
-0.00566720962524414 -0.00314617156982422 0.00617027282714844 -0.0306072235107422
-0.000442981719970703 -0.0080714225769043 0.00474357604980469 -0.0270061492919922
0.00941085815429688 -0.00703334808349609 0.00965309143066406 -0.0310192108154297
0.0170021057128906 0.00362396240234375 0.0192680358886719 -0.0372848510742188
0.0176677703857422 0.0189189910888672 0.0296134948730469 -0.0545501708984375
0.00879096984863281 0.0280399322509766 0.0400428771972656 -0.0588226318359375
-0.00717544555664062 0.0385818481445313 0.0601959228515625 -0.0356559753417969
0.0114240646362305 0.0175180435180664 0.016510009765625 -0.0140781402587891
0.00883865356445312 0.0101938247680664 0.0126895904541016 0.0202064514160156
0.00946426391601563 0.00437831878662109 0.0422744750976563 0.0118637084960938
0.00930404663085938 0.000102043151855469 0.0454750061035156 -0.0168228149414063
0.00691699981689453 -0.0071878433227539 0.0308265686035156 -0.0438995361328125
0.00261020660400391 -0.0150051116943359 0.00985336303710938 -0.0517845153808594
0.00271320343017578 -0.0133161544799805 0.000656127929687497 -0.0405845642089844
0.00229072570800781 -0.0167818069458008 0.000509262084960937 -0.0344486236572266
0.00909042358398437 -0.0173158645629883 0.00204086303710937 -0.0292835235595703
0.0208225250244141 -0.010711669921875 0.000747680664062499 -0.0251083374023438
0.0279788970947266 0.00399208068847656 0.00657463073730469 -0.0289649963378906
0.0194053649902344 0.02874755859375 0.0147953033447266 -0.0339508056640625
0.0086212158203125 0.0448150634765625 0.0253105163574219 -0.0476875305175781
-0.0114173889160156 0.0492286682128906 0.0353355407714844 -0.048858642578125
-0.0276107788085938 0.0552864074707031 0.0565567016601562 -0.0192680358886719
0.000877380371093752 0.0418052673339844 0.0159101486206055 -0.00182151794433593
0.0140724182128906 0.0361213684082031 0.0128822326660156 0.0270271301269531
0.0283222198486328 0.0162525177001953 0.0424880981445313 0.0171318054199219
0.0282230377197266 -0.000894546508789063 0.0451812744140625 -0.010406494140625
0.0206203460693359 -0.0214176177978516 0.0308876037597656 -0.0379791259765625
0.0102119445800781 -0.0314769744873047 0.00926589965820313 -0.0443763732910156
0.00973701477050781 -0.0284881591796875 -0.00197601318359375 -0.0317440032958984
0.00939559936523438 -0.0346183776855469 -0.00207710266113281 -0.0258674621582031
0.020172119140625 -0.0304622650146484 -0.00436782836914062 -0.0225162506103516
0.0374946594238281 -0.0158805847167969 -0.00612258911132812 -0.0189647674560547
0.043792724609375 0.0089874267578125 0.000312805175781252 -0.0262374877929688
0.0248336791992187 0.0465927124023437 0.00821685791015625 -0.0302677154541016
0.00372314453125 0.0638504028320313 0.019622802734375 -0.0366096496582031
-0.0265731811523438 0.0632514953613281 0.0241317749023437 -0.0331153869628906
-0.0452919006347656 0.0633087158203125 0.0448112487792969 0.00218963623046875
-0.0123443603515625 0.05963134765625 0.0107316970825195 0.0147762298583984
0.0150604248046875 0.0591621398925781 0.0095367431640625 0.0354537963867188
0.0429573059082031 0.0294151306152344 0.0375213623046875 0.0241012573242187
0.0446281433105469 -4.1961669921875E-05 0.0398979187011719 -0.00118637084960938
0.0329036712646484 -0.0308456420898438 0.0284786224365234 -0.0273170471191406
0.0163459777832031 -0.0429153442382812 0.0074920654296875 -0.0313148498535156
0.0148239135742188 -0.0393409729003906 -0.00375747680664063 -0.0190925598144531
0.01373291015625 -0.0470695495605469 -0.00438690185546875 -0.0124797821044922
0.0264244079589844 -0.0406265258789063 -0.0105800628662109 -0.0109720230102539
0.0477333068847656 -0.0215950012207031 -0.0129022598266602 -0.00997352600097656
0.0537910461425781 0.00934600830078125 -0.00718116760253906 -0.020904541015625
0.0290794372558594 0.0561256408691406 0.00215721130371094 -0.0258808135986328
0.00112152099609376 0.0738067626953125 0.0148582458496094 -0.0236644744873047
-0.036712646484375 0.0686569213867188 0.00995349884033203 -0.0141897201538086
-0.0556488037109375 0.0595741271972656 0.0255012512207031 0.0244274139404297
-0.0252761840820312 0.0665397644042969 0.000839233398437495 0.0328330993652344
0.00910949707031249 0.0731430053710938 0.00320053100585937 0.0417327880859375
0.0482864379882813 0.0411911010742188 0.0280323028564453 0.0302848815917969
0.0536155700683594 0.00365447998046875 0.0299148559570313 0.0083160400390625
0.0404701232910156 -0.0350456237792969 0.0211048126220703 -0.0129280090332031
0.0201377868652344 -0.0480461120605469 0.00462532043457031 -0.0140390396118164
0.01763916015625 -0.0440788269042969 -0.00539588928222656 -0.00318241119384766
0.0157814025878906 -0.0530853271484375 -0.00637960433959961 0.00375652313232422
0.0290641784667969 -0.0452041625976563 -0.0161523818969727 0.00332927703857421
0.0516891479492187 -0.0238265991210938 -0.0200405120849609 0.000749588012695307
0.0561141967773438 0.00954437255859375 -0.0138740539550781 -0.0147638320922852
0.0290946960449219 0.0583992004394531 -0.00181388854980468 -0.0214424133300781
-0.00309753417968749 0.0741500854492188 0.011988639831543 -0.00909137725830078
-0.04339599609375 0.0645980834960938 -0.00520515441894531 0.00588798522949219
-0.0562324523925781 0.0453376770019531 0.00360107421874999 0.0442619323730469
-0.0345420837402344 0.0585098266601562 -0.0116195678710937 0.0473098754882813
-0.00115966796874999 0.0711593627929688 -0.00445175170898437 0.044219970703125
0.04254150390625 0.044525146484375 0.0148048400878906 0.0336170196533203
0.0517768859863281 0.00778961181640625 0.0163612365722656 0.0167627334594727
0.0408668518066406 -0.0320892333984375 0.0121173858642578 0.00209808349609375
0.02081298828125 -0.0453720092773438 0.000953674316406251 0.00451040267944336
0.017669677734375 -0.0421829223632813 -0.00638580322265625 0.0131893157958984
0.0163078308105469 -0.0513153076171875 -0.00773239135742188 0.0198745727539062
0.0277671813964844 -0.0427284240722656 -0.0209503173828125 0.0176258087158203
0.049468994140625 -0.021881103515625 -0.0255336761474609 0.0109119415283203
0.0519065856933594 0.0107994079589844 -0.0198650360107422 -0.00913047790527344
0.0230026245117188 0.0557861328125 -0.00574970245361328 -0.0167322158813477
-0.00978851318359374 0.066009521484375 0.00832843780517578 0.00287055969238282
-0.0457801818847656 0.0521965026855469 -0.0207614898681641 0.0236778259277344
-0.0462608337402344 0.0229988098144531 -0.0176048278808594 0.05755615234375
-0.0343017578125 0.0386466979980469 -0.0233802795410156 0.056640625
-0.00947952270507813 0.0538063049316406 -0.0106430053710937 0.0428924560546875
0.0285110473632813 0.0383834838867188 0.00253868103027344 0.0331172943115234
0.0395584106445313 0.00923538208007812 0.004058837890625 0.0211334228515625
0.0333442687988281 -0.0239791870117188 0.0019073486328125 0.0151491165161133
0.0176315307617188 -0.0348377227783203 -0.00253677368164062 0.0214710235595703
0.014923095703125 -0.0336208343505859 -0.00609207153320312 0.0280246734619141
0.0141067504882813 -0.0413703918457031 -0.00874710083007813 0.0343151092529297
0.0234813690185547 -0.0346183776855469 -0.0247154235839844 0.0298919677734375
0.041534423828125 -0.0167617797851563 -0.0312004089355469 0.0186080932617188
0.0420761108398438 0.0110626220703125 -0.02593994140625 -0.00483512878417969
0.0143280029296875 0.0475044250488281 -0.00888729095458984 -0.0141324996948242
-0.0159072875976563 0.0505447387695313 0.003448486328125 0.0132780075073242
-0.0438041687011719 0.0321464538574219 -0.0367012023925781 0.0369110107421875
-0.0287723541259766 -0.00300788879394532 -0.0305213928222656 0.0624961853027344
-0.027252197265625 0.0118675231933594 -0.0297622680664063 0.0592117309570312
-0.0145969390869141 0.0264797210693359 -0.0130729675292969 0.0395469665527344
0.0108203887939453 0.0237045288085938 -0.00572967529296875 0.0312919616699219
0.0205154418945313 0.00739288330078125 -0.00447845458984375 0.0232696533203125
0.0198001861572266 -0.0122528076171875 -0.00423812866210937 0.0242233276367188
0.0113430023193359 -0.0192298889160156 -0.00421142578125 0.0327110290527344
0.0100364685058594 -0.0195636749267578 -0.00567245483398437 0.0377998352050781
0.0101490020751953 -0.0257034301757813 -0.0107383728027344 0.044219970703125
0.0164756774902344 -0.0223731994628906 -0.028167724609375 0.0381355285644531
0.0285415649414062 -0.00995254516601563 -0.0357437133789062 0.0231781005859375
0.0277290344238281 0.00997734069824219 -0.0311489105224609 -0.00251579284667968
0.00482940673828125 0.0336513519287109 -0.013096809387207 -0.0132246017456055
-0.0191879272460938 0.0295295715332031 -0.00368499755859375 0.0181636810302734
-0.0354652404785156 0.00856781005859375 -0.0508499145507813 0.0427131652832031
0.0121679306030273 0.0161342620849609 0.0540695190429688 -0.0450325012207031
0.0159425735473633 -0.00761985778808594 0.0112171173095703 -0.0210456848144531
0.000635147094726563 -0.0129270553588867 0.0111894607543945 0.0158834457397461
-0.00943565368652344 -0.00469207763671875 0.0384941101074219 0.0085601806640625
-0.00879764556884765 0.00343036651611328 0.0423316955566406 -0.0198593139648438
-0.0059051513671875 0.00785446166992188 0.0281944274902344 -0.0434913635253906
-0.00421714782714844 0.00405168533325195 0.00944900512695312 -0.0517845153808594
-0.00429558753967285 0.00375485420227051 0.00227737426757812 -0.0423011779785156
-0.00597476959228516 0.00321626663208008 0.00214004516601562 -0.0365028381347656
-0.00567531585693359 -0.00311565399169922 0.00557899475097656 -0.0298843383789063
-0.000170707702636719 -0.00762224197387695 0.00422859191894531 -0.0266914367675781
0.00970840454101563 -0.00719738006591797 0.00931739807128907 -0.0309867858886719
0.0169925689697266 0.00333786010742188 0.0196266174316406 -0.0372962951660156
0.0178108215332031 0.0187110900878906 0.0291786193847656 -0.0547256469726563
0.00854873657226563 0.027496337890625 0.0395393371582031 -0.0590972900390625
-0.00699996948242188 0.0388526916503906 0.0588912963867188 -0.0356369018554688
0.0110158920288086 0.0174875259399414 0.0157499313354492 -0.0145492553710938
0.0092020034790039 0.0101919174194336 0.0126972198486328 0.0204601287841797
0.00928306579589844 0.00411510467529297 0.0415687561035156 0.0117874145507813
0.009063720703125 -0.000110626220703125 0.0450248718261719 -0.0167770385742188
0.00678586959838867 -0.00783014297485352 0.0302886962890625 -0.0433082580566406
0.00210475921630859 -0.0151090621948242 0.00957870483398438 -0.0511398315429688
0.00298118591308594 -0.0133590698242188 0.000743865966796873 -0.0397186279296875
0.00210094451904297 -0.0165929794311523 0.000112533569335936 -0.0341930389404297
0.0086517333984375 -0.0171651840209961 0.0015716552734375 -0.0289192199707031
0.0204238891601563 -0.0110740661621094 0.000576019287109374 -0.0248928070068359
0.0276622772216797 0.00384902954101563 0.00666236877441407 -0.0298099517822266
0.0196437835693359 0.0285072326660156 0.0146255493164063 -0.0341167449951172
0.00891494750976563 0.044342041015625 0.0249290466308594 -0.0476150512695312
-0.0108909606933594 0.0487785339355469 0.0344085693359375 -0.0493278503417969
-0.0273208618164063 0.0552215576171875 0.0554885864257812 -0.0195693969726562
0.000690460205078128 0.0407066345214844 0.0150117874145508 -0.00228118896484375
0.0147972106933594 0.0357131958007813 0.0124225616455078 0.0275897979736328
0.0281505584716797 0.0157604217529297 0.041961669921875 0.0170249938964844
0.0280990600585938 -0.00126266479492188 0.0447196960449219 -0.0104446411132813
0.0199470520019531 -0.0210819244384766 0.0307426452636719 -0.0377845764160156
0.00911712646484375 -0.0313510894775391 0.00860595703125 -0.0434989929199219
0.00963211059570313 -0.0285053253173828 -0.00207138061523438 -0.0312881469726563
0.00883293151855469 -0.0340805053710937 -0.00253868103027344 -0.0251712799072266
0.0195522308349609 -0.0307197570800781 -0.00489997863769531 -0.0218868255615234
0.0367469787597656 -0.0164070129394531 -0.00653266906738281 -0.0190143585205078
0.0429267883300781 0.00840377807617187 -0.0002899169921875 -0.0263042449951172
0.0248565673828125 0.0462570190429688 0.008697509765625 -0.0305442810058594
0.00419998168945313 0.0631523132324219 0.0197525024414063 -0.0368690490722656
-0.0261573791503906 0.0626869201660156 0.0236034393310547 -0.0339012145996094
-0.0445899963378906 0.0628204345703125 0.0436820983886719 0.00145339965820313
-0.0123176574707031 0.0586280822753906 0.0101346969604492 0.0142650604248047
0.0155487060546875 0.0585479736328125 0.00888633728027344 0.0350131988525391
0.0424613952636719 0.0288581848144531 0.0366134643554688 0.0241775512695313
0.0442695617675781 -0.000274658203125 0.0398368835449219 -0.000732421875
0.0315990447998047 -0.0310459136962891 0.0278568267822266 -0.0269889831542969
0.0152206420898438 -0.0425338745117188 0.00696754455566406 -0.0307083129882813
0.0144233703613281 -0.0394134521484375 -0.00417518615722656 -0.0184516906738281
0.012847900390625 -0.0466461181640625 -0.00507164001464844 -0.0120935440063477
0.0253639221191406 -0.0404777526855469 -0.0110750198364258 -0.0107145309448242
0.0466880798339844 -0.0217094421386719 -0.0134496688842773 -0.00991630554199219
0.0528793334960938 0.008941650390625 -0.00738716125488281 -0.021148681640625
0.0295677185058594 0.0554237365722656 0.00227928161621094 -0.0262451171875
0.00183105468749999 0.0729446411132813 0.0151805877685547 -0.0242214202880859
-0.0364189147949219 0.0683250427246094 0.00981330871582031 -0.0148887634277344
-0.0547523498535156 0.0594825744628906 0.0248832702636719 0.0235023498535156
-0.025482177734375 0.0654525756835938 5.91278076171834E-05 0.0318870544433594
0.00984954833984375 0.0722427368164063 0.00253677368164063 0.0413360595703125
0.0477333068847656 0.0398216247558594 0.0274753570556641 0.0304965972900391
0.0530586242675781 0.0035858154296875 0.0295963287353516 0.00854873657226563
0.0391807556152344 -0.0351333618164063 0.021087646484375 -0.0127658843994141
0.0188636779785156 -0.0479011535644531 0.00426197052001953 -0.0138978958129883
0.017181396484375 -0.0442581176757813 -0.00538492202758789 -0.00254154205322266
0.014923095703125 -0.0525321960449219 -0.00653171539306641 0.00409221649169922
0.0278701782226563 -0.0448150634765625 -0.0162181854248047 0.003448486328125
0.0506057739257813 -0.0247383117675781 -0.0197734832763672 0.000930786132812497
0.055633544921875 0.00840377807617188 -0.0143461227416992 -0.0149545669555664
0.0289878845214844 0.0580062866210938 -0.00188446044921875 -0.0214042663574219
-0.00226593017578125 0.0732421875 0.0120773315429688 -0.0102338790893555
-0.042816162109375 0.0642166137695313 -0.00514364242553711 0.00529909133911133
-0.0556259155273438 0.0453681945800781 0.0033111572265625 0.043487548828125
-0.0342216491699219 0.0574798583984375 -0.0117645263671875 0.0463600158691406
5.34057617187464E-05 0.0707015991210938 -0.00484848022460938 0.0437278747558594
0.0420494079589844 0.0439338684082031 0.0140552520751953 0.0337409973144531
0.0514335632324219 0.00747299194335938 0.0165281295776367 0.0169486999511719
0.0397071838378906 -0.0323410034179688 0.0122098922729492 0.0020751953125
0.0199203491210937 -0.0455970764160156 0.00119853019714356 0.00433540344238281
0.0174446105957031 -0.0424575805664062 -0.00641250610351562 0.0135726928710938
0.0146522521972656 -0.0506858825683594 -0.00786399841308593 0.0198707580566406
0.0266647338867188 -0.0429229736328125 -0.0205554962158203 0.0173110961914062
0.0483016967773437 -0.0225715637207031 -0.0251827239990234 0.0103931427001953
0.0513839721679688 0.00945281982421875 -0.0198040008544922 -0.0089263916015625
0.0232772827148437 0.05474853515625 -0.00568962097167968 -0.0171012878417969
-0.00875473022460938 0.0652542114257813 0.00815057754516602 0.00256967544555665
-0.0451774597167969 0.0520210266113281 -0.0206642150878906 0.0228672027587891
-0.0453567504882813 0.0229034423828125 -0.0173110961914063 0.0568084716796875
-0.0338706970214844 0.0380935668945313 -0.0233192443847656 0.055816650390625
-0.00896453857421875 0.0537300109863281 -0.01092529296875 0.0427970886230469
0.0283355712890625 0.03741455078125 0.00217056274414063 0.0332603454589844
0.0388832092285156 0.00848770141601563 0.00407791137695313 0.0211658477783203
0.0326728820800781 -0.0239601135253906 0.00239181518554688 0.0153398513793945
0.0169906616210937 -0.0348682403564453 -0.00207901000976562 0.0210857391357422
0.0146121978759766 -0.0332775115966797 -0.00598907470703125 0.0277290344238281
0.0127410888671875 -0.0409507751464844 -0.00860977172851563 0.0340347290039063
0.0223522186279297 -0.0348358154296875 -0.0242729187011719 0.0296535491943359
0.0403289794921875 -0.0170555114746094 -0.0303497314453125 0.0183277130126953
0.0411643981933594 0.0103187561035156 -0.0255680084228516 -0.00497817993164062
0.0141181945800781 0.04681396484375 -0.00856208801269531 -0.0142812728881836
-0.0151214599609375 0.0500297546386719 0.00362491607666016 0.012700080871582
-0.0431976318359375 0.0322914123535156 -0.0360031127929688 0.0364456176757812
-0.02777099609375 -0.00323295593261718 -0.0302543640136719 0.0621604919433594
-0.0266647338867188 0.0117206573486328 -0.0292701721191406 0.0590019226074219
-0.0138607025146484 0.0262279510498047 -0.0132675170898437 0.0386505126953125
0.0107936859130859 0.0229873657226563 -0.0057830810546875 0.0313701629638672
0.0201263427734375 0.0073394775390625 -0.00382804870605468 0.0232105255126953
0.0191879272460938 -0.0122241973876953 -0.00351524353027344 0.0240650177001953
0.0110988616943359 -0.0193271636962891 -0.0034637451171875 0.0326652526855469
0.00949478149414062 -0.0196800231933594 -0.00504684448242187 0.0375442504882813
0.00927543640136719 -0.0254383087158203 -0.0101966857910156 0.0438575744628906
0.01544189453125 -0.0225181579589844 -0.02752685546875 0.0380821228027344
0.0279693603515625 -0.0102691650390625 -0.0348320007324219 0.0230197906494141
0.0275592803955078 0.00934791564941406 -0.0308303833007813 -0.00229072570800782
0.00465583801269531 0.0328578948974609 -0.0123500823974609 -0.0128822326660156
-0.0188789367675781 0.0292034149169922 -0.00347709655761719 0.0177345275878906
-0.0349063873291016 0.00870323181152344 -0.0494346618652344 0.0421371459960938
0.0123128890991211 0.0167512893676758 0.0546455383300781 -0.0450820922851563
0.0156373977661133 -0.0074920654296875 0.0110282897949219 -0.0212802886962891
0.000315666198730469 -0.0130395889282227 0.0113754272460938 0.0167341232299805
-0.00934123992919922 -0.00456333160400391 0.039306640625 0.00889968872070313
-0.00879859924316406 0.00324249267578125 0.0432777404785156 -0.0195541381835938
-0.00563955307006836 0.00754928588867188 0.0289344787597656 -0.0437469482421875
-0.00405359268188476 0.00410699844360352 0.00994873046875 -0.0525360107421875
-0.00416660308837891 0.00405526161193848 0.00271987915039063 -0.0428810119628906
-0.00583982467651367 0.003021240234375 0.00233078002929687 -0.0372734069824219
-0.0057988166809082 -0.00284814834594726 0.00558662414550781 -0.0308055877685547
-0.000106811523437501 -0.00772571563720703 0.00469970703125 -0.0274028778076172
0.00994014739990234 -0.00731658935546875 0.0100460052490234 -0.0315876007080078
0.0171976089477539 0.003631591796875 0.0208473205566406 -0.0379104614257813
0.0175247192382813 0.0190067291259766 0.0304946899414063 -0.0554656982421875
0.00816917419433594 0.0280227661132813 0.0408554077148438 -0.0602188110351563
-0.00799560546875 0.0396881103515625 0.0592308044433594 -0.0355300903320313
0.0105876922607422 0.0179443359375 0.015498161315918 -0.0150423049926758
0.00943470001220703 0.0103826522827148 0.0125217437744141 0.0211124420166016
0.00985813140869141 0.0038299560546875 0.04248046875 0.0124359130859375
0.00973415374755859 -0.000208854675292969 0.0460090637207031 -0.0160636901855469
0.00633430480957031 -0.00780534744262695 0.0309829711914063 -0.0436553955078125
0.0020761489868164 -0.0153779983520508 0.00983047485351563 -0.0516204833984375
0.00281715393066406 -0.0135250091552734 0.000698089599609379 -0.0400199890136719
0.00239944458007813 -0.0168590545654297 0.000450134277343753 -0.0342750549316406
0.00891304016113281 -0.0176010131835938 0.00149154663085937 -0.0294113159179688
0.0207996368408203 -0.0109577178955078 0.000946044921874999 -0.0253982543945313
0.0279769897460938 0.00395965576171875 0.00699996948242188 -0.0302104949951172
0.0196571350097656 0.0292873382568359 0.0163211822509766 -0.0345687866210938
0.00881195068359375 0.0449485778808594 0.0261955261230469 -0.048858642578125
-0.0115089416503906 0.049468994140625 0.0358963012695313 -0.0503730773925781
-0.0282630920410156 0.0559654235839844 0.0562744140625 -0.0192718505859375
-0.000133514404296874 0.041351318359375 0.0148353576660156 -0.00272941589355468
0.0150680541992188 0.0364570617675781 0.0120735168457031 0.0283355712890625
0.0286159515380859 0.0160121917724609 0.0421295166015625 0.0184898376464844
0.0285911560058594 -0.001434326171875 0.04595947265625 -0.00932693481445313
0.0198783874511719 -0.0215110778808594 0.0313758850097656 -0.0378799438476563
0.00946235656738281 -0.0318126678466797 0.009185791015625 -0.0443153381347656
0.0099334716796875 -0.0291881561279297 -0.00193977355957031 -0.03118896484375
0.0087127685546875 -0.0345287322998047 -0.00241851806640625 -0.0254669189453125
0.0193576812744141 -0.0305690765380859 -0.00483512878417969 -0.0224819183349609
0.0371589660644531 -0.0163192749023438 -0.00658988952636718 -0.0195999145507813
0.0436286926269531 0.00867462158203125 0.000104904174804692 -0.0271892547607422
0.0253372192382812 0.0473747253417969 0.00978469848632813 -0.0313892364501953
0.0039520263671875 0.0641059875488281 0.0204391479492188 -0.0379180908203125
-0.0277862548828125 0.0633087158203125 0.0242652893066406 -0.0346088409423828
-0.045684814453125 0.0632133483886719 0.0439796447753906 0.00175094604492188
-0.0133438110351562 0.0591392517089844 0.00958347320556641 0.0139503479003906
0.0154609680175781 0.0599212646484375 0.00795364379882813 0.0357666015625
0.0429153442382813 0.0294647216796875 0.0369377136230469 0.0256080627441406
0.0447883605957031 0.000232696533203125 0.040802001953125 9.918212890625E-05
0.0317020416259766 -0.0312042236328125 0.0287322998046875 -0.0271568298339844
0.0151405334472656 -0.0436744689941406 0.00707626342773438 -0.0308628082275391
0.014892578125 -0.0395431518554688 -0.00421524047851563 -0.0179576873779297
0.0126609802246094 -0.0472564697265625 -0.00500965118408203 -0.0122394561767578
0.0253715515136719 -0.0411949157714844 -0.0115690231323242 -0.0108251571655273
0.0471611022949219 -0.0220794677734375 -0.0136651992797852 -0.0106163024902344
0.0540008544921875 0.00931167602539063 -0.007354736328125 -0.0221157073974609
0.0297164916992187 0.0564956665039063 0.00287628173828125 -0.0267295837402344
0.001617431640625 0.0737152099609375 0.0153560638427734 -0.0248394012451172
-0.0381011962890625 0.0690841674804688 0.00995445251464844 -0.0150432586669922
-0.0561256408691406 0.0598182678222656 0.0242385864257812 0.0241928100585938
-0.0268630981445313 0.0658035278320313 -0.000734329223632817 0.031463623046875
0.00943756103515626 0.0736618041992187 0.00146102905273438 0.0424957275390625
0.0482635498046875 0.0407524108886719 0.026824951171875 0.0319709777832031
0.0536994934082031 0.00363922119140625 0.0300941467285156 0.00994491577148437
0.0394439697265625 -0.0351371765136719 0.0218944549560547 -0.0128116607666016
0.0185966491699219 -0.0484352111816406 0.00444698333740235 -0.0138578414916992
0.0175361633300781 -0.0448379516601563 -0.00542259216308594 -0.00208187103271485
0.0146064758300781 -0.0531654357910156 -0.00669288635253906 0.00405406951904297
0.02777099609375 -0.0455360412597656 -0.0168218612670898 0.00346183776855469
0.0509223937988281 -0.0248908996582031 -0.0201892852783203 0.000448226928710936
0.0563545227050781 0.00897216796875 -0.01397705078125 -0.0158214569091797
0.0297088623046875 0.059234619140625 -0.00134086608886718 -0.0217647552490234
-0.0028076171875 0.0738906860351563 0.0123720169067383 -0.010345458984375
-0.0443763732910156 0.065277099609375 -0.0051426887512207 0.0048823356628418
-0.056915283203125 0.0451774597167969 0.00287628173828125 0.04425048828125
-0.03558349609375 0.0576248168945312 -0.0129737854003906 0.0463600158691406
-0.000442504882812494 0.0721206665039063 -0.00640487670898438 0.0444068908691406
0.0423965454101563 0.0446128845214844 0.0131759643554688 0.0348358154296875
0.0519180297851562 0.00800323486328125 0.0170173645019531 0.0183277130126953
0.0401153564453125 -0.0323143005371094 0.0125846862792969 0.00221061706542969
0.0197982788085938 -0.0458183288574219 0.00114822387695313 0.00447559356689453
0.0175437927246094 -0.04266357421875 -0.00632858276367187 0.0140962600708008
0.0147132873535156 -0.0512771606445313 -0.00824928283691406 0.0198802947998047
0.0264892578125 -0.0434188842773438 -0.0212783813476562 0.0170841217041016
0.0481376647949219 -0.0229377746582031 -0.0256614685058594 0.0102138519287109
0.0520553588867187 0.00973129272460938 -0.0200138092041016 -0.00961875915527343
0.0237655639648437 0.0558547973632813 -0.00536155700683593 -0.017369270324707
-0.00899887084960937 0.0658836364746094 0.00841856002807617 0.00241899490356446
-0.0465545654296875 0.0522956848144531 -0.0213031768798828 0.0227622985839844
-0.0462226867675781 0.0230865478515625 -0.0183982849121094 0.0578460693359375
-0.0348587036132812 0.03814697265625 -0.0242042541503906 0.0561065673828125
-0.00933837890625 0.0545425415039063 -0.012237548828125 0.043121337890625
0.0285186767578125 0.0380859375 0.00138092041015625 0.0341987609863281
0.0396041870117187 0.0090179443359375 0.00411033630371094 0.0224685668945312
0.0327205657958984 -0.0243492126464844 0.00263690948486328 0.0155963897705078
0.0168647766113281 -0.0353279113769531 -0.00175666809082031 0.0211868286132812
0.0145339965820313 -0.0339527130126953 -0.00622367858886719 0.0282249450683594
0.0126609802246094 -0.0413627624511719 -0.00905036926269531 0.0341739654541016
0.0226268768310547 -0.0351352691650391 -0.0249137878417969 0.0296077728271484
0.0405845642089844 -0.0175819396972656 -0.0309410095214844 0.0180301666259766
0.0418701171875 0.0107040405273437 -0.0259437561035156 -0.00504684448242188
0.0142097473144531 0.0472297668457031 -0.00892639160156249 -0.0147037506103516
-0.0157585144042969 0.0504608154296875 0.00364971160888672 0.0127782821655273
-0.0440483093261719 0.0324325561523438 -0.0369720458984375 0.0363578796386719
-0.0278491973876953 -0.00394248962402344 -0.0310173034667969 0.06298828125
-0.0271358489990234 0.0117244720458984 -0.0301704406738281 0.0590248107910156
-0.0141983032226563 0.0269317626953125 -0.0145759582519531 0.0393180847167969
0.0109310150146484 0.0233726501464844 -0.00643348693847656 0.0323581695556641
0.0202503204345703 0.00759124755859375 -0.00424766540527344 0.0240974426269531
0.0193634033203125 -0.0125370025634766 -0.00333404541015625 0.0246925354003906
0.0113906860351562 -0.0194797515869141 -0.00332260131835937 0.0327835083007813
0.00987434387207031 -0.0197658538818359 -0.00511550903320313 0.0377578735351563
0.00901603698730469 -0.0255203247070313 -0.0105476379394531 0.0438613891601562
0.0156879425048828 -0.0225963592529297 -0.0282707214355469 0.0379791259765625
0.0284347534179688 -0.0100975036621094 -0.0354156494140625 0.022796630859375
0.0280666351318359 0.00937461853027344 -0.0309524536132813 -0.0026092529296875
0.00464057922363281 0.0335350036621094 -0.0125560760498047 -0.0134172439575195
-0.019378662109375 0.0292701721191406 -0.00336074829101563 0.0179691314697266
-0.0354156494140625 0.00870513916015625 -0.0503158569335938 0.0421562194824219
0.0126991271972656 0.0175743103027344 0.0566444396972656 -0.0470237731933594
0.016453742980957 -0.00733566284179688 0.0106487274169922 -0.0221824645996094
0.000527381896972655 -0.0139217376708984 0.0117683410644531 0.0175743103027344
-0.00950241088867188 -0.00516033172607422 0.0411033630371094 0.009368896484375
-0.00899124145507813 0.00304317474365235 0.0449256896972656 -0.0201683044433594
-0.0066370964050293 0.0080418586730957 0.0305099487304688 -0.0453262329101563
-0.00458860397338867 0.00414752960205078 0.0102081298828125 -0.0547981262207031
-0.00411009788513184 0.00407242774963379 0.00281143188476562 -0.0445098876953125
-0.00558662414550781 0.00332117080688477 0.00215530395507813 -0.038787841796875
-0.00583696365356445 -0.00293684005737305 0.00580596923828125 -0.0321140289306641
-0.000394821166992188 -0.00801944732666016 0.00483131408691406 -0.0289230346679688
0.0102014541625977 -0.00779628753662109 0.0107822418212891 -0.0334415435791016
0.0179290771484375 0.00416183471679688 0.0222969055175781 -0.0397300720214844
0.0181636810302734 0.0198802947998047 0.0319290161132813 -0.0579032897949219
0.00831413269042969 0.0291423797607422 0.0429306030273437 -0.0630722045898438
-0.00794219970703125 0.0419349670410156 0.0616607666015625 -0.0363922119140625
0.0105190277099609 0.0182628631591797 0.0153007507324219 -0.0159435272216797
0.0101566314697266 0.0106315612792969 0.0130844116210938 0.0227012634277344
0.0104646682739258 0.00398635864257813 0.0438423156738281 0.0132369995117188
0.00979328155517578 -0.000472068786621094 0.0480461120605469 -0.0162620544433594
0.00626325607299805 -0.00833797454833984 0.0329666137695313 -0.0453109741210938
0.00168132781982422 -0.0159339904785156 0.010223388671875 -0.05316162109375
0.00305747985839844 -0.0142107009887695 0.000885009765625001 -0.0412216186523438
0.0024566650390625 -0.0176048278808594 0.000118255615234378 -0.0358734130859375
0.00895977020263672 -0.0175552368164063 0.00142860412597657 -0.0306472778320312
0.0212345123291016 -0.0114173889160156 0.000671386718750002 -0.0263042449951172
0.0293388366699219 0.00406265258789063 0.00731658935546875 -0.0318984985351563
0.0203781127929688 0.0305423736572266 0.0172042846679688 -0.0368614196777344
0.00917816162109375 0.0471534729003906 0.0273704528808594 -0.0511627197265625
-0.0127944946289063 0.05120849609375 0.0380477905273437 -0.052825927734375
-0.0298423767089844 0.0585975646972656 0.058013916015625 -0.0199203491210937
-0.000419616699218745 0.0430526733398438 0.0145015716552734 -0.003448486328125
0.0160102844238281 0.0382041931152344 0.0123424530029297 0.0300693511962891
0.0297889709472656 0.0167427062988281 0.0434455871582031 0.0194091796875
0.0299568176269531 -0.00157737731933594 0.0480766296386719 -0.00914764404296875
0.020263671875 -0.0226268768310547 0.03289794921875 -0.0391921997070313
0.00888824462890625 -0.0331478118896484 0.0089874267578125 -0.0456275939941406
0.0100440979003906 -0.0302696228027344 -0.00200080871582031 -0.0323123931884766
0.00873565673828125 -0.0360031127929687 -0.00282478332519531 -0.0265026092529297
0.0199813842773438 -0.0316238403320313 -0.00547981262207031 -0.023101806640625
0.0387306213378906 -0.0174636840820313 -0.00698471069335937 -0.0205726623535156
0.045562744140625 0.00909042358398438 0.000270843505859376 -0.0289535522460937
0.0263862609863281 0.0495414733886719 0.0106563568115234 -0.0329437255859375
0.00471115112304688 0.0666351318359375 0.0212974548339844 -0.0401611328125
-0.0291748046875 0.0660781860351563 0.0255165100097656 -0.0365257263183594
-0.0480804443359375 0.0662155151367188 0.0451774597167969 0.00185394287109375
-0.0147171020507812 0.0611839294433594 0.00909233093261719 0.0141324996948242
0.0163078308105469 0.0622520446777344 0.00796127319335938 0.0379180908203125
0.0447883605957031 0.0305824279785156 0.0380172729492188 0.0270233154296875
0.0468597412109375 0.000164031982421875 0.042694091796875 0.00109100341796875
0.0326805114746094 -0.0325908660888672 0.0299129486083984 -0.0283489227294922
0.0150070190429687 -0.0456924438476563 0.00740814208984375 -0.0323219299316406
0.0150527954101563 -0.0417671203613281 -0.00434494018554687 -0.0181903839111328
0.012420654296875 -0.0494003295898438 -0.00558948516845703 -0.0127859115600586
0.0261154174804688 -0.0423774719238281 -0.0120639801025391 -0.0111722946166992
0.0486907958984375 -0.0233306884765625 -0.0142297744750976 -0.0111579895019531
0.0557861328125 0.00944900512695313 -0.00746345520019531 -0.0233707427978516
0.0316696166992188 0.05950927734375 0.00378036499023438 -0.028289794921875
0.00196075439453125 0.076629638671875 0.0163230895996094 -0.0267467498779297
-0.0398101806640625 0.0718841552734375 0.0104751586914062 -0.0164318084716797
-0.0587539672851562 0.06219482421875 0.0248527526855469 0.0249481201171875
-0.0284156799316406 0.0677833557128906 -0.00139045715332031 0.0322589874267578
0.010528564453125 0.0768966674804688 0.0006256103515625 0.0444984436035156
0.0503883361816406 0.0423393249511719 0.0273456573486328 0.0338058471679687
0.0561065673828125 0.00421905517578125 0.031646728515625 0.0109882354736328
0.0407791137695313 -0.0369148254394531 0.0229034423828125 -0.0135383605957031
0.0192527770996094 -0.0508460998535156 0.00411224365234375 -0.0141792297363281
0.0181732177734375 -0.0468406677246094 -0.00586414337158203 -0.00139904022216797
0.0143623352050781 -0.0554924011230469 -0.00725603103637695 0.00392532348632812
0.0278434753417969 -0.0473785400390625 -0.0177574157714844 0.00388717651367188
0.0523414611816406 -0.0263824462890625 -0.0212535858154297 9.91821289062465E-05
0.058868408203125 0.00928497314453125 -0.0148897171020508 -0.0165414810180664
0.0315704345703125 0.0612831115722656 -0.00125312805175781 -0.0232658386230469
-0.00242614746093749 0.076690673828125 0.0130720138549805 -0.0116291046142578
-0.0465774536132813 0.067901611328125 -0.00542402267456055 0.00496768951416016
-0.0591888427734375 0.04718017578125 0.00247955322265625 0.045684814453125
-0.0369949340820312 0.0595626831054688 -0.0137443542480469 0.0474281311035156
-0.000190734863281248 0.0752334594726563 -0.00762176513671875 0.046417236328125
0.0440711975097656 0.0464973449707031 0.013275146484375 0.0371055603027344
0.053924560546875 0.00852203369140625 0.0176868438720703 0.0197067260742188
0.0413970947265625 -0.0336112976074219 0.013300895690918 0.00256538391113281
0.0200004577636719 -0.0480613708496094 0.00123310089111328 0.00484371185302734
0.0183372497558594 -0.0443992614746094 -0.00689697265625 0.0151453018188477
0.0145835876464844 -0.053192138671875 -0.00884246826171875 0.0205421447753906
0.0270614624023437 -0.0450019836425781 -0.0223064422607422 0.0180034637451172
0.0498847961425781 -0.0244369506835938 -0.0264759063720703 0.0104598999023438
0.0540618896484375 0.00980377197265625 -0.0205116271972656 -0.0100879669189453
0.0248260498046875 0.0582618713378906 -0.00552749633789063 -0.0183124542236328
-0.00904083251953125 0.0683479309082031 0.00886917114257813 0.00204849243164063
-0.0485687255859375 0.0548782348632813 -0.0219020843505859 0.0234909057617188
-0.0483970642089844 0.0238075256347656 -0.019561767578125 0.0597076416015625
-0.0360984802246094 0.0393714904785156 -0.0255203247070313 0.0577011108398437
-0.00902175903320313 0.0565757751464844 -0.0137748718261719 0.0447540283203125
0.0296249389648438 0.0391654968261719 0.00107574462890625 0.0364646911621094
0.0408287048339844 0.00987625122070313 0.00432586669921875 0.0234527587890625
0.0338211059570313 -0.025238037109375 0.00302219390869141 0.0159444808959961
0.0172653198242188 -0.0369987487792969 -0.00201797485351562 0.0222148895263672
0.0150032043457031 -0.0353279113769531 -0.00641059875488281 0.0300312042236328
0.0127716064453125 -0.0430831909179688 -0.00965499877929688 0.0357093811035156
0.0227737426757813 -0.0365791320800781 -0.0257530212402344 0.0309848785400391
0.0415382385253906 -0.0184669494628906 -0.0321006774902344 0.0186614990234375
0.0437088012695313 0.0107803344726563 -0.0268917083740234 -0.00573921203613281
0.01513671875 0.0494041442871094 -0.0090627670288086 -0.0152273178100586
-0.0160026550292969 0.0522842407226562 0.00413036346435547 0.0130815505981445
-0.0457534790039063 0.0340461730957031 -0.037994384765625 0.0373306274414062
-0.0286827087402344 -0.00378227233886719 -0.0322952270507813 0.0655593872070312
-0.0280971527099609 0.0120773315429688 -0.03155517578125 0.0613517761230469
-0.0147037506103516 0.0281238555908203 -0.0160026550292969 0.0412330627441406
0.0111217498779297 0.0241127014160156 -0.00746726989746094 0.0341224670410156
0.0210723876953125 0.00792121887207031 -0.00387954711914062 0.0256500244140625
0.0201740264892578 -0.0130100250244141 -0.003173828125 0.0254478454589844
0.0115776062011719 -0.0203189849853516 -0.00334548950195313 0.0346050262451172
0.0105514526367188 -0.0207862854003906 -0.00555038452148437 0.03961181640625
0.00918388366699219 -0.0267257690429688 -0.011260986328125 0.0459136962890625
0.0156974792480469 -0.023468017578125 -0.0292434692382812 0.03936767578125
0.0290298461914063 -0.0109024047851563 -0.0365028381347656 0.0232353210449219
0.0287704467773438 0.00964736938476563 -0.0323505401611328 -0.00275039672851562
0.00481796264648438 0.0351905822753906 -0.0133810043334961 -0.0141925811767578
-0.0200576782226562 0.0302486419677734 -0.002593994140625 0.0183792114257813
-0.03662109375 0.00878524780273438 -0.0527687072753906 0.0433273315429688
0.0142631530761719 0.0188636779785156 0.0580558776855469 -0.0501899719238281
0.016728401184082 -0.00829601287841797 0.00994682312011719 -0.0235862731933594
0.000267982482910158 -0.0144176483154297 0.0130271911621094 0.0186481475830078
-0.00971031188964844 -0.00532627105712891 0.0437698364257813 0.00888824462890625
-0.00905132293701172 0.00316810607910156 0.0464134216308594 -0.022247314453125
-0.00626850128173828 0.00874662399291992 0.0306739807128906 -0.0483360290527344
-0.00466489791870117 0.00458383560180664 0.00893783569335937 -0.0577125549316406
-0.00399565696716309 0.00430202484130859 0.00193405151367188 -0.0469131469726563
-0.00575065612792969 0.00387334823608398 0.001007080078125 -0.040679931640625
-0.00598001480102539 -0.00245475769042969 0.00495338439941406 -0.0340080261230469
-0.000293731689453125 -0.00856542587280273 0.0045318603515625 -0.0305061340332031
0.0103664398193359 -0.00814533233642578 0.0107421875 -0.0359992980957031
0.0190486907958984 0.0036773681640625 0.0231208801269531 -0.0425567626953125
0.0194740295410156 0.0203094482421875 0.0317153930664063 -0.06243896484375
0.00960922241210937 0.030792236328125 0.0441017150878906 -0.067901611328125
-0.00727081298828125 0.0443687438964844 0.0634422302246094 -0.0402755737304688
0.0111675262451172 0.0190658569335938 0.0147342681884766 -0.0171108245849609
0.0112791061401367 0.0108880996704102 0.0143451690673828 0.0235557556152344
0.0113058090209961 0.00294876098632813 0.046478271484375 0.0128440856933594
0.0105609893798828 -0.00113296508789063 0.0503997802734375 -0.018310546875
0.00660133361816406 -0.00860118865966797 0.0333671569824219 -0.0480690002441406
0.000833511352539064 -0.0167236328125 0.00876998901367188 -0.0565986633300781
0.00310325622558594 -0.0154018402099609 -0.000247955322265624 -0.0431175231933594
0.00189971923828125 -0.0184574127197266 -0.00109100341796875 -0.0375747680664062
0.00884628295898437 -0.0187835693359375 0.000555038452148437 -0.0322036743164063
0.0219459533691406 -0.0126667022705078 -0.000488281250000002 -0.0281887054443359
0.0308551788330078 0.00334548950195313 0.0072174072265625 -0.0343208312988281
0.0229206085205078 0.0321292877197266 0.0178070068359375 -0.0397720336914063
0.0107688903808594 0.0487213134765625 0.0269546508789062 -0.0550346374511719
-0.012725830078125 0.0547523498535156 0.038330078125 -0.0573196411132813
-0.0300674438476563 0.0628509521484375 0.0597343444824219 -0.0226097106933594
2.28881835937549E-05 0.045318603515625 0.0147867202758789 -0.00424098968505859
0.0179710388183594 0.0401573181152344 0.0128803253173828 0.0317096710205078
0.0320625305175781 0.0162391662597656 0.0463523864746094 0.0200996398925781
0.03167724609375 -0.00260734558105469 0.050689697265625 -0.010406494140625
0.0204582214355469 -0.0238151550292969 0.0337867736816406 -0.0424652099609375
0.00800323486328125 -0.035369873046875 0.00823593139648438 -0.0479316711425781
0.00990676879882813 -0.0326042175292969 -0.002960205078125 -0.0331096649169922
0.00811004638671875 -0.038482666015625 -0.00400543212890625 -0.0277519226074219
0.019989013671875 -0.0340366363525391 -0.00654220581054687 -0.0243301391601563
0.03973388671875 -0.0193710327148437 -0.00802803039550781 -0.0215721130371094
0.0484161376953125 0.00843048095703125 -0.000307083129882812 -0.0311393737792969
0.0296897888183594 0.0518417358398438 0.0105247497558594 -0.0353469848632813
0.006561279296875 0.0697479248046875 0.0216064453125 -0.0432662963867187
-0.029205322265625 0.0708847045898438 0.0262641906738281 -0.0394515991210937
-0.0490264892578125 0.0712814331054688 0.0469474792480469 0.000709533691406254
-0.0145492553710938 0.0648918151855469 0.00903034210205078 0.0136852264404297
0.0193367004394531 0.0655975341796875 0.00840377807617188 0.0403518676757813
0.0478782653808594 0.0307235717773437 0.0402793884277344 0.0284271240234375
0.0497665405273438 -0.00123977661132813 0.0453224182128906 0.000629425048828125
0.0333518981933594 -0.0351753234863281 0.0306987762451172 -0.0302715301513672
0.0139694213867187 -0.048370361328125 0.00703239440917969 -0.0340900421142578
0.0148963928222656 -0.0447540283203125 -0.00453567504882813 -0.0185356140136719
0.0115089416503906 -0.0521736145019531 -0.00651168823242188 -0.0130033493041992
0.0257949829101563 -0.0450096130371094 -0.0136947631835938 -0.0114660263061523
0.0499420166015625 -0.0263442993164063 -0.0160818099975586 -0.0114383697509766
0.0592613220214844 0.0080108642578125 -0.00827980041503906 -0.0248031616210938
0.0355415344238281 0.0617599487304687 0.00341224670410156 -0.0304069519042969
0.004638671875 0.080413818359375 0.0166110992431641 -0.0290946960449219
-0.0403823852539063 0.0775985717773438 0.0108489990234375 -0.0179252624511719
-0.0607719421386719 0.0673065185546875 0.0261611938476563 0.0254364013671875
-0.0286178588867187 0.0719146728515625 -0.00164222717285156 0.0331497192382813
0.0131378173828125 0.0814590454101562 0.000850677490234374 0.04766845703125
0.0542678833007813 0.0430030822753906 0.0291748046875 0.0352058410644531
0.0597190856933594 0.00297927856445313 0.0340213775634766 0.0116748809814453
0.0414009094238281 -0.0398406982421875 0.0236053466796875 -0.0149288177490234
0.0184059143066406 -0.0542335510253906 0.00417900085449219 -0.0151443481445313
0.0172195434570312 -0.0496444702148438 -0.00605964660644531 -0.000827789306640628
0.0129127502441406 -0.0585212707519531 -0.00795555114746094 0.00477075576782226
0.0276527404785156 -0.050201416015625 -0.0188140869140625 0.0045928955078125
0.0537376403808594 -0.0292739868164063 -0.0224246978759766 0.000707626342773433
0.0618247985839844 0.00771713256835938 -0.015660285949707 -0.0171527862548828
0.0352935791015625 0.0642738342285156 -0.001495361328125 -0.0246429443359375
0.000396728515625001 0.0807037353515625 0.0139522552490234 -0.0129966735839844
-0.0473861694335938 0.0727767944335937 -0.00576877593994141 0.00487279891967774
-0.0615196228027344 0.0514335632324219 0.0030670166015625 0.0477561950683594
-0.0381546020507813 0.06402587890625 -0.0136375427246094 0.0500411987304688
0.00183868408203126 0.0796127319335938 -0.007568359375 0.0496177673339844
0.0475654602050781 0.0472297668457031 0.0147819519042969 0.0393295288085938
0.0573806762695312 0.00769424438476563 0.0197734832763672 0.0206127166748047
0.0423011779785156 -0.0365219116210938 0.0142488479614258 0.00212860107421875
0.0191802978515625 -0.051177978515625 0.00155210494995117 0.00548267364501953
0.0177803039550781 -0.047515869140625 -0.00635242462158203 0.0164985656738281
0.0129165649414062 -0.056243896484375 -0.00884628295898437 0.0218067169189453
0.0264396667480469 -0.0483207702636719 -0.0229434967041016 0.0196933746337891
0.0511627197265625 -0.0272712707519531 -0.0277976989746094 0.0112380981445312
0.057098388671875 0.0084228515625 -0.0222034454345703 -0.0102691650390625
0.0284767150878906 0.0606765747070313 -0.0060882568359375 -0.0194854736328125
-0.007720947265625 0.0719528198242188 0.00963878631591797 0.001495361328125
-0.0499916076660156 0.0589866638183594 -0.0225257873535156 0.0248203277587891
-0.0503921508789063 0.0267868041992187 -0.019378662109375 0.063018798828125
-0.0373039245605469 0.0422706604003906 -0.0256004333496094 0.0611000061035156
-0.00825500488281251 0.0604972839355469 -0.0141334533691406 0.0480194091796875
0.0320167541503906 0.0406074523925781 0.00112152099609376 0.0387954711914063
0.0438423156738281 0.00915145874023437 0.00560379028320313 0.0255622863769531
0.0345382690429688 -0.0275669097900391 0.00382804870605469 0.0168418884277344
0.0167427062988281 -0.0398063659667969 -0.00124549865722656 0.0236778259277344
0.0147438049316406 -0.0378189086914063 -0.00565910339355469 0.0320911407470703
0.0120048522949219 -0.0453376770019531 -0.00934219360351563 0.0376510620117188
0.0228500366210938 -0.0389556884765625 -0.0263404846191406 0.03326416015625
0.0432815551757812 -0.0210380554199219 -0.0330352783203125 0.0201854705810547
0.0458564758300781 0.00977325439453125 -0.0283737182617187 -0.00523948669433594
0.0174217224121094 0.0519218444824219 -0.0095977783203125 -0.0155506134033203
-0.0151443481445312 0.0550422668457031 0.00504875183105469 0.0130577087402344
-0.0472221374511719 0.036865234375 -0.0392494201660156 0.0399017333984375
-0.03076171875 -0.00339889526367187 -0.0331077575683594 0.0695953369140625
-0.0292625427246094 0.0132198333740234 -0.0315475463867187 0.0650138854980469
-0.0145721435546875 0.0304698944091797 -0.0164413452148438 0.0438995361328125
0.0126438140869141 0.0249404907226563 -0.00711822509765625 0.03704833984375
0.0223217010498047 0.00791740417480469 -0.0037078857421875 0.0276603698730469
0.0203456878662109 -0.01416015625 -0.00266265869140625 0.0269985198974609
0.0113162994384766 -0.0220985412597656 -0.00220870971679688 0.0364532470703125
0.0100917816162109 -0.0222682952880859 -0.0046234130859375 0.0421676635742188
0.00891685485839844 -0.0279750823974609 -0.0105667114257812 0.04833984375
0.0158061981201172 -0.0253734588623047 -0.0297355651855469 0.0421142578125
0.0301036834716797 -0.0125751495361328 -0.0379753112792969 0.0253372192382813
0.0307636260986328 0.00959205627441406 -0.0339698791503906 -0.00238037109374999
0.00601959228515625 0.0370140075683594 -0.0139951705932617 -0.0145139694213867
-0.02032470703125 0.0318794250488281 -0.00206756591796875 0.0191211700439453
-0.0383377075195312 0.0101585388183594 -0.0538597106933594 0.0466079711914063
0.0162391662597656 0.0191650390625 0.0578765869140625 -0.0550727844238281
0.0164928436279297 -0.00888824462890625 0.00812911987304688 -0.0247802734375
-9.44137573242199E-05 -0.015106201171875 0.0144100189208984 0.0190563201904297
-0.0103483200073242 -0.0054779052734375 0.0452880859375 0.00705718994140625
-0.00951480865478516 0.00348758697509766 0.0471458435058594 -0.0252761840820313
-0.00580692291259766 0.00959587097167969 0.0293235778808594 -0.0517845153808594
-0.00455713272094726 0.00520801544189453 0.00603485107421875 -0.0603981018066406
-0.00390529632568359 0.00472354888916016 -0.000701904296875001 -0.0488853454589844
-0.00521087646484375 0.00365591049194336 -0.00128173828125 -0.042266845703125
-0.00613689422607422 -0.00205421447753906 0.00334548950195312 -0.03558349609375
-0.000858306884765626 -0.00895309448242188 0.00311088562011719 -0.0321865081787109
0.0106496810913086 -0.00927925109863281 0.00964736938476562 -0.0384941101074219
0.0198631286621094 0.00315475463867188 0.0220184326171875 -0.0460472106933594
0.0213108062744141 0.0198898315429688 0.0300827026367188 -0.0665092468261719
0.0116024017333984 0.0316219329833984 0.0424423217773438 -0.0738677978515625
-0.005157470703125 0.0472526550292969 0.0636482238769531 -0.0448188781738281
0.0123977661132812 0.0195140838623047 0.0134429931640625 -0.0186634063720703
0.0126075744628906 0.0110044479370117 0.0158348083496094 0.0240268707275391
0.0124225616455078 0.00262737274169922 0.0487632751464844 0.0117874145507813
0.0114879608154297 -0.00184440612792969 0.0516204833984375 -0.0215339660644531
0.00599575042724609 -0.00964927673339844 0.0323638916015625 -0.0521697998046875
-9.72747802734384E-05 -0.0172853469848633 0.00598907470703125 -0.0590171813964844
0.00231552124023438 -0.0162754058837891 -0.00225830078125 -0.0449180603027344
0.00115776062011719 -0.0192584991455078 -0.00333404541015625 -0.0395011901855469
0.00833511352539062 -0.0197029113769531 -0.00133705139160156 -0.0338077545166016
0.0219192504882813 -0.0139503479003906 -0.00213050842285156 -0.0294761657714844
0.0326824188232422 0.00185394287109375 0.0059814453125 -0.0369148254394531
0.0260162353515625 0.0322380065917969 0.0170173645019531 -0.0427703857421875
0.0143318176269531 0.0502967834472656 0.025360107421875 -0.05908203125
-0.0105857849121094 0.0584869384765625 0.0372428894042969 -0.0625038146972656
-0.0275497436523438 0.0676498413085938 0.0606346130371094 -0.0261611938476563
0.00172805786132813 0.0472564697265625 0.0143518447875977 -0.00543498992919922
0.0213813781738281 0.0409202575683594 0.0151119232177734 0.0331821441650391
0.0347042083740234 0.0149364471435547 0.0490226745605469 0.0186920166015625
0.0332145690917969 -0.00448799133300781 0.0519866943359375 -0.0134658813476563
0.0196781158447266 -0.0262775421142578 0.0328330993652344 -0.0457382202148438
0.00600051879882813 -0.0373191833496094 0.00591278076171876 -0.0506973266601563
0.00825691223144531 -0.0348148345947266 -0.00428581237792969 -0.0342388153076172
0.00604629516601563 -0.0402755737304687 -0.00580978393554688 -0.0285224914550781
0.0185813903808594 -0.0364837646484375 -0.00852584838867188 -0.0246734619140625
0.0397148132324219 -0.0223350524902344 -0.00957298278808594 -0.0222549438476563
0.0507659912109375 0.0058135986328125 -0.00160598754882812 -0.0328273773193359
0.0340728759765625 0.0524787902832031 0.00933074951171875 -0.0381278991699219
0.0107803344726562 0.0719146728515625 0.0199089050292969 -0.04669189453125
-0.0272598266601563 0.0757522583007813 0.025360107421875 -0.0428848266601562
-0.0474395751953125 0.0774307250976563 0.0486526489257813 -0.00148391723632812
-0.0124969482421875 0.0685272216796875 0.00933074951171875 0.0133457183837891
0.0240592956542969 0.0676307678222656 0.0106735229492188 0.042236328125
0.0516586303710938 0.0293045043945313 0.04302978515625 0.02801513671875
0.0520744323730469 -0.0037384033203125 0.0476951599121094 -0.00128555297851563
0.0321044921875 -0.038330078125 0.0304355621337891 -0.0332241058349609
0.0113410949707031 -0.0513381958007813 0.00526046752929687 -0.035430908203125
0.0129432678222656 -0.0473213195800781 -0.00548934936523438 -0.0183849334716797
0.00865554809570312 -0.0547409057617188 -0.00788593292236328 -0.0130643844604492
0.0239486694335938 -0.048370361328125 -0.014674186706543 -0.0111207962036133
0.050445556640625 -0.0300254821777344 -0.0171670913696289 -0.0112600326538086
0.0620574951171875 0.00545120239257813 -0.0102519989013672 -0.0257968902587891
0.0407905578613281 0.0623779296875 0.00243949890136719 -0.0325984954833984
0.00907897949218751 0.083221435546875 0.0156288146972656 -0.0316219329833984
-0.0384750366210938 0.0831298828125 0.0104866027832031 -0.0198650360107422
-0.060089111328125 0.0737686157226563 0.0278892517089844 0.0250434875488281
-0.0265350341796875 0.0764083862304688 -0.000394821166992188 0.0341720581054688
0.018524169921875 0.084228515625 0.00226211547851563 0.0499038696289063
0.0584678649902344 0.0417098999023438 0.0321311950683594 0.0364723205566406
0.0627937316894531 0.000492095947265625 0.0366897583007813 0.0106391906738281
0.0401992797851563 -0.0435256958007813 0.0235881805419922 -0.0164356231689453
0.0152397155761719 -0.0574264526367188 0.00355720520019531 -0.0151052474975586
0.0153694152832031 -0.0530357360839844 -0.00634336471557617 5.91278076171839E-05
0.00940704345703124 -0.0616645812988281 -0.00847911834716797 0.00559234619140625
0.0253944396972656 -0.0537071228027344 -0.0192832946777344 0.00567436218261718
0.0538253784179688 -0.033905029296875 -0.0234489440917969 0.00165939331054688
0.0647430419921875 0.00434494018554688 -0.0172157287597656 -0.0175895690917969
0.0408210754394531 0.0647773742675781 -0.00258636474609375 -0.0262775421142578
0.00449371337890626 0.0837326049804688 0.0137996673583984 -0.0143184661865234
-0.045928955078125 0.0794830322265625 -0.00580883026123047 0.00456380844116211
-0.061248779296875 0.0569419860839844 0.00513076782226562 0.0495071411132813
-0.0366401672363281 0.0682334899902344 -0.0123100280761719 0.0520515441894531
0.00645446777343749 0.0831069946289063 -0.00626373291015625 0.0524635314941406
0.0517234802246094 0.0467147827148438 0.0168418884277344 0.0409622192382813
0.0607948303222656 0.00494003295898438 0.0220928192138672 0.0207767486572266
0.0415191650390625 -0.0403404235839844 0.0149097442626953 0.00124549865722656
0.0169677734375 -0.0543327331542969 0.00209903717041016 0.00587034225463867
0.0154800415039063 -0.0507583618164063 -0.00571250915527343 0.0181503295898437
0.00947189331054687 -0.0589179992675781 -0.00857353210449219 0.0234622955322266
0.0241165161132813 -0.0516319274902344 -0.0232772827148438 0.0219097137451172
0.0513534545898437 -0.0313301086425781 -0.0283737182617187 0.0134334564208984
0.0599937438964844 0.0056915283203125 -0.0234394073486328 -0.00963401794433594
0.0335121154785156 0.0617141723632813 -0.00694656372070312 -0.0200309753417969
-0.003662109375 0.0748672485351563 0.0102996826171875 0.000470161437988286
-0.0490608215332031 0.0646820068359375 -0.0218753814697266 0.02667236328125
-0.0507736206054688 0.0303115844726563 -0.0175819396972656 0.0668830871582031
-0.0367202758789062 0.0462493896484375 -0.0239830017089844 0.0645370483398438
-0.00489425659179687 0.063751220703125 -0.0125808715820312 0.0518722534179688
0.0357933044433594 0.0402069091796875 0.00356674194335938 0.04144287109375
0.0465965270996094 0.00728225708007813 0.00777244567871094 0.0265254974365234
0.033782958984375 -0.0304679870605469 0.0047607421875 0.0165519714355469
0.0144615173339844 -0.0425949096679688 0.000152587890625003 0.0247974395751953
0.0133018493652344 -0.0403366088867188 -0.00403976440429688 0.034149169921875
0.00887298583984375 -0.0477180480957031 -0.00793075561523437 0.0396804809570313
0.0205192565917969 -0.0418548583984375 -0.0258064270019531 0.036376953125
0.0430679321289063 -0.0243453979492188 -0.0332145690917969 0.0223789215087891
0.0483932495117188 0.0080108642578125 -0.0291748046875 -0.00429916381835937
0.0212631225585937 0.05279541015625 -0.0108880996704102 -0.0161657333374023
-0.012451171875 0.0580978393554688 0.00634670257568359 0.0129804611206055
-0.0473899841308594 0.0413131713867188 -0.0381584167480469 0.0436325073242187
-0.0314693450927734 -0.00202178955078125 -0.0310745239257813 0.0746536254882812
-0.0299186706542969 0.0154914855957031 -0.0301895141601563 0.06915283203125
-0.0131969451904297 0.0325050354003906 -0.0151405334472656 0.0468521118164063
0.0143966674804687 0.0253486633300781 -0.00570297241210937 0.0397415161132813
0.0241432189941406 0.00708580017089844 -0.00194358825683594 0.0295639038085937
0.0202732086181641 -0.0157299041748047 -0.00135040283203125 0.0280551910400391
0.0107841491699219 -0.0235500335693359 2.28881835937545E-05 0.0380821228027344
0.00923347473144531 -0.0237712860107422 -0.00258255004882813 0.0446319580078125
0.0074005126953125 -0.0296344757080078 -0.00845718383789063 0.0512351989746094
0.0146408081054688 -0.0270576477050781 -0.0292549133300781 0.0458641052246094
0.0308017730712891 -0.0148048400878906 -0.0377731323242187 0.0282707214355469
0.0323677062988281 0.00809860229492187 -0.0352516174316406 -0.000900268554687493
0.00786972045898438 0.03826904296875 -0.0150060653686523 -0.0145940780639648
-0.0192947387695312 0.0344505310058594 -0.000127792358398439 0.0197906494140625
-0.0388908386230469 0.0126686096191406 -0.0533828735351562 0.0512619018554688
0.0178108215332031 0.0184879302978516 0.0550308227539063 -0.0589942932128906
0.0164165496826172 -0.00998783111572266 0.00609970092773438 -0.0253143310546875
-0.00112628936767578 -0.0153284072875977 0.0157718658447266 0.0188694000244141
-0.0108814239501953 -0.00490856170654297 0.0461196899414063 0.00501251220703125
-0.0092620849609375 0.0041971206665039 0.0460739135742188 -0.02789306640625
-0.00553607940673828 0.0103969573974609 0.0270233154296875 -0.0537376403808594
-0.00418186187744141 0.00578737258911133 0.00223159790039062 -0.0616912841796875
-0.00346755981445312 0.00447511672973633 -0.00327682495117188 -0.0494728088378906
-0.00473833084106445 0.00427532196044922 -0.00379180908203125 -0.0425376892089844
-0.00609827041625977 -0.00147676467895508 0.00138473510742187 -0.0366783142089844
-0.00155258178710938 -0.00890064239501953 0.00151634216308594 -0.0329666137695313
0.0105171203613281 -0.00999259948730469 0.0076904296875 -0.0399703979492188
0.0202827453613281 0.001983642578125 0.0194358825683594 -0.0484466552734375
0.0229511260986328 0.0189838409423828 0.0263290405273437 -0.069183349609375
0.0138893127441406 0.0318107604980469 0.0390167236328125 -0.07763671875
-0.0019989013671875 0.0484504699707031 0.0614013671875 -0.0491523742675781
0.0132961273193359 0.0192584991455078 0.0114593505859375 -0.0196723937988281
0.0132942199707031 0.0105962753295898 0.0173416137695313 0.0241374969482422
0.0128450393676758 0.00200462341308594 0.05023193359375 0.00918960571289063
0.0116205215454102 -0.00284671783447266 0.0506210327148438 -0.0245933532714844
0.00502777099609375 -0.00987625122070312 0.0296096801757813 -0.0544509887695313
-0.00124835968017578 -0.0170059204101563 0.00281906127929688 -0.0596580505371094
0.00117588043212891 -0.0167407989501953 -0.00495147705078125 -0.0452194213867187
-0.000511169433593752 -0.0195674896240234 -0.00554656982421875 -0.0393867492675781
0.00741958618164062 -0.0198593139648438 -0.00346183776855468 -0.0339679718017578
0.0212650299072266 -0.0156822204589844 -0.00324058532714843 -0.0300312042236328
0.0331516265869141 0.00012969970703125 0.00415420532226563 -0.0381546020507813
0.0282440185546875 0.0309982299804688 0.0147209167480469 -0.0445747375488281
0.017333984375 0.0496597290039063 0.021942138671875 -0.0612983703613281
-0.00727462768554688 0.0597686767578125 0.0344429016113281 -0.0661239624023438
-0.023895263671875 0.0704193115234375 0.05963134765625 -0.0301895141601562
0.0041656494140625 0.0479393005371094 0.0126848220825195 -0.00627899169921875
0.0243606567382813 0.040191650390625 0.0167636871337891 0.0333347320556641
0.0359916687011719 0.0130500793457031 0.0505943298339844 0.0169029235839844
0.0338478088378906 -0.00695610046386719 0.0522499084472656 -0.0162734985351562
0.0180282592773438 -0.0274944305419922 0.0304336547851562 -0.0476417541503906
0.0030059814453125 -0.0379371643066406 0.00312042236328125 -0.0511054992675781
0.00632858276367188 -0.0357475280761719 -0.00597763061523437 -0.0337905883789062
0.00308609008789062 -0.0410232543945312 -0.00766563415527344 -0.0282917022705078
0.0162544250488281 -0.0375633239746094 -0.010009765625 -0.0244350433349609
0.038787841796875 -0.024932861328125 -0.0108356475830078 -0.0220375061035156
0.0522384643554688 0.00286102294921875 -0.00361442565917968 -0.0335979461669922
0.0380439758300781 0.0512809753417969 0.00753784179687501 -0.0400123596191406
0.0151901245117188 0.0719070434570313 0.0173072814941406 -0.0488510131835937
-0.0234909057617187 0.0790023803710938 0.0230751037597656 -0.0454330444335937
-0.0436019897460937 0.0815353393554688 0.0487632751464844 -0.00433349609374999
-0.00910186767578125 0.0702857971191406 0.0091400146484375 0.0125627517700195
0.0287246704101562 0.0675506591796875 0.0124969482421875 0.0429496765136719
0.0539817810058594 0.0266189575195313 0.0450172424316406 0.026611328125
0.0528297424316406 -0.00713729858398437 0.0485877990722656 -0.00384902954101563
0.02972412109375 -0.0405082702636719 0.0286960601806641 -0.0349273681640625
0.00738525390625 -0.0526504516601563 0.00298690795898438 -0.0356483459472656
0.0101203918457031 -0.0487556457519531 -0.00634765625 -0.0178031921386719
0.00450515747070312 -0.0557098388671875 -0.00883769989013672 -0.0129671096801758
0.0205154418945313 -0.0500907897949219 -0.0158138275146484 -0.00997066497802735
0.0487289428710937 -0.0335235595703125 -0.0180416107177734 -0.0101795196533203
0.0635910034179688 0.00154876708984375 -0.0114192962646484 -0.0260219573974609
0.0456504821777344 0.0606269836425781 0.000854492187500004 -0.0336265563964844
0.0143890380859375 0.0833816528320312 0.0140018463134766 -0.0334701538085937
-0.0345306396484375 0.08734130859375 0.00936508178710938 -0.0213737487792969
-0.0564956665039062 0.0786666870117188 0.0293712615966797 0.0240001678466797
-0.0228729248046875 0.0789642333984375 0.000637054443359376 0.0340538024902344
0.0238113403320313 0.0849456787109375 0.00531005859375001 0.0507316589355469
0.0616798400878906 0.0388259887695313 0.0343208312988281 0.0357666015625
0.063812255859375 -0.00356674194335938 0.0386161804199219 0.00902175903320313
0.037872314453125 -0.0462608337402344 0.0225181579589844 -0.0179100036621094
0.01104736328125 -0.058929443359375 0.00272846221923828 -0.0149002075195313
0.0122909545898437 -0.0548095703125 -0.00559091567993164 0.000998020172119137
0.00531768798828125 -0.0624809265136719 -0.00825119018554687 0.00604772567749023
0.0215377807617187 -0.0561370849609375 -0.0194778442382812 0.00771713256835937
0.0521469116210937 -0.0375938415527344 -0.0235023498535156 0.00303077697753906
0.0659217834472656 0.00061798095703125 -0.0188236236572266 -0.0171489715576172
0.0455207824707031 0.0630836486816406 -0.00388336181640625 -0.0266895294189453
0.0100173950195312 0.08428955078125 0.0124588012695313 -0.0161104202270508
-0.0420761108398438 0.08331298828125 -0.0052175521850586 0.00488996505737305
-0.0584869384765625 0.0616950988769531 0.00758743286132812 0.0499992370605469
-0.0333786010742188 0.0712356567382813 -0.00986480712890626 0.0531692504882813
0.0117874145507813 0.0845489501953125 -0.00364303588867188 0.0541877746582031
0.0554313659667969 0.0437812805175781 0.0195465087890625 0.0413398742675781
0.0619888305664063 0.00152969360351563 0.023895263671875 0.0201644897460938
0.039031982421875 -0.0433387756347656 0.0148391723632813 0.000320434570312497
0.0128135681152344 -0.05633544921875 0.00198030471801758 0.0059819221496582
0.0123176574707031 -0.0523033142089844 -0.00428962707519531 0.0193405151367187
0.00537872314453125 -0.0600090026855469 -0.00728225708007813 0.0244121551513672
0.0206451416015625 -0.0531539916992188 -0.0225563049316406 0.0240249633789063
0.0495071411132813 -0.0348091125488281 -0.0279636383056641 0.0153999328613281
0.0610771179199219 0.00204086303710938 -0.0241508483886719 -0.00887870788574219
0.0377883911132813 0.0600547790527344 -0.00777626037597656 -0.0202827453613281
0.000816345214843742 0.0754623413085938 0.0107307434082031 -0.000482559204101558
-0.0457839965820312 0.0689544677734375 -0.0205974578857422 0.0277290344238281
-0.0492897033691406 0.0332756042480469 -0.0144577026367188 0.0687065124511719
-0.0347251892089844 0.0489921569824219 -0.0211334228515625 0.0663337707519531
-0.00120925903320312 0.0651168823242188 -0.0107078552246094 0.053131103515625
0.0383987426757813 0.038604736328125 0.00601959228515625 0.0420913696289062
0.0477638244628906 0.00470733642578125 0.00965499877929688 0.0272331237792969
0.0321540832519531 -0.0329036712646484 0.00582504272460938 0.0165815353393555
0.0117340087890625 -0.0436668395996094 0.00220680236816406 0.0255470275878906
0.0105056762695312 -0.0418052673339844 -0.0018157958984375 0.0354690551757813
0.00598907470703125 -0.0488777160644531 -0.00533294677734375 0.040802001953125
0.0178871154785156 -0.0430679321289063 -0.0245933532714844 0.0383033752441406
0.0420799255371094 -0.0274009704589844 -0.0321865081787109 0.0245189666748047
0.0493431091308594 0.00486373901367187 -0.0303859710693359 -0.00296401977539062
0.0250701904296875 0.0521697998046875 -0.0111894607543945 -0.0162076950073242
-0.00910568237304687 0.0590553283691406 0.00748062133789062 0.0123586654663086
-0.0453567504882813 0.0449142456054688 -0.0360984802246094 0.0458183288574219
-0.0317916870117188 -0.000255584716796876 -0.0277099609375 0.0772781372070312
-0.0294322967529297 0.0177936553955078 -0.026031494140625 0.0718231201171875
-0.011260986328125 0.0341472625732422 -0.0129890441894531 0.0488204956054688
0.0162315368652344 0.0245323181152344 -0.00330352783203125 0.0411376953125
0.0250244140625 0.00597000122070313 -0.000211715698242186 0.0304298400878906
0.0192890167236328 -0.0174312591552734 0.000530242919921874 0.0280933380126953
0.00858116149902344 -0.0246391296386719 0.00228500366210938 0.0388755798339844
0.00761985778808594 -0.0250205993652344 0.000183105468750001 0.0453872680664063
0.005340576171875 -0.0305023193359375 -0.005340576171875 0.0522842407226563
0.0127487182617187 -0.0280685424804688 -0.0263481140136719 0.0479774475097656
0.0296611785888672 -0.0170078277587891 -0.0364837646484375 0.0301437377929687
0.0332126617431641 0.00639724731445313 -0.0358161926269531 0.00115585327148437
0.010406494140625 0.0379829406738281 -0.0154485702514648 -0.0143022537231445
-0.0175132751464844 0.0356369018554688 0.00154304504394531 0.0197067260742188
-0.0387001037597656 0.0151023864746094 -0.0505218505859375 0.0544624328613281
0.018585205078125 0.0175037384033203 0.0521965026855469 -0.06060791015625
0.0156850814819336 -0.0104990005493164 0.00410842895507812 -0.0251846313476562
-0.00154209136962891 -0.0152263641357422 0.0165500640869141 0.0185737609863281
-0.0109596252441406 -0.00486564636230469 0.0458717346191406 0.00360870361328125
-0.00935173034667969 0.00415897369384766 0.0445175170898438 -0.0288772583007813
-0.00493049621582031 0.0101852416992188 0.0252189636230469 -0.0543327331542969
-0.00379037857055664 0.00631999969482422 -8.39233398437565E-05 -0.0609664916992188
-0.00342226028442383 0.00470781326293945 -0.00536346435546875 -0.0488014221191406
-0.00442028045654297 0.00428867340087891 -0.00569534301757813 -0.042572021484375
-0.00562715530395508 -0.000930309295654296 -0.000247955322265627 -0.0365943908691406
-0.00178194046020508 -0.00851869583129883 0.000112533569335935 -0.0335044860839844
0.00984954833984375 -0.0102357864379883 0.00607681274414063 -0.0408706665039063
0.0205497741699219 0.0010528564453125 0.01763916015625 -0.0487709045410156
0.0228023529052734 0.0184516906738281 0.0234146118164063 -0.0695152282714844
0.0150184631347656 0.0310516357421875 0.0356979370117188 -0.0794754028320313
6.86645507812545E-05 0.0483665466308594 0.0591049194335938 -0.0509185791015625
0.0137042999267578 0.0189628601074219 0.00989151000976563 -0.0196800231933594
0.0142946243286133 0.0100088119506836 0.0183906555175781 0.0242576599121094
0.012232780456543 0.000964164733886719 0.0498161315917969 0.0077667236328125
0.0112762451171875 -0.00369739532470703 0.049896240234375 -0.0261955261230469
0.004730224609375 -0.0100269317626953 0.0273933410644531 -0.0545578002929687
-0.00255012512207031 -0.0169258117675781 4.1961669921878E-05 -0.0597152709960938
0.000738143920898439 -0.0169382095336914 -0.00684356689453126 -0.0444259643554688
-0.00111579895019531 -0.0197372436523438 -0.0075531005859375 -0.0390167236328125
0.006378173828125 -0.0200843811035156 -0.00463485717773437 -0.0337562561035156
0.0205001831054688 -0.0164241790771484 -0.00461387634277344 -0.0301570892333984
0.0330619812011719 -0.00161170959472656 0.002227783203125 -0.0390052795410156
0.0295486450195313 0.0297870635986328 0.0126686096191406 -0.045257568359375
0.0189361572265625 0.0483245849609375 0.0198593139648438 -0.0620651245117188
-0.0045166015625 0.060089111328125 0.0317344665527344 -0.0678215026855469
-0.0212249755859375 0.0713424682617188 0.0577430725097656 -0.0327568054199219
0.00552749633789062 0.0479888916015625 0.0114402770996094 -0.00696182250976562
0.0260429382324219 0.0395927429199219 0.0178070068359375 0.0331573486328125
0.03619384765625 0.0112495422363281 0.0505332946777344 0.0156059265136719
0.0335025787353516 -0.00881004333496094 0.0519027709960938 -0.0178985595703125
0.0162620544433594 -0.0284366607666016 0.0283470153808594 -0.0486526489257812
0.00117874145507812 -0.0372505187988281 0.000553131103515621 -0.0505104064941406
0.00464630126953125 -0.0357208251953125 -0.00716400146484375 -0.0329914093017578
0.0013885498046875 -0.0407524108886719 -0.00916099548339844 -0.0280036926269531
0.0146522521972656 -0.0374755859375 -0.0112781524658203 -0.023956298828125
0.0370521545410156 -0.0264129638671875 -0.0117454528808594 -0.0216541290283203
0.0520553588867188 0.000370025634765625 -0.00470161437988281 -0.0336170196533203
0.0401039123535156 0.04925537109375 0.00632095336914062 -0.0404548645019531
0.01788330078125 0.0705413818359375 0.0151824951171875 -0.0497703552246094
-0.0203323364257813 0.0799179077148438 0.0216751098632813 -0.0467643737792969
-0.0403671264648437 0.0830535888671875 0.0478973388671875 -0.00619125366210937
-0.00654602050781251 0.0706710815429688 0.00880050659179688 0.0118856430053711
0.0316810607910156 0.0664215087890625 0.0137481689453125 0.0430030822753906
0.0547065734863281 0.0243301391601563 0.0457000732421875 0.0253715515136719
0.0528221130371094 -0.00966644287109375 0.0483169555664063 -0.00563430786132813
0.0276107788085938 -0.0413246154785156 0.0268745422363281 -0.0359268188476563
0.00506591796875 -0.0522346496582031 0.00152587890625 -0.0352020263671875
0.00797653198242188 -0.0490989685058594 -0.0068826675415039 -0.0169258117675781
0.002105712890625 -0.0553627014160156 -0.00955867767333984 -0.0117406845092773
0.0180206298828125 -0.050537109375 -0.0164728164672852 -0.0090932846069336
0.0467033386230469 -0.0354537963867188 -0.0184783935546875 -0.00996589660644531
0.0631752014160156 -0.000995635986328125 -0.012481689453125 -0.0263023376464844
0.0480880737304688 0.0585784912109375 -0.000421524047851562 -0.0342655181884765
0.017303466796875 0.081939697265625 0.0124645233154297 -0.0341835021972656
-0.0309219360351563 0.0887298583984375 0.00888633728027343 -0.0221576690673828
-0.0531234741210937 0.0807342529296875 0.0293502807617187 0.0222625732421875
-0.0202484130859375 0.0795211791992188 0.000864028930664061 0.0331306457519531
0.027496337890625 0.0835952758789063 0.0064697265625 0.0518035888671875
0.0629806518554688 0.0363273620605469 0.035430908203125 0.0348129272460938
0.0635414123535156 -0.00671768188476563 0.03851318359375 0.0074310302734375
0.0349349975585938 -0.0473442077636719 0.021575927734375 -0.0189094543457031
0.00782012939453126 -0.0587501525878906 0.00202274322509766 -0.0152339935302734
0.00995635986328125 -0.0552406311035156 -0.00523281097412109 0.00193548202514648
0.002044677734375 -0.0619888305664063 -0.0083003044128418 0.0066385269165039
0.01849365234375 -0.0556488037109375 -0.0195693969726563 0.00840377807617187
0.0495414733886719 -0.0391807556152344 -0.0234832763671875 0.00377082824707031
0.0656089782714844 -0.00220489501953125 -0.0189609527587891 -0.01708984375
0.0482139587402344 0.0607986450195313 -0.00473976135253906 -0.0269870758056641
0.0131301879882812 0.0825119018554688 0.0122108459472656 -0.017207145690918
-0.0387039184570313 0.0852432250976563 -0.00537347793579102 0.00432252883911133
-0.0557937622070313 0.063995361328125 0.0091094970703125 0.0488700866699219
-0.0306930541992188 0.0721969604492188 -0.00906753540039063 0.0525627136230469
0.0160293579101562 0.0837554931640625 -0.00241851806640625 0.0550460815429688
0.0565414428710938 0.0419502258300781 0.0207138061523438 0.0409660339355469
0.0621376037597656 -0.00133895874023438 0.0249233245849609 0.0194568634033203
0.0365753173828125 -0.0440635681152344 0.0141983032226563 -0.000273704528808596
0.00959014892578125 -0.0561180114746094 0.00275802612304688 0.00602388381958008
0.00970840454101563 -0.0527877807617188 -0.00335121154785156 0.0202198028564453
0.00258255004882813 -0.059814453125 -0.00661087036132813 0.0247173309326172
0.0172500610351563 -0.0532341003417969 -0.0215301513671875 0.0247154235839844
0.0473480224609375 -0.0366706848144531 -0.0274448394775391 0.0156707763671875
0.0603790283203125 -0.000667572021484375 -0.0246200561523437 -0.00823783874511719
0.0400505065917969 0.0583229064941406 -0.00856208801269531 -0.0206642150878906
0.00384521484375 0.0746688842773438 0.0105295181274414 -0.00152492523193359
-0.0428543090820313 0.07086181640625 -0.0194129943847656 0.0280323028564453
-0.0473899841308594 0.0354423522949219 -0.0119132995605469 0.068572998046875
-0.03289794921875 0.0499954223632812 -0.0192413330078125 0.0659141540527344
0.001953125 0.0652008056640625 -0.00848770141601563 0.0537376403808594
0.039886474609375 0.0370941162109375 0.00763702392578126 0.0425224304199219
0.0480613708496094 0.00248336791992188 0.0108680725097656 0.0266628265380859
0.0297927856445313 -0.0338325500488281 0.00622463226318359 0.0166540145874023
0.00885391235351563 -0.0438766479492188 0.00288200378417969 0.0253505706787109
0.008544921875 -0.0421638488769531 -0.000179290771484376 0.0354766845703125
0.00318527221679687 -0.0479164123535156 -0.00439453125 0.0413780212402344
0.01531982421875 -0.0431365966796875 -0.0226669311523438 0.0394706726074219
0.0401420593261719 -0.029052734375 -0.0313472747802734 0.0255775451660156
0.0490570068359375 0.00279617309570313 -0.0299873352050781 -0.00181198120117187
0.0270843505859375 0.0510520935058594 -0.0116596221923828 -0.0160856246948242
-0.00701141357421875 0.0585212707519531 0.00834560394287109 0.0112133026123047
-0.0432472229003906 0.0467491149902344 -0.03411865234375 0.046417236328125
-0.0317173004150391 0.00116539001464844 -0.0249252319335938 0.0784149169921875
-0.0282077789306641 0.0185985565185547 -0.0239715576171875 0.072235107421875
-0.00924873352050782 0.0346107482910156 -0.0112075805664063 0.04888916015625
0.0169754028320313 0.0235500335693359 -0.00158309936523437 0.0411186218261719
0.0251388549804688 0.00446891784667969 0.00124549865722656 0.0304050445556641
0.0181350708007813 -0.0177021026611328 0.00137901306152344 0.0281925201416016
0.00697517395019532 -0.02508544921875 0.00416946411132813 0.0384445190429688
0.00635147094726562 -0.0251617431640625 0.00267410278320312 0.0454597473144531
0.00376129150390625 -0.0302276611328125 -0.00365829467773438 0.0524635314941406
0.0113868713378906 -0.0282306671142578 -0.0247459411621094 0.0486221313476562
0.0287647247314453 -0.0180854797363281 -0.0352096557617188 0.0314712524414063
0.0330333709716797 0.0045318603515625 -0.0355186462402344 0.00223159790039063
0.0120735168457031 0.0374946594238281 -0.0158767700195313 -0.0139875411987305
-0.0163230895996094 0.0357704162597656 0.00267791748046875 0.0187892913818359
-0.0373344421386719 0.0169563293457031 -0.0477523803710938 0.0555458068847656
0.0189437866210938 0.017120361328125 0.0508308410644531 -0.0615730285644531
0.0157289505004883 -0.0102615356445313 0.00298500061035156 -0.0244159698486328
-0.0019073486328125 -0.0150222778320313 0.0166110992431641 0.0183258056640625
-0.0112648010253906 -0.00457286834716797 0.0458145141601563 0.00341415405273437
-0.00930023193359375 0.00421524047851562 0.0438385009765625 -0.0294113159179688
-0.0041351318359375 0.0101375579833984 0.0241355895996094 -0.0543937683105469
-0.00352907180786133 0.0066227912902832 -0.00154876708984375 -0.06060791015625
-0.00264549255371094 0.00483131408691406 -0.00617980957031251 -0.0489768981933594
-0.00414848327636719 0.0044097900390625 -0.00650787353515625 -0.0420875549316406
-0.00538539886474609 -0.00104475021362305 -0.000572204589843749 -0.0369491577148438
-0.00174808502197266 -0.00798320770263672 -0.000286102294921872 -0.0338668823242188
0.00945854187011719 -0.0105838775634766 0.00551605224609375 -0.0411529541015625
0.02020263671875 0.000701904296875 0.0169296264648437 -0.048675537109375
0.0232448577880859 0.0179481506347656 0.0220413208007812 -0.0694580078125
0.0155563354492188 0.0307407379150391 0.034759521484375 -0.0804443359375
0.000919342041015623 0.0484848022460938 0.0575904846191406 -0.0521507263183594
0.0139198303222656 0.0194835662841797 0.00893211364746094 -0.019683837890625
0.0147218704223633 0.00973129272460937 0.0185718536376953 0.0243167877197266
0.012089729309082 0.000650405883789063 0.0495185852050781 0.0072479248046875
0.0113048553466797 -0.00451469421386719 0.0491943359375 -0.0260772705078125
0.00427055358886719 -0.00983905792236328 0.0262985229492188 -0.0547256469726563
-0.00245094299316406 -0.0165185928344727 -0.000938415527343747 -0.0591049194335937
0.000574111938476561 -0.0168857574462891 -0.00699996948242188 -0.0443038940429688
-0.00159454345703125 -0.0195159912109375 -0.00782394409179688 -0.0388069152832031
0.00584602355957031 -0.0197868347167969 -0.00545310974121094 -0.0335941314697266
0.0197124481201172 -0.0164737701416016 -0.00506782531738281 -0.0301837921142578
0.0331153869628906 -0.00207901000976563 0.00157928466796875 -0.03936767578125
0.030059814453125 0.0289077758789063 0.0123100280761719 -0.0453453063964844
0.01910400390625 0.0479049682617187 0.0183219909667969 -0.0624732971191406
-0.00393295288085937 0.0604820251464844 0.03076171875 -0.0686874389648438
-0.0197296142578125 0.0723037719726562 0.0564689636230469 -0.0337142944335937
0.00606155395507813 0.048126220703125 0.0102958679199219 -0.00719833374023437
0.0272407531738281 0.0386810302734375 0.0183582305908203 0.0336265563964844
0.0362472534179688 0.0107192993164063 0.050689697265625 0.0152664184570312
0.0333461761474609 -0.00970458984375 0.0514106750488281 -0.0183601379394531
0.0155010223388672 -0.0285511016845703 0.0275764465332031 -0.0484237670898438
-4.57763671874962E-05 -0.0371932983398438 5.72204589843701E-05 -0.0503730773925781
0.00388717651367187 -0.0362930297851563 -0.00737190246582031 -0.0328426361083984
0.000251770019531246 -0.0407333374023438 -0.00929832458496094 -0.0276908874511719
0.0136489868164063 -0.037445068359375 -0.0117378234863281 -0.0232315063476563
0.0363845825195313 -0.0267601013183594 -0.0122261047363281 -0.0215835571289063
0.0516929626464844 -0.000232696533203125 -0.00551986694335937 -0.0347156524658203
0.0412330627441406 0.0482063293457031 0.00518798828125001 -0.0409660339355469
0.0187759399414063 0.0698089599609375 0.0145111083984375 -0.0503120422363281
-0.0191268920898438 0.0805740356445313 0.0207328796386719 -0.0478744506835937
-0.0388259887695313 0.0843124389648438 0.0471458435058594 -0.00698471069335937
-0.00596618652343749 0.0707473754882813 0.00746440887451172 0.0114269256591797
0.0332260131835938 0.0660285949707031 0.014190673828125 0.0437088012695313
0.05517578125 0.0228233337402344 0.0456275939941406 0.0251808166503906
0.0531120300292969 -0.0104598999023438 0.0481834411621094 -0.00598526000976563
0.0262680053710938 -0.0414657592773438 0.0261268615722656 -0.0359649658203125
0.00326919555664062 -0.0520553588867188 0.00115776062011719 -0.0349044799804688
0.00681686401367188 -0.049407958984375 -0.00674343109130859 -0.0166587829589844
0.000614166259765624 -0.0550575256347656 -0.00962638854980469 -0.0115547180175781
0.0164451599121094 -0.0500106811523438 -0.0167522430419922 -0.00823116302490235
0.0455665588378906 -0.0362052917480469 -0.018463134765625 -0.00937652587890625
0.0627365112304688 -0.00238800048828125 -0.0133590698242187 -0.0264396667480469
0.0492782592773438 0.057464599609375 -0.000946044921874995 -0.0344944000244141
0.0184860229492187 0.0810165405273438 0.0118122100830078 -0.0349330902099609
-0.0294189453125 0.089569091796875 0.00847244262695313 -0.0229129791259766
-0.0515899658203125 0.0815658569335938 0.0293426513671875 0.02178955078125
-0.019561767578125 0.0800094604492188 0.000389099121093747 0.0328865051269531
0.0294647216796875 0.0834121704101562 0.00688552856445312 0.0524559020996094
0.0634193420410156 0.0350608825683594 0.0359992980957031 0.0344619750976563
0.0640106201171875 -0.00799179077148437 0.0387115478515625 0.00742721557617188
0.0335731506347656 -0.0476722717285156 0.0210285186767578 -0.0186824798583984
0.00607681274414063 -0.0587387084960938 0.00162696838378906 -0.0149402618408203
0.00821304321289062 -0.0556716918945312 -0.00508403778076172 0.0021219253540039
0.000560760498046876 -0.0617256164550781 -0.00840091705322265 0.0072932243347168
0.0169906616210938 -0.0555152893066406 -0.0192642211914063 0.00914382934570312
0.0483741760253906 -0.0406913757324219 -0.02349853515625 0.00405120849609375
0.0654067993164063 -0.00339508056640625 -0.0197486877441406 -0.0173835754394531
0.0493392944335938 0.0598526000976563 -0.00528717041015625 -0.0278720855712891
0.014404296875 0.0817413330078125 0.011744499206543 -0.0174160003662109
-0.0374069213867188 0.0865249633789063 -0.00510311126708985 0.00385093688964844
-0.054443359375 0.0646209716796875 0.00924682617187499 0.0488624572753906
-0.0304183959960937 0.0723648071289062 -0.00893402099609375 0.051849365234375
0.0174179077148437 0.08380126953125 -0.00156021118164062 0.05572509765625
0.0570640563964844 0.040435791015625 0.0212860107421875 0.0411453247070313
0.0622444152832031 -0.0030517578125 0.0251045227050781 0.0193328857421875
0.0350875854492188 -0.0446968078613281 0.0139999389648438 -0.000190734863281253
0.00745773315429687 -0.0557746887207031 0.00275564193725586 0.00622129440307617
0.00832366943359375 -0.0527839660644531 -0.00213432312011719 0.020721435546875
0.000709533691406248 -0.0590553283691406 -0.00650215148925781 0.0249958038330078
0.0161285400390625 -0.0530738830566406 -0.0213832855224609 0.0253391265869141
0.0460739135742188 -0.0376167297363281 -0.0265350341796875 0.016265869140625
0.0604400634765625 -0.00182723999023437 -0.0245571136474609 -0.00815582275390625
0.0415878295898437 0.0573272705078125 -0.00920677185058594 -0.0207862854003906
0.00501251220703125 0.074066162109375 0.0106697082519531 -0.00218486785888671
-0.041412353515625 0.0717620849609375 -0.0186443328857422 0.0277271270751953
-0.0471572875976563 0.0364761352539063 -0.0115203857421875 0.0692596435546875
-0.0321617126464844 0.0499343872070313 -0.0186729431152344 0.0658187866210938
0.0036163330078125 0.0652236938476563 -0.00800704956054688 0.0543060302734375
0.0403366088867187 0.0359230041503906 0.00773239135742188 0.0423088073730469
0.04791259765625 0.001800537109375 0.0109806060791016 0.0269851684570313
0.0286693572998047 -0.0336151123046875 0.00593852996826172 0.016688346862793
0.00735855102539063 -0.0433807373046875 0.0037994384765625 0.0252189636230469
0.00758743286132812 -0.0423316955566406 0.000820159912109379 0.0360641479492188
0.00190353393554688 -0.0480422973632813 -0.00403213500976562 0.0413589477539063
0.013946533203125 -0.0430831909179688 -0.0224075317382813 0.0399322509765625
0.0391845703125 -0.0299034118652344 -0.0304279327392578 0.0261154174804687
0.0487480163574219 0.00200653076171875 -0.029876708984375 -0.00137901306152344
0.0276412963867188 0.0500526428222656 -0.0118980407714844 -0.0161657333374023
-0.0057525634765625 0.0584487915039063 0.00860786437988281 0.0106945037841797
-0.0420799255371094 0.047821044921875 -0.0329627990722656 0.0465583801269531
-0.0315017700195313 0.00154304504394531 -0.0241165161132813 0.0788116455078125
-0.0277976989746094 0.0190677642822266 -0.0228347778320313 0.0718307495117188
-0.00867080688476563 0.0349636077880859 -0.01055908203125 0.0490760803222656
0.017486572265625 0.0231819152832031 -0.00114059448242187 0.04107666015625
0.0253887176513672 0.00448036193847656 0.00175094604492188 0.0306758880615234
0.0174884796142578 -0.0176658630371094 0.00176811218261719 0.0286617279052734
0.00583076477050781 -0.0248260498046875 0.00482940673828125 0.038330078125
0.00555229187011719 -0.0254611968994141 0.00350570678710937 0.0458297729492188
0.00313758850097656 -0.0300884246826172 -0.00255584716796875 0.0528755187988281
0.0103836059570313 -0.0280227661132813 -0.0236587524414062 0.0493736267089844
0.028167724609375 -0.018951416015625 -0.0345592498779297 0.0316867828369141
0.0327415466308594 0.00436210632324219 -0.0355567932128906 0.00241470336914063
0.0128135681152344 0.0376014709472656 -0.0162630081176758 -0.0143899917602539
-0.0159988403320313 0.0358161926269531 0.00300216674804688 0.0177383422851563
-0.0370025634765625 0.0173187255859375 -0.0467262268066406 0.0557785034179688
0.0191612243652344 0.0172882080078125 0.0508804321289063 -0.0626869201660156
0.0157546997070312 -0.0103330612182617 0.0026397705078125 -0.02398681640625
-0.00171852111816406 -0.0152244567871094 0.0171184539794922 0.0190811157226563
-0.011688232421875 -0.00448131561279297 0.0465850830078125 0.00395965576171875
-0.00994682312011719 0.00426101684570313 0.0451164245605469 -0.0296134948730469
-0.00415706634521484 0.0105886459350586 0.0247230529785156 -0.0554695129394531
-0.00329256057739258 0.00676870346069336 -0.00181198120117187 -0.0623435974121094
-0.00268125534057617 0.00480318069458008 -0.00627517700195313 -0.0504798889160156
-0.00412726402282715 0.00398015975952148 -0.00653076171875 -0.0436744689941406
-0.00501108169555664 -0.000916481018066407 -0.00103378295898438 -0.0380821228027344
-0.00198221206665039 -0.00780153274536133 -8.20159912109412E-05 -0.0350112915039063
0.00957965850830078 -0.0110635757446289 0.00543212890625 -0.0421218872070313
0.0204868316650391 0.000638961791992188 0.0173988342285156 -0.0490455627441406
0.0236797332763672 0.0185317993164063 0.0227279663085937 -0.0707550048828125
0.0155391693115234 0.0310802459716797 0.0350494384765625 -0.0824203491210938
0.00149154663085938 0.0496864318847656 0.0580368041992187 -0.0534629821777344
0.0138053894042969 0.0195293426513672 0.00755119323730469 -0.0197391510009766
0.0147724151611328 0.010197639465332 0.0190753936767578 0.0253562927246094
0.012364387512207 0.000448226928710937 0.0505943298339844 0.00769805908203125
0.0112266540527344 -0.00452804565429688 0.0504570007324219 -0.0265312194824219
0.00415515899658203 -0.00991058349609375 0.0270614624023438 -0.0554313659667969
-0.00308036804199219 -0.0164480209350586 -0.00145721435546875 -0.0601882934570312
4.67300415039068E-05 -0.0173454284667969 -0.00730514526367187 -0.045318603515625
-0.00187873840332031 -0.02008056640625 -0.0082244873046875 -0.0395164489746094
0.00606346130371094 -0.0201320648193359 -0.00559616088867188 -0.0344619750976563
0.0201930999755859 -0.0165691375732422 -0.0047760009765625 -0.0309658050537109
0.0338916778564453 -0.00264739990234375 0.00175094604492188 -0.0406494140625
0.0307579040527344 0.0292758941650391 0.0119514465332031 -0.0461883544921875
0.0198326110839844 0.0486297607421875 0.0185928344726562 -0.06390380859375
-0.00368118286132812 0.0616989135742187 0.0311546325683594 -0.0702705383300781
-0.0196380615234375 0.0739517211914063 0.0572128295898437 -0.03485107421875
0.00599288940429687 0.0493011474609375 0.00919914245605469 -0.00719165802001953
0.0284233093261719 0.0400276184082031 0.0189170837402344 0.0353965759277344
0.0367393493652344 0.0106925964355469 0.051910400390625 0.015960693359375
0.0342159271240234 -0.0103225708007813 0.0526695251464844 -0.0185127258300781
0.0154457092285156 -0.0286216735839844 0.0277519226074219 -0.0493240356445313
-0.000339508056640625 -0.0376358032226563 -0.000434875488281253 -0.0512428283691406
0.00398635864257813 -0.0370750427246094 -0.00704765319824219 -0.0336418151855469
-0.000236511230468754 -0.0413169860839844 -0.0099334716796875 -0.0279903411865234
0.0137672424316406 -0.0380210876464844 -0.0119895935058594 -0.0237064361572266
0.0366363525390625 -0.027374267578125 -0.0127143859863281 -0.0222396850585938
0.0529632568359375 -0.000270843505859375 -0.00575637817382812 -0.0358924865722656
0.0420684814453125 0.0490074157714844 0.00551605224609375 -0.0419387817382813
0.0189590454101563 0.07098388671875 0.0142555236816406 -0.0515861511230469
-0.0194320678710937 0.0827789306640625 0.0208358764648438 -0.0497474670410156
-0.0390548706054688 0.0866317749023438 0.0474510192871094 -0.00785064697265624
-0.00637054443359375 0.0725860595703125 0.00661182403564453 0.0112094879150391
0.0348892211914063 0.0674247741699219 0.0149917602539063 0.0457534790039063
0.0564918518066406 0.0233268737792969 0.0470809936523438 0.0264778137207031
0.0539321899414063 -0.0117645263671875 0.0495758056640625 -0.00608444213867188
0.0256614685058594 -0.042266845703125 0.0262031555175781 -0.0364418029785156
0.00258255004882812 -0.0523643493652344 0.000934600830078125 -0.0352363586425781
0.00651168823242188 -0.0508041381835938 -0.0061044692993164 -0.0163888931274414
-0.000118255615234369 -0.0559768676757813 -0.0100736618041992 -0.0113382339477539
0.016326904296875 -0.0506591796875 -0.0170125961303711 -0.00839805603027344
0.0456008911132813 -0.0370712280273438 -0.0190525054931641 -0.00996589660644531
0.0641250610351563 -0.00279998779296875 -0.0132904052734375 -0.0274467468261719
0.0504570007324219 0.0582809448242187 -0.00125885009765625 -0.0359420776367187
0.0189361572265625 0.0821609497070312 0.01171875 -0.0358963012695312
-0.0299835205078125 0.0922622680664063 0.00829887390136719 -0.0241737365722656
-0.0522384643554687 0.083648681640625 0.0291938781738281 0.0222511291503906
-0.020233154296875 0.0822067260742188 -0.000946044921875004 0.032989501953125
0.0310516357421875 0.0852127075195313 0.00690078735351563 0.05377197265625
0.0646705627441406 0.0354042053222656 0.0362205505371094 0.036102294921875
0.0651664733886719 -0.00882720947265625 0.0394248962402344 0.0077362060546875
0.0335006713867188 -0.0486488342285156 0.0209236145019531 -0.0189857482910156
0.00522232055664062 -0.0593414306640625 0.00198459625244141 -0.0148563385009766
0.00752639770507812 -0.0568008422851563 -0.00454092025756836 0.00268936157226562
-0.000476837158203122 -0.0628433227539063 -0.00887012481689453 0.00761222839355468
0.0164146423339844 -0.056427001953125 -0.0195980072021484 0.00986289978027343
0.0486221313476563 -0.040985107421875 -0.0236492156982422 0.00382041931152343
0.0667343139648438 -0.00392913818359375 -0.0200557708740234 -0.0180644989013672
0.0507698059082031 0.06109619140625 -0.00592041015625 -0.0286865234375
0.014617919921875 0.0832748413085938 0.0115966796875 -0.0187854766845703
-0.03759765625 0.0885772705078125 -0.00509977340698242 0.00309038162231446
-0.0555686950683594 0.0663719177246094 0.00889587402343749 0.0497322082519531
-0.0313568115234375 0.0740280151367188 -0.00988388061523438 0.0524520874023438
0.0190505981445312 0.0855331420898437 -0.00163650512695313 0.0573768615722656
0.0583953857421875 0.0408935546875 0.0216178894042969 0.0420799255371094
0.0637016296386719 -0.00344467163085938 0.0258445739746094 0.0200462341308594
0.0349845886230469 -0.045379638671875 0.0139331817626953 0.000313758850097653
0.00666427612304688 -0.0563278198242188 0.00248527526855469 0.00675773620605468
0.00776290893554687 -0.0541610717773438 -0.00158119201660156 0.0211830139160156
0.000179290771484376 -0.0602188110351563 -0.00653266906738281 0.0265579223632812
0.0152320861816406 -0.0537033081054688 -0.0217247009277344 0.0263252258300781
0.0462150573730469 -0.03887939453125 -0.0272159576416016 0.0162944793701172
0.0612297058105469 -0.00233840942382812 -0.0249118804931641 -0.00883674621582031
0.0427780151367187 0.0583419799804688 -0.00954627990722656 -0.0219554901123047
0.0050506591796875 0.0749282836914063 0.0107545852661133 -0.00280666351318359
-0.04205322265625 0.0737457275390625 -0.0190658569335938 0.0278148651123047
-0.0477561950683594 0.0374183654785156 -0.0119705200195312 0.070587158203125
-0.0329132080078125 0.05145263671875 -0.0191154479980469 0.0667648315429688
0.00458908081054687 0.06671142578125 -0.00790786743164062 0.0556144714355469
0.0413665771484375 0.0360527038574219 0.00803375244140625 0.0433731079101563
0.0491104125976563 0.00086212158203125 0.0114974975585938 0.0275840759277344
0.0288963317871094 -0.0341243743896484 0.00578403472900391 0.0174398422241211
0.00646209716796875 -0.0441551208496094 0.00385665893554688 0.0262222290039062
0.006805419921875 -0.0433731079101563 0.00164031982421875 0.0370140075683594
0.00110626220703125 -0.0485992431640625 -0.00384902954101563 0.0426750183105469
0.0132980346679687 -0.0433502197265625 -0.0223350524902344 0.0409431457519531
0.0396003723144531 -0.0307540893554688 -0.0310935974121094 0.0260601043701172
0.0498886108398438 0.0014190673828125 -0.0303001403808594 -0.00206184387207031
0.028533935546875 0.0509529113769531 -0.0124979019165039 -0.0170745849609375
-0.00607299804687499 0.0591049194335938 0.00924301147460938 0.0103044509887695
-0.0426559448242187 0.04876708984375 -0.0336074829101562 0.0466461181640625
-0.0321826934814453 0.00201225280761719 -0.0243301391601563 0.0804519653320313
-0.0284042358398438 0.0195999145507813 -0.02301025390625 0.0730667114257813
-0.00811386108398437 0.0357856750488281 -0.0108451843261719 0.0500869750976563
0.0179958343505859 0.0231285095214844 -0.00093460083007812 0.0425224304199219
0.0260505676269531 0.00419998168945313 0.00177383422851563 0.0316257476806641
0.0174293518066406 -0.01837158203125 0.00170135498046875 0.0292320251464844
0.00528717041015625 -0.0252113342285156 0.00556564331054687 0.0390968322753906
0.00528526306152344 -0.0258617401123047 0.00414276123046875 0.046722412109375
0.00249862670898437 -0.0309181213378906 -0.00280380249023437 0.0543861389160156
0.00992774963378906 -0.0281829833984375 -0.024200439453125 0.0506706237792969
0.0284862518310547 -0.0195446014404297 -0.0352287292480469 0.0317802429199219
0.0335311889648438 0.00427627563476563 -0.0361557006835937 0.00249481201171875
0.01312255859375 0.038238525390625 -0.0165672302246094 -0.0148677825927734
-0.0161666870117188 0.0366096496582031 0.0035247802734375 0.0177974700927734
-0.0374488830566406 0.0177497863769531 -0.0468902587890625 0.0567359924316406
0.0204753875732422 0.0180759429931641 0.0515213012695313 -0.0663604736328125
0.0160627365112305 -0.0106515884399414 0.0017852783203125 -0.0246295928955078
-0.00220203399658203 -0.015625 0.0183219909667969 0.0199794769287109
-0.0123062133789063 -0.00478172302246094 0.0486297607421875 0.00341796875
-0.0103664398193359 0.00447273254394531 0.0463180541992188 -0.0312652587890625
-0.00402927398681641 0.0110092163085938 0.0250091552734375 -0.057525634765625
-0.00298118591308594 0.00728940963745117 -0.00312042236328125 -0.064239501953125
-0.0024876594543457 0.00493621826171875 -0.00762176513671875 -0.0527763366699219
-0.00402021408081055 0.00385451316833496 -0.0078582763671875 -0.0461349487304688
-0.00484180450439453 -0.000510692596435547 -0.001495361328125 -0.0398750305175781
-0.00226449966430664 -0.0077977180480957 -0.000888824462890623 -0.0369377136230469
0.00990772247314453 -0.0118579864501953 0.00516510009765625 -0.0447731018066406
0.0214214324951172 0.00043487548828125 0.0176353454589844 -0.0512275695800781
0.0250186920166016 0.0188560485839844 0.0226593017578125 -0.0739288330078125
0.0167636871337891 0.0324649810791016 0.0354232788085937 -0.0875473022460938
0.00204086303710937 0.05218505859375 0.0589866638183594 -0.0564613342285156
0.0146579742431641 0.0209293365478516 0.00699234008789063 -0.0201702117919922
0.0158910751342773 0.0104703903198242 0.0204181671142578 0.026824951171875
0.0126266479492188 0.000182151794433594 0.0529708862304687 0.0076141357421875
0.0111274719238281 -0.00530910491943359 0.0521812438964844 -0.0278549194335938
0.00398826599121094 -0.0102758407592773 0.0274620056152344 -0.0580978393554688
-0.00341892242431641 -0.016627311706543 -0.00242233276367188 -0.0624542236328125
0.000160217285156249 -0.0182857513427734 -0.00809097290039063 -0.0473365783691406
-0.00260734558105469 -0.0209999084472656 -0.00965118408203124 -0.0415992736816406
0.00616455078125 -0.0205154418945313 -0.0066070556640625 -0.0362815856933594
0.0206451416015625 -0.0173988342285156 -0.00581932067871094 -0.0327091217041016
0.0352020263671875 -0.00327682495117188 0.00117111206054687 -0.0428123474121094
0.0321292877197266 0.0303878784179688 0.0123367309570313 -0.0482292175292969
0.0209465026855469 0.0504035949707031 0.0185470581054687 -0.0669441223144531
-0.00321197509765625 0.0646858215332031 0.03125 -0.0749664306640625
-0.0194091796875 0.077972412109375 0.0584831237792969 -0.0367889404296875
0.00625991821289063 0.0518798828125 0.00860691070556641 -0.00748205184936523
0.03082275390625 0.0410041809082031 0.0202980041503906 0.0370330810546875
0.0385398864746094 0.0102806091308594 0.054046630859375 0.0166435241699219
0.0354728698730469 -0.0114707946777344 0.0549774169921875 -0.0197830200195312
0.0151615142822266 -0.0300064086914063 0.0285377502441406 -0.0514297485351563
-0.00188446044921875 -0.03857421875 -0.00127029418945312 -0.0536689758300781
0.00322723388671875 -0.0387916564941406 -0.00772476196289062 -0.0345115661621094
-0.00116348266601562 -0.0430870056152344 -0.0106334686279297 -0.0292758941650391
0.0136222839355469 -0.0392532348632813 -0.0129566192626953 -0.0246162414550781
0.0377998352050781 -0.029144287109375 -0.0132045745849609 -0.0236415863037109
0.0555686950683594 -0.00171661376953125 -0.00664901733398437 -0.0383262634277344
0.0449028015136719 0.0504074096679688 0.00518798828125001 -0.0440444946289062
0.0205154418945312 0.0734939575195313 0.0139350891113281 -0.0541877746582031
-0.0193862915039062 0.0865478515625 0.0210380554199219 -0.0531158447265625
-0.0396804809570313 0.0909500122070312 0.0488014221191406 -0.00852584838867187
-0.0061187744140625 0.0760955810546875 0.00623321533203125 0.0119705200195313
0.0380477905273438 0.0705184936523438 0.016357421875 0.0482711791992188
0.0588264465332031 0.0232925415039063 0.0491981506347656 0.0275001525878906
0.0561714172363281 -0.0135688781738281 0.0515632629394531 -0.00643157958984375
0.0260543823242188 -0.0442962646484375 0.0270805358886719 -0.0378684997558594
0.00114059448242188 -0.0539665222167969 0.000499725341796872 -0.0366249084472656
0.00548171997070312 -0.0531768798828125 -0.00620746612548828 -0.0172567367553711
-0.00128173828125001 -0.0583915710449219 -0.0108299255371094 -0.0118169784545899
0.0160331726074219 -0.0524063110351562 -0.0180835723876953 -0.00829124450683594
0.0468254089355469 -0.0392112731933594 -0.0197563171386719 -0.0102138519287109
0.06744384765625 -0.00404739379882813 -0.0145797729492187 -0.0292186737060547
0.0536651611328125 0.0600776672363281 -0.00202560424804687 -0.0373916625976562
0.0205612182617188 0.085540771484375 0.0116081237792969 -0.0379562377929687
-0.0298614501953125 0.0968856811523438 0.00774192810058594 -0.0261287689208984
-0.0533599853515625 0.0885162353515625 0.0305080413818359 0.0225753784179688
-0.020355224609375 0.0862350463867188 -0.00155830383300781 0.0341663360595703
0.0340499877929688 0.0884628295898438 0.00866317749023438 0.0568161010742188
0.0679664611816406 0.0356292724609375 0.0381813049316406 0.0378303527832031
0.0681114196777344 -0.0111160278320313 0.0414199829101563 0.008056640625
0.0338935852050781 -0.0506477355957031 0.0213375091552734 -0.019317626953125
0.00381088256835938 -0.0612525939941406 0.00197219848632813 -0.0152530670166016
0.006683349609375 -0.0593681335449219 -0.00376415252685547 0.00259995460510254
-0.00171661376953125 -0.0649948120117188 -0.00897121429443359 0.00864791870117187
0.0161247253417969 -0.0581321716308594 -0.0205974578857422 0.0107460021972656
0.0496063232421875 -0.0439949035644531 -0.0247859954833984 0.00447273254394531
0.0695610046386719 -0.00540542602539063 -0.0214710235595703 -0.0190601348876953
0.0537910461425781 0.0627098083496094 -0.00682449340820312 -0.0299701690673828
0.0160751342773438 0.0861434936523438 0.0116252899169922 -0.0199546813964844
-0.0381622314453125 0.0936431884765625 -0.00528430938720703 0.00286197662353516
-0.057037353515625 0.0706405639648437 0.00928497314453125 0.0516777038574219
-0.0318832397460938 0.0779266357421875 -0.0106697082519531 0.0543022155761719
0.0212020874023438 0.0888442993164063 -0.000698089599609374 0.0600852966308594
0.0614356994628906 0.0415763854980469 0.0228157043457031 0.0438461303710938
0.0665473937988281 -0.00503921508789063 0.0271320343017578 0.0210514068603516
0.0356864929199219 -0.0472373962402344 0.0138587951660156 0.00048255920410156
0.00509262084960938 -0.0583076477050781 0.0035238265991211 0.00701618194580078
0.0072021484375 -0.0563621520996094 -0.000911712646484377 0.0224971771240234
-0.00156021118164063 -0.0623550415039062 -0.00626182556152343 0.0280876159667969
0.0146446228027344 -0.05560302734375 -0.0221328735351562 0.0280609130859375
0.0467109680175781 -0.0414886474609375 -0.0279788970947266 0.0170154571533203
0.0637588500976563 -0.00334930419921875 -0.0264701843261719 -0.00933456420898438
0.0451850891113281 0.0601005554199219 -0.0106277465820312 -0.0227584838867187
0.00609588623046875 0.0777359008789062 0.011469841003418 -0.0038604736328125
-0.0424118041992187 0.078094482421875 -0.019622802734375 0.0290050506591797
-0.0490036010742188 0.0399398803710938 -0.0119476318359375 0.073822021484375
-0.0340499877929688 0.0540847778320313 -0.019805908203125 0.0691719055175781
0.00621414184570313 0.0694351196289063 -0.00745010375976562 0.0576591491699219
0.043304443359375 0.0367927551269531 0.00876998901367188 0.0455703735351562
0.0513687133789062 -3.0517578125E-05 0.0122833251953125 0.0289859771728516
0.0293197631835937 -0.0358924865722656 0.00615692138671875 0.018402099609375
0.00573348999023437 -0.045928955078125 0.00465202331542969 0.0274600982666016
0.00630569458007813 -0.0452880859375 0.00286483764648437 0.0387191772460938
0.000270843505859376 -0.0505828857421875 -0.00362777709960938 0.0451507568359375
0.0130653381347656 -0.0448150634765625 -0.0227813720703125 0.0429916381835938
0.0394706726074219 -0.032928466796875 -0.0318470001220703 0.0272998809814453
0.05169677734375 0.000675201416015625 -0.0318126678466797 -0.00179481506347656
0.0306968688964844 0.0529098510742188 -0.0138740539550781 -0.018096923828125
-0.00565338134765625 0.0614128112792969 0.00932121276855469 0.00977802276611328
-0.043731689453125 0.0515708923339844 -0.0343856811523437 0.0494155883789063
-0.0334911346435547 0.00252342224121094 -0.0246734619140625 0.0847320556640625
-0.0292987823486328 0.0209693908691406 -0.0237045288085938 0.0760498046875
-0.00740814208984375 0.0372962951660156 -0.0109214782714844 0.0524749755859375
0.0188312530517578 0.0237350463867188 -0.000766754150390619 0.0441398620605469
0.0274143218994141 0.00369644165039063 0.00220108032226562 0.032928466796875
0.0180206298828125 -0.0187511444091797 0.00200843811035156 0.0304222106933594
0.00473403930664063 -0.0258045196533203 0.00629043579101563 0.0409660339355469
0.00487709045410156 -0.0271549224853516 0.00541305541992187 0.0488014221191406
0.00162887573242188 -0.0321311950683594 -0.00173187255859374 0.0569801330566406
0.00964164733886719 -0.0296592712402344 -0.0243606567382812 0.0531044006347656
0.0288581848144531 -0.0207614898681641 -0.0360527038574219 0.0335655212402344
0.0347919464111328 0.00414466857910156 -0.0375289916992188 0.00272369384765625
0.01434326171875 0.039947509765625 -0.0175046920776367 -0.0159378051757812
-0.0164680480957031 0.0382003784179687 0.00428199768066406 0.0180625915527344
-0.0383834838867187 0.0189056396484375 -0.0484848022460938 0.0591239929199219
0.0220699310302734 0.0180816650390625 0.0506973266601563 -0.0711441040039063
0.0162525177001953 -0.0116586685180664 9.5367431640644E-06 -0.0255031585693359
-0.00305747985839844 -0.0160770416259766 0.0200710296630859 0.0208206176757813
-0.0133676528930664 -0.00436878204345703 0.0510711669921875 0.0015411376953125
-0.0110836029052734 0.00524425506591797 0.0476150512695313 -0.0343475341796875
-0.00383377075195313 0.0121650695800781 0.0242042541503906 -0.0614852905273438
-0.00249767303466797 0.00770664215087891 -0.006134033203125 -0.0677413940429688
-0.00196981430053711 0.00496673583984375 -0.0105819702148438 -0.0555992126464844
-0.00380325317382813 0.00423717498779297 -0.0105438232421875 -0.0486183166503906
-0.00461196899414063 -0.00055217742919922 -0.00339508056640625 -0.0423622131347656
-0.00215482711791992 -0.00779533386230469 -0.0029296875 -0.0392570495605469
0.0101318359375 -0.0129165649414063 0.00359725952148437 -0.0473785400390625
0.0224819183349609 -0.000329971313476562 0.0171470642089844 -0.0541801452636719
0.0264701843261719 0.0184955596923828 0.0205612182617188 -0.078155517578125
0.0187015533447266 0.0329799652099609 0.0335922241210937 -0.093292236328125
0.00457000732421875 0.0548515319824219 0.0585594177246094 -0.0612525939941406
0.0158596038818359 0.0214595794677734 0.00556182861328125 -0.02093505859375
0.0176830291748047 0.0103797912597656 0.0228748321533203 0.0275783538818359
0.0134048461914062 -0.000182151794433594 0.0557327270507813 0.00623703002929688
0.0114507675170898 -0.00653743743896484 0.0537185668945313 -0.0311775207519531
0.00370216369628906 -0.0107707977294922 0.0265731811523438 -0.0611763000488281
-0.00400638580322266 -0.0171451568603516 -0.00531387329101562 -0.0653114318847656
-0.000423431396484373 -0.0195865631103516 -0.0107765197753906 -0.0496673583984375
-0.00362777709960938 -0.0217475891113281 -0.0117950439453125 -0.0438995361328125
0.00556373596191406 -0.0218372344970703 -0.00851821899414063 -0.0377159118652344
0.0211715698242188 -0.0186939239501953 -0.00738143920898437 -0.0347366333007813
0.0371322631835938 -0.00495147705078125 -0.000850677490234371 -0.0455665588378906
0.0356712341308594 0.0302925109863281 0.011138916015625 -0.0512619018554688
0.0237007141113281 0.0519790649414063 0.0163726806640625 -0.0710067749023438
-0.00059890747070313 0.0681838989257813 0.0293655395507813 -0.080841064453125
-0.0169677734375 0.0829315185546875 0.0591850280761719 -0.0412101745605469
0.00910568237304687 0.0548858642578125 0.00747060775756836 -0.00801229476928711
0.0346488952636719 0.0421905517578125 0.0230751037597656 0.0380973815917969
0.0410690307617188 0.00913238525390625 0.057373046875 0.0151863098144531
0.0362815856933594 -0.0142593383789063 0.0567703247070313 -0.022735595703125
0.0144863128662109 -0.0319347381591797 0.0278434753417969 -0.0546150207519531
-0.00323104858398437 -0.0394554138183594 -0.003448486328125 -0.0556831359863281
0.00130081176757812 -0.0410919189453125 -0.00919342041015625 -0.0367507934570313
-0.00348281860351563 -0.0448684692382812 -0.0122108459472656 -0.0304603576660156
0.0121269226074219 -0.0412788391113281 -0.0148048400878906 -0.0257015228271484
0.0378913879394531 -0.0319480895996094 -0.0149784088134766 -0.0247993469238281
0.058349609375 -0.00399398803710938 -0.00897979736328125 -0.0404167175292969
0.0492782592773438 0.051239013671875 0.00305938720703126 -0.0463409423828125
0.0240325927734375 0.0762252807617188 0.0124130249023438 -0.057647705078125
-0.0162811279296875 0.0927352905273437 0.0192108154296875 -0.0571365356445312
-0.0375289916992187 0.097412109375 0.0499534606933594 -0.0113983154296875
-0.00373077392578126 0.0808181762695313 0.00557422637939453 0.0125961303710938
0.0434188842773438 0.0721969604492188 0.0195503234863281 0.0501556396484375
0.0632705688476562 0.0219459533691406 0.0527534484863281 0.0274429321289062
0.0581741333007813 -0.0174903869628906 0.0539665222167969 -0.00857162475585938
0.0251121520996094 -0.0468902587890625 0.0264625549316406 -0.0402641296386719
-0.00139236450195312 -0.05596923828125 -0.000938415527343748 -0.0382614135742188
0.00313949584960937 -0.0560493469238281 -0.00673675537109375 -0.0179061889648438
-0.00439834594726563 -0.0608406066894531 -0.0120792388916016 -0.0116987228393555
0.0145988464355469 -0.0550994873046875 -0.019439697265625 -0.00770759582519531
0.0467987060546875 -0.0431251525878906 -0.0214023590087891 -0.0102653503417969
0.0703887939453125 -0.0073394775390625 -0.0169467926025391 -0.0308589935302734
0.0591011047363281 0.061279296875 -0.00399780273437499 -0.0393714904785156
0.0249481201171875 0.0887985229492188 0.0106010437011719 -0.0407180786132812
-0.0275192260742187 0.103843688964844 0.00699424743652344 -0.0281448364257812
-0.052032470703125 0.095367431640625 0.0318222045898438 0.0221786499023438
-0.0182876586914063 0.0919113159179688 -0.0012359619140625 0.0360145568847656
0.0405502319335938 0.0919876098632813 0.0117912292480469 0.0599746704101563
0.0730514526367188 0.0344009399414063 0.0413551330566406 0.0378913879394531
0.0710372924804688 -0.0149917602539063 0.0440826416015625 0.00698471069335937
0.0329704284667969 -0.0542030334472656 0.0213661193847656 -0.0204963684082031
0.000442504882812502 -0.0637245178222656 0.00138759613037109 -0.0158567428588867
0.00436782836914062 -0.0628166198730469 -0.00334858894348144 0.00343060493469238
-0.00510787963867187 -0.0678977966308594 -0.00873279571533203 0.00942802429199219
0.0137596130371094 -0.06097412109375 -0.0213031768798828 0.0119743347167969
0.0493507385253906 -0.0479888916015625 -0.0255165100097656 0.00557899475097656
0.0730361938476563 -0.0086822509765625 -0.0237140655517578 -0.0196704864501953
0.0595588684082031 0.0639457702636719 -0.00879096984863281 -0.0312938690185547
0.020111083984375 0.0895462036132812 0.0116291046142578 -0.0217304229736328
-0.0358810424804688 0.100074768066406 -0.00611495971679688 0.00306510925292969
-0.056671142578125 0.076629638671875 0.0110015869140625 0.0537338256835938
-0.0301971435546875 0.0831375122070313 -0.0100135803222656 0.0571327209472656
0.0268478393554687 0.0925979614257813 0.00202560424804688 0.0630302429199219
0.0662879943847656 0.0406608581542969 0.0254249572753906 0.0453948974609375
0.0694618225097656 -0.00883865356445313 0.0293712615966797 0.0211200714111328
0.0347213745117188 -0.0506401062011719 0.014556884765625 0.000531196594238278
0.00243759155273438 -0.0605659484863281 0.00398492813110352 0.00771331787109375
0.00453948974609375 -0.0598526000976563 0.0006561279296875 0.0236454010009766
-0.00482940673828125 -0.0650749206542969 -0.00564956665039062 0.0300312042236328
0.0128135681152344 -0.0581207275390625 -0.0219154357910156 0.0305213928222656
0.0466651916503906 -0.045684814453125 -0.0284385681152344 0.0187950134277344
0.0670967102050781 -0.00678253173828125 -0.02825927734375 -0.00878334045410156
0.0502090454101562 0.0613059997558594 -0.0123958587646484 -0.0235061645507813
0.00935363769531251 0.0811996459960938 0.0113925933837891 -0.00502300262451171
-0.0415725708007813 0.083892822265625 -0.0198860168457031 0.0309238433837891
-0.0496292114257813 0.0441741943359375 -0.00981903076171876 0.077850341796875
-0.033172607421875 0.0580635070800781 -0.0189895629882813 0.0731124877929688
0.00965118408203125 0.07244873046875 -0.0057220458984375 0.0606803894042969
0.0467720031738281 0.0364723205566406 0.0109481811523438 0.0471878051757813
0.0537109375 -0.00244140625 0.0140304565429688 0.0307216644287109
0.0288810729980469 -0.0385246276855469 0.00684547424316406 0.0194244384765625
0.003509521484375 -0.0469627380371094 0.00620269775390625 0.0282459259033203
0.00438308715820312 -0.0477561950683594 0.00543975830078125 0.0406723022460938
-0.00269699096679687 -0.0527572631835938 -0.00139236450195313 0.0479812622070313
0.01129150390625 -0.0470161437988281 -0.0221595764160156 0.04644775390625
0.0397377014160156 -0.0364990234375 -0.0321426391601562 0.0296783447265625
0.0545120239257813 -0.00145721435546875 -0.0338001251220703 -0.00115013122558594
0.0345039367675781 0.054229736328125 -0.0155868530273437 -0.0183525085449219
-0.00385284423828124 0.0640449523925781 0.010157585144043 0.00933074951171875
-0.0432624816894531 0.0561256408691406 -0.0337333679199219 0.0524444580078125
-0.0346870422363281 0.00391769409179687 -0.0227737426757813 0.0899810791015625
-0.0298843383789062 0.0231590270996094 -0.02203369140625 0.0801239013671875
-0.0061187744140625 0.0393867492675781 -0.00971221923828125 0.0544967651367188
0.0207347869873047 0.0235652923583984 0.000629425048828128 0.0461502075195313
0.0287590026855469 0.0021209716796875 0.00392913818359376 0.0350990295410156
0.0177040100097656 -0.0208053588867188 0.00320816040039062 0.0323505401611328
0.00300407409667969 -0.0271110534667969 0.00903701782226562 0.0427322387695312
0.00325202941894531 -0.0285472869873047 0.00856399536132813 0.0511589050292969
0.000337600708007816 -0.0338077545166016 0.000621795654296874 0.0603179931640625
0.00896263122558594 -0.03118896484375 -0.0234413146972656 0.0564460754394531
0.0290126800537109 -0.0234603881835937 -0.0364151000976562 0.0361404418945313
0.0367927551269531 0.00231170654296875 -0.0395660400390625 0.00403213500976563
0.0167465209960938 0.0414199829101563 -0.0190982818603516 -0.0161266326904297
-0.015899658203125 0.0406074523925781 0.0050201416015625 0.0176544189453125
-0.0391693115234375 0.020751953125 -0.0481796264648437 0.0636367797851563
0.0239791870117187 0.0170478820800781 0.0470352172851563 -0.0760726928710938
0.0160856246948242 -0.0120887756347656 -0.0017242431640625 -0.0251274108886719
-0.00380897521972656 -0.0161924362182617 0.0224056243896484 0.0200977325439453
-0.0139541625976563 -0.00359916687011719 0.0526885986328125 -0.00110626220703125
-0.0112104415893555 0.00653457641601562 0.047088623046875 -0.0377693176269531
-0.00294876098632813 0.01275634765625 0.021575927734375 -0.0645294189453125
-0.00126361846923828 0.00790786743164063 -0.0108413696289062 -0.0691452026367188
-0.00196599960327148 0.00522279739379883 -0.0150833129882812 -0.0568962097167969
-0.00374746322631836 0.00473451614379883 -0.0146636962890625 -0.0494575500488281
-0.00448083877563477 -0.000300407409667969 -0.00629425048828125 -0.0437355041503906
-0.00235462188720703 -0.00770473480224609 -0.00520706176757813 -0.0405082702636719
0.00931835174560547 -0.013728141784668 0.000385284423828122 -0.0491180419921875
0.0230808258056641 -0.00177192687988281 0.0147018432617187 -0.0566062927246094
0.0282707214355469 0.0176849365234375 0.016693115234375 -0.0821304321289063
0.0214138031005859 0.0334758758544922 0.0282440185546875 -0.0985870361328125
0.00854110717773438 0.0561676025390625 0.0554046630859375 -0.0671234130859375
0.0180072784423828 0.0215721130371094 0.00372314453125 -0.0208282470703125
0.019500732421875 0.00986862182617188 0.0257358551025391 0.0273361206054688
0.0136327743530273 -0.00107383728027344 0.0579872131347656 0.00328445434570313
0.0106210708618164 -0.00713539123535156 0.0531463623046875 -0.035186767578125
0.00312519073486328 -0.0110263824462891 0.0240020751953125 -0.0648536682128906
-0.00516223907470703 -0.0171794891357422 -0.00992584228515625 -0.0669593811035156
-0.0019073486328125 -0.0200920104980469 -0.0145645141601563 -0.0507087707519531
-0.005340576171875 -0.0217952728271484 -0.0157585144042969 -0.0444259643554688
0.00490188598632813 -0.0228061676025391 -0.0113868713378906 -0.0385856628417969
0.0207405090332031 -0.0204582214355469 -0.010101318359375 -0.0353584289550781
0.0376014709472656 -0.00763702392578125 -0.00376510620117187 -0.0474929809570313
0.0384407043457031 0.0291595458984375 0.00860595703125001 -0.0535354614257813
0.0275955200195313 0.0519790649414063 0.0122146606445313 -0.0742034912109375
0.00341033935546874 0.0710678100585938 0.0247344970703125 -0.0851974487304688
-0.0117568969726563 0.0866317749023438 0.0570449829101563 -0.0461349487304688
0.0124092102050781 0.056671142578125 0.00653409957885742 -0.008209228515625
0.0392684936523438 0.0413246154785156 0.0271186828613281 0.0384521484375
0.0431671142578125 0.0069732666015625 0.0598030090332031 0.0128326416015625
0.0363426208496094 -0.0173454284667969 0.0573539733886719 -0.0263671875
0.0124053955078125 -0.0334110260009766 0.0251884460449219 -0.05767822265625
-0.00622940063476563 -0.0401382446289063 -0.00722885131835938 -0.0565261840820312
-0.001312255859375 -0.0424003601074219 -0.0120086669921875 -0.0373954772949219
-0.00700759887695312 -0.0460548400878906 -0.0155029296875 -0.0307521820068359
0.0102996826171875 -0.0432472229003906 -0.01678466796875 -0.0250988006591797
0.0373420715332031 -0.0351486206054688 -0.0171298980712891 -0.0245304107666016
0.0599174499511719 -0.0078582763671875 -0.0119438171386719 -0.0415153503417969
0.0543479919433594 0.0494880676269531 0.00013351440429688 -0.0483551025390625
0.0296478271484375 0.0771713256835938 0.00873565673828126 -0.06005859375
-0.011260986328125 0.0972900390625 0.0161514282226563 -0.06072998046875
-0.0322418212890625 0.103507995605469 0.049346923828125 -0.0148849487304687
0.00141143798828126 0.0840911865234375 0.00544452667236328 0.0125532150268555
0.050567626953125 0.07171630859375 0.0238456726074219 0.0507621765136719
0.0666694641113281 0.0185050964355469 0.0558853149414063 0.0251579284667969
0.0589599609375 -0.0221977233886719 0.0552215576171875 -0.0119667053222656
0.0223846435546875 -0.0498886108398437 0.0248641967773438 -0.042877197265625
-0.00544357299804687 -0.0572013854980469 -0.00347518920898438 -0.0388641357421875
-0.000633239746093755 -0.0581474304199219 -0.0081939697265625 -0.0182838439941406
-0.00944519042968749 -0.0620613098144531 -0.0132293701171875 -0.0110769271850586
0.0107460021972656 -0.0576210021972656 -0.0203132629394531 -0.0064849853515625
0.0449638366699219 -0.0473670959472656 -0.0226612091064453 -0.00933647155761719
0.0723648071289063 -0.0125808715820313 -0.0199794769287109 -0.03143310546875
0.0656204223632813 0.0594978332519531 -0.0065460205078125 -0.0400390625
0.0306472778320313 0.0898284912109375 0.008056640625 -0.0427742004394531
-0.0215225219726563 0.109886169433594 0.00469398498535156 -0.0296802520751953
-0.0477066040039063 0.102592468261719 0.033538818359375 0.0208530426025391
-0.0130462646484375 0.0961761474609375 -0.000446319580078129 0.0368423461914063
0.0488967895507812 0.0922698974609375 0.0164756774902344 0.0604324340820312
0.0775222778320313 0.03033447265625 0.0447616577148438 0.0370140075683594
0.0724105834960938 -0.0209426879882813 0.046112060546875 0.00475692749023437
0.0299186706542969 -0.0575637817382812 0.0208969116210938 -0.0215301513671875
-0.00372314453125001 -0.0648193359375 0.000564575195312501 -0.0160140991210938
1.14440917968762E-05 -0.0650558471679688 -0.00262331962585449 0.00360584259033203
-0.0109977722167969 -0.0692176818847656 -0.0087127685546875 0.0107536315917969
0.00996017456054688 -0.0637016296386719 -0.0207996368408203 0.0141201019287109
0.0473213195800781 -0.0532798767089844 -0.0260791778564453 0.00706100463867187
0.0747756958007813 -0.014251708984375 -0.0262603759765625 -0.0191307067871094
0.0656356811523438 0.0621719360351563 -0.0112419128417969 -0.0314960479736328
0.0262832641601563 0.0910797119140625 0.00999641418457032 -0.0236072540283203
-0.0305633544921875 0.106689453125 -0.00654125213623047 0.0029139518737793
-0.0531539916992187 0.0826950073242188 0.0140914916992187 0.0546379089355469
-0.0261917114257812 0.0880508422851563 -0.00780105590820313 0.0592231750488281
0.034759521484375 0.0935592651367188 0.00635147094726563 0.0644645690917969
0.070953369140625 0.0377578735351563 0.0285263061523438 0.0452880859375
0.0709075927734375 -0.0142974853515625 0.0320072174072266 0.0200271606445312
0.0322380065917969 -0.0544013977050781 0.0147056579589844 0.000363349914550778
-0.0018157958984375 -0.0618972778320313 0.00473976135253906 0.00777721405029297
4.5776367187499E-05 -0.0623283386230469 0.00293540954589844 0.0239715576171875
-0.0100250244140625 -0.0664558410644531 -0.00323486328125 0.0319881439208984
0.00872802734375001 -0.0604934692382813 -0.0204715728759766 0.0332489013671875
0.0442581176757813 -0.0497894287109375 -0.0281600952148437 0.0208587646484375
0.068572998046875 -0.0114364624023438 -0.0304946899414062 -0.00800895690917969
0.0563774108886719 0.0602989196777344 -0.0144023895263672 -0.0232887268066406
0.0149459838867188 0.0830001831054687 0.0115861892700195 -0.00610733032226562
-0.0369949340820313 0.089447021484375 -0.0185585021972656 0.0327644348144531
-0.0481948852539063 0.0492439270019531 -0.00587463378906251 0.080841064453125
-0.0306587219238281 0.0621986389160156 -0.0156402587890625 0.0760879516601562
0.0155029296875 0.0740966796875 -0.00179672241210938 0.0622215270996094
0.0502510070800781 0.0341682434082031 0.0137062072753906 0.0481224060058594
0.0550804138183594 -0.00680160522460938 0.016357421875 0.0303936004638672
0.0272712707519531 -0.0416221618652344 0.00794029235839844 0.0203151702880859
-0.000282287597656247 -0.0479812622070313 0.00826072692871094 0.0294208526611328
0.000900268554687498 -0.0493850708007813 0.00887298583984375 0.0415534973144531
-0.00652694702148438 -0.0541229248046875 0.0019073486328125 0.0496559143066406
0.00814437866210937 -0.0490798950195313 -0.019683837890625 0.0496139526367187
0.0376853942871094 -0.0405960083007813 -0.0314521789550781 0.0326480865478516
0.055999755859375 -0.0054168701171875 -0.0347919464111328 0.000856399536132816
0.0393295288085938 0.0542564392089844 -0.0176925659179688 -0.0181484222412109
9.15527343749992E-05 0.0665626525878906 0.0117149353027344 0.00846099853515625
-0.0411949157714844 0.0609893798828125 -0.0315933227539063 0.0558433532714844
-0.0350608825683594 0.00659942626953125 -0.0178451538085938 0.0943603515625
-0.0289344787597656 0.0260086059570313 -0.0179214477539063 0.0835494995117188
-0.0034332275390625 0.0410423278808594 -0.006805419921875 0.0564613342285156
0.0228271484375 0.0227756500244141 0.00354385375976562 0.0478477478027344
0.0297870635986328 0.000112533569335938 0.00661849975585937 0.0364112854003906
0.0169506072998047 -0.0220947265625 0.00494384765625 0.0334148406982422
0.00108528137207031 -0.0277519226074219 0.0121955871582031 0.0435371398925781
0.00120735168457031 -0.0297470092773438 0.0128822326660156 0.0526351928710938
-0.00243186950683594 -0.0349292755126953 0.00539398193359375 0.0625534057617188
0.00690841674804688 -0.0326366424560547 -0.0204353332519531 0.0603713989257813
0.0278472900390625 -0.0262470245361328 -0.0352630615234375 0.0393142700195313
0.0381546020507812 0.00012969970703125 -0.0402908325195313 0.00643539428710938
0.0203971862792969 0.0420494079589844 -0.0213127136230469 -0.0153427124023437
-0.0138778686523438 0.0429267883300781 0.00704002380371094 0.0175323486328125
-0.0391616821289063 0.0245323181152344 -0.0449638366699219 0.0688133239746094
0.0251750946044922 0.0155048370361328 0.0414657592773437 -0.0782699584960938
0.0153341293334961 -0.0132598876953125 -0.00347328186035156 -0.0242290496826172
-0.004608154296875 -0.0157060623168945 0.0238227844238281 0.0188980102539063
-0.0139474868774414 -0.00258159637451172 0.0527877807617188 -0.00443267822265625
-0.0105819702148438 0.00757122039794922 0.044586181640625 -0.0400848388671875
-0.00181961059570312 0.0131645202636719 0.0178909301757813 -0.06610107421875
-0.00045919418334961 0.00807094573974609 -0.0157051086425781 -0.06829833984375
-0.00134897232055664 0.00517702102661133 -0.0192489624023438 -0.0556411743164063
-0.00337553024291992 0.00494766235351563 -0.0189743041992188 -0.0486907958984375
-0.0042109489440918 -8.1300735473632E-05 -0.00952529907226562 -0.0435829162597656
-0.00229501724243164 -0.00738096237182617 -0.00838470458984375 -0.0401954650878906
0.00792598724365234 -0.0145692825317383 -0.00301361083984375 -0.0497970581054687
0.0225238800048828 -0.00306320190429688 0.0113792419433594 -0.0577812194824219
0.0293216705322266 0.015899658203125 0.0113143920898438 -0.0826492309570313
0.0236244201660156 0.0320625305175781 0.0215225219726562 -0.10089111328125
0.0126419067382812 0.0555572509765625 0.0498886108398438 -0.07000732421875
0.0194206237792969 0.0211219787597656 0.00168609619140625 -0.0203266143798828
0.0207309722900391 0.00845909118652344 0.0279655456542969 0.0258274078369141
0.0135202407836914 -0.00195598602294922 0.0581550598144531 0.0001220703125
0.0101528167724609 -0.00782012939453125 0.051025390625 -0.0380973815917969
0.00241470336914063 -0.0108556747436523 0.0202407836914062 -0.065948486328125
-0.00596523284912109 -0.0162811279296875 -0.0144729614257813 -0.0659523010253906
-0.00335884094238281 -0.0199699401855469 -0.0181312561035156 -0.0502433776855469
-0.00719833374023438 -0.0217685699462891 -0.0198135375976562 -0.0436286926269531
0.00356864929199219 -0.0229644775390625 -0.0139923095703125 -0.0381202697753906
0.0194530487060547 -0.0214519500732422 -0.0124034881591797 -0.0350494384765625
0.0372505187988281 -0.0101737976074219 -0.00774383544921875 -0.0473976135253906
0.0404090881347656 0.0270576477050781 0.00510025024414063 -0.0536003112792969
0.0307998657226563 0.0502586364746094 0.0070648193359375 -0.07489013671875
0.00812530517578125 0.0711517333984375 0.018585205078125 -0.0871658325195313
-0.00551605224609375 0.08795166015625 0.0528640747070312 -0.0492286682128906
0.0163078308105469 0.0560455322265625 0.00486373901367188 -0.00795364379882812
0.0428123474121094 0.03839111328125 0.0298080444335938 0.0364837646484375
0.0434494018554688 0.00376510620117188 0.0607719421386719 0.00945281982421875
0.0344905853271484 -0.0202903747558594 0.0557518005371094 -0.0297622680664063
0.00975990295410156 -0.0337505340576172 0.0217704772949219 -0.0589447021484375
-0.00923919677734375 -0.0393600463867188 -0.0111846923828125 -0.0558738708496094
-0.0044097900390625 -0.0424232482910156 -0.0144271850585938 -0.0366859436035156
-0.0106430053710938 -0.0450019836425781 -0.0180320739746094 -0.0295314788818359
0.00731658935546875 -0.043304443359375 -0.0181465148925781 -0.0241889953613281
0.0346603393554688 -0.037628173828125 -0.0189189910888672 -0.0237655639648438
0.0597763061523438 -0.0127487182617188 -0.0152587890625 -0.0411376953125
0.05780029296875 0.0462493896484375 -0.00255203247070312 -0.0480155944824219
0.0346221923828125 0.075164794921875 0.00448608398437501 -0.0608329772949219
-0.00478363037109376 0.0986404418945313 0.0112342834472656 -0.06195068359375
-0.0248947143554687 0.105865478515625 0.0475997924804688 -0.0178604125976562
0.0063323974609375 0.0848770141601563 0.00497913360595703 0.0124940872192383
0.0561790466308594 0.0683250427246094 0.0274925231933594 0.0486640930175781
0.0681838989257813 0.0137367248535156 0.0569381713867188 0.0220947265625
0.056549072265625 -0.0269012451171875 0.0543899536132812 -0.0155372619628906
0.018829345703125 -0.0511207580566406 0.0224227905273437 -0.0433197021484375
-0.00955963134765625 -0.0560340881347656 -0.00606155395507812 -0.0386924743652344
-0.00477218627929687 -0.058349609375 -0.00892257690429688 -0.0179157257080078
-0.0140762329101562 -0.0611381530761719 -0.0139474868774414 -0.0100116729736328
0.00701522827148438 -0.0576057434082031 -0.0207500457763672 -0.00514793395996094
0.0415229797363281 -0.0505142211914062 -0.0232105255126953 -0.00810432434082032
0.0718841552734375 -0.0177154541015625 -0.0224399566650391 -0.0303401947021484
0.0699844360351563 0.0553207397460938 -0.00940704345703125 -0.0396842956542969
0.0364990234375 0.0876693725585937 0.00481796264648438 -0.0436782836914062
-0.014190673828125 0.11212158203125 0.00266838073730468 -0.0304679870605469
-0.0400848388671875 0.105667114257812 0.0333232879638672 0.0190258026123047
-0.00734710693359376 0.0975570678710938 0.00092315673828125 0.0371208190917969
0.0557022094726562 0.0885162353515625 0.0205535888671875 0.0585975646972656
0.0794296264648438 0.02532958984375 0.0470466613769531 0.0346450805664063
0.0702972412109375 -0.0263595581054688 0.0465583801269531 0.00212478637695312
0.0258560180664063 -0.0591545104980469 0.0190830230712891 -0.0225028991699219
-0.008148193359375 -0.0637741088867188 -0.000390052795410157 -0.0157003402709961
-0.00490188598632812 -0.0653343200683594 -0.00208783149719238 0.00343632698059082
-0.0161781311035156 -0.0678520202636719 -0.00760078430175782 0.0118083953857422
0.005340576171875 -0.0635833740234375 -0.0199184417724609 0.0156421661376953
0.0429191589355469 -0.0562667846679688 -0.0255184173583984 0.00830459594726563
0.0736312866210938 -0.0194473266601563 -0.0276775360107422 -0.0179920196533203
0.0706710815429688 0.0577392578125 -0.0131626129150391 -0.0306053161621094
0.0324172973632813 0.0892715454101563 0.00839042663574219 -0.0246086120605469
-0.0230026245117187 0.109123229980469 -0.00649404525756836 0.00347328186035157
-0.0471038818359375 0.0864791870117188 0.016693115234375 0.0538406372070313
-0.020721435546875 0.0900650024414062 -0.00479888916015625 0.0594520568847656
0.041778564453125 0.0908432006835937 0.0104255676269531 0.063140869140625
0.0730209350585938 0.0322036743164063 0.0312309265136719 0.0440139770507813
0.0698966979980469 -0.0194129943847656 0.0332012176513672 0.0184879302978516
0.0282630920410156 -0.0559921264648438 0.0142078399658203 0.000267028808593747
-0.00611877441406249 -0.0608749389648438 0.00508546829223633 0.00781631469726562
-0.00441360473632812 -0.0621223449707031 0.00513076782226563 0.0238857269287109
-0.0149803161621094 -0.0653076171875 -0.000579833984375 0.0321025848388672
0.00450515747070312 -0.0602912902832031 -0.0181217193603516 0.0349578857421875
0.0398292541503906 -0.0526199340820312 -0.0269603729248047 0.0224590301513672
0.0673561096191406 -0.0164794921875 -0.0307540893554687 -0.00633430480957032
0.0609664916992188 0.0564231872558594 -0.0157337188720703 -0.0220928192138672
0.020050048828125 0.0819625854492188 0.011317253112793 -0.00731754302978515
-0.0307846069335938 0.092620849609375 -0.0159530639648438 0.0340633392333984
-0.044158935546875 0.0523338317871094 -0.00113677978515624 0.0810394287109375
-0.0263519287109375 0.0641975402832031 -0.0113449096679687 0.0768890380859375
0.0211029052734375 0.0727767944335938 0.00188446044921876 0.0617446899414063
0.0526542663574219 0.0305213928222656 0.0162467956542969 0.0473899841308594
0.0545692443847656 -0.0116157531738281 0.0187454223632813 0.0297489166259766
0.0242233276367188 -0.0433578491210938 0.00915718078613282 0.020477294921875
-0.00366592407226563 -0.0472831726074219 0.0106639862060547 0.0288543701171875
-0.00299453735351563 -0.0494918823242188 0.0122718811035156 0.040740966796875
-0.0107269287109375 -0.0533447265625 0.00644683837890625 0.0499916076660156
0.00499725341796875 -0.0494155883789063 -0.0158500671386719 0.051116943359375
0.0347976684570313 -0.0430641174316406 -0.0294456481933594 0.0341930389404297
0.0557212829589844 -0.00944137573242188 -0.0351181030273438 0.00258636474609375
0.043609619140625 0.0515174865722656 -0.0186195373535156 -0.0168838500976562
0.00441360473632812 0.0666007995605469 0.0120048522949219 0.00712203979492188
-0.0369186401367188 0.0641555786132813 -0.0271034240722656 0.0575218200683594
-0.0342063903808594 0.00882720947265624 -0.0116806030273437 0.0953750610351563
-0.0268783569335937 0.0272064208984375 -0.013092041015625 0.0845260620117188
-0.000370025634765625 0.0406532287597656 -0.003753662109375 0.0564918518066406
0.0238666534423828 0.0212078094482422 0.00634765625 0.0476417541503906
0.0293979644775391 -0.00206947326660156 0.00882720947265626 0.035797119140625
0.0152683258056641 -0.0232753753662109 0.00721549987792969 0.0337619781494141
-0.000715255737304686 -0.0274581909179687 0.0152702331542969 0.0428581237792969
-0.00107955932617188 -0.0297565460205078 0.0174446105957031 0.0512275695800781
-0.00505638122558594 -0.0346202850341797 0.0105323791503906 0.0619773864746094
0.00418472290039063 -0.0327701568603516 -0.0162582397460938 0.06207275390625
0.0255527496337891 -0.0282306671142578 -0.0328826904296875 0.0409164428710938
0.0383071899414063 -0.00281524658203125 -0.0395126342773438 0.00867843627929687
0.0232772827148438 0.0405426025390625 -0.0221328735351563 -0.0141544342041016
-0.0109748840332031 0.0438995361328125 0.00819969177246094 0.0162353515625
-0.0374107360839844 0.0270957946777344 -0.0400466918945312 0.0709075927734375
0.0251579284667969 0.0144023895263672 0.03643798828125 -0.0781707763671875
0.0144920349121094 -0.0133132934570313 -0.00441551208496094 -0.0232276916503906
-0.00478935241699219 -0.0152492523193359 0.0242328643798828 0.0177536010742188
-0.0140266418457031 -0.00195503234863281 0.051483154296875 -0.00602340698242188
-0.0104007720947266 0.00835704803466797 0.042266845703125 -0.0412712097167969
-0.000973701477050781 0.0130681991577148 0.01568603515625 -0.0658416748046875
0.000347614288330078 0.00776767730712891 -0.0185317993164062 -0.0659103393554688
-0.00129604339599609 0.00482416152954101 -0.0222434997558594 -0.0538597106933594
-0.00302886962890625 0.00447988510131836 -0.0212020874023438 -0.0470619201660156
-0.00405383110046387 -1.31130218505867E-05 -0.0114326477050781 -0.042816162109375
-0.00267553329467773 -0.00676965713500976 -0.00994110107421875 -0.0394554138183594
0.00710964202880859 -0.0146980285644531 -0.00518417358398437 -0.0484275817871094
0.0218162536621094 -0.00377464294433594 0.00916290283203125 -0.05682373046875
0.0293159484863281 0.0146427154541016 0.0073394775390625 -0.0808944702148438
0.0245857238769531 0.0305671691894531 0.0166015625 -0.0994720458984375
0.0147476196289063 0.0540275573730469 0.0450363159179688 -0.0699577331542969
0.0203361511230469 0.0204658508300781 0.000221252441406252 -0.0195026397705078
0.0211143493652344 0.00705909729003906 0.0285549163818359 0.0238208770751953
0.0134267807006836 -0.00274181365966797 0.0566368103027344 -0.00176239013671875
0.00932502746582031 -0.00774669647216797 0.0486335754394531 -0.0389366149902344
0.00199794769287109 -0.0103769302368164 0.0172653198242188 -0.0653152465820313
-0.00643062591552735 -0.0160284042358398 -0.0172843933105469 -0.0636825561523438
-0.00433731079101563 -0.0197525024414063 -0.0203208923339844 -0.0485076904296875
-0.0079803466796875 -0.0209102630615234 -0.0215415954589844 -0.0416412353515625
0.00230598449707031 -0.0225696563720703 -0.0159149169921875 -0.0368537902832031
0.0178642272949219 -0.0217266082763672 -0.0138320922851562 -0.0342578887939453
0.0360870361328125 -0.0119705200195313 -0.00937652587890624 -0.0461311340332031
0.0405769348144531 0.0246963500976562 0.0030364990234375 -0.0527687072753906
0.031982421875 0.0484085083007813 0.00373077392578126 -0.0730133056640625
0.0112991333007813 0.0694961547851563 0.0140609741210938 -0.0864028930664063
-0.00118255615234375 0.0868682861328125 0.0487518310546875 -0.0501480102539062
0.018524169921875 0.0551528930664063 0.00341224670410156 -0.00787162780761718
0.0444107055664063 0.03521728515625 0.0312576293945313 0.0340023040771484
0.0427932739257813 0.0017852783203125 0.0595970153808594 0.00735855102539063
0.0327644348144531 -0.021484375 0.0533218383789063 -0.0309791564941406
0.00805854797363282 -0.0334548950195313 0.0191459655761719 -0.0579109191894531
-0.0106925964355469 -0.0378303527832031 -0.0135841369628906 -0.0539207458496094
-0.00630569458007813 -0.0416946411132813 -0.0157852172851562 -0.0353050231933594
-0.0126953125 -0.0433197021484375 -0.0192279815673828 -0.0280075073242188
0.00496292114257812 -0.0425605773925781 -0.0194816589355469 -0.023040771484375
0.0322952270507813 -0.0381050109863281 -0.0197429656982422 -0.0225543975830078
0.0577888488769531 -0.0150833129882812 -0.0172920227050781 -0.03961181640625
0.0594902038574219 0.0429267883300781 -0.00418472290039063 -0.0466117858886719
0.0367660522460937 0.07244873046875 0.00148391723632813 -0.059539794921875
-0.00010681152343751 0.0975799560546875 0.00773239135742188 -0.0613365173339844
-0.0192718505859375 0.105209350585938 0.0446014404296875 -0.0196189880371094
0.0103302001953125 0.0835418701171875 0.00421047210693359 0.0121774673461914
0.0591468811035156 0.0643692016601562 0.0290107727050781 0.0460243225097656
0.0675468444824219 0.0104637145996094 0.0567169189453125 0.0195121765136719
0.0544319152832031 -0.0292739868164063 0.0526161193847656 -0.0169944763183594
0.0161094665527344 -0.0502166748046875 0.0201568603515625 -0.0429229736328125
-0.0118598937988281 -0.0540733337402344 -0.00746536254882812 -0.0373039245605469
-0.00769805908203124 -0.0573196411132813 -0.00934886932373047 -0.0173635482788086
-0.017181396484375 -0.0588188171386719 -0.0142583847045898 -0.00912666320800782
0.00412750244140625 -0.0568389892578125 -0.0205974578857422 -0.00464439392089844
0.0385627746582031 -0.0509567260742188 -0.0234127044677734 -0.00738334655761719
0.0696601867675781 -0.0205726623535156 -0.0237350463867187 -0.0293197631835938
0.0716705322265625 0.05120849609375 -0.0107955932617187 -0.0382614135742188
0.0392227172851562 0.084564208984375 0.002899169921875 -0.0431594848632813
-0.0088348388671875 0.111457824707031 0.000837326049804685 -0.0300559997558594
-0.0345535278320313 0.106056213378906 0.0324382781982422 0.0173759460449219
-0.00282287597656249 0.0961074829101562 0.000762939453124998 0.0363578796386719
0.059814453125 0.0838775634765625 0.0225296020507813 0.0558547973632813
0.0790023803710938 0.0209426879882812 0.047149658203125 0.0322151184082031
0.0678138732910156 -0.0292892456054687 0.0453224182128906 0.000614166259765623
0.0225143432617188 -0.0591239929199219 0.0181140899658203 -0.0221309661865234
-0.011199951171875 -0.0612983703613281 -0.00131511688232422 -0.0149812698364258
-0.00800323486328125 -0.0638618469238281 -0.00111007690429688 0.00336480140686035
-0.0192604064941406 -0.0656394958496094 -0.00670909881591797 0.0118570327758789
0.00233078002929688 -0.0621719360351563 -0.0188064575195313 0.0163116455078125
0.0386581420898438 -0.0569877624511719 -0.0251331329345703 0.00901031494140625
0.0716400146484375 -0.0231704711914063 -0.0282497406005859 -0.0169849395751953
0.0722885131835938 0.05340576171875 -0.0141124725341797 -0.0292167663574219
0.0355148315429688 0.0864334106445312 0.0071868896484375 -0.0248069763183594
-0.0176162719726563 0.108772277832031 -0.00637149810791016 0.00318431854248048
-0.0420913696289063 0.0867385864257812 0.0178146362304687 0.05169677734375
-0.0161209106445313 0.0892562866210938 -0.00392913818359374 0.0581245422363281
0.0453033447265625 0.0869903564453125 0.0120086669921875 0.0607986450195313
0.0725936889648438 0.028411865234375 0.0321311950683594 0.04193115234375
0.0673713684082031 -0.0226364135742187 0.0333423614501953 0.0172328948974609
0.0247879028320313 -0.0557365417480469 0.0146617889404297 0.000272750854492184
-0.00844955444335938 -0.0588417053222656 0.00558710098266601 0.00768518447875976
-0.00727462768554687 -0.0607185363769531 0.00705909729003906 0.0229892730712891
-0.0183753967285156 -0.0625877380371094 0.00136756896972656 0.0315494537353515
0.00133514404296874 -0.0593032836914063 -0.0161361694335937 0.0352210998535156
0.036529541015625 -0.0534782409667969 -0.0253238677978516 0.0228328704833984
0.0656623840332031 -0.0196647644042969 -0.0309677124023437 -0.00541877746582031
0.0624961853027344 0.0527687072753906 -0.0165176391601562 -0.0208301544189453
0.0232086181640625 0.0797271728515625 0.0106067657470703 -0.00817012786865234
-0.0263595581054688 0.0928497314453125 -0.0144081115722656 0.0336723327636719
-0.0408172607421875 0.0530281066894531 0.0015716552734375 0.0797653198242188
-0.0231399536132813 0.0640220642089844 -0.00863647460937501 0.0753936767578125
0.0241355895996094 0.0701828002929688 0.00358200073242188 0.0600090026855469
0.0525054931640625 0.0280494689941406 0.0176658630371094 0.0462799072265625
0.0527381896972656 -0.0133781433105469 0.0193328857421875 0.0287361145019531
0.0217323303222656 -0.0433845520019531 0.00983810424804688 0.0204944610595703
-0.00574493408203125 -0.0457496643066406 0.0116386413574219 0.0282726287841797
-0.00516128540039063 -0.0482749938964844 0.0145835876464844 0.0394744873046875
-0.0133209228515625 -0.0513916015625 0.009429931640625 0.0485305786132813
0.00211715698242188 -0.0481338500976563 -0.0132408142089844 0.0508613586425781
0.0315170288085938 -0.0430183410644531 -0.0271282196044922 0.0343189239501953
0.053924560546875 -0.0120773315429687 -0.0342559814453125 0.003753662109375
0.04541015625 0.0482559204101563 -0.0184135437011719 -0.0156326293945312
0.00702667236328125 0.0650825500488281 0.0121574401855469 0.0054311752319336
-0.0332145690917969 0.0644340515136719 -0.0241775512695313 0.0570831298828125
-0.032928466796875 0.00983619689941406 -0.00801086425781249 0.0941543579101562
-0.0251083374023438 0.0273017883300781 -0.00990295410156249 0.0828933715820312
0.00178146362304688 0.0398712158203125 -0.00228118896484375 0.0551033020019531
0.0241489410400391 0.0196037292480469 0.00738906860351563 0.0465126037597656
0.0281524658203125 -0.00354957580566406 0.0106010437011719 0.0347976684570313
0.013916015625 -0.0234127044677734 0.00848197937011719 0.0334262847900391
-0.00176620483398438 -0.0263595581054688 0.0174636840820312 0.0416526794433594
-0.002593994140625 -0.0291595458984375 0.0199089050292969 0.0494041442871094
-0.00687599182128906 -0.0335865020751953 0.014312744140625 0.0604629516601563
0.00289154052734375 -0.0319976806640625 -0.0126571655273438 0.0617485046386719
0.0233669281005859 -0.0287723541259766 -0.0305824279785156 0.0411453247070313
0.0372505187988281 -0.00472640991210938 -0.038299560546875 0.0102882385253906
0.0250511169433594 0.0390701293945313 -0.02215576171875 -0.0127830505371094
-0.00937271118164062 0.0434532165527344 0.0088043212890625 0.0144805908203125
-0.0354537963867188 0.0281753540039062 -0.0358047485351563 0.0706405639648438
0.0250244140625 0.0137805938720703 0.0342941284179688 -0.0766830444335937
0.0143308639526367 -0.0130205154418945 -0.00515365600585937 -0.0221157073974609
-0.00421905517578125 -0.0148334503173828 0.0240497589111328 0.0168514251708984
-0.0135822296142578 -0.00162029266357422 0.0510940551757813 -0.00665283203125
-0.009857177734375 0.00875377655029297 0.0410194396972656 -0.0407829284667969
-0.000353813171386719 0.012578010559082 0.0141067504882812 -0.065338134765625
0.000512123107910157 0.00690937042236328 -0.0197525024414062 -0.064483642578125
-0.00112199783325195 0.00427365303039551 -0.0230941772460938 -0.0530014038085938
-0.00317525863647461 0.00452089309692383 -0.0223884582519531 -0.04571533203125
-0.00389266014099121 -0.000104904174804687 -0.0122261047363281 -0.0418548583984375
-0.00231647491455078 -0.00665140151977539 -0.0102500915527344 -0.0389328002929687
0.00665760040283203 -0.0141973495483398 -0.00598907470703125 -0.0478286743164063
0.0213546752929688 -0.00401115417480469 0.008544921875 -0.0558967590332031
0.0290985107421875 0.0143394470214844 0.00579071044921875 -0.079254150390625
0.0246772766113281 0.0299072265625 0.0145492553710938 -0.0982284545898438
0.0151634216308594 0.0532569885253906 0.0425872802734375 -0.0687828063964844
0.0204505920410156 0.0199851989746094 -0.000385284423828126 -0.0185775756835938
0.0213584899902344 0.00642967224121094 0.0285186767578125 0.0225601196289063
0.0129928588867188 -0.00294303894042969 0.0559883117675781 -0.0024566650390625
0.00898170471191406 -0.00786399841308594 0.0474014282226563 -0.0385665893554688
0.00223827362060547 -0.01007080078125 0.0164337158203125 -0.0649566650390625
-0.00609588623046875 -0.0154104232788086 -0.0182723999023438 -0.0625381469726562
-0.00462722778320312 -0.0193881988525391 -0.0212554931640625 -0.047393798828125
-0.00805473327636719 -0.0198345184326172 -0.0225753784179688 -0.0407600402832031
0.00226974487304688 -0.0220432281494141 -0.0161590576171875 -0.03662109375
0.0177974700927734 -0.0219955444335937 -0.014404296875 -0.0335254669189453
0.0352935791015625 -0.0122489929199219 -0.0103912353515625 -0.0457611083984375
0.0405426025390625 0.0241622924804687 0.00260162353515625 -0.0517005920410156
0.0318336486816406 0.0474739074707031 0.00193786621093749 -0.0718460083007813
0.0123138427734375 0.0690040588378906 0.0122756958007813 -0.085052490234375
0.000366210937499995 0.0851898193359375 0.0458793640136719 -0.0494918823242188
0.0191421508789063 0.0544548034667969 0.0027003288269043 -0.00687456130981445
0.0448646545410156 0.0340309143066406 0.0305023193359375 0.0328407287597656
0.0420188903808594 0.0006866455078125 0.0587501525878906 0.00649642944335937
0.0315189361572266 -0.0219249725341797 0.0520286560058594 -0.0307693481445313
0.0076141357421875 -0.0324630737304688 0.0180282592773437 -0.05731201171875
-0.0110664367675781 -0.0370292663574219 -0.0145912170410156 -0.0530433654785156
-0.00768280029296875 -0.0411758422851563 -0.0166130065917969 -0.035186767578125
-0.0135650634765625 -0.0418510437011719 -0.0196552276611328 -0.0273532867431641
0.00414276123046875 -0.0421142578125 -0.0193595886230469 -0.0226783752441406
0.0305328369140625 -0.0376701354980469 -0.0194530487060547 -0.0218696594238281
0.0565376281738281 -0.0163307189941406 -0.0180320739746094 -0.0396347045898438
0.0592384338378906 0.0419044494628906 -0.00421524047851562 -0.0458030700683594
0.0367813110351562 0.0706405639648438 6.48498535156258E-05 -0.0589637756347656
0.00146484374999999 0.096710205078125 0.00681686401367188 -0.0603866577148437
-0.01715087890625 0.104019165039062 0.0422782897949219 -0.0194091796875
0.0114822387695312 0.0823822021484375 0.00319290161132813 0.0123748779296875
0.0602684020996094 0.0616226196289062 0.0288658142089844 0.0443878173828125
0.0665245056152344 0.00885009765625 0.0557403564453125 0.0191421508789063
0.0526809692382813 -0.0299949645996094 0.0519638061523438 -0.0163726806640625
0.014862060546875 -0.0492782592773438 0.0195274353027344 -0.0421524047851563
-0.0129013061523437 -0.0525093078613281 -0.008087158203125 -0.036529541015625
-0.00904083251953125 -0.0558395385742188 -0.00943851470947266 -0.0172090530395508
-0.0184211730957031 -0.056976318359375 -0.0140609741210938 -0.00901222229003906
0.00289154052734375 -0.0554962158203125 -0.0203781127929688 -0.00405311584472656
0.0363197326660156 -0.0508842468261719 -0.0230827331542969 -0.00745582580566407
0.0680732727050781 -0.0222244262695313 -0.0245380401611328 -0.02886962890625
0.0716094970703125 0.049407958984375 -0.0106925964355469 -0.0373497009277344
0.040496826171875 0.0830307006835938 0.00164031982421875 -0.0424156188964844
-0.00656890869140626 0.110336303710938 -1.7166137695314E-05 -0.0297908782958984
-0.0321197509765625 0.104362487792969 0.0312366485595703 0.0165843963623047
-0.00131225585937499 0.0956802368164063 0.0011444091796875 0.0358734130859375
0.0607681274414063 0.0814590454101563 0.0227127075195313 0.0537185668945313
0.0775299072265625 0.0193862915039063 0.0463905334472656 0.0318832397460938
0.06585693359375 -0.0302886962890625 0.0449256896972656 0.000282287597656248
0.0208015441894531 -0.0575942993164063 0.0178737640380859 -0.0212612152099609
-0.0122756958007813 -0.0598373413085938 -0.00120830535888672 -0.0145425796508789
-0.00976943969726563 -0.0627288818359375 -0.000726461410522462 0.00289392471313476
-0.0207862854003906 -0.0636520385742188 -0.00583934783935547 0.0120658874511719
0.0012054443359375 -0.060760498046875 -0.0181655883789063 0.0162506103515625
0.0368461608886719 -0.05621337890625 -0.0243167877197266 0.00857734680175781
0.0694007873535156 -0.0244178771972656 -0.0287094116210938 -0.0166950225830078
0.0730743408203125 0.0513992309570312 -0.0142097473144531 -0.0285739898681641
0.0360488891601563 0.0842132568359375 0.00655364990234375 -0.0246982574462891
-0.0156021118164063 0.107841491699219 -0.00640773773193359 0.00320863723754883
-0.0400238037109375 0.0859909057617188 0.0172195434570312 0.0511550903320313
-0.0143814086914062 0.0884628295898438 -0.00386047363281251 0.0575141906738281
0.0466537475585937 0.0840911865234375 0.0122871398925781 0.0589561462402344
0.0720367431640625 0.0266342163085938 0.0319862365722656 0.0412521362304688
0.0649833679199219 -0.0234336853027344 0.0330848693847656 0.0165977478027344
0.0236663818359375 -0.0552253723144531 0.0143890380859375 0.000924110412597653
-0.00973129272460937 -0.0569992065429688 0.00600099563598633 0.00781393051147461
-0.00867843627929688 -0.059967041015625 0.00734138488769531 0.0219745635986328
-0.0196723937988281 -0.0609970092773438 0.00243568420410156 0.0312747955322266
0.000160217285156254 -0.05755615234375 -0.0149383544921875 0.0351390838623047
0.0343208312988281 -0.0530357360839844 -0.0245361328125 0.0223846435546875
0.0636329650878906 -0.0203666687011719 -0.0307292938232422 -0.00540924072265625
0.0631370544433594 0.0505561828613281 -0.0160942077636719 -0.0202693939208984
0.0237655639648437 0.0779800415039063 0.0101652145385742 -0.00843238830566406
-0.0236740112304688 0.0918960571289062 -0.0135841369628906 0.0329055786132813
-0.038848876953125 0.0525016784667969 0.0023956298828125 0.0784988403320313
-0.0219345092773438 0.063201904296875 -0.00823211669921875 0.0740432739257813
0.025238037109375 0.0679893493652344 0.00365066528320312 0.0581626892089844
0.0518264770507813 0.0263557434082031 0.0172996520996094 0.0452308654785156
0.05072021484375 -0.0144538879394531 0.0197315216064453 0.0279045104980469
0.0206260681152344 -0.0426368713378906 0.010223388671875 0.0209579467773437
-0.0060882568359375 -0.0445671081542969 0.0128059387207031 0.0283489227294922
-0.00629043579101562 -0.0476913452148438 0.0156364440917969 0.038177490234375
-0.0148963928222656 -0.0501785278320313 0.0105743408203125 0.0478172302246094
0.000972747802734374 -0.0469741821289063 -0.011871337890625 0.0503921508789063
0.0297317504882813 -0.04278564453125 -0.0261917114257813 0.0335597991943359
0.0527229309082031 -0.0132369995117188 -0.0335597991943359 0.00384330749511719
0.0460662841796875 0.0469627380371094 -0.0183258056640625 -0.0147418975830078
0.00752639770507812 0.0641937255859375 0.0120401382446289 0.00462818145751953
-0.0307540893554687 0.0644493103027344 -0.0227851867675781 0.0559959411621094
-0.0313262939453125 0.00985527038574219 -0.00672149658203126 0.0925369262695313
-0.0247535705566406 0.0269222259521484 -0.00887298583984376 0.0813064575195313
0.0024566650390625 0.0391044616699219 -0.0025177001953125 0.0538139343261719
0.0235023498535156 0.0189170837402344 0.00734329223632813 0.0461311340332031
0.0277252197265625 -0.00419044494628906 0.0105133056640625 0.0349044799804688
0.0131626129150391 -0.023651123046875 0.00844764709472656 0.0331363677978516
-0.00249099731445312 -0.0256004333496094 0.01812744140625 0.0415153503417969
-0.00318145751953125 -0.0286140441894531 0.0211219787597656 0.048095703125
-0.00790214538574218 -0.0329246520996094 0.015380859375 0.059417724609375
0.00193405151367187 -0.0315513610839844 -0.011260986328125 0.0614700317382813
0.0218734741210938 -0.0287303924560547 -0.029876708984375 0.0410575866699219
0.0364570617675781 -0.00522613525390625 -0.0377998352050781 0.01043701171875
0.0255622863769531 0.03759765625 -0.0219402313232422 -0.0128631591796875
-0.00804901123046875 0.0434112548828125 0.00917148590087891 0.0134859085083008
-0.0338935852050781 0.0281600952148438 -0.0339202880859375 0.0691452026367187
0.0242424011230469 0.0137920379638672 0.03387451171875 -0.0763473510742188
0.0147476196289062 -0.0130176544189453 -0.00557899475097656 -0.0216960906982422
-0.004058837890625 -0.0148496627807617 0.0239028930664063 0.0170459747314453
-0.0141429901123047 -0.00115680694580078 0.0508995056152344 -0.00585174560546875
-0.0100250244140625 0.00873088836669922 0.04144287109375 -0.0401802062988281
-0.000154495239257812 0.012639045715332 0.0142631530761719 -0.065277099609375
0.000473022460937499 0.00689840316772461 -0.0199813842773438 -0.0647125244140625
-0.00149202346801758 0.00414490699768066 -0.0241355895996094 -0.0527572631835938
-0.00296211242675781 0.0044708251953125 -0.0234298706054687 -0.0456695556640625
-0.00360012054443359 -3.8385391235352E-05 -0.0130386352539062 -0.0423965454101563
-0.00227069854736328 -0.00671863555908203 -0.0103569030761719 -0.0394706726074219
0.00651073455810547 -0.0143442153930664 -0.00628662109375 -0.0480117797851563
0.0212268829345703 -0.00345039367675781 0.0089111328125 -0.05609130859375
0.0294094085693359 0.0144538879394531 0.00592041015625 -0.078704833984375
0.0245494842529297 0.0303268432617187 0.01434326171875 -0.0984573364257812
0.0151901245117188 0.0537757873535156 0.0418243408203125 -0.0685768127441406
0.0207233428955078 0.0209865570068359 -0.00131988525390625 -0.0182476043701172
0.0219039916992188 0.00655555725097656 0.0284271240234375 0.022918701171875
0.0131292343139648 -0.00284957885742188 0.0558929443359375 -0.00241470336914063
0.00914764404296875 -0.00787544250488281 0.0480155944824219 -0.038177490234375
0.00204563140869141 -0.0100650787353516 0.0166587829589844 -0.0651741027832031
-0.00676250457763672 -0.0157737731933594 -0.0187721252441406 -0.0623817443847656
-0.00533866882324219 -0.0194454193115234 -0.0219268798828125 -0.047821044921875
-0.0082550048828125 -0.0200157165527344 -0.0231590270996094 -0.0406341552734375
0.00208282470703125 -0.0221729278564453 -0.0165786743164063 -0.0368766784667969
0.0174407958984375 -0.0219001770019531 -0.0143260955810547 -0.0337982177734375
0.0350780487060547 -0.0124683380126953 -0.0109786987304688 -0.0463485717773438
0.0407752990722656 0.0243949890136719 0.00291061401367188 -0.0513839721679687
0.0320167541503906 0.047821044921875 0.00179290771484375 -0.0716400146484375
0.0125389099121094 0.0693550109863281 0.0120315551757812 -0.0854263305664063
1.52587890625054E-05 0.085479736328125 0.0454444885253906 -0.0492591857910156
0.019683837890625 0.0552215576171875 0.0015716552734375 -0.00656509399414062
0.0459632873535156 0.0337677001953125 0.0303802490234375 0.0324802398681641
0.0421676635742188 0.000621795654296875 0.0587730407714844 0.007080078125
0.0313453674316406 -0.0218715667724609 0.0525894165039062 -0.0302658081054687
0.00741195678710938 -0.0323505401611328 0.0185813903808594 -0.0570106506347656
-0.0112113952636719 -0.0366592407226563 -0.0146026611328125 -0.053558349609375
-0.00787734985351562 -0.0414390563964844 -0.0169486999511719 -0.0354576110839844
-0.0137214660644531 -0.041839599609375 -0.0205745697021484 -0.0276203155517578
0.00412368774414062 -0.0419044494628906 -0.0195236206054688 -0.0225334167480469
0.0305099487304688 -0.0380897521972656 -0.0198040008544922 -0.0224590301513672
0.056396484375 -0.0163154602050781 -0.018280029296875 -0.0400657653808594
0.0600433349609375 0.0419158935546875 -0.00441360473632812 -0.0456924438476563
0.036956787109375 0.0714797973632813 -0.000179290771484366 -0.0588417053222656
0.00260162353515624 0.09771728515625 0.00632858276367188 -0.0609512329101563
-0.0170669555664063 0.104209899902344 0.0414924621582031 -0.0187492370605469
0.0117645263671875 0.0833740234375 0.00213432312011719 0.0125417709350586
0.0609931945800781 0.0613746643066406 0.0282669067382813 0.0439224243164063
0.0666618347167969 0.00842666625976563 0.0561408996582031 0.0194931030273437
0.0522384643554688 -0.0303001403808594 0.0523719787597656 -0.0160789489746094
0.0145301818847656 -0.04913330078125 0.0199317932128906 -0.0419883728027344
-0.0129356384277344 -0.0523719787597656 -0.0083770751953125 -0.0362548828125
-0.00999832153320313 -0.0571212768554688 -0.00936508178710938 -0.0176715850830078
-0.0190277099609375 -0.0567054748535156 -0.0139236450195313 -0.00897312164306641
0.00267410278320312 -0.0552864074707031 -0.0204544067382813 -0.00411033630371094
0.0360794067382813 -0.0509300231933594 -0.0232486724853516 -0.0077667236328125
0.0678863525390625 -0.0227317810058594 -0.0252456665039062 -0.0292339324951172
0.0728683471679688 0.0491943359375 -0.0104866027832031 -0.0374107360839844
0.0402450561523438 0.0836029052734375 0.00150299072265626 -0.042694091796875
-0.00603485107421876 0.111480712890625 -0.000154495239257815 -0.0301589965820312
-0.0315628051757812 0.104934692382812 0.030303955078125 0.0173892974853516
-0.000930786132812496 0.0962677001953125 -0.000358581542968748 0.0361900329589844
0.0616607666015625 0.0809097290039062 0.0217094421386719 0.0534439086914063
0.0782852172851563 0.019012451171875 0.0461616516113281 0.032379150390625
0.0653152465820313 -0.0305404663085937 0.0450859069824219 0.000965118408203123
0.0207939147949219 -0.0578384399414063 0.0184364318847656 -0.0205059051513672
-0.0124702453613281 -0.0594596862792969 -0.00132083892822266 -0.0142679214477539
-0.0105171203613281 -0.0635223388671875 -0.000587940216064454 0.00274968147277832
-0.0216789245605469 -0.0634613037109375 -0.00558280944824219 0.0119590759277344
0.000495910644531249 -0.0606346130371094 -0.017730712890625 0.0167655944824219
0.0363883972167969 -0.0562057495117187 -0.0245742797851562 0.00846290588378906
0.069366455078125 -0.0248336791992188 -0.0295391082763672 -0.0168819427490234
0.0739059448242188 0.0514450073242188 -0.0137348175048828 -0.0286865234375
0.0363006591796875 0.0849609375 0.00639152526855469 -0.025238037109375
-0.014404296875 0.109382629394531 -0.00634002685546875 0.00266551971435548
-0.0398483276367187 0.0859832763671875 0.0163688659667969 0.0511474609375
-0.0145339965820313 0.0890655517578125 -0.00504684448242188 0.0579185485839844
0.047088623046875 0.083953857421875 0.01177978515625 0.0585098266601563
0.0718917846679688 0.0264968872070313 0.0314750671386719 0.0423202514648438
0.0653343200683594 -0.0239372253417969 0.0328788757324219 0.0170516967773438
0.0234489440917969 -0.0550498962402344 0.0148420333862305 0.00182723999023437
-0.00978851318359375 -0.0570259094238281 0.00609111785888672 0.00802564620971679
-0.0093841552734375 -0.0606193542480469 0.00807762145996094 0.0220794677734375
-0.0203819274902344 -0.0606002807617188 0.003204345703125 0.0310153961181641
-9.1552734375E-05 -0.0576553344726563 -0.0147628784179688 0.0352210998535156
0.0336570739746094 -0.052978515625 -0.024932861328125 0.0218963623046875
0.0635871887207031 -0.0211563110351563 -0.0315895080566406 -0.00567626953125001
0.0642471313476563 0.0506629943847656 -0.0158653259277344 -0.0203571319580078
0.0239715576171875 0.078216552734375 0.0100393295288086 -0.00919628143310546
-0.0231170654296875 0.0928726196289063 -0.0136604309082031 0.0322818756103516
-0.0385017395019531 0.0523719787597656 0.00146484375 0.0788421630859375
-0.0216522216796875 0.0635566711425781 -0.00933074951171876 0.0742263793945313
0.0258560180664062 0.0678520202636719 0.0022735595703125 0.0580024719238281
0.0516624450683594 0.026214599609375 0.0169944763183594 0.0458717346191406
0.0511932373046875 -0.01470947265625 0.0193653106689453 0.0285091400146484
0.0202445983886719 -0.0424346923828125 0.0105419158935547 0.0219001770019531
-0.0066070556640625 -0.0445671081542969 0.0131874084472656 0.0281105041503906
-0.00687789916992187 -0.0478744506835937 0.0163726806640625 0.0376853942871094
-0.0154037475585938 -0.0503616333007813 0.0114593505859375 0.0474624633789062
0.000625610351562496 -0.0465660095214844 -0.0113792419433594 0.05059814453125
0.0287132263183594 -0.0426254272460938 -0.0267066955566406 0.0334339141845703
0.0525856018066406 -0.0135574340820313 -0.0341262817382813 0.00385093688964844
0.0467872619628906 0.0466537475585938 -0.018096923828125 -0.0152950286865234
0.00787353515624999 0.0641937255859375 0.0119495391845703 0.00425720214843751
-0.0299797058105469 0.0648574829101563 -0.0223655700683594 0.0552902221679688
-0.0313148498535156 0.00955390930175781 -0.00733184814453125 0.0929107666015625
-0.0245895385742188 0.0269603729248047 -0.00965118408203126 0.0814971923828125
0.00258636474609375 0.0385475158691406 -0.0030059814453125 0.0540084838867188
0.0232410430908203 0.0189609527587891 0.0074310302734375 0.0463600158691406
0.0278072357177734 -0.00399971008300781 0.0103759765625 0.0346813201904297
0.0130901336669922 -0.0234012603759766 0.00901412963867187 0.0344352722167969
-0.00270271301269531 -0.0258312225341797 0.0192718505859375 0.0411567687988281
-0.00329971313476563 -0.0285682678222656 0.0220680236816406 0.0482139587402344
-0.00832939147949219 -0.0324420928955078 0.0163726806640625 0.0589141845703125
0.00152778625488282 -0.0312519073486328 -0.0112037658691406 0.0614128112792969
0.021484375 -0.0284233093261719 -0.0300750732421875 0.04052734375
0.0362167358398438 -0.00580978393554688 -0.0378227233886719 0.00994491577148438
0.0263900756835937 0.0375633239746094 -0.0217781066894531 -0.0124492645263672
-0.00836944580078125 0.0432205200195313 0.00957202911376953 0.0129117965698242
-0.0334949493408203 0.0283985137939453 -0.0338668823242188 0.0686531066894531
0.0248775482177734 0.0142021179199219 0.0341415405273438 -0.077301025390625
0.0152969360351562 -0.0130481719970703 -0.0066680908203125 -0.0215492248535156
-0.00442028045654297 -0.0155582427978516 0.0239372253417969 0.0173988342285156
-0.0144071578979492 -0.00117301940917969 0.0518760681152344 -0.00682830810546875
-0.0099496841430664 0.00952911376953125 0.0428810119628906 -0.0414009094238281
0.00022411346435547 0.0125932693481445 0.0139579772949219 -0.0678291320800781
0.000452041625976562 0.00663614273071289 -0.0214767456054687 -0.0663528442382812
-0.00130748748779297 0.00394439697265625 -0.0259666442871094 -0.0540847778320312
-0.00286436080932617 0.00463724136352539 -0.0249099731445313 -0.0468597412109375
-0.00347828865051269 -7.89165496826165E-05 -0.0136299133300781 -0.0444374084472656
-0.00213432312011719 -0.00724506378173828 -0.0110397338867188 -0.0406608581542969
0.0064697265625 -0.0143318176269531 -0.00667190551757813 -0.049224853515625
0.0220432281494141 -0.00354385375976562 0.00898742675781249 -0.05712890625
0.0302391052246094 0.0147647857666016 0.00590515136718751 -0.0805740356445313
0.0256595611572266 0.0309581756591797 0.0140914916992188 -0.100822448730469
0.0156631469726563 0.0551376342773438 0.0415000915527344 -0.0700569152832031
0.0215072631835938 0.0215988159179688 -0.00227737426757813 -0.0181980133056641
0.0230998992919922 0.006011962890625 0.0285854339599609 0.0231571197509766
0.0129842758178711 -0.00274276733398438 0.0575637817382812 -0.00169754028320313
0.00875282287597656 -0.00801944732666016 0.0495872497558594 -0.0389823913574219
0.00200939178466797 -0.0101652145385742 0.0167045593261719 -0.0671768188476563
-0.00689697265625 -0.0160493850708008 -0.0199356079101563 -0.0644493103027344
-0.00575637817382812 -0.0204753875732422 -0.0232963562011719 -0.0489006042480469
-0.00861740112304687 -0.0208740234375 -0.0250930786132813 -0.0417442321777344
0.002288818359375 -0.0228443145751953 -0.0177040100097656 -0.0381851196289063
0.0180416107177734 -0.0224246978759766 -0.0150184631347656 -0.0354995727539063
0.0358619689941406 -0.0130348205566406 -0.0119361877441406 -0.0472335815429688
0.0424308776855469 0.0251960754394531 0.00315093994140625 -0.05291748046875
0.0333900451660156 0.0493011474609375 0.0014190673828125 -0.0733261108398438
0.0138320922851563 0.0713424682617188 0.011688232421875 -0.0877456665039063
0.000640869140625 0.088165283203125 0.0453681945800781 -0.050048828125
0.0207786560058594 0.0569953918457031 0.000295162200927736 -0.00658321380615234
0.0478439331054688 0.034027099609375 0.0307788848876953 0.0330066680908203
0.043182373046875 -3.814697265625E-06 0.0603713989257813 0.00709915161132813
0.0319080352783203 -0.0231704711914063 0.0540885925292969 -0.0310707092285156
0.00773239135742187 -0.0330314636230469 0.0192031860351563 -0.0587539672851562
-0.0122413635253906 -0.0375251770019531 -0.0155982971191406 -0.0542831420898437
-0.00954818725585938 -0.0430068969726563 -0.0178298950195313 -0.0361518859863281
-0.01495361328125 -0.0426712036132813 -0.0218276977539063 -0.0277233123779297
0.00378036499023438 -0.0426025390625 -0.020721435546875 -0.0233860015869141
0.030853271484375 -0.0393218994140625 -0.0202922821044922 -0.0238018035888672
0.05792236328125 -0.0174789428710937 -0.020111083984375 -0.0416030883789063
0.0623970031738281 0.0427742004394531 -0.00442886352539062 -0.0469474792480469
0.0387344360351562 0.0733566284179688 -0.000652313232421872 -0.0600090026855469
0.00306701660156249 0.100860595703125 0.00581741333007812 -0.0624885559082031
-0.0168609619140625 0.107284545898438 0.0413818359375 -0.0186614990234375
0.0130462646484375 0.0862350463867187 0.000841140747070314 0.013310432434082
0.0642471313476563 0.0618858337402344 0.0285377502441406 0.0444755554199219
0.0685691833496094 0.00795745849609375 0.057464599609375 0.0206794738769531
0.0536155700683594 -0.0320625305175781 0.0537681579589844 -0.0164451599121094
0.0146293640136719 -0.0503005981445312 0.0206489562988281 -0.0425910949707031
-0.0140419006347656 -0.0535049438476562 -0.00884628295898438 -0.0370864868164063
-0.011444091796875 -0.05902099609375 -0.00981140136718749 -0.0182590484619141
-0.020416259765625 -0.0575294494628906 -0.0151042938232422 -0.00947284698486328
0.0020599365234375 -0.0563545227050781 -0.0210456848144531 -0.00407981872558594
0.0363693237304687 -0.0525398254394531 -0.0242176055908203 -0.00844573974609375
0.0692405700683594 -0.0242576599121094 -0.0270519256591797 -0.0303192138671875
0.0759506225585938 0.0499725341796875 -0.0106239318847656 -0.0385513305664063
0.0419464111328125 0.0855484008789063 0.000980377197265627 -0.0440521240234375
-0.00518035888671875 0.114936828613281 -0.000267028808593749 -0.0310554504394531
-0.0321731567382813 0.107452392578125 0.0304069519042969 0.0181884765625
-0.000350952148437502 0.0993804931640625 -0.0014495849609375 0.0372352600097656
0.0647354125976563 0.0822525024414063 0.0217819213867188 0.0541801452636719
0.0801162719726563 0.0183639526367188 0.0474777221679688 0.0338401794433594
0.0667076110839844 -0.0324897766113281 0.046630859375 0.00150299072265625
0.0204849243164063 -0.0588798522949219 0.0188198089599609 -0.0205707550048828
-0.0135612487792969 -0.0609512329101563 -0.00115013122558594 -0.0143451690673828
-0.0122032165527344 -0.0659065246582031 -0.000506162643432618 0.00253582000732421
-0.0228157043457031 -0.0643997192382813 -0.00535297393798828 0.0120420455932617
-0.000373840332031254 -0.0613479614257813 -0.0185165405273437 0.0171604156494141
0.0363540649414063 -0.058135986328125 -0.0253963470458984 0.00801849365234374
0.0709686279296875 -0.0268096923828125 -0.0307769775390625 -0.0176830291748047
0.0775299072265625 0.0519256591796875 -0.013885498046875 -0.0297794342041016
0.0378494262695313 0.08721923828125 0.00623703002929688 -0.0261135101318359
-0.0139999389648438 0.1129150390625 -0.00703716278076172 0.00256633758544922
-0.0401611328125 0.0884475708007813 0.0164566040039063 0.0532608032226563
-0.0141372680664062 0.092010498046875 -0.00577163696289063 0.0591506958007813
0.0496063232421875 0.08551025390625 0.0110359191894531 0.0595245361328125
0.0739212036132813 0.02685546875 0.0320014953613281 0.0428428649902344
0.0667457580566406 -0.0254287719726563 0.0341529846191406 0.0177936553955078
0.0237808227539062 -0.0564613342285156 0.015655517578125 0.00264453887939453
-0.0110511779785156 -0.0580024719238281 0.00686788558959961 0.00842952728271484
-0.0108146667480469 -0.0623130798339844 0.00895500183105468 0.0218925476074219
-0.0217666625976562 -0.0613174438476563 0.00359916687011719 0.0318183898925781
-0.00111770629882813 -0.0586204528808594 -0.0147933959960937 0.0365104675292969
0.0339317321777344 -0.0546607971191406 -0.0256366729736328 0.0221385955810547
0.0649223327636719 -0.02252197265625 -0.032318115234375 -0.00635719299316406
0.0668487548828125 0.051116943359375 -0.0159225463867187 -0.0213336944580078
0.02508544921875 0.0804290771484375 0.0110492706298828 -0.0101852416992187
-0.022705078125 0.0955657958984375 -0.0138168334960938 0.0328998565673828
-0.0397109985351562 0.0531539916992188 0.00109100341796875 0.0810089111328125
-0.0220527648925781 0.064666748046875 -0.00955963134765624 0.0759506225585938
0.0271835327148438 0.0695571899414063 0.00151824951171875 0.0591773986816406
0.0529251098632813 0.0264663696289063 0.0169410705566406 0.0472450256347656
0.0524215698242188 -0.0160369873046875 0.0206851959228516 0.0293827056884766
0.0202255249023438 -0.043548583984375 0.0114116668701172 0.0229301452636719
-0.00712203979492188 -0.0456504821777344 0.0143756866455078 0.0288734436035156
-0.00792312622070313 -0.0498008728027344 0.0176277160644531 0.0382041931152344
-0.0166358947753906 -0.0509147644042969 0.0122528076171875 0.0481033325195313
0.000553131103515628 -0.0478935241699219 -0.0108833312988281 0.0523834228515625
0.0290298461914063 -0.0440139770507813 -0.0269832611083984 0.0337085723876953
0.0535812377929688 -0.0145072937011719 -0.0352897644042969 0.00330734252929687
0.0488204956054688 0.0477867126464844 -0.0183067321777344 -0.0159740447998047
0.00845718383789063 0.066009521484375 0.0127429962158203 0.00349903106689453
-0.030426025390625 0.066375732421875 -0.022918701171875 0.056427001953125
-0.0325565338134766 0.00963020324707032 -0.00738525390625001 0.095123291015625
-0.0252265930175781 0.0274524688720703 -0.00990295410156249 0.083526611328125
0.0032806396484375 0.0396270751953125 -0.00412750244140625 0.0555381774902344
0.0237026214599609 0.0195064544677734 0.00727081298828126 0.0478935241699219
0.0284175872802734 -0.00462532043457031 0.0109329223632813 0.0360145568847656
0.0130767822265625 -0.0242443084716797 0.00992202758789063 0.0361442565917969
-0.00279998779296875 -0.0262947082519531 0.0209579467773438 0.0418815612792969
-0.00422859191894531 -0.0297107696533203 0.0236244201660156 0.048828125
-0.00924110412597656 -0.0332431793212891 0.0178184509277344 0.0598487854003906
0.0012359619140625 -0.0320453643798828 -0.0106544494628906 0.0632858276367188
0.0218429565429688 -0.0289039611816406 -0.0307464599609375 0.0411529541015625
0.036834716796875 -0.00604629516601563 -0.0390815734863281 0.0100135803222656
0.0274429321289062 0.0378150939941406 -0.0222988128662109 -0.0131912231445312
-0.00806808471679688 0.0448112487792969 0.0100383758544922 0.0124969482421875
-0.0340862274169922 0.0288505554199219 -0.0342941284179687 0.06988525390625
0.0256061553955078 0.014984130859375 0.0326004028320313 -0.0801162719726563
0.0156335830688477 -0.0139837265014648 -0.00807380676269531 -0.0216312408447266
-0.00464916229248047 -0.0164012908935547 0.0251121520996094 0.0172557830810547
-0.0147314071655273 -0.000817298889160158 0.0533638000488281 -0.00770187377929688
-0.0100212097167969 0.00998783111572266 0.0437507629394531 -0.0434837341308594
0.000888824462890624 0.012568473815918 0.0127792358398438 -0.0705108642578125
0.000691890716552735 0.00651359558105469 -0.0247268676757813 -0.0679969787597656
-0.00162386894226074 0.00398945808410645 -0.0293540954589844 -0.0551567077636719
-0.00260639190673828 0.00492095947265625 -0.0280532836914062 -0.0477180480957031
-0.00365734100341797 2.74181365966799E-05 -0.015838623046875 -0.0456504821777344
-0.00213527679443359 -0.00746345520019531 -0.0127220153808594 -0.0423660278320313
0.00638771057128907 -0.0153026580810547 -0.00810623168945313 -0.0504379272460937
0.0228710174560547 -0.00382041931152344 0.00822830200195312 -0.0592002868652344
0.0317420959472656 0.0148410797119141 0.00405120849609374 -0.0827713012695313
0.0271873474121094 0.0313167572021484 0.01220703125 -0.104942321777344
0.0171394348144531 0.0572586059570313 0.0408706665039062 -0.0723876953125
0.0232620239257813 0.0216388702392578 -0.00357437133789062 -0.0182285308837891
0.0241966247558594 0.00526618957519531 0.0295314788818359 0.0227737426757812
0.0133218765258789 -0.00354480743408203 0.0588455200195313 -0.00321197509765625
0.00865745544433594 -0.00885868072509765 0.0503273010253906 -0.0413360595703125
0.00210380554199219 -0.01116943359375 0.0157699584960937 -0.0700912475585937
-0.00811290740966797 -0.0163516998291016 -0.0230560302734375 -0.0655097961425781
-0.00695610046386719 -0.0213394165039063 -0.0268783569335937 -0.0502128601074219
-0.00960922241210937 -0.0211277008056641 -0.0282478332519531 -0.0429115295410156
0.00194358825683594 -0.0232734680175781 -0.0200576782226562 -0.0393447875976563
0.0181598663330078 -0.0239543914794922 -0.0163497924804688 -0.0365447998046875
0.036773681640625 -0.014678955078125 -0.0139579772949219 -0.0485916137695313
0.0450477600097656 0.0249214172363281 0.00226211547851562 -0.0546607971191406
0.0356407165527344 0.0500946044921875 -8.39233398437464E-05 -0.0754852294921875
0.015716552734375 0.0739517211914063 0.00927734375 -0.0913238525390625
0.002899169921875 0.091156005859375 0.04425048828125 -0.052337646484375
0.0234375 0.0588150024414063 -0.000685691833496093 -0.00629091262817382
0.0510101318359375 0.0330810546875 0.0317249298095703 0.0329952239990234
0.0447540283203125 -0.001373291015625 0.0626869201660156 0.00647735595703125
0.0319232940673828 -0.0249958038330078 0.055816650390625 -0.0331764221191406
0.0067596435546875 -0.0343551635742188 0.0187149047851563 -0.0616912841796875
-0.0137939453125 -0.0379905700683594 -0.0180511474609375 -0.0550575256347656
-0.0114173889160156 -0.0446243286132813 -0.0201492309570312 -0.0373344421386719
-0.0173721313476563 -0.0434646606445313 -0.0239219665527344 -0.0286445617675781
0.00275802612304688 -0.0443000793457031 -0.0229568481445312 -0.0239791870117188
0.0311546325683594 -0.0414199829101563 -0.0220527648925781 -0.0246334075927734
0.0593299865722656 -0.0202522277832031 -0.0225753784179687 -0.0424118041992188
0.0663566589355469 0.0424308776855469 -0.00549697875976562 -0.0486984252929688
0.0419464111328125 0.0752639770507813 -0.00215148925781249 -0.0624504089355469
0.00630950927734376 0.104255676269531 0.00400543212890625 -0.06524658203125
-0.0146331787109375 0.111549377441406 0.0415496826171875 -0.0198822021484375
0.0160751342773438 0.0889816284179688 0.000450134277343752 0.0141582489013672
0.0686416625976563 0.061981201171875 0.0297508239746094 0.0450935363769531
0.07061767578125 0.0057373046875 0.0595436096191406 0.0200119018554688
0.0542755126953125 -0.0346908569335938 0.0557861328125 -0.0177764892578125
0.0134353637695313 -0.0525627136230469 0.0207672119140625 -0.044464111328125
-0.0163459777832031 -0.0545425415039062 -0.010406494140625 -0.0377311706542969
-0.014404296875 -0.0610122680664063 -0.0112228393554688 -0.019073486328125
-0.0233612060546875 -0.0589752197265625 -0.0158596038818359 -0.00960826873779297
0.00047683715820312 -0.0579261779785156 -0.0222015380859375 -0.00378227233886719
0.0360336303710938 -0.0553321838378906 -0.0253963470458984 -0.00856399536132813
0.0706100463867188 -0.027587890625 -0.0294952392578125 -0.0310211181640625
0.0806503295898438 0.0493545532226563 -0.0112953186035156 -0.0399169921875
0.045806884765625 0.0878829956054688 -0.000171661376953121 -0.0456771850585937
-0.00107574462890624 0.119796752929688 -0.00193405151367187 -0.0320987701416016
-0.0304946899414062 0.112236022949219 0.0308799743652344 0.0183582305908203
0.00314331054687499 0.102828979492188 -0.00153350830078125 0.0385818481445313
0.069305419921875 0.0827407836914063 0.0224113464355469 0.054962158203125
0.0834732055664062 0.0168075561523437 0.0492019653320313 0.0339279174804688
0.0678253173828125 -0.0356063842773438 0.048736572265625 0.000152587890624998
0.0197525024414062 -0.0618476867675781 0.0193519592285156 -0.0214614868164063
-0.0156211853027344 -0.0623817443847656 -0.00172042846679688 -0.0146665573120117
-0.0151901245117188 -0.0678253173828125 -0.000164508819580079 0.00238299369812011
-0.0261764526367188 -0.0652694702148437 -0.00533008575439453 0.0119915008544922
-0.00203704833984375 -0.0635833740234375 -0.0182857513427734 0.0179309844970703
0.0360488891601562 -0.0609474182128906 -0.0262355804443359 0.00838661193847656
0.0726318359375 -0.0295944213867188 -0.0331687927246094 -0.0179386138916016
0.0816650390625 0.0510330200195313 -0.0148124694824219 -0.0305614471435547
0.0418014526367188 0.089141845703125 0.00594329833984375 -0.0277042388916016
-0.010223388671875 0.117431640625 -0.00728511810302734 0.00242710113525391
-0.0396194458007813 0.0924835205078125 0.0171165466308594 0.0550460815429688
-0.0121841430664063 0.0955047607421875 -0.00498199462890626 0.0611915588378906
0.0542221069335938 0.0868301391601563 0.0120925903320313 0.0607070922851563
0.0765457153320313 0.0256271362304688 0.0337791442871094 0.0442848205566406
0.0682182312011719 -0.0287399291992188 0.0360679626464844 0.0182266235351562
0.0227241516113281 -0.0588836669921875 0.0164022445678711 0.00304126739501953
-0.0129737854003906 -0.0597190856933594 0.00769138336181641 0.00908565521240234
-0.0135459899902344 -0.0649681091308594 0.0104408264160156 0.0220565795898437
-0.0246696472167969 -0.0634689331054688 0.00506019592285156 0.0315151214599609
-0.00286483764648438 -0.06024169921875 -0.0136299133300781 0.0378837585449219
0.0330314636230469 -0.05731201171875 -0.0259323120117187 0.0229663848876953
0.0661773681640625 -0.0254669189453125 -0.0344676971435547 -0.00600433349609376
0.0715484619140625 0.0505218505859375 -0.0167484283447266 -0.0217876434326172
0.0287246704101563 0.0824203491210937 0.0105075836181641 -0.011260986328125
-0.0198822021484375 0.0996780395507813 -0.0136775970458984 0.0340099334716797
-0.03955078125 0.0565338134765625 0.00284576416015626 0.0838699340820312
-0.0210609436035156 0.0680999755859375 -0.00868988037109376 0.0787734985351563
0.0301589965820313 0.0703506469726563 0.00213241577148437 0.06085205078125
0.0554275512695312 0.0262641906738281 0.0187110900878906 0.0488510131835938
0.053497314453125 -0.0178298950195313 0.0215911865234375 0.0306797027587891
0.0200042724609375 -0.04595947265625 0.0126094818115234 0.0242977142333984
-0.00873565673828125 -0.0465965270996094 0.0161590576171875 0.0296001434326172
-0.0101509094238281 -0.0512046813964844 0.0201263427734375 0.0383453369140625
-0.0191192626953125 -0.0521087646484375 0.0153923034667969 0.0490303039550781
-0.00115966796875 -0.04888916015625 -0.00981903076171874 0.0542182922363281
0.0285453796386719 -0.046295166015625 -0.027313232421875 0.0352630615234375
0.0544662475585938 -0.0169601440429688 -0.0369148254394531 0.00385665893554687
0.0527191162109375 0.0471992492675781 -0.0188617706298828 -0.0161209106445312
0.0109481811523437 0.0679817199707031 0.0135154724121094 0.00226306915283204
-0.0291023254394531 0.0699005126953125 -0.02252197265625 0.0579872131347656
-0.0333976745605469 0.0107097625732422 -0.00567626953125001 0.09881591796875
-0.025115966796875 0.0291328430175781 -0.00833892822265625 0.0860443115234375
0.00464248657226563 0.0409812927246094 -0.00358581542968751 0.0571708679199219
0.0247325897216797 0.0196685791015625 0.00804901123046876 0.0501213073730469
0.029266357421875 -0.00558090209960938 0.0120010375976562 0.0374565124511719
0.0128154754638672 -0.0258121490478516 0.0114898681640625 0.0376625061035156
-0.00403976440429687 -0.0270195007324219 0.0233078002929687 0.0428848266601563
-0.00530052185058593 -0.0306339263916016 0.0264625549316406 0.049072265625
-0.0108890533447266 -0.0339527130126953 0.0212478637695313 0.0613861083984375
0.000623703002929687 -0.0329055786132813 -0.00841522216796875 0.0654296875
0.0211734771728516 -0.030487060546875 -0.0304412841796875 0.0427093505859375
0.0374946594238281 -0.00746536254882813 -0.0400772094726563 0.0103340148925781
0.0296745300292969 0.0380363464355469 -0.0228900909423828 -0.0134983062744141
-0.00664901733398438 0.0464134216308594 0.0110940933227539 0.011256217956543
-0.0339679718017578 0.0301971435546875 -0.0333633422851563 0.0722122192382812
0.0266761779785156 0.0142822265625 0.0295791625976563 -0.0827713012695313
0.0153303146362305 -0.0150766372680664 -0.00941658020019531 -0.0214061737060547
-0.0052633285522461 -0.0167198181152344 0.025909423828125 0.0170021057128906
-0.0151824951171875 0.000263214111328128 0.0540885925292969 -0.0097503662109375
-0.00968551635742188 0.0106258392333984 0.0427932739257813 -0.0461235046386719
0.00155162811279297 0.0128421783447266 0.00981903076171874 -0.0733642578125
0.000751018524169922 0.00683307647705078 -0.0289688110351562 -0.0681076049804687
-0.0017387866973877 0.00417828559875488 -0.0333175659179688 -0.0546836853027344
-0.00292730331420898 0.00496912002563477 -0.0318641662597656 -0.0472679138183594
-0.00332140922546387 -0.000470399856567382 -0.0186576843261719 -0.0466995239257813
-0.00268793106079102 -0.00756120681762695 -0.0149574279785156 -0.0433311462402344
0.00586605072021484 -0.0161457061767578 -0.0104484558105469 -0.0513458251953125
0.02337646484375 -0.00487327575683594 0.00651168823242187 -0.0602455139160156
0.0332622528076172 0.0134181976318359 0.000633239746093747 -0.0841903686523438
0.0285377502441406 0.0307235717773437 0.00778961181640626 -0.107353210449219
0.0202102661132813 0.0579872131347656 0.03765869140625 -0.0748977661132813
0.0251388549804688 0.0212726593017578 -0.005126953125 -0.0179882049560547
0.0254497528076172 0.00368499755859375 0.0305385589599609 0.0227336883544922
0.0138149261474609 -0.00455474853515625 0.0602035522460938 -0.00547027587890625
0.00852298736572266 -0.00948143005371094 0.0503120422363281 -0.0447425842285156
0.00169277191162109 -0.0115461349487305 0.0129852294921875 -0.0725021362304688
-0.00926303863525391 -0.0164871215820313 -0.0270805358886719 -0.0661430358886719
-0.00887489318847656 -0.0216808319091797 -0.0302162170410156 -0.0499839782714844
-0.0115222930908203 -0.0209197998046875 -0.031646728515625 -0.0421600341796875
0.00132942199707031 -0.0240650177001953 -0.0223007202148437 -0.0397872924804688
0.0174102783203125 -0.0253486633300781 -0.0188217163085938 -0.0375595092773438
0.0364456176757813 -0.0168800354003906 -0.0167388916015625 -0.049102783203125
0.0473403930664063 0.0235366821289063 0.000320434570312503 -0.0556488037109375
0.03863525390625 0.0497016906738281 -0.00359344482421875 -0.0765533447265625
0.0198211669921875 0.0748519897460938 0.00537109375 -0.0933074951171875
0.00759887695312501 0.0935287475585938 0.0423812866210937 -0.0541534423828125
0.02716064453125 0.0588874816894531 -0.00220394134521484 -0.00553178787231445
0.0543098449707031 0.0307502746582031 0.0330924987792969 0.0326442718505859
0.0452880859375 -0.00371932983398438 0.0640945434570313 0.00413131713867188
0.0311298370361328 -0.0270652770996094 0.0560264587402344 -0.0364418029785156
0.0052642822265625 -0.0352592468261719 0.016754150390625 -0.0637474060058594
-0.0159530639648437 -0.0383529663085938 -0.0214614868164062 -0.0552711486816406
-0.0145301818847656 -0.0451774597167969 -0.0233688354492188 -0.0374336242675781
-0.0197372436523437 -0.0436782836914063 -0.0264415740966797 -0.0284481048583984
0.000778198242187499 -0.0452919006347656 -0.0245418548583984 -0.0237960815429688
0.0302696228027344 -0.0440177917480469 -0.0238533020019531 -0.0246543884277344
0.0595359802246094 -0.0235176086425781 -0.0256271362304688 -0.0421638488769531
0.070831298828125 0.0400619506835938 -0.00756454467773437 -0.0494117736816406
0.0461502075195312 0.075042724609375 -0.00528335571289062 -0.0627593994140625
0.01190185546875 0.106559753417969 0.00103378295898437 -0.0666999816894531
-0.00956726074218749 0.115196228027344 0.0403785705566406 -0.0214042663574219
0.0210494995117187 0.0904083251953125 -2.86102294921803E-06 0.0147542953491211
0.0733489990234375 0.059295654296875 0.0310707092285156 0.0444831848144531
0.0721893310546875 0.0023651123046875 0.0615997314453125 0.0184173583984375
0.0529632568359375 -0.0383453369140625 0.0571441650390625 -0.020416259765625
0.0108528137207031 -0.0541725158691406 0.0197029113769531 -0.0464630126953125
-0.0194778442382813 -0.0547752380371094 -0.0126075744628906 -0.0376853942871094
-0.0186195373535156 -0.0616645812988281 -0.0126152038574219 -0.0193595886230469
-0.027008056640625 -0.0589447021484375 -0.0168256759643555 -0.00901508331298829
-0.00234985351562501 -0.0591239929199219 -0.023101806640625 -0.00272560119628906
0.0338630676269531 -0.0579795837402344 -0.0268611907958984 -0.00831794738769531
0.070831298828125 -0.031646728515625 -0.0318622589111328 -0.0305614471435547
0.0853729248046875 0.0458526611328125 -0.0134201049804687 -0.0404472351074219
0.0511093139648438 0.0874710083007813 -0.00212478637695313 -0.0465736389160156
0.0048370361328125 0.122329711914063 -0.00367164611816406 -0.0331516265869141
-0.0257034301757812 0.116432189941406 0.0312309265136719 0.0184421539306641
0.00792694091796875 0.105178833007812 -0.00112533569335938 0.039825439453125
0.0755691528320313 0.0805282592773438 0.0239334106445313 0.0552558898925781
0.0855941772460938 0.0128250122070313 0.0514869689941406 0.0326919555664062
0.0674285888671875 -0.0402030944824219 0.05010986328125 -0.000923156738281252
0.017181396484375 -0.0639610290527344 0.0199851989746094 -0.0222244262695313
-0.0190963745117187 -0.0625228881835938 -0.00230026245117188 -0.0145721435546875
-0.0195388793945313 -0.0690536499023438 -0.000407457351684571 0.001739501953125
-0.0305900573730469 -0.0655059814453125 -0.00498104095458984 0.0116147994995117
-0.00545120239257813 -0.0643043518066406 -0.0178012847900391 0.0190334320068359
0.0331153869628906 -0.0641059875488281 -0.0266170501708984 0.00893020629882813
0.072296142578125 -0.0338058471679688 -0.0352325439453125 -0.0171356201171875
0.0869598388671875 0.0478057861328125 -0.0159492492675781 -0.0310211181640625
0.0469284057617188 0.08929443359375 0.004425048828125 -0.0288162231445312
-0.0043487548828125 0.120597839355469 -0.00719881057739258 0.00240802764892579
-0.0362625122070313 0.0961532592773438 0.0192832946777344 0.0559310913085938
-0.0078125 0.0980072021484375 -0.00380706787109375 0.06292724609375
0.0597686767578125 0.0855255126953125 0.0132865905761719 0.06146240234375
0.0794296264648438 0.0224456787109375 0.0363807678222656 0.0439796447753906
0.0678939819335938 -0.0331611633300781 0.0377998352050781 0.0175056457519531
0.0203361511230469 -0.0613327026367187 0.0179271697998047 0.00320243835449218
-0.0159683227539063 -0.0600624084472656 0.00879383087158203 0.00882625579833984
-0.0179252624511719 -0.0654335021972656 0.0117702484130859 0.0215377807617187
-0.0286293029785156 -0.0632743835449219 0.007293701171875 0.0320529937744141
-0.00567626953125 -0.0610504150390625 -0.0118484497070312 0.0392303466796875
0.0306930541992187 -0.0598106384277344 -0.0259170532226562 0.0239925384521484
0.0662918090820313 -0.0293388366699219 -0.0360336303710937 -0.0052642822265625
0.0755767822265625 0.0474395751953125 -0.0175857543945312 -0.0222587585449219
0.0331497192382813 0.0828094482421875 0.0102787017822266 -0.0126256942749023
-0.014923095703125 0.102928161621094 -0.0126686096191406 0.0345439910888672
-0.0382728576660156 0.0592575073242187 0.00567626953125 0.0861663818359375
-0.0182418823242188 0.0700721740722656 -0.00615692138671875 0.0804901123046875
0.0345535278320313 0.0703125 0.00405502319335938 0.0617599487304688
0.0571365356445313 0.0244293212890625 0.0206642150878906 0.0492935180664063
0.0536766052246094 -0.0212631225585937 0.0237350463867188 0.0308113098144531
0.0179328918457031 -0.0481300354003906 0.0149707794189453 0.0250988006591797
-0.0111846923828125 -0.0468864440917969 0.0187263488769531 0.0298614501953125
-0.0135078430175781 -0.05181884765625 0.0229988098144531 0.0378303527832031
-0.0226516723632812 -0.052093505859375 0.0182838439941406 0.0490379333496094
-0.00330352783203125 -0.049560546875 -0.00687408447265625 0.0556373596191406
0.0264892578125 -0.0484199523925781 -0.0268745422363281 0.03656005859375
0.0548515319824219 -0.0195808410644531 -0.0377578735351563 0.00488662719726563
0.0561790466308594 0.044830322265625 -0.0195846557617187 -0.0162162780761719
0.0140800476074219 0.0689277648925781 0.0136661529541016 0.00101280212402344
-0.0261383056640625 0.0721969604492188 -0.0201568603515625 0.0595626831054688
-0.0338344573974609 0.0119819641113281 -0.00213623046874999 0.100982666015625
-0.0246601104736328 0.0304164886474609 -0.004913330078125 0.0882797241210938
0.00667572021484375 0.0412139892578125 -0.00175857543945312 0.058685302734375
0.0263023376464844 0.0189781188964844 0.0107803344726563 0.0506401062011719
0.0295658111572266 -0.00758171081542969 0.0135536193847656 0.0384902954101563
0.0118865966796875 -0.0271587371826172 0.0139045715332031 0.0387344360351563
-0.00519943237304688 -0.0269184112548828 0.0266036987304687 0.0426750183105469
-0.00727653503417968 -0.0313663482666016 0.0303497314453125 0.0481948852539063
-0.013092041015625 -0.0340061187744141 0.0248985290527344 0.0608787536621094
-0.000585556030273436 -0.0336742401123047 -0.00465774536132812 0.0671844482421875
0.0202426910400391 -0.0320587158203125 -0.0300331115722656 0.044921875
0.0378532409667969 -0.00957870483398438 -0.0408935546875 0.0121192932128906
0.0322380065917969 0.0372810363769531 -0.0237045288085937 -0.0132865905761719
-0.00484466552734375 0.04736328125 0.011693000793457 0.0102577209472656
-0.0334835052490234 0.0319709777832031 -0.0309982299804688 0.0745391845703125
0.0276584625244141 0.0142269134521484 0.026123046875 -0.083648681640625
0.014307975769043 -0.0157699584960937 -0.0112133026123047 -0.0202579498291016
-0.00621223449707031 -0.0169057846069336 0.0264320373535156 0.0163612365722656
-0.0150947570800781 0.000512123107910157 0.0535354614257812 -0.0115089416503906
-0.009429931640625 0.0109853744506836 0.0416679382324219 -0.0485420227050781
0.00175952911376953 0.012324333190918 0.00670623779296875 -0.0739822387695313
0.000800609588623047 0.00629568099975586 -0.0324211120605469 -0.0666618347167969
-0.00186634063720703 0.00443315505981445 -0.0367584228515625 -0.0526695251464844
-0.00230598449707031 0.00490665435791016 -0.0347442626953125 -0.0453376770019531
-0.0032203197479248 -0.000406026840209961 -0.0214653015136719 -0.0462532043457031
-0.00252628326416016 -0.00793838500976562 -0.0168533325195313 -0.0432052612304688
0.0050058364868164 -0.0164308547973633 -0.0125961303710938 -0.0505752563476563
0.0232353210449219 -0.00558662414550781 0.00453948974609375 -0.059783935546875
0.0339031219482422 0.0120277404785156 -0.00257873535156251 -0.08380126953125
0.0300064086914063 0.0295314788818359 0.00322723388671875 -0.107185363769531
0.0230445861816406 0.0576286315917969 0.0343246459960938 -0.0756301879882812
0.0262012481689453 0.0200748443603516 -0.00677108764648437 -0.0167007446289063
0.0258369445800781 0.00211334228515625 0.0309581756591797 0.0215950012207031
0.0134382247924805 -0.00484848022460938 0.0602645874023438 -0.00737380981445313
0.00778388977050781 -0.0100440979003906 0.0492095947265625 -0.0466499328613281
0.00136756896972656 -0.0114154815673828 0.0100936889648437 -0.07330322265625
-0.00997352600097656 -0.0159206390380859 -0.03057861328125 -0.0643539428710938
-0.009765625 -0.0213413238525391 -0.0337257385253906 -0.0483474731445313
-0.011993408203125 -0.0204429626464844 -0.034088134765625 -0.040618896484375
-1.14440917968757E-05 -0.0247230529785156 -0.024566650390625 -0.0390510559082031
0.0164661407470703 -0.0262947082519531 -0.020477294921875 -0.0370559692382812
0.0358657836914063 -0.0182838439941406 -0.0187416076660156 -0.0485267639160156
0.0492401123046875 0.0214385986328125 -0.00131988525390624 -0.055267333984375
0.0408477783203125 0.0483932495117188 -0.00659942626953125 -0.0758743286132813
0.02325439453125 0.0741806030273437 0.00128936767578126 -0.0930328369140625
0.0114059448242188 0.0941238403320313 0.0395126342773438 -0.0547332763671875
0.0301971435546875 0.0578651428222656 -0.00373983383178711 -0.00482940673828125
0.0555686950683594 0.0277061462402344 0.0333518981933594 0.0314655303955078
0.0449333190917969 -0.00552749633789063 0.0643196105957031 0.00223159790039062
0.0297470092773437 -0.0289096832275391 0.055084228515625 -0.0385665893554688
0.003753662109375 -0.0352210998535156 0.0143241882324219 -0.0647773742675781
-0.0176200866699219 -0.0373573303222656 -0.024322509765625 -0.0542221069335938
-0.0176811218261719 -0.0447769165039063 -0.0252571105957031 -0.0363388061523437
-0.0218620300292969 -0.0423088073730469 -0.0282669067382812 -0.0273246765136719
-0.0015106201171875 -0.0450820922851563 -0.0258655548095703 -0.0228786468505859
0.0279121398925781 -0.0455856323242188 -0.0251598358154297 -0.0244979858398437
0.0583419799804687 -0.0264854431152344 -0.0277061462402344 -0.0412139892578125
0.07305908203125 0.0367660522460938 -0.00871658325195312 -0.0493583679199219
0.0498275756835938 0.0729217529296875 -0.0077362060546875 -0.0625495910644531
0.0169143676757812 0.10577392578125 -0.00238037109375 -0.0664405822753906
-0.00470733642578125 0.115623474121094 0.0391159057617188 -0.0222358703613281
0.025787353515625 0.089324951171875 -0.000812530517578124 0.0154438018798828
0.0764236450195313 0.055419921875 0.0316238403320313 0.0433845520019531
0.0725021362304688 -0.0010223388671875 0.0620231628417969 0.0160331726074219
0.0508613586425781 -0.0414657592773438 0.0567283630371094 -0.0229721069335938
0.00854873657226563 -0.0547447204589844 0.0184059143066406 -0.0469627380371094
-0.0217361450195313 -0.0536537170410156 -0.0143318176269531 -0.0372200012207031
-0.0220565795898437 -0.0607566833496094 -0.0138111114501953 -0.0186061859130859
-0.03009033203125 -0.057769775390625 -0.0181522369384766 -0.00851821899414063
-0.00517654418945313 -0.0588760375976563 -0.0231609344482422 -0.00226593017578125
0.031005859375 -0.0596504211425781 -0.0273971557617187 -0.00797462463378907
0.0695915222167969 -0.0354347229003906 -0.0340976715087891 -0.029144287109375
0.08831787109375 0.0419692993164063 -0.0141448974609375 -0.0401649475097656
0.0550155639648437 0.085205078125 -0.00432205200195312 -0.0466575622558594
0.0109329223632812 0.121994018554688 -0.00548553466796875 -0.0331859588623047
-0.020599365234375 0.117401123046875 0.0316886901855469 0.0177249908447266
0.0128173828125 0.104820251464844 -0.00077056884765625 0.0402145385742188
0.0801010131835937 0.0768508911132813 0.0252227783203125 0.0541801452636719
0.086212158203125 0.00942230224609375 0.0519638061523438 0.0311508178710938
0.0653114318847656 -0.0439071655273438 0.050567626953125 -0.00277328491210938
0.014129638671875 -0.064483642578125 0.0194511413574219 -0.0227699279785156
-0.0218162536621094 -0.0617179870605469 -0.00244617462158203 -0.0143318176269531
-0.0235214233398437 -0.0680580139160156 -6.22272491455093E-05 0.00129354000091552
-0.034088134765625 -0.0638504028320313 -0.0043325424194336 0.0117082595825195
-0.00828170776367187 -0.063873291015625 -0.0165519714355469 0.0194301605224609
0.0298500061035156 -0.0647811889648438 -0.0264148712158203 0.00982475280761718
0.0707550048828125 -0.0375900268554688 -0.0367889404296875 -0.0155448913574219
0.0897979736328125 0.0430984497070313 -0.0169696807861328 -0.0307769775390625
0.0510025024414062 0.087127685546875 0.00303077697753907 -0.0294227600097656
0.001312255859375 0.120597839355469 -0.00765132904052734 0.00234651565551758
-0.0321273803710937 0.0978317260742188 0.0205268859863281 0.0559844970703125
-0.00341033935546874 0.0981521606445313 -0.00226974487304688 0.0634574890136719
0.0640106201171875 0.082305908203125 0.0147628784179688 0.0604362487792969
0.08001708984375 0.019073486328125 0.0377464294433594 0.0427627563476563
0.0664596557617188 -0.0364608764648438 0.0391769409179688 0.0163688659667969
0.0173530578613281 -0.0621376037597656 0.0188827514648438 0.002777099609375
-0.0188179016113281 -0.0587730407714844 0.00973415374755859 0.00876998901367187
-0.0215950012207031 -0.0645484924316406 0.0130748748779297 0.0202789306640625
-0.0324516296386719 -0.0615196228027344 0.00876998901367187 0.0308914184570312
-0.00831222534179687 -0.0603103637695312 -0.00951385498046875 0.0396690368652344
0.0278396606445312 -0.0607986450195313 -0.0253410339355469 0.0247707366943359
0.06463623046875 -0.0323143005371094 -0.0369491577148438 -0.00348663330078125
0.0782089233398438 0.0433807373046875 -0.0180950164794922 -0.0220565795898437
0.0367660522460938 0.0811538696289063 0.00978279113769532 -0.0136775970458984
-0.0100936889648437 0.103408813476563 -0.0114574432373047 0.0347251892089844
-0.03546142578125 0.0612068176269531 0.00904083251953125 0.0858383178710938
-0.0154342651367188 0.0707778930664063 -0.0031890869140625 0.0803909301757813
0.0377731323242188 0.0685386657714844 0.00572586059570313 0.0617485046386719
0.0581855773925781 0.0218048095703125 0.0222816467285156 0.0488510131835938
0.0521430969238281 -0.0236015319824219 0.0249958038330078 0.0306320190429688
0.0152931213378906 -0.0489273071289063 0.0167942047119141 0.0252418518066406
-0.0134544372558594 -0.046051025390625 0.0209903717041016 0.0288505554199219
-0.0166206359863281 -0.050933837890625 0.0251121520996094 0.0357742309570313
-0.025146484375 -0.05072021484375 0.020782470703125 0.0469551086425781
-0.005950927734375 -0.0498161315917969 -0.003387451171875 0.0558280944824219
0.0242462158203125 -0.0493011474609375 -0.0257072448730469 0.03704833984375
0.0536003112792969 -0.0219383239746094 -0.0382003784179687 0.00661087036132813
0.0584564208984375 0.0416908264160156 -0.0202198028564453 -0.0160465240478516
0.0171775817871094 0.0681266784667969 0.0136966705322266 -0.000550270080566402
-0.0222702026367188 0.072784423828125 -0.01812744140625 0.059661865234375
-0.0330696105957031 0.0132675170898438 0.00195312499999999 0.101509094238281
-0.0233917236328125 0.0312480926513672 -0.00181579589843751 0.0878219604492188
0.00879669189453125 0.0407638549804688 6.10351562499979E-05 0.0583763122558594
0.0272712707519531 0.0179405212402344 0.0124092102050781 0.0504150390625
0.029083251953125 -0.00880241394042969 0.0153694152832031 0.0382308959960938
0.0104331970214844 -0.0276470184326172 0.0163307189941406 0.03912353515625
-0.0066680908203125 -0.0267219543457031 0.0292892456054688 0.0415077209472656
-0.00945281982421875 -0.030975341796875 0.033050537109375 0.0458755493164062
-0.0149936676025391 -0.0336055755615234 0.0282211303710938 0.0588951110839844
-0.00250434875488281 -0.0336856842041016 -0.00133132934570313 0.0670547485351563
0.0189342498779297 -0.0324974060058594 -0.0284271240234375 0.0455970764160156
0.037322998046875 -0.0109596252441406 -0.040618896484375 0.0134620666503906
0.034027099609375 0.0351181030273438 -0.0241775512695313 -0.0124855041503906
-0.00244522094726562 0.0477104187011719 0.0121622085571289 0.00873088836669922
-0.0316925048828125 0.0330657958984375 -0.0286712646484375 0.0749435424804688
0.0274028778076172 0.0135860443115234 0.0241241455078125 -0.0824203491210937
0.014164924621582 -0.0157413482666016 -0.0118293762207031 -0.0190830230712891
-0.00644683837890625 -0.0167922973632813 0.0260639190673828 0.0160140991210937
-0.0145111083984375 0.000867843627929688 0.0526847839355469 -0.012542724609375
-0.00890636444091797 0.0112543106079102 0.0402984619140625 -0.0489616394042969
0.00206184387207031 0.0121555328369141 0.0049285888671875 -0.0736465454101563
0.00116872787475586 0.00568819046020508 -0.0343399047851563 -0.064971923828125
-0.00168442726135254 0.00427889823913574 -0.0386390686035156 -0.0506248474121094
-0.00191211700439453 0.00468587875366211 -0.036163330078125 -0.043670654296875
-0.00291657447814941 -0.000318765640258789 -0.0229988098144531 -0.046051025390625
-0.00289058685302734 -0.00803709030151367 -0.0179786682128906 -0.0429115295410156
0.00403022766113281 -0.0164175033569336 -0.0128173828125 -0.0502052307128906
0.0233249664306641 -0.0061187744140625 0.00414657592773437 -0.0593490600585937
0.0338077545166016 0.0109539031982422 -0.00400543212890624 -0.081939697265625
0.0304298400878906 0.0287742614746094 0.001495361328125 -0.105827331542969
0.0244941711425781 0.0566749572753906 0.0321121215820313 -0.0747528076171875
0.0266513824462891 0.0190544128417969 -0.00824928283691406 -0.0156259536743164
0.02581787109375 0.00102806091308594 0.0306148529052734 0.0211677551269531
0.0134382247924805 -0.00510311126708984 0.0594673156738281 -0.00812149047851563
0.00744152069091797 -0.00985240936279297 0.0482063293457031 -0.0472755432128906
0.00053691864013672 -0.0112743377685547 0.0081939697265625 -0.07305908203125
-0.0100317001342773 -0.0157012939453125 -0.0318794250488281 -0.0624427795410156
-0.0110988616943359 -0.0212802886962891 -0.0353965759277344 -0.0464324951171875
-0.0125522613525391 -0.0201129913330078 -0.0353317260742188 -0.0393028259277344
-0.000228881835937502 -0.0243759155273437 -0.0257568359375 -0.0383110046386719
0.0157032012939453 -0.0270843505859375 -0.0214767456054688 -0.0369873046875
0.0347709655761719 -0.0194129943847656 -0.019683837890625 -0.0476608276367188
0.0498313903808594 0.0197410583496094 -0.00150680541992187 -0.054840087890625
0.0415306091308594 0.0467567443847656 -0.00803375244140626 -0.074615478515625
0.024688720703125 0.07318115234375 -0.000762939453125006 -0.0920562744140625
0.013671875 0.0928115844726563 0.0374221801757812 -0.0540847778320312
0.0316734313964844 0.0567207336425781 -0.0041816234588623 -0.0036318302154541
0.0560111999511719 0.0256843566894531 0.0328311920166016 0.0309162139892578
0.0443382263183594 -0.00677490234375 0.0633087158203125 0.00139236450195312
0.0284538269042969 -0.0297336578369141 0.0544471740722656 -0.0392379760742188
0.00262451171875 -0.0349655151367188 0.0128936767578125 -0.06488037109375
-0.0190353393554688 -0.0366935729980469 -0.0249748229980469 -0.0529975891113281
-0.0191459655761719 -0.0440254211425781 -0.0266075134277344 -0.0351676940917969
-0.0232086181640625 -0.0415916442871094 -0.0293521881103516 -0.0261516571044922
-0.00232315063476562 -0.04449462890625 -0.0267982482910156 -0.0226402282714844
0.0264625549316406 -0.0458946228027344 -0.026031494140625 -0.0243988037109375
0.0570144653320313 -0.0279617309570313 -0.0286903381347656 -0.0402793884277344
0.0735855102539063 0.0338592529296875 -0.00910949707031249 -0.0481948852539062
0.0508270263671875 0.07122802734375 -0.00894927978515625 -0.0613632202148438
0.0193634033203125 0.105026245117188 -0.00399017333984374 -0.0655670166015625
-0.0019378662109375 0.115234375 0.0375480651855469 -0.0216178894042969
0.027862548828125 0.0881271362304687 -0.00118350982666015 0.0159406661987305
0.07769775390625 0.0525054931640625 0.0311279296875 0.042633056640625
0.07183837890625 -0.0025787353515625 0.0617752075195313 0.0158195495605469
0.0492706298828125 -0.0422592163085938 0.0563163757324219 -0.0234489440917969
0.00747299194335937 -0.0544319152832031 0.0174522399902344 -0.047119140625
-0.0231704711914062 -0.0521163940429688 -0.014373779296875 -0.03594970703125
-0.0243415832519531 -0.0597610473632813 -0.0146579742431641 -0.0184803009033203
-0.0315513610839844 -0.0556755065917969 -0.0185565948486328 -0.00828170776367188
-0.006103515625 -0.0576858520507813 -0.0228767395019531 -0.0019989013671875
0.0293655395507812 -0.0597991943359375 -0.0276622772216797 -0.00784873962402344
0.0678443908691406 -0.0368194580078125 -0.0351753234863281 -0.0278701782226562
0.089019775390625 0.0384979248046875 -0.014801025390625 -0.0401687622070313
0.0567092895507813 0.0831069946289062 -0.00535964965820312 -0.0460395812988281
0.0141754150390625 0.120887756347656 -0.006500244140625 -0.0325508117675781
-0.0180511474609375 0.117141723632813 0.0306854248046875 0.0179290771484375
0.0153350830078125 0.103363037109375 -0.000972747802734375 0.0406608581542969
0.0811843872070313 0.0734176635742188 0.024658203125 0.05322265625
0.0856246948242188 0.0071563720703125 0.0519828796386719 0.0301895141601563
0.0634651184082031 -0.0448112487792969 0.0508613586425781 -0.00349044799804688
0.0124435424804688 -0.06427001953125 0.0197238922119141 -0.0227432250976563
-0.0230903625488281 -0.0597610473632813 -0.00196647644042969 -0.0138053894042969
-0.0262603759765625 -0.0666160583496094 -0.000233113765716554 0.000765204429626461
-0.0355644226074219 -0.06170654296875 -0.004608154296875 0.0111446380615234
-0.00950241088867188 -0.0624847412109375 -0.0157203674316406 0.0197563171386719
0.0282211303710937 -0.0653572082519531 -0.0266876220703125 0.00966644287109375
0.0689849853515625 -0.0392913818359375 -0.03741455078125 -0.0148811340332031
0.09027099609375 0.0394744873046875 -0.0170021057128906 -0.0307598114013672
0.0527496337890625 0.0849761962890625 0.00268173217773438 -0.0294265747070312
0.00485992431640625 0.119186401367188 -0.00766801834106445 0.00259065628051759
-0.0289459228515625 0.0978851318359375 0.0215263366699219 0.05560302734375
-0.000862121582031245 0.0967788696289062 -0.00168609619140625 0.062774658203125
0.0659408569335938 0.0796356201171875 0.0148696899414063 0.0598030090332031
0.0794219970703125 0.0169677734375 0.0374183654785156 0.0418319702148438
0.0646095275878906 -0.0379714965820313 0.0391159057617188 0.0160140991210937
0.0155029296875 -0.0619239807128906 0.0194606781005859 0.00295639038085937
-0.0197944641113281 -0.0577735900878906 0.0103960037231445 0.00856590270996093
-0.0240859985351563 -0.0635948181152344 0.0136775970458984 0.0190181732177734
-0.0341262817382813 -0.0594024658203125 0.009307861328125 0.0297088623046875
-0.0098114013671875 -0.0591201782226562 -0.00840377807617188 0.0389518737792969
0.0257759094238281 -0.0607986450195313 -0.0249214172363281 0.0246467590332031
0.0629959106445312 -0.0336074829101562 -0.0374412536621094 -0.00304794311523438
0.0792236328125 0.0403976440429688 -0.0180015563964844 -0.0218181610107422
0.0383224487304687 0.0795059204101563 0.00954914093017578 -0.0143232345581055
-0.00713348388671875 0.102157592773437 -0.0109710693359375 0.0340766906738281
-0.0334701538085938 0.0609016418457031 0.01025390625 0.0854339599609375
-0.0135078430175781 0.0696983337402344 -0.00236511230468751 0.079559326171875
0.0392303466796875 0.066192626953125 0.00601196289062501 0.0606346130371094
0.0578460693359375 0.0201263427734375 0.0228271484375 0.0478401184082031
0.0514106750488281 -0.0248146057128906 0.0259761810302734 0.0299282073974609
0.0141372680664063 -0.0486526489257813 0.0179920196533203 0.0249748229980469
-0.0140876770019531 -0.0452003479003906 0.0219879150390625 0.0283012390136719
-0.0185546875 -0.0503158569335938 0.0262546539306641 0.0339527130126953
-0.0273895263671875 -0.0489158630371094 0.0219459533691406 0.0450782775878906
-0.00664901733398438 -0.0489883422851563 -0.00176239013671875 0.0544090270996094
0.0228309631347656 -0.0492591857910156 -0.0246505737304688 0.0370445251464844
0.0521316528320312 -0.0233268737792969 -0.0376930236816406 0.00721359252929687
0.0589942932128906 0.0396041870117188 -0.01995849609375 -0.0156993865966797
0.0191230773925781 0.06689453125 0.0138463973999023 -0.00145721435546875
-0.0204238891601562 0.07244873046875 -0.0171356201171875 0.0591239929199219
-0.0324287414550781 0.0142288208007813 0.00365447998046874 0.100540161132813
-0.022430419921875 0.0313987731933594 -0.000251770019531253 0.0864334106445313
0.00995254516601563 0.0395622253417969 0.000381469726562499 0.057769775390625
0.0273571014404297 0.0170726776123047 0.0130805969238281 0.0496978759765625
0.0288848876953125 -0.0100288391113281 0.0163536071777344 0.0380630493164063
0.00952911376953125 -0.0276260375976563 0.0180091857910156 0.03857421875
-0.00688743591308594 -0.0258026123046875 0.0307655334472656 0.0397682189941406
-0.0103206634521484 -0.0300331115722656 0.0341987609863281 0.0438423156738281
-0.0161933898925781 -0.0322418212890625 0.030120849609375 0.0570831298828125
-0.00289535522460938 -0.0326862335205078 0.000759124755859379 0.06585693359375
0.017791748046875 -0.0327053070068359 -0.0273094177246094 0.0462799072265625
0.0364646911621094 -0.011505126953125 -0.040191650390625 0.0137481689453125
0.0349483489990234 0.0339565277099609 -0.0237026214599609 -0.0126132965087891
-0.00145339965820313 0.0473518371582031 0.0120620727539063 0.00737190246582032
-0.0303421020507813 0.0330448150634766 -0.0269241333007813 0.074188232421875
0.0282306671142578 0.0139865875244141 0.0238494873046875 -0.0822906494140625
0.0142745971679688 -0.0160636901855469 -0.0119476318359375 -0.0186367034912109
-0.0066375732421875 -0.0172338485717773 0.0259456634521484 0.0169486999511719
-0.0141944885253906 0.00106525421142578 0.0530738830566406 -0.0122413635253906
-0.00917339324951172 0.0113601684570313 0.0410041809082031 -0.0489578247070313
0.00192642211914063 0.0121955871582031 0.00435638427734376 -0.0737991333007813
0.000798702239990235 0.00588464736938477 -0.0350799560546875 -0.0646896362304688
-0.00181198120117187 0.00450706481933594 -0.0392570495605469 -0.0498886108398438
-0.00210237503051758 0.00463008880615234 -0.0367202758789062 -0.0431175231933594
-0.00311756134033203 -0.000863552093505859 -0.0240364074707031 -0.046478271484375
-0.00275993347167969 -0.00811338424682617 -0.0184783935546875 -0.043914794921875
0.00398063659667969 -0.0162897109985352 -0.0130577087402344 -0.0500831604003906
0.0238990783691406 -0.00632095336914063 0.00485992431640625 -0.0589942932128906
0.0338420867919922 0.0107135772705078 -0.00403594970703125 -0.0813217163085938
0.0302791595458984 0.0291690826416016 0.0019683837890625 -0.105522155761719
0.0246849060058594 0.0572280883789062 0.03216552734375 -0.0741348266601563
0.0269832611083984 0.0189971923828125 -0.00844192504882813 -0.0147418975830078
0.0257110595703125 0.00054168701171875 0.0298328399658203 0.0219287872314453
0.01361083984375 -0.00537586212158203 0.0593795776367187 -0.00806808471679688
0.00724601745605469 -0.00991439819335938 0.0485725402832031 -0.04779052734375
0.000369071960449218 -0.0113658905029297 0.0082550048828125 -0.0734481811523438
-0.0104284286499023 -0.0158205032348633 -0.0325469970703125 -0.0624275207519531
-0.0116539001464844 -0.0211601257324219 -0.035980224609375 -0.0460357666015625
-0.0127067565917969 -0.0200099945068359 -0.0362586975097656 -0.0380325317382813
-0.000402450561523438 -0.0247154235839844 -0.0265655517578125 -0.0389823913574219
0.0156497955322266 -0.0270748138427734 -0.0215568542480469 -0.0373954772949219
0.0346851348876953 -0.0194892883300781 -0.0200386047363281 -0.0475349426269531
0.0502471923828125 0.0195121765136719 -0.00104904174804687 -0.0544090270996094
0.0418128967285156 0.046630859375 -0.00797271728515625 -0.07391357421875
0.0247039794921875 0.0731277465820312 -9.91821289062476E-05 -0.0918502807617188
0.0143508911132812 0.0931930541992188 0.0368499755859375 -0.0532417297363281
0.0321311950683594 0.0568351745605469 -0.00506114959716797 -0.00265884399414062
0.0567893981933594 0.024566650390625 0.0320396423339844 0.0314235687255859
0.0445594787597656 -0.0069427490234375 0.0632476806640625 0.001556396484375
0.0277004241943359 -0.0298881530761719 0.0549163818359375 -0.0396270751953125
0.00237655639648438 -0.0352439880371094 0.0130081176757813 -0.0647239685058594
-0.0185279846191406 -0.0362625122070313 -0.0254020690917969 -0.0523834228515625
-0.0203399658203125 -0.04364013671875 -0.0274734497070313 -0.0351219177246094
-0.0236473083496094 -0.0412178039550781 -0.0304241180419922 -0.0255641937255859
-0.0021820068359375 -0.0447349548339844 -0.0267124176025391 -0.0227794647216797
0.0263328552246094 -0.0461311340332031 -0.0261764526367187 -0.0252704620361328
0.0569572448730469 -0.0285224914550781 -0.0289840698242188 -0.0399246215820313
0.0744247436523438 0.0329742431640625 -0.00844192504882812 -0.0488204956054688
0.0514068603515625 0.07110595703125 -0.00889205932617186 -0.0612907409667969
0.019805908203125 0.105056762695312 -0.00390625 -0.0654945373535156
-0.000732421875000003 0.115325927734375 0.0372276306152344 -0.0208358764648437
0.028656005859375 0.088104248046875 -0.00222301483154297 0.0170049667358399
0.0782241821289063 0.05157470703125 0.0300636291503906 0.0430831909179688
0.0716476440429687 -0.003082275390625 0.0610122680664063 0.0159111022949219
0.0487518310546875 -0.0428848266601563 0.0570297241210938 -0.0234756469726563
0.00688934326171875 -0.0540199279785156 0.0178642272949219 -0.0473175048828125
-0.0230789184570313 -0.0519256591796875 -0.0144386291503906 -0.0356216430664063
-0.0255699157714844 -0.0597152709960938 -0.0146846771240234 -0.018707275390625
-0.0319786071777344 -0.055419921875 -0.0191936492919922 -0.00813484191894532
-0.00652313232421876 -0.0577354431152344 -0.0230255126953125 -0.00238800048828126
0.0290412902832031 -0.0601158142089844 -0.0279560089111328 -0.00843238830566407
0.0673942565917969 -0.0372810363769531 -0.0355911254882812 -0.0279579162597656
0.0894775390625 0.0373992919921875 -0.0140037536621094 -0.0401229858398438
0.05694580078125 0.0828399658203125 -0.00521087646484374 -0.0459327697753906
0.014495849609375 0.121055603027344 -0.00638198852539062 -0.0323219299316406
-0.0169830322265625 0.117591857910156 0.0304470062255859 0.0190505981445313
0.01629638671875 0.103233337402344 -0.00166702270507812 0.0414848327636719
0.0823287963867188 0.07196044921875 0.0234260559082031 0.0538749694824219
0.085052490234375 0.00690460205078125 0.0518875122070313 0.0305862426757812
0.0630302429199219 -0.046234130859375 0.0511322021484375 -0.00328445434570313
0.0122299194335938 -0.063385009765625 0.0203151702880859 -0.0224819183349609
-0.0233421325683594 -0.0596504211425781 -0.00177478790283203 -0.0134372711181641
-0.0271568298339844 -0.0666580200195312 -0.000146716833114626 0.000354886054992672
-0.0369720458984375 -0.0614509582519531 -0.00471973419189453 0.0111103057861328
-0.00981521606445312 -0.0621681213378906 -0.0154476165771484 0.0194530487060547
0.0276374816894531 -0.06536865234375 -0.0268135070800781 0.00909805297851562
0.0687065124511719 -0.0397300720214844 -0.0378799438476562 -0.0143470764160156
0.0910110473632813 0.038665771484375 -0.0164165496826172 -0.0310401916503906
0.0530319213867188 0.0847702026367188 0.00266075134277344 -0.0302219390869141
0.00556182861328124 0.119117736816406 -0.00797700881958008 0.00215196609497071
-0.0286102294921875 0.0982513427734375 0.0206985473632812 0.0562591552734375
-0.00037384033203126 0.0966644287109375 -0.00232315063476563 0.0634117126464844
0.0664825439453125 0.0786056518554688 0.0134124755859375 0.0601539611816406
0.0797958374023438 0.0169448852539063 0.0368843078613281 0.0422897338867188
0.0642166137695313 -0.0383415222167969 0.0394515991210938 0.0163536071777344
0.0153465270996094 -0.0618934631347656 0.020477294921875 0.00309181213378906
-0.020050048828125 -0.0570526123046875 0.0113925933837891 0.00867748260498047
-0.025421142578125 -0.0628280639648437 0.0140094757080078 0.0185813903808594
-0.0351142883300781 -0.0586128234863281 0.00925064086914062 0.0291748046875
-0.00976181030273438 -0.0588035583496094 -0.00775527954101563 0.0384368896484375
0.0252876281738281 -0.0608749389648438 -0.0252494812011719 0.0243988037109375
0.0625877380371094 -0.0340232849121094 -0.037689208984375 -0.00258255004882812
0.0793685913085938 0.0392990112304688 -0.0175552368164063 -0.0226173400878906
0.03887939453125 0.0794143676757813 0.00949382781982422 -0.0148811340332031
-0.006744384765625 0.10186767578125 -0.0113201141357422 0.0340671539306641
-0.0332870483398438 0.0611076354980469 0.00969696044921876 0.08599853515625
-0.0137557983398437 0.0695304870605469 -0.00305938720703126 0.07958984375
0.0399589538574219 0.0654830932617188 0.0047149658203125 0.0608787536621094
0.058135986328125 0.0203514099121094 0.021881103515625 0.0482025146484375
0.0513877868652344 -0.025146484375 0.0261325836181641 0.0308113098144531
0.0137710571289063 -0.0487174987792969 0.0191478729248047 0.0254554748535156
-0.0145416259765625 -0.0448150634765625 0.0233325958251953 0.0277595520019531
-0.0191726684570312 -0.0501632690429688 0.0266208648681641 0.0336036682128906
-0.0274391174316406 -0.0483932495117188 0.0224990844726563 0.0444107055664063
-0.00710678100585938 -0.0484352111816406 -0.00123214721679687 0.0546417236328125
0.0225296020507813 -0.0491752624511719 -0.0252113342285156 0.0371170043945313
0.0518569946289063 -0.0230903625488281 -0.0384101867675781 0.00706481933593749
0.0590858459472656 0.0390777587890625 -0.0193767547607422 -0.0165042877197266
0.0193595886230469 0.0665283203125 0.0136556625366211 -0.00263881683349609
-0.0201797485351562 0.0718002319335938 -0.0176353454589844 0.0588722229003906
-0.032440185546875 0.0144100189208984 0.00310516357421875 0.1005859375
-0.0219345092773438 0.0311183929443359 -0.00040435791015626 0.0861663818359375
0.0104713439941406 0.0391349792480469 -0.000331878662109375 0.0580291748046875
0.0271625518798828 0.0173168182373047 0.0121498107910156 0.0499343872070313
0.0288295745849609 -0.0102558135986328 0.0165443420410156 0.0391426086425781
0.00913619995117188 -0.0276565551757813 0.0192337036132813 0.0394210815429688
-0.00685882568359375 -0.0257835388183594 0.0320358276367188 0.0400199890136719
-0.0104923248291016 -0.0300674438476563 0.035064697265625 0.0433807373046875
-0.0167102813720703 -0.0319557189941406 0.0306205749511719 0.0559730529785156
-0.00328445434570312 -0.0328445434570313 0.00125503540039062 0.0656967163085937
0.0176448822021484 -0.0325527191162109 -0.0277595520019531 0.0461006164550781
0.0368309020996094 -0.0115699768066406 -0.0404624938964844 0.0140495300292969
0.0347957611083984 0.0331611633300781 -0.0235424041748047 -0.0131797790527344
-0.00126266479492188 0.0469627380371094 0.0120334625244141 0.00649833679199219
-0.0305576324462891 0.0330638885498047 -0.027069091796875 0.0738372802734375
0.0290756225585938 0.0147075653076172 0.0246810913085938 -0.0835723876953125
0.0144453048706055 -0.0160226821899414 -0.0126724243164062 -0.0185298919677734
-0.00704765319824219 -0.0175437927246094 0.0263614654541016 0.017852783203125
-0.0141420364379883 0.000598907470703128 0.0542716979980469 -0.0114479064941406
-0.00925350189208984 0.0117416381835938 0.0424613952636719 -0.0502662658691406
0.00226879119873047 0.0122480392456055 0.00489044189453125 -0.0761947631835938
0.00074148178100586 0.00610589981079102 -0.0363616943359375 -0.0657730102539063
-0.00241279602050781 0.00417089462280273 -0.0408515930175781 -0.0505638122558594
-0.00205087661743164 0.00445318222045898 -0.0376319885253906 -0.0437049865722656
-0.00301957130432129 -0.00110960006713867 -0.0249977111816406 -0.0475959777832031
-0.00283956527709961 -0.00860023498535156 -0.0189285278320313 -0.0453376770019531
0.00396347045898437 -0.0162334442138672 -0.0125885009765625 -0.0514259338378906
0.0249576568603516 -0.00646781921386719 0.00614547729492187 -0.0600662231445313
0.0347118377685547 0.0106754302978516 -0.00323486328124999 -0.0825653076171875
0.0303897857666016 0.0297946929931641 0.00283050537109375 -0.107734680175781
0.025421142578125 0.0587348937988281 0.0329513549804688 -0.0747756958007812
0.0273952484130859 0.0196666717529297 -0.00911617279052734 -0.0138320922851562
0.0268630981445312 -0.00011444091796875 0.0304355621337891 0.0232372283935547
0.0139799118041992 -0.00570392608642578 0.0605697631835938 -0.00680160522460938
0.00708389282226563 -0.0103816986083984 0.0502586364746094 -0.0485496520996094
0.0005645751953125 -0.0116682052612305 0.00852203369140625 -0.075469970703125
-0.0107660293579102 -0.0160179138183594 -0.0336532592773437 -0.0632286071777344
-0.0128040313720703 -0.0218582153320313 -0.0376243591308594 -0.046478271484375
-0.0132427215576172 -0.0205039978027344 -0.0376358032226562 -0.0389823913574219
-0.000179290771484374 -0.0252609252929688 -0.0275535583496094 -0.0405540466308594
0.0162734985351563 -0.0278072357177734 -0.0223426818847656 -0.0393486022949219
0.0355415344238281 -0.0199928283691406 -0.0199203491210937 -0.0484886169433594
0.0518608093261719 0.0199546813964844 0.00014495849609375 -0.0556221008300781
0.042388916015625 0.0476799011230469 -0.00727081298828125 -0.0749588012695313
0.0250320434570313 0.075408935546875 0.000923156738281261 -0.0939254760742188
0.0150527954101563 0.095306396484375 0.0379600524902344 -0.0534477233886719
0.0327033996582031 0.0579109191894531 -0.00582456588745117 -0.0018768310546875
0.058319091796875 0.02459716796875 0.0321979522705078 0.0330944061279297
0.0458106994628906 -0.00702667236328125 0.0644683837890625 0.003265380859375
0.0282726287841797 -0.0306720733642578 0.0570182800292969 -0.0402717590332031
0.0024871826171875 -0.0357284545898438 0.0137367248535156 -0.0663719177246094
-0.0195655822753906 -0.0367279052734375 -0.0257606506347656 -0.0535888671875
-0.0213851928710938 -0.0446929931640625 -0.0286140441894531 -0.0355873107910156
-0.0244636535644531 -0.0420341491699219 -0.0312290191650391 -0.0260257720947266
-0.00212860107421875 -0.0456695556640625 -0.0277976989746094 -0.023651123046875
0.0269813537597656 -0.0472564697265625 -0.0272102355957031 -0.0261020660400391
0.0583343505859375 -0.0289382934570313 -0.0295257568359375 -0.0408668518066406
0.07623291015625 0.0336685180664063 -0.007293701171875 -0.0501785278320312
0.0524444580078125 0.0726776123046875 -0.00850296020507813 -0.0624046325683594
0.0197296142578125 0.107666015625 -0.00347137451171875 -0.066558837890625
-0.000823974609374988 0.118484497070313 0.0377540588378906 -0.020233154296875
0.029144287109375 0.0897216796875 -0.00296974182128906 0.0183315277099609
0.080535888671875 0.0516204833984375 0.0297698974609375 0.0447006225585938
0.073394775390625 -0.002777099609375 0.0620498657226562 0.0173606872558594
0.0495834350585938 -0.0441513061523438 0.0587615966796875 -0.0237274169921875
0.00725936889648438 -0.0548629760742187 0.0189361572265625 -0.0482368469238281
-0.0239105224609375 -0.0529060363769531 -0.014556884765625 -0.0364532470703125
-0.0271759033203125 -0.0608482360839844 -0.0152664184570313 -0.0187702178955078
-0.0331535339355469 -0.0560340881347656 -0.0200843811035156 -0.00834655761718751
-0.006103515625 -0.0587272644042969 -0.0238208770751953 -0.00277137756347656
0.0297279357910156 -0.0619773864746094 -0.0288619995117188 -0.00910186767578125
0.0690422058105469 -0.0382766723632813 -0.03643798828125 -0.0284767150878906
0.0922164916992188 0.0377426147460938 -0.0137481689453125 -0.0414962768554688
0.058074951171875 0.0853042602539063 -0.0051727294921875 -0.0473594665527344
0.0151901245117188 0.123733520507812 -0.00637435913085938 -0.0330238342285156
-0.0171356201171875 0.120628356933594 0.0310707092285156 0.0203475952148438
0.0162734985351563 0.105613708496094 -0.00258636474609375 0.0429840087890625
0.0844497680664063 0.0730438232421875 0.022369384765625 0.0558700561523438
0.0870437622070313 0.00716400146484375 0.0524673461914063 0.032379150390625
0.0641670227050781 -0.0469779968261719 0.0532264709472656 -0.0029144287109375
0.0126228332519531 -0.0653114318847656 0.0218963623046875 -0.0229053497314453
-0.0237693786621094 -0.0609588623046875 -0.00103282928466797 -0.0138406753540039
-0.02874755859375 -0.0677299499511719 -0.000363588333129884 0.000259160995483394
-0.0378608703613281 -0.0623207092285156 -0.00541114807128907 0.0112524032592773
-0.0100250244140625 -0.0633163452148437 -0.0158958435058594 0.0194854736328125
0.0280647277832031 -0.0666580200195313 -0.0277633666992188 0.00886154174804688
0.070343017578125 -0.040802001953125 -0.0393028259277344 -0.0147438049316406
0.093292236328125 0.0389785766601563 -0.0162811279296875 -0.0325546264648438
0.0541000366210938 0.0867996215820313 0.00294494628906251 -0.0311203002929687
0.005523681640625 0.122184753417969 -0.00855302810668945 0.00246810913085938
-0.0293807983398438 0.100936889648438 0.0207099914550781 0.0585441589355469
-0.000450134277343759 0.0987014770507813 -0.0034942626953125 0.0647201538085938
0.0685577392578125 0.0793685913085938 0.0120429992675781 0.0614738464355469
0.0814285278320313 0.0177383422851563 0.0366897583007813 0.0444068908691406
0.0658149719238281 -0.0395088195800781 0.0413093566894531 0.0176353454589844
0.0157051086425781 -0.0632553100585938 0.0216541290283203 0.00346565246582031
-0.0203170776367188 -0.0583419799804688 0.0123043060302734 0.00884342193603515
-0.0263900756835937 -0.0641059875488281 0.0144329071044922 0.018798828125
-0.0357818603515625 -0.0597038269042969 0.00927543640136718 0.0298652648925781
-0.00973892211914063 -0.0595932006835937 -0.00765228271484375 0.038970947265625
0.0257911682128906 -0.0619659423828125 -0.0263919830322266 0.024322509765625
0.0640449523925781 -0.0346031188964844 -0.0390090942382812 -0.00289916992187499
0.0814285278320313 0.0401763916015625 -0.0173206329345703 -0.0240402221679687
0.0397415161132813 0.0812606811523437 0.00982952117919922 -0.016230583190918
-0.00706481933593749 0.104255676269531 -0.0121059417724609 0.0347366333007813
-0.0342788696289063 0.0631256103515625 0.009368896484375 0.088653564453125
-0.0140762329101563 0.070831298828125 -0.00415802001953126 0.0811996459960938
0.040557861328125 0.0664100646972656 0.00323104858398438 0.0622444152832031
0.0589599609375 0.0212936401367188 0.021514892578125 0.0499191284179688
0.0523147583007813 -0.0259437561035156 0.0268688201904297 0.0323753356933594
0.0142555236816406 -0.04986572265625 0.0207366943359375 0.0266265869140625
-0.0142631530761719 -0.046234130859375 0.0245018005371094 0.0283432006835938
-0.0200729370117188 -0.0510826110839844 0.0269489288330078 0.0338287353515625
-0.0282554626464844 -0.0490036010742188 0.02276611328125 0.0451736450195313
-0.00671005249023437 -0.0490760803222656 -0.00112152099609375 0.0553703308105469
0.0231704711914063 -0.0501670837402344 -0.0264625549316406 0.0374755859375
0.0530738830566406 -0.0232582092285156 -0.0396995544433594 0.00696182250976562
0.0605278015136719 0.0396308898925781 -0.0194225311279297 -0.0177783966064453
0.0196380615234375 0.0678520202636719 0.0139026641845703 -0.0032968521118164
-0.0209274291992188 0.0734024047851562 -0.0187034606933594 0.05975341796875
-0.0328350067138672 0.0144271850585937 0.00244903564453125 0.103500366210937
-0.0228710174560547 0.0312404632568359 -0.00165557861328124 0.0876007080078125
0.0105705261230469 0.0394096374511719 -0.00173568725585937 0.0592994689941406
0.0279178619384766 0.0179729461669922 0.0114059448242188 0.0516510009765625
0.0293292999267578 -0.0100650787353516 0.0172195434570313 0.0406761169433594
0.00931358337402344 -0.0286369323730469 0.0205154418945313 0.0409164428710938
-0.00708580017089844 -0.0264091491699219 0.0334320068359375 0.0405197143554687
-0.0109672546386719 -0.0305595397949219 0.0359458923339844 0.0433082580566406
-0.0168895721435547 -0.0320892333984375 0.031402587890625 0.056671142578125
-0.00329208374023437 -0.0334224700927734 0.00175857543945313 0.0665550231933594
0.0180892944335937 -0.0331802368164063 -0.0286979675292969 0.0468902587890625
0.03753662109375 -0.0111083984375 -0.0414543151855469 0.0136299133300781
0.035369873046875 0.0342750549316406 -0.0234260559082031 -0.0143604278564453
-0.00102615356445313 0.0475540161132813 0.0123043060302734 0.00551700592041016
-0.0315437316894531 0.0332489013671875 -0.0286941528320312 0.0751724243164063
0.0307655334472656 0.0153217315673828 0.025054931640625 -0.086639404296875
0.0145998001098633 -0.0165071487426758 -0.0135841369628906 -0.0180072784423828
-0.0074615478515625 -0.0183353424072266 0.0272312164306641 0.0192203521728516
-0.0146608352661133 0.000423431396484375 0.0566368103027344 -0.0121536254882813
-0.00939083099365234 0.0126209259033203 0.0440902709960937 -0.0528793334960937
0.00240516662597656 0.012568473815918 0.00401306152343749 -0.079742431640625
0.000919818878173828 0.00595951080322266 -0.0391197204589844 -0.0672531127929688
-0.00217628479003906 0.00462675094604492 -0.0443763732910156 -0.0511093139648438
-0.00224709510803223 0.00404119491577148 -0.0403175354003906 -0.0447044372558594
-0.00310492515563965 -0.00179004669189453 -0.0274314880371094 -0.0501861572265625
-0.00258731842041016 -0.00897216796875 -0.0204238891601563 -0.0476188659667969
0.00436305999755859 -0.0173158645629883 -0.0135154724121094 -0.0536880493164063
0.0259056091308594 -0.00711631774902344 0.00721359252929687 -0.0626258850097656
0.0357666015625 0.0109825134277344 -0.0037384033203125 -0.0850677490234375
0.0320529937744141 0.0315189361572266 0.00314331054687499 -0.112380981445312
0.0278053283691406 0.0612869262695312 0.0335159301757812 -0.07757568359375
0.0289440155029297 0.0202655792236328 -0.00994777679443359 -0.0133771896362305
0.0277214050292969 -0.000711441040039063 0.0318470001220703 0.0249195098876953
0.0145330429077148 -0.00638008117675781 0.0629844665527344 -0.00731658935546875
0.00708198547363281 -0.0103721618652344 0.0523109436035156 -0.05145263671875
0.0003814697265625 -0.0116119384765625 0.00841522216796875 -0.0791244506835938
-0.0118246078491211 -0.0162448883056641 -0.0362968444824219 -0.0652427673339844
-0.0139808654785156 -0.0222682952880859 -0.0402107238769531 -0.0473060607910156
-0.0142498016357422 -0.0212612152099609 -0.0403060913085938 -0.0396461486816406
-0.000902175903320313 -0.0265369415283203 -0.0299415588378906 -0.042236328125
0.0166015625 -0.0292930603027344 -0.02398681640625 -0.0415573120117187
0.0365638732910156 -0.0208892822265625 -0.0213127136230469 -0.0504684448242188
0.0542564392089844 0.0198249816894531 0.000759124755859385 -0.0582160949707031
0.0443305969238281 0.0493621826171875 -0.00859069824218751 -0.0774307250976563
0.0265884399414063 0.0785751342773437 0.000434875488281256 -0.097198486328125
0.0167770385742188 0.0999755859375 0.0392799377441406 -0.054779052734375
0.0353736877441406 0.0599822998046875 -0.00640439987182617 -0.000979423522949216
0.06146240234375 0.0242462158203125 0.0331268310546875 0.0350761413574219
0.0477981567382812 -0.00823974609375 0.0672225952148438 0.00304412841796875
0.028961181640625 -0.0322437286376953 0.0600357055664063 -0.0430145263671875
0.00254440307617188 -0.0369377136230469 0.0135841369628906 -0.0697708129882813
-0.020599365234375 -0.0381507873535156 -0.0276336669921875 -0.0551490783691406
-0.0236129760742188 -0.0460205078125 -0.0311813354492188 -0.0359649658203125
-0.0260581970214844 -0.0432281494140625 -0.0338096618652344 -0.0263099670410156
-0.00265502929687499 -0.047393798828125 -0.0297832489013672 -0.0250148773193359
0.0275230407714844 -0.0501708984375 -0.0294876098632813 -0.0280532836914063
0.0607376098632813 -0.0309066772460938 -0.0311851501464844 -0.0422248840332031
0.0805511474609375 0.0339202880859375 -0.00728225708007812 -0.052825927734375
0.0551528930664063 0.0754241943359375 -0.00940322875976562 -0.0646896362304688
0.0221099853515625 0.112655639648438 -0.00389099121093749 -0.0695953369140625
0.000999450683593749 0.123748779296875 0.0391464233398438 -0.0202713012695312
0.0314178466796875 0.093505859375 -0.00356483459472656 0.0202846527099609
0.0847854614257812 0.0519332885742187 0.0305671691894531 0.0473403930664063
0.0764999389648438 -0.00389862060546875 0.0649261474609375 0.0179252624511719
0.050689697265625 -0.0467491149902344 0.0622062683105469 -0.0255889892578125
0.00709152221679688 -0.0572357177734375 0.0194206237792969 -0.0506591796875
-0.0255661010742187 -0.0545310974121094 -0.0150718688964844 -0.0375900268554688
-0.0299568176269531 -0.0628585815429688 -0.016693115234375 -0.01910400390625
-0.0358047485351562 -0.0579757690429688 -0.0217838287353516 -0.00796890258789063
-0.00745773315429688 -0.0609169006347656 -0.0247573852539063 -0.00316619873046876
0.0299720764160156 -0.0644721984863281 -0.031219482421875 -0.0100650787353516
0.0716476440429687 -0.0407028198242187 -0.0384063720703125 -0.02899169921875
0.097076416015625 0.0375747680664063 -0.0139923095703125 -0.0438728332519531
0.0618133544921875 0.0878524780273438 -0.00578689575195312 -0.0491104125976562
0.0170822143554688 0.129013061523438 -0.0072021484375 -0.0345096588134766
-0.0163726806640625 0.126327514648437 0.0321388244628906 0.0217475891113281
0.0185470581054687 0.109573364257812 -0.0028839111328125 0.0455245971679688
0.08892822265625 0.0740966796875 0.0228385925292969 0.0581512451171875
0.0914764404296875 0.00679779052734375 0.0540313720703125 0.0341911315917969
0.0659942626953125 -0.0503578186035156 0.0565528869628906 -0.00347518920898438
0.0121231079101563 -0.0680274963378906 0.0230045318603516 -0.023834228515625
-0.0255889892578125 -0.0629730224609375 -0.000736236572265628 -0.0146055221557617
-0.0318107604980469 -0.0702705383300781 -9.95993614196797E-05 0.000255987048149105
-0.040863037109375 -0.0634307861328125 -0.00606250762939454 0.0119476318359375
-0.0108261108398438 -0.0655555725097656 -0.016143798828125 0.0198974609375
0.02825927734375 -0.0700416564941406 -0.0296707153320313 0.00902557373046875
0.07305908203125 -0.0430984497070313 -0.0413322448730469 -0.0149803161621094
0.0977706909179687 0.0386428833007812 -0.0169677734375 -0.0343303680419922
0.0572433471679688 0.0899734497070312 0.00265693664550782 -0.0328655242919922
0.00712585449218749 0.127578735351563 -0.00914478302001953 0.00258445739746095
-0.0291595458984375 0.105583190917969 0.0219383239746094 0.0616226196289063
0.000633239746093753 0.102317810058594 -0.00338745117187499 0.0680084228515625
0.0719223022460938 0.0813064575195313 0.0121192932128906 0.064605712890625
0.0853195190429688 0.0180511474609375 0.0379600524902344 0.0468788146972656
0.0677947998046875 -0.0420722961425781 0.0442008972167969 0.0180778503417969
0.0158958435058594 -0.06573486328125 0.0238475799560547 0.00395584106445312
-0.0221481323242188 -0.0605697631835938 0.0138998031616211 0.00879192352294922
-0.0288429260253906 -0.0662651062011719 0.0152778625488281 0.0189056396484375
-0.0384101867675781 -0.0608406066894531 0.00978469848632812 0.030792236328125
-0.0111656188964844 -0.0617141723632813 -0.00783538818359375 0.0402336120605469
0.0260124206542969 -0.0647430419921875 -0.0278778076171875 0.0253143310546875
0.0665473937988281 -0.0365943908691406 -0.0410270690917969 -0.00212478637695313
0.085174560546875 0.0402755737304688 -0.0179424285888672 -0.0256118774414063
0.042633056640625 0.084014892578125 0.0100803375244141 -0.0176067352294922
-0.00605010986328126 0.108856201171875 -0.012542724609375 0.0361518859863281
-0.0344696044921875 0.0661201477050781 0.0101547241210938 0.0929794311523438
-0.0142440795898438 0.0738754272460938 -0.00421905517578125 0.0844879150390625
0.0427474975585938 0.0679283142089844 0.00274276733398438 0.0654106140136719
0.0619583129882812 0.0217361450195313 0.0224266052246094 0.0526351928710938
0.0541305541992188 -0.0276985168457031 0.0290241241455078 0.0338993072509766
0.0143775939941406 -0.0523567199707031 0.0226058959960938 0.0282268524169922
-0.0154685974121094 -0.0475654602050781 0.0268344879150391 0.0290298461914063
-0.0224800109863281 -0.052642822265625 0.0292015075683594 0.0345134735107422
-0.0302276611328125 -0.0503921508789062 0.0240898132324219 0.0464324951171875
-0.00732803344726562 -0.0510406494140625 -0.000133514404296871 0.05694580078125
0.023345947265625 -0.052093505859375 -0.0276031494140625 0.0391502380371094
0.0551719665527344 -0.0244178771972656 -0.0408897399902344 0.00795745849609375
0.0636024475097656 0.0402908325195313 -0.020294189453125 -0.0190486907958984
0.021636962890625 0.0704345703125 0.0142574310302734 -0.00474262237548828
-0.0208587646484375 0.0766983032226562 -0.0195274353027344 0.0625801086425781
-0.0338249206542969 0.0155506134033203 0.003143310546875 0.107688903808594
-0.0235919952392578 0.0318870544433594 -0.0014190673828125 0.0911331176757813
0.0112571716308594 0.0406761169433594 -0.002197265625 0.0620346069335937
0.0288677215576172 0.0183238983154297 0.0120582580566406 0.0544624328613281
0.0306072235107422 -0.0110187530517578 0.0183525085449219 0.0429840087890625
0.00912666320800781 -0.0297565460205078 0.0229759216308594 0.0427055358886719
-0.00748443603515625 -0.0275592803955078 0.0362510681152344 0.0415191650390625
-0.0123062133789063 -0.03118896484375 0.0384559631347656 0.0439262390136719
-0.0182533264160156 -0.0331096649169922 0.0339698791503906 0.0582389831542969
-0.00370597839355468 -0.0347080230712891 0.00298309326171874 0.0690040588378906
0.0184955596923828 -0.034454345703125 -0.0300636291503906 0.0492668151855469
0.0388526916503906 -0.0117263793945312 -0.0432968139648438 0.01422119140625
0.037506103515625 0.0351486206054688 -0.0246391296386719 -0.0158920288085937
-0.00065994262695313 0.049774169921875 0.012608528137207 0.00480842590332032
-0.0325794219970703 0.0347366333007813 -0.0296630859375 0.0784988403320313
-0.00508809718107878 -0.0235492851952477 0.0863992165517136 -0.0252034893960752
-0.0219334249417477 -0.000316731709737193 0.0106707644100253 -0.017481688318662
-0.0148706902627045 0.016365107580362 0.000598160166522388 0.0379010537425095
0.00582329988001309 0.0150848703066099 0.0414555672949638 0.0435087952406204
0.0128608309183422 0.00330687054004676 0.0741790031386647 0.0100914281297484
0.00689960452312978 -0.00166046665882178 0.0741904535815111 -0.0332916074567127
0.00764297339840152 0.000463727889338094 0.0500678732335376 -0.0635472269166654
0.00867557193629708 0.00194997691229529 0.0278509597889522 -0.0691239305720128
0.00729160018609686 0.00381030967712176 0.025880786153562 -0.0595772323482061
0.00313367157799606 0.00648350029901739 0.0314738356974575 -0.0493555813813118
-0.0039968269697219 0.0114373639576744 0.0371862642316365 -0.0438582985099204
-0.0173079556737573 0.0101350526232662 0.0460068140489296 -0.0368170532722007
-0.0265935584904468 -0.00884349835302983 0.0567869100099664 -0.0256597549960494
-0.0130179441210143 -0.0295208631524777 0.0699498013981269 -0.044365176839322
0.00968973526820484 -0.0361059153209006 0.0879355913093371 -0.068454855115652
0.0339539470489216 -0.0469214173061707 0.0769951465858591 -0.0166171038189773
-0.000642509530110773 -0.0371161293910472 -0.000228951356065941 -0.0141223267147658
-0.0220350691884547 -0.0249943722216941 -0.0108297867130629 0.0511990221256001
-0.0219062111093766 -0.00679838282958841 0.0388213475407559 0.0608272590202192
-0.0177625467281998 0.00841583673933263 0.081100881827519 0.0224269393430348
-0.0116434022679709 0.015110053004451 0.0789618555740272 -0.0280532878356614
-0.00640357791830777 0.0236708943417562 0.0534552838724238 -0.058049205659929
-0.00384904853104491 0.0284465718169614 0.0290457007678974 -0.0637779263623403
-0.00862001295609655 0.0289990874088471 0.0239258321465604 -0.0551443459355153
-0.0188458953376506 0.0203033075761112 0.0247907388481794 -0.0446113002796263
-0.0334097095868713 0.0107254410917096 0.0292328082115996 -0.0401651836944454
-0.0409443598689179 -0.0163180881575339 0.0353906233413507 -0.0387916052199925
-0.0281438117122634 -0.0482248221184177 0.0451175462159959 -0.0285434436706701
0.0117206322324085 -0.060104207854033 0.0576737098197191 -0.0486337270078278
0.0506609451331361 -0.056612162556268 0.0746679833739805 -0.0668918949794496
0.0707803809130673 -0.0613166711260269 0.056108081740954 -0.00332598449549209
0.0280231434506727 -0.0697513958313818 -0.0186289352869109 -0.00896429718229182
-0.0209041768985707 -0.0700373520385924 -0.0298555013100249 0.0631138766238647
-0.0482528491393912 -0.0360553997134007 0.0265985247460915 0.0789759249479078
-0.0513084456914886 0.00781740303085821 0.079774380562932 0.038516836128894
-0.0331598459164528 0.0288819373630965 0.0767504424805893 -0.0158658279299774
-0.0219383214588384 0.0432952190279727 0.0503389062856834 -0.0439032333532168
-0.0160551167245759 0.0505681127721093 0.0254597620093488 -0.0486718262424083
-0.0207685181781013 0.0518627720458104 0.0164870027054335 -0.0420956744107703
-0.0346729562284001 0.0342625199609858 0.0122365498152587 -0.0338704871826728
-0.0561048527442513 0.0159756846365518 0.0143725530178363 -0.034579300592619
-0.0640722158213812 -0.031256901719645 0.0198977101655478 -0.0405606433391378
-0.0371951833518941 -0.0767894590297348 0.0330690643779629 -0.0315447150099532
0.0255632092360552 -0.0849823386686021 0.0433646046149294 -0.0460569120179177
0.0797535395362007 -0.0714187869517569 0.0500004812035932 -0.0569178399000257
0.0988313243440326 -0.0648356543308137 0.0234270655447089 0.0122286717148977
0.0576250007364814 -0.0905491970488291 -0.0421281924245566 -0.00091625882887323
-0.0113443666275218 -0.10808264239967 -0.0528488648662564 0.069032182998339
-0.0650067143304512 -0.06648211319688 0.00607594349508206 0.0912141341559117
-0.0793753490019464 0.000379394438625853 0.0664087049119062 0.0546594604898417
-0.0526856688410874 0.0361543418063038 0.0639753114156635 2.57490406446134E-05
-0.0355114326389468 0.0557171450184514 0.0405467403120746 -0.0235812990380441
-0.0253114725232391 0.065206174117007 0.0180133855196588 -0.0263594642102447
-0.0280535574065245 0.0678877437389649 0.00615638908335517 -0.0224855236787981
-0.0428113830556547 0.0458905530248633 -0.00287123004416815 -0.0174716861283557
-0.0688034690853525 0.0232103814744311 -0.00259476540568829 -0.0258833112574568
-0.0797786158452045 -0.0362404694576167 0.00317254813379539 -0.0385135587954928
-0.0458780822277469 -0.0913498149457748 0.0209529547973341 -0.0318336834600678
0.0311468180825915 -0.0988076414014438 0.0304049335670154 -0.0359437317888553
0.0956569603370068 -0.0774985057385418 0.0206262747602389 -0.0402853638887914
0.110142972490797 -0.056881576173339 -0.0166607265159578 0.0281606526968214
0.0794778429598962 -0.0921231801228961 -0.0669787303736329 0.00781428687725882
0.00578902420284749 -0.126343194417166 -0.0735587004812001 0.0654592461987375
-0.0652018763710616 -0.0886406115043731 -0.0191420411304229 0.0922570727244802
-0.0937973915154892 -0.0102241101239452 0.0419973500728954 0.0647371468448019
-0.0650031796353656 0.0360314386418575 0.0424481744838611 0.0170550602139677
-0.0440892108675454 0.0587744951735146 0.0245067360337091 0.000602362734614236
-0.0306160122371824 0.0703414757778815 0.00749507032442555 -2.617357101738E-05
-0.0312828615170928 0.0735784714672755 -0.00518059190213411 0.00164694189681174
-0.0453609919068253 0.0507203611893249 -0.0175683157868433 0.001556488292272
-0.0716063492327686 0.0274218835728623 -0.0195669684548648 -0.0146548503469513
-0.0821417716390972 -0.0362197109212063 -0.0117220209715441 -0.0333891048069189
-0.0452059299405736 -0.0932786874707137 0.0108941449283404 -0.0287915722682219
0.0346093554969139 -0.097616499720367 0.020671976594348 -0.0212803554577871
0.0985648386376324 -0.0703787714065748 -0.00885723625997535 -0.0192797297404979
0.10062351299697 -0.0397959194661034 -0.0537881180303476 0.0416220856010728
0.0847026726768347 -0.0741914541953974 -0.0850547745987682 0.016203834807245
0.023193129438094 -0.116564493673854 -0.0850141330884002 0.0534510678333716
-0.0499820855989385 -0.0930043621795027 -0.0409770644474824 0.0805208808970024
-0.0877168229428242 -0.0207796880456559 0.0121249902492664 0.0653428192684738
-0.0649464792545717 0.0294227422184182 0.0159882359529034 0.0311574669864562
-0.0451432710827652 0.0527080080672825 0.00604137656542832 0.0231739006168811
-0.0311997720618196 0.0645208097273444 -0.00360320692596704 0.0246629298417435
-0.0308833913027429 0.0685650525443632 -0.016520862916199 0.0250579780503671
-0.0433557956812982 0.0469825342439105 -0.0317317912259518 0.0186688082921404
-0.0658495932585797 0.0241057719130579 -0.035055368206332 -0.00531757537740393
-0.0728254649867288 -0.0356591208206637 -0.0233594363167621 -0.0282755589143157
-0.0345915422132716 -0.0865912808838038 0.00309586244069538 -0.0263455122605642
0.0389253398534769 -0.0831073355498493 0.0126076508692428 -0.00737757452252744
0.0905915223982905 -0.0519218705480393 -0.0362820885051976 0.000542215714128883
0.071170426045274 -0.0178214052222516 -0.0825488798819023 0.0522003388999354
0.0696723317055549 -0.044347867272786 -0.0949172251764566 0.0257179028161614
0.0304431521042555 -0.0843007056068695 -0.0838575089209785 0.0398800780197069
-0.0279978765313455 -0.0757757415312709 -0.052694390300017 0.0619512223228309
-0.0655722628324816 -0.0233128698638521 -0.0131103194463389 0.0576586199921884
-0.0521074887098281 0.0190936736375449 -0.00859470850212725 0.0403750712004746
-0.036985146309729 0.0382119524940918 -0.011467287196181 0.0421548794701732
-0.0269498003342986 0.0491167958327563 -0.0133772307858549 0.0462435039489498
-0.0262709513060173 0.0533629604514839 -0.027211545048698 0.0448395117314488
-0.0372124918994208 0.036442264744721 -0.0442576358117222 0.0327332696134905
-0.0544160160651052 0.0165446527368096 -0.0489262591655901 0.000800639136825676
-0.05427401036322 -0.0341813421070841 -0.0328867541001846 -0.0262913026991124
-0.0181666228591453 -0.0717553769192433 -0.00168183247489672 -0.0264224374470708
0.0409987106402422 -0.0588965007465855 0.00599508289039433 0.00312701312610729
0.0727233056659759 -0.0252346451261926 -0.0594932446863099 0.0141613563964707
0.0289130595951816 0.00695744885142144 -0.0939280354446721 0.0589494143162308
0.0407134595991151 -0.00963019340578365 -0.0911027410477905 0.0351388324566046
0.0269410961544944 -0.0400038822267485 -0.0731003345677793 0.0287998004573177
-0.00580718622900431 -0.0443874091030828 -0.0543456298912728 0.0443513730033216
-0.0339251246395411 -0.0189182494804202 -0.02984337328232 0.0480906058820301
-0.0311479907118142 0.0075424247889685 -0.0253210461941464 0.0449874466589284
-0.0234639790821743 0.019371976278816 -0.0231582363596076 0.0540703431816182
-0.0184881024076324 0.0269181066962301 -0.0209611711578978 0.0605237721524388
-0.0192312735063388 0.0311620103176191 -0.0366661805026311 0.058540453663572
-0.0276123029622726 0.0219363701956473 -0.0554053975797959 0.0396678678647188
-0.037704537951012 0.00739442354592525 -0.0613709644052762 0.000916500789973903
-0.0320838746040392 -0.0282548273421018 -0.0392342530997507 -0.0285584087960094
-0.00215732023204652 -0.0499004807412167 -0.00530012139997835 -0.0298987103487636
0.0381379024943002 -0.0299560765986192 -7.76842527529486E-06 0.00772923665199716
0.0449397983321742 0.00454324105115393 -0.0775678138870061 0.0202410951529108
-0.006382423768017 -0.0243407840386587 0.0871692272961414 -0.0300007444756509
-0.0224523100934952 0.000389921452628099 0.00893100226615731 -0.0189304627505245
-0.0144667860994998 0.0178715753972147 0.00205092096520178 0.0393665302035585
0.00699373878546427 0.015110046059149 0.0448303332634308 0.0429459462727243
0.01340017584719 0.00225076766610886 0.0769304724238932 0.00744221016079763
0.00682099613337317 -0.00167070386871766 0.0747655555011804 -0.0387115080294855
0.00798917079814942 0.000451961420253512 0.0476391874010906 -0.0683069141604307
0.00956050857908815 0.0014959746418543 0.0238273987229202 -0.0728557458084575
0.00741436642286042 0.00374634960008007 0.0224395524339754 -0.0626953417054927
0.00381376146957302 0.00653472742021699 0.0294417913224832 -0.0536330455838017
-0.00351305224088514 0.0122570371506811 0.0363528235697487 -0.0475423438892692
-0.0171685638344327 0.0111942764163615 0.0461420571509313 -0.0402235951693482
-0.0280311457484111 -0.00770851761276716 0.0579528711253663 -0.0284775589659
-0.0146391307885979 -0.0299085805541796 0.0690532743226743 -0.0479272232858414
0.00860174713262543 -0.0380402268767596 0.0880740964096389 -0.0745173626656228
0.0328455387056714 -0.0503161232725046 0.078154284923914 -0.020438873917683
-0.00236779034458184 -0.038536774162162 -0.00194347626893756 -0.0146703796896734
-0.0240204822852957 -0.0247737372483453 -0.00978786789103409 0.0537884622780382
-0.0231341985800375 -0.00593956272658096 0.0423937657099255 0.0613272852946096
-0.0178801304041569 0.00937971437115503 0.0849305672664362 0.019084797762548
-0.0113153315133602 0.0160753144760056 0.0803219865270112 -0.0330826836148808
-0.00552196520489689 0.0249092506955618 0.0513930658621007 -0.0627320813833059
-0.00179518376286594 0.0288312697953554 0.0248663157108413 -0.0675559655445949
-0.00698271562043097 0.0308697680248492 0.0211297857771222 -0.0586718870871109
-0.0181776748308611 0.0218161780361638 0.0232351620007329 -0.0480331742595907
-0.0338716108199668 0.0126828096077022 0.0282796217893741 -0.0436165910268059
-0.0431855533399284 -0.0149369205679168 0.0345167266331327 -0.0418673792626948
-0.032321767941447 -0.0484077796706718 0.0461254690064324 -0.0311945866248531
0.00974892471180833 -0.0621618529555815 0.0567790962994585 -0.052246314383214
0.0497467996577826 -0.0612904319980635 0.0742767123848072 -0.0726612045133699
0.0699860086939607 -0.0672604994574795 0.0568249915842192 -0.00607985460714584
0.0251401922596413 -0.0730488378839248 -0.0205265479767934 -0.00778575596728342
-0.0259576368013997 -0.0708883881281744 -0.0291427974030649 0.0665726019872923
-0.0515885374171225 -0.0345902931344226 0.0309448075902868 0.0805109362086808
-0.0520626487215645 0.0109350126529627 0.0849159203848925 0.0357747651746398
-0.0330275089973527 0.0316060419153537 0.078216060627435 -0.0205115896042339
-0.020025427990394 0.0456680320581282 0.0491865094329484 -0.0481936155173488
-0.0128502189095622 0.0531258752444029 0.0223309492391732 -0.0517390037249818
-0.0183362071643844 0.0547405593150024 0.0141870739070822 -0.0448926337510339
-0.0336283773119458 0.037697117461293 0.0108782904339507 -0.0361747784948459
-0.0570709051536744 0.0199200804666341 0.0136176632806777 -0.0376711858139553
-0.0681071058472393 -0.0288418564149003 0.0186540410837098 -0.042934888580835
-0.0428455241506992 -0.0771614706292528 0.0331729184354669 -0.0336788421207729
0.0225064942745563 -0.0889587785067124 0.0421680203880438 -0.048862189686215
0.0784790704974725 -0.0783534607541136 0.0487588056844645 -0.0615680606535308
0.0988030828461693 -0.0725904778084819 0.0239109205842249 0.0116540619134535
0.0541629545782869 -0.0960128754519292 -0.0442756401413814 0.00133812603425831
-0.0181690888600441 -0.110868194509913 -0.0524728414561007 0.0737935437255454
-0.0707504789432085 -0.0652705929643345 0.00994308229908558 0.0943927378141624
-0.0818515192070807 0.00527677738679767 0.0718672050414864 0.0529841655884588
-0.0523397803377396 0.0398985751067809 0.0662344902822363 -0.00267061392243414
-0.0334006381756808 0.0593366050811953 0.0401863771795675 -0.0260494792795733
-0.0216750530721622 0.0689681872429743 0.0165948023391327 -0.0283742054172315
-0.0246151221712958 0.0717284453575044 0.00469968730881195 -0.0240381998904828
-0.0417681331345248 0.0495520356854256 -0.00361358316991155 -0.0184577945510206
-0.0693626230358267 0.0278844568826371 -0.00406822141366798 -0.0275755961611665
-0.0845485720238399 -0.0326413675174943 0.00134422672597796 -0.0397127939567381
-0.0525010152532948 -0.0914037060206095 0.0206913900306203 -0.0332737263673214
0.0269656720345932 -0.103421387434133 0.0293578856127051 -0.0384725208971252
0.0950219260562092 -0.0856621583743387 0.0191986532793592 -0.0427467199513026
0.110890589401601 -0.0653369227499518 -0.0161904916868002 0.0301289626457038
0.0773058931129502 -0.0988869630568051 -0.0693598565451405 0.0115199387228379
-0.00146717265421837 -0.129862497664222 -0.0739741580286138 0.0708392008423308
-0.0720947475404142 -0.0883611541763646 -0.0160846774780486 0.0961048517999462
-0.0965693715362175 -0.00537431076046817 0.0470050504170566 0.064643507415253
-0.0651493422171886 0.0403705902941511 0.0447131420178823 0.0161999834516287
-0.0420988337300944 0.0627828294699623 0.0257594255119569 -0.000592316779709019
-0.027112606667927 0.0748105844438107 0.00775692897087224 -0.000990684659089944
-0.0276097270285847 0.0778123338516336 -0.00532860006578929 0.00156172079235347
-0.0438876869814226 0.0545284942877718 -0.0179585995371501 0.00189260994846727
-0.0719050224930872 0.0318912026981078 -0.0206143059457496 -0.0150609634336438
-0.0868332980968802 -0.0331562984869886 -0.0138507925695794 -0.0336251457931054
-0.0523346783891769 -0.0937544124226606 0.0105837856798105 -0.0305081861390585
0.0307380216062082 -0.102467886972253 0.020288766315338 -0.0234163459616585
0.0983180685225447 -0.0783303491215256 -0.0105729805808764 -0.0195679745618091
0.101505058178169 -0.0466790266926839 -0.0540603476304922 0.0458835772520302
0.0837583453497354 -0.0801738409356106 -0.087425441747997 0.0208278221176122
0.0175631314558661 -0.121132203286689 -0.0860908495448907 0.0590719706724352
-0.0559291542288566 -0.093432511707601 -0.0397805653563377 0.084919182568176
-0.0915419524706694 -0.0160877627523558 0.0165249715871153 0.0673935789011269
-0.0655189649982658 0.0334243708620226 0.018182852632768 0.0326373060955955
-0.0433977314327475 0.0564717959863536 0.00788124842508143 0.024115583880625
-0.0281100488884098 0.0684521370708051 -0.00224483453703707 0.0256106727818761
-0.0273456371286746 0.072370683052508 -0.015703612575721 0.026801593688108
-0.0422060555610471 0.0509744232235403 -0.0314238420148657 0.0207767781103643
-0.0662531721400587 0.0287148813105328 -0.0361888575411507 -0.0044960758074739
-0.0765059950068687 -0.0333111730727448 -0.0255773177573675 -0.0282925582162508
-0.041190168706622 -0.0868656553377749 0.0027763393386374 -0.027700185897955
0.0356460763263809 -0.0874863133366219 0.0129720057132453 -0.00896505194037438
0.0911861651805247 -0.0587729258881082 -0.0379716306819048 0.00248318600145504
0.0722903382592542 -0.0223581875267238 -0.0833395915163169 0.0575520476946536
0.0694219715747139 -0.0489020516074066 -0.096273764265708 0.0305645303765563
0.0271684418676818 -0.0880902811634916 -0.0855355010858373 0.043999591151053
-0.0324267502185695 -0.07698458414227 -0.0526679068528777 0.0659250793802411
-0.0685994695206589 -0.019902507657425 -0.0107572320806877 0.0603955395110289
-0.0532153453928824 0.022705142147422 -0.00655655342980144 0.0431632727563664
-0.0362145369388099 0.0415897908816873 -0.00878969383683967 0.0443843747466307
-0.0247787728543485 0.0525098414101297 -0.010573162994247 0.0484645817926835
-0.0243622826184724 0.0561280624682072 -0.0254068718823281 0.047707846422797
-0.0365206291817843 0.0398360019702747 -0.0433892222117781 0.0357660308976966
-0.0549274570418104 0.0200480671414098 -0.0505971610418432 0.00277168161680054
-0.0576201798993548 -0.0323724487825168 -0.0350394768759678 -0.0258404703478698
-0.0227431659160307 -0.0730459678125427 -0.00261137175523812 -0.0277208578782354
0.03905125934585 -0.0629577136619506 0.00706123683982499 0.00225244278718942
0.0736039056069235 -0.0301048191522471 -0.0613099216305906 0.0174459194232265
0.0298249998854034 0.0052806011861837 -0.094325345283756 0.0652948245722164
0.041741328775596 -0.011508020026022 -0.0921411351068912 0.0399168579300614
0.0259268926069625 -0.0421792419965216 -0.0745777507989702 0.0325884608503972
-0.0080508312672254 -0.0458465113725009 -0.0552701354206514 0.0485490307334779
-0.0359751422829729 -0.0177368101319834 -0.0288502897690168 0.052165627745808
-0.0317902801470235 0.00966043377577339 -0.0234110951942462 0.0487815909436631
-0.0227423369455543 0.0212215305351022 -0.020232037227401 0.0572756193642328
-0.0173870755487329 0.0289262227172481 -0.0172107782815148 0.0631287645377518
-0.017999424976167 0.0333416639570232 -0.0338595228224134 0.062477254709377
-0.0273944859414678 0.0242061877280645 -0.054615011706155 0.0438111965112259
-0.0383406953457058 0.00975524541864373 -0.0633116317765375 0.00396632484612307
-0.0344335908740618 -0.0280146712233043 -0.0417456225049014 -0.0281930049412621
-0.00475860638882249 -0.0511752395458569 -0.00609909192611311 -0.0311350934942263
0.0375581041227517 -0.0320779732218209 0.00116777382077707 0.00718553491611343
0.0467884793816905 0.00259556496921034 -0.0792878635067182 0.0246115189435469
-0.00738475445529934 -0.0246318638488073 0.0862623754337613 -0.0342178292542616
-0.0226177621279334 0.00090461483194033 0.0072997425620881 -0.019141332690304
-0.0144210119781441 0.0187370277179957 0.00313982315533604 0.0402127672889447
0.00730779417184625 0.0154189577771644 0.0474181238269732 0.0421741946140435
0.0136912628421663 0.00156153015742548 0.0781923623374663 0.00330099948027389
0.00710063176239156 -0.0023725531825703 0.0736216036416232 -0.04319517314952
0.00837326177092031 9.48985144237028E-06 0.0437881647551659 -0.0715728760484087
0.00995688818758434 0.00114255927647489 0.0191369754904886 -0.0745753343826295
0.00799046313469998 0.00384039309300199 0.0190328520364766 -0.0651988876869615
0.00426596987503485 0.00692131520744944 0.0267865170680424 -0.056831261104789
-0.00305031719530844 0.0126367401633577 0.0346506536778715 -0.0506934858616701
-0.0167774324768036 0.0123944731192798 0.0448518184045296 -0.0425206907477089
-0.0290552189974718 -0.00612824648629106 0.05821761908494 -0.0304378604935898
-0.015565713670212 -0.0295480546352863 0.0675270035306246 -0.050407764197644
0.00697908944251711 -0.0391047909020315 0.0859160605266007 -0.0796764872266034
0.0303568192217764 -0.0527325820586798 0.0775090760538019 -0.0239702441069445
-0.00457633648734453 -0.0389834227815043 -0.00335779760656576 -0.0143488843254445
-0.0258196889887931 -0.0231728760575951 -0.00780399340818636 0.0548194845029773
-0.0239684477425664 -0.00464525410622488 0.0454037436212761 0.0603847839845816
-0.0175208715740645 0.0106332429931765 0.0872586615143258 0.0150653778635351
-0.0108733279612049 0.0172539470047869 0.0794512376229001 -0.0375013087421437
-0.00366643768344806 0.0255438899888783 0.0481619641480631 -0.066127591064742
0.00043407996400055 0.0297758547229792 0.0206699600572555 -0.0694035845717158
-0.00499714718262236 0.0314711697248175 0.0176136998701448 -0.0609352277277358
-0.017482842462816 0.0230887563078852 0.0210921267606783 -0.0509036063373841
-0.033425779947749 0.014954691551872 0.0264986979230715 -0.0469053910011035
-0.044339753606829 -0.0126846842337657 0.032868124447159 -0.0433632412809785
-0.0354592165448991 -0.0469885246111707 0.0462483376302176 -0.0326478060947407
0.00678833988473219 -0.0634999431791117 0.0547371102341951 -0.054402475951513
0.0472661937015325 -0.0647342482607022 0.0716561653440438 -0.0769094922246943
0.0673688092438331 -0.071604852950839 0.0565339354559369 -0.008176424195727
0.0217421230424996 -0.0753482152765244 -0.0221624761407093 -0.00674711072379117
-0.030209700220079 -0.0696376053469388 -0.0272602923171234 0.069118652006291
-0.0540284964069063 -0.0324589159517556 0.03415754286548 0.0804833211080216
-0.0521403114974542 0.0139195102866647 0.0877203911520717 0.0318112255350304
-0.0317347124538285 0.0333339082773916 0.0780368502383328 -0.0249714385657085
-0.0178307626372166 0.0473533968581684 0.0469819815456652 -0.0513914869854112
-0.00941258599296146 0.054634930956046 0.019165991542834 -0.0533215377747325
-0.0145580444231159 0.0565511277490278 0.0111229892122416 -0.0465529179586355
-0.0324051665398912 0.0395439942382082 0.00877083954212293 -0.0380484980034919
-0.0562146438197461 0.0228023733880605 0.0114729569781884 -0.0401434239377781
-0.0704815296555268 -0.0258398802261325 0.0164449672832618 -0.0439767934601975
-0.0477710719298552 -0.0754669465064101 0.0332271689796026 -0.0352996734975815
0.0182491932903684 -0.0909657931001815 0.0399691960611859 -0.0505902894318965
0.0760040175629348 -0.0834223418450741 0.0467706739166208 -0.0644944267211382
0.0959877417472565 -0.0784902790927985 0.0240845184450414 0.0112021290972874
0.0504049995229038 -0.0994391423837262 -0.0455545985242617 0.00375181559083647
-0.024588901724994 -0.110174122602959 -0.0507021512600814 0.0766860372666884
-0.0744623233004799 -0.0628117989682641 0.0134182340628018 0.0952381989351584
-0.0823550074210412 0.00994819266607803 0.0756006548075198 0.0501235792039731
-0.0513442517953718 0.0428130455520931 0.0670097109768456 -0.00566833387154065
-0.0300820701251513 0.0617937426939961 0.0393969732245455 -0.0287672974980311
-0.0171685254478188 0.0712430851007725 0.0148706586384752 -0.030134882528651
-0.0206033074209981 0.0738058479723454 0.00311167725048388 -0.0247926352668528
-0.0395667134694791 0.0521354586138472 -0.00477361598510351 -0.0194498388714005
-0.0682928827718609 0.0324013917910975 -0.00525448570167458 -0.0289497533984249
-0.0872669675144677 -0.0285695817590423 -0.000288433833522266 -0.0399105697454695
-0.0582847465399668 -0.0895268444996303 0.0204347103634814 -0.0347245958973199
0.022238861030609 -0.105763798205697 0.0281418232084599 -0.0405073956573649
0.0915573371878328 -0.0915449543621171 0.0172212493957401 -0.0441905528188536
0.108532846496834 -0.0716635947458833 -0.0155316384320345 0.031255753472734
0.0729474962936716 -0.102983828945291 -0.0698032646854479 0.0147224763659137
-0.00845461121895959 -0.130861397312071 -0.0724696595162656 0.0744880506266136
-0.0771057917434605 -0.0863659282068347 -0.0135120358597398 0.0983340212800747
-0.097993848046575 -0.000427971648845875 0.0506776941020164 0.0633577003980266
-0.0638209998495265 0.0444538567074148 0.0463504299101555 0.0145748210961602
-0.0390479891615294 0.0658163516169968 0.0261315850680024 -0.00194145202398882
-0.0226155905364977 0.076930653891766 0.00812803648613562 -0.00127603333456676
-0.0231227855899716 0.0801391188454141 -0.0054620218985528 0.00176281699566604
-0.0417709970384029 0.0568693175535207 -0.0182620437147144 0.00255314119114205
-0.0705306027811871 0.0362323862161581 -0.0221241887851043 -0.0151225033338519
-0.0898318238008118 -0.028558985000875 -0.0154315118539934 -0.0334163114310164
-0.057934047951679 -0.0915426710250901 0.0102236861683948 -0.0315280750874056
0.0256194006199762 -0.104902874132209 0.0195566787093296 -0.0250233445936502
0.0955727476653058 -0.0848256434593058 -0.0117016083523651 -0.0190295572917179
0.099924711112477 -0.0526747997777184 -0.0531423338011421 0.0487292443684654
0.0808862793119793 -0.0842912228060958 -0.0875775129037728 0.0245207837664848
0.0112699882615719 -0.122640627415541 -0.0855509345738471 0.0627295008269966
-0.06080481030622 -0.0923327000551801 -0.0376157520049346 0.0875734480496338
-0.0933440744052264 -0.0113462063162771 0.0200143961466496 0.0672911194743012
-0.0647269621366206 0.0374078005206163 0.0206258830586352 0.0328722811164883
-0.0404786881258691 0.0593302441450999 0.00996853710029695 0.0240900587822363
-0.0239746804496574 0.0710744434836676 0.000369703824641415 0.0257132702146212
-0.0231036460082912 0.0744830104738867 -0.0143190252740263 0.0271631740060342
-0.0400200411297899 0.0532890624597733 -0.0306804544488566 0.0225036039035175
-0.0651691955051262 0.0326032787076386 -0.0369671801581969 -0.00338244544613326
-0.0792947035377383 -0.0297773435747969 -0.027103012247198 -0.0275380056295128
-0.0459111042822749 -0.0856770335706396 0.00263796771486455 -0.0285089090445365
0.0315275379645105 -0.0898486193871518 0.0129088558710287 -0.0101659684834096
0.0892718796679315 -0.0639367761892057 -0.0387465112853694 0.00398415815738548
0.0710196356048188 -0.0265066607639322 -0.081289952490783 0.0620508665134248
0.0683755049080247 -0.0516792433153904 -0.0957038006754883 0.0342957684328835
0.022673207662607 -0.0898059238661078 -0.0850736160320524 0.0477461560583298
-0.0358955699595038 -0.0769619401571321 -0.0515302114297165 0.0686513174509892
-0.0706799230294446 -0.0166417141011227 -0.00755021659490784 0.0621270058914615
-0.0523087532480554 0.0254363284292294 -0.00446399851071896 0.0446708554480844
-0.0344336257234561 0.0443695433882361 -0.00551360226297566 0.0455558384494345
-0.0217911159823827 0.0545116447663121 -0.00741537561352722 0.0487962552423464
-0.0211058153904625 0.0583963636091049 -0.0221267104102287 0.0494065013195116
-0.0348754850180327 0.0419478401562956 -0.0419426989011235 0.0384157265807925
-0.0541387392619227 0.0229794517682719 -0.0510229036938665 0.00470210314375875
-0.0603126609367307 -0.0304196937861084 -0.0366426157792713 -0.0245996720024999
-0.0270309320170786 -0.0725042359601263 -0.00326117046378982 -0.0284735497429003
0.0363787140481642 -0.0649716758207379 0.0072752407126842 0.00119986997519214
0.0729176462903506 -0.0338896242555459 -0.0614934499720594 0.0211020150483887
0.029739930580946 0.0036308000860856 -0.0925011336739058 0.070236310132193
0.0418738171522601 -0.0129597940445135 -0.0908242429495949 0.0432894192700883
0.0238500645803367 -0.0438071044901452 -0.0745662812441783 0.0352859742952842
-0.0104087298370822 -0.0459011802509333 -0.0544761127736401 0.0511807277393574
-0.0373480376614289 -0.0156239975543373 -0.0266705577643762 0.054528385630982
-0.0311991222272368 0.0112907475075816 -0.02086057661042 0.0511105651387276
-0.021829538274649 0.0225154435120282 -0.0163078089302716 0.0591992975447625
-0.0159800095182638 0.0305627463172019 -0.0130290362229772 0.0642622852397801
-0.0163200857116537 0.0345796457901689 -0.0298356156060612 0.0643183170644533
-0.0264889132007037 0.0262634656163167 -0.0525233219906984 0.0469875243505156
-0.0380225615957032 0.0116976844730032 -0.0639242251186842 0.00649232128254642
-0.0364017251999428 -0.026733485275837 -0.0429849301744154 -0.0267456905676589
-0.00728264260529422 -0.0510902770410892 -0.00681280567975407 -0.0318390756275688
0.0363113209606141 -0.0343397886490213 0.00159382956100167 0.00585009656614159
0.0474849508159339 0.000170437810550673 -0.0794879215457048 0.0287831907762296
-0.0159186076224335 -0.0222024425285614 0.0713311961390894 -0.0605215397634166
-0.0217770143372987 0.00871291832982669 0.000433626884996956 -0.0210895361372169
-0.00621712609773371 0.0230143903209153 0.0146016020131507 0.0367500767169457
0.0130742105501607 0.0119223934678139 0.0575513005252045 0.0252322484254004
0.013746859686056 -0.00370921235855099 0.075400293428355 -0.0223468794560188
0.00682194142506024 -0.0049333172706931 0.0545276172258398 -0.0658114635578886
0.00860380724643051 -0.0035604287859801 0.0151627677852822 -0.0819293855014799
0.00988725677751015 -0.00302433430597354 -0.00933205214703202 -0.0755006874833804
0.0093589945450233 0.000943518520434745 -0.0047430127576373 -0.0684149435197054
0.00593403202242214 0.00496463381612788 0.0058235665908123 -0.0631340981582347
0.00153379145333888 0.0135775168835181 0.01490394949055 -0.0599176348167101
-0.0117153479580347 0.0175350937994865 0.0295186702961118 -0.0548089924873285
-0.0298172740771852 0.00400081900297983 0.0465179669542879 -0.0467189510877582
-0.0245882308504549 -0.0226445292541101 0.0478765810280091 -0.0674262977032764
-0.00645084489960578 -0.0391567012655605 0.0548992109945131 -0.100725550200512
0.0106185193908969 -0.0632973211048216 0.0658585703775492 -0.0455623213250788
-0.0187316071369585 -0.035646057846426 -0.00687274709297101 -0.0109787083719794
-0.0327178190608419 -0.0122006315398052 0.0117928871363916 0.0546618124525269
-0.0239472276964162 0.0047917499191663 0.0640674646964669 0.0419889948892553
-0.0116559113465368 0.0158396917820087 0.0878354269128206 -0.0156909603033646
-0.00288001801206766 0.019168566887963 0.0617487252675315 -0.0633726648445214
0.00589641312777227 0.0252539973055158 0.0211200039500416 -0.0800469344672186
0.0107754000022869 0.0272090665604752 -0.00645642243923585 -0.0718513327616763
0.00638966310377987 0.0317390244791609 -0.00544144328519711 -0.0635720834015389
-0.00870597507257634 0.0277136464608285 0.00219305963294918 -0.0564843820145486
-0.0259338682541794 0.0259933591465774 0.00920778510611357 -0.054324256791297
-0.0461606567329034 0.00302019606701915 0.0182745749297445 -0.0516342757134544
-0.049280326426089 -0.0321854921101819 0.0339656371331595 -0.0447384315914445
-0.0151091987314386 -0.0623061474854292 0.0336470322800661 -0.0674864027258597
0.0243552868333005 -0.0768160107909486 0.040950741339842 -0.0946403943211167
0.0392440973441668 -0.09469980378971 0.0513255407244956 -0.0222223834508345
-0.00681053250829961 -0.0796893045617674 -0.0211789370544189 0.00466723163317025
-0.0534568712217907 -0.0541045361127652 0.0013686020355562 0.07464860453864
-0.0627906443454167 -0.0100630464783091 0.0621519442605858 0.063628647507738
-0.0431442344088572 0.0310040974578888 0.0946379215559283 -0.00119289061284259
-0.0175406241812495 0.0416187506373048 0.0646571164210115 -0.0517022450901281
-3.0481722979721E-05 0.0508852351850225 0.0257489306411227 -0.0665023744525471
0.0101841795385102 0.0533568410462957 -0.00281741138939018 -0.0573491548439704
0.00586805513041704 0.0578504392132866 -0.00632309866120712 -0.0479307224776287
-0.0173939326362082 0.0478981962521111 -0.0043636622195251 -0.0404844781452849
-0.0445208805113306 0.0410144459543029 -0.00200426027023738 -0.0438389302221964
-0.0753162614785749 -0.000204054437030402 0.00362430436653598 -0.0465556349062836
-0.0702627542386795 -0.0544238558227944 0.0214150014510374 -0.0424439753482044
-0.0135369055768459 -0.0920659532800401 0.0200377991506027 -0.059664026983447
0.0456916534439435 -0.104424116649818 0.0201410546701038 -0.0753306361422931
0.0642049216802336 -0.111019986521437 0.0262487256732754 0.00815079099093397
0.0121242593020421 -0.113144275864315 -0.0398906545725275 0.0236170146318071
-0.0628388031024909 -0.0943251956743945 -0.0165558024618995 0.0908533853978727
-0.0931595123216111 -0.0308546226680042 0.0488883838353852 0.0844184943992982
-0.072758324771785 0.0382295940267759 0.0895109007739125 0.0188819055882041
-0.0326214459790761 0.0575229984703225 0.0607397728628262 -0.031073308235804
-0.0072769673445507 0.0693716794958192 0.0272982258178409 -0.0435091872953398
0.00848007923475002 0.0715038622602238 0.001621220557798 -0.0342414636768011
0.00668256714638682 0.0756209089187887 -0.00660586875587867 -0.02514114995116
-0.0200406209819559 0.0625392712112973 -0.0113510373083098 -0.0187183374247858
-0.0526984000110626 0.0533520583085077 -0.0145285912795232 -0.0279437150279153
-0.0921281433227406 0.00267362517261754 -0.0111574212252217 -0.0377228991967903
-0.0851269361200137 -0.0642420965322074 0.00914969072075735 -0.0376497091007724
-0.0148862009735641 -0.107195962234159 0.0116480846366357 -0.0462765261337718
0.0582161652628817 -0.117599527749664 -0.00189486170849033 -0.0472622358321029
0.078291211700354 -0.108429466874159 -0.00525197127019291 0.0406888530973801
0.0321872419054993 -0.124198387911037 -0.0596958050038634 0.0430330002731717
-0.0543829360173895 -0.119078117739351 -0.0371584002232643 0.0971076574514497
-0.104232519817788 -0.0520852414210829 0.0255076557135509 0.0962967850362878
-0.0914164480488208 0.0342382615059996 0.0713176206598323 0.039060056954244
-0.0441968225343374 0.0634263415823177 0.0482328367679126 -0.00468842073986094
-0.0144003406634669 0.076687553165031 0.024477358589602 -0.0139060522684257
0.00563817724659467 0.0791765763643714 0.00561204194653573 -0.00602468815427474
0.00687992430745822 0.0824314547328714 -0.00566050046427682 0.00236611638557892
-0.0196819617741104 0.0678973576608872 -0.0165674647087211 0.00601565992012433
-0.0533104254740013 0.0578300540926766 -0.0254964625226233 -0.00959885716185414
-0.094577576710055 0.00300193010954053 -0.0229946675699388 -0.0263502640436568
-0.0856481120853198 -0.0665569223203583 0.00016492340390206 -0.0318052055336848
-0.0118254081366463 -0.107391841529467 0.00849412708962135 -0.0292501436828415
0.0639097555665741 -0.112132081778437 -0.0209301533165703 -0.0148997190147422
0.0772883174444143 -0.0858957369494171 -0.0350821642446839 0.068780369012522
0.0467210399804395 -0.108551462173532 -0.0743933500829864 0.0578715183152284
-0.0332743401710114 -0.118912653718917 -0.0543685802809996 0.0912281185509143
-0.091185565965798 -0.0637661723835863 -0.00135913575000475 0.0948167643278398
-0.0909400186597003 0.0224126593097841 0.0437400127405278 0.0536145232248173
-0.0475118533738787 0.057684509145294 0.0305036882013968 0.021317576736062
-0.0179004097454459 0.0716364721552919 0.018911181031678 0.0165298102473818
0.00184186287655662 0.0742626674100857 0.00794308970062076 0.0224047038799453
0.004382430182323 0.0777690472739813 -0.00469039083541435 0.0296114840785573
-0.0191464363705373 0.0637590177763002 -0.0213045578780334 0.029250091663367
-0.0494714889565951 0.0524955062090606 -0.0356238150589433 0.00695331968869309
-0.0850535339222551 -0.00140056091595851 -0.0324823724500133 -0.017087199583644
-0.071932030852673 -0.0647391233329981 -0.00634599434749714 -0.0265587723615164
-0.00113550265339703 -0.0956259910424307 0.00730373839607336 -0.0142093280816246
0.064601751643273 -0.0907467287697951 -0.0384632028747353 0.0150343105866758
0.0589524942078898 -0.0502794004680194 -0.0581494449191875 0.0890392776336469
0.0465153100895926 -0.0727659184440371 -0.0799117990895758 0.068148044792614
-0.0103626736535347 -0.0919791944209336 -0.0618105400391058 0.0761894787154772
-0.0627569656569693 -0.0583606691783598 -0.0223047659176484 0.0835349475489174
-0.0716667935740425 0.00912451684867398 0.0147113023531657 0.0595567890054008
-0.0406097927403887 0.0427101149775288 0.011948714721547 0.0418411578482735
-0.0173430403655894 0.0546583354617665 0.0122341508494079 0.0427910148551661
-0.00177668443499135 0.0585464329869248 0.0100298552314949 0.0467885016613775
0.000505952461418453 0.0618860879589179 -0.00453082486839742 0.05319901433883
-0.0184039556117129 0.0518844669739674 -0.026678809443854 0.0481872676200048
-0.0428151141915774 0.0399644572516901 -0.0458163492343846 0.0198139972841852
-0.0672119778368713 -0.0079641509016468 -0.0406003294061283 -0.0119648268616857
-0.0497391044967195 -0.0583970549962418 -0.0120705365077623 -0.0248680748364332
0.0121675466423396 -0.0739210421749914 0.00539248459623571 -0.00204352051649186
0.0589133726863924 -0.0566188000604016 -0.0533727195454942 0.0375343316176288
0.0294875624560088 -0.00573702330437153 -0.0657633594180467 0.097992264398741
0.0357693942757045 -0.0261906321464457 -0.0732119894820094 0.072657044441467
0.00704684866669005 -0.0489311072148776 -0.0578135860804935 0.0603575850139609
-0.0269018236789584 -0.0392303449013317 -0.0328115917817548 0.068074438032006
-0.0408416500260769 -0.00111237242128235 -0.00609314439068579 0.0598051430175936
-0.0257150173977466 0.0225064372224419 -0.00132591414374744 0.0550780155561561
-0.0133019175172786 0.0296889528142517 0.00683779880899084 0.0605611379691748
-0.00450867094871627 0.0341999185597748 0.010388598085467 0.0630929367334772
-0.00333135481711726 0.0378876667979699 -0.00616295936042577 0.0698997611633808
-0.0158781923530243 0.0339480143333354 -0.0333457246994161 0.0607712383926642
-0.0319992292810622 0.0236336556337069 -0.0571176090819211 0.0269739303182165
-0.0435113870141773 -0.0136232260216703 -0.048236199559234 -0.0115301213915204
-0.0238353072652227 -0.0454365151567426 -0.0169750330262739 -0.0275671862017863
0.023057304088915 -0.0444651521457228 0.00259159641240802 0.00441605860876945
0.0456055115239019 -0.0154529646073227 -0.0666020048401287 0.0506785472279424
-0.0166558811357802 -0.0220727010718346 0.070841443846432 -0.0626260036995195
-0.0218939435072937 0.00908222045322398 -0.000740315550158022 -0.021069964768474
-0.00583900250938078 0.0231603468786264 0.0148931177513705 0.0375864836064229
0.0138649287909681 0.012054799754733 0.0592827283637534 0.024546439248869
0.0132543111057295 -0.00427831811075077 0.0759576514655269 -0.0240018594907626
0.0070506305028125 -0.00519892826871348 0.0533292138540389 -0.0682903345841332
0.0088146504855847 -0.00383244199620003 0.0127087003766977 -0.0826719442138188
0.00963263222909915 -0.00359496278850873 -0.0120384508894829 -0.0744407970316876
0.00942188871471275 0.000327219643792317 -0.00754284961672105 -0.0687803804962874
0.00652997741615442 0.00547639537335098 0.00361688595583009 -0.0649333542407413
0.00204413848561534 0.0137893756507945 0.0136194196209192 -0.0613607156948786
-0.0115293439854716 0.0179921198746576 0.0290120605549736 -0.0558647501870077
-0.030054445709439 0.0050973960131147 0.0472039245361731 -0.0480801413196704
-0.0259903850403499 -0.0225329197827662 0.0474035385125174 -0.0684064451852824
-0.00692616348786522 -0.0395836076216496 0.0543885678562574 -0.103097863073239
0.00950157652568961 -0.0646719883024659 0.0651538061301978 -0.0468679378587715
-0.0200636123265097 -0.0359669407965422 -0.00790592286485902 -0.0101864503050527
-0.0332800793743262 -0.0112934681821279 0.012323504454038 0.0554019208751838
-0.0241780037396556 0.00563513900115015 0.0652511168014778 0.041203735332818
-0.0115834625363159 0.0161656283825967 0.0886638806474109 -0.017799262713486
-0.00264596602196301 0.0193942627045052 0.0603123970250205 -0.065712119734887
0.0065161860134 0.025137777674028 0.0187121051728275 -0.0807145408629062
0.0119227685191877 0.0268295816354178 -0.00927477168540708 -0.0713325599762564
0.00791636890441365 0.0314160049271482 -0.00788002724248208 -0.0642418901261701
-0.00812694449642744 0.0281553135674873 4.00301898412125E-05 -0.0578005754793856
-0.0253841582602067 0.0267196806730937 0.00801882878907878 -0.0557097735597534
-0.0471513613626506 0.00454140978999592 0.0179227733338728 -0.052210237718907
-0.0508265201858483 -0.030826813128833 0.0349908569093992 -0.0458537112491441
-0.0166615683620246 -0.0630625763330547 0.032649702215245 -0.0680278684031086
0.0225907657835971 -0.0786168458215414 0.039678831594601 -0.09627469778883
0.0374231158846709 -0.0967382228338468 0.0510321049947491 -0.0227651585544519
-0.00868688021530379 -0.0807599779361417 -0.022123187467148 0.00536655477782313
-0.0553322036358926 -0.0528857683503544 0.00149104901387935 0.0758789961515635
-0.0635663192415201 -0.00858659576071464 0.0637899525620639 0.0641403015701282
-0.0426758083779034 0.0322732561124443 0.0954992329436148 -0.00371545397296925
-0.0167168984657444 0.0426607060524272 0.0644168588717928 -0.0538862671939333
0.00132508870648953 0.0514482323121355 0.0236544244927896 -0.0673390514420439
0.0125735889553953 0.0534687625455673 -0.00463380635269066 -0.0570472206084855
0.0086446523225595 0.0579434303848327 -0.00842247388850645 -0.048797879310516
-0.0164754907710719 0.048928939628591 -0.00656015814069888 -0.0415751446681433
-0.0434371664560397 0.0425700096219459 -0.00362955360281354 -0.045027498122263
-0.0764073070492253 0.0015777505137241 0.00282262547147535 -0.0471549950359043
-0.0729502015052712 -0.0532013315226879 0.0216287232804873 -0.043430721372553
-0.0156967020002859 -0.0933843095670146 0.0190009547443855 -0.0600531552218917
0.0436644221731262 -0.106903115571995 0.0183781128207867 -0.0767195155216977
0.0620037498974808 -0.113935802442923 0.0262363425159348 0.00833043217329715
0.00961618717175271 -0.114613286237434 -0.0404969980156949 0.0253253527321059
-0.0654586597397462 -0.0929075144573906 -0.0157844715506418 0.0924824484137688
-0.0953631948263985 -0.0288342634645948 0.0503939650726106 0.0850521022600337
-0.0722632074272927 0.0405182598765232 0.0908981677193216 0.0169154937103007
-0.0316194881996475 0.059210886939767 0.0610649089948373 -0.0323237214363926
-0.00562366941517558 0.070307109402792 0.0264541472317558 -0.0441220144152371
0.0115113836740612 0.0716969951539213 0.000134649478762431 -0.0341253230765714
0.00998465506508086 0.075902200187742 -0.00785695984943817 -0.0251246272340297
-0.0187974366031286 0.0634939270766228 -0.0122827828383339 -0.0193242070094897
-0.0514850517322045 0.0556232324688919 -0.0158187878491287 -0.0288713528536522
-0.0934987981779913 0.00536173556755066 -0.011388314596902 -0.037734533534593
-0.0881453475726371 -0.0625161799787904 0.00942010526787298 -0.0388278047655481
-0.0175494755917062 -0.10821556595319 0.0104840343427074 -0.0465800495667472
0.055558776782782 -0.120766406888808 -0.00302148947118341 -0.0474462697637751
0.0764598440900477 -0.11112315684952 -0.00515459785889749 0.0411974802035247
0.0302208719631953 -0.125836085850132 -0.0597419510003026 0.0445185511223704
-0.058023597036668 -0.118497203845468 -0.0370065421749234 0.0987622302341568
-0.106856986364934 -0.050405006694831 0.0266765931271288 0.097800470174625
-0.0909757163220765 0.0374314862626829 0.0727973232684182 0.0378533332033583
-0.042812307297897 0.065218761978863 0.0493858201651246 -0.00563499396597709
-0.0122402448738455 0.0778815224005341 0.0245513011174606 -0.0147496239399833
0.00870405053180827 0.0793942797497668 0.00475885818162922 -0.00648910406643784
0.00961575482413453 0.0825711379909406 -0.00580992168200943 0.00242044200722528
-0.0184381152058699 0.0688713494132461 -0.0166003755993173 0.00609784616904854
-0.052039289696543 0.0600234656375804 -0.0264172111405756 -0.00948846132225794
-0.0954847649845544 0.00580691095455082 -0.0235730076941314 -0.0267189991997392
-0.0886682993240555 -0.0644033695713334 0.000117330556076307 -0.0327072168145605
-0.0141366992073381 -0.108543531920899 0.00772166895020559 -0.0298608774995943
0.0617786770633103 -0.115558921163973 -0.0219931693235521 -0.0141315866765684
0.0755161988870399 -0.0890063870035055 -0.0347769894967114 0.0705402035578175
0.0455006907572353 -0.11091965190969 -0.0744236332500038 0.059469190079846
-0.0361107936687818 -0.118387520455295 -0.0540710735628011 0.0927085674102074
-0.0941152844717758 -0.0625011549949069 -0.000532392956009472 0.0971166618446722
-0.0912442534621007 0.0250990917224859 0.0451834965923908 0.0534463713865256
-0.0464091154014103 0.059621222104518 0.0318549960820236 0.0213856327606708
-0.0165212874307465 0.0730179432087444 0.0205582700011891 0.0161334311192091
0.00480714112585305 0.0753650531385988 0.00872260388534165 0.0216932512436524
0.00744374514083067 0.0776020128928532 -0.00405996097184095 0.0296803282133101
-0.0181078176600743 0.0648162133034256 -0.0208215064619077 0.0297277244656538
-0.0485287123888405 0.0539044352020892 -0.0362791614814593 0.00762370844128862
-0.0861031166842386 0.000968056967328559 -0.0329843117307686 -0.0168373940546559
-0.0744907974207019 -0.063321344283789 -0.00634477465182228 -0.0276840566618761
-0.00306970760655559 -0.0966716441650416 0.00633771868694885 -0.0144520391614875
0.0630133865516244 -0.0939173521436388 -0.0387862549821067 0.0160464006999719
0.0579866078036355 -0.0519822287118916 -0.0576692653766713 0.0910908379237174
0.0461528778476591 -0.0741106057455758 -0.0799329629124364 0.0692444734480872
-0.0120595289571504 -0.0920818579017274 -0.0616600089242673 0.0776608997644326
-0.0645158723464404 -0.0584110271374659 -0.0218341659857631 0.0853202001209378
-0.071930708946352 0.0114843918739688 0.0168394311295957 0.0602821957654938
-0.0394192527709236 0.0441553398479176 0.0132083419593068 0.0428030566313454
-0.016015536688176 0.056120006374095 0.0143985958378893 0.0427965455971479
0.000531839043322179 0.0590883487369996 0.0114160140180677 0.045639329714802
0.00278976302397331 0.0625009728790065 -0.0029128984836358 0.0530993326759031
-0.0172688594564083 0.0530490930657341 -0.0253156595995698 0.0491189564994822
-0.0421734644689662 0.0416248473030475 -0.0461562213699798 0.020880269428365
-0.0684912399800004 -0.00710757783803562 -0.0411475127702201 -0.0114413990953398
-0.0516452249434756 -0.0576147782901871 -0.012337676060709 -0.0259233784407553
0.010808568958364 -0.0744141303814599 0.00535429854390362 -0.00268080033071597
0.0579794084938355 -0.0591491165253544 -0.0533964759824233 0.0391584603762934
0.0297818260002358 -0.00602019548725632 -0.0650896516476435 0.10017665252052
0.035864452708356 -0.0265118269968465 -0.0724998277279255 0.0738047270195762
0.0060999697517051 -0.0495033889961694 -0.0584627324590426 0.0616745689697711
-0.0279986697261513 -0.0396470062998839 -0.032902017546282 0.069960836538408
-0.0411846162269281 -0.000281296638615783 -0.00430530677143326 0.0614402482360833
-0.0249797272773946 0.0232801501535647 0.000185123919745212 0.0560547500770893
-0.0123822704278682 0.0306774893002119 0.00961233631665601 0.0607711064515205
-0.00327730332233157 0.0346751949126202 0.0131178222705248 0.0626685634522517
-0.00201714222168943 0.0384532926957642 -0.00378108608243253 0.0697048594477623
-0.0147968111454597 0.0349081288073424 -0.0320184468003668 0.0613835734527439
-0.0316291532836867 0.0249429717615833 -0.0572775918536821 0.0284507709420817
-0.0450646756066776 -0.0126597242077386 -0.0490909699725134 -0.011518138868502
-0.0252433790499057 -0.0450952523592405 -0.0173470693455668 -0.0285584165934619
0.0221289101313386 -0.0451237116639175 0.00271213097854902 0.00392993121145015
0.0454421232825335 -0.0165583105222159 -0.0662138621948773 0.0528246174416843
-0.0173112606374349 -0.0230439505171574 0.0709564995598006 -0.0649180122339499
-0.0223458877074218 0.00982338595751217 -0.00221745049564124 -0.0207011505474879
-0.00536816430606237 0.0242338494164769 0.015908036520145 0.0387745991914864
0.0140790452120855 0.0123620833849894 0.0610866118783527 0.0247296955755343
0.0135873728699948 -0.00458005226848446 0.0779595431588268 -0.0263580365639457
0.00695077346970772 -0.00582360479823107 0.0530596183930149 -0.0715349661445652
0.00908273926142618 -0.00456615391029253 0.0103016217876302 -0.0846802503068764
0.0103251700797949 -0.00447009408535999 -0.0148387658840485 -0.0751573115764764
0.0100627939917867 -0.000115424925536838 -0.0106261765347412 -0.0701620553032992
0.00705610670790292 0.00552522385311166 0.00130572854235319 -0.0670482084203385
0.00255644581688633 0.0141103910260016 0.0124921763203679 -0.0637014072526434
-0.0117273787839852 0.0188359385191089 0.0289755846750289 -0.0580224422278602
-0.0311305001768761 0.00559615057754229 0.0487060993375422 -0.0497130589779899
-0.0271465375177172 -0.022791824593379 0.0477638507433921 -0.0700063077935589
-0.00810769184751865 -0.0405143825277772 0.053771199384327 -0.106800146897734
0.00792313159613125 -0.0669842487288439 0.0654085313826007 -0.0492248832736409
-0.0215743681328403 -0.0368883004440593 -0.00873218058394058 -0.00969442744000815
-0.0343914669844648 -0.0107406729097037 0.0132633284039759 0.057269226657834
-0.0243622997678482 0.00680293389789502 0.0676764664538047 0.0418068149633885
-0.0117515081976986 0.0167539817959628 0.0905745079768712 -0.0205548158612523
-0.00252939460102822 0.0197359801252362 0.0606698529959931 -0.06958600448183
0.00746054986229889 0.0257059403059792 0.0168388372098374 -0.0827735589788125
0.0135406186437218 0.0268910160222651 -0.0119948626998982 -0.0718421951317884
0.00987166522424904 0.0316105530966742 -0.0108824119579779 -0.0657246608184072
-0.00781847787337159 0.02921859234646 -0.0021848092709703 -0.0598168314226402
-0.0250442867695777 0.0282499720559703 0.00627284785674323 -0.0577036081378717
-0.048276515712533 0.00624248899299369 0.01791791796478 -0.0544387789750843
-0.0530426291634972 -0.0301373793001194 0.035759877303986 -0.0479102783100883
-0.0185339237844634 -0.0649126541689087 0.0322731450829997 -0.0692780201403341
0.0215699388234394 -0.0815686864709843 0.0384997638063803 -0.0998628072405799
0.0354766005953973 -0.100515942669336 0.0511814609822357 -0.0236727682463281
-0.0110691267623981 -0.0824422916720461 -0.0226291065887607 0.00638354111337404
-0.0585731581921425 -0.0528241853415838 0.00277977456622923 0.0787201125874493
-0.0664164117522072 -0.00749732253246181 0.0665390055741074 0.0655156483936611
-0.0428376455937994 0.0348607263110455 0.0980710034633292 -0.0060874184088899
-0.0159285873544378 0.0434960918807919 0.0645677354563864 -0.056522969706608
0.00267408265880548 0.0528370389647879 0.0224356055511301 -0.0695113491514401
0.015238592788765 0.0537981964066423 -0.00710550909222085 -0.0575136078831695
0.0115611570254277 0.0586452522187355 -0.0109932536703001 -0.0498959996044341
-0.0156160211790626 0.05099949007361 -0.00832644458179759 -0.0426005435765272
-0.0431240467256004 0.0448756573154018 -0.00528275478054175 -0.0464938247766745
-0.0783134133521455 0.00425174120960986 0.00240002231058537 -0.0488627300677193
-0.0765701169439362 -0.0520018755932207 0.0223494460718316 -0.0456613244273365
-0.0183236658910743 -0.0953000870556907 0.0184729099345426 -0.0611898117538528
0.0420138056818177 -0.111467478930529 0.0173316698415377 -0.0788436782806489
0.0604100362739585 -0.11882055373026 0.0258509003394339 0.00857961924546509
0.00694451553907735 -0.117590486042368 -0.0414172060600074 0.0266041665983569
-0.0698056875525401 -0.0928887698557015 -0.0150837150044406 0.0956474514046916
-0.0989379250653448 -0.0271940752416173 0.0529045722527329 0.0874187955897404
-0.0730641733257674 0.0440432569759289 0.093634432619107 0.0150409156382654
-0.0305415977397036 0.0618726620877468 0.0617810126048918 -0.0348260230233336
-0.00329135488845111 0.0718917756307415 0.0254332146939526 -0.0458660372178019
0.0149043110076295 0.0735283519836969 -0.00111735407329918 -0.0348850394418038
0.0133523988607855 0.0772440406664575 -0.00965235547650287 -0.0258141804942698
-0.0176527185056922 0.065720415097249 -0.0138515850480849 -0.0200271503419547
-0.0508141700332513 0.0584570184498799 -0.0174985821850192 -0.0297274804577413
-0.0956889782225201 0.00811483872457308 -0.0123586313996741 -0.0391046071881658
-0.0919712944503484 -0.0609277218688803 0.00965989342878553 -0.0406764281206758
-0.020734846730475 -0.110964218221653 0.009926400000905 -0.0472942134495141
0.0539366165214117 -0.125956288882877 -0.00443486235349785 -0.0484382924103646
0.0751134555163001 -0.115851652146731 -0.00493792397342543 0.0433813657209191
0.0281342786399665 -0.13041853118074 -0.061265042049191 0.0470304320829545
-0.0626744040391178 -0.118931335717643 -0.0369438142781061 0.102411731507441
-0.11159669644725 -0.049448897388532 0.0286357617098644 0.101299573081097
-0.0926158631873982 0.0409943827152648 0.0756231069218442 0.0371725451427522
-0.0423117037977815 0.0683620332222348 0.0505848119192518 -0.0066234846757529
-0.0106209030944974 0.0801610434434422 0.0250194265298703 -0.0155598877548124
0.0123177253393327 0.081068668213524 0.00450792268846021 -0.00676651203813248
0.0131900699253235 0.0844775913812242 -0.00607143086391426 0.00248220940692921
-0.0171470990578485 0.0713711204795403 -0.0169340611138134 0.00612373004095633
-0.0510828765103192 0.0627999298726194 -0.0277332220605737 -0.0102974218917805
-0.0982601513879788 0.00895440160018904 -0.0244072263288142 -0.0273449312310289
-0.0924272846250778 -0.063384958784636 0.000549690867021565 -0.0350022945032701
-0.0170852728806795 -0.111006842444841 0.00672678373659908 -0.0309278802267444
0.0599937153885673 -0.120931303625016 -0.0230717317043977 -0.0143997926295701
0.0746770000381332 -0.0928946542269459 -0.0351056455256221 0.0731766066945015
0.044306752854228 -0.114553911362965 -0.0757347434556234 0.0619791862544811
-0.0399561923859003 -0.119662711570925 -0.0544081510212246 0.0959923835631602
-0.0986236231476579 -0.0623273571768458 0.000746957956506878 0.100569328310891
-0.0926309702393825 0.0283954536004879 0.0478671646126666 0.0538896838243132
-0.0456866957559841 0.0625355462508096 0.0336765690018117 0.0218073673265676
-0.0146653703423044 0.0754344970203764 0.0213201337664449 0.0158117674999584
0.00778859054649465 0.0768495008180456 0.00972189307898106 0.0214138738656844
0.0105576137343461 0.0792053171816848 -0.00308892550081615 0.0299663447413156
-0.0167570996070547 0.0673400551109407 -0.0203511824758053 0.0305128747264345
-0.0477810295844477 0.0570090879493205 -0.0375147749980148 0.00784505559476494
-0.0885434338469499 0.00343952516052449 -0.0338633593968635 -0.0172507688452919
-0.0784291599908989 -0.0622911892018313 -0.00687555107353461 -0.0292123501578843
-0.0058621128486695 -0.0988103633655278 0.00614583352296751 -0.0152466815341072
0.0615485074880541 -0.09847417154952 -0.0395659674881742 0.0175981765372864
0.0576500405161012 -0.0542708854552255 -0.0577959561851844 0.0945656837961874
0.0463486081322284 -0.0769705936178279 -0.0811361045174731 0.0717956954939168
-0.0147997562381505 -0.0935143591547316 -0.0623996535277654 0.0811515604274296
-0.0676174240589989 -0.0586038995292749 -0.0217337908066873 0.0888215795990667
-0.07349988339253 0.0140391732897478 0.0186845787007676 0.0619696598545786
-0.0390664933721269 0.046814436387624 0.0153293198969079 0.0439777414549669
-0.0149695242256203 0.0584026237394667 0.0163175204428906 0.0428324452983832
0.00268884969997565 0.0608213855758122 0.0134012056130234 0.0456966250143274
0.00516991546630272 0.0635819706628669 -0.00118545675413891 0.0536598235242296
-0.0163291011035816 0.0546406324958137 -0.0237737933933484 0.0505784686891459
-0.0419718695435978 0.0435700560711267 -0.047409221897257 0.0221013701800414
-0.071163864910382 -0.00570275459198864 -0.0423339971511864 -0.011351541900704
-0.0545876084317934 -0.0573621946257275 -0.0128371148561647 -0.0274925893837641
0.00931532948718328 -0.0765268020622559 0.00501979266041745 -0.00334446035422238
0.0579300724117505 -0.0621788004606998 -0.0538583594854911 0.0419467417216781
0.0296567220071522 -0.00695020277477202 -0.0651243011382238 0.104495658534362
0.036875156042022 -0.0277696948164395 -0.0735850500887936 0.0761414626583586
0.00515616496695518 -0.050340756627412 -0.0594405996971328 0.0638529784972748
-0.0297312880186068 -0.040326846144346 -0.0327318701507673 0.0729618088362085
-0.0420591929603463 0.0013456496695492 -0.00267023115778473 0.0636331751844384
-0.0248998601340403 0.0248754702654359 0.0024738930786899 0.0585131092372693
-0.011550037286331 0.0319609765125074 0.0121895315710409 0.0618251880695888
-0.00208185526486794 0.0356250216742306 0.0150800532284472 0.0629589040156116
-0.00050608480923832 0.0394334879722844 -0.00106450029005813 0.0709590289566622
-0.0143018941319459 0.0363889261117829 -0.0305191177838265 0.0638505423611253
-0.031949143747433 0.0263899750433982 -0.0580024721369176 0.0299734881999337
-0.0467803546043864 -0.0119754005342976 -0.0504304358318306 -0.0113127218617274
-0.027048908350809 -0.0457940770112841 -0.0183091143464518 -0.029291585452877
0.0219806784183125 -0.0466536155458058 0.00261175912888556 0.00359022777067973
0.0458761704784354 -0.018177960954451 -0.0666693275238555 0.0563379996131789
-0.0189953890689229 -0.0235794147717244 0.070354956543466 -0.0700273813414168
-0.0230963542857591 0.0105043682904547 -0.00342779059868098 -0.020461937216231
-0.00475925795381498 0.024952917760187 0.0175116242879947 0.0405486607424849
0.0151279380464463 0.0118415751302846 0.0640360064348857 0.0233323789229982
0.0135891252162489 -0.00513626962029483 0.0792022432696448 -0.0303355350742403
0.00673490893832712 -0.00642444325918843 0.051331290240309 -0.0763248866651355
0.00914957544105615 -0.00544041147264103 0.00641638551886738 -0.086761038408634
0.0100814477706596 -0.00499477593778177 -0.0191244608394815 -0.0758630234109153
0.0104290349292736 -0.000758442581691096 -0.015047438935654 -0.0721421876718472
0.00748612438693214 0.00554791398474639 -0.00270301236288336 -0.0696751996155406
0.0033944685441888 0.0143629388250681 0.010041638124571 -0.0670877620276377
-0.0111796112699781 0.0202911462080377 0.0282071351984618 -0.0613694606390804
-0.0322283527575477 0.00760976336355089 0.0494799150630396 -0.0530946204637433
-0.0287974608993638 -0.0226322825625296 0.0469880093689235 -0.0728002475994551
-0.0101435102999363 -0.0414281361338123 0.0514946968727967 -0.112879349181725
0.00484858881433211 -0.0701625320608651 0.0656463579474073 -0.0525523521766088
-0.0240856209709621 -0.0375092036108771 -0.0104953053995354 -0.00910731422744218
-0.0364183405966563 -0.00928663987739737 0.0157499964832101 0.0597081557817991
-0.025695664687019 0.00795251941406087 0.0717845866813004 0.0415419212533611
-0.0110783330432426 0.018044244374083 0.0929305250100738 -0.0250263105839452
-0.001631051972259 0.0204432828922136 0.0596979819305458 -0.0743832838587553
0.00959925090945925 0.0261266616946549 0.0134035122664887 -0.0856544803472483
0.0158703870606077 0.0265469879702845 -0.0161424598506441 -0.072304146636082
0.0120449308647679 0.0316860569915087 -0.0154392934452081 -0.0675206672102381
-0.00665853867034692 0.0307713183354263 -0.00571497516829489 -0.0620659445087844
-0.0244534965743035 0.0307900648250815 0.00395466560032637 -0.0607828983758487
-0.0493761128477289 0.00864452610009141 0.0168279073006805 -0.0565547021627752
-0.0563413728862313 -0.0282184206984415 0.0360028464383052 -0.050285047965752
-0.0219007166662142 -0.0660997420225181 0.0310139686512679 -0.0716063601458661
0.0182080987751148 -0.0855801419960549 0.0359491830811384 -0.103980276605246
0.0320027127462184 -0.105652435369822 0.0514222424924732 -0.0257974199235605
-0.0145802184244007 -0.0853434502922302 -0.0243035679803314 0.00802680162819377
-0.062455253282529 -0.0510621756754334 0.00518319479613502 0.0820114661380468
-0.0687458647161136 -0.00439610588437231 0.0710181560835005 0.0659641214507368
-0.0426290080276361 0.0376855966268571 0.101203555803968 -0.0102675168974527
-0.0143376918358371 0.0460268577095063 0.0641941507312394 -0.0615988139744291
0.00592900470529489 0.0543898333999555 0.0198128748646958 -0.0722138676233723
0.019067795084431 0.0545971842587762 -0.0103957994996923 -0.058012811325493
0.0152607694370908 0.059292495663034 -0.0146220803081511 -0.0509088158445701
-0.0136726353451866 0.0533320467223642 -0.0113063981790701 -0.0444202923289986
-0.042316257077901 0.0488321662708117 -0.00816345297484533 -0.0484689970666346
-0.0809969042007977 0.00775628390768176 0.00100049880500097 -0.0499819863473197
-0.0813702577858733 -0.0499492603566588 0.0220531353830824 -0.0476980222330066
-0.0233479548888316 -0.0981434880358511 0.0168436963959458 -0.0628450123442011
0.0380502822066892 -0.117390141532669 0.0143534562522476 -0.0816746112180338
0.0563929834005379 -0.125137876063258 0.0267278642152085 0.00876298891673556
0.00232167849620963 -0.122145965258299 -0.0426576585892476 0.029330924834964
-0.0758578980051834 -0.092371884466224 -0.0129702662212514 0.0997654561845958
-0.103454625904979 -0.0239751684470038 0.0575050621764391 0.0894336020435076
-0.072867931449636 0.0489220317771623 0.0973959233955869 0.0115200842460713
-0.028790402470198 0.0647981073525775 0.062671471192915 -0.0382700271848109
-0.000623224287484229 0.0748130786459695 0.0244128108763611 -0.0480966873601994
0.0194182289746687 0.0742565869484949 -0.00345043369346511 -0.0349121513520431
0.0182617102164321 0.0779786540069591 -0.0117499570932686 -0.0262426496039138
-0.0151174732638775 0.0685692539095067 -0.0154066370294546 -0.0202946839939262
-0.0491538509973476 0.0623002993900265 -0.0199970768410606 -0.0303973982409615
-0.0984326972983126 0.0132524271421041 -0.0143357498965516 -0.039992424470663
-0.0980903067212206 -0.0583346601101024 0.00895042753037303 -0.0431635500432812
-0.0264787906033524 -0.113580453222342 0.00826132071562244 -0.0487048441273307
0.049724542670431 -0.133178356332691 -0.00663108461117737 -0.0498773221955976
0.071691250257714 -0.123051437702556 -0.00460342687017991 0.0459671970750815
0.0246281821927327 -0.135450787069191 -0.0621474468172216 0.0502057302743408
-0.0693612895293926 -0.118891636669676 -0.0353588283915274 0.106944854560155
-0.117455618247723 -0.0459440630732493 0.0329823700533506 0.104469846474826
-0.0928565920121625 0.0469457941019195 0.0795280229343185 0.0352746949748252
-0.0400445072999477 0.072951475930174 0.0525248388100706 -0.00822566370897248
-0.00669750061718449 0.08335828319493 0.0250349314394392 -0.0171280090221009
0.017397914007305 0.0828484337884792 0.00386057535975463 -0.0068975532555581
0.018376966168582 0.0851305706530498 -0.00690042055433321 0.00261586993919419
-0.0145090084253266 0.0744559983818222 -0.0175052943748349 0.00678436353283357
-0.0497256723901384 0.0667211034202551 -0.0296624118880421 -0.00959325664993414
-0.100675108018206 0.0136900912183291 -0.0262024516906756 -0.0279453526833867
-0.0986702875486828 -0.0602945700155516 -0.000716463215059473 -0.0364823070810947
-0.0228229153149418 -0.11360536661886 0.00586271859433091 -0.0315436801625888
0.0559186793258819 -0.1277685564468 -0.0244551753221593 -0.0132024694616951
0.0721826121337506 -0.0988218415559884 -0.0340315214608194 0.0776802412031999
0.0416628339691182 -0.120256167576355 -0.0764096897185385 0.0662107429544799
-0.0459119372716344 -0.121056137145099 -0.0539551305383735 0.100801763300065
-0.10421439308863 -0.0601182036343072 0.00370849055614037 0.10500447811743
-0.0940981718720739 0.0335578827572321 0.0518439197082302 0.0540816866966994
-0.0442037279024486 0.0668899245187961 0.0361958785606536 0.0215913327073701
-0.0115918173366704 0.078535648744699 0.0230887248616113 0.0151473431391915
0.0125969310413202 0.0786253426533599 0.0105235889052302 0.0209696756423838
0.0157119760293402 0.0804321876361259 -0.00175329705338936 0.0303745727240889
-0.0141755187486694 0.070222685252861 -0.0198103463488145 0.0318034513624545
-0.0465460010310633 0.0601425369433742 -0.0388332076972231 0.00950380460022358
-0.0915830825599364 0.0073479645317025 -0.0355821669857122 -0.0171092662674314
-0.083814763601613 -0.0603018369966753 -0.0077590326099635 -0.0310784384807006
-0.0101338145806264 -0.10147726837207 0.00548064568824313 -0.0157899754362503
0.0587670707475549 -0.104564345352533 -0.0400253487575003 0.0200637554891457
0.0560712028660116 -0.0583804622748961 -0.0563625200843981 0.100687981432579
0.045624489521241 -0.0813324165768025 -0.0818286337095466 0.0766981037411724
-0.0189989024008449 -0.095538093299279 -0.0624810497357622 0.0853788915407478
-0.0723443684240746 -0.0576787754134655 -0.0192357120383151 0.0935562155853383
-0.0750362110781875 0.0182248320398332 0.0226490063137101 0.0634477083820755
-0.0373341315912037 0.0500203960642469 0.0181012510222405 0.0453591634653614
-0.0122530989637165 0.0605077506211947 0.0197714876948127 0.0436157050401751
0.00659011702035604 0.0626928667685326 0.0157773515337628 0.0458408214108653
0.00940181887244528 0.0644829344978806 0.00139646063819471 0.054756033960683
-0.0139926851016018 0.0574788265322248 -0.022478986654977 0.0528604108277833
-0.0409742185101918 0.0465026983044007 -0.0481664000765812 0.0248449951772134
-0.0738346005209593 -0.00273600865463987 -0.0441734601781013 -0.0104027004003582
-0.0589683424931411 -0.0564449645995006 -0.0143219266324338 -0.028613122184987
0.00611988776141305 -0.079111908080103 0.00507005551119539 -0.00363876813026041
0.0564489096140581 -0.0666846630878238 -0.053694352813053 0.0456561250087132
0.0296757547033029 -0.00765682598330048 -0.0639173952852275 0.110630928575061
0.0374991548799772 -0.0302449912550132 -0.0736650051863556 0.0806198952703527
0.00390854586934814 -0.0516513767685663 -0.0592825720170197 0.0673742015463872
-0.0327078873626712 -0.0403578900865999 -0.0313467709416262 0.0775614058249782
-0.043311473180306 0.00309289160602915 -0.00021055150329969 0.0664861881328029
-0.0236064725928919 0.0268153333949836 0.00526622510414228 0.0605939320720261
-0.0103860138505644 0.0337472886266581 0.0159188137502922 0.0626868067775993
-0.000115917638301584 0.0373039888670662 0.0193520796144391 0.0626896622075409
0.00159406234324255 0.0409264213512556 0.00249270133887161 0.0720886155040686
-0.0132089143381902 0.038431072572312 -0.0279337181311098 0.0670112491232248
-0.0313267983504514 0.0286575651773075 -0.0585032583007187 0.0332701844608883
-0.0494862605841171 -0.010676908299812 -0.0527013371840714 -0.00976361241745263
-0.0293095609633061 -0.0453345989919288 -0.0201949917487919 -0.030797277561656
0.0207149971073744 -0.0487920233797468 0.00289316470541593 0.0032267148080126
0.046870568704457 -0.0203978246834596 -0.0663754533056818 0.0608137816586027
-0.0206795188271206 -0.0231066623930862 0.0676945159654487 -0.0749798543963627
-0.0231022796223784 0.0117163243495206 -0.00488980546898175 -0.0197363556241739
-0.00381302035091309 0.0255726800786388 0.0198857593361734 0.0418727773319117
0.0161443912520429 0.0112359728783278 0.0661769247767394 0.020496207963652
0.013315226253268 -0.00649079363411964 0.0786289511635157 -0.0357549572470428
0.00651282971932468 -0.00707959643070773 0.047305556295778 -0.0813015163974293
0.00933954297424668 -0.00566340196988363 0.00134092574288421 -0.0883958194223701
0.00998578273781643 -0.00645818083379368 -0.0237988558629825 -0.0742551697759699
0.0107091071773499 -0.00197118366286254 -0.0209468508653905 -0.0719765165834476
0.00826665310124997 0.00506323109579866 -0.00773312776907642 -0.0710814065858494
0.00460073640609858 0.0148177834206984 0.00601757264855606 -0.0690921552368439
-0.00994054221577583 0.020849098762368 0.0258444082529637 -0.0636986377081013
-0.032337183379391 0.00993622712130134 0.048486095874213 -0.0564357345893129
-0.0306536311330093 -0.0214319839698907 0.0445553289958335 -0.0753835492650857
-0.0124670063333995 -0.0417354757327895 0.0459433526290179 -0.1177208680971
0.000675619971747632 -0.0718862757554813 0.0633322524898793 -0.0567513937222423
-0.026838031595381 -0.0368483391837332 -0.0115110831137967 -0.00752159524912978
-0.0379212165245437 -0.00717727872161823 0.0188736456921102 0.0609636442443455
-0.0257138372409007 0.00988878889518098 0.0749279114855719 0.0388656647111526
-0.0104400137543105 0.019196943153741 0.0928219883566912 -0.0310485253883649
-0.000405229561707071 0.0205588423163009 0.0563989883725932 -0.0793402071732339
0.0113550906501696 0.0255756908488488 0.00774805778099487 -0.0868725541250823
0.0177576684246717 0.02566350297003 -0.0204658213235562 -0.0714754415214674
0.0146358969340991 0.0306771468856106 -0.0208778564412489 -0.0667493860819703
-0.00465598429198607 0.0319202146958341 -0.0106204109302329 -0.0628690215863184
-0.0224292016899874 0.0325974188535566 2.02916184743524E-05 -0.0621029458755644
-0.0500465671673085 0.011937029923809 0.0145242337863903 -0.0584409407488159
-0.0591822019980195 -0.0247264087064009 0.0351848615563953 -0.0535907771828845
-0.0263439260654696 -0.0662736165462275 0.0284182766639427 -0.0732666214082215
0.0134879772109901 -0.0881202175146383 0.0304751295655313 -0.108105002227026
0.0259359660925698 -0.109289866304762 0.0503823173423088 -0.0282458010904019
-0.0205095693090496 -0.0858078014783649 -0.0247557470830444 0.0103597789468837
-0.0666073462098317 -0.0478758738931277 0.00904712798981363 0.0832706231175767
-0.0705652950595967 -0.000555207796177433 0.0754796559195507 0.0642232082288852
-0.0407826236558959 0.0410286072890162 0.101827302950625 -0.016781462505638
-0.0115780161720762 0.0475581860194689 0.0620550872640644 -0.0663800614475789
0.00962562026902916 0.0547102550307198 0.0157211306288575 -0.0743453525984354
0.022693715138474 0.0539536571630064 -0.0144063671825028 -0.0572087536914223
0.0193422076595783 0.0588218638457264 -0.0191099726386587 -0.0500563731018744
-0.010497759028994 0.0551889648501217 -0.0151015790845375 -0.044503711684608
-0.0392575128089425 0.0516478842157453 -0.0111953534394365 -0.0496249029022582
-0.0821391164174448 0.0128309370750704 -0.00147067403388793 -0.0515257128459643
-0.0857178257294336 -0.0454493697224347 0.0206084354757907 -0.0506887378764975
-0.0296784819689244 -0.0984883557672779 0.0141844866390818 -0.0637857777420059
0.0314201545452588 -0.122136555416961 0.00969771578632476 -0.083622498838594
0.0496867132783738 -0.130647496585685 0.0276160276313462 0.0089576224097313
-0.00445859002339932 -0.124674210983857 -0.0419910286123011 0.0323960531912005
-0.0820084980763768 -0.0886381562502598 -0.00914274651644573 0.102276491198175
-0.107567522158498 -0.018249525475225 0.0631317322510323 0.0892395873636825
-0.0707752034917062 0.053955151753754 0.0994089605449996 0.00619003730835054
-0.0253128163835975 0.0674758894798662 0.0618272560542533 -0.0417750045179459
0.00460344975067363 0.0762990128760887 0.0215947283956664 -0.0502927079667713
0.0254949873182242 0.0735417003451944 -0.0060759797693728 -0.0346022154239535
0.0240307251498083 0.0769272941058768 -0.0144454224824025 -0.0257228684703554
-0.0113295545767601 0.0706933538485389 -0.0178621626884581 -0.0199860174199135
-0.0457220451485137 0.0661232711179383 -0.0224780697731777 -0.0305859545389999
-0.100022817972137 0.0198849093182157 -0.0163361341678211 -0.0401990857751283
-0.10328517030845 -0.0521662394327834 0.00734637313088798 -0.0448368015171421
-0.0339957737650917 -0.114553673705589 0.00589215849327129 -0.049214925816824
0.0418691985452416 -0.13843889381443 -0.0100414084747396 -0.0497068201437595
0.0649555553830806 -0.129368301988439 -0.00232623882428313 0.0477377394177437
0.0165884449119684 -0.139416467627099 -0.0611635347145568 0.0545873006500098
-0.0771283050142459 -0.1162579728923 -0.0311095753542902 0.110773384133124
-0.122806885669116 -0.0401068270750311 0.0383539563849175 0.106195267722673
-0.0912011504497745 0.0538317776320632 0.0831220906766157 0.0311096778322808
-0.0366150933908504 0.0760145673547994 0.0536126947517449 -0.0108138571989005
-0.00141087424537728 0.0863117944048759 0.0249516945974436 -0.0189378191817699
0.0235870412204638 0.0821981212360258 0.00353669926010175 -0.0072069202843388
0.0252704715125953 0.0847864396524327 -0.00744984855084507 0.00243641156117591
-0.010064799740928 0.0769192522039044 -0.0177927090192537 0.00777117432919909
-0.0457203904704118 0.0706086522967734 -0.0314510594735788 -0.0082855975210683
-0.102556411316236 0.0207711148572575 -0.02806898032093 -0.0274000446748928
-0.103757236329978 -0.05419168777609 -0.00225952154116138 -0.0380678238441587
-0.0300836787760102 -0.114104827894573 0.00455014574854109 -0.0314876100273538
0.0481668874451474 -0.133852737189339 -0.0260187946474607 -0.0117550449594706
0.0669148385202567 -0.104259505942767 -0.0310761091127007 0.0818049455357636
0.0360082915090178 -0.124636147791063 -0.0749570855869826 0.0714008630021806
-0.0530427734591087 -0.119602887296274 -0.0504134260482716 0.105368638683452
-0.110510697050769 -0.0557543005085782 0.00901639752640112 0.108179755330862
-0.0926144156803324 0.0403117358823188 0.0555038665702142 0.0521162327808792
-0.0400008597209613 0.0704592191804472 0.0387275882711274 0.0205984195648802
-0.00604540603799533 0.0811657966979838 0.0250876001097942 0.0140077528908994
0.0185095572033657 0.0787621580633301 0.0119271828192743 0.0205824328239209
0.0216484186539833 0.0802237342445045 -0.000198744687523633 0.0304919973818883
-0.0100180818218727 0.0722930512882577 -0.0179789094582311 0.0333570200214919
-0.0431546865094439 0.0642207701421008 -0.0387436669023427 0.0114340563543073
-0.0931401537861543 0.0134346030232286 -0.0373418495435112 -0.0154997147560529
-0.0887940642230701 -0.0550597506640692 -0.00968991657036939 -0.0317857965455879
-0.0166469048261114 -0.102465230586705 0.00472187502219891 -0.0161427519463917
0.0526750025146619 -0.110287773418892 -0.0399264558896901 0.0228758243920758
0.0532934997014199 -0.0620132113156239 -0.0526776053226874 0.106285729125655
0.0419812847106916 -0.085454289908156 -0.0796962788551246 0.0820429988560944
-0.0240777520768284 -0.0956500998078773 -0.0600833594234431 0.089482015523065
-0.0773498269164889 -0.0552627431465568 -0.0148051753298967 0.0974339478226364
-0.0744926779908116 0.0227017477036903 0.0255550141005001 0.0634562083912456
-0.0343599281828475 0.0530668010958805 0.0219635669247916 0.0459684816079442
-0.00840717540260054 0.0626032587532421 0.0228530315138401 0.0427025897630811
0.0109592496448272 0.0632401153632368 0.0191020512414527 0.044642182565078
0.0138556160545964 0.0649733961831949 0.00532191703441531 0.0544325212980315
-0.0105535059915192 0.0595655594881675 -0.0191860132223012 0.0546847460026262
-0.0387173501820093 0.0501374076666246 -0.0473176632563715 0.0273930968446036
-0.0757844221060474 0.00215995944346738 -0.0458412457391582 -0.00869939964498181
-0.0632400150122123 -0.0529588268995212 -0.016321193247286 -0.029333422070917
0.00145842792466553 -0.0809599198318063 0.00491268958230842 -0.00369846176169286
0.0530737202378646 -0.0710099915820619 -0.0520577823385047 0.0497548437381194
0.0296208123983316 -0.0089150157283194 -0.0591606947857176 0.116081931038172
0.0368517040287025 -0.033116259026809 -0.0713870264542566 0.0851966128664619
0.00134125502666168 -0.0526108365701378 -0.0585175916368376 0.0713947323979656
-0.0354229359613842 -0.039531618070614 -0.0281665369373953 0.0813801816935196
-0.043486098096048 0.00627137691549925 0.00400240190893643 0.0683471403238838
-0.0221766726148317 0.0281246641569746 0.00997130511443323 0.0623355691848336
-0.00805172794380005 0.0350353029382712 0.0208998431808691 0.0621472543595717
0.00237381267502094 0.0376632033235101 0.0229945243388172 0.0614368629381445
0.00464681538608563 0.0411519422644757 0.00723841302196491 0.0722714771492964
-0.0106593052998664 0.0397786031321768 -0.023995801351769 0.0692339334785812
-0.0298688285377552 0.0310649973932443 -0.0574084615984209 0.0372879791592228
-0.0512656807503553 -0.00749095439804568 -0.0541964447162891 -0.00774689610474571
-0.0325947135746043 -0.0444573825757018 -0.0223399895364414 -0.0303663649220274
0.0180491089630415 -0.0506562387195305 0.00335900965839646 0.00284364205276909
0.0457974551936084 -0.0239775173910602 -0.0636511446855053 0.0659013684817674
-0.0241986821733838 -0.0217845390293148 0.0548367846343939 -0.0836085297378244
-0.0208106421354994 0.0153883352454918 -0.00830188732960012 -0.0191770967612253
0.00131089446691748 0.0256033261284481 0.0249612049022996 0.037632443130846
0.0191590908499885 0.00803223098156974 0.0671730921241939 0.0108881091506319
0.0128712473594104 -0.00979451110810381 0.0714598280093223 -0.0470536885224847
0.00496315621202753 -0.0105338610893407 0.0329366526586699 -0.0863183198995446
0.00747047983418752 -0.00913092636229144 -0.013604569626859 -0.0851378708703263
0.00745004333344253 -0.00844432917370526 -0.0344881850537608 -0.0672940375710082
0.00914049807760886 -0.00402421777382682 -0.0319520616799146 -0.0671294220252639
0.00813489612067586 0.00333827794776347 -0.0189076125244576 -0.0694855010186418
0.00674941859415596 0.0136995717589289 -0.0042541968141435 -0.0696072044016141
-0.00748976105638327 0.0225251227535949 0.0179083437231518 -0.0667443038392797
-0.0311383180845716 0.0146019696556066 0.0424463991828688 -0.0622589354539703
-0.0344779683977091 -0.015991662894049 0.0350137002084113 -0.0788271580952555
-0.0196306956683152 -0.0394002791076503 0.0300406323259378 -0.11999596469639
-0.0124323340942139 -0.0729683597162285 0.0553110362782348 -0.0626322262961483
-0.0336840547550415 -0.0313578459340254 -0.0106452464649336 -0.005484614681524
-0.0375248014416683 0.000574273591810723 0.0290096806436773 0.0553425058437933
-0.0215686567683527 0.0142369837065563 0.0795110577500227 0.0252665856925958
-0.00495911768145797 0.0185703490746047 0.0850886394935397 -0.0463071141921474
0.00300552812756858 0.0172710145339449 0.0406741566758544 -0.0866236803003993
0.0157129598063494 0.0222825340482118 -0.00694089289117517 -0.0868178602778494
0.0199333570479131 0.020977788394475 -0.0315738074179773 -0.0643656655860656
0.0191578384474417 0.027265509375455 -0.0316565580781918 -0.0623520604603806
8.90543815935739E-05 0.0324922831063447 -0.020222109813451 -0.0616914458617749
-0.0169694975070686 0.0355680766114583 -0.0092992806530715 -0.0628644061148428
-0.0485408725357163 0.0200798231101283 0.00830827397424679 -0.0600586949647659
-0.063084056274566 -0.0148937713357319 0.0301292136285861 -0.0571556848190977
-0.0366820359402421 -0.0605649024008946 0.0175268392688949 -0.0748296447897674
-0.000687894979006595 -0.0895386816755332 0.0142746435553393 -0.108800839370808
0.00522309215659429 -0.113592500677129 0.0481871951357824 -0.0306383425142944
-0.0362449296908379 -0.0796034474762835 -0.0189431895060969 0.015083273341565
-0.0727837167184737 -0.0336650492573307 0.0257908042997641 0.0786074017978862
-0.0675022304217914 0.0132953627329846 0.0860860227494204 0.0484826218298655
-0.0304905036517802 0.0454234253453039 0.0957506564278057 -0.0351844184835563
-0.00320548441689599 0.0456854207824548 0.0481452277752474 -0.0757298419631912
0.0193223544338286 0.0519715991545864 0.00188419225525948 -0.0768971813263372
0.0304246378868713 0.0472751143693521 -0.0240271044332551 -0.0520042128700093
0.0290639608033605 0.0534031050785665 -0.0273159410802743 -0.0462327497786016
-0.00158688014826416 0.0565083342112845 -0.0221355127036347 -0.0431693154966536
-0.0301451990160682 0.0568146034347225 -0.0188197479856453 -0.0488633009302252
-0.0798219595023034 0.0277420889647161 -0.00583924006019965 -0.0514874671515686
-0.0923870823438653 -0.0299384395074565 0.016500890076568 -0.0514477729503625
-0.04522324831189 -0.091575451405748 0.00327177398884926 -0.0630950996739559
0.0117874568007075 -0.125422673966636 -0.00474420516146251 -0.0820495016655528
0.024545597970839 -0.136646382726638 0.0317977495185789 0.00985512060503583
-0.027940962391492 -0.118974356621859 -0.0308553360239607 0.0408624133470244
-0.0954213618878654 -0.0694952528142756 0.013450867926515 0.09997201329174
-0.107152990908375 0.00336755500620004 0.0795086300079233 0.0739873042412982
-0.0571204410971061 0.0637734635107254 0.0971538218023508 -0.0138551613107298
-0.0125679971661079 0.0682821995610471 0.0510151846961462 -0.0522656348945788
0.0189741400512444 0.0741215569846236 0.0113535106654211 -0.0553612724078156
0.0359586784367347 0.0662713229848852 -0.0125284815154798 -0.0316575102304094
0.0371680915722244 0.0709866397695493 -0.0191614382459293 -0.0227120068365535
0.000792017703147808 0.0716875907444026 -0.0214052066217995 -0.0182500542276805
-0.0339702952828339 0.0721709333031136 -0.0270320605665678 -0.0285357445373029
-0.0958981268625288 0.0373394739473522 -0.0188303853111267 -0.0387230370885349
-0.110192080955917 -0.0337425050079181 0.00433321162788987 -0.0439791920249907
-0.0515909136198491 -0.106368911446735 -0.00275800954184253 -0.0468465068842129
0.0198514802336471 -0.143112375672118 -0.0203694783693023 -0.046024409959692
0.0399775838677658 -0.136785909776553 0.00833991454215856 0.0530996730014476
-0.00926703707267611 -0.137403737781268 -0.045975503674801 0.0663946030314493
-0.0954015148757794 -0.0979158813959138 -0.00628404906907604 0.111940777195794
-0.126285139655825 -0.0147362233894595 0.0600335293523733 0.0941876612941696
-0.0767467163817276 0.0670909201681595 0.0851925238549965 0.01256161520262
-0.0214413244589401 0.0787153652566182 0.0487657646297605 -0.0208085191128574
0.0150370923904548 0.0848934884848015 0.0198550199170657 -0.0258629951081977
0.0362943487189437 0.0754292612306047 0.000659615506617775 -0.00697887663282197
0.0404094564525286 0.0785824718474538 -0.00815700595879417 0.00368585226597079
0.00303651850438063 0.0774027846416866 -0.017198814421229 0.00864163180342783
-0.0327773295972834 0.0762896748374556 -0.0324780336633729 -0.00581965454731735
-0.0983018276742718 0.0387318452125387 -0.0289312554855703 -0.0248104910084616
-0.110960883897943 -0.0358508621056507 -0.00479830958847496 -0.0360165904522475
-0.0481414786608632 -0.107145109791809 -0.00243922397996883 -0.0298022842464579
0.0275979799719172 -0.139389381889867 -0.0313236605005204 -0.0071189787632222
0.0467024619483061 -0.111721905985848 -0.0148021526008571 0.0897842598827298
0.0115333487947992 -0.125721251892246 -0.0577400532773449 0.0859799667312054
-0.0726581291862753 -0.105105139670153 -0.0263841073078359 0.110968665298642
-0.117076493434749 -0.0320820871959344 0.0315450219799592 0.101969069310336
-0.0810354407519536 0.0554814712716626 0.0624728534833023 0.0377079851767988
-0.0260241416794 0.0746352172503516 0.0400121102255924 0.0120449446261065
0.00946308822583418 0.0816958988859874 0.0259422511387279 0.00628301381937157
0.0313778523112312 0.0729614417543611 0.0131550493593253 0.0178295760365852
0.0359547291884038 0.0747070625474733 0.00298200572167225 0.0293174613234651
0.00329035105843042 0.0733865202283459 -0.013312766158591 0.0338417657326461
-0.031339651077699 0.069954779542905 -0.0367276278187811 0.0145446570955151
-0.0903387872625879 0.0305760988669396 -0.0365173993027475 -0.0121574417986106
-0.0961526428292988 -0.0387884293489625 -0.0120298800708376 -0.0288611982442569
-0.0322543725554926 -0.0978178056007245 0.00037006631267745 -0.0152332993758009
0.0356159748075546 -0.116484270721969 -0.0396699447589305 0.028242012543671
0.041133956342392 -0.0669380831099691 -0.0335197339908459 0.115572912039415
0.0250723014134021 -0.0884194006017102 -0.0625095676265554 0.0964186298641773
-0.0398275778727069 -0.0867267263814443 -0.0399764748607658 0.0979808395031986
-0.0858405452801868 -0.0378665720322716 0.00545964298644868 0.0965247285675706
-0.0669313110250194 0.0358768765347146 0.0362527979814987 0.0549238666258116
-0.0234968657264116 0.0571336747690777 0.0282956014645298 0.0405149297004799
0.00426457853602633 0.0640874351935201 0.029492064314 0.0355222579437966
0.0218391275105131 0.0590787159477837 0.0238339372121152 0.0399457231518863
0.0261120192086428 0.061282739317939 0.0125905739483414 0.0518319281992707
0.000877653759918046 0.0605630227723807 -0.0116151588392973 0.0552104884705785
-0.029144911315518 0.0551728496435421 -0.0430327228469131 0.0321057173747404
-0.0753296039213215 0.0163470730689533 -0.0442675390917672 -0.00341894954948529
-0.070552135665391 -0.0416243551315883 -0.0187005505533671 -0.0251199311847879
-0.0112225958601669 -0.0793942476022906 0.00229636582543709 -0.00387678907345564
0.0415020078358158 -0.0779418661407444 -0.0475862943767501 0.0557313553372589
0.0276994206564621 -0.0107390242888788 -0.0393355596296259 0.123221831863538
0.0301616887183078 -0.0365879804080356 -0.0559058258107111 0.096735683571412
-0.00746186480291918 -0.0502088909694964 -0.0439293357248315 0.0798820573009597
-0.0424224006935122 -0.0309166843631572 -0.0119876233092871 0.0843016962678619
-0.0406443217757988 0.0147282865224059 0.015610960989248 0.0647303642154813
-0.0152662915385059 0.0321598182545374 0.0201098332072907 0.0585714200763585
-0.000711454769570847 0.0366740814658698 0.0310357095171032 0.0553299127966543
0.0095098139073252 0.0366317312389675 0.0311846330520974 0.0551839361290523
0.0128027908835601 0.0399197656559103 0.0173946943365841 0.0686747473206769
-0.00272570805104342 0.0417829729223168 -0.0137040970497621 0.0703623582738822
-0.0239244236919823 0.0360096927155302 -0.0513320867516917 0.0433240366513368
-0.0522987308012813 0.00167791520155435 -0.0534756184860813 -0.000878469369153537
-0.0390133391926492 -0.0380846143518329 -0.0258485030652406 -0.0267262323231312
0.0099243506649592 -0.0520649915822413 0.00250275147553066 0.00203375234948531
0.0424433001995791 -0.0298552682931605 -0.0553915488644805 0.0718745261955739
-0.0244814100560252 -0.0209767437885978 0.0500534414484025 -0.0830011126958348
-0.020273418675215 0.0156688813792583 -0.00881491172962657 -0.0183600626955071
0.00203073549428286 0.0253024359791031 0.0258881738688083 0.0368017416775909
0.0193446336333078 0.00725624080601163 0.0656591535657636 0.00851500423405482
0.0120704231017899 -0.00978300851888577 0.0675165087953589 -0.048248335553149
0.00401179696332747 -0.0106816574184955 0.0278362690457639 -0.085720447828911
0.0071223446833212 -0.0096092305305022 -0.0167995199287894 -0.0820003913733336
0.00725062761399069 -0.00867614840443067 -0.0358866205519168 -0.0634908848230034
0.0084735491065446 -0.00477527222433372 -0.0343486178813979 -0.0626065838796069
0.00788210498354493 0.00275450532672442 -0.0218214217604316 -0.0670080772290631
0.00739294561072969 0.0131297764469445 -0.0068986197100928 -0.0679283576260646
-0.00603446000758315 0.0227442940738891 0.0160353748456902 -0.0654039629562472
-0.0300392597165587 0.0154999411239933 0.0404508932018683 -0.063053809366276
-0.0338416856109236 -0.0142716234715735 0.0321102904204504 -0.0774315588961255
-0.0204277106194038 -0.0381198894804957 0.0252644021095299 -0.118081421572676
-0.0149610480192758 -0.0711840784558294 0.0514579411295364 -0.0628691469040706
-0.0345060604885348 -0.0293098923923046 -0.010600035186279 -0.00484535755988888
-0.0369481048195246 0.00225900351355684 0.030544065380488 0.0543690643213507
-0.0205777477345374 0.015720776316543 0.0787381808682635 0.0225788594454932
-0.00415070687686678 0.0183101930463786 0.0806064010375929 -0.0480319855266792
0.00337966176683606 0.0167728101511959 0.0364456221220207 -0.0864272278070178
0.0166609796174318 0.0209107641527363 -0.0110419461718107 -0.0840191505343067
0.0210760857297322 0.0191398557563007 -0.0332851244032284 -0.0607438868712711
0.0194336186794207 0.024968305903343 -0.0340295469207979 -0.0584874820808556
0.00166872527906202 0.0314919841960845 -0.0229227979584105 -0.0589894948711829
-0.014430947288512 0.035447422108691 -0.0114083759532919 -0.0611671322106431
-0.0462546423859924 0.0218582391179299 0.00654514963735882 -0.059033122820638
-0.0623993337133502 -0.0115182484565342 0.0284244748004073 -0.057021080172977
-0.0380591593012706 -0.0576297097818453 0.0151410210644135 -0.0725398493081936
-0.00388982191797119 -0.0872257972426292 0.0099261075675257 -0.105931295864771
0.000697816207866448 -0.110766519130092 0.0459354273133946 -0.0308152786784832
-0.0384011393493567 -0.076282729535507 -0.0179572414095251 0.0152906691163952
-0.0721499534093095 -0.0295726117609434 0.0269408404640237 0.0765001215978863
-0.0658110228251552 0.0158721545825543 0.085794555521134 0.045642831663549
-0.027392360000517 0.0456500497260446 0.0920012374448639 -0.0379974540166254
-0.00148351191368587 0.0446779687980135 0.0438556738729979 -0.0760323418896567
0.0214839372748985 0.0492120553073684 -0.00160949786987055 -0.0745850297987732
0.0318195909426951 0.0445771722539963 -0.0249409813625239 -0.049121209925234
0.0305422530215816 0.0499065424569212 -0.0288376250090078 -0.0428903716435348
0.000641662619444427 0.0549570887852553 -0.0237583894651977 -0.0413279973625298
-0.0269601427135376 0.0568769018081057 -0.0207187864136994 -0.04723903482732
-0.0765443883496401 0.0306211703889623 -0.00719290337609734 -0.0504999631614778
-0.0910209272118835 -0.0250971466978285 0.0146632151684756 -0.051123339894442
-0.0476678551269351 -0.0874977267782892 0.00196370954455613 -0.0608094565668794
0.00682955495374001 -0.122822242461742 -0.00743436485106637 -0.0796788422791867
0.0183290086691476 -0.133884343206814 0.0316720640137786 0.00959723106033617
-0.0321169859831162 -0.115574901104622 -0.029488145446384 0.0415267948809235
-0.0952459516164445 -0.0642818430607005 0.0153215690005142 0.0976201259687516
-0.104663879499701 0.00751812152310671 0.080514836460185 0.0707609356081809
-0.0526599437022865 0.0642573411054271 0.0933772952530054 -0.0172221940286263
-0.00953791994603919 0.0665850011453589 0.0488315635079283 -0.0529677064794064
0.0220119522672717 0.0711142642082707 0.00864968801665022 -0.0541957788047864
0.0383021186976335 0.0625241052849253 -0.0134409626820092 -0.0296819564045806
0.0392450329272116 0.06649313281512 -0.0200476795261818 -0.0207654885999355
0.00371114726657076 0.0700752924024622 -0.0217412531867004 -0.0172724222606355
-0.0298278911998262 0.071489245349822 -0.028022334232022 -0.0273313799376549
-0.0919824617276494 0.0406684080225248 -0.0198330779226498 -0.0375669050008919
-0.108634489524441 -0.0282675743958623 0.00275381725672586 -0.0433798623937096
-0.0547386692521469 -0.101495511837165 -0.00340531105152868 -0.045177968842285
0.0133118634856617 -0.140608959718819 -0.0215372605222526 -0.0435962220652959
0.0337213027110453 -0.134318863715229 0.0103415800694197 0.0523891505348597
-0.0138350018167462 -0.133443822224994 -0.0427454817685255 0.0664960663468127
-0.0956406649933237 -0.0913340191290454 -0.00395967055588795 0.109936456435869
-0.123944397910749 -0.00948166341176618 0.0618392614506992 0.0912836421863156
-0.0719718732449735 0.0682311785926349 0.0833185619113936 0.00954932333043773
-0.0175820866759895 0.0773040665758851 0.0470027987497644 -0.0219051533434635
0.018891840193886 0.0825968464475357 0.0186221820737502 -0.0258989343214789
0.0390520717909614 0.0716800693534246 0.000648481721946283 -0.00655183402587496
0.0425307526102216 0.0729377311617277 -0.00833088048605557 0.00388280777251063
0.00691799419171142 0.075245224618521 -0.0165518796103673 0.00889117439832715
-0.0286824916080717 0.0756428492941613 -0.0324923393465614 -0.00470746656930843
-0.0941791792770567 0.0423380190153685 -0.0291425432889773 -0.0233938915430435
-0.109372775355904 -0.0299560969233342 -0.00608712249034378 -0.0352569555710564
-0.0510907703120187 -0.102261960111543 -0.00290833224671262 -0.028448538379145
0.0208727103330062 -0.136316785822008 -0.0304826812799711 -0.00518408263342293
0.0409309814155041 -0.109904145813809 -0.0109552771564204 0.088972931312647
0.00733796096922597 -0.122838893195815 -0.0540863503892831 0.0853097666654645
-0.0738217182927668 -0.0998035234895122 -0.024018221041288 0.109225679961028
-0.116390303407891 -0.0268128315913618 0.0343662670493194 0.0996744046085725
-0.076513749777452 0.0572191176756372 0.0621474211617629 0.0346120104059784
-0.0219413657678919 0.0733947248207612 0.0402786543291543 0.0107622748257886
0.0131308801408585 0.0793811277086261 0.0260615408626451 0.00492196863916107
0.0342245130016674 0.0695063099774154 0.0136585924977206 0.0169838935543859
0.0386273172980444 0.0699807335037928 0.00352051332333426 0.0283068879986614
0.00647438489454247 0.0711049719310358 -0.0116076199483191 0.0329092558110086
-0.0271632523513927 0.0688141837160961 -0.0361251252566324 0.0154623343505204
-0.0866887704465016 0.0333371264187635 -0.03649396102416 -0.0108647136494558
-0.094509997310419 -0.0341535796892034 -0.0126369501690046 -0.0282313160061837
-0.0354828695365455 -0.0934506880625507 8.54608278016747E-05 -0.0142511541269599
0.0294725529328225 -0.114503207366767 -0.0376623264174454 0.0293048429036394
0.0372727170968146 -0.0662264688519223 -0.028173698174942 0.113772019354013
0.0217257343904443 -0.0871353846697583 -0.058255337784008 0.0950212011271462
-0.0412006882563788 -0.0833932657990801 -0.0378984714185588 0.0967784653181241
-0.0855502432372343 -0.0339090403107015 0.00875832447909763 0.0949362538909415
-0.0636312736368645 0.0376569830874133 0.0374698864067092 0.0524238914159736
-0.0199049518573637 0.0562905604006427 0.0300686371040561 0.0386647276368297
0.00693479265437894 0.0624670634143348 0.0305019577778197 0.0330271844815922
0.0240850192297453 0.0562797179632856 0.024867130939031 0.0373772807553282
0.0282988431055489 0.0579094802957297 0.0139947745508834 0.0492760506729005
0.00352574939820489 0.0592995503495525 -0.00849515368542845 0.0534697114359718
-0.0259633539196809 0.0550807808603847 -0.0407269751191674 0.0321676360144618
-0.0730211653649027 0.0190300042946671 -0.0441203229622095 -0.00222181506559346
-0.0702452513689951 -0.0374453449532326 -0.0192842873818239 -0.0244079174274052
-0.0139798176555397 -0.0766001926194202 0.00269393645900517 -0.00415404923804123
0.0370604029029803 -0.0776309734450393 -0.0442918371877864 0.0560545080607104
0.0266114812071895 -0.010843892684615 -0.0344984418300734 0.12213889927839
0.028265068517559 -0.0368056573068671 -0.0517999821607771 0.0959153499194894
-0.00885339928769442 -0.0489824684723483 -0.041493240700311 0.0793036248616863
-0.0429156653518632 -0.0285532016710419 -0.00874064570953956 0.0832290254985639
-0.0390054558370679 0.015826615511455 0.0182572514341027 0.0631340652516423
-0.0134929697594569 0.031366647698507 0.0229247035654046 0.0568966167849685
0.000777636350878286 0.0355761945545142 0.0331447449442293 0.0525092002445266
0.0111865335507329 0.0353779918124449 0.0323139226123373 0.0513787282220622
0.0147649671764534 0.0378442143323537 0.0189407210230767 0.064954361270657
-0.000569162704759717 0.0406673763292449 -0.0102501348938064 0.0682605923001367
-0.0218949383647991 0.035974187103411 -0.048636467020994 0.0435001609407592
-0.0514646517171728 0.00432548855926444 -0.0522564612595657 0.000709100685811471
-0.0394167275746343 -0.035695242630082 -0.0259728941896498 -0.0250631273543164
0.00760178633150547 -0.0509993860973636 0.00287426873695413 0.00187996808726966
0.0397831002291723 -0.0302091365012087 -0.0513261250355674 0.0719523173938996
-0.0245410499288291 -0.0209246196869033 0.0479164606342411 -0.0815596453331179
-0.0201282514079206 0.015349733973239 -0.00899234538689086 -0.0179356514147049
0.00201918077955608 0.0250210990051114 0.0257539326988275 0.0363742774935462
0.0191896344079852 0.00681699398055685 0.0646675343047875 0.00889747969943859
0.0116114932777173 -0.0102622317824238 0.0651501188187328 -0.0475713474067618
0.00330149345162886 -0.0107354977895004 0.0255662461741642 -0.0843203615687082
0.00678774758760791 -0.00993220308143105 -0.0174293065973615 -0.0794329782406324
0.00668965570458356 -0.00881521192314603 -0.0354082317988402 -0.0610176278468736
0.00820466831611194 -0.00499215947122711 -0.035070187208724 -0.0605576936867236
0.00797158197273013 0.00275695308276746 -0.0231108351239818 -0.0651544664690992
0.00798436214741898 0.0124799708867497 -0.00797675161731144 -0.0670424286889494
-0.00573208469689957 0.0217614638497897 0.0160575869658575 -0.0641699412230468
-0.0290013029967273 0.0160485954112925 0.0403672777517728 -0.0625985478922295
-0.0328461252426607 -0.0142576034596861 0.0311922230267889 -0.0751452503400709
-0.0198924337763605 -0.0375917250065908 0.0240007337049406 -0.115707954387855
-0.0157441210977167 -0.0694803406079907 0.0501833069262731 -0.0613631544669792
-0.0344581321825369 -0.0285875063589949 -0.0110837033038978 -0.00421172466209753
-0.0361685525513773 0.00287151298211173 0.0302990497397079 0.0538918107518502
-0.0201826258869783 0.0155907030817735 0.077895713826413 0.0227361985749507
-0.00386074145355245 0.01759761771701 0.0782705375141423 -0.0474406055931066
0.00316017919364987 0.0163745009909067 0.0337302367269605 -0.0852318651183313
0.0172341831224518 0.0194860494513664 -0.0123886223216856 -0.0815559916127252
0.021250997927453 0.0180032376832333 -0.0326271968515397 -0.0583485254942545
0.0193809669105456 0.0238214237067824 -0.0344418611597035 -0.0559755569683457
0.00198758867826702 0.0307726025729564 -0.023785868493953 -0.0577026150240973
-0.0131939971933309 0.0345815733751192 -0.0126217288264715 -0.0600333169931758
-0.0448812756003652 0.0222032458736393 0.00648096580347935 -0.0581683683990744
-0.0606699622141597 -0.0104394621544959 0.0281097947429444 -0.0563261713988542
-0.0373859407981901 -0.0560712226269321 0.0148150429640477 -0.0708611382018951
-0.00462920674322702 -0.0859408276591333 0.00923669483638541 -0.103793740687724
-0.000743808978159388 -0.108527040694722 0.0449690798931308 -0.029910852010531
-0.0388573325289029 -0.0749019692275838 -0.0178201592668548 0.0153215194300079
-0.0712182900809602 -0.0282435519568217 0.0263673728318153 0.0760815522072164
-0.0645301188430917 0.0165850713336087 0.0850705411069443 0.0452850005095627
-0.0261179456273298 0.044471062028695 0.0887273502092681 -0.0370843471408481
-0.00100373624493614 0.0435839254557829 0.0420906091431832 -0.0749787552808201
0.0225062406229414 0.0471952503310735 -0.00324189595828365 -0.0724755994929435
0.0318921323243522 0.0425025297893957 -0.024785853415261 -0.0466772476823178
0.0307104210094406 0.0479685234539843 -0.0295601549716962 -0.0410577718161898
0.00133974556226849 0.0533979058814368 -0.0246165528274115 -0.0402238529470972
-0.0252341548392029 0.0557850953315602 -0.0215833062309158 -0.04643769834392
-0.0747379478337517 0.031351075677548 -0.00748663061964921 -0.0493493564414145
-0.0891719979839294 -0.0233886939588845 0.0149044965952716 -0.0508664200266042
-0.0474447257926457 -0.0849254678218077 0.00200367541490881 -0.0589458659268512
0.00539155495694773 -0.120304201248754 -0.00797319654711453 -0.0771790566915121
0.0165166955185554 -0.130998012078501 0.0310370630212814 0.0101298448340662
-0.0324232691886649 -0.112939754875112 -0.028615966695054 0.0406591453200226
-0.0938884474292752 -0.0618647583931887 0.014394120998684 0.0964872997908566
-0.103020202355396 0.00887777929298805 0.0797205718630457 0.0701460761670897
-0.0506691708608781 0.0632464076392826 0.0906851418907623 -0.0171644933631768
-0.00852422817712784 0.0653722670215931 0.0475612366549925 -0.0528565110975369
0.0237789402302613 0.069140902045794 0.00740162358825433 -0.0528179315019739
0.0389727440359746 0.0604337085095305 -0.0133138386827543 -0.02857998645915
0.0395605344548867 0.0632225779841698 -0.0206456003987305 -0.0196106034959391
0.00496104202048207 0.0684559911080358 -0.0217017137696745 -0.0173281280885359
-0.0279288167067997 0.0700349088850277 -0.0286600305964159 -0.0267750198443763
-0.0894643740001351 0.0412373294281229 -0.0197090202286617 -0.0371782952617775
-0.106344566016747 -0.0260084835850318 0.00320843985274231 -0.0431986404633452
-0.0542379236155868 -0.0983711142213884 -0.0035412947074099 -0.043721766862573
0.0112651622963659 -0.137169613083973 -0.0216121595898694 -0.041741209376699
0.0311013494298763 -0.13106094418307 0.0111315463788375 0.052147142472092
-0.0153360731096266 -0.130783996761067 -0.0418478606980023 0.0654615156165747
-0.0941205522799549 -0.0884590490301742 -0.00409403855612965 0.108840881197934
-0.122090004462751 -0.00777117444554435 0.061357342828273 0.0905097295097345
-0.068837821914287 0.0675513699042532 0.0806731101951588 0.00888254338512026
-0.0163054583160959 0.075787460949354 0.0468076116345255 -0.0222114395372661
0.0203191654696716 0.0802308522473285 0.0175288684965161 -0.0256653935751576
0.0399254346237273 0.06871506954236 0.000306965138157369 -0.00609331147532222
0.0428542100510736 0.0697727290975335 -0.0085627751671109 0.00401168106933546
0.00800227931349162 0.073320837297506 -0.0163432516497777 0.00851298119769047
-0.0269982299318923 0.0741491967460033 -0.0323660318784051 -0.00486837393760114
-0.091951130010337 0.0432226433227241 -0.0290347123832841 -0.0232927921485415
-0.106769186776268 -0.0273976522220317 -0.00581076763010182 -0.0348144483939973
-0.0510390929452021 -0.0989583207330798 -0.00259955685576454 -0.0276927514759703
0.0185973509960651 -0.133883862779266 -0.0299944471875242 -0.00417011343532558
0.0389979835802818 -0.107171779439511 -0.0101211393854934 0.0877151502569371
0.00610860550697881 -0.120741240620308 -0.0525891357250839 0.0838243318114585
-0.0725817403774998 -0.0972958544779109 -0.0241918978835064 0.108114446219646
-0.114773432601495 -0.0255812095805731 0.0345339936030189 0.0987602870038702
-0.0739590104115332 0.0566251189999951 0.0608278288219172 0.0336902793924575
-0.0205315539765425 0.071618870356798 0.0403763704777764 0.0102769234327746
0.0148649387731871 0.0771384144281158 0.0252549735653169 0.00430032323577475
0.0352720055850707 0.0666372487248404 0.0135006176968273 0.0164241536152482
0.0390693343183665 0.0668712261478798 0.00341126986383138 0.0276249671173162
0.00755393836012751 0.0692200062429653 -0.0108540771208304 0.0320333285281588
-0.0260802850385932 0.067597637908267 -0.0357541880675251 0.0150178408866699
-0.0845762448693934 0.0345651408889042 -0.0361497182525848 -0.0106392080817853
-0.0927257620293216 -0.0319848723138909 -0.0126317983655788 -0.0280867672961679
-0.0355965162005805 -0.0908747747126147 0.000654941505217292 -0.014166219339477
0.0272023756712949 -0.111832270931086 -0.0365286903553027 0.0297904126783609
0.0362874418582758 -0.0643591400819626 -0.0270391307653917 0.112127991901187
0.0211360073068092 -0.0857682203166673 -0.0568592477234376 0.0938888867161767
-0.0405530369347302 -0.0819639207297982 -0.0376163212773575 0.0957237071109373
-0.0849309667786888 -0.0323298014766023 0.00896663358974429 0.0941407065726888
-0.0618067831887869 0.0370442082929697 0.0368103280267451 0.0516387220595302
-0.0186022215797077 0.0548743765738076 0.0310760281437017 0.037520759658684
0.00862713368134952 0.0608978798766753 0.0301619318401828 0.0316471868795766
0.0248313485038609 0.0549314145950476 0.0242807329946536 0.0361039880105105
0.0289161915618747 0.0553527360254361 0.0135860520076592 0.0474555587853352
0.00436806456863371 0.0579260546483831 -0.00755199270433512 0.0517571064967335
-0.0244019433007807 0.0541821653258545 -0.040020129365238 0.0312304379614809
-0.0709246974169792 0.0198880737929542 -0.0432094829173703 -0.0026347692457808
-0.0688163801105356 -0.0357926045940925 -0.0192078140116621 -0.0243849180626359
-0.0147634010033835 -0.0739826433948907 0.00282328400234512 -0.00381902573375194
0.0351067444360471 -0.0757868642443988 -0.0429246881427005 0.055724491699051
0.0260064490895805 -0.0103198780612155 -0.0331949715648669 0.120270570127189
0.0276923764160588 -0.0366482398211471 -0.0508330906313845 0.0937844033953225
-0.00854647273910096 -0.0481506351082849 -0.0416698620573804 0.0782355037951651
-0.0426635750242109 -0.0280982680738569 -0.00839205627117039 0.0828979085562131
-0.0373882101729884 0.0159269558969443 0.0184353506314558 0.061877062569426
-0.0122776843624207 0.0301963600291645 0.0237008062548127 0.0556140472157924
0.00189670110416126 0.0348564133873314 0.033394918739133 0.0503863536147232
0.011637042869757 0.0344626538022439 0.0316074942247517 0.0494496626447438
0.0146644105470679 0.0364072132538467 0.0192074559639365 0.0627532381417512
0.000289882226225829 0.0400250925606778 -0.00889415333225733 0.0659547101543074
-0.0211442413257598 0.0358516845497232 -0.0472676197099124 0.0425607401585179
-0.0503245505564144 0.00455647331863962 -0.0516406259788321 0.000685505241219197
-0.0389021471600494 -0.0342668750231182 -0.0262381205466504 -0.0248045912037273
0.00704541220152774 -0.0495794709345506 0.00321936043783594 0.00138217569200007
0.0387964197351037 -0.0298836519928099 -0.0492612192832346 0.0713484848418572
-0.0244429051647223 -0.0217066874759802 0.0486604666901221 -0.0804946378847226
-0.019921427581865 0.0153290329075688 -0.00964818852022886 -0.0174882522031235
0.00157591506716892 0.0253579634864029 0.0256778090640051 0.0373707302547702
0.0193536383912885 0.00731921137041917 0.0643481658825313 0.0100723330765206
0.0115303613434318 -0.00943456463643679 0.0656859748475768 -0.0466684191477325
0.00291755738867762 -0.0105309946230229 0.0253789049849795 -0.0844129821188741
0.0065664521356813 -0.0106056566527681 -0.0177336144731242 -0.0790737842886561
0.00680299001540765 -0.00896577959427578 -0.0349359664422797 -0.060765179162418
0.00839912695213022 -0.0048459385879895 -0.0353577314118405 -0.0600617987845716
0.00816877903037027 0.00243876823924175 -0.0239137003407617 -0.0652804557971551
0.00853853364257422 0.0126607914735915 -0.00759594083549409 -0.0670164398426301
-0.00570967085901546 0.0223186819755422 0.0174201489333321 -0.064636266162687
-0.0296332983648516 0.0160780445970317 0.0416681278262018 -0.0626481238811477
-0.0319559386537131 -0.0146913616861334 0.032420068152776 -0.0745101032981033
-0.0194615698477413 -0.0384134375598104 0.0250370725819538 -0.114989126073372
-0.0152794282529776 -0.0698206416822285 0.050677151809259 -0.0604658070424796
-0.0345694673335988 -0.0287461925790825 -0.0114625932640701 -0.00459785205805997
-0.0366846541919375 0.00299489580100432 0.0291382758042465 0.0547267211235963
-0.020123368636639 0.0159027012616113 0.077985908890202 0.0240992890890003
-0.00362361405458499 0.0178288420681699 0.0782997355785652 -0.046525706108132
0.0029705465425449 0.0165998871026764 0.0335044382084689 -0.0852104969627669
0.017234057841159 0.0185050587750197 -0.0129940516601638 -0.08082714076007
0.0211996388531202 0.017671670578781 -0.0321984116202196 -0.0579248618986641
0.0193166336994187 0.0232592626223142 -0.034732582083576 -0.0550200704828359
0.00212540202054294 0.030608352681105 -0.0245912975838566 -0.0576920383788068
-0.0131202522150813 0.0343766985073317 -0.012651011414633 -0.0608351640307971
-0.0450151465262241 0.0224915109902492 0.00780108505247956 -0.0581820249935901
-0.0604912697329404 -0.010366133510608 0.0296272624200915 -0.0566669533012699
-0.0366731653003767 -0.0567871400309717 0.0160874867372437 -0.0696284484843061
-0.00367417940312945 -0.0863033101528806 0.00981612400888184 -0.103418045155701
-0.000133728115508408 -0.108479284205705 0.0455290491884603 -0.028876567570743
-0.0387677475385642 -0.0752957990489601 -0.0184915597302854 0.0153306891266447
-0.0712981465901684 -0.0279722802497892 0.0252095215717225 0.0770356286178343
-0.064682930275469 0.0172048723960257 0.0848306808858518 0.0467339078359605
-0.0260881098137502 0.0442772310221647 0.0885592168455508 -0.036504361825088
-0.00135878054796304 0.0439268974564693 0.0422868128084757 -0.0749333103132769
0.0232192685382467 0.0467561238753043 -0.00386669400749903 -0.0720880855366109
0.0327919997663035 0.042109980026687 -0.0244369807486269 -0.0464893877422361
0.0303344020129613 0.046752970936927 -0.0301093679321582 -0.0400216309808133
0.00134093603135002 0.0534965744493656 -0.0250674955252936 -0.0404119935187823
-0.0247950274355649 0.0555091792289192 -0.021596397937841 -0.0468882492955407
-0.0747349231179626 0.0313525093081707 -0.00643772587838319 -0.0497593567379564
-0.0885616032752891 -0.0233687166843521 0.0162308606183355 -0.0509564915249622
-0.0463947159314116 -0.0852396609197064 0.00338267859607887 -0.0581891213465695
0.00577269675854268 -0.120564704727289 -0.00782521219805452 -0.0767056995556698
0.017108966398927 -0.130772033803641 0.0316478421217445 0.0107179814713774
-0.0320275552059859 -0.113521199331432 -0.0298129165935176 0.040185604770582
-0.0931016116148803 -0.0620283131404138 0.0125311724966401 0.0978111480944873
-0.103786057193297 0.0090694130477143 0.0797766437454644 0.0721562656820321
-0.050361861685457 0.0628497567589178 0.0905113168085246 -0.0160704945277382
-0.00880807151029511 0.0652168591146847 0.047673172076412 -0.0524866997994988
0.0242689273656109 0.0687188540028684 0.00706335206684978 -0.0524100711553758
0.0397896174379144 0.0597218768177911 -0.0127740644991371 -0.02843176970453
0.0391887660208921 0.0620846901142079 -0.0211496497929575 -0.018802678701422
0.00515842439196638 0.0680498624939304 -0.022529147742053 -0.0174893410725136
-0.0278393938688499 0.0699533659066337 -0.0291998692247057 -0.0272643528991332
-0.0896052503607684 0.0419992243540785 -0.0195283344171277 -0.0375158634511634
-0.106435922504599 -0.0260785934964724 0.00388127021818914 -0.0437381724843614
-0.0534990444973732 -0.098451185794259 -0.00253388326971476 -0.0435172068449276
0.0120445133378756 -0.137201392875697 -0.0211493454173387 -0.0412098318463301
0.0324637180924596 -0.130140281335784 0.0108884208165059 0.0526064176017195
-0.0142209953133755 -0.130879948386411 -0.0425238591265822 0.0645761977096266
-0.0932824639524232 -0.089557367375236 -0.00665782052483315 0.109944916980897
-0.1234005778142 -0.0078456284863143 0.061359023446266 0.0929009143840479
-0.069262382761329 0.0668774753218361 0.080671770542741 0.0100516156713067
-0.016330833427564 0.0754110366863745 0.0476790282779596 -0.0219715513228261
0.0212286917698 0.0793733927830596 0.0170186211925068 -0.0252052943234516
0.040494482736174 0.0683069376756008 0.000608120765140612 -0.00609540550612037
0.0425931700286337 0.068535195523007 -0.00903383988837821 0.00452441802183535
0.0078798203367691 0.0733449313987562 -0.0167848494319086 0.00777671715636811
-0.0267814695280685 0.0733881822171001 -0.0333511796560967 -0.00564226291269401
-0.0913279205901077 0.0432128989612364 -0.0291571519820264 -0.0236917904891062
-0.106263814489581 -0.0277381146492537 -0.0048021894826189 -0.0358521356113174
-0.0505226893789122 -0.0984549156228531 -0.00117283509145358 -0.027856850374351
0.0188784485455535 -0.13330592776171 -0.0302154488439951 -0.00369208224011958
0.0397585932568368 -0.106552495903664 -0.0105714338710273 0.0883299691534165
0.00745275447554061 -0.120972654026936 -0.0536663636742449 0.0828042733061355
-0.0715817746798217 -0.0977639927401196 -0.0270223951893426 0.108126428201842
-0.115180723594427 -0.0251479613492982 0.0337981522169756 0.100401997474832
-0.0740582765919683 0.0564101048400631 0.060487323814933 0.0345694935961074
-0.020455147225659 0.0712948246620347 0.0410509591377006 0.0103935219078562
0.015357757556813 0.076959729778613 0.0250243208103547 0.00407337799451598
0.0355356665558125 0.0665499460386274 0.0137250454316792 0.0164249513585271
0.0388592293564785 0.0659538316328167 0.00303690322939083 0.0269759157454212
0.00760730135732147 0.069518543707902 -0.0109754589878188 0.0309724303008443
-0.0256783153196895 0.0673829808130876 -0.0362217875895587 0.0142701340150698
-0.0849825083175004 0.0346038379340491 -0.0363497929773416 -0.0115659913247943
-0.0925651293048275 -0.0319384020452127 -0.01204448884812 -0.0285673593256334
-0.0351702162835314 -0.0901223440277528 0.00131309449257796 -0.0142275673563429
0.027396897876112 -0.111271085381524 -0.036950285257854 0.0300418445743298
0.0368808276381569 -0.0638388108152308 -0.0278087504988255 0.112560304870655
0.02181641083547 -0.0855682236385155 -0.0579115280873054 0.0929099700947084
-0.0392733999758181 -0.0821305136130244 -0.0406263585324343 0.0954057314297588
-0.0854409958336243 -0.0327846173166815 0.00851683731332178 0.095477421695715
-0.0617629004467383 0.0373275180661568 0.036249277398446 0.0516956872199451
-0.0188813226295808 0.0542852472813086 0.0319507284140216 0.0378472062815411
0.00931646091341966 0.0610725207140097 0.0306479517151312 0.0311163877260158
0.0256222415632371 0.0545181860607769 0.0242845154707901 0.0353806925692263
0.0290091533626039 0.0544647150324631 0.0129611884192835 0.0469224535809292
0.00470974964113264 0.057903850442669 -0.00760374928993524 0.0505900183084987
-0.0248249505808422 0.0537486508199789 -0.0406614113489018 0.0310964452043177
-0.0711785396097761 0.0198714676297649 -0.0436871875286293 -0.00289739168461565
-0.0680874699029281 -0.0358143353034769 -0.0186637170796706 -0.0249881346330048
-0.0136960335656303 -0.0734585041290243 0.00353992534585078 -0.00466608468925921
0.0355928616114403 -0.075298937889038 -0.0430560495274222 0.0558405043754824
0.026345983773612 -0.0098764171129542 -0.0342074273072915 0.119166287780353
0.0286877187982173 -0.0366098290185485 -0.0518096386710739 0.0926834827746159
-0.00802159483355421 -0.0480234505383488 -0.0436630911169053 0.0779424115019888
-0.0429545668096602 -0.0283337579342847 -0.00887836591008289 0.0831038436755564
-0.0377241170241516 0.0158622951503246 0.0182060906408952 0.0623910372609714
-0.0124475435458967 0.0294631423660977 0.0251372233439742 0.0558897871592235
0.00199987398260207 0.0348587415249153 0.0339834791686319 0.0500477117979875
0.0118988303642666 0.0345715153975408 0.0311412268242615 0.0487928461332106
0.0151511781572617 0.0361363459583115 0.0186875929545718 0.0616378799280222
0.000539905383121065 0.0398701792977182 -0.00896116462406602 0.0649204161063502
-0.021301465151563 0.035508811224613 -0.0480391659510582 0.0418535679590239
-0.0507988367027841 0.00482736903174857 -0.0518593745098171 -7.45929293220496E-05
-0.0384506892738855 -0.0347207947829011 -0.0254766334299499 -0.0258308769035679
0.00749542334291136 -0.0489052386721586 0.00392551748451211 0.000813412874626137
0.038620583309705 -0.0294434393524348 -0.0497417178769941 0.071367771652032
-0.0253205572040458 -0.0230137899148651 0.0499869816390513 -0.0822056918351996
-0.020534243062744 0.0155641375874205 -0.0106370985644889 -0.0183278884755852
0.00135276719847956 0.026765611973759 0.02603439127788 0.0388113278709415
0.0200029032863534 0.00766361462507587 0.0663483184605112 0.0115037141750016
0.0121058301146021 -0.0100641112768248 0.0672474773076825 -0.0477720517451081
0.00308076453903202 -0.010526971882564 0.024912212772154 -0.0863580660550071
0.00647920922606888 -0.0107979904346822 -0.0189483107559005 -0.0804595548993426
0.00705386474527838 -0.00923630146887889 -0.0359144990478343 -0.0618564068190395
0.0084544860805533 -0.00518021325001506 -0.0369813439052002 -0.0604753455624405
0.00840663718650633 0.00257398658066164 -0.0256590643712042 -0.0667888974492533
0.00918745247812995 0.0124015044212424 -0.00819871090302139 -0.069406519302112
-0.00583379150253015 0.0226872492618589 0.0190139822463708 -0.0665904276339027
-0.0301418235188372 0.0168184839469104 0.0436002810985273 -0.0647646765283516
-0.03257120828731 -0.0160718298390963 0.0334925501013273 -0.0752948639382454
-0.0192373825872304 -0.0401257084321629 0.0262226423803201 -0.118406326429918
-0.0161943876102088 -0.0719446787145859 0.052356738410703 -0.0615747644902283
-0.0354253212713006 -0.0295245722239324 -0.0122325580785074 -0.00486849801216842
-0.0378551165869397 0.00389317854614972 0.0295893199280045 0.0574511468771307
-0.0206123472349544 0.0166146945936697 0.0804784948431698 0.0266161884380415
-0.00352305977887057 0.0181264567813057 0.0799059969636589 -0.04725403571202
0.00262693183856638 0.0169836437025465 0.0334293911326444 -0.0876777552823827
0.0178577573491522 0.0186558796189136 -0.0140344697987443 -0.0822431100731614
0.0223292984163037 0.0178818186752316 -0.0323020626247038 -0.0589226083721305
0.019915093403006 0.0236931108110571 -0.0365882604095029 -0.0555135495788477
0.00208310767074038 0.0313121276080577 -0.0260918773627151 -0.0591082083323989
-0.012890204976692 0.0349452788936828 -0.0135579434768037 -0.0630021402949379
-0.0458834049727573 0.0228915188400967 0.00898306606420705 -0.0598517464410884
-0.0621901458267496 -0.0105180339719606 0.0316604900332516 -0.0586766708424177
-0.0367745899227457 -0.0590064868572424 0.0167524030667986 -0.0707247344163359
-0.00364317268143035 -0.0890557584363083 0.0106089043966361 -0.105492548575084
-0.000250383434759407 -0.111675918928758 0.047510493185951 -0.0288200572535209
-0.039737228440178 -0.0770801627497004 -0.0192441974682923 0.0153212034463349
-0.073329122221941 -0.0286752107335076 0.0252126730991207 0.0805383457940408
-0.067081664258302 0.0183129613848844 0.0876570107568149 0.0496319632186353
-0.0264451094245089 0.0451832599430343 0.0903692863288333 -0.0365050306127492
-0.00170123897184403 0.0450729137429456 0.0429487768777208 -0.0766776198965282
0.0242359685967089 0.0473790220535567 -0.0045539981593897 -0.0731201845930708
0.034253105391826 0.0423744127575861 -0.0245520303136777 -0.0475003820230293
0.031640388279487 0.0474830628053264 -0.0313040596092411 -0.0407278531595836
0.00180878647812185 0.0552260685632194 -0.026600015332117 -0.0416217122462542
-0.0250401858412475 0.0566688435904245 -0.0228675799427726 -0.0487979317802316
-0.0763368836503849 0.0331901092564465 -0.00582450180490612 -0.051478426245483
-0.0907406068997622 -0.0233592775406512 0.0178411759955259 -0.0535486861480489
-0.0471218329999031 -0.0872933679986947 0.00422133451252499 -0.0593922730894935
0.00646966528313384 -0.12414452718817 -0.00739541433389323 -0.0781074043221417
0.0183584477881849 -0.133799313324416 0.0328863542188971 0.0115695273959201
-0.0329607948527576 -0.115987287339648 -0.031331675467629 0.0409554972272006
-0.0961087014837657 -0.0640012933557533 0.0117544071837157 0.102112802686696
-0.107317010956296 0.00991471011037251 0.0825545953141825 0.0761964394342483
-0.0512447003201506 0.0644713953418404 0.0925019454556503 -0.0151988613206372
-0.00892603259610552 0.0671273036625267 0.0488757684646441 -0.0540396832209922
0.0258363015327105 0.0696579108166549 0.00657441164932078 -0.0531735450832981
0.0417277748420318 0.060681135641728 -0.0129167553555406 -0.02885146889246
0.0403841059738369 0.0628430494877676 -0.0220990840091275 -0.0191418856690197
0.00567300037775117 0.0697561900472742 -0.0234884298029138 -0.0181767406359494
-0.0279735577200301 0.0708974666685782 -0.0306095304581958 -0.0284293867931025
-0.0918678612430344 0.0439097756003857 -0.019389697033783 -0.0390565264590098
-0.108800979161693 -0.0261159549041122 0.00526059262133456 -0.0458201539078559
-0.054967347006533 -0.100977988877022 -0.00153411528314152 -0.0444014436708289
0.0121917254087433 -0.141060097333759 -0.0217686042831524 -0.0418178728377221
0.0336065781631018 -0.133202149594341 0.0115077544032356 0.0543822915747188
-0.0143732120970541 -0.133914671285218 -0.0444952917202903 0.0659879837688003
-0.0956588951826042 -0.091966425116585 -0.00884755642283792 0.113859635567154
-0.127326571827949 -0.00739957099030516 0.0630050642384245 0.0968865450742453
-0.0703817387823825 0.0688469493797475 0.0823663577899491 0.0115957863662977
-0.0170213158169817 0.0775809237629007 0.0492866774398743 -0.0222934649688705
0.0228765885345355 0.0810376577640875 0.0169032527314278 -0.0258387338143902
0.0424385009636887 0.0694047576206735 0.000723513197452169 -0.0062506935491376
0.0438520095767189 0.0694933226947603 -0.00951960551661005 0.00440366991722059
0.0085659665366598 0.0752297259653948 -0.0174687210494634 0.00750050677686783
-0.0274737675596842 0.0752860343471596 -0.0351797805783826 -0.00623800444247272
-0.0941543386597375 0.0453112176706855 -0.0295537009374671 -0.0244511100357683
-0.109136046300226 -0.0279693073544969 -0.0043377377119813 -0.0378032490662599
-0.0510754682980627 -0.100989117662542 -0.00128328841347793 -0.0285185953474527
0.0193376377377434 -0.13682847023809 -0.0310553463336624 -0.00300967669156014
0.041663530419707 -0.108427482434391 -0.0110922223656587 0.0905294248279855
0.00790937642960854 -0.123999179889009 -0.0562609196336075 0.084482157709704
-0.0728808374155126 -0.100816534795144 -0.0296750867499538 0.111828898472656
-0.11945676053553 -0.025862492275233 0.0349742159130728 0.10474165667853
-0.0757140078085756 0.0577009787190566 0.0616658120970071 0.0363125153697399
-0.0212398713470223 0.0729122230734007 0.043103759715762 0.0106755507622746
0.0170046708422755 0.0782774505956175 0.0258161588228682 0.00417317321564679
0.0378774824404476 0.0678501978385512 0.0136060624999973 0.0163610876146705
0.0403077622680824 0.0666313345251499 0.0028320358538495 0.0277832068780829
0.00824334047842576 0.0707039040429431 -0.0115581414323195 0.0308805245035307
-0.026310202665628 0.0685351105201035 -0.037869023473693 0.0144289152123511
-0.0867581956543018 0.0363541625378739 -0.0374816320538808 -0.0123459951778947
-0.0946496985013334 -0.032389503060026 -0.0116889612154125 -0.0306290954055538
-0.0353771589641587 -0.092005915870822 0.00190062842833384 -0.0149870885543155
0.0282592382149796 -0.114106859627269 -0.0378979649078762 0.0314160337169487
0.0383020195238437 -0.0645813847217561 -0.0291111551899137 0.114897141167253
0.0233891532718127 -0.0882727997901639 -0.0609043471053871 0.0943838431362055
-0.0408317746649289 -0.0847377125246438 -0.0428998278766037 0.0980740490269202
-0.0880792107382884 -0.0331992475524371 0.00832917975252968 0.0989188206142688
-0.0633806395905877 0.0382422481694494 0.0375627550368907 0.0543306979265586
-0.0195660876278945 0.0556376831696742 0.0337249585716384 0.0391730660753258
0.00975906324169508 0.0617212487032112 0.0315653320541846 0.0315749951242303
0.0270819694940695 0.0558301204334612 0.0249762474899957 0.0358879582123138
0.0299999649364407 0.0555304789349269 0.013007677705244 0.0474990136328254
0.00517734371672311 0.0591777437730782 -0.00786583243653445 0.0506148683731355
-0.0251261882547803 0.0550603202866214 -0.042533881336826 0.0310300574317681
-0.0731707302054407 0.0208150243323939 -0.0448715410030047 -0.00362907259866622
-0.0698447185994161 -0.0364064198686108 -0.0187614151390784 -0.0266085662107244
-0.0138456481558509 -0.0751218627890331 0.00382656473046327 -0.00513418309168635
0.0363736309919991 -0.0770110917123425 -0.0442210715023735 0.057625040479837
0.0275777886207324 -0.00947068762733173 -0.0360061763231739 0.122336803107677
0.0294914759425862 -0.0372590988306949 -0.0541313367396572 0.0943826649622931
-0.00802844017424775 -0.0498123517822589 -0.0464709713799525 0.079901606594497
-0.0443313636303387 -0.0286631017995941 -0.00955025556034151 0.0859349320833381
-0.0384633716155549 0.0162934059982857 0.0189297521472605 0.064121039353581
-0.0127813347616757 0.0300532332219918 0.0266703074953554 0.0574641685459507
0.00204247564464755 0.0358082310577083 0.0353980827950412 0.0506912173374357
0.0126629025471169 0.0350067202002065 0.0322474319535432 0.0493673291112228
0.0153610911460178 0.0369771866613394 0.0188556259825494 0.0625976675073482
0.00130338932384754 0.041050009144526 -0.00930724510635285 0.0651502810313482
-0.0214427686070889 0.0365245356283706 -0.0494689662301095 0.0421340324812741
-0.0523903288407937 0.00518596360734015 -0.053733132878053 -0.00109045432333286
-0.0391582649262269 -0.0355150872855084 -0.0259093315279027 -0.0271264626715902
0.00840397439390163 -0.0496964907133741 0.00422626624459278 0.000480795947706749
0.0393401153922614 -0.0300057123331859 -0.0508163603168988 0.0733862220972285
-0.0292977904521137 -0.0218028507103948 0.04887874777216 -0.0894140758214331
-0.0197918518256068 0.0176469094332605 -0.0140723504569907 -0.019715015386934
0.00489704700469836 0.0273719858348856 0.0272037373189865 0.0395863962122516
0.022756157427834 0.0050702152899229 0.0684829100462437 0.00950822581653707
0.0110882142312865 -0.0127840821132927 0.0665456720144809 -0.0528939176947837
0.000947629670792981 -0.0121545099252947 0.0189574885070755 -0.0901630237069656
0.00452483369675842 -0.0127224789201057 -0.0259198640541666 -0.0795597394531501
0.00583208068928679 -0.0107674849780314 -0.042071200457171 -0.060170556220251
0.00767510610737827 -0.0060150890765069 -0.0440573647265635 -0.0604630458660701
0.00995911870665886 0.00223761055640583 -0.033641665491931 -0.0692608445865539
0.0117953725139243 0.0113849661094365 -0.0144685373616403 -0.0733219514317657
-0.00246789473789339 0.025364888001166 0.0157863812122725 -0.0741664684840713
-0.0284420571363523 0.0216493592206617 0.0439365389868359 -0.0734827385301045
-0.034187996270468 -0.0140255318174491 0.032518637210618 -0.0792116173894945
-0.0220797601900348 -0.0409707636794768 0.020968240214779 -0.123545901607955
-0.025402692227674 -0.0727732549601016 0.0562889401680812 -0.0668890772560161
-0.0393184092993335 -0.0258229174335592 -0.012264149489818 -0.00651646750653644
-0.0374239466897913 0.00867200178210051 0.0342003183246527 0.0548516354041986
-0.0181520246596927 0.0195727883810463 0.0842257965650632 0.0201751198549403
-0.00150615741319441 0.0171439786250037 0.0779271067334028 -0.0545424433429723
0.00343231134199765 0.0161515985177324 0.026643044687692 -0.0924241745624081
0.0204190007196268 0.0160989239454076 -0.023284316136009 -0.0828310387370976
0.0238935902702346 0.0155245682577753 -0.0386201866760308 -0.0572420334622307
0.0224556365291341 0.0219471569250378 -0.0429672048766863 -0.0548377170605742
0.00618207512824588 0.0319529929362304 -0.0340308389793008 -0.0615169952358296
-0.00844447296676709 0.0368091306232557 -0.0197959326129111 -0.0668374888883477
-0.0444522993097972 0.0297244286957712 0.00738433493779322 -0.0669578364705153
-0.0642267065084523 -0.00362529949456287 0.0332282596817353 -0.0658705208861956
-0.0427151744720882 -0.0584362474839478 0.0137302016816664 -0.0710618172502635
-0.00945832258371368 -0.0943435683567412 0.00240922106803344 -0.106759904862646
-0.0136023688070265 -0.113894934361803 0.0556319321566643 -0.0315301847008764
-0.0491111978616348 -0.0734178260967084 -0.0153008421690993 0.0151098221196688
-0.0769938269748595 -0.0199019878205202 0.0342516965417665 0.0766881406305763
-0.0648831081648314 0.0270518446636847 0.0942134116144371 0.0402970835225749
-0.021099252063883 0.0473553748711621 0.0871316224229707 -0.0454926170391007
0.00210499406504778 0.0451826708092741 0.0358715635380727 -0.0825154680728055
0.0302218290699863 0.0447453669528054 -0.0150320235337 -0.074869969286964
0.0389243317909696 0.0396505375062016 -0.0294855416537481 -0.0458534437728295
0.0369857038596612 0.0440664904393586 -0.0369111551218538 -0.0394557483750318
0.00843363964235907 0.0560022718207685 -0.033140894993174 -0.0430803843552836
-0.0190632560636259 0.0596720914975369 -0.0294402307135647 -0.0516284731669216
-0.0744774667425203 0.0427927499961662 -0.00737146044774733 -0.0572733589542007
-0.0950247028345954 -0.0144534432623787 0.0204635192084477 -0.0590660187840092
-0.0559312887569626 -0.0878394889041624 0.000162365178420689 -0.056765328180445
-0.00186112730384069 -0.132733675244269 -0.0171510317138503 -0.0752442598497249
0.00353407157781585 -0.137653125792419 0.0445980884018515 0.0126416330196229
-0.0454809873750011 -0.113391493329186 -0.0225397326618686 0.042470380810407
-0.104120999232349 -0.0531561146937221 0.0248989004225325 0.0974295476175574
-0.106764338285016 0.0241296634376709 0.0924040817549903 0.0645880456977261
-0.0442889328602153 0.0695959367584982 0.0898931224891437 -0.0256670737647764
-0.00335576885347464 0.0685948938519862 0.0433529643618144 -0.0598762509937542
0.0351645187880745 0.0678181107346587 -0.0031646979119729 -0.0571290098559658
0.0476302445440845 0.0577112515429585 -0.0157141080989693 -0.0277143349687534
0.0475765451424899 0.0590379416903912 -0.0249854636791806 -0.0175520769151469
0.0135300341164079 0.0710671646724524 -0.0282874534846279 -0.0194888138384283
-0.0207948908741974 0.0751148917921872 -0.0365545792585544 -0.0301375728019417
-0.089378477246601 0.0550448365768294 -0.021159891042337 -0.0438005373984517
-0.11419627681943 -0.0156964349261511 0.00824817502800771 -0.0505594589030828
-0.0652251602625456 -0.101017993680494 -0.00463311507676248 -0.0396738614598837
0.00256399411546631 -0.150816061823713 -0.0307789489688343 -0.0351635027836412
0.0204323561576292 -0.138037071996734 0.0247737444147072 0.0591678643992587
-0.0279707165616731 -0.133789443400792 -0.0340305215603541 0.0702572885277213
-0.106976249579162 -0.082097056755536 0.00690265155052877 0.111510762306855
-0.129115610406581 0.00898585070152038 0.0756843836923718 0.0862378110720086
-0.0631434662551946 0.076297298426708 0.0810751917389103 0.00167297359172382
-0.0101693696213558 0.0800645408557855 0.0461298004942257 -0.0282919718512584
0.0337972891599671 0.0800723178951237 0.00936890694586571 -0.0304975775795304
0.0499070833712966 0.0669262405473401 0.000140501041103122 -0.00552510885695314
0.0524188599324032 0.0654764699932535 -0.00992726549222083 0.00604778634682876
0.0169272641504687 0.0756250118621108 -0.0197653192942968 0.00678911387460012
-0.0196683338188518 0.0787189939128515 -0.0396635654313819 -0.00613816894923759
-0.0914640827704022 0.0569814422534014 -0.0312696848566935 -0.0280275796796565
-0.114987818468526 -0.0176722647094388 -0.000986801892102535 -0.0408993701160161
-0.0614716554632639 -0.10101376039484 -0.00347760335799361 -0.023488299399406
0.00955983796100436 -0.147574452453133 -0.0389324825866567 0.00600208641869284
0.0317139322973692 -0.113235006574439 0.0014815835063351 0.0979188948009371
-0.00367862427711517 -0.125257360164065 -0.045326890557788 0.0914834704600472
-0.0850791983352908 -0.0935554463272002 -0.0144384978229422 0.112885031012296
-0.123565267051972 -0.0105065025667602 0.0482775603982519 0.0967782511720046
-0.0694402101632023 0.0660625390787259 0.0621010178684587 0.0283663724074055
-0.0148437879259465 0.0755225389615702 0.0424740976133081 0.00647056853445565
0.0275336801024199 0.0784380227802771 0.0216248602185475 -0.000797359007337354
0.0446752894645917 0.0658374650223526 0.015421636929544 0.0166903981209106
0.0483924823274328 0.0632343121881635 0.0051440638106417 0.0287914909937302
0.0160886701597441 0.0717866531826584 -0.0114713200551207 0.0312424459465338
-0.0197029573584098 0.0720392539867761 -0.0407822842305123 0.0161636396114856
-0.0852091923019508 0.0462632345741082 -0.0390515330213503 -0.0135857349635774
-0.099909443917082 -0.0243918063479323 -0.00938406172860438 -0.0320571139133937
-0.0442462602694799 -0.0928978215575284 8.24619713120409E-05 -0.0105876302585256
0.0206334046450704 -0.123518317763591 -0.0437813847594427 0.0410757412522578
0.0338075513314742 -0.0685784399976557 -0.0198188143672227 0.123192521751877
0.0157185175335272 -0.0899067289128729 -0.0516372663605615 0.102625182626339
-0.0497575019729443 -0.0811685083483451 -0.0312458858291552 0.101910992902683
-0.0928108129328955 -0.0219644647494208 0.020009740577188 0.0954559295044233
-0.0592718101069948 0.0451292203700171 0.0400574535216574 0.0489445244232237
-0.0147245764581515 0.0583939282072583 0.0357492648291864 0.0363241824849133
0.0180010419697211 0.0629322469926691 0.0314985172336634 0.0270285065456617
0.0327203572602898 0.0546076332953516 0.0274015766068679 0.035563058571494
0.0366310512402997 0.053305814129547 0.0171379856617517 0.0485246461341573
0.0113452615167412 0.0599711439332342 -0.00607304315859642 0.0525491894433535
-0.0201352799404033 0.0584358168780592 -0.0438118508976076 0.034458781587288
-0.0731764106335519 0.0291278577592458 -0.0463334073196459 -0.00334704536114458
-0.075070306875969 -0.0310909292483653 -0.0177563908230736 -0.0267145840851052
-0.0199606845824427 -0.0770087912195237 0.0024030883560529 -0.00211977612251731
0.0317888618059999 -0.0850014879609335 -0.048261506573803 0.0664911030731553
0.0289748113173727 -0.0114487722798316 -0.030746774570352 0.130543241644529
0.0277342212140973 -0.0395664162663639 -0.0483249968038906 0.102074954199934
-0.0131172620541309 -0.0490030040869195 -0.0392736033442807 0.0850816399170696
-0.0480741651164086 -0.022862044876869 -0.000337059504015243 0.0867645445359488
-0.0363430462660586 0.0212296342734854 0.0233967598987322 0.0623164687073559
-0.00951364348374659 0.0313256780331949 0.0312293332670174 0.0566231168606446
0.00729618564134398 0.0369659675144163 0.0390774846279192 0.0463382994199874
0.0165880863717593 0.0351339021960953 0.0362665070722775 0.0485302233165689
0.0202033555055399 0.0361248933390974 0.0245830855607945 0.0636324188864083
0.00509178505852504 0.0420579960842219 -0.00549457805737133 0.0677692469365609
-0.0186560752543474 0.0390237674190653 -0.0499995830213733 0.0473606942171751
-0.0537011687528497 0.0102351445052711 -0.0559521071358605 0.00140954823475671
-0.0436596958234547 -0.0330913493371133 -0.0270619123478626 -0.0266049610875935
0.00494983953482729 -0.0521979905004915 0.00301422774256607 0.00191351877485112
0.0388430614992467 -0.0353413659290202 -0.0528766702285561 0.0808169358512146
-0.0317961625898258 -0.0218207445822492 0.0467900859945843 -0.0941889274607457
-0.019593547128181 0.0194299959966362 -0.0166316042993105 -0.0194368532897117
0.00664989087175333 0.0287333099580807 0.0296716342392665 0.040478437810626
0.0239669060295725 0.0038258710263177 0.0712529944455595 0.00753936396718344
0.0109001306521645 -0.0133903085071128 0.0663516846218226 -0.0566331665075755
0.000238852438751993 -0.0116824559287162 0.0142987170870167 -0.0928869575546915
0.00376091514983249 -0.0139722602146761 -0.030460895965326 -0.0796720383187035
0.00493954373899541 -0.0117621947048381 -0.0459712381035187 -0.0594677442455585
0.00792194672098252 -0.00708125169036642 -0.0491587774123792 -0.0591020039086456
0.00994607253976125 0.00148660465726522 -0.0387573648966605 -0.0688190330550479
0.0126777273624238 0.0112401608872545 -0.0190445854252942 -0.0752691488458546
-0.00155487139405089 0.0262063190247583 0.013993024920329 -0.0779139686226253
-0.0277769627776704 0.0240864691433474 0.0421754737832606 -0.0787013963230215
-0.0360476730968289 -0.0137038262853861 0.0307734646352435 -0.0817926766787783
-0.0247430788581519 -0.0417171097837171 0.0163476658698922 -0.127946135221645
-0.0298464524028427 -0.0743195604571777 0.0556457444971799 -0.0711960071091611
-0.0425227764009268 -0.0247588077291071 -0.013767464649053 -0.00588464362183885
-0.0379238551268869 0.0114408112465585 0.0378988739242381 0.0558576495767373
-0.0172306564688846 0.0217234649294007 0.0883475543784405 0.0180398356538721
-0.000492309014119589 0.0178999967477134 0.0774855949263988 -0.0587676745866182
0.00433613931464331 0.0168457501255473 0.0221583233184379 -0.0956166656835034
0.0214724581599754 0.0149456357223405 -0.0283405914370805 -0.0826444642279135
0.0256883624912558 0.0142678144222707 -0.0426197089239621 -0.0565545970346797
0.0244984227927808 0.0208248368611499 -0.0477760194920588 -0.0538677427873539
0.00819708112063472 0.0323562420364123 -0.0390588466775519 -0.0615605746800909
-0.00679277155027326 0.0380609492239881 -0.0240334332267347 -0.0682303975710061
-0.0438395687036126 0.0334158013524428 0.00459703533761216 -0.0703862116291503
-0.0655751070980943 -0.000319521196153562 0.0318026716195593 -0.0704150344120326
-0.046503462927678 -0.0589966646600665 0.0115187426350655 -0.0727543161891754
-0.0145148872715489 -0.0976128675188423 -0.00217718560746015 -0.109534768884077
-0.019123455765748 -0.116756658773816 0.0562773246792548 -0.0351217584067517
-0.0537098218192898 -0.0730201084710514 -0.0163031496909454 0.0158273178360658
-0.0804003435642406 -0.0166936593959605 0.0383316213081867 0.0785105846919515
-0.0652700023001076 0.0319145718926472 0.099813587608152 0.0383930175310558
-0.0194190611403154 0.0494752085137446 0.0879831738494371 -0.0497877138825789
0.00411283783230716 0.0469124484177675 0.0323544348771825 -0.0865495604372568
0.033653443352153 0.0439689944324092 -0.0195350619536117 -0.0754971948714633
0.0422249759767342 0.0378472544139026 -0.0321839871788646 -0.045625469906168
0.0403772995469412 0.0430742036718533 -0.0401478879275503 -0.037934251194981
0.0117768379458752 0.05709687178903 -0.0371675203963154 -0.0430388860923931
-0.0160073961376576 0.0620069936626689 -0.0331523518783228 -0.0518626353666167
-0.0738210534715605 0.048226450073892 -0.00967036616652673 -0.0597569842630589
-0.0983619330774271 -0.00948505853823692 0.0189142783009804 -0.0632488557231187
-0.0615068694645165 -0.0886323347401308 -0.0016580387405953 -0.0575421806306132
-0.00868520307985731 -0.136967334179125 -0.0208431393447627 -0.0757097479980341
-0.00257375214590393 -0.14171084858477 0.0468700938104587 0.0106814161957408
-0.0518425909027521 -0.115000098115319 -0.0226810513263672 0.0443397985387218
-0.109684758878042 -0.0495363149698134 0.0295432807704533 0.100817378754695
-0.108051818168322 0.0314052000788591 0.0988906522638913 0.0630740183416399
-0.041933529861334 0.0738567217462447 0.0908568129030509 -0.0295356098918428
0.000156984950644822 0.0709559042996912 0.0418288957034166 -0.0643296009724214
0.0403193046424786 0.067381787538998 -0.00643228214967612 -0.057418650769404
0.052713478828608 0.0556429544492541 -0.0172393695052252 -0.0277458782338437
0.0524003681449195 0.0577031198585953 -0.0269627359696738 -0.0166373904575201
0.0177482675137202 0.0723262780071982 -0.0308609119140588 -0.0187519026842756
-0.0170806952444024 0.0778308288574558 -0.0397264109635879 -0.0294243425098135
-0.0884305536722745 0.0620674455737826 -0.0235587727655086 -0.04505773598968
-0.117394473462976 -0.0100673421660138 0.00664341384074722 -0.0541429352560725
-0.0717962286586489 -0.101342931056912 -0.00623503788474487 -0.0400297152442944
-0.00503581436064884 -0.155957565048196 -0.0330020357998902 -0.0336072127028386
0.0148683682621792 -0.143006343362538 0.0285011043722331 0.0596855640470303
-0.034703857447161 -0.135878394004623 -0.0326998239390909 0.0731332146124157
-0.113949771432802 -0.0791348112123736 0.0109240196252341 0.116029139861797
-0.132982901025779 0.0168395922285106 0.0824650357829019 0.0861683209876865
-0.0614045963515643 0.0815316927120882 0.0832060123075537 -0.00107052449237635
-0.00652810818949813 0.0832536346964348 0.0466074130654253 -0.0312546515060123
0.0398873482660311 0.0797979901636282 0.00851225514538435 -0.0312887779952682
0.0557348400838579 0.0652342348612509 -0.000133137277532732 -0.00619105667316707
0.0570138981627867 0.0639056486600832 -0.0100890064806071 0.00696630393509418
0.0218043982484935 0.0771359882156319 -0.0209450030398917 0.00746493413430748
-0.0161534311267154 0.0818551384425137 -0.0418221276589884 -0.00450365961623298
-0.0907982028122533 0.0642343315197227 -0.0336718983274366 -0.0280461843648241
-0.118700342303636 -0.0120106576216528 -0.00279901451013802 -0.0436275382871064
-0.0675509648048472 -0.101127197674085 -0.00399903177324243 -0.0240040285991763
0.00223723007571294 -0.15187191196145 -0.0393730088683823 0.00924473564740254
0.0277141053067038 -0.117712930843725 0.00581577309316648 0.10070535541512
-0.00925912903336335 -0.128506254648083 -0.0431838860474828 0.0953098362213955
-0.09200018395354 -0.0918526277021281 -0.0112602924172108 0.117522383748473
-0.127794239199384 -0.00379216485903767 0.0541017415831234 0.0981639323840389
-0.0681741028401152 0.071088622308546 0.0652316700954123 0.0274780207958182
-0.0116358114596634 0.0787738801548287 0.0450334591177716 0.00403391409615786
0.0334439880678118 0.0788160407795755 0.0223501614614224 -0.00165143638947982
0.0503041661107653 0.0646677659277141 0.0162154164763262 0.0156549297203307
0.0525908267894789 0.0621373558841138 0.00602822272524983 0.0287653919140475
0.0203067781047359 0.0726244455943062 -0.0109122692779471 0.031826636692977
-0.0168334114890042 0.0750995909089608 -0.0420205082837439 0.0181745303869864
-0.0853242537495616 0.0528391268461596 -0.0407041075801095 -0.0130008862953384
-0.104033729576443 -0.0193243157130987 -0.0110181569516719 -0.0344332590119698
-0.0497204280098415 -0.0933164091387469 6.39293210251798E-05 -0.0111413324994793
0.0145634244669358 -0.12832492409099 -0.0428128034546393 0.0452462878060032
0.0321067508956446 -0.0718878433349311 -0.0153605159467132 0.12784552900402
0.0127234398424258 -0.0936818105576029 -0.0491970920753246 0.106386029470379
-0.054727658361287 -0.0807021448769236 -0.0287590203452775 0.106968614623201
-0.0967023485773076 -0.0177794094620182 0.0250529924156904 0.0975399961982387
-0.0582092412940746 0.0496337773321412 0.0433803794070273 0.0491630315864451
-0.0121844356770538 0.0603345146587188 0.0401189046391374 0.0350509674331432
0.0230864861256819 0.0634465031935706 0.0338238781782238 0.0255201525627234
0.0375518706555829 0.053897200882794 0.0305646216652331 0.0346403806764363
0.0401981528592783 0.0526351912611927 0.0199838559337223 0.0483179957524117
0.0149991384507437 0.061128313442865 -0.00396155031409497 0.053091411488815
-0.0179119491929059 0.0605980045532151 -0.0440482010449599 0.0375189117538946
-0.0735276860846541 0.0341153809154379 -0.0481082966891096 -0.00181006356169891
-0.0787748717278852 -0.0278487832880972 -0.0193461284735976 -0.0283173135055081
-0.0236697889823701 -0.0780823146134859 0.00317186129760653 -0.00246335456556542
0.0283471894218268 -0.0885245682531919 -0.0459491104840865 0.0713938133014683
0.029458905262894 -0.012826334031382 -0.0261606720296655 0.135520365391829
0.027032664696969 -0.0421060602441245 -0.0460660443773836 0.106112971871757
-0.0154286842487816 -0.0499876869515026 -0.0381159609874639 0.0898526478192976
-0.0503106358956653 -0.0211058667134084 0.00294423936859463 0.0892841251966284
-0.0360355543155983 0.0235039686666913 0.0271224595411025 0.0631786484219204
-0.0085303856275948 0.0330405388659663 0.0362940539487577 0.0557843746535653
0.00975959869251166 0.0376363189929972 0.0423766906306704 0.045120363702389
0.0194903352323568 0.0354137452173192 0.0394939686040492 0.0474122677683509
0.0224877490398636 0.0359105414408142 0.0279827875524129 0.0632129133646056
0.00774537378964674 0.0427771241314218 -0.00246846531210221 0.0689353649389132
-0.0172209944715699 0.0410933676948762 -0.0499551388716756 0.0507035642438082
-0.055000781858497 0.0142006292559942 -0.0576845182577224 0.00350077680095153
-0.046203282220874 -0.0319927475201776 -0.0291112863083388 -0.0272374848291757
0.00337753488392486 -0.0538783616648456 0.00314441634518488 0.000919363093492884
0.0380337784490452 -0.0379693556119907 -0.0499518667140152 0.0858759410586799
-0.0341764671190902 -0.0206506889346615 0.0421220007747659 -0.0971173362949578
-0.0194069495150045 0.0203390153820054 -0.019061354858466 -0.0178391584625111
0.00802132175057145 0.0287359871569971 0.0324186385822799 0.0398513837983302
0.0244994204264445 0.00316741482710377 0.0728708566752227 0.00440157859365643
0.0102441310181257 -0.0139723729601328 0.0637642203906473 -0.0596377530172683
-0.000421076562053538 -0.0117456291024878 0.00871713596231096 -0.0928062793789063
0.00264560743263799 -0.0140965176635048 -0.0350389053025284 -0.077489985583114
0.00403166794085343 -0.0124637054742762 -0.0488044549533093 -0.0567082767942909
0.00734792666622811 -0.0077985571002142 -0.052295782005726 -0.0556901051483132
0.0102201691487574 0.000825111795171226 -0.0434511978731989 -0.0661538021346466
0.0138986964051293 0.0101154168647889 -0.0232466973256366 -0.0750949354116272
0.000491487337175286 0.026778155468543 0.0107247152085685 -0.0801099515710964
-0.0264852472022186 0.0256981580698332 0.0388953485028561 -0.081396275315416
-0.0372175377932335 -0.0127429055102599 0.0277837555462344 -0.0821489316721994
-0.0275127039510293 -0.0410015010618515 0.0101960324876585 -0.129191179484441
-0.0343607311730561 -0.0732354478079329 0.0527101890588149 -0.0744500614457124
-0.0437363339957334 -0.022330921154121 -0.0149250749249812 -0.00453309589274114
-0.0374654137295729 0.0143426688221524 0.0410015839970664 0.0554614841472522
-0.0157434510276068 0.023044468552126 0.0903742100473274 0.0142938152883645
0.000462643378917008 0.0179140030092898 0.0748582688628076 -0.0621208218139444
0.0054856275998364 0.0164995845813049 0.0165428419775837 -0.0963873397331419
0.0220984663441361 0.0129762390170662 -0.0327213645166085 -0.0804621406534518
0.0262468132266755 0.0117480927274878 -0.0454884356669802 -0.0537574364140157
0.0258437047438897 0.0189456869195672 -0.0511593393014768 -0.0501884486745515
0.0101118076948551 0.0320644890353961 -0.0431014202827087 -0.0586053641654659
-0.00424643189725466 0.0378772121971709 -0.0286422474661061 -0.0672025384889018
-0.041996031085622 0.0364021591074956 0.00223254697616608 -0.0720423967352197
-0.0651115103637598 0.00362510648581775 0.0285207976606723 -0.0732288399698602
-0.0500739184061272 -0.0572963604873326 0.00931328836370843 -0.0724296850154166
-0.0202598426641318 -0.0972000730972746 -0.00749571428416809 -0.109180155813055
-0.0251677582947008 -0.11636630720319 0.0551477496724605 -0.03807056331823
-0.0579094177167578 -0.070495311734294 -0.0165987944895239 0.0171773169296988
-0.0816395869385135 -0.0115177630251941 0.0423558642017706 0.0780722993893382
-0.0633689445373883 0.0367467650416404 0.103161073780948 0.0337936327083293
-0.0165636185293073 0.0508386335799781 0.0861921345102697 -0.0532472766675015
0.00735369207256204 0.0467716734095869 0.0277136113075043 -0.0883774646856663
0.0367874808207274 0.0410967929569442 -0.0236538221577541 -0.0735009179062732
0.0445991654184459 0.0344715922891776 -0.0343603761661618 -0.043650416381225
0.0429048354199419 0.0404456043359932 -0.0428639493838101 -0.034843590717669
0.0149035750165152 0.0565550670443519 -0.0404507051284105 -0.0407906375937803
-0.0124680007342026 0.0628570442866326 -0.0368502246693715 -0.0505017748454761
-0.0712373239199233 0.0533405169170098 -0.0120886480629169 -0.0605463211836359
-0.0983312485309493 -0.00412884537153441 0.0157140215812027 -0.065631814986411
-0.0665967152530693 -0.0860076630343593 -0.00420085727380195 -0.0567846199434134
-0.0170516686007407 -0.137456380410793 -0.024440649540503 -0.0738369121071884
-0.0100622778587173 -0.142079299323876 0.0481009007583394 0.00877090172418139
-0.0580933199359843 -0.112501756457042 -0.0215824292381842 0.0450368796984378
-0.113618178990008 -0.0431916888315247 0.0344618811094634 0.101246151337634
-0.107492516424603 0.0384854961013791 0.103090846541855 0.0595756188794847
-0.0378156733457987 0.0761446156437904 0.0903538422723685 -0.0329887433298857
0.00457883553349277 0.0715595665255052 0.0384788998679886 -0.0666164999105923
0.0443544559565762 0.0641924882909084 -0.00893186698503218 -0.0561242044920261
0.0568680257899545 0.0515160668902429 -0.0188557480489499 -0.0266592556710772
0.0556689042477675 0.0543896098800805 -0.0278018883608901 -0.0147951765193453
0.0221862356458202 0.0708888362340713 -0.0332059349969863 -0.0170794363804785
-0.0126708036835927 0.0789435172115043 -0.0421139782027649 -0.0277547439285761
-0.0848747683845214 0.068012793839087 -0.0254879062857857 -0.0447857519316281
-0.117944293541321 -0.00320160789312226 0.00410913363267508 -0.0560172798694376
-0.0770221708202289 -0.0979222035233503 -0.00762663274128027 -0.0395608956539577
-0.0143541177732201 -0.155996874953882 -0.0343053005805724 -0.0315235045383374
0.00756807286840809 -0.143856920536787 0.0314594027908066 0.0582992073542059
-0.0418421290741891 -0.135287579733934 -0.0304917781219289 0.074458196932223
-0.119084819202168 -0.0728285291870102 0.016187986890788 0.11709300328905
-0.132270686432624 0.024655825762747 0.0877053098867185 0.0829611568586187
-0.0564925003987969 0.0852731744892991 0.0838400573651223 -0.0046256058918061
-0.00172924346292367 0.083870441174871 0.0454811046682269 -0.0344754234019482
0.0448195347987498 0.0768621932913244 0.00713707956125855 -0.0308839048581127
0.0602905256153805 0.0608132261276956 -0.000273128003391419 -0.00637990828881479
0.0600591470497737 0.0598738400100837 -0.0100213151570332 0.00760488112524315
0.0263712605982216 0.0758947165794333 -0.0212792299677417 0.00811590857780952
-0.0116569234523576 0.0827739089263973 -0.042616835158293 -0.00262119984777285
-0.0870158760643545 0.0702278215199594 -0.0350886694592874 -0.0276128974890822
-0.119145275605017 -0.00522613782034102 -0.005172808251339 -0.0454232662993347
-0.0727957941582318 -0.0978812356014813 -0.00462057280556898 -0.0236921998871247
-0.00619361855523709 -0.152541226062455 -0.0386131815211017 0.0111134352973822
0.0220561055781877 -0.119520337207825 0.0107734121450548 0.100968936086545
-0.0152496596010696 -0.12908286546915 -0.0398102083054583 0.0965693680717501
-0.0969889189376906 -0.0876838842767313 -0.00641083182781684 0.119916467881811
-0.128641746293606 0.00374648544236667 0.05972200737409 0.0963992349575558
-0.0640054890113321 0.0747327934388681 0.0671761443083159 0.0251046917939184
-0.00728729896921671 0.080187594220912 0.0462568144938754 0.00109680913070084
0.0384209224367043 0.0760193375898038 0.0225760076541327 -0.00258090224750794
0.0547684634549733 0.0606607841388988 0.0169058340775792 0.014230020125997
0.056289061018054 0.0585946935077346 0.00748296572736943 0.0286364756200972
0.0249550768071062 0.0713015608851875 -0.0100626641818115 0.0317526558947202
-0.0122334128490062 0.0760958615135364 -0.04165298247008 0.0199580464764553
-0.082303515460501 0.0584001073111027 -0.0415294205845127 -0.0114013616377221
-0.104818513217723 -0.0134101155995906 -0.0131069962769392 -0.0353494492186698
-0.0540494903261139 -0.0907045962741115 0.000322906384399222 -0.0116418339102709
0.00684191162601849 -0.129334423596866 -0.0396765194691665 0.0480041525678175
0.0289412509616536 -0.0737552695275537 -0.00886435383108985 0.129313467898009
0.00819315263215053 -0.0951150572794139 -0.0448635873125935 0.108556510906483
-0.0593231112924588 -0.0785163139155994 -0.0253439830082204 0.109487917698025
-0.0983593336155652 -0.0121403903430516 0.0301369407430525 0.0971986223366068
-0.0557491507359664 0.0523531148730169 0.0462775626068206 0.0479273068937984
-0.00894373330803046 0.0614880160486296 0.0430423799146669 0.0326815539441517
0.0266061019589797 0.060989894090207 0.0355793884864709 0.023492310214838
0.0410442337962098 0.0510845419607486 0.0319356292465979 0.0321010362471332
0.0435594732304081 0.0498057467838823 0.0219839134702454 0.0470662290080022
0.0189681106314429 0.0602387461389905 -0.00152129245399066 0.0521399009985395
-0.0143162796224695 0.0618003331316304 -0.042993655122021 0.0392050094061854
-0.0721184713160886 0.0390585708929515 -0.0485977280791756 -4.34698000381748E-05
-0.0803471812157722 -0.0236096366305234 -0.0210524456188239 -0.0289140816625048
-0.0271341408639144 -0.076843439844416 0.0033742631999033 -0.0029688283820739
0.0229791410970575 -0.0902314053061899 -0.0420026132498026 0.0742942972499239
0.0294651732013967 -0.0141904901465954 -0.0194789393694146 0.137452206830749
0.0256729442031024 -0.0439966515598312 -0.0414128330286889 0.107508428727072
-0.0182844619453296 -0.0494401259348047 -0.0354519454810867 0.0925465606227202
-0.0525107295241695 -0.0183659396254112 0.00769528032711744 0.0900099321885546
-0.0349249655077932 0.025658771575913 0.0307583800851526 0.0622855740085956
-0.00703154561026274 0.0334176850129228 0.0402435437007497 0.0536503055677955
0.0121846638471744 0.0366596048128657 0.0447887754697463 0.0418741486326766
0.0223818153237704 0.0337798671629303 0.0417186956183869 0.0446300581182887
0.0244567308279416 0.0340489340241094 0.0311707837205897 0.061237065559908
0.0106398465971431 0.0423905518069118 0.000606978214090917 0.0681343571077828
-0.0148689078624876 0.0425480900690049 -0.047652473760344 0.0532601185103414
-0.0544225822501694 0.0176690941649919 -0.0579546943340951 0.0057290014822795
-0.0482157513494086 -0.0293139163133246 -0.0305084642631072 -0.0271102880752288
0.00103246827341679 -0.0543879460848597 0.00420252698760817 -0.000314492772369513
0.035687330060631 -0.0397467518278316 -0.0448467591693678 0.0890594768749911
-0.0351369119335465 -0.0197525417528306 0.0383416420262614 -0.0972541180089226
-0.018718406103151 0.0202400657332377 -0.0199827579082082 -0.016100468347197
0.00917082059393949 0.0287032259063301 0.0334801370920975 0.0392047053011457
0.0247744862072771 0.00215748543350576 0.0729661769625665 0.0025255883196136
0.00971180596597661 -0.013571171806677 0.0611180298243284 -0.0600069395500482
-0.000945270122850076 -0.0113667516282139 0.00541848332883721 -0.0904566009978789
0.00134900338771089 -0.0145057744450829 -0.0371396271329936 -0.0742319444449624
0.00331746881894517 -0.0127501166410776 -0.049831267328388 -0.0536973768796592
0.00664509427950453 -0.00792996674719489 -0.0538074242882403 -0.0518848475787949
0.00986730017610792 8.58482127973636E-05 -0.0457453893731301 -0.0632013322459674
0.0145075622760448 0.00890000639052503 -0.0258254908229536 -0.0735804103286352
0.00144694354890302 0.0267379096855027 0.00842280297962899 -0.080464175550906
-0.0246104104471697 0.0264716554933506 0.0361371576433303 -0.0818508188644718
-0.0377555722581814 -0.0118943983184597 0.0267440504937105 -0.0802883064502617
-0.0288148224002204 -0.0398012331617614 0.00620788536643592 -0.127067099908484
-0.0371408976663639 -0.0715599189399251 0.0494452782558423 -0.0749333464096852
-0.0443754853740834 -0.020989053387105 -0.0163127275577845 -0.00350918676027613
-0.0366938108218596 0.0156773541220081 0.0426799688018934 0.0548999204230991
-0.0143827670939337 0.0238386619658956 0.0904438895613561 0.0113977335564371
0.00137721305412209 0.0176590723527716 0.072357231665255 -0.0629005845009264
0.00592471267927951 0.0163293608060334 0.0127193853509808 -0.0948080597600161
0.0220520805121979 0.0115172258616228 -0.0343674441895869 -0.0768063602636387
0.0268146417867784 0.0100806358300997 -0.045861758743 -0.0513293647759641
0.0257375364359759 0.0171690116924009 -0.0521157188665932 -0.0460322405912025
0.0112974761067463 0.0309277271511195 -0.0457141180602738 -0.0559783857452085
-0.00247459418948492 0.0369991476114241 -0.0306598810749657 -0.066137710344744
-0.0392440697619481 0.037908825368691 0.000457174287557206 -0.0719793842007128
-0.0640035504803753 0.00600719242910484 0.0258293076448616 -0.0737589387947684
-0.0514092686997077 -0.0555434371115133 0.00836334562433771 -0.0700531103835169
-0.0238216299094361 -0.0952154108569703 -0.0100688410324372 -0.1070656827663
-0.0296440733071366 -0.114048148044077 0.0536918378237562 -0.0391838196610001
-0.0594416757814651 -0.0675329884255127 -0.0169303695737292 0.0173831449922057
-0.0809479309130555 -0.00767706948164455 0.0444087502040447 0.0769508832677382
-0.0604653990425136 0.0394206545935505 0.103402973987987 0.0304198125854411
-0.0146669249707035 0.0506157702914572 0.0836192827234923 -0.0547245662194449
0.00891581164643295 0.0462156645272903 0.0239531492393592 -0.0873082097341551
0.0372236150455583 0.0385501417099272 -0.0251163218214426 -0.0701227284541562
0.0455131036921107 0.0313744404458102 -0.035477293799023 -0.0417442491423106
0.0435791292952625 0.0373839536416557 -0.0432409414420269 -0.0318715210625809
0.017049229159726 0.0550359005262597 -0.0420296499175825 -0.0384801399511396
-0.0100105686810228 0.0618469672265149 -0.0385155264926585 -0.0489800484927759
-0.0675175269092985 0.0556691621233043 -0.0132278203233746 -0.0607813701919045
-0.0965080014048026 -0.000100083532394792 0.0138171762508094 -0.0658467234392654
-0.0683632053671397 -0.0828316198638905 -0.00393570435989607 -0.0550043356190684
-0.0219221512742664 -0.134456124578211 -0.0256164512986735 -0.0715451934758712
-0.0144717912128746 -0.140267121780526 0.0478186475664742 0.00685556971785794
-0.0608548855885364 -0.108710728054719 -0.0214705842236261 0.0447989399252536
-0.112870517987768 -0.0380988435756264 0.0365251790835529 0.0998530244614654
-0.103868250644067 0.0425563721477032 0.104433913020475 0.0562860292299075
-0.0346083181306776 0.0760980646324146 0.0885770542749957 -0.0340831002210013
0.00740911479167815 0.070381062675813 0.0356518639571154 -0.0669190832069793
0.0461248503415088 0.0601818999339644 -0.0104308743449185 -0.0537967818486371
0.0577904469133195 0.0473613177132525 -0.0195180718813835 -0.0254978974497478
0.0567766467688184 0.0503474738160778 -0.0280999935005196 -0.0128982205935035
0.0244890577718738 0.0685922528735266 -0.033939564286354 -0.015448927285406
-0.00975043267377611 0.0777104094903589 -0.0430809585716477 -0.0259575167397908
-0.0805684103145311 0.0711015159873435 -0.0265170662779828 -0.0448927936767387
-0.116091213272577 0.00146437634259246 0.0018260265225602 -0.056516533539329
-0.0790855934660313 -0.0935521196992382 -0.00741479039638789 -0.0386977266908365
-0.0202781879397916 -0.153057368947216 -0.0341322218670502 -0.0288324642462764
0.00291038226698268 -0.142372104065349 0.0332885842123099 0.0566338956196654
-0.045152851523697 -0.132418215158333 -0.0293979863482526 0.0736720659538464
-0.119322980677383 -0.0674393343552227 0.0183993773434269 0.116492824061249
-0.129422090682479 0.0301492328762223 0.0893815587506613 0.0799420853656463
-0.0525237306626903 0.0851922371178693 0.0830332984894513 -0.00548313180012553
0.00167435271581157 0.0824920880643234 0.044060531336306 -0.0356826895882135
0.0469199933013949 0.0734191332936484 0.00601512669095292 -0.0305520856750207
0.0619826591936157 0.0562020592594193 -0.000815787869662923 -0.00679096610216378
0.0620327568236982 0.0564749479579145 -0.00983643168177914 0.00754904691929011
0.0286674648930195 0.0728887514521141 -0.021181951946576 0.0088927063069377
-0.00785505279347286 0.0815069520379638 -0.0430562252899124 -0.00113797047409171
-0.0824840526796262 0.0729083248867944 -0.035111146405768 -0.0269408848537192
-0.116831236647624 -0.000269111714131885 -0.00721925602074603 -0.046527714279349
-0.0742245022851868 -0.0938538094100139 -0.00440020435185066 -0.0234771153256507
-0.0120650483523176 -0.149142282064915 -0.036190050467544 0.0130432148025167
0.0182806757766715 -0.118550141242567 0.0134533517141009 0.0990403645093669
-0.0187277007893728 -0.126592880624122 -0.0373415341051637 0.0956055354615387
-0.0983814121801649 -0.083430344524696 -0.00379713041478879 0.119632419703323
-0.126083092627729 0.00870596456159478 0.0622381504720805 0.0933935221292746
-0.0607978525141367 0.0757301676419802 0.0673356759582367 0.0234369397004333
-0.00411334986202822 0.0789055288343524 0.0461678417835858 -0.00114653453433357
0.040814735542847 0.0727589769645438 0.0222240893477739 -0.0032488489159356
0.0568536665732228 0.0568805674814978 0.0167155943375302 0.01277948731037
0.0577223170159239 0.0548852000064597 0.00782343034265496 0.0278378265386689
0.0273628478260712 0.0687733517991938 -0.00973327059765874 0.0314277699599086
-0.00939992253958696 0.0752304787037335 -0.0408934375270349 0.0211884466567075
-0.078443169160027 0.0611922072969075 -0.0414734273766782 -0.0107117413318361
-0.103139236941048 -0.00904676285149544 -0.0144761002868543 -0.0359623870411442
-0.0556637507558864 -0.0874896909848191 0.000390901913489904 -0.0116536826513637
0.00200695418520009 -0.126719404851343 -0.0367846439680505 0.0488670503072675
0.0265071055213015 -0.0736041657538276 -0.00539663314482615 0.127443774736638
0.00585724956903554 -0.0942289195975006 -0.0421463123211743 0.107284644320111
-0.0607191102626007 -0.0753119145161609 -0.0229384384589443 0.10929786445483
-0.0975917210731137 -0.0085878208485899 0.0327561058772361 0.0948244497946073
-0.0526506072699047 0.0530491279978608 0.047385731361755 0.0465527916667246
-0.00655429847298266 0.0604440850969357 0.0441683417519989 0.0296485276490844
0.0290984895893341 0.0587980839882105 0.0357575047607668 0.0217063073332247
0.0434017519845735 0.0482643435421473 0.0323667875831391 0.0302264602880201
0.0447252447974077 0.0468935231528822 0.0229779472063576 0.0448078458111407
0.0214213129798675 0.0580949919643601 -0.00110538288156865 0.0506370859638679
-0.0122421342397331 0.061090239047171 -0.0413074274458438 0.0401172417652132
-0.0695937731249005 0.0415411104021504 -0.0479551419584169 0.000878453726378817
-0.0796422644169234 -0.0198707287593195 -0.0216646838862246 -0.0286438230106253
-0.0292125454679222 -0.0745889401261302 0.00351597584157192 -0.00393921886822677
0.0192169899428468 -0.088498098694966 -0.0379895713903131 0.0747679436041062
0.0290316456495495 -0.0153932056666046 -0.0163817295160296 0.136515718775493
0.0241675973273669 -0.0448085881443848 -0.0388547832954639 0.106712637759809
-0.0194784464557644 -0.048231089251179 -0.0333643755856701 0.0929379764864118
-0.0524274328318511 -0.0161723523727943 0.00995680192005523 0.0886557926324196
-0.0332938811501052 0.0256414069414475 0.0323229192177466 0.0607958450002592
-0.00584271658389244 0.0329504836760213 0.0420656428734726 0.0508215708345063
0.0138326524910049 0.0354472340756297 0.0454443417189549 0.0390885959056314
0.0236858141872583 0.0323064616082876 0.0421647567351389 0.0419091649301995
0.025983383496231 0.0326242238999939 0.0323296579694984 0.0582501120207689
0.0124258625879648 0.0412488740820325 0.00198723226320474 0.0662757526570248
-0.0130054554630038 0.0425152515417839 -0.0454865798537213 0.0535445493216521
-0.0531486468724717 0.019971807721543 -0.0574027740573159 0.00714557513222666
-0.0481906915459683 -0.0265804319298398 -0.031163130940065 -0.0270184812835561
-0.000372442573972781 -0.0532623260511313 0.00442905212369699 -0.000756310670454457
0.0334114442203922 -0.0394856181494032 -0.0407841127317804 0.088880011580243
-0.0358274433954905 -0.019516164946677 0.0377546548616575 -0.0965097829778575
-0.0191223824671395 0.0203829732611253 -0.0206657386891949 -0.0149412018364868
0.00956293844853179 0.0287490515078913 0.0344738488349235 0.0396608904095111
0.0249063223737851 0.00184074158416578 0.0726238097298472 0.00278246036503846
0.00966826316677096 -0.0133452037486014 0.0606765273035985 -0.0595492300799087
-0.00116279226414727 -0.0110958518239408 0.00457745158438908 -0.0887689319234566
0.000481894753407241 -0.0145109760299268 -0.0371289115819525 -0.0720930568584894
0.00270551641634044 -0.0128242599655111 -0.0494264081568547 -0.0521498237952934
0.00655262427830794 -0.00825282625585094 -0.0539146883076803 -0.0494960058107722
0.0100510763349647 7.32954492770994E-05 -0.0463659452508644 -0.0620007537718663
0.0143865815861427 0.00792373808280555 -0.0262717551914366 -0.0729792668536544
0.00212884059974371 0.0264632405649858 0.0079869633890005 -0.0811206590787585
-0.0236873339495773 0.0267731284002112 0.0359004579261929 -0.0813841052401545
-0.0382992458069062 -0.0122698943347645 0.0274501475565677 -0.0783943025107334
-0.0287435362177976 -0.039515129485461 0.00588348189179703 -0.126054252023208
-0.038175400105145 -0.0703995276531897 0.0490105404447506 -0.0748221941696931
-0.0443927253291214 -0.0204719652712819 -0.0171370740910238 -0.0027118286411549
-0.0360478881513882 0.0169342354194858 0.0433606140786189 0.0550288951928922
-0.0129897306696604 0.0242370383044295 0.0903786319812177 0.0114762662878712
0.00162155792266282 0.0178593908337259 0.0722130865570013 -0.0618410677108073
0.00673013590132578 0.016649722157846 0.0118150541301585 -0.0933958576693603
0.0213972965548275 0.0104148044047781 -0.0344344533104603 -0.0752143060752215
0.0259430434975797 0.00889893025146705 -0.0460495472134666 -0.0500803326737647
0.0256438575493681 0.0166589988121605 -0.0516438354560782 -0.0444087749781972
0.0112936624402383 0.0302774384382346 -0.0461082634990699 -0.0544163185436109
-0.00191133287990399 0.0360093802180387 -0.0313117436054253 -0.065434177375479
-0.0379665815244943 0.0382054947742083 0.000494461814649247 -0.0727812995355838
-0.0628893718657698 0.00652269474873153 0.0258896274922138 -0.0732847387626788
-0.0515477025928456 -0.0552297336676228 0.00948990764667198 -0.0685655298422691
-0.0244876594375075 -0.0944051940536599 -0.0101669264244583 -0.105531087490548
-0.0308522921538117 -0.112742512327166 0.0533448085680638 -0.0394975445162873
-0.0599388013969256 -0.0668783467965909 -0.0178518196581336 0.0182290730184584
-0.0805206630004412 -0.00603754287375107 0.044793424699447 0.0774452564262642
-0.0590301532292287 0.0403934399544284 0.103893564193975 0.0301820100835715
-0.0139831456933403 0.0503597724527907 0.0829261114455451 -0.0537224613426019
0.00994854375644069 0.04575257290584 0.0230807380443253 -0.0866194193664865
0.0370441664070718 0.036792634370046 -0.0248132917582975 -0.0686652658620006
0.0455375818762096 0.0290811680770503 -0.0351238009582137 -0.0405748733334241
0.0433747135781092 0.036414860103716 -0.042622630046163 -0.0305863160033951
0.0177085464053239 0.0541233299012344 -0.0426580454692566 -0.0372497653629445
-0.00894187365724656 0.0608945799302317 -0.0393304625290729 -0.0484047562432688
-0.0659367291221853 0.0564552919069775 -0.0130167980297778 -0.0612379218006119
-0.0953170215834163 0.00133095360171339 0.0132850111643148 -0.0663676947734878
-0.0685412324086896 -0.0817828176121428 -0.00309244612505999 -0.0537175231294618
-0.0230034360427898 -0.132968922032421 -0.0251341479644854 -0.0702564651670566
-0.0159966241462777 -0.138839979819016 0.0476754607451135 0.00646383484698345
-0.0613814096597323 -0.107815116886518 -0.0218921868158084 0.0451650886092928
-0.112691231977797 -0.0366562315717331 0.037066142062926 0.100420843488868
-0.102084540850709 0.044587042141735 0.104928427355719 0.0553342067139795
-0.0332132503150787 0.0758564336152568 0.0884555718666166 -0.0338178622640256
0.00850615478388674 0.0698018591517813 0.035171026741625 -0.0665791081676726
0.046143898193157 0.058405553150631 -0.0100185544866276 -0.0527376400988765
0.0583657064416217 0.044762001872017 -0.0194822732392655 -0.0255237590481829
0.0566138328159916 0.0484629879899166 -0.0280481891965529 -0.0120987371054873
0.025253030282871 0.0674870175384909 -0.0346164445526674 -0.0149629238809921
-0.00841506897415762 0.0765775865540181 -0.043395767193948 -0.0257838649342878
-0.0784194518380357 0.0719038142315939 -0.0260829450628569 -0.0454258551711716
-0.114248999454355 0.00301310749071201 0.00164249405263318 -0.0576821776067309
-0.0789250531270012 -0.0922252520387926 -0.0065505044464396 -0.0374212607770013
-0.0215822702022565 -0.150982167522706 -0.033158169857445 -0.0279293001598315
0.00230082245045692 -0.141339506401345 0.0333329160748622 0.0557056362160146
-0.0453941561619434 -0.130797808274643 -0.0299520096538248 0.072782308718409
-0.119363605500035 -0.0656682762220064 0.0188959177263491 0.116643752714319
-0.127349997141898 0.0321793594984149 0.0901136338644761 0.0791872931314892
-0.0514647845709881 0.0849654991247659 0.08340381376729 -0.00499447755469862
0.00304717654470088 0.0815698016041848 0.0437342785675756 -0.0366801107142991
0.0472168271835947 0.0705384165617946 0.00663114215366094 -0.0294760817108925
0.0626760879085126 0.0537960664221565 -0.00118552421648067 -0.00669276954161456
0.0618938964950439 0.0538597713081596 -0.00956747954080562 0.00778689347930832
0.0294752105755863 0.0710436368599677 -0.0223543603522225 0.00883841214775184
-0.00698860889818315 0.0807308271380049 -0.0434633185767895 -0.00112340907305761
-0.0803443997109094 0.0740859225534148 -0.0349554999875172 -0.0279951014795389
-0.115473200612694 0.00125999924699235 -0.00742890436710892 -0.0470531264763621
-0.0744857883442673 -0.0924907467681159 -0.00370336851564515 -0.0231427288758899
-0.0137533429323074 -0.147105946304463 -0.0351686432147818 0.0137949212924338
0.0176868158059241 -0.117730570869886 0.0137841713612305 0.0979434563652612
-0.0193466313611295 -0.126155444570902 -0.0377335424170808 0.0945209370087107
-0.0981575990901173 -0.0814081433151012 -0.0040650030486281 0.119940873368374
-0.125053559739789 0.0104164399383447 0.0628278835716584 0.0929245922062176
-0.0594649270087689 0.0752577030219852 0.0678895003068155 0.0237881143259618
-0.00279852638409728 0.0779576241995368 0.0461814748152227 -0.00205501407198096
0.041291736745981 0.0704196158357837 0.0225702150699947 -0.00317138627467483
0.0576649798142112 0.0545921072954256 0.0168787871885265 0.0125113052033301
0.057922719697734 0.0533376274320654 0.00799368013228556 0.0263594992878022
0.0283067389649001 0.0672989586325901 -0.0100583772141546 0.0305766545176194
-0.00825215864905152 0.074279894355013 -0.0408328598618202 0.0206303539972862
-0.0765892615607018 0.062270527745788 -0.0412832862567004 -0.0115399370903652
-0.101989884908355 -0.00750033670340617 -0.0147466268743916 -0.0374073093946739
-0.0554456224995135 -0.0861920358077885 0.00104149764492828 -0.0120656011941293
0.000793924257056576 -0.124391319137599 -0.0354361892835697 0.0489751011682417
0.0257678715347514 -0.0729527249268159 -0.00430762054777912 0.126538713220489
0.00532393557062327 -0.0941145946129881 -0.0423767530173622 0.105869601997644
-0.0603982184291033 -0.0745836334437763 -0.0229990065178894 0.1098339268082
-0.0963627384629015 -0.00739213785903391 0.0328772455921301 0.094530434028063
-0.0521389627807212 0.0532011456113606 0.0480549238713548 0.0460900661133644
-0.00554097557986322 0.0598504864202764 0.0446735969442957 0.0285304885750974
0.0294099838875887 0.057340858490025 0.0359287409020965 0.0205250104141631
0.0440653960711614 0.0465758315855663 0.0314253377746327 0.0288680365101524
0.0452100603320467 0.0454128524587829 0.0224035875075496 0.0434297312731486
0.0223745455200379 0.0571868727238533 -0.00101008921869919 0.0493692702155103
-0.0111682958415004 0.061130312161373 -0.0406617017104096 0.0397609008047004
-0.0685693964603407 0.043162897183723 -0.0474779400089376 7.67868604602202E-05
-0.0786261976856954 -0.0186895829831172 -0.0221732065743408 -0.0300458887522303
-0.0287395072041832 -0.0734830720671596 0.00422188033625591 -0.00464315582875319
0.0179883892365246 -0.0871109528506566 -0.0362677773905496 0.074468417764793
0.0287473417931808 -0.015512636524402 -0.0155683651298704 0.135262164222941
0.023699321716645 -0.0448312564943576 -0.03919808965667 0.105301968337535
-0.0194400426007602 -0.0478182896998269 -0.0342548836322885 0.092914600765014
-0.0520457056100284 -0.0158485390112329 0.010221059047558 0.0878757114845538
-0.0330527700761602 0.0255091108170648 0.0325193230575239 0.0608064873213285
-0.00562063813154177 0.0326272215777837 0.0428379887697993 0.0490347362673021
0.0140561693908723 0.0345585576324175 0.0456678792868044 0.0378795485583317
0.0242748158580705 0.0312090925216074 0.0414093790790991 0.0407446146193742
0.0266058180854314 0.0317265701801738 0.0319478973212416 0.0567001224679724
0.0132967238441177 0.0407514057905132 0.00175366701563265 0.0647106338509575
-0.0122244080693159 0.0423299740147541 -0.0448640522096253 0.0534849408522642
-0.0525005699082099 0.0211766747664656 -0.056972467833635 0.00646590188559193
-0.0479700305990201 -0.0261407998598615 -0.0310088097461111 -0.0277653264051423
-0.000472796306791151 -0.053003180652779 0.00485726467481326 -0.00170175935991386
0.0331383020319835 -0.0386554654333512 -0.0393996187046254 0.0885044130677557
-0.0388809288634026 -0.0126875065577326 0.0202332040074435 -0.109793585330756
-0.0148946267588803 0.023547322352738 -0.0259147695477739 -0.0110726573604787
0.0155656039321518 0.0262377594369696 0.0414946173285677 0.0366444752406576
0.0255321641238261 -0.00425918943464578 0.0761840104341982 -0.00802512607452023
0.00695859343925499 -0.0160137751752127 0.0523374798099977 -0.0717184260826404
-0.00393645603799675 -0.0107331193096896 -0.0108434243917255 -0.0899002058344985
-0.00332573218771389 -0.0142594658738007 -0.0484269695675435 -0.0657072909172929
-0.000633748785441294 -0.0132066261775608 -0.0585337508086607 -0.0431976209211581
0.00391440403227731 -0.00914843912065254 -0.0638909467041792 -0.0393816386370288
0.00942001591631335 -0.00284266426984733 -0.0601792337376379 -0.0536458701192933
0.0151756763410835 0.00365689235352185 -0.0420572454178513 -0.0695713005907898
0.00850358205407829 0.0242773924505778 -0.00854354486850449 -0.0860030664413669
-0.0166789231620949 0.0293857154504416 0.0197529951557702 -0.0922480228250818
-0.0399120511056059 -0.00548214820594217 0.0162834049377859 -0.0856930999568696
-0.0359342419225851 -0.0356549023870664 -0.0142922423341567 -0.128601884516811
-0.0499865247396964 -0.0613880774824234 0.0379989102581991 -0.0919988520859755
-0.0472243052731168 -0.0110528852979045 -0.0194211836468022 -0.00113547494026367
-0.0309124274228692 0.0243056445709989 0.051956246873084 0.0468381176854825
-0.00624315594514996 0.0255544312146919 0.0925996706697161 -0.00464881708759508
0.00455336538044298 0.0156799751165821 0.0617479393926195 -0.0752521212156301
0.0086365349913915 0.0148831858926298 -0.00543977623478428 -0.094746849048741
0.0214309747168021 0.00539310107219817 -0.0474479404888837 -0.0663636091728893
0.0263757336183949 0.00341503477737309 -0.0547867191732085 -0.0408193730251355
0.0270738642665658 0.0107484772949171 -0.061211821403047 -0.0346678031464235
0.0166314005306406 0.0269455494004588 -0.0592455964089427 -0.0466783365596402
0.0044506041443488 0.033698228273718 -0.0464647935840587 -0.0611636884719261
-0.0284326433582689 0.0434431963822343 -0.0145686472823968 -0.0772248507473393
-0.0579975072904499 0.0169255987153336 0.0124267613231527 -0.0839850055204259
-0.0617970567926584 -0.0449853644077971 0.00158560938070098 -0.0703439791599331
-0.042443320831152 -0.0910306285229816 -0.0252303782059397 -0.101657187567208
-0.049928386004899 -0.102912416936213 0.0517444084066589 -0.0572921704406964
-0.0707154407232025 -0.0527202824379685 -0.0147409849740208 0.0178502730024623
-0.0780973771015921 0.0109681874617735 0.057288513866651 0.0657710185325119
-0.0464794191127009 0.0506880039987522 0.107126275158653 0.00933748368138481
-0.00366494985068879 0.0501524719373222 0.0726742072388419 -0.0679777029138171
0.0173723245273532 0.0424112528119145 0.005841319120651 -0.0892992659650589
0.0426826274108927 0.0271769791319577 -0.0385584307600424 -0.0599441633077559
0.0488349706118689 0.0195727726378624 -0.0425821576543275 -0.0336224450431221
0.047821309539916 0.0270073122369971 -0.049282278518726 -0.0229341079124531
0.0263131121315555 0.0488621867551408 -0.0530359335192604 -0.0299778810807634
0.00178870793255055 0.0590486050353959 -0.0513937501995862 -0.0424691621840442
-0.0526966611607045 0.0662415230223989 -0.0267094478156385 -0.0635591544201762
-0.0907271348553885 0.0181663754116307 0.00161278638543814 -0.0758664981827361
-0.0834573653541552 -0.0683050712631677 -0.00695270118457444 -0.0520711590606437
-0.0490739678730906 -0.12901695970952 -0.0322662648425509 -0.0609086812823554
-0.0397942604379907 -0.13084420986582 0.056155652488875 -0.00908632637283162
-0.0797857366904303 -0.0927865016822788 -0.0127632602526004 0.0447282357300859
-0.114607732870272 -0.0120860917457253 0.0532913081859032 0.0869948358109524
-0.0868294081496288 0.0636021766369809 0.111097710831052 0.0314645397129867
-0.0175331415555701 0.0787566872951023 0.0797782395499068 -0.0486435961541395
0.0206039378603691 0.0659447565492258 0.0204287564959658 -0.0712356783602684
0.0559726724199809 0.0460198994302326 -0.0224071374203743 -0.0456337107289433
0.06458188985097 0.0322862977034325 -0.02436052936333 -0.0214722191035274
0.0628543769861581 0.036740686310607 -0.03152779496302 -0.00721454372690034
0.0362575862081495 0.0609775491120992 -0.0406319790684493 -0.00918553020143806
0.00451002090104425 0.0743497840925586 -0.0515809920619827 -0.0184226383979159
-0.0620171564472968 0.0839885758236535 -0.0371673562266141 -0.0450988474645466
-0.108889785768087 0.0238836684505585 -0.00891984287937596 -0.065381163363014
-0.0956103544751682 -0.0763494237929975 -0.00671666180226327 -0.035013387485418
-0.0511904197541053 -0.146906844771631 -0.032271648288515 -0.015475206345574
-0.0229756173724305 -0.135886712058283 0.0517046831585085 0.0451100865657563
-0.0691210105147356 -0.117872753509304 -0.0142787718670153 0.0751542367945875
-0.126578732476936 -0.0393903653029106 0.039461178554032 0.105464456589041
-0.114164813649161 0.0573421772027324 0.100266072977894 0.0562277669000639
-0.0329090093733284 0.0909368199744257 0.0778485040144679 -0.0191533763350945
0.0175936479306589 0.0786101875518419 0.0340431783809101 -0.0420573283384183
0.0597057323629271 0.0576620993976013 -0.00272810553656982 -0.0256742112543107
0.0702857498931094 0.0408033969296661 -0.00258812469143483 -0.00639762725332065
0.0693666592290175 0.0408611316865483 -0.00927240128389912 0.0090063608273798
0.0411243071494164 0.0640513861303173 -0.0237083160161981 0.0123543634678885
0.00629794196220359 0.0782932253236847 -0.0462011554591772 0.00676179036029042
-0.0643137465800708 0.0861788487787041 -0.0428998134457519 -0.0250235259640687
-0.110748382698206 0.0224168499654384 -0.0160628734724596 -0.0531076503854631
-0.0912808548814083 -0.077293015898889 -0.000996475114294064 -0.0210416804046029
-0.0427058872466481 -0.14330999796547 -0.0266653839534654 0.0276999883829081
-0.00407840418871889 -0.11632307801489 0.0391264817709941 0.0948226879881062
-0.0421322792342415 -0.119177747166196 -0.0179211687430525 0.099952038434489
-0.10971505271314 -0.058591652602328 0.0182963553748526 0.113469064104524
-0.116472179336845 0.0362420289037527 0.0760868296727407 0.0742535431683313
-0.0424141501237835 0.0837784682692666 0.0674920001013703 0.0124094115590592
0.011587216196261 0.0762321473711215 0.0426462583389941 -0.00859184712531157
0.0543577153678614 0.0588428186706555 0.0178325719765104 -0.00265189093380248
0.066002047768705 0.0419522323906669 0.0182684932653366 0.00919889806376376
0.0657042991459768 0.0409552748904998 0.0118009754251131 0.0245869260887463
0.0396498925837508 0.0608139022255217 -0.00696144200358144 0.0320144302312046
0.00425450320529318 0.0727223470123719 -0.039404067278072 0.0292132075071819
-0.0630771543359752 0.0744907820333114 -0.0456571388739336 -0.00667707834399968
-0.0993359444426714 0.0112890607549008 -0.0218019749703849 -0.040754468045086
-0.0713939578781984 -0.0744198680314243 0.00433497634212208 -0.0107666950682472
-0.0241735494284229 -0.123301660687485 -0.022191737699827 0.0631214672087866
0.0120048339028116 -0.0743915442958069 0.0234714420229645 0.130203315586217
-0.0116996947212071 -0.0923833059383677 -0.020932343699708 0.114511844813461
-0.0723825411885446 -0.0595833275033655 -0.00206597617758325 0.109507113960679
-0.0929713529378507 0.0132005688637377 0.0480152049495459 0.082903673572619
-0.0399821487129936 0.0611784061669064 0.0524525365519737 0.038066272277758
0.00549928285892418 0.0588081463510668 0.0474116920964281 0.0217061541978063
0.0406450977548979 0.0486701867026296 0.0357928768072255 0.0175933445529462
0.0518185819640989 0.0372997050815765 0.0359335348453231 0.0230842696533216
0.0524110258060869 0.0359948716480832 0.0296890085946328 0.0387358148414311
0.0323680143896626 0.0520780177334603 0.00592060456995319 0.0500456127671645
-0.000477661172428227 0.0606743081481871 -0.0355696722524806 0.0478938736882209
-0.0589171957143449 0.0539277231034142 -0.0493686287867583 0.00687531603730714
-0.0790362519780123 -0.00363309813949693 -0.0275139360143132 -0.0307195398339337
-0.0422513726082113 -0.0673490757636871 0.00678867690308741 -0.00381012879310835
0.000629846917747816 -0.0887855395430016 -0.0209404679376076 0.0878818095226238
0.0246492005556056 -0.0193613023323202 0.011244141805659 0.143818698216768
0.0154077973016895 -0.0480382350236336 -0.0191540237356511 0.115047072797619
-0.0278024008020133 -0.0423509187819965 -0.0163394903924202 0.0977877301377998
-0.0526480161099835 -0.00384520039887541 0.0256201974838888 0.0839131553493051
-0.026574888619575 0.0312768413855424 0.0418045204098709 0.0551631468224813
0.00117533757011146 0.0322597780973066 0.0510667884213829 0.0420105104469228
0.0211666691011445 0.0298190332747946 0.0493966988438852 0.0314494341363598
0.0297910249692817 0.0260817378257207 0.0481511011455491 0.0329119956817346
0.0320186558159816 0.0265227634845529 0.0421027884613242 0.0507743913997591
0.020555248620154 0.0378206760489881 0.012518530480731 0.0645798049463158
-0.00543446493114259 0.0432736158370214 -0.0363714942635936 0.0628289265825728
-0.0479570450883834 0.0302014100260567 -0.0572442353556716 0.0158405720549478
-0.0508354335378859 -0.0165669579902148 -0.0362310738337858 -0.0248761948008241
-0.0101673893648817 -0.0523073353472505 0.00617138859878098 -0.00140360035763015
0.0250092782369208 -0.0436143680447193 -0.0236298794086475 0.100487746587159
-0.0411267980241888 -0.0125716834278395 0.020260715459686 -0.1148496529683
-0.0160611536089712 0.024716285073305 -0.0272307460109729 -0.0102047491729486
0.0170164334457922 0.027698352707546 0.0440191621351212 0.037863614903892
0.026493642480303 -0.00476981247091089 0.0796164677478105 -0.00869193974706495
0.00726298978129439 -0.017028461562406 0.054685061977681 -0.0747689849001553
-0.0040916950234485 -0.0105729713316032 -0.0114279495443803 -0.0923368454511052
-0.00399430006632828 -0.0144981967037488 -0.0507340929551947 -0.0668423889804016
-0.00111820478168996 -0.0137151506565323 -0.0609511195320951 -0.0431641167929024
0.00365502572851983 -0.00983926281873605 -0.066398412921144 -0.0399523701742793
0.00944200036298456 -0.00289249974394499 -0.0635786997157878 -0.0543167764234731
0.0155893217007321 0.00325795849889399 -0.0454160949876305 -0.0722944967744666
0.00965963719026953 0.0251124296411131 -0.00992913872235894 -0.0904414540552955
-0.016878854793399 0.0305192542697454 0.020656354716693 -0.0962720139862057
-0.0420212132878186 -0.00523060114974046 0.018677009370182 -0.0884977731782221
-0.0379813569999821 -0.0371462450333239 -0.0156798315751443 -0.133705524929855
-0.0533767824644656 -0.0626860144146082 0.0391601276122129 -0.0957232281832549
-0.0496503170648382 -0.0103100216360954 -0.020095264063999 -0.000522469237080213
-0.0310003566411449 0.0256694921079013 0.0551995129900781 0.0485977394355123
-0.0056985461868546 0.026744860230521 0.0974623642415306 -0.00544222570463957
0.00546479554721876 0.0157219930160633 0.0645756983779182 -0.0784825422319391
0.00935155897978198 0.0153806608530744 -0.00610080966448177 -0.0977603461515675
0.0220601477229531 0.00523613946267402 -0.0492245051640611 -0.0677044646070743
0.0267078585317961 0.0026174015223377 -0.0569190093005308 -0.0418718132561226
0.0282114386999158 0.0109425532010583 -0.0634359148274166 -0.0346673192308531
0.0173742929662876 0.0277473567117051 -0.062394313357685 -0.0471542651734207
0.0044074163557671 0.034632503105905 -0.0492562140119533 -0.0630988450500115
-0.0285114184113551 0.0455070345401697 -0.0160626363809 -0.0817429064905925
-0.0596169494215564 0.0184175515376768 0.0128044769453304 -0.0880216695865776
-0.0650922333695357 -0.0466902417107624 0.00297570813708902 -0.0721735613724182
-0.0455510452456143 -0.0943090807164896 -0.0261493065886364 -0.105225117347823
-0.0536200292888416 -0.106282581159818 0.0536363803766348 -0.0605669418657289
-0.0744711834345755 -0.054041863177413 -0.016239801429636 0.0190501690657928
-0.0806335240487041 0.0129978397989261 0.0604844382458053 0.0679515731316665
-0.0468750826063961 0.0534913325172738 0.112306758990479 0.00901481054366033
-0.00312440197360645 0.0523309921257513 0.0760394339784411 -0.0711569443423655
0.0185983729056889 0.0436061541545819 0.0053516722228515 -0.092379751405726
0.0437440785270956 0.0269714305081043 -0.0396121404915583 -0.0613355756002212
0.0504424841294313 0.0186957166150804 -0.0445163296834722 -0.0343102957324442
0.0499373189737648 0.0264700889003326 -0.0513951091161883 -0.022691498266757
0.0278848594711307 0.0505345146847241 -0.0559368138466344 -0.0301373951852397
0.00256011493408353 0.0607616171296779 -0.0546498482527999 -0.0439223901432414
-0.052356122273054 0.0697589247677192 -0.0286672330915543 -0.0674813812942497
-0.0936712649774729 0.0198254973339769 0.00104356846254797 -0.0793894700353373
-0.0876351681510982 -0.0703112502758526 -0.00533010567807067 -0.0537515549977672
-0.0528946404748847 -0.133707015146082 -0.0333964414147894 -0.0630719574614267
-0.0429571412039174 -0.135009112878583 0.0588770414727721 -0.0102611469711835
-0.0837215611019204 -0.0954325354478923 -0.0139203845766388 0.0472022238856842
-0.118943087510763 -0.0102465142592034 0.0570105274099812 0.0908179176153727
-0.0887624869981921 0.0675834887065085 0.116274091912849 0.0318924346933598
-0.0166589520745036 0.0822881053451061 0.0836158584522547 -0.0514869102249571
0.0224239071056565 0.0679872122347267 0.0207440817464882 -0.0743793391882932
0.0583078801842202 0.0461076202384914 -0.0230438190604201 -0.0470931512351007
0.0669100953057971 0.0314626017172157 -0.0255896406614436 -0.022494200253199
0.0659974573313468 0.0360910435449097 -0.0323929843041217 -0.00726203843846181
0.0383489984347475 0.0628116232973215 -0.0428325557610543 -0.00889427081224391
0.00590807238203894 0.0767786048947254 -0.054473667620035 -0.0183941546419182
-0.0623326211510147 0.0881097958055337 -0.0398311516238157 -0.0481259450429175
-0.112027971012235 0.025848045761177 -0.0100978340405065 -0.0688178959179925
-0.100177927113973 -0.0785886709192948 -0.00572956053300447 -0.0365723010229519
-0.0553199227180851 -0.151485213437272 -0.0324174539121609 -0.0154681130096152
-0.0250910911942573 -0.140885874217923 0.0539545850584089 0.0464145214081079
-0.0726283382537692 -0.122239776006088 -0.015067379404172 0.0780617136102025
-0.132263734033062 -0.0387039381911266 0.0417557604196508 0.110176666125685
-0.117128578271535 0.0615845810400385 0.104989681967868 0.0572353733885846
-0.0328898595939007 0.0953638801409014 0.0821148311430594 -0.0208183307232781
0.0196020537748456 0.0811200391204647 0.0344263446505825 -0.0445928957565959
0.0623437629974039 0.0581497978809724 -0.0020605080544193 -0.0260814644561316
0.0734521102733915 0.0394622998950097 -0.00334439077566966 -0.00697085663969397
0.0724628534984491 0.0406162034073711 -0.00991879754286868 0.00941061979247455
0.0432948209733455 0.0661644558267109 -0.0252084619185157 0.013153630844898
0.00800215188222748 0.0808060084898216 -0.0488393143099039 0.00725524437025873
-0.0645003970949112 0.0902033962197636 -0.0454646891072189 -0.0271328445461468
-0.114190405215612 0.0244393395770167 -0.017888788477235 -0.0557377147148031
-0.0956608802339352 -0.0790235304040252 -0.000191244961234362 -0.0225417061583752
-0.0460540386721614 -0.14788765125492 -0.0265332432384273 0.0292571883570727
-0.00545320558154903 -0.120889265645753 0.0416859007275785 0.0985398345243084
-0.0448244146410906 -0.123207085136255 -0.0185614297180188 0.104110332119301
-0.114847411369682 -0.0594257581897855 0.0197224833134116 0.118690719680735
-0.120217105589876 0.0393987694890957 0.0796888149487955 0.0769333039479405
-0.0429282483297094 0.0876065214015146 0.0711550578285497 0.0121574228023803
0.0129839090864788 0.0787937854129404 0.0442995292110687 -0.0103545111756518
0.0565217346721073 0.0596559691453567 0.018996646151199 -0.00333486784403965
0.068972807314746 0.0415229506582549 0.018413726017253 0.00922877591118354
0.0685034010561803 0.0404769426645021 0.0121288303891908 0.025256503410437
0.0421049504636659 0.0621410659678463 -0.00780097161000785 0.0330981269997202
0.00542765432704048 0.075381057420655 -0.0413881000118088 0.0301637418995755
-0.063703130280958 0.0784613095692932 -0.0480741750762385 -0.00807423958486837
-0.102846943471149 0.0135084702534399 -0.0236782469321934 -0.0434384176213856
-0.0743439488956033 -0.0765819712577754 0.00547268004559172 -0.0118876772383444
-0.026524093585584 -0.127248994641477 -0.0217695642179662 0.065565438954382
0.0115318587150616 -0.0780531142979105 0.0251759243301028 0.135476244480145
-0.013448893111155 -0.0964433602831157 -0.0219790483828661 0.118742626660949
-0.0759546252872927 -0.0609569602348466 -0.00192965818362023 0.114761324713414
-0.096341100047745 0.0148815416124719 0.0503157567196081 0.0861535409549079
-0.0407257248915142 0.0639081371056929 0.0552350960322961 0.0396041035948687
0.00637909308006107 0.0612227313508896 0.0495188301075572 0.0212886950831648
0.0424052939438499 0.0492939936533103 0.0374905774828272 0.0177496348989841
0.0544028794339414 0.0367144972899581 0.0372289827024183 0.0232967453158878
0.05478036509387 0.0355952338078332 0.0308789330697672 0.0399124584885469
0.0340451368179459 0.0532718550904893 0.00599431625285559 0.0512713177935048
0.000319032621008568 0.0627004584678655 -0.0371570518721333 0.0497966097040283
-0.0597757001799362 0.0571125827991199 -0.0520197803168262 0.00615016553376646
-0.0817204896375738 -0.00268555481692955 -0.0295746874564395 -0.0327758010318037
-0.0440642223569515 -0.069344738932816 0.00770035496223009 -0.00518559590265243
-0.000216655425880738 -0.0918552422527519 -0.0201751228496853 0.0918656078095313
0.0257460090268535 -0.0206728369907181 0.012534257123642 0.150015491351506
0.0154366000228714 -0.0504902971460221 -0.020365205723018 0.119400268671793
-0.0294686533152494 -0.044058154032104 -0.0172528365643146 0.102847027781635
-0.0550284861749875 -0.00342523049097322 0.0268241801337967 0.0870126415507528
-0.0273524564321034 0.0324174103953107 0.044199501069751 0.0574990819597828
0.000923461400806793 0.0332965930188193 0.053435829739693 0.0426508104346474
0.0224982832109419 0.0307683734093079 0.0516965548144688 0.0317400278642723
0.0319327437275193 0.02629239378117 0.049745113938059 0.0337431421804055
0.033699215444957 0.0266320883323885 0.0435569040141704 0.0517574817736433
0.0217202269663275 0.0385755589467975 0.0125893326168509 0.0665284511127206
-0.0046228046111058 0.0448284074525159 -0.0377266363968835 0.0655263848796147
-0.0488604517645823 0.0323479829638336 -0.060169990433931 0.0159474205114225
-0.0528356616453906 -0.0168157209375071 -0.0385360883053857 -0.0266479563903803
-0.0106102278157599 -0.0538461918195508 0.00637202547301531 -0.00284888704427073
0.0253472269997844 -0.0450186783702016 -0.0234554436458888 0.104984443315305
-0.0447068290095729 -0.0106612993701914 0.0160591781487744 -0.120780305627475
-0.016017472255202 0.0267696096344505 -0.0294941372764163 -0.00890638738522624
0.0196848831099935 0.028604443360041 0.0469904125922985 0.0374833272743939
0.0281769554467519 -0.00607801245006205 0.0829735098902003 -0.0118685988934357
0.00708459627382492 -0.0184731455277715 0.0550936137859094 -0.0796526840265149
-0.00432800085410912 -0.0105549538009846 -0.0150983943449257 -0.0954559640559579
-0.00526254467025381 -0.014352206528227 -0.0556080313861163 -0.0672236480268582
-0.00238580387348518 -0.0141629581500267 -0.0657072977339823 -0.0421560122873267
0.00343861305151703 -0.0101524586422588 -0.0705031239650087 -0.0381157645966117
0.0098283023524065 -0.0033731206083374 -0.0689372369223089 -0.0532085842567757
0.0157906534975873 0.00233241042544588 -0.0504171141217954 -0.0738537435404774
0.0119541162566611 0.0253948209472736 -0.0145262715006848 -0.0950359685024175
-0.015959975703634 0.0322306354059339 0.018145515944852 -0.101008065409531
-0.0452471905584023 -0.00382266093577735 0.0182561137026809 -0.0926992540431043
-0.0414437007259636 -0.0369659047416503 -0.0210477422354106 -0.138976282263997
-0.0591839988094946 -0.0622418768007995 0.0369362958521603 -0.10269481158642
-0.0524370071309826 -0.0085279901043895 -0.0216445421226775 0.000841891516531073
-0.0306361813344543 0.0293113416341803 0.0597882078785096 0.0483997889964232
-0.00420825045123896 0.0280660089903642 0.101960311717173 -0.00910116088018405
0.0069965621109016 0.0161095522812274 0.0651237225410722 -0.0846304203720955
0.0104355085844271 0.0152656207231653 -0.0104341756544918 -0.100740925520304
0.0227395347319413 0.00429538620897321 -0.0537971717174894 -0.0680087824233692
0.0271588599141905 0.00054253732267976 -0.0610376570962621 -0.0410628207555642
0.0296004776427738 0.00952061499272879 -0.0671695819913713 -0.0326976854049584
0.0192282276352485 0.0278365075786688 -0.0676795675921068 -0.0456884661007336
0.00635945798819399 0.0350585777793714 -0.0550077399718346 -0.0644592645186108
-0.0267537276925704 0.0481471083428485 -0.0211776484021639 -0.0859205374007028
-0.0607799760702329 0.0219278924550966 0.0101099007878294 -0.0929598415977641
-0.0705224967724502 -0.0458524825305119 0.00265504545411579 -0.07547299124478
-0.0523815121571284 -0.0960016683272047 -0.0310880935901296 -0.108688892232386
-0.0611548436909096 -0.108205582340572 0.0539381540171732 -0.0658449675832828
-0.0801572881387323 -0.052665650295699 -0.0166557472887717 0.0211096984365457
-0.0824883019589988 0.0178234742649397 0.066147509691518 0.0693186022149002
-0.0457350945856364 0.0583876047057766 0.118513345353629 0.00493776558450269
-3.42427423860227E-05 0.0543895177544314 0.0772993518422624 -0.0781436898430738
0.0220496125699045 0.0445090852991297 0.00139239691673849 -0.0964096992821837
0.0464951630746252 0.0257551838397655 -0.0433814524263804 -0.0621832794895967
0.0528671448550683 0.0161404105407715 -0.0476715558091104 -0.0339051889727692
0.0530504055983717 0.0247176065804608 -0.0538844810016911 -0.0211202492242331
0.0319052395762139 0.05098439906692 -0.0603448830007794 -0.0286362509522362
0.00547764772778323 0.0626616403797408 -0.0597479838004575 -0.0436589531987835
-0.0507186258856246 0.0748312711778773 -0.0341427082372964 -0.0709061011267245
-0.0962401365187638 0.0251167989612777 -0.00183792656198134 -0.0841433435083448
-0.0947822921418691 -0.0696158156099658 -0.00583860707763584 -0.0559546340607425
-0.0616470555170153 -0.136567514452722 -0.0360682818861876 -0.063956292471957
-0.0510022177242482 -0.138772604626967 0.0614646188408231 -0.0135592402891082
-0.0918420050885416 -0.095615451180086 -0.0134796452609789 0.0499058150982248
-0.124096594057843 -0.00477983986236771 0.0628589130572026 0.0931966978067278
-0.0883012088832033 0.0751876587215388 0.12331200621666 0.0286493657951297
-0.0133514370305211 0.0861471631177767 0.0861015937560864 -0.0572977774173986
0.0267937667308655 0.0696862773963691 0.0179171400134372 -0.0785737457858414
0.0621292574390243 0.0450877697403128 -0.0250010018599196 -0.0480304810490299
0.0706054703309909 0.0284685596974922 -0.0274748078602484 -0.0218992569991246
0.0697702086487883 0.0338119710836654 -0.034234081167352 -0.00589538294730185
0.0428251677972226 0.0634948943266558 -0.0461880358072365 -0.00743206618397853
0.00950381349443057 0.0795390469365425 -0.0587839406362429 -0.0170365956166294
-0.0590688071730698 0.0950577606563446 -0.0448648472052025 -0.0506677445254627
-0.115246591181591 0.0321872386425965 -0.0138201855104239 -0.0725949540312599
-0.107903022057327 -0.0774171506406981 -0.00560765199013259 -0.0385505126166451
-0.0649840679090706 -0.154955987421662 -0.0332060311938334 -0.0147027865068398
-0.0326779899260688 -0.145825873344658 0.058918920568946 0.0458508262376953
-0.0813148679377676 -0.124593257803485 -0.0131994678263608 0.0821074974777865
-0.139518766397963 -0.0341222221474285 0.0478492125420056 0.113713609892538
-0.118830390146869 0.0697089460293949 0.112464732904391 0.0561309725627705
-0.0297492718654943 0.100911089847906 0.0860130462447413 -0.0253047372602024
0.0240661138346474 0.0837366792928485 0.0339647296151196 -0.0485807952712195
0.0676945188115927 0.0574079084159759 -0.00252361773503606 -0.0276083177242981
0.0779718077709416 0.0364455368174784 -0.00390795971236996 -0.00704886262032184
0.077126454417235 0.0382046246504862 -0.0101065618029139 0.0100197156326369
0.0482173994789076 0.0662761589435913 -0.0267734285549752 0.0147051210609914
0.0115921154776385 0.0836259385739993 -0.0517278088130187 0.00950963373184573
-0.0620133852784154 0.0976395250769942 -0.0497479387106656 -0.0277127643559119
-0.117170504025315 0.0313956123375401 -0.0216103233329738 -0.0589693524848092
-0.102847544440364 -0.0781794076722158 -0.000165287811342596 -0.0242526954425689
-0.0550370262029255 -0.151387627729735 -0.0252457269538156 0.0317747908617113
-0.0104056128628992 -0.125650363720987 0.0475624890429499 0.100616553198158
-0.0522945498278009 -0.126666855547345 -0.0158109340484708 0.108892590429574
-0.122499853173609 -0.0566372423587646 0.0252321192886527 0.123446271922898
-0.123387577101724 0.0466596901025316 0.086473800556504 0.0771508973911848
-0.0411508691808103 0.0933659600700009 0.0756000562382948 0.00940799396822291
0.0166981832620705 0.0813977309555413 0.0456977405077466 -0.0128779444564363
0.0613393657259881 0.0586842285875521 0.0201766841192129 -0.00437991741843017
0.0734405866095178 0.0388627652247794 0.0195666498976611 0.00901098214601655
0.0730229847599427 0.0380850185678582 0.0133556585056838 0.025835319666475
0.0461494848951007 0.062617545256143 -0.00767544273291996 0.0347097944209266
0.00910852003211927 0.0779409074747751 -0.0429034701523918 0.0329201988346642
-0.0621447000219745 0.0852270691714787 -0.0518406733311818 -0.00815643156958392
-0.105718397146181 0.0183178857896587 -0.0276513713079277 -0.0455837061589648
-0.0804017546795891 -0.0766516173047882 0.00570562894294985 -0.0137605749430791
-0.0331727208203026 -0.130899994768853 -0.0189852244194709 0.0696989480309482
0.0087288031519715 -0.0816787448539369 0.032219461983243 0.140071891379339
-0.0180236768183022 -0.100170051406265 -0.0186720613747312 0.123724380528433
-0.0820696150058715 -0.0603712990653872 0.002133799586422 0.12041944660583
-0.100295899923032 0.0199321082131553 0.0559003660115873 0.0879548893844879
-0.0400263998554016 0.0687608582897447 0.0597913201074591 0.0389944904349724
0.0089137375475519 0.063399850456536 0.0523909126223432 0.019865251346824
0.0462429188447549 0.0491006248332835 0.0400290061275404 0.0164315376629536
0.0585457455578274 0.0349071783957194 0.0392560578050775 0.0228799736587216
0.0589827870592741 0.0342541702448215 0.0334946946221964 0.039618568986154
0.0377964173893616 0.0533645744797428 0.00707457573073064 0.0528589162069278
0.00335380005240563 0.0652247260126778 -0.0370928372522813 0.0530201542971915
-0.0587981633794042 0.0621777109225391 -0.0557938473748857 0.00775562771251861
-0.0849016564272407 0.000706138269092541 -0.0333443464576282 -0.0341734881694611
-0.0480957445990396 -0.0707976631422275 0.00753253882719515 -0.00641734297842562
-0.00438705545248083 -0.0950538177086703 -0.0169454325116491 0.097079947149919
0.0255405632957782 -0.0224897656394308 0.0186109037572692 0.155635873229788
0.0137479841195935 -0.0536977930867327 -0.0168848977161548 0.124810588956471
-0.0329701857847443 -0.0446052189544391 -0.0147657938080274 0.108601580234256
-0.0582693537814037 -0.00115102174112814 0.0308691677216174 0.0905843719274117
-0.0277090376447599 0.0356178877363725 0.0487719434016269 0.0584255594159234
0.0024632102061448 0.0346590523618919 0.057414714618664 0.0418025245366426
0.0246874228222362 0.030545019662648 0.0548954631105058 0.0303559312420678
0.0345711274267677 0.0250942698017052 0.0528437502012887 0.0328510961197714
0.036709862791802 0.0255121413691974 0.0464783379541692 0.0514870074239364
0.0248311556600091 0.0390678593997292 0.0153009394604639 0.0687111387598836
-0.00260011876503356 0.047347463172791 -0.0375937956694617 0.0696481128265037
-0.0492333429474718 0.0362400537187557 -0.0631591048150372 0.0181655022263118
-0.0555480114201526 -0.0157376531264179 -0.0421047931241475 -0.027263772500506
-0.0129020530043314 -0.0563562263089903 0.00644459630763029 -0.00428937517834948
0.0245049309058568 -0.0477942096053032 -0.0193307140139961 0.110832386997522
-0.0471982430086665 -0.00696452855838543 0.00800151812341996 -0.124094228257299
-0.0148388253240045 0.028475322996899 -0.0313007075469843 -0.00679474776508394
0.0226530420267704 0.0277136136429081 0.0505080212907002 0.0360631665250405
0.0286781599718314 -0.00867072790751053 0.0842109568918983 -0.0165479052982812
0.00558015850138888 -0.0196562728348094 0.0514458499720555 -0.0844292220320133
-0.00507695376206672 -0.0103571456047375 -0.0210876028120386 -0.0952102906999531
-0.00667791271071951 -0.0135851617105433 -0.0600707144164644 -0.0644730265868242
-0.00397769784605623 -0.0140179571508147 -0.0687412698426427 -0.0384006313625747
0.0025787185000477 -0.0106297178187369 -0.0737212804029518 -0.0333032747174645
0.00955080771062271 -0.00430022227938814 -0.0738946037799861 -0.0483624533788281
0.0164799324789533 0.000701026875257024 -0.0572397100276067 -0.0716654188725843
0.0143593988661545 0.0246139072942465 -0.0221617594773916 -0.0964872837151337
-0.0141409992215253 0.0335318098657999 0.0129260686717866 -0.104248439005777
-0.0472387763730761 -0.000518358321572288 0.0152509080013943 -0.0953987205238745
-0.0453560580674754 -0.0343827044302152 -0.0299660707653548 -0.140272948198698
-0.0647368687364283 -0.0588214880424436 0.0307863847956191 -0.107081698470673
-0.0541665697403096 -0.00439077214361343 -0.0226535055380962 0.00319163562511905
-0.0276949992032381 0.0323229097824117 0.063883267309154 0.045979577887604
-0.00129165035389298 0.0286300016729242 0.103721932234283 -0.0156740608208673
0.00832822307436718 0.0155406932143467 0.0611481909919785 -0.0905507429135426
0.0121068257852067 0.0147778809573445 -0.0169486410575671 -0.101658432847978
0.0229924846609045 0.00293703375664433 -0.0588603126255127 -0.0656492749242226
0.0269432069333342 -0.00165364070811445 -0.064544416792862 -0.0374768345654129
0.0299419109701746 0.00741192083373746 -0.0700562770893277 -0.0284256663299005
0.0217091108421111 0.0268249379057062 -0.0722269445109096 -0.0415148212728955
0.00883731731254308 0.0347314134160564 -0.0611536155353478 -0.0617889809334764
-0.0232026790573872 0.0510674135067192 -0.0280876194104479 -0.0870899358583526
-0.060145107648425 0.0262262400642106 0.00457473852219711 -0.0955758592344266
-0.0754585799411655 -0.0415946838548833 0.000413457131367779 -0.0770028426610678
-0.0605162006093345 -0.0934832022780675 -0.0376081675206795 -0.108477771314505
-0.0698420309827925 -0.105133124879468 0.0508128469804127 -0.0712076818090213
-0.084808304323091 -0.0481630040083991 -0.0161699484034314 0.0227919347553183
-0.0815742925592787 0.0251956702914653 0.0719441217616434 0.0659908392490922
-0.0417216146039568 0.063013537578045 0.121476997084439 -0.00251157760107905
0.00394677469024879 0.0550061533177602 0.0742571836294777 -0.0850220829114643
0.0256237305675296 0.0431793919805374 -0.00494878354947357 -0.0978568884205008
0.0481182356221072 0.0226184060682722 -0.0474163970161327 -0.0603273882010618
0.0536624450568967 0.011375068932618 -0.050522344685823 -0.0311953703169142
0.0548012891757168 0.0209549988364887 -0.0562837420461098 -0.0170964248330331
0.0354926282345791 0.0494656228925277 -0.0639518916775509 -0.0247452066689209
0.00964786610129404 0.0630049257320845 -0.0646391159974274 -0.0401656873719985
-0.0451980594784317 0.0798252516934895 -0.040453428325126 -0.0717996793177596
-0.0955570004348964 0.0320710762752534 -0.006825112760268 -0.0862227348161284
-0.101371291808655 -0.0639458136261608 -0.00752348315586571 -0.0567398042757291
-0.0724770238761792 -0.133920987955433 -0.0396147517445177 -0.063001423434346
-0.0615438451244153 -0.137357209681414 0.0622882603154851 -0.0188293511223287
-0.0999091645179976 -0.0908138939504794 -0.0113951516902848 0.0516676941234699
-0.125752136712911 0.00481686425899879 0.0697939568161953 0.090899657387949
-0.0839441150455425 0.0831957132042746 0.127924931652262 0.0212424199177172
-0.00740407222354765 0.0886976176727016 0.0847275741568534 -0.0641692610188697
0.0320621690646268 0.0687047859335532 0.0131934906974328 -0.0808819714603626
0.0657182383742281 0.0408812360408622 -0.0278914949093481 -0.0474115295790057
0.0729627760065055 0.0227852202446289 -0.0294729516428466 -0.0206972571436838
0.0723387435130279 0.0289430033688911 -0.0346851292368002 -0.0036933591687158
0.0480464540272784 0.0611913173676421 -0.0478330920354452 -0.00377870018346563
0.0153763764975502 0.0795997715527699 -0.0617468468564724 -0.0140759117456398
-0.0530171153932591 0.100272137912375 -0.0503770293626436 -0.0497830853157636
-0.114104693139113 0.0411655572138449 -0.0188090437169908 -0.0744568112127472
-0.114823290386807 -0.0710629184236656 -0.0069510955118535 -0.0394941137977478
-0.0770139357925941 -0.151807817423687 -0.0335162218152148 -0.0125071584504891
-0.0433828754113106 -0.145364043916694 0.0636617431532113 0.0417982202658569
-0.0909967863176834 -0.121239683296236 -0.00897560589182434 0.083818524437091
-0.143393346028239 -0.0241708091184356 0.0558077158292841 0.11310952229352
-0.115497882089868 0.0794339264195534 0.11807124374016 0.0503933520036701
-0.0232231993751334 0.104346421868386 0.0863321487193334 -0.0317242320278762
0.0307247047194511 0.0830902704733489 0.0311147651148 -0.0518913062701451
0.0712929851523293 0.0525921630925618 -0.00391788554714403 -0.0278896035993322
0.0807963180462361 0.0303011972041752 -0.00486238952691677 -0.00727379120007516
0.0802642102971607 0.0321550481459552 -0.00982024928609318 0.0112352441146824
0.0534978938842546 0.063847420841486 -0.0271996873948027 0.0171738387700929
0.0178794140481525 0.0840014848237251 -0.0528933562440494 0.0129595880732388
-0.0552257212622042 0.104021821966917 -0.0541812852767121 -0.0264231025189085
-0.115941483884687 0.0397592142201569 -0.0266085801647034 -0.0595631120278469
-0.109581795596985 -0.0725023446808264 -0.00036651301978563 -0.0255852127467339
-0.0663979670021996 -0.149280790692092 -0.0227490098602223 0.0342255449211948
-0.0196579861827929 -0.126884080037565 0.0553767392197383 0.0985383165287854
-0.0616906648176274 -0.125273912604293 -0.0101563825389009 0.110783140677368
-0.128026652175717 -0.0487158078436353 0.0328497253128193 0.124650592849016
-0.122060915065675 0.0561808173877602 0.0923449662106941 0.0737078725506173
-0.0353424393862391 0.0981744675517965 0.0779859371117136 0.00469786340772367
0.022368143004443 0.0813346980512882 0.0453428998503725 -0.0165163586421795
0.0658451877926472 0.0549135871155038 0.0207054348709986 -0.00643678148734941
0.0767233796209572 0.0333112587928703 0.0199634563815136 0.00759001192790023
0.0765459475422843 0.032717602830886 0.0145080857294664 0.0247408766139254
0.0511959732249944 0.0603256977916974 -0.00677050388865169 0.0356148497850722
0.0146255140698719 0.0784657688171931 -0.0421374095755399 0.0360374286960393
-0.0563789446444962 0.0909535311019578 -0.0549388646076399 -0.00576227901566755
-0.105457974501616 0.0259784945501366 -0.0318361543886054 -0.045754456293076
-0.086565184082157 -0.0725557460921043 0.00496072530368375 -0.0152198864333325
-0.0428224666053192 -0.129817559201622 -0.0132785992605182 0.0725355708983912
0.00336041870553864 -0.0832328651142655 0.041604893021523 0.140208968869557
-0.0251770711106761 -0.100829142077711 -0.0116751939734031 0.126456289423741
-0.0872244112287931 -0.0554271027040263 0.0090861287620446 0.122394067484747
-0.101045158325258 0.0270668508531712 0.0618916957334711 0.0869169301094423
-0.0359599416416547 0.0731191165206371 0.063893760803486 0.0359746463391833
0.012876467268476 0.0640553792567498 0.0543054995862 0.0163591937099347
0.0499404525575846 0.0464494560077689 0.0421643683095251 0.0137655511460343
0.0614510088490371 0.0300048602736848 0.0410750737692112 0.0206274888543055
0.0623174304401407 0.029800906775223 0.0355432011143821 0.0379474744518906
0.0424592752260879 0.0512128299144922 0.0100911312154097 0.0530179325608645
0.00792636862414149 0.0663387487975768 -0.035099244080294 0.0565272646989544
-0.054767318579088 0.0681861050184624 -0.0571067675753967 0.0104956917296973
-0.0854716905703868 0.00638988066192931 -0.0370122840534793 -0.033579801936031
-0.0534152312757463 -0.0686798516441995 0.0073700364406039 -0.00808941946549098
-0.0108211543647553 -0.0958261804578389 -0.00968996264031734 0.0998166077081721
0.0244409329433677 -0.0245577094574742 0.0286861952233823 0.157124923554583
0.0102717733726049 -0.0554189813897926 -0.0102795404898921 0.126648257527978
-0.036885292151761 -0.043336778817014 -0.00905472184264222 0.112345875167806
-0.0597382931938745 0.00294424548441594 0.0366136541273072 0.0906345054883066
-0.0256784992707843 0.0383311055252109 0.0535866976920694 0.0570198826503036
0.00440208498880805 0.0358792872268655 0.0614355873688151 0.0380471318254289
0.0268415775623464 0.029525659645327 0.0578157321364638 0.0266131839170771
0.0374066332500928 0.0224852676483695 0.0553504303995636 0.0297881011060584
0.0392735750486061 0.0227140962741531 0.0502825088106649 0.0487762555320957
0.0284566736957326 0.0374638149417819 0.0188494896731886 0.0682802053128551
0.000614322099002304 0.0482331377986652 -0.0342042501726938 0.0730301898745492
-0.0474379259695381 0.04046684670042 -0.0638335999059608 0.021933208325823
-0.057250320731015 -0.0118150167824189 -0.0453967251849276 -0.0259612282062765
-0.0164034987525953 -0.0567478915489165 0.00591707611385634 -0.00554572785750887
0.0221135696094875 -0.0501167372324286 -0.0113798325919556 0.114106811061411
-0.0467572853783778 -0.00311179360312402 0.000421423391151678 -0.122787325204345
-0.0130160877742005 0.029565563650529 -0.0314087711362473 -0.00383376539332857
0.0245300895997741 0.0256260011447924 0.0517078527557964 0.0325218710411836
0.027644409945156 -0.0104050136694234 0.0825983233177243 -0.0206877131364385
0.00456829493121554 -0.0197150088592499 0.0463595214348374 -0.085490087200334
-0.00527669910810286 -0.00984360981166835 -0.0260109245146164 -0.0916191659586143
-0.00770619823418938 -0.0125322574591953 -0.0621717473804933 -0.0588929628034112
-0.00511961766329165 -0.0136254580778754 -0.0690364211528434 -0.0331285800317111
0.00140370981617317 -0.010455354561276 -0.073536779257694 -0.0275977419535766
0.00852856593369741 -0.00476756494801306 -0.0751782934272532 -0.0426129140348646
0.0159964125693909 -0.000359144277894205 -0.0608605431555313 -0.066773974946653
0.0154403374496641 0.0229599163464589 -0.027551029067737 -0.093301186529296
-0.0115320926145549 0.0332947267911425 0.00702478766538429 -0.103195980577589
-0.0467921604105421 0.00253158390231494 0.0123440292512786 -0.0938539736222785
-0.046605902955328 -0.0306033138873162 -0.0371016723661367 -0.135104937153
-0.0674476254141763 -0.0525474192073646 0.0238327535515942 -0.107802697420295
-0.053321594428718 -0.00071475176188647 -0.0227168634601274 0.00464563386649641
-0.0240814749168656 0.0337837925905061 0.064862246066201 0.0415920908183422
0.00135616524115886 0.0280948339652191 0.101548181877731 -0.0213550658912624
0.00879655895828141 0.0144013656334808 0.0552261097819926 -0.0924682229134516
0.0126557227941404 0.0134435612699935 -0.022278472348631 -0.0982349892672182
0.0219648828810475 0.00164176864037219 -0.0604619858122942 -0.0603751402688939
0.0254085469533653 -0.00340470332739847 -0.0651972761746305 -0.0325238499622551
0.0293854856579136 0.00507860974257127 -0.0696738960905006 -0.0232386691252434
0.0226400235400819 0.0249117523953979 -0.0730661055100913 -0.0355554066636674
0.0104988010443198 0.0329031178639978 -0.0639216242935235 -0.0569284070813528
-0.0185769987264169 0.0507056102238836 -0.0337227188139825 -0.0845025111113589
-0.0567736916531901 0.0291460349048781 -0.000425011675736499 -0.0944938290723031
-0.0762511728257032 -0.0361122216491702 -0.00175576675936458 -0.0758637775826446
-0.0650966477462719 -0.0867125925976381 -0.0423555445778226 -0.104192120872932
-0.0746678802666399 -0.0977210160094708 0.0460066738258648 -0.0735852709485863
-0.0861014045806687 -0.0412377612621296 -0.0152882716937735 0.0234114620517594
-0.0776709751510401 0.0297743911764586 0.0738777928781134 0.0614483211272912
-0.0356626170839273 0.0637387277298001 0.119265604916766 -0.00944483714820395
0.00739340169600197 0.0531614847721191 0.0681261744929094 -0.087615168964108
0.0275629373159091 0.0405104800014312 -0.0107423297812484 -0.0950038712780268
0.0479864710211092 0.0189052052806098 -0.0493254199506005 -0.0564792965172489
0.052468994745441 0.007359977452586 -0.0510594864578687 -0.0272573828468551
0.0544170998164893 0.0165205776724734 -0.0555251652386651 -0.0132807840510139
0.0376994297608991 0.0462023768211651 -0.0641265682881073 -0.0193603605322316
0.0134575565179538 0.0605463441894423 -0.0666278421945734 -0.0358611378890879
-0.0379047499658134 0.0803255980626438 -0.0453071079092759 -0.0686992486309305
-0.0910797641720038 0.0366082189727202 -0.0120464834262699 -0.0848013562709024
-0.102668029318342 -0.0563197880520685 -0.00845054810027378 -0.0557332633107033
-0.0791944277338547 -0.125402595152662 -0.0414724747866178 -0.0590550389941612
-0.0685783585267133 -0.130047761196666 0.060256228323654 -0.0228010942523244
-0.102757107342861 -0.0830207793133138 -0.00893183368912849 0.0512396097812624
-0.121893521008067 0.0130068043652646 0.0735151222259924 0.0857371643795171
-0.0763246165951526 0.0866661784035347 0.126976995220493 0.0139252861113954
-0.00153748588176629 0.0866629206429169 0.0792842629581595 -0.0685420332249726
0.0359053697811813 0.0647218212898798 0.0076565821239195 -0.0797204773238115
0.0659479984831065 0.0357129488836896 -0.0295128139735342 -0.0446615320485034
0.0716011275520268 0.016720180291655 -0.0299759562703093 -0.0185655209704484
0.0721779960164835 0.022932975094857 -0.0342522992712796 -0.00111646826510032
0.0503424350201307 0.0565834637094566 -0.0479024734037563 -0.000377026709613062
0.0198404714312909 0.0764803808807028 -0.0623691622881588 -0.00981837832901503
-0.0443285833895401 0.100658335087224 -0.0542787520239042 -0.0465856046484155
-0.108335219536612 0.0473228206775416 -0.0228535225309123 -0.0727568838653072
-0.11637036753336 -0.0625247405610688 -0.00728358486875121 -0.0391909557650606
-0.0847061246485998 -0.14232368998607 -0.0322541023516949 -0.0105832197111983
-0.051278890366879 -0.139293441659487 0.0646371494226854 0.0363509614166438
-0.0958205866117477 -0.113449981782251 -0.00525477701203212 0.0820245829527175
-0.140986536370972 -0.0139808869063772 0.0604100336434995 0.108333705017102
-0.10749854796485 0.0850516608481442 0.118637447049515 0.0429256314662906
-0.0161729383418385 0.103917868516492 0.0832032359113832 -0.036117857360791
0.0343851231049175 0.0792353693150448 0.0274286348482251 -0.0524882460694297
0.072881402804486 0.0473806054912517 -0.00490362418510406 -0.0274894556142601
0.0799672324248782 0.0237211562778015 -0.00507514206010817 -0.00652293281814091
0.0797463401239581 0.0257406517504136 -0.00881181292345888 0.0114211707521572
0.0561742277458918 0.0589894718458881 -0.0262930643143049 0.0183089448389745
0.0222291151545928 0.0805804636983632 -0.0524294225591659 0.0158525238118472
-0.0461813088392145 0.1041878391567 -0.0567105352519505 -0.0233876315254545
-0.110504403850666 0.0459558990227044 -0.0298716082036609 -0.0583190056177107
-0.110819292567922 -0.0640207641486033 -0.000983445798562142 -0.0257199682381229
-0.0744275860635157 -0.140733592480021 -0.0188797554681058 0.0343980322422824
-0.0267371317889945 -0.122498994079978 0.0600073022502534 0.0925235462145082
-0.0675372656613236 -0.119263534083819 -0.00473897068289273 0.107975708958553
-0.127374987540657 -0.0391673959154403 0.0387023705472492 0.120293381209697
-0.116028378357914 0.0624302076890756 0.095033121313642 0.0679744865851735
-0.0285590342892898 0.0977391044423289 0.0767802396472509 0.000154578351951289
0.0266211806122047 0.0783782078752017 0.0431768765878644 -0.01887024650437
0.0670854317475909 0.0494926385853951 0.0201835890529765 -0.00805220992355406
0.0764321944055123 0.0264316591237737 0.0196902219779607 0.00610873481846746
0.0764003141359925 0.0260329915705537 0.0152104096972417 0.0233943010879113
0.0536573303011651 0.0550955801597868 -0.00528314461680767 0.0354075346152589
0.0188091794624321 0.0755455809541912 -0.0402742804848401 0.0379964927134331
-0.0485401130845062 0.0920560043581462 -0.0559438854212526 -0.00351442278916112
-0.100933768336592 0.0319430264981362 -0.034791456629675 -0.043845510914794
-0.0879066584263399 -0.0656741572554527 0.00450337976325469 -0.0162709834365855
-0.0494453272266389 -0.123214503225292 -0.00767599299137665 0.0714711068545859
-0.00173608751317375 -0.0813711171118045 0.0487464114665149 0.134241601086604
-0.0301741497089044 -0.096641887501174 -0.0059126549039628 0.123129509915825
-0.0885385457364105 -0.0483633105405215 0.0147446118475823 0.120192772897998
-0.0973942273839084 0.0330557354615608 0.065635397227531 0.0819977573032757
-0.0308151499471105 0.07364243280989 0.0652935721545014 0.0315781717127298
0.0163506499397161 0.0618861148881288 0.0541378729200291 0.0124689528876529
0.0513014878069673 0.0416578798308572 0.0418588021622105 0.0107214926683323
0.06171339327082 0.0247609119003923 0.0410457032117408 0.0174213066930949
0.0621191684545481 0.0242706851449717 0.0363641833816312 0.0349993062959861
0.0445118564791061 0.0472715887199211 0.0117129310441468 0.0510334236724899
0.011716936676045 0.0642293474790093 -0.0319270426902892 0.0572495595202055
-0.049043341671873 0.0699403629953354 -0.0564981429150775 0.0131351688913245
-0.0827363149784771 0.0118475725799657 -0.039364529985144 -0.0316967495624284
-0.0559332942674323 -0.0643488329949087 0.00692669129782882 -0.0090738949524226
-0.0163023685369348 -0.0924317689813828 -0.0022319453660853 0.0980254541612294
0.0222422680294298 -0.0251234056934597 0.0367701036304694 0.152628009237732
0.00638631518020824 -0.0542880112046594 -0.00409339453066095 0.123321891761425
-0.0385576620639151 -0.0399121781853276 -0.00327596211048984 0.111017797016081
-0.0592899580836785 0.00667089616957803 0.0407479596482928 0.0877345628248895
-0.0227960894958898 0.0391993730218561 0.0564106984292245 0.0527799915179462
0.00620845689214462 0.0347660912054754 0.0622842074626161 0.0338159569238197
0.0281653847788628 0.0269120538017136 0.0582892516590456 0.0223863866209755
0.0378317511728806 0.0190519354701857 0.0552019184513322 0.0259587733420878
0.0394902571599446 0.0194834493181366 0.0510367684138097 0.044854493241474
0.0300732912136567 0.0343189673390279 0.021457786053031 0.0652283398489985
0.00343579442951588 0.0469434691650734 -0.0298161992357166 0.073387325507486
-0.0433433626493384 0.0425470922524287 -0.0626608222708031 0.0246689726659562
-0.0561503570227094 -0.00819581548939182 -0.0468782327051861 -0.0236621574785644
-0.0191615633599876 -0.0548142071337837 0.00535119501688473 -0.00640967287248109
0.018344708857085 -0.0499802926118565 -0.00339047071282834 0.112560477539817
-0.0461065710982388 0.00216522912909865 -0.0232261818673505 -0.116886058047136
-0.0083286468797884 0.0305410678798879 -0.0325531118683675 0.00330614045391123
0.0280775202996859 0.0198546259177951 0.0557595204024243 0.0255329428082206
0.0243924005109818 -0.0158063942544543 0.0797588968029167 -0.0330095857745717
-0.000181757129609417 -0.020563326164745 0.0318867902433651 -0.0911063921989051
-0.00749425002204942 -0.00811108083312473 -0.0384462816016423 -0.0845967446238917
-0.00958034910125426 -0.0101924589294053 -0.0687102282963052 -0.0486705887662829
-0.00747300052641119 -0.0114103224184503 -0.0707256714650781 -0.0215707305529403
-0.000855594939891439 -0.00931598207905436 -0.0750005417489442 -0.014508877438365
0.00717208938979629 -0.00585228174622736 -0.0793719650210577 -0.0278859341958123
0.0138172145192334 -0.00281228528825307 -0.070003522389843 -0.0534478436137324
0.0183599984246771 0.0181513086454158 -0.0420865505179347 -0.0851286073145038
-0.0070291898445946 0.0314144215286567 -0.0101696594440531 -0.0997653190379199
-0.0437724629555556 0.00792027206988133 -0.00137222213533883 -0.0923413269653163
-0.0498799049237553 -0.025253684608082 -0.0539460687247584 -0.12353880614108
-0.0704534214123081 -0.0421457205248014 0.00106812635886867 -0.109409145550569
-0.0501181459534431 0.00742985205861672 -0.0238730047374944 0.00862101987372633
-0.0158623448284944 0.0338981157901192 0.0667254082944254 0.0315025237003956
0.00584797305036144 0.0231665309226737 0.0943661274482644 -0.0346692890607558
0.00846563381864161 0.0103175967821602 0.0396271129712296 -0.0967626973351264
0.0123916310213837 0.0116106602453123 -0.0362073183988917 -0.0899858905814226
0.0198174623285429 -0.001042974617305 -0.0667896998522643 -0.0489939095905166
0.0220372271185351 -0.00636647474707285 -0.0667756151315594 -0.021235003309189
0.0281509291465679 0.00118367513817493 -0.0710247501075974 -0.0110391876508382
0.0242992747856919 0.0202098401448775 -0.0773442646890262 -0.0211569968424224
0.0128193755924957 0.0296501566256351 -0.0712057679891459 -0.043739032488236
-0.0107520554711538 0.0493711510058701 -0.0468959321629855 -0.0767693269236185
-0.0494290581133863 0.0330567812465452 -0.016410871889346 -0.091437813673626
-0.0770984153597745 -0.0240649634351914 -0.0103649508834028 -0.0728247262242421
-0.073856493474749 -0.0755173082762987 -0.0534682273329684 -0.0932929109176505
-0.0825930604540142 -0.0832842097989147 0.0273717053745277 -0.0833580577292247
-0.0856301349953728 -0.0262748951378652 -0.0147186029813439 0.0233851536430388
-0.0650775682481945 0.037944221723116 0.0744911282863751 0.0478142206711234
-0.0225919719188084 0.0621162866526892 0.109436793911983 -0.0250227166491374
0.0128454842489388 0.0461653070598171 0.0522060864398472 -0.0919363226823078
0.0301996873141671 0.0347547275124562 -0.0233899382810658 -0.0881204122562629
0.0465371184540775 0.0115810811896715 -0.054122810737745 -0.0455662340588867
0.049055635640757 0.000288100538675702 -0.0523612501822213 -0.0178599492845932
0.0528122419088604 0.00830167304852355 -0.0565684275065576 -0.00332629400596498
0.0418651222108521 0.0385181352278735 -0.0667659674995183 -0.00656512535304214
0.0186410525741252 0.0554680583894894 -0.0703343258870852 -0.0238004593690873
-0.0256077971375987 0.0805399617317061 -0.0552550352545088 -0.0604039123241881
-0.0803339948470866 0.0449542199859721 -0.0268074600016058 -0.0810763988397441
-0.104647012590564 -0.0393584312504836 -0.013477479533246 -0.0538925980146314
-0.0921652066518092 -0.109861158845878 -0.0451489706200867 -0.0507996934166964
-0.080126122692554 -0.113912568150461 0.0502228054597678 -0.0390986551374771
-0.106874346570431 -0.0630386425340297 -0.00470098906944149 0.0464008135541151
-0.108260871515402 0.0286253617895822 0.0750854945344663 0.0696150548101021
-0.055711893003344 0.0890549941630301 0.116788056703683 -0.00366011065127039
0.00974168761635521 0.0786821196481228 0.0651716568146313 -0.0727363853647104
0.0413626868414086 0.0565306767752723 -0.00333516020314318 -0.0750921601991465
0.0660287440647956 0.0240014248617045 -0.033073112446035 -0.0364046706454753
0.0684678197049654 0.00624695753356441 -0.0311553293501434 -0.0126095257662239
0.0703602662402286 0.0114705373486463 -0.0349906119372345 0.00494320999731582
0.0553401657181088 0.0469664036925284 -0.047781838032342 0.00872666600352755
0.0271177334524249 0.0703724390654119 -0.0627218733331715 0.000689820815785833
-0.0284292475002365 0.10118291398208 -0.0603342115857378 -0.038124377858631
-0.0956731517730603 0.056522852210366 -0.0361712926400146 -0.0675617129961359
-0.118303636327921 -0.0434344823280573 -0.00980023115532754 -0.0381485531666683
-0.0992435908421897 -0.124835379448614 -0.029172861021427 -0.00617443852370113
-0.0635993848636365 -0.124092939122768 0.0651242314147821 0.0160312458224454
-0.10367109658139 -0.0916823148109625 0.004374214453439 0.0740826122569848
-0.129901944858564 0.00650728519086273 0.0654880087651681 0.0907585958507859
-0.0843384194718012 0.0926519327262276 0.111582452315423 0.0243788211539393
-0.000980883942477705 0.0968678838317649 0.0725977337850017 -0.0418841919330485
0.04264023554005 0.0701208796390885 0.0194595907198679 -0.0511665031585916
0.073888283257073 0.0333892331911588 -0.00648017074601799 -0.0230495754985146
0.077490108695367 0.0117971609836 -0.00595661578570662 -0.00497038631938231
0.0788501997653144 0.0128358814139871 -0.00901713313631744 0.0134615918426643
0.0612871644102924 0.0484372636623713 -0.0244828367268933 0.0233750455367709
0.0302631830243882 0.0741292402110875 -0.0485657307402706 0.0235893764024318
-0.0303117689253094 0.104827583581495 -0.0596026484990882 -0.0158573236500336
-0.0976564787332994 0.0559912829514391 -0.041096039357825 -0.0526670946126154
-0.113040342429637 -0.0456364168047439 -0.00198221587391649 -0.0266163649394591
-0.0882689316272083 -0.123864208014175 -0.010027725713819 0.0344269303632619
-0.0375910012777884 -0.110482233995908 0.0717458277599882 0.0708976517650739
-0.0775835778106511 -0.10113454681643 0.0104300078996942 0.0981272562523605
-0.120820893713814 -0.0182409466641408 0.0472137672807915 0.105026822800081
-0.0957039629279078 0.0738982222750104 0.0928965304076355 0.0505521887150122
-0.0125935026125062 0.0937324600080693 0.0720600075114282 -0.00602959493883869
0.0353440078525089 0.0700040869676782 0.0399030887127875 -0.0214694533235642
0.0697169169026766 0.0363428693956194 0.0206848370315538 -0.00754200359074272
0.074871589105548 0.0146833150801618 0.0198741817768651 0.00351588227023621
0.0756102408837624 0.01391588438403 0.0162593219064743 0.0208759006535066
0.0586715542333253 0.0451012510041842 -0.00189336148476359 0.0360742828458244
0.0262151409498848 0.0699564244359867 -0.0338207140149537 0.0428256981366237
-0.0338737992930281 0.0941094263616155 -0.0552724669164625 0.00359892185111256
-0.0906637735968484 0.0417532142757217 -0.0427765762509674 -0.0381214150153522
-0.0918188792201748 -0.0503848459522748 0.00411627330121124 -0.0178633792709527
-0.0619515973819412 -0.109734532678762 0.00554759109684833 0.0680876024263548
-0.00891435123258722 -0.0741294297015519 0.0688857717047689 0.11467729619027
-0.0394155601496518 -0.0855714232290277 0.0128223212297667 0.114242554522257
-0.086188395168848 -0.032292592632252 0.0272737643202811 0.108548927667554
-0.0833644827093493 0.0447266322306966 0.0689788759715989 0.0677209709216148
-0.0174678913585941 0.0722863738348924 0.0653838139706605 0.0249739928540126
0.0234466950856261 0.0562683763046048 0.0547254061152194 0.00640945775033362
0.0538915461459872 0.0315709811154196 0.0437166286056987 0.00679576295860484
0.0613767369426036 0.0148662237112776 0.0419839652347103 0.011781564530284
0.0623113455370895 0.0137940332690708 0.0387089289041355 0.0285830155449095
0.0491603083282605 0.0390630550254109 0.0169190344353949 0.0481433799572113
0.0184170653804162 0.0600862937409791 -0.021976390945357 0.0601008252442371
-0.0378846080240574 0.0734109859318312 -0.0534811237182658 0.0196723576377345
-0.0764871825220731 0.0198912441804656 -0.0451335246890635 -0.0252665390205833
-0.0611087982571911 -0.0537000393012628 0.00645083401747748 -0.0108103179695308
-0.0263912175880359 -0.0844727815139697 0.0138773561089212 0.0932479299404992
0.0203984140099469 -0.0242164407547515 0.0617524696420269 0.13675385351776
0.000500946812317412 -0.0509092635539646 0.0152874934294736 0.116177188694712
-0.0394581166324291 -0.0305725773935023 0.0116580806469137 0.104398565462993
-0.0518071741712109 0.0149383712084526 0.0489362670704124 0.0764120627733259
-0.0148668944397534 0.0393821177377832 0.0615988710532422 0.0441093624233534
0.0111501876913322 0.0315429054053961 0.0662103810829224 0.024179922720549
0.0306212601945436 0.020631331829554 0.0603907403442188 0.0152386146517075
0.0384822070366544 0.0121644268245499 0.0572139049827088 0.0174198301871127
0.0410623110671894 0.0125227411484524 0.0549969338810228 0.035132947397695
0.0336992898566501 0.0287169683629595 0.0292604640990061 0.0601851301484346
0.0092659750177825 0.0453826331082448 -0.0168731539756234 0.0747027551035731
-0.0365290072110846 0.0469824819404207 -0.0563593771937714 0.0321702906607323
-0.0539892174873346 -0.00157086907604338 -0.0499120972597281 -0.0164974611371202
-0.025134249161885 -0.0493089765011159 0.00484187648289819 -0.00752591442291902
0.0121377605575255 -0.0480799172315124 0.0141626304099468 0.107224333458768
-0.0448407127610351 0.00265056241621051 -0.0212644124772915 -0.114932567536352
-0.00901463802590343 0.0302686416396451 -0.032006712739174 0.00345587114602098
0.027557858649674 0.0194154326451991 0.0542307756110763 0.0264715591333784
0.0241929792276065 -0.0158139111647186 0.0791490146281193 -0.0312483713420365
2.40420747829552E-05 -0.0198485268791762 0.0331887625817335 -0.0888311524467265
-0.00692612064495629 -0.00802841673759416 -0.0357319289104119 -0.0821552822687077
-0.00935389512346142 -0.00932052765903246 -0.0660331425945329 -0.0475054285764917
-0.00770968031713839 -0.0107779268867793 -0.0682482415362085 -0.0218382627352621
-0.000814733265864612 -0.00910561366017736 -0.0722348444081375 -0.0149156038396409
0.00681809769963232 -0.00556492855870508 -0.0768393461071002 -0.0278619024774517
0.0131279152374291 -0.00274999141542843 -0.0673067602681007 -0.0531231637199702
0.0175283239522388 0.0175673576561813 -0.0396074854894506 -0.0833820966910938
-0.00712055090183887 0.0302425403265258 -0.00738320151628189 -0.0981110404253539
-0.0430913808745306 0.00713754578558716 0.00206910401995563 -0.090625427956423
-0.0482634076408659 -0.0246484045561475 -0.0502282869645617 -0.120881446320536
-0.0688081473207491 -0.0406519212531427 0.00221061848608605 -0.107589639849163
-0.049171072296346 0.00659403232726942 -0.0244062925856732 0.00841291341654225
-0.0152585586631733 0.032555490582824 0.0645650895417155 0.0328498438899527
0.00617724766178128 0.0224043726848524 0.0929157494870357 -0.0327067112746151
0.00787241186349972 0.0099954294805591 0.0407877447770233 -0.0941784569228167
0.012198450786862 0.0111437402429584 -0.0330719273259808 -0.0876560700431661
0.0189035110220083 -0.000503961806708317 -0.0639270304338384 -0.0484145171045903
0.021066817180701 -0.00603843117577415 -0.0645542560767022 -0.0214315420386125
0.0264995780395328 0.00138494773510629 -0.0685384906281158 -0.0113122846306034
0.0230287319564942 0.0197664392590192 -0.0752800795666504 -0.0208280689672125
0.0113847463177168 0.0287191752252743 -0.0690682610404462 -0.0433702356363195
-0.0110896015414319 0.0475042885401524 -0.0445501776692574 -0.075524960233971
-0.0486125762561963 0.0315272568221237 -0.0143304337415015 -0.0903865789644811
-0.0746532042327074 -0.0246782037027963 -0.00711328545752815 -0.0721421684989575
-0.0713428966371228 -0.0743345659491815 -0.0499521410251469 -0.0919451779192654
-0.0796546112439413 -0.0812223667522624 0.0275420548138418 -0.081860558871922
-0.082980155019478 -0.0266849407446969 -0.0155889651222033 0.0227250318736741
-0.0629527792663992 0.0361861759588824 0.0721333807339116 0.0489416056216248
-0.021682996820753 0.0600297817380228 0.107731618963769 -0.0225931422410953
0.011623831669847 0.0450490318297107 0.0528228309739033 -0.0891551323164877
0.0289639420072644 0.0341028947918835 -0.0216857959039571 -0.0853990686418895
0.0447617861474275 0.0116117015158927 -0.0515242650101035 -0.0446478628521477
0.0467459666609458 0.00018735973690298 -0.050762924662921 -0.018253519604072
0.0502522065336507 0.0083563920401528 -0.0547626391478341 -0.00385249692386031
0.0397148434807818 0.0377503190086638 -0.0650103549631168 -0.00690745339518419
0.0173146206195931 0.0535977381464743 -0.0692962491139846 -0.0237185615581964
-0.0249224673424145 0.0771979983641459 -0.0541765667580026 -0.0596996910694021
-0.0787372672591751 0.0426325490537735 -0.0247258932266426 -0.0803366754305089
-0.101396639140857 -0.0399839633732815 -0.0108549739480367 -0.0536158724140288
-0.0878456091704058 -0.107273339449258 -0.0428095747333229 -0.0508282382964481
-0.0763422213673948 -0.110984180089555 0.0490789548887902 -0.0384284259965922
-0.103410434194179 -0.0622950237273418 -0.00626206102925438 0.0452949891571568
-0.105101995660929 0.0270007693429915 0.0717161596716939 0.0698623530998593
-0.0546160650121808 0.0862715692791949 0.115019807376622 -0.00148483239200265
0.0088346955473138 0.0767211179619178 0.0650593013046826 -0.0700374467664454
0.0393444010868566 0.0555514212829812 -0.00199852992003414 -0.072578172285625
0.0634243920515881 0.0238199299406891 -0.0310530750315713 -0.0360650870593
0.0651456680135656 0.00643108784262441 -0.0300685523493544 -0.0127004748461777
0.0676084307492163 0.0113810258082686 -0.0337668876511374 0.00453408195815827
0.0528032688446772 0.0462010369737441 -0.0475401901008976 0.00857865504144599
0.0252109275266303 0.0682518859933194 -0.0618446227589083 0.000237876335562682
-0.0286356159438359 0.0972887199157946 -0.0593469598394145 -0.0384269719491945
-0.0932661932200376 0.0539777406070904 -0.0346548389648797 -0.0678798029622279
-0.114529681765732 -0.0440696157871592 -0.00768887138138053 -0.0380251744927552
-0.0943711861979787 -0.121812478203639 -0.0271652268470883 -0.00721651881988946
-0.0601576574399572 -0.121492308584879 0.0630611964136196 0.0157660648782249
-0.100334776671196 -0.0909082507506343 0.00126995385510708 0.0718761375400077
-0.125551906343783 0.00517094237183105 0.061482006205419 0.0904385161926473
-0.0826117715644441 0.0896280368382462 0.10923657187351 0.0259174060981899
-0.00156822558107622 0.0943219843703378 0.0721958575414396 -0.0392217537334432
0.0402315093683393 0.0687624623491229 0.0199731188467656 -0.0491188242621694
0.0712218588325773 0.0330255573891546 -0.00567630584250808 -0.0227038924342479
0.0743788761505704 0.0116528671625855 -0.00541085612440362 -0.00460750205008069
0.0754384806514242 0.0128034729460513 -0.00901683071363388 0.0131268611981069
0.0591601324549751 0.0473642591377434 -0.024904761482233 0.022289096284116
0.0282706204057065 0.0720880165619301 -0.048373176592022 0.0226903315883239
-0.0302144868658096 0.101249093447619 -0.0590497888622514 -0.0159327652383997
-0.0950289815605503 0.0534939355628979 -0.0399713964968047 -0.0531740864548209
-0.109369922066162 -0.0463806470262613 -0.000949177451120948 -0.0273284222884716
-0.0837448385328296 -0.120353510018075 -0.00899615154243149 0.0329875571591545
-0.0355532099510466 -0.107442898338469 0.0681571488482239 0.0694071937726194
-0.0742796492986396 -0.0994095776531549 0.00675367505624679 0.095422666124095
-0.116328088662358 -0.0191751721999486 0.0439080300385787 0.103926804339698
-0.0940380569630255 0.0711005021363007 0.09025619902619 0.0513457364249824
-0.0132421849862933 0.0912299989421887 0.0706896464099876 -0.00462139755173823
0.0333484942428967 0.0688817821667128 0.0392896972742886 -0.0196865077998658
0.0669931663035508 0.0357418494096867 0.0201179353202699 -0.00704672350341142
0.0719418585913536 0.0142690579603241 0.0190855587674811 0.00380038887799975
0.0727972758781899 0.0137290870451272 0.0154499971449766 0.0209964894549119
0.056494716631336 0.0443968708555617 -0.0031841594280348 0.0352046767905389
0.0250239680611137 0.0683600323886256 -0.0341819804212139 0.0412754711358283
-0.033960591884691 0.0907887556742077 -0.0555457347747558 0.00318277480615637
-0.0882320597511176 0.039206721242271 -0.042467693733103 -0.0384605378219109
-0.0886538441128542 -0.0505197693701723 0.00477790104822459 -0.0180662556888493
-0.0586766460212011 -0.106597413433136 0.00567929381329274 0.0660100801350242
-0.00781789588980889 -0.0718717403105536 0.0648591648309754 0.112256060522227
-0.0370650010342609 -0.0836798333507179 0.00858440333617617 0.11002405487225
-0.0828869166022836 -0.0320789853864507 0.0241627072462644 0.106735870451027
-0.0820117047363286 0.0429021050053561 0.0662957982341073 0.0679735782304406
-0.0179611117839703 0.0702589762565776 0.0639497758962733 0.0249336656473431
0.0224870770774079 0.0549054243271365 0.0537979627356652 0.00720167211111286
0.0517243693138603 0.0305750021308322 0.042462356324228 0.00679118442594454
0.0591312695336904 0.0142776776770416 0.0407421744386615 0.0123470737809979
0.0601116888357428 0.0135299321461761 0.0368477764883628 0.0286949512985874
0.0471987257805214 0.0381189021377244 0.0155445100565132 0.0477167701473721
0.0173346245051697 0.0587855141160658 -0.0231466826316185 0.0580817934896168
-0.0377897214270642 0.0707655188917556 -0.0534473186618649 0.019015036909769
-0.0741914030054554 0.0186216352644643 -0.0440209620409151 -0.0262219798835959
-0.058347571906334 -0.0532422494362059 0.00705883236638579 -0.0109843546893025
-0.0241852313644705 -0.0815890183790382 0.0134609398000912 0.0901844937107996
0.0197197406429126 -0.0228312596640161 0.057143293169955 0.133918845154041
0.00133114947540734 -0.0493376222105971 0.0110606958219339 0.11277278092098
-0.0376283525062033 -0.0299492730622712 0.00891706130562485 0.10295792838456
-0.0514440292989865 0.0149382080792587 0.046911397187715 0.0763346249370735
-0.0149700222030243 0.0381916353899884 0.0594839535212952 0.0440109122529301
0.00999778546471806 0.0310761941286474 0.0642960410383632 0.0243964956753891
0.0296149433138428 0.0204111198450957 0.0584723677494645 0.0149038829526579
0.0373968983770876 0.0116529124384245 0.0553161313956456 0.0175293105631103
0.0396986586091607 0.0120278898376308 0.0522822629889323 0.0352020077507713
0.0327761234498058 0.0279418626954557 0.0269145200263502 0.0591893087024408
0.00806972955295257 0.0442193122406576 -0.0181920046964198 0.0727256702251743
-0.0354040897749192 0.0454254290240595 -0.0567740447958419 0.030717776845035
-0.0524563023675979 -0.00258805451820867 -0.0496365148851058 -0.0175277742804386
-0.0235646999508596 -0.0489249490001866 0.00481449504923626 -0.00780511370253707
0.0124254679652862 -0.0462424049639756 0.0135953050215433 0.104316793238165
-0.0452548855080863 0.00250895710019535 -0.0183723298983651 -0.11737327462695
-0.010264210669129 0.0307616763767512 -0.0330906897558233 0.00360121709925597
0.0275055774286466 0.020267239658906 0.0540383820973017 0.0296797862269716
0.0248729539897161 -0.0155644820176657 0.0817881626464742 -0.028678837957089
0.000155494337746667 -0.020297888499855 0.0370278047130472 -0.0886994941852192
-0.00684369669467503 -0.00826910905006049 -0.0324430931769048 -0.0839534264724412
-0.00938677167070031 -0.00946023990327804 -0.0645716688558758 -0.0494029535012262
-0.00796765445456052 -0.0107489737129442 -0.0677177334895346 -0.0237233565273776
-0.00129032040373531 -0.00894103079561401 -0.0722622309578577 -0.017358397559548
0.0064882526024612 -0.00522589853438273 -0.0762989331825976 -0.0301079104087653
0.0128600529519526 -0.00275478692233215 -0.0666992094737423 -0.0554511386095758
0.0170615982735843 0.0181581706038561 -0.0370231626927044 -0.0863194197564084
-0.00802123659159533 0.0303271701770524 -0.00366410363562544 -0.0994671209623658
-0.0443940752932004 0.00589920032113231 0.00723738741656465 -0.0920485977697075
-0.0479278985013142 -0.026016840573035 -0.0458043063478366 -0.123475104403001
-0.0676449978322179 -0.0422856478559981 0.00459756654906252 -0.109154869865715
-0.0495604978354678 0.00592216268783111 -0.0252449195907745 0.00870915257676743
-0.015448814907525 0.0321009694253886 0.0644769093257126 0.0358438278685898
0.00558756129260049 0.0227201237277893 0.0959020462387528 -0.0298380376007698
0.00769316425235072 0.0102545760675017 0.0447672045894216 -0.0939088136983138
0.0119476248832861 0.0116151812886996 -0.0298984748604333 -0.0888469109753248
0.0187818693870282 5.92721491598598E-05 -0.0620325386473273 -0.050640823068013
0.0204201306271537 -0.00542805347306813 -0.0633608014944306 -0.0235309589414231
0.0260627046130115 0.00224393868380868 -0.0682028819648869 -0.0134080217080381
0.0223474386008197 0.0205486377086932 -0.0751107818481726 -0.0232515770066826
0.0105500750769353 0.0286023915610724 -0.0689154281841178 -0.0461153581585939
-0.0118457522782074 0.0468022367664152 -0.0427917827514137 -0.0778541730429232
-0.0495798644045286 0.0302560706923536 -0.0107869165830208 -0.0920183606410311
-0.0750341218599677 -0.0268909614806759 -0.00257875473213332 -0.0734127008948887
-0.0690163088415796 -0.0766760605407056 -0.0466437257381645 -0.0944098469800871
-0.0775716980784689 -0.0836249956705029 0.0297958273212497 -0.0825443421605243
-0.0835125829883315 -0.0289177097515505 -0.0178773812162897 0.0230412184180389
-0.0637853620736707 0.034621252145099 0.0707188168306473 0.052453597530511
-0.0233191765787641 0.0597698195166383 0.11081094323737 -0.0192842712004119
0.0105670044510899 0.045938900298629 0.0567008017927308 -0.0880090328883789
0.0280810397777723 0.0352180808121227 -0.0185049781255709 -0.0863211489573184
0.0442932594731111 0.0129317333636315 -0.0502733948745892 -0.0467457336035194
0.0454987017009415 0.00142323720278751 -0.0503021810666141 -0.0197741559051405
0.0493286335564364 0.0100029158266039 -0.0549447468247968 -0.0051934755202589
0.0389400329928621 0.0392873576967425 -0.0656311253745334 -0.00868983814709474
0.0155350967270049 0.0539959215730549 -0.0696995472830543 -0.0259172052849967
-0.0273764455130204 0.0767911455917707 -0.053444619017429 -0.0622165420469199
-0.080049584261695 0.0404115310779356 -0.022669953340086 -0.083315605365652
-0.1008419030714 -0.043245117593162 -0.00727240746952677 -0.0550816486222696
-0.0849871791366574 -0.110132067687839 -0.0400801026742972 -0.0528060765585586
-0.0735932569086769 -0.113412975234617 0.0497407292119221 -0.0385165274768629
-0.102570632087669 -0.0658415704169124 -0.00971328250572033 0.0458467173714178
-0.105183867042518 0.0241984344688317 0.0696434350515651 0.0735968804916107
-0.0568805913355636 0.0851433411361254 0.117205634214312 0.00269893010673207
0.00614813370079929 0.0774492510289104 0.0690739452642384 -0.0689296629073041
0.0379618677151231 0.0570663830261277 0.000764704939964888 -0.0726651841291543
0.0626732334447182 0.0259666469860817 -0.0297271332505627 -0.0375722603501517
0.064500551208249 0.00787453591990197 -0.0299528863751449 -0.0134178625070389
0.0661647271284631 0.01307377951561 -0.0335735588868809 0.00380046808798488
0.0516683085475137 0.0478368238285271 -0.0483746547363655 0.00742134578238027
0.0231330022331669 0.0690726393678215 -0.0631894758263981 -0.00127835419997211
-0.0309516817161317 0.0966888783700937 -0.0603599950648621 -0.0406841006016451
-0.0950918702075251 0.0517164911715525 -0.0331414134340505 -0.0705687657706542
-0.113097173680113 -0.0477623351292121 -0.00546006215572117 -0.0400902030296082
-0.0906969675742212 -0.12489461374553 -0.026098964034503 -0.00857350403854156
-0.0569360579486281 -0.123614470158643 0.0621208266666842 0.0166052871760582
-0.0984994935640364 -0.094787284247635 -0.00247849966603277 0.0717923871574311
-0.125431021671858 0.00187039611612315 0.0589269593165579 0.0944221077854726
-0.0858229542452326 0.0885510096325042 0.110299896238112 0.03050562345633
-0.00463832702609214 0.0949799924095537 0.0750745780706798 -0.0377317337086512
0.0386184462575432 0.0704969395824082 0.0221749865002867 -0.0487604920429519
0.0706136808929265 0.0351758954197519 -0.00474096181004378 -0.0237020257182971
0.0736320650542407 0.013031403240137 -0.00520706357374254 -0.00501502498036504
0.0740847079182666 0.0148075827088498 -0.00920562477591204 0.0132641785091922
0.0577066713176288 0.0494216534274387 -0.0263362108984814 0.0223850347235658
0.0262380128939358 0.0732459706100519 -0.0504899676638155 0.0219293809908283
-0.0329780361529991 0.100655795442486 -0.0602650073454088 -0.0176650301244878
-0.0964637895504624 0.0511832916202003 -0.0394419344373795 -0.055734568150989
-0.107995209128652 -0.0502287003464199 0.000691994563623152 -0.0282460538487016
-0.0805112249149569 -0.123093404719492 -0.00912645837268736 0.0321765993084875
-0.0322939685066955 -0.108577319435683 0.0658712468755924 0.0716294742039268
-0.071753123440867 -0.102857251141063 0.00131980137355084 0.0960932841540386
-0.115806670980131 -0.0227100943404024 0.0400970521625012 0.107553113959635
-0.0968862140706234 0.0690597701365612 0.0904428735945175 0.05544960150159
-0.016228809490507 0.0913670177291547 0.0726757651635179 -0.00234373760280307
0.0315346115921254 0.0708957214621636 0.0408293217705623 -0.019245906435498
0.0661821366512439 0.0378780803637974 0.0207947537135267 -0.00715525859507058
0.0716688465294529 0.0157909333650364 0.0193567461135007 0.00459946130041798
0.0716731999123972 0.0153700217983308 0.0146656091206773 0.021727033917408
0.0556465793674778 0.0459345289042138 -0.00531781638626067 0.0358879951330316
0.0231706551392753 0.0692277978657546 -0.0368678074581108 0.0412698806297652
-0.0367935235875861 0.0898810451023021 -0.0574492320569088 0.00180110125287632
-0.0894209678009968 0.0367284916577418 -0.0427695545669998 -0.0411085060945386
-0.0868475463891465 -0.0541046088563951 0.00555606548585971 -0.0191401600714186
-0.0551152566127861 -0.108490416929262 0.00453597119403159 0.0661652678762141
-0.00541124387886284 -0.0721351312305735 0.0615212818118211 0.115250283927298
-0.0345963035536118 -0.0852937501468022 0.00269924264559733 0.111301026135999
-0.0819680538417841 -0.0349887814180181 0.0202916982974519 0.109848342315967
-0.0838518139595079 0.0413736079506347 0.0655237148109563 0.0711608917019926
-0.0205263656435337 0.0702260185975629 0.0640109255071723 0.0275532583427084
0.0209100798371957 0.0563730807440085 0.0549259889704343 0.00877843118397553
0.0510109330896824 0.0325775237455282 0.0426733542896419 0.00760277250815288
0.0588711598698718 0.0155101006205655 0.0409283022917995 0.0134319914191337
0.059327949134779 0.0149846683169686 0.0361399215168398 0.030394262078563
0.0465637547614741 0.0391924421775877 0.0124199222779678 0.0486329347581059
0.0159071540891958 0.0594024425190401 -0.0262205653001677 0.0581805963856446
-0.0396657628345119 0.0704341208377629 -0.0557446949374246 0.0174990716280615
-0.0750585889163606 0.0164280904567774 -0.044987618113731 -0.0283785686704994
-0.0570542792186375 -0.055919045597307 0.00727739331334008 -0.0117795911082473
-0.0216424214658953 -0.0823108480167947 0.0117327584839676 0.0912742902037566
0.0210065231804567 -0.0219873727156683 0.0531566293107618 0.137248219743711
0.00290904433187783 -0.0498179031383436 0.00524708483481037 0.113660983430532
-0.0367604584287804 -0.0317768213677925 0.00490535185131684 0.105013583081659
-0.052625864525627 0.0144399143587289 0.0449107834437392 0.0794635288746655
-0.0161375581477497 0.0382199836165755 0.0590489616384623 0.046528977181628
0.00935831330243872 0.0316803549719531 0.0646399754279476 0.0263650439164545
0.0295477409727163 0.0208528620289552 0.0586461786968148 0.0167220412865647
0.0373882840256867 0.0121969414456345 0.0556063875701369 0.0196634680410104
0.0393158714462997 0.0127633667756309 0.0512622971983633 0.0372593403115901
0.0324675007784799 0.0285215133760869 0.0242345895085101 0.0605856805997112
0.00755744644962192 0.0445605015927521 -0.0212645001355774 0.0727020201736785
-0.0371432875940394 0.0449439785319414 -0.059057844102416 0.0291998984709091
-0.0526695058389912 -0.00424465115198368 -0.0503012319333894 -0.0197775548106404
-0.0223624100178286 -0.0501661847208675 0.00524123624148849 -0.00861422837637369
0.0140017108963981 -0.0458911160589298 0.0111168588192594 0.105246615726948
-0.0468128252962266 0.00248324657246319 -0.0178428561605767 -0.123555432855835
-0.0109928807444194 0.032598732359702 -0.0356088068305475 0.00371831669214595
0.0287773899151665 0.0212519607610202 0.0561089648218922 0.0328481130859103
0.0258460380280101 -0.0163136791876011 0.0866916085544251 -0.0281925512020548
0.000364319289269392 -0.0209541323614123 0.0417697565168436 -0.0925273118197635
-0.00693396326213916 -0.0089533487179268 -0.0309345631354832 -0.0883142266350991
-0.0100624632378327 -0.00967342995859398 -0.0657066401976002 -0.0527465443169383
-0.00887797590879993 -0.01117094126867 -0.0699617031307153 -0.0266890346234008
-0.00130025986241102 -0.00858681517428404 -0.0744996952507992 -0.0194745541313454
0.00664900286940697 -0.00569088932166135 -0.0795785760064578 -0.0322524038383846
0.0130514328173121 -0.00318985675553304 -0.0688457917402997 -0.0600229654738431
0.0177459269240115 0.0190856938239987 -0.0365982834797729 -0.0914337773760393
-0.00904956952959179 0.031459280385169 -0.000616444595758211 -0.104052493072744
-0.0473193361756622 0.00549540456019006 0.0122550168067646 -0.0966144691627757
-0.0498890373931581 -0.0282633117761566 -0.0445501470787892 -0.130281362277771
-0.0700936098041419 -0.0439102872175895 0.00634380803928509 -0.115292383901807
-0.0522397704389625 0.00553498848398485 -0.0276007083306588 0.00937165609566834
-0.016128041028383 0.0331260591364839 0.0668289772703871 0.0399987932658476
0.00592435303896402 0.0231295297289667 0.102365266036337 -0.0290501511148969
0.00735163279872896 0.0110754068872807 0.0490993493449272 -0.0975831340820662
0.0122689958802839 0.01225724837082 -0.0284276473273852 -0.0932086250954976
0.0185538288197953 0.000300047719598082 -0.0634237309750092 -0.0536661403679305
0.0205314043250869 -0.00496008855153167 -0.0657692350277313 -0.0258621071738587
0.0262137664189085 0.00293653807803377 -0.0707593145999609 -0.0150217300883078
0.022726748537954 0.0220163217190664 -0.0782904863318457 -0.0255444005079096
0.00979724647774578 0.0300705420711234 -0.0709957599964773 -0.0494500947493139
-0.013135007299937 0.0484198261178781 -0.0431542071140562 -0.0829134418831327
-0.0524445254734652 0.0303824345060534 -0.0083498745557559 -0.097345811393457
-0.0782919782605321 -0.0301109673279498 0.000662726223139672 -0.0778441313209372
-0.0707703798032147 -0.0808075028188692 -0.0456452618271512 -0.0999899875765208
-0.0794650748904143 -0.0879647654584144 0.0317270881759027 -0.0870960007812521
-0.0871910275494695 -0.031763505762344 -0.0202032369245497 0.0240764193762604
-0.0665465240204545 0.0351363545338152 0.0731842146390055 0.0575647066533029
-0.0247819506820547 0.0620400034792411 0.117333611233172 -0.0177550081004597
0.00990554989691999 0.0481470008240894 0.0623137156676331 -0.0915842025881926
0.0288091348180986 0.0373650467670012 -0.0166186416003056 -0.0907158573157909
0.0453940557212214 0.0143524943134716 -0.0506667389500895 -0.0497108810329002
0.0462670665093871 0.00249465672458591 -0.0518336814512792 -0.0220705925554356
0.0502440241524801 0.0111636205820174 -0.0568146225815363 -0.00651040628381763
0.039372506996104 0.0414686249895905 -0.0685385971672392 -0.0102154560693026
0.0147437962761933 0.0565209601677093 -0.0724157575306273 -0.0280865368206483
-0.0293936403687382 0.0788229503634086 -0.0554304171532303 -0.0667758001493178
-0.0839858543979423 0.0407011680037546 -0.0221824995248013 -0.0884609372798491
-0.104428540916346 -0.0475502147860756 -0.00456605112412881 -0.0586735453078085
-0.0867700447796918 -0.116121178097382 -0.0397487745010961 -0.0568173961140663
-0.0743241952425918 -0.119002365085132 0.0522587428535885 -0.0401404662522626
-0.106115033191937 -0.0707091410686602 -0.0129396840973025 0.0477877353316372
-0.10964704821258 0.023299815278718 0.0709385747663235 0.0799373742176735
-0.0603654437514111 0.0879727769672624 0.123854666430956 0.0052941092966784
0.00537194644624616 0.0811421837741354 0.0744202665518335 -0.0709089810800583
0.0384838848891563 0.0603155331196711 0.0028480655260369 -0.0760334118321163
0.0644969741851699 0.0275865029105512 -0.0295841744963426 -0.0402495655814644
0.0661643614402132 0.00867282092538977 -0.0304596880236911 -0.0146339204125314
0.0677547094397078 0.0146476368950471 -0.0350906653970945 0.00345442329656424
0.052939201548988 0.0507801025741976 -0.0510659151181036 0.00746054744995406
0.0227523706754288 0.0720865508037268 -0.0668107501832627 -0.00258326563401407
-0.0339954071099851 0.100382383334401 -0.0627803554482508 -0.0435754901332704
-0.0997339262464581 0.0522119400061489 -0.0343839248852316 -0.0757991173697643
-0.117317070953876 -0.0524448462356975 -0.00355405886785113 -0.0430728757019288
-0.0922421656471101 -0.13196235664818 -0.0259994997610857 -0.0104270902580271
-0.056989204594825 -0.129187148947776 0.0638550506604071 0.0180847248928324
-0.100737839643348 -0.100977249989125 -0.00685558175422802 0.0756279152628507
-0.130242887723731 -0.000619151510827052 0.0589789686087987 0.101043746357702
-0.0910165276321058 0.0906343465167011 0.115685727330372 0.0347273936588695
-0.00679983505511157 0.0989385249269398 0.0802842049062847 -0.037356397264232
0.0393566771929621 0.0744385960291555 0.0247773604200286 -0.0505179097168984
0.0720648072418318 0.0378592713152011 -0.00364182993712877 -0.0249305873631872
0.0758448570596424 0.0143384204725621 -0.00547395772670652 -0.00530183328513847
0.0761639185082814 0.016183969676744 -0.00988206626393033 0.0136392757335129
0.0590631935177852 0.0525177948258466 -0.028981958455715 0.023790680913235
0.0259462663300493 0.0766575517500618 -0.0544761197058831 0.0218528308955912
-0.0362520884493828 0.10414125959084 -0.0638864869952519 -0.0197466698968805
-0.101552391721404 0.0512447756300056 -0.0413763963819265 -0.0600752568488542
-0.111488358938978 -0.0548326043354105 0.00196842074912214 -0.0304044329110229
-0.081421798591126 -0.129606071111766 -0.00910289881529177 0.0332473123833781
-0.0316664711399587 -0.113547330486337 0.0667648341290822 0.0761233620499623
-0.072737046251024 -0.108799990043896 -0.00316895695626547 0.100391754952055
-0.119967662096201 -0.0263718041583616 0.0390528392131629 0.114462852208351
-0.101937463760343 0.0714471387342909 0.0937151652167207 0.0601044030016536
-0.0189710399801427 0.0956261249694858 0.0767558573722783 -0.00113307083454892
0.032156484668507 0.0748655867658331 0.043856783362927 -0.0191367012222604
0.067746484205643 0.0405932073615875 0.0223333551684866 -0.00738548313699749
0.0740530385586586 0.0167592719786222 0.0201508522125037 0.00516341464254971
0.0733522974085468 0.0168741557951542 0.0147375474727668 0.023511470136809
0.0571097119498043 0.0490879828075767 -0.00683583602914231 0.037635531854431
0.0228757766412734 0.0724758637889758 -0.0405222385016204 0.04254758817967
-0.0401385284348554 0.0934534729423632 -0.0606845329798699 0.000858315963928424
-0.0937372868887199 0.0367585614412661 -0.0450315782740103 -0.045181082916724
-0.0893396127171548 -0.0589401127611599 0.00629647237028516 -0.0209446179609057
-0.0553660026665698 -0.113519340818275 0.00450753697115635 0.0689389645067088
-0.00456412532233987 -0.0749584737979454 0.0610063947409032 0.121128331695662
-0.0342671219014611 -0.0903896659942316 -0.00213451827482071 0.116325657829919
-0.0844810389699766 -0.0386353910144865 0.0180217870218979 0.116760816379717
-0.0885932118231973 0.0424757437173938 0.0671916988184031 0.0764620045464405
-0.0227001182153167 0.0734341483170641 0.0680779267118077 0.0306747319763992
0.0209923997259518 0.0598018716135828 0.0572752421316009 0.00980014169518958
0.0528754633577812 0.0345113808149994 0.0449421912165227 0.00861475586379354
0.0607277546704574 0.0164990235270549 0.0428558990806205 0.0148831436801155
0.0613602336095009 0.0162221555514709 0.0366749753892637 0.032347273518168
0.0474994393787786 0.0413642715678138 0.0112408180070924 0.0514342390361465
0.0155559120278284 0.0628437446937842 -0.0291711092176693 0.060469453851408
-0.0430379400650976 0.0725815676458757 -0.0596812077049722 0.0173303002018621
-0.0782228621016132 0.0154484114146086 -0.0480971457897424 -0.0315442060786012
-0.0582211792417164 -0.0599074842397496 0.00773792946965584 -0.0132270902266342
-0.0204148891342682 -0.0862153528120921 0.0110608239474055 0.0953316824585945
0.0224482655569646 -0.0221318254039164 0.0520700868880626 0.144607229126492
0.00463803284207206 -0.0517885073803249 0.000142324911820282 0.119159364366842
-0.0377818281438167 -0.0340455468950062 0.00195216343008589 0.111426381345218
-0.0552173937954466 0.0147630940559738 0.0455702012418645 0.0844280044828686
-0.0172534010758114 0.0397628235606118 0.0614215463619374 0.0500235688693869
0.00900916639799805 0.0335365822744841 0.0675235550836226 0.0286896383529367
0.0298142232676222 0.022253811367259 0.0613790366697545 0.0186376591737721
0.03881181622468 0.0128458470490739 0.0581906186404216 0.0217933705407549
0.0404920663474893 0.0133808119308693 0.0519453564718634 0.0403524081350739
0.032979714717128 0.0304110444792616 0.0228241308435425 0.0643024829508355
0.00751868700673374 0.0473272193206446 -0.0243365562432814 0.0756384033481725
-0.0398506995535954 0.0463161778090018 -0.0637141120831265 0.0290720487745798
-0.0548759455469722 -0.00533282371649146 -0.0530646046662208 -0.0226789905989389
-0.021825069833794 -0.0530332897921521 0.0056767229088443 -0.00964638317590072
0.0159171264566716 -0.0468287628550334 0.0104836630353993 0.109888062501334
-0.0493595321448405 0.00413489494172479 -0.0220532228307531 -0.131890273886277
-0.0114797351818699 0.0357436646268121 -0.0385614881940531 0.00620521328636144
0.0313590395161256 0.0218302569361904 0.0608815190166652 0.0358497403028923
0.0275146867347877 -0.0179916002780943 0.0934689995719144 -0.0309606610588018
-6.83805787812502E-05 -0.0226551442785582 0.0441860655245497 -0.0993873575488081
-0.00741124554064541 -0.00951985177186663 -0.0336163817988344 -0.0944261742278695
-0.0107178671581114 -0.00979394375968614 -0.0700419128764041 -0.0547935303419698
-0.0104111370110302 -0.0111012436781461 -0.074545529528464 -0.0271848829448396
-0.00193911569261126 -0.00898733841687954 -0.0798607131839023 -0.0196959752238542
0.00639774928338739 -0.00590876111536637 -0.0854873586634647 -0.0333528879705745
0.0131493650541127 -0.00351562731015633 -0.0745482804574196 -0.0627217117643292
0.0193831767874778 0.0194401299429526 -0.039977405504207 -0.0980778572922609
-0.00931226746255063 0.0340236193735504 -0.000675873033765703 -0.112104098184807
-0.0513053280481915 0.00692689954293757 0.014358650807253 -0.103789083171548
-0.054141603765029 -0.0288521478094903 -0.0487526317580969 -0.138217838782106
-0.0742738678207283 -0.0449955537508944 0.00402626665727702 -0.123325518642354
-0.0557852800754316 0.00752999249429915 -0.0304266189149732 0.0115888827811936
-0.0158100285851794 0.035435021059641 0.0724022102826394 0.0433055861394843
0.0067696005899505 0.0246392414128468 0.109788233633346 -0.0326187546988319
0.00759966147202307 0.0114799389423741 0.0522181145987922 -0.104999789326093
0.0132424237637564 0.0130265081143692 -0.0308855922741689 -0.0990671413074637
0.0200205933660485 0.0004957495524644 -0.0672470598543465 -0.0561757577763423
0.0205808269718424 -0.0057827084106382 -0.0700790603280389 -0.0266737400697051
0.0271775297776181 0.00329051926135913 -0.0755642033609219 -0.0151529744568407
0.0238567291066791 0.0230957934959148 -0.0836295472899284 -0.0254088238356925
0.0105231729968161 0.0311941887983927 -0.0771290921122755 -0.0522229060368753
-0.0131917906918396 0.0512006580730754 -0.0474686385901618 -0.0885807034450357
-0.0550496480204702 0.0334364172949007 -0.00989584006728671 -0.104801297186571
-0.0847118930327029 -0.0305109290267251 0.0023848218969089 -0.083306163303426
-0.0770612346479583 -0.0845564990920887 -0.0492488042032242 -0.106245560567578
-0.0857490209592727 -0.091182808547597 0.0315574117411941 -0.0943420283308074
-0.0936589083917445 -0.0318702320634833 -0.0228154547718498 0.0268786149258069
-0.0692222817718773 0.0385260783137269 0.0791186915720214 0.0618672300594188
-0.0250045456334333 0.066165924463202 0.126190147720122 -0.0208120020775249
0.0113610465869807 0.0508274832759331 0.0663250759649548 -0.0991051944767281
0.0314434156853613 0.0388169578886257 -0.0184113543441254 -0.0962471428310253
0.0478529078259199 0.0143475576573124 -0.0541914373913255 -0.0525451966187441
0.0484448815335938 0.00117474729573402 -0.0554116334343288 -0.0224089735011693
0.0527046904301566 0.0112380482644107 -0.059962284192107 -0.00613832821578551
0.0420742552955196 0.0430499323758597 -0.0738478862524294 -0.00944382701868736
0.0157856723025353 0.0595218793401091 -0.0784494212796608 -0.0293293946118186
-0.0297990122493603 0.0841995905211514 -0.0602421119190107 -0.0706615071496029
-0.0882639437309634 0.0450004381334585 -0.0246404868137193 -0.0954970384667302
-0.112296900368693 -0.0490933429001862 -0.00386922886060921 -0.0634755886727583
-0.0940782407831214 -0.121896018052652 -0.0421244871968366 -0.0602779066225942
-0.0811792048470301 -0.125285572988126 0.0539219729042565 -0.0443789740705507
-0.114514291285519 -0.0735538584783858 -0.0146452252523489 0.0520783273153644
-0.115859356130264 0.0268694645005899 0.0771992193665762 0.085981973688869
-0.0624237368868587 0.0956347612576436 0.133392056610943 0.00422613052977455
0.00704401772127165 0.0865566855808393 0.0797187275070088 -0.0768145572113107
0.0423456777178105 0.0633360852040902 0.0024739281145348 -0.0809159276903683
0.0684648709517859 0.0287103061711018 -0.0314200043439522 -0.0424567274298847
0.0692328811522468 0.00766103068419307 -0.0327707951049567 -0.0152900925942949
0.0709480718218736 0.0148272926864768 -0.0372331537476116 0.00438911566734341
0.0567207707008506 0.0530292451579098 -0.0550410676475689 0.00873293820832025
0.0250325206483194 0.0758923201436416 -0.0718214899606495 -0.00149570299461836
-0.0345016759207321 0.107060767970501 -0.0686877053923414 -0.0455031417918119
-0.104923859543217 0.057548599103708 -0.0383128537420523 -0.0814893276354812
-0.125954868715489 -0.0549462826254229 -0.00306321428569837 -0.0466107898593359
-0.100640901803935 -0.13756384210326 -0.0266652380702265 -0.0110262459186855
-0.0628008170193542 -0.135887687101619 0.0677061301810571 0.0175912359722374
-0.109225929720899 -0.105666774459619 -0.00821325903038674 0.0816178478222758
-0.138672498488526 0.00147962489048828 0.0641185896231752 0.108938830711084
-0.0947634279212288 0.0991557469708407 0.125289285827245 0.0353865352395213
-0.0053398059382319 0.10615021801471 0.0863251904582966 -0.041712661423729
0.0431641136925707 0.0790000426595625 0.0264634625398307 -0.054090570472698
0.0770854236393513 0.0386465524179527 -0.00374692825579237 -0.0270206578795067
0.0797935982740465 0.0129000166462864 -0.00567429765947933 -0.0055285709530388
0.0800287328280615 0.0160276551985578 -0.0103588583589498 0.0149118680647739
0.0637583835036954 0.0546160347235872 -0.0314795132928901 0.026290661511438
0.028885105547238 0.0805683550209703 -0.0581048898190931 0.0249255792507493
-0.0366826057613534 0.11166611285447 -0.0695793553656293 -0.0197682393006632
-0.106418897839015 0.0565433667059073 -0.046423997576442 -0.0648056238261243
-0.119309011969881 -0.0574459978299367 0.00236849759060514 -0.0339537348202278
-0.0885372120095776 -0.136221083539396 -0.00762178489803165 0.0349815525811085
-0.0350107981660124 -0.11974747721816 0.0715901110348237 0.0799502778658022
-0.078976263897807 -0.115255156565184 -0.00451091779476181 0.108135690973862
-0.127610545603835 -0.0261777415820929 0.0424709087742266 0.122857886529492
-0.107387805672474 0.0783668566613898 0.101974666048236 0.0631092398217398
-0.0182437746766312 0.102666628512139 0.0829620909077693 -0.00235657124531003
0.0352483716318234 0.0793848300994606 0.0464808384765023 -0.020826680255525
0.072422786943615 0.0417782893708051 0.0238928309306528 -0.00882113755572371
0.0784264775751179 0.0158495172107777 0.0219430975250016 0.004993730084756
0.0779183103116982 0.0164485490897735 0.0158029020435074 0.0248919102358472
0.0616131320037747 0.0508552847902835 -0.00780686318146765 0.0411100803239296
0.0253693490626673 0.0764241441252612 -0.0427853504469651 0.0467924913732136
-0.0411790298123134 0.10056952539985 -0.0658648724912271 0.00226748367930194
-0.0989723587938163 0.0406551762242069 -0.0504283583207071 -0.047860980227667
-0.0963073878457744 -0.0616516695468026 0.00690716323450771 -0.0232793403428577
-0.060260063501158 -0.119834512237348 0.0070273011197311 0.0728720390929132
-0.00544336985725631 -0.0790436240792883 0.0663204066791536 0.128245771659151
-0.0378535308458238 -0.09605322754058 -0.00306089317307593 0.124841843929853
-0.0903571106945846 -0.0398943965342791 0.0198584509807971 0.125234739031105
-0.0934689245147782 0.0474114746264491 0.0730406873610098 0.0815614338378737
-0.0230475185499971 0.079167568399665 0.0732697451049825 0.0315070599047531
0.0233569011588174 0.0636848362193059 0.0618761497455546 0.00972245387191971
0.0561619701779059 0.0356692585203661 0.0483228276515675 0.00803951349046475
0.0645138255591822 0.0154093685669213 0.0459837063163877 0.0149465023110474
0.064873181380297 0.0157729756644402 0.0389264889814724 0.034509675977636
0.0517052516092669 0.0426471108230815 0.0114861975175484 0.0558191143033901
0.0178565562287259 0.0665877653273563 -0.0308788359491044 0.0650557591299692
-0.0443534705288601 0.0788944040498633 -0.0645317660367648 0.0194223777934848
-0.0830621909295659 0.0173781923830666 -0.0531796901679479 -0.033966859744616
-0.0628878671248361 -0.0636420219998026 0.00808411963446718 -0.0150425300779206
-0.0233629011660782 -0.0904792253185994 0.014885253967949 0.101388750536303
0.0240388810761151 -0.0230611250074063 0.0577532983236908 0.154042890940315
0.0042491996299493 -0.0553743986761756 9.39721481057518E-05 0.127640071900282
-0.0399517464508395 -0.0357716319921993 0.00260912425293243 0.119982025205595
-0.0591244674731085 0.0175042451672491 0.0500397003857902 0.0898429578089342
-0.0179124933575677 0.0433535194386611 0.0664540077227756 0.0526773001636007
0.010475251416295 0.0360025739573062 0.0732461742046146 0.0292346635371346
0.0322623120824366 0.0228114076540871 0.0660545364178273 0.0182826785063733
0.0410461289793851 0.0121130345774392 0.0626713247702072 0.0220733726430114
0.043101156776282 0.0131563697401858 0.0558571331764768 0.0423879899108828
0.0360213056862057 0.0308150142763896 0.0243874049481772 0.0692209102697375
0.00891567034717606 0.0502969635109227 -0.0260115024850875 0.0812633627583573
-0.0419136609059327 0.0508504911876935 -0.0686012870096402 0.0322984882655175
-0.0581893793201886 -0.00529742474669268 -0.0586803774643297 -0.0242075697519619
-0.0242890919717353 -0.0568312849306129 0.00550207760719164 -0.0111029746970617
0.0162695738267792 -0.0497460061319405 0.0142072596188769 0.117058717731432
-0.0534148476233228 -0.00601990022500765 -0.00301190073585373 -0.139907314014013
-0.0180731992636187 0.0356016147144078 -0.0421757416993567 0.00234605571418803
0.0292414760258658 0.0268489104592298 0.0600042246452504 0.0502870164254326
0.0313243144742715 -0.0156949832315822 0.106197410473211 -0.0169448809595742
0.00213312691720667 -0.0244757699752921 0.0637570567487544 -0.0984523020429741
-0.00735519292292279 -0.011806023896449 -0.0184938493317038 -0.104649319245621
-0.0103983702799368 -0.0116820623182674 -0.0644599358508042 -0.0695006933112867
-0.00979847700036301 -0.0132264793707582 -0.0733304737844055 -0.0414303589942413
-0.000426986311449439 -0.00889861918763797 -0.0799113691628762 -0.0338466045688239
0.00685680592730626 -0.00481361915265954 -0.0841685129753086 -0.0479530305177283
0.0136935896574684 -0.00212665300384539 -0.0680298262602711 -0.0779563779867287
0.0175022351134643 0.0221339681481762 -0.0258909548503632 -0.110651058592109
-0.0163822022590265 0.0323678617453612 0.0195059060938686 -0.118306134662375
-0.0552714321632638 -0.00354148872389685 0.0381039081368936 -0.10537720593272
-0.0528281711159403 -0.0428072349887591 -0.0215895195157214 -0.151118856351937
-0.0690656638499245 -0.0611728756953382 0.0215626627202714 -0.129196591409464
-0.0581633697094758 -0.00135551013111086 -0.0367477902690344 0.00791272136379656
-0.0213837381954659 0.0324104395489867 0.0672886734445424 0.0604211315264176
0.00335796375037731 0.0236532895304719 0.121980512003635 -0.0134245282579581
0.0041534367076076 0.0115089291838529 0.0741234361187993 -0.100990178269341
0.0100050103264789 0.0149665570859996 -0.0145743727802933 -0.108811271861227
0.0190574272257354 0.00375630274663858 -0.0604307826462358 -0.0699054870834715
0.0206345243359953 -0.00117352104213777 -0.068301677226377 -0.0401450029029777
0.027029638596564 0.00860236700091929 -0.0770218311174691 -0.0280224134226964
0.019560085458673 0.0283697515565223 -0.0848384031933362 -0.0398049277559348
0.00282830359087496 0.0338624808966122 -0.0728095881017691 -0.0684624642686043
-0.022393343408953 0.049121345818142 -0.0345395040371737 -0.104214404346135
-0.0638294755533063 0.021826934678168 0.00906202978744057 -0.111913023960676
-0.0826958222040921 -0.0496389906219094 0.0230844337794964 -0.0854773740990213
-0.0658988437977241 -0.107294671759183 -0.0286921255610125 -0.1142959296806
-0.0711313714236648 -0.110600647253099 0.0447247078437528 -0.0961371994195037
-0.0891970257886104 -0.0482878614480757 -0.0331127575644761 0.024230602618836
-0.0755906527876067 0.0259057001564923 0.0676390237657715 0.0812497368071824
-0.0355786726173932 0.0610883542155721 0.133814073370956 0.00357464638958046
0.000923811824508157 0.0523651061868185 0.0880766204042075 -0.0901400492871894
0.0240434807039407 0.0457353145612823 -0.00197155521205585 -0.102363600214464
0.04563492667424 0.0230864075448272 -0.0468297145097688 -0.0629938421866163
0.0480128096163721 0.0112446666632238 -0.0536906161899444 -0.0329203001727237
0.0515290659288353 0.0215263569292936 -0.0631376607551387 -0.0157836291309432
0.0346399247726843 0.0529743489736159 -0.0775410805565507 -0.0208600649406202
0.00297878788234878 0.0645320172831404 -0.0778943300839194 -0.0458078404963558
-0.046350355457207 0.0806474725000728 -0.0512228738836971 -0.0897705263478385
-0.100676912872951 0.0268911463915933 -0.00757341049223131 -0.105095540381887
-0.107913950075903 -0.0746367705140385 0.01408913931437 -0.0641344465558224
-0.0766281678926308 -0.149936135989036 -0.0293792221556134 -0.0626216920075157
-0.0586395011123011 -0.144045526582223 0.0595430211011054 -0.0420500465653673
-0.103158570911293 -0.0943293594749068 -0.0293825244589999 0.0497600339927745
-0.120102137243881 0.00608100164575353 0.0585711578934145 0.105232210971731
-0.0775883080752325 0.0841777095692647 0.13388847386904 0.0317924393306716
-0.00959818011754156 0.0875883787185133 0.0986455426163856 -0.0629379853547326
0.0314109008418399 0.0725085693229816 0.0175921477724967 -0.0825830281295481
0.064380160066159 0.0407806116753686 -0.0245937671087475 -0.0483823404246704
0.0686884476520536 0.0217331461046139 -0.0312611077915791 -0.0215845422161733
0.0700255574859255 0.0283229395384106 -0.0410472914068941 -0.00110781888045299
0.0485831428446123 0.0658675778108715 -0.0618226566984823 0.000870902787772143
0.00895176629960568 0.08375725227532 -0.0760513480557401 -0.0159416770719324
-0.0552535268397591 0.10405955433514 -0.0648867212219335 -0.0666568699336524
-0.120582433190971 0.0365281884765785 -0.0244846398647532 -0.09301955222089
-0.121044087501434 -0.0828970027449311 0.0118184133694988 -0.0468250252318378
-0.0799344089648975 -0.168573348150594 -0.0225323017420676 -0.00717631846275217
-0.036906219759817 -0.150685175779801 0.0638433567051618 0.0235030713749262
-0.0910676421319205 -0.126071056643459 -0.0276054806408181 0.0798944286821266
-0.138218655728787 -0.024154445107855 0.0391919826551988 0.124999530681063
-0.11079179709059 0.0826450529556494 0.117861116523946 0.0632055181698899
-0.0248693997476179 0.10553755975062 0.0990338197814594 -0.023644525988499
0.0303071019917339 0.089105289946904 0.0379760590881105 -0.0502145912416806
0.0716526021617961 0.0530549634636933 0.00166716990494889 -0.0268186767527058
0.07903463548143 0.0292220030860269 -0.00458660824581363 -0.00659265355955141
0.0784488518339173 0.0314902457878451 -0.01428891638681 0.0149645522278956
0.0552977828071925 0.0688210678325798 -0.040415628114913 0.0233020307883562
0.0119382606863817 0.0901131395048094 -0.0662368459902934 0.0138106827650251
-0.0589105868169177 0.109859653375155 -0.0701687537123188 -0.0399756898789937
-0.122377911556109 0.0350924463430911 -0.0362453035474833 -0.0767298371598852
-0.113345631467484 -0.0849325882549052 0.0147714987146166 -0.0326418988104627
-0.0668229958458685 -0.163416873277732 -0.0122633435520017 0.0436180684176547
-0.0105573435139674 -0.128139053839514 0.0584899895797519 0.088920573203342
-0.0583984201325595 -0.130730405856658 -0.0269479758826767 0.108326430134421
-0.122167834704209 -0.0500643560054103 0.0150901540404594 0.134588579194057
-0.12035582654593 0.0605516642318886 0.087660426117487 0.0865599620350122
-0.0370504039743464 0.0999443902165571 0.087796797901079 0.0171563719847011
0.0224735681987111 0.0882422292340367 0.0538784697027723 -0.0121241983295846
0.0669592920668331 0.0549049352515048 0.0280511617418742 -0.00253723688523137
0.0771951915054896 0.0315096346370957 0.0226137127292894 0.00888714075062543
0.0764978400522986 0.0314191366227501 0.0116325890863548 0.0297376362745537
0.0541151675348835 0.0643609023363732 -0.018046873679536 0.0429889699219859
0.00973828906222965 0.0857067103859041 -0.0537449785258679 0.0396608752892872
-0.0615539118808916 0.0977747167457718 -0.0698539645055572 -0.0159750306158768
-0.111359943483046 0.0205183984298098 -0.0436415101067494 -0.0596347153577275
-0.0884613664486875 -0.0848579379101328 0.0160772386194399 -0.0203092065693457
-0.0399046318728995 -0.139866098795445 -0.00477991620593043 0.0845960873337714
0.0131314875533376 -0.0803085742915076 0.0454413691503144 0.140551935591294
-0.01900435493596 -0.103587714284074 -0.0267352094050971 0.126794338461463
-0.08203547417623 -0.0574871291700281 -0.00729458858103735 0.131892951974036
-0.101042306283135 0.0323693081925821 0.0556068248968876 0.0989712834751699
-0.0369523361363768 0.0755995400833164 0.0715788347205006 0.0496908390331905
0.0131928229838118 0.0704086924713845 0.0644953930878948 0.0221136567794984
0.0517970395051343 0.0459734268228769 0.0505126881807894 0.0183230697201012
0.0637338572241354 0.0285819014644856 0.0458551889030685 0.0231420901668143
0.0638485876230001 0.0282507250654763 0.0342385489910222 0.0435083696880638
0.0458054056677925 0.0541201905271139 0.000408665533247196 0.0611111889935477
0.00436918284346828 0.0738126166192717 -0.0443624485278579 0.0608105449299299
-0.061434498638563 0.0748551353226423 -0.0705683557320991 0.00368284461471495
-0.0902196455614361 -0.000613461705888475 -0.0491603926705949 -0.0446795649131384
-0.0526922584629899 -0.0797901565963195 0.014013421487339 -0.0115883538714931
-0.00559354914679491 -0.100267844936741 -0.00305216313970027 0.113016479258041
0.0328535766618075 -0.0174047793962915 0.0332071443590496 0.167282968836328
0.0161722499061747 -0.055230421894288 -0.0225400135960092 0.1314770761126
-0.0323388691886245 -0.043591781935621 -0.0210921110746044 0.123485722447748
-0.0610880699542205 0.00856032387480837 0.0320805507016961 0.103627373281301
-0.0250741188168088 0.0404587881598495 0.0609541996003405 0.0688402686829207
0.00483292455491593 0.0391566445834057 0.0721360721300031 0.0437082837158953
0.0297292750091394 0.0289892204233748 0.0669112896292493 0.0310888202455325
0.0410696106154575 0.0201302194340802 0.0624842366089494 0.0331691094371203
0.042218154313972 0.0215705555732519 0.0507539759824701 0.0542122834399269
0.0322995175215434 0.0388386676274374 0.0122966931665741 0.0766900324521435
-0.00115266654679376 0.0551238327458783 -0.0412088969267479 0.0792634204690661
-0.0539110859405886 0.046302571565311 -0.076614304575149 0.0177116997447387
-0.0597752704625802 -0.0194311833811725 -0.0568616443532509 -0.034637781845941
-0.0140490070211302 -0.0645368690778502 0.00865033412479118 -0.0088146960805988
0.0281883147052189 -0.0482545141151375 -0.00758611129373506 0.12658525639294
-0.0536520968949901 -0.00121662056234291 -0.0148122589022435 -0.14131542489091
-0.0152582191695457 0.0378919516648989 -0.043345216766683 0.00719335058492305
0.0316120295350939 0.0248448739252133 0.0648317771951721 0.0479927669581076
0.0304151593241491 -0.0189914564508086 0.106937088274246 -0.0247009515001184
5.36789779025503E-05 -0.0250801693547435 0.0581173174936068 -0.104618688981317
-0.00831591269384113 -0.0112733318515317 -0.0253074137592833 -0.104530053122689
-0.0115207259597519 -0.0108627014635764 -0.0693755293630257 -0.0650607982083487
-0.0116403434777526 -0.0119066876191864 -0.0767257685055229 -0.0362402422138499
-0.00143919691249006 -0.00896501502034353 -0.0837945764409735 -0.0277260255682154
0.00616719438750105 -0.00525754040749615 -0.0887124811586689 -0.0419825009927748
0.0129344776126881 -0.00328147408571361 -0.0752443890376138 -0.0739150546790485
0.0195453399155674 0.0205877015575503 -0.034405205298417 -0.110595995134252
-0.0144497786580769 0.0340482290660021 0.0124275962681911 -0.121156543256061
-0.0571172999961446 0.0010843293592238 0.0334204827024846 -0.110642101543004
-0.0568289116245402 -0.03905672540723 -0.0328022018696812 -0.151147345186405
-0.0738460568677228 -0.0557465794149936 0.0107226875883341 -0.132251459146516
-0.0586642655608019 0.00370599565905732 -0.0376066148065551 0.012309112557065
-0.0183717485563993 0.0340262161636928 0.0732742300444483 0.0578329026590423
0.00562688204548539 0.023322040874412 0.122959502766302 -0.022455864895634
0.00510038127117735 0.0112387344124967 0.0683375031782426 -0.108067416188085
0.0110281397148319 0.0141462692214867 -0.0223650847856859 -0.109055111587709
0.0188884582029352 0.002967926583646 -0.0659506905265431 -0.0659197111015813
0.0196737554413429 -0.00220931407662634 -0.0720792270430998 -0.0357112064050209
0.0274593148913979 0.00683577422519299 -0.0802198217656338 -0.0226063499258565
0.0211534933773409 0.027410304704243 -0.0886482376984348 -0.0335595984585013
0.0048880629022313 0.0338129337266475 -0.0795575812393431 -0.0642479785269642
-0.0184712518196052 0.0506884535898289 -0.0430005907773848 -0.104161658548792
-0.0625791318360009 0.0268495798035973 0.00198328373398374 -0.114627645048239
-0.0877163414615025 -0.0439894808437102 0.0198550525481217 -0.0886766075336509
-0.0745464145965616 -0.102512512989545 -0.0363071076236325 -0.113885311350352
-0.0798443907494186 -0.105374583492491 0.0364860881550702 -0.100973772906066
-0.0939857243765602 -0.0414411520599369 -0.0329815986135487 0.0279696629792175
-0.0734916482285818 0.0316354656846151 0.0748200841035028 0.0786655033451127
-0.0305624638843903 0.0639769971413254 0.136883011639 -0.00635436511207845
0.00500802407253589 0.0525877905799046 0.083687206027451 -0.0981179017580141
0.0280257544214265 0.0433876189352635 -0.00882743472633862 -0.103452902575124
0.047256476759609 0.0194148853327934 -0.0516519166371834 -0.0601132373076686
0.0482754037216174 0.0075928444564261 -0.0568399141473561 -0.029891895699076
0.0533320220620842 0.0181384341657552 -0.0650191086584745 -0.0117161174340239
0.0387869667363652 0.0507073481647453 -0.0804881702858483 -0.0149606393968449
0.00711029034891857 0.0645216560700876 -0.0828608833987024 -0.0404795428494411
-0.0398404751838707 0.084770617175191 -0.0593150965122161 -0.0874787728142418
-0.0989521304884208 0.034463818568083 -0.0154903348159867 -0.106783990016408
-0.114893820202389 -0.0676990605682707 0.0115176103953215 -0.0665755309896086
-0.0885378224532114 -0.14499825024377 -0.0330923374267501 -0.0613689063272982
-0.069972918574898 -0.140014284906102 0.0559523402011771 -0.0477015704734194
-0.111203585811453 -0.0874008417013168 -0.0281811635417297 0.0536318422872029
-0.119962541401036 0.0151014936916536 0.0669898320489968 0.103479805807616
-0.0709656736355593 0.0909872677600183 0.138758152217696 0.0223463567718114
-0.00261435525913118 0.0890942885340199 0.0960450872882922 -0.0714776223801694
0.0377681458217496 0.0706130166023289 0.0126194113244868 -0.0850246898249973
0.0676021807060643 0.0359913403319815 -0.028321731447815 -0.0472653270255659
0.0695592340755122 0.01626357438519 -0.0335365027722355 -0.0199154605006261
0.0721123332517216 0.0233428158995119 -0.0417959242384567 0.001997204346313
0.0536091151319929 0.0624703534951569 -0.0632927547971715 0.00645731429263543
0.0148562668268883 0.0839092160176883 -0.079369205054479 -0.0103459248482626
-0.0473384630023571 0.109228756474908 -0.0716571322099414 -0.0627063430136091
-0.117864144653049 0.0453536482909006 -0.0326512976475616 -0.0932389004013105
-0.128323044425778 -0.0751308276625023 0.0106243304819246 -0.0493408897571709
-0.0928139666452887 -0.162443719211843 -0.0217724794535776 -0.00619739447028804
-0.0476613942073748 -0.148670623762526 0.0653456118135124 0.0188940301292962
-0.101805487030886 -0.121150187261253 -0.0240280394180351 0.0841121574439385
-0.140520285103223 -0.0142851863463378 0.0481788937323681 0.125345764446317
-0.104893004494912 0.0927537803976806 0.124227483438308 0.0552225272839118
-0.0166803154165915 0.108410316392617 0.0995975918803134 -0.0313667289732884
0.0378021836665724 0.0872223065687741 0.0355013781014093 -0.0537800486787622
0.0760985610554627 0.0480172254076919 -0.000121035902122137 -0.0276601348294857
0.0809212605210758 0.0226620988959338 -0.00483590982373464 -0.0066941322261915
0.0811336522359014 0.0258691444148958 -0.013681142043758 0.0159457600077738
0.0610320930052044 0.0650602877244847 -0.0400142060983319 0.02713282543867
0.0187185679338996 0.0899660411733748 -0.0671942490045861 0.0192811996098118
-0.0503930400382862 0.11534491713149 -0.0747227814372681 -0.0352489505153581
-0.119644185801721 0.0441688377534264 -0.0439126462968978 -0.075825984625894
-0.121144497237978 -0.0772954109808225 0.0134640242835489 -0.0346471850358259
-0.0793196252790715 -0.158893200219402 -0.00755850202102731 0.0445208377520709
-0.0196830476645971 -0.128363664786255 0.0651634451310289 0.0853724325584261
-0.0683282458193796 -0.127667416517032 -0.0213903407448088 0.111557832087201
-0.126497811656722 -0.0418106970053495 0.0240828958182837 0.136222117630793
-0.115823285006507 0.070495302475998 0.0952501028742472 0.0815112600410915
-0.0291006856320063 0.104046998707025 0.0911696108387272 0.0108017316935304
0.0298939294886376 0.0874137346992933 0.054225207782402 -0.0162718136598912
0.0710813292464951 0.0507325810279903 0.0281942048057904 -0.00565888623267494
0.0795854750655228 0.0250507395245732 0.0231531461609124 0.00663818711657397
0.0793256912805778 0.0253380052037126 0.0135223006738602 0.0287001814939371
0.0594894424125255 0.0600582875847498 -0.016304489365107 0.0455939162405048
0.0163888321821661 0.0853603192001813 -0.0524777845187501 0.0440842535331279
-0.0545728943897846 0.103682466412789 -0.0730302872460888 -0.010693480301635
-0.109708008243544 0.0286379326536029 -0.0500895355436673 -0.0571461126548732
-0.0950648578802043 -0.0795858374235144 0.0151195629682124 -0.022639361455259
-0.0505776609036265 -0.137318343182662 0.00303403243021721 0.0854408998561415
0.00797095804870101 -0.0816268162273807 0.0558915550809664 0.138538490513944
-0.0265935104216005 -0.103701699497503 -0.0200883510398403 0.130256820801538
-0.0865142843468329 -0.0518045311748043 0.00138306076562712 0.135385872938304
-0.0991839847203835 0.0410107737049819 0.0633004806857241 0.0967532942848022
-0.0312676534308952 0.0793129118031264 0.076304212925522 0.0452641173627058
0.0189819567654959 0.0694281549219501 0.0671066772891103 0.01727828133464
0.0559216639151507 0.0426017400226215 0.0524632116411303 0.0143037359123709
0.0662727931179777 0.0225812796890798 0.0480587687887946 0.0194383103130486
0.0664243559942852 0.0231399547673967 0.037484508598985 0.0412679144035413
0.0500314397337751 0.050714544606599 0.00376674390734524 0.0629595010144837
0.0100579144349874 0.0740340685097928 -0.0413931521395513 0.0646881274392422
-0.0562380324974535 0.0809758182038111 -0.072370741163405 0.00914173969714554
-0.0904290673656083 0.00576328172747063 -0.0548211652852818 -0.0419763286110505
-0.0594413207796589 -0.0773842213653622 0.0131764982872959 -0.013077306292872
-0.0128169658312525 -0.100042194479786 0.00675857273908625 0.114333901260168
0.0326346606731733 -0.0191393834923901 0.0454057207640624 0.166892924607214
0.0129534914405757 -0.0568967514270277 -0.0155477602279651 0.134505734226787
-0.0360367031940031 -0.0418311426760623 -0.0138787602474351 0.128001279129582
-0.0606190698631301 0.0140937466401979 0.0403588499728074 0.103016532679282
-0.0218160502374474 0.0432409535201891 0.0670829865064355 0.0657020225062441
0.00843851406019988 0.0393227476454363 0.0769256812728378 0.0385035022379032
0.0316922306461608 0.0266347618150815 0.0699714864094188 0.0262549064577485
0.0427667193750399 0.0163553217893262 0.0651928425441794 0.0281462064375695
0.0445959708102821 0.0178797738961027 0.0551314829034175 0.0506704113474039
0.0354779145029324 0.036196009415106 0.0171262632154449 0.0778941115154329
0.00344621393389735 0.0561066260734088 -0.0367787192797601 0.0829503340631205
-0.0511772250211419 0.0516228563046922 -0.0773110796886994 0.0237595664080083
-0.0615712890496427 -0.0156075975785752 -0.0619912762018539 -0.0315698648942973
-0.0188166160689418 -0.0646948592553372 0.00822713360069266 -0.0103345370600799
0.0256333888813783 -0.0499105493377345 0.00317572538220979 0.127407807538052
-0.0517486942886285 0.00193709110327402 -0.0230503420970786 -0.136418659023786
-0.0127316611095925 0.0381867543896689 -0.0429716101665535 0.0109037225468288
0.032395345863195 0.0220445443433511 0.0663884228480083 0.0445405238480757
0.0285361473162691 -0.0204140983456588 0.104245132610612 -0.0288062299434576
-0.00132104296255557 -0.0246766717081591 0.0525673446423735 -0.105347081073897
-0.00885735220497734 -0.0105176783842266 -0.0293551008416324 -0.101189057238544
-0.0119556679429305 -0.00927431587615454 -0.0702860787135576 -0.0594734707376386
-0.0121448528832045 -0.00979884829204319 -0.0768794143378174 -0.031333209764961
-0.00206013011804817 -0.00833579476712645 -0.0834547547445491 -0.0227263584283526
0.00596661334226783 -0.0051549154979778 -0.0888542401832572 -0.0362372780916163
0.0121555584430124 -0.00390985928457153 -0.0776410204762083 -0.0682699396053132
0.0204628904910904 0.0183913442678824 -0.0398847995386926 -0.107670398284744
-0.0123153967528198 0.0340928431877952 0.00739607022834543 -0.12013228246383
-0.0563400166551487 0.00503144825441384 0.0300595707483238 -0.11055342457496
-0.057012892853163 -0.0346184207473806 -0.0385283662138334 -0.145677029883097
-0.0742365243289534 -0.0502115643366031 0.00217131177802657 -0.129616589644396
-0.056933400988561 0.0067531324188908 -0.0373691136306726 0.015824663916236
-0.0155676328983641 0.033750494102052 0.0746214649860065 0.0542716513791756
0.00681488047746043 0.0223016227550664 0.11992244726249 -0.0279899548665126
0.0051289038376736 0.0106110624593752 0.0621841885873509 -0.109372891504677
0.0113586903125555 0.0129493633939258 -0.0259592282202092 -0.105309330200891
0.018338120031122 0.00182545968071763 -0.0673482145774992 -0.0609501339732774
0.0177440381152193 -0.00274427897598729 -0.0720408768667893 -0.0309971740707404
0.0269119133168915 0.00543805926180469 -0.079194071963255 -0.0178864838736299
0.0218133202345615 0.0257064624314458 -0.0886060340868752 -0.0279936098018375
0.00571719006890521 0.0323183492482751 -0.0818320917785264 -0.0589451859401692
-0.0152205893268231 0.0497096512216062 -0.0478894031296002 -0.100203412842614
-0.0591562670996715 0.0293675701578054 -0.00308711113180406 -0.112781394373703
-0.0881694672915254 -0.0376194581661226 0.0178392978050958 -0.0884873312541937
-0.0776884850861484 -0.0949267711470024 -0.0398529844810896 -0.109225871514279
-0.0821036565413608 -0.0982828156854988 0.02883856266256 -0.100030160721893
-0.093494559421133 -0.03497177280892 -0.0323490963045312 0.0304813701070225
-0.0690895251834832 0.0348233115581866 0.0771772089604775 0.0743043154377221
-0.0251330441745182 0.0639674931206978 0.133855370080681 -0.0125931703180022
0.00778767016928785 0.0507387410677717 0.0777672276729329 -0.100628455615379
0.0295885393249925 0.0403077397637996 -0.0134919731927498 -0.100651192822351
0.0463327071894601 0.0167476135393435 -0.0535089841812216 -0.0562052377656663
0.0457412153662148 0.00510443579105254 -0.0571796155630916 -0.0263229668797369
0.0522959650742537 0.0148351950982204 -0.0642278718310308 -0.0080292273816947
0.0398393393106567 0.0477014485174258 -0.0798682207371008 -0.0096865843096875
0.00990056555626158 0.0627182988207042 -0.0842142716968607 -0.0353036666013265
-0.0341543568242144 0.083621865666368 -0.0630665374101987 -0.0836148445940824
-0.0940173668953782 0.0386065221060184 -0.0207735425090934 -0.104355977360306
-0.115743886129615 -0.0601170158044144 0.0104494984818775 -0.0669161493460208
-0.0931049023949217 -0.135521118105712 -0.0344744811701713 -0.0589195124355619
-0.0743171204050521 -0.132493903795693 0.0508888229749235 -0.049247083060254
-0.113254541540414 -0.0789659158715775 -0.0264126666158833 0.0547089468950113
-0.115474816800517 0.0210999285353926 0.0703966695893648 0.0995478152593415
-0.0635968380393578 0.0925400453621216 0.137038288500389 0.0154262585842497
0.00257538634858984 0.0866616774557096 0.0912437784402585 -0.0749067292353067
0.0402322052051484 0.0662988705654349 0.00836821481752384 -0.0836056428249722
0.0673817810222458 0.0316150829793607 -0.0301151929319367 -0.0453460534890514
0.0675403726511033 0.0118543643903894 -0.0343553852277391 -0.0176534133776858
0.0708100865854959 0.0189127144610328 -0.0408502953077634 0.00345824701284019
0.0552763820293006 0.0581527439000398 -0.0619311744992049 0.0103422610747492
0.0180325572466925 0.0806494297213343 -0.0790748437214345 -0.00604731981016376
-0.0396082973935546 0.108238096327968 -0.0739472938788391 -0.0581316262259378
-0.111321782792796 0.0501185683172558 -0.037182410096869 -0.090035289157174
-0.129268130409631 -0.0669845520041726 0.00927030976176562 -0.0497272388838138
-0.0981805700692386 -0.152478546850008 -0.0200078903572773 -0.00568536820743727
-0.0530880492026147 -0.142492879299201 0.06395780276131 0.0148757032806431
-0.105340261725285 -0.112476711502859 -0.0213912958973735 0.0840188404881532
-0.136792878626623 -0.00654967578787088 0.0525978312683733 0.121267171290274
-0.0959559344613928 0.0956944614383251 0.124724814139157 0.0485863547516394
-0.0103002143957515 0.106426093871876 0.0965822740233132 -0.0358906669072977
0.0415390184076977 0.0826829281809018 0.0324780497725671 -0.0546024340603974
0.0762248405761294 0.0427193185677731 -0.00174787069152409 -0.0271210412830882
0.0785636832641957 0.0172093181729489 -0.0059371038504484 -0.00660084754461422
0.0796609499359037 0.0202196964714117 -0.0131358258380571 0.0158315883585771
0.0623787994357811 0.059784050591763 -0.0381054946059247 0.0292744799809272
0.0224393268963627 0.0862412711776872 -0.0662979705765325 0.0221415678975865
-0.0424985216909432 0.114795613027654 -0.0758705716485138 -0.0306415353057967
-0.113400378077481 0.048762083738591 -0.0480468036543196 -0.0721297058548772
-0.122002188079857 -0.0698132912835251 0.0122273229124902 -0.0355713375890138
-0.0854536448230585 -0.149223804929195 -0.00352204324439289 0.0429862276064944
-0.024764942272502 -0.123586071787966 0.067224797084312 0.0797898361581472
-0.0728829485704418 -0.121480179021704 -0.0176922423375842 0.110448202761997
-0.12484019090788 -0.0340584913926697 0.0292038016911233 0.133246980443287
-0.108238757835357 0.0751940650002684 0.0972071442892701 0.0755621135596046
-0.0227565342085083 0.102966972309742 0.0903235096568343 0.00633825302644184
0.033887244330978 0.083142937084709 0.0528194872360451 -0.0189996639100504
0.0719727459536109 0.0452911931529704 0.0273222316432596 -0.00716039318491212
0.0782619669579557 0.0192416753894034 0.0220775892767993 0.00502422316490178
0.0783519075599973 0.0200928516102189 0.0144799638257178 0.0276812973564043
0.0610329032703333 0.0552996978511731 -0.0142023175827233 0.0464597213901215
0.0202164697791967 0.0824352841227871 -0.0503523698943899 0.0458848856782072
-0.0473225253047177 0.104670389153063 -0.0727944475538553 -0.00667705131881267
-0.10489769350595 0.0328430714409414 -0.0533697541020875 -0.0538441868934815
-0.0965890831466951 -0.0731301511941215 0.0138948517036215 -0.0238521101351219
-0.0558144768877519 -0.129735589167318 0.00843424352870698 0.0824653043537247
0.00473341627114139 -0.0792973574676298 0.0612210671546972 0.131758178218341
-0.0310032827513848 -0.100131950549287 -0.0158277738771861 0.12830376610305
-0.0868628036905318 -0.0466213579875521 0.00697656154528694 0.133476636573823
-0.0938532013218469 0.0457687530265015 0.0664614859863837 0.0919833846718654
-0.02599100256123 0.0793321347228297 0.0775596486940006 0.0406979084410793
0.0225163887951279 0.0669068923726533 0.0671855342855921 0.0133991716321145
0.056598060875732 0.0385967483497849 0.051907948892287 0.011143641237276
0.0651802226180919 0.0178393394512267 0.0473257513026565 0.0158560698459716
0.0660232065358383 0.0187117554140061 0.0385175534618415 0.0382620645386048
0.0515529909520959 0.0460600056434398 0.00641406338610273 0.0622801958485881
0.0138272352450892 0.0715165089803035 -0.0381221108103719 0.0660820357075667
-0.0498876943740151 0.0822724155350991 -0.0714421890450753 0.0127338672692925
-0.0874705265411791 0.00981733218973396 -0.0569098642874696 -0.0379123307976613
-0.0618777221036542 -0.0727443681730953 0.0123741945674317 -0.0142661022912486
-0.0171906801888005 -0.0955934040741769 0.0138544329286539 0.110188424677871
0.0313935626328555 -0.0205428632085969 0.0526372819869236 0.159928785831861
0.00982187729482639 -0.0561588498768252 -0.0107087079462807 0.132102704547463
-0.0368853722338833 -0.0390976814279133 -0.00835582276747399 0.12719662920335
-0.0580750108720332 0.0176015336730867 0.0440726523119442 0.0995929420829555
-0.0187672498633883 0.0435923474112752 0.0689017826586944 0.0615900569112706
0.0104097964669418 0.0378382638865198 0.0773689241551824 0.0334183425618421
0.0329208023663728 0.0243247595102092 0.0696158750845841 0.0219759175341496
0.0426336010779936 0.0126407580792663 0.064772557936264 0.0236071801171357
0.0447240348837726 0.0144137322486461 0.0558269617229006 0.0466021865516172
0.0365707347967485 0.0327412572541527 0.0203140221992657 0.0761398742140953
0.006532862015798 0.0544651173380357 -0.0325901606571875 0.0831085924776021
-0.0463842511798412 0.0536258482279546 -0.075858404272264 0.0270253410605252
-0.0609428132384755 -0.0123508259289431 -0.0631074024695518 -0.0281511126595651
-0.0218207235254749 -0.0625755034135875 0.00743990308053345 -0.0113103003494842
0.0223182869830122 -0.0491804688670889 0.0108195312056086 0.123395225836691
-0.0498760265736328 0.00261665582150158 -0.0254457925016977 -0.131529789316431
-0.0119229584137668 0.0375896521595459 -0.0418806096113714 0.0131076677985991
0.0320697068244677 0.0207850620795893 0.0662913899709004 0.0441243248456066
0.02753896325173 -0.0203290898845984 0.102111814773148 -0.0290080926590899
-0.0021934586705331 -0.0241675674288666 0.0512011346746695 -0.103905519828645
-0.00916775261345714 -0.0103598431810692 -0.0287345597553933 -0.0984625588174437
-0.0116055830526954 -0.00876800343154122 -0.0686219585029923 -0.0568991736504812
-0.0121793423862785 -0.00860808903824576 -0.0751382963196296 -0.0294477167915245
-0.00195977527494455 -0.0077494463555978 -0.0814198469736715 -0.0213940772209005
0.00540953160693989 -0.00502077891764936 -0.0867701420064796 -0.0338812625966629
0.0111050284453617 -0.0044529710158373 -0.0768374218211435 -0.0655484199993921
0.0203394879595933 0.0170289192380805 -0.0404460831472283 -0.105053195900902
-0.0111237846500806 0.033205091883898 0.00686911363949132 -0.117121020046084
-0.0550389382358882 0.00633398351096261 0.0302993230062368 -0.109216741531475
-0.0556346596671688 -0.032668593509727 -0.0387998550721179 -0.140940349459938
-0.0721142215367302 -0.0475167619736164 -0.000780451223453087 -0.125438453132097
-0.0551182434072929 0.00769105791076179 -0.03683071205438 0.0170114033812875
-0.0143957252675629 0.0329515733735493 0.0740405452115657 0.0531590157379529
0.0078872765690903 0.0209113149597573 0.116951123458324 -0.028169446807386
0.00521443643718176 0.00970102614236869 0.0605681826406975 -0.107702906170468
0.0110990815002683 0.0122231042636127 -0.0264584118340956 -0.102040387738989
0.017589988367195 0.00146217775478839 -0.0659436867235882 -0.0579706744450148
0.01667808823776 -0.0024619831304706 -0.0708348152040613 -0.0292530294738483
0.025882978106457 0.0053005914244097 -0.07738143889918 -0.0165076105062576
0.021107397549436 0.0252974007559542 -0.0867350430393018 -0.0255140679775479
0.00549833151878374 0.0312151335599015 -0.0810802089616395 -0.0564132549399156
-0.0135870679965325 0.0476630381695787 -0.0479780173027928 -0.0974887764833133
-0.0565400636870643 0.0290257644985491 -0.00378364418022268 -0.110322154002498
-0.0864876052434814 -0.0350319796955744 0.0186211558349964 -0.0875392909026815
-0.0755892270609874 -0.0904104477441482 -0.0395873154045449 -0.105645387329513
-0.0803909076189937 -0.0941116848726034 0.0260841442763647 -0.0971916051007725
-0.0911840322275636 -0.0322193024032128 -0.0324726019813527 0.0315928308346718
-0.0657890603199384 0.0344879298390736 0.0762863615799248 0.0730619935123669
-0.0227047811489331 0.0621109328473644 0.131006116496909 -0.0131387545265706
0.00836124796728898 0.0488295601667839 0.0755609651973941 -0.0993290510508804
0.028693108992665 0.0384105318524854 -0.0133410982296667 -0.0977473132461512
0.0450259324689934 0.0157340193636913 -0.0528911800948582 -0.0537530069886041
0.0436930898551472 0.00413283424083743 -0.0564460083669787 -0.0247807101488261
0.0503279842931817 0.0136953668320822 -0.062870074417552 -0.00676782958663134
0.0387022376169714 0.0461931569300271 -0.078030396042827 -0.00825534931531402
0.00978935412969766 0.0602982500898079 -0.0836051486701699 -0.0333892043716672
-0.0312250575073088 0.0809422019926931 -0.0634995176108602 -0.0806230535617766
-0.0896631026074833 0.0380728400935776 -0.0215411859568342 -0.101940090530763
-0.113088597256413 -0.0562176039442929 0.0113188573970897 -0.0666120327042692
-0.0914491604805052 -0.128810733835068 -0.032939080274327 -0.0572510724914237
-0.0731521767886637 -0.127341620045985 0.0475104267995499 -0.0486542149295985
-0.110724803122655 -0.0749999309115261 -0.0272170740003511 0.0551257337399925
-0.110566728683167 0.0217711006344098 0.0691716908456722 0.0978672952821466
-0.0586626477768539 0.0909422566601909 0.134270736581565 0.0140265760778681
0.00396935907308873 0.0840700949453142 0.0891659505224746 -0.0745867769136778
0.0401375868811422 0.0630399961292255 0.00756541899287839 -0.0816782519835632
0.0652629022037245 0.029699303020352 -0.0298946440598719 -0.0434832268184391
0.0647555859569609 0.0100028233810545 -0.0338240741548686 -0.0166229865225517
0.0685443184070747 0.0174711435311986 -0.0408087501785788 0.00376813738556172
0.0539084333115927 0.055891976354067 -0.0607345937061743 0.0114715098849141
0.0183757178531128 0.0780285464645405 -0.0785932138070506 -0.00488775350640844
-0.0362432567082917 0.105189310794228 -0.0739279143738372 -0.0553410070612061
-0.106758965938158 0.0491546647777746 -0.0380046027831819 -0.0877499993672462
-0.126164796072333 -0.0632155683535114 0.0100753068827928 -0.0494467257204096
-0.0960011756551439 -0.145782308212449 -0.0187411987865249 -0.00597633508214676
-0.0526608023675691 -0.137440092855867 0.0610321731502477 0.0134147147522054
-0.103509418480548 -0.107925872829203 -0.0221562970510548 0.0832190885688267
-0.13173810990141 -0.00495041382562637 0.0522801998082642 0.119814031319079
-0.0908212788441743 0.0946140487488227 0.122507483535529 0.0466891619976987
-0.00764663258918773 0.103158392364787 0.0951777730554239 -0.0369501869557365
0.0413551437037894 0.0790826033070141 0.0315652009444626 -0.0535076398475136
0.0743583921772186 0.0401231921187159 -0.00224916127082888 -0.0267745955931669
0.0756210904880183 0.0147285345325516 -0.00614910289761838 -0.00639173351568254
0.0773696463607772 0.0185775671172025 -0.0133245676368006 0.0155726875797781
0.0613240071636272 0.0568906828627318 -0.0373578103923145 0.0303165935808675
0.0231328825040607 0.0832327653217044 -0.0652708152205104 0.022539816234476
-0.0385977288963175 0.112236245504676 -0.0751743200616567 -0.028803111718034
-0.10890754838246 0.0481515658610536 -0.0490955251743193 -0.0699419195828894
-0.119811319872787 -0.0663618010496261 0.0126875750549935 -0.0353846794271504
-0.0835972632278856 -0.1421023298601 -0.00161424239268155 0.0411469064778432
-0.0247307791848182 -0.119719870965726 0.0648804752000457 0.0762343165973137
-0.071813632506908 -0.117039720653714 -0.0183951139858813 0.108579077885145
-0.120566360171115 -0.0321283278672833 0.0294754112093368 0.131233537393686
-0.103469076186801 0.0750043681000431 0.0952784590043898 0.0733492535838563
-0.0201554301353228 0.100316211550234 0.088818676223074 0.00483717206768321
0.0341454017316469 0.0799324470816796 0.0518729886788601 -0.0193933389995763
0.0706075284636696 0.0427109308135005 0.0261218322220687 -0.00751491871029742
0.0751366495309349 0.0166996870599553 0.0216291052371294 0.00445839977802258
0.0756814740024068 0.0178007284333927 0.0134243017201212 0.0264945058715822
0.0597151507790993 0.0525143286260313 -0.0137124914849805 0.0465385008007944
0.02068839414405 0.0794689925144301 -0.0497780444761285 0.0455972661572649
-0.0436420534649744 0.102261481705704 -0.0721024539537365 -0.00572576042579236
-0.10090363260061 0.0325770442868098 -0.0538275200840033 -0.0514521578930257
-0.0949647117844971 -0.0702627983300698 0.013984635518111 -0.0240448474819346
-0.0551941608971288 -0.12388063199438 0.0107822408544344 0.0791015327414541
0.00429907461308199 -0.0772151001554221 0.0601324105291815 0.127057718090785
-0.030512254927118 -0.0969664790576903 -0.0159965709649506 0.125639597446155
-0.0839756757837726 -0.0440393554726709 0.00727712573871046 0.131615124758796
-0.0894683908191039 0.0460579478616596 0.0657882866086502 0.0898655337692086
-0.023856032609836 0.0772351895116828 0.0766976753415031 0.038788012653384
0.0226695097004588 0.0642950467273205 0.0661649223263641 0.0115575445209931
0.0552981272849358 0.0364695112109725 0.0504865332361314 0.0102643068484092
0.0629696996698828 0.014954060546937 0.0457870760442487 0.0146643487337837
0.0639683527960705 0.0161835966374236 0.0364951718716579 0.0364209985505955
0.050596949793794 0.0434263938194967 0.00658515652983568 0.061428229502747
0.0147808341352539 0.0690926937782226 -0.0374176156326523 0.0650535334713674
-0.0465381858022276 0.0811192299963924 -0.070516265910579 0.0131893224234891
-0.0848048659635074 0.00956791395694698 -0.057383061725563 -0.0360428325171424
-0.0608217953083248 -0.0701160483771815 0.0125141687137286 -0.0149174734349154
-0.0166760827947077 -0.091639754596592 0.0160635654349721 0.105729593849181
0.0309922812634739 -0.0199601483271759 0.0524962467378296 0.154336294726328
0.00890934501152948 -0.054769911762441 -0.0108537099572889 0.129165784948669
-0.0364995783691633 -0.0379757995178989 -0.00730668984782613 0.12526493590969
-0.0553029089755582 0.0187685332078668 0.0435538976657219 0.0971953389759449
-0.0176125349659783 0.0426856270406861 0.0684943052036744 0.0597024671121151
0.0106309065708831 0.0368540195965246 0.076250234726703 0.0312086391958441
0.0323518426804274 0.0229221378920397 0.068374785626021 0.0205491803493142
0.0415854625385659 0.010674606542794 0.0630433715421576 0.0214653901083218
0.0435565975771353 0.0126232886380114 0.053966998357158 0.0448313218709642
0.0359595564259795 0.0308098044353878 0.0204413477952465 0.0740279204003567
0.00801903426860358 0.0530340957936968 -0.0315762959985363 0.0814950287899503
-0.0436071769269068 0.0532604820907617 -0.0747687372851941 0.0272902525139945
-0.0596642786584252 -0.0121551841907762 -0.0625635794443608 -0.0261438268345785
-0.0215522544696492 -0.0607467873042802 0.00725898471758715 -0.0120119470378234
0.0223259349044092 -0.0471035524948896 0.0132479960555794 0.118489517778056
-0.0488819053036759 0.00199209173082447 -0.0246918953303962 -0.13048639097328
-0.0119908481126268 0.0375814816233302 -0.0421204682371446 0.0144133008036715
0.0316815469844447 0.0206537841917764 0.0664865884867099 0.0458314651220984
0.0280644641778069 -0.0208134569505843 0.103260085475696 -0.0266760053415941
-0.00205244790292135 -0.0240615997815453 0.0534042367047009 -0.103543710041063
-0.00903314726903563 -0.0101474479840588 -0.0266641989089951 -0.0988427402236124
-0.0116888555599968 -0.00885582153429134 -0.0668641623506772 -0.0568195937152914
-0.012391639661847 -0.00767673275187028 -0.0738628420149108 -0.0302894533523843
-0.00198614213237102 -0.007675844978095 -0.0813089447674143 -0.0213032035327395
0.00524629732280408 -0.00461854425826578 -0.086254115340774 -0.0346615921191868
0.0108876975318597 -0.00466689091366831 -0.0764274954571342 -0.0663484681051393
0.0201200425919948 0.0161094693221768 -0.0389682363773709 -0.105438816881601
-0.0112295581520115 0.0333783832118249 0.00976768134664822 -0.117189206480396
-0.0552984588319513 0.00696978526986582 0.0341426008968027 -0.109239302523696
-0.0545066602848504 -0.0329291219367378 -0.0358649701794862 -0.140819401128113
-0.0708299779159806 -0.0481382291942339 -0.000694929002713705 -0.124277941196011
-0.054762727297209 0.00731027614846441 -0.0380800856679106 0.0183776880605887
-0.0138437376029226 0.0323156239914009 0.0737024545788284 0.055276570747551
0.0082168211427185 0.0203750079833862 0.11813886821387 -0.0259438618399384
0.00504608608334369 0.00954663315519335 0.0626877614756827 -0.107253301961472
0.0105069357259526 0.0121885652258724 -0.0240483040937125 -0.102172934877014
0.0172240563526358 0.00168831195131137 -0.0646951832777428 -0.0579493089936953
0.015941076989097 -0.00175848055079926 -0.070270053318286 -0.029787159473536
0.0255968379681933 0.00566983050325397 -0.0775660361436635 -0.0168842523313625
0.020960737982755 0.0249009996952121 -0.0862076630549331 -0.0265773190844059
0.00464338793155004 0.030342252043175 -0.0808379137659778 -0.0574073553322473
-0.0138624538986145 0.046219563328883 -0.0478831049275439 -0.0980878780750158
-0.0556198960682076 0.0280115994758225 -0.00175373058078121 -0.110888236964669
-0.0860166572066194 -0.0353605369426232 0.0216279921804669 -0.0878504283923653
-0.0736222596294384 -0.0901201914319547 -0.0368216706736111 -0.106188982386333
-0.0784870059091349 -0.0945023427966628 0.0254809731152183 -0.0962264115745924
-0.090299217115219 -0.0332461993290895 -0.0340987493670406 0.0327483908384509
-0.0647689425416234 0.0337252065324469 0.075579344572235 0.0753665609761212
-0.0221975802836773 0.0608482700408417 0.131513002281599 -0.0111640175637364
0.00826233728419301 0.0480213750097235 0.0774010502323737 -0.0985328257752287
0.0277994480134895 0.0383645871164094 -0.0111731786623944 -0.0976241017171587
0.0441099336047055 0.0160470266403959 -0.05196816123477 -0.0537928619454638
0.0425254280612919 0.00488497659852836 -0.0559787697499709 -0.0251906783336383
0.0493367106325261 0.0144408536562162 -0.063374455054533 -0.0073074992360744
0.0378385451457804 0.0463808455358103 -0.0780487979340219 -0.00878686980566505
0.00837455614210221 0.05979751534754 -0.0836603271408989 -0.0341005285537009
-0.0320076976215081 0.0789552553327427 -0.0627429594727 -0.0817939258087955
-0.0892544973424179 0.0364189648304033 -0.0201840507355446 -0.102211207564651
-0.112298375625733 -0.0573052225466795 0.0141868582863861 -0.06743872116022
-0.0885899990644611 -0.128660008422048 -0.0310307950977024 -0.0578016837712517
-0.0708743403682866 -0.127465464418077 0.0467238036721785 -0.0471355765127629
-0.108617796938826 -0.0758298744441642 -0.0293594941056379 0.0560437693689486
-0.109218401329953 0.0198595610729856 0.0678122208077897 0.100503226554792
-0.058072396050658 0.0891646690023153 0.134206350503392 0.0161979314760857
0.00342318032587951 0.0831131605441165 0.0910435246667889 -0.0738405381854234
0.0388332643843332 0.0631238519814482 0.00917546287518033 -0.0817345485958765
0.0644588528762004 0.0297899943580799 -0.0298978563834351 -0.0434936564127978
0.0628329738099039 0.010970675249299 -0.033978781908855 -0.0168625865801327
0.0672463731033341 0.018051010799871 -0.0412675128676192 0.0037819917626169
0.0522007305847418 0.056427459661699 -0.0611184903888111 0.0114984336191927
0.0169904070010293 0.0772629698139537 -0.0793887079444324 -0.005496429072125
-0.036551367635933 0.103904922884937 -0.0736516998619494 -0.0569658862514738
-0.10626827657178 0.0468947369714927 -0.0373689642369873 -0.0882493419532706
-0.124907528818527 -0.0647660373742033 0.0126571199443785 -0.0504804106392298
-0.0927916114816779 -0.144427875638234 -0.0173308491542445 -0.00729494165530149
-0.0504861514005185 -0.137037479559492 0.0594937127508189 0.0141826981680862
-0.101155226979588 -0.108436248949387 -0.0250238769645209 0.0833917414465026
-0.129880414688788 -0.00600597011377699 0.0501598749302814 0.121515673035052
-0.0899896292723502 0.093117364762066 0.121612539084297 0.0489042573103754
-0.00846145519539319 0.102081590530971 0.0963803732869581 -0.0359885726606658
0.0400951943312253 0.0792266540902004 0.0319835777686191 -0.0536738583365531
0.073338526269135 0.0402222881794323 -0.00219672369367442 -0.0267767055709974
0.074252172355529 0.0153756800076071 -0.00687849626248411 -0.00608617163303203
0.0762947177566524 0.0188764764411087 -0.0144282500070055 0.0153766305744222
0.0600269115855136 0.0574010704963329 -0.0381229897803688 0.030389953031174
0.021675499448276 0.0830576700372472 -0.0666644877034188 0.0221841367881962
-0.0387529887326918 0.110435638481144 -0.0761491288354951 -0.030008276252018
-0.108175897360866 0.0456255781927748 -0.0490482684585501 -0.0698867512411608
-0.11776006552655 -0.0675121000001309 0.0139450386533524 -0.0366406906198295
-0.0802665538047446 -0.141494616795308 -0.00127019120333091 0.0394558748696178
-0.0221773232303617 -0.119072954945859 0.0632874790741815 0.0762747933485104
-0.0692219265510922 -0.117401433165694 -0.021385275730335 0.108525673126195
-0.118447257260902 -0.033251790807025 0.0267976671452631 0.132840131213446
-0.102319226171052 0.0732752602108735 0.0947310998219054 0.0754673477572945
-0.0208837600530743 0.0992202303310183 0.0898386710413751 0.0057465570146389
0.0328873101757699 0.0799457074933678 0.0522873588713302 -0.0195291933860087
0.0701001714468858 0.0430247320147406 0.0253545976894956 -0.00728693816521482
0.0739815640420501 0.0167742125210772 0.020429285185473 0.00471808157239672
0.0750169744244064 0.0178724840540482 0.0122687119939509 0.0266030027840213
0.0584283529708555 0.0527880880686526 -0.0147623968688131 0.046872843323278
0.0198330347667989 0.079166933091211 -0.051702585300036 0.045480567414969
-0.0434719235455962 0.101609378733965 -0.0728657555228839 -0.00678301403251871
-0.100705346385302 0.0300971381548005 -0.0543953031272976 -0.051529507190485
-0.0935148607309942 -0.0712482529277663 0.015162400079519 -0.025221509963512
-0.0517202409270765 -0.122822051126573 0.0108145277381125 0.0779068379009631
0.00590389282247579 -0.0767336475940014 0.0580302254403538 0.126458573072861
-0.0291072758704094 -0.097031419022176 -0.0191162660465268 0.125430061478947
-0.0827969728096412 -0.045632875969911 0.00516745709396906 0.132627622292821
-0.088469057046106 0.0450432274444318 0.0642154304084373 0.0904808750091626
-0.0244817567766046 0.076892454487897 0.0768370759205054 0.0399237087322528
0.0224509704074861 0.0643543295843755 0.0664023374965062 0.0122100999822593
0.0545487250043584 0.0360821339437008 0.0498495180738563 0.0106855389621407
0.0619834044619683 0.015045173165447 0.0447163306134998 0.0153007401152389
0.063466748498976 0.0162824528912086 0.0353905748574099 0.0369062582329968
0.0498283180057286 0.0433873427779415 0.00546351480447031 0.0619645969185653
0.0143102910207658 0.0691198974755423 -0.0392593731955674 0.0645151038308679
-0.0462525045692426 0.0804956441221737 -0.0715509835314606 0.0122764332230581
-0.0845947543677011 0.00792517416150944 -0.0576359733615934 -0.0365284178319051
-0.0594530056679256 -0.0707645650853951 0.0128466197510939 -0.0162605158838933
-0.014488179853099 -0.0899728831101604 0.0159141205428737 0.104549414831563
0.0314313781285865 -0.019828060348773 0.0496331635046639 0.153592359608835
0.0103013280678818 -0.0546556445931611 -0.0142592639302333 0.128823381973264
-0.0355364286622264 -0.038201530592422 -0.0100574521096142 0.125926803876608
-0.0547011357247731 0.0183726004487716 0.0423802957638439 0.0984930287906951
-0.0178334819805803 0.0425476879889255 0.0680144282014121 0.0604920562001482
0.0104200683063787 0.036614768266438 0.0762601709847101 0.0313697721244199
0.0320701167793914 0.0223901568906207 0.0677734716815378 0.0210017896521929
0.040608371961166 0.0102750097010049 0.0617417944080551 0.02187754160599
0.0433734880189093 0.0123505674737139 0.0523291524512609 0.0451909359872675
0.0352609570101591 0.0304603371937443 0.0189499157667237 0.0751801720348831
0.00774258324669151 0.052743524169704 -0.0336912381938514 0.0810042417903732
-0.0436231488574161 0.0527315590228705 -0.0761236701958848 0.026559589488063
-0.0594147323657679 -0.0132007633549304 -0.0633091942516824 -0.0270973521455866
-0.0209027970114313 -0.0607655955362166 0.00743093854728564 -0.0124263154443704
0.0235397099849048 -0.0460629452515917 0.0119344331969993 0.11698800399149
-0.046227824484852 0.0226087699036598 -0.078895839365462 -0.109594450583389
0.0049720144244545 0.0403151049470191 -0.0321292548988516 0.0337351332127541
0.037524225317006 0.00512945588995693 0.0839444971486358 0.0141554262101007
0.015501606230471 -0.0317969634132865 0.0867233718184968 -0.0712112113515312
-0.0136499747645392 -0.0209599121752551 0.00487433332108644 -0.121166812383717
-0.0133754013089131 -0.00490366030446018 -0.067352112185812 -0.0813683319605861
-0.0145760170170944 -0.00297484973880358 -0.0870995597526117 -0.02502206388806
-0.0145638606153953 -0.00155147172823152 -0.0829146149287107 0.00402497086954293
-0.00540866605101613 -0.00650467473883793 -0.0851553841726119 0.0150500873312266
0.00246884410607714 -0.00605313621086425 -0.0958326501152432 0.00502237086978735
0.00745599961386738 -0.00893037413098251 -0.0994835123277715 -0.0287938934192
0.0246650401495324 0.00434507701073895 -0.0819852224669297 -0.0808357189502394
0.00420242117530875 0.0355707471061821 -0.0415290029210954 -0.114637872375358
-0.0482157589617301 0.0300231946228488 -0.0122013113018648 -0.121233445239151
-0.0671463612997216 -0.00804515418083377 -0.0885577231566085 -0.120555271171078
-0.0861482614852239 -0.016248649928559 -0.0549908785412012 -0.113867414911549
-0.0466163441917909 0.0290905149194698 -0.0275794925043621 0.0370266414115948
-0.000206001606539999 0.0335161404617035 0.0948727160170199 0.022203204759184
0.0141724419496865 0.0133692155895282 0.101452683749122 -0.0747385014535465
0.00620279102076631 0.00719323802574511 0.0131314073649738 -0.128046046375873
0.0139733748353032 0.00799742552327734 -0.0657668689752245 -0.0856382971542579
0.0163962428622883 -0.00523976106078892 -0.0843824531907759 -0.0267314120274237
0.0143550456335097 -0.00679993242438423 -0.0781879549493698 0.00298604054549401
0.025819196217374 -0.00479901366705111 -0.0800352375096549 0.0186508449777926
0.0298932329203917 0.0161484381292405 -0.0921225501609078 0.0141357923871169
0.0157197692639036 0.0276841389719633 -0.101589963198975 -0.0181602960869231
0.00538312927575496 0.0465289360403149 -0.0903326252312458 -0.071227197549996
-0.0409976524536586 0.048233161716134 -0.049922629972274 -0.105063586362032
-0.0953657055533705 0.002407652989223 -0.0125100164769003 -0.0981316400958376
-0.110968411442384 -0.0540553084601581 -0.0712721747115828 -0.0882508912027022
-0.111344529593564 -0.0571169372174327 -0.0210207428881539 -0.0992934360712637
-0.0955998337426118 0.00524580293291574 -0.0195997102093574 0.0493842787360989
-0.0465971150508439 0.0544496513387629 0.104243159289137 0.043284566418961
0.00315431462330296 0.0625360265646 0.121018780303502 -0.0642187172876966
0.0246976629642998 0.0415059787015203 0.0320453181905045 -0.126286532935374
0.0407752104041419 0.0249900002668989 -0.050954460855853 -0.086659315528505
0.0472267009472415 -0.00308120461656031 -0.0694887678119928 -0.0288375267649833
0.0425389278982764 -0.0112961321921453 -0.0630432594345749 0.00143673828463771
0.0523047463256785 -0.00677015788463851 -0.0624384991991328 0.0216608943057152
0.0546542054308921 0.0289645988992304 -0.0771018404415693 0.0284204810721668
0.0319791973283564 0.053880248539224 -0.0966117739996059 0.00510893308014029
0.00285650889698255 0.0849664769247251 -0.100571758220684 -0.0488798308309795
-0.0696974474485235 0.0695429975528103 -0.0642661143477484 -0.0904126912681621
-0.129751841703829 -0.00740045217844502 -0.0108799832323867 -0.0771709617077366
-0.142018626088144 -0.083536954460088 -0.0435280529385885 -0.0460411804825273
-0.116625592805045 -0.0922428025507221 0.0177329294593689 -0.0634741893631006
-0.129499312131644 -0.0273077215665798 -0.00731433958058666 0.0694267792050233
-0.0926514829724234 0.0591844655114798 0.105803473905165 0.0716318355031873
-0.0176747805922429 0.102316232316551 0.135271942290632 -0.0370829928766953
0.0347628422047956 0.0752572655053847 0.0566698390702311 -0.108788121444147
0.0612021550423266 0.0433202222938477 -0.0242793515359886 -0.0803867168632544
0.0716575571489776 0.00186611003457013 -0.0435685886366797 -0.0278658360066244
0.0638842852635291 -0.0142198711663732 -0.0387751272174316 -0.000404077503285409
0.0706798202396671 -0.0106869152768924 -0.0371578752049217 0.0232707667102329
0.0728870894954239 0.0319703811483725 -0.052604715712962 0.0405018016338048
0.0475571055430402 0.067058705310716 -0.0813416031890299 0.0308778165689215
0.00878405677049176 0.110430158172067 -0.102338840313982 -0.0207114077994003
-0.0813227923510585 0.0869875797156982 -0.0757236335015571 -0.0700352105875382
-0.145037120740956 -0.00849638886438426 -0.00530404503874181 -0.0609372170126358
-0.153180553260775 -0.0965923026320434 -0.00891081178684029 -0.0039794475740112
-0.100026074747521 -0.110191248136065 0.0555081284439928 -0.0123213846351649
-0.135002054305926 -0.0613918633616513 0.00758279398614269 0.0926371627717428
-0.122026616511906 0.0426839923563719 0.0969655608595534 0.0997541715851048
-0.0444295623079514 0.118233269121208 0.13616805577608 0.000587375105606301
0.0319915418968557 0.0971402117449272 0.0788895617772428 -0.0741262368430236
0.0693655991165066 0.0572809719035861 0.0102082394030419 -0.0642434606747581
0.0842724699450288 0.00734974691869749 -0.0104043575453606 -0.0237470847476147
0.0758210420701828 -0.0153093960898217 -0.0089304269610261 -0.00193754638191576
0.0792824055475809 -0.0136685788719698 -0.0075515925490834 0.0227432867044087
0.0802742387798766 0.0298759945992117 -0.0230679889506541 0.0482745322204607
0.0549075005050972 0.0702244053620997 -0.0575604059645509 0.0514594856729215
0.0100421640268312 0.118460836582337 -0.0931968541084721 0.00592780492883944
-0.0843702588171484 0.0868555838803147 -0.0786324989308854 -0.0479584637877728
-0.139992422124337 -0.014399608019559 0.00171128934655305 -0.0481813989027869
-0.139121491577975 -0.0989583830510099 0.0250549842276639 0.0336781865056322
-0.0664383619355751 -0.105155852958587 0.0852134942901227 0.0442148951488826
-0.10893843046288 -0.0827437108204134 0.0210055635338907 0.113313832449609
-0.121736115703108 0.0129980632767993 0.0781003598681532 0.118780538717005
-0.0634834212508697 0.105826722915098 0.120811057521299 0.0372727985429125
0.019910565025944 0.0990059705838845 0.0907157628295324 -0.0317325060526352
0.0635040795683599 0.060811371480324 0.042786281361169 -0.0403204243647731
0.0822072747821403 0.0113567215017801 0.0242004684541963 -0.0176595542037429
0.0763650277109663 -0.0140451850573893 0.0215668201617532 -0.00355822738195042
0.077482550337892 -0.0141179987531818 0.0222045585958496 0.021866821888233
0.0770531471197678 0.0258545430013561 0.00622510784426634 0.0531033919628344
0.0520269048393019 0.067680983424876 -0.0331875398737695 0.0661870822952451
0.00258422300984902 0.112375519132678 -0.0804994989983014 0.0257302461014666
-0.0840026085405121 0.0691872660912982 -0.0750386010381981 -0.0281909000430903
-0.118687211270036 -0.0277422487207726 0.00735281106648355 -0.0361573859081895
-0.103477798478647 -0.093459606739467 0.0506241372736553 0.0659286049219255
-0.0226695003258939 -0.0766795258634298 0.102767771507522 0.093258958052044
-0.062980554214059 -0.0805678574016089 0.0310265646711271 0.127107638785564
-0.0929680796106558 -0.0122662522014495 0.0571813309002026 0.125506343430644
-0.0621538477783998 0.0748944914260386 0.0985457097592684 0.0632470802721479
0.00820510537282613 0.079728130729796 0.092449415678245 0.00580538133363695
0.0469828678622903 0.0507542040594831 0.0691764078760134 -0.0169992790919794
0.065891842887724 0.0112226101795526 0.0544261440969666 -0.0115141164547427
0.0639913620265712 -0.0112594728265503 0.0482334068808195 -0.00493691693974508
0.0662821023178109 -0.011110740869984 0.0492002407716167 0.0207067396636574
0.064988466945223 0.0205018459738559 0.0312278509330146 0.0577647722021571
0.0427311363222023 0.0600486972144006 -0.0135002686599428 0.0788285991103514
-0.00924823955767894 0.0949964968879427 -0.069417430333982 0.0419692867586749
-0.0783280488162305 0.0421047122069144 -0.0706443040352138 -0.0128721294519342
-0.086589556790471 -0.042246573004574 0.00876300768769544 -0.0245039153151332
-0.0526974426557434 -0.0791580413280193 0.0635978161456384 0.0909476666712448
0.0238610429553708 -0.0333106666622958 0.109190865989632 0.122458920262986
-0.0101516662264807 -0.0569800296093886 0.0382430556964919 0.126778021258831
-0.0468806627550814 -0.023859329488707 0.0411005214332543 0.123402145636835
-0.041095794950494 0.0375028044166929 0.0811075819455653 0.0774024839383203
0.000987738971221709 0.0455627940621679 0.0918591519305298 0.0284555000402339
0.0248610067802881 0.0294596941246831 0.0858897262161677 -0.00366423910161216
0.0392973411113157 0.00752453089476585 0.0742824329049474 -0.00952991271735622
0.0421361811284379 -0.00741571461984028 0.067543856976523 -0.00586075535487133
0.0457667344809273 -0.00698659134633913 0.0685106116553458 0.0207832708918595
0.0460328832657536 0.0139684024439845 0.0501583929122913 0.0636606401882134
0.0301436463442492 0.046693011578307 3.07796970334236E-05 0.0913497046916144
-0.0185552067373534 0.0686051028653853 -0.0656597797108837 0.0562868622589996
-0.0637255003882158 0.0113261398099262 -0.0712254955900334 -0.0004141760338318
-0.0455799197445654 -0.0489086228854949 0.00481102662012972 -0.0170340486501303
0.00344945121180568 -0.0537250429078568 0.0626415061022934 0.105661612473937
-0.047071611305691 0.0242538883782593 -0.0831330196063643 -0.11245164483024
0.00588369690415918 0.042205238299334 -0.0323401713301149 0.0369615987250158
0.0393192571430939 0.00456690031172634 0.0893549493948169 0.0139027699278237
0.0155916536259267 -0.033909700949386 0.0917493503931363 -0.0758139670418411
-0.0145602457742395 -0.0218941319857872 0.00449109621768319 -0.128055242038718
-0.0141271935263358 -0.00488717950100903 -0.0711265617425941 -0.0857934986048274
-0.0151094711728665 -0.00284818964982482 -0.0904928176161888 -0.0251281868226113
-0.0151691831731003 -0.000401597116897018 -0.085767486748916 0.00506488430298221
-0.00571042259028982 -0.0062296089119137 -0.0893275402693586 0.0174358333371674
0.00277155732512785 -0.00644195943318244 -0.100357153920163 0.0073631061347885
0.00652684069853109 -0.00917019816216711 -0.10487790746974 -0.0284888277175066
0.0253145252907165 0.00323223660004779 -0.0873164032021342 -0.0837133380523968
0.0051645075383204 0.0369480656944322 -0.0437726076779268 -0.120188699631485
-0.04983141109169 0.0326615111312911 -0.0125690054889788 -0.128915701128726
-0.0700815620226808 -0.0073381868762241 -0.0934636120959033 -0.125967206884549
-0.0896510641558057 -0.0153055577954084 -0.0596731790430235 -0.117380134594044
-0.0482061051325187 0.0313749044726156 -0.0277290229085145 0.0404519351734688
0.000251493404390611 0.0348094377036674 0.101294791553907 0.0227810149670462
0.0151218750655626 0.0129307302322087 0.106552627672203 -0.0792481404513337
0.00671085630220638 0.0075601537300742 0.0128205709332499 -0.135814313553509
0.0146051806041557 0.00814961866809124 -0.0692969100134455 -0.0897154986231812
0.0171593653719942 -0.0051542518207758 -0.0879694636101271 -0.0269801573539678
0.0149447961047338 -0.00668660459552447 -0.0815088397410956 0.00434002156530732
0.0266619591496101 -0.00526415758882688 -0.0836176186092577 0.0210453785828862
0.0313244002139675 0.016920749809902 -0.0969767267371868 0.0165952462893253
0.0162291475888966 0.028644896250133 -0.107515279358442 -0.0171015949609227
0.00582357258406388 0.0477521878560069 -0.0959615335345658 -0.0736837904356069
-0.0420791425222264 0.0502778750342994 -0.0531895904840564 -0.110314769695353
-0.0993836211694325 0.00454851253882139 -0.0130792147506727 -0.104928579777374
-0.115796265787226 -0.0554312312063178 -0.075119187131499 -0.0918570345004275
-0.116399579972319 -0.057916446634399 -0.0237900062908286 -0.10261628300732
-0.0992767654279749 0.00716633365859574 -0.0197275942341263 0.0540317437387853
-0.0476132391694898 0.0567737508242389 0.110800368469332 0.0445734993534463
0.00500518694539378 0.0638347683374374 0.127376184395354 -0.0685261683745889
0.0265561267849203 0.0423479193961687 0.0323912979871498 -0.134513199514722
0.0427947792876951 0.0257646473034285 -0.054310313203654 -0.090574239697436
0.0490109285753892 -0.00343464429875714 -0.0727739727783713 -0.0284952798091012
0.0435028032143327 -0.0117079615557013 -0.0660564693021944 0.00280379481802061
0.0540859872200844 -0.00741708183749321 -0.0654070265845293 0.0245576482771456
0.0576789023449098 0.029920257938423 -0.0810839659671908 0.0313399979359656
0.0332532519558043 0.0555851110470509 -0.102105750814408 0.00772445876366256
0.00352597861434861 0.0878625882853679 -0.106835220085178 -0.050137390051245
-0.0715032326333861 0.0727299597884759 -0.068407859411827 -0.0944359597596116
-0.135546619671231 -0.00542704543447929 -0.0110591441717368 -0.0831561794599679
-0.147882215889397 -0.0851210622081777 -0.0454598548863924 -0.0485431567490493
-0.122336909121103 -0.094848008587327 0.0171577760033139 -0.0662297656203447
-0.135154351108973 -0.0272272743100914 -0.00709889107605623 0.074898590108505
-0.0950844400623128 0.062263289851031 0.113027909334758 0.0746543619168471
-0.0164816444194392 0.105735915130788 0.142236363865096 -0.0405890644235842
0.0371819703505081 0.0769689467602735 0.0589214668658229 -0.116266086360169
0.0648447165147692 0.0447092107662104 -0.0258961087776311 -0.0842535394535723
0.0744378422104456 0.000590062947218612 -0.0459525002646691 -0.0282575515741238
0.0654507309337727 -0.0155340997039557 -0.0407200608368487 0.000430842527332125
0.0730442612580374 -0.0117618665437443 -0.0390033217704808 0.0260098893502616
0.0766832844726161 0.0328409241450469 -0.0549394888230107 0.0438191694210071
0.0502572556979162 0.0695960102547077 -0.0856879949147842 0.0346078682295793
0.0107626656659986 0.114206191980638 -0.10851095347654 -0.0199676187965144
-0.0837088630712652 0.0908216409528884 -0.0808208052144975 -0.0728981903774825
-0.151296150115085 -0.00703578239753371 -0.00614248801283655 -0.0663564848454924
-0.159401001455116 -0.0987835521846036 -0.00889291548410127 -0.00520919799371864
-0.105419433322341 -0.114359323827056 0.0566886604444956 -0.0132759033643673
-0.141454926218663 -0.062996093912554 0.00778403753127713 0.0984919878081312
-0.125974152249842 0.0450684725505415 0.102842391352217 0.104325396409791
-0.0440209063456367 0.123180508279265 0.143481403368552 -0.000584411547373301
0.0347662197518808 0.100583266302059 0.0824639380205511 -0.0803125078940754
0.0729541756886883 0.059111999563371 0.00936243738215505 -0.0678039068014644
0.0880791800539269 0.00646334709527964 -0.0112358311383315 -0.0247639462083194
0.0780395913079637 -0.0167723132927922 -0.00975851888442526 -0.00147647474800125
0.0821589519222741 -0.015078577059993 -0.00820984752859033 0.0249509853412265
0.0839959268148834 0.0303390272170768 -0.0237432678201125 0.0517039250235005
0.0577953789520797 0.0725008863065973 -0.0611477946770587 0.0562819628635149
0.0123656368319875 0.123134731970892 -0.0988824800967092 0.0078490354661878
-0.0875123835382449 0.0908685829747793 -0.0838101578173119 -0.0491305484157335
-0.146296118054338 -0.0133821584573797 0.0010049282976155 -0.0525081957947033
-0.144656525449705 -0.101538329899335 0.0274033400658612 0.0338681556820499
-0.0701015849100922 -0.108583385856597 0.0890039319647581 0.045376817899921
-0.114476393151568 -0.0860170894513734 0.0226806503263404 0.119505740053326
-0.12616375956497 0.0142243251224238 0.0832531275035939 0.124737004520547
-0.0637744561872566 0.110420465013661 0.128221109268123 0.037975287591716
0.0221368618499053 0.103163484311085 0.0947594221501825 -0.0359562422038358
0.0669728012837807 0.0630368153948788 0.0443586443625274 -0.0433269660011715
0.0861188612338752 0.0104447383738439 0.0251535687059938 -0.0184987224279373
0.0781834581451087 -0.0156997234396488 0.0222234179003363 -0.00398051528384639
0.0801723988783895 -0.0158873760168982 0.0231414415045819 0.0232226003282648
0.0807104455308694 0.0258837060220731 0.00662096891333786 0.0566831272564838
0.0552985918388524 0.0699594118350649 -0.0353440613035347 0.0708070414344684
0.00478038277001177 0.116957863252323 -0.0852079562245113 0.0285234689485074
-0.0873559352390144 0.0731321146797314 -0.0798601135542539 -0.0283212829355331
-0.124136429566463 -0.0278343097312047 0.00645766769386301 -0.0398736383054991
-0.1071730210621 -0.0966129254190916 0.054334104166888 0.0667742124998616
-0.0237208399965936 -0.0799332270254419 0.107744628041057 0.0961351705246886
-0.0669699705574068 -0.0841093447788818 0.0324566891375546 0.132992581533378
-0.0972917207043947 -0.0121452846161115 0.0614150537031764 0.132155131522695
-0.0631561773224499 0.0786253072526388 0.104651751401186 0.0655468547212037
0.00971166405564986 0.0834290070203606 0.0973589343344603 0.0042106905780899
0.0505548623719183 0.0521857525162959 0.0719329759375342 -0.0199968022154389
0.068451050443118 0.0104394147240993 0.0568407553670177 -0.012835154633049
0.0660280324827079 -0.0130143142295767 0.0503496230863684 -0.00552767495094043
0.0683750952431176 -0.0135949294260486 0.0509139559320956 0.0217487823208782
0.0679293079256473 0.0202584655291788 0.0330917865799308 0.0611260697825177
0.045908617916507 0.061715293679297 -0.0139370193245367 0.0835008416356252
-0.00738191414056586 0.0994011918662625 -0.0735947759842975 0.0455442549363492
-0.0819010225117904 0.0444483298350104 -0.0752151279264579 -0.0118310325789485
-0.0907316866707444 -0.0430623192652808 0.00852172184494608 -0.0274638453035205
-0.0545159211337135 -0.0827163042854388 0.0680913756567198 0.093078343470226
0.0252343736492745 -0.0353850456366607 0.114365106288713 0.126360393872046
-0.0114221671974451 -0.0593459180686036 0.0400140690177177 0.133041177252994
-0.0492616243943846 -0.0244846139000574 0.0443586896046957 0.130096595809774
-0.0418142974506423 0.0395020617158083 0.0861430227397303 0.0805302911549304
0.00205692171335687 0.0478714394407959 0.0969496180556914 0.0284041722376597
0.027007880300442 0.0305397925845486 0.0898782831311513 -0.00552792390673441
0.0409366728524155 0.00688480360219806 0.0780278316178314 -0.0111376199182407
0.0427642461417931 -0.00878821133363765 0.070074333643994 -0.00754885954286314
0.0474000265250235 -0.00856934977123549 0.0712339643823258 0.0212629751311856
0.04831504581263 0.0137865259865941 0.0523199281911466 0.0663298797211016
0.0325593949178406 0.0481059257426852 -0.000192658149588534 0.0964939156930392
-0.0173709592280459 0.0715020722915254 -0.0691287363331086 0.0601075430026765
-0.0671368458748238 0.0128507708055158 -0.0754942922417136 6.82034683266377E-05
-0.0476867363945374 -0.0504018205583359 0.00400622516598587 -0.0188906501150843
0.00415206841820906 -0.0567552813063097 0.0672498272356524 0.108350924100938
-0.0472179986310535 0.0269254859000155 -0.0910443459372831 -0.111875022910191
0.00813364984585046 0.0440522101186084 -0.0313362619487705 0.0407379609863787
0.0406726760756674 0.00286535399313787 0.0945644849053229 0.0109774966273018
0.0143754301946867 -0.0371029374439952 0.0935945807281548 -0.0824904906572669
-0.0163320952298303 -0.0218120760397251 -0.000276667543730521 -0.134601799226985
-0.0147877162247675 -0.0041553072802467 -0.0771884779469191 -0.0871420432740208
-0.0163760223554599 -0.00171083441252455 -0.0935986873053764 -0.0230496836146904
-0.0153236098907703 0.000838198076613386 -0.0887524507263085 0.00907579649248221
-0.00639392560008346 -0.00609312046118849 -0.0915353275102838 0.0218140024829899
0.0026926598670816 -0.00637153341204749 -0.10447705036584 0.012004826563379
0.00571941644737186 -0.00992242000291736 -0.110233904814723 -0.0248776468695478
0.025704793612045 0.00184296162284421 -0.0947437219843372 -0.0839003621173674
0.00745871183938028 0.0377452727785111 -0.0495274574681373 -0.124400727863015
-0.0496251425855139 0.0369025113735311 -0.0169332948179414 -0.135313728875604
-0.0718656073069131 -0.00490369587754215 -0.101099719086943 -0.126330505331114
-0.0921830041043337 -0.0120267130900392 -0.0671530730274086 -0.117945740256468
-0.0480053281869242 0.0347395890232124 -0.0269059189713436 0.0447991819344645
0.002425053853251 0.0357932096978007 0.107005790536852 0.0199632294936246
0.0157784336713748 0.0112505070714877 0.109026724612943 -0.0871729115853379
0.00688595442478245 0.00694997735810584 0.00803809432490937 -0.143174695001721
0.0150920501002362 0.00823899078411527 -0.0750624529561012 -0.0913197477387259
0.0168508278042649 -0.00564715962735824 -0.0911959644359401 -0.0245869500591009
0.0148034405289058 -0.00628011145784131 -0.0843647788997695 0.00817157855243178
0.0273771827721663 -0.00624076057858805 -0.0856582892768647 0.0260878264285185
0.0335016919699951 0.0162780485238717 -0.100116976273349 0.0216736485166024
0.0169062373652793 0.0290725874389603 -0.112604008171758 -0.0126041893667935
0.00720793217335319 0.0481734546978921 -0.103234588316546 -0.0728136306805854
-0.0406735423298921 0.0530303367271249 -0.0590951730738799 -0.113059821976884
-0.101749793873886 0.00911780802635239 -0.0165967432854322 -0.110982843254775
-0.120894451797754 -0.0523111535618707 -0.0804575585634783 -0.0930551616312485
-0.122061739623399 -0.0551935233494646 -0.0295209825655089 -0.104463191284092
-0.101940947516631 0.0116225343099898 -0.0177531557905276 0.058625917790063
-0.0458622695852161 0.0606679644014131 0.117939915474748 0.0427766916264693
0.00815703485343343 0.064488829460789 0.130752400220799 -0.076756516311431
0.0287538703320123 0.0424397508537501 0.0287149390084003 -0.142545396991416
0.0452919795060347 0.025081165526253 -0.0595453572490191 -0.0928185642180758
0.050225559140209 -0.00576315202719196 -0.0760121215541202 -0.0262896284613518
0.0437024256890902 -0.0130100231016908 -0.067962277213894 0.00618515601075828
0.0553907063070179 -0.0097710205254564 -0.067089504581554 0.0291282414810532
0.0611291225406144 0.0288445935587408 -0.0829085834912455 0.0364677671799196
0.0359144342309459 0.0569598367286017 -0.106698075369106 0.0132253030232864
0.00707738402301236 0.0895490202443164 -0.113666986288188 -0.0480405679492038
-0.0708213665191101 0.0772094479216939 -0.0750336531974831 -0.0956203712091824
-0.139941784329704 -0.000180779357029356 -0.0145496975763834 -0.0882965440555773
-0.154555509766025 -0.082300769504289 -0.0485725615655136 -0.0496583160431176
-0.129915294153986 -0.0922436443423668 0.0142511966798278 -0.068531020148889
-0.140542082591997 -0.0226549468341262 -0.00468707595274848 0.0795023173390423
-0.0947366589714678 0.0679278252243011 0.121514419511848 0.0737046325487235
-0.0118811274099953 0.108728029747308 0.147281735898371 -0.0479985713773223
0.0416930028590138 0.0783297524900253 0.0559526727150477 -0.124937272404008
0.0683977420127014 0.0440150113804957 -0.0304860083678686 -0.0868732802201902
0.0765780756044449 -0.00256905899025549 -0.0482228643125602 -0.0272671413840269
0.0662688714649268 -0.0179464180626564 -0.0418061639464997 0.00250834918991415
0.0743297485821675 -0.0152026200208485 -0.0398551531360238 0.0296715337977346
0.0808575486697515 0.0309541612915693 -0.0556933146322471 0.0487172548370233
0.0541423477769537 0.0698086929840823 -0.088486416478917 0.0407267352107472
0.0158489034515369 0.117291326016667 -0.114433603238973 -0.0160837515887468
-0.0829743402818313 0.0962523079627044 -0.0868503469463453 -0.0717918145605854
-0.156455750397105 -0.0016342144314929 -0.00902448999449107 -0.070954402713974
-0.16709886067988 -0.0958345419552623 -0.00856354326707989 -0.00689185595754904
-0.113318993677228 -0.113113528999261 0.0572636345005945 -0.0154253754313041
-0.14853193045009 -0.0595113674469381 0.0109667373533642 0.10327627866137
-0.127681714774925 0.0511977732865184 0.111562163615873 0.105750832551001
-0.0397248492296184 0.127794268392401 0.15036010468576 -0.00694522646463233
0.0398359332492532 0.10247604301203 0.0820225057398285 -0.088842323137278
0.0782748100573246 0.0586410109806327 0.00740385679821026 -0.0712816468903365
0.0910174752642061 0.00326312569518883 -0.0123342406700803 -0.0248758849393366
0.0785743025786808 -0.0199565260424838 -0.0101120725545218 -0.000847404122009906
0.0830328129494271 -0.0194766841344399 -0.00774676716195062 0.0270673091305946
0.0886009754512469 0.0282175496705356 -0.0230305299584953 0.0555924401162181
0.0624879478746393 0.0728737710859964 -0.0620704690578528 0.0618232213161522
0.018720493199478 0.126333238528286 -0.104254885146166 0.01197124166258
-0.0866413873959538 0.0967696419050412 -0.0899312073732025 -0.0470246591759255
-0.151462795242737 -0.0083372657883709 -0.00146029071057093 -0.0565024443013579
-0.15221364780591 -0.0998039102928289 0.0302412945698372 0.0317593593472089
-0.0762006271725246 -0.109530302910463 0.0926070117533664 0.0434352330551294
-0.12158801068048 -0.0848378532771668 0.0266557978117797 0.124000770641087
-0.129863607030363 0.0188406341995965 0.0916366030881898 0.127055716867879
-0.0610400548221577 0.116241004876706 0.135035895598974 0.0341618261438888
0.0272087148899834 0.105639712061772 0.0973245211243152 -0.0429192259861884
0.0726527794149444 0.062437686536456 0.0443732378954145 -0.0475561716478913
0.0891573170595366 0.00712641556871435 0.0253383150503914 -0.020171391447922
0.0791140726015045 -0.019669679620533 0.0229000936968659 -0.00460553889324062
0.0815413166062465 -0.02048562814237 0.0247419623111557 0.0238862036759249
0.0847142744624755 0.0232328956974546 0.00895974124915211 0.059242307773563
0.0601378407363687 0.0696455530507396 -0.0347668921088071 0.0766430312714451
0.0108647075219972 0.120166132860357 -0.0886155596162372 0.033892379745016
-0.0874998651879619 0.0785877429390162 -0.0848869549081726 -0.0255064752894266
-0.129599635237541 -0.0241168842094526 0.00465859060671916 -0.0430455489628713
-0.113488607073931 -0.0957600029160286 0.0593736286903712 0.0652602271524849
-0.0275309938790627 -0.0818859122294119 0.113862401212663 0.0954340923280585
-0.0720935681879558 -0.0851092694259198 0.0373717955352057 0.137100644612559
-0.101051470726988 -0.00961354902195936 0.0683245124623406 0.135594245757161
-0.0615096943258921 0.0835840765584389 0.111678970169055 0.0647246108137375
0.0139067856646762 0.0861016071089006 0.101394463573998 -0.00101065623869628
0.0546359125253775 0.0526208604717844 0.073833035215802 -0.0239780268725319
0.0716518643129166 0.0078607002185558 0.0588163461019322 -0.0158828711585879
0.066603732423941 -0.0164309104261322 0.0514241795317935 -0.00795906747387469
0.0690765522193806 -0.0172925950452635 0.0533634467137653 0.0212866243878609
0.0711543776957012 0.0183699582264335 0.0365251239678651 0.0629367897786139
0.0499393939081749 0.0616959077207897 -0.0127301223630824 0.0885924251836147
-0.0025468640134654 0.102891665808443 -0.0761861815075014 0.0503223617415149
-0.0834277087872688 0.0492552995857267 -0.0793945597709052 -0.00884045113112318
-0.0954244298043487 -0.0412532900037733 0.00708963613471759 -0.0298772235659813
-0.0591004148112558 -0.0834404067574132 0.0748623365921203 0.0914456134041343
0.0250874455536109 -0.0376921558003913 0.121839892342247 0.126012895109235
-0.0140265683823852 -0.0616164200868165 0.0448098824713569 0.136785578084909
-0.0520306142736221 -0.0234259033795458 0.0507138165022755 0.134156748360819
-0.0409013184967407 0.0422655409944117 0.0932267178967831 0.0807716215909303
0.00460644635079886 0.0496509047667194 0.102627809457473 0.0246973409998458
0.0298060225774915 0.0304603484009628 0.0935155013207344 -0.00980994299662351
0.0426811818001417 0.00526158595508922 0.0805992562920493 -0.0155911700477057
0.0434759835595699 -0.0113669900610129 0.0718878154111254 -0.0107585700707158
0.047653355069068 -0.0118239959821556 0.0746812164440406 0.0198308765962742
0.0505161838337322 0.0121586366045072 0.0568013348758537 0.0670073243568928
0.0363226707570309 0.0480215780359124 0.00266412713546951 0.101368501789545
-0.014275317221481 0.0749577896859707 -0.0704378586424504 0.0656232551542378
-0.069513892023996 0.0165335859087965 -0.0788864194749407 0.0036221541484715
-0.0512705713189224 -0.0506294542483336 0.00296857982719227 -0.0209934818952665
0.00246175138531024 -0.0594306616952203 0.074007140707631 0.108122693757116
-0.0455468265173339 0.0289928521977603 -0.0966276208350101 -0.10702514022199
0.0108465482249808 0.0441895399691928 -0.0287093412128261 0.0438072285173517
0.0413658473164276 0.00099004422688488 0.0975226540037886 0.00685419793967929
0.0120367906021405 -0.0385357794999673 0.0924582968214247 -0.0885359898966895
-0.0177766471699049 -0.021354638104575 -0.00665584904352056 -0.137641725258041
-0.0150575398460987 -0.0036541721664787 -0.0823452144730104 -0.0856982598059177
-0.0162798826352357 -0.000847315023516343 -0.0950492903671525 -0.019178605391771
-0.0151392370290039 0.00217171074420944 -0.0889968402711628 0.0134805653188232
-0.00662199561086943 -0.00545016313711264 -0.0911519019963237 0.0268314723975346
0.00265399685231104 -0.0066876431557688 -0.104933382961538 0.0174520102940566
0.00451653763109779 -0.0098956430406495 -0.11229411389046 -0.0200535891685019
0.025729620494539 9.32925414114574E-05 -0.100120776616122 -0.0804821727764024
0.00998638578477262 0.0372494191127747 -0.0545935799367824 -0.124408122831453
-0.0476146071216285 0.0401120566269851 -0.0215456274973392 -0.138071854281121
-0.0719336816335844 -0.00173386984475971 -0.106806403214917 -0.122950010994083
-0.0929202897131795 -0.0078053022767429 -0.0728115606724466 -0.115147549804109
-0.0460147970874969 0.0375361934357515 -0.0239039140562552 0.0480833722697996
0.00438044442350611 0.0355311648207236 0.109826099595104 0.0150809628480177
0.0163867675392762 0.00959858114315645 0.107402071083835 -0.0933746869894993
0.00694658952230682 0.00634836366444967 0.000836240225685452 -0.146981146466702
0.0158926300501419 0.00770989375236038 -0.0802303561419567 -0.0894574235873011
0.0169917014062978 -0.00612523383628673 -0.0927364771087584 -0.0208143061116679
0.0147334382322731 -0.00636571980588376 -0.0842863167399324 0.0125622978674759
0.0268653114450837 -0.0073962779557832 -0.0852081056302591 0.0309729738292616
0.0345697963314404 0.015217159238174 -0.100108824889811 0.0276097280370985
0.0173336305641171 0.0288429023243095 -0.114988519375438 -0.00667656530354018
0.00892531437099305 0.0472796684910325 -0.108354358264254 -0.0689605092613393
-0.0383321462787892 0.0540629413377642 -0.0645749983085273 -0.112194618225825
-0.101568120403532 0.014393799795883 -0.0209748051256826 -0.113714413585437
-0.123197724949051 -0.047313460447604 -0.0850266725072505 -0.0904335736772664
-0.124596467955195 -0.0491904321540597 -0.0352391522106574 -0.10292356569945
-0.101681941852432 0.0166526047267779 -0.0151425609085068 0.0612174158277696
-0.0428070350872191 0.0623882403504085 0.122654757347896 0.0377658171783274
0.0111206964418048 0.0631410736592834 0.12931191000648 -0.0840633992562592
0.0309193585088283 0.041205991168277 0.0210066058616075 -0.147020202792155
0.0469926008187661 0.0236397458448921 -0.0645924568696875 -0.0916067986181713
0.0498062233908506 -0.0080590057790171 -0.0774912173635231 -0.0232006664303713
0.0431489673513949 -0.0141742620736144 -0.0678014292175727 0.00921563861198886
0.0546207455021481 -0.0120836617165378 -0.0659957550340964 0.0331305745780172
0.0631779337840915 0.0264564280913556 -0.082260090999381 0.0415344198308607
0.0379138140710426 0.0555249562845477 -0.10842225187238 0.0194896580609472
0.0108716686847321 0.0891354081187478 -0.11812291815084 -0.0426938667335135
-0.0674634426931717 0.0800041248527232 -0.080601092047792 -0.0934704031993816
-0.140411470706999 0.00636422510945317 -0.0181373540982098 -0.0907116217606438
-0.158290707123811 -0.0760525588370675 -0.0503994487349888 -0.0486089968725616
-0.133850202926836 -0.0861127118714804 0.010438993470362 -0.0691205730026407
-0.142244764284458 -0.0160457666922004 -0.00113651394632177 0.0820953010705708
-0.0915345061551126 0.072075792916752 0.126899423328906 0.0697958753182704
-0.00630222266598664 0.108799538393732 0.147726198212806 -0.0556189527073936
0.0458419955172843 0.076237305801537 0.0501023857291868 -0.13075556104636
0.07150857862849 0.0412629725193727 -0.0348319325417628 -0.0871506687797021
0.0770301293360334 -0.00622235587510719 -0.0495146780614869 -0.0254194863299898
0.065223202928982 -0.0203887276999127 -0.0419593198896437 0.00470905041753477
0.0734049468941765 -0.0186071067841971 -0.0384266893814354 0.0327846988055787
0.0833210213182451 0.0277832102634178 -0.0540882402080856 0.0528619163660401
0.0570572856628702 0.0681289965464148 -0.0883617345081634 0.0469133667821986
0.0216436093470126 0.11606646203861 -0.117162249048998 -0.0110663128210956
-0.0790793815214815 0.0999655279125454 -0.0917571750761323 -0.0685159575347519
-0.157201393448087 0.00547295113833816 -0.0122754373082901 -0.0732126879000505
-0.170986254789954 -0.0887614885720105 -0.00849464111510447 -0.00809753442869933
-0.118285480426801 -0.108220174783614 0.056155016208399 -0.01787194716734
-0.15166050566243 -0.0533586384698924 0.0154776251707266 0.104991671175724
-0.125279025162553 0.0567764012748464 0.11818030330582 0.102179210846551
-0.033539590703724 0.129366887118167 0.15217409616453 -0.0143265993920654
0.0457567211979024 0.101037819389043 0.078048216521491 -0.0957316153050062
0.0820199093254019 0.0555649362432092 0.00376158223601227 -0.0732703962240856
0.0912864767483355 -0.00146568392109134 -0.0132514784409434 -0.0247386758439781
0.0773677125967209 -0.0233383004034495 -0.0101095190984908 -0.000414928210233032
0.0818135629738013 -0.0236017795980913 -0.00632121905321927 0.0291130882843701
0.0905337798883114 0.0237918817006542 -0.0210384141675689 0.0584072380311836
0.0658672725685288 0.070641672534307 -0.0608019915718362 0.0678418269820904
0.0247032727521097 0.124888008679844 -0.105744041366346 0.0175328941532769
-0.0825807721810485 0.101041293311339 -0.0936784667982343 -0.0431048840774355
-0.152516603733887 -0.00225602936186525 -0.00451652406937454 -0.0590650166668292
-0.156119836119935 -0.0932702448176137 0.0320920366704947 0.0286262819710582
-0.0807236418996349 -0.106320135160888 0.0939795204767786 0.0394095841508704
-0.126227522272545 -0.0806491561725858 0.0311997611232775 0.12502893757986
-0.129185165247318 0.024018010157192 0.0986967826431832 0.124984998878496
-0.0554303965828157 0.118277172164467 0.138806410691876 0.0277241605394395
0.032934512076945 0.105226622029607 0.0957597326079333 -0.049633092069189
0.0764577249618778 0.0600523257649307 0.0422648117136731 -0.0510447520220348
0.0896431763794521 0.00280100344583877 0.0250746526266741 -0.0220790918938884
0.0775114320229779 -0.0233330686856143 0.0228883232361473 -0.00559459529549264
0.0800277405396575 -0.0248747221454392 0.0258369916963458 0.0240658524725897
0.0867480948894242 0.0192736026820977 0.0116099680007181 0.0607287582380066
0.0637373577816381 0.0671134973398271 -0.0328746388228922 0.0809535764476684
0.0172243079983911 0.120261856060354 -0.0892770281353077 0.0386385132669235
-0.0846877892666977 0.0830956666114076 -0.0875875432932644 -0.0211317894587642
-0.131286152180512 -0.0187733766912714 0.00199994514012766 -0.0451438747070456
-0.117124756822108 -0.0912253145196369 0.0631122799336502 0.0609158479710694
-0.0307441368040815 -0.081025535174033 0.117732673411325 0.0907564545087121
-0.076701158912783 -0.0830650279666837 0.0423223018865751 0.137758826470591
-0.101808234364273 -0.00567127532869647 0.0749687317927582 0.134683492133296
-0.0572432174218591 0.0865980363655205 0.116438224714769 0.0600732751211442
0.0184863312695981 0.0861448352836799 0.102834573448963 -0.00730091052326137
0.0582568919275456 0.0499832994035275 0.073585064347404 -0.0282460437678881
0.0722294091760226 0.00436654359479886 0.0587883460309544 -0.0196083789996304
0.0652757415509125 -0.0197111407473048 0.0514145415172514 -0.0106426731570818
0.0676403768210074 -0.0215413206771499 0.0547040511433209 0.0193491130682679
0.0726332375661269 0.0146661724400587 0.0396295218671117 0.0624010551468643
0.0532757988015193 0.0596403125523356 -0.00903321169260194 0.0919376896487211
0.00328003882564406 0.103163848533633 -0.0755743926358018 0.054807442046404
-0.0819109532389952 0.053853667320044 -0.0815403322541948 -0.0047817142426969
-0.0979752019384506 -0.0370948054699108 0.00476410776417486 -0.0318332502770704
-0.0616744269825786 -0.0818595126656919 0.0796333993992432 0.0869653240988185
0.0241583235626812 -0.03963876794908 0.12754073628168 0.120761453375414
-0.0171325646861334 -0.0613215510382129 0.0497156323128499 0.136386188915677
-0.0542062079836824 -0.0216394768891919 0.0566246566834275 0.134216356726717
-0.0386774113864157 0.0444989017705066 0.0980254784926209 0.0775559338965612
0.00781734007126031 0.0504285170520267 0.105688752340087 0.0194981518158839
0.0317631994781544 0.0292729434380305 0.0937993314068339 -0.0150951168925711
0.0429540433762084 0.00288124054885816 0.0815343132309677 -0.0201108104918348
0.0422467612631999 -0.0139540574166462 0.0716134590645577 -0.0144748414130094
0.0463581208603086 -0.0148344356555084 0.0758198093775997 0.0165156317646075
0.0511439505493572 0.0092340667133155 0.0604433539868747 0.0656239498433044
0.0389735468638309 0.0464067759067609 0.00690220621166538 0.103283647466384
-0.01003729941908 0.0760155309623216 -0.0696951158726496 0.0703996046997302
-0.0695342216854533 0.0200136735746634 -0.0804634661144043 0.00760486682763279
-0.0541065785739213 -0.0490147497396103 0.00165695360422817 -0.0221285421664195
0.000248857709744098 -0.0604445141125602 0.079798347835886 0.104032135998901
-0.0437947365454069 0.0293969415615437 -0.0979025628550591 -0.102303597982838
0.012446716660661 0.0434895181076812 -0.0267754043984453 0.0450883942753514
0.0408847205971167 -0.000560125318545904 0.0980726234267311 0.00470657624851055
0.00978604472923208 -0.0389659702250362 0.0909113682131958 -0.0906148034214911
-0.0189854314369467 -0.020815955854557 -0.011166812273224 -0.137339715022879
-0.0146495006764252 -0.00343050447584101 -0.0843390262859021 -0.0836685771214413
-0.0161045369920999 0.000136934327667837 -0.0939965068899868 -0.0170159692927808
-0.0146952958950051 0.00327742973896258 -0.0875680709865817 0.015743826811619
-0.00689417482409123 -0.00468703218715269 -0.089416154551333 0.0297616396368487
0.00223602293106308 -0.00644472833690798 -0.103300540588618 0.0208130410172905
0.00344734564274899 -0.00974790280404019 -0.111985279500014 -0.0162797853979865
0.0248666140635778 -0.00110660497181038 -0.101746750258182 -0.0766467770840146
0.0112537519957326 0.0356427057811657 -0.0568845211577546 -0.122773042228475
-0.0452368679311827 0.0416283885112191 -0.0242839092367653 -0.138329918409485
-0.0705375228767209 -0.000388684778260699 -0.108197378769833 -0.118620196526155
-0.0911975171833444 -0.00497756295011073 -0.0753572571694002 -0.110614437718591
-0.0438336038035517 0.0387984043255697 -0.0217506979316541 0.0487992970410774
0.00619173104636803 0.0343836719580364 0.110970550178861 0.0122168484448382
0.0157602189101851 0.00785225436386237 0.105086851431953 -0.0961381390106737
0.00664182107619955 0.00590344317114297 -0.00403724698412027 -0.146313973996609
0.0162279921934724 0.0071911772983402 -0.0822558125123259 -0.0873096193782597
0.0161806698090094 -0.00597040156008895 -0.0917840386890986 -0.0183301824282778
0.0146407931880192 -0.00574532206442785 -0.0831950052640147 0.0149380175263558
0.0260642039308759 -0.00748892192400866 -0.083265477858901 0.0337643413769517
0.0349770382354533 0.0139715090757379 -0.0987847722682161 0.03070117153873
0.0171436676504399 0.0288028681141308 -0.114463252005992 -0.00247632327575266
0.00949590793496291 0.0455651117571704 -0.109556742707441 -0.0651415392395533
-0.0363459841216264 0.0537041229423524 -0.0660362564881738 -0.110210594671885
-0.0988751174322557 0.0172153534450415 -0.0232473494585967 -0.114215147462508
-0.121917316132886 -0.0434884885759446 -0.0857203381736032 -0.0879927378447517
-0.12301461968606 -0.0448542654390889 -0.037858391560966 -0.100319687415333
-0.0990085330200368 0.0192710585709788 -0.0127903380634509 0.0623458882429727
-0.0396456700740232 0.0623376234001979 0.123557001092994 0.0341923997197941
0.0127081423820957 0.0609185762077551 0.126568273114617 -0.0871147601159803
0.0317821818046964 0.0393093385658378 0.0156476310137671 -0.147414433863647
0.0474748048321803 0.0220382595642772 -0.0664596432850984 -0.0898270197418431
0.0487623362752079 -0.00876004169133535 -0.0766951959103461 -0.0211728164656339
0.0418967447044796 -0.0142030773174048 -0.0670293657012689 0.010986266005162
0.0532362109111838 -0.013112936834099 -0.063972899455411 0.0354169994259933
0.0635042100079301 0.0248536083291637 -0.0806113432636423 0.0444167957005099
0.0380828710542052 0.0544657161425357 -0.106957027131667 0.0236144683241677
0.0124527649577369 0.0866153871243027 -0.119123486093066 -0.0392191315599753
-0.0644879295457549 0.0798460423961544 -0.0818473227730363 -0.0911268873014132
-0.13798883325047 0.00967262744851683 -0.0202979214225786 -0.0916802570478815
-0.156786231704794 -0.0709947289443928 -0.0506548921107759 -0.0481016725583973
-0.133864813057866 -0.0812339650939975 0.00745400435592716 -0.068060707773589
-0.139906145528596 -0.0119803296278412 0.000555390337624613 0.0822071029371952
-0.0874031446454269 0.0728229090410667 0.128656309564646 0.0659268935626739
-0.00294546865063942 0.106105896578178 0.145190439821634 -0.0596710553904332
0.0476190956761935 0.0737089979141086 0.0449860519401513 -0.132205631951532
0.0722106556560251 0.0387540790760334 -0.0370666955645552 -0.0857959460945274
0.0754744700906946 -0.00806309226813816 -0.0492904094832233 -0.0233822099010645
0.0633155217403153 -0.0211959981717466 -0.0415024198997068 0.00583348965535133
0.0710062759003913 -0.0200703953089476 -0.0370676585209108 0.0342113475580288
0.0830915128239879 0.0249589853570172 -0.0520542333485701 0.0549387432929864
0.0574910162044925 0.066330811559429 -0.0867757190330741 0.050788224125254
0.0242176737848591 0.113461502471942 -0.11783808680305 -0.00697546850602946
-0.0757954154943522 0.100058403655989 -0.0928044787970537 -0.0652462449279858
-0.155002114474112 0.00928881064125825 -0.0148053305857511 -0.07422120297097
-0.169357411103059 -0.0834271670957742 -0.00847552332531152 -0.00946532241225147
-0.118434608076121 -0.102872235840137 0.0541222896545153 -0.0190774847152055
-0.151067200437547 -0.0492333491622183 0.0165931487595141 0.104153484289602
-0.121567726482226 0.0581177221918072 0.120490142136383 0.0987611816975932
-0.0295910665107395 0.127484487401515 0.150604848856955 -0.0183602231753918
0.0480204907600872 0.0982206771599277 0.0732158771445424 -0.0982062217077839
0.0831964796175539 0.0527329082044235 0.00109803141063541 -0.0731655307673668
0.0899734393424965 -0.00393773843680296 -0.0137340793816728 -0.0240307977834401
0.0750189104278296 -0.0246491939488103 -0.0100839782682515 -0.000344625250916958
0.0795181150671613 -0.025232680269598 -0.0052202567454192 0.029889684593191
0.0905322718202144 0.0213226789991354 -0.0193799659137791 0.0596724512911756
0.0666569824737386 0.0682268180141206 -0.0592174494565989 0.0703353801529838
0.0283383721450438 0.122275873932058 -0.105699653493338 0.0207352590048117
-0.0791825626750266 0.101389592507748 -0.0940475236338665 -0.0397834713936064
-0.150572151549495 0.00186411306963902 -0.00683859880458522 -0.0600914077547978
-0.154828599087617 -0.0881300969623821 0.0324591299764463 0.0260311547221526
-0.081716882256376 -0.102723632087527 0.092962379848952 0.0366558248545139
-0.12645553920972 -0.0766841023425046 0.0323734534861383 0.123423701162772
-0.126683414868892 0.0261777484745239 0.100524210075049 0.122117047805114
-0.0509810398550693 0.117788924177649 0.138779176405602 0.0238954340826811
0.036191965539425 0.103221974883817 0.0924633179085157 -0.0535137368357046
0.0778929522263052 0.0571265285516675 0.0400197984094958 -0.0524293298871126
0.088506420740409 3.13405772359793E-05 0.0248025268662282 -0.0228464940946377
0.0750279079638025 -0.0247608879572277 0.0221038540485854 -0.00637294599328577
0.0773209485279847 -0.0267356617747858 0.0262241629156499 0.0238498389876008
0.0860462907417511 0.0163178709318856 0.0129994123798394 0.0605883468813049
0.0645275822853888 0.0648655892574046 -0.0307508419468701 0.0829271737306305
0.0210314382831932 0.117690318591161 -0.0887968895053071 0.0412695960750462
-0.0814993575853687 0.0843978857135602 -0.0879596727685758 -0.0182125104311093
-0.130312759012646 -0.0155017747827555 -0.000240760901334077 -0.0460612146711315
-0.11676365793879 -0.0875422701034676 0.0634281395227374 0.056815914919882
-0.0315750432754731 -0.0789536566787883 0.117767676130291 0.0861493099423794
-0.0778855042720663 -0.0801220321027287 0.043470135081576 0.135414014491862
-0.100936709013302 -0.00366281095110267 0.0771417360085609 0.13245036941849
-0.0534237612995852 0.0861607607988413 0.116838737521831 0.05642565675896
0.0216462023321903 0.0848147313039971 0.10119301727737 -0.0104441389809352
0.0595887562569041 0.0477210151967438 0.0717136703979934 -0.0307492379414327
0.0712951071859885 0.00172272218027235 0.0580113383779906 -0.0214303982015419
0.0628450502824566 -0.0214275651375464 0.0502669367028813 -0.0120257482848186
0.0653651544613218 -0.0235663149733082 0.0544059632539829 0.0179814508295182
0.0721828350616962 0.0119880468736149 0.0408015351926613 0.0615230148866328
0.0547681439122156 0.0571966763732397 -0.00701293166330002 0.0929235733718895
0.00693818880007268 0.101421783980712 -0.0749374028938187 0.057379773994499
-0.0798582685888342 0.0558082566045015 -0.0810849902774763 -0.00191636003408177
-0.0976311689753589 -0.0345901243274426 0.00313882831674194 -0.0326596000931641
-0.0626203462083039 -0.0791498351600958 0.0814459243903751 0.0821954128133048
0.023097182298973 -0.0395773331299763 0.127913976376371 0.116069582583229
-0.0184543139518507 -0.0606683327199821 0.0505782388097021 0.134337981087773
-0.0545495926617894 -0.0204622449935592 0.0586163774503273 0.132945314352224
-0.0363548817203355 0.0449781811312066 0.0994065925575919 0.0746292206277191
0.0100267558098101 0.0498905991115407 0.105082808134614 0.0157988039794633
0.0327564548883035 0.0278631177622344 0.0922868539429684 -0.018197468020774
0.0422215821496866 0.001369762032012 0.0801960028911281 -0.0231721796905191
0.0406122557664464 -0.0150197846068498 0.0697620471825258 -0.016649221780601
0.0441339911549469 -0.0161618359962883 0.0756597636239291 0.014209893574612
0.0505964205052758 0.00705553993107547 0.0612731629975378 0.0640960224792444
0.0398804340629176 0.0439071728663702 0.00892744071329394 0.103323817806112
-0.00687188219380708 0.0750163373830616 -0.0685649918770385 0.0722753157040893
-0.0684579981234307 0.0222107009211733 -0.0804551362977552 0.0101711465519133
-0.0547057719815116 -0.0473243325809866 4.82270616733181E-05 -0.0228466704094353
-0.000619683182483267 -0.0601381351669249 0.082025838798474 0.0988232391490507
-0.046290186684022 0.0275735078859165 -0.0900343523537495 -0.104559786574118
0.0105595969433613 0.0443955593704123 -0.0263869119352051 0.0436247500925588
0.0411113567156153 0.000922198075716209 0.0969963308128807 0.0085710474974766
0.0100750966269789 -0.0386951805302684 0.0948181080770326 -0.0873830785631812
-0.0189661855073207 -0.0207928744460638 -0.00551830748761769 -0.136511665889728
-0.0154312544617533 -0.00356724590275448 -0.079276713798104 -0.0864773354518453
-0.0169950283898619 -0.000532097324100358 -0.0923555893616943 -0.0211061565535062
-0.0148824393439936 0.00304353673032824 -0.0870908989035158 0.0131149420690121
-0.00726132136454069 -0.00410979326033817 -0.0898956366165574 0.0266262116563761
0.00185980980372993 -0.00653981675612215 -0.102959492853318 0.0174275633859081
0.0023436161814731 -0.00887303034545417 -0.109838696009271 -0.0207035320282527
0.0217501352453364 -0.0016369550514616 -0.0959002934945454 -0.0797235563736546
0.00909895235308046 0.0333640112264246 -0.0491873002238903 -0.124165579796816
-0.046054180709295 0.0379120641257367 -0.0167350695476036 -0.140734816957074
-0.0716131532704395 -0.00310483245401105 -0.097368664666393 -0.125584876502261
-0.0912476061554452 -0.0108276662413601 -0.0694543633406184 -0.10991334126844
-0.0451307064851621 0.0352154719007856 -0.0226819192231498 0.0500445665236281
0.00410137502885046 0.0327260512289568 0.110597679467793 0.0182019994825207
0.0133825279525375 0.00723649083204452 0.11067748650198 -0.0906928031335246
0.00433723342737302 0.00693799553088347 0.00249893837114537 -0.144803449621477
0.0153051646422499 0.00851536007406437 -0.0762619944228777 -0.0907225663407225
0.0152475205736097 -0.00507523885677417 -0.0893739994123272 -0.0227195682404233
0.0149229597280484 -0.0040586432035085 -0.0828437627476097 0.0118338252003965
0.0255548672592249 -0.005840009879367 -0.0836001032286324 0.0316997904110432
0.0338034148008765 0.0163295227655207 -0.0987205510917608 0.0286059655234264
0.0143670330797162 0.0305153443067737 -0.113651956502048 -0.00615120168134844
0.00447938753197732 0.0441365470120605 -0.107426917088975 -0.0677491203793198
-0.0391979408174227 0.0491070344590437 -0.0604021059304008 -0.1132220905072
-0.0990375160432716 0.0114984226101581 -0.0166600024924313 -0.119199007143769
-0.12005035555919 -0.0474880277599836 -0.0768454910701367 -0.0956960382263597
-0.120466746745465 -0.0530872743798171 -0.0352635332387628 -0.0968301080285202
-0.0988235482161645 0.0127076128240864 -0.015632461378577 0.0654649112930547
-0.0430377700934703 0.0572940322259902 0.12226423434746 0.0432708346780009
0.00721217046133505 0.058476066532066 0.132793067036562 -0.0787963233304576
0.0267964852009329 0.0408889266526407 0.0233732515691091 -0.145861801635203
0.0456321466428978 0.0249078775207046 -0.060435245480554 -0.0924120046877577
0.0478342508822268 -0.00593806354061409 -0.0736580141116296 -0.0258231279666964
0.0426617016032332 -0.0110268035884559 -0.066172313760342 0.00858704344752256
0.05319986143813 -0.00991221628011377 -0.0643336996936981 0.0344388197732662
0.0626357430067941 0.0282421707752636 -0.0810252670489659 0.0433140786030565
0.0345833497327339 0.0580690775612732 -0.108674439096537 0.0221345029670305
0.00559543068188361 0.0853947822885425 -0.119243665633981 -0.0408385606745991
-0.0694625229305873 0.073937924846068 -0.0787939548797824 -0.0948056449676929
-0.136723055393664 0.00183930995369432 -0.0155683548920247 -0.0976065085413196
-0.153172296702769 -0.0755171412070014 -0.0448233156022653 -0.0564032962546999
-0.12820294027474 -0.0906848381070997 0.00588112107068002 -0.0628602233292809
-0.137626844944311 -0.0217964150583071 -0.0043341198453511 0.086751392346466
-0.090768308326921 0.0639159281324178 0.126027795359563 0.0768798263839002
-0.0100467593774296 0.101516184388961 0.150861181621322 -0.0488031497293114
0.040753070935303 0.0752583004568353 0.0523193778209541 -0.129161304745667
0.0695173234645117 0.0425638130343604 -0.0304113061352455 -0.0876096567005215
0.0744444640660844 -0.00349224137182696 -0.0460983507755893 -0.0273721874337299
0.0640826927122024 -0.0168066895120098 -0.0406463917740042 0.00383719571248935
0.0713355892910215 -0.0160626760490988 -0.0372328232925618 0.0346287153615395
0.0829405119496778 0.029506455337046 -0.0534359516020623 0.0552043958543103
0.0541153920734013 0.0703435977795367 -0.0897292449799316 0.0507490099550514
0.016544583999012 0.112637686429145 -0.120222059709541 -0.00714358044119642
-0.0812175987110899 0.094393861110243 -0.0922521787857525 -0.0698837769604872
-0.153855545964252 0.000859424633287591 -0.0118221650533565 -0.0807233626144579
-0.164608326414863 -0.0884002185423879 -0.00587864949989521 -0.0163237929506149
-0.111052322167322 -0.112779251223301 0.0480145587113509 -0.0126442805827193
-0.145729497414615 -0.0605730751937328 0.0088675020657429 0.110201051747471
-0.123953999109744 0.0469911650725232 0.114894753244248 0.110307928834267
-0.0368408012251767 0.120314186664921 0.153981390022173 -0.00648596835474088
0.0402656245272554 0.0988687966181721 0.080589235248845 -0.0940597114744423
0.0798138641644113 0.0567873828447137 0.00668586450730359 -0.0732340591155401
0.0892444901423365 0.00126642997870636 -0.0100082971135677 -0.0267024329649898
0.0767405486377919 -0.0198069991385199 -0.00916412465673985 -0.0011336943270263
0.0800647369659376 -0.0211462846348067 -0.00537656495602925 0.0310095710730472
0.0905407081722953 0.0254115678649487 -0.0207976054204427 0.0613074492283146
0.0636934210457547 0.0726363945250543 -0.0631688668012551 0.0719577505706706
0.0211938532914549 0.121722045507598 -0.109775196458278 0.0220814244267846
-0.0849882764090698 0.0962418413158115 -0.0950439817427551 -0.044614996079295
-0.149247291946234 -0.00616199116856258 -0.00485398235330969 -0.0654350383258637
-0.149570219891008 -0.0926877277088239 0.0317576790583736 0.0211088620706657
-0.0734556169428637 -0.110479013029647 0.0832558259330498 0.0432964174871411
-0.119883516839838 -0.0867444942922945 0.0220898781462066 0.129045109601505
-0.1271136577636 0.0144860221807198 0.0926521515611542 0.132236266853721
-0.0569551591277779 0.109866707785187 0.138605236443076 0.0355621949505776
0.0284960829373967 0.103004535320878 0.0981378182527311 -0.0480461531059421
0.0742676190201889 0.0603670272297068 0.0438129705097572 -0.0505755430778611
0.0882050801770338 0.00474017071460332 0.0277159052703673 -0.0241274823727801
0.0765216898566119 -0.0203901947331691 0.0227093335711692 -0.00602377240574875
0.07816846633381 -0.0229079952448668 0.0259224013658613 0.0261372762353346
0.086398185354153 0.0197286467999357 0.0109042003932852 0.0632701395157117
0.0623711499740255 0.0689240724019546 -0.0354491498364014 0.0856899997517802
0.0151118744083033 0.117358019331403 -0.0944140132878967 0.0422278325872199
-0.0865377677787558 0.0797320566483231 -0.0901728895502915 -0.02321638182796
-0.128438968361655 -0.0217782732709073 0.00177266439221569 -0.0508408738025095
-0.111288066834941 -0.0905968474034067 0.0609610508221225 0.0541687685620142
-0.024505321942118 -0.0840809262689837 0.105917320778819 0.0923536764327756
-0.0709977817540493 -0.087123894240008 0.0313361807321021 0.139944927134853
-0.0993233813242739 -0.0130221293702834 0.0669856615780219 0.139927574368197
-0.0572721001313729 0.0795612997015164 0.113844789733126 0.0660768509128379
0.0163312462384552 0.0838949027216976 0.103404239897478 -0.00567898798393345
0.0566582098954633 0.0502409542464556 0.0739485903715311 -0.0278683386094204
0.0712601657622294 0.00550307982055064 0.0601738330437606 -0.0210475896549955
0.0643479321004455 -0.0175547735283749 0.050725449592336 -0.0109409903521847
0.0657733687827317 -0.0205992216825702 0.053749092053911 0.0211075316397043
0.072227565830582 0.0145735239941487 0.0386735449520124 0.0647001703633538
0.0526610139928877 0.0605388179029919 -0.0125092382670678 0.0957337461909215
0.0018071984279449 0.101522022295546 -0.0815649870551687 0.0578855895672986
-0.0838398681482857 0.0521068704627953 -0.0834264730066586 -0.00713843685843826
-0.0957082494472076 -0.0394284043985784 0.00490957888012502 -0.0359522534068556
-0.0573785837124893 -0.0808550051720652 0.0764249643575597 0.0817245923331584
0.0275178339485589 -0.0406560299123959 0.116824845593847 0.121180868435005
-0.0134221224213073 -0.0637288605037468 0.038831900144724 0.136943313287434
-0.0519917594032809 -0.0254580547152657 0.0487629970140155 0.137919484124249
-0.0375075461356983 0.0404672120281812 0.0954741817074026 0.0817561367256938
0.00733332770161068 0.0483926651439172 0.105357559664798 0.0203234829891019
0.031291660146413 0.0285291187469363 0.0929490538166754 -0.0143003041069031
0.0423824278287619 0.0031407479869849 0.0812557041036226 -0.0212286385719323
0.0412065404840016 -0.0127789186635345 0.0700636231368533 -0.0146376697185539
0.0450343744573234 -0.0143292453164144 0.0744617573530638 0.0174172840956066
0.0509504257440935 0.00880922000231487 0.0588851460521262 0.0670973403867699
0.0389386998357749 0.0463027108918652 0.00346492797018573 0.106025198491361
-0.0100757899778629 0.0754400096143734 -0.0751991018364258 0.0716247251785426
-0.0711604054461478 0.019281132980285 -0.0820904354466529 0.00455019722859361
-0.0524014395615014 -0.0502543088346522 0.00188700338918526 -0.0255700685342939
0.00287109148353739 -0.0598253835988951 0.0757982608448079 0.100216577572726
-0.0470690263384054 0.0266193654389565 -0.0897488702318978 -0.107443241676553
0.0108303006744231 0.0454708591887959 -0.0274983415941775 0.0449822482705542
0.0423369325088384 0.0010498251268896 0.0998099185051565 0.0103736422160634
0.00979386016368271 -0.0397723272738022 0.0996895141694424 -0.0886752823341754
-0.0197243501520333 -0.0216445230766879 -0.00388839670782718 -0.139919447423474
-0.0159745189140256 -0.00404991130399766 -0.0801002719749581 -0.0901042394839823
-0.0171945190880542 -0.000372686950489294 -0.0933555427696851 -0.0237060790374089
-0.0146496782026485 0.00362409693861755 -0.0890088274669867 0.0122272386264966
-0.00760155265403868 -0.0040324253953022 -0.0921175439152948 0.0262969343445509
0.00196422753884708 -0.0062944995835332 -0.105206782560378 0.0168851921300472
0.00173731717739155 -0.00838114428207471 -0.111123591252315 -0.0231387352268896
0.0211931016652263 -0.00194899382827802 -0.0965428454676288 -0.0827639932823106
0.00859877117948292 0.0333899917170141 -0.0468265632720431 -0.128569035569408
-0.0463133650953493 0.0381274864082683 -0.0136472947914754 -0.145900197216685
-0.0723886271835033 -0.00523188337799073 -0.0960110265811476 -0.129174778962562
-0.0917558455041693 -0.0125787501406243 -0.0690114878706804 -0.112125556342844
-0.0459086752930365 0.0352279479260283 -0.0233440933894721 0.0516666893699886
0.00458702112956796 0.0331507194269174 0.113409606568609 0.0208817883536029
0.0125464786794863 0.00694038701454364 0.11573818382825 -0.0913899460794934
0.00370875839550076 0.00665932330323111 0.00431767519128788 -0.14882959585717
0.0152475296384536 0.00838347086275342 -0.0768039012933511 -0.0940345204230325
0.0155096896491835 -0.00437476523423855 -0.0906090761987977 -0.0254583665599634
0.0151197516487956 -0.0033259758509201 -0.084355961603067 0.0111628363827737
0.0259553518014799 -0.00491789387794452 -0.0854821599694832 0.0311628650247274
0.0341167395382825 0.0174241446651613 -0.101163754878099 0.028057312933318
0.0135904698068136 0.0321248424274503 -0.116515171492004 -0.0074639204601041
0.00282954139246492 0.0444905362571857 -0.108660091911273 -0.0705295919794218
-0.0407571522172371 0.048023300010477 -0.059310872835862 -0.117505636249857
-0.099866980826174 0.00959610207955115 -0.0141757538934955 -0.123499567014716
-0.12012501980963 -0.0511288269740516 -0.0752362616012006 -0.0992788937186355
-0.120611445080427 -0.0553971994908731 -0.0343616238313504 -0.0983321015097661
-0.100223587552761 0.0113689891572308 -0.0171403929326676 0.0677024331756658
-0.0434084345726888 0.056644997793152 0.124808757068646 0.0466280477190699
0.00605570153852702 0.0582856315643786 0.13747663703368 -0.0786021245853882
0.025938589462166 0.0415562271381274 0.025306539249184 -0.148901156468684
0.0462037977343944 0.025328886683993 -0.0603476433866117 -0.0956376738461439
0.0485464408090478 -0.00481543941194961 -0.074100777705539 -0.0274469794168902
0.0435312696732138 -0.00967768914516792 -0.0678774970912617 0.00806108580494223
0.0536565494730922 -0.00863873565529561 -0.0658834959007856 0.0344192687788136
0.0636481924601761 0.0296040059848032 -0.0835454226660281 0.0440606080779939
0.0335275165042125 0.0605182746006588 -0.111692192803005 0.0219481960410858
0.00349809720125121 0.0861552752825535 -0.121875257635606 -0.0435065897433832
-0.0717020127599074 0.0728609614078854 -0.077860297337557 -0.098987486731085
-0.13844860802148 -0.000590318081464504 -0.0142947998264865 -0.102206444167596
-0.152969781284438 -0.0803690683265899 -0.0439541364742197 -0.0587800325532149
-0.127119690099385 -0.0933257171642657 0.00639816469056961 -0.0634315534607462
-0.138705103548504 -0.0248449235174761 -0.00692878075574091 0.0900105909603748
-0.0924702217622148 0.0629484641079451 0.127433608212503 0.080874527264669
-0.0120331920429519 0.101625549590363 0.155297885873382 -0.0473706097052529
0.0398943690046081 0.0763458021823949 0.054577613495665 -0.131304377992003
0.0703758548367978 0.0440835366175838 -0.0301380041006831 -0.0901155431161765
0.0755332921393714 -0.00208087427281853 -0.0462714466145077 -0.0290400954092755
0.0655929750615431 -0.0155717522206987 -0.0417179604999529 0.00367642697142744
0.0722645218074738 -0.0148788281817918 -0.0384725075897448 0.0350044268717598
0.0838361557938426 0.0308822981786632 -0.0552456941173997 0.0567568165404724
0.0533286962274819 0.0732740048753098 -0.0928299438090147 0.0519769270450907
0.0147785206678653 0.113971169536064 -0.123850120056443 -0.00888163966741512
-0.0841379980537974 0.0936165877407738 -0.0929556176545446 -0.073373162746099
-0.155869924515794 -0.00240393291908157 -0.0105344330204749 -0.0840967877693474
-0.163928345260858 -0.0934261730841272 -0.00553301574779402 -0.0180414942090821
-0.109373101724168 -0.115863371327097 0.0476601887372308 -0.0117380140811333
-0.146769609983944 -0.0642073240833753 0.00589086938852762 0.113346594899167
-0.125275635412258 0.0445749224505048 0.114781178694194 0.114915883560129
-0.0392264691436946 0.12065079584157 0.157576163041366 -0.00391369137556963
0.039437563256374 0.101012987456736 0.0820093162629608 -0.0952809805743542
0.0813489658926337 0.058616397172519 0.00781380310047092 -0.0748934511637542
0.0906644902528982 0.00258865813590539 -0.00967105819786935 -0.0281466659337966
0.0776845387070072 -0.0182451609586038 -0.00989594431238696 -0.00102228951466625
0.0804470621822888 -0.0200485293006759 -0.0058633572076101 0.032400690018263
0.091474497689673 0.0274177377605031 -0.0221479134109983 0.0632309239403904
0.0632331083194398 0.0754441564816454 -0.0656008725558179 0.074434874858277
0.0205802394907658 0.123662832351195 -0.113812950093244 0.0205944298959417
-0.0881706314609301 0.0960087667106315 -0.0961226218720113 -0.046805012996622
-0.151446967854422 -0.00928583339318492 -0.00459160465932184 -0.0682649132895779
-0.148531852502018 -0.0973293049213228 0.0323160485218617 0.0203781722249912
-0.0716919121477496 -0.113064827628244 0.08252952339859 0.0457689788778691
-0.12014645627963 -0.0907800748707215 0.0184124527371718 0.132120214643621
-0.128792085091201 0.0116604511580864 0.0915373202039249 0.137446839939379
-0.0595949608552466 0.109964268928932 0.141299080636872 0.0388478954321763
0.0279332773567901 0.104365967638095 0.0993857189008305 -0.0484469836968112
0.0753605222881239 0.062289633733036 0.0455348177736727 -0.0515478083518342
0.0898378836117192 0.00628781946993458 0.0282778158420808 -0.0245495681764707
0.0776420724128142 -0.0187518840434644 0.0226629675740949 -0.00612248880082664
0.0782156584723333 -0.0222513416817305 0.026214050585617 0.0276820650803603
0.0872828464129503 0.0211007932424365 0.010035177343309 0.065733265443687
0.0617518591293242 0.071072714376132 -0.0378842985579499 0.0887016080028263
0.0137419173828935 0.118892123759865 -0.0985898921795268 0.0423262525656824
-0.0897586565971008 0.0795827390937928 -0.0913187096833139 -0.0245985085009617
-0.130624585272364 -0.0248721098772032 0.00161934420959492 -0.0528926716428629
-0.110630914191281 -0.0944464177839832 0.0609428845921557 0.0542043164654754
-0.0224894206391297 -0.0856401834873015 0.104514584095033 0.0963117552576796
-0.0701925794534267 -0.0901051623765464 0.0272008761359615 0.143853547436358
-0.100787782300209 -0.0152914877075752 0.0655639121004057 0.144853858406286
-0.0597518265878793 0.0792694253309603 0.11557126310601 0.0693973073914902
0.0154097124564567 0.0851790428476244 0.105346621641262 -0.00483951241899293
0.057620315093026 0.0513940222567742 0.0755365486398815 -0.027475599073413
0.0725868658212102 0.00682313387577197 0.0613950775698031 -0.0211138035239415
0.0645866561329108 -0.0170063760349059 0.0512088224934827 -0.0106100722873274
0.0658664237394069 -0.0199161160422343 0.0543530014797254 0.0231741666756697
0.073096527018536 0.0152957751545502 0.0381838962320133 0.0674169723309905
0.0526532697700252 0.062041008123994 -0.0148278799482755 0.0990708700344764
0.00114984597655721 0.102546915590696 -0.0851622840415718 0.0589205368151301
-0.0860827210275953 0.0515577162388539 -0.0856195220005117 -0.00821834920442817
-0.0969674974332437 -0.042002923786694 0.0046255672721617 -0.0378216084284984
-0.0563910240261577 -0.0832863389657562 0.0766263963960625 0.0824541319095165
0.029082652375864 -0.0409476592330445 0.114674290617233 0.124969012422054
-0.0120507446878576 -0.0650624308012685 0.0346135837755893 0.14095850084089
-0.0529506255552152 -0.0268753654042413 0.0466478500205855 0.142877976602204
-0.0384893974166949 0.0402613133052312 0.0957848377675629 0.0851244643814787
0.00762206897751188 0.0492900349277291 0.107089432450749 0.0214034388842242
0.0316392663579907 0.0289809088696058 0.0951287540038618 -0.0138986371026793
0.0433845123315635 0.00389674248896586 0.0830189109781489 -0.0214928045023177
0.0411281250410957 -0.0124042837759308 0.0708539083868095 -0.0142723310905726
0.0450257129427573 -0.0141129820160031 0.0751650711228903 0.0194556583232382
0.0512557948228911 0.00915373500077146 0.0586049201728466 0.0705371927392574
0.0391171713453878 0.0469015379540673 0.00102049260370574 0.109392686977415
-0.0107544973224948 0.0766990578377831 -0.0786838161045382 0.072931292084425
-0.0729349156987229 0.019107821255634 -0.0840659853978906 0.00352673786627611
-0.0527966011689493 -0.0520029837369026 0.00179954239510169 -0.0268080109481465
0.00429628258072599 -0.060932813025567 0.0754739383077091 0.101514072765305
-0.0491412725179081 0.0268944331670157 -0.0921102116471377 -0.112228639733454
0.0111699289949118 0.0478569553065867 -0.0285194319984832 0.0482133090587274
0.0443488681207227 0.000822702523052657 0.106124417630276 0.0122002379476101
0.0095693556407684 -0.0416380273520754 0.107157304478102 -0.092815020384508
-0.0212975785532382 -0.0227624541992884 -0.00291968380604601 -0.147731280095751
-0.0168011600291324 -0.00473244948618938 -0.0834886262739747 -0.0957678658310729
-0.0180838871130322 0.000202418930217782 -0.0976357452651593 -0.0264611143762248
-0.0150929934972609 0.00409366406535775 -0.0930740879516638 0.0124166212821401
-0.00796346470654002 -0.00377895672676568 -0.0965721852437561 0.0276846772152789
0.00187488214261878 -0.00641360646545344 -0.110303786042191 0.0170569918892007
0.00110135300530543 -0.00761452706774809 -0.116850986542698 -0.025110671807385
0.0217288682144046 -0.00245754869536355 -0.100315716074603 -0.0872206631121492
0.00886011827337911 0.0343262555292582 -0.0464627548352907 -0.136894237401076
-0.0481719774295538 0.0399725387460123 -0.0112525747844458 -0.154831081038813
-0.0755855196393169 -0.0061363868206895 -0.0973213176543793 -0.136074632288737
-0.0944745815688635 -0.0139368255611056 -0.0703405313850526 -0.117473108751794
-0.0473829742552859 0.0365911397301495 -0.024649649625023 0.054896354012884
0.00519924067859391 0.0334904649887343 0.120013912036615 0.023314198369654
0.0123459343223993 0.00673793551219869 0.123000504017728 -0.0950574244204382
0.00265250300377176 0.0070041843981532 0.00597221582068765 -0.156501124035828
0.0154130073217219 0.00865885574092392 -0.080085939313599 -0.099937659286303
0.0162754528962405 -0.00350560730632284 -0.094004841907803 -0.0277238146418717
0.016084975555941 -0.00228320527486035 -0.0883064500196507 0.0115584001885164
0.02687025195993 -0.00423768386125853 -0.0895053859645005 0.0323612042363422
0.0358314623463894 0.0182705988969492 -0.106706443154982 0.0288764783134529
0.0135064953378883 0.0347367958395893 -0.121857033160892 -0.00865718587024618
0.00144723955811729 0.0456018911615742 -0.113410148798894 -0.0752496641809932
-0.043223119600741 0.0488154478480864 -0.0599541849758833 -0.125185568300212
-0.103577687484759 0.00864605301924747 -0.0124908492124489 -0.131207614588883
-0.124367387609992 -0.0553938987557974 -0.0767236164306524 -0.105338367534271
-0.123453599597187 -0.0588338531881113 -0.0352717297481227 -0.102540042930043
-0.103902960500633 0.0107113509675318 -0.0188939754183348 0.0716475724435975
-0.0448206097773204 0.0578114421432645 0.131521518432562 0.0499654317122128
0.00525837679254682 0.060147701469262 0.146270932148283 -0.0816516663384647
0.0260381764272734 0.043289586981129 0.0273093023551896 -0.156229619367629
0.0481725770824276 0.0269234493055699 -0.0624010347818885 -0.101368480712007
0.0506862712175973 -0.00429388621718337 -0.0773853715610269 -0.0299502285674759
0.0458486633946132 -0.00876749546258559 -0.0711324087798529 0.00831386186279314
0.0556725850979118 -0.00783716049609943 -0.0694288336178007 0.0359583356627405
0.0665213911297216 0.0314390324927689 -0.0880940679104695 0.0461480516308572
0.0336975004702828 0.0645372992017536 -0.117287169245317 0.022688374579843
0.00213328700764163 0.0894116344464183 -0.128407140017443 -0.0468823667466669
-0.0759160754795857 0.0743066505923114 -0.0806367553530229 -0.105572788148741
-0.144304608084099 -0.00253331125450696 -0.0129659738591206 -0.108844827567454
-0.15812398267302 -0.0861661984447179 -0.0445123130130561 -0.063119041835219
-0.129716994780116 -0.0990240364593753 0.00671607038706649 -0.065880386620337
-0.144343921436691 -0.0275682527339154 -0.00893854265761575 0.0948923885210758
-0.0961929484179501 0.06326033090098 0.132744571745961 0.0869491948065721
-0.0137937813416345 0.105183217112554 0.164026200656886 -0.0483380137164307
0.0406692666162709 0.0796277511545816 0.0574054387725481 -0.138001468258892
0.0733947876600516 0.0461721038050179 -0.0309894519265747 -0.0955205708585482
0.079065324709163 -0.000928429926858976 -0.0480253359509982 -0.0309142773744958
0.0682327431437344 -0.0144615186019944 -0.0441081456740937 0.00341751886377163
0.0747569727927954 -0.0141987925394344 -0.0402413672353389 0.0374389280852543
0.0876494015943298 0.0333625404048706 -0.058947983383694 0.0599275360130699
0.0544651670338727 0.0781141809220392 -0.0979907399754052 0.0551835627843298
0.0137673328560073 0.11829437397368 -0.131502585197389 -0.0105152059800104
-0.0896095368259825 0.0956228989590331 -0.0960745690250216 -0.0783864452838536
-0.162542557379846 -0.00498983598136888 -0.0105753201535684 -0.0898562957586899
-0.168599070527469 -0.100439119866118 -0.00499784824455887 -0.0204674764079376
-0.111199056488068 -0.121662307703774 0.0488619313388285 -0.0116375002461022
-0.152294213127656 -0.0691379321602687 0.00315988242474978 0.119460388916046
-0.130978822354349 0.0439613897568818 0.11931987387134 0.12294070995822
-0.0422923326691441 0.124205942050767 0.165867919510661 -0.00222940015147563
0.0401655262263011 0.105075345146572 0.0858908189054348 -0.0997774144737558
0.0845061160677883 0.0614427533567138 0.00840736163360856 -0.0789973881142471
0.0950670196209089 0.00373843064013606 -0.00967213741826403 -0.0295523430775689
0.0805884668230699 -0.0175933985069504 -0.0110518495033722 -0.00143368844339048
0.0834772597189449 -0.0195491547347174 -0.00604520267092848 0.0347388927295312
0.0956635423166794 0.0289840247891417 -0.0244289440750852 0.067807679613393
0.0651340822695069 0.0800343081997892 -0.0698105687612311 0.079638403644489
0.0198406001569326 0.128557088737209 -0.121036958631028 0.0211778676627149
-0.0934980676453034 0.0986868100667934 -0.100488525575876 -0.0505134249724671
-0.158186449474959 -0.0125775315564816 -0.0048537902210797 -0.0730098298258686
-0.152783856633212 -0.103535216653947 0.033724023422678 0.0197842392289893
-0.0713926609544792 -0.118753328313068 0.0842516898700194 0.0484624388388788
-0.124189662993164 -0.0964421370263436 0.0153312438710456 0.139798858789883
-0.134400726269903 0.00966087095528766 0.0944699109097396 0.146121858742517
-0.0638078754996995 0.113378694218316 0.147659805731347 0.0424214427132562
0.0281629970568338 0.108689984331634 0.103264342717913 -0.050695732177426
0.0787129237209554 0.0655388364851166 0.0476058746801407 -0.0537580379060405
0.0937724430705723 0.00713042021778748 0.0303289505181065 -0.0261332177240767
0.0805794821403034 -0.0187783211318734 0.0231029009193743 -0.00632921477590265
0.0809668760218489 -0.0218447120991607 0.0272954395860046 0.0298061417745149
0.090957451233791 0.0224736892416501 0.00961148372094738 0.0702087870893938
0.0637364782762154 0.0752332756017429 -0.0405261844482926 0.0944830222275092
0.0137039615038681 0.123489156805196 -0.105051112320437 0.0450581831083514
-0.0946424978043896 0.0819951301505709 -0.0961588739217516 -0.0270595089780824
-0.13585874734653 -0.0281198406442218 0.00178170454649427 -0.05634539563012
-0.113394433439328 -0.100624828872993 0.0637818004736895 0.055904685852352
-0.0212760808329073 -0.0899351347856263 0.106199577061827 0.101732167383721
-0.072381673178403 -0.0960722621399323 0.0243452800210307 0.151620998348935
-0.105500642122444 -0.0181146372380562 0.0663965331198259 0.154249805986869
-0.0630189462294374 0.0815803969359915 0.120541461326725 0.0739811737909573
0.0158683929005615 0.0887544835594836 0.109150886399229 -0.00544530667187561
0.0600889969091702 0.0540108045127706 0.0792097446360576 -0.0288318561477741
0.0757593676386947 0.00697606272915188 0.0649183118957517 -0.0226002509092817
0.0669290887107064 -0.0168325199203203 0.0530667448232589 -0.0107311306583778
0.0685089075756514 -0.0197692361764824 0.0566185188249446 0.0248348156029193
0.0757053494435673 0.0161943250910564 0.0392318040967527 0.0720795019835939
0.0543236790615964 0.0651247403752768 -0.0171676276657854 0.105501326912839
0.000924498516196753 0.106782638445664 -0.0914705395982277 0.0619796072777838
-0.0905991137647451 0.0530696786477962 -0.0902990193016911 -0.00958269373480414
-0.100505704143722 -0.0458591351626989 0.00492474522517821 -0.0403068880826741
-0.0570057301940775 -0.088179177289938 0.0792069661863333 0.0852775099754519
0.0314064491760161 -0.0430649237474586 0.116305699842662 0.132397808505964
-0.0119245885973716 -0.0690034952734012 0.0318884194669873 0.148938728072186
-0.0554202108251455 -0.0287958188372771 0.0468137934884116 0.151922219582107
-0.0403365638988825 0.0412273839339815 0.0995282091389621 0.0899035772403711
0.00789433024428855 0.051238763039243 0.111364657926246 0.022834126064552
0.0330636523744905 0.0302586770445992 0.0997607782463658 -0.0144306234877939
0.0452330887337762 0.00371480368562762 0.0871495382506251 -0.0228756776149787
0.0426452912359173 -0.0127749288273387 0.0735728924888367 -0.0141058324297052
0.0459758667275416 -0.0141964810474588 0.0783541578786303 0.0207995032302007
0.052725360013514 0.00955975589846622 0.0604873871705186 0.0750184927423989
0.0404704029223522 0.0493152282087991 0.000254857102122537 0.116197633049323
-0.0115279182985056 0.0798115349681262 -0.0843700208817038 0.0768486264186671
-0.0768597996697413 0.0193042060755985 -0.0891061104493005 0.00275171707398419
-0.0547125789118314 -0.0555128249798484 0.00166255516701002 -0.0291032264549945
0.00586755321382128 -0.0636614720957432 0.0780823187343338 0.105648453709367
-0.0509445994456961 0.0282316862371386 -0.0987349975080349 -0.11744425425248
0.0129657808764456 0.0510571283880025 -0.0285979536567008 0.0529352770647044
0.0472977750057599 -0.000712063931193957 0.114641364793326 0.0117449060163761
0.0085819279694958 -0.0444778509063956 0.114047062067577 -0.102371959699961
-0.0239316820946997 -0.0234091285805354 -0.00520064140540278 -0.158320013512972
-0.0190885323631248 -0.00463452679475551 -0.0915093604543874 -0.101586368761588
-0.0193297138173646 0.000683308860101153 -0.104248705560287 -0.0264430497313385
-0.0153678599467861 0.00548591388633625 -0.0979886884335236 0.0148105565168962
-0.00834977879304342 -0.00374505079722045 -0.102176073394987 0.0313174031846875
0.00151833231934582 -0.00651830172981457 -0.117684862723859 0.0200208237492155
0.000750830416529257 -0.00766092848500823 -0.12437944857831 -0.0252456294780597
0.0219257073064594 -0.0030991128679 -0.10757290148546 -0.0915653871289694
0.00979668762626775 0.0355580565659643 -0.0504159715540576 -0.147313677368091
-0.0495071493303064 0.0435096927248501 -0.0128516549142085 -0.167087400159542
-0.0801853304052639 -0.00614603367885998 -0.103796993601588 -0.143779413609354
-0.0992353327638645 -0.0140970710366625 -0.0759751483458013 -0.122905868217761
-0.0493829263281604 0.0399273090672708 -0.0254105238801052 0.0604739814218338
0.00645998979751915 0.0345038222664921 0.129431122127873 0.0234018930801829
0.0126248024581481 0.00660780752752368 0.131164959614993 -0.104553431759441
0.00197986764127809 0.00736937611513793 0.00345521441458705 -0.167747134281667
0.0161309197361469 0.00910478992381057 -0.087218448598854 -0.106060269401707
0.017106349466077 -0.00371480827653769 -0.100541845653722 -0.0283432103831791
0.0171060985418685 -0.00194337013720095 -0.0936422010930701 0.0140876049082891
0.0283980254700623 -0.00432625074561033 -0.094683213671457 0.0366681437770361
0.0386014064654024 0.0193542194463746 -0.113115078886942 0.0329198171568884
0.0139876072070708 0.0378000573884999 -0.130427975888881 -0.00706813786972163
0.00117116767586897 0.0481896103175898 -0.122436692312635 -0.0786243840593049
-0.0454842698860805 0.0510774802353586 -0.0649176922566538 -0.134482691899993
-0.109179244862178 0.0102133515969542 -0.01437339068642 -0.14203137648196
-0.132349526984859 -0.057346391397938 -0.081836470960982 -0.111412073512887
-0.129639335893183 -0.0609112657031493 -0.0396045195832974 -0.108215626567526
-0.109731421220294 0.0125786042974858 -0.0192678895167489 0.0782066507654249
-0.0460401552518357 0.0607045508809059 0.141726272332355 0.0525418191412976
0.00652860137980308 0.0629776569572643 0.156055364725591 -0.0896474546952952
0.0277844181781764 0.0450998854803279 0.026051545398623 -0.16721554241133
0.0510536645097094 0.0274123784669141 -0.068362577781386 -0.10773436287012
0.053640784686131 -0.0049523037680974 -0.0825149812513084 -0.0311176026020625
0.0478288610179163 -0.00905531789367322 -0.0757147464895843 0.0104352589025672
0.058702285068274 -0.00834603282387589 -0.072377192039791 0.0403891428549731
0.071416502686531 0.0327057358440167 -0.0934959506487918 0.0514986802961536
0.0363747069165467 0.0690805912861364 -0.12462279453327 0.0269168416429801
0.00292678493118962 0.094380055414131 -0.138590205277329 -0.0478385557606596
-0.07968925040378 0.0785522360566211 -0.0871776150402255 -0.113046306673557
-0.152709686803816 -0.0017750675327989 -0.0154290871367477 -0.117630192151073
-0.167393256045649 -0.0897078312773033 -0.0472103024331843 -0.068211296540804
-0.136645896237622 -0.103573724099725 0.00481476629954536 -0.0694625184968693
-0.152635535472072 -0.0274284207162651 -0.00878974157653887 0.102902609909544
-0.100217083354715 0.0672075491676004 0.143463463846335 0.0913470770477599
-0.0132417015737053 0.110822988386926 0.175556783936631 -0.0546857459282711
0.0436487299153815 0.0833787124189212 0.0574898582358826 -0.14848831701275
0.0787222036549962 0.0476928290509376 -0.0349577079719665 -0.101834617249867
0.0839204690299358 -0.00201569957997035 -0.0513668800182438 -0.0326008734836969
0.0720708034238998 -0.0154103925629125 -0.0472036187947522 0.0051516130816671
0.0787875016879643 -0.0154039598869649 -0.0416130984471511 0.0409449360157875
0.0938371928556562 0.0343437190641838 -0.0617554620174435 0.066187439081103
0.0583406613531843 0.0830726893238603 -0.103593598821144 0.0618032434106729
0.0158217836847855 0.125059256101162 -0.14171799235408 -0.00848372468090996
-0.0940029112159816 0.102154965114043 -0.104306022393617 -0.0829099818854566
-0.172763677164517 -0.00383245136542036 -0.0126351274892809 -0.0977399135945435
-0.179329131101386 -0.10469010904675 -0.00531743176540659 -0.0231876370956859
-0.117155509786523 -0.127619030700488 0.049977070475412 -0.0126058079155663
-0.162377991295188 -0.0715589160053888 0.00329885149571764 0.128405469105663
-0.138099859591444 0.0469396479474922 0.129306217737427 0.129759340307193
-0.043326327628699 0.131976093357207 0.177344623510814 -0.00515456412943774
0.0437651262959484 0.110424642734068 0.0881066583868785 -0.108705618030552
0.0908957635538525 0.0634483059245118 0.00764546391559097 -0.084761069687921
0.100938012422033 0.00208270705168155 -0.0109889301884931 -0.0318240166783731
0.0851563645402682 -0.0194177069140681 -0.0125021575896292 -0.000600336314004914
0.0876600777563082 -0.02152113232907 -0.00573625728416324 0.0374133318496574
0.10207353356107 0.0293943100401419 -0.0249503530957372 0.0739896002258857
0.0698503179421085 0.0847701759053426 -0.0731402677229781 0.087623885415503
0.0225502813987023 0.135845415251188 -0.130536993723812 0.0254555785396609
-0.0981831093353348 0.105328896694915 -0.108619528011162 -0.0527580500194237
-0.168572625606695 -0.0113972335804478 -0.00640382792672683 -0.0792117784299425
-0.162404692433476 -0.109090424207109 0.0365180810299 0.0187673087867476
-0.0753056316310424 -0.125596290019432 0.0877478951574271 0.0510544473885262
-0.133273347160337 -0.102069091978642 0.0162030045619442 0.149255251527391
-0.142502834483169 0.0106587583594633 0.102040897648333 0.155834486243314
-0.0662641238919844 0.120342636817349 0.158622422066586 0.0424967552503781
0.0318465763514004 0.115142478522491 0.107439543749612 -0.0562893778162854
0.0850102876649698 0.0675315664989605 0.0495876035952713 -0.0589053233887739
0.0998773436929112 0.00584173583493262 0.0315522152560897 -0.0288127604378404
0.0848273741791685 -0.0203368652404316 0.0236972278176273 -0.00682406552365292
0.0848702347527121 -0.023751875942167 0.0297545183747525 0.0319193523839699
0.096574122766087 0.0227133466268763 0.0113947354870744 0.0762933739643766
0.068666213354329 0.0792107211051051 -0.0419958369724516 0.103611525305733
0.0172302773323721 0.130428778471364 -0.113333184472982 0.0504529791206218
-0.0994705479177978 0.0875995972117661 -0.103810862052607 -0.0276946961429175
-0.145061809733743 -0.0287657673148592 0.000462293052373523 -0.0611867733502467
-0.120143647196916 -0.105713618884088 0.0684227186398991 0.0561084726378607
-0.0221193690441672 -0.0957036105277354 0.111962623323852 0.106662412809678
-0.078458431907904 -0.102096968843431 0.0255723935012953 0.161807288415289
-0.112633306434944 -0.0185046654504177 0.0724283199292106 0.164594314936652
-0.0660751672934018 0.0868310296716771 0.12921498235278 0.077128181695183
0.0184617577906821 0.0938943611204777 0.114440797884016 -0.00832617135433221
0.0651087615552888 0.055512126658056 0.0838361117991965 -0.0325357130228044
0.0809413188560768 0.00537370062040218 0.068553093176409 -0.0262350918588338
0.070131801415107 -0.0184595719637194 0.055161359736254 -0.0124528147934698
0.0712021396593263 -0.0222970414675486 0.0604788470752303 0.0255032792799125
0.0803503283659577 0.0162397976987562 0.0429991083195444 0.0776299829511978
0.0588903582749728 0.0681420650560787 -0.0165260796134179 0.114460457864138
0.00331604772229962 0.113260115712279 -0.0980902676360715 0.0684041413619634
-0.0957439635957567 0.0576708818222171 -0.0967638470217371 -0.00856389070208402
-0.107497349751378 -0.0476016718412369 0.00398416330619889 -0.0443834991305882
-0.0607955828045123 -0.0937566409396742 0.0856258412885475 0.08793379871036
0.0336343022288437 -0.0464942344080917 0.123036570192294 0.139947566695736
-0.0135113408895409 -0.0732935916454859 0.0337764568313316 0.15955473236608
-0.059842436110661 -0.0298593116517376 0.051950001716489 0.163044819196303
-0.0420945287561342 0.0443211712856669 0.10744508270891 0.0949764363791926
0.0101936605917812 0.0537511462820045 0.118581279990927 0.0213527949872686
0.0358662385847527 0.0309672127248224 0.106084774038576 -0.0173719245387825
0.0481159363241661 0.0027031453445545 0.091980694196747 -0.0265827391383332
0.0446352642664314 -0.0141289289586806 0.0769925404668602 -0.0165348073212522
0.047968826747344 -0.0160358395539954 0.0830908410234013 0.0212188128619091
0.0559036589293566 0.00887400837613521 0.0654687337320852 0.0802419905112986
0.0441369717542254 0.0511925920979707 0.00136217720211744 0.125225994723776
-0.0101525287119965 0.0851172388224355 -0.0901225163641532 0.0842327966721708
-0.0816846854198384 0.0225673008592957 -0.0957195135619952 0.00421046164553144
-0.058632223920417 -0.0580452966356932 0.00114737100775212 -0.0319447871619982
0.00623371850600364 -0.0681049704558863 0.0839948273461239 0.108703563436663
-0.0528979346511791 0.0310290302318453 -0.10922425225597 -0.119003530305585
0.0170442429576997 0.053374268567232 -0.0269277802827869 0.0579917750856859
0.0501185760574784 -0.00386972573238708 0.123808661099415 0.00692144544481209
0.00619599988406558 -0.047746926939423 0.11737784842564 -0.1157453684869
-0.0272854148090912 -0.0231029850131624 -0.0128958173696642 -0.168202497520042
-0.0209830473844945 -0.00327702118904313 -0.102868296983859 -0.10344387792335
-0.0205098274901286 0.00261252725261611 -0.111527062085928 -0.023364339018614
-0.0158827921813967 0.00742947154182196 -0.102125549255986 0.0207719628958919
-0.00871002307004486 -0.002769049142218 -0.106448996024102 0.0392052004822901
0.00105228773178576 -0.00714037855904041 -0.123698326537777 0.0272758120168859
0.000136416909610678 -0.00750736871763711 -0.133566108261185 -0.0207730518484374
0.0220379854751097 -0.00486044907802596 -0.117933468317938 -0.0919020617863968
0.0120696136918082 0.0359717793489888 -0.0601366544952894 -0.155021838515887
-0.0496602027432061 0.0486655366435723 -0.0200673441734328 -0.178522446956716
-0.0850530947322718 -0.00256859833620503 -0.114385982811958 -0.147775064393851
-0.104162364664482 -0.0113092398120202 -0.0859220044259921 -0.125984289812217
-0.0494180033454012 0.0443294599418012 -0.023505950753954 0.0657349961826949
0.00897635605178031 0.0346316690925392 0.139319262139465 0.0186031794169524
0.0131831334043513 0.00570399518400626 0.135323369500946 -0.11903688174432
0.00157045895425696 0.0082414781259088 -0.0046869461343427 -0.178897733232158
0.016708732747112 0.00898078298726596 -0.0982136216717303 -0.108578907070084
0.0176653628409234 -0.00397504035391596 -0.107572884884461 -0.0254925702295475
0.018430608559281 -0.00195824267273672 -0.0978474632488876 0.0197596717339026
0.0297274669639864 -0.0051015738034852 -0.0977103204228093 0.0441607943387718
0.0413519095227943 0.0183394362645748 -0.118635990053943 0.0415727830483408
0.0159862650656701 0.0403281377432779 -0.139175198895774 -0.00104494135275459
0.0025356603691062 0.0502487581889537 -0.133697425346357 -0.0775384111630891
-0.0461071791755327 0.0548521008608835 -0.0742193915274971 -0.140794489118516
-0.113837898874531 0.0161115351663704 -0.0212175748951672 -0.152336448692206
-0.141362089720021 -0.0548409937874397 -0.0896844444187334 -0.115219720693386
-0.137924994617996 -0.0593932441085818 -0.0468951469446942 -0.111544660672132
-0.114849416751507 0.0186709704530427 -0.0168314550686376 0.0845639675134076
-0.0449892057678198 0.0645751176061302 0.154115020631788 0.0485865398393907
0.0095854384333273 0.065555455630209 0.162167329814732 -0.103849405969601
0.0299672686285085 0.0465159513983195 0.0183136588149981 -0.179222547476627
0.0548502147719022 0.0265976111725216 -0.0783570441776957 -0.110939435240474
0.056121874776607 -0.00717869595797982 -0.0884556209069061 -0.0287401962171967
0.0503170728551488 -0.0107809973981951 -0.0791037411242771 0.0152754102041605
0.0613009313489362 -0.0108215426444581 -0.0749031411767795 0.0469085606358695
0.0766151720643098 0.0310330843514597 -0.0964811021598629 0.0602047476727057
0.0409573229769215 0.0725829361360425 -0.130879541145544 0.0351118541987298
0.00662963693156502 0.0991155154422154 -0.149998117561408 -0.043899046300707
-0.0812808141919487 0.0856972002979692 -0.0974124016421909 -0.116960146328354
-0.161023714278005 0.00462301896810513 -0.0216323921048794 -0.126738894375128
-0.180215668464993 -0.0874247622349101 -0.0523470428702811 -0.071526563589124
-0.146643127015562 -0.103538518773909 0.00113033825696565 -0.0731359661988343
-0.162368763527244 -0.0218990009299006 -0.00565648424309444 0.110609728789397
-0.101943451414693 0.0738986854913736 0.157380631336883 0.0908770876995557
-0.00932258320649816 0.116526683089139 0.183741114126484 -0.0669843308875546
0.0493273008412195 0.0858189217367906 0.0523880725692967 -0.160602332185496
0.0853213127763303 0.0457502406781085 -0.0429970002324925 -0.106179461362331
0.088550913677709 -0.00642554995414729 -0.0557234584050051 -0.0323479624364234
0.0749936767721089 -0.0188601355106778 -0.0501927817902787 0.00853807526334511
0.0819797926712805 -0.0191478402544841 -0.0416604849293446 0.0459854063094666
0.100659968699982 0.0316000858919286 -0.0623891591337635 0.0744042104323112
0.0656445319133008 0.0861916870869024 -0.106904930002548 0.0717551222626885
0.0228004701604323 0.130407520055293 -0.152238739381789 -0.00186588765185638
-0.0952864340716735 0.111003700513008 -0.114380350788093 -0.0835409471897027
-0.182679034570376 0.00316743931460763 -0.0180411949719764 -0.104951286443523
-0.193266130939932 -0.103310857966128 -0.00635606780574186 -0.0262101212848156
-0.126852253209172 -0.130234305356368 0.0510033380053101 -0.0152235831730784
-0.174488474250023 -0.0692140542555161 0.00801779426246443 0.137433212189317
-0.143120666329992 0.0542775409223681 0.143234109557025 0.132958937495805
-0.0396701057120058 0.140308447831021 0.188437517182789 -0.014769533499578
0.0512404544525994 0.114327300785358 0.0863265845828573 -0.120017383155464
0.0992266323488549 0.0621763701255525 0.00306004006371841 -0.0905523455897458
0.106845307402066 -0.0028770080543212 -0.0128261172481194 -0.0335756942907881
0.0886222075648649 -0.0242581500784688 -0.0137816935394121 0.000650126384199391
0.0910771107222018 -0.0263099291925139 -0.00419491481591701 0.0411511953601744
0.10903570856046 0.0259824096216845 -0.0223835270995518 0.0810171565662669
0.0780582251094052 0.0874417630770399 -0.0734769893086581 0.0982073995265696
0.0305382519903226 0.141764814234801 -0.138596375334061 0.0345728049645419
-0.099290629526474 0.115217138784741 -0.117752345512929 -0.0509043231460028
-0.17890334427703 -0.00524852072944325 -0.0113096943019517 -0.0848754693335372
-0.175534623436795 -0.10862858232215 0.0395860124696683 0.0160423175171193
-0.0829887509702018 -0.129952429360847 0.0934780855612667 0.0505156892451185
-0.145616114536209 -0.102276405605439 0.0217883647241878 0.158786738003499
-0.15017541832324 0.0167724366124081 0.115286797323025 0.1611278917648
-0.064834676772057 0.129727729467714 0.170776181257655 0.0376318335739975
0.0388731953922044 0.119630148532807 0.109295666088695 -0.0653304635406751
0.0937590071088358 0.0664528780469348 0.048846243634215 -0.065176835145344
0.105903613507282 0.000302964958151575 0.0321946929122604 -0.0326708708335821
0.087996655341198 -0.0257677373029952 0.0242336173346595 -0.00765748973054361
0.0873587349403009 -0.0288077301702692 0.0332882709951059 0.0332085216752641
0.102975585740379 0.0186831475659599 0.0159070103771864 0.0814222279080522
0.0763076233791475 0.0810867169616084 -0.0391202665061782 0.113191449415749
0.0247173785135681 0.136722666310754 -0.119417289982368 0.0600423256040507
-0.10149811996591 0.0974197976793737 -0.111846126713525 -0.0239200776404778
-0.154661814125926 -0.0240736021297392 -0.00340315420673543 -0.0662272618051499
-0.130584636727737 -0.107023166600102 0.0747584794536876 0.0540099762730625
-0.0261588082937162 -0.101132561554083 0.121420614805303 0.1086077261974
-0.0874301961143256 -0.104869971187544 0.0321749343339395 0.171357133060367
-0.120346964060294 -0.015625832800859 0.0840961922138581 0.172771734435327
-0.0661279470539983 0.0947193474079938 0.140545028773324 0.0751904281035453
0.024564279806997 0.0980748470894748 0.119587061792328 -0.014915685278665
0.0717063873041939 0.055208271835007 0.0868633254210997 -0.0391112240138978
0.0853366413250372 0.00113927556265038 0.0711394662917169 -0.0319993006771706
0.0729716379680573 -0.0232340981826359 0.0568359272587322 -0.0152963537124805
0.0736331655393731 -0.0262680857180775 0.0652099386733429 0.025295061891635
0.0850626086242037 0.0128882874732504 0.0490306315951465 0.0813512849022717
0.0655754260679602 0.0694308338165503 -0.0116038745971233 0.123913279937585
0.00985211642091977 0.119178134170838 -0.102344747889032 0.0790064650885382
-0.0988594410089956 0.0655720848707964 -0.103837428138177 -0.00447929826813456
-0.116504705521591 -0.0452992312860525 0.00162643992312939 -0.0482847315573938
-0.0671504622929678 -0.096225057463741 0.0941383117842921 0.0859864483808268
0.0340222899351858 -0.0515968987622549 0.134193759575816 0.143272292780348
-0.0182060895195327 -0.0774438615265052 0.0401105210276614 0.168497508721432
-0.0649819792555837 -0.0287182250770921 0.0623374160201916 0.171544548011091
-0.0420336516953409 0.0490254155113872 0.118117002189949 0.0955447569480959
0.0143913251434381 0.0560411355410078 0.12506189340905 0.0165314140827344
0.0397910090984042 0.0303931914464995 0.11120476440713 -0.0244563170651805
0.0504033839364425 -0.000473394389205103 0.0952807539260327 -0.0340670767488461
0.0459037222892049 -0.0173622169652551 0.0796897053456163 -0.0213046659753877
0.0494936443074853 -0.0192444767416006 0.0881728202957986 0.0189239675145509
0.0590064123954215 0.0063914563973028 0.0733591176774536 0.0822858668750821
0.0490515606878683 0.0513035616965357 0.00762281568047929 0.134912639452953
-0.00564222236367408 0.0900373119517705 -0.093044296674149 0.0952136845062089
-0.0855082294446374 0.0277344812978315 -0.101868362244578 0.0101219291376049
-0.065183210086402 -0.0589243996873712 -0.00108124894790005 -0.0348542979033684
0.00395954028514877 -0.0727154520220416 0.0936488823883496 0.108948630431508
-0.0635187519738797 0.00632698689365315 -0.0466136678633095 -0.159561234945628
-0.00622886057295847 0.057290921498946 -0.0504175977903034 0.0409627004123608
0.0474320483969279 0.016532676128841 0.112861677953614 0.0608995728880652
0.0234435955150304 -0.041410369514951 0.162416086416839 -0.0575370089244951
-0.0175919379235476 -0.0319537800359042 0.0626858132953962 -0.16357995108192
-0.0198373043968932 -0.0113097279606044 -0.0489365955850442 -0.143285743510111
-0.0220334062543919 -0.0056318662421162 -0.0923629970577176 -0.0724852608174155
-0.0185568572855457 0.00123357068979032 -0.103631680617246 -0.025073617536608
-0.00711752705490536 -0.00498807895486007 -0.115376238875328 -0.00963242341862565
0.00307981985256545 -0.00519878222554538 -0.126133780509437 -0.0280786259795727
0.00220630931568733 -0.00636941590518546 -0.11444297672929 -0.0788477500471138
0.0193967712422092 0.00396051217759682 -0.066060989252595 -0.138728600020231
-0.00557415209512315 0.0363234417570827 0.0167982230014534 -0.173071352998533
-0.0674548934313353 0.0213529485274878 0.0665046393062841 -0.180107978468491
-0.0780516800494039 -0.0400277099990896 -0.0314653019337832 -0.19432684134299
-0.0918324553001993 -0.0567927241638242 -0.0233872767778862 -0.154239180600378
-0.0644174209667271 0.0190083874000631 -0.0493693756754332 0.0514518430313366
-0.00796341939440794 0.0339837680273415 0.123558732594584 0.0796510262850173
0.0066522279405093 0.0102618132721595 0.182237079795221 -0.0522165022435957
-0.00537625217110876 0.00956604138961744 0.0757138092050967 -0.169888168234718
0.00990104100221146 0.0166940218969384 -0.0423805116622657 -0.146761988149278
0.0167215264238478 0.00486805651333167 -0.0874784106514037 -0.0724133462485851
0.0177848721062485 0.00813949757383565 -0.0983661770004124 -0.0242045318687502
0.0293402081077124 0.00977481623264626 -0.110045795307417 -0.000782795676175068
0.0296663351997474 0.0366758174659086 -0.127730400784368 -0.0120958921591581
-0.00415312365961151 0.0461103049435832 -0.129979793424381 -0.0614216095428638
-0.0231901031090967 0.0463040779839323 -0.0897166927328659 -0.132162634943626
-0.068565242373433 0.0269182938644752 -0.00412437612869361 -0.168250522547346
-0.112354797495579 -0.0384138817859042 0.0548176508724257 -0.158295848599514
-0.106771881328511 -0.113461892771569 -0.0234655577678458 -0.152680331779064
-0.100678217542238 -0.117527372541129 0.00461572444371662 -0.121909879252907
-0.113943429940333 -0.0349098530297722 -0.0512604254368651 0.0746793971898527
-0.0716145178816439 0.0364839548047085 0.12472906310009 0.115769813531365
-0.0228783367962036 0.0630327717164608 0.20189172487103 -0.0256909919343245
0.0037473159694846 0.0577661121052475 0.09939830295519 -0.161045599387899
0.0381911580534922 0.0499009517194141 -0.0222388285203076 -0.141128124880632
0.0545878808170754 0.0191271374752525 -0.0681796128326299 -0.0677293785604131
0.051920720851189 0.0136761320374509 -0.0797364968994257 -0.0208472893914748
0.061361061029556 0.0184309807638381 -0.0898630888889664 0.012367280115051
0.0579431637792395 0.0637917590767429 -0.115920977035782 0.0156539454529804
0.00533244686956915 0.0875707588914963 -0.139901744607715 -0.0226370817650696
-0.0409419874023722 0.0934842141428779 -0.122591177634763 -0.10661756045331
-0.115629500893212 0.0393254366878405 -0.0390581599230569 -0.156339906303321
-0.151267104523036 -0.0700430178016144 0.0428858450784241 -0.135332648595666
-0.126982173863795 -0.162159584827597 -0.00964130085331832 -0.094147332248558
-0.0879620387300536 -0.16359608112501 0.0305015948411639 -0.0640983682906836
-0.140545999633789 -0.095176969092258 -0.0529569839952659 0.105916419428384
-0.12911634270152 0.0186060116539075 0.109508609734217 0.158125462461891
-0.0625596262573602 0.101336298505638 0.206843424046083 0.0200019441911028
0.00384768225014419 0.101783458587328 0.12429993312027 -0.129365555607219
0.0580347963242527 0.0809827993220319 0.00905784898724563 -0.121686426047277
0.0847620111377429 0.0333412737149088 -0.0364317694594673 -0.056366881541786
0.0787314383692726 0.0171307437098222 -0.0495132898484321 -0.0139737526388937
0.0840785085860128 0.0190936256449792 -0.0586899047392267 0.0262180027345636
0.0807329858672338 0.0739298855144632 -0.0910258355801143 0.044662945046288
0.0225092769463713 0.111215917852146 -0.133249039102979 0.0233803623737766
-0.0392550377562957 0.12988465057333 -0.144662421659733 -0.0667839602191313
-0.140176745666517 0.0573171009635922 -0.0715300733716817 -0.132937741449215
-0.170934497464689 -0.0805847530625891 0.0349566137620733 -0.113540152574
-0.131898119885842 -0.1824513748996 0.0113748954051053 -0.0300684571358227
-0.0570227963034948 -0.180882899778589 0.0495174448522143 0.0127171584731291
-0.130360699845109 -0.145356279696473 -0.0532722908272903 0.137886381594101
-0.158475452335454 -0.0184889602007566 0.0772171076674418 0.19264213700023
-0.10090161390088 0.109142724598463 0.188138415186165 0.0720794129233958
-0.00698120249109201 0.128056812062708 0.138167838099237 -0.0758360577464218
0.0645757105443487 0.101483659808968 0.0446661778018333 -0.0863041508083127
0.100892448513701 0.0440856705743218 0.00369942704145386 -0.0384772374071982
0.0936220728465646 0.0178266588068464 -0.0128063190374354 -0.00580151177929293
0.0957438996641643 0.0161237514430597 -0.0215732777150027 0.0375393842172953
0.0911304201616012 0.0715209720950832 -0.0563866347381642 0.0681054760658747
0.0342066408708482 0.118208533966282 -0.113388847989124 0.0631088733727589
-0.035642906010791 0.144041313373876 -0.149173803313629 -0.0265364418746899
-0.145843114165503 0.0601655592999866 -0.0907318061378672 -0.103118169016615
-0.163488423792818 -0.0864781092252125 0.0317564903410847 -0.0911340848637597
-0.113161789736959 -0.179212968730908 0.0331799990528214 0.0309503297947035
-0.016329145850262 -0.16136273873952 0.0592639587884546 0.0921129871505437
-0.0888667105353304 -0.16439701132775 -0.0523696664701395 0.164047413921543
-0.147310781895659 -0.0573537580678673 0.0368727554102072 0.20758203553536
-0.118333290190828 0.0878455214701489 0.146671653489761 0.11370657798249
-0.0196373308736873 0.127040582159738 0.135289082198272 -0.014495486496376
0.0573920909866767 0.102760292870119 0.0762690667505402 -0.0415279238285504
0.0992099252600553 0.0463338349928346 0.0451736423951941 -0.0177641362648344
0.0941674689305854 0.0157903840475029 0.0252102922428738 0.00290293725732362
0.0941799270635186 0.0114759085815885 0.0157032494454699 0.0468144520653417
0.0886656808766264 0.0622304541295869 -0.0214443009758233 0.0854906968189258
0.0361780647413929 0.11069120039528 -0.0883480720583674 0.0926091279597016
-0.0375123539274973 0.137705876305016 -0.142802105835401 0.00590044045657752
-0.139417771228769 0.0435792077040343 -0.0966342065482397 -0.0754047975954493
-0.132904326898575 -0.0929859953721417 0.0306780197519096 -0.0683963096550447
-0.0727875009436814 -0.157964410499026 0.0464573109869447 0.0836055522072693
0.0233149500494758 -0.109449630469421 0.0594626436125509 0.157665308615115
-0.0333151167538512 -0.140764747028593 -0.049767548734829 0.179612899872356
-0.104729113784249 -0.0726895000009002 0.000412975089692934 0.203514521587471
-0.103317630398788 0.055163499190796 0.100463746588745 0.136006200310448
-0.0220568610135317 0.100226184951327 0.121070243021677 0.0386049473618968
0.0422621786935837 0.0821502806359433 0.0994640741112165 0.000435083089597931
0.0800657532635456 0.0375175812494446 0.0801030162311276 0.000511853155456955
0.0786854257373634 0.0106711308733132 0.058632751428325 0.0104299224569795
0.0795909589215351 0.00727244515298534 0.0486114474261497 0.0526717123094396
0.0742341017427227 0.0486432355609718 0.00964691789514056 0.0986134392681695
0.0317223978554473 0.0942712527778769 -0.0674796180243949 0.113950626570876
-0.0435975186808688 0.115529330862858 -0.134938151469906 0.0308720225102073
-0.122671675652925 0.0156706444627261 -0.0985929820315585 -0.0533638080410218
-0.0879609374959948 -0.0951087355872978 0.0268848496827051 -0.0484738533637654
-0.0183725194174849 -0.119631162533499 0.0477919057777082 0.123632626644209
0.0564995029883503 -0.0366899225739284 0.0569953881211343 0.194346954998977
0.0190335900555752 -0.0838165752151364 -0.0428134632520887 0.178434941369667
-0.0470947592183893 -0.0591955819659156 -0.021172834702586 0.191309943859828
-0.0607790192909645 0.0239583560330408 0.0685665866612673 0.144359319565129
-0.0118751096517534 0.0566186874283161 0.110993078628044 0.070178949260991
0.0239223335627232 0.0442740974917359 0.115068442224687 0.0262086625784685
0.048352315335201 0.020453707991491 0.103830421795885 0.00984256459213196
0.0510313452542341 0.0038631060422253 0.082525546924597 0.0144141048197484
0.0544466635747266 0.00295915463512869 0.0729119382557758 0.0563934268590847
0.0529258835534508 0.0313031208599126 0.0314810574694354 0.109558737132448
0.0244746973836603 0.0702844249795326 -0.0537096913269628 0.131553645273637
-0.04460739671025 0.0830203313666637 -0.133292254549634 0.0486898086261997
-0.0935614182429469 -0.0126107959793282 -0.102204877946571 -0.0393706115944202
-0.0344547567843049 -0.0844140759946482 0.0176529104100205 -0.0360489583535679
0.0372876037948587 -0.0663900347227845 0.0353530695720909 0.144974659949949
-0.0638473115328487 0.00865550652007291 -0.0554079486297378 -0.158242439616325
-0.00242522114748701 0.0585916096797193 -0.0485523988832439 0.0446860715474703
0.0482299729512173 0.0134468141908487 0.118376645962637 0.0545280260708414
0.0207047104403383 -0.0435950218409197 0.161977266402085 -0.0685637550840623
-0.021119240837837 -0.031046251214661 0.0541465594349659 -0.16902078418426
-0.0215575646117333 -0.00977916378693376 -0.0582404031468314 -0.142377760445399
-0.0228472372307663 -0.0034854255430372 -0.0972629025939853 -0.0683157180208005
-0.0184958209697717 0.00351723265961277 -0.104856317048363 -0.0191119257299053
-0.00793653464140862 -0.00427623096881583 -0.116617765236925 -0.00248694222101116
0.00241031954690633 -0.00549040518882865 -0.12919259361978 -0.0207061391720682
0.00108372274143233 -0.00624345036288204 -0.120075519801328 -0.0736633905785026
0.0188134438911746 0.00175201364597613 -0.0739888730347303 -0.136384318876607
-0.00408510396504687 0.0362690633655877 0.00898314204966991 -0.177113060636677
-0.0658324745765048 0.0260660202179083 0.0587713787159013 -0.186775400893807
-0.0805816358110775 -0.0357074224058716 -0.0408141026079431 -0.193715497476146
-0.0948535781413912 -0.0532739595979561 -0.0320015689688992 -0.153373769221789
-0.0632311254500015 0.0230091232333144 -0.047570096269088 0.0553718101753283
-0.00590393250551537 0.033187433458041 0.129965486335362 0.0729313534806625
0.00655095716146353 0.00925076571351838 0.182011291260857 -0.0642685269752835
-0.00607948652372218 0.010479592924315 0.0667931953714555 -0.176286073518883
0.0100621795288281 0.0167206612232585 -0.0519615764121373 -0.146389432815708
0.0166993420668218 0.00470578930449876 -0.0919395435134347 -0.0686577132789752
0.0182063783425783 0.00831051844999264 -0.100323173025085 -0.0182395328454061
0.030132815400413 0.00877585691534469 -0.110772869496377 0.0058335711376679
0.0316354109493326 0.0352928073885046 -0.130257058016482 -0.00411184210446271
-0.00251262723737586 0.0474785203436711 -0.135019899193202 -0.0548555762058813
-0.0215591268947122 0.0471651126194689 -0.0989758708858956 -0.127770752455352
-0.0677507912125286 0.0299495402713107 -0.0123342837335406 -0.170977996673126
-0.11474431647857 -0.0324001586013039 0.0474205587793681 -0.164276988108599
-0.112384359139909 -0.10790220203365 -0.0303895704642454 -0.153136262613573
-0.105970172815913 -0.113642008135626 -0.00212341496376321 -0.122619366277257
-0.115945156037899 -0.0286852302293577 -0.0489271547053193 0.0788246923042221
-0.0692316301327223 0.0394682121266382 0.133094102378614 0.109649606205314
-0.0198096167688204 0.063625954213492 0.20319187198374 -0.0382155401106112
0.00607740461688569 0.0576389599591097 0.0903378734394357 -0.168397767161398
0.0405561344555661 0.0475998236664351 -0.0312274067044664 -0.141238540916799
0.0556229202404188 0.0162943981569307 -0.0724833150378059 -0.0643458467002866
0.0525076834890653 0.01215378271355 -0.0812105996162569 -0.0154246354601648
0.0621344908651243 0.0154107442555814 -0.0898437777799894 0.0183636243415854
0.062121795931556 0.0613056337407467 -0.116591896585814 0.0234794227583231
0.00952633567475784 0.0891649528227633 -0.142939319555645 -0.0142918997605977
-0.037162569633699 0.0955892661925832 -0.13061706913522 -0.10040293190981
-0.114578424168213 0.0447517962813621 -0.046991678834729 -0.157054337020275
-0.156015588832269 -0.0628782884036843 0.0363831867770919 -0.140788518803012
-0.135656902952269 -0.155397762042528 -0.0134743479043529 -0.0957458688614008
-0.0956786838734 -0.160366219059367 0.0263963643956775 -0.0658159886407189
-0.145914147002773 -0.0880379084372538 -0.0492760703748163 0.110482705418474
-0.127866196464719 0.0242067603282434 0.120037285594013 0.153960195401575
-0.0572791644952393 0.104435158700954 0.210264392415623 0.00739391994351317
0.00899105966420711 0.102105480490651 0.116140803099704 -0.13757623291295
0.0626699374865378 0.0778338890887838 0.0014789973330528 -0.123413647278207
0.0870422086369984 0.0280941531719899 -0.0392114458842023 -0.0545245747405541
0.0796462146616259 0.0132996263514835 -0.0509321028913507 -0.0107151588530776
0.0853218861887513 0.0151897069730583 -0.0573804655819716 0.0305986333819312
0.0851985247280892 0.0699537390430844 -0.0895948830852566 0.0518025791854961
0.0284637188300369 0.111930708388578 -0.134308133910802 0.0320784937456859
-0.0331208823199144 0.132623366154079 -0.151627405824202 -0.0588016906733355
-0.138496782123945 0.0645558606736279 -0.0792972834725597 -0.131309455809003
-0.176305656219341 -0.0727355091971366 0.0292627365854526 -0.118711953715585
-0.14141582842896 -0.176161708661685 0.0107687965194124 -0.0332088110097559
-0.0648531789250086 -0.179378847691156 0.0491960659533378 0.00990117390626484
-0.139278998005297 -0.139650304321972 -0.048446573551693 0.142742235315066
-0.159487635623436 -0.0118357740385775 0.0881971479201894 0.191139628042963
-0.0955057015502316 0.114507452765448 0.19372160276157 0.0617805537984728
-0.00015677260156954 0.128977567901282 0.133495587664627 -0.0840585868848882
0.0705891103088964 0.0979428799695508 0.0392466599357403 -0.0896718662595869
0.10387410732436 0.0378747350521685 0.00200606451332547 -0.0394242881271278
0.0948379650704559 0.0127810270071696 -0.0134896184149139 -0.00403467972803097
0.0965547578524415 0.0109729057881006 -0.01980566500616 0.0400992090296553
0.0954176013808642 0.0670156297913569 -0.0537154819166929 0.0737049052732739
0.0411391167075539 0.117200465017327 -0.111761586507896 0.0719729309399605
-0.0271781939600539 0.146279095950003 -0.154518212061055 -0.0171442496324758
-0.144158288066043 0.0675955595328996 -0.0972515908477368 -0.0995539860848564
-0.169287125879431 -0.0788281297735807 0.0270694902596637 -0.095873667543391
-0.12216700027783 -0.174803824760707 0.0354669680003522 0.0272231394365717
-0.0229722323581502 -0.162485180143778 0.0627908621633313 0.0898624459947008
-0.0980783543156588 -0.161077378874936 -0.0463548365848316 0.168686474658441
-0.151313945222908 -0.0509513168276744 0.0475821179742965 0.208346909964413
-0.114846581632491 0.0943200732719694 0.154083058636026 0.106128797637458
-0.0126912928775643 0.128685489075399 0.133286217950431 -0.0219718352701401
0.0637476282856915 0.0995280069622612 0.0734424029432925 -0.0466002831065101
0.102460493506819 0.0398637860297848 0.0445928253532852 -0.0211647050448007
0.0945669026606829 0.0103280281210368 0.0248381827079083 0.00177515240656871
0.0945019897388187 0.00618068069070567 0.0183739802070113 0.0468248702822006
0.091875824672707 0.0572407848969832 -0.0169901606212732 0.0889724711685811
0.0428974689217957 0.109346643167998 -0.0845564861363684 0.100299581508038
-0.0298126390201285 0.140446270774671 -0.145987725429166 0.0156112978284638
-0.138200061848438 0.0511477670531273 -0.10240587465744 -0.0703778799411144
-0.139178349152764 -0.0864446999931731 0.026843163468736 -0.0725855254330794
-0.0799131342228002 -0.155111573536183 0.051854733734702 0.079418719958735
0.0192772844702902 -0.112155122457353 0.0662872635196608 0.155969142588802
-0.0410593951728461 -0.140852349875407 -0.0437062882458105 0.183665241011214
-0.109714118128017 -0.0686230860092189 0.0108694201491534 0.20653175067507
-0.101083697404617 0.0607609011593984 0.108176172626936 0.132254379916331
-0.0161977324865616 0.101983498611472 0.12197133192429 0.0319736480546294
0.0474381964004454 0.0792150211612219 0.0993631741629899 -0.00548085828559158
0.0825731576199805 0.0321635953667173 0.0809543402968819 -0.00517837572667283
0.0793578074089878 0.00630533426131128 0.0590699011286314 0.00696559422684074
0.0800072583347139 0.00254401143355029 0.0518057605271977 0.0509353894808438
0.0773586158872253 0.0437640857977892 0.0147360044688996 0.100335337278467
0.0373034069977586 0.0930466691189247 -0.0618958610229939 0.120883418455668
-0.0364076270690561 0.118747999578025 -0.137416255970346 0.0397251348113768
-0.122872467516967 0.0228519399632984 -0.102968189935095 -0.0480352293016935
-0.0938888728391456 -0.0912498090756531 0.0237031680279757 -0.0522478286824065
-0.0239503318420526 -0.120149736980279 0.0547501155349498 0.119031843495415
0.0556131067598046 -0.0409281167330555 0.0663547236974718 0.192645839259156
0.014417996805799 -0.0861842051393397 -0.0367180232616192 0.182927266097623
-0.0510955035281575 -0.0569377925043616 -0.0119459089146481 0.196064164560012
-0.0593713196994268 0.0276547984559975 0.0767706378431229 0.141570050904526
-0.00775796815201993 0.0571271931846683 0.114209690125558 0.0652213245564523
0.0265216308199597 0.0428559994055177 0.117436007678468 0.0192371850044935
0.0491156318579406 0.0172237359313448 0.104577163284979 0.00288781992722038
0.0509366396300985 0.000899270369801157 0.0822773271928645 0.0098133520720245
0.0545022752595169 -0.000591984192976899 0.0753595139639549 0.0531201221194005
0.0547327636604325 0.0280432527657501 0.0374245162406553 0.109621571579605
0.0290058846265995 0.0684514151787089 -0.0477499298977284 0.137766352894056
-0.0390641568849226 0.0865293210646477 -0.133775452986956 0.0581058509198948
-0.0953040160928171 -0.00720208306964278 -0.105978786598626 -0.0337550937905836
-0.0391713682982221 -0.0837006332562365 0.0153479249945268 -0.0387227582774035
0.0349415035454097 -0.0691461006193454 0.0436176241424965 0.141888425680069
-0.0638944853514007 0.0101335445251995 -0.0604271791570952 -0.155367265970273
0.000454310337373827 0.0586477804376762 -0.0475386575849579 0.0471294756774228
0.0483323978335144 0.0107083709732658 0.120716025304993 0.0500490504938661
0.0184638600533649 -0.0447043581589046 0.159846899320725 -0.0762818606736479
-0.0229072772487774 -0.0295373907031298 0.0476411899342262 -0.171606590103103
-0.022457601652478 -0.00771087318744108 -0.0643840658408806 -0.139872783768611
-0.0229721615740736 -0.00135357263771453 -0.0989866775378187 -0.0651500645655723
-0.0178768667818567 0.00531428854654936 -0.105163084093978 -0.0147740806028847
-0.00824482584571194 -0.00353157603276046 -0.116867929808132 0.00235411375308306
0.00182629770917772 -0.00515928550645147 -0.130296727272593 -0.0155448829105181
5.90867396416117E-05 -0.00539478011186177 -0.123421666305 -0.0691979589673432
0.0181635217311047 0.000581944257658205 -0.0787421308241804 -0.13345520892913
-0.0025879768832583 0.0355808320114601 0.00367075343760778 -0.179382743723583
-0.0638748641991552 0.0291236696869652 0.053534825201587 -0.190935947988869
-0.0814366694352901 -0.0321278557207941 -0.0459249535106391 -0.191379180017201
-0.0959381652705383 -0.0505416508608314 -0.0374996408203269 -0.151631592940136
-0.0614033615654204 0.0256727151172054 -0.0457072696742688 0.0582150357484103
-0.00428774939835961 0.0322367213695652 0.133485949323043 0.0677742246477086
0.0065193814701592 0.00835107703970593 0.179966324962735 -0.0720915318814157
-0.00674618658540038 0.0108674476854494 0.0597590974629681 -0.178622955112871
0.00968805987026402 0.0166352462629406 -0.0583849768902554 -0.143928498927432
0.0163639423334782 0.00502239732668527 -0.0941281058801746 -0.065072158190928
0.0183942656799687 0.00893783131589906 -0.100094615993312 -0.0141741396433738
0.0298609970373031 0.00879938209898392 -0.110127571875034 0.0109327044651286
0.0326989637339417 0.0341470488159231 -0.130464436411563 0.00186428923656533
-0.00166176529592196 0.0487227095370956 -0.137916401118667 -0.0490436839873729
-0.0214016415448098 0.0470998597747221 -0.103845317426771 -0.124601201505175
-0.0668248192932618 0.0312061707526702 -0.0176704488538665 -0.172099770721698
-0.114412127392458 -0.0279339875261157 0.0423126975161367 -0.167978437830566
-0.115138130525016 -0.1035015723495 -0.0350074524375944 -0.152452530408517
-0.10893662359988 -0.109787462460163 -0.00687632601668811 -0.121913682869742
-0.116036367480124 -0.0238679303464542 -0.0468250581958175 0.0814526203948116
-0.0666568746662668 0.0401778111037575 0.137308834200305 0.104975441974231
-0.0174286351190731 0.0632632401509161 0.202269719571298 -0.0468232503101883
0.00702920252177859 0.0575436254635508 0.0825834419723242 -0.172179889262721
0.0418222461325164 0.0462027689667505 -0.0373220634644333 -0.140126675692478
0.0556622981383574 0.0143393386595313 -0.0740735502010425 -0.0618140996163444
0.0523050589899906 0.0111448890694939 -0.0812407662488153 -0.0113847211640479
0.0623635814606206 0.0137469860646393 -0.0882015980099305 0.0223437664331922
0.0639557191641759 0.0592437537211371 -0.116317608515527 0.0296568469803456
0.0124275783929166 0.0899017107433984 -0.143951821452358 -0.00833294345241602
-0.0341519039073906 0.096034346045632 -0.135916801540153 -0.095229021794092
-0.113652662304549 0.0476810507663493 -0.0520146554680568 -0.156791312142567
-0.156932773998303 -0.0574336705900428 0.031805129157835 -0.144410673779917
-0.13921148725197 -0.150445403975116 -0.01535207820961 -0.0962116365735417
-0.0989368189193626 -0.157316745057916 0.0227429640479521 -0.0658462250813658
-0.148223607774475 -0.0827913627158385 -0.0469377415526716 0.113096876533129
-0.125538780369903 0.0272307251464466 0.125324145393391 0.149889706012696
-0.0532836802410074 0.105142267060669 0.211587911531567 -0.000853819241950431
0.0119294230324675 0.101510447414972 0.10939685439411 -0.142096437981095
0.0653714346334052 0.074663750329331 -0.00450101229644605 -0.122844404077559
0.0871853761375543 0.0245357191610904 -0.040896662284685 -0.0533843665384756
0.0791883359556329 0.0110459110812373 -0.051086103358335 -0.00758297120387407
0.0853720350044987 0.0122939206416824 -0.056089142719283 0.033448025869421
0.087701346781175 0.0668901472418304 -0.0877269917706469 0.0567682329356664
0.0322288507293184 0.11176175506572 -0.133428045367216 0.038963133143875
-0.0285143986091674 0.13224909708077 -0.155768160479574 -0.0518984885112987
-0.136484137208776 0.0681633126716846 -0.0835000404215633 -0.128953804187389
-0.178409675407004 -0.0664992253262507 0.025004093858205 -0.121535732596512
-0.146182307024242 -0.170304997898852 0.0104281512982718 -0.0354732019487264
-0.0685623350593164 -0.177183073917659 0.0478175773542213 0.00858833523390517
-0.143825467206795 -0.13452635229427 -0.0458496761805553 0.144891479109257
-0.158987038327719 -0.00789785323155675 0.0949960999096198 0.188079922729187
-0.0906159773625847 0.11670060040779 0.196741370769209 0.0542556292727542
0.00466191440434146 0.12808646971297 0.127638543921822 -0.0889348701878287
0.0739313828503918 0.0942312389025641 0.0346905115098986 -0.0907030627272922
0.104733723903391 0.032946819784177 0.00107603553987904 -0.039593492254708
0.094049052273109 0.0094875448413389 -0.0143135481232929 -0.00305586974725533
0.0963387506375996 0.0076497084377491 -0.0179591031527344 0.0417608929393552
0.0976617728681476 0.0634413878498332 -0.0511185819093123 0.077510943036727
0.045143048957057 0.116151320128849 -0.109340969688544 0.0782201254518057
-0.0221152489034657 0.146564269114237 -0.157333333410491 -0.00990323391272757
-0.141730805379681 0.0722630586209099 -0.100755631648202 -0.0961971527787417
-0.171751933887314 -0.0733857587355128 0.0233966474214085 -0.0984678851874743
-0.126565305105988 -0.169655872258199 0.0365999617153788 0.0235308670527724
-0.0267445913219502 -0.162184326001283 0.0638178672180245 0.0868925934905745
-0.103642906261568 -0.158000165443894 -0.0435655826131507 0.17060131235474
-0.152412328498551 -0.0469280353425801 0.0543483614031484 0.207512344271974
-0.110745715672661 0.0974013808756291 0.15746135593882 0.100306931545375
-0.00797572737570262 0.128567446135108 0.129812651000614 -0.0261434962137938
0.0668852641103174 0.0959842949591087 0.0707099842467861 -0.0487546873808701
0.10261062871328 0.0347612244817053 0.0438939404146955 -0.0230863962317522
0.0939298090892655 0.00672560499212654 0.0242119904534214 0.00197612604990315
0.0937438939971896 0.00248274520761134 0.020028104985085 0.0468782041036566
0.0939972482315801 0.0533057576374384 -0.013895342017368 0.091067133715325
0.0469793013594302 0.107971032611636 -0.0813015841824546 0.105133634159108
-0.0237989858938275 0.140448978323563 -0.147831318794159 0.0226631138885124
-0.135894694292313 0.0559401703679965 -0.10559209892375 -0.0663967862462559
-0.141928579846377 -0.0815540393875597 0.0233921193595415 -0.0757042490297344
-0.0841573852338377 -0.151800787456723 0.054459965012922 0.0749100363521673
0.0162045189577502 -0.113733109041064 0.069725190519065 0.152950673682707
-0.0462075674269759 -0.139458388619409 -0.0403998529772097 0.185957584280507
-0.112061851637447 -0.0653310154266635 0.0171975596623735 0.207496754406339
-0.0987636994194896 0.0642431339717333 0.112304340605936 0.127792666132756
-0.0117860135367068 0.101922695883518 0.121168038579862 0.0285458420327301
0.050300959572904 0.0767463237607259 0.0986459474401321 -0.00894703427523172
0.0827603190539266 0.0283455990992042 0.0806727462280303 -0.00879299834083572
0.0782314101171347 0.00259850733329158 0.0579907661173624 0.00530570038549606
0.0787135466605193 -0.00134488912002496 0.0530826657477219 0.0495793040201808
0.0783657031853865 0.0406723679094667 0.0184319389125079 0.100859838552305
0.0411807040147517 0.0912892020632863 -0.0580370747150655 0.125124576040712
-0.0305145522342329 0.119243580828843 -0.137423326544359 0.0471845792964149
-0.122189427749029 0.0277524822290761 -0.105239356220161 -0.0439899725242923
-0.096893708016399 -0.0878328389765681 0.021308395441088 -0.0545934740520979
-0.0271599557287342 -0.119213267791135 0.0591019018724168 0.114724718192681
0.0544698857632628 -0.043424854431912 0.0704332385859939 0.189621716974037
0.0110708747752458 -0.0866265134048592 -0.0334040589418848 0.184238803847441
-0.0533947712576172 -0.055231575036793 -0.00569048614250219 0.198265077874141
-0.0584382430063531 0.0300132168836396 0.0813916770127 0.139514426809476
-0.00509480253222102 0.0569102919595132 0.115218495733345 0.0612353337234409
0.0283637224879854 0.0407843875203427 0.117749531797821 0.014855077179489
0.0493561515461002 0.014008581558448 0.10416182318058 -0.00205203197539421
0.0502826903335864 -0.00134418923836412 0.0812324582408787 0.00676605584615781
0.0536242006202796 -0.00343091562968725 0.0763071190504003 0.0508411029437388
0.0549628828350667 0.0252633323922659 0.0411014745569131 0.109109658772939
0.0317722522465774 0.0666421632127792 -0.0425974903759441 0.141018938410674
-0.0342589720039955 0.0869652626565062 -0.132997781711792 0.0648112413913321
-0.0954362101884515 -0.00296514087288113 -0.108106035990454 -0.0295765273258632
-0.041654736617114 -0.0823943275476822 0.013511259558797 -0.0409709761511139
0.0327233259746708 -0.0706344971850456 0.0480681174820612 0.138300024461471
-0.0649358286474277 0.0109989891905942 -0.0637525843570868 -0.154321204301288
0.00248325981959049 0.0592457234431207 -0.0471253140859537 0.0493222475513543
0.0484121550841864 0.00927749368433345 0.122985638327354 0.0472623786055612
0.0167344795871453 -0.0452179580633741 0.159723854110064 -0.0821377177312635
-0.0247496809135566 -0.028345665763887 0.0443026982979684 -0.174654712665411
-0.0235161490450635 -0.00639124109913549 -0.0690001413538043 -0.139059773655805
-0.0230573969992437 0.000468112810525183 -0.101380084134572 -0.0632280876442968
-0.0174484664917856 0.00684957974517244 -0.105177459754024 -0.0125632893291187
-0.00884278984396415 -0.0024376584191428 -0.117081803548824 0.00607907695096533
0.00135621363777455 -0.00480303057031554 -0.131447421448674 -0.0116255664368031
-0.000801193854013413 -0.00479565393001046 -0.126584365726492 -0.0667126686731768
0.0171379787638712 -0.000298905970629851 -0.0815614348328259 -0.132836932118574
-0.00207746403377986 0.0353893782849563 0.00113038323979053 -0.182513835450071
-0.0619167799286206 0.0310164094909982 0.0506955684487039 -0.194606057304257
-0.0814575888802445 -0.030023494462407 -0.04856907274597 -0.190747469370163
-0.0969736626139431 -0.0490688629614871 -0.0409367687553276 -0.15100555886544
-0.060868749962478 0.0273363399936999 -0.0459418660525862 0.0603024130173836
-0.00391031812818769 0.0313421997844813 0.135743125192646 0.0645288658820124
0.00639752381002878 0.00751470897821022 0.179995645665015 -0.0781993104668644
-0.00725148842469753 0.0118312908081858 0.0554244309995353 -0.181735216108466
0.00964106965972447 0.0173931047883827 -0.0625320496559115 -0.142806453016656
0.0161643359510595 0.00555149087653497 -0.0958305496918412 -0.0637535820242112
0.0189686751808371 0.0101729979499031 -0.100359810024247 -0.0117037198970534
0.0299421412386386 0.00861985741243347 -0.110268885791657 0.0143912261886146
0.0336526102602347 0.0342812060678859 -0.131555203677002 0.00635945446686845
-0.00100849238336717 0.0500834307015987 -0.140317866241726 -0.0459755491813777
-0.021443727940611 0.0470052277477009 -0.107561990641993 -0.122614439633902
-0.0667894184920764 0.0318218828028832 -0.020477331183079 -0.174391615985485
-0.11488044291966 -0.0256458366935834 0.0396993741313368 -0.171959821087769
-0.116332228210052 -0.100490056323314 -0.0366639085132589 -0.153126902836077
-0.110185825952502 -0.108726022817687 -0.00999940711795582 -0.121194731173937
-0.116231763680287 -0.0214356727025591 -0.0466323601951407 0.0842182108394953
-0.065903052321951 0.0405173359569074 0.140429973947351 0.10205234801091
-0.0158849395093374 0.0627674793359161 0.203011867884926 -0.0525588533201684
0.00745863020214475 0.0580155980740597 0.077629880849304 -0.174844236629371
0.0423301257267686 0.0456283796522693 -0.0419449193847795 -0.139411100901575
0.055652968243817 0.0137556013447224 -0.0753395950001236 -0.0605302420675752
0.0527226655614553 0.011256733270094 -0.0815253854208082 -0.00924867091871842
0.0627544270875912 0.0130878111105444 -0.0879104031166111 0.0252426360159529
0.0655467552031484 0.0581420391045836 -0.116495798488297 0.0342985878622141
0.0138601865697618 0.0912564128342075 -0.146251897836195 -0.00353755828784018
-0.033605033097869 0.0968772423161047 -0.139861187804121 -0.0922859179783765
-0.113199738559455 0.0493938739747111 -0.0552718016202284 -0.157981412717011
-0.158204769922168 -0.0546373408167693 0.0287462349418062 -0.147614451788068
-0.141642514514085 -0.147562222141609 -0.0168542531502529 -0.0978377560989765
-0.100724049308142 -0.156545647810526 0.02054971534743 -0.0662014635923759
-0.149697977786179 -0.0797334164325896 -0.0466624731167754 0.116095855051443
-0.125134784196852 0.0281948277905196 0.12921436526707 0.147840766963263
-0.0505138127682361 0.105175289677315 0.213113737676654 -0.00636779863054259
0.0138163651656173 0.101205080537657 0.104633028009124 -0.144602580423782
0.0664939374316584 0.0734512841466624 -0.00806473455214648 -0.122994640539998
0.0876920268108038 0.0224149668613911 -0.041908599519164 -0.053105127790431
0.0792569597890853 0.0101861454140438 -0.0515398857694493 -0.00588612483695818
0.084890311929442 0.0105871057330168 -0.0552625537354498 0.0359791949669482
0.0896547553135186 0.0652882019989033 -0.0872997694261876 0.0612994821616436
0.034913046759023 0.112449532168304 -0.133849287413471 0.0436089548024883
-0.0262934577437469 0.132769514540784 -0.159220405475599 -0.0474030927286869
-0.135922889535771 0.0708313771183921 -0.0868570968165308 -0.129132620861962
-0.180165911187762 -0.0644513608788411 0.02186664065337 -0.124429439045646
-0.148250968940506 -0.168172924920522 0.00988760899704139 -0.0375885196442838
-0.071276116499742 -0.177521432047085 0.0465592243871689 0.00797976775607159
-0.146952160359806 -0.131652398711454 -0.0455824020867645 0.148079423076165
-0.159524275873919 -0.00598846795866023 0.0992240856664046 0.18779159235494
-0.0884201318783197 0.11760838351262 0.198943164128307 0.0499368627006169
0.0073521212731038 0.128570381979156 0.124456908811151 -0.0914621737283967
0.0759828755870823 0.0924310978753883 0.0321708557671819 -0.0910500531116528
0.104568762585843 0.0298773757621583 0.000436985221952422 -0.0405367917024252
0.0938523064982826 0.00774033647181127 -0.014505415349658 -0.0012792209567959
0.095735912460659 0.00583639633965261 -0.0168041326792103 0.043279952420234
0.0996115153266083 0.0611711768113904 -0.049795193198406 0.0811166014722839
0.0481514910777391 0.116272773220827 -0.108541802433936 0.0826274666552492
-0.0184545219051487 0.146399303440942 -0.160111025909586 -0.00457692857941248
-0.141464965550888 0.0752449273571686 -0.103290792048932 -0.0953133407118761
-0.174146879492003 -0.0704315079737407 0.0205454755312604 -0.10091146336596
-0.129284532099517 -0.167509753044364 0.0376118898675809 0.0206295927482383
-0.0287413237245796 -0.163246208715917 0.0643395190384988 0.0862103039195686
-0.106912787706608 -0.156706249429214 -0.0430639335087482 0.173749865384796
-0.153981284793747 -0.0453696293167316 0.058976722428977 0.208372732322484
-0.108816191078584 0.0991565336903632 0.160963894421807 0.0976760473996932
-0.00461122990840083 0.128642586498515 0.127736167227571 -0.0283219157997191
0.0695258808811999 0.0941750486437478 0.0693088802395276 -0.0496055398543397
0.103276560493311 0.0317012736168432 0.0436005870931525 -0.024919636466066
0.0936272264617119 0.00468621219608594 0.0237294844378764 0.00225177309157983
0.0929895060338048 1.01670974136744E-05 0.0214419040448106 0.0477828888840395
0.0950756802164866 0.0510416749879283 -0.0119928444931648 0.0935310830367092
0.0498489498756141 0.107246248983696 -0.0794002421953112 0.11042878207784
-0.0201609111906183 0.140452736578387 -0.150198233043138 0.0287268599977671
-0.135868221416912 0.0589725859882995 -0.107691646763664 -0.0644887392200293
-0.144578064834093 -0.0793923705111328 0.0212448150066768 -0.077622749950882
-0.0864424200939743 -0.150796432915832 0.0563081002224188 0.0715695760905374
0.0149200374472274 -0.115203412547681 0.0712416307383713 0.151392589139108
-0.0497403691071623 -0.139799757666326 -0.0404192833105815 0.188456847327314
-0.113863425034057 -0.0640619992883551 0.0211951564056975 0.209377695090233
-0.0975324766143714 0.0662326914689105 0.115496799354796 0.125631719357605
-0.00905151994981901 0.101968058396978 0.120582856646587 0.0270733784586159
0.0520477783742557 0.0751458790099693 0.0988649706198114 -0.0105950537311886
0.0829165963406845 0.0253888386087856 0.0799087729012691 -0.0116029413628259
0.0778679015769821 0.00102180164966371 0.0570684227352343 0.00449596842454313
0.078186821020042 -0.00335932553242225 0.0539694534248277 0.0496479771709219
0.078947799757947 0.0386500623578725 0.0203484629837348 0.102262588134725
0.0437408254454164 0.0903592710840155 -0.0551913556167546 0.129402284601442
-0.0268119898238083 0.120085723166163 -0.138997217499789 0.0523954032683924
-0.1218414040872 0.0308661080632497 -0.107235562951787 -0.0411292269470063
-0.0990642134692624 -0.0863813986347786 0.0192028374166057 -0.057055249466293
-0.0288647944610124 -0.119325376201258 0.0615535805731509 0.111444647454209
0.0540471232416838 -0.045618767430373 0.0722412948472897 0.18841331287959
0.00892028543286329 -0.0877141708721578 -0.0333398495704872 0.186836642410169
-0.0549261016625801 -0.0546369535808523 -0.00172102815635055 0.201238752476923
-0.0573139545336349 0.0315743112780879 0.0845886063969099 0.138251447394057
-0.00303161324531421 0.0562444783726347 0.116333882802417 0.0596389569219112
0.0294262236336274 0.0398761910381297 0.118634967254049 0.0121576687208442
0.049037864192552 0.0125638194260612 0.104198835201511 -0.00488872468004172
0.0495657619791081 -0.00300217383828891 0.0803581202350791 0.00498189044792041
0.0528305391199747 -0.00521878483029487 0.0772785118387202 0.0501316393884135
0.0552991130976936 0.0236386924462895 0.0438016877035019 0.109355663968287
0.0336871046542321 0.0656582622338033 -0.0397327351710019 0.144071840420572
-0.0312448282065551 0.0884599743009409 -0.133888658335224 0.0703396683630576
-0.0960523337326046 -0.000342726554491619 -0.109778555367981 -0.0269860159876773
-0.0435466343213227 -0.0815057651640051 0.0119076535581447 -0.043140698744844
0.0323200423681419 -0.0722941301097954 0.0505810211306947 0.135233033189251
-0.0664179805773894 0.012382573359379 -0.067168329340024 -0.155079627905703
0.00431404175053963 0.0602123343983717 -0.0473634931683249 0.0516856933108608
0.0489080360201498 0.0081131030538524 0.125848615845846 0.0453745037508517
0.0148195123531368 -0.0463077121258035 0.16088716858357 -0.0873988256878439
-0.026584987167047 -0.0271468735983988 0.041672388989918 -0.178524129259873
-0.024309386222195 -0.00458898013942365 -0.07294995038345 -0.139685102659187
-0.023386094496877 0.00217382949599194 -0.104195690882312 -0.0626436696202703
-0.016886720815631 0.00882782388152048 -0.1057902071965 -0.0111299294340299
-0.00907850432269606 -0.00161479607093712 -0.118590265471544 0.00907394872600295
0.000522940501442761 -0.00432303039920714 -0.133561050870686 -0.00842647997757312
-0.0015513395611616 -0.00403616184737264 -0.129629235012211 -0.0650508091099707
0.0166629919387051 -0.00116478303988558 -0.0849623963639847 -0.133227631496465
-0.00167100063066637 0.0353948440772388 -0.00111933372858389 -0.186951726010315
-0.0605763910170227 0.0331762425323607 0.049169007968062 -0.199193959147534
-0.0823451585274173 -0.0283073188875165 -0.0509503747803347 -0.19224470025071
-0.0991287275725267 -0.0482258481347632 -0.043932567019492 -0.15185358942887
-0.0597588616862041 0.0288329952495192 -0.0458901728327054 0.0641401272346493
-0.00314751738501338 0.030883120344698 0.138706534268026 0.0637405586313359
0.00620877029844899 0.00675931463493195 0.181811339752121 -0.0839424244418205
-0.00825481603389246 0.0129863945325926 0.0518822969317627 -0.185863312835303
0.00961831394944355 0.018243498666351 -0.0669811316685637 -0.143309989872553
0.0164095304760814 0.00613378214020332 -0.0985416768458976 -0.063043413357071
0.0196001458805894 0.011163538264036 -0.101381601561557 -0.0095267210073223
0.0299042545214226 0.00889613766261416 -0.111241288826691 0.0179045112944388
0.0348444921860448 0.0342058761519565 -0.134062790031745 0.0100133697794053
-0.000723511514702254 0.0517469328481462 -0.144411893296569 -0.0427851755068855
-0.0221597125977751 0.047942720187253 -0.11136624165611 -0.122012487382483
-0.0674751656698714 0.0322299625048226 -0.023541067738913 -0.178382082502385
-0.115712044444674 -0.0241196654301578 0.03771660698904 -0.176568918597252
-0.118070160816009 -0.0999021876285502 -0.0390154726464307 -0.154960222304885
-0.112412400831525 -0.108767883929578 -0.0126260901636559 -0.122379652081723
-0.116993814696505 -0.019086366489763 -0.0466758128866833 0.0876097152041746
-0.0659709801587556 0.0409645261902502 0.144373356853149 0.101016283226716
-0.0157098867012147 0.0626060716182524 0.204747198995302 -0.0582053947780617
0.00804861476575716 0.0588659370578305 0.0750379812236352 -0.178457577963022
0.0432708710332027 0.0460231525787641 -0.0455896863538041 -0.139983100021284
0.0562249033180782 0.013123299894099 -0.0774914234500402 -0.0603524302041717
0.0533132675100187 0.0115765381847803 -0.082214084313386 -0.0074133751128727
0.0630406053122737 0.0126919466021164 -0.0886449381884152 0.0281995645968977
0.0674997405221979 0.0576800310550419 -0.117410897652044 0.0385109575006032
0.0156592131367805 0.0932637615446113 -0.14935067644303 0.000284498526571094
-0.0333392432517088 0.0982836136568821 -0.14442424314251 -0.0897897877890576
-0.114604636426337 0.0512388010197481 -0.0582602651556617 -0.16130247978769
-0.161041159540102 -0.0531237982021723 0.0264934208368572 -0.152128196323781
-0.144298763124303 -0.146543716013738 -0.0181071646270725 -0.100229576708071
-0.103246916343274 -0.157145393018331 0.0186568889524791 -0.0671399884315223
-0.152481034167236 -0.0783445589343963 -0.0476976956011934 0.120318346372213
-0.125698567980023 0.0290296708685308 0.133516564812217 0.14807561719585
-0.0495495863348219 0.105730122489178 0.216573691175471 -0.0111209433035973
0.0151899699791382 0.102030880175307 0.102660145844647 -0.14802548293645
0.0684126912817414 0.07289965823764 -0.0112352113346291 -0.123357684926461
0.0881537784114629 0.0211784952056665 -0.043526938347202 -0.0532805010492126
0.0803354022444821 0.0101256317281148 -0.0515969174662106 -0.0042125301378263
0.0857837919977868 0.0100500301050727 -0.0546331795936016 0.0382867711019775
0.0921075104838432 0.0646673376211001 -0.0872752652364868 0.0656957537022507
0.0373069358918758 0.114370503720218 -0.135767170492553 0.0486898297069781
-0.0247284101710768 0.134980603557242 -0.164055871457407 -0.0437400440310999
-0.137027494247825 0.0729919788667569 -0.0906505392631332 -0.130396943592228
-0.183835220928038 -0.0619588517166145 0.0199923942114507 -0.128121019185249
-0.151142500525939 -0.167024952206126 0.00963654554007777 -0.0405371266365992
-0.0736128228994326 -0.179734430063494 0.0456579579792048 0.00757583451646345
-0.150564543403318 -0.130974287230335 -0.0460734185351241 0.152713233974008
-0.160924381013978 -0.00552676972346181 0.103377181717338 0.189484997156784
-0.0879369172756621 0.119222747638393 0.203097086715771 0.0464862607283827
0.00889619857683633 0.12940636681001 0.123498064924167 -0.093753806793357
0.0781891488882702 0.0917946336760685 0.0299454457324743 -0.0918162351428804
0.105902681078525 0.0280536675564125 -0.000481346265161661 -0.0412337189526578
0.0945418129072192 0.0067764260438626 -0.0149683255738795 -0.000178016579870546
0.0961337058732779 0.00405780361149024 -0.015459767646584 0.0450365322253459
0.10164617799331 0.0591604121417324 -0.0491012043860542 0.0854138354336726
0.0515782179125147 0.117629658110212 -0.108893085836409 0.0881449437616569
-0.0157056623454023 0.148488382819781 -0.164309950979018 0.000517663994933823
-0.141708592415703 0.0783407858958928 -0.107074574211891 -0.0950394202104614
-0.177618705989797 -0.0680136500987635 0.018172128216978 -0.10408847742151
-0.132119503258527 -0.167470991721964 0.0381649464629348 0.0180465765885795
-0.0305994067225251 -0.166189357892545 0.0641710540963129 0.0860834163101422
-0.111112125287047 -0.157152564045217 -0.0438396520969277 0.17874635106692
-0.156752881603417 -0.0445580647517992 0.0629746553953893 0.211471570195054
-0.108457413817283 0.101604829110279 0.16492474234892 0.0950810247919692
-0.0029576938266019 0.129938244783214 0.127489597240827 -0.0299791201645885
0.0716826571667033 0.0935728581496396 0.06960265766954 -0.0508138818858273
0.104205607128356 0.0292361517883678 0.0434376063543323 -0.0264946904426716
0.0938300029009008 0.00337847815514212 0.0232379925015868 0.00267784912257941
0.0931001011919674 -0.00198649807183911 0.0227101674052969 0.0490070504706024
0.0965262513533166 0.0496488541928702 -0.0103010866124838 0.0972251816456466
0.0531703070786377 0.107979977125529 -0.0787091964103038 0.115845165278862
-0.017155544689633 0.142251777353006 -0.152887150504917 0.0347589547692488
-0.136158788240479 0.0619326294459156 -0.111229196393455 -0.0634586728665361
-0.147518154876619 -0.0779613249669083 0.0190973261150843 -0.0804832127522044
-0.0884855954011626 -0.150928337204439 0.0582273890652011 0.0687645777072641
0.0137052286596074 -0.117943856483752 0.0719311941214234 0.151889685569432
-0.0527478192496121 -0.140881549931285 -0.040458573338429 0.192612758239776
-0.117170638114809 -0.0637868170199726 0.0249235481664963 0.214274652833482
-0.0973304664506536 0.0683176588013106 0.119451437165242 0.125308316001958
-0.00700399663077523 0.103248000987035 0.120921093918317 0.0259037824698309
0.0544851542299494 0.0747677225519311 0.100212565474429 -0.0121453015803655
0.0836727352672693 0.0235011755049013 0.0812969591721801 -0.0139438699518805
0.077945304204146 -0.000955540198337826 0.0573332281982497 0.00418618732218099
0.0779354370221585 -0.00533565797266663 0.0557048233959904 0.0506896925845047
0.0801388262917463 0.0370806001942524 0.0228115047428807 0.105180653660442
0.0462580604985916 0.0900072869811526 -0.0535284368760807 0.134789541680208
-0.0234737236595196 0.121104564083956 -0.141288729612088 0.0585248322697215
-0.12261461953305 0.0334861025027786 -0.110034635590076 -0.0390847299109593
-0.102130379467936 -0.0859837304496095 0.0171084036383355 -0.0592644811072602
-0.0294941220910863 -0.120425125549311 0.0636488995590583 0.108857310327633
0.0536304362868575 -0.0479214673334141 0.0742111431770021 0.189450018128682
0.00800080662128526 -0.0894654268264544 -0.0333350181712384 0.191662000973883
-0.0569280476732402 -0.054606780267743 0.00150540513771941 0.206179096148982
-0.057083374350425 0.0329055477887507 0.0879145779586038 0.13842595999365
-0.00152951960916859 0.056372691920324 0.117411784783553 0.0588306878202626
0.030560240780106 0.0393140314970194 0.120944372068821 0.00996128573342199
0.0492529027264332 0.0113244080413496 0.105051761358786 -0.00753262902809188
0.049666301691836 -0.00381559490915635 0.0804203016310767 0.00460456152479113
0.0523138738623497 -0.00690317950646061 0.0786474560581846 0.0505630915174271
0.0563171997399986 0.0227476796225985 0.0463637217038992 0.111266166949846
0.0362049641412998 0.0645591899606353 -0.0372572046217567 0.149444720732582
-0.0286305575186938 0.0897533831654099 -0.135554679443156 0.0763343116551376
-0.0973401053856496 0.00256879229517496 -0.111733678498802 -0.0252861814464601
-0.0458861740461338 -0.082384540804525 0.0100752587539497 -0.0457625722363248
0.0321817698948615 -0.0743368332174847 0.0537144491550333 0.134480974443146
-0.0656671339434721 -7.27659234018808E-05 -0.0386106461338303 -0.168754795351885
-0.00605061465639548 0.0588269268843768 -0.0605139895210064 0.0443116674173662
0.0449441842466706 0.0178298023812093 0.115520211019053 0.0717836983482954
0.0211530780940455 -0.0397081013752295 0.179412701447789 -0.0570538532234729
-0.0209107817580726 -0.027963509787838 0.0769166265521481 -0.170283467981181
-0.0231210298935581 -0.00708987806957243 -0.0457201258507828 -0.154672758906322
-0.0235104777138622 -3.39153122337794E-06 -0.0928107958400661 -0.0845676383443102
-0.0179906110851444 0.00716207178694311 -0.102239696219943 -0.0321908816913662
-0.00884034691944795 -0.00233606552480454 -0.12012373368517 -0.0142047480966964
0.00125558955079566 -0.00339285278642999 -0.13059880998386 -0.0352277124969525
-0.00109892596808078 -0.00362492181866258 -0.115676122136245 -0.090250478261252
0.0139014562866084 0.00249054619589189 -0.055672993972427 -0.151077883561861
-0.0106513072699789 0.0334174466027357 0.0382570178308795 -0.189062601345357
-0.0674518454840118 0.019378122716266 0.0911028146131501 -0.195506871662723
-0.0748562033135964 -0.0458372774350588 -0.00824066412069351 -0.207935567704947
-0.0847150931110038 -0.0659906402432571 -0.0158112537268265 -0.161447246741995
-0.0627810016453354 0.0166933020634118 -0.0599806666306475 0.0539333760575672
-0.0107085770712342 0.0301166554921033 0.124386446880987 0.0899395615846354
0.00247157356382344 0.0092531260233702 0.197168202735638 -0.0494461580698453
-0.0109081582862198 0.0148074452639558 0.0877911542277595 -0.17604234288269
0.00538730218626335 0.0222702891729775 -0.0395173431846257 -0.156636096676953
0.0149494449720721 0.0110623598346749 -0.0865013686699407 -0.0836904213464689
0.0182068539586662 0.0169906366595469 -0.0979063528987048 -0.0301058458805788
0.0277779454227579 0.0160145710442106 -0.11442776794902 -0.00419016501041946
0.0273720095473352 0.0417458494038757 -0.134121218780343 -0.0161366020380768
-0.012125386725791 0.0523235879617508 -0.135421762921802 -0.0695212158770355
-0.0344599422743162 0.0425556356135778 -0.0862289763819546 -0.143680964321292
-0.07622807310659 0.0153235405773432 0.0116007791006224 -0.185486281694165
-0.109945009963036 -0.0496949069084421 0.0750320652343949 -0.176118759870679
-0.0942809836968063 -0.123607169300221 -0.00433117890819151 -0.167761813091142
-0.0857550633554099 -0.127708336400787 0.00972445356718502 -0.126880277800258
-0.110481772423906 -0.0410859368117672 -0.0636855543187508 0.0766499816436397
-0.0740377812704897 0.0270020136570389 0.122153490812104 0.126705609313319
-0.0285852075477956 0.0589130315985153 0.214949301214405 -0.0201349736315408
-0.00450779416008703 0.0624567541558595 0.107582590309815 -0.164704735736257
0.0329803682116828 0.0554982438954497 -0.0198983206697648 -0.148507989994038
0.0522433420643035 0.0245827740465614 -0.065609072216572 -0.0764044751071585
0.0516150056496591 0.0242419444311607 -0.0798420250046885 -0.0241568861756782
0.0596414795282053 0.0267225606405098 -0.0938092046059281 0.0115174003934783
0.0552535609337796 0.0714257366880701 -0.123991874581795 0.0167440148292944
-0.00467421282542511 0.0970416449959918 -0.148881680218569 -0.02570343854207
-0.0558267847911459 0.0895663166800985 -0.127812982781055 -0.11658670919414
-0.127374549529357 0.0231752691254003 -0.029255862404432 -0.174466957316844
-0.148828289245429 -0.0884651571895166 0.0579041941556892 -0.154387928231779
-0.110084824863947 -0.176117140481041 0.00392137037470616 -0.108547348702088
-0.0676137995704528 -0.173777770781052 0.0302939754642261 -0.0662916640525476
-0.13451300154842 -0.105497594932702 -0.0682586813332834 0.107499756443811
-0.131152379639114 0.00322702913652743 0.102939916114319 0.170207538875019
-0.0701365621873678 0.0935224367250264 0.215929176502111 0.0284166476632704
-0.0062779647347109 0.105835540264676 0.128602231446169 -0.129151776228896
0.0523890465153493 0.0861648006658958 0.0107912990111307 -0.124791821737314
0.0824299723762501 0.0383783278120518 -0.0323091374929132 -0.0616113489459437
0.0782081059632276 0.0271948069914632 -0.0508069147595066 -0.0145455893751592
0.0820982083736752 0.0285199887241743 -0.0619319746271524 0.0287889524481637
0.0779755337935787 0.0825055366170125 -0.0991297988448172 0.0505446237480528
0.0129219491934107 0.12256366016553 -0.144307364159064 0.0266738799901979
-0.05482493406029 0.127091185108304 -0.157375882379415 -0.0727145913856051
-0.155672643954831 0.0408685351603512 -0.0688213622675128 -0.148825119432867
-0.169106876891051 -0.102863218113724 0.0454852059342946 -0.131400981590535
-0.112705854781741 -0.198954719007435 0.0181282450034459 -0.0407150471141895
-0.0347222753145841 -0.189680676733612 0.0435706358526564 0.0132300653723995
-0.123562931940296 -0.157750639686025 -0.0712052416864557 0.141054361132961
-0.159822919188227 -0.037973479106362 0.0661706235618284 0.204222869337985
-0.110000884795857 0.0984319466784112 0.190928010250527 0.0830368851829732
-0.0182703594070538 0.130646923500489 0.138535674646683 -0.0720304529977994
0.0584120534319732 0.106785593751739 0.0457284602985346 -0.085665031140543
0.0987860107992375 0.0475042208718548 0.00819492860539716 -0.040581872644099
0.0932801101437895 0.0266515688239236 -0.0148025375185487 -0.00285269605904877
0.0932874776400486 0.0241126959926207 -0.0245558239544509 0.0432367895506126
0.0886722360497597 0.0789930098983542 -0.0650665370603669 0.0781085133426124
0.0260932210748516 0.127955503274008 -0.124944008600996 0.0722484977731759
-0.0481661555712821 0.142795793614052 -0.166927722956238 -0.0275517621580431
-0.160621733085132 0.0455749593974286 -0.093554156196141 -0.115552240637536
-0.162191565068645 -0.1075350162888 0.0385578540924982 -0.106955288173579
-0.093643974111255 -0.195303159480065 0.0336142659092439 0.024710674166479
0.00292759251609328 -0.168876507568207 0.0470764371737055 0.0960293124262683
-0.0816310048696492 -0.176011395661527 -0.0741669320998014 0.168339761435264
-0.148853679050166 -0.0767906451420446 0.0223570713493755 0.218561107641734
-0.126876367664788 0.0771026505319486 0.143776572403722 0.123855705522379
-0.0299008200886885 0.127733241102389 0.131460917260931 -0.00684935237240322
0.0520064830229536 0.106458878860996 0.0774098024233717 -0.0366553317262137
0.0967870971138286 0.0481026636422413 0.049348507433746 -0.0168451731637358
0.0929376707512992 0.0226157138420119 0.0219809288006719 0.00835095843515049
0.0913690095198324 0.0171944120286021 0.0128433074713097 0.0551520824513203
0.085497963968514 0.0679093835997933 -0.0298481083569887 0.0978885213411673
0.0301539820439284 0.118638169065803 -0.0998258336847772 0.104695536068957
-0.0470891758227691 0.135921563838348 -0.162191793834107 0.00898899736851844
-0.151592087069343 0.0312990755951295 -0.103470721873263 -0.0838770019508399
-0.130233944529056 -0.110196056915314 0.0345952887561977 -0.0826013090534461
-0.0534774446454168 -0.169634131971983 0.042913295592213 0.0808649669330507
0.0360688579049955 -0.114123560226415 0.0418898444949314 0.163766138701098
-0.0273271681071133 -0.150247466900093 -0.0749446825202036 0.185687435153725
-0.105977800688046 -0.0876979114205045 -0.0153915727968008 0.214902750129703
-0.109781420154186 0.046770071260203 0.0926870418658356 0.145710465070338
-0.0288051295304444 0.09959349946568 0.115023295514128 0.0476094532368484
0.0379094880305189 0.0839624036857263 0.10141221055354 0.00816027568406024
0.0777767683231235 0.038224337732411 0.0844529022764839 0.00323145639352481
0.0779067588441821 0.0149801590132564 0.0548664251860869 0.0167127691928608
0.0772056907574994 0.0102615062013908 0.0451074516959479 0.0625460047598171
0.0717653954800707 0.0519184990398808 0.00133798370670251 0.111327290969805
0.0276070127013584 0.0987549174350928 -0.0793768934325265 0.127740996832075
-0.0480961395616227 0.114300957419396 -0.155489465307934 0.0349161736082511
-0.131250739566883 0.00628796799853408 -0.107004467717953 -0.0607437070171134
-0.0826755296864751 -0.107681951230073 0.0290559495102832 -0.061044096827915
-0.00208771513615784 -0.126868975913891 0.0401749611188651 0.123792052490934
0.0594129707874279 -0.0375268261197012 0.0360414548866576 0.202906405439632
0.0212700319315174 -0.0884617534262912 -0.0694183193217083 0.18731857664901
-0.0490541716055172 -0.0669217768640833 -0.0371398711497234 0.204590215868606
-0.0638113619974621 0.0199972041056558 0.0597446772604803 0.153595096289393
-0.0140468426506602 0.0545634827118778 0.105652568292379 0.0808216168851825
0.0215341995552186 0.0443136127334019 0.118740536404911 0.0339801090270077
0.0464265214542429 0.0194810617760058 0.107076064005135 0.0142310761154327
0.0502032076071202 0.00555696277983335 0.0774168817513786 0.0214814147132633
0.0525046731057796 0.00369577614425624 0.0677443593706427 0.0671429389725236
0.0510785987981868 0.0328765424404496 0.0230461622646399 0.121730748067973
0.0229645641294624 0.071004220283595 -0.0664173355800653 0.14448160797617
-0.0455533878875813 0.0825907921840899 -0.153409581867746 0.0527191144823811
-0.0983627425097451 -0.0184998531372302 -0.112009485738693 -0.0472884986816141
-0.0275095065126295 -0.0918112374846421 0.0194831157244894 -0.0479219199085215
0.0491299444419665 -0.0677755330312814 0.0250364671718037 0.147694008337429
-0.0672597958530816 0.00114608630631806 -0.0412985696437621 -0.16993214415167
-0.00387737088492967 0.059701049316444 -0.0609967324694822 0.047094890579987
0.0453463812387768 0.0171271593684035 0.118571726451027 0.0708177760592491
0.0195016665015353 -0.0410147362248993 0.181008874233433 -0.0622810486696491
-0.0222747299206066 -0.0266262860349922 0.0751227080787348 -0.175377076374349
-0.0233018840504571 -0.00527227285992554 -0.049093853477949 -0.154676629234224
-0.023132790591341 0.00180027722171866 -0.0953426449673828 -0.0837362575815142
-0.0170281020897131 0.00917615795764843 -0.103523425269615 -0.0306404544282921
-0.00925882508653495 -0.000926987522805231 -0.121273623667295 -0.0113429427331157
0.000396008389311297 -0.00363928083478731 -0.132812002769244 -0.0326758927784374
-0.00162552996191446 -0.00309261604629342 -0.118657448060191 -0.0891354208162859
0.0136293618975751 0.00164606266042371 -0.0581933469851098 -0.151821507200503
-0.0100816940530608 0.0335688492128585 0.0364816853067214 -0.193992293437955
-0.0666696083395808 0.0216966788414182 0.0903108289785007 -0.199691211870612
-0.0752665873131335 -0.0442123616755241 -0.00999254782267758 -0.209062654318546
-0.0864082071906195 -0.065084605602057 -0.0183264344639965 -0.162899008294134
-0.0617155684198129 0.0185508521385214 -0.0608396265052903 0.0572610317421228
-0.00985523341376054 0.0294901490752472 0.127596506498564 0.0891052143106303
0.00198998433469085 0.00876695929347436 0.199034469598529 -0.0549982684773969
-0.0112459812371389 0.0163147384241087 0.085469075066725 -0.180410355866056
0.00626021118731024 0.0234085725249709 -0.0434913416729594 -0.157130080891014
0.0150609860927226 0.0119650281258602 -0.0891521785971022 -0.0829560378564388
0.0193542780061441 0.0182142061708791 -0.0993158853660548 -0.0282752750547072
0.0280485242282283 0.0168510629559519 -0.115630087727826 -0.000898250512044406
0.0282295865713641 0.0423758361910719 -0.136504278831262 -0.0118835521839555
-0.0115414281465426 0.0541033145005942 -0.138868717046793 -0.0676049236807045
-0.0349540743944153 0.0430816549068217 -0.0908611833252512 -0.143733612499674
-0.0766395054341777 0.0160616168681984 0.0090981944226486 -0.189786709810173
-0.110603790870079 -0.0484605740119336 0.073724967971702 -0.180096098203068
-0.095444941138859 -0.122947113663362 -0.0057171022788014 -0.16911977613421
-0.0880405321152359 -0.128215951873397 0.00719001250760758 -0.128008580706826
-0.110942486748348 -0.0392552307382801 -0.0639595213003091 0.0804908847818074
-0.0736693755313892 0.0274632438181485 0.125648193928662 0.126067774645721
-0.0283951716266481 0.0591089106647105 0.216850878146043 -0.0255250716906018
-0.00358751269590316 0.0637834248392472 0.105879785778453 -0.168569186783778
0.0343718402738288 0.0561135675468222 -0.0233196433522087 -0.149537524890936
0.053085947997021 0.0248508374687661 -0.0682148040640864 -0.0760858079394938
0.052915283110681 0.0250170280886503 -0.0809059219644376 -0.022661379137551
0.0601600434025587 0.0270930545543982 -0.0946750737004565 0.0144230549268319
0.0572199222360716 0.0713286153467977 -0.125615163903337 0.0211775575185337
-0.00306379373074708 0.0997807039970868 -0.151637573713002 -0.0222897744165675
-0.0552494308091542 0.0908834724828392 -0.132424262228763 -0.114692866427807
-0.128855723799538 0.02482737359634 -0.0325561705849518 -0.177694380826128
-0.15121420189964 -0.0868755914070636 0.0564848547116888 -0.158379204019445
-0.111450900674009 -0.175590149957907 0.00275693036915477 -0.110437607458755
-0.0693623183955416 -0.174784249791882 0.0292641054259322 -0.0669068882536264
-0.136575760074051 -0.10373909347288 -0.0686819648612738 0.112352396807793
-0.131879105179169 0.00371882840158831 0.106538919020964 0.170341499553468
-0.0694542042395046 0.0941141374529203 0.219185725584253 0.0240122646419638
-0.00507866801897565 0.106831122396913 0.126800700611098 -0.132480991376332
0.0547061421212273 0.0867707247367968 0.00846366887840834 -0.125700177999282
0.0834064540000548 0.0368843318480752 -0.0342563744861301 -0.0620011613129912
0.0797026508950664 0.0277551804445455 -0.0516253849015633 -0.0129041142375064
0.0829018443302403 0.0278549168947538 -0.0622043937249764 0.0310889712937718
0.080062300072418 0.0816828211800895 -0.0998820638983135 0.0556415147607366
0.0156422090902514 0.124993090922215 -0.145823390391419 0.0313911804356755
-0.0532151524710984 0.12889390314404 -0.161603854315658 -0.0689250897389481
-0.15630981593889 0.0432959272351989 -0.0728362598651449 -0.150543557483428
-0.172340295106667 -0.101795201514793 0.0435006432223315 -0.135577175692412
-0.114392539552354 -0.198205632335066 0.0181776348305201 -0.0438847239700071
-0.0364779708214251 -0.192068561144635 0.0427024781611156 0.0129608540912027
-0.126943983565226 -0.157212604938201 -0.0722568459204218 0.145510759395261
-0.161844955696097 -0.0374915821446273 0.0702600642547778 0.206136872873268
-0.109724229066216 0.100570823705848 0.194832602709273 0.0795250802027491
-0.0161243098823131 0.132547634461855 0.137223479330097 -0.0741351019270533
0.0605607676858481 0.106320309140951 0.0449559957165309 -0.0864801529441389
0.0994334366747844 0.0459706036102853 0.00761439363802928 -0.0414174440127761
0.0940816344002416 0.0262230740282403 -0.0150513267367902 -0.00158119822404454
0.0939795365339651 0.0229572264863108 -0.0237397725676256 0.0454507924455244
0.0907553439043 0.0780120943050298 -0.0650241393126076 0.0827222550873691
0.0291325156859125 0.129703140011817 -0.124991568947579 0.0776861361201212
-0.0453944874986203 0.143630723779419 -0.17058018028221 -0.0224293713179683
-0.161924841862637 0.0481545614966378 -0.0969551871772362 -0.115483510651139
-0.165463258653146 -0.105596304873487 0.0369693149034844 -0.110403388486986
-0.096113432436478 -0.194628461738226 0.0348114661659948 0.022093723162338
0.00192790521922214 -0.171090911656916 0.0468844032165176 0.0961141081349955
-0.085106380891322 -0.177226725721699 -0.0744684109671128 0.173892011670294
-0.151720521209574 -0.0764587244946505 0.0260893549758921 0.221171072056868
-0.127355842461634 0.0792104474007746 0.146677468702924 0.122447595140256
-0.027900436241284 0.129418609268741 0.131534075633154 -0.00805940008014757
0.0541692267607863 0.10664296962439 0.0778361777901956 -0.0376746486162626
0.0975671554296118 0.0462149812756369 0.0499576014650489 -0.0184366780742471
0.0943985659835295 0.0211144390414332 0.0221904401014992 0.00882165586096246
0.0910246163966419 0.0158984113826643 0.014191844677437 0.055976292783673
0.0872071617301791 0.0663608962585627 -0.0281905553447337 0.101552555447981
0.0333219741363573 0.118995575853897 -0.0990380812491044 0.110189053478885
-0.0437620290722567 0.137004469217523 -0.165804954306826 0.0146724199965388
-0.152504531937987 0.0344038422731668 -0.106483060506093 -0.0828419380373377
-0.133134604216889 -0.108745872205024 0.0330359270338386 -0.0851584503527573
-0.0549730116475365 -0.170314854757342 0.0445145730952343 0.0785073465365911
0.0355543730422675 -0.11660417419314 0.0425272518946466 0.164285523655281
-0.0305576100774844 -0.151731130957243 -0.0753829463781474 0.190430452888962
-0.109638508082606 -0.0876967919628812 -0.0122417198254762 0.218425608092688
-0.110390267379205 0.0491067303478055 0.0955475499071493 0.145014431270075
-0.0270509721874971 0.100988975914465 0.115412611517518 0.0475452255122019
0.0394855382511064 0.0841740964394911 0.103454695766424 0.00661119888364195
0.0787977002321766 0.0363155331606136 0.0856398166580915 0.000527741260415752
0.078788550607883 0.0139994022814463 0.0550026279931057 0.0171150858508771
0.0767895223460464 0.00862159801921965 0.0472887716158647 0.0634192665432606
0.0726104097446801 0.0511306894895423 0.00354020995421066 0.11433940911497
0.0304434676355713 0.0991851781599333 -0.0770671938278049 0.132455346100845
-0.0447950455093458 0.115326854438154 -0.15800517157997 0.0407420690120434
-0.132386272434789 0.00942071767559083 -0.109437159269474 -0.0588737269575499
-0.0853494875594813 -0.107629322532979 0.027291002929509 -0.063659047710546
-0.00306705331537342 -0.128450872358618 0.042583443096155 0.121847930825823
0.0601096046761239 -0.0398277881620071 0.0373423530718117 0.204227099669413
0.0198864386089706 -0.0906463155609255 -0.0693814283862542 0.191834865610273
-0.0515292308392901 -0.0666897501629079 -0.0347244982055762 0.208652351618715
-0.0639945267146009 0.0220092535477502 0.0621000015892488 0.154347652007109
-0.0124518774686857 0.0550883428961789 0.106983385009948 0.0804937588573462
0.02204982636312 0.0439059739415959 0.121742170079156 0.0319710991349316
0.0462031334900948 0.0184792469226073 0.108527008872799 0.0114641202631544
0.0505756484099933 0.00471555416716446 0.0781295847511139 0.0212047563147839
0.0518886537916369 0.00202135302958255 0.0690678383856462 0.0675568791232285
0.0520150348705022 0.0316524885670454 0.0258957905610217 0.123762963476454
0.0249202834853816 0.0706981360900606 -0.0638340981777858 0.149008269674554
-0.0426469651688064 0.083498277867318 -0.154767741505456 0.0582939002322172
-0.100039560226227 -0.0166095859159419 -0.113754292468799 -0.0452605769928216
-0.0295025416812035 -0.0924442246406982 0.0183031046503537 -0.0503079240296935
0.0489977820075441 -0.0705009995081085 0.0276653410666268 0.14685082295037
-0.0680158912702985 0.00222995160096908 -0.0430944660162547 -0.171678744339283
-0.00185125308205025 0.0609708289834471 -0.0623292716522875 0.049907002301991
0.0462349647985009 0.0167107809989285 0.121422730120716 0.0706436888028368
0.0184516293741566 -0.0416074862038293 0.182402153227036 -0.0656996093894483
-0.0226140403378009 -0.0261684049255548 0.0754827560123616 -0.17916605965554
-0.0232059646670943 -0.00440107315698903 -0.0510207417309006 -0.156308312129558
-0.0229408352168601 0.00323601249037149 -0.0972325594518842 -0.0828621517261369
-0.0163244714992796 0.0103165981356867 -0.105086069493094 -0.0300831205648701
-0.00942736403935141 0.000332099548598114 -0.122645592784082 -0.00927772001843836
-0.000284830747983936 -0.00257154210202506 -0.134914680374909 -0.0308603315568537
-0.00268302301286332 -0.00288773238719538 -0.120912912675824 -0.0896372684675034
0.0131393379246171 0.00113305551494518 -0.059225636923648 -0.153258901631666
-0.0100659943824184 0.0335258563587628 0.0366293173135862 -0.197616432282856
-0.0656330878237848 0.0231030476716291 0.0917138219552864 -0.203756990284142
-0.0753581967485247 -0.0443538754931847 -0.00859151246083169 -0.210797864657009
-0.0877346629458508 -0.0649628096323243 -0.0198821019920092 -0.16423059574065
-0.0615551364245987 0.0195140924529893 -0.062045567472054 0.0605352966131615
-0.0096491919469665 0.0294915132476368 0.130011258800054 0.0892707271096699
0.0016597813687656 0.00833322056447313 0.201278767437746 -0.0585039893657934
-0.0117008781002268 0.0175026353864808 0.0853111273680314 -0.183125935801184
0.0065596606320082 0.0248455105044467 -0.045041886879963 -0.158221414718415
0.0155017227021244 0.0130781832652241 -0.0913240347020949 -0.0823631270185922
0.0206124987330433 0.0197294630784314 -0.100877251297282 -0.0276795783554326
0.0283723697881276 0.0180600519317082 -0.117157634397128 0.0011962468292813
0.028074442897096 0.0428354662839575 -0.138132690883962 -0.00941294404282894
-0.0119051448094104 0.0559303692014966 -0.141563704683917 -0.0666495354904508
-0.0355847596370129 0.0431121074255025 -0.0930425802658434 -0.144833905060507
-0.0773420869051866 0.0158021460934009 0.00891416047419744 -0.19425157051836
-0.110811580805721 -0.047988877219153 0.0742360287508547 -0.184244698801
-0.0945446906311833 -0.123610079892214 -0.00548087875338927 -0.171029445069054
-0.0884628706779719 -0.129298691087323 0.00655682387692524 -0.129671792959683
-0.111693115300483 -0.0386300742588008 -0.0660380735905048 0.0841704911352977
-0.0739849947942697 0.0269951262866156 0.127990005922224 0.127265253547472
-0.0288313635971056 0.058668047455783 0.219896208747913 -0.028444921909108
-0.00359332205435093 0.0651670269435758 0.105141821176132 -0.171345283606334
0.0353757547821259 0.0567474088879602 -0.0245241198265908 -0.15014145028599
0.0534106833584831 0.0249892512329771 -0.069621254933824 -0.0758621472559909
0.054458957555006 0.0262841440421781 -0.0823546307564941 -0.0217223800666342
0.0608080331199722 0.0277648098441017 -0.0955381279075587 0.0166805070459851
0.0579293544177603 0.0719429901308474 -0.126612727868885 0.024797302944301
-0.00209710941827422 0.102006119668033 -0.154336255395636 -0.020013462812716
-0.0558146101741785 0.092232775083058 -0.135642633809053 -0.114030301960958
-0.130808355191721 0.0247302348211055 -0.0339804722849496 -0.181012841658384
-0.151799704424712 -0.0872865668992397 0.0563581146345418 -0.162533212120253
-0.110890964729716 -0.176157858883739 0.00281002356020511 -0.112706035646961
-0.0698480359068793 -0.176936480170243 0.0282415500012811 -0.0674825490058286
-0.138561865834027 -0.104348487327984 -0.0699102925037016 0.115817232507556
-0.133004542525453 0.00329546941261625 0.109005470177592 0.172023840635168
-0.0701330345087441 0.0943175627093115 0.22213810778797 0.0222275744112265
-0.00464855754722796 0.108696215846969 0.126453547924702 -0.134438598539777
0.0557937650413918 0.0873700248063016 0.00823132188833002 -0.126604988873321
0.0841770294424878 0.0372049594282088 -0.0347645474987964 -0.0624334917107075
0.0808915055002769 0.0282385235176412 -0.0521534062481041 -0.0117472100320549
0.0834723448557102 0.0286886123119456 -0.062730301066835 0.0327916395700558
0.0812689264065614 0.0822366659144945 -0.100246576711177 0.059865019683063
0.0165984550239656 0.127171467322027 -0.148064692165211 0.0344917880508569
-0.0527799421601107 0.130271045944448 -0.166056404733386 -0.0669643986760422
-0.158205013260231 0.0435225563999844 -0.0744639427744067 -0.152591646224407
-0.174861914685119 -0.10229331699228 0.0427864264996973 -0.138610960826774
-0.114386533665565 -0.198995370356016 0.0180998773792857 -0.0457185798648621
-0.0360171790410167 -0.19493222489984 0.0418506131138688 0.0134079505638269
-0.129420973141222 -0.158717113569674 -0.074252456240974 0.149454630577214
-0.164599179210703 -0.0382907891772005 0.0718195621198903 0.208553254909555
-0.110450621587341 0.100786311760066 0.197336846791934 0.0791432087846746
-0.0156729094339285 0.133535581671887 0.137633267045182 -0.0743466956834337
0.0621381928711896 0.107050401245901 0.0453564100837598 -0.0868560926647083
0.100315108697893 0.0450506775174949 0.0077293602292438 -0.0424070287381665
0.095887348468739 0.0266129969728423 -0.0151934395817291 -8.24857247302757E-05
0.0938840521926137 0.0231856851526411 -0.0238358579501987 0.0466503889407351
0.091864743162536 0.0780136486453607 -0.0642236233920402 0.0871786341727107
0.0312341115958746 0.131297066617794 -0.126106336106577 0.0812661727450257
-0.0445305250541826 0.145129231501945 -0.174275663767326 -0.0187237204833947
-0.162927123947371 0.0496517625449628 -0.0990459569254961 -0.116333125487993
-0.167719320208379 -0.106452965538962 0.0363198998749533 -0.113220049618313
-0.0953504636838923 -0.195414734785048 0.035181117774217 0.020379714600901
0.00232848962901322 -0.173869639050414 0.0459051373557259 0.0969737372226967
-0.0868073082682346 -0.179052418888565 -0.0771548615005883 0.177640262580152
-0.154431308885493 -0.0775324117577229 0.0276595755337112 0.224574066718243
-0.128384485380728 0.0804423848560034 0.148957738851974 0.122694778689608
-0.0271427730646426 0.130596890986862 0.132016944789276 -0.00771067499984909
0.0549084853914318 0.106723790870726 0.0795194480419654 -0.0386821589817258
0.0982121570679343 0.0455774100630479 0.0501208093475574 -0.0195819962149442
0.0953896827052027 0.0210426400512669 0.0228040696316768 0.00998469683775234
0.09108190690549 0.015319164006021 0.0148606205679049 0.0574392285982443
0.0883009859798415 0.0666066437906469 -0.0268691189701287 0.10544638745615
0.0348240625938183 0.12056100710553 -0.0994928549735777 0.114385377659732
-0.0421795485070448 0.138066638070296 -0.16853342766613 0.018430545885192
-0.154309249384366 0.0355128761048712 -0.108363879603416 -0.0834977277107629
-0.134852414512804 -0.109662151344077 0.031955480381739 -0.0878771972012124
-0.0547639494404562 -0.171747454302566 0.0450293310560605 0.0770135651309395
0.0364431540934143 -0.118831382703652 0.0410567022345395 0.166204885685556
-0.0318766157067135 -0.153884859945795 -0.0783276851479094 0.194585611893693
-0.112265849465213 -0.088522576042096 -0.0116410306423819 0.221766691065439
-0.111328706150765 0.0501362980470654 0.0966772483098745 0.146420222040284
-0.0260548176208455 0.101844775237794 0.116532544818339 0.0484160534384022
0.0407319024807944 0.0840510708991321 0.105808996577009 0.0048292040960316
0.0793263531098234 0.036100919434287 0.0862772022645385 -0.000135149817076001
0.0799475439498774 0.0133248609494301 0.0555948782979607 0.017553230591085
0.07643657809308 0.00808859627578155 0.0475380588962328 0.0648869102301389
0.0733370552196477 0.0503634308051982 0.00466046496342305 0.117150943126785
0.0320102084840229 0.0994300929352443 -0.0769203443898685 0.136522589044931
-0.0428013719965249 0.116248220780689 -0.160860545924366 0.044918640942311
-0.133911410504702 0.0103097861850152 -0.110986789395246 -0.0584285160404604
-0.0866694191364372 -0.108524317164563 0.0263686624906749 -0.0655429183531838
-0.00227877050973679 -0.130138816006701 0.0432245117548917 0.120601713326997
0.0607093070626869 -0.0410683892750584 0.0358776343553766 0.206045724046164
0.0186673488996584 -0.092136342644112 -0.071782232690341 0.19590586136667
-0.0542004000183147 -0.0670887201381267 -0.0339650927934808 0.212565107459562
-0.0641264175035646 0.0231900880430501 0.0626594746284003 0.155740590304643
-0.0116817722299946 0.055476708359999 0.108552612207637 0.0816487810467301
0.0224304657945145 0.0439288057586374 0.124366994382572 0.0303615111851541
0.0463998595528176 0.0177408084605303 0.110106300295571 0.00991704863237225
0.0508690419823461 0.0037031336987641 0.0785269764699685 0.0217671060109736
0.0516023409910035 0.00128576804436759 0.0701366854943396 0.0686935870429772
0.0519208930266788 0.031428389266791 0.0272835576848377 0.126200330291288
0.0261133800189803 0.0704983790635452 -0.0629560711631247 0.152689701517169
-0.0415590330763307 0.084476836311667 -0.157281132472748 0.0628686355558614
-0.101219217094013 -0.0151285144518905 -0.115581772063614 -0.0447788155364128
-0.0301411139616161 -0.0939473491404734 0.0171151879913739 -0.0520100181979425
0.04983565710155 -0.0727483049052084 0.0289219102434931 0.146266061875836
-0.0702622769335382 0.00255816270318307 -0.0436377361361319 -0.176117460814476
-0.00142318081678606 0.061766011311924 -0.0646778466068746 0.0531827510732977
0.0474258242470598 0.0169913985208767 0.124913680417849 0.0737848505503162
0.0179418810646758 -0.0429026774610043 0.187963684595563 -0.0682662489883336
-0.0233002190388077 -0.0257404206505936 0.0784430829259542 -0.184669473067925
-0.0231822780045953 -0.00328321475760741 -0.0520383525004422 -0.160320366583392
-0.0226739943994407 0.00422607972867868 -0.09961179185206 -0.0847233943636556
-0.0152884154510636 0.0119938472915834 -0.107391369470143 -0.0314977601097843
-0.00903419958464721 0.00167838026499064 -0.125530913269711 -0.0091248499485414
-0.000904035873377345 -0.00209537184789286 -0.13793675538271 -0.0312404134284716
-0.00334856367334403 -0.00233763385341846 -0.123878256315806 -0.0923050603821454
0.0126729270011817 0.000492352901474554 -0.0593884441658941 -0.157099166794894
-0.0101876437160995 0.0338694085503413 0.039457152798252 -0.204249557932573
-0.0653681091452396 0.0237419912493344 0.0963714413230288 -0.20934412381515
-0.0748438049391308 -0.0457348750003668 -0.00488134369939736 -0.214380779480996
-0.0890259280383099 -0.0670879959301779 -0.019426270929961 -0.169213344350477
-0.061037260842782 0.0197774643940994 -0.0644357032873428 0.0636976181754123
-0.00935844060621636 0.0294613706188658 0.132895411723219 0.0926552638029981
0.000901721858755436 0.00803701317371908 0.206627525088446 -0.060600206682057
-0.0118640832161546 0.0186216137474191 0.0880725539393532 -0.188442938683575
0.00684318645217296 0.0260975706087793 -0.0457102438076116 -0.161861369064143
0.0162195082210084 0.0146722067854312 -0.0931841858384345 -0.0845004257825397
0.0222063979145334 0.0213095413110571 -0.103054143308618 -0.0287173577433385
0.0293399602403472 0.0198292960553654 -0.120185349345943 0.00181063861554714
0.0280703017228415 0.0447017419351604 -0.141746941488649 -0.00894983348906294
-0.0123723276291456 0.0581201150028986 -0.145163269771723 -0.0685741940684423
-0.0375365330722156 0.0433358314781016 -0.094783735577586 -0.147581865516298
-0.0797514493667153 0.0150856814336593 0.0108297446695993 -0.200966053212175
-0.111657661682404 -0.0491355941142117 0.0780490599761253 -0.189898507492351
-0.0932014509120757 -0.126830463311383 -0.00297600641300471 -0.175141604622504
-0.0885684880498097 -0.133030293972836 0.00700803884556255 -0.132478211957252
-0.112636938047356 -0.0402078175893107 -0.0685809651978997 0.0882418591456164
-0.0755371687741026 0.0258870125617408 0.13085410264479 0.131620255238679
-0.0297214618286657 0.0586296194762647 0.225310195294348 -0.0288178316155623
-0.00436950797143163 0.0670450530112479 0.108521324688577 -0.174526946902189
0.0359111089094514 0.0588313970657669 -0.0243395233189908 -0.153559443450431
0.054246304939586 0.0264666033443033 -0.0708710159541842 -0.0778972942166851
0.0564674960417096 0.0279338345407836 -0.0842185872335822 -0.0215324033888576
0.0623411546694628 0.0298406396943933 -0.0982979361273753 0.0177153014926468
0.0588228716801054 0.0746570998704816 -0.12957997570813 0.0268461785227229
-0.00284940902091156 0.105804836157388 -0.15815278322811 -0.020432983605229
-0.058454993431276 0.0934408096906681 -0.139421705035467 -0.116561665982868
-0.134117201906373 0.0237319442959905 -0.0337788813357039 -0.186864035571597
-0.154255457542391 -0.0910731316054245 0.0592828558784661 -0.166682443479681
-0.10893318923503 -0.181069951043511 0.00423925786552317 -0.115560831852402
-0.0690826642532521 -0.181877271105625 0.0285096992267892 -0.0687033962944133
-0.140372926999875 -0.107711744395909 -0.074608131208487 0.120974507215316
-0.135758438939828 0.00119668038508247 0.110647350017412 0.177460791280938
-0.0723840865333219 0.0950023666690958 0.227382072431861 0.0225853685346462
-0.00568847827720032 0.111614390470094 0.129861658542721 -0.135877365590107
0.0567397848304767 0.0898831393842708 0.00940105374068444 -0.129568761921512
0.0850274543056277 0.0386266068219366 -0.0354376491295278 -0.0640752599554592
0.0836087675444707 0.0299412616029002 -0.053619470200171 -0.0111812436798325
0.0851632375894134 0.0306337681921529 -0.0647055958578451 0.034009802837557
0.0825751930451408 0.0851437301618208 -0.102726068136113 0.0631856871739209
0.016951075171969 0.131553275248716 -0.152841219397747 0.0361970470071795
-0.0551626330299298 0.132053848703285 -0.170591809241583 -0.0667773864871569
-0.162574867842957 0.042927105908002 -0.0753913051374571 -0.158085929411736
-0.177632057354849 -0.106279370787035 0.044669769058759 -0.143020647281725
-0.111911327855919 -0.204154198351705 0.018747143066216 -0.0479633366963085
-0.0341244126067009 -0.20022807535149 0.0412866649285568 0.0137499800448683
-0.130899364188419 -0.163069079757258 -0.0789940770718542 0.154663026390428
-0.168169056464987 -0.042060421595474 0.0720547348114195 0.214742163352
-0.113691418844344 0.101608629171893 0.20182153775788 0.0811420319490217
-0.0171649372501333 0.136845511086847 0.141063257818892 -0.0747152868415191
0.062797352424464 0.109940036498653 0.0477397241333852 -0.0886253466177977
0.101991078528499 0.0463664898023256 0.00829342552590167 -0.0433367046987353
0.0983699187851808 0.0276259501754398 -0.0157071930519009 0.000753868146206885
0.0956884525392817 0.0246109380745073 -0.0246752232552127 0.0488047830381989
0.092987489807012 0.0801678188654256 -0.0655624164159093 0.0915538705714656
0.0319422080094813 0.135233859578932 -0.129786324387151 0.0850274219000496
-0.0460669989936192 0.147105781650047 -0.179840519876394 -0.0174317390021742
-0.167701043933431 0.0494467991264228 -0.100847511928218 -0.120609664452262
-0.170137646606607 -0.110988676042601 0.0372233171789302 -0.116932221670196
-0.0933964823498533 -0.201094230688745 0.0355089174197638 0.0196143361034938
0.00536426165135557 -0.179033463329747 0.044336478437074 0.0996254641425459
-0.0880039875263801 -0.183670807632071 -0.0824923074771151 0.183218492882031
-0.158799477109333 -0.081069798189468 0.025895781366419 0.231194246609358
-0.132416204638257 0.0812178191240967 0.151297778546802 0.12606069063966
-0.0284369064376249 0.133571319427469 0.134329682698583 -0.00579772809955181
0.0553914803660258 0.10946061102047 0.0826848436197376 -0.0394357206849782
0.0996848730801479 0.046852363729583 0.0520585167774548 -0.0207527808399382
0.0972680738921937 0.0216753950801263 0.0227615339567406 0.0115678539666633
0.0920534188035161 0.0165874831144499 0.0150440236067976 0.0595922683286543
0.0891056525288764 0.0678647833567254 -0.0275429678194695 0.110162588067712
0.0358524356970258 0.123392003198083 -0.101415617721002 0.118528025932089
-0.0433442787277288 0.139647400701518 -0.17412346708867 0.0211291138496258
-0.157458003920208 0.0356304079755874 -0.11095654936925 -0.0859566796768687
-0.137211516153721 -0.113567876865987 0.0322437984989659 -0.0908741057900024
-0.0527353360340388 -0.176254878692169 0.0453253131495669 0.0773827886467967
0.0386491452870537 -0.122252624178751 0.0382213648786655 0.170058247575393
-0.032054548504016 -0.15786329196182 -0.0836302182185837 0.200688958369046
-0.115450751315458 -0.0914195231110516 -0.013785240764129 0.227914846667999
-0.114340550815709 0.0505567745363977 0.0970311007236945 0.149741524690814
-0.0269563898289484 0.104152358103887 0.118111973908416 0.0515277826428949
0.0409289170123871 0.0864209739501951 0.109480013616515 0.00497608751975351
0.0801431441690872 0.0366986923410016 0.0891972113966967 -0.00118788430210939
0.0813171223453112 0.0130331407123284 0.0568032787951575 0.0197150687252024
0.0773239628323299 0.00902382227128322 0.0486299053383358 0.0670047852241093
0.0744300329313597 0.0516382038041287 0.0048220373667612 0.122001590938452
0.0323775656132598 0.101308004111231 -0.0787404722076074 0.141519975141065
-0.0433673454781697 0.117531113973214 -0.165710148128601 0.0485985045365514
-0.137296361306628 0.0107371630733001 -0.113504357506691 -0.0605093403340341
-0.087876928705535 -0.111862468686931 0.0263585048371273 -0.0682649825351936
-0.000163025320510667 -0.13427552256886 0.0436411354906754 0.121562479666952
0.0629968289536553 -0.0426620775787983 0.0322730703567386 0.211250929707438
0.0193125420588641 -0.0943149885427132 -0.0772064203794559 0.202072807986116
-0.0558095522581846 -0.0681684919243012 -0.0359651704755863 0.21836972404312
-0.065303480778648 0.0234824349351196 0.062418450866725 0.159905235181895
-0.0115128099161926 0.0561861219299965 0.110018824954542 0.085272978962054
0.0225972089198751 0.0445318738686111 0.127832000923719 0.0303594483976286
0.0472008674693619 0.0181907308240094 0.113401857381332 0.00928020265101115
0.0520167659333552 0.00311242896132046 0.0801213279464225 0.0235832477198392
0.0521581908525595 0.00137093032071191 0.0712357079173252 0.0713655277206427
0.0528442592721021 0.0320583691624005 0.0278742521721589 0.130268111673909
0.0267808154591129 0.0709166993233499 -0.0643085918464757 0.15738091557413
-0.0413348794784571 0.085235154930245 -0.16103813292175 0.0658292820476835
-0.103336867878332 -0.0151755456722197 -0.118271760830383 -0.0465393377528355
-0.0301123789380215 -0.0962993800043274 0.0161882339599563 -0.0548580953587872
0.05131783034388 -0.0753579283691728 0.0280828117391708 0.148063842133424
-0.0731574695680694 0.00229611143419136 -0.0449587568691581 -0.18517028082983
-0.000134232209093737 0.0639584276040968 -0.0684322202029858 0.0571512066365028
0.0498485630015191 0.0171547004536557 0.131063803749918 0.0781976582621032
0.0183147258741671 -0.0445604995545752 0.197204647997295 -0.0715637089986387
-0.0243131637414107 -0.0267021269647888 0.0835378574895888 -0.195244368008874
-0.0238195907378345 -0.0028382623453822 -0.0536986967826382 -0.168260077746882
-0.0234429969548063 0.00539237567210946 -0.103315266037399 -0.0884067425379096
-0.0148117375187632 0.0133033160110794 -0.112341535363434 -0.0333815037935146
-0.0092775839786007 0.00339952240416607 -0.131105707197556 -0.0085017953371845
-0.00129029500270835 -0.00149579364835181 -0.144192915290655 -0.0329696339233205
-0.00415411798668063 -0.00206815241323764 -0.129093968181214 -0.0972948971310097
0.0122550178312495 -0.000508683878042383 -0.0596824715986981 -0.164914778382199
-0.0106418769074437 0.0347606884722074 0.0445941952568432 -0.215339765908403
-0.0667196292166631 0.0248996409863834 0.103481395934661 -0.219369079692244
-0.0762949967191348 -0.0492681932539033 -0.0013224767279077 -0.223337612584964
-0.0920968715541761 -0.0703765220127193 -0.0199133365929141 -0.176999568972508
-0.0626675100925423 0.0201259619931206 -0.0686564166092183 0.0693209778069688
-0.00953091412978229 0.0296071632097178 0.138618300260586 0.0979396184635161
0.000219769696785786 0.00762172280924039 0.216779961964982 -0.0634924523055084
-0.012957454087393 0.019661386127133 0.0945321765316184 -0.197806887526402
0.00734927420152141 0.0279112511772726 -0.0469486276405007 -0.169805423865367
0.0172388298884008 0.0165183815948668 -0.0969196150704061 -0.0880316025623644
0.0241855959491195 0.0234936439643659 -0.10790448085708 -0.029909274503203
0.0310273245144243 0.0223603110695955 -0.125923543362927 0.00281736202579118
0.0292569146574842 0.0476469914425232 -0.148029775196436 -0.00873963520813213
-0.0134490290663434 0.0612035932593014 -0.151980669089166 -0.0722225349482302
-0.040367801148535 0.0441211896395766 -0.0977010097188996 -0.155031447293846
-0.0834716736198213 0.0140918509820793 0.0139091259209966 -0.211977343243719
-0.1145843967898 -0.052326102294002 0.083768066249949 -0.199540119050988
-0.0941751930916275 -0.133781151791124 -0.000149095456917306 -0.183469577703476
-0.0907367895424509 -0.139829173674176 0.00774175002733608 -0.138362442683789
-0.116080624066399 -0.0424003809278118 -0.0728644855723871 0.0936926308431254
-0.0786121544666602 0.0253882822767854 0.135671144476342 0.138010842168693
-0.0323566079144051 0.0602028359496386 0.236205890181563 -0.0303926486935823
-0.00546134083570575 0.0708489918320157 0.115226758332235 -0.18237961042732
0.0372747885789704 0.0622817423626965 -0.0242393231805523 -0.160358544729697
0.0567023793966162 0.0290320131829392 -0.0732977957781807 -0.0815648002193106
0.0598882268699157 0.0306962775137053 -0.0880442971166947 -0.0225294899181137
0.0654143892150108 0.0326742881230458 -0.103143963984414 0.0195850588355313
0.0609927683768348 0.0791092656120418 -0.13582522926088 0.0296467391516194
-0.00300171255991406 0.111584646954098 -0.166631981882386 -0.0208234513281987
-0.0621635193461523 0.0965290911089977 -0.145719088392988 -0.120859796433182
-0.14121588077165 0.023303318128919 -0.0336280839529361 -0.197737855179605
-0.159422276802064 -0.0968043515493629 0.0634219378444313 -0.176168321575428
-0.108531045043686 -0.190439894273214 0.00612977447866914 -0.122521848416038
-0.069251345871342 -0.191639036004539 0.0295224044775711 -0.0715978687948111
-0.144776960764679 -0.113243151388605 -0.0799364965741643 0.128617350213179
-0.142226862455489 -0.000915359516245055 0.113787880677112 0.18655948123588
-0.0770074714491958 0.0977909850000456 0.238174725920324 0.0239978743717063
-0.00710204017552612 0.11635167545591 0.137183168905125 -0.140719487431968
0.0584785611189574 0.0948514048223775 0.0111697645271822 -0.135170846434186
0.0885289849141978 0.0409785804392994 -0.0360974055792917 -0.0674563406110248
0.0874482893807809 0.0326078908583294 -0.0559406554264038 -0.0110888268778434
0.0887395965683822 0.0332699594483242 -0.0682818170093933 0.0370936776172179
0.0854811329862076 0.0895917243692562 -0.106947584264131 0.0682128024798198
0.01783630025383 0.138661399222657 -0.160243723071515 0.0391937974822356
-0.0586104659415799 0.137069570846168 -0.179601737687958 -0.0687113521438227
-0.170777993624487 0.0436333433227652 -0.0777348880717392 -0.16711001123685
-0.184354220794245 -0.112829455575893 0.0482624507490397 -0.150625078795956
-0.112428128554937 -0.215346956595377 0.0203472940507712 -0.0511676587094695
-0.032633917440691 -0.210765530450247 0.0418758008621072 0.0148836279881907
-0.135053680649877 -0.171170807345142 -0.0853416112258701 0.164093311964158
-0.175872470686269 -0.0461279709724386 0.0736801538915489 0.225623702491973
-0.1206170206059 0.104985809536261 0.210356550040874 0.0857303580889279
-0.0190634685805219 0.143517943854534 0.147910050512757 -0.0758870067184411
0.0649416534076704 0.115772434116243 0.0510277434025711 -0.0930047275834762
0.105463393443254 0.0495420704340933 0.009275734558048 -0.0463503673213598
0.102793100058043 0.0294877250517501 -0.0163503917989202 0.00189949810398309
0.099198418348631 0.0270323355860527 -0.0259236235319457 0.052209252063094
0.0968203054178899 0.0849405420776923 -0.0682780167110595 0.0982151818539132
0.0334247238979767 0.142145916155989 -0.136681231306749 0.0897060449796386
-0.048962452903817 0.152387327542591 -0.188766583668014 -0.0164787079875683
-0.176231246172845 0.0505651757870347 -0.104661606029049 -0.127665102689947
-0.176988735251588 -0.117602785623727 0.0394898535987743 -0.12290108068427
-0.0931696583967117 -0.21129832200351 0.0367917767303914 0.0183856271481357
0.00848532755197729 -0.188359964872689 0.0434457127214539 0.104976577431341
-0.0906790640486681 -0.193066534446367 -0.0897160744678892 0.193954789289051
-0.165555364218965 -0.0869023606444374 0.024768332396495 0.242499256467231
-0.139705484482462 0.0831054903772297 0.157144313108714 0.132749301623264
-0.0312537797941317 0.140058392244983 0.140023020220956 -0.00402698707895574
0.057192828957238 0.115439246585955 0.0874909885327106 -0.0415984326782182
0.103827538481512 0.0492771631365431 0.0553015065549772 -0.0225791126047076
0.101498979669669 0.0233992979742261 0.0239957450942099 0.0136735999758051
0.0957639558246791 0.0186126776299029 0.0152120680958375 0.0630803038069889
0.0922225172335923 0.0716198230738846 -0.0285476811718385 0.117336272285423
0.0374712751658711 0.129056634095765 -0.106756707653349 0.124703997093293
-0.0451858821769787 0.144506989623178 -0.183170931712235 0.0242835662341413
-0.165969307313481 0.0366153389356305 -0.115082275940762 -0.0913760953490569
-0.142552324235412 -0.120085886459189 0.0340285503507965 -0.0956998344964142
-0.0517653421866968 -0.185410154666046 0.0465457091508369 0.0791875925168113
0.0422845117896013 -0.129001587768018 0.0361114328975143 0.178288102823178
-0.0326931659916709 -0.165627346717366 -0.0909123303566173 0.211428460100894
-0.121279771277882 -0.0966714682605654 -0.0171962401889784 0.239790948338059
-0.120304912088848 0.0523386410580211 0.100134842914606 0.157578113341344
-0.0290628749964496 0.108876351086279 0.122972289778005 0.0559436134776586
0.0420771296980227 0.0906932980860726 0.114681468533775 0.00527877300407389
0.0829664326915307 0.0384665536177225 0.093498855443106 -0.00180856126182263
0.0848862109847409 0.0134464459422327 0.0593405251275456 0.0216281307562339
0.0796673447639105 0.00994570639251169 0.050391888563118 0.0715057697686988
0.0770323919964735 0.0542649079483097 0.00486282997813793 0.129468646400827
0.034288806975662 0.105562211923517 -0.0828144016516707 0.148440490282177
-0.0444802096142991 0.121332711650169 -0.173566562867037 0.0526578227194572
-0.143677655054876 0.0108902657295848 -0.118199055196174 -0.0639977288614234
-0.0911494944825714 -0.118067811761723 0.0268552205964407 -0.071927890526614
0.00191431664361086 -0.140816972353626 0.0440149036806303 0.125429404766648
0.0664464774090313 -0.0453719846924626 0.0283970269586549 0.221236718637307
0.0203315749877865 -0.0987415577481001 -0.08427099046271 0.212452570628664
-0.0584391990609775 -0.0709260434651553 -0.0400741185996905 0.229443805300055
-0.068622383050634 0.0245112461129689 0.0630651339481295 0.167847440902229
-0.0120946201958785 0.0584896419693675 0.114118851175963 0.0907831677266576
0.02307764894986 0.0469425133247972 0.134376298880478 0.0311895293275685
0.0487314144821363 0.0187762379793144 0.118780872253142 0.00887734783842635
0.0539955181198218 0.00294367028902297 0.0837805981875675 0.0255843352893221
0.0535175337174674 0.0016949836540201 0.0743993934841951 0.0756892538087316
0.0546989696562405 0.033345406458215 0.0284120038376973 0.137490024397009
0.0277723520107785 0.073279004169712 -0.0677246977987352 0.165210772144704
-0.0427596023695517 0.0878494423554663 -0.169253519264212 0.0702169172858062
-0.108504325362861 -0.0158062241916448 -0.123089185365813 -0.0495178973418148
-0.0308014177579085 -0.10144893577658 0.016590215121768 -0.0578363885811694
0.0539602208307798 -0.0792439948826414 0.0280248655667713 0.15340961204642
-0.0626054304020775 0.0458730389916574 -0.15528730391293 -0.121414909506533
0.0397426011795744 0.053041832075373 -0.0175368174318375 0.0961599209928311
0.0535464117949619 -0.0167956911123508 0.163201381981351 -0.0179226131917977
-0.0122614676745662 -0.0487643429238107 0.120344949906542 -0.190988956580529
-0.0370774442226558 -0.00693474089630109 -0.0560827506381257 -0.219662976062376
-0.021331551529773 0.0140421427639238 -0.154711856453106 -0.107333457043947
-0.0149001407495752 0.0202052533194768 -0.144919074826713 -0.00717012271961576
-0.00273833476625105 0.0209618573921902 -0.115811593704652 0.0437842393094103
-0.00517218874061495 0.0101207741009035 -0.115569129934859 0.078421167948683
-0.0023509349524997 0.00154253330692992 -0.14449080168159 0.0655263898296129
-0.00648731394640813 0.00239871772006055 -0.172426402972198 0.00218618572064831
0.00687536879794284 -0.00778358966256142 -0.157460813686667 -0.102316233329277
0.0111785900769225 0.0349110052986463 -0.10542642457456 -0.213334958840745
-0.0406718591224054 0.0609657860704843 -0.0606163695422136 -0.259064162431741
-0.0998109652836737 0.00414641213512726 -0.143457913256298 -0.195074133373033
-0.12206247394438 -0.00759531665313577 -0.134656413747811 -0.129241674215631
-0.0386734279690802 0.0534094338276271 -0.0136988936162151 0.106700592570995
0.0108673171574753 0.029384810215449 0.181290051401702 -0.00270575475956182
0.00359561144269772 0.00483497327912074 0.144032095305365 -0.193707458108009
0.000637915277449057 0.0254260035014757 -0.0474792270125179 -0.22712846571453
0.0241730150550837 0.019913965320867 -0.148553083129712 -0.112292362579683
0.0253908430509114 0.0039180942008263 -0.13939689499311 -0.0116003477776739
0.0371874909614376 0.0047202362184807 -0.110287781438595 0.0448155662278634
0.0417442374096781 -9.44438347884997E-05 -0.10371686905406 0.0856135192720839
0.0563810693422395 0.0237810318675054 -0.131863064266984 0.0890378912032156
0.0274156082305643 0.0642415293552322 -0.175288010892965 0.0384713752173248
-0.0101820837484778 0.0652731897883282 -0.182310794651931 -0.0689142280333017
-0.067465779432039 0.0654871351771366 -0.128130261676728 -0.190320312292846
-0.134120011203909 0.0258511784172804 -0.0617830979114029 -0.230633862775152
-0.1709217646986 -0.0590037711679176 -0.112551222815704 -0.159771569690056
-0.161354534339892 -0.0697436412072579 -0.0916575649454615 -0.113431637426396
-0.120879734794144 0.0331266222682546 -0.00542776193010851 0.13113371943566
-0.0504812997082203 0.0681270805453814 0.201574939935768 0.0366711708500327
0.00814123987750355 0.0675020883876844 0.183081648246745 -0.175134372636077
0.0377395712527105 0.0636498004487633 -0.0183744968935687 -0.226511054865464
0.0704351834555781 0.0305187211410727 -0.121796885069972 -0.118561431454148
0.0657263279768987 -0.0104193558328284 -0.114282706432923 -0.0222751313014579
0.072029862331138 -0.0127498101099206 -0.0880343737304352 0.0381450028499877
0.0777341475737805 -0.0133455781116027 -0.0746533239058388 0.086035677128999
0.104521641851081 0.0299243754401719 -0.0958584419421476 0.114390022435791
0.0700460330694326 0.100285587087656 -0.153144927699715 0.0909824273023226
0.00522799389078631 0.125068075103661 -0.201765100109349 -0.00824795484236994
-0.113416415926597 0.11280535521457 -0.158031215115546 -0.147015261486633
-0.203520436201239 0.0186947904091019 -0.0627372402786426 -0.198827362515634
-0.221857317193321 -0.0982314616648858 -0.0647635814907119 -0.110303678477108
-0.17322756406126 -0.127682558345474 -0.0346752612705237 -0.0716784791871755
-0.186978118618874 -0.00830178227872799 0.00766082882974098 0.163480806232564
-0.120689347849063 0.0844291430115086 0.211287304065011 0.0938870220613997
-0.00703209796846829 0.126359835994923 0.220538361185779 -0.126348436445894
0.0640576649291564 0.102772356994243 0.0279527043778967 -0.204077109934277
0.108176810243111 0.0443623480289031 -0.0746553223418932 -0.119148953641737
0.0997228223502134 -0.0204500802736235 -0.0732207663874282 -0.0353121192128239
0.0961347091256174 -0.0287043106930614 -0.0537090126934128 0.0274988571265314
0.0980400423971837 -0.0277722334802606 -0.0335125448075949 0.0783959837975427
0.132376626395441 0.0223082092443952 -0.0458177012843881 0.129098022286697
0.106418755786115 0.110203735982839 -0.108279933004057 0.137228928045751
0.0351775051091112 0.158332731935299 -0.195987843022265 0.0586423509739406
-0.126353567357794 0.152211639078485 -0.174606042141057 -0.0922630740250061
-0.236459984087469 0.0210179181576049 -0.0580336267934981 -0.167247391890874
-0.240792714674247 -0.116870826956944 -0.00437600267298898 -0.0583662882843965
-0.152482310277204 -0.165980561853329 0.0290906240980044 -0.00836275487672287
-0.214155637634643 -0.0623330763819458 0.0234341093241563 0.196234344096265
-0.176543226656115 0.0674373219525077 0.198843925053084 0.154297411714938
-0.0389749310994456 0.158550323496282 0.234806471663331 -0.0539315836319728
0.0703030164649682 0.132735331545248 0.0792609374632045 -0.155798529919401
0.126907835470438 0.0570483115053351 -0.0134981771776924 -0.109902394601699
0.118721754821001 -0.0247224895540913 -0.0204412855794749 -0.0472920300867548
0.1064448047268 -0.0408074033156235 -0.0117914329933953 0.0130286483622451
0.102622700875387 -0.0403599518846953 0.0116673647440699 0.0639657774478661
0.138288372425053 0.0105721819871513 0.00697726881838144 0.129522409673203
0.122259655648741 0.102537347945273 -0.0548228732329019 0.164213987519906
0.0540705116535688 0.165230181204874 -0.169610856139016 0.110141916595818
-0.125733357060526 0.162811600581439 -0.17167673325668 -0.0407860381312777
-0.233221753326046 0.0136784941885929 -0.0469085334405102 -0.137801919317272
-0.221451036585703 -0.12481493850616 0.0542348883079742 -0.00847285910311728
-0.103414526839916 -0.17052393022287 0.0883069000359083 0.0637764707792254
-0.19020380069233 -0.107793097991246 0.0389042428907122 0.220948283356599
-0.193499435721238 0.028455551211134 0.166377735902469 0.19727922528463
-0.067219976766152 0.152540504924246 0.218018886500185 0.0210994314644594
0.059182082916127 0.136468390059374 0.117902546679243 -0.0894301815871103
0.120202684777589 0.0614952136794083 0.0498331118068037 -0.0894262968719728
0.11668376135095 -0.02405802660225 0.0341594081759401 -0.0572567201528975
0.10064949685892 -0.0463607627006009 0.0299874468766218 -0.00363914241321841
0.0938207661391569 -0.0455687205588873 0.0540888510192128 0.0460475752281146
0.125887726293725 0.00180534875355954 0.0530207661606159 0.121062443142932
0.11705100711634 0.0876183412387495 -0.00737385590113679 0.174580047322998
0.0528525339881721 0.155483063309781 -0.137771280216822 0.140539002060892
-0.124759643351406 0.144237496107317 -0.15579122421619 -0.00212399667905124
-0.204711321429757 -0.0115829297263001 -0.0334813432280754 -0.10915098064636
-0.167773628576274 -0.128673659544748 0.100937512763195 0.0385015059100472
-0.0385206580901967 -0.138136112187356 0.132749016144842 0.128124525773014
-0.125227467665376 -0.118739766121746 0.0514812871378014 0.23513938782351
-0.161331667620736 -0.00674173442919411 0.129845043843792 0.219571882504893
-0.068562234407877 0.115768857250079 0.184110797537577 0.0778366082632571
0.042324668332523 0.108759405890667 0.140842032416354 -0.0282306237498522
0.0917601675764428 0.0500535684763271 0.101573188466279 -0.0687355084801936
0.0924922291589988 -0.0204261686119144 0.0791765591092255 -0.0646087771681925
0.0803590090350104 -0.0434020843276238 0.0649168931899201 -0.0191208442473856
0.0746422459682159 -0.0430859728005416 0.0888714283579416 0.0299835135361861
0.101225843565263 -0.00332319617877955 0.089089571094999 0.108608671315391
0.0991149215745294 0.0690315879982158 0.0283619914813965 0.178867355966102
0.0388579275051885 0.134721718814574 -0.111627557849037 0.158439126327868
-0.121759367255216 0.106876945143353 -0.140773074309985 0.0227192865828305
-0.158572799743301 -0.0432025735029416 -0.0234811193255104 -0.0829370313671911
-0.0923522093635048 -0.124417236921182 0.12623303489711 0.0806282102283716
0.0310915642181332 -0.0789554175014495 0.159742053413938 0.166294803753553
-0.0409386727369295 -0.093922784601402 0.0607815670548386 0.232233739932716
-0.0922250310253394 -0.0213292264836233 0.106857253715162 0.2231935537467
-0.0408409278869361 0.0616355397751325 0.159546827001488 0.108240265667675
0.0256314332114862 0.0556107818009902 0.154997035212031 0.00579701564688579
0.0481104271382542 0.0246701678191273 0.133223488155011 -0.0605876917985726
0.0517505268002231 -0.0155437005365639 0.10655190898463 -0.0718530447220051
0.047460381371735 -0.0331347452792051 0.0883840383538364 -0.0315733599287081
0.0468330763989387 -0.032870118676374 0.112809968607748 0.0177454270886745
0.0689197888089123 -0.00678130330388926 0.113303054334969 0.0999633976457206
0.0718999143063966 0.0456752113472804 0.0511042999389194 0.182942098569301
0.0201837539780793 0.104491285253342 -0.0962091914944942 0.17066874764414
-0.107425273482602 0.0604680406024386 -0.135413045360249 0.0388491008025452
-0.0957035390351192 -0.0689532382088914 -0.023311060618871 -0.0618187981285265
-0.00554793420355612 -0.104397752856517 0.127228219151483 0.115322457156964
-0.0642286369078593 0.0522795376692245 -0.172816130935436 -0.124150080054302
0.0455473533303479 0.0538394943594625 -0.013640240339947 0.10679355512081
0.0565340934016988 -0.0203215549478455 0.175129360887669 -0.0257419893046058
-0.0160308100203879 -0.0511594362876731 0.120113401341915 -0.210848383824099
-0.0401889978767679 -0.00519768698535269 -0.0712113805043124 -0.235969475497738
-0.0221816381939826 0.0158678540921243 -0.170935565112589 -0.108857054554206
-0.0135142150272128 0.0228512919773288 -0.155205589345156 -0.00158583540816941
-0.000246639751844652 0.0220096837621689 -0.122806569821424 0.0527012975990953
-0.00387642814155004 0.0112049851820701 -0.11995752064111 0.0897804124189081
-0.00174012665354236 0.00234254482937761 -0.152245669420388 0.0772938318876034
-0.00729576385689347 0.00420403807529248 -0.1852594402254 0.00923438557006319
0.00517371523682035 -0.00839429311428157 -0.17179925455748 -0.105607593712163
0.0132192458579434 0.0366293699078264 -0.122901503985228 -0.228064723649473
-0.0395888970495543 0.0655615427111209 -0.0742360441113947 -0.277906275238361
-0.107414785362028 0.00678300871606252 -0.158261777550952 -0.205605466787383
-0.130155353935831 -0.00345800933065569 -0.150799632569282 -0.133485454947257
-0.0385503761537347 0.057247812660605 -0.0090181794793455 0.117889841066768
0.0120752676688693 0.0299188941156969 0.194659050717761 -0.0100837922378479
0.00255791573030843 0.00522805851825948 0.145873198111581 -0.21507599383152
0.00181697194410069 0.028047774450706 -0.062141509221902 -0.244033729110859
0.0270382197616775 0.0204842721741108 -0.164416979780118 -0.114794230182155
0.0287633577893374 0.00387910151072526 -0.149257061054741 -0.00667811373540472
0.0414184644212182 0.00252739666999051 -0.116158285505534 0.0529170074458205
0.0458992647355129 -0.00137836366960831 -0.106568265526735 0.0973247345104146
0.0620927575368532 0.024080823309881 -0.137232912554822 0.102658148029268
0.0324316984279757 0.0687975034854907 -0.186458691779007 0.0495637567453312
-0.00978367027441304 0.0709799425473808 -0.197894294280494 -0.0672321422616732
-0.071083919024378 0.0722266293745864 -0.146118682574093 -0.20174648041286
-0.142230670792167 0.0314445576574248 -0.0759980788342803 -0.246770327494715
-0.184967754910524 -0.0598524033707687 -0.125396135257075 -0.169106319426707
-0.175559032135047 -0.0696432763542829 -0.104033523241748 -0.117751896255785
-0.127783361379776 0.0392712941254422 0.00116458975518461 0.14385744730359
-0.0521569432118942 0.0735188294627408 0.218413564337972 0.0322403685611925
0.00976855921656889 0.0722437023520003 0.189070949920888 -0.196023314814273
0.0433856233197326 0.0672269980233097 -0.0291547833330547 -0.243624292844095
0.0773816921111889 0.0296328078994226 -0.135801101676591 -0.123193091261796
0.071068901645446 -0.0131971312439845 -0.123181341972567 -0.0192754530013779
0.0777384727801623 -0.0165329896403336 -0.0921043761222664 0.0455153978631159
0.0838359185589087 -0.017405346383395 -0.0748561040067463 0.0970171807265591
0.114412186161037 0.0280279005382395 -0.0961724770512075 0.127881882202852
0.0804006244210814 0.105874181958297 -0.160880967838948 0.105421224647074
0.00917401682607751 0.134924356461327 -0.216032860440305 6.96474205264283E-05
-0.118476610409296 0.125397157869288 -0.177102847224698 -0.153788627959952
-0.217729111653814 0.0261329857278015 -0.0758786942709282 -0.211791835435589
-0.240290176763996 -0.100694008653549 -0.0730436158366283 -0.117247301660869
-0.190110097112262 -0.132678627702886 -0.0409421763520751 -0.0749414154887814
-0.201089516545389 -0.00303776842926595 0.0156398457396367 0.178746092312449
-0.127450129586075 0.094183487285943 0.230512238358039 0.0934923467503587
-0.00377471099728563 0.135181044214996 0.230871742779548 -0.145882376486519
0.0732335924804627 0.109163118871079 0.0217279905073662 -0.221044368773482
0.118426224018254 0.0434743396427528 -0.085339141481253 -0.12592864026717
0.105802389733826 -0.0255751604431705 -0.0800990048489766 -0.0357722583871753
0.102808243557667 -0.0351177703103082 -0.0554781572861391 0.0325059114266913
0.104301196403234 -0.0336609410286931 -0.0310158272618661 0.0872978859461562
0.143986804498598 0.0188742908597739 -0.0412561155346948 0.141690845091952
0.119349528097548 0.114265839207879 -0.110488818618886 0.153590240402368
0.0426669790086046 0.168268124235924 -0.206258630702769 0.0725255568140336
-0.130486420074703 0.16836335363556 -0.192752670584111 -0.0938348398814168
-0.252947209203897 0.0309680579548078 -0.0701831141115121 -0.178481257108352
-0.26090500213907 -0.119479266322457 -0.0080715841914452 -0.0636026820839278
-0.169949589951586 -0.174709996672482 0.0299142902706625 -0.00895876137393265
-0.232155597525122 -0.0600204205736764 0.0340536303200296 0.211932122233415
-0.188980680242979 0.0791299868772998 0.218921109726266 0.158475441778709
-0.0369019842327144 0.171856484201529 0.249077716983435 -0.067444628704647
0.0816376534229196 0.140479214352878 0.0789682759932554 -0.169922089385757
0.139126439337921 0.056981543085016 -0.0192242368768919 -0.11818853948066
0.125573850194394 -0.0309843317879153 -0.0243152642210232 -0.0515709425162447
0.112389965904233 -0.048181109683741 -0.0110295982788416 0.0146865828362134
0.108873299258799 -0.0471117205009225 0.0163537911930549 0.0695292909471597
0.149729483719918 0.00636637407431654 0.0156465258153554 0.140473221908779
0.136157198107101 0.104762117709432 -0.0518166607380969 0.180202469406462
0.0637253256960271 0.174494871610726 -0.176220064489508 0.127285257813892
-0.128793861730376 0.180036688914026 -0.186820697233473 -0.0381959198953912
-0.250457481864389 0.0232760268282171 -0.0570842549883951 -0.146962071935584
-0.240526016094529 -0.129514139983534 0.0569171494317877 -0.0121550178577363
-0.117652494685933 -0.18125335654092 0.0959131405957555 0.0670901823375316
-0.208107075552978 -0.108612538646634 0.0514649161555778 0.238698788725593
-0.207387856862451 0.0378440615829582 0.185980975476457 0.206326536271802
-0.0666333945128062 0.16660214823951 0.234008205165552 0.014038160005892
0.0695196361451847 0.145077195616241 0.123730925295412 -0.100279915012384
0.131930600036828 0.0620189685167134 0.0494273566868305 -0.098789455498414
0.123747762764427 -0.0300781061768295 0.0325944551912927 -0.0641227386160853
0.106199295154125 -0.0537523539997757 0.0326420876999886 -0.0049142859052381
0.0985777998554447 -0.0523108634835033 0.0612566072137249 0.0488485664363602
0.135132645379358 -0.00272565217995361 0.0648465348325127 0.128276505004806
0.129469347828806 0.0890902819624531 0.000305640232370417 0.189324912883388
0.0626019117597845 0.163608495882833 -0.140805401344401 0.15878195054814
-0.127806060018044 0.160261081214143 -0.167920651425475 0.00289670740825553
-0.221115049930342 -0.00489193762346174 -0.041012279413361 -0.116901818356747
-0.1843745882139 -0.134284336786164 0.107954860452262 0.0361010560578379
-0.0474600278699318 -0.148849856829164 0.145893530282646 0.135117516423671
-0.139835041321363 -0.122909210311695 0.0643648368512313 0.25322498020391
-0.173929445758095 4.26225986222984E-05 0.14806337646705 0.231360118302958
-0.0691579538018696 0.127428628864207 0.199446977026708 0.0778688840765921
0.0507220044716428 0.114658901110936 0.150620762193948 -0.0348940802734363
0.101023897639081 0.0501711659892589 0.105673355300093 -0.0785952669089788
0.0976894155247956 -0.025720422140877 0.0812149453051956 -0.0740478066807006
0.0834308898518752 -0.0499309647452073 0.0697780372308161 -0.0229085903743918
0.0773416106148331 -0.0485939403140236 0.0980249183585482 0.0296037216314287
0.108551172442509 -0.00709462001882774 0.102483228723868 0.11398948490734
0.10832738009299 0.0696926362832926 0.0380583344518719 0.191713957147684
0.0464340693060763 0.142156449520594 -0.112288023133293 0.176180404662244
-0.125364885840122 0.120408415646178 -0.150959972220897 0.030007510179422
-0.172257800780435 -0.041323484305682 -0.0297316135344472 -0.0882001060008365
-0.103546540715604 -0.13172624838289 0.136797397783428 0.0805400976264009
0.0293768661750707 -0.0867136819174735 0.175345938277692 0.17588053516098
-0.0485374367198665 -0.0996894401029499 0.074400408322083 0.249617551948545
-0.0998487823152379 -0.0177875094176396 0.124305212190437 0.236839940216189
-0.0406474723723405 0.068062588927759 0.174642159742337 0.11124373965739
0.0305535381601515 0.057866683340979 0.16736952180779 0.00167706787210413
0.0530901906019045 0.0248132592064627 0.140143481034316 -0.0711560705598211
0.0544733752913596 -0.0192071224242333 0.110044483732114 -0.0824924182549395
0.0486283696033627 -0.0376453468192316 0.0933561733878699 -0.0374011938193853
0.0484140435428347 -0.0370447191187522 0.122045073850714 0.0152904903975844
0.0731304121916762 -0.0106458423183205 0.127567204271338 0.104324380804739
0.0785213483320797 0.045218181724733 0.063002646431092 0.19573742951694
0.0261905789382923 0.109855501892188 -0.0953590427122959 0.18826258193021
-0.112023828180541 0.0703447307640136 -0.144342343811349 0.0467959797682685
-0.105584854779623 -0.0708271686423341 -0.0284691506652254 -0.0661047409791859
-0.0107250240870774 -0.112809475357219 0.139942129874568 0.117929117704182
-0.063400564681701 0.0597217048341939 -0.19161227283351 -0.118313799119414
0.0518314397485318 0.0520460604350265 -0.00506501710118992 0.115864433495338
0.0577849221153248 -0.0261325996161064 0.184245750254691 -0.0387741776132801
-0.0215413248029233 -0.0526466690786175 0.111652554139973 -0.231002260285661
-0.0424226833427158 -0.00225936499544097 -0.0939467159200729 -0.24612905460212
-0.0213665950446764 0.0187504155782096 -0.188252219095551 -0.103781325909988
-0.0114266261377795 0.0256388225031225 -0.16312128223559 0.00874571928809666
0.00236367070725181 0.0228143642432966 -0.125618883459499 0.0639265362990952
-0.00203821142173732 0.0127718582714206 -0.118791934245754 0.103417544427476
-0.00136872653559737 0.00331957270930685 -0.155932548760597 0.0929036828675726
-0.00747163264922339 0.00646787104586472 -0.195544479534724 0.0223968757023423
0.00376516493066899 -0.0084946306744178 -0.188138077865481 -0.102794741955203
0.0164512773838745 0.037292466001689 -0.146032500679685 -0.235990702928636
-0.0354316828069955 0.069847379838733 -0.0964592888188155 -0.289687349712077
-0.113264796101295 0.0127520930610997 -0.177277991860796 -0.209488447223948
-0.136724028971945 0.00386625836000451 -0.168345400026659 -0.129774678043545
-0.0365937010124178 0.0616427350476586 0.000514236587174464 0.127451146237831
0.013814322491425 0.0298918668656098 0.205096733486662 -0.0225641712520969
0.00197152304473224 0.00565636782853161 0.138381437893779 -0.237269864446617
0.00376786292135339 0.0300599040709311 -0.0836343276560009 -0.255150287174941
0.0306572081004636 0.0202127037887331 -0.181253059199408 -0.110413325201564
0.0314708260351184 0.00257791672715302 -0.157296469124636 0.00355216334284157
0.045334214214279 -0.000346809424084019 -0.118251411480512 0.0644212560788043
0.0494062413366702 -0.00387215067726708 -0.10430245563215 0.11093089562086
0.0682975580151094 0.0218600332648863 -0.137076586180714 0.118911453326678
0.0392005095113012 0.0718465441710865 -0.194073002807807 0.0660609759735236
-0.00729956011867697 0.0760138803827076 -0.212551729958571 -0.0585587982795713
-0.0705820413426835 0.0802333400001573 -0.169809540407894 -0.2068449206507
-0.147030692611684 0.0405550428343851 -0.0964318193788977 -0.257126675498929
-0.198695406681903 -0.054005168946286 -0.141435974484938 -0.172267749967806
-0.189153507309216 -0.0639868085456397 -0.118161599080397 -0.116904274997132
-0.131897455710064 0.0484474645855724 0.0125374477705664 0.154657972407695
-0.0519194748095024 0.0802404836162529 0.232542777888018 0.0213132524249565
0.0132284170972113 0.0755348765216483 0.185000152584089 -0.220769696404218
0.050787062473981 0.0689655789798938 -0.0481386997411248 -0.256076031328465
0.0836131749011966 0.0267010655730186 -0.152157182956811 -0.12121345394144
0.0740578365677164 -0.0182142654217156 -0.131606443722609 -0.0121259682856282
0.0819445303290591 -0.0230169842844576 -0.0935103168702087 0.0551194093877367
0.0877899279757169 -0.02328237019599 -0.0700595785459417 0.108893518143808
0.123810754781563 0.0226794245904636 -0.0914220642037633 0.143149940953919
0.0925634350483532 0.107520735483548 -0.162747784677948 0.124314311296844
0.0168381406962886 0.141812686299432 -0.226297587306031 0.0140991865083106
-0.117499336748028 0.139679092057714 -0.199070918529032 -0.153054151683363
-0.227577087434481 0.039692861062185 -0.0948648549291009 -0.219818761597386
-0.259318939812977 -0.0940637874846216 -0.0839386640132442 -0.120324386364936
-0.209310630170509 -0.129473483125271 -0.0484706455964984 -0.075832094051776
-0.211457305389372 0.008716994403114 0.03029643721292 0.18977920327255
-0.130029583483692 0.106875246410301 0.24871442040343 0.0856887217769911
0.00341437183778559 0.143502911927514 0.232820057873387 -0.169332305833578
0.0849906678733226 0.11074157374803 0.00750434671500129 -0.235595482444038
0.128571255114845 0.0379743372267342 -0.0989246395533143 -0.127934325355638
0.110166256242 -0.0337580946818554 -0.0876663283903571 -0.0323506528283072
0.106939000653505 -0.0440030437724424 -0.0550425821612925 0.038630042433871
0.108257726983678 -0.0423727239072418 -0.024510243547401 0.0960730719623058
0.154570611727766 0.010613190766575 -0.031429171394301 0.153958168504035
0.134900022356565 0.112833829995896 -0.105056364692899 0.17212001578595
0.055031125622937 0.175161164888888 -0.21159335338512 0.0918802367121429
-0.127418258334519 0.186346193017355 -0.211405914329333 -0.0871565066293392
-0.265558715707353 0.0480947400830794 -0.0868644528374486 -0.18492208163206
-0.282258653350113 -0.113698368928792 -0.0125450447645946 -0.0676555463895206
-0.191076641588958 -0.176282386967659 0.0304050122700736 -0.00996682325088742
-0.248882023523871 -0.0492567933668154 0.0509124661193845 0.223276994995901
-0.195668789281041 0.0950866983395336 0.241689227253201 0.15507158337911
-0.0285315744781244 0.184341468207834 0.25847897633966 -0.0876519382951025
0.0961247742861889 0.143239437279383 0.0716279776633925 -0.184320979771357
0.151816182920624 0.051156419786309 -0.0282693323417749 -0.12376746446488
0.13003529451756 -0.040863230612616 -0.030836251144044 -0.0532502410922201
0.11625979593303 -0.0585467328724359 -0.0090139002329985 0.0165083236079861
0.110688751573947 -0.0563298024669398 0.0238820718206131 0.0747453804408047
0.158807845669238 -0.0029623050764378 0.0292554540867337 0.147709537352444
0.151588918285073 0.101576268077524 -0.0412104614830679 0.196211336862826
0.0781658275436002 0.179213914304391 -0.175356856330271 0.148173388784773
-0.124288800545513 0.199115748951439 -0.200884731276688 -0.0287993448489341
-0.263277403615984 0.0396547003014183 -0.0702055963581145 -0.151654924027677
-0.262237401008877 -0.124680010952028 0.0584010016331002 -0.0173377889285254
-0.13642139000174 -0.185898726654285 0.104809644434359 0.0667133384476174
-0.227302262963908 -0.102141897249126 0.0705355989691622 0.250604031882737
-0.217907683566007 0.0536848981453297 0.209769300433867 0.208225884902791
-0.0598644887152539 0.181402826667865 0.247283653707348 0.00077085961578995
0.0836349681712377 0.148180991603561 0.12440557433362 -0.112685253618739
0.14466171715392 0.056550806084818 0.0450455204662862 -0.108214114365942
0.127551044719052 -0.0399400226303159 0.0281726046508263 -0.0710858556320369
0.107592500792259 -0.0639758678346609 0.0357232003565301 -0.0069020199475265
0.0994628623148549 -0.060730794730141 0.0698298061346558 0.0491737643938543
0.14239588279479 -0.0113901006666628 0.080227425347493 0.131376154145585
0.142674398957351 0.0853398211158811 0.014109781494958 0.202332883961214
0.0760826841109455 0.167600366851057 -0.135767438043891 0.179533675385456
-0.123974503022997 0.177902079475792 -0.178265735317737 0.0137902129203086
-0.234174394201052 0.00846985694371896 -0.0520532020919905 -0.120878876055198
-0.203145532399049 -0.132742654465309 0.114775703280895 0.0300558713423474
-0.0605763861497344 -0.155601726400007 0.161436067466981 0.13549045244046
-0.156414107890292 -0.121196766610799 0.0842475015467664 0.265290560252639
-0.183598347043108 0.0126052269081268 0.171197168903491 0.236623142495761
-0.0639694112599582 0.139463332958414 0.215159787959429 0.0706084574573744
0.0614817092086043 0.117245202745634 0.157773873645769 -0.044570179029383
0.111091121792834 0.0462506494242166 0.105686719269607 -0.0905884463977751
0.100714774092988 -0.0336768813970172 0.0782201451247266 -0.0843443306619742
0.0840954535192143 -0.0583468987485114 0.0734544853441112 -0.0289393207601484
0.0776940381670109 -0.0560378357252371 0.106861623804373 0.0258850757496874
0.113844207038831 -0.0149744663846908 0.117992270022502 0.114023696071059
0.11843739211422 0.0657214061652348 0.0541492748794462 0.202141361524689
0.0586001410439689 0.14513002146347 -0.104963514233988 0.1955516596371
-0.122903055091841 0.136056751781177 -0.157394867456483 0.0415265005356265
-0.184931238359802 -0.0324103839653922 -0.0383360067958559 -0.0911086715908002
-0.118048162029295 -0.134823535290107 0.147681265221118 0.0754959729870342
0.0239087757824421 -0.0940371485569743 0.195301028921664 0.17673221964113
-0.0584082461703792 -0.101628649481639 0.0937180236177425 0.260403169706932
-0.105825463992041 -0.0107003878732374 0.147144814154414 0.243594167618543
-0.0370178343879456 0.0751340698547843 0.191328319431611 0.10842590776449
0.0369849175673129 0.0581407054367921 0.177106765368538 -0.00772428155975344
0.0582523665126948 0.0227045909509438 0.141693189202245 -0.0851594439265354
0.0552781302040749 -0.0235636559837674 0.108901476217655 -0.0950096877220546
0.047889281091629 -0.0431213233132816 0.0968359419013644 -0.045516760969413
0.0473746736629963 -0.0418388898528834 0.131488595604485 0.00883749996664197
0.0762235016728181 -0.0159498002279628 0.143035317217965 0.101599835828899
0.085072666820491 0.0423534431089415 0.0811815529721329 0.203999044406981
0.0344431674343665 0.113012479769658 -0.0860556996280892 0.206409902436323
-0.112885878336035 0.0825703837120705 -0.149042542155763 0.0592072569642712
-0.116867327603175 -0.0684641106651192 -0.0354934753218918 -0.0676554021293588
-0.0197181889408657 -0.1189070624878 0.154064892719909 0.113871235610605
-0.0602786789738411 0.066086669199715 -0.205688721758228 -0.10650588281136
0.0574042790252006 0.0480503345355211 0.00652775921552494 0.121245343072051
0.0571477641030803 -0.0310831341682406 0.187234847894537 -0.053005058318117
-0.0271120940454757 -0.0516283222929012 0.097406107736393 -0.246430502872426
-0.0440693185713122 0.00174415737849625 -0.11698412186639 -0.247474341161737
-0.0198859052286096 0.0212215097844381 -0.202473331002172 -0.0932610472877441
-0.00823007926125504 0.0268509886163224 -0.166374545912682 0.0207937296141912
0.00550016134924818 0.022317727542103 -0.124778260803965 0.0744730733167601
0.000217672863267286 0.0135420785425034 -0.113461093980421 0.114927244685405
0.000211487902032023 0.00456030107665346 -0.153157035683118 0.107721517120815
-0.00640172388241678 0.00842636439690554 -0.19952766469903 0.0371113332476481
0.00244536120489015 -0.0081126508688278 -0.201000889734582 -0.095034483996282
0.0195119252881538 0.0361849011229731 -0.169134539738829 -0.234906952039362
-0.0308502632089781 0.0714907987936293 -0.11884647634228 -0.292754071814995
-0.116278240973218 0.0199989114516594 -0.195193178193933 -0.206881271490709
-0.140234153009447 0.0124639229249584 -0.182775941244536 -0.12056702169606
-0.0329941762002671 0.0639249790738853 0.0123269208849563 0.13268965344603
0.015458660855635 0.0290308602757029 0.21028484719765 -0.0363101647462797
0.0011995809926509 0.0061585936160696 0.124949431275111 -0.254283516305239
0.00623621587398073 0.0313145232628487 -0.107143515509851 -0.257565209130203
0.0339679533233626 0.019188955198953 -0.195462074801319 -0.100853810735646
0.033977922365074 0.00120941377347841 -0.161622795429353 0.0145181034052639
0.0481829954342704 -0.00437990518041199 -0.115919152995331 0.0746226233432674
0.0519676916173338 -0.00773523834922301 -0.0967755181232293 0.12276652472665
0.0732472722370604 0.0181013738310468 -0.131506732065565 0.133442088849442
0.0467484192169539 0.0726086075982662 -0.195452345394438 0.0834735389592452
-0.00354571267736989 0.0799371442590355 -0.223163389363863 -0.0470560212470909
-0.0680368425810175 0.0867501476175489 -0.192225011851876 -0.203048459599037
-0.147891294874905 0.0491649187835664 -0.117230338178968 -0.258288831608117
-0.208691287104038 -0.0444325690526237 -0.155933838543484 -0.169994114662324
-0.19911694426096 -0.0545182702215163 -0.130058897808208 -0.111452036708228
-0.131949304536041 0.0570244366397457 0.0261997414926163 0.159918550142769
-0.0486032392035208 0.085563964836089 0.241120901427774 0.00635632280334914
0.0181463586152862 0.0772198153218783 0.173790242766064 -0.240745087088976
0.0572931284742994 0.067736520806451 -0.0703489001157721 -0.261345627375965
0.0888480603027585 0.0213930800804063 -0.165663468720419 -0.114131573893932
0.0760119182792917 -0.0230569341292262 -0.137029905085481 -0.00320993441434391
0.0836500100662653 -0.03041489437418 -0.0910259071889029 0.06353274670725
0.0895135720130568 -0.0297814927446745 -0.0616032547116249 0.11885845898349
0.130265377187052 0.0146919137252088 -0.0818968005129376 0.154919954296279
0.104229768176429 0.105615778705926 -0.158703016988564 0.141999073976775
0.0257397586292168 0.146033591411531 -0.231492042223202 0.0310378437271469
-0.112458004280194 0.151795349080069 -0.217778370533249 -0.145313515656771
-0.232156259808359 0.0552173586286686 -0.113068068062816 -0.220996104240881
-0.273522779472828 -0.0826986923160761 -0.094495577927884 -0.120334193511262
-0.224846030307733 -0.121284943082493 -0.055531500532226 -0.0732705071319801
-0.217388695728926 0.0228092580843523 0.0469394706067069 0.194952323271767
-0.127858112253966 0.118652834401699 0.262569828208119 0.072488504288427
0.0125754758729087 0.147792629790722 0.226854194871976 -0.191103935514158
0.0960751348532879 0.10830877248949 -0.0100594544350202 -0.243371992040116
0.136218236754743 0.0298550022319758 -0.111150439769374 -0.125370743208198
0.110582577315952 -0.0414915041140788 -0.0937136970477735 -0.0269107690597816
0.106996312092534 -0.0532737830341151 -0.0523056420849731 0.0439107308431644
0.108679646190023 -0.0501589146549798 -0.0158090643659616 0.10215506850449
0.160559235199576 -0.000128542081732025 -0.018699135119806 0.16128781842627
0.147852177606642 0.108010941879127 -0.095780973753491 0.187768796002628
0.0676870926045898 0.176940591482474 -0.209636824867083 0.110630885809544
-0.118750558942422 0.200962273199551 -0.225912089165233 -0.0762723466253296
-0.270555961076441 0.0665954856392715 -0.102700391023706 -0.185271846614032
-0.297689249897101 -0.102607496933643 -0.0186429624693379 -0.0703417046556721
-0.209437572152229 -0.1700363085757 0.0299822052177679 -0.011276432045597
-0.259937387571635 -0.0338205800592576 0.0698062262780771 0.228376470526164
-0.196060823112679 0.111434322168587 0.259453899079376 0.145518741505459
-0.0174352780025896 0.192080596776939 0.259026014233256 -0.108698491180011
0.10923133930285 0.141005444036482 0.060373189625974 -0.195186947896188
0.160901340266483 0.0417750662961061 -0.0383372864895345 -0.126060982640914
0.130433492641105 -0.0505360393797061 -0.0373880079585183 -0.0527736161022342
0.115035487737757 -0.0687038844231034 -0.00673736526240746 0.0174120710310127
0.109754912902303 -0.0646883077718437 0.0332208487211687 0.0765689583738664
0.163936180525113 -0.0145221311756539 0.0439901204778732 0.150462913659026
0.163891349728253 0.0943787398682068 -0.0273729268166635 0.208155769246607
0.0915966750172003 0.17879139873745 -0.168108506475624 0.166788442894
-0.114444649029639 0.213848239149866 -0.209886970086621 -0.0157141167945593
-0.269106082603949 0.058119658504426 -0.0839640657065082 -0.152194515913773
-0.278026439858588 -0.114120377722998 0.0576794056252622 -0.0231559959509432
-0.154547594621226 -0.184567281675268 0.111536813683125 0.0632249400234437
-0.241559425547717 -0.0895592094042581 0.0907482125969339 0.254822472020103
-0.221810075122895 0.0707220249848528 0.230451069382836 0.202151152170422
-0.0489255785528264 0.191302048276265 0.253513305403356 -0.016099604435642
0.0975025060170147 0.146704213199193 0.120539668620563 -0.123346885200413
0.153984870284198 0.0478194809242959 0.038234504836852 -0.115490211837861
0.127331351449836 -0.0495664126286134 0.0220176677294549 -0.0750018029596441
0.106049020646271 -0.0737740596669404 0.0372533473231968 -0.0100849665123091
0.097377658088945 -0.0686507766112715 0.0778620677986572 0.0466716515019102
0.145975027223746 -0.0218398915167676 0.09481682113237 0.129360982168539
0.153630485147074 0.0776288780573972 0.0302093516868099 0.209744818292462
0.0889337356441211 0.16586060443817 -0.124748869123307 0.196672957596491
-0.114545192880758 0.192157432746524 -0.183570924400504 0.0260303922826164
-0.241298496588753 0.0247447799773224 -0.0623127071458783 -0.121800135691002
-0.217914485519269 -0.126594670072548 0.118489807189698 0.0223022024288945
-0.0744251996470558 -0.157613453447062 0.175040569270867 0.131311618189552
-0.17001418480903 -0.114690876564643 0.10577556319482 0.269365278666533
-0.188023278365973 0.0260570775576533 0.193217499327163 0.233999729355773
-0.0554168883014447 0.148457812602208 0.225880920166457 0.0592763214825841
0.0724693888158627 0.115951427960388 0.159604010244672 -0.055372628550606
0.118908349358317 0.0394198672197872 0.10197394478426 -0.101505915700818
0.100615315332489 -0.0413549319545881 0.0726608015353332 -0.0923373608384395
0.0809378217839706 -0.0663769163000219 0.0737307172624554 -0.034559333798664
0.0748899038686812 -0.061780695301017 0.114237129072634 0.0195912765378638
0.116058493210623 -0.0235298469629554 0.132467883522183 0.108785520137722
0.12660037002221 0.0591524583964041 0.0712791022168444 0.206409054829873
0.070202608355255 0.143916324918523 -0.0918456322470161 0.210630507585249
-0.11646303765359 0.149190844616993 -0.160299318344692 0.0538490577376236
-0.193728255289002 -0.0209590198294604 -0.0462176518360736 -0.0919982293922505
-0.131528496464239 -0.1321148116361 0.155779971895155 0.0663425104524406
0.0167636244240455 -0.0994239913668431 0.211843014437263 0.171954713380846
-0.0677797857730849 -0.100184132759626 0.114258373474046 0.263593026895063
-0.108721240842718 -0.00301363533668371 0.168852385880278 0.242329945166013
-0.0314987407193227 0.0792546000968644 0.204913547047592 0.100790202749496
0.0427969035691229 0.0559094150845328 0.183565956957042 -0.0192041194021638
0.0626739321630969 0.0185773085518495 0.139513696213425 -0.0977448694944629
0.0542762759058825 -0.0279126990352 0.103170827298524 -0.105723761679855
0.0448825483971281 -0.0483817659738034 0.0968029355322055 -0.0533704481027799
0.0450704806828187 -0.0458909307133812 0.138004459029507 0.000355858771015419
0.0766775509083222 -0.021896844759611 0.15615651810891 0.0948125686383477
0.0902337383560378 0.0366056637658081 0.0988920024507169 0.205533694957164
0.0432273610477721 0.112730506287391 -0.0729393848833179 0.219398228931165
-0.108618870710865 0.093074677478904 -0.149988648227065 0.0718578808472725
-0.12593596018539 -0.0624480080728184 -0.0427911789938364 -0.0676515148293953
-0.0298691260992504 -0.122007321959948 0.164666319570486 0.105709292011787
-0.0564264008749538 0.0696075417907998 -0.213259991868627 -0.0954270525492517
0.0603953547519453 0.0437319772358074 0.0167356439231096 0.123370538898286
0.055773521036319 -0.0354309709403634 0.188320024008863 -0.0634869234298929
-0.0308122153029614 -0.0497393534457473 0.0841090817881254 -0.254578257703456
-0.0443046356174214 0.0050012482697018 -0.135540257149994 -0.244665210682838
-0.0182496447971818 0.0229340797890412 -0.211682953327783 -0.0828607677625327
-0.00485481922933377 0.0278125520919792 -0.165739275581573 0.0299922891384426
0.0082195842135587 0.0216856372298851 -0.121284721174204 0.0824062838868
0.00284227462215392 0.0134242716031466 -0.107134762599407 0.123157034496577
0.000663434589349307 0.00519058193826534 -0.149241647734339 0.119203779531282
-0.00574246151334388 0.0100463050637448 -0.200214257025882 0.0489119081000435
0.000272129883328981 -0.00746894631176322 -0.209403896919576 -0.0876504353505501
0.0219980695776745 0.0347159834452902 -0.186472009011096 -0.229873972296161
-0.0267946587797322 0.071440380992954 -0.135726784413884 -0.29087819994704
-0.117166774674836 0.0261376104496531 -0.20658711604014 -0.202919485455661
-0.140670513861707 0.0192182659170724 -0.191392827436895 -0.111510201751959
-0.0297650873003999 0.0648229812168072 0.0237207022104238 0.135217671093148
0.0162576607229012 0.0279496788369305 0.211771436501849 -0.0473895499747929
0.000467754837976616 0.00667284007154088 0.110582762062716 -0.264589509109669
0.00805438601428423 0.0320160392226292 -0.125152811832921 -0.254390274305225
0.0359856397917073 0.0179136373333416 -0.204688529011688 -0.0908952560126973
0.0360292999367778 -0.000574105820251016 -0.161628315004533 0.0242305258992102
0.0496184287512184 -0.00736531397497583 -0.111974631373788 0.0821413132554273
0.0531153801910831 -0.00992131791574781 -0.0888290555519481 0.1299965629202
0.0762191333404103 0.0143660984642779 -0.124367288527029 0.143844437094377
0.0522247423088712 0.0720411078275136 -0.193031571217091 0.0963082032704442
-0.000458241575249993 0.0822870611267325 -0.227946334310174 -0.03673326143208
-0.0648408291889322 0.0908307756087502 -0.207824541215798 -0.196515641479668
-0.147105684101998 0.0549137782469774 -0.131694685050873 -0.257159757238446
-0.213824151540196 -0.0362644394360346 -0.165439588158417 -0.166895999377317
-0.20501461251137 -0.0457212614678186 -0.137380672519678 -0.104569133090579
-0.130227801568038 0.0637322874624608 0.0384142114341963 0.161974150537901
-0.0461564288508599 0.0882069236725385 0.245324906283932 -0.00465844049835059
0.0213700992417482 0.0775360350939969 0.16135710343156 -0.252596625038197
0.0619753263436593 0.0660903378592708 -0.0881165477381567 -0.259876332308705
0.092296330010703 0.0168923855077388 -0.17487868061259 -0.106281006669953
0.0768149386008359 -0.0265830272342948 -0.138562339526176 0.00535583161034893
0.0842163472839821 -0.0361056416434529 -0.08734734420054 0.0695971001593245
0.0890170713349692 -0.034719584713013 -0.0528356027096932 0.123978657871744
0.133816351740376 0.00781685176113686 -0.0717553142994992 0.162359186373038
0.112527749627961 0.102070080728307 -0.151405159561804 0.154685924850687
0.0329123513482909 0.14714947086546 -0.231173043051836 0.043749862848882
-0.106427567789047 0.159513411031277 -0.231462796167169 -0.136375446180917
-0.232455480573747 0.0660857007424333 -0.12658039687628 -0.2186245188707
-0.282066663927694 -0.073348272714608 -0.101663117036683 -0.119042031878582
-0.235146766578262 -0.112179570766234 -0.0602413144777491 -0.0704614350210061
-0.218184436205894 0.0336556863902539 0.0603243069688287 0.196534147559704
-0.124189828929455 0.127179287811333 0.270427562355342 0.0616035013469827
0.0198794868262848 0.148962174937927 0.218244363242002 -0.206042638984466
0.103580761473613 0.104723112662767 -0.0254655779639359 -0.245231787457151
0.140509564598962 0.0226072133702931 -0.120884994636171 -0.120262951456455
0.10992006236665 -0.0473122510595084 -0.0968418000928884 -0.0212332777986097
0.105844144901767 -0.0603471984649136 -0.0489485803588072 0.0470738246457532
0.107003955162266 -0.0561312285160767 -0.00667432516600424 0.105129705433614
0.163769391482645 -0.00898668077437359 -0.00698165883647378 0.164560868990639
0.157077384595048 0.101104875830127 -0.084735763174109 0.198101726468562
0.077102121014885 0.176055245807403 -0.204496317788806 0.12409805158698
-0.109976422058138 0.210228714998603 -0.235181917783448 -0.0659435160226935
-0.271047610713209 0.0810188105872391 -0.113906045338559 -0.182958778485031
-0.308212969505453 -0.0915095858861813 -0.0230883694158799 -0.0720430254070734
-0.222389657565439 -0.162772331076066 0.030148461046877 -0.0118189189070126
-0.265608839996432 -0.0209894306700668 0.0846624767331468 0.228854065222191
-0.193539557520477 0.12356051864991 0.271115582814833 0.134785160902858
-0.00755667108346908 0.196131232526204 0.254918261924453 -0.123075762630405
0.119447928418794 0.136492592305026 0.0499220366744564 -0.199795646005351
0.166492229435827 0.0327963969255334 -0.0470949342195168 -0.125747318019397
0.129116072929035 -0.0570859764280246 -0.0418589780347664 -0.0507079499009039
0.112451031729971 -0.0765080142237597 -0.00466946916381525 0.0181359801386573
0.107161084881284 -0.0702237014147174 0.041396850437949 0.0761224185357845
0.166034063766503 -0.0233541366856092 0.0558056455151047 0.14930904852797
0.172992197983237 0.0863123130529454 -0.0144397429190587 0.214778421767661
0.101796676320114 0.17594398619228 -0.158656138493028 0.17961535275675
-0.103928018328838 0.223528146000854 -0.214677779283029 -0.00495779212501077
-0.271116068140558 0.0725886549588683 -0.0935565954726277 -0.150542727781678
-0.288093866299182 -0.104621363887555 0.0554821463464422 -0.0281479132224038
-0.16792720087946 -0.179789469026774 0.115987311823899 0.05967489793149
-0.249424827454484 -0.0775305816701218 0.10664625836426 0.254225560854525
-0.220830224366341 0.0841323964799129 0.244786255361374 0.193989139996338
-0.0388570835059077 0.196465406768035 0.255509589393928 -0.0283529515755227
0.107018606384201 0.142956914169821 0.114836794771198 -0.130483973135596
0.160210309691981 0.0387277079917105 0.0315182951424659 -0.119442176196814
0.126205103090523 -0.0561097525272774 0.0168241596664487 -0.0765797953537479
0.102282823602015 -0.0802409318525297 0.03845288035316 -0.0121743076384625
0.0942293865926855 -0.0736100123711508 0.0848167359046197 0.0434378158367294
0.146914240265271 -0.0302848547291216 0.106020084870117 0.125211969777235
0.160010016307299 0.0698790111044204 0.0443770849262066 0.212883621991893
0.0987094920942136 0.162567817289855 -0.112494216211174 0.207182109618374
-0.104533697560711 0.201439467700418 -0.184857740761532 0.0360976142132447
-0.243735575401808 0.0375610042527416 -0.0706035421475081 -0.120340158048312
-0.228509891304319 -0.118875092809606 0.118943024542747 0.0151139297853913
-0.08555647392758 -0.156666138972714 0.183083024573077 0.12518847400383
-0.178440739084538 -0.106595968322582 0.12133484987786 0.267902460259979
-0.189003306290199 0.0374938740003979 0.209005780575025 0.227897120240401
-0.0473721019080497 0.153258285624399 0.231896901144429 0.0495476024848421
0.0801792971022883 0.112281426142146 0.159489972381257 -0.0639533048622629
0.123871134982407 0.032595861589515 0.0966623444815947 -0.108438189504745
0.0990399676373846 -0.0467285418312668 0.0666342418468316 -0.0973785844097751
0.0773096012419193 -0.0722424320337497 0.0734732532519654 -0.0391891977853797
0.0715990099579978 -0.0657263016000544 0.119117201231119 0.0141294435632684
0.115808496044809 -0.0300404751856508 0.141760511483489 0.102599815567256
0.131092141722578 0.0521513738850421 0.0856470802309839 0.207339948068789
0.0778905280219665 0.140740283333296 -0.0791850803707238 0.219720721539658
-0.10813537763278 0.157658801933227 -0.159329923208626 0.0630383866090092
-0.197969451140197 -0.0116049358042161 -0.0530919502617904 -0.090971699074855
-0.141331698152879 -0.128582696160692 0.158841975730495 0.0582033451067342
0.0102100072779884 -0.101918615067734 0.222490012869768 0.165047345404854
-0.0745366393140203 -0.0976505040095554 0.128492241692749 0.261881051646841
-0.108567771236803 0.00326409984345099 0.185269804616596 0.236968464649805
-0.0260546335667683 0.0813261265355089 0.212891671423097 0.0929375228186475
0.0462055686257194 0.052813880757016 0.186318191900857 -0.0283894911393757
0.0645041350052818 0.0143253926469841 0.134736330858924 -0.107554508132263
0.0529761037524034 -0.030957498739413 0.0969780988350439 -0.11250869097343
0.0409928263034487 -0.0515722779992509 0.0952963619214816 -0.0596242307975726
0.0425617252854281 -0.0481667273263961 0.140928122985796 -0.00712429321180277
0.0765518396557423 -0.0270749835436782 0.164304948222127 0.0873826337251084
0.0927688418045493 0.0314020216151284 0.112697836994857 0.204074059883711
0.0497479899381638 0.110115766395992 -0.0600439933759338 0.227526924822385
-0.102909002374422 0.100671112147086 -0.148724460669895 0.0803665325694695
-0.13262351838694 -0.0569625877735073 -0.0480664286423325 -0.0665552421452239
-0.0378023577695033 -0.122561340169153 0.170663941834814 0.0969906952440057
-0.0841784183871449 0.0405237170093578 -0.152475163828394 -0.17053248692242
0.0369628207550967 0.0640735763202098 -0.0283796308671967 0.120732516480037
0.0670140856338813 -0.0107031396075744 0.203039742303009 0.01340051782167
-0.00933349393812518 -0.0569007596316776 0.178254737311276 -0.207140386080786
-0.0427946172830537 -0.0100973806768605 -0.0306358405327039 -0.283088210952749
-0.0246269741564698 0.0146140601370531 -0.163925423509224 -0.162391109278916
-0.0132884752669903 0.023826642012613 -0.166413446137514 -0.0382377998857103
8.07966501064445E-05 0.0233105743391277 -0.146415176356211 0.028520694246347
-0.00117357558121003 0.0153218840718834 -0.147626122560479 0.0719936950868416
-0.000393406393226479 0.0073353312202705 -0.187884089569955 0.0535036115216751
-0.00979859901337316 0.010973555507098 -0.204752994387386 -0.035251191772445
-0.0006949851269099 -0.00444546866439348 -0.15907210877807 -0.17005894773773
0.0032180927689732 0.0400750878768179 -0.0827216587417262 -0.289219277013934
-0.0555308887023998 0.0528053680926758 -0.0150385731163585 -0.327699844780645
-0.125396381388482 -0.019597588727857 -0.108451996312906 -0.28312995690276
-0.141780557226611 -0.0458358861183403 -0.129277030659819 -0.166148057065426
-0.054435674554797 0.0448532384389571 -0.0263467821648919 0.139889451392687
0.00364918385930234 0.0314290380666172 0.221500795991228 0.0423133208707784
-0.0048697906958096 0.00717558565791315 0.211452993515819 -0.206612095709699
-0.00554714319770177 0.0366427819524061 -0.0135884067156302 -0.290647575450491
0.0271627365192883 0.0319034598501497 -0.152462164488512 -0.168700460078552
0.0349423324924136 0.0141967290710731 -0.159539824124322 -0.0426355862468398
0.0507661291310445 0.0124307411555961 -0.136633169966715 0.0318483338570078
0.0553552816375775 0.012566147893201 -0.132287771955825 0.0871930594184459
0.0671847710690852 0.0446549737159952 -0.174011259151781 0.0882555425107156
0.0223231938004559 0.0917184929565532 -0.21686532297946 0.01381363255073
-0.0361097211962735 0.0803946250554978 -0.198132236400675 -0.128198304820653
-0.101286998381523 0.0623563769708103 -0.117991797373134 -0.26811856959428
-0.162681104678267 -0.00582089594233582 -0.0264378063532189 -0.299746456895542
-0.194634120662992 -0.115616492556362 -0.0808081619218673 -0.236606203512033
-0.174038333019915 -0.13696283595272 -0.0870465870222307 -0.129603011680992
-0.146198363968385 0.000707375674539135 -0.024288971375035 0.176887429382608
-0.0805643161805744 0.0613098617022382 0.239267981368552 0.1023116491423
-0.0155541857040703 0.0800858536248198 0.259514104927825 -0.174989143260528
0.0297287918124096 0.0899512437217891 0.0266143122748034 -0.281963183422138
0.07910845544681 0.0541628521340947 -0.117780137581169 -0.172819344652197
0.0824003563883264 0.00666942672751482 -0.130579762134214 -0.0514090846056384
0.0942136446771913 -0.000441285280400572 -0.107859754107086 0.0302170726380532
0.0986384388518216 0.00382593607937679 -0.0952943623406538 0.0967550611631698
0.124290085857573 0.059488462930913 -0.13122940305338 0.127666266789298
0.0690963108684749 0.142709966621018 -0.201346414765376 0.0862593596491046
-0.0281417731753862 0.154876380442257 -0.234749512588477 -0.0518820569222681
-0.166687394883111 0.114329007289447 -0.165553763806103 -0.221971967890619
-0.247274426514545 -0.0262079410940945 -0.0383924358325175 -0.265879531444121
-0.244848962693276 -0.176439402745497 -0.0376921480989904 -0.167570093676521
-0.173198886894795 -0.21445668107708 -0.0357372994726839 -0.061218219792016
-0.214877813501461 -0.0643189333954015 -0.0208756454424501 0.222901055593269
-0.16943457732042 0.0645185111640006 0.237796480985753 0.180525291152295
-0.0474981115429555 0.144797506688449 0.298239107451758 -0.105725987860799
0.0510892243814932 0.142448133471425 0.0818006163532798 -0.243809555314498
0.121333225002461 0.0783460066629283 -0.0598584658056647 -0.165537490868531
0.120719134422111 0.00193534172795136 -0.0813225073098626 -0.0607697075302189
0.124027712578429 -0.0146399353010338 -0.0637541325879795 0.0237271439805643
0.122921049256225 -0.00963147833297671 -0.0437992015146077 0.0980041360820997
0.158536462607169 0.0547618404983081 -0.0696618479465962 0.155708356626238
0.111620239704907 0.158180586536733 -0.156382417690812 0.153295629857598
0.00410210553879815 0.198199506728607 -0.241607723442087 0.0363253222016267
-0.187505955922438 0.163133975229572 -0.197573604498459 -0.157007935807382
-0.288477230183327 -0.0257780931824141 -0.0425048315442598 -0.229610807891811
-0.262190448750648 -0.203929019873606 0.0180370345389539 -0.0924812260604054
-0.138848739766274 -0.256665875360543 0.0187265228096564 0.0302898522281506
-0.234387890149662 -0.134682455481232 -0.0154485162486686 0.265870962019456
-0.231957241681121 0.0331366336311829 0.207070599652853 0.254819777330776
-0.0918004388363391 0.175452808324613 0.302154751166828 -0.00968630351621027
0.0517917170436215 0.177250023037687 0.135883592124731 -0.170351993580993
0.141054570299583 0.0982820377686185 0.0115536492961082 -0.14129307651211
0.141809323525908 0.000237103053604422 -0.018526153278709 -0.0663196376025636
0.135680826374967 -0.0273492483023696 -0.0102801236637907 0.0151386898981546
0.12826633740784 -0.0222673592540921 0.0132175769554487 0.0903176664744244
0.165843458469655 0.0417582919021382 -0.00420311833523287 0.166292677720458
0.132199119425 0.148987509341741 -0.096877582173444 0.197826571710803
0.0279462045247424 0.207140130420984 -0.221093474032227 0.108008402079933
-0.184849823829491 0.178587406834959 -0.203839504522242 -0.0920954530118296
-0.284745190781526 -0.032334187469929 -0.0353629083427903 -0.191383870136882
-0.237426309842454 -0.208495360329037 0.0732275810717292 -0.0178082858812627
-0.079590659213041 -0.248832764588003 0.0669173395278786 0.127356512526604
-0.195894314578786 -0.180518497979242 -0.00923478714252716 0.297423856125643
-0.240661453437694 -0.0147453108346144 0.154910366624331 0.301694583080837
-0.119735262666155 0.162412640389674 0.264846123852228 0.0832844437760936
0.0375931523786473 0.176895275903993 0.169573622628064 -0.0775430025872073
0.133042083414927 0.100832263639897 0.0825185478030206 -0.102752141554481
0.138232597760565 -0.000349925566275333 0.0470594173345837 -0.0672605806544196
0.127537684363203 -0.035298381175368 0.0412740977965246 0.00337391902126013
0.11713417310635 -0.0311425559611392 0.065882748054492 0.0767725930302527
0.150334395054044 0.027874251474701 0.0523677737991073 0.163285337404759
0.126313410560321 0.127538744596599 -0.0423300131701078 0.219628568169282
0.0308395547409937 0.192275564511186 -0.188953564272479 0.152964186418389
-0.176034977095389 0.157072157360345 -0.191169501842195 -0.0418188847019999
-0.246279046124861 -0.0551074910322231 -0.0244653924693766 -0.153338570711063
-0.174131906758591 -0.199476452893091 0.114386179492398 0.0515583665162292
-0.0115375624267136 -0.188809017324059 0.103059292080434 0.206500081017373
-0.118224821733561 -0.176240235365635 -0.0035577769097992 0.311343853388351
-0.19083331127318 -0.0442343719500714 0.104392585545781 0.315999776224305
-0.107876058667203 0.119023190977461 0.207646222894652 0.148448899971091
0.0249936849377577 0.136059235957835 0.182694480999776 0.00443284596387461
0.10119570924774 0.0800811815375899 0.137679209493473 -0.0654519678508467
0.109713517452447 -0.00271981565573073 0.101361192497655 -0.0659546917074726
0.100126884516703 -0.0375122091438552 0.0847747771903948 -0.00757263588743089
0.0927588396583386 -0.0335138896597437 0.109230624293967 0.0625793918199523
0.121022734727682 0.0154884689530003 0.0944485235662008 0.155591595996616
0.105807608339564 0.0989580574333011 -0.00193679182741491 0.230138467511215
0.0213622197152138 0.163649770129343 -0.162626037279556 0.177114283721915
-0.162159014165305 0.11422587493607 -0.177092739216612 -0.00686628935170797
-0.185197589386202 -0.0844467528050357 -0.0170285826369283 -0.117204205358948
-0.0873265909989775 -0.175610157797361 0.13350499701222 0.113213091999523
0.0543768942800383 -0.0931682765198701 0.127689144426991 0.249268960009412
-0.0265327241081206 -0.12259780722483 0.0058392145281396 0.303684501047979
-0.101201788760333 -0.0410445530212736 0.0767220502186334 0.307876770406838
-0.0571354341004086 0.0619187724545947 0.168892412754446 0.180051539370711
0.0187169750403374 0.0658635768540543 0.189644098833961 0.0493158921762406
0.0541018807919652 0.0392737281077433 0.170689209134903 -0.0471080663861836
0.0611027696731711 -0.00717733514448033 0.135198386639146 -0.0670046843572376
0.0577986987811084 -0.0325433927362745 0.112654242533336 -0.0171097492712041
0.0585822870511581 -0.0288887008638887 0.136554911935616 0.0504256492385068
0.0824163499808536 0.00253676682007466 0.121339251322172 0.149648102754608
0.0775440280880161 0.0638537733771681 0.0240495054425712 0.237400978378541
0.00746702869006366 0.12354196613981 -0.148237097016045 0.190300928925195
-0.135093228498428 0.0614876524815389 -0.173289332852215 0.0130594142270668
-0.106985631083245 -0.102441238800508 -0.0193738027115188 -0.0895712221876831
0.00935414459866136 -0.130635466723195 0.126264844501809 0.15882503903566
-0.084504980743332 0.0446313539795997 -0.162887686295216 -0.169945904315809
0.0408080794763308 0.0631522871410082 -0.0214816893745087 0.126217801343498
0.0684690329853648 -0.0145195432125573 0.211170993346616 0.0063780105657664
-0.0126690882786504 -0.0572393311413148 0.175537179996341 -0.219803272014092
-0.0449062287961747 -0.00788554878907918 -0.0446224927788927 -0.291757364717186
-0.023992628298103 0.0164056892950728 -0.176450517098659 -0.161396437861521
-0.0110536773339517 0.0247201055270659 -0.171480916756281 -0.0347112696402336
0.00282140330182866 0.0236674772908787 -0.148514511037181 0.0346797656547335
0.000848757005941055 0.0160932902447738 -0.148778144795066 0.0807877417404915
0.000425190870785847 0.0090059051525561 -0.191216685424025 0.0640938711648344
-0.00957589648763185 0.0127550894987878 -0.213347116406057 -0.0290728695112534
-0.00275508028056771 -0.0040890076646196 -0.170525296736027 -0.17276031740056
0.00461009601357859 0.0396483113851511 -0.097754033818014 -0.296948335690297
-0.0543891879472412 0.054646803216369 -0.0249384836431785 -0.3385098781274
-0.130269596630017 -0.0159340936943706 -0.118674737878404 -0.292014176242248
-0.148154739478449 -0.0429109820287884 -0.138970708552952 -0.16621562977788
-0.0542987993503482 0.0466712744934436 -0.0188694479735779 0.14643081529931
0.00436267470824826 0.0312293329974144 0.231729314656732 0.0366256606207433
-0.00589499485486844 0.00835885120678125 0.209034863473963 -0.219861803077088
-0.00431698090378329 0.0389976325693297 -0.0275665006480321 -0.299283739291403
0.0301443418424162 0.0321582886442186 -0.16527886251942 -0.167684692586159
0.0378821518859192 0.0138528468424472 -0.165190858778918 -0.0376965590247886
0.053993034195631 0.010807837064498 -0.139044837748825 0.038696684917119
0.0586284961690182 0.0116904026003206 -0.131121328428327 0.095605644047737
0.0720758856171797 0.0444535365180081 -0.174734778669971 0.099497283583077
0.0269561753514086 0.0951660389711581 -0.223358696710329 0.0230323715319944
-0.0358931805935271 0.0846476142105629 -0.209222122168509 -0.127564578206651
-0.103171448380902 0.066930845076735 -0.133065877493626 -0.274524304156576
-0.167473800774959 -0.00317033142250004 -0.0369280856187855 -0.31023121103835
-0.20451894790306 -0.114722839670484 -0.0903296623636105 -0.243730568950802
-0.185058348254177 -0.1363965693521 -0.0941937451717352 -0.129875272368832
-0.150494893290714 0.00525391241525209 -0.0157423069373017 0.184404440513155
-0.0815359506560949 0.0656533429003207 0.251515429900318 0.0986784595207956
-0.0144479927359421 0.0832145589732815 0.259438399453966 -0.189882536584885
0.0338499056096638 0.0928836852026674 0.0146484334787239 -0.29211611130892
0.0843769461478002 0.0531099243906293 -0.129156545550284 -0.173732609757999
0.0862446899161274 0.00458032060101676 -0.136287132516787 -0.0482852641232698
0.0978607945985861 -0.00448913330143516 -0.108932929496189 0.035468608153796
0.102769030415749 0.00124758591737207 -0.0914542234621616 0.104988355408477
0.131646609237728 0.0573724144791383 -0.127896555292614 0.138294840665087
0.0784760992527183 0.145682708645957 -0.204296109883539 0.0993015366849752
-0.0252552384808881 0.161556364212648 -0.242816715357028 -0.0462564364400368
-0.168725912811493 0.123201308080364 -0.180192346431616 -0.224506141291927
-0.256227347300011 -0.0205443400420866 -0.0481843478582459 -0.274144987518082
-0.258271510904242 -0.176512012139297 -0.0432554813991612 -0.173883929129297
-0.186972129649813 -0.216128382871972 -0.0389311257038035 -0.061646266231698
-0.22330559599263 -0.0594238714249343 -0.0109731549313506 0.232069095121012
-0.173822706625991 0.0724415613501458 0.252378222013533 0.180498348529528
-0.0448605223755872 0.151106329291628 0.301861294218962 -0.120303137721989
0.0582509368985823 0.14608677411238 0.0737503711771794 -0.253620522934467
0.129267577770342 0.076292477371177 -0.0692381934794439 -0.168798621863772
0.125461995178759 -0.00123206994920633 -0.0864801468393127 -0.0589176682628647
0.12771580166081 -0.0199893767394653 -0.0631187053074608 0.0273814642440164
0.127139107785121 -0.0129113614784165 -0.0378537534667351 0.10395286526391
0.166920592354113 0.0507788879819384 -0.0632616995549364 0.164877442112934
0.123077444787629 0.159686847054764 -0.154338774473502 0.168088353249965
0.00996283589050529 0.20530316268575 -0.246857128149256 0.0466410195163455
-0.188800512313644 0.175048316850324 -0.211321566466316 -0.156043489564392
-0.300142939035891 -0.0180975838700078 -0.0514682447595711 -0.23679068236358
-0.277749680210417 -0.204862563471675 0.0147716159313376 -0.0980727685878194
-0.153526996465899 -0.262026871585929 0.0202059644603593 0.0312108042882314
-0.246131285476422 -0.13155420435631 -0.005675296279815 0.275553158531165
-0.239422775645903 0.0423236475776791 0.222843745701101 0.258311183427107
-0.0885397639786228 0.184550352892581 0.310064069409148 -0.0208834349156716
0.0603794498872938 0.181717702713687 0.1330115194509 -0.179738042037093
0.150013395552211 0.0953040861842819 0.00547538336086931 -0.146082333871875
0.146504258317615 -0.00435452824308227 -0.0223421779857351 -0.0670107845567885
0.138632737397368 -0.0338272674574724 -0.00886632875898028 0.0156608750902976
0.131547673989229 -0.0265469163840233 0.020719650820043 0.0931894243635015
0.173680216907361 0.0374135605196243 0.00471509925202726 0.172005910450619
0.143010572381757 0.148737374033286 -0.091223761223092 0.211366160676395
0.0358201900483779 0.212682015183147 -0.221315259984023 0.120165146970289
-0.18481753899486 0.191185928387689 -0.214365714414252 -0.0885123635215498
-0.296232051028763 -0.0245329330210387 -0.0439018944672599 -0.198160834440456
-0.253222028354527 -0.211072805097763 0.0740433738668591 -0.0226624011396843
-0.0920277419232218 -0.255448896874085 0.07241518054472 0.129667764872667
-0.208726777661504 -0.179538340597426 0.00104069173524633 0.307627740473439
-0.249253992685705 -0.00684064556995154 0.170676726244143 0.307660627880186
-0.11791251144747 0.172257756322461 0.27526421164754 0.0770109327128451
0.0456466033722016 0.181756413447837 0.171843932542946 -0.0844274974400175
0.141977003807739 0.098212889159746 0.0801107206415176 -0.109130520612723
0.142650300667606 -0.00494312840485006 0.0443886299552418 -0.0704516203414954
0.129023154758039 -0.0416371270097675 0.0438069818091032 0.00200202323568318
0.118517617833926 -0.0351251615597045 0.0743009201372325 0.0766291441061952
0.156662321249055 0.0233753049730106 0.0629777256422028 0.166831280023304
0.136231868389594 0.126601798290514 -0.0342094087216701 0.231389755287699
0.0384612733283901 0.196598559293887 -0.187294412652754 0.165537559115878
-0.175270483770192 0.168760987326582 -0.200395340144208 -0.0367872549728755
-0.257325034705181 -0.0496758855738884 -0.0310636535759956 -0.158939879926881
-0.18746043291686 -0.203102118144747 0.118171642181147 0.0485474097557494
-0.0203567154127432 -0.196109771985006 0.111633441704526 0.211705933761902
-0.128644982101025 -0.177542578434336 0.00610169976981936 0.322282300329326
-0.198444131556237 -0.0388192677785556 0.119050917463109 0.324229529506514
-0.106451198355347 0.126910309207684 0.219296342586626 0.147259509653519
0.0314215983894548 0.139093864597751 0.18918244195387 0.000263320200878652
0.108573096879164 0.0777548054837348 0.138880912098883 -0.0730175569905683
0.112899547129909 -0.00709196923713962 0.100655873568272 -0.0717441626117752
0.100395936330735 -0.0428278226000164 0.0874960930149902 -0.0113445324840408
0.0938119875144064 -0.0370548756432713 0.117139287374183 0.0600168896327283
0.125477547963368 0.0114960265363265 0.105644483471614 0.157624979161552
0.113357696432104 0.0977709170339982 0.00867820800839063 0.240279142103098
0.0275036561957287 0.166790524051671 -0.158472201650229 0.189862783290993
-0.161202120702233 0.124011326256417 -0.18407495376134 -0.00110150603140734
-0.196115108850613 -0.0812365626783095 -0.0225170354929853 -0.121696457560016
-0.0976186742343513 -0.179831056806753 0.139756129638403 0.110572176542002
0.0516673343165193 -0.098888127538903 0.138160039028808 0.254921149811904
-0.0327151407056424 -0.125822857531115 0.0149508888138795 0.314316031585242
-0.105190306290542 -0.0379155120945131 0.0906128206523549 0.31632514804835
-0.0556335965722626 0.0654708056118994 0.180998746634505 0.181717161531804
0.0216751145043616 0.0664385834988283 0.198771415574973 0.0452950003351557
0.0577324669115589 0.0375667767937937 0.173199547587644 -0.0554358539639921
0.0626173868858582 -0.00985123630088798 0.135404991336644 -0.0745313915275332
0.0570552205483782 -0.0365874558786962 0.116181469126995 -0.0221669727975587
0.0588666722603433 -0.032035621804543 0.144100612121647 0.0463063366116101
0.0852273459035485 -0.000786524523513886 0.131550855341421 0.151285913792033
0.0822314915758171 0.0623116418690647 0.0352318559987091 0.246263448487143
0.0118641971031801 0.126314686373984 -0.144307601959021 0.203677896110745
-0.135435665970356 0.0690028099674314 -0.178974899362353 0.0195469585466844
-0.116293534002215 -0.101922235365517 -0.0242156831075577 -0.0928282019447366
0.0037545111707679 -0.136017573728566 0.135146389933503 0.158469698988279
-0.0855450200701425 0.0503947034601954 -0.178011422772224 -0.167044459533281
0.0451648670959132 0.0623248692313202 -0.0123956864274938 0.132539260236467
0.0702499094138829 -0.019463711496852 0.221003401366177 -0.0057223982216956
-0.0167491749229936 -0.0580531768515849 0.170769450201439 -0.237175982277709
-0.0469137110372833 -0.00393550431290929 -0.065170595298531 -0.301825123586592
-0.0229771628000467 0.0188549771217705 -0.193209316939114 -0.157801688670389
-0.00871115772975136 0.0258300199866892 -0.17928240613737 -0.0277978692789388
0.00539443118599011 0.0243286371978561 -0.152705395917425 0.0443513265668113
0.00283685576803115 0.0165477343087262 -0.148555931660853 0.0924708229744888
0.00154381544260317 0.0102195755452382 -0.194338103265546 0.0784657370502281
-0.00875735359983723 0.0150476360460965 -0.223808276553159 -0.0190734591143224
-0.00452284293998924 -0.00298620644902974 -0.187475012634215 -0.173915375386024
0.00703540795284509 0.0396817287778099 -0.119439594982699 -0.305965944347763
-0.0536232869929118 0.0574113779606683 -0.0419438515387343 -0.352914180020707
-0.136653530986091 -0.0101456088410149 -0.136866393877319 -0.301184726597203
-0.155717176963466 -0.0377381634686786 -0.152449144017857 -0.166332536275968
-0.0536843396861371 0.0502234459526703 -0.00896242149266527 0.152590091410066
0.00540169053897485 0.0312523431064353 0.2445132389334 0.0256033597031454
-0.00641150397964827 0.00949915426620251 0.205303329775364 -0.240234412658988
-0.0021718480940294 0.0421778638531324 -0.0469464698135949 -0.309693525079756
0.0339264464408734 0.0325019624578447 -0.181875485065858 -0.165141575350743
0.0420511899384473 0.012090137546344 -0.172902557604701 -0.0306889885080447
0.0582128002819429 0.00794766634297146 -0.141814426017247 0.0478360088685774
0.0625977489336478 0.00894879435808189 -0.12841863588466 0.107818855183363
0.078492237989522 0.0429268586214779 -0.174922658471114 0.114844511422261
0.0345813905590585 0.0995016416823601 -0.231396576964254 0.0377044636668316
-0.0350503500067052 0.0914736121252352 -0.224456714253699 -0.123543633264611
-0.104791377776565 0.0740374655106232 -0.155301646734161 -0.280156570666859
-0.175046212412188 0.00301055266227131 -0.0527420528127305 -0.32227875086255
-0.219380125482612 -0.110929915374915 -0.10503599821572 -0.251574703291178
-0.199555000623618 -0.133683154669925 -0.104609521752217 -0.131289021630673
-0.155615101571233 0.0119449209705049 -0.00453212599645636 0.192732249737232
-0.0820441692419467 0.0719798889373713 0.268382365552017 0.0913730815877402
-0.0114171643368764 0.0880845080711782 0.258952402887192 -0.210521947071469
0.0407212294733249 0.0954383499895482 -0.00279009357375536 -0.303992928903645
0.09183893328365 0.0506930138398619 -0.145156275623331 -0.173101757036675
0.0914549471678036 0.000616189829392047 -0.143901857184677 -0.0418400915533686
0.102833813025775 -0.0102262338115532 -0.110430730009215 0.0429228344487583
0.107995521639219 -0.00322532377064055 -0.0866081355304892 0.114474984456007
0.14191170475961 0.0530701483475884 -0.123771415120518 0.153049616798436
0.0912827223022041 0.148882383628921 -0.205970091568916 0.11658935417842
-0.0189042798565493 0.170703373642724 -0.255212457912538 -0.0366190928416654
-0.170385242173101 0.137009797455625 -0.200641037298181 -0.226263108040997
-0.268682170879241 -0.0103539652560913 -0.0636156330638028 -0.285388045520137
-0.279725566198675 -0.174410847529172 -0.0544207050298962 -0.181043065246102
-0.2065800734487 -0.216914351517349 -0.04447556228929 -0.0628286868724744
-0.234955882199573 -0.0510543340360483 0.001923110473043 0.242086972590339
-0.177822137046287 0.0846674933520052 0.273400304856056 0.176526810488014
-0.0391156380083543 0.159965757995105 0.307172267980902 -0.14009103076679
0.0691487209983174 0.149479101010931 0.0623071898726218 -0.267050127432008
0.139293405142259 0.0720752571213049 -0.0826315531715489 -0.17115800423612
0.131573786917224 -0.00799757151150639 -0.0928484862336632 -0.056061894483625
0.132220968685539 -0.0279271252994156 -0.0632054292966191 0.0317089355998654
0.132193016532698 -0.0193131370033517 -0.0301376517512619 0.110318603567384
0.177638830836229 0.0440024017177422 -0.0543495300949495 0.176038370551198
0.138733633945483 0.160561493701822 -0.149861833312095 0.186081913432548
0.0198353632939617 0.213476625133651 -0.253046237576942 0.0613853116357356
-0.188029044447866 0.192400707707827 -0.22974249854135 -0.152724113402302
-0.314476385299733 -0.00472278404922037 -0.0657683335210943 -0.246303420117781
-0.300726731640539 -0.202854511856223 0.0101733186758119 -0.104342767140095
-0.173697771761412 -0.266136239653744 0.0219072728649367 0.0306921451605026
-0.262333309215974 -0.124257184965415 0.00920420396368919 0.286985432646654
-0.248363491634315 0.0566970464907828 0.246903400435728 0.259990485017062
-0.0836238026527092 0.19731097325529 0.320797868059232 -0.0369492247338297
0.0729311562945386 0.18665618208356 0.128126528877046 -0.19156694781181
0.162271360404618 0.0905505358946125 -0.00246975210918035 -0.151929226494109
0.153035096809587 -0.0115928953657322 -0.0273712048803427 -0.0680139983797963
0.142374938625006 -0.0426492962064818 -0.0074045391588237 0.0165351578709727
0.135994477750269 -0.0330731351134373 0.0302002952089013 0.0958754086671982
0.183869494925156 0.029390136953956 0.0168536730594664 0.180242373982146
0.15863580750083 0.147420316490735 -0.0810880216460923 0.22828229137349
0.0477223771574964 0.219549460886718 -0.222837846263128 0.137407952568728
-0.181642492426253 0.209293184844942 -0.229136826057427 -0.0823375238088773
-0.311532948661789 -0.0112469177528089 -0.0561204242683762 -0.206615666320798
-0.274838923668471 -0.209742278152178 0.0746341013791367 -0.0285786538351739
-0.110791952811645 -0.261837644141588 0.0808806325703702 0.132117471570158
-0.226186049722007 -0.177034438723776 0.0165700986566842 0.320915346369761
-0.261162228502897 0.00646344015870606 0.194356693850779 0.314014093478048
-0.114154706808442 0.185622742605455 0.288613326529308 0.0672599040096691
0.0578089164981002 0.186525001192184 0.17461630601086 -0.0947589804016542
0.153921770549868 0.0935051466326997 0.0770709880208552 -0.117306686279852
0.148891337330764 -0.0122613706102254 0.0413971098019392 -0.0753178908098932
0.131179802166621 -0.0507047037273345 0.046383767872911 -0.00050579874160887
0.121773878122019 -0.041623563799241 0.0845735444223859 0.0752142427862362
0.164595222956385 0.0156220419886185 0.0765657878019721 0.170853127661431
0.149135555705595 0.124081582115744 -0.0204718892966115 0.245934835872188
0.0496698825321167 0.202164289068442 -0.183385476210964 0.18262996894217
-0.172621696981594 0.18527753823878 -0.210818711294269 -0.0290237951086926
-0.272827239389558 -0.0389219459721481 -0.0412656238085582 -0.165780330803189
-0.206977786289386 -0.204619635556939 0.124258429122047 0.0432492528061963
-0.0330608087193845 -0.203584111385645 0.124995797970344 0.216105716557539
-0.143852642729253 -0.179081240094685 0.0219626838906317 0.337182835908406
-0.208952301972932 -0.0299679689757252 0.141166697563515 0.33287946060331
-0.103780073217803 0.137062853218781 0.234094695312579 0.143492343185845
0.0399509223486696 0.143109821024887 0.197916818095926 -0.00786363412174034
0.117655956090333 0.073627384592965 0.140223795485767 -0.0834986987158974
0.117138454497512 -0.0130105012222719 0.100203931679856 -0.0797065546094384
0.100481673095828 -0.0507585646239177 0.0908073005546802 -0.016265061235289
0.0949040942286064 -0.0431731547221108 0.127815564664967 0.0556761152358594
0.13148687342569 0.00457588137202872 0.120103474709478 0.159052624545655
0.122379361098053 0.0951628605115384 0.0236394548376765 0.252480693041322
0.0374211020184469 0.171360471922837 -0.153572893012062 0.207058932508716
-0.160118041427872 0.137895364468346 -0.192366142525768 0.00769820230418481
-0.209995635511261 -0.0743654082272937 -0.0312576521425876 -0.12696516992743
-0.111930826783674 -0.18426251499347 0.149523494549786 0.106954218851182
0.0462179226477282 -0.105658644841874 0.154807275570901 0.26075665128743
-0.0417204012555698 -0.129435534715116 0.0297422832366207 0.328762011819324
-0.110512088654695 -0.0340942038838346 0.110929508697328 0.325784216821771
-0.0530050195316666 0.0702411322395388 0.197563571435022 0.18083410341232
0.0258030178573744 0.0675036169192435 0.210058660935002 0.038584368290551
0.0622425616697121 0.035054673240923 0.176975988245731 -0.0672342418469228
0.0640699288374198 -0.014262275166248 0.135910281086158 -0.0846854925160868
0.0556276111732942 -0.0414664715247412 0.1197051213216 -0.029028474699769
0.0585806590862027 -0.0363786744662413 0.154656782953445 0.0399008540891809
0.0885318791897626 -0.00656987961851883 0.146686589614269 0.150860526066248
0.0881449980522447 0.0595453001523739 0.0517440280092727 0.256892434193682
0.0198735669493314 0.129554281663981 -0.138304962291317 0.220100795658371
-0.136373477189456 0.0787529967938069 -0.185143399329929 0.0295983668025707
-0.128251306116035 -0.100095421985083 -0.0320743080756493 -0.0972258878264665
-0.00507297679592171 -0.142242350228061 0.147212489023084 0.156785603615171
-0.0835674093578145 0.0581186336244102 -0.194709397034903 -0.158560247490061
0.0510171911471326 0.0590461168066596 -0.00117724736134499 0.135299943243251
0.0701491311328935 -0.0266133348393682 0.227892027844181 -0.0223681000239595
-0.0225391714693468 -0.0572217495768762 0.158255049095278 -0.25616899175697
-0.0481169094295526 0.000939721942860353 -0.0923427554186851 -0.304746112532077
-0.0208623688950455 0.0215612383482093 -0.211702271236788 -0.146689246141706
-0.00550277841552089 0.0264765238915641 -0.185140648154913 -0.0159357787019902
0.00904326534482141 0.0241910751013813 -0.152758605989312 0.0570673818034659
0.00578079030715217 0.0166573652809043 -0.143943625211928 0.10657898976174
0.00305146869046634 0.0114793047878102 -0.192579473498179 0.0969243658025922
-0.0072683591676674 0.0177647794375818 -0.231711658981979 -0.00343002830070189
-0.00609652194245779 -0.00219361782841692 -0.207204008348474 -0.167059147320023
0.0102475507799375 0.0391012625047508 -0.147529478723944 -0.305595143869804
-0.0504630100224235 0.0608158793161825 -0.0681883769371634 -0.361397215133579
-0.140736087368474 2.76236750739907E-05 -0.161993507443746 -0.302840289847521
-0.162784970497355 -0.0276061094596577 -0.168751638556306 -0.159527649913235
-0.0516041972957332 0.0539165774200925 0.00436189600201985 0.156530826446173
0.00759480478704146 0.0307704397545714 0.25450075232931 0.00832486928355999
-0.00677646175838303 0.0107381507883346 0.19272910537257 -0.261085009688182
0.00134851908632411 0.0447642808124275 -0.0743163858754613 -0.313583660604986
0.0384771155293338 0.0307890777439067 -0.200213679118531 -0.155347146571105
0.0459071602585439 0.00870515756701984 -0.178690920137533 -0.0183484630535468
0.0615813744843152 0.00276857891635927 -0.14165921097981 0.0598337011898523
0.0670841153502082 0.00475230199878689 -0.12204915178174 0.12050798291849
0.0855677632152126 0.0386703469676827 -0.168870874803092 0.13274077886338
0.0445627066355513 0.100306134159078 -0.234657674284177 0.0569612394819995
-0.030508620069325 0.0980192331884841 -0.241433587901167 -0.112623031768421
-0.102910017332332 0.082657460140827 -0.182485883313221 -0.278038651410537
-0.180321148680678 0.0133498449190781 -0.0765971209767981 -0.329352946183644
-0.234061103356542 -0.0996004244051936 -0.125220192476449 -0.25470492869095
-0.215401585296532 -0.123339287375956 -0.117410275121179 -0.128406188325731
-0.158933431488843 0.022555613757596 0.0118205852700917 0.197587351890408
-0.0795217104697311 0.0795923672871792 0.284165224465851 0.0740021723033584
-0.00610337794920931 0.0914206513569404 0.249580221620542 -0.234512469819204
0.049822709629648 0.0966555808666885 -0.0270415058655602 -0.310321336755666
0.0990375754984033 0.0449117306463055 -0.162919301230579 -0.165132847229179
0.0956474904318545 -0.00645895977304689 -0.149764824513281 -0.0314869940474283
0.105746136284004 -0.0184156148062884 -0.109693303392463 0.0519266841640227
0.112350287829979 -0.0112458109813191 -0.076704323699889 0.123943784036167
0.151708903494724 0.0437316912543433 -0.11283677115157 0.167964384714488
0.106918118188817 0.146587792622809 -0.202225009049735 0.13779738989572
-0.00837527193209265 0.17833411479352 -0.265410514310604 -0.0193029351859848
-0.166200604158556 0.152365610665523 -0.225906314735287 -0.218772202928539
-0.278260273636892 0.00668808553655167 -0.0859760351931555 -0.290483101506951
-0.30075938227464 -0.161714421282315 -0.0687046430641905 -0.185288248571102
-0.229472619136728 -0.209282847930418 -0.0507197641363594 -0.0618932411133483
-0.244232147838555 -0.0364198516870273 0.0210391314325794 0.248258412240744
-0.177391838243369 0.0994665808217828 0.29490302376593 0.162848617176634
-0.0293441996866264 0.167722911143316 0.303759945094157 -0.16589345472975
0.0833888373780877 0.148762854548776 0.0426305238349878 -0.276953778822818
0.149432210312189 0.0627980055771384 -0.0990617074437328 -0.168475747058357
0.135633482166575 -0.0177101268505759 -0.0997997950651908 -0.0496840366206617
0.133887427571491 -0.0391989443171051 -0.0618909120130433 0.0372304390735882
0.13579952477452 -0.0284509561618488 -0.0193130510203762 0.11513733912088
0.187710908439512 0.0315114933627098 -0.0385303930131802 0.186283304403925
0.156473638001438 0.155202492580788 -0.138123714696216 0.205887009469636
0.0356647162612244 0.219512477554605 -0.254667036585752 0.0818375192931408
-0.179071363218295 0.21196389053269 -0.249224225894536 -0.14151456381018
-0.326112926354826 0.0162140728044306 -0.0858660712450166 -0.250584381947338
-0.325148150471669 -0.189412417363574 0.00194665623162036 -0.110077900229413
-0.199628124369317 -0.261580163335212 0.0231629357091085 0.0298969754683346
-0.278798114192952 -0.109597534965594 0.0304335402017048 0.2942773402611
-0.251932960854856 0.076935723950253 0.274453626118853 0.250672204754577
-0.0716654597961174 0.209354514694007 0.325277409441932 -0.0604248818041196
0.0898941790054087 0.186830258951989 0.116840091030564 -0.204735497062224
0.174453319631361 0.0797980086252493 -0.0156792504653981 -0.154874071790987
0.157172346175134 -0.0231204221613957 -0.0338391324355729 -0.0669470210239971
0.142293941912814 -0.0551176930105263 -0.0058426864188534 0.0173939725554878
0.1374749389361 -0.0431470667185727 0.0417643312637926 0.0955629623906867
0.19235272605072 0.0156490433165922 0.0345833692109131 0.184643594603001
0.175092449444903 0.139830353530671 -0.0636027521834823 0.244190266083884
0.0646987560728838 0.222860995678339 -0.216392436119799 0.157874312216546
-0.17106619863031 0.228634556377767 -0.242779982801165 -0.0680396792476211
-0.323073195635451 0.0104395589774979 -0.0736278606264234 -0.2105376328806
-0.299972945803647 -0.199485805714687 0.0736402011257926 -0.0359769214302238
-0.134287579058482 -0.261890617934468 0.090720903334637 0.130599567754742
-0.245665792354235 -0.166693431240434 0.0394739257977536 0.329305209201836
-0.268792255085478 0.02559549565893 0.224052280751367 0.310932078191572
-0.104029147240187 0.199842716644757 0.300785349401608 0.0496128344993271
0.0740501412891504 0.187629895190675 0.17328563911034 -0.10804140396033
0.165452861736952 0.083180901700879 0.0698826868878097 -0.126204381084407
0.152520204214487 -0.0238747264839467 0.0361600764321537 -0.0794929888347302
0.12979018958085 -0.0618077972162844 0.0481542206969259 -0.00405411197282691
0.122095526464456 -0.0511308070434422 0.0956774063278367 0.0705691246277794
0.171253039951164 0.00319605025967607 0.0950510252878693 0.170748046118829
0.163150394153556 0.115828449157432 0.00113231231146 0.257564380712114
0.0663888122412725 0.203588101742896 -0.17319486552093 0.202537284246338
-0.162141397450895 0.203451394823644 -0.21997418077743 -0.0144902541745951
-0.28491574466816 -0.0195133727304654 -0.056872026327408 -0.169067466078826
-0.2299431047462 -0.197331501475922 0.129634758187718 0.0344106101375579
-0.0504101447950064 -0.207404645011996 0.142569299002958 0.214749894970658
-0.16148589723409 -0.173426005491748 0.0452936972859558 0.346725126513873
-0.216862905426754 -0.0147485120247719 0.170168324979218 0.333766323565484
-0.0959847835986676 0.148606576523223 0.25070104938129 0.131924834881192
0.0521552778304182 0.143973889276988 0.203391100393635 -0.0202156984230812
0.126476744582249 0.0658636034521971 0.137274588065627 -0.0956523862875126
0.119737168573967 -0.0223763487778834 0.095519205710861 -0.0888489184201528
0.097619713998099 -0.0595573476284084 0.0921067112329569 -0.0234209097709428
0.0936904743928618 -0.0502098943232046 0.137334670162536 0.0462805365062453
0.135352139131466 -0.00558771963901031 0.137249704102802 0.154925754186533
0.133099751333241 0.0883011666139575 0.0469141844924 0.260188450241495
0.0513823069339765 0.172224474914575 -0.140681630820749 0.225443666307297
-0.152715614844791 0.154057184371788 -0.198071455181853 0.0214576923083005
-0.223407703294639 -0.0599130775600413 -0.0436884567636025 -0.130187562350251
-0.131303985757073 -0.182212913366144 0.160861396889816 0.0987196975290753
0.0379398069540951 -0.111813899741121 0.175491809804293 0.259556267587243
-0.0537289241147037 -0.129363513813627 0.0524801844768641 0.338574760425594
-0.115313946397908 -0.0262653119367531 0.138357484797983 0.3288462738999
-0.0483723456952042 0.0748009422692368 0.216522867911768 0.173683842029825
0.0317253254227772 0.0665493082387735 0.220716544158676 0.0253962551581201
0.0658593204502167 0.0303358222116247 0.175380736215269 -0.0822040279105672
0.0643716731608171 -0.0200622329835921 0.131585541602251 -0.0976463439000115
0.0517587514693815 -0.046539749804728 0.120902347917046 -0.0389642644015173
0.0561169307954294 -0.0417119060983402 0.163201422610362 0.0287418486777233
0.0898972745889974 -0.0146605681500442 0.163550746344095 0.144949608959179
0.0943508447513028 0.053902924479943 0.0753062742312671 0.26177521267567
0.0303363309000613 0.130445087458256 -0.124394273305505 0.23771460430593
-0.132061420162736 0.0914544451245362 -0.189067841382007 0.0439615363407594
-0.141337070671628 -0.09215283213071 -0.0419610537838956 -0.0983156197008844
-0.0177750057707178 -0.146079319992156 0.162243723019719 0.148922635008566
-0.0782585524814023 0.0641129284532424 -0.205955250388403 -0.143816094256651
0.0544950349805188 0.0534510676562331 0.0106895157162555 0.132963226905114
0.0673627353801182 -0.032582783441755 0.225821352751591 -0.0404689299615182
-0.0271203455249411 -0.0543188455559627 0.139237080072979 -0.266068985161329
-0.047051037884894 0.00620431349639731 -0.118322374445814 -0.295709858650995
-0.0179626373270131 0.0233050405423508 -0.22312496923854 -0.129240639292948
-0.00243450401220482 0.0255296503502306 -0.185197696163143 -0.00225035264650051
0.0119422830977098 0.0224668878938114 -0.147988286734368 0.0688054562993419
0.00846763471220037 0.016118647886953 -0.133846205972159 0.116829854309478
0.00491828521680798 0.0123039667551609 -0.182641431248578 0.112788084353293
-0.005571768607357 0.0192111064144865 -0.232008157994696 0.0147406331439915
-0.0081898371288224 -0.000617522949841813 -0.221599222607091 -0.154098828711163
0.0128670020650496 0.0361089696668778 -0.172283664973614 -0.29336790869232
-0.0459222451652629 0.0624827235173988 -0.0934780902804923 -0.356968159077286
-0.139734966045375 0.0100725505696338 -0.183215760693297 -0.293922421262115
-0.164651144459061 -0.0162176270041448 -0.180886571111395 -0.147264404130054
-0.0472874725209693 0.0564259283653337 0.0176261047569548 0.153810732257025
0.00947446219189108 0.0291604395237572 0.255133113300975 -0.01104660149526
-0.00643063480887398 0.0118840050642289 0.172716129118764 -0.273301877814366
0.00596743685449163 0.0453609926095936 -0.0995775442848778 -0.305480351854659
0.0418015206931412 0.0279036517076828 -0.211577858460645 -0.138375996314894
0.0473721895853311 0.00445443347224501 -0.178383461047 -0.00536663556795317
0.0629550951716154 -0.00278218879779828 -0.135754172304443 0.0707100827790115
0.0682459105329859 -0.00021930491497006 -0.109935604277571 0.128734869740364
0.0898337940282519 0.0323639912899721 -0.155907133966522 0.146799219247131
0.0535186692315371 0.0972716409208141 -0.230009174289061 0.0761718835441329
-0.0247315341407838 0.101655812970541 -0.250776428265531 -0.0966585823575635
-0.0979643886363072 0.0892829818803579 -0.20509360191827 -0.263705581534649
-0.179596440902308 0.0244702070902394 -0.100212737992615 -0.325073194719301
-0.240801074698756 -0.0827475837740022 -0.143904142647184 -0.24723397291343
-0.224599806357746 -0.10751764849636 -0.127977030646155 -0.119852215341842
-0.156389000742382 0.0332627989524307 0.028206099217017 0.194489156819158
-0.0737304559780805 0.0848763681824839 0.290077962814783 0.0533611971412209
0.000333749346000162 0.0920640274588109 0.230512359758449 -0.250897167462826
0.0578763202415016 0.0927809115628517 -0.0519663189031869 -0.305321582786855
0.103007173664656 0.0369685103272149 -0.175085897531184 -0.151521027746353
0.0959048052019037 -0.0144798495671075 -0.150985065452062 -0.020330765145505
0.104577349575692 -0.026841458774078 -0.104386046149013 0.0608167035951309
0.112029179678508 -0.019592336021582 -0.0639296723427007 0.128471638596373
0.15612925032644 0.032045584587693 -0.0966327192671687 0.1770971441834
0.119723354096327 0.138558147052 -0.190188488702375 0.155029286239896
0.00451367735977587 0.180206090800898 -0.266578941844555 -0.0011721500525802
-0.155216264778517 0.163866157720759 -0.243943914171921 -0.202446312265205
-0.278625063929003 0.0261080005053536 -0.106735669516217 -0.28623628942289
-0.313508182107961 -0.141110516812155 -0.0823967457294699 -0.181813639952626
-0.244652978918789 -0.191490412386243 -0.0567156028037335 -0.0596636733148969
-0.246295610014139 -0.0190203375407909 0.0405897750932586 0.244922440093239
-0.169797269680606 0.112607554428324 0.308051331076318 0.141702689258134
-0.0172718985056763 0.169613210502463 0.289266859018941 -0.18637427317913
0.0955417777612022 0.142840377394197 0.0212328142686838 -0.277188298887198
0.154688901525619 0.0508775146691075 -0.11156007915417 -0.159063519809393
0.13478461759494 -0.0282687905702335 -0.102683479447608 -0.0411293260836518
0.130750279005065 -0.0497248650184687 -0.0575077995148794 0.0421768883066807
0.134619054697473 -0.0384357731862297 -0.00712136136941761 0.115020612129913
0.191196381180365 0.0161365908989152 -0.0210987489420308 0.189843665540099
0.169914112182655 0.142982508320183 -0.119872258235714 0.218626866661592
0.0520305806067201 0.217423256110695 -0.247717003540066 0.100005038221848
-0.163276775036363 0.224363356841589 -0.261503865573344 -0.12287581542602
-0.325599227974898 0.0403175836228329 -0.104744377379215 -0.245969273172135
-0.341016807262558 -0.168441812523891 -0.00665894741119678 -0.111809678608194
-0.219715789603436 -0.246292455262331 0.0239431341946093 0.0273082223341509
-0.286194754531758 -0.0901678474941791 0.0528982907833014 0.291448939327957
-0.246539562263796 0.0955074440380703 0.293909176279883 0.231597110815922
-0.0559118620900684 0.214619370428789 0.318790051310427 -0.082502201027444
0.104892941530845 0.179471597048586 0.101530040797099 -0.210517178480196
0.181002891852055 0.0651861514263427 -0.0269990865461367 -0.151795697383227
0.155609616148397 -0.0353930230947984 -0.039042843849857 -0.0631731365295112
0.137235022943128 -0.0655527246102332 -0.00388826692320497 0.0181360942602354
0.134681593874159 -0.0526260701025655 0.0515756740488519 0.0907450058688355
0.193553089447359 0.000311746654523304 0.0520916396950626 0.181718502315345
0.187178173810556 0.126317986388846 -0.0408794352118489 0.251202353351241
0.081152764182075 0.218051178931207 -0.20315542180481 0.174330017183884
-0.152917334861871 0.241365234390962 -0.249143236751338 -0.0504875080978578
-0.323223972740698 0.0350291181281858 -0.0912338327834795 -0.206322566800676
-0.315224856360803 -0.178504187904131 0.0690292567342362 -0.0427418977068804
-0.154557344179045 -0.25161078829325 0.0991491980412051 0.12375982248846
-0.257981751337631 -0.148242605219965 0.063968449276682 0.32574156404615
-0.266631556233009 0.0459839466869921 0.248307141356195 0.29515628604944
-0.0882814588629638 0.207066321755353 0.302245997996726 0.0293827150437565
0.0892593452722006 0.181578033112517 0.165498138382524 -0.118522237464117
0.17204846647905 0.0693301175210813 0.0602075616322018 -0.130054768572153
0.15014066988089 -0.0357373156133197 0.0292436888446321 -0.0811290934417249
0.123222104512962 -0.0716715681112693 0.0483767053473244 -0.00725930363473305
0.118349127894397 -0.0590298186399923 0.102538311190715 0.0612873648867944
0.171170784636687 -0.0102372680233022 0.110541742754914 0.163339287227376
0.172646244272605 0.103517670696026 0.024381194664821 0.259453444906336
0.0812630080433712 0.197853994648691 -0.156085906981316 0.215453435951452
-0.145898035893245 0.214950173065836 -0.221347299684643 0.00123938023338399
-0.28742656859826 0.00208160433247495 -0.0713324034017505 -0.166338852186248
-0.246410424465979 -0.181241315397034 0.130430967713369 0.0242997513896113
-0.0668817405952041 -0.202459960419864 0.156450234841172 0.20541238711502
-0.174760822405066 -0.161715366300926 0.0708859645739282 0.343591759572343
-0.217683349844665 0.0018839032482098 0.195490554608462 0.321687277076028
-0.0847957574252588 0.155079538629193 0.259399755113186 0.115478379950342
0.0633053427309164 0.139332072501492 0.203039171433136 -0.0339367750364882
0.131171849445649 0.0548996359266399 0.129710307399489 -0.105053908182977
0.117355836578047 -0.0319971771762158 0.0882173951179638 -0.0955503158380878
0.0911764955196293 -0.0664360311577303 0.0912769630851028 -0.0298443590742974
0.0892985220739443 -0.0567242094208102 0.141869865735303 0.0345552008402254
0.133797872080533 -0.017195590617913 0.151208460174724 0.144872258600581
0.139323547180474 0.0774151038312995 0.0702575921309175 0.258021503386021
0.0640605882362504 0.16694417242897 -0.121788206492053 0.235153718188572
-0.138433411908832 0.16454924319617 -0.196833077550905 0.0360827690067805
-0.22877974285868 -0.0416655718635404 -0.0554106034059912 -0.127263529411316
-0.146362485165784 -0.172461559432806 0.166352370965224 0.0857639003533146
0.0284832452629333 -0.11357941308431 0.193130968720219 0.249046819444043
-0.0641076847151611 -0.125427484223485 0.0759177536797397 0.336496976349298
-0.11688562019087 -0.0170968735541425 0.163402159934834 0.318761731109799
-0.0420303263534557 0.0775827948942107 0.229168825453464 0.160514270368738
0.0370655833055099 0.0635025191171971 0.224288929618444 0.00921866476442937
0.0680866881156405 0.0248908018675244 0.16872089229505 -0.0949646140048164
0.0620340217226317 -0.0247118240999115 0.123552786663958 -0.106661110991049
0.0459959595053425 -0.0499679726315742 0.118284648513103 -0.0476417517378844
0.0526462924599997 -0.0455008557771303 0.165586288312534 0.0152107003659167
0.0876950553198427 -0.02205108887441 0.176473278469168 0.132397595426871
0.097183919193628 0.046612566197951 0.0984382883828632 0.256767779797608
0.0404826683014111 0.126291614937115 -0.104589741142628 0.246461029571968
-0.123255862148199 0.101595977753202 -0.185354963269092 0.0575358166153191
-0.148812932196297 -0.0795874114027269 -0.0520518438871545 -0.0948501708154895
-0.0303706397347399 -0.143802500559414 0.171773043090924 0.135950256883487
-0.0695197984998598 0.0759800587658422 -0.214723688651045 -0.116925913882558
0.0597235682878652 0.0440372382726659 0.0287324193646552 0.124002584523562
0.0601330837951119 -0.0437029945832024 0.20985362827595 -0.0724634939061115
-0.0331360368448994 -0.0484853765672958 0.0927493760128732 -0.278861482165637
-0.0427621293914817 0.0124334222389721 -0.160098203509858 -0.266920270931301
-0.0142453791398389 0.0254567369397129 -0.234905716138634 -0.0926933424359202
0.0011091534526035 0.0248898763193184 -0.181593271341998 0.0228454543894083
0.0158750266651755 0.0188026168293673 -0.131555347384489 0.0878606844961705
0.0127459296694027 0.0136955200141474 -0.110698979137835 0.131830977908286
0.00930640811449049 0.0114162385753062 -0.1575237709031 0.137187671261454
0.000309327102996736 0.0211369255328512 -0.223183920725998 0.0467921168005241
-0.00866771288704706 0.00501407604426066 -0.240596288984952 -0.119387936400237
0.015029498943824 0.0339732519047316 -0.209291497242569 -0.260300538598328
-0.0385709445042269 0.0677688690979164 -0.143337393227836 -0.330212693972162
-0.133206974450056 0.0334736028102555 -0.225804992410118 -0.26356002646597
-0.168132712881721 0.0100651873892807 -0.18306478467597 -0.118800847222719
-0.0379610482667208 0.0602179396629972 0.041871057911622 0.142667938124791
0.0131052704932245 0.024720033520084 0.246796134945339 -0.0500732098387698
-0.00479069518193123 0.0120160354230004 0.123384481390326 -0.292508528137345
0.013779927739766 0.0431327278157477 -0.14443895141147 -0.282084541470319
0.044408915823801 0.0219393431704633 -0.226778950063186 -0.104776658325282
0.0459579835348066 -0.00212123688624586 -0.175450508310409 0.018761620063332
0.061174085113115 -0.0120650253042083 -0.119101429782857 0.0874002957884473
0.0676721298174942 -0.0103298915675983 -0.0844258436710696 0.137816007751883
0.0927602409709614 0.0174067747250971 -0.123870987874992 0.164693530721919
0.0693650421732065 0.0867732614344583 -0.207988343388942 0.105875475707503
-0.00947452909826135 0.104783884209935 -0.25836743522714 -0.0575328401730629
-0.0822223710853348 0.102658703078218 -0.238002627323306 -0.22250706563848
-0.170682412482739 0.050171419647257 -0.15124184375281 -0.294948394653744
-0.243592746681821 -0.0402550678362115 -0.184554157813967 -0.226076242691059
-0.241982358670972 -0.0714895367255887 -0.121123611516742 -0.0923718927116148
-0.146357179285847 0.0525490863856243 0.0617346549850403 0.181098327166421
-0.0588878085157108 0.0905715539383225 0.295414971491446 0.00516259088980934
0.0120276290437183 0.0880601188248032 0.18443815929208 -0.283398601778502
0.0710421845554542 0.0813480208469425 -0.0981747713753103 -0.291918664410376
0.105118312200865 0.0215688984328102 -0.194023668565924 -0.124993117518868
0.0899402672568352 -0.0270761679445481 -0.150699896755554 -0.000728964705490609
0.0975335933700775 -0.0417152591139685 -0.0903513212070728 0.0725055420977198
0.107191403384571 -0.0353810606568973 -0.0396205716526546 0.130296712100105
0.155801076672919 0.00673299355567325 -0.0603882485151827 0.183616100620406
0.138997551089918 0.115133953563015 -0.156403554987795 0.175715726234013
0.0309753146045396 0.175748429592181 -0.256736028369171 0.0387300837710069
-0.124291741373839 0.184096999016127 -0.267331046064194 -0.153893590128447
-0.264068477441728 0.066132101633581 -0.157010951390394 -0.25322857538471
-0.320591984676465 -0.0851776059983845 -0.117283044530157 -0.172634462537918
-0.275142883867566 -0.152477756468419 -0.0404873680663894 -0.0369341610526302
-0.240573617900115 0.0143699510652836 0.0839782753423896 0.230637484230352
-0.147541970174568 0.131638035775981 0.331040236080464 0.0878977177893867
0.00560479429112584 0.165589409790089 0.253423397170243 -0.231430181992945
0.11399442940392 0.124606856927849 -0.0234100267136759 -0.278135533039403
0.156435839305834 0.0273785615880142 -0.133347299499292 -0.142934140604242
0.125545736505012 -0.0456361019670999 -0.107005016984907 -0.0299980149340107
0.119214776422657 -0.0668645784133667 -0.0483058845290587 0.0484993013147928
0.125720106823618 -0.0562548093922489 0.0137080647842217 0.107801406647449
0.186488270396896 -0.0134396752491819 0.0150226213751645 0.182996620139602
0.187548331569362 0.110401714507115 -0.0773928935940166 0.226382718261157
0.0815736457630657 0.203417250012066 -0.22110979252216 0.134473031355975
-0.121761114773466 0.24356449711406 -0.270513902503703 -0.0726110587801495
-0.306015913524078 0.0864752121535863 -0.151797084445817 -0.213179848905578
-0.351088931302786 -0.108646159920232 -0.0344529415265263 -0.114898281161358
-0.257014204436756 -0.210423965242549 0.0488830672725022 0.0411715313453786
-0.288333525904375 -0.0485102937323536 0.104468855658666 0.2770587273042
-0.223853533690464 0.126392566531798 0.33370643678801 0.179643430048533
-0.0258108515973991 0.214273775857811 0.301784808392468 -0.136107405536717
0.12814184834552 0.159172412504443 0.0667697639908996 -0.226720582001461
0.183427464873471 0.0375098268453545 -0.0504924781042499 -0.14986123089484
0.144735936007301 -0.0552586372167291 -0.0474438529318738 -0.061341316336394
0.12271572662634 -0.0828657896911521 0.000298710001227116 0.0172409854360626
0.123513357955548 -0.0704142944103835 0.0659796178585402 0.0756413849949234
0.185591206341169 -0.0295675602568778 0.0845369307183621 0.163792006356407
0.200710504127632 0.091254933396452 0.00369333803493485 0.246385336737494
0.110924099821094 0.197313802246816 -0.165442980687719 0.200232146487173
-0.107204278895654 0.25696869614708 -0.247647199644727 -0.00466765822991647
-0.304501317034012 0.0812305400204234 -0.133213088519851 -0.176787505673735
-0.329240944356148 -0.12201818480026 0.0503733097123973 -0.058628553517447
-0.192662012295359 -0.225274104754985 0.130377243894692 0.126255682698343
-0.269117035107361 -0.109016186744192 0.118842875314362 0.311754953059067
-0.249452675689227 0.0819836210137416 0.298774743042118 0.250298535292869
-0.0577230994310307 0.211009029538616 0.30423168204576 -0.0238296671709535
0.112362832939091 0.163452867784121 0.144354829589226 -0.147728625292856
0.175256048529196 0.0426729127591434 0.0377487359294324 -0.141777656275186
0.139031215076323 -0.0552402342408953 0.0166858155104352 -0.0885040566029702
0.107232584524485 -0.0861628390409043 0.0464507165591136 -0.0146597294206326
0.106276919364347 -0.0744252724439285 0.110781848342993 0.0397299303815333
0.161717409443673 -0.0362301940364217 0.137000972796762 0.136915826753099
0.181758265070432 0.0710092744987086 0.0678455589381947 0.245712149198543
0.107821986444386 0.176819801974969 -0.113143663860073 0.233599156872828
-0.103347904527416 0.230008432290097 -0.213310100829954 0.0412088932444575
-0.273979076525936 0.0460693116994331 -0.107726372091307 -0.142305523561391
-0.26259950593938 -0.135769073222042 0.122104922960393 -0.00152712605390347
-0.0971645633692792 -0.190271754240904 0.189522644709636 0.195764626220632
-0.190720925809907 -0.132423649432874 0.12416972121971 0.329264223168653
-0.208187660215911 0.0327724786210652 0.249110978849024 0.286685437259913
-0.0609313939922815 0.16023969941687 0.2761054764935 0.0694543949573452
0.0813282768825177 0.125840960140961 0.194939428970772 -0.0690699674332838
0.134159349602485 0.0341329402565083 0.109776862030562 -0.126106832051628
0.107921848064368 -0.0476850726814602 0.0722914394773977 -0.109387220032752
0.0767909527477217 -0.0761144758908436 0.0842632604128528 -0.0426656669168036
0.0772016950432021 -0.0679381338762425 0.143884458825261 0.00963333155392157
0.124469432926512 -0.0371886935443163 0.172221858660368 0.113644181256578
0.145414054882417 0.0508529084990312 0.110506382693829 0.237816055858526
0.0871231307861156 0.148098924562814 -0.077721163417965 0.248075017181882
-0.104119967346804 0.179774717337483 -0.184855756309781 0.0698668495898828
-0.224501563417896 -0.00427372734489953 -0.0859393895286498 -0.110128557328319
-0.166167930634631 -0.141822952713002 0.169014632361575 0.0537577736434402
0.011709525867237 -0.115718507893779 0.22275661273682 0.22811317823605
-0.0788155627323721 -0.111141360968956 0.124762499676861 0.321238815431687
-0.112683697556883 0.000230319639032394 0.212275314640375 0.288102880288198
-0.0295388264199386 0.0791192684106901 0.252622864860722 0.118471868605751
0.0443333291522949 0.0562723733768124 0.22157971158647 -0.0273098958021461
0.0687796360461518 0.0136847743758166 0.149169798215828 -0.118741893282478
0.0556319173496042 -0.0332577041886957 0.103793641945303 -0.12476233363347
0.0354415801339436 -0.0542539671803023 0.107227093336844 -0.0629519016656238
0.0427435543550394 -0.0522845840480552 0.163155241277398 -0.0109651744009276
0.0787610791401309 -0.0357892158323577 0.193439947377221 0.0997869242629816
0.100009312269459 0.0275433773933972 0.136445891883095 0.232623955017125
0.0591560314005975 0.113044675816899 -0.0614066851248871 0.256252005607579
-0.0988134668539154 0.116836404001875 -0.17233966072026 0.0876505082652609
-0.153797351655261 -0.0513069170499091 -0.0749500955945425 -0.0826313170592989
-0.0513119529805466 -0.13143270404972 0.186250240819161 0.102204156543
-0.0666847468644117 0.0753565118216431 -0.212587914931914 -0.111144265684373
0.0588291015247454 0.0413442902641182 0.0288633434624202 0.119421470758748
0.0569828195568135 -0.0443963753097197 0.204238781449547 -0.0743934441527315
-0.0334918215167375 -0.0469010358324419 0.0884026865587062 -0.275135791062553
-0.0406504202697411 0.0139058110765502 -0.16220636432267 -0.258052022350024
-0.0125535631822903 0.0249563222177465 -0.232025350952965 -0.086602395618056
0.00162448046740225 0.023600147599585 -0.176830548919809 0.0239067428891524
0.0168358016620064 0.0172960634012951 -0.126943692009139 0.0876411018651645
0.0142170295002027 0.0131434855589768 -0.10570253055398 0.129560978135892
0.0103362021538444 0.0117813501343837 -0.1500599789677 0.136841023879544
0.00147346664560528 0.021293256232032 -0.217948431362322 0.048807727037885
-0.00915105785704559 0.00718685029729952 -0.239719557999688 -0.113779672791323
0.0145375218656019 0.0320461000845454 -0.209314977903256 -0.251455109992939
-0.036454377137277 0.0655555769762979 -0.144291047098203 -0.324034138633599
-0.129431827583739 0.0344772141784321 -0.22488886104049 -0.256944025043315
-0.164384489188081 0.0121385282370126 -0.182181873254189 -0.113170824807238
-0.0366935340118932 0.0584530726840156 0.0423266984036928 0.137278838662701
0.0123064684474336 0.0229765387040167 0.240579727554154 -0.0530979546837468
-0.0052364461426394 0.0123923330827581 0.117687040553168 -0.287805287446207
0.0148266911781792 0.0427352641233369 -0.146407468811272 -0.272307911480096
0.0448143478442142 0.0204460257813956 -0.223834388529833 -0.098839257171546
0.0459148415988529 -0.00355143678144898 -0.170207028309054 0.0200359430907672
0.0606010888349011 -0.014006827822541 -0.114155026143816 0.0871686751812603
0.0679707175061691 -0.0113912396856662 -0.078895190808949 0.135265295329971
0.0928194760059177 0.0150724190540288 -0.115670173509111 0.163470418187357
0.0705751099977453 0.0846028490683527 -0.201683554216446 0.108314593429272
-0.00834732449852205 0.104861049447482 -0.255722794433729 -0.0531261281451369
-0.0801084279918041 0.100666576076836 -0.238106788238488 -0.213701934544612
-0.167288456721531 0.0502408399597766 -0.151735433382177 -0.289510897703454
-0.240068586177779 -0.0372608065813476 -0.183570017712363 -0.221979309603597
-0.238253730741007 -0.0669392011572383 -0.122301549096409 -0.0893098366146192
-0.142712025166729 0.0522347033588727 0.062613254246374 0.175012012069914
-0.0569784616850156 0.088585913082437 0.289667219725584 0.000889302389952003
0.0125210527473949 0.0861225316414956 0.176173605597731 -0.278477458819662
0.0715238992130572 0.0788816216004767 -0.100635366673875 -0.28299724096308
0.103874667433099 0.0193794899709309 -0.191934856366645 -0.118667445294576
0.0883528438553566 -0.0284857390969767 -0.146842837549334 0.00109479756283405
0.0955309716095762 -0.0435229739179255 -0.0859239140899133 0.073258029694047
0.106119838863771 -0.0366146192153796 -0.0347216116823067 0.126410976632868
0.154073528249029 0.00304558612391732 -0.0530067327499958 0.180622589922655
0.140207050074465 0.110383938625273 -0.147813941691681 0.176935935498701
0.0325782644578827 0.173048251602718 -0.251740485342545 0.0416038944620227
-0.120282543297884 0.18205114939402 -0.26535046497635 -0.146697880594675
-0.259315149124216 0.0673994556502136 -0.158221287350286 -0.248933935259678
-0.316365322744231 -0.0807802475594664 -0.118763986508475 -0.169269992477489
-0.27181905594949 -0.145558260162381 -0.042873695299479 -0.035891612872978
-0.235496736369466 0.0157830189755169 0.0852177951198772 0.223063780447943
-0.143137455641906 0.13075336995199 0.326242804744041 0.0817370311702789
0.00742515823915541 0.162119390594911 0.244936955056682 -0.228468217232436
0.114736885414665 0.120067152101365 -0.0265182412869394 -0.270139578010288
0.154519553478229 0.0240614821298952 -0.132676795932791 -0.137862378391967
0.122926414934923 -0.0473533299887326 -0.104357804514788 -0.0267621541556978
0.116080001378177 -0.0681214986311122 -0.0450514981368923 0.0483165343344499
0.12348509936669 -0.0568967318584693 0.0173066909414676 0.104002868100803
0.183368520176014 -0.0169433422082446 0.0210598714887618 0.178690459247905
0.187726436193812 0.104615833646227 -0.0684015442703576 0.225743225597448
0.0836127775224556 0.198724126803043 -0.213674421151104 0.134839651091895
-0.115733285941416 0.240169887136453 -0.268479917939754 -0.0676902782335924
-0.300388547167289 0.0894305944353758 -0.152972768348068 -0.208868532347359
-0.347147443091318 -0.102879677402675 -0.0364349678163988 -0.113911477523325
-0.255203927433095 -0.20319416784928 0.0459346963549842 0.039946212058973
-0.284007690217489 -0.0449655615683136 0.105714737614855 0.269005348976199
-0.21714797976098 0.126923681870594 0.330710750704378 0.17146402552132
-0.022336871039041 0.210413246037264 0.292541404009638 -0.134902800792569
0.129086962152507 0.153575567013848 0.0634018660403787 -0.221497628739344
0.181093153139793 0.0329955940999147 -0.0519637620750262 -0.145602840237462
0.141334889063142 -0.0571452303434279 -0.0474627928626369 -0.058849322538286
0.118620359433409 -0.083382076486362 0.00177293514853025 0.0169736739218969
0.121125254908201 -0.0708000338603045 0.0679561274367168 0.0712805427601841
0.182231303726309 -0.0325663648731751 0.0882504775650163 0.15837495620989
0.199773955782685 0.0852009338884041 0.0116112218014881 0.243329182144071
0.111574006269775 0.191813979991371 -0.157927738961911 0.198583570777869
-0.101227764398928 0.253487093045857 -0.244352152685555 -0.00188015314769998
-0.298767901044589 0.0845797405489275 -0.134756372683137 -0.172715844609551
-0.326107071665851 -0.116785011437313 0.0470120114038684 -0.0589293676668124
-0.192550984920052 -0.217956123096275 0.127625530678369 0.123009499686288
-0.266435610670132 -0.103288093133153 0.12025870962566 0.303555350957837
-0.243405698254197 0.0842738968403779 0.297704529929067 0.241043532866377
-0.053469893806553 0.207958979556879 0.298608015808861 -0.0253561849176586
0.113669412898724 0.157279978832718 0.14147034107682 -0.145012706718849
0.172570914433788 0.0379450976443095 0.0345456741381037 -0.139089650846907
0.13550106020274 -0.0571362082070016 0.0145214894718076 -0.086478583917146
0.103277724882171 -0.0857400229909405 0.0470672495098054 -0.0153950961712195
0.102711319581246 -0.0739109628646355 0.110773904709819 0.0359672659573724
0.15798843549774 -0.0384901293162842 0.139810239405273 0.131290853400306
0.180601488189359 0.0660999440548754 0.0747709410987828 0.239994345844377
0.10835877437028 0.170515464482038 -0.106231126579002 0.230365638328385
-0.0966419929550418 0.226260020101443 -0.210129254930092 0.0428974029286563
-0.268824935006596 0.0499063558979516 -0.109958234758922 -0.138369348036882
-0.261817807725967 -0.12935987761154 0.118451119559745 -0.00395832279227895
-0.0987197626536017 -0.184687269930543 0.187752304758596 0.191054696040298
-0.190263798350296 -0.127552331894064 0.125887197711775 0.322469244385202
-0.202974408232313 0.0352111898398963 0.249559593546536 0.277262425828639
-0.0563944699026749 0.157348139462523 0.272836117580518 0.0666854662477781
0.0821817388549658 0.121093775492089 0.192024289934117 -0.0703181244311527
0.131927153260849 0.030902959841929 0.10525593169737 -0.124949180107471
0.104853825303472 -0.0487924578240467 0.0673866479109031 -0.108342937650433
0.0727913595079685 -0.07476173317612 0.0832748558226553 -0.0433684501720445
0.0747687327146835 -0.0671600647395085 0.141995388384117 0.00583835676400057
0.120886004152454 -0.03887860698823 0.173531402919287 0.107870679589469
0.143244976791523 0.0474920092399185 0.116458543815874 0.231941779768207
0.0871470385104122 0.142733097781447 -0.0711816985357921 0.243772898631448
-0.0980757447901239 0.176401996241906 -0.180793857632128 0.0708583369953444
-0.220286009105866 0.000514172543609734 -0.0874778449811429 -0.106409846156414
-0.165837480104257 -0.136074417890308 0.165330124633365 0.0494604799334646
0.00923495671928319 -0.1133471491273 0.22095080527278 0.22340207660084
-0.0799253254083476 -0.106887274661892 0.126752812306002 0.315718032386197
-0.109408184355954 0.00202644528514597 0.212758443598359 0.279698295514593
-0.0274839985671082 0.0773276175741034 0.249827766080063 0.11440205191759
0.0441450153590433 0.053521026818817 0.218199885781671 -0.0302569535077659
0.0676938114724712 0.0123552385743332 0.144440602281476 -0.118702782686834
0.0533664879327284 -0.034040615570797 0.0989338665208836 -0.123383520289609
0.032389996068199 -0.0525557466681382 0.105187773147935 -0.0633877579896821
0.040155516345368 -0.0521581219839155 0.160247053855882 -0.0141361155384405
0.0753802850727208 -0.036685934717231 0.193021541197329 0.0939855701399933
0.098032247635132 0.0253096735392215 0.140197523626315 0.225705263740436
0.0593915429036816 0.107691713886259 -0.0555239264119749 0.252013094758973
-0.0933938382086782 0.115145435753201 -0.167537061921614 0.0878359734280904
-0.151767253501495 -0.0456405602073738 -0.0760963459333622 -0.0794770237123078
-0.0532716649129273 -0.126572568128882 0.182731905522558 0.0966095563263971
-0.067423487231021 0.0758400350501548 -0.21337897623379 -0.114647852307393
0.0576801512044055 0.0416649703297356 0.027347157351764 0.119263893596798
0.0568588345680283 -0.0451959573743007 0.206304123937159 -0.0732016539972398
-0.0339321276464199 -0.046354285911485 0.0926842518821364 -0.277412299862978
-0.0400786647752973 0.0150513985832298 -0.163548922738564 -0.260549039756718
-0.0113427262530494 0.0246072777259646 -0.234331457680514 -0.089291092794011
0.00220468532420299 0.0239525739228923 -0.179143710712431 0.0206181007280562
0.0177008126048385 0.0165965605630515 -0.128400748091685 0.0868276709667066
0.0155607653762306 0.0128723359635478 -0.106452520295408 0.12846499906911
0.0119619178000103 0.0121905086705861 -0.150804864993941 0.136400043186262
0.00271560567808428 0.0222484707586302 -0.220456546875564 0.047893463275604
-0.0100513614289939 0.00864152843371948 -0.242852411970618 -0.117746784950179
0.0124850442483878 0.0309346103247475 -0.209045325759589 -0.255168548045639
-0.0371126919689141 0.0646187032692323 -0.142030719448987 -0.329465139247767
-0.12972155935278 0.0331331337152823 -0.223999400019048 -0.26450458920759
-0.165821493087499 0.0108734767229672 -0.183286076369805 -0.11630973362478
-0.0381009249645664 0.0573551012165268 0.0403085774159383 0.137157529904771
0.0112597679864702 0.0220920876536342 0.242721205092929 -0.0507957743843162
-0.00606248884533852 0.0125401068972305 0.122276538157305 -0.288741536477248
0.0158386734544443 0.0439759411354712 -0.146509803764041 -0.274644181934502
0.0462098700912355 0.0203817427478454 -0.224734393577525 -0.101479742007677
0.0467282135372543 -0.00365255767202879 -0.171635808248037 0.0170622677332019
0.0623149901716802 -0.0145475358212716 -0.114608735120772 0.0865086604178473
0.0699352893565011 -0.0114208244923169 -0.0792740327323878 0.133771534046506
0.0949065722783922 0.0162644819744304 -0.115083335433548 0.163725488838493
0.072589926648585 0.0857364649559166 -0.203160860197958 0.107783210169381
-0.00938709526162747 0.107905141662956 -0.259052348816276 -0.055922187055684
-0.0834212314806838 0.0994909331771269 -0.239611239298848 -0.217490228041466
-0.169508355727748 0.0481025317732942 -0.149945478159503 -0.295389457995521
-0.24042669223054 -0.0411828296956692 -0.183644639575398 -0.227568066704866
-0.239425540476124 -0.0695934017784849 -0.123929138252529 -0.0917871137301318
-0.144453049084028 0.0503116670245304 0.0602764849559961 0.174672645885063
-0.0588127355939415 0.0880809052036143 0.292308777281666 0.00423309680264096
0.0111295372715989 0.0868305875458853 0.181086988495211 -0.277506327857363
0.0723283371443707 0.0804070928546299 -0.10017200442622 -0.284725938015117
0.105576489185134 0.0199062602322652 -0.192249027782956 -0.120814632132335
0.089946788487213 -0.0283536675656069 -0.147332187093869 -0.000946779539098074
0.0972265736476764 -0.0444244513618691 -0.0855774293893859 0.072560616776926
0.108922952272532 -0.0357646492896345 -0.0337048671673437 0.125299457130846
0.157134315302366 0.0037560147274254 -0.0513130267418279 0.181352957150198
0.142856271515496 0.112213410396975 -0.148199240040944 0.178356654151356
0.0311366470206447 0.176382000153709 -0.255331154106277 0.0396972732721628
-0.124526871660638 0.181742793778183 -0.268141481407429 -0.151047923003156
-0.263816450676361 0.0650879532888088 -0.158018656821411 -0.254550873867824
-0.319451438445669 -0.0867528336365512 -0.11841124251547 -0.174201156576058
-0.27316547983362 -0.148943916472139 -0.045282233323427 -0.0366860823660427
-0.237904888766538 0.0127686178188971 0.0826469145733153 0.223435773538037
-0.145304992882779 0.130199244711715 0.32872604674016 0.0855671750711685
0.0057205928660161 0.163026426807534 0.249134665044656 -0.225875373705406
0.115814316156909 0.122261474153095 -0.0234595410958702 -0.270819520320686
0.156480418009195 0.0246512487844625 -0.13308951345553 -0.139417187869213
0.124704569679092 -0.0468801599894395 -0.104678933685919 -0.028466429953097
0.117522084674994 -0.0682637976530139 -0.0438727390699767 0.0479821809013971
0.126519958526973 -0.0565301516763395 0.0189984186402525 0.102694043210268
0.186534983196946 -0.0161509519587608 0.0232209796792173 0.179428126364229
0.190460383184252 0.105965055650106 -0.0677708651301016 0.22772715879942
0.0832278894668413 0.201741694071521 -0.217415686027091 0.133825256335843
-0.119371688948282 0.240921009269745 -0.271435095512665 -0.0711758773941978
-0.30583166771196 0.0874315967000413 -0.153979949179343 -0.214250193030911
-0.350925235273907 -0.108887249919458 -0.0369365188604718 -0.116694896192155
-0.25654028369522 -0.207764935327187 0.0437300700180895 0.0414948402330933
-0.286116429252712 -0.0487528140539841 0.102997720276799 0.270405119723268
-0.22029071016174 0.1258431725106 0.332587692470409 0.175849538955372
-0.0241154230582906 0.211676021361704 0.296738218188056 -0.130538474822747
0.129869916083316 0.155158860468454 0.0669031455932983 -0.221465800942619
0.182773553903133 0.034051413267224 -0.0507730356847277 -0.146876961794136
0.1433081412386 -0.0570341777909653 -0.0467816327781843 -0.0587778809674363
0.119668402072763 -0.0835036765281702 0.00316326585095051 0.0168257524036615
0.123981263928536 -0.0702542806037283 0.0699993548407133 0.0698973994502324
0.184940776099652 -0.0318495031109193 0.0914368965002693 0.159273580754012
0.202748618466962 0.0864182590245207 0.0140620313776442 0.246228410538608
0.110953934239408 0.194534496991261 -0.160567435257245 0.19869087061662
-0.10367326358398 0.254061368286429 -0.248046577829054 -0.00414432003688236
-0.303346957726459 0.0836753400291044 -0.136026702153593 -0.176151213451789
-0.329839902919094 -0.122165796815352 0.0464487631547335 -0.0596664092554098
-0.191975955098761 -0.222538223793515 0.12469072591997 0.126931451808668
-0.268949333435663 -0.107269515730086 0.116844387246975 0.307317882193654
-0.245913729842619 0.0825792992219127 0.299135414611305 0.246847558449818
-0.0551775661927887 0.209221442610097 0.301531425616974 -0.0190788758508891
0.113899268558854 0.159227745988829 0.145219339199728 -0.143843426477067
0.174676200030057 0.0388584759182052 0.0359414152860762 -0.139361526602188
0.13674920961216 -0.0568649220917545 0.0152303126822804 -0.0861729674379294
0.103593513484942 -0.0852285511533205 0.048671768475034 -0.01525071502844
0.10428211170897 -0.0736936269606561 0.112586715893357 0.0354813164003853
0.159837805583187 -0.0382596503515951 0.142987084421156 0.132163898464868
0.18222768572873 0.0675227082229561 0.0777700299788732 0.243330614026956
0.107531636442538 0.172061038197812 -0.107735247175301 0.230935306529792
-0.0980917204269608 0.226582830699094 -0.213553508406917 0.0404979109236714
-0.273008597641222 0.0493709329123266 -0.111417366156741 -0.140999558420384
-0.264203261018089 -0.133078651504229 0.118175593138595 -0.00300332754870051
-0.0982401058722254 -0.187986623499841 0.185969706201155 0.197342586889204
-0.192224726032275 -0.129994864543798 0.122626989658541 0.325932298809941
-0.20464858431975 0.0333588928376136 0.249974247942614 0.282056653559585
-0.0581981350533195 0.157841611553306 0.275622679358358 0.0723149910876646
0.0823502354468299 0.122081674592695 0.19647644189811 -0.0677533429807971
0.133524502162887 0.0317922994660673 0.106954156215278 -0.12477855303709
0.105120586892294 -0.0488372627399567 0.0685042766024291 -0.107973642056374
0.0728112290236775 -0.0740120101951227 0.0854651096815346 -0.0432580050393722
0.0753985880118576 -0.0670563510149903 0.144043470273964 0.00606358210789354
0.120995845044439 -0.03836902978148 0.176816129288637 0.109610251341163
0.1447610843675 0.0485446029877537 0.119039755441018 0.235238836367979
0.086595869115585 0.14295755877609 -0.0731906180521741 0.245694065967606
-0.098533651113929 0.176216246944402 -0.184118322390021 0.0685467022571893
-0.222439524159214 0.000390526449738757 -0.0893323520407152 -0.107159744448449
-0.16776043890145 -0.137661961496123 0.164986789959531 0.0500351633459683
0.00927445462556044 -0.114002475362626 0.219541333042754 0.231342621210521
-0.0812789661321222 -0.107352973410643 0.124595408059123 0.321100109676143
-0.109961828846712 0.00127478570555379 0.213397519903071 0.28436708259247
-0.0281247138294025 0.0765438220319786 0.252455817517394 0.119765606687747
0.0438339624335469 0.0535343145069678 0.223002619781018 -0.0287097402881455
0.0682918644177617 0.0121853511204407 0.146324439478385 -0.118209584365092
0.0526858137052545 -0.0339361641630163 0.0998064280409553 -0.122837775571402
0.0316009752489391 -0.0515680052697682 0.107050772191121 -0.0634955365639056
0.0393595045082812 -0.0519234085787868 0.162236345161313 -0.0137421095748895
0.0750304249637137 -0.0366260303915696 0.196007916696041 0.0959782418545179
0.098015909780415 0.0257629090960513 0.141856385556213 0.228656745387267
0.058498729784332 0.107463894360556 -0.0570056637338901 0.253656342058412
-0.0932534697444272 0.11402185346338 -0.171030282242372 0.0862501550302269
-0.152848265569382 -0.0451755624199001 -0.0772059536991728 -0.0800957509697414
-0.0535659161482025 -0.126182829163591 0.182264492699361 0.0984884690404086
-0.0704834635869818 0.0790813535448263 -0.223044469518358 -0.122218925989071
0.0589629310591857 0.0433411678810674 0.0257529358123743 0.124909374961638
0.0577667600737684 -0.0474950439600142 0.215523072583798 -0.0754407957183751
-0.0364868490566442 -0.0476354504905087 0.099695622856553 -0.290785720148289
-0.041177954827227 0.0169563134741598 -0.1704909228633 -0.272269044015688
-0.0109522365847352 0.0252612836752055 -0.245084165255986 -0.0944466982743681
0.00267883499032833 0.0245634276705364 -0.187824824356301 0.0183648402298365
0.0192838507572953 0.0165765794799893 -0.134485597488685 0.0894570215039072
0.0179726481069785 0.0134305755560534 -0.111645962582186 0.132867438399797
0.0135952462323084 0.0131467837515039 -0.157187726518813 0.141174038138038
0.00344587112634394 0.0241477442550756 -0.23145391711091 0.0485604158716128
-0.0114369994595934 0.0109834315941941 -0.255136868810241 -0.125876164864441
0.0118240674924082 0.0312719736367044 -0.216654857058656 -0.268692390985792
-0.0388877253900072 0.0655890236189168 -0.144453870524873 -0.34917270076222
-0.135632699765885 0.0330343633041888 -0.231586206784636 -0.281800981627343
-0.173592428564628 0.0101409597496002 -0.19321628845032 -0.123626938995086
-0.0407140842105682 0.0590792271637654 0.0394064523704254 0.142347558134625
0.0103941791110581 0.0226632310269891 0.2542846208271 -0.051503978485534
-0.00752129965147745 0.0134260595434436 0.131185304763758 -0.301376464926025
0.017434719052219 0.0468643343838446 -0.152585185404254 -0.287772565330078
0.0493932638278632 0.0210054311187618 -0.235136385743282 -0.106767005481233
0.0494599233254611 -0.00418606689876787 -0.17980003953396 0.0154711581063828
0.0657534596339684 -0.0158629618873383 -0.119589328832656 0.0890653145923868
0.0753868018078824 -0.0114834172161956 -0.0823267738162639 0.137961354952458
0.10070382704804 0.016716769107107 -0.119656268293575 0.169962834980813
0.0772862968880618 0.0905880379988657 -0.212533341511604 0.112772084678132
-0.0114313134600078 0.114452105477125 -0.272569734682548 -0.0609373612746924
-0.0898887488575582 0.10339258835048 -0.249715191283983 -0.230178217874049
-0.178223842854277 0.0471549389783541 -0.154642608730541 -0.313454771820253
-0.25159442305676 -0.0466897260821311 -0.190708539777673 -0.242465649367495
-0.250885044023648 -0.0745204538952114 -0.131137636702631 -0.0966617973295468
-0.151657745987775 0.0503634022129717 0.0593427454619139 0.181747472639483
-0.0629956001644183 0.0907251324242709 0.305753004683858 0.00678828839886163
0.00998405666891462 0.0911435123638415 0.192227136554569 -0.288468927185872
0.0762169920854543 0.0853675453669957 -0.102487596265981 -0.297279412939484
0.111263382737723 0.0208441879205734 -0.200812605388146 -0.127373258079832
0.0948552834298238 -0.0296364560187303 -0.153764291710837 -0.0021930296734491
0.102541708898863 -0.0456836491476816 -0.0886263581899143 0.0742364855901561
0.115979362731397 -0.0370005890493052 -0.0345054898445783 0.12872602509984
0.165931785893857 0.00439972817893959 -0.0525154355250278 0.18876320638801
0.151085878629497 0.117947692208467 -0.15380123474853 0.187008130457238
0.031340571062149 0.186598345306331 -0.268959162898939 0.0389085442738426
-0.132984867625933 0.189989890724517 -0.281207803784534 -0.160403634969963
-0.277921947179144 0.0655554741080731 -0.16359113921908 -0.270077034570272
-0.334877825293488 -0.0955216487423048 -0.123591947153474 -0.185668921608205
-0.285360564981271 -0.158935349863204 -0.0497504210623207 -0.0382474787823177
-0.24996820105094 0.0107082533738038 0.0823711367148825 0.23322490546931
-0.153781150089913 0.133959461160375 0.34405450611118 0.0925013852390058
0.00407146126501604 0.170989864340608 0.263845217657643 -0.232545140083928
0.121501502275591 0.128642765035807 -0.0220160321338867 -0.282506318773208
0.164362783956562 0.0262142038842276 -0.138854905493467 -0.146405285430422
0.131535499886263 -0.0493303973066574 -0.108948779101854 -0.029863292408776
0.123437037931973 -0.0710737714414644 -0.0451814011394283 0.049261790433914
0.134593020053988 -0.058667687705072 0.0211395640317399 0.105465616681298
0.196976703348798 -0.0172981088004079 0.026984394737481 0.186074886778773
0.201118738574932 0.111204499962992 -0.0683326194483203 0.238988259696406
0.0852595606277642 0.213113712017194 -0.228297102395455 0.138295291392548
-0.127726446386655 0.251881087638436 -0.285637891088692 -0.0770713995720652
-0.322656876819352 0.0889298021152233 -0.16131968145232 -0.22709049503959
-0.368765469196117 -0.118994734459001 -0.0389916642782815 -0.123911794136336
-0.267149933708658 -0.220274101968329 0.042757085872907 0.0446848502220617
-0.300282290881998 -0.0539555922300478 0.103489477318164 0.282687637274537
-0.232384212622124 0.129758910141703 0.347289785659524 0.187291294916605
-0.0271107204381773 0.222066642427384 0.313208223023523 -0.131466659507578
0.135961354517252 0.163646067813093 0.0730153365645012 -0.229891482619877
0.192349768986419 0.0360999701944728 -0.0525573599902396 -0.153578661687964
0.150630609114915 -0.0597529842612 -0.0489334289443802 -0.0612391266665358
0.125280022072724 -0.0858808207692016 0.0049664491683049 0.0167742304981121
0.130956466805991 -0.0726148979926292 0.074824504747628 0.0718379152360979
0.195304865606277 -0.0328576259925457 0.0980715946838629 0.165411380137325
0.213725702555624 0.0909322085578665 0.0181009670665043 0.259466533502015
0.114921865662774 0.204361179677397 -0.168674508236346 0.206742560130199
-0.110346676552344 0.26466586388088 -0.261749735309607 -0.00745495191382187
-0.320374376332873 0.0863797462060667 -0.14365810230471 -0.186702455969789
-0.346803016873582 -0.130625381083526 0.0481428042082851 -0.063578095417945
-0.200108464169398 -0.235611432576277 0.128078841829367 0.135799265692
-0.282540697058501 -0.115416331605709 0.118515904348533 0.321601379358254
-0.258632306982857 0.0838601320113159 0.311743023352995 0.260936927675388
-0.0598327757354465 0.218595310913784 0.317675642520508 -0.0148248455546055
0.119079183629849 0.167170899433327 0.155658125680815 -0.148532836998078
0.183722735102235 0.0410650225456748 0.0386404360147646 -0.14550567882291
0.143732974310768 -0.0591131988644955 0.0159512313965593 -0.0895148016232458
0.107801516462914 -0.0878938080862451 0.0528465936295003 -0.0159516127018464
0.110460118034663 -0.0763571323477902 0.1188202343277 0.0359182449900986
0.167681051595771 -0.0391718824973031 0.152087729837052 0.138179522080822
0.191701307343971 0.0713263302556352 0.0844152518526884 0.255385349892962
0.111066497529813 0.180277055287838 -0.11359158960042 0.241886582303854
-0.103214198693925 0.23526785804859 -0.225847178125462 0.0401973574887302
-0.286745965096993 0.0507839649557766 -0.118037503954854 -0.148541991096145
-0.277407549078804 -0.140792826964408 0.122552812106254 -0.00358291699380533
-0.101961449400325 -0.197580056594131 0.192000976982316 0.210429029036737
-0.201387943511641 -0.136612760255806 0.123816102581157 0.343077080480553
-0.214757549810751 0.0334945096470913 0.259523215867785 0.297574421586464
-0.0623353888782797 0.163883832108696 0.289453922433658 0.0800380929543561
0.0849762985506385 0.127781558113227 0.208973278786473 -0.0692343592622382
0.140217545509296 0.0331976517941514 0.113238996954408 -0.129246424076239
0.109853096434176 -0.0503897619979794 0.0721306250023736 -0.111771482462678
0.0750611081363925 -0.0760514915549422 0.0909866661190094 -0.04513559250399
0.0789327748797316 -0.0694932205491895 0.152013376554038 0.00557384238698978
0.126646196224638 -0.0393293972915976 0.186935380421296 0.114598619689917
0.151510879115898 0.0509239682937248 0.127126531357071 0.246623678658195
0.089006205176379 0.149417851379069 -0.0767427863916234 0.256174488827486
-0.10350366640786 0.181732387112291 -0.194979122098084 0.0699177217960666
-0.233695639389575 -0.000214981119839792 -0.0943286462246015 -0.112759506489513
-0.175597337608536 -0.144253564804151 0.171124134980198 0.0537670675373471
0.00954437467388868 -0.118963592607972 0.228006336530699 0.247166333780973
-0.085023695239024 -0.111303230030057 0.126384511056715 0.339273306890279
-0.114111055472217 0.0010361285463591 0.221794440304647 0.300103946006918
-0.0300850224997584 0.0788935315302265 0.265204380168065 0.12939204551939
0.0456337335789573 0.0553235388674951 0.235858808201304 -0.0282234135547215
0.0719194978575964 0.0127828569707961 0.154614405316971 -0.12201989905125
0.0547907126561698 -0.0351403758189032 0.105853143689754 -0.127413426273998
0.0315957826951029 -0.0523393348413636 0.113927813659782 -0.0661637412070154
0.0409667088959541 -0.0537629336616278 0.169917219913038 -0.0139566524462595
0.0770403870675755 -0.037738071616819 0.207294256117368 0.100927024450907
0.102185134106917 0.0274794431059378 0.150065406481314 0.239489711692599
0.0601278294415036 0.11146422073173 -0.0603142230157239 0.265000295814457
-0.0975842174180356 0.117729913500775 -0.180306548103837 0.0888072457955017
-0.158955886261449 -0.0469226676323667 -0.0819368917461018 -0.0838250984885328
-0.0555263870092257 -0.13069303911016 0.189204254165481 0.103463344981973
-0.0740199552569694 0.087009071267438 -0.244683904816048 -0.127374715613997
0.0642095878542859 0.0457217540038094 0.0286991342044965 0.134455224020377
0.0596907434549105 -0.0526436984214937 0.230455761570893 -0.0853239045856932
-0.0412498496272116 -0.0490927818419226 0.103559531936244 -0.317243559105655
-0.0424733735477471 0.0197995391125268 -0.191398334004971 -0.289559529318716
-0.0105609438364456 0.0269534678334039 -0.268495287054514 -0.0967802289010825
0.00401577870783579 0.0260467800813157 -0.204531639618543 0.0219556884786668
0.0223305937252709 0.0164572279486091 -0.14337497947963 0.0980556921086732
0.0210788885792521 0.0126838347975753 -0.117515165694899 0.144184058039868
0.0169731892569058 0.0144485248531341 -0.165828499864622 0.154870117526086
0.00514838251163126 0.0263298585747926 -0.249502240296454 0.0577057188918992
-0.0125371887515088 0.0139332884260175 -0.280242362121137 -0.131061623488459
0.0115724151987888 0.0326825828326783 -0.239610914194983 -0.285612984519104
-0.0402985434544104 0.0694660587723196 -0.161897054915416 -0.375768419070807
-0.145436627723411 0.037704006894694 -0.256648881424537 -0.302389155990655
-0.187118098196842 0.0151627262683261 -0.21238593286058 -0.130511631135523
-0.0429511513869024 0.0636773669758709 0.0426964544480449 0.152702650221236
0.0101211340659064 0.0238208750144379 0.273670640868817 -0.0601224727618272
-0.00907571272929322 0.0157847968366746 0.136346425614149 -0.328295052144417
0.0211921138614905 0.0516020120172595 -0.171237519394369 -0.305657864160367
0.0546156290615842 0.0213498586458638 -0.257070390987799 -0.109702130350345
0.0538280546366477 -0.00548324691627938 -0.194194480018602 0.0189468912984116
0.0710637834555913 -0.0192611621558579 -0.126176752565699 0.0974433181151907
0.0829727117155263 -0.014941797627502 -0.084577802950119 0.149010442488281
0.111124417237406 0.0160315673546427 -0.12286122008756 0.185400456314675
0.086572798426324 0.0957617646496425 -0.226241854678702 0.126832458455617
-0.0101648920283779 0.126044210785257 -0.297200267302548 -0.0607329323968224
-0.0973988826058127 0.113055837470507 -0.275651634690514 -0.244112555095035
-0.192389267024928 0.0541544186798152 -0.173923400017389 -0.3383136486876
-0.273253786618065 -0.046129808679328 -0.211920322572579 -0.261641521210319
-0.272763680816413 -0.0754747688829586 -0.1463448883455 -0.101886757393128
-0.163580914971961 0.0570902017943487 0.0647873012438873 0.194617986497686
-0.0670892266653079 0.0989066137673983 0.3307044178657 0.00167781698287272
0.0117464396895273 0.0990018896209605 0.203478089126145 -0.314527756427504
0.0853757864663155 0.090783643473964 -0.116879187477472 -0.316774927978816
0.122096310383727 0.0195273634342384 -0.220200826647183 -0.13221169395677
0.102488197841381 -0.0343813068253091 -0.165281913236273 -4.94600321881461E-05
0.110172670976499 -0.0526925303706453 -0.092470161050987 0.0810307986111069
0.126310994084414 -0.0431638446275788 -0.0325628052356037 0.137964015846375
0.181827746972059 0.000212071413892 -0.0492445570405811 0.203978725526657
0.167893469488968 0.123123123102565 -0.159360557964846 0.206758373822113
0.0377582724610971 0.202847268377798 -0.291310111526281 0.0478706650668701
-0.142131281204863 0.207962664025891 -0.309059004814505 -0.168620113714375
-0.299827245814006 0.0767101676716176 -0.183442017901571 -0.291077160453375
-0.365249827570303 -0.0972316421116507 -0.138478380831468 -0.200555685707291
-0.311543829804322 -0.165589275137658 -0.0567963848857725 -0.0400188593846717
-0.270454853879685 0.0162555516193901 0.0909717528978164 0.248755958933932
-0.163944935156823 0.14763940064409 0.374309224893735 0.0934970967931038
0.00760140411146271 0.184869775731902 0.281529522137441 -0.25498854830404
0.134603614652543 0.135935717603729 -0.0288332530930387 -0.303194826119551
0.179330599950843 0.0235388444250679 -0.15300779361475 -0.153963766643437
0.141650258657226 -0.0567733498717491 -0.117667971523575 -0.0300795421294987
0.131586879027606 -0.0799176297858944 -0.0460129863526888 0.0526732315356216
0.145791377667051 -0.0668929450817111 0.0268939202187794 0.110450098695676
0.214107616711499 -0.023703027131759 0.0368627251210493 0.198870872987036
0.222197008937288 0.115004856224724 -0.0641645451077126 0.261358115600618
0.0971877781701533 0.229435253974066 -0.244644032499638 0.154440720567115
-0.133410537342394 0.274775314495548 -0.312966933185084 -0.0785884495699679
-0.348276449890415 0.104238752299683 -0.180769380642226 -0.243834257866706
-0.401842534492653 -0.121604692120722 -0.0468190219262128 -0.135471763794802
-0.29405668486653 -0.233165938597158 0.0444059158796814 0.0483557660506233
-0.327161713670311 -0.0525448839292244 0.114224835791782 0.302123194917398
-0.248752581810883 0.144669613415966 0.38021169635681 0.195148195573721
-0.0252470200729295 0.240354149751761 0.336782239352674 -0.146636161684745
0.151680126711899 0.173044815495954 0.0761319794098785 -0.249398253320387
0.209261551970048 0.0335093765527302 -0.0603841677905519 -0.163661243842653
0.161664317730717 -0.0679803237095892 -0.053598040508142 -0.0647396515431365
0.13257056417665 -0.0955735361871065 0.0071234160902064 0.0167000849748586
0.141076482878221 -0.0818228409135365 0.0841375080038477 0.0728030639998372
0.210745857386501 -0.0406707065257045 0.113200652833156 0.174551103800985
0.234237736323494 0.0923144359386961 0.0295235740740536 0.279612107179109
0.128891356188214 0.217976135470067 -0.177334854122181 0.226974335081098
-0.11319213718977 0.288349318460196 -0.2858317700401 -0.00231636102012557
-0.344783057981952 0.10109069993139 -0.161787098531426 -0.199327812784186
-0.379437185741901 -0.134971329089796 0.0488541371770616 -0.0702150132133537
-0.222277002880692 -0.250312252008751 0.139287642009323 0.145706349348811
-0.308289470859692 -0.11810075525126 0.131357991367649 0.344649995170998
-0.278237787448133 0.096158298541708 0.343355709161977 0.275184767292435
-0.0599081520736998 0.237384621257816 0.344398297718261 -0.0213145100260767
0.132993266262656 0.17730881061496 0.167694628835202 -0.16319334847684
0.200087732979653 0.0391297632365783 0.0384627349177395 -0.157133246921923
0.153570931206276 -0.0674529979440888 0.0159127020749222 -0.0963414915120288
0.113765806372132 -0.0962967607586973 0.0578685193836594 -0.019430211780832
0.117966039329088 -0.0849095824348321 0.131102491314323 0.0337171204485539
0.180826306138234 -0.0467273698403118 0.170331214685673 0.143592328923
0.209696211524813 0.0711533549327511 0.101615584471649 0.274880166332079
0.123730857060272 0.191294717752243 -0.11579244180434 0.263258872348694
-0.105891737392084 0.25494374964596 -0.24511076831325 0.0484000507482106
-0.309552779101148 0.0626860691005057 -0.132456593933116 -0.158491218152802
-0.304542790887187 -0.146026599368393 0.130418465542636 -0.00723084433126305
-0.115809694854189 -0.211503220591901 0.210086953320079 0.225963606126939
-0.221637139692851 -0.142400641775151 0.139157232616484 0.369483849087523
-0.230496206962334 0.0410020480541315 0.287520018994886 0.315808806561009
-0.0638620952271684 0.178270650019624 0.31659363137124 0.0825637837756722
0.0951543926557267 0.135245659434007 0.226850119162911 -0.0788742528474317
0.153159773871394 0.0321811770175693 0.11947146497235 -0.142362557987677
0.116854977269952 -0.0571191242605335 0.0752276903458783 -0.121573020824415
0.0781839513565263 -0.0823795530437962 0.0984038098823156 -0.0516625103030064
0.0831209903721629 -0.0766016255172683 0.165115170652244 0.00106947448230308
0.13545892337952 -0.0457042482659043 0.207019746289157 0.117547829333298
0.165282912883711 0.0516094259055758 0.146643524679615 0.262997901890376
0.0986475522139385 0.158225848405824 -0.0763979579796135 0.27828770761474
-0.106885763650404 0.197685277124502 -0.211230096491459 0.0796672299488284
-0.25235534376541 0.00704473354948681 -0.106177094254344 -0.120094085597408
-0.193509438896336 -0.150927715886545 0.185071802953533 0.0538170428735644
0.00647743216091415 -0.128075336385996 0.250738764978768 0.264725109400318
-0.0954604618428649 -0.116535146336158 0.143504139714908 0.366035371474631
-0.122504092934149 0.00344076487365287 0.2467203363748 0.319634297378963
-0.0312509953132603 0.0849156536908687 0.290871280118877 0.135748333630604
0.049812718019888 0.0572942912157772 0.255772972835929 -0.0362140760861538
0.0786409739292886 0.0116043804008247 0.16480050775501 -0.134822400118531
0.0575482329611223 -0.0387011687033466 0.110338203430059 -0.139632850174175
0.0314370394741322 -0.055546419985022 0.122521998861985 -0.0747460512508964
0.0416778896784207 -0.0583958808160372 0.184654452169465 -0.0195703032828235
0.0812309221273437 -0.0423602994189043 0.227627574697651 0.103334937755444
0.110991723907545 0.0271555244661009 0.170457252278525 0.255633119223608
0.0661185113272936 0.117729343513947 -0.0589949967737622 0.286916737095574
-0.101030856677417 0.128062564829256 -0.194154910385375 0.0991414238744919
-0.172278240428429 -0.0452596462493433 -0.0913923196796931 -0.0881759417822295
-0.0626161577004632 -0.137966685887405 0.206312231132387 0.106817687815007
-0.0582617259910753 0.109372500438698 -0.294033877280657 -0.0985754137952691
0.0761116933731457 0.0373413429793019 0.0518567606895204 0.140580021539505
0.0509281257333161 -0.0651524621488609 0.230028233382469 -0.132517162858062
-0.0499893275774724 -0.0409155955990849 0.0442940370503744 -0.361449949228468
-0.0352537622669475 0.0274323393792656 -0.264708819482606 -0.269908247880291
-0.0040239852915307 0.0291250180940663 -0.308427770163673 -0.0510273355903762
0.0101267379406498 0.0262624743974987 -0.219787533882584 0.0647890262947207
0.0269316524607018 0.0112582542402965 -0.1341144356739 0.131034387138745
0.0247676922096342 0.0077760241591184 -0.0983675610625028 0.176202810083259
0.0214677542629097 0.0097943659325879 -0.146323153928919 0.196512923105987
0.0120538309879834 0.0247547957373281 -0.257540907112739 0.108489400970283
-0.00861113130625794 0.0202756983685477 -0.328623291086547 -0.0887729877345056
0.0172651915434468 0.0321387903432066 -0.31241984478752 -0.26219261770635
-0.0282067138686091 0.0814372379579578 -0.242356547401372 -0.373255857629055
-0.14490445989291 0.0693461985066992 -0.332604199682871 -0.281679080640618
-0.19724622009289 0.0551655369938491 -0.248295556660259 -0.110359186941826
-0.0374279871829882 0.0760727043671069 0.0736554308890871 0.15303902318354
0.0117530115979961 0.0259327929314862 0.282007217074067 -0.120186052907624
-0.00507497790200516 0.0236136019186847 0.0769393431676348 -0.381673395415226
0.0380911461100804 0.0496909875544228 -0.249177766433477 -0.293085556554237
0.0649292113748008 0.0114260593125468 -0.301653261586852 -0.0669711242651712
0.0575027853248645 -0.0161493511108358 -0.209138209580241 0.0593431681945098
0.0732008401877198 -0.0357631699894607 -0.116075958960249 0.126585242352264
0.085709890528084 -0.0333065206214698 -0.0619143160078782 0.173860765699466
0.121635223537981 -0.00699259670478552 -0.0940535244783455 0.219482496359025
0.111234778074441 0.0822077343789836 -0.218673241137106 0.178194037851895
0.013744181045019 0.138832623699673 -0.333074326964128 -0.0110079582725543
-0.0819442599016968 0.13893759366762 -0.341398279824835 -0.209655308864777
-0.192811476877775 0.0930837130774128 -0.248806685105584 -0.326803198301802
-0.296874364627189 0.00320828641118291 -0.278935980172765 -0.246035286062289
-0.310734707187313 -0.0257982423658878 -0.159625581684358 -0.0926745033109618
-0.169054761127145 0.0902681165448588 0.110994976313073 0.19095537136171
-0.0581611771172085 0.120872546421162 0.357712653753789 -0.0714917627138562
0.031191737861204 0.109035539744455 0.149863084203672 -0.383776720749161
0.113571291999409 0.0809430286896257 -0.195986823954683 -0.318560728523089
0.136896648099689 -0.00295442519898191 -0.26927421834127 -0.0977563362811049
0.1041458837836 -0.0558847787173511 -0.182689308782292 0.0330592118814333
0.107863029524633 -0.0778101609292535 -0.0825105612720242 0.10281653381063
0.126796350871044 -0.0711277730706135 -0.00829152360072121 0.150888483956424
0.191903858936359 -0.0361184748355556 -0.0107114553003298 0.223271458323758
0.201335338264261 0.0950299446027932 -0.130984380144791 0.250195294186343
0.0788494152055041 0.210366521446978 -0.304197693866093 0.103356195185629
-0.109595105587154 0.248759459095667 -0.361494249629973 -0.122032765983241
-0.303364604453801 0.137375885361705 -0.250692121213519 -0.270785299069042
-0.404392638998517 -0.034302807134032 -0.190093331395148 -0.193019960646779
-0.37400023374952 -0.115461217900745 -0.0414346762213155 -0.0401956931747762
-0.293150983621127 0.066271764326577 0.154991185444739 0.242958040407702
-0.153752334499618 0.191378685925801 0.427890134547172 0.0125185146271392
0.040661416095816 0.202349144740424 0.246746753373512 -0.340657646768275
0.173526313075905 0.121385473355982 -0.101098266674817 -0.323729937334266
0.199200372916252 -0.00881098239168982 -0.204169757136492 -0.133911451906636
0.142090941130282 -0.0861291551354225 -0.138574980634529 -0.00820576150719909
0.125748443614623 -0.109641759271538 -0.038165174970841 0.0641134658846747
0.143152266060995 -0.0998440449113296 0.0510870704662874 0.11038397159737
0.221808017457766 -0.0671898449594937 0.0800970146735344 0.201005178622665
0.255995736146006 0.0751773342087671 -0.017863780632599 0.290790268196128
0.146145089428754 0.22634354715532 -0.233958131611339 0.208410133803351
-0.0872183051446416 0.31774746541191 -0.347847490388721 -0.0252003068067101
-0.348438744084542 0.176975080702092 -0.238532558658771 -0.219013258437786
-0.448691580494824 -0.0527709438768154 -0.0797019155454256 -0.138516317126998
-0.370804345690654 -0.192211854620001 0.0903512534341609 0.0402443043694543
-0.368089589218083 0.00192798405635972 0.194877231779267 0.2969940163907
-0.246468292797394 0.202950983121996 0.458851929588584 0.119025933170759
0.0137473433162966 0.267305461111088 0.330630613611236 -0.239060591402532
0.196870573645188 0.158596923557333 0.0226772467135723 -0.289992602182732
0.232778770639802 -0.00291455015472633 -0.107882005124191 -0.163410001504533
0.160939764540198 -0.101730330759381 -0.0775778125428656 -0.0585331642450647
0.123751901123428 -0.125767914951531 0.0115639766402172 0.0157522597502409
0.134975302710202 -0.113790386515074 0.104877969745706 0.059011463130136
0.21556837614484 -0.0837451750342422 0.157127437922693 0.160167532944013
0.264616878683396 0.0501212711993674 0.0872540028357805 0.292705933730313
0.176328663906973 0.207628229074622 -0.147680152160639 0.273744941299398
-0.0629049574423152 0.326943731121765 -0.303909955914799 0.0503133645646326
-0.345663247933358 0.174127140024187 -0.209353802377423 -0.174997872114675
-0.427008001856922 -0.0700279254658621 0.0358127453029761 -0.0851625872348364
-0.298302199513906 -0.226210185555092 0.210202972307371 0.132613438805276
-0.359921514103183 -0.071984898492581 0.224108093623228 0.343592675770301
-0.287677538778256 0.1553053783903 0.439188379271755 0.213566787143692
-0.0250085458540011 0.269244669355492 0.366110131774588 -0.106678770816686
0.175156795307463 0.166975407403952 0.139760629899452 -0.217766214779993
0.223662456237695 0.00464297942847425 0.000898231494078246 -0.176454863865751
0.153128158050309 -0.0988869066979818 -0.00809259839697243 -0.10824474486068
0.103287450862926 -0.12224455849217 0.0581904377025739 -0.033057255857834
0.109465190343115 -0.112068779770168 0.147489791699093 0.00860346179424312
0.182277018357159 -0.0828580309193065 0.211828375100631 0.116027848821209
0.233296384469289 0.0339100240237619 0.163567470599149 0.273851705180383
0.165735948572429 0.179347154126666 -0.0742292910872653 0.301844542380297
-0.0612497038122317 0.288662606480317 -0.251498254167321 0.097435148492201
-0.314884929187289 0.126631825984596 -0.171455513253951 -0.136194004798437
-0.349189026129444 -0.0960741045101691 0.135902250098629 -0.0317542793515354
-0.176186668972892 -0.205277509912624 0.295604253303179 0.2105271457361
-0.270907349400108 -0.113447614527668 0.235430912008288 0.372731061940305
-0.246092016573322 0.0868226264839977 0.38660616075859 0.273807469809812
-0.0406863385605172 0.205244693312189 0.359627557714689 0.0123435110742057
0.126149493205324 0.129954488005886 0.223385528970293 -0.139004359097255
0.17120705005586 0.00588381976166137 0.0937996427668794 -0.176579798750769
0.1150628801644 -0.0811291835323953 0.0522955834578138 -0.147286830322589
0.0679110386324499 -0.099402436717454 0.0957410821133432 -0.0744211251255802
0.0726486345746131 -0.095319535276266 0.177936770493005 -0.0320244134606396
0.133334913313916 -0.072344433548341 0.245748959461718 0.0827805345487799
0.181252990043833 0.0225527133316294 0.209733915761118 0.253494588363396
0.131327571273866 0.148007311282099 -0.0282607623767978 0.311068191975764
-0.0728308484351387 0.227736353212154 -0.20831925058672 0.1254784844052
-0.263863630799438 0.0562307621443236 -0.136700269066018 -0.100722744191877
-0.23299953418505 -0.122025210747801 0.206118703825469 0.0235450779080735
-0.0256770387247068 -0.139067618066117 0.334615777141493 0.246669027071172
-0.12945744695783 -0.107465434396861 0.234539942998294 0.371740066378756
-0.134681489464019 0.0262251740767531 0.33869030925713 0.290982517350268
-0.0221990111871814 0.0986736619900416 0.343093722309019 0.0782310680737321
0.0631466253416546 0.0552427676577306 0.26570054402752 -0.0961802018824555
0.0865564813882426 -0.00170970639929443 0.147845342373156 -0.17747048042097
0.0543227265529198 -0.0503515646490146 0.0882524078012094 -0.174300243099885
0.0230976809312265 -0.0622246678577753 0.116592966260233 -0.103094031421848
0.0312932352547893 -0.0681941151196463 0.195206341684281 -0.0580972881505792
0.0755948696647537 -0.058329807617045 0.264810272104435 0.0637809150082342
0.119014614504617 0.00781932111991109 0.232933893664991 0.240211845151589
0.0904935319962291 0.110416124342766 -0.00869197052855517 0.318360955226949
-0.0810475092315299 0.152938636715406 -0.187488075866175 0.143956634467075
-0.188740618882005 -0.014035271416583 -0.116000544821122 -0.0717435213530001
-0.0913494774990678 -0.132656640733941 0.239410539219222 0.0761435141670253
-0.0465615652607087 0.120988517697249 -0.320209295151078 -0.0683159466060233
0.0833816350326805 0.0295416331457695 0.0689895972166262 0.143045899986437
0.0436919724076752 -0.0728076353658569 0.225138735998995 -0.163327484316487
-0.0567643197968238 -0.0336827528080489 0.00509360301565484 -0.384176004477401
-0.0315807075525656 0.0328734923582407 -0.308163582792276 -0.249466945972149
-0.000246327112082079 0.0302309286065597 -0.32926888658527 -0.0145870699073184
0.0148090299822446 0.0261629452519539 -0.224003361050542 0.0930010579641595
0.0301234422134703 0.00767059133395079 -0.125995701713297 0.150983224060426
0.0277213712653929 0.00306604138308396 -0.0822523362825352 0.193822166281264
0.0249284529194084 0.00637074534299205 -0.128618494765959 0.220653398530503
0.0163278720730823 0.024852581140223 -0.256103985020975 0.142690456393385
-0.00644487870705239 0.0243634938406519 -0.354382351184764 -0.0532790061313412
0.0200992755855779 0.0317407598635188 -0.355219630380184 -0.23588527823784
-0.0203110067946237 0.0854448159712781 -0.29724720074289 -0.364125657084883
-0.142154333343199 0.0878653403421913 -0.381798901145967 -0.257178492728745
-0.197679580654965 0.080846015527999 -0.27444016512376 -0.0853596425111029
-0.0299289466370382 0.0832865982646764 0.0919717903510678 0.15338221847788
0.013363689682635 0.025980506898278 0.280207843202309 -0.156577369228757
-0.00308683467226506 0.0270321776365393 0.0365587900426557 -0.407595756849651
0.0476256306745764 0.0472843499739713 -0.294691828610533 -0.27438410476693
0.0698475021881266 0.00322624393799195 -0.323152235664356 -0.0324569421385355
0.058901122092965 -0.0239796972780872 -0.212621148358434 0.0855484574367319
0.0722922587526286 -0.0468412711881957 -0.106376202665755 0.144105530355943
0.0869719392677212 -0.0466287999971004 -0.0445559251374393 0.18580545646698
0.12760503035888 -0.0226828764078481 -0.0705949398979206 0.237854886272017
0.126881190645429 0.0718740594705064 -0.205360754958464 0.210856034467553
0.0314822641463465 0.145631172322323 -0.34983501858985 0.0279886957785588
-0.0711972705507482 0.15564965094032 -0.38075511827096 -0.178367923112711
-0.19089994923007 0.117614771207438 -0.297752147139721 -0.31430927982707
-0.309310455266164 0.0365015342657746 -0.322171349364244 -0.224618110322289
-0.325786536043188 0.0105577147486088 -0.180611779541596 -0.0773497201829562
-0.166160023333949 0.113459095239434 0.134021939345025 0.187069386450039
-0.0477529103581163 0.133145407359285 0.364819394688683 -0.11561352426819
0.044202960974704 0.111670347849152 0.113011064795151 -0.418446752735113
0.129306022910483 0.070647177913644 -0.24074574245401 -0.307225514759636
0.143168764591027 -0.0206665583722371 -0.291943659657746 -0.0690378377386131
0.102728937600717 -0.0708030403378885 -0.18725175667121 0.0553767468974471
0.103929454277987 -0.0944782117238935 -0.0741734529603195 0.114417843569571
0.125144948281014 -0.0912480853441721 0.00956480310554388 0.154669401716408
0.197005868071035 -0.0625562235287965 0.017637737846897 0.231074970101554
0.22250142774544 0.0742366147957948 -0.103604731761186 0.275246717665005
0.107279341321503 0.211938987747807 -0.306724349497722 0.143093492775925
-0.0861848119558211 0.272887877567713 -0.392520150731931 -0.0846675132943377
-0.300285470197255 0.17869021682976 -0.294597804757087 -0.255519979542541
-0.426447064376523 0.0100894502285051 -0.224226022487158 -0.180248366376285
-0.403384094614658 -0.0760475383720577 -0.0509636077957701 -0.035595007764269
-0.297255011888769 0.102857517771289 0.185343617261428 0.236577881122969
-0.139206652024913 0.217408427896888 0.447453717087532 -0.0360594814112706
0.0651404490736022 0.207558420337915 0.218601932209773 -0.384121259076299
0.196536349849231 0.105506030909439 -0.142230969946379 -0.324940726756398
0.207141772821761 -0.0345766467952796 -0.227360351870647 -0.114624490028499
0.13825742120817 -0.107409843674675 -0.144632101909287 0.00738636985137949
0.118009461762451 -0.129106856164679 -0.0317350895931633 0.0684355219951647
0.138646543274707 -0.12260154947084 0.0670859499163402 0.104744642943832
0.224077924172268 -0.0981567266531655 0.110144653118872 0.196454277790814
0.277570408312075 0.046720436104641 0.0205422225651833 0.303494251415227
0.178851762120971 0.21996760848164 -0.220396407952697 0.244436557118575
-0.0541670980526298 0.340982443525143 -0.368225736739308 0.0153810388920003
-0.342791845326615 0.2260067117201 -0.276971189343458 -0.201267959448526
-0.47557868417749 -0.00225734528174964 -0.102298318677095 -0.135298090718791
-0.410214806560263 -0.156326332128603 0.0962755320513388 0.0332019466648853
-0.383196726295042 0.0452531678693222 0.233761876818501 0.288443468827876
-0.233612419994332 0.239556169720046 0.493327921590665 0.0702789680500679
0.0456288096369493 0.277521436606733 0.318807847768863 -0.288030730744651
0.224550992096982 0.141743957719345 -0.00890697427213773 -0.305103147510456
0.243201237010822 -0.033120774059354 -0.130274971072056 -0.157086429767146
0.155962720439462 -0.125230788862775 -0.0864763652663619 -0.0518980023279849
0.114136797226612 -0.144626487344455 0.0146666466550117 0.012605818054543
0.127972243450842 -0.136214814147364 0.116932168172562 0.0453077510567469
0.21534217931739 -0.114592801490185 0.184725362780957 0.144420690957669
0.282856377737169 0.0186071299570521 0.131467566756737 0.292653289536367
0.208297287373284 0.196450389288367 -0.121198049812801 0.301572370997292
-0.0269655140508827 0.347184246871736 -0.313312334590917 0.0889875924125249
-0.339101624997005 0.223780348538209 -0.241570186763776 -0.157869085556061
-0.454791781578293 -0.0228907431082893 0.0243465333153649 -0.0927392136277902
-0.33916442560606 -0.199983539126341 0.233211387517552 0.11609786379738
-0.384162190692403 -0.0318278809147063 0.270063966989034 0.333819953291492
-0.280983375381287 0.195523170568325 0.482746388877339 0.171377730093453
0.00520183752280045 0.284316889453657 0.371468753916491 -0.152911468269612
0.203074375932013 0.153070564505577 0.122514369883091 -0.244388668816779
0.234100996167915 -0.0239901765459311 -0.0184967211959996 -0.183662249299102
0.146992398375835 -0.121774898283352 -0.0202997473976934 -0.110604365928289
0.0926208576523326 -0.13735158030683 0.0576275775055604 -0.0431907322917826
0.100476283184244 -0.129493441821818 0.155375240092547 -0.0122457001826202
0.180249294318559 -0.108867010548721 0.236139417190588 0.0924215483010574
0.248008381527969 0.00638631175425088 0.208056365017485 0.263446078328178
0.192493998473771 0.166821121766788 -0.0414474486980083 0.32209345552695
-0.0291363247587116 0.306422061288926 -0.252735229466173 0.131932630023123
-0.312472449229438 0.170650973663407 -0.197119683274255 -0.121648260870366
-0.375105817501444 -0.0582687893799667 0.135307526114412 -0.0494273835054997
-0.2085261170966 -0.191775726140729 0.332547241026046 0.187489485311568
-0.295793762818439 -0.0850874190346051 0.287551798824953 0.363113584597223
-0.245998120152104 0.118525658757714 0.435167360075158 0.239450260285368
-0.0191108995806039 0.218848251623313 0.378770960636442 -0.0283500208995213
0.146473781796285 0.120294780943722 0.218340939255839 -0.172841853120485
0.179010814943039 -0.0164034855170191 0.07851754006525 -0.19474430439255
0.110070233567029 -0.0975538169513194 0.0369470011116588 -0.159795640987366
0.0587365978294405 -0.109269053443527 0.0914666338461889 -0.0904525438530242
0.0634215210734643 -0.107382781335508 0.182702409063938 -0.0570332305023665
0.130146985052684 -0.0913544543004692 0.267721448250583 0.0546609422764353
0.191808982743877 0.00102071927012009 0.252325930367057 0.236017511943782
0.153666632667319 0.137789724633323 0.00716264676943216 0.327100157447901
-0.0491232812911807 0.243509924310535 -0.204281490723269 0.156122061805192
-0.267445282363238 0.0914025809533669 -0.155785405065849 -0.0889922527821956
-0.25552767530611 -0.0983673107864148 0.215920544248766 -0.000125775443171719
-0.0441826360037112 -0.139165655477333 0.378761850501666 0.220333600866609
-0.146858955286374 -0.0948637778551501 0.288807127929458 0.362766458009824
-0.136711690864642 0.0426611990869643 0.387010640138164 0.263452857339919
-0.0121729918297717 0.1050659658069 0.368438691604686 0.0414440185313394
0.0717098333392554 0.0497510760121568 0.266619547677078 -0.132415758297559
0.0896761745285219 -0.0137700420740115 0.134536501432132 -0.202589917663778
0.0501993882764765 -0.0582271568612435 0.0715452089780598 -0.191001466387591
0.0163769330389595 -0.0653822748116798 0.110057461894794 -0.122778168210041
0.0227314658117696 -0.073090493350562 0.196794704577205 -0.0849791799265262
0.0710449237786736 -0.0691720337144065 0.284907655346015 0.0334812804618286
0.124785503785507 -0.00642377326552508 0.274625150176613 0.220847176374355
0.106300120352323 0.103844087670673 0.0290866686215535 0.331961430901197
-0.0655228261018357 0.167374817881766 -0.179461915432747 0.171947116055851
-0.197265678287085 0.00983044613178156 -0.130275016512902 -0.0603992265526329
-0.109726915508819 -0.125578871332105 0.257231241402422 0.0508286207431307
-0.0309061502681133 0.124483104023205 -0.326165403474578 -0.0306807517620474
0.0859730169755021 0.0193496581275636 0.082900423475227 0.136459869133645
0.0338161635095457 -0.0756195770428239 0.205218019274314 -0.184595092376859
-0.0589844789294472 -0.0248513233346077 -0.037485269513257 -0.382272969628645
-0.0256755472349136 0.0357821211263951 -0.332726019193959 -0.210755598254727
0.00289072643326046 0.0294317902321917 -0.327763435772501 0.0231487845159994
0.0188801348266937 0.0239677382364823 -0.21444546542723 0.117243417407792
0.0308997745251879 0.00307481399529414 -0.109425760396538 0.162726423802842
0.0284030279236502 -0.00179394978902132 -0.0611504319470463 0.199619651825803
0.0261107115199187 0.00281671015826317 -0.101713960189529 0.230955746396674
0.0193959602679059 0.0234816372572444 -0.238052796994444 0.169228126371151
-0.00249941404211236 0.0264497445745932 -0.358423393368114 -0.0138362213373764
0.0216973754022161 0.0291292129206476 -0.376702674031155 -0.195508980018136
-0.0117193503694141 0.0839622348136754 -0.332518843349925 -0.329899039135123
-0.129993378331098 0.101484057565887 -0.406444354883682 -0.214146588575655
-0.18517974300263 0.101657037192466 -0.283289062852286 -0.0520354346182569
-0.020634605527793 0.0846210701222162 0.105591561978679 0.144340998947768
0.0146076615595816 0.0250120126307318 0.260806982457736 -0.183745130732369
-0.000317791528776959 0.0292711256358482 -0.007373313711093 -0.409344334679673
0.0540222107156029 0.0415764471034436 -0.321062794148653 -0.237568384358411
0.0696428320852558 -0.00525652343495306 -0.323264255703267 0.00453892756792461
0.0566118787405272 -0.0306850657139919 -0.202612837182766 0.107620241982503
0.0669405128615888 -0.0551389510659548 -0.0905126278585803 0.15189971893593
0.0817023082962239 -0.0577711551559777 -0.024447162765762 0.186631492732776
0.124332383434951 -0.0381595605175708 -0.0422635554507486 0.240281581152016
0.134196021955422 0.0569992018396662 -0.17810683394867 0.23055823052061
0.0475378877146964 0.142610521321593 -0.345371625231199 0.0663293304029394
-0.0544834394132501 0.161891812820699 -0.397216481106887 -0.134178168727431
-0.177022392087393 0.135437238293797 -0.329409621529907 -0.280375338835081
-0.30197156268534 0.0683486172354431 -0.345378367642275 -0.188940490649872
-0.32005407996012 0.0466447286923576 -0.190536586392949 -0.0540089422273547
-0.151672326048649 0.129808211336755 0.149920376538175 0.172738739152883
-0.0340127807375425 0.136326052902714 0.34901084329225 -0.152923993799479
0.0551632533699103 0.107258069809465 0.0674205110567531 -0.42672562477947
0.137582867317212 0.0553249934290664 -0.271090473073722 -0.276132982982578
0.139629458582045 -0.0372859818704511 -0.295736923549703 -0.035070894064235
0.0942353537716699 -0.0815138156441727 -0.179310723877223 0.0743715770560408
0.0920977843520248 -0.105411547251698 -0.0612799033717906 0.119365856559219
0.114620489687638 -0.105897616412021 0.0263053057526657 0.148269396389067
0.189119397095353 -0.0857327508383572 0.0441640154168339 0.222928681469497
0.229513728720221 0.0471518237187963 -0.0688441399135431 0.28171870506871
0.130560721072344 0.199352320899424 -0.288821563479775 0.175751601610297
-0.0564892621615569 0.279653744939566 -0.39908391986339 -0.0393745877061927
-0.277877766312272 0.209041073641015 -0.320405970845168 -0.222512706391588
-0.422573063490593 0.0559443708012992 -0.243895099166964 -0.15389522637512
-0.407197932975838 -0.0298591276420275 -0.0580845345364657 -0.0276644434993241
-0.283709211440432 0.133706460833993 0.205117717758279 0.215963500485017
-0.115015562373811 0.229508981017773 0.43993984620147 -0.0832525144825948
0.0865691128275153 0.199271902430494 0.176540369428716 -0.403592456389053
0.207345746000398 0.0819230356143498 -0.174798789628015 -0.305618035829507
0.201560427547453 -0.0590227137825434 -0.236240246620055 -0.0874783368440941
0.124817251821865 -0.121654020782215 -0.141750385471062 0.0230922565087108
0.102604494981241 -0.140402571935133 -0.0237124405188531 0.0686524358768049
0.12376811186767 -0.137785674190077 0.0770721787349429 0.0923452280227925
0.211432491347996 -0.124271352634782 0.131714807357852 0.178011980117423
0.279919277582726 0.0131714928226613 0.059049902390426 0.294858818144854
0.201770570072381 0.198596627112294 -0.19209456779659 0.266461488321754
-0.015337676117204 0.343607150792118 -0.3655143547905 0.0558771987093314
-0.314161908842238 0.261791441864496 -0.298027917406169 -0.169348714207588
-0.47226889813401 0.048474255630741 -0.118556628519729 -0.121313097828158
-0.422137077139257 -0.109015917935396 0.0958788229299011 0.0247589331376635
-0.373870447448179 0.0869047487273543 0.258854714016329 0.261024730184484
-0.205835233647566 0.261899307838916 0.49522418043927 0.0161901831251726
0.0750286849882492 0.27088918650668 0.285757219469427 -0.318427373999498
0.238520293194019 0.114779365166234 -0.0394963602193767 -0.300870544812142
0.236442551584657 -0.0625989835446723 -0.144435561659022 -0.140527523612693
0.140390111364252 -0.141996167278447 -0.0903241797856363 -0.0419776830209045
0.0969164376608109 -0.154710396694006 0.0158536772069532 0.00834810024887237
0.111138381358432 -0.14978603879565 0.12026170770561 0.0278012245001955
0.200527808940309 -0.138546197642825 0.199757084548097 0.118361204632478
0.282459706392655 -0.014618984376099 0.167151445828448 0.271533223541636
0.228065716886036 0.171316690951876 -0.0870981791271917 0.310828457254303
0.0125611704770117 0.345422895378598 -0.302553376156293 0.123833118587121
-0.31062370863503 0.25976371021388 -0.258935128496531 -0.129383386535223
-0.453104011118358 0.0271998173140459 0.0117113182883071 -0.0931690836511599
-0.357371119730378 -0.15896078314511 0.241720176378047 0.0912512453787198
-0.38330267632297 0.0111836651444017 0.301507022893583 0.301845020501058
-0.258073275818974 0.222703890012376 0.495628300252965 0.11685166858179
0.0356193573123264 0.2819024886263 0.351779588777432 -0.191336194091688
0.218633505661487 0.12844980201176 0.0961630666089086 -0.256053249501905
0.228359811259054 -0.0522349945041818 -0.0370006015604751 -0.179590272807918
0.132099126009627 -0.136582595799937 -0.0315296009003911 -0.10710907831497
0.0768382243605964 -0.144245425369088 0.0525706925532239 -0.051131051712027
0.08431026843397 -0.138907453802896 0.152002676684268 -0.0321158124935608
0.166359982958015 -0.128726125151573 0.244263023000983 0.0615443776560035
0.246432455494845 -0.0234574426296287 0.239786720389669 0.233764591567327
0.208341763516657 0.144328376523555 -0.00565130149084457 0.322060865113682
0.00458324123177347 0.304085550269689 -0.236813252967008 0.15850919072117
-0.288180525816036 0.204185090093094 -0.210974648137672 -0.0982355702034664
-0.377322036946131 -0.0161230787658181 0.126554532923677 -0.061840164895008
-0.228097721477345 -0.165163434069768 0.348710556354837 0.150450603259931
-0.302262314335748 -0.0506155064247909 0.322517504427072 0.329227833962885
-0.230873615818782 0.14351197120739 0.45573304441531 0.188839841645723
0.00533502346706777 0.219454296991883 0.373076085108749 -0.0689091238506302
0.158565392436005 0.101943863898475 0.197815805525064 -0.19619159821648
0.174946802821073 -0.038151828578221 0.0575515143121147 -0.202629917759889
0.097064445258316 -0.108554816950504 0.0197259551162317 -0.161471014297364
0.0462943963312594 -0.112492896058099 0.0806717689825132 -0.101004766190334
0.0500939216619421 -0.111973906974734 0.17381629810519 -0.0792656819761747
0.118224704560005 -0.104715290625994 0.271808688911274 0.0212507725760408
0.190093184835566 -0.0217640995397584 0.279312611707669 0.203279584098491
0.165682558565208 0.120035015702204 0.0440902364572346 0.322174164778808
-0.0221806117762062 0.243836188941789 -0.186519090148116 0.176032737225628
-0.251786931367747 0.121406376292324 -0.16620948192585 -0.0694206115560008
-0.263282736197891 -0.0685228993161957 0.212612611416282 -0.0227790999898589
-0.0591797698542327 -0.130909685322596 0.399578134607021 0.179625768313036
-0.155222480041921 -0.0759055965729861 0.325403191997036 0.328720811048567
-0.129858515582472 0.0564190714854648 0.411282135850831 0.217728809809743
-0.000491159392238221 0.104960805302906 0.370450795477719 0.00169495415998881
0.0753570374534843 0.0412041380720982 0.250052654983949 -0.162474065024295
0.0864443181444046 -0.0255290166186784 0.112126405925949 -0.216336944360721
0.0423592279175097 -0.0623849232367408 0.0502518212375742 -0.195989790194611
0.00932761794025424 -0.0641676132567021 0.0957032096852565 -0.133889998940106
0.01299588721719 -0.0729770279360305 0.185132895085414 -0.107843280408405
0.0615188529526473 -0.0758033503847955 0.286579687316623 -0.000517856536604769
0.122203716555243 -0.0204169054543373 0.298401513465802 0.185999611990366
0.115778579859673 0.0906958354165783 0.0661056911324306 0.325062214690521
-0.0468845998272042 0.170363473644658 -0.15944695866323 0.189458538978095
-0.192438075061254 0.0326372326492059 -0.137015478758536 -0.0448991516035236
-0.120462641963266 -0.112151580258828 0.259087488514732 0.0220657588026118
-0.0193459089137363 0.120601174731124 -0.318923721118259 -0.00433248026817782
0.0837250693306515 0.0120554242296851 0.0896340293825406 0.128707051430655
0.0261053399215948 -0.0740578616132632 0.186167963374412 -0.19151366858258
-0.0572716034407305 -0.01760587823231 -0.0628156297287669 -0.368338208549674
-0.0208435017316769 0.0361410526206601 -0.33514973352252 -0.17782706338908
0.00471890830699103 0.0278908081863684 -0.314496995731367 0.0472836900060569
0.0208795661499264 0.021171992827152 -0.20040369273892 0.129166434968622
0.0302312181425729 -8.96480383079701E-05 -0.095415570192602 0.164937535231779
0.0273036687567719 -0.00505781101885224 -0.0466661909741695 0.196068595952646
0.0266155716370418 0.000101097353174333 -0.0825639435519884 0.227801607442995
0.0218081972029925 0.0217657613962284 -0.217927478452626 0.17899297406053
0.000433561111007695 0.027063613476016 -0.347615739464519 0.011680802854
0.0209373930930098 0.0271550880503844 -0.374867652211926 -0.162541940311737
-0.00732445906503355 0.0790158730012163 -0.342571277485857 -0.298410751215072
-0.117905873589769 0.105291906238947 -0.40640261867881 -0.180131563867433
-0.169720117556495 0.110505804227158 -0.279968436203718 -0.0273926661940476
-0.0139483641639714 0.0820597246464475 0.110280131486814 0.135384278107837
0.0146317876889538 0.0238034317372498 0.240048203639017 -0.193977057511718
0.00224698183205399 0.0303932151975659 -0.0351681695405024 -0.395597697765961
0.0570051681352291 0.0356547393262992 -0.325634313986259 -0.206092687925829
0.0667261857096532 -0.0107194933162346 -0.310705376337627 0.0279025387140011
0.0535877543540936 -0.0340256659845919 -0.189333620108389 0.118084659697376
0.0608243626904357 -0.0588724698233563 -0.0781877364388881 0.152085515666473
0.0749937609180442 -0.0635568874221975 -0.0117246185578271 0.17975387339207
0.118452674128984 -0.046701208547604 -0.0236113552863316 0.231787187268675
0.134733048102439 0.0455281224859288 -0.154599587156907 0.23351062666126
0.0572628727956889 0.136034672210708 -0.329086565948095 0.0877923855102885
-0.0435298960373105 0.159956608088834 -0.391413300222405 -0.102187872159259
-0.162799529576454 0.140333164711701 -0.337676525186053 -0.250284151773215
-0.287742630396243 0.0851864462525061 -0.34750692362796 -0.15900169521744
-0.304236856701663 0.0679035524678892 -0.190120329631119 -0.0355873204633213
-0.137100911574205 0.134361934805156 0.153562213754321 0.16006270723673
-0.0244106187310059 0.13396974849097 0.326637855365714 -0.169055329068557
0.0605901516874967 0.101689028080249 0.0362495518427426 -0.416412013390652
0.138098905209801 0.0429604748358279 -0.279261861259322 -0.24720681681747
0.132187376708743 -0.0470168927032372 -0.286701772722577 -0.0130034599363278
0.0858903426782811 -0.085379253695258 -0.168244984975675 0.0847530563278437
0.0819637185188552 -0.108400152967184 -0.0516324644273294 0.117837347133223
0.104215776482193 -0.112292132939636 0.0336010144923018 0.138406205184723
0.176722451093351 -0.0978175882418394 0.0595136484690338 0.208390561458375
0.225262787260293 0.0284225804154129 -0.0434388280594683 0.274203282768083
0.140450694870941 0.185282021338064 -0.267429915367318 0.189517927751916
-0.0362778442702891 0.273963218252173 -0.389441238581157 -0.010280843687735
-0.254461331736516 0.219313242839407 -0.325830868023389 -0.193202404731601
-0.404623684028081 0.080987640030681 -0.2475193090339 -0.130918635883365
-0.393304393356719 -0.000120137797410586 -0.0604747721077506 -0.0196150634132424
-0.263847937207785 0.147905772980456 0.2090052765498 0.197357214133527
-0.0959344486511346 0.228439475407874 0.417554538331779 -0.109206233509851
0.0970355231445305 0.187001860293684 0.143560401498178 -0.401012498769719
0.207150525032177 0.0636633393653158 -0.187860337806424 -0.282379491909759
0.189708607811702 -0.0729604269997193 -0.2328321894504 -0.0681150108731664
0.112170282457891 -0.125794709235655 -0.134086391939901 0.0315927288567943
0.0893590592121985 -0.142565316070537 -0.0188416025002591 0.0664701756159405
0.110089608161546 -0.143309196046062 0.0790315047932258 0.0799566345780381
0.195644633166571 -0.136241143238887 0.140063847807147 0.158136149201265
0.272256098014016 -0.00989672997528206 0.0809767212858431 0.277147728730609
0.209753639303436 0.178525398904835 -0.166728265499774 0.269713469741355
0.00747004467281931 0.331756727036943 -0.349460282769595 0.0800740640366624
-0.285646896320333 0.273724367865158 -0.301268466289028 -0.142859029592879
-0.453334184177283 0.0777328152146463 -0.124908380263337 -0.107547968391059
-0.413589354906958 -0.0741885178423299 0.0916190485084305 0.0196597643887937
-0.354253852543194 0.109260504010755 0.263845973560429 0.236491335699355
-0.181383305608943 0.266439548471587 0.478754412445776 -0.0178438276323907
0.0913205450479127 0.2571620857202 0.25430995346523 -0.3274625371327
0.239001932982546 0.0931897607189151 -0.0583042609762477 -0.287534610785285
0.223872676750513 -0.0795106150371572 -0.14799745696952 -0.126478588835381
0.125382737206687 -0.146989075571182 -0.088532616367562 -0.0340561512886641
0.0827689789922033 -0.154979931549247 0.0152626530462221 0.00560482228927749
0.0969923542960929 -0.1521831939343 0.116334080770265 0.0146586035287083
0.18351634751792 -0.149789068704278 0.201143110026829 0.0960843800395402
0.27127444432555 -0.0366760921391993 0.184626524013829 0.2451298393909
0.231954227159117 0.149475260124267 -0.062777977507502 0.306413137441819
0.0348462082546114 0.330279376954696 -0.284924125233846 0.140846835863357
-0.280584076332593 0.271804290117587 -0.261138353646222 -0.106255804155933
-0.435083815619343 0.0563714196832186 0.0033332400693209 -0.0885002462965896
-0.354553844541446 -0.127001360123015 0.236886824123229 0.0741123107066991
-0.368518948877465 0.0384944231022494 0.307374464690517 0.271955410165722
-0.234383384928363 0.23189135141322 0.484127941272134 0.0780316610898313
0.0539289528205372 0.269865059552328 0.327665995073313 -0.209001825074865
0.220144040862232 0.107876202437903 0.0753845078304087 -0.254927850768106
0.215716186445687 -0.0686734589954827 -0.0470506546954748 -0.171984735953309
0.117419030126861 -0.141170435061151 -0.0369521279367883 -0.100518237452879
0.0644986210415839 -0.143248943044332 0.0470071634690967 -0.0544139356977104
0.0714173643092787 -0.139663038119967 0.142878793099728 -0.0448481179348843
0.151004394544673 -0.136258807946543 0.240684786970452 0.0390788981859318
0.235489817237728 -0.0422640231265127 0.251227430624858 0.204190601440672
0.210612940269013 0.12465953218053 0.0173358478634134 0.311104944594689
0.0252410109933818 0.291285880813174 -0.219438113166197 0.169771736835002
-0.262150289714466 0.217049641469442 -0.212484077055357 -0.0784267163694824
-0.364952830262186 0.0104230351723426 0.117220011468533 -0.0671466171609311
-0.230702058814578 -0.14154027570392 0.345296266342608 0.124047541617261
-0.294162142209381 -0.0268942673373003 0.331966160157014 0.295927146269704
-0.212827512122294 0.153291813901145 0.451265440888196 0.150216039501651
0.0201950427764071 0.211319828319142 0.355326525837213 -0.091838485689034
0.159757607446109 0.0870576217289427 0.177974213138741 -0.203418294327574
0.165140095979334 -0.0519837722391547 0.0418891295303441 -0.201372618607847
0.0859960862278472 -0.111633858596589 0.00945151152393385 -0.156940137740317
0.0367195770887617 -0.109732008378411 0.0714375603485062 -0.104213132831745
0.0398569189980633 -0.109813619075145 0.161045764673438 -0.0911164325061599
0.106379565178589 -0.109128042453633 0.263601868786102 -0.00116553280559051
0.18134275604344 -0.0351289653514311 0.287488994253754 0.172418766972535
0.167752452438205 0.104196505068091 0.0647354199775627 0.307391915908624
-0.00523983232266537 0.235023748027712 -0.168512285993004 0.182819576349617
-0.233364591731068 0.13418215731852 -0.166763811145042 -0.053713960971608
-0.257482748997496 -0.0480926137798686 0.202529721483947 -0.0365507677342811
-0.0658043440827746 -0.119725791925494 0.398184349608836 0.147149832595876
-0.153938402025793 -0.06024786736754 0.336673118138907 0.294739766231534
-0.120998480412823 0.0625634957055891 0.410189131356147 0.180741143314625
0.00683316007913992 0.101096356693831 0.358560320180009 -0.0232958302612389
0.0749959375937639 0.0344354661925344 0.230103914329101 -0.174666183236734
0.0804461321367353 -0.0326031150186743 0.0930990112031749 -0.217923182477546
0.0367390318400016 -0.0628575741875072 0.0356880957649489 -0.192717903714598
0.00453973517306795 -0.0600020434148789 0.0831693586015559 -0.136239528780249
0.00670959038673545 -0.0689551668413301 0.170661191164018 -0.118279166877221
0.0526598694241236 -0.076542955357333 0.276652116596292 -0.0227800139974901
0.115943386219977 -0.0289131287381751 0.302868578475545 0.155470693426255
0.117030430210682 0.0790795139913512 0.0856354493570988 0.308219920202976
-0.0337143857105797 0.165189821190674 -0.142202310909069 0.19250341299652
-0.180810115073214 0.0456733411289859 -0.135726665033407 -0.0333048257681454
-0.122921899403423 -0.0991339465441746 0.250409381190129 0.00233466643865186
-0.0137873816289206 0.116867782225351 -0.312807378529171 0.00960232711963348
0.0815539611370208 0.00816372652344008 0.0918421512480682 0.126606125524053
0.0226452012218095 -0.0718325445787576 0.177122581597768 -0.191990892747538
-0.0549444270701456 -0.0146911061905729 -0.0737478488425985 -0.360763108057792
-0.0173466678214022 0.0356348609695858 -0.332973821039125 -0.163554009922555
0.00563213859467009 0.0274229137254943 -0.305932148118141 0.0577018036203301
0.0221371107080048 0.0185575438553968 -0.194093853951949 0.134291016800878
0.0299538524961996 -0.00218106018093345 -0.0897293882973788 0.164329013067945
0.0266459130537231 -0.00744805103356667 -0.0410519408616057 0.192698069559244
0.0265533767680513 -0.00121455488229109 -0.0734188302464539 0.224245066829144
0.0225291545901202 0.0210145454438764 -0.208413901055713 0.180260745381802
0.00216691435613611 0.0279308061861824 -0.340084112696903 0.0221566400536212
0.0190924294231635 0.0254323016761497 -0.369387455972647 -0.147741199654064
-0.00718710947520457 0.075053269688785 -0.343714080449372 -0.283621617512008
-0.111663922307438 0.104953845860599 -0.402975990888197 -0.165175277110283
-0.160650398798397 0.111804467584171 -0.276502116407366 -0.0148754348020267
-0.0117080474525142 0.0793217959103032 0.111356647733432 0.132785573050664
0.0142211437864604 0.0233767082834995 0.230088889896635 -0.195906991646773
0.00414946804513828 0.0312691360891357 -0.0459954572229011 -0.387240461365155
0.0587168969619269 0.0323707021027387 -0.323815497452156 -0.1906576533131
0.0651528135212663 -0.0133726932498681 -0.302827757700561 0.0383130321364619
0.0521625122524405 -0.0358910087166198 -0.182580713016055 0.122012734442033
0.0587367481897436 -0.0607558505982396 -0.0729806370415018 0.150705162849578
0.0717185236212367 -0.0660785225128501 -0.00745774453526848 0.17461529709183
0.114571305304618 -0.0513941973100346 -0.0159147126786071 0.225102426566333
0.133948024909846 0.0398270643345266 -0.142984911535425 0.231497805903106
0.0615221047180675 0.132810046930174 -0.320890213598763 0.0972112470190536
-0.0393065640289729 0.157851779383646 -0.385692547402524 -0.0890457924378821
-0.157121728524451 0.140161872958659 -0.33831250190764 -0.236842571410061
-0.278813605045286 0.0898588504616405 -0.345473507711541 -0.145123920800065
-0.29258236531169 0.0746786408901638 -0.1895178527128 -0.0252196437121238
-0.129836373040761 0.134326891915409 0.152429161201215 0.155197041255172
-0.0211479712958773 0.131212611744318 0.315537084828536 -0.174542496978693
0.0626766704722014 0.0987006891780993 0.0237623349316741 -0.409452162069468
0.13762784231304 0.0369736671114151 -0.279923012914724 -0.232590081594607
0.127555813947806 -0.0512413336286335 -0.280009995144318 -0.00330188538609994
0.0821577338666449 -0.087069890761487 -0.161828371022814 0.087469285611128
0.0775413147062079 -0.108964090427093 -0.0480645544435356 0.116000773464991
0.0980734864334842 -0.114824030788468 0.0352798237920165 0.131799977312392
0.169725364208188 -0.103293519376762 0.0639451722085854 0.198737568452224
0.222162777320855 0.0194941365736039 -0.0318748871168971 0.266758360251007
0.144916877992144 0.177689293625437 -0.256830321895684 0.193982300481978
-0.0277825451082318 0.269151482156083 -0.381855522497778 0.00162610629538227
-0.244360901758234 0.221094640175025 -0.326898161469492 -0.180082248070606
-0.394526453221495 0.0907281540548607 -0.24699999949966 -0.119902408158273
-0.382335165248725 0.0122972438760548 -0.0627460620515881 -0.0133158513440388
-0.252933129603881 0.151098057953983 0.207007137971224 0.190020479922078
-0.0882090376558112 0.225736111238275 0.405705654111113 -0.117576551541331
0.100937667938331 0.181534197572746 0.129237883139589 -0.396181495534662
0.205392065999134 0.0548052382352162 -0.191346888863227 -0.27059134377773
0.183177986322456 -0.0787499048047325 -0.22938974769494 -0.0593082932078507
0.106255882222096 -0.12745602772661 -0.129774934077761 0.0342995398527531
0.0836217992692402 -0.142358859906444 -0.017639734308103 0.0645238130270311
0.103334986296878 -0.144548401282488 0.0776740788215537 0.0725588400990779
0.187352316585372 -0.141568441755752 0.142094565531244 0.147024029153564
0.266052169911906 -0.0192297573577659 0.0914801767754197 0.264341315107086
0.211582503964775 0.16860641873345 -0.155516369619117 0.269173533156525
0.0167333595660081 0.32366813844209 -0.341367059878862 0.0897963845644358
-0.271179981638471 0.275598455591736 -0.301164813458438 -0.13063721447183
-0.442386858324305 0.0893837666914817 -0.1259658532151 -0.0999982596474185
-0.404778044824553 -0.059536731480854 0.0877397990219071 0.019948565703347
-0.343299554841198 0.117417294296728 0.261140198069363 0.226455952259252
-0.171271265077496 0.264805817450524 0.467000804983696 -0.0305808470644594
0.0974283852783839 0.249844373331289 0.240042986351468 -0.32671744234877
0.237550394795445 0.0826425425304042 -0.064682402197916 -0.280138511915504
0.21489972069566 -0.086831330293953 -0.147920104176707 -0.11988980508677
0.118228477826195 -0.147905965148167 -0.086635365429776 -0.0310724880124736
0.0765830107973201 -0.153104905516147 0.0144537092860907 0.00383980665595352
0.0896268766116831 -0.152332050309853 0.112120521996286 0.0078805592629083
0.175549002029509 -0.1534090438673 0.199262749367608 0.0839255563162891
0.263633276445862 -0.0462144217377661 0.19153931116146 0.228944354431743
0.231246459898421 0.139415902227353 -0.0518673554530876 0.301514629027494
0.0432532478248984 0.320836267330203 -0.276116429697606 0.146695307391006
-0.265231052319432 0.27368041420706 -0.260114703357767 -0.0938094949319011
-0.42621439281772 0.0674254045608874 0.000216922822223868 -0.0850434371944696
-0.349406036479959 -0.112744815318938 0.23200773625103 0.0680619109585801
-0.359262151148722 0.0483218076297359 0.305338027860248 0.258314553184066
-0.223969446414988 0.233415464153457 0.474542741120464 0.0625784802574752
0.0615207568797861 0.26286657638491 0.31540104454883 -0.213332271603109
0.219599853905617 0.0983444150112338 0.0669677149755555 -0.252847484447367
0.207826126738397 -0.0769513560402998 -0.0515022003313373 -0.167775951319608
0.110152417976395 -0.142279395168145 -0.0379482034720271 -0.0980858202989121
0.0595517847492885 -0.140335338196823 0.0440371473414495 -0.0555075755909915
0.065138054561027 -0.137860375373104 0.136421184350485 -0.050632233858921
0.143240488056022 -0.13906379644539 0.236334381694677 0.0268211579755805
0.228815194090692 -0.0503309807195382 0.254851782019155 0.186866021508697
0.209973393930145 0.115996014559609 0.0258723947067568 0.30332495129737
0.0318756231247764 0.281486939710919 -0.211773164730763 0.173077437872929
-0.249521769360026 0.220092284744423 -0.211636108297853 -0.0679727593320435
-0.357159576997578 0.0204798413874125 0.111668198553196 -0.0679899620861438
-0.228093571213858 -0.129857047417474 0.340026988423997 0.112755954177067
-0.288187263785351 -0.0161043969100202 0.330378899850582 0.281187610675651
-0.204595101458286 0.156108719795622 0.443830513140757 0.133708889253462
0.026711737031326 0.206421554974124 0.34483109898781 -0.0991796606965903
0.159173378545569 0.0797662283866092 0.167248605563888 -0.205987494314778
0.158057591114384 -0.0579433460266958 0.0351736381665177 -0.199148673924982
0.0807105054661075 -0.112454873159479 0.00486274405989441 -0.154701156004075
0.0335200749838967 -0.10636913119156 0.0665822745658942 -0.105038043618037
0.0350453548825982 -0.106840956766513 0.153634941386733 -0.0961621955564314
0.0996848367874816 -0.110233834376389 0.258548507077332 -0.0125832017594438
0.176102091043281 -0.0409780869176088 0.288503407628064 0.155276904704511
0.166429077553398 0.0963525116099488 0.0733459359624032 0.297578608791247
0.0007423743326093 0.227352121913337 -0.161460855295601 0.183845059737434
-0.222416639408586 0.13855766297177 -0.165194408840465 -0.0455103000049996
-0.252479512904657 -0.0395656784215943 0.196086915148529 -0.0419124052630172
-0.0671577954119273 -0.112767810371252 0.393821156857549 0.134150074650688
-0.151160505106818 -0.0519615309678503 0.337429383910766 0.279975318007185
-0.116271286936378 0.0641982651251911 0.405426770116067 0.164567090873247
0.0100556744162251 0.0984176261066535 0.349981679516956 -0.0335910965854309
0.0741498243258796 0.031172985626771 0.218339840631255 -0.178371475864474
0.0758702437901292 -0.0361358316464173 0.084367682268111 -0.217548509663678
0.0334195916188537 -0.0625069434390774 0.0290068505341669 -0.190524377691014
0.00304340304573985 -0.0562694105482206 0.0787535466993682 -0.136861917184088
0.00369318600377667 -0.0653281276559003 0.162438192141298 -0.122781392136343
0.0484239435688071 -0.0753075974040676 0.270720756859913 -0.0328273211965121
0.110890433589047 -0.0328150661533017 0.302888451536667 0.139407421296469
0.116505066794406 0.0730392928615627 0.0937940252620727 0.298670056553239
-0.0289010061360542 0.161609572483398 -0.134660376872573 0.191783019319116
-0.173560683655164 0.0502563945155479 -0.134311549672412 -0.0261265281940429
-0.122731269879442 -0.0936974752632798 0.245032002510332 -0.00672405165432598
-0.0243796756033258 0.113199748390398 -0.324218588406 -0.025392116583482
0.0792585473527319 0.0171018580704657 0.0759048585011673 0.144781930105015
0.030294238544108 -0.0666164850233608 0.203791268949519 -0.169058028629696
-0.0495851403263133 -0.0204294441457494 -0.0343270537114566 -0.36863642908949
-0.0202208348659707 0.0306070372242241 -0.314741974997814 -0.200862463323298
0.00327683206028907 0.0293553667046841 -0.316729460935199 0.0238395659531156
0.0208325371563641 0.0219500632758378 -0.211838359669214 0.116057275040512
0.0309789995759767 0.00148441632934785 -0.112816512287533 0.154032194080415
0.0287313256793233 -0.0030279922771573 -0.0675711796977149 0.189218070235889
0.0285229154729305 0.00281256559136358 -0.103299353218978 0.213338275726656
0.0209781008436599 0.0277552846010285 -0.234360402359373 0.152984243855718
-0.00191360268508175 0.0337120554654036 -0.347438434998543 -0.0228239631801312
0.00788602863905796 0.0332366496877375 -0.349437823383287 -0.199033996579971
-0.0243585512120102 0.0745929267682039 -0.305200456057404 -0.335200131163611
-0.129048103332186 0.0926420122628896 -0.383656891349776 -0.227262136827923
-0.169906945110202 0.0935705233272873 -0.280020904250156 -0.0549360538230264
-0.022888641074042 0.0762791176927467 0.0933090709622454 0.147821508753392
0.00975087001220691 0.0259782177307401 0.253251308367893 -0.170219226961578
0.00243604250258273 0.0332698351525187 -0.00724076595441095 -0.392327594897038
0.0553903706426072 0.0376614152784346 -0.305036859797985 -0.225330036451707
0.0678831898722528 -0.00448958204236528 -0.311976418411751 0.00689859156886311
0.0586249947050326 -0.0291529289693879 -0.199655738191429 0.104788069686109
0.0669727184815898 -0.0532908514792567 -0.0936157119464633 0.141519243045125
0.0813498677915706 -0.0561580438189326 -0.032749555046793 0.173186580761124
0.122176069411605 -0.036335418929719 -0.0455457908146355 0.219367345915555
0.129296369655052 0.0599091429851949 -0.173590767667475 0.209701016347976
0.045114624969855 0.147315164198853 -0.337766152662637 0.0536347172097978
-0.0665392536511301 0.157778316400398 -0.372103528232337 -0.140963717252061
-0.18128926863126 0.119241100854844 -0.303710603521805 -0.282828707847358
-0.29381922497951 0.053257333433616 -0.328342865265211 -0.195471910531473
-0.298796768766917 0.043552038595042 -0.184619102783719 -0.0632940400602353
-0.147396749083748 0.116437655047449 0.13227064816207 0.168983159456225
-0.0392174332081901 0.129549254311104 0.332196520670632 -0.144838256270275
0.0512647030103379 0.108422608941174 0.0621468468182883 -0.406593792039357
0.133307594609733 0.0525948689151354 -0.260345402445167 -0.262046654922907
0.134801350143313 -0.0352491626750078 -0.285089131336063 -0.0295997083418622
0.0945745303902043 -0.0772499589603874 -0.175759937472203 0.0727115737532142
0.0927196696793505 -0.0990466412783696 -0.0632806793328922 0.108482675071848
0.113951223940127 -0.101790546447301 0.0157549975905711 0.134354016022629
0.184121321954925 -0.0818360388075226 0.0373041270751424 0.20100073281848
0.219904620790099 0.049502895482205 -0.0655884426327804 0.257468072303964
0.123156230853021 0.203147244091241 -0.286322919097106 0.159518340234713
-0.067774326035949 0.270191043973376 -0.379161024529305 -0.0504598915660456
-0.27652115336608 0.188812599221318 -0.296905243954028 -0.222110397158593
-0.409712815936278 0.0364551977978699 -0.231327847696183 -0.153874175129695
-0.381291423257406 -0.0293476569124898 -0.0505580754624247 -0.0420420092932233
-0.272533476259013 0.118999761516924 0.18475788776425 0.203584031385951
-0.117407552305088 0.214721286209873 0.413835457650983 -0.0851865097873993
0.0768985492157289 0.195586340849404 0.162714594056561 -0.386021387008518
0.197500157694674 0.0800383923831657 -0.170864713843903 -0.290463476098731
0.192547888119806 -0.0561737247354031 -0.228225250353371 -0.0788855218392452
0.123762669310038 -0.114798508698727 -0.137378858549462 0.0231867146867704
0.103527974538425 -0.131160802665104 -0.0258099592702309 0.0603961896194259
0.122135806925179 -0.13150260574041 0.0656464298635363 0.0799057036395956
0.205988460521288 -0.118644592929754 0.120607984338924 0.158217077918968
0.268740732155832 0.0149381390568022 0.0579088797048179 0.269083036661576
0.191619789092334 0.201312912673304 -0.194238236758862 0.248740515109001
-0.0275498152719594 0.330033007341165 -0.350971584314638 0.0425248258441665
-0.309093771844828 0.239585957733469 -0.276952834394165 -0.16628312275187
-0.457058433480905 0.0282000055685161 -0.109957409852459 -0.114718997026484
-0.396094035855797 -0.101951481819291 0.102599491210789 0.00806173279676679
-0.358002234495408 0.0745876496416774 0.239556182397939 0.243364057810404
-0.205503647674961 0.244473375127266 0.465356114397043 0.00389143809831589
0.0632068613200464 0.262822750611027 0.264025620717372 -0.3073574023566
0.225463267288728 0.11299912765738 -0.0453632473315019 -0.287941325455267
0.224557677380108 -0.0601424632730598 -0.140301691491288 -0.12933935089886
0.138169498704585 -0.133990787038388 -0.087037767029362 -0.0388580261838809
0.0979830844761591 -0.142721285259156 0.0147090194133185 0.00415085663562835
0.109551493534511 -0.140303417558707 0.108587671122288 0.0188731831013165
0.194727815863385 -0.132351141325058 0.186915257485597 0.103273901538236
0.270076040728717 -0.0130870790662346 0.163979613047167 0.24698356996105
0.21680345544495 0.172502025014043 -0.094819943379248 0.293488966489565
0.000836056337852678 0.329764035380844 -0.293728175948462 0.10800856496805
-0.301552754616026 0.239002931084234 -0.240928326641846 -0.124104374017223
-0.436524081057963 0.00780956147142291 0.0164657268839656 -0.0825795115487642
-0.336252877815496 -0.149542887652743 0.244891615910845 0.0770457739908133
-0.365652869543065 0.00471132557130128 0.284266527443335 0.281480800221854
-0.25490371395494 0.206652591288085 0.465374964303458 0.0965561144118308
0.0262048990990645 0.271361829038214 0.327147322707395 -0.187470826307642
0.204881573833977 0.127096002442682 0.0837748720957001 -0.24615940828511
0.215084801010043 -0.0509303873142991 -0.0373496727010436 -0.167580312424485
0.129316451913291 -0.129938924877602 -0.0310383756907538 -0.101424682918962
0.0787924253340379 -0.131734972851739 0.0522974651477172 -0.0514480771316442
0.08234886918049 -0.128696624126086 0.141007003115615 -0.0363006473697937
0.161701294199379 -0.122013347258449 0.231492979828843 0.0517481747460051
0.235495669528521 -0.0221366788149711 0.233108597724868 0.213411584990867
0.197909801988995 0.144288536156441 -0.0152627076535362 0.306041074320073
-0.00466032588895422 0.288307361257017 -0.233399036426313 0.143230672326797
-0.276993691698301 0.187911004892103 -0.196152057641198 -0.0903089885371351
-0.360219904695119 -0.0314955385916172 0.12659395532297 -0.0501842497297444
-0.215228792963081 -0.153455435653131 0.346595186939368 0.142422961270983
-0.286136827114062 -0.0495784100199845 0.309530383290512 0.311165007011507
-0.22523835883254 0.130797640175613 0.429602547510839 0.167701098852208
-0.00144418262406931 0.210251748251218 0.348348202635119 -0.0703883967784503
0.147633327054706 0.101536980759794 0.181598374356914 -0.188964894771229
0.162180673170447 -0.0388750039506895 0.054467714777826 -0.191235326945538
0.094951512148037 -0.103388060959105 0.0191624517176655 -0.154268517603779
0.048955395433935 -0.100976058501868 0.0816469416878639 -0.0980619959672342
0.0486595356895697 -0.101321587502321 0.164537763302974 -0.0787751869799763
0.113961934724984 -0.0984309541310043 0.259556898872871 0.016291203276114
0.181682727412591 -0.0209187128231579 0.270207964557959 0.187446329299782
0.157215199354597 0.118174306115535 0.0331174040629864 0.308174948657125
-0.0282050691571382 0.228968402939982 -0.184464261277323 0.161283144035544
-0.238761389523326 0.109843730304226 -0.154269534862453 -0.0614203682603916
-0.246689427379047 -0.0774284696676701 0.207762741740516 -0.0127364079967056
-0.0556747703866341 -0.118463837793046 0.392371048663408 0.178969800885388
-0.144856351666417 -0.068403755024545 0.315760204088837 0.316107278715265
-0.125674488127678 0.0503696364810505 0.389674450254917 0.202335623167921
-0.00375774994114584 0.100314530373218 0.349683339539501 -0.000167084951943013
0.0698988314107689 0.0417114502138759 0.234367138867237 -0.154394875128228
0.0772407863526715 -0.0269024728778875 0.108658408616439 -0.207625742431467
0.040986399312088 -0.0595406711981437 0.0492030613581915 -0.188531803348474
0.0116832192006131 -0.0552567053489606 0.0974948472286973 -0.128493227558765
0.0116810769869616 -0.0645114101861942 0.177705125211565 -0.103512622456672
0.0574713654903082 -0.0698777533216959 0.275358586978552 -0.00145929525456432
0.117106707724538 -0.0202515882975485 0.286694967889613 0.175649805172991
0.110897400727912 0.0873964067878957 0.0554457936151814 0.31175340944448
-0.0478637813008754 0.159530924974524 -0.159274031583405 0.173131168534408
-0.178091209617208 0.0285626069852888 -0.127569443846294 -0.0388745813492825
-0.10840425932384 -0.113214322777905 0.249213607878022 0.0280388860863129
-0.0211112793935182 0.116657557443241 -0.336956326805271 -0.0102212034444457
0.0815847395136597 0.013961951135434 0.0850843094216021 0.151648251125721
0.0283414033949527 -0.0688232783681872 0.205950606375858 -0.180800556776648
-0.0506298361304879 -0.0188428127356841 -0.0495333225154058 -0.382739387153093
-0.0183351081017405 0.031347955289466 -0.333179221634222 -0.196594342230389
0.0049702204756319 0.0309233361313677 -0.32670213619747 0.0375802579318607
0.0228980488639936 0.0204543213114082 -0.217392590131649 0.129958698898361
0.0328774661991423 -0.0011962753943441 -0.113129338213108 0.165072978948704
0.0297981838205002 -0.00535882918940441 -0.0643899081188569 0.199999654609026
0.0306087580975092 0.000973146765627149 -0.100539484923493 0.224349077739755
0.0240437028646839 0.0282954221239734 -0.238879024554548 0.16585079296453
9.22012030999779E-05 0.0360700600409097 -0.362192402449415 -0.0119654529543755
0.00689893603861766 0.0340672738138478 -0.367309854538122 -0.196205978889887
-0.0255900461743777 0.0763545125973519 -0.32819461004383 -0.340083747202297
-0.130043753392379 0.0988480803723992 -0.406601522100692 -0.224205804031389
-0.171524301904563 0.100955947445043 -0.293276843825735 -0.0421567942279396
-0.0218682546881475 0.0784166785386067 0.101498348466219 0.154657098880374
0.00961540794196762 0.0274217294094661 0.257319755836648 -0.183696610268604
0.00450598738304475 0.035518675952597 -0.0209239966803301 -0.407453438576417
0.0608391734678387 0.0355602986985593 -0.323839425062996 -0.222731094786369
0.0707524475008014 -0.00749758695672575 -0.322611739286352 0.0204751061173525
0.0599017871216506 -0.0337571360574311 -0.204658262114251 0.116731242076624
0.0686769601366562 -0.0591201556217901 -0.0939366118355886 0.150428599314079
0.0826546891783893 -0.0625694955743878 -0.0297126102621161 0.181085197871881
0.126225815260361 -0.0437285681941144 -0.0401227811683142 0.22780339450469
0.138129000766431 0.0571872120390164 -0.172537893614784 0.221627407644653
0.0527562429416112 0.152043717670086 -0.348874416003558 0.0677904899275155
-0.0665367718068167 0.166136888384038 -0.390811615742663 -0.133836447324393
-0.186206653090601 0.127576855761535 -0.325567042869214 -0.284872693761205
-0.304035431054359 0.0638564654763583 -0.348187909121442 -0.191422101516626
-0.305639565942357 0.0534259078883936 -0.195294348765423 -0.0543783009996524
-0.149201034711197 0.123848617453949 0.141103973148853 0.176369272488237
-0.0377528149189916 0.135492113013047 0.340260411536646 -0.16059257611604
0.0570439755412849 0.111631093882618 0.0510707696348095 -0.424237445974471
0.141889925138462 0.0479164462599554 -0.277857726600778 -0.26239269454743
0.138581560411639 -0.0425455102166406 -0.296529553430322 -0.0197819592534494
0.0957920439480604 -0.0846756593132184 -0.17988227714808 0.0811265849347461
0.0937308465026687 -0.107198732714634 -0.0634134758523162 0.114810706902581
0.114620797412632 -0.111016173721211 0.0190783116943875 0.138290247861813
0.188534647040303 -0.0938534981659313 0.0450804097920681 0.204784154274981
0.231458744638537 0.0424407371530986 -0.0575396432355241 0.265654581988317
0.136621145032074 0.206955889424986 -0.292646159756637 0.17547629717003
-0.0632675444971283 0.28209048464372 -0.396259959145361 -0.0390638748888766
-0.282760790625956 0.203064676544681 -0.316781724060539 -0.22058933689526
-0.425298824581225 0.0511004812960143 -0.246153933237562 -0.150099347986839
-0.393917327701405 -0.0176756909263486 -0.0563651864400617 -0.0374540943446018
-0.278155775528832 0.131135383765623 0.1951890199584 0.210732287326821
-0.116918041469016 0.226180111119962 0.427019397504812 -0.100490048063154
0.0870680562162688 0.200768665212255 0.156661401278527 -0.405346383055292
0.209215789352329 0.0749563004685643 -0.186175527643555 -0.295060921176122
0.197065733366261 -0.0674134566878718 -0.239755546734766 -0.0729988484395505
0.124596257550297 -0.124576003243904 -0.141656327657206 0.0286086811293953
0.103622162400078 -0.140058834804314 -0.0258091680850383 0.0630890423599025
0.122305688073478 -0.140909339421089 0.0685238960260707 0.0789174465412219
0.209604058043503 -0.132581048187404 0.130557361479464 0.157134753228565
0.280051802867492 0.00418891263761885 0.0726764505535401 0.272679590970522
0.207926287858701 0.202377866773381 -0.194183615127253 0.264872073047704
-0.018620099473957 0.34305709670561 -0.364974460340457 0.0562308331739561
-0.313557401730471 0.25827336261661 -0.293918026538852 -0.162129354994502
-0.475365289402287 0.0440665193474032 -0.118582082784303 -0.113488683797614
-0.412841297573982 -0.0934297465309497 0.104793632355207 0.00936297915535543
-0.36936026049276 0.0885350462141122 0.252081599124334 0.248611093346923
-0.206948110292593 0.259224018320827 0.481757577547228 -0.00961617888176148
0.075609966092216 0.271335728104776 0.264857856897189 -0.327143191115304
0.239524658077274 0.107836796573252 -0.0569307873687859 -0.296339683683477
0.229814796663619 -0.0727104324978663 -0.150316863422266 -0.12973125839768
0.138556356210925 -0.14544456944731 -0.0911514670933996 -0.0377208248629332
0.0982404199449725 -0.150976642960293 0.0148524126252272 0.00251843986567192
0.108217989377857 -0.1493749168211 0.110761942770033 0.0140213147050616
0.197548429747828 -0.146183657880772 0.196821550660782 0.0970112876012005
0.279981293834162 -0.0250544076032082 0.18121284819683 0.245255907697893
0.231644390547679 0.17128848869118 -0.0885215132051082 0.308733943631485
0.0105102925573306 0.340516179798292 -0.304284250530795 0.124166894624728
-0.30440170842235 0.257090553832848 -0.255440965456847 -0.118168441288513
-0.454610428650332 0.0231776470756288 0.0138344819388062 -0.0839302391893626
-0.351830067680036 -0.143583848261644 0.254552340858507 0.074866927883897
-0.378149419127322 0.0177103830396054 0.299593804972224 0.286088037484964
-0.258752135818463 0.223062849329687 0.48532453576564 0.0860015137638752
0.0370856663097112 0.281162929815399 0.33395303622885 -0.204084196146692
0.21841928237741 0.123526703784405 0.0776540246218563 -0.257545626074074
0.21976680510605 -0.062992444058262 -0.0453052225997055 -0.172529842646429
0.129190990803062 -0.140870456184027 -0.0357087694742647 -0.104205229354899
0.078460057183979 -0.138217910014132 0.0523027187877101 -0.0565469206569175
0.0813710522622021 -0.13520318010747 0.142721842629355 -0.0449949996304819
0.163153967084473 -0.133473352854942 0.241578932819215 0.0424024977409962
0.243353041126844 -0.0329329002092135 0.251214555281303 0.207958435577788
0.210787914038537 0.142120973276873 -0.00447873922670312 0.317926189958265
0.00343318277871277 0.297544998045209 -0.239970529167349 0.15920957818515
-0.281358952823494 0.203036664219334 -0.206433103421983 -0.0841797133672278
-0.375899738374732 -0.019601596545529 0.12968600331931 -0.0559460850318182
-0.226221009563031 -0.151072912539996 0.362758216223299 0.138855393410949
-0.296711177494776 -0.0403021532714668 0.328084101080445 0.314954205726939
-0.231000220892767 0.143195065607312 0.450621774945181 0.161306339154202
0.00610610389831598 0.218145901264737 0.358959903004659 -0.0826772086458746
0.157980712404523 0.0991483196063005 0.181404284738406 -0.201003969924099
0.16501232708342 -0.0479027518631378 0.0492599519883058 -0.201116513166709
0.0942467776336384 -0.111769056565718 0.0144387851555664 -0.161161253868211
0.0485922253233117 -0.105136682147854 0.0813817585689395 -0.105958294487932
0.0468097797070465 -0.104518305429666 0.166899894814474 -0.0891934425102811
0.114434145191142 -0.106901217557025 0.270072684555315 0.00512029099063161
0.187408701208582 -0.0293270331124694 0.289207517216499 0.180888006961139
0.167492992957169 0.116778715308152 0.0462816440470457 0.318660439987755
-0.0227662506082636 0.237685901753395 -0.188771520525548 0.174559451039177
-0.24276159616216 0.121661471502381 -0.161678736106398 -0.0562976176972723
-0.259285856603148 -0.0713050765516203 0.213717532253982 -0.0209408045949459
-0.0611293829025634 -0.119838671178473 0.411726210832274 0.174538107327792
-0.150652849540695 -0.0634470153736233 0.336112499725188 0.318070513373057
-0.12852509836437 0.0560836847445635 0.409735864280512 0.197697257475233
-0.000206595093916598 0.103774830512142 0.362714740385238 -0.00977055497274798
0.0739623118160312 0.0402323142610783 0.23736323527675 -0.167494322669687
0.0769431781232131 -0.0320017544427848 0.105231374956473 -0.220086617465258
0.0396831027209599 -0.0634756240446087 0.0439033075434111 -0.197715957717218
0.0110920346901312 -0.0559771115481905 0.0973551275891991 -0.137977977808318
0.00981136056131726 -0.0647792771769196 0.180062400306434 -0.115262204668335
0.0566486956334711 -0.0739169638407595 0.286235795935621 -0.0139607171534928
0.119386450824878 -0.025996872942414 0.304954162312934 0.168168969665642
0.117546023756045 0.0855859366798525 0.0677543732345297 0.321769435224213
-0.0447087573161155 0.166143613328922 -0.162208807818875 0.1855969171618
-0.181916812613437 0.0351250467880911 -0.132774082059092 -0.0341169232024425
-0.116811873133232 -0.113218694317204 0.258119371032311 0.0181435008107721
-0.0127840798378823 0.120981067157387 -0.348606215130342 0.017198075145892
0.0846655089432522 0.00827979135684871 0.100964432660187 0.154584934956473
0.0243491247827239 -0.0724336510458867 0.202821534502967 -0.201288319763296
-0.0526576754498512 -0.0156383014516268 -0.0808391715243414 -0.394771091462411
-0.0150442629705209 0.0326902440831518 -0.36100302357377 -0.180480911186453
0.008474849978768 0.0322860347878599 -0.335814486525594 0.0651563799474558
0.0256860623581007 0.0182394172275173 -0.217189934092399 0.152823347036091
0.0345053211411002 -0.00524975930212509 -0.10701538662958 0.181569945759408
0.030661469818762 -0.00911896751863375 -0.052853603573474 0.214182090245036
0.0321370998106791 -0.00214399273946954 -0.0892035188130498 0.240241322292166
0.0286186409468228 0.0281633440306039 -0.237489642590833 0.189131316428313
0.00333248331267495 0.038155429225479 -0.378450956361204 0.0138548204649638
0.00743675724499048 0.0350967496118042 -0.394070038801737 -0.178533416813831
-0.0238425347979592 0.0797183364983622 -0.364498222986383 -0.331949962278907
-0.128523378546213 0.110739128740641 -0.438797247728463 -0.205204434554848
-0.170064605727301 0.115226097801998 -0.306426744841466 -0.0182156657529225
-0.0179627670491713 0.0815251696190985 0.117318459999247 0.159107535793722
0.0116343882999809 0.0283214786287744 0.255768906221038 -0.208136780220245
0.00836314034620442 0.036937621733988 -0.0513541007591118 -0.421751009262682
0.0670246743964459 0.0305085312805491 -0.352671283708226 -0.208480029067061
0.0736433274627829 -0.0130382100235656 -0.333246484105828 0.0460615432890543
0.0601484612677247 -0.0402835746823299 -0.204589989739946 0.137562278362797
0.0675710029590219 -0.0680213545603435 -0.0885233256498766 0.164565662262191
0.0812093925920614 -0.0731089451426077 -0.019255869158162 0.191504349970708
0.128035025292295 -0.0563817645753964 -0.025897327379957 0.238358215135827
0.149036106345511 0.0493984619243442 -0.16360653615932 0.240627690015147
0.0670856372115124 0.155573905806745 -0.359232274130432 0.096120603057663
-0.0597670812495009 0.177825298748772 -0.415658843361803 -0.112042908645808
-0.18769482058128 0.144550223965628 -0.358759171604162 -0.273305358358162
-0.31274863261841 0.0872532591667225 -0.375520253965869 -0.173598078979353
-0.311759019673636 0.0757763153111471 -0.207409151258644 -0.0374929787261294
-0.146684647302692 0.138629534652151 0.158543706319512 0.179058154156329
-0.0303654096788919 0.143266077977394 0.343130432961963 -0.188904869407498
0.0682141756985905 0.112342638701798 0.0230278570807282 -0.444799062029689
0.152151884400666 0.0374701053595281 -0.307072518797232 -0.252253207980378
0.140613872340471 -0.0557321442462945 -0.309164248982219 0.00284868354574353
0.0930951139055824 -0.0961727580030133 -0.181084214168412 0.0979691362756852
0.0898397938354294 -0.119804447079393 -0.0592655402752013 0.124185699526744
0.111086238781157 -0.125624401143798 0.0272677016612533 0.142578779366941
0.188497768999421 -0.114192660671481 0.0610530352283331 0.207421716785495
0.244718794853987 0.0263323699783487 -0.0404717303763109 0.276631835736168
0.158652623488504 0.205860724346004 -0.291543102041599 0.205130284882817
-0.0475304161771057 0.298957000360692 -0.416684556905477 -0.0110869164008943
-0.281473878021502 0.230385635136398 -0.345671108096814 -0.206307550188873
-0.440776440718401 0.0825290255618235 -0.266048900893814 -0.13684416768326
-0.408440041208273 0.00749872484650434 -0.0619790403674899 -0.0300804185629048
-0.279694688130307 0.155181198852322 0.2149196370912 0.211323255552862
-0.107181402141664 0.243301105136553 0.436127011592624 -0.133118976248111
0.105789668109554 0.202990218521976 0.134249085589088 -0.432307249485045
0.224150900192331 0.0601703173068846 -0.215286215206814 -0.292440514741064
0.198908025752899 -0.0861365552664664 -0.253742267791859 -0.0578676238975879
0.120078535356848 -0.139542140652492 -0.144612150823958 0.0393394106621726
0.0987781072714881 -0.153606417894436 -0.0231942460753719 0.0667931540479824
0.117112931501273 -0.156670224003365 0.0747806564348881 0.0762294016936698
0.208329957514919 -0.157318585582258 0.145907572315056 0.15106602293325
0.292186095166075 -0.0178961837202192 0.0958408295715467 0.272795271511606
0.23216948479995 0.195028590258156 -0.183540027218682 0.289695896910805
0.00282179632217823 0.358356310266857 -0.37699572826137 0.087790655603583
-0.309536371385487 0.290206272934502 -0.31810889065558 -0.145439495644654
-0.494185126104771 0.0803054876264868 -0.131020670948848 -0.107493450293476
-0.432884888141198 -0.0695005470844751 0.107228428845526 0.0062699247857661
-0.375828359483554 0.118199982497042 0.275580870336233 0.246182214984335
-0.199004438830402 0.285390465365059 0.49949705955 -0.043603005846993
0.0987686698643258 0.276871063422513 0.252076782268454 -0.357776160659866
0.257689239568633 0.0931233127333425 -0.0799226018381888 -0.302978024986689
0.231140526387781 -0.0942501793216957 -0.165646748554805 -0.122703257915721
0.132521915817379 -0.162011824329513 -0.0974944986771985 -0.0331592640736908
0.0925102266617015 -0.163745592535962 0.0152754033557038 0.000528815465791017
0.102326605726412 -0.163013023918867 0.113405799021612 0.00590727797328017
0.194322276162747 -0.16969140218022 0.211231873557352 0.0834477239871054
0.289124911554697 -0.0486686937836132 0.206969277118415 0.236121065535223
0.254443432505312 0.160133396452603 -0.0697917396451345 0.328095086905287
0.0335907021339591 0.352929411728289 -0.309654443560227 0.1538831040904
-0.298763554749239 0.28921395728264 -0.273641416275069 -0.101102321816201
-0.471634309544972 0.0578182790313885 0.00837759383870104 -0.0869102359656936
-0.373196482415716 -0.125517565899202 0.267939132592712 0.0636636524164303
-0.390642614379606 0.046164262460682 0.328289219652494 0.280847277273058
-0.255538863968835 0.250865825847689 0.509597799302558 0.056623178289507
0.0594379328649989 0.289929492966491 0.333150789095837 -0.234203842148379
0.236958212997593 0.111206175549668 0.0627533175510716 -0.271816837808789
0.221157057786589 -0.0826947771323687 -0.0599987442947071 -0.175878838678952
0.12274696818619 -0.156465274163214 -0.0438830663201611 -0.10669010123689
0.0733316774914891 -0.148717997340057 0.0502720344586211 -0.0641899169126182
0.0747662646977058 -0.145334717728075 0.142694584853914 -0.0579619999574032
0.159149057452609 -0.152627942701312 0.253736834821821 0.0236567435155829
0.250526110226599 -0.0543100255534947 0.277641822108247 0.192428610948314
0.229453800947951 0.131412617374322 0.017758357370628 0.331733101246634
0.0231796864914484 0.308989869190911 -0.239539204583114 0.184664516406164
-0.277180653625104 0.231097340893398 -0.219960596626321 -0.0699439608030096
-0.393172096856229 0.00813755003008976 0.13051812107074 -0.0661924009548618
-0.24334995845479 -0.140946579882565 0.385117401625608 0.121077842330864
-0.310030379813975 -0.0194671085595522 0.360562842984795 0.30693903269421
-0.230581968628914 0.166538990587095 0.477516086088952 0.13624207957097
0.0232649266801136 0.226353066340796 0.367541559159198 -0.110322305072283
0.172481428952163 0.0906366525000099 0.174379413918935 -0.220663571611947
0.165304697089542 -0.0630013290029704 0.035749975908278 -0.213039008018343
0.088859984015376 -0.123601578924516 0.00335868498405527 -0.169516199641563
0.0442839663763359 -0.111449729944403 0.0778535586687494 -0.118351343625189
0.0421709657781584 -0.110697789911662 0.164759411944453 -0.105895782961769
0.110551748485619 -0.119799869253401 0.279994372476179 -0.0172650866684406
0.192711120355108 -0.0454357348800547 0.314220466355702 0.161982457965098
0.182215655110685 0.107483857224421 0.0702322783088006 0.327185110349776
-0.0081739775888579 0.248287867654317 -0.186448319071313 0.196932719136267
-0.243191124763935 0.143353138516883 -0.171173409384081 -0.0440638450135797
-0.274394981068991 -0.054402795707906 0.219382549253763 -0.0376250426274521
-0.0697374632763442 -0.11867134578837 0.440082042463965 0.153856002826338
-0.158516527561216 -0.0536543009777305 0.369697309865883 0.308771081183039
-0.129624499748577 0.0677917929330806 0.437772977265746 0.176385344986395
0.00772438923766821 0.107603394276867 0.376327044112169 -0.0346346720027457
0.0804315515490333 0.0358155267830036 0.235138818874376 -0.189910071886457
0.0749229670096414 -0.0396147213673775 0.0924775847256283 -0.236900451551653
0.0355564520599747 -0.0692707455918128 0.0312612434798323 -0.210300084267186
0.00928216958566425 -0.0575458775192438 0.0920319422898379 -0.153404835464096
0.0056212966191086 -0.0655828846533408 0.178155956872705 -0.134229625020677
0.0525531083066555 -0.0800708753083031 0.295909949590426 -0.0380957601926252
0.121475600443057 -0.0368329617432544 0.329347183723912 0.14967489472175
0.127764829143301 0.0794061382654634 0.0945241050858291 0.329509331191366
-0.0354859208547035 0.17593781645757 -0.157060906195258 0.20540594146852
-0.185247983331604 0.0498106630582876 -0.139534002543915 -0.0253789318118764
-0.129053156164622 -0.108478345251607 0.267483731509537 -0.00084295683176154
-0.00120422412854024 0.120882085158163 -0.347318094775788 0.0540613907426972
0.0849754873478518 -0.00096395143802509 0.119492454213214 0.149705397273508
0.0181896767844499 -0.0746451203096081 0.186347919941311 -0.21943120211661
-0.0541657071212355 -0.0105106134132277 -0.120969922257971 -0.390960249203608
-0.010667025678302 0.0328705592187762 -0.38248062095047 -0.146747876401668
0.013337594388248 0.031701181188791 -0.331209705495292 0.0994892103199982
0.0279969088506781 0.0154998693963213 -0.204567832398561 0.177881813635349
0.0343373395593187 -0.0103848058608188 -0.091433628551112 0.195857551963168
0.0299129706571974 -0.0135400170495738 -0.0322451137711988 0.222457056666439
0.0325667979774947 -0.0060974999785403 -0.0677318125689515 0.250221065925711
0.0335054754128254 0.0255274001772272 -0.223018126449465 0.213381726322598
0.00797287863582459 0.0388202183078917 -0.379917171685421 0.0496624556229186
0.00870485796430978 0.0355047141404522 -0.412470219979553 -0.146310524123068
-0.0190998281986382 0.0817472239440692 -0.399064012021022 -0.30265930285016
-0.119235531444694 0.121670176402355 -0.460581376575904 -0.166100657082508
-0.15925572892124 0.130056048012072 -0.308626423445777 0.0161049148001844
-0.0112212215263248 0.0828403188084171 0.135484250664521 0.153315676125594
0.0137771890315254 0.027791031284117 0.239238031426605 -0.231671627505978
0.0124595216545838 0.036665350652977 -0.0922800828451171 -0.420809726736082
0.0715929756848005 0.0221682303089576 -0.375319418221004 -0.176370825466526
0.0736054883856721 -0.0208820590602269 -0.330638790610632 0.0790917389856208
0.0565947156165863 -0.0475174236511886 -0.193921957509475 0.159498160386938
0.0618242467111377 -0.0772139666630191 -0.0743539341586424 0.175981606206019
0.0751398237711708 -0.0836751852143549 -0.00202161499270608 0.196161873746896
0.123526333969781 -0.0716504411598511 -0.00496694352716815 0.241793889898036
0.15685107047969 0.0346552110237675 -0.142866810411287 0.256877845785798
0.0835502693782055 0.150589449361409 -0.352767839297701 0.131603375900153
-0.0464503703386345 0.186299321966908 -0.429757957295667 -0.0733740807758378
-0.178953923663174 0.161740528680528 -0.387041283908967 -0.242789517787975
-0.308225935488772 0.115805948164266 -0.3938879204213 -0.138788811588682
-0.305500408834031 0.102833976928808 -0.212101669873672 -0.0128895767046851
-0.135348731278413 0.151575366971878 0.177442232823572 0.171433314164857
-0.018579648886154 0.14743244996303 0.329067316528058 -0.220871459807255
0.0803463680216258 0.106665744910645 -0.0184856688398532 -0.450869286531983
0.157538017997475 0.0205739544958216 -0.333130312058158 -0.22448477978448
0.135653791397097 -0.0704241372473463 -0.310500553481458 0.0333005695259824
0.0849103670176748 -0.106674155695527 -0.17289821688518 0.116687402466864
0.0801233892534607 -0.130752815587022 -0.0491402671697282 0.131677875796478
0.0999052969944738 -0.13915412992365 0.0395795554981223 0.141903018603125
0.179212654896415 -0.135826093130271 0.0804100658718764 0.201752398825426
0.251058753162219 0.00148966625828129 -0.01427853023362 0.27954385339478
0.180778207206074 0.192473648680429 -0.275948724108805 0.23545329224577
-0.0231621132191118 0.307235950642304 -0.421998259278548 0.030440677344043
-0.265190516648357 0.257003829374117 -0.367548434096528 -0.172962702066877
-0.437639038202455 0.125437483683185 -0.279946287594389 -0.110543480775338
-0.408521813432216 0.0433317829723585 -0.0664704110673686 -0.0189611892655827
-0.266987353629336 0.180933627235981 0.236253219780371 0.198482443506594
-0.0868247724120386 0.255957438750232 0.427612762379497 -0.173386378884729
0.126759030614257 0.195263433682861 0.0958897767485403 -0.446396931141118
0.232849473978811 0.0364318488808145 -0.243567838442244 -0.273327381425104
0.190751276611237 -0.107260256670616 -0.260501693969018 -0.0328388727815688
0.106924905763682 -0.153126152468717 -0.141930280355866 0.0531475782326411
0.0862526835215784 -0.165197022075228 -0.0179196944744927 0.0694080580545873
0.103368267215512 -0.170893365308488 0.0798709296993481 0.0700603368917045
0.193470299340493 -0.180968845376226 0.160272323027847 0.135688049678535
0.294352700315482 -0.048143481796542 0.122658186402825 0.261105490562219
0.253189165619994 0.173410180207246 -0.157967781894317 0.310415218360466
0.0346398001649857 0.361696000233451 -0.372392928323008 0.127183200926015
-0.285468994449207 0.320919129027837 -0.33342527514525 -0.114812616452489
-0.490875391576063 0.12960825662807 -0.14091517066296 -0.0942615054799648
-0.441089246763321 -0.0309942441577451 0.107308348374743 0.000805299647973946
-0.367045998477266 0.153329612712606 0.298631440076387 0.228016045963949
-0.175623855383668 0.307428368408825 0.498716145182701 -0.0887984646044603
0.127063578139992 0.269658138381013 0.221041523769225 -0.383178749175388
0.269487601469775 0.0669590365728625 -0.10879352078574 -0.29649714673729
0.222368578285816 -0.118525131937068 -0.178427181590987 -0.107073184222946
0.117002577949635 -0.176538156989595 -0.100550554734699 -0.0246714900189419
0.0790918514550087 -0.174714372973969 0.0148196982537754 -0.00194445931843014
0.0883969286343374 -0.174789737928647 0.112220758179039 -0.005604678965886
0.179094510707919 -0.191992583112168 0.219456253091976 0.0613519628952008
0.287617541836775 -0.0792279493118266 0.230852722735231 0.212191578070219
0.272014427653509 0.136120320371986 -0.0387464185479782 0.336986313671981
0.065246733632618 0.353400497782178 -0.298524082807519 0.187868669293732
-0.27503669844346 0.319315558869904 -0.284136415159879 -0.0737533909058301
-0.470965013279259 0.104109940520259 0.000937574097740991 -0.0865364633372263
-0.386118743398338 -0.092914615793518 0.273991890035039 0.0426262055779984
-0.387700100120261 0.0819038830304812 0.353941012580019 0.256545527015732
-0.235777549742494 0.277299371372815 0.51654841570637 0.0103296169299352
0.088099513120467 0.286335476589472 0.313834382577874 -0.265880195925187
0.251279811197916 0.0874843969074109 0.0379749768284742 -0.278118765852493
0.212712150035396 -0.10617125939593 -0.0773993441694978 -0.170831646375482
0.10731908754699 -0.169854627076729 -0.0541749084087876 -0.104391101811085
0.0620127565854255 -0.157063497664391 0.0441930661273995 -0.0717233643979994
0.0629824844412162 -0.152535691329835 0.136081882190467 -0.0729024019728584
0.144946942969855 -0.171422500460754 0.256352452707564 -0.00347475285234828
0.24792814227039 -0.0810638472780377 0.297068070490224 0.161030842801303
0.244066597839358 0.108940468495063 0.0495677912802287 0.332366523623003
0.0504421987957972 0.310064697034617 -0.225636186831856 0.21217028506552
-0.25719128910884 0.259171349873441 -0.226695090478093 -0.0475532258349166
-0.395953968369993 0.0461160298577279 0.125749676987311 -0.0781660622196871
-0.256899892913228 -0.119962755036304 0.398009269210579 0.0890703344030899
-0.311981535612225 0.00956923956752091 0.389995967278085 0.279207091607646
-0.217723435948728 0.190473551204893 0.492846312574538 0.0934253395973392
0.0457631026733843 0.225713821619348 0.360629367500885 -0.142791222112054
0.18338888541026 0.0731268300431015 0.155735350755749 -0.237059331066387
0.158445313221777 -0.0803304955122634 0.0159274212877171 -0.216965277653815
0.0760832596866158 -0.132970554496885 -0.0128910003714607 -0.171765095172249
0.0365767915389573 -0.116083831061732 0.0669038963134377 -0.129073225185369
0.0328456359992745 -0.113206083791675 0.15467065951225 -0.12353113405722
0.0994201099456008 -0.131808992354449 0.28021330211765 -0.0473405041225979
0.188803295090364 -0.0659599296719366 0.331693642814931 0.127904840726335
0.19359916153418 0.0895996806674912 0.102709957054362 0.323877082938407
0.0140262911228958 0.251015586906736 -0.170059488254118 0.219043309227813
-0.229907973910985 0.166932427359509 -0.174853501202097 -0.027410346747024
-0.281629185254077 -0.0276423348873365 0.217156166355402 -0.0581204745014741
-0.079540740045541 -0.11235847436522 0.457525791939644 0.116743571819817
-0.161521865555988 -0.038263228214161 0.40064897061614 0.277368971251116
-0.124259621897826 0.0813419224142056 0.457028732504326 0.137478905634324
0.0188980547528408 0.106544701892647 0.377069485980482 -0.0685261915322993
0.0848508721237782 0.0274841835990768 0.219494686694026 -0.211972830345342
0.0695567965444208 -0.0466927416665205 0.0697352859115014 -0.248072099973328
0.0276293712325796 -0.0730866517030073 0.0107036589936717 -0.215947214101942
0.00570382562762874 -0.0581984702968736 0.0781360353477244 -0.165499724587114
0.000356182046122419 -0.0638169666998822 0.165038207639729 -0.152587170286643
0.0446950011554452 -0.0851390630830638 0.293880033955974 -0.0690946879511436
0.118428019184412 -0.0495346135449658 0.345908459790817 0.115536518592046
0.135129501290081 0.0664922121376218 0.126769175072043 0.323262806976566
-0.0200383108978736 0.180557154946816 -0.140934061247881 0.223574928200865
-0.180544318486402 0.0670894742373806 -0.141950354196925 -0.0126402942122869
-0.139618474811953 -0.0959159827323579 0.267213043424267 -0.0279312018289919
0.00950630668599368 0.114525602137061 -0.328210755533368 0.0846632663705359
0.0811463148543697 -0.00910256868697201 0.131892559415241 0.137651723758076
0.0112413888494368 -0.0738556348718464 0.165320588678162 -0.226796134785911
-0.0526749553425467 -0.00552168032977557 -0.151427848450119 -0.367467227623218
-0.00697406038147749 0.0315034151669287 -0.384158214703165 -0.109549718800035
0.0169696966895288 0.0291140477909091 -0.311885971543068 0.125828825266333
0.029236987757573 0.0116908853854105 -0.183141074629999 0.192139705511844
0.0324569861978532 -0.0144800232783709 -0.0723621166083066 0.200457015480393
0.0278293759824243 -0.0171068709105517 -0.0131941985371144 0.22005000656116
0.0310619888426506 -0.00975472710069408 -0.0446559311916413 0.248142982631105
0.0356772865449428 0.0218244551316386 -0.199652939571757 0.226873596413289
0.0110146095257538 0.0374966411577353 -0.364973066460664 0.0800163549664352
0.00984396873202428 0.0344676993851868 -0.410338800948583 -0.108229476145754
-0.0148908302157819 0.0802422224982277 -0.412015540944895 -0.261707336658303
-0.105757434494106 0.126382629016517 -0.45902830561528 -0.123596030027867
-0.142678366051886 0.136472038896219 -0.295062671695337 0.0448408305537562
-0.00532095686524768 0.0796188774146817 0.146402486027192 0.141014675780417
0.0146390031532524 0.0260491462459232 0.21432861691295 -0.2418510366979
0.0158621775335232 0.034440038805438 -0.125116236781861 -0.399737004766623
0.0714885248318278 0.0134093473096087 -0.379657855258764 -0.136910109776013
0.0702262904756737 -0.0277686584493546 -0.312749419519071 0.106861856184263
0.0512912560143883 -0.0518056742867678 -0.174200279321989 0.17260939340994
0.0538858438316902 -0.081515145394521 -0.0578952535552472 0.178781007832549
0.0659312880444305 -0.0890247372672572 0.0143872709754329 0.191659449577125
0.113609442179894 -0.081270228857632 0.014530369101033 0.234029248979329
0.156866518394727 0.0187147478945728 -0.11803249249762 0.259872035777197
0.0948110114483305 0.138709808623764 -0.332194431546746 0.157239327276475
-0.0317087982150798 0.185977338354083 -0.421115039670529 -0.0361071704528964
-0.163312060907177 0.170922338865376 -0.396643277380536 -0.203714254937544
-0.29000128024489 0.138140238892023 -0.391142323261043 -0.101179851803203
-0.286160988760802 0.121877353056609 -0.204937931738745 0.00992840268271675
-0.119337903428944 0.156340275731475 0.187046523933395 0.156470318246456
-0.0074377288164031 0.144663015423646 0.302151888562341 -0.239048283451061
0.0869302126787311 0.0969354942848261 -0.055096845319111 -0.434142393957595
0.154674884915771 0.00437842334890588 -0.341612630508855 -0.188027799224901
0.125341717387016 -0.0814113946561598 -0.296901667916649 0.0592722388144837
0.0729031839098589 -0.111298827969924 -0.158235961817864 0.128004571850122
0.0669940168772031 -0.135429998946199 -0.0376348291860921 0.133004187783961
0.0852186010061991 -0.144946439496302 0.0492076413334139 0.134837933260809
0.161078603193923 -0.149527790539961 0.0934810005461141 0.187312298356296
0.245289324547062 -0.0220351686696102 0.00840443796123451 0.26957975348284
0.19240868637365 0.170567226342498 -0.247182469438728 0.251885120917652
0.00058122425573957 0.301708539916043 -0.406097845416695 0.0665555155375934
-0.238428202769378 0.271334939584598 -0.370079851045772 -0.137647638368923
-0.415045323188715 0.157409300149664 -0.279082330635633 -0.0827127087643948
-0.390713568014598 0.0735881668879859 -0.065736464732091 -0.00793769604207501
-0.243991898737527 0.196381005390077 0.245447688016853 0.17871458612768
-0.0643990917672402 0.255738032348121 0.399796119384507 -0.201843444867765
0.139427195831398 0.178638066043475 0.0563824164431206 -0.440977278717191
0.228407975949112 0.0133634836856447 -0.258156470131941 -0.243426239925418
0.174563123634166 -0.120993246684284 -0.255151882470894 -0.00919081966567936
0.0902292877692678 -0.157538214746812 -0.132992033843793 0.0628797862081347
0.0701032933405615 -0.16884707733991 -0.0127341101041569 0.0689728066455688
0.0857171917394448 -0.175504584630215 0.0814592288922595 0.0620963130557426
0.170916819489079 -0.194215765036483 0.165357844779823 0.116550963780178
0.281466306252971 -0.0741503917894668 0.138993139118617 0.238102577421909
0.261338552870549 0.146057944603164 -0.126302884451557 0.31527322235185
0.0616940472181292 0.34954339500812 -0.350016326896117 0.156614919176463
-0.252603509770437 0.334720883830722 -0.331253691295732 -0.0822882572533073
-0.465222124995658 0.167088909140506 -0.142316009853797 -0.0782904873538134
-0.428663593248934 0.00388159304056716 0.103358135541413 -0.00358293379815743
-0.34244051586732 0.177085966235084 0.307615857218316 0.202041538180365
-0.146302159744537 0.313738403153163 0.475037060307095 -0.126036664023791
0.146328450305254 0.250764744553213 0.18306163397162 -0.387376670080129
0.267473685470163 0.0399687917087876 -0.128803002936246 -0.276321597614534
0.203009061819901 -0.134426331248011 -0.181516296766418 -0.0881454969399811
0.0975203939029685 -0.181333029177493 -0.0994878722667027 -0.0164127150182533
0.0633949375890139 -0.176780683851425 0.0131920015172741 -0.00384312448819014
0.0714507150255924 -0.177002978670071 0.106527509992929 -0.0148412895281634
0.155531758109255 -0.204022666635878 0.216120615437437 0.0391175536958853
0.272334391577009 -0.104375245881318 0.240185825695134 0.18137547331387
0.275526666029498 0.107902989213292 -0.0086819085768141 0.330230426747338
0.0907967616348688 0.338338308790479 -0.273154887082213 0.210136070392735
-0.240221509510272 0.332678611150433 -0.278904314876366 -0.0468074009571582
-0.447546414777507 0.142284134992599 -0.00398691955173214 -0.0834849998342662
-0.380457701928953 -0.0601722025733421 0.267733410086478 0.0226805142246799
-0.367301622088547 0.110979450635476 0.362881209210486 0.224490684967826
-0.205364274678023 0.29081581652835 0.499485468174266 -0.0317814044625578
0.109756994557998 0.269816919107604 0.283206758130366 -0.280891351644485
0.251033364575305 0.0615651273020097 0.0161597888987313 -0.271462324797307
0.194618888710439 -0.121566814004916 -0.0888285757204464 -0.158914819582414
0.0883364942121677 -0.173428620898203 -0.0616083442929652 -0.0978276276623531
0.0488880530836202 -0.158025982832287 0.035959691160918 -0.0745495744740141
0.049480826703988 -0.152360290147778 0.12443771440042 -0.0826703214926736
0.124698572985485 -0.180064148155031 0.246851779530201 -0.0274400679814373
0.232696924293721 -0.101943146415988 0.299526165193779 0.126525747418316
0.244753456288924 0.0836496438786541 0.0767616587073123 0.319163197902354
0.0742148733896997 0.296668575502909 -0.201128130820286 0.226872802381292
-0.22738298930314 0.272151829612799 -0.220974999554721 -0.0256115730430635
-0.379308786519089 0.0796874306697731 0.116462403783841 -0.085444700369169
-0.257114307472354 -0.0961191811231675 0.392078064087233 0.0568851425797604
-0.298709288233277 0.0352541099934454 0.399218053971917 0.240596573669202
-0.194954814699329 0.203588394032962 0.483648119296931 0.050251879494257
0.0636660822831591 0.213903458710795 0.338129147737941 -0.165659877390746
0.184355005871048 0.0539070147241157 0.133925778012107 -0.241267536286841
0.144398963179828 -0.0909259226151144 -0.00356078948599974 -0.211632570997501
0.0608056175296358 -0.135441900722966 -0.0279369339645956 -0.166590294305908
0.0274546215074089 -0.115811355958978 0.0534529929725126 -0.133212312602408
0.0239463743460609 -0.11097264261003 0.137582471608785 -0.133688468549307
0.0836483166800548 -0.136798975810341 0.265986940134648 -0.0715885604207761
0.176704236254275 -0.0813989946994666 0.330835355355556 0.0918135354534756
0.194361389252257 0.069530333103222 0.127413863222688 0.304772796869432
0.0342379153125096 0.243220414754246 -0.147041584109693 0.228840076680292
-0.208738957752876 0.181286758742344 -0.16898389760811 -0.0112771645258169
-0.275018070293533 -0.00210154365963417 0.205502651560962 -0.0762555241945691
-0.0849996421460078 -0.1026994237579 0.452299756052128 0.0774231528595658
-0.157132055505155 -0.0240458377545593 0.410108104058042 0.237657782615077
-0.112766373656622 0.0898767314203755 0.452135810188037 0.0952950360312062
0.0272178385414999 0.100305902374689 0.360278254779538 -0.0957028931779647
0.0842019661944978 0.0178988358619003 0.197157205933649 -0.223052300564594
0.060989270618132 -0.0507066365136314 0.046294586280881 -0.24588760709012
0.0196316015639923 -0.0727914884889581 -0.00896364485967868 -0.210887679764413
0.00236672678405092 -0.056592716493137 0.0616439404623224 -0.170133763203401
-0.00335613257554207 -0.060343622757621 0.145681898450798 -0.163202779752931
0.0351650071325207 -0.0852466000438058 0.277605920439038 -0.0942091648354849
0.10885256817106 -0.0585496584609513 0.343894668274914 0.0789857530455583
0.135531835642363 0.0519904272782456 0.150397023287281 0.302288623854182
-0.00389481255196156 0.176531948137881 -0.118705171319005 0.229572871544731
-0.168137872783014 0.0796319761014787 -0.137047316443954 -0.000944386013947642
-0.143166680501925 -0.0801580744531182 0.254576461088151 -0.0510358676705031
-0.00203262142553601 0.105109363573114 -0.317455695889329 0.0607255910494075
0.074806149843871 -0.00139677734673389 0.119320710775017 0.144007538936212
0.0176488039866729 -0.0667313916925989 0.17926122857327 -0.19873541037464
-0.0467230616516409 -0.0118271466207816 -0.110806223313131 -0.354710863100087
-0.0092617725723536 0.025968206477838 -0.352091044004824 -0.132844381040579
0.0164907305664364 0.0256625390920069 -0.303814675116569 0.0965801198266468
0.0289801362658338 0.0125673364933278 -0.189775083450863 0.169720877850681
0.0326355840784892 -0.012926961434806 -0.0862120521941863 0.187239595979578
0.0294119178693571 -0.0159622554438928 -0.0315653592660985 0.211881469548561
0.0321738737322027 -0.00819552579022556 -0.0666975761814279 0.234393876783954
0.0359475005888722 0.0230610429593085 -0.215596468607643 0.200367759085943
0.0124553698204393 0.0389054168575894 -0.362489476614738 0.0448529574637374
0.00765407466668538 0.040910010744372 -0.386857540052631 -0.14618976831053
-0.0223865554082866 0.0788356371644639 -0.377101415195793 -0.294210152275059
-0.110799395032204 0.114747136172213 -0.43853402944975 -0.168997824869161
-0.144714327285381 0.111078813076451 -0.290028335273674 0.0183457638659987
-0.014353369329182 0.0723177201842933 0.125972162141854 0.149842697475372
0.0100276965164347 0.0263260525857089 0.221668253946481 -0.206551462023689
0.0127908260945461 0.0334238573749953 -0.0843027286921626 -0.379043404815252
0.0668453391653803 0.017992678479753 -0.344377541272425 -0.155952772979816
0.071277272253186 -0.0221089915769229 -0.300819828192917 0.0799183304025469
0.05573498138113 -0.0451341824309514 -0.179302464010685 0.152374398964933
0.0595311494167845 -0.0753556383976456 -0.0720898336639747 0.167009888252393
0.0715851797927511 -0.0818457641485315 -0.00486432631368443 0.186830913782615
0.116250214402329 -0.0697806633817173 -0.010731579033093 0.225963163388515
0.151701940123977 0.0302094214074749 -0.143541676782787 0.237592891500999
0.0842190371164433 0.142973850445646 -0.339415902492723 0.12156303664901
-0.0434971259416022 0.182528079066718 -0.401173556103191 -0.0786953116182499
-0.173001954795204 0.15355307984058 -0.360914844622783 -0.240125892051296
-0.290538407885585 0.110875050998898 -0.366633940434028 -0.145498904634162
-0.276447210404314 0.0842712359626756 -0.206482759417946 -0.0156091273528354
-0.128018112210234 0.13165466240819 0.156368610336664 0.166281202538596
-0.022804870838199 0.13554010325753 0.295852953393228 -0.194875918726609
0.0727110004426775 0.100634033685634 -0.0178910224696065 -0.402234704338692
0.146513705609327 0.0194968938451745 -0.305852965189049 -0.196468556061615
0.128485350994407 -0.0670517602173862 -0.279615038380542 0.0375976390644136
0.0809415983365061 -0.0998030028149238 -0.16072088666143 0.110858658321809
0.0779041596711836 -0.125657287564671 -0.0489847882020026 0.123178013016244
0.0958088115806802 -0.13344348101181 0.0321626348354403 0.13541058719472
0.166948232315502 -0.131280108819152 0.0662426260051194 0.188590054442078
0.239145477359828 -0.00186301837259375 -0.0265039404445248 0.256514499160045
0.175379645495779 0.180270917213142 -0.268551604205811 0.21935656579558
-0.0201648986190678 0.295891953700483 -0.395550510054903 0.0188736192576215
-0.253389113239985 0.243172598581036 -0.337521139207855 -0.177293237436669
-0.41346828767142 0.120506786823145 -0.253465572858572 -0.11994992769766
-0.369775686567929 0.0296077346867893 -0.0758811713992039 -0.0296924022163816
-0.247368249824836 0.155789419732461 0.202417193899328 0.18785489249128
-0.0882828529456039 0.23364163708992 0.377202424924763 -0.151761187118275
0.112443665426489 0.183346769180106 0.0823338412924788 -0.397062394287249
0.215604908574399 0.0370597496183894 -0.224309411717288 -0.238249936566584
0.177811119187931 -0.098495303108661 -0.232918965935168 -0.0225435507875166
0.100506810920244 -0.142088384933701 -0.131592805357663 0.0510765936471229
0.0848306804347088 -0.157354472095088 -0.0201459964680599 0.0634302082806215
0.0988808374828518 -0.161909188264342 0.068651400341197 0.0677584378441825
0.180027717266424 -0.173497488406632 0.139443101268223 0.127357041026116
0.278467190954288 -0.0488331467408917 0.10092005478121 0.237687791310959
0.242416562305182 0.160443320532516 -0.157458177974553 0.292384649021059
0.0346949026938079 0.345013243422642 -0.352371597563013 0.110185714247314
-0.270792046329844 0.303419150597702 -0.303652367227556 -0.123046902317852
-0.464218153173154 0.125287109943236 -0.117807844765826 -0.105216535647092
-0.397652569169008 -0.0385510989989328 0.083877711441009 -0.0171144438189319
-0.33647831936626 0.128918334743017 0.256164178957631 0.210573631368057
-0.170918789795822 0.280327842357135 0.435823451061196 -0.077670034013784
0.110662684936116 0.252268421685615 0.193541467389837 -0.336626945335917
0.249072415308437 0.0665955252226745 -0.101181383965937 -0.257761080481293
0.205486114619058 -0.107353233646604 -0.156695853444647 -0.0908163742678106
0.109016653909643 -0.163911921601059 -0.0931232529016056 -0.0218372726878833
0.0789244971236051 -0.165441057782434 0.0110007162126414 -0.00421490782660386
0.0856246732025165 -0.163438547070263 0.0993244705362313 -0.00376382067132709
0.164916640802354 -0.182863878570698 0.195372540774959 0.0571829707681283
0.270173914820271 -0.0791216784680435 0.203216051215002 0.191742351378027
0.256685264238423 0.123840971901186 -0.0449864553635378 0.318842174251312
0.0643499328300125 0.335342580934876 -0.28302856344802 0.169365116456063
-0.257928548973986 0.301461224402013 -0.255351930597167 -0.0832629003285534
-0.445967214750529 0.102996573165187 0.0184034479569145 -0.0978028275707512
-0.34733666325466 -0.0921342294073702 0.240869236106922 0.0203757239033956
-0.352086867919041 0.0647909506669986 0.308377585096295 0.231835806542707
-0.22320507099734 0.252083439834518 0.450472427262798 0.00892643541466606
0.074715747434457 0.267070264298614 0.276138994934789 -0.231224171871087
0.231542056615505 0.0859866991474931 0.0318291561262552 -0.241482419216744
0.195532641776031 -0.0943255456201338 -0.0647891781475659 -0.150396291955837
0.0986611421443701 -0.157186540410436 -0.0508055997847203 -0.0959984789126756
0.0629485074885413 -0.148617910155492 0.0394610970520407 -0.0707198554062389
0.0621380254586754 -0.141313391737363 0.12277450459333 -0.0674415000176629
0.133159457212773 -0.162266770150699 0.23217724622535 -0.0043411104833355
0.230709390949599 -0.0798912067704146 0.267654899965064 0.145049763903558
0.228645104039501 0.097762770929425 0.0403293168581814 0.314424403891248
0.051092859875652 0.292640695534106 -0.21475910677567 0.193612020447595
-0.240061945892868 0.244224148594351 -0.200993809559118 -0.0566364417272247
-0.374423773997386 0.0475280508734266 0.134217781527693 -0.0871143429765724
-0.229663168804178 -0.114038143364805 0.36040191407928 0.0686314264331328
-0.279597748174818 0.00114597398226603 0.347204216415154 0.250612330929085
-0.203537030405287 0.172491599819779 0.432503654166355 0.082066187161243
0.0365201633522607 0.209309774052612 0.319677617847829 -0.121324464990501
0.168060441204043 0.0713033528677282 0.141216648108847 -0.20714302468011
0.14428887121647 -0.0690379107381765 0.0180833660595886 -0.195415431165166
0.068721947471237 -0.122931639735159 -0.0137604785687165 -0.159442078334833
0.0384996396965042 -0.109417702143486 0.0612117582837642 -0.125203122069674
0.0334261225824735 -0.103142814887611 0.141451501027927 -0.116172042821458
0.0899616118905881 -0.123463591107087 0.255403567286206 -0.0457025111689665
0.174140221507516 -0.0651064333317276 0.303031455909646 0.11430646963511
0.180076176500505 0.0789371466005806 0.0929580357221021 0.30524662715553
0.0167473979906647 0.23598010538828 -0.162529827016584 0.201916935267401
-0.213623009689573 0.157439181378293 -0.152962570941238 -0.0343921277651183
-0.266510733603813 -0.0235190671642225 0.216923521310997 -0.0643590541081861
-0.0677971207082819 -0.103544069345483 0.420332253003102 0.101142967837005
-0.141528828705153 -0.0381673731567269 0.363552711509617 0.25037200851487
-0.11406521668316 0.0737167260773083 0.407849874782021 0.123661463873475
0.0147102211644775 0.0981054287484982 0.339253695866352 -0.0556290182873421
0.0774479302664816 0.0260680178824736 0.202381646878545 -0.187370099747041
0.0612875829239576 -0.0383744521944755 0.0655315713615813 -0.226483665978241
0.0235641290579228 -0.0663496315880283 0.00706387133330949 -0.20067817417239
0.00891725178585221 -0.054484626214436 0.0727781569787619 -0.159442304051815
0.00232324024166977 -0.0562339380952942 0.152864192955988 -0.144506334476859
0.0398107569660298 -0.0774276547310856 0.27080306645391 -0.0674055083297978
0.106763557049671 -0.0479468737384979 0.319760010799871 0.103514296248866
0.124246581142426 0.0564277877227288 0.116770989445081 0.305040684365845
-0.0139611999842884 0.16850493426324 -0.134748942423578 0.206821891475022
-0.16620971731058 0.0628799555645861 -0.124595710824517 -0.0174345962923743
-0.132569290650835 -0.0886018148191008 0.259026060914885 -0.0297125820351689
-0.00120535679081259 0.100653749667521 -0.304534912341141 0.0639698080827262
0.0706396313618751 -0.00297121729688484 0.120521597557844 0.141000922194175
0.015711054893041 -0.0649833987281441 0.17483199168394 -0.194348447807462
-0.045152182501191 -0.0101460829224529 -0.112071543265024 -0.343550773303272
-0.00855116420733734 0.0246156376395931 -0.345959312455776 -0.123158096056938
0.0173601857809008 0.0240052509537402 -0.293485850276201 0.0997723481847491
0.0298878748806502 0.011133993803482 -0.181829886116552 0.16995738352108
0.0316470923967038 -0.0143288794331412 -0.0814603476989628 0.186001925158776
0.0285007697680441 -0.0170036112711826 -0.0278584055626268 0.208632549913595
0.0316076594240188 -0.00902145133042292 -0.0613252624240495 0.229381107548561
0.0360493793579676 0.0212548237951869 -0.208449789431861 0.198511985149938
0.0129312830909237 0.0384970512168305 -0.353610937531492 0.0481911758433986
0.00626093324482199 0.0404855661039606 -0.377803187241184 -0.139702094921584
-0.0231062916756289 0.0775252323973183 -0.370768003245053 -0.284758093501583
-0.106395278698748 0.112504686260622 -0.428041760282837 -0.161857654994163
-0.139407292483283 0.107290451668322 -0.278889488099254 0.024298469150756
-0.0150008643993958 0.0693750904401782 0.12671680072478 0.147375769431771
0.00874016793453783 0.0259279933340196 0.215243363359534 -0.201478787782561
0.0127865911276655 0.0326817299575133 -0.0863512685589501 -0.367918525015251
0.0650721253624539 0.0148313077443203 -0.337612584388407 -0.146243268077317
0.069557390210474 -0.0235021780691841 -0.290541425477792 0.0826097693216456
0.0546093260010189 -0.0458194851482099 -0.172489938659542 0.152131990614402
0.0575796981052065 -0.0761261944362869 -0.0675898675648342 0.165775539593516
0.0687756650171489 -0.0827687342521536 -0.00203738446902172 0.18346173547294
0.112100446781487 -0.0717469810896051 -0.00774877646031436 0.220390949549037
0.149405009617006 0.0257859992430832 -0.138469596874979 0.232403367169688
0.0842677451261635 0.139122450125995 -0.32961007861718 0.122717843309995
-0.0421878482099538 0.180758246214787 -0.39141745815489 -0.072853123066087
-0.169918528246702 0.151551026562681 -0.354438693866111 -0.23163923729402
-0.281473980115933 0.110733105211229 -0.357634786126762 -0.13752883167788
-0.26820548053082 0.0827015970279965 -0.19945305100972 -0.00891004292774437
-0.124486923785946 0.128351327897992 0.155225221035296 0.164142171624188
-0.0220874571800966 0.132653487488943 0.287299913876205 -0.191050452353491
0.0720192184526915 0.0970692252557946 -0.0212182922093099 -0.391204068406252
0.142764810886164 0.014811758370373 -0.299266730066846 -0.187583026419926
0.123580717821662 -0.0681113534230801 -0.271081244248924 0.041830327225923
0.0784572980044095 -0.0991699331730167 -0.155174528278896 0.111284247117317
0.0746410517706773 -0.125647335648229 -0.0460896384157462 0.122384319716985
0.0914177591918969 -0.133622340321796 0.0317280152825987 0.132491922198805
0.159635611990428 -0.132404545016058 0.0665004666783891 0.182563226379222
0.233731499993854 -0.00790569146838154 -0.024279286855922 0.248689258089569
0.173654321762987 0.17364352993622 -0.259473371563539 0.217663568149551
-0.0179291542240878 0.291474874204738 -0.38493235285332 0.0228269126893747
-0.247267447471296 0.240482948172456 -0.32997713960731 -0.170240619763966
-0.401541828219523 0.121539281048984 -0.245863057535564 -0.114474546248281
-0.359190250379651 0.0299955751021076 -0.0730655691006216 -0.0234417195383742
-0.239818101082889 0.152884841483981 0.200057906581602 0.185450639879187
-0.0849574350584286 0.230355536889371 0.365810508052983 -0.14976920288121
0.112378213727622 0.176872134524431 0.0770477019363073 -0.385945156984171
0.210325294549182 0.0310395768526311 -0.219538302034 -0.228470746703841
0.171127919093434 -0.0998641366619121 -0.226231950312868 -0.017820453388056
0.0968624247320853 -0.140180360203741 -0.127894900713865 0.0512168482511752
0.0810838375041045 -0.155994062550861 -0.0186960739077592 0.0628104330021685
0.0950066920377473 -0.16090035555637 0.0663606366746203 0.0657701116164352
0.171521562162704 -0.17405326217431 0.137529477184356 0.121070579897967
0.270694241811076 -0.055210002989769 0.0992683529538198 0.228402099499882
0.237718723972695 0.152910424781364 -0.149119307173312 0.286921309929724
0.0376207487693256 0.338390580853048 -0.340723124173353 0.112736703657251
-0.261771489290484 0.299288515637882 -0.294880780500045 -0.11820334388547
-0.450702496924214 0.127677357737679 -0.114016550686544 -0.102047902016512
-0.38803255544896 -0.0357202383713869 0.0818673797438242 -0.0135789629561993
-0.326306710225153 0.127671477468846 0.251518358406762 0.206558165788197
-0.163739753135876 0.275984764112104 0.422864849395303 -0.0782161793714671
0.111168557357788 0.244737511263915 0.186898322595513 -0.329544750981293
0.243894338993557 0.0596671762060131 -0.0992671941502656 -0.24951153067446
0.197347934569356 -0.107872593278647 -0.153112652497963 -0.0856455830053867
0.10400092779961 -0.161168707642006 -0.0920574282680995 -0.020829006105826
0.0761175181561086 -0.163474796756109 0.00995812279130592 -0.00557333376390896
0.0817875537114932 -0.161195084251755 0.0951701158205306 -0.00482658903170907
0.156724025274275 -0.183150774555 0.190661375617141 0.0516258781938927
0.261729484419451 -0.0847185540094045 0.197869326978595 0.181280446452286
0.251717358350563 0.117126884495392 -0.0391069832438645 0.311343226664457
0.0668703258964071 0.327789824145905 -0.273022453621149 0.169505967140483
-0.249137017925872 0.298656850004119 -0.246774097661766 -0.0791325671216096
-0.431649967105837 0.10609727508539 0.0181909505034215 -0.0969170378723299
-0.339147393221021 -0.0886611856385238 0.233978648529675 0.0215642020221009
-0.341157760310784 0.0653752659001073 0.302101305621067 0.225587446004458
-0.215317125331739 0.249829476372638 0.437236811196788 0.00523034305116316
0.0761485464501586 0.259811164181236 0.268353747827782 -0.226320511594928
0.226072304449582 0.0783223143185938 0.0310250954143791 -0.235332498121861
0.187033487875562 -0.0948194285630946 -0.0639957780305155 -0.145681088660811
0.0934250383263243 -0.154141214516633 -0.051380496418218 -0.0935081419737622
0.0612375264229982 -0.146455338063294 0.0368555727855855 -0.0712514886360945
0.0597785085791203 -0.138349874337459 0.117118641402091 -0.0673411843296836
0.125942585006623 -0.161503183066455 0.224489934792048 -0.0087234344386189
0.222724496364341 -0.0835734077752831 0.261136177396749 0.134418562049969
0.223425987707853 0.0908202225288854 0.0431338714873606 0.305916480109191
0.0537335996219075 0.285396927202558 -0.206472397333791 0.192711346268199
-0.230649400631749 0.241382836598317 -0.194205991981363 -0.053390314544829
-0.362249528850299 0.0518438981186442 0.130213857161455 -0.0877993838294265
-0.224300317715088 -0.110483369634564 0.35166672395121 0.0659238298349891
-0.271651680529756 0.00275751653719386 0.339008780445732 0.241149490359768
-0.195877683341964 0.170989233818548 0.419605731449989 0.0767405992700653
0.0384454939490752 0.202945284052049 0.312390330035089 -0.119535118324935
0.164318709348756 0.0653109359345551 0.137920915396991 -0.202539542125625
0.137072710469808 -0.068736799145392 0.0156107861425336 -0.190981294826724
0.0645178299717058 -0.119829127192686 -0.0168000037782545 -0.156058587979724
0.0379779911091315 -0.108085645938202 0.0572823842333054 -0.125154657689975
0.0332328723705161 -0.100178388494895 0.135206347496739 -0.115406188697729
0.0852725525410607 -0.122063637446276 0.247132142506142 -0.0503611260373938
0.167652094933806 -0.0673298124595802 0.29508119122183 0.104167492800595
0.174952172789789 0.0736990385107763 0.0948831776037052 0.295941393816676
0.0196678791531229 0.230413530539738 -0.155124267061789 0.200100939171958
-0.206078285670267 0.156335214421487 -0.146730613462093 -0.0332473890089925
-0.258205493999733 -0.0187086385177248 0.209657447655079 -0.0665497419201158
-0.0670699997751031 -0.100799157603592 0.410092291377434 0.0970373647105954
-0.136644876085092 -0.0362793433188171 0.355253562391586 0.240586068354929
-0.10958644239256 0.072938592446562 0.396149657726616 0.116690529769424
0.0152363902024532 0.0950703644659094 0.331747221390927 -0.0557470692270973
0.0746798449545497 0.0228240299038234 0.196742824380641 -0.184704050967511
0.0574806256012793 -0.0374355726874155 0.0608876230144692 -0.221898452815412
0.0214558841139796 -0.0640540944709748 0.00316194316425577 -0.196849132235982
0.00977430049447174 -0.0534977802825515 0.0670563160265246 -0.159080118861908
0.00345690142857351 -0.0535323392882813 0.145999769888998 -0.143342717353443
0.0367089384598149 -0.0757345385691205 0.261651977794095 -0.0709772641247353
0.10209768529961 -0.0485982047279672 0.311513026781053 0.0949042556169698
0.120997928516907 0.0529151824149561 0.117952613768442 0.295187842144768
-0.0105882169779514 0.163545603132094 -0.129240829645434 0.203916310384335
-0.160310456877575 0.0629203028334231 -0.120303667297295 -0.0172122802357252
-0.129022539214721 -0.083382616903116 0.249530303715067 -0.0339952727395426
-0.00137780571434245 0.0992503681972064 -0.305310458090942 0.0667500424412707
0.0692299100192154 -0.00371174485272733 0.124587796348185 0.14367863727731
0.0145079936559173 -0.0651311139668312 0.179253780096892 -0.194794264863306
-0.04508002777356 -0.00901296117886016 -0.114771543142554 -0.346292576439463
-0.00837606285787514 0.0238848822513719 -0.34989850329432 -0.121162543891865
0.0186438920770225 0.0228772947941903 -0.295271516799742 0.10308356317739
0.0311568267819443 0.00956674850969817 -0.182692923484123 0.174918903462164
0.0317152324383905 -0.0161437796838198 -0.0809036305206017 0.19051765123886
0.0277807634508886 -0.0186310258525527 -0.0263012953835947 0.212359079157282
0.0317007238655682 -0.0103374770747081 -0.061676552927259 0.232507727511408
0.0376763838847291 0.0208918678399235 -0.212377755090097 0.201398962482351
0.0136289069316151 0.0396145902745882 -0.357725107654004 0.0493975501841155
0.00487353464914944 0.0419399676557424 -0.381639009787414 -0.143332379161175
-0.0255005250828284 0.0786818791887391 -0.375490727941897 -0.289085395137553
-0.107525381285774 0.112836426778713 -0.430441964824624 -0.163483410075237
-0.140928513964772 0.106256431130874 -0.2787597950428 0.0275243809408671
-0.0167229756858325 0.0691157566599992 0.130367274861225 0.1510854640188
0.00789855906543614 0.0271260564313646 0.219614656372271 -0.202284737953868
0.0132102088502878 0.0336324793175411 -0.0871755526243201 -0.371055397965145
0.0661518804731683 0.0132948111802004 -0.341894408312996 -0.145190446024233
0.0706670570353196 -0.0253055129669681 -0.292555600797408 0.0856040070953784
0.0559736630622172 -0.0477024310329955 -0.174047183710173 0.155619343316445
0.0576059573662575 -0.0792639037979623 -0.0674753986677491 0.170361471739645
0.068755747525766 -0.0854984144767763 -0.00161132228816172 0.187093603710755
0.11259188012344 -0.0750665635195223 -0.00745914926077873 0.222849563829051
0.152043136922158 0.0239003892784444 -0.141068749190299 0.235792937769634
0.0864017150115692 0.140809574737999 -0.333864092347402 0.125193996982591
-0.0435998513421697 0.184914537591691 -0.394787452780343 -0.0743018990149202
-0.17408356189676 0.153750806957917 -0.357470580499617 -0.235627017891888
-0.28394815733217 0.111929593686342 -0.359420056927999 -0.139732950597423
-0.270246862967993 0.0818931463707268 -0.199257428863463 -0.00561582126286587
-0.126721444903783 0.128553563830429 0.158348614337535 0.169059207054085
-0.0237427490291677 0.134828084931102 0.291219874519594 -0.190959860215742
0.0728682441762772 0.0982352998077895 -0.0211360938678506 -0.394509152360018
0.144571658059533 0.0129178144332504 -0.302747966568946 -0.187730209106207
0.124242639939869 -0.0709424988254371 -0.272469133203443 0.0438930579687835
0.0800162441112051 -0.100860412236956 -0.156495661675456 0.112920059612692
0.0755958868287102 -0.129221539153483 -0.0461604027834065 0.125436988609074
0.0916015223989965 -0.136981211984202 0.0322240286350798 0.135048064573236
0.160665120011831 -0.137164885300914 0.0672685174776369 0.18387904465081
0.236963999510362 -0.0110888155739878 -0.0263855232628255 0.249970830384846
0.177069806999163 0.175284851986094 -0.261718584471254 0.221677568631413
-0.0181276330286652 0.297286564700711 -0.387758716174006 0.0236855795536783
-0.252043845027203 0.244904862263347 -0.332618615284172 -0.173665300447311
-0.405621553231919 0.124941649399122 -0.247300900710924 -0.116540545601067
-0.363327645858693 0.0288013140804411 -0.0726843096519239 -0.0201075063498977
-0.243474347946071 0.152785049633771 0.201366395000021 0.191922893277352
-0.0869670716264132 0.234397069496472 0.36996472531269 -0.149159016537774
0.113688476575573 0.1791838439281 0.0795451045395169 -0.390639484498743
0.213146288038754 0.0283247702551921 -0.2204983699977 -0.230033672930876
0.171799066895458 -0.102596664029968 -0.227864221385702 -0.0167444652994971
0.0977977045570136 -0.142709554627463 -0.129667665546229 0.0520733894377377
0.0828951188483896 -0.160172803735674 -0.0193831252456595 0.0640691479914898
0.0952165571187547 -0.164160127672761 0.0655832332587805 0.0666987293811845
0.171385804290838 -0.179354852841096 0.13871775956353 0.121233119621636
0.273367381761538 -0.0604909818770616 0.0987789740750027 0.228302032695328
0.241147044743961 0.153798220663913 -0.150778888125093 0.290805841654066
0.0375738661315474 0.344884421752058 -0.342923690702147 0.115278268549247
-0.265836494312834 0.304887537502442 -0.296875250264723 -0.119742017506791
-0.453665846107356 0.131073497341504 -0.113651443995347 -0.103686276030493
-0.392299074256746 -0.037121421206387 0.0830666733381629 -0.00958265152460175
-0.330987382333174 0.127844494051359 0.253179504369528 0.211559337773238
-0.166170053165787 0.281814614478954 0.425458101394958 -0.0774314343761294
0.113201471633649 0.247669316158559 0.189302755850165 -0.331664310691615
0.247148604490752 0.0570169703347409 -0.0990011103363619 -0.251714599520609
0.197923947860751 -0.110893713419482 -0.154493712749561 -0.0857065185254809
0.104781261368751 -0.163698069188133 -0.0935738198915029 -0.0217446670063236
0.0778208875445768 -0.1672234464608 0.00953391541581424 -0.0061601423704541
0.0828892969256072 -0.164548899024232 0.094695572161539 -0.00480423654571191
0.155624051421297 -0.187930952586384 0.192146892130825 0.05019745879133
0.263323885509548 -0.0893436175289897 0.198274085277612 0.180481418982443
0.253826175993285 0.116606023546275 -0.0387867375704105 0.314412266154076
0.0685395409294689 0.33264120749886 -0.274380860137407 0.172896221019271
-0.251638909317253 0.303770676157596 -0.24838635949217 -0.0821979463333658
-0.435000315718411 0.108871157761358 0.0192074665596474 -0.0995291911641966
-0.343267329263569 -0.0912545128694486 0.23644116161895 0.0257809951666696
-0.345352105537061 0.0651784473206771 0.303473757856182 0.230191700947774
-0.217173990151095 0.254192234838381 0.438446768580534 0.0071835445908463
0.0775619013915911 0.262494302940224 0.273265730880375 -0.227140346627319
0.229580086604797 0.076811455090805 0.0337027681705033 -0.237258299051057
0.187185166781766 -0.0962158212385308 -0.065014644737252 -0.146981163596491
0.0942790625359164 -0.156500840160602 -0.0539578930874745 -0.0954880432004088
0.0628988337703857 -0.149456166341077 0.0359578110351826 -0.0735856973298497
0.0615211873399013 -0.140453717703095 0.117223103995791 -0.068554869768505
0.124556280991537 -0.165194455687853 0.226115184268845 -0.0109951534571696
0.222996250093564 -0.0886747951471258 0.26176268052843 0.132137588005633
0.224455031580425 0.0901550892530821 0.0452119411322186 0.309132004920487
0.0555265499773919 0.289496229246319 -0.207139405110191 0.196175222311108
-0.231345706223806 0.246390223088909 -0.194414721521647 -0.0568609444223361
-0.364792732700807 0.0537398861710232 0.132049857840394 -0.0910386548656024
-0.226530767085958 -0.112550680026321 0.354800092721279 0.069569760461878
-0.274511202362864 0.00230167378645174 0.340488539347797 0.24550958362608
-0.197385242462106 0.174398747089062 0.421341542446607 0.0780585150505246
0.0398296123774119 0.2048826716916 0.317877145163693 -0.119099572231266
0.165520237580349 0.0636659207775302 0.142259373963905 -0.20392702825647
0.137090788481819 -0.0696304302784077 0.0159127498754418 -0.192592619112721
0.0645127676167179 -0.121072511868633 -0.018535649457225 -0.158365454911626
0.0393529798655659 -0.110135978302929 0.0561771150330303 -0.129294012383895
0.034791372580389 -0.100990282789473 0.134971006521324 -0.117428486405846
0.0838268836525591 -0.12371809400002 0.248308375186763 -0.0531752886865419
0.167484511757903 -0.0704822436763938 0.296743107654728 0.102189095927196
0.175999012943865 0.0730711592466747 0.0965510476882819 0.29887516210435
0.0211283657752548 0.233092191665484 -0.156322147454091 0.202567115876564
-0.206934345408587 0.159469468645791 -0.148147373057314 -0.0362257800321399
-0.260056107090538 -0.0178944971409986 0.211402062687037 -0.0695699665073438
-0.0674642738280277 -0.102989934573357 0.414723435021867 0.100567525653632
-0.137120823563559 -0.0371485184404727 0.358118212628511 0.243262590165868
-0.109597304743463 0.0744949366206321 0.39872537449203 0.118035092937131
0.0159816190652235 0.0957002000465311 0.33778475628208 -0.0561563070590436
0.0741320661032762 0.0219821538810096 0.200738696151583 -0.1864979984183
0.0564421606498731 -0.0368701433593313 0.0608915088117582 -0.224281835689186
0.0207823400248695 -0.0643701922077793 0.00118895447374769 -0.199285476756601
0.0104273962630984 -0.0550459494890856 0.0660991952173991 -0.163800397006539
0.00490088298672938 -0.0528922371917153 0.146073298210714 -0.145632396353385
0.0357931067379732 -0.0757898745744402 0.26275671293034 -0.0732888447714258
0.101381301458368 -0.0496528015325978 0.313977040835668 0.0925651951580019
0.121107609906268 0.0519724333200359 0.120286555163907 0.297616517949638
-0.00959813847321683 0.165327601799629 -0.130276599501749 0.206906213632583
-0.161327851566383 0.0645892880813573 -0.121338582610965 -0.019490674177315
-0.129384044189115 -0.0836176021777774 0.250243860631021 -0.0360694844748116
