TRXV5
3
4
4
9
string Extension=J
integer IsArchMeasurement=1
integer IsSpherical=1
string Generator=SPM
string GeneratorVersion=1.3.1 Dev
double ArchRadius=0.449999988079071
integer FrequencyAxisIndex=0
integer AzimuthAxisIndex=1
integer ElevationAxisIndex=2
Frequency
5 136 690000000 960000000 LIN
Azimuth
7 8 0 2.74889357189107 LIN
Elevation
7 15 -2.74889357189107 2.74889357189107 LIN
Polar H Real Part
13
Polar H Imaginary Part
14
Polar V Real Part
13
Polar V Imaginary Part
14
Polar H Magnitude (dB)
12 0xC0000002 0 1
Polar H Phase
7 0xC0000003 0 1
Polar V Magnitude (dB)
12 0xC0000002 2 3
Polar V Phase
7 0xC0000003 2 3
0.0469207763671875 0.02362060546875 0.041839599609375 0.125770568847656
0.0700874328613281 -0.0115280151367187 0.0478057861328125 0.0539169311523438
0.0229110717773437 -0.0583076477050781 -0.00559806823730469 -0.0261669158935547
-0.0250778198242188 -0.048736572265625 -0.0701408386230469 -0.00539398193359374
-0.0372390747070312 -0.0218887329101563 -0.0702743530273438 0.0534629821777344
-0.0433692932128906 0.000328063964843745 -0.0435867309570313 0.112045288085938
-0.030303955078125 0.0180816650390625 0.00366973876953126 0.138717651367188
-0.0278854370117188 0.00902748107910157 0.0250701904296875 0.135627746582031
-0.0295848846435547 1.52587890625043E-05 0.011993408203125 0.1268310546875
-0.0233535766601563 -0.00856590270996093 -0.026031494140625 0.107627868652344
-0.00731849670410156 -0.0135107040405273 -0.0414772033691406 0.0675277709960938
0.00302886962890625 -0.0117197036743164 -0.0327548980712891 0.0293941497802734
0.0135955810546875 0.00264072418212891 -0.00171661376953125 0.04449462890625
0.0110950469970703 0.0290184020996094 -0.00201416015625 0.145919799804688
-0.0114326477050781 0.0402374267578125 -0.116668701171875 0.19537353515625
0.0644340515136719 -0.0569305419921875 0.0466079711914063 0.123703002929688
0.0608901977539063 -0.082366943359375 0.0499038696289063 0.0560417175292969
-0.00827026367187499 -0.102684020996094 0.00433826446533203 -0.0123634338378906
-0.0727081298828125 -0.0659027099609375 -0.0506134033203125 0.00312805175781249
-0.08160400390625 -0.00852203369140626 -0.0494041442871094 0.0479850769042969
-0.0747222900390625 0.0452194213867188 -0.0287704467773438 0.100433349609375
-0.0396614074707031 0.0693283081054688 0.0136489868164062 0.11962890625
-0.0354194641113281 0.0550346374511719 0.0338897705078125 0.117034912109375
-0.0408287048339844 0.0532913208007813 0.0232696533203125 0.112068176269531
-0.0511665344238281 0.0410728454589844 -0.0124664306640625 0.100799560546875
-0.0529594421386719 0.0133476257324219 -0.02471923828125 0.0664939880371094
-0.0535736083984375 -0.0114669799804688 -0.0202751159667969 0.0390701293945313
-0.0319557189941406 -0.0422592163085938 0.00200653076171875 0.0661735534667969
-0.0024566650390625 -0.0477943420410156 -0.00782775878906251 0.155975341796875
0.000167846679687501 -0.0458641052246094 -0.119430541992188 0.198928833007813
0.0710601806640625 -0.131378173828125 0.0559921264648438 0.0999908447265625
0.0420074462890625 -0.144256591796875 0.0488967895507813 0.0455093383789062
-0.0421676635742188 -0.133766174316406 0.0103969573974609 0.00229835510253905
-0.11236572265625 -0.0725936889648437 -0.0271396636962891 0.0135021209716797
-0.114852905273437 0.00646209716796873 -0.0206756591796875 0.0385246276855469
-0.0957183837890625 0.0835952758789063 -0.00756835937500001 0.0754547119140625
-0.0433731079101562 0.110206604003906 0.0229034423828125 0.0833206176757813
-0.0381698608398438 0.093017578125 0.0381317138671875 0.0802230834960938
-0.0469284057617188 0.0988845825195312 0.0308456420898438 0.0796890258789063
-0.072174072265625 0.085174560546875 0.0037994384765625 0.0778884887695313
-0.09197998046875 0.03912353515625 -0.00366592407226563 0.0532608032226562
-0.105224609375 -0.00867462158203124 -0.00223159790039063 0.0434837341308594
-0.0752334594726563 -0.0815277099609375 0.00756072998046875 0.0821456909179687
-0.0169296264648437 -0.117973327636719 -0.015045166015625 0.148178100585938
0.0102157592773438 -0.125625610351563 -0.11419677734375 0.175735473632813
0.063629150390625 -0.1898193359375 0.0643424987792969 0.0565643310546875
0.011016845703125 -0.189285278320313 0.0422592163085937 0.0237312316894531
-0.0772247314453125 -0.146133422851562 0.0120506286621094 0.0137128829956055
-0.140716552734375 -0.065887451171875 1.90734863280184E-06 0.0223636627197266
-0.132522583007812 0.0245437622070312 0.0105876922607422 0.023681640625
-0.101348876953125 0.111808776855469 0.0140151977539062 0.0402793884277344
-0.039764404296875 0.134834289550781 0.0288257598876953 0.0343971252441406
-0.0356674194335938 0.116607666015625 0.0362319946289063 0.0309486389160156
-0.0464630126953125 0.129623413085937 0.03363037109375 0.0337104797363281
-0.0819015502929687 0.116859436035156 0.0198478698730469 0.0405616760253906
-0.117584228515625 0.0600433349609375 0.0205650329589844 0.0302810668945313
-0.141632080078125 -0.00305175781250003 0.0195541381835937 0.04058837890625
-0.108543395996094 -0.107948303222656 0.0151214599609375 0.0882034301757813
-0.0300445556640625 -0.1695556640625 -0.0220489501953125 0.123146057128906
0.016143798828125 -0.185470581054688 -0.100738525390625 0.128982543945312
0.0470123291015625 -0.22119140625 0.0685348510742188 -0.00226211547851564
-0.0217437744140625 -0.208572387695312 0.0285072326660156 -0.00749969482421876
-0.104988098144531 -0.137870788574219 0.0092945098876953 0.0204505920410156
-0.151519775390625 -0.046661376953125 0.0242977142333984 0.0258617401123047
-0.130126953125 0.041656494140625 0.0388336181640625 0.00334548950195313
-0.091552734375 0.124465942382812 0.0319919586181641 -0.00237083435058593
-0.0301437377929687 0.140037536621094 0.0293483734130859 -0.0190505981445312
-0.0279159545898437 0.122245788574219 0.0290279388427734 -0.0233097076416016
-0.039306640625 0.139106750488281 0.0311183929443359 -0.0186176300048828
-0.0785446166992188 0.127815246582031 0.0337467193603516 -0.00474929809570312
-0.121734619140625 0.070343017578125 0.0429306030273437 -7.62939453124957E-05
-0.153121948242187 0.00308227539062501 0.0415992736816406 0.0299568176269531
-0.12255859375 -0.115455627441406 0.0223236083984375 0.0832901000976562
-0.0372772216796875 -0.191009521484375 -0.029083251953125 0.0832748413085937
0.016998291015625 -0.215621948242188 -0.0822067260742188 0.0663833618164062
0.0262603759765625 -0.21820068359375 0.069091796875 -0.0671119689941407
-0.04473876953125 -0.1964111328125 0.01226806640625 -0.0430831909179688
-0.113273620605469 -0.113121032714844 0.00408363342285156 0.0186233520507812
-0.13916015625 -0.0234375 0.04296875 0.0207748413085938
-0.108917236328125 0.0514450073242188 0.0574798583984375 -0.0198326110839844
-0.068756103515625 0.118759155273438 0.0411567687988281 -0.0447349548339844
-0.0157089233398438 0.12445068359375 0.0234451293945312 -0.0694618225097656
-0.0163726806640625 0.109474182128906 0.0169143676757812 -0.0743408203125
-0.0264968872070313 0.125 0.0255851745605469 -0.0688591003417969
-0.06072998046875 0.115936279296875 0.0453147888183594 -0.0493698120117187
-0.103012084960938 0.0667266845703125 0.0608978271484375 -0.0290412902832031
-0.134429931640625 0.00878906250000001 0.0582427978515625 0.0170936584472656
-0.113716125488281 -0.0996780395507812 0.0254554748535156 0.0692977905273438
-0.039764404296875 -0.1778564453125 -0.0341110229492188 0.0358352661132812
0.0113067626953125 -0.210235595703125 -0.0589790344238281 -0.00143432617187501
0.00823974609375001 -0.180450439453125 0.0701141357421875 -0.127105712890625
-0.049072265625 -0.154754638671875 -0.000343322753906247 -0.0787124633789063
-0.0965499877929688 -0.0774917602539062 -0.00234603881835938 0.00804090499877929
-0.104484558105469 -0.00393676757812498 0.0530967712402344 0.0090484619140625
-0.0746917724609375 0.0495452880859375 0.0649490356445313 -0.0424232482910156
-0.0391769409179687 0.0943984985351563 0.0404891967773438 -0.081024169921875
-0.00104522705078125 0.0907058715820312 0.0124740600585938 -0.109443664550781
-0.0029144287109375 0.0794601440429688 0.0024871826171875 -0.113479614257813
-0.00944519042968751 0.0902786254882813 0.0178909301757812 -0.107772827148438
-0.0306625366210938 0.0855484008789062 0.0525665283203125 -0.08392333984375
-0.0643272399902344 0.054229736328125 0.0711517333984375 -0.0497970581054688
-0.0919265747070313 0.0162353515625 0.0665740966796875 0.00696945190429688
-0.0885772705078125 -0.0631484985351563 0.0246009826660156 0.0506706237792969
-0.040557861328125 -0.133201599121094 -0.0362510681152344 -0.00873565673828127
-0.00146484375000001 -0.1727294921875 -0.0368080139160156 -0.061309814453125
-0.00869750976562499 -0.114372253417969 0.0723114013671875 -0.172576904296875
-0.0388107299804688 -0.0904312133789063 -0.00589752197265624 -0.107688903808594
-0.061431884765625 -0.0363082885742188 -0.00849294662475586 -0.00845956802368164
-0.0557861328125 0.00893783569335939 0.0531539916992188 -0.00737380981445313
-0.0320892333984375 0.0354537963867187 0.0607109069824219 -0.0597114562988281
-0.00804901123046875 0.0539512634277344 0.0326004028320313 -0.105926513671875
0.0126533508300781 0.0436058044433594 -0.00159454345703125 -0.132652282714844
0.0116195678710938 0.0371971130371094 -0.0120468139648438 -0.135368347167969
0.0100860595703125 0.041839599609375 0.00795745849609376 -0.12921142578125
0.00600814819335938 0.0439567565917969 0.053375244140625 -0.102455139160156
-0.0138435363769531 0.0381813049316406 0.0726318359375 -0.0586090087890625
-0.037078857421875 0.0285453796386719 0.0662498474121094 0.000762939453125002
-0.0583152770996094 -0.0126190185546875 0.0186500549316406 0.0326671600341797
-0.0443687438964844 -0.0692863464355469 -0.0374526977539063 -0.042144775390625
-0.0208663940429688 -0.112762451171875 -0.0200958251953125 -0.105735778808594
0.0559730529785156 0.0220298767089844 0.060699462890625 0.122932434082031
0.0771942138671875 -0.0214080810546875 0.0585823059082031 0.0491104125976563
0.0194206237792969 -0.0675239562988281 -0.00716590881347656 -0.0271129608154297
-0.0334129333496094 -0.0513191223144531 -0.071990966796875 0.00113677978515624
-0.0454368591308594 -0.0198707580566406 -0.0662803649902344 0.0610847473144531
-0.0502853393554688 0.00648117065429688 -0.0322799682617187 0.118675231933594
-0.0337543487548828 0.0238475799560547 0.0192489624023438 0.140274047851563
-0.0320453643798828 0.0141277313232422 0.0418319702148437 0.1353759765625
-0.0360221862792969 0.00444412231445312 0.0275039672851562 0.128265380859375
-0.0287990570068359 -0.00779342651367187 -0.0145187377929688 0.113479614257812
-0.00998020172119141 -0.0175666809082031 -0.034423828125 0.07501220703125
0.00417423248291016 -0.0165615081787109 -0.0315437316894531 0.0355758666992188
0.0200347900390625 0.00103378295898437 -0.00061416625976562 0.0458602905273438
0.0201034545898438 0.0333118438720703 0.010772705078125 0.146499633789063
-0.00372314453125 0.04931640625 -0.10211181640625 0.206741333007813
0.0645980834960938 -0.0613975524902344 0.0671920776367187 0.121757507324219
0.0608291625976563 -0.0915908813476563 0.0616989135742187 0.0511932373046875
-0.016204833984375 -0.10845947265625 0.00538349151611328 -0.0139265060424805
-0.0825042724609375 -0.0636749267578125 -0.0502853393554688 0.00811767578124999
-0.0882186889648438 -0.00246429443359377 -0.043792724609375 0.0533561706542969
-0.0756454467773438 0.0555038452148438 -0.01641845703125 0.104232788085938
-0.0364532470703125 0.0766525268554688 0.0294952392578125 0.118446350097656
-0.0333709716796875 0.0617294311523438 0.0506362915039062 0.114158630371094
-0.0407981872558594 0.0597343444824219 0.03955078125 0.1112060546875
-0.0512466430664062 0.0458297729492187 0.00125122070312499 0.105026245117188
-0.0531730651855469 0.0155601501464844 -0.0162277221679688 0.0723648071289063
-0.0535354614257813 -0.009063720703125 -0.0173187255859375 0.0452461242675781
-0.0313034057617187 -0.0392646789550781 0.006256103515625 0.0693359375
-0.00248336791992188 -0.0435600280761719 0.00634765624999999 0.158599853515625
-0.00149154663085938 -0.040069580078125 -0.104034423828125 0.212905883789063
0.061553955078125 -0.137596130371094 0.0754547119140625 0.0989303588867187
0.032318115234375 -0.151382446289063 0.0607833862304688 0.0417404174804687
-0.0534133911132812 -0.135025024414063 0.0139570236206055 4.76837158202298E-06
-0.122993469238281 -0.065521240234375 -0.0235309600830078 0.0163555145263672
-0.118766784667969 0.0172195434570312 -0.014434814453125 0.0409469604492188
-0.0904541015625 0.0959014892578125 0.00350952148437499 0.0758438110351563
-0.034332275390625 0.1182861328125 0.035980224609375 0.0792236328125
-0.03125 0.0999526977539062 0.0518035888671875 0.0751800537109375
-0.0396347045898438 0.107231140136719 0.04510498046875 0.0765609741210938
-0.0660324096679688 0.0940170288085938 0.0165939331054687 0.0800399780273438
-0.0903091430664063 0.0475616455078125 0.00539779663085937 0.0580406188964844
-0.106361389160156 0.000801086425781267 0.00301742553710937 0.0488815307617188
-0.080841064453125 -0.0741729736328125 0.0150527954101563 0.0861892700195313
-0.0260391235351562 -0.1151123046875 -0.000976562500000005 0.153884887695312
-0.000732421875000008 -0.123802185058594 -0.10064697265625 0.191497802734375
0.0458984375 -0.1966552734375 0.0805130004882813 0.0557327270507812
-0.0061798095703125 -0.192825317382813 0.0518074035644531 0.0213432312011719
-0.09197998046875 -0.142257690429688 0.0180854797363281 0.0119094848632812
-0.1502685546875 -0.0535888671875 0.00467872619628905 0.0230770111083984
-0.132743835449219 0.0381393432617187 0.0171794891357422 0.0233421325683594
-0.0911483764648437 0.124427795410156 0.0239524841308594 0.036651611328125
-0.0257720947265625 0.141754150390625 0.0368499755859375 0.028564453125
-0.0243682861328125 0.123245239257813 0.0448532104492188 0.0246162414550781
-0.0333633422851563 0.137619018554688 0.0429496765136719 0.0290336608886719
-0.0709075927734375 0.128044128417969 0.0302047729492187 0.0406112670898438
-0.113258361816406 0.0730667114257813 0.0286655426025391 0.0312385559082031
-0.143325805664063 0.0116424560546875 0.0263214111328125 0.0437240600585937
-0.118270874023438 -0.0975875854492187 0.025177001953125 0.0925521850585937
-0.0457916259765625 -0.167648315429688 -0.0104217529296875 0.130210876464844
-0.0025787353515625 -0.187484741210937 -0.092193603515625 0.14398193359375
0.023284912109375 -0.22882080078125 0.0787124633789063 -0.00238037109375001
-0.0450439453125 -0.208786010742188 0.0347976684570313 -0.0079021453857422
-0.120719909667969 -0.129318237304687 0.0162982940673828 0.0194911956787109
-0.158889770507812 -0.0304412841796875 0.0310306549072266 0.024505615234375
-0.126976013183594 0.057098388671875 0.0446891784667969 -9.91821289062465E-05
-0.0765533447265625 0.136466979980469 0.0378646850585937 -0.00772094726562499
-0.0126800537109375 0.145111083984375 0.0312156677246094 -0.0258903503417969
-0.0139389038085937 0.128021240234375 0.0312328338623047 -0.0300922393798828
-0.0227813720703125 0.146072387695313 0.0347461700439453 -0.0243568420410156
-0.0639572143554688 0.139015197753906 0.0401763916015625 -0.00822830200195312
-0.115753173828125 0.0854721069335937 0.0483131408691406 -0.00222015380859374
-0.155029296875 0.020782470703125 0.0481910705566406 0.030303955078125
-0.135505676269531 -0.103126525878906 0.0330657958984375 0.0865859985351563
-0.058441162109375 -0.18994140625 -0.020751953125 0.0914840698242187
-0.00677490234374999 -0.22015380859375 -0.0792465209960938 0.079345703125
0.000778198242187495 -0.226043701171875 0.0714569091796875 -0.0676498413085938
-0.07000732421875 -0.194808959960937 0.0129508972167969 -0.0419921875
-0.128715515136719 -0.101974487304688 0.0108165740966797 0.0185203552246094
-0.144500732421875 -0.006134033203125 0.0491142272949219 0.0171432495117188
-0.103584289550781 0.0660934448242188 0.0602760314941406 -0.0258064270019531
-0.0517044067382812 0.128463745117188 0.0422706604003906 -0.0514411926269531
0.00222015380859374 0.127006530761719 0.01934814453125 -0.0758895874023437
-0.00182342529296874 0.113121032714844 0.0124969482421875 -0.080047607421875
-0.009429931640625 0.130134582519531 0.0225830078125 -0.0746002197265625
-0.0452499389648438 0.125022888183594 0.0459365844726563 -0.0549468994140625
-0.0955886840820312 0.080780029296875 0.0634651184082031 -0.0348739624023437
-0.135299682617188 0.0262527465820312 0.0640640258789062 0.0147285461425781
-0.1260986328125 -0.0867385864257812 0.036041259765625 0.0712738037109375
-0.0616455078125 -0.176620483398438 -0.0310401916503906 0.0440521240234375
-0.0145416259765625 -0.21624755859375 -0.0631561279296875 0.00844573974609374
-0.0148468017578125 -0.187835693359375 0.0645751953125 -0.129180908203125
-0.07244873046875 -0.153579711914063 -0.00447082519531251 -0.0763015747070313
-0.110725402832031 -0.0670700073242187 0.0023202896118164 0.00927066802978515
-0.108680725097656 0.011322021484375 0.0570220947265625 0.00344467163085938
-0.0683021545410156 0.0616073608398437 0.0642013549804688 -0.0496101379394531
-0.0237808227539063 0.101364135742188 0.0361557006835938 -0.0880813598632813
0.01446533203125 0.09100341796875 0.00180816650390625 -0.114776611328125
0.0103683471679688 0.080841064453125 -0.00811004638671876 -0.117782592773437
0.00507354736328125 0.0924530029296875 0.00885009765625001 -0.112991333007813
-0.0167465209960937 0.0905075073242188 0.0483322143554688 -0.091278076171875
-0.0563545227050781 0.0642662048339844 0.0707168579101562 -0.0567779541015625
-0.0898818969726563 0.031005859375 0.0713653564453125 0.00250244140625
-0.09796142578125 -0.0509262084960937 0.032623291015625 0.0516700744628906
-0.0598526000976563 -0.131004333496094 -0.0393142700195313 -0.00112915039062501
-0.025970458984375 -0.178436279296875 -0.0477027893066406 -0.0555496215820313
-0.0242767333984375 -0.121101379394531 0.0607452392578125 -0.177322387695313
-0.0553054809570312 -0.0908050537109375 -0.0140380859375 -0.105621337890625
-0.0716781616210938 -0.0297088623046875 -0.00575971603393555 -0.00775241851806641
-0.0582313537597656 0.0195388793945313 0.0553817749023437 -0.0139236450195312
-0.0265655517578125 0.0435447692871094 0.0571441650390625 -0.0675926208496094
0.00365829467773437 0.0569953918457031 0.023284912109375 -0.111717224121094
0.0232887268066406 0.0411567687988281 -0.016632080078125 -0.136001586914063
0.0203819274902344 0.03533935546875 -0.027191162109375 -0.137496948242188
0.0201377868652344 0.0399513244628906 -0.00420379638671874 -0.133094787597656
0.0167617797851563 0.0437774658203125 0.0457305908203125 -0.110023498535156
-0.00578689575195313 0.0425758361816406 0.0695114135742188 -0.0660972595214844
-0.0325851440429687 0.0380134582519531 0.0689544677734375 -0.00438308715820312
-0.0625038146972656 -0.00168609619140624 0.0234947204589844 0.0327873229980469
-0.0589637756347656 -0.0649757385253906 -0.0454444885253906 -0.0358619689941406
-0.0400848388671875 -0.116127014160156 -0.03668212890625 -0.103225708007813
0.0640525817871094 0.0178489685058594 0.076202392578125 0.111114501953125
0.0799407958984375 -0.032562255859375 0.0658760070800781 0.0397567749023438
0.0134735107421875 -0.0747528076171875 -0.00842475891113281 -0.0273036956787109
-0.0417098999023437 -0.0511474609375 -0.0703659057617188 0.0068817138671875
-0.051666259765625 -0.0156364440917969 -0.0592689514160156 0.065032958984375
-0.0536766052246094 0.0146560668945313 -0.0207443237304688 0.118484497070313
-0.0350551605224609 0.0310230255126953 0.033172607421875 0.133941650390625
-0.0343074798583984 0.0202789306640625 0.0555801391601563 0.126373291015625
-0.0403861999511719 0.0105438232421875 0.0411376953125 0.122207641601563
-0.0347099304199219 -0.00619125366210937 -0.00146484375000001 0.112258911132813
-0.0141067504882813 -0.0207443237304688 -0.0258407592773438 0.0782928466796875
0.00364494323730469 -0.0218486785888672 -0.028564453125 0.0401077270507813
0.0258293151855469 -0.00257492065429687 0.000389099121093756 0.0456619262695313
0.0308208465576172 0.0344963073730469 0.0215225219726563 0.139297485351563
0.00751113891601562 0.0550079345703125 -0.0843048095703125 0.207260131835938
0.0631752014160156 -0.0632781982421875 0.0841827392578125 0.110450744628906
0.0564651489257813 -0.0982818603515625 0.0702857971191406 0.0421371459960937
-0.024169921875 -0.11090087890625 0.00619697570800781 -0.0158824920654297
-0.0898818969726562 -0.058319091796875 -0.0477523803710938 0.0119361877441406
-0.0907135009765625 0.00585174560546874 -0.0360221862792969 0.0553016662597656
-0.072998046875 0.0636520385742187 -0.00450897216796875 0.101356506347656
-0.0313720703125 0.0818710327148438 0.0417709350585938 0.110198974609375
-0.0300979614257813 0.0662269592285156 0.0633163452148438 0.103523254394531
-0.0384063720703125 0.0644607543945313 0.0528945922851563 0.103141784667969
-0.0494575500488281 0.0487480163574219 0.01519775390625 0.102828979492188
-0.0526809692382813 0.0166664123535156 -0.00606536865234375 0.0747909545898438
-0.0517120361328125 -0.00781250000000001 -0.0117225646972656 0.0499420166015625
-0.0283660888671875 -0.0359840393066406 0.0108528137207031 0.069549560546875
0.000690460205078124 -0.0382423400878906 0.0196380615234375 0.153762817382813
-0.000255584716796873 -0.0322628021240234 -0.084320068359375 0.216339111328125
0.051513671875 -0.136390686035156 0.0919952392578125 0.0889968872070313
0.0229949951171875 -0.151718139648438 0.0694580078125 0.0329017639160156
-0.0623855590820313 -0.130859375 0.0167140960693359 -0.00357913970947266
-0.1278076171875 -0.05584716796875 -0.019317626953125 0.0174369812011719
-0.117485046386719 0.027069091796875 -0.00681304931640625 0.039794921875
-0.0818252563476562 0.102958679199219 0.0144004821777344 0.0697975158691406
-0.0238265991210938 0.120002746582031 0.0451545715332031 0.0696640014648438
-0.0225830078125 0.1026611328125 0.0613441467285156 0.0645370483398437
-0.0308837890625 0.109756469726563 0.0559425354003906 0.0680427551269531
-0.0582199096679688 0.0974273681640625 0.0292510986328125 0.076263427734375
-0.0847625732421875 0.0527801513671875 0.0153083801269531 0.0586128234863281
-0.102073669433594 0.00806427001953124 0.00985717773437499 0.0525474548339844
-0.0806121826171875 -0.0651168823242188 0.02276611328125 0.0862045288085938
-0.0305404663085938 -0.106742858886719 0.012847900390625 0.151763916015625
-0.009429931640625 -0.114944458007812 -0.0821533203125 0.197158813476563
0.0279998779296875 -0.193283081054688 0.0941925048828125 0.0484085083007812
-0.0215301513671875 -0.1868896484375 0.05975341796875 0.0145339965820312
-0.100273132324219 -0.132041931152344 0.0226421356201172 0.00768280029296874
-0.151443481445313 -0.03997802734375 0.0103816986083984 0.0216655731201172
-0.126907348632813 0.049072265625 0.0238723754882812 0.0197391510009766
-0.0766067504882813 0.129997253417969 0.0312347412109375 0.0299053192138672
-0.0111236572265625 0.140640258789063 0.0421371459960938 0.0196571350097656
-0.0118865966796875 0.123428344726563 0.0498466491699219 0.0151901245117188
-0.0190277099609375 0.138145446777344 0.0498809814453125 0.0205574035644531
-0.057220458984375 0.131828308105469 0.0394096374511719 0.0353775024414063
-0.103630065917969 0.0811004638671875 0.0366134643554687 0.0296783447265625
-0.1375732421875 0.0244979858398438 0.0331687927246094 0.0447998046875
-0.121353149414062 -0.083740234375 0.0346755981445313 0.0923080444335938
-0.0576171875 -0.1566162109375 0.00228118896484374 0.131332397460938
-0.0189971923828125 -0.178131103515625 -0.0772552490234375 0.152877807617187
-0.000640869140624999 -0.223648071289063 0.0872039794921875 -0.00635528564453126
-0.0642852783203125 -0.196685791015625 0.0401954650878906 -0.0101852416992188
-0.1292724609375 -0.1146240234375 0.0224723815917969 0.0159416198730469
-0.157272338867188 -0.0141754150390625 0.0362472534179687 0.0208511352539063
-0.116607666015625 0.067718505859375 0.048492431640625 -0.005096435546875
-0.05853271484375 0.139068603515625 0.041229248046875 -0.0153312683105469
0.00328063964843751 0.140594482421875 0.0311660766601563 -0.0329837799072266
7.62939453124906E-05 0.126129150390625 0.0305328369140625 -0.0371475219726562
-0.0059814453125 0.144638061523438 0.0360336303710938 -0.0315742492675781
-0.0467376708984375 0.142059326171875 0.0449371337890625 -0.0131187438964844
-0.103683471679688 0.09442138671875 0.0530014038085937 -0.00580596923828124
-0.147705078125 0.036712646484375 0.05413818359375 0.02880859375
-0.139236450195313 -0.08624267578125 0.0439376831054687 0.0852508544921875
-0.0746917724609375 -0.178359985351563 -0.0107574462890625 0.0951156616210937
-0.02972412109375 -0.211395263671875 -0.0705947875976563 0.089630126953125
-0.0245361328125 -0.220382690429688 0.0732498168945313 -0.0674819946289063
-0.090667724609375 -0.181442260742188 0.0156669616699219 -0.0394096374511719
-0.136680603027344 -0.0853118896484375 0.017207145690918 0.0164728164672851
-0.140716552734375 0.0106048583984375 0.0536422729492188 0.0117149353027344
-0.0920257568359375 0.0758819580078125 0.061065673828125 -0.0317878723144531
-0.0333251953125 0.128669738769531 0.0410614013671875 -0.0573272705078125
0.0180740356445312 0.120697021484375 0.0131912231445312 -0.0802764892578125
0.01220703125 0.109077453613281 0.00650024414062499 -0.0827789306640625
0.00707244873046875 0.126304626464844 0.0182266235351563 -0.0786209106445312
-0.0275955200195313 0.125923156738281 0.045135498046875 -0.0600509643554688
-0.082916259765625 0.0893020629882813 0.0641136169433594 -0.03961181640625
-0.126800537109375 0.041290283203125 0.0677452087402344 0.010589599609375
-0.130073547363281 -0.0689239501953125 0.0453338623046875 0.0692634582519531
-0.079437255859375 -0.164443969726563 -0.0250396728515625 0.0500411987304687
-0.0396575927734375 -0.208282470703125 -0.0624961853027344 0.0190391540527344
-0.0373687744140625 -0.184539794921875 0.0589828491210937 -0.126060485839844
-0.091705322265625 -0.141632080078125 -0.00626373291015626 -0.0707626342773438
-0.117988586425781 -0.0520095825195313 0.00816679000854491 0.00807952880859375
-0.105033874511719 0.0264129638671875 0.0593528747558594 -0.00267410278320312
-0.0570106506347656 0.069732666015625 0.0609550476074219 -0.0558090209960938
-0.00723266601562501 0.0996551513671875 0.030059814453125 -0.0910263061523438
0.0286483764648438 0.0833969116210938 -0.00852966308593749 -0.113960266113281
0.0218353271484375 0.0750045776367188 -0.0184402465820312 -0.116195678710938
0.0189666748046875 0.0869979858398438 -0.000427246093750005 -0.113449096679688
-0.00202178955078125 0.0883026123046875 0.0418853759765625 -0.0949783325195313
-0.0441246032714844 0.0692253112792969 0.0672187805175781 -0.0627784729003906
-0.0812835693359375 0.0431060791015625 0.0728607177734375 -0.002288818359375
-0.099853515625 -0.035003662109375 0.0396919250488281 0.0495986938476563
-0.0760116577148438 -0.119895935058594 -0.0380134582519531 0.00693130493164062
-0.049407958984375 -0.171585083007813 -0.0547943115234375 -0.0447654724121094
-0.0412368774414063 -0.120162963867187 0.048919677734375 -0.173233032226563
-0.070098876953125 -0.0837860107421875 -0.019561767578125 -0.0988006591796875
-0.0777816772460938 -0.0197219848632813 -0.00299835205078125 -0.00762224197387695
-0.0562171936035156 0.0298118591308594 0.0541229248046875 -0.0199241638183594
-0.0190086364746094 0.0489044189453125 0.0496749877929688 -0.0722808837890625
0.0149574279785156 0.0551719665527344 0.01251220703125 -0.112518310546875
0.0321578979492187 0.034027099609375 -0.0300445556640625 -0.1312255859375
0.0273799896240234 0.0295429229736328 -0.0401611328125 -0.131782531738281
0.0284347534179688 0.0334358215332031 -0.0171966552734375 -0.130355834960938
0.0271720886230469 0.0385627746582031 0.0357208251953125 -0.112800598144531
0.00413894653320313 0.0429916381835937 0.0636825561523438 -0.0709381103515625
-0.0240325927734375 0.044921875 0.0688972473144531 -0.00930404663085937
-0.0614891052246094 0.0105781555175781 0.0280399322509766 0.0314865112304688
-0.0699501037597656 -0.0551605224609375 -0.0490226745605469 -0.0260276794433594
-0.0588531494140625 -0.110054016113281 -0.0501327514648438 -0.0928115844726563
0.0699119567871094 0.0131759643554688 0.0835952758789063 0.0964889526367188
0.0798797607421875 -0.0426406860351562 0.0686569213867188 0.0291404724121094
0.00659942626953124 -0.07928466796875 -0.00943183898925781 -0.0279140472412109
-0.0481338500976563 -0.0500679016113281 -0.0671844482421875 0.0107154846191406
-0.0558547973632812 -0.0108566284179687 -0.0528335571289063 0.0652542114257812
-0.0547409057617188 0.0218696594238281 -0.0125579833984375 0.113868713378906
-0.0343093872070313 0.0373001098632813 0.040283203125 0.124351501464844
-0.0349140167236328 0.025726318359375 0.0620346069335938 0.115364074707031
-0.0430526733398438 0.0174026489257812 0.0485076904296875 0.112518310546875
-0.0402069091796875 -0.00299072265624999 0.00756072998046875 0.106903076171875
-0.0187816619873047 -0.0231151580810547 -0.018341064453125 0.0780029296875
0.00159263610839844 -0.0267696380615234 -0.0247039794921875 0.042755126953125
0.0304107666015625 -0.00698661804199219 -0.000331878662109372 0.045684814453125
0.0411720275878906 0.0329246520996094 0.0249404907226563 0.1297607421875
0.0189208984375 0.0566482543945313 -0.0722808837890625 0.199859619140625
0.0636672973632813 -0.0625686645507813 0.09381103515625 0.0958709716796875
0.0543289184570312 -0.101875305175781 0.074432373046875 0.0309982299804688
-0.0300827026367187 -0.110618591308594 0.00618934631347656 -0.0181713104248047
-0.0938644409179688 -0.0542221069335937 -0.0437431335449219 0.013092041015625
-0.0907058715820312 0.0109024047851563 -0.0294952392578125 0.0529289245605469
-0.069305419921875 0.0685386657714844 0.003387451171875 0.094268798828125
-0.027496337890625 0.0843276977539062 0.0480728149414062 0.0990982055664063
-0.0274810791015625 0.0688552856445313 0.0689163208007812 0.0910720825195312
-0.036529541015625 0.0677604675292969 0.0597305297851563 0.092010498046875
-0.0491294860839844 0.0498695373535156 0.024627685546875 0.0963897705078125
-0.052490234375 0.01531982421875 0.00200653076171875 0.0730667114257813
-0.0495071411132812 -0.00894546508789061 -0.00624847412109375 0.05224609375
-0.02337646484375 -0.0351905822753906 0.0129623413085938 0.0686264038085938
0.00694656372070313 -0.0343742370605469 0.02569580078125 0.145370483398438
0.00523185729980468 -0.0251522064208984 -0.070404052734375 0.2105712890625
0.0460433959960938 -0.130424499511719 0.102455139160156 0.0763320922851562
0.0179443359375 -0.147979736328125 0.0742034912109375 0.0234298706054687
-0.0663986206054688 -0.126235961914063 0.0183677673339844 -0.00725936889648438
-0.127922058105469 -0.0486373901367188 -0.0151357650756836 0.016453742980957
-0.113578796386719 0.0321731567382813 -0.00100326538085938 0.0356826782226563
-0.0741958618164062 0.104904174804688 0.0202407836914063 0.061767578125
-0.0166854858398438 0.117660522460937 0.0487823486328125 0.0590362548828125
-0.0169525146484375 0.101982116699219 0.0649681091308594 0.052154541015625
-0.0244598388671875 0.109046936035156 0.0615692138671875 0.0565681457519531
-0.0516204833984375 0.0969924926757812 0.0380973815917969 0.0695266723632813
-0.0793685913085937 0.053070068359375 0.023284912109375 0.056365966796875
-0.0964584350585938 0.0113449096679687 0.0160026550292969 0.0532073974609375
-0.0751419067382812 -0.0589675903320313 0.0272064208984375 0.0847702026367187
-0.0289688110351563 -0.097900390625 0.0207061767578125 0.14605712890625
-0.0106353759765625 -0.103485107421875 -0.06805419921875 0.194656372070312
0.0168914794921875 -0.181732177734375 0.103790283203125 0.0396041870117187
-0.028106689453125 -0.175888061523438 0.0650253295898438 0.00737380981445311
-0.101631164550781 -0.122734069824219 0.0258674621582031 0.00330162048339843
-0.147705078125 -0.030517578125 0.0146903991699219 0.0185546875
-0.118598937988281 0.0536041259765625 0.0281047821044922 0.0142345428466797
-0.0661468505859375 0.127716064453125 0.0348033905029297 0.0215110778808594
-0.00256347656250001 0.134727478027344 0.0431900024414062 0.0106277465820313
-0.00377655029296876 0.119384765625 0.0510673522949219 0.00519943237304688
-0.00994873046874999 0.134269714355469 0.0527305603027344 0.010955810546875
-0.0464019775390625 0.128814697265625 0.0463638305664063 0.0288276672363281
-0.0944976806640625 0.082763671875 0.0427207946777344 0.0266456604003906
-0.128303527832031 0.0304641723632813 0.0395278930664063 0.0439987182617188
-0.116371154785156 -0.0732879638671875 0.041473388671875 0.0894317626953125
-0.0601043701171875 -0.144119262695313 0.0115814208984375 0.128067016601563
-0.0267181396484375 -0.163909912109375 -0.0649566650390625 0.153701782226563
-0.0146942138671875 -0.208770751953125 0.0952682495117188 -0.00977325439453126
-0.0725250244140625 -0.180419921875 0.0450630187988281 -0.01336669921875
-0.128204345703125 -0.100700378417969 0.0269451141357422 0.0110569000244141
-0.149276733398437 -0.00355529785156249 0.0403289794921875 0.0155487060546875
-0.105720520019531 0.070770263671875 0.0505523681640625 -0.0104598999023437
-0.045501708984375 0.133941650390625 0.0420761108398438 -0.0224609375
0.0132293701171875 0.131416320800781 0.029541015625 -0.0386161804199219
0.00914764404296875 0.118911743164063 0.0289154052734375 -0.0429039001464844
0.00521087646484376 0.137496948242188 0.0360298156738281 -0.0374870300292969
-0.0334854125976563 0.137344360351563 0.0473976135253906 -0.0186614990234375
-0.091552734375 0.0965347290039063 0.0564537048339844 -0.00963211059570312
-0.135856628417969 0.0445175170898437 0.0584793090820312 0.0263442993164063
-0.135116577148438 -0.0721664428710938 0.0508880615234375 0.081298828125
-0.0807952880859375 -0.163619995117188 -0.00177764892578125 0.0950241088867187
-0.041778564453125 -0.195846557617188 -0.0615310668945312 0.0941696166992187
-0.04156494140625 -0.206314086914063 0.077392578125 -0.0648117065429688
-0.100662231445313 -0.162490844726563 0.0200309753417969 -0.0371513366699219
-0.135536193847656 -0.0693435668945313 0.0219707489013672 0.0127220153808594
-0.131301879882813 0.022003173828125 0.0560455322265625 0.00647735595703125
-0.0791473388671875 0.078399658203125 0.0605354309082031 -0.0361518859863281
-0.0195465087890625 0.121559143066406 0.0385246276855469 -0.0619354248046875
0.0275802612304688 0.109535217285156 0.00864410400390626 -0.0807571411132813
0.0205230712890625 0.100364685058594 0.00189971923828125 -0.0841827392578125
0.01824951171875 0.117416381835938 0.01483154296875 -0.0806350708007812
-0.0143661499023438 0.119171142578125 0.0440177917480469 -0.0632781982421875
-0.069427490234375 0.0902633666992187 0.0639457702636719 -0.04302978515625
-0.114517211914062 0.0501327514648438 0.0705032348632812 0.0073699951171875
-0.126068115234375 -0.0546035766601562 0.0519447326660156 0.0649604797363281
-0.0882720947265625 -0.149032592773438 -0.0182418823242188 0.0534629821777344
-0.0546875 -0.192520141601563 -0.05792236328125 0.0278434753417969
-0.05377197265625 -0.1734619140625 0.0585250854492188 -0.118972778320313
-0.102577209472656 -0.125755310058594 -0.00426483154296876 -0.0638847351074219
-0.117752075195313 -0.037689208984375 0.0124626159667969 0.00572872161865234
-0.096588134765625 0.0366592407226562 0.0597419738769531 -0.0073394775390625
-0.04547119140625 0.0718002319335937 0.0573081970214844 -0.0581321716308594
0.00540924072265626 0.0927886962890625 0.0255661010742188 -0.0919342041015625
0.0359573364257812 0.0726318359375 -0.0148468017578125 -0.110763549804688
0.0289077758789062 0.0665397644042969 -0.0245742797851562 -0.112480163574219
0.0276412963867188 0.0774002075195313 -0.00637817382812501 -0.111404418945313
0.0091094970703125 0.08087158203125 0.0372238159179687 -0.0958938598632813
-0.0325698852539062 0.0684356689453125 0.0642318725585938 -0.0651016235351563
-0.0699882507324219 0.0489959716796875 0.0730438232421875 -0.00628662109375
-0.0954437255859375 -0.0222091674804687 0.04437255859375 0.0464286804199219
-0.0844268798828125 -0.104804992675781 -0.0345458984375 0.0134639739990234
-0.064727783203125 -0.157012939453125 -0.0559654235839844 -0.0328712463378906
-0.0537643432617187 -0.115188598632813 0.0443267822265625 -0.164154052734375
-0.0794906616210938 -0.0741043090820313 -0.0197830200195313 -0.0900726318359375
-0.0799407958984375 -0.00908660888671876 0.000537872314453121 -0.008819580078125
-0.0514678955078125 0.038238525390625 0.0521621704101563 -0.0247993469238281
-0.0102577209472656 0.0512275695800781 0.0442733764648438 -0.0738906860351563
0.0240554809570313 0.04949951171875 0.00559234619140626 -0.109237670898438
0.0374641418457031 0.0252494812011719 -0.037841796875 -0.123252868652344
0.0321083068847656 0.0223979949951172 -0.0476837158203125 -0.123153686523438
0.033355712890625 0.0251979827880859 -0.0238876342773437 -0.123588562011719
0.0342559814453125 0.0306911468505859 0.0288009643554688 -0.110557556152344
0.0127105712890625 0.0399971008300781 0.0578689575195313 -0.0716552734375
-0.0142059326171875 0.0476951599121094 0.067230224609375 -0.0125617980957031
-0.0567817687988281 0.0197677612304688 0.0302753448486328 0.029571533203125
-0.076690673828125 -0.0433731079101563 -0.0486946105957031 -0.01708984375
-0.0726699829101563 -0.0992279052734375 -0.0570526123046875 -0.0791549682617188
0.075286865234375 0.0093994140625 0.0852432250976563 0.08355712890625
0.0804672241210938 -0.0512466430664063 0.0680160522460938 0.0207176208496094
0.0013885498046875 -0.0828857421875 -0.00973129272460938 -0.0286846160888672
-0.0541229248046875 -0.0490036010742187 -0.0649185180664063 0.0111961364746094
-0.0589447021484375 -0.00711441040039063 -0.0494041442871094 0.0627365112304688
-0.0562400817871094 0.0287284851074219 -0.0090789794921875 0.108299255371094
-0.0333480834960938 0.043121337890625 0.0423965454101562 0.11688232421875
-0.0346050262451172 0.0313377380371094 0.0631866455078125 0.106796264648438
-0.0452957153320313 0.0240936279296875 0.0506515502929688 0.104217529296875
-0.0451316833496094 0.000881195068359378 0.0113983154296875 0.101493835449219
-0.0246086120605469 -0.0249176025390625 -0.013671875 0.0764999389648437
-0.000537872314453127 -0.031646728515625 -0.0219917297363281 0.0442733764648438
0.0343399047851563 -0.0125350952148438 -0.0023345947265625 0.0469398498535156
0.0505714416503906 0.0301094055175781 0.0225677490234375 0.122909545898438
0.0291709899902344 0.0567741394042969 -0.069854736328125 0.190872192382812
0.0674514770507813 -0.0609817504882813 0.0974349975585938 0.0829925537109375
0.054779052734375 -0.105567932128906 0.0746688842773438 0.021942138671875
-0.032928466796875 -0.112060546875 0.00644683837890625 -0.0201435089111328
-0.096405029296875 -0.0513458251953125 -0.0408210754394531 0.0120887756347656
-0.0922317504882813 0.0138778686523437 -0.0259513854980469 0.0490684509277344
-0.0684127807617188 0.0722427368164062 0.00567626953125 0.0871734619140625
-0.0258636474609375 0.0861968994140625 0.0490875244140625 0.08966064453125
-0.0265274047851562 0.0711517333984375 0.0697250366210938 0.0806884765625
-0.0368728637695313 0.0709152221679688 0.0617599487304687 0.0816497802734375
-0.0505943298339844 0.0507316589355469 0.0296249389648437 0.089324951171875
-0.0536880493164063 0.0127372741699219 0.00780487060546875 0.0705032348632813
-0.0485992431640625 -0.0123291015625 -0.00215911865234375 0.0538406372070313
-0.0165290832519531 -0.0365753173828125 0.0134353637695312 0.0690078735351563
0.0153121948242188 -0.0331707000732422 0.0253219604492187 0.138999938964844
0.0134773254394531 -0.02020263671875 -0.06591796875 0.202606201171875
0.0470428466796875 -0.123359680175781 0.108657836914063 0.0644760131835938
0.019317626953125 -0.146041870117187 0.0760726928710938 0.0142974853515625
-0.06646728515625 -0.124702453613281 0.0194206237792969 -0.0108757019042969
-0.127029418945313 -0.0463714599609375 -0.0122194290161133 0.0144720077514648
-0.111724853515625 0.0338058471679688 0.00255775451660156 0.0306205749511719
-0.0712432861328125 0.10504150390625 0.0224609375 0.0538406372070313
-0.0143280029296875 0.116302490234375 0.04888916015625 0.0498695373535156
-0.014862060546875 0.100631713867187 0.0648078918457031 0.0418586730957031
-0.0229873657226562 0.10858154296875 0.0629158020019531 0.0467910766601563
-0.049835205078125 0.0955429077148438 0.043304443359375 0.0621147155761719
-0.0773849487304688 0.0506057739257812 0.0294609069824219 0.0529327392578125
-0.0917434692382813 0.009002685546875 0.0213432312011719 0.0538444519042969
-0.0677299499511719 -0.057373046875 0.0295791625976562 0.0848770141601563
-0.0225830078125 -0.0926055908203125 0.0231781005859375 0.141357421875
-0.00549316406249999 -0.0940704345703125 -0.06170654296875 0.189559936523438
0.015625 -0.170639038085938 0.111358642578125 0.030731201171875
-0.02655029296875 -0.16802978515625 0.06866455078125 0.00074005126953124
-0.098907470703125 -0.117431640625 0.0273838043212891 -0.00133705139160157
-0.143157958984375 -0.0271759033203125 0.0168352127075195 0.0144319534301758
-0.114028930664063 0.0529251098632812 0.0306892395019531 0.00869941711425782
-0.0615234375 0.124107360839844 0.0353889465332031 0.0135650634765625
0.000556945800781239 0.12896728515625 0.0419807434082031 0.00289916992187501
-0.0010986328125 0.115386962890625 0.0499420166015625 -0.00337219238281249
-0.0063018798828125 0.129302978515625 0.0533943176269531 0.00259780883789063
-0.0416336059570313 0.124420166015625 0.0507354736328125 0.0222129821777344
-0.0889205932617187 0.0803680419921875 0.048126220703125 0.0227546691894531
-0.121192932128906 0.0306015014648438 0.0450553894042969 0.0438957214355469
-0.108772277832031 -0.0694808959960938 0.0451736450195313 0.0880203247070313
-0.0561752319335938 -0.135421752929688 0.0163955688476562 0.125465393066406
-0.026031494140625 -0.151657104492187 -0.0573883056640625 0.152328491210938
-0.0191802978515625 -0.195175170898438 0.102432250976563 -0.0133590698242188
-0.07244873046875 -0.167678833007813 0.0511322021484375 -0.0166435241699219
-0.123023986816406 -0.0928192138671875 0.0298175811767578 0.00624847412109374
-0.141159057617188 0.000183105468749992 0.0423316955566406 0.011199951171875
-0.0985183715820313 0.0693130493164063 0.0519485473632812 -0.0157966613769531
-0.0401153564453125 0.126686096191406 0.0420150756835938 -0.0288162231445312
0.0170135498046875 0.122520446777344 0.0274848937988281 -0.0441703796386719
0.0125656127929687 0.112205505371094 0.0266876220703125 -0.0480766296386719
0.00975799560546874 0.129409790039062 0.0352859497070313 -0.0429420471191406
-0.026580810546875 0.130744934082031 0.0502815246582031 -0.0243644714355469
-0.0835800170898438 0.0940322875976563 0.0603523254394531 -0.013153076171875
-0.126533508300781 0.045989990234375 0.0636940002441406 0.0253067016601563
-0.1278076171875 -0.0658035278320313 0.0556793212890625 0.0786666870117188
-0.080047607421875 -0.15216064453125 0.00389099121093751 0.0944366455078125
-0.045257568359375 -0.180877685546875 -0.0548858642578125 0.0963134765625
-0.0480194091796875 -0.19317626953125 0.0850372314453125 -0.0633316040039063
-0.102767944335937 -0.147857666015625 0.0258140563964844 -0.0371322631835938
-0.130516052246094 -0.0593185424804687 0.0258331298828125 0.00843429565429687
-0.122207641601563 0.0271224975585937 0.0569686889648438 0.0025482177734375
-0.0699920654296875 0.0763473510742188 0.0605049133300781 -0.0395774841308594
-0.0124435424804687 0.112564086914063 0.0381927490234375 -0.0655097961425781
0.0306777954101563 0.098968505859375 0.00669097900390626 -0.0818328857421875
0.0236282348632813 0.092254638671875 -0.000663757324218758 -0.0849227905273438
0.0229644775390625 0.107780456542969 0.0130615234375 -0.0829620361328125
-0.00662994384765625 0.111473083496094 0.044708251953125 -0.0667877197265625
-0.0606842041015625 0.087554931640625 0.0651779174804688 -0.0451850891113281
-0.103919982910156 0.0518646240234375 0.0731658935546875 0.00521087646484375
-0.119094848632813 -0.0471038818359375 0.0561103820800781 0.0617103576660156
-0.0889968872070312 -0.136466979980469 -0.0126266479492188 0.054962158203125
-0.060394287109375 -0.177337646484375 -0.0532608032226563 0.0340309143066406
-0.062408447265625 -0.163421630859375 0.064453125 -0.112648010253906
-0.106155395507813 -0.113197326660156 0.00242996215820311 -0.0598945617675781
-0.114974975585938 -0.027557373046875 0.0166187286376953 0.00268268585205078
-0.0888900756835937 0.0424118041992188 0.0597152709960937 -0.00999069213867187
-0.0363006591796875 0.0706787109375 0.0557212829589844 -0.0593032836914063
0.0125732421875 0.0842132568359375 0.0232925415039063 -0.0919647216796875
0.0389137268066406 0.0623245239257813 -0.0168075561523437 -0.107887268066406
0.0317153930664062 0.0583229064941406 -0.0276870727539063 -0.1090087890625
0.0312042236328125 0.0682945251464844 -0.00827026367187499 -0.109077453613281
0.0151824951171875 0.0715484619140625 0.0368728637695313 -0.0962142944335938
-0.0239295959472656 0.0651168823242188 0.0631904602050781 -0.0652503967285156
-0.0598640441894531 0.0504302978515625 0.0736770629882813 -0.00844573974609375
-0.0884323120117188 -0.013275146484375 0.0474014282226562 0.0433311462402344
-0.0875167846679688 -0.0932998657226563 -0.0299911499023438 0.0178775787353516
-0.072723388671875 -0.143417358398437 -0.0543174743652344 -0.02301025390625
-0.063262939453125 -0.109573364257813 0.046844482421875 -0.15423583984375
-0.085601806640625 -0.065460205078125 -0.0147323608398437 -0.0837860107421875
-0.0801925659179688 -0.001129150390625 0.00381851196289062 -0.0108118057250977
-0.0464553833007813 0.0439224243164062 0.0499305725097656 -0.0269813537597656
-0.00327682495117187 0.0508842468261719 0.0402450561523438 -0.0724105834960938
0.0305709838867188 0.043853759765625 0.00273895263671875 -0.105575561523437
0.03924560546875 0.01678466796875 -0.04010009765625 -0.1171875
0.0335845947265625 0.0157051086425781 -0.0495834350585937 -0.116279602050781
0.034942626953125 0.0166435241699219 -0.02655029296875 -0.118423461914063
0.0381317138671875 0.0224456787109375 0.0263137817382812 -0.107559204101563
0.0195198059082031 0.0361137390136719 0.0554351806640625 -0.0707855224609375
-0.00590133666992187 0.0481719970703125 0.066314697265625 -0.0136642456054687
-0.0510177612304687 0.0269813537597656 0.0318279266357422 0.0284080505371094
-0.0795974731445312 -0.0323867797851563 -0.0459060668945313 -0.00977706909179688
-0.0807266235351562 -0.0875015258789063 -0.0577926635742188 -0.0665702819824219
0.0817031860351562 0.0050506591796875 0.0849609375 0.0727310180664063
0.0806961059570313 -0.0610885620117188 0.0668067932128906 0.0132904052734375
-0.00433349609375001 -0.0873489379882813 -0.0109500885009766 -0.0299472808837891
-0.0613288879394531 -0.0479469299316406 -0.0645027160644531 0.0108909606933594
-0.0640792846679688 -0.00338745117187501 -0.0487556457519531 0.0608558654785156
-0.0574607849121094 0.035675048828125 -0.0090179443359375 0.105964660644531
-0.0327949523925781 0.0498847961425781 0.0419235229492188 0.112358093261719
-0.0352210998535156 0.0376091003417969 0.0631027221679688 0.101463317871094
-0.046783447265625 0.0318679809570313 0.0513381958007813 0.0995101928710937
-0.0498847961425781 0.00553512573242189 0.0134963989257812 0.0983505249023438
-0.030303955078125 -0.026580810546875 -0.0110626220703125 0.0754852294921875
-0.00419998168945312 -0.0365676879882813 -0.0197181701660156 0.0466346740722656
0.0384330749511719 -0.0188255310058594 -0.00428390502929687 0.0494041442871094
0.0606689453125 0.0256271362304688 0.0178909301757812 0.120071411132812
0.0395927429199219 0.0560989379882813 -0.074005126953125 0.185516357421875
0.0738906860351563 -0.0613555908203125 0.0999832153320313 0.0713577270507813
0.0564651489257813 -0.111854553222656 0.0742568969726563 0.0138168334960937
-0.0365371704101563 -0.115890502929688 0.00640487670898437 -0.0230808258056641
-0.101402282714844 -0.051361083984375 -0.0394248962402344 0.0103340148925781
-0.095367431640625 0.0169525146484375 -0.0250625610351563 0.045654296875
-0.0694427490234375 0.077056884765625 0.00514221191406249 0.0825881958007813
-0.0254745483398438 0.089996337890625 0.0471649169921875 0.0830078125
-0.0264434814453125 0.0748748779296875 0.0679244995117188 0.0732192993164062
-0.037628173828125 0.0757675170898438 0.0625 0.0748367309570312
-0.0539779663085938 0.0536079406738281 0.0330276489257813 0.0839691162109375
-0.0581512451171875 0.0108680725097656 0.0122222900390625 0.0688705444335938
-0.0492019653320312 -0.0171470642089844 0.00166702270507812 0.0551986694335938
-0.0113754272460938 -0.0414962768554688 0.0132675170898438 0.0713653564453125
0.0255260467529297 -0.03448486328125 0.0225677490234375 0.137672424316406
0.0233039855957031 -0.0177173614501953 -0.0661468505859375 0.19915771484375
0.0530166625976562 -0.120018005371094 0.112960815429688 0.0542755126953125
0.0222625732421875 -0.148040771484375 0.0768661499023438 0.00576782226562499
-0.066741943359375 -0.127212524414063 0.0196170806884766 -0.0150661468505859
-0.128654479980469 -0.0463333129882812 -0.0104961395263672 0.0105371475219727
-0.113075256347656 0.0343704223632813 0.00372886657714843 0.0253143310546875
-0.072052001953125 0.106475830078125 0.0214729309082031 0.0478897094726563
-0.0140838623046875 0.117111206054688 0.046661376953125 0.0425300598144531
-0.0153274536132813 0.10235595703125 0.0623626708984375 0.0337448120117188
-0.0235061645507812 0.110435485839844 0.0626029968261719 0.0383758544921875
-0.0513992309570313 0.0951080322265625 0.047088623046875 0.0553970336914063
-0.0792160034179688 0.0482254028320312 0.0348472595214844 0.0506134033203125
-0.0906753540039063 0.00534057617187501 0.02655029296875 0.0546302795410156
-0.0613174438476562 -0.0606460571289063 0.0314483642578125 0.08599853515625
-0.0131988525390625 -0.0914154052734375 0.0235214233398437 0.140106201171875
0.00269317626953124 -0.0887680053710938 -0.0590057373046875 0.188125610351563
0.0195770263671875 -0.1636962890625 0.118255615234375 0.0221023559570312
-0.023040771484375 -0.165069580078125 0.0720672607421875 -0.00611114501953126
-0.0961837768554687 -0.117881774902344 0.0292816162109375 -0.00630950927734376
-0.141708374023438 -0.0277099609375 0.0196323394775391 0.0108985900878906
-0.112991333007813 0.0512466430664062 0.0330410003662109 0.00338363647460938
-0.0611801147460938 0.122062683105469 0.0352439880371094 0.00603485107421876
0.000389099121093738 0.126815795898438 0.0400238037109375 -0.00474166870117187
-0.00167083740234374 0.113929748535156 0.0470657348632813 -0.0110664367675781
-0.00549316406249999 0.127784729003906 0.0529365539550781 -0.00570678710937499
-0.041107177734375 0.122077941894531 0.0540351867675781 0.0151863098144531
-0.0882644653320313 0.0777664184570312 0.0533409118652344 0.0188446044921875
-0.118202209472656 0.0277633666992187 0.0506935119628906 0.0430335998535156
-0.101844787597656 -0.0697860717773438 0.0492324829101562 0.0883255004882812
-0.0501480102539063 -0.13275146484375 0.01910400390625 0.125511169433594
-0.0208587646484375 -0.143844604492188 -0.0540008544921875 0.152923583984375
-0.0183563232421875 -0.185714721679688 0.112579345703125 -0.0189971923828125
-0.0688018798828125 -0.1612548828125 0.0563392639160156 -0.0218696594238281
-0.118492126464844 -0.08990478515625 0.0319690704345703 0.00145149230957031
-0.136802673339844 0.000427246093750016 0.0448379516601563 0.00767898559570313
-0.0949554443359375 0.0659561157226563 0.0542373657226562 -0.02081298828125
-0.039031982421875 0.121406555175781 0.0419654846191406 -0.0354843139648437
0.0164566040039063 0.117454528808594 0.0256500244140625 -0.049835205078125
0.0129776000976563 0.108474731445313 0.0241775512695312 -0.0542526245117187
0.01080322265625 0.124908447265625 0.03424072265625 -0.0501670837402344
-0.0240707397460938 0.125312805175781 0.0526084899902344 -0.0305366516113281
-0.0804672241210938 0.0917205810546875 0.0645065307617188 -0.0174102783203125
-0.121063232421875 0.0447158813476562 0.0688514709472656 0.0235404968261719
-0.121421813964844 -0.0637435913085938 0.05999755859375 0.0777435302734375
-0.0770416259765625 -0.146621704101562 0.00832366943359375 0.0944976806640625
-0.043243408203125 -0.171798706054688 -0.04986572265625 0.0997772216796875
-0.0514068603515625 -0.182449340820313 0.0952301025390625 -0.064788818359375
-0.101310729980469 -0.138526916503906 0.0338935852050781 -0.0392379760742188
-0.125801086425781 -0.0539169311523438 0.02935791015625 0.00407600402832031
-0.115486145019531 0.02862548828125 0.0590019226074219 -0.000831604003906248
-0.0648040771484375 0.0730133056640625 0.0621681213378906 -0.0431671142578125
-0.00999450683593751 0.106025695800781 0.0373916625976562 -0.06988525390625
0.0305328369140625 0.091064453125 0.005096435546875 -0.0860748291015625
0.0247650146484375 0.0864181518554687 -0.00238037109375 -0.0889053344726563
0.0238037109375 0.100837707519531 0.0116729736328125 -0.0873565673828125
-0.0037689208984375 0.104026794433594 0.0462875366210938 -0.0717315673828125
-0.055267333984375 0.0836715698242188 0.0678138732910156 -0.0490951538085938
-0.0966720581054688 0.0517044067382813 0.0774383544921875 0.00382232666015625
-0.113006591796875 -0.0426101684570312 0.0601234436035156 0.059722900390625
-0.0886688232421875 -0.12823486328125 -0.00741195678710938 0.0560798645019531
-0.0622406005859375 -0.166000366210937 -0.04864501953125 0.0402030944824219
-0.06842041015625 -0.155181884765625 0.0740280151367188 -0.11004638671875
-0.108718872070313 -0.102790832519531 0.0103187561035156 -0.0587234497070313
-0.11236572265625 -0.0205078125 0.0206031799316406 -0.000709533691406251
-0.082244873046875 0.0463714599609375 0.060302734375 -0.0134696960449219
-0.0298233032226563 0.0686874389648438 0.0554771423339844 -0.0607376098632812
0.0159912109375 0.0760421752929688 0.0233917236328125 -0.0939865112304688
0.0391998291015625 0.0533561706542969 -0.0183792114257812 -0.107894897460938
0.0320205688476562 0.0513763427734375 -0.0281829833984375 -0.109077453613281
0.0319023132324219 0.0597381591796875 -0.0103302001953125 -0.110458374023438
0.0187492370605469 0.0637321472167969 0.0363540649414063 -0.098846435546875
-0.0182456970214844 0.0605010986328125 0.0650749206542969 -0.0679969787597656
-0.0510292053222656 0.0501518249511719 0.076263427734375 -0.00956726074218749
-0.0827713012695313 -0.00843048095703125 0.0513381958007813 0.0413932800292969
-0.0881805419921875 -0.082855224609375 -0.0247879028320313 0.0215950012207031
-0.077606201171875 -0.132125854492187 -0.0504264831542969 -0.0148353576660156
-0.0720367431640625 -0.105522155761719 0.0550384521484375 -0.15020751953125
-0.0907669067382813 -0.057769775390625 -0.00675964355468751 -0.0821151733398438
-0.0807266235351562 0.0063934326171875 0.00704097747802734 -0.0138692855834961
-0.0412330627441406 0.0490989685058594 0.0494117736816406 -0.0292701721191406
0.002899169921875 0.0508155822753906 0.0390167236328125 -0.0727767944335938
0.0346908569335937 0.0370559692382813 0.00175476074218749 -0.105255126953125
0.0404472351074219 0.00897598266601563 -0.0407867431640625 -0.113609313964844
0.0337162017822266 0.00869369506835937 -0.0504226684570313 -0.113906860351562
0.0356521606445313 0.0093536376953125 -0.0266189575195312 -0.116218566894531
0.0407142639160156 0.0138206481933594 0.0259628295898437 -0.107887268066406
0.0251579284667969 0.0314464569091797 0.056396484375 -0.0710678100585938
0.00252532958984375 0.0474853515625 0.0673675537109375 -0.0141220092773437
-0.0455665588378906 0.0326347351074219 0.0341835021972656 0.0275554656982422
-0.0819778442382813 -0.0216140747070313 -0.0423927307128906 -0.00432968139648437
-0.087860107421875 -0.0774459838867188 -0.0571517944335938 -0.0556068420410156
0.0896530151367188 -0.0014495849609375 0.0836639404296875 0.0631179809570313
0.08099365234375 -0.07281494140625 0.0643577575683594 0.00598526000976562
-0.0123748779296875 -0.0927886962890625 -0.0129375457763672 -0.0321884155273438
-0.0701637268066406 -0.0458602905273438 -0.0655288696289062 0.0110435485839844
-0.0690956115722656 0.00251388549804686 -0.0493850708007813 0.0608596801757813
-0.0576667785644531 0.0450820922851563 -0.00983428955078126 0.106460571289063
-0.0305404663085938 0.0576591491699219 0.0409774780273438 0.110847473144531
-0.034210205078125 0.0448341369628906 0.0627517700195313 0.0982208251953125
-0.0476150512695312 0.0410690307617187 0.0515823364257812 0.0963363647460938
-0.0549163818359375 0.0115776062011719 0.01507568359375 0.0964813232421875
-0.0382843017578125 -0.0258293151855469 -0.00747680664062501 0.0754165649414063
-0.009490966796875 -0.0421524047851562 -0.0174407958984375 0.0489997863769531
0.0412216186523437 -0.0277328491210938 -0.00578308105468749 0.0534133911132813
0.0711288452148438 0.017974853515625 0.0137481689453125 0.122062683105469
0.0513534545898438 0.0536842346191406 -0.07977294921875 0.186203002929687
0.0823516845703125 -0.0656356811523438 0.101043701171875 0.0608367919921875
0.058197021484375 -0.1220703125 0.0729522705078125 0.00546264648437499
-0.0425643920898438 -0.121627807617188 0.00451850891113281 -0.0268173217773438
-0.108779907226563 -0.0503082275390625 -0.0396537780761719 0.00880813598632812
-0.0998306274414062 0.0211410522460937 -0.0248641967773438 0.0422019958496094
-0.070587158203125 0.0852127075195313 0.00461578369140625 0.0799560546875
-0.0236358642578125 0.0965576171875 0.0452957153320312 0.0790252685546875
-0.0264511108398438 0.0815200805664063 0.0663681030273438 0.067596435546875
-0.0384750366210938 0.083282470703125 0.0618133544921875 0.0689468383789063
-0.0586357116699219 0.0581474304199219 0.0360946655273438 0.07952880859375
-0.06451416015625 0.010467529296875 0.0169258117675781 0.067230224609375
-0.05328369140625 -0.0219688415527344 0.00691223144531249 0.0566940307617188
-0.00677871704101563 -0.0495452880859375 0.0142974853515625 0.0756759643554687
0.0358009338378906 -0.0401878356933594 0.0217971801757813 0.139137268066406
0.0347442626953125 -0.0175991058349609 -0.068817138671875 0.200668334960938
0.0607070922851562 -0.121131896972656 0.117561340332031 0.0415191650390625
0.025177001953125 -0.15509033203125 0.0779342651367188 -0.00335693359375001
-0.0701980590820313 -0.132186889648438 0.01959228515625 -0.0199127197265625
-0.13470458984375 -0.0459365844726563 -0.00950908660888673 0.00761604309082031
-0.117134094238281 0.036956787109375 0.00419235229492187 0.0201435089111328
-0.0735626220703125 0.112152099609375 0.0202255249023437 0.0419540405273438
-0.013214111328125 0.121604919433594 0.0441131591796875 0.0359077453613281
-0.0148544311523437 0.10614013671875 0.059722900390625 0.0264320373535156
-0.0237655639648438 0.115058898925781 0.06158447265625 0.0305633544921875
-0.0537261962890625 0.0978775024414063 0.0501594543457031 0.0485877990722656
-0.08343505859375 0.0469970703125 0.0406723022460937 0.0463485717773438
-0.0926666259765625 0.00159454345703127 0.0336952209472656 0.0549964904785156
-0.0574722290039062 -0.0668563842773438 0.0356979370117188 0.0897064208984375
-0.0053558349609375 -0.0952072143554688 0.025421142578125 0.142349243164063
0.0120697021484375 -0.0870132446289063 -0.0589141845703125 0.190444946289063
0.024749755859375 -0.161697387695313 0.126319885253906 0.0110092163085937
-0.0199127197265625 -0.167495727539063 0.0748138427734375 -0.01593017578125
-0.096099853515625 -0.121368408203125 0.0296688079833984 -0.0119895935058594
-0.144134521484375 -0.029022216796875 0.0213832855224609 0.00627708435058594
-0.115432739257813 0.0514984130859375 0.0339336395263672 -0.00330734252929687
-0.0626068115234375 0.123893737792969 0.0341587066650391 -0.000537872314453117
0.000411987304687498 0.127151489257813 0.0357513427734375 -0.0116996765136719
-0.000892639160156263 0.115394592285156 0.0438995361328125 -0.0187339782714844
-0.00573730468749999 0.129745483398438 0.0510711669921875 -0.0141372680664062
-0.040985107421875 0.122138977050781 0.0568008422851563 0.00679397583007813
-0.0898666381835938 0.0773544311523438 0.0589027404785156 0.0139999389648438
-0.118293762207031 0.0256500244140625 0.0585670471191406 0.0418701171875
-0.0986785888671875 -0.0733184814453125 0.055023193359375 0.0902252197265625
-0.0448532104492188 -0.133964538574219 0.0232772827148438 0.126846313476563
-0.0139007568359375 -0.139907836914063 -0.04986572265625 0.156829833984375
-0.01617431640625 -0.180496215820313 0.12310791015625 -0.0281524658203125
-0.0660552978515625 -0.158218383789063 0.0619239807128906 -0.0299415588378906
-0.11590576171875 -0.0905380249023437 0.0346622467041016 -0.00441360473632813
-0.135498046875 -0.000434875488281263 0.0469818115234375 0.00243377685546875
-0.0951766967773438 0.0643234252929687 0.0559272766113281 -0.0278396606445312
-0.0386962890625 0.120391845703125 0.0404777526855469 -0.0432624816894531
0.01556396484375 0.114761352539063 0.0216941833496094 -0.0567588806152344
0.012420654296875 0.107101440429688 0.0203971862792969 -0.0613632202148437
0.0110015869140625 0.123069763183594 0.0314674377441406 -0.0576820373535156
-0.0228729248046875 0.123062133789062 0.0547828674316406 -0.0389976501464844
-0.0794601440429688 0.0895614624023437 0.0692100524902344 -0.0238456726074219
-0.118881225585938 0.0438232421875 0.0762710571289062 0.0204010009765625
-0.117729187011719 -0.0645980834960937 0.066558837890625 0.0772705078125
-0.0747222900390625 -0.1444091796875 0.01409912109375 0.0954742431640625
-0.040130615234375 -0.164901733398438 -0.0445022583007812 0.104682922363281
-0.052825927734375 -0.1759033203125 0.107414245605469 -0.0711288452148438
-0.100837707519531 -0.131538391113281 0.041107177734375 -0.0448646545410156
-0.122856140136719 -0.0506820678710938 0.0323600769042969 -0.00106620788574219
-0.110870361328125 0.0298385620117188 0.0621261596679687 -0.0054473876953125
-0.0615386962890625 0.0705947875976563 0.0638084411621094 -0.0490264892578125
-0.00891113281250001 0.100807189941406 0.0362319946289063 -0.0767288208007813
0.029205322265625 0.0853500366210937 0.00186920166015625 -0.0909271240234375
0.0239944458007812 0.0827178955078125 -0.006072998046875 -0.0935134887695313
0.023590087890625 0.0955657958984375 0.00946044921875 -0.0929794311523437
-0.00253295898437499 0.098876953125 0.0466079711914062 -0.0790252685546875
-0.0519638061523438 0.0807037353515625 0.071380615234375 -0.0550460815429687
-0.0916366577148438 0.050079345703125 0.082794189453125 -0.000305175781249997
-0.1077880859375 -0.0405426025390625 0.0662193298339844 0.0576858520507813
-0.0879135131835938 -0.122451782226562 -0.00162887573242189 0.0575294494628906
-0.0631256103515625 -0.157562255859375 -0.0429534912109375 0.0459060668945312
-0.07550048828125 -0.148712158203125 0.0861892700195313 -0.1129150390625
-0.111854553222656 -0.0938339233398437 0.0183906555175781 -0.0624427795410156
-0.110176086425781 -0.0134429931640625 0.0235385894775391 -0.00560379028320313
-0.0755081176757813 0.0495986938476563 0.0615959167480469 -0.0173606872558594
-0.0245475769042969 0.0662345886230469 0.0563774108886719 -0.0653572082519531
0.0190277099609375 0.0695075988769531 0.0217056274414063 -0.0981216430664062
0.0377120971679688 0.0454635620117188 -0.020294189453125 -0.110145568847656
0.0311851501464844 0.0455589294433594 -0.0314407348632813 -0.11163330078125
0.0314216613769531 0.0525360107421875 -0.0120315551757812 -0.114021301269531
0.0195465087890625 0.0556221008300781 0.0362625122070313 -0.10400390625
-0.0130691528320312 0.0554885864257813 0.0667572021484375 -0.0725021362304688
-0.0437736511230469 0.048492431640625 0.0801925659179688 -0.0122451782226562
-0.0769424438476563 -0.00433349609375 0.05535888671875 0.0399703979492187
-0.0885162353515625 -0.0737686157226562 -0.0200824737548828 0.0235366821289062
-0.081146240234375 -0.121726989746094 -0.045745849609375 -0.006805419921875
-0.0809783935546875 -0.100486755371094 0.0652313232421875 -0.150909423828125
-0.0975494384765625 -0.0491867065429688 0.000198364257812486 -0.0831146240234375
-0.081207275390625 0.01409912109375 0.00890350341796875 -0.0185527801513672
-0.0349998474121094 0.0546607971191406 0.0491447448730469 -0.0324859619140625
0.00982666015625 0.0498046875 0.0378036499023438 -0.0747299194335938
0.0393524169921875 0.0300865173339844 0.000427246093750009 -0.105781555175781
0.0394554138183594 0.000492095947265625 -0.04144287109375 -0.112846374511719
0.0329990386962891 0.00189971923828125 -0.051361083984375 -0.11285400390625
0.0345611572265625 0.00111961364746094 -0.0274505615234375 -0.116676330566406
0.0413475036621094 0.004486083984375 0.0262451171875 -0.110542297363281
0.0313625335693359 0.0254135131835938 0.0572662353515625 -0.0734329223632813
0.0105628967285156 0.0458183288574219 0.0698394775390625 -0.0151023864746094
-0.0391197204589844 0.0384941101074219 0.0369415283203125 0.0270614624023438
-0.0830535888671875 -0.0106582641601562 -0.0380134582519531 0.000225067138671875
-0.0936203002929688 -0.06683349609375 -0.0531768798828125 -0.04547119140625
0.0974197387695313 -0.0121688842773438 0.0811386108398438 0.0522308349609375
0.0760345458984375 -0.0867691040039062 0.0601997375488281 -0.00141525268554688
-0.023223876953125 -0.0966949462890625 -0.0169906616210937 -0.0342864990234375
-0.07891845703125 -0.0408706665039062 -0.0672569274902344 0.0125732421875
-0.072784423828125 0.0113449096679687 -0.0497550964355469 0.0622177124023438
-0.0565147399902344 0.056365966796875 -0.0090484619140625 0.107742309570312
-0.0261955261230469 0.0656013488769531 0.0426483154296875 0.110954284667969
-0.0312843322753906 0.0526046752929688 0.0642318725585938 0.09564208984375
-0.04522705078125 0.0517082214355469 0.05340576171875 0.0929641723632813
-0.0590171813964844 0.0216293334960937 0.0176315307617187 0.0938491821289063
-0.047393798828125 -0.0241203308105469 -0.00357818603515625 0.0755081176757813
-0.0172767639160156 -0.0454444885253906 -0.012786865234375 0.0515556335449219
0.0422096252441406 -0.0385475158691406 -0.0049896240234375 0.0584754943847656
0.0798416137695313 0.006317138671875 0.0121688842773437 0.126388549804688
0.0635566711425781 0.0479202270507812 -0.083099365234375 0.191909790039063
0.089202880859375 -0.0752334594726563 0.100860595703125 0.0470428466796875
0.0551605224609375 -0.135261535644531 0.0699577331542969 -0.00359344482421876
-0.052032470703125 -0.125785827636719 0.00174713134765624 -0.0301685333251953
-0.117950439453125 -0.045867919921875 -0.0411796569824219 0.00732803344726563
-0.105545043945313 0.0286788940429688 -0.0258750915527344 0.0410881042480469
-0.0683746337890625 0.0953369140625 0.00384521484374999 0.0782318115234375
-0.01873779296875 0.103904724121094 0.0437240600585938 0.0761566162109375
-0.0228195190429687 0.0890350341796875 0.0650482177734375 0.0622367858886719
-0.0363235473632813 0.0926437377929688 0.0615768432617188 0.0624008178710938
-0.06103515625 0.0657463073730469 0.0386581420898437 0.0742416381835937
-0.0720062255859375 0.0123977661132813 0.0228385925292969 0.0634651184082031
-0.0590438842773437 -0.0254936218261719 0.0134124755859375 0.0569343566894531
-0.00577163696289062 -0.0591621398925781 0.0185699462890625 0.08001708984375
0.0441169738769531 -0.0503158569335937 0.0235595703125 0.143661499023437
0.0467910766601563 -0.0219764709472656 -0.067962646484375 0.205352783203125
0.0669479370117188 -0.12786865234375 0.120445251464844 0.026336669921875
0.0235137939453125 -0.165359497070312 0.075439453125 -0.0137481689453125
-0.0768814086914063 -0.137336730957031 0.0172595977783203 -0.024993896484375
-0.14239501953125 -0.043060302734375 -0.0101633071899414 0.00387287139892578
-0.121490478515625 0.042266845703125 0.00328445434570312 0.0152158737182617
-0.0715408325195313 0.120346069335938 0.0180625915527344 0.0376472473144531
-0.010162353515625 0.126235961914062 0.0396995544433594 0.0317878723144531
-0.01123046875 0.1119384765625 0.0553245544433594 0.0194854736328125
-0.0204925537109375 0.1220703125 0.0590400695800781 0.0218772888183594
-0.0544052124023438 0.103668212890625 0.0524787902832031 0.0402755737304688
-0.088134765625 0.0500564575195312 0.0463523864746094 0.0401420593261719
-0.09722900390625 4.57763671874867E-05 0.0417976379394531 0.0529365539550781
-0.0576400756835937 -0.0739898681640625 0.0423507690429688 0.0924072265625
0.00098419189453125 -0.103248596191406 0.029937744140625 0.145416259765625
0.021240234375 -0.0888290405273438 -0.054229736328125 0.194992065429687
0.0296783447265625 -0.162857055664062 0.131217956542969 -0.00470733642578126
-0.0200958251953125 -0.171981811523438 0.0750198364257813 -0.02716064453125
-0.100028991699219 -0.125289916992188 0.0292015075683594 -0.0179195404052734
-0.148147583007813 -0.027557373046875 0.0214881896972656 0.000871658325195311
-0.118537902832031 0.0545730590820312 0.032928466796875 -0.01165771484375
-0.0611572265625 0.128120422363281 0.0305938720703125 -0.00752258300781249
0.00212860107421876 0.130287170410156 0.0304660797119141 -0.0181446075439453
0.00130462646484375 0.118858337402344 0.0378227233886719 -0.0268020629882812
-0.00368499755859376 0.132667541503906 0.0464935302734375 -0.0231742858886719
-0.0412521362304688 0.124649047851563 0.0577201843261719 -0.00392913818359374
-0.0919570922851563 0.0784988403320313 0.0648345947265625 0.00496673583984376
-0.119544982910156 0.0254974365234375 0.0671768188476563 0.03704833984375
-0.0985794067382813 -0.0763397216796875 0.06329345703125 0.0895843505859375
-0.0425338745117188 -0.137580871582031 0.0305709838867188 0.128547668457031
-0.00881195068359374 -0.139083862304688 -0.042633056640625 0.161285400390625
-0.01605224609375 -0.176986694335938 0.131141662597656 -0.043670654296875
-0.065582275390625 -0.15679931640625 0.0641975402832031 -0.0412635803222656
-0.116409301757813 -0.0909881591796875 0.0344524383544922 -0.0124340057373047
-0.135612487792969 0.00104522705078126 0.0490036010742187 -0.00460433959960938
-0.0959091186523438 0.0648193359375 0.055511474609375 -0.0363922119140625
-0.0386962890625 0.120185852050781 0.0360031127929688 -0.0515365600585937
0.01568603515625 0.113716125488281 0.0163345336914063 -0.0632591247558594
0.0134048461914063 0.106605529785156 0.01300048828125 -0.0681533813476563
0.0118789672851563 0.123138427734375 0.0260810852050781 -0.0665969848632812
-0.0225067138671875 0.121414184570313 0.0543289184570313 -0.0495262145996094
-0.0784759521484375 0.0894317626953125 0.0727920532226563 -0.0331039428710937
-0.118240356445312 0.0435791015625 0.0831832885742187 0.0141220092773438
-0.116981506347656 -0.0656661987304688 0.0750274658203125 0.0741424560546875
-0.0734405517578125 -0.14398193359375 0.0218276977539062 0.09600830078125
-0.03851318359375 -0.161697387695313 -0.0357284545898438 0.108299255371094
-0.0550689697265625 -0.16937255859375 0.11798095703125 -0.083251953125
-0.101249694824219 -0.12469482421875 0.0457687377929687 -0.0544700622558594
-0.1201171875 -0.0461807250976562 0.0348548889160156 -0.00953865051269531
-0.106025695800781 0.0306930541992188 0.0642318725585938 -0.013153076171875
-0.0593032836914062 0.0688819885253906 0.0638999938964844 -0.0564002990722656
-0.007965087890625 0.0970382690429688 0.0326766967773438 -0.0843124389648438
0.0279388427734375 0.081939697265625 -0.00421905517578124 -0.0961227416992188
0.0230178833007813 0.07891845703125 -0.0130996704101562 -0.0988693237304688
0.0240707397460938 0.0914993286132813 0.00354766845703126 -0.0993576049804688
-0.000663757324218742 0.0945816040039063 0.0434188842773437 -0.0885772705078125
-0.0492095947265625 0.0780715942382813 0.071319580078125 -0.0638504028320313
-0.086700439453125 0.0493850708007813 0.0881271362304687 -0.0074005126953125
-0.104019165039062 -0.0384063720703125 0.0733413696289062 0.0536880493164062
-0.0881500244140625 -0.116783142089844 0.00539779663085937 0.0581245422363281
-0.0638275146484375 -0.149673461914063 -0.0342788696289063 0.0514793395996094
-0.0820159912109375 -0.139610290527344 0.0949859619140625 -0.1236572265625
-0.113624572753906 -0.0833511352539063 0.0262298583984375 -0.0687522888183594
-0.108154296875 -0.0051727294921875 0.0249900817871094 -0.0111579895019531
-0.0678901672363281 0.0517616271972656 0.0632514953613281 -0.0228462219238281
-0.0184516906738281 0.0624923706054688 0.0558853149414062 -0.0707015991210938
0.0208358764648438 0.0625762939453125 0.0178680419921875 -0.103858947753906
0.0351409912109375 0.0376625061035156 -0.0255050659179687 -0.113479614257812
0.0295982360839844 0.039459228515625 -0.037567138671875 -0.114028930664062
0.0294532775878906 0.0461044311523438 -0.0161666870117187 -0.118507385253906
0.0193138122558594 0.0479545593261719 0.0329437255859375 -0.111106872558594
-0.00891876220703125 0.0503616333007812 0.06597900390625 -0.079132080078125
-0.0364990234375 0.0464897155761719 0.0839385986328125 -0.0188064575195313
-0.070648193359375 -0.00022125244140624 0.0598411560058594 0.0363426208496094
-0.0877914428710937 -0.0630264282226563 -0.0132865905761719 0.0256824493408203
-0.0842132568359375 -0.109458923339844 -0.038604736328125 0.000545501708984373
-0.0918197631835938 -0.0913772583007813 0.0727386474609375 -0.1572265625
-0.10284423828125 -0.0379257202148437 0.00565338134765624 -0.089202880859375
-0.0798492431640625 0.0239181518554687 0.00975036621093749 -0.0236892700195313
-0.02685546875 0.05926513671875 0.0481452941894531 -0.0364799499511719
0.017059326171875 0.0469131469726563 0.0358123779296875 -0.0775909423828125
0.0422286987304687 0.0217399597167969 -0.00201416015624999 -0.107498168945313
0.0359916687011719 -0.00815582275390625 -0.0449066162109375 -0.113090515136719
0.030181884765625 -0.004669189453125 -0.0556488037109375 -0.111801147460938
0.0318813323974609 -0.00625419616699219 -0.030181884765625 -0.118644714355469
0.0401229858398437 -0.00538253784179687 0.0250320434570313 -0.114913940429688
0.0361518859863281 0.0163078308105469 0.0577392578125 -0.0777816772460938
0.0196723937988281 0.0420188903808594 0.0727157592773437 -0.0182952880859375
-0.0309562683105469 0.0440216064453125 0.0406951904296875 0.0254249572753906
-0.0811691284179688 0.00135040283203127 -0.0319919586181641 0.00379562377929687
-0.0983657836914063 -0.0521240234375 -0.0479469299316406 -0.0359420776367187
0.099456787109375 -0.0254974365234375 0.0737762451171875 0.04241943359375
0.0665435791015625 -0.0978469848632812 0.0537338256835938 -0.00628662109375001
-0.0366287231445312 -0.0968170166015625 -0.0206928253173828 -0.0336112976074219
-0.0879364013671875 -0.0312423706054688 -0.0684013366699219 0.0162200927734375
-0.0737457275390625 0.0206451416015625 -0.0478515625 0.0636558532714844
-0.0489921569824219 0.0661773681640625 -0.00545501708984375 0.107711791992188
-0.016510009765625 0.0722885131835938 0.0439224243164063 0.109344482421875
-0.0247917175292969 0.0593223571777344 0.0638504028320313 0.092254638671875
-0.0388412475585937 0.0613441467285156 0.0537872314453125 0.0895843505859375
-0.0577125549316406 0.0301971435546875 0.0212860107421875 0.0906753540039063
-0.0552177429199219 -0.016693115234375 0.0022430419921875 0.0729522705078125
-0.0257911682128906 -0.0464859008789063 -0.0086669921875 0.0519180297851562
0.0381660461425781 -0.0493087768554688 -0.00230026245117187 0.0629997253417969
0.0838851928710938 -0.00870513916015625 0.013275146484375 0.130653381347656
0.0750885009765625 0.03668212890625 -0.08099365234375 0.195968627929688
0.0924224853515625 -0.0870819091796875 0.096160888671875 0.032958984375
0.0450592041015625 -0.146621704101563 0.0625724792480469 -0.012603759765625
-0.0627059936523438 -0.125907897949219 -0.00287055969238281 -0.0326290130615235
-0.125999450683594 -0.0359268188476562 -0.0408210754394531 0.00743484497070313
-0.106201171875 0.0378646850585938 -0.0268783569335938 0.0383987426757813
-0.06158447265625 0.104682922363281 0.00462341308593749 0.076934814453125
-0.0113449096679687 0.108802795410156 0.041290283203125 0.0727767944335937
-0.0162277221679687 0.0935897827148438 0.0606727600097656 0.0561981201171875
-0.02960205078125 0.100677490234375 0.059173583984375 0.0576286315917969
-0.0608062744140625 0.0741348266601562 0.0400352478027344 0.066253662109375
-0.079132080078125 0.0182952880859375 0.0272407531738281 0.0586738586425781
-0.0656051635742188 -0.0260734558105469 0.0195159912109375 0.053924560546875
-0.00903320312499999 -0.0681381225585938 0.0250015258789063 0.0822525024414063
0.0475807189941406 -0.0627059936523438 0.0276641845703125 0.144607543945313
0.0549430847167969 -0.0315093994140625 -0.0623321533203125 0.20916748046875
0.0701675415039062 -0.134452819824219 0.115562438964844 0.00861358642578124
0.0160980224609375 -0.174118041992188 0.0684356689453125 -0.0246391296386719
-0.0861740112304687 -0.1392822265625 0.0134563446044922 -0.0283584594726563
-0.147705078125 -0.0357208251953125 -0.0105972290039063 0.00226497650146484
-0.123153686523438 0.05072021484375 0.00169181823730468 0.0102453231811523
-0.0655975341796875 0.128334045410156 0.0147972106933594 0.0348758697509766
-0.00330352783203125 0.129463195800781 0.0331974029541016 0.0268611907958984
-0.00518798828125 0.113975524902344 0.0491676330566406 0.0136222839355469
-0.0157852172851563 0.127700805664062 0.0549888610839844 0.0145301818847656
-0.0520095825195313 0.109771728515625 0.0505599975585938 0.030853271484375
-0.0908966064453125 0.0538406372070312 0.0509490966796875 0.0319480895996094
-0.100776672363281 -0.000152587890624979 0.0477485656738281 0.0468101501464844
-0.0584640502929687 -0.0799713134765625 0.0518875122070312 0.0920639038085938
0.00172424316406249 -0.111457824707031 0.0364990234375 0.1458740234375
0.028411865234375 -0.0939559936523438 -0.04644775390625 0.196807861328125
0.031280517578125 -0.164657592773438 0.130928039550781 -0.0235366821289063
-0.023468017578125 -0.177093505859375 0.0724716186523438 -0.0393600463867188
-0.1060791015625 -0.126487731933594 0.0262126922607422 -0.0240612030029297
-0.151885986328125 -0.023651123046875 0.0202064514160156 -0.00590324401855469
-0.119514465332031 0.05889892578125 0.0302238464355469 -0.0179805755615234
-0.0584182739257812 0.134231567382813 0.0248279571533203 -0.0141258239746094
0.00549316406249999 0.132217407226563 0.0213813781738281 -0.0245800018310547
0.00521850585937501 0.118896484375 0.028717041015625 -0.0320453643798828
-0.000144958496093763 0.134353637695313 0.0398216247558594 -0.03143310546875
-0.0369338989257812 0.12738037109375 0.0536613464355469 -0.0148391723632812
-0.0912628173828125 0.0812759399414063 0.0660171508789063 -0.00582504272460937
-0.120567321777344 0.0254058837890625 0.072723388671875 0.028961181640625
-0.0988388061523437 -0.0804977416992188 0.0727386474609375 0.0856857299804688
-0.0402069091796875 -0.14263916015625 0.039093017578125 0.125686645507813
-0.00391387939453125 -0.13922119140625 -0.032745361328125 0.162109375
-0.0184326171875 -0.1717529296875 0.132133483886719 -0.0617752075195313
-0.06549072265625 -0.154083251953125 0.0638580322265625 -0.0522956848144531
-0.114334106445313 -0.0899276733398438 0.0322933197021484 -0.0190639495849609
-0.133689880371094 0.00292205810546876 0.0483360290527344 -0.0108833312988281
-0.0961074829101563 0.0643386840820312 0.0493316650390625 -0.0440483093261719
-0.0374984741210938 0.119094848632813 0.0301895141601562 -0.0569419860839844
0.015472412109375 0.111846923828125 0.00632858276367188 -0.0675125122070313
0.0143814086914062 0.106399536132812 0.00360107421875 -0.0713653564453125
0.0142974853515625 0.121963500976563 0.0160751342773437 -0.0735931396484375
-0.0208587646484375 0.120689392089844 0.0475540161132813 -0.060760498046875
-0.0768585205078125 0.089263916015625 0.07257080078125 -0.0434112548828125
-0.114883422851563 0.0441970825195313 0.0880661010742188 0.0054779052734375
-0.113822937011719 -0.0650177001953125 0.0817947387695312 0.0683059692382813
-0.0732269287109375 -0.141769409179687 0.0310287475585937 0.0917587280273437
-0.037017822265625 -0.155792236328125 -0.0244522094726563 0.109931945800781
-0.057830810546875 -0.159652709960938 0.120498657226563 -0.0986175537109375
-0.0985107421875 -0.115119934082031 0.0480690002441406 -0.0651016235351563
-0.115776062011719 -0.04345703125 0.0316181182861328 -0.0163459777832031
-0.0994720458984375 0.0309906005859375 0.0625076293945313 -0.0211410522460937
-0.0574531555175781 0.0651817321777344 0.0588607788085937 -0.0645408630371094
-0.007568359375 0.0914993286132813 0.0243301391601563 -0.0903778076171875
0.025787353515625 0.0765228271484375 -0.01239013671875 -0.0985794067382813
0.0229339599609375 0.0745010375976563 -0.0236740112304688 -0.10003662109375
0.0217208862304687 0.0858840942382812 -0.00440216064453126 -0.103836059570313
-0.001312255859375 0.0895309448242188 0.0384902954101563 -0.0953826904296875
-0.0460281372070313 0.0729217529296875 0.0690078735351563 -0.0728225708007813
-0.0817718505859375 0.0474700927734375 0.090911865234375 -0.0160903930664062
-0.0986709594726562 -0.0345230102539063 0.0774154663085938 0.0458221435546875
-0.0867996215820312 -0.109962463378906 0.0139198303222656 0.0550422668457031
-0.0637359619140625 -0.140731811523438 -0.0241889953613281 0.0543708801269531
-0.0885848999023437 -0.128143310546875 0.100784301757813 -0.133316040039063
-0.11279296875 -0.070281982421875 0.02783203125 -0.077301025390625
-0.100212097167969 0.00360107421875002 0.0259208679199219 -0.0190753936767578
-0.057891845703125 0.0529556274414063 0.0608100891113281 -0.0293235778808594
-0.0152740478515625 0.0578117370605469 0.0531539916992188 -0.0769119262695313
0.0205650329589844 0.0556259155273438 0.0105056762695312 -0.107383728027344
0.0310440063476563 0.0322437286376953 -0.02935791015625 -0.1136474609375
0.0261516571044922 0.0344161987304688 -0.044677734375 -0.113029479980469
0.0254669189453125 0.0397415161132813 -0.0236434936523438 -0.12127685546875
0.0159835815429688 0.0391120910644531 0.0275726318359375 -0.116874694824219
-0.00524139404296875 0.04193115234375 0.06256103515625 -0.086456298828125
-0.029266357421875 0.0414085388183594 0.0838470458984375 -0.0250320434570313
-0.0624809265136719 0.00361633300781251 0.0633697509765625 0.0299224853515625
-0.0841522216796875 -0.053009033203125 -0.0066204071044922 0.0230922698974609
-0.0829544067382812 -0.0969161987304688 -0.0289535522460938 0.00374412536621093
-0.098480224609375 -0.0792160034179687 0.07501220703125 -0.1650390625
-0.102935791015625 -0.0241546630859375 0.00895690917968749 -0.09356689453125
-0.072784423828125 0.0339813232421875 0.00800895690917968 -0.030487060546875
-0.0176200866699219 0.0603446960449219 0.0450706481933594 -0.04150390625
0.0230445861816406 0.0402984619140625 0.0305328369140625 -0.079498291015625
0.0403785705566406 0.0123443603515625 -0.00835418701171875 -0.107879638671875
0.0308723449707031 -0.0154457092285156 -0.0474472045898438 -0.111480712890625
0.024261474609375 -0.0115337371826172 -0.0588607788085937 -0.109344482421875
0.0248622894287109 -0.0133209228515625 -0.0345230102539063 -0.118560791015625
0.0343170166015625 -0.0165462493896484 0.0202865600585937 -0.11846923828125
0.0367584228515625 0.00574111938476563 0.0544815063476563 -0.0819854736328125
0.0262203216552734 0.0332508087158203 0.0732421875 -0.0230865478515625
-0.0193443298339844 0.04559326171875 0.0430488586425781 0.0240745544433594
-0.0756149291992188 0.0145721435546875 -0.0251808166503906 0.0058441162109375
-0.0987777709960938 -0.037506103515625 -0.0389404296875 -0.0255661010742188
0.0963821411132813 -0.0378265380859375 0.0640869140625 0.0341987609863281
0.0528106689453125 -0.105880737304688 0.0441780090332031 -0.0102081298828125
-0.0463485717773437 -0.0913543701171875 -0.025045394897461 -0.0317611694335938
-0.0895843505859375 -0.0209121704101563 -0.0678443908691406 0.0178070068359375
-0.0709915161132813 0.029541015625 -0.047027587890625 0.063995361328125
-0.03936767578125 0.0723724365234375 -0.00241851806640625 0.107177734375
-0.008514404296875 0.0737991333007812 0.0450668334960938 0.105445861816406
-0.0163497924804688 0.0625114440917969 0.0637054443359375 0.0872039794921875
-0.0290374755859375 0.0665054321289063 0.0517807006835938 0.0846633911132813
-0.0551795959472656 0.0399398803710938 0.0202865600585937 0.086334228515625
-0.0594711303710938 -0.00871276855468751 0.00353240966796875 0.0694351196289063
-0.0342254638671875 -0.0445785522460938 -0.00439834594726562 0.0508689880371094
0.030792236328125 -0.0571975708007813 0.00141143798828126 0.0661354064941406
0.0825653076171875 -0.0235443115234375 0.01373291015625 0.13043212890625
0.0789260864257813 0.0240402221679688 -0.0805816650390625 0.197540283203125
0.0896987915039063 -0.0961685180664063 0.0849075317382813 0.0209121704101562
0.03375244140625 -0.151611328125 0.054412841796875 -0.0168724060058594
-0.0731735229492187 -0.121803283691406 -0.00742530822753907 -0.0333442687988281
-0.12823486328125 -0.0269775390625 -0.0435523986816406 0.00750350952148438
-0.102806091308594 0.0466537475585938 -0.02850341796875 0.0359573364257813
-0.05255126953125 0.110244750976563 0.0029449462890625 0.0740737915039063
-0.00298309326171874 0.110786437988281 0.0379219055175781 0.070037841796875
-0.00887298583984375 0.0965957641601563 0.0566787719726563 0.0530624389648438
-0.02081298828125 0.104721069335937 0.0538444519042969 0.0515098571777344
-0.0558395385742188 0.08026123046875 0.0361785888671875 0.0594825744628906
-0.0808334350585938 0.0242691040039062 0.0288124084472656 0.0509681701660156
-0.0717697143554688 -0.0242919921875 0.024261474609375 0.0499000549316406
-0.01312255859375 -0.0757827758789063 0.0292129516601563 0.0812835693359375
0.0475616455078125 -0.0750732421875 0.0312347412109375 0.143478393554688
0.0613555908203125 -0.0391998291015625 -0.05816650390625 0.207550048828125
0.0694580078125 -0.140533447265625 0.105949401855469 -0.00457763671875001
0.00891113281249998 -0.176895141601563 0.0606613159179688 -0.0307846069335938
-0.0927276611328125 -0.13519287109375 0.00710487365722656 -0.0315513610839844
-0.149795532226563 -0.02874755859375 -0.0144309997558594 -0.00210762023925781
-0.121253967285156 0.0572586059570313 -0.00341844558715821 0.00647068023681641
-0.0582733154296875 0.131790161132813 0.0104579925537109 0.0304126739501953
0.0021209716796875 0.130599975585938 0.0268020629882813 0.0243568420410156
-0.00121307373046875 0.115592956542969 0.0404586791992188 0.0108451843261719
-0.00862884521484374 0.129051208496094 0.0459480285644531 0.00987243652343751
-0.0492095947265625 0.112579345703125 0.0465736389160156 0.022064208984375
-0.093414306640625 0.0576019287109375 0.050048828125 0.0229530334472656
-0.103385925292969 0.000518798828124989 0.0527191162109375 0.0398941040039062
-0.0604400634765625 -0.0846939086914063 0.0568771362304687 0.0870132446289062
0.00363159179687501 -0.118705749511719 0.0423736572265625 0.14117431640625
0.0340652465820313 -0.098388671875 -0.0379180908203125 0.193405151367187
0.0337066650390625 -0.16534423828125 0.121749877929688 -0.0391159057617188
-0.0252838134765625 -0.176132202148438 0.0625076293945313 -0.0480575561523438
-0.107063293457031 -0.123588562011719 0.0197582244873047 -0.0289211273193359
-0.151641845703125 -0.01953125 0.0161800384521484 -0.00928497314453125
-0.118614196777344 0.0622100830078125 0.0237045288085937 -0.024017333984375
-0.05316162109375 0.1348876953125 0.0179023742675781 -0.0175342559814453
0.008941650390625 0.130790710449219 0.0129642486572266 -0.0245037078857422
0.00755310058593751 0.118408203125 0.0184307098388672 -0.0334625244140625
0.00434112548828124 0.134353637695313 0.0293769836425781 -0.0339870452880859
-0.0350189208984375 0.126686096191406 0.0462684631347656 -0.0219345092773437
-0.0910873413085937 0.0817184448242187 0.062713623046875 -0.0144271850585937
-0.119888305664062 0.0256805419921875 0.0754623413085937 0.01953125
-0.098297119140625 -0.0820388793945312 0.078277587890625 0.078216552734375
-0.039520263671875 -0.144119262695313 0.0444107055664063 0.120086669921875
0.00106811523437501 -0.139167785644531 -0.0229339599609375 0.15777587890625
-0.011871337890625 -0.1683349609375 0.12615966796875 -0.0769882202148438
-0.062408447265625 -0.150527954101563 0.0568466186523437 -0.0624275207519531
-0.113517761230469 -0.0881500244140625 0.0283050537109375 -0.0255031585693359
-0.131263732910156 0.00132751464843749 0.04278564453125 -0.0173454284667969
-0.0945510864257813 0.063323974609375 0.0444297790527344 -0.0515899658203125
-0.0349578857421875 0.11859130859375 0.0212020874023438 -0.0607070922851562
0.013946533203125 0.109382629394531 -0.00337982177734375 -0.0674057006835938
0.0153579711914063 0.103164672851563 -0.00721740722656249 -0.0718612670898438
0.0143966674804687 0.117774963378906 0.00759124755859375 -0.0749359130859375
-0.019134521484375 0.117477416992188 0.0396270751953125 -0.0659217834472656
-0.0745162963867188 0.0868148803710937 0.0666160583496094 -0.0518264770507813
-0.112106323242188 0.0421066284179687 0.0873565673828125 -0.00559234619140625
-0.110969543457031 -0.0650787353515625 0.0861892700195313 0.0583114624023437
-0.0706558227539062 -0.13916015625 0.0366973876953125 0.0855560302734375
-0.0306854248046875 -0.150390625 -0.0142669677734375 0.106033325195312
-0.05438232421875 -0.148910522460937 0.11798095703125 -0.112335205078125
-0.093109130859375 -0.108390808105469 0.0453567504882812 -0.07427978515625
-0.108619689941406 -0.0399246215820312 0.0302715301513672 -0.02288818359375
-0.0949859619140625 0.0284423828125 0.0583076477050781 -0.0262794494628906
-0.0536766052246094 0.0609817504882813 0.0534095764160156 -0.0702095031738281
-0.00871276855468751 0.0868301391601563 0.0167999267578125 -0.0928497314453125
0.0203781127929687 0.07354736328125 -0.021331787109375 -0.0982437133789063
0.0190811157226563 0.0717620849609375 -0.03070068359375 -0.0983657836914063
0.0199737548828125 0.0839080810546875 -0.01348876953125 -0.103553771972656
-0.00328826904296875 0.0830154418945313 0.0284347534179687 -0.100990295410156
-0.0457725524902344 0.0674095153808594 0.0641021728515625 -0.0799560546875
-0.0770492553710937 0.04302978515625 0.0891189575195313 -0.0251846313476562
-0.0927581787109375 -0.0361480712890625 0.0805892944335938 0.038238525390625
-0.0802154541015625 -0.10345458984375 0.0181694030761719 0.048248291015625
-0.0573501586914063 -0.129623413085937 -0.0121650695800781 0.0517921447753906
-0.0854644775390625 -0.113815307617188 0.099212646484375 -0.143905639648438
-0.105522155761719 -0.0590972900390625 0.0285797119140625 -0.085968017578125
-0.091644287109375 0.00510406494140623 0.0222549438476562 -0.024749755859375
-0.0500106811523438 0.0489730834960938 0.0576591491699219 -0.0347175598144531
-0.0098419189453125 0.0506210327148438 0.0466079711914063 -0.0796356201171875
0.0174789428710937 0.046630859375 0.00510406494140626 -0.108375549316406
0.0233840942382813 0.028167724609375 -0.0368881225585937 -0.111289978027344
0.0207061767578125 0.0309600830078125 -0.0497589111328125 -0.109428405761719
0.0196037292480469 0.0357589721679687 -0.0304183959960937 -0.117942810058594
0.0113735198974609 0.0330390930175781 0.0200119018554688 -0.118919372558594
-0.0068817138671875 0.0335807800292969 0.0574874877929687 -0.0900726318359375
-0.0252876281738281 0.0335140228271484 0.0822906494140625 -0.031585693359375
-0.0534133911132813 0.00135040283203124 0.0648460388183594 0.02398681640625
-0.075653076171875 -0.0453720092773438 -0.00104331970214844 0.0201244354248047
-0.078094482421875 -0.0834884643554687 -0.0176620483398438 0.00675582885742187
-0.100288391113281 -0.0644912719726563 0.0765228271484375 -0.171630859375
-0.097808837890625 -0.0114822387695313 0.00977325439453125 -0.100662231445313
-0.0653228759765625 0.03997802734375 0.00567436218261719 -0.0333156585693359
-0.00693130493164063 0.0574913024902344 0.0421562194824219 -0.0431404113769531
0.0277042388916016 0.0331707000732422 0.0272674560546875 -0.0781707763671875
0.03857421875 0.0035400390625 -0.01202392578125 -0.106307983398437
0.02197265625 -0.0203227996826172 -0.0500640869140625 -0.107261657714844
0.018524169921875 -0.0139389038085938 -0.06048583984375 -0.105758666992188
0.0168972015380859 -0.0174064636230469 -0.0371475219726563 -0.115394592285156
0.0266036987304687 -0.0214920043945312 0.0152053833007812 -0.119178771972656
0.0339450836181641 -0.00405120849609375 0.0514297485351563 -0.0831146240234375
0.0313205718994141 0.0241737365722656 0.0718536376953125 -0.0274810791015625
-0.00964736938476563 0.0434761047363281 0.0452156066894531 0.0177383422851563
-0.0640144348144531 0.0237159729003906 -0.0193920135498047 0.00469970703125
-0.0917282104492188 -0.02374267578125 -0.0276699066162109 -0.0232295989990234
0.0912322998046875 -0.0458984375 0.0516242980957031 0.0304222106933594
0.0413131713867188 -0.107254028320313 0.0362396240234375 -0.00926208496093751
-0.0518951416015625 -0.0848312377929687 -0.0263652801513672 -0.0300559997558594
-0.088592529296875 -0.0125579833984375 -0.0661125183105469 0.0189895629882812
-0.0673370361328125 0.0352821350097656 -0.0469017028808594 0.062469482421875
-0.0310287475585938 0.0737686157226562 -0.00274658203125001 0.105033874511719
-0.001953125 0.07330322265625 0.0421524047851562 0.104423522949219
-0.00989913940429687 0.0627288818359375 0.0593338012695313 0.0856475830078125
-0.0212364196777344 0.0683708190917969 0.048187255859375 0.082489013671875
-0.0503807067871094 0.0454483032226563 0.01702880859375 0.082794189453125
-0.0611381530761719 -0.00279235839843751 0.00311660766601563 0.0651206970214844
-0.0389442443847656 -0.0413055419921875 -0.00234603881835937 0.0483856201171875
0.0237693786621094 -0.0617256164550781 0.00347900390625001 0.0673065185546875
0.0775985717773438 -0.0336837768554688 0.0133132934570313 0.131584167480469
0.0799026489257813 0.013671875 -0.0821380615234375 0.195510864257812
0.0880203247070313 -0.101821899414063 0.071746826171875 0.0157470703125
0.0256195068359375 -0.152572631835938 0.0440216064453125 -0.0176849365234375
-0.0776443481445312 -0.11712646484375 -0.0105304718017578 -0.0321006774902344
-0.12701416015625 -0.0207748413085938 -0.0443916320800781 0.00721359252929687
-0.0997314453125 0.051055908203125 -0.0301227569580078 0.0342826843261719
-0.0448455810546875 0.110870361328125 0.000778198242187498 0.0722274780273438
0.00249481201171875 0.109298706054687 0.032989501953125 0.0700912475585938
-0.00472259521484375 0.09619140625 0.0497055053710938 0.0524063110351563
-0.0148696899414063 0.106094360351563 0.0471763610839844 0.0496444702148438
-0.0530624389648438 0.0845565795898438 0.0312004089355469 0.0551223754882813
-0.0829620361328125 0.0283432006835937 0.0269393920898438 0.0452995300292969
-0.0758132934570312 -0.0234756469726562 0.0257034301757812 0.044769287109375
-0.0175018310546875 -0.0807342529296875 0.0322036743164063 0.0797500610351563
0.0459747314453125 -0.084014892578125 0.0312042236328125 0.141281127929688
0.0658187866210938 -0.0472488403320312 -0.0585174560546875 0.202865600585938
0.0715484619140625 -0.143325805664063 0.0937423706054688 -0.0122299194335938
0.00503540039062499 -0.177825927734375 0.0503158569335937 -0.0333213806152344
-0.0945358276367187 -0.132888793945313 0.00323867797851562 -0.032461166381836
-0.148544311523438 -0.0254669189453125 -0.0165557861328125 -0.00350761413574219
-0.118873596191406 0.05926513671875 -0.0077657699584961 0.00358867645263672
-0.053680419921875 0.13201904296875 0.00541496276855469 0.0285625457763672
0.00518798828125 0.129112243652344 0.0201377868652344 0.0249691009521484
0.00136566162109375 0.115165710449219 0.0326595306396484 0.0110397338867188
-0.00562286376953124 0.129005432128906 0.0378646850585937 0.00906372070312501
-0.047119140625 0.113876342773438 0.03955078125 0.0178031921386719
-0.0940170288085937 0.0586090087890625 0.0463371276855469 0.016448974609375
-0.106101989746094 -0.00032806396484376 0.0530891418457031 0.03326416015625
-0.061798095703125 -0.08990478515625 0.0587310791015625 0.0825653076171875
0.0048370361328125 -0.125579833984375 0.0436172485351562 0.137237548828125
0.04022216796875 -0.103103637695313 -0.0367584228515625 0.187332153320313
0.039031982421875 -0.165420532226563 0.110176086425781 -0.0474853515625
-0.0236358642578125 -0.17657470703125 0.0533523559570312 -0.0515975952148438
-0.105690002441406 -0.1241455078125 0.0153846740722656 -0.0310821533203125
-0.150238037109375 -0.0196075439453125 0.0125141143798828 -0.0124435424804688
-0.117851257324219 0.0621261596679687 0.0170059204101562 -0.0269737243652344
-0.0512313842773438 0.133064270019531 0.0113410949707031 -0.0179958343505859
0.00798797607421874 0.129135131835938 0.00495719909667969 -0.0231819152832031
0.00724029541015624 0.117141723632813 0.00976371765136719 -0.0317859649658203
0.00454711914062499 0.13275146484375 0.021514892578125 -0.0346508026123047
-0.035858154296875 0.125747680664063 0.0388336181640625 -0.0263595581054687
-0.0927047729492187 0.0796966552734375 0.0584564208984375 -0.0205497741699219
-0.120048522949219 0.023101806640625 0.0739974975585937 0.0122909545898438
-0.0965042114257812 -0.0867691040039063 0.0790176391601563 0.0722579956054688
-0.0366668701171875 -0.147384643554688 0.0463714599609375 0.11419677734375
0.00898742675781251 -0.139938354492188 -0.018951416015625 0.150802612304688
-0.00305175781249998 -0.16424560546875 0.118728637695313 -0.0850296020507813
-0.056427001953125 -0.1497802734375 0.0510063171386719 -0.0675506591796875
-0.108573913574219 -0.0909194946289063 0.0229015350341797 -0.0291404724121094
-0.128936767578125 -0.00180816650390627 0.0386886596679687 -0.0215568542480469
-0.0948715209960938 0.0604782104492187 0.0375137329101563 -0.05377197265625
-0.0367507934570313 0.115669250488281 0.014068603515625 -0.0613174438476563
0.0110549926757813 0.108451843261719 -0.0103683471679687 -0.0656242370605469
0.0119781494140625 0.10162353515625 -0.0141944885253906 -0.0690727233886719
0.0115890502929687 0.115875244140625 0.000251770019531247 -0.073486328125
-0.0217666625976563 0.113746643066406 0.0318603515625 -0.0687446594238281
-0.0760269165039062 0.0815048217773438 0.0610923767089844 -0.0567245483398437
-0.110084533691406 0.0365447998046875 0.0848617553710938 -0.0120391845703125
-0.106086730957031 -0.069580078125 0.0861740112304688 0.0517044067382812
-0.0637664794921875 -0.139739990234375 0.0379409790039062 0.0785980224609375
-0.0213775634765625 -0.147491455078125 -0.0087738037109375 0.0993194580078125
-0.0450897216796875 -0.141860961914063 0.114234924316406 -0.119979858398438
-0.0836105346679688 -0.105087280273438 0.0419921875 -0.0804977416992188
-0.100349426269531 -0.0427169799804687 0.0255813598632812 -0.0271892547607422
-0.0904541015625 0.0220870971679687 0.0543899536132812 -0.030059814453125
-0.055328369140625 0.0545845031738281 0.0477066040039062 -0.071990966796875
-0.01361083984375 0.0829925537109375 0.010833740234375 -0.0922164916992188
0.0144577026367188 0.0718994140625 -0.0255203247070313 -0.0953750610351563
0.0150222778320312 0.0703277587890625 -0.0354690551757812 -0.0950851440429688
0.01397705078125 0.08111572265625 -0.0191497802734375 -0.10223388671875
-0.00899505615234374 0.0790481567382813 0.02239990234375 -0.101974487304688
-0.0476303100585938 0.0611457824707031 0.0588150024414063 -0.0825424194335938
-0.0749664306640625 0.0361480712890625 0.0857391357421875 -0.029876708984375
-0.085723876953125 -0.0396347045898437 0.07879638671875 0.0319061279296875
-0.07171630859375 -0.101707458496094 0.0209388732910156 0.0426979064941406
-0.0468368530273438 -0.123748779296875 -0.00488662719726563 0.0464439392089844
-0.0785675048828125 -0.104774475097656 0.0996551513671875 -0.14971923828125
-0.0955963134765625 -0.0540237426757812 0.0284347534179687 -0.091949462890625
-0.0825653076171875 0.00481414794921875 0.0188751220703125 -0.0286464691162109
-0.0441436767578125 0.0415763854980469 0.0544624328613281 -0.0372734069824219
-0.0112838745117188 0.0432243347167969 0.0423126220703125 -0.0801467895507813
0.0118789672851563 0.0414085388183594 0.00159454345703125 -0.106552124023438
0.0159378051757813 0.0266780853271484 -0.0391693115234375 -0.109336853027344
0.0150737762451172 0.0296115875244141 -0.0519027709960937 -0.106681823730469
0.0123481750488281 0.0338249206542969 -0.0323867797851562 -0.116218566894531
0.00387382507324219 0.0288219451904297 0.0155029296875 -0.118942260742188
-0.0112361907958984 0.0264549255371094 0.0545501708984375 -0.0915069580078125
-0.0238189697265625 0.0253524780273437 0.0796432495117187 -0.0350570678710937
-0.0456504821777344 -0.00308990478515625 0.0633049011230469 0.0186538696289062
-0.0648574829101563 -0.0422782897949219 0.00277423858642578 0.0156641006469727
-0.0668487548828125 -0.0756607055664062 -0.00762510299682618 0.00405216217041015
-0.0963592529296875 -0.05419921875 0.0787811279296875 -0.173477172851563
-0.0896377563476563 -0.00404357910156249 0.011383056640625 -0.105255126953125
-0.0560646057128906 0.0423545837402344 0.00310897827148437 -0.0354652404785156
-0.000400543212890628 0.05157470703125 0.0388259887695313 -0.0437583923339844
0.0282497406005859 0.0265178680419922 0.0252914428710937 -0.0766220092773438
0.0325813293457031 -0.00279045104980469 -0.0126113891601563 -0.103462219238281
0.0147705078125 -0.0211410522460937 -0.049560546875 -0.104896545410156
0.0126161575317383 -0.0152215957641602 -0.0595626831054688 -0.102859497070312
0.00922966003417969 -0.0181446075439453 -0.037384033203125 -0.114700317382813
0.0181503295898438 -0.0255813598632813 0.0135116577148437 -0.117347717285156
0.0297508239746094 -0.0108737945556641 0.0503311157226563 -0.0837326049804688
0.0312042236328125 0.0158538818359375 0.0702323913574219 -0.0290451049804688
-0.00229644775390625 0.0388984680175781 0.0438728332519531 0.0148849487304688
-0.0533561706542969 0.0261955261230469 -0.0136833190917969 0.00210094451904297
-0.0821990966796875 -0.0146713256835938 -0.0159530639648438 -0.0221405029296875
0.087921142578125 -0.0512466430664063 0.0399513244628906 0.0306358337402344
0.0346298217773438 -0.107429504394531 0.0299205780029297 -0.00635528564453126
-0.0550613403320313 -0.081024169921875 -0.0267868041992188 -0.0287837982177734
-0.087677001953125 -0.00713348388671873 -0.066864013671875 0.0184707641601562
-0.0642623901367188 0.0380363464355469 -0.0494270324707031 0.0616455078125
-0.0252609252929688 0.0742416381835938 -0.00555419921874999 0.10516357421875
0.0024871826171875 0.0731430053710938 0.0385818481445312 0.105659484863281
-0.00603485107421875 0.0633583068847656 0.0548782348632812 0.086883544921875
-0.0159645080566406 0.0696372985839844 0.0431976318359375 0.0845489501953125
-0.0470962524414062 0.0493888854980469 0.0121688842773437 0.0826034545898437
-0.0620689392089844 0.00243759155273437 0.001068115234375 0.0629463195800781
-0.042999267578125 -0.0391693115234375 -0.00213241577148438 0.0463333129882812
0.0184669494628906 -0.0650520324707031 0.00423812866210937 0.0688362121582031
0.073944091796875 -0.040802001953125 0.0100021362304687 0.134346008300781
0.0798110961914063 0.0068206787109375 -0.08978271484375 0.196136474609375
0.0893707275390625 -0.107223510742188 0.0592269897460938 0.0146141052246094
0.022552490234375 -0.154342651367188 0.0365142822265625 -0.0158958435058594
-0.0789031982421875 -0.115859985351563 -0.0127429962158203 -0.0311813354492188
-0.126129150390625 -0.018218994140625 -0.0456314086914063 0.00598526000976562
-0.09857177734375 0.0525054931640625 -0.0340900421142578 0.0327644348144531
-0.0410232543945312 0.11151123046875 -0.00350189208984376 0.071807861328125
0.00418090820312499 0.10992431640625 0.0275650024414063 0.0723800659179688
-0.00269317626953125 0.0972671508789063 0.0436973571777344 0.0551185607910156
-0.0120162963867187 0.107315063476563 0.0411567687988281 0.0513992309570313
-0.0523529052734375 0.0873794555664062 0.0253334045410156 0.0542106628417969
-0.0860824584960938 0.0311813354492188 0.0239105224609375 0.0421066284179688
-0.0799331665039063 -0.0246963500976562 0.0255889892578125 0.0416717529296875
-0.0203018188476562 -0.0869979858398438 0.0327606201171875 0.0797958374023438
0.0456466674804688 -0.0917892456054688 0.028411865234375 0.14239501953125
0.0699729919433594 -0.05426025390625 -0.065643310546875 0.201400756835938
0.076934814453125 -0.14874267578125 0.0819320678710938 -0.0146102905273438
0.00585937499999999 -0.18096923828125 0.042877197265625 -0.0325584411621094
-0.09442138671875 -0.135208129882812 0.000133514404296868 -0.0326118469238281
-0.148834228515625 -0.0257568359375 -0.0198917388916016 -0.00459480285644531
-0.119705200195312 0.059234619140625 -0.01214599609375 0.00150680541992188
-0.0525360107421875 0.132049560546875 0.000556945800781245 0.0288848876953125
0.00444793701171876 0.13092041015625 0.0141849517822266 0.0282230377197266
0.000656127929687502 0.116668701171875 0.0255203247070312 0.0140781402587891
-0.0055389404296875 0.130569458007813 0.0313606262207031 0.0102767944335938
-0.0491790771484375 0.115913391113281 0.0325374603271484 0.0161380767822266
-0.0985946655273438 0.0596542358398437 0.0430030822753906 0.0124549865722656
-0.1094970703125 -0.00308227539062498 0.0524978637695312 0.0290908813476562
-0.0628128051757813 -0.0976181030273438 0.0595703125 0.0811309814453125
0.00756072998046876 -0.133949279785156 0.0416488647460937 0.136245727539063
0.0484542846679687 -0.109535217285156 -0.0411224365234375 0.18414306640625
0.0483245849609375 -0.16851806640625 0.101715087890625 -0.051177978515625
-0.0189056396484375 -0.180816650390625 0.0463485717773438 -0.053131103515625
-0.103897094726563 -0.129936218261719 0.0115871429443359 -0.0319671630859375
-0.151199340820312 -0.0235748291015625 0.00907707214355468 -0.0140380859375
-0.121063232421875 0.0605010986328125 0.0124988555908203 -0.0285682678222656
-0.0537261962890625 0.133041381835938 0.00592231750488281 -0.0179233551025391
0.00521087646484376 0.131027221679688 -0.000762939453125002 -0.0199546813964844
0.00424194335937501 0.119140625 0.00367546081542969 -0.0287933349609375
0.00159454345703124 0.134284973144531 0.0151042938232422 -0.0335330963134765
-0.0396881103515625 0.126274108886719 0.0326728820800781 -0.0274562835693359
-0.0976333618164063 0.0783843994140625 0.0548629760742188 -0.0241127014160156
-0.124160766601562 0.0180130004882812 0.0726470947265625 0.0077667236328125
-0.0950698852539062 -0.094818115234375 0.0786972045898438 0.0689239501953125
-0.0304412841796875 -0.154922485351563 0.045318603515625 0.111183166503906
0.0196990966796875 -0.1444091796875 -0.0203704833984375 0.145828247070313
0.00787353515625 -0.16534423828125 0.113700866699219 -0.0898666381835938
-0.0482330322265625 -0.153900146484375 0.0466537475585938 -0.071441650390625
-0.104568481445312 -0.0982742309570313 0.0192146301269531 -0.0307636260986328
-0.1300048828125 -0.00862884521484376 0.0352592468261719 -0.0232467651367188
-0.0992279052734375 0.057037353515625 0.0335426330566406 -0.0550994873046875
-0.0414886474609375 0.114715576171875 0.00933837890625 -0.0609893798828125
0.00565338134765625 0.110755920410156 -0.015350341796875 -0.0634422302246094
0.0069732666015625 0.103233337402344 -0.0187492370605469 -0.0667457580566406
0.00616455078124999 0.117591857910156 -0.00421905517578124 -0.0733718872070312
-0.0279693603515625 0.113662719726562 0.0267143249511719 -0.0701751708984375
-0.0817794799804687 0.0781784057617188 0.058135986328125 -0.0593032836914063
-0.112602233886719 0.029937744140625 0.08306884765625 -0.0159225463867188
-0.102806091308594 -0.0770950317382812 0.0848922729492188 0.048614501953125
-0.05609130859375 -0.144973754882813 0.037567138671875 0.0747222900390625
-0.0096588134765625 -0.149551391601563 -0.00685119628906251 0.0941314697265625
-0.0343170166015625 -0.141555786132812 0.114631652832031 -0.12481689453125
-0.0734786987304688 -0.107582092285156 0.0407257080078125 -0.0854034423828125
-0.0946884155273438 -0.0496902465820313 0.0222187042236328 -0.0299415588378906
-0.0900497436523438 0.0139312744140625 0.0514373779296875 -0.0320167541503906
-0.0596275329589844 0.0492401123046875 0.04437255859375 -0.0732498168945313
-0.0194931030273437 0.0811309814453125 0.00868988037109374 -0.0922470092773438
0.00777435302734375 0.0741348266601563 -0.0272750854492187 -0.0947723388671875
0.00872802734374999 0.0721359252929688 -0.0376434326171875 -0.0934906005859375
0.00750732421874999 0.0829010009765625 -0.0216064453125 -0.102386474609375
-0.016326904296875 0.0775909423828125 0.019317626953125 -0.102577209472656
-0.0532989501953125 0.0562896728515625 0.0569000244140625 -0.0838394165039063
-0.0767288208007813 0.0281295776367188 0.083831787109375 -0.0320663452148438
-0.0807952880859375 -0.0471038818359375 0.0775604248046875 0.0291976928710937
-0.0626602172851562 -0.104942321777344 0.0210723876953125 0.0375862121582031
-0.0348587036132813 -0.123580932617188 0.00034332275390625 0.0413360595703125
-0.0696487426757813 -0.101478576660156 0.104461669921875 -0.154373168945312
-0.086029052734375 -0.0546112060546875 0.0294723510742188 -0.0978546142578125
-0.0763397216796875 0.000595092773437486 0.0164985656738281 -0.0316677093505859
-0.0423622131347656 0.0341529846191406 0.05255126953125 -0.0384979248046875
-0.0142669677734375 0.0369911193847656 0.0412139892578125 -0.0798187255859375
0.00547409057617187 0.0388069152832031 0.00162506103515625 -0.106071472167969
0.00946807861328125 0.0278205871582031 -0.0387725830078125 -0.109146118164063
0.008819580078125 0.0304164886474609 -0.0509185791015625 -0.106597900390625
0.00564956665039063 0.0354270935058594 -0.032135009765625 -0.117256164550781
-0.00362586975097656 0.0275917053222656 0.014923095703125 -0.119667053222656
-0.0167407989501953 0.0212764739990234 0.0538406372070313 -0.0917282104492188
-0.0251922607421875 0.0178985595703125 0.078948974609375 -0.0362777709960938
-0.0393486022949219 -0.00922393798828126 0.0619087219238281 0.01617431640625
-0.0550537109375 -0.0437736511230469 0.00475311279296875 0.0107793807983398
-0.0556106567382813 -0.0731277465820313 0.00111639499664306 0.000685453414916988
-0.0914688110351563 -0.0493927001953125 0.0856475830078125 -0.17706298828125
-0.0827178955078125 -0.00125885009765625 0.0141220092773437 -0.110855102539062
-0.0501289367675781 0.04095458984375 0.00191116333007812 -0.0374755859375
0.0028228759765625 0.0463409423828125 0.038055419921875 -0.043609619140625
0.0269794464111328 0.0203838348388672 0.026092529296875 -0.0754852294921875
0.0272483825683594 -0.00612449645996094 -0.0107955932617187 -0.102798461914063
0.00874519348144531 -0.0205593109130859 -0.0459823608398438 -0.105865478515625
0.00755882263183594 -0.0151491165161133 -0.056060791015625 -0.103584289550781
0.00324440002441406 -0.0177021026611328 -0.0354385375976562 -0.116096496582031
0.0114917755126953 -0.0267620086669922 0.0152053833007813 -0.118759155273438
0.0245132446289063 -0.0156478881835938 0.0514755249023437 -0.0833663940429688
0.0299224853515625 0.00920295715332031 0.070556640625 -0.0294952392578125
0.0024871826171875 0.0341567993164063 0.0434913635253906 0.013092041015625
-0.0445098876953125 0.0262222290039063 -0.0094451904296875 -0.00172138214111328
-0.0732650756835938 -0.0111770629882813 -0.00482559204101563 -0.0241107940673828
0.0869369506835938 -0.055511474609375 0.0294895172119141 0.0340633392333984
0.0302734375 -0.110000610351563 0.0249061584472656 -0.00326728820800782
-0.05792236328125 -0.0801544189453125 -0.02838134765625 -0.0285453796386719
-0.088043212890625 -0.00373077392578126 -0.0687637329101563 0.0179862976074219
-0.0635414123535156 0.0414810180664063 -0.0536155700683594 0.06243896484375
-0.0209197998046875 0.0759429931640625 -0.00896453857421876 0.109054565429687
0.0067138671875 0.0745697021484375 0.0358352661132813 0.112083435058594
-0.00279998779296876 0.0651130676269531 0.0522613525390625 0.0925979614257812
-0.0116195678710938 0.071868896484375 0.0404815673828125 0.08966064453125
-0.0451545715332031 0.0538749694824219 0.008270263671875 0.0862197875976563
-0.063995361328125 0.00652694702148437 -0.00191497802734375 0.0631332397460938
-0.0468254089355469 -0.0384178161621094 -0.00276565551757813 0.0454864501953125
0.0143089294433594 -0.0684814453125 0.00492095947265624 0.0724258422851563
0.0718460083007813 -0.0468673706054688 0.007171630859375 0.1414794921875
0.0814437866210937 0.000732421875 -0.100967407226562 0.20233154296875
0.092742919921875 -0.114395141601563 0.0491142272949219 0.0166130065917969
0.02056884765625 -0.160049438476563 0.0314064025878906 -0.0131320953369141
-0.0824813842773438 -0.118743896484375 -0.0145912170410156 -0.0315647125244141
-0.128837585449219 -0.0170135498046875 -0.04803466796875 0.005157470703125
-0.100715637207031 0.0553436279296875 -0.0391273498535156 0.0327644348144531
-0.0397796630859375 0.114021301269531 -0.00811004638671876 0.0745010375976563
0.00622558593749999 0.113639831542969 0.0237808227539062 0.0781707763671875
-0.00108337402343749 0.100791931152344 0.0399932861328125 0.060089111328125
-0.0101089477539062 0.111473083496094 0.0371513366699219 0.055633544921875
-0.0530242919921875 0.0925979614257813 0.0196723937988281 0.0564613342285156
-0.0907363891601563 0.0345993041992187 0.0208091735839844 0.0410614013671875
-0.085662841796875 -0.0262222290039062 0.0252799987792969 0.0405311584472656
-0.0238189697265625 -0.0940017700195313 0.0341567993164062 0.082672119140625
0.0468368530273437 -0.10150146484375 0.0261993408203125 0.148605346679688
0.0758438110351563 -0.0625457763671875 -0.0748291015625 0.20550537109375
0.0843048095703125 -0.157089233398438 0.0736846923828125 -0.0145492553710938
0.00752258300781251 -0.189437866210937 0.0377349853515625 -0.0316047668457031
-0.0963287353515625 -0.141921997070313 -0.00218772888183594 -0.0331211090087891
-0.153167724609375 -0.0282440185546875 -0.0222244262695313 -0.00574684143066406
-0.124794006347656 0.0603561401367188 -0.0173978805541992 0.000990867614746096
-0.0543670654296875 0.135581970214844 -0.00385284423828125 0.0302524566650391
0.00432586669921876 0.136245727539063 0.00968551635742188 0.0331516265869141
9.15527343749886E-05 0.121757507324219 0.0212612152099609 0.0186862945556641
-0.0058441162109375 0.135978698730469 0.0270309448242187 0.0129833221435547
-0.0519027709960937 0.121116638183594 0.0273971557617187 0.017547607421875
-0.105552673339844 0.0620040893554688 0.0404319763183594 0.00995635986328125
-0.117218017578125 -0.00687408447265627 0.0524139404296875 0.0267791748046875
-0.065765380859375 -0.107780456542969 0.0610885620117188 0.0828399658203125
0.010284423828125 -0.146209716796875 0.0406570434570312 0.139373779296875
0.0568695068359375 -0.11920166015625 -0.048004150390625 0.186767578125
0.058563232421875 -0.17791748046875 0.0969009399414063 -0.0539779663085938
-0.0144195556640625 -0.190780639648437 0.0426254272460937 -0.0543785095214844
-0.10498046875 -0.139678955078125 0.00806045532226562 -0.0332050323486328
-0.156326293945313 -0.0289306640625 0.00613689422607421 -0.0156116485595703
-0.128578186035156 0.0600967407226562 0.00828933715820312 -0.0298633575439453
-0.0576858520507813 0.136619567871094 0.001617431640625 -0.0178165435791016
0.00245666503906251 0.137626647949219 -0.00535869598388672 -0.0169172286987305
0.00211334228515625 0.124526977539062 -0.000402450561523438 -0.0259742736816406
-0.00100708007812499 0.141036987304687 0.010528564453125 -0.0323677062988281
-0.04510498046875 0.131843566894531 0.0279560089111328 -0.0279960632324219
-0.105888366699219 0.0793914794921875 0.0525588989257812 -0.0271644592285156
-0.131706237792969 0.0131301879882813 0.0731201171875 0.0047760009765625
-0.0970535278320313 -0.105506896972656 0.0802230834960938 0.0693130493164063
-0.0267791748046875 -0.167129516601562 0.0441131591796875 0.112586975097656
0.0307769775390625 -0.154144287109375 -0.0244293212890625 0.145858764648438
0.019927978515625 -0.17327880859375 0.112747192382813 -0.0951004028320313
-0.0408782958984375 -0.1634521484375 0.0441055297851563 -0.07537841796875
-0.103874206542969 -0.10919189453125 0.0156345367431641 -0.0327949523925781
-0.135200500488281 -0.0156784057617187 0.0326976776123047 -0.0250034332275391
-0.107437133789062 0.0552139282226563 0.0308494567871094 -0.0575141906738281
-0.0486221313476562 0.117828369140625 0.00683975219726562 -0.0626068115234375
0.00135803222656249 0.116950988769531 -0.018524169921875 -0.0625419616699219
0.00302886962890625 0.10882568359375 -0.0222244262695313 -0.0655860900878906
0.00135803222656249 0.123519897460937 -0.00794982910156251 -0.0736541748046875
-0.0346298217773437 0.117912292480469 0.0227203369140625 -0.0720443725585937
-0.0904617309570313 0.0774917602539063 0.0576934814453125 -0.0629653930664063
-0.119880676269531 0.023590087890625 0.0839157104492188 -0.0183334350585938
-0.103012084960938 -0.08831787109375 0.085906982421875 0.0477294921875
-0.0503692626953125 -0.156326293945313 0.0362777709960938 0.0733489990234375
0.00222778320312499 -0.157989501953125 -0.00639343261718751 0.0911178588867187
-0.024169921875 -0.146270751953125 0.118247985839844 -0.132583618164063
-0.0660476684570313 -0.115119934082031 0.0402297973632812 -0.0921401977539063
-0.092681884765625 -0.0593490600585938 0.01947021484375 -0.0324211120605469
-0.0934524536132812 0.00597381591796876 0.0503616333007813 -0.0333633422851563
-0.0667610168457031 0.0464553833007812 0.0436630249023437 -0.0751800537109375
-0.0272216796875 0.0825653076171875 0.00739288330078126 -0.0937957763671875
0.0019378662109375 0.07904052734375 -0.0294113159179688 -0.0962677001953125
0.00413513183593749 0.076812744140625 -0.040008544921875 -0.0951919555664063
0.0016326904296875 0.0878372192382813 -0.0238265991210938 -0.105125427246094
-0.0238494873046875 0.0807037353515625 0.0174713134765625 -0.105720520019531
-0.0614051818847656 0.0537910461425781 0.0579071044921875 -0.0875473022460937
-0.0815963745117188 0.0215301513671875 0.085357666015625 -0.034576416015625
-0.07891845703125 -0.05706787109375 0.0777816772460938 0.0270538330078125
-0.0560073852539062 -0.112640380859375 0.0215244293212891 0.0344638824462891
-0.0234146118164063 -0.129188537597656 0.00424575805664063 0.0377197265625
-0.0621795654296875 -0.102806091308594 0.1116943359375 -0.16278076171875
-0.0793685913085938 -0.0576400756835937 0.0319595336914062 -0.105674743652344
-0.0726165771484375 -0.00505828857421876 0.0146274566650391 -0.0338764190673828
-0.04345703125 0.0280380249023437 0.0522384643554688 -0.0400161743164063
-0.0190467834472656 0.0331363677978516 0.0421905517578125 -0.0815582275390625
-0.00183868408203125 0.0388832092285156 0.0023956298828125 -0.108879089355469
0.00346183776855468 0.0313167572021484 -0.038238525390625 -0.112754821777344
0.00370597839355469 0.0334587097167969 -0.0511245727539062 -0.11029052734375
-0.000774383544921876 0.0379600524902344 -0.0328445434570312 -0.121505737304688
-0.0111598968505859 0.0283832550048828 0.015350341796875 -0.124053955078125
-0.0231971740722656 0.0174331665039063 0.0565185546875 -0.0950469970703125
-0.0281906127929688 0.0117225646972656 0.0811233520507813 -0.0377731323242188
-0.0368728637695313 -0.0164604187011719 0.0623207092285156 0.0153007507324219
-0.0477142333984375 -0.0482521057128906 0.00551223754882812 0.00696325302124023
-0.0459518432617188 -0.0755233764648438 0.0091409683227539 -0.00438690185546875
-0.0883636474609375 -0.046234130859375 0.09564208984375 -0.185989379882812
-0.0783309936523437 -0.000640869140625013 0.0177536010742188 -0.119674682617187
-0.0467262268066406 0.0409317016601563 0.000419616699218746 -0.0402297973632813
0.00471878051757813 0.0425682067871094 0.0380630493164063 -0.0444297790527344
0.0258693695068359 0.0172634124755859 0.0282974243164062 -0.075836181640625
0.0222702026367188 -0.0082244873046875 -0.007904052734375 -0.105628967285156
0.00359153747558594 -0.0205440521240234 -0.0434341430664063 -0.110893249511719
0.003662109375 -0.014653205871582 -0.0545883178710938 -0.1087646484375
-0.00190448760986328 -0.0161619186401367 -0.0336532592773438 -0.121467590332031
0.00464439392089844 -0.0273494720458984 0.0180892944335938 -0.123977661132813
0.0203227996826172 -0.0202007293701172 0.0552215576171875 -0.08624267578125
0.0293159484863281 0.00364875793457031 0.0732879638671875 -0.0305633544921875
0.00642585754394531 0.029815673828125 0.0445365905761719 0.0125541687011719
-0.0388908386230469 0.0254287719726562 -0.0064840316772461 -0.00620460510253906
-0.066741943359375 -0.00990676879882812 0.00624847412109375 -0.0286903381347656
0.0865020751953125 -0.0626220703125 0.0209121704101563 0.0392837524414062
0.0245513916015625 -0.114730834960937 0.0218906402587891 0.000574111938476555
-0.063323974609375 -0.0789947509765625 -0.0304031372070312 -0.0283794403076172
-0.0906906127929688 0.00120544433593751 -0.0725021362304688 0.0192184448242188
-0.0628318786621094 0.0466346740722656 -0.0580787658691406 0.0662994384765625
-0.0159454345703125 0.0790939331054688 -0.00997924804687501 0.115478515625
0.0118865966796875 0.0776748657226563 0.0373916625976563 0.120140075683594
0.00209808349609375 0.0678749084472656 0.0536041259765625 0.100273132324219
-0.00666046142578125 0.075347900390625 0.04052734375 0.0966415405273437
-0.04296875 0.0593986511230469 0.00537109375000001 0.0927352905273438
-0.066619873046875 0.0122642517089844 -0.00360107421875 0.0655517578125
-0.0524063110351563 -0.0372047424316406 -0.0030364990234375 0.0469741821289063
0.00897216796874999 -0.0739364624023438 0.00779724121093751 0.0778579711914062
0.07110595703125 -0.05523681640625 0.007598876953125 0.15240478515625
0.0843048095703125 -0.00640106201171875 -0.110595703125 0.216903686523438
0.0957870483398438 -0.125923156738281 0.0409507751464844 0.0194587707519531
0.0161285400390625 -0.169326782226563 0.0276298522949219 -0.0103759765625
-0.0887374877929688 -0.123115539550781 -0.0172576904296875 -0.0315895080566406
-0.134674072265625 -0.0145416259765625 -0.0520172119140625 0.00538253784179687
-0.104156494140625 0.0609283447265625 -0.0444374084472656 0.0350685119628906
-0.0377349853515625 0.119964599609375 -0.0112533569335938 0.0798110961914063
0.01031494140625 0.120101928710938 0.0231246948242187 0.0862503051757813
0.0023651123046875 0.106803894042969 0.0392189025878906 0.0674057006835938
-0.00608825683593751 0.119102478027344 0.0356407165527344 0.0612411499023438
-0.0530776977539062 0.101387023925781 0.0162467956542969 0.0614738464355469
-0.0966262817382813 0.041015625 0.0193977355957031 0.041473388671875
-0.0946197509765625 -0.0258407592773437 0.0258140563964844 0.0395965576171875
-0.0304412841796875 -0.103141784667969 0.03790283203125 0.08685302734375
0.046051025390625 -0.114646911621094 0.02752685546875 0.1575927734375
0.0818634033203125 -0.0742034912109375 -0.0824737548828125 0.218215942382813
0.09014892578125 -0.171676635742188 0.0674667358398438 -0.0149574279785156
0.00506591796875001 -0.202743530273438 0.0331363677978516 -0.0308246612548828
-0.104232788085938 -0.1505126953125 -0.00572586059570313 -0.0330333709716797
-0.162109375 -0.0281829833984375 -0.0256366729736328 -0.00626754760742187
-0.132057189941406 0.0666046142578125 -0.0229587554931641 0.00162506103515625
-0.05487060546875 0.143539428710938 -0.00838279724121094 0.0333328247070313
0.00657653808593751 0.145339965820313 0.00672531127929688 0.0389976501464844
0.00243377685546876 0.130805969238281 0.0186977386474609 0.0240535736083984
-0.00300598144531249 0.145767211914063 0.0241641998291016 0.0166721343994141
-0.0540847778320312 0.131004333496094 0.0231304168701172 0.019622802734375
-0.114288330078125 0.0687103271484375 0.0391464233398437 0.00826644897460938
-0.128189086914063 -0.00685882568359376 0.0537796020507812 0.0246467590332031
-0.0732192993164063 -0.1190185546875 0.065826416015625 0.08489990234375
0.00950622558593749 -0.16229248046875 0.04241943359375 0.146392822265625
0.064422607421875 -0.133735656738281 -0.052734375 0.195465087890625
0.06695556640625 -0.192626953125 0.0935134887695313 -0.0585098266601563
-0.014801025390625 -0.206314086914063 0.0388984680175781 -0.0564994812011719
-0.111831665039062 -0.151962280273438 0.00454330444335937 -0.0344181060791016
-0.167190551757813 -0.0316925048828125 0.00357913970947265 -0.0170269012451172
-0.1378173828125 0.0648880004882812 0.00382614135742186 -0.0317821502685547
-0.0614166259765625 0.145492553710938 -0.00268745422363282 -0.0177841186523437
0.00296020507812499 0.148025512695313 -0.00909519195556641 -0.0133275985717773
0.00208282470703125 0.134597778320313 -0.00456809997558594 -0.0226631164550781
-0.000946044921874985 0.151519775390625 0.0065765380859375 -0.0321102142333984
-0.0487213134765625 0.142105102539062 0.0238018035888672 -0.029083251953125
-0.115753173828125 0.0862350463867188 0.0522651672363281 -0.0312309265136719
-0.143051147460938 0.0118408203125 0.075439453125 0.0015106201171875
-0.104911804199219 -0.118522644042969 0.0848464965820313 0.0700531005859375
-0.0270538330078125 -0.183578491210938 0.0463714599609375 0.115501403808594
0.03839111328125 -0.16943359375 -0.02606201171875 0.15081787109375
0.028411865234375 -0.186309814453125 0.113945007324219 -0.104148864746094
-0.040008544921875 -0.178436279296875 0.0409393310546875 -0.0812149047851563
-0.109527587890625 -0.122001647949219 0.0131359100341797 -0.0345916748046875
-0.14599609375 -0.020782470703125 0.0314903259277344 -0.0267066955566406
-0.117668151855469 0.0580596923828125 0.0282974243164062 -0.0608024597167969
-0.0541000366210938 0.125442504882813 0.00278091430664062 -0.0648880004882813
-0.00048065185546876 0.127616882324219 -0.0228729248046875 -0.063018798828125
0.00156402587890626 0.117973327636719 -0.0267677307128906 -0.0657501220703125
8.21203426126235E-18 0.134117126464844 -0.0125579833984375 -0.0762100219726563
-0.0397567749023438 0.126724243164063 0.0188674926757812 -0.0755844116210937
-0.100486755371094 0.0818252563476563 0.0577507019042969 -0.0687103271484375
-0.130271911621094 0.0222930908203125 0.0864028930664062 -0.023681640625
-0.1094970703125 -0.100410461425781 0.0895919799804688 0.0467376708984375
-0.05010986328125 -0.17095947265625 0.0376663208007813 0.0731048583984375
0.0102996826171875 -0.171218872070312 -0.00547027587890625 0.0918731689453125
-0.01666259765625 -0.155792236328125 0.122177124023437 -0.145004272460937
-0.0633697509765625 -0.126358032226562 0.0393295288085938 -0.100990295410156
-0.095428466796875 -0.0698165893554687 0.0170307159423828 -0.0350532531738281
-0.100845336914063 -0.000190734863281245 0.0500030517578125 -0.0365066528320313
-0.0755767822265625 0.0467681884765625 0.0430068969726562 -0.08001708984375
-0.0342864990234375 0.088134765625 0.00475311279296876 -0.0988082885742187
-0.00128936767578125 0.08734130859375 -0.0335693359375 -0.100143432617188
0.000938415527343754 0.0833511352539063 -0.044464111328125 -0.0980911254882813
-0.00201416015625001 0.096099853515625 -0.0282821655273438 -0.110000610351562
-0.0300216674804687 0.087158203125 0.0142669677734375 -0.111885070800781
-0.070587158203125 0.0551910400390625 0.058258056640625 -0.0941925048828125
-0.0899124145507813 0.0177154541015625 0.0880050659179688 -0.039306640625
-0.0821762084960937 -0.0667953491210938 0.080230712890625 0.0258026123046875
-0.05352783203125 -0.123977661132813 0.0219135284423828 0.0320205688476562
-0.01641845703125 -0.138908386230469 0.00854682922363281 0.0337944030761719
-0.0581588745117188 -0.106353759765625 0.119369506835938 -0.178192138671875
-0.0763702392578125 -0.0626296997070312 0.0317230224609375 -0.116462707519531
-0.0720291137695313 -0.0104751586914063 0.0127830505371094 -0.0373802185058594
-0.0460853576660156 0.0228157043457031 0.0527000427246094 -0.0432395935058594
-0.0241794586181641 0.0316562652587891 0.0430755615234375 -0.0864410400390625
-0.00775909423828125 0.0405235290527344 0.000663757324218757 -0.114540100097656
-0.00138092041015625 0.0359153747558594 -0.041534423828125 -0.11865234375
0.000217437744140627 0.0375251770019531 -0.0548782348632812 -0.115676879882813
-0.00531768798828125 0.0437088012695313 -0.0366439819335937 -0.128883361816406
-0.0183811187744141 0.0315876007080078 0.014190673828125 -0.131256103515625
-0.0307445526123047 0.01580810546875 0.057769775390625 -0.101814270019531
-0.0332374572753906 0.00623703002929688 0.0841598510742188 -0.0423355102539063
-0.0359344482421875 -0.023834228515625 0.0643196105957031 0.0140533447265625
-0.0434112548828125 -0.0541610717773438 0.00687408447265625 0.00290918350219726
-0.0393753051757812 -0.0802688598632813 0.0154485702514648 -0.0102510452270508
-0.0877227783203125 -0.0443801879882812 0.105087280273438 -0.201583862304688
-0.0756378173828125 0.000839233398437496 0.0186309814453125 -0.131271362304688
-0.0433731079101563 0.0411529541015625 -0.00177001953125 -0.0438423156738281
0.00747299194335938 0.0397491455078125 0.0391120910644531 -0.0472145080566406
0.0249156951904297 0.0133857727050781 0.0307846069335937 -0.080230712890625
0.0178966522216797 -0.0102462768554688 -0.0078582763671875 -0.111198425292969
-0.000894546508789063 -0.0198211669921875 -0.0457229614257813 -0.118064880371094
-0.00034332275390625 -0.014068603515625 -0.0577239990234375 -0.115760803222656
-0.00688362121582031 -0.0149717330932617 -0.0355377197265625 -0.129753112792969
-0.00166893005371094 -0.0276222229003906 0.0181350708007812 -0.132301330566406
0.0149097442626953 -0.0244712829589844 0.0582046508789062 -0.09246826171875
0.0283145904541016 -0.00147438049316406 0.0769424438476563 -0.0334320068359375
0.0110130310058594 0.0260257720947266 0.0460052490234375 0.011749267578125
-0.0332202911376953 0.0252819061279297 -0.00475215911865235 -0.0104541778564453
-0.0623588562011719 -0.00874710083007812 0.0149879455566406 -0.0355682373046875
0.0841827392578125 -0.0719757080078125 0.0139541625976563 0.0464286804199219
0.01531982421875 -0.119827270507813 0.0192546844482422 0.00431251525878906
-0.0715103149414063 -0.0761566162109375 -0.0332870483398438 -0.0267848968505859
-0.0922698974609375 0.00871276855468748 -0.0755386352539063 0.0231857299804687
-0.0610084533691406 0.0536079406738281 -0.0604629516601563 0.0737228393554687
-0.00885009765625001 0.0823974609375 -0.0074615478515625 0.123519897460937
0.0201187133789062 0.0796279907226563 0.043792724609375 0.128608703613281
0.00865173339843749 0.0707168579101563 0.0592193603515625 0.106712341308594
0.00157928466796876 0.0789413452148438 0.0451583862304688 0.103179931640625
-0.0383872985839844 0.0664596557617188 0.00693511962890625 0.100654602050781
-0.0686798095703125 0.0201301574707031 -0.00337982177734375 0.0697593688964844
-0.0589599609375 -0.03363037109375 -0.00156784057617188 0.0486106872558594
0.000976562500000002 -0.0785140991210938 0.013092041015625 0.0833511352539063
0.0678939819335938 -0.0651397705078125 0.0137176513671875 0.163299560546875
0.0869216918945313 -0.0163421630859375 -0.112380981445312 0.237075805664063
0.0943450927734375 -0.140823364257813 0.0343799591064453 0.0231380462646484
0.0061798095703125 -0.179931640625 0.0239696502685547 -0.00750350952148439
-0.0999908447265625 -0.124565124511719 -0.0206413269042969 -0.0310382843017578
-0.140884399414063 -0.00796508789062501 -0.0562667846679688 0.00802993774414062
-0.105300903320312 0.0706787109375 -0.0485725402832031 0.0403671264648438
-0.0314788818359375 0.127723693847656 -0.0116729736328125 0.0866546630859375
0.019378662109375 0.126380920410156 0.026275634765625 0.094696044921875
0.00989532470703126 0.113395690917969 0.0424880981445312 0.073760986328125
0.00248718261718751 0.126693725585938 0.0370712280273438 0.0669364929199219
-0.0493850708007813 0.111358642578125 0.0163955688476562 0.0672760009765625
-0.100997924804688 0.0515365600585938 0.0192184448242187 0.04229736328125
-0.104621887207031 -0.0219802856445313 0.0280799865722656 0.0387458801269531
-0.0406951904296875 -0.110641479492188 0.044921875 0.0902023315429687
0.0406570434570312 -0.129554748535156 0.0344390869140625 0.1666259765625
0.084014892578125 -0.0896072387695313 -0.083221435546875 0.235015869140625
0.0899658203125 -0.190338134765625 0.06097412109375 -0.01617431640625
-0.00483703613281252 -0.216415405273438 0.0288600921630859 -0.0304851531982422
-0.117904663085938 -0.157150268554688 -0.00927543640136719 -0.0330829620361328
-0.172454833984375 -0.0234222412109375 -0.0301685333251953 -0.0058135986328125
-0.137130737304688 0.07708740234375 -0.0277900695800781 0.00396156311035157
-0.0510711669921875 0.154083251953125 -0.0115242004394531 0.0377731323242188
0.01519775390625 0.1546630859375 0.0066070556640625 0.0456619262695313
0.00919342041015626 0.139495849609375 0.0186500549316406 0.0295810699462891
0.00434875488281249 0.1566162109375 0.0219860076904297 0.0196113586425781
-0.05126953125 0.14410400390625 0.0207672119140625 0.0220890045166016
-0.120140075683594 0.0802230834960938 0.0386085510253906 0.00614929199218751
-0.140144348144531 -0.00209808349609376 0.0562362670898437 0.0212020874023438
-0.0859451293945313 -0.127754211425781 0.073883056640625 0.0858993530273437
0.00224304199218749 -0.179092407226563 0.0494384765625 0.152252197265625
0.06610107421875 -0.15179443359375 -0.0516204833984375 0.208145141601563
0.0672607421875 -0.2120361328125 0.088409423828125 -0.0649642944335938
-0.0227813720703125 -0.222061157226562 0.0334129333496094 -0.0592308044433594
-0.1256103515625 -0.160629272460938 0.000572204589843745 -0.0352592468261719
-0.180221557617188 -0.028900146484375 5.24520874023318E-05 -0.017542839050293
-0.145980834960938 0.0757293701171875 -0.00161361694335938 -0.0327472686767578
-0.060546875 0.15777587890625 -0.00754833221435547 -0.0166816711425781
0.00956726074218751 0.159133911132813 -0.0126705169677734 -0.00969696044921874
0.0080718994140625 0.144851684570313 -0.00793075561523438 -0.0192165374755859
0.00564575195312498 0.163406372070313 0.00163459777832031 -0.0310592651367187
-0.047119140625 0.1549072265625 0.0192012786865234 -0.0293979644775391
-0.123146057128906 0.0975341796875 0.0500831604003906 -0.036712646484375
-0.15545654296875 0.017364501953125 0.077362060546875 -0.00453948974609375
-0.118362426757813 -0.127212524414062 0.0919265747070312 0.0681686401367187
-0.035400390625 -0.200668334960938 0.0520477294921875 0.11834716796875
0.0393524169921875 -0.188140869140625 -0.0238494873046875 0.157333374023438
0.0295867919921875 -0.202987670898438 0.111030578613281 -0.116378784179688
-0.0455474853515625 -0.193038940429688 0.0357437133789063 -0.087738037109375
-0.120582580566406 -0.131645202636719 0.00892257690429687 -0.0367393493652344
-0.158676147460938 -0.02032470703125 0.0287933349609375 -0.030120849609375
-0.126823425292969 0.0662384033203125 0.0238533020019531 -0.0645866394042969
-0.0560379028320313 0.137680053710937 -0.00350570678710937 -0.0674972534179687
0.003692626953125 0.138648986816406 -0.0291213989257812 -0.062225341796875
0.0052490234375 0.128204345703125 -0.0329704284667969 -0.0644073486328125
0.00387573242187499 0.145706176757813 -0.0200424194335938 -0.0778884887695313
-0.0408096313476563 0.13848876953125 0.01300048828125 -0.0792922973632812
-0.108406066894531 0.09124755859375 0.0547103881835938 -0.0766448974609375
-0.14166259765625 0.0252838134765625 0.0874099731445313 -0.0305404663085938
-0.120574951171875 -0.108589172363281 0.094757080078125 0.043487548828125
-0.0567474365234375 -0.185775756835938 0.0411529541015625 0.0728302001953125
0.0114898681640625 -0.187973022460938 -0.0020599365234375 0.0924301147460937
-0.015411376953125 -0.166900634765625 0.121963500976562 -0.162109375
-0.066070556640625 -0.136985778808594 0.0342025756835938 -0.111305236816406
-0.102439880371094 -0.0779342651367188 0.0131072998046875 -0.0381355285644531
-0.110107421875 -0.00144958496093751 0.0480422973632812 -0.0407867431640625
-0.08380126953125 0.0514678955078125 0.0397262573242187 -0.0862197875976563
-0.0379791259765625 0.0964508056640625 -0.00173950195312501 -0.104034423828125
-0.000991821289062499 0.096435546875 -0.0412445068359375 -0.102462768554688
0.0016937255859375 0.0919570922851562 -0.0522384643554688 -0.100044250488281
-0.00177764892578124 0.10595703125 -0.0370254516601563 -0.114410400390625
-0.0331344604492188 0.0958251953125 0.00771331787109375 -0.118614196777344
-0.0786666870117188 0.0609054565429688 0.0550384521484375 -0.10321044921875
-0.0991592407226563 0.0184555053710937 0.0888824462890625 -0.0467147827148438
-0.08856201171875 -0.0750732421875 0.08416748046875 0.0221099853515625
-0.0561294555664063 -0.134994506835938 0.0232219696044922 0.0292949676513672
-0.0140838623046875 -0.150650024414063 0.0129070281982422 0.0294456481933594
-0.0574951171875 -0.110481262207031 0.120986938476563 -0.198135375976562
-0.0765609741210938 -0.06689453125 0.0281906127929687 -0.129035949707031
-0.073211669921875 -0.0146026611328125 0.00979614257812499 -0.0414085388183594
-0.0499763488769531 0.0193367004394531 0.0516471862792969 -0.0479393005371094
-0.0287075042724609 0.0319328308105469 0.041107177734375 -0.0931167602539062
-0.0125770568847656 0.0439949035644531 -0.004486083984375 -0.121780395507812
-0.00363922119140625 0.0414619445800781 -0.0486984252929688 -0.124099731445313
-0.00145721435546875 0.0426979064941406 -0.0633926391601562 -0.119461059570312
-0.00777816772460938 0.0502738952636719 -0.0454940795898438 -0.135047912597656
-0.0236549377441406 0.0369644165039063 0.00762176513671875 -0.139907836914063
-0.0382881164550781 0.0167465209960938 0.0565872192382812 -0.11114501953125
-0.03857421875 0.0035858154296875 0.086212158203125 -0.0491180419921875
-0.0370063781738281 -0.0306587219238281 0.0668373107910156 0.0106620788574219
-0.041961669921875 -0.0600471496582031 0.00716686248779297 -0.00128793716430664
-0.0364990234375 -0.0852432250976563 0.0219058990478516 -0.0179729461669922
-0.0886993408203125 -0.040924072265625 0.106674194335938 -0.223312377929688
-0.0739517211914063 0.00321960449218751 0.0149078369140625 -0.14434814453125
-0.0392189025878906 0.0422477722167969 -0.00535202026367187 -0.0468902587890625
0.00973129272460938 0.0358619689941406 0.0384559631347656 -0.0516014099121094
0.0238723754882813 0.00970077514648438 0.02984619140625 -0.0859756469726563
0.0129489898681641 -0.0110654830932617 -0.0117263793945312 -0.117774963378906
-0.00610923767089844 -0.0178775787353516 -0.0520095825195312 -0.125396728515625
-0.00481319427490234 -0.0130767822265625 -0.0648422241210938 -0.122047424316406
-0.0120086669921875 -0.0122556686401367 -0.0433425903320312 -0.137840270996094
-0.00851631164550781 -0.0268821716308594 0.0135955810546875 -0.14263916015625
0.00904083251953125 -0.0276508331298828 0.0581741333007813 -0.101509094238281
0.0263309478759766 -0.00767326354980469 0.0801849365234375 -0.0393905639648437
0.0146446228027344 0.0212192535400391 0.0483131408691406 0.00931167602539063
-0.0274066925048828 0.0245475769042969 -0.00395965576171875 -0.0149240493774414
-0.0585670471191406 -0.00703048706054688 0.0225830078125 -0.0441207885742187
0.077423095703125 -0.08074951171875 0.00952911376953125 0.0533332824707031
0.00311279296875001 -0.120895385742188 0.017364501953125 0.00810527801513671
-0.0785598754882812 -0.0700149536132813 -0.0361595153808594 -0.0239944458007812
-0.0908050537109375 0.0176467895507813 -0.0769119262695313 0.028717041015625
-0.0552749633789062 0.0602340698242188 -0.0584182739257813 0.0808944702148438
-6.86645507812548E-05 0.0828018188476563 -0.000816345214843758 0.130043029785156
0.0296096801757813 0.0783538818359375 0.053497314453125 0.132606506347656
0.016845703125 0.0705032348632813 0.0676956176757813 0.109550476074219
0.0105972290039063 0.0798263549804688 0.0522308349609375 0.106452941894531
-0.0311737060546875 0.0721817016601563 0.0124435424804687 0.10662841796875
-0.0672760009765625 0.0291481018066406 -0.00061035156250001 0.0722885131835938
-0.0647048950195313 -0.0274772644042969 0.000518798828124995 0.0496940612792969
-0.00848388671874999 -0.0800399780273437 0.0212554931640625 0.08575439453125
0.05999755859375 -0.0743255615234375 0.0242156982421875 0.170516967773438
0.0857009887695313 -0.0275650024414063 -0.1051025390625 0.255905151367188
0.086029052734375 -0.154205322265625 0.0279369354248047 0.0272197723388672
-0.0088348388671875 -0.1846923828125 0.0206775665283203 -0.00471878051757814
-0.112159729003906 -0.120384216308594 -0.0243797302246094 -0.0286331176757813
-0.14422607421875 0.0023193359375 -0.0584335327148438 0.0120277404785156
-0.102134704589844 0.0809402465820313 -0.0497550964355469 0.046234130859375
-0.02154541015625 0.132331848144531 -0.00887298583984376 0.0925140380859375
0.0312423706054687 0.128311157226563 0.0327682495117188 0.0995635986328125
0.0199203491210938 0.116050720214844 0.0479049682617188 0.07720947265625
0.0139236450195312 0.130790710449219 0.0405960083007813 0.0704345703125
-0.0407562255859375 0.120750427246094 0.0182876586914063 0.0717620849609375
-0.101127624511719 0.063629150390625 0.0199432373046875 0.0427627563476563
-0.112228393554688 -0.0141448974609375 0.0297584533691406 0.0367813110351563
-0.0539932250976563 -0.113784790039062 0.0537109375 0.0889968872070312
0.0294189453125 -0.141616821289063 0.0456390380859375 0.171234130859375
0.0809783935546875 -0.104423522949219 -0.0747528076171875 0.250640869140625
0.0811920166015625 -0.206710815429688 0.0529823303222656 -0.0166244506835938
-0.0211181640625 -0.224929809570313 0.0237693786621094 -0.0289459228515625
-0.133209228515625 -0.155288696289062 -0.0134067535400391 -0.0314044952392578
-0.180328369140625 -0.0130767822265625 -0.0331974029541016 -0.00322723388671876
-0.136398315429688 0.0903244018554687 -0.0317344665527344 0.00762176513671876
-0.0417938232421875 0.163040161132813 -0.0127639770507813 0.0423774719238281
0.02789306640625 0.159683227539063 0.00852966308593751 0.0513191223144531
0.0205230712890625 0.144607543945313 0.0196857452392578 0.0343723297119141
0.0170440673828125 0.163467407226563 0.0214347839355469 0.0228519439697266
-0.0429229736328125 0.154754638671875 0.0195541381835937 0.0253162384033203
-0.121116638183594 0.09405517578125 0.036712646484375 0.00324630737304688
-0.14892578125 0.00679016113281251 0.0568199157714844 0.0157432556152344
-0.101051330566406 -0.13104248046875 0.082061767578125 0.0821762084960937
-0.01165771484375 -0.191864013671875 0.0594940185546875 0.153732299804688
0.060699462890625 -0.168899536132813 -0.043731689453125 0.218154907226563
0.0593414306640625 -0.229293823242188 0.0798416137695313 -0.0711441040039063
-0.03802490234375 -0.232192993164063 0.0264930725097656 -0.0605239868164063
-0.142044067382813 -0.162918090820313 -0.00422668457031251 -0.0343132019042969
-0.190567016601563 -0.02001953125 -0.00415897369384767 -0.0175104141235352
-0.1484375 0.088958740234375 -0.00718879699707032 -0.032135009765625
-0.053497314453125 0.1680908203125 -0.0128335952758789 -0.0138359069824219
0.0209197998046875 0.166351318359375 -0.014892578125 -0.00464439392089843
0.017852783203125 0.151809692382813 -0.0107345581054688 -0.0144109725952148
0.017120361328125 0.171310424804688 -0.00370597839355469 -0.0287647247314453
-0.0397186279296875 0.166397094726563 0.0141067504882812 -0.0287704467773437
-0.124557495117188 0.111198425292969 0.0459709167480469 -0.0418891906738281
-0.164215087890625 0.026885986328125 0.0766372680664062 -0.0118408203125
-0.133499145507813 -0.129104614257813 0.09844970703125 0.0620956420898437
-0.0500335693359375 -0.212356567382813 0.0591583251953125 0.116806030273437
0.03271484375 -0.204299926757813 -0.0165557861328125 0.161911010742187
0.02374267578125 -0.2169189453125 0.101776123046875 -0.127754211425781
-0.0570068359375 -0.202362060546875 0.02728271484375 -0.0926437377929688
-0.134757995605469 -0.13494873046875 0.00439071655273437 -0.0372352600097656
-0.168975830078125 -0.01458740234375 0.0249195098876953 -0.03216552734375
-0.130767822265625 0.0779571533203125 0.0169601440429687 -0.0671348571777344
-0.051666259765625 0.148529052734375 -0.0109748840332031 -0.0671882629394531
0.0115966796875 0.146575927734375 -0.0351638793945312 -0.0589561462402344
0.0127410888671875 0.135658264160156 -0.0394020080566406 -0.0609169006347656
0.0121612548828125 0.154373168945313 -0.0288848876953125 -0.0770187377929687
-0.0352783203125 0.14892578125 0.004608154296875 -0.0804367065429687
-0.110618591308594 0.102821350097656 0.0478591918945312 -0.0836257934570313
-0.149337768554688 0.0327911376953125 0.0855636596679687 -0.0391159057617188
-0.133224487304688 -0.111221313476562 0.098602294921875 0.036529541015625
-0.06878662109375 -0.195571899414063 0.0446052551269531 0.06976318359375
0.00590515136718751 -0.20111083984375 0.003143310546875 0.0915298461914062
-0.018890380859375 -0.17559814453125 0.113265991210938 -0.17852783203125
-0.072113037109375 -0.142868041992188 0.0257186889648437 -0.11932373046875
-0.110725402832031 -0.0815582275390625 0.00874710083007812 -0.0398063659667969
-0.118461608886719 0.000312805175781228 0.0446662902832031 -0.0447731018066406
-0.0882034301757813 0.0585556030273437 0.0325698852539063 -0.091217041015625
-0.0372238159179688 0.10504150390625 -0.0104293823242188 -0.106048583984375
0.00347137451171875 0.1046142578125 -0.0503005981445313 -0.101219177246094
0.00561523437500001 0.0984344482421875 -0.061126708984375 -0.0975189208984375
0.003204345703125 0.114356994628906 -0.0481719970703125 -0.114532470703125
-0.0316696166992188 0.104660034179688 -0.00273895263671874 -0.121879577636719
-0.0831375122070312 0.0689697265625 0.0482101440429687 -0.111045837402344
-0.105461120605469 0.021514892578125 0.0870285034179688 -0.0554275512695313
-0.0971603393554688 -0.0791015625 0.0857925415039063 0.0158538818359375
-0.063323974609375 -0.142471313476563 0.0240669250488281 0.0256710052490234
-0.01666259765625 -0.15948486328125 0.0169200897216797 0.0238513946533203
-0.0589065551757813 -0.111900329589844 0.112197875976563 -0.21759033203125
-0.0775985717773438 -0.0685806274414063 0.0190277099609375 -0.139076232910156
-0.0752410888671875 -0.0166015625 0.00498580932617187 -0.0435256958007813
-0.0530853271484375 0.0179214477539062 0.0483741760253906 -0.0530242919921875
-0.0325565338134766 0.0335559844970703 0.0355911254882813 -0.0990066528320313
-0.0152015686035156 0.0489540100097656 -0.0132598876953125 -0.124809265136719
-0.00435256958007812 0.0476875305175781 -0.05889892578125 -0.1248779296875
-0.00203704833984375 0.0478591918945312 -0.0733108520507813 -0.119194030761719
-0.00780105590820313 0.0570564270019531 -0.0569992065429688 -0.136695861816406
-0.0263748168945312 0.043426513671875 -0.00349426269531249 -0.145599365234375
-0.0448722839355469 0.0200080871582031 0.0497055053710937 -0.119766235351562
-0.04461669921875 0.00224685668945312 0.0844039916992188 -0.0572357177734375
-0.0396652221679687 -0.03582763671875 0.0677986145019531 0.00548171997070312
-0.0422439575195312 -0.0647087097167969 0.00650167465209961 -0.00568914413452149
-0.0355911254882813 -0.0890960693359375 0.0252876281738281 -0.0267677307128906
-0.0883255004882812 -0.0349197387695313 0.0986328125 -0.243057250976563
-0.0703353881835938 0.00669097900390625 0.00541687011718749 -0.154403686523438
-0.034881591796875 0.0419387817382813 -0.00997543334960938 -0.0484962463378906
0.01153564453125 0.0316829681396484 0.0350265502929687 -0.0549125671386719
0.0222225189208984 0.00606727600097656 0.02569580078125 -0.09063720703125
0.00771713256835938 -0.011601448059082 -0.0184783935546875 -0.121299743652344
-0.011347770690918 -0.015070915222168 -0.0610580444335938 -0.127357482910156
-0.00905704498291015 -0.00994682312011719 -0.07464599609375 -0.122871398925781
-0.0165271759033203 -0.00818443298339844 -0.053955078125 -0.141510009765625
-0.0156440734863281 -0.0239276885986328 0.00357055664062499 -0.14984130859375
0.00153350830078125 -0.0294075012207031 0.05364990234375 -0.110359191894531
0.0227584838867188 -0.0129146575927734 0.080291748046875 -0.0466766357421875
0.0176448822021484 0.0155429840087891 0.0494003295898437 0.00568389892578125
-0.02130126953125 0.0229854583740234 -0.00429153442382813 -0.0190315246582031
-0.053985595703125 -0.004608154296875 0.0274429321289063 -0.054534912109375
0.0691375732421875 -0.0850753784179687 0.00601577758789063 0.0604248046875
-0.00804138183593749 -0.117637634277344 0.0161647796630859 0.0122203826904297
-0.0819244384765625 -0.061492919921875 -0.0371742248535156 -0.0205078125
-0.0861740112304687 0.0245208740234375 -0.0757369995117188 0.0328826904296875
-0.0485267639160156 0.0637779235839844 -0.0546875 0.0851516723632813
0.0078582763671875 0.0798492431640625 0.00603485107421875 0.131851196289063
0.0370941162109375 0.0734939575195312 0.061431884765625 0.132026672363281
0.0240821838378906 0.0673675537109375 0.0742340087890625 0.107818603515625
0.0191268920898438 0.0771026611328125 0.0583114624023437 0.106613159179688
-0.02276611328125 0.0741729736328125 0.0184249877929688 0.109260559082031
-0.0632095336914063 0.0360527038574219 0.002166748046875 0.072662353515625
-0.0669517517089844 -0.0210304260253906 0.00281143188476562 0.0487213134765625
-0.0173416137695313 -0.0779495239257813 0.0281600952148437 0.0847854614257812
0.0506057739257813 -0.0791702270507812 0.0337066650390625 0.171356201171875
0.0809783935546875 -0.0367584228515625 -0.0937957763671875 0.266372680664063
0.0748291015625 -0.161819458007813 0.0221195220947266 0.0319023132324219
-0.02337646484375 -0.182571411132813 0.0177860260009766 -0.00120925903320314
-0.119743347167969 -0.112174987792969 -0.0254154205322266 -0.0247230529785156
-0.142013549804688 0.011993408203125 -0.0589637756347656 0.0157661437988281
-0.0952377319335938 0.0878143310546875 -0.0489006042480469 0.05072021484375
-0.0117874145507812 0.132286071777344 -0.00489044189453124 0.0958175659179688
0.0415878295898438 0.125495910644531 0.0389633178710937 0.101455688476563
0.0298004150390625 0.11431884765625 0.0522384643554688 0.07855224609375
0.0252532958984375 0.129623413085938 0.0438003540039063 0.0716094970703125
-0.0312042236328125 0.1246337890625 0.0212478637695313 0.074493408203125
-0.0970001220703125 0.0730667114257813 0.01995849609375 0.0418434143066406
-0.115882873535156 -0.00597381591796875 0.0300827026367187 0.03375244140625
-0.0649642944335937 -0.111808776855469 0.0597686767578125 0.08551025390625
0.017578125 -0.147735595703125 0.054931640625 0.169937133789063
0.0738067626953125 -0.115913391113281 -0.0643310546875 0.257827758789063
0.069366455078125 -0.215744018554688 0.0447959899902344 -0.0145797729492188
-0.03643798828125 -0.225173950195312 0.0191421508789062 -0.0263519287109375
-0.143661499023438 -0.1485595703125 -0.0161170959472656 -0.0283832550048828
-0.181121826171875 -0.00236511230468748 -0.0356254577636719 -0.000686645507812505
-0.130714416503906 0.0995559692382812 -0.0337581634521484 0.0112342834472656
-0.0316314697265625 0.165740966796875 -0.0127944946289063 0.0465927124023438
0.0396728515625 0.15838623046875 0.0111541748046875 0.0552711486816406
0.0309906005859375 0.14453125 0.0217933654785156 0.03704833984375
0.0288543701171875 0.163467407226563 0.0207653045654297 0.0253543853759766
-0.03253173828125 0.159896850585938 0.0186405181884766 0.0273571014404297
-0.117156982421875 0.105094909667969 0.0342864990234375 0.00133705139160157
-0.15228271484375 0.0166778564453125 0.0557746887207031 0.0112953186035156
-0.113975524902344 -0.12835693359375 0.086578369140625 0.0761489868164062
-0.025665283203125 -0.197921752929688 0.0667877197265625 0.150115966796875
0.052001953125 -0.179458618164063 -0.03424072265625 0.221694946289062
0.0486602783203125 -0.238082885742188 0.068878173828125 -0.0734024047851563
-0.052337646484375 -0.234100341796875 0.0196723937988281 -0.0596084594726563
-0.154220581054687 -0.158157348632813 -0.00750923156738282 -0.0321636199951172
-0.194992065429687 -0.010101318359375 -0.0070323944091797 -0.016596794128418
-0.144424438476563 0.099639892578125 -0.0120868682861328 -0.0298652648925781
-0.0449371337890625 0.174057006835938 -0.0160884857177734 -0.00972557067871093
0.0319671630859375 0.1676025390625 -0.0157957077026367 0.000538825988769543
0.0279541015625 0.153213500976563 -0.0119600296020508 -0.00981426239013671
0.0285797119140625 0.174301147460938 -0.00774192810058594 -0.0250797271728516
-0.0303192138671875 0.172256469726563 0.0100154876708984 -0.0261573791503906
-0.121315002441406 0.121871948242188 0.0406494140625 -0.0446395874023437
-0.167312622070313 0.0364990234375 0.0733566284179687 -0.018218994140625
-0.145233154296875 -0.126800537109375 0.100898742675781 0.0545272827148438
-0.0639495849609375 -0.216949462890625 0.0642471313476563 0.112136840820312
0.023712158203125 -0.214004516601563 -0.00961303710937501 0.161148071289063
0.015716552734375 -0.224411010742188 0.08917236328125 -0.134147644042969
-0.068084716796875 -0.205413818359375 0.018707275390625 -0.094024658203125
-0.145309448242188 -0.133865356445312 8.39233398437438E-05 -0.0364456176757813
-0.1748046875 -0.00729370117187501 0.0203609466552734 -0.0327472686767578
-0.129417419433594 0.0874786376953125 0.0100898742675781 -0.0667076110839844
-0.0456085205078125 0.15484619140625 -0.01751708984375 -0.0635986328125
0.0208740234375 0.14971923828125 -0.0395660400390625 -0.05377197265625
0.02081298828125 0.138229370117188 -0.0438880920410156 -0.0554847717285156
0.021514892578125 0.158294677734375 -0.0360870361328125 -0.072509765625
-0.02825927734375 0.155258178710938 -0.0024871826171875 -0.0787887573242187
-0.109382629394531 0.11236572265625 0.0403823852539063 -0.08636474609375
-0.15252685546875 0.0407257080078125 0.08074951171875 -0.0448989868164063
-0.1427001953125 -0.109237670898437 0.0989608764648438 0.0294113159179687
-0.0796661376953125 -0.199295043945312 0.0462722778320312 0.0650825500488281
-0.00155639648437499 -0.208419799804688 0.007598876953125 0.0872726440429687
-0.022735595703125 -0.17889404296875 0.100814819335937 -0.188201904296875
-0.0777130126953125 -0.145248413085938 0.0156097412109375 -0.122200012207031
-0.117408752441406 -0.08172607421875 0.00475692749023436 -0.03985595703125
-0.123519897460938 0.00321197509765625 0.0399398803710937 -0.046966552734375
-0.0888214111328125 0.0643692016601562 0.0247726440429687 -0.09246826171875
-0.034576416015625 0.111152648925781 -0.0188369750976563 -0.104110717773438
0.00918579101562499 0.108985900878906 -0.0565338134765625 -0.0965347290039062
0.01031494140625 0.102561950683594 -0.0676498413085938 -0.0920028686523438
0.00910949707031251 0.11883544921875 -0.0576324462890625 -0.110313415527344
-0.0287857055664063 0.111373901367188 -0.012115478515625 -0.120513916015625
-0.0847930908203125 0.0756454467773438 0.0390472412109375 -0.114227294921875
-0.109855651855469 0.0263442993164063 0.0814285278320313 -0.0616455078125
-0.103050231933594 -0.079620361328125 0.0846939086914063 0.0096282958984375
-0.0693511962890625 -0.145751953125 0.0236454010009766 0.0211524963378906
-0.0202789306640625 -0.163787841796875 0.0192070007324219 0.0174121856689453
-0.0589141845703125 -0.111167907714844 0.100067138671875 -0.228866577148438
-0.0774002075195313 -0.0685882568359375 0.00910949707031249 -0.143768310546875
-0.0758743286132813 -0.0185394287109375 0.000759124755859371 -0.0442085266113281
-0.0554962158203125 0.0167503356933594 0.043792724609375 -0.0551567077636719
-0.0349960327148437 0.0347404479980469 0.0283355712890625 -0.100967407226563
-0.0168838500976563 0.0528640747070313 -0.0216293334960937 -0.123580932617188
-0.00351715087890625 0.0522308349609375 -0.0667877197265625 -0.12139892578125
-0.000911712646484377 0.0518150329589844 -0.0809783935546875 -0.114570617675781
-0.00629806518554687 0.0616798400878906 -0.0675125122070313 -0.133468627929687
-0.0277976989746094 0.0490875244140625 -0.0138397216796875 -0.14532470703125
-0.0494728088378906 0.0235519409179687 0.0411529541015625 -0.123176574707031
-0.0487251281738281 0.00219726562499999 0.07989501953125 -0.0630264282226563
-0.0423660278320312 -0.0397872924804688 0.0662994384765625 0.001190185546875
-0.0428314208984375 -0.0682144165039063 0.00508022308349609 -0.00915908813476563
-0.0343780517578125 -0.09063720703125 0.0273094177246094 -0.0352287292480469
-0.0847091674804687 -0.0291061401367188 0.087066650390625 -0.254257202148438
-0.0650367736816406 0.00831985473632812 -0.004150390625 -0.15899658203125
-0.0299224853515625 0.0404014587402344 -0.0139198303222656 -0.0484580993652344
0.0115852355957031 0.0267124176025391 0.0306434631347656 -0.0571403503417969
0.0191936492919922 0.00326347351074219 0.020538330078125 -0.0918655395507813
0.003204345703125 -0.0103855133056641 -0.0246429443359375 -0.121109008789063
-0.0145101547241211 -0.0110788345336914 -0.0685958862304688 -0.125885009765625
-0.0119571685791016 -0.00674915313720703 -0.0820999145507813 -0.1199951171875
-0.0192184448242188 -0.00356292724609375 -0.0643539428710937 -0.139892578125
-0.0210094451904297 -0.0192508697509766 -0.00718688964843751 -0.151992797851563
-0.00574493408203125 -0.0286998748779297 0.0464019775390625 -0.114830017089844
0.0178928375244141 -0.0172080993652344 0.0775070190429688 -0.0522308349609375
0.0186347961425781 0.00952720642089844 0.0486106872558594 0.0021514892578125
-0.0159912109375 0.0202407836914063 -0.00512886047363281 -0.0227394104003906
-0.0481910705566406 -0.00312805175781249 0.0290298461914063 -0.0636062622070313
0.0616989135742188 -0.0855255126953125 0.00181961059570313 0.0668182373046875
-0.0142593383789062 -0.112045288085938 0.0150041580200195 0.0158147811889648
-0.0821380615234375 -0.0544815063476563 -0.0364456176757813 -0.0177955627441406
-0.0806655883789063 0.02789306640625 -0.0743789672851563 0.0348587036132813
-0.0429191589355469 0.0643196105957031 -0.0516281127929688 0.08734130859375
0.0119705200195313 0.0763778686523437 0.0102081298828125 0.132011413574219
0.0409355163574219 0.0685615539550781 0.0658645629882812 0.130470275878906
0.0282669067382813 0.0636558532714844 0.07684326171875 0.106094360351563
0.0244064331054687 0.07342529296875 0.0607376098632812 0.105903625488281
-0.0162429809570313 0.0739364624023438 0.0215530395507813 0.109817504882813
-0.0586395263671875 0.040130615234375 0.00324249267578124 0.0728759765625
-0.0674858093261719 -0.0157470703125 0.00304794311523438 0.0481452941894531
-0.0227737426757812 -0.0748214721679687 0.0320358276367188 0.0830612182617188
0.0429153442382813 -0.0806427001953125 0.03851318359375 0.170501708984375
0.07513427734375 -0.0421676635742188 -0.08758544921875 0.270126342773438
0.0668182373046875 -0.163482666015625 0.0165748596191406 0.0377845764160156
-0.0311126708984375 -0.178054809570312 0.0160551071166992 0.00271320343017577
-0.122161865234375 -0.105712890625 -0.0261573791503906 -0.0223960876464844
-0.138496398925781 0.0169296264648437 -0.0590019226074219 0.0178565979003906
-0.0893325805664063 0.089813232421875 -0.0478134155273438 0.0532264709472656
-0.00614929199218749 0.129623413085938 -0.00298309326171874 0.0976333618164063
0.0474700927734375 0.120948791503906 0.0418777465820313 0.102348327636719
0.0347671508789062 0.1114501953125 0.0545425415039063 0.079193115234375
0.0318069458007813 0.127037048339844 0.0445938110351563 0.0721588134765625
-0.0240554809570313 0.125663757324219 0.02294921875 0.0761795043945313
-0.0930633544921875 0.0783157348632813 0.0188980102539062 0.0409126281738281
-0.116790771484375 3.81469726562511E-05 0.0289516448974609 0.0318775177001953
-0.0715713500976563 -0.109138488769531 0.0625839233398438 0.0817947387695313
0.00883483886718749 -0.150497436523437 0.0581817626953125 0.167098999023438
0.0677108764648438 -0.121986389160156 -0.0587615966796875 0.259445190429688
0.061737060546875 -0.218521118164063 0.0371818542480469 -0.0107955932617188
-0.04449462890625 -0.22198486328125 0.0157451629638672 -0.0229015350341797
-0.148544311523438 -0.143646240234375 -0.0169792175292969 -0.02630615234375
-0.180007934570313 0.00346374511718752 -0.0363235473632813 0.00154495239257813
-0.125358581542969 0.103263854980469 -0.0348682403564453 0.0144290924072266
-0.0251922607421875 0.164825439453125 -0.0128860473632813 0.0500259399414063
0.0458526611328125 0.155319213867187 0.0129585266113281 0.0583686828613281
0.03643798828125 0.142684936523437 0.0230903625488281 0.0395774841308594
0.0362548828125 0.162277221679688 0.0198097229003906 0.0280818939208984
-0.0251007080078125 0.161453247070313 0.0184497833251953 0.0298824310302734
-0.113082885742188 0.11090087890625 0.0311622619628906 0.000551223754882819
-0.1539306640625 0.022247314453125 0.0528411865234375 0.00827407836914063
-0.120269775390625 -0.126487731933594 0.0879287719726562 0.0706787109375
-0.0349578857421875 -0.2001953125 0.069183349609375 0.146255493164063
0.0457611083984375 -0.1859130859375 -0.0300445556640625 0.22088623046875
0.0424652099609375 -0.242034912109375 0.0600204467773438 -0.0713577270507813
-0.0597991943359375 -0.233489990234375 0.0145721435546875 -0.0566749572753906
-0.160690307617188 -0.154541015625 -0.00944137573242189 -0.0300521850585938
-0.196090698242188 -0.00479125976562496 -0.00975990295410157 -0.0147647857666016
-0.141204833984375 0.104415893554688 -0.0153732299804688 -0.0271148681640625
-0.038970947265625 0.17535400390625 -0.0188388824462891 -0.00592803955078124
0.038726806640625 0.166458129882812 -0.0156354904174805 0.00477313995361329
0.0335235595703125 0.15264892578125 -0.0122413635253906 -0.00588130950927733
0.0356903076171875 0.173919677734375 -0.0105514526367187 -0.0210685729980469
-0.0240325927734375 0.175262451171875 0.007171630859375 -0.0233058929443359
-0.118682861328125 0.127716064453125 0.0355644226074219 -0.0456008911132812
-0.168975830078125 0.0418243408203125 0.0689163208007812 -0.0209388732910156
-0.1514892578125 -0.12493896484375 0.100357055664062 0.049346923828125
-0.0722808837890625 -0.219131469726563 0.0638504028320313 0.108047485351562
0.0188446044921875 -0.218658447265625 -0.00630187988281249 0.158370971679688
0.01251220703125 -0.228012084960938 0.0797653198242187 -0.13507080078125
-0.0725860595703125 -0.206466674804688 0.0125885009765625 -0.0926971435546875
-0.151519775390625 -0.133148193359375 -0.00249481201171876 -0.0343589782714844
-0.178085327148437 -0.00370788574218747 0.0171413421630859 -0.0318832397460938
-0.128410339355469 0.0920639038085938 0.00507736206054687 -0.064788818359375
-0.0420379638671875 0.1575927734375 -0.0215301513671875 -0.0598983764648437
0.0258636474609375 0.15057373046875 -0.0410995483398438 -0.0488014221191406
0.0252456665039063 0.139503479003906 -0.0448455810546875 -0.0506820678710937
0.027069091796875 0.159286499023437 -0.0402488708496094 -0.0673446655273437
-0.024169921875 0.158706665039063 -0.0070037841796875 -0.0753860473632812
-0.108497619628906 0.117225646972656 0.0343399047851563 -0.086822509765625
-0.154312133789063 0.044708251953125 0.0757293701171875 -0.0480422973632813
-0.147994995117188 -0.109085083007813 0.0967483520507812 0.0246353149414062
-0.0856475830078125 -0.201248168945313 0.0454483032226562 0.0610847473144531
-0.00428771972656249 -0.2120361328125 0.00872039794921875 0.083343505859375
-0.02301025390625 -0.18121337890625 0.09130859375 -0.191146850585938
-0.079345703125 -0.14703369140625 0.00961303710937499 -0.122344970703125
-0.121490478515625 -0.0835418701171875 0.00134658813476562 -0.0391044616699219
-0.127166748046875 0.00445556640625003 0.0355987548828125 -0.0467796325683594
-0.09051513671875 0.067352294921875 0.019622802734375 -0.0907974243164062
-0.0342025756835938 0.114959716796875 -0.0237503051757813 -0.100700378417969
0.0117263793945313 0.111381530761719 -0.059326171875 -0.0920333862304687
0.0129852294921875 0.104408264160156 -0.0699920654296875 -0.0871734619140625
0.0126724243164063 0.121177673339844 -0.0623703002929688 -0.105171203613281
-0.0269851684570312 0.115257263183594 -0.0175704956054688 -0.116905212402344
-0.0857772827148438 0.0799331665039062 0.0328903198242187 -0.114395141601562
-0.1129150390625 0.0274581909179687 0.0765914916992188 -0.0637969970703125
-0.106399536132813 -0.0813369750976563 0.081787109375 0.00604248046874999
-0.072265625 -0.148681640625 0.021759033203125 0.0178165435791016
-0.0200347900390625 -0.166915893554688 0.0199089050292969 0.0112419128417969
-0.0561599731445312 -0.1107177734375 0.0919189453125 -0.23358154296875
-0.0754013061523438 -0.0703506469726563 0.00294494628906248 -0.145401000976563
-0.0763092041015625 -0.0217742919921875 -0.00252914428710938 -0.043731689453125
-0.0589942932128906 0.0147895812988281 0.0397758483886719 -0.0553932189941406
-0.0376052856445312 0.0355072021484375 0.0240859985351562 -0.0996856689453125
-0.0182342529296875 0.0559310913085937 -0.0251922607421875 -0.121017456054687
-0.0028839111328125 0.0555038452148437 -0.0699691772460938 -0.118019104003906
-0.00102615356445312 0.0548553466796875 -0.083770751953125 -0.110389709472656
-0.00494766235351562 0.0658111572265625 -0.0725479125976563 -0.129302978515625
-0.0287399291992187 0.0542259216308594 -0.0199127197265625 -0.142974853515625
-0.0528602600097656 0.02728271484375 0.0356521606445312 -0.123863220214844
-0.0527763366699219 0.00175094604492188 0.0760726928710938 -0.0654296875
-0.0445823669433594 -0.0443763732910156 0.0638656616210938 -0.00223541259765625
-0.0420989990234375 -0.0719528198242188 0.00320243835449219 -0.0118961334228516
-0.0314559936523438 -0.0926895141601563 0.0277824401855469 -0.0425148010253906
-0.079437255859375 -0.0263900756835938 0.0794525146484375 -0.258438110351563
-0.0603141784667969 0.00812530517578126 -0.00994873046875002 -0.160598754882813
-0.0264167785644531 0.036712646484375 -0.0166893005371094 -0.0480270385742188
0.0101413726806641 0.0224437713623047 0.0278205871582031 -0.05682373046875
0.0156764984130859 0.00152015686035156 0.0175857543945313 -0.091888427734375
-0.000449657440185546 -0.00779581069946289 -0.0275802612304688 -0.119766235351563
-0.016474723815918 -0.0067148208618164 -0.0716552734375 -0.12384033203125
-0.0136566162109375 -0.00327014923095703 -0.0855178833007812 -0.117561340332031
-0.0208110809326172 0.000719070434570317 -0.06915283203125 -0.1368408203125
-0.0243988037109375 -0.0146808624267578 -0.013458251953125 -0.150802612304688
-0.0111579895019531 -0.0266742706298828 0.04193115234375 -0.115966796875
0.0135631561279297 -0.0191631317138672 0.074462890625 -0.0548019409179688
0.0180721282958984 0.00405120849609375 0.046783447265625 0.00040435791015625
-0.0125961303710938 0.0159978866577148 -0.0065765380859375 -0.0258274078369141
-0.0428657531738281 -0.00381851196289063 0.0304412841796875 -0.071380615234375
0.057708740234375 -0.0853424072265625 -0.00244140624999999 0.0744705200195312
-0.017791748046875 -0.108688354492187 0.0141429901123047 0.0202102661132812
-0.0815505981445313 -0.0511703491210937 -0.0359306335449219 -0.0164413452148438
-0.0774307250976563 0.0294570922851562 -0.074432373046875 0.0362548828125
-0.0399742126464844 0.06378173828125 -0.0509414672851562 0.0882568359375
0.0141143798828125 0.0737075805664063 0.0121078491210938 0.133132934570313
0.04302978515625 0.0653419494628906 0.0676040649414063 0.131538391113281
0.0306472778320313 0.0614356994628906 0.0785064697265625 0.107383728027344
0.0280990600585937 0.0707321166992187 0.0624313354492188 0.107704162597656
-0.012542724609375 0.0737533569335938 0.02325439453125 0.11151123046875
-0.055938720703125 0.0427780151367188 0.0028228759765625 0.0734405517578125
-0.0677604675292969 -0.0126419067382812 0.00250625610351562 0.0476913452148438
-0.0259857177734375 -0.0730438232421875 0.033905029296875 0.0824050903320313
0.0385055541992188 -0.082244873046875 0.0402984619140625 0.172714233398437
0.0714263916015625 -0.0458755493164062 -0.0872955322265625 0.275009155273438
0.0638427734375 -0.165496826171875 0.0109405517578125 0.0446548461914063
-0.034942626953125 -0.176025390625 0.0144920349121094 0.00683307647705077
-0.123359680175781 -0.103485107421875 -0.0258579254150391 -0.0210247039794922
-0.137321472167969 0.0184173583984375 -0.0594558715820313 0.0191497802734375
-0.087188720703125 0.0905838012695313 -0.0486335754394531 0.0550727844238281
-0.00388336181640625 0.128982543945313 -0.00209808349609376 0.100456237792969
0.050140380859375 0.118850708007812 0.0437698364257812 0.105239868164063
0.03765869140625 0.110198974609375 0.0554428100585937 0.0811767578125
0.0357437133789062 0.125747680664063 0.0450210571289063 0.0750885009765625
-0.02020263671875 0.126976013183594 0.0235214233398438 0.0784912109375
-0.0918121337890625 0.0823745727539063 0.0176887512207031 0.0420646667480469
-0.11895751953125 0.00312042236328124 0.0273590087890625 0.0312671661376953
-0.0765838623046875 -0.10906982421875 0.0634002685546875 0.0802841186523438
0.00323486328125 -0.153610229492188 0.058990478515625 0.168075561523437
0.064422607421875 -0.127655029296875 -0.0596466064453125 0.263397216796875
0.0597076416015625 -0.222732543945312 0.0311756134033203 -0.00571823120117189
-0.0483245849609375 -0.222061157226563 0.0136852264404297 -0.0191574096679688
-0.152175903320313 -0.142959594726563 -0.0175552368164063 -0.0243015289306641
-0.181060791015625 0.00473022460937499 -0.0381126403808594 0.00315475463867188
-0.124763488769531 0.105712890625 -0.0364761352539063 0.0166778564453125
-0.0235748291015625 0.16571044921875 -0.013092041015625 0.0531349182128906
0.049102783203125 0.155059814453125 0.0144386291503906 0.0619277954101563
0.039703369140625 0.142990112304688 0.0233650207519531 0.0429229736328125
0.04022216796875 0.162933349609375 0.019134521484375 0.0312862396240234
-0.0219879150390625 0.16448974609375 0.0182552337646484 0.0327491760253906
-0.112937927246094 0.1158447265625 0.0288143157958984 0.00085639953613282
-0.15692138671875 0.02520751953125 0.050445556640625 0.00734329223632813
-0.1259765625 -0.127433776855469 0.0878677368164062 0.06829833984375
-0.0408782958984375 -0.205154418945312 0.06884765625 0.14599609375
0.0438079833984375 -0.192337036132813 -0.030517578125 0.22235107421875
0.042144775390625 -0.247161865234375 0.0542106628417969 -0.0685501098632813
-0.0629730224609375 -0.235504150390625 0.0118255615234375 -0.0544090270996094
-0.165557861328125 -0.15625 -0.0103702545166016 -0.0283241271972656
-0.199844360351562 -0.00364685058593747 -0.0115776062011719 -0.0135631561279297
-0.141845703125 0.10760498046875 -0.0177898406982422 -0.0245132446289062
-0.0371246337890625 0.17828369140625 -0.0202369689941406 -0.00195693969726561
0.0416107177734375 0.16754150390625 -0.0149269104003906 0.00839614868164064
0.036163330078125 0.154495239257813 -0.0124330520629883 -0.00282859802246093
0.0391845703125 0.176071166992188 -0.0119647979736328 -0.0171442031860351
-0.0216522216796875 0.178848266601563 0.00659751892089843 -0.0203266143798828
-0.119880676269531 0.132911682128906 0.0327415466308594 -0.0447616577148438
-0.173095703125 0.043731689453125 0.06585693359375 -0.022216796875
-0.157211303710938 -0.127532958984375 0.0997848510742187 0.0469894409179687
-0.0771636962890625 -0.22479248046875 0.06298828125 0.10711669921875
0.0183868408203125 -0.225616455078125 -0.007171630859375 0.157958984375
0.0139312744140625 -0.233779907226563 0.0749130249023438 -0.134742736816406
-0.074371337890625 -0.210296630859375 0.00954437255859374 -0.0920562744140625
-0.157135009765625 -0.135955810546875 -0.00381088256835938 -0.0338592529296875
-0.182907104492187 -0.00268554687499997 0.0145282745361328 -0.0310592651367188
-0.130516052246094 0.0948333740234375 0.00240325927734374 -0.0630683898925781
-0.041473388671875 0.162109375 -0.0240249633789063 -0.0572013854980469
0.028533935546875 0.153579711914063 -0.0412483215332031 -0.0456352233886719
0.0265045166015625 0.141860961914063 -0.0454750061035156 -0.0473175048828125
0.0298309326171875 0.162750244140625 -0.0426597595214844 -0.06427001953125
-0.0227813720703125 0.16326904296875 -0.00856781005859375 -0.072967529296875
-0.110481262207031 0.122306823730469 0.030792236328125 -0.086761474609375
-0.158782958984375 0.045867919921875 0.0728225708007813 -0.0493087768554688
-0.15313720703125 -0.112747192382813 0.0949020385742187 0.0225830078125
-0.090240478515625 -0.206619262695313 0.0427589416503906 0.0596427917480469
-0.00271606445312501 -0.218276977539063 0.00819396972656249 0.0799789428710937
-0.02032470703125 -0.186080932617188 0.0871124267578125 -0.194412231445313
-0.0787506103515625 -0.152099609375 0.00592803955078125 -0.124099731445313
-0.125099182128906 -0.087860107421875 -0.000423431396484385 -0.0390892028808594
-0.132637023925781 0.00307464599609373 0.0331611633300781 -0.04632568359375
-0.0932769775390625 0.0690841674804687 0.0169143676757812 -0.0900115966796875
-0.0346298217773438 0.119232177734375 -0.0253448486328125 -0.0988845825195313
0.012786865234375 0.114860534667969 -0.0603408813476562 -0.0903778076171875
0.0134963989257813 0.10797119140625 -0.0711822509765625 -0.085174560546875
0.0138092041015625 0.125190734863281 -0.06488037109375 -0.103187561035156
-0.0272598266601563 0.120216369628906 -0.0201034545898437 -0.116012573242187
-0.0895233154296875 0.0840606689453125 0.0303115844726563 -0.115028381347656
-0.116783142089844 0.0284042358398437 0.073944091796875 -0.06494140625
-0.110610961914063 -0.0862274169921875 0.0796585083007813 0.00476837158203124
-0.0736846923828125 -0.153961181640625 0.0193214416503906 0.0159721374511719
-0.017547607421875 -0.171585083007813 0.0195980072021484 0.00639724731445311
-0.0514907836914062 -0.113189697265625 0.0890655517578125 -0.23870849609375
-0.0732040405273438 -0.0746612548828125 -1.52587890625034E-05 -0.148574829101563
-0.0781173706054688 -0.02655029296875 -0.00374984741210938 -0.0441703796386719
-0.0633316040039062 0.0123519897460938 0.0380935668945312 -0.0555076599121094
-0.040679931640625 0.0358619689941406 0.0219345092773438 -0.099609375
-0.0204734802246094 0.0598487854003906 -0.0271759033203125 -0.120773315429688
-0.00321960449218751 0.0597000122070312 -0.0712127685546875 -0.117530822753906
-0.00118637084960938 0.058441162109375 -0.085113525390625 -0.109413146972656
-0.00498962402343749 0.0698356628417969 -0.0754623413085937 -0.127960205078125
-0.0302696228027344 0.0587654113769531 -0.023193359375 -0.142593383789063
-0.0572242736816406 0.0296096801757813 0.033477783203125 -0.124870300292969
-0.0571174621582031 0.000850677490234386 0.0740890502929688 -0.066558837890625
-0.0464820861816406 -0.0487213134765625 0.061859130859375 -0.00240325927734375
-0.0413665771484375 -0.0768585205078125 0.00182914733886719 -0.0145244598388672
-0.027252197265625 -0.0954818725585938 0.0285530090332031 -0.0491867065429688
-0.0748443603515625 -0.0261459350585937 0.0785980224609375 -0.264602661132813
-0.0565567016601563 0.00566482543945312 -0.01220703125 -0.164474487304687
-0.0254020690917969 0.0334396362304688 -0.0178642272949219 -0.0483932495117188
0.00775909423828125 0.0197429656982422 0.0270805358886719 -0.0567626953125
0.0128583908081055 0.000690460205078125 0.0164794921875 -0.0919036865234375
-0.00357246398925781 -0.00557041168212891 -0.0286102294921875 -0.120361328125
-0.0180263519287109 -0.00309562683105469 -0.0731582641601563 -0.124618530273438
-0.0151662826538086 -0.000186920166015624 -0.0867080688476562 -0.117233276367188
-0.0221061706542969 0.0043487548828125 -0.072174072265625 -0.137603759765625
-0.0267467498779297 -0.0103664398193359 -0.0163421630859375 -0.15142822265625
-0.0152969360351563 -0.0250568389892578 0.039703369140625 -0.117355346679688
0.00997352600097656 -0.0204181671142578 0.0734405517578125 -0.0558929443359375
0.0173130035400391 -0.000855445861816406 0.0460357666015625 -9.1552734375E-05
-0.0100498199462891 0.0122470855712891 -0.00676727294921875 -0.0288925170898438
-0.037994384765625 -0.00609207153320312 0.0331497192382813 -0.0795440673828125
0.0562286376953125 -0.0868377685546875 -0.00674438476562499 0.084259033203125
-0.02081298828125 -0.107658386230469 0.0136547088623047 0.0250988006591797
-0.08203125 -0.0499343872070313 -0.0363807678222656 -0.0156745910644531
-0.076171875 0.0304718017578125 -0.0756912231445313 0.0377044677734375
-0.038421630859375 0.0650253295898438 -0.0522308349609375 0.0911788940429687
0.016082763671875 0.0735549926757813 0.0131988525390625 0.137939453125
0.0455398559570313 0.064300537109375 0.0712509155273438 0.136329650878906
0.03289794921875 0.0606575012207031 0.0809326171875 0.111534118652344
0.0311203002929688 0.0701408386230469 0.0637741088867188 0.11187744140625
-0.00946044921875 0.0754013061523438 0.0251998901367187 0.115989685058594
-0.0549850463867188 0.0455703735351562 0.0023345947265625 0.0763092041015625
-0.0696792602539063 -0.010284423828125 0.001312255859375 0.0490646362304687
-0.029296875 -0.0727767944335938 0.0364532470703125 0.0838241577148438
0.0347518920898437 -0.0847930908203125 0.0418853759765625 0.178512573242188
0.0691299438476563 -0.0491676330566406 -0.091552734375 0.285430908203125
0.063446044921875 -0.171157836914063 0.006378173828125 0.0524749755859375
-0.03802490234375 -0.178421020507813 0.0129327774047852 0.0108213424682617
-0.126899719238281 -0.104705810546875 -0.0265254974365234 -0.0203876495361328
-0.138504028320313 0.018951416015625 -0.0614204406738281 0.0212783813476563
-0.0880126953125 0.0936203002929688 -0.0507545471191406 0.0581398010253906
-0.0025787353515625 0.131378173828125 -0.00241851806640624 0.105316162109375
0.0535507202148438 0.119705200195312 0.0464248657226562 0.110107421875
0.041229248046875 0.11187744140625 0.0577850341796875 0.085845947265625
0.0397720336914063 0.128379821777344 0.04583740234375 0.0801162719726563
-0.0176773071289063 0.131195068359375 0.0250244140625 0.08306884765625
-0.0923004150390625 0.087127685546875 0.016937255859375 0.0435371398925781
-0.12396240234375 0.00521850585937498 0.0263233184814453 0.0315189361572266
-0.0824203491210937 -0.111869812011719 0.0658340454101563 0.0811996459960938
-0.00175476074218748 -0.160171508789063 0.0605621337890625 0.172775268554688
0.063385009765625 -0.135307312011719 -0.0626220703125 0.272018432617187
0.060791015625 -0.231399536132813 0.0265445709228516 9.15527343749858E-05
-0.0525665283203125 -0.228057861328125 0.0122356414794922 -0.0161256790161133
-0.1578369140625 -0.146469116210938 -0.0177688598632813 -0.0235977172851563
-0.186538696289062 0.00523376464843752 -0.0399322509765625 0.00469589233398437
-0.12713623046875 0.1092529296875 -0.0386886596679688 0.0189666748046875
-0.02239990234375 0.1710205078125 -0.013885498046875 0.0577125549316406
0.0526275634765625 0.1583251953125 0.0160408020019531 0.06573486328125
0.04290771484375 0.146621704101563 0.0248794555664063 0.0465736389160156
0.044464111328125 0.166976928710937 0.019073486328125 0.0358161926269531
-0.01971435546875 0.170989990234375 0.0192680358886719 0.0358352661132813
-0.116172790527344 0.122329711914063 0.027801513671875 0.00183677673339845
-0.164382934570313 0.0275726318359375 0.0495758056640625 0.00716018676757813
-0.133712768554687 -0.132522583007813 0.0894088745117187 0.0687179565429687
-0.046966552734375 -0.213653564453125 0.06982421875 0.149551391601563
0.0444793701171875 -0.202392578125 -0.0332489013671875 0.22955322265625
0.0439605712890625 -0.258285522460938 0.0506134033203125 -0.0666694641113281
-0.066558837890625 -0.244766235351563 0.00962448120117187 -0.0534515380859375
-0.173568725585938 -0.160720825195312 -0.0117378234863281 -0.0271396636962891
-0.207611083984375 -0.00285339355468752 -0.0137815475463867 -0.0120859146118164
-0.146636962890625 0.111419677734375 -0.0199489593505859 -0.0229930877685547
-0.0378875732421875 0.185317993164063 -0.0216255187988281 0.000930786132812512
0.0445098876953125 0.173065185546875 -0.0154657363891601 0.0114660263061524
0.0387115478515625 0.159820556640625 -0.0116348266601563 0.000422477722167979
0.04278564453125 0.182540893554687 -0.0137844085693359 -0.0144548416137695
-0.0200042724609375 0.186782836914063 0.00667762756347656 -0.0187053680419922
-0.123847961425781 0.140190124511719 0.0311965942382812 -0.045562744140625
-0.181991577148437 0.046478271484375 0.0647697448730469 -0.0230140686035156
-0.166610717773438 -0.132888793945312 0.100479125976562 0.0465164184570312
-0.083770751953125 -0.23516845703125 0.063018798828125 0.108695983886719
0.01922607421875 -0.236846923828125 -0.00965881347656249 0.161178588867187
0.015869140625 -0.244720458984375 0.0722579956054688 -0.137405395507813
-0.0767364501953125 -0.220352172851562 0.0073089599609375 -0.09417724609375
-0.165679931640625 -0.142410278320312 -0.00541114807128907 -0.0338764190673828
-0.19244384765625 -0.00354003906250002 0.0134086608886719 -0.0300006866455078
-0.136711120605469 0.0994033813476562 -0.000152587890625009 -0.0629692077636719
-0.042327880859375 0.17047119140625 -0.0253753662109375 -0.0553131103515625
0.0311126708984375 0.159576416015625 -0.042510986328125 -0.0438308715820312
0.0286865234375 0.148406982421875 -0.04656982421875 -0.0463027954101562
0.0332183837890625 0.170394897460937 -0.0449142456054687 -0.063201904296875
-0.022369384765625 0.171157836914063 -0.0104827880859375 -0.0729141235351562
-0.115837097167969 0.129531860351563 0.0293502807617188 -0.0885467529296875
-0.167556762695313 0.0479888916015625 0.0717239379882812 -0.05096435546875
-0.161697387695313 -0.11956787109375 0.0949554443359375 0.0223922729492187
-0.0948638916015625 -0.216842651367188 0.0421524047851562 0.059722900390625
-0.000518798828125016 -0.229873657226563 0.00767517089843751 0.079071044921875
-0.016937255859375 -0.195953369140625 0.08587646484375 -0.20068359375
-0.080535888671875 -0.161087036132813 0.00339508056640624 -0.129264831542969
-0.131813049316406 -0.0948028564453125 -0.00195312500000001 -0.0400428771972656
-0.14080810546875 0.00254821777343753 0.0323677062988281 -0.0466690063476563
-0.0988082885742187 0.0724563598632813 0.0155487060546875 -0.0906906127929688
-0.0369644165039062 0.126091003417969 -0.0275421142578125 -0.0994186401367187
0.013671875 0.120712280273437 -0.0624542236328125 -0.090423583984375
0.0144577026367188 0.114479064941406 -0.0733184814453125 -0.0849990844726563
0.0149459838867187 0.132469177246094 -0.0682907104492187 -0.103904724121094
-0.0276947021484375 0.127166748046875 -0.0221481323242188 -0.117080688476562
-0.0945816040039063 0.0899581909179688 0.0286407470703125 -0.118499755859375
-0.125480651855469 0.0287322998046875 0.0736465454101562 -0.06689453125
-0.117179870605469 -0.092498779296875 0.0799331665039062 0.00455474853515624
-0.0772552490234375 -0.163345336914063 0.017333984375 0.0144796371459961
-0.01409912109375 -0.181228637695313 0.0200614929199219 0.00170898437499999
-0.048095703125 -0.119873046875 0.089935302734375 -0.248580932617188
-0.0726165771484375 -0.0808563232421875 -0.00189208984374999 -0.1556396484375
-0.081573486328125 -0.0307235717773438 -0.00526046752929688 -0.046051025390625
-0.0692634582519531 0.0110130310058594 0.0378036499023437 -0.0565986633300781
-0.0454177856445312 0.0377388000488281 0.0213088989257812 -0.101387023925781
-0.0228271484375 0.0646438598632813 -0.0287857055664062 -0.122528076171875
-0.00327682495117188 0.0644035339355469 -0.0737533569335938 -0.120643615722656
-0.00136566162109375 0.0629386901855469 -0.0876312255859375 -0.111557006835937
-0.004913330078125 0.0753326416015625 -0.0789566040039062 -0.130592346191406
-0.0320167541503906 0.0644683837890625 -0.0252838134765625 -0.145721435546875
-0.0617103576660156 0.0336723327636719 0.0330810546875 -0.128425598144531
-0.0633201599121094 0.000263214111328111 0.074951171875 -0.0688323974609375
-0.05035400390625 -0.0545997619628906 0.062103271484375 -0.00217056274414063
-0.0419464111328125 -0.083740234375 -0.000248908996582035 -0.017308235168457
-0.0236968994140625 -0.102058410644531 0.0302848815917969 -0.0570068359375
-0.0728683471679688 -0.0275344848632813 0.0808868408203125 -0.2763671875
-0.0547103881835938 0.00333404541015626 -0.013336181640625 -0.172348022460938
-0.0251274108886719 0.0304470062255859 -0.0199317932128906 -0.050537109375
0.00575065612792969 0.0174894332885742 0.0268707275390625 -0.0574798583984375
0.0106267929077148 -0.000519752502441406 0.0170059204101563 -0.0940704345703125
-0.00581884384155273 -0.00305891036987305 -0.02947998046875 -0.124153137207031
-0.0196151733398437 -0.000490188598632815 -0.0759735107421875 -0.129196166992188
-0.0167398452758789 0.00254249572753906 -0.0898513793945313 -0.12152099609375
-0.0229358673095703 0.00767707824707031 -0.0756072998046875 -0.141326904296875
-0.0294876098632813 -0.00714492797851562 -0.0195159912109375 -0.155166625976562
-0.0193328857421875 -0.0234699249267578 0.0399322509765625 -0.121177673339844
0.00678443908691406 -0.0221290588378906 0.07525634765625 -0.05810546875
0.0162782669067383 -0.00493240356445313 0.04669189453125 -0.00026702880859375
-0.00881767272949219 0.00836372375488281 -0.00825119018554687 -0.0328102111816406
-0.0341644287109375 -0.00836372375488281 0.0364532470703125 -0.0887374877929688
0.05450439453125 -0.0899734497070313 -0.00811767578124999 0.0963363647460938
-0.0252532958984375 -0.108024597167969 0.0137691497802734 0.0304145812988281
-0.085845947265625 -0.0483169555664062 -0.0371818542480469 -0.0146369934082031
-0.0760269165039063 0.0331573486328125 -0.0783920288085938 0.0408401489257812
-0.0367393493652344 0.0680923461914063 -0.0528945922851563 0.0965194702148438
0.019378662109375 0.0743942260742188 0.01654052734375 0.143966674804687
0.0494308471679688 0.0633888244628906 0.0778350830078125 0.14227294921875
0.0368728637695313 0.0603485107421875 0.0870361328125 0.116455078125
0.0362548828125 0.0702705383300781 0.069793701171875 0.117507934570312
-0.00529479980468749 0.077728271484375 0.0292816162109375 0.121833801269531
-0.0542106628417969 0.0493507385253906 0.00342559814453124 0.0803604125976563
-0.072845458984375 -0.00710296630859374 0.0016632080078125 0.0516777038574219
-0.0339126586914063 -0.07305908203125 0.040191650390625 0.086273193359375
0.0311431884765625 -0.0885543823242188 0.0472259521484375 0.18743896484375
0.0672225952148438 -0.0543479919433594 -0.0911865234375 0.3037109375
0.061859130859375 -0.1800537109375 0.00300216674804688 0.062652587890625
-0.0453338623046875 -0.183502197265625 0.0124540328979492 0.0154657363891601
-0.134773254394531 -0.105392456054688 -0.0267753601074219 -0.0190830230712891
-0.144134521484375 0.0226287841796875 -0.0641288757324219 0.0238227844238281
-0.0888519287109375 0.0992431640625 -0.0521240234375 0.0627555847167969
0.000671386718749986 0.136558532714844 5.34057617187421E-05 0.111610412597656
0.0592193603515625 0.1221923828125 0.0516128540039063 0.116264343261719
0.0461502075195312 0.115028381347656 0.0623397827148438 0.0909347534179688
0.0467605590820313 0.1322021484375 0.0499114990234375 0.0850601196289063
-0.0126571655273437 0.138015747070313 0.0280609130859375 0.0879058837890625
-0.093475341796875 0.0951995849609375 0.017120361328125 0.0460433959960938
-0.130905151367188 0.0100250244140625 0.0263404846191406 0.0332851409912109
-0.0920181274414063 -0.114997863769531 0.0702667236328125 0.0824356079101562
-0.00968933105468751 -0.169692993164063 0.0652313232421875 0.1807861328125
0.0608978271484375 -0.145919799804688 -0.06256103515625 0.288970947265625
0.0587005615234375 -0.245620727539063 0.0228023529052734 0.00568389892578124
-0.0606231689453125 -0.2369384765625 0.00954627990722656 -0.0139923095703125
-0.169815063476563 -0.149002075195313 -0.0194034576416016 -0.0229339599609375
-0.195877075195313 0.00961303710937499 -0.0423545837402344 0.00699234008789063
-0.130897521972656 0.11676025390625 -0.0412330627441406 0.0225143432617188
-0.01971435546875 0.180099487304688 -0.013641357421875 0.0629653930664063
0.05914306640625 0.16400146484375 0.0190811157226563 0.0716781616210938
0.0490875244140625 0.152908325195313 0.0278396606445313 0.0511550903320313
0.052581787109375 0.174224853515625 0.0199661254882813 0.039947509765625
-0.0147857666015625 0.1805419921875 0.0205307006835938 0.0390281677246094
-0.118888854980469 0.133399963378906 0.0270347595214844 0.0018138885498047
-0.174026489257813 0.0342559814453125 0.0488929748535156 0.00698089599609375
-0.146728515625 -0.137069702148438 0.093994140625 0.0687789916992187
-0.057952880859375 -0.226287841796875 0.07421875 0.15472412109375
0.040496826171875 -0.217086791992187 -0.0329437255859375 0.24176025390625
0.0413970947265625 -0.274978637695313 0.0462265014648437 -0.0664787292480469
-0.074951171875 -0.255661010742188 0.00679016113281249 -0.0540504455566406
-0.187789916992187 -0.165908813476563 -0.0128269195556641 -0.0275611877441406
-0.220672607421875 0.00190734863281249 -0.0149688720703125 -0.0113372802734375
-0.151931762695312 0.121322631835938 -0.0226707458496094 -0.0215511322021484
-0.035369873046875 0.19677734375 -0.0232315063476563 0.00483131408691408
0.0516357421875 0.181243896484375 -0.0145368576049805 0.0154190063476563
0.0449066162109375 0.167770385742188 -0.0118694305419922 0.00402450561523439
0.0511016845703125 0.191665649414063 -0.0150976181030273 -0.0114593505859375
-0.015106201171875 0.198135375976563 0.00538921356201172 -0.0173244476318359
-0.127532958984375 0.152801513671875 0.0297775268554687 -0.0478858947753906
-0.192733764648438 0.05426025390625 0.063995361328125 -0.02496337890625
-0.181289672851563 -0.138275146484375 0.103782653808594 0.045684814453125
-0.09625244140625 -0.248443603515625 0.0653915405273438 0.111656188964844
0.0158843994140625 -0.2529296875 -0.008697509765625 0.167724609375
0.0148773193359375 -0.261444091796875 0.068206787109375 -0.142913818359375
-0.0859375 -0.232437133789063 0.00294494628906249 -0.09747314453125
-0.179916381835937 -0.148330688476563 -0.00709915161132813 -0.0346221923828125
-0.2059326171875 0.00073242187499998 0.0118522644042969 -0.0310306549072266
-0.143051147460938 0.108200073242188 -0.00234603881835938 -0.0634231567382813
-0.0416107177734375 0.181869506835938 -0.0287551879882813 -0.0547027587890625
0.0361785888671875 0.16876220703125 -0.0448570251464844 -0.0428314208984375
0.034332275390625 0.157485961914063 -0.0495338439941406 -0.0444869995117188
0.0394134521484375 0.180038452148437 -0.04931640625 -0.0614738464355469
-0.0185394287109375 0.183395385742188 -0.0131149291992188 -0.0736236572265625
-0.121307373046875 0.141998291015625 0.0266189575195312 -0.0926666259765625
-0.178329467773437 0.054473876953125 0.0716018676757812 -0.0542678833007813
-0.175918579101562 -0.124649047851563 0.097625732421875 0.0209884643554687
-0.1065673828125 -0.2294921875 0.0424003601074219 0.0601119995117187
-0.00321960449218751 -0.24444580078125 0.00737762451171875 0.0795364379882813
-0.017333984375 -0.208847045898438 0.0831756591796875 -0.212356567382813
-0.0862579345703125 -0.172027587890625 -0.00176239013671876 -0.136154174804688
-0.14300537109375 -0.0994873046875 -0.00422286987304688 -0.04193115234375
-0.152740478515625 0.00511169433593753 0.0317115783691406 -0.0484352111816406
-0.105270385742187 0.0794525146484375 0.0130844116210937 -0.0932235717773438
-0.0372238159179687 0.136848449707031 -0.0311050415039063 -0.101783752441406
0.0176773071289062 0.129531860351563 -0.0671005249023438 -0.0928192138671875
0.0175094604492187 0.12225341796875 -0.0781784057617187 -0.0860824584960938
0.0203094482421875 0.140869140625 -0.0747146606445313 -0.10394287109375
-0.0256423950195313 0.137954711914063 -0.0268325805664063 -0.120338439941406
-0.100189208984375 0.0993804931640625 0.0260696411132812 -0.123916625976563
-0.134346008300781 0.0326385498046875 0.073699951171875 -0.072052001953125
-0.127784729003906 -0.0985870361328125 0.0811233520507813 0.00318908691406249
-0.0853424072265625 -0.173507690429687 0.0158271789550781 0.0137786865234375
-0.01446533203125 -0.193572998046875 0.0203971862792969 -0.00351524353027345
-0.0483474731445312 -0.127471923828125 0.0878753662109375 -0.265274047851563
-0.0755233764648438 -0.0884246826171875 -0.00675964355468749 -0.165420532226563
-0.0873794555664063 -0.0349502563476562 -0.00820541381835938 -0.048187255859375
-0.0762481689453125 0.01165771484375 0.037109375 -0.059112548828125
-0.0496902465820313 0.0405387878417969 0.0200576782226563 -0.10546875
-0.0246200561523437 0.0719223022460938 -0.0327682495117187 -0.127357482910156
-0.0025787353515625 0.0707855224609375 -0.0796737670898438 -0.124908447265625
-0.000587463378906252 0.0689277648925781 -0.0944366455078125 -0.114547729492187
-0.003662109375 0.0823516845703125 -0.0860366821289063 -0.133316040039062
-0.0322647094726562 0.0719985961914062 -0.030670166015625 -0.15087890625
-0.067657470703125 0.0397987365722656 0.03057861328125 -0.135337829589844
-0.0696029663085938 0.000148773193359365 0.0760116577148438 -0.07391357421875
-0.0567283630371094 -0.0607490539550781 0.0631866455078125 -0.00345230102539063
-0.04559326171875 -0.090789794921875 -0.00198554992675781 -0.0205860137939453
-0.0221633911132812 -0.11065673828125 0.0308341979980469 -0.0665473937988281
-0.0719070434570313 -0.0284347534179688 0.0799560546875 -0.29498291015625
-0.0548362731933594 0.000946044921875009 -0.0187225341796875 -0.183563232421875
-0.0258235931396484 0.0298500061035156 -0.0215301513671875 -0.0528717041015625
0.00362586975097656 0.0162601470947266 0.0269775390625 -0.0602760314941406
0.00840663909912109 -0.000563144683837891 0.0159072875976562 -0.0985336303710938
-0.00854682922363281 -0.000855922698974611 -0.032623291015625 -0.129768371582031
-0.0208015441894531 0.00275993347167968 -0.0824356079101563 -0.135116577148438
-0.0185413360595703 0.0058441162109375 -0.0965118408203125 -0.126274108886719
-0.0243339538574219 0.0111885070800781 -0.0825653076171875 -0.146575927734375
-0.0314693450927734 -0.00312995910644532 -0.0248870849609375 -0.1614990234375
-0.0243682861328125 -0.0219821929931641 0.0386428833007813 -0.128372192382813
0.00301551818847656 -0.0238838195800781 0.07684326171875 -0.0632095336914063
0.0157613754272461 -0.00926971435546875 0.0476264953613281 -0.000999450683593751
-0.00763320922851563 0.00519418716430664 -0.00947189331054688 -0.0367927551269531
-0.0312461853027344 -0.0108375549316406 0.0368423461914062 -0.101455688476563
0.0504684448242188 -0.09423828125 -0.006500244140625 0.109397888183594
-0.0328216552734375 -0.106979370117188 0.0153961181640625 0.0361289978027344
-0.0889663696289063 -0.043914794921875 -0.0382804870605469 -0.0126380920410156
-0.0753097534179687 0.0368728637695312 -0.08001708984375 0.0459442138671875
-0.0332412719726562 0.0710601806640625 -0.0512161254882812 0.103179931640625
0.0245437622070313 0.0745925903320313 0.024139404296875 0.150131225585938
0.054840087890625 0.0606231689453125 0.088897705078125 0.146194458007813
0.0421104431152344 0.0590171813964844 0.0968170166015625 0.119155883789062
0.042236328125 0.0687980651855469 0.0779876708984375 0.121086120605469
0.000808715820312496 0.0798873901367188 0.0364303588867187 0.126800537109375
-0.0522079467773437 0.0548591613769531 0.0060882568359375 0.0839309692382813
-0.076202392578125 -0.0021514892578125 0.00315475463867187 0.054351806640625
-0.0403976440429687 -0.0726852416992188 0.046234130859375 0.0873336791992188
0.02386474609375 -0.0936508178710937 0.0573883056640625 0.19439697265625
0.0631523132324219 -0.061065673828125 -0.082855224609375 0.324493408203125
0.053955078125 -0.19073486328125 0.002288818359375 0.0732498168945312
-0.05718994140625 -0.186126708984375 0.0124893188476562 0.0205516815185547
-0.144317626953125 -0.101715087890625 -0.0286598205566406 -0.0179271697998047
-0.147674560546875 0.0303192138671875 -0.0658378601074219 0.0282630920410156
-0.0870285034179688 0.106964111328125 -0.0523643493652344 0.0689735412597656
0.0080718994140625 0.141311645507813 0.00518035888671876 0.117630004882813
0.067626953125 0.123275756835938 0.0608596801757813 0.120803833007813
0.0548782348632812 0.116653442382813 0.0702285766601562 0.0941238403320313
0.056610107421875 0.134078979492188 0.055908203125 0.089385986328125
-0.0042877197265625 0.144195556640625 0.0341033935546875 0.09197998046875
-0.0922012329101563 0.105484008789063 0.0189552307128906 0.0482749938964844
-0.137313842773438 0.018707275390625 0.0271949768066406 0.0343971252441406
-0.104049682617188 -0.115303039550781 0.0764236450195313 0.0821075439453125
-0.022430419921875 -0.177032470703125 0.0751190185546875 0.186279296875
0.0542144775390625 -0.157867431640625 -0.05426025390625 0.306671142578125
0.0494232177734375 -0.2607421875 0.019561767578125 0.0119762420654297
-0.0755767822265625 -0.242645263671875 0.00754642486572265 -0.0106163024902344
-0.185089111328125 -0.147216796875 -0.0207557678222656 -0.0220127105712891
-0.204238891601563 0.01995849609375 -0.0441398620605469 0.00997543334960938
-0.131492614746094 0.128547668457031 -0.0428314208984375 0.0266914367675781
-0.01165771484375 0.189346313476562 -0.0114555358886719 0.0687217712402344
0.07000732421875 0.16839599609375 0.025146484375 0.0760498046875
0.0595550537109375 0.157470703125 0.0323295593261719 0.0552597045898438
0.065338134765625 0.179428100585938 0.0228691101074219 0.0440406799316406
-0.00436401367187499 0.190658569335938 0.0241012573242187 0.04156494140625
-0.11749267578125 0.14788818359375 0.0268363952636719 0.00131797790527345
-0.182769775390625 0.0462188720703125 0.0486602783203125 0.00510787963867188
-0.163482666015625 -0.136917114257813 0.0995864868164062 0.0666275024414062
-0.0751495361328125 -0.2352294921875 0.0818328857421875 0.15850830078125
0.0314483642578125 -0.232666015625 -0.025054931640625 0.25445556640625
0.031158447265625 -0.29193115234375 0.0404701232910156 -0.0662040710449219
-0.092010498046875 -0.265060424804688 0.00188827514648437 -0.0534172058105469
-0.206008911132813 -0.165390014648437 -0.0149345397949219 -0.0268783569335938
-0.231918334960938 0.012847900390625 -0.0171146392822266 -0.00964164733886719
-0.15386962890625 0.134963989257813 -0.0258121490478516 -0.0192203521728516
-0.026641845703125 0.209243774414063 -0.0243549346923828 0.00829124450683595
0.0625762939453125 0.187423706054688 -0.0129966735839844 0.0192947387695313
0.0565643310546875 0.174774169921875 -0.0113382339477539 0.00757217407226563
0.0645904541015625 0.198638916015625 -0.016566276550293 -0.00765705108642577
-0.00436401367187498 0.209457397460938 0.00508880615234375 -0.0167703628540039
-0.1265869140625 0.168914794921875 0.0270233154296875 -0.0501747131347656
-0.202041625976563 0.0668792724609375 0.0629768371582031 -0.0286674499511719
-0.200042724609375 -0.138229370117188 0.108383178710937 0.0421371459960937
-0.11590576171875 -0.25701904296875 0.0707244873046875 0.113197326660156
0.00546264648437503 -0.270355224609375 -0.00320434570312499 0.174362182617187
0.00559997558593748 -0.278427124023438 0.060333251953125 -0.150115966796875
-0.100906372070313 -0.242568969726563 -0.00476074218750001 -0.100517272949219
-0.197647094726562 -0.147857666015625 -0.0104331970214844 -0.0351791381835938
-0.2193603515625 0.0108184814453125 0.00975418090820311 -0.0313434600830078
-0.146835327148438 0.1217041015625 -0.00632858276367189 -0.0633430480957031
-0.0345916748046875 0.194656372070313 -0.032684326171875 -0.0531272888183594
0.04656982421875 0.176712036132813 -0.0477523803710938 -0.0401992797851562
0.044219970703125 0.164138793945313 -0.0525703430175781 -0.0414581298828125
0.0518646240234375 0.18853759765625 -0.0545806884765625 -0.0587806701660156
-0.00930786132812502 0.194854736328125 -0.0169296264648437 -0.0746917724609375
-0.120941162109375 0.156982421875 0.022674560546875 -0.0977401733398437
-0.187911987304688 0.0661163330078125 0.0689506530761719 -0.0594596862792969
-0.193405151367188 -0.124664306640625 0.1004638671875 0.0173187255859375
-0.124786376953125 -0.237762451171875 0.0441055297851563 0.0605888366699219
-0.0125274658203125 -0.260543823242188 0.00971221923828125 0.0797653198242187
-0.0242156982421875 -0.222702026367187 0.073883056640625 -0.225631713867188
-0.097930908203125 -0.180862426757813 -0.0107574462890625 -0.143096923828125
-0.15692138671875 -0.100479125976562 -0.00770187377929688 -0.0436592102050781
-0.16339111328125 0.01263427734375 0.029296875 -0.0512275695800781
-0.109420776367187 0.0899658203125 0.008575439453125 -0.0963287353515625
-0.0324554443359375 0.148330688476563 -0.0371170043945312 -0.102676391601562
0.0250778198242187 0.138008117675781 -0.0739593505859375 -0.0926055908203125
0.0245285034179688 0.129241943359375 -0.0845947265625 -0.084136962890625
0.0287322998046875 0.149917602539063 -0.0832061767578125 -0.10345458984375
-0.0196990966796875 0.148544311523438 -0.0338058471679688 -0.123146057128906
-0.101898193359375 0.111915588378906 0.0201797485351563 -0.129783630371094
-0.143142700195313 0.040496826171875 0.0710220336914062 -0.077880859375
-0.141815185546875 -0.100814819335938 0.0822982788085937 0.000259399414062494
-0.0976104736328125 -0.18115234375 0.0147285461425781 0.0121145248413086
-0.0204925537109375 -0.20611572265625 0.0193901062011719 -0.00872230529785157
-0.052642822265625 -0.135223388671875 0.077850341796875 -0.28302001953125
-0.081573486328125 -0.0936431884765625 -0.017364501953125 -0.175140380859375
-0.0944595336914063 -0.0354156494140625 -0.0123214721679688 -0.050811767578125
-0.083526611328125 0.0142745971679688 0.0356178283691406 -0.0626983642578125
-0.0535888671875 0.0462226867675781 0.0151290893554688 -0.109756469726563
-0.0234832763671875 0.0789871215820313 -0.0397186279296875 -0.13116455078125
0.00136566162109376 0.0777740478515625 -0.0886001586914063 -0.126495361328125
0.00291442871093751 0.0749740600585937 -0.10406494140625 -0.114143371582031
0.000801086425781251 0.0894317626953125 -0.096099853515625 -0.134002685546875
-0.0301361083984375 0.0804214477539063 -0.0395660400390625 -0.154876708984375
-0.0709991455078125 0.0474166870117188 0.0239105224609375 -0.142471313476563
-0.0763778686523437 0.00425720214843751 0.073822021484375 -0.0807037353515625
-0.0649986267089844 -0.0636940002441406 0.0644187927246094 -0.00610733032226563
-0.0517120361328125 -0.0968856811523438 -0.00522041320800782 -0.0230388641357422
-0.0239028930664062 -0.118537902832031 0.0284500122070313 -0.0773086547851563
-0.072021484375 -0.0289230346679687 0.069915771484375 -0.315887451171875
-0.0544357299804688 -7.24792480468755E-05 -0.0291748046875 -0.194671630859375
-0.0253562927246094 0.029449462890625 -0.0263900756835938 -0.0555038452148437
0.00201702117919922 0.0155019760131836 0.0245285034179687 -0.0636138916015625
0.00600290298461914 -0.00119972229003906 0.012176513671875 -0.102867126464844
-0.0101709365844727 0.00143909454345703 -0.0399169921875 -0.134391784667969
-0.0215721130371094 0.00739669799804688 -0.0921478271484375 -0.138160705566406
-0.0189971923828125 0.00937271118164062 -0.106613159179688 -0.127128601074219
-0.0251083374023438 0.0158538818359375 -0.093505859375 -0.148681640625
-0.0334568023681641 0.00136566162109375 -0.03424072265625 -0.167312622070312
-0.0281848907470703 -0.0193653106689453 0.033203125 -0.136520385742188
-0.00102996826171875 -0.0256881713867188 0.0758056640625 -0.0700607299804688
0.0135593414306641 -0.013707160949707 0.0491218566894531 -0.00339508056640625
-0.00711870193481445 0.00169181823730469 -0.0133094787597656 -0.0409507751464844
-0.0292453765869141 -0.0133075714111328 0.0345306396484375 -0.11431884765625
0.044036865234375 -0.0972213745117188 -0.00086975097656249 0.120887756347656
-0.0399169921875 -0.102981567382813 0.0186042785644531 0.0404167175292969
-0.09185791015625 -0.0380477905273438 -0.0387725830078125 -0.0105133056640625
-0.0720901489257813 0.0413131713867187 -0.0779037475585938 0.0519180297851562
-0.0282440185546875 0.0735015869140625 -0.0465774536132813 0.109169006347656
0.0301589965820313 0.0728912353515625 0.0330963134765625 0.152114868164063
0.0589447021484375 0.056060791015625 0.0996551513671875 0.14532470703125
0.0469818115234375 0.0556221008300781 0.106964111328125 0.117752075195313
0.0480537414550781 0.0642929077148438 0.0881118774414063 0.120834350585938
0.00786590576171874 0.0801773071289062 0.0454025268554688 0.128120422363281
-0.047698974609375 0.0604476928710938 0.0111770629882812 0.0864715576171875
-0.0772628784179688 0.00502777099609375 0.00646591186523437 0.0567512512207031
-0.0462532043457031 -0.0702285766601563 0.0529556274414063 0.08514404296875
0.015625 -0.095611572265625 0.069854736328125 0.195602416992188
0.0570831298828125 -0.0664939880371094 -0.066131591796875 0.339874267578125
0.043182373046875 -0.197982788085938 0.00392913818359375 0.0829620361328125
-0.07012939453125 -0.183212280273437 0.0129013061523437 0.0251121520996094
-0.15240478515625 -0.093994140625 -0.0289039611816406 -0.0160846710205078
-0.148239135742188 0.039215087890625 -0.0655441284179688 0.0327796936035156
-0.0816116333007812 0.114059448242188 -0.04949951171875 0.0741195678710938
0.0173187255859375 0.143783569335938 0.0128173828125 0.121231079101563
0.0763168334960938 0.120834350585938 0.0709304809570313 0.121047973632813
0.0632781982421875 0.114494323730469 0.0781784057617188 0.0942459106445313
0.0679168701171875 0.132469177246094 0.062652587890625 0.0899200439453125
0.00733947753906249 0.146957397460938 0.0407943725585937 0.093017578125
-0.0866470336914063 0.114959716796875 0.0217666625976563 0.0479888916015625
-0.140113830566406 0.0295028686523437 0.0275840759277344 0.0342922210693359
-0.115058898925781 -0.110610961914063 0.0815887451171875 0.07928466796875
-0.03717041015625 -0.180221557617188 0.0860443115234375 0.186416625976563
0.04290771484375 -0.16650390625 -0.0382080078125 0.318878173828125
0.0338287353515625 -0.271331787109375 0.017364501953125 0.018655776977539
-0.0919647216796875 -0.241973876953125 0.00562858581542968 -0.00735521316528322
-0.198471069335938 -0.13836669921875 -0.0223960876464844 -0.0202045440673828
-0.207443237304688 0.0332489013671875 -0.04461669921875 0.0133056640625
-0.126121520996094 0.140007019042969 -0.0426673889160156 0.0319480895996094
0.000732421874999985 0.194076538085938 -0.00796508789062501 0.0730133056640625
0.0824737548828125 0.167770385742187 0.031951904296875 0.078369140625
0.071685791015625 0.157516479492188 0.0379257202148438 0.0571670532226563
0.080169677734375 0.179580688476563 0.0266265869140625 0.0466880798339844
0.00955200195312499 0.195220947265625 0.0273513793945313 0.0431632995605469
-0.110748291015625 0.160659790039062 0.0270538330078125 0.000944137573242197
-0.185760498046875 0.0606231689453125 0.0473747253417969 0.00445556640625
-0.178878784179688 -0.130355834960937 0.103836059570312 0.0620574951171875
-0.0945587158203125 -0.236495971679687 0.0909423828125 0.157058715820312
0.017303466796875 -0.242477416992188 -0.0115814208984375 0.2623291015625
0.015106201171875 -0.30377197265625 0.0342254638671875 -0.0641632080078125
-0.110214233398438 -0.26580810546875 -0.00425720214843751 -0.0511665344238281
-0.22161865234375 -0.156539916992187 -0.0181999206542969 -0.0254440307617188
-0.238311767578125 0.0281982421875 -0.018829345703125 -0.00763511657714844
-0.150177001953125 0.14898681640625 -0.0284137725830078 -0.0158939361572266
-0.013671875 0.217071533203125 -0.0239601135253906 0.0137786865234375
0.0770721435546875 0.188873291015625 -0.0108203887939453 0.0232734680175781
0.0688629150390625 0.175949096679688 -0.00932884216308593 0.0112342834472656
0.080047607421875 0.200637817382813 -0.0172090530395508 -0.00296020507812499
0.010772705078125 0.216598510742188 0.00481033325195313 -0.0153350830078125
-0.119186401367188 0.183792114257813 0.02276611328125 -0.0527496337890625
-0.206375122070313 0.0826416015625 0.0594940185546875 -0.0312614440917969
-0.216629028320313 -0.12982177734375 0.109878540039062 0.0367584228515625
-0.137786865234375 -0.257598876953125 0.0755081176757812 0.111015319824219
-0.00970458984375001 -0.27996826171875 0.0044097900390625 0.177642822265625
-0.00912475585937501 -0.289306640625 0.0484771728515625 -0.153091430664063
-0.11907958984375 -0.244857788085937 -0.0141220092773438 -0.100906372070313
-0.213821411132813 -0.14105224609375 -0.0139350891113281 -0.0339946746826172
-0.226791381835938 0.0251617431640625 0.0070972442626953 -0.0303916931152344
-0.143997192382812 0.135650634765625 -0.0120391845703125 -0.062103271484375
-0.022308349609375 0.204437255859375 -0.0369949340820313 -0.0500221252441406
0.0591278076171875 0.180221557617187 -0.0506973266601562 -0.0359077453613281
0.0559844970703125 0.167800903320313 -0.0538330078125 -0.0361595153808594
0.0662689208984375 0.19171142578125 -0.0586776733398437 -0.0542640686035156
0.0046234130859375 0.201217651367188 -0.0212249755859375 -0.0736465454101562
-0.114730834960938 0.171722412109375 0.0148086547851562 -0.100006103515625
-0.190948486328125 0.080657958984375 0.0650405883789062 -0.0632095336914062
-0.209365844726563 -0.118560791015625 0.100730895996094 0.0127487182617187
-0.144424438476562 -0.237396240234375 0.0456123352050781 0.0593910217285156
-0.0258026123046875 -0.270797729492188 0.012298583984375 0.0784149169921875
-0.03515625 -0.231369018554687 0.0586090087890625 -0.233810424804688
-0.110595703125 -0.182113647460937 -0.023956298828125 -0.144439697265625
-0.168777465820313 -0.0959930419921875 -0.0126953125 -0.0440025329589844
-0.171646118164063 0.0238037109375 0.0260772705078125 -0.0533866882324219
-0.109764099121094 0.100204467773438 0.00212097167968748 -0.0967941284179688
-0.025146484375 0.156890869140625 -0.0446929931640625 -0.100799560546875
0.0345306396484375 0.141159057617188 -0.0804367065429688 -0.088958740234375
0.0340957641601562 0.133903503417969 -0.0902481079101563 -0.0794677734375
0.0396575927734375 0.153839111328125 -0.0901641845703125 -0.0981903076171875
-0.00973510742187499 0.155776977539062 -0.0419235229492188 -0.122344970703125
-0.0995025634765625 0.123870849609375 0.010345458984375 -0.133636474609375
-0.14727783203125 0.0511474609375 0.0657806396484375 -0.0825881958007813
-0.153732299804688 -0.0966949462890625 0.0832672119140625 -0.00370025634765626
-0.11175537109375 -0.182235717773438 0.0131435394287109 0.0103244781494141
-0.030120849609375 -0.214920043945313 0.0167865753173828 -0.0149450302124024
-0.0584564208984375 -0.139076232910156 0.060211181640625 -0.295318603515625
-0.0876388549804687 -0.095916748046875 -0.0308685302734375 -0.17950439453125
-0.101142883300781 -0.0338973999023437 -0.0170555114746094 -0.0515556335449219
-0.087799072265625 0.0196075439453125 0.0315933227539062 -0.065887451171875
-0.0550994873046875 0.0513877868652344 0.00832366943359375 -0.111679077148438
-0.0191650390625 0.085906982421875 -0.0482177734375 -0.130752563476563
0.0069122314453125 0.08258056640625 -0.09796142578125 -0.12335205078125
0.00817871093749999 0.079620361328125 -0.111129760742188 -0.109443664550781
0.00734710693359375 0.0941009521484375 -0.107719421386719 -0.130691528320312
-0.0250473022460938 0.0868377685546875 -0.0502471923828125 -0.154617309570312
-0.0712127685546875 0.0559539794921875 0.0152587890625 -0.147567749023438
-0.0817489624023438 0.00862884521484374 0.0691375732421875 -0.0863113403320313
-0.073150634765625 -0.0649642944335937 0.0636405944824219 -0.00956344604492188
-0.0582733154296875 -0.100303649902344 -0.00886154174804688 -0.0251636505126953
-0.0273284912109375 -0.124153137207031 0.0228271484375 -0.0866470336914063
-0.0708465576171875 -0.0279464721679688 0.05133056640625 -0.330657958984375
-0.0535354614257812 -0.000522613525390633 -0.0428009033203125 -0.199005126953125
-0.0249099731445312 0.0285511016845703 -0.0322456359863281 -0.0557365417480469
0.000459671020507814 0.0147514343261719 0.0206375122070313 -0.0664596557617188
0.00368690490722656 -0.00216102600097656 0.00640869140625001 -0.105812072753906
-0.0120677947998047 0.00460529327392578 -0.0481414794921875 -0.135139465332031
-0.0211544036865234 0.0109901428222656 -0.102676391601563 -0.137321472167969
-0.0188541412353516 0.0134639739990234 -0.117156982421875 -0.1243896484375
-0.0244369506835938 0.0204696655273437 -0.10455322265625 -0.14605712890625
-0.0340976715087891 0.00636100769042969 -0.0465545654296875 -0.167831420898438
-0.0316944122314453 -0.0157241821289062 0.0249481201171875 -0.140838623046875
-0.00576019287109375 -0.0264148712158203 0.0720291137695313 -0.0769500732421875
0.0107488632202148 -0.0175485610961914 0.0493621826171875 -0.00623703002929688
-0.00701236724853516 -0.00159263610839844 -0.0175437927246094 -0.0430335998535156
-0.0270023345947266 -0.0157356262207031 0.027679443359375 -0.126396179199219
0.0376815795898437 -0.0967178344726563 0.00556182861328124 0.127555847167969
-0.0440597534179688 -0.096466064453125 0.0213546752929687 0.0459709167480469
-0.0909042358398438 -0.03118896484375 -0.0376739501953125 -0.00888824462890625
-0.0693740844726563 0.0439071655273438 -0.0758132934570313 0.0565109252929688
-0.0239105224609375 0.0736083984375 -0.0414581298828125 0.112014770507813
0.0333328247070313 0.0689849853515625 0.0410614013671875 0.15106201171875
0.0623245239257812 0.0507698059082031 0.109321594238281 0.139183044433594
0.0496749877929687 0.0507774353027344 0.112129211425781 0.113288879394531
0.0515670776367187 0.0592803955078125 0.0933990478515625 0.117431640625
0.0140304565429688 0.0783233642578125 0.0528640747070312 0.126899719238281
-0.04315185546875 0.0629310607910156 0.01641845703125 0.0860519409179687
-0.0750045776367188 0.0100631713867187 0.00868988037109375 0.0570869445800781
-0.05072021484375 -0.06524658203125 0.056640625 0.0820083618164063
0.0067138671875 -0.0946884155273438 0.0780029296875 0.19342041015625
0.0503959655761719 -0.0677909851074219 -0.0504150390625 0.344085693359375
0.0320587158203125 -0.200119018554688 0.00774383544921874 0.091156005859375
-0.0783843994140625 -0.176361083984375 0.0155735015869141 0.0292549133300781
-0.1551513671875 -0.085296630859375 -0.0296497344970703 -0.0133018493652344
-0.14532470703125 0.0461578369140625 -0.06298828125 0.0360603332519531
-0.0749740600585937 0.118011474609375 -0.0453262329101563 0.077880859375
0.0258331298828125 0.141860961914063 0.0190658569335937 0.122177124023437
0.0823593139648438 0.114326477050781 0.078094482421875 0.118980407714844
0.06976318359375 0.111396789550781 0.083221435546875 0.093231201171875
0.0767364501953125 0.127021789550781 0.0662460327148438 0.0900039672851563
0.0169677734375 0.1456298828125 0.0461196899414062 0.0918045043945313
-0.0800094604492188 0.120315551757813 0.023345947265625 0.0477561950683594
-0.138534545898438 0.0390548706054687 0.0280952453613281 0.0352783203125
-0.12396240234375 -0.102348327636719 0.084381103515625 0.0737762451171875
-0.0506744384765625 -0.177947998046875 0.09283447265625 0.18231201171875
0.03363037109375 -0.168533325195313 -0.0234375 0.3214111328125
0.0204620361328125 -0.274383544921875 0.0150947570800781 0.0254650115966797
-0.103836059570313 -0.235702514648438 0.00391435623168945 -0.00260972976684572
-0.2039794921875 -0.128036499023437 -0.0244903564453125 -0.0170536041259766
-0.206329345703125 0.0431060791015625 -0.0435981750488281 0.01556396484375
-0.12060546875 0.145523071289063 -0.0421981811523438 0.0362815856933594
0.0115509033203125 0.193252563476563 -0.00499725341796875 0.0753173828125
0.0907440185546875 0.164382934570313 0.036956787109375 0.0780181884765625
0.08013916015625 0.15411376953125 0.0429496765136719 0.0577735900878906
0.0909576416015625 0.174240112304688 0.02972412109375 0.0498237609863281
0.0227508544921875 0.195449829101563 0.0294837951660156 0.0419807434082031
-0.101104736328125 0.170028686523438 0.0256137847900391 0.00110244750976564
-0.183578491210938 0.0716552734375 0.047119140625 0.0041351318359375
-0.186721801757812 -0.121231079101563 0.105781555175781 0.0560836791992187
-0.110427856445312 -0.232681274414063 0.0960693359375 0.153778076171875
0.0036773681640625 -0.245376586914063 0.000381469726562512 0.262481689453125
0.00189208984375002 -0.305816650390625 0.0284690856933594 -0.0599403381347656
-0.122467041015625 -0.258712768554688 -0.00810623168945313 -0.0471687316894531
-0.230560302734375 -0.1451416015625 -0.0192699432373047 -0.0243358612060547
-0.23883056640625 0.0408782958984375 -0.0182991027832031 -0.00536346435546875
-0.143997192382813 0.1580810546875 -0.0284805297851563 -0.0127334594726562
-0.00192260742187501 0.218246459960937 -0.0238666534423828 0.016387939453125
0.0874481201171875 0.18634033203125 -0.0095386505126953 0.0257949829101563
0.078704833984375 0.17364501953125 -0.0073251724243164 0.014434814453125
0.091552734375 0.195938110351563 -0.0173006057739258 0.000147819519042977
0.0244903564453125 0.21649169921875 0.00332260131835938 -0.013916015625
-0.109298706054687 0.191162109375 0.0184898376464844 -0.0521049499511719
-0.203506469726563 0.095703125 0.0556983947753906 -0.0317802429199219
-0.225311279296875 -0.119277954101563 0.110427856445312 0.0324630737304687
-0.150894165039063 -0.250350952148438 0.0777053833007812 0.107696533203125
-0.022857666015625 -0.282135009765625 0.0100250244140625 0.175765991210937
-0.0234375 -0.2926025390625 0.0399322509765625 -0.150787353515625
-0.131271362304688 -0.239669799804687 -0.020904541015625 -0.0975341796875
-0.22088623046875 -0.132476806640625 -0.0171489715576172 -0.0315036773681641
-0.226394653320313 0.0368499755859374 0.00608062744140624 -0.0300865173339844
-0.13995361328125 0.144195556640625 -0.0145683288574219 -0.0594635009765625
-0.011871337890625 0.20947265625 -0.0384368896484375 -0.0457725524902344
0.069854736328125 0.179306030273438 -0.0504341125488281 -0.0327262878417969
0.0657196044921875 0.165618896484375 -0.0553512573242188 -0.0316925048828125
0.07666015625 0.190750122070313 -0.0615005493164063 -0.0474090576171875
0.0168609619140625 0.201446533203125 -0.0249481201171875 -0.0706329345703125
-0.10748291015625 0.181930541992188 0.00853729248046873 -0.099945068359375
-0.189987182617188 0.091156005859375 0.0580482482910156 -0.0658149719238281
-0.215988159179688 -0.107711791992188 0.0987472534179687 0.00859069824218749
-0.158416748046875 -0.230255126953125 0.0462074279785156 0.057769775390625
-0.0381011962890625 -0.271469116210938 0.013427734375 0.0757293701171875
-0.0436859130859375 -0.233306884765625 0.0458984375 -0.233551025390625
-0.118453979492188 -0.179534912109375 -0.033355712890625 -0.141799926757813
-0.17572021484375 -0.09063720703125 -0.0163459777832031 -0.0414390563964844
-0.172134399414062 0.0315704345703125 0.0223312377929687 -0.0518722534179688
-0.106224060058594 0.108322143554688 -0.001983642578125 -0.0959243774414063
-0.0146331787109375 0.16217041015625 -0.0489654541015625 -0.0970687866210938
0.0447998046875 0.1427001953125 -0.084320068359375 -0.0828475952148437
0.042266845703125 0.135063171386719 -0.0923538208007813 -0.0732955932617188
0.0487823486328125 0.154098510742187 -0.0961532592773438 -0.0919647216796875
-0.000213623046875009 0.157379150390625 -0.0474853515625 -0.118606567382813
-0.09393310546875 0.132057189941406 0.00351715087890625 -0.132484436035156
-0.149261474609375 0.0588836669921875 0.0620574951171875 -0.0846023559570312
-0.161300659179688 -0.0922088623046875 0.0799636840820312 -0.00697326660156251
-0.123611450195312 -0.17919921875 0.0114259719848633 0.0103263854980469
-0.0388336181640625 -0.216812133789063 0.0137157440185547 -0.0183963775634766
-0.0620956420898437 -0.140106201171875 0.047821044921875 -0.299041748046875
-0.0913543701171875 -0.0963287353515625 -0.041717529296875 -0.179656982421875
-0.10272216796875 -0.032928466796875 -0.0206985473632813 -0.0496025085449219
-0.088714599609375 0.0242156982421875 0.0292587280273437 -0.0647354125976562
-0.058013916015625 0.0541877746582031 0.00472259521484374 -0.11029052734375
-0.0149383544921875 0.0892715454101562 -0.054595947265625 -0.127143859863281
0.0120162963867188 0.0845184326171875 -0.103446960449219 -0.118659973144531
0.0136184692382813 0.0845489501953125 -0.116081237792969 -0.104408264160156
0.0119476318359375 0.0983352661132813 -0.112083435058594 -0.123115539550781
-0.0208740234375 0.08917236328125 -0.05712890625 -0.149932861328125
-0.0707550048828125 0.0634231567382813 0.0060882568359375 -0.146392822265625
-0.0839385986328125 0.01434326171875 0.0648422241210938 -0.0908355712890625
-0.0793304443359375 -0.0633544921875 0.0628433227539063 -0.011444091796875
-0.064300537109375 -0.100196838378906 -0.0107669830322266 -0.0239658355712891
-0.0301132202148438 -0.127922058105469 0.0172576904296875 -0.0919418334960938
-0.0674362182617187 -0.0277099609375 0.03424072265625 -0.33428955078125
-0.0539817810058594 -0.00089263916015626 -0.0554351806640625 -0.1993408203125
-0.0232410430908203 0.0292625427246094 -0.0351219177246094 -0.0543594360351563
-0.000822067260742189 0.0142030715942383 0.0173606872558594 -0.0674476623535156
-0.000214830040931702 -0.000244662165641785 0.00179290771484376 -0.104446411132813
-0.0131168365478516 0.00879669189453125 -0.052886962890625 -0.132865905761719
-0.0183162689208984 0.0158290863037109 -0.109046936035156 -0.130714416503906
-0.019256591796875 0.0167064666748047 -0.122207641601562 -0.118919372558594
-0.0235271453857422 0.0244655609130859 -0.112846374511719 -0.139694213867188
-0.0329685211181641 0.00914573669433593 -0.0535125732421875 -0.1640625
-0.0332927703857422 -0.0103931427001953 0.0155487060546875 -0.142105102539063
-0.00945663452148438 -0.0248985290527344 0.0677108764648438 -0.0803298950195313
0.00803947448730469 -0.0190696716308594 0.0486259460449219 -0.00838851928710938
-0.00823068618774414 -0.00449609756469726 -0.0204277038574219 -0.04461669921875
-0.0241260528564453 -0.0169277191162109 0.0204315185546875 -0.133583068847656
0.03466796875 -0.0949783325195312 0.008636474609375 0.133895874023438
-0.0457229614257812 -0.0913848876953125 0.0235595703125 0.048553466796875
-0.0890045166015625 -0.0291061401367187 -0.0366897583007813 -0.00671768188476563
-0.0649337768554687 0.0441360473632813 -0.0738601684570313 0.0569381713867187
-0.0200119018554688 0.0711898803710938 -0.0387344360351563 0.111381530761719
0.0356407165527344 0.0655517578125 0.0440521240234375 0.148406982421875
0.0623054504394531 0.0483169555664063 0.111564636230469 0.137809753417969
0.0505409240722656 0.0478935241699219 0.115127563476562 0.111015319824219
0.053955078125 0.0552139282226563 0.0961532592773438 0.116737365722656
0.0177230834960937 0.0757064819335938 0.0551986694335937 0.124656677246094
-0.0393409729003906 0.0635490417480469 0.0164337158203125 0.0852508544921875
-0.0742645263671875 0.0135650634765625 0.00911331176757812 0.0570602416992187
-0.0520744323730469 -0.0623321533203125 0.05767822265625 0.0799407958984375
0.00332641601562501 -0.0929718017578125 0.08135986328125 0.192352294921875
0.04486083984375 -0.0674362182617188 -0.041717529296875 0.34649658203125
0.0264892578125 -0.197372436523438 0.00916290283203124 0.0977096557617187
-0.081634521484375 -0.171417236328125 0.0155029296875 0.0345878601074219
-0.155242919921875 -0.0809173583984375 -0.0284709930419922 -0.0121364593505859
-0.1424560546875 0.0481719970703125 -0.0628776550292969 0.0378990173339844
-0.07177734375 0.118057250976563 -0.0438995361328125 0.0785064697265625
0.0298004150390625 0.139625549316406 0.0208816528320313 0.122383117675781
0.0850677490234375 0.112686157226563 0.081268310546875 0.118003845214844
0.0724639892578125 0.106903076171875 0.0872116088867187 0.0909957885742187
0.0795211791992188 0.123237609863281 0.0701370239257813 0.090057373046875
0.0227203369140625 0.14410400390625 0.0488357543945312 0.09051513671875
-0.074127197265625 0.124061584472656 0.0227127075195313 0.0478019714355469
-0.137458801269531 0.0442886352539062 0.0279388427734375 0.0354423522949219
-0.125885009765625 -0.099945068359375 0.08465576171875 0.0717086791992188
-0.05633544921875 -0.174240112304688 0.0954742431640625 0.181396484375
0.026275634765625 -0.16998291015625 -0.017303466796875 0.322784423828125
0.0133056640625 -0.27105712890625 0.0157756805419922 0.0325527191162109
-0.109375 -0.230026245117187 0.00315213203430175 0.00258779525756835
-0.204666137695313 -0.123092651367188 -0.0231380462646485 -0.0150089263916016
-0.204116821289063 0.048065185546875 -0.04437255859375 0.018768310546875
-0.11419677734375 0.14892578125 -0.0397796630859375 0.0374565124511719
0.0184173583984375 0.194046020507813 -0.00154876708984375 0.077423095703125
0.095489501953125 0.161178588867188 0.0395660400390625 0.078338623046875
0.0846710205078125 0.151290893554688 0.0459556579589844 0.0570297241210938
0.0964202880859375 0.171096801757813 0.0307693481445313 0.0505218505859375
0.028594970703125 0.193115234375 0.0309181213378906 0.0419082641601563
-0.095611572265625 0.172409057617188 0.0233249664306641 0.000801086425781261
-0.182327270507813 0.078216552734375 0.0446281433105469 0.00461959838867188
-0.192306518554688 -0.115951538085937 0.104499816894531 0.0545120239257812
-0.117431640625 -0.228302001953125 0.0964508056640625 0.151290893554687
-0.0025787353515625 -0.246139526367188 0.00335693359375002 0.261459350585938
-0.00683593750000002 -0.305755615234375 0.0247116088867188 -0.0523033142089844
-0.128631591796875 -0.2545166015625 -0.0103836059570313 -0.0416145324707031
-0.232772827148438 -0.140274047851562 -0.0193042755126953 -0.0213813781738281
-0.236572265625 0.0477752685546875 -0.0203304290771485 -0.00360870361328125
-0.138442993164062 0.16107177734375 -0.0299167633056641 -0.00979614257812499
0.00572204589843751 0.219619750976563 -0.0220413208007813 0.0194816589355469
0.0929107666015625 0.185028076171875 -0.00590705871582031 0.0267810821533203
0.08477783203125 0.171661376953125 -0.00327968597412109 0.0154991149902344
0.0990753173828125 0.193862915039062 -0.0155248641967773 0.00393676757812501
0.031036376953125 0.213821411132813 0.00477790832519531 -0.0138816833496094
-0.103973388671875 0.197708129882813 0.0159454345703125 -0.0511665344238281
-0.201904296875 0.10272216796875 0.0543479919433594 -0.0308570861816406
-0.229156494140625 -0.114166259765625 0.108779907226563 0.03033447265625
-0.159988403320313 -0.2470703125 0.0770339965820312 0.1072998046875
-0.028594970703125 -0.283599853515625 0.0131072998046875 0.174224853515625
-0.027862548828125 -0.292388916015625 0.0332183837890625 -0.145675659179688
-0.135299682617188 -0.236846923828125 -0.0258102416992188 -0.0916213989257813
-0.224822998046875 -0.127090454101563 -0.0187053680419922 -0.0297622680664063
-0.227981567382813 0.04425048828125 0.00355911254882811 -0.0287857055664062
-0.135208129882813 0.148941040039062 -0.0157470703125 -0.0565681457519531
-0.00396728515624998 0.209564208984375 -0.0382270812988281 -0.0410919189453125
0.0761871337890625 0.178207397460938 -0.0495643615722656 -0.0287017822265625
0.0711822509765625 0.166168212890625 -0.0521202087402344 -0.0288124084472656
0.0839385986328125 0.188262939453125 -0.0614662170410156 -0.0442390441894531
0.0230255126953125 0.201812744140625 -0.0258255004882813 -0.0687370300292968
-0.101882934570312 0.185638427734375 0.0046539306640625 -0.09893798828125
-0.188217163085937 0.0984954833984375 0.0558052062988281 -0.0623512268066406
-0.221588134765625 -0.10345458984375 0.0972976684570312 0.00705718994140624
-0.1639404296875 -0.228179931640625 0.0437049865722656 0.0560150146484375
-0.0413970947265625 -0.273696899414063 0.0131301879882812 0.0732955932617187
-0.048065185546875 -0.234588623046875 0.036102294921875 -0.231781005859375
-0.122802734375 -0.180007934570312 -0.0385284423828125 -0.139358520507813
-0.178817749023438 -0.0871429443359375 -0.0181961059570313 -0.0403175354003906
-0.174240112304688 0.0371551513671875 0.0205574035644531 -0.0517692565917969
-0.104393005371094 0.111709594726562 -0.00407409667968751 -0.0932540893554688
-0.010498046875 0.163818359375 -0.0499343872070312 -0.0927047729492187
0.0484771728515625 0.144500732421875 -0.085113525390625 -0.0805511474609375
0.0468902587890625 0.135086059570312 -0.0923538208007812 -0.0701828002929687
0.05517578125 0.154190063476562 -0.0958709716796875 -0.0866165161132812
0.00492858886718751 0.158645629882813 -0.0505752563476563 -0.114967346191406
-0.0913009643554688 0.136711120605469 -0.00156402587890625 -0.131271362304688
-0.14752197265625 0.0642242431640625 0.0571517944335937 -0.0827560424804688
-0.166015625 -0.08795166015625 0.0792388916015625 -0.007080078125
-0.125961303710938 -0.17706298828125 0.00908946990966796 0.00898647308349608
-0.03961181640625 -0.219406127929688 0.0115432739257813 -0.0227508544921875
-0.06170654296875 -0.14154052734375 0.03515625 -0.298736572265625
-0.0924758911132813 -0.094940185546875 -0.049560546875 -0.177032470703125
-0.104812622070312 -0.03167724609375 -0.0239677429199219 -0.0480422973632813
-0.0926971435546875 0.026031494140625 0.0250968933105469 -0.0658950805664063
-0.0552787780761719 0.0586891174316406 0.00122070312499999 -0.109107971191406
-0.0120391845703125 0.0925445556640625 -0.0557174682617188 -0.124153137207031
0.0159225463867187 0.0869216918945313 -0.106285095214844 -0.116065979003906
0.016204833984375 0.0843734741210938 -0.117713928222656 -0.0999069213867188
0.0163345336914062 0.0982818603515625 -0.114410400390625 -0.119529724121094
-0.0163116455078125 0.0934295654296875 -0.060791015625 -0.146636962890625
-0.0688056945800781 0.06671142578125 0.00135803222656249 -0.144775390625
-0.0857772827148438 0.0166168212890625 0.0594558715820313 -0.0885848999023438
-0.082366943359375 -0.0627822875976562 0.0609359741210938 -0.0116691589355469
-0.0658798217773438 -0.100288391113281 -0.0135097503662109 -0.02520751953125
-0.0304946899414062 -0.129684448242188 0.0126190185546875 -0.0956878662109375
-0.0667228698730469 -0.0274124145507812 0.02685546875 -0.335205078125
-0.0513458251953125 -0.00293731689453125 -0.0614013671875 -0.199081420898438
-0.0228786468505859 0.0251426696777344 -0.0377731323242187 -0.0535087585449219
-0.00277519226074219 0.0132741928100586 0.0151176452636719 -0.0664901733398438
-0.0006866455078125 -0.000527322292327881 0.000724792480468749 -0.103691101074219
-0.0125970840454102 0.0101690292358398 -0.0555496215820313 -0.130302429199219
-0.0181045532226562 0.0178489685058594 -0.111724853515625 -0.130378723144531
-0.0173168182373047 0.0190639495849609 -0.123725891113281 -0.11572265625
-0.0225162506103516 0.0268096923828125 -0.115013122558594 -0.137863159179688
-0.0319385528564453 0.0138874053955078 -0.058746337890625 -0.161605834960937
-0.0351791381835937 -0.00782012939453126 0.0121917724609375 -0.141845703125
-0.0130424499511719 -0.0241680145263672 0.0641708374023438 -0.080596923828125
0.00531387329101563 -0.0215988159179688 0.04815673828125 -0.009735107421875
-0.00681495666503906 -0.00732326507568359 -0.0225067138671875 -0.0463142395019531
-0.0216941833496094 -0.0206928253173828 0.0157470703125 -0.137954711914063
0.034576416015625 -0.09423828125 0.0103302001953125 0.141952514648438
-0.0461349487304688 -0.0891799926757813 0.0255966186523437 0.0522537231445312
-0.0882720947265625 -0.02825927734375 -0.035736083984375 -0.00684356689453126
-0.0641670227050781 0.0436058044433594 -0.0745162963867187 0.05743408203125
-0.0194091796875 0.0715713500976563 -0.0387344360351563 0.112197875976562
0.0366058349609375 0.0652694702148438 0.0445709228515625 0.150177001953125
0.0621681213378906 0.0474395751953125 0.113967895507812 0.139022827148438
0.0518646240234375 0.0455856323242188 0.11846923828125 0.112030029296875
0.0554885864257813 0.0531044006347656 0.0981216430664062 0.118858337402344
0.0200119018554688 0.073944091796875 0.05621337890625 0.125923156738281
-0.0368576049804687 0.0648307800292969 0.0167465209960938 0.0863418579101563
-0.0733871459960938 0.0150604248046875 0.00986862182617187 0.0583686828613281
-0.05230712890625 -0.0611076354980469 0.0584564208984375 0.0806198120117188
0.000404357910156256 -0.092132568359375 0.0820465087890625 0.196334838867188
0.042999267578125 -0.0676231384277344 -0.04229736328125 0.352508544921875
0.025726318359375 -0.19921875 0.00991821289062499 0.1058349609375
-0.082794189453125 -0.16937255859375 0.0164222717285156 0.0387420654296875
-0.155990600585937 -0.0810089111328125 -0.0281219482421875 -0.0111770629882813
-0.142608642578125 0.0498809814453125 -0.0631103515625 0.0394744873046875
-0.0703887939453125 0.119255065917969 -0.044219970703125 0.0802154541015625
0.031890869140625 0.139945983886719 0.0221481323242187 0.124656677246094
0.0872116088867188 0.113166809082031 0.0840988159179688 0.11956787109375
0.07501220703125 0.107109069824219 0.09039306640625 0.0924301147460938
0.082611083984375 0.121833801269531 0.0719680786132813 0.0922775268554688
0.025726318359375 0.143997192382813 0.0499191284179688 0.0916748046875
-0.0727996826171875 0.126899719238281 0.0220947265625 0.0487060546875
-0.138313293457031 0.0471725463867187 0.0285682678222656 0.0368614196777344
-0.129051208496094 -0.0995712280273438 0.08544921875 0.0719833374023438
-0.0602569580078125 -0.175155639648438 0.095306396484375 0.184951782226563
0.0244903564453125 -0.172286987304688 -0.017578125 0.326873779296875
0.01239013671875 -0.275299072265625 0.0155143737792969 0.0400924682617187
-0.110855102539063 -0.230438232421875 0.00375652313232421 0.00792884826660155
-0.207550048828125 -0.12353515625 -0.0231571197509766 -0.0146942138671875
-0.206039428710938 0.050872802734375 -0.0441970825195313 0.0199699401855469
-0.11431884765625 0.15203857421875 -0.0407257080078125 0.0385398864746094
0.0211181640625 0.195755004882813 -0.000854492187499993 0.0798416137695313
0.0988922119140625 0.1632080078125 0.042724609375 0.0808792114257813
0.0876922607421875 0.15228271484375 0.0486869812011719 0.0590629577636719
0.099822998046875 0.171875 0.0327606201171875 0.053466796875
0.0325927734375 0.193954467773437 0.0325660705566406 0.0429763793945313
-0.094268798828125 0.17724609375 0.0216102600097656 0.000787734985351573
-0.184127807617188 0.0827178955078125 0.0449790954589844 0.00643920898437501
-0.196258544921875 -0.116119384765625 0.104568481445313 0.0544586181640625
-0.121978759765625 -0.230209350585938 0.0960845947265625 0.154251098632812
-0.00404357910156253 -0.2510986328125 0.00299072265624997 0.265289306640625
-0.006866455078125 -0.30999755859375 0.0240211486816406 -0.0474319458007813
-0.13055419921875 -0.256423950195313 -0.0118560791015625 -0.0373077392578125
-0.236114501953125 -0.142318725585938 -0.0201549530029297 -0.0203056335449219
-0.240524291992188 0.0507659912109375 -0.0207843780517578 -0.00251007080078124
-0.140029907226563 0.165634155273437 -0.0295658111572266 -0.00917816162109373
0.00900268554687502 0.223342895507813 -0.0214424133300781 0.0223026275634766
0.09674072265625 0.187652587890625 -0.00378227233886718 0.0286960601806641
0.088409423828125 0.17352294921875 -0.00120449066162109 0.016744613647461
0.103424072265625 0.195953369140625 -0.0142002105712891 0.00689983367919923
0.0347137451171875 0.216384887695312 0.00522708892822266 -0.0126791000366211
-0.102340698242188 0.203079223632812 0.0139923095703125 -0.0510215759277344
-0.204421997070313 0.106903076171875 0.0543708801269531 -0.0285987854003906
-0.235305786132813 -0.114898681640625 0.108688354492187 0.030242919921875
-0.164581298828125 -0.248886108398438 0.0760498046875 0.10888671875
-0.029022216796875 -0.289215087890625 0.012176513671875 0.175567626953125
-0.027862548828125 -0.297393798828125 0.0318450927734375 -0.143447875976563
-0.1378173828125 -0.239852905273437 -0.0281219482421875 -0.0890350341796875
-0.229232788085937 -0.129425048828125 -0.0188941955566406 -0.0289230346679688
-0.231842041015625 0.0485687255859375 0.00281143188476561 -0.0275115966796875
-0.136672973632813 0.153121948242188 -0.0159034729003906 -0.056793212890625
-0.00036621093750002 0.214492797851563 -0.0388069152832031 -0.0392913818359375
0.080291748046875 0.182174682617188 -0.0485115051269531 -0.0280532836914062
0.07476806640625 0.169052124023438 -0.0501327514648437 -0.0283699035644531
0.0891571044921875 0.191299438476563 -0.061248779296875 -0.0410804748535156
0.0269317626953125 0.205123901367188 -0.0257797241210937 -0.0681533813476562
-0.100921630859375 0.190902709960937 0.00232696533203125 -0.0981369018554688
-0.191986083984375 0.10260009765625 0.0559539794921875 -0.0606651306152344
-0.226959228515625 -0.104721069335938 0.0976791381835937 0.00800323486328124
-0.167831420898437 -0.231094360351563 0.0415496826171875 0.057098388671875
-0.041778564453125 -0.279937744140625 0.0108261108398437 0.0721969604492187
-0.0479888916015625 -0.239242553710938 0.034881591796875 -0.231704711914063
-0.125198364257813 -0.183914184570312 -0.0420379638671875 -0.13812255859375
-0.182357788085938 -0.0899658203125 -0.0194549560546875 -0.0392227172851563
-0.178741455078125 0.0402374267578125 0.0197563171386719 -0.0512199401855469
-0.106307983398438 0.11602783203125 -0.0041656494140625 -0.0928802490234375
-0.00788879394531251 0.169342041015625 -0.0500030517578125 -0.0912857055664063
0.052947998046875 0.147598266601563 -0.0850677490234375 -0.0793991088867188
0.0494308471679688 0.138786315917969 -0.0909347534179688 -0.0695724487304687
0.058074951171875 0.158416748046875 -0.0966033935546875 -0.0851058959960938
0.00785827636718751 0.162628173828125 -0.0505294799804687 -0.1151123046875
-0.0907440185546875 0.142379760742188 -0.00408172607421874 -0.131477355957031
-0.151962280273438 0.0679168701171875 0.0570297241210938 -0.0812911987304688
-0.1708984375 -0.08953857421875 0.0791778564453125 -0.00597381591796876
-0.128753662109375 -0.18048095703125 0.00668716430664062 0.00962543487548827
-0.0382080078125 -0.225540161132813 0.00924110412597656 -0.0249729156494141
-0.0608978271484375 -0.145736694335937 0.033294677734375 -0.300506591796875
-0.0944290161132813 -0.0995025634765625 -0.052825927734375 -0.177780151367188
-0.107559204101562 -0.0340423583984375 -0.0251312255859375 -0.0482215881347656
-0.0959701538085938 0.0280303955078125 0.0247459411621094 -0.0660934448242187
-0.0573692321777344 0.0608253479003906 0.00212097167968748 -0.109992980957031
-0.01092529296875 0.0966339111328125 -0.0557479858398438 -0.123977661132813
0.01849365234375 0.0900726318359375 -0.107574462890625 -0.115974426269531
0.017578125 0.0870285034179688 -0.117767333984375 -0.100395202636719
0.0190887451171875 0.102531433105469 -0.116378784179687 -0.118850708007813
-0.014984130859375 0.0960464477539063 -0.061492919921875 -0.147552490234375
-0.0699234008789062 0.0703506469726563 -0.000228881835937519 -0.146026611328125
-0.089935302734375 0.0186233520507813 0.0596389770507812 -0.0877838134765625
-0.086090087890625 -0.0640029907226562 0.0619544982910156 -0.0115432739257813
-0.067535400390625 -0.103469848632813 -0.0160999298095703 -0.0266876220703125
-0.0284347534179687 -0.13555908203125 0.00962066650390624 -0.100334167480469
-0.0649223327636719 -0.0298690795898437 0.024627685546875 -0.341033935546875
-0.0517425537109375 -0.00587844848632813 -0.06488037109375 -0.20196533203125
-0.0234375 0.0235061645507813 -0.0393829345703125 -0.0531692504882813
-0.00478744506835938 0.0128641128540039 0.0145645141601562 -0.0670166015625
-0.00232625007629395 0.0010230541229248 0.00121307373046874 -0.104896545410156
-0.0127086639404297 0.0128974914550781 -0.0560226440429687 -0.132118225097656
-0.0168991088867188 0.0193214416503906 -0.114204406738281 -0.131904602050781
-0.0154552459716797 0.0220413208007813 -0.126113891601563 -0.1168212890625
-0.0207195281982422 0.0302753448486328 -0.11767578125 -0.138526916503906
-0.0317020416259766 0.0167694091796875 -0.0596771240234375 -0.16162109375
-0.0365333557128906 -0.00609588623046875 0.010986328125 -0.142807006835938
-0.0160102844238281 -0.02349853515625 0.06451416015625 -0.0813217163085938
0.003204345703125 -0.0232639312744141 0.0487709045410156 -0.0086669921875
-0.00674533843994141 -0.00963783264160156 -0.0247459411621094 -0.0478019714355469
-0.0198345184326172 -0.0252418518066406 0.013458251953125 -0.14422607421875
0.0348052978515625 -0.0958404541015625 0.012725830078125 0.151885986328125
-0.0475234985351562 -0.0888442993164063 0.0283775329589844 0.0576934814453125
-0.0900421142578125 -0.027862548828125 -0.0359535217285156 -0.00732421875
-0.0649986267089844 0.0441780090332031 -0.07635498046875 0.0595626831054688
-0.0187606811523438 0.0731124877929687 -0.0404586791992188 0.116447448730469
0.0388603210449219 0.0654754638671875 0.046722412109375 0.15570068359375
0.0647468566894531 0.0477218627929688 0.1192626953125 0.1439208984375
0.0531272888183594 0.0452651977539063 0.123519897460937 0.115837097167969
0.05767822265625 0.0520896911621094 0.103012084960938 0.123954772949219
0.022186279296875 0.0747451782226563 0.0592803955078125 0.130104064941406
-0.0362815856933594 0.06756591796875 0.0167999267578125 0.0890960693359375
-0.0752792358398438 0.0170669555664063 0.0104598999023437 0.0609817504882813
-0.0545654296875 -0.0621452331542969 0.0599899291992187 0.082794189453125
-0.00229644775390626 -0.0935897827148438 0.0853424072265625 0.20458984375
0.0414962768554688 -0.0684127807617188 -0.042266845703125 0.3662109375
0.025360107421875 -0.205642700195313 0.0112686157226563 0.11590576171875
-0.08587646484375 -0.171920776367188 0.017852783203125 0.0444068908691406
-0.16015625 -0.083160400390625 -0.0280799865722656 -0.0111560821533203
-0.1458740234375 0.051910400390625 -0.0649871826171875 0.041412353515625
-0.0712890625 0.122764587402344 -0.0460662841796875 0.0835189819335938
0.0349273681640625 0.143280029296875 0.0239334106445313 0.129402160644531
0.0913238525390625 0.116096496582031 0.0883255004882813 0.123687744140625
0.0784835815429688 0.10919189453125 0.0953521728515625 0.0955734252929688
0.08685302734375 0.124244689941406 0.0756988525390625 0.0973739624023438
0.0291290283203125 0.146942138671875 0.0517959594726563 0.0945510864257813
-0.072357177734375 0.133895874023438 0.0218315124511719 0.0505027770996094
-0.142745971679687 0.0516357421875 0.0301132202148437 0.0394248962402344
-0.134788513183594 -0.101882934570313 0.087554931640625 0.074188232421875
-0.065399169921875 -0.180068969726563 0.0984039306640625 0.192886352539062
0.02294921875 -0.178359985351563 -0.01788330078125 0.3394775390625
0.011749267578125 -0.283935546875 0.016571044921875 0.0472869873046875
-0.115020751953125 -0.235275268554688 0.00418663024902343 0.0129127502441406
-0.214431762695313 -0.126876831054688 -0.02264404296875 -0.0142364501953125
-0.21234130859375 0.0543670654296875 -0.045684814453125 0.0210914611816406
-0.116622924804687 0.158279418945313 -0.0422821044921875 0.0402870178222656
0.02520751953125 0.202239990234375 -6.8664550781244E-05 0.084442138671875
0.104827880859375 0.167984008789063 0.0459060668945313 0.08428955078125
0.093109130859375 0.156463623046875 0.0528221130371094 0.0611076354980469
0.1065673828125 0.176177978515625 0.0352249145507813 0.0571937561035156
0.0371246337890625 0.1993408203125 0.03375244140625 0.0447578430175781
-0.0952606201171875 0.186721801757813 0.0212745666503906 0.00212478637695314
-0.190872192382813 0.08905029296875 0.0466461181640625 0.00873565673828126
-0.205352783203125 -0.11944580078125 0.107345581054688 0.0563583374023438
-0.129638671875 -0.236953735351563 0.0979461669921875 0.161300659179687
-0.00466918945312498 -0.26104736328125 0.00239562988281248 0.273910522460938
-0.00796508789062502 -0.3211669921875 0.0240631103515625 -0.0431976318359375
-0.136489868164063 -0.264205932617188 -0.0126495361328125 -0.0332908630371094
-0.245941162109375 -0.146804809570313 -0.020538330078125 -0.0195732116699219
-0.248626708984375 0.0550079345703125 -0.0214118957519531 -0.00139999389648437
-0.143173217773437 0.173263549804688 -0.0308303833007813 -0.00859451293945312
0.0140838623046875 0.2310791015625 -0.0213432312011719 0.0249366760253906
0.104034423828125 0.193923950195313 -0.00211143493652343 0.0311470031738281
0.0941314697265625 0.179458618164063 0.00157928466796876 0.0177326202392578
0.110580444335937 0.20257568359375 -0.0135650634765625 0.00963497161865236
0.039794921875 0.222763061523438 0.00583934783935547 -0.012873649597168
-0.103271484375 0.21405029296875 0.0123100280761719 -0.051849365234375
-0.211349487304687 0.113906860351563 0.0562667846679687 -0.0277824401855469
-0.246002197265625 -0.117416381835938 0.1112060546875 0.031646728515625
-0.173446655273438 -0.257049560546875 0.0768356323242187 0.113807678222656
-0.030242919921875 -0.30145263671875 0.010650634765625 0.180999755859375
-0.029022216796875 -0.3092041015625 0.0313568115234375 -0.143081665039063
-0.143051147460938 -0.249313354492188 -0.0303192138671875 -0.0879440307617188
-0.238662719726562 -0.134536743164063 -0.02008056640625 -0.02862548828125
-0.24139404296875 0.0537109375 0.00289344787597655 -0.0275192260742187
-0.141189575195313 0.16082763671875 -0.0169715881347656 -0.0577926635742187
0.0029296875 0.22271728515625 -0.0389823913574219 -0.0386581420898437
0.08685302734375 0.189651489257813 -0.0493545532226563 -0.0275154113769531
0.0806427001953125 0.17523193359375 -0.0499191284179687 -0.0287666320800781
0.0958099365234375 0.19903564453125 -0.0617141723632813 -0.0398979187011719
0.0307464599609375 0.212539672851563 -0.0266456604003906 -0.0693511962890625
-0.102005004882813 0.201507568359375 0.000503540039062499 -0.100082397460937
-0.199111938476562 0.109024047851563 0.0580711364746094 -0.0606460571289063
-0.237823486328125 -0.10797119140625 0.100425720214844 0.00875854492187499
-0.175521850585938 -0.238967895507812 0.0413703918457031 0.0603675842285156
-0.0419921875 -0.29290771484375 0.00933837890624999 0.0737228393554687
-0.0491943359375 -0.249969482421875 0.03436279296875 -0.236724853515625
-0.130111694335938 -0.191299438476563 -0.0451431274414063 -0.140182495117188
-0.191085815429688 -0.0941009521484375 -0.0209999084472656 -0.0391883850097656
-0.187103271484375 0.04412841796875 0.0193748474121094 -0.0516242980957031
-0.110824584960937 0.122337341308594 -0.00498199462890626 -0.0951080322265625
-0.004608154296875 0.177108764648438 -0.051300048828125 -0.0933456420898437
0.058197021484375 0.154067993164063 -0.0875778198242188 -0.0813827514648437
0.0541839599609375 0.1453857421875 -0.0924835205078125 -0.0714569091796875
0.06353759765625 0.166213989257813 -0.099639892578125 -0.0857162475585937
0.0104827880859375 0.1683349609375 -0.052215576171875 -0.117637634277344
-0.0928497314453125 0.150955200195313 -0.00600433349609376 -0.134536743164063
-0.158279418945313 0.0724029541015625 0.058349609375 -0.0827255249023438
-0.179107666015625 -0.0922698974609375 0.082000732421875 -0.00643157958984376
-0.134735107421875 -0.187850952148438 0.00506877899169921 0.0101680755615234
-0.0384063720703125 -0.237472534179688 0.00664901733398437 -0.0274581909179688
-0.0615081787109375 -0.153076171875 0.03277587890625 -0.310211181640625
-0.0968246459960938 -0.106155395507813 -0.0569915771484375 -0.182952880859375
-0.112373352050781 -0.0374603271484375 -0.0275421142578125 -0.0493087768554687
-0.101455688476562 0.0303421020507813 0.024169921875 -0.067230224609375
-0.0607833862304688 0.065460205078125 0.00167083740234375 -0.112686157226563
-0.00965118408203126 0.102981567382813 -0.0572052001953125 -0.12713623046875
0.0217361450195313 0.0948104858398438 -0.111732482910156 -0.119453430175781
0.0207672119140625 0.0922393798828125 -0.120254516601563 -0.103927612304688
0.0222930908203125 0.108894348144531 -0.12091064453125 -0.121597290039062
-0.013397216796875 0.101325988769531 -0.0643157958984375 -0.151275634765625
-0.0721817016601562 0.076171875 -0.0015716552734375 -0.15008544921875
-0.0944671630859375 0.021697998046875 0.06097412109375 -0.0898284912109375
-0.0915451049804688 -0.0668106079101563 0.0641708374023438 -0.0119552612304688
-0.071075439453125 -0.108787536621094 -0.0187435150146484 -0.0290679931640625
-0.027252197265625 -0.14404296875 0.00754547119140625 -0.107032775878906
-0.0648422241210938 -0.0330772399902344 0.022918701171875 -0.35369873046875
-0.052734375 -0.00914382934570312 -0.069976806640625 -0.209625244140625
-0.0233688354492188 0.0222854614257813 -0.0415763854980469 -0.0543594360351563
-0.00695896148681641 0.0135841369628906 0.0145149230957031 -0.0694313049316406
-0.00430917739868164 0.00161600112915039 0.00148010253906249 -0.107513427734375
-0.0127267837524414 0.0156240463256836 -0.0580062866210938 -0.136772155761719
-0.0161037445068359 0.0210952758789063 -0.118888854980469 -0.136077880859375
-0.0146465301513672 0.0253486633300781 -0.130516052246094 -0.121162414550781
-0.0206851959228516 0.0341682434082031 -0.122589111328125 -0.142181396484375
-0.0320835113525391 0.0198135375976562 -0.062957763671875 -0.166305541992188
-0.0385627746582031 -0.00363540649414063 0.010406494140625 -0.146896362304688
-0.0190525054931641 -0.0232753753662109 0.0654373168945313 -0.0836334228515625
0.00051307678222656 -0.0246696472167969 0.0507240295410156 -0.00898361206054688
-0.00734138488769531 -0.0122652053833008 -0.0272941589355469 -0.0514717102050781
-0.0186710357666016 -0.0299415588378906 0.0108642578125 -0.15313720703125
0.0338211059570312 -0.100028991699219 0.0181884765625 0.164779663085937
-0.051361083984375 -0.0888519287109375 0.0332221984863281 0.0635833740234375
-0.0934371948242187 -0.0269393920898438 -0.036773681640625 -0.00712203979492187
-0.0657730102539062 0.0467185974121094 -0.0784759521484375 0.0646820068359375
-0.017181396484375 0.075531005859375 -0.0402755737304687 0.123451232910156
0.0425643920898438 0.0662155151367188 0.0522613525390625 0.162368774414063
0.0690193176269531 0.0473670959472656 0.129440307617188 0.148681640625
0.0565834045410156 0.0443916320800781 0.132530212402344 0.119415283203125
0.0618896484375 0.0504417419433594 0.111732482910156 0.129325866699219
0.026580810546875 0.075592041015625 0.0651779174804688 0.13494873046875
-0.0341033935546875 0.071746826171875 0.0190200805664062 0.093170166015625
-0.0772171020507812 0.0205307006835938 0.0122833251953125 0.06402587890625
-0.0594100952148437 -0.0630149841308594 0.0644760131835938 0.0853805541992188
-0.00642395019531249 -0.0968475341796875 0.0951385498046875 0.21533203125
0.0398788452148437 -0.071533203125 -0.03582763671875 0.387237548828125
0.022735595703125 -0.2152099609375 0.0151214599609375 0.127517700195313
-0.0929718017578125 -0.175186157226563 0.0214042663574219 0.0510177612304687
-0.169418334960938 -0.083160400390625 -0.0288314819335938 -0.0112228393554688
-0.151092529296875 0.057769775390625 -0.0669441223144531 0.0450935363769531
-0.0714340209960937 0.130241394042969 -0.0469970703125 0.08868408203125
0.041259765625 0.148406982421875 0.0279922485351563 0.13665771484375
0.100349426269531 0.119033813476563 0.0969390869140625 0.128524780273438
0.0856246948242188 0.111099243164063 0.103981018066406 0.0982284545898437
0.0961761474609375 0.126869201660156 0.083099365234375 0.102577209472656
0.03570556640625 0.152252197265625 0.0569839477539063 0.0983352661132813
-0.0709228515625 0.143081665039063 0.0230712890625 0.0539169311523438
-0.14794921875 0.05853271484375 0.0330162048339844 0.0417442321777344
-0.145339965820313 -0.10400390625 0.0927047729492187 0.0764694213867188
-0.075653076171875 -0.186294555664063 0.10675048828125 0.202682495117188
0.019317626953125 -0.188446044921875 -0.010772705078125 0.35845947265625
0.00662231445312497 -0.29827880859375 0.0180206298828125 0.0555915832519531
-0.125259399414062 -0.24285888671875 0.00542640686035155 0.0184440612792969
-0.228530883789063 -0.1297607421875 -0.0233898162841797 -0.0139083862304688
-0.220779418945313 0.0623931884765625 -0.0471420288085938 0.0242156982421875
-0.118499755859375 0.168930053710938 -0.0443572998046875 0.0443305969238281
0.033294677734375 0.21099853515625 0.00247955322265625 0.0906143188476563
0.116546630859375 0.173126220703125 0.0521392822265625 0.0886459350585938
0.102401733398437 0.161224365234375 0.0584259033203125 0.062774658203125
0.117874145507813 0.182418823242188 0.0396842956542969 0.0614967346191406
0.04608154296875 0.208221435546875 0.0368576049804688 0.0468101501464844
-0.093048095703125 0.20013427734375 0.0210552215576172 0.0028667449951172
-0.197845458984375 0.0994415283203125 0.0493545532226562 0.00944137573242188
-0.220367431640625 -0.120849609375 0.112228393554687 0.056488037109375
-0.143814086914062 -0.245834350585938 0.1053466796875 0.168670654296875
-0.0114593505859375 -0.27691650390625 0.00735473632812502 0.28863525390625
-0.01397705078125 -0.337982177734375 0.0238418579101562 -0.0403976440429688
-0.148147583007813 -0.273849487304687 -0.0134429931640625 -0.0305252075195313
-0.262435913085938 -0.149612426757813 -0.0218143463134766 -0.0190048217773438
-0.259536743164062 0.065521240234375 -0.0231609344482422 -1.14440917968721E-05
-0.145736694335937 0.185958862304688 -0.0339126586914063 -0.00750350952148436
0.0223846435546875 0.242767333984375 -0.0207920074462891 0.0287437438964844
0.116363525390625 0.201095581054687 0.000246047973632822 0.0337791442871094
0.105026245117188 0.185699462890625 0.00409317016601563 0.0180244445800781
0.124465942382812 0.21038818359375 -0.0121116638183594 0.0122165679931641
0.0492401123046875 0.232940673828125 0.0059652328491211 -0.0138177871704101
-0.1015625 0.229400634765625 0.0101394653320312 -0.052642822265625
-0.219528198242188 0.126129150390625 0.0588493347167969 -0.02911376953125
-0.263442993164063 -0.119110107421875 0.116737365722656 0.030853271484375
-0.189300537109375 -0.266586303710937 0.0814895629882813 0.119316101074219
-0.037994384765625 -0.31927490234375 0.0133056640625 0.189682006835937
-0.035430908203125 -0.325958251953125 0.028778076171875 -0.146469116210938
-0.155303955078125 -0.2591552734375 -0.0335922241210938 -0.0883560180664063
-0.255279541015625 -0.13775634765625 -0.0217170715332031 -0.0282669067382813
-0.2523193359375 0.0628662109375 0.00170516967773436 -0.0275440216064453
-0.144134521484375 0.174346923828125 -0.0197830200195313 -0.0588493347167969
0.011260986328125 0.234710693359375 -0.0408592224121094 -0.0376968383789062
0.0984954833984375 0.196731567382812 -0.0507621765136719 -0.0268936157226562
0.0905303955078125 0.182449340820313 -0.0507087707519531 -0.029815673828125
0.109298706054688 0.207672119140625 -0.0641517639160156 -0.0382919311523437
0.0396881103515625 0.22271728515625 -0.0293960571289062 -0.0723648071289062
-0.101150512695312 0.216812133789062 -0.00297546386718751 -0.103904724121094
-0.207473754882812 0.121734619140625 0.0605316162109375 -0.0637931823730469
-0.254074096679688 -0.108871459960938 0.105140686035156 0.00740814208984374
-0.190811157226563 -0.248077392578125 0.0425682067871094 0.0630645751953125
-0.048553466796875 -0.310943603515625 0.00882720947265624 0.0763397216796875
-0.053863525390625 -0.264328002929688 0.030120849609375 -0.246475219726563
-0.140289306640625 -0.2012939453125 -0.0514984130859375 -0.144363403320313
-0.20458984375 -0.0979461669921875 -0.0240592956542969 -0.0401458740234375
-0.196823120117188 0.0532684326171875 0.0185737609863281 -0.0533981323242187
-0.114418029785156 0.133674621582031 -0.00785827636718751 -0.0991439819335937
0.00138854980468748 0.187393188476562 -0.0550003051757813 -0.0951919555664062
0.0678558349609375 0.161285400390625 -0.0926437377929688 -0.0825576782226562
0.062225341796875 0.151885986328125 -0.0975723266601562 -0.07293701171875
0.074798583984375 0.17498779296875 -0.105911254882813 -0.0861740112304687
0.0170440673828125 0.178237915039062 -0.0578460693359375 -0.12225341796875
-0.092987060546875 0.163742065429688 -0.0102081298828125 -0.139808654785156
-0.165664672851563 0.082122802734375 0.059906005859375 -0.0867996215820312
-0.192230224609375 -0.094970703125 0.0859451293945312 -0.00821685791015626
-0.1463623046875 -0.195846557617188 0.00300598144531249 0.0110197067260742
-0.0435943603515625 -0.2525634765625 0.00404930114746093 -0.0308113098144531
-0.064849853515625 -0.16217041015625 0.0262451171875 -0.32574462890625
-0.104179382324219 -0.111518859863281 -0.0660552978515625 -0.190567016601562
-0.120086669921875 -0.0396575927734375 -0.0312423706054688 -0.0503578186035156
-0.107460021972656 0.0355987548828125 0.022918701171875 -0.070556640625
-0.0634384155273437 0.0721588134765625 -0.000617980957031264 -0.117851257324219
-0.00598144531249999 0.109992980957031 -0.0624542236328125 -0.131729125976563
0.027252197265625 0.100425720214844 -0.119728088378906 -0.122589111328125
0.025726318359375 0.0980072021484375 -0.127998352050781 -0.106590270996094
0.0288467407226563 0.115737915039063 -0.129127502441406 -0.124107360839844
-0.0109100341796875 0.108283996582031 -0.0711517333984375 -0.156951904296875
-0.074127197265625 0.0851821899414062 -0.00672912597656249 -0.15631103515625
-0.100471496582031 0.0269012451171875 0.0620346069335937 -0.0946502685546875
-0.0995254516601562 -0.0692901611328125 0.0669441223144531 -0.0133209228515625
-0.0770797729492187 -0.114967346191406 -0.0224666595458984 -0.0304412841796875
-0.0298309326171875 -0.156021118164063 0.00266265869140626 -0.115577697753906
-0.0660820007324219 -0.0346107482910156 0.0155029296875 -0.372283935546875
-0.0552177429199219 -0.0107231140136719 -0.07940673828125 -0.220046997070312
-0.0242271423339844 0.0214977264404297 -0.0463218688964844 -0.0554237365722656
-0.00835037231445312 0.0149202346801758 0.013031005859375 -0.0719146728515625
-0.00562381744384766 0.00305604934692383 -0.000793457031250001 -0.112747192382813
-0.0122623443603516 0.0185718536376953 -0.0632171630859375 -0.143218994140625
-0.0160274505615234 0.0240993499755859 -0.128921508789063 -0.14129638671875
-0.0141582489013672 0.0279350280761719 -0.140037536621094 -0.124229431152344
-0.0194892883300781 0.0390739440917969 -0.132720947265625 -0.146728515625
-0.0321063995361328 0.0238742828369141 -0.0696258544921875 -0.172012329101563
-0.0416145324707031 -0.000766754150390632 0.00665283203124998 -0.153640747070313
-0.0220584869384766 -0.0230083465576172 0.0669784545898438 -0.0888137817382813
-0.00116729736328125 -0.0266704559326172 0.053131103515625 -0.0109405517578125
-0.00759220123291016 -0.0152654647827148 -0.0315132141113281 -0.054931640625
-0.0184288024902344 -0.0349330902099609 0.00535583496093751 -0.164413452148437
0.0303878784179687 -0.104667663574219 0.0285797119140625 0.1756591796875
-0.0565338134765625 -0.0865097045898438 0.0396270751953125 0.0684051513671875
-0.0973739624023438 -0.0231475830078125 -0.0383453369140625 -0.00598907470703125
-0.0651130676269531 0.0505714416503906 -0.0789794921875 0.0711517333984375
-0.0141372680664062 0.0781936645507813 -0.0363082885742187 0.130401611328125
0.0474510192871094 0.0650138854980469 0.06268310546875 0.167510986328125
0.0744552612304688 0.0444107055664063 0.14306640625 0.1490478515625
0.0605659484863281 0.0416908264160156 0.144668579101563 0.117706298828125
0.0663223266601563 0.0474586486816406 0.123672485351563 0.130355834960938
0.0322418212890625 0.07537841796875 0.074493408203125 0.137702941894531
-0.0307846069335938 0.0761489868164063 0.0241012573242187 0.0968704223632813
-0.078643798828125 0.0253219604492187 0.0162200927734375 0.0668830871582031
-0.0653038024902344 -0.0619239807128906 0.0710830688476563 0.0859756469726563
-0.0137100219726562 -0.0987091064453125 0.11004638671875 0.221847534179688
0.03680419921875 -0.0748138427734375 -0.018218994140625 0.407012939453125
0.0131988525390625 -0.224212646484375 0.0228805541992188 0.138435363769531
-0.103973388671875 -0.175796508789062 0.0267677307128906 0.0566749572753906
-0.179733276367188 -0.0782928466796875 -0.0299072265625 -0.0101184844970703
-0.153457641601563 0.066864013671875 -0.0675811767578125 0.0507698059082031
-0.067413330078125 0.138656616210938 -0.045654296875 0.0954437255859375
0.0519866943359375 0.150787353515625 0.036102294921875 0.142074584960938
0.111801147460938 0.117767333984375 0.109481811523438 0.130531311035156
0.0948715209960937 0.110038757324219 0.113677978515625 0.0974273681640625
0.107444763183594 0.125602722167969 0.0931777954101563 0.104339599609375
0.0463714599609375 0.155364990234375 0.0644989013671875 0.100090026855469
-0.064605712890625 0.153427124023438 0.0258941650390625 0.0555992126464844
-0.151016235351562 0.069305419921875 0.0364418029785156 0.0422706604003906
-0.158187866210938 -0.101669311523437 0.099273681640625 0.0748748779296875
-0.090118408203125 -0.189727783203125 0.1212158203125 0.208282470703125
0.00993347167968748 -0.198394775390625 0.00515747070312503 0.37548828125
-0.00573730468750003 -0.312164306640625 0.0222320556640625 0.0635147094726562
-0.140716552734375 -0.24505615234375 0.00781059265136718 0.0234737396240234
-0.245040893554688 -0.12451171875 -0.0250186920166016 -0.0134811401367188
-0.22601318359375 0.0758819580078125 -0.0484085083007813 0.0284080505371094
-0.114517211914063 0.181442260742188 -0.0452117919921875 0.0489387512207031
0.0473785400390625 0.216751098632813 0.00780487060546876 0.0960693359375
0.131454467773438 0.173934936523437 0.060333251953125 0.0908203125
0.115951538085937 0.16168212890625 0.0649223327636719 0.0624885559082031
0.134628295898438 0.183212280273438 0.0463676452636719 0.0639495849609375
0.0594024658203125 0.21295166015625 0.0405349731445313 0.0467681884765625
-0.0844879150390625 0.214736938476563 0.0207481384277344 0.00297737121582033
-0.201339721679688 0.1143798828125 0.0529861450195312 0.00787353515625001
-0.238128662109375 -0.116195678710937 0.119277954101562 0.0536270141601562
-0.164108276367188 -0.249252319335938 0.116424560546875 0.173370361328125
-0.0244140625 -0.28936767578125 0.02020263671875 0.30145263671875
-0.0283203125 -0.353759765625 0.02374267578125 -0.0374832153320313
-0.166732788085938 -0.27801513671875 -0.0145854949951172 -0.0268211364746094
-0.281219482421875 -0.145477294921875 -0.023122787475586 -0.0187091827392578
-0.267135620117188 0.0814056396484374 -0.0242996215820313 0.00294113159179688
-0.142959594726563 0.201858520507813 -0.0363731384277344 -0.00523376464843748
0.0377655029296875 0.25103759765625 -0.0194282531738281 0.0335674285888672
0.133773803710937 0.203079223632813 0.00363159179687501 0.0365982055664063
0.1199951171875 0.1883544921875 0.00661468505859376 0.0179538726806641
0.143417358398437 0.212677001953125 -0.010162353515625 0.0158939361572266
0.0648193359375 0.239898681640625 0.00527763366699219 -0.0142621994018555
-0.092376708984375 0.246414184570313 0.00745391845703124 -0.054229736328125
-0.2225341796875 0.143753051757813 0.0605201721191406 -0.0320053100585937
-0.282928466796875 -0.112030029296875 0.121780395507812 0.0269088745117187
-0.212356567382813 -0.269149780273438 0.0894088745117187 0.122474670410156
-0.05328369140625 -0.334930419921875 0.0213470458984375 0.197463989257813
-0.048553466796875 -0.34063720703125 0.023406982421875 -0.149703979492188
-0.173202514648438 -0.263946533203125 -0.039398193359375 -0.0867385864257813
-0.275039672851563 -0.133682250976563 -0.0239887237548828 -0.0273685455322266
-0.260726928710938 0.07965087890625 1.14440917968587E-05 -0.0271892547607422
-0.142288208007813 0.190322875976563 -0.0246086120605469 -0.0597381591796875
0.0263214111328125 0.2442626953125 -0.0433769226074219 -0.0353431701660156
0.1151123046875 0.200653076171875 -0.0526084899902344 -0.0244483947753906
0.105361938476563 0.186569213867188 -0.0531578063964844 -0.0289993286132812
0.127395629882813 0.21160888671875 -0.0673828125 -0.035003662109375
0.0538177490234375 0.23077392578125 -0.033935546875 -0.0737380981445312
-0.0926971435546875 0.23382568359375 -0.00932312011718751 -0.106086730957031
-0.210403442382813 0.138397216796875 0.0605125427246094 -0.0688743591308594
-0.272933959960938 -0.10284423828125 0.108978271484375 0.00252532958984374
-0.21221923828125 -0.250930786132813 0.0455894470214844 0.0653533935546875
-0.06365966796875 -0.326690673828125 0.010986328125 0.079315185546875
-0.0662078857421875 -0.276016235351563 0.0198822021484375 -0.255279541015625
-0.155502319335937 -0.20526123046875 -0.061126708984375 -0.145523071289063
-0.220046997070313 -0.09490966796875 -0.02734375 -0.03936767578125
-0.203811645507813 0.06610107421875 0.0163345336914062 -0.0553207397460938
-0.113510131835938 0.1466064453125 -0.0135116577148438 -0.102210998535156
0.013397216796875 0.196487426757813 -0.0608901977539062 -0.0952072143554688
0.080535888671875 0.1654052734375 -0.100311279296875 -0.081024169921875
0.07464599609375 0.156204223632813 -0.103569030761719 -0.072265625
0.0904541015625 0.179763793945313 -0.113563537597656 -0.0832443237304687
0.02789306640625 0.185714721679688 -0.0655593872070313 -0.124626159667969
-0.0874786376953125 0.1781005859375 -0.0183563232421875 -0.14373779296875
-0.169998168945313 0.0950927734375 0.0587844848632812 -0.0925369262695313
-0.207260131835938 -0.09039306640625 0.0884170532226562 -0.0123748779296875
-0.162994384765625 -0.199371337890625 0.00199317932128905 0.0116052627563476
-0.05517578125 -0.266830444335938 0.000494003295898437 -0.0333538055419922
-0.073089599609375 -0.169265747070312 0.011444091796875 -0.339202880859375
-0.113822937011719 -0.114372253417969 -0.079193115234375 -0.194808959960938
-0.129386901855469 -0.0391616821289063 -0.0358047485351563 -0.0499496459960937
-0.112464904785156 0.0429458618164062 0.0199813842773437 -0.0730667114257813
-0.0637359619140625 0.0800552368164062 -0.0067901611328125 -0.121910095214844
0.00113677978515625 0.116867065429688 -0.0705108642578125 -0.134407043457031
0.0349807739257812 0.104141235351563 -0.131187438964844 -0.122116088867187
0.0337295532226562 0.102020263671875 -0.138710021972656 -0.105766296386719
0.0389480590820313 0.121124267578125 -0.14117431640625 -0.121932983398438
-0.00415802001953126 0.115165710449219 -0.0816802978515625 -0.16009521484375
-0.0723037719726563 0.0945663452148438 -0.014892578125 -0.161727905273438
-0.105514526367188 0.0345687866210937 0.0607070922851563 -0.100845336914063
-0.108963012695312 -0.0688705444335938 0.0691642761230469 -0.0172157287597656
-0.0864944458007812 -0.118492126464844 -0.0271873474121094 -0.0310630798339844
-0.0370330810546875 -0.166107177734375 -0.00467681884765625 -0.122718811035156
-0.0682144165039063 -0.0354766845703125 -0.002410888671875 -0.389495849609375
-0.057525634765625 -0.0114898681640625 -0.0948333740234375 -0.225967407226562
-0.0252017974853516 0.0209598541259766 -0.0513687133789062 -0.0550384521484375
-0.0094289779663086 0.0161170959472656 0.00952911376953126 -0.0750045776367188
-0.00719690322875977 0.00456476211547852 -0.00537872314453125 -0.117515563964844
-0.0114688873291016 0.0217056274414063 -0.0723114013671875 -0.146820068359375
-0.0154018402099609 0.0271892547607422 -0.141937255859375 -0.141006469726563
-0.0117378234863281 0.0313606262207031 -0.151687622070313 -0.123092651367187
-0.0160026550292969 0.0433540344238281 -0.14630126953125 -0.146286010742188
-0.0315418243408203 0.0282001495361328 -0.0809783935546875 -0.175918579101563
-0.0436744689941406 0.00339508056640625 -0.00137329101562501 -0.160049438476563
-0.02593994140625 -0.0212631225585938 0.0654449462890625 -0.0951919555664063
-0.00368309020996094 -0.0287570953369141 0.0546989440917969 -0.0143165588378906
-0.00918197631835938 -0.017822265625 -0.0382232666015625 -0.0572509765625
-0.0197601318359375 -0.0396194458007813 -0.00520324707031252 -0.175125122070313
0.0252532958984375 -0.107414245605469 0.040557861328125 0.182952880859375
-0.0605316162109375 -0.0818557739257812 0.0469436645507812 0.0708847045898438
-0.0990829467773438 -0.017059326171875 -0.0387840270996094 -0.00475311279296875
-0.0629310607910156 0.0537567138671875 -0.0764617919921875 0.0766677856445312
-0.0101394653320313 0.079254150390625 -0.030548095703125 0.135543823242188
0.0522308349609375 0.0622406005859375 0.073486328125 0.168365478515625
0.0789031982421875 0.0385894775390625 0.15521240234375 0.144973754882813
0.0631256103515625 0.0370292663574219 0.154342651367188 0.112548828125
0.0699348449707031 0.042572021484375 0.134567260742187 0.126640319824219
0.0374908447265625 0.07257080078125 0.0838775634765625 0.13629150390625
-0.02490234375 0.0790786743164062 0.0298080444335938 0.0979537963867188
-0.078033447265625 0.0311965942382812 0.0204963684082031 0.067230224609375
-0.0709686279296875 -0.0591201782226563 0.076995849609375 0.0848388671875
-0.02154541015625 -0.0981292724609375 0.125152587890625 0.221481323242187
0.0324630737304688 -0.0771636962890625 0.00326538085937505 0.417266845703125
0.00164794921874999 -0.2296142578125 0.03289794921875 0.14544677734375
-0.113784790039062 -0.170700073242188 0.0327568054199219 0.0607261657714844
-0.1876220703125 -0.069854736328125 -0.0308551788330078 -0.00873947143554688
-0.15179443359375 0.0762176513671875 -0.0661697387695313 0.0555000305175781
-0.0610504150390625 0.14398193359375 -0.0418853759765625 0.100379943847656
0.06280517578125 0.149566650390625 0.0454559326171875 0.144378662109375
0.122047424316406 0.11151123046875 0.120132446289063 0.127510070800781
0.103103637695312 0.105712890625 0.121742248535156 0.0931854248046875
0.117607116699219 0.120033264160156 0.102470397949219 0.102027893066406
0.0570068359375 0.154251098632813 0.0710067749023438 0.0985183715820313
-0.0547637939453125 0.160568237304688 0.0287246704101562 0.0563926696777344
-0.149917602539063 0.079803466796875 0.0400123596191406 0.04168701171875
-0.168975830078125 -0.094451904296875 0.10479736328125 0.07135009765625
-0.104598999023438 -0.187454223632813 0.135177612304688 0.207778930664063
-0.00140380859375001 -0.203201293945313 0.025360107421875 0.38336181640625
-0.021209716796875 -0.3193359375 0.0271377563476562 0.0694580078125
-0.154708862304688 -0.240081787109375 0.01171875 0.0283622741699219
-0.256729125976563 -0.113967895507812 -0.0256671905517578 -0.011871337890625
-0.225631713867188 0.09002685546875 -0.0480270385742188 0.0323982238769531
-0.10614013671875 0.191299438476563 -0.0440902709960938 0.0531692504882813
0.06256103515625 0.21722412109375 0.0146865844726563 0.0988235473632813
0.146392822265625 0.1685791015625 0.0683975219726563 0.0895843505859375
0.127716064453125 0.157958984375 0.070465087890625 0.059234619140625
0.150588989257813 0.177597045898438 0.0526657104492188 0.0643959045410156
0.0746002197265625 0.212936401367188 0.0435867309570313 0.0455322265625
-0.0716552734375 0.225204467773437 0.0204849243164062 0.00342750549316408
-0.198638916015625 0.128768920898438 0.0548248291015625 0.00554656982421876
-0.252105712890625 -0.106521606445313 0.123031616210938 0.0487289428710938
-0.183319091796875 -0.2447509765625 0.12799072265625 0.172470092773437
-0.040863037109375 -0.2958984375 0.0362548828125 0.307281494140625
-0.045623779296875 -0.361175537109375 0.0228061676025391 -0.0339546203613281
-0.183013916015625 -0.27362060546875 -0.0150680541992188 -0.0216751098632813
-0.296600341796875 -0.1346435546875 -0.0242900848388672 -0.0168533325195313
-0.267623901367188 0.0981597900390625 -0.0246067047119141 0.0051860809326172
-0.134368896484375 0.213775634765625 -0.0384483337402344 -0.00219726562499998
0.0554962158203125 0.253158569335938 -0.0162277221679687 0.0373573303222656
0.150054931640625 0.199127197265625 0.00745773315429688 0.037567138671875
0.133834838867188 0.185165405273438 0.00902557373046876 0.0169754028320313
0.161834716796875 0.208038330078125 -0.00750923156738281 0.0181446075439453
0.081512451171875 0.240188598632813 0.00457763671875001 -0.0143709182739258
-0.0776214599609375 0.258270263671875 0.00329208374023437 -0.0535011291503906
-0.218826293945313 0.160247802734375 0.0609588623046875 -0.0360336303710937
-0.297821044921875 -0.100067138671875 0.124794006347656 0.0213470458984375
-0.232986450195312 -0.264068603515625 0.0964813232421875 0.121994018554688
-0.071807861328125 -0.34234619140625 0.0312347412109375 0.200103759765625
-0.066009521484375 -0.347930908203125 0.0163726806640625 -0.149581909179688
-0.189788818359375 -0.261154174804687 -0.0444717407226563 -0.08282470703125
-0.290740966796875 -0.124359130859375 -0.0266475677490235 -0.0261363983154297
-0.261932373046875 0.096466064453125 -0.00200653076171877 -0.0262947082519531
-0.13470458984375 0.20294189453125 -0.0286102294921875 -0.0583419799804687
0.04327392578125 0.24761962890625 -0.0444984436035156 -0.0317459106445312
0.130828857421875 0.198501586914062 -0.0536422729492187 -0.0215377807617187
0.11962890625 0.184829711914063 -0.0546722412109375 -0.0276870727539063
0.146102905273438 0.20819091796875 -0.0692062377929687 -0.0303726196289063
0.069671630859375 0.232192993164063 -0.039215087890625 -0.0728607177734375
-0.078887939453125 0.24560546875 -0.0163345336914062 -0.1058349609375
-0.207550048828125 0.153472900390625 0.0586090087890625 -0.0732040405273437
-0.2864990234375 -0.091094970703125 0.110519409179687 -0.00258636474609376
-0.231246948242187 -0.245529174804688 0.0483512878417969 0.0656814575195312
-0.08148193359375 -0.3343505859375 0.0143203735351562 0.0793304443359375
-0.079620361328125 -0.28204345703125 0.00622558593749998 -0.258621215820313
-0.169723510742188 -0.203628540039063 -0.071044921875 -0.142959594726563
-0.232925415039063 -0.0885009765625 -0.0311737060546875 -0.037750244140625
-0.205398559570313 0.0795440673828125 0.0131607055664062 -0.0560646057128906
-0.108123779296875 0.15728759765625 -0.01971435546875 -0.102218627929687
0.0272674560546875 0.200286865234375 -0.0664215087890625 -0.0925521850585938
0.0940399169921875 0.1650390625 -0.105339050292969 -0.0766067504882812
0.08624267578125 0.155975341796875 -0.109001159667969 -0.0693588256835937
0.106338500976562 0.178680419921875 -0.119285583496094 -0.0773696899414062
0.0413055419921875 0.18939208984375 -0.0740280151367188 -0.122901916503906
-0.0776519775390625 0.189163208007813 -0.027496337890625 -0.143783569335938
-0.16888427734375 0.107620239257813 0.0555038452148437 -0.097991943359375
-0.21929931640625 -0.0821533203125 0.0882720947265625 -0.0172500610351563
-0.178131103515625 -0.1954345703125 0.000838279724121083 0.0123167037963867
-0.069366455078125 -0.274673461914063 -0.00352859497070313 -0.0350971221923828
-0.081024169921875 -0.172409057617188 -0.006256103515625 -0.34619140625
-0.122856140136719 -0.113815307617187 -0.092620849609375 -0.194305419921875
-0.13568115234375 -0.03662109375 -0.0397796630859375 -0.0480690002441406
-0.113304138183594 0.0508575439453125 0.016326904296875 -0.0743789672851563
-0.0613937377929687 0.086456298828125 -0.0132904052734375 -0.123916625976563
0.00912475585937501 0.120193481445313 -0.0787734985351563 -0.132820129394531
0.0428543090820312 0.105667114257813 -0.140396118164062 -0.117332458496094
0.0410537719726562 0.103500366210938 -0.146469116210938 -0.10137939453125
0.0495986938476563 0.12249755859375 -0.150726318359375 -0.116226196289063
0.004302978515625 0.119178771972656 -0.092132568359375 -0.157623291015625
-0.06829833984375 0.103408813476563 -0.02490234375 -0.163040161132813
-0.106452941894531 0.0425338745117187 0.0567398071289063 -0.106063842773438
-0.116432189941406 -0.0649642944335937 0.0691871643066406 -0.0212440490722656
-0.0949478149414063 -0.118339538574219 -0.0319938659667969 -0.0301589965820313
-0.0458831787109375 -0.172317504882813 -0.0138931274414063 -0.126121520996094
-0.0687751770019531 -0.035369873046875 -0.023468017578125 -0.397308349609375
-0.0593719482421875 -0.0117530822753906 -0.111236572265625 -0.226516723632813
-0.0251522064208984 0.0194091796875 -0.0565147399902344 -0.0522956848144531
-0.00993251800537109 0.0169792175292969 0.00524139404296875 -0.0761184692382813
-0.00763797760009766 0.0063014030456543 -0.0113754272460938 -0.119651794433594
-0.00970649719238281 0.0236587524414063 -0.0821533203125 -0.146408081054687
-0.0135459899902344 0.0300617218017578 -0.153823852539063 -0.136947631835938
-0.00932502746582032 0.034149169921875 -0.16156005859375 -0.11810302734375
-0.0118217468261719 0.0466461181640625 -0.157974243164063 -0.140533447265625
-0.0295352935791016 0.0323104858398438 -0.092864990234375 -0.174087524414063
-0.044525146484375 0.00850677490234375 -0.010986328125 -0.16217041015625
-0.0288333892822266 -0.0185680389404297 0.061065673828125 -0.100700378417969
-0.00665855407714843 -0.0301704406738281 0.0544166564941406 -0.0179100036621094
-0.010589599609375 -0.0197792053222656 -0.0447616577148437 -0.0571708679199219
-0.0217323303222656 -0.0431632995605469 -0.0166168212890625 -0.180984497070313
0.0210113525390625 -0.10821533203125 0.0502777099609375 0.186721801757813
-0.0617294311523437 -0.076873779296875 0.0533294677734375 0.0729598999023438
-0.0982513427734375 -0.0128173828125 -0.038421630859375 -0.00343704223632813
-0.0605545043945312 0.0551643371582031 -0.0741653442382812 0.0803756713867188
-0.00695037841796874 0.0790328979492188 -0.0255889892578125 0.1376953125
0.0551795959472656 0.058349609375 0.0807952880859375 0.166366577148438
0.0810623168945313 0.0336685180664062 0.1632080078125 0.138626098632813
0.0642280578613281 0.0333404541015625 0.15911865234375 0.10699462890625
0.0712661743164063 0.0380477905273438 0.141128540039063 0.122268676757812
0.0410118103027344 0.0694351196289063 0.0896072387695313 0.133697509765625
-0.0201263427734375 0.0796661376953125 0.0340118408203125 0.0974044799804688
-0.0764541625976563 0.0347976684570312 0.0235328674316406 0.0674514770507813
-0.0736465454101562 -0.0553131103515625 0.0804214477539063 0.0822525024414063
-0.0266876220703125 -0.095672607421875 0.135208129882813 0.21868896484375
0.0283050537109375 -0.0773239135742188 0.020294189453125 0.41912841796875
-0.00674438476562499 -0.231216430664062 0.0411834716796875 0.150253295898437
-0.118377685546875 -0.1636962890625 0.0386428833007812 0.0637359619140625
-0.189590454101563 -0.0628204345703125 -0.0307865142822266 -0.00779914855957032
-0.148101806640625 0.0816192626953125 -0.0640716552734375 0.0591239929199219
-0.0546722412109375 0.146026611328125 -0.03875732421875 0.103118896484375
0.07012939453125 0.145553588867188 0.0529022216796875 0.14404296875
0.128379821777344 0.1048583984375 0.127326965332031 0.123031616210938
0.107368469238281 0.100875854492188 0.12591552734375 0.088531494140625
0.123687744140625 0.113670349121094 0.108810424804688 0.0998153686523438
0.064788818359375 0.150405883789062 0.0745468139648438 0.0959701538085938
-0.0463409423828125 0.163330078125 0.0308456420898437 0.0563697814941406
-0.146713256835938 0.086639404296875 0.0419731140136719 0.0402679443359375
-0.175064086914063 -0.0877685546875 0.107162475585937 0.0678634643554687
-0.114578247070313 -0.18310546875 0.144454956054688 0.205123901367188
-0.010406494140625 -0.2044677734375 0.03973388671875 0.38372802734375
-0.032440185546875 -0.320465087890625 0.0319671630859375 0.074371337890625
-0.162002563476563 -0.2332763671875 0.0153770446777344 0.0324134826660156
-0.262924194335938 -0.105300903320313 -0.0260105133056641 -0.0107803344726563
-0.22161865234375 0.0979461669921875 -0.0465240478515625 0.0355644226074219
-0.0988616943359375 0.195877075195313 -0.0432281494140625 0.0563774108886719
0.073089599609375 0.213821411132813 0.0203399658203125 0.10028076171875
0.15576171875 0.161895751953125 0.0740585327148438 0.0879287719726563
0.134536743164063 0.152572631835938 0.0738906860351563 0.0565414428710938
0.16009521484375 0.169723510742188 0.0571365356445313 0.0637359619140625
0.085052490234375 0.209304809570313 0.0452995300292969 0.0440330505371094
-0.0600738525390625 0.228805541992188 0.020355224609375 0.00424575805664064
-0.194000244140625 0.137649536132813 0.055816650390625 0.00339508056640626
-0.25958251953125 -0.0971069335937501 0.124267578125 0.0449295043945312
-0.195266723632813 -0.2381591796875 0.135147094726563 0.170272827148438
-0.05279541015625 -0.297943115234375 0.04730224609375 0.3062744140625
-0.05755615234375 -0.363128662109375 0.0233135223388672 -0.0294151306152344
-0.192245483398438 -0.267868041992188 -0.0140352249145508 -0.0171709060668946
-0.30535888671875 -0.1248779296875 -0.0252532958984375 -0.0155715942382813
-0.263916015625 0.1090087890625 -0.024383544921875 0.00702857971191407
-0.126220703125 0.219985961914063 -0.0395774841308594 0.000751495361328134
0.0679779052734375 0.250625610351563 -0.0131759643554687 0.0397186279296875
0.160888671875 0.193206787109375 0.0111618041992188 0.0377197265625
0.142776489257812 0.180252075195313 0.0100612640380859 0.0157146453857422
0.173736572265625 0.200103759765625 -0.00511169433593749 0.0200309753417969
0.0931396484375 0.237014770507812 0.00327396392822266 -0.014155387878418
-0.0641632080078125 0.263656616210938 0.000625610351562494 -0.052337646484375
-0.213699340820313 0.169784545898438 0.0595359802246094 -0.0381851196289062
-0.305145263671875 -0.0896301269531251 0.1243896484375 0.0170745849609375
-0.245590209960937 -0.25482177734375 0.101104736328125 0.120254516601563
-0.084930419921875 -0.3441162109375 0.0377044677734375 0.199493408203125
-0.077117919921875 -0.350738525390625 0.0118560791015625 -0.146347045898438
-0.199249267578125 -0.256027221679688 -0.0465087890625 -0.0781936645507813
-0.29974365234375 -0.115875244140625 -0.0277347564697266 -0.0239734649658203
-0.259735107421875 0.107147216796875 -0.00282669067382814 -0.0248737335205078
-0.127853393554687 0.209228515625 -0.032196044921875 -0.0557327270507812
0.055328369140625 0.24664306640625 -0.0444831848144531 -0.0285911560058594
0.142318725585937 0.193130493164063 -0.0534248352050781 -0.0191154479980469
0.128173828125 0.180923461914063 -0.0555648803710937 -0.0267982482910156
0.158355712890625 0.201690673828125 -0.0689277648925781 -0.0261955261230469
0.08160400390625 0.23004150390625 -0.04278564453125 -0.07073974609375
-0.0666961669921875 0.251312255859375 -0.0209503173828125 -0.103485107421875
-0.203109741210937 0.163223266601563 0.05560302734375 -0.0759658813476562
-0.2940673828125 -0.0815124511718751 0.109245300292969 -0.00642395019531251
-0.242691040039063 -0.238357543945312 0.0501251220703125 0.0658760070800781
-0.093292236328125 -0.336669921875 0.0156021118164062 0.07879638671875
-0.08843994140625 -0.284515380859375 -0.00277709960937502 -0.257659912109375
-0.17779541015625 -0.19989013671875 -0.0771560668945313 -0.139129638671875
-0.240478515625 -0.0825347900390625 -0.0322265625 -0.0357208251953125
-0.204116821289063 0.0888214111328125 0.0110549926757812 -0.0552864074707031
-0.102890014648438 0.163604736328125 -0.0247116088867188 -0.100807189941406
0.03729248046875 0.199951171875 -0.0693893432617187 -0.089080810546875
0.10302734375 0.161941528320313 -0.108627319335938 -0.0727386474609375
0.0946502685546875 0.15423583984375 -0.111625671386719 -0.06610107421875
0.117401123046875 0.173995971679687 -0.121528625488281 -0.0718231201171875
0.0509185791015625 0.188827514648438 -0.0796432495117188 -0.119422912597656
-0.0687408447265625 0.195037841796875 -0.0338592529296875 -0.141525268554688
-0.166488647460938 0.115814208984375 0.05181884765625 -0.100318908691406
-0.225555419921875 -0.0753936767578125 0.0874176025390625 -0.02032470703125
-0.187652587890625 -0.1912841796875 -0.000412940979003917 0.0136585235595703
-0.080108642578125 -0.277740478515625 -0.00644683837890625 -0.0358390808105469
-0.0859527587890625 -0.173782348632813 -0.02008056640625 -0.346343994140625
-0.127342224121094 -0.112541198730469 -0.102035522460938 -0.190719604492188
-0.140838623046875 -0.0344390869140625 -0.0418472290039063 -0.045806884765625
-0.113365173339844 0.0562286376953125 0.0130157470703125 -0.074249267578125
-0.0589523315429687 0.0902557373046875 -0.0186920166015625 -0.123313903808594
0.0150909423828125 0.120529174804688 -0.0841903686523437 -0.12957763671875
0.0491714477539063 0.105628967285156 -0.146392822265625 -0.112228393554687
0.0465316772460938 0.103012084960938 -0.151046752929688 -0.0970458984375
0.0584182739257813 0.120887756347656 -0.154876708984375 -0.10980224609375
0.0104827880859375 0.120674133300781 -0.0994415283203125 -0.153732299804688
-0.0629806518554688 0.108512878417969 -0.0317535400390625 -0.1612548828125
-0.106315612792969 0.0477294921875 0.0525894165039062 -0.108375549316406
-0.1214599609375 -0.062042236328125 0.0672149658203125 -0.0239982604980469
-0.10137939453125 -0.116752624511719 -0.0353050231933594 -0.02874755859375
-0.0521392822265625 -0.17584228515625 -0.0210113525390625 -0.12786865234375
-0.0686683654785156 -0.0353507995605469 -0.0394287109375 -0.39886474609375
-0.0603179931640625 -0.0123367309570313 -0.122528076171875 -0.223236083984375
-0.0257644653320313 0.0174179077148438 -0.058349609375 -0.0496177673339844
-0.010584831237793 0.017237663269043 0.00229644775390625 -0.0765380859375
-0.00869417190551758 0.00744915008544922 -0.015777587890625 -0.119529724121094
-0.00856971740722656 0.0254154205322266 -0.0883941650390625 -0.144287109375
-0.0116367340087891 0.03204345703125 -0.16064453125 -0.131698608398437
-0.00701904296875 0.0360260009765625 -0.167495727539063 -0.112930297851563
-0.00791549682617188 0.0481147766113281 -0.164993286132812 -0.134353637695313
-0.0267753601074219 0.0351905822753906 -0.100006103515625 -0.170120239257812
-0.04400634765625 0.0124778747558594 -0.0179901123046875 -0.161163330078125
-0.0304450988769531 -0.0162220001220703 0.0569686889648438 -0.103530883789063
-0.00906562805175781 -0.0306262969970703 0.0533409118652344 -0.0205726623535156
-0.0120162963867188 -0.02178955078125 -0.0493927001953125 -0.0563201904296875
-0.023040771484375 -0.0462875366210938 -0.0261688232421875 -0.182235717773437
0.0191116333007813 -0.108345031738281 0.056671142578125 0.190353393554687
-0.0604705810546875 -0.0739974975585938 0.059112548828125 0.0747909545898437
-0.0969009399414063 -0.0107192993164063 -0.0388069152832031 -0.00297927856445313
-0.0589981079101562 0.0560150146484375 -0.0724868774414063 0.0827255249023438
-0.00526428222656251 0.0788497924804688 -0.0232086181640625 0.139717102050781
0.0572013854980469 0.0561714172363281 0.0855560302734375 0.16534423828125
0.0821914672851563 0.0296783447265625 0.168228149414062 0.136306762695313
0.0646400451660156 0.03076171875 0.162612915039063 0.105453491210937
0.0718231201171875 0.0350494384765625 0.145095825195313 0.121627807617188
0.0428733825683594 0.0665321350097656 0.09222412109375 0.132980346679688
-0.0166397094726563 0.0802078247070313 0.0355987548828125 0.0976409912109375
-0.0751190185546875 0.0366058349609375 0.0254592895507812 0.0676345825195312
-0.0760116577148438 -0.0530929565429688 0.0829620361328125 0.0817108154296875
-0.0304946899414063 -0.0936813354492188 0.141921997070312 0.218734741210938
0.0264358520507813 -0.0769882202148437 0.028228759765625 0.42138671875
-0.01031494140625 -0.232330322265625 0.0463104248046875 0.154998779296875
-0.11865234375 -0.1612548828125 0.0440292358398437 0.0667686462402344
-0.191238403320313 -0.0600738525390625 -0.0306549072265625 -0.00696754455566406
-0.146759033203125 0.0838775634765625 -0.0628242492675782 0.0613441467285156
-0.052642822265625 0.148056030273438 -0.0376205444335937 0.105461120605469
0.0738983154296875 0.143356323242188 0.0568695068359375 0.144378662109375
0.131980895996094 0.101142883300781 0.13262939453125 0.121772766113281
0.109947204589844 0.0987625122070312 0.128997802734375 0.0869903564453125
0.127731323242188 0.1099853515625 0.112472534179688 0.0993804931640625
0.069000244140625 0.148406982421875 0.0770111083984375 0.0955352783203125
-0.0413970947265625 0.1649169921875 0.031890869140625 0.056427001953125
-0.145706176757813 0.0911102294921875 0.0430679321289062 0.0400390625
-0.17999267578125 -0.0849761962890625 0.108650207519531 0.0674362182617188
-0.120376586914062 -0.180435180664063 0.1502685546875 0.206008911132812
-0.014251708984375 -0.206222534179688 0.04559326171875 0.386383056640625
-0.036834716796875 -0.323638916015625 0.0361328125 0.0791397094726562
-0.163803100585938 -0.230606079101563 0.0192604064941406 0.0364990234375
-0.267166137695313 -0.102157592773438 -0.0261268615722656 -0.00937652587890626
-0.22039794921875 0.102508544921875 -0.045654296875 0.0374794006347656
-0.0960235595703125 0.199127197265625 -0.0427932739257813 0.0590248107910156
0.0790557861328125 0.21185302734375 0.0238876342773438 0.101478576660156
0.161468505859375 0.157821655273438 0.0780105590820313 0.0877685546875
0.138900756835938 0.1502685546875 0.07550048828125 0.0553512573242188
0.16650390625 0.165603637695313 0.060577392578125 0.0642738342285156
0.0906219482421875 0.206771850585938 0.0462417602539063 0.044403076171875
-0.0531768798828125 0.232192993164063 0.0206127166748047 0.00467300415039064
-0.193603515625 0.142913818359375 0.0557022094726562 0.00255203247070313
-0.26568603515625 -0.0929107666015625 0.125137329101562 0.0437240600585937
-0.202789306640625 -0.234848022460938 0.139617919921875 0.170486450195312
-0.058135986328125 -0.301177978515625 0.05169677734375 0.307830810546875
-0.062408447265625 -0.3670654296875 0.0242462158203125 -0.0253314971923828
-0.195556640625 -0.26641845703125 -0.012120246887207 -0.0131902694702149
-0.3111572265625 -0.121917724609375 -0.0252437591552735 -0.0144252777099609
-0.263717651367188 0.1142578125 -0.0239791870117188 0.00919723510742188
-0.123367309570312 0.224197387695312 -0.0406837463378906 0.00315475463867189
0.074493408203125 0.249496459960938 -0.0105438232421875 0.0417137145996094
0.167999267578125 0.18963623046875 0.0137825012207031 0.038421630859375
0.147918701171875 0.1793212890625 0.0104913711547852 0.0158452987670899
0.180999755859375 0.196243286132813 -0.00247955322265624 0.0214347839355469
0.100082397460937 0.236312866210938 0.00298595428466798 -0.0134105682373047
-0.0576171875 0.26727294921875 -0.000427246093750008 -0.0512123107910156
-0.212738037109375 0.175643920898438 0.0589332580566406 -0.0395126342773437
-0.3128662109375 -0.084808349609375 0.124526977539062 0.0157928466796875
-0.253341674804688 -0.252593994140625 0.102928161621094 0.121391296386719
-0.09033203125 -0.348175048828125 0.0397491455078125 0.20001220703125
-0.081451416015625 -0.355072021484375 0.0108642578125 -0.1436767578125
-0.203811645507813 -0.256301879882812 -0.0469512939453125 -0.0747146606445313
-0.30682373046875 -0.112579345703125 -0.0282039642333985 -0.0234642028808594
-0.259689331054688 0.1134033203125 -0.00294494628906252 -0.0240993499755859
-0.125869750976563 0.214462280273437 -0.0343894958496094 -0.0541458129882812
0.062530517578125 0.245941162109375 -0.0434112548828125 -0.0263671875
0.149520874023438 0.19134521484375 -0.0526618957519531 -0.0177040100097656
0.133865356445313 0.180221557617188 -0.0557899475097656 -0.0264015197753906
0.166915893554688 0.198898315429688 -0.0680389404296875 -0.0243492126464844
0.088623046875 0.229461669921875 -0.0441741943359375 -0.0694808959960937
-0.060302734375 0.255584716796875 -0.0230484008789063 -0.10235595703125
-0.202163696289063 0.169113159179688 0.0546340942382812 -0.0772552490234375
-0.3004150390625 -0.0771484375 0.109024047851563 -0.00756072998046875
-0.250152587890625 -0.23590087890625 0.0505752563476562 0.0666084289550781
-0.099609375 -0.341796875 0.0154647827148437 0.078155517578125
-0.092071533203125 -0.28857421875 -0.00683593750000003 -0.256546020507813
-0.18182373046875 -0.201126098632812 -0.0803298950195313 -0.136650085449219
-0.247817993164063 -0.0813751220703125 -0.0332202911376953 -0.0346393585205078
-0.205459594726563 0.0939788818359375 0.0104141235351562 -0.0549163818359375
-0.101852416992188 0.167739868164062 -0.02752685546875 -0.100120544433594
0.0429229736328125 0.200927734375 -0.0699691772460938 -0.0873565673828125
0.109100341796875 0.161529541015625 -0.109687805175781 -0.07012939453125
0.099456787109375 0.154205322265625 -0.113571166992188 -0.06536865234375
0.124618530273438 0.172470092773438 -0.12274169921875 -0.06884765625
0.0566253662109375 0.188995361328125 -0.0821914672851563 -0.117317199707031
-0.06329345703125 0.199050903320313 -0.036468505859375 -0.139633178710938
-0.16571044921875 0.120559692382812 0.049957275390625 -0.10162353515625
-0.230819702148438 -0.072418212890625 0.086517333984375 -0.0216827392578125
-0.192794799804688 -0.190078735351562 -0.00184154510498048 0.0142736434936523
-0.0845947265625 -0.28216552734375 -0.00891113281250001 -0.0375022888183594
-0.0872650146484375 -0.176712036132812 -0.025634765625 -0.34722900390625
-0.130348205566406 -0.114051818847656 -0.107147216796875 -0.189239501953125
-0.146209716796875 -0.0345916748046875 -0.0433540344238281 -0.0450401306152344
-0.114501953125 0.0592041015625 0.0121536254882812 -0.0743026733398438
-0.0592117309570312 0.093353271484375 -0.021697998046875 -0.123275756835938
0.0183486938476563 0.122207641601562 -0.0870361328125 -0.128204345703125
0.052764892578125 0.106773376464844 -0.149444580078125 -0.10986328125
0.0505905151367188 0.104751586914063 -0.153884887695313 -0.095458984375
0.0636825561523438 0.120857238769531 -0.157501220703125 -0.106185913085937
0.0150604248046875 0.122055053710938 -0.102874755859375 -0.152130126953125
-0.0605239868164063 0.112510681152344 -0.0357666015625 -0.159500122070313
-0.107414245605469 0.050933837890625 0.050262451171875 -0.109901428222656
-0.12548828125 -0.0611572265625 0.066925048828125 -0.0251808166503906
-0.104629516601562 -0.117507934570313 -0.037994384765625 -0.027984619140625
-0.055023193359375 -0.179794311523437 -0.0250167846679687 -0.129852294921875
-0.06768798828125 -0.0372314453125 -0.046112060546875 -0.400634765625
-0.0613365173339844 -0.0134048461914063 -0.1297607421875 -0.223388671875
-0.0275936126708984 0.0155849456787109 -0.0600051879882813 -0.0493888854980469
-0.0117683410644531 0.0177955627441406 0.0013885498046875 -0.0767059326171875
-0.00934314727783203 0.00767898559570313 -0.0179214477539062 -0.119613647460938
-0.00806999206542969 0.0266265869140625 -0.091339111328125 -0.143356323242188
-0.0106658935546875 0.0343399047851563 -0.165557861328125 -0.12945556640625
-0.00566482543945312 0.0376205444335938 -0.170852661132813 -0.111129760742188
-0.0055999755859375 0.0495185852050781 -0.1685791015625 -0.131072998046875
-0.0252723693847656 0.0371551513671875 -0.10382080078125 -0.16864013671875
-0.0437431335449219 0.0151443481445313 -0.0218658447265625 -0.161056518554688
-0.0323925018310547 -0.0147647857666016 0.054931640625 -0.104682922363281
-0.0109310150146484 -0.0316009521484375 0.0527534484863281 -0.0221328735351563
-0.0130615234375 -0.0236110687255859 -0.0532188415527344 -0.0563926696777344
-0.0237464904785156 -0.0495681762695313 -0.03118896484375 -0.184661865234375
0.0184326171875 -0.110198974609375 0.0615692138671875 0.198623657226563
-0.0599136352539063 -0.0734710693359375 0.0652236938476563 0.0786361694335937
-0.0982284545898438 -0.0109024047851562 -0.0395851135253906 -0.00266647338867187
-0.0593223571777344 0.0563812255859375 -0.0732040405273437 0.0860595703125
-0.00467681884765624 0.0810012817382813 -0.0232086181640625 0.144027709960938
0.05889892578125 0.0548439025878906 0.089141845703125 0.169342041015625
0.0843124389648438 0.0272369384765625 0.175369262695313 0.13946533203125
0.0656661987304688 0.0305328369140625 0.167999267578125 0.1083984375
0.073760986328125 0.0340576171875 0.1510009765625 0.12451171875
0.0448265075683594 0.0661201477050781 0.0951614379882813 0.13580322265625
-0.0149307250976562 0.0813217163085938 0.0364990234375 0.0999679565429688
-0.0761032104492187 0.0386428833007812 0.0264434814453125 0.0690841674804688
-0.0793075561523437 -0.0525894165039063 0.0861968994140625 0.0841293334960938
-0.0326385498046875 -0.0935287475585938 0.149002075195312 0.225494384765625
0.0264892578125 -0.078125 0.030548095703125 0.43402099609375
-0.012115478515625 -0.23956298828125 0.0511932373046875 0.163299560546875
-0.119430541992188 -0.16278076171875 0.0497970581054687 0.071136474609375
-0.196121215820313 -0.0604705810546875 -0.0309696197509766 -0.00655174255371094
-0.148757934570312 0.0859832763671875 -0.0636405944824219 0.0639419555664062
-0.0529632568359375 0.15179443359375 -0.0385055541992188 0.109649658203125
0.07818603515625 0.1444091796875 0.0608673095703125 0.148727416992188
0.136978149414063 0.100639343261719 0.138603210449219 0.124320983886719
0.113616943359375 0.100250244140625 0.133438110351563 0.0894088745117188
0.132621765136719 0.109703063964844 0.117668151855469 0.102096557617188
0.07281494140625 0.149917602539063 0.0790252685546875 0.0981369018554688
-0.03887939453125 0.169143676757813 0.0331878662109375 0.0583229064941406
-0.149368286132813 0.0951080322265625 0.0445365905761719 0.0410842895507813
-0.187698364257813 -0.0853729248046875 0.111953735351562 0.0695648193359375
-0.126571655273438 -0.18280029296875 0.156509399414063 0.212265014648438
-0.01593017578125 -0.212066650390625 0.048187255859375 0.397430419921875
-0.038330078125 -0.334014892578125 0.0400314331054688 0.08563232421875
-0.166656494140625 -0.235733032226563 0.024017333984375 0.0406608581542969
-0.27545166015625 -0.10357666015625 -0.0265274047851563 -0.00939750671386719
-0.22491455078125 0.106735229492187 -0.04608154296875 0.0394515991210938
-0.0976104736328125 0.204925537109375 -0.0443992614746094 0.0624618530273438
0.0838165283203125 0.215316772460937 0.0271377563476563 0.105384826660156
0.168411254882813 0.158584594726562 0.083465576171875 0.0897903442382813
0.144851684570313 0.154266357421875 0.078338623046875 0.0570220947265625
0.17425537109375 0.166824340820313 0.0643577575683594 0.0664710998535156
0.0968475341796875 0.211395263671875 0.0474395751953125 0.0456466674804688
-0.05096435546875 0.238327026367188 0.0207424163818359 0.00565147399902345
-0.198394775390625 0.148574829101563 0.056610107421875 0.00297164916992188
-0.276611328125 -0.09332275390625 0.127891540527344 0.0452728271484375
-0.210784912109375 -0.239578247070313 0.14471435546875 0.176315307617187
-0.06103515625 -0.3115234375 0.053314208984375 0.315887451171875
-0.064117431640625 -0.380645751953125 0.0279293060302734 -0.0216293334960938
-0.200119018554687 -0.273147583007813 -0.00943470001220705 -0.0100631713867188
-0.32305908203125 -0.12347412109375 -0.0258426666259766 -0.0142059326171875
-0.269912719726563 0.119308471679687 -0.0242919921875 0.0102958679199219
-0.126434326171875 0.232009887695313 -0.0429496765136719 0.00595855712890626
0.0796356201171875 0.25439453125 -0.00832748413085937 0.043853759765625
0.176055908203125 0.1925048828125 0.0164375305175781 0.0396080017089844
0.154067993164063 0.183944702148438 0.0113735198974609 0.0161571502685547
0.189956665039062 0.198822021484375 -0.000648498535156241 0.0231723785400391
0.106475830078125 0.240493774414063 0.0027761459350586 -0.0132160186767578
-0.05450439453125 0.274917602539063 -0.000869750976562503 -0.0514259338378906
-0.218338012695313 0.18292236328125 0.0598869323730469 -0.0404777526855469
-0.324920654296875 -0.086395263671875 0.126991271972656 0.0165023803710937
-0.262939453125 -0.257354736328125 0.106742858886719 0.125572204589844
-0.093719482421875 -0.361968994140625 0.0401458740234375 0.205520629882812
-0.0838623046875 -0.368682861328125 0.0124969482421875 -0.143661499023438
-0.208953857421875 -0.264068603515625 -0.0471878051757813 -0.0736618041992188
-0.3199462890625 -0.115936279296875 -0.02862548828125 -0.0235309600830078
-0.267105102539063 0.118362426757812 -0.00321197509765627 -0.0238285064697266
-0.128524780273437 0.2225341796875 -0.0369834899902344 -0.0536880493164062
0.0670623779296875 0.251678466796875 -0.0430030822753906 -0.0252265930175781
0.157257080078125 0.195587158203125 -0.0522079467773438 -0.0173454284667969
0.139877319335938 0.18603515625 -0.0578346252441406 -0.0271377563476562
0.1756591796875 0.201309204101563 -0.0679817199707031 -0.0232658386230469
0.09490966796875 0.2347412109375 -0.0456390380859375 -0.0702362060546875
-0.0581512451171875 0.263763427734375 -0.0240249633789062 -0.103439331054688
-0.20806884765625 0.175384521484375 0.0550994873046875 -0.0791549682617187
-0.3123779296875 -0.0780639648437501 0.110939025878906 -0.00781250000000001
-0.260086059570313 -0.242095947265625 0.0514030456542969 0.0692253112792969
-0.1026611328125 -0.3553466796875 0.0143814086914062 0.0799179077148437
-0.0938720703125 -0.300689697265625 -0.00692749023437503 -0.261474609375
-0.187271118164063 -0.208297729492187 -0.0828857421875 -0.13812255859375
-0.259902954101563 -0.0836944580078125 -0.0345573425292969 -0.0350418090820313
-0.2117919921875 0.0982208251953125 0.010162353515625 -0.0556831359863281
-0.105087280273437 0.17425537109375 -0.030029296875 -0.100898742675781
0.0464324951171875 0.205963134765625 -0.0707473754882812 -0.0870590209960938
0.115386962890625 0.166519165039063 -0.1119384765625 -0.071044921875
0.104537963867188 0.159347534179688 -0.116859436035156 -0.0667266845703125
0.131805419921875 0.175796508789063 -0.124809265136719 -0.0691375732421875
0.0615997314453125 0.19384765625 -0.0853195190429687 -0.119438171386719
-0.0627593994140625 0.206130981445313 -0.0386505126953125 -0.141769409179687
-0.170806884765625 0.126296997070313 0.0502853393554687 -0.104377746582031
-0.240447998046875 -0.0741424560546875 0.0876693725585937 -0.0226821899414063
-0.200592041015625 -0.195602416992187 -0.00362682342529298 0.0157232284545898
-0.0872802734375 -0.294586181640625 -0.01092529296875 -0.0391654968261719
-0.088226318359375 -0.18524169921875 -0.027984619140625 -0.3548583984375
-0.135177612304688 -0.119430541992188 -0.112167358398438 -0.1927490234375
-0.15399169921875 -0.0370635986328125 -0.0447654724121094 -0.04571533203125
-0.1187744140625 0.0618743896484375 0.0113754272460937 -0.076507568359375
-0.0618209838867188 0.0975341796875 -0.023529052734375 -0.125152587890625
0.0201416015625 0.126174926757812 -0.089202880859375 -0.130546569824219
0.0567855834960938 0.110466003417969 -0.15374755859375 -0.111038208007812
0.054595947265625 0.108428955078125 -0.159439086914062 -0.0980682373046875
0.0685195922851562 0.123649597167969 -0.161972045898437 -0.108123779296875
0.0181655883789063 0.126274108886719 -0.106170654296875 -0.1541748046875
-0.0605087280273437 0.117263793945313 -0.0376434326171875 -0.162689208984375
-0.111221313476563 0.0542984008789063 0.050933837890625 -0.112716674804688
-0.131568908691406 -0.0632400512695313 0.0675125122070312 -0.027008056640625
-0.109001159667969 -0.121688842773437 -0.0415420532226563 -0.0285148620605469
-0.0577239990234375 -0.188751220703125 -0.0286788940429687 -0.134246826171875
-0.0671272277832031 -0.0404396057128906 -0.049346923828125 -0.412078857421875
-0.0637741088867188 -0.0157814025878906 -0.135894775390625 -0.2283935546875
-0.0306415557861328 0.0142574310302734 -0.0623359680175781 -0.0503005981445312
-0.0133056640625 0.0180721282958984 0.000114440917968753 -0.0786819458007813
-0.0108118057250977 0.00928592681884765 -0.018890380859375 -0.12274169921875
-0.00811576843261719 0.0288715362548828 -0.0948944091796875 -0.14654541015625
-0.00971603393554687 0.0372314453125 -0.172134399414063 -0.131240844726563
-0.00444793701171875 0.0399208068847656 -0.177093505859375 -0.114013671875
-0.00421524047851562 0.0517539978027344 -0.173782348632813 -0.133193969726562
-0.0243644714355469 0.0394859313964844 -0.107315063476562 -0.171798706054688
-0.0452461242675781 0.0175552368164063 -0.02337646484375 -0.164321899414063
-0.0346488952636719 -0.0138950347900391 0.0556259155273438 -0.107589721679688
-0.0127696990966797 -0.0335330963134766 0.0530967712402344 -0.0235710144042969
-0.0138568878173828 -0.0266208648681641 -0.0578422546386719 -0.0576324462890625
-0.0250396728515625 -0.0542755126953125 -0.034393310546875 -0.191635131835938
0.0169219970703125 -0.115325927734375 0.0709381103515625 0.210159301757812
-0.060943603515625 -0.0743637084960938 0.074066162109375 0.0826644897460938
-0.101417541503906 -0.00904083251953123 -0.040771484375 -0.001983642578125
-0.0606956481933594 0.0592765808105469 -0.074462890625 0.0921401977539062
-0.0026702880859375 0.08489990234375 -0.02166748046875 0.152099609375
0.0629806518554688 0.0546646118164063 0.097503662109375 0.175872802734375
0.0882720947265625 0.024658203125 0.1883544921875 0.142318725585938
0.0692977905273438 0.0299530029296875 0.179641723632813 0.111709594726563
0.078125 0.0324554443359375 0.161407470703125 0.128860473632813
0.0485954284667969 0.0669059753417969 0.10137939453125 0.142059326171875
-0.0123672485351563 0.0845794677734375 0.039886474609375 0.10430908203125
-0.0785446166992188 0.0421142578125 0.02978515625 0.072418212890625
-0.084869384765625 -0.0521240234375 0.0929107666015625 0.0877532958984375
-0.0373916625976563 -0.095184326171875 0.162490844726563 0.234970092773437
0.0264968872070312 -0.0818252563476563 0.039581298828125 0.456298828125
-0.016448974609375 -0.25146484375 0.0591583251953125 0.174163818359375
-0.12469482421875 -0.167724609375 0.05780029296875 0.0762710571289062
-0.206863403320313 -0.0600738525390625 -0.0323200225830078 -0.00652694702148437
-0.154449462890625 0.0922393798828125 -0.0644683837890625 0.0694694519042969
-0.0529022216796875 0.16082763671875 -0.038818359375 0.117446899414063
0.08538818359375 0.148345947265625 0.067657470703125 0.155075073242188
0.146408081054688 0.100936889648437 0.149765014648437 0.127731323242187
0.121925354003906 0.102561950683594 0.142807006835937 0.092498779296875
0.14251708984375 0.111160278320312 0.126792907714844 0.106643676757813
0.0802459716796875 0.15435791015625 0.084014892578125 0.102973937988281
-0.0355224609375 0.17803955078125 0.0352783203125 0.06121826171875
-0.154983520507812 0.10308837890625 0.0469932556152344 0.0430793762207031
-0.201141357421875 -0.0848388671875 0.118896484375 0.0723037719726563
-0.137664794921875 -0.188156127929687 0.170181274414063 0.220993041992188
-0.0201873779296875 -0.223739624023438 0.056488037109375 0.41796875
-0.045806884765625 -0.353302001953125 0.045745849609375 0.0936050415039062
-0.175384521484375 -0.244873046875 0.0297088623046875 0.0447845458984375
-0.292724609375 -0.10382080078125 -0.0273628234863281 -0.00959014892578126
-0.234100341796875 0.115280151367187 -0.0469169616699219 0.0431556701660156
-0.099334716796875 0.2177734375 -0.0469970703125 0.0684089660644531
0.0935211181640625 0.222869873046875 0.032501220703125 0.111343383789063
0.18157958984375 0.162002563476562 0.0910720825195313 0.0924072265625
0.155593872070312 0.159210205078125 0.083770751953125 0.0589141845703125
0.187820434570313 0.170272827148438 0.0708465576171875 0.069915771484375
0.106292724609375 0.217819213867188 0.0500068664550781 0.0483589172363281
-0.04705810546875 0.251235961914063 0.0215930938720703 0.00620079040527345
-0.206573486328125 0.16064453125 0.0593719482421875 0.00292968750000001
-0.296051025390625 -0.092529296875 0.134429931640625 0.046630859375
-0.228347778320312 -0.245956420898438 0.15570068359375 0.184066772460937
-0.068939208984375 -0.329559326171875 0.05914306640625 0.332550048828125
-0.072174072265625 -0.40252685546875 0.0313091278076172 -0.0196800231933594
-0.211578369140625 -0.285614013671875 -0.00702714920043947 -0.00761651992797853
-0.344329833984375 -0.1248779296875 -0.0269889831542969 -0.0146827697753906
-0.282318115234375 0.129852294921875 -0.024688720703125 0.0118656158447266
-0.129684448242187 0.24688720703125 -0.0461349487304688 0.00893783569335939
0.090087890625 0.264923095703125 -0.00559616088867187 0.0479621887207031
0.190811157226563 0.197616577148438 0.0199851989746094 0.0418624877929688
0.167266845703125 0.19073486328125 0.0127019882202149 0.0165081024169922
0.20562744140625 0.203277587890625 0.00158882141113283 0.0257053375244141
0.117919921875 0.249710083007812 0.00281333923339844 -0.0128345489501953
-0.050048828125 0.28985595703125 -0.00173187255859375 -0.0526847839355469
-0.227447509765625 0.196517944335938 0.0611801147460937 -0.0428428649902344
-0.3468017578125 -0.0843811035156251 0.132957458496094 0.0165481567382812
-0.282501220703125 -0.26580810546875 0.11431884765625 0.131790161132812
-0.1044921875 -0.382293701171875 0.0434112548828125 0.215377807617187
-0.092498779296875 -0.391387939453125 0.01287841796875 -0.14886474609375
-0.221725463867188 -0.276931762695313 -0.0491409301757813 -0.0738677978515625
-0.34295654296875 -0.11737060546875 -0.0307769775390625 -0.0239906311035156
-0.2803955078125 0.12939453125 -0.00386810302734377 -0.0242061614990234
-0.132949829101562 0.237564086914063 -0.0408287048339844 -0.0531806945800781
0.0770721435546875 0.262649536132813 -0.0430030822753906 -0.0240936279296875
0.17132568359375 0.202163696289062 -0.0531120300292969 -0.0167312622070312
0.152679443359375 0.193618774414063 -0.0604400634765625 -0.0279922485351562
0.190841674804687 0.206893920898438 -0.0698394775390625 -0.022491455078125
0.105575561523437 0.244720458984375 -0.0494537353515625 -0.0720672607421875
-0.054412841796875 0.278488159179688 -0.0271835327148438 -0.106864929199219
-0.216705322265625 0.18902587890625 0.0554962158203125 -0.0831298828125
-0.333587646484375 -0.076690673828125 0.115234375 -0.00922393798828126
-0.27862548828125 -0.249603271484375 0.0539321899414062 0.0730514526367187
-0.113372802734375 -0.377471923828125 0.0149993896484375 0.0831985473632812
-0.101531982421875 -0.319793701171875 -0.00938415527343752 -0.271881103515625
-0.199478149414062 -0.219253540039063 -0.0886383056640625 -0.141876220703125
-0.279159545898438 -0.0850830078125 -0.0372581481933594 -0.0364456176757813
-0.222259521484375 0.107620239257813 0.00895690917968748 -0.0585594177246094
-0.109405517578125 0.187164306640625 -0.033935546875 -0.103073120117187
0.053955078125 0.216217041015625 -0.073974609375 -0.089385986328125
0.127395629882813 0.173065185546875 -0.117774963378906 -0.0722808837890625
0.115524291992188 0.166641235351563 -0.124626159667969 -0.069061279296875
0.144638061523437 0.1810302734375 -0.130699157714844 -0.0702743530273437
0.0703277587890625 0.202835083007813 -0.091033935546875 -0.123115539550781
-0.0600738525390625 0.21917724609375 -0.042816162109375 -0.147247314453125
-0.178985595703125 0.136322021484375 0.0504531860351562 -0.109725952148437
-0.25732421875 -0.0744171142578125 0.0909500122070312 -0.0244140625
-0.21539306640625 -0.202468872070313 -0.00499534606933595 0.017913818359375
-0.096832275390625 -0.313079833984375 -0.0142631530761719 -0.0419464111328125
-0.094482421875 -0.198226928710938 -0.034210205078125 -0.37176513671875
-0.143722534179688 -0.126251220703125 -0.121871948242188 -0.199554443359375
-0.166473388671875 -0.03790283203125 -0.0487823486328125 -0.0473899841308594
-0.126304626464844 0.0676956176757812 0.0100326538085937 -0.0799407958984375
-0.0649795532226563 0.10528564453125 -0.0274124145507813 -0.129829406738281
0.02484130859375 0.1334228515625 -0.0944976806640625 -0.134521484375
0.064056396484375 0.116355895996094 -0.163787841796875 -0.113845825195312
0.0609664916992188 0.114158630371094 -0.16937255859375 -0.100509643554688
0.0767745971679687 0.128326416015625 -0.171401977539063 -0.1094970703125
0.0229339599609375 0.132614135742188 -0.113616943359375 -0.160110473632812
-0.0607223510742187 0.126594543457031 -0.0426025390625 -0.168655395507813
-0.117362976074219 0.0603561401367188 0.0504531860351562 -0.1192626953125
-0.14105224609375 -0.0650177001953125 0.069366455078125 -0.0289573669433594
-0.118598937988281 -0.127769470214844 -0.0468521118164063 -0.0283966064453125
-0.063232421875 -0.2021484375 -0.0337982177734375 -0.142196655273438
-0.070037841796875 -0.0449066162109375 -0.059173583984375 -0.43170166015625
-0.0679130554199219 -0.0176124572753906 -0.1483154296875 -0.237152099609375
-0.0342788696289063 0.0133838653564453 -0.0676345825195313 -0.0523338317871094
-0.0155487060546875 0.0198535919189453 -0.0027923583984375 -0.0830078125
-0.0132436752319336 0.0107603073120117 -0.0219573974609375 -0.1280517578125
-0.00814247131347656 0.0317935943603516 -0.1019287109375 -0.15185546875
-0.00829315185546875 0.0414810180664063 -0.184036254882813 -0.13433837890625
-0.0029296875 0.043243408203125 -0.188796997070313 -0.117752075195313
-0.00171279907226562 0.0550384521484375 -0.1851806640625 -0.136962890625
-0.0235099792480469 0.043426513671875 -0.115493774414062 -0.17822265625
-0.0470695495605469 0.0214195251464844 -0.0278167724609375 -0.17059326171875
-0.0377349853515625 -0.0131111145019531 0.0560226440429688 -0.114692687988281
-0.0151786804199219 -0.0364990234375 0.0544242858886719 -0.0260124206542969
-0.0163650512695313 -0.0299835205078125 -0.0645866394042969 -0.0596237182617188
-0.0276145935058594 -0.0599594116210938 -0.041717529296875 -0.202255249023438
0.0124664306640625 -0.121849060058594 0.085784912109375 0.222091674804688
-0.0645599365234375 -0.0745849609375 0.0866622924804688 0.084686279296875
-0.105796813964844 -0.00521087646484375 -0.0424537658691406 -0.000186920166015631
-0.0609207153320312 0.0642280578613281 -0.0723037719726563 0.10107421875
0.00203704833984375 0.0893402099609375 -0.0160064697265625 0.162643432617188
0.068939208984375 0.0531387329101563 0.111007690429688 0.181549072265625
0.0936660766601563 0.0195999145507813 0.206756591796875 0.1412353515625
0.073944091796875 0.0268478393554688 0.195770263671875 0.111846923828125
0.0828628540039063 0.0288772583007813 0.178131103515625 0.130569458007813
0.0539779663085938 0.0669136047363281 0.113677978515625 0.1466064453125
-0.00688171386718749 0.0890731811523438 0.0464096069335937 0.108673095703125
-0.0801925659179688 0.0487594604492188 0.034515380859375 0.075775146484375
-0.09295654296875 -0.0493698120117187 0.103660583496094 0.0889892578125
-0.0443649291992187 -0.0964813232421875 0.186233520507813 0.241668701171875
0.0238189697265625 -0.0868988037109375 0.0616455078125 0.48284912109375
-0.028656005859375 -0.266571044921875 0.072509765625 0.185165405273438
-0.13616943359375 -0.172103881835937 0.0687103271484375 0.07989501953125
-0.221389770507813 -0.054412841796875 -0.0334892272949219 -0.00527191162109375
-0.159042358398438 0.103286743164063 -0.0637054443359375 0.0761947631835938
-0.0484161376953125 0.172454833984375 -0.0360794067382813 0.1279296875
0.0979461669921875 0.1505126953125 0.0796966552734375 0.161102294921875
0.159515380859375 0.097198486328125 0.165679931640625 0.12750244140625
0.133857727050781 0.101844787597656 0.155349731445313 0.0924835205078125
0.156326293945313 0.108108520507812 0.140213012695313 0.108673095703125
0.0923614501953125 0.157562255859375 0.0934524536132813 0.105857849121094
-0.027130126953125 0.189117431640625 0.0396919250488281 0.0638771057128906
-0.159713745117187 0.116836547851563 0.0517120361328125 0.0444259643554688
-0.218704223632813 -0.078643798828125 0.129676818847656 0.0717391967773438
-0.154998779296875 -0.1900634765625 0.192031860351563 0.22735595703125
-0.0313720703125 -0.237564086914062 0.0770263671875 0.441619873046875
-0.06390380859375 -0.37408447265625 0.0551223754882812 0.100372314453125
-0.193130493164063 -0.252334594726562 0.0373268127441406 0.0485649108886719
-0.315887451171875 -0.096588134765625 -0.0289783477783203 -0.00889205932617188
-0.243316650390625 0.13140869140625 -0.0468711853027344 0.0483741760253906
-0.095855712890625 0.236282348632813 -0.0470123291015625 0.0772018432617188
0.11004638671875 0.229843139648437 0.0414962768554688 0.116645812988281
0.200698852539063 0.160995483398438 0.102638244628906 0.0933685302734375
0.173446655273438 0.16094970703125 0.091949462890625 0.058807373046875
0.208084106445313 0.168975830078125 0.0801315307617188 0.0722198486328125
0.123489379882813 0.224807739257813 0.0550155639648438 0.0496063232421875
-0.035675048828125 0.267837524414063 0.0230045318603516 0.00642585754394533
-0.211868286132812 0.180618286132813 0.062255859375 0.00148773193359376
-0.320831298828125 -0.0829772949218751 0.144195556640625 0.044769287109375
-0.253753662109375 -0.248306274414063 0.174041748046875 0.189208984375
-0.087127685546875 -0.34881591796875 0.075775146484375 0.350494384765625
-0.09326171875 -0.428192138671875 0.03466796875 -0.0188026428222656
-0.23388671875 -0.29498291015625 -0.00440359115600588 -0.00520563125610353
-0.37335205078125 -0.117523193359375 -0.029409408569336 -0.0144100189208984
-0.29364013671875 0.14990234375 -0.0259075164794922 0.0144004821777344
-0.127349853515625 0.269058227539063 -0.0487442016601563 0.0148582458496094
0.109329223632813 0.274307250976563 -0.000801086425781243 0.0521392822265625
0.212570190429687 0.198867797851562 0.0253181457519531 0.042633056640625
0.187606811523438 0.194778442382812 0.0143051147460938 0.0170316696166992
0.229156494140625 0.203338623046875 0.00513458251953127 0.0280075073242188
0.13775634765625 0.257461547851562 0.00250530242919923 -0.0131359100341797
-0.0380859375 0.309295654296875 -0.00423431396484375 -0.0549201965332031
-0.233154296875 0.21978759765625 0.0620536804199219 -0.0467758178710937
-0.37481689453125 -0.072235107421875 0.140823364257812 0.0128326416015625
-0.312225341796875 -0.267181396484375 0.126808166503906 0.135971069335937
-0.126800537109375 -0.405609130859375 0.0539093017578125 0.227127075195312
-0.11395263671875 -0.416107177734375 0.009246826171875 -0.155654907226563
-0.24505615234375 -0.286590576171875 -0.0527420043945313 -0.0740737915039063
-0.37213134765625 -0.109649658203125 -0.0345077514648438 -0.0239658355712891
-0.2918701171875 0.149566650390625 -0.00605392456054689 -0.0245723724365234
-0.131988525390625 0.26025390625 -0.0460891723632813 -0.0513916015625
0.095367431640625 0.27435302734375 -0.0431175231933594 -0.0224647521972656
0.193206787109375 0.204971313476562 -0.0550346374511719 -0.0154304504394531
0.173019409179688 0.198638916015625 -0.0652694702148437 -0.0271568298339844
0.213973999023437 0.207931518554687 -0.0727767944335938 -0.020172119140625
0.125 0.252288818359375 -0.054931640625 -0.0739059448242188
-0.043060302734375 0.29779052734375 -0.0342254638671875 -0.110443115234375
-0.222671508789062 0.211563110351563 0.0544815063476562 -0.0893096923828125
-0.360443115234375 -0.06561279296875 0.120697021484375 -0.0136642456054688
-0.306854248046875 -0.251373291015625 0.0596389770507812 0.0768966674804687
-0.136627197265625 -0.39874267578125 0.0175552368164062 0.0877838134765625
-0.12060546875 -0.33978271484375 -0.0201416015625 -0.2867431640625
-0.220550537109375 -0.226409912109375 -0.0987396240234375 -0.144134521484375
-0.30328369140625 -0.0787353515624999 -0.04266357421875 -0.0372886657714844
-0.232498168945313 0.124908447265625 0.00573348999023436 -0.0613479614257812
-0.108749389648438 0.206024169921875 -0.0412673950195312 -0.10528564453125
0.069549560546875 0.226272583007812 -0.0796890258789063 -0.090118408203125
0.145675659179687 0.17767333984375 -0.127044677734375 -0.0710372924804687
0.131942749023438 0.17254638671875 -0.134979248046875 -0.0683517456054687
0.164031982421875 0.183624267578125 -0.1397705078125 -0.0679931640625
0.085784912109375 0.210968017578125 -0.101539611816406 -0.125862121582031
-0.052215576171875 0.235809326171875 -0.0520477294921875 -0.152511596679687
-0.18499755859375 0.1536865234375 0.0472335815429687 -0.117782592773438
-0.27838134765625 -0.0677642822265624 0.09356689453125 -0.0289993286132813
-0.239013671875 -0.20489501953125 -0.00649070739746095 0.0210323333740234
-0.11553955078125 -0.33245849609375 -0.0187454223632813 -0.0443954467773438
-0.107421875 -0.210968017578125 -0.051361083984375 -0.39190673828125
-0.158309936523438 -0.131393432617188 -0.138519287109375 -0.204620361328125
-0.181930541992188 -0.0345306396484375 -0.0551490783691406 -0.0480499267578125
-0.132575988769531 0.0780792236328125 0.00535583496093749 -0.0842208862304687
-0.0662078857421875 0.117042541503906 -0.0346603393554688 -0.134544372558594
0.0341644287109375 0.141311645507813 -0.103515625 -0.137077331542969
0.0756454467773438 0.121543884277344 -0.177932739257813 -0.11285400390625
0.0714340209960938 0.119758605957031 -0.18475341796875 -0.10003662109375
0.0889968872070312 0.131965637207031 -0.185775756835938 -0.108734130859375
0.032501220703125 0.139373779296875 -0.1270751953125 -0.164047241210937
-0.0576858520507813 0.138084411621094 -0.0520477294921875 -0.175262451171875
-0.122535705566406 0.0703506469726563 0.0476150512695313 -0.127845764160156
-0.155410766601563 -0.0639190673828125 0.0702552795410156 -0.0335769653320313
-0.132209777832031 -0.130424499511719 -0.0536537170410156 -0.026153564453125
-0.0763702392578125 -0.215530395507813 -0.0437774658203125 -0.149658203125
-0.07489013671875 -0.048065185546875 -0.080322265625 -0.454833984375
-0.0736236572265625 -0.0182876586914063 -0.1685791015625 -0.244720458984375
-0.03814697265625 0.013519287109375 -0.07501220703125 -0.052398681640625
-0.017181396484375 0.0218601226806641 -0.00791168212890626 -0.0872116088867188
-0.015045166015625 0.0134773254394531 -0.0286026000976562 -0.13372802734375
-0.00641632080078125 0.0359039306640625 -0.113113403320313 -0.155532836914063
-0.0050811767578125 0.046295166015625 -0.201385498046875 -0.134231567382812
0.00056838989257812 0.0473518371582031 -0.205978393554688 -0.1170654296875
0.00206375122070312 0.0594139099121094 -0.202362060546875 -0.13677978515625
-0.0213394165039063 0.0480079650878906 -0.12994384765625 -0.183563232421875
-0.0491676330566406 0.0268363952636719 -0.037078857421875 -0.17828369140625
-0.0421600341796875 -0.0111274719238281 0.0534439086914063 -0.123321533203125
-0.0196380615234375 -0.0391616821289063 0.0545692443847656 -0.0299339294433594
-0.0199947357177734 -0.0329761505126953 -0.0740890502929688 -0.0584945678710937
-0.031829833984375 -0.0653572082519531 -0.054931640625 -0.214141845703125
0.003265380859375 -0.126663208007813 0.1063232421875 0.2276611328125
-0.0696868896484375 -0.07244873046875 0.0999908447265625 0.0815658569335938
-0.108726501464844 0.0023193359375 -0.0435028076171875 0.0026397705078125
-0.0584030151367187 0.0703811645507813 -0.06640625 0.110092163085937
0.00948333740234375 0.0924301147460938 -0.00451660156249999 0.170761108398438
0.0752029418945313 0.048370361328125 0.12847900390625 0.18060302734375
0.0968475341796875 0.0116119384765625 0.226181030273438 0.131698608398438
0.0774154663085938 0.0216293334960938 0.212982177734375 0.10321044921875
0.0877609252929688 0.0222625732421875 0.1962890625 0.12469482421875
0.06085205078125 0.0640716552734375 0.128570556640625 0.146133422851563
0.000259399414062504 0.091339111328125 0.0552139282226562 0.110557556152344
-0.0796737670898437 0.0571136474609375 0.0417938232421875 0.0767974853515625
-0.099884033203125 -0.0422515869140625 0.11553955078125 0.0849075317382813
-0.0533447265625 -0.0946121215820313 0.21337890625 0.236907958984375
0.0185012817382813 -0.0915374755859375 0.097442626953125 0.500091552734375
-0.04962158203125 -0.275604248046875 0.0906829833984375 0.19085693359375
-0.150238037109375 -0.169830322265625 0.0815353393554687 0.0791549682617187
-0.233627319335938 -0.0400390625 -0.0349807739257813 -0.00333213806152344
-0.15789794921875 0.118209838867188 -0.059326171875 0.0843429565429688
-0.0373992919921875 0.183822631835938 -0.0282974243164062 0.137252807617188
0.112716674804688 0.14801025390625 0.095855712890625 0.162094116210938
0.17291259765625 0.0870819091796875 0.18328857421875 0.12054443359375
0.146514892578125 0.0955657958984375 0.169601440429688 0.0856170654296875
0.171218872070313 0.0990447998046875 0.156234741210938 0.104263305664062
0.1080322265625 0.156463623046875 0.1044921875 0.104835510253906
-0.01312255859375 0.1978759765625 0.0453987121582031 0.064117431640625
-0.157867431640625 0.134109497070313 0.0571212768554687 0.0439109802246094
-0.234619140625 -0.06396484375 0.140762329101562 0.06640625
-0.175308227539063 -0.184310913085937 0.2181396484375 0.222610473632813
-0.0496673583984375 -0.2469482421875 0.110809326171875 0.455963134765625
-0.09368896484375 -0.388153076171875 0.0666580200195312 0.104034423828125
-0.215377807617187 -0.250640869140625 0.0465888977050781 0.049652099609375
-0.3369140625 -0.078857421875 -0.0310516357421875 -0.00751876831054688
-0.244003295898438 0.153945922851563 -0.0451393127441406 0.0537872314453125
-0.0829315185546875 0.253707885742188 -0.0430450439453125 0.086578369140625
0.132537841796875 0.22918701171875 0.0534515380859375 0.118423461914063
0.221847534179688 0.150680541992188 0.115226745605469 0.0892791748046875
0.192977905273438 0.154678344726563 0.100784301757813 0.0551834106445313
0.229461669921875 0.158203125 0.0906982421875 0.0706100463867188
0.14599609375 0.222763061523437 0.0611343383789063 0.0490150451660156
-0.016082763671875 0.281158447265625 0.0238437652587891 0.00584983825683595
-0.208740234375 0.204879760742187 0.0649299621582031 -0.00139999389648436
-0.342620849609375 -0.06121826171875 0.153701782226562 0.03741455078125
-0.2823486328125 -0.238983154296875 0.195587158203125 0.185546875
-0.115997314453125 -0.3612060546875 0.102386474609375 0.360626220703125
-0.128936767578125 -0.4444580078125 0.0366859436035156 -0.0189056396484375
-0.26226806640625 -0.294158935546875 -0.00182533264160158 -0.00306606292724611
-0.399932861328125 -0.0961914062500001 -0.0330181121826172 -0.0131721496582031
-0.2967529296875 0.176910400390625 -0.0259323120117188 0.0178337097167969
-0.1143798828125 0.29193115234375 -0.0498695373535156 0.0220184326171875
0.135009765625 0.276290893554687 0.00594329833984376 0.0541534423828125
0.238433837890625 0.189865112304688 0.0313377380371094 0.041900634765625
0.210784912109375 0.1888427734375 0.0162630081176758 0.016850471496582
0.254898071289063 0.192596435546875 0.00977134704589845 0.0289764404296875
0.16339111328125 0.257003784179688 0.00154972076416017 -0.0131597518920898
-0.015350341796875 0.32476806640625 -0.00878143310546875 -0.0562553405761719
-0.22845458984375 0.247085571289063 0.0610847473144531 -0.0514106750488281
-0.3983154296875 -0.047149658203125 0.147171020507812 0.0054473876953125
-0.344451904296875 -0.25494384765625 0.1417236328125 0.1341552734375
-0.16094970703125 -0.4180908203125 0.070037841796875 0.2333984375
-0.147979736328125 -0.431365966796875 0.000732421874999974 -0.16015625
-0.27557373046875 -0.285491943359375 -0.0576553344726563 -0.0708999633789063
-0.39996337890625 -0.088104248046875 -0.0394630432128907 -0.0228195190429688
-0.2950439453125 0.17706298828125 -0.00886726379394533 -0.0239009857177734
-0.119873046875 0.283843994140625 -0.0516204833984375 -0.0471229553222656
0.1212158203125 0.277740478515625 -0.0434646606445312 -0.0204010009765625
0.218521118164063 0.198867797851562 -0.0572853088378906 -0.0126419067382812
0.196578979492187 0.195297241210938 -0.0703887939453125 -0.02398681640625
0.239898681640625 0.198898315429688 -0.07513427734375 -0.0159072875976562
0.149917602539063 0.253097534179688 -0.0624542236328125 -0.0723342895507812
-0.02142333984375 0.314056396484375 -0.0432586669921875 -0.111930847167969
-0.218429565429688 0.237701416015625 0.0494155883789063 -0.0957489013671875
-0.383544921875 -0.0421447753906251 0.123626708984375 -0.0212020874023438
-0.337860107421875 -0.238983154296875 0.0671539306640625 0.0777587890625
-0.17071533203125 -0.412750244140625 0.0226287841796875 0.0904312133789062
-0.15008544921875 -0.35186767578125 -0.03955078125 -0.296356201171875
-0.24603271484375 -0.22491455078125 -0.112472534179688 -0.141952514648437
-0.327484130859375 -0.06121826171875 -0.0496826171875 -0.0354881286621094
-0.23583984375 0.147842407226563 0.000278472900390604 -0.0626106262207031
-0.1004638671875 0.225982666015625 -0.050018310546875 -0.104240417480469
0.0901947021484375 0.230712890625 -0.0861053466796875 -0.088104248046875
0.16766357421875 0.174118041992188 -0.13616943359375 -0.0654830932617187
0.15203857421875 0.170761108398438 -0.146453857421875 -0.062408447265625
0.18670654296875 0.177658081054688 -0.149002075195313 -0.06109619140625
0.106155395507812 0.21258544921875 -0.114585876464844 -0.123886108398437
-0.036529541015625 0.250457763671875 -0.065032958984375 -0.154586791992188
-0.183456420898438 0.17510986328125 0.0404586791992187 -0.124603271484375
-0.29833984375 -0.05029296875 0.0939483642578125 -0.035308837890625
-0.263442993164063 -0.196517944335937 -0.00666046142578126 0.0248508453369141
-0.144683837890625 -0.343780517578125 -0.0244483947753906 -0.0450057983398438
-0.126800537109375 -0.2171630859375 -0.080047607421875 -0.404632568359375
-0.17547607421875 -0.128585815429688 -0.15911865234375 -0.202606201171875
-0.1966552734375 -0.0241851806640625 -0.0632743835449219 -0.0459671020507812
-0.135032653808594 0.0919952392578125 -0.00193023681640626 -0.0868072509765625
-0.0618438720703125 0.129600524902344 -0.0452117919921875 -0.136276245117188
0.04705810546875 0.145156860351563 -0.115310668945313 -0.1361083984375
0.0910797119140625 0.121673583984375 -0.193161010742188 -0.10479736328125
0.0852279663085938 0.120147705078125 -0.200698852539063 -0.0916595458984375
0.104347229003906 0.129981994628906 -0.200241088867188 -0.100677490234375
0.0454559326171875 0.142593383789063 -0.14385986328125 -0.161880493164063
-0.04888916015625 0.14935302734375 -0.0667572021484375 -0.178359985351563
-0.124763488769531 0.0838088989257813 0.0395736694335937 -0.136268615722656
-0.169021606445312 -0.0561065673828125 0.0687255859375 -0.03839111328125
-0.148117065429687 -0.127166748046875 -0.0595970153808594 -0.0207481384277344
-0.0953216552734375 -0.223541259765625 -0.058624267578125 -0.154129028320313
-0.0801773071289062 -0.048614501953125 -0.11517333984375 -0.46923828125
-0.079254150390625 -0.016387939453125 -0.195343017578125 -0.243408203125
-0.0416641235351563 0.0151824951171875 -0.0837936401367188 -0.0486221313476563
-0.0184135437011719 0.0245494842529297 -0.0160598754882813 -0.08868408203125
-0.0162258148193359 0.016845703125 -0.0385208129882813 -0.13726806640625
-0.0036773681640625 0.038848876953125 -0.127655029296875 -0.153839111328125
0.000446319580078122 0.0498847961425781 -0.219284057617188 -0.124908447265625
0.00544357299804687 0.0504798889160156 -0.224472045898438 -0.1080322265625
0.00817108154296875 0.0626907348632812 -0.22100830078125 -0.128555297851563
-0.0178298950195313 0.0526008605957031 -0.148056030273437 -0.182296752929688
-0.048553466796875 0.0339164733886719 -0.0507049560546875 -0.181655883789063
-0.0458946228027344 -0.00716018676757813 0.04583740234375 -0.131591796875
-0.0256423950195313 -0.0411872863769531 0.0524787902832031 -0.0345382690429688
-0.0250892639160156 -0.034454345703125 -0.0843048095703125 -0.05389404296875
-0.0387802124023438 -0.0692863464355469 -0.0738677978515625 -0.220413208007813
-0.00653839111328124 -0.126045227050781 0.126266479492188 0.225128173828125
-0.072662353515625 -0.0672454833984375 0.110099792480469 0.0745925903320313
-0.107559204101562 0.0105056762695313 -0.0426712036132813 0.00534057617187499
-0.0528945922851562 0.0746383666992188 -0.057464599609375 0.114776611328125
0.0171966552734375 0.0919418334960938 0.00825500488281248 0.1728515625
0.0785675048828125 0.0413284301757813 0.14300537109375 0.172225952148437
0.0963668823242187 0.00247955322265625 0.239181518554688 0.115142822265625
0.0786361694335938 0.0152359008789063 0.223907470703125 0.088775634765625
0.089019775390625 0.0138092041015625 0.208892822265625 0.112503051757813
0.0657310485839844 0.0584526062011719 0.1407470703125 0.139190673828125
0.00849151611328125 0.0903701782226563 0.0633087158203125 0.107894897460937
-0.0756759643554688 0.0638427734375 0.048370361328125 0.075286865234375
-0.103271484375 -0.0327224731445313 0.12408447265625 0.0761260986328125
-0.0604629516601562 -0.0885772705078125 0.23431396484375 0.2213134765625
0.0112686157226563 -0.093017578125 0.13653564453125 0.49798583984375
-0.0722198486328125 -0.27459716796875 0.107620239257813 0.189666748046875
-0.161911010742187 -0.160736083984375 0.0922012329101563 0.0740280151367187
-0.238037109375 -0.022705078125 -0.0355453491210938 -0.0012969970703125
-0.14959716796875 0.130355834960937 -0.052978515625 0.0889892578125
-0.0229644775390625 0.188400268554687 -0.0173187255859375 0.141921997070313
0.125228881835938 0.137939453125 0.10919189453125 0.155349731445313
0.180328369140625 0.07232666015625 0.195358276367188 0.106826782226563
0.154220581054688 0.08441162109375 0.17840576171875 0.074798583984375
0.179397583007812 0.0843963623046875 0.16748046875 0.0948333740234375
0.121414184570312 0.14764404296875 0.113441467285156 0.0993423461914063
0.00273132324218752 0.199249267578125 0.0495109558105469 0.0620040893554688
-0.14910888671875 0.148651123046875 0.0609931945800781 0.0410499572753906
-0.242431640625 -0.04412841796875 0.148101806640625 0.056488037109375
-0.190231323242187 -0.169204711914063 0.238021850585938 0.20819091796875
-0.0701446533203125 -0.246963500976563 0.14520263671875 0.45318603515625
-0.124542236328125 -0.386993408203125 0.0772552490234375 0.104202270507812
-0.234329223632813 -0.238784790039063 0.05462646484375 0.0479621887207031
-0.346099853515625 -0.053802490234375 -0.0326309204101563 -0.00486755371093751
-0.234939575195312 0.172866821289063 -0.0409965515136719 0.0580673217773438
-0.064300537109375 0.26434326171875 -0.0362319946289062 0.0926361083984375
0.151763916015625 0.218719482421875 0.0649642944335938 0.114654541015625
0.235870361328125 0.132415771484375 0.124298095703125 0.0809707641601563
0.207229614257813 0.141204833984375 0.106109619140625 0.049041748046875
0.244384765625 0.139144897460937 0.0995407104492188 0.064971923828125
0.165451049804688 0.21185302734375 0.0648994445800781 0.0456123352050781
0.00622558593749998 0.283721923828125 0.0237216949462891 0.00480651855468752
-0.196578979492188 0.223953247070313 0.0655670166015625 -0.00447082519531249
-0.35125732421875 -0.0333251953125 0.158203125 0.0277862548828125
-0.3018798828125 -0.21746826171875 0.212203979492187 0.17327880859375
-0.145294189453125 -0.359619140625 0.1290283203125 0.357666015625
-0.16461181640625 -0.44195556640625 0.0373039245605469 -0.0182762145996094
-0.284942626953125 -0.279998779296875 0.00182855129241942 -0.00105106830596926
-0.4136962890625 -0.0661621093750001 -0.0356063842773438 -0.0102882385253906
-0.2877197265625 0.200958251953125 -0.0251235961914063 0.0210247039794922
-0.093902587890625 0.306182861328125 -0.04779052734375 0.0290184020996094
0.158645629882812 0.266448974609375 0.0124855041503906 0.05316162109375
0.256332397460938 0.170989990234375 0.036285400390625 0.039520263671875
0.228118896484375 0.174957275390625 0.0174751281738281 0.0156488418579102
0.272994995117188 0.171493530273438 0.0139617919921875 0.028717041015625
0.185714721679687 0.245101928710937 0.000592231750488292 -0.012908935546875
0.010284423828125 0.3282470703125 -0.0135383605957031 -0.0549163818359375
-0.213333129882812 0.268051147460938 0.0576400756835937 -0.0546646118164062
-0.4075927734375 -0.015167236328125 0.148880004882812 -0.0037078857421875
-0.36566162109375 -0.22998046875 0.153533935546875 0.125534057617187
-0.19549560546875 -0.415374755859375 0.0865478515625 0.230712890625
-0.182586669921875 -0.42974853515625 -0.0095672607421875 -0.159912109375
-0.298553466796875 -0.27081298828125 -0.0613136291503907 -0.0662994384765625
-0.413970947265625 -0.059051513671875 -0.0438957214355469 -0.0190200805664063
-0.2867431640625 0.20208740234375 -0.0110187530517578 -0.0217094421386719
-0.100555419921875 0.298736572265625 -0.0547332763671875 -0.0404930114746094
0.144195556640625 0.269454956054688 -0.0423469543457031 -0.0183868408203125
0.238571166992187 0.18243408203125 -0.0573196411132812 -0.0099372863769531
0.214523315429687 0.182022094726563 -0.0733108520507812 -0.01898193359375
0.258071899414063 0.179977416992188 -0.0754852294921875 -0.0109405517578125
0.172454833984375 0.242233276367187 -0.0680007934570313 -0.068267822265625
0.00332641601562497 0.3184814453125 -0.052337646484375 -0.109275817871094
-0.203582763671875 0.258087158203125 0.0428009033203125 -0.0986480712890625
-0.392303466796875 -0.01239013671875 0.123138427734375 -0.0282669067382813
-0.358673095703125 -0.215240478515625 0.073150634765625 0.0755844116210937
-0.20440673828125 -0.4085693359375 0.0280303955078125 0.0900955200195312
-0.17889404296875 -0.348602294921875 -0.06011962890625 -0.29498291015625
-0.2655029296875 -0.212356567382812 -0.123085021972656 -0.133384704589844
-0.339447021484375 -0.037353515625 -0.0545539855957031 -0.0309791564941406
-0.229019165039062 0.168045043945313 -0.00521469116210939 -0.06072998046875
-0.0854034423828125 0.239273071289062 -0.0567550659179688 -0.0985794067382812
0.110092163085937 0.224945068359375 -0.0907516479492187 -0.0841598510742187
0.185333251953125 0.161834716796875 -0.141708374023437 -0.0560150146484375
0.168243408203125 0.160995483398438 -0.15301513671875 -0.052337646484375
0.20343017578125 0.163116455078125 -0.1539306640625 -0.05120849609375
0.124908447265625 0.204803466796875 -0.124916076660156 -0.116790771484375
-0.01617431640625 0.255661010742188 -0.0772857666015625 -0.150375366210937
-0.172866821289062 0.19195556640625 0.0308303833007812 -0.127685546875
-0.30755615234375 -0.028289794921875 0.0917510986328125 -0.0399627685546875
-0.28094482421875 -0.178390502929687 -0.00565338134765627 0.0276527404785156
-0.17364501953125 -0.34136962890625 -0.0297698974609375 -0.0437507629394532
-0.144729614257813 -0.214370727539063 -0.11004638671875 -0.4033203125
-0.18768310546875 -0.120147705078125 -0.175491333007812 -0.192642211914063
-0.204788208007812 -0.0099639892578125 -0.0700645446777344 -0.0405731201171875
-0.131675720214844 0.104354858398437 -0.00946044921875 -0.0846633911132812
-0.054443359375 0.138221740722656 -0.05474853515625 -0.132499694824219
0.059844970703125 0.143096923828125 -0.124053955078125 -0.129470825195312
0.104354858398438 0.11572265625 -0.202529907226563 -0.0919952392578125
0.0973358154296875 0.115699768066406 -0.210296630859375 -0.0784454345703125
0.117050170898438 0.122787475585938 -0.2098388671875 -0.087249755859375
0.058319091796875 0.140151977539063 -0.15740966796875 -0.152786254882812
-0.0370635986328125 0.155990600585938 -0.080291748046875 -0.174163818359375
-0.120491027832031 0.0955734252929687 0.0292816162109375 -0.13983154296875
-0.177734375 -0.0439910888671875 0.0659255981445312 -0.0416145324707031
-0.159149169921875 -0.118301391601563 -0.0631217956542969 -0.0140037536621094
-0.113800048828125 -0.222869873046875 -0.07220458984375 -0.151763916015625
-0.0843658447265625 -0.0460739135742187 -0.151153564453125 -0.465423583984375
-0.0829849243164062 -0.0126419067382812 -0.216323852539063 -0.230712890625
-0.0442047119140625 0.0176277160644531 -0.0901641845703125 -0.0417327880859375
-0.0182437896728516 0.0266437530517578 -0.0236587524414062 -0.0862960815429688
-0.0158233642578125 0.0200481414794922 -0.0483779907226563 -0.134597778320313
0.000110626220703124 0.0403251647949219 -0.138717651367188 -0.146743774414063
0.0064239501953125 0.0513763427734375 -0.23162841796875 -0.110260009765625
0.0109062194824219 0.0515975952148437 -0.235610961914063 -0.09246826171875
0.0142059326171875 0.0631065368652344 -0.233245849609375 -0.11328125
-0.0130081176757813 0.0550346374511719 -0.1632080078125 -0.17230224609375
-0.0457267761230469 0.0395317077636719 -0.064483642578125 -0.178695678710938
-0.0478057861328125 -0.00213241577148438 0.0354690551757813 -0.136299133300781
-0.0316925048828125 -0.0404739379882813 0.0489387512207031 -0.0374412536621094
-0.0291023254394531 -0.0335674285888672 -0.090606689453125 -0.0453109741210938
-0.0451393127441406 -0.0702438354492188 -0.0928497314453125 -0.21820068359375
-0.0137481689453125 -0.122642517089844 0.138275146484375 0.219635009765625
-0.0731582641601563 -0.0631256103515625 0.115463256835938 0.0673294067382813
-0.103759765625 0.0154800415039062 -0.0416641235351563 0.00643920898437501
-0.0476760864257813 0.0750274658203125 -0.0503387451171875 0.115119934082031
0.0226669311523437 0.0893478393554688 0.0172119140625 0.170745849609375
0.0788955688476563 0.035430908203125 0.14984130859375 0.16265869140625
0.093292236328125 -0.00412750244140625 0.242340087890625 0.100799560546875
0.0767745971679688 0.0103988647460938 0.226913452148437 0.0773468017578125
0.0871963500976563 0.0074920654296875 0.214492797851563 0.102035522460938
0.0675086975097656 0.0534019470214844 0.146102905273437 0.131729125976563
0.013336181640625 0.087005615234375 0.067626953125 0.104042053222656
-0.070526123046875 0.0678482055664062 0.0524063110351563 0.072784423828125
-0.102554321289063 -0.0251541137695313 0.126884460449219 0.0676956176757813
-0.06439208984375 -0.0818328857421875 0.243179321289063 0.204833984375
0.005462646484375 -0.0916595458984375 0.160064697265625 0.48651123046875
-0.0866241455078125 -0.267791748046875 0.1187744140625 0.185821533203125
-0.165740966796875 -0.15203857421875 0.0984268188476562 0.0685882568359375
-0.235824584960937 -0.0102996826171875 -0.0353507995605469 0.00023651123046875
-0.141571044921875 0.135955810546875 -0.0472869873046875 0.0900802612304688
-0.012359619140625 0.187789916992187 -0.00946044921875002 0.142105102539063
0.130653381347656 0.127639770507813 0.116668701171875 0.147140502929688
0.180557250976562 0.05975341796875 0.199722290039063 0.0951995849609375
0.15692138671875 0.075103759765625 0.18096923828125 0.0656585693359375
0.181015014648437 0.07177734375 0.172882080078125 0.0858306884765625
0.126678466796875 0.137245178222656 0.116912841796875 0.09326171875
0.014007568359375 0.1953125 0.0514907836914063 0.0594940185546875
-0.140289306640625 0.155868530273438 0.0634346008300781 0.0388946533203125
-0.241348266601563 -0.02874755859375 0.14990234375 0.0486602783203125
-0.195785522460937 -0.15570068359375 0.246566772460938 0.192733764648438
-0.0834503173828125 -0.24200439453125 0.166839599609375 0.442138671875
-0.145050048828125 -0.37762451171875 0.08367919921875 0.10302734375
-0.242034912109375 -0.226211547851563 0.0604782104492187 0.0454139709472656
-0.34674072265625 -0.0345458984375 -0.0335826873779297 -0.00372314453125
-0.223831176757813 0.183578491210937 -0.0373268127441406 0.0607719421386719
-0.0501251220703125 0.2659912109375 -0.0301971435546875 0.0959091186523438
0.16229248046875 0.20526123046875 0.0714340209960938 0.108879089355469
0.240097045898438 0.115753173828125 0.128501892089844 0.0723648071289063
0.212448120117187 0.128463745117187 0.10784912109375 0.0435638427734375
0.248977661132813 0.121612548828125 0.103805541992188 0.0593643188476563
0.174530029296875 0.198928833007812 0.0663375854492188 0.0429191589355469
0.0221099853515625 0.279052734375 0.0223751068115234 0.00444221496582033
-0.183563232421875 0.233413696289063 0.0652389526367187 -0.00657272338867186
-0.350341796875 -0.012786865234375 0.158554077148437 0.0203399658203125
-0.3087158203125 -0.197265625 0.219390869140625 0.16033935546875
-0.1640625 -0.35150146484375 0.1448974609375 0.349334716796875
-0.187347412109375 -0.432525634765625 0.0384101867675781 -0.0169754028320313
-0.29571533203125 -0.26605224609375 0.00514268875122068 -0.000239849090576188
-0.415191650390625 -0.04364013671875 -0.0375938415527344 -0.00785446166992188
-0.275161743164063 0.214157104492188 -0.0237197875976563 0.0238151550292969
-0.0762939453125 0.310516357421875 -0.0448379516601563 0.0339279174804688
0.171646118164063 0.252548217773438 0.0169410705566406 0.0504913330078125
0.26470947265625 0.152633666992188 0.0387344360351563 0.0366172790527344
0.236175537109375 0.161041259765625 0.0180892944335938 0.0151901245117188
0.27960205078125 0.152816772460937 0.017995834350586 0.0272235870361328
0.197357177734375 0.22998046875 -0.000280380249023426 -0.0119228363037109
0.028289794921875 0.324005126953125 -0.017181396484375 -0.0528450012207031
-0.198867797851563 0.278213500976563 0.0548477172851562 -0.0554466247558594
-0.40545654296875 0.00747680664062497 0.147476196289062 -0.00994873046875
-0.37188720703125 -0.207244873046875 0.158157348632812 0.117340087890625
-0.216583251953125 -0.405487060546875 0.096099853515625 0.225296020507812
-0.20428466796875 -0.42022705078125 -0.0154876708984375 -0.155349731445313
-0.309539794921875 -0.257232666015625 -0.061248779296875 -0.0613632202148438
-0.41790771484375 -0.035675048828125 -0.0465202331542969 -0.0156097412109375
-0.274673461914062 0.216552734375 -0.0121021270751953 -0.0189075469970703
-0.0838623046875 0.304229736328125 -0.0550918579101563 -0.034576416015625
0.158065795898438 0.256744384765625 -0.0405197143554688 -0.0175247192382812
0.2474365234375 0.164932250976563 -0.0564193725585937 -0.00720214843749999
0.223007202148437 0.169479370117187 -0.07452392578125 -0.01544189453125
0.265869140625 0.161849975585938 -0.0731887817382812 -0.0077056884765625
0.18359375 0.228042602539063 -0.071197509765625 -0.0641098022460937
0.020782470703125 0.315765380859375 -0.0584640502929687 -0.104377746582031
-0.190185546875 0.267578125 0.0374679565429687 -0.0982666015625
-0.39111328125 0.00836181640624999 0.120376586914062 -0.0325393676757813
-0.364044189453125 -0.194732666015625 0.0765228271484375 0.072418212890625
-0.22509765625 -0.399017333984375 0.0310745239257812 0.088104248046875
-0.19586181640625 -0.3411865234375 -0.073577880859375 -0.287933349609375
-0.275634765625 -0.201828002929687 -0.127250671386719 -0.125450134277344
-0.343414306640625 -0.0188598632812501 -0.0583877563476563 -0.025848388671875
-0.219985961914062 0.179641723632813 -0.00830841064453126 -0.0571136474609375
-0.0725860595703125 0.244903564453125 -0.0605697631835937 -0.0927963256835937
0.122268676757812 0.215652465820313 -0.0919876098632812 -0.08087158203125
0.1947021484375 0.148162841796875 -0.14208984375 -0.049163818359375
0.176864624023437 0.151351928710938 -0.155105590820312 -0.04412841796875
0.210983276367188 0.149063110351563 -0.154159545898438 -0.0432891845703125
0.135726928710938 0.194427490234375 -0.130317687988281 -0.10882568359375
-0.00132751464843753 0.254898071289063 -0.0842742919921875 -0.1436767578125
-0.162750244140625 0.20111083984375 0.0238113403320312 -0.126502990722656
-0.30816650390625 -0.0116577148437499 0.0891342163085938 -0.04217529296875
-0.28631591796875 -0.162384033203125 -0.00433540344238283 0.0295009613037109
-0.190399169921875 -0.33367919921875 -0.0325927734375 -0.0419349670410156
-0.154434204101563 -0.2095947265625 -0.128204345703125 -0.393280029296875
-0.193496704101563 -0.112594604492187 -0.184173583984375 -0.180755615234375
-0.2080078125 0.00057983398437504 -0.0733642578125 -0.03387451171875
-0.12664794921875 0.111251831054687 -0.0143356323242188 -0.0811386108398438
-0.0460662841796875 0.142501831054688 -0.059967041015625 -0.127273559570313
0.0673370361328125 0.137901306152344 -0.127639770507813 -0.123977661132812
0.111427307128906 0.107620239257812 -0.205123901367187 -0.0813140869140625
0.104164123535156 0.10955810546875 -0.213638305664063 -0.06732177734375
0.123588562011719 0.114089965820313 -0.211578369140625 -0.07598876953125
0.0663681030273438 0.134597778320313 -0.16351318359375 -0.142898559570312
-0.0277099609375 0.157455444335938 -0.0884246826171875 -0.166854858398438
-0.11529541015625 0.102134704589844 0.02099609375 -0.138458251953125
-0.180572509765625 -0.034698486328125 0.0625724792480469 -0.0423812866210938
-0.163909912109375 -0.109100341796875 -0.0635223388671875 -0.00814819335937499
-0.126052856445313 -0.219131469726562 -0.0807952880859375 -0.147247314453125
-0.0852508544921875 -0.045379638671875 -0.173126220703125 -0.4544677734375
-0.0840530395507813 -0.01043701171875 -0.22723388671875 -0.216506958007813
-0.0467033386230469 0.0192375183105469 -0.0927658081054688 -0.0342941284179687
-0.0186824798583984 0.0284214019775391 -0.0284500122070312 -0.0822296142578125
-0.0155220031738281 0.0220279693603516 -0.0544052124023437 -0.131202697753906
0.00206756591796875 0.0406074523925781 -0.143218994140625 -0.14013671875
0.0113334655761719 0.0508079528808594 -0.235015869140625 -0.0973358154296876
0.0150833129882812 0.0507125854492187 -0.239395141601563 -0.0804595947265625
0.0189628601074219 0.0618400573730469 -0.237655639648438 -0.100570678710937
-0.00889205932617188 0.0550880432128906 -0.170547485351563 -0.162338256835938
-0.04241943359375 0.0436630249023438 -0.072998046875 -0.172775268554688
-0.0485763549804688 0.0022735595703125 0.0273513793945312 -0.135971069335938
-0.0363273620605469 -0.0388870239257813 0.0460128784179688 -0.0369606018066406
-0.031707763671875 -0.0331935882568359 -0.0928192138671875 -0.0377349853515625
-0.0501327514648438 -0.0702323913574219 -0.10504150390625 -0.212509155273438
-0.0170135498046875 -0.118637084960938 0.1451416015625 0.217727661132813
-0.0719070434570313 -0.060943603515625 0.118316650390625 0.0632858276367188
-0.101058959960938 0.0173797607421875 -0.0414657592773438 0.00659942626953125
-0.0448989868164062 0.0745010375976563 -0.0470428466796875 0.114570617675781
0.0258636474609375 0.0871124267578125 0.022003173828125 0.16900634765625
0.0784454345703125 0.0311965942382813 0.151748657226563 0.1573486328125
0.0897903442382813 -0.00696563720703125 0.243545532226563 0.09375
0.0753555297851562 0.00821685791015625 0.228805541992188 0.0724334716796875
0.08514404296875 0.00420379638671875 0.217025756835937 0.096527099609375
0.0674552917480469 0.0498771667480469 0.14837646484375 0.128463745117188
0.0155029296875 0.084686279296875 0.068939208984375 0.101997375488281
-0.0678558349609375 0.0691719055175781 0.054443359375 0.0712738037109375
-0.100875854492188 -0.0204315185546875 0.127937316894531 0.0628433227539063
-0.06494140625 -0.077423095703125 0.246078491210938 0.195724487304688
0.00243377685546876 -0.09033203125 0.17181396484375 0.479217529296875
-0.0939483642578125 -0.262115478515625 0.125442504882813 0.18536376953125
-0.16571044921875 -0.147415161132813 0.102638244628906 0.0649642944335937
-0.233322143554687 -0.00436401367187497 -0.0361328125 0.000728607177734377
-0.136337280273438 0.137664794921875 -0.0442886352539062 0.0904998779296875
-0.00614929199218752 0.18707275390625 -0.00535583496093751 0.142501831054688
0.132270812988281 0.1204833984375 0.118988037109375 0.142440795898438
0.17919921875 0.05218505859375 0.201278686523438 0.0881500244140625
0.156967163085938 0.0706634521484375 0.182296752929688 0.0617828369140625
0.180267333984375 0.0643310546875 0.175994873046875 0.0815887451171875
0.129501342773438 0.130805969238281 0.118186950683594 0.0911636352539063
0.020111083984375 0.192306518554687 0.0515480041503906 0.058563232421875
-0.135467529296875 0.159210205078125 0.0646553039550781 0.0377998352050781
-0.23956298828125 -0.02081298828125 0.150360107421875 0.0436859130859375
-0.1966552734375 -0.14801025390625 0.249801635742188 0.18359375
-0.090301513671875 -0.238265991210938 0.176177978515625 0.43505859375
-0.1551513671875 -0.371337890625 0.0885086059570312 0.103713989257812
-0.244003295898438 -0.221145629882813 0.0643196105957031 0.0435752868652344
-0.345794677734375 -0.0250244140625 -0.0349178314208985 -0.00189208984375
-0.217514038085938 0.187301635742188 -0.0349769592285156 0.0613365173339844
-0.041717529296875 0.267013549804688 -0.0269622802734375 0.0980148315429688
0.1658935546875 0.196014404296875 0.07379150390625 0.1051025390625
0.241043090820313 0.105499267578125 0.130363464355469 0.06817626953125
0.2144775390625 0.122207641601563 0.108329772949219 0.0413970947265625
0.24908447265625 0.112335205078125 0.106803894042969 0.0567626953125
0.178054809570313 0.189865112304688 0.0665855407714844 0.0419502258300781
0.030242919921875 0.275970458984375 0.0215053558349609 0.00496864318847658
-0.176986694335937 0.237533569335938 0.0653610229492187 -0.00679779052734374
-0.348236083984375 -0.00286865234374998 0.158355712890625 0.0166473388671875
-0.308685302734375 -0.18695068359375 0.221221923828125 0.153564453125
-0.173126220703125 -0.347625732421875 0.151336669921875 0.344329833984375
-0.197845458984375 -0.427001953125 0.0400772094726562 -0.0147285461425782
-0.29986572265625 -0.260040283203125 0.00808906555175779 4.43458557128747E-05
-0.416900634765625 -0.03216552734375 -0.0403709411621094 -0.00540924072265625
-0.26824951171875 0.2208251953125 -0.0224933624267578 0.026092529296875
-0.06732177734375 0.312896728515625 -0.0424995422363281 0.0370292663574219
0.176437377929688 0.243255615234375 0.0189208984375 0.0479164123535156
0.26715087890625 0.140945434570313 0.0406150817871094 0.0344963073730469
0.239395141601562 0.154327392578125 0.0178070068359375 0.0149860382080078
0.281951904296875 0.141937255859375 0.0199241638183594 0.0262031555175781
0.201095581054688 0.220184326171875 -0.000997543334960924 -0.0112361907958984
0.037750244140625 0.3203125 -0.0194511413574219 -0.0508804321289062
-0.191680908203125 0.282745361328125 0.0536689758300781 -0.0546951293945312
-0.403717041015625 0.0183715820312499 0.14715576171875 -0.012481689453125
-0.373046875 -0.196807861328125 0.160247802734375 0.11334228515625
-0.227294921875 -0.4010009765625 0.100051879882813 0.221893310546875
-0.215606689453125 -0.415313720703125 -0.0176849365234375 -0.151657104492188
-0.314605712890625 -0.25091552734375 -0.059783935546875 -0.0587387084960938
-0.4197998046875 -0.0245971679687499 -0.0494384765625 -0.0119781494140625
-0.268890380859375 0.223098754882813 -0.0124263763427735 -0.015777587890625
-0.07537841796875 0.30810546875 -0.0544509887695313 -0.0306968688964844
0.16387939453125 0.248764038085938 -0.039306640625 -0.0187187194824219
0.251739501953125 0.153884887695313 -0.0551109313964844 -0.00648498535156248
0.227737426757813 0.163299560546875 -0.075164794921875 -0.0132293701171875
0.268844604492187 0.151763916015625 -0.0718841552734375 -0.00653839111328125
0.188217163085938 0.219131469726563 -0.0728836059570312 -0.0611648559570312
0.029693603515625 0.312713623046875 -0.0611419677734375 -0.101051330566406
-0.18304443359375 0.27227783203125 0.0353317260742187 -0.0968399047851562
-0.389434814453125 0.0190124511718749 0.120338439941406 -0.0331344604492188
-0.3646240234375 -0.185089111328125 0.0779800415039062 0.0711517333984375
-0.235382080078125 -0.395263671875 0.0322647094726562 0.0869674682617187
-0.20458984375 -0.3385009765625 -0.079071044921875 -0.28314208984375
-0.278884887695313 -0.196685791015625 -0.128425598144531 -0.120651245117187
-0.345977783203125 -0.00915527343749999 -0.060882568359375 -0.0216407775878906
-0.215576171875 0.186386108398438 -0.0101509094238281 -0.0546875
-0.06597900390625 0.24859619140625 -0.0610275268554687 -0.0891799926757812
0.126205444335938 0.209014892578125 -0.0912857055664063 -0.0798721313476562
0.199432373046875 0.138885498046875 -0.141921997070313 -0.04638671875
0.181442260742188 0.146194458007813 -0.156448364257813 -0.0408477783203125
0.213790893554687 0.139572143554688 -0.153839111328125 -0.0405426025390625
0.139968872070313 0.187744140625 -0.132003784179687 -0.104827880859375
0.00634765625000003 0.253509521484375 -0.08807373046875 -0.139564514160156
-0.157974243164063 0.205398559570313 0.0206222534179687 -0.124862670898437
-0.308868408203125 -0.00418090820312498 0.0882339477539062 -0.0423507690429688
-0.286773681640625 -0.155120849609375 -0.00359344482421877 0.0309944152832031
-0.199920654296875 -0.330352783203125 -0.0344963073730469 -0.0414352416992188
-0.159637451171875 -0.208404541015625 -0.1365966796875 -0.3873291015625
-0.197021484375 -0.109954833984375 -0.187454223632813 -0.17462158203125
-0.21099853515625 0.00689697265624999 -0.075408935546875 -0.0295257568359375
-0.124557495117188 0.115379333496094 -0.0164337158203125 -0.077789306640625
-0.0430450439453125 0.145980834960938 -0.062042236328125 -0.123870849609375
0.0707626342773437 0.134597778320313 -0.128456115722656 -0.122261047363281
0.115875244140625 0.102325439453125 -0.205307006835938 -0.0760345458984375
0.108596801757813 0.106246948242188 -0.21527099609375 -0.0616607666015625
0.126472473144531 0.109245300292969 -0.212753295898438 -0.0709991455078125
0.0698471069335938 0.130577087402344 -0.16650390625 -0.1380615234375
-0.021148681640625 0.15802001953125 -0.09271240234375 -0.162582397460938
-0.113136291503906 0.1058349609375 0.0170516967773437 -0.137565612792969
-0.182464599609375 -0.03033447265625 0.0620651245117187 -0.0417251586914063
-0.16552734375 -0.105087280273437 -0.0631256103515625 -0.00457382202148438
-0.132431030273438 -0.217041015625 -0.084625244140625 -0.144729614257812
-0.0859756469726562 -0.0467376708984375 -0.18231201171875 -0.4486083984375
-0.085723876953125 -0.00982666015625001 -0.232330322265625 -0.209274291992188
-0.0486602783203125 0.0202293395996094 -0.0940017700195312 -0.0294418334960938
-0.0186939239501953 0.0306053161621094 -0.030364990234375 -0.0788345336914062
-0.0156307220458984 0.0238895416259766 -0.0568466186523438 -0.129386901855469
0.003662109375 0.0403099060058594 -0.144760131835938 -0.13739013671875
0.0146026611328125 0.0499610900878906 -0.236679077148438 -0.0915069580078125
0.0177803039550781 0.0499649047851563 -0.241683959960937 -0.0746002197265625
0.0218582153320312 0.0605010986328125 -0.239639282226563 -0.0944366455078125
-0.00658416748046875 0.0549736022949219 -0.173355102539062 -0.156814575195313
-0.03948974609375 0.0457839965820312 -0.0764923095703125 -0.16912841796875
-0.0486221313476563 0.004302978515625 0.0225830078125 -0.13525390625
-0.0394706726074219 -0.0383682250976562 0.0445709228515625 -0.0362586975097656
-0.0336093902587891 -0.0333003997802734 -0.0935134887695312 -0.0332107543945313
-0.0526046752929688 -0.0707626342773437 -0.111099243164062 -0.208831787109375
-0.0181350708007813 -0.117790222167969 0.151947021484375 0.222122192382813
-0.0710601806640625 -0.06121826171875 0.122421264648438 0.0621871948242187
-0.10076904296875 0.0172195434570312 -0.0425071716308594 0.00693893432617187
-0.044677734375 0.0743560791015625 -0.0461273193359375 0.1153564453125
0.0276641845703125 0.0867080688476563 0.023956298828125 0.170989990234375
0.0784988403320313 0.0288848876953125 0.154449462890625 0.157928466796875
0.08868408203125 -0.008514404296875 0.247909545898438 0.0917510986328125
0.0750350952148438 0.0077362060546875 0.233566284179687 0.07269287109375
0.0851898193359375 0.00247955322265625 0.223220825195313 0.0970306396484375
0.0678520202636719 0.0484542846679688 0.15142822265625 0.1300048828125
0.0165786743164063 0.083953857421875 0.0702896118164063 0.103935241699219
-0.0671615600585938 0.071807861328125 0.056610107421875 0.0723190307617188
-0.100830078125 -0.0186691284179687 0.1295166015625 0.061492919921875
-0.0658111572265625 -0.075225830078125 0.251083374023438 0.195068359375
0.00112152099609374 -0.091033935546875 0.178192138671875 0.48333740234375
-0.098297119140625 -0.262832641601563 0.13165283203125 0.189498901367187
-0.1671142578125 -0.148651123046875 0.106796264648437 0.064453125
-0.236541748046875 -0.00289916992187504 -0.0380516052246094 0.00148773193359375
-0.136711120605469 0.139205932617188 -0.0431594848632813 0.091827392578125
-0.00340270996093751 0.189407348632813 -0.0030364990234375 0.145538330078125
0.134391784667969 0.117973327636719 0.121261596679688 0.142547607421875
0.180587768554688 0.048980712890625 0.205276489257813 0.08758544921875
0.159286499023438 0.0694732666015625 0.186843872070313 0.0621490478515625
0.182266235351563 0.0615234375 0.181198120117187 0.0819854736328125
0.131843566894531 0.129280090332031 0.120643615722656 0.0927352905273438
0.022186279296875 0.193634033203125 0.0517120361328125 0.0600128173828125
-0.135696411132813 0.163681030273437 0.0670127868652344 0.0383338928222656
-0.242218017578125 -0.0176239013671875 0.153152465820312 0.043182373046875
-0.199142456054688 -0.146728515625 0.254013061523438 0.183624267578125
-0.0943756103515625 -0.241378784179688 0.1815185546875 0.440826416015625
-0.161865234375 -0.375518798828125 0.0940704345703125 0.107490539550781
-0.248672485351562 -0.22296142578125 0.0686683654785156 0.0435638427734375
-0.351531982421875 -0.0220642089843751 -0.0378875732421875 -0.000263214111328122
-0.219192504882813 0.191360473632813 -0.0345382690429688 0.0635185241699219
-0.0378875732421875 0.271621704101563 -0.0247726440429688 0.101112365722656
0.168914794921875 0.19476318359375 0.0752716064453125 0.104598999023438
0.244369506835938 0.101165771484375 0.133041381835938 0.0669174194335938
0.2193603515625 0.121688842773438 0.110610961914063 0.042022705078125
0.253204345703125 0.109130859375 0.110862731933594 0.0569534301757813
0.181747436523437 0.188156127929687 0.0673027038574219 0.0432167053222656
0.0338287353515625 0.278030395507812 0.0206298828125 0.00603675842285158
-0.177993774414063 0.243667602539063 0.0676383972167969 -0.00606918334960936
-0.353302001953125 0.00115966796874998 0.1617431640625 0.014892578125
-0.312530517578125 -0.18658447265625 0.2259521484375 0.15350341796875
-0.180694580078125 -0.35247802734375 0.1556396484375 0.3487548828125
-0.20703125 -0.43218994140625 0.0429496765136719 -0.0126380920410157
-0.3057861328125 -0.263824462890625 0.0107488632202148 0.000182151794433578
-0.42547607421875 -0.0279541015625 -0.043212890625 -0.00292587280273438
-0.27044677734375 0.226348876953125 -0.0218582153320313 0.0279464721679688
-0.064208984375 0.3209228515625 -0.0413131713867188 0.0398483276367188
0.180679321289063 0.242431640625 0.0200157165527344 0.0469779968261719
0.27154541015625 0.136795043945313 0.0423164367675781 0.0337295532226563
0.245986938476563 0.154129028320313 0.0180091857910156 0.0160579681396484
0.28704833984375 0.138702392578125 0.0218181610107422 0.0258960723876953
0.205825805664063 0.218780517578125 -0.00150871276855467 -0.0105094909667969
0.0428466796875 0.32330322265625 -0.0217742919921875 -0.0497779846191406
-0.19281005859375 0.2899169921875 0.0550346374511719 -0.0546455383300781
-0.41046142578125 0.022674560546875 0.150375366210937 -0.01373291015625
-0.3773193359375 -0.19671630859375 0.163345336914062 0.113174438476562
-0.23577880859375 -0.407623291015625 0.102767944335938 0.224609375
-0.22412109375 -0.42303466796875 -0.0174407958984375 -0.151702880859375
-0.322052001953125 -0.25604248046875 -0.0595588684082031 -0.0587730407714844
-0.43060302734375 -0.0189208984375001 -0.0523834228515625 -0.00879287719726564
-0.27166748046875 0.2301025390625 -0.012049674987793 -0.013956069946289
-0.07232666015625 0.3160400390625 -0.0539817810058594 -0.028594970703125
0.167510986328125 0.248428344726562 -0.0399017333984375 -0.0205230712890625
0.257369995117188 0.149917602539063 -0.055267333984375 -0.00713348388671874
0.234451293945313 0.162933349609375 -0.0777435302734375 -0.0130767822265625
0.2740478515625 0.149017333984375 -0.072509765625 -0.00721740722656248
0.192245483398438 0.218414306640625 -0.0747146606445312 -0.0614013671875
0.03460693359375 0.31658935546875 -0.0640792846679688 -0.100654602050781
-0.184417724609375 0.279037475585938 0.0356903076171875 -0.0974044799804687
-0.39703369140625 0.02239990234375 0.122886657714844 -0.034210205078125
-0.3704833984375 -0.185791015625 0.0796432495117187 0.0719223022460937
-0.24383544921875 -0.402008056640625 0.0323104858398437 0.0878524780273437
-0.2122802734375 -0.344940185546875 -0.081878662109375 -0.285491943359375
-0.28741455078125 -0.200347900390625 -0.130302429199219 -0.121429443359375
-0.355712890625 -0.003692626953125 -0.0637969970703125 -0.0186500549316406
-0.21826171875 0.19219970703125 -0.00995254516601564 -0.0527687072753906
-0.063720703125 0.25640869140625 -0.0618209838867188 -0.087890625
0.1298828125 0.209808349609375 -0.0931396484375 -0.082733154296875
0.204879760742188 0.135833740234375 -0.144012451171875 -0.0465545654296875
0.187713623046875 0.1463623046875 -0.16131591796875 -0.0399017333984375
0.218917846679687 0.138397216796875 -0.156707763671875 -0.041015625
0.14349365234375 0.186477661132812 -0.135002136230469 -0.104820251464844
0.0110931396484375 0.257369995117187 -0.0918121337890625 -0.139495849609375
-0.15948486328125 0.211441040039063 0.0202865600585937 -0.125839233398437
-0.31524658203125 -0.00119018554687501 0.090240478515625 -0.0429000854492188
-0.291290283203125 -0.15625 -0.00303649902343752 0.0325469970703125
-0.2071533203125 -0.33782958984375 -0.0367202758789063 -0.0425376892089844
-0.164794921875 -0.213516235351563 -0.1417236328125 -0.391387939453125
-0.20294189453125 -0.11248779296875 -0.191558837890625 -0.1751708984375
-0.217147827148438 0.0101776123046875 -0.0776443481445313 -0.0259780883789063
-0.126258850097656 0.120780944824219 -0.016357421875 -0.0768508911132812
-0.0421600341796875 0.151077270507812 -0.0635147094726563 -0.124282836914062
0.0725784301757813 0.135459899902344 -0.131004333496094 -0.124496459960937
0.120529174804688 0.100135803222656 -0.209274291992188 -0.07574462890625
0.112655639648437 0.106346130371094 -0.220809936523438 -0.0616455078125
0.130470275878906 0.108314514160156 -0.217437744140625 -0.07122802734375
0.071990966796875 0.130447387695313 -0.170272827148438 -0.138519287109375
-0.018524169921875 0.161270141601563 -0.0957489013671875 -0.163406372070312
-0.114822387695313 0.110206604003906 0.0159759521484375 -0.138420104980469
-0.188201904296875 -0.029144287109375 0.0638809204101562 -0.042327880859375
-0.16845703125 -0.106796264648437 -0.0639686584472656 -0.00315475463867187
-0.138137817382813 -0.222259521484375 -0.08880615234375 -0.146682739257813
-0.0877685546875 -0.0498046875 -0.19012451171875 -0.45208740234375
-0.0885772705078125 -0.0107040405273437 -0.237899780273437 -0.209304809570313
-0.0518035888671875 0.0217475891113281 -0.0952606201171875 -0.0263671875
-0.0195293426513672 0.0324974060058594 -0.0309982299804688 -0.0778961181640625
-0.0173053741455078 0.0259170532226563 -0.0582962036132812 -0.130683898925781
0.00391387939453125 0.0417137145996094 -0.147415161132813 -0.139450073242187
0.0167160034179688 0.0492820739746094 -0.240737915039062 -0.0913238525390625
0.01959228515625 0.0502090454101563 -0.247726440429688 -0.0738677978515625
0.0236587524414063 0.061431884765625 -0.245620727539063 -0.0946502685546875
-0.00523757934570313 0.0553398132324219 -0.17681884765625 -0.158248901367188
-0.0381813049316406 0.0482025146484375 -0.0782470703125 -0.169601440429688
-0.0502891540527344 0.00612640380859375 0.0207977294921875 -0.136650085449219
-0.0437393188476563 -0.0386695861816406 0.045379638671875 -0.0362548828125
-0.0356025695800781 -0.0348320007324219 -0.0954360961914062 -0.031280517578125
-0.055694580078125 -0.0736312866210938 -0.116058349609375 -0.211929321289063
-0.0201339721679688 -0.119560241699219 0.164779663085938 0.230148315429687
-0.0728683471679687 -0.0624465942382813 0.130104064941406 0.06207275390625
-0.103248596191406 0.01849365234375 -0.0447196960449219 0.00744247436523438
-0.0452957153320313 0.0757904052734375 -0.0455703735351563 0.120162963867187
0.0313034057617187 0.0875930786132813 0.0276031494140625 0.177627563476563
0.0807952880859375 0.0270004272460938 0.160797119140625 0.162307739257813
0.0892333984375 -0.0107040405273438 0.258926391601563 0.0916748046875
0.0769500732421875 0.007080078125 0.246139526367188 0.072235107421875
0.0865097045898437 -0.00060272216796875 0.2364501953125 0.0982818603515625
0.070404052734375 0.048187255859375 0.159378051757813 0.134567260742188
0.0181732177734375 0.085113525390625 0.0745773315429688 0.1068115234375
-0.068084716796875 0.0755996704101563 0.0608596801757812 0.0738601684570313
-0.103034973144531 -0.016876220703125 0.134742736816406 0.061248779296875
-0.0678939819335938 -0.0750961303710938 0.263031005859375 0.196670532226562
-0.00107574462890625 -0.09344482421875 0.191741943359375 0.50091552734375
-0.106216430664063 -0.269821166992188 0.143295288085938 0.196640014648438
-0.174163818359375 -0.153305053710938 0.114540100097656 0.0646896362304687
-0.2451171875 0.000595092773437492 -0.0413627624511719 0.00312423706054688
-0.139907836914063 0.145339965820312 -0.0428848266601563 0.0959701538085938
0.000930786132812486 0.196060180664063 0.000442504882812501 0.151718139648438
0.139823913574219 0.1173095703125 0.127059936523438 0.145858764648438
0.18560791015625 0.0454864501953125 0.21490478515625 0.08685302734375
0.166213989257813 0.0697784423828125 0.196640014648438 0.062530517578125
0.189437866210938 0.0594940185546875 0.191986083984375 0.083038330078125
0.137283325195313 0.130447387695313 0.12664794921875 0.0963897705078125
0.026092529296875 0.198684692382813 0.0536079406738281 0.062774658203125
-0.139083862304688 0.17291259765625 0.071929931640625 0.0390701293945313
-0.251251220703125 -0.0142211914062501 0.159957885742187 0.0414276123046875
-0.207168579101563 -0.148269653320312 0.265960693359375 0.185989379882813
-0.103561401367188 -0.2498779296875 0.1947021484375 0.455780029296875
-0.1748046875 -0.38720703125 0.102554321289062 0.112648010253906
-0.260040283203125 -0.230545043945312 0.0749435424804687 0.0440826416015625
-0.366180419921875 -0.0166015625 -0.042083740234375 0.00225830078124999
-0.224838256835938 0.201904296875 -0.0335044860839844 0.0669517517089844
-0.033477783203125 0.283935546875 -0.0226898193359375 0.106414794921875
0.177215576171875 0.195968627929687 0.0799331665039063 0.106544494628906
0.25360107421875 0.0980072021484375 0.140235900878906 0.067138671875
0.230667114257812 0.122421264648437 0.116561889648438 0.0435104370117188
0.26446533203125 0.106658935546875 0.118232727050781 0.0571441650390625
0.190200805664062 0.19049072265625 0.0703277587890625 0.0453567504882813
0.040130615234375 0.287109375 0.0204811096191406 0.00779342651367189
-0.181396484375 0.25830078125 0.0715560913085937 -0.00650787353515623
-0.367431640625 0.00659179687500002 0.168869018554687 0.0124664306640625
-0.3255615234375 -0.189697265625 0.236129760742188 0.154876708984375
-0.194244384765625 -0.36517333984375 0.16680908203125 0.3603515625
-0.22314453125 -0.448486328125 0.0474891662597656 -0.0109176635742188
-0.32171630859375 -0.271881103515625 0.0140409469604492 -0.00020503997802736
-0.445068359375 -0.0206909179687501 -0.0475311279296875 0.000934600830078118
-0.278045654296875 0.240219116210938 -0.0216064453125 0.0307178497314453
-0.059417724609375 0.336395263671875 -0.0406990051269531 0.0441818237304688
0.19085693359375 0.246170043945312 0.0213775634765625 0.0474433898925781
0.2830810546875 0.1334228515625 0.0452537536621094 0.0335006713867188
0.259368896484375 0.15594482421875 0.0191726684570313 0.0170917510986328
0.299896240234375 0.13720703125 0.0243492126464844 0.0255241394042969
0.215774536132813 0.2215576171875 -0.00229358673095702 -0.0097684860229492
0.050445556640625 0.334716796875 -0.0246009826660156 -0.0498619079589844
-0.19683837890625 0.30706787109375 0.0578193664550781 -0.0567054748535156
-0.427978515625 0.0292358398437501 0.156829833984375 -0.0171966552734375
-0.393646240234375 -0.199493408203125 0.171188354492187 0.115127563476562
-0.253265380859375 -0.423370361328125 0.109085083007812 0.231964111328125
-0.241546630859375 -0.4395751953125 -0.01861572265625 -0.155471801757813
-0.34033203125 -0.264129638671875 -0.0608139038085938 -0.0602073669433594
-0.450958251953125 -0.011322021484375 -0.0572738647460938 -0.00450897216796876
-0.279647827148438 0.244720458984375 -0.0118494033813477 -0.012232780456543
-0.068359375 0.333099365234375 -0.0550422668457031 -0.02691650390625
0.177734375 0.25347900390625 -0.0410308837890625 -0.022308349609375
0.269287109375 0.147125244140625 -0.0573959350585937 -0.0074462890625
0.248382568359375 0.165252685546875 -0.0817413330078125 -0.0113372802734375
0.288177490234375 0.14813232421875 -0.0752792358398437 -0.00795745849609375
0.202102661132813 0.2213134765625 -0.0795516967773437 -0.0614852905273437
0.043182373046875 0.328033447265625 -0.069122314453125 -0.10137939453125
-0.188201904296875 0.295684814453125 0.0363311767578125 -0.100257873535156
-0.4146728515625 0.0285949707031249 0.128646850585937 -0.0380935668945312
-0.38531494140625 -0.189208984375 0.0836563110351562 0.0739822387695312
-0.262603759765625 -0.41845703125 0.0336685180664062 0.089752197265625
-0.227447509765625 -0.35931396484375 -0.088348388671875 -0.29412841796875
-0.304107666015625 -0.206756591796875 -0.136337280273438 -0.12310791015625
-0.373138427734375 0.00244140624999996 -0.0677871704101563 -0.0136642456054688
-0.2242431640625 0.205368041992187 -0.0101547241210938 -0.0526542663574219
-0.06048583984375 0.27008056640625 -0.0644607543945313 -0.089447021484375
0.137802124023437 0.21490478515625 -0.0976181030273437 -0.0864181518554687
0.214599609375 0.134002685546875 -0.150558471679687 -0.047454833984375
0.19915771484375 0.148590087890625 -0.169708251953125 -0.0385894775390625
0.230743408203125 0.138504028320312 -0.16448974609375 -0.0410003662109375
0.151199340820313 0.18994140625 -0.142425537109375 -0.106903076171875
0.0173492431640625 0.267196655273438 -0.0978240966796875 -0.141769409179687
-0.163650512695313 0.223968505859375 0.019622802734375 -0.129783630371094
-0.330352783203125 0.00244140625 0.0950241088867187 -0.047088623046875
-0.304107666015625 -0.160186767578125 -0.00247955322265627 0.0346050262451172
-0.2218017578125 -0.35064697265625 -0.0407981872558594 -0.0441246032714844
-0.175704956054688 -0.2236328125 -0.153350830078125 -0.404510498046875
-0.214569091796875 -0.117050170898438 -0.202163696289062 -0.178543090820313
-0.22918701171875 0.0150604248046875 -0.0815200805664063 -0.0222549438476563
-0.129638671875 0.129379272460938 -0.017791748046875 -0.0775070190429687
-0.0407867431640625 0.160507202148438 -0.0673828125 -0.1270751953125
0.0774154663085937 0.139274597167969 -0.137863159179687 -0.128837585449219
0.127067565917969 0.0994491577148438 -0.21942138671875 -0.0768890380859375
0.120567321777344 0.108726501464844 -0.23321533203125 -0.0602569580078125
0.138130187988281 0.10906982421875 -0.228759765625 -0.071563720703125
0.0771560668945313 0.133338928222656 -0.179672241210937 -0.14154052734375
-0.0149688720703125 0.1678466796875 -0.10205078125 -0.1668701171875
-0.118301391601562 0.117828369140625 0.0140533447265625 -0.142837524414063
-0.198745727539063 -0.0277862548828125 0.0666313171386719 -0.0451850891113281
-0.176712036132813 -0.109909057617188 -0.0669593811035156 -0.000495910644531259
-0.148056030273438 -0.23193359375 -0.096221923828125 -0.152069091796875
-0.0931854248046875 -0.0541763305664063 -0.2049560546875 -0.467010498046875
-0.0940475463867188 -0.0108871459960937 -0.251846313476563 -0.212295532226562
-0.0553970336914063 0.0240821838378906 -0.0980911254882813 -0.0235824584960938
-0.0206489562988281 0.0355758666992187 -0.0331192016601562 -0.0788803100585938
-0.0172500610351563 0.0292797088623047 -0.0625991821289063 -0.135086059570312
0.00441741943359375 0.0445365905761719 -0.154861450195312 -0.144149780273438
0.0194969177246094 0.0494918823242188 -0.252639770507813 -0.0917510986328125
0.0226211547851563 0.0519943237304687 -0.260971069335938 -0.0731964111328125
0.0266036987304687 0.0633773803710938 -0.258743286132813 -0.0949859619140625
-0.0035247802734375 0.0576744079589844 -0.186660766601563 -0.161972045898437
-0.037139892578125 0.0512657165527344 -0.0840606689453125 -0.174362182617188
-0.0526390075683594 0.00907135009765626 0.0188446044921875 -0.141845703125
-0.0490303039550781 -0.0393409729003906 0.0473556518554688 -0.0378379821777344
-0.0385513305664063 -0.0368232727050781 -0.099609375 -0.029815673828125
-0.0600433349609375 -0.0783004760742187 -0.125106811523437 -0.218856811523438
-0.0250015258789062 -0.122352600097656 0.184860229492188 0.235122680664063
-0.076690673828125 -0.0635757446289063 0.140266418457031 0.0592422485351562
-0.106758117675781 0.0218276977539063 -0.0475692749023438 0.010223388671875
-0.0450897216796875 0.0794754028320313 -0.0425949096679688 0.126319885253906
0.0368423461914062 0.0885238647460937 0.0369415283203125 0.184127807617188
0.0839920043945313 0.022674560546875 0.173904418945313 0.16357421875
0.0909423828125 -0.015106201171875 0.275955200195313 0.08465576171875
0.0797653198242188 0.00457000732421875 0.26385498046875 0.066741943359375
0.0893630981445313 -0.00479888916015625 0.254898071289063 0.093505859375
0.0744247436523438 0.046356201171875 0.173171997070312 0.135772705078125
0.0219879150390625 0.0873947143554688 0.0812911987304688 0.109664916992188
-0.0678939819335937 0.0821456909179688 0.0679397583007812 0.07470703125
-0.106483459472656 -0.0133209228515625 0.143844604492188 0.0581817626953125
-0.0728912353515625 -0.0745086669921875 0.281982421875 0.194915771484375
-0.00525665283203124 -0.0970077514648438 0.222259521484375 0.5150146484375
-0.121490478515625 -0.277069091796875 0.161972045898438 0.201446533203125
-0.187515258789063 -0.154815673828125 0.124794006347656 0.0626754760742188
-0.256271362304688 0.010467529296875 -0.0451469421386719 0.00702285766601562
-0.141693115234375 0.156524658203125 -0.0403060913085938 0.101943969726563
0.0101318359375 0.20367431640625 0.007476806640625 0.159042358398438
0.149520874023437 0.114852905273437 0.138137817382813 0.148040771484375
0.194015502929688 0.0386199951171875 0.228652954101563 0.081756591796875
0.1767578125 0.0661773681640625 0.210494995117188 0.0584716796875
0.199005126953125 0.0523681640625 0.20794677734375 0.0790557861328125
0.148193359375 0.129684448242188 0.136734008789063 0.0980377197265625
0.0355224609375 0.2059326171875 0.0576858520507813 0.0646324157714844
-0.138275146484375 0.187545776367188 0.078094482421875 0.0383529663085938
-0.26287841796875 -0.00492858886718756 0.169296264648437 0.0363311767578125
-0.221023559570313 -0.146774291992187 0.28515625 0.18341064453125
-0.1195068359375 -0.258270263671875 0.222320556640625 0.468902587890625
-0.19989013671875 -0.398284912109375 0.1160888671875 0.116188049316406
-0.281219482421875 -0.233306884765625 0.0827255249023437 0.0426712036132812
-0.385894775390625 -0.00161743164062502 -0.0459747314453125 0.00811004638671876
-0.22735595703125 0.219009399414062 -0.0315475463867188 0.072357177734375
-0.021331787109375 0.298858642578125 -0.0174789428710938 0.112983703613281
0.192062377929688 0.19549560546875 0.0872268676757813 0.108200073242188
0.267608642578125 0.0891571044921875 0.150405883789063 0.0635528564453125
0.24725341796875 0.11865234375 0.124832153320313 0.0418243408203125
0.28076171875 0.0974884033203125 0.128379821777344 0.0547103881835938
0.206008911132813 0.18939208984375 0.0757522583007813 0.0460357666015625
0.053802490234375 0.298065185546875 0.0204315185546875 0.00879859924316408
-0.180877685546875 0.279296875 0.0764236450195313 -0.00932312011718748
-0.3861083984375 0.0220947265625 0.177963256835937 0.0053558349609375
-0.347198486328125 -0.1865234375 0.252899169921875 0.152847290039063
-0.2208251953125 -0.377471923828125 0.188995361328125 0.3699951171875
-0.254364013671875 -0.4627685546875 0.0525894165039062 -0.0112152099609375
-0.349090576171875 -0.274871826171875 0.0175561904907226 -0.00101280212402345
-0.4698486328125 -0.00115966796875007 -0.0520820617675782 0.00826263427734375
-0.282196044921875 0.2633056640625 -0.02008056640625 0.0345287322998047
-0.046112060546875 0.356231689453125 -0.0389251708984375 0.048858642578125
0.208450317382813 0.247528076171875 0.0244789123535156 0.0473861694335938
0.30059814453125 0.125213623046875 0.0494155883789063 0.0325355529785156
0.279830932617187 0.151947021484375 0.0207309722900391 0.0183677673339844
0.319854736328125 0.12872314453125 0.0278282165527344 0.0250072479248047
0.233795166015625 0.22137451171875 -0.00283050537109374 -0.00880050659179686
0.0679931640625 0.347503662109375 -0.0281906127929688 -0.0492897033691406
-0.1949462890625 0.33203125 0.0596885681152344 -0.0609779357910156
-0.44940185546875 0.0476379394531249 0.1640625 -0.025848388671875
-0.419342041015625 -0.1964111328125 0.183486938476562 0.11395263671875
-0.28497314453125 -0.43780517578125 0.123092651367188 0.238143920898438
-0.273040771484375 -0.45361328125 -0.0233917236328125 -0.160049438476563
-0.369384765625 -0.2666015625 -0.0639572143554688 -0.0607070922851563
-0.47705078125 0.00909423828124996 -0.060943603515625 0.00310134887695312
-0.28326416015625 0.269683837890625 -0.0114727020263672 -0.0106115341186523
-0.056488037109375 0.35455322265625 -0.057098388671875 -0.0248489379882812
0.195938110351562 0.256805419921875 -0.0433998107910156 -0.0233879089355469
0.287017822265625 0.139556884765625 -0.0604362487792969 -0.00675582885742186
0.2694091796875 0.162338256835938 -0.0871200561523438 -0.00746154785156249
0.30859375 0.14105224609375 -0.0797271728515625 -0.00589752197265624
0.219573974609375 0.221817016601563 -0.086761474609375 -0.0605926513671875
0.060638427734375 0.340301513671875 -0.0771026611328125 -0.101844787597656
-0.18695068359375 0.320465087890625 0.0352706909179687 -0.105918884277344
-0.43658447265625 0.04718017578125 0.13299560546875 -0.0473709106445313
-0.41131591796875 -0.18450927734375 0.0899200439453125 0.0742416381835937
-0.2945556640625 -0.432525634765625 0.03704833984375 0.092254638671875
-0.255096435546875 -0.37152099609375 -0.103302001953125 -0.303070068359375
-0.32830810546875 -0.2078857421875 -0.14715576171875 -0.123947143554688
-0.39508056640625 0.019683837890625 -0.0721664428710938 -0.00717163085937499
-0.227340698242188 0.226776123046875 -0.0116004943847656 -0.0527687072753906
-0.051177978515625 0.28875732421875 -0.070098876953125 -0.0899276733398437
0.153091430664063 0.218948364257813 -0.105422973632813 -0.0877838134765625
0.229736328125 0.12841796875 -0.159881591796875 -0.0442962646484375
0.216934204101563 0.14654541015625 -0.181838989257813 -0.0329742431640625
0.248291015625 0.134246826171875 -0.175491333007812 -0.0377197265625
0.165313720703125 0.1915283203125 -0.154586791992187 -0.105850219726562
0.0310516357421875 0.278594970703125 -0.10845947265625 -0.1429443359375
-0.163238525390625 0.244308471679687 0.01556396484375 -0.136222839355469
-0.3489990234375 0.016876220703125 0.0982894897460937 -0.0545578002929688
-0.32513427734375 -0.15802001953125 -0.0022544860839844 0.0372848510742187
-0.249298095703125 -0.362579345703125 -0.0462188720703125 -0.0456275939941407
-0.194793701171875 -0.230758666992188 -0.17669677734375 -0.416717529296875
-0.232437133789063 -0.11492919921875 -0.218612670898438 -0.178298950195312
-0.242446899414063 0.0268402099609375 -0.0848388671875 -0.0163650512695312
-0.130416870117187 0.142471313476563 -0.0206451416015625 -0.0785751342773437
-0.0360260009765625 0.173065185546875 -0.0747756958007812 -0.130172729492188
0.08673095703125 0.143096923828125 -0.148330688476563 -0.131790161132812
0.137313842773438 0.09625244140625 -0.233779907226563 -0.0730285644531249
0.132247924804688 0.108474731445313 -0.249374389648438 -0.0530548095703125
0.149948120117188 0.10809326171875 -0.244766235351562 -0.065704345703125
0.0860824584960937 0.135505676269531 -0.194717407226562 -0.140914916992188
-0.00700378417968749 0.176559448242188 -0.113494873046875 -0.16912841796875
-0.119522094726563 0.130599975585938 0.00875854492187499 -0.149520874023438
-0.212677001953125 -0.020721435546875 0.0684356689453125 -0.0506629943847656
-0.189224243164063 -0.109970092773438 -0.0699958801269531 0.00292968749999998
-0.166885375976562 -0.24102783203125 -0.1090087890625 -0.155838012695313
-0.100502014160156 -0.05694580078125 -0.233367919921875 -0.479827880859375
-0.101051330566406 -0.00844573974609376 -0.273025512695313 -0.211837768554688
-0.0586776733398438 0.0278549194335938 -0.1021728515625 -0.01910400390625
-0.0200729370117188 0.0390090942382813 -0.0370025634765625 -0.0798873901367188
-0.0172672271728516 0.033599853515625 -0.0705490112304687 -0.138267517089844
0.00651168823242188 0.0475578308105469 -0.16796875 -0.146682739257813
0.0232810974121094 0.05029296875 -0.269683837890625 -0.0867156982421876
0.0269775390625 0.0538139343261719 -0.279937744140625 -0.06549072265625
0.0317306518554688 0.0657463073730469 -0.277389526367188 -0.08892822265625
-0.000762939453124996 0.0604400634765625 -0.20306396484375 -0.162704467773438
-0.0349845886230469 0.0558433532714844 -0.0949554443359375 -0.178146362304688
-0.0557403564453125 0.0131454467773437 0.0133209228515625 -0.148086547851563
-0.0559539794921875 -0.0388717651367188 0.0484657287597656 -0.042449951171875
-0.0431861877441406 -0.0380058288574219 -0.105583190917969 -0.0264358520507812
-0.0677032470703125 -0.08245849609375 -0.142349243164062 -0.224884033203125
-0.0322799682617188 -0.1236572265625 0.208404541015625 0.231842041015625
-0.0820083618164062 -0.0621185302734375 0.150054931640625 0.0518035888671875
-0.108390808105469 0.0289459228515625 -0.0494346618652344 0.0151329040527344
-0.0427627563476563 0.0841140747070313 -0.0353927612304688 0.131874084472656
0.04364013671875 0.0867462158203125 0.0503387451171875 0.187225341796875
0.0866928100585938 0.0163421630859375 0.1885986328125 0.159637451171875
0.0910720825195313 -0.0211563110351563 0.29144287109375 0.0701904296875
0.0816650390625 -0.0004119873046875 0.280105590820313 0.0517120361328125
0.0900192260742188 -0.0117111206054688 0.2738037109375 0.080352783203125
0.0794143676757813 0.042205810546875 0.189071655273438 0.131683349609375
0.0273895263671875 0.08807373046875 0.090545654296875 0.108879089355469
-0.0639495849609375 0.0895843505859375 0.0764312744140625 0.07177734375
-0.109230041503906 -0.00750732421875 0.152603149414063 0.0507049560546875
-0.078704833984375 -0.0716018676757813 0.3033447265625 0.181976318359375
-0.01226806640625 -0.09869384765625 0.26220703125 0.5172119140625
-0.143539428710938 -0.278121948242188 0.1834716796875 0.19873046875
-0.202163696289063 -0.150634765625 0.134666442871094 0.0561981201171875
-0.265121459960938 0.027252197265625 -0.0467872619628906 0.0136680603027344
-0.137466430664063 0.170135498046875 -0.0337982177734375 0.107170104980469
0.024627685546875 0.2086181640625 0.0189056396484375 0.163681030273438
0.159515380859375 0.106903076171875 0.151077270507813 0.144882202148438
0.200347900390625 0.026947021484375 0.243240356445313 0.0699310302734375
0.187118530273437 0.057098388671875 0.22412109375 0.0472564697265625
0.207962036132813 0.0395355224609375 0.223709106445313 0.06744384765625
0.16015625 0.123504638671875 0.148666381835938 0.0943756103515625
0.0491943359375 0.210052490234375 0.0630340576171875 0.0644721984863281
-0.1309814453125 0.204330444335937 0.0847930908203125 0.0344924926757813
-0.272186279296875 0.011138916015625 0.177444458007812 0.0258941650390625
-0.236724853515625 -0.138519287109375 0.305450439453125 0.170379638671875
-0.140899658203125 -0.259857177734375 0.260589599609375 0.46923828125
-0.232879638671875 -0.3992919921875 0.130615234375 0.113204956054687
-0.305267333984375 -0.22613525390625 0.0910797119140625 0.0385360717773437
-0.400543212890625 0.02447509765625 -0.0476799011230469 0.0163650512695312
-0.222137451171875 0.241119384765625 -0.026519775390625 0.0768890380859375
-0.00122070312499999 0.310394287109375 -0.00927734375000001 0.118316650390625
0.20941162109375 0.187271118164063 0.096923828125 0.106132507324219
0.279296875 0.073333740234375 0.160842895507813 0.0561370849609375
0.263656616210938 0.10638427734375 0.134048461914063 0.0356979370117188
0.295501708984375 0.08154296875 0.138992309570313 0.0472183227539063
0.223709106445312 0.182235717773438 0.08135986328125 0.0449905395507813
0.074951171875 0.304046630859375 0.0214519500732422 0.00975418090820314
-0.170013427734375 0.303375244140625 0.0799331665039062 -0.0145797729492187
-0.399261474609375 0.04681396484375 0.183929443359375 -0.007537841796875
-0.3704833984375 -0.172637939453125 0.270782470703125 0.141647338867188
-0.254608154296875 -0.378082275390625 0.21710205078125 0.37042236328125
-0.293426513671875 -0.4639892578125 0.057037353515625 -0.0137977600097657
-0.379486083984375 -0.26568603515625 0.0204524993896484 -0.00188064575195314
-0.488067626953125 0.030303955078125 -0.0527534484863281 0.0175209045410156
-0.276153564453125 0.291473388671875 -0.0170249938964844 0.0378532409667969
-0.0223388671875 0.37249755859375 -0.0354080200195312 0.0540275573730469
0.23028564453125 0.24078369140625 0.0284042358398438 0.0464096069335938
0.31640625 0.1075439453125 0.0540199279785157 0.0289573669433594
0.300445556640625 0.139312744140625 0.0232906341552735 0.0190525054931641
0.33892822265625 0.110595703125 0.0309906005859375 0.023223876953125
0.254348754882813 0.213043212890625 -0.00400686264038085 -0.00788974761962889
0.092864990234375 0.3544921875 -0.0326652526855469 -0.0470657348632812
-0.18115234375 0.359039306640625 0.0596199035644531 -0.0667991638183593
-0.465362548828125 0.07720947265625 0.167770385742187 -0.0391845703125
-0.44537353515625 -0.177947998046875 0.196334838867188 0.106414794921875
-0.326019287109375 -0.43707275390625 0.14080810546875 0.237274169921875
-0.313507080078125 -0.45391845703125 -0.0313873291015625 -0.162506103515625
-0.401153564453125 -0.256378173828125 -0.067962646484375 -0.0586318969726563
-0.496185302734375 0.04217529296875 -0.0621109008789063 0.0133132934570313
-0.276519775390625 0.29840087890625 -0.0109453201293946 -0.00877952575683592
-0.033172607421875 0.373046875 -0.0587387084960938 -0.0209007263183593
0.217941284179688 0.251632690429688 -0.0465202331542969 -0.0230903625488281
0.30419921875 0.12347412109375 -0.0621681213378906 -0.00399017333984373
0.29052734375 0.15057373046875 -0.0911636352539063 -0.000549316406249987
0.328338623046875 0.1234130859375 -0.0837631225585937 -0.00125885009765625
0.240768432617188 0.21405029296875 -0.0938949584960937 -0.0564041137695313
0.0855712890625 0.347198486328125 -0.0862884521484375 -0.0982131958007813
-0.1732177734375 0.3466796875 0.0307388305664062 -0.111808776855469
-0.45263671875 0.0767822265624999 0.1339111328125 -0.0592498779296875
-0.436981201171875 -0.167938232421875 0.0966796875 0.0721359252929688
-0.33465576171875 -0.432525634765625 0.0421142578125 0.0925140380859375
-0.290008544921875 -0.371337890625 -0.12347412109375 -0.306243896484375
-0.35595703125 -0.1971435546875 -0.158523559570313 -0.118515014648438
-0.4107666015625 0.0490417480468751 -0.0733261108398438 0.00232696533203127
-0.22064208984375 0.249908447265625 -0.0139236450195313 -0.0524711608886719
-0.03253173828125 0.30548095703125 -0.076568603515625 -0.0875320434570313
0.172134399414063 0.216049194335938 -0.114311218261719 -0.0866546630859375
0.24432373046875 0.116287231445313 -0.169082641601563 -0.0370635986328125
0.235748291015625 0.137725830078125 -0.191940307617187 -0.0209808349609375
0.2659912109375 0.12060546875 -0.185928344726562 -0.0273284912109375
0.183059692382813 0.186553955078125 -0.167892456054688 -0.0995941162109375
0.051361083984375 0.285430908203125 -0.121292114257813 -0.139015197753906
-0.153610229492188 0.265457153320312 0.00784301757812498 -0.1409912109375
-0.3642578125 0.0391845703125 0.0970382690429687 -0.0640792846679688
-0.34613037109375 -0.14532470703125 -0.000274658203125023 0.0399169921875
-0.2843017578125 -0.363311767578125 -0.0532913208007813 -0.0440559387207031
-0.218963623046875 -0.229476928710937 -0.2080078125 -0.41815185546875
-0.248992919921875 -0.106185913085938 -0.236724853515625 -0.170364379882812
-0.251129150390625 0.0451812744140625 -0.0872879028320313 -0.00879669189453123
-0.126220703125 0.15673828125 -0.0253524780273438 -0.0782394409179688
-0.0243988037109375 0.183578491210937 -0.0849838256835937 -0.128791809082031
0.0989532470703125 0.143234252929688 -0.161773681640625 -0.129669189453125
0.14776611328125 0.089324951171875 -0.247833251953125 -0.061309814453125
0.145401000976562 0.103759765625 -0.263641357421875 -0.0377044677734375
0.163681030273437 0.101791381835938 -0.261016845703125 -0.0517425537109375
0.0977783203125 0.134384155273438 -0.211318969726563 -0.134078979492187
0.0057525634765625 0.18218994140625 -0.127578735351563 -0.166595458984375
-0.116439819335937 0.144683837890625 -0.000274658203125016 -0.154510498046875
-0.224746704101563 -0.00720214843749995 0.0673408508300781 -0.0579986572265625
-0.203933715820312 -0.103424072265625 -0.0723419189453125 0.00869750976562498
-0.1903076171875 -0.242233276367188 -0.125396728515625 -0.154495239257813
-0.109107971191406 -0.0549850463867188 -0.27203369140625 -0.4815673828125
-0.106033325195313 -0.00251007080078127 -0.295867919921875 -0.20159912109375
-0.0603599548339844 0.0330429077148438 -0.104278564453125 -0.0121078491210937
-0.0177230834960938 0.0423049926757813 -0.0425872802734375 -0.079254150390625
-0.0156364440917969 0.0381507873535156 -0.0817108154296875 -0.138267517089844
0.0102958679199219 0.0503005981445313 -0.182235717773438 -0.143539428710938
0.0278511047363281 0.0498466491699219 -0.286407470703125 -0.0738525390625
0.0325927734375 0.0533180236816406 -0.2965087890625 -0.0498352050781251
0.0382614135742188 0.0659561157226562 -0.2960205078125 -0.072357177734375
0.00386810302734376 0.0627555847167969 -0.220809936523437 -0.15643310546875
-0.0310096740722656 0.0602455139160156 -0.108688354492188 -0.178054809570313
-0.0570182800292969 0.0189170837402344 0.003692626953125 -0.153228759765625
-0.0632095336914063 -0.0355377197265625 0.0471420288085937 -0.0469169616699219
-0.0480690002441406 -0.0383415222167969 -0.110794067382813 -0.0189971923828125
-0.0767974853515625 -0.0834121704101563 -0.163406372070312 -0.22332763671875
-0.0392227172851562 -0.120750427246094 0.226333618164062 0.219009399414062
-0.0856781005859375 -0.0576248168945312 0.156021118164063 0.041961669921875
-0.107109069824219 0.0356826782226563 -0.0489845275878906 0.02069091796875
-0.0385513305664062 0.0867156982421875 -0.0267791748046875 0.133674621582031
0.0491714477539063 0.0826492309570313 0.0626068115234375 0.183883666992188
0.08599853515625 0.00969696044921875 0.1993408203125 0.150131225585938
0.08807373046875 -0.0268478393554688 0.29827880859375 0.0513916015625
0.081298828125 -0.0052337646484375 0.287994384765625 0.0325927734375
0.0872344970703125 -0.0187530517578125 0.284210205078125 0.060638427734375
0.0811920166015625 0.0362930297851563 0.200790405273437 0.121551513671875
0.0326766967773438 0.0862503051757813 0.0970916748046875 0.103935241699219
-0.0581893920898437 0.0942916870117188 0.08203125 0.0661697387695313
-0.108810424804688 -0.00141906738281248 0.156936645507812 0.039947509765625
-0.0826263427734375 -0.065704345703125 0.31585693359375 0.162322998046875
-0.0191497802734375 -0.0969924926757813 0.29693603515625 0.50164794921875
-0.161911010742187 -0.269271850585938 0.19970703125 0.187286376953125
-0.212814331054688 -0.140411376953125 0.141433715820313 0.0468902587890625
-0.265121459960938 0.04534912109375 -0.0458946228027344 0.0203285217285156
-0.127761840820313 0.179443359375 -0.0267105102539063 0.109214782714844
0.0393218994140625 0.206558227539063 0.0304107666015625 0.162063598632813
0.1646728515625 0.0949859619140625 0.160415649414063 0.136672973632813
0.201217651367188 0.0129852294921875 0.250869750976563 0.0536041259765625
0.1917724609375 0.0454559326171875 0.231292724609375 0.0320892333984375
0.20928955078125 0.0240478515625 0.232345581054688 0.051483154296875
0.16790771484375 0.112319946289063 0.156875610351563 0.0866546630859375
0.06231689453125 0.206756591796875 0.0670127868652344 0.0618400573730469
-0.117813110351562 0.215667724609375 0.0887069702148437 0.0279998779296875
-0.2733154296875 0.0287322998046875 0.179214477539062 0.013031005859375
-0.245880126953125 -0.123489379882813 0.31744384765625 0.150390625
-0.160446166992188 -0.25250244140625 0.291534423828125 0.45355224609375
-0.26226806640625 -0.386138916015625 0.142135620117188 0.105636596679687
-0.322296142578125 -0.209197998046875 0.0965728759765625 0.0316543579101562
-0.4019775390625 0.0530700683593749 -0.0452003479003906 0.0248374938964844
-0.208450317382813 0.257583618164063 -0.020172119140625 0.0784454345703125
0.0213623046875 0.311126708984375 -0.000137329101562497 0.119171142578125
0.220962524414063 0.172714233398438 0.103721618652344 0.100456237792969
0.2828369140625 0.053863525390625 0.1669921875 0.044708251953125
0.273284912109375 0.0896759033203125 0.139350891113281 0.0279617309570313
0.301055908203125 0.059844970703125 0.144317626953125 0.037200927734375
0.235061645507813 0.167037963867188 0.0861663818359375 0.0416641235351563
0.095458984375 0.299652099609375 0.0212078094482422 0.0101413726806641
-0.15032958984375 0.318389892578125 0.0808181762695312 -0.0208511352539062
-0.400634765625 0.0729370117187499 0.183486938476563 -0.020751953125
-0.382537841796875 -0.150848388671875 0.28033447265625 0.124954223632812
-0.283416748046875 -0.36566162109375 0.242401123046875 0.357147216796875
-0.327911376953125 -0.44720458984375 0.0596122741699219 -0.0171585083007813
-0.400726318359375 -0.244903564453125 0.0230674743652344 -0.00410461425781251
-0.49090576171875 0.06658935546875 -0.0501785278320313 0.0266990661621094
-0.2584228515625 0.311737060546875 -0.0124702453613281 0.0391273498535156
0.00543212890625003 0.3763427734375 -0.0301628112792969 0.056671142578125
0.246429443359375 0.225234985351563 0.03118896484375 0.0438385009765625
0.322540283203125 0.085174560546875 0.0573997497558594 0.0249252319335938
0.313385009765625 0.11956787109375 0.0259838104248047 0.0186595916748047
0.3475341796875 0.085296630859375 0.0331439971923828 0.0208930969238281
0.2686767578125 0.19671630859375 -0.0040302276611328 -0.00608825683593749
0.1171875 0.349365234375 -0.0365447998046875 -0.0430793762207031
-0.15814208984375 0.3760986328125 0.0568771362304688 -0.0711669921875
-0.466094970703125 0.109375 0.164199829101563 -0.051849365234375
-0.45928955078125 -0.152679443359375 0.202835083007813 0.0947723388671875
-0.359222412109375 -0.4219970703125 0.155426025390625 0.229324340820313
-0.347991943359375 -0.43878173828125 -0.0399627685546875 -0.160903930664063
-0.42254638671875 -0.234344482421875 -0.0702972412109375 -0.0550308227539063
-0.498291015625 0.077972412109375 -0.0586700439453125 0.0222663879394531
-0.25885009765625 0.320220947265625 -0.00988101959228517 -0.00724792480468748
-0.00561523437499999 0.378326416015625 -0.0589942932128906 -0.0163955688476562
0.2353515625 0.237930297851562 -0.0486526489257812 -0.0221443176269531
0.3123779296875 0.1021728515625 -0.0628433227539062 -0.00099182128906249
0.30474853515625 0.13140869140625 -0.0917892456054688 0.00658416748046876
0.3388671875 0.099273681640625 -0.0850372314453125 0.00413513183593751
0.255584716796875 0.198074340820313 -0.09832763671875 -0.0501861572265625
0.109283447265625 0.34295654296875 -0.0931854248046875 -0.0910186767578125
-0.15142822265625 0.36248779296875 0.0246047973632812 -0.114463806152344
-0.45367431640625 0.108154296875 0.128959655761719 -0.0696563720703125
-0.45068359375 -0.14312744140625 0.101699829101562 0.0671310424804687
-0.3692626953125 -0.416107177734375 0.0461196899414062 0.08984375
-0.318603515625 -0.3564453125 -0.142791748046875 -0.29840087890625
-0.373443603515625 -0.17724609375 -0.165679931640625 -0.109649658203125
-0.412750244140625 0.0786437988281249 -0.0705947875976563 0.0109939575195313
-0.205596923828125 0.266952514648438 -0.0153121948242188 -0.0503807067871094
-0.00946044921875003 0.311065673828125 -0.0815582275390625 -0.0816116333007813
0.187393188476562 0.205841064453125 -0.120933532714844 -0.0822219848632813
0.25244140625 0.0985565185546875 -0.17315673828125 -0.0267486572265625
0.248779296875 0.122512817382813 -0.19573974609375 -0.00637817382812499
0.2762451171875 0.102203369140625 -0.19061279296875 -0.014404296875
0.195419311523438 0.1746826171875 -0.176025390625 -0.0881500244140625
0.071502685546875 0.282073974609375 -0.13037109375 -0.129920959472656
-0.136306762695312 0.27960205078125 -0.000457763671875022 -0.14227294921875
-0.367523193359375 0.0648498535156251 0.0921249389648437 -0.072235107421875
-0.357940673828125 -0.12615966796875 0.00181198120117185 0.0410270690917969
-0.311920166015625 -0.35009765625 -0.0586051940917969 -0.0403976440429688
-0.2373046875 -0.2196044921875 -0.235382080078125 -0.40679931640625
-0.259872436523438 -0.0914154052734374 -0.249038696289063 -0.155853271484375
-0.252273559570313 0.0631561279296875 -0.0848007202148438 -0.000946044921875001
-0.116134643554688 0.166839599609375 -0.0288543701171875 -0.0761489868164062
-0.01080322265625 0.188400268554688 -0.0925445556640625 -0.122978210449219
0.109428405761719 0.138160705566406 -0.1715087890625 -0.122329711914062
0.154617309570313 0.0791168212890625 -0.254745483398438 -0.0466156005859375
0.154937744140625 0.0944671630859375 -0.270156860351563 -0.01885986328125
0.17230224609375 0.089996337890625 -0.26824951171875 -0.0330047607421875
0.106918334960938 0.128654479980469 -0.222412109375 -0.121017456054687
0.019317626953125 0.182266235351563 -0.138641357421875 -0.1578369140625
-0.107742309570312 0.155776977539063 -0.010162353515625 -0.154739379882813
-0.229705810546875 0.00886535644531253 0.063140869140625 -0.0633468627929688
-0.212692260742188 -0.093231201171875 -0.0723419189453125 0.014984130859375
-0.209625244140625 -0.233428955078125 -0.13787841796875 -0.14544677734375
-0.115142822265625 -0.0506591796875 -0.30194091796875 -0.465362548828125
-0.107337951660156 0.00423431396484375 -0.31134033203125 -0.182098388671875
-0.059600830078125 0.0369377136230469 -0.102935791015625 -0.00537872314453124
-0.0144538879394531 0.0439453125 -0.046661376953125 -0.0754852294921875
-0.0125465393066406 0.0408859252929688 -0.0901947021484375 -0.132614135742188
0.014923095703125 0.0514297485351563 -0.192825317382813 -0.135604858398438
0.0314102172851563 0.047576904296875 -0.29522705078125 -0.055816650390625
0.0373916625976563 0.0517654418945313 -0.30419921875 -0.028594970703125
0.0450172424316406 0.0638618469238281 -0.305450439453125 -0.051361083984375
0.00830841064453125 0.0631256103515625 -0.233444213867187 -0.14288330078125
-0.0261001586914063 0.0626258850097656 -0.119674682617188 -0.171340942382813
-0.0555915832519531 0.0251121520996094 -0.0065155029296875 -0.153228759765625
-0.0685920715332031 -0.0300788879394531 0.0441322326660156 -0.0506515502929688
-0.0523262023925781 -0.0363807678222656 -0.112648010253906 -0.01031494140625
-0.0852813720703125 -0.08074951171875 -0.180755615234375 -0.212646484375
-0.0438003540039063 -0.11669921875 0.234329223632813 0.206802368164063
-0.087005615234375 -0.0540924072265625 0.157684326171875 0.0341644287109375
-0.103553771972656 0.0400390625 -0.0470466613769531 0.0243072509765625
-0.0351943969726562 0.0880355834960938 -0.021148681640625 0.132362365722656
0.05096435546875 0.07794189453125 0.069183349609375 0.177993774414063
0.0832595825195312 0.004608154296875 0.203506469726563 0.142379760742188
0.0848464965820313 -0.029754638671875 0.299163818359375 0.03759765625
0.079559326171875 -0.0081329345703125 0.28985595703125 0.01806640625
0.083282470703125 -0.02288818359375 0.28704833984375 0.046234130859375
0.081268310546875 0.0313491821289063 0.205184936523438 0.11346435546875
0.0355682373046875 0.0841293334960938 0.099456787109375 0.099578857421875
-0.0529327392578125 0.095977783203125 0.0846176147460937 0.0605010986328125
-0.106941223144531 0.00254821777343751 0.156723022460937 0.0319366455078125
-0.0839614868164063 -0.060760498046875 0.318389892578125 0.1458740234375
-0.0234909057617187 -0.0941390991210938 0.314483642578125 0.4810791015625
-0.172195434570313 -0.258468627929687 0.207061767578125 0.17645263671875
-0.21697998046875 -0.130538940429688 0.144363403320313 0.0397491455078125
-0.259933471679687 0.0577850341796875 -0.0426216125488281 0.0257720947265625
-0.119552612304688 0.183624267578125 -0.0209579467773437 0.107765197753906
0.04827880859375 0.201553344726563 0.036651611328125 0.158416748046875
0.165328979492188 0.0850067138671875 0.163894653320312 0.129791259765625
0.19696044921875 0.003265380859375 0.251983642578125 0.0412445068359375
0.192764282226562 0.03680419921875 0.2330322265625 0.0213775634765625
0.206588745117187 0.0137481689453125 0.234848022460937 0.0393524169921875
0.16961669921875 0.103134155273437 0.16107177734375 0.08056640625
0.07086181640625 0.201751708984375 0.068267822265625 0.0600547790527344
-0.107757568359375 0.219802856445313 0.0897293090820313 0.0228118896484375
-0.270584106445313 0.03961181640625 0.177215576171875 0.003875732421875
-0.248275756835937 -0.112396240234375 0.31964111328125 0.135009765625
-0.17138671875 -0.24359130859375 0.3070068359375 0.434356689453125
-0.27667236328125 -0.370361328125 0.1478271484375 0.0981292724609375
-0.3289794921875 -0.195098876953125 0.0997772216796875 0.0261688232421875
-0.39581298828125 0.0716247558593751 -0.0408554077148438 0.0304336547851563
-0.195816040039063 0.26458740234375 -0.0154190063476563 0.0780258178710938
0.035797119140625 0.306640625 0.005340576171875 0.11761474609375
0.223617553710938 0.15924072265625 0.10589599609375 0.0953750610351563
0.280349731445313 0.039794921875 0.168716430664063 0.035675048828125
0.275894165039063 0.0771484375 0.141311645507813 0.0212860107421875
0.299560546875 0.04351806640625 0.146682739257813 0.0297393798828125
0.239059448242188 0.154281616210938 0.0881805419921875 0.038818359375
0.10736083984375 0.29150390625 0.0214653015136719 0.0111122131347656
-0.13482666015625 0.323883056640625 0.08038330078125 -0.0250167846679687
-0.3963623046875 0.0899658203125 0.179046630859375 -0.029693603515625
-0.385650634765625 -0.134918212890625 0.282196044921875 0.111724853515625
-0.298492431640625 -0.3514404296875 0.25286865234375 0.3424072265625
-0.345916748046875 -0.429229736328125 0.0610198974609375 -0.0192489624023438
-0.409210205078125 -0.2274169921875 0.0247688293457031 -0.00624275207519533
-0.4853515625 0.0901184082031249 -0.0444412231445313 0.0334587097167969
-0.24249267578125 0.320892333984375 -0.00895690917968751 0.0390968322753906
0.02447509765625 0.372955322265625 -0.0265884399414063 0.0578269958496094
0.251907348632813 0.21044921875 0.0317802429199219 0.0412826538085938
0.32135009765625 0.068939208984375 0.0583610534667969 0.0205764770507813
0.31658935546875 0.105255126953125 0.0277099609375 0.0178852081298828
0.347442626953125 0.066436767578125 0.0344429016113281 0.019134521484375
0.273895263671875 0.181900024414063 -0.00399684906005858 -0.00459337234497069
0.13134765625 0.34002685546875 -0.0378494262695312 -0.0388870239257812
-0.140350341796875 0.382232666015625 0.054168701171875 -0.0736160278320312
-0.46075439453125 0.129791259765625 0.157989501953125 -0.058868408203125
-0.461090087890625 -0.13427734375 0.204360961914062 0.0855560302734375
-0.37738037109375 -0.405364990234375 0.161285400390625 0.2203369140625
-0.36712646484375 -0.419952392578125 -0.043609619140625 -0.157333374023438
-0.43157958984375 -0.216217041015625 -0.0699005126953125 -0.0529518127441406
-0.492889404296875 0.102325439453125 -0.0533485412597657 0.0287513732910156
-0.242645263671875 0.329437255859375 -0.0084962844848633 -0.00684642791748045
0.01446533203125 0.376129150390625 -0.0572433471679688 -0.0124893188476562
0.24346923828125 0.2236328125 -0.0500907897949219 -0.0216827392578125
0.311370849609375 0.086212158203125 -0.0625267028808594 2.67028808593794E-05
0.309173583984375 0.116668701171875 -0.0901641845703125 0.0120849609375
0.33941650390625 0.081298828125 -0.0844955444335937 0.008819580078125
0.260986328125 0.1849365234375 -0.100044250488281 -0.0438003540039062
0.123809814453125 0.333404541015625 -0.0957489013671875 -0.0842971801757812
-0.133026123046875 0.368682861328125 0.0204696655273438 -0.113761901855469
-0.4493408203125 0.12835693359375 0.122428894042969 -0.0745010375976562
-0.452911376953125 -0.125091552734375 0.102325439453125 0.0632781982421875
-0.387176513671875 -0.4005126953125 0.0473251342773437 0.0883255004882812
-0.3341064453125 -0.34014892578125 -0.15216064453125 -0.289398193359375
-0.37982177734375 -0.16162109375 -0.1676025390625 -0.101852416992187
-0.40771484375 0.0983276367187501 -0.0658683776855469 0.0163841247558594
-0.192703247070312 0.275421142578125 -0.0158309936523438 -0.0487709045410156
0.00723266601562497 0.309661865234375 -0.0824813842773438 -0.0767059326171875
0.194015502929687 0.195846557617187 -0.124420166015625 -0.0789031982421875
0.253082275390625 0.0859527587890625 -0.173294067382813 -0.0199127197265625
0.253387451171875 0.110595703125 -0.194869995117187 0.0038299560546875
0.278640747070313 0.087188720703125 -0.191055297851563 -0.00340270996093751
0.201309204101563 0.164352416992188 -0.178985595703125 -0.079376220703125
0.084503173828125 0.275588989257813 -0.133811950683594 -0.121559143066406
-0.12286376953125 0.28546142578125 -0.00579833984375001 -0.140853881835937
-0.3648681640625 0.0830383300781251 0.086151123046875 -0.0753936767578125
-0.36053466796875 -0.112091064453125 0.00387954711914061 0.0423812866210937
-0.328338623046875 -0.335906982421875 -0.0611305236816406 -0.0361137390136719
-0.246917724609375 -0.209335327148437 -0.24853515625 -0.391510009765625
-0.26263427734375 -0.08099365234375 -0.25299072265625 -0.14404296875
-0.24951171875 0.0750579833984375 -0.0816421508789063 0.00322723388671874
-0.108139038085938 0.170639038085938 -0.0299911499023438 -0.0733566284179687
-0.000473022460937484 0.188369750976563 -0.0950164794921875 -0.116783142089844
0.115188598632813 0.132423400878906 -0.17608642578125 -0.11669921875
0.155654907226563 0.071258544921875 -0.256393432617188 -0.0355224609375
0.159194946289063 0.086395263671875 -0.269912719726563 -0.00486755371093754
0.175521850585938 0.0803680419921875 -0.268890380859375 -0.0185394287109375
0.111495971679687 0.122825622558594 -0.227142333984375 -0.109268188476562
0.028106689453125 0.179092407226563 -0.142669677734375 -0.148727416992188
-0.09869384765625 0.160659790039062 -0.01678466796875 -0.151596069335938
-0.230621337890625 0.0207977294921875 0.0583419799804687 -0.0651397705078125
-0.215682983398438 -0.0851898193359375 -0.0709762573242188 0.019744873046875
-0.220474243164063 -0.224273681640625 -0.14349365234375 -0.13641357421875
-0.117515563964844 -0.0463943481445313 -0.317901611328125 -0.447479248046875
-0.106277465820313 0.00856018066406251 -0.31646728515625 -0.16796875
-0.0588150024414063 0.0391120910644531 -0.100173950195313 -0.00196075439453124
-0.0124320983886719 0.0440711975097656 -0.0480575561523438 -0.07171630859375
-0.00996780395507812 0.0425186157226563 -0.093719482421875 -0.126640319824219
0.0180206298828125 0.0512657165527344 -0.197952270507813 -0.128219604492188
0.0335426330566406 0.0457725524902344 -0.297698974609375 -0.042877197265625
0.0403785705566406 0.0492362976074219 -0.305511474609375 -0.013427734375
0.0488357543945313 0.0608177185058594 -0.3062744140625 -0.035186767578125
0.011749267578125 0.0625343322753906 -0.239288330078125 -0.131118774414063
-0.0225677490234375 0.0624542236328125 -0.124954223632812 -0.164093017578125
-0.0532150268554688 0.0286064147949219 -0.0141448974609375 -0.150177001953125
-0.071319580078125 -0.0246963500976562 0.0402336120605469 -0.051483154296875
-0.0550537109375 -0.0349197387695312 -0.111351013183594 -0.00354003906250002
-0.0901947021484375 -0.0775070190429687 -0.189056396484375 -0.20098876953125
-0.04510498046875 -0.114578247070312 0.238113403320313 0.201934814453125
-0.0873031616210937 -0.0518951416015625 0.15966796875 0.0306549072265625
-0.101936340332031 0.0414581298828125 -0.0448646545410156 0.027252197265625
-0.0339431762695313 0.0877914428710938 -0.0183486938476563 0.1307373046875
0.0520858764648438 0.075042724609375 0.0707244873046875 0.175155639648438
0.0806427001953125 0.002532958984375 0.205657958984375 0.140396118164063
0.0817642211914063 -0.03118896484375 0.3006591796875 0.03118896484375
0.0794525146484375 -0.0099029541015625 0.29156494140625 0.01123046875
0.08038330078125 -0.0242538452148438 0.288848876953125 0.038421630859375
0.0803298950195313 0.029296875 0.209243774414063 0.109954833984375
0.0367202758789063 0.0824813842773437 0.100112915039063 0.098968505859375
-0.0512313842773438 0.0975723266601563 0.0857467651367188 0.0572662353515625
-0.106178283691406 0.00363922119140626 0.15618896484375 0.0275421142578125
-0.083465576171875 -0.057830810546875 0.318634033203125 0.137603759765625
-0.0250396728515625 -0.0926971435546875 0.318206787109375 0.472015380859375
-0.176010131835938 -0.25244140625 0.2108154296875 0.171615600585937
-0.218673706054688 -0.12652587890625 0.146942138671875 0.0355072021484375
-0.257293701171875 0.0625762939453125 -0.0392417907714844 0.02911376953125
-0.115936279296875 0.185958862304687 -0.0183563232421875 0.107025146484375
0.052215576171875 0.198516845703125 0.03857421875 0.156280517578125
0.163436889648438 0.0802764892578125 0.165756225585938 0.127609252929688
0.194168090820312 -0.000335693359375 0.253616333007813 0.0355072021484375
0.19256591796875 0.03277587890625 0.23565673828125 0.0161895751953125
0.203872680664063 0.0081939697265625 0.236785888671875 0.03350830078125
0.169876098632813 0.0985870361328125 0.164398193359375 0.0784912109375
0.074066162109375 0.19921875 0.0684013366699219 0.0601348876953125
-0.102783203125 0.2225341796875 0.0907821655273438 0.01971435546875
-0.269790649414063 0.0445098876953125 0.175323486328125 -0.000747680664062497
-0.2489013671875 -0.108444213867187 0.319671630859375 0.127166748046875
-0.176376342773438 -0.239990234375 0.310546875 0.427276611328125
-0.283294677734375 -0.362579345703125 0.15087890625 0.09466552734375
-0.332763671875 -0.18939208984375 0.102317810058594 0.0224990844726562
-0.39312744140625 0.0817871093749999 -0.0362968444824219 0.0345687866210938
-0.19000244140625 0.26776123046875 -0.0129547119140625 0.077423095703125
0.04302978515625 0.3033447265625 0.00747680664062501 0.117424011230469
0.224105834960938 0.152420043945313 0.106887817382813 0.0934982299804688
0.278152465820313 0.0330657958984375 0.170059204101563 0.030670166015625
0.277267456054688 0.07147216796875 0.143341064453125 0.01776123046875
0.2972412109375 0.03643798828125 0.148086547851563 0.025604248046875
0.240386962890625 0.149185180664063 0.0899810791015625 0.0380477905273438
0.11279296875 0.288421630859375 0.0212574005126953 0.0125484466552735
-0.1280517578125 0.32733154296875 0.080810546875 -0.026763916015625
-0.395538330078125 0.097900390625 0.17535400390625 -0.03314208984375
-0.386260986328125 -0.12884521484375 0.281829833984375 0.105712890625
-0.30731201171875 -0.346405029296875 0.25555419921875 0.335845947265625
-0.35467529296875 -0.42059326171875 0.0627021789550781 -0.0201454162597656
-0.414459228515625 -0.220672607421875 0.0270938873291015 -0.00830268859863283
-0.482391357421875 0.101531982421875 -0.0391273498535157 0.0375862121582031
-0.23480224609375 0.326171875 -0.00718688964843752 0.0394630432128907
0.03314208984375 0.370880126953125 -0.0241889953613281 0.0584716796875
0.253082275390625 0.203445434570313 0.0314483642578125 0.0402145385742188
0.319122314453125 0.061737060546875 0.0593719482421875 0.0178909301757813
0.320953369140625 0.097900390625 0.0292606353759766 0.0176410675048828
0.345550537109375 0.057373046875 0.0356521606445313 0.0186958312988281
0.275299072265625 0.175216674804688 -0.00318193435668944 -0.00313353538513182
0.13787841796875 0.33502197265625 -0.0380401611328125 -0.0359687805175781
-0.131561279296875 0.38568115234375 0.0539321899414062 -0.0740432739257812
-0.459686279296875 0.140045166015625 0.154388427734375 -0.061431884765625
-0.464263916015625 -0.12603759765625 0.20465087890625 0.0826416015625
-0.38726806640625 -0.39923095703125 0.162078857421875 0.216445922851562
-0.3758544921875 -0.41046142578125 -0.044219970703125 -0.1561279296875
-0.43597412109375 -0.2088623046875 -0.0692481994628907 -0.052734375
-0.4913330078125 0.115203857421875 -0.0475807189941407 0.0323295593261719
-0.23565673828125 0.334136962890625 -0.00715923309326173 -0.00619697570800779
0.0238037109375 0.375823974609375 -0.0561408996582031 -0.010345458984375
0.245925903320313 0.217498779296875 -0.0518722534179687 -0.0214271545410156
0.310516357421875 0.0789794921875 -0.0624008178710937 0.000732421874999994
0.313079833984375 0.11004638671875 -0.0893020629882813 0.0146331787109375
0.33892822265625 0.072296142578125 -0.0837478637695312 0.01190185546875
0.2623291015625 0.178024291992188 -0.100540161132812 -0.0408096313476562
0.13055419921875 0.328826904296875 -0.0965347290039062 -0.0798416137695312
-0.124481201171875 0.372222900390625 0.0196533203125 -0.113853454589844
-0.44915771484375 0.13824462890625 0.118339538574219 -0.076171875
-0.45489501953125 -0.1187744140625 0.103286743164062 0.0626373291015625
-0.39691162109375 -0.392669677734375 0.0469131469726562 0.0877304077148437
-0.34075927734375 -0.333984375 -0.155029296875 -0.2855224609375
-0.384185791015625 -0.155364990234375 -0.1690673828125 -0.0997772216796875
-0.40570068359375 0.10894775390625 -0.0612373352050782 0.0196456909179688
-0.186370849609375 0.278671264648438 -0.0153045654296875 -0.0478858947753906
0.015289306640625 0.310150146484375 -0.08184814453125 -0.0732498168945312
0.196929931640625 0.190444946289063 -0.127044677734375 -0.0778884887695312
0.253692626953125 0.0802001953125 -0.174728393554687 -0.01727294921875
0.25714111328125 0.1055908203125 -0.194168090820313 0.00978088378906248
0.279739379882813 0.079376220703125 -0.190704345703125 0.00167846679687499
0.202774047851562 0.159454345703125 -0.1807861328125 -0.0739898681640625
0.0898895263671875 0.272216796875 -0.135139465332031 -0.117034912109375
-0.115814208984375 0.2890625 -0.00804138183593751 -0.139053344726562
-0.365875244140625 0.0917053222656249 0.082061767578125 -0.0765151977539063
-0.363067626953125 -0.107391357421875 0.0043983459472656 0.04425048828125
-0.337188720703125 -0.331787109375 -0.062835693359375 -0.0337562561035156
-0.251449584960938 -0.204620361328125 -0.25341796875 -0.38543701171875
-0.264892578125 -0.0774383544921875 -0.255340576171875 -0.139358520507813
-0.249008178710937 0.0803680419921874 -0.0786666870117188 0.00466918945312501
-0.104705810546875 0.172592163085938 -0.0300445556640625 -0.0720138549804687
0.00440979003906248 0.18890380859375 -0.0952911376953125 -0.11383056640625
0.117767333984375 0.130393981933594 -0.1793212890625 -0.115264892578125
0.156295776367187 0.0671539306640625 -0.258041381835938 -0.0304718017578125
0.162033081054688 0.0836029052734375 -0.270248413085938 0.00273132324218753
0.177825927734375 0.0756378173828125 -0.269866943359375 -0.010650634765625
0.112998962402344 0.119888305664063 -0.22998046875 -0.104217529296875
0.0316619873046875 0.176834106445312 -0.144363403320313 -0.14520263671875
-0.094146728515625 0.164138793945313 -0.0191802978515625 -0.1500244140625
-0.232070922851563 0.02752685546875 0.0556793212890625 -0.0655632019042969
-0.218368530273437 -0.0821075439453125 -0.0701141357421875 0.0229034423828125
-0.2271728515625 -0.221420288085937 -0.145736694335938 -0.131759643554688
-0.118942260742188 -0.0457763671875 -0.32403564453125 -0.438568115234375
-0.106338500976563 0.00971984863281248 -0.31927490234375 -0.1617431640625
-0.0595893859863281 0.040130615234375 -0.0991973876953125 -0.00160217285156248
-0.0119857788085937 0.0430450439453125 -0.0479316711425781 -0.0700836181640625
-0.00856018066406251 0.0434074401855469 -0.0941848754882813 -0.124046325683594
0.0204200744628906 0.0514984130859375 -0.20098876953125 -0.127243041992187
0.0350608825683594 0.0451431274414063 -0.3006591796875 -0.0363159179687501
0.0420150756835938 0.0486869812011719 -0.3062744140625 -0.00491333007812497
0.0516510009765625 0.0595359802246094 -0.307647705078125 -0.0259704589843751
0.0133628845214844 0.0616798400878906 -0.242446899414063 -0.126129150390625
-0.0199699401855469 0.0625953674316406 -0.126846313476562 -0.160781860351563
-0.0517158508300781 0.03076171875 -0.01629638671875 -0.147720336914063
-0.0733413696289062 -0.0209579467773438 0.0385246276855469 -0.0515403747558594
-0.0570487976074219 -0.0342788696289062 -0.111190795898437 0.000289916992187499
-0.0935592651367187 -0.076812744140625 -0.191421508789062 -0.1949462890625
-0.0466079711914063 -0.115249633789062 0.24468994140625 0.20404052734375
-0.0884780883789063 -0.052154541015625 0.164962768554688 0.028778076171875
-0.102706909179688 0.0434112548828125 -0.0432052612304688 0.02923583984375
-0.0343475341796875 0.0897140502929688 -0.0178146362304688 0.132553100585937
0.0529098510742188 0.075103759765625 0.07183837890625 0.177597045898438
0.0801773071289063 0.00121307373046875 0.2108154296875 0.143310546875
0.0818634033203125 -0.0322189331054688 0.30841064453125 0.028106689453125
0.0803070068359375 -0.010528564453125 0.3001708984375 0.007476806640625
0.0801849365234375 -0.02545166015625 0.29681396484375 0.034698486328125
0.0811004638671875 0.0287246704101563 0.216445922851563 0.111007690429688
0.0378570556640625 0.0834884643554688 0.102058410644531 0.101150512695313
-0.0506820678710938 0.0998764038085937 0.08782958984375 0.0565643310546875
-0.108413696289062 0.003570556640625 0.159133911132813 0.025146484375
-0.0847625732421875 -0.05767822265625 0.323883056640625 0.137420654296875
-0.0269622802734375 -0.093475341796875 0.3243408203125 0.477142333984375
-0.180679321289063 -0.254959106445313 0.217391967773437 0.173324584960937
-0.223739624023438 -0.127899169921875 0.152328491210938 0.033203125
-0.26116943359375 0.066986083984375 -0.0363807678222656 0.0318832397460938
-0.1163330078125 0.189712524414063 -0.01812744140625 0.1083984375
0.0550994873046875 0.200469970703125 0.039520263671875 0.159072875976563
0.164398193359375 0.0793609619140625 0.170089721679688 0.130630493164063
0.196029663085938 -0.0017547607421875 0.260498046875 0.0328216552734375
0.19775390625 0.0323944091796875 0.242813110351563 0.0129241943359375
0.205581665039063 0.00640869140625 0.243621826171875 0.030548095703125
0.1729736328125 0.098846435546875 0.170089721679688 0.0794830322265625
0.076751708984375 0.2022705078125 0.0696868896484375 0.0625190734863281
-0.102401733398437 0.228546142578125 0.0933380126953125 0.0186004638671875
-0.275711059570313 0.0474090576171875 0.177841186523437 -0.002716064453125
-0.253433227539063 -0.109207153320313 0.3243408203125 0.126495361328125
-0.183181762695312 -0.243362426757813 0.316253662109375 0.43194580078125
-0.2911376953125 -0.365814208984375 0.155975341796875 0.09521484375
-0.341094970703125 -0.191253662109375 0.10626220703125 0.0203399658203125
-0.39923095703125 0.0872192382812499 -0.0318031311035157 0.0375900268554688
-0.190383911132813 0.274429321289062 -0.0119705200195313 0.0783538818359375
0.0477294921875 0.30780029296875 0.00872802734375 0.11968994140625
0.226409912109375 0.152267456054688 0.108894348144531 0.0955581665039063
0.280975341796875 0.03125 0.174591064453125 0.0280303955078125
0.28564453125 0.07037353515625 0.14837646484375 0.016754150390625
0.301513671875 0.034027099609375 0.1531982421875 0.02447509765625
0.2445068359375 0.149093627929688 0.094512939453125 0.0386810302734375
0.116790771484375 0.2921142578125 0.0216827392578125 0.0149669647216797
-0.12664794921875 0.336822509765625 0.0835342407226562 -0.02899169921875
-0.404754638671875 0.104644775390625 0.177215576171875 -0.0351715087890625
-0.39453125 -0.130035400390625 0.286163330078125 0.1064453125
-0.3175048828125 -0.3509521484375 0.259429931640625 0.340240478515625
-0.364349365234375 -0.423858642578125 0.065521240234375 -0.0213470458984375
-0.42529296875 -0.222686767578125 0.0292263031005859 -0.0109939575195313
-0.49114990234375 0.1102294921875 -0.0345535278320313 0.0405235290527344
-0.236297607421875 0.33447265625 -0.00578308105468751 0.0402069091796875
0.038421630859375 0.3768310546875 -0.0234107971191406 0.0606231689453125
0.257476806640625 0.203994750976563 0.03143310546875 0.0410842895507813
0.323883056640625 0.0595703125 0.0614776611328125 0.0165290832519531
0.33013916015625 0.097076416015625 0.0314407348632813 0.0181007385253906
0.3516845703125 0.054168701171875 0.0378341674804688 0.01904296875
0.280807495117188 0.175445556640625 -0.0021848678588867 -0.0026562213897705
0.14300537109375 0.339447021484375 -0.0387115478515625 -0.0341796875
-0.130126953125 0.39666748046875 0.0559921264648437 -0.0766143798828125
-0.4708251953125 0.148101806640625 0.154144287109375 -0.06268310546875
-0.473907470703125 -0.1280517578125 0.20819091796875 0.0832672119140625
-0.40087890625 -0.404998779296875 0.164459228515625 0.22052001953125
-0.38616943359375 -0.416259765625 -0.0442962646484375 -0.158340454101563
-0.448944091796875 -0.21051025390625 -0.07061767578125 -0.0551681518554688
-0.500457763671875 0.124969482421875 -0.0442695617675782 0.0347366333007813
-0.23785400390625 0.343353271484375 -0.00566530227661134 -0.00574493408203123
0.0296630859375 0.38311767578125 -0.0557289123535156 -0.00956344604492185
0.25054931640625 0.218902587890625 -0.0545387268066406 -0.0224037170410156
0.316253662109375 0.0770263671875 -0.0636863708496094 0.000175476074218742
0.32305908203125 0.109466552734375 -0.090423583984375 0.0173263549804687
0.345062255859375 0.069488525390625 -0.0845108032226562 0.0135345458984375
0.268402099609375 0.178237915039063 -0.102256774902344 -0.039947509765625
0.136627197265625 0.333404541015625 -0.098297119140625 -0.0789031982421875
-0.12371826171875 0.3826904296875 0.0205535888671875 -0.116165161132812
-0.459930419921875 0.1473388671875 0.118171691894531 -0.0777053833007812
-0.465789794921875 -0.1197509765625 0.105628967285156 0.06439208984375
-0.411376953125 -0.398162841796875 0.046844482421875 0.0902099609375
-0.34967041015625 -0.33843994140625 -0.158477783203125 -0.290252685546875
-0.394683837890625 -0.15740966796875 -0.173080444335938 -0.101409912109375
-0.415069580078125 0.1163330078125 -0.0587615966796875 0.0209121704101563
-0.188262939453125 0.286529541015625 -0.0145339965820313 -0.0482521057128906
0.019439697265625 0.31646728515625 -0.0820846557617188 -0.0739974975585937
0.202301025390625 0.19244384765625 -0.131538391113281 -0.0799484252929687
0.25811767578125 0.078857421875 -0.17950439453125 -0.01641845703125
0.265548706054688 0.105072021484375 -0.198532104492187 0.013031005859375
0.28564453125 0.076904296875 -0.1944580078125 0.00636291503906249
0.207595825195312 0.159408569335937 -0.185562133789063 -0.0735778808593749
0.0944366455078125 0.276031494140625 -0.137687683105469 -0.116844177246094
-0.11468505859375 0.297271728515625 -0.00775146484375001 -0.14105224609375
-0.375 0.0989990234374999 0.0814590454101562 -0.0766754150390625
-0.372161865234375 -0.108428955078125 0.00584411621093748 0.046356201171875
-0.349639892578125 -0.33599853515625 -0.0644874572753907 -0.0321769714355469
-0.257904052734375 -0.208343505859375 -0.259246826171875 -0.38995361328125
-0.272186279296875 -0.07891845703125 -0.2618408203125 -0.140670776367187
-0.254196166992188 0.0850830078125 -0.0779647827148438 0.00468444824218751
-0.105865478515625 0.176544189453125 -0.0306625366210938 -0.0726470947265625
0.00724792480468749 0.194015502929688 -0.0955886840820313 -0.115013122558594
0.121902465820313 0.132682800292969 -0.1854248046875 -0.118240356445313
0.160064697265625 0.0676422119140625 -0.265533447265625 -0.0282440185546875
0.168701171875 0.084136962890625 -0.277542114257813 0.00779724121093752
0.182235717773438 0.07476806640625 -0.275436401367187 -0.00656127929687498
0.116691589355469 0.120803833007813 -0.235870361328125 -0.103469848632812
0.0341033935546875 0.179611206054688 -0.147537231445312 -0.145980834960938
-0.0933837890625 0.169143676757813 -0.0200042724609375 -0.1513671875
-0.23797607421875 0.032470703125 0.0538825988769531 -0.0661087036132813
-0.22406005859375 -0.08404541015625 -0.0700874328613281 0.0259170532226563
-0.236541748046875 -0.225830078125 -0.14935302734375 -0.1319580078125
-0.121818542480469 -0.04754638671875 -0.33148193359375 -0.444183349609375
-0.108268737792969 0.00907135009765626 -0.327239990234375 -0.162109375
-0.061309814453125 0.0413894653320312 -0.100479125976563 -0.00245666503906248
-0.012603759765625 0.0440940856933594 -0.048492431640625 -0.0707855224609375
-0.00780868530273437 0.0458297729492188 -0.0940399169921875 -0.12591552734375
0.0223541259765625 0.0537223815917969 -0.207168579101563 -0.131118774414062
0.0366630554199219 0.0459442138671875 -0.309844970703125 -0.032989501953125
0.0447654724121094 0.04962158203125 -0.314971923828125 0.000152587890625018
0.0543670654296875 0.0595130920410156 -0.31488037109375 -0.02099609375
0.0144500732421875 0.0635337829589844 -0.249374389648437 -0.124908447265625
-0.0191879272460937 0.0634918212890625 -0.129486083984375 -0.162841796875
-0.0518112182617187 0.0327644348144531 -0.0179901123046875 -0.149276733398438
-0.076202392578125 -0.01873779296875 0.0383377075195312 -0.0518989562988281
-0.060272216796875 -0.035308837890625 -0.112373352050781 0.00284576416015627
-0.0977096557617187 -0.0783004760742188 -0.194778442382812 -0.196380615234375
-0.0495834350585937 -0.118232727050781 0.259552001953125 0.20916748046875
-0.09234619140625 -0.052032470703125 0.174942016601562 0.0252227783203125
-0.105491638183594 0.0468597412109375 -0.0419769287109375 0.0316963195800781
-0.0342330932617188 0.094635009765625 -0.01641845703125 0.137619018554688
0.0559310913085938 0.0756301879882813 0.0763092041015625 0.185134887695313
0.0815582275390625 -0.000579833984375 0.223968505859375 0.147750854492188
0.0831375122070313 -0.0342864990234375 0.324554443359375 0.021759033203125
0.0833892822265625 -0.0123519897460938 0.315460205078125 -0.000518798828125001
0.081207275390625 -0.0277557373046875 0.313140869140625 0.029327392578125
0.0847015380859375 0.0274887084960937 0.230850219726563 0.112380981445312
0.0408706665039063 0.0864791870117188 0.107658386230469 0.105758666992188
-0.0505828857421875 0.105476379394531 0.0923080444335938 0.055938720703125
-0.113174438476563 0.00499725341796877 0.165969848632812 0.0211181640625
-0.0886917114257812 -0.0575180053710938 0.339019775390625 0.135955810546875
-0.0302047729492187 -0.0960311889648438 0.34356689453125 0.492279052734375
-0.192535400390625 -0.262115478515625 0.230636596679687 0.176605224609375
-0.235519409179688 -0.129318237304688 0.161148071289063 0.0296783447265625
-0.270065307617188 0.0760498046875 -0.033010482788086 0.0349502563476563
-0.11798095703125 0.199996948242188 -0.0160140991210938 0.112548828125
0.061614990234375 0.206924438476563 0.043212890625 0.165557861328125
0.170669555664063 0.0794830322265625 0.180419921875 0.13494873046875
0.202224731445313 -0.00518798828125 0.2744140625 0.0266571044921875
0.20794677734375 0.0299072265625 0.256195068359375 0.0070037841796875
0.213623046875 0.0032806396484375 0.25775146484375 0.026092529296875
0.181060791015625 0.099273681640625 0.181045532226563 0.08056640625
0.0833740234375 0.209609985351562 0.07354736328125 0.0667037963867188
-0.102081298828125 0.242034912109375 0.098602294921875 0.0160980224609375
-0.28900146484375 0.0543823242187499 0.183853149414062 -0.006988525390625
-0.266098022460937 -0.109970092773438 0.33941650390625 0.1268310546875
-0.196792602539063 -0.250869750976563 0.33197021484375 0.44476318359375
-0.30889892578125 -0.375091552734375 0.16558837890625 0.0962066650390625
-0.360076904296875 -0.194183349609375 0.11334228515625 0.0168914794921875
-0.4136962890625 0.100341796875 -0.0282135009765625 0.0410270690917969
-0.193023681640625 0.290130615234375 -0.0101699829101563 0.0815582275390625
0.056549072265625 0.318939208984375 0.0109024047851563 0.125175476074219
0.236495971679688 0.154190063476563 0.116035461425781 0.0990066528320313
0.292236328125 0.02716064453125 0.183639526367188 0.0239410400390625
0.30169677734375 0.067535400390625 0.157241821289063 0.01318359375
0.314056396484375 0.029052734375 0.162933349609375 0.0222015380859375
0.256683349609375 0.15057373046875 0.10107421875 0.039337158203125
0.12701416015625 0.3028564453125 0.0230941772460938 0.0179615020751953
-0.126190185546875 0.355682373046875 0.0880661010742187 -0.0327987670898437
-0.42279052734375 0.11822509765625 0.1826171875 -0.0391693115234375
-0.41461181640625 -0.130035400390625 0.29962158203125 0.105926513671875
-0.34088134765625 -0.36126708984375 0.27374267578125 0.3516845703125
-0.38714599609375 -0.437286376953125 0.069427490234375 -0.0234832763671875
-0.450286865234375 -0.22509765625 0.0320091247558593 -0.0134048461914063
-0.5096435546875 0.126708984375 -0.0304489135742188 0.0437240600585938
-0.24017333984375 0.35400390625 -0.00413513183593751 0.0417861938476563
0.0491943359375 0.39288330078125 -0.022491455078125 0.0640182495117188
0.271072387695313 0.207443237304687 0.0332221984863281 0.0430030822753906
0.337982177734375 0.055999755859375 0.0646553039550781 0.0137939453125
0.350341796875 0.0947265625 0.035125732421875 0.0177745819091797
0.367156982421875 0.0498046875 0.0420303344726563 0.0199012756347656
0.2952880859375 0.17742919921875 -0.00112247467041014 -0.00182747840881347
0.155731201171875 0.351409912109375 -0.0403594970703125 -0.032470703125
-0.127960205078125 0.417755126953125 0.0594635009765625 -0.082550048828125
-0.49151611328125 0.16607666015625 0.158493041992187 -0.067626953125
-0.49798583984375 -0.12701416015625 0.218063354492187 0.0847015380859375
-0.429718017578125 -0.41558837890625 0.173171997070312 0.22857666015625
-0.41058349609375 -0.428253173828125 -0.047271728515625 -0.164031982421875
-0.475372314453125 -0.214599609375 -0.0735855102539063 -0.0572357177734375
-0.5205078125 0.141845703125 -0.0415725708007813 0.037628173828125
-0.240997314453125 0.36346435546875 -0.00510215759277345 -0.00553417205810545
0.040191650390625 0.400177001953125 -0.0565834045410156 -0.00847625732421872
0.263748168945313 0.22393798828125 -0.0580177307128906 -0.0230255126953125
0.330535888671875 0.074981689453125 -0.0671310424804687 0.000205993652343769
0.342864990234375 0.10791015625 -0.0931167602539062 0.0206680297851562
0.361907958984375 0.06512451171875 -0.08660888671875 0.0176544189453125
0.282562255859375 0.1815185546875 -0.10711669921875 -0.038482666015625
0.148406982421875 0.34576416015625 -0.102561950683594 -0.0781631469726562
-0.1209716796875 0.403350830078125 0.0212936401367188 -0.122215270996094
-0.479248046875 0.166259765625 0.120529174804687 -0.0810012817382813
-0.48968505859375 -0.1190185546875 0.111808776855469 0.0668792724609375
-0.4407958984375 -0.410675048828125 0.0499267578125 0.0950393676757812
-0.372894287109375 -0.348876953125 -0.16876220703125 -0.2991943359375
-0.417572021484375 -0.159027099609375 -0.182708740234375 -0.103668212890625
-0.432525634765625 0.13104248046875 -0.0587043762207032 0.0224761962890625
-0.19158935546875 0.303192138671875 -0.0152397155761719 -0.0492401123046875
0.02838134765625 0.33184814453125 -0.0846023559570313 -0.0757980346679687
0.21435546875 0.197998046875 -0.140731811523438 -0.08184814453125
0.2703857421875 0.07794189453125 -0.189056396484375 -0.0135498046875
0.282806396484375 0.1048583984375 -0.206634521484375 0.0193634033203125
0.300567626953125 0.0751953125 -0.202392578125 0.0123748779296875
0.218978881835937 0.16302490234375 -0.195541381835938 -0.0729217529296875
0.103302001953125 0.285736083984375 -0.144256591796875 -0.118194580078125
-0.112762451171875 0.31402587890625 -0.0091094970703125 -0.1474609375
-0.3914794921875 0.11419677734375 0.0822067260742187 -0.0797958374023437
-0.391845703125 -0.10833740234375 0.00749206542968748 0.0505409240722656
-0.375732421875 -0.345947265625 -0.0679359436035156 -0.0308036804199219
-0.273223876953125 -0.215118408203125 -0.2755126953125 -0.402099609375
-0.286773681640625 -0.078826904296875 -0.27667236328125 -0.143020629882812
-0.266433715820313 0.094635009765625 -0.0802001953125 0.006256103515625
-0.108200073242188 0.186569213867188 -0.0321807861328125 -0.0748519897460937
0.0128173828125 0.20428466796875 -0.099090576171875 -0.119041442871094
0.130378723144531 0.137298583984375 -0.198028564453125 -0.121902465820313
0.168685913085938 0.067413330078125 -0.2799072265625 -0.0238037109375
0.180068969726562 0.08447265625 -0.29071044921875 0.0154724121093751
0.193115234375 0.0741729736328125 -0.287567138671875 0.00155639648437497
0.123420715332031 0.123588562011719 -0.24932861328125 -0.102203369140625
0.039764404296875 0.18658447265625 -0.154800415039063 -0.148895263671875
-0.0930938720703125 0.178741455078125 -0.0226287841796875 -0.157073974609375
-0.249832153320313 0.0411529541015625 0.0547714233398437 -0.0680046081542969
-0.237258911132813 -0.0844573974609374 -0.0714263916015625 0.0307083129882813
-0.25396728515625 -0.231002807617187 -0.156448364257813 -0.1343994140625
-0.128219604492187 -0.0494766235351563 -0.35308837890625 -0.45684814453125
-0.113243103027344 0.010406494140625 -0.34515380859375 -0.162933349609375
-0.0654830932617188 0.0435981750488281 -0.105316162109375 -0.00211334228515626
-0.0134239196777344 0.0461349487304688 -0.0514144897460938 -0.0726394653320313
-0.00693511962890625 0.0499229431152344 -0.0989151000976562 -0.13134765625
0.0257530212402344 0.0571403503417969 -0.220748901367188 -0.13616943359375
0.040191650390625 0.0472335815429688 -0.3265380859375 -0.0270690917968749
0.0490837097167969 0.0507736206054688 -0.330322265625 0.00921630859375004
0.0594253540039063 0.0611991882324219 -0.329437255859375 -0.0126953125000001
0.0164070129394531 0.0663414001464844 -0.26434326171875 -0.125152587890625
-0.0185165405273437 0.067169189453125 -0.136611938476563 -0.167953491210938
-0.0526962280273438 0.0356025695800781 -0.02099609375 -0.154327392578125
-0.0811386108398438 -0.0155029296875 0.0381355285644531 -0.0532798767089844
-0.0653800964355469 -0.0364189147949219 -0.116310119628906 0.00696563720703124
-0.105422973632812 -0.080230712890625 -0.204452514648437 -0.200775146484375
-0.056976318359375 -0.121162414550781 0.281402587890625 0.208282470703125
-0.0983428955078125 -0.0500335693359375 0.186065673828125 0.0171051025390625
-0.106224060058594 0.0537872314453125 -0.0395584106445313 0.0350494384765625
-0.0309677124023438 0.0999221801757813 -0.0105133056640625 0.143844604492188
0.0609588623046875 0.0756759643554687 0.0872039794921875 0.192062377929688
0.08355712890625 -0.004486083984375 0.243118286132812 0.14788818359375
0.08447265625 -0.0388717651367188 0.342864990234375 0.006439208984375
0.08709716796875 -0.01605224609375 0.33416748046875 -0.017578125
0.0823135375976563 -0.0322036743164063 0.333648681640625 0.013824462890625
0.089202880859375 0.0244522094726563 0.250015258789063 0.108184814453125
0.0470428466796875 0.08880615234375 0.117019653320313 0.108062744140625
-0.0474166870117187 0.114089965820313 0.0990829467773438 0.0528335571289063
-0.119529724121094 0.00991058349609374 0.1737060546875 0.013671875
-0.0941009521484375 -0.055633544921875 0.358795166015625 0.128204345703125
-0.036376953125 -0.0985946655273438 0.377593994140625 0.502105712890625
-0.212265014648438 -0.266281127929688 0.250152587890625 0.17578125
-0.252548217773438 -0.124984741210937 0.172195434570312 0.021575927734375
-0.278945922851563 0.0920257568359376 -0.02911376953125 0.0382003784179688
-0.114089965820312 0.214553833007813 -0.0110702514648438 0.117828369140625
0.07391357421875 0.213577270507813 0.05206298828125 0.17315673828125
0.180328369140625 0.0753936767578125 0.1964111328125 0.136123657226563
0.210678100585938 -0.01385498046875 0.290802001953125 0.013519287109375
0.22137451171875 0.021820068359375 0.27288818359375 -0.006927490234375
0.222824096679688 -0.005767822265625 0.275390625 0.0134429931640625
0.19342041015625 0.0957794189453125 0.196945190429688 0.0767059326171875
0.0968475341796875 0.216888427734375 0.0801620483398438 0.0693130493164063
-0.0957794189453125 0.259994506835938 0.104766845703125 0.0106430053710938
-0.303314208984375 0.071441650390625 0.191513061523437 -0.0157318115234375
-0.283660888671875 -0.104736328125 0.36004638671875 0.117919921875
-0.2197265625 -0.254302978515625 0.365447998046875 0.454132080078125
-0.340362548828125 -0.380950927734375 0.179046630859375 0.0936737060546875
-0.38739013671875 -0.18743896484375 0.12115478515625 0.0100173950195312
-0.428863525390625 0.124908447265625 -0.0229911804199219 0.0442352294921875
-0.189361572265625 0.31298828125 -0.00572967529296877 0.0852890014648438
0.074554443359375 0.331756591796875 0.0172653198242188 0.132034301757813
0.25274658203125 0.151016235351563 0.126426696777344 0.100349426269531
0.306671142578125 0.016204833984375 0.194717407226563 0.014892578125
0.32275390625 0.056976318359375 0.168792724609375 0.005767822265625
0.331024169921875 0.016265869140625 0.175521850585938 0.014312744140625
0.27545166015625 0.146072387695313 0.110061645507813 0.0371780395507813
0.146453857421875 0.3131103515625 0.0257816314697266 0.0202426910400391
-0.115447998046875 0.380523681640625 0.092620849609375 -0.040374755859375
-0.441864013671875 0.144866943359375 0.188949584960937 -0.0486297607421875
-0.44085693359375 -0.1209716796875 0.317474365234375 0.098480224609375
-0.376007080078125 -0.366180419921875 0.2991943359375 0.3590087890625
-0.4248046875 -0.44073486328125 0.0739059448242187 -0.027557373046875
-0.483184814453125 -0.217010498046875 0.0338554382324218 -0.0177326202392578
-0.529754638671875 0.1580810546875 -0.0255813598632813 0.047271728515625
-0.236297607421875 0.38250732421875 -0.000690460205078139 0.0442047119140625
0.07080078125 0.409637451171875 -0.019744873046875 0.0692863464355469
0.2918701171875 0.206024169921875 0.0367050170898438 0.0445823669433594
0.35601806640625 0.043609619140625 0.0685577392578125 0.0097808837890625
0.376068115234375 0.08258056640625 0.03985595703125 0.017120361328125
0.3880615234375 0.035614013671875 0.0477066040039063 0.018402099609375
0.317108154296875 0.173187255859375 0.000263571739196797 -0.0015268325805664
0.1790771484375 0.362213134765625 -0.0425338745117187 -0.0302696228027344
-0.1151123046875 0.4464111328125 0.0607223510742187 -0.0905914306640625
-0.51043701171875 0.199676513671875 0.162445068359375 -0.0761260986328125
-0.528564453125 -0.11376953125 0.23223876953125 0.08056640625
-0.471893310546875 -0.417816162109375 0.19012451171875 0.234725952148437
-0.44866943359375 -0.43353271484375 -0.0549468994140625 -0.170242309570313
-0.509521484375 -0.204498291015625 -0.0799636840820313 -0.0585784912109375
-0.54144287109375 0.17474365234375 -0.0374488830566407 0.0416259765625
-0.237060546875 0.392974853515625 -0.00360250473022462 -0.00485324859619138
0.06280517578125 0.4190673828125 -0.0579185485839844 -0.00598907470703123
0.286956787109375 0.2232666015625 -0.0636024475097656 -0.0213661193847656
0.349273681640625 0.06390380859375 -0.0714950561523437 0.001861572265625
0.370269775390625 0.09716796875 -0.0956344604492187 0.027008056640625
0.38458251953125 0.051727294921875 -0.0880203247070312 0.0237655639648438
0.303741455078125 0.178253173828125 -0.11376953125 -0.0350723266601562
0.171112060546875 0.35601806640625 -0.109657287597656 -0.07598876953125
-0.1080322265625 0.430908203125 0.0193710327148438 -0.130622863769531
-0.49993896484375 0.200103759765625 0.121749877929687 -0.0882644653320312
-0.52105712890625 -0.1044921875 0.120124816894531 0.067169189453125
-0.483306884765625 -0.4136962890625 0.0566024780273437 0.099334716796875
-0.405792236328125 -0.352813720703125 -0.188385009765625 -0.30657958984375
-0.448394775390625 -0.1492919921875 -0.1973876953125 -0.101852416992188
-0.4512939453125 0.159393310546875 -0.0575408935546875 0.0265350341796875
-0.188720703125 0.32769775390625 -0.0166130065917969 -0.0500068664550781
0.04742431640625 0.349273681640625 -0.090423583984375 -0.0764770507812499
0.2347412109375 0.198745727539062 -0.15338134765625 -0.0808563232421875
0.28753662109375 0.069671630859375 -0.200759887695313 -0.00590515136718747
0.30755615234375 0.095947265625 -0.216766357421875 0.0323638916015625
0.320526123046875 0.06451416015625 -0.2109375 0.024139404296875
0.237030029296875 0.161483764648437 -0.20855712890625 -0.066497802734375
0.121490478515625 0.294708251953125 -0.155349731445313 -0.11676025390625
-0.103912353515625 0.336151123046875 -0.0142669677734375 -0.15484619140625
-0.408447265625 0.140777587890625 0.0823211669921875 -0.0852127075195312
-0.418548583984375 -0.098114013671875 0.0109481811523437 0.0546073913574219
-0.41259765625 -0.347991943359375 -0.0717086791992188 -0.0281906127929688
-0.296783447265625 -0.21533203125 -0.30438232421875 -0.4097900390625
-0.30670166015625 -0.071533203125 -0.297515869140625 -0.13739013671875
-0.278091430664063 0.112869262695313 -0.0832138061523438 0.00986480712890627
-0.106216430664063 0.201339721679687 -0.0359954833984375 -0.0760116577148437
0.0245208740234375 0.215896606445313 -0.10797119140625 -0.12164306640625
0.144027709960938 0.13916015625 -0.215789794921875 -0.121673583984375
0.180007934570313 0.0637664794921875 -0.2974853515625 -0.010955810546875
0.196517944335937 0.0800933837890625 -0.30517578125 0.0328369140625
0.20849609375 0.0689849853515625 -0.30157470703125 0.0179443359375
0.13555908203125 0.12579345703125 -0.26788330078125 -0.0952758789062499
0.050262451171875 0.194168090820312 -0.1678466796875 -0.149795532226562
-0.0899658203125 0.193222045898438 -0.029449462890625 -0.163497924804688
-0.261749267578125 0.057952880859375 0.053924560546875 -0.0714874267578125
-0.25439453125 -0.0788421630859375 -0.07196044921875 0.0373382568359375
-0.278701782226563 -0.2327880859375 -0.16827392578125 -0.13336181640625
-0.136878967285156 -0.0483474731445312 -0.385894775390625 -0.464874267578125
-0.118820190429688 0.0141525268554687 -0.370758056640625 -0.154937744140625
-0.0693740844726563 0.0489387512207031 -0.111968994140625 0.00222015380859377
-0.0135726928710937 0.0489921569824219 -0.0566864013671875 -0.072540283203125
-0.00408554077148438 0.054412841796875 -0.107658386230469 -0.135124206542969
0.0312347412109375 0.0591354370117187 -0.24072265625 -0.134963989257812
0.04443359375 0.0480079650878906 -0.34625244140625 -0.0115356445312501
0.0555000305175781 0.0513343811035156 -0.3486328125 0.0287170410156251
0.0672950744628906 0.0613975524902344 -0.348236083984375 0.00479125976562504
0.0212440490722656 0.0693321228027344 -0.285003662109375 -0.11846923828125
-0.01593017578125 0.071014404296875 -0.150283813476563 -0.170806884765625
-0.052886962890625 0.0401115417480469 -0.02862548828125 -0.159988403320313
-0.0868606567382813 -0.0111312866210938 0.0377578735351562 -0.0562973022460937
-0.071868896484375 -0.0352935791015625 -0.119918823242188 0.0143356323242187
-0.115150451660156 -0.0810317993164063 -0.221923828125 -0.202911376953125
-0.066558837890625 -0.119773864746094 0.304718017578125 0.197998046875
-0.103492736816406 -0.0447769165039063 0.194854736328125 0.0020294189453125
-0.104362487792969 0.0616836547851562 -0.03607177734375 0.0373497009277344
-0.025115966796875 0.104385375976563 -0.00192260742187499 0.147445678710937
0.0676422119140625 0.0729522705078125 0.10198974609375 0.194381713867187
0.0842361450195313 -0.0101547241210938 0.26397705078125 0.137863159179688
0.0842819213867187 -0.0449905395507812 0.357086181640625 -0.01873779296875
0.0887908935546875 -0.02252197265625 0.346954345703125 -0.044158935546875
0.08135986328125 -0.0382766723632813 0.348541259765625 -0.011810302734375
0.0934219360351563 0.0186233520507813 0.268722534179688 0.0949554443359375
0.0546875 0.0882568359375 0.12823486328125 0.106666564941406
-0.0402374267578125 0.121231079101563 0.105850219726563 0.0468978881835938
-0.123062133789063 0.0180511474609375 0.17913818359375 0.000579833984375001
-0.099822998046875 -0.0507125854492188 0.377349853515625 0.108551025390625
-0.0445556640625 -0.098602294921875 0.419586181640625 0.495452880859375
-0.23675537109375 -0.260086059570313 0.270553588867188 0.165756225585938
-0.268234252929688 -0.1123046875 0.180282592773437 0.00813293457031249
-0.280288696289063 0.113876342773438 -0.0236892700195313 0.0399589538574219
-0.103103637695312 0.228744506835938 -0.00330352783203127 0.121292114257813
0.0907440185546875 0.213836669921875 0.06494140625 0.17724609375
0.1893310546875 0.0655059814453125 0.214218139648438 0.129592895507813
0.216217041015625 -0.027496337890625 0.302642822265625 -0.0074462890625
0.232559204101563 0.0073089599609375 0.284027099609375 -0.028350830078125
0.229110717773438 -0.0208282470703125 0.2894287109375 -0.00732421875
0.205718994140625 0.085418701171875 0.21142578125 0.066131591796875
0.114593505859375 0.21832275390625 0.08831787109375 0.0690383911132813
-0.0812225341796875 0.276901245117187 0.109458923339844 0.00213623046875002
-0.30987548828125 0.0946960449218749 0.195419311523438 -0.0297088623046875
-0.299835205078125 -0.0900268554687501 0.37786865234375 0.098663330078125
-0.245132446289062 -0.24774169921875 0.403778076171875 0.446319580078125
-0.376800537109375 -0.3712158203125 0.192352294921875 0.0848846435546875
-0.4130859375 -0.16839599609375 0.126663208007812 -0.00011444091796876
-0.433563232421875 0.159393310546875 -0.0158424377441407 0.0463409423828125
-0.17498779296875 0.335693359375 0.000968933105468731 0.087921142578125
0.10003662109375 0.3370361328125 0.0270614624023438 0.136688232421875
0.269805908203125 0.1390380859375 0.139167785644531 0.0968170166015625
0.3167724609375 -0.00299072265625 0.202957153320313 -0.0004119873046875
0.341156005859375 0.036285400390625 0.177871704101563 -0.007965087890625
0.343231201171875 -0.005401611328125 0.186264038085938 0.00128173828125
0.294189453125 0.13262939453125 0.118156433105469 0.0313262939453125
0.17254638671875 0.314544677734375 0.0292892456054688 0.0218238830566406
-0.093475341796875 0.404449462890625 0.0942153930664062 -0.0507278442382812
-0.448822021484375 0.18206787109375 0.190872192382812 -0.06256103515625
-0.464813232421875 -0.0967712402343749 0.334381103515625 0.08209228515625
-0.415802001953125 -0.352264404296875 0.331329345703125 0.354095458984375
-0.46942138671875 -0.4288330078125 0.0759735107421875 -0.03375244140625
-0.51666259765625 -0.19268798828125 0.0341567993164062 -0.0230979919433594
-0.536773681640625 0.201446533203125 -0.0183944702148438 0.0499153137207031
-0.2186279296875 0.41131591796875 0.00431060791015623 0.0457382202148438
0.10333251953125 0.419281005859375 -0.0150680541992187 0.0739288330078125
0.314422607421875 0.192901611328125 0.0407638549804688 0.0442695617675781
0.3701171875 0.021697998046875 0.0709991455078125 0.0038299560546875
0.39892578125 0.058197021484375 0.0445365905761719 0.0145149230957031
0.404998779296875 0.009796142578125 0.0542678833007813 0.0147590637207031
0.339019775390625 0.157073974609375 0.0011337995529175 -0.00145697593688964
0.209320068359375 0.36346435546875 -0.0442771911621094 -0.0264244079589844
-0.088226318359375 0.47247314453125 0.0588302612304688 -0.100639343261719
-0.51776123046875 0.245147705078125 0.1622314453125 -0.08782958984375
-0.55584716796875 -0.08355712890625 0.24530029296875 0.0698394775390625
-0.51995849609375 -0.401702880859375 0.2119140625 0.2318115234375
-0.49359130859375 -0.419891357421875 -0.066375732421875 -0.1728515625
-0.543243408203125 -0.1776123046875 -0.0868072509765625 -0.056732177734375
-0.549835205078125 0.219940185546875 -0.0324821472167969 0.0450973510742188
-0.219818115234375 0.42266845703125 -0.0019047260284424 -0.00391745567321775
0.09588623046875 0.4285888671875 -0.0588035583496094 -0.00194931030273435
0.3118896484375 0.21258544921875 -0.0677528381347656 -0.0173187255859375
0.365386962890625 0.042999267578125 -0.0751113891601562 0.00579071044921875
0.394287109375 0.073760986328125 -0.0955123901367187 0.0351943969726562
0.402679443359375 0.0263671875 -0.0862197875976562 0.0308303833007812
0.325897216796875 0.163543701171875 -0.120086669921875 -0.0280532836914062
0.201141357421875 0.356536865234375 -0.116569519042969 -0.0700912475585937
-0.0821228027343749 0.454803466796875 0.0132904052734375 -0.138359069824219
-0.504730224609375 0.2435302734375 0.120391845703125 -0.0971221923828125
-0.547393798828125 -0.0766906738281249 0.130035400390625 0.0633468627929688
-0.531463623046875 -0.39453125 0.0650253295898437 0.100265502929687
-0.445159912109375 -0.34014892578125 -0.212432861328125 -0.304779052734375
-0.476776123046875 -0.126220703125 -0.21136474609375 -0.0931243896484376
-0.45843505859375 0.19793701171875 -0.0558319091796875 0.0312690734863281
-0.17401123046875 0.3521728515625 -0.0185203552246094 -0.0495338439941406
0.074737548828125 0.3585205078125 -0.0970458984375 -0.07293701171875
0.2564697265625 0.191619873046875 -0.166427612304688 -0.074005126953125
0.302001953125 0.053253173828125 -0.210311889648438 0.0074615478515625
0.328338623046875 0.077606201171875 -0.221115112304687 0.0495452880859375
0.3377685546875 0.04443359375 -0.214309692382812 0.04071044921875
0.256378173828125 0.15203857421875 -0.220626831054687 -0.0538482666015625
0.14593505859375 0.296661376953125 -0.166549682617188 -0.109893798828125
-0.0850830078125 0.35565185546875 -0.023193359375 -0.160552978515625
-0.41461181640625 0.176727294921875 0.0791854858398437 -0.0909423828125
-0.4407958984375 -0.0750427246093751 0.0164794921875 0.0580520629882813
-0.451171875 -0.332733154296875 -0.074615478515625 -0.0242080688476563
-0.321990966796875 -0.20672607421875 -0.339508056640625 -0.40533447265625
-0.32452392578125 -0.054931640625 -0.318267822265625 -0.122039794921875
-0.28375244140625 0.137359619140625 -0.0843505859375 0.0155563354492188
-0.0982666015625 0.21630859375 -0.0407485961914063 -0.0748519897460937
0.0419464111328125 0.223129272460938 -0.118064880371094 -0.119911193847656
0.1588134765625 0.134597778320313 -0.234893798828125 -0.1126708984375
0.1912841796875 0.05450439453125 -0.311553955078125 0.010040283203125
0.212112426757813 0.06842041015625 -0.314178466796875 0.058258056640625
0.222625732421875 0.0562286376953125 -0.310028076171875 0.0418701171874999
0.1492919921875 0.1214599609375 -0.28399658203125 -0.079132080078125
0.0653839111328125 0.197723388671875 -0.182281494140625 -0.14385986328125
-0.0794830322265625 0.206268310546875 -0.0400238037109375 -0.167510986328125
-0.267425537109375 0.0800933837890624 0.05133056640625 -0.0754623413085938
-0.269577026367188 -0.06591796875 -0.0700607299804688 0.0455131530761719
-0.305694580078125 -0.221710205078125 -0.1810302734375 -0.1270751953125
-0.14532470703125 -0.043731689453125 -0.42803955078125 -0.455657958984375
-0.122856140136719 0.02130126953125 -0.395416259765625 -0.13470458984375
-0.0711288452148438 0.0561676025390625 -0.1163330078125 0.009429931640625
-0.0121345520019531 0.0522041320800781 -0.0619392395019531 -0.0701675415039063
0.000820159912109376 0.0576705932617187 -0.119453430175781 -0.134445190429688
0.0376968383789063 0.0599174499511719 -0.261581420898438 -0.126617431640625
0.0499191284179688 0.0470237731933594 -0.3624267578125 0.013427734375
0.062774658203125 0.0487709045410156 -0.359588623046875 0.057098388671875
0.076019287109375 0.0582962036132813 -0.359954833984375 0.0318603515625
0.027374267578125 0.0714035034179688 -0.30401611328125 -0.10186767578125
-0.0112457275390625 0.0749740600585938 -0.166519165039062 -0.167465209960938
-0.0521888732910156 0.0452880859375 -0.0395050048828125 -0.16253662109375
-0.0910873413085937 -0.00304412841796874 0.0355339050292969 -0.0584068298339844
-0.0779495239257813 -0.0325088500976563 -0.120384216308594 0.0247726440429688
-0.125534057617187 -0.076904296875 -0.240081787109375 -0.19622802734375
-0.07427978515625 -0.114715576171875 0.320281982421875 0.180511474609375
-0.105384826660156 -0.0382461547851563 0.197235107421875 -0.01324462890625
-0.0990142822265625 0.0675582885742188 -0.0315895080566406 0.0383377075195313
-0.0184783935546875 0.106399536132813 0.00761413574218751 0.147476196289063
0.0722198486328125 0.0677566528320313 0.115585327148438 0.191055297851563
0.0821685791015625 -0.0162429809570313 0.277877807617188 0.123336791992188
0.0815505981445312 -0.050506591796875 0.359619140625 -0.045379638671875
0.0883636474609375 -0.0284271240234375 0.348602294921875 -0.072479248046875
0.0782623291015625 -0.0429611206054688 0.35296630859375 -0.038482666015625
0.0943984985351563 0.0119857788085938 0.281036376953125 0.0767059326171875
0.0617294311523438 0.0854873657226563 0.137191772460938 0.10150146484375
-0.0312728881835938 0.125541687011719 0.108619689941406 0.0389404296875
-0.124137878417969 0.0269851684570313 0.178329467773437 -0.012542724609375
-0.102775573730469 -0.043853759765625 0.38519287109375 0.084381103515625
-0.0518798828125 -0.0948410034179688 0.45306396484375 0.474517822265625
-0.2550048828125 -0.245742797851562 0.2838134765625 0.148712158203125
-0.27740478515625 -0.095367431640625 0.18231201171875 -0.00733947753906251
-0.273483276367187 0.133651733398438 -0.0181541442871094 0.0399894714355469
-0.0885467529296875 0.235870361328125 0.00514221191406251 0.120979309082031
0.1055908203125 0.208099365234375 0.0773468017578125 0.176284790039062
0.192977905273438 0.053680419921875 0.227615356445313 0.1180419921875
0.21575927734375 -0.042327880859375 0.30560302734375 -0.030548095703125
0.237380981445312 -0.009124755859375 0.286407470703125 -0.052032470703125
0.229888916015625 -0.0362548828125 0.294525146484375 -0.030792236328125
0.212692260742187 0.0720367431640625 0.220245361328125 0.05194091796875
0.130767822265625 0.213058471679687 0.0946426391601563 0.0667877197265625
-0.062530517578125 0.28594970703125 0.110305786132813 -0.00733184814453123
-0.30755615234375 0.118499755859375 0.193496704101562 -0.043182373046875
-0.308349609375 -0.0716857910156251 0.386260986328125 0.075653076171875
-0.265228271484375 -0.232879638671875 0.43408203125 0.4276123046875
-0.404449462890625 -0.349456787109375 0.200042724609375 0.0729217529296875
-0.428436279296875 -0.141265869140625 0.127937316894531 -0.0117416381835938
-0.4259033203125 0.19140625 -0.00935745239257815 0.0456390380859375
-0.1539306640625 0.34912109375 0.00865173339843749 0.0877304077148438
0.124176025390625 0.3316650390625 0.036834716796875 0.137680053710938
0.279800415039062 0.12255859375 0.147918701171875 0.0899505615234375
0.319305419921875 -0.023590087890625 0.204727172851563 -0.015869140625
0.350616455078125 0.01165771484375 0.181060791015625 -0.02252197265625
0.346527099609375 -0.029571533203125 0.19140625 -0.0146942138671875
0.305633544921875 0.11383056640625 0.123252868652344 0.0232086181640625
0.19573974609375 0.306427001953125 0.0326786041259766 0.0224971771240235
-0.06634521484375 0.415985107421875 0.091827392578125 -0.0600128173828125
-0.44281005859375 0.217132568359375 0.18756103515625 -0.0749053955078125
-0.47607421875 -0.0684204101562501 0.3414306640625 0.062835693359375
-0.444549560546875 -0.327056884765625 0.35601806640625 0.3375244140625
-0.501922607421875 -0.40313720703125 0.0752639770507812 -0.0394363403320313
-0.534820556640625 -0.1590576171875 0.0324211120605468 -0.0281333923339844
-0.527679443359375 0.242706298828125 -0.01116943359375 0.0498504638671875
-0.19287109375 0.429473876953125 0.00962448120117186 0.0451736450195313
0.133514404296875 0.414581298828125 -0.00863647460937499 0.076568603515625
0.328887939453125 0.174072265625 0.0449066162109375 0.0432548522949219
0.37445068359375 -0.00238037109375 0.0708847045898438 -0.00229644775390625
0.4105224609375 0.029937744140625 0.0479545593261719 0.0104904174804688
0.410247802734375 -0.018890380859375 0.0589942932128906 0.00913238525390625
0.352020263671875 0.136077880859375 0.00219893455505373 -0.000951528549194328
0.2364501953125 0.354156494140625 -0.0446434020996094 -0.0218696594238281
-0.057220458984375 0.48370361328125 0.0526885986328125 -0.108795166015625
-0.506744384765625 0.284759521484375 0.15753173828125 -0.0980072021484375
-0.568359375 -0.05047607421875 0.252227783203125 0.0565185546875
-0.552215576171875 -0.368988037109375 0.227935791015625 0.221511840820313
-0.5267333984375 -0.3941650390625 -0.0771484375 -0.170700073242188
-0.56256103515625 -0.14288330078125 -0.0922698974609376 -0.0532073974609375
-0.540679931640625 0.26275634765625 -0.0265426635742188 0.0469284057617188
-0.193603515625 0.4427490234375 0.00075244903564452 -0.00373625755310056
0.12725830078125 0.426971435546875 -0.0581779479980469 0.0024223327636719
0.32940673828125 0.193603515625 -0.0704803466796875 -0.012542724609375
0.37115478515625 0.01947021484375 -0.0766525268554687 0.0105133056640625
0.407440185546875 0.044677734375 -0.0921783447265625 0.0422210693359375
0.41009521484375 -0.002960205078125 -0.0821685791015625 0.0362014770507812
0.3397216796875 0.1431884765625 -0.122291564941406 -0.0191497802734375
0.227020263671875 0.34716796875 -0.12066650390625 -0.06201171875
-0.05133056640625 0.466339111328125 0.00486755371093749 -0.143325805664062
-0.4935302734375 0.283355712890625 0.11468505859375 -0.103988647460937
-0.56036376953125 -0.041961669921875 0.136634826660156 0.0576095581054688
-0.5643310546875 -0.36224365234375 0.0728530883789062 0.0973892211914062
-0.4722900390625 -0.31744384765625 -0.232269287109375 -0.294097900390625
-0.491302490234375 -0.096771240234375 -0.220733642578125 -0.079742431640625
-0.451812744140625 0.235931396484375 -0.0519905090332032 0.0348358154296875
-0.15264892578125 0.36834716796875 -0.0192184448242188 -0.0479660034179687
0.10302734375 0.35723876953125 -0.101303100585938 -0.06768798828125
0.272079467773438 0.176361083984375 -0.17523193359375 -0.0640869140625
0.308868408203125 0.034515380859375 -0.213592529296875 0.022796630859375
0.34088134765625 0.05328369140625 -0.218246459960937 0.0677947998046875
0.345703125 0.018707275390625 -0.2109375 0.0564727783203125
0.268829345703125 0.136886596679688 -0.226730346679687 -0.03778076171875
0.167724609375 0.289794921875 -0.174087524414063 -0.0992279052734375
-0.06121826171875 0.366119384765625 -0.0333404541015625 -0.162109375
-0.40655517578125 0.21002197265625 0.0753250122070312 -0.0950698852539063
-0.450714111328125 -0.0470886230468751 0.0229225158691406 0.0593109130859375
-0.47955322265625 -0.306060791015625 -0.0753097534179688 -0.0199813842773438
-0.340087890625 -0.19049072265625 -0.36663818359375 -0.38641357421875
-0.333038330078125 -0.03472900390625 -0.32989501953125 -0.101593017578125
-0.278884887695313 0.160537719726563 -0.0838623046875 0.0214462280273438
-0.0856781005859375 0.225692749023438 -0.0435104370117187 -0.0714340209960937
0.0596923828125 0.223236083984375 -0.126106262207031 -0.114753723144531
0.1715087890625 0.125900268554688 -0.247665405273438 -0.0979919433593751
0.196945190429688 0.042816162109375 -0.316009521484375 0.034088134765625
0.221298217773438 0.0525970458984375 -0.312408447265625 0.0830078125
0.230575561523438 0.0393218994140625 -0.30828857421875 0.065338134765625
0.158599853515625 0.112884521484375 -0.292755126953125 -0.058929443359375
0.079742431640625 0.194747924804688 -0.192474365234375 -0.133071899414063
-0.0660858154296875 0.214599609375 -0.050323486328125 -0.16741943359375
-0.2655029296875 0.101821899414062 0.048248291015625 -0.0775909423828125
-0.2784423828125 -0.0488739013671875 -0.0648078918457031 0.052093505859375
-0.324737548828125 -0.20428466796875 -0.188262939453125 -0.117340087890625
-0.151138305664063 -0.0366668701171875 -0.45953369140625 -0.432281494140625
-0.124191284179688 0.02813720703125 -0.4085693359375 -0.109222412109375
-0.0701484680175781 0.06298828125 -0.117332458496094 0.0179977416992187
-0.00970458984375 0.0551033020019531 -0.0654945373535156 -0.0656204223632813
0.00592803955078125 0.0593490600585938 -0.128585815429688 -0.129867553710937
0.0439338684082031 0.0579795837402344 -0.276519775390625 -0.110946655273438
0.0534744262695313 0.044586181640625 -0.3670654296875 0.0410461425781249
0.0680389404296875 0.044647216796875 -0.359344482421875 0.085723876953125
0.0826644897460938 0.0520553588867187 -0.360015869140625 0.059478759765625
0.033477783203125 0.0702056884765625 -0.315032958984375 -0.0804443359375
-0.005950927734375 0.076141357421875 -0.1788330078125 -0.1588134765625
-0.0493545532226563 0.0502166748046875 -0.0501861572265625 -0.161041259765625
-0.092315673828125 0.00450134277343749 0.0332145690917969 -0.0593376159667969
-0.0819854736328125 -0.0278091430664063 -0.117279052734375 0.0338211059570312
-0.133415222167969 -0.0697402954101562 -0.253372192382813 -0.184112548828125
-0.0783920288085937 -0.108940124511719 0.327362060546875 0.165557861328125
-0.104484558105469 -0.0329513549804688 0.195068359375 -0.0251007080078125
-0.0948257446289063 0.0702896118164063 -0.0283012390136719 0.03717041015625
-0.0133895874023437 0.106193542480469 0.013458251953125 0.145263671875
0.0739288330078125 0.0623931884765625 0.12451171875 0.186431884765625
0.0792617797851563 -0.0200653076171875 0.28594970703125 0.1103515625
0.078582763671875 -0.053955078125 0.357330322265625 -0.0653076171875
0.0872268676757813 -0.0329208374023438 0.344146728515625 -0.093475341796875
0.0751724243164063 -0.0453872680664063 0.350738525390625 -0.059112548828125
0.093505859375 0.0070648193359375 0.286224365234375 0.061737060546875
0.0660324096679688 0.0816574096679688 0.1424560546875 0.0972442626953125
-0.0240478515625 0.12713623046875 0.108932495117188 0.0330352783203125
-0.122344970703125 0.0328903198242187 0.174072265625 -0.0225982666015625
-0.102645874023438 -0.0382919311523438 0.38555908203125 0.06640625
-0.0559539794921875 -0.0907211303710938 0.469482421875 0.454010009765625
-0.264724731445312 -0.231719970703125 0.289031982421875 0.13555908203125
-0.279129028320313 -0.0813293457031251 0.180801391601563 -0.0183868408203125
-0.2647705078125 0.1456298828125 -0.0136299133300781 0.0380210876464844
-0.07763671875 0.238632202148438 0.0108718872070312 0.118942260742188
0.11492919921875 0.201080322265625 0.0864410400390625 0.174087524414062
0.192718505859375 0.0438232421875 0.234649658203125 0.107284545898438
0.212295532226563 -0.0518951416015625 0.30322265625 -0.047943115234375
0.237823486328125 -0.0219268798828125 0.283935546875 -0.069305419921875
0.226974487304688 -0.04730224609375 0.2935791015625 -0.049407958984375
0.214157104492187 0.06158447265625 0.224517822265625 0.04022216796875
0.141510009765625 0.206405639648438 0.0996627807617188 0.0644683837890625
-0.047210693359375 0.289337158203125 0.10882568359375 -0.0146408081054687
-0.301361083984375 0.134552001953125 0.188125610351563 -0.052093505859375
-0.310333251953125 -0.056884765625 0.386474609375 0.058349609375
-0.275558471679688 -0.21905517578125 0.450103759765625 0.407806396484375
-0.4193115234375 -0.328216552734375 0.202178955078125 0.0632476806640625
-0.432586669921875 -0.12127685546875 0.125717163085937 -0.0202560424804688
-0.41436767578125 0.212493896484375 -0.00396728515625003 0.043670654296875
-0.136688232421875 0.3546142578125 0.0134811401367187 0.0855712890625
0.140777587890625 0.32318115234375 0.0440139770507813 0.137214660644531
0.282318115234375 0.108367919921875 0.15362548828125 0.083404541015625
0.316925048828125 -0.039154052734375 0.20263671875 -0.0277099609375
0.352569580078125 -0.007293701171875 0.180130004882813 -0.034637451171875
0.343841552734375 -0.046478271484375 0.192367553710938 -0.0278778076171875
0.308441162109375 0.098480224609375 0.12603759765625 0.0169601440429688
0.210479736328125 0.29681396484375 0.0356521606445313 0.0229568481445313
-0.044952392578125 0.418975830078125 0.0883102416992188 -0.0671463012695312
-0.43133544921875 0.240478515625 0.1817626953125 -0.082550048828125
-0.477813720703125 -0.04638671875 0.342742919921875 0.047821044921875
-0.459442138671875 -0.30474853515625 0.36895751953125 0.322479248046875
-0.520233154296875 -0.378936767578125 0.0733413696289062 -0.0430984497070313
-0.540863037109375 -0.133819580078125 0.0295886993408203 -0.03118896484375
-0.51324462890625 0.2691650390625 -0.0053825378417969 0.0480537414550781
-0.17181396484375 0.435943603515625 0.0135307312011719 0.0434188842773438
0.155029296875 0.40606689453125 -0.00378417968749998 0.077850341796875
0.33489990234375 0.1578369140625 0.0471839904785156 0.0415382385253906
0.372955322265625 -0.02032470703125 0.069183349609375 -0.00617599487304688
0.415008544921875 0.00677490234375 0.0498313903808594 0.00630569458007813
0.4083251953125 -0.04083251953125 0.0620765686035157 0.00278091430664062
0.35675048828125 0.11846923828125 0.00367832183837893 -0.000729560852050774
0.253814697265625 0.34222412109375 -0.0432472229003906 -0.0179252624511719
-0.032257080078125 0.487335205078125 0.0475692749023438 -0.114166259765625
-0.491851806640625 0.312225341796875 0.151809692382813 -0.1031494140625
-0.56878662109375 -0.0235595703124999 0.25469970703125 0.0455474853515625
-0.56939697265625 -0.34234619140625 0.237396240234375 0.21209716796875
-0.544158935546875 -0.3685302734375 -0.0840606689453125 -0.166275024414063
-0.56781005859375 -0.11492919921875 -0.095550537109375 -0.0486526489257813
-0.5257568359375 0.292449951171875 -0.0213508605957032 0.04669189453125
-0.171844482421875 0.44989013671875 0.00323152542114257 -0.00504446029663083
0.150634765625 0.419952392578125 -0.0563392639160156 0.00541305541992191
0.3365478515625 0.1781005859375 -0.071746826171875 -0.0088653564453125
0.3720703125 0.00213623046875 -0.077484130859375 0.015106201171875
0.4124755859375 0.0206298828125 -0.0883865356445312 0.0460357666015625
0.4097900390625 -0.025238037109375 -0.0769882202148437 0.0379638671875
0.344451904296875 0.126373291015625 -0.122390747070312 -0.0123062133789063
0.2442626953125 0.3350830078125 -0.12109375 -0.0551910400390625
-0.028594970703125 0.468719482421875 -0.00177001953125002 -0.1463623046875
-0.477752685546875 0.310333251953125 0.109947204589844 -0.107223510742187
-0.560333251953125 -0.0166931152343751 0.141189575195312 0.0528564453125
-0.58074951171875 -0.33477783203125 0.0779418945312499 0.0940475463867187
-0.48736572265625 -0.294891357421875 -0.244598388671875 -0.28228759765625
-0.496337890625 -0.0732727050781249 -0.225051879882813 -0.0685272216796875
-0.439422607421875 0.260040283203125 -0.0482521057128906 0.0370101928710938
-0.13531494140625 0.37542724609375 -0.0179672241210938 -0.0475234985351562
0.1221923828125 0.351470947265625 -0.103073120117187 -0.0631484985351562
0.280517578125 0.162445068359375 -0.180084228515625 -0.054931640625
0.310089111328125 0.020355224609375 -0.214157104492187 0.0351409912109375
0.345916748046875 0.033050537109375 -0.213348388671875 0.0795745849609374
0.346923828125 -0.001617431640625 -0.20477294921875 0.0660247802734375
0.274017333984375 0.123092651367188 -0.227798461914062 -0.02490234375
0.181671142578125 0.281036376953125 -0.176956176757813 -0.0905303955078125
-0.041839599609375 0.369537353515625 -0.0402069091796875 -0.162109375
-0.3944091796875 0.232574462890625 0.071533203125 -0.0961990356445312
-0.453369140625 -0.0271911621093751 0.0283889770507812 0.059539794921875
-0.49505615234375 -0.28289794921875 -0.0744247436523438 -0.0173568725585938
-0.34967041015625 -0.17620849609375 -0.38214111328125 -0.36865234375
-0.334716796875 -0.01947021484375 -0.334930419921875 -0.083831787109375
-0.270965576171875 0.176559448242187 -0.0814590454101563 0.0259323120117188
-0.075286865234375 0.230499267578125 -0.0435905456542969 -0.0691490173339844
0.07208251953125 0.220169067382813 -0.130607604980469 -0.109870910644531
0.178237915039063 0.118301391601563 -0.25531005859375 -0.0866241455078125
0.199050903320312 0.0340728759765625 -0.314727783203125 0.052093505859375
0.225967407226563 0.04022216796875 -0.305511474609375 0.101226806640625
0.23291015625 0.0252227783203125 -0.301544189453125 0.0816955566406251
0.163864135742188 0.104690551757812 -0.294586181640625 -0.042510986328125
0.0889739990234375 0.190521240234375 -0.197433471679688 -0.123733520507813
-0.05511474609375 0.218246459960937 -0.05780029296875 -0.16497802734375
-0.259231567382813 0.117233276367188 0.045867919921875 -0.0771484375
-0.280807495117188 -0.03631591796875 -0.0590629577636719 0.0560722351074219
-0.334442138671875 -0.188385009765625 -0.19134521484375 -0.109771728515625
-0.153961181640625 -0.03253173828125 -0.474273681640625 -0.4105224609375
-0.123664855957031 0.0329208374023438 -0.4124755859375 -0.086578369140625
-0.0679397583007812 0.0684013366699219 -0.1163330078125 0.0240554809570313
-0.00803375244140626 0.0558929443359375 -0.0655517578125 -0.0622062683105469
0.010498046875 0.05914306640625 -0.134063720703125 -0.125564575195313
0.0480117797851563 0.0566520690917969 -0.285186767578125 -0.098358154296875
0.0566329956054687 0.0427932739257812 -0.365814208984375 0.0620727539062499
0.0716781616210938 0.0397796630859375 -0.352935791015625 0.10699462890625
0.0855484008789063 0.04571533203125 -0.35479736328125 0.079681396484375
0.0378150939941406 0.0687637329101563 -0.317901611328125 -0.062713623046875
-0.00196075439453124 0.0767288208007813 -0.185256958007813 -0.150924682617187
-0.0467910766601563 0.0524559020996094 -0.0567626953125 -0.15753173828125
-0.0923309326171875 0.0110015869140625 0.032318115234375 -0.0592269897460938
-0.084625244140625 -0.0237045288085937 -0.112091064453125 0.0402450561523438
-0.137336730957031 -0.0641403198242187 -0.25872802734375 -0.173324584960938
-0.0802536010742188 -0.105201721191406 0.3328857421875 0.15850830078125
-0.103744506835938 -0.0311508178710938 0.194366455078125 -0.0335235595703125
-0.0922164916992187 0.0716781616210938 -0.0267677307128906 0.0358428955078125
-0.0108413696289062 0.106178283691406 0.0162811279296875 0.143966674804688
0.0747833251953125 0.0595703125 0.13104248046875 0.185379028320313
0.0763320922851563 -0.0226287841796875 0.2933349609375 0.10302734375
0.0763320922851563 -0.0567550659179687 0.35784912109375 -0.079315185546875
0.0871658325195313 -0.03594970703125 0.342254638671875 -0.108551025390625
0.0737075805664063 -0.0463485717773438 0.3514404296875 -0.073699951171875
0.0933151245117188 0.00421905517578125 0.291900634765625 0.052276611328125
0.068939208984375 0.0798187255859375 0.1473388671875 0.0955657958984375
-0.0188446044921875 0.128067016601563 0.109642028808594 0.029449462890625
-0.122077941894531 0.0375213623046875 0.171295166015625 -0.027557373046875
-0.101638793945312 -0.03515625 0.385345458984375 0.056365966796875
-0.0583267211914063 -0.0876235961914063 0.4798583984375 0.445281982421875
-0.271133422851563 -0.22369384765625 0.293182373046875 0.12890625
-0.280517578125 -0.073211669921875 0.179412841796875 -0.026580810546875
-0.25946044921875 0.154037475585937 -0.0113677978515625 0.0363731384277344
-0.0709686279296875 0.240798950195313 0.0143203735351562 0.117660522460938
0.120849609375 0.196548461914063 0.0926055908203125 0.174163818359375
0.192047119140625 0.0380859375 0.24053955078125 0.101974487304687
0.211074829101563 -0.0588836669921875 0.303497314453125 -0.059417724609375
0.23980712890625 -0.0311126708984375 0.28350830078125 -0.08172607421875
0.226242065429688 -0.05401611328125 0.294769287109375 -0.062591552734375
0.2158203125 0.055572509765625 0.228958129882813 0.0328826904296875
0.149078369140625 0.203323364257813 0.103767395019531 0.0642013549804688
-0.037261962890625 0.293060302734375 0.107933044433594 -0.0191574096679687
-0.298431396484375 0.14532470703125 0.185409545898438 -0.0572967529296875
-0.31219482421875 -0.049224853515625 0.387542724609375 0.049224853515625
-0.282806396484375 -0.211090087890625 0.459747314453125 0.399169921875
-0.42926025390625 -0.317230224609375 0.20379638671875 0.0577392578125
-0.435699462890625 -0.107666015625 0.123695373535156 -0.0258712768554688
-0.406524658203125 0.227630615234375 -0.000820159912109396 0.041534423828125
-0.127410888671875 0.35870361328125 0.0167388916015625 0.0836029052734375
0.1512451171875 0.319244384765625 0.0496902465820313 0.138160705566406
0.2843017578125 0.10113525390625 0.1583251953125 0.0800933837890625
0.315826416015625 -0.0484619140625 0.201751708984375 -0.0346527099609375
0.3563232421875 -0.021026611328125 0.180694580078125 -0.0424957275390625
0.34375 -0.058837890625 0.193588256835938 -0.03875732421875
0.3109130859375 0.08984375 0.128875732421875 0.0132904052734375
0.2220458984375 0.29217529296875 0.0389518737792969 0.0245933532714844
-0.031524658203125 0.42388916015625 0.0855865478515625 -0.0721206665039062
-0.425506591796875 0.256256103515625 0.178619384765625 -0.086669921875
-0.481292724609375 -0.034088134765625 0.344390869140625 0.040191650390625
-0.46942138671875 -0.292755126953125 0.37738037109375 0.31573486328125
-0.5318603515625 -0.364837646484375 0.0721359252929687 -0.0450439453125
-0.54669189453125 -0.11712646484375 0.0272350311279297 -0.0331974029541016
-0.503448486328125 0.288970947265625 -0.00195693969726565 0.0467491149902344
-0.1605224609375 0.442413330078125 0.0167961120605469 0.0415687561035157
0.16943359375 0.401153564453125 -0.000205993652343731 0.079559326171875
0.338775634765625 0.14849853515625 0.0494499206542969 0.0414352416992188
0.37396240234375 -0.031158447265625 0.0687599182128906 -0.0083465576171875
0.41961669921875 -0.010498046875 0.0508346557617188 0.0030059814453125
0.40948486328125 -0.055328369140625 0.0643806457519532 -0.00299072265625
0.3603515625 0.108917236328125 0.00455808639526369 -0.000208377838134759
0.265228271484375 0.335662841796875 -0.0416946411132812 -0.0148277282714843
-0.0166015625 0.4913330078125 0.0430145263671875 -0.118888854980469
-0.4833984375 0.331268310546875 0.1490478515625 -0.106170654296875
-0.57318115234375 -0.00915527343749993 0.258148193359375 0.040618896484375
-0.58233642578125 -0.327880859375 0.243194580078125 0.206588745117188
-0.558349609375 -0.355377197265625 -0.0883483886718751 -0.164260864257813
-0.5751953125 -0.09881591796875 -0.0981674194335938 -0.0459213256835938
-0.51654052734375 0.3134765625 -0.0174217224121094 0.0461845397949219
-0.1597900390625 0.45721435546875 0.00537919998168944 -0.00672626495361325
0.165374755859375 0.415740966796875 -0.0550918579101562 0.00775146484375002
0.34197998046875 0.16876220703125 -0.0729904174804687 -0.00518798828124999
0.3740234375 -0.008270263671875 -0.0789947509765625 0.0192489624023437
0.417510986328125 0.005096435546875 -0.0863571166992187 0.0490951538085937
0.410430908203125 -0.040679931640625 -0.0742645263671875 0.0376052856445313
0.34844970703125 0.1160888671875 -0.122879028320312 -0.00775909423828122
0.2564697265625 0.3289794921875 -0.121490478515625 -0.0505905151367187
-0.01275634765625 0.473419189453125 -0.00723266601562501 -0.149673461914062
-0.4693603515625 0.3297119140625 0.108238220214844 -0.108634948730469
-0.56451416015625 -0.00189208984374988 0.145431518554687 0.05023193359375
-0.59332275390625 -0.32000732421875 0.0814971923828125 0.0923309326171875
-0.499908447265625 -0.28387451171875 -0.25244140625 -0.275421142578125
-0.500762939453125 -0.0579528808593749 -0.22900390625 -0.0609130859375
-0.4322509765625 0.277557373046875 -0.0450706481933594 0.0378684997558594
-0.126495361328125 0.38092041015625 -0.0169525146484375 -0.0484085083007812
0.134552001953125 0.34991455078125 -0.103996276855469 -0.0609054565429687
0.2867431640625 0.155731201171875 -0.184677124023437 -0.0487060546875
0.3123779296875 0.012054443359375 -0.214889526367188 0.0438995361328125
0.35107421875 0.019744873046875 -0.21014404296875 0.0878448486328125
0.3486328125 -0.014373779296875 -0.201507568359375 0.0718231201171875
0.27783203125 0.115081787109375 -0.228805541992187 -0.01629638671875
0.191802978515625 0.276443481445312 -0.17852783203125 -0.084716796875
-0.03131103515625 0.37298583984375 -0.04669189453125 -0.164108276367187
-0.387939453125 0.247589111328125 0.0702056884765625 -0.0964279174804687
-0.45703125 -0.014434814453125 0.0334243774414062 0.059967041015625
-0.505126953125 -0.268463134765625 -0.07354736328125 -0.0165557861328125
-0.35821533203125 -0.1695556640625 -0.39208984375 -0.359405517578125
-0.338043212890625 -0.00976562499999993 -0.3388671875 -0.072540283203125
-0.267471313476563 0.188873291015625 -0.0797653198242188 0.0284347534179688
-0.0698394775390625 0.23419189453125 -0.043426513671875 -0.0692291259765625
0.080535888671875 0.21905517578125 -0.133750915527344 -0.107696533203125
0.183242797851562 0.113983154296875 -0.262191772460938 -0.0790557861328125
0.202484130859375 0.0294189453125 -0.316070556640625 0.065643310546875
0.229888916015625 0.0311279296875 -0.302276611328125 0.113677978515625
0.234664916992187 0.0159454345703125 -0.298553466796875 0.092193603515625
0.167709350585938 0.100799560546875 -0.297332763671875 -0.031585693359375
0.095489501953125 0.188812255859375 -0.2015380859375 -0.119033813476562
-0.048553466796875 0.221160888671875 -0.0635986328125 -0.164794921875
-0.255584716796875 0.127410888671875 0.04510498046875 -0.0777816772460937
-0.284271240234375 -0.028411865234375 -0.0537223815917969 0.0584373474121094
-0.342681884765625 -0.18017578125 -0.193069458007813 -0.107101440429688
-0.157333374023438 -0.0301971435546875 -0.48541259765625 -0.398468017578125
-0.123886108398437 0.0361175537109375 -0.41558837890625 -0.0724792480468751
-0.0673904418945313 0.072052001953125 -0.115394592285156 0.0288925170898437
-0.00712966918945312 0.0569953918457031 -0.0658149719238281 -0.0609588623046875
0.0130462646484375 0.0600662231445313 -0.138259887695313 -0.124336242675781
0.0513534545898438 0.0555496215820312 -0.293121337890625 -0.0896301269531249
0.0598678588867188 0.042724609375 -0.365997314453125 0.077423095703125
0.0741043090820313 0.03790283203125 -0.34942626953125 0.12200927734375
0.0880584716796875 0.0419464111328125 -0.352020263671875 0.09332275390625
0.0407867431640625 0.0685462951660156 -0.32171630859375 -0.051483154296875
0.000717163085937494 0.0770645141601563 -0.191070556640625 -0.147109985351562
-0.0456161499023438 0.0550613403320312 -0.0619049072265625 -0.15582275390625
-0.0918655395507813 0.0154266357421875 0.0321235656738281 -0.0592231750488281
-0.0875244140625 -0.021728515625 -0.107872009277344 0.0436782836914062
-0.14105224609375 -0.06146240234375 -0.2615966796875 -0.1702880859375
-0.0823211669921875 -0.103836059570313 0.34259033203125 0.15594482421875
-0.105232238769531 -0.0303497314453125 0.195770263671875 -0.040435791015625
-0.0927658081054688 0.0739669799804687 -0.0269088745117188 0.0354347229003906
-0.00832366943359375 0.108512878417969 0.019287109375 0.1466064453125
0.0766525268554688 0.0579757690429688 0.13970947265625 0.188461303710938
0.0749588012695313 -0.0240936279296875 0.30560302734375 0.0982666015625
0.0757293701171875 -0.05908203125 0.363861083984375 -0.092498779296875
0.0884323120117187 -0.03955078125 0.346710205078125 -0.12286376953125
0.0741958618164063 -0.0483932495117188 0.3575439453125 -0.087493896484375
0.0937881469726563 0.001739501953125 0.30145263671875 0.045440673828125
0.0724945068359375 0.0797500610351563 0.154983520507812 0.0963897705078125
-0.0153045654296875 0.131782531738281 0.111831665039063 0.0270538330078125
-0.123558044433594 0.0416183471679688 0.171096801757812 -0.031890869140625
-0.102828979492188 -0.0329971313476563 0.392181396484375 0.0499267578125
-0.0614013671875 -0.0869674682617188 0.49591064453125 0.448394775390625
-0.280242919921875 -0.22125244140625 0.301055908203125 0.12689208984375
-0.286224365234375 -0.06915283203125 0.18011474609375 -0.032318115234375
-0.260284423828125 0.163101196289062 -0.0101909637451172 0.0350513458251953
-0.067779541015625 0.247299194335937 0.0168838500976563 0.118995666503906
0.127593994140625 0.1971435546875 0.100112915039063 0.177490234375
0.194503784179688 0.0357666015625 0.251663208007813 0.0989990234375
0.213088989257813 -0.0642852783203125 0.3079833984375 -0.070159912109375
0.245574951171875 -0.0396270751953125 0.2872314453125 -0.094482421875
0.230026245117188 -0.0602264404296875 0.299957275390625 -0.07513427734375
0.220184326171875 0.0517730712890625 0.236770629882813 0.0275421142578125
0.15740966796875 0.203948974609375 0.110069274902344 0.0657119750976563
-0.030364990234375 0.301116943359375 0.108123779296875 -0.0237808227539062
-0.301666259765625 0.156890869140625 0.185546875 -0.061370849609375
-0.3193359375 -0.044464111328125 0.395538330078125 0.04376220703125
-0.29302978515625 -0.208099365234375 0.474853515625 0.4024658203125
-0.44476318359375 -0.313446044921875 0.208648681640625 0.05609130859375
-0.44580078125 -0.099945068359375 0.122993469238281 -0.0306167602539063
-0.40789794921875 0.243072509765625 0.00156784057617185 0.0402984619140625
-0.122222900390625 0.369232177734375 0.0197525024414063 0.0831222534179688
0.16241455078125 0.3216552734375 0.0557403564453125 0.142181396484375
0.29010009765625 0.09710693359375 0.165725708007813 0.07830810546875
0.320220947265625 -0.05712890625 0.205520629882813 -0.0415191650390625
0.3660888671875 -0.033966064453125 0.184097290039063 -0.0511474609375
0.350494384765625 -0.068511962890625 0.197525024414063 -0.04864501953125
0.317962646484375 0.084625244140625 0.133781433105469 0.00996398925781251
0.23443603515625 0.294158935546875 0.0433921813964844 0.0261955261230469
-0.021453857421875 0.436248779296875 0.0842132568359375 -0.0784759521484375
-0.428741455078125 0.27313232421875 0.179351806640625 -0.09100341796875
-0.4927978515625 -0.025054931640625 0.353240966796875 0.0350341796875
-0.48834228515625 -0.289886474609375 0.390869140625 0.316741943359375
-0.55181884765625 -0.362030029296875 0.0720291137695312 -0.0465469360351563
-0.559234619140625 -0.106964111328125 0.0247840881347656 -0.0350170135498047
-0.5059814453125 0.310577392578125 0.00122833251953122 0.0457305908203125
-0.15460205078125 0.45574951171875 0.0192947387695312 0.0399436950683594
0.183563232421875 0.405426025390625 0.00345611572265626 0.0833969116210938
0.34808349609375 0.145233154296875 0.052001953125 0.0426139831542969
0.381195068359375 -0.0404052734375 0.0695114135742188 -0.00977325439453125
0.43115234375 -0.024566650390625 0.0530319213867188 0.000190734863281249
0.416473388671875 -0.068328857421875 0.0661506652832032 -0.00872802734375
0.368408203125 0.10302734375 0.00628519058227541 -0.000457763671874994
0.281036376953125 0.33673095703125 -0.0400619506835937 -0.0127220153808594
-0.00518798828124997 0.5054931640625 0.0392532348632813 -0.125129699707031
-0.485992431640625 0.352203369140625 0.14990234375 -0.110382080078125
-0.586181640625 0.00305175781250003 0.26544189453125 0.0371551513671875
-0.60308837890625 -0.32293701171875 0.252899169921875 0.207489013671875
-0.579833984375 -0.3502197265625 -0.0936126708984375 -0.164520263671875
-0.5888671875 -0.0867309570312501 -0.103317260742188 -0.0442123413085938
-0.519561767578125 0.334228515625 -0.0144081115722657 0.0462532043457031
-0.15380859375 0.471710205078125 0.0072488784790039 -0.00903034210205075
0.180511474609375 0.420013427734375 -0.0550727844238281 0.0100517272949219
0.35198974609375 0.16552734375 -0.0750732421875 -0.00203704833984375
0.3818359375 -0.01751708984375 -0.0803985595703125 0.0235061645507812
0.429229736328125 -0.00897216796875 -0.0858001708984375 0.0520706176757812
0.417236328125 -0.053497314453125 -0.0743637084960937 0.0376358032226563
0.357574462890625 0.11181640625 -0.124191284179687 -0.00366210937500001
0.2711181640625 0.33074951171875 -0.122566223144531 -0.0482025146484375
-0.00292968749999999 0.485809326171875 -0.0128936767578125 -0.15484619140625
-0.47137451171875 0.35015869140625 0.10888671875 -0.111824035644531
-0.57745361328125 0.0103759765625 0.152145385742187 0.0491943359375
-0.6136474609375 -0.31500244140625 0.0856552124023437 0.0919113159179687
-0.51885986328125 -0.2816162109375 -0.262420654296875 -0.276123046875
-0.513519287109375 -0.04827880859375 -0.23614501953125 -0.0556488037109375
-0.432647705078125 0.296630859375 -0.0433273315429688 0.039215087890625
-0.121063232421875 0.393524169921875 -0.0163764953613281 -0.0510101318359375
0.14837646484375 0.354339599609375 -0.107719421386719 -0.0596084594726562
0.2969970703125 0.153594970703125 -0.19189453125 -0.04400634765625
0.321441650390625 0.005859375 -0.2188720703125 0.0538177490234375
0.361572265625 0.008697509765625 -0.211212158203125 0.095794677734375
0.355804443359375 -0.02532958984375 -0.203598022460937 0.07708740234375
0.285797119140625 0.111572265625 -0.233612060546875 -0.00941467285156247
0.20294189453125 0.278167724609375 -0.183349609375 -0.0824432373046875
-0.02288818359375 0.38372802734375 -0.0524749755859375 -0.167526245117187
-0.390869140625 0.264678955078125 0.0705795288085937 -0.0988006591796875
-0.468536376953125 -0.00402832031249993 0.0392837524414062 0.061065673828125
-0.523193359375 -0.263946533203125 -0.0743942260742188 -0.017303466796875
-0.372528076171875 -0.167236328125 -0.405853271484375 -0.358489990234375
-0.34619140625 -0.00283813476562495 -0.347808837890625 -0.0647277832031249
-0.268646240234375 0.201934814453125 -0.0798568725585938 0.0308914184570312
-0.0679168701171875 0.241928100585938 -0.0443878173828125 -0.0709762573242187
0.0892333984375 0.22314453125 -0.139854431152344 -0.108039855957031
0.19158935546875 0.112701416015625 -0.273147583007813 -0.072723388671875
0.20928955078125 0.0263824462890625 -0.32159423828125 0.077850341796875
0.237808227539063 0.024688720703125 -0.3046875 0.126007080078125
0.2403564453125 0.0087890625 -0.30194091796875 0.101715087890625
0.173904418945313 0.09991455078125 -0.303955078125 -0.0238037109375
0.102523803710938 0.190673828125 -0.208023071289063 -0.116378784179687
-0.0447540283203125 0.227783203125 -0.069854736328125 -0.1673583984375
-0.258331298828125 0.138397216796875 0.0465850830078125 -0.0792694091796875
-0.293060302734375 -0.0235595703125 -0.0498199462890625 0.0614089965820312
-0.355133056640625 -0.17742919921875 -0.198089599609375 -0.108612060546875
-0.163833618164063 -0.0294952392578125 -0.50140380859375 -0.3975830078125
-0.126052856445313 0.0393295288085938 -0.425140380859375 -0.0627136230468749
-0.0672073364257813 0.0765304565429687 -0.116203308105469 0.0325851440429687
-0.0074310302734375 0.0587615966796875 -0.0670814514160156 -0.0612602233886719
0.0158615112304688 0.0617637634277344 -0.145767211914063 -0.12542724609375
0.0558967590332031 0.0558967590332031 -0.305450439453125 -0.0838623046875
0.064208984375 0.0426101684570313 -0.3720703125 0.0926208496093749
0.0773391723632813 0.0362548828125 -0.352691650390625 0.1363525390625
0.0911636352539063 0.03936767578125 -0.356842041015625 0.1060791015625
0.0440635681152344 0.0697784423828125 -0.32977294921875 -0.042388916015625
0.00329589843749999 0.0789031982421875 -0.199493408203125 -0.146041870117188
-0.0459785461425781 0.0579681396484375 -0.0668792724609375 -0.157150268554688
-0.0933151245117188 0.0192947387695313 0.0338287353515625 -0.0606575012207031
-0.09185791015625 -0.0197677612304687 -0.105552673339844 0.0466079711914063
-0.146575927734375 -0.0600738525390625 -0.269775390625 -0.172348022460937
-0.086944580078125 -0.103721618652344 0.361175537109375 0.152069091796875
-0.109199523925781 -0.0284347534179687 0.199493408203125 -0.050384521484375
-0.0929107666015625 0.0787506103515625 -0.0266265869140625 0.0360260009765625
-0.0045928955078125 0.111961364746094 0.0245513916015625 0.151107788085937
0.0802230834960938 0.0569000244140625 0.153060913085938 0.191482543945313
0.0745620727539063 -0.0265655517578125 0.323211669921875 0.090179443359375
0.0751724243164063 -0.0634994506835938 0.373291015625 -0.112762451171875
0.0905380249023438 -0.044464111328125 0.354034423828125 -0.144195556640625
0.0759353637695313 -0.052001953125 0.36767578125 -0.1077880859375
0.0966415405273438 -0.00136566162109375 0.316314697265625 0.03466796875
0.0791168212890625 0.0794830322265625 0.166702270507813 0.09649658203125
-0.00917053222656251 0.136680603027344 0.116165161132812 0.0233840942382813
-0.1263427734375 0.048858642578125 0.172821044921875 -0.0384063720703125
-0.105484008789062 -0.0317611694335938 0.405548095703125 0.03948974609375
-0.0663604736328125 -0.0864334106445313 0.528228759765625 0.453216552734375
-0.296173095703125 -0.2191162109375 0.3153076171875 0.123565673828125
-0.29779052734375 -0.060791015625 0.182693481445313 -0.0411529541015625
-0.261428833007813 0.178665161132813 -0.00882339477539064 0.0349597930908203
-0.0621185302734375 0.258819580078125 0.0210494995117188 0.121269226074219
0.138412475585938 0.19842529296875 0.1123046875 0.182647705078125
0.199630737304688 0.0316925048828125 0.267807006835938 0.0933074951171875
0.217239379882813 -0.0738983154296875 0.317138671875 -0.086151123046875
0.254913330078125 -0.052337646484375 0.294158935546875 -0.11212158203125
0.236801147460938 -0.0710906982421875 0.308746337890625 -0.093658447265625
0.229232788085938 0.04595947265625 0.248947143554688 0.01885986328125
0.172256469726563 0.206161499023438 0.119804382324219 0.0659027099609375
-0.019134521484375 0.31463623046875 0.109901428222656 -0.030059814453125
-0.30731201171875 0.1749267578125 0.1875 -0.06884765625
-0.331817626953125 -0.0353393554687501 0.410369873046875 0.032440185546875
-0.312347412109375 -0.205108642578125 0.50518798828125 0.405670166015625
-0.4705810546875 -0.3106689453125 0.216827392578125 0.05322265625
-0.464141845703125 -0.0871887207031251 0.123947143554687 -0.0359954833984375
-0.410980224609375 0.2677001953125 0.00373077392578122 0.0398063659667969
-0.114776611328125 0.38677978515625 0.0234222412109375 0.0842819213867188
0.179901123046875 0.326141357421875 0.0654449462890625 0.147216796875
0.301971435546875 0.092193603515625 0.177215576171875 0.0761871337890625
0.329620361328125 -0.0703125 0.211654663085938 -0.0514068603515625
0.380340576171875 -0.052032470703125 0.188888549804688 -0.06304931640625
0.3612060546875 -0.08563232421875 0.20281982421875 -0.0620574951171875
0.331878662109375 0.0772705078125 0.141281127929688 0.00482177734375
0.2557373046875 0.295989990234375 0.049346923828125 0.0271835327148438
-0.00500488281250003 0.45526123046875 0.081817626953125 -0.0859909057617187
-0.43414306640625 0.301300048828125 0.180923461914062 -0.0986328125
-0.512451171875 -0.00973510742187502 0.36700439453125 0.026092529296875
-0.516876220703125 -0.28265380859375 0.4173583984375 0.3182373046875
-0.58477783203125 -0.35589599609375 0.0724258422851562 -0.0484848022460938
-0.58184814453125 -0.0905151367187501 0.022216796875 -0.0366325378417969
-0.510650634765625 0.3414306640625 0.0038795471191406 0.0458412170410156
-0.145050048828125 0.478607177734375 0.0221138000488281 0.0386619567871094
0.20550537109375 0.412811279296875 0.00931549072265627 0.088287353515625
0.363739013671875 0.138946533203125 0.0566635131835938 0.04296875
0.393463134765625 -0.055419921875 0.0720367431640625 -0.0119476318359375
0.4483642578125 -0.04498291015625 0.0552291870117188 -0.00356292724609375
0.429901123046875 -0.088226318359375 0.0681419372558594 -0.0151939392089844
0.385223388671875 0.09503173828125 0.00813436508178713 -0.000645160675048822
0.3050537109375 0.33990478515625 -0.0386276245117187 -0.0109901428222656
0.01434326171875 0.5277099609375 0.0330963134765625 -0.132797241210937
-0.49163818359375 0.38458251953125 0.151092529296875 -0.11749267578125
-0.60919189453125 0.0223999023437501 0.278549194335937 0.030059814453125
-0.636962890625 -0.3150634765625 0.269699096679687 0.207199096679688
-0.61505126953125 -0.3455810546875 -0.1026611328125 -0.166000366210938
-0.6129150390625 -0.0697631835937501 -0.110198974609375 -0.0408859252929687
-0.522735595703125 0.368927001953125 -0.0122833251953125 0.0472946166992188
-0.14422607421875 0.4969482421875 0.00796318054199218 -0.011056900024414
0.20428466796875 0.42852783203125 -0.0549812316894531 0.0144805908203125
0.371063232421875 0.16064453125 -0.078460693359375 0.00221252441406251
0.3970947265625 -0.031158447265625 -0.0823440551757812 0.0290374755859375
0.447967529296875 -0.029541015625 -0.0861892700195312 0.0571212768554688
0.432525634765625 -0.07293701171875 -0.07598876953125 0.0390548706054688
0.37335205078125 0.104095458984375 -0.12738037109375 0.00152587890625001
0.2947998046875 0.33349609375 -0.126739501953125 -0.044830322265625
0.015167236328125 0.505767822265625 -0.0216522216796875 -0.161483764648437
-0.476287841796875 0.38189697265625 0.109542846679687 -0.118125915527344
-0.60028076171875 0.0309448242187499 0.162353515625 0.0465850830078125
-0.64935302734375 -0.3052978515625 0.0921859741210937 0.0915145874023437
-0.550384521484375 -0.273712158203125 -0.280731201171875 -0.276611328125
-0.534698486328125 -0.0321655273437501 -0.24737548828125 -0.0473785400390625
-0.437164306640625 0.3275146484375 -0.0419235229492188 0.0414466857910157
-0.113677978515625 0.41387939453125 -0.0175857543945313 -0.0539970397949218
0.167724609375 0.362060546875 -0.1129150390625 -0.0567169189453125
0.313934326171875 0.1495361328125 -0.202117919921875 -0.036224365234375
0.335296630859375 -0.005340576171875 -0.2242431640625 0.067138671875
0.377960205078125 -0.00823974609375 -0.214065551757812 0.10858154296875
0.3681640625 -0.0416259765625 -0.208038330078125 0.0865936279296875
0.300506591796875 0.106903076171875 -0.241592407226562 -6.10351562500134E-05
0.2222900390625 0.28125 -0.191726684570313 -0.0787200927734375
-0.00946044921875003 0.3997802734375 -0.0630950927734375 -0.172515869140625
-0.395111083984375 0.290283203125 0.0720596313476562 -0.103225708007813
-0.487762451171875 0.0119934082031249 0.046844482421875 0.0619697570800781
-0.554779052734375 -0.258148193359375 -0.0769500732421875 -0.0179595947265625
-0.39447021484375 -0.161712646484375 -0.4312744140625 -0.359130859375
-0.35906982421875 0.00842285156250005 -0.362579345703125 -0.053131103515625
-0.270294189453125 0.220596313476563 -0.080535888671875 0.0351943969726563
-0.06317138671875 0.254562377929688 -0.0469970703125 -0.0730667114257813
0.102203369140625 0.228225708007812 -0.14923095703125 -0.107101440429688
0.20379638671875 0.110595703125 -0.2890625 -0.063751220703125
0.220611572265625 0.02008056640625 -0.3304443359375 0.0975341796875001
0.249252319335938 0.01446533203125 -0.309539794921875 0.144256591796875
0.249557495117188 -0.001220703125 -0.3089599609375 0.1171875
0.184326171875 0.0979766845703125 -0.3157958984375 -0.0116271972656251
0.114501953125 0.193435668945313 -0.219497680664063 -0.113510131835937
-0.038055419921875 0.239395141601563 -0.079315185546875 -0.170440673828125
-0.2626953125 0.154449462890625 0.0476608276367187 -0.0829849243164063
-0.306396484375 -0.013275146484375 -0.0454521179199219 0.0649299621582031
-0.376251220703125 -0.173980712890625 -0.209182739257813 -0.1104736328125
-0.17327880859375 -0.025726318359375 -0.53094482421875 -0.396942138671875
-0.129890441894531 0.0441513061523438 -0.4417724609375 -0.0492858886718749
-0.0673599243164063 0.0829925537109375 -0.119384765625 0.0379257202148437
-0.00682449340820313 0.0624809265136719 -0.0706253051757812 -0.0618209838867188
0.0198822021484375 0.0637893676757813 -0.156600952148438 -0.125869750976563
0.0617408752441406 0.0558624267578125 -0.32403564453125 -0.074432373046875
0.070068359375 0.0423507690429687 -0.3824462890625 0.114013671875
0.0826950073242187 0.0349884033203125 -0.35919189453125 0.15771484375
0.0965652465820313 0.036651611328125 -0.3651123046875 0.12518310546875
0.0491790771484375 0.0711212158203125 -0.343536376953125 -0.0306701660156249
0.00583648681640624 0.0822296142578125 -0.213119506835937 -0.14495849609375
-0.0460739135742188 0.0628280639648437 -0.0755767822265625 -0.159561157226562
-0.0960617065429688 0.0251388549804688 0.0354957580566406 -0.063995361328125
-0.0976409912109375 -0.016693115234375 -0.104660034179687 0.0512619018554688
-0.155609130859375 -0.058258056640625 -0.285797119140625 -0.17431640625
-0.0822710314371244 0.115407861854601 0.100220867947465 0.402377371949909
0.0307388352265658 0.11859231935582 0.170381924622896 0.147679911782067
0.1250331869556 0.0255779775296316 -0.0571900117663213 -0.0362927181261522
0.0958093292254588 -0.0911840972826094 -0.155207796018395 0.0863629499938803
-0.0375558276576095 -0.117533769157197 -0.09999817000857 0.269920451745983
-0.0999701232884714 -0.0527517368630996 0.0722764990068857 0.352267311417955
-0.120794830080175 -0.0246203263420559 0.248319906942423 0.331960383746085
-0.117372272783621 -0.0224450869908157 0.324970079085944 0.2804034804909
-0.119213157268362 -0.0350360107716301 0.265592070072757 0.311112200073259
-0.0839563550574313 -0.0711676076341653 0.119854012814021 0.300918807138918
-0.00545135039758081 -0.120614399957953 -0.02121556604651 0.209994843838721
0.117060700607488 -0.0833607247730731 0.0248053261663989 0.101174598412127
0.114239917961061 0.047566669301453 0.134369494021536 0.105961936178232
0.0183357483161885 0.0956602746222393 0.186807278963683 0.374350648393965
-0.061587255542898 0.0773271504065179 -0.0205191898637869 0.697905983861981
-0.0546273654878543 0.354333116361528 0.132002385753606 0.328026508041348
0.13116202387501 0.294289617405302 0.181872347365995 0.110582164352753
0.3121415643362 0.106036367819963 -0.0500731505778353 -0.070826390581377
0.266422511796081 -0.147053221878605 -0.161675475137752 0.0345306341548816
0.0253529440408815 -0.268355167372985 -0.139469545472086 0.23197323497073
-0.131898880232348 -0.188369460449478 0.0256058582010389 0.317406022314133
-0.206408905895408 -0.149421486266202 0.183909569210925 0.304157542491735
-0.230042794606661 -0.140416654572629 0.256228651624042 0.254786700574185
-0.230009272702017 -0.163854858549363 0.214183181563232 0.2754239301448
-0.131274109844905 -0.209353514944959 0.0795652549109195 0.241731086437998
0.024666902958125 -0.278873559669225 -0.0388914731395505 0.146646025464478
0.279508621661613 -0.187324265220486 0.0533728091329008 0.0425465997234374
0.333627204351161 0.07618248930659 0.171170680075621 0.0791192084766982
0.154598299792544 0.271420078743018 0.219346705937508 0.363932055473868
-0.0261242415747225 0.334998888702494 0.0296749729787966 0.66535657670877
-0.0191663245006293 0.552619323253195 0.161671744321592 0.185989517430013
0.225606733396094 0.446692449795118 0.172196865000715 0.0328014462573572
0.479246532430596 0.175200825762442 -0.0518697115284586 -0.101067330286802
0.417900945867797 -0.191954946801671 -0.153726350819916 -0.013196844037724
0.0920207689631795 -0.393994713986758 -0.155229259263053 0.170352316861304
-0.142711978344676 -0.304013422719044 -0.0179518695541534 0.237655867304498
-0.259217127004748 -0.254922571485145 0.0947657120329316 0.227778281800865
-0.308033554772206 -0.236786514655161 0.148045983844412 0.188922282868407
-0.310949884020413 -0.263671507133811 0.127578587852719 0.201504329987478
-0.169341206002919 -0.313122571457846 0.0222901244160359 0.147766808483769
0.0363567597342039 -0.402314724435965 -0.05641443805107 0.0585241934489611
0.394685870923048 -0.286896669764552 0.0740014091723387 -0.0301316838220913
0.513724751093124 0.0708689780292973 0.191371161785437 0.0385600607659743
0.288650354427142 0.395682732596772 0.221096687903254 0.312519799087488
0.023537515899941 0.540343993898734 0.0652116562645481 0.547764694950495
0.025900666191219 0.682938424077996 0.181424917786771 -0.0106855395848578
0.312675995794299 0.543335168314948 0.13491983329365 -0.0822596857926655
0.602948784724089 0.213417101447817 -0.0639995159149588 -0.128700379213154
0.522239822191753 -0.230540677256919 -0.134171215253724 -0.0581990919477657
0.142596340106467 -0.474766296261207 -0.148061788780713 0.0842884645741742
-0.135368394039709 -0.379677534496601 -0.056401213752309 0.118461109177186
-0.273163816537217 -0.324270882642988 -0.007520186363426 0.113558231936419
-0.340861067519494 -0.296051725948056 0.0176908770892558 0.0957614000809569
-0.345639506398486 -0.321109167893256 0.0167804829725842 0.10048584846733
-0.182976925998761 -0.368974059096544 -0.0480951045757532 0.0330734054849572
0.0371871364012901 -0.467149118661569 -0.0752189600834543 -0.0443760879946232
0.448269525670903 -0.347690777293993 0.0814321348279159 -0.107347276327416
0.615606588998153 0.0477665839397359 0.187912643424116 -0.00641479569100771
0.378607024273067 0.447899290554051 0.18088227301194 0.229763986297333
0.0683672184519527 0.65611222803528 0.0747520845787061 0.367937282015576
0.0741118037653191 0.712833452810832 0.182346164298953 -0.236889908321585
0.363685020662576 0.552411709163186 0.0709476246362608 -0.218101560920531
0.635394689779727 0.20467692951514 -0.0803418259194667 -0.149008751652684
0.538853059562466 -0.240369494908894 -0.0998517096535335 -0.0988698611072581
0.163182182031408 -0.480857567747434 -0.119400659669352 -0.0200267164865472
-0.110279240518398 -0.392940833288231 -0.0876187372566043 -0.0247819257380576
-0.244615829959463 -0.344857356448614 -0.109510466551716 -0.0213035955116317
-0.319061222619417 -0.31220002705134 -0.116036622789298 -0.011465703217079
-0.323609516564893 -0.332996334663962 -0.100866779364574 -0.0119128854572283
-0.161062256107067 -0.370104660031868 -0.118414222243689 -0.0851916788959024
0.043703965473645 -0.451912791199964 -0.0869644282590143 -0.146415607929006
0.431509100448329 -0.334070537158423 0.0810663863737698 -0.170674101447055
0.604726952662487 0.0400309623361506 0.163862601770912 -0.0392173636591655
0.386605208850678 0.435559905846972 0.106311888749103 0.136159255783461
0.0916085616989641 0.667290691175721 0.0574060184709835 0.156892353108582
0.117802157167417 0.632469156720548 0.159290830538001 -0.455473246476627
0.354949883006353 0.460772188830491 -0.00976050617938769 -0.34328881565384
0.550463862448634 0.15887599551054 -0.0920196047462206 -0.156161930365989
0.448913862024514 -0.202930298627421 -0.0563755860771403 -0.126535119318551
0.148921270851311 -0.398078374623336 -0.0755133659252662 -0.121387051153504
-0.0699958418364021 -0.336867522513474 -0.106882042838432 -0.164248749425977
-0.178596560198946 -0.306750428033203 -0.195608712348148 -0.153839562941888
-0.247732809578843 -0.280741833606862 -0.231462971626998 -0.117033551841739
-0.24614505260496 -0.296670090783515 -0.20266890023855 -0.123214915838555
-0.103310907296185 -0.315703982582614 -0.166412847363428 -0.192486222342106
0.0606385933417308 -0.35937610551443 -0.0757151265558483 -0.228187161975951
0.358998732257245 -0.241744404719955 0.0850178178667137 -0.203471898951311
0.485096325272094 0.0528444024427342 0.132849913152225 -0.0493431050652247
0.308095032617446 0.360928896849312 0.0230757778777781 0.0501997206681974
0.0891361620982502 0.570621030458854 0.0280235927504519 -0.0476960600081499
0.143622085059884 0.448640279894602 0.114778029346703 -0.624155924256208
0.28203446092955 0.287686693870279 -0.0931980538454482 -0.431586307212696
0.36056111045689 0.0850880414518199 -0.100599938701507 -0.144554329950983
0.276295800426903 -0.127203847733433 -0.0176581685204421 -0.13110664065116
0.106929256636256 -0.243040577739966 -0.0273738003954825 -0.193732695325629
-0.0194876338125195 -0.221712465554366 -0.111247345728917 -0.271080260468464
-0.0855940451825289 -0.219186142926894 -0.252780881719522 -0.259111825621368
-0.138232468546577 -0.20589990209831 -0.313013806740212 -0.204777294882957
-0.130949546733147 -0.21855786516199 -0.270422444351134 -0.217726438804238
-0.0277034853364173 -0.218640487420292 -0.180170492519894 -0.271809368436088
0.0731673348086631 -0.215283329675264 -0.038075647079973 -0.275925910892275
0.238764283524548 -0.112645104097067 0.0957884704809171 -0.198851605885834
0.296338384350638 0.063792156078447 0.103652072389504 -0.03735390819637
0.182663036781669 0.238279510589095 -0.0443355654592374 -0.017723023646664
0.0707828753881911 0.390663375489775 -0.000749487106996165 -0.215298412233729
0.144071499875289 0.194478656396275 0.0524839688752914 -0.71500630075079
0.166748656588872 0.072062364159648 -0.174602967882913 -0.471909187570367
0.122102037651892 -0.00134240128240677 -0.116456145020797 -0.116432821031937
0.0681451508208903 -0.0359805520940686 0.00445742183336682 -0.107462024054115
0.0496129708844741 -0.054442965507046 0.0148718868681442 -0.221017407669766
0.0346281145984411 -0.0738965478052023 -0.101301333911791 -0.326308801936999
0.0216269715001647 -0.096564427968708 -0.270894044266456 -0.321619680870235
-0.00703585653064952 -0.098748436245201 -0.346321478271379 -0.262175465261301
-3.59171608590413E-05 -0.10721070007406 -0.294611945942996 -0.283358292222819
0.0429031148365252 -0.092696590959208 -0.159195154927374 -0.314952459186225
0.0661593684451172 -0.0543769279979804 0.0170569716352036 -0.285251664777854
0.0898764717370439 0.00807238925307345 0.107300785138146 -0.165853637349245
0.0862748921050117 0.0485148890133393 0.0800985684270776 -0.015037574939254
0.054532467081353 0.0826008964732572 -0.0848955322528208 -0.066229728663387
0.0503703683904791 0.160885072519252 -0.0221233377086362 -0.326874334965416
-0.0766626122568601 0.121183009870138 0.127482548598266 0.406207006082577
0.0389293130829552 0.118050957376488 0.183067287631985 0.136865693430259
0.127941111236642 0.0170668139891252 -0.0600209395023655 -0.0344107607008675
0.0910509356086341 -0.0989495197091376 -0.152208321906616 0.0981052752212363
-0.045701538637798 -0.115552249429784 -0.0823478426842557 0.28339214125401
-0.103918855921641 -0.046773526797431 0.100819652930902 0.356015526261231
-0.123897214498531 -0.0161635336618301 0.279682037608156 0.317721240655083
-0.121265355821378 -0.0133995153280984 0.353417621462498 0.258687222609267
-0.124631175077922 -0.0270718236944119 0.296913424972946 0.296780661327521
-0.0905814465139937 -0.0652177487269367 0.146817053410476 0.299584352150358
-0.0151137162751906 -0.122464621078766 -0.00578748001955142 0.218322777618098
0.112068479966087 -0.094375115873857 0.0320031118662214 0.0994713165014461
0.120013401066386 0.0396950780675695 0.140449351667378 0.0973148286992671
0.0242602855721081 0.095321202903323 0.211690960222838 0.367389302654149
-0.0560963206290783 0.0818888469177872 0.0238904047840697 0.716766877873177
-0.0307564847628122 0.363475758026303 0.154841638756112 0.326874305153547
0.152835833649908 0.289397095904346 0.190738625888729 0.0982689470869564
0.323833459034312 0.084458398138108 -0.0554384428001177 -0.0692339190954848
0.26107689796135 -0.1670822180212 -0.161568722169221 0.0452280513065214
0.0072854193807241 -0.274089535629114 -0.124955095581969 0.249314560434942
-0.14502868954283 -0.182770376439476 0.0506255705164612 0.323764670609367
-0.220326669175977 -0.137440961318505 0.211893883106827 0.295236243974269
-0.246588108545739 -0.124452430724544 0.282456271949257 0.237361623749553
-0.248683841559923 -0.150463008757961 0.242008508564015 0.263697360332978
-0.147203252585472 -0.203831263273194 0.10162384263756 0.24178995418035
0.00414776640745691 -0.286167088378135 -0.0274794355166745 0.155807461076347
0.271275312838834 -0.212979731392048 0.0559124369473743 0.0371074214787073
0.346273021234508 0.0533510451712375 0.176401181149634 0.0682658174573598
0.175959627810902 0.266313097351841 0.245837894271805 0.356544028382559
-0.00325381796743957 0.343822536865889 0.0736613376406525 0.677545155747422
0.0185568792964939 0.56559151846842 0.175197275845174 0.180324744451944
0.259641095983231 0.43799032183033 0.174660715984259 0.0214124287630639
0.497704903838103 0.143970033452997 -0.0584562926109869 -0.0992140643833809
0.414187317511139 -0.22420645717587 -0.156707375520421 -0.00456207045586855
0.0656673453320777 -0.407102614118201 -0.145016035632824 0.188360910355798
-0.164404693390721 -0.301179860662839 -0.000349485037500475 0.245725703843822
-0.281805113901448 -0.24291291147194 0.114394418974126 0.224699164400748
-0.334595715112632 -0.217354028967326 0.167411997335624 0.179697049792443
-0.338172997716825 -0.245415252313296 0.147486283187257 0.193469377742108
-0.193411896814055 -0.307934953854239 0.0349344823949137 0.149813848254447
0.00667244897246992 -0.413944412064241 -0.0511957621173252 0.0672018519915836
0.383052086065058 -0.323006768917094 0.0714494011102638 -0.0391528491643072
0.530740865530955 0.0349875782753012 0.194940542735691 0.0266590480611128
0.321098867148554 0.384722722182082 0.247137767567518 0.3040418183823
0.0613908202326419 0.551015590099443 0.103197258455194 0.555431757824648
0.0738334721045333 0.694835728578109 0.182268314411581 -0.0209274209682531
0.35424224656995 0.53181910109755 0.128699561410588 -0.0928346744627145
0.628021962711645 0.171187239035711 -0.0734005779884687 -0.126136839428862
0.518831819144051 -0.270989669536875 -0.139267759707755 -0.0517776588002298
0.110474913000672 -0.493773893633166 -0.143152362054125 0.100736094905586
-0.162964519254814 -0.378470003007732 -0.0490785685398386 0.126588808764936
-0.301584008853953 -0.312422546755979 0.00120633150983778 0.116829071269429
-0.372510996390518 -0.275919153558634 0.0266075768559272 0.0956562354510053
-0.378330623239851 -0.301861430823412 0.026731243473784 0.0990249565957992
-0.212006724086878 -0.36436231661299 -0.0454181704450569 0.0377027034869572
0.00278779598305572 -0.479576723662711 -0.0777468788373952 -0.0372235166938636
0.434040398787434 -0.38998396501846 0.0732267055872621 -0.118722719794104
0.631401377603284 0.00383089427077343 0.189732685405853 -0.018397906169612
0.416395992903465 0.431050113013491 0.201656448049356 0.223564510459595
0.115739794619535 0.66764610883115 0.101421567795495 0.369983876241129
0.126340250123471 0.722626917937093 0.168461053137744 -0.252253494510729
0.406832674434455 0.537915290778896 0.0544334631870773 -0.226053149894808
0.662179095107495 0.162862226926124 -0.0912055404382639 -0.14609012858074
0.536109001646536 -0.281896151400885 -0.107599130604865 -0.0955918692470265
0.130954715089509 -0.503498568378968 -0.121520438579777 -0.00785380735352034
-0.139169441165301 -0.395166999147799 -0.0922682588195583 -0.0179366453442105
-0.274629984231661 -0.335851411573532 -0.113734480868692 -0.0124314943728408
-0.352332506614422 -0.293053146195205 -0.118821270123796 -0.00285415599659267
-0.355644960589562 -0.314551066489935 -0.102158729889775 -0.00680734025910284
-0.188732552050752 -0.366740037588933 -0.126404943679004 -0.0785349215496999
0.0110439174594861 -0.464639390830554 -0.0974838701123101 -0.14062937900763
0.419758401394097 -0.374522740359298 0.0680522401163157 -0.182509199709358
0.620568253675704 -0.00532302420454901 0.163983083459783 -0.0498884691670251
0.422695372520827 0.418133577284118 0.121181585668697 0.133276447135052
0.141813154059524 0.676738571543526 0.0707053438801104 0.154181301481613
0.165131247559082 0.639084310926489 0.131801240831523 -0.472634791550814
0.39263352183909 0.446234638704558 -0.0365701317068732 -0.348011320483514
0.571930270193591 0.122521810602508 -0.103572591195148 -0.151575480613849
0.447101945761557 -0.237863096457757 -0.0647152301684779 -0.1260103251536
0.122049462590471 -0.418473900495175 -0.084741072563078 -0.116129147462303
-0.0948686126362892 -0.340828251957691 -0.122802730774855 -0.159356681991312
-0.205904160433112 -0.302442960260015 -0.212043155541665 -0.139349852368115
-0.276893223261665 -0.268145991547852 -0.244416725904223 -0.100667559358952
-0.274677224540422 -0.284579414526544 -0.215183900976755 -0.111954007133932
-0.126140220589841 -0.316012142622128 -0.184134508794418 -0.183854216390865
0.0345020315504806 -0.370732276152468 -0.0927194666935389 -0.226424918534579
0.351060514868772 -0.27382265556315 0.0699107977842104 -0.214813443595864
0.499959572254701 0.017293073704058 0.132355889429095 -0.0580085719231388
0.340772248646363 0.347435698860255 0.0319131678203644 0.0515663831920274
0.132101607749395 0.578350731956134 0.0270265475878977 -0.0536555378933215
0.178880215155914 0.45064286517915 0.0756391606624612 -0.64253145312227
0.306658282470844 0.275314469287886 -0.126378941391666 -0.431790653240758
0.374422773993306 0.0610348023604999 -0.112705493075204 -0.139290839159134
0.276386382497069 -0.149339059354904 -0.0257399170166935 -0.132946493160304
0.0900502762288759 -0.257007361216567 -0.040904629980006 -0.194253580943709
-0.0361960141552557 -0.22699475761095 -0.13546608435844 -0.269008592975968
-0.105143716269366 -0.220243683008306 -0.279467489629758 -0.242697602870144
-0.158259418761092 -0.20018084406842 -0.334791711128746 -0.18236866566943
-0.150932693437528 -0.212914746842461 -0.292500564678541 -0.201638328902663
-0.0434110342451069 -0.222754388832096 -0.204100622154803 -0.263712146662711
0.0590940771323841 -0.225022863769038 -0.0579843609592647 -0.278295316124989
0.238397831972435 -0.132532340981018 0.0813602936056536 -0.209809478776896
0.308176077712756 0.0426735019073566 0.104964050497044 -0.0439926066482376
0.204092711050454 0.230501692221853 -0.0416720839138566 -0.0134364864965338
0.0997510213732739 0.39648592807146 -0.0131876133982902 -0.223985400056362
0.161175945987848 0.191169657719342 0.00793309034596828 -0.732125071560956
0.172875853600805 0.0638707923326513 -0.210026719746604 -0.466483788356154
0.124812243917428 -0.00896919227684753 -0.125916388842063 -0.109356370513647
0.0692915628624288 -0.0412590771944349 -0.00179165551173859 -0.110111166835092
0.0465519918339299 -0.0606306119547708 0.000202941746926874 -0.22742140610213
0.0292953084854482 -0.079156748550753 -0.130000323577959 -0.327205924569076
0.0132051822282317 -0.102362430536817 -0.302912255937215 -0.306212783712869
-0.0160020434268876 -0.101716940019403 -0.374030722763917 -0.238428054536372
-0.00825922929164104 -0.110456410349709 -0.322191247217937 -0.265642311625615
0.0369851878126121 -0.0992153694193846 -0.18681297379122 -0.309324366045097
0.0643131384762676 -0.0610436015899094 -0.00384998272132351 -0.293541999113207
0.0939262725725679 0.00125949949165977 0.0966039388935973 -0.17572621830115
0.0925233154432418 0.042530615213475 0.0826060018555429 -0.0201835750073351
0.0627761607845128 0.081350360106276 -0.0870357607510165 -0.0612986421906596
0.0633551271819248 0.162793413421054 -0.0431702520116337 -0.337199265458044
-0.0697441104159884 0.124599725476547 0.151582805886139 0.398892897849843
0.045892822099252 0.114087258539793 0.189660876282294 0.123506980991351
0.127395878407409 0.00929345143436301 -0.0617673966998717 -0.0315659901229327
0.0841152641639197 -0.103290213562999 -0.146210324931715 0.107484977235559
-0.0523812414865926 -0.111195725444279 -0.0626866501454247 0.290107479702695
-0.105300082213951 -0.0394412111952151 0.126521552396099 0.350096621485703
-0.123697604954394 -0.00746789999055312 0.302702523594804 0.295953176576692
-0.122844885448278 -0.0042625520158015 0.371326365375136 0.231246684092924
-0.127051577470209 -0.0176828027672636 0.319797381975756 0.274177889843332
-0.0939780314555898 -0.0582162623228022 0.169098533414731 0.289777820331466
-0.0244153225099033 -0.120999864778598 0.00996227255363502 0.22130464752152
0.104266529861586 -0.102455381746049 0.0369863655405887 0.0952509527110108
0.122435124149921 0.0313017760874482 0.142619580503087 0.0877039272338691
0.0293344348787837 0.0939283356446312 0.230923084645779 0.354062983293691
-0.0501651430313419 0.0839142896664768 0.0664568553863633 0.717114790358144
-0.00838658402205158 0.363884767792648 0.172342806655472 0.319221484651944
0.169504918077232 0.278255579037987 0.194540061061341 0.085005213577045
0.326701339427304 0.0625196096648891 -0.0593377144797438 -0.0659214406360079
0.250947830535348 -0.182149588571304 -0.158255359966176 0.0541777931638255
-0.0109618506823838 -0.27225679699114 -0.106483149008072 0.259278314254477
-0.154808553398672 -0.17304913309087 0.0738001787651785 0.321743724516938
-0.227876991664881 -0.122888025140313 0.232763902005474 0.278628454014329
-0.256466997289728 -0.10652002322243 0.299092530438304 0.21423885808777
-0.259062310523774 -0.131852954754183 0.262356349838213 0.244711773046816
-0.159517344560495 -0.19411273520269 0.120338437656802 0.234646042461561
-0.0161647816773094 -0.285588886734848 -0.0148787187752339 0.160278296356772
0.256702341192383 -0.231524657550631 0.0563593978014038 0.0309393096322004
0.350396147838594 0.0306150159046873 0.176868337720777 0.0571646897375081
0.192034600521298 0.256156595220843 0.265288251761689 0.341530897381113
0.0200221684641183 0.344383572175365 0.1145680750631 0.673252168088557
0.054439604620861 0.562752928569342 0.184325062575026 0.171510115635834
0.286008989854811 0.419544003088926 0.172837487277903 0.00981681608971106
0.50474153569293 0.108673435528149 -0.0648256608061815 -0.095294951736068
0.400227694820459 -0.249409842900886 -0.155956447351858 0.00365003506727417
0.038068543741414 -0.409324986663606 -0.130227100467242 0.200645614753149
-0.181584239301305 -0.29073150491422 0.0164392713777581 0.246796628483247
-0.29704101851801 -0.224449446949787 0.13046147843755 0.21632302384562
-0.352009901113986 -0.191858763692746 0.180794316656322 0.16510169569722
-0.356487184284972 -0.220892021876903 0.16331044494286 0.180574779325198
-0.211788963105512 -0.296249175733944 0.0471790163261971 0.146875420384566
-0.0216344019187482 -0.412861743500709 -0.0438937263068511 0.0729001846387621
0.360884819703445 -0.34992231416974 0.0661588970516799 -0.0460094547972499
0.53249354829421 -0.00172809779292669 0.193425895149495 0.0153783874280992
0.345334583106331 0.364153199457313 0.264982406571224 0.289605686664092
0.0976612095927349 0.548065717997184 0.137452831634719 0.549772525644771
0.118739434250657 0.689441955300637 0.179392567857659 -0.0298876173694671
0.385293461725283 0.508253639293379 0.119810225841854 -0.0999375477289843
0.634869858312316 0.126616507235638 -0.0806799615975301 -0.12023032658023
0.502489813934235 -0.303448014521957 -0.141018888339045 -0.0447623456849215
0.0766192527383121 -0.500074898254749 -0.13352171233336 0.113450905048044
-0.18534753133283 -0.369044422419542 -0.0405012185649201 0.131154483018661
-0.321144919946977 -0.293430566837769 0.0101326274063154 0.116722457609889
-0.394452640658899 -0.248842798642817 0.0343100100463983 0.0921035384586088
-0.400309865983931 -0.274250140960648 0.0351557412076898 0.094449746699427
-0.233225545349738 -0.352297522059835 -0.0417471336391047 0.040243192502803
-0.0294858628287423 -0.479340910148858 -0.0775148844168287 -0.0302162448074235
0.409510780457617 -0.420521260202183 0.0622081666968198 -0.125117033801758
0.633094004514806 -0.0385568053643019 0.186436688600946 -0.0285693026736268
0.443085930408077 0.407111825111466 0.217290488416316 0.211215015820681
0.160886673508445 0.661058923820811 0.12453447912561 0.362446222422766
0.17291200376489 0.714580890049784 0.152760682299324 -0.259519715335196
0.43778802348416 0.511665524503921 0.037828056237642 -0.226502293718994
0.671050783844706 0.116461200046093 -0.0999359536958294 -0.138839108169734
0.520983221287332 -0.315130452258442 -0.111598715421106 -0.0907621536800885
0.0949597995940873 -0.511819357690529 -0.119705466191529 0.00326967020179463
-0.164588266830352 -0.388266596284258 -0.0935255391256957 -0.0101900254835527
-0.297287957333657 -0.318469730603557 -0.113617004410524 -0.00314853062633805
-0.375604346152602 -0.268432126572932 -0.116978092926119 0.00593986335139955
-0.37909595427679 -0.28934171629377 -0.102159869848527 -0.00167012415872476
-0.211206271154506 -0.356251239781935 -0.131296303329108 -0.0702588227257789
-0.0204700997518892 -0.464084827994748 -0.10412241629191 -0.133621279274983
0.396381176593259 -0.402734894527296 0.0533518270009604 -0.188435184575976
0.620156613331387 -0.0458522809200979 0.160501418482121 -0.0586902510176404
0.450259439876073 0.392949360779733 0.133650921323679 0.126150277730391
0.185639411454634 0.670758482626089 0.0808139629618082 0.147672383641142
0.208595786906215 0.628526949651193 0.102857910097332 -0.478502987896683
0.41747955176193 0.422131752936194 -0.0596077667322622 -0.341698683287855
0.579142953163048 0.0838115457214146 -0.112370336596411 -0.144292227701827
0.435311942541083 -0.267353662754966 -0.0715049830319769 -0.124029737207358
0.0925082272999336 -0.426516122257774 -0.0902285075112405 -0.108112274631583
-0.11766911468349 -0.33627192701034 -0.134391477100217 -0.150710108871909
-0.227084667522083 -0.290848711969121 -0.221410049534845 -0.122795903734731
-0.297809482415457 -0.247758841246898 -0.250506668828443 -0.0811210432922343
-0.295746755078875 -0.265283436698973 -0.223057953667428 -0.0972743130301138
-0.145944762219015 -0.309563506706884 -0.196576866828206 -0.171063595502814
0.00970327603921381 -0.371712500762201 -0.105622991767745 -0.219867719942979
0.334764317689735 -0.298553452574551 0.0531914792208113 -0.21939772590289
0.501431186811627 -0.0157395326148402 0.129808008108646 -0.0648577092961857
0.361366274716513 0.326383011312179 0.0395709768350559 0.0502264719938575
0.169589001534967 0.571845935310451 0.0240194463608807 -0.0589136093555994
0.207916360645084 0.439930727533489 0.0382649324582392 -0.645103584394814
0.321756503462907 0.25818283251056 -0.153849997329221 -0.419857615996472
0.37893732156615 0.0373972279791787 -0.12015699261708 -0.131889730582466
0.270127956502996 -0.167155453585168 -0.0326257372570905 -0.132934750049684
0.0712211875212755 -0.263949874376135 -0.0519632039842141 -0.190810255734818
-0.0518086514024455 -0.226191914320308 -0.154868959304483 -0.260021430247425
-0.121198421599098 -0.215157582617391 -0.295610583471437 -0.221037771969205
-0.174588249194672 -0.189483714029626 -0.346040684264291 -0.156060671544005
-0.1668472415366 -0.202977041880214 -0.307279173891968 -0.181245655401214
-0.0576224175604972 -0.221641527458101 -0.223405470875356 -0.249585933156561
0.044096159959175 -0.228429161643463 -0.0761365269424836 -0.274573047015718
0.230513975865049 -0.149556746287448 0.0662126596665999 -0.214038553730506
0.311332992523723 0.0213378021560936 0.103753514277838 -0.0498944004219595
0.21820778118359 0.218377759840859 -0.0374382529552433 -0.0107786874440362
0.126957362913675 0.392655192005747 -0.0268185598465361 -0.227175285034226
0.174071816155235 0.182515075354792 -0.0340662885759858 -0.730702428991864
0.175909300506597 0.0552162595388593 -0.237115563356486 -0.450704994128849
0.125666834738634 -0.0162864642478188 -0.132506403788635 -0.10164037402583
0.068148992362792 -0.0455847884358422 -0.00757474827990704 -0.110782491787906
0.0417740115825567 -0.0648786207608829 -0.0150123466710859 -0.228588566964148
0.0225551784868541 -0.0822670172095959 -0.153867910201151 -0.318323101964954
0.00487149249777144 -0.10449138932665 -0.324542299531794 -0.281861110331547
-0.0245356370227007 -0.101490818328953 -0.389133421790918 -0.208272241721849
-0.0163953392614202 -0.110181557728236 -0.340770209746539 -0.241275520161746
0.0303377602748127 -0.103294836410313 -0.209050363304765 -0.296548067806457
0.060851514957572 -0.0656423847151528 -0.0241956138020878 -0.2938223836242
0.0955850505034936 -0.00628188634183054 0.0841189914651175 -0.18016610822367
0.0958665876374674 0.035288853337466 0.0840620076739638 -0.0255457979306062
0.068463650088214 0.0771140108764209 -0.0864775313613267 -0.0555921529997512
0.0741366190504814 0.161076121617436 -0.0638953792822293 -0.338531820867814
-0.0170480513045059 0.143821717389642 0.274766379605121 0.318835530990247
0.0864529864339889 0.0887945096701997 0.211265145887342 0.0492083727590127
0.120629471764446 -0.0367132429653159 -0.0721715031505999 -0.00162291449468143
0.0383061883115936 -0.125293162885416 -0.0968196732050079 0.158183420499067
-0.0858460928951987 -0.0802016448553659 0.0482451242991145 0.293021505426232
-0.10721182977409 0.00421778655030354 0.246269506653766 0.278106109044669
-0.11567511628101 0.0385947650336135 0.393006084960381 0.161280809188317
-0.111628201007739 0.0393883758599442 0.425542575080066 0.0725335221994633
-0.122870251011486 0.029317433509497 0.393832934017911 0.139337161955315
-0.105672068075395 -0.0225025752743866 0.261092619124921 0.210808466025987
-0.0656397521640914 -0.101717546962427 0.0899720168555859 0.203745462201801
0.0602149243863467 -0.130267216568766 0.0634232187566861 0.0775048685996689
0.124047550002112 -0.0132465379737865 0.156644317497121 0.0330503814446495
0.057466567061881 0.0739456639546706 0.330300605905701 0.25385388051329
-0.0214952533628718 0.0902820601270938 0.292257527564434 0.643080930035429
0.128885889705141 0.347997579269391 0.258077163170723 0.233255133304666
0.262484055400739 0.196597435384288 0.191860287757725 0.0131874918898848
0.324544754700043 -0.0606752918688289 -0.0879221557611552 -0.0235760972681439
0.162832623292384 -0.262293528983124 -0.124450930093116 0.122863930600492
-0.105121451493001 -0.24438972498872 0.0027797946387823 0.283129207509777
-0.200078079603204 -0.102958489602955 0.192747267223377 0.269643186750478
-0.256282601964258 -0.0341110501167251 0.326352372139683 0.174144537343764
-0.270951650394214 -0.00823101247556977 0.356679826733953 0.0823677215664769
-0.285523818659219 -0.0301720718418726 0.331804385045109 0.129249474338625
-0.213008318749204 -0.126497170706175 0.199217971927381 0.178288392200241
-0.115086133671642 -0.257544534244938 0.0490546372964397 0.159170382011913
0.157792362927346 -0.304644001707969 0.0566177644581483 0.0153143744843428
0.335989469521761 -0.092437828772619 0.174232219015 -0.00836012584727271
0.265951252506725 0.170264323644263 0.361664550353914 0.225902333555714
0.131183851058601 0.3143429314987 0.329316715507713 0.582165438004905
0.260469342945538 0.514167885139732 0.210568302632593 0.0880351036518339
0.423447918119343 0.288547224304892 0.136797549934139 -0.0474275381978132
0.507040282002181 -0.0834238440216652 -0.108754586070936 -0.0390575017955003
0.277165139995691 -0.382086726285815 -0.138684090013867 0.0834188407954376
-0.109244394672021 -0.388778529226848 -0.0328631886826193 0.240895546439608
-0.266822737527144 -0.203661786647406 0.117635900314504 0.221576586902352
-0.358806668288324 -0.105940370760439 0.212603448267443 0.155345463186015
-0.388553686229518 -0.0548136208656281 0.232866475947221 0.0789527897636555
-0.406543031859267 -0.0781009749295266 0.218108553376387 0.103789497757225
-0.296361943852932 -0.204417146253499 0.103005523825021 0.122441056130544
-0.163854366684102 -0.373848104586283 -0.00487508873367367 0.0903217912786273
0.215523025814387 -0.452659911422424 0.0379792480142352 -0.0562590558764149
0.496169154727974 -0.18446985957613 0.172830208984183 -0.0536709228866892
0.445197995546129 0.218817545171981 0.344505371301229 0.173044198488357
0.273729141860106 0.482388260117203 0.313204074540782 0.451411737066998
0.368665343620301 0.609040304946957 0.132409246251521 -0.0996328660615614
0.548673751260842 0.334331064993134 0.0440262243811863 -0.129535071894056
0.635515874306842 -0.114106650709579 -0.136047722891126 -0.0496863904896223
0.352578963935635 -0.470823106256269 -0.139906290287993 0.0389478878031784
-0.107445651379399 -0.487804426235178 -0.0625601639534006 0.163779160725709
-0.29919019860082 -0.276015394945089 0.0256057647327872 0.134842370107988
-0.408535925482841 -0.163249647422653 0.0670281313419277 0.109649188121691
-0.449376142760325 -0.0909576263800675 0.0742779122962543 0.0646222743702953
-0.465897488986332 -0.111775174270448 0.0705224679641315 0.0684668465904744
-0.336726621900976 -0.248036560577006 -0.0155730098184221 0.0544690541705324
-0.194015046449421 -0.432072451607104 -0.0702679613983777 0.0075832137616418
0.236713563776424 -0.533919986293782 0.00731536953755506 -0.126223776545056
0.574444932581725 -0.252377370654901 0.150396852558074 -0.0923349350559307
0.552750382552612 0.225969801357236 0.275631524575157 0.113428794137981
0.372437039451468 0.571254674942528 0.24358436195934 0.278024298712414
0.425768117995689 0.612684189586858 0.02757965339443 -0.304146600145905
0.598259831394457 0.319970331858048 -0.077599555681177 -0.217393607989926
0.665901333993645 -0.135227641795286 -0.159463557634563 -0.0584415109575834
0.365354442893422 -0.490726617358145 -0.128406485269567 -0.0137489402044017
-0.0962364705881307 -0.50624696635898 -0.0863120745245211 0.0564018738426785
-0.287605045823362 -0.302301676951812 -0.0741929226617835 0.0228243413833436
-0.397571337044418 -0.1964168540494 -0.0920382131626322 0.0460643889324948
-0.439539207241464 -0.115680105359276 -0.0953532236218984 0.041346499598689
-0.451532332804614 -0.134197541907719 -0.0899784474405031 0.0279940386903093
-0.317999247251777 -0.259478177993986 -0.136837497003694 -0.0176704772961068
-0.178511501596123 -0.421817919853203 -0.131456592272842 -0.0790907770468567
0.230397886480151 -0.514324451608279 -0.0216428148110017 -0.180752850307148
0.561188956409979 -0.25539437674614 0.116962333495185 -0.111908031905652
0.553990019544385 0.210649004632875 0.169898842125178 0.0611605946246026
0.39824554951538 0.570729305093389 0.133358101019063 0.0916554758027278
0.425612559883138 0.518574210516736 -0.0904468809134054 -0.490069067329831
0.545887931993786 0.244303979994195 -0.201929108051028 -0.290690912461248
0.570383199900413 -0.133818185930492 -0.169965888587649 -0.0636240325446096
0.304217423212502 -0.413763855735678 -0.102399884554121 -0.0647477902338856
-0.0672099276709967 -0.429098487474565 -0.10209791537861 -0.0598145113489243
-0.227882150414025 -0.273375067056341 -0.164707383919504 -0.0917868635807793
-0.322132775238382 -0.196016309839908 -0.238430675965256 -0.0250742615262527
-0.362033749006716 -0.124104161452064 -0.250269673923978 0.0114894235759361
-0.366245317418224 -0.140238656362547 -0.235721789903218 -0.0157518586252731
-0.24300941782119 -0.23860613159092 -0.234540558902544 -0.0881703820327673
-0.118758892678375 -0.34699456749085 -0.166184775280082 -0.159033999877706
0.209583842889237 -0.396048981239336 -0.0308619367715481 -0.211976293345324
0.460133499565578 -0.188818468910874 0.0897813912103925 -0.107748276380146
0.449887714298076 0.180320741923303 0.0577295387172738 0.0226420200188207
0.354353560576102 0.485410418212166 0.0130760640146934 -0.0804482766727131
0.355400373020793 0.339752408276128 -0.201457308742816 -0.621294106368637
0.393725185890307 0.125098384757458 -0.30625302545202 -0.33299489116938
0.36728682599595 -0.10427396574432 -0.166768504012252 -0.0605304278835525
0.187646382299351 -0.258934549879503 -0.0720554203846334 -0.0970873687186032
-0.0286191415191592 -0.27166593950624 -0.102327481093042 -0.15438955108198
-0.129898729859243 -0.195439481593829 -0.228461858166043 -0.185545014449844
-0.196474067815436 -0.162765618829006 -0.347441864355955 -0.089971394240064
-0.229511415090387 -0.113884707782698 -0.367465981599679 -0.0204758671556596
-0.226072064914597 -0.12896980617107 -0.34378784269789 -0.0612126123474869
-0.131115491299641 -0.186694092964646 -0.288895121132666 -0.152432552245547
-0.037480691921897 -0.227364414661053 -0.162061358291698 -0.222386059122343
0.164259772740394 -0.220681395823773 -0.0149520152856331 -0.214632852177078
0.296354515935863 -0.0880286470667406 0.0755010352795356 -0.0846910131918072
0.279565801217441 0.128178261925678 -0.0341890948430149 -0.00541505724031213
0.253480783910638 0.330860006659502 -0.0916957743543935 -0.215706637821035
0.226203869856563 0.107230142006967 -0.288741176905099 -0.672917378398975
0.180635259220252 -0.0107953004990404 -0.381389872512271 -0.333611276346435
0.111830590613822 -0.0602952251104538 -0.159796304076924 -0.0423191855164658
0.0467982372530225 -0.0702117065295617 -0.0444289409934245 -0.0981601020537005
0.0138849874610978 -0.077697310561381 -0.089466327194298 -0.207024080066812
-0.0114315303626334 -0.0878002582125908 -0.255055467006375 -0.241284886949366
-0.0382365649434942 -0.102920558374045 -0.402394445475004 -0.136981669839049
-0.0612793197128784 -0.0855079196584609 -0.42954959980871 -0.0492921077898466
-0.0550233145020506 -0.0968025208424522 -0.398615608061516 -0.102907708189295
-0.00982043846610318 -0.10628039171467 -0.295366036695671 -0.201095056318556
0.0337700948890809 -0.0829683538776489 -0.12429714886702 -0.260227723980688
0.0875555782799188 -0.0404949378696425 0.0162706901373689 -0.192950366553195
0.101512579907807 -0.00100010736195648 0.0701952233798898 -0.0546532452840756
0.09173543853954 0.0496268772497532 -0.0957729900967222 -0.0273438284014354
0.126448360246216 0.130229018414031 -0.16644788910645 -0.300977371271115
-0.0129184178447465 0.144173312577291 0.284702764666992 0.313278555359523
0.088340303818635 0.0859469037327046 0.210786139223258 0.0426432078190802
0.118310902987484 -0.0388398712265349 -0.0724388056881559 0.000111349501361079
0.0347906928420574 -0.125730098444849 -0.0909316196610099 0.161986594540986
-0.0871195672635595 -0.0769729292687358 0.059388197082465 0.2929240797412
-0.105174504003321 0.00769462431617673 0.258348677172566 0.270393717396121
-0.113561375366954 0.042402710893621 0.398093273021676 0.145529311742393
-0.110304521393482 0.0449108248232295 0.426682030245405 0.0546882906167846
-0.12183043558991 0.0351936386092369 0.401572874450833 0.12149249169956
-0.105619406041631 -0.0185261870303903 0.27071646854051 0.200750749971289
-0.0693563100735926 -0.0981246940323659 0.0990827495603713 0.201646782805122
0.0541198251759773 -0.131950464233512 0.0640351566113996 0.0757171565299573
0.124150313521596 -0.0183371870160794 0.154259959068852 0.0300274718300373
0.0595508127329366 0.0719503046128786 0.336869231752516 0.245629249625886
-0.0187211341039418 0.0892870093390156 0.311537323414963 0.637256805433592
0.140176789446218 0.342741306728607 0.2639633697346 0.227666010196777
0.267291882786135 0.189135462878388 0.189850311373133 0.00901142210602376
0.320846133878032 -0.0708764616140777 -0.0886651617410658 -0.0211064684001081
0.155835957944216 -0.267523195362014 -0.120265184446645 0.126216581888698
-0.111994306802171 -0.239580428389758 0.0154985444929922 0.284468585246859
-0.202482019046331 -0.0974146374943673 0.204558081682067 0.264529089296914
-0.257739035128785 -0.0259264246638953 0.332853960057987 0.159902436367967
-0.271959808757375 0.00339703691142789 0.359594115511777 0.0658654309902213
-0.286745886757728 -0.0177986162078848 0.338534830901094 0.113690753305038
-0.217191784369489 -0.120634607488479 0.20761227636709 0.170164974706614
-0.123890763164914 -0.252720535887427 0.0571180618223084 0.158101562896766
0.147650004287555 -0.311164352776441 0.0546273468355758 0.0132968559257297
0.334354047482714 -0.105083229024622 0.171694689679928 -0.01079699486556
0.27200047200544 0.162856535445251 0.36722763690853 0.216068809204142
0.143474330365152 0.310536483595498 0.346684062043541 0.572982289900978
0.277045984112844 0.503877561294055 0.213156753786146 0.0844221588323697
0.429511957437954 0.276683448804004 0.133736775898759 -0.0495698157803469
0.501882162954174 -0.101150737046965 -0.109778198353776 -0.0346581303774445
0.2670095008512 -0.391654454635698 -0.136097034579491 0.0864780667250991
-0.121006550632311 -0.384358230530926 -0.0219553319219155 0.243196624587563
-0.273233080240422 -0.195763397168137 0.127312838237489 0.218121798509325
-0.363262444010391 -0.0945982182857507 0.218836389620099 0.146152720081107
-0.39307798086922 -0.0373193207778554 0.235646785811069 0.0678099625883571
-0.410666811021735 -0.0610805602388565 0.223151158067248 0.0927855530921381
-0.303566780099419 -0.196411466023127 0.108699771532968 0.117689123807443
-0.177085112781763 -0.367256502177274 0.000712722121940009 0.0904551214622986
0.200857604015243 -0.461914256713629 0.0336163727535169 -0.056645022592789
0.4915078906274 -0.202345370932255 0.169869680148814 -0.0565391496966164
0.453495038209612 0.20704354255491 0.350913861538662 0.163435472141603
0.290860428826956 0.475232695004583 0.327278300130048 0.443796931525983
0.38682147564801 0.595523718209005 0.12980340647186 -0.102346191325106
0.557244140737686 0.319208591981582 0.0391372179392983 -0.128314672977455
0.628870162101663 -0.135795445664452 -0.137190305900946 -0.0440321479887226
0.339560183035064 -0.484033468579602 -0.139363656398426 0.0413172289057805
-0.12358280972228 -0.483166247712993 -0.0533922709289155 0.166782894987415
-0.308644404640865 -0.26821406063176 0.031933699169405 0.134692593962815
-0.416647048059212 -0.151114014906305 0.0714554671121398 0.106553796515136
-0.454793472752161 -0.0720877114589448 0.0770307352715473 0.0604862391308619
-0.471187917061352 -0.0925735941528046 0.0734761652214444 0.0633884362837827
-0.345489053664288 -0.239470197091376 -0.0127848153314732 0.0541148013109247
-0.209276146592572 -0.424757743864421 -0.0680541397451161 0.00926699552800527
0.217925639023299 -0.546311357454261 0.000672671028658339 -0.125483895504937
0.568342656768158 -0.274339376346774 0.147057667180753 -0.0953348940137157
0.560631304730463 0.210928698206652 0.280524939418398 0.103740105170417
0.394502865057803 0.560836657549454 0.251505973807468 0.270701437645312
0.446326757284534 0.5984964400801 0.0193644583917407 -0.304984942903732
0.608268119056585 0.304852995780867 -0.0833475134735655 -0.2132431739337
0.660576731827556 -0.158056438604046 -0.160962572550213 -0.0522843698597643
0.35186361234234 -0.506592554708178 -0.129640943501946 -0.0114888731035933
-0.112319087278972 -0.502521060878017 -0.0810271347820983 0.0598526156306999
-0.299902708038747 -0.294661073213834 -0.0728690545920863 0.0256582048426282
-0.405661448360485 -0.184179142665651 -0.0892391195277374 0.0488558183376391
-0.447175590490814 -0.0968440184305476 -0.0924321784908173 0.044331756142301
-0.458018936054542 -0.114535635159567 -0.0890560543606324 0.0301732133939577
-0.327843958479025 -0.250872421319775 -0.137416273276697 -0.0126323761590078
-0.192590924215889 -0.414805689887918 -0.132494137675138 -0.0756452139220874
0.214745059832456 -0.527107805046963 -0.0294909555834944 -0.179527298481463
0.554786450282255 -0.277455043587134 0.114576946420535 -0.114534944220358
0.561855355768621 0.194171423237955 0.17382985954004 0.053542678719072
0.421106649959642 0.560234747214791 0.135160615262763 0.0857655454032962
0.442812184267339 0.505329091864831 -0.102751136034748 -0.488223843405208
0.554212085478807 0.231056144771316 -0.209440194718252 -0.283244203994448
0.56605308817182 -0.153847897907139 -0.171709900449673 -0.057062506845985
0.293462550484967 -0.427816645199737 -0.10670273099971 -0.0632698483725868
-0.0831243904464677 -0.426983686561672 -0.101815016102856 -0.0565678036106498
-0.239617641152304 -0.267554780461594 -0.168523327142027 -0.0863562789815023
-0.332202682668507 -0.186471638512203 -0.23760344858899 -0.0161809490410795
-0.370303199634981 -0.108742635342333 -0.248274069999734 0.0213965041973967
-0.372331556967989 -0.125307309986585 -0.236731548290114 -0.0078155802770516
-0.251471123848558 -0.232516275472571 -0.238239667027091 -0.0800731573125735
-0.130697507063411 -0.343345256270589 -0.170645882059296 -0.154131665291798
0.197191886249643 -0.40606956986706 -0.0390031558726483 -0.210049983031378
0.45480883983896 -0.206611752744681 0.087735778251203 -0.110591647096871
0.45592923769386 0.167222252239666 0.0613870286506426 0.0179320357874818
0.373903654462573 0.476899322751152 0.00932408495015669 -0.0833099970780598
0.367481544008012 0.328795522515207 -0.218431688580098 -0.615931278961446
0.398965814750766 0.117768414134801 -0.314239875891663 -0.322856261488572
0.365062152364366 -0.116925529599671 -0.16848773941359 -0.0547481711156794
0.183024166151978 -0.267557491790112 -0.0769365290309027 -0.0964262437422427
-0.0396492786264925 -0.271683177317126 -0.106572570924258 -0.151958865874139
-0.139523250464032 -0.192052535458999 -0.235867581374051 -0.178522656827367
-0.205664058135374 -0.156967093177407 -0.349914477861956 -0.0755718359479244
-0.236475371142029 -0.104624998209459 -0.366123086276139 -0.00514899039575188
-0.231731495142555 -0.120050010978048 -0.346361512218823 -0.0476194739397215
-0.138783942798344 -0.183818651664854 -0.295272369616865 -0.141252731350392
-0.0453484783712847 -0.226277166800305 -0.170051611538322 -0.21675718091043
0.157784460468572 -0.229453777412419 -0.0223261956892031 -0.212833990634961
0.29411911595653 -0.0997952410777212 0.0750058937727876 -0.0885008933083908
0.28415824282984 0.120547727134542 -0.0316253795853993 -0.00726524363644979
0.267080759251496 0.325144205603851 -0.100208541678643 -0.216210905357092
0.230396385634873 0.100658929800486 -0.306452899009701 -0.666121052017827
0.181050840451827 -0.0130497606877122 -0.38838829116562 -0.322148567410532
0.111388090612338 -0.0643676192531548 -0.161265857620087 -0.0373393704051754
0.0466336076114693 -0.0729442262877601 -0.0487976593929678 -0.0983034781973065
0.0101186099539386 -0.0785135163822462 -0.0967326316735468 -0.205855345397515
-0.01643895894447 -0.0877272818148895 -0.265448929504976 -0.233405491167017
-0.0445384897983107 -0.1022820439654 -0.407729589547267 -0.120548237376739
-0.0662256743527204 -0.083410394240585 -0.429901627702039 -0.0307095002960694
-0.0598788536694806 -0.0953161116455384 -0.402778051206247 -0.0854480319647797
-0.0150645751269926 -0.107104921299399 -0.304133731439263 -0.189000034332871
0.0306875084851168 -0.0848016157621774 -0.134877171408419 -0.255818438174783
0.0871723890882062 -0.0461575090216756 0.00996968309150268 -0.192004521893352
0.101932528551686 -0.00600216002481437 0.0700386281587323 -0.0583073671700474
0.0941750211695509 0.0478562177604357 -0.0946561729901972 -0.0269937356565128
0.1327723945941 0.128520531924973 -0.17796075400765 -0.299551674160402
-0.00930502999337673 0.145742744369577 0.298768542528117 0.313752397083064
0.0915081134304485 0.0836147988727199 0.214091449911425 0.0381605966480446
0.11887251216722 -0.0425562947178721 -0.0740338464543776 0.00261018280558456
0.0326323686141153 -0.128111031430569 -0.0859073073073318 0.167681124898561
-0.0895600393841014 -0.0751699258829294 0.0722088312126494 0.296530623642752
-0.1051138566119 0.0107199214374867 0.274986632181559 0.26765198122095
-0.113580911552235 0.0466747020749931 0.409214042559833 0.131849881905964
-0.109947258916698 0.0500348024347734 0.434551381499967 0.0371653431052282
-0.1218924769831 0.0418217791019843 0.414569741969357 0.105191701013993
-0.107253999603426 -0.015397072351693 0.2861561080452 0.193759818023104
-0.073399213647419 -0.0972152840711431 0.109237028953856 0.203215828898256
0.0495457054374252 -0.135863421544245 0.0661365056900932 0.0746139971140187
0.12484226643229 -0.0231824351578805 0.155255160981064 0.0282874377329009
0.0624157902401423 0.0705745749552868 0.348448343961009 0.242408992714047
-0.0164930520870206 0.0895794483312097 0.337840078965367 0.642741562542455
0.153579039965245 0.343856192396417 0.274713857964915 0.227399467621484
0.277007529762551 0.183666090289528 0.191797442441853 0.00454422006542231
0.322183798865381 -0.0817191087402554 -0.0904685161160435 -0.0172463138188364
0.151124766350529 -0.277457758941886 -0.117582833825022 0.131476970423507
-0.120707565725753 -0.239905201636375 0.0280856490670615 0.290052145800791
-0.208269977159025 -0.0932067127065457 0.220397415582215 0.263613202402943
-0.263213492612907 -0.0183548440410168 0.344334560672102 0.149498753572216
-0.277702376196589 0.0156427918891111 0.36634217718647 0.0515595984087109
-0.293150205915331 -0.00477639228794448 0.350294718796332 0.0998808943826592
-0.224564828686948 -0.116679715176817 0.21969732099337 0.164376811743796
-0.134456986377966 -0.252979658373081 0.0658493833233905 0.159314345058995
0.139851285360966 -0.322454850653989 0.0543240756535091 0.0124761218568466
0.338011443600728 -0.119513823390134 0.172557856251792 -0.013997966067849
0.282134999076906 0.157528976843901 0.379245822218886 0.211175658251559
0.156472800928129 0.310585709005301 0.370478105017275 0.576344740822049
0.299548005604464 0.503724983567451 0.218495637840778 0.0814294957176888
0.445425014876225 0.269062173989501 0.134082342940079 -0.0520491022828131
0.50514449308855 -0.117812500333783 -0.111771834115913 -0.031053773181463
0.261241011323522 -0.407712517913673 -0.135652268548157 0.0906452782987978
-0.13604845600512 -0.386988620213112 -0.01053791598781 0.249361371463892
-0.284237959543933 -0.19189571755192 0.138886150707613 0.218012804998199
-0.374674664575226 -0.0853336711861223 0.227396106242842 0.13957266777545
-0.403750030899171 -0.0205874994704354 0.241228478758005 0.0583375421567846
-0.420729573722699 -0.0445905022952547 0.231295227253757 0.0821556870865311
-0.315635833934202 -0.191825124637245 0.11617342883129 0.114043580186915
-0.192216289442381 -0.367951208518983 0.00539124574643334 0.0915653675781783
0.189400655477088 -0.479414695348722 0.0305109925097475 -0.0583441964710493
0.494765959285464 -0.224311357700145 0.170818983647814 -0.0604375922733469
0.469330128225652 0.198153955553368 0.361997082744261 0.155815727720625
0.314376086443829 0.476077559355823 0.346789882943363 0.442986078416432
0.41354185198782 0.593215381426633 0.128612863267741 -0.106681690678097
0.576511937650273 0.309510025371955 0.03548320359834 -0.129321553924026
0.634870450866021 -0.15803083724464 -0.139885597282075 -0.0393953057632952
0.333473552513595 -0.507055590142769 -0.141862860119864 0.0445033328470221
-0.141741256290678 -0.487537456151602 -0.0452325306088763 0.171713003040355
-0.323807967400222 -0.263549831432502 0.0380311365709046 0.136091823011821
-0.431085908198605 -0.141196698883297 0.0771662454219767 0.104628975867199
-0.468274653210525 -0.0533840856613411 0.0809912354748336 0.0562934266052494
-0.482988519025897 -0.0748321948387889 0.0772658544470795 0.0585332638840895
-0.360084929692277 -0.235189731518773 -0.0109036893371252 0.0542840825559524
-0.226041468260101 -0.425776802040991 -0.0673477538446952 0.0108066676915977
0.204913927102843 -0.566528677162835 -0.00499565643298933 -0.126638818028075
0.571943262241076 -0.300514169390742 0.147451410284892 -0.0999236448656426
0.579956333753066 0.199028338563202 0.289260222623517 0.0957632665153052
0.421283556484183 0.560127603377656 0.264525846185445 0.267376897852805
0.4745930378217 0.594072072282894 0.0114292332647531 -0.311265499612716
0.628565266906157 0.295718931672355 -0.0904174215563387 -0.21249840513022
0.664819663819295 -0.1823271933358 -0.163776274383527 -0.0466471600988711
0.345374927391898 -0.528553339740924 -0.134037669476997 -0.00961669118900954
-0.13257585979776 -0.508663179660673 -0.0777338984900463 0.0635261388813935
-0.316855002478683 -0.291622197268501 -0.0730021920109335 0.0281394878799861
-0.423474579675881 -0.17550126529199 -0.0879726803170514 0.0522978746640451
-0.462038977065426 -0.0788995864751674 -0.0913623464850826 0.0470531541410988
-0.470890118645296 -0.0971389886395422 -0.0893676360350225 0.032043821073939
-0.342700445801814 -0.247157170482672 -0.141089832509979 -0.00890240930340872
-0.210616867114205 -0.415623992297957 -0.136696462926815 -0.0729549434247146
0.201278406657363 -0.546401491761678 -0.036937192149812 -0.180384017898586
0.5562009453038 -0.302304276277654 0.113917301549395 -0.119291819681456
0.579320748595469 0.182381827661101 0.180090812522584 0.0460207701810303
0.45095182252424 0.55979058637432 0.140021998946857 0.0820938119517217
0.468890626439269 0.500734088649837 -0.118559336394983 -0.495308025026896
0.572989644586201 0.222806161779435 -0.220223484056143 -0.281460588558536
0.570978487938933 -0.174219103172521 -0.174958656860645 -0.0518131228369422
0.288309002603819 -0.447746002387653 -0.112641626151578 -0.0630426129311933
-0.10032758091886 -0.43162779090353 -0.103083429925061 -0.0545846110062018
-0.254979898344838 -0.265268889309272 -0.175629759570526 -0.0835480734736472
-0.348483657454294 -0.179416180761158 -0.241274143383385 -0.00745069344655877
-0.384025577688531 -0.0947213162010791 -0.249207771077152 0.030600620513355
-0.385089129123865 -0.11172677291425 -0.240977268474796 0.0011214320530249
-0.265591426351846 -0.230564421351419 -0.246620844103582 -0.0725998974767249
-0.144047120200332 -0.344524676649786 -0.178915959186734 -0.15131918528761
0.187129295199289 -0.423287591075092 -0.0466080428056692 -0.210693912227786
0.456421776486186 -0.226864186790879 0.0874760705239244 -0.115323857302131
0.471674256519535 0.157545998622958 0.0647412451168442 0.0125459251459453
0.400789217111315 0.474608384807071 0.00570694327431276 -0.0871969370834624
0.385306068499765 0.324920281956742 -0.238536921938355 -0.623786264266554
0.410376474787071 0.11152687848935 -0.327226563752052 -0.318927545923033
0.368465923917111 -0.130800928611303 -0.172245461985979 -0.0495052619950064
0.179676080316187 -0.281308286231143 -0.0835561181669005 -0.0966846184750591
-0.0513968954661753 -0.275541258848352 -0.113137095444328 -0.151612526601313
-0.150111819457209 -0.191398858490208 -0.248892428196067 -0.175059292270381
-0.218796257830793 -0.153267240704679 -0.356500429687689 -0.0640814371463239
-0.247894475271528 -0.0961042092202092 -0.369746419982701 0.00938801590430916
-0.242268033431003 -0.112859023561819 -0.35380227570261 -0.0338749124735815
-0.149480260755222 -0.184538824734916 -0.306693682210827 -0.131739769090929
-0.0539398216334853 -0.228759923188969 -0.181121393120887 -0.214967253865168
0.153018503488555 -0.241741954849017 -0.0295779994248031 -0.214683640765872
0.296649275662675 -0.114715552113286 0.0749731200329841 -0.0931304174845192
0.295225246368851 0.116489688592638 -0.0303212127181192 -0.0100667973764527
0.285667258032932 0.324150357367179 -0.110047059837763 -0.219323209571759
0.238663832149323 0.0969801134643822 -0.328651741149044 -0.672127436868637
0.184952344168612 -0.0151547266086806 -0.403059960794141 -0.318334433995364
0.112956151990005 -0.069380498368473 -0.164898216189398 -0.0322538498642691
0.0458547951834249 -0.0769864291029666 -0.0544054246391462 -0.098407235361462
0.00615098083472489 -0.0796134918651235 -0.105658172145548 -0.208382156376497
-0.0215224877256113 -0.0883700424771482 -0.280875086645953 -0.22942061663529
-0.0515339033702097 -0.102729243795643 -0.417952063066238 -0.106678513626353
-0.072974026789827 -0.0819710713512929 -0.435316051503806 -0.0142426738443488
-0.0665414322566442 -0.0951719130968909 -0.41227149013658 -0.0694150179248365
-0.0205018434906574 -0.109711831339792 -0.317223405311519 -0.179745680739518
0.0278195206901574 -0.0880599963960839 -0.147329920813505 -0.255334456133235
0.0871938161951013 -0.0523541924150125 0.00501764803300173 -0.195229040531644
0.104160995223504 -0.0112017563266744 0.0709673128502425 -0.0636648367729907
0.0988591429723962 0.0467991666197561 -0.0953500481317802 -0.026989297127322
0.142383393594057 0.127758880401867 -0.192186982194793 -0.3015305142672
-0.00248149991024136 0.148803265883022 0.32150271823317 0.309969964504981
0.0962798977704882 0.0807243183850966 0.219197147710159 0.0300636145724533
0.119651543040469 -0.0485044921338243 -0.0762761194953424 0.00576362365550612
0.0268304904806287 -0.132724738929919 -0.0779403692183595 0.175476358449465
-0.094270507610807 -0.0724627296260391 0.0921963940448934 0.30112424051004
-0.105030262602295 0.01528026285534 0.300096728109919 0.260438807865376
-0.113599378518837 0.0535645495902332 0.426023339185718 0.113606383231591
-0.109364286941705 0.0578361574667157 0.444100173199788 0.0131397626844956
-0.121163594627066 0.0505941749866404 0.432044479387153 0.0819669535966113
-0.110133194245169 -0.0100884226069539 0.305444410850259 0.181766015015369
-0.0802324490443203 -0.094728914890036 0.124193558150983 0.203859152614892
0.0433978325411398 -0.140663948119602 0.0700640463924188 0.0738094249536754
0.126380102399233 -0.0312232314444377 0.158755955199575 0.0245226745270803
0.0660562490419197 0.0684762361810534 0.368019011059764 0.234437182376012
-0.0130400328695622 0.0909620895814343 0.3770390503247 0.645065941829044
0.174546421878213 0.342544191287282 0.292508841559994 0.222607951215665
0.2914372644582 0.174781222150603 0.195681686579611 -0.00294427062548804
0.325034175970415 -0.0988662540793113 -0.0931854135968724 -0.0134535735206769
0.142467859614963 -0.291987076958725 -0.113231484363945 0.138931211789201
-0.134828018783604 -0.239522310545034 0.0469361521550522 0.296384236892906
-0.216814901808656 -0.0861509869012312 0.24213118345517 0.258889551781519
-0.271690940260622 -0.00636343219155079 0.360978055903292 0.133811174686502
-0.284457233603818 0.0332073621532183 0.375222903184834 0.031627481281794
-0.299601261316777 0.0128887094812757 0.364396171128097 0.0796774070038069
-0.236487821677361 -0.109951878844882 0.235344224172159 0.155357062295658
-0.150640129147779 -0.25217222024713 0.0769105484645317 0.160147907140057
0.126556766471757 -0.339077450022591 0.0547798912714995 0.0106931322051235
0.339804999485149 -0.14112140868649 0.175116366531147 -0.0195261706202391
0.297173579433299 0.147705586756955 0.398068703868365 0.199365184497797
0.17743156676177 0.309997038191334 0.408858597450741 0.574042390245262
0.330630585437634 0.499386930600389 0.226886188342114 0.0751847455327887
0.469634764799588 0.254944989112825 0.133618372739448 -0.0580224101608163
0.509402497297555 -0.143673429852193 -0.114576214078665 -0.0253261231618972
0.250357609103305 -0.433764184430765 -0.135957502088482 0.0978889821724964
-0.158520555171583 -0.388912630577177 0.00570555601755286 0.256079272178214
-0.300525657154116 -0.183910285270638 0.155802410184577 0.217028200070423
-0.390266039178044 -0.0685644280970959 0.24130426210381 0.130036799040206
-0.416054460771122 0.00206635550367309 0.249042064322763 0.0446994448854476
-0.432906116420863 -0.020645501080745 0.241977019832131 0.0676107219561667
-0.334063266142412 -0.183176547526609 0.125162312539312 0.109269262195447
-0.216182494691864 -0.367251263656881 0.0121679695823493 0.0935982311004626
0.171252344786846 -0.503442130018404 0.0270440487838967 -0.0603684613049098
0.496727360561423 -0.256931233970828 0.171331301311819 -0.0675482878201747
0.492706601655979 0.181735118208259 0.378084332229378 0.142194978864753
0.348106967372869 0.472387675590281 0.376470649545969 0.438086973797881
0.453362594583042 0.588094248456392 0.126225546586528 -0.114957942311244
0.606205793674765 0.292257975468141 0.0308985337531578 -0.132699340916408
0.639004041508283 -0.191834712136756 -0.142468148407975 -0.031861923064681
0.319481149529133 -0.5383678926666 -0.14491902750752 0.0508874908595197
-0.170735913177137 -0.493129383222028 -0.0341675575741357 0.178110411067259
-0.345381191758692 -0.256308450205213 0.0469312441818005 0.137478020695858
-0.452645320401393 -0.123057864897583 0.0851652453588362 0.102238790397311
-0.484702080717222 -0.0268527075322995 0.0855028798137404 0.0520040260875143
-0.499925736734172 -0.0475630787152284 0.0821171147938497 0.0530003538584172
-0.382812526794621 -0.226086019727125 -0.00852187157101006 0.0550023413491247
-0.252276989804343 -0.425270623957201 -0.0670260413559289 0.0139115775711781
0.18211841696085 -0.59510149409837 -0.0119782188960977 -0.12882686769678
0.571135040683572 -0.339316884867991 0.1462848692014 -0.108200914494709
0.606274208788313 0.178946168633955 0.301444008907328 0.0829183624967846
0.463197554668045 0.555444855382576 0.283664916647369 0.260937688406554
0.516103610461045 0.585794992965787 -0.00297796178175916 -0.319908777861725
0.661019361867173 0.276759855562288 -0.101802284386615 -0.213160049448434
0.67101913773754 -0.220304970253973 -0.168261806977636 -0.0386007102887264
0.330360864280024 -0.562106170776801 -0.139886073590477 -0.00456495201434796
-0.162285789741541 -0.514680293231867 -0.0734942413793534 0.0682708504103083
-0.340457560325739 -0.284641624002067 -0.0740783240985217 0.0324971663857079
-0.446300645940068 -0.15868225683179 -0.0863529704017054 0.0573049398975275
-0.480357703354463 -0.0533294870448568 -0.0904355344662012 0.0517901407975948
-0.489177098549234 -0.0711223039192817 -0.0897772518884232 0.035516741240985
-0.365949243587614 -0.238862605075136 -0.145476253107287 -0.00237822628222453
-0.236251584754887 -0.415257770095622 -0.142816841473067 -0.0687078823597263
0.179025156433871 -0.574553294743116 -0.046984599283619 -0.182271208697738
0.55406233470237 -0.341471940610938 0.112194838303205 -0.12766660772199
0.605489809944005 0.161410528231577 0.187358903546486 0.0359991236256004
0.4953032778845 0.551706344840822 0.146630790823128 0.0759571019830247
0.504523989954547 0.489742262568946 -0.144088447755619 -0.503484630854593
0.600746880533368 0.20494411234339 -0.237692702465061 -0.278700095019849
0.576690401624215 -0.206530042197363 -0.179856313452675 -0.0434508464086404
0.27720334676493 -0.477131581373987 -0.121202046407437 -0.0598740741513685
-0.126295854891357 -0.437630505354646 -0.106586510231239 -0.0515633737030762
-0.277262602941833 -0.260510438563519 -0.186256922211713 -0.0772706752326947
-0.370948377425199 -0.165996836410133 -0.245947555882248 0.003961815117337
-0.401714484415309 -0.0736141818446663 -0.251733818715529 0.043501818117474
-0.401965803045188 -0.0914148779776864 -0.24619173326077 0.0133488225648263
-0.285314486051034 -0.225071416208111 -0.256886407479637 -0.0609554009542201
-0.164183668379851 -0.346223637922163 -0.190997660001468 -0.146523221117585
0.171644389294044 -0.447779576253551 -0.0582183242925758 -0.213014031619069
0.457017258885572 -0.259286671949332 0.0855183796399511 -0.123455465086124
0.491773026417958 0.140635335555219 0.0677281526945551 0.00650153932556689
0.437671176832064 0.468086114843269 0.0012026058163604 -0.0915908685069443
0.411379396256759 0.314100383667797 -0.272267489136152 -0.630830114464674
0.429057274325471 0.0984680738587807 -0.348692613624582 -0.313314199612054
0.372240876760174 -0.151313396680649 -0.176796410896886 -0.0428007111476262
0.173148772848636 -0.300177348291088 -0.0925841443830349 -0.095365890789323
-0.0679998322699213 -0.279063034497082 -0.122855678107003 -0.151176833302817
-0.166389921677079 -0.188904057065448 -0.26638125097335 -0.1675756187323
-0.235760404289181 -0.145439717438829 -0.368366237317016 -0.0459824041032355
-0.261823612232401 -0.0829029975819651 -0.375717711612241 0.0290921557180144
-0.256705820900386 -0.101754801447773 -0.363888628090884 -0.0136920805508346
-0.164747465907282 -0.182914669961423 -0.322876524144196 -0.118098580694581
-0.0665538691264235 -0.232415615393424 -0.196819946387492 -0.211405520468728
0.145297775034248 -0.259670566489618 -0.0403803857659721 -0.217643887134236
0.298203596974465 -0.134694628412796 0.0741471788040592 -0.101074539859052
0.3101930300348 0.105837790562721 -0.0305703842449103 -0.0119798450612779
0.313495468163135 0.318938822001696 -0.124546396225496 -0.222110899151084
0.248834659084539 0.0881661471027401 -0.366492769824771 -0.675144825410216
0.190873867672523 -0.0222775059787318 -0.42674482166471 -0.308071707027342
0.113781925086484 -0.0765297067549857 -0.169629281320673 -0.0249642556134816
0.0447399018209703 -0.0821375799591294 -0.061908774812209 -0.0978930970940211
0.00130499490780893 -0.0816159564587021 -0.120661552213306 -0.209487622840437
-0.0285695279115655 -0.0893212256181112 -0.303642699325806 -0.221963780388479
-0.0607252490482323 -0.101994346664844 -0.433024573018722 -0.0866118912192133
-0.081647779637037 -0.0796805177311919 -0.443321098672532 0.00992360327197182
-0.0754699866582655 -0.0940773517477163 -0.425694455779107 -0.0460662452523264
-0.0288392064540459 -0.11198193102673 -0.336006969443307 -0.165624381906313
0.0239822048457023 -0.092254986179102 -0.164292660242976 -0.253748677564536
0.0867371782255208 -0.0606551170139214 -0.0041158891862096 -0.199581623120396
0.106163392389892 -0.0188836843875773 0.0703906030748358 -0.0714530475924721
0.105553284565496 0.0445503748059631 -0.0979698823498454 -0.0256039974493766
0.155088581831513 0.125284134568515 -0.213972959881137 -0.30263599612638
0.00634364051977444 0.149418952241063 0.346657569080034 0.297507329644707
0.101068970760691 0.0742564103976041 0.222653266898637 0.018415282897073
0.117675977384893 -0.0562735123224351 -0.0774854639324215 0.011679302954319
0.0190363007934877 -0.136395907894894 -0.0670146490695576 0.181564653041213
-0.0992682668197887 -0.0675526981111954 0.117134263001756 0.298619230204695
-0.103801646423265 0.0208888830742677 0.325425829028835 0.243172355045544
-0.111356256805852 0.0616782443667603 0.440255073058603 0.0855076985085167
-0.106367007649786 0.0670000495338831 0.448424387052911 -0.018390675210886
-0.117572740453679 0.0606275758389206 0.442851484444281 0.0488355333777423
-0.111453191437113 -0.00275270848150771 0.324215184755329 0.160808231166086
-0.0876576716666203 -0.090378796101621 0.141244030816612 0.198915832037342
0.0333659851949312 -0.144260805931905 0.0749523165525472 0.0710283939010096
0.124964250080138 -0.0407485714446614 0.161203323971217 0.0183945167935132
0.069457406466415 0.0639528371252575 0.387763877874282 0.216375909460724
-0.00842181359720323 0.0908640666199916 0.423576077102764 0.632186897828074
0.198745811446095 0.33447917102251 0.310550871296418 0.210512907482359
0.305728301150048 0.158014103713117 0.196699248534541 -0.0135207453999863
0.320969913854974 -0.12029286742499 -0.0942257588837786 -0.00632727329896989
0.126266342466414 -0.306529806274573 -0.105763339419207 0.146542518457434
-0.152590037349728 -0.234403758910307 0.0709693665337711 0.296742744612918
-0.224527307788176 -0.0751785375432186 0.26646351704549 0.246092180608589
-0.277298895006713 0.0127556405967192 0.375240565670723 0.109719110936216
-0.285956036787181 0.0546353865769716 0.379762896330095 0.00418121315364506
-0.302254752135723 0.0359420294070854 0.374695252399247 0.0507535263145172
-0.247891487934764 -0.0965408904943903 0.250334067169982 0.139145473319048
-0.169150469058722 -0.245664735736955 0.0910000728828245 0.157812098445948
0.105492224431188 -0.352973715247211 0.0553394170781224 0.00796724816159931
0.334664981500223 -0.167049434411669 0.175563854808184 -0.02768220185726
0.310748499826269 0.131361408865932 0.41611960689116 0.178635755493861
0.200851248113254 0.301528706821663 0.450836495014212 0.557283429624584
0.368409322503858 0.482194974861786 0.233380735913917 0.0645539305506423
0.492197514002299 0.228890171719 0.131847667950733 -0.0654194763344134
0.504672256549652 -0.178977370617988 -0.116043442171077 -0.0172454496348835
0.226764875437721 -0.457318718518785 -0.13240786885122 0.106255979062492
-0.18635795384901 -0.383657310227356 0.0267363445486828 0.258276976769946
-0.316350108532283 -0.168424650777878 0.174697205123087 0.209664596421076
-0.403975942701193 -0.0438992369364705 0.254513478800413 0.113881234235599
-0.4226354447815 0.0344856371548806 0.252656206236634 0.0254953121744729
-0.439757408239138 0.0124584037992272 0.249094798246925 0.0475370055611113
-0.352947955436071 -0.165859108946154 0.135310013935485 0.100688924802858
-0.242608217688289 -0.358831622810101 0.0198576103354139 0.0933264116714725
0.139568234644661 -0.526407030967129 0.0226447917512203 -0.0623792169404066
0.486029935293896 -0.297582349294864 0.170011706009881 -0.0769950561376467
0.51326033855493 0.152830538969485 0.391001055964302 0.121118588787325
0.385631548913535 0.455421287499121 0.409682805095817 0.420660612754281
0.49631200567796 0.5654846422405 0.11957889263876 -0.122683445119786
0.635576705134014 0.260599312641998 0.0228000251155872 -0.135425821968751
0.634987032590025 -0.234604616504437 -0.144074322234005 -0.0235241575102406
0.293099616274819 -0.568916360949978 -0.146073501778604 0.0589168712202182
-0.205632276609739 -0.488033836436255 -0.0187689560450905 0.182056097563474
-0.368523506052182 -0.238953088518064 0.0571974760718704 0.136210695059345
-0.47176113019825 -0.0942470426568645 0.0944558476056705 0.0967333618250713
-0.496288892624579 0.0101319334652621 0.0886514377859924 0.0442612003642465
-0.509389951053351 -0.0096251859608423 0.0862132224728277 0.0447698699549042
-0.405745319165547 -0.205612606936224 -0.0053825088390921 0.0551180700020741
-0.283169494820424 -0.415159299925677 -0.0659162494117757 0.0181291889791637
0.144721717633454 -0.62002434518834 -0.0210573569422241 -0.129464257685465
0.555623129315122 -0.386150903712707 0.141657782041518 -0.117537567305574
0.629428779433695 0.142716730857622 0.309776768885352 0.0639560826393435
0.509262270518256 0.53175750629075 0.303921738061 0.2461555108226
0.560921490521935 0.560608283942235 -0.0240997850120061 -0.3233929277507
0.68997153847219 0.239637583736385 -0.116577325644155 -0.209803287705579
0.665040072564463 -0.267030079232001 -0.170574594375951 -0.0280951122690485
0.302057025751973 -0.595754517600927 -0.14527700969487 0.00295143981810562
-0.199534981924438 -0.50918338276094 -0.0661384272744408 0.0735193910676779
-0.366369941213289 -0.267414186512995 -0.0741105223349839 0.0374859885982575
-0.469167059369076 -0.131076830130404 -0.0825067307133781 0.0632063976148865
-0.491960133300889 -0.0169736293389455 -0.0878454896428472 0.0563157231711314
-0.500411704448358 -0.0350665108028217 -0.0885121163847481 0.0406890216387156
-0.390697819206842 -0.220290709185322 -0.148871439931686 0.0075567533155184
-0.265531545850291 -0.407118152929155 -0.149331659660852 -0.0612202619027739
0.142834686119411 -0.599735180593888 -0.059853280640235 -0.181526693055692
0.539478990341756 -0.387014924438612 0.106165012403075 -0.136702525382237
0.628193660378236 0.125762814517113 0.191941869079237 0.0220541291247576
0.541305311068012 0.526549220029107 0.1530319099863 0.0660117072523915
0.544625879573383 0.464908137253326 -0.178236190082871 -0.503134340739645
0.625401990398476 0.171528503203599 -0.257636622859358 -0.268459533042474
0.571456861346106 -0.246395588314119 -0.182499758809418 -0.0333818715002856
0.252073161176112 -0.50631538026007 -0.129494922533504 -0.0527576428382926
-0.158552997612647 -0.435171918330049 -0.109503728872064 -0.0457798058685983
-0.301127661143976 -0.245564385227307 -0.196652789282319 -0.066117778672125
-0.393631344086067 -0.142955707500979 -0.24784865573629 0.0206688191260444
-0.414321021317133 -0.0432390255619536 -0.250843639393674 0.0602512557757437
-0.414494218582654 -0.0620919961230261 -0.24813952209772 0.0302004069188682
-0.308571649416417 -0.210806307663418 -0.266097448132262 -0.0431634059447281
-0.189058669625657 -0.340141175206623 -0.203086033356318 -0.136619860000744
0.143602662045802 -0.470613507368917 -0.0727436734424817 -0.211652213993702
0.4452721141394 -0.29605741944476 0.0798141987379587 -0.132099444218392
0.511903994879201 0.111053628177238 0.0689770413784018 -0.000926928513248888
0.478252088451483 0.445291533097864 -0.00570880031495652 -0.0951469028113596
0.436197856501123 0.29211331043281 -0.315640240244859 -0.624878453545577
0.44510994600457 0.0762575761822698 -0.372664649410459 -0.297597952512001
0.368699048221461 -0.177659669426119 -0.180782888261356 -0.0318870580879484
0.159387590073519 -0.319109444111898 -0.10241705515935 -0.0905402690397421
-0.0882102535317742 -0.278334108364027 -0.135033217772535 -0.14607274756219
-0.183713215414425 -0.180078757062791 -0.285662040723152 -0.152314361618085
-0.253986112298927 -0.131311967086503 -0.375208254429962 -0.0223840354280127
-0.273647263539479 -0.0636488632862577 -0.375682996014299 0.0539057277488183
-0.268833064761499 -0.0834519456354465 -0.368150375213708 0.0129089589523071
-0.182712064501398 -0.175681659776217 -0.335931682413111 -0.0955527528160814
-0.0828216637095426 -0.2311845746121 -0.214444500604785 -0.201414419895803
0.129052989242188 -0.276334219313033 -0.0547648500843415 -0.217908837399475
0.292288119359427 -0.158059564471209 0.0686662040944899 -0.108919328496851
0.323803851743268 0.0879970777154368 -0.0320825308553562 -0.0131062240820304
0.342371864980886 0.301679629833288 -0.142433969098023 -0.21906642214727
0.25844433747232 0.0760163613126507 -0.412522339157189 -0.665976819149172
0.194325100047996 -0.0309305604851443 -0.450414142012437 -0.287584401834326
0.111421437387598 -0.0852553070803713 -0.172219089664079 -0.0151083205807142
0.0416397727694389 -0.0882555565138005 -0.0707168997128609 -0.093423962775519
-0.00425948208536558 -0.0820076497016743 -0.137587516437334 -0.205005411141767
-0.0360497981860899 -0.0874920010705847 -0.328186209293626 -0.204353559708228
-0.0714459711013942 -0.0990673347898497 -0.444150009976729 -0.0576370087552405
-0.0901858702263059 -0.0737908692200106 -0.445110961147577 0.0406897545224243
-0.0859484736977815 -0.0896113408414166 -0.432874336963652 -0.0134099831326937
-0.0385381094378065 -0.112214772789935 -0.352121843924883 -0.142371401345958
0.0176945161991897 -0.0957465188635063 -0.184788486808975 -0.2457843067598
0.0835111618011464 -0.0701585549986298 -0.0166778249759199 -0.201377274248637
0.106020689395269 -0.0278479571623978 0.0671974960037867 -0.0800503637131739
0.112458465078289 0.0386177980163456 -0.101125226453814 -0.022066641437728
0.168702849875308 0.117626423098391 -0.238122146064633 -0.294993427289326
0.0435446545824525 0.144192565845454 0.380498997865978 0.229826602247095
0.114714963513892 0.0489296524610851 0.214933537856851 -0.0144601590433224
0.102770207440229 -0.0763417125926862 -0.0733264800276228 0.033006135874161
-0.00772157400624432 -0.132074362697311 -0.027369215827124 0.192222888873264
-0.102348526294258 -0.0433327788659623 0.173178695707661 0.267514470426334
-0.0850429518778685 0.0368540464403154 0.362281466280541 0.174799146617278
-0.0919451437217122 0.0789120401776875 0.447853067908038 0.00166806745653214
-0.0869365326440013 0.0770353258448324 0.42856729506808 -0.0942896049513776
-0.0995877770091161 0.0762018797395087 0.441491064449856 -0.0247444575757064
-0.108272670317218 0.0125578108166565 0.347458584481335 0.108515297993515
-0.0990023773851694 -0.0739694934715329 0.171590686312647 0.175275345286676
0.00772854096895588 -0.148853164829497 0.0823529991179261 0.064190366080541
0.113773685421005 -0.0635083742796683 0.15763028797358 -0.00151247587000353
0.074524983970948 0.0463601775337842 0.416550799317017 0.158866885340468
0.00890961374141312 0.0840760571039401 0.501045293968859 0.563032094229326
0.264885091443303 0.285495571599178 0.318567599136211 0.154996686720825
0.329101666429973 0.0904301471068156 0.177400415705839 -0.0330915046350336
0.288417457355557 -0.17719349514273 -0.0928210361744678 0.0297271708282774
0.0629258621847718 -0.320396744375672 -0.0675874757616254 0.174489089907437
-0.184351556547077 -0.194888198125976 0.13643741580765 0.272893241681998
-0.220903862527061 -0.0348976842466217 0.308228796237761 0.185160577853672
-0.268645957570421 0.0628673511687253 0.396396254088961 0.0369951893873435
-0.264373322551408 0.0973922636323298 0.366518707721049 -0.0644283567819583
-0.286656080360367 0.0863886017913872 0.37475194141194 -0.0132325304373
-0.260549544230045 -0.0559803380532927 0.273427122040294 0.0982796614903163
-0.206126559676637 -0.212252428056473 0.118576755981712 0.143234073598849
0.0407266903310475 -0.370515969000093 0.0532015451756738 0.0104884175392355
0.29821688543835 -0.222517508578352 0.159831916411276 -0.0477798845694537
0.323753645482708 0.0735327059367114 0.437631462190513 0.109554656758398
0.248787591981985 0.259356982601884 0.521867846440201 0.477997147322919
0.455557001320837 0.395574177001021 0.209276760031455 0.0303612358793994
0.523196802285775 0.122647725430252 0.0981691313000021 -0.0662500685865324
0.456478694503939 -0.267546341983755 -0.116135924004027 0.0330465859056287
0.130315236884639 -0.488640212983531 -0.0961064774278173 0.149235791647206
-0.245558999696827 -0.334720168812332 0.0934729889538095 0.242932926597698
-0.329932571075197 -0.108947504823936 0.216490075528722 0.164083380720477
-0.408872511567969 0.0334566753559344 0.284735153421675 0.0622959065061182
-0.402167901087815 0.102070687967096 0.247976882461262 -0.02449574364065
-0.427118046879479 0.0903123623821493 0.251009834273034 0.00204345137275775
-0.378164245652281 -0.104544330627841 0.155360296207671 0.0783617244272884
-0.297483631768336 -0.309707866965949 0.0412253186854895 0.0915920973982815
0.0431528535615554 -0.545782837964188 0.0109239284656142 -0.0501690912009689
0.42476100547758 -0.374478564876866 0.142341185896576 -0.0948736394716878
0.526007942567531 0.0631772446150458 0.403869443491729 0.0499580392333693
0.45734277261221 0.383224793656154 0.463437296797367 0.340647327306588
0.592639168957513 0.4501632910989 0.06063029286481 -0.129550941795953
0.666250749492869 0.125827479080896 -0.0238482519446635 -0.111165236939463
0.572654083445272 -0.347573782543436 -0.144532403336769 0.0394596816311556
0.171457287158508 -0.613323336503507 -0.114990450247347 0.112834253186945
-0.285373582898181 -0.433377253622074 0.0406805623919596 0.175964505042769
-0.396655518420315 -0.167230818664572 0.091135334031132 0.112689514545677
-0.489185515704991 -0.00297394260635694 0.128840704001625 0.0742147462955385
-0.478306085419115 0.0931456806497142 0.0930798409991561 0.0189417917905721
-0.501652939805119 0.083018339705994 0.0908981584114453 0.0244181808183327
-0.438881409175402 -0.132735389390241 0.0100151247164244 0.0555386128651658
-0.348221245222604 -0.356845309001395 -0.0533551458834593 0.030567649327303
0.0313927595982081 -0.641338126921354 -0.0413217065829763 -0.107816407218632
0.479264369455596 -0.473156823873057 0.106801023756012 -0.130515004104305
0.640258451585044 0.034271085611135 0.313364167307365 0.00124228717206336
0.590928599674587 0.441670701741017 0.335337313451511 0.179472162404433
0.648702270934605 0.433371730862286 -0.113703806732892 -0.298903981275341
0.713749552535224 0.0993107169650558 -0.172616927056803 -0.158309102133228
0.597688700446011 -0.384462155697805 -0.169880068673121 0.0410399806194612
0.178084016516659 -0.643195356060077 -0.123502605865464 0.0595468609749898
-0.285971767084692 -0.458377775044913 -0.0254062336490418 0.078886295802772
-0.404144309586707 -0.195319454612988 -0.0538581379524066 0.0400780814889289
-0.496688046274189 -0.0377625868231982 -0.0495494205362983 0.0737213551841475
-0.482345393012041 0.0694514460791381 -0.0752259192193882 0.0595850709320555
-0.498821981074326 0.0588488243020635 -0.0808435413237285 0.0479597527440501
-0.426582648858068 -0.148192346970326 -0.139649214636553 0.0308023187699916
-0.330308312346624 -0.350266365246373 -0.147621423088409 -0.0349747537559901
0.0317712518578095 -0.620153053048105 -0.0865167529503984 -0.154326148677321
0.460007459451463 -0.471255451013852 0.0684336765239228 -0.144688385500978
0.635614441331732 0.0196500986658295 0.190187009240011 -0.0239413214672347
0.621932450128405 0.432090443917753 0.162968707432619 0.0209926842317593
0.608911205313677 0.341928760022574 -0.288451877131119 -0.447203497029328
0.637201832133547 0.048632600459527 -0.316426355232117 -0.195490363853696
0.51121873969627 -0.348590409089256 -0.181976956330436 0.0328293104689844
0.148456173998238 -0.547893344970817 -0.120902194855566 -0.00210982997725454
-0.235215189295915 -0.394069496384719 -0.0926684870959317 -0.0291606567329341
-0.340827854166685 -0.185634540537996 -0.193644006614898 -0.0366055608469663
-0.425526100641532 -0.0621983575507216 -0.220896103023828 0.0614268126433506
-0.413218134748733 0.03211555500031 -0.230859078510734 0.0913304068034414
-0.421413243987376 0.0188685720009299 -0.237602401001535 0.0647179178527999
-0.344210926578805 -0.150706952122607 -0.263974908597936 -0.00152517038965279
-0.244864023037889 -0.298083935729439 -0.213324144911724 -0.100982925466976
0.0531065345180373 -0.492427322092324 -0.103379119990351 -0.185890406348259
0.384062323959837 -0.365117826086734 0.0459547171085632 -0.13879935583428
0.522379986099199 0.0247548474517631 0.0653893828231948 -0.0270025874755616
0.545840565145297 0.364128519330289 -0.0159067272799194 -0.113065441654697
0.468638910140269 0.196431598040598 -0.43156306860293 -0.54353964189747
0.439466270110969 -0.00944290050726059 -0.426023292596953 -0.210964108628542
0.325404609689328 -0.24195017344723 -0.179336782938869 0.0216140551897838
0.0921931709991013 -0.346815197667553 -0.106127210071748 -0.0527165802617927
-0.140296639367352 -0.25594794769728 -0.144514883266555 -0.121140123575004
-0.219037367550915 -0.141938273784361 -0.299961990537786 -0.100953526797854
-0.285880749954934 -0.0758801284741036 -0.358649060197326 0.0438648908638019
-0.280766834415472 -0.00958130803363258 -0.352096398952338 0.109712917656723
-0.28293683379197 -0.0273676515684867 -0.358056448854531 0.0678129349206777
-0.213979137730376 -0.136564801497165 -0.343285499786712 -0.0417069044542719
-0.122811459144389 -0.20990959312266 -0.236417823147472 -0.162538137070315
0.073615414475874 -0.298261491226242 -0.0866918562200088 -0.198769448801029
0.25616925233994 -0.206167590545548 0.0428214696372726 -0.118149616177249
0.334306023614912 0.0337697520580563 -0.0342806807183862 -0.0194834531641027
0.387052940945071 0.247174500829247 -0.168050999062388 -0.210496434350459
0.251698068821273 0.0193227682694339 -0.519978585137971 -0.569834913877596
0.173750895651978 -0.0641540572327677 -0.491752757614796 -0.197965168921421
0.0918558591461547 -0.102376519558892 -0.168106408432804 0.0210794751707599
0.022937023826786 -0.0978359727388329 -0.0826063895492866 -0.0734426227640968
-0.023669185361941 -0.0818739946885208 -0.168241492550316 -0.17620175573561
-0.0614072701602093 -0.0776830329371067 -0.354285844719936 -0.140473424837865
-0.0982873659514321 -0.0795703113286533 -0.439402505689476 0.0239489583584435
-0.105486357235173 -0.0501520534115512 -0.421688406729943 0.11201409363618
-0.105504482494591 -0.0670731135231454 -0.424477862821962 0.0533520974432186
-0.0616524165086094 -0.098698220335923 -0.368069144229146 -0.084785275861878
-0.00206458696199065 -0.0955385520434651 -0.217458801341856 -0.211457427180663
0.0657846105061947 -0.0854398054009394 -0.0464546065898402 -0.194034917566061
0.0975780573220723 -0.0462339334655812 0.0507532530033731 -0.0911583393068181
0.12017137238171 0.0201934310224801 -0.103442964401232 -0.012498214141485
0.185467581982571 0.0924177473260732 -0.274155213877114 -0.264078385436122
0.0484659929697555 0.137576112161742 0.384058740948312 0.208123474341091
0.111388556997232 0.0418871256937339 0.210594880124266 -0.0210344270131425
0.0957327778668534 -0.0788254500115848 -0.0695846587936348 0.0366215467079464
-0.013101377366382 -0.127247257982437 -0.0176077237637732 0.1866806059886
-0.101593511068709 -0.0381029699266815 0.18365011859061 0.250149288155351
-0.080748378510253 0.0376781136331378 0.366442418691175 0.14927773564327
-0.0850705008740984 0.0819962899279071 0.437998064977684 -0.0233951244203538
-0.0810579164266596 0.0796244465540008 0.410545879360887 -0.113717781051198
-0.0910905371709902 0.0789220260088472 0.427470299944912 -0.0499859097522778
-0.104290537446012 0.0175065887340088 0.34524053769311 0.085380124709532
-0.10061544888439 -0.0665943953004666 0.178068260023482 0.161926264592633
-0.000379191687251098 -0.144802495206125 0.0828594907226995 0.0597418263901991
0.10691983800364 -0.0678930152116016 0.154391322457219 -0.00540776119503639
0.0726558454775388 0.0424506917717937 0.414312003065028 0.137656538602037
0.0113152428163505 0.080216339521825 0.515648397148259 0.527494211366627
0.270411827496398 0.264215651983793 0.31841449838834 0.140197938554229
0.323181536741179 0.071997504488642 0.172282953293395 -0.0378304959409151
0.271440132574768 -0.185565261085023 -0.0884047532772901 0.033650459161567
0.0475047934100616 -0.316386343502868 -0.0588863289917993 0.17194461438133
-0.189186625304699 -0.18094393745044 0.149354032343755 0.255990521371425
-0.217458033134639 -0.0253707402702401 0.313283447666103 0.162895437542674
-0.260833196837302 0.07720743516939 0.389547060451387 0.0131897501733239
-0.25365517492139 0.110474857746501 0.351780257323953 -0.081087170415099
-0.272572542553379 0.0998549950119074 0.362513938010666 -0.0364121153477063
-0.258343904308769 -0.0415169284099287 0.271646391480889 0.080011382228235
-0.212562550431825 -0.196972502715375 0.124343730143211 0.133678784907417
0.0207519748071271 -0.364555354970899 0.0513938203361599 0.0075555663286435
0.278690423877749 -0.232410840818871 0.15505320513336 -0.0508398457515354
0.317970949597878 0.0567438385502896 0.432832333015259 0.0890241990059193
0.255183770155956 0.239385482825832 0.52997733405749 0.443996628864255
0.458154150515764 0.362879270637491 0.205345203525803 0.023699614946996
0.515885975774727 0.0966518229698641 0.0930229696083443 -0.0673502131316189
0.431178767613648 -0.281677087448912 -0.11032062374251 0.0367288916515557
0.105665081002568 -0.486659326525919 -0.089215295853964 0.149980967084287
-0.256178931824866 -0.314651465603143 0.106448118959194 0.229462108488988
-0.328559157619461 -0.0915562162760244 0.221794763264737 0.148271806764375
-0.399397237874922 0.0558943904736221 0.281791485852603 0.0431603317476649
-0.388093844955222 0.123500778000089 0.238145513816509 -0.0364951299289036
-0.409991167979164 0.111970333876597 0.242498819580767 -0.013787749234548
-0.376343583684484 -0.0825833095245651 0.155054310860903 0.0677075095018848
-0.30706620262696 -0.287956532867253 0.0459129429553429 0.0870842286034593
0.0140785604228983 -0.540130910648819 0.00707387932615024 -0.0496974489513444
0.396420507600245 -0.387260811065849 0.135199105841698 -0.0970932259290801
0.517109812739308 0.0363241877157637 0.396328627973201 0.0318599537786991
0.465576992651609 0.350333554004556 0.467372650124337 0.311885020682714
0.596086044152862 0.40990238651099 0.052589568357817 -0.12595274599946
0.657415647626181 0.0923313779690725 -0.0288203406416197 -0.105585048918837
0.54304160299169 -0.365514739688414 -0.137955959287985 0.0438865115621418
0.141655772333947 -0.611750618525639 -0.109959496104104 0.115740705585274
-0.299046373441152 -0.407664992545625 0.0513478070389112 0.166424404444576
-0.397130116951689 -0.145647621249252 0.0952825408182719 0.105625691582933
-0.480895230349407 0.0258115456809266 0.130360693886338 0.0626500432785613
-0.464008185455051 0.118978547915066 0.089494732751733 0.013557996865973
-0.483275490251138 0.109652123125906 0.0878922320615562 0.016549318528918
-0.437549347630657 -0.10834711625229 0.0109302388207418 0.0534119693073591
-0.35808546627411 -0.332470195588184 -0.049945203066728 0.031520381662043
-0.00344145604419592 -0.632736841285108 -0.0467358726154751 -0.103899544985775
0.441519991015605 -0.486277997267477 0.0985924979023938 -0.130978560031395
0.628411751131789 0.00432721750775794 0.306245470985614 -0.0116520359352098
0.598124704369472 0.399942236694397 0.334362087821503 0.15858607072677
0.650696846574164 0.39050750669531 -0.125524049551154 -0.284405164472819
0.703876597097868 0.0643184354681122 -0.176629187629032 -0.146237978618981
0.566208706990584 -0.401690469162825 -0.162609935618933 0.0456678900039599
0.144349338401975 -0.643771817076248 -0.120927376628086 0.0653604595385999
-0.302498245870505 -0.433750764425194 -0.0182394069898625 0.0755491650882211
-0.405780500628673 -0.171657343892374 -0.0518246551862914 0.0435867988936617
-0.490442513033737 -0.00707338891910866 -0.0440392290529183 0.0715853219535209
-0.469318968989677 0.0963510201225402 -0.0717679236047746 0.0614339276711112
-0.482316139290093 0.0866696736817877 -0.0777364993460715 0.0494355144111374
-0.427108140189665 -0.123562674680745 -0.135639861255295 0.0385294794093111
-0.340028007340523 -0.327723022055356 -0.14545382945853 -0.0271374680257482
-0.00233229402150313 -0.611085723779865 -0.0921363017054283 -0.147116039296491
0.427087132720667 -0.482620583655031 0.0604055321248131 -0.145466537477394
0.623786641795478 -0.0105816865867034 0.183450213835087 -0.0320820440931239
0.62819142541789 0.389633605717485 0.15784063880478 0.0110230396609934
0.60902872869256 0.306446658761284 -0.302151797801779 -0.421149513357408
0.626770596543514 0.0192978102170639 -0.319304058746341 -0.176558247848265
0.483167892731944 -0.362847226621019 -0.175496398576537 0.0380952982145638
0.11919281175265 -0.5486563634594 -0.119961423812358 0.00544645359936549
-0.249322377699601 -0.373208232488038 -0.0903376169676674 -0.0257005300994375
-0.343860248076548 -0.163882457648044 -0.192840077773357 -0.0241756118168021
-0.422776733464898 -0.035576591872163 -0.212901310880667 0.0698707494477051
-0.402757886830837 0.056139614711928 -0.221528093189795 0.0994901403841632
-0.409518838067229 0.0426761060332257 -0.228740909854419 0.0749397467875098
-0.346787391822398 -0.130025545219379 -0.258180591802605 0.0145578610409571
-0.253892047727042 -0.28075439969322 -0.213295950884999 -0.0880173911051617
0.0258932879812649 -0.487569104020245 -0.11051655727172 -0.177207299908642
0.355022145666248 -0.376355529926873 0.0373240808541297 -0.138745540110234
0.512537533749555 -0.000619477107141404 0.0618988944886666 -0.0298508966994635
0.550290891044945 0.327507028041867 -0.0227029182150003 -0.11168395914257
0.466908406645787 0.169856171313005 -0.447487482754522 -0.511421776412884
0.432328571133252 -0.027486607590926 -0.427164075462815 -0.187735305071892
0.308850963317032 -0.251319295377946 -0.173789440872975 0.027579391310871
0.0745888226171016 -0.348501619191859 -0.107603524136618 -0.0444292995593662
-0.149201184584206 -0.242890541819619 -0.146569440127195 -0.111180488025897
-0.222193986398173 -0.126297992739782 -0.301241279623152 -0.0811288292537507
-0.286219328464084 -0.0568110238349862 -0.348387117390849 0.0608017372982211
-0.275995550566622 0.0079702550977051 -0.337714447594332 0.12362823972991
-0.277684074562124 -0.00892633350167682 -0.343143434944981 0.0847108140966432
-0.219011111042507 -0.122369670586657 -0.336578385921075 -0.0195859226939569
-0.130282006092128 -0.200123628137934 -0.238152814292228 -0.146880647101949
0.0550201891632432 -0.297036001510781 -0.0938607900369727 -0.189941499509691
0.23919298154949 -0.213699056208795 0.0351909067617826 -0.119015795097359
0.330113412320674 0.0160412726808207 -0.0355026353848267 -0.0186695337176408
0.391637135397324 0.219738187329614 -0.175509378195154 -0.200006976456929
0.24725848999943 0.00798521585992095 -0.533281412730533 -0.534533425689048
0.170177609355046 -0.0691829464503455 -0.491083128828308 -0.172709502500795
0.0872296147787941 -0.104278124054459 -0.163395584433166 0.0270277727069865
0.0181591428232383 -0.0998859741723286 -0.084169900784337 -0.0661810612532563
-0.0269522007630366 -0.0782402418110979 -0.174045440000301 -0.163128421091446
-0.0637864042923082 -0.0710897672068793 -0.356851377408496 -0.117033216454666
-0.102543859485328 -0.0711294622245653 -0.427934829485863 0.0464266113900891
-0.10664286915723 -0.0421594227232621 -0.40364241429842 0.129271310211846
-0.108048309125255 -0.0579606946437085 -0.407715900200971 0.075064466607245
-0.0676492887144004 -0.0932345721971722 -0.362166692775424 -0.0608764587140651
-0.00716909970945563 -0.0941606635004623 -0.223147730040575 -0.193947148812404
0.0581498312794608 -0.0890229391812604 -0.0543409891484378 -0.186430514928834
0.092461950503233 -0.0512297308049641 0.0431687896039125 -0.0935315080595624
0.120221844072387 0.0130342426290028 -0.102021937768546 -0.00835880126145586
0.187691322607554 0.0803421406583581 -0.281686464494137 -0.247504021039929
0.0495503507724652 0.132453256510599 0.381554068495971 0.198338654594308
0.107409992424923 0.0386720443672308 0.207351596197992 -0.0235013761008165
0.0914602093470525 -0.079308906803536 -0.0664468467957652 0.0380776587208715
-0.0148427130663244 -0.124526194514495 -0.0132409516502115 0.182679196438114
-0.099727463172046 -0.0352326427138253 0.187454117064944 0.238155032451343
-0.0788209859768356 0.0368925085431811 0.366958287800939 0.133898209081694
-0.0816115647186959 0.0829017596876376 0.429008558952197 -0.0368546332493642
-0.0774716729042704 0.0812873890136285 0.399417858246856 -0.121581012164043
-0.0860302884223282 0.0783347669857505 0.415208599971872 -0.062865879668166
-0.101353174399968 0.0200302642609862 0.341322041314682 0.0721457338618095
-0.100296014877507 -0.0623728118737837 0.180408705444671 0.154533853388714
-0.00351577409162639 -0.141327296139485 0.0822183726473182 0.0573641907607564
0.101877937300762 -0.0687822461115307 0.153444342529821 -0.00594719457206048
0.0703533728116531 0.0413162407050654 0.410778431428683 0.127729789031049
0.0114127108591487 0.0779252954894386 0.517591399581556 0.509322762483512
0.268763702194297 0.251212419889719 0.315636537536315 0.13386865936001
0.315741200531321 0.0636062890787844 0.169114226588773 -0.0387934115905535
0.261597038379495 -0.187226996949797 -0.0846874888196052 0.0345427448856356
0.0395285998119998 -0.313116122799213 -0.0548658849281641 0.169703060567373
-0.189140580368185 -0.172747994887707 0.154723535724527 0.244065089435711
-0.215097018538627 -0.0212852753251316 0.315282135938724 0.150282413005397
-0.254009442775462 0.0842349015384794 0.382020646490477 -0.00196633818716469
-0.246811349268763 0.117393509434998 0.340796279059413 -0.0884830278449215
-0.263328842829674 0.104814523408476 0.352132031510085 -0.0480249078146369
-0.255344965983897 -0.0345439557883646 0.269106520963834 0.0696705513555848
-0.213729463295484 -0.188149298721153 0.127467329892097 0.127898283403662
0.0108896534201917 -0.359795541249448 0.0502914320227122 0.00679811613391196
0.267244554326461 -0.234940251760858 0.152544010623662 -0.050799241593342
0.312795587222816 0.0494998859594557 0.427508435941182 0.0801351852504711
0.25431832534862 0.227982365926401 0.530088227194486 0.426603350675449
0.457435355533084 0.343878797808648 0.2018409031629 0.0225209063017962
0.506101822856092 0.0826833293702668 0.0905906175549334 -0.0655061101967024
0.41650983416169 -0.284722182868886 -0.106224186293172 0.0373872278577678
0.0932407509627613 -0.48361124425627 -0.0865679444305913 0.149618797039899
-0.258338687653352 -0.302177832909395 0.112208000797848 0.218639180969805
-0.326340396935349 -0.084067345454894 0.223452485061892 0.138980803941361
-0.39282834403699 0.068251979887009 0.277515046216176 0.0314864501512064
-0.379648363686903 0.134715322778533 0.230546493028607 -0.0411062716520133
-0.397872711863193 0.121126523909057 0.234302606951375 -0.0226176777343299
-0.373800728707033 -0.0723971033319026 0.153665751381821 0.0619035911518211
-0.309554225635117 -0.276320116290595 0.0484594060939621 0.0836246555163474
-0.00100657286941435 -0.532949409044071 0.00466266775975385 -0.0493172686998836
0.378662991877125 -0.39043673116702 0.132043926257006 -0.0961163638793714
0.510205628347564 0.0244542880374008 0.391266219766087 0.024910941569494
0.464428724654549 0.331617805065541 0.463893067361603 0.29545236290868
0.591317037871089 0.388126799543269 0.0485944859987935 -0.120855443243537
0.647018033398157 0.0766352464036401 -0.0303664728385508 -0.100545161714216
0.525452586361693 -0.369517487353589 -0.133781994772855 0.0441227980447408
0.123495378108694 -0.611450128188087 -0.10785824082182 0.118188423122291
-0.303715846620155 -0.394072324011628 0.0563262221337978 0.15904728711976
-0.394987293844401 -0.134544660500713 0.0972613797120412 0.10181953662302
-0.474921476905742 0.0417088765019385 0.129572201252011 0.0548565324492768
-0.453322945860075 0.133157434605781 0.0858133764105709 0.0115333759356924
-0.469784614742367 0.122143754932026 0.0838520009840107 0.0114827114588217
-0.434649277294062 -0.0952124856479121 0.0118671641071452 0.053050845934825
-0.36075785175851 -0.318239188304382 -0.0478665080128868 0.0312988706345386
-0.0212857737196633 -0.625190232067833 -0.0491636606637804 -0.101480912395754
0.422748972533815 -0.488689632984851 0.0944503307607413 -0.12996362516838
0.617901789427941 -0.0102677927380513 0.3007274555162 -0.0174209265317447
0.597808628694258 0.377974442153114 0.330597446011502 0.147635878746994
0.64473861263051 0.370671449042711 -0.12940468695288 -0.273406590838239
0.697417034193024 0.0481842495168807 -0.177863456544231 -0.138331968510863
0.548943143649068 -0.406476303742788 -0.15893462961302 0.0457750709121585
0.127082277602491 -0.64416853174242 -0.120544794741463 0.069450863757897
-0.308158546152096 -0.418081872349895 -0.0142809769534491 0.0716012007958651
-0.404249418732933 -0.158651731627936 -0.0496061601302202 0.0459268986708064
-0.485686430967672 0.00978945910633981 -0.041987869394723 0.0684538803008057
-0.458947186488021 0.110109715052825 -0.0711409957157283 0.0623577098202905
-0.468962926575204 0.0985984053723739 -0.0765343597880018 0.0489984724570513
-0.424826877615917 -0.110319512449588 -0.132978441445816 0.0429838388811786
-0.34223747504398 -0.31318053293859 -0.142940799880256 -0.0247252129800908
-0.0198274439730779 -0.604315449502878 -0.0947018475786817 -0.143348653458608
0.405384279082209 -0.485266527905591 0.0556609893157462 -0.143615413606433
0.61390564060942 -0.026811518253522 0.17922948125349 -0.0344844744334983
0.62718387389176 0.366393177835616 0.153707755454832 0.0055980424359743
0.603456415048752 0.288053371184362 -0.305820601656558 -0.405983511865888
0.620435003570635 0.00623816583277272 -0.31906812939425 -0.165849511210744
0.468739854339428 -0.366766897317014 -0.172141807614667 0.0388750967146817
0.104888710165112 -0.549395381962954 -0.120881020876231 0.0104519092145959
-0.252948295375638 -0.361225519285997 -0.0891725308208825 -0.0254990997503766
-0.34230535300545 -0.151972101045665 -0.192293145101455 -0.0157978342769874
-0.41931645588746 -0.0194702628526315 -0.207828883406131 0.0726680568139713
-0.396072635932029 0.0689435417629597 -0.215596249691033 0.103378531022249
-0.399546266589538 0.0555909896383604 -0.222425911804365 0.0786312505379866
-0.346610556708827 -0.117913753706701 -0.253660397146982 0.0234706880521243
-0.256628066205858 -0.270150838313244 -0.21141598071562 -0.0820912704580536
0.00972762674459143 -0.482035127179042 -0.11302012217404 -0.171556398728366
0.33766038236322 -0.37833470337148 0.032378467608692 -0.13791322638389
0.504396126603773 -0.0148652836144285 0.0597408597662858 -0.0304952787204283
0.549700986791909 0.30586179203998 -0.0275161531536889 -0.111850353871963
0.46115728290536 0.157893947344486 -0.450732677901349 -0.492043531591979
0.428398558789274 -0.0346318649373476 -0.425401936087678 -0.175627056412693
0.299613896274904 -0.253352171019673 -0.170998952809107 0.0286063538396148
0.0649054100768488 -0.349853634126564 -0.108313393736257 -0.0389378013087484
-0.152373904954706 -0.235101670975597 -0.146745999893131 -0.106456560421813
-0.222004139729979 -0.117409775405135 -0.300372214413904 -0.0681394225480265
-0.285514448182132 -0.0454434911887226 -0.341062628723502 0.0690233814745972
-0.27246561018591 0.0180286982009244 -0.328306378845214 0.129280912492428
-0.27245083459331 0.000571562183643098 -0.33337312216987 0.0922549902778331
-0.220295552132743 -0.113837253817767 -0.33105658742014 -0.00746855338810712
-0.133011182479711 -0.194597287715194 -0.237622950249934 -0.137783344473545
0.0433743749315082 -0.295415848607868 -0.0971124059915079 -0.184785478556868
0.229233078256174 -0.216664316880701 0.0299169787899201 -0.118911406854211
0.325644956061012 0.00664882647865573 -0.0357530148616702 -0.0185281731139865
0.390715833794824 0.204997611965135 -0.178807892965841 -0.19503802376654
0.243710754593093 0.00429345446013047 -0.534556937961686 -0.515142922231648
0.169890491600197 -0.0703295369608841 -0.487774076999523 -0.161401882088536
0.0856695954272785 -0.105149208482061 -0.160331366728959 0.0291700754891396
0.0151077373099384 -0.101741508877107 -0.0845747354073547 -0.0611684531728372
-0.0282261588109379 -0.0767058389422123 -0.175087721835773 -0.154945336819093
-0.0641426148192688 -0.0669050718006067 -0.356287428435589 -0.102553157430063
-0.104775433171615 -0.065531887980705 -0.41924180216058 0.0587993313881464
-0.106981832226063 -0.037349871930909 -0.392475584825846 0.135261978505178
-0.108445961603713 -0.0519787188632062 -0.396385856586765 0.0858834551443586
-0.0706498808821985 -0.0891691200082751 -0.35697916805764 -0.0473476891463688
-0.00991874463123226 -0.093390681452326 -0.223735763623436 -0.18440116298956
0.0522026763946641 -0.0900081813653118 -0.0574537665329152 -0.182398094431514
0.089663313876103 -0.0533586430811601 0.0381365534773445 -0.0943302345137633
0.121023924629997 0.00817261228822786 -0.100837459549277 -0.00707035576235249
0.188605373953838 0.0736924881812854 -0.283915715231107 -0.238692655201501
0.0494604854906399 0.131188002758737 0.38545312928086 0.197129230869867
0.104898058890524 0.038213120332886 0.209483968194182 -0.0246815280378409
0.0891246097270869 -0.0800785888006898 -0.0651666864448367 0.0392500480190201
-0.0155645361368174 -0.124848918525805 -0.0118364286011824 0.181705603281746
-0.100137735484002 -0.0340375144561897 0.191735064095781 0.233668342182059
-0.0790915415323237 0.0360185657366094 0.3711846622114 0.125034422402915
-0.0789346215889761 0.0845642062916809 0.428110134929304 -0.0457748810965139
-0.0765566944233614 0.083881768943705 0.397069512692759 -0.126055503800389
-0.084296162879586 0.0791620305157614 0.413500686832054 -0.0705966868450894
-0.100201377592801 0.0214594047536209 0.343488543173211 0.0645806029172537
-0.10102195695962 -0.0600010870373045 0.184064856894752 0.152289548298784
-0.00518639629553876 -0.140961018497866 0.0828289530341261 0.0576618725390008
0.0998459388419487 -0.0689049066216726 0.155912253257469 -0.00574505372953495
0.0693414847850645 0.0424903210071721 0.413659948425108 0.125479938688868
0.0111104599408843 0.0775548579744565 0.522834794515127 0.507616300349391
0.26934520871415 0.247958994806993 0.318027627349427 0.134806656739236
0.314367689943694 0.0606494365210978 0.17057719277658 -0.0387401768416239
0.258939689954972 -0.190026326772203 -0.083812246859748 0.0348489681566537
0.0359240673972641 -0.316921456142373 -0.054481754423633 0.170603721980226
-0.190551707798286 -0.170858517041567 0.15885157581837 0.239294419860674
-0.216788778824651 -0.0204709542156249 0.319538202152258 0.141820471041968
-0.25306384996638 0.0901693325397752 0.381418282688637 -0.0111217335461082
-0.246387151785178 0.124125835778948 0.339029485954189 -0.0918147195492469
-0.261023453952407 0.108118027611254 0.349026517694541 -0.0549269907126181
-0.256990795410634 -0.031120746402176 0.270571044048248 0.0639952900221268
-0.217497164342461 -0.185460830384796 0.130020613535318 0.125889144441976
0.00541906037496601 -0.362148031098241 0.0491635834314086 0.00625113331820166
0.264459452682578 -0.238245668830956 0.154025137605519 -0.050363617795398
0.313768174519151 0.0479326779784402 0.430548127876419 0.0783457375182825
0.256588323251881 0.226235243593114 0.535305233039087 0.423218163004403
0.457567098370407 0.340756894255448 0.203133406547809 0.0255017564428748
0.50624076307948 0.0778901552500552 0.0911113840289692 -0.0637716064806695
0.415125996669547 -0.289701265390991 -0.106287504376728 0.0375781621195699
0.0876737799752045 -0.490439476768768 -0.0868443796740332 0.151908857775397
-0.261945492442236 -0.299827327955095 0.116225701743132 0.21343794145369
-0.329813068611641 -0.0818033422422004 0.227603579302693 0.134911816196615
-0.392506649080103 0.0773481014645165 0.277191255524139 0.023280644474739
-0.37877430955874 0.144764983741336 0.22866499915627 -0.0432468583775166
-0.39537794184232 0.126957920485853 0.231444083032254 -0.0279896457050727
-0.377555019697786 -0.0671745068626719 0.154198578204749 0.0595529654554849
-0.314614252373749 -0.273436243365543 0.0504824299559323 0.0820489207272003
-0.0109096163984446 -0.537643837032089 0.00298912585776315 -0.049604396493481
0.375102191692979 -0.396744120755742 0.132535771060478 -0.0954895927765134
0.511538320754855 0.0215674385311068 0.394108419626749 0.0228449062795365
0.469041425537866 0.327470643206784 0.466392118931458 0.292661354220641
0.593662627279878 0.382230787995844 0.047968195568569 -0.116677071015776
0.650734421434511 0.0704706020000345 -0.0308277871046438 -0.0982886213698806
0.524610837221954 -0.376481217294369 -0.134536915386247 0.0438036577959822
0.117324219852488 -0.619600524183446 -0.109461341938617 0.121296810022044
-0.309595432404046 -0.392004285133408 0.0592366818849649 0.154978899004636
-0.399279310448557 -0.131134769908078 0.100038139463319 0.100921112322013
-0.475431869762022 0.0530108871088006 0.128518338928672 0.0489855882996203
-0.452962252633108 0.144330613931439 0.0845964323190977 0.0116777590896584
-0.467591418601212 0.129441991932256 0.0814791508072883 0.0091886065277443
-0.440026251164144 -0.0894873799971359 0.0125341587197968 0.054084301706721
-0.365160951141799 -0.314907684758326 -0.0472148934041251 0.0305127751253834
-0.0318823607461744 -0.630892611282309 -0.0523104315324531 -0.102576785210074
0.418292992678333 -0.495797783627509 0.0932500435850879 -0.129813642939878
0.619348778127099 -0.0169167112967054 0.302557461973592 -0.0185863760520793
0.604552310824783 0.371986170179325 0.331187482033958 0.143557666511344
0.648253384090909 0.365464168657611 -0.131618435252569 -0.269195813851057
0.700294453373914 0.0414669037276765 -0.180076352810779 -0.134364440112774
0.549347163387348 -0.413725279533885 -0.160686706016424 0.0459745952214354
0.118075637423864 -0.654114852222177 -0.121924925987524 0.0740787722982967
-0.313043417033795 -0.416654559499394 -0.0130219083563078 0.0686201668215268
-0.40935598337247 -0.155455201253113 -0.0494389894330972 0.0484876027783238
-0.488031530151993 0.0213506187214194 -0.0424882079342062 0.0661037225771285
-0.460378357069796 0.122201324893597 -0.0710652720322627 0.0646738183974777
-0.46653080358723 0.108238624409259 -0.078213091938609 0.0490827126893082
-0.430013025671112 -0.104228121009518 -0.132594764656757 0.046618134866747
-0.347616743517491 -0.312707634452916 -0.144008007260685 -0.0241673770167336
-0.0319011563528627 -0.609905760669533 -0.098360755728615 -0.143496665265698
0.401735431664513 -0.493339993220388 0.0536628158219041 -0.143667659222356
0.615302724260632 -0.032942365877618 0.180202083488138 -0.035621934138509
0.633419190692643 0.360332267417647 0.151544501408611 0.00285837524980603
0.605713210707158 0.284367020075751 -0.309107544958544 -0.401904319557174
0.624729082760074 0.000348706699070431 -0.322814818413218 -0.161681060213162
0.469877792901493 -0.373245934948086 -0.174123895425347 0.0391817870743805
0.0982150258706626 -0.558091319734803 -0.123108173541726 0.0146868628759578
-0.258768348695224 -0.359049222324977 -0.0890814142421921 -0.0262577180907767
-0.346008045787555 -0.147668486133303 -0.193935914951149 -0.0103847502428616
-0.423275684655407 -0.00911213567724633 -0.208151150197921 0.0736131398747142
-0.397099117240005 0.0793580537890647 -0.21539139405647 0.106587094971258
-0.397147545102328 0.0626225699649546 -0.223174657447686 0.080982510148844
-0.351024627794381 -0.113122099650118 -0.25295025330725 0.0297587955905988
-0.2603448938271 -0.268662035787535 -0.213330641371795 -0.0806879381654747
0.000778000774401091 -0.486314031259794 -0.116295767952591 -0.172508346912401
0.333977915708745 -0.385271048687141 0.0295442097230401 -0.138062061452521
0.505931694956032 -0.0208696739561117 0.0598424198670742 -0.0314753032037157
0.555067096425518 0.298786308711264 -0.0307245753098054 -0.113947300905832
0.463142353728638 0.156028691296544 -0.452869291699128 -0.489447320784686
0.433056139284879 -0.0387360712327653 -0.430948026878666 -0.171729620174934
0.302257805938845 -0.258647922548667 -0.173375802044172 0.0286934773020359
0.0600612842884518 -0.357301255340211 -0.110076291930301 -0.0350920569517946
-0.156117294267633 -0.234539682204771 -0.148619515444797 -0.105883926378034
-0.223758639721978 -0.114505441640856 -0.304056577157511 -0.0610239408916756
-0.289575229245196 -0.0380617283252115 -0.341128094411109 0.0738428018061172
-0.27466506841087 0.0245790254651988 -0.327670222204582 0.133408658812965
-0.272428343013392 0.00624339044495494 -0.332008026935882 0.0968512042705251
-0.224471638508022 -0.110026605710887 -0.33047060210535 -0.00062426236858043
-0.136540457398171 -0.194097134396369 -0.240336004498534 -0.135646181317459
0.0365388793648242 -0.298785617075488 -0.0990160770106984 -0.184554524237749
0.226514538866353 -0.220838730322548 0.0265117974116115 -0.119664764605817
0.326879169954827 0.00140099511230696 -0.0359625940203576 -0.0177638955147792
0.395630105932264 0.199585919855078 -0.184056172189356 -0.196218941713349
0.244635020065792 0.00336214359748122 -0.538685870474916 -0.513221882828997
0.172288746660671 -0.0713715202279795 -0.492355422352848 -0.156925892545424
0.087325695315098 -0.10707176767684 -0.162459475670982 0.0298414659669477
0.0138504297669073 -0.104960036792126 -0.0849559506842584 -0.0582870323565251
-0.0289472687890523 -0.0768807324028305 -0.178769811259096 -0.153108963566497
-0.0645022065587888 -0.0654745021692023 -0.361297101414162 -0.0940249381149435
-0.107808768052205 -0.0628446451942164 -0.418579371339576 0.0658502309339486
-0.10925881341845 -0.0349333265587053 -0.390734208468324 0.14091647419852
-0.109937777693 -0.0486960310624918 -0.392103948514615 0.0916544235199866
-0.0738303518114742 -0.0877736108123599 -0.355877746763917 -0.0397173752155388
-0.0119080958198141 -0.094177705305471 -0.226168582232548 -0.181358880738661
0.0492364061830568 -0.0923182062050771 -0.0591966553916151 -0.181886988751381
0.0893344059801688 -0.0563569198824004 0.0345739524136605 -0.0952199923663528
0.122215352306678 0.00512676081190469 -0.101332065093348 -0.00616001268036757
0.19226226798588 0.0711610838079695 -0.289551657993765 -0.238579190052738
0.0521286314623643 0.132459957474493 0.399044705064154 0.199117363959125
0.105646799443921 0.0388760736302571 0.216452558519447 -0.0286799258583494
0.0892198063925149 -0.0829869673563079 -0.0666537803603987 0.041282246755022
-0.0169602036775458 -0.128287956864957 -0.00972591069160363 0.185181796389265
-0.102577409461812 -0.0333093853639014 0.202364966450997 0.233624601225119
-0.0816033168182534 0.0372869112797506 0.385526717730476 0.116420236017505
-0.0778983766783566 0.0884715345254072 0.437627751126272 -0.0590916163969363
-0.0761322578960882 0.0890539910243712 0.404747772953042 -0.136479201357599
-0.0846269228239575 0.0817430930198579 0.421063761504269 -0.0834292012427494
-0.101919639716974 0.0237252245007183 0.353246570601316 0.0558684018525366
-0.104485459590689 -0.0592379834743592 0.192940393067847 0.152703677748324
-0.00809187696395238 -0.144488541794832 0.0857366661181589 0.0583417043531556
0.100249257066442 -0.0717947008375159 0.161584514571063 -0.00713562400845351
0.0714163427693473 0.0445865250813539 0.428549219496324 0.124199531603295
0.0111005326840044 0.0785100437687934 0.546899653250151 0.516742080814553
0.278991587066153 0.249280496144695 0.329820329175695 0.136599412413393
0.320325604207078 0.0575793932294997 0.176420803834445 -0.0412147739630797
0.261721108187131 -0.199173342907209 -0.0857938092430713 0.0373304732248734
0.0315707922104667 -0.328345686919957 -0.0546427453350888 0.17578367118185
-0.198166598674446 -0.172188703807582 0.16777923554136 0.238700967821648
-0.224901378015812 -0.0180523571067282 0.333406243121494 0.136739644827094
-0.256418120685965 0.0995649395561342 0.38890709365415 -0.0230942738901737
-0.249869161969755 0.136054521427888 0.345753491282247 -0.100534556061651
-0.264747782049864 0.116442262586331 0.354689443692249 -0.0663570560222625
-0.265269458260246 -0.026377916989273 0.278756959268353 0.0581745016918397
-0.226593335017097 -0.186298597073106 0.137090289881424 0.126295762709783
-0.00254087547210684 -0.374309333372585 0.0496949852110226 0.00646555868906379
0.267654409943532 -0.250062621717003 0.159416955965515 -0.0525090637117948
0.322385517541197 0.0459919056430892 0.446089751102553 0.0744804822096129
0.267658076486077 0.227945864346418 0.556833629703377 0.428293711962722
0.473690223162727 0.342019758261694 0.210303097431933 0.0278388203572467
0.519037267449492 0.0716856667571242 0.0941335239546982 -0.0649259501444565
0.422407937601801 -0.305071050219628 -0.109530776305138 0.0397440261579368
0.0798713933367212 -0.510430583231326 -0.0882461627092052 0.158972325691255
-0.274415631899237 -0.303690570421356 0.122853951945873 0.213157364791601
-0.341990457903833 -0.0781899448396453 0.238282197729624 0.131940839922799
-0.401004911394311 0.0911126738059903 0.282167160969741 0.0138122521814916
-0.387179629606819 0.1614557053523 0.233470307129295 -0.0474095748525058
-0.401931913543035 0.139386811451337 0.234176549239418 -0.0349806166984719
-0.390735769178938 -0.0617053667264755 0.159481129908454 0.0568587160655646
-0.328354753347499 -0.275109114258359 0.0536107492220358 0.0822846758733439
-0.0226875165689858 -0.555369282727226 -1.22690080456428E-06 -0.0511471823804499
0.378438230520981 -0.414340693169161 0.136023354328754 -0.099003979670926
0.525740197237097 0.0140145413311751 0.40717879287023 0.0180010298037507
0.487241646650009 0.328574475996793 0.483972378820397 0.294469603532182
0.614269382043983 0.385574102180543 0.0490606619235021 -0.116100481721598
0.667520398958922 0.0612071337783279 -0.0327237052610593 -0.0974610033663352
0.533789355033311 -0.396150420780111 -0.139210001867134 0.0470552757345403
0.106971558401383 -0.647025519576565 -0.112195415260658 0.130218107892795
-0.326532406627129 -0.39712351483664 0.0639899560659021 0.154391510255489
-0.414933637178478 -0.127939159580065 0.105152430227922 0.102122216594737
-0.488722887934775 0.0683969661201148 0.130191332300421 0.0438249735749885
-0.465929036064768 0.165255109423602 0.0866769312331899 0.0117387116835165
-0.476387979115384 0.143284669210775 0.0806390303667774 0.00646539923362555
-0.456251923938216 -0.0829917359916888 0.0139237823453881 0.0556176196767943
-0.382942523183839 -0.317957204570391 -0.0481648809530623 0.030660046818126
-0.0477956415328657 -0.650742254195141 -0.0574374959364061 -0.104003743289746
0.42166175935017 -0.518859607745295 0.0943747875797129 -0.133444385134437
0.636108826251267 -0.0271342148895333 0.312770217297603 -0.0228639480912558
0.627665486865988 0.371869406423331 0.340270443018584 0.141586604209373
0.66911686990148 0.367937544203784 -0.137589536850793 -0.271073170208171
0.721390896218993 0.0318930415990808 -0.187095054423316 -0.132775675917337
0.560818610165381 -0.436396115915578 -0.166570797803596 0.0493724982438577
0.108147761503373 -0.682341229235499 -0.126036063314999 0.0823757587591001
-0.330193999109185 -0.421770556712455 -0.0127065184046714 0.0675897416126718
-0.425179337126922 -0.152565392455304 -0.0499913225187765 0.0527737178105102
-0.50357580632902 0.0374698881061873 -0.0453528019602107 0.0657386068188998
-0.471807048426098 0.140626275587174 -0.0725714176789988 0.0691287503403798
-0.476482658774481 0.121035454360318 -0.0819922324216831 0.051511086759966
-0.446610350185516 -0.0982405113512826 -0.134855333132282 0.0521895374026948
-0.363750407407889 -0.315341199514878 -0.148972993696335 -0.023064912279138
-0.0477251102270208 -0.629439091553694 -0.105888991980812 -0.146436529828226
0.404410341449154 -0.515707950780345 0.0522913707941017 -0.146745246314673
0.63152637609591 -0.0428191396340857 0.186719836614868 -0.0387228616891876
0.657823003616147 0.358176014029212 0.153393441667784 -0.00109126459698288
0.625730605899854 0.285010380045444 -0.322157686222469 -0.406487838804418
0.644680296522462 -0.0105498244704994 -0.335841210379028 -0.158839891891328
0.481901891810163 -0.392788168049754 -0.180963005377661 0.0424692354100404
0.089118404971326 -0.582913024423729 -0.127117372814201 0.0211247238658508
-0.273408911772394 -0.364896967234709 -0.092991746924523 -0.0269967951311935
-0.360822160971635 -0.145904665130798 -0.200347747520854 -0.00302223575033335
-0.437142097084521 0.00392428669196364 -0.214720053483101 0.0784911058252203
-0.408394478254998 0.0943324290049907 -0.2198282560179 0.114971454459077
-0.405831990260845 0.074109987876658 -0.227611525781875 0.0874776178559292
-0.364694043264188 -0.108672879910253 -0.257935713956902 0.0378649469368919
-0.273305874822979 -0.272871220441874 -0.220554267548198 -0.079336599543931
-0.0131911413643945 -0.502189205353429 -0.124193854600758 -0.175570505064779
0.336821240515172 -0.403678440654682 0.0270897719588953 -0.141212774160457
0.5190481535672 -0.0298120298168511 0.0624846853333597 -0.0327029709987339
0.577341442989503 0.297146012527398 -0.0361514643587455 -0.118999007772205
0.478059212082933 0.155300674809338 -0.471294992199617 -0.496523543347969
0.447951944190695 -0.0466013973760406 -0.447235104646825 -0.169011891472021
0.309876252674518 -0.273221153529261 -0.179814368018669 0.032596848242238
0.053165853107918 -0.373501875129026 -0.113542572756419 -0.0300698879520511
-0.164903991417875 -0.238628157890843 -0.155376266809319 -0.106436849322333
-0.23276173907435 -0.113908876194805 -0.315441028494412 -0.0521999601868706
-0.30093279406132 -0.0294320491570251 -0.349849456894989 0.0821612498616967
-0.283116949357041 0.0347090949938323 -0.333418903217662 0.144332506489845
-0.279664708534909 0.013211603830702 -0.338024444352105 0.106799967636271
-0.2347269868705 -0.107543446849265 -0.336906015807361 0.00912915952698259
-0.144806127700157 -0.198439216741729 -0.250383632776514 -0.135235727949882
0.0296902966478198 -0.309088399740325 -0.106814330587831 -0.188560623438844
0.228958247615594 -0.232768062412612 0.0237911061251909 -0.122319773882156
0.335706394128607 -0.00513690402273271 -0.036218840107338 -0.0176919444803321
0.412468849809071 0.197686648329405 -0.194768725990113 -0.201171072927479
0.251735694162162 0.00243391236919166 -0.55948493321051 -0.521861098462241
0.179606002766126 -0.0767539065634029 -0.510536561716884 -0.15385623445163
0.0909312986712389 -0.112874255464014 -0.167809708250415 0.0336310467496834
0.0107228786673681 -0.110573386825999 -0.0875901620706201 -0.0559856399320715
-0.0313436105142225 -0.0787326082487599 -0.187031750907719 -0.152843628836134
-0.0667673985650169 -0.0660560045262319 -0.374796718234327 -0.0847201712727335
-0.113798695102918 -0.0600564466145563 -0.42914516981165 0.0779499693652062
-0.114291864390563 -0.0321638031377722 -0.398282524379944 0.152676386372988
-0.113987035666678 -0.0460992909434179 -0.399359504520851 0.102537862563045
-0.0794689353548042 -0.087941861755618 -0.364058096205216 -0.0312065270238194
-0.0151673068909201 -0.0972832104934175 -0.236015631538299 -0.181907256281225
0.0465679006226925 -0.0970591734695326 -0.0642220743412052 -0.185786491358255
0.0912421718650787 -0.0618219169791014 0.0317835559532839 -0.0985619495205743
0.126410616875925 0.00159490812926353 -0.103868612906037 -0.00492346079198155
0.200556589258736 0.0684210551608842 -0.303795005049568 -0.243283749112023
0.0736784987798307 0.120966638518398 0.418574021724387 0.181414765828532
0.110778413447931 0.023049446164462 0.218823863792933 -0.0426677172748468
0.0788121095931407 -0.0938719963976043 -0.0581136528948217 0.056736673507405
-0.0328372709878536 -0.125761062280742 0.0169436506266746 0.191391475632901
-0.101433828699965 -0.0218699043232535 0.232039002531763 0.210227218702903
-0.0747898311957295 0.041436950456894 0.405535209209039 0.0731519457571548
-0.0638827729933814 0.0991869331250402 0.440310674451027 -0.118850290772568
-0.0664873249124036 0.0967042968299361 0.39959673147473 -0.184339704685061
-0.0754064315278674 0.094403606045755 0.431725710543494 -0.133013357733286
-0.102850772057334 0.0394916200491076 0.38051772791129 0.0196201828678009
-0.115410460365532 -0.0448109775162345 0.223326646140471 0.141709177759293
-0.0281338320399649 -0.145662782355333 0.0999132081890922 0.0583891697113936
0.0941996507606269 -0.0812027921061969 0.168828876395599 -0.0186386345258423
0.0736973059487182 0.0481451477399357 0.466432037976294 0.0857010178712037
0.0109238207337036 0.0892272082547874 0.618287459155015 0.498227446775578
0.315749059876189 0.210103589962982 0.331704778994924 0.139962285157602
0.329846484756332 0.0149350344940957 0.174903378951221 -0.0377145242401472
0.238564827903025 -0.236440192206436 -0.0701473144492993 0.0708755297008645
-0.0135337905783005 -0.337680302300552 -0.0143353505611516 0.194960253634299
-0.21497408142254 -0.150426270826771 0.206896061790466 0.212160386503549
-0.227119162311513 0.00184041087435527 0.357909133519226 0.0925739721154434
-0.247119116662081 0.137887124651445 0.402042527817632 -0.0873133508893732
-0.23925027179224 0.165208827902581 0.341351350686268 -0.142740922857689
-0.254566122052094 0.153070228679387 0.362182050154495 -0.107814805955876
-0.277882941271934 0.00706440396062026 0.305658092687693 0.0297972025109934
-0.255230866149847 -0.160729057923778 0.165246967429953 0.118616376760149
-0.0521721876808009 -0.38457783443895 0.0605760268328044 0.0146731097710196
0.247532156668831 -0.285438938109777 0.156751522377015 -0.0552726099927041
0.33949887148431 0.0236070048113829 0.468199419137471 0.0235420051373039
0.299038181640978 0.22217512936986 0.613505358035155 0.386395436549973
0.52277805850962 0.278385530909765 0.193321639514665 0.0501628777499243
0.531545940529257 0.00465160421165979 0.086119379451856 -0.0417292726880644
0.386498605333476 -0.366103561302639 -0.0862552219816964 0.0907991498619512
0.00732349504296215 -0.529835970780753 -0.0356821070010575 0.189819056112352
-0.310319933167084 -0.274004042267847 0.167523478063303 0.184052953776582
-0.355312492966653 -0.045602824040854 0.263420817781623 0.0931740542101529
-0.398002306530176 0.15122405978233 0.303054681485981 -0.0459964276645542
-0.376439973709193 0.207509622839021 0.229123533478174 -0.0770002183104662
-0.392396337980501 0.194532331769902 0.239293518569749 -0.0617096835830853
-0.41133805622831 -0.014093691147816 0.182308244850805 0.0407057619712414
-0.370149579870944 -0.240897791688444 0.0759147365608919 0.0802409283132247
-0.0961683397899273 -0.570510052708761 0.00543012096296217 -0.0359830974690846
0.343248160991012 -0.470529787896271 0.124287542704196 -0.0931258142539728
0.549780620596312 -0.0315187806081471 0.409548657626615 -0.0370145034698519
0.545985387801072 0.306416547470475 0.517658983506715 0.23632101585948
0.666339941038719 0.306769849881495 0.0129873971856267 -0.0761243259378779
0.681949085494726 -0.0222849915224617 -0.0467220050904199 -0.0548783395495858
0.489788097043016 -0.473668626714998 -0.109260698233164 0.111867717421476
0.0133285083411691 -0.674658589371792 -0.0512497238851649 0.168894840007582
-0.377044759885545 -0.363042351883727 0.106404138635711 0.125671059842369
-0.43815937263993 -0.0860833629187579 0.126921511268084 0.0739466787694684
-0.493600160062424 0.141978435748167 0.155829511075449 -0.0019647283019578
-0.456325913338047 0.219347955768136 0.0828436979551256 -0.00124060430801653
-0.466316811166704 0.207582984134283 0.0828602273042253 -0.00131239722204032
-0.481565196647417 -0.0282709491989149 0.0304130413356139 0.0541793699396585
-0.430248439719803 -0.279885995058541 -0.0359667868181662 0.0358222757027778
-0.133998001635342 -0.665944215045668 -0.0594457254002487 -0.0850185632832664
0.376225191404814 -0.584520495791396 0.0753097069008005 -0.120052026088884
0.664176184444034 -0.0886958600155215 0.297884954696651 -0.0744079378055288
0.700821161833434 0.336557229439982 0.347508076619653 0.0792429725194683
0.717282314189451 0.284148030010726 -0.190415759025838 -0.21903740857876
0.731239866591387 -0.0576394613640709 -0.208030191120228 -0.0738997686938826
0.511172811041366 -0.519681601915394 -0.133762274990781 0.120306280415906
0.00830318045890944 -0.712963158832617 -0.0664134439638577 0.122383123207518
-0.385494559911303 -0.387997834342528 0.0208436989978341 0.0446933154820133
-0.452808969674833 -0.10854723409715 -0.0364325383782935 0.0397116597583518
-0.514625947242207 0.113375336932464 -0.0202133958562087 0.0412423934394231
-0.467368728393461 0.197491438437201 -0.0746053988691148 0.0752850056477923
-0.46896400514255 0.185781116212437 -0.0827682470682577 0.0628349060945681
-0.473031486457927 -0.0463041069212366 -0.126687485804789 0.067127613824623
-0.40975160087339 -0.280731713818391 -0.149121837316609 -0.0105539222064546
-0.129214623869837 -0.643974179907289 -0.115486722657861 -0.12623166858127
0.360258719759173 -0.579860864381962 0.0289549213970092 -0.130433258575461
0.658926557110377 -0.108826778180825 0.161530010512355 -0.0780979039344197
0.734774693773272 0.315924909493438 0.135816003436103 -0.0584505332878298
0.660625148168894 0.208321343786511 -0.385458075859115 -0.349440125188897
0.64945336192018 -0.0861711618250699 -0.361406324977817 -0.0933087780311328
0.437540924097505 -0.466451155913386 -0.152924109505111 0.107279069542629
0.00222315013173919 -0.609648150118242 -0.0807041345182193 0.0561057507442381
-0.323735093108821 -0.337270163443549 -0.0751237307240619 -0.0405554498707253
-0.387617610571324 -0.106698180710019 -0.197415378495311 0.00157927862518771
-0.452669327443368 0.0711969678969227 -0.193257502300649 0.0777766592754117
-0.407818920724385 0.144617823719205 -0.220440043116205 0.138259409253782
-0.405006790139232 0.128421656067034 -0.230915391323678 0.116103635780915
-0.389253708479763 -0.0675444174744727 -0.259625739179374 0.0652456622065025
-0.310014704519785 -0.248668769660889 -0.233296228447641 -0.0629434611887138
-0.0761189757330475 -0.517520438064933 -0.140757000326401 -0.158149224185868
0.303621661395678 -0.45692477918668 0.00429890463457511 -0.128265129845364
0.540591080558842 -0.0848204915644075 0.0359288026799631 -0.0562186582393592
0.645240103579647 0.257217942035373 -0.0716813311901461 -0.162221428057045
0.493928373423687 0.0998842205088108 -0.536262986400092 -0.442497610938552
0.444938220426529 -0.0980139912990984 -0.475690384288421 -0.106310126596452
0.280272880780124 -0.320194254703367 -0.161865372956313 0.0809953588536361
-0.00281024759400682 -0.390094682699599 -0.0876667269777434 -0.00635713079547779
-0.200773936464244 -0.222263298134266 -0.154542999686167 -0.107336203313569
-0.253986541629315 -0.0865901499327534 -0.322985139199622 -0.0302796010540262
-0.317676517673272 0.0180349647389382 -0.334997664838862 0.107105632626089
-0.287326685543084 0.0698984448622359 -0.332751209573756 0.181424108986778
-0.283543740775945 0.050216201511433 -0.343781720606913 0.147603811817771
-0.254138453780095 -0.0838295609511772 -0.347878908226713 0.0445107565076431
-0.169903969069632 -0.187627416739543 -0.272764420128598 -0.117592086331479
-0.00834752154423291 -0.323425164803196 -0.128227815266169 -0.179415545309184
0.21054571552895 -0.267638184017785 0.00429732945992676 -0.117377445887572
0.351845516321018 -0.0423241412528075 -0.0569206147871162 -0.0258882303797126
0.460898746012895 0.164468964506992 -0.239777489317552 -0.224949375447804
0.245112919761907 -0.0242528026906315 -0.616072139882159 -0.481261542412803
0.168945451614307 -0.0924371770727224 -0.536588618664338 -0.102679872019491
0.0783727277770229 -0.127038000851142 -0.161053686088568 0.0598424816636562
-0.00759409631511449 -0.115308545280192 -0.0843487365615974 -0.0447957144908598
-0.0455845488211958 -0.0759623387585197 -0.203354038226613 -0.140568277894789
-0.0797931672109985 -0.0558128560000081 -0.390429255730486 -0.0497579207028111
-0.13030242533049 -0.0406888246636699 -0.423273430503333 0.123269707987706
-0.122215879257596 -0.0163233743846824 -0.395038442014496 0.197618668790298
-0.122697063411456 -0.0316258023764168 -0.407293621832211 0.149939730053759
-0.0920816276381204 -0.0822678054612178 -0.384224582704997 0.00577198835609734
-0.0255010076788988 -0.101112742979935 -0.266558085071032 -0.166901985116715
0.0371992093985093 -0.106364719337134 -0.0876545566505092 -0.186659074601579
0.0874888914376763 -0.0753634870970057 0.0190431534406283 -0.102281006628641
0.133850612407639 -0.015318588908232 -0.116916574214668 0.000868859302133938
0.224869162931557 0.0470491813913839 -0.350998527174987 -0.24535228100242
0.0829242271766059 0.117387622114052 0.442635712513069 0.161091461982885
0.112761179791013 0.0173486937519628 0.221886873227983 -0.0596661791470756
0.0737125288967093 -0.100824816385402 -0.05651463255564 0.0639943580071766
-0.0425064558768546 -0.127463435702296 0.0289792216010345 0.194791361164509
-0.104727877092988 -0.0158229680215101 0.251672299387805 0.19671872198697
-0.0751941404072599 0.047058540897383 0.419969149496368 0.0414558710559049
-0.0565365861606555 0.104755592562486 0.439090035092566 -0.155286687874265
-0.05921862538961 0.104785361477381 0.395067837484671 -0.218431366712751
-0.0695952828868352 0.101560572711963 0.429284596977172 -0.170039429237561
-0.101181335765577 0.0478692129938366 0.389612307771921 -0.0100994341717439
-0.121150255187812 -0.0367867227338665 0.241024839573897 0.129283926237174
-0.0395997830047581 -0.147135337950256 0.10694921945557 0.0530144144277642
0.0903928587970931 -0.0886215867264253 0.173819867098714 -0.0307027848946177
0.0798325683971947 0.0450815078953987 0.483321696192127 0.0555465283205417
0.0164193694767388 0.0908776875799567 0.671307169170696 0.469592102526424
0.336511091327191 0.192286423213735 0.352366992193512 0.124261465519261
0.336411984437908 -0.00611534749464079 0.177822256872384 -0.0509330721352146
0.226809365331616 -0.257985302213987 -0.0677485531598221 0.0783463497859261
-0.0401949790686316 -0.347096905681094 -0.00153453287685739 0.201886292747863
-0.231066083071253 -0.139251274126409 0.224350626287204 0.199669165658439
-0.234876068641033 0.0176475104208775 0.372474744859402 0.0657464018519645
-0.240889971731716 0.160118220496503 0.400553601848613 -0.120799361965343
-0.230665700954273 0.189559416048294 0.33843860789263 -0.169874619795187
-0.249462959393361 0.17620914950092 0.360717031895786 -0.137721701610167
-0.284410187244768 0.0274293106293985 0.313750035774793 0.00640175372193595
-0.274119872718839 -0.146786912119174 0.178917524284806 0.10924472777496
-0.0832002780289028 -0.391666186943262 0.0621302587805257 0.0109750295841516
0.233442555001809 -0.309847638902679 0.159374296722386 -0.067727779946469
0.350832447349569 0.00153404411233131 0.482486122953904 -0.00879297984054579
0.322287674845822 0.206277542309889 0.655903282947711 0.354874264649665
0.552312356519624 0.250354718947928 0.204349700824473 0.0429142631052329
0.543246993033718 -0.0303752317169164 0.0876519635367173 -0.0472127620205638
0.36962520153106 -0.403059682495281 -0.082787230769004 0.100676657521921
-0.034558205660047 -0.547091516029319 -0.0234825404091764 0.198739211966808
-0.337002604337521 -0.259626877093063 0.182128987416028 0.173401931845351
-0.37027630533176 -0.0210447082429121 0.277158064272068 0.0747785099840368
-0.394989087754598 0.186472091753766 0.301211451938863 -0.0707887560216339
-0.36818444042347 0.245072727186171 0.228762012052438 -0.0946739400716599
-0.386470670373415 0.228979066593504 0.237581728432598 -0.0812038439666042
-0.424087571417837 0.0171487926365933 0.188976013602084 0.0272000280574049
-0.397418514431081 -0.221395342242378 0.083281739946774 0.0765583899663338
-0.144412927947908 -0.578338701245747 0.00163361923936154 -0.0367642724831648
0.318038845185841 -0.509303956320449 0.123831700987334 -0.102694724443133
0.563371051426756 -0.0707922672423238 0.419306669409458 -0.0673228835145459
0.581585150396373 0.274275485701104 0.547736074987098 0.206896276305987
0.703763765502102 0.268697379549405 0.0112474675315252 -0.0754443972215545
0.694850817294391 -0.067812697004366 -0.0496248825705129 -0.0504818218436194
0.469188895489 -0.523175860388449 -0.105024520194563 0.124122343137251
-0.0387430713760198 -0.696120053356231 -0.039875297039209 0.178781599953567
-0.412165054890361 -0.346060462526778 0.115324673954924 0.118410478252677
-0.457450802083622 -0.0562823596510502 0.136732093810783 0.0669871333869029
-0.493970381520335 0.185830372443416 0.153268357644661 -0.0139611512503118
-0.449667389202612 0.265823916093048 0.085326033799332 -0.00590852743236347
-0.462928030602636 0.248152413463525 0.0819772563096161 -0.0069456463385281
-0.497749500559349 0.00708733015888689 0.0349398773633267 0.0537090915788398
-0.46115336431014 -0.257544662021156 -0.0361571602152812 0.0388182986294882
-0.190073950415565 -0.675093994461231 -0.0686132118530234 -0.0813652097062231
0.343584375334761 -0.627396883916736 0.0724032137976367 -0.126424151368016
0.673943445585509 -0.135318396102533 0.302702103283852 -0.0980809328981268
0.744856462794468 0.293387437680097 0.359012619228433 0.0563088017424182
0.755239859513914 0.244211390816687 -0.207030432950537 -0.209639999313441
0.747292818208565 -0.107777273031238 -0.216767177335237 -0.0587435653754221
0.489383136499378 -0.57086421209375 -0.130469656710525 0.133849958713864
-0.0470829716481627 -0.736252807486325 -0.0579662177441397 0.13261675927182
-0.424768347666695 -0.372371286662299 0.0224258192251345 0.0421334531480999
-0.475049984449587 -0.0786081353390065 -0.032412285810203 0.046337682005804
-0.517839805414616 0.15990270845192 -0.0226657553515409 0.0426458569903828
-0.46333629977098 0.244892969737926 -0.0702595340502738 0.083489997368984
-0.467088826721151 0.225396669944632 -0.0816665580855798 0.0720209923465499
-0.489712352723048 -0.0106122282082515 -0.123661267766123 0.0781939741011578
-0.441414655551546 -0.260302531414302 -0.155279835258915 -0.000207610148346265
-0.185015134532145 -0.652871288219888 -0.129357350904917 -0.119566501403635
0.326993749031352 -0.621908498487098 0.0232735922096647 -0.134049253526581
0.667305939538489 -0.156954242076836 0.162895103301696 -0.0925985588009972
0.776368033195787 0.270062882868947 0.13157536069381 -0.0701584823691643
0.691310049260486 0.172499803082512 -0.416233681037916 -0.332626893583836
0.661779838646176 -0.132742668926307 -0.376990204715441 -0.0684289950230741
0.417572952720511 -0.513497236302837 -0.150686226575655 0.122465809178026
-0.0465842832830863 -0.630754986057328 -0.0763105716340767 0.0664373649038739
-0.356767844529338 -0.323355219116503 -0.0810081397539731 -0.0365793152233116
-0.408109061445224 -0.0816004488394289 -0.200403133656533 0.0206897160330746
-0.458878048295244 0.111979962678096 -0.196047432303458 0.0942404244214297
-0.407325185369813 0.185200031740923 -0.214753029861482 0.15838259996602
-0.405780621168187 0.163211792399052 -0.228794580037944 0.136927341673955
-0.407003489042148 -0.0388162258506271 -0.259218435201549 0.0874215864788299
-0.337326456804237 -0.234249521121164 -0.245765276132231 -0.0478380417662218
-0.120932166486487 -0.526104729029478 -0.157311706523342 -0.150615548549668
0.276746285497803 -0.49233119225036 -0.00290636281666605 -0.129787739912822
0.548682430320827 -0.123306345334683 0.0354108268819198 -0.0613227700990558
0.681362535219962 0.214983200334331 -0.0888128258336429 -0.16221890744492
0.514367413962647 0.0709228369145173 -0.578766432972394 -0.419754968164294
0.452435559865122 -0.129342804269435 -0.494663447642788 -0.0743015761330935
0.267080547663477 -0.352185911524675 -0.161045195200812 0.095105110031508
-0.0341887247619656 -0.403940579197218 -0.0878315941129288 0.00140897056881541
-0.22157783131049 -0.214227216617355 -0.166698962374035 -0.0983951284929719
-0.268107220312109 -0.0712023043461425 -0.330738515997818 -0.00265422401720836
-0.324011210085982 0.0469266480585839 -0.337254482763097 0.134441688609289
-0.289078924912692 0.0982525586976493 -0.326478074379651 0.210673164645291
-0.286829650772683 0.0742105043560624 -0.340240577305498 0.177203626823296
-0.268762905612157 -0.0647443782987509 -0.350307535947035 0.0716296119232562
-0.188549927678901 -0.181736856458106 -0.289380248563352 -0.100175121702877
-0.0351902471577457 -0.33204304868442 -0.145605709266796 -0.173870400488926
0.194542004273254 -0.292561357855492 -0.00300657594630291 -0.118570069751791
0.35835182166085 -0.067809683836053 -0.0582837494314909 -0.0242538317877114
0.485935524239439 0.134217348093752 -0.266411410216204 -0.215040368712592
0.250752208821118 -0.0404271029898756 -0.664660272688212 -0.455223525065583
0.17008070840384 -0.106365993939495 -0.559362920880045 -0.0669792763600813
0.0732334368955268 -0.138306745646764 -0.161556681188813 0.0727534816102422
-0.0173095732842155 -0.119258818560312 -0.0866234091071283 -0.0390088663912384
-0.0520857637497998 -0.0742407232000295 -0.21725891896463 -0.128871711036355
-0.0857525536656864 -0.0519019057258216 -0.402512055962248 -0.0180110044239708
-0.137007434202619 -0.0284703153776634 -0.424588076651641 0.158097194453416
-0.12708571213782 -0.00469807373257091 -0.389884006481301 0.231318295451453
-0.1294174654337 -0.0221253910240204 -0.404590764412168 0.184101439032022
-0.102300955154637 -0.0759632675052971 -0.389548510021343 0.0352065330117837
-0.034377641903404 -0.102063542912104 -0.285975852132656 -0.151935044082853
0.0282173687145257 -0.112257329018011 -0.103427257830032 -0.185084350857533
0.0828629006991746 -0.0864323732406159 0.0115447310586972 -0.104779836211752
0.136084767713451 -0.0258843044349003 -0.118537625182136 0.00857916469189289
0.235390880560781 0.0301829049979906 -0.380713942270201 -0.22827100281395
0.0897422528519901 0.109401938791129 0.454919248111775 0.12976249210364
0.111160358060562 0.0105470023706156 0.215760235076245 -0.0762314888624077
0.065053642716818 -0.105222352773993 -0.0519356754281071 0.0699463629545539
-0.0527628741183238 -0.124183682833913 0.0429041544715246 0.191491257645751
-0.105574476635655 -0.00887427357333734 0.262156274229835 0.174509852857898
-0.071771402136464 0.0521701004315077 0.418590742415112 0.00425125491797299
-0.046799170665917 0.107289023195349 0.421044161545676 -0.189217420675503
-0.0486460030012225 0.108861582056456 0.374914009075037 -0.247260383281817
-0.0603449133361862 0.106723911649809 0.409862157167345 -0.203776438594949
-0.095988858810163 0.0544796575585732 0.384367548079237 -0.0416866020316343
-0.122646718248954 -0.026678157314749 0.250983642883113 0.109676813314141
-0.0510251658513365 -0.141827481373679 0.110727427921522 0.0446809740753413
0.083883550158935 -0.0931012840183513 0.171903133987958 -0.0437108037831219
0.0824657533885203 0.0395155791718096 0.4858494618189 0.0196918891782735
0.0220544549483697 0.0888701535016611 0.704303923548987 0.417940733205829
0.347657099264673 0.165794311108499 0.363193062859101 0.102418369715534
0.33038934119542 -0.0289485474766078 0.174114079277012 -0.0628633068312403
0.204966808382905 -0.274220037773532 -0.061687437241484 0.0853038630724276
-0.0695771884433712 -0.343950476886725 0.0136059056054756 0.20167278421033
-0.240550724769467 -0.122041702130533 0.236010051050622 0.178695137365821
-0.234269888403717 0.0365130790631438 0.374897326415427 0.0337500451212961
-0.225059649299393 0.178466886801465 0.383212733762682 -0.150540543593633
-0.211600767717606 0.209844533134549 0.322262188612623 -0.1950634867418
-0.233991746854211 0.195417426976096 0.343756426459832 -0.166061844941066
-0.280129181166855 0.0499734790576678 0.310367094500854 -0.0190080084135318
-0.284199970382991 -0.124869074968875 0.18710337970955 0.0949883602957493
-0.115758025034034 -0.383016848154022 0.0625807366766463 0.00765726154793513
0.209139987390931 -0.326458055757263 0.155945854549454 -0.0787584221340174
0.349926652010677 -0.023222038193462 0.480347868997019 -0.0450496969549158
0.336747143899782 0.179608399747238 0.679706243550509 0.305704328673402
0.567464540113837 0.208154415929099 0.210503246304426 0.0313656896100392
0.536133502435943 -0.0691209067914358 0.0855040131863628 -0.0524179162711647
0.335858089568381 -0.430947492766239 -0.0747103752344956 0.108732686094151
-0.0816811339409621 -0.544637139089125 -0.00743781876480752 0.201564223634927
-0.355812442292227 -0.233416406751663 0.190333993282487 0.157792821488269
-0.373187991087586 0.00819185721100291 0.281791154534551 0.052108033773545
-0.376692551843281 0.218895065469037 0.288374315191195 -0.0928296976719334
-0.344124312504639 0.278652061157128 0.220291055260825 -0.111290030975467
-0.366401792784777 0.259581781462282 0.226283273322972 -0.0992210560183823
-0.422225501099306 0.0508495902329143 0.189022223658621 0.0120105768364747
-0.413487769032865 -0.189910925325696 0.0883629425156719 0.0699276168734171
-0.191831795157683 -0.567522297688252 -0.00247428264002955 -0.0347978089339541
0.279240762135693 -0.532707952472357 0.118259041946241 -0.111560551973971
0.556750070527033 -0.110797013435728 0.414706964644083 -0.0995661011346453
0.601215084359845 0.227506315493423 0.556875780807651 0.167106544377754
0.720241283039031 0.217131412195427 0.00906476667426527 -0.0731021630420137
0.687005189108189 -0.11864894063008 -0.0506115743332359 -0.0453298704124805
0.425929332150932 -0.559726457420071 -0.0955129420346713 0.134005491379592
-0.0987977567171923 -0.69542191023377 -0.0256205320167475 0.184143603631619
-0.436830630622964 -0.315516520409631 0.120172977749595 0.108196834569318
-0.463642152481176 -0.0196528917563819 0.143144101920623 0.0565022529232847
-0.474526299252647 0.227434227223026 0.145511615507061 -0.0243829753493202
-0.423572753462964 0.305938946374915 0.0853295769605356 -0.011096147876729
-0.439349334330461 0.286621125673906 0.0782895956688196 -0.0123070534818566
-0.495061329528969 0.0485271235184829 0.0387672395683455 0.0503909889482396
-0.482490285850387 -0.221066095007602 -0.0337855846766363 0.0421358664023724
-0.24821098555885 -0.658833466971977 -0.0765130649645679 -0.0739786245574662
0.293976627279982 -0.653465301311069 0.0660587206437575 -0.131573207830686
0.663677106440859 -0.18428290066651 0.296608729702835 -0.122124963195706
0.764858198547507 0.233079288131277 0.359315905507268 0.0299582791630728
0.769878191643494 0.188558809443031 -0.218784970978676 -0.19196125944859
0.735634541675924 -0.160601691805599 -0.217455886191989 -0.0405597479044525
0.443153947005259 -0.610651239851546 -0.120083998580875 0.145976294626235
-0.109074519641814 -0.734408915328752 -0.0460996614372726 0.139169529530276
-0.450993901107685 -0.338455871732268 0.0225054436431983 0.0404052747987132
-0.481850557099293 -0.039110855367359 -0.0263184870739247 0.0508203349398041
-0.501724083709503 0.203360877624812 -0.0241977601353825 0.046142917042425
-0.439966154728955 0.286983777591098 -0.0627800652895294 0.0890353887564048
-0.446824467066547 0.264094445836845 -0.0765522383717475 0.0788313910390007
-0.489755291038907 0.0295692373645911 -0.116450772529918 0.0877138987080852
-0.460456413445204 -0.225943889109012 -0.156386977404284 0.0121423871313616
-0.240082373992655 -0.637619239173044 -0.140139359020889 -0.107429761074194
0.275812170101727 -0.646970876754627 0.0163086336803334 -0.134591386072849
0.653105263988301 -0.203948767769969 0.157956010924974 -0.106375176608675
0.795902447540584 0.206650665140338 0.121781388663275 -0.0799812013435054
0.703126039106081 0.121494921777773 -0.437158478526959 -0.301272875616384
0.652436579912955 -0.180818542425243 -0.378199297453144 -0.0380557493761301
0.378359756653039 -0.546544014149389 -0.141209920660383 0.134910020851725
-0.100109896539653 -0.628061764039326 -0.0690698307542774 0.0736218796672036
-0.380434006721098 -0.296471715044438 -0.0856729456252792 -0.030197869625676
-0.415875066510452 -0.0491270497410336 -0.194810978747075 0.039826646458582
-0.446345768597351 0.152764873968552 -0.19184812791419 0.110889613519708
-0.388463565677216 0.222894565871691 -0.199797944832398 0.175623641782836
-0.390683897823499 0.196870607522343 -0.21602537836479 0.15547342780014
-0.40826944565294 -0.00584862348957862 -0.249232837525513 0.106958168950508
-0.355900722405067 -0.207815088198529 -0.250230573474031 -0.0269836542058508
-0.166732673233681 -0.516762580328562 -0.170037049146852 -0.136701746621498
0.234259077357627 -0.514814946078857 -0.0102741360994344 -0.127528263160033
0.538744686393081 -0.163766735940994 0.0323613141729255 -0.0666526109035258
0.694223051635255 0.158349098828857 -0.10531189505299 -0.1547469226184
0.518372130972171 0.0346161766657873 -0.607310119846528 -0.378029519886913
0.444088618699213 -0.163190162912687 -0.497489736209508 -0.0364977846985882
0.240799588144848 -0.37481283627499 -0.153961238380134 0.107675909198005
-0.0680344402751883 -0.402712202640851 -0.0855622154810725 0.00920168474501343
-0.23706500765672 -0.197372897210817 -0.174365019724036 -0.0847612729517599
-0.274252881935058 -0.049371455194192 -0.327000133198651 0.0269405625924771
-0.318572975137679 0.0767037663179946 -0.32744564579056 0.162419874964376
-0.279119558079514 0.125773004935767 -0.307879653067847 0.235680471028713
-0.279571737809465 0.0981182385583369 -0.32322371540682 0.203357163197252
-0.273750809088252 -0.0417298172749907 -0.340288002994819 0.0990144950556837
-0.203545007350214 -0.167942015382954 -0.297456268696868 -0.0764279168964171
-0.0645675251411421 -0.328392350626389 -0.159030155610372 -0.160576586449236
0.169011172577042 -0.308275594285041 -0.0104276935935654 -0.117160916919313
0.351589301332561 -0.0949822166955496 -0.0585862416345432 -0.0212163105144514
0.494451064704725 0.0920786790630137 -0.285279627921979 -0.194645758933369
0.248335015301568 -0.0575689104109602 -0.695909036733385 -0.408405203290704
0.165088110660309 -0.119335394123748 -0.560815304531162 -0.0245999518516701
0.0634167915450589 -0.145708353909315 -0.15557118728771 0.0848385999911215
-0.0275521817663215 -0.118715506986222 -0.0876828127609776 -0.0322323074733421
-0.0571613894266104 -0.070404057732763 -0.225377384467992 -0.110992945471403
-0.0893518950841484 -0.0455884531378784 -0.400083603204763 0.0179436528881005
-0.138569000525298 -0.0141172523918047 -0.409198305129218 0.191840146990238
-0.127651643357109 0.00867332639779804 -0.36822711757862 0.259380636524944
-0.131201273638152 -0.0104982175937106 -0.384289071984984 0.214869563751771
-0.108715533331159 -0.065759633316914 -0.382073375919224 0.0650055356109304
-0.0442272097454348 -0.0996481308052141 -0.297447400348487 -0.127282513179319
0.0165545766862725 -0.113504829030454 -0.117141094974993 -0.175084226109631
0.0737179219655026 -0.0943492720093297 0.00412968879049256 -0.103974549050193
0.134530038957689 -0.0369684826434811 -0.116061473183079 0.0163170744223494
0.237490005846547 0.0097380981798896 -0.399327850297352 -0.198885471355582
0.0919510878078593 0.100471882224946 0.45364682036428 0.105601629364617
0.106541965857722 0.00603487787780224 0.205647573131085 -0.08507120244097
0.0567157563787478 -0.104884207667679 -0.0458532939241619 0.073378452436266
-0.0591042425362712 -0.119017865709685 0.0521826957428434 0.185342704271514
-0.103536368299624 -0.00401221637932165 0.263813876898184 0.154137000798547
-0.0683136136933336 0.0547854613409209 0.405540144701743 -0.0227421813802744
-0.0385659413919612 0.105119698833559 0.396379777441098 -0.208496147609548
-0.0399944845876595 0.108350602214203 0.349472783068894 -0.261703808167844
-0.0516849322119862 0.106421631048724 0.384521941912008 -0.222639591844474
-0.0893798970739823 0.0570097730274814 0.369089228610064 -0.062693674347389
-0.12063482378 -0.0191827725431281 0.252118922797942 0.0921790648457373
-0.0574917391513091 -0.135217757992374 0.110726438658875 0.0378009755521994
0.0772283882251471 -0.0947072956673318 0.166015463190868 -0.0520956968402818
0.0826318984361179 0.0350193883680165 0.474822488940849 -0.00714341332730031
0.0256636375232793 0.0851652882862075 0.709173866209881 0.372594121993231
0.345931507205783 0.141877230006638 0.362675090957444 0.0839946403273174
0.318960725974484 -0.0434132438753692 0.167113498595642 -0.0701647538339799
0.183245600554925 -0.278504715842271 -0.0545601956131005 0.0892740882353388
-0.0902094265690735 -0.331322762916231 0.0243511723301747 0.197140959054036
-0.241267925012142 -0.106904119720119 0.236678879853478 0.161507939429832
-0.228080578308182 0.048896575477825 0.366077661199272 0.00937802958887876
-0.207801294259041 0.186058386069693 0.361336084421632 -0.167551611815921
-0.191129235398899 0.218617498281056 0.302345344130568 -0.20684861604278
-0.215694813865951 0.204527841756652 0.321435995175032 -0.181294910800794
-0.270414858844271 0.0640903489642419 0.299492499404841 -0.0367770261009301
-0.28456188268329 -0.10561491994949 0.188540586132819 0.0818768929877172
-0.13640995489267 -0.367754216252751 0.0608472983240179 0.00524383273797568
0.186094283452948 -0.330025471100834 0.149849177995971 -0.0855633485482387
0.340339613667644 -0.0410616326362493 0.466642400166604 -0.0704699334638636
0.337720815804104 0.1549284635368 0.678873792219715 0.262011508987107
0.564002205200338 0.172067014362336 0.210818866350355 0.0230205707325056
0.516259337289474 -0.0936466341319884 0.0829847126314658 -0.0552404445027687
0.301573654709584 -0.439243882809729 -0.066154471906968 0.113281160918755
-0.115026105785059 -0.528155547196427 0.00427178815854207 0.199101368965598
-0.359668941632529 -0.209372970798202 0.190664274677151 0.143098988331242
-0.364765193046829 0.0307436534856357 0.278616438458722 0.0332154625604711
-0.352265280746807 0.236888180595252 0.271177581622237 -0.10458781011494
-0.315560631210862 0.295951219595498 0.208134507969936 -0.120070662767209
-0.34173764079126 0.27577497099773 0.211657756316175 -0.108196961236004
-0.408700530019525 0.0741944914841378 0.183303490511956 0.000987813780539489
-0.415593168090593 -0.162519677966564 0.0901120967049192 0.063657254431774
-0.223841290169018 -0.54247896087827 -0.00475363402445987 -0.0322618278941578
0.241752108623371 -0.535669228136291 0.112990887145441 -0.115446120173713
0.538327977521832 -0.137224919083588 0.399820372535105 -0.12074123595422
0.599229781714922 0.186430495671679 0.551559541263788 0.132759761145861
0.713741610139491 0.174209766515632 0.00859010695436303 -0.0690634188491648
0.664093664474764 -0.149651973335802 -0.0486385087794266 -0.0408009532998585
0.381895311519624 -0.571254035674421 -0.0849933810064695 0.139047041133575
-0.141354088784908 -0.673502761618872 -0.0132724832740485 0.183326964106521
-0.444142807576885 -0.283751057780523 0.119782936160336 0.100224411682093
-0.456085177967011 0.00914068070931214 0.145459817344019 0.0473789590886944
-0.447915891577787 0.252483742711598 0.13551361472122 -0.0290535103164039
-0.390254162001433 0.329797183519009 0.0829368696025878 -0.0154354154468901
-0.410952613719834 0.306427855975723 0.0736124383743048 -0.0152081950111637
-0.481229491561308 0.0759429051860789 0.040500771905724 0.0471480135429039
-0.484603262245598 -0.189194659905019 -0.0312587344158017 0.0440331728251133
-0.284304391505691 -0.630078486075918 -0.0796817303693473 -0.0654832857326975
0.24887839450263 -0.656590954981465 0.0602301673891117 -0.131617563152606
0.639099364761232 -0.216869142055951 0.284009562085924 -0.137019831836461
0.759157651830688 0.18169354022644 0.348745508389701 0.0108549246428761
0.762152053185469 0.143658929097257 -0.221356468616969 -0.174933550333056
0.71191160000447 -0.197001370698618 -0.211235393093967 -0.027638888427351
0.398751431962552 -0.624911522574092 -0.109345445274587 0.151682685185865
-0.154789849696025 -0.713311338943159 -0.0361752993229232 0.141324569672043
-0.460325821801045 -0.306739429640758 0.0214237294631482 0.0399514410009882
-0.475361126541948 -0.00877879325607972 -0.0190023870812345 0.0525954633425686
-0.474731208947411 0.232339398023063 -0.0255452589095808 0.0501391163777892
-0.407451831522097 0.313087835940256 -0.0545843270738759 0.0908654716436989
-0.420282190285045 0.285101223836652 -0.070710803509369 0.083383435134874
-0.476382733992822 0.05837288313463 -0.107782462400833 0.0923367088528096
-0.46440169548631 -0.195546553430542 -0.153333397573291 0.0222341660556596
-0.277452303003408 -0.608660577928642 -0.143226304335253 -0.0940653319041406
0.229063076868484 -0.65012020632674 0.0114601772007669 -0.132358340689945
0.628132929295776 -0.234903544833633 0.14904365695602 -0.115344213386525
0.787448046976254 0.152569969071103 0.110420342757099 -0.0841330025191848
0.692492264082307 0.0815452932308688 -0.441207556481393 -0.270773489554561
0.63032753127241 -0.209624443605889 -0.368504945431867 -0.0165825567024004
0.339367456216291 -0.560222525723886 -0.131388236427495 0.141624827062455
-0.138175889660218 -0.610556655974205 -0.0617305894478556 0.0779364530879485
-0.388338950707605 -0.269442859906893 -0.0863493615376507 -0.0225428067243596
-0.409996996041421 -0.0225718481563484 -0.183132391682909 0.0524149235625987
-0.423421430551035 0.179116658549517 -0.183424895762681 0.12187077951607
-0.362797631067722 0.245380773275804 -0.183842858828769 0.182621518176287
-0.368506389570899 0.216806075961997 -0.2009727437697 0.164961222098848
-0.39897946673393 0.0208133069215604 -0.234978864073474 0.117880415012841
-0.361463761323221 -0.184403742752723 -0.246904483337733 -0.0106758555320429
-0.195589448508389 -0.493337469623793 -0.174732746588177 -0.121921434825859
0.196653795672546 -0.51549113869622 -0.0140929670948873 -0.124258172685183
0.516817042191591 -0.189075480387187 0.0292760294829169 -0.0689236858431909
0.685740995297161 0.111413460518637 -0.115280747663881 -0.145183208359728
0.509753111035024 0.00653627319588718 -0.6135776050911 -0.337514333716079
0.429379873379655 -0.183524722821583 -0.48615984629912 -0.00876949329976678
0.214289946024798 -0.38191980805742 -0.144766246013081 0.114472472043034
-0.0923632623105652 -0.39171206166639 -0.0817539707670842 0.0149102687494456
-0.242375061201392 -0.180126930734008 -0.175613592668352 -0.0711726519297884
-0.272211445502853 -0.0314409284442349 -0.313188330425251 0.0486733303354697
-0.304927891326378 0.0975884017978564 -0.310902234455466 0.178957491441475
-0.262927924642329 0.143644115720622 -0.284669498884887 0.246079713507081
-0.266965649379402 0.114421248394918 -0.300268276074439 0.216860833610158
-0.270222001693357 -0.0225126737445096 -0.323517390953354 0.115249104191987
-0.210303336842084 -0.15208528571318 -0.294888173276064 -0.056354611265406
-0.0858914147461085 -0.31578462381885 -0.164629210135603 -0.145856922562842
0.144470737774629 -0.310662099410028 -0.014900423988061 -0.112832429587473
0.338136708660503 -0.112765709672388 -0.0572233432182274 -0.0193428319003169
0.486148403203721 0.0600986176563249 -0.291734016985835 -0.174552533712113
0.241052475517137 -0.0688575395503798 -0.703541887344001 -0.363747672020302
0.157483284144137 -0.125828819600078 -0.548426442885022 0.00576693326261604
0.0551749539257617 -0.147933877269602 -0.147972595275696 0.0909513615868612
-0.0345082599927766 -0.115245367763029 -0.0857823180013073 -0.0270004751022737
-0.0588634514651056 -0.0661565830062476 -0.224842568722606 -0.0948471926251685
-0.0903984171608193 -0.0395463275203553 -0.38620575745754 0.0428699973885075
-0.13481419484386 -0.00319170243145644 -0.3876064734459 0.210651928448098
-0.123212024629912 0.0187537215906983 -0.342953360523355 0.273691084387235
-0.128681243630356 -0.000565445492105968 -0.358632272311716 0.23115050454427
-0.111182586298848 -0.0555881206689744 -0.364833164937666 0.0846380964330411
-0.0501630405046027 -0.0951152325271157 -0.297728459012369 -0.105900189440472
0.00701731767897056 -0.111970460899584 -0.125090581719109 -0.163429189601313
0.0641873026948997 -0.0974008060862121 -0.00181853357169388 -0.101408570000031
0.130170039208696 -0.0450307363809597 -0.11063187772548 0.0203436176833777
0.232241915681559 -0.00623974683510782 -0.40326471661091 -0.173159866919195
0.0911080260352683 0.0947707199400929 0.450033839145665 0.0927351858045563
0.102202384144808 0.00508460578418156 0.199259356569232 -0.0884256732794096
0.0514178570487665 -0.103514209541182 -0.0405312896518593 0.0753979414125595
-0.0619497433435822 -0.114553256325362 0.0565531438877601 0.180252103494026
-0.102504729081789 -0.0013752016960735 0.261006501877676 0.143619815105729
-0.066492918064929 0.0548916392858757 0.39385427511667 -0.0369744796843912
-0.0344070457937179 0.102786310498264 0.378883810358661 -0.215833266188381
-0.0339621034986255 0.1069578833562 0.333574694700936 -0.265716902421379
-0.0465293903661158 0.105125256767315 0.365532236805874 -0.229456810043263
-0.0851998867659121 0.0573270576548325 0.358013873820541 -0.0729240915142679
-0.118270433973578 -0.0149685922042777 0.250866570952594 0.0823258284115683
-0.0601056502854137 -0.129747762557535 0.109757417487451 0.0343069873162406
0.0741371912948252 -0.0941359099673982 0.161401414720718 -0.0562726867745814
0.0821379822277505 0.0326109143102506 0.46398477255118 -0.0198720635308567
0.0267583421972189 0.0817912741801649 0.705273699707566 0.346549769447989
0.340994302424124 0.128669699401074 0.361653031072943 0.0745708223164137
0.30879709018832 -0.0493750785570352 0.162502867635445 -0.0726917578875263
0.169297215748982 -0.277465566818797 -0.0488429953413566 0.0915814439202617
-0.100386179649254 -0.321757053467306 0.0301260643994984 0.193833286913406
-0.240979127238954 -0.0991458378216661 0.234313225123094 0.152049641660958
-0.223101616399214 0.0560234200350489 0.357634578737425 -0.00403331083859149
-0.196077775815519 0.188810902875111 0.344991942721806 -0.173065582004102
-0.177247680874438 0.22210615437255 0.288742434796187 -0.210664408934272
-0.203139540812981 0.207501513550201 0.30555828764283 -0.186467534768235
-0.262675475963536 0.0701288998625926 0.290161781868249 -0.0443420002662454
-0.282744332022531 -0.0950298201549079 0.187895717936227 0.074464085880522
-0.14743739887588 -0.355032380516344 0.060022631571013 0.00452872072416387
0.173114071237523 -0.329693131942488 0.14639132463678 -0.0884502134220702
0.332808760231295 -0.0493358554747563 0.454543442629356 -0.0808692114852466
0.335267027671998 0.141110322213043 0.671244076900846 0.242533474858456
0.556111785697647 0.151989551731433 0.211122907102534 0.0195209171511231
0.501413348586626 -0.10462546457094 0.0819651602385825 -0.0555573562714702
0.280338496624419 -0.440204123184698 -0.0597444272805382 0.115465690050341
-0.133441311507446 -0.514094018665667 0.0114702819143096 0.197356142346022
-0.360203661169783 -0.195993077541587 0.189275830242123 0.136940645110104
-0.359148562203044 0.0432328853275496 0.274907576683996 0.0228846926391992
-0.335478738706774 0.244222091511455 0.258610527397608 -0.106655225171314
-0.295198418158284 0.303035791442611 0.19974916437585 -0.122897629079609
-0.323779710802539 0.282257559650706 0.200998506896849 -0.111622842627202
-0.397430155876742 0.0852951401101531 0.178768733112008 -0.00459123503480803
-0.414645943521493 -0.146264644769381 0.0909013666981819 0.0603411935978792
-0.240937275903097 -0.525608268188082 -0.00570015323926008 -0.0282497248796408
0.21975948700789 -0.532562175317254 0.110256002381879 -0.116774192821773
0.523712461966753 -0.14986965835911 0.388487682042261 -0.129573784564338
0.59130745068421 0.163233466694454 0.541888526734831 0.117452413963629
0.703410251400659 0.150654175349727 0.0103724111226962 -0.0655855343860992
0.645774109130795 -0.166061216511907 -0.0466565357316925 -0.0380237718025616
0.354706115384094 -0.574524636160665 -0.0778549656983875 0.142063082022459
-0.165888947629669 -0.654798873911483 -0.00564537479765524 0.182750690388066
-0.445831208331074 -0.266653383660645 0.118766264683765 0.097896748864803
-0.449375306049322 0.0252831732431631 0.147136744037625 0.0413461789175296
-0.429299643210089 0.263774356511449 0.128708969205969 -0.0283752018370179
-0.36688787603687 0.340816418837795 0.0812082399415572 -0.0172404489386026
-0.391962493449688 0.315631872062735 0.0698224948883854 -0.0153365548028341
-0.46895868107992 0.0904511114998906 0.0405227226974835 0.0455845615867818
-0.483124747470557 -0.170933287732728 -0.0293565920853163 0.0455119316618615
-0.304605882486475 -0.606139681879981 -0.0797714773691804 -0.0591733828251679
0.222672109063584 -0.653262223790854 0.0582756337777663 -0.131674728544977
0.619944645265888 -0.229351628760692 0.274935252326314 -0.143927299732024
0.747327396123283 0.150287564227512 0.339104583889473 0.00222236539987384
0.751157247647533 0.120255365167857 -0.218824083572792 -0.163929945583358
0.694128687988047 -0.21302553555057 -0.205845509546328 -0.0208706289843934
0.370098035338585 -0.626914094998679 -0.102119860067815 0.155011148456784
-0.180393048453871 -0.696570302833281 -0.029243150544621 0.142995749388295
-0.46222808264463 -0.289955708043587 0.0213661481395214 0.0422494822529945
-0.467859507001791 0.00817875895094572 -0.0120412079455477 0.0526559173423545
-0.455355730480023 0.246022905118845 -0.0259514102132477 0.0542659678098538
-0.38439286733418 0.323941655509014 -0.0500558410921971 0.0909153794543801
-0.401077876309669 0.295492469360577 -0.0667965172475848 0.0845800934867742
-0.465314633910082 0.0738241984753759 -0.102143312534043 0.0945031449758092
-0.464364801670087 -0.177617705617847 -0.149623511506733 0.0281877144486858
-0.295891009860432 -0.587780026192105 -0.144029409138869 -0.0852159474260619
0.203990560095454 -0.64500667745224 0.0109868289489023 -0.130709932548793
0.608175337789837 -0.248224523936035 0.143268176152161 -0.118799640940243
0.773216699971432 0.123373963512128 0.102562102578662 -0.0837222713973725
0.682415660086934 0.0625304005693298 -0.438877499185807 -0.253458932935986
0.615239351236588 -0.225371892383792 -0.360919698854261 -0.0063348844648489
0.316577786784928 -0.562719085212461 -0.125360005847038 0.144741024432551
-0.160180012613237 -0.597017140527799 -0.0562936971085921 0.0808708172937532
-0.390414867769888 -0.254862927053221 -0.085307132070401 -0.0162710263570397
-0.40422840617942 -0.00702630519960041 -0.17283595100131 0.0584116164247948
-0.407895984771885 0.192492114642284 -0.177634178975596 0.129614469963852
-0.342522037823103 0.257816058191194 -0.173531781858482 0.183619685862307
-0.353598874355245 0.225468550570745 -0.19028605422753 0.16829192386399
-0.390176299133869 0.0341453161896282 -0.225535219577116 0.123183684589343
-0.362794514780653 -0.169119363235518 -0.242840685520709 -0.000309235037892885
-0.213119318993655 -0.476371583937116 -0.175104589298016 -0.111005833404604
0.175564357751364 -0.512129166568049 -0.0150861676660569 -0.122348563741746
0.501134871916126 -0.199870807955514 0.0278328372926599 -0.0705234277811517
0.673393131918472 0.0859139410928204 -0.120800057347006 -0.138578687104944
0.50065264071674 -0.00594483284339806 -0.610350316881511 -0.316371721885841
0.420307334909158 -0.194288763549706 -0.476341544945435 0.00455930892657644
0.200591749962939 -0.385077512457509 -0.139563792847808 0.117595958614643
-0.106596225568075 -0.383360052851087 -0.077855059450503 0.0187704480169967
-0.244028797514365 -0.17128429935018 -0.172925070303881 -0.0624216803309392
-0.26772415577484 -0.0215057810475872 -0.300851271629118 0.0586878984781279
-0.292837482639098 0.108227349434061 -0.300080132028157 0.187662618467499
-0.249709655133976 0.153337046596082 -0.271073361861035 0.248778330307299
-0.257476616410927 0.123103070940178 -0.284752910157934 0.221141708147039
-0.265081975813004 -0.0118435048894931 -0.311620726240442 0.122904098544497
-0.212478200819162 -0.142648731443351 -0.291455311749445 -0.0440126861920869
-0.0980924951879997 -0.306022584659068 -0.165735069829788 -0.13632819058325
0.129482734740446 -0.309238250792282 -0.0161559805509994 -0.110635365402951
0.328121132916555 -0.120311937758641 -0.0548571016202164 -0.0189433122179694
0.477720668764353 0.040820881024079 -0.294263975510845 -0.163047830016062
0.235058657221304 -0.0735312689173326 -0.699856921215966 -0.339243987790042
0.154685509490895 -0.12948665349129 -0.536511840146662 0.0213205719463679
0.0516937723564394 -0.149206464982153 -0.142999707110351 0.0935296131811545
-0.0384071045892663 -0.11383069780106 -0.0838389329478447 -0.0232436548618804
-0.0592754228554121 -0.0641044853886758 -0.222082719014032 -0.0856301512757981
-0.0898428796454034 -0.0359333127441733 -0.373378993485723 0.0560808300574346
-0.130742029805882 0.00395658446186494 -0.371611571396849 0.21909458245827
-0.119437890262507 0.0249834778567128 -0.32668531543834 0.277474391758953
-0.125997974746647 0.00610947782976944 -0.341509841130386 0.235453153141448
-0.110400525972195 -0.0491081754537984 -0.353562093232526 0.0930683890567823
-0.0541393838976758 -0.091764508402223 -0.295376136100307 -0.0924922504935238
0.000523819240985874 -0.109449265209964 -0.126759525895253 -0.155189882767427
0.0575873339000321 -0.0983696784112257 -0.00419496440267691 -0.0991238958695482
0.125939690526899 -0.0492364248802512 -0.106595123817682 0.0219847768808402
0.227028541795509 -0.0149623134009209 -0.403289551013642 -0.158685220282017
0.10409551677226 0.0717511990641557 0.480987006622383 0.00979618510328202
0.0962197755560439 -0.0154465919156342 0.187112469227623 -0.125588691983164
0.0262616620459396 -0.106118896273566 -0.0130579397590461 0.0828351794931078
-0.0822212162554942 -0.0933234414525653 0.0994829103210263 0.160497488773925
-0.0952760361494093 0.0176323062583055 0.283478269838357 0.0844028706294423
-0.0537747141291072 0.0617288433478923 0.375041680119088 -0.117721989505826
-0.00938189472101052 0.10090410198965 0.321602575775137 -0.286215115359774
-0.0113547552484635 0.106657689242763 0.273090433735847 -0.327915500317265
-0.0211741119073141 0.106444954922039 0.31540647524261 -0.305602484971253
-0.0669383289479419 0.0706422204682127 0.343406573674334 -0.152983537113612
-0.111204149194212 0.0101261347315573 0.270875810793597 0.0239753685006642
-0.0810603784806271 -0.110264366460697 0.120986656889676 0.00966883184465287
0.0544843693332919 -0.102858590714429 0.154807466812448 -0.0878186789655186
0.0913251596746277 0.0205939109942504 0.457245739532897 -0.122668828322241
0.0492666143201751 0.0831345400707014 0.776640906829344 0.202697569281795
0.346784751649309 0.0553456430854605 0.397408692467648 0.0221697946704334
0.281455353957551 -0.109469583245801 0.162781922409686 -0.0951316824216941
0.099612768558944 -0.295627079611433 -0.000739356600624391 0.10001252989767
-0.166260146191631 -0.280071988799238 0.0916484924335301 0.170432925807551
-0.2482323534811 -0.0471169907497664 0.257107599713038 0.0881503568579632
-0.204191736056644 0.0949777246998215 0.342249591761717 -0.0852727369382495
-0.142575504164866 0.219591576622133 0.285584765205113 -0.246358455032799
-0.125838007837642 0.24556269879603 0.239041437725204 -0.265111958159595
-0.151446909516515 0.236205811401303 0.267883195432291 -0.251230115591939
-0.237401487596402 0.119715202427126 0.285146960472016 -0.112927879120677
-0.284357410342556 -0.0351007313965729 0.207992797728394 0.0286205495301498
-0.211395249317298 -0.310472071561116 0.0710848357149347 -0.00820903465294956
0.101282522536344 -0.348137194087151 0.142500844307953 -0.111200371841175
0.319925443046143 -0.113001348086731 0.425472130732068 -0.171245692865866
0.363050515402595 0.0745738124048033 0.704178565041744 0.111297808930602
0.553169880987348 0.0370764569058329 0.241361948894742 0.00734991077781471
0.455925597007711 -0.201611953167037 0.0931550221421267 -0.056077282425123
0.169798330604103 -0.474051724824963 0.00958345049445183 0.126098271240914
-0.240776069992049 -0.455258588593825 0.0878009530883095 0.1695018427937
-0.383802006530976 -0.11502571234794 0.208697449609716 0.0724887109334728
-0.336165381605645 0.111324939366853 0.263359742222724 -0.0489823133742494
-0.26194663729555 0.304158843122558 0.206132224564339 -0.172848467972805
-0.222292462370944 0.34810464296603 0.169726692428713 -0.162022472247868
-0.252631532115528 0.333051335237053 0.181046649688829 -0.154562509842705
-0.366173996919165 0.161269881457195 0.184731586398482 -0.0512355737864517
-0.421451549012924 -0.0596433017818442 0.107894714723156 0.0341745839814322
-0.337086210824215 -0.455002088933882 0.00259152790500981 -0.0268512422517329
0.104248728130523 -0.553985022239407 0.108680356381764 -0.127859689023528
0.485689990714761 -0.251778345478954 0.342269796633208 -0.1966687348441
0.617560289100639 0.0394904618219887 0.534391273296799 0.0214760931534404
0.693532205325959 0.00804213610278701 0.0251445107536027 -0.0303645321600669
0.583096951493607 -0.290723554672168 -0.0268179247098203 -0.00802686986588575
0.213415618409893 -0.618986847983895 0.0084025012348493 0.154653022040561
-0.305722242854788 -0.582810566032219 0.0785955596851885 0.152001255261029
-0.481762800036185 -0.164536067257337 0.130708469751763 0.040384124268629
-0.426769312190796 0.113880729454949 0.13956944054685 -0.00961052391233019
-0.344885623826239 0.346060198504442 0.089771747270792 -0.0759585895372105
-0.284252032947832 0.399177919436848 0.0743496777350558 -0.0349245580158293
-0.31109641439607 0.379929196991216 0.0720936098830519 -0.0329585204495668
-0.435718665618885 0.179515559745201 0.0582491074236906 0.0274687740366227
-0.493688951471418 -0.0704976132233095 -0.0155204156910016 0.0466876934288869
-0.416766261732381 -0.521912286374188 -0.0760584539206091 -0.0401475745290771
0.080251237439719 -0.666652395305962 0.0591752790141053 -0.130047263500175
0.560617625499202 -0.352158874634591 0.22348185485241 -0.178348389595025
0.766360315425015 -0.00726708417062966 0.298933042500551 -0.0470596780890052
0.733814681399689 -0.0322807666526236 -0.226264555990317 -0.0820191513520207
0.620881463169858 -0.345689430142428 -0.182129062187171 0.0420704185528381
0.217149756404879 -0.674291340636177 -0.00983811889137522 0.171473104394031
-0.328949733996601 -0.618539981240728 0.0495631833122663 0.113858264200914
-0.50400265055644 -0.181205920984883 0.0229769050282134 0.00286580168541242
-0.449009372270745 0.101844958384305 -0.0149258984713732 0.0327133486147183
-0.375548688722476 0.337345182278312 -0.0452527897093074 0.0331592112985125
-0.303477687798471 0.389087796400269 -0.0328846907136431 0.0976460532266399
-0.324774410441295 0.362603091659051 -0.0431741201805258 0.0953896741888216
-0.435115786457224 0.163427537147849 -0.0741252879542727 0.107491349693088
-0.47816232443652 -0.0809649554647139 -0.139905721249939 0.0560227120059692
-0.405010657826655 -0.50373311950265 -0.146033808940527 -0.052346643563497
0.0636761281066978 -0.658657839401323 0.0110623335344292 -0.119155976232282
0.54322733906191 -0.369016990529503 0.0978143772119551 -0.123982179337615
0.784382420301028 -0.0427440926376687 0.041703651495857 -0.0839113038593509
0.657365902192063 -0.0736794302019311 -0.471487273491482 -0.133490544050922
0.542969653393047 -0.340947527020221 -0.338450459335431 0.0853075636494197
0.181462769498222 -0.600271072171914 -0.0424346658118062 0.164873149196185
-0.288869633803335 -0.529124754390263 0.00308169762163396 0.0614640152444095
-0.430000368083533 -0.163196185239679 -0.0936660987786999 -0.0289367981105854
-0.391244447973844 0.0775206213370134 -0.169968492628973 0.0729710547823524
-0.342473422451018 0.278176141812653 -0.174418720776761 0.139042253052322
-0.277419768600727 0.31810695418021 -0.134588712896354 0.214023343035583
-0.294073236405337 0.289315539336034 -0.148731678255978 0.204655654775356
-0.372403413803982 0.111585818483816 -0.191975165988377 0.164285773592871
-0.380037801164026 -0.093282214443676 -0.24009954411382 0.0489302640417665
-0.303402642847134 -0.41590567846537 -0.186513489939434 -0.0709492165515393
0.0618718213814232 -0.524626424215931 -0.0189156248196988 -0.107703649754695
0.446379513924197 -0.301765146999832 -0.00406983810472128 -0.0545050254641034
0.675460896702206 -0.059990359707214 -0.188052991177598 -0.0948826564701562
0.471808167127478 -0.10344480854491 -0.665376449552877 -0.173704862141315
0.363506918046723 -0.269162787717665 -0.461244310411419 0.113132817508692
0.109565474090841 -0.409683219533764 -0.0806027245596895 0.141719724723137
-0.189803032845333 -0.339002367395619 -0.0462288499630051 0.0145713889326158
-0.272106045833417 -0.113108574264617 -0.186868373293847 -0.0463334065575101
-0.262527136929944 0.0374801475475431 -0.292087809841956 0.10548793920445
-0.252465646788917 0.173030875813873 -0.273910000821487 0.226407660435477
-0.209012022410038 0.200118305279316 -0.216532027727137 0.298139335313814
-0.223771493685831 0.17215580116371 -0.233300001055609 0.277380456739088
-0.261456408669053 0.042011662556854 -0.280246699076675 0.184904391676968
-0.233677640429821 -0.0966548266007633 -0.298535172925313 0.0184728800345768
-0.158538741690733 -0.274959436793252 -0.188139636416562 -0.0976013663815616
0.0587515791672411 -0.321964475082547 -0.0269207084597945 -0.10021023495723
0.29325102130076 -0.18818392739093 -0.0700105697813393 0.00633229630153236
0.472244580444227 -0.0645885876872049 -0.356873614386403 -0.0883625689285091
0.207283899114275 -0.115706536080222 -0.77182044758203 -0.193756081663631
0.123050006295528 -0.153865840340506 -0.530916879822872 0.132817800062074
0.0179740930292969 -0.154284542956368 -0.112601421621426 0.120332745462963
-0.0638806060592526 -0.0993273820462037 -0.079542179118153 -0.0131063789740208
-0.0726072888548903 -0.0485160965351491 -0.237604834325842 -0.0462523806976234
-0.0934155777667014 -0.0124509890361413 -0.358353988370871 0.125606478602601
-0.123159378659548 0.038225716704516 -0.326611873431123 0.280247504134494
-0.109151881633602 0.0507850748320779 -0.265849427721991 0.337751946797273
-0.121514261726465 0.0345930133308119 -0.288207710151524 0.304858215426715
-0.119870761897771 -0.0235926245729499 -0.330708943664406 0.168249969889234
-0.0734228482437734 -0.0785495378917955 -0.314699093584579 -0.0276376023942908
-0.0233086533527242 -0.107034570383583 -0.159450745401521 -0.125185647524601
0.0336477314069593 -0.106721893508772 -0.0221305411905013 -0.0953750935537655
0.110867609187051 -0.0769313386816858 -0.104357478379629 0.0499307938090615
0.214384756393411 -0.067630363759772 -0.451648877458316 -0.0681283570930166
0.106051752356201 0.0701271684193134 0.496662442976471 -0.00142544240728
0.0965073267184771 -0.0149157299667009 0.189561198510721 -0.132698938674652
0.0227341937980735 -0.106386385686712 -0.00767379884340574 0.0846457011396064
-0.0873769444039548 -0.0924596757586818 0.106329836940535 0.161022691882539
-0.0974541678110381 0.0213674485175318 0.291093409288421 0.079302829144359
-0.0541474476446489 0.0658631865013117 0.377750778892552 -0.132260211945385
-0.00727392002905496 0.102104594364414 0.318269007666897 -0.30161268009032
-0.00743963886713424 0.10839108371082 0.270020800176853 -0.342002749614351
-0.0178020109917325 0.108765807340978 0.311532472147087 -0.320426537391176
-0.0672379878438359 0.0734574731669841 0.34471201153662 -0.166700073456591
-0.113132049204848 0.0132459232413043 0.279408256121783 0.0145017643498422
-0.0856332290095684 -0.110267924789564 0.124611461963536 0.0058142938895605
0.0535535419465953 -0.106734760495001 0.156611909286448 -0.0943853016321604
0.0935626663346439 0.0192368361957804 0.463173829898707 -0.135304974905475
0.0514463899646855 0.0831725421150519 0.805140814047619 0.186906139935381
0.353322574278161 0.0472037815544828 0.412163675293268 0.0128281834663522
0.283311365225591 -0.116424534276168 0.165488421539476 -0.101366014513803
0.0916260100063298 -0.303728327724391 0.00619680922330755 0.102583318092357
-0.180544001887357 -0.280274653359874 0.100315120161972 0.171882753033252
-0.256300842957928 -0.0409044636625404 0.266440147848498 0.0846348328537481
-0.206102621768354 0.104631883779324 0.346341444261814 -0.0989890034873004
-0.138378073551783 0.228249197288584 0.283800483575025 -0.257634527731334
-0.117519427717052 0.255390118768027 0.237005015674493 -0.276854530421726
-0.146467124091198 0.246414216242445 0.264014395624445 -0.261886783030512
-0.239856628307862 0.129209756369047 0.287356102348688 -0.123835396788337
-0.292974428556969 -0.026569384799979 0.214923182263684 0.0220295463215382
-0.22760327389832 -0.310668419480105 0.0743847871387031 -0.00953186925667731
0.0933446247300338 -0.359630409310162 0.144623981720634 -0.119099433919903
0.324682904588528 -0.123415454344679 0.430859809502606 -0.18681927034211
0.372374782099321 0.0643200303056793 0.723895315747756 0.0969835594506377
0.564398851975385 0.0230249759529762 0.251784136967482 0.00372785746650522
0.459607582469949 -0.217185503032053 0.0954606541484485 -0.0593158932736308
0.157633557261907 -0.489893429047128 0.0175224005514301 0.129830170436896
-0.265372594113457 -0.456622955070972 0.0988472958531689 0.171321365105376
-0.398444514450937 -0.106371680381406 0.217719245148015 0.0704539483548221
-0.340843045317909 0.126096945525315 0.268841073373255 -0.0601607369706665
-0.25596553726569 0.319316031278179 0.204940657717108 -0.178446449293737
-0.211938727214717 0.364512778970797 0.169350511324146 -0.169075902221361
-0.245300301269288 0.349559945426706 0.179094954691777 -0.160935932088728
-0.371016557888836 0.176178805018785 0.186952671156892 -0.0566772085681958
-0.434824682207074 -0.0476900801986969 0.112592620625169 0.0323742568983389
-0.362776321680829 -0.454308853107574 0.00458538062090386 -0.0256237600417956
0.0888438124648916 -0.571014207072171 0.109788494862857 -0.135973528887202
0.4913092655498 -0.271143882033795 0.345625530288676 -0.210707487088992
0.632246995782291 0.0211568899111458 0.548117854464335 0.0103244685929288
0.708326702673893 -0.0110935046279807 0.0290275640513417 -0.0299526878493739
0.587046700778752 -0.311857696941255 -0.0251521568983102 -0.00737386007174397
0.197081510297789 -0.640664348637203 0.0173111995239466 0.160363472549466
-0.335696528343382 -0.584313688013331 0.0890581408343079 0.153846594599554
-0.500401441280849 -0.153385460071734 0.138036755017886 0.040231997258634
-0.433138854578014 0.130776026394093 0.145393636136028 -0.0164012707179776
-0.339001313225713 0.364706266926322 0.0895311311647088 -0.0751213889864229
-0.271165269432429 0.419354543275795 0.0752697830232698 -0.03639952577063
-0.303787928625619 0.398562639265572 0.0717912270791882 -0.0329903826599666
-0.440162174806684 0.198448012608185 0.060110049360475 0.0274688469751762
-0.509522184841084 -0.0556045467600789 -0.0128504412863572 0.0488880705584359
-0.446513536773547 -0.518573255042661 -0.076489380130957 -0.0368522900633789
0.0615087447119558 -0.686692529613062 0.0594506514821748 -0.137240496953879
0.564295191518579 -0.376153954096686 0.223658901581155 -0.190276267302585
0.782403513178103 -0.0316119710427016 0.302861676082632 -0.0542584662639769
0.74988583251432 -0.0520205610004788 -0.230963427066513 -0.0769938189579795
0.62560772899998 -0.372041834328849 -0.183534066157704 0.0484547761258156
0.200500091753849 -0.699175814473455 -0.00137576878560338 0.178031805564171
-0.361540825450989 -0.621694149192946 0.0595566923311677 0.11622173583518
-0.525836186430484 -0.173200360386609 0.0276408266515194 0.00447869782003736
-0.457488087248873 0.121104785026301 -0.0104586573874857 0.0306325942155687
-0.368434443858803 0.357920135543546 -0.044744276366017 0.040617984518316
-0.291768635311198 0.410740394782091 -0.0303350498985439 0.10206308386457
-0.318245349006199 0.383382391520309 -0.0408154105735689 0.0999487513789551
-0.441673725091386 0.181382704684233 -0.0723526689998991 0.112810896475508
-0.493976783430624 -0.0665720122499128 -0.140449674339483 0.0634773595056212
-0.434924714353218 -0.498996062465005 -0.148251710371699 -0.0468147848168971
0.0423253615575531 -0.675196232333845 0.0102159990706541 -0.124415846011646
0.546060723501222 -0.393193087675923 0.0966288544442631 -0.131707732722355
0.798519531360936 -0.0703431389135054 0.0371602414001328 -0.0845067671605253
0.672039894956632 -0.09074555314986 -0.484638733483739 -0.123410009973706
0.54748898734255 -0.367185490384188 -0.343729136259656 0.0973442662634577
0.165038475263699 -0.626311937878086 -0.0366352616746177 0.17360302330649
-0.316182573554387 -0.533897817743888 0.00926931963116196 0.0644352979061482
-0.44916223104406 -0.155360958626411 -0.0927402095251008 -0.0258737454769262
-0.398744890091136 0.0921002975042158 -0.167337089725408 0.0775876344934067
-0.337811927473339 0.296498438035742 -0.173298037585223 0.152540462000683
-0.26737964397723 0.336797919326832 -0.131613440964012 0.223906259376641
-0.289482154989352 0.306839296670241 -0.144871625029048 0.213981460068696
-0.377853809881833 0.126341544347341 -0.191056691758446 0.174740594493441
-0.394561522287829 -0.0819853210511725 -0.242741671780662 0.0594933140113392
-0.326345397182649 -0.413304826891455 -0.190712274104607 -0.0650275757691097
0.0449394518415873 -0.539539851789959 -0.0207501902672519 -0.111527142914818
0.448643345169235 -0.321417590987106 -0.00556796503380091 -0.0593160772460556
0.686038966468331 -0.0841836984401752 -0.199225048146777 -0.0896365915640911
0.480697938220435 -0.117338522020344 -0.686016572692737 -0.160858306430897
0.367454271238544 -0.289458481845755 -0.470045338055452 0.128466801078726
0.0985420910455207 -0.427488172488315 -0.0772627437718706 0.150036296978396
-0.20818813760586 -0.342624242390049 -0.0435302713386171 0.0168551791156069
-0.284399142187056 -0.109891282300038 -0.190255858369993 -0.0419373546980491
-0.268093031264337 0.0456068933769647 -0.291986161416174 0.114866390920913
-0.250387546351916 0.186750984090564 -0.272424952822341 0.242878930735503
-0.202989856675222 0.21331850935023 -0.212939758399814 0.311661035773984
-0.221227635024347 0.185338428566261 -0.228755998932417 0.289937454018852
-0.266653107114188 0.0523753086535414 -0.279951597474721 0.198021820205729
-0.243648922749732 -0.0908858724710073 -0.303624283013437 0.030477192989648
-0.173536062525999 -0.274509672820099 -0.193707950086165 -0.0919814993791214
0.0473468690621446 -0.331503466526715 -0.02903036484878 -0.102900207393717
0.294607304487731 -0.201115035464924 -0.0707835831683572 0.00538900582206722
0.479507251770984 -0.0822140710388417 -0.372533045140949 -0.0798663181183612
0.20937327494394 -0.123660878582426 -0.797514087614671 -0.180382698729923
0.123383796448786 -0.164020269833479 -0.541424261338871 0.149747066846809
0.014635546371742 -0.16260334833219 -0.111965079323447 0.127344498469
-0.0697422700534689 -0.100865956014828 -0.0799282342630562 -0.0112179837138479
-0.0769670646604745 -0.0492769716330324 -0.242631304170391 -0.0416201200997581
-0.0963322401172328 -0.0109429308406064 -0.360188109474511 0.138333339054715
-0.123382233403788 0.0438247251781868 -0.3248696583089 0.297855605140371
-0.107608819814698 0.057329916792596 -0.262733294731609 0.352732086052513
-0.122706559660181 0.041017577228546 -0.283811962035738 0.317537140365401
-0.122934729269422 -0.0194187262847438 -0.332279576303441 0.180890654445357
-0.0790517531271615 -0.0766091906603833 -0.321154586245133 -0.0165947951155852
-0.0291081206261193 -0.106876644948193 -0.166111445820032 -0.121341736432729
0.0288509311376523 -0.110641297356017 -0.0253349854407629 -0.0977840515381212
0.111213982915167 -0.0828962446094214 -0.104841015832319 0.0510098467131795
0.216585426548409 -0.0766423688346739 -0.468665328524451 -0.056847677752861
0.110435196561183 0.0650471237988079 0.513436420437781 -0.0300784125126872
0.0976183979292677 -0.0167424076046007 0.18780056896751 -0.147521842798629
0.017325190361089 -0.10700161618435 -0.000339645284170317 0.085875177990494
-0.0955059208294469 -0.0890341349304186 0.119103685487946 0.15876957354626
-0.0983283723447753 0.0280551396520905 0.303247128390691 0.0654206804586738
-0.0517276650431657 0.0717045680635954 0.376967889286677 -0.157830490165807
-0.00224862362605821 0.104285935567179 0.307541035533579 -0.327846582100464
-0.000290833966785222 0.110687717036249 0.257764789266182 -0.366189716349138
-0.0118766064731409 0.11178214682619 0.29901042411051 -0.344709064712387
-0.0653572278988315 0.0790027991624679 0.342833881133324 -0.190657179154051
-0.115263888383015 0.0211409758151412 0.287600866303051 -0.00307810045450125
-0.0935758375260999 -0.108241553154366 0.128255435919583 -0.00293868500933325
0.050009244031533 -0.112709100113122 0.156258426596116 -0.106072529752508
0.097183675083453 0.0156172039564284 0.468491453885543 -0.163871492753363
0.0558220768847544 0.0817465253084272 0.838652143577416 0.146706473223502
0.362678864990861 0.0279056947976099 0.42865375313546 -0.00754246304135443
0.283730383147806 -0.131238362181115 0.165355887670154 -0.113982346153186
0.0744776915030555 -0.313441789885047 0.0159769609841912 0.10422288372508
-0.203709397360406 -0.274437027002188 0.11507894356464 0.169292879222762
-0.26631717183376 -0.0258783697547874 0.279493912731191 0.0718871713711954
-0.204852950211086 0.121335371375825 0.347896706090009 -0.123316967869505
-0.127506979324341 0.241237065753007 0.274895396001508 -0.278689034399507
-0.102284442200644 0.268654556690425 0.228284425726143 -0.297759593310561
-0.133134140612298 0.261980401309454 0.253578738776386 -0.281749968941164
-0.240475907937039 0.146624009864627 0.287166415073227 -0.143168902566194
-0.302949624445094 -0.00922451987064213 0.222562461925068 0.00886285348544773
-0.253818440520289 -0.303852026609722 0.0773502240803276 -0.0154437685825938
0.0747132388224535 -0.375447652779357 0.1433497547699 -0.131580363642781
0.326573226489699 -0.145207212624817 0.432200840796402 -0.215653351059129
0.382949969783074 0.0430697412316226 0.752278418909543 0.0599490184699133
0.579591233540244 -0.0100471367851297 0.264752305095916 -0.00908628289517219
0.458207663862441 -0.245288133259462 0.0967614413635379 -0.0664693387703079
0.129924845888026 -0.509654417221736 0.0304720238251043 0.132139995777435
-0.302650436735858 -0.448599814064906 0.114850473038964 0.168975113831532
-0.417313180190476 -0.0843315882923696 0.230736242608749 0.0599257794280497
-0.342072648416213 0.150655384297967 0.27268394836186 -0.0801541705755103
-0.241770962496893 0.342797473879384 0.200411067238593 -0.191780302346241
-0.189331497001976 0.387146095641841 0.164822676056501 -0.182464047002291
-0.22861714265026 0.374576428676252 0.17356891877222 -0.173537291451853
-0.371862810184954 0.204557891109081 0.188505396086043 -0.0681751890362359
-0.450381263031969 -0.0209390836361966 0.119596891131459 0.0265118429739404
-0.40375006444564 -0.441351244652414 0.00622709381504176 -0.0272101101764023
0.0567357979326989 -0.5909325806969 0.107094157140484 -0.147883683452223
0.489229982137046 -0.30619661115378 0.342904619145365 -0.236902249309665
0.647421619564131 -0.0185202582556493 0.562421017995001 -0.0194013074615654
0.724925714081808 -0.0523448155462582 0.0335412765860438 -0.0307842276360285
0.583841436804882 -0.352773705144071 -0.0245918636935987 -0.00611137452826418
0.160333501018254 -0.670874928068621 0.0324569615661338 0.164470420158175
-0.38347429194147 -0.578260985685443 0.105344380540768 0.151880065238855
-0.52698537252156 -0.12760339529527 0.148374734090474 0.0333152055395702
-0.437163620089263 0.162641844753931 0.149416898904746 -0.0292428307871847
-0.322895733944952 0.396031067914011 0.0888704019057968 -0.0778297067596217
-0.246522450755871 0.446816099701076 0.0763146719266009 -0.0401783466924144
-0.284609288790622 0.428951360404641 0.0716864431760468 -0.0365854503559322
-0.44156281337427 0.232183594257505 0.064015760364688 0.025204571690265
-0.528877967832321 -0.0255239148937517 -0.0085836875637058 0.0518757126708496
-0.493436293829744 -0.503030319402074 -0.0769650930486275 -0.0322715281272593
0.0197728344532372 -0.710780340799792 0.0549058975974557 -0.146371481885837
0.55920809277657 -0.417257488537379 0.21892181021816 -0.210699989079716
0.797586178544651 -0.0816886243781842 0.306722259190524 -0.0709032755166456
0.766684428342108 -0.0942536406632949 -0.237651404455795 -0.0648382364988456
0.621979972780575 -0.419482451133125 -0.184366342050668 0.0609733788894392
0.159528977627831 -0.732855485647406 0.0135058476686585 0.185325364826021
-0.412794132625156 -0.615341237389083 0.0725960505477236 0.115050836534331
-0.554021713340933 -0.144061254877984 0.0328657904493819 0.00281021575220275
-0.462365702323723 0.152999265999202 -0.00634760329438902 0.0288508903839304
-0.354743971239967 0.390251100169148 -0.041798410486273 0.0498785769855126
-0.267543224720481 0.439362584292903 -0.0242700136064008 0.107662211807418
-0.299582072060828 0.415049640355101 -0.0355386951649864 0.106476440898074
-0.4435762831002 0.214279660164953 -0.0662341088769554 0.121126537838046
-0.512814965751006 -0.0389475753998277 -0.138378936434722 0.0753633245152047
-0.479670834564175 -0.483762985129493 -0.151552334726364 -0.0381816769869125
-8.91881120265274E-05 -0.697757853511081 0.00475147217343158 -0.131361719345447
0.538842744771133 -0.435126884830462 0.0909454661329453 -0.143919191824312
0.812467504907017 -0.122174077849117 0.0303979213863212 -0.0860426483996712
0.684684623858385 -0.131112046767709 -0.503012760983791 -0.0988754823653742
0.541626489073867 -0.408922887630961 -0.3467387897576 0.12065401687975
0.128595532254326 -0.656737385918356 -0.0235721899215104 0.182422226786929
-0.361821263133484 -0.528266409430861 0.0185005525558321 0.0648926738305658
-0.474248187016103 -0.132813316249123 -0.0932867166200927 -0.0211968140799485
-0.403760706119926 0.118476932722229 -0.164435093359601 0.0863816298218139
-0.324888004275232 0.325729764243974 -0.167879175982224 0.171335519575247
-0.248838401145322 0.36283532500288 -0.121509749733684 0.238580046277465
-0.274054518442962 0.334872035373908 -0.135453548945212 0.228026539464457
-0.381208436034791 0.15427546932989 -0.18426227070345 0.190792227438797
-0.411178341198334 -0.0602059510521401 -0.243869173788077 0.0781234847024355
-0.363923585232242 -0.400587730427655 -0.196471750885256 -0.0532986225392551
0.0104996468746583 -0.556910713156793 -0.026545879651654 -0.115983340329775
0.443842592089447 -0.355702953594859 -0.00958667932932326 -0.064017391903661
0.697290957817026 -0.128996525130776 -0.214126014208371 -0.0778515513205917
0.488886347768092 -0.146859865019211 -0.713936517969334 -0.126924384082574
0.360617157600704 -0.320675352541797 -0.475798505767263 0.160814474809193
0.0734635673074737 -0.450442766189643 -0.0690317812343947 0.161364112292943
-0.238137360389893 -0.34048267681719 -0.0401689625075983 0.0196250927224601
-0.30178933764031 -0.096345900184695 -0.195466790668929 -0.0333965817352795
-0.273386856913629 0.0627284286181457 -0.29031086937843 0.13340171204073
-0.242222728867226 0.207327568027778 -0.263962349290376 0.268164256280827
-0.190938561771591 0.232645648127027 -0.200208928877794 0.333603557529668
-0.213386486180895 0.205388142090684 -0.216927655399351 0.308959744716303
-0.270445865754737 0.070706122558732 -0.273910627338086 0.219240564289149
-0.256886360475646 -0.0778557398094709 -0.309136190160443 0.0522332088460148
-0.196986492225615 -0.267980210278014 -0.201361200839907 -0.0807940721056774
0.0257720754465457 -0.342632471884854 -0.0353139947864219 -0.105989868370778
0.291458420872957 -0.224317648571286 -0.072820234145747 0.00580091212102114
0.484995724523375 -0.115601699518642 -0.391926956600269 -0.0568946120972432
0.20975450703436 -0.137047640034227 -0.830440520314083 -0.141623789216983
0.118378909553835 -0.178419746604533 -0.548379902650335 0.186287421712307
0.00380874725325417 -0.172500608925524 -0.107715379660329 0.139244763347476
-0.0788329561112847 -0.101069197571865 -0.08077070977296 -0.00774264938714493
-0.0834414638482639 -0.047844128073782 -0.250874380097786 -0.0298302411063117
-0.100260927853295 -0.00635323680216766 -0.359470845285947 0.163199966531445
-0.121577855624806 0.0534497270681106 -0.315037329923109 0.327708998553165
-0.105122753480512 0.0661689483812171 -0.249199898734252 0.377713499723456
-0.122261086945726 0.0514519638402873 -0.27225467603603 0.34133573916477
-0.127303458226143 -0.0113557952053479 -0.329007873769146 0.204542849075157
-0.0868547308246019 -0.0734433879269819 -0.329557902774174 0.00481901364053663
-0.0374908268635857 -0.106518333030578 -0.176488215062462 -0.11311045109477
0.0203146311054745 -0.115523388667271 -0.0322392097697481 -0.0989899001168356
0.109418305750775 -0.0927760565942583 -0.104988870862847 0.0547315061238368
0.217795937597012 -0.0926629639977321 -0.488926973106032 -0.0286775957812071
0.112435631785434 0.0563845549178772 0.516445599451275 -0.0703618286559235
0.0962490759915562 -0.0202879632322382 0.176208763796149 -0.163661817896348
0.00990200384508046 -0.104755309534312 0.00806561526159939 0.0842330439569247
-0.103202341230003 -0.0795597065573065 0.132072619333539 0.148415668387981
-0.0955046735936523 0.0360319689101651 0.30825530532614 0.0413171375833664
-0.0458876631991469 0.0770233771304263 0.362318789508582 -0.188318168078757
0.00605702373172562 0.10420149931782 0.2801406974172 -0.351558500499563
0.00913128072435787 0.109903322821333 0.228454007145514 -0.386005770387311
-0.00288762196408508 0.111872404685425 0.26897389735958 -0.367096034214393
-0.0592471211962083 0.0832630293944854 0.325653862374866 -0.218308483818386
-0.113011997980456 0.0304488535874848 0.286924131890791 -0.029124454200416
-0.101833184357854 -0.100641833328388 0.127084191477499 -0.0138182373404423
0.0422410966124148 -0.116821211462711 0.148553497398755 -0.119039160254041
0.0981582404024558 0.00851762242981272 0.455792409605534 -0.198399875723913
0.0603135111602763 0.0771482116143755 0.853214876888354 0.0802535569718296
0.362220601739424 -0.000808498062302314 0.434342845135767 -0.0409354160283036
0.272492865050207 -0.149090606573497 0.15774456235169 -0.127283325945195
0.0481015003543225 -0.316223156348842 0.0281269742650264 0.101156867667196
-0.22767525989085 -0.256002821781401 0.129906757634929 0.159049337943568
-0.269062412221166 -0.00352091124041034 0.286458264246009 0.0492121800753264
-0.194862349058416 0.138865995968048 0.33677755455133 -0.152623187105566
-0.107204220920813 0.251085306544666 0.252060422848159 -0.299571189061025
-0.0771237105935117 0.275875825482293 0.205759887857126 -0.314127937652544
-0.110260295322683 0.272400056795454 0.22994974797942 -0.300036594212674
-0.229035584947221 0.166963475251552 0.27449437115001 -0.165133050880957
-0.30425050988251 0.0159554890894951 0.223690900077663 -0.0103716543894848
-0.279251155513734 -0.282554759361422 0.076497106358083 -0.0225943663064812
0.04451420707494 -0.381791092054253 0.134547840787262 -0.144622969012441
0.315754769619889 -0.170065101373141 0.416061211540729 -0.24836032923262
0.382769035062683 0.0117801764034688 0.760219083126878 0.000633687376373566
0.577037238902582 -0.0538640333813586 0.270426059575303 -0.0291954262861016
0.436329480011365 -0.277247174518813 0.0933841869540048 -0.0744719444021923
0.0853458151172733 -0.517048485323888 0.0457781404573739 0.127841456203972
-0.342997581534493 -0.42230658188468 0.131903172783009 0.158597118231668
-0.425899344470936 -0.0494592824070714 0.238406794970019 0.0407523354519364
-0.330116933762822 0.179227984844549 0.264992970620271 -0.104943215061439
-0.211632382227961 0.361909865534357 0.186084626408087 -0.204978235487702
-0.152399113874453 0.401323337999554 0.152140112923701 -0.19426564591373
-0.194649501602506 0.393484253212682 0.159395976003072 -0.185659414816404
-0.356852592120389 0.2360052926321 0.183052527954436 -0.0820450933182557
-0.453143954090953 0.0164714337806376 0.123161552740983 0.0165112854832393
-0.440982157371342 -0.405889778320284 0.00599417119781713 -0.0288364959023031
0.00820464563311215 -0.59666291580454 0.0972199114251167 -0.158713235454459
0.466387353642339 -0.343541614834539 0.324808585514673 -0.264853868371761
0.640496978504909 -0.0718058705889831 0.5630803707857 -0.0631460142139306
0.720642462299181 -0.109284254307901 0.0370995310866253 -0.0322211584757559
0.55620311777503 -0.396860221202741 -0.0227054622371817 -0.00367090299825041
0.10037928855752 -0.681232553243245 0.0507129686987767 0.161168503042327
-0.436308588325333 -0.545188237864416 0.121763608759884 0.141572838755212
-0.541212680922325 -0.0823442383348896 0.154818127793508 0.0203635871126865
-0.424275225456985 0.199372793518799 0.147410479259925 -0.0450328910517886
-0.288742334584105 0.422696697183668 0.08485996385136 -0.0808033790073262
-0.204179745274958 0.466240295685395 0.0747981824478555 -0.0454050672703119
-0.245536331788456 0.452335388487479 0.0692385856489021 -0.0407613660521494
-0.424240113317858 0.268296552643359 0.0669900661464038 0.0216442080534196
-0.532879784641178 0.0193088881771647 -0.0023649937117766 0.0531285962855932
-0.537046614235892 -0.457634037683846 -0.0763696884486126 -0.0285356046948475
-0.0415334951718011 -0.712194294764368 0.0450905084076037 -0.15331388982549
0.526283274383005 -0.462800367159521 0.202187798633271 -0.229790542484379
0.786132959360958 -0.146435481590095 0.301068827209446 -0.0916018797855218
0.759427877133369 -0.155150082398526 -0.238293747226432 -0.0441359522180843
0.588903648619313 -0.467223754345874 -0.177098891871056 0.0766479193676764
0.0961258292962132 -0.746842270811875 0.0335236059150719 0.184325566882976
-0.469717860569147 -0.579401183595973 0.0863040648998505 0.107487949817742
-0.569109185666221 -0.0967847882312447 0.0368804071814595 -0.00156849126842681
-0.451430324399105 0.192310819065037 -0.00276827328596799 0.0254642921251285
-0.318861586608022 0.419134577117315 -0.0353561481206235 0.0576241206919102
-0.224865629337017 0.460813943444008 -0.0135592653158918 0.11030883609768
-0.262102079843032 0.440558025928441 -0.0262996494344408 0.109808294197092
-0.427016109377111 0.251734718516489 -0.0555102631048822 0.127152321189752
-0.51800764655825 0.00570597941923461 -0.129877799279575 0.088277865384712
-0.523370920428264 -0.440173785451343 -0.150506731521482 -0.0267619858087155
-0.0593419429379749 -0.696899073374198 -0.00440032872186994 -0.134135328568383
0.504470206337188 -0.478852651085838 0.0785243916601619 -0.154144298499913
0.796638004910183 -0.189307247624884 0.0211660684365701 -0.0846620190959005
0.675376986391452 -0.184039398242361 -0.508348523595228 -0.0584448713510371
0.510100169036811 -0.454277265975063 -0.335280984330393 0.148579175446445
0.0707030656933372 -0.670647715517489 -0.00475819995509851 0.185553297637035
-0.410434473539623 -0.499725722122973 0.0270542787754861 0.0619786165690938
-0.489461583450816 -0.0941070124302383 -0.0923000401531882 -0.0157670176743182
-0.395136619032209 0.151842966244046 -0.15596816860292 0.0964786817438232
-0.294706998790044 0.351258794551099 -0.150976332125397 0.189392945487555
-0.212345463232945 0.383195174332784 -0.100720548408272 0.24850738668733
-0.244034834021888 0.357660701688525 -0.116154092495027 0.238299319606898
-0.369147168596268 0.185805035273036 -0.166945836574458 0.205990428293269
-0.418394500781545 -0.0250039466822564 -0.234995692397442 0.100256007116944
-0.399494032493165 -0.366124258604524 -0.196307631748787 -0.0373593512478297
-0.0398630873229039 -0.556204727402161 -0.0346324694214341 -0.1157114020206
0.41250057243677 -0.391405227997705 -0.0158421752212693 -0.0655543475898152
0.681739001871825 -0.187928162850428 -0.223953246294067 -0.0564648322041522
0.47929212519842 -0.183122548456484 -0.722814307412231 -0.0708589862119575
0.336052994380507 -0.35181881750746 -0.462096555289339 0.199442222715978
0.0328570299076021 -0.460530006445959 -0.0533061866624685 0.167459297093691
-0.269084657806934 -0.322212618300942 -0.0358249446512548 0.0208359627020638
-0.312995945334174 -0.0719315557277148 -0.19644429699101 -0.0193085402424566
-0.269550789899706 0.0850475677396703 -0.278109520717749 0.154221511507762
-0.222959818960876 0.22718014653933 -0.240197844280536 0.293761402112405
-0.167238789192574 0.247950143123369 -0.173420071550503 0.349698234066724
-0.193406669282069 0.224478523844681 -0.190992160904195 0.325956556857937
-0.264504500593649 0.0946638197197024 -0.254396547574205 0.24101886381849
-0.264432157873584 -0.0554124503521611 -0.302612409092855 0.0784677833911412
-0.221084478887343 -0.248416191133076 -0.205143274110839 -0.0645178834171357
-0.00535752601285336 -0.344105855567923 -0.0439115162148888 -0.104264167274122
0.273179831844743 -0.247856436594626 -0.0736181009943411 0.00821122741023761
0.472864172510943 -0.156311061172848 -0.401171771765298 -0.0219474478665012
0.201310604592301 -0.152854342528403 -0.844274262126622 -0.0787776731166249
0.104168662634135 -0.190435586851304 -0.533620022233811 0.228953559147899
-0.01309349863396 -0.176950437674349 -0.0952829044585485 0.14842948951835
-0.0891519114158189 -0.0954701205200472 -0.0799101979183437 -0.00256492032376948
-0.0885655358748536 -0.041873387063583 -0.253258888099421 -0.0106550033956355
-0.102259275086222 0.00160143780551291 -0.344702632650775 0.190402912431852
-0.115712468477602 0.0631994335535172 -0.286787575539822 0.353466719201305
-0.0973175418146372 0.0755481382284454 -0.219937168611186 0.397352540653072
-0.116271838128517 0.0636617305579226 -0.243541709034833 0.361452696504719
-0.127955554521484 0.000286314254249565 -0.310686059823347 0.229944536940898
-0.0940345601197492 -0.0658312070958692 -0.327921742177063 0.0328420617432764
-0.0480305646798636 -0.101541311310143 -0.183328258224226 -0.0974245405797178
0.00823208263537285 -0.116569581394546 -0.0405885277310686 -0.0971803281622325
0.101806350694323 -0.102727351720657 -0.102244187480716 0.0595746840234828
0.20945429795803 -0.111297425181708 -0.495201994452593 0.0134125329649842
0.10914149200203 0.0464756473551027 0.496335311280758 -0.104539553929497
0.0924443566137996 -0.0224077399411096 0.158223153069485 -0.169918803844777
0.0046048479202816 -0.0987402724417688 0.0147558565665406 0.0791266870528962
-0.104373294739278 -0.0679384345208425 0.138218330808082 0.133220888061269
-0.0886018073250616 0.0417192659267324 0.300607740257909 0.0178409520848494
-0.0382267967194363 0.0779162610834162 0.333938713529567 -0.20703037016989
0.0129116653565176 0.0991520957925983 0.243190962247002 -0.357764828920578
0.0169863940273538 0.105121041184899 0.195390963430439 -0.387445533203923
0.00584716098863435 0.106756521353326 0.232427962704598 -0.370148610135031
-0.0513978517444742 0.0837930584675664 0.297572087280817 -0.231883877562258
-0.10553399635517 0.0382713134957361 0.27346160966878 -0.0504699835810589
-0.105316467719798 -0.090278054343446 0.119489239046533 -0.0230494504786517
0.0337160732639062 -0.115770402083815 0.135068530412979 -0.125609381191272
0.095161703801423 0.00286617588982264 0.427510201236805 -0.221226363217366
0.0608490323610355 0.0714446180286903 0.8306713961193 0.0164610041970114
0.345136245702492 -0.0248154966485881 0.420744765634628 -0.069622202612312
0.253124183390924 -0.157946996485313 0.143473629308803 -0.134282757176219
0.0246602381400394 -0.303351251703666 0.0361803220383467 0.0928996987114011
-0.238368028315811 -0.227767872506462 0.137715049726542 0.142687801442857
-0.260043193589138 0.0166761475936728 0.281307301581915 0.0269227229126814
-0.177562408442953 0.147427996048691 0.311877916706612 -0.171942806128233
-0.0837751085786076 0.248956324175663 0.222339945321687 -0.304290160205389
-0.051739644429986 0.269997753133327 0.178168670778802 -0.316554465171811
-0.0856796826943316 0.269084123299805 0.19962808015942 -0.303121373108569
-0.209014900443296 0.177310881288157 0.252837346025522 -0.177066634682581
-0.291712669546452 0.0385853486568131 0.215586649382844 -0.0276205828855793
-0.290430992951948 -0.250333719338856 0.072039990006619 -0.0290021316707073
0.0148207479766785 -0.37143808095265 0.119888780788585 -0.150109089623416
0.291787749634913 -0.184103286182978 0.384902014281353 -0.266894833879404
0.36585899679811 -0.0146165752231006 0.733958730322919 -0.0505272774135269
0.549594259457371 -0.0927932125967089 0.265072950135291 -0.0464936996589696
0.40328618891904 -0.293337629453049 0.0864074132733182 -0.0786102628696929
0.0426846026103483 -0.500422582052631 0.0569080390588609 0.11772502182038
-0.360952450924887 -0.380666678986255 0.139576541416931 0.140700469241415
-0.415212380592703 -0.0161944243940172 0.234672548163273 0.0208819288476324
-0.305249104668409 0.1960343701503 0.247341356473416 -0.122254245504517
-0.176115267808839 0.36290820126058 0.166644865834645 -0.207843715723283
-0.11481538570043 0.396246486361807 0.13466140462792 -0.197580704899131
-0.155740188387964 0.392386769925606 0.140446856517328 -0.18829864156607
-0.327022989192011 0.25354462549819 0.171168660906527 -0.0909514498950609
-0.435987992054847 0.0494969632691603 0.120627687083285 0.0061752608283199
-0.454078105550453 -0.35598127344148 0.00491640581988137 -0.0313692622171804
-0.0349652968871821 -0.577450850376189 0.0826468623121546 -0.161450639133382
0.4247172964405 -0.363388131738119 0.294738858390103 -0.277541093164741
0.606779831175571 -0.114415979990372 0.538518231627967 -0.0975283364777663
0.685331759301717 -0.154205413495735 0.039672317437041 -0.0335398008092226
0.508756986947171 -0.417480151886264 -0.0195584180479261 -0.00236223219869121
0.0448317387332279 -0.65962407300956 0.06463993055616 0.14913395314286
-0.461471508081139 -0.490812455274811 0.129749228358621 0.125076236247707
-0.529083360051204 -0.0393767004417047 0.152734924678135 0.00632513892769752
-0.394904400722471 0.223663836049377 0.138658539039434 -0.0567968091244065
-0.244516192544493 0.425454541058157 0.0783313590111172 -0.0805574215607265
-0.156343276661458 0.462757663531935 0.0709928901596782 -0.0481900497660612
-0.201502123782878 0.454442908182332 0.0639977408498881 -0.0425847935080721
-0.390830103090009 0.290676544153598 0.0666767144594367 0.0170785935181422
-0.511272814516123 0.0585519890825495 0.00353598761866026 0.0508349017133483
-0.551789351652332 -0.398128608968846 -0.0736850519315337 -0.024766992569534
-0.0929325135366149 -0.682386063451991 0.0338453216865682 -0.153418954733792
0.474936129418582 -0.481802676584271 0.177719317266389 -0.236074932531498
0.741927168048514 -0.197172365299994 0.282508523535198 -0.106076535153092
0.720400565998044 -0.201004816169925 -0.227608616266518 -0.0263802317578796
0.535906191469667 -0.489447727209056 -0.163285695972453 0.0860606319200176
0.0321504192611348 -0.724654733648566 0.0498016588961941 0.173688673643848
-0.497929701937879 -0.52265486986986 0.0931726407330241 0.0950590359045014
-0.558597458351187 -0.0527073211092053 0.0377968079911439 -0.00651808799103422
-0.422231545526893 0.217659125806884 -0.000810805037848331 0.0213143949684957
-0.274780944550149 0.424882842058882 -0.0267976042493325 0.0619681088848414
-0.17852021302305 0.45700854767863 -0.0040997283847014 0.108063588547024
-0.216892024845023 0.442930859803138 -0.0171007163502525 0.108333263215257
-0.393685244165981 0.274813893595669 -0.0430664941251234 0.126957442212194
-0.499129208261821 0.0437458680623809 -0.116622653285303 0.0940307852742006
-0.536214093009622 -0.381448589667208 -0.144831976168977 -0.0180715070984447
-0.111187229246352 -0.664805584586604 -0.0122732785588149 -0.131205816655633
0.45338924301106 -0.49580319644025 0.063329810953298 -0.155719509949868
0.747963650651314 -0.240067986701814 0.0125165986360476 -0.0782453395486934
0.640788171288033 -0.224151051243158 -0.49133212271409 -0.0213294304899743
0.46281858575914 -0.473359444669094 -0.311280118123613 0.167516541260494
0.0154768868527576 -0.652460768502626 0.0115979834533355 0.178537596171892
-0.436378407274179 -0.450158786368093 0.0325573350666173 0.0555603551054301
-0.481639010330665 -0.054881675477793 -0.0875909309906393 -0.0107096243950672
-0.371216450612934 0.175350229216656 -0.143101148768352 0.101149706270779
-0.257055678358375 0.359025436526472 -0.128733897625848 0.196738191429475
-0.172319036647582 0.383104264505545 -0.0783140896195352 0.2478321038057
-0.205542356305691 0.362564202558031 -0.094884197108617 0.237485906117851
-0.341935508701195 0.207356905099026 -0.144515878233432 0.209919128443779
-0.406114631927951 0.0072821963743743 -0.21628630929858 0.113937031830109
-0.412604567069782 -0.318802406668675 -0.188992491355741 -0.0244557358603253
-0.0810833472438805 -0.530273356886868 -0.0405560322015632 -0.111133664996159
0.370997204430844 -0.405363721350646 -0.02208904244536 -0.0648161997673171
0.636824729717552 -0.229879258428303 -0.222018842287157 -0.0341244461351695
0.452263559517642 -0.209204003232474 -0.7016987044495 -0.018829480940153
0.300802702186544 -0.363307156151494 -0.430358880543714 0.224656311720063
-0.00576185723737225 -0.447774734798051 -0.0377244171966115 0.165005656424909
-0.286767860702928 -0.291744429375651 -0.0317734262854413 0.0210890251023949
-0.309896439313129 -0.0469372144875519 -0.190146488731114 -0.00610254003698524
-0.255102868011519 0.100919516607909 -0.25645135279532 0.166486467673992
-0.196499368055191 0.234741009160211 -0.207279602278116 0.302203446754008
-0.140097626513933 0.250802943560938 -0.141859789870473 0.349407686321037
-0.167839746629719 0.230558164279997 -0.161448469056048 0.326354324476519
-0.247569613777189 0.111266614569802 -0.226741705603274 0.249645892317051
-0.260408379452432 -0.0337679304754012 -0.282856055849178 0.099189664005292
-0.230755375558381 -0.219421503710065 -0.198928891933511 -0.0485322224328874
-0.0332058567829409 -0.329018673951459 -0.0491017840219952 -0.0985522164326644
0.244760148720897 -0.257699551814728 -0.0725869440606025 0.0103609633562162
0.440449235016422 -0.184157204469091 -0.390288110696977 0.0107773487486259
0.185846791593765 -0.159760941101511 -0.821078193464431 -0.0192700976199067
0.0871215180340435 -0.192675087646215 -0.497458608650346 0.259158808322168
-0.0286230291420345 -0.172769470570427 -0.0807203394353475 0.150368902812588
-0.0954396985092265 -0.0875283568597219 -0.0764808415774728 0.00234350138961081
-0.0902344284141375 -0.0344451795816988 -0.245762350117592 0.00620845768499871
-0.099514290506579 0.00858451515323533 -0.318102783808385 0.207505578016821
-0.105427120724198 0.0692465248930749 -0.250033399517607 0.362726697753852
-0.0865588888115269 0.0800155691171908 -0.183966335751728 0.398737694003919
-0.105437120903678 0.070749416608086 -0.209926217229553 0.363313206121745
-0.122607663656504 0.0111908291535826 -0.282072329106771 0.242390797254807
-0.0966455907440519 -0.0553426107081093 -0.311159911069885 0.0569511119481975
-0.0544382497558028 -0.0918936490039827 -0.181215897509968 -0.0806336569288601
-0.00300768632252801 -0.111701260859326 -0.0465369968191667 -0.0910463014963468
0.0908144558714863 -0.107773607241882 -0.0965206747511661 0.0621121118227599
0.192472171265949 -0.123224706347181 -0.479746964906018 0.0505756487606287
0.109677333436501 0.0219014447525277 0.452308396744251 -0.184776146048402
0.0815299398797097 -0.0343791516525844 0.121843761875118 -0.187843255886586
-0.00568597539912695 -0.0891281355751275 0.0304823763235886 0.0642201212922174
-0.100512621293317 -0.046901313783554 0.149435317065191 0.0937106186517112
-0.0738962739053712 0.0447798398323537 0.281394639323979 -0.0332507767710659
-0.0274669616951492 0.0739406098305406 0.279970196257655 -0.246838224173047
0.0232859507857964 0.0873934452813076 0.174476384086745 -0.376262716442369
0.0277855372221593 0.0925116308736428 0.122894659473227 -0.398134392234588
0.0183227480591547 0.0961501076817864 0.158009509634879 -0.391650658427957
-0.0352850461600745 0.0834427416762341 0.239512849922998 -0.273437194968037
-0.0912729733899812 0.047025988983184 0.24825752421143 -0.0966467807049129
-0.110259479604554 -0.0706254473757002 0.109525647661512 -0.0407716664155071
0.0181794876696209 -0.113204399731276 0.10683004449079 -0.143128682608724
0.0957749651821612 -0.0109501059760655 0.360756333427707 -0.277390705338222
0.0766701725825745 0.0561705628085333 0.778123099551807 -0.111876626214512
0.318243520740926 -0.0737360052805926 0.400583687507045 -0.142992330514903
0.210229206497887 -0.181935255679358 0.122955113804527 -0.15605685295605
-0.017561614141133 -0.278443353148114 0.0582543761488759 0.0592363292836314
-0.248520684320017 -0.171102904090679 0.148822322986261 0.0871713556142851
-0.234374529413174 0.0469427871052706 0.252800409233189 -0.0253677939385434
-0.147452045884036 0.15838385604676 0.258625647447249 -0.208763189169009
-0.0428870226422472 0.23997452292686 0.157346926727331 -0.316975716483463
-0.0132549610153587 0.255526412177057 0.117651536176095 -0.327999452658706
-0.0419500751142536 0.261497611010455 0.137534250810693 -0.326227627548634
-0.170452927853756 0.195492641044239 0.206292617930593 -0.217815689020169
-0.265500072835747 0.0704551337257583 0.198737659652938 -0.0657154646480006
-0.308397486267774 -0.193715637438749 0.0689106367725948 -0.0382089429702186
-0.0320263432201605 -0.347608896974156 0.0920520438891743 -0.167517522779466
0.252544782818357 -0.215060916587875 0.312816414911797 -0.308937135237372
0.350192167475165 -0.0649663219195756 0.678908819606321 -0.15456888309276
0.496073279636158 -0.159536405790061 0.269467033727119 -0.0956212475527802
0.329175960502895 -0.327036073128339 0.0866703999046274 -0.0982701917381074
-0.0305563969585255 -0.460796656584752 0.0864951843892675 0.0656666481439647
-0.386100766767798 -0.288521721113325 0.148169011963086 0.0702062151793782
-0.383035327136655 0.041374431668785 0.19813715843789 -0.0268139814325736
-0.258747571780409 0.223205090941552 0.199429163924333 -0.14959510048156
-0.109451920716365 0.359589969962623 0.112475081132044 -0.212614921758186
-0.051919348970793 0.381360507679101 0.093745283216455 -0.207473365582044
-0.0903197195843842 0.387151148117334 0.0996232905855385 -0.208737376709167
-0.269634473503172 0.285119300341555 0.142898507040447 -0.125827286703455
-0.400443692913771 0.0999020409311054 0.117163477584334 -0.0173771652381509
-0.479313294573313 -0.268973991716888 0.00993122725987843 -0.0285198444810611
-0.106534909015756 -0.530250757755248 0.0578258029402416 -0.175448911492484
0.347169680686129 -0.402249837853661 0.229078994284324 -0.299159803301326
0.561690676493247 -0.19051135277756 0.488548851836706 -0.166325633252183
0.612125561418327 -0.232435774093236 0.0688199912180506 -0.0458824267063834
0.409829156682862 -0.456198944560552 0.00547114206868871 -0.0118184437302144
-0.0535497191687253 -0.607730955831742 0.1030565351892 0.0832488641858185
-0.497194466962855 -0.374138651086403 0.134758470861849 0.0465391465140802
-0.493338002511889 0.0387472965475012 0.11169854711615 -0.0289065843908898
-0.339944253930569 0.261280600155903 0.103627066618743 -0.0699029705143563
-0.162925646375974 0.429905931717752 0.0452452474123182 -0.0757071262333363
-0.0819087007774693 0.448550992088101 0.0562711416871267 -0.0558478910633248
-0.120980887341103 0.453147839340361 0.0515298110769215 -0.0598213335129168
-0.324377799889816 0.330733143127857 0.0628388723123374 -0.00659144051044423
-0.471778526376352 0.11864315308873 0.0158510091644789 0.0459004892191042
-0.578360016772674 -0.293465452460637 -0.0603136628425681 -0.00997582430155227
-0.174919230648975 -0.620185476976943 0.0143196303592979 -0.160944828857823
0.375566861837126 -0.519358619791139 0.126782335967494 -0.237495884926254
0.671926107128287 -0.285079365154472 0.248184158469448 -0.131714181119219
0.637339082066526 -0.276415646945672 -0.178930320913895 0.00724282855328914
0.424563181351828 -0.523318662234808 -0.112571417345523 0.0940742008593665
-0.0751075712108212 -0.666060842315073 0.0938555811981599 0.104524583787382
-0.538289183249058 -0.396990991374095 0.0943213264499547 0.0212691401886411
-0.52298554248469 0.0344560230165838 -0.00106610335249799 -0.0222046001428066
-0.363444784395074 0.262010800664212 -0.016501498584633 0.0271893959179572
-0.188875275775675 0.434316578227937 -0.033573643626106 0.0771511468890028
-0.100393427414335 0.449256555200965 0.00993732102474949 0.103746727582238
-0.136195254944728 0.445529694596163 -0.000198435781303208 0.0965867258808663
-0.329117694656599 0.317596516917556 -0.0214621093065212 0.116331348201534
-0.463234719482965 0.105044815243814 -0.0888731000094073 0.107932755179616
-0.561273033950063 -0.280060568361625 -0.124901369811004 0.00777429053007615
-0.189360505530559 -0.599939765756646 -0.0259914104498507 -0.132648946944534
0.351160405007354 -0.52919793434494 0.0336298949471959 -0.1431190881277
0.668633956572171 -0.323436286427966 0.000545781278656287 -0.0634167070769317
0.557226700580783 -0.283883173186796 -0.429247297231193 0.0576528570322132
0.35815637273124 -0.498252955760143 -0.242066660357893 0.197438984902487
-0.0814101916165034 -0.596938728004262 0.0556985648615411 0.120754203212835
-0.471393200972799 -0.342873123388224 0.0309752751563099 0.00130702298837589
-0.454345740628516 0.023126309894055 -0.115856731997854 -0.00456284004889393
-0.322303396680307 0.218331185214003 -0.135888050263779 0.124770752238419
-0.1808079655459 0.371503676080047 -0.107864241521246 0.219928320758784
-0.106260730803363 0.379725111918473 -0.0389160118370501 0.247961758025633
-0.136250523828314 0.370498534861182 -0.0522961696269155 0.232883991691119
-0.290946536768677 0.247573230104888 -0.102283035895568 0.214417097980424
-0.380346149597366 0.0592965120746732 -0.180325906415578 0.143961330408252
-0.436319776850693 -0.238447167232902 -0.169885970984184 0.00922862833431527
-0.145454577439252 -0.479939037553886 -0.051082627850946 -0.106286336031017
0.286508461267767 -0.432215601301914 -0.0310934644512211 -0.046127503802523
0.563349915479896 -0.29817652556498 -0.212866986060022 0.0129610637269978
0.382586291627297 -0.242485530123078 -0.636349842677806 0.0988832700490015
0.225838087856634 -0.37161869786991 -0.352376312553692 0.275182206606079
-0.071828845707389 -0.408427067341084 0.00120349485782266 0.130682808053606
-0.31144670991623 -0.22033279270196 -0.0328287381173984 -0.00472390072856187
-0.294706151674805 0.00621687406507833 -0.200586304817394 0.0196004782788231
-0.223257404237266 0.133744943345205 -0.226997389675141 0.202869582382288
-0.142809388837941 0.248908095086438 -0.162984062667945 0.329507966203197
-0.0935634417982444 0.253204323450851 -0.0820017936695347 0.354881154791324
-0.119145649539609 0.242796730916816 -0.0997590968602923 0.330496750068334
-0.215709175843127 0.144228178760708 -0.171588771749311 0.268551252321293
-0.250503902169314 0.00367799174423784 -0.245345028663533 0.142175130658852
-0.252057734007399 -0.172096053230376 -0.187345437769532 -0.0116407541555083
-0.0749598679929938 -0.298431067639856 -0.0598899732171153 -0.0895903056325858
0.188730577445873 -0.276461353241332 -0.0665482243358684 0.0283882621100891
0.382504608747417 -0.228550536768994 -0.363594054509068 0.0793696595190975
0.141922047768313 -0.161406131500496 -0.761302834288177 0.122537585257792
0.054409987593485 -0.182165531430826 -0.421291142236306 0.323683279922159
-0.0526583984336488 -0.152553452336386 -0.0486581098904193 0.143172720374769
-0.104182206120965 -0.0631080780847988 -0.0743293840560253 0.00479126272203521
-0.0906185626465652 -0.0137688610842607 -0.237185074596393 0.0445134951753158
-0.0901126862705938 0.0261220156218942 -0.272324044470221 0.249019954363156
-0.0836063355104725 0.0825333918569497 -0.187153344088489 0.388115159027399
-0.0667747209409363 0.0883529474777339 -0.112815319227167 0.408076739011979
-0.0849058428584991 0.0854655438250976 -0.137865990605456 0.376805320644645
-0.113976594407404 0.0322522007098476 -0.224341641999585 0.275966772220842
-0.100165402346352 -0.0371139839457334 -0.28078566100797 0.108581363415047
-0.0669687493194754 -0.0782238353353233 -0.180226914066748 -0.0440548385038266
-0.019316132384628 -0.102581188067999 -0.0584832379385923 -0.0792139297631309
0.0663570376146837 -0.114967082530457 -0.0803338370115788 0.0761655866428474
0.157549690654061 -0.139313517142302 -0.442201150632107 0.127247629240349
0.102144737493571 0.0229455541635566 0.440012816737606 -0.177866401163702
0.080760034000629 -0.0303843079276339 0.118366991998596 -0.179689577907872
-0.00251390844559148 -0.0854933876396729 0.0297176538302135 0.0609957160680812
-0.0953121513566228 -0.0451462532904834 0.144279459351168 0.0895086636136614
-0.0714459026582769 0.0426749534155443 0.270261448806377 -0.0316971779569335
-0.0266518966785201 0.0714180282357257 0.268265505073599 -0.236402401032098
0.0218922796456723 0.0834971215198832 0.16776164278942 -0.361529172579334
0.027040956174924 0.0885825636810061 0.120911095327475 -0.384365089770118
0.0167865789147293 0.0914970153605658 0.152795388829385 -0.375298003448304
-0.0349876540663843 0.0796910091732785 0.23079075012132 -0.26117852084014
-0.0865536802563749 0.0448541192613969 0.237373270108829 -0.0931238768070359
-0.106135336655915 -0.0685217870698012 0.104582557265476 -0.0378620744835077
0.0188141172884532 -0.109694523126986 0.10302979509648 -0.137246664578439
0.0931362442320944 -0.00791547926071495 0.350186180888726 -0.265069542248506
0.0724089579654185 0.0559203238604421 0.750928990504293 -0.104848389633178
0.303285567248442 -0.0686536604683829 0.390834395685232 -0.137779529834258
0.205830814857827 -0.171353203059636 0.119785145825697 -0.148875771969112
-0.0153251699666068 -0.266354875476226 0.0570320230484981 0.0558572026349145
-0.237977970046169 -0.163542358481879 0.14311322198178 0.0824782489179332
-0.226753119103394 0.044607128393815 0.243069713561123 -0.0247118454760939
-0.142809157750497 0.152932952931855 0.247842121973278 -0.200392933504468
-0.0414107208593797 0.230007841756359 0.152407303012923 -0.30370733561135
-0.0113731764335371 0.244511696099351 0.115984459415207 -0.317151156700322
-0.040102829445936 0.250223534799976 0.133574354019243 -0.311969384013065
-0.164907432595052 0.187813494995062 0.199213198412072 -0.208649801619439
-0.255668025151512 0.0679848098455965 0.190895021062426 -0.0638788044133818
-0.296602774033426 -0.186364384772317 0.0651616587084518 -0.0373030748162483
-0.0305817790220373 -0.335301702178587 0.0897943867722351 -0.161941242615759
0.244810398655831 -0.203963534864289 0.304023872383701 -0.296287639493249
0.335256331296989 -0.0589660795558128 0.656207176889745 -0.14767534497925
0.477017930822225 -0.151737353809008 0.266165224130789 -0.0938045419265502
0.320834971164567 -0.311572905767975 0.0850634685265571 -0.0944362221971359
-0.0282888884198746 -0.440596133324417 0.0848546010156424 0.0615233529151189
-0.372248763474776 -0.276437616412707 0.142653726779015 0.0669846071033091
-0.369646129669881 0.0401490858015055 0.191013823542482 -0.0261886231790926
-0.251104113621487 0.21466887070546 0.190349328408851 -0.144959498453331
-0.106032344377672 0.345297350860277 0.111098200473336 -0.202907496559615
-0.0486079796199548 0.365176393860292 0.0929549599591603 -0.200942292316467
-0.0847314027724407 0.37103810248277 0.0964060099785168 -0.199672793237393
-0.260719076721614 0.27490801189164 0.138907320581526 -0.119441016344801
-0.385785489801965 0.096782876740871 0.112950792783632 -0.0175320484842214
-0.461769687986147 -0.258528095980995 0.00778456903052005 -0.0295519879885972
-0.103532689303818 -0.51077465778637 0.057382752688871 -0.170372122585946
0.338638541247639 -0.382911000489622 0.221231773364827 -0.288202247563293
0.538102825290397 -0.178140435032455 0.472752280163275 -0.156574034821748
0.58787991007523 -0.222752353581098 0.0719799970830341 -0.0469986773971531
0.397452760493401 -0.435493724419042 0.0073626178022128 -0.0125392552055921
-0.0504705264314 -0.582622575248626 0.100555525737348 0.07848391472088
-0.481101965228677 -0.358396063348057 0.12976843418791 0.0441905105293787
-0.475726253584529 0.0378431860892028 0.107714919801746 -0.0289529995914071
-0.328009345727743 0.252178589113031 0.0979161367909783 -0.0683865830531716
-0.154252225398719 0.413379985758199 0.0468311478045354 -0.0709756567113526
-0.0766188866017768 0.430593999445842 0.0555905789545828 -0.0545205155360311
-0.115367207782194 0.434017155811537 0.0496536313732498 -0.0565486709633672
-0.312909844649942 0.319200949691448 0.0618139406935596 -0.00551715875334417
-0.455705558686365 0.115374774745529 0.0160133427236369 0.0433330918684516
-0.556195301439258 -0.282800038078345 -0.0597200840130434 -0.0122190250555097
-0.169645004891699 -0.597328990703014 0.0149848453686012 -0.158065394315699
0.365833690408834 -0.495483351580182 0.12235851108704 -0.229972137486051
0.644147494696826 -0.269392615314696 0.24068936098918 -0.123249797857913
0.613094098096697 -0.264260497876177 -0.16794470095772 0.00331671623642279
0.413284374067525 -0.504299133971274 -0.107243432920113 0.0890864651218027
-0.0729089445222826 -0.639061587505372 0.0911703882821106 0.0989882352620993
-0.52271537414604 -0.380234631752999 0.0911495912942128 0.0195737642546326
-0.506485882065718 0.0335837997273082 -0.000699618636358373 -0.0230867607267839
-0.352340650458285 0.252702829021907 -0.0174774857572456 0.0239843031552559
-0.180386880657418 0.416834048643575 -0.0285970817905701 0.0764062342561441
-0.0939965057019554 0.430387789375682 0.0105814821361116 0.0999400626184674
-0.128344125556753 0.427296337443224 -0.00118859270622344 0.0937169895173276
-0.317156070157241 0.307346764965532 -0.0197737458013066 0.112394086127348
-0.447999989423171 0.102038243219134 -0.0837694682291714 0.10311303283653
-0.540125640350931 -0.267685242008025 -0.12230660644881 0.00418425855627489
-0.18338371029095 -0.576566139251176 -0.0239885353727463 -0.130665077377724
0.340923848767662 -0.50659092886224 0.0318553790975671 -0.138873615067404
0.639170721973141 -0.306852414447797 0.000804865647501968 -0.0575232476785328
0.538059057656201 -0.270971738305829 -0.410405909527228 0.0519287049191721
0.349629797165988 -0.479495607039682 -0.231634339344132 0.187578315267287
-0.0812224382085036 -0.574995079461879 0.0546316690852128 0.115558161929089
-0.458212024471594 -0.328003790752417 0.0302928118738825 0.000967104837577907
-0.440166048523427 0.0229935431530623 -0.111192625111874 -0.00588448362146229
-0.312471709132682 0.210512757717292 -0.131409921563212 0.117604733191304
-0.172903106716664 0.357274451233329 -0.100470899927915 0.213151796523454
-0.0988144712262694 0.364268905397209 -0.0373810282891809 0.239098634156905
-0.128362323032866 0.356024657838691 -0.0513490918073287 0.224506578849133
-0.280767195191636 0.23907519438876 -0.097425206524275 0.206406420283148
-0.367752909653561 0.0585950805156027 -0.171582312721796 0.138094720798695
-0.418572838818563 -0.227925149859203 -0.165022765398972 0.00503963071273064
-0.140232985040721 -0.459091309556073 -0.0489688960062223 -0.104732378447938
0.277651577050093 -0.414341335407655 -0.0315998244630688 -0.0461840891942426
0.538672131004164 -0.282512124853811 -0.204912391271929 0.0159393100842424
0.371980528218319 -0.233863398146726 -0.612454733519296 0.0912472719385902
0.220260549134246 -0.35906892391625 -0.339672381186906 0.261775125665855
-0.0713722059263834 -0.39289676848867 0.00118446462902294 0.125461666065906
-0.303802529278601 -0.211233391392638 -0.0310491329958214 -0.00492710853906011
-0.285902386091963 0.00700239531826555 -0.194202611191606 0.0180630333969997
-0.216705810807274 0.129427510235269 -0.218959651647114 0.193554729445249
-0.136287053011462 0.239176416721772 -0.153407124248247 0.318405314957965
-0.0881430925992386 0.243288492084716 -0.0796448913299352 0.342652382982295
-0.112551599775604 0.233129441449374 -0.0979213214364202 0.317714247593303
-0.207848063156822 0.139773639671706 -0.165024270635422 0.257540229775358
-0.242367249290631 0.00510010695086427 -0.234064882667201 0.13681187553876
-0.241570629865144 -0.162919887878421 -0.180192209683041 -0.0137530067807033
-0.0731733614828644 -0.285177176025588 -0.0571819573015327 -0.0879689960811358
0.181518453503097 -0.266222059434309 -0.0659892672484521 0.0267000053947508
0.365822185413413 -0.218044513593802 -0.351788486422555 0.0787103162991664
0.139950774119392 -0.155824302462465 -0.735727337793004 0.112777525015022
0.0535945127770166 -0.176585226979058 -0.408601031360589 0.309662782616231
-0.0535069252131164 -0.14762853554465 -0.0476711868966017 0.137817879926097
-0.102978450463986 -0.0601043944875585 -0.0716824038712124 0.00424109007839968
-0.0883145809483383 -0.0128780243707814 -0.229380650389947 0.0415549074217764
-0.0879452984343442 0.025182441907582 -0.26189030520009 0.238464041916309
-0.0792001473474796 0.080007308774609 -0.179449636262208 0.37480168150263
-0.0629682826729183 0.0851566062169033 -0.110145206352224 0.394146264427138
-0.0795420197883471 0.0826189441080761 -0.135258741885956 0.361544510662959
-0.10851869898396 0.0320920619946646 -0.21565111568724 0.263747964698035
-0.0977076780193209 -0.0338296496531208 -0.267361066786961 0.103778530499456
-0.0642164141794777 -0.0732433135001979 -0.172792477560877 -0.0441583586961904
-0.0198571914993691 -0.0969789663815821 -0.0565946823248436 -0.0760326643639905
0.0630267478546038 -0.1120746491735 -0.0795925909527093 0.0726232666528433
0.150736751208181 -0.133525681662441 -0.426457990623121 0.123696935459402
0.0988365598452472 0.0268547878140505 0.445134547164002 -0.170277708575011
0.0829572344538722 -0.0266264527844607 0.122438485725489 -0.174568231342064
0.00190075747432772 -0.0853428718169266 0.0294842217675713 0.0606687504410391
-0.0934439770167612 -0.0467639404011919 0.141792208544231 0.0901902125422963
-0.0723930534753104 0.0411282347207945 0.27070214209343 -0.0270820899090163
-0.0279604500254707 0.0720610069931272 0.271379190431664 -0.231078509628498
0.0192609504458915 0.0830898561686888 0.173262331566031 -0.356040385437186
0.0253532093232861 0.0885040910686141 0.128406159648291 -0.383967007658965
0.0143418843236587 0.0905921250314717 0.159855427011179 -0.370539632276369
-0.0371524933105746 0.0779199324929783 0.235662827869063 -0.255056246135329
-0.0860662399620875 0.0426033751611836 0.237221678117181 -0.0886945678688339
-0.104777295514837 -0.0708435380854499 0.103854453447257 -0.0352358247580237
0.0209348756174506 -0.109850313944565 0.106189812337505 -0.134896356440677
0.0947006818327312 -0.00437224820444107 0.356135839211838 -0.258303331808945
0.0706035737879352 0.058514878944834 0.754142602798329 -0.0894116270693633
0.301334558061536 -0.0608209591675301 0.397298378784762 -0.132308716864967
0.210905074386162 -0.165261714624867 0.12378433277939 -0.145731237333534
-0.0086129657295682 -0.263842056888751 0.0567423222527766 0.0551091781129689
-0.234545730364048 -0.166676825815737 0.140878880488967 0.083526714016052
-0.228001548685501 0.0408012632743406 0.242992923076868 -0.0208566320684392
-0.145534161834716 0.150861655757883 0.248894258118852 -0.195020910185629
-0.0455219379514917 0.228153695258416 0.158079317179811 -0.299281026245659
-0.0142727852442597 0.243063740674479 0.122595817332967 -0.31669929278987
-0.0452443214228869 0.247607336827645 0.13992262107273 -0.306723483122361
-0.168741080724246 0.184454561207623 0.203780153395466 -0.203351811492344
-0.255745208023892 0.0636763805290788 0.190689977780503 -0.060696376074028
-0.292651522773397 -0.192022964842732 0.0640752501836269 -0.0359185054491093
-0.0247196463342802 -0.336283082951689 0.0936905324589719 -0.161323151081817
0.251196216121537 -0.196346209279603 0.310821093425886 -0.290318232444365
0.334538440848301 -0.0501746929819136 0.659392369310733 -0.133038904067999
0.475151647205071 -0.141845606691381 0.272611799905771 -0.0912861125497712
0.329075151101333 -0.303121042733703 0.0886732036938496 -0.0926355227504322
-0.0202757879970122 -0.437053839940649 0.0851898660071472 0.0611495204438712
-0.367110461787363 -0.282061789683192 0.141276392269097 0.069137638210368
-0.371118622575998 0.0337617927475203 0.190890563174241 -0.0229873695769815
-0.255288861447009 0.211350593710977 0.191107755934324 -0.141629816206425
-0.110950804251452 0.340738981641707 0.116407542049482 -0.199247476356686
-0.0527514672057792 0.362307443422905 0.0979906436732571 -0.200100603780615
-0.0912486950890957 0.367401943978111 0.100281107096677 -0.195953254796123
-0.266862655892621 0.270371657475757 0.141955335656061 -0.115652948805823
-0.387628090954443 0.0903149469819647 0.112892604591721 -0.0155049814105045
-0.457139731156792 -0.266298031297025 0.00569212309913391 -0.030091273656546
-0.0945149033829091 -0.511970831535514 0.0616678553044653 -0.172229027658765
0.347274275533837 -0.374328145390103 0.226519906410463 -0.283517364476383
0.53674104347365 -0.163804492661612 0.477131255097825 -0.144527327308769
0.590075068085963 -0.209934025057248 0.0773276796544623 -0.0486926886094098
0.408036307964613 -0.426875572244134 0.0093538368879235 -0.013260487067958
-0.0415001188095359 -0.578962359463571 0.100426436892381 0.078201620791427
-0.476494150017708 -0.363845255298038 0.129192759910115 0.0463105577176567
-0.478168297997011 0.0311294411046961 0.107731639675381 -0.0278959576477875
-0.334029589521002 0.247629782867641 0.0972664722556782 -0.0674152562068413
-0.161333430760772 0.407587320923429 0.0516672064405266 -0.068268836083151
-0.0809956703405009 0.427634792288511 0.0582521361759321 -0.0537333724532341
-0.121385840343822 0.428742848601399 0.0502347354933741 -0.0534322925177326
-0.3195796608931 0.313504094168615 0.0636741839914091 -0.00335549009971226
-0.457983352456829 0.107279736530117 0.0156676290149892 0.0434986096725659
-0.549431412605829 -0.289935466852113 -0.0616450151623503 -0.0153027878059309
-0.158006745546111 -0.597808637310161 0.0184067961793087 -0.160682034610723
0.377907432603241 -0.486742623482372 0.125941560837603 -0.228245252457162
0.64451557602234 -0.253561529968728 0.243790691609214 -0.115425847493235
0.617432692680719 -0.253484062857871 -0.163710877739179 -0.00330754021951423
0.425434736798389 -0.495785551950946 -0.107321526150107 0.0851656248355907
-0.0643562046798058 -0.637002629941649 0.0907381978188725 0.0999079575343181
-0.51842871728125 -0.387118885642754 0.0916396805762632 0.0217285061588037
-0.508023711055014 0.0257752296993905 -0.000106964902330408 -0.023259370668609
-0.357980009267336 0.248617698665777 -0.0191503972241098 0.0220626605220915
-0.185721087776217 0.412821275619156 -0.0257748334024093 0.0765788976642585
-0.0986702137852856 0.427537791809013 0.0098412090592046 0.100384989597239
-0.133062559216708 0.421646213714227 -0.00347891093341114 0.0950253708424423
-0.324440813723342 0.300849009379458 -0.0201975645179282 0.113009771183232
-0.449703762791068 0.0957275990182521 -0.0842815404400489 0.101276569787521
-0.534322236518918 -0.274379365486722 -0.124308885538346 -5.76651815371339E-05
-0.175419143642425 -0.577697305867006 -0.0203544792486092 -0.134167901683023
0.351143180612702 -0.496293635307662 0.0337720689633317 -0.139224716044605
0.641643253208359 -0.290277481591913 0.00264366402959995 -0.0541046301578559
0.543399549996401 -0.261383654826566 -0.409975323479119 0.0419126027192613
0.361318968485362 -0.473108623197097 -0.235618134321696 0.18097877301922
-0.0739168087431098 -0.573265731995776 0.0535011164225483 0.115936500813811
-0.456410708566464 -0.33362301018394 0.0313169912127983 0.00208762800792287
-0.44118185279691 0.0166375458928446 -0.111558937887696 -0.00782736099977055
-0.317751546696838 0.205750674152672 -0.134954193216831 0.113150628646535
-0.17724693482112 0.353560435791144 -0.0998203666649443 0.212201648932935
-0.102140019575484 0.361178106681824 -0.0412707877597661 0.239544370349462
-0.132012307847954 0.350987353830723 -0.05663495659655 0.224223242397267
-0.284177286330064 0.2350068623761 -0.100099794600088 0.204162441890562
-0.369633369085002 0.054088760874315 -0.171995855159986 0.133882436831117
-0.414261348254748 -0.234737092509122 -0.166746213663905 0.000231538680838069
-0.13410639154971 -0.459012532725539 -0.0460555589153994 -0.109204741794594
0.28397083087314 -0.406983556948485 -0.0313962389960066 -0.0471489487345316
0.539139834808293 -0.269755058582324 -0.20563957666531 0.01519299995465
0.377791697452784 -0.226458872935893 -0.614051600238654 0.0776441269916394
0.229375672923312 -0.356094394691671 -0.346028899023309 0.253880531192326
-0.0669805197307168 -0.393742604131095 -0.000512369040313228 0.125898212293791
-0.303802334607162 -0.214225300179008 -0.0300378626754156 -0.00483280614197435
-0.287804314468125 0.00240348105200702 -0.193728601807744 0.0138311343796622
-0.220387463146434 0.126145455998748 -0.223519655875153 0.188022781439037
-0.138207730538488 0.236308402996022 -0.156328522880462 0.316396324219399
-0.089475329643962 0.241490235145929 -0.0858822449303868 0.342905632612299
-0.113764396477718 0.230222129494123 -0.105425493593083 0.315523018046234
-0.209221544885963 0.136819235552524 -0.168611793548301 0.253183594985034
-0.242917795742939 0.00246442192784794 -0.233997459434038 0.131159946478248
-0.237868326226035 -0.165657954679602 -0.180314912156233 -0.0190475263157856
-0.0693821511391647 -0.283889630940426 -0.0558041268298966 -0.0907812807177934
0.18522657904156 -0.261997324584308 -0.0676160522214084 0.0241482314258905
0.367099053100744 -0.209093118311683 -0.353660706445264 0.0747085858281968
0.145537136490742 -0.153783876528339 -0.738494104381442 0.097130624577994
0.05757611113325 -0.17710574075408 -0.41594738846689 0.299514890065598
-0.0533877392058078 -0.148199234472806 -0.0506639085932649 0.137301567841639
-0.104639951392162 -0.061000776710956 -0.0708973171234809 0.00321575301899961
-0.0892237118858073 -0.0147133466838756 -0.230005789971862 0.0375860161629008
-0.0891399616672163 0.0236877476468766 -0.265737429981439 0.232031672153117
-0.0793229527179874 0.0790789516600956 -0.183847614870061 0.370797969100168
-0.0631666284232207 0.084554710592759 -0.117061826824019 0.394473174220285
-0.0785483816571648 0.081502885668864 -0.143412711127114 0.357932429978303
-0.107913368115722 0.0309721928796546 -0.221149092126972 0.258405373400391
-0.0976511901289349 -0.0334052675147896 -0.266725367795672 0.0972340333389283
-0.0628276167231707 -0.0726679055005863 -0.171263915134217 -0.0484830486767414
-0.0195251925119525 -0.0957709292639025 -0.0552274980707869 -0.0774802697364072
0.0633050950099294 -0.112011225215086 -0.0819078390658481 0.0702801497324743
0.151763012785357 -0.12960921177725 -0.430918748622704 0.118787829897167
0.0996207263862643 0.0316792372829817 0.468583577749818 -0.175011418526031
0.0879973374855658 -0.0249654433263787 0.130238045632748 -0.178653305015754
0.00446317168518811 -0.0881455075201862 0.0312368374949181 0.061956065816768
-0.09520261427531 -0.0496104338230429 0.145557321423733 0.0933737205501661
-0.0755263379909028 0.0422092816426381 0.280821717104163 -0.0259183350950281
-0.0292752311777272 0.0751842162774472 0.282742582527469 -0.23605205844305
0.0188630902755071 0.0863163223531372 0.181030579118637 -0.367451052654009
0.0260564688888262 0.0912505345007704 0.136877467090638 -0.398962805612738
0.0129161203612354 0.0937223498252962 0.170827612939631 -0.383067684904135
-0.0401340253562067 0.0799361820724645 0.246918507493772 -0.261904035971518
-0.0884629438926299 0.0425298972821046 0.245905775894962 -0.0898711617944595
-0.108243727992877 -0.0747674638274478 0.107491536113416 -0.0350348393531182
0.0228043692834224 -0.114573849627727 0.111667968343639 -0.139758905192405
0.100037340888565 -0.00263761043716593 0.372993162686829 -0.264123462448175
0.072004823817327 0.0623304638842156 0.785102580412507 -0.0850064781696436
0.309939269293602 -0.0584476380748877 0.418373836151877 -0.137294978603122
0.222406497825765 -0.16724082116095 0.132569153383664 -0.149209253045225
-0.00586292129268147 -0.272649265631987 0.0597604736891938 0.0560635652486698
-0.24181107097867 -0.173599437384891 0.14511800149644 0.0866428570700011
-0.237395615983516 0.0407644311489526 0.251637993388109 -0.0194891817555504
-0.15286374361616 0.15637062087345 0.258820492013661 -0.199001751791916
-0.0493109624121202 0.234684565463255 0.166934973577603 -0.307461055178824
-0.015099205481878 0.250940351923985 0.130854847659237 -0.32930548373877
-0.0490483777890437 0.255557239041143 0.148416907810197 -0.316373178760589
-0.177425107461505 0.190088380913086 0.214201556060135 -0.20833365054515
-0.264419572638602 0.0635156165313094 0.197759669050331 -0.0606031960177901
-0.302742997706901 -0.201003920564869 0.0644093672778803 -0.0373756720980274
-0.0233742385966225 -0.349571065050773 0.099235934406986 -0.168157422781883
0.265536354321623 -0.199814351636255 0.32556930544201 -0.29865582127088
0.345699804363058 -0.0473480948860824 0.687196851144876 -0.132593734126051
0.491349310859834 -0.139875748187602 0.288028995137064 -0.096542052042682
0.345648037846994 -0.310248729142334 0.0946937632174958 -0.0952393297401987
-0.0178129961315481 -0.450978533515959 0.0890222833460144 0.0622635503984989
-0.379450879832877 -0.291152915454975 0.145853721406456 0.0719079336209764
-0.387208947001008 0.0330330352786777 0.198001759293482 -0.0227959978116078
-0.266772902180415 0.218440480768394 0.19711559765335 -0.144759534121487
-0.11680746576347 0.352251228099643 0.123950973377459 -0.203817462939017
-0.0545618704574108 0.37461718982585 0.103789395055709 -0.208409461157762
-0.0962970895790827 0.379033539010141 0.106379477853698 -0.200594111064846
-0.280094226022519 0.279185334115867 0.150158262881889 -0.117998922987339
-0.402208901201751 0.0911010181783224 0.117214033114535 -0.0148279304039396
-0.472295282617359 -0.277929342084985 0.00368917973791995 -0.0321370015678319
-0.0956306881146364 -0.530454732937574 0.0663989973664799 -0.181010339245104
0.367625789151854 -0.383044134440401 0.237785423111046 -0.293636237431742
0.557940334974192 -0.163715347016098 0.497882211207862 -0.14348309633893
0.611059045610418 -0.210998690021258 0.0844812621647113 -0.0537690152522733
0.429797887592032 -0.439333629701029 0.0106476515130848 -0.0146649149570595
-0.0418606126449552 -0.597678961769442 0.105092065626404 0.0810575797447758
-0.493381370496089 -0.376758416024886 0.134673821024731 0.048976970085003
-0.498503956768606 0.028783924542425 0.112409641720288 -0.027374300018993
-0.348660097307014 0.256560964955698 0.099789548944715 -0.0699380313587352
-0.169036622926844 0.421175295283719 0.0570000811798704 -0.0690493327790859
-0.0840956884532274 0.441780817025616 0.0621952482297863 -0.0561839973878582
-0.127253284724287 0.442936084333832 0.0531115404918372 -0.0532146630661674
-0.334952475813421 0.324342416621907 0.0674976292707243 -0.00238777817604178
-0.474880273628598 0.110133699705806 0.0163116680901851 0.0450333640879855
-0.568671581079223 -0.304604968846724 -0.0675531203158975 -0.0171374561775769
-0.16207914640914 -0.620735541573769 0.0218139549660908 -0.170418647439638
0.398169376291007 -0.498806660321887 0.131424440086474 -0.236977798403125
0.66821470518414 -0.254169388942379 0.254680571493354 -0.114936081063799
0.641403828020934 -0.255638631452095 -0.167671148239941 -0.00799036324258418
0.448014805270411 -0.510640707082102 -0.112366220473874 0.0862957219579586
-0.0647784549328013 -0.658565828834393 0.0951458106399086 0.103684229869074
-0.538095808087654 -0.401448742902716 0.0967518784179555 0.0233898614360833
-0.531276271558378 0.0244344706756411 0.00070688652313501 -0.0244288723173687
-0.375556423054916 0.257053829362201 -0.0216192448090793 0.0217797075632298
-0.19442479411767 0.425922548872183 -0.0233479995299849 0.081120513534347
-0.102166153548734 0.440286589876913 0.0108098469626185 0.104875582120195
-0.140089647758022 0.435983439270652 -0.00424109690286127 0.100966369095986
-0.337703127665664 0.310635431010797 -0.0202129490972631 0.116639949071696
-0.466411528316061 0.0982508077075712 -0.087390007692874 0.103657585983245
-0.552138997154001 -0.286266659662489 -0.132643693175921 -0.00195959969562185
-0.178504417685349 -0.597348546491141 -0.0201498603152521 -0.144631860295005
0.370833582285996 -0.512082586510658 0.0343743089989185 -0.145767672908603
0.665694808291595 -0.291222533280641 0.00359956171108044 -0.0533733048078648
0.566176743826677 -0.266768538702069 -0.424565168321809 0.0369896817160532
0.382088099537631 -0.48973427030334 -0.247162831794537 0.184591443595634
-0.0743911556865759 -0.594508417539189 0.0557380880378508 0.121117160772567
-0.475790537487066 -0.346939653911187 0.0350695009062286 0.00354218620183178
-0.462086527839427 0.0149470255822261 -0.114896195971898 -0.00925644080010408
-0.333902172280271 0.212487125171658 -0.142169872276272 0.115116978099142
-0.184388266928221 0.364508716183683 -0.101651979161306 0.220325673943119
-0.105323836573993 0.373736489946694 -0.0430093414060624 0.249471862037623
-0.136536281140684 0.362201150992959 -0.0616470823993027 0.233950356338291
-0.295482908660926 0.242301829291621 -0.103994464152298 0.210526091635632
-0.384344151614365 0.0558024811002161 -0.177769636752714 0.137462577134556
-0.427677254001704 -0.244514644943392 -0.175599655363601 -0.0022002560186163
-0.137933743341659 -0.474795323813892 -0.0465336236916821 -0.116404543676318
0.299176222945296 -0.417130020502154 -0.0339049162810752 -0.051163035908622
0.560571816759948 -0.272226655480699 -0.214018869781612 0.0171580111420395
0.394510866820017 -0.233474832031252 -0.638119769559657 0.0725578691660287
0.243251795103292 -0.370025827161031 -0.363852696859431 0.259350520508204
-0.0695274835989296 -0.407838043929875 -8.85028125763341E-05 0.131442986256474
-0.317365325635045 -0.222347513051394 -0.0289326834790953 -0.00456939715369603
-0.301053609224742 0.0008572571726917 -0.201039264741803 0.0126966129785347
-0.231803564147839 0.130395344980718 -0.233973567790054 0.191461112291933
-0.143436902471085 0.243974310550762 -0.161529748911437 0.32733544293315
-0.0923800485597826 0.249691819199852 -0.0902380927268935 0.357529291085126
-0.117129485597544 0.237618763942312 -0.113090175693187 0.32785287428578
-0.216846038443073 0.141284076589581 -0.176252432505925 0.260889679251868
-0.252208898171236 0.00317476208039998 -0.242029817212963 0.132629278295137
-0.245554226747591 -0.171900859527761 -0.188911763499005 -0.0220046574280254
-0.0712337375016721 -0.292392437687842 -0.0565206572338726 -0.0969319613692461
0.193792975300086 -0.268930383150897 -0.0715946970185487 0.0230684683570295
0.380397357787256 -0.211444748068726 -0.368696307596846 0.0782217027079152
0.154516106638605 -0.160317648511954 -0.769591478764237 0.0942194284034235
0.0621746050781639 -0.185387582355515 -0.438962379998084 0.307067766403865
-0.0565301693499439 -0.154008027167158 -0.0528791268273491 0.142867673631468
-0.1108379365234 -0.0625001926184822 -0.0721122728635609 0.00270276576169304
-0.0935309995958139 -0.0157630092896122 -0.238594411708238 0.0369204619713523
-0.094577104736086 0.0242526821271145 -0.2778212755287 0.237381854918113
-0.081757528662574 0.08135302094757 -0.192045138114354 0.383680325834092
-0.0647395613827678 0.0875965895827739 -0.123894965769517 0.410763007387893
-0.0794051538031062 0.0841593326864749 -0.153317099200243 0.370741235041191
-0.111064035297343 0.032472747502882 -0.230883514443287 0.265569657328719
-0.101532365148299 -0.0327460090295113 -0.275971818487862 0.0976205299817975
-0.0645001662175778 -0.0736242001212848 -0.177480601129643 -0.0524050360779304
-0.0211079355599951 -0.0974844953019904 -0.0570265523817372 -0.0812662992122952
0.0645129497280121 -0.115924678675545 -0.0866496085927286 0.0709193124768267
0.158162230026588 -0.13294060955135 -0.449591628548777 0.123246447529314
0.104625063058169 0.033348847494752 0.494358383886389 -0.201852452650118
0.0946009625849069 -0.0269234279250711 0.135153208068795 -0.192674620414572
0.00412600473988413 -0.0940192502811215 0.0349015263228462 0.0629675777752731
-0.101457110247179 -0.0502319175257298 0.155410186848466 0.0932017553352765
-0.0791004040130032 0.0470847549179142 0.295807919486037 -0.0364768477931482
-0.0279541752202068 0.0809124709092142 0.291981215684948 -0.256810974407019
0.0221153301100051 0.0908030557685752 0.181045165619647 -0.393453403666849
0.0307226963147401 0.0952657215433244 0.13219151400622 -0.430219802421019
0.0158281602790911 0.0985935681139998 0.170369736814152 -0.410791846297876
-0.0412276004292611 0.0857840170629463 0.254586115555767 -0.284251294993169
-0.091733920286692 0.0461190911334974 0.256558566183589 -0.101737917316511
-0.117123615976764 -0.0757367922677663 0.111958469102205 -0.039577150952423
0.0204953390331014 -0.122821582762574 0.113629897297345 -0.151363501833338
0.107632391233971 -0.00518803859717577 0.388352313555652 -0.289796621384666
0.0773307533024296 0.0645673639811867 0.83095978389468 -0.114458991183935
0.323982350101563 -0.0680726057991299 0.443108606974145 -0.16198629930111
0.23221562895266 -0.182374996912046 0.137646028747389 -0.161748281173996
-0.0140027329056922 -0.287414577589449 0.0656177398485665 0.0557882332228306
-0.261274688842059 -0.175999355314491 0.15558683705442 0.086284225755937
-0.251550420219008 0.0512512980875464 0.266509987142447 -0.0282557398978572
-0.156662194555612 0.171473056482077 0.267606884636079 -0.218566337467706
-0.0451681423197674 0.249541892484434 0.169056984181537 -0.329519840974527
-0.00683716329076155 0.265147608330749 0.128268140755816 -0.3552212655952
-0.0445176990501421 0.271556520329108 0.149364701832791 -0.338739987846594
-0.183639823449872 0.207160999424786 0.222089012079989 -0.227043063287734
-0.278717997229698 0.0746550389437931 0.20718821066289 -0.0689418831211532
-0.327817150688972 -0.203516328666715 0.0652620913921127 -0.0405906667320558
-0.0364233527329421 -0.369069602913669 0.100018586645128 -0.183196449355027
0.277538673275307 -0.218770294939536 0.335564609002117 -0.325941456529513
0.364115660028076 -0.0592408268929512 0.725627117804272 -0.159112822698769
0.512509852681539 -0.161349057828652 0.306374773888498 -0.115182872589816
0.358210256629191 -0.339217391570575 0.0992561443588331 -0.10447143755465
-0.0327477625719012 -0.47322004339698 0.0970983451496439 0.0612954731027713
-0.413086544134227 -0.295219447224554 0.157864110812907 0.0711097634791496
-0.410949821502358 0.0483995769429171 0.20945239468272 -0.0291859428606781
-0.276709047773153 0.2422219938379 0.20308957211739 -0.15901250742932
-0.112304763090763 0.375229193938732 0.128118573597131 -0.218419949246838
-0.0431620315708089 0.396828247504301 0.104606382777896 -0.225416988796189
-0.0901365149868747 0.402801668889849 0.107862306169091 -0.213487954185295
-0.289153783345647 0.305014854320068 0.157076465699627 -0.129192085443958
-0.421831016013791 0.109120618462721 0.123738706364468 -0.0188088189624429
-0.509172589317119 -0.280090515832082 -0.00047916599377474 -0.0334844227162923
-0.119369236398536 -0.559285089822061 0.0650804706169227 -0.197340665609135
0.38201987975445 -0.415140382045946 0.242771381884694 -0.3183365239864
0.584217403156422 -0.186616571107393 0.524289229062344 -0.166847049635903
0.637251814364864 -0.239440425104886 0.0908271511138518 -0.0634907589113161
0.444933536431932 -0.477329855647156 0.0124220254908566 -0.0163883616025354
-0.0622301530567092 -0.627229840204627 0.115229776486105 0.080661924612096
-0.536851791301224 -0.380509764905662 0.146183529114741 0.0476169046666566
-0.530523291328404 0.0480885054412326 0.119537784574227 -0.0321892276537213
-0.362840393833623 0.284818133702627 0.101862776647556 -0.0770004449737323
-0.165240884446246 0.451254198404694 0.0626245958274999 -0.0735157212059845
-0.0714295740638687 0.468942987286695 0.065686269820753 -0.0618736549402528
-0.119481139754016 0.471407329646571 0.0554880945098222 -0.0549349353042464
-0.343991808297223 0.355115191574279 0.0733866755975793 -0.00526973048628455
-0.499049548483671 0.131574058912772 0.0192349185592615 0.0477013482167213
-0.613671791141958 -0.304824714356035 -0.0761346294632749 -0.0148293263604998
-0.19267146172259 -0.650110705264108 0.0174085501141717 -0.186995371699516
0.411488938950331 -0.538882435041426 0.131314376137204 -0.256112311486361
0.69891509165438 -0.285888068676203 0.267027968592267 -0.126812096013217
0.669924125040563 -0.289818075347713 -0.175958238747839 -0.00635257988512212
0.459682655581651 -0.55698428691806 -0.116015015299106 0.0944328280584518
-0.0904109694074007 -0.691822473378183 0.106142481669945 0.105458207809834
-0.585492316446071 -0.404691414094564 0.106328679311251 0.0222596203001974
-0.564977350152909 0.0446169503492284 0.00105546587788843 -0.0254945606210073
-0.39113174687226 0.285841031364191 -0.0239430439127074 0.0230728756915671
-0.190729339077063 0.455872717870015 -0.0178283057674718 0.0873865618621655
-0.0900077539532173 0.469149618675032 0.0163415104413447 0.110988230362806
-0.134394907558112 0.463766072089038 -0.000791662830565644 0.109864397406803
-0.34917960742956 0.340987777093681 -0.0160538247745997 0.123796546333252
-0.490939525995095 0.119936194908189 -0.0886796964962449 0.112457154077384
-0.595496866569026 -0.288413921459411 -0.144507997742206 0.00253708583585689
-0.208964264925914 -0.624082034269799 -0.026233898453756 -0.157351209734253
0.379362904762607 -0.549122862296962 0.0303798805142695 -0.156580254662951
0.693620542313171 -0.32625223465539 0.00221178982766294 -0.053156464319375
0.592850122842502 -0.299463720010954 -0.447715073802012 0.0496949902328922
0.391229316720324 -0.532875414548915 -0.257615633588591 0.203107497539297
-0.0992274753310974 -0.625354788553952 0.0654970539224326 0.126341120039489
-0.517767730705238 -0.349124640863472 0.0403111224071501 0.00297022880970637
-0.490740289367145 0.0327650308635847 -0.120615827404481 -0.00617362814248524
-0.348589906246666 0.239122534580267 -0.148298260316205 0.125658856248134
-0.182281091929467 0.390952247305639 -0.0968147965729735 0.237722557357345
-0.0968672488167778 0.398521531598053 -0.0360238227722105 0.266814651470372
-0.131616785088631 0.385723919252502 -0.0585962361182185 0.252442576855356
-0.306917403119139 0.266672298196598 -0.102420218714497 0.225636323561864
-0.404642541821343 0.0719854692637493 -0.183044372092718 0.150476748102662
-0.461304335162309 -0.244210691128397 -0.189167489263144 0.0035352922029736
-0.161223949077559 -0.494488192049256 -0.0540250760910067 -0.126880302230406
0.305905607997908 -0.448638849308359 -0.0397450433518617 -0.0553168224008783
0.58376663175947 -0.301866657168063 -0.226597066588867 0.0284790472297124
0.412275625683901 -0.259649153838637 -0.676543860635834 0.0957898240615648
0.248512561236143 -0.401648288794368 -0.380273631658972 0.286695738375998
-0.0879672411693978 -0.428224989429946 0.00540293084843001 0.139279576850173
-0.346255634599758 -0.222077421825256 -0.0277175808481876 -0.00428606046701012
-0.320856674102895 0.0118587146655238 -0.21177004882696 0.0195009085185456
-0.243182513071793 0.146813410664854 -0.243167560071117 0.209499045083931
-0.143164638601905 0.262276286421894 -0.158227747595406 0.352545687990363
-0.0867038581993354 0.266858444310749 -0.083454466240975 0.383519447594728
-0.113991878750992 0.254359274678156 -0.110249758620504 0.352407996758241
-0.224836302420552 0.157553695777452 -0.178958387587506 0.28067049956847
-0.266645646878519 0.0135302078504842 -0.251548386222867 0.147649353652218
-0.265007609180814 -0.172942565987655 -0.203042924995712 -0.0181281173016329
-0.0861661945563744 -0.304154702806204 -0.0639874986359589 -0.103964973170433
0.197346246437955 -0.288465675682849 -0.0769003686551051 0.024486696885059
0.394891812497057 -0.233647911803929 -0.389849080009039 0.0974616427846945
0.160221283425588 -0.175662687917561 -0.815975061458612 0.123810161189444
0.0610026190084052 -0.200709206213469 -0.458620264285788 0.339517084777734
-0.0668965583356495 -0.161208833005422 -0.0507528228373877 0.153311522331135
-0.121303398446725 -0.0607040165616437 -0.0746819201753659 0.00485121715968348
-0.101277924870444 -0.0139299250373557 -0.251544796679746 0.0456432831388276
-0.10073257235988 0.0296905151438733 -0.288424985394775 0.258607090670887
-0.0826979143525472 0.0882632599141408 -0.18915191779893 0.412467763746347
-0.0633552486767262 0.0953403246669313 -0.11715470587077 0.442105440458547
-0.0791950785661825 0.0915959294604073 -0.151627638923002 0.397997678874776
-0.115197687052901 0.0386602491222326 -0.237221214592769 0.286705200095968
-0.108130628725103 -0.0289623394834239 -0.288288199411233 0.111008420809981
-0.0711410842693535 -0.0744010210357297 -0.189748007189454 -0.0505800576290299
-0.0267146122028682 -0.100710581976788 -0.0638852041108615 -0.0858617821564263
0.0632241310693859 -0.124282241547107 -0.0907466665815613 0.0759209414377102
0.162878401446357 -0.144824910699115 -0.474287503854472 0.147032817335466
0.102863627933381 0.0433576337020922 0.543222276206294 -0.131657632222232
0.0999112423567593 -0.0128819902523695 0.17374791142449 -0.180217589307876
0.0232510431997135 -0.0944087783981583 0.0270624169579344 0.0639715591055305
-0.0907557115272357 -0.0697799216030538 0.141047866455821 0.114164978275904
-0.0876501501022896 0.0293246125272341 0.309189981553602 0.00900810730306907
-0.0423182528786305 0.074789813436413 0.342308702010192 -0.223572652144629
0.00770248891422044 0.0944945431262217 0.246665921872499 -0.38273045080387
0.0127164759458239 0.0997797781964121 0.203420426519119 -0.431563906134141
-0.00108330535637218 0.103900425430141 0.237335313919361 -0.408293296791234
-0.0570956120397206 0.0799890440836159 0.306434104477253 -0.262731118051244
-0.102019795736083 0.0283203121320415 0.282875258237244 -0.0697413006924969
-0.108496702351175 -0.0982431318763403 0.129084185861893 -0.02160465745472
0.0476213717894573 -0.125373704980286 0.138787043581235 -0.137405976429483
0.122550681108382 0.0133204109437234 0.440938714178724 -0.238590578535826
0.0784567231731308 0.081555372873735 0.883446502173449 0.0153859877943098
0.341972043686574 -0.0203977809973321 0.494847793609559 -0.100481519219702
0.264694234055352 -0.148082675086647 0.176251162159056 -0.15242486268128
0.0365825012540931 -0.292001862864291 0.0590558426082803 0.0491100750142831
-0.234651138437546 -0.218384484526565 0.136584748013581 0.095576664261441
-0.264964620398313 0.00580649657134029 0.26728771914516 0.0149455325441357
-0.190308579439092 0.148148711075533 0.30531294721104 -0.184067606908483
-0.085368510549982 0.246798093618495 0.220584727463414 -0.31473363397841
-0.0564303825151689 0.268896146259159 0.187874367165456 -0.353152079681774
-0.0927155496235649 0.272895244768645 0.204545099883011 -0.337872177218042
-0.226157224919131 0.18295222694119 0.266273881972371 -0.211671230593466
-0.303105747402811 0.0228128004047431 0.23462712188456 -0.0434932132125702
-0.308881719731044 -0.265703028867534 0.094728976298088 -0.0272842416230369
0.0360673383113735 -0.392351672233581 0.13046970802005 -0.167995292821339
0.339389531845882 -0.179199338826115 0.382209939736586 -0.274572491313466
0.40789042348345 0.00433283853188202 0.762695225314208 -0.0477124677491782
0.547705964749752 -0.0813113051908177 0.355337863383799 -0.0767002899327221
0.417327548235245 -0.28565686215817 0.131410601273336 -0.103622822104396
0.048290908471948 -0.48317382419329 0.0902271498600417 0.0478361643014279
-0.370544399153385 -0.359792995686244 0.135774147279769 0.0686268128675963
-0.428282306959096 -0.0211380809053139 0.200723648918302 0.00654592718243323
-0.326585614173724 0.202765108521505 0.226773694712566 -0.13043569818295
-0.173650794435415 0.366295136847612 0.158166232911115 -0.202932327920714
-0.117175090487521 0.398003332665607 0.143914752644644 -0.220671441434795
-0.161980817622568 0.400315087477036 0.141684181589553 -0.214139393353737
-0.352543355505355 0.267858047877059 0.184633043334358 -0.123036673409064
-0.461053946335989 0.0321312865978592 0.147189620491455 -0.0037641376302276
-0.487656445206979 -0.375294977532467 0.0367810345124545 -0.0286528495017815
-0.0130542882634936 -0.604595212767997 0.0961527414203336 -0.184824948793252
0.483790037154024 -0.364549407137501 0.278851553495195 -0.27372652454866
0.663725682713715 -0.0915702124332118 0.540312144064742 -0.086988195616813
0.687702523428278 -0.137249279870213 0.132477686786261 -0.0580756356274535
0.52690062633456 -0.413389396042467 0.0299693647555104 -0.0295015714498087
0.0424672453122983 -0.645199395125427 0.105670264250175 0.06137728492173
-0.486476384759283 -0.464329853794002 0.122687679572729 0.0342887835160365
-0.550241769359983 -0.0384738645865412 0.101551991705092 -0.00802411212378263
-0.423505687368314 0.233948426805252 0.106362641279306 -0.0597526268620441
-0.239417989461014 0.433888519081059 0.0654013337480441 -0.0595856582652284
-0.159458017160603 0.469288263779675 0.0786192354312423 -0.0545958487962567
-0.20246180718149 0.465564800044893 0.0631107315366273 -0.0562098668835775
-0.419092149559447 0.310487968019885 0.0794344755025742 -0.00699863381983766
-0.546353003568903 0.0407946337017028 0.032296545461256 0.0494400209777136
-0.593131856024653 -0.418847358195696 -0.0381965328373538 -0.0219633528040566
-0.0741872550375696 -0.714077320727363 0.0466331306812857 -0.178489693005867
0.532757215870041 -0.488829881186339 0.152437235644152 -0.221244535147896
0.802619492234144 -0.174174542498234 0.257021217525119 -0.0858276451951221
0.727385301781977 -0.175349517263345 -0.148067977579121 -0.0423809943161554
0.55814201863418 -0.487439711715091 -0.118608358364049 0.0644188355821356
0.0256038709523497 -0.715592388872019 0.0916073125554947 0.0817331321848822
-0.534097028822481 -0.49469218014647 0.0828177667604223 -0.000299288444078716
-0.585577283631119 -0.0446466769376562 -0.0247935349277411 -0.0186087435131688
-0.453712957372947 0.23336476898172 -0.0406272210300199 0.0261361731076943
-0.267920832290172 0.437699186668327 -0.0433602607565663 0.097068796317321
-0.17675978967086 0.46799748269802 0.000534494217794345 0.119556585599772
-0.214822349925333 0.455608980442114 -0.0196485377967105 0.109288674619952
-0.421208540159845 0.295835498054171 -0.0322648827106756 0.11483941493252
-0.53658083419225 0.032413272142115 -0.0884645849064658 0.10179078687907
-0.577652604894503 -0.396669545286343 -0.113436141688268 -0.0146387625861412
-0.0967952227936651 -0.688894609094009 -0.00271270904725858 -0.155142961055598
0.499546311543838 -0.504278104903498 0.0346388192787954 -0.134448905996757
0.80177903653728 -0.216093841143997 -0.0315502365325024 -0.050709662339222
0.647572494836747 -0.194280201836384 -0.438841311791019 -0.0262244988398167
0.48532911186506 -0.474678266290431 -0.285026465912658 0.157590988013637
0.0038748404407145 -0.648459800071129 0.0451965520642111 0.101081008613523
-0.474429947588867 -0.427531765715869 0.0204084071837463 -0.0260474937421136
-0.509131003155629 -0.0435107304398219 -0.150383114719116 -0.0182626531904948
-0.402067723056888 0.193095731380357 -0.184367858999662 0.113068896925923
-0.247748497569425 0.373445557257359 -0.147234489082167 0.241049952929148
-0.169779056570779 0.394836738261231 -0.0770239559769365 0.275139991124932
-0.200805801854454 0.374515772025467 -0.100280046703118 0.252014216663649
-0.363795704398386 0.226228518718083 -0.137779813408351 0.210286039507502
-0.438289496768203 -0.000884627041703109 -0.195495646897998 0.128063560808637
-0.444614166702018 -0.329488061239529 -0.167731689845649 -0.020509169373433
-0.0724215846336419 -0.544082076366928 -0.037483274658068 -0.13090417849268
0.40169473008919 -0.412245589537136 -0.050061751703801 -0.0446092544048756
0.67775850504616 -0.210511002488824 -0.277906157281899 -0.00286308144641245
0.457028229519852 -0.182049636055717 -0.687274261806641 -0.0149504284007856
0.320017543653302 -0.362646526755864 -0.42988182495133 0.230635461396264
-0.0182717955464049 -0.448390489655496 -0.0182402254108022 0.118381553140486
-0.32040999272666 -0.27389433463892 -0.0426534835240662 -0.0317119064430337
-0.332765003867921 -0.0357638301818585 -0.240726509292653 -0.00813949579258636
-0.277940799257081 0.117431796542229 -0.292704022462678 0.184730359322897
-0.187114362596432 0.247466111981602 -0.225563219042538 0.350665107100973
-0.135446637734429 0.263157921711881 -0.143836470942488 0.390790521107631
-0.159987207706182 0.242431456594121 -0.169233878473131 0.35053955839761
-0.26099953557376 0.127536075262218 -0.225335883079981 0.260353334603096
-0.283625496102643 -0.0349651782955128 -0.27066980577244 0.116792702912775
-0.252013934756984 -0.223546199224004 -0.189668051493362 -0.0449166685623682
-0.0308790330414484 -0.331733085235856 -0.0519264544995408 -0.112154093987767
0.256265680514578 -0.264774818337133 -0.0944913975292598 0.024202813615156
0.463397190198922 -0.171708863847284 -0.449102912770346 0.0427833875755867
0.185183634532504 -0.137430021969969 -0.847399115785088 -0.00623350837487625
0.0976477836073829 -0.187173287997999 -0.525406813163924 0.280684076570428
-0.0413277503434778 -0.172759501452462 -0.0776523768306583 0.140316244719412
-0.11623484430052 -0.0754689766508483 -0.0829027109007544 -0.0136218738532765
-0.102770489254504 -0.0252381461455289 -0.274360602278465 0.0101389856437463
-0.109927141794887 0.0194815948989964 -0.342834801695471 0.228025041429603
-0.0977121842111892 0.0786704142669367 -0.263083139361323 0.40563947439817
-0.0801292947724608 0.0903637936063871 -0.188587179491835 0.446462151108869
-0.0957708879004441 0.081406035344302 -0.217325394578468 0.395002769429091
-0.126565036116841 0.0228857958660785 -0.287515717888516 0.262319379217531
-0.109749450471631 -0.0486624323005058 -0.309568506562458 0.0740479537157374
-0.0643502890544062 -0.0898753813291599 -0.18398785032215 -0.0784963042464674
-0.00866735825868264 -0.109137115106575 -0.0546618568269182 -0.0962189107720012
0.0851385176029468 -0.116936986842617 -0.109721905507555 0.0680247584900186
0.196728331371809 -0.120837444307725 -0.531155719456711 0.0816131809144617
0.105614606459013 0.0363243246147219 0.534553755548804 -0.18657037998911
0.100829375484466 -0.0191988529523787 0.159619818422745 -0.197013233267783
0.0155109503109289 -0.0964430169644415 0.0336136915490161 0.0617169794153854
-0.0969392166099341 -0.0622914349718996 0.150820254595469 0.101256859699555
-0.0852185452230372 0.0372334316148016 0.311115896109756 -0.0198009892902021
-0.0346010431434859 0.0789557795587414 0.322088805981108 -0.254625014342676
0.0158675465884009 0.0945436859104716 0.211340224214664 -0.405482663289741
0.0214516161644975 0.0985686690612947 0.161449311565309 -0.454156808308099
0.00737971083565532 0.10435300056214 0.199775457139497 -0.431367705628852
-0.0510362152991857 0.0852013726958136 0.284069509699433 -0.29065310541555
-0.099380153583198 0.0362892367911863 0.276434786728919 -0.0952863688258719
-0.118210943602799 -0.08866894269564 0.126563543122042 -0.0330781467880416
0.0353289117239388 -0.130262053885797 0.127027256015238 -0.150213165189793
0.125538046891708 0.00174600508849098 0.420259379145414 -0.277687338492422
0.0847003453463732 0.0748640388037438 0.886722411587809 -0.0659023195992279
0.338303914005233 -0.0497579538041623 0.488188209603906 -0.151824088627383
0.252657719247765 -0.170613642756831 0.164965616420228 -0.170285253387131
0.0104905091447903 -0.29412433151431 0.0646504700381695 0.0427335676017629
-0.256250982674313 -0.196679405871935 0.145169354511118 0.0824049098816332
-0.265562650591358 0.0318123312333017 0.270127229109805 -0.00935459894705168
-0.176416733051722 0.167167387315583 0.289498676925575 -0.212305452216022
-0.0625768303943493 0.255225539723286 0.194003021541153 -0.33546826656363
-0.0302893137428538 0.273715505051974 0.155429563287502 -0.373521392785897
-0.0675329268826026 0.281430708271699 0.174267763748484 -0.357356995632328
-0.211425107328763 0.204158789049213 0.248326342144674 -0.237021932912784
-0.301658452890771 0.0493483424717371 0.2322735677139 -0.0648156080085971
-0.33488370322325 -0.23767965068576 0.0908379813778023 -0.0345007097039533
-0.00109218301162582 -0.394923787977752 0.114543712802421 -0.182904557252363
0.326784805469812 -0.21076247791775 0.357892040262743 -0.309450183617871
0.406405737794636 -0.0322794166615474 0.76063164775805 -0.119490891535018
0.539663530937367 -0.129132269962333 0.351546491501507 -0.114204609354507
0.39394123584218 -0.323723198158385 0.124156317415997 -0.117013312248896
0.00266581052302376 -0.485046298368208 0.0959946147459402 0.0377687925811272
-0.40615820899068 -0.322930770899011 0.14277478923051 0.0539399320995171
-0.431635442942816 0.020499552089046 0.203367242131294 -0.0117513013478011
-0.307958815220099 0.235604703144131 0.214580640675047 -0.151822814029092
-0.139736923176693 0.382611427921084 0.143190351781862 -0.217995716167028
-0.0773735812620942 0.408967450489541 0.123887011314485 -0.236672259592977
-0.124402429090121 0.416103303076505 0.124305267744643 -0.227173854879302
-0.329281503158562 0.301448142727736 0.175292191103226 -0.141216538799071
-0.460240148190418 0.0736395616056894 0.148395055511836 -0.0166758997002446
-0.525238961279737 -0.329148841875481 0.0318578556455848 -0.030466389293116
-0.0704838954813961 -0.603369118820911 0.0782155887005379 -0.197754067972059
0.453840433475126 -0.410419861169212 0.252360463870762 -0.298852637168229
0.65420751886288 -0.15124447379594 0.533855858657974 -0.135480109238458
0.674308107678459 -0.197457163102693 0.129729934286563 -0.0743375222051386
0.491351756571841 -0.463183728940291 0.0297246388896259 -0.0328362038094932
-0.0191570271522518 -0.646856702286093 0.113369235198001 0.0496300035982995
-0.532965523417333 -0.414747043579819 0.128081699225094 0.0211885791440169
-0.556098607500654 0.0155010074952595 0.102573823606253 -0.0181944931251518
-0.401289444173396 0.276580306089246 0.100672028039473 -0.0697559730170457
-0.199028864978341 0.456296392707384 0.0644531874163702 -0.0664528742709805
-0.110624576564772 0.482472984030943 0.0747208617853708 -0.0637420647332656
-0.159533869548792 0.484938033936877 0.0609507640784023 -0.0604011933295686
-0.392203638981892 0.350398990171504 0.0803081725866981 -0.0151096254051355
-0.543872007257512 0.092153467197399 0.0389165320106519 0.0467336662640394
-0.63540738248637 -0.360889053724957 -0.0433508428537887 -0.0169585286500756
-0.140696677073498 -0.704406291468697 0.0283393988574374 -0.188629198253494
0.49223097802551 -0.537848717415198 0.129325861236847 -0.235807576311557
0.784720283761829 -0.244965656851131 0.25013798685186 -0.107203732403665
0.711674799075799 -0.241204491007895 -0.150420482601363 -0.0306926873218645
0.514143753769951 -0.541968872014893 -0.112360275726538 0.0758812680317239
-0.0428426055703258 -0.715557603939853 0.100634775128293 0.0718480530733253
-0.583865675268846 -0.441691823867341 0.085676255896063 -0.0100547888409829
-0.594102781071434 0.0124114191646772 -0.0245241656359055 -0.0165707468315292
-0.432553550864489 0.278667282334305 -0.0391007600129462 0.0297018055821375
-0.227706266865899 0.46336267199604 -0.0296364893063156 0.100710139798595
-0.129380939991025 0.483354536585003 0.014333962183204 0.118920967538405
-0.17194123445399 0.476337336991604 -0.00700308112956797 0.113129290092583
-0.396542631789247 0.335433261038404 -0.0215224009140035 0.117127405383603
-0.534877324818711 0.0817005072621965 -0.0779691086821097 0.110105519769343
-0.618620669357087 -0.340671426548571 -0.11757321090284 -0.00253947401888745
-0.159715194143507 -0.676921473587798 -0.0202756768438862 -0.161104673169849
0.459506250148998 -0.551346371753435 0.0174354459030628 -0.138655260625678
0.780277792828481 -0.289299205637193 -0.0367253293548696 -0.0441674736828937
0.631227944480472 -0.2541110938195 -0.441178076122874 0.0129847562455986
0.44382949456415 -0.521689784113905 -0.270490384579924 0.185137481802931
-0.0580852462024857 -0.647333538413663 0.0562247467576912 0.0953570651844265
-0.519493812368934 -0.377613643798706 0.020905541939101 -0.0299333803691849
-0.516732983343783 0.00706141012507726 -0.150652338055872 -0.00497210047042074
-0.385147178319887 0.234456660983044 -0.175593242370558 0.130605307632487
-0.211982511599171 0.396757514995826 -0.121135937006178 0.254620751777072
-0.128436557506596 0.410004855510091 -0.0486799960119004 0.282474483774639
-0.164184324206256 0.394134527716615 -0.0753951963906749 0.263923107305199
-0.34342705183015 0.26153559528534 -0.119041452241164 0.2216651178279
-0.439129925764477 0.0409212411337996 -0.182296701218846 0.146243449163611
-0.478227393287087 -0.28671874574789 -0.172361959785979 -0.00375377453987222
-0.122459660178456 -0.532735849107129 -0.0525016371687119 -0.13259501371936
0.367081564043772 -0.44934901953162 -0.0576696274793848 -0.0416586737705986
0.656290275957552 -0.270517961343547 -0.278921617120665 0.0273912298768047
0.441795747941863 -0.223586778713821 -0.69048589341057 0.0502434254878144
0.288735168564366 -0.39487380150576 -0.410602569244184 0.272488105775763
-0.0625729303753061 -0.446761357929396 -0.00628105429025576 0.118018016534219
-0.348908383843523 -0.240303237215713 -0.0429402340092246 -0.029277340318197
-0.338851542465006 -0.00247246433421266 -0.241004706787266 0.0134745965691657
-0.267909119507837 0.145832668883958 -0.277391926879046 0.212172276484902
-0.164147137256084 0.265668338699352 -0.191073907887382 0.372347743146572
-0.107361773906573 0.275307047102659 -0.105370412323137 0.405114415968681
-0.135708731891425 0.257020922612202 -0.13575712962042 0.36967038802359
-0.248935374411291 0.152027337110254 -0.201698135695544 0.28096025114738
-0.286785878810854 -0.00793241246756167 -0.259267173035741 0.141062631390478
-0.273955126030383 -0.1978725740495 -0.1961474547953 -0.0265945753333384
-0.0618391425797755 -0.325145655874738 -0.0648387708249395 -0.111023993913633
0.233772607976589 -0.287944752527398 -0.0954306597800862 0.0313172010319018
0.444853445719096 -0.213344745417073 -0.446285661781024 0.0894936331172267
0.174264889220645 -0.156185845910718 -0.84878492791469 0.0757150199537584
0.0804354751901042 -0.19966263567916 -0.502733102598872 0.332765024900371
-0.0591264901554604 -0.168960620023791 -0.0644840294648776 0.146923538046305
-0.124366840839679 -0.0618224888246659 -0.0824662523796956 -0.00745722300853548
-0.106860923552515 -0.0149990746788392 -0.274002577020827 0.0342398735648973
-0.109457727570635 0.0313234259867166 -0.323475160557751 0.260779578323672
-0.0900147639447445 0.0884455722952043 -0.225323126880837 0.431574994422411
-0.0694308439882808 0.0973457542608113 -0.145088647992725 0.466644986146625
-0.085814596521409 0.0899454516159712 -0.182086285446526 0.417493441654501
-0.123815057929951 0.0351932819178109 -0.266001391691839 0.288717488889352
-0.114023763023277 -0.0370329313427702 -0.303461248011539 0.101977250465652
-0.0728529791049962 -0.081725557421643 -0.192416038490192 -0.0620895960254727
-0.0194041187648133 -0.106304027922123 -0.0658089716508978 -0.0929939659667379
0.0737340721835395 -0.124239836575965 -0.105020023984376 0.0759879101520935
0.185974680412693 -0.139210182401144 -0.526039040321386 0.135252483551981
0.103552534178093 0.0303394728904888 0.504271863220475 -0.222619929007208
0.0987022553116084 -0.0240918739498375 0.141769772412835 -0.202562001950641
0.00989687512568805 -0.0941594427451428 0.0372862599092586 0.0574322032368589
-0.0984172461607586 -0.0544118340025153 0.151447149196857 0.0867983870878682
-0.0799005890664582 0.0416154111282466 0.299372880351296 -0.0413259167316866
-0.0266761670530075 0.0786443272252175 0.293263749604895 -0.269081922677357
0.0218503654184774 0.0905327177101088 0.176119775496907 -0.406546331376863
0.0275784767062155 0.0934625504673019 0.122793844352433 -0.450916873817042
0.0137779114214746 0.10010947876781 0.162865732318393 -0.431916434753595
-0.0446991719761662 0.0860126541673557 0.255466104030679 -0.301090495690683
-0.0938684488643932 0.041035580443819 0.259812293588431 -0.11096715197973
-0.12060638209912 -0.0774256991621939 0.119473607403732 -0.0400973370901145
0.0245568157781761 -0.128098628176694 0.11261994199313 -0.154309199842618
0.122594183881855 -0.00720308153471605 0.387957416212369 -0.296353715544067
0.0862308948623281 0.067229314735506 0.850406542284799 -0.126604073209141
0.321307174904611 -0.0679286561154015 0.46118178044324 -0.185534160899092
0.23461124431856 -0.18090590351785 0.148806613363239 -0.177141330343677
-0.00949025922712486 -0.282649710655036 0.0656340186800548 0.0360912422184567
-0.261956407922344 -0.170569334463009 0.144666306500583 0.0682990197900105
-0.25442111215589 0.0506382974052812 0.261639193732576 -0.0282044153904813
-0.156699750344219 0.17423125410763 0.265069359591047 -0.225641908450619
-0.0429845715267687 0.251396069392328 0.165464078399092 -0.338496153986341
-0.00860102253197478 0.265487912039527 0.123002624850431 -0.374498110717658
-0.0450339828484998 0.277372422976813 0.144645755923888 -0.358522193183311
-0.19047582640842 0.213212348651041 0.224918870898682 -0.247436013160122
-0.288295109925364 0.0678846078716283 0.219985122575861 -0.0784844496493839
-0.342076081858298 -0.205752128778648 0.0836355358644471 -0.0380839563552594
-0.0289963645063727 -0.380608461289157 0.0968941210549195 -0.186199814883867
0.304198131843893 -0.226448425182666 0.324035228393982 -0.322073283953309
0.388665500967938 -0.0583270881354099 0.726254175496573 -0.167720327403588
0.509785685697101 -0.159662080449299 0.332208527680961 -0.139948241380911
0.358894191802616 -0.337371841567968 0.114051023337214 -0.123656606902161
-0.0323216377260948 -0.465922087750145 0.0957903928947466 0.0280463125069269
-0.416544965449534 -0.279794301421319 0.141538684174833 0.0413977536844859
-0.416263070928664 0.0521787481100344 0.196680537675707 -0.0261833395895289
-0.278943544357344 0.250371073265675 0.197053287127141 -0.16177917929828
-0.107356659999196 0.379913125635437 0.126139025337624 -0.222193026576167
-0.042593740485533 0.398962533793013 0.10330798292267 -0.239657314103834
-0.0906226659451496 0.410783137023932 0.105985683098981 -0.228306651216673
-0.298311815469789 0.315585288725885 0.160068678852528 -0.149881686290407
-0.438923038797747 0.103563729330178 0.143393519314605 -0.0268411021285399
-0.533084968702752 -0.28013397280565 0.0261721199506902 -0.0294231374781445
-0.109780042076954 -0.574246713539329 0.0594621479893568 -0.200327576104567
0.415599582663222 -0.428847032762814 0.220882021880802 -0.306012049160217
0.619131943831049 -0.190837452781035 0.506445152646558 -0.165798869298839
0.635806517037679 -0.234781142593238 0.121258132678833 -0.0846577772636236
0.442986278817772 -0.480071100329761 0.028027732019759 -0.0350542815470976
-0.0632967226271042 -0.618136362571652 0.113321392713445 0.0378510346658021
-0.54613092817029 -0.358128913950553 0.125792298077913 0.00942083726432021
-0.537040255162372 0.0592804349709553 0.099781314773073 -0.025098468951374
-0.36688160381544 0.298885682037383 0.0918845180843128 -0.0745838846483994
-0.158656704251156 0.455442622103875 0.0615395257476935 -0.0707856282282056
-0.0696565740444504 0.472364814347549 0.0684844746948122 -0.0686544892223954
-0.116420162037164 0.480389013951436 0.0568839527074027 -0.0626709372105934
-0.354585884880884 0.369008764844622 0.0768468906663604 -0.0213967162386676
-0.519288512351064 0.128134314609831 0.0428386484120584 0.0412881723158843
-0.641868296869124 -0.301750003863039 -0.0454368957972231 -0.0106149865545698
-0.18433066436114 -0.666927659734262 0.0107656816436996 -0.188540056519531
0.443789594851903 -0.554592713102404 0.106052441034668 -0.236169259426501
0.736905723977703 -0.288904370909131 0.235211772552488 -0.118416513890285
0.669117666846566 -0.281397728334314 -0.145473610250009 -0.0214038131275663
0.460140614471986 -0.55960471067236 -0.101814336218321 0.0801926350934224
-0.0937921746904721 -0.684571006360731 0.10254147570855 0.059512032261416
-0.598311949053679 -0.378306586384811 0.0832458718422305 -0.0181608272315143
-0.573144313690083 0.0588347884092708 -0.0229993127558813 -0.014813551510515
-0.397588620367096 0.303108824128579 -0.0359980763146802 0.0306812185056131
-0.185076819564271 0.464597360854282 -0.0171606660928758 0.0974972456313596
-0.0870670748085183 0.474243217793068 0.023542107326187 0.11234635289308
-0.131481903868809 0.471453946764016 0.00388013152563484 0.110182274006079
-0.359397976233129 0.353018002055061 -0.0125130430924236 0.113864210709263
-0.511339184606734 0.117711330211563 -0.0652660384154519 0.11025381131487
-0.62307609770597 -0.282378309000761 -0.11619262631303 0.0084829186091257
-0.200384448002105 -0.637496954379544 -0.0350793602753144 -0.15872725725217
0.408289438355608 -0.562295964326186 0.00490363697061627 -0.135108373244425
0.729121481166583 -0.329620463522241 -0.0376678850997539 -0.0367657945425192
0.593090358657469 -0.288690663565208 -0.423432487457237 0.0433010256630269
0.391827544825071 -0.537841501369229 -0.247985511433601 0.198434901385172
-0.103098156854985 -0.619456064923484 0.0612789500740836 0.0861020343401412
-0.529674195848991 -0.321951830411724 0.0198984410259747 -0.0323520553723695
-0.50082439193038 0.0472417041847477 -0.14482139120256 0.00535177594690678
-0.35520546160935 0.256719100484359 -0.161068005651709 0.138160705929192
-0.175861082981216 0.398593671362381 -0.0951067097617764 0.253499073223194
-0.0907616160565515 0.403019019269025 -0.0253298145930593 0.275693174448695
-0.128317510239807 0.391827265960433 -0.0514433335486369 0.260952097089943
-0.314348858236004 0.277488181915297 -0.0996975670273262 0.222624838594389
-0.420694602949139 0.0709110647960424 -0.163866691539199 0.152705066968058
-0.483614488587922 -0.240315171321331 -0.169277192973701 0.0103511473001971
-0.154517048420416 -0.502685910914307 -0.063943755810644 -0.128208512749332
0.325075019370798 -0.459726535118436 -0.0621439545348573 -0.0361957014777405
0.61032157758181 -0.306723271849606 -0.267746701048676 0.0507963820138591
0.411177823846936 -0.246596800232301 -0.660677479725324 0.0963090488451903
0.250888501742176 -0.404438050246055 -0.377827500600103 0.293456395276767
-0.0932847448246925 -0.42489603945591 0.00225186970634252 0.113298433367765
-0.35590712706709 -0.20332282423624 -0.0416612457425701 -0.0267984896119795
-0.32908986016931 0.0237712016819959 -0.231302133903861 0.0299165333567892
-0.248975423550081 0.162844069820646 -0.254339806374146 0.225005829661212
-0.138819553292684 0.268073697704359 -0.15464518281809 0.372486904347509
-0.0806218061699805 0.27136407323548 -0.0704342695157356 0.399070955881008
-0.110208050803533 0.257687360606676 -0.102882201761806 0.368002533993018
-0.229261041866788 0.165143032360214 -0.176652772349888 0.285459059483464
-0.278075001552773 0.0145279001275891 -0.239458401895281 0.153360170632464
-0.279515559343921 -0.169196025739642 -0.192781362846112 -0.0113804198962246
-0.081445389124603 -0.306308935805057 -0.0739853741265569 -0.10516274737781
0.206525231325735 -0.292354974877755 -0.0924451317575435 0.0357088543578341
0.41215507529089 -0.234874732875487 -0.424548540508831 0.12154232136392
0.158124892688163 -0.163510010483534 -0.814505311944481 0.134946178641541
0.062795310600123 -0.199968156593044 -0.462082776339129 0.358610761875975
-0.0710105442916852 -0.158340687027154 -0.0521413864787426 0.14580782366251
-0.124678918914639 -0.0481415310743551 -0.0795386246791296 -0.00227563929338804
-0.105476682137074 -0.00627000351159888 -0.263091820914711 0.0518179444871288
-0.104127815933354 0.0391254588896738 -0.295429231402781 0.274850414993139
-0.0797992041132601 0.092035764305346 -0.185355788630529 0.433455079147276
-0.0574637168387454 0.0982207891603267 -0.105775489702116 0.461730434012139
-0.0739567144813797 0.0925787629597664 -0.146059336843881 0.416808296711799
-0.115959624871126 0.0436382308863836 -0.236960317323828 0.298414116130866
-0.111948839301253 -0.0261828190426605 -0.285180383006201 0.118983098760183
-0.0760456881292703 -0.0718015162893084 -0.190574839950251 -0.0458662612864537
-0.0263190075727745 -0.0998226901494759 -0.071343848872835 -0.0852121796313524
0.0618113963077864 -0.124584119941418 -0.098676946350017 0.0795354063436149
0.169131629273365 -0.146748601301965 -0.499003997792973 0.172240727820037
0.100491490366765 0.0282389922007834 0.47515453815624 -0.234625644186889
0.0969067029670625 -0.0249846975229235 0.13083090747544 -0.200604416210813
0.00819671000066832 -0.0908721137368673 0.0383712863511536 0.053496446648729
-0.0959599602565428 -0.0497484241198191 0.147163953738498 0.078003402524249
-0.0749800346815264 0.0430517689171739 0.286198410402805 -0.0501406509850361
-0.0221678423167645 0.0764907662895169 0.273910589353623 -0.268963403349801
0.0241806739869944 0.0867031429028174 0.156099288080992 -0.396818434597599
0.029894134917797 0.0891363690031764 0.10146711585059 -0.440211255751618
0.0156033348052939 0.0962139646446953 0.142631237934705 -0.422048586726058
-0.0407372503609752 0.0845981925889735 0.236593963890439 -0.298925867122999
-0.08846749483112 0.0411556932853158 0.245042159811536 -0.114424175496389
-0.118740946318519 -0.0702088863097325 0.112670078985372 -0.0418661498064903
0.0192796933907431 -0.123384454484984 0.102918757440109 -0.152219469860059
0.118026984144112 -0.0109167737122121 0.363952882533053 -0.296331733479208
0.0843824066986352 0.0623956733645116 0.813082643981945 -0.152332403313354
0.305811649182171 -0.0736374709010342 0.436449593344838 -0.197784200729752
0.222152500134857 -0.179445032894713 0.138094944787408 -0.177478500786779
-0.0172048025828507 -0.269036799337136 0.0639970979794349 0.0315094575177511
-0.257344519312227 -0.153063511253391 0.140382675436025 0.0598993909201097
-0.242993020434061 0.0584114255624169 0.250552034149539 -0.0365089066732957
-0.14327647327471 0.172740050717935 0.247517065222317 -0.226075474099827
-0.0320110602037061 0.24342562740131 0.149656350825909 -0.332326191945747
0.00193568978841075 0.254954748381823 0.103421929405506 -0.366264758169754
-0.0348160088114775 0.267644286146218 0.126915920667032 -0.35035813006871
-0.17731152390529 0.212151236629529 0.208846152570364 -0.246798540740475
-0.275604168942532 0.0741228096063174 0.209830313948828 -0.0828360190944712
-0.336076301039665 -0.18474378866853 0.0781750134501474 -0.0390438399310378
-0.0399569603194662 -0.36333281423384 0.0858917940388713 -0.184536365880259
0.286956646730899 -0.228708251389211 0.300619638810972 -0.318996907402657
0.369493450537954 -0.0669601367199525 0.692674697149008 -0.184542211318186
0.483262388561034 -0.1676161134736 0.314068604881134 -0.149049594660187
0.334432653258984 -0.335326941220232 0.105797057941599 -0.12456719094513
-0.0461135994971394 -0.442640708044599 0.0922366639616635 0.0225770507212803
-0.410539047261395 -0.250463623495715 0.136679503897693 0.0334296516730311
-0.398227759937988 0.0675349133779967 0.189926263896681 -0.0320494461995477
-0.257802443267299 0.250375738155743 0.183832499100946 -0.163002286684842
-0.0891061550051837 0.369019654873516 0.116175814911925 -0.220030282475019
-0.0256358417073421 0.383054963973662 0.0902992331794725 -0.23535685479826
-0.0722033935110992 0.398409275082884 0.0956528025433824 -0.223741426935547
-0.277605942001145 0.315765859528736 0.149612805803562 -0.150304262338631
-0.419281351258443 0.114311943522326 0.137851202904269 -0.0318825883585973
-0.522711488620077 -0.249853567674737 0.0227055814534915 -0.0274108145614989
-0.125138623337943 -0.54593722731109 0.0480063293494282 -0.197513121815144
0.388452183779287 -0.425423739672607 0.201498507937646 -0.299403862615575
0.584777343815145 -0.198992028293963 0.482624561423778 -0.176134050342429
0.603047595844613 -0.244463488374598 0.11489063196616 -0.0883263547556209
0.410419989152913 -0.47559032381937 0.0266407924069688 -0.036606972935606
-0.0830846938873324 -0.588572492222894 0.108923877082639 0.0309219976649251
-0.536982277027434 -0.320777391540213 0.121783771207559 0.00374382236023738
-0.514039554282825 0.0784577025010742 0.0970622717754004 -0.0278624964124857
-0.340644653930669 0.300406864989396 0.08623319367147 -0.075990686106487
-0.135925163039607 0.444460060295352 0.0599458813355736 -0.0726305581843255
-0.0467751352793535 0.454202256923543 0.0635552140816847 -0.0701302175446753
-0.0957917969587377 0.466342978590076 0.054901686592335 -0.0628467339756311
-0.32935527618159 0.36716998323755 0.0730074402993314 -0.0238612277253523
-0.49499325415823 0.141537150394888 0.0437110686397692 0.0367999122471323
-0.627293706533547 -0.266666863332621 -0.0459663561591434 -0.00621978535815234
-0.197780904923559 -0.631429541942099 -0.000252023525771449 -0.185391083956559
0.413013821397601 -0.547569386869753 0.0920006007703988 -0.229189579903646
0.694509041889946 -0.298817209209754 0.222954001510224 -0.119235805331208
0.632515938314248 -0.289473623050767 -0.139115125212385 -0.0176003272587104
0.423230711161668 -0.552920047419732 -0.0938888877196474 0.0790178288216819
-0.114068513254339 -0.650268308706928 0.0999386104998771 0.0522558880676515
-0.588123202792191 -0.336127926399931 0.0805072845085589 -0.0215095042752067
-0.549677316322194 0.0782329034955908 -0.0203561493395952 -0.0139202543310924
-0.37104330006379 0.306470823523854 -0.0338636427878062 0.0299879781232231
-0.160869213069779 0.453637529854903 -0.00926760191120873 0.0907259805026177
-0.0627111301937421 0.456114506977829 0.0271991944842924 0.106059516965042
-0.107441115492102 0.457969930352946 0.0100497298056218 0.105288194922566
-0.334465633947724 0.353438228556633 -0.0088312960760489 0.109063854613452
-0.488278524470595 0.130321842715306 -0.0577068921701289 0.106524586619649
-0.609964746509804 -0.249806647200891 -0.11347812361372 0.0149297261379453
-0.21317703705301 -0.603664503590558 -0.0433064103472772 -0.15546681054668
0.377794437457618 -0.55568752780275 -0.00309165785162908 -0.128810695269974
0.684250451060953 -0.337604070222137 -0.0364092345973521 -0.0301778699709735
0.559646458095159 -0.294093838414917 -0.403089041248712 0.0549768224241794
0.359936839758092 -0.528902137887534 -0.230826615512795 0.198549108995055
-0.122030596283595 -0.589378587451893 0.0617496514242168 0.0799930634882528
-0.522001827700989 -0.287531430974474 0.0196500025689708 -0.033326494959472
-0.480665404589194 0.0667088055206933 -0.137499382132014 0.00965262574767453
-0.332083104460862 0.260488636037472 -0.150692505690304 0.138012654799311
-0.154636917983855 0.390183787728517 -0.0799754569643439 0.244666152082663
-0.0696983920228625 0.38783741511029 -0.0135830979519355 0.26623623836673
-0.107917623371519 0.380830222071464 -0.0385481882240091 0.252771150517557
-0.292773007214713 0.27853059544661 -0.0891792828693743 0.217141157402714
-0.402841865596683 0.0839757509750679 -0.151196444162181 0.150184202708946
-0.473151628243539 -0.212242701145092 -0.162972184420368 0.0178583636840634
-0.163759830436739 -0.474517250682125 -0.0697760429217279 -0.123893314053087
0.299484849476595 -0.45187959018426 -0.0631988865785249 -0.0323377822769686
0.573528528324875 -0.310763081785913 -0.254178886376003 0.0619765396454382
0.388134709295876 -0.250849013337018 -0.629514899475351 0.116746275295909
0.227538200879859 -0.398201731655021 -0.352852415776785 0.295757094435581
-0.10581552796333 -0.40416507801609 0.00490299931354147 0.108312174286321
-0.350231916362619 -0.178360443994038 -0.0394616777872661 -0.0257569154172719
-0.316110166678553 0.0367212181213246 -0.220701221426461 0.0364180340964685
-0.233613928201251 0.166255055014745 -0.237518994033253 0.224118834364651
-0.123083261138079 0.263175021181526 -0.134388605609659 0.361633603245739
-0.0652197001087382 0.262204362746321 -0.0531078315186219 0.386073852243388
-0.0949540942332791 0.251003578633716 -0.0852719776265862 0.357720394392927
-0.215017301159174 0.167478656900749 -0.161371266248187 0.281093766787001
-0.26605802464569 0.0242654412571001 -0.224227140060491 0.154195795827214
-0.274979616379314 -0.15091717910131 -0.186264146656966 -0.00214078075727465
-0.0878178544232324 -0.288913837826648 -0.0775014309065384 -0.100121412067832
0.189817231607598 -0.28875296721331 -0.0906169516668471 0.0369464884502115
0.38743804737529 -0.23826453249132 -0.40305939078817 0.136003425586755
0.14653677232562 -0.163272312834471 -0.775097300522373 0.158670756092228
0.0524934793995865 -0.195423253001754 -0.43277037524746 0.362554809316803
-0.075152318256421 -0.149049558865803 -0.0457117452975854 0.14130062755621
-0.121561045865283 -0.0396413200894563 -0.0752313158044052 -0.000369964547804856
-0.102325933873604 -0.00139547268567847 -0.251308498282672 0.0588623661707697
-0.0994576919215361 0.0426869568435852 -0.275598600272893 0.274714689053888
-0.0731630780127385 0.0912172016828356 -0.162842731682341 0.423288609271331
-0.0502480151142006 0.0946938831526856 -0.0838199797682755 0.448353902214616
-0.0661037293055992 0.0909760335119411 -0.125336420485266 0.407156921903919
-0.109564268737641 0.0461449991153237 -0.219077675115101 0.294932576507343
-0.107831041074261 -0.0197372734512468 -0.2701245613753 0.122666788723948
-0.075836992113389 -0.0645540631136536 -0.184705977114109 -0.0364868297115381
-0.0288713037050847 -0.0939340242773212 -0.0731368342701106 -0.0799905604710119
0.0551151520079932 -0.121571119294061 -0.094045337056977 0.0787213798656703
0.157742743606743 -0.146137149645751 -0.473262061438253 0.18588386809677
0.0984660838951762 0.0288470314110382 0.46146035331942 -0.237913421347196
0.0973157558500034 -0.0243698821557288 0.126641989427046 -0.200106852851653
0.00932928598613223 -0.090038418540475 0.0392653189172251 0.0523419119421724
-0.0952655635999558 -0.0482871919102061 0.143500157184519 0.0755627371757829
-0.0735378602481649 0.0426225029467906 0.280531794346201 -0.0524062713288303
-0.0203060777989033 0.0745530210325136 0.266913674649776 -0.267361780424477
0.024877080852172 0.0850732439928051 0.149062969384096 -0.393032164311288
0.0300572885586454 0.0873220039207343 0.0925874949732364 -0.434174055669512
0.0155986054909958 0.0951976767710534 0.135718688296312 -0.417898564233669
-0.0397940226920908 0.083715457638546 0.230531176810412 -0.297840439115228
-0.0870918933234132 0.0403654933534674 0.239951673398514 -0.113645683814163
-0.117409227931219 -0.0679702017057216 0.109404993917942 -0.0419165362168493
0.0172443231867299 -0.120689982605426 0.100555019412486 -0.151447968199286
0.116529988004118 -0.0119197046103355 0.356616658113651 -0.293677043083621
0.0819585430617537 0.0612649542275686 0.797588809032754 -0.158049831252439
0.298901402473773 -0.0722528849072022 0.423789624871912 -0.202517257181694
0.218241088767228 -0.177514243447993 0.133756356623971 -0.177347681096725
-0.0181973379666632 -0.262683016834556 0.0634454956295914 0.0297532463611583
-0.253898934611928 -0.146590819564424 0.137334394098124 0.0573850844209379
-0.238004289091179 0.0610964025436883 0.246705904072096 -0.0383426031077102
-0.138426526757367 0.170937351177176 0.240721622424309 -0.226083094416347
-0.0284000428097377 0.239292965523523 0.144690351701392 -0.330604121075774
0.0053086922689002 0.249344231715883 0.0970398164734794 -0.362008714558857
-0.0310311953993359 0.264560944648759 0.121031615849329 -0.347113120514921
-0.173271872107263 0.211194776285068 0.20273932018283 -0.245522957037827
-0.270642497480039 0.0753545383195645 0.204642714942251 -0.0838700141054343
-0.33346464310044 -0.177548170634721 0.0748678586507004 -0.0373594990196296
-0.0416264921125444 -0.354536268856214 0.0811658024940405 -0.183881164181404
0.282242108736827 -0.228144099592507 0.292749177507004 -0.315560479621533
0.359792474212351 -0.0672594722022476 0.677576407029194 -0.189874370071218
0.471210077199581 -0.166624554225399 0.305881188767245 -0.152215059957586
0.326892670447283 -0.330404654964563 0.102986780859611 -0.12562571722994
-0.0482004831865379 -0.43092424137746 0.0902253252738007 0.021159327196184
-0.404738266149225 -0.238094178556187 0.134163478953425 0.0307790204989988
-0.390533547298484 0.0728371896572507 0.187230671577246 -0.0340031967133309
-0.249725635963871 0.249080353931808 0.178364764345099 -0.163327583231225
-0.0830765068788076 0.363473455110855 0.113200276424465 -0.220703800974737
-0.0188761912823914 0.375637631155658 0.085228906442357 -0.233863275970575
-0.0658496363076682 0.393005753689352 0.0924406217197608 -0.222819681765817
-0.270392236745812 0.313596811835903 0.145398676507485 -0.149871914084068
-0.412104180655526 0.116472097067329 0.136339831108696 -0.0335613805691006
-0.51770120901166 -0.239166978219075 0.0204946539568014 -0.0251810209196005
-0.12495497259731 -0.533026837150043 0.0425911117412398 -0.1981036014007
0.380119926348685 -0.423572624784342 0.194849730440337 -0.294186133448303
0.571002587243379 -0.198477044226869 0.470619964816985 -0.176464015288104
0.587524411877712 -0.243607156501677 0.1123199961524 -0.0901625841396967
0.399956383867657 -0.470086410165643 0.025758375959566 -0.0383792857989008
-0.0869062025154276 -0.571507777182917 0.107124047019445 0.0288996153917681
-0.529796636077053 -0.302050258109936 0.119272089501042 0.00104311806199609
-0.505173116024304 0.0851598036670197 0.0973089887581467 -0.0286345980605668
-0.331491556888331 0.299625960039061 0.0832799596104373 -0.0769023555401721
-0.127240064146514 0.437880991856896 0.0606381564221118 -0.0757809151757901
-0.0380882174471698 0.445019942847735 0.0617619644252338 -0.070759552792928
-0.0878250088107587 0.459611410048793 0.0541874478688707 -0.0640173066682936
-0.321993035198965 0.367449803143554 0.0719152853129729 -0.0250281021876463
-0.48582210651241 0.143893412973888 0.0447440533458476 0.0336403660774444
-0.620339796835122 -0.252438838019825 -0.0463906520237159 -0.00339541750470499
-0.197238776502739 -0.615957912499963 -0.00642692755060214 -0.185678241246093
0.402992157211618 -0.543700409227635 0.0873774974056385 -0.224216166544578
0.675857326309111 -0.29579184526998 0.21738607097207 -0.116803614768994
0.618463198856572 -0.289459814584923 -0.134995526371283 -0.0174877409445518
0.41050317292776 -0.547682959849719 -0.0910847730482695 0.0773167191324596
-0.119043831482998 -0.63442146147321 0.097878851419634 0.05080350330268
-0.582063674701228 -0.319357272087776 0.0803972194261654 -0.0232654181045782
-0.539113337785581 0.0874988235558352 -0.017769620859778 -0.0139124017086453
-0.360699715852342 0.306694883519989 -0.0334532867102464 0.0286096900052242
-0.151749190931275 0.446107633263312 -0.00602225525333964 0.0863326235672138
-0.0540885876625587 0.44567219889488 0.0288345699922422 0.102729495041481
-0.0989098569405482 0.45108049027421 0.0122284158423371 0.102679584706239
-0.32604573191161 0.353528912280093 -0.00718416339586891 0.10732688540106
-0.47870661896956 0.13361535829326 -0.0543417160812934 0.102735956603594
-0.602065097980278 -0.235795551726862 -0.112458381003844 0.0180233837406828
-0.21187664200062 -0.588028126941973 -0.0494042740661032 -0.155593996728434
0.368032880156745 -0.550268553366345 -0.00515031569131042 -0.125579007955971
0.668147374251775 -0.333372603840862 -0.035753379840817 -0.0265623398296787
0.545973908572775 -0.294902836310559 -0.391500549407211 0.0562135161095556
0.349085091294876 -0.523665232567785 -0.224741650456603 0.197046255763507
-0.128024495854976 -0.573596205004281 0.0606035754861159 0.0775814609954775
-0.515281203750146 -0.272617073752089 0.020611092702368 -0.0341348679622265
-0.47236772042337 0.0734451421273741 -0.132946497075523 0.0103364550586289
-0.323715700069724 0.261198682873083 -0.147578832842374 0.135811338353983
-0.147224069413275 0.385185218068522 -0.0730724306874195 0.238550030069545
-0.061291371442536 0.379376072953983 -0.00950242028458453 0.260168104801143
-0.099914386987955 0.374724939607759 -0.0340621499759958 0.248465409896382
-0.285360285386136 0.278009720337394 -0.0858349513171185 0.215213844240564
-0.394867570246709 0.0874617961189091 -0.14643058904978 0.146916149544684
-0.46799046392564 -0.200726908493539 -0.160645956107152 0.0221674368859474
-0.162759431908771 -0.461159257003436 -0.0745531662037802 -0.123980029944591
0.292920687109942 -0.446472564140089 -0.0647545133124276 -0.0309720301338716
0.558897256013462 -0.307257847271464 -0.248539535579776 0.0669504238850826
0.378811278085863 -0.251128316686936 -0.612292467476105 0.119055264615168
0.219153286083089 -0.393832434086034 -0.34299690751192 0.294609394545337
-0.108984908665412 -0.393990202550964 0.00576883036224857 0.105602691087782
-0.34542078346534 -0.167968565911169 -0.0371088486373919 -0.0259756739181319
-0.311993713525269 0.0414749292285717 -0.214908685144 0.0372678797171879
-0.228315857249895 0.168108353733972 -0.232262599080737 0.222767844577157
-0.117537266042893 0.260166872143876 -0.126367766286443 0.355961967696066
-0.0587922546159853 0.255427967523731 -0.0464756997294218 0.38001030537651
-0.0878755217833713 0.247303802147634 -0.0790291789345302 0.352373871638311
-0.210259025956954 0.168223164685379 -0.156099595723344 0.277949506602152
-0.26088845412323 0.027891818782436 -0.217989225214889 0.151716108646796
-0.271862475222407 -0.142553948033102 -0.183105268858143 0.000555318700743183
-0.0881315252062291 -0.281603519383456 -0.0800070497643599 -0.0986256373526221
0.184640541980309 -0.284803338153009 -0.0905138709012518 0.0374152485876244
0.375922160687093 -0.236368890434243 -0.394053102608238 0.14198136136721
0.143431269392171 -0.162356554391869 -0.756090051800397 0.162118054496803
0.0490260623496044 -0.193001375821183 -0.420966759837905 0.361578149166133
-0.0771176575963788 -0.144836521617385 -0.0439035373737649 0.138471730040452
-0.119606157252205 -0.0356574728092793 -0.0722626030577029 -0.000492861411209372
-0.101397243895986 0.000365316056290046 -0.245643397022211 0.0597417567345114
-0.0982071657298761 0.0441322371446125 -0.269041883890768 0.273060296492428
-0.0706315108510651 0.089999748569106 -0.154640453147157 0.418373752310947
-0.0471554099974702 0.0918650144534586 -0.07605426721952 0.44278104462642
-0.0621093346845108 0.0889734944406778 -0.117715704770426 0.403411949140169
-0.106408063064581 0.0473946989332364 -0.212591599290355 0.293925798783924
-0.105911420548948 -0.0169413389505811 -0.264271560664059 0.122402510119864
-0.075393220685637 -0.0606523841842176 -0.181614271055126 -0.0327126960809027
-0.0301052745643383 -0.0914989497583497 -0.0738829103085268 -0.0774714537610025
0.0528005633224046 -0.119679673533813 -0.09333188027238 0.0771897151329283
0.153700737865929 -0.144523230449754 -0.460915647100219 0.191759089616281
0.0939416656256307 -0.0142686174856124 0.321323067992776 -0.421021495434056
0.0766337035252856 -0.0611336347468859 0.0259101365454147 -0.24204230060371
-0.0269704198385912 -0.0880895042996732 0.0544564613198721 0.0281275465382822
-0.105987069798524 -0.00601342389717612 0.159353804984487 0.00769645717514644
-0.0524385102311005 0.0672499614878542 0.231766119544616 -0.169136953422889
0.0102221417032046 0.0753708557205356 0.124726516764615 -0.361026630952113
0.0590386553438986 0.0668080237296074 -0.0354076892924855 -0.422824990229861
0.0636354232911926 0.0718135236081539 -0.112576182651913 -0.436924514347411
0.0557266445993833 0.0812400054300417 -0.0662133978832114 -0.440508970696421
-0.00185416719696509 0.0946561923414276 0.0738606740073442 -0.373260411584323
-0.0647631002820684 0.0730953154059218 0.16510585863671 -0.210888865273718
-0.13461970960069 -0.0116287994689555 0.0802682356353555 -0.0949950879709665
-0.0329417063010286 -0.120753324524386 0.0285044629620392 -0.180951254074031
0.10820194209724 -0.0650775298123709 0.201266278241161 -0.415159082964031
0.110400118274099 0.017878320095033 0.656789961114467 -0.48164080907034
0.237235122114574 -0.187056551300145 0.305216459900747 -0.380336165472673
0.123197764983901 -0.247538322895463 0.0394023695950809 -0.228905500622925
-0.122031119794297 -0.23138438307497 0.0584253417289859 -0.00335146623504579
-0.286960738842489 -0.0251683362599929 0.136637780302965 -0.00323852174900326
-0.191738812383702 0.153708737290731 0.205640421918739 -0.135471468634439
-0.0560295941297231 0.214048327527468 0.119179452954282 -0.306786067984046
0.0764539629597347 0.228901603221033 -0.0120146925202596 -0.359047646591704
0.109445257119252 0.231388174687807 -0.0778939940912734 -0.37219991981319
0.0853452606895245 0.258230236154523 -0.0498659669323108 -0.370831639553616
-0.0697766840482789 0.271055027751189 0.0664033056144697 -0.315510323394233
-0.220675642380436 0.186362818228308 0.143576404015698 -0.177343006550929
-0.379925911165333 -0.015529914029867 0.050342571231994 -0.0928613920228591
-0.189229477734494 -0.314250658483246 0.00369241351164374 -0.206549730580851
0.165676236804548 -0.339393740805161 0.145668006654639 -0.397517523972247
0.309643394724396 -0.231151192501396 0.538204192517275 -0.443260291207525
0.35928792904554 -0.341728799434098 0.21868655551125 -0.293644207243512
0.159333911692513 -0.430487029096208 0.0302245564494851 -0.171518786212384
-0.21888111642183 -0.371596077481629 0.0705381671812913 -0.0237159686802808
-0.458134016361051 -0.0411431763656061 0.113956016257932 -0.0240216567933513
-0.32333125700536 0.22969685421984 0.153170847019256 -0.0994084604982623
-0.123146896339654 0.333029434095736 0.0899397770254005 -0.218607056361235
0.0791793577990156 0.364988814007643 0.00843974424212533 -0.241457991827635
0.14008988635232 0.357285788679718 -0.0310717036463824 -0.249843737866433
0.108677654555254 0.391542644506946 -0.0223839143510372 -0.244397804381618
-0.115636196180119 0.408469053329445 0.0530274422167027 -0.203407553083659
-0.335155351508279 0.286423717562626 0.100568537383958 -0.109005324757999
-0.574530991140854 0.0123111387637108 0.0039182349885312 -0.0716173593367789
-0.34349656679339 -0.445214345142507 -0.0324256791641758 -0.206685483482914
0.169405463116766 -0.564352336145591 0.0748189171923857 -0.33196566321155
0.443691273445867 -0.449523868629411 0.361199170626795 -0.328766357465916
0.436643727155972 -0.458451396193209 0.0685009249266584 -0.159411157324013
0.168840938958982 -0.586259797913378 -0.004601162030232 -0.0605568612193967
-0.311408782852985 -0.483645678094228 0.0815719264534228 -0.0242476977735846
-0.59713258315496 -0.0451966685071945 0.0816475318492718 -0.0423595094000979
-0.420115412137742 0.289529219037218 0.0731359264594101 -0.050395897224888
-0.17457577166233 0.414309282312442 0.0412787357319417 -0.0949941327839781
0.0707283884700657 0.45048925365763 0.0251891446880738 -0.0823971992356948
0.151004261099577 0.428043872856666 0.0207301420944702 -0.0897751030457199
0.116727182555271 0.460525094683249 0.0136235057481064 -0.082298009033723
-0.140669340975539 0.479531531121435 0.0403537384172614 -0.0557854713498522
-0.391904079056388 0.346256580379887 0.0453265097470522 -0.0109934855110708
-0.674244108464728 0.0454989402842585 -0.0500658362216198 -0.0287200500683386
-0.447649325155421 -0.490507797787038 -0.0696763678193578 -0.178198286067723
0.136177941265039 -0.683762455085008 0.0116767313512782 -0.220436463605347
0.493057734168411 -0.588557186556989 0.1596439650908 -0.156891110055921
0.451899581726827 -0.509566120302742 -0.126426185367855 0.0105225775705916
0.150673029669556 -0.661762983233811 -0.0618140513623192 0.0960712469294814
-0.3663732183505 -0.527194239498587 0.0795316181063136 -0.000581370764360593
-0.648900147862994 -0.0370690959037726 0.0331795236062516 -0.0467479011427359
-0.450204570849409 0.309316559525673 -0.0250180434040642 0.0159074563030048
-0.196073218537407 0.435513342961706 -0.0183458777379233 0.0533905642800809
0.0526737947642399 0.47055217654216 0.0354748771540845 0.0957605520886103
0.139265590991932 0.434994829054191 0.0688934871488876 0.0826792769261707
0.103265502214678 0.458398495819682 0.0505663937441371 0.0881861595745853
-0.149009129739211 0.469248085410168 0.0280518240215503 0.0999478319519208
-0.38964898777855 0.334371245539154 -0.0136976354927986 0.0951503902177044
-0.651731937899822 0.054280924620933 -0.100257504435851 0.0210176944141121
-0.448557270116151 -0.457350571677215 -0.0959025742539614 -0.133040000869689
0.0993535596511424 -0.672384792606135 -0.0302741452880747 -0.0927947137674234
0.468924866338503 -0.617582983601542 -0.0304863009967742 0.0351563643393618
0.388019744973157 -0.485712751049759 -0.331277283289444 0.190369565411678
0.105946863371633 -0.61622740577591 -0.129765576806005 0.266410656493853
-0.350317406141661 -0.469340036981631 0.0598618656047668 0.0416151821707978
-0.570775551087048 -0.0231971427520344 -0.0218952500839077 -0.0317142828004988
-0.392878293899798 0.267518274877069 -0.118433061448653 0.0863067679111969
-0.180984520872159 0.379009710014848 -0.0746572799048109 0.200533013516966
0.030990457487171 0.411959140488595 0.0419064556741944 0.263479638566448
0.104009346268834 0.375238169374656 0.106951092976799 0.243136806229504
0.0689533395670393 0.389263401519014 0.0752896462136584 0.241114752392301
-0.143438789687031 0.382870274390978 0.00691989150192982 0.232949895279687
-0.330938523834203 0.25538246528799 -0.0746664928022706 0.178710207414827
-0.514987801237427 0.0276418304655916 -0.139978175313898 0.0545762698753087
-0.350735351262405 -0.360259234657842 -0.108944538885411 -0.089474317738954
0.074215514130353 -0.542280272579692 -0.0498023231782434 0.0148283799487961
0.377079136086629 -0.543036272216772 -0.18555836599081 0.206444502680247
0.256109921564547 -0.375197926544271 -0.508339212462423 0.348802938577425
0.044265773051695 -0.446875388893027 -0.19150658500561 0.412209620699663
-0.259801578531346 -0.312981647909733 0.0316845408882841 0.0926743616065048
-0.376163890391424 -0.00232705146413272 -0.0622373188129514 -0.00231319336338235
-0.260727013766593 0.172065505940911 -0.180409733551454 0.141715004747178
-0.134357240777106 0.252916152321579 -0.112681038316096 0.314295312359174
0.00387411023319809 0.285813667420609 0.0450120237172057 0.390301518363055
0.0540570338142924 0.258233191735181 0.128153006717251 0.368096945442507
0.0241045644622485 0.265656306077626 0.0837326539103007 0.357018789005746
-0.120737742552752 0.247751578654854 -0.0245868301346734 0.322402038314826
-0.231355307609409 0.14164414905726 -0.135049371510495 0.220771839773067
-0.310951674906558 -0.00639316599158191 -0.165250473134021 0.0598341908959292
-0.203877013667255 -0.224733361183672 -0.108117971816654 -0.0594770272130799
0.0443840894147143 -0.343353149783774 -0.0528819306251454 0.0820484072735689
0.239264489805992 -0.392601562418662 -0.288038561109077 0.327024554089082
0.0773948538106514 -0.199522199167226 -0.623669958657616 0.458651689248536
-0.0261594962068979 -0.19635360129594 -0.227228630179795 0.51320117561858
-0.128108987741823 -0.0988692274930649 0.0116810627266558 0.146255854188496
-0.119824502690399 0.0200924913381716 -0.0700385068095127 0.0328121374517982
-0.0881195104372866 0.0460359370305228 -0.197183458460404 0.166923891830975
-0.0670376289840348 0.0842719237052974 -0.124158137579072 0.371883565827084
-0.026222042957593 0.111694967376917 0.0458641019105673 0.454483471516325
-0.00369556375113334 0.10156030625567 0.131367969771989 0.436960835675841
-0.0192034281918808 0.108215014957976 0.073996020141559 0.420380221074548
-0.0765358661772611 0.0913045366227064 -0.0641268695267505 0.362171115735557
-0.105540845075125 0.0328935314292573 -0.185724498405853 0.222726521025992
-0.0965642417930764 -0.0200226600454139 -0.176907053907451 0.0432212512392056
-0.0687116755598516 -0.0724177155319081 -0.0977342100586387 -0.0385659307364447
-0.00559392371026058 -0.132809673906703 -0.0476460243604546 0.112974705928964
0.0735097977671466 -0.204925004817473 -0.329828411286527 0.387331333675479
0.0969225471754275 -0.0163111133432266 0.312207746273201 -0.442131401526237
0.0789119693761417 -0.0658142970335542 0.0172532657272199 -0.250224031305011
-0.0296976825285073 -0.0913505299218982 0.058329889544421 0.0268984834146049
-0.108956001882067 -0.00370311929573293 0.164037401049158 0.00360001999161859
-0.0514885278572544 0.0715103643540089 0.232071007946765 -0.182984911134815
0.0131802163273242 0.0764260999008962 0.114987814842256 -0.376594302542185
0.0637727319645462 0.0667806776976164 -0.0521705698627172 -0.433966070875166
0.0682780547287053 0.0714113603119802 -0.133592959887439 -0.44457806125289
0.0602219443315894 0.0825833667119414 -0.0853244990469801 -0.45135338808224
0.00140815938075019 0.0978265046356986 0.0619950978771917 -0.388222397078998
-0.064877213357459 0.0764345120457611 0.162219362297704 -0.221647287026484
-0.13919221999533 -0.0078469210576047 0.0779182527610616 -0.0989853208060237
-0.0367882407257241 -0.122741222110295 0.0221765443189785 -0.187094014624159
0.108748684825536 -0.0706174121176824 0.194190441830953 -0.432385341946664
0.113134043576248 0.0166688426030066 0.655565118593256 -0.520322963353586
0.236810533506145 -0.19851193581729 0.296604268196671 -0.403207020036287
0.120505254759258 -0.258325875790642 0.0304301032356708 -0.236957910423395
-0.132216022649324 -0.232949976768699 0.061218210958948 -0.00491637363792098
-0.294092539048655 -0.0143645624564352 0.140427712903389 -0.00800417378414408
-0.190795001566321 0.165763421013129 0.208162215693741 -0.14780308946166
-0.0503700195477816 0.221286659602917 0.110940483315539 -0.321045928820862
0.0874229140745044 0.232099376205223 -0.0266060642074602 -0.369801887674138
0.120996915508985 0.232489772727268 -0.0954367797296921 -0.379532928864581
0.0983668095747494 0.26315382322754 -0.0658290881309717 -0.380916099212268
-0.0624338819694002 0.282956637630705 0.0570559665136263 -0.327243289351472
-0.221250982460317 0.199422269552519 0.141724717970456 -0.188217280363761
-0.390907193283313 -0.000892930211804151 0.0479864762791352 -0.0955518156064298
-0.203180708327149 -0.315794576153528 -0.00665494564075932 -0.21217198844065
0.15890550062794 -0.355667363485271 0.138825903585274 -0.413740199428149
0.308947254085265 -0.243599821190324 0.536708431256208 -0.473915267306497
0.35533137563275 -0.362775655748374 0.212551381680855 -0.310965657389282
0.15060144347538 -0.447182866150761 0.0235548790314222 -0.17785239431083
-0.235572067177839 -0.370546070645156 0.0730849904935711 -0.0266623011161664
-0.469280631107146 -0.0235484933288229 0.117083912120691 -0.0292108691013869
-0.321831189211657 0.249045508398411 0.156370441732296 -0.109421319244343
-0.11530958217221 0.34635824356379 0.0838226291031196 -0.228788684457673
0.0958470200833943 0.371481021437876 -0.00159441216367687 -0.250928495956615
0.157045957688504 0.359730329306427 -0.0431022873385788 -0.256163583005942
0.128350021281289 0.397968019379133 -0.0328340818920188 -0.251458206685389
-0.104008188341715 0.426736540284822 0.0475991198730651 -0.211434525068272
-0.334932391994396 0.307511317656202 0.0989652093351489 -0.117277570295683
-0.589438902090039 0.0368805852479951 0.00155692424727196 -0.0717869028204921
-0.366466860524791 -0.443727320654926 -0.0462185224060891 -0.211506588734454
0.154183996801568 -0.585287029915066 0.0678123467921938 -0.342774104523229
0.439665476577041 -0.472443659725246 0.359113166520353 -0.348170762549757
0.430692352615056 -0.484396293730828 0.0645837066589269 -0.169158643023468
0.154674359729961 -0.606520951811489 -0.00756949027888124 -0.0628254981595279
-0.334202943750643 -0.481239329963148 0.0845564876910583 -0.0274014594511423
-0.610814000158429 -0.0218000533042613 0.083942110259245 -0.0480428437164834
-0.418569127001397 0.316126248972328 0.0765482861575936 -0.0574164153571979
-0.165560728347745 0.434032206649935 0.0374581326404341 -0.0997741323201237
0.0911263843460954 0.459644806303645 0.0208700058186739 -0.0889966109546429
0.171124758041944 0.430658389932198 0.0171058494730955 -0.0936799875553808
0.139963336298514 0.470498191904955 0.010474765457289 -0.0867332005993093
-0.125741030381963 0.50230693717698 0.0405193566392804 -0.0598545443484132
-0.391024433778707 0.369179666049213 0.0450394043291548 -0.015224056359091
-0.692687736356357 0.0761507665943388 -0.0509826298531698 -0.0257477440895103
-0.473964310909744 -0.488175299854367 -0.0838550674474047 -0.180031445885854
0.115278500709028 -0.707035358798181 0.00614712911832199 -0.226013842389699
0.48662665652799 -0.615267769041133 0.160199959116413 -0.164132912431152
0.443745051364492 -0.538900441927696 -0.126946022802397 0.0109451550296891
0.131994755351179 -0.685755270749353 -0.060899952450137 0.100128324289709
-0.393564506969724 -0.522342025974865 0.0839244229232569 -0.00293923507327958
-0.664389361037329 -0.0120119652677736 0.0345936210177216 -0.0511434191696561
-0.44847757514022 0.336684134810095 -0.0216320946958486 0.0134552111958327
-0.187418689192702 0.456148348517527 -0.018388343967211 0.0553253368360778
0.0724632859216626 0.480237100381618 0.0389058273485711 0.0938050326437335
0.158244280372368 0.437353277356996 0.074236067126386 0.0817220323176196
0.123917866853445 0.466674930290737 0.0547631968350604 0.0874446305611592
-0.136597176691935 0.489267159079362 0.0337416920652463 0.101174961322137
-0.387803308778014 0.359756999171611 -0.0117158483237179 0.0954715086446876
-0.666651754572888 0.0844842113726454 -0.101098181744264 0.027256144089689
-0.475331658800778 -0.454049650374145 -0.109732165779241 -0.131587760443116
0.0795185700788499 -0.694684255325197 -0.0341025418571915 -0.0938646655335506
0.458617054082841 -0.646595264110315 -0.0272425741283688 0.0406986492813612
0.378796946248807 -0.510410984834527 -0.329752743480071 0.202435511440245
0.0884602785123327 -0.637735661577025 -0.123384862738785 0.277097087092487
-0.375174024516664 -0.46681775778749 0.0648082149909287 0.0408611290865764
-0.586678967786495 0.00157226310192302 -0.0219246003749863 -0.0343874069207305
-0.393372902587371 0.292723725524112 -0.115421019745508 0.0902261641749861
-0.173188705031531 0.398073995563981 -0.0706047747006579 0.209537484691873
0.0473023761152257 0.422314435299165 0.0512561760978003 0.266949365542195
0.120974221225783 0.377794520636937 0.118788997065047 0.245028457725071
0.0871191602898826 0.394874322142823 0.0867948575090408 0.244204416867652
-0.132676999056762 0.401013663467257 0.0171691763410251 0.239396842960695
-0.330032920657931 0.275925239080772 -0.0713392921688162 0.184151339895347
-0.525634983293824 0.051454369203481 -0.139647624975433 0.0624335214230385
-0.370187173609528 -0.357811760535197 -0.120230912011929 -0.0867453479450654
0.056988203456298 -0.559319670701708 -0.051019179488827 0.0171873061365273
0.368418926444509 -0.567369847134811 -0.179115652553863 0.221748672130199
0.248120534558611 -0.394929143543217 -0.506999825077512 0.373157562729047
0.029369067083969 -0.460054711147351 -0.181016735811959 0.430081135235078
-0.278248405287243 -0.308374129757487 0.0363948609217701 0.0946932118908724
-0.385354481890739 0.0144576203248383 -0.062455485335777 -0.00249841817827918
-0.26132853730547 0.188330085766709 -0.178432510871894 0.149873068353041
-0.127951974914432 0.266966498435655 -0.106000646243512 0.327706731488459
0.0153629531799684 0.293308829174759 0.0610792415807906 0.397639753164193
0.0649775528085504 0.260071661924924 0.14744700016687 0.37252712730276
0.036097548505518 0.270013255526211 0.100099735414164 0.363658817981287
-0.113702154805137 0.259961053515601 -0.0124621641661236 0.332676531639593
-0.231624975690972 0.155282572097513 -0.131091428940299 0.229937482203164
-0.318412891364546 0.00726452117782118 -0.166291393150256 0.0682036911753119
-0.217149058336889 -0.222564968722918 -0.115764122991119 -0.0562152365461421
0.0334856206151314 -0.354614063269414 -0.0524952595061668 0.0860709645613172
0.231532786464566 -0.408753873857657 -0.279389539374051 0.34927959682906
0.0724040620665808 -0.207902899414076 -0.619506240245188 0.489241048414867
-0.0346980499444168 -0.200564031455462 -0.21346898287228 0.535660569495544
-0.13565921743748 -0.0953274167314173 0.0168286510458352 0.15001031675097
-0.120731027701906 0.0270276207032966 -0.0703837542628387 0.0345158725890644
-0.089507866202934 0.051409156040961 -0.196392543865373 0.177755038235488
-0.0655976755640242 0.0903578378750381 -0.115080880978409 0.387474888813449
-0.022285497652998 0.115709598344792 0.0642929854885844 0.465518789163394
-0.000579090367949224 0.102428661997213 0.15399449773439 0.444350527630372
-0.0152139012202645 0.109570041070699 0.0917989097955025 0.429419066938534
-0.0742440117054687 0.0970082629964543 -0.0517721663360379 0.376011434134125
-0.105544844830154 0.0388407250373945 -0.183800507752618 0.234033222504407
-0.0983605474418619 -0.0150220972478592 -0.178803125634298 0.0519134190811654
-0.0741443375426886 -0.0705562584945838 -0.102548803528496 -0.0353670230549592
-0.0107597333003175 -0.135951226078033 -0.047004197711975 0.117729877749824
0.0676335286618857 -0.213866620914306 -0.321888796588316 0.412930846505568
0.097525131829995 -0.0211850748536236 0.284505055648532 -0.467720997710774
0.0781510417619928 -0.0727026470661991 0.00087101026674701 -0.254778084399372
-0.0355952170904957 -0.0920405606898888 0.0623293363996148 0.0227506743366184
-0.110891960864534 0.00205310603448688 0.167635741930256 -0.00660459643935371
-0.0470148254151295 0.0759517374432355 0.225327647242602 -0.202315276573348
0.0177875289281227 0.0764684908397246 0.0933282912777072 -0.391966734990265
0.069448325503578 0.0637902804823511 -0.0806242236896284 -0.438719216102325
0.0747872389235692 0.0682938727997261 -0.166021540814905 -0.442049112713686
0.0667574338370255 0.0814704971320626 -0.117272484746194 -0.453331637725387
0.0069799505002839 0.0999730913416083 0.0379602498298074 -0.398244915257202
-0.0623505117444175 0.0808558308584936 0.152750184656534 -0.234164922604337
-0.142358455135357 0.00108519860689282 0.0717643895829493 -0.10407643354481
-0.0434485735628648 -0.122352162767023 0.00991851080729145 -0.190723879705803
0.106011967547227 -0.0781638213247701 0.173345585648306 -0.452517522673352
0.115236969504863 0.0123399247907682 0.629507731608806 -0.567791466504578
0.226462161193189 -0.213954465975355 0.271342281747285 -0.427066012202607
0.108244032904717 -0.269211298854475 0.0143880972564723 -0.242260548600125
-0.146723423937586 -0.227294790151178 0.0640090907705326 -0.00896241446423227
-0.297513012523847 0.0040397107406871 0.142762581531068 -0.0174269785810766
-0.181846973348858 0.181220583859777 0.20349509952517 -0.16558122080896
-0.0371067207363138 0.228052027223892 0.0920636892145377 -0.335177173058277
0.104099339880632 0.230500543043572 -0.0516491001329294 -0.375936699415117
0.138682436287364 0.227486472759232 -0.123231193017309 -0.379307872101086
0.118200723801304 0.261175203401706 -0.0930232002178094 -0.383219531840629
-0.0448890913877201 0.293525142760641 0.0370361101171769 -0.337288308570389
-0.213611273360818 0.215948284230579 0.132189675334245 -0.200571978956863
-0.396553593297592 0.0252250447693016 0.0424458283094399 -0.0979252046165545
-0.224027742679014 -0.309162625595958 -0.0231382943764498 -0.214267024469078
0.139550171133951 -0.370892183414185 0.117516197035787 -0.428863765474179
0.297621393219219 -0.26247953107362 0.513218496057777 -0.510925653214273
0.335632656578755 -0.385762333068082 0.19441748004529 -0.33079083033106
0.126854702628784 -0.46170713291007 0.0112808859038856 -0.181604208311673
-0.259566332751367 -0.358696176771389 0.0749547542769579 -0.0318390591367773
-0.473357259835825 0.00760389435203425 0.118208871291629 -0.0384698859787655
-0.308793185397338 0.274335598945495 0.154301966040591 -0.125080043171471
-0.095516354083921 0.360153582435652 0.0697048693447374 -0.238492338560597
0.121928965396865 0.370641561241142 -0.019117818730964 -0.256362849994747
0.182592754363898 0.352665991273714 -0.0612334814446591 -0.25680812971497
0.158312031578527 0.395446353995859 -0.0510095935859609 -0.254096803820837
-0.0772055954486599 0.443344429046381 0.0354141675035095 -0.21892960774881
-0.322194027492801 0.333183979658605 0.0925590735096335 -0.126313123170616
-0.595574709784536 0.0758510707481873 -0.00188931058520964 -0.0702314283816439
-0.398116966521739 -0.429955605075395 -0.0642414460579831 -0.209534237971507
0.121059255175298 -0.603065762314476 0.0490213361400792 -0.353027687056464
0.415094061366469 -0.500549474639277 0.343782344129065 -0.374848165631136
0.402681242308323 -0.514477289051172 0.0555364433555205 -0.179238594512813
0.121172023602748 -0.624281585165489 -0.0121984991668182 -0.0635865154451635
-0.367257561673489 -0.462518187408306 0.0872599463505946 -0.0326263915022301
-0.617428641350365 0.020401310795546 0.0845345100386406 -0.0563673292585674
-0.401495006962695 0.348863383472706 0.0774864404040439 -0.0680285893831492
-0.140744490718589 0.451466506019123 0.0309610832653999 -0.104279110378383
0.123220828085797 0.460749566821742 0.0135207427386557 -0.0937088678638364
0.202106338205281 0.423114864646904 0.0106802795567953 -0.0966682792465773
0.173675864690553 0.465843167017731 0.00437997706791566 -0.0892833635572057
-0.0954874891301877 0.521011963642679 0.0379217448062273 -0.0639571487011816
-0.374188878191953 0.401685682915417 0.043149204417442 -0.0206839542776257
-0.695752859004054 0.124487512050114 -0.0525521730355315 -0.0205941739021442
-0.508048234028509 -0.466849802595524 -0.102029854047229 -0.175291327784144
0.0748420026551609 -0.725451819926109 -0.00646327371067903 -0.229725405102593
0.454631319468826 -0.647779082418158 0.155009535077823 -0.175126791933542
0.414117465894708 -0.571181901498529 -0.126315639551372 0.0142221785261445
0.0925316332452748 -0.701725567451526 -0.0550863747618888 0.104779011143157
-0.42866858280631 -0.500351098854291 0.0875456033804067 -0.0083402755480434
-0.671150571505602 0.0336061230811452 0.0341874258321083 -0.0568350434144037
-0.432510724647292 0.373484210190539 -0.0178650134512937 0.00976775632989094
-0.161849900079854 0.476021521644171 -0.0169422453807345 0.0570518844744289
0.105434639208099 0.482915897512635 0.0440841775571429 0.0905812019963028
0.18810409023815 0.43033939499132 0.0806479605503027 0.0773790073865537
0.158520515347703 0.46374240442324 0.0609736583457433 0.0849216843633781
-0.10456178552139 0.51064415561719 0.0414582443288698 0.0998851445734716
-0.371116828153596 0.3895939685721 -0.00812735160788671 0.0953528446290097
-0.667837253363889 0.131446900642084 -0.0991706477879153 0.0352279367546034
-0.507975906969832 -0.431543724639725 -0.125341462965423 -0.124832497982729
0.0380033068546013 -0.708721810160057 -0.0400555710502058 -0.0935156869299602
0.42538887307574 -0.678304762860653 -0.0211948589145509 0.0447235095125061
0.352156500330853 -0.540405455388275 -0.318788380230313 0.220017278614225
0.0509360526548064 -0.651585573869657 -0.107634787135397 0.288233746632242
-0.408500318726682 -0.445763213593953 0.0702987238319521 0.0376268869986783
-0.591488511425629 0.0426009033716198 -0.0223274603980151 -0.0363142951635286
-0.379198438398825 0.323151413269379 -0.108680753369685 0.0940946349622491
-0.149974231034582 0.417666357005775 -0.0598356540975682 0.21768977670539
0.0758748751577983 0.424875869231181 0.068358583255 0.265347585784884
0.145718632724609 0.371865333449954 0.138000065243221 0.240141843588511
0.115431319228338 0.392591848113738 0.103556291926198 0.242214954616903
-0.108110304902061 0.418277213749057 0.0336466518059041 0.240855292797995
-0.317057655981242 0.300857728744131 -0.0634608254100363 0.189121911544899
-0.528316707426401 0.0898443646531682 -0.136106215981993 0.0728533697936921
-0.397118460194784 -0.338432650869406 -0.131773597124863 -0.0788361160670057
0.0248755958912322 -0.569984890798523 -0.0512323814354608 0.0201017966363148
0.336785778687333 -0.592816538147331 -0.162045412365041 0.23786856524269
0.225867574101678 -0.41651287945748 -0.486785970877479 0.401944788864169
0.00147952352362687 -0.469403458406043 -0.156263007959115 0.447646491724268
-0.300670057522464 -0.292754425528674 0.0429766514795224 0.0937151747045328
-0.3879687111664 0.0415982141401891 -0.0622953899843614 -0.00155350689680089
-0.253508919332941 0.209605199222863 -0.170212389245633 0.160056815594404
-0.112894529311061 0.281642179215443 -0.0871259424547743 0.341179830453638
0.0346946335774501 0.296860552926923 0.087266724540024 0.398747368893928
0.0818922791243826 0.257138244445157 0.174676375600965 0.366884926026566
0.0559522152618597 0.269020322683786 0.125366297006298 0.362074898975459
-0.0975428814836703 0.27299619695918 0.00961080265751668 0.338201738655379
-0.223666093163669 0.173872537317892 -0.119866787577482 0.240225349250819
-0.320514844337938 0.0311841446567345 -0.161839357089298 0.0799599639778164
-0.234499210418552 -0.210838494714307 -0.124055076829538 -0.0491209509546267
0.0126449093451187 -0.360641813221585 -0.0495741640715013 0.0908149556362336
0.208677024090695 -0.42706033100608 -0.255652782292644 0.373918948757517
0.0596906472113992 -0.216269032244593 -0.595329872922304 0.529576700898469
-0.048036620820894 -0.202209663955196 -0.183085263349298 0.55521019962041
-0.143282547691419 -0.0856927088514118 0.026220526308969 0.151352498094474
-0.119715735125535 0.0369221781549528 -0.0685273810729663 0.0368008057149679
-0.0882229180226065 0.058908828144877 -0.187532771713659 0.191010047696772
-0.0602514847959721 0.0975052585557402 -0.0925929012527777 0.402209160346159
-0.0149008553194672 0.11875049959119 0.0970509114742038 0.467912987193252
0.00491216720178254 0.102241941749229 0.186622777925367 0.44018274671871
-0.00808514753901469 0.109560786104409 0.122628773383259 0.430192259377161
-0.0678967511904591 0.103318734650456 -0.0277994749691034 0.385943108293858
-0.10323777409243 0.0469867802096702 -0.17158944584468 0.249516663140431
-0.0992391503776611 -0.00665771347312858 -0.176178270522848 0.0627921843738357
-0.0810908538651865 -0.0651331077958563 -0.107115328441338 -0.0296024130518059
-0.0194038588286175 -0.136485390976281 -0.0422893869747065 0.122956168063777
0.0551184755124131 -0.221742174952823 -0.294978010273144 0.441179495466249
0.0947840721743414 -0.0258416798326147 0.245866683413064 -0.477731158200015
0.0741689470941258 -0.0772600033392339 -0.0179246149350617 -0.250531555974586
-0.0413351591948871 -0.089262120244451 0.0651524674578276 0.0175366641214806
-0.10996332916896 0.00829432130957974 0.165153729610295 -0.017601296878993
-0.0406058633334981 0.0782882146683483 0.208027940942555 -0.216482992167472
0.0227327457397451 0.0740942627136794 0.0638130424184136 -0.395020090877067
0.0735563033958566 0.0578331141651854 -0.110023825612858 -0.428134578098066
0.0790039515773867 0.0624676054887609 -0.19545834515272 -0.424216485816654
0.0721016281024816 0.0771103980794307 -0.148088312461398 -0.43833100152186
0.0131858224063062 0.0992017507088393 0.010366021934647 -0.396225790479552
-0.0576464133952722 0.0839938664527071 0.135462474780917 -0.240574979760044
-0.140549521014177 0.0106728121507202 0.0631167450789892 -0.10504834899263
-0.0495012752728803 -0.118160712494601 -0.003370794509859 -0.187226806674106
0.0993471451377032 -0.0836459993165145 0.142246548999821 -0.459635790265311
0.114614281182371 0.00737593182807338 0.577955350040894 -0.598742726802776
0.207215734741343 -0.222809527798855 0.236572545599922 -0.43879876076703
0.0907395061213113 -0.272332943496334 -0.0032974287960015 -0.238993208847387
-0.158796477663259 -0.213408761660447 0.0653871625663932 -0.01422303196943
-0.291853204024989 0.0244070482601935 0.140700597966644 -0.0275151177732733
-0.165810671034788 0.191074345293125 0.190876140724173 -0.180889308264744
-0.0227145696147384 0.228303811685364 0.0679733488191341 -0.337868227914214
0.119253172931735 0.219408554075419 -0.0776499575535206 -0.367725801657322
0.15263035753418 0.213985502696045 -0.148802884645326 -0.364612420459987
0.135819777432606 0.249635911483341 -0.119720380283131 -0.370660927241541
-0.0250975781889353 0.294976259327126 0.0135772337380124 -0.335773970627634
-0.197044803071193 0.227499557892847 0.117082408688456 -0.207097381054528
-0.388653078957859 0.0530007108100436 0.0353574974812947 -0.0977813946301672
-0.239653137428472 -0.290814144153031 -0.0391711645691364 -0.207564104742715
0.113652250517449 -0.373705399702861 0.0888797804195895 -0.430834345556268
0.276233961553927 -0.272957668809378 0.470480795210606 -0.538018381622737
0.302195501523555 -0.398595027822699 0.167487974247426 -0.340084961386215
0.0965131221107261 -0.462112733194609 -0.00166607760242966 -0.179551934334008
-0.276431648172846 -0.332656713378218 0.0759491381812912 -0.0374637867850526
-0.4642115025839 0.0396984738973749 0.115567864740763 -0.0480502899322495
-0.284332576584026 0.292970186260739 0.14513652866127 -0.139675998557945
-0.0701315543245441 0.363250120737382 0.0520229142124986 -0.241605759980699
0.146313214803279 0.356160411952123 -0.0373532295329538 -0.252565258553192
0.204432384354613 0.333916449591588 -0.0783947970102199 -0.24904815384565
0.184309848816009 0.378156913746641 -0.0694678503013886 -0.24692927800824
-0.0453389824827458 0.445331923350382 0.0204905972118517 -0.219772878422243
-0.29593762902212 0.351591341667686 0.0813762797155628 -0.132417816125508
-0.580289256358581 0.117864708378197 -0.0057996685093635 -0.067379602016216
-0.418952070979944 -0.397135099950005 -0.0814210750308191 -0.199640390602681
0.0807570855483104 -0.60408169496759 0.0265179876241551 -0.351935741855766
0.376546059313854 -0.514171123695061 0.314559134339753 -0.389828933330537
0.360523431148143 -0.529565600069061 0.0425573373874049 -0.18372892359941
0.0792062147298279 -0.62189849192226 -0.0169277119530912 -0.0614020027238013
-0.389453691350202 -0.426457177875039 0.087668562166913 -0.0396230059209567
-0.601738581823913 0.0642806016609462 0.0809559066960224 -0.064313122168487
-0.370702702821775 0.372955551818065 0.0736402043523367 -0.0795279294650448
-0.109064824480397 0.456659705157602 0.0222451441418984 -0.106030393698096
0.153376606506134 0.445672685221651 0.00534687420925528 -0.0946715847472375
0.226740127250409 0.40168588569116 0.00430630549968024 -0.0965125894841952
0.205065104731934 0.444895377059138 -0.00307107484275692 -0.0882642887122521
-0.0567465466951736 0.524347797281139 0.0340041848178002 -0.0676654387705876
-0.343293564739109 0.421674003784728 0.039167006666133 -0.0248376480561413
-0.67499330180699 0.172248439209106 -0.0511393460945807 -0.0154106708111145
-0.531238409813684 -0.427107350846215 -0.117074664318199 -0.163025961323925
0.0266188031714038 -0.7196154861848 -0.0211914595858505 -0.226944422568263
0.403765135343347 -0.661866027178395 0.144552315369252 -0.180891876801988
0.366547452648418 -0.587282247144133 -0.122183246473284 0.0164579853564231
0.0466011736048538 -0.697163348081848 -0.0469187965160017 0.106611814318207
-0.453488890696793 -0.460557393148822 0.0889433029046914 -0.0147831020418292
-0.653703724189892 0.0825094252593444 0.0320083206198543 -0.0623890769450625
-0.398160829861413 0.398408992748597 -0.0143320330327822 0.00314046252728294
-0.125972308565678 0.484596026040496 -0.0133704296549981 0.0570237260876202
0.138802199673606 0.467878008969073 0.0485266733843651 0.0853880870808001
0.213606712181572 0.407988988618585 0.0852353006984595 0.0704155493893977
0.189109626561292 0.443029246731237 0.0653263279707697 0.0793946002151993
-0.0669636627561559 0.512181798729157 0.0491581196613065 0.093947527115742
-0.340206037290464 0.411206936502767 -0.0037809927454476 0.0931174275533845
-0.646851847023123 0.178502906359344 -0.0929869072711022 0.042066612235819
-0.528914462930979 -0.390688219813996 -0.136181433202889 -0.111318935750956
-0.00696526702658747 -0.70163307657546 -0.04619833559353 -0.0897833034016269
0.373627062227552 -0.688977620031306 -0.0129384828124079 0.0460131422572654
0.307757357842246 -0.554341904603606 -0.297681345635422 0.231037501725495
0.00739726282459671 -0.645362977871489 -0.0854921407991711 0.290827906888707
-0.429117445409663 -0.408276131862629 0.0744961667305848 0.0313306807471586
-0.574914892432827 0.0842299782267566 -0.0229514847805844 -0.0384174117386901
-0.350514847564136 0.348194238120085 -0.0984141664555676 0.0936042635690676
-0.118706472399738 0.424950366336451 -0.0448630647802169 0.219067554403635
0.105340416493914 0.413656058434116 0.0854478439307243 0.256705683009398
0.168356270211376 0.354398820888285 0.153143699221489 0.225929489793504
0.142002869716843 0.376085749564351 0.119356755691487 0.231730583478823
-0.0764710537504025 0.421543087912341 0.0512732639259893 0.234714497490827
-0.291743917123923 0.31993905824523 -0.0515295500445524 0.189534760412114
-0.510937095149288 0.127575630754665 -0.127212114379639 0.0809366553276041
-0.414140674918455 -0.30595922079854 -0.13906371095175 -0.0666775701665078
-0.0130359689908941 -0.563283831284766 -0.0503518346625245 0.0229859044445847
0.291097361987871 -0.602797150311048 -0.138171577491227 0.246894026856302
0.194284495043498 -0.423982280938973 -0.450279620684313 0.421815772332144
-0.0301168085404682 -0.464294095616409 -0.12318217916414 0.449557303321868
-0.31491002668544 -0.266728596018075 0.0505407270033482 0.0895366585361551
-0.376249732410294 0.0698605660964151 -0.0606207760335315 -0.000490224026927717
-0.235465246871297 0.22598861015731 -0.155373302229434 0.165229501193211
-0.091099872583684 0.287397891453391 -0.0630987042351645 0.343732704903613
0.0553269151132482 0.290036881758611 0.1132663117912 0.388445167671439
0.0963640968800345 0.245571704295793 0.199132422270128 0.348957602919132
0.0735009440801014 0.258226066407262 0.14990011920167 0.348515540330624
-0.0760176346146514 0.27633049405546 0.0342537590013762 0.332747938374423
-0.207821477514947 0.187725889065847 -0.103753162873826 0.244760766338015
-0.310925709276482 0.0555692759678895 -0.152604972559712 0.0888575456746362
-0.244724521383299 -0.189730042029666 -0.128060667196039 -0.0391673298280515
-0.0109428204221112 -0.355994717434602 -0.044703976158773 0.0927589365138582
0.17698230516077 -0.432545754831619 -0.220567759933527 0.386836546645368
0.044190617053589 -0.218110987638775 -0.549039339509374 0.553816535616878
-0.0621256373504396 -0.196108004892498 -0.140553687780861 0.558189586545629
-0.146702231706789 -0.0738334804790891 0.0356742916674865 0.148299136149098
-0.113286946677136 0.0453708098713814 -0.0649392383895161 0.0383957303282205
-0.0834928157086542 0.0658964686416985 -0.171919580421353 0.199864048451522
-0.0521983144348512 0.101362087259122 -0.06443755729602 0.40551681058446
-0.00689806801519715 0.118286316716215 0.128084227204577 0.455418540514741
0.0103360416147945 0.0993984423148712 0.216779322519443 0.419498523869178
-0.000719957505534004 0.105627990217026 0.152798710281456 0.415678534383506
-0.0582403415912061 0.106143550824393 0.000696388179217598 0.382733567636511
-0.0970152288243682 0.0543367640426873 -0.153339016773559 0.257687461934848
-0.0962735131900063 0.0018028795069513 -0.16784340844693 0.0734583401108641
-0.0849253468656505 -0.0562231127567883 -0.108998357705042 -0.0218035966224769
-0.0285363488622135 -0.133281788142677 -0.0351137840594274 0.124534560214661
0.0377813772730309 -0.222825002387753 -0.253974855677038 0.455602741503176
0.0904854343169253 -0.0277118265214194 0.213109727231036 -0.468805005906519
0.070184579569946 -0.07882011736959 -0.0296147152726232 -0.240414055734271
-0.044170615277522 -0.0853663925717135 0.0658833276985952 0.0127955266346418
-0.107250301074219 0.0129176393299981 0.158905969807952 -0.0258137518710676
-0.0351705849808669 0.0769608357588562 0.189615545355727 -0.221121785235619
0.0251363320463007 0.0706464681616327 0.0414860937720424 -0.386410298556465
0.0741920261740622 0.0518689135603723 -0.127918695334698 -0.408382348638504
0.0807129152047133 0.0567846667263698 -0.210874877636682 -0.399683550240219
0.0740190186768161 0.0722018988788326 -0.165507450649106 -0.415369928158899
0.0169120296578014 0.0967658441537053 -0.008966915483854 -0.383391171261855
-0.053327943158718 0.0838472383911749 0.120811082192452 -0.238456169724465
-0.13486316399818 0.0166688026427115 0.055717187360027 -0.102501851735491
-0.0519333657338014 -0.11291997890366 -0.0117662801046257 -0.179443304407
0.092329136543992 -0.0837193212286411 0.118986941852885 -0.451060737536566
0.111374716414699 0.00448566410514429 0.528762810820737 -0.602167510320802
0.188454225866918 -0.220848985474193 0.20652987409996 -0.431977685848389
0.0772761548955996 -0.266256572495853 -0.0146683293620775 -0.230353735436077
-0.161228874666117 -0.196609104246832 0.0657581888529154 -0.0186507682768574
-0.279772741573892 0.0375781175505732 0.134869993119721 -0.0352170049372212
-0.149540646983652 0.192874324416026 0.174070432570317 -0.188332440450021
-0.0104424934050846 0.222346510880016 0.0483678298044454 -0.331065271339392
0.126157829736548 0.205814858999311 -0.0935550743177342 -0.352708034706563
0.158042991448481 0.198509446095851 -0.161659288262213 -0.34466107101698
0.144422034506173 0.234474847620348 -0.134733460259573 -0.351419389596156
-0.00938895919462483 0.2882006257025 -0.00329745675321494 -0.326856681001465
-0.181829290478794 0.229905432732009 0.102834668215175 -0.205975512279149
-0.372466783538257 0.0709162491540821 0.0300822013461297 -0.093863709511699
-0.243923855358001 -0.270438406956361 -0.0481725281036142 -0.196274133074109
0.0933296861469835 -0.365144221669198 0.0686867663530975 -0.423618886316991
0.254039551369449 -0.271531908915593 0.428339659602544 -0.537228651927565
0.270272134938977 -0.392791095074084 0.144309757625783 -0.336460279032771
0.07378891858309 -0.449984933758561 -0.0100504469335972 -0.172547417668656
-0.278681032976977 -0.304852521440072 0.0754617376090991 -0.0416968654046328
-0.442000312924775 0.0616351814253734 0.109940920630999 -0.05492755504239
-0.25815940139001 0.296545478012465 0.133081206177107 -0.148489360371295
-0.0507693215948265 0.356345794584689 0.0378910738129498 -0.237100590860428
0.158833564326905 0.336835111552247 -0.0492772153643852 -0.243348995490205
0.212926150781111 0.310456759991554 -0.0875915297516014 -0.23650248365107
0.19722178129815 0.356088577665648 -0.07963701444546 -0.233966103629383
-0.0212707156903761 0.43477029942861 0.00940027605687594 -0.214880224876081
-0.270300582544118 0.354315692837017 0.0708927132866466 -0.132237693537252
-0.553118248991355 0.14256629998342 -0.00750304922276192 -0.0634934954884881
-0.421644658311083 -0.365228573760773 -0.0903525931744201 -0.186083155939256
0.0527342647860058 -0.583664636740203 0.0112260286163386 -0.341983246611227
0.339712201224073 -0.506513870684314 0.286742890476358 -0.38973263507417
0.319619866217328 -0.520820704427201 0.0313833210726238 -0.183141899100369
0.0498516273544308 -0.602483729950504 -0.0184942215409962 -0.0586029487893543
-0.39021274841284 -0.390048946078776 0.0862722596993939 -0.0442556019270176
-0.5737338641259 0.0915279956055488 0.0760397551104627 -0.0702237022492674
-0.337980816440644 0.378384150792242 0.0679124326839375 -0.0882847863355227
-0.0828213425233027 0.44998918885765 0.0155884233290526 -0.105327205587292
0.169754972350377 0.422551497495704 0.000330041522202947 -0.0923789154371794
0.236805856340589 0.374133674768345 -4.54015309856017E-05 -0.0934860065022203
0.22137786097875 0.417044991497833 -0.00726813524183287 -0.0842860882049529
-0.0278921074210947 0.510458312898543 0.0300191116037807 -0.0682887977730345
-0.31136446054524 0.42464537247735 0.0347726526646428 -0.0262342053856381
-0.641982497676767 0.20054259990724 -0.0474354103332904 -0.0115246177364309
-0.529790888788368 -0.388140070451698 -0.123633888407417 -0.148329327671526
-0.00416244059054545 -0.695361845501498 -0.0303808022659585 -0.219322844974114
0.361794490872706 -0.649257957645288 0.134355500227262 -0.181117930499015
0.321613462650499 -0.576910034525001 -0.117390965972743 0.0155592137853791
0.0140571678614391 -0.673098317602745 -0.0392845548460164 0.10402778403693
-0.456007852581567 -0.42166918761839 0.0885654238643676 -0.0205000054417742
-0.621816072334185 0.112111749707983 0.0288095207238046 -0.0666270505273219
-0.363420104076828 0.405407996708174 -0.0129926648517488 -0.00441039278387584
-0.0980026394498735 0.477166032171315 -0.0110421024976662 0.0549211389752357
0.154856984208412 0.444121300410427 0.0508687883121221 0.0788983037534332
0.224281083539491 0.382466804634685 0.0875767044539492 0.0626612806632361
0.204397257802339 0.415910845667964 0.0669535609263707 0.073650517923873
-0.039298074194835 0.500302362822849 0.0526608046662671 0.0868597241441324
-0.308783577523085 0.413404702117574 -0.00195505854137274 0.0897485668975805
-0.614418561602288 0.204767322884871 -0.0844702931006435 0.0455041593842592
-0.525815830742602 -0.352731827436898 -0.140444176399104 -0.0980875023643501
-0.0360710688697907 -0.675372773074375 -0.0491544565111413 -0.0857489328831493
0.328672542905409 -0.674492029777565 -0.00548449524417701 0.0452877689778604
0.269013901762414 -0.544147225433035 -0.275719169645629 0.228855148242822
-0.0220665769926676 -0.624427372942934 -0.0680370332054489 0.283052028479191
-0.431133845230195 -0.369150353440665 0.0755979215557689 0.0252146148521895
-0.546183544964645 0.111071236940713 -0.022876015795857 -0.0402778988249386
-0.321322267454211 0.355977588131552 -0.0903244681834576 0.0878616670364144
-0.0942653856205467 0.419360550324769 -0.0329864064672731 0.21403011051786
0.121943319684614 0.394167242448787 0.0952254615462187 0.243157436896899
0.177434431499107 0.332102068213318 0.160374567035575 0.2098265285439
0.154025087189876 0.353056372917595 0.126865560813965 0.218152216727116
-0.0516976447531444 0.411774028026774 0.0616520635732432 0.222742185841985
-0.265340386580703 0.324332321581375 -0.0432493680692385 0.184588141532284
-0.483298793246612 0.150603528708841 -0.11684894402501 0.0834859376441243
-0.412455183431808 -0.274699893857015 -0.141022487433166 -0.0550541717932245
-0.0357395814846273 -0.543045221857932 -0.0494518676824512 0.0247020901711595
0.254039355308552 -0.587936862703066 -0.115876190759998 0.243821372869357
0.166078998999678 -0.415554822155258 -0.415021962515756 0.419457755965152
-0.0499679107485153 -0.446146387523733 -0.0963534112322558 0.437648037342441
-0.3150055770834 -0.240018282193096 0.0539508029275618 0.0835533324581669
-0.356062966082369 0.0867197826675049 -0.0578314630436318 -0.00087102544787262
-0.216016146101635 0.23248250077568 -0.142067123076321 0.161855224181199
-0.0737699984205378 0.284566500721508 -0.0443431067264011 0.335999351809196
0.0672311220561476 0.278133666374424 0.129915102359792 0.369242216760487
0.103704858410929 0.231361304086176 0.210783108089632 0.32586773538404
0.0825797603208113 0.241790990712712 0.16290294238096 0.32928415169445
-0.0586425959153516 0.270688631504216 0.0502534125968358 0.319046785437058
-0.19050050023533 0.192255554582223 -0.0901122646716649 0.240725106868322
-0.294032941171188 0.0703384556266355 -0.14129979751082 0.0918996074384915
-0.24472633238653 -0.169002737904703 -0.128338241610933 -0.0303892425964358
-0.026375490771824 -0.343091123011786 -0.0405190998200591 0.0925618958958751
0.149440337630677 -0.422625585942113 -0.188829503252465 0.383694739636617
0.0318304395279691 -0.212419020501457 -0.503302300318643 0.55128706761296
-0.0699458764662009 -0.186331709798701 -0.109919409858862 0.544407016571941
-0.14473067349554 -0.0633842690078107 0.0409235437800736 0.142139304263871
-0.104618455885807 0.0502153490882645 -0.060721999073745 0.0384414660165663
-0.0775433764154307 0.0693196495823549 -0.156469557735434 0.199015852485651
-0.0450523974048723 0.10132523984187 -0.041936938172643 0.396710134275707
-0.00113204867775685 0.114479597574368 0.147649997908352 0.434410206501979
0.0131903456037537 0.0944123856815822 0.231587137335662 0.393094501543801
0.00310313236467769 0.0996757587673593 0.16913086311003 0.393464904656918
-0.0495056377953498 0.104085581091193 0.0199862231003011 0.369709571573176
-0.0890662251095138 0.0572196974133066 -0.136095328931809 0.256407833752027
-0.0911563183391568 0.00804294578124147 -0.157117522757894 0.0780646130115909
-0.0852472839692032 -0.0477025414391854 -0.107485392959509 -0.0155707163206568
-0.0335791069186862 -0.128293419395586 -0.029888715926191 0.123003732016719
0.0244250612064683 -0.216570047913628 -0.21890873765169 0.450885214413039
0.0847452006661112 -0.0201936710895967 0.223457075557816 -0.447168578935798
0.0724231877483895 -0.0722791272618995 -0.0236437736123608 -0.234226199394536
-0.0386619785053562 -0.0866076873201304 0.06129049260996 0.0147647364667567
-0.105679219443883 0.00577644352534377 0.151804755747975 -0.0173660985975825
-0.0405276309706268 0.0712561323257851 0.187912312630163 -0.206151637677339
0.0189363248446421 0.0693438777106258 0.050506984739469 -0.370031755821672
0.0697967218914511 0.0493492437086976 -0.113722951787927 -0.399393808787992
0.0779903908192548 0.05777135611021 -0.19772748657156 -0.386971187877931
0.0706117743955382 0.0706951475162459 -0.155969704314216 -0.403697946289245
0.0129102675532916 0.0940748412229346 -0.00486576354036928 -0.371436856201404
-0.0563680509244163 0.0797012695962487 0.119323489905595 -0.22747427760501
-0.130834600108537 0.0103949855962027 0.0507760572893877 -0.0981664284893121
-0.0463504949395557 -0.115545937992909 -0.00295426610679202 -0.174802915155547
0.0956666089474206 -0.0847106082591298 0.134414419657234 -0.429365970035415
0.109982476479019 -0.000914620795027472 0.531518534681899 -0.547100988688636
0.190992690324603 -0.201695127886683 0.209241724370896 -0.42007088286768
0.0882674537302607 -0.25339919938607 -0.0152812228456301 -0.22244515866631
-0.146194177764682 -0.199680434977939 0.0578251168667271 -0.0110804726076386
-0.269307294727844 0.0235564869292241 0.125124464730582 -0.0211679956854358
-0.154337584134516 0.178720119628026 0.173684655834349 -0.169487442736538
-0.0204085619054058 0.216452451429128 0.0582750256866071 -0.313493824487518
0.114424013349904 0.200569792562498 -0.0776495976896589 -0.342378468789528
0.148970889881604 0.200590938766727 -0.149795783052117 -0.331467397622545
0.136117400268318 0.23062521890907 -0.128067568088367 -0.33909241000178
-0.0157264414561369 0.283440964102609 -0.00343325555102549 -0.314407167632939
-0.186164916195411 0.221233096988981 0.0937796935398682 -0.198277407309221
-0.361038641588856 0.0579048931915715 0.0164508482018764 -0.0963337968061119
-0.229295422890858 -0.275071034067676 -0.0368620277956069 -0.199621915499545
0.102793329507347 -0.358462300474473 0.0939186713298237 -0.404537640112519
0.251338065431811 -0.263793339395483 0.443121281376425 -0.488272391150085
0.28143754830483 -0.364805590736141 0.139934956676685 -0.336574162943602
0.0946570375442879 -0.430681536574519 -0.0176407011097886 -0.166464673708417
-0.255168276978017 -0.310220059296571 0.0635922185633574 -0.0290495883112363
-0.424257222853535 0.0422961447278778 0.0983004486025018 -0.0361659997765665
-0.262353285105038 0.275193212168619 0.134093125297611 -0.127283708147323
-0.063251764692468 0.345592655642763 0.0483559020512679 -0.221263024230633
0.141378591959742 0.329808289721786 -0.0340370140764687 -0.233671342432423
0.198553964529714 0.312854152340903 -0.0788006775241384 -0.226317209246011
0.185415682968277 0.350411399886273 -0.0771608819205642 -0.222721274296793
-0.0293249317150583 0.427983173426386 0.0041923369676898 -0.205180458413996
-0.275591841425862 0.34246236123247 0.0554288428510141 -0.129835330876731
-0.53626037801145 0.124343352914748 -0.028093258387248 -0.0719402101880806
-0.399211305187788 -0.371612953389267 -0.0788662841336323 -0.196737117825133
0.0677618557363208 -0.573540212614052 0.0403028615562647 -0.331400466032396
0.336294308778832 -0.487487094134297 0.30965011084508 -0.351461167145518
0.338921211444596 -0.487685561437503 0.0213438110941786 -0.198314982889812
0.0799240729176816 -0.581769926901197 -0.0340939301900512 -0.0563589142523105
-0.358740677018665 -0.397660735550848 0.0706652802539252 -0.026748567624234
-0.549913337129078 0.0655776300867458 0.0640528134787091 -0.047804540937411
-0.341027950086236 0.351882331255767 0.0709736736610943 -0.067918239571982
-0.0954522640728773 0.435478881295208 0.0256786312182742 -0.0925805287492366
0.149382688080664 0.415981753326917 0.0128182586935886 -0.0861340854553941
0.218869063985572 0.377081070204973 0.00557428256902011 -0.086746443320577
0.206434693946807 0.411894296535723 -0.00992938093411725 -0.0762865880958291
-0.0373528239871436 0.503061769291799 0.0214809844088442 -0.0627864444471219
-0.318181708200839 0.412519213169687 0.0149368380648281 -0.0288639836163781
-0.622307794247751 0.18169732347249 -0.0732593481501514 -0.0251673460887122
-0.506604586261728 -0.396198034404205 -0.11483993360281 -0.164923037642653
0.014900647179379 -0.680139887613313 -0.00144239645349884 -0.216515888387596
0.358682219211514 -0.623084799322643 0.15985753712929 -0.160291643122041
0.348009917285022 -0.542572045200973 -0.13284492002719 -0.0153277214321759
0.0489337053022208 -0.654615288840178 -0.0615524774796925 0.100690580183832
-0.422439884418271 -0.431006085878609 0.0700650710650507 -0.000547097392758536
-0.596903423688291 0.0840938817892279 0.0178286914590109 -0.0443196879390464
-0.364549703410275 0.378367977182517 -0.00719048092616145 0.0120146296191586
-0.111008759931248 0.461426616870779 -0.00351480823871029 0.0610806795704578
0.135741394260771 0.438563914265158 0.0586042083915726 0.081906982488252
0.20641367903451 0.385222207515891 0.0877476411089168 0.065072240755319
0.191785355462252 0.41032629156272 0.0600678166305394 0.0772478235847786
-0.0466999032314322 0.494046102483862 0.0409056148765403 0.0874327671933584
-0.313403538213292 0.402607405554593 -0.0230907153732387 0.0817880247594394
-0.595871348055066 0.186870106381433 -0.109468532681005 0.029052916036611
-0.503568977912096 -0.360730234267098 -0.134315630341526 -0.116543455537508
-0.0176626518493097 -0.66026264588028 -0.0258172619823359 -0.0885159934010279
0.326275731023279 -0.644526886335808 0.0181349160139578 0.0479091284984254
0.296197301453896 -0.515460067782163 -0.294696381134668 0.185394859222753
0.0128715121306104 -0.608829633604975 -0.0936168908262782 0.27317879364842
-0.398833173106892 -0.381553116470141 0.0570467678639657 0.0428742222459887
-0.525350106357466 0.0852525416152523 -0.0311165653963982 -0.023176653231327
-0.320646190660456 0.331036932786535 -0.0840932449792193 0.0964403564809564
-0.10313521189436 0.406196115005794 -0.0301959242151332 0.21248660633902
0.104851354228829 0.390787174180274 0.0971794190375984 0.241464585389976
0.160785730830817 0.3341409227811 0.156414105206832 0.207070331491659
0.143013144260469 0.348998991898352 0.116684129243767 0.216926918508744
-0.0569238915449808 0.407043848069128 0.0487714098758106 0.218147488609049
-0.268949886343916 0.315431898399964 -0.0618490387881426 0.173656729421261
-0.469193825529278 0.13698278296279 -0.135674522257157 0.0669654569171386
-0.394560302268002 -0.279082115384802 -0.135922939300461 -0.0722898532682446
-0.0212971777712483 -0.528625771927016 -0.0343544634572384 0.0189431657331852
0.252095354338053 -0.560983417769785 -0.098738890173324 0.231028026052852
0.191299100700205 -0.396024329365591 -0.432615570199181 0.369514502288359
-0.0226886309997518 -0.440058696042174 -0.120944688659539 0.421145705219579
-0.293890341490385 -0.24935697285162 0.0388949061913539 0.0946594915470147
-0.341618895767888 0.0702567899101847 -0.0620286958785539 0.00797465274630335
-0.213534177247495 0.217424652332891 -0.137614933644152 0.161216844949914
-0.0780392503244385 0.275518390478312 -0.0458258396934135 0.327223105548809
0.0567565645786416 0.276025506522168 0.12448493301634 0.36337029480703
0.092338909643606 0.232454271546742 0.202298945161914 0.319325251670228
0.0749831567541661 0.239888056125993 0.151030860704162 0.323158934957013
-0.0606047596933974 0.267317147997264 0.0389897948629282 0.31093866928127
-0.190680725982142 0.187383242718948 -0.102656653954877 0.227218955541145
-0.284833411397385 0.0651053881347107 -0.150917269279463 0.0768865332164436
-0.234937893274597 -0.169747216424646 -0.123847666100857 -0.0419378284874127
-0.0178340082559054 -0.333131192145355 -0.0338298269054426 0.0862032805033841
0.149236619845358 -0.402109673371159 -0.179182986606197 0.359432318025595
0.0508046602611511 -0.205567363303848 -0.517122672728388 0.501718133642539
-0.0542331009180861 -0.187833576861818 -0.129338702284504 0.521989780104349
-0.136659531742663 -0.0696700585169027 0.0304717473828843 0.144918588294942
-0.0998209172590683 0.0444724076325841 -0.0605114590220697 0.0378127174519099
-0.0742027071379305 0.0654624451449847 -0.153774504639572 0.189417224839879
-0.0441893924197472 0.0973869241156292 -0.0478576330073634 0.382066161494452
-0.00430214482749729 0.115301776410161 0.136895771315156 0.424271143043053
0.00819282672545327 0.0947793650837269 0.219687965071977 0.382198875224946
0.000375027406702162 0.0992089678094871 0.157992727051036 0.383318560638502
-0.0488378368022796 0.10280143300835 0.0133423466280682 0.357703604774985
-0.0870219836431988 0.0569004458690106 -0.139774604924424 0.242749023006468
-0.0882589627495612 0.00913935876117805 -0.156411207057373 0.0671179314600474
-0.0837556090208946 -0.0463736597749123 -0.104256436110102 -0.0216579289389818
-0.0311871477930019 -0.124451385407824 -0.0309312470511566 0.11705194730983
0.0250248362582012 -0.204710751007412 -0.217747129738421 0.42161494191131
0.0840681153128335 -0.0177781620258641 0.22048541069307 -0.440344538216678
0.0733510703085212 -0.0728480397117714 -0.0244817122354248 -0.23052418578306
-0.0378091014299417 -0.0861976342221086 0.0625551482005151 0.012221334024108
-0.106108875241553 0.00606121202692109 0.151111074868223 -0.0182865664232486
-0.0405442141946551 0.0701731926470595 0.183428393278817 -0.206624964407713
0.0188688735797926 0.0681542246539735 0.0460566356825519 -0.369227961379705
0.0691404869097954 0.0478703696990456 -0.115117310621552 -0.396952453295968
0.0785924539119166 0.0566211181553791 -0.198570915606273 -0.382771276787001
0.0718020083229964 0.0704219355205407 -0.15695411906997 -0.399946953971785
0.0129460171442002 0.095026399214885 -0.00599816195039547 -0.368941511232117
-0.0576051213083669 0.0796948743254916 0.119052722034644 -0.225229078234367
-0.130313131182355 0.0106723437794317 0.0505075315120926 -0.0955363019289079
-0.0454599648428493 -0.115658999896434 -0.00146684901319621 -0.172632193713435
0.0959666351303631 -0.0824886162212693 0.134170536433545 -0.427702311264326
0.10997004932495 0.00116857835718737 0.522981560231559 -0.539211107935426
0.1881348984343 -0.195435564236828 0.205931403619965 -0.41411194529637
0.0891071651238535 -0.251479030796323 -0.0152087802898564 -0.219586525286887
-0.143114044589788 -0.19601398865862 0.0601212788848659 -0.0144600781830151
-0.266618290290539 0.0250241067236049 0.123465556702948 -0.024046621148861
-0.152363877831032 0.177913183959024 0.168987374050488 -0.171354479622549
-0.0194126330798105 0.215059468768732 0.0543163694317579 -0.313714501800776
0.113629865458517 0.198356227141631 -0.0795763246732072 -0.341027027944347
0.148856397732809 0.197502426139331 -0.150949551739345 -0.32855651593481
0.136777749026856 0.229056096794082 -0.127941956321112 -0.335276692454732
-0.01370259748478 0.283503696350721 -0.00454146306227826 -0.31307892921195
-0.185762519633358 0.221054513386387 0.0929366589487536 -0.196975268752732
-0.358014491028444 0.0590082359203 0.017633010930573 -0.0941836885773064
-0.226048382664407 -0.27331334834243 -0.036882587962271 -0.195545796244244
0.103541987025113 -0.354243392003308 0.0937425123359424 -0.403508226511705
0.250858960005993 -0.257014307395244 0.437327982533972 -0.48042954486224
0.277465146741881 -0.35407163877506 0.137389769430069 -0.334197664393875
0.0958466391348339 -0.426230437136401 -0.0172572063086434 -0.16494616902028
-0.249389727017594 -0.302986925551937 0.0661250613119711 -0.0327644101786144
-0.417990690638836 0.0423298206443003 0.0969374418287336 -0.0391550619945265
-0.25822225002593 0.274039994564433 0.129820409373778 -0.131487822140071
-0.0607896175745946 0.344977659862782 0.0450685702221343 -0.220914971922874
0.141340749004165 0.327094469520857 -0.0356350109300522 -0.232931801558113
0.197847410345904 0.308504004475278 -0.0782705733217871 -0.224963444044285
0.185245726626365 0.346106853641489 -0.0767852436675043 -0.219677907577206
-0.0271195899772621 0.428559112745216 0.00394590169912381 -0.204826327516936
-0.274548272374589 0.341691754505774 0.0540905772060812 -0.128285132609949
-0.530160894890779 0.126646859701947 -0.0265163453091059 -0.0711397662724382
-0.396017104184543 -0.369607907013819 -0.0794507858126036 -0.192227965405794
0.0696628524131952 -0.567574536634226 0.0408303061895872 -0.330430596911709
0.335071057165743 -0.47602878923199 0.308491757669037 -0.34675061227354
0.332700950214254 -0.474386451522761 0.0197228850802639 -0.199790141169366
0.0809868382118522 -0.574918345981133 -0.0331422672174356 -0.0566172173165826
-0.352907354838197 -0.38930836406403 0.0734063723891605 -0.0308081164502449
-0.541551072036844 0.0664484747082502 0.063197236022529 -0.0514760712134548
-0.334214945622764 0.350302643101057 0.0674691919014293 -0.0736569557310255
-0.0927404817103533 0.435540220381171 0.0228759311113456 -0.0924715014780137
0.148392736900149 0.412457638334598 0.0116933778767126 -0.0867102384560368
0.217653877679939 0.372131929414642 0.0059758953994733 -0.0881693437952651
0.205295896865469 0.405978503505318 -0.00877037535400531 -0.0751334089715689
-0.0335341258408501 0.503013738603985 0.0205623026690065 -0.0639408015388422
-0.315506789010661 0.409689870457563 0.013352268506075 -0.0278452815576664
-0.615027661369446 0.181800313894536 -0.0701481200680096 -0.0249753302892802
-0.502022122782347 -0.393451922667444 -0.115635572221479 -0.15973013926188
0.0170338448083647 -0.673400468428708 -0.001568354137285 -0.215597782995201
0.357690472899223 -0.609903850311666 0.160820326081083 -0.158966864811911
0.343624226160843 -0.529786482985975 -0.13213456753837 -0.020550947599796
0.0496278676440628 -0.648061279638195 -0.0604640394338728 0.0986933390264614
-0.413518651017603 -0.423025288119146 0.0719141518474809 -0.00418223853923446
-0.58710472871941 0.0847725541525977 0.0167031810929776 -0.0479324611177345
-0.358068629435153 0.377938646058323 -0.00971020027636658 0.0043881976908029
-0.107571890654302 0.461953042512786 -0.00502977546645594 0.0606676110474496
0.135044492134562 0.436807314808981 0.0582535529700816 0.0797855237295709
0.205515274694019 0.379711510628267 0.0882238679262091 0.0615656295665716
0.18912261935551 0.404737168986628 0.0608883096206943 0.0772531016456033
-0.0445175959870172 0.491219778975344 0.0408060900014941 0.0856615089217567
-0.310809481608219 0.39989858160051 -0.0246375492541022 0.0826649137808841
-0.587578207373048 0.18880236977886 -0.107002025609389 0.0280383646299906
-0.498420292047371 -0.354792458020547 -0.135788930244091 -0.112140239683919
-0.0143970220928986 -0.65369733482783 -0.0259667793943018 -0.0877137946009164
0.32602993817449 -0.632220378861705 0.0221273487857736 0.0470935770125412
0.291333374199199 -0.503780926453393 -0.292670781902473 0.176800813432756
0.0136422729110736 -0.603971258520643 -0.0925027633538077 0.268923104935569
-0.39379607302208 -0.374796347315128 0.0585782550002303 0.0400835265772631
-0.515645195228541 0.0867019860891263 -0.0310618717882271 -0.0267569826322118
-0.31469034339969 0.330184812000079 -0.0849810715779016 0.0890305553315065
-0.0997575654167131 0.406938790579681 -0.0299145570172092 0.211811535752064
0.105287449508478 0.387929503844195 0.0979827060253981 0.238358229406075
0.159323989591925 0.330083101144464 0.157298138634465 0.202329851934974
0.142264543807886 0.343647712379502 0.118273323448504 0.21517873539848
-0.0541017435146839 0.404486145833886 0.0488395354432581 0.215924896591686
-0.265553240815189 0.313895498604839 -0.0621279529190333 0.172884169368927
-0.461999281125681 0.139181592288622 -0.133035564694882 0.0650104335066524
-0.389995180394355 -0.274022350286997 -0.138050519691792 -0.068398471529388
-0.0199702002230544 -0.523919991996753 -0.0346717769103851 0.0190064850760125
0.251144919036606 -0.550646284616965 -0.0924068489135003 0.228541450672107
0.188657031322428 -0.389202940957607 -0.427857180599555 0.357612783022918
-0.0221287382998869 -0.435321904220576 -0.119656567621436 0.41591525918815
-0.28988159531035 -0.245537576171065 0.0395725407031064 0.0927377474974923
-0.335445273649131 0.0705245549117812 -0.0616912075389687 0.00489470518145576
-0.20923604496582 0.217546929817863 -0.137263254816369 0.155424609185541
-0.0755238208292455 0.276050248290163 -0.0443182705053244 0.326094743502379
0.0576188658191481 0.274516458277924 0.126090309500241 0.359570761621646
0.0909916084223168 0.229379769253235 0.203836603738755 0.313427649462906
0.0734983876266684 0.235733328786564 0.153538103470383 0.319957496582335
-0.0575479542534353 0.264866773539486 0.0396876733523951 0.308099593526013
-0.186983304492348 0.186051357484468 -0.101643238047684 0.226658911086933
-0.279060639947987 0.0675794941167086 -0.148478678447734 0.0749110154131389
-0.232410100634464 -0.166158956164973 -0.125732353529061 -0.0389246173350124
-0.0184867085750106 -0.330143905422951 -0.0337489911676275 0.0864194790108306
0.145727374089415 -0.394863115998924 -0.171237014328571 0.355752614427513
0.0497736284258361 -0.203264402488375 -0.515248238389568 0.490448289253154
-0.0544068237851819 -0.185950893219126 -0.128218026176402 0.514693728783509
-0.135518584883822 -0.06794366218328 0.0309379210570424 0.144448730482879
-0.0970363737154581 0.0436990778806021 -0.0598562566106525 0.0359000492349689
-0.072137351304097 0.0666925913505874 -0.152112674549733 0.185910635720741
-0.0427643934251136 0.0978792277175953 -0.0451970968663153 0.380902646125336
-0.00356721593556237 0.114688616146745 0.138921116771023 0.420475933783797
0.00721882220553562 0.0936701428185295 0.221377545410767 0.376608471966935
-0.00161586434619913 0.0967161651469081 0.161110681183512 0.379349323900183
-0.0471634642157895 0.100918143442224 0.0144158341436151 0.355516008956899
-0.0839902348326433 0.0564835112455571 -0.13819320783952 0.242205469975302
-0.0851575366024381 0.010531416586202 -0.154677567354357 0.0657681716160266
-0.0832564196083307 -0.0431974647957935 -0.105209464952189 -0.0205468416041303
-0.0322259296465084 -0.123773143383366 -0.0314494568053385 0.117478769071802
0.0233365594798543 -0.201961675210126 -0.209745211439319 0.417094279562491
0.0864551777987313 -0.0164824371860985 0.221678255570422 -0.44481832449034
0.0758654865082757 -0.0751944923176925 -0.0258995591343329 -0.233028000239757
-0.0387979541402243 -0.0880453503840855 0.0662457200091623 0.00913163127419485
-0.110188737303881 0.0071722054328404 0.153996624997522 -0.0211477914530934
-0.0414878556473392 0.0711876800827515 0.183247054938642 -0.21291196134266
0.0190945653670348 0.0690618039447493 0.0417596421848303 -0.378350091712151
0.0705508729656067 0.0478054008782109 -0.123073179877065 -0.404519828865455
0.081258398078881 0.0565994876120607 -0.207116115660705 -0.386584637749622
0.0754003161734599 0.0720067199693369 -0.164040691618392 -0.404707991331978
0.0142636550739774 0.0982498881928907 -0.00861991743095844 -0.37659277871139
-0.0598479147849695 0.0821425390139786 0.121411435625928 -0.229894965787994
-0.133084690229216 0.0115431936993758 0.0513954143559226 -0.0954020565961896
-0.0460250497981436 -0.119131727870648 -0.00121124731304834 -0.175417250954766
0.0991855822672519 -0.0836078275562691 0.135694610703123 -0.437529544796
0.112822758987716 0.00220018078593845 0.527949678041213 -0.548387331383118
0.191111549077686 -0.194836646517488 0.206949720468491 -0.420475287260455
0.0922647840897028 -0.256151841385586 -0.0165816026880028 -0.22242251401291
-0.14421916050712 -0.197727561516351 0.0636827481658453 -0.0193466972976221
-0.271017832595376 0.0278290717038082 0.125538670668106 -0.0274471829393518
-0.153616941052433 0.181403293100867 0.16783145387617 -0.178367760377591
-0.0178507701291423 0.220695129473123 0.0509693631396027 -0.320773684277519
0.117055101338967 0.201560386226115 -0.0859293677591556 -0.347426739120333
0.153799108663987 0.199757224519434 -0.156400243292186 -0.334261588218127
0.143025524653114 0.23184867779094 -0.133896228148095 -0.339387066710915
-0.0110620602768252 0.291682091386699 -0.00672466783614866 -0.320295354105047
-0.190071830304741 0.227190342000068 0.0942716579887888 -0.200830586651046
-0.364189865218873 0.0624314771275298 0.0184414061717124 -0.0951907252203244
-0.230524471413787 -0.279350404127487 -0.0378385491639292 -0.19773466784856
0.106906481536765 -0.361635072972002 0.0946023940087213 -0.413690754784859
0.25585335438303 -0.258767163843564 0.442698234787105 -0.48984198154431
0.279949564950092 -0.353745140311211 0.13776891253037 -0.340955471468868
0.0968273094740355 -0.433507219092306 -0.0180407997658923 -0.167643047247338
-0.251012865989286 -0.30535718361644 0.069626487668701 -0.0384864897320485
-0.422496878125228 0.0465570066951377 0.0981174778841329 -0.0438327165031185
-0.260012555488391 0.280576269796687 0.128167084064316 -0.139029337988886
-0.0583572909649473 0.353726681705337 0.0423838395296167 -0.22603498611052
0.146081748659659 0.332145204123164 -0.0396652494772499 -0.238134475206601
0.203807524098706 0.311850507473695 -0.0813594271040095 -0.229926933773386
0.192056592129011 0.350450051970154 -0.079302686612244 -0.222951134514031
-0.0232136140889732 0.439375414620217 0.00228727416376489 -0.21029491301451
-0.279785295499061 0.350705223192496 0.0543685377329596 -0.130364625935055
-0.539660819450575 0.133588554314896 -0.025424494862541 -0.0724904318174153
-0.404162421125359 -0.375454206957307 -0.0822690640627305 -0.193317821432367
0.0708302825292873 -0.578206146801355 0.0406596688584745 -0.33820550471559
0.342976979267451 -0.480574075891091 0.312176886869067 -0.353785175411999
0.338266112105819 -0.474789603098283 0.0184258648607156 -0.206120778460228
0.0826312716442932 -0.584882913265062 -0.0339757091773605 -0.0576516108393578
-0.355829263927771 -0.392356683105485 0.0770471144119978 -0.0361385464739616
-0.547184883011726 0.0711671319884985 0.0629947212110085 -0.0569382667883253
-0.33597151216109 0.360036540981516 0.0648916209519563 -0.0820520546607537
-0.0899595208332624 0.446934408226431 0.0205194138096163 -0.0948794388485163
0.154369237235626 0.419838382122018 0.0106811178423349 -0.0889704697717731
0.224685359603941 0.376985065783066 0.00596327957087082 -0.0925077188600228
0.213111160298614 0.410751503691424 -0.00896613962188091 -0.0761898937304558
-0.0295134530678024 0.514288650872639 0.0202357786064316 -0.0664225171344599
-0.320435386261224 0.419830078987052 0.0125997671742466 -0.027343445596393
-0.623037037640098 0.190369292976806 -0.0703312242023142 -0.025962928740762
-0.510432405283656 -0.398414578987943 -0.119799406449913 -0.159145649331584
0.018728375921221 -0.686663451345618 -0.00235523645662811 -0.221059243298531
0.364973259080684 -0.614349401041408 0.166091513919416 -0.16208699021837
0.345879077616948 -0.532392021309432 -0.13588149977451 -0.0260887383732367
0.0512418937096601 -0.660336209067743 -0.0612996688285925 0.0995734786779143
-0.419180752973368 -0.426847685753307 0.0753732867786146 -0.00896220560262046
-0.594758049609326 0.0901335899941945 0.016734159126738 -0.0528809074396918
-0.360508422829679 0.38785830186909 -0.0131682222706204 -0.00213795449221191
-0.103425894346963 0.47531126972455 -0.00566985499700857 0.0621409430928062
0.142482671536192 0.445480252688093 0.0598269468742733 0.0803321838431098
0.209683680816288 0.384647314754791 0.0912481831157095 0.059028431358593
0.195620906077216 0.407903724315535 0.0641810761578604 0.0782698693218339
-0.0381099702175902 0.504477818666129 0.0409386066612982 0.0858091883050303
-0.31430849749946 0.410774879008369 -0.025924886452973 0.0856983522088914
-0.595023577707028 0.198978746313252 -0.106962871391574 0.0274131804811932
-0.507591355550209 -0.359871834171367 -0.140844205779158 -0.10962973922847
-0.0160642388763468 -0.667001221101758 -0.0273219119580634 -0.0896973609759515
0.330592359153713 -0.637343818007858 0.0273507447353138 0.04668004729176
0.296487478716416 -0.508728978126612 -0.298893410611085 0.173075542737602
0.0121810315448918 -0.614300228306207 -0.0925467408738607 0.272598281201569
-0.400110960576613 -0.378430747365137 0.0618828054387386 0.0379414052571836
-0.522045469485675 0.0898166427481994 -0.0322115041267592 -0.0305908607598774
-0.315838793151504 0.340822557290083 -0.0887173870531965 0.0854803883674885
-0.0961478346138498 0.418238077343862 -0.0291036238421068 0.216568380385478
0.111396101699652 0.395279771239056 0.102417451706263 0.242258419409444
0.163949474085309 0.333903893914498 0.162937635559705 0.202203756244559
0.145809504572993 0.346616112627314 0.1235512442674 0.217898790989839
-0.0503221544807991 0.413145723555145 0.0511990800930839 0.219101640123926
-0.267324622383085 0.322086389906614 -0.0643519815943607 0.178782216365605
-0.465886265087575 0.147289498429487 -0.134595367436949 0.0656735621024254
-0.398443375389097 -0.275112156297833 -0.143631993561724 -0.066235451529291
-0.0213788011385261 -0.5344108032969 -0.0358167722214065 0.0198144082368798
0.2552308085845 -0.5566718241806 -0.0881173018399674 0.231038898851437
0.190677894882816 -0.393283595221775 -0.437099365098688 0.358849610685339
-0.0247992354599885 -0.445025309201011 -0.120265033459603 0.422924989345202
-0.295395915743745 -0.24650156143235 0.0419131498387978 0.0937827906762123
-0.338528884826327 0.073200402382772 -0.0633007577492039 0.00234811240306659
-0.209523765591709 0.224765197294025 -0.140329117488977 0.154132871070749
-0.0726208094806568 0.284201045367908 -0.0420228337406626 0.334755992410817
0.061340233313596 0.280503986529499 0.133163892213475 0.365147866314218
0.0932662344765367 0.232600822699037 0.211520931473899 0.315097201489003
0.0744616083811948 0.237608039543625 0.160182286691283 0.324043367297864
-0.055952943775226 0.269424884775506 0.0428565840330836 0.313760040801929
-0.187182340591466 0.190633622459878 -0.103382889871254 0.232884235401601
-0.28007798885709 0.0719951903047734 -0.150298279983152 0.0762460850205301
-0.236160708251199 -0.165679515980855 -0.131449865560362 -0.0367709450469935
-0.0202387880137173 -0.336369706185746 -0.0352156483392653 0.0889520748707855
0.146902839287067 -0.399470315383441 -0.166927822742581 0.360842267233906
0.0496974923075817 -0.206696793703313 -0.522632073837517 0.491400633965558
-0.0555320357725444 -0.189532475513177 -0.127319062723671 0.523932116124236
-0.138631906653153 -0.067659529549755 0.0326292725785301 0.148435598744979
-0.0967145145895685 0.0443318314382321 -0.0607490722246871 0.0345199405363357
-0.0719433355903408 0.0689189492897991 -0.154233312848118 0.186999515216953
-0.0417130207179095 0.101206862337028 -0.0421403193288293 0.390087810640186
-0.00189814462749089 0.116964327606529 0.147540266118317 0.427528679093689
0.0068226369929711 0.0953223395807751 0.229259768957456 0.380791880692438
-0.0024604436960291 0.0968852921560183 0.168136974165866 0.384442856503701
-0.0470224497719038 0.101533419849931 0.0180774403752042 0.362878100829763
-0.0827278330390279 0.0573487705612317 -0.139757315861347 0.248229889391549
-0.0834261502176148 0.0122331457801484 -0.15673270323578 0.0675460644226703
-0.0847238798169986 -0.0405037843805834 -0.109743915593402 -0.0193787890509187
-0.0346189783196539 -0.126714821384097 -0.0322471745865603 0.120919506300386
0.0215167500921828 -0.20532098628615 -0.205403161817169 0.424111510178003
0.0901893219201649 -0.0174056472259104 0.217754182682872 -0.464564219916432
0.0778253645182346 -0.0813616009829502 -0.0334229887627993 -0.239083251276979
-0.0418717824998266 -0.0908338708095913 0.0708582775622151 0.00402478204767344
-0.115303312570252 0.0117260523130611 0.157955859789211 -0.0285507577478195
-0.0419429777142708 0.074638908147458 0.180830952348668 -0.22625651387009
0.0206865357805606 0.0705225416376484 0.0280390944463109 -0.394232203825845
0.0741104919164921 0.0471432841553701 -0.142809565601984 -0.41558711947296
0.0865720721603042 0.0554151011753555 -0.226345598354966 -0.392891809108142
0.0823015446610633 0.0720214688926922 -0.182725420204893 -0.413159508548649
0.0183236998263314 0.103176358553772 -0.021610949624944 -0.391428736159354
-0.0614586002931246 0.0876733322645323 0.121006412883515 -0.242551159051836
-0.138633327668601 0.0157900177386219 0.0515107527133119 -0.0985866058180548
-0.0506230018060268 -0.12333688818059 -0.00492868507917946 -0.181215937253543
0.102266723812472 -0.0881595267457064 0.12876635235238 -0.459930933930288
0.117677090865311 0.00058455774775858 0.528636109250693 -0.579397588844255
0.19360365739257 -0.201089551431779 0.201162645802344 -0.438876849009359
0.0904824330148606 -0.268385135506471 -0.0230252112111533 -0.227962396119997
-0.151699465471989 -0.1999083836524 0.0675430379956991 -0.0260252738865253
-0.279689230389001 0.0371363806763671 0.128902313678361 -0.0341194833582359
-0.153912333115342 0.191926508649713 0.165332753635648 -0.192430039933867
-0.011948993063007 0.229503828594725 0.0402279469196491 -0.334545504089592
0.127730901839383 0.205536261062591 -0.10210281034399 -0.357439447918174
0.165658855004665 0.200803860634588 -0.173276925449852 -0.340237723490081
0.155683912142875 0.235857322896731 -0.149108493999895 -0.346328006429869
-0.00184417420100094 0.304331512202866 -0.0173427647392169 -0.332711581558359
-0.192413098426376 0.24221719162477 0.0928063014150414 -0.210243260915408
-0.375564842648445 0.0768565748729794 0.0174879576891346 -0.0987541832289933
-0.246183219512736 -0.284427263731607 -0.0441198930321685 -0.202552907408535
0.103709299339489 -0.37714255686949 0.0859904399339333 -0.433721655698056
0.260071276544112 -0.271034010154498 0.444659386651729 -0.515976984937904
0.282054550289608 -0.366795110868117 0.132041998006925 -0.357432848919742
0.0917732986601449 -0.450730345095428 -0.0227840054922594 -0.172012054678085
-0.26282204799359 -0.307184199031035 0.0732897159867365 -0.0470841207255011
-0.434861548360315 0.0607346841992104 0.0996183315433584 -0.0513897190334884
-0.258807444885814 0.297829067768638 0.1246616240135 -0.152062743205953
-0.0480412872977161 0.369208682390706 0.0345126086276451 -0.236213930821817
0.161882366651068 0.340997433329219 -0.0500098355314608 -0.246187098888447
0.220608109285393 0.315347138637324 -0.0928071474371903 -0.236722479012482
0.211203289647741 0.356238789202201 -0.0888638704244734 -0.22790699147999
-0.00789330096571772 0.457591762179679 -0.00488228293966177 -0.219248926397677
-0.281865498592676 0.372031440895457 0.0531038847102186 -0.135931831379153
-0.554313928642939 0.154531800853566 -0.0276083044319505 -0.0743178856952612
-0.428409421818555 -0.37879317930741 -0.0903736213415048 -0.195033504355727
0.0606499987604784 -0.600619257631758 0.0335876384188722 -0.353578656806642
0.344154742383459 -0.501094214051844 0.316219167401489 -0.373355848023111
0.337342907076078 -0.492178477402027 0.0113651083140333 -0.217015666879637
0.0718799771395339 -0.607138219331764 -0.0359552088513586 -0.0589969219317538
-0.374314027667987 -0.393189072449289 0.0808356440510358 -0.0451774325284849
-0.560573436073865 0.0907106812364148 0.062825060181928 -0.0641756956729835
-0.335327628328626 0.381109168232249 0.0605963373833597 -0.0924007076497923
-0.0777926893494658 0.468474631397458 0.016790863074057 -0.0993153341677954
0.175309104986049 0.431960095462223 0.00761258120388795 -0.0936047113459913
0.24384384222085 0.382082357542196 0.00202147389821574 -0.0979711794990391
0.233395004840871 0.417754467082518 -0.0107464419824308 -0.0779891897334105
-0.0130027771897876 0.535969454476764 0.0185872999658191 -0.0707954598257017
-0.321755324124818 0.446682293050098 0.0122810464268001 -0.0276414645021894
-0.639063601207665 0.21689591177052 -0.0726082972915673 -0.0260115443108377
-0.53922950865775 -0.39999927801393 -0.129577816710185 -0.157942482410966
0.00300190292962012 -0.713145236024605 -0.00877191800545643 -0.230468992173532
0.365809012517287 -0.639096481450662 0.170862166142375 -0.172841821350527
0.34525652386204 -0.554196313252906 -0.143797015753552 -0.0289597262988228
0.0364440560669084 -0.684398684134088 -0.0606292351460506 0.103943289165772
-0.441650452104941 -0.427288501222297 0.0800363665357268 -0.0154426091205459
-0.610187679185868 0.10928812613242 0.0148459141738454 -0.0592221775790789
-0.359897893439073 0.412136189048392 -0.0179656255210458 -0.00896146887610352
-0.0892599594178756 0.497581628694919 -0.00529148541353456 0.0644016851484764
0.16296375715049 0.456512010488341 0.0647030627029097 0.0805793346184818
0.229596427856869 0.391072089678844 0.0958394373805793 0.0548979659966189
0.214234189178462 0.41531824687684 0.069943298732129 0.0792109110818957
-0.0236730941017079 0.523867523972061 0.0447211899483582 0.0869696381278684
-0.31545236270447 0.43469606142639 -0.0247851719930002 0.0913562403867329
-0.606373251565417 0.224422936420627 -0.109713370770761 0.0298116101914701
-0.534273639337912 -0.357530667910088 -0.15114983909138 -0.106322002097997
-0.0316479304839847 -0.690582343234047 -0.0320118741753074 -0.0930064353919999
0.329102095467784 -0.663430554246075 0.0334783702339877 0.0462431666574648
0.293597385125109 -0.529316195662242 -0.307014865160392 0.180814943556036
-0.00201334158982833 -0.637510499622965 -0.0886435593983288 0.283763825590455
-0.420673641035292 -0.377688974283074 0.0663116970961684 0.0346680910944903
-0.535616096785135 0.10885915003531 -0.0348931313156729 -0.0344160944056636
-0.314833379822902 0.361037205360106 -0.0929242742792937 0.083836984035116
-0.0835796332841186 0.438330542309501 -0.023979426424246 0.226308468155634
0.130002205191036 0.406925600663749 0.114639615941436 0.246485816958788
0.180149723759704 0.340551830875006 0.174273601062673 0.201176629081204
0.1595442271501 0.352698747220213 0.135559144598324 0.221954078884418
-0.0380636807963502 0.430020031519466 0.0601185521954321 0.225925936342158
-0.268377570266639 0.341830213445165 -0.0616156755777647 0.188777284071641
-0.473744191114092 0.167804090895389 -0.13703167129228 0.0700477348228511
-0.417909184760719 -0.273229965941415 -0.153198706613313 -0.060827140831905
-0.0346763392717147 -0.552332154804201 -0.0375744762086271 0.0212505405670134
0.25001449411258 -0.577773814239947 -0.0792816385769048 0.239570597162659
0.186705252136416 -0.409229784866956 -0.445512146444724 0.37397694379415
-0.0367897869656384 -0.459833063288236 -0.113451076506563 0.438692784381825
-0.31067340521938 -0.245627200139783 0.0468971472108603 0.0949234864825785
-0.346900384464587 0.0853403176521521 -0.065945203783369 0.00177634516839908
-0.208846045957019 0.239178127798834 -0.143019730325247 0.158895237926644
-0.064159042237098 0.29753978163283 -0.0325635988918135 0.348626508279702
0.075551727772117 0.288616778099475 0.15123434541556 0.374171159519958
0.103134445306895 0.238109653134718 0.228836284808062 0.316590505412002
0.0828819522802837 0.242276966789139 0.177381069725252 0.330055007376087
-0.0495268083549499 0.280080890789697 0.0552700253292157 0.325022045184017
-0.187477480128557 0.202486727485533 -0.100557853185057 0.246394662300548
-0.28380330867187 0.0833782233444232 -0.153646876167958 0.0819540657729233
-0.248023014664988 -0.161971108300853 -0.13958388490405 -0.0320504972595856
-0.0304347236169886 -0.347657740765139 -0.0344067985814815 0.0944660170113132
0.141254255749376 -0.414484509326692 -0.156000878747157 0.375725410688511
0.0458313599515372 -0.215472904165106 -0.530763157534906 0.51559115189168
-0.0636479012528861 -0.195205309502272 -0.120117345112629 0.543437651979295
-0.145774184570626 -0.0646312152126972 0.0386242585568738 0.153639204517389
-0.0973173191580736 0.0474147304651906 -0.0623153868024419 0.036131487757761
-0.0710958545087243 0.0737605284239791 -0.155328232393507 0.195542442928716
-0.0386240831556141 0.10663305560582 -0.0303939760591798 0.406391642730538
0.0031196700033866 0.121052808134545 0.168014769135193 0.438123894935637
0.00930680814675763 0.0984377790420723 0.249827829793019 0.383764086166671
-0.00207315902820468 0.0999982768533303 0.186738825395545 0.391695973110139
-0.0458765411957747 0.104685018550692 0.0315095431653567 0.37612054755486
-0.082222577440401 0.0607352798950095 -0.136751587460825 0.262736800961096
-0.0828474425443279 0.015650190813383 -0.160894846894155 0.0741573673081052
-0.0879580845273757 -0.0368256265899348 -0.116644940962623 -0.0148815840876132
-0.0410606568050053 -0.130016647911224 -0.030345258449994 0.127499540400291
0.0158668316603947 -0.211342211864625 -0.195107238587081 0.442916663438173
0.0935925353372148 -0.0215237219739241 0.197328030398199 -0.48726042475215
0.0771694533165836 -0.0899673616484097 -0.0474575615171099 -0.243186428019986
-0.0479616522535908 -0.0918610846804603 0.0743457296203231 -0.00330270210382544
-0.119697742292098 0.020585491688313 0.160500268813057 -0.0415346275913217
-0.039827670187903 0.0798009133492406 0.169287616252444 -0.243287798246748
0.0248002489967256 0.0716686650362669 0.00129782664148113 -0.407513564872889
0.0781410414497976 0.0439159014526241 -0.176088286826798 -0.41808590083871
0.0936840150070642 0.0512048420764486 -0.259196415809666 -0.38870132050906
0.0907806600244897 0.0688684790398721 -0.214523925532921 -0.412900426833228
0.025930404362666 0.106589650713443 -0.0457579943481048 -0.402330269127159
-0.0594636146384027 0.0956377801252103 0.111579087339665 -0.257108658716307
-0.142517323327949 0.0254309673498512 0.0478487225144524 -0.102817371175864
-0.0586974541874464 -0.12575634518864 -0.0138501426821862 -0.18662880916665
0.102081722436626 -0.0969918288173551 0.104324778474119 -0.483175699873335
0.122134631817836 -0.00396228076165024 0.509407789547176 -0.622611034806177
0.189822475714902 -0.213422699713802 0.181694610526086 -0.460972266064134
0.0793425138235136 -0.282225271090377 -0.0357943003581973 -0.232297081993814
-0.164953310757259 -0.196382190066079 0.0691219484413593 -0.03573788683397
-0.284476460626668 0.0559267144384362 0.129607213661881 -0.045727243679567
-0.147333965049963 0.207243871993564 0.154849142774559 -0.20978787357687
0.0020518915981379 0.238030753964209 0.0171241346814968 -0.347238059761672
0.144542750743898 0.203586728446901 -0.129498639589832 -0.361654042588997
0.18373058042727 0.195579033020834 -0.201351311381911 -0.33981472173065
0.17710818402882 0.231661048651045 -0.175492015288548 -0.346639668908095
0.0194308530144209 0.315583743074633 -0.03915697517972 -0.343745694194819
-0.185437987473213 0.263390683131322 0.0848301823858095 -0.222836097114963
-0.381650247566006 0.101932240959019 0.0128749109972841 -0.102209554169524
-0.270077815315361 -0.278963126236922 -0.0555617772519585 -0.205390857553771
0.0869340269058971 -0.394320239947497 0.0626132968695374 -0.453478526182917
0.253963941287985 -0.290779851245101 0.426414688476366 -0.554133712814652
0.272431306766102 -0.385958338036063 0.114012643766602 -0.375518932214357
0.0700908020548814 -0.47029051328521 -0.0326952581703166 -0.175445983840941
-0.283956051122913 -0.299100895533768 0.0735264833671581 -0.0581285708448243
-0.440656342226072 0.0896578497075547 0.0979411694107379 -0.0617191646185127
-0.248803713742814 0.321649959998899 0.114406451405991 -0.16792743469057
-0.0263067360308863 0.384664075655367 0.0184285953047229 -0.245461351529934
0.189444733064752 0.341364594561307 -0.0683750498112726 -0.249844694410311
0.247198311068471 0.310344010392762 -0.11117514659509 -0.238208165084658
0.23945307806004 0.352362152704411 -0.104817242317842 -0.228435642142106
0.0223619848271095 0.47355519625668 -0.0192254422836943 -0.226383322167042
-0.269965652800571 0.402421776638299 0.0474352276945147 -0.143109416704016
-0.558277526768273 0.193740731706921 -0.0325181053124816 -0.0757046108344736
-0.461821692811616 -0.36741130587136 -0.104523027605084 -0.193883725457959
0.0322772447466067 -0.623956978835048 0.0128297563455426 -0.368543107649359
0.329499679177142 -0.529996844389042 0.304460946728238 -0.400708188720653
0.32181560687931 -0.519006622155256 -0.00325729890135823 -0.226975654045491
0.0400704065515454 -0.629549916186456 -0.0405799739590471 -0.059150215975374
-0.40161794567406 -0.382028954183498 0.0814159636448492 -0.0562353836729172
-0.56796744748545 0.126148757418916 0.059503691167441 -0.0737939221658242
-0.321025592862848 0.413513961170483 0.0510869064582669 -0.104151224443352
-0.0480746127616536 0.487106565065651 0.00927626218482741 -0.103016194738027
0.207739423145866 0.434110641756247 0.000903782154172783 -0.0965327678950646
0.275244266097937 0.377038208340244 -0.00592893870579397 -0.102784805555801
0.265175290072378 0.41365525500414 -0.0149873902784537 -0.0794017485687584
0.0236700099912287 0.554266635819227 0.0137522077533522 -0.0747976068431333
-0.306811486248449 0.480897572012604 0.0115473146603784 -0.0283453622895339
-0.642307228933687 0.265247297006595 -0.0766997373964814 -0.0247486692843873
-0.577171474801804 -0.379524410973996 -0.1440333277101 -0.152682808106648
-0.0366329740590381 -0.734769102281931 -0.0236841898929333 -0.238133557931838
0.342517697541477 -0.673608029302895 0.16802263725833 -0.187903352969678
0.326499855138204 -0.581407993158331 -0.153170835216147 -0.0262695587867705
-0.000176002098285368 -0.70744013310389 -0.0563198855780937 0.109297492557791
-0.47301504624997 -0.411890159864402 0.0821576172962311 -0.0253946427824636
-0.617479533567016 0.150344226460491 0.0103375388105416 -0.0657471077933645
-0.34419306838099 0.445021530607703 -0.0246615554856685 -0.0149577224675555
-0.0597703630394531 0.519901209045937 -0.00299246382040887 0.0670600467449753
0.199031716607655 0.462045364673248 0.0714313042066834 0.0783180514602806
0.260668688253684 0.388084426360809 0.100157908548307 0.0483821219830381
0.244792596617899 0.413227980153913 0.0773098797149703 0.0770086169585581
0.0118479118227958 0.542092018283255 0.0508046960597265 0.0864697850596093
-0.300613122148149 0.468693639586057 -0.0196161108015968 0.0969152236061837
-0.609118398541468 0.269717245072124 -0.111849517909253 0.0351281811317852
-0.569292914431632 -0.337500317821389 -0.163710017608725 -0.0962239986484823
-0.0700467505637435 -0.709866741846949 -0.0391972012066179 -0.0944169308078548
0.304055105774657 -0.695399733847352 0.0412663271406899 0.0433886512225007
0.273240349744712 -0.555823853824806 -0.309909618307515 0.19765291372965
-0.0374406992351227 -0.657422437830851 -0.075788737210322 0.296343264841923
-0.452788025007495 -0.361308298211186 0.0708512869241189 0.0289871048540323
-0.541850739420066 0.144012158947427 -0.0390253573715114 -0.0368555062751331
-0.300203389717224 0.391807790858125 -0.0954813946342464 0.085469023985894
-0.055037957285543 0.457212835136344 -0.0107880292834263 0.23440644773311
0.162232853255236 0.410710884828372 0.134122798758189 0.246320103311094
0.205707136796112 0.338319205178872 0.191304810056238 0.193500318505372
0.184295630984898 0.352128662647985 0.154609400939302 0.21920752196084
-0.0116657969581196 0.445252057630433 0.0757045974617261 0.229082321763328
-0.25638422382252 0.36822673016484 -0.0525616412460654 0.200563787925104
-0.473482053679054 0.202233757796759 -0.137818614744866 0.0781457587810144
-0.445703101767434 -0.254917890271055 -0.163515024581161 -0.0500796708367456
-0.0675922764354269 -0.568147535477825 -0.0385114721960689 0.0245399388470687
0.225443323762601 -0.603862275310144 -0.0622136946624017 0.247899185859917
0.169829110216814 -0.429949284277995 -0.442805923114645 0.406183867783022
-0.0652655508120402 -0.473064989018669 -0.0914766744135773 0.457658223516852
-0.332823294978497 -0.232573230612298 0.0545845052879955 0.0939308570764631
-0.349627789052134 0.107797007437781 -0.0688662204942092 0.00299819220315364
-0.199518746699613 0.258672586622735 -0.141223134237681 0.166997221139232
-0.0443457921538849 0.311112602196302 -0.0114607111504806 0.361301701743306
0.0978368018254753 0.291520198686783 0.180822365046626 0.374616933086335
0.120223485837161 0.238175471836503 0.254374920905267 0.309280753642563
0.0979028928000341 0.242923893139232 0.204219684943534 0.327867140488144
-0.0327953243719046 0.290415327631414 0.0771280811631604 0.332176582716079
-0.17995865647695 0.219375689865937 -0.0886711174482269 0.260692193907992
-0.28256527540869 0.104201278017854 -0.154207660695604 0.0924764073842516
-0.263287729798453 -0.149101876564655 -0.148765055771112 -0.0213723861687616
-0.0516509573076771 -0.356753407043337 -0.0310224950051577 0.0997633044330997
0.121142438755574 -0.432756654412951 -0.133521378985541 0.392126772056139
0.0336463750645365 -0.224243424458008 -0.521207639667465 0.554621942702043
-0.0777296287690163 -0.197816942491269 -0.0927495615190971 0.565265367668057
-0.153199917329503 -0.0565522801840069 0.0491642128705944 0.156523294249543
-0.0960811310206809 0.0531834237332855 -0.0625931255784986 0.0388210746352271
-0.0678043670036676 0.0800287624252438 -0.150818892693503 0.206659445218896
-0.0315005823643225 0.112292094159716 -0.00396806847931255 0.419895189348842
0.0119986198741178 0.123718785431124 0.203050042280946 0.439401313489792
0.0150557561945207 0.100873812159239 0.281387810906957 0.377368698751317
0.00174077440803093 0.102602199797997 0.217714944962585 0.390330244969277
-0.0410590717804936 0.109230923360511 0.0573159198542063 0.386145245500353
-0.0794730440681753 0.0662784058565286 -0.125038350557112 0.279958506992473
-0.081174593432093 0.0213142289528127 -0.160994780284892 0.0852853599489811
-0.0925565847282383 -0.0294788249358398 -0.123080388196598 -0.00570013006982337
-0.0520250260175796 -0.130859978963632 -0.0232684242710305 0.134401370637336
0.00336483782743977 -0.217896747154608 -0.167887943994981 0.463521892601142
0.0889760047692374 0.0245839157105735 0.393769286710106 -0.363778625043392
0.109684064669744 -0.0471090219399394 0.0566672858994621 -0.240532589232476
-0.00414745886275269 -0.107089157953398 0.0697719071203871 0.0283575895126305
-0.120576463125099 -0.0322722153206222 0.164886521713111 0.0312240180486869
-0.0760731397427729 0.0550030197507387 0.259565876504341 -0.14850594307125
-0.0124085357294538 0.0764869499493342 0.175970887522277 -0.372605361093569
0.0501161290828668 0.0708079365408971 0.017230019158347 -0.455803619403261
0.0637042418194467 0.0859815852694581 -0.0739368920190819 -0.458360505307615
0.0532099679724126 0.100379268765885 -0.0264262916636484 -0.461410456465243
-0.0221142439312168 0.107646368922835 0.122596153268965 -0.383280799882038
-0.0964533066107681 0.0619360192828725 0.207836779173899 -0.187093000090816
-0.139698190922472 -0.0384573352208792 0.0834243568657521 -0.0729610650937227
0.00126836915935973 -0.143717286601427 0.0732459183099245 -0.178908054205394
0.137793942590126 -0.05122227329701 0.312732021037516 -0.395619397039088
0.112436708551363 0.0473783366099753 0.745861428902065 -0.325352913089995
0.26070927870982 -0.106197217949974 0.361728811234626 -0.349965209022109
0.193215091405829 -0.222356513184878 0.0601331345504156 -0.22153913596558
-0.0644549693237641 -0.251030835816036 0.0784092798149907 0.001605748138926
-0.283259605329174 -0.0688052244555766 0.139262998106715 0.0184380004752981
-0.226854420997708 0.124615643183921 0.236642208004413 -0.119661304970516
-0.102015374451914 0.219292214745228 0.169219284815046 -0.310834565566814
0.0443630845069 0.246313900064466 0.0377476325786433 -0.385052860632914
0.0855295624563276 0.258829886071519 -0.0412188485642865 -0.389185816500064
0.0646322971913043 0.284619288972431 -0.0187962833062248 -0.385238025655761
-0.112674316635422 0.297674219155239 0.101589413399146 -0.325722917793416
-0.283461960604777 0.164120562035838 0.161483751802895 -0.168577275919444
-0.387844337201824 -0.0672973393356641 0.0448654585327913 -0.0926758201679229
-0.124283908510354 -0.375279245487376 0.0435696352082358 -0.219570214167952
0.250188825637964 -0.329324499214367 0.268918455037272 -0.383826825822809
0.353896725034201 -0.154868280184694 0.64445690040974 -0.298767456975064
0.410682375143766 -0.226920927568084 0.255883805347217 -0.304200966260814
0.266169054185379 -0.398490759903818 0.0357027262661133 -0.163783107160293
-0.129763444021561 -0.394977538399221 0.0921801594323956 -0.0118331385169671
-0.436529962781474 -0.104043117667737 0.118023227207265 -0.0059893120252931
-0.366579763064028 0.185697947744522 0.186870029749239 -0.0953718964461538
-0.187143337917077 0.341800870804863 0.130731272165814 -0.217537796063799
0.0297921698328318 0.3925257170462 0.0471529429054225 -0.25740911611706
0.0941899921705031 0.392296997471446 -0.000394067069233471 -0.261937784802303
0.0722543392597485 0.420586622630572 -0.00390338214427691 -0.24907002821208
-0.173666172726152 0.444335151018246 0.0698004036105237 -0.211824253343858
-0.419377163671184 0.257614941037794 0.0891065071394456 -0.111868121068973
-0.58576035395987 -0.0579253053656096 -0.0129171258867675 -0.0917123239022187
-0.260924685496485 -0.536380505906057 -0.0065380518647758 -0.235435580418573
0.296684241452941 -0.561115203619727 0.190343493150126 -0.327454034369994
0.523947270240043 -0.340778322964885 0.465234642912992 -0.210773569216442
0.516982996877803 -0.324943491116008 0.0808543201880439 -0.222467665279975
0.308297234859953 -0.557948508677263 -0.0228733914703341 -0.0564324630918064
-0.199944739059064 -0.521474385704553 0.0979601984161008 -0.002444777624589
-0.566588673445861 -0.123184789785599 0.0890893337608161 -0.0294071876228702
-0.469645038731293 0.237257940992285 0.105891603204177 -0.0620884303475394
-0.250157651595529 0.427840764106282 0.0642285610911275 -0.0921763779088465
0.0109439353317373 0.486828282760932 0.0469790927875286 -0.0892021620319939
0.0903299328481706 0.466642459574197 0.0400006843817078 -0.0957795815805985
0.0706632069524499 0.486296746014953 0.0164149537450674 -0.0765838809608926
-0.205299598334712 0.519127692051913 0.0357153255272234 -0.0599477443221552
-0.486202345923935 0.315080443498797 0.00534840889953954 -0.0221339107265945
-0.690131786273858 -0.0285285227496208 -0.0785452361992201 -0.0649088134747935
-0.360363313520096 -0.597706256328478 -0.0630605422541479 -0.217107739216167
0.282432683289945 -0.689844758989711 0.102028068775453 -0.222989966113964
0.596959935508292 -0.464837249274416 0.247384748398726 -0.0814386194604085
0.551389246764624 -0.381879962027872 -0.146327939769941 -0.105123172585733
0.303865784350965 -0.649991065463673 -0.110424116082233 0.0936646624195009
-0.254426598169677 -0.579169348978178 0.0850135870851377 0.0295633737338038
-0.619867716459026 -0.122958784189474 0.0419561427259729 -0.041830568226825
-0.501410985023576 0.258414926776022 -0.00045470217823619 -0.0122685754340613
-0.271184879784357 0.452995089636639 -0.0183620084739795 0.0577733725192972
-0.00870393206953283 0.510286724305288 0.0375962177048327 0.100380786687254
0.0733287044483854 0.469727324001924 0.0735582328248356 0.0845552723642656
0.0525223669169346 0.478193812801805 0.0361208529098817 0.103311351060712
-0.210195757728787 0.504134358548608 0.00303208907232168 0.100792080659178
-0.473069474131359 0.307092468565456 -0.0758660754286637 0.0784011558796931
-0.659433479216119 -0.00798671868368857 -0.135804269110739 -0.0252571218280532
-0.371808923994463 -0.553298796600224 -0.107330526829301 -0.174172226258841
0.240050154021122 -0.679131066778892 0.0220842344725895 -0.0988840280231123
0.572463764111014 -0.499119721810239 0.026672919925214 0.0684260362224108
0.494455559303056 -0.383531830147926 -0.387995822901078 0.0330438784390968
0.250173041359686 -0.623580654712114 -0.206638336065931 0.255593174427867
-0.255782504483578 -0.52690440332559 0.0524756565203994 0.0743153659438002
-0.548830781813871 -0.0970899503503948 -0.0163554883085383 -0.0378726431880047
-0.438435269307408 0.226851761422242 -0.109329331691988 0.0466396137296886
-0.240071982033722 0.397199822460075 -0.0989318375867245 0.208117656611083
-0.0199032333062067 0.448905436067391 0.022210519999764 0.280349386407987
0.0455179885869119 0.402322378232165 0.0955124312236799 0.252897146591815
0.0225400306653467 0.396176245825189 0.0477426845308006 0.263816060074823
-0.191170326137568 0.404817090073673 -0.0324703632968492 0.239402308286115
-0.389170253092217 0.234453924646026 -0.145070676550697 0.159188707224858
-0.509318343469199 -0.0115315914142 -0.173474036734427 0.00438907336843398
-0.294681480584676 -0.423435371155692 -0.129578497962759 -0.12766658605169
0.179161934611143 -0.54583036221573 -0.0330702173595143 0.0101034262104347
0.461386712511293 -0.451342888873022 -0.161102308188936 0.204491350631465
0.349529761275584 -0.316730430976026 -0.595851338894864 0.16981385324159
0.148208661496945 -0.468507807261423 -0.286699483442048 0.392155509164
-0.203955324923319 -0.357018706206798 0.0100737038808207 0.122100080525772
-0.360061116753642 -0.0493057606680322 -0.061150073387592 -0.0183862613146111
-0.287643742136467 0.150087002287444 -0.191100336675084 0.0972043237602714
-0.167904157173142 0.267025284808815 -0.157132106283122 0.323910519743544
-0.0284561818113982 0.312338920520995 0.0102022024997819 0.41696831801698
0.00939937687983192 0.272163724729545 0.105838691494111 0.384396700779981
-0.0112242394892789 0.261278342425747 0.0492843245890215 0.381477778588712
-0.146472141974668 0.254047585427917 -0.070962174015898 0.331862426946263
-0.256151786442777 0.128500276626257 -0.198886595952866 0.200398802487775
-0.296696123956665 -0.0193108053129742 -0.18846427202551 0.0124278950424617
-0.176092350970895 -0.246834715431722 -0.129086118934229 -0.0896963075923611
0.102837713149462 -0.345755785581092 -0.0643682326388598 0.0809210055167872
0.2935029306306 -0.339203262015765 -0.291959077710809 0.299978256785424
0.137740072553103 -0.189984772490047 -0.727922286602029 0.275848252515622
0.0192978326647699 -0.22204125964737 -0.329728777738633 0.48385411783354
-0.115855072524976 -0.118572970454782 -0.0209481618305864 0.170131682468522
-0.106649627616133 0.00687616361850363 -0.0722900572036507 0.0104986575121882
-0.0910726906262614 0.044085392240105 -0.223790395724842 0.125060151435517
-0.0717998180302097 0.0897767769838518 -0.181929513232052 0.380322056305992
-0.0373161092551541 0.121798778960477 0.00023679954740361 0.485237271019506
-0.0285744167134033 0.100440809563669 0.100617319584761 0.455830495074929
-0.0397292066433828 0.0935374546855847 0.0375650975532679 0.442716387058371
-0.080116021943948 0.0839240413564866 -0.109015335893086 0.372927990343429
-0.0981305139614323 0.0291744473985458 -0.233885223103267 0.202917567244124
-0.0812220599607356 -0.0113183202158351 -0.185003912671838 0.00683799419995948
-0.0728707262901886 -0.0635472694957127 -0.114039693307517 -0.0602033310570302
0.0061400885266856 -0.139877942038398 -0.0783838621755032 0.113841012270505
0.0951605742747485 -0.196075267466116 -0.358239841461962 0.344523727006049
0.0898102723544027 0.0196691795158386 0.360901161917175 -0.379554567713258
0.1061657090193 -0.0545883310411951 0.0401950844227748 -0.238689399784473
-0.0103446782199257 -0.106101371405649 0.0730276520196828 0.0196481221966095
-0.12204778483319 -0.0223955735537488 0.16333303633233 0.0168377033744254
-0.0721810092094844 0.0597528034454236 0.242767819043078 -0.163835787111281
-0.0081144517681273 0.0759626406834923 0.14405200266853 -0.377706614978655
0.0532345796948021 0.0659835026119238 -0.0161195644646687 -0.447346660285175
0.0692928123730994 0.0799023857679814 -0.105016166839827 -0.441585385453911
0.0609611141461531 0.0943741366073478 -0.058279910779839 -0.448592276741123
-0.0138133727862672 0.108596406405533 0.0934274119046825 -0.383874065757516
-0.0926795316265675 0.0680457096901588 0.193277514868555 -0.197890156420921
-0.139903452860355 -0.0286464855418975 0.0774918293507459 -0.0748982231551964
-0.00767532460752235 -0.142971657834145 0.0616278485980823 -0.180663230961256
0.133466823903571 -0.058393878409359 0.278122880790919 -0.411821942162128
0.113785220848188 0.0409469667712997 0.705124232380228 -0.363614410155138
0.249413102979004 -0.116770846819412 0.331612835196156 -0.367088665527893
0.177204030049944 -0.230927227887845 0.0446257255384465 -0.220847184618796
-0.0768964865636725 -0.241190434132161 0.0796939517868753 -0.00833236676209566
-0.281970681001296 -0.0459625578882799 0.136467772284586 0.0048318050559269
-0.214818321593684 0.138327598688019 0.221171904471114 -0.135507529762196
-0.0849878023453387 0.22292690290206 0.141742969438065 -0.316975145559169
0.0612488543340671 0.239007996110383 0.00808411706879626 -0.378504510641339
0.102502965084324 0.246795718178467 -0.067861810116619 -0.37777599746335
0.0844463291897886 0.273525581513298 -0.0448318726706405 -0.374364688999022
-0.0889286443045036 0.301529999109872 0.0768737174352976 -0.327629327680866
-0.269298367033997 0.182003907984468 0.148619098032028 -0.176729057552258
-0.384485958208445 -0.0394737056232236 0.0373522218790032 -0.0934881753838765
-0.14634209286149 -0.360827556559377 0.0294215406441877 -0.218181161012587
0.227125388039127 -0.33916511665682 0.236513064445525 -0.396894752259658
0.338008358177237 -0.171998034665231 0.609748146444469 -0.329720828130432
0.388226872597264 -0.242134119819789 0.229831609955658 -0.316209263871825
0.23611961808952 -0.407677726073879 0.0248100015094813 -0.162786163247001
-0.146691532593252 -0.377664351029925 0.0916316119722362 -0.0225499255877696
-0.432294153681179 -0.0703436238885179 0.11434027611281 -0.0174547776051013
-0.346839547250944 0.206790178962544 0.172493591573802 -0.110406736942057
-0.159577155033815 0.349504910715987 0.11015237301969 -0.222377560211267
0.0574427597610157 0.382701952954045 0.0274466206815711 -0.255006444756399
0.120714000312207 0.376516923563941 -0.0199329961391103 -0.256337254161634
0.0999533552400595 0.406286695403195 -0.0204499874505518 -0.242106701959435
-0.138828597194622 0.449868697086102 0.0526289206971914 -0.213987493272674
-0.396855346487894 0.283104727188232 0.0808829892857116 -0.115831957315793
-0.577255391982055 -0.0169545235242214 -0.0196278109371641 -0.08907293262172
-0.289868244910034 -0.509693814473323 -0.0217174893002577 -0.228749485032217
0.257276390428499 -0.569976894062187 0.164554916488485 -0.335274198723796
0.493821437097433 -0.362707114089219 0.44356401739722 -0.236856437589343
0.486188365906647 -0.343549487027775 0.0625276165339054 -0.225643650516543
0.267351427947979 -0.566989884040366 -0.0266041194484484 -0.0541848250832774
-0.224288508254358 -0.495519859645001 0.0978976671190811 -0.0130595940701021
-0.561348236112842 -0.0819987650072935 0.0843905727486937 -0.0389153180976363
-0.443135717411732 0.264791392330745 0.0950225247901713 -0.0746545299501423
-0.2145226673479 0.43834312444766 0.053846050508742 -0.0952160586965524
0.0471770831400539 0.476035662801964 0.0391319252747602 -0.0901038118098296
0.122063162586434 0.449328473279325 0.0312595625367409 -0.0972042488324211
0.102496540886003 0.472682642975189 0.0113942210750207 -0.075043762799966
-0.163952060422369 0.524127557547608 0.0299262312281309 -0.0630941979698126
-0.457225234660055 0.343551442190806 0.00443695956093698 -0.0219301813209987
-0.675151551472345 0.0200794270466579 -0.0828811034675407 -0.0591761367749859
-0.391338346838818 -0.563067542322188 -0.0774827919998379 -0.206420567560644
0.234218807112962 -0.694641613718036 0.0836212120320806 -0.227416959840521
0.556904542317099 -0.48823787710753 0.239882597349571 -0.0954708432603106
0.516629865011992 -0.402007460028391 -0.152885468002071 -0.0985811750863642
0.257435246734678 -0.658516633072904 -0.102989742942335 0.0980808483772637
-0.281128653560469 -0.549946923702895 0.0877148668761469 0.020207034737117
-0.613781860537742 -0.077553197929278 0.0373255320004956 -0.0477105891335094
-0.474055197906669 0.287604394460692 -0.00625025166534374 -0.0193945272260718
-0.231419547989393 0.462742110891547 -0.0165979041465393 0.0579158278778234
0.0308327886603657 0.499321864873836 0.0436698139808806 0.0958722604744875
0.105056272563798 0.454525270671857 0.0760993617591294 0.0763006741473797
0.0827523308539032 0.462449432894935 0.043472093031663 0.0998388101799011
-0.171350369041867 0.507771934053306 0.0090005431750939 0.098221565905499
-0.444700043438774 0.334029125737292 -0.0683187352647677 0.0835358272947963
-0.644444394909687 0.038816659236073 -0.136753078616965 -0.0172134855577591
-0.40037751634525 -0.517986302378181 -0.120388413759026 -0.160870289156878
0.192810292298621 -0.681238967194296 0.0139900633951043 -0.100235883873839
0.528554654236899 -0.521724063645058 0.0348922397874434 0.0648497466080999
0.461081232335982 -0.400301936732588 -0.380970472309194 0.0512131635040517
0.204192436769587 -0.628701966878632 -0.187737537270718 0.262727988414688
-0.281939007208814 -0.496569326036735 0.0576904137921364 0.0675089106782325
-0.541169913340258 -0.0580152347117586 -0.0191953270562034 -0.0394602719939317
-0.413616276778948 0.253229666897189 -0.109325217481211 0.0457817942818812
-0.205685964532004 0.407402002993873 -0.084692370426148 0.21028325521753
0.0152322831972061 0.440103878924425 0.0422724747446825 0.272478447995166
0.0725192825710018 0.389532218593874 0.109835652555877 0.239212051591081
0.0481773645294114 0.385895902789937 0.06596967157855 0.256050923484545
-0.1586953327985 0.40957648797491 -0.0149343000614063 0.237574015211388
-0.366317651289619 0.257670731305756 -0.131677490201271 0.167802253390181
-0.497703435737518 0.0258494921318214 -0.172357610237323 0.0145757474477138
-0.315551782582483 -0.392197613504565 -0.139421836454171 -0.113113155795141
0.141681974869146 -0.547532164372173 -0.0334303020030695 0.0115863504689372
0.4232666553027 -0.467740968108895 -0.139063404616919 0.208951277049245
0.322636115804007 -0.329236504110469 -0.577925831316599 0.19755182242558
0.114980005606912 -0.469044474172113 -0.257509367537222 0.402215537562841
-0.221824082715414 -0.333828864848366 0.0188945913164003 0.118778464138332
-0.353906514220037 -0.0247208748223354 -0.0615381662396959 -0.0165925791135348
-0.271331187436891 0.16713386526959 -0.18458950854347 0.102249772965344
-0.143772017836325 0.274018023247639 -0.13287072921283 0.328406062978955
-0.00377255308155655 0.306786009537934 0.0394023922716953 0.407924011719772
0.0285275028598687 0.266081510516778 0.129340602924596 0.366824467955598
0.00612031442986374 0.256035197114498 0.0746215698381075 0.370399637151355
-0.126091288932586 0.257736850202798 -0.0456750127421046 0.331539975320135
-0.241112324528913 0.143429395694666 -0.181756339598992 0.211254935103867
-0.287619101871299 0.00208681148145766 -0.185387741039141 0.024060565067384
-0.187833537412886 -0.226947355738717 -0.136621271511275 -0.0763884774792492
0.0773673847540421 -0.345871918336643 -0.0584578404656559 0.0837706885545951
0.264946955249789 -0.348198826816065 -0.260435084301296 0.309101759682586
0.121481032835825 -0.195078781469442 -0.698864729409241 0.31101096290804
0.00374662255203708 -0.219219586789904 -0.292249672664561 0.494915396030241
-0.120913480632071 -0.106755315259812 -0.00915149409760901 0.169852226442229
-0.102529483507776 0.0131175696043953 -0.0695756380730344 0.0135956896228105
-0.0857700921772244 0.0491079114775368 -0.213364663125424 0.133947241058587
-0.0624475165894498 0.0927520494464203 -0.151637746410442 0.385515628807147
-0.0264593475835894 0.120508969190485 0.0348725867597516 0.474693102982369
-0.0220507036126912 0.100131686038321 0.129881869793607 0.438064648891555
-0.0340584493488578 0.0945194348158099 0.0665794678820319 0.430403768386762
-0.0728496435411317 0.0864736788122045 -0.0794035794542481 0.374282689326277
-0.0923518330701049 0.0347437685658656 -0.215798393608095 0.216057312799995
-0.0768797036927578 -0.00418147254873026 -0.181442584248451 0.0184781053040139
-0.0755759221428109 -0.053885252964935 -0.11903079784422 -0.0486733191334623
-0.00501464199220334 -0.137136588052469 -0.0695927748780587 0.117493822271511
0.0795879383308697 -0.197865695294687 -0.322829684929053 0.358114785931961
0.088686160102205 0.0159622431590202 0.332417976198479 -0.385281613335356
0.101859545381186 -0.0595720312751771 0.0270373097196946 -0.233296988266004
-0.0149372133722281 -0.104084762576381 0.0733950136281191 0.0121254297004591
-0.120548284897663 -0.0139947934271789 0.158012470602508 0.00604691779163235
-0.0683829648038525 0.061808257729924 0.225300945084889 -0.1709760600738
-0.00488878050160451 0.0751283625245974 0.116881574373044 -0.37390458410217
0.0548008169694896 0.0626483173193569 -0.0412424648486187 -0.432280448801232
0.0722442899553588 0.073151469467438 -0.124849788407645 -0.421510591631182
0.0650595953415338 0.087338266517717 -0.0791866126494734 -0.43047445300874
-0.00749644766940302 0.107220600170767 0.07117164774355 -0.378862116621677
-0.088616820678993 0.0721929899236207 0.178863136965127 -0.202284629963376
-0.138306815529794 -0.0213451352899741 0.0714071988069132 -0.0748638285247251
-0.0136904633140283 -0.140171348740989 0.0520934857880007 -0.179358307665199
0.128446915227493 -0.0627596099457945 0.248739147890296 -0.414092082020086
0.112730900568259 0.036286623630744 0.664757105116469 -0.38142514280923
0.237084171329506 -0.121102507174573 0.303133486181222 -0.370517007713446
0.161981082595028 -0.23292389058408 0.0328220065627387 -0.216035247858597
-0.0837050864762094 -0.231549180282974 0.0785785878753032 -0.0164007457346264
-0.275108743303154 -0.0289998471360639 0.131223020549315 -0.00461507554692853
-0.201978925086024 0.146315053380099 0.204310290869914 -0.144417229084745
-0.0721798482259484 0.221668878983294 0.117847409641323 -0.315189532848726
0.0725932705374388 0.228768349212569 -0.0127742523359205 -0.367499581695752
0.112440567174294 0.233434423446101 -0.0856860125041015 -0.362097089856682
0.0975936393840999 0.259967484260521 -0.0624839113401013 -0.359128535553491
-0.0703625622899156 0.298645945709677 0.0566103953554423 -0.323446660075309
-0.25475843516894 0.19247334720475 0.135800134072979 -0.179776810747029
-0.374953046843583 -0.0190209404671214 0.03136121260066 -0.0918347328213791
-0.158060255709393 -0.344839693485152 0.0191626030873446 -0.213041975455328
0.206645811274698 -0.340283917645294 0.20868277777914 -0.399197699709093
0.321030625495673 -0.178655863198705 0.575592301788341 -0.346508281977935
0.367882467204509 -0.24661720634152 0.20585745792762 -0.319318340981225
0.212365355169319 -0.406450646083373 0.0155105546789063 -0.159681434492013
-0.157392324044048 -0.358264787173906 0.0898075311236757 -0.0312277881139248
-0.421192545502733 -0.0447895502604613 0.107995067419416 -0.0260979605158223
-0.326582395701351 0.219232672023946 0.157413425061565 -0.119395108910739
-0.136451126448693 0.348690171108786 0.0923285894143373 -0.221961445930433
0.0774203602785307 0.368283232797123 0.013137204493656 -0.248479526103896
0.136611083201136 0.358235312850016 -0.0332863411989997 -0.246985420149056
0.118422418675908 0.387434486578425 -0.031135197494294 -0.231809453056687
-0.110640391233434 0.4446366662851 0.0388073896070427 -0.211393936533769
-0.37361155508155 0.298227733314499 0.073181898070876 -0.11740005317893
-0.559882939168491 0.0136523717027725 -0.0245702915234415 -0.0854140565598912
-0.305322692907374 -0.482897024422338 -0.0323032398287137 -0.219956124717773
0.224097091184567 -0.566036471234388 0.141843398653825 -0.335086635915844
0.4644707919212 -0.369934560815344 0.420663629753329 -0.248937966303617
0.457473494283177 -0.347545868136836 0.0474911821410606 -0.225485728101651
0.23339703596074 -0.56345460292938 -0.0295454170583852 -0.0518608762221568
-0.235717935643826 -0.468067917128749 0.0963097774200598 -0.0218770666074498
-0.545001160883436 -0.0507711412434297 0.078553157161743 -0.0454312454735399
-0.417882973877361 0.280661234818414 0.0827870875334677 -0.0827806744149155
-0.183537088228621 0.436648362030515 0.0444313948955325 -0.0949437097096325
0.0710243138123837 0.458730044577785 0.0334428622956677 -0.0889611465375421
0.143015745248831 0.428067899242628 0.0236985083312377 -0.0962674121261367
0.123006665717141 0.450136716216145 0.00838999573216807 -0.0716163639307209
-0.131792194274204 0.518960435109423 0.0244761573450698 -0.0637342088976803
-0.429384527785234 0.359378714143254 0.00323046908591105 -0.0214349027728205
-0.652969638830714 0.053745288326722 -0.0850630770663518 -0.0541809886481631
-0.406134397921106 -0.527713504886274 -0.0867469114154073 -0.194112051509101
0.19763286264006 -0.687343655745428 0.0685935250261216 -0.226581945171365
0.519716646732392 -0.49505696892246 0.231538138968912 -0.103668664102701
0.483220938658368 -0.407384500907743 -0.156755765087486 -0.0924477666372996
0.219703494990465 -0.650748802475847 -0.0969842421778949 0.099183216291149
-0.293711830041123 -0.517850197454851 0.0868213034874483 0.0120420758261907
-0.596602457998833 -0.043984020985994 0.0329638461713983 -0.051524078532564
-0.445341676394663 0.303354515810141 -0.0136710897771604 -0.0259664667530256
-0.199098083716916 0.461691293879528 -0.0162320223618972 0.0572049747477736
0.0583318990399752 0.481571019828443 0.0475610201212108 0.0914997996399048
0.126435717566526 0.435170697280618 0.0764712558217242 0.0695584822527923
0.104045271287485 0.443927575857047 0.0478512568552502 0.0960421250990406
-0.140602510136058 0.502241968468188 0.0129607211178749 0.0943157550907033
-0.417339337045284 0.350225616505293 -0.0619975719538243 0.0848973033128693
-0.620412433540678 0.0686265898474192 -0.135778773961632 -0.0110198833946891
-0.412276217068035 -0.481775517662096 -0.126819612885848 -0.14637572182353
0.156088363660217 -0.673271685872506 0.00725132864991147 -0.0981477408413848
0.491156939599036 -0.525481570552415 0.0413855292432731 0.0594823647916838
0.430789856343642 -0.405082669334197 -0.371124018611349 0.0621301390206025
0.169829116386653 -0.620859796681493 -0.170973076410658 0.264245095668988
-0.293412098175527 -0.466955701140186 0.0602138299403822 0.0609039508017228
-0.526137127596763 -0.0296350378132957 -0.0206673583247912 -0.0400902499138099
-0.388303844168917 0.267360910264409 -0.110022350478005 0.0437587228539746
-0.17571426933226 0.406589234157802 -0.073467322733349 0.209160680605516
0.0400511541189862 0.424758263836127 0.0562412911355785 0.262882924953381
0.0903734669258552 0.373642170678385 0.117476511736969 0.224828709478454
0.0655834255807943 0.370971313054561 0.0775685442193295 0.245171684661744
-0.133392049227844 0.405836506132046 -0.00291823892318271 0.231351991982916
-0.343178156934262 0.269819216433203 -0.11963003397438 0.170316834038321
-0.476948005056172 0.0499513681369191 -0.168374627148869 0.0218849747322701
-0.323848629446639 -0.364460645762773 -0.144569058146057 -0.0990944075291602
0.111567377811285 -0.538996009928 -0.032800654514965 0.0126780083139417
0.391222409673226 -0.469280995455833 -0.12049126036292 0.206524166033504
0.297892790144516 -0.331503480284067 -0.553864528665252 0.212311560578721
0.0888648879488043 -0.460779578790741 -0.231743781950585 0.402542263511472
-0.227740117226044 -0.312148997223762 0.0248380123379514 0.114275944765316
-0.34224774944979 -0.00670489999577839 -0.0605037242352652 -0.0152386336089039
-0.253884162207219 0.175600709923875 -0.178918680110402 0.103452267130044
-0.123112847070053 0.27343876667299 -0.113257613000905 0.32638429364038
0.0143458364420195 0.295769840801894 0.0605744085501206 0.393250024213417
0.040870001576608 0.255786467117652 0.14279257816924 0.346817890874163
0.0172078643125149 0.248213038452354 0.0925835873031662 0.355757759436982
-0.109436775017724 0.256737809648715 -0.0269231308741132 0.324234846766596
-0.226037587226809 0.152004124676385 -0.165470223585855 0.215627912164782
-0.275507544118141 0.0173941045579608 -0.180172698305143 0.0321744578841302
-0.192279755957084 -0.208421670123142 -0.139399398008914 -0.0642440925905787
0.0587206757799306 -0.338826532591327 -0.0534261866099001 0.0844340219717959
0.239401932200746 -0.349261824772725 -0.232340104013448 0.309996010103326
0.108679298334205 -0.194617372931178 -0.667084216479038 0.329241409995699
-0.00731358415195303 -0.213317305456572 -0.261711784102316 0.493621078015839
-0.121952448315411 -0.0961749869637128 -7.83904455223496E-05 0.166668844617299
-0.0977681606410544 0.0165185853559435 -0.0661914059296895 0.0149210587153626
-0.0801129962184519 0.0521556513139627 -0.203756884053398 0.137404052057077
-0.0544929926845531 0.0930039553064257 -0.12807948654317 0.38250442169492
-0.018657424403852 0.117055995199243 0.0601737845131392 0.457761588290449
-0.0167308392633587 0.0984104030755937 0.147328303252077 0.414838496878444
-0.0299633915491199 0.0937741095505694 0.0869159062217676 0.413144977660739
-0.0668088148814662 0.0863626879170941 -0.0566834788163327 0.367808766361329
-0.0854013219434453 0.0373131233815772 -0.198427429075365 0.222652252869021
-0.0709866898505058 9.23602247400231E-05 -0.175977250654167 0.0273526772930053
-0.0750748904876534 -0.044817430074348 -0.120907942101803 -0.0384140113839526
-0.012621559762659 -0.132524604482676 -0.0615639978281437 0.117954577985089
0.0665347095332086 -0.19533846099034 -0.289403459779925 0.35963467328874
0.0874252158951758 0.0143089562358644 0.309733052557229 -0.384529358123281
0.0984018754611391 -0.0629724796007169 0.0184677312050827 -0.227457024067025
-0.0185246202609608 -0.102529710850372 0.0732797959310956 0.00535080727912433
-0.118836971705124 -0.00813998122174707 0.152351788106541 -0.00228964342433958
-0.0651219626151839 0.0642172504052878 0.212126242119125 -0.174398667241849
-0.00317776532014065 0.074837419971216 0.0976893551988656 -0.368984951156788
0.0557540623661329 0.0599509358124115 -0.057978696530779 -0.418967355531682
0.0737040008361763 0.0684115072251908 -0.136685469425294 -0.404542326775049
0.067748393421735 0.0817122669477733 -0.093005234509426 -0.414916207321245
-0.00273196128430259 0.105866819668702 0.0548106997584954 -0.373725457136649
-0.0851070420875862 0.0753814209218153 0.168320221785942 -0.204018590434955
-0.136762506659976 -0.0157506135717896 0.0675224680347703 -0.0738918847750415
-0.0184643036159003 -0.138015583808629 0.0456515074695461 -0.178174799760989
0.124940130633961 -0.0651531304830716 0.226377349895854 -0.414035035415521
0.111535986445138 0.0330372775941459 0.634846294780947 -0.388497779779954
0.228518627590348 -0.121088091667439 0.281253844773554 -0.372444732984236
0.15141648191309 -0.233047065154546 0.023745270734469 -0.211210743630175
-0.087143869600574 -0.223297432665519 0.0778055785168225 -0.0237462517259953
-0.26765574918517 -0.017442834253738 0.12554749320085 -0.0122065947979519
-0.19171767017832 0.151125544774617 0.19062154350631 -0.150475182623378
-0.0616344138925449 0.220172499167964 0.100503798281473 -0.311122536762289
0.0800833215666581 0.220473342088976 -0.0271654765555336 -0.356855047550512
0.119094542988705 0.222400043446151 -0.09721284024254 -0.34726835856
0.1052379751258 0.248909535759016 -0.0723301751096603 -0.346643026579873
-0.0563572432611336 0.295545542598004 0.0422210451898805 -0.318182272683838
-0.243039686007681 0.199412836295893 0.126628541963766 -0.181207756857162
-0.366436975583245 -0.00478667629966274 0.0268886153743939 -0.089584727624678
-0.166328715995314 -0.332817836764115 0.0115399287654823 -0.208974732578944
0.19147927307541 -0.340152695494016 0.188175393224394 -0.397299408428782
0.308087623073882 -0.181429825597681 0.5517180688563 -0.353553401554589
0.352126587072937 -0.246269843294047 0.187819369043694 -0.318776200174099
0.193654125374245 -0.404220945234978 0.00883284093353062 -0.155400934897287
-0.158584878945683 -0.343786762412276 0.0877486487222416 -0.0389143634519147
-0.410397459634935 -0.0279523772306748 0.102510158067824 -0.032498350536898
-0.31039114844098 0.226755309939149 0.143854146867034 -0.125889308432128
-0.119136402004163 0.345968000020599 0.0785216479526658 -0.219090095407113
0.0913079217238082 0.355094971180385 0.00313397596273259 -0.24187601868101
0.146991351954688 0.342717076186628 -0.0419322319640325 -0.23914190087471
0.130865121550911 0.372034144234896 -0.0375170283174523 -0.22366601640844
-0.0906203248972262 0.438586136793802 0.0285605272462897 -0.209068971618483
-0.356196561623517 0.307171475344114 0.0673260020577118 -0.117628124117086
-0.545373020563031 0.0336411941313182 -0.0284924637758532 -0.0825451318523732
-0.314133999081168 -0.460635228032386 -0.0395955542588123 -0.213237854247591
0.20321789663495 -0.561975753953683 0.124641616187712 -0.333356977728578
0.44152209162487 -0.371599841918123 0.40413152888598 -0.254973888998514
0.437998534151973 -0.347453620018547 0.035001427165148 -0.223730305572314
0.209190425208787 -0.557622350071057 -0.0324246629742443 -0.0496501348817637
-0.240298247245908 -0.447997878422128 0.0946934223805179 -0.0291480722913359
-0.528645113908929 -0.02858114297805 0.0734448967554517 -0.0509066777969394
-0.396414055388798 0.289700468795696 0.070912045328517 -0.0883015006462282
-0.161514149836316 0.434642005593746 0.0358661785592602 -0.0932858042163817
0.0896973423965168 0.443480024731658 0.0296167490284961 -0.0879232515489369
0.154861149549191 0.41159957449943 0.0186207304365301 -0.0946312255056993
0.13775548092282 0.43533007952149 0.00689887830254919 -0.0691634818648968
-0.108429619782413 0.510975475602474 0.0198628308443857 -0.0638642010478833
-0.406127512968319 0.369183516814319 0.00203920497180644 -0.0211386346714942
-0.633627216815107 0.0766127603302853 -0.0872775555299336 -0.0496966686483198
-0.414123210633315 -0.501411424584871 -0.092523572983428 -0.1842224962393
0.17420449961782 -0.679024821350639 0.0565854343733301 -0.224697580632618
0.492892971129344 -0.493792428552277 0.225194111410672 -0.110040053284755
0.46131559050577 -0.405517199090422 -0.159485778341888 -0.089167139333774
0.194202477396475 -0.64242211440427 -0.0938269990997957 0.0999896349410344
-0.298162963718533 -0.494925264000999 0.0865091922194232 0.00559994561812268
-0.579534735783292 -0.0223978252704581 0.029628816835056 -0.0546338173995472
-0.422788968822145 0.313419917757914 -0.021566487199813 -0.0299710109764086
-0.173889471634307 0.460302815564407 -0.0167291184723064 0.0574209846688197
0.0772270594881089 0.464230315638337 0.0505840964057278 0.0873736846562296
0.139348569125164 0.417682159792094 0.0755530374623607 0.0640483653382945
0.118462979498082 0.428778989842326 0.0519002880192397 0.0926476229341657
-0.116797340379518 0.497702480011192 0.0148437284369373 0.0911604528804297
-0.394490457585511 0.35951212627056 -0.0583994625857693 0.0853382176300025
-0.598837426206078 0.0908950401863575 -0.135900337300386 -0.00565782292139843
-0.416494258073552 -0.455670248224218 -0.131185231290845 -0.135100971909829
0.131704476257817 -0.663054651692241 0.00141693707707312 -0.0971984933254271
0.462266555833889 -0.524671667905813 0.0461572710316471 0.0544254574763867
0.407314757871388 -0.404552671564796 -0.364598642974625 0.068146543478565
0.144618247861751 -0.611445575768681 -0.160088876877748 0.26325182278169
-0.297064399549608 -0.444803886217352 0.0625562048164395 0.055515377400917
-0.510527291040315 -0.00877502386770199 -0.0218850791899525 -0.0415882573152549
-0.36787662213615 0.276483462103032 -0.112306374004222 0.0408342919166606
-0.154302437865912 0.402809310063072 -0.0660215548774187 0.208349460043654
0.0570191285683823 0.41087430907553 0.0663421641297609 0.254087932205445
0.102207104224973 0.360202606299289 0.121548021512292 0.21354029659411
0.0770662482498823 0.359008506164681 0.0859967345686476 0.237306819419141
-0.114403870896126 0.401953173668626 0.00469231538673922 0.225409043340081
-0.324388715093328 0.276843264364534 -0.110599456054169 0.17214385390748
-0.459738476240308 0.0666660828169399 -0.166357815190004 0.0273382927387545
-0.32631232132288 -0.343508152417323 -0.147363686035276 -0.0877050193056446
0.0929500477217474 -0.529618303362271 -0.0333563776840052 0.0128004811667175
0.365312796759313 -0.467758473785899 -0.105353123462814 0.201974925807535
0.281283026739265 -0.329190216168337 -0.536713572928844 0.220678691118818
0.0703196244104817 -0.45356490916543 -0.214423554125724 0.401315491622783
-0.230496552972722 -0.29577334205283 0.0292427884237279 0.110917762396078
-0.333051686027174 0.00534515407344325 -0.0587703864093555 -0.0152987531865672
-0.239941860865749 0.180938235476776 -0.176627656980085 0.103049958735447
-0.107481980200333 0.270463434265541 -0.0990567323443574 0.323994500409371
0.0263945088501311 0.286654088138217 0.0754164011401329 0.380062182751902
0.0487113686722932 0.246921523505533 0.150938654182185 0.330774060684399
0.0247498489810427 0.240916110687036 0.103542069461102 0.344448999951054
-0.0977888717384377 0.253429856249037 -0.0136378595532812 0.318249321988477
-0.213203305002176 0.156306473029387 -0.153675080449166 0.218542889932711
-0.263194441895916 0.0275878522193215 -0.176879961434543 0.0382634721406659
-0.192582034998903 -0.192549354384397 -0.141437694383828 -0.0536933666854575
0.0450156133225389 -0.332358231450448 -0.0496558907532941 0.0836416029770694
0.22295935853734 -0.345361654084598 -0.211358170570582 0.305688510077195
0.0996183601002998 -0.192443911615665 -0.642383475621793 0.338459406917287
-0.0147578318060142 -0.208657513770011 -0.23921286201839 0.492612994135685
-0.120192123853198 -0.0882816728003884 0.00715377256897422 0.163749139372057
-0.0939680258454888 0.0184649187121534 -0.0634858991671857 0.0150183325441695
-0.0752108565205142 0.0534767674667866 -0.197441620841373 0.138355551414766
-0.0485653523264575 0.0919660918375551 -0.110001795299878 0.37922896894351
-0.0135331858412738 0.113294463510318 0.0771310165255923 0.443560044260383
-0.013023990321811 0.0969657141696766 0.158166339410731 0.396588238450028
-0.0272988364422199 0.0929675841982506 0.100205330191251 0.399684441655287
-0.0624988713828987 0.086664792356925 -0.0409139001752459 0.361528801686065
-0.0801757387189957 0.0383260067376751 -0.18491857720352 0.226652950733079
-0.0658889535439084 0.00311041008981125 -0.171862268349036 0.033467368100111
-0.0732948940437241 -0.0375725036237069 -0.121794620687152 -0.0304368502608589
-0.0184376453924509 -0.128387541250746 -0.0559374181151689 0.11722621103506
0.0575736646081873 -0.192217869252367 -0.265329710824707 0.357113736449247
0.0864257856862737 0.0129767413340223 0.292153421128384 -0.385197131224886
0.0952316520043459 -0.065696391785152 0.0106539229944907 -0.222606185386853
-0.0219327776956092 -0.101112096121556 0.0728608301783286 -0.00146275148163422
-0.117847605663158 -0.00296372044172616 0.14715715483749 -0.00884808946366848
-0.0630140852527317 0.0674108306885683 0.201316501983163 -0.178686758435761
-0.0012331592448234 0.075165396356629 0.0809026738250997 -0.364986526630855
0.0570316237410573 0.0575699997298096 -0.0731081991812895 -0.409358664923761
0.0752033091157999 0.0643893019317766 -0.146367816168229 -0.391008091592794
0.0698623468649182 0.0772408135825225 -0.10506873435832 -0.404697102226424
0.001707227981975 0.105461177244042 0.0413779963277016 -0.369243852000635
-0.0826799690874907 0.0791001375561297 0.160200461373932 -0.207527704215742
-0.136057211379432 -0.0110077754125055 0.0644258700072526 -0.0727343945239378
-0.0224517454693738 -0.136679260269589 0.0400878936370714 -0.178138166063091
0.122922973140619 -0.0676520356103436 0.20745234212924 -0.413498469146066
0.11091399467418 0.031246261565018 0.6107532104774 -0.395382981200814
0.222125968210225 -0.122135013950019 0.262153941085036 -0.373299485359723
0.14231274817495 -0.234465884827611 0.0156197935844762 -0.207470799833059
-0.0908203931780611 -0.216978671222623 0.0757734598679936 -0.0308232686190344
-0.262632089114033 -0.0074439425499749 0.120404485234036 -0.018558811128273
-0.184031954282083 0.15616770654923 0.178927360279211 -0.155265956767024
-0.0531564431016001 0.220411148021946 0.0851265007906971 -0.30784449514467
0.0869748785897725 0.21449978790709 -0.0398934568618837 -0.349594294501103
0.124910932862857 0.213617599563142 -0.106186145528637 -0.337381458985508
0.112931968063824 0.239995612548798 -0.0823280153594144 -0.336205726476593
-0.0438536508360956 0.29400968195945 0.0286667641774067 -0.314747294625792
-0.23404713370484 0.206889905412375 0.118843442876938 -0.183411833472015
-0.361739091417538 0.00914178090986586 0.0231902482182421 -0.0885762990150344
-0.174381667748885 -0.323950269517105 0.00566370296376189 -0.206550320878302
0.180246785452325 -0.340366019821904 0.171108793473504 -0.397554019093021
0.29818446167102 -0.183913239376517 0.529812907851046 -0.359922311202632
0.341837389232171 -0.245638009077902 0.171488035867435 -0.319265018190495
0.179125130075467 -0.403523868783583 0.00229688954328518 -0.151943009472644
-0.163509981138989 -0.333513002258151 0.0861206488299687 -0.0460825606703954
-0.401930904572655 -0.0132085790151555 0.0972820237067275 -0.0382651862752572
-0.296177011683817 0.234785337610631 0.131681261647311 -0.130285066764341
-0.104547882555257 0.345794027588113 0.0670762447996506 -0.216162604609179
0.101197512157867 0.34527417614342 -0.00511958865188196 -0.237882373366441
0.156913616972318 0.330720413598611 -0.0490227864861586 -0.232900567061227
0.141925361728486 0.361064577027802 -0.0427830659664837 -0.217450866690675
-0.0717429206876453 0.437358746900011 0.0196323333626796 -0.207206047672706
-0.341174566164514 0.315622695220919 0.062824584759616 -0.118630353168341
-0.535900847678738 0.0516399533387442 -0.0325337791914359 -0.0799255114922928
-0.323006882353866 -0.444922957739447 -0.0463603133625834 -0.20765248546992
0.184599501804788 -0.559614362879179 0.109787466541369 -0.331727130755445
0.423098250974033 -0.372553123472361 0.391275217573768 -0.263149405811331
0.42229991069007 -0.347412085426378 0.0239593145985471 -0.222980039769512
0.189428632632213 -0.554127897938084 -0.0353747671780873 -0.046582846711445
-0.245489723539474 -0.433571828938015 0.0934114425668798 -0.0359205275042974
-0.517297195342467 -0.0114356273176868 0.0689736639265771 -0.0553919340491995
-0.377457869009098 0.297981813121332 0.0598611639603918 -0.0933015442109865
-0.142112164248702 0.434024688490781 0.0296453012693195 -0.0910964219614714
0.104614918451154 0.430068990677833 0.0267139023131362 -0.0867675281290715
0.166087187151886 0.39737556382478 0.014247801941391 -0.0934577639060087
0.15005374994022 0.42089760194031 0.00649601804226763 -0.0677314276824534
-0.0884938426213282 0.507454400146205 0.0156890873065002 -0.0637621903476049
-0.389249509357366 0.379044607782687 0.00125758637830608 -0.0215021508658836
-0.61792487945829 0.0974955596362685 -0.0897659592524159 -0.0458115188283994
-0.421353281785836 -0.482076189303061 -0.0978180101175166 -0.176395040059839
0.153777674451715 -0.675251539941157 0.0459149001548488 -0.224236595950881
0.470099053631169 -0.496663249692226 0.221206273550946 -0.117227565484091
0.444366651283311 -0.407645071064052 -0.164698715335608 -0.0855701865126023
0.171668279383993 -0.639094133740864 -0.0911312882358457 0.102723713088864
-0.303581506755322 -0.478700607306061 0.0873567097328441 -0.000559236500732691
-0.565411741018428 -0.002508343370075 0.0265880186914837 -0.0582963466585412
-0.404451995605673 0.322169629872856 -0.0298976713824448 -0.0336002131436288
-0.153334575888233 0.457826969044003 -0.0165728631788749 0.0593444723428141
0.0942938908899122 0.452619865311559 0.0538511925355198 0.084508007097604
0.150585131081651 0.404130477954901 0.0744774232725242 0.0600613446200488
0.129931718350875 0.415590031445919 0.0557444070368118 0.0897153989790739
-0.0976495769469012 0.49537749385793 0.01603410972769 0.0886517334176808
-0.376816762724136 0.368709798380704 -0.0545756293753754 0.0864845184378234
-0.582693966047947 0.109479343311765 -0.136199930908195 -0.00087547582459192
-0.422385913011133 -0.433508965321468 -0.135025576946405 -0.126000455361324
0.110659500106366 -0.657435737269561 -0.00415682153213427 -0.0971990891901601
0.438339953183377 -0.52618800380895 0.0504634753691408 0.0491417779421303
0.390981366815899 -0.403681431457999 -0.360981964385891 0.0734697376539438
0.125254891184867 -0.606984805113982 -0.151570143520154 0.264910662508232
-0.301822323861305 -0.428912316262207 0.0644301057901157 0.0509445915676581
-0.500947650984923 0.0055757923826736 -0.0229843035429341 -0.0438782354286998
-0.349938159377928 0.285071177659426 -0.116675985375737 0.039530894226703
-0.135781854886527 0.401420252927407 -0.0595714734901082 0.208902311725789
0.0716114889844225 0.398448449737872 0.0753683840047198 0.24712690146108
0.1129043023303 0.349470194436905 0.124198026980942 0.205123134515621
0.0870371889484542 0.352058996963394 0.0948307414609086 0.231003280767304
-0.0994817495020327 0.399559881007465 0.0114820635998271 0.222398410178095
-0.309890327615446 0.283226461533185 -0.10346689653541 0.173896180361148
-0.446023834728151 0.0808028707594132 -0.16531547269028 0.0325602727281972
-0.328847440580307 -0.325023008703207 -0.149684575889112 -0.0773702258893173
0.0746307120414503 -0.524200405826106 -0.0336154067225028 0.01266076395991
0.343599969933857 -0.465424638821764 -0.0927338135837685 0.197041355621882
0.2662347572929 -0.329556521142187 -0.525022549737932 0.227519854206938
0.0554376898376882 -0.449756857595316 -0.199947031107179 0.402270595408819
-0.233054246823237 -0.283694222941042 0.0339244417586894 0.107663425139204
-0.325221440419024 0.0154122440381538 -0.0581008939599338 -0.0163471454196882
-0.228220366505103 0.185903736576039 -0.176702835389958 0.103718320804633
-0.094581660845281 0.269702502283768 -0.0868153588614853 0.323771089691911
0.0365282133831132 0.277824183394413 0.089649289669795 0.37025543495094
0.0570444021471825 0.241043903306396 0.156923696707792 0.318755789683123
0.0320276502785305 0.23599381552982 0.113955619297032 0.334574007531996
-0.087529516855693 0.253145393410765 -0.00220455173925965 0.313911565185477
-0.202574290363693 0.160764344962502 -0.143282695480012 0.221461064308582
-0.253575365290116 0.0350742713546487 -0.175056455925863 0.043956529006095
-0.193838592236066 -0.180799943247092 -0.142983805092098 -0.0444621651827531
0.0332997468534832 -0.327995964877665 -0.0468023399119148 0.0831111412988609
0.206231802400715 -0.344294779004812 -0.193504395723301 0.302359869030813
0.0921783597681936 -0.191070360639388 -0.62527354049169 0.348307296904836
-0.0205995745990681 -0.20476603584832 -0.221276481085891 0.492294266022989
-0.119351183802518 -0.0822105723147247 0.0133064450954854 0.162179261640952
-0.0912774379934168 0.0200137390744656 -0.0604686461463076 0.0142456949813962
-0.0715623224516305 0.0543438913493031 -0.192785401662316 0.139933358358054
-0.0432343337413598 0.0912577822199765 -0.0952374098361096 0.376885593985516
-0.00910014274630731 0.11062279401471 0.0918583370514408 0.432963382737591
-0.0101087234271468 0.0957782099768137 0.166133391960064 0.383046136186006
-0.0240321493634235 0.092655661490708 0.11277514334139 0.38994689521073
-0.0593450167580285 0.0866372088073328 -0.0263523674106725 0.356808706191703
-0.0756761618032498 0.0392980892766672 -0.173204529345832 0.230896889531972
-0.0607935780663304 0.00470814999951899 -0.168007995767187 0.0390588492935643
-0.0719563389260337 -0.031001164686773 -0.122929498803384 -0.0220766161958926
-0.0234238636227505 -0.124997756910283 -0.0512438079526474 0.116181879497767
0.0509706273012826 -0.190954935966627 -0.245366246119024 0.353696713682436
0.0814166609639583 0.0363419114521921 0.35026988356852 -0.323566370130595
0.104587577934517 -0.0451457406637869 0.0494912874810517 -0.209568440363476
-0.00485735343112546 -0.0997243602845782 0.0743890474865996 0.00692393115105273
-0.112270921326874 -0.0198452700571468 0.142305651274089 0.0124450809855014
-0.0742115855825334 0.0578075035086247 0.225516179292806 -0.140052440807913
-0.0161805771672759 0.0761017229755979 0.139764098924431 -0.342447446606977
0.0436893052099236 0.0663710419423223 0.00355092757781008 -0.411888373125763
0.0620874951322083 0.0768762229318495 -0.0679008146094909 -0.402932834087194
0.0533300079570053 0.0883895045918214 -0.0263529342422052 -0.407224717465953
-0.0181407192072549 0.102834452567924 0.105834368114605 -0.34593390655803
-0.0965634551168563 0.0618639678391481 0.190291123334283 -0.168504102604699
-0.129418369880073 -0.0381426261618413 0.0727643009038904 -0.0573244147614151
0.00573131747203547 -0.140256318689507 0.0717178924336871 -0.172798723309403
0.132321129338208 -0.0437246381115433 0.281921604689011 -0.370726554417794
0.100542996312372 0.0544056864241889 0.686963414110054 -0.264985825264782
0.235854648115908 -0.0651835549634891 0.320245215290529 -0.316898328425322
0.176696967660885 -0.196091926049905 0.0570926283150987 -0.190361983868393
-0.0476734852168441 -0.220826102299371 0.0863822833143806 -0.023022525279182
-0.244663860681867 -0.0490504756831909 0.117519817126006 -0.0052439838221148
-0.203864514027697 0.121016137761889 0.19966903483347 -0.123986002279837
-0.0901463422041573 0.205756884291433 0.132047229202896 -0.287506778541696
0.0460802920560324 0.221008923230727 0.0239558911055563 -0.346121133724769
0.0838254552107915 0.232113942679517 -0.0397575704030589 -0.343675324649399
0.0644433452861658 0.252876226421039 -0.0176526129732206 -0.337729772309158
-0.0963273391270887 0.275710358873897 0.0828786414844948 -0.293413623313823
-0.267093344458964 0.156586415222488 0.141215961953831 -0.149156929851084
-0.346328212668508 -0.0639991672661683 0.0272300444816952 -0.0791876109642304
-0.101553988206204 -0.353651909069668 0.0369578221626681 -0.212007847889209
0.241404179906565 -0.298144403277104 0.247173524347631 -0.362601564214741
0.324622798704812 -0.114516328371636 0.602460317229172 -0.250525418864241
0.372172363684531 -0.161072954851308 0.223942402306989 -0.282582807705299
0.238089303005987 -0.350688631504601 0.0399869925891583 -0.135996321266329
-0.0948435232924957 -0.343697188600823 0.102487701909776 -0.0377534999231736
-0.372339425203541 -0.0778343921559022 0.0993079544329146 -0.0312232005541698
-0.323014865943526 0.175681777200641 0.149440393190956 -0.111123333474652
-0.159342419507518 0.315692094767887 0.0963789388271915 -0.204138384963825
0.0393721735510966 0.348005164082311 0.03620490580349 -0.230243589453245
0.0935199346340286 0.35059575704392 -0.00447864858835187 -0.233273854944683
0.068974273916845 0.374387590562519 -0.00193985231940149 -0.215125793866194
-0.149924635236585 0.407329478450088 0.0515161277352866 -0.189563166654829
-0.391282786020616 0.243551294844023 0.0705371910596765 -0.0939148001292113
-0.518918677811095 -0.0559621668211001 -0.0344510561699697 -0.0799579357105824
-0.21995017036856 -0.501346998909075 -0.018976386149389 -0.224778062961718
0.289077457481105 -0.50724900098928 0.17690269571742 -0.313064021343233
0.4842183355077 -0.272496717078193 0.44497458941426 -0.185531042440783
0.468311484913204 -0.244898027235503 0.0640141727023087 -0.215525988729299
0.272476927796338 -0.492440788870394 -0.00904549563760986 -0.0382024329261182
-0.155113498263441 -0.452906643311276 0.111758593275204 -0.0276979238343478
-0.479197520028532 -0.0977463040590472 0.075188156172698 -0.0554408281304678
-0.411887027140785 0.220421867274634 0.0740991271431151 -0.0888480558261722
-0.211337727711213 0.390749544163589 0.0371884988833207 -0.0905064065814226
0.026918929374045 0.430016112207891 0.0389787185578635 -0.0768878566836997
0.0917591346529498 0.41813937806274 0.0304529434775722 -0.0887317637448471
0.0649222229900508 0.434270869298857 0.0177361983624706 -0.0613076880799251
-0.178048536183259 0.472814707012792 0.0199502944160837 -0.0512675795515378
-0.448552915252087 0.295106713736099 -0.00826899529265073 -0.00845242192778048
-0.605953486319622 -0.0286295711660589 -0.0995917896672478 -0.0562215082769032
-0.307725215680968 -0.555188303103287 -0.0794495957536499 -0.20329023006365
0.281911546076727 -0.625409098787062 0.0949910260091419 -0.21895257784412
0.553992829919191 -0.381711678091743 0.246941077779642 -0.0765303537779101
0.501050690611319 -0.300329091183922 -0.141635091786454 -0.116836438356021
0.268526747790356 -0.577668373877637 -0.0855122576240275 0.0971018711140041
-0.202504906209832 -0.506218271946923 0.101189834282139 0.00482094109096289
-0.526853559362114 -0.0978991736928149 0.0355717688437051 -0.066701318211679
-0.438728980535895 0.236375244907643 -0.0232351968422128 -0.0480073900516141
-0.226197439427034 0.411828570191732 -0.0345890001958905 0.0471624950842272
0.0142797819596298 0.447503958898615 0.033739565465983 0.0958530212288502
0.075488165025437 0.420469451481967 0.0594264470456 0.0698659166002727
0.0464612888324128 0.424729858206651 0.0367614190214156 0.0995507198673856
-0.184047544814956 0.456590001644375 -0.00770745694212575 0.0959388374880412
-0.434508503460915 0.285454138835001 -0.0818476269764846 0.0859359767575424
-0.574852189176438 -0.00782849005410214 -0.152451852299315 -0.0216479966361768
-0.31905307674638 -0.509450384325287 -0.125936743955504 -0.157687590254844
0.236951943979084 -0.61328303717697 0.0222242635018561 -0.103460233336392
0.529501132483661 -0.417760928890614 0.0443392327898217 0.0522338158016187
0.448737123914499 -0.311359730217167 -0.360229557715475 0.00279741553643095
0.216400436369628 -0.55966725558952 -0.171792984671557 0.242606474326804
-0.211215584497871 -0.459755562086608 0.0695756600945543 0.0516569259026384
-0.467555205426443 -0.0788982801262189 -0.0143950560775328 -0.0603558854081718
-0.381530439078254 0.208483949010098 -0.120234896495095 0.00848912978150947
-0.197901708601443 0.358888394885994 -0.100801252989346 0.186287709358036
0.00222731685128475 0.392640167855333 0.0260429467262875 0.257840394881535
0.0472023579417277 0.361340571218013 0.0805590363607884 0.21855100789051
0.0178915214132075 0.353044165091582 0.0482914576444605 0.241647791167203
-0.16699237317967 0.366718494966907 -0.0355050367059634 0.221122595091538
-0.352228787908835 0.215961281908643 -0.14139763784521 0.159661038685421
-0.434955974162247 -0.00970933583778996 -0.182712052206702 0.00460259484534885
-0.251068458830835 -0.380231676252733 -0.145828090197926 -0.109260330560925
0.175356381619606 -0.491108625823216 -0.0291782282472973 0.000507443881378409
0.425703649871507 -0.379014428172787 -0.128801442517317 0.170757924741748
0.31612343418229 -0.2690411963936 -0.548556469028467 0.123400750878935
0.12351351941258 -0.423755480968342 -0.246920982335938 0.362032977606599
-0.171718217828051 -0.310521489568744 0.0253748736345482 0.103741297915094
-0.3059096549598 -0.0418230844841683 -0.0529306894670978 -0.035680673303946
-0.247089198590766 0.134796857541177 -0.188933920053142 0.0629952706545245
-0.13606726069528 0.238089827930859 -0.145985280480991 0.294855166991105
-0.0100740880508346 0.270975267820398 0.0179996075236183 0.381092928932889
0.0123580434888352 0.244282829388532 0.0911542595044322 0.333081956678754
-0.014827289381793 0.232601503180486 0.0481936645799505 0.344217945211069
-0.129661013043293 0.226107645777782 -0.0634009560796429 0.305086019965029
-0.225074310552392 0.115883751789566 -0.18513661956764 0.194277809313095
-0.244223377328758 -0.0142469771283181 -0.18753479526801 0.0117189863570224
-0.14916394914334 -0.212006026091706 -0.141544639798766 -0.0708887057457407
0.0958528156821599 -0.309100337555227 -0.0571223299630257 0.0698628470992047
0.267869890957033 -0.289771587055453 -0.249333474237661 0.256378440500887
0.124269383317241 -0.173715833261939 -0.667350005037862 0.222798558479282
0.00992368256826044 -0.205822311000455 -0.291524255375048 0.442126075032901
-0.100734711243638 -0.10038101928892 -0.0112016842849695 0.157051469048477
-0.0875848614303663 0.00163163441164911 -0.060700971099734 -0.00138015347096955
-0.0748386436206418 0.0357607685177727 -0.212618876236697 0.0993456021651168
-0.055629484568131 0.0760691722429966 -0.15832539308995 0.349067792150069
-0.0258940056834256 0.102244045027227 0.0102649414383232 0.440547490096383
-0.0268385117929707 0.0907305384662704 0.0887690964422519 0.397946012724548
-0.0417459030984638 0.0839113318386885 0.0373218227914984 0.397034692306463
-0.0717658347064074 0.0719570214575501 -0.0919646301601898 0.339870681680559
-0.0785710385462941 0.0221524415456108 -0.210347346114929 0.194447253944285
-0.0553618620585064 -0.00627161182376217 -0.173625158000476 0.00711292219300621
-0.062659984391996 -0.0407613908108541 -0.12148297051698 -0.0414697701456598
0.001155363565347 -0.123863057228379 -0.0705928334640255 0.102832881606412
0.0865693930329512 -0.174634061520565 -0.313638818581141 0.298025984030264
0.0814254681856716 0.0353261998604224 0.329835837110163 -0.323937216686931
0.101682229611849 -0.047134067568174 0.0408604436587798 -0.203980009064707
-0.00805995155021156 -0.0966711463287477 0.0731724286488652 0.000637290795236243
-0.110725494880201 -0.0143598561874253 0.136976988350946 0.00628306171637648
-0.0708729316291146 0.0601148009964936 0.213898087939022 -0.145043050317448
-0.0137015772422941 0.0772417842971597 0.123733569828853 -0.338316047563874
0.0444256513244044 0.0646983849141876 -0.0118069822830651 -0.400986574729856
0.0641388168868441 0.0725697363279836 -0.0785704509167192 -0.390554147345174
0.0552152428711111 0.084496591289173 -0.0381129284652896 -0.395377427492866
-0.0137803737719615 0.101649260344358 0.091790879994714 -0.341119539997991
-0.0938270331293972 0.0656505880932026 0.181468611292136 -0.172036987350372
-0.129041835159598 -0.032613235430319 0.0696175566724358 -0.0564426007312135
0.000675446259279629 -0.138600714221965 0.0656452142357399 -0.17261054130918
0.129074914479522 -0.0468945485461541 0.261409618645892 -0.369757781394755
0.0993384286555837 0.0523312249908913 0.662497081213922 -0.274575894754916
0.229533143326687 -0.0666842285815905 0.300702533958151 -0.316098429599146
0.16834363707746 -0.196551095448875 0.0485294762280665 -0.184789752295416
-0.0509525535110149 -0.213630901652768 0.0848340766265405 -0.0302341076758679
-0.23926352672143 -0.0391862482580983 0.112116124551277 -0.0103687137371812
-0.194901702753607 0.125296620951163 0.187151556545494 -0.128851839035069
-0.0814956525878589 0.205574925958601 0.117446078926642 -0.284358560435813
0.0527757877321428 0.21361910584561 0.0113904516624167 -0.338311287923908
0.0906673904375811 0.223326930340188 -0.0491258525143451 -0.33405418110525
0.0720519725360347 0.243979305879616 -0.0267978775236418 -0.328325900820128
-0.0834031547385345 0.27369996130989 0.0692197241189317 -0.289389317517269
-0.257435802064945 0.16421810704938 0.13356102178735 -0.1515982985895
-0.340709948891783 -0.0498586695666702 0.0233788264637672 -0.0772798699620236
-0.11003869873691 -0.342571360341778 0.0302729218517413 -0.209680586970143
0.228169331346848 -0.296940734611857 0.229158438820656 -0.363218137205369
0.313307464598349 -0.116599645030315 0.581476681945881 -0.259434870623328
0.361364878460155 -0.162047682985407 0.2061518658588 -0.281472364473667
0.223759135667713 -0.348375174846847 0.0333439166873913 -0.131129747977944
-0.100314110691868 -0.331660761883821 0.100700918962401 -0.0450584724766054
-0.362692607272011 -0.0636498554908582 0.093380128500068 -0.0361599976416549
-0.30844918259393 0.182203979456898 0.136952993193852 -0.115548049279901
-0.146785909997147 0.314586152842402 0.0852696486757138 -0.201213199229404
0.0500665482440447 0.338007008089962 0.0275832411038084 -0.22611581048033
0.103223340082441 0.340141883971892 -0.011693456398271 -0.227915874454837
0.0818739856724905 0.362453387662691 -0.0068092870171684 -0.209577309992443
-0.131079782421966 0.405189823141293 0.0415396082040066 -0.186842616737991
-0.375908940012194 0.251730958282556 0.0657690662245133 -0.0944805504118945
-0.508153343259418 -0.0365840988383931 -0.038562440509855 -0.0765189494558971
-0.229836012606983 -0.484644495778664 -0.0264213194285715 -0.219114233504598
0.270307394744419 -0.504430394891991 0.162170060935197 -0.311794930301554
0.46509580501769 -0.273660907469862 0.430732483848495 -0.193690704148735
0.453175905736106 -0.245160338458227 0.0524770728858789 -0.212763960801929
0.252849105779571 -0.48958795821445 -0.0114915657919342 -0.0342837964368187
-0.159635821905608 -0.436342826110823 0.109913859038048 -0.0357877715580023
-0.467354365080801 -0.078963351084887 0.0695241191497148 -0.05992545632789
-0.393644733757348 0.228071442170171 0.0618246066191131 -0.0929815931375564
-0.192686572089449 0.389634767252513 0.031187652738768 -0.0875925425373053
0.0413412419381114 0.417356356819697 0.0366573485523474 -0.0763035470751251
0.10220388533051 0.405299948131664 0.0260813330899873 -0.0877232576014522
0.07797092043446 0.419600063060904 0.0172398270084923 -0.0600772853995193
-0.15623915791975 0.467924807054438 0.0153030202273729 -0.0506348180470539
-0.431023002567147 0.305615499586711 -0.00871584035029263 -0.00811930809878134
-0.590752480130859 -0.00742653314187627 -0.102079808806867 -0.05131518225346
-0.315068417460276 -0.534812617739336 -0.0850380075940109 -0.194571874996441
0.258682058671264 -0.618306262028271 0.0838195125384872 -0.218547264550828
0.530898173595939 -0.381017136833963 0.241222286552155 -0.0846894553888351
0.483434675993542 -0.301149052709835 -0.146215647555093 -0.111539171491001
0.246015884138598 -0.573179760321645 -0.0818962554862566 0.0998741151982945
-0.209121891410913 -0.487877421553192 0.102045864437801 -0.00277197518796492
-0.514725262014398 -0.0796761090153602 0.031207236572385 -0.0703859175683955
-0.419102375739423 0.244746480214927 -0.0324182151174303 -0.0501092092942847
-0.204713506319664 0.408749924997242 -0.0334853476402814 0.0491369534133611
0.0299949411309198 0.436087699501945 0.0384227666111996 0.0916736237603008
0.0874026829732479 0.408262561777407 0.0587667429990504 0.0665490854754478
0.0600425354602031 0.412249466101002 0.0406393422015621 0.0958161788645145
-0.163023739067684 0.454027114849193 -0.00657028408654145 0.0945985894938713
-0.415701366923797 0.295218190695509 -0.0770181804447073 0.0871356110457068
-0.557817457505169 0.0104548021307003 -0.152631179749276 -0.0151653216510026
-0.324718400926165 -0.486732092248297 -0.129778816032355 -0.146926284477373
0.214556982940034 -0.607361921951726 0.0157300779773877 -0.10298644980997
0.504213000797002 -0.416353488661848 0.0472279947487201 0.0462923116667001
0.43175428911031 -0.313009633463531 -0.355946952998629 0.00998493162549936
0.195277823864603 -0.554247232473834 -0.162038032073686 0.244092914033655
-0.216940244817891 -0.44390584273057 0.0723580554224703 0.0449770822305944
-0.457624611174757 -0.0632601687496537 -0.0172205463912451 -0.0623996005620954
-0.363875607380377 0.216589744155697 -0.124868710207297 0.0085690515585661
-0.180459506203188 0.355811434833988 -0.0929988594621618 0.186519249731801
0.0164158419757442 0.381878213631772 0.0363170246866294 0.249980315611543
0.0578399073643356 0.350828690376146 0.0842455161378895 0.210709413584931
0.0289275043365705 0.342885377255105 0.0567530075671751 0.234142534373843
-0.150762983938592 0.363289182191761 -0.0282525036937264 0.218222983314259
-0.336551638474915 0.223887541648237 -0.132634391958915 0.161327402531665
-0.422203660519511 0.00531231662956254 -0.180871015712583 0.0111862502269824
-0.253492825551094 -0.362364713856983 -0.148603535880256 -0.0984471103354565
0.157687161459775 -0.483576829021001 -0.030465154654895 -0.000101577036267788
0.40383281837038 -0.376587283086157 -0.116496037215491 0.165315638798757
0.302070884385228 -0.269371127997348 -0.536716039979556 0.131214363907274
0.10866577953652 -0.417706343388651 -0.232245773989662 0.362502478000579
-0.175651525657915 -0.298614910045313 0.0303332803566263 0.0988753624120908
-0.298288493264496 -0.0322954140702085 -0.0531217507725769 -0.0368544257291201
-0.236358309505672 0.138742681762655 -0.189059592327344 0.0642420386847047
-0.123696859943216 0.236420337406243 -0.132144853177703 0.293162255349916
-4.11380947836163E-05 0.263227453768005 0.0326106526282212 0.368654840664734
0.0199592847786409 0.23766108800601 0.0978271971259533 0.322702373099574
-0.0066896288369961 0.226835805721041 0.0593651902169295 0.334020209323365
-0.118991094328579 0.225883641570821 -0.0515125841333551 0.300634997755521
-0.214777163654621 0.119855114798895 -0.17305728532185 0.197540407300092
-0.234393343035838 -0.00606931863653179 -0.184826589267053 0.0181921795965754
-0.149373823982945 -0.199232936322551 -0.142883916458826 -0.0611193364245592
0.0839346608616137 -0.303634306518092 -0.0545337193879867 0.0681117357527095
0.251579024845934 -0.288875074742187 -0.231706058369426 0.251911585045345
0.115984901612821 -0.172564362366946 -0.649164583451648 0.232343791779028
0.00272978127955066 -0.202875125490657 -0.270965113807089 0.442039505928444
-0.100954834161842 -0.095057636669553 -0.00350334484033814 0.15362817199258
-0.0855248724327275 0.00330211805758392 -0.0587072263410128 -0.00256376238792579
-0.0715714367557946 0.0366850993702913 -0.207773925232903 0.101081732414829
-0.0511532144820728 0.0743571937144518 -0.143938433911115 0.346022502816999
-0.0220496253220716 0.100013034579937 0.0261708666107119 0.427914093719685
-0.0236783247301085 0.0896424588441942 0.0972352893125817 0.384762599690225
-0.0384679886922223 0.0835267778607253 0.0494897360943344 0.385124099026731
-0.0674916283723915 0.0724955200985764 -0.0772732753024815 0.336286015846471
-0.0741023599729327 0.0221672064396739 -0.198029839495103 0.198990331179955
-0.0502603073510567 -0.00468830898014168 -0.16980819686539 0.0139255884122492
-0.0607534220939071 -0.0348735412294403 -0.122260538454932 -0.0328640270374536
-0.00401684456480592 -0.12060284338785 -0.0662192319574236 0.101591315201728
0.0780666924922484 -0.173957155545573 -0.29338822247346 0.295789068280052
0.0810930675870067 0.0346214067809098 0.315736638544531 -0.318244878016295
0.099834574838437 -0.0482774536835203 0.0366387206344893 -0.197724210850361
-0.00844851341236137 -0.0938932402744248 0.0716677530435832 -0.00392199627554765
-0.1079190265883 -0.0102290949528581 0.132187546383567 0.00211434420585608
-0.0679118340017336 0.0615139507185924 0.204337596518068 -0.146059973277442
-0.0116669641812068 0.0777684896104904 0.110428340070063 -0.331616714591551
0.045204614144872 0.0629085877377877 -0.0218319490755762 -0.391975199282609
0.0652250492473977 0.0692751230738696 -0.0837068109100707 -0.37895223165798
0.0562945370262943 0.0816790745062951 -0.0438846040718822 -0.384240135546944
-0.0110713783186722 0.100504627976762 0.0801755965105224 -0.33512720817875
-0.0912436400487768 0.0678802011871408 0.174327939892137 -0.172608872597675
-0.127577790590387 -0.0290934049538349 0.0668487192076136 -0.0554896817247007
-0.00215951035021169 -0.136555767877179 0.0604557590004435 -0.171283849717115
0.127448343403718 -0.0471307280482543 0.246934818921342 -0.364494864196692
0.0973786738796709 0.0523405357081585 0.638984020200522 -0.274046459821817
0.225190754259515 -0.064902095396708 0.285197171509174 -0.310776885435308
0.1619068381633 -0.193916457362994 0.044003327495037 -0.179090688495763
-0.050817679095408 -0.206970018813219 0.0814965370167616 -0.0357860994393643
-0.232636369666893 -0.0318470494401325 0.106407884387031 -0.0137455935055079
-0.186782874206158 0.127844783257214 0.175841384837493 -0.130465459897036
-0.0752437318481913 0.204005860197367 0.106358881226448 -0.278687506671564
0.0557349504639147 0.208371022209589 0.00323953436229502 -0.330581532886025
0.0934233442062334 0.215503082818591 -0.0543468279836023 -0.325125622023834
0.0759778397013697 0.236346104299849 -0.0309126397644169 -0.319580177775148
-0.0752039002055399 0.269172518084904 0.0598639890779464 -0.28378402341158
-0.249493865793216 0.168285095843841 0.127258983604979 -0.151274024754471
-0.333888891275522 -0.0413476944353319 0.0199026927198743 -0.0754402532547255
-0.113997838382232 -0.332849528375016 0.0246032572190312 -0.20589352510377
0.220665081376745 -0.293044041782343 0.21308875897882 -0.359322342778261
0.304253038907052 -0.113374204914264 0.562034436186368 -0.26149470949679
0.35342527525003 -0.159686867247221 0.192813456967361 -0.276071280378178
0.214079116870152 -0.342875101120851 0.0298504540722752 -0.125858531169873
-0.0982407269523904 -0.321423720011664 0.0976867630793787 -0.0511426566936926
-0.351557011417033 -0.0553139822020275 0.0880690545764783 -0.0397405510763974
-0.297382805743316 0.183574057008702 0.125381674327389 -0.116810014268145
-0.136623732539306 0.310746993859344 0.0774771827454778 -0.196884970335131
0.0558307204864973 0.328133513226664 0.0232536837468245 -0.221297457209149
0.107698031056955 0.328894861081257 -0.0159479641937305 -0.221890738037826
0.087026015578612 0.35116901330066 -0.00909381153318769 -0.204752108207624
-0.118876296780887 0.398301134435614 0.034530244135192 -0.182818829750082
-0.363698876008133 0.256676667326093 0.0624283161656731 -0.094154842976311
-0.49599696240057 -0.0237870023089318 -0.0411625820105987 -0.0728186197947789
-0.231675764821264 -0.468699310576091 -0.0302987919878365 -0.213364527932659
0.256906726896846 -0.496000123239281 0.149331385663072 -0.308543195586126
0.449553078656592 -0.267728246383025 0.417332299326641 -0.195998730189359
0.441483611001219 -0.241736168537726 0.0432875366335268 -0.207304418944135
0.238330664043336 -0.480626543994263 -0.0126773603144023 -0.0302865632306631
-0.15845973489952 -0.424106534321338 0.108016849140116 -0.0423719282173588
-0.455278400095616 -0.068685783922642 0.0646400470770355 -0.0625245554797179
-0.377895268449327 0.230569933304778 0.050460939023851 -0.0940294701613322
-0.177950909366984 0.384753644919808 0.0275434756402878 -0.0850608644356982
0.0484334500092326 0.406703303230898 0.0356606412849204 -0.0755732143825964
0.108954320777419 0.393872508313891 0.0224410497020448 -0.0856475476465525
0.0859877864048352 0.407609285846424 0.0174274314543916 -0.0595610131921146
-0.142098082801474 0.462790553289234 0.011830337985441 -0.0486783488513821
-0.415183235234224 0.309116329449787 -0.00843430582357164 -0.00769744137311972
-0.57341140158978 0.00548357841237521 -0.103524586741617 -0.0472892919854362
-0.315219364577967 -0.515454121722443 -0.0887023117098376 -0.186719102922978
0.244284346877468 -0.607966432297318 0.0747546054060929 -0.215390934230735
0.510938937167651 -0.373373497804562 0.235246709494351 -0.0893222132807707
0.470457155805947 -0.29715209618034 -0.149909053536949 -0.106945878848759
0.230959969382604 -0.563814074081395 -0.0788723095156698 0.101629115481302
-0.20686590398781 -0.473291059791682 0.101318383245528 -0.0100521989677297
-0.500783712529318 -0.0676903150258773 0.0272260576217839 -0.0728319855704924
-0.403393576382352 0.246451351384352 -0.041316245612074 -0.0504444397216136
-0.191462174089496 0.403934628673893 -0.0324870850167623 0.0501571102783417
0.0372210803644523 0.423388268894259 0.0420270509304028 0.0877079738514454
0.0942742992165974 0.395978330795238 0.0576555274132866 0.0638986335097178
0.0656100126376316 0.400701837782953 0.0432611606426471 0.0920423362252509
-0.148592457394871 0.447432762664453 -0.00646367791842103 0.0933538893775329
-0.400509103325699 0.298262013263031 -0.0733791846812571 0.0871115144717081
-0.541490041133966 0.0219442245520162 -0.152703444079107 -0.0113389301360312
-0.323283956131564 -0.467944781927207 -0.131537706370829 -0.139167409913993
0.201321562545165 -0.595873618289989 0.0107127870623023 -0.102144200645953
0.485801617770485 -0.407836048006909 0.0493029348719044 0.0394239251058854
0.419125696792165 -0.306981318209538 -0.352088043911966 0.0138849963297623
0.179880878389969 -0.543457698787036 -0.154110964955138 0.243155200598138
-0.217335792125635 -0.428719046876415 0.0737280897437351 0.0381158769126709
-0.444871270712161 -0.0528549812828764 -0.0193790608212021 -0.0639703756907763
-0.349812513780254 0.215636949394342 -0.12990633059418 0.00817913603484896
-0.168076111953404 0.349436775865134 -0.086998727562682 0.185199812864819
0.0241288608883551 0.371295542300075 0.0437429578009744 0.241718315921891
0.0646649896819515 0.340491622680549 0.0843222882603549 0.204400762642553
0.0343971368112166 0.333103147388629 0.0611743634376299 0.226721925436419
-0.139918450903096 0.357232962952178 -0.0234649231151996 0.214481036769556
-0.323438892767666 0.224640017279107 -0.126223780495954 0.16171483813076
-0.406603833213632 0.0121034409746429 -0.179160594588704 0.0155959742709563
-0.251901734781014 -0.34673384320429 -0.149194926140561 -0.0899662550260288
0.146003684242827 -0.474149193126215 -0.0321945836470501 -0.00140411534587336
0.387047258287317 -0.369568503923024 -0.107845028628976 0.158061366743291
0.292896178860472 -0.264680662142342 -0.524554406387434 0.134099782344204
0.0972686290985276 -0.411825633468583 -0.219050102882357 0.359730600028985
-0.175975630142358 -0.289600269256804 0.0334628207902101 0.093528647139639
-0.290549981173634 -0.0262296919823842 -0.0532058301279024 -0.0381457587186871
-0.227393695900406 0.139112314964789 -0.18920796696994 0.0644622516081101
-0.115648680782078 0.231245646334238 -0.122208601939782 0.289281195759075
0.00506677041218882 0.255338725658941 0.0420164226171798 0.357887922410779
0.024562329689714 0.231006205982874 0.100146752282126 0.313198382345353
-0.00333889725799384 0.220641591736956 0.0653098795566103 0.323829892113651
-0.111269122969367 0.222550802939441 -0.043977021452554 0.295417167144413
-0.20662998947329 0.120966922124581 -0.162925423838541 0.197632814050882
-0.224575454003554 -0.00183127845407488 -0.181772561172388 0.0232797233357688
-0.14707710357835 -0.188227579423351 -0.142430846576157 -0.0526780592596608
0.0762872925747111 -0.297281721609255 -0.053802284835729 0.0658381193055385
0.23945167536246 -0.283593381498256 -0.218144226959764 0.244154094056353
0.110117438593215 -0.169385038806103 -0.633141440727334 0.23272975464635
-0.00261044849443696 -0.199004432179354 -0.255697685828971 0.434502045025572
-0.100758627601374 -0.0911413157634039 0.000943973988510134 0.149949420927719
-0.0829037620372496 0.00409162338069275 -0.0578806818875837 -0.00424247184626992
-0.0686926776725257 0.0364458241721733 -0.204062279277793 0.10153639413562
-0.0483420211510732 0.0725817069978383 -0.131648033538688 0.339590157513306
-0.0199437986341237 0.0971873193193384 0.0363755026762162 0.416415167803914
-0.0210612368329724 0.0877285652949743 0.101585116865914 0.373600496688872
-0.0362972628525936 0.0823827429721495 0.0566208511600865 0.373917781330251
-0.0645281843466175 0.0716514949204264 -0.0669507336416319 0.329747193263483
-0.0706501693026522 0.0213441673210515 -0.187264036970798 0.200563297553283
-0.0459692988618206 -0.00446960455709304 -0.165917926878937 0.0185612009005017
-0.0575913610744452 -0.0294428359049654 -0.121723264213164 -0.0257400140470814
-0.00745688198929352 -0.116863447025365 -0.0637556179923159 0.0991330157187176
0.0724498802414769 -0.171038406550734 -0.277581815480327 0.28811427667637
0.0813491838645733 0.0353332003750447 0.307979496929816 -0.312969340556463
0.100462718363222 -0.0484901523523797 0.0344630848176249 -0.193279235031837
-0.00718049951700103 -0.0925406146392567 0.0708010791083947 -0.00772055857826587
-0.106505429760434 -0.00823182897979551 0.128359924947698 8.45148645764463E-05
-0.066586464246117 0.0627320333774614 0.198950084028747 -0.146697973938514
-0.0103651848155393 0.0792899668682247 0.104366053394459 -0.327767618537556
0.0462824806725082 0.0625014292923771 -0.0260837066185362 -0.384515982892579
0.0652195115348815 0.0679103000796876 -0.0833877833989935 -0.373174901785453
0.0572087148585629 0.0805779864338403 -0.0440586915542604 -0.378703452329302
-0.00981478896755661 0.100212197367351 0.076454401820186 -0.32975160600878
-0.0909811594445139 0.069922799378053 0.170695809744574 -0.172142282162593
-0.126983594286099 -0.0265389808081506 0.0651590835742752 -0.0541166026548255
-0.00334427048255891 -0.135257712028049 0.058816656719467 -0.170496303479263
0.12677767157515 -0.0471580078210167 0.239572211850609 -0.36089812363069
0.0969313915593254 0.0544542096165258 0.628466450046438 -0.268468791481437
0.224100219910506 -0.061750676658456 0.276274041139123 -0.306014465117713
0.159948001087009 -0.192393955245122 0.0417912297172995 -0.174009336559668
-0.0481171915471886 -0.20378510099954 0.0803377212685046 -0.0402197387626574
-0.227535266682811 -0.0297495610090956 0.102408343070305 -0.0160697868782017
-0.183454369633391 0.127874740326819 0.168634078214717 -0.13030324450529
-0.0715818700167053 0.203670518435068 0.100184672808775 -0.274579537430833
0.0576859658351529 0.205245691188684 -0.000262242266626048 -0.325002477259393
0.0944360767396309 0.211270325324404 -0.05538876751126 -0.320390490082151
0.0777519135476093 0.231972470943957 -0.0307996693311412 -0.31502625016882
-0.0707952080162483 0.267059342465602 0.0548296229038098 -0.278931453990982
-0.24569504466342 0.171022695079411 0.123930682510474 -0.150639251543973
-0.328280139913975 -0.0360768118852526 0.0176767978930512 -0.0733239625434635
-0.113674675671438 -0.328701399272082 0.0225316990538598 -0.204213078245357
0.217173526919308 -0.290020197916279 0.206785088074197 -0.353914205540473
0.29959349568354 -0.107333381960963 0.553193215934515 -0.25708741496748
0.350761277674685 -0.153509993523514 0.185511730583078 -0.269898895555149
0.209332515028543 -0.33793130355513 0.0286707321223395 -0.12127423953798
-0.0950912950478187 -0.316666020755394 0.0962616860473993 -0.0571737591472367
-0.344584000631004 -0.0527202631470965 0.084012639477356 -0.0407169705555501
-0.290421223294938 0.183572939701597 0.116819467855573 -0.116607902839456
-0.129491038225826 0.308158261603214 0.0729903577494573 -0.193505807094755
0.0577798350878182 0.323041043810088 0.0211074355427983 -0.218347981875006
0.109302644835249 0.323957351664989 -0.0177319261708274 -0.218522654550948
0.08899310660411 0.344588931988567 -0.00920238704692653 -0.201839137643456
-0.112900256736106 0.394048047432393 0.0301205318020758 -0.17892168969288
-0.358249126116126 0.258866513390895 0.0604248815050336 -0.0936225510898556
-0.486173116825498 -0.0194779925006982 -0.0434707625696512 -0.0704935046369605
-0.230295306674382 -0.460605844857055 -0.0328653964988234 -0.209691612261915
0.253756073557257 -0.491424872375425 0.142863895680966 -0.30511565567462
0.443471814325861 -0.257916324940899 0.411271041143075 -0.195723345943876
0.43812888358764 -0.235157914499207 0.0376228042439495 -0.203046650024589
0.232555158037016 -0.474695570367374 -0.0126936203564912 -0.0264009818261858
-0.152784500397047 -0.416833137754029 0.106788981461619 -0.0486525154160779
-0.444101229211017 -0.0640690897446776 0.0607557873308797 -0.0644102100797888
-0.371108007416415 0.228433104203474 0.0413323101079296 -0.0936571370161851
-0.173404736500928 0.380364170601174 0.0248575907018426 -0.0823163821213383
0.0518638270302385 0.398048940298951 0.0361366329044381 -0.0759339919767708
0.111912803443759 0.385810318723192 0.0212882018612938 -0.0846254933826972
0.0888103910416387 0.400682165010055 0.0181699756288785 -0.0592611002772384
-0.1361719056966 0.457779839180237 0.00923567876272726 -0.0464356405929271
-0.406720017362723 0.311373439640804 -0.00807174130780108 -0.00811692493067136
-0.562922575904101 0.0102286751014369 -0.105477587652175 -0.0444891799232513
-0.311805445378661 -0.507221572484425 -0.0903663238859426 -0.182137550803059
0.240859063505895 -0.600253731254121 0.0689976268450374 -0.213263235004989
0.503851803699487 -0.360997211451488 0.232248488064886 -0.091380162484837
0.466270571917697 -0.288724636448913 -0.152211596517514 -0.104589284559283
0.223282595042791 -0.555646106162827 -0.0772218246020128 0.103782918004642
-0.203963788697722 -0.46580565220431 0.100058016742577 -0.015965900696513
-0.489779060701475 -0.0633645881937323 0.0241770850855421 -0.0746492499345468
-0.3950972728151 0.244733309306604 -0.0497360028332089 -0.0504147489445643
-0.185188539652281 0.397264196822507 -0.0323622958518076 0.0507800994414059
0.0409838941881421 0.415939797428873 0.0449479329571285 0.0848074814677472
0.0957783575067696 0.38900664450439 0.0566130199045124 0.0631674511626274
0.0686120308494339 0.393512534701097 0.0449181163752662 0.0898123448857803
-0.142562298985312 0.4427279041534 -0.00679423854832634 0.0939778355581089
-0.392295211501601 0.300031519804116 -0.0710642706477875 0.0865389702461974
-0.528964591263835 0.0246762162401951 -0.153752462752452 -0.00804669073810074
-0.318422697951895 -0.459320889149427 -0.132238849936716 -0.132774540876307
0.197359789163002 -0.587263522092728 0.00657123556809686 -0.101619919437677
0.47659331404206 -0.396772784932884 0.0506979941406808 0.0345929449592566
0.415680012320837 -0.300485347651801 -0.35122015319102 0.0137545382127978
0.173833199112684 -0.537619296062814 -0.150166784756029 0.242712058671207
-0.213660660539187 -0.422416780866467 0.0736388266421135 0.0331478178834595
-0.436460086336892 -0.049634665062959 -0.020727561765879 -0.0659304281974051
-0.343447647771422 0.214436302005239 -0.13654559525673 0.00800648214077378
-0.162368522756541 0.344820008522765 -0.0839664471153947 0.18363714690361
0.0269400248634902 0.362444430198608 0.0482565042988134 0.23570586643718
0.0665668142456159 0.334103594613935 0.0837268596270815 0.201347356675144
0.0371481469192523 0.327138509066579 0.0633565939293013 0.22284839857896
-0.133999819751707 0.354201726530391 -0.0218858903915892 0.213349013280692
-0.316769519137773 0.225858942157035 -0.121703946434678 0.160676812991653
-0.395521199626088 0.0157330947747705 -0.179314450939222 0.0188406342727415
-0.246949508081674 -0.33839279668383 -0.148903509134399 -0.0837066085211659
0.142109677058847 -0.46753427124178 -0.0347133916947928 -0.00229006041753944
0.377792328925958 -0.358871570758037 -0.10320349763502 0.150874714800962
0.287801307336503 -0.258847525032095 -0.521011267848888 0.133417985989826
0.0906279572548671 -0.407034793569305 -0.213207434819644 0.35660975112939
-0.174483656079465 -0.283413606353019 0.0346071405936498 0.0889674181315661
-0.285811060371165 -0.0249032878325174 -0.0543655709999173 -0.0399617903622711
-0.22316513183251 0.137610313976654 -0.192554396565387 0.0635123943751891
-0.112558615229132 0.227263347449959 -0.118135133830546 0.286424107341682
0.00643649989130902 0.24982753103384 0.0472385672244784 0.350391830976545
0.0259558121819922 0.227444541823142 0.1004299433719 0.30833791077388
-0.00168295266001113 0.217841985389779 0.0685474601686788 0.318370807536413
-0.107732988105135 0.220431826162613 -0.0390323154654416 0.292135281962573
-0.201063592899977 0.120688352466112 -0.158140265377202 0.197358057921946
-0.217465990084769 -0.00150112591523647 -0.18007852654413 0.0256206291788875
-0.142720094211656 -0.18220820268602 -0.142229789381257 -0.0469428001377876
0.0727333863780087 -0.29258180487561 -0.0546934028399445 0.0639023803148358
0.234217442082772 -0.277469482080956 -0.210757019330812 0.236018559199227
0.108088990718468 -0.166240500532344 -0.624855856801491 0.227356625438367
-0.00516867647030646 -0.196184808097933 -0.249677693417374 0.429906322546208
-0.100654742383088 -0.0882182138086901 0.00335784404391596 0.146333985591274
-0.0823591227577089 0.00382690947935212 -0.0575314645856925 -0.00651360826846164
-0.0673765365139748 0.0355979760734347 -0.204729540159465 0.0991020135844887
-0.0478623761182442 0.0701609140914202 -0.127572766549888 0.334227893955037
-0.0191617142920035 0.0946958835707843 0.0416259226496608 0.406171095307914
-0.0204308704687862 0.0860654809720883 0.101794844336435 0.36831487990661
-0.0362054857795995 0.0813404464485772 0.0584810289254227 0.36712114846482
-0.0632065807990032 0.0714154065669919 -0.0614311258490339 0.325498268579474
-0.0683252685684929 0.02005492412367 -0.180690523534308 0.200227419179273
-0.0424223924945197 -0.00549718426733018 -0.163458255978679 0.0214156640374594
-0.0548232213490531 -0.0261554286572116 -0.120853613440162 -0.0206917436903389
-0.00930153217833079 -0.114428304831519 -0.0629521268497124 0.0969448525158778
0.069057257231422 -0.169761001985168 -0.268047579768499 0.280615211235705
0.083094338898892 0.0368686155045807 0.307013854794008 -0.312087993569419
0.102908156013329 -0.0502119698356905 0.0345987404936487 -0.191953367936122
-0.00549162725301792 -0.0942905768306609 0.0719720068698887 -0.0112290374647844
-0.106477027186727 -0.00685841127456598 0.127526767846122 -0.00220726450303036
-0.0662142641556733 0.064838197920714 0.1972506842774 -0.1496056672574
-0.00891098877883644 0.081999829066898 0.100256297668646 -0.329065745350113
0.0481420209608325 0.0635373855517655 -0.0308281214111869 -0.384062763281933
0.0668157445752403 0.0671988488800028 -0.0858049464111548 -0.37551152052727
0.0594396257352799 0.0799205911703556 -0.0456835025870883 -0.380226184861425
-0.00888857064577862 0.101415660991015 0.0740929814465536 -0.331021029860495
-0.091279589913776 0.0729648391851194 0.17035557679204 -0.173507502246554
-0.128564125691146 -0.0250847925388563 0.0647804302285851 -0.0528779022110218
-0.00385064369474793 -0.136895476716462 0.0577519024597322 -0.172756180627817
0.129189715675797 -0.0469765472177003 0.238742289908473 -0.361731713866857
0.0986794566384919 0.0582887539490368 0.629532470876868 -0.265118506809309
0.227804756268405 -0.0591652894214648 0.275374190274043 -0.303226525725296
0.162515314517999 -0.193362916511487 0.0420521305109362 -0.171665938774944
-0.0453997332083266 -0.205810270169474 0.0806114491513513 -0.0451620720973539
-0.227130179570741 -0.0285115639231371 0.101078007471007 -0.0172288822013763
-0.18278095596566 0.130364381012408 0.165373044681908 -0.131349630476287
-0.0695827165144596 0.206769570616623 0.096926120476717 -0.275407956621397
0.0602176413870693 0.206560116331562 -0.00317199909257035 -0.326077348150396
0.0970060132689482 0.211774665321487 -0.0566042266419277 -0.321820835537183
0.0806769075465354 0.232365433757088 -0.0315363665221814 -0.31660326920691
-0.069209469968575 0.269548232159426 0.0523632056940819 -0.278899522118342
-0.24658254234727 0.17557632894874 0.12286232820205 -0.152960127863098
-0.32953846202146 -0.0342330850492542 0.0153213875721064 -0.0722530710282828
-0.114298624574289 -0.33165945141038 0.0216826930092309 -0.205752246387802
0.220258641335575 -0.291356556464026 0.20460994751531 -0.356906287890796
0.303389115854665 -0.101582020146132 0.554278095140163 -0.255792514922864
0.355875600291038 -0.150562542695403 0.183271240715014 -0.268267490660274
0.211056182281857 -0.339517064573568 0.0289399135606408 -0.11784062256681
-0.0913164557275949 -0.317732321881063 0.096006005132223 -0.0630304477095162
-0.342889230286472 -0.0511067993046254 0.0818927151260314 -0.0426227136892297
-0.290869878737666 0.186601703000571 0.111302436140843 -0.117638318050244
-0.128648507717247 0.312695615582496 0.070679196664334 -0.193006730226019
0.060753251081986 0.324435390554988 0.0208021106927919 -0.220186472708911
0.112588544800832 0.324816773506008 -0.0192942586307115 -0.219981466776983
0.0927396015688797 0.344634973875227 -0.00830653396466186 -0.203278758041463
-0.110472345481534 0.397176880087523 0.0275448930659154 -0.17829741607042
-0.358510812064878 0.265857826577471 0.0594238311422856 -0.0951895058262578
-0.488027860923681 -0.0169085844958127 -0.0467698018393624 -0.0692247503271063
-0.231420748487097 -0.464119657107067 -0.0344977059808391 -0.210437053814692
0.256517108243029 -0.494569070167437 0.140287000860011 -0.307610724999711
0.447821124063614 -0.252264303520233 0.412946864187121 -0.196972573283459
0.443749035968615 -0.232423859708001 0.0339746804268671 -0.201327394050926
0.23410308886343 -0.474706116339033 -0.0121586846599189 -0.0223620862637469
-0.150511239128873 -0.419615673156687 0.106720947180775 -0.0548377072310608
-0.444204387707818 -0.065581602543266 0.0588948114395576 -0.0671682831850557
-0.372316245848179 0.231904400775986 0.0345188927862424 -0.0940286342970017
-0.171445941030585 0.383757841725778 0.0234358921657495 -0.0810369917912674
0.0540890202340938 0.401037276955672 0.0377955558341002 -0.0778445697277501
0.114743074482277 0.386438488718883 0.0207012858008749 -0.0843827713179534
0.0913895478859517 0.400238574036256 0.0191907354444078 -0.0608863353876242
-0.133985937411104 0.461190435030507 0.00743207886483116 -0.0440557007309516
-0.410046654922588 0.317775503266366 -0.0088655256206457 -0.00843794603405706
-0.563660111963664 0.0117723510168599 -0.108797201918697 -0.041995039971293
-0.31328107429598 -0.509453390833575 -0.0928852297716429 -0.180979981376171
0.242746172471717 -0.604828302141525 0.06433900085502 -0.21482767076245
0.508334607300021 -0.355615044816544 0.233532317292772 -0.0943586278979247
0.471255656237799 -0.285417294248061 -0.15728262362169 -0.103519375443331
0.223645924917068 -0.558238261794404 -0.0768240408127146 0.108515758567912
-0.201975505717306 -0.468198834759818 0.100270065951323 -0.0219331120248734
-0.489038667290362 -0.0646226941554696 0.022834119072582 -0.0774131684164046
-0.397289362531006 0.247950121259196 -0.0573124449465265 -0.0502331489656737
-0.184161541799899 0.401727206231805 -0.0331131621957134 0.0522243090380854
0.0437801691868078 0.416021846537497 0.0479221689010217 0.0826396671267164
0.0996161743534058 0.389427441263573 0.0568408407282638 0.0642236560424881
0.0719919426038524 0.394016430919936 0.0466405502242807 0.0889484418156439
-0.141616049769494 0.446212485333372 -0.00762523870237303 0.0970744078408983
-0.392286834003146 0.306921489564313 -0.0711043732274497 0.0870450210003994
-0.527646823551621 0.0269270560103649 -0.156843060255532 -0.00532023606119701
-0.318944424820208 -0.462156753002406 -0.13557580502812 -0.130914449017384
0.199964863255213 -0.59265557504801 0.00184753357367082 -0.102529324340171
0.480110778258354 -0.391127666276373 0.0519538719461425 0.0298635952213176
0.41972299218064 -0.298133729374043 -0.357758578267325 0.0138116525170765
0.172944950329566 -0.539983196057207 -0.149755556143422 0.24742172218134
-0.212750968847277 -0.423614630381078 0.0742922227104952 0.0284586834390055
-0.43699565378489 -0.0494829588093859 -0.0222586677240829 -0.0684777093187188
-0.344154079625663 0.216876523827346 -0.1440375906476 0.00846259174915849
-0.163350785741756 0.347866046563979 -0.0837881097447516 0.185259565948973
0.028238808958858 0.36400084778429 0.0527788776188574 0.233659652713957
0.068710307063087 0.334059494886695 0.0845680627485913 0.203106666613521
0.0383199754894897 0.327689483392917 0.0658912194556162 0.222479551384642
-0.134023032680622 0.357576698587529 -0.021193846500952 0.216591570094442
-0.316119606679139 0.230150964098265 -0.12036352180545 0.162812960546279
-0.395533183428709 0.0161412821960802 -0.181565494627401 0.0216073792181937
-0.24678956428093 -0.337907809049485 -0.152475277444161 -0.0800563895449363
0.143102871420725 -0.470616185153535 -0.0388685188063528 -0.00294038399277004
0.381548744098712 -0.355277297935513 -0.101973964623176 0.145463982894787
0.291912813827183 -0.257704794276671 -0.527440895648792 0.130770204592721
0.0894256786825007 -0.407817761568335 -0.212400129412511 0.360594241816837
-0.174980992130917 -0.283444626493077 0.0350910085732712 0.0865653831146493
-0.286503734167611 -0.0243896337598523 -0.0554385566206979 -0.0427191157472176
-0.224280564468337 0.138933770093228 -0.198822776338804 0.0638578138596266
-0.113065478623701 0.228306136725652 -0.116043599274261 0.287344413389194
0.00675950970907105 0.249554313378369 0.0518925234136238 0.348134362624937
0.0266572414658548 0.227173543738305 0.102765577884902 0.309807376521387
-0.00188385257410452 0.217949948127402 0.0710608026691623 0.319325867708546
-0.107415805535921 0.222005928055023 -0.0372416761604813 0.295213118523675
-0.200822141815222 0.122174127872376 -0.155880915848792 0.19950628506725
-0.214492851425337 -0.00206337963708699 -0.181662255678693 0.0285002111599437
-0.14128503087021 -0.18019505869508 -0.145145007648535 -0.0429194630999297
0.0715434877921022 -0.293804981740305 -0.0572674439143437 0.0636054860509201
0.232570406232849 -0.275683197404137 -0.208580391902915 0.231243883636778
0.108696024592652 -0.16641013128337 -0.631574588604393 0.225025429337012
-0.00784267514062067 -0.19693385838718 -0.247573602059264 0.432757481332919
-0.101828753526658 -0.0868427884031769 0.00477011450803725 0.145780218138316
-0.0826154041362372 0.0041521142021438 -0.0583708420056726 -0.00857517419470287
-0.0688167427734893 0.03509439203446 -0.208958732130596 0.0992926762781164
-0.048809185947795 0.0700787722472368 -0.126117293459717 0.335492909317345
-0.0202024250794579 0.0942001670925037 0.0455548985593855 0.405680176801796
-0.0204835182854897 0.0865606571356911 0.104483460972931 0.368985249075481
-0.036776208791175 0.0821331383446856 0.0614410242208819 0.368637187449449
-0.0635866795353268 0.0721242980679534 -0.0575553450309514 0.327361267828662
-0.0677985545767549 0.018106234393926 -0.178522219176157 0.202768118477349
-0.0401079622961916 -0.00668947676818631 -0.162892336128001 0.0240905709811454
-0.0535193451366433 -0.0230609512783625 -0.123280121531419 -0.0163216994721525
-0.0111085539649559 -0.114274752105428 -0.0644600629718708 0.0966661398424929
0.066755137900723 -0.171442956698411 -0.265537347924532 0.27760668145679
0.0924401839628296 -0.018941363290714 0.0579058061318113 -0.444123440192943
0.0529346588655037 -0.102759411380615 -0.0869920280654934 -0.17947604921939
-0.0604518883193217 -0.0756049674335912 0.0456722892977742 -0.0589469964716133
-0.0883678941484285 0.0549705776350829 0.097243601979258 -0.0766684037507095
-0.0149149503788131 0.0915600353085809 0.0645900354863869 -0.238955330706493
0.0431931484747774 0.0724722654413218 -0.124554151427646 -0.321697933287109
0.0766591929695471 0.0230367649944157 -0.266190476070474 -0.290302360003391
0.0961195280572184 0.0113304009829071 -0.303887247288256 -0.249905609651248
0.0976382501596635 0.0258410088114095 -0.276837152239455 -0.278585068304223
0.0560429305552616 0.0877581976770085 -0.146607569764046 -0.315009057682406
-0.0279709257145961 0.118431256808435 0.0295282316481393 -0.246800192272513
-0.122986513061059 0.0591395888612737 0.0207585052509513 -0.0822004048230671
-0.0941737701477199 -0.116175928018801 -0.0636452869482962 -0.17595512127332
0.0776011987400974 -0.129750685790347 -0.0417194748163984 -0.441807368729656
0.132261899517398 -0.0189240256489845 0.343105548019221 -0.618380488357792
0.159560332884571 -0.18204419287395 0.0282379317091677 -0.426143682536039
0.018508033060459 -0.250836188354056 -0.0712086887443504 -0.17273768852903
-0.156550034967727 -0.144085581004891 0.0255712686546085 -0.0928384381002048
-0.197060178189831 0.106335047845401 0.0620173375420348 -0.0684796812492108
-0.0700821297623761 0.213222791000489 0.0493606175943223 -0.199934142498074
0.0700062049953959 0.209527151137252 -0.0936580630923863 -0.272240393678533
0.173360398946061 0.129478809667718 -0.204016100070623 -0.260127495829672
0.210516113189009 0.109666305534763 -0.247486291720559 -0.22445523568983
0.210523252419778 0.13661309812884 -0.226641232315278 -0.236389967871244
0.113496543197702 0.263672840909419 -0.133141867181436 -0.258824822110927
-0.0899878262181781 0.30207722166763 0.00651999177622635 -0.198993972146434
-0.295239462121455 0.176193029932601 -0.0299246081995263 -0.0657252770730359
-0.312474042387908 -0.2094147133103 -0.112484511622288 -0.17645558858501
-0.0038913615638544 -0.391315785261899 -0.0583517496743253 -0.412007903299629
0.200741014544466 -0.284352594373426 0.286205738967492 -0.551018234146603
0.214801659071573 -0.329602666880659 -0.0320598336618833 -0.347801189023333
-0.0256287296005436 -0.394831214134474 -0.0509623698783477 -0.126374115171615
-0.259168368671976 -0.208933270673983 0.0215374469886029 -0.117540816184939
-0.302320280157833 0.154160934081009 0.0263379190922288 -0.0741285930194464
-0.124956247126475 0.32210450847505 0.0135930581847193 -0.151859181008877
0.0862963036606978 0.329663765647876 -0.0633831230919925 -0.187183222039254
0.245419232277844 0.222018769523739 -0.116351142720002 -0.19007770596554
0.293289242024665 0.190707569373431 -0.153526736085467 -0.165147860863846
0.291217772875857 0.222719838029991 -0.138592268260017 -0.159893484730573
0.160614546211023 0.395971905364529 -0.090097356035747 -0.161023324143956
-0.126012641058236 0.447720026633401 -0.00693182160945852 -0.112990022520552
-0.415364870240209 0.289535399638273 -0.0766141562081168 -0.0236099127686655
-0.497023727020568 -0.247646620472896 -0.158772886669412 -0.142412772134942
-0.10383716344184 -0.581902570897505 -0.0723902091866155 -0.330398625276807
0.224809771337448 -0.501147208725764 0.209944557706766 -0.40342427955226
0.24241333828531 -0.447511621111709 -0.117646530036278 -0.207048151645606
-0.0851617267244403 -0.516555443370323 -0.0284925028471327 -0.0286130355361876
-0.366271727398247 -0.2565158723062 0.0299919849029281 -0.117222724694889
-0.391380287537202 0.200954739901082 -0.0102286879641386 -0.075438050242452
-0.162244804263606 0.40617760980659 -0.0343147684249572 -0.082592034915991
0.0940493982423409 0.413278450903268 -0.0319199967867921 -0.0655691099968041
0.286468844741415 0.286148226717158 -0.011452929004354 -0.0855562208331706
0.335237090341398 0.241696998474197 -0.0371244075400353 -0.0804962455890443
0.32664315460163 0.269542125016708 -0.027212028744139 -0.0620661541768781
0.182387354169567 0.461634327808953 -0.0226814201649014 -0.0394359602586047
-0.131670894061653 0.52371395596026 -0.00592136083610504 -0.000115970780528898
-0.459400385938599 0.361182687312159 -0.109310667246906 0.037279917641883
-0.596319021845343 -0.232662392264773 -0.1854230259136 -0.0799523216057361
-0.187092728587563 -0.664626489076729 -0.0709643426884188 -0.208449326363754
0.205730046129239 -0.624337710647588 0.131219840911156 -0.200460656981587
0.23295439440529 -0.508441918907946 -0.216453471441526 -0.0119096004848665
-0.140070967022231 -0.574295919653108 -0.0026484290761098 0.114694585037482
-0.434984732428124 -0.264499862471788 0.0425061271775332 -0.0850039998440423
-0.428259019768473 0.228846571966623 -0.0469233934667133 -0.0602376860082867
-0.173291239959008 0.433714130139461 -0.0814515268657933 0.00988746731319423
0.0938582367431692 0.434984469011669 0.00595138457500359 0.0771948597652123
0.287619972742272 0.304216135030593 0.0982318867152534 0.0372861999945851
0.323101943533031 0.253296922313044 0.0848500241264468 0.0170875859574305
0.305315477050939 0.277769578939413 0.0890068650575824 0.0419885698086705
0.167566810942028 0.455893282854062 0.0538497431851951 0.0843996227455789
-0.127576302653004 0.50366527020805 0.00417471925757976 0.115472009882616
-0.420650111720055 0.351594789728942 -0.125567696677196 0.0975814342588268
-0.567251636980602 -0.184428226155554 -0.186574586738827 -0.0117239763620982
-0.215746846476226 -0.621898505711331 -0.0491677460810043 -0.0777016211231192
0.154941058087528 -0.636026116477459 0.0643439816284139 0.0171261773828262
0.180352536115518 -0.486623586378641 -0.306606317146849 0.209528731706913
-0.172486056696372 -0.528468534820673 0.0236399549397906 0.273185141777321
-0.419660248907771 -0.22005406973125 0.0539174508271993 -0.025310708198192
-0.37936489179821 0.210679484496336 -0.0761123286097145 -0.0272182209168069
-0.148971289952671 0.379095692940342 -0.114488878204965 0.108627800934686
0.0792281760232002 0.377914245878929 0.0472580739447587 0.213107663110219
0.244809595064549 0.271877533287735 0.195719459020086 0.155979603031003
0.263521174245923 0.22754814303011 0.194187661003609 0.111323727546893
0.237103276195373 0.245322224906427 0.189518366220236 0.137139179415264
0.118500595278781 0.377509247949017 0.118273803596629 0.190012971177851
-0.114033297373882 0.391601225549391 0.0114206537002322 0.206577244973424
-0.316526331680687 0.258662962622343 -0.129357660728092 0.134425190998691
-0.425590890832115 -0.126494774434138 -0.169102807771524 0.0393782488457145
-0.184881111250668 -0.480866058490515 -0.0206735625872366 0.0275092201678193
0.0910300368963853 -0.537934628290139 0.013636260022852 0.204717138333041
0.0954949176802638 -0.378800716328898 -0.367441563943936 0.414860915008183
-0.162755906183317 -0.374338702429062 0.0429013998279155 0.40963906018217
-0.30690222795683 -0.125275873911611 0.0657321420651044 0.048239728350295
-0.243271717697087 0.145290083009344 -0.0816479561211872 0.00910269101995616
-0.0980510014827293 0.245124257994581 -0.123630692524894 0.183320977724437
0.0467965676967316 0.252179961355725 0.0839559643732994 0.310573004335176
0.158177778418921 0.193079981807262 0.26510985723679 0.248168361133084
0.163204302390406 0.167215863432624 0.275119726851347 0.186370553073536
0.136783624554675 0.181537607383616 0.255470077208315 0.211835053051609
0.0539005256210498 0.250880473032038 0.155355945077287 0.263566855861031
-0.0876157295549681 0.228332080333421 0.00444944327690837 0.258515403477192
-0.178068713734591 0.130909559362292 -0.125702592233771 0.139442734666498
-0.234402262554707 -0.0595065385602149 -0.140002740735845 0.063504049375316
-0.129572702064462 -0.287015255696414 0.00221041022249348 0.0911311959119963
0.0139985965369036 -0.374204624458579 -0.0178655785908467 0.334722934927298
-0.00695370677998383 -0.197056984781126 -0.386748496395683 0.56503657117037
-0.119403182273732 -0.149961809634141 0.0627308495735393 0.496294322059567
-0.132172585674274 -0.00739594997013322 0.0877759144774065 0.117570728842755
-0.0645139448832055 0.0514767495661543 -0.0567352622685781 0.0309613387986803
-0.0343186897733689 0.0695158573298188 -0.110330379854979 0.211820479885598
0.00282523155241245 0.0857085761577783 0.106034778768116 0.349217160265371
0.0416065693664384 0.0854730532345762 0.293603486903388 0.298796142587424
0.0373727738228411 0.0833983753025576 0.314006337004932 0.233835495988778
0.0231037709342352 0.0933951598656112 0.280743642941041 0.258237948531533
-0.00521781166186695 0.0990892928153114 0.160517888585508 0.301946854588921
-0.0443959251900031 0.0578933109222744 -0.0122647431188562 0.273821030850523
-0.0363365034609095 0.0182896389170538 -0.114893941694932 0.122188237046401
-0.0576009464195813 0.0172868039329897 -0.106814018803128 0.0693908483847283
-0.0840847478062819 -0.0842598508838074 0.0130224302914261 0.119993244434703
-0.0615270457271614 -0.180176989396375 -0.033553810922904 0.399637353075003
0.0972937238164911 -0.0234110312133758 0.0425712195561851 -0.4556809376334
0.0509952239269343 -0.110850346491153 -0.0952991046843639 -0.179748588406782
-0.0655338555361278 -0.0785867558536403 0.0415276315233044 -0.0662735380540475
-0.0886401509932355 0.060285001866414 0.0940836975525691 -0.0833522915859112
-0.0104059958335047 0.0955553172597701 0.0530207828398962 -0.247669641663144
0.0499210305310053 0.0721594502504458 -0.143143368300005 -0.32270116633472
0.0811355920989354 0.0193857057465476 -0.285778218687335 -0.284742477009407
0.099616268064955 0.00637510766466343 -0.322698675182 -0.244065841869049
0.102102049286989 0.0206545352163442 -0.296390920716959 -0.275172649127379
0.0623333665097033 0.088369816120254 -0.16377597645793 -0.316219071461376
-0.0217621717285425 0.125174356210535 0.0203578753487136 -0.254492376200301
-0.123988642597198 0.0671752283117097 0.0187986868696106 -0.0830099187320066
-0.102663532046828 -0.116678537020475 -0.0748139630932493 -0.179353912209241
0.0767472636897456 -0.138320542462102 -0.0620120401820902 -0.449324632702811
0.139665788086961 -0.0240239483157049 0.330398937017629 -0.645601151160107
0.16144605764969 -0.193011859249618 0.0130151020059912 -0.434326331569931
0.0102542563409545 -0.26035531123769 -0.0771259204800191 -0.173272677724095
-0.16631561306444 -0.145645184860419 0.0184716463646553 -0.100581630144013
-0.197018259957497 0.116210821172136 0.0580796784439379 -0.0732504690483425
-0.0619333801346363 0.222847361038833 0.0389112743313422 -0.205245272077332
0.0831006201700568 0.21205295739113 -0.108372068963093 -0.273516248789021
0.185108241336234 0.123933373228354 -0.221373563356836 -0.2583518847683
0.221748543598673 0.101426448085116 -0.263648328778933 -0.219045803209651
0.223104410020545 0.129500437699904 -0.243763043131109 -0.234081648887885
0.130212393521207 0.266856682246578 -0.147274196742703 -0.258536310883574
-0.0773534843593364 0.317042058465241 -0.00181771915436652 -0.204770443002382
-0.295479164815755 0.193303724372587 -0.0330845610175197 -0.0627733676876665
-0.33074270865576 -0.204720757339458 -0.124801968630181 -0.176614975578222
-0.0189238502259902 -0.405013878962105 -0.0793509861455945 -0.41850084166237
0.202531970937779 -0.298354730853352 0.274862488308386 -0.575014507118164
0.214742802481828 -0.347195431786139 -0.0456806152505233 -0.352451121727508
-0.0409435163598125 -0.405654720924261 -0.0535619189007497 -0.1263215216926
-0.274311477450594 -0.208442122609251 0.0128250581927351 -0.125767711391331
-0.304203570111916 0.168817576325857 0.0216450585004978 -0.0771488692986285
-0.111328428924555 0.33817050313064 0.00437559857870544 -0.152563298226049
0.104348326106619 0.335856462129159 -0.0730458440300349 -0.186915689108001
0.263209335893501 0.21668959029773 -0.128335823989659 -0.191173217413194
0.310400632235096 0.181214251765453 -0.164372143363488 -0.162000047566382
0.309293364369482 0.213446150161804 -0.15018294349376 -0.158999345668072
0.183395357599673 0.400193882231558 -0.0977973552736027 -0.159178989973295
-0.107177019141281 0.467902282799606 -0.0126702570972335 -0.11563383587918
-0.413989815011459 0.312985889711097 -0.079626627233391 -0.0164422614573676
-0.521236745553637 -0.235420574016533 -0.17007694300003 -0.138208998701523
-0.129536816488116 -0.597241450074103 -0.089783182838792 -0.334211517882202
0.221019990708101 -0.521989651638599 0.199290867791326 -0.422667373835792
0.238372632151905 -0.469502776091386 -0.128875217762069 -0.204001280853058
-0.105764848758132 -0.527014796379877 -0.0257838429853637 -0.0265180369012589
-0.385341010501086 -0.252696089639887 0.0213991521619695 -0.125845072422331
-0.394015050464513 0.220363512898022 -0.0159089332045929 -0.0784120828099276
-0.148492985315674 0.425322270924732 -0.0426924897591048 -0.0795232719432654
0.116560217306293 0.422424098802699 -0.0354645334010595 -0.0641214440486072
0.307067053147773 0.279685120780566 -0.0163483657267373 -0.0902926937147371
0.354246733771536 0.231618457209408 -0.0408409803345335 -0.0804412561452089
0.347299792559258 0.261192076004117 -0.0312044678400855 -0.0633982231314696
0.209330647611035 0.467149340546283 -0.0232497888962191 -0.0365139669415365
-0.111237060450109 0.547002593979623 -0.00702235782876878 0.00023653106074389
-0.457505369677482 0.388282810871124 -0.111227955571888 0.0479646625946198
-0.621215010540984 -0.217173045762795 -0.19397449089658 -0.0718928073373686
-0.219177004643428 -0.677652369067996 -0.0833132007302269 -0.2079905623839
0.197045133727082 -0.647320015979777 0.124097602679509 -0.213494818808426
0.226064200413261 -0.532908153048403 -0.2234304004773 -3.39170204147942E-05
-0.166381279968076 -0.584717227724883 0.00759610468912076 0.119426030563072
-0.457015164683788 -0.25752087633261 0.0365669960152756 -0.0925967752471097
-0.431044567487282 0.250984362339921 -0.0529064976538484 -0.0613737743674696
-0.159373021803197 0.454656027121711 -0.0882395128137915 0.0185936863509346
0.117346710795809 0.444470548480237 0.00953934161697226 0.0804154113625076
0.308538905682085 0.299197712153988 0.100727624637039 0.0296211462005071
0.343487339450607 0.244875836924549 0.0893208904667246 0.0142468929253473
0.324191961186671 0.27052344273581 0.0937234947705816 0.0383545744455966
0.193530620618937 0.46158440759278 0.0620080781339277 0.0873598668674263
-0.107801840026736 0.524531673720329 0.00905234776011263 0.118458051714779
-0.416355204368066 0.376310851076253 -0.124538983958273 0.109700494508823
-0.589689405240848 -0.168814993359156 -0.192011458918976 -0.000327091490760378
-0.246399675367066 -0.633497818440381 -0.0558607955015526 -0.0741606597399149
0.143218818116008 -0.655608979325171 0.0625694955896464 0.0120358772713228
0.172562568571776 -0.510172622479624 -0.308100314804467 0.22855655346644
-0.196863321675766 -0.535864777255712 0.0397814472904957 0.28103974851566
-0.438453003171613 -0.210753435072448 0.0518027934057066 -0.0309609737364141
-0.379751300234507 0.231438831682957 -0.0815341806622311 -0.0261266446079566
-0.137827036668968 0.396094135692379 -0.117771651697052 0.121274609041184
0.0974209467953709 0.38719394264972 0.0577741013155984 0.217650621196635
0.261886000136599 0.267425287025113 0.206446863621825 0.146995298271261
0.28088274615462 0.222217879876133 0.20556969765134 0.106227060400757
0.254080792730499 0.241720001647024 0.200957513470636 0.131799045540839
0.138826050481479 0.382748008449613 0.133177725405982 0.191951527582047
-0.0997691873748512 0.40721596332997 0.0210090496843917 0.211782960555099
-0.312836919201068 0.275879425326701 -0.126261305470374 0.146807435224175
-0.438855163872583 -0.114751791493844 -0.170752648432921 0.0527571316313901
-0.210514413996984 -0.487821573113235 -0.0217924546506289 0.0323328128872754
0.0770914766514037 -0.553167800869009 0.0180558373481483 0.204367826509039
0.0855644836922022 -0.393570053636448 -0.365905978011057 0.441679901714679
-0.183810822015271 -0.376973296634022 0.0650206670447285 0.41893073331504
-0.31900360382421 -0.117838402328825 0.0689026468547902 0.045485973947428
-0.24368989422207 0.16031166297409 -0.0852306748262027 0.0116715290811227
-0.0909126187980761 0.256735769751034 -0.123954496129158 0.196806437619289
0.0589273068609494 0.258752200886875 0.0989932421251749 0.316293771192906
0.170224275902797 0.191260038245571 0.281342661282408 0.239779238991603
0.173995057948079 0.164780438567311 0.2914312172961 0.179429010338535
0.147291898772572 0.180940312597111 0.272698858811691 0.205423673446925
0.0662274435513952 0.255219685448568 0.174051540451767 0.263960281575242
-0.0805500003832351 0.23704181451679 0.0177468319553162 0.26451127191221
-0.176210532156572 0.138509236555435 -0.121729696021979 0.15000351848206
-0.238379169498802 -0.0518355151911625 -0.139775617639211 0.0765609481050508
-0.144913069973342 -0.287940459299639 0.00483844199576693 0.0956991663524863
0.0014435559790862 -0.381069296592602 -0.00854758600723741 0.338671054580155
-0.0150998046925641 -0.2027049466816 -0.378062615150769 0.596372608187891
-0.130618805206843 -0.147660531389205 0.0873274987098989 0.507069362313916
-0.134784031125453 -0.00100529966338839 0.0962751095768017 0.117412893521172
-0.0633759042620946 0.0568439494542469 -0.058865682653646 0.0336674648291538
-0.0328152523988194 0.0733801101004352 -0.10775629994657 0.224406123931432
0.00590678112877753 0.0890342001805802 0.122308829038187 0.355479843169447
0.0454640161077437 0.0867541803449321 0.313267807739554 0.291054430858167
0.0405998543046629 0.0846556527872139 0.331993847343917 0.225377022727737
0.026594387939054 0.0955939762058312 0.300369629263717 0.252764214648321
-0.00124673018465715 0.101868453146033 0.179148577132752 0.301620673085177
-0.0449013258761316 0.059299533535663 0.00156602978392629 0.281519652360487
-0.0357031098461816 0.0172471164092923 -0.110661211341675 0.131237473085476
-0.0544001708926894 0.0204233659495986 -0.104354120144042 0.0808015528175581
-0.0907363505389973 -0.08056440850738 0.0179324750516361 0.123556930528831
-0.0727419044842166 -0.180302461830973 -0.0206767780912902 0.405293546859589
0.099586667546115 -0.029732532692832 0.0177603942787516 -0.458949117948427
0.0442139100292207 -0.11800131974941 -0.105323917961174 -0.174392133455214
-0.0728449594625769 -0.0779914636722632 0.0342923151507416 -0.0736773163394369
-0.086199255677444 0.0670555573520267 0.0863737303171326 -0.0900308576299221
-0.00357918641392724 0.0971021554758908 0.0348599951144158 -0.251864484614478
0.0576495208989574 0.0688279418005183 -0.165919367847531 -0.31403281613195
0.0848210370166304 0.0132902010147579 -0.306616641216356 -0.267136061546342
0.101438625831222 -0.00247620935032273 -0.341514323325608 -0.22535009488945
0.105512080431695 0.0123939726467198 -0.317500498958477 -0.259701867602048
0.0704519694034657 0.0855512886222178 -0.18580284791811 -0.30855934930997
-0.011762314926241 0.129333227391743 0.00417510598746917 -0.258079223839067
-0.120450279740773 0.0766599807469119 0.0149214496833082 -0.082276662594749
-0.112040387958855 -0.112092375884104 -0.0900385808208326 -0.177515143588913
0.0701614183167915 -0.14716799075979 -0.0928803641478865 -0.44738774103153
0.143522229940828 -0.0330339474965691 0.299110404014979 -0.669838063135902
0.155894957382696 -0.206737641371846 -0.0107724056120066 -0.436911214334806
-0.00522517624613601 -0.266582315281332 -0.0854629574500968 -0.168478457995949
-0.178377592180822 -0.14050388095715 0.00737912767828048 -0.106426605793044
-0.191749326718135 0.128856177477672 0.0511573500606539 -0.0776226517553926
-0.0476595572184778 0.22912180749932 0.0228690247023699 -0.207672780342607
0.100675700869527 0.208943468787688 -0.126818915050444 -0.267393199417449
0.19630488850936 0.111594230911844 -0.240659359579098 -0.246167994039959
0.230465204272679 0.0861698470805973 -0.280389098356491 -0.20425056450099
0.233743440819415 0.113632319363493 -0.261663456529869 -0.220533704426599
0.150035579931529 0.261666232318813 -0.163744030035716 -0.249713570438318
-0.0548170710581875 0.326976687178807 -0.0153913287465932 -0.206120322730115
-0.285940341208069 0.214306445808977 -0.0368137422137967 -0.0577864001182133
-0.347084645012714 -0.188963402825737 -0.13960633675747 -0.170497457923615
-0.0426518073532562 -0.410099734863929 -0.106402661249609 -0.415522601779703
0.194164652647975 -0.314149355883363 0.243088750687253 -0.59584667532003
0.2003570807017 -0.366807075274831 -0.0654730818483513 -0.348813761415433
-0.0647414272418932 -0.408837154153405 -0.0571505989419194 -0.122878742094016
-0.289153601254882 -0.198284569724921 -0.000680346796777626 -0.132036124929136
-0.2954942753536 0.187740713762032 0.0138567774262983 -0.0799246432638404
-0.0918914278380343 0.348671444778963 -0.00893325131825812 -0.151251192684877
0.129811315686078 0.333152712657044 -0.0853640940910581 -0.182413848665003
0.280953328028192 0.200326539559858 -0.142446496127496 -0.186134753518914
0.326403117138611 0.16329872840454 -0.175444444182879 -0.1527900173769
0.326489665305214 0.192646455539818 -0.161793934713326 -0.150986350184203
0.212886621664557 0.393113189422311 -0.106733540111761 -0.151985440216613
-0.0760256979790495 0.48140610542095 -0.0208025273352871 -0.115260296016363
-0.397755252475355 0.342035658281923 -0.0807219239458947 -0.00688057193119686
-0.542128498126626 -0.208597370236989 -0.182143375106242 -0.126539913416701
-0.165744558880754 -0.600025460671897 -0.114440462772705 -0.327734043519643
0.200540654207864 -0.541547738056549 0.174445466043152 -0.438414764486557
0.218713830931591 -0.493085581450055 -0.140867919495331 -0.194681999782454
-0.138358658880511 -0.527916357928024 -0.0214520750213041 -0.0241585801058268
-0.403449626112508 -0.236340863414655 0.00858638419658595 -0.132301809299467
-0.384262074090569 0.246069840554857 -0.02371396941322 -0.0793458239642415
-0.122018113752699 0.440982172268007 -0.0523587333709917 -0.0729114983972775
0.148111747382761 0.419363778838041 -0.0391438398809972 -0.0608959965280678
0.330578969346695 0.261396092118561 -0.0238659318877507 -0.0933887177550413
0.373440592222604 0.211158405500093 -0.0452078579278345 -0.0782820421206756
0.366772504371906 0.239934136579021 -0.035566807418272 -0.0619983243510805
0.242563215348301 0.460567720679487 -0.0226431997852614 -0.032841618532229
-0.0759127911115846 0.560762613744871 -0.00705871117603296 0.000980411850695209
-0.435446088147855 0.419253002970468 -0.107951463037976 0.0604641597124924
-0.640927901885452 -0.183456291174139 -0.201045615335228 -0.0558217689411791
-0.263094289910939 -0.674980367127845 -0.0993886340201199 -0.199717529834509
0.169184703824044 -0.665389333339111 0.109703419289446 -0.224090523859847
0.200959095324647 -0.554636695354408 -0.224740228906033 0.0163357998566072
-0.20319030355568 -0.580555761008695 0.0216291735694964 0.120352541055275
-0.476008928548194 -0.236288843415821 0.0271525906433563 -0.099309546111779
-0.419128254055577 0.277966281350845 -0.0597396299682288 -0.0597583266955103
-0.131759236689145 0.471819259704133 -0.0925512100525009 0.0291094883565824
0.148004590504464 0.443488027962868 0.0150843005954367 0.0822064347047725
0.331422569973405 0.281135808169827 0.101484686340694 0.0194271030351051
0.362025431739852 0.224989262253074 0.09192697495422 0.0093910559199289
0.344669826203993 0.250624066556375 0.0972366944433156 0.0326735750249843
0.22676333272872 0.455630452320547 0.0720640685804287 0.0863028001895348
-0.0742214769424906 0.537044557701254 0.0172898756325489 0.119346644727086
-0.395132632221267 0.402379764063487 -0.118363971206177 0.123723433553921
-0.604658030358448 -0.136349969490203 -0.193362021743916 0.0177254825425883
-0.289517802540012 -0.626996566726133 -0.0625075106645763 -0.0666755715052881
0.114722840177205 -0.668395476214446 0.0592626514381412 0.00496274370694067
0.145364721125122 -0.526640958870802 -0.297828774537559 0.252739833667544
-0.232897953725869 -0.528577547851886 0.0639399910085139 0.280369946409711
-0.454463807897982 -0.18799034637125 0.0476996429920802 -0.0367226588912884
-0.367696174701965 0.256427093901741 -0.0859097027834908 -0.0222481640984425
-0.112980703439522 0.411230126866992 -0.115371782463599 0.134657716039267
0.124344319101464 0.38621732892676 0.0726562641133908 0.21783054684249
0.281217440432056 0.252212980071635 0.215761628843393 0.13113383942733
0.297334314821519 0.205506829547321 0.215470362779408 0.0942887581969188
0.270516746534225 0.226741802495408 0.212347995008014 0.120651772900227
0.166147434503603 0.380765754460544 0.150402754468633 0.186169629951692
-0.0740860188715111 0.41821476755192 0.035442785866143 0.212018039053567
-0.297399616076626 0.295548658482264 -0.116830894958654 0.160092511796645
-0.448311828782291 -0.0893468952295613 -0.166827735466479 0.0704420692030266
-0.242069654470122 -0.47966356446733 -0.0212648736574925 0.0373669571078586
0.0518951440589825 -0.560477683522117 0.0247139297442442 0.201227243987222
0.0637164632598766 -0.405122277504858 -0.343617720799208 0.470990834758654
-0.209882858246189 -0.368363137458786 0.0976403560923414 0.416611936212434
-0.327686746144495 -0.0981243144230583 0.0714084276455853 0.0400758788928624
-0.235392615060735 0.176558302362916 -0.0865931994432586 0.0166206871552573
-0.0750505601451476 0.266046703768801 -0.115875053309137 0.21103359401902
0.0762227341777344 0.25954304431472 0.119613601481793 0.313721195470662
0.182688755039092 0.182633349906817 0.297326453178526 0.219975702942761
0.186291830335087 0.155670367530243 0.30667879281822 0.162663422391806
0.159204030248648 0.173882850026697 0.289267719352593 0.19031900411961
0.0838296266743949 0.254579036384117 0.196628464240726 0.254960718323079
-0.0668720569343157 0.243662573202097 0.0363033400036934 0.26576239809213
-0.168122857025829 0.14677509557767 -0.112407829609111 0.161352191664413
-0.240182764201586 -0.0382140922958665 -0.132669424692201 0.0914839742644402
-0.165449384759972 -0.280470458814158 0.010122192359004 0.0980761647445223
-0.0193536070636178 -0.381196429519925 0.00652146536001308 0.33703286132078
-0.0282624084505732 -0.204272422888364 -0.35061957253259 0.62463024290389
-0.142347594167497 -0.138975730332642 0.122786263706134 0.503861397074215
-0.134138303215835 0.00930944629933706 0.105762283883071 0.111897775898819
-0.059636890332975 0.0616073631396758 -0.0582296479470731 0.0369047963470516
-0.0282328130676422 0.0768235508216726 -0.0971222083995077 0.235974355510227
0.0109128218165903 0.0909639736593638 0.145376750767472 0.351491465569227
0.0506000364244573 0.0852432400912073 0.332965451787443 0.271323537332665
0.0454309230947248 0.084080035518204 0.349354894276017 0.207033296351221
0.0326717606589045 0.0958448077164954 0.32032190466368 0.234277978091308
0.00500992527977818 0.103130170904459 0.20356259031834 0.291356165959313
-0.0435084790953254 0.0615219234750384 0.0231051751123496 0.282116571336121
-0.0350012595997076 0.016707089137023 -0.101860596176064 0.139589827749252
-0.0494755043929814 0.0240747770394049 -0.0962275531236732 0.0933225155883863
-0.0978386589316511 -0.0729042708281882 0.0260577876833177 0.124206345071211
-0.0864144145911238 -0.173772276084156 0.00106573806858778 0.405346883248017
0.099568140188577 -0.0376222961507832 -0.00955706054109911 -0.451205216060382
0.0352142141475388 -0.122717407723469 -0.113072730605298 -0.163789108382407
-0.0792485393884554 -0.0745682292491716 0.024309669527 -0.0776047943427505
-0.0812985412274721 0.0718468552294343 0.0760910465202087 -0.0933327198000296
0.00297282846166916 0.0960950224024409 0.0153705894991402 -0.248137445337675
0.0632932932517452 0.063187302344347 -0.184806683226947 -0.295379765813594
0.0857844389062893 0.00579150322883215 -0.318877359345142 -0.242698644654704
0.100493112934423 -0.0110883793421623 -0.350766263020141 -0.19968992946877
0.104738788473877 0.00294609902678433 -0.32917554636777 -0.235572648951131
0.0760328624649492 0.0794555499872836 -0.201922234207139 -0.291000345405272
-0.00072708618239476 0.129525041039568 -0.0118533932519211 -0.253747788229237
-0.113642346415152 0.0848038895721059 0.011109807849733 -0.0797672160923001
-0.11842905094592 -0.104552411839228 -0.103448518220278 -0.169456807797704
0.0613004207156103 -0.151638228762674 -0.121934820568587 -0.430810166214455
0.143639079183023 -0.042389886564595 0.25645092173463 -0.675447810755733
0.14461164624051 -0.21563096699062 -0.035317596179386 -0.425580351602141
-0.0225571216245512 -0.264603955674215 -0.091463568153723 -0.159634802882398
-0.186147725503151 -0.13132582299831 -0.00542827429942509 -0.108414176882199
-0.181114569824836 0.138635067381063 0.041718728989833 -0.0788755585868259
-0.0309731215256403 0.229498704691733 0.00653205505433903 -0.202314763247195
0.115204244436576 0.198499645340168 -0.142879605552449 -0.253562274822328
0.201503137802586 0.0955525090977112 -0.253290023154443 -0.22556260662925
0.233405058020824 0.0672255133679757 -0.289119344548595 -0.18273341778447
0.237266700292786 0.0940920738060383 -0.272467758965791 -0.20054239531817
0.166816918743981 0.2480669260073 -0.175899963592222 -0.233820397912028
-0.0308500762253111 0.326855635736884 -0.0284826607446108 -0.201586881039414
-0.266698964639332 0.229699620484266 -0.0377835763321789 -0.0503457104512089
-0.354281705028867 -0.164628749784354 -0.151370362397434 -0.157808410099703
-0.065502418421555 -0.405025700894436 -0.133976826588805 -0.397267494330696
0.179430863157588 -0.321908633948159 0.203527743434036 -0.599899460500905
0.17938985459919 -0.377346435337964 -0.083723921090552 -0.336492616264863
-0.0903389493586486 -0.400501038157097 -0.0585623732132816 -0.116684999806015
-0.298077595887779 -0.18132896878449 -0.0151960428354623 -0.132659610954879
-0.280521112889756 0.201657580668924 0.00551849647795396 -0.0795492788484674
-0.0675353660923167 0.350561080821906 -0.0226669344086704 -0.143870129390927
0.15303610401521 0.319468858786257 -0.0958340804677892 -0.172898610284627
0.289162249678633 0.177074124452088 -0.154766136109395 -0.175182769296788
0.33249412822059 0.135108314172734 -0.181679375355613 -0.138917992164797
0.332673916323624 0.166298148713493 -0.169521131493458 -0.138097934017234
0.238342262070284 0.373695213068772 -0.112048917874664 -0.140951619941466
-0.041563462138541 0.479470837929809 -0.0276907410084188 -0.111420480055925
-0.368452443669069 0.360746603578195 -0.0786445510452517 0.00312841219868153
-0.548253908943917 -0.174834707053936 -0.189017252837935 -0.110029758384762
-0.201240114108958 -0.581882421544499 -0.134550844058409 -0.310663582946968
0.174156983405298 -0.545268857674293 0.143237305777419 -0.441186185138961
0.188863645586058 -0.502275867793351 -0.148391036547404 -0.179780135431554
-0.169229496662505 -0.511639577086554 -0.0159392792376121 -0.0228962903772035
-0.412340028454091 -0.212039127400278 -0.00568391985171602 -0.133349474268293
-0.362538460374012 0.263965229864445 -0.0310891006825755 -0.0775891768786984
-0.0914693954858337 0.44282297790698 -0.060542007509005 -0.0637653681577492
0.174097419649563 0.404223775842614 -0.0421360214619645 -0.055893103059397
0.341695654210136 0.234827290067613 -0.032479788017377 -0.0925566032301943
0.381649465877038 0.179565520956123 -0.048345588266846 -0.0733085926838172
0.375413070414759 0.209575080202591 -0.0386988333543673 -0.0582603260312507
0.271222155102102 0.437878021963349 -0.0200496981879626 -0.0293662746061232
-0.0366467174652644 0.559394924215868 -0.00729016256915317 0.00239426890201031
-0.401243240635645 0.43898251023971 -0.10123845802012 0.0717750063046513
-0.643451015851743 -0.143242789673928 -0.201336932139474 -0.037281005941397
-0.299013655957196 -0.651498940779963 -0.111452793027756 -0.186276021752843
0.13620427731282 -0.667840134392979 0.0911609686267124 -0.226992382821422
0.166862284663242 -0.562150138012693 -0.219125461503642 0.0330214092053117
-0.237062791354331 -0.559622547420511 0.0351883940196214 0.115329437868387
-0.483676630719416 -0.206146326094293 0.0155439654034895 -0.10217734786695
-0.395075087419477 0.299629454852898 -0.0650291165511941 -0.056292737296045
-0.0981914277226495 0.473676765450778 -0.0928860596137853 0.0402001530156656
0.177000768512196 0.427493568065829 0.020892243386859 0.0808675515267276
0.343497646945035 0.254419908813289 0.0975124938758152 0.00952557802948962
0.371005760593469 0.195880181503832 0.0928656302034688 0.00310400344617637
0.355514275632801 0.223393653781245 0.0988224319709954 0.0262218093081197
0.254797744280037 0.433156147707757 0.0814175697441561 0.0809820947081456
-0.0355073866059304 0.535107863279993 0.0250347552746029 0.11625468174979
-0.36312072231635 0.419444449821504 -0.106814441222924 0.134482707210711
-0.60349943440788 -0.0989860222831901 -0.187044360621375 0.035663422535239
-0.323139247673788 -0.600337882539832 -0.0665919781461422 -0.0577920683807582
0.0805615545843671 -0.665087766464811 0.0544485634677323 0.000103143311108903
0.113356598158297 -0.531048895264637 -0.277738840593448 0.269421065745104
-0.26337576593093 -0.50441151761345 0.0863541618843324 0.269011475742606
-0.458606025732993 -0.159682326171682 0.0419373561056767 -0.0412803478251563
-0.345325878110735 0.276483501211007 -0.0871395168450733 -0.0180225742142929
-0.0841444381554565 0.413342356570938 -0.109013371020629 0.145396313780004
0.14942782923235 0.374411588124038 0.0853228303151544 0.210892967492965
0.29132867815619 0.229860543735742 0.217060368145217 0.111307295707189
0.305873036099092 0.182228276819539 0.219511823647433 0.0791289151389776
0.27964315904587 0.205648758409352 0.21816016323536 0.105042493957947
0.189825828082675 0.3642495670812 0.165654501058231 0.173355692894806
-0.0453111949924427 0.416711597988583 0.0498633713245229 0.206595760111591
-0.273722153824138 0.306900603955758 -0.104022135705886 0.169012163478542
-0.445278388788696 -0.0619867507731827 -0.15590155876142 0.0861484255688655
-0.268435171001932 -0.456880914309333 -0.0190888985188444 0.041072132500785
0.0217258960254939 -0.554656935472155 0.0319953270458354 0.194311984871534
0.0371031244429184 -0.403989733228953 -0.310927707675568 0.484610348154716
-0.231052568413868 -0.347484236638527 0.125455580311475 0.401042966727207
-0.327143185463136 -0.0771192223468818 0.0720939205109711 0.0333979209580575
-0.218856342790853 0.188912809972034 -0.0852358565668711 0.0202617182496318
-0.0562497897027815 0.267752857858447 -0.1043158227112 0.21979648618043
0.0932785811327197 0.251711949149447 0.137966586446573 0.302785053201718
0.190338923814251 0.167517559197259 0.303275668057536 0.193680096565783
0.191787294862325 0.141431103786932 0.313944601022582 0.140311750767818
0.166907128512672 0.160981486661383 0.299041364458706 0.167480914550479
0.0993800925405817 0.24553966525632 0.213713370635058 0.23677063079232
-0.0511182885285068 0.244257345792354 0.0546161859437251 0.2579591185388
-0.156829539209478 0.152367266909234 -0.0983633837642916 0.168283660436845
-0.236425504007892 -0.0242515927009977 -0.120064472385919 0.105213316982197
-0.18034722843201 -0.263912441657214 0.0160558448864923 0.0971854802665034
-0.0399057128587425 -0.37195284537756 0.0227731181455126 0.327231789658284
-0.0419785920635529 -0.19920085437016 -0.310862292581572 0.637627016887786
-0.15044610344852 -0.125639205875372 0.152389425677448 0.48517368746134
-0.1291002492337 0.0179887373851133 0.112739065461189 0.102097631523751
-0.0530831380310881 0.0643354937327788 -0.0551897201650751 0.0388642284043072
-0.0228285975513486 0.0776737406785749 -0.0829961263907684 0.241453611113472
0.0171587160561041 0.0898293929455937 0.165592967879245 0.337969562442182
0.0538489824496181 0.0808432309848484 0.341723467652165 0.2433546985865
0.0494024155824518 0.0812498821411693 0.359012250082772 0.181687246529136
0.0376197749827002 0.0934180174016771 0.332851356035661 0.209461053277137
0.0113556416879806 0.101246479721607 0.222529940423421 0.271011291123113
-0.0407820666654707 0.0624129375948553 0.043565645775732 0.275221993437472
-0.0332464691957273 0.0154992786769054 -0.0890988908322158 0.144390244903829
-0.0430286229414591 0.0261628605847072 -0.0837833081058056 0.102479043281275
-0.101463315733157 -0.0624034433039063 0.0334839910766824 0.120751600050968
-0.0966551621367158 -0.162951185665573 0.022712386893628 0.394004593954021
0.0970955930473481 -0.0431531749194515 -0.02757566039144 -0.43349561104564
0.0266857920235713 -0.123607171631135 -0.113540597671255 -0.152846817889803
-0.0832207929912948 -0.0705225400986828 0.0150948046234731 -0.0780518552022785
-0.075965018177513 0.0748024682609615 0.0659071244882831 -0.0933207615338534
0.00810227572332279 0.093774060115588 -1.33106166931074E-05 -0.238845405143183
0.0659341715291592 0.0568012576269521 -0.193942226199236 -0.275224196736531
0.0844439690002046 -0.000172898070597966 -0.320274855671716 -0.215585007657277
0.0957459377072557 -0.0177000334675133 -0.34998212162697 -0.176511931879493
0.101243154765852 -0.00451300583850756 -0.331396189452408 -0.211868022979849
0.0788898114325375 0.0728980220090916 -0.208350339003603 -0.27197026400786
0.00769697664668348 0.125922921888175 -0.0232475877444795 -0.245115383347531
-0.105734801802859 0.0884845246757523 0.00935682927029729 -0.0754600248272243
-0.121145027214314 -0.0972167740407675 -0.112034205588509 -0.157715428903766
0.0531998074000506 -0.152708879671017 -0.138330273911022 -0.408328471857603
0.141252295394936 -0.0489773606315021 0.222336440896421 -0.663511629375817
0.133486562737146 -0.21867767226854 -0.0489854042715483 -0.406563385455814
-0.0352369302062443 -0.257894545507575 -0.0917294640248599 -0.150022587781104
-0.188968730568581 -0.121114344019841 -0.016276730993428 -0.105880559866475
-0.169354658472867 0.143196672236001 0.0333193672496859 -0.0776552832325308
-0.0184121257583152 0.224459619745265 -0.00620328044511265 -0.192157210947867
0.123043210041161 0.185852905681977 -0.150818356881229 -0.236815251033938
0.199653647997514 0.0806891444192105 -0.257934511283587 -0.205815881905834
0.229363898794179 0.0517609886383836 -0.288109080290758 -0.163232731864631
0.232598666535416 0.0769651013900394 -0.273590119350355 -0.181200999841468
0.174741766386922 0.231434038585299 -0.179499119208038 -0.217289627609808
-0.0111206362691439 0.31851225349117 -0.0373740503218215 -0.193288825131993
-0.24659909390145 0.234745218941336 -0.0373353801964667 -0.0432969422114742
-0.353370154818734 -0.144416127047986 -0.156298351139444 -0.143275763767264
-0.08024020951876 -0.392140280609321 -0.149856441290278 -0.374300907469859
0.166567593764303 -0.322333007627184 0.174365776964507 -0.589236477791302
0.159300511511154 -0.376744226198152 -0.0917537056314843 -0.317862032604118
-0.105957841511391 -0.384763792259742 -0.0568668395260117 -0.111303468498221
-0.29942638338601 -0.165722790996928 -0.0273807919236224 -0.129257619104302
-0.262026480737921 0.207949141504444 -0.00148279492296994 -0.0771901095185525
-0.0474073203080575 0.34356933665923 -0.031560429569161 -0.134027477499978
0.165120854158347 0.301470748581896 -0.101678943924263 -0.160810815824085
0.288977693342549 0.155656527248715 -0.160166528538676 -0.162749552150619
0.328180393499973 0.112217779857965 -0.18137290128774 -0.125906108235116
0.328572571436662 0.142029353857006 -0.170348727874657 -0.124931452314157
0.249528485341571 0.350724824363208 -0.112150324105754 -0.130538291867736
-0.0141971965430242 0.468937387290058 -0.0321942411055986 -0.105485611530986
-0.340332496027348 0.365671832010839 -0.0728476039897611 0.0124482757955533
-0.540618281473346 -0.145183012983409 -0.188663483168613 -0.0942029241062004
-0.220407490741074 -0.558002473443249 -0.144694082197616 -0.290253019372636
0.153403505581792 -0.538569982150198 0.120371946710839 -0.432836996543487
0.162607502678621 -0.498499022478427 -0.148698709116833 -0.163937480597445
-0.187221453035368 -0.48833128373829 -0.0107063335004601 -0.0235742879506551
-0.41019193758643 -0.191126493920137 -0.0182689330317295 -0.130181085556526
-0.33861586363471 0.271636241070337 -0.0368836035531561 -0.0741178933184717
-0.06688437429022 0.433540817096251 -0.0654313387767 -0.053051418844805
0.191510624434489 0.383349804415812 -0.0430418565453042 -0.0508137154108523
0.339317155033247 0.208568159214593 -0.0396468808941105 -0.089343504289085
0.377998696939674 0.152557768211803 -0.0484973222530826 -0.069175805421823
0.371217103390991 0.182305402524174 -0.0387395152166431 -0.0538806446688281
0.285574903754763 0.412609434022382 -0.0165797219248414 -0.0272920316742365
-0.00742193510836153 0.544713448633093 -0.00694629690710345 0.00320248153199393
-0.368607979273009 0.442538341328056 -0.0914542851502338 0.0801731221567926
-0.631628735486023 -0.111422728764262 -0.195071802693185 -0.0221029254053737
-0.320246561996275 -0.619796690819243 -0.116316813337184 -0.170109138258659
0.112598584614791 -0.656054451984813 0.0755064673680521 -0.223320752962836
0.138435275599932 -0.555427820250626 -0.208512871291508 0.0444365429429969
-0.256042763472718 -0.529800823269853 0.0450236137679968 0.10715575821251
-0.478522182553248 -0.182084847421028 0.00517322990047567 -0.10087159763967
-0.367795170351268 0.307309909999722 -0.0676031707383563 -0.0534298813699124
-0.0721624393115992 0.464148102903765 -0.0919393178514279 0.0491146705376689
0.195251571129317 0.406298873479646 0.0241372775624077 0.0789456752202934
0.342622509088938 0.228669640736859 0.0914545967080324 0.00227525411956888
0.369409261622626 0.171145887980099 0.0919459904552034 -0.00179301391620495
0.351128159650936 0.198410271703283 0.0985929474540801 0.0209664767977385
0.26904608791325 0.409232031658136 0.0876074223773664 0.0743913134744263
-0.00919112215987073 0.521257999475836 0.0302131884984178 0.11233357997288
-0.333378427178622 0.419865685290691 -0.0944887255865546 0.140407563054134
-0.590223485581933 -0.071055920585777 -0.175920815361544 0.0489802831534313
-0.340490425512534 -0.568925635380221 -0.0666367991639396 -0.0489686038294498
0.057054350962574 -0.650231373724339 0.0478895801249658 -0.00248469528497318
0.0868284381750343 -0.520785659720599 -0.256471006074722 0.274798789707568
-0.278328300780843 -0.475160274555348 0.0998929561972335 0.252672077016928
-0.451328716652164 -0.136076450531305 0.0353624167004381 -0.0436057715575447
-0.321768867548353 0.281438333913002 -0.086793183375196 -0.0149750346276917
-0.0601469609201554 0.404582026456424 -0.101814656955637 0.151162575306808
0.165220636359361 0.355633924875542 0.0929233185235831 0.202009515687441
0.291739245939124 0.207987216778182 0.211117991593342 0.0948846974160997
0.303849296898984 0.161493436038608 0.21795906200681 0.0648444554391353
0.279037974480165 0.185728091830553 0.218432151183251 0.0908902474951332
0.203126321086495 0.344726483755305 0.173287782103559 0.158102294588983
-0.0241071488011862 0.407970323063969 0.0590973103693308 0.197439931764776
-0.251263221886906 0.30688076526869 -0.0897429325070437 0.172708402123034
-0.432839253284241 -0.0421692479695701 -0.141427658229607 0.0960495943129947
-0.281841741496116 -0.430173296363788 -0.0162806134772471 0.0438159436907752
0.00235631699630206 -0.537307277781238 0.0340451472921791 0.185259061137603
0.0177366522801377 -0.392912983639946 -0.281180993017814 0.484392488954401
-0.240076642990707 -0.323060818851465 0.14181461044163 0.37789227255019
-0.317076515594135 -0.0610221351224698 0.0705312344772858 0.0274969056214228
-0.201646248640405 0.191987502737568 -0.0825000724310282 0.0215348725099405
-0.0410196670010399 0.262274165433295 -0.0928762812912516 0.222203883521998
0.103870946621792 0.239658288262525 0.147460013821025 0.287821478477724
0.190898803048505 0.15378698452333 0.29940021616232 0.171543165857882
0.192483464087634 0.12831148305297 0.311331621785093 0.120627029992309
0.168796057198861 0.148724637026977 0.299528690392142 0.147612081895584
0.109040625400175 0.233840595237498 0.22216585434095 0.21629672411995
-0.0391412780495907 0.239345112193976 0.0670444457861702 0.24665152804256
-0.144412049683033 0.151321206285797 -0.0855693064759027 0.169884664236379
-0.227083646250052 -0.0147120362442959 -0.104556328991258 0.111715867910789
-0.186460873292901 -0.24502837050218 0.0200625325138533 0.0943629165096028
-0.0518580101483113 -0.355895620534776 0.0311445836760467 0.313829883928511
-0.0508798615457924 -0.189731894161147 -0.276548402982341 0.630970048911643
-0.151966965074676 -0.112090839477314 0.170873923598719 0.460938003678642
-0.121752768830581 0.0236169984203932 0.115277625778914 0.0922309448465172
-0.0471845613180317 0.0638421970671605 -0.0520182643313264 0.0389801486501904
-0.0181932898942276 0.0763540384567484 -0.0707373693603741 0.240965109428957
0.0210785400526513 0.0868021329646184 0.176002249467511 0.32009995460378
0.0549319733312279 0.0769502459746675 0.341118948741252 0.219084349744779
0.0514523044183711 0.0775101470929052 0.356141084476825 0.15831877072697
0.0412067506398928 0.0900631086329553 0.333892035534747 0.185723329071231
0.0153549785784053 0.0975344662324565 0.231373566424549 0.249122244535894
-0.0384389880741813 0.0620380727548203 0.0579527191617492 0.263412592399121
-0.0322811200355402 0.0141933945992658 -0.0776249210696971 0.143832936046901
-0.0369752926362838 0.026092910543947 -0.070580186159834 0.10651607034185
-0.101322249606063 -0.0527990084826553 0.0378313076446066 0.115364204606368
-0.102046129599303 -0.149450697797432 0.0354480506749629 0.377248274966439
0.109295060052884 0.00153080339735064 0.144728451837254 -0.403646028710718
0.0741473124586754 -0.0997922601778625 -0.0448053149652295 -0.18217448591259
-0.0477750847160686 -0.0991389903440185 0.0355786289889567 -0.0631074224001623
-0.0982734472563213 0.0349078919042847 0.0949208337595153 -0.0523609806835348
-0.0315496025318709 0.0891350694789142 0.0972868509111828 -0.210425306251244
0.0375741441002332 0.0765919742240359 -0.061609783631848 -0.319967333963883
0.0756446613002491 0.0312131662087353 -0.198718037791994 -0.319164221246845
0.0927565100768147 0.0193313359621272 -0.241927320380373 -0.293138397714283
0.090648541268751 0.0329696925639592 -0.212348166308286 -0.316283403392135
0.0419233304213425 0.0954423349523855 -0.0794499186887901 -0.322799684512517
-0.0405996247594913 0.115470098138489 0.0764855699448131 -0.224253068675035
-0.128299967848837 0.0397616542716481 0.0376849655862343 -0.0611933812366949
-0.0801535356787357 -0.133946291463564 -0.0393674701816748 -0.185805634853219
0.0979078257735781 -0.124153772321889 0.0378788289669189 -0.411982564200594
0.151186940842873 -0.00578197676890296 0.462952214349374 -0.496119037926713
0.219340990784187 -0.141506566479627 0.0934501485997181 -0.388861520459209
0.0774283442366936 -0.242793873355619 -0.032579142274534 -0.169137885267594
-0.11961137947975 -0.188446708060562 0.0138362958768629 -0.0935905075313257
-0.207144277020853 0.0550856389758696 0.0623515711510325 -0.0446707621293517
-0.107739210806749 0.192526648995026 0.0785462488759555 -0.168219293126317
0.0369751877123665 0.21232401703051 -0.0326733241287951 -0.267611584757294
0.144661985454012 0.147855616455865 -0.145958405765269 -0.285953585302774
0.185310632891861 0.132691236738545 -0.19171348806636 -0.25732841708246
0.176238863553567 0.15572454250727 -0.1728578498478 -0.263573821480293
0.0697157602525486 0.272250296340798 -0.0762550181928775 -0.259910179255628
-0.129230733187843 0.281522687945195 0.0422071742602824 -0.182228606802764
-0.310079955497027 0.117606691655497 -0.0202815151163928 -0.0500443429898079
-0.274338447427709 -0.262595133751598 -0.0850628096852635 -0.194709645299677
0.0630662779462912 -0.386392426789475 0.0263035056433877 -0.395749826567982
0.273987796714991 -0.24540892797301 0.401034885807865 -0.441657209410954
0.31269269744665 -0.273248461107972 0.00212636067954706 -0.325533172215306
0.0689671654092853 -0.38278696851532 -0.0231410049892222 -0.11838196763154
-0.197682888310251 -0.274213885146086 0.00908307305939096 -0.112064818009221
-0.314323159471151 0.0718146168060745 0.0323159279419903 -0.0519086923328312
-0.180384643708566 0.284273397396569 0.0371308740170066 -0.12179112247543
0.0275018754964983 0.331130942464259 -0.0139390159717976 -0.178758849592627
0.192519650829939 0.247910649380562 -0.0757169115187761 -0.209380044524724
0.249974223542758 0.226789403439505 -0.111178223486918 -0.183800736293719
0.237005615107227 0.250532062320312 -0.103478110720958 -0.171063034425269
0.0931396066108897 0.406174664111208 -0.0509735846701583 -0.153554339346906
-0.185857152600577 0.417164821251534 0.0109092081922837 -0.102029373184228
-0.443823731578629 0.199343640900745 -0.0767043389090099 -0.0147568599344748
-0.445444272889771 -0.331944144513745 -0.133527620166668 -0.165474704150237
-0.000669381001199169 -0.58490950958043 0.00254689237285191 -0.326819878302024
0.340378941886313 -0.445045443293987 0.300096865711497 -0.320573724015877
0.369726121691235 -0.381942133499441 -0.122851639597614 -0.210234092217524
0.0416753141875044 -0.506352293907744 -0.022437774384681 -0.0186819512327577
-0.284240259929099 -0.343170165677093 0.0156001114418575 -0.102793871853578
-0.407665979433996 0.0955555966468602 0.00244068911611719 -0.0587214571296783
-0.235179803720265 0.354517144339089 -0.0207264081563975 -0.060107529419572
0.0185657304601683 0.413875932808905 -0.00220002790058938 -0.0566337470345048
0.216973123749318 0.316362212464968 0.00488506530609548 -0.0973500120461002
0.279368515843348 0.281647753702712 -0.0146739055187061 -0.0819586565888837
0.26052481537952 0.302688031183919 -0.0143031015559514 -0.0557373551780734
0.103280996976242 0.475913629120003 -0.00583856940313538 -0.0232144667005152
-0.208151160734779 0.487283911506165 -0.0101169859629394 0.00513678253045401
-0.495306195514457 0.257006327341899 -0.121662496632187 0.0391804025942011
-0.538875337473685 -0.334385388022675 -0.166785959778526 -0.104078014489531
-0.066851952575762 -0.674861791243286 -0.0151696654992515 -0.215315611585021
0.345067647253103 -0.562608341427392 0.181745670029228 -0.152943173174578
0.370518640743014 -0.442812450075021 -0.26592282242686 -0.045038531181917
-0.000307023849567273 -0.571834319317168 -0.0273888374487558 0.122520216687947
-0.348363110343504 -0.361955455668443 0.0263508880526306 -0.0616605617396545
-0.447003895923507 0.11431108535217 -0.0315745296083814 -0.0506336591019063
-0.251317049454129 0.377378235892369 -0.0846913832556079 0.0210353257551162
0.0114202114924561 0.434571654467432 0.00727511681414824 0.0861131632813072
0.210160572285439 0.333598921327817 0.0848815556521761 0.035635430819457
0.264540360113766 0.29383308418422 0.0837573300044667 0.0325254831259867
0.237553616755006 0.310308487489839 0.0788621463779069 0.0640779750924255
0.0899955440407705 0.466007931040328 0.0479490152815906 0.107896723252969
-0.199644494234491 0.466603148663797 -0.0195613731520607 0.115777836399684
-0.456239648380496 0.251258652426213 -0.14658890284673 0.0918883449205264
-0.513842265266195 -0.280243304255882 -0.175913360323596 -0.0311097675294132
-0.102594072401451 -0.63490795500193 -0.0201276288039841 -0.0886083896666674
0.29164687345914 -0.573052617582335 0.0689045786431049 0.0297845283033419
0.307890102245012 -0.434055874391918 -0.397607164761085 0.145278425998519
-0.043749496299801 -0.533038222061047 -0.0344853805945968 0.275397862207786
-0.341932449954615 -0.308595633555721 0.0355133024902501 0.000694964956039152
-0.393689672130081 0.111936024421641 -0.062788657369141 -0.0269747912828243
-0.21678458192048 0.328635737564745 -0.136437791149922 0.106939394234167
0.00451992323436814 0.378184927308544 0.0173496509886931 0.22181423299658
0.172913687618466 0.29703610276494 0.154094111911043 0.16682122273891
0.209640258757839 0.262014765089326 0.169677063884119 0.141652622816686
0.17835720784517 0.272005844342738 0.158126167057907 0.170480922319723
0.0554847504797794 0.382856021335295 0.0922071959772497 0.214662898705167
-0.170427492389733 0.356688696395428 -0.0265700395453604 0.20151560724566
-0.338588636807954 0.179608920102936 -0.153771486501554 0.12126713725743
-0.379124906702228 -0.195702901232339 -0.161567984279929 0.0270398223038275
-0.0984512533903346 -0.487130254324147 -0.0156731120389603 0.0163643399723381
0.199406113023962 -0.484462029078639 -0.0219073073422833 0.18662782007272
0.188163138525636 -0.347856957124415 -0.489768462716945 0.326325873290433
-0.0749008333246465 -0.38340750638934 -0.0397465430430246 0.402508405203298
-0.254091726336029 -0.185398375354128 0.045903703910388 0.0712463002819958
-0.252838658567846 0.0828838791407121 -0.0756530429034666 0.000396841579346959
-0.141684036903928 0.21134916009157 -0.162725870177697 0.169227609847019
-0.00423935967291726 0.251959049549028 0.0260286297615829 0.318470368092769
0.105912539594156 0.2102967854692 0.202034526172098 0.269828707953176
0.121984563963684 0.190246586968641 0.230966235313792 0.227172396523877
0.095093336593598 0.197251909009336 0.208933787424671 0.249781461212278
0.0127309815743388 0.248992297370504 0.113832595862387 0.283073710884061
-0.12138930338548 0.200511391845917 -0.0374712155973376 0.245901934234284
-0.184626212335992 0.0800266602662853 -0.144749441250178 0.119609363661769
-0.198484987415413 -0.0945262477775866 -0.133830601103492 0.0585978860872683
-0.078617724409785 -0.283917468434177 -0.00978383860880252 0.0816083748388446
0.0820439549740647 -0.336391135388138 -0.0824032340912113 0.293091474766841
0.0350125374049656 -0.193111646462053 -0.522164759431436 0.460589376025236
-0.0871165956961331 -0.160166906867258 -0.0372034778508532 0.48313326028711
-0.115333192074162 -0.0282111695768872 0.0693830399961297 0.134974285628885
-0.0651925661606297 0.0353590534366095 -0.0595980998153545 0.0162120981167587
-0.04592140612689 0.0571017067334955 -0.158778589688 0.189753344646663
-0.016784035013032 0.0841068823150845 0.0308433134206005 0.358153375796294
0.0166345175361992 0.0901166814474585 0.21812041834779 0.32869262790968
0.0160233860776725 0.0906946161997107 0.25571799090693 0.279125928680958
0.00409433099684299 0.0967431523229331 0.224388927321742 0.294888456195889
-0.0207183413689905 0.0918046720133843 0.109932017981157 0.312021211704424
-0.0560367968256686 0.041286286238329 -0.0502686324899825 0.254147325860131
-0.0324720298666524 -0.00054192188545107 -0.124414421981592 0.0976881493664909
-0.0390766980902785 0.0125394450949463 -0.099613476430559 0.0710595965369555
-0.0714918798046538 -0.0793452383806622 -0.00940054486786054 0.111539340745915
-0.0403607394215783 -0.163582795174074 -0.1112038796332 0.344027001745354
0.110401198776381 -0.00241235563442758 0.135913909480063 -0.396905142787025
0.0695978173986389 -0.103640032442679 -0.0455335507678132 -0.17775321316476
-0.0528020384722635 -0.0991760498014376 0.0289329465085648 -0.0657365436416832
-0.0977183051484958 0.0385544744388038 0.0887579992671784 -0.0534014139119805
-0.0285841942499051 0.0906449915783583 0.0868240723773871 -0.208356389415685
0.0407091397449587 0.0736642269167563 -0.070621157606964 -0.313075987180217
0.0767357452165927 0.0270285059432146 -0.205483730292229 -0.308416065908782
0.0917829921335366 0.0146471229612489 -0.246870219345308 -0.283042812078437
0.0898803206519443 0.0280276276414949 -0.217958787076394 -0.306977960812327
0.0446038599930508 0.0936086663264507 -0.0855967815043636 -0.317008653301529
-0.0356478833121288 0.116008039660377 0.0714634269077713 -0.22370301089627
-0.125157213576608 0.0432708127039315 0.0378425732576512 -0.0593283915907728
-0.0836366688206518 -0.13211122471939 -0.0469091241921861 -0.181788200012283
0.0956600332333452 -0.127046077184183 0.0259589201509859 -0.40436348572063
0.153675455501666 -0.0108278247733679 0.4505035120298 -0.498940001866398
0.216514682261342 -0.146777828778719 0.0861271453401714 -0.381358332548437
0.0696712979481828 -0.243259611355308 -0.031475761313751 -0.165457459230905
-0.12524565688129 -0.18685099957685 0.00570926334964736 -0.0949425346244504
-0.20448322465306 0.0603066102537476 0.0565635408894647 -0.0452238992531491
-0.101587580374057 0.194631126168781 0.06927513102535 -0.165020500738586
0.0433331655496667 0.208888322689447 -0.0409486921757592 -0.261068659532985
0.147786689243545 0.140829447347077 -0.152922372644636 -0.277972352031361
0.186344095874765 0.123913528670032 -0.195393306359009 -0.2501594227418
0.177851210298764 0.147452994544323 -0.177912674380351 -0.255585512618082
0.0765246212660212 0.268318566242747 -0.0799584470013752 -0.253976702498788
-0.118597331419435 0.283587259765344 0.0371378959105787 -0.180265523978263
-0.302671523260116 0.123477135502414 -0.01895317745872 -0.0447415964580225
-0.278955340181393 -0.256272508851367 -0.0907571718599272 -0.188571099856496
0.056750324594129 -0.385913094212499 0.0148377069074363 -0.387410422705262
0.272254989704051 -0.250564798016299 0.388918757054268 -0.443353894190464
0.305874115476303 -0.278829956662224 -0.0014917067720874 -0.318213132939388
0.0598342304502708 -0.381089997881821 -0.0203366190982948 -0.116476834078365
-0.203764407971714 -0.270459272032949 0.000444589290056649 -0.112858135669522
-0.309362693063669 0.0787541629861989 0.0267571420247305 -0.0528936145650143
-0.170421874852864 0.286748812226153 0.0292071715861165 -0.116579465738079
0.0374361072177034 0.32726594540405 -0.0190659446372918 -0.174104859649317
0.196639183796264 0.239888834220881 -0.0828563376199104 -0.205256137552571
0.252938191583793 0.214330419163517 -0.113204551291596 -0.17965347189645
0.239309326103536 0.240088586638888 -0.105264322124483 -0.166006241153747
0.105855348986467 0.400621632898691 -0.051065927030642 -0.149894324011791
-0.172184739904484 0.418898369957485 0.00835562303037695 -0.100229545444146
-0.433038145234614 0.207232544917613 -0.0739277018911526 -0.00758939044292466
-0.44917126134752 -0.320967571673591 -0.136393712020779 -0.15661067285766
-0.0122450965953737 -0.58196492086846 -0.00707248139458225 -0.319730246061427
0.336772179907279 -0.449890018037117 0.29044758354318 -0.322854759535987
0.35940032602099 -0.386648119271493 -0.123302772277925 -0.201668986766928
0.0309562396931089 -0.502093960665397 -0.0166449244336141 -0.0193567920566708
-0.290122217637696 -0.336316203766237 0.00806629136740053 -0.103636390338345
-0.400545788553028 0.101907608522872 -0.00204622877089866 -0.0598188786187228
-0.223207354704696 0.357419105715018 -0.0279360878663275 -0.0537496774982731
0.0302699494086515 0.408072761436367 -0.00475638643025007 -0.053702391714426
0.22103471507056 0.306162261936736 -0.00158675860013601 -0.0965149440489881
0.282784970376418 0.269241051908321 -0.0147858363564906 -0.0815715995266452
0.262179275655647 0.291467021142258 -0.0131157789515477 -0.0542711309126102
0.116652876044352 0.468775709088154 -0.0024703446457565 -0.0219503738228152
-0.192243189338648 0.489441791734683 -0.00984228088016654 0.00659988589619112
-0.484058447988629 0.264805372343956 -0.116643774431097 0.0478785026841995
-0.542227025539084 -0.321699285494437 -0.166126890044327 -0.0937841520246524
-0.0800428576932639 -0.669034918292878 -0.0209754158302501 -0.208122084529635
0.338194207324701 -0.56608765867566 0.174291816947434 -0.154054444977169
0.359326793502476 -0.446489923497998 -0.262206352654561 -0.0368808353454973
-0.0127877849038492 -0.56433754846651 -0.0192932661187986 0.119733548755584
-0.352319538030291 -0.353941839789555 0.0201845403827706 -0.0635111425887071
-0.437730006910203 0.120827197168997 -0.0346989496968405 -0.0518260999830353
-0.238341187396543 0.380789415958814 -0.0889588558150164 0.0285782213707052
0.0239292239181706 0.43011004890548 0.00839168877410736 0.0872854533066941
0.21470288458948 0.326106696099925 0.080856733623976 0.0317163278065324
0.267896694571086 0.281820361446302 0.0854357969420085 0.0289840741854136
0.239660356985942 0.300701005501538 0.0824462810174748 0.0614295096870866
0.103933830856599 0.460240140719789 0.0541269336936856 0.105444314448682
-0.185259877242277 0.468403432410008 -0.0165011073473413 0.116150447915213
-0.445337966048297 0.257062628634999 -0.140055141917982 0.100585790659544
-0.51509561518556 -0.268267752380649 -0.17155143205206 -0.0205926020126008
-0.115038950173952 -0.626929794709117 -0.023053603067236 -0.0836450324051609
0.284344820872548 -0.574829276804027 0.0655360377567455 0.0283467914220835
0.295776391925657 -0.435146944175614 -0.39007681853078 0.152691597145536
-0.0554706774901883 -0.523760025844301 -0.0244538660733998 0.269649485556924
-0.343354915466492 -0.300373633337001 0.0320395820576494 -0.0016145590984966
-0.385241518586895 0.116840295772 -0.0641942525685256 -0.0287692719684817
-0.207066914869834 0.332123997164187 -0.13729709193194 0.113918753816343
0.0144426269218816 0.373795269391179 0.0222199206704843 0.221128586657158
0.177334520235684 0.290028257847022 0.152843297837428 0.159298649877059
0.213055422159195 0.25296826776283 0.173018203474047 0.134840433794862
0.181550098143832 0.264841226131331 0.163675795799508 0.164505477460753
0.0664946320964893 0.379079839122577 0.100688294481656 0.20835499261859
-0.159853261563781 0.35911652737764 -0.0203819294801985 0.200835806643464
-0.329810300143666 0.182664486429375 -0.145972689496233 0.129202902453806
-0.377426907622207 -0.187550685565519 -0.154534314378125 0.0364049923338054
-0.107785224087094 -0.479445803327921 -0.0163069887661424 0.0191756816613931
0.191397550145482 -0.483348930325409 -0.0222306725427258 0.183191487655149
0.177714600237079 -0.348289646648215 -0.48052128540494 0.331344790855649
-0.0833756937991852 -0.373585138566309 -0.0284698046712907 0.394775115221747
-0.254151697804471 -0.178451449365916 0.0463192251373632 0.0680164075230741
-0.246287698144834 0.0858529911913215 -0.0753910004033469 -0.00152256284065337
-0.135009036746878 0.212008656057978 -0.160519754599266 0.174967554178676
0.0028356121677305 0.248694068486045 0.0338966079154567 0.316619547968332
0.108262922768319 0.206535179992171 0.203240746736385 0.260395779440301
0.124860026248467 0.185045735288616 0.234160833384639 0.21845736104196
0.097535561272983 0.19381269315888 0.215526974097531 0.240656248224973
0.0200835272902739 0.246859962672063 0.123263552676936 0.275487603273323
-0.115683230624646 0.201642309353937 -0.0288123871391619 0.243821740146646
-0.180959427930537 0.0810829740280112 -0.138239829660686 0.125073759049535
-0.195898460499681 -0.0899424084089857 -0.124688243922486 0.0660388679981714
-0.0845971714536546 -0.277125718199672 -0.00856781836117768 0.0816126431787094
0.0749006477646839 -0.331932736348965 -0.0798749469008796 0.288824998688346
0.0291695679086879 -0.190455312822298 -0.510876572874343 0.465945806527596
-0.0901419587424429 -0.153269848978105 -0.0254353541109884 0.473845909337035
-0.112198419762263 -0.0253054078002664 0.0730907230613562 0.130714429330575
-0.0621654798285841 0.0350222096329427 -0.0581259994786195 0.0147832025413518
-0.0444955260180643 0.0569153186368166 -0.154825557120173 0.193779947257428
-0.0149888938946744 0.0835345132517567 0.0392926719344245 0.354076399304519
0.0172834662121043 0.0896061030714833 0.221508119583245 0.319284963408743
0.0172161314860219 0.0901130439541445 0.260109341778133 0.26958571075047
0.00589096897929904 0.0964637195253422 0.231524081547305 0.28415750930882
-0.0183169623430378 0.0912858202079465 0.119164245175714 0.303638193728143
-0.0557961393756433 0.0411834141627755 -0.0401213692506515 0.251343861316984
-0.0318252203535676 -0.00196761626118231 -0.11885510467999 0.100849154504211
-0.0348758014575747 0.0131328404962229 -0.0912664001965464 0.0765604767355128
-0.0731568747247228 -0.0740511853873217 -0.00764137700741771 0.110160182958671
-0.0452840676817112 -0.157546221701322 -0.106130276932737 0.339144910645258
0.112070023351289 -0.00802117775640882 0.126299686162635 -0.39815994234779
0.0643844138698021 -0.10894841929648 -0.0481239430096608 -0.175511292864184
-0.0598189012006638 -0.098568513322164 0.0216297514712742 -0.0689114937634444
-0.0967974989834778 0.0441307569719643 0.082509929519177 -0.055060119353232
-0.0238916755916317 0.0932292897890414 0.0755949525008603 -0.208657778005801
0.0454090277821282 0.0714660274847413 -0.0838245375516015 -0.306663527740783
0.0782153245974044 0.0220557965110791 -0.218009356926902 -0.29709338816062
0.0917897187271382 0.00909660210458936 -0.257177520274844 -0.273184145395149
0.0898023612416583 0.0223519257145744 -0.230002262919301 -0.298139355184845
0.0489320816274 0.0918083399104338 -0.096414108168647 -0.313292918369517
-0.0293781088999287 0.118316818555965 0.0641140356229571 -0.225907600459359
-0.123215461304429 0.0492485782251626 0.0382586700248294 -0.0576714198503619
-0.0899197577264447 -0.130176008408706 -0.0565345442344129 -0.178191761742762
0.0927579003015733 -0.133063080171354 0.0110446726009963 -0.399183052104602
0.15676207377854 -0.0180817170888671 0.435896962760524 -0.511573080659859
0.213549802069123 -0.155675047094654 0.0779451547123377 -0.37985217443766
0.060314037369041 -0.24797743738253 -0.0332474004389069 -0.164136966976442
-0.135456968855418 -0.184468973713279 -0.00331040350509388 -0.0968592327714523
-0.202488909782884 0.068390058457702 0.0502182233402915 -0.0463413191165692
-0.0922267302833568 0.200088067777914 0.0594509091192497 -0.162686606685154
0.0537549911679663 0.206594249028494 -0.052270450938339 -0.256177989219969
0.153300752386537 0.133747723276327 -0.164879244233891 -0.269987248995181
0.190629332446815 0.114823439488858 -0.204067914011467 -0.242436949292003
0.181636820135272 0.138598814747144 -0.186570606242821 -0.247857181847821
0.0889912348066392 0.265261844780175 -0.0873062110669688 -0.25069833143598
-0.105966043542021 0.288596542784649 0.030804861114103 -0.180329626225263
-0.297430668327118 0.134938083251301 -0.0177787457421114 -0.0400992605293241
-0.288485759478745 -0.247938719948264 -0.099687445539747 -0.181977618937177
0.0441190912416049 -0.391959529785666 -3.38530945816353E-05 -0.381592621530815
0.269210291266329 -0.262325166426097 0.375826217989403 -0.453532204117216
0.29828438719389 -0.29151094967684 -0.00844549693027658 -0.314036668868226
0.0460662994409688 -0.382520343599989 -0.0193298557863567 -0.11625557483381
-0.215624910583405 -0.266286121652544 -0.00927060587690052 -0.114033448129641
-0.305664969402058 0.0889602503974088 0.0211085923192152 -0.0545019278296727
-0.158629770551272 0.294034106700989 0.0205049600841171 -0.112116189780371
0.0520947316852021 0.325192795044951 -0.0274332080470226 -0.170091944153557
0.205199310875624 0.230756942260161 -0.0924888495810778 -0.200757074465102
0.260964808731993 0.201972742679027 -0.118910458725421 -0.176172567933288
0.246257298349689 0.229893298282095 -0.10978647946165 -0.161501352120067
0.122455705118797 0.396233542594963 -0.0540552908258041 -0.14774958166158
-0.155664379080702 0.425830127640339 0.0042594386835862 -0.0993869988342787
-0.425451707419926 0.222732734954617 -0.0708487684241687 0.000675101564255855
-0.462147975924004 -0.305739750504423 -0.141553184267627 -0.148096285783466
-0.029647816262284 -0.585351459417602 -0.0185479344611807 -0.312425088244061
0.328857851965702 -0.464339147550176 0.279372761582141 -0.329975807620286
0.347671439427841 -0.399612982799697 -0.126633245072358 -0.194412262970305
0.0135500584521324 -0.501957959399554 -0.0118292967840012 -0.0205236536765512
-0.30363934857518 -0.328880316907193 -0.00100340143277037 -0.105143226411948
-0.396104267982957 0.114437359012144 -0.00789721157661877 -0.0616692317109551
-0.209548900716979 0.366735698245281 -0.0349570604537941 -0.0461822826582846
0.0483524370095128 0.407309347121094 -0.00736321610474585 -0.0500792728600419
0.23173413815455 0.297650637161996 -0.00814976832303858 -0.0959884561901556
0.291824445501673 0.256836059063177 -0.0163412072592436 -0.0826573172978627
0.271551674489305 0.279874902738534 -0.0133080437538253 -0.0536020409510824
0.137040263688799 0.46517226274773 0.000127437096176772 -0.0227052253979816
-0.17211342545572 0.497711804665181 -0.00989270557986802 0.00826932046098652
-0.474547419234727 0.280649696161119 -0.110550667961545 0.0577890465437883
-0.55519672511661 -0.303240130121 -0.16684503169302 -0.082926500270954
-0.101149103817215 -0.668474191419946 -0.0294904757089087 -0.202347736568696
0.327249635541916 -0.579555095912282 0.167156811854024 -0.158511729559623
0.344497676129638 -0.46000073224121 -0.261017607712644 -0.0260598303926069
-0.0307388704468408 -0.561128505856319 -0.0107237010946265 0.117330887181029
-0.364133063849716 -0.344558472050013 0.0132945955876568 -0.0653916393656433
-0.432915999281376 0.13504746399266 -0.0400557906198587 -0.05364812937743
-0.224110317863123 0.389692416891128 -0.0928711554469859 0.0386398374460884
0.0420037764388341 0.428598923362802 0.0108410822055918 0.0898217064419611
0.22588426932358 0.318433976952586 0.0783530173991589 0.0289825487074776
0.277048575360723 0.271538809162973 0.0879928128125712 0.024419963924784
0.249722429429316 0.291940009572453 0.087618446117519 0.0576149241378963
0.123420325266965 0.456315551418411 0.0619601742495138 0.102176932119737
-0.167012865581762 0.475492867986848 -0.0118143260904106 0.118077503359097
-0.434688919220236 0.271587326146617 -0.132969878018232 0.111236392106109
-0.524348563868991 -0.250699591233936 -0.167809073190241 -0.00989590835494291
-0.136758634579408 -0.62399500553746 -0.0265963949033598 -0.0784589008187354
0.271031238457624 -0.58389603729009 0.0627917357409572 0.0267597701440234
0.28108905120064 -0.446195244734384 -0.384860646982787 0.165793016885432
-0.0727022565461281 -0.51749470830989 -0.0124515958067997 0.267545583266495
-0.353819423981079 -0.28999145805578 0.0291420808084222 -0.00351350931242706
-0.37966788197477 0.129645279468547 -0.0669873349274157 -0.0301279132997759
-0.193917649789363 0.338978892958261 -0.137621033749761 0.124335841224791
0.0300945210132913 0.372990290636926 0.0297359283423265 0.22340058909725
0.186632210010996 0.283980466592326 0.155313983408242 0.152808914986789
0.221668034262562 0.243631203326215 0.178913779449602 0.127033574955941
0.189589480002458 0.258375123333535 0.1722793341143 0.156476335112279
0.0812632850543461 0.37648482635663 0.111960096076804 0.203769871266995
-0.144814477135738 0.365967426794674 -0.0125219856540848 0.201721579652155
-0.323219641937234 0.192571625376161 -0.137801951325038 0.138600623651313
-0.38351982053452 -0.174654222767907 -0.147517721628405 0.0471887937764516
-0.124793851560899 -0.473936738137843 -0.0161275407519589 0.0224979045302962
0.179664651708195 -0.48894296763065 -0.0207201035892939 0.183441830856469
0.164073471325108 -0.351852453381435 -0.469775995245969 0.348641644721014
-0.0965942241877348 -0.367928375704057 -0.014303541593287 0.391788063523318
-0.258967337297936 -0.170918220957527 0.0476492325615667 0.0652589313316072
-0.24153139019041 0.092768931048492 -0.0763368885293981 -0.00326944087430328
-0.126797965578662 0.216921242582464 -0.157268937216786 0.185012885111937
0.0126783545089231 0.248443167486118 0.0451729414435496 0.317114629695811
0.115266790758895 0.203089251508761 0.209583415336325 0.252002245983196
0.130603786123768 0.180181434834187 0.243025973785574 0.20909460256575
0.10347472483079 0.190914145525958 0.227265128030781 0.230819939733101
0.0302946773358485 0.245950131297359 0.136850468618631 0.267927770215993
-0.1082740222031 0.205662349745602 -0.0175244120055595 0.244866896484006
-0.177929677682541 0.0852298099539382 -0.130722032180208 0.132691819736014
-0.196149105978805 -0.0838383606954053 -0.116436987249346 0.0751546030282872
-0.0942243844347565 -0.271396735021524 -0.006662707996558 0.0828286317189118
0.0658645045714836 -0.331499383889315 -0.0744024356138986 0.289760956650313
0.020567563034194 -0.189701631081708 -0.497849945104098 0.482330647145133
-0.0957781811674875 -0.147368087792897 -0.0088606566122898 0.471695259443712
-0.110712060035654 -0.0211542737755417 0.0784146471906074 0.125719526538323
-0.0595973647828521 0.035306803948214 -0.0576475500755676 0.0131789653205842
-0.0425210328511711 0.0580313429906146 -0.150448928764107 0.201622701155193
-0.0121081400950195 0.0837243647395053 0.0520066552493991 0.353947321219649
0.019964264696837 0.0900950583775375 0.23112209315981 0.311045397482086
0.0198747635806527 0.0902801749939602 0.270033220324752 0.258957594782963
0.00927486752021905 0.0978662054323237 0.243886872250857 0.272553482948442
-0.0146851406607843 0.0914244315695278 0.13268454735452 0.295521733836615
-0.0555581185851275 0.042635037352704 -0.0271332579175944 0.251980204083158
-0.0322057280582007 -0.00364180294586104 -0.112139570239566 0.106329142109993
-0.0309076362598359 0.0136589178044706 -0.0817990324233879 0.0830344913771201
-0.0764376274279303 -0.0672707172652186 -0.00476147974950228 0.109883369830659
-0.0512221200794192 -0.151299529245805 -0.0980941184001736 0.339050559933174
0.111974696372976 -0.0164617479005292 0.10779637661761 -0.396080058424078
0.0554120764128267 -0.113676923294132 -0.053358498399038 -0.171402278302197
-0.0681239984245884 -0.0938318525536546 0.0127074585133763 -0.0703159532348918
-0.0936930348609614 0.0520430687760829 0.0743833693445653 -0.05673392792656
-0.0163661692842596 0.0952212867197926 0.0598183078612278 -0.206850691756975
0.0506103744834312 0.0674799822399864 -0.101759949300507 -0.294973220580931
0.0787050916942 0.0154528295539208 -0.23136821944064 -0.27844124422957
0.0906706140459441 0.00185457806348211 -0.269284435784738 -0.255195900984931
0.0894232762916567 0.0151770298977457 -0.243743450540886 -0.280619766887854
0.054872492350567 0.0874800193804821 -0.112661984825884 -0.304198703160209
-0.0209948671460865 0.118607380512479 0.0516613954861221 -0.227394582989356
-0.118077366872298 0.0555471796231443 0.0369483566111244 -0.0570257968055098
-0.097717472294999 -0.124022605073005 -0.0687470911530558 -0.170276823850745
0.0851994082530041 -0.139902382340403 -0.0117847250330004 -0.389653646933132
0.157529587149165 -0.0287657878719985 0.405471139689923 -0.527706572846164
0.204400325998063 -0.168052714328058 0.0613295558580893 -0.376257562813292
0.0445806773655218 -0.249750503670861 -0.0371161726169162 -0.161563132990593
-0.147529899835461 -0.17533687563035 -0.014406189771361 -0.0955218404787993
-0.195812006144294 0.0805876292208553 0.0436386594697749 -0.0472647950381316
-0.0777535347656023 0.204139156169135 0.0465302560288714 -0.159164773864701
0.066895866597811 0.200013059440493 -0.0668516985264954 -0.247032604857331
0.158767861799481 0.121064624307267 -0.179280404799593 -0.25480509957797
0.19423527210327 0.0999001438260518 -0.214828620326219 -0.228981160367232
0.185275316192312 0.124566497642575 -0.197364097980453 -0.233386131334931
0.104425360217552 0.257093170819331 -0.0988668995469123 -0.242487053802841
-0.0857849751086151 0.291534383426439 0.020313174568359 -0.179747320452984
-0.285995166201052 0.14966204157348 -0.0166026081280247 -0.0354708604596615
-0.300895839976337 -0.229785992538517 -0.110613725750028 -0.171417658621941
0.0245060891941813 -0.391524440669379 -0.0197781652434753 -0.371518108490022
0.257394640695438 -0.277253662171512 0.348924488512266 -0.466372809313992
0.279184005407448 -0.306242268702367 -0.0197699340794199 -0.306922541852593
0.025209797612151 -0.381043922494857 -0.0206118695300663 -0.115735882091088
-0.23067732765315 -0.252993946786852 -0.0214371774860575 -0.112611467807242
-0.296730460081179 0.10525770981753 0.0132315163132051 -0.0544503639697876
-0.139366355858067 0.301598933348738 0.0107185388820568 -0.105184320620214
0.0733593396978189 0.31766388869211 -0.0370565547347461 -0.162730266626786
0.216214459367315 0.21510974770782 -0.104303529809721 -0.190511776401757
0.268066101410742 0.181894589102657 -0.1267512073832 -0.168590178528212
0.253450703682071 0.21145104156695 -0.115698315516368 -0.153249231559907
0.145143075868293 0.385417923955085 -0.0586141822163121 -0.142914510200809
-0.126311327999261 0.431049939815008 -0.0013923086263141 -0.0970416258688782
-0.40599355449283 0.242605162495917 -0.0653395554825478 0.00877741234327664
-0.475817407788785 -0.277440569805512 -0.148200541649994 -0.13451921961371
-0.060919266317938 -0.578893538794134 -0.0344771367565667 -0.303617733283949
0.306056289687525 -0.479841231871471 0.257361311601322 -0.338754395990768
0.322984249051642 -0.414110102860229 -0.131665105339608 -0.183563088551008
-0.0124656590269686 -0.49623203989652 -0.00848796136069895 -0.0223336832841261
-0.31947973986328 -0.311438071051162 -0.0119696468198307 -0.104304224763654
-0.384465418179656 0.134054403495429 -0.0160019006688575 -0.0614113194067032
-0.183936686517404 0.374834687983222 -0.0403420617911932 -0.0359560077449185
0.0725594375110158 0.398585487208754 -0.0104652585597685 -0.0446845798541135
0.245857001787335 0.280110930380492 -0.0162656801519583 -0.093327079293212
0.301815824119349 0.234029738353587 -0.0207320566668114 -0.0824789413540942
0.281695856237061 0.262094493338665 -0.0137242618051595 -0.0528833922218241
0.164811094698519 0.451372587516946 0.00196994335491212 -0.0232865628160129
-0.139153414319246 0.503792115313425 -0.00901742865904679 0.0097633680483707
-0.452242429655584 0.304170382202464 -0.101458056504213 0.0678976572454646
-0.566520335253339 -0.271249475036942 -0.166800641297848 -0.0687186228155925
-0.137453305050801 -0.659308516388605 -0.0400442003789914 -0.19345465877588
0.298412340794854 -0.594756700845454 0.154840790482604 -0.163702612029437
0.316682010236587 -0.472158065707411 -0.25728183229112 -0.0115483797822771
-0.0592764996115069 -0.551292017101976 -0.000269204459813852 0.113285735955707
-0.381224195176589 -0.322737810754289 0.00549198286320348 -0.0658032317289065
-0.419424641863708 0.155505285498832 -0.0461270712268936 -0.053951368485093
-0.199194258396729 0.39882934215461 -0.09293265407344 0.050737260615792
0.0676343994904849 0.420989698646857 0.0164103923763773 0.0922973139269924
0.241060963545499 0.302059140732989 0.0761375028608476 0.0253861288203947
0.288861075170674 0.250002287722602 0.0887351091339542 0.0171341572097441
0.260662522816083 0.273654527824285 0.0923891173331462 0.0505324197809732
0.150264287051278 0.444390316845761 0.0703220665806846 0.095896743125415
-0.135055369212864 0.482274053876211 -0.00451055192044223 0.118842744910754
-0.414398206971749 0.291685444548847 -0.119678732832329 0.121751823268602
-0.532868981827178 -0.22098412681213 -0.161638280465282 0.00419672016306582
-0.167661056949488 -0.612008189360543 -0.0308952921721338 -0.0722308588556297
0.24249503807038 -0.595875450076108 0.0598526179383555 0.0242906630303596
0.253661799110603 -0.454386186485171 -0.370998416580425 0.184661040130829
-0.0988628075092527 -0.505741552558326 0.00449865151570176 0.261359575841623
-0.36627820586686 -0.269139308857731 0.0262994113308537 -0.00621994008336343
-0.368051425442771 0.145963562132465 -0.071117250482355 -0.0298059212701321
-0.171628559866425 0.346466184803338 -0.131782847200657 0.137416420745376
0.0526433733275135 0.366407553897593 0.0428234615435462 0.221259442609914
0.200167137786234 0.270428304246033 0.158970178049012 0.142695473751834
0.231243990845821 0.226901524990805 0.183765605304585 0.113662040395976
0.200897038283322 0.245593596762758 0.181339926174608 0.143046860979658
0.104936699680769 0.366873071285025 0.125602936597074 0.191905011078513
-0.121212178874546 0.3705309661496 0.000641482822625567 0.200987969085013
-0.308631553248765 0.206707161645849 -0.124189038067971 0.148587035591455
-0.387308077982172 -0.152600563500915 -0.136006908937369 0.0587421555831568
-0.147484563693735 -0.461059227926824 -0.0157622680441159 0.0259419458916072
0.155583241921692 -0.493931335815935 -0.0152073382414862 0.183572230171973
0.142886986691223 -0.354817302520936 -0.449254330390348 0.368666951094154
-0.113678237701799 -0.355085225534947 0.00769857489444987 0.384533771211033
-0.264282162527989 -0.155426058853757 0.0502437731664391 0.0602807300929135
-0.232555216444229 0.102460524463718 -0.0771197752824005 -0.00339529593314795
-0.113172757648571 0.221282776718795 -0.148087893567903 0.196483377313677
0.0272434915436522 0.244112710089208 0.063095380287955 0.312969057399062
0.124048847992123 0.195025225677707 0.218060251674278 0.236530955531429
0.138584641931771 0.170299346413224 0.251965034260577 0.191525994274181
0.112139875000543 0.184147785328349 0.239251576130203 0.212653137092517
0.045057003039794 0.240478055548424 0.153747672267713 0.25381443013738
-0.0956355166632375 0.208840455929168 -0.00105552384054443 0.242152526910329
-0.170799846099585 0.0919390256168219 -0.117512111204552 0.140681946888414
-0.195929102732936 -0.0730653843498765 -0.103484882162002 0.0834449465088102
-0.107230276307174 -0.259917616402685 -0.00320495525309467 0.0832714284463442
0.0492965213248107 -0.328569733705984 -0.061856812567842 0.28910922286278
0.00844072536708155 -0.186081064261335 -0.471176105547193 0.502035475517536
-0.101994957018921 -0.137436839858675 0.0154801138107108 0.464929909630764
-0.108689234690401 -0.0156424665998152 0.0856251904449546 0.118336668100859
-0.0564943893340647 0.0355685847235665 -0.0572452444952233 0.0125109690971455
-0.0399578027202866 0.059395374501983 -0.139279763773718 0.209998520655259
-0.0076624508856022 0.0836062574735247 0.0712761534368159 0.348401764820963
0.0243419945808608 0.0890918605081646 0.243669305553678 0.293209880088491
0.0241544588390067 0.0893720878176176 0.280974001932683 0.240338480093505
0.0144095028328326 0.0976424394886808 0.256686228073089 0.252241925291668
-0.00918159505137685 0.0903186387640489 0.150093828105332 0.281004248452512
-0.0541556693740667 0.0439896518361306 -0.0103582859656261 0.248062791195813
-0.0325620022962788 -0.00388542710484609 -0.102007089479533 0.111820413431273
-0.025947594727835 0.0137666494039895 -0.0691969232821033 0.0887123256480933
-0.0788919372980987 -0.0585092564255599 -5.48801296986215E-05 0.108603958189026
-0.0593611287376222 -0.143127252034706 -0.0823756949154203 0.337782008422044
0.108810035603747 -0.0243595762955795 0.0886609010212207 -0.385487988398346
0.0442757732169405 -0.113883933358572 -0.057039861737027 -0.162615815086747
-0.0743497832868887 -0.0862518842863022 0.00395852575426941 -0.0688819246301375
-0.0862389386761253 0.0576170027248762 0.0652787519279147 -0.0557046126797859
-0.00802897497529709 0.0931072570796213 0.0438924319196184 -0.197705573910151
0.053620237852865 0.0602049684169173 -0.114268994852142 -0.274119608446081
0.0763051113312883 0.00896420037984316 -0.237819582509961 -0.251368010903536
0.08635354809207 -0.00506586012906391 -0.272787158144537 -0.230009185383591
0.0852543583760137 0.00771317791482623 -0.249352317448606 -0.254166575027308
0.0581762491003514 0.0812597811510706 -0.123436265648614 -0.285598247873765
-0.0111983456982221 0.115190863071368 0.0377167399937219 -0.221648542359361
-0.109777288922059 0.060631433838596 0.0349090672396237 -0.0552211205755495
-0.102280131450709 -0.114292742279728 -0.0779382903881603 -0.156572839904517
0.0740295312320889 -0.141650932475379 -0.0320292285788956 -0.367279621446606
0.15173498685118 -0.038981533168917 0.363722159135447 -0.526831407367413
0.188756578592355 -0.174587536337832 0.0437101172785458 -0.363058576421093
0.0279045697398002 -0.242825866035566 -0.0402860086556569 -0.15477334470621
-0.154676936247045 -0.1600938016081 -0.0237552323495944 -0.0911574127330856
-0.18236441121609 0.0894336332104508 0.0353684426771328 -0.046033475702487
-0.0605244139686184 0.201263777783182 0.0340335197654206 -0.149958685443136
0.0776701302873706 0.186820594251376 -0.077453144567581 -0.229421359452083
0.158952352841363 0.106042142281327 -0.186490302478997 -0.232398410388025
0.191025343635261 0.0831542959398111 -0.219105552433285 -0.207792051454297
0.183160080368755 0.108006238582508 -0.200755788013235 -0.213076747565629
0.116222027174519 0.240257166442461 -0.106543967791914 -0.227575389786394
-0.0638768323836247 0.285506895440776 0.0100691631157582 -0.173297428599675
-0.265144690904014 0.159746665303376 -0.014077059067233 -0.0302933688750161
-0.304220121793768 -0.203873649003466 -0.116061596600691 -0.154919761645837
0.00280607863424916 -0.3816070539829 -0.0398468520380304 -0.350083193200455
0.236737912050079 -0.283279133763921 0.310757665485008 -0.466073507713382
0.254736280335426 -0.31020979141014 -0.0312551743715477 -0.292888424971226
0.00345809712213436 -0.367729630792279 -0.0210449861476143 -0.112663121290513
-0.238103325367003 -0.230721451780451 -0.0318416241731735 -0.106863875466948
-0.278617155674774 0.117355943686917 0.00548639921059686 -0.0522893119983252
-0.114209795395926 0.297230827696987 0.00251514309398474 -0.094900723392085
0.0905132087734484 0.299708601529145 -0.0432985299705605 -0.149974522879323
0.219702729066474 0.193543260917768 -0.111899075878531 -0.175201110272947
0.266860424300746 0.158011848396608 -0.131877683803517 -0.156105134194932
0.254295062616862 0.187717940973457 -0.117951315379597 -0.140723053937932
0.163676707065799 0.360340646896545 -0.0623867087707314 -0.134647391429914
-0.0949703623089738 0.421492204044381 -0.00645824353319763 -0.0925219451949037
-0.3761541123532 0.255930975494456 -0.0573657596652957 0.0158768981803672
-0.472350473060825 -0.241488102318689 -0.148381340962556 -0.116987136589595
-0.088203271121567 -0.556291359607743 -0.04832988230182 -0.284022244040528
0.273441600116643 -0.481193905077724 0.229463362184827 -0.33737799316137
0.288451218563532 -0.416557173884837 -0.132212396184216 -0.168235301717551
-0.0386484816479536 -0.473618706412266 -0.00451330352818916 -0.0240715749734318
-0.327234710313133 -0.28272693182895 -0.0218951063464966 -0.0990651809907714
-0.360760363048538 0.149619027181459 -0.0237295987574866 -0.0590503159695215
-0.153550994398502 0.371856396151193 -0.0427373830210553 -0.0248540192114649
0.0937252475962114 0.377443776869983 -0.0109011539912159 -0.0387006330470773
0.252465648204927 0.255045167837639 -0.0224483186930245 -0.0868292124818318
0.302116472320363 0.20721298018437 -0.0244979044103807 -0.079950275033357
0.282956315094801 0.234780752060007 -0.0140681019832057 -0.0515914203072423
0.185360469176923 0.423230264127704 0.00347940603668023 -0.0238576736668298
-0.104260725151035 0.493270303261776 -0.00731191253821309 0.0112687059321426
-0.417828546912441 0.317209716042145 -0.088072482051492 0.0740739421131602
-0.560871538514411 -0.228370482680553 -0.160338301762788 -0.0524126057176338
-0.166774734659851 -0.626011846419955 -0.0481037728460975 -0.179760713933287
0.258741864945825 -0.59089779525041 0.1385970250857 -0.163212834524818
0.279487171597854 -0.469327305142186 -0.245542651699447 0.00349240743343335
-0.0870145573102837 -0.523853444239425 0.00969835692149097 0.105661882779912
-0.384934247018348 -0.292592690536925 -0.00197602407452346 -0.0637395785816983
-0.394146053755625 0.170716018494384 -0.0525210281389891 -0.0515686033303869
-0.16640637285451 0.393754199106918 -0.0883483011625934 0.0616613392031885
0.0903007974778042 0.398701488720471 0.0226121645126094 0.0912153245912332
0.2489002479517 0.276419164229955 0.0720253824818101 0.0207247423600838
0.28956955806769 0.22300897240877 0.0854538039227484 0.00959937269678473
0.264461476297255 0.248311991922657 0.0934681628688556 0.040928169006468
0.171913886231389 0.417662404093937 0.0763460692121301 0.0861148408383213
-0.102276750658663 0.471071551929504 0.00327553451872651 0.114874366934999
-0.382056062975309 0.30335975892577 -0.102283722286089 0.126521818784202
-0.523495621931205 -0.183789690724337 -0.14889417056841 0.01653919889462
-0.193182185857133 -0.57777033812285 -0.0336742598481287 -0.063735478677787
0.205850773173757 -0.58707651709249 0.0565169981562631 0.0218831016505324
0.219144326172202 -0.44750475938726 -0.346906667591266 0.197559692722789
-0.119092783845752 -0.476790284467335 0.0206100590423872 0.247569772818063
-0.365163252687346 -0.24010560042584 0.0218260791460062 -0.00767932778347817
-0.345339821386159 0.157928624323814 -0.0745742250712703 -0.028864606280747
-0.145386149558644 0.342888245197157 -0.121070178600722 0.146390295290568
0.0724805033048608 0.347722373880697 0.0544132341741957 0.213371893201714
0.207131444354487 0.249849873146132 0.157563483249235 0.128082060168913
0.234095124191113 0.204076841742091 0.182455906922582 0.0975802747436364
0.205944285376763 0.22510646483225 0.183981748407743 0.123921918503504
0.124304979087448 0.345349666200886 0.134582160647121 0.174737012326553
-0.096835402766651 0.363277201697018 0.0138638103137749 0.193383212562094
-0.284565715913759 0.213929995555041 -0.10494381040235 0.152428260729099
-0.37841212066035 -0.126373303586055 -0.120986677082499 0.0664229755817309
-0.166158532912054 -0.434490264014507 -0.0141844198425956 0.0283422327055153
0.126709921001904 -0.482415118341487 -0.00802317771799933 0.177691154572489
0.117313053611824 -0.345262054505205 -0.413533752818263 0.377906655096868
-0.127349069754217 -0.330929646517752 0.0284933871615136 0.367003027512315
-0.261325852854272 -0.135941099884992 0.0503751755575665 0.0545395121521663
-0.217914710192642 0.109101186795291 -0.0778601850103304 -0.00267119213753728
-0.0964538925990719 0.21956818673508 -0.132971650714492 0.20159382871462
0.0400973444828722 0.232188020685035 0.079220135552162 0.299184082009047
0.130168671938477 0.181207272100237 0.220958856027068 0.215689884842041
0.141685309310998 0.156684504616564 0.252275236035565 0.168441851418697
0.117837304137018 0.170580841039694 0.241636744528929 0.186980889880531
0.0578125147999138 0.226907078040527 0.163830556549014 0.231835449477511
-0.0808459710270853 0.206479338104274 0.0154821898978528 0.231891714071543
-0.158452835370134 0.0959490129528845 -0.100630739544281 0.143124602823227
-0.189674651557819 -0.060315932978007 -0.0875566763620014 0.0878832312005849
-0.115838956560194 -0.24101619944088 0.000285686590757946 0.0811679640609009
0.0321876737185217 -0.316478653894511 -0.0480212861827375 0.28168527707758
-0.00279704829900932 -0.176175368837917 -0.430181335374486 0.508810134954182
-0.104217001796198 -0.123264323215786 0.0378634331596812 0.442647677279083
-0.103952404666263 -0.00955276336407074 0.0890108976425238 0.106733261825508
-0.0522102979644322 0.0349887816726141 -0.056988863039568 0.011944343808687
-0.0354266699370139 0.0588742663864506 -0.123606233998209 0.21235747617243
-0.00328858886383647 0.0804053985467147 0.0887750233074587 0.332727166434444
0.0278318064709405 0.0854339424889447 0.248884078777989 0.267120120363505
0.0280241113297737 0.0858545591938454 0.283253098772074 0.214616612134048
0.0199755852001696 0.0931031452365563 0.260612994656636 0.225179443569218
-0.00414224605927905 0.0860999601766651 0.161312498070219 0.258548375047915
-0.0510093180818346 0.045030462401055 0.0074026142514952 0.236572829347554
-0.0315779267488966 -0.0043754240756246 -0.0882829077927462 0.11307164852322
-0.0206963288049732 0.0137320206521555 -0.0548377723233896 0.0898608392412955
-0.0778301336152364 -0.0477963540204933 0.00438089866675006 0.104566557269836
-0.0640155214070073 -0.129443660291639 -0.0647051288203594 0.327150531955148
0.100153506733089 -0.043488539783946 0.0312633175560317 -0.366923704288192
0.0249823103563699 -0.113294135700865 -0.0718078441688714 -0.143553719845029
-0.0825435752713173 -0.0703088632990642 -0.00669384261133519 -0.0613364530941084
-0.0723966869098587 0.0645468265150597 0.0549540041531776 -0.0586894927602691
0.0059155966650418 0.087868312794904 0.0170952199248994 -0.189767405924446
0.0568230704297054 0.0491035668473526 -0.139670830516326 -0.243302622983474
0.0690101218807747 -0.00218159448149623 -0.253218316939748 -0.210562577547725
0.0784182857475111 -0.0162441921947356 -0.280889883102762 -0.180466425132451
0.0786397284223487 -0.00305427950565384 -0.260516911291297 -0.208155046874978
0.064020079659064 0.0690622989497475 -0.148169382830174 -0.250861600510898
0.00410842396405866 0.109605505280703 0.0134513482776773 -0.211196288618409
-0.0941224331782862 0.0691857814887275 0.0281512260263616 -0.051446672189301
-0.112064938155286 -0.090143685091843 -0.0986884701503506 -0.133315699261975
0.0459593122034851 -0.138355747608001 -0.0749037419038928 -0.341071762138608
0.128598781149507 -0.06239109921706 0.284468471929021 -0.539343616679905
0.157410990966852 -0.19767956614771 -0.0107094253054275 -0.327409029656191
-0.00330534328192089 -0.231820322258345 -0.0544773875002467 -0.134679176096409
-0.165944936674408 -0.130472756225933 -0.0323728332812312 -0.0742945775783431
-0.15834156637579 0.103895419199635 0.0314591646058079 -0.0444226533791021
-0.0306448547856877 0.194931272555273 0.0186149398491523 -0.145119465142681
0.0941495411261302 0.163602789105177 -0.0959330881649988 -0.208862182052733
0.157150419549159 0.0784573180446352 -0.199531274463234 -0.199706473301657
0.186322301594614 0.0532226814515684 -0.227311023597587 -0.167523798979739
0.181457986643774 0.0785054353758031 -0.208075252551265 -0.176277826108505
0.137311193436388 0.208028130513449 -0.120901876234721 -0.198348826749869
-0.0229237103226752 0.272956209865133 -0.00301674378455204 -0.160132893883937
-0.225856982207606 0.177913805468356 -0.013050216136248 -0.0164891382681303
-0.308863034797877 -0.147007742704472 -0.139318917093197 -0.123045043461889
-0.0467502942334237 -0.348582579807572 -0.0890257363248479 -0.331630205444796
0.17541496498176 -0.295698358228033 0.244666446306051 -0.481942976860359
0.202522656013014 -0.333971277730344 -0.0760687576196816 -0.240611066797448
-0.0380122923483292 -0.344524155418933 -0.0297093893857542 -0.0941728300692332
-0.252052176179838 -0.187128425971534 -0.0383290877117924 -0.0835663273927042
-0.245207504048933 0.138870809591433 0.0044259891126564 -0.0468030648356906
-0.0701129193673433 0.289803464703067 0.000101904422644221 -0.0909726069801207
0.118410664036876 0.267150958555839 -0.0507066892058031 -0.142235989241262
0.223561731305129 0.153689804421791 -0.120233103015119 -0.156431176673433
0.265548883536065 0.113408634369641 -0.139607604485625 -0.130581878382182
0.256775902083358 0.143433484786275 -0.119527816226136 -0.119707237632545
0.194854215372685 0.312297085831656 -0.0642040946938307 -0.116592582778179
-0.0340844279488068 0.403082512041735 -0.00604621407213688 -0.0804764121009361
-0.31639467777706 0.27937140241636 -0.0462952640883097 0.0360101710808705
-0.469178408817841 -0.159571172779342 -0.168410516167445 -0.0806255955022514
-0.150488816113187 -0.497061588013981 -0.0977742729863327 -0.273717461755429
0.185422295182869 -0.481037896593613 0.184177025564142 -0.357427481502239
0.222173473753025 -0.437405779934192 -0.158529283479399 -0.101955094123049
-0.0855674938176268 -0.439633204858251 -0.0021500136743455 -0.0108621260115012
-0.340880231121388 -0.226415340264583 -0.0244078271357877 -0.0755498348770673
-0.319318239673522 0.176867881987697 -0.0217118347288437 -0.0498302266744345
-0.0991168935272982 0.36375880323079 -0.0300279492475599 -0.0205278749393606
0.131938393702048 0.339703949911502 -0.00422486213733517 -0.0437126273822378
0.261145690731319 0.207588183535571 -0.023562468675465 -0.0847573868344318
0.304425413148547 0.154957195044591 -0.0312697895801786 -0.0725288103179342
0.291087138751171 0.183766396025862 -0.0111288790410649 -0.0494158686423631
0.222966474695099 0.36753927153852 0.0127971952253685 -0.0208962521105345
-0.034223404798584 0.468472532945284 0.00695193871904437 0.0175898668186986
-0.347326445563276 0.338714903332339 -0.0657548517713312 0.097240215684965
-0.547819442713428 -0.137312793300199 -0.170934498515341 -0.0167826261926928
-0.227248100848461 -0.552414983768759 -0.08882811946684 -0.177462609079561
0.161413837555173 -0.577616061039524 0.119226431060781 -0.185960911281394
0.205794781036042 -0.485611005003683 -0.244406732135988 0.077073146355496
-0.135014375520882 -0.479891223796442 0.0273693826282751 0.110471230525477
-0.395349737150785 -0.228200114041279 0.00208661835630452 -0.0438134962080418
-0.349960562831149 0.19755125018838 -0.047117302661065 -0.0400298707056784
-0.110649298849823 0.385524859933179 -0.060725332031958 0.0659573087013111
0.129820000661069 0.361267279572964 0.0438985750098317 0.0738397892288206
0.261471959447689 0.227637356657567 0.0788776883362644 0.00593732579056739
0.295477115945622 0.171619838620382 0.0822160774356763 -0.00299234218776551
0.275332220775885 0.198403827917041 0.100150355080159 0.0246821315477284
0.21004276520828 0.363386175870434 0.0943653838000619 0.0716668514795469
-0.0347278814017607 0.448586728976603 0.0293907217248375 0.112555681140166
-0.314389849179671 0.320977287235236 -0.0731445506249755 0.147146831314852
-0.507560666984843 -0.100634063596261 -0.148197090187679 0.0457124934467357
-0.244696552993115 -0.505967038063116 -0.0613148429091185 -0.069362823273912
0.116080108367605 -0.564961959731578 0.061209269316568 -0.00181179364371607
0.151306177906574 -0.45409882889295 -0.31213015568961 0.268307886291253
-0.160316697429655 -0.429724418780006 0.0557438042403041 0.241019174303415
-0.36949650036815 -0.182259323705438 0.0322656604979166 0.00282140957832353
-0.304699165519563 0.181569939882006 -0.0657375950588599 -0.0169094501965754
-0.0967469258255165 0.334309374510128 -0.0829085812611209 0.149784992886151
0.10700759226261 0.316418807859446 0.0874162893342035 0.186659870765161
0.221341291475003 0.208650902955884 0.171937415475528 0.0984488693438543
0.241768611086319 0.162559494509111 0.182374490203556 0.0665288191911539
0.218810446147721 0.184533168939779 0.192436187199287 0.0917449665116205
0.156512982773809 0.300771884165628 0.157566284213157 0.145842993720408
-0.0421771528727247 0.346171816663494 0.0461840731076719 0.183277850501366
-0.235214301587664 0.22875169658229 -0.0738934449937484 0.166807029134208
-0.364029659823922 -0.0677722024228111 -0.110233031956383 0.0848965197413556
-0.200641415394838 -0.375536546427596 -0.0272038590651184 0.0178970643130568
0.0568503222132136 -0.456685419120408 0.0165954640606995 0.156208010026435
0.067782339388549 -0.339919559334835 -0.34924977095179 0.436646292779527
-0.150745085838862 -0.292050204219873 0.0765785985153273 0.34764702821412
-0.258991461613532 -0.0971139033234496 0.0634919327892034 0.0514844082957954
-0.192328377662764 0.122057241059591 -0.0689797036573594 0.0069538123434359
-0.0656958076180439 0.214045822669323 -0.0914627824373164 0.204398084582875
0.0642380876378276 0.211722947879796 0.117596652741575 0.267493777550738
0.142854460396131 0.154402761031205 0.239378648027292 0.174579288457564
0.150383187657769 0.129448148291161 0.25610333319947 0.124946739502953
0.131305335728159 0.144959825104714 0.251777022487294 0.143988649208366
0.0807784719806601 0.199742033205743 0.188237978483495 0.194641754576748
-0.0484594737867518 0.198782970518588 0.0478399321755691 0.217226320132455
-0.133519791497199 0.104407547709877 -0.0731238868305399 0.152188565261312
-0.179336184228495 -0.0315141795876974 -0.0706204784329689 0.0957363470622535
-0.131133623876079 -0.204732917661664 -0.0010726922352438 0.071344226449086
-0.00622522423121154 -0.290573180770007 -0.0124759407388597 0.262057475748963
-0.0260249470779199 -0.160394764911981 -0.340916532054951 0.544504388612422
-0.108538232640841 -0.0992586812647964 0.0937468003923891 0.411428048556086
-0.096306230972517 0.00248193221166312 0.101506377489718 0.0888572554169597
-0.0460205030609779 0.0363805606230752 -0.0522431734936285 0.0162374529150693
-0.027960932102958 0.0584868662748454 -0.087279461029568 0.215799345184382
0.00595640516803867 0.0758631682069933 0.125929580023595 0.300816927879361
0.0373650016122131 0.0775016992940075 0.269765155459088 0.222846109997581
0.0361037856461137 0.0776466604311914 0.289303948189884 0.164877143228665
0.0306975674184247 0.0839908918253389 0.27060385820441 0.17733975056914
0.00579734227471276 0.077452866566116 0.1852386489878 0.2180849175964
-0.0424131801668132 0.0456647546670068 0.0375652641952074 0.219190140386858
-0.0282894358194139 -0.00269036550265316 -0.0672039744599677 0.116508740240764
-0.0136946501340767 0.0135167487635779 -0.0348129611946613 0.0907719383684373
-0.0724750620493023 -0.0318396237956217 0.0111927629864784 0.0980163423021355
-0.0698827341046682 -0.105469189812895 -0.0257066350882957 0.311006596939977
0.0946150651647089 -0.0436529472856792 0.0365826540269819 -0.346055851769812
0.0211745646733457 -0.107055096493402 -0.0649997323954378 -0.138167542866166
-0.0798604338509764 -0.0649802356013508 -0.00991522560805031 -0.057560649046446
-0.0667266188595922 0.0621430789545898 0.0512243416300411 -0.0527595731494801
0.0069198755493007 0.0827721622895296 0.0168232064772539 -0.174779164262647
0.0547173470258909 0.0452186738752614 -0.129885193126846 -0.226846466402933
0.064416018875175 -0.00312052130416242 -0.236135877855455 -0.197772608520229
0.0729494674385159 -0.0158315106332859 -0.263028930069568 -0.171826816470347
0.0727803963457776 -0.00268552796403653 -0.243338157569432 -0.198246572009724
0.0612571851666005 0.065620334469013 -0.137214023290403 -0.238083184328012
0.00512307480463138 0.103458978965445 0.0141890473901445 -0.199475254391564
-0.0893662447892506 0.0648108514683975 0.0297461341780123 -0.047436448430303
-0.106631132353265 -0.0856542600785949 -0.0922974897388088 -0.122582197602129
0.0436827696005704 -0.13282811055735 -0.0651784733287581 -0.316872400075366
0.122855791454668 -0.0605494319003883 0.274661857432287 -0.504938154143417
0.149451766333776 -0.186859643600996 -0.00354210039779092 -0.309718009004128
-0.00294139931136462 -0.218725052655824 -0.0477879134748809 -0.130638768361432
-0.158068735441224 -0.122074697532476 -0.0342964113782044 -0.068718864898842
-0.148497767377327 0.0981179359894103 0.0272341415088827 -0.0394147393624736
-0.0276078712787066 0.183073472240098 0.0182686011006454 -0.132003724295667
0.0889120938410516 0.153153792202452 -0.0880538015228164 -0.195512204545832
0.147166360817579 0.0742161465553031 -0.186240234482038 -0.187882861423052
0.173766476195191 0.0495866521874842 -0.213856977343815 -0.159966085710356
0.169198357704901 0.0746084849655533 -0.193764584347239 -0.168398428389023
0.129007542795513 0.196046868840496 -0.111088324604347 -0.188205658257351
-0.0212690639789163 0.256951988221813 -0.00151423327644063 -0.150444426812215
-0.213074308523104 0.165776235486609 -0.00837729374008173 -0.013789279496002
-0.290966386367395 -0.140245292152202 -0.130345783924635 -0.113435592572301
-0.0409409292054201 -0.331376499079292 -0.0783926763928323 -0.309173844003507
0.170521619970817 -0.281085115857271 0.236878645785596 -0.452704665294186
0.194856701888205 -0.315433781743156 -0.0661822734635068 -0.227869252545254
-0.0340862142561551 -0.326444398769824 -0.0246642564229023 -0.0929124319587868
-0.238588237992324 -0.177000985594858 -0.0398514289272613 -0.0779416189023094
-0.23074939553854 0.129806114492128 0.000430891942800992 -0.0423395559400011
-0.0654124391420986 0.273080577220561 0.00129968549581818 -0.0799566863455847
0.11218363003039 0.250859616386851 -0.0448727322307481 -0.13200906089813
0.209929386919233 0.145162979764402 -0.112752650180006 -0.146899163077267
0.248294807644889 0.10693113758047 -0.131976158086307 -0.124769685470005
0.239792423332737 0.13667454681321 -0.110934271980719 -0.115028435373347
0.184083250365066 0.295670390926881 -0.0582516355967073 -0.111830152004148
-0.0324695776377395 0.380291584609396 -0.00481810696508749 -0.0747646635821396
-0.299004604810405 0.260151610429569 -0.0390891734078395 0.0355394219181162
-0.441683809774314 -0.154055169420115 -0.155360361602282 -0.0746605479109609
-0.136939846827104 -0.473163785274795 -0.0876763362382789 -0.254729128002059
0.18206917822476 -0.455803840041105 0.177618306179655 -0.334855478895314
0.21332253194235 -0.411572016149056 -0.145966217157274 -0.0980470570694329
-0.0765963331565316 -0.415705059375094 0.000871376891254448 -0.0144527558805991
-0.322301486537186 -0.214988653754903 -0.0264135774928538 -0.0700734535291452
-0.30220643369596 0.163980918201062 -0.0252033457194458 -0.0458086162541042
-0.0936979717516869 0.342072054407672 -0.0275751756779434 -0.0130820176408483
0.123975017113884 0.320640917536174 -0.00129051225614497 -0.039078326671593
0.245041048144165 0.197076316678067 -0.022696979424387 -0.078501830714079
0.284436773943031 0.147071271652067 -0.0302455329944654 -0.0696165097244219
0.272006001924402 0.175720446007326 -0.00904406409573842 -0.0482318920124115
0.210021036962914 0.346965844925414 0.0140451830231186 -0.022356579864886
-0.0309973797970195 0.444226713060206 0.00694138850889687 0.0177473467901853
-0.328431895020094 0.317177977657633 -0.0570999750733793 0.0917499072381369
-0.515491208189527 -0.13399408084559 -0.157080689193929 -0.0159330620296896
-0.210913874769806 -0.525484901184573 -0.0808255333035958 -0.164341998771552
0.160750653052934 -0.547522513810171 0.113920692965791 -0.173353899607955
0.19857645232984 -0.455748155678821 -0.229730991938771 0.0706087845507744
-0.120946246528276 -0.453443833856436 0.0278725785945599 0.0998682751808208
-0.370785750104711 -0.218189258434528 -0.000928519758525001 -0.041183674137491
-0.330741494882573 0.184057376139999 -0.0496261358912458 -0.0377898541701964
-0.104122973030875 0.363521017761927 -0.0571105662119405 0.0681440860298464
0.121630998590489 0.340932377493582 0.0441232213822436 0.0719200822981012
0.246176594806335 0.21633478199938 0.0729992850775561 0.00687110331510944
0.276482280008162 0.163716260752395 0.0765266390851711 -0.00306347194103424
0.257715850605019 0.189241106153687 0.0946094313142357 0.0216365187234258
0.197658363696918 0.342748261169651 0.0897801437671285 0.0652021381347073
-0.0331277770558091 0.423782522585011 0.0277928776085724 0.106749371445982
-0.2997052179824 0.300697441181891 -0.064359430367045 0.138424083206983
-0.477577736416686 -0.0974582611981865 -0.134574206651219 0.0425093172752955
-0.226252289939107 -0.480747333403988 -0.0564632201029956 -0.0622498385885937
0.115992457764687 -0.533812529787898 0.05694031905669 0.000330777515746084
0.148687613139362 -0.425482837910602 -0.29789946363589 0.2508732249476
-0.145938315981321 -0.405291774414242 0.0526502555348962 0.224299837262249
-0.347219649787368 -0.173497159727904 0.0286293619577344 0.00261813998697436
-0.289431256061224 0.166693667823129 -0.0681608838888171 -0.017254546651914
-0.092632297845481 0.314563236396745 -0.0788390459572809 0.146388942574371
0.0990103219664049 0.296694210605463 0.0841732164144735 0.178206899131664
0.207998373724916 0.19833474053008 0.159561377823748 0.0946253606408529
0.225923150914151 0.154896374388646 0.171372657485626 0.0636478601605447
0.204721020155025 0.175757919455042 0.181010346594793 0.0849574809550945
0.146729633241615 0.283630761629872 0.148761827810798 0.135544093613223
-0.0409601287663509 0.327038222444602 0.0437087582842885 0.172633063917827
-0.223084023935236 0.212675879620355 -0.0659232978783381 0.156521372281974
-0.341465290167577 -0.0662556196221277 -0.0988414616561941 0.0791518197890331
-0.185772858192444 -0.355798936935482 -0.025930204639483 0.019511155547087
0.0607323710283179 -0.431087945630976 0.0125896926366597 0.148303334604089
0.0675377157182878 -0.316663818656167 -0.333862997060507 0.408228970863681
-0.137399577000207 -0.274160492360046 0.0700059561836511 0.32539342282297
-0.242192822006713 -0.0930176421624497 0.0590682759684671 0.0484084117602092
-0.182234901506091 0.112114568465899 -0.0702109377864904 0.0045335036278433
-0.0631761241826871 0.201479797762264 -0.0876420597351167 0.196763533462982
0.0587823231007168 0.200305998616272 0.111267021944548 0.254134066711078
0.133844785350396 0.146776983796094 0.223181797758794 0.166809597724477
0.140450804426435 0.123277630697489 0.239923471119725 0.118973230204002
0.123372117081448 0.13784706907293 0.235909229036077 0.134215583813166
0.075277348392568 0.187693212323792 0.177491809086606 0.18098140403619
-0.0469733460004478 0.18725686045793 0.0455249345190092 0.202987274250346
-0.125910764132194 0.0958173153733959 -0.0655877537798703 0.142298321860023
-0.166389673183762 -0.033187334586292 -0.0608898727740133 0.0887560513126521
-0.120115576607577 -0.192485478943963 -0.00192486012594675 0.0693195271345102
-0.00144351941120249 -0.271963587130665 -0.0157277436390557 0.247454771242954
-0.0221654640487606 -0.148824726597717 -0.328841927265741 0.510613454812061
-0.0993119353801591 -0.0925290758159357 0.0839741753077952 0.387306440693878
-0.0896576647397592 0.00180816154529754 0.0951953525339623 0.0820064269367876
-0.0445513069628611 0.0325403829094539 -0.0529990486803364 0.0131170706610412
-0.0271055281597372 0.0555003153580714 -0.0848170612670997 0.205991833129619
0.00480507726022445 0.0718015759301136 0.117550141495142 0.285691112509276
0.0350261347915094 0.0744589076694848 0.251403210670221 0.212460948573196
0.0335867381584389 0.0747860987118208 0.271920216008214 0.157267212698558
0.0290830816785816 0.0800993084788549 0.252592304741121 0.16685130750683
0.00396339969145982 0.0729310502017595 0.173399924832282 0.203254936966276
-0.0413617036298602 0.0426252397762176 0.0360512036924042 0.203452764289217
-0.02748110101384 -0.00471559807539912 -0.061086744607348 0.108749344256154
-0.0102485159603952 0.0105674665935792 -0.0281993412595477 0.0833020424517477
-0.0659298170727236 -0.0277050322867294 0.00887225137752932 0.0936228050712347
-0.0641088798783268 -0.0963538312596251 -0.0295905119298586 0.29255641840043
0.0921440694820761 -0.0414692051104546 0.0514241429498731 -0.335345619583429
0.0218283816158881 -0.103681720602657 -0.0571387232595929 -0.138365395230942
-0.077864336068819 -0.0641223005407174 -0.0118121495893108 -0.0554792532494007
-0.0649859784372577 0.0593651399467059 0.0495763668177792 -0.047163279300582
0.00558266976410527 0.0803356439723319 0.0218371808241031 -0.165995236295495
0.0524896348531362 0.0441285349010338 -0.117865112727293 -0.221842980179046
0.0623389556356324 -0.00155856570932444 -0.221218549321599 -0.198226313537292
0.0702519297676611 -0.0137868410850078 -0.249916617657354 -0.175371045950974
0.0689810432623043 -0.000682242961864375 -0.228967798087287 -0.200169837930489
0.0580824590700809 0.0661000470564069 -0.125893204963974 -0.236400687632716
0.00316267467601848 0.100421274548323 0.0204889009457378 -0.193647254949271
-0.087583171574569 0.0608107036728696 0.0328887913565072 -0.0439809566406861
-0.102294414052976 -0.0862711428592996 -0.0860084908839504 -0.117267745828002
0.0461092767618064 -0.129536415047999 -0.0497742175850709 -0.305742275036839
0.121803153811875 -0.0574145687262397 0.285349926107725 -0.478829582973829
0.151664297568069 -0.177750595025986 0.0115099083646383 -0.301730561673167
0.00296571354819778 -0.212097858241364 -0.039974749418694 -0.131112960773592
-0.150702316572006 -0.121958679558607 -0.0355201690165661 -0.0666211872730389
-0.145825566289273 0.0909878616015931 0.0247148479016126 -0.0351340271237999
-0.0303652531575864 0.176482118530306 0.0230130808485517 -0.123290418458138
0.0828415437273569 0.150045065133718 -0.078011284791408 -0.190347439628458
0.14037104295717 0.0757181066630166 -0.173894447022872 -0.186889097152189
0.165802842706745 0.0526956703637113 -0.202379624025036 -0.162028798981838
0.1598906895923 0.0775129391449838 -0.181685602819026 -0.169954862097648
0.119867187210934 0.194158779617898 -0.100904206275261 -0.187210064472422
-0.0274116339147915 0.249089165191684 0.00352151938743099 -0.145726138688765
-0.211165439713203 0.153696749819284 -0.00424335441810089 -0.0126259879795963
-0.278791111349574 -0.145525819550719 -0.121689829203978 -0.111186687328576
-0.0300185034876816 -0.325320068724969 -0.0624260854734913 -0.298177391572684
0.176376533218003 -0.2698756619545 0.245703790328991 -0.428518948792337
0.19919277070235 -0.299605137842876 -0.0524508857420736 -0.224147614736867
-0.0219377899315557 -0.317573253135667 -0.0185622423325058 -0.0952302281770661
-0.226437871718626 -0.178204777228667 -0.040499982471927 -0.0763062213164305
-0.22683100736858 0.118348667796081 -0.00248590551935399 -0.0382410116444316
-0.070258241411566 0.262581180686512 0.00493943868350817 -0.0719916151264754
0.101908174724034 0.245694565759018 -0.0374851811279194 -0.127814196613914
0.199147137656152 0.14671970175133 -0.104867373526137 -0.144366971856794
0.236447354134804 0.110453615240579 -0.124804684822441 -0.125509911281031
0.226627262088348 0.140485277947812 -0.103219249413708 -0.116621365101129
0.170215062609679 0.29169589630786 -0.0517468309253282 -0.112139911668838
-0.0409042849098945 0.368007650603043 -0.0022446692981393 -0.0719414789898766
-0.296659874606478 0.241265279013227 -0.0346119821295655 0.0343568745761235
-0.424699926398064 -0.163301113377656 -0.145984084861408 -0.0748298621141569
-0.118056657308207 -0.465071730559379 -0.0740586836893876 -0.246294240588526
0.194464532430962 -0.440632839493045 0.185265412098838 -0.319272317183343
0.223111858909115 -0.392979075241052 -0.136006731742904 -0.101310368205333
-0.0596567228661875 -0.405068335208188 0.00429168327499669 -0.0187093959786886
-0.304171140107064 -0.218147545226776 -0.0272411092358153 -0.0687440735524093
-0.296914125981297 0.148889410090189 -0.0283480416640945 -0.0434488137391756
-0.100509846458401 0.32874092576262 -0.0251869920871521 -0.00697964291287439
0.110322352594506 0.314042546934885 0.00258850921171841 -0.036391919493653
0.23232984833864 0.198743582460921 -0.0205789286369251 -0.0759775082339956
0.270742843375612 0.15048430004291 -0.0275949640840466 -0.0690335516123238
0.25702108044888 0.180049511236412 -0.00641472532283873 -0.0495799074664701
0.19398947596383 0.342469395060744 0.0154251039798909 -0.0231157198567779
-0.0431447767674361 0.429572662966724 0.00654341292993929 0.0181908346827556
-0.327458424856364 0.295722273702961 -0.0537463955700421 0.087768202937881
-0.496907170001589 -0.147471010119465 -0.148165108318304 -0.0188151182034737
-0.186214967893581 -0.520400766673599 -0.071268836304724 -0.158351810260161
0.177355605320567 -0.528368512605147 0.116567341054616 -0.163778006576975
0.210363734274921 -0.435061743891339 -0.223690844688027 0.060163051881096
-0.100413646181659 -0.442984178679607 0.0265054193044194 0.093625744281381
-0.352300172726404 -0.223248277538292 -0.00257778860439396 -0.0392125059137668
-0.325657682192135 0.166499204730437 -0.0527701463407467 -0.037357800762576
-0.111810584801731 0.348973921328203 -0.0568091600897219 0.0709150147335491
0.107039575658976 0.33379430184344 0.0428242235224094 0.072066071174163
0.232382803934548 0.217749798045371 0.0685469207379394 0.0100163943010465
0.262795853472392 0.167537779605479 0.0734366204470396 -0.00150656411931946
0.24445794249752 0.193304789677885 0.0912033400248525 0.0213015760368654
0.181929018005328 0.337518578472917 0.0869579219376074 0.0631610219548868
-0.0429553012617714 0.411810031353997 0.0244383835926505 0.105139576667428
-0.2982425029258 0.280496514705772 -0.0613592123397744 0.132269413491932
-0.459240675133625 -0.11196113655977 -0.126827988928947 0.036917562519214
-0.204541554572847 -0.474606276673112 -0.0516397992943916 -0.0596124981213695
0.13342985321785 -0.518059586390173 0.0546104540176125 0.00292392213176723
0.16051518563367 -0.405638209158072 -0.297672934720148 0.233294334239787
-0.124987219291706 -0.397030566839328 0.0454519528600296 0.215531627564789
-0.330584100728137 -0.180164311827433 0.0261815879031139 0.00342412827282399
-0.286093090316244 0.151857659678493 -0.0710618318541736 -0.0184238645279386
-0.0986703710092302 0.302186266656673 -0.0804545500768679 0.144644187025464
0.0877983024833499 0.291794791678747 0.0782655427153661 0.176785889732998
0.195943561155954 0.198623339874493 0.149584821428635 0.0977800779185167
0.214002029159389 0.157746758164434 0.164000359169978 0.06664114077927
0.193133049285848 0.177674316812316 0.172866376453488 0.086035613454874
0.134371763684079 0.278923481122546 0.141093036334567 0.132849675943476
-0.0481295624805418 0.316686140515375 0.038580248487933 0.16783916500891
-0.222302198743487 0.197602617307705 -0.0645376130050986 0.149357056928143
-0.327406037848449 -0.0762446042409888 -0.0932026431637526 0.0720773293219618
-0.168477419053363 -0.351833803769966 -0.0246872633346548 0.0207969729859315
0.0758509751496776 -0.41633486645929 0.00555215037191547 0.145203998364239
0.0790720201134526 -0.302544270193781 -0.339275437706161 0.385790546368852
-0.121147862786959 -0.268959799278225 0.0578003532989393 0.315412861016251
-0.23071904277415 -0.0979187617723394 0.0552644379170813 0.0477397739756985
-0.180394560316764 0.101623196746978 -0.0730239913792144 0.00118265238466008
-0.0671532819184164 0.192967854475978 -0.0915476880500143 0.192441516527975
0.0500885655041587 0.196425222714972 0.101052464155646 0.251888062212139
0.125794701606415 0.147203556958317 0.208680759850096 0.16992501982483
0.132753639113931 0.124871695301863 0.228964957229645 0.12314353866594
0.115354238221119 0.138119884999071 0.22391904950039 0.136528273441415
0.0668288929750839 0.184230155994205 0.166567160576424 0.177173339873563
-0.0518012634665071 0.180458616923226 0.0392969629758113 0.19620868476694
-0.126148032574956 0.0866028085837394 -0.0647686529023122 0.134829506580462
-0.15761525054458 -0.038293511299229 -0.0563230268160586 0.0822349760207072
-0.1077208222145 -0.190158992836428 -0.00468574440567632 0.0689101573958373
0.00954815244983737 -0.261574939004621 -0.0255537337395018 0.238921273069862
-0.015273396892099 -0.142144988527596 -0.339326967186204 0.486817958443252
-0.0911559525992366 -0.0909018031000106 0.0684013154283206 0.375791217978565
-0.0855423184370672 -0.00121200166432443 0.0892524123616222 0.0803672337603112
-0.044960901338005 0.029073891241113 -0.0553019089157926 0.00933131138752037
-0.0282999287283397 0.0526148923174511 -0.0896695746445724 0.199503942354375
0.00159801766404271 0.0702565093148829 0.105626354149205 0.283007563420059
0.0316485636556879 0.0740006110233734 0.235615180353716 0.214269665417752
0.0310017922940273 0.0750572509897947 0.259437857980434 0.160645399621104
0.0262394981136204 0.0790154217102436 0.238401438972141 0.168484083371366
0.000603780490473431 0.0703704269112102 0.1615064306452 0.198813942117199
-0.0431999928678388 0.040044889993666 0.0301822790702343 0.195471935917165
-0.027583344770259 -0.0071273970608662 -0.0599184486155135 0.10176502551312
-0.00728789412984149 0.00791287043279503 -0.0247844009023037 0.0781335738410868
-0.0602268848046411 -0.0270425883009734 0.00469613071707774 0.0927407880849355
-0.0571084140213707 -0.092582488410576 -0.0407608271809287 0.282158319674682
0.0937973998291912 -0.0406115740132584 0.0663975568630415 -0.338241915463384
0.0227629858508794 -0.103657259360805 -0.0514384524827954 -0.144098222514072
-0.0783612274519426 -0.0652100285006763 -0.0140024446695143 -0.0553924648592546
-0.0663717020970223 0.0590320133961128 0.0499835962966436 -0.0438962637247769
0.00462763083093416 0.0815898404833654 0.0282825260363018 -0.163265643973941
0.0522220695968764 0.0448836569123453 -0.110992797698557 -0.225853092092101
0.0628612423814554 -0.000558959043541073 -0.214613347639413 -0.206402778813361
0.0699414444109503 -0.0123891896910338 -0.245666844406278 -0.185080865955786
0.0681476392800285 0.00168269687824164 -0.223012820470709 -0.210766991462871
0.057805689638911 0.067977189383305 -0.117409667418973 -0.243306514860762
0.00131231785224461 0.101006055653977 0.0278092328196405 -0.194905956918199
-0.0902901132786672 0.0587709938878441 0.037684211608676 -0.0420759154012789
-0.101687225703905 -0.0901537710442895 -0.0818944813635508 -0.118205297817996
0.0501746668178108 -0.130967938384691 -0.0357322595276415 -0.305547933251529
0.125671495994167 -0.0560981759837426 0.30605543180441 -0.472657362120962
0.158538718252132 -0.176151226517717 0.0253126507111715 -0.304954161279071
0.00909434233063675 -0.213795867179751 -0.0332114036834245 -0.136777906706075
-0.149619313444788 -0.126169423315432 -0.0368015799910616 -0.0670868795674584
-0.148277936086508 0.0879367802635821 0.0233437355055496 -0.0313915620164191
-0.0353615288118038 0.176849193297599 0.0285828836537243 -0.119018640924931
0.0793844603469998 0.152537923700413 -0.0704354158916822 -0.192864756565173
0.139743231114371 0.0805069324411556 -0.168470894358054 -0.19242323964358
0.164139149685919 0.0573258361998266 -0.198499735940158 -0.171113316833214
0.156940591728756 0.0839958052435579 -0.175813041592295 -0.178614891004808
0.115533330350776 0.200349024743649 -0.0946528267447351 -0.193721590733839
-0.0332782956076569 0.24991971696782 0.00867964110926892 -0.14615472552733
-0.217243274411486 0.147505390823013 -6.0733448435613E-05 -0.0119165207253608
-0.27720777706023 -0.156537610513217 -0.117134452181391 -0.113311787714454
-0.0180105028990916 -0.332073742752401 -0.0495502267970325 -0.299522914142007
0.189206450253559 -0.26848165999542 0.265784063762455 -0.423308168540516
0.212737042911067 -0.296350687617703 -0.0421222121588207 -0.229295989941883
-0.0105826389696267 -0.32026195031795 -0.0128707323639051 -0.101628598434148
-0.222922150268948 -0.186001028800334 -0.0421676853977511 -0.0765682188374618
-0.232298229204247 0.112311104999693 -0.00437621354472743 -0.0355820054770995
-0.0778297936726477 0.262656778288983 0.00967601991205687 -0.0670807593506531
0.0952424097197135 0.250149621454717 -0.0313301697525396 -0.12935704342008
0.196127933662401 0.154671303966482 -0.101171702812517 -0.148649826920454
0.233127094981658 0.118817969327125 -0.120918698102621 -0.131307122667136
0.222280718530613 0.150613574345922 -0.0989002800910205 -0.123206577090451
0.162959383302453 0.300268986930021 -0.0474418219927104 -0.116709203044474
-0.0514519881743277 0.369682564508647 0.000687141778639759 -0.0720749580870585
-0.308240257841803 0.233770274991882 -0.0311557285157473 0.0341149423308085
-0.42332656045667 -0.181189468742548 -0.142198208351758 -0.0784274109103592
-0.102758657512262 -0.477227628013278 -0.063442431641378 -0.247636197601069
0.214866767966885 -0.438984394988263 0.199244302302429 -0.314126596146583
0.239771425499393 -0.388716263411851 -0.131194189622241 -0.107987035469365
-0.0442961885289484 -0.411413549045257 0.00775962571515565 -0.0241822374858907
-0.299817770246914 -0.231078164499072 -0.0285485383223241 -0.0691226194567803
-0.304660584899218 0.138147969782719 -0.0315448756063835 -0.0416011233648322
-0.11053158164692 0.328932192567348 -0.0230787652109147 -0.00204804759402362
0.102052704837204 0.320048315859201 0.00661885414771244 -0.0363674578851283
0.228453856653471 0.207718889688537 -0.0195856904545274 -0.0763989470059837
0.266637949111311 0.160348087827267 -0.0256830994942917 -0.0707648010156259
0.25162682050826 0.190921763385346 -0.00430637866947603 -0.051628809172783
0.186523943569576 0.352236954308474 0.0174368150043303 -0.0250246422199244
-0.0552913180063294 0.432195362736097 0.00697336854747888 0.0191769831721366
-0.340560063766634 0.285658308942813 -0.0518429083886584 0.0870541549221022
-0.495394378033068 -0.165978156246179 -0.144936219758034 -0.0227044269499689
-0.170379842412444 -0.533421980377104 -0.0638082929919608 -0.159225454417187
0.199717921862179 -0.530904632694985 0.123814681567544 -0.160795433051447
0.230547133350584 -0.431669109654054 -0.227176438406371 0.0522081959768831
-0.0829382771629589 -0.449199959069056 0.0252965577648779 0.0901105978346808
-0.347519032289846 -0.23655171618202 -0.00363089956093122 -0.0400365653261469
-0.334885321741962 0.155944981376418 -0.0576436076876023 -0.0375674599628487
-0.123892332505609 0.34791316417811 -0.0578007256059892 0.0748423471691799
0.0979064326667234 0.340662082592831 0.0430932426292672 0.075778064965136
0.227634490336977 0.228091959775865 0.06745393273455 0.013941622199628
0.258900530155271 0.177101729070493 0.074001405504217 0.00048021390307633
0.238426799007349 0.203727375124429 0.0917351099778874 0.0226105685254795
0.174010446221433 0.346686876512022 0.0862330290894501 0.0635670064750688
-0.0562747429548351 0.412730942162883 0.0224144418546183 0.107371429519729
-0.310462144212297 0.271519304754434 -0.061456942555516 0.130799543297703
-0.457840891270026 -0.129149389074424 -0.12493277430727 0.0323987928631401
-0.189451006453798 -0.489395391176701 -0.0479826109423089 -0.0587379858212551
0.156398104093984 -0.518148806724708 0.0543492212790224 0.00529710543421314
0.178073545243764 -0.402133570425941 -0.308543468005537 0.225018995003488
-0.108988164911623 -0.405010045525101 0.0387097739824113 0.214487627170048
-0.3246708152161 -0.19510363106861 0.0239942001257288 0.00434482493407163
-0.294176478368914 0.141854947396588 -0.0765299703440022 -0.0205573039080361
-0.110531683060022 0.301902365314721 -0.0853985036246577 0.149035871851136
0.078397910891689 0.29722701954073 0.0753724979130592 0.18215124078043
0.191008012133362 0.208297167339759 0.145859683338415 0.105170541691204
0.210597540207494 0.166293625849672 0.162733677346226 0.0725113756794939
0.18890524152826 0.186953589393377 0.171072287481305 0.0902756662959804
0.127057461878929 0.285858433204498 0.138568969290456 0.135123307222297
-0.0584962895180246 0.318375638108646 0.0342912198880882 0.170328516594249
-0.230588923466197 0.189695117494334 -0.0653557683806274 0.147692810979952
-0.325482552078491 -0.0895612349977699 -0.0910923114119034 0.068550724185512
-0.155763544460067 -0.361590253288799 -0.0250868635446114 0.0226301520388751
0.0950371490858808 -0.416684422048834 -0.000979958118124917 0.147012339645775
0.0922905357445631 -0.300358184575717 -0.357729444053362 0.378374940356199
-0.109146790492713 -0.274470889946786 0.0472103418039028 0.316560131765812
-0.226482816972186 -0.107407582717619 0.0529243189962605 0.0484875125506609
-0.185449753754811 0.0944260685070602 -0.0790015305927704 -0.00159736880368205
-0.0742484478515247 0.192155559759714 -0.0992949001297426 0.194590835264858
0.0436239253338756 0.200216186840605 0.0955829349846171 0.258850952995404
0.121843055540274 0.153396626636694 0.203179604130372 0.180031288801494
0.129514415304863 0.131605700048543 0.226167576768239 0.131719773059865
0.112353701903493 0.144072439744443 0.220331007061581 0.14306964609348
0.060785506202313 0.188056124217037 0.161860988047055 0.18112261960199
-0.0586020649161478 0.180710354706359 0.0342615123310536 0.19736763693207
-0.129653020072228 0.0808497381536128 -0.0666838998371221 0.132120797568753
-0.155074321050139 -0.0461935510065397 -0.0549386942592513 0.0790703991129622
-0.100196927067151 -0.194584200903161 -0.00769867006325764 0.0711992610044323
0.0223969644201071 -0.261774391610288 -0.036764609915842 0.240129483689337
-0.008137385427772 -0.14175525034384 -0.362150019479709 0.481327326538423
-0.0860783809181425 -0.0931988135041476 0.0544403436444185 0.378380065393907
-0.0840225438714439 -0.00423334371964196 0.087007863911054 0.0820081210882812
-0.0466481336333588 0.0267875048786725 -0.0597222803327976 0.00611059526114366
-0.0307854732114757 0.0518518892718024 -0.0983806291733849 0.200412090297904
-0.0016915204247963 0.0721643393979418 0.0983711784375188 0.290625189838749
0.0298801022331893 0.0767697810848308 0.229110309838746 0.225127213472615
0.0292148653492154 0.0779428821950721 0.255367541262887 0.170685848658428
0.0240819302354737 0.0811992308620874 0.234140394643461 0.177820415699743
-0.00321757344978786 0.071225527401126 0.155958229621076 0.202474111268913
-0.0466752536749606 0.0397204927894978 0.0246258935151128 0.194325423187414
-0.0284647535123127 -0.0106837753981433 -0.0617986895723404 0.0981133912422158
-0.00484988058845437 0.0056075519453219 -0.0231827109620642 0.0759749562077139
-0.0571411925099849 -0.0274011959396334 0.000857041571640344 0.0952502052459089
-0.0520629035187148 -0.0916501738397712 -0.0539570230826454 0.282394359999711
0.0966187883366928 -0.0436610785714608 0.0766430083771094 -0.353205531546587
0.0218544968514405 -0.107815111017499 -0.0504925898186637 -0.15356665838979
-0.0825404325295666 -0.0665980519047212 -0.0177998418621139 -0.0572649997057449
-0.0677198225022581 0.061816650884724 0.0513333563254671 -0.0425757028886384
0.00587587788171763 0.0852799241746283 0.0314264793747636 -0.166581627223518
0.0545464551880882 0.0453837362649032 -0.112028012356091 -0.234850950257634
0.0655250874373944 -0.000994290527600708 -0.220044307789537 -0.216155490705007
0.0719423874887552 -0.0125379381127728 -0.253159441257701 -0.196558641618683
0.0695442630227203 0.00275062888481411 -0.229997593359082 -0.222891344204403
0.0607115811532696 0.0723083324324824 -0.119971974130461 -0.255859798498118
0.00235577137758516 0.105291053089087 0.0320776304657638 -0.202986947438547
-0.0941871290142225 0.0606997261420777 0.0430414827238275 -0.0429349436234185
-0.106292510701997 -0.0939941503249649 -0.0835113207366132 -0.120755969831191
0.0523460173134746 -0.13856675285153 -0.0300163175997259 -0.315082036580482
0.131828953139505 -0.0597197973998092 0.327383042526988 -0.487277754357548
0.167060468703452 -0.183333757205377 0.0339055656103635 -0.319362237465176
0.0104910466093715 -0.223005424433213 -0.0312668269771171 -0.146784451999385
-0.15573402091781 -0.131839424528354 -0.0416687200088343 -0.0690566539129382
-0.154133000021521 0.0902127809604192 0.0226625783572371 -0.0297671490172115
-0.0364328647405066 0.184303354258842 0.0324975773380959 -0.119903199237336
0.0820145295130005 0.158604644437422 -0.0695138904887547 -0.20126701019507
0.144695779991287 0.0838597201380129 -0.17274436059065 -0.202013620988206
0.169733310787515 0.0610267363569544 -0.204755898693914 -0.180428756938409
0.160921580792099 0.0899392861519538 -0.18144414197054 -0.190099562601329
0.119658708634208 0.21019415365354 -0.0954957502683702 -0.204427002774429
-0.0357014139392291 0.260045032709346 0.0117499407880471 -0.151450291757332
-0.227352558516221 0.151189663636906 0.00484315952948609 -0.0114620649171793
-0.287707087722435 -0.165489852010296 -0.119784646256558 -0.117205253198498
-0.0166955487477694 -0.348607076675634 -0.0444804102934383 -0.309182296300185
0.202714246322523 -0.281704997328472 0.283454986811191 -0.436348042478222
0.22580448942414 -0.307754644079371 -0.0374608240073176 -0.24107501035887
-0.00739903787866753 -0.335119184967551 -0.00975807979679685 -0.110653523783581
-0.230772019131372 -0.195097422993786 -0.046960059537908 -0.079201201084156
-0.2418250318855 0.114147626127889 -0.00729977112166484 -0.0337149326587109
-0.0825076849973138 0.272585082296277 0.012722774368961 -0.0649824060662054
0.097903841428646 0.260650996972536 -0.0290806061214551 -0.134220333850214
0.20350125662304 0.161768666899455 -0.103927589096467 -0.154671253230958
0.240998417604686 0.124919443450206 -0.125474018868156 -0.139004216693852
0.228522395412614 0.160239932974365 -0.101319965286449 -0.131795338491562
0.168018552519195 0.314385252169877 -0.0474657828819397 -0.123666755592508
-0.0555511809694446 0.385127664344939 0.00231095147309111 -0.0736997929598107
-0.32313306341272 0.238412920518185 -0.0276342021097282 0.0351941364499029
-0.439590783252278 -0.194253092294987 -0.14429880542205 -0.0817449948972565
-0.10249398650665 -0.501503497505404 -0.0596817988648629 -0.255907549723579
0.231117753618923 -0.457785504143299 0.212624408141926 -0.32539801619838
0.256234799098154 -0.403318199875632 -0.132868340386667 -0.114682393898678
-0.0405089087376157 -0.429643071180103 0.0102697745946942 -0.0308694208435635
-0.310012780167429 -0.24372154208188 -0.0328867569104266 -0.0713568058260164
-0.318539755368469 0.141074862268226 -0.0369123909121948 -0.0406437454524936
-0.118550950279949 0.341708827329769 -0.0215803230693013 0.00312593005372901
0.104236727480126 0.335124752712035 0.00964954706527621 -0.0365783786101787
0.236596620187162 0.218883999941316 -0.0198935588738673 -0.0784606260173794
0.275556608409894 0.169263694388306 -0.0264200091091972 -0.0751620454057964
0.259829198771247 0.203094689627664 -0.00319668581114762 -0.0566769296131737
0.191778656871736 0.371795418515886 0.0192486097360978 -0.0285087036773427
-0.0592502737403875 0.451219440190269 0.00707650182031788 0.0209992316494356
-0.357981627520761 0.294330139485625 -0.0493221496749532 0.0898067573176072
-0.51393353129101 -0.179909000697665 -0.146973113339651 -0.0248193125803884
-0.17312996248741 -0.561060580432687 -0.0619470421438791 -0.163896820536746
0.217194677980352 -0.552860536972179 0.130940745478096 -0.166921658593511
0.246319332573004 -0.446127266974022 -0.235616056498178 0.0513232129739058
-0.0786491536778127 -0.470313697475909 0.0270542262066412 0.0881549882735694
-0.358543327627133 -0.251737321891991 -0.00677880230866895 -0.0411507052650749
-0.349066536090745 0.157923359795837 -0.0642024940384054 -0.0369711285276067
-0.131890286071563 0.361818864352191 -0.0591116823027396 0.0835904301120931
0.100033629740736 0.356546762023029 0.0471161420069584 0.0804693117195799
0.236940185133041 0.239748460698931 0.0687526898876986 0.0164571958808701
0.267435443502204 0.187162847576658 0.0766125328880056 0.00107809538130797
0.247334979590436 0.215509658830421 0.0958697698572278 0.0224528496040002
0.179512184363421 0.363802922219694 0.089956751009526 0.0640990692972328
-0.0604145384264606 0.432091623828313 0.0230867426975269 0.112503960345807
-0.325842573903985 0.279215499128822 -0.0601829503788814 0.135357090306126
-0.475029173912114 -0.141281630302866 -0.125858898433167 0.0323190861156408
-0.191507906281846 -0.513850566756452 -0.0471051684686608 -0.0589737884886266
0.171581511491404 -0.539929614535326 0.0555938992130584 0.00625661203981993
0.19377309292826 -0.415333246379867 -0.324530468031248 0.232123372766825
-0.104538110218627 -0.423441277671232 0.0390666187910557 0.219112756288659
-0.33466607742007 -0.206310495556433 0.0231004602823308 0.00434596962055335
-0.308306974626268 0.143294682813093 -0.0844608200158658 -0.0204151416511695
-0.116565859955272 0.312850206829633 -0.0894461830536141 0.159539494247532
0.0792269011386755 0.312470991385404 0.079785532429082 0.192311206108153
0.197841029457112 0.219588412535505 0.150028330936904 0.112800123538962
0.217423458285531 0.176075614666364 0.168272166629862 0.0767966775666976
0.195222413930514 0.197830652340293 0.178157690908064 0.0938478058817433
0.130091653790659 0.299409069387044 0.143965907979196 0.138868002592654
-0.0632958023704733 0.332666825854993 0.0353617798771323 0.176932204691752
-0.24212906932178 0.194159583054647 -0.0655503980882987 0.151987656115309
-0.33712509387162 -0.0984673693705774 -0.0904950192588995 0.0689462205451473
-0.157147384816275 -0.378367265415128 -0.0250843649635936 0.0258216046986707
0.106589565296054 -0.433953775828118 -0.00396492750658797 0.152960985001814
0.102603601121466 -0.310200837243698 -0.378873485122809 0.391401133064162
-0.107482285717626 -0.285814318510814 0.0445570277278615 0.326960087327449
-0.232160265412927 -0.114374139200582 0.0534839700715224 0.0498187176354604
-0.194577463439678 0.095194563100105 -0.086698183620276 -0.00286663278037648
-0.0801940857589336 0.199520451740678 -0.104837852107237 0.205615305215172
0.0428667182687598 0.210413619252779 0.0994017901488262 0.272447618148882
0.125978307372228 0.162567304013661 0.20824183546246 0.191499983331608
0.13417572171114 0.139861943025875 0.234162481840304 0.13949146071573
0.115584890698677 0.152068498041688 0.227451478591792 0.150255172624446
0.0618020077271945 0.195626395054215 0.16735152599479 0.186242062596035
-0.0632437908848259 0.188773005231157 0.0349922930405971 0.203517907547475
-0.136890841854222 0.0812930741776574 -0.067486102374169 0.135898665564013
-0.158386886925255 -0.0524708477395322 -0.0535142165020759 0.0794131586468295
-0.100431771977073 -0.202923257688422 -0.00797542516241978 0.0763821136809116
0.0286478059889927 -0.271012520692278 -0.042991713178869 0.250274234529826
-0.00532623505239755 -0.145823546787988 -0.385447443726603 0.497404603128562
-0.0859826649509823 -0.0963919983022293 0.0505511487955069 0.393494344641269
-0.0852321420125362 -0.00562278937786071 0.08903211703749 0.0840175370362078
-0.0495327657970083 0.0262378158425194 -0.0657121468400173 0.00489400529029028
-0.0328487980621673 0.0532039675560503 -0.105997101023603 0.209758620529522
-0.00289061213536739 0.0767257832585001 0.0996252086921685 0.305802720252865
0.0301138271126287 0.0814779113031723 0.234680871743511 0.23916075621809
0.0302865739467218 0.0830971440031496 0.263792038776496 0.181093584939126
0.0251072511425093 0.0854283153814055 0.240843406997642 0.186574677474642
-0.00513629271702844 0.0743372359309718 0.159876193742946 0.20930067294268
-0.0507389120078281 0.0414619072672423 0.0243998415346969 0.198890402785691
-0.0307487598466199 -0.0130889858838528 -0.0636474218815643 0.0999728000044624
-0.00232838506121777 0.00283590886131906 -0.0206611305350342 0.0764573718057355
-0.0559436986509813 -0.0275216498902476 -0.00074068527435187 0.101208977580638
-0.0505310659136486 -0.0935304463807532 -0.0622138503252971 0.29341312132863
0.0962307867467766 -0.0606881871554945 0.0226928885657722 -0.378060804236233
0.00703040145797979 -0.115134765599005 -0.0747130189887437 -0.15159921599543
-0.097555406241599 -0.0550282482665355 -0.0250816344896944 -0.0542829619088092
-0.0602937551357729 0.0756384442290903 0.0477587514039021 -0.0532749269892177
0.0216023937423727 0.0875932025900275 0.0054206785656499 -0.180395561108594
0.0651983627449818 0.0383252007799543 -0.155622281487752 -0.228768296758217
0.0682148482174229 -0.011001108822993 -0.268765036147151 -0.192658651545995
0.0735320454428125 -0.0250461363873913 -0.291436344322866 -0.166442133377962
0.0723857148286288 -0.0088149021591099 -0.273375690810108 -0.20070441365391
0.0768680696132034 0.064413355321958 -0.162750850379495 -0.251029004925639
0.0210186031189599 0.1083012318985 0.00550358880229805 -0.219641115530874
-0.0881750884373589 0.0763474533391341 0.044736020149917 -0.0513297095093127
-0.125091485249091 -0.079432629674987 -0.103576290678448 -0.107460283239981
0.0319370247852287 -0.14896689668523 -0.0776599493924168 -0.321252115449902
0.122406529864785 -0.0820222537549013 0.275276687942322 -0.55787435189604
0.148419631855171 -0.221366374776178 -0.0121991912519336 -0.321153438849295
-0.0208709215463875 -0.235020917562079 -0.0507000411756456 -0.14433832904376
-0.182472388974306 -0.112499646510846 -0.0455302969048537 -0.0609086899999796
-0.146743444159802 0.11559832148021 0.0241901537752457 -0.0357923279255238
-0.00926318154290726 0.19607887120077 0.0171743256331778 -0.136454602902062
0.109759166382639 0.152781949134956 -0.107679169486545 -0.205790735796194
0.162704163029605 0.0673269281475679 -0.217766589672998 -0.188651083357848
0.184595842309124 0.0378967119236403 -0.240172577761852 -0.158307722728366
0.18029603331412 0.0684442272064655 -0.218398125633893 -0.174581876529159
0.157427377334942 0.197880026553711 -0.128505346532784 -0.201190504408008
0.0050559185093599 0.273136199933864 -0.00646287637878771 -0.164056863187967
-0.214496060929894 0.187018505250899 0.0127601909262971 -0.0133348202814374
-0.321988117668101 -0.126582929221517 -0.139584186170474 -0.095205062329211
-0.0677510842367506 -0.355939073384173 -0.096311705374146 -0.311597768437207
0.163677583528265 -0.319714596785534 0.23786088866662 -0.499478106915598
0.189259335117595 -0.363728893298492 -0.0710894372999887 -0.21560613782203
-0.0540860089665113 -0.351073366798294 -0.0191199070307465 -0.107057225791431
-0.270197862855502 -0.169487065993302 -0.0466408831019365 -0.0696245471016884
-0.235048168748962 0.151042139631992 -0.00459165695214203 -0.0359011987732001
-0.0452248292263877 0.294369997895755 0.00811522355448734 -0.0806675068827477
0.140517610881645 0.258129553153815 -0.0551368994827265 -0.147515446205732
0.234881053136741 0.140514990057864 -0.138005801262441 -0.152514908717169
0.268406543873272 0.0946989694992491 -0.151898672275099 -0.126722270394773
0.26053608110381 0.131747236797167 -0.125268299445903 -0.125497213471164
0.221251704298926 0.299665314166791 -0.064974355363491 -0.125780181872409
0.00149612950004576 0.405846514097643 -0.00436096238303887 -0.0826565945252827
-0.300935458609504 0.289429138122749 -0.0110195587185058 0.039185952176268
-0.482756536216001 -0.132064750114759 -0.157910947360584 -0.0530354227157904
-0.178272670560706 -0.500658349018871 -0.108072451740929 -0.251636254457697
0.168992983328389 -0.506894779466319 0.178190822828856 -0.373203609763195
0.206990021251721 -0.470701618742806 -0.14710728459663 -0.0583324175169747
-0.101251102857795 -0.446810793980999 0.0184036277982919 -0.0239567047927647
-0.359150110843216 -0.209845888606351 -0.0251467892893015 -0.0637941486064105
-0.312132605518485 0.188030194737328 -0.0336686309057367 -0.04027236705709
-0.0743773155686322 0.369690678943979 -0.0145070509853262 -0.00666287631032136
0.158404763037122 0.333773269629425 0.000346678606402014 -0.0550000223129275
0.276801726213177 0.195952068727484 -0.0373042443199517 -0.0871396719447171
0.310303057708907 0.135995862481597 -0.0409390775838936 -0.0749075771675435
0.298855778022879 0.172591327768144 -0.0121236600013855 -0.0625108200771347
0.253080254532038 0.353440131819308 0.0196175811213167 -0.0371423688582593
0.00611498521000793 0.472905736783265 0.0156446092583134 0.0151221067809365
-0.330146554448738 0.35051039636539 -0.0245962095173308 0.0988828127228631
-0.557062596505993 -0.106692143486182 -0.150171039579895 0.00635968137715231
-0.258406410184062 -0.552841600235056 -0.0990586348708801 -0.153495832926656
0.144320859062588 -0.601330375103097 0.113590532396157 -0.195959208550792
0.190850473613589 -0.515033848814374 -0.225821022218233 0.136276448446056
-0.147473458162117 -0.485847823050892 0.0567667022918687 0.0998481071316198
-0.410662139449514 -0.212002928051355 0.0105024343283287 -0.037772964162064
-0.343966874451667 0.208902695648385 -0.0615514322315228 -0.0327313200239445
-0.0878688463522641 0.392071236333088 -0.03931644855029 0.0821619884533412
0.154415694589835 0.357925359460778 0.0583287728382842 0.0602768990076386
0.278967950641262 0.218594549237813 0.0727648004191137 -0.00201067104100888
0.30404132717109 0.156844082404517 0.0770135561925639 -0.0112259951008172
0.287786069650714 0.187984051656081 0.103136322343312 0.00516579400733061
0.238766703567593 0.34852172885376 0.106740227429488 0.0488639927257111
0.00327550596887824 0.454373439915572 0.0445725758019092 0.108278546881483
-0.298234550506046 0.330514906893463 -0.0303252649925778 0.146777327528597
-0.510746204707442 -0.0735980423384429 -0.119005023959286 0.0605331711510328
-0.272849297915639 -0.500444232928802 -0.0665281696827879 -0.046179782443872
0.0986818507401525 -0.580002691089442 0.0580410051277093 -0.00429097802111687
0.137677333111319 -0.475670772332453 -0.289594822505062 0.336761035227923
-0.16742225363856 -0.431977887791219 0.0890470533856268 0.233331975638121
-0.378224580131681 -0.168732261324702 0.046890898046043 0.00137041954960001
-0.30061622017492 0.187355633711916 -0.0822982900517878 -0.0132103244176381
-0.0804791178886234 0.33869558207179 -0.0589931236816953 0.168215552495479
0.126563401706151 0.314932906056003 0.110804201772549 0.174539681832774
0.236338379236525 0.202022987612146 0.174334916987418 0.0874468755517521
0.250167753178577 0.154065717209075 0.183365229060478 0.0525924999914895
0.230774788611465 0.17695006960539 0.199668764295142 0.068275847730072
0.177365433060931 0.290556851457755 0.173007080532379 0.118536649451076
-0.016003280823975 0.352528009203666 0.0664793361360465 0.174333820373115
-0.224669577097498 0.230412875388009 -0.0365179074558242 0.165417646110648
-0.36019708455476 -0.0515080040706847 -0.0777777162357143 0.0891804416062141
-0.215501185139058 -0.367174404052225 -0.0288209805305233 0.0372590300079201
0.0495576548921991 -0.460783548449843 0.0154263932409112 0.159076764388548
0.0591005588840611 -0.349624360605269 -0.322840528440515 0.500786791713294
-0.150830255300879 -0.287615393197266 0.108160499281246 0.341634863986087
-0.25809088409454 -0.0875657216422639 0.0782824652669968 0.0417787055577528
-0.19021975956219 0.121805429552022 -0.0857264265015778 0.00766164554399724
-0.059119253889954 0.215060684807432 -0.0709766077829515 0.224887518341625
0.0735891327337862 0.213906859263575 0.14600713613096 0.260390175952317
0.152701384255645 0.153827343920404 0.250816738286254 0.163449137717803
0.158097965564154 0.128538407737115 0.261432692746899 0.108956570734285
0.142079880627866 0.142572339673026 0.260042360333761 0.120619504705727
0.0894994094607518 0.194573681326412 0.202873791621718 0.165638824685752
-0.0395525579209933 0.204179934488032 0.0690824943372524 0.203084185059702
-0.131569466196349 0.0993882070279779 -0.0448933025605497 0.150104547054955
-0.168614435592372 -0.031900448331107 -0.0384877813647287 0.0910358663965694
-0.129270227437609 -0.193620298127121 -0.000498579427670834 0.0855601151870896
-0.00561327299905587 -0.281087230212753 -0.0122974808715216 0.267133426315985
-0.0295443310257155 -0.158162508014814 -0.315120886676944 0.597176305819
-0.104132288244222 -0.0908568191838481 0.118668820617193 0.404695703676221
-0.0886567917215382 0.00547901826532772 0.110074323830163 0.0697534624209272
-0.049110844766822 0.0318886923833264 -0.0692003523825945 0.0141000290146075
-0.030147220893115 0.0579335172842982 -0.0741131260233957 0.235623990399615
0.0060099766841638 0.080870806848643 0.154504628357074 0.302385685284693
0.0423164774511366 0.0829029668837632 0.288416501380601 0.212330124906852
0.0426968439023544 0.0844052279221649 0.29937571745257 0.148168486106504
0.0382781958657966 0.0864627903106937 0.278712170976661 0.158226189469149
0.00241666144877794 0.0783634495670195 0.19676583255472 0.190977456273278
-0.0495086259917479 0.0511344721831859 0.0551283778110003 0.200854272435555
-0.0357674352098055 -0.0118846180863844 -0.0496708132390294 0.112387658296057
-0.000156586331389597 -3.57734365275988E-05 -0.00610652474265974 0.0794763098163482
-0.057771182280319 -0.0199917122251427 0.014627426008093 0.108392247735286
-0.0604291358971823 -0.0863306113167549 -0.0263367106150984 0.315583334577609
0.0906927473880834 -0.0700741395599122 -0.00335545697300613 -0.388722246428076
-0.00423484883264834 -0.115158532416504 -0.0871418199291385 -0.152666779744952
-0.104036721713405 -0.045395668855511 -0.0329617308718662 -0.0507226752604781
-0.0533079303224532 0.0813303030472627 0.0438876296557755 -0.0543320308268689
0.0302568449679913 0.0869507585890339 -0.00638136326560315 -0.180522743228629
0.0683766036860387 0.0322036155385948 -0.174082312833558 -0.219374881066518
0.067754445098479 -0.0180217349702085 -0.285133734954542 -0.174740870105122
0.0711241750803553 -0.031890646409786 -0.308629058562201 -0.146741886431786
0.0719626802995347 -0.0134143506401341 -0.292894481064558 -0.184082079931105
0.0844729785176563 0.0587310315938566 -0.184371676789671 -0.243579914324827
0.0309301063963494 0.106854925506195 -0.00992950759365581 -0.224580040985367
-0.0828916028372566 0.0838806899924885 0.0451784887748553 -0.0563261756018352
-0.134535298924266 -0.0694292620553859 -0.110593048564652 -0.0984579617764009
0.0191785262879729 -0.154332305118722 -0.0980770780126856 -0.31681085975499
0.116686397061214 -0.0951364291538224 0.240227248643559 -0.585278761633684
0.131815465979066 -0.236597712776084 -0.0347276753024988 -0.328394482062947
-0.0410740230351083 -0.235462979671968 -0.0616396587225064 -0.147690677542706
-0.194233426025171 -0.0977783318221931 -0.0544714226528368 -0.0558540624415338
-0.13790102887153 0.128300721006045 0.0212970350811986 -0.0342651223229522
0.00787881981935145 0.199641217181165 0.00989093167367959 -0.137290122637927
0.123224986140108 0.144860810621218 -0.123911332877985 -0.199991619276723
0.169078413926538 0.0538114949776564 -0.233207537815935 -0.173965252262108
0.188969563646415 0.0235492075634068 -0.255339939526072 -0.143382028686251
0.187037060309687 0.0573713561932129 -0.235011832456472 -0.162255882250845
0.175655084776318 0.187839689924162 -0.145481448249669 -0.196206838722164
0.0277285126686772 0.275382837444147 -0.0176790004809427 -0.165920615667456
-0.202884730839888 0.204993148525176 0.0166497143118882 -0.0159085154901058
-0.337335392480999 -0.102813987052125 -0.145870470951126 -0.0844443252449137
-0.0977173575686415 -0.355986921377291 -0.116536776656833 -0.306485760370637
0.14267510713206 -0.339616641631294 0.204228513184558 -0.525707296410639
0.164443555652879 -0.383820308513749 -0.0858242574813287 -0.216192858773799
-0.0829893883181404 -0.351529392504963 -0.0266848670044688 -0.113218870776161
-0.286771738264144 -0.14955434596772 -0.0561477701137245 -0.0647410741884313
-0.225299840001602 0.170997648405316 -0.00870308254621597 -0.0324149481267046
-0.0218572461006968 0.301752959145908 0.00590876979146054 -0.0791228733942775
0.163503132182276 0.25062147731978 -0.0654732035578117 -0.14568021771032
0.248999986017818 0.123386317074251 -0.150324437164357 -0.143044052953092
0.27848243231176 0.0753987192310512 -0.164041757142013 -0.117889962671012
0.273900704609927 0.115037959848927 -0.137051308470439 -0.12059280533096
0.249841401796456 0.286544050230635 -0.0749462956444876 -0.124844359138695
0.0342858789332389 0.411729192058423 -0.00894213105015724 -0.0829108371742556
-0.283314846421824 0.315390386744626 -0.0030047736479352 0.0383977277531338
-0.500439626237543 -0.0967339945898845 -0.160600994679798 -0.0412724035266521
-0.22016445794877 -0.495481413567119 -0.125066638168473 -0.244931010202896
0.134237624367873 -0.529876477698436 0.152657006672508 -0.393409437803986
0.173840651178879 -0.494608616099934 -0.150709692060918 -0.0497699933482179
-0.137312809452612 -0.446175293422757 0.0163564697446791 -0.0319748319184178
-0.379668338135143 -0.185480489579932 -0.0332574157492332 -0.0606946468651909
-0.301653965527101 0.214738762695567 -0.038932046694478 -0.0333944607694077
-0.0462048736920974 0.382207739080368 -0.0101471512662773 -0.00226068003116986
0.187086781444323 0.326445523260495 -0.000788987888322166 -0.0564205789125006
0.296465926991625 0.175924267865584 -0.0438514963519458 -0.0839585881069595
0.3245446739836 0.114215687060643 -0.0475035156321631 -0.073688843024234
0.316560547486866 0.153366039347885 -0.0168987272600864 -0.0650533118819628
0.286404329055441 0.337290149723637 0.0171957555727675 -0.0413770722660697
0.0458899436037025 0.479978016282002 0.0186715412481754 0.0147148256623352
-0.307821007624053 0.379737527996572 -0.0124211558732228 0.0988136187134646
-0.574842627356759 -0.0655571708244392 -0.147658186266779 0.0165758519065402
-0.306492414561914 -0.541225019623243 -0.108262527718598 -0.146608125373015
0.100375808976114 -0.622206829980874 0.0998575705732724 -0.208284147813958
0.15471254666434 -0.538656689554138 -0.216273664955663 0.154733145111953
-0.184949553450565 -0.48305363491545 0.0646939965030232 0.0905567730716782
-0.431866755450044 -0.185271499310455 0.00490309727770849 -0.0378643054592131
-0.332888405413373 0.236591949361043 -0.0676741450724928 -0.0242851662126166
-0.0579075326845714 0.40560091751616 -0.0292976035597031 0.0902518544692135
0.186778170992389 0.352128314427393 0.0675966378637573 0.0562163984399321
0.301279319040695 0.198822131097742 0.0737864829909011 -0.00562081824604041
0.319716867187965 0.135953126023586 0.0772135858268963 -0.0183391981289027
0.306982450417394 0.169110802338086 0.104946945593904 -0.00506366558973038
0.269923205252599 0.334905661265376 0.112272105727922 0.0381889113994335
0.0404855474692885 0.46232702711732 0.0552238300281488 0.106490532893108
-0.278275803194589 0.356065649611648 -0.0149082788390022 0.148122616572381
-0.523287219520805 -0.0361990538690063 -0.111364854436075 0.0677314612877432
-0.314578761880191 -0.48729044917815 -0.0679389915320848 -0.040958840586213
0.0581747251938973 -0.596790469425343 0.0564330902391506 -0.00892022120888331
0.106942951670557 -0.493593754087555 -0.26685186770674 0.362799551959906
-0.201224327223351 -0.427942815961109 0.106917947232519 0.224908815277115
-0.394471585044029 -0.144295708631872 0.0451686527320573 -0.0020001589834698
-0.292615982431142 0.211402552827842 -0.0879031265679835 -0.0037632427895009
-0.0563952724741266 0.349862178763573 -0.044170427509296 0.178739897730143
0.154234576701401 0.310861308022473 0.130394228828998 0.16863065146395
0.256561893983103 0.187249554122741 0.184070603716412 0.0773222700750834
0.266213481153755 0.137560877476917 0.189885884435559 0.039888627002391
0.248788091580564 0.162634686987699 0.207224354339995 0.0514912687611243
0.202949881979157 0.280306518021655 0.184403522231838 0.103591637073702
0.0125387678455113 0.359244991720974 0.0812592779815333 0.170811004070311
-0.210944895072459 0.249053870633577 -0.021162522811607 0.166992654422462
-0.367876859936364 -0.0265072497249187 -0.067353755692519 0.0927515073371608
-0.245877864384756 -0.355102034933774 -0.024002310636208 0.0411233032076638
0.0174383207559704 -0.470839602771138 0.0257311905553838 0.160584906005968
0.0359101564853078 -0.358906147459457 -0.288764202239061 0.534015932110194
-0.171557395722653 -0.28073181348521 0.133852607109098 0.33505871941519
-0.265650047759636 -0.0715044813619355 0.0807216891175841 0.0356683603979933
-0.184954297351321 0.136143162025874 -0.0900507635913893 0.0159553578575997
-0.0438501968215785 0.222213403149908 -0.0533265618022204 0.236151842951751
0.0921810753390121 0.213218962464063 0.170914840101593 0.253172357622311
0.16781171694522 0.144676720112874 0.267471439898774 0.147806729601266
0.170961842915691 0.119410246860028 0.273486911417059 0.0906623646605332
0.155444571300791 0.133669725476583 0.271703325273924 0.100458327295834
0.106176014941736 0.191010814461433 0.217559309734537 0.149062916259296
-0.02362374039219 0.211799157162819 0.0853332408288006 0.198310829619345
-0.127442260717062 0.109014560565574 -0.0317439612700661 0.151699044848071
-0.171954333847669 -0.022979713782386 -0.0285504257573299 0.090901000128661
-0.144412702459907 -0.186343488563666 0.00740158499587463 0.0877571912247322
-0.0234251092072026 -0.28340463633108 0.00633936386903626 0.272279980681706
-0.0394085432916342 -0.157089734245509 -0.275990981451689 0.630638071317375
-0.108342149105947 -0.0841892479365547 0.148930205052431 0.400265099336751
-0.0871941253162058 0.0103097213285569 0.114662631897699 0.0606292625319367
-0.0481829288578755 0.0348151825469695 -0.0734278285424591 0.0194634562900523
-0.0271443973223386 0.0607755374121531 -0.0577972120083874 0.247865750957577
0.0126608536132362 0.0831393149734813 0.183053081139564 0.295697364316664
0.0501226010099368 0.0817122814886253 0.309684998461224 0.194293071696324
0.0514178444751815 0.0838242970705265 0.315009732441754 0.127862721203055
0.046291417587278 0.0855502932970795 0.294263277071556 0.138005283071712
0.00758134589538783 0.0806756251009018 0.212528313939693 0.175846971024902
-0.0466646993282178 0.0578145823157911 0.0700969054339086 0.196159704916002
-0.0390270738975366 -0.0108899255093009 -0.0410359415130743 0.114849483641753
0.00136508985906803 -0.00407963560921637 0.00313967833452553 0.0771757195539306
-0.0564185561361218 -0.0159305297137928 0.0229150818654259 0.109450270629306
-0.0640890288959957 -0.0805073285175873 -0.00458996663714038 0.322989425189053
0.081515053202262 -0.0750658904017144 -0.0288852746117668 -0.376928506865896
-0.0143530150222453 -0.108781426958795 -0.0955992055924179 -0.145318083648752
-0.104397021006934 -0.0338105290166375 -0.0379932806245833 -0.0441448728963968
-0.0438379310671354 0.0822757101615933 0.0386504763435651 -0.0522700297068617
0.0367893184068233 0.0812689665134935 -0.0169479652006416 -0.171739237041098
0.0672090773195287 0.0250099218767685 -0.18298437820749 -0.198509946519907
0.0625318174969391 -0.0235754111418038 -0.286196374184817 -0.150110054250443
0.0652578474961969 -0.0355494992164799 -0.307976798011066 -0.122398085059329
0.0676520918200799 -0.0169643202674893 -0.296374318194145 -0.158671168319513
0.0866403583181634 0.0501976223240585 -0.194470113733944 -0.223814665945827
0.0383510216085879 0.0997823915321315 -0.0241061176186694 -0.217791797824976
-0.0737751671472869 0.0865569912513159 0.0437023256254162 -0.0586257133250029
-0.134914282985802 -0.0557380590713757 -0.111220408990367 -0.08560753991599
0.00609079819654777 -0.150198885612369 -0.1103210083849 -0.297232821154033
0.10484304541664 -0.101425436216192 0.194368062381061 -0.582899254770004
0.109900789784905 -0.237927311986913 -0.0538281556093889 -0.317889545360124
-0.0574692045121526 -0.223288373449045 -0.0705822746449734 -0.14354098026664
-0.194515225010661 -0.0789120697538784 -0.0586335467345788 -0.0470173739272049
-0.122350501421212 0.132831204014119 0.018344981302239 -0.0312753976014106
0.0232080664816657 0.191651610559574 0.00282709578284032 -0.130845618421749
0.12902391016648 0.130896629259048 -0.132082998582782 -0.18464184087502
0.166033933069033 0.0388828814943652 -0.236179974905873 -0.152686556704074
0.182563132234643 0.0103692005535589 -0.256963249046661 -0.122160164549281
0.184468899836205 0.0439060981301625 -0.237933100701616 -0.142420394372714
0.184026987111987 0.169444580227119 -0.152818526502687 -0.181041294319803
0.046698071311534 0.26295912063077 -0.0270895436358086 -0.159528449375646
-0.181778752601207 0.210382250122046 0.0193334414558607 -0.0186409155990753
-0.332503445544438 -0.075118100772526 -0.143385129569979 -0.0696535294264437
-0.120091461504078 -0.33767975730681 -0.12781421381497 -0.285497542503414
0.114612570080597 -0.340078259951192 0.163396846929304 -0.521279282757339
0.131338448143412 -0.382708510484121 -0.0947255701824441 -0.206067713107893
-0.105041146005455 -0.332584087704222 -0.0350151166774613 -0.113712928042108
-0.286491559856362 -0.123710975243429 -0.0604208144939468 -0.0555641845383198
-0.205619485798459 0.179283499837906 -0.0105942016102097 -0.0263790773379183
0.0018093032096656 0.29317318964256 0.00493802996344696 -0.0751313481661559
0.176109690516718 0.22943734436045 -0.0710793634655913 -0.136727782297355
0.248267029133972 0.10063158522971 -0.154353039326302 -0.127608476622222
0.272071944397729 0.0540899173869095 -0.166928657275516 -0.103784334685471
0.273095211358313 0.0933747517544193 -0.141128169805292 -0.109243072918159
0.262004375059599 0.259505728242626 -0.0805292451280764 -0.117978714128729
0.0636673901287303 0.394706568643385 -0.0124674628386628 -0.0795257888957862
-0.252285674713164 0.323013501489432 0.00357437037001616 0.0345142252249833
-0.490367119686471 -0.059348988212326 -0.154680835143974 -0.0293506873423881
-0.248067936962659 -0.465264437985616 -0.132327460264288 -0.227277764898363
0.0945502656786394 -0.523177540348085 0.119455561372933 -0.39106560848955
0.133418428790632 -0.489773251229549 -0.146367778321249 -0.0405684428472087
-0.162100285637293 -0.422243739629105 0.0121991826690392 -0.0388091180749343
-0.378103426210938 -0.153061107374 -0.0385292854893294 -0.0541302729558559
-0.277052867559796 0.225104595071423 -0.0413363271425935 -0.0255392260032622
-0.0165589737872393 0.37217956813498 -0.00465783625760646 0.00061513490184336
0.205957017195601 0.302111124893152 -0.00193629099640656 -0.0555336415636442
0.298825979279709 0.148499575565461 -0.0472393540802474 -0.076975467747551
0.321010582164838 0.0886975695254868 -0.0508146998003095 -0.0691087116902206
0.316684842208478 0.126613473151104 -0.021379928321194 -0.0636698055285604
0.302197254411522 0.30615166336334 0.0137843975609998 -0.0441218173021911
0.0797557263556229 0.461730773069122 0.0209575115504237 0.0134720002403552
-0.272020074241036 0.386032507400941 -0.00133606424970103 0.0926494525229131
-0.557992416921068 -0.024403872789262 -0.137774546676121 0.0242605277541508
-0.333355073824087 -0.50131969067282 -0.110530554447583 -0.133377181464802
0.0575777279268808 -0.609732708142895 0.0802815116778705 -0.208301156707715
0.111608517031677 -0.529887375540932 -0.195319642730319 0.162325888653047
-0.209782538379765 -0.454679184093477 0.0668570698878102 0.0764317417757726
-0.427871686825772 -0.15188416265069 -0.000281252032294064 -0.035599303950145
-0.306845831468791 0.249479672784297 -0.0688107263305478 -0.0151001877676025
-0.0264643772223672 0.396538619726987 -0.0168958953945186 0.0915900696730942
0.205893989046637 0.328165960259113 0.0732631574012547 0.0484239644780969
0.306119121708231 0.171246819883481 0.0720499152721433 -0.00928401589351119
0.317907451219402 0.110099519105 0.0727455725528269 -0.023959209323931
0.309046440260831 0.143277003176596 0.100419188421182 -0.0139605652851583
0.285872473055585 0.304571665950136 0.110875770073957 0.0256594198010653
0.0739066061693895 0.443103570890377 0.0621868788344432 0.0994559578182874
-0.24554555361302 0.361181201432232 -0.00118395678944332 0.140208053559243
-0.506794867071513 -0.000651461741394148 -0.0992911405837331 0.0697135825102885
-0.33771987454531 -0.447510111370603 -0.064773952797495 -0.034250947119356
0.0176233099160621 -0.581715308679967 0.0528199393075912 -0.0132556969795798
0.0696021468965555 -0.482332761733146 -0.230302433818741 0.367641063355509
-0.219759523815245 -0.399262775896186 0.11712071523815 0.204870798928072
-0.388095164897076 -0.11450626500572 0.0420601746041547 -0.00463064621158132
-0.269731957568709 0.221811954584629 -0.0877983377765562 0.00576580680012424
-0.0293369470023393 0.343347880711538 -0.0268846716305847 0.178369229994381
0.171778482363483 0.290820763013298 0.140783889436664 0.152097955201861
0.261463166408303 0.162687472358538 0.184144311643823 0.0633357630373476
0.266576594284772 0.115000848681594 0.186434679628631 0.0249653468405591
0.251602752759952 0.140446632936325 0.203078286515492 0.0334866359441136
0.215982421325765 0.257413666217732 0.183843955848606 0.0841818509973208
0.0390760134437538 0.346758095026673 0.0918602675927856 0.158674133168408
-0.188065570633137 0.254119783941094 -0.00588822457526471 0.159308543626523
-0.355019919488042 -0.00273646544611035 -0.0556829338351896 0.0897049681721191
-0.261626714186205 -0.325022874813797 -0.0174412843552316 0.041114207531671
-0.0112312226761764 -0.456878879195943 0.0341594082433518 0.153313190088961
0.0124552157728219 -0.347268994217131 -0.242193391327123 0.534324665459165
-0.181024814592993 -0.260635367900907 0.15064169576869 0.311370339022276
-0.258231463392928 -0.0539986803042563 0.0786099631645031 0.0279467630892264
-0.170522987863774 0.142743603712826 -0.0896899583425821 0.0238827316059395
-0.0279547349807262 0.218675892055661 -0.0329802148551183 0.234107639279612
0.104716289291368 0.201073833300314 0.186496513813873 0.232307292664717
0.173364073329661 0.129391653197569 0.269652148683336 0.126296792792125
0.174073635655619 0.104234597584517 0.270170107344978 0.0691466047790775
0.16025490443351 0.118841252861491 0.268509095140286 0.0774993220213693
0.115831540169429 0.177639503181895 0.218116431293921 0.125887293136465
-0.00686647895077128 0.207597212095712 0.09635172329862 0.183729895938881
-0.117393680457417 0.113294479544051 -0.0185772794593677 0.145540170202266
-0.166821151082273 -0.0141254768435399 -0.0183388146615549 0.0852491462673209
-0.14970841086338 -0.169396471169928 0.0147635827221845 0.083665216644311
-0.0375460012342214 -0.271481114166025 0.0224783815930584 0.262309662213183
-0.046520250946804 -0.147660831972424 -0.22439641189909 0.629150337823063
-0.107192117774774 -0.074960225744969 0.168951740590841 0.375271974655493
-0.0811426940971365 0.0136482533023711 0.112600547117454 0.0489943945249469
-0.0454857127883182 0.0365096733670715 -0.073432659933926 0.0245725293107444
-0.0230458213055718 0.0612568930934694 -0.0383636923587721 0.245452404904853
0.0194113377803138 0.0807221221228074 0.200134090930627 0.274186519558253
0.0557196483928246 0.0767411699779573 0.312888812402877 0.168845822618074
0.056367510552701 0.0783105195595754 0.312448709036544 0.103541085191946
0.050613298224092 0.0799177036219525 0.292924124126416 0.113359717795639
0.0121139038212764 0.0782527001739334 0.214802997017465 0.153277006661706
-0.0416027627896447 0.0609971375690912 0.0801135877259534 0.181538869481925
-0.0409552093757042 -0.00753710049606024 -0.0309979106220257 0.110642302357988
0.00193352274145887 -0.00793834786606368 0.0109143966620117 0.0696398783423009
-0.0523187414391141 -0.0114009520888615 0.0308733122624862 0.104620114962112
-0.0624737442098485 -0.0722030350129712 0.0147620279133572 0.313155487868656
0.0727524687948453 -0.0734855856060333 -0.0360717619582926 -0.357806917393157
-0.0183576865640204 -0.10002633912268 -0.0959762306493146 -0.13780356029064
-0.0996849523377143 -0.0262198782799726 -0.0392830976293883 -0.0380253092778159
-0.0370808138153954 0.0790895678345132 0.0350046295043724 -0.0476175334646859
0.038500082548388 0.074788141652496 -0.0191640010891437 -0.159731580155294
0.0634659327345667 0.0209200468040707 -0.178146370763546 -0.181119413542624
0.0569630286770961 -0.0248288945247126 -0.273581219869684 -0.13446593371977
0.0598930956593166 -0.0355773227696129 -0.294420552779001 -0.109323450218826
0.0634613791586281 -0.0172593849354911 -0.285151562002554 -0.142920931090756
0.0836643892406745 0.044214398736665 -0.190229771395329 -0.207496087737925
0.0394571498483091 0.0917360766658119 -0.0283311408278766 -0.20604517578112
-0.0669171946864433 0.0836490385628192 0.0425805862297121 -0.0584177195218711
-0.129462783204951 -0.0469496254800719 -0.10429398421765 -0.0760070166550839
7.03735574960219E-05 -0.141986630821929 -0.106427158547893 -0.275944192942542
0.0941253128509027 -0.100308357402747 0.169263673449546 -0.55382132849938
0.0950910847184202 -0.227759033852223 -0.058095271587724 -0.300820049979709
-0.06185619423653 -0.207217357390355 -0.0730403447796712 -0.138546215617821
-0.185393409192416 -0.0666982603969587 -0.0584147163573121 -0.0400570520783509
-0.110582544037948 0.127974577387458 0.0167714267496564 -0.0265965397213422
0.0286386856382532 0.180023298056043 0.0017761015484651 -0.121751084625745
0.125661262282339 0.119187695387721 -0.129201289477636 -0.170929668018272
0.156548828341882 0.0307736221272873 -0.226379883426835 -0.138268707769647
0.171752317112083 0.00474476748847313 -0.246180669971943 -0.110184289633427
0.175809138349452 0.0375712254914857 -0.22899084492663 -0.13004800591966
0.179899111003597 0.154069443550067 -0.149614253528089 -0.168765125093622
0.051874952988601 0.246116573854763 -0.0287235006522577 -0.150634257032458
-0.166462855254537 0.202320436271539 0.0211209507458716 -0.0204740754526193
-0.31570279435547 -0.0614641381345404 -0.134022224425952 -0.0618403369828071
-0.123859039749228 -0.316069677302877 -0.123823313753788 -0.265840180592456
0.0985869736045759 -0.326725778466979 0.13952034388319 -0.499543941009805
0.110062772274405 -0.365156393907288 -0.0930185533484633 -0.193961770448062
-0.109505772646728 -0.309945675112022 -0.0380059320524102 -0.111983864631501
-0.273084919788594 -0.107989120238332 -0.0607136387517217 -0.0480023343964976
-0.188241283361529 0.174515082631206 -0.0108649500524933 -0.0208556798169992
0.0125832117522287 0.27679864015571 0.00628431301517997 -0.0691537315689775
0.174317102870797 0.211008583092872 -0.0697177102684813 -0.128206185675546
0.236779630319725 0.0867936369055934 -0.148315795065423 -0.116187597219799
0.257475146258454 0.0437235068887372 -0.160278155119889 -0.0949647218819252
0.260493350223886 0.0822035156004652 -0.13679400630758 -0.100951263433331
0.255844202634952 0.237593089876312 -0.0793958946852365 -0.111457624308765
0.0736467494417108 0.368800743337417 -0.0124528681874033 -0.074293774277139
-0.230484893040252 0.311031734840863 0.00813166098763101 0.0290745138727124
-0.462733201072011 -0.0426308563331759 -0.143288314868171 -0.0239800967639223
-0.246436674011191 -0.431224952636293 -0.126592949426183 -0.21038574874576
0.076597908007702 -0.49929206832453 0.10030143515961 -0.372878793672276
0.11052815863107 -0.464470484964312 -0.136422552053195 -0.0373689773734276
-0.164580591045037 -0.393220018520128 0.00779794969225965 -0.0432390738673564
-0.360678891569915 -0.134108716080531 -0.0400881734445813 -0.0471121438404091
-0.255373478889829 0.219634661266184 -0.0402185170655258 -0.0192266864744903
-0.00342959008270441 0.351993317471232 -0.000671667655438892 0.00187724182185279
0.204769439795799 0.280277881890474 -0.000763924383626386 -0.0542622354848316
0.286043518172249 0.130765735421634 -0.0456851776988339 -0.0713685686338107
0.304022729869699 0.075286497799144 -0.0508222886551401 -0.0651426356383722
0.303659181069245 0.112431505538125 -0.0228501385596459 -0.0618178421352975
0.295223835718813 0.2802745092065 0.0116983347702717 -0.0445302041742305
0.0902626170632234 0.432863637664226 0.0215401473514692 0.0127198857275954
-0.247947498317732 0.371327510144724 0.00427236912290358 0.0839397925449978
-0.527984163725527 -0.00765890666604999 -0.126038548909436 0.024700157137479
-0.329728205786449 -0.464011729874546 -0.10385745435473 -0.123260278534955
0.038640911835677 -0.580506122640891 0.0677095941139259 -0.199476977813757
0.0910826377532867 -0.502169451600502 -0.17742874544918 0.156186052551703
-0.209483735121937 -0.424570034259356 0.0630450765463133 0.0644059873211405
-0.407074921001411 -0.133275173919061 -0.00308947842089679 -0.0319638399973712
-0.284119003336207 0.242870030899113 -0.0672771594388293 -0.00900869793829251
-0.0134033681957978 0.376895604219452 -0.00888482370266858 0.0884146289490783
0.205863853441454 0.302562233721505 0.073618732927259 0.0417829020934869
0.293743812847963 0.152294283574649 0.0687047360274209 -0.0102166906288736
0.303081386577896 0.0955144259792395 0.0680295758707493 -0.0250251273698139
0.296041403511827 0.127014377554148 0.0944553279051211 -0.0183539519091003
0.280164084643684 0.279192058470643 0.104799804686439 0.0187117418729758
0.0856855847446781 0.416137062622251 0.0634946204017374 0.0919171081826833
-0.222224692152429 0.347553396700588 0.00536928588480399 0.128311080481038
-0.478197572775392 0.0120865607428618 -0.088542076725291 0.0641154189340957
-0.330241956255109 -0.412834032588511 -0.0595801499575577 -0.0314408785278117
0.00376241015975432 -0.551976888066472 0.0466625100260233 -0.0132792146701055
0.0530333784218954 -0.455121008761598 -0.205761137755235 0.351506831544278
-0.216258771330299 -0.372646473400368 0.113854060279541 0.184525385608695
-0.367899434568384 -0.100464773483801 0.0374721394244429 -0.00521431526796235
-0.250002599200813 0.215833830192861 -0.0853079690829528 0.0106990610993783
-0.0177850615370614 0.325196114334065 -0.0167409980734843 0.170657882400615
0.172684991452631 0.270916054166492 0.141464333970436 0.13805744198074
0.25235503392445 0.146155039984143 0.177367771600699 0.0552581296531234
0.255265906676191 0.102057849934986 0.176119805091963 0.0181696308352736
0.242530420980306 0.125928423537345 0.192178874907196 0.0248186053930993
0.212721162991032 0.237596539073544 0.175352622383301 0.0707458014672987
0.0494156567022137 0.326818187566825 0.0921644934947248 0.146695540463568
-0.172876825872553 0.244739775588331 0.000673693294431367 0.147019752039507
-0.335159154707267 0.00494653235076977 -0.0465297775479676 0.082058096413115
-0.254538332243839 -0.297084533952779 -0.0133201529096189 0.0386445716155057
-0.0201203511737059 -0.431170240492333 0.0343269204592674 0.144224558595955
0.00389712521843028 -0.326840543387156 -0.21261506984596 0.510458497839559
-0.175039949799696 -0.242857517676737 0.148680318797603 0.286049588552145
-0.243284222192071 -0.0477212461790376 0.072550304133902 0.0238244982236023
-0.158906920631363 0.138155524051503 -0.0867963904911912 0.0266780278715499
-0.0209189769759066 0.208171783909541 -0.0222776255603387 0.223513805137139
0.106328899401757 0.18794402277947 0.186044774051462 0.212905008847656
0.168521474261016 0.117145302161065 0.259839930659138 0.112487647292142
0.168316501962521 0.0944514057033775 0.25626083944071 0.058470440900091
0.154816583661159 0.108663301138437 0.255088384496446 0.0642947960062967
0.114706814318798 0.165294853132772 0.207947848014051 0.110610616269565
0.000668922511906065 0.196644983626412 0.0957810712639584 0.169416906789651
-0.109829843524298 0.109733903374156 -0.0123713087226319 0.134627906238465
-0.15727403369844 -0.0119183857279451 -0.0118583909707629 0.0765314746936469
-0.143600275874805 -0.155174360541696 0.0174224474542773 0.0787606357440713
-0.038702283649053 -0.255216331646126 0.0268487016919585 0.248592609244591
-0.0458546249714792 -0.136893526461371 -0.193580265722129 0.599457101453769
-0.100981519360964 -0.0692699328581378 0.168239566730749 0.34765612723372
-0.0747413423048836 0.0125874874102633 0.105255785383748 0.0415090838694572
-0.0433221300527284 0.0351867477367197 -0.0715991564669162 0.0261733074677603
-0.0207526686702152 0.058877244205272 -0.0289750917896456 0.235078876905274
0.0213582921919187 0.076458549229717 0.199854961514044 0.253036510393492
0.0563112674400405 0.0713665540232824 0.302479160255416 0.151964888625609
0.0575603295360538 0.0730758824660136 0.298999744245599 0.0896100241336505
0.0505585734320961 0.0740777566576662 0.279029545100478 0.0984883079777658
0.0132974347540224 0.0747966247056069 0.205045623032243 0.137336574504738
-0.0372838959106576 0.0602517395069032 0.0793232341343653 0.167208327539998
-0.0409063698271214 -0.0062696526873685 -0.0260654238123258 0.102914763801219
0.000993628613005362 -0.0111284319719935 0.0142420543098889 0.060956937665117
-0.0471797541663052 -0.00962080836101509 0.031794932970817 0.0985749399260251
-0.0568748802019205 -0.0658010879927955 0.0209736451056472 0.296441257279914
0.0684373277192228 -0.0704192818294746 -0.0301441276400515 -0.345910863400344
-0.0169507310980453 -0.0937841946199403 -0.0932443609283089 -0.136180409251704
-0.0955371606751607 -0.0236959557386862 -0.0389841431614664 -0.0339705276614816
-0.0351871376724018 0.0753565186814342 0.034613492968476 -0.0432020756751198
0.0376241932599132 0.0714057279219336 -0.0151863353073688 -0.15126377145558
0.0598355853790652 0.0201728372454812 -0.169140388020718 -0.175035313991602
0.0534790948179293 -0.0235979060073652 -0.261267266318059 -0.133124048066697
0.0570206491692417 -0.0333319069339953 -0.282189279346317 -0.110308843765764
0.0615745713843003 -0.0149187198713392 -0.273559869062856 -0.141830349267835
0.0807889934848295 0.0429244711905078 -0.180843358076678 -0.20303467594657
0.0372218789871211 0.0875082451485751 -0.0239631936784237 -0.200146290702344
-0.0654395235969542 0.0786805951883746 0.0441145597309989 -0.0577414428045969
-0.123624196292519 -0.0450239714291066 -0.0969525340864238 -0.0725722267152743
0.000169812969075256 -0.136645930299277 -0.0929877117745078 -0.265852685328659
0.0901995760472745 -0.0963523199486879 0.169088746513073 -0.532121392188258
0.0918653779974387 -0.217885459976975 -0.0515417286450773 -0.292222199636375
-0.0577901296065057 -0.197888275171206 -0.0712289061244807 -0.137265962284202
-0.176631531796124 -0.064515695707311 -0.0569375827203872 -0.0357937818951795
-0.106254921530283 0.121692671653676 0.0170352363561826 -0.0225759465014919
0.0276699633933802 0.172901446062149 0.00559852941784491 -0.115979071861726
0.120076449127513 0.114874315519445 -0.121811008962424 -0.165518320293804
0.148890295799023 0.0306185070873182 -0.216697271152541 -0.1352536655122
0.163743409961822 0.00682564738162155 -0.236223286386071 -0.110579101452978
0.168560430913071 0.0385430102463863 -0.219966153889453 -0.129264546005354
0.171819676017975 0.149546726206607 -0.142782936449027 -0.166018106279096
0.0479302246577949 0.236095926073032 -0.0247650523242803 -0.145759416628647
-0.163002617410534 0.191689426659247 0.023367643907776 -0.0216547837486952
-0.301876217602378 -0.0621944697080495 -0.125187752192287 -0.0609873458705377
-0.115200017230598 -0.305122640275869 -0.109956310312547 -0.257094481850002
0.0974197831527434 -0.314769700998991 0.139253826278068 -0.476177279734398
0.108035914344985 -0.347691002740723 -0.085082954303908 -0.190223130279194
-0.102282489243131 -0.298376711674264 -0.0382876058708574 -0.112737164296176
-0.260291738438865 -0.105544769002124 -0.0594214345147914 -0.043697844239176
-0.182431623849076 0.165143444443172 -0.00992225059589731 -0.0169706588521772
0.0109269340892003 0.266336184314806 0.0104938166908951 -0.0657176634842938
0.166363089054052 0.204858121732841 -0.0638787793733981 -0.125272341027066
0.225573670208178 0.0857015349158297 -0.140998894888551 -0.113994869414615
0.246573055422941 0.0452306087221164 -0.154058110666876 -0.0948338993817037
0.249671068589883 0.0823997220732968 -0.131096300480007 -0.100831757257763
0.243915213902659 0.231490955361146 -0.0752484128046625 -0.110237295777789
0.0672970550513644 0.35468489350476 -0.00931589349999721 -0.0711213718285289
-0.225713052164094 0.294445020592023 0.0104174367618759 0.0251561909843074
-0.444349668597225 -0.0464603388392158 -0.134572502091277 -0.026127765951644
-0.23155051870621 -0.417872586353518 -0.114826753840883 -0.204156499227507
0.0800424493237098 -0.4816234854137 0.0990839689139286 -0.357211491088385
0.111408101341315 -0.442863828479075 -0.128824832950846 -0.0399476550469874
-0.154485830275901 -0.380003479265471 0.00530108636155518 -0.0472190967367604
-0.343717483579996 -0.134568577671327 -0.0400103424136814 -0.0429749161404801
-0.248527487045638 0.207999745935883 -0.0389830040182226 -0.015533846345809
-0.0041910968010833 0.338922398034315 0.00332277671160037 0.00267095869263455
0.196394185052557 0.271159678181249 0.00189400578759234 -0.0540289484189019
0.272760391569957 0.127551416274285 -0.0433328742401705 -0.06927182855205
0.290786748153255 0.0760164689859835 -0.0483411560711111 -0.0647027586515544
0.290658756328246 0.111170981912555 -0.0216937155098953 -0.0613666065738385
0.281500152636459 0.27342319990633 0.0114983641004717 -0.0453255370539868
0.0841550160695137 0.415358806049334 0.0228863342954496 0.0127698765826575
-0.24325262981306 0.353711906014957 0.00613139014235545 0.077038729702748
-0.506333266451963 -0.0147386542898583 -0.117922706860229 0.0192249275178549
-0.309716157180005 -0.449791293706986 -0.0958448463769875 -0.120234815647626
0.0463000711270404 -0.560528997635908 0.0646909811084195 -0.190247815273913
0.0934528622262283 -0.478402645481827 -0.170240760486837 0.145060780170154
-0.195259412294561 -0.411012441876073 0.0565196514935709 0.0567492262528086
-0.388810193469604 -0.13433801233766 -0.00441403301021332 -0.0290065629159533
-0.277317930843137 0.229754521783614 -0.0657018391787806 -0.0056752603371357
-0.0165441149477485 0.361662666416643 -0.00628122143485106 0.0858841106327044
0.197943768222132 0.294034136673069 0.0727258608043149 0.0381938046917641
0.280556740951238 0.149167043685309 0.0666833163187593 -0.00913310180625538
0.289625621534302 0.0955031763402923 0.0651234396785043 -0.0242693526444945
0.282902504429455 0.126343769194594 0.0902853426547387 -0.0185861442119605
0.26850780236358 0.272022959106703 0.0998239779743022 0.0166152294215744
0.080465147873273 0.399903730085689 0.0614252263890206 0.0889979319594647
-0.218023679057522 0.3310634979173 0.00530153144097856 0.119552095457887
-0.458010160515868 0.00511475212967325 -0.0830549232616662 0.0567043970834036
-0.312183558252528 -0.39861417975489 -0.0548796428951246 -0.0315695247374148
0.0126724750166517 -0.532945491415762 0.0423585780529098 -0.0115407787181889
0.0579746073885621 -0.434806678209356 -0.199421177923291 0.333107406959728
-0.201625054805924 -0.36236965791869 0.104568731886735 0.174435818458754
-0.351610647665989 -0.104089697359933 0.034328210758466 -0.00422333304260954
-0.244566142413812 0.203508457683028 -0.0848783731708665 0.0122209129313953
-0.0205452553520712 0.314003100178925 -0.0148836170916355 0.164315391305588
0.165382201638622 0.261987400097189 0.137661065646687 0.131940626858036
0.241540724050666 0.143178382827461 0.171299743194428 0.0559212905791768
0.244001054305526 0.101146055865726 0.169260064428609 0.0197953288547128
0.231648682858991 0.124372071829206 0.184077700084099 0.02411771031847
0.202660530919692 0.230439261775508 0.1661388913698 0.0677930015275959
0.0462918828659133 0.313887384355486 0.0877411045134299 0.141078759832225
-0.170190388161987 0.232689513415328 0.00059112214959868 0.137684437660674
-0.321130370996242 -0.00245100449099347 -0.0437856527429814 0.0730267370235282
-0.239057891629143 -0.287638519802827 -0.0128521301152068 0.0362541752339048
-0.010621723751549 -0.41641554524137 0.0292413235313485 0.139285719121229
0.00970204956654923 -0.312024160614933 -0.207782636274884 0.485820011044597
-0.163341324253143 -0.236963982153604 0.13644372736941 0.273357712488452
-0.232037248771977 -0.0521605964333901 0.0674374514716826 0.0234728592517413
-0.156460177538007 0.129546019687113 -0.087372202262969 0.0267297002189953
-0.0230813181432145 0.200472424876916 -0.022223880105054 0.215958241704739
0.101710062462803 0.182238301007344 0.180328603758284 0.203927533751809
0.161892108191054 0.114760838514283 0.250310661381929 0.111796004692181
0.161718259666097 0.0930466507824245 0.246606309703909 0.0594634804785072
0.148169117882341 0.106306300291215 0.244181158982281 0.063965676142717
0.109135555853313 0.161256496482054 0.196446171274895 0.105838106692364
-0.000530345273458884 0.189951747547114 0.0902836041739548 0.162277488422337
-0.108445359711372 0.104373708944218 -0.0126461170176905 0.126645961827625
-0.151032442110054 -0.0160815775513674 -0.0110815653483692 0.0677034654039992
-0.133361886515419 -0.150633388200993 0.0159298087870375 0.0754715551747088
-0.0302554248298791 -0.246929503977312 0.0213261216965524 0.239660802911725
-0.0401745239066402 -0.130623612085596 -0.194351037392916 0.573732548490996
-0.0944777782255661 -0.0694144376515228 0.155593130215813 0.335463832360809
-0.0708269327136491 0.00833195063335468 0.0980080218404038 0.0404293961300801
-0.0433214290658829 0.032542693286664 -0.0727978543289816 0.0258481178408075
-0.0212464795550342 0.0568305100315255 -0.0304540046566599 0.227922266202749
0.0208417577172416 0.074636625205916 0.192276884480123 0.244807347726868
0.0549590583698632 0.0697308936617248 0.289972171806374 0.150088461917776
0.0553014592694174 0.0712983590135235 0.286881534479583 0.0914452001142048
0.0482652124528158 0.0727255069673806 0.266834751196105 0.0981516812965857
0.011543095784276 0.0734748499735374 0.193962140492806 0.132707747764207
-0.0363178344881885 0.0588111806599064 0.0735729751555691 0.159203086089668
-0.0411118304412882 -0.00615602572862368 -0.0256929347891854 0.0960931038213576
-5.02213117702492E-05 -0.0140787754480817 0.014498376719242 0.05428032194791
-0.0418567032641926 -0.0107289841021951 0.0300788976752339 0.0952369158081944
-0.0497717306279816 -0.0644448668111842 0.0164643639204359 0.285491274620136
0.0762894073550329 -0.057773689064101 0.0237146836638177 -0.341175441241762
-0.00145890728923878 -0.0930848271916343 -0.0704192031876198 -0.150287584653651
-0.0896691418700067 -0.0360107131240663 -0.0308871812512145 -0.0416777601120668
-0.0452850721217084 0.0673578872657935 0.0401201288690815 -0.0385002112633948
0.0256916584891504 0.0749566886583957 0.00659932295184824 -0.151310559573999
0.0544020386053131 0.0307338439998558 -0.142960555529179 -0.197734356157659
0.0543850683338186 -0.0141808843278994 -0.241535177554889 -0.170861945345065
0.059013790632914 -0.0233031868403832 -0.259123173626965 -0.15759456432995
0.0589296480679168 -0.00226749658943831 -0.246606280732698 -0.188377571621323
0.069749743843321 0.0542949174138569 -0.144148575368181 -0.233436313502921
0.0191771371855522 0.0882673702187923 0.0123038543067919 -0.204246043586636
-0.0786378626362625 0.0643358247539532 0.0580777322600413 -0.0519766799727638
-0.114825778151758 -0.0622596064958139 -0.0799597349545419 -0.0838342687712221
0.0188513075985015 -0.133384144404484 -0.0427178803333334 -0.275937770743327
0.097100246966997 -0.0833267539432247 0.263939312358641 -0.497487417496937
0.119807994746274 -0.199298478910153 0.00388897231654702 -0.284201877119912
-0.0241424732233476 -0.200987197921254 -0.042176357348868 -0.147633161467928
-0.161916214536114 -0.0895739562012717 -0.0428576597378277 -0.0482905874222293
-0.123288115833227 0.099490733415145 0.0214677241797135 -0.0243254616799825
-0.00137471844009738 0.171122342531642 0.0216776839585369 -0.118066793650461
0.0980898630473273 0.133530896152827 -0.10182864036771 -0.18388293823204
0.139566058480142 0.0560727825256301 -0.197863624176423 -0.168416926561035
0.157892271961461 0.0351932939697802 -0.213777584760069 -0.149907464821315
0.154641698123432 0.0680488510950662 -0.195170007876022 -0.167813228064898
0.14092173051501 0.173990530313945 -0.10973062568749 -0.192608441264763
0.00484826626007169 0.2346132173297 0.00582751413285076 -0.150446493303486
-0.194370129738696 0.157294232855634 0.0340661791600568 -0.0208612494784374
-0.284544325929606 -0.110528862219378 -0.109038729333856 -0.0754848954061046
-0.0628277382711491 -0.317857620230864 -0.0650589581608078 -0.265400546833763
0.145827384618496 -0.294741362344486 0.220294959411015 -0.44916968302147
0.157528390627235 -0.32446164985993 -0.0368162028323831 -0.182677978145233
-0.0510768603241972 -0.307006455473189 -0.00827442375323662 -0.117800033579411
-0.236631756183137 -0.144761645426156 -0.0391792857744102 -0.0592383763709601
-0.205251994392634 0.127441171207232 -0.00413684071377185 -0.0254434709114089
-0.034702331014565 0.259261795357772 0.0190408237915432 -0.073254700701643
0.12943898586653 0.228798302706233 -0.0547238984641041 -0.137942107852634
0.207013907962967 0.122920611998191 -0.127744031308449 -0.137072401571185
0.232722412141871 0.0872191229493806 -0.135864000395701 -0.119762121769061
0.226768360678941 0.123324809830959 -0.11162939262075 -0.125700257372707
0.19874886527513 0.265502768054988 -0.0516740435221624 -0.127793636320128
0.00491598462781229 0.353094140134891 0.0108971991453438 -0.0745331268431065
-0.274585471594475 0.246468468630105 0.0147962838420282 0.0218522381057178
-0.42468713164979 -0.119327596109071 -0.122909177097851 -0.0421806061860327
-0.155092856533066 -0.44627325392792 -0.0824837782682967 -0.211499684985578
0.160031723533333 -0.461504377020526 0.157249140652609 -0.33442554652062
0.174344827060319 -0.416648975120793 -0.0948700411089 -0.0367608695475896
-0.0883297737709173 -0.396257674368012 0.0295207645844477 -0.0463133325548245
-0.313704042866634 -0.186904820232895 -0.0150342931504219 -0.0594801214339441
-0.278684446408264 0.158088753685667 -0.0310582650290908 -0.0311698779642166
-0.0624900662514435 0.326537886333964 0.00213660978443338 -0.0107132281131943
0.147036374221994 0.297247018859685 -0.00270688672595573 -0.0590744196808451
0.247881414319458 0.173318898644496 -0.0369430729976974 -0.0792667853011126
0.272345346008003 0.124810416606517 -0.0369278940669463 -0.0708710777521931
0.262474087554505 0.15775529326427 -0.00977917428117103 -0.0693067518561264
0.22996596818198 0.312415833597434 0.0239520669246901 -0.050289400845777
0.0130300779809037 0.416477784597648 0.0290781400677525 0.0136443332806033
-0.300996344174666 0.301789893425574 0.00185182947393407 0.0717480660368696
-0.49056324937961 -0.0988042651758666 -0.113435382724108 0.00434993789790732
-0.224097616278428 -0.490751306333562 -0.0793072707560613 -0.122598077471702
0.144026744630842 -0.541812432614021 0.0910266782745413 -0.172739421541394
0.163213638534819 -0.455004274790766 -0.160564987982592 0.140829799785586
-0.122683015003565 -0.434425547681315 0.0672244142731095 0.0646971721604502
-0.356912301543869 -0.197081104924419 0.0188436208911366 -0.042825298972166
-0.311402051696033 0.172567139953716 -0.059109820598127 -0.0272441824638022
-0.0787278549236494 0.348461063114369 -0.0198067838505713 0.0678783641425882
0.145642530251432 0.320323603303299 0.0536637171473813 0.0415121812479602
0.25212687597728 0.194714485939561 0.0636179973442377 -0.00384183429064755
0.268066611401925 0.1439339542902 0.0682897438051476 -0.0118088246862306
0.254700194124756 0.170152800144378 0.0935661295662958 -0.00743384767341564
0.216529327090275 0.308603376667336 0.100520061413787 0.0256160495034217
0.0126818410614626 0.400814328868589 0.0537089640692218 0.0951222353263577
-0.27244219052275 0.284776296256291 -0.00717774302082323 0.113881431684942
-0.445341094824123 -0.0725365936345772 -0.0860923950454588 0.0452990087812845
-0.23278169482166 -0.443020679705398 -0.0546211769684777 -0.028577170420617
0.1097257604756 -0.520834523357195 0.0371704767398191 0.00131918717294089
0.122912858093008 -0.4169026123658 -0.21843860017953 0.317953230132865
-0.136388204406152 -0.38940055707616 0.0952128726798235 0.187581022018607
-0.325625757969344 -0.163108660045071 0.0500199574604836 -0.011568071751599
-0.275579195788276 0.152136812966797 -0.081734396037165 -0.0110599601129469
-0.0775505400744046 0.299922096105842 -0.0407154903294088 0.146663428689376
0.119599587550296 0.283910353063587 0.105079371444902 0.14494688501121
0.21546781231487 0.183327254705412 0.157997500119564 0.0760012952888132
0.223819449863758 0.142128561527609 0.162910543947026 0.049248914484076
0.205961118963359 0.159562971906989 0.178957914304247 0.051619958067384
0.160426910027514 0.25796606423427 0.155917887007942 0.088527882374356
-0.00505045572890926 0.312264758266436 0.0689952312135041 0.151769710408366
-0.205863196578064 0.196905343240865 -0.0177235399419127 0.132405089342619
-0.310623798833922 -0.0575882373072713 -0.0514128336793144 0.0655304032943865
-0.178866423734484 -0.321972546965748 -0.0236254122154956 0.0427754139313369
0.0684355050024146 -0.409990071646139 -0.00189146628148522 0.149000366112479
0.0579187947234024 -0.304313173345545 -0.25775882361986 0.460963757609094
-0.120056903811405 -0.261000935803575 0.105965952895216 0.289909523620589
-0.217388831501595 -0.092167736830096 0.0722972381165804 0.0235290951984165
-0.176772589479848 0.0971338592391006 -0.0887295775209187 0.0066811097579702
-0.0601726584349702 0.190902946460653 -0.0550418386917755 0.200234573169566
0.0704119138227795 0.194041686258145 0.13990103930511 0.225557839466926
0.142141882638115 0.141269483281699 0.229750472853718 0.14438396540899
0.144949918183309 0.120425824801283 0.232557808869778 0.102436822322375
0.12791685535818 0.127608471789828 0.231220706992257 0.101830961603128
0.0804667174168826 0.175074522101488 0.177714687712725 0.134146662320461
-0.0294805756839278 0.184769185868493 0.0645806361154236 0.173454244767072
-0.124595995820226 0.0829106964692506 -0.0309541187928147 0.120364446043474
-0.142979139689163 -0.0437306940551551 -0.0199542713555487 0.0629425717547302
-0.100101725284055 -0.16949115271242 3.9877806198311E-05 0.0824053140834748
0.0205671141308056 -0.246717720996479 -0.0255328383141629 0.24611982515367
-0.0176535100731191 -0.135014876436983 -0.26642168708148 0.53948319943442
-0.0807734644999975 -0.0848761255410749 0.106462157491141 0.353548369703625
-0.0698925980060351 -0.00573252039875863 0.0908537507036125 0.0507400159537963
-0.0496330950506973 0.0229242439119394 -0.0773541908790527 0.0138187611579894
-0.0327197534203113 0.0521986669440519 -0.0641086538489982 0.217049134695835
0.00902008026284726 0.074999911078736 0.151110310938648 0.269942894745146
0.0447702623329758 0.0781510478311003 0.26697317837578 0.190727988845061
0.0449941548357063 0.0799418798893116 0.266783147391203 0.140776821043477
0.0374177981468862 0.0771958053054289 0.247412522921923 0.141419012374321
0.000341523942546754 0.0740071485715992 0.16834693263902 0.162355288543799
-0.0429389706984453 0.0526030764104941 0.0457381622437228 0.168231582350379
-0.0398636004294831 -0.0126504453875548 -0.0412202772068534 0.0889664841638393
0.00293385794099335 -0.0163722306854312 0.00613752294888102 0.0513782631026275
-0.0350269714716998 -0.0177765319286462 0.0129083675063627 0.101669812338696
-0.0299414681516939 -0.0710926517047893 -0.0367527547676339 0.289350763613369
0.0772864173284729 -0.0592195107226944 0.0269281949511919 -0.352311597945046
-0.00114830810579544 -0.0939848373440824 -0.0750710150769666 -0.157548831799428
-0.0917742230980767 -0.0349914058796201 -0.0331264483218194 -0.0407417617206269
-0.045469889538652 0.0689616303762689 0.041509930311915 -0.0364317279193431
0.0279466120146629 0.0767853867714676 0.00971725035277646 -0.153342657552548
0.0553698014532347 0.0316068696086404 -0.145842077327225 -0.202321242813648
0.0543568736880782 -0.0151290244468254 -0.247322534100163 -0.177369091643202
0.0602336281980226 -0.0237107889967303 -0.26776299617043 -0.166432427093748
0.0607163477761882 -0.00145317330575674 -0.253923096125986 -0.196825522404811
0.0725549112359516 0.055625892049049 -0.147546220351452 -0.243237018712889
0.019210529610446 0.0900999966412075 0.0148258335216548 -0.211253272454427
-0.081370415937047 0.0656949691856923 0.0630268242854733 -0.0544922178084128
-0.116367609363314 -0.0641312617910134 -0.0787745995737363 -0.0854856584742893
0.0195784960457208 -0.137440917634452 -0.0363365907471992 -0.284403240248739
0.0996172750437419 -0.0853696199744587 0.275797213764517 -0.508560233421583
0.124004702231775 -0.202418829343259 0.00734460070295257 -0.294639633581868
-0.0234041481080702 -0.206279404584797 -0.0463692988283633 -0.155099859760474
-0.165181993073425 -0.0912454571674073 -0.0448822807666411 -0.0480537511839247
-0.126631941430316 0.101010024592538 0.0217724872898096 -0.0218093580214472
-0.000199310449607947 0.175794247187935 0.0256579723414074 -0.119726788606627
0.100981835160898 0.137691268087346 -0.104040091347672 -0.189026535982328
0.142297736629085 0.0574420472813528 -0.202503034605989 -0.175175439049604
0.161752020227065 0.0372620117061031 -0.220489670979 -0.158261472119478
0.158900628522136 0.0713927726079668 -0.20115450943927 -0.176621927209289
0.145660318275488 0.180698306906046 -0.112372026878654 -0.201369570780423
0.00323090838400807 0.240589990385915 0.00894191299290055 -0.155763502751867
-0.202331380096146 0.159966420371149 0.0374435858501408 -0.0229534497591194
-0.291031162630155 -0.116519501534081 -0.109499599865753 -0.0786149460879113
-0.061202622312447 -0.328377602427683 -0.0610610359946233 -0.274183196942071
0.151921412002982 -0.30470148703274 0.228150782148881 -0.457663549009187
0.163244449523754 -0.330236450878023 -0.0345814870438224 -0.191033105608261
-0.0498756612445976 -0.315011441411035 -0.0120059460608224 -0.125436150111579
-0.2417202133015 -0.149816344070367 -0.0411785739791168 -0.0588401791037668
-0.211624319881368 0.129036098984611 -0.00420707726944942 -0.0234388345427691
-0.0347897681086907 0.266294515844119 0.0224254625956129 -0.0740709597592477
0.133778607413793 0.235330099727477 -0.0552328417079294 -0.14317534595441
0.211718102892156 0.127579697476562 -0.130691403964925 -0.141952702799568
0.238338633058526 0.0920248109774935 -0.14009370574463 -0.126185674877737
0.233036692081065 0.12982637504011 -0.115740518402334 -0.132238760446984
0.205144320321379 0.275442432339842 -0.0526947507482302 -0.13427186048511
0.00327534305583614 0.364025826306856 0.0138615930513673 -0.0772399440186052
-0.286552026862686 0.251355563023235 0.0174538395597899 0.01993129281782
-0.435672228239143 -0.128486886200126 -0.124452762212562 -0.0460707590186556
-0.15416024887339 -0.461999116875855 -0.0802300701446395 -0.21864431989125
0.169168169982927 -0.47506939891409 0.160248438203148 -0.341665434437372
0.183399719191572 -0.42336622866845 -0.0957520645753328 -0.0426777799059281
-0.0874893691316745 -0.409123394928588 0.0267726806365263 -0.0517365309388031
-0.320569993144366 -0.196138978900433 -0.0168862960063066 -0.0587507525603128
-0.288508049414296 0.159794644183188 -0.0331161451848486 -0.028598022106404
-0.0647078117726501 0.335853384875356 0.00479824371149247 -0.010498423563397
0.152153642414787 0.306859039519848 -0.00153483235425552 -0.0633646016045277
0.254238081835916 0.179725702310994 -0.0378107882668729 -0.0816835012276904
0.278559530991752 0.131542737384512 -0.038019814144917 -0.0749484344949613
0.269659109567296 0.165799446781444 -0.0101583338475135 -0.0740893039468866
0.235348724245318 0.324265824191681 0.024694265411552 -0.0541504438300354
0.0107065744084883 0.42777349191449 0.0325329546308739 0.0138175060312332
-0.31352592974207 0.307088400772964 0.00315563936265598 0.0705200023791655
-0.504147464790336 -0.108288823117361 -0.115486000963248 0.000242486748303413
-0.22519543796995 -0.508321763024933 -0.0791028168494723 -0.127040120294915
0.153674719096351 -0.5601673853117 0.0913206317714112 -0.176433033723645
0.173700040646576 -0.461285849289726 -0.164279316715536 0.138756006363339
-0.121657050411162 -0.448317905248997 0.0644166303976617 0.0616838116234155
-0.364963036694135 -0.208677338160923 0.0180279796302723 -0.0418265884937363
-0.323344212295377 0.175378743469961 -0.0625604280847858 -0.02462006159306
-0.0837243429997415 0.358189360949833 -0.0188661234899958 0.0698790498795266
0.151618784922255 0.330286010539333 0.0562791465594588 0.0400968045825686
0.259098129911979 0.202750070975731 0.0657704269332927 -0.00318340698739824
0.275129091138989 0.15193185325595 0.0703282118845978 -0.0120656171421298
0.260748409998348 0.178506316894848 0.0954609548218407 -0.00938042984629011
0.224739778312876 0.320306912196662 0.102085398271453 0.0242307192882333
0.0121998642638799 0.41286652588306 0.057086395823183 0.0984835550451089
-0.28415192940729 0.29146168913296 -0.00640986739134425 0.113723186092779
-0.458726624737862 -0.0819317868631587 -0.087687523804139 0.0415837417076244
-0.232711506546657 -0.457442085696987 -0.0554055399089753 -0.0298388072743391
0.117270592234048 -0.536647253165931 0.0348113097987655 0.00280072785831871
0.132928486151984 -0.423369063324452 -0.226946683508255 0.321426383065296
-0.134880992891952 -0.403305878733891 0.0926860383920047 0.189424169182416
-0.331839076180017 -0.174624211152328 0.0502000326910161 -0.0103156165612422
-0.287574657185697 0.154363576891874 -0.0863397032748328 -0.00889098258339826
-0.0815644700927905 0.308800638050263 -0.0415590748406935 0.150978840770312
0.12360386490432 0.292329222488438 0.108591770399879 0.146499543367626
0.221965786027831 0.190921353511369 0.163456991533146 0.0791719248982339
0.229293002256992 0.149041676743908 0.167827423354748 0.0523584889264949
0.210754308589631 0.166558688105982 0.183139665274889 0.0520509858703698
0.165412311300007 0.267787875441351 0.158534340764375 0.0897718957418925
-0.00625976285287692 0.320945678285024 0.0717234033601882 0.155873924050152
-0.214807709968207 0.20134218506566 -0.0172236892481673 0.132422601675463
-0.319407200171156 -0.0643556214679857 -0.0524786604786678 0.0613199209954093
-0.181138573070592 -0.33277485078942 -0.024828703835825 0.0438807325740665
0.0750739794641167 -0.423231345190704 -0.00551911797775707 0.154174715942801
0.0653492577007022 -0.310255586957117 -0.268577046558456 0.467965240875089
-0.119183545621656 -0.271063095540617 0.104355606626811 0.297098593307305
-0.221462495411633 -0.101292956497605 0.0720498016837226 0.0261710107099051
-0.185262391156437 0.0978984010885183 -0.0942617335842454 0.00885534001796048
-0.0640977137937483 0.196349869171386 -0.0588335831257822 0.206968758007242
0.0725051612185846 0.200310067520776 0.144276721788154 0.231093927433553
0.146949281013897 0.147170318082813 0.237289789543506 0.150987108275661
0.148946518771222 0.125612431567722 0.23956706324656 0.10818128874073
0.131386606899725 0.133235403900339 0.236923741197191 0.106859043046996
0.0828243307349667 0.181772873583211 0.180951870960398 0.137095772867856
-0.0302157521016035 0.190075332887631 0.0655788398096758 0.1778624778212
-0.130164624859178 0.084263677342726 -0.0317350046314581 0.120909135690669
-0.147852050970556 -0.0496461620858241 -0.0205059311741164 0.0594518147712976
-0.0983947315036123 -0.175704439213331 -0.001281351728765 0.0855914900258871
0.0258505788282086 -0.254913543923879 -0.0293302468051382 0.25307010702906
-0.0141328474433467 -0.138015695050957 -0.278609216995415 0.550438882961464
-0.0806523780922427 -0.089332520862105 0.104792810625178 0.363691514279424
-0.0711696963782767 -0.00984781689944365 0.0905518963766158 0.0534146402614054
-0.0523138568220752 0.0228750221829795 -0.0831401611469796 0.0147675771068627
-0.0352988000373861 0.0538061687445983 -0.0682828306919649 0.224412686030763
0.00997716004636365 0.0776016525338339 0.15584080451295 0.277791953913308
0.0469221353997012 0.0814444733987609 0.275176190482432 0.198564602369698
0.0468894532969957 0.0832928021902904 0.276003516894255 0.148209076284035
0.0383122895605944 0.0805159343921549 0.25342689326583 0.14735862269325
0.000187805566890907 0.0778904199114878 0.170851016632112 0.166960728143831
-0.044301342659265 0.0549053416816595 0.0449199672650923 0.172049741799078
-0.042379496677989 -0.0131321774881183 -0.0425941190644089 0.0892985580046168
0.0016106894182311 -0.0200904295368743 0.0073006761976141 0.048985084441714
-0.0329206072437461 -0.0199407841278545 0.0123923282356647 0.105180672653518
-0.0274429193172559 -0.0740830708008652 -0.0402240509666436 0.297675906407095
0.0759581739704941 -0.0633909471946325 0.0167030362155321 -0.366914216029063
-0.00393588724369889 -0.0958208284928323 -0.0868148384069318 -0.16182959504085
-0.095209094477974 -0.0298932053114612 -0.0374899872900339 -0.0396947981473606
-0.0432473162487076 0.0721359680264003 0.0417554075409004 -0.036321476873809
0.0336650160185399 0.0774257693988498 0.00795574131492813 -0.157081276609377
0.0583980221049662 0.0310628738874802 -0.157851154309604 -0.202536185647583
0.0543533008994611 -0.018152820762733 -0.263141020749819 -0.175856874828447
0.0608883100885198 -0.0266119842918004 -0.284817868219981 -0.166763700799463
0.0639755160911259 -0.00290694965997836 -0.271315005747512 -0.197177306715209
0.0782581237238142 0.0540515786719702 -0.161499877515718 -0.248661302200193
0.0228189049114895 0.0922681954935387 0.00894266274844598 -0.22182759019453
-0.0826704175277581 0.0705774694697434 0.065134918868593 -0.0600706142247424
-0.121829007453494 -0.0622187978632372 -0.0813893671623032 -0.0851689413045746
0.0148125716988144 -0.143046945158954 -0.0411101154371277 -0.29409572654287
0.0995371664754771 -0.092721040785076 0.267748247393326 -0.535446645685736
0.121382082659049 -0.212306820698715 -0.00135805041059066 -0.307766482487978
-0.0312229392847895 -0.210915443538293 -0.0576142121225245 -0.16161667735423
-0.173133614442157 -0.0871973700651784 -0.0494778727602066 -0.0462463514271791
-0.126906074118439 0.108554689779377 0.0221069058637556 -0.0198027819254499
0.0082428783857698 0.181636686569839 0.0252642402707312 -0.123908205504724
0.110018060748995 0.1387209200787 -0.114453868845789 -0.191753113128568
0.148102340151526 0.054851321389021 -0.216690906012492 -0.174678694696754
0.16803133646065 0.0334732862745338 -0.235439065028416 -0.159437480783303
0.168303346067627 0.0698101295294734 -0.215729004240305 -0.178343563122897
0.158525888235582 0.181887169466882 -0.124464231781359 -0.206961991204321
0.0108503192486845 0.249550321498614 0.0060380648640521 -0.16260071449843
-0.205276034559835 0.172380690478815 0.0405185106011159 -0.0276884954273781
-0.304053820649347 -0.113440488251916 -0.113857086306798 -0.0781446826802994
-0.0732426733035542 -0.33933224564631 -0.0685333429403298 -0.282831469200135
0.148263341454566 -0.321751833049661 0.220164599828095 -0.479633222954408
0.159225418688838 -0.34366543997338 -0.0414081287800233 -0.200249312579665
-0.0614491190698133 -0.323516236662015 -0.0211752522535099 -0.132892997421631
-0.254624905713099 -0.14712884995294 -0.0454964802673043 -0.0570909401379549
-0.21521002237983 0.140560101411122 -0.00516052630858352 -0.0195472459581932
-0.025329114090769 0.275999612714339 0.0228492312208164 -0.0763969265980192
0.148182584489934 0.238421769633741 -0.0621954467853525 -0.147153263238109
0.223404968003197 0.12462737032085 -0.140229875993598 -0.142578695628244
0.24959901445962 0.0881566885809126 -0.150886623595004 -0.128611564839979
0.246676512245176 0.12842176172247 -0.125736341676127 -0.13643749459133
0.224018106959579 0.27821823402422 -0.0603057234289593 -0.139816617698955
0.0155620569993954 0.377361021344762 0.0141380445316508 -0.0813743781126058
-0.290162114791447 0.269718847005834 0.0207884705360734 0.0170753550260803
-0.454814313465275 -0.123918095486253 -0.129197819268134 -0.0461235562529362
-0.173112232164115 -0.476737606716456 -0.0884515228820773 -0.223410274804136
0.160858572923963 -0.500593854029637 0.152413270685681 -0.356079423723376
0.179524205340528 -0.441348766571251 -0.0998799590254976 -0.0450940607948759
-0.102066415368893 -0.420655121545788 0.0209866264000974 -0.058992661696432
-0.337313792334714 -0.194739430454136 -0.020154504600782 -0.057541326339202
-0.295137326988352 0.175105806920391 -0.0358403063763162 -0.0243975523378887
-0.0542812102485248 0.349953045513576 0.00659772764239145 -0.00992733305086144
0.170393168404137 0.310844193498203 -0.00350956482625185 -0.0675700616393259
0.269356484712551 0.176916849003886 -0.0414913008109195 -0.0836315482812262
0.293016952489663 0.128136902741213 -0.0430179124292711 -0.0776853208750094
0.285892590912882 0.164407743835893 -0.0147124449529452 -0.0788192721893701
0.258004102493141 0.327737537832616 0.0222937686153371 -0.0590348310243989
0.0262649457320275 0.443990509929703 0.0368848252789543 0.0130019663027355
-0.316604523954626 0.330334523487318 0.00741238466537499 0.0696142641213174
-0.525263099152909 -0.100250940435674 -0.119776364880253 0.000363795524774714
-0.248049366267304 -0.52106407964621 -0.0856418122972526 -0.128791703610963
0.141092114489094 -0.588200693132255 0.0847688109743763 -0.182197130511308
0.16965302313714 -0.481564967276596 -0.16540377162696 0.145083421507671
-0.138618632927042 -0.462268994484981 0.0636730371463183 0.0581075638258707
-0.384188978651971 -0.20822872497321 0.0165349081052863 -0.0411858570059843
-0.331118002011921 0.191496529068299 -0.06695444564743 -0.0191246236848844
-0.0727776221957353 0.373559815535795 -0.0164688935253266 0.0745888294562101
0.170534565872663 0.33581407306283 0.0596634633648542 0.0370718463621602
0.275778235081818 0.200837973074064 0.0679686569912627 -0.00548916194059948
0.290289569412254 0.148945241525624 0.072042934324394 -0.0152649226934606
0.276793683457787 0.176871100919216 0.097787381541238 -0.0147141162963695
0.244433614203048 0.324381477994924 0.105537911830342 0.0197731206091114
0.0274149148674826 0.426846825697862 0.0644929333981251 0.0994941073542583
-0.286568994451559 0.310806251829024 -0.00154259647083782 0.11531638768276
-0.478511482226208 -0.0744126922755828 -0.0902908245063064 0.0411281155012926
-0.255617953321814 -0.468159084363774 -0.0586290027474067 -0.0284332216544766
0.104672974339683 -0.562485972743517 0.0325280020578851 0.00403563194507143
0.128777434821614 -0.441438708098192 -0.224139778555832 0.335761194388955
-0.150780747612256 -0.414302212268938 0.0979186760591473 0.190062879494371
-0.349634496123705 -0.173892614068007 0.0502175755616792 -0.0101040208977392
-0.294826648655735 0.168888705198676 -0.0922847595285025 -0.00265995393654463
-0.0747796751990026 0.323984515127799 -0.0381228336302257 0.159762472046427
0.140078803076149 0.297856437955356 0.118255685180201 0.145825996666174
0.237084326953496 0.189989534315913 0.172672020962108 0.0765572681487852
0.243003118688122 0.148040029667869 0.17642023666665 0.0493160747330998
0.223921985312601 0.16682631373082 0.190070857180954 0.046580815055684
0.182238231885018 0.271904831812893 0.166024777444493 0.0857329468777908
0.00557169790363344 0.333068019476257 0.0811004437960483 0.158066258517782
-0.217931453735238 0.215492721614308 -0.0128540073085216 0.134644282240176
-0.333636779695393 -0.0605448757346124 -0.0539387825407552 0.0601488298287581
-0.193553289637442 -0.340799033538518 -0.0253621292626526 0.0474814582904713
0.0652342559526036 -0.441922217396102 -0.00388219528695976 0.161117483345104
0.0626040411739374 -0.321131412202667 -0.264239354184582 0.489922680723249
-0.12990559778392 -0.278341832932942 0.113539808274453 0.301734538320617
-0.233140983487196 -0.103045592270055 0.0737353675254167 0.0257965202415396
-0.191212094201178 0.107255811164369 -0.100330716861616 0.0149916542606372
-0.0609925499694382 0.206638564031896 -0.0547093111600118 0.218407604140612
0.0835983673983549 0.20535119246666 0.158289857647769 0.232316843232996
0.158689395727488 0.147756294045714 0.25160418719542 0.148601048263758
0.159224056316653 0.12612380215456 0.253610331938502 0.105156998834273
0.140616584063373 0.134549957766471 0.248421391833997 0.102145543633352
0.0935338867328769 0.18716576626923 0.18992187012966 0.134814751231518
-0.0238594426270463 0.198319588419345 0.0745314284012372 0.180875618607292
-0.133955834091187 0.0924062331934179 -0.0283792592117889 0.124012843282931
-0.155945548963914 -0.0493128377833024 -0.0198229928980577 0.0570947371874874
-0.105367156087815 -0.180531030834545 0.000783650324928842 0.0902518416316815
0.0209192893588714 -0.265849633790785 -0.0241118231127379 0.264317274852696
-0.0163510902939626 -0.141097325306879 -0.271140641704035 0.576916310352807
-0.0855082466641432 -0.0907835202784196 0.118077852182018 0.371954272017512
-0.0740557133811162 -0.0113536087914196 0.0940242885236991 0.0537162994086968
-0.0554038957604365 0.0259858487326379 -0.0886255968969764 0.0199622879560716
-0.0358548665768308 0.0581098438721984 -0.0650959849842979 0.237187626430438
0.0133811751891867 0.0799408258502022 0.173066161263206 0.28164252010287
0.0529522615033055 0.0828149280383918 0.293234582747572 0.196861973709317
0.0519730541035136 0.0850352090926992 0.292781396901667 0.146849407373648
0.0426348592927553 0.0832666647353291 0.268224704916734 0.14440387843658
0.00244272000697587 0.0818426285551905 0.180996285924354 0.166219210253823
-0.0434907597164505 0.0589343996957769 0.0506406670654787 0.175050255659355
-0.0457086155941364 -0.011990831616424 -0.0407537590552945 0.0912157142812437
-0.000318340900633385 -0.0233796042249193 0.00909326602934825 0.0457902807697964
-0.0323764919069137 -0.020636575267907 0.0159734390102866 0.11021687920016
-0.0279334592600417 -0.0763390700843995 -0.0317337660867979 0.309856254526612
0.0714555135584047 -0.0681643357639311 -0.00451150870359926 -0.371219477730052
-0.00946149323210651 -0.0952723953441344 -0.100719891065869 -0.157983695149924
-0.0961654436096962 -0.0219637455759657 -0.0426690243175024 -0.0352623900295488
-0.0374881406378997 0.0745674992269955 0.0411687974632798 -0.0362404517888033
0.0398433569975052 0.0741292992154553 0.0012548556831587 -0.157774475438703
0.0606301860985667 0.0278277441696368 -0.170466260207348 -0.19311685844937
0.0521326411147013 -0.021666427943317 -0.27626244503292 -0.162494763813125
0.0594337098706356 -0.030556900371244 -0.300394888051037 -0.153159067851401
0.0653760133537098 -0.00700786186194369 -0.287249316358957 -0.183731308273439
0.0831058848291665 0.0484732187424097 -0.180270639419657 -0.242920800811195
0.0283001867773546 0.0911161437281468 -0.00486551777327636 -0.226216761025413
-0.0786222036884117 0.0761159339709918 0.0641798296799993 -0.0661261876834963
-0.125736395759295 -0.0553817826981467 -0.0838566442537032 -0.0802160267285533
0.00645987810661413 -0.145385302416719 -0.0534926994842236 -0.295099128289403
0.0934649622901626 -0.0997483210180783 0.239397010836464 -0.55256917323728
0.109252523159869 -0.219888028221999 -0.0201445540736639 -0.311897368407478
-0.0430032533465054 -0.209354827971644 -0.0719967969455498 -0.160879497012409
-0.177744783312182 -0.0760348389862898 -0.0544817311442153 -0.0413566034190819
-0.119496743994514 0.116703260270357 0.0220653058835999 -0.0180467974833607
0.0210070742057431 0.180352114419835 0.0206200752476974 -0.125164467727662
0.120769999150951 0.132546527392892 -0.126781048904576 -0.184983657869851
0.151638543846861 0.0456842608363172 -0.229187450746601 -0.163091621771934
0.171272370188886 0.0243632485717473 -0.250404769401569 -0.149289944704768
0.17477247659841 0.0606077370948648 -0.230874282327406 -0.168857754277191
0.172379386736997 0.173201888061563 -0.139032592519552 -0.203024092305108
0.0253407277092265 0.250330068224286 -0.0027935125656453 -0.166236539195592
-0.197503988067127 0.185914157053076 0.0411945702678201 -0.03276934403933
-0.312534545830154 -0.0987351096644463 -0.118279238295405 -0.072200398319654
-0.093077812577252 -0.340016316840832 -0.0818998388459034 -0.281437549812034
0.129551355402566 -0.335140629292125 0.193397304713138 -0.493128038959141
0.140888791097077 -0.353774549502379 -0.0537658133117959 -0.201848711041061
-0.0798343094803247 -0.321302865062885 -0.0348920473390277 -0.134169849191633
-0.263709960844753 -0.132785871454346 -0.049967140269388 -0.0529810576368847
-0.207721680058917 0.154407854266149 -0.0059259568732785 -0.0155213406501255
-0.00653444188864103 0.278464226454058 0.0211280846709208 -0.0774727395946851
0.165782080529584 0.229878795180708 -0.0720962351390724 -0.144838101916171
0.231592539461453 0.111012154038597 -0.150866835038953 -0.135668277071329
0.2567571055466 0.0737561416280195 -0.162536333920876 -0.122269418272461
0.257314464234509 0.115092892336791 -0.136632540713778 -0.132024140683473
0.245070864072053 0.266751008186278 -0.0707736060520004 -0.139254939792797
0.0376638591650297 0.379526451612011 0.0113120689075106 -0.0844150012188313
-0.276915375525327 0.290377657498153 0.0228302634093356 0.0134195695479975
-0.466206799971684 -0.100149530848574 -0.133208919717901 -0.0404745459119128
-0.200792965102054 -0.472207336701907 -0.100084881752189 -0.219688391785627
0.131812956820177 -0.517096205240141 0.129024094736268 -0.364834439849387
0.156923947000822 -0.453632233562599 -0.103028277029803 -0.0432594835188803
-0.127045255437953 -0.416763973075713 0.0119093831804274 -0.0632569099828255
-0.35054913822103 -0.178353239887677 -0.0250579191278468 -0.0545062764321053
-0.286891938254946 0.194502939571957 -0.0373915895449679 -0.0178109781189085
-0.0323442146526033 0.355941216409379 0.0081510226026826 -0.00903032281719545
0.1939856355578 0.301641268985341 -0.00799313157446846 -0.0693933616770324
0.281947838790941 0.161938329469548 -0.047504050595685 -0.0813232224884601
0.303307469121116 0.112648374577874 -0.0494913441644764 -0.076930081587145
0.298568475218096 0.149391825008846 -0.0214492413970807 -0.0806684864363208
0.284125700446183 0.314819847081605 0.0171254430032991 -0.0631499930522835
0.0548494260252417 0.445704608718617 0.0402955857347789 0.00986943666297877
-0.29998093045766 0.35084949890898 0.0126479999788341 0.0666035859419006
-0.536724861039331 -0.0742327790787144 -0.122263825818657 0.0048487810986146
-0.278853884784852 -0.513340258951333 -0.0932644886956834 -0.123422221965351
0.107967929793449 -0.603967531767149 0.0709297663775571 -0.184565883654832
0.145403368129739 -0.492626973652471 -0.157667406514731 0.151217933952541
-0.164934756773912 -0.458576255099966 0.0620072697701849 0.0520825049970836
-0.399593743012916 -0.190512569165272 0.0138766037072541 -0.0402167178677904
-0.323966270604418 0.213475654216969 -0.0693948441138616 -0.0104823527367104
-0.0509318573422871 0.382345342192172 -0.0106898860189986 0.0781944913662817
0.194127726856367 0.326592964054285 0.0623566705519008 0.0314711147857337
0.290843888168418 0.185209442599096 0.0686627436451421 -0.00885541332887454
0.301175106844172 0.133754623322268 0.0713185153256899 -0.0205417213246036
0.289247824465755 0.163849146946999 0.0958457047834365 -0.0230760388228353
0.268640887620067 0.311994555361567 0.105708818532313 0.0113086887533097
0.0545454940587672 0.428927033879301 0.0737562180081729 0.0951015226636642
-0.270316819687493 0.330721768969064 0.00579255075327953 0.11276951483163
-0.488154167150257 -0.0494089474497794 -0.091041940513133 0.0434332722313991
-0.282357859868709 -0.459141625058491 -0.061095243832528 -0.0232204776518536
0.0734821155640919 -0.575614142447457 0.0289603932840681 0.00623047500730702
0.109052794243097 -0.450049515088136 -0.207353264599592 0.347042946006821
-0.173517176151975 -0.409799956994214 0.105165379846914 0.182691090749282
-0.364129133157189 -0.160042885583109 0.0498916000108658 -0.0113854622832584
-0.289429816234681 0.188436945170547 -0.0942103288381026 0.00720967862801573
-0.0558318202914675 0.33152982344513 -0.0289490810111979 0.165814275374367
0.161028929470498 0.290728197683446 0.127973758354203 0.137217296317397
0.251631651393875 0.176793329966892 0.179116801291225 0.0676978816904002
0.254740410982467 0.135785776069535 0.181826842615601 0.0393034431456044
0.236112244997901 0.155038626707448 0.193612341266126 0.0338572550594135
0.202784798467501 0.263542072885822 0.169966291313613 0.0743189083603828
0.0278666793906874 0.335582918055279 0.0927449984712745 0.152837612644041
-0.207196843696936 0.230451237015258 -0.00476520138429928 0.133678629554099
-0.341780137668032 -0.0443938952733553 -0.0531826003998082 0.0603136994214383
-0.213791624114558 -0.332824919083613 -0.023277297828027 0.0513330798488965
0.0404350905062184 -0.451237631638516 0.00316025936916786 0.165638474873464
0.0489600113825812 -0.326993198287899 -0.238714396356962 0.505634870682076
-0.14586631883382 -0.27470341226469 0.129132004564455 0.295009871225287
-0.241965887316443 -0.0942739425321111 0.0755242823952326 0.0228606839706012
-0.188280826944553 0.119413475071186 -0.102400994024918 0.0249863005237771
-0.0493192533291232 0.213271620882013 -0.0425675542483816 0.226031047290387
0.097449324204911 0.200771608277917 0.173353732110752 0.222099579664105
0.170336929519657 0.139367953549279 0.264164176160648 0.13492487495904
0.16904433784548 0.119137978419294 0.26419860475564 0.0925399843389727
0.150232748773467 0.128049928990742 0.256167299209619 0.0866498791864032
0.106502213108397 0.183513751140733 0.198140974564998 0.123121584446969
-0.0111932424464377 0.201740231599789 0.0858017251207509 0.175868877883815
-0.130601056823684 0.101622870936878 -0.0206473509742198 0.123154764850733
-0.161675036695362 -0.0431368718021428 -0.0189998658926918 0.0548541916928626
-0.113977254929137 -0.176897108890141 0.00559516801589029 0.0929422051248753
0.00692218629300471 -0.270105448713285 -0.00998752704914807 0.268835430699726
-0.0216942688020757 -0.141162692016207 -0.242452243262434 0.593591357063885
-0.0908162088811194 -0.0875356041589827 0.13884613925037 0.36625536863944
-0.0758124594205707 -0.0101945018330539 0.0964888544121163 0.0490184557370579
-0.0557091834131405 0.0301026839873172 -0.0905853853979912 0.028096903164013
-0.0334335159448407 0.0614431028275663 -0.0523180049159056 0.24660955714284
0.0183456633064782 0.0789901527038199 0.193397484441747 0.272224661121442
0.0601124316128419 0.0801336611825794 0.309959170810495 0.181221843181593
0.0586373585540117 0.0837093109781976 0.30743441822639 0.132118568236382
0.0479867684207508 0.0814087634257277 0.279572689906228 0.130243930117839
0.0085063896326804 0.0833331473280615 0.191519118579163 0.156083930701348
-0.0396568422854034 0.0623407588854109 0.0609942898781945 0.171921589595551
-0.0484828738695899 -0.0086306434722869 -0.0355720988017524 0.0922826011589129
-0.00370817204892841 -0.0257068695569145 0.0109658936123358 0.0415789902298966
-0.0316782941657246 -0.0207742074717842 0.0234941966701766 0.111976060224698
-0.0301028538085009 -0.0757542118063465 -0.0140865549936133 0.314210245225659
0.0644805337055729 -0.0697557400704001 -0.0244427706057003 -0.359726655739337
-0.0137361014057117 -0.0909592176544169 -0.109512000192901 -0.146906573772044
-0.0921355706389658 -0.0141448962639298 -0.0449497955819307 -0.0293998987138408
-0.0307578989413598 0.0736329169663288 0.0391040452623752 -0.0350773008196432
0.0438460256009085 0.0678003484729682 -0.00426760523568381 -0.153080814664035
0.0607100076874158 0.0233222388411282 -0.174530890206179 -0.175599687011823
0.0476139124834695 -0.0232829257468953 -0.277241529300183 -0.142908744746673
0.0548899112801134 -0.0331918850227558 -0.303302641947035 -0.134167933368598
0.0635630417996748 -0.0107180958878444 -0.290484611762556 -0.164073662006525
0.083357970473422 0.0414736486391766 -0.189692591240609 -0.226804010570729
0.0320602791901787 0.0865373625636783 -0.0166533155743163 -0.221220568815467
-0.0721868320418395 0.0781291009497344 0.0599942858832203 -0.069273200836939
-0.123622217033887 -0.0476074507852943 -0.0828204411168089 -0.0732182406924934
-0.00266782441960514 -0.141570118354664 -0.0635483089195376 -0.284737134038612
0.0841841272554806 -0.102131832249095 0.202943573742131 -0.545197320049149
0.0949013748156043 -0.218528692283737 -0.0363889294067219 -0.302450843561659
-0.0524117916074612 -0.199775716256217 -0.0824238799783704 -0.152236090040155
-0.174382351563207 -0.0633977475588772 -0.0562372940502535 -0.0354875477714038
-0.108428928161503 0.118602737104466 0.0220847272608541 -0.0151629743859865
0.0320430558872501 0.171515712691386 0.0158859363913979 -0.12204352345965
0.125453351107029 0.120744539480739 -0.132405148846266 -0.171898546013488
0.14844387916329 0.036659840644298 -0.23200371020208 -0.1456846584491
0.166955923633204 0.0143798606236034 -0.254405374578312 -0.132941841112523
0.174073018070322 0.0498106996256629 -0.235465825823726 -0.152984037191819
0.177526299936641 0.158398289338438 -0.14736742757337 -0.191052755882328
0.0383518817001693 0.242155954178814 -0.0106737582690637 -0.163123455955938
-0.182268941792177 0.190752068398917 0.0396988229161792 -0.0359213689430396
-0.309388542124978 -0.0815573175643919 -0.117287714455376 -0.0638458772884119
-0.108184594555501 -0.326023985780388 -0.0911997229502244 -0.269311964470577
0.107346921590281 -0.3320331797712 0.157804533631391 -0.485029340264926
0.12084092874502 -0.348766882809832 -0.0630938015255513 -0.196022697573427
-0.0938684964107439 -0.306989264765095 -0.0449093195480809 -0.129781099417917
-0.261860613878853 -0.115456403859528 -0.0517373152742806 -0.0463740727925876
-0.192394470992857 0.160779225070301 -0.0052993333645333 -0.0104955546379364
0.0104435681546756 0.269516721397868 0.0189383524072773 -0.0752938896685048
0.174582839159756 0.212665042697792 -0.0782185786030992 -0.136511261843428
0.230172327757096 0.0953339841331341 -0.153909850802756 -0.122750319634714
0.253672378134678 0.0593039873209306 -0.166885298432635 -0.111889477924771
0.256946337272617 0.0984751297559017 -0.14227215230627 -0.122823466626936
0.255474980822427 0.245020279128663 -0.0780168878350776 -0.132993994139256
0.0567726663895703 0.366705271501805 0.00855290386969984 -0.0843214730668078
-0.253940303341523 0.295251384586589 0.0243318870232956 0.00891336911797582
-0.458996566073929 -0.0756436581407103 -0.131744773395629 -0.0328336109754831
-0.220514458547196 -0.44998648156457 -0.106897849970816 -0.207327894056241
0.0993672272573406 -0.509056902841989 0.103275993036844 -0.355427457583602
0.130758439839221 -0.446447756557118 -0.102474306450511 -0.0402061512172696
-0.144371293497141 -0.397297538085309 0.00341987960082573 -0.0634643416038903
-0.349656250487343 -0.155957874292187 -0.0271674785349321 -0.050050610250512
-0.268005173633616 0.203381109918419 -0.0356866918800016 -0.0108346208536181
-0.0103038473816582 0.346188049930828 0.00976593835146958 -0.00764123981720415
0.205396023743742 0.280146155910799 -0.011937784596391 -0.068051097348878
0.282309695905551 0.140914920722276 -0.0503207774774257 -0.0761371436370442
0.300431905568505 0.0933404041636108 -0.0539234460383365 -0.0734818931707369
0.298286388984049 0.129848390884752 -0.0277058347716488 -0.0787005450818758
0.29608265764677 0.288958051669069 0.0115555984835357 -0.0641975132788492
0.0774785423475137 0.429647550445074 0.0417449232053209 0.00516156817131487
-0.272689027842834 0.357867914587072 0.0161645619263284 0.0607793174271396
-0.525443199300342 -0.047928544884339 -0.12024848951866 0.00997964057907308
-0.295656704048364 -0.485845813574919 -0.0959790444464883 -0.113093334294645
0.0724280948329948 -0.592177753712859 0.0572067363633724 -0.176877966503632
0.121617737148459 -0.483425756578147 -0.14699919796171 0.150922077219931
-0.183595829411787 -0.43602848813096 0.0587915409253772 0.0454765226037847
-0.399670155288255 -0.16672041340656 0.0115053064839068 -0.0382676365774216
-0.303476558923432 0.22490901296755 -0.067186111221341 -0.0019583716356522
-0.0284234847387804 0.373599873606552 -0.00422376927096429 0.0788808046288543
0.206538686594378 0.304334674236283 0.0619323497810831 0.0258832872897852
0.29203795594965 0.163570988497955 0.0666812355117399 -0.0123776612613144
0.30041012245835 0.115574105963767 0.0678230142751559 -0.0241820580654351
0.290746654757755 0.143812380403683 0.0899509193311909 -0.0289589929429603
0.281347810917961 0.287271588238819 0.100906642347893 0.00407069710113147
0.0769228671544735 0.413272492726088 0.0787784646881051 0.0862841258021074
-0.245938991405935 0.335656094270526 0.0116002737070402 0.10591954650313
-0.4770844273129 -0.0276059959626035 -0.0889110082202147 0.0454110791943445
-0.29573074962784 -0.432063149178108 -0.0602941500591636 -0.0169084307828825
0.0401522582597857 -0.564060715973097 0.0264831627748383 0.00888216848514719
0.0874416141989014 -0.44124360716423 -0.184816359974187 0.343670212552067
-0.18958643163683 -0.390875364384987 0.107253374553335 0.169918697769752
-0.362900040553845 -0.141871106849404 0.0475332764554673 -0.0129075015657645
-0.27241479596833 0.198529599354521 -0.0911380638185581 0.0161574058313472
-0.0362187347835895 0.325374047770604 -0.0180987816727865 0.165461432055613
0.172289558449509 0.271894658881853 0.131475007659338 0.124315010430294
0.254406607019105 0.157365664516683 0.178271286879958 0.0560574958932908
0.255444615952021 0.119833949237777 0.179088872036086 0.0279038915430176
0.238339056279711 0.139260690389939 0.188853597105483 0.021819551569947
0.213348074846959 0.244440207640433 0.167346379482305 0.062211569780981
0.0459798593344285 0.323766790740722 0.0997734484754846 0.141184209210444
-0.189388155371695 0.235284900500285 0.00193693284274639 0.127143885917232
-0.335833469026998 -0.0283509847798322 -0.0509478432456906 0.0590277420708556
-0.222985599881219 -0.313335174461145 -0.0194043041256561 0.0539698471401857
0.0163018339938293 -0.440848360227652 0.00968585564184202 0.163650211553267
0.033974922102325 -0.318359238280751 -0.20715453530757 0.499593883915111
-0.154668559422155 -0.25968437044329 0.136904937485426 0.277635686211423
-0.241577762281808 -0.0826525128519567 0.0745765985793999 0.018726780640824
-0.177324897284118 0.126376459338608 -0.0991727289648148 0.0329525139721516
-0.0369823821259217 0.210527333694958 -0.0295262359137906 0.22628875159331
0.105696270342615 0.188977934990843 0.180757558115015 0.205462546504128
0.174008587459793 0.124745040670276 0.264784854915838 0.117062757755541
0.171833829417087 0.107592102484913 0.263325017858986 0.0757174656119151
0.153006251805433 0.116819775509707 0.253207374821849 0.0701883510610915
0.115325114694456 0.171857490766764 0.197037839372427 0.107628712111821
0.00116992368886017 0.196513417915231 0.0933736425333538 0.164463861751049
-0.122389928001827 0.106016193190441 -0.0142340720515118 0.117716160988159
-0.161405772834074 -0.0355895135450246 -0.017402998592424 0.0514548697413076
-0.118440813632489 -0.167648321376039 0.0106608280964144 0.0921570043747128
-0.00602582493110562 -0.263521003509962 0.00347061711443392 0.26275673183831
-0.0259996388623077 -0.136001675644347 -0.207194718407299 0.58706510485263
-0.0924196946683523 -0.0802253765327299 0.151514992421735 0.346551436850872
-0.0759656886566892 -0.00856301445999486 0.0955152585760064 0.0432762704098545
-0.0530061929686691 0.0326804538983562 -0.0888650887808423 0.0345047635322296
-0.0297885473360062 0.0625101241303275 -0.0379454645146514 0.246341104963346
0.0223570608822377 0.0751672575257534 0.202293625502929 0.251794713128744
0.0642888477934845 0.0738248479138712 0.311442627857082 0.159524683117767
0.0625926023730988 0.0783118293600769 0.308308938721495 0.112180295915902
0.0510044780324245 0.0773449450363526 0.278849510307126 0.111985170128233
0.0133129212037406 0.0816276851976387 0.1926127787739 0.14042248862981
-0.0349340914343356 0.0636609173289049 0.0673162300978968 0.162105150091155
-0.0484535135839735 -0.0049775588085372 -0.0302066521389738 0.0890973847956054
-0.00721405390497755 -0.0259463639621834 0.011742874155908 0.0369138396143295
-0.0301943221644732 -0.0200053647444092 0.0296460888065193 0.109363221192148
-0.031037519483057 -0.0730944133150548 0.0023502404647439 0.305800990753985
0.0674208266959128 -0.0568820318921978 0.0205774487808797 -0.336208144835902
-0.000666026124217535 -0.086117292525359 -0.0876255229765966 -0.15191723528405
-0.0816120912428258 -0.0233764871428992 -0.0418626389491805 -0.0348953545757354
-0.0379361405517027 0.064012016644972 0.0381311425725828 -0.0273413714229909
0.0325735533077134 0.068582124805096 0.0108351794475853 -0.142298022787405
0.0569025673474813 0.0302025490062676 -0.144643277410839 -0.17947853014284
0.0469150036715907 -0.0146319009033905 -0.248226840280821 -0.163700075528216
0.0551254989852265 -0.0245987684333318 -0.276632969398719 -0.16431380492575
0.0625863894143013 -0.000121617148461696 -0.262528132568852 -0.192468613839723
0.0748753614868405 0.0503769027419086 -0.158989330292913 -0.242163535382874
0.0189956802659522 0.0878791274146411 0.00942655372433357 -0.219996718401359
-0.07947397458562 0.0671014278672974 0.0698924672300891 -0.0646377927044321
-0.112624758767682 -0.0581461707224078 -0.0649472356864256 -0.0773251623538452
0.0115228601305538 -0.133477031805154 -0.0243446652092497 -0.277630386964634
0.0879704675500664 -0.0868539372101431 0.259523613113961 -0.498562959104267
0.114034336193656 -0.189978495320922 0.0139233252038492 -0.286429444550605
-0.0226646469125859 -0.190729860363771 -0.0580236416406481 -0.159070115865308
-0.152222011546888 -0.0806314559361238 -0.0503509886692388 -0.0481229914377559
-0.116597128493098 0.0954054676761177 0.0189412658035644 -0.0141980900210938
0.00620227471050074 0.164684644505035 0.0225974828555063 -0.113358873004881
0.104980537960509 0.129342031209355 -0.109650011238108 -0.168557002245494
0.135273568850926 0.0530599759744423 -0.206247911559945 -0.161317247950424
0.157010613933296 0.0347281630348774 -0.228717450665898 -0.158573741861527
0.160747265091684 0.0710529138511259 -0.212155614810033 -0.17801631529837
0.151679132474305 0.172346316757133 -0.123507451098551 -0.207865543838907
0.00599507353049577 0.236970500411542 0.0117546496114087 -0.169566253109149
-0.199593289818706 0.161114878252621 0.0494750163045642 -0.0390024035784062
-0.286732409892615 -0.112404601246856 -0.0948015592205282 -0.0703081838337332
-0.0668743571705717 -0.323546990750073 -0.0491950816303623 -0.25697777055433
0.136973186117074 -0.306690831509726 0.213376801241762 -0.435815253665204
0.15364028887108 -0.307852183517334 -0.013327084845971 -0.192563325410141
-0.0475610508729046 -0.295353596181012 -0.0225656843559054 -0.140234640704276
-0.227135664735442 -0.140638659708876 -0.0442969150368779 -0.063548950091225
-0.201346149488749 0.122479985527753 -0.00781346024545644 -0.0156029509835783
-0.0276210153768808 0.253219377661304 0.0173064092562099 -0.0716085630459221
0.13958076601254 0.221364486422464 -0.0659686434475268 -0.127645094340713
0.206504670802428 0.118178806380103 -0.135848955387453 -0.131893327447907
0.235268900756373 0.0880674152195148 -0.146585475885333 -0.129084814932509
0.233594022605046 0.127473926798577 -0.126498561466461 -0.138977372482391
0.214512847392823 0.263718846456435 -0.0637869026365799 -0.148244295620114
0.0097515648437366 0.358509191818869 0.022725162532035 -0.0961691571318249
-0.282266166628923 0.252078487438993 0.0300951181455481 -0.000230629558027813
-0.431196830631882 -0.125437466692612 -0.109016140577849 -0.0403021391568744
-0.159386720894822 -0.455712928865952 -0.0672814152206127 -0.192645812697191
0.151209351613768 -0.47944267119706 0.148966045851219 -0.308583663760042
0.178019945579599 -0.396713750203965 -0.0605913203690084 -0.0537627189338043
-0.0818924024351673 -0.386771038004938 0.0179428224139521 -0.0781521746005835
-0.304940819471822 -0.192096359639479 -0.0197586495334181 -0.0700905732631931
-0.278369635666143 0.152348914600758 -0.0379460627389965 -0.0220604633691022
-0.0593746327175354 0.32283637745604 -0.00140606201711942 -0.011208092385187
0.158436839167536 0.288796268571901 -0.0134160077853924 -0.054931262601036
0.250949008884686 0.167250859338952 -0.0439515156015269 -0.0767432009971935
0.276367875622345 0.127457157064858 -0.0425734371013307 -0.0791443119194988
0.269109397916511 0.161756743306141 -0.0213148020770124 -0.0853286886343477
0.247498903081468 0.309507883155845 0.0135150872986711 -0.0744894986463667
0.0228435470196457 0.42041985268037 0.0445634722660517 -0.00840213885888294
-0.304935599816539 0.308512580738447 0.0162436260269487 0.0468728665879796
-0.499371935300014 -0.105775659463394 -0.101791131599943 0.000596368459984363
-0.227219401516412 -0.50061331859234 -0.0647293596235101 -0.097521621407513
0.134354297900874 -0.562563479170483 0.0854757088684496 -0.138633722666203
0.173584143391561 -0.433126941571291 -0.119747701758988 0.117234611888984
-0.111789215640643 -0.4283059410064 0.0588440972451532 0.0270461341099751
-0.349424137581609 -0.209305848840046 0.014512079005839 -0.0585408226910748
-0.316398153874364 0.166527046267266 -0.0687331276073251 -0.0188599938426531
-0.0807528049755453 0.34633648833859 -0.0246328556141263 0.0679011367375108
0.155556501098443 0.311258647313299 0.0450185290824255 0.0400238962368598
0.258545703592588 0.189251749549099 0.0597093011402304 -0.00486469815239433
0.274033049821406 0.14777434386795 0.0688283523738251 -0.0171230092345602
0.260173020582104 0.173001146508693 0.0857788965377095 -0.0236337303542209
0.233780435839245 0.307348979856668 0.0921024512085342 0.00103790755975268
0.0243956813185499 0.40304912034628 0.070444321873505 0.0745043151527772
-0.276319248335784 0.290417772926079 0.00536775974693129 0.0906853668993047
-0.455096025346222 -0.0802154926962782 -0.0778515253570481 0.0376915070779256
-0.233317387739555 -0.4476084915068 -0.040774536475867 -0.0025954659951697
0.102370433369789 -0.539045844372394 0.0336171103770362 0.0379423790084741
0.138942084314791 -0.398330215015352 -0.179520681658976 0.291651062229795
-0.124296877529142 -0.387045298292694 0.0901890923751353 0.150755523507784
-0.32084553994009 -0.181180469678325 0.045735063101486 -0.0286707685820472
-0.283986000348287 0.145959535591951 -0.0927474551391138 -0.00288779300079764
-0.0832232833629219 0.300842756027302 -0.0454821630435948 0.147676372433199
0.125148834430741 0.275583587163473 0.100811525579135 0.138345414041382
0.223608483549187 0.178209159379445 0.159000103787748 0.0722549839265247
0.231573298134692 0.146139168330369 0.169730692364548 0.0458747678769437
0.20991107561017 0.161837131482421 0.175872859478021 0.0377015745097473
0.174524912816678 0.256980540895329 0.149621297733647 0.0667372933637328
0.00566358869132893 0.313290526683128 0.0836963301987209 0.133024494936745
-0.210247847305426 0.202111100092664 -0.00766795349295362 0.113314769055902
-0.319433425842302 -0.0653895181348826 -0.0475554120106079 0.0531271940821055
-0.175679723931702 -0.326501068376467 -0.01344658883322 0.0658886097999594
0.0665764697657666 -0.424057150996677 -0.00128136863517038 0.180569782172621
0.0737658329503037 -0.290846011570739 -0.225462407223076 0.434742438174428
-0.108659193548868 -0.260638116943025 0.10299352713372 0.260818156308632
-0.215409867822037 -0.110288336303982 0.0661930673622743 0.0114066389542807
-0.185008352980258 0.0925390625863081 -0.100611129210876 0.0144240714496867
-0.0666407431861931 0.19339448731274 -0.0589112187194474 0.205216257414332
0.0721161242551863 0.189131167893513 0.141937683034285 0.216477711537518
0.151634833511688 0.137336042508253 0.236293744800119 0.138768971809172
0.153296807399647 0.124321969545027 0.245586667168261 0.101889190417727
0.131351436906205 0.129350928118708 0.233607922031926 0.0933737738346416
0.0897621320134395 0.176385605865249 0.174515429911547 0.117845681425985
-0.0221864407959317 0.186687181447749 0.0734658283961073 0.160299138964572
-0.130098327231044 0.086345254323545 -0.0246269497668323 0.106925621799187
-0.151602518746898 -0.0531780359707301 -0.0198713171249048 0.0484791749680716
-0.092433333234807 -0.17614039250175 0.00726978509521843 0.10016849942481
0.0254469833753455 -0.256333243316606 -0.0211503515986726 0.268068706807653
-0.00513225395493393 -0.128552144830611 -0.24796638669604 0.518404093797289
-0.0745486822343278 -0.0866114407037058 0.104389075444972 0.33413435169744
-0.0712260310091825 -0.0193195225156843 0.0825853468718187 0.0462937255027246
-0.0547089453880553 0.0225969983783471 -0.0883228426810868 0.0222150590570077
-0.0381108288700174 0.0553206370014499 -0.0640564749047821 0.226003352823718
0.00790249992459177 0.0719717852914928 0.16140946530883 0.259642613380335
0.0530762445511555 0.0758714791199842 0.277587599814548 0.182953190924381
0.0528628490209533 0.0829680520421743 0.284164812751227 0.143214275965597
0.0393795420853582 0.0788679020665993 0.255483618396237 0.137966209459721
0.00256539799820868 0.0787753659537995 0.167656283527534 0.153239876245811
-0.0405779922062152 0.0554564142030219 0.0471665543527972 0.160645638051237
-0.0463324698062316 -0.0108651258008628 -0.0385436757635103 0.0813410587458892
-0.00541102821851487 -0.0272343147599836 0.00578938378851709 0.0357559636996888
-0.0242527383713056 -0.025163186469641 0.0194220801601407 0.111589489483612
-0.0181908374412432 -0.0764920587828266 -0.0288864987538309 0.300560739946211
0.0650681373907678 -0.0540401663533853 0.0261068671245215 -0.327652302869144
0.000125003651478975 -0.0829434329793454 -0.0856311099701129 -0.148461339953565
-0.0774014368510501 -0.0230780012731324 -0.0419488770972732 -0.0325254757440187
-0.0365282952420621 0.0613618387664985 0.038654176428257 -0.0242092580870027
0.0311981195685453 0.0660801990136622 0.0148609921332605 -0.13852037826213
0.0555987767714299 0.0297750246521656 -0.137734158158948 -0.174694097885204
0.044404164057301 -0.013211665080852 -0.240195422056419 -0.162340116089376
0.053359113248109 -0.0232736500434109 -0.270350517132309 -0.164624985585278
0.061456078735838 0.000128827141769312 -0.255007684245693 -0.191840589041043
0.0728020359619264 0.0491692310396568 -0.152531572084415 -0.238008125454362
0.0170799633727043 0.0857144190949762 0.0121436633515862 -0.216254187800843
-0.0785181578800705 0.0638196454454856 0.0710372799959969 -0.0640305384232305
-0.108407971097319 -0.0583480464542152 -0.059790863440656 -0.0759807879104493
0.0121519097306029 -0.130062586655657 -0.0154639020903221 -0.271872096939228
0.0859052439068776 -0.0832196460776473 0.261018843695327 -0.479997099587063
0.113065842387212 -0.182916619799265 0.0172180910099725 -0.279101066179828
-0.0191107140679831 -0.185192502563532 -0.0572856791726222 -0.155448711606509
-0.145277046536885 -0.0797522950961129 -0.0497389834640328 -0.0458123892715918
-0.113456128844847 0.0906742390927967 0.0205583906643387 -0.0115118991974135
0.00540272570261281 0.15967898139654 0.0258583637804321 -0.109583269663333
0.101375548953752 0.126630301582606 -0.103840810584046 -0.164121416845899
0.129990773426489 0.054513742621778 -0.199502978314064 -0.160005338758245
0.151962336980571 0.0365940994223792 -0.224325193046215 -0.158705474297961
0.156249753905903 0.0710581704940673 -0.205987538927679 -0.17701298062439
0.146687695967863 0.169016667494377 -0.119350728868283 -0.204356933614498
0.00302741315635935 0.231855755628678 0.0138141386872221 -0.167154391283275
-0.196906381242697 0.15350445834642 0.0498398670683015 -0.0388207311177006
-0.278199473494932 -0.115709452775695 -0.0901103146914012 -0.0691452972037604
-0.0614965225253697 -0.317282097411849 -0.0401542419088129 -0.25050667512923
0.137022822288946 -0.296439994910353 0.214753173062744 -0.416376900018341
0.155169308733061 -0.297251934649875 -0.0105372724152297 -0.188786467027434
-0.0413927632499755 -0.287135691390003 -0.0230380121869008 -0.137046923980249
-0.218408873718642 -0.140618546084057 -0.042697027909101 -0.0613559204661949
-0.19638855452853 0.116047757292909 -0.00504133993058132 -0.0128750288461531
-0.0294010246209957 0.245512854667214 0.0205161500305872 -0.0683957138877721
0.133679554006878 0.216052823815723 -0.0618203391595334 -0.124616900622444
0.19880051955994 0.117833564953701 -0.131593743420622 -0.130197517435561
0.227690001627825 0.0896956212271002 -0.144610595746188 -0.128069420430481
0.226872885559136 0.12768716466245 -0.123339245192461 -0.138815276886144
0.207039508547676 0.259670454069588 -0.0622473807546963 -0.146272783408678
0.00577095672319918 0.350669470806616 0.0242048225232709 -0.0959639103737253
-0.278567775969841 0.240866147514795 0.0308685279038459 -0.00226324124328454
-0.420938359860745 -0.130899734289415 -0.105975369124812 -0.0404189208341882
-0.146745037042964 -0.449902249909234 -0.059436645143987 -0.186259976592561
0.152975732597157 -0.463449483659568 0.149735179595636 -0.292659015773173
0.181899696561565 -0.383392848111706 -0.058816475211462 -0.0553097319610158
-0.0732062129619748 -0.376102305456776 0.0150880469509047 -0.07741195623197
-0.294120025149875 -0.19195077831204 -0.0184598925964886 -0.0679205325869646
-0.272496941858661 0.143276028026866 -0.0348268486815402 -0.018907614551533
-0.061771878093587 0.313522425311365 0.00180300689302838 -0.00906318763777865
0.151388079098817 0.282185086018283 -0.0128450170097685 -0.0539779743049497
0.241599856312253 0.166315256861591 -0.0419301385283176 -0.0751160192761355
0.267702461082248 0.129251955072742 -0.0417264079747667 -0.0784982411360645
0.260820588321948 0.161946528837503 -0.0216652784284613 -0.0842552375819009
0.239789901625558 0.304349398892815 0.0121351585700451 -0.0730183379748073
0.0176935124661057 0.410450287061102 0.0450579628336017 -0.0103490507389509
-0.302473224191809 0.296727440617595 0.0154398681174016 0.0436057697276397
-0.487967869210328 -0.112058100625268 -0.0999649169272898 0.000129201317937797
-0.213161823577511 -0.492894989805691 -0.0588192874127481 -0.0935439518052034
0.139683811641892 -0.546057240644584 0.0838850217141632 -0.12752347691676
0.17884966323107 -0.418900241871817 -0.119666604353332 0.109446943518362
-0.101536726131555 -0.416376730626181 0.0532812839643389 0.0251400904689818
-0.339372411995679 -0.211512005004788 0.0149517821483429 -0.0558569720616054
-0.310040420822995 0.157500277212666 -0.0651503926849513 -0.0162963128465675
-0.0828475267663708 0.337016824372881 -0.0218920050686324 0.0679286560619663
0.148360869869261 0.303144280753023 0.0431098495749047 0.0393297925246752
0.248630225362343 0.187449482728607 0.05815394339786 -0.00360070205785525
0.266589828968636 0.149342241648752 0.0668154548678124 -0.0168687659540505
0.250947188370325 0.173755948358789 0.0829947778996799 -0.0226908366143928
0.226836435734167 0.300379544901433 0.0876970458742691 0.0011137675518868
0.0213618591680709 0.393813899585069 0.0684791415511486 0.0706773716424097
-0.272815481730042 0.278537766268359 0.00385348940954264 0.0864999296316748
-0.44600884529748 -0.0863004438991194 -0.0780992526228795 0.0354553093896402
-0.220434782688551 -0.443015877865151 -0.0377598655954049 0.000547048863626901
0.106970357943687 -0.52349046048133 0.032004059355724 0.0424352878913067
0.144180308890179 -0.384513385911731 -0.180459834378554 0.278123432186343
-0.111559593810943 -0.378877517583531 0.081930707344315 0.146348066099077
-0.311881522476392 -0.184045516438399 0.0444912490578688 -0.0277258207281026
-0.278838472275101 0.138046002238727 -0.0899596781727372 -0.00130923720774587
-0.0843262050884124 0.292984576330112 -0.0440554514227704 0.1466404189026
0.117910635373663 0.269675129558596 0.0959208266602428 0.134722243569916
0.215586446132131 0.17673748890632 0.154216965010828 0.0728168416299
0.22464120093612 0.147387556887581 0.165773481320226 0.0468235279949537
0.20249567886072 0.161773026207736 0.169967632544764 0.0382241601831779
0.168474284281091 0.251712009417558 0.143146155911994 0.0664341932761035
0.00341528990941733 0.305555639912416 0.0800273553929756 0.128759236323454
-0.206631100094207 0.193939472062595 -0.00962287652090638 0.108174516106238
-0.311746015036793 -0.0696063288410944 -0.0491460414165387 0.0503564583080834
-0.166508824504087 -0.323992644166793 -0.0119670097701804 0.0674383031641943
0.0719361348783797 -0.411765498610249 -0.00358502649098688 0.178878222232299
0.0796917800505766 -0.281882997250639 -0.228770301631543 0.416681427139813
-0.100728834621825 -0.256176617107227 0.0931537019031519 0.25330511935262
-0.209068777927239 -0.113437211931221 0.0642817001196681 0.0114469823939731
-0.181713421861545 0.0872478336435998 -0.0984532201850198 0.0151973460102438
-0.0676512569820878 0.188479735147243 -0.0589404446132282 0.202570340589677
0.0678215631490409 0.185292532152575 0.13489693418783 0.211632635652489
0.146205299210924 0.135260896871333 0.228639179529514 0.137994390577678
0.148703262797752 0.12445866703358 0.239309180868798 0.102805130058238
0.126417792291976 0.128922685613216 0.225961414912988 0.0938518049174737
0.0865509557130408 0.172488480281483 0.167104840234601 0.116321110238188
-0.0225543292639436 0.181517441791333 0.0687709114883863 0.155458029612215
-0.128173273568458 0.0827306178638728 -0.0257462712824613 0.102141441160912
-0.148701109842912 -0.0551442781161721 -0.0216580257558598 0.0457895164104907
-0.0864949655760529 -0.174588842497031 0.00735704230399303 0.101085181462845
0.0300276989910813 -0.249788100372476 -0.0242881741409409 0.2623390634534
-0.000845573871162499 -0.125205872895054 -0.250875913110782 0.499205415902993
-0.0702462425638427 -0.0848331520450379 0.0941077002479896 0.325345189396599
-0.0699036847419973 -0.0215678010578582 0.0790964358577068 0.0461720121051341
-0.0544318434929106 0.0214880505708562 -0.0878078047388353 0.0228015793814042
-0.0379877958598172 0.0537976371815062 -0.0652023966673253 0.222412085507533
0.00622923445414273 0.0702675989743263 0.153814523718867 0.254102354096852
0.0516189701881141 0.0735155493325096 0.269359918105894 0.181940192714838
0.0511575765344948 0.0819827401519775 0.278100405347438 0.142617457373923
0.0371871232747094 0.0779684093209973 0.248108852861662 0.137816724622088
0.00185938020111082 0.0766031272948496 0.160234729703258 0.150760460360703
-0.040230761667419 0.0542674009765605 0.0427329932260703 0.155569372390176
-0.0455611999989971 -0.0107933861018378 -0.0389144233200165 0.0766887002712809
-0.00639390433794398 -0.0272805544470922 0.00414364698945816 0.0329936559087332
-0.021817498467802 -0.0270812332845791 0.0192546557614356 0.111040643515
-0.0147551488758147 -0.075603193395493 -0.0322648023356333 0.290959045274002
0.0653291086300448 -0.0525748091152615 0.0339374667127009 -0.329042243786205
0.0013895409606727 -0.0833640400534068 -0.0849194813913859 -0.15084928914781
-0.0762440149270115 -0.0243910393756688 -0.0434498038342197 -0.0321090357943686
-0.0370764583431688 0.0603112976295212 0.0413720372459722 -0.0219781315526696
0.0307799091967855 0.0666515123043587 0.0201730191926396 -0.139566214497969
0.0558555723796246 0.0310442075497172 -0.13296993434728 -0.177832461093511
0.0443604163287046 -0.0111166279260571 -0.239302187691937 -0.16937939141674
0.0532933226682573 -0.0219726162934869 -0.272995699087835 -0.172136993501913
0.0623560185123447 0.000551485805500745 -0.255386835356517 -0.199519072891922
0.0733566264646712 0.0510876061097711 -0.150211424883968 -0.244728506280087
0.0159142460638052 0.0871904517540138 0.0164074879169757 -0.219819863044093
-0.0805926096531794 0.0628571436471023 0.0745731700069792 -0.065158192433602
-0.108109117571828 -0.0624247347681091 -0.0551908037370058 -0.07838737452097
0.0147995047402865 -0.129921099300428 -0.00565423951290769 -0.27614653695724
0.0873042963710062 -0.0818627029345237 0.274612680637166 -0.472050120245604
0.118074817934314 -0.181169270513149 0.024741889603732 -0.281242327473061
-0.0147190744658251 -0.186336303439902 -0.0569378527185651 -0.158258816822642
-0.143563844841826 -0.0832693696504831 -0.0499991316041832 -0.0459058343086872
-0.115358364472784 0.0882527817858991 0.0230454283349255 -0.00942155679166828
0.00252793853281077 0.159555859649308 0.0311402627711138 -0.109645901575011
0.100110940584566 0.12890891452854 -0.0999675572192092 -0.167109614027522
0.129066379695107 0.0589001995895861 -0.197475134906586 -0.165984034256886
0.151997000033734 0.0409289735814818 -0.226667318400999 -0.165580842297867
0.156848533592065 0.0755460550140508 -0.206239791429513 -0.184308090753137
0.145811918320532 0.173392846086874 -0.117078212724327 -0.210336484484044
-0.00169501698274779 0.233994015237263 0.0176677877304435 -0.170348604903839
-0.202902612628857 0.150110346044712 0.0525417720267638 -0.040039528687663
-0.279352445903904 -0.124587406715409 -0.0873514613147873 -0.0712328122626129
-0.0541198904237797 -0.323465353428443 -0.0307636323841609 -0.25367084327429
0.145113162928678 -0.295349793415712 0.227476507031625 -0.409205310826124
0.164738907533927 -0.295844839704712 -0.00590128846018488 -0.192065709298566
-0.0339741542772526 -0.289630115419448 -0.0235186644894461 -0.139652001399479
-0.215913076232995 -0.147764571407813 -0.0429709503698262 -0.0620524498257292
-0.19958547672491 0.111812452385985 -0.00236289169274579 -0.0113154601797668
-0.0339527737859117 0.246265627734453 0.0252760148687649 -0.0679136339602625
0.130588510882182 0.219901346448458 -0.0589660512660447 -0.126260827134412
0.196642465003218 0.124848605637314 -0.129522184747354 -0.133994568249769
0.227345168671923 0.0976927263393112 -0.146150185204783 -0.13293324743781
0.226334728759059 0.133943145711441 -0.123589120259455 -0.144621308070435
0.206287582005856 0.26559348075425 -0.0611158528628339 -0.150094973261992
-0.000404949099544364 0.354496972054323 0.0270668184406661 -0.0987001670373244
-0.287290767694018 0.236344090360594 0.0317413313102243 -0.00379238026654658
-0.422750922781161 -0.143854332446599 -0.105354965049837 -0.0423428436054884
-0.138707970985243 -0.45929477634 -0.0518326647138555 -0.187378765517761
0.166408090642563 -0.463017163067884 0.158736760523256 -0.285221860565601
0.195892740528831 -0.380657927975185 -0.0581998148377357 -0.0594111550254173
-0.0622759823428173 -0.380588414427285 0.0138432495778989 -0.078545483874514
-0.292242524270475 -0.202021898659691 -0.0174529459832628 -0.0682880065510437
-0.277838462991273 0.137358911659237 -0.0317040968128068 -0.0176738469921704
-0.0681565327970288 0.315635524820484 0.00518365356785779 -0.00750271814229239
0.146334526544368 0.286829553539974 -0.0110399691365163 -0.054809125395023
0.239604043042294 0.174651351178688 -0.0403066757774757 -0.0766550439935403
0.267723561806184 0.138564783363422 -0.0429662935567303 -0.0806921014701382
0.259801965886676 0.170369345033299 -0.0215737252418032 -0.0866551484076337
0.23844112034282 0.311579923890919 0.0117627079434729 -0.074112186189872
0.0101509999340699 0.417184023504967 0.0459081056034235 -0.0119521005298095
-0.313830212655406 0.291289789300422 0.0148608897364497 0.0420308112947576
-0.491401441296791 -0.128574779310394 -0.101541073533714 -0.000877213684332912
-0.203930028299855 -0.506849150924551 -0.0530386817882103 -0.0928941440311235
0.153255068635955 -0.546842501164092 0.0882509752280895 -0.121200649035329
0.193827835932076 -0.416893890604363 -0.124004789369136 0.105036881913929
-0.0896843476696532 -0.422705054777832 0.049816154378862 0.0249026244549137
-0.337038854118319 -0.223227013072152 0.0156204927132269 -0.0562848851995752
-0.316501858648165 0.150832626048253 -0.0637479239189532 -0.0148019008046317
-0.0900687284930787 0.33811250174935 -0.0208466008679679 0.070402851808093
0.14273744447237 0.309800994901838 0.042510163431615 0.0395299773574435
0.24606641148319 0.195969161786984 0.0594967293910861 -0.00191487644829118
0.266169690740309 0.158543413531265 0.0672285647253593 -0.0155469967832503
0.250665595662604 0.181745346792023 0.0827235991775569 -0.0221510269026165
0.225607801452098 0.306628796039197 0.0865543010162159 0.00238500179187319
0.0136485463339734 0.398586442252187 0.0677287572700496 0.0703071434192279
-0.282648293306013 0.275877491839182 0.00174510907073005 0.0844575991189661
-0.450162770981233 -0.0987242966508886 -0.0808815208364303 0.0350823250566997
-0.210396090875856 -0.454193303498868 -0.0347757487714205 0.00283361235475532
0.121095878477934 -0.523942713931887 0.031837400582692 0.0480235611494228
0.15872873630303 -0.385176226634728 -0.190900488629159 0.273894013409082
-0.102065005770438 -0.384759097536418 0.0756886084514725 0.148187524437947
-0.310362122250337 -0.196284501085338 0.0450626755061238 -0.0263178236131789
-0.285294185410192 0.132052843927866 -0.0899927454286885 -0.00110749707989476
-0.0917008431530053 0.294783354097495 -0.0447107634222625 0.14998894979234
0.113179569937932 0.274665777570858 0.0937718927852847 0.138128412905181
0.213176552454743 0.182690398453341 0.15479318852957 0.0767496386045718
0.224374378620764 0.155787342425888 0.166172587769213 0.0511484084707698
0.200796137579035 0.16872490968744 0.17012033477343 0.0418165346341344
0.166866840016285 0.256239673901774 0.140944351483178 0.0690919262547684
-0.00152125279358906 0.307591648274594 0.077234349173463 0.129559805391755
-0.213930264941944 0.191146944745918 -0.0126761944336913 0.106388580923933
-0.315496999454782 -0.0788700575076966 -0.0526961020190908 0.0504437038240495
-0.158606710189661 -0.332243673635344 -0.0110033916436233 0.0708619962664431
0.0830486339181602 -0.413146472109839 -0.00798013344895531 0.183080225940474
0.0911392056078423 -0.282936098256939 -0.243506968523504 0.412656813998139
-0.092790782126184 -0.26034108364358 0.0849060411988383 0.256459997199633
-0.209628722899198 -0.122246278713227 0.0637534001445661 0.0127356928387041
-0.187099243161293 0.0829468712982545 -0.0997459408011143 0.0154269963574538
-0.0727694439299933 0.189767953563541 -0.0629979873752341 0.206507159703525
0.06358402691474 0.188681967691245 0.131534459168484 0.215931621171436
0.144445355893075 0.139962635098113 0.228609612816865 0.145167442179179
0.148672663306249 0.129947591208406 0.241515840586613 0.108652663006991
0.125268520625331 0.134139934135881 0.226085605914704 0.09935397250474
0.0843731767130985 0.175596179732876 0.164281520579084 0.120353479570214
-0.0253549140626169 0.183286519536811 0.0656990157501008 0.156404135298606
-0.13067083580407 0.0810356689375863 -0.0285998683666946 0.100424918069927
-0.150665727331636 -0.0596266095943031 -0.024146237668687 0.0452087615461284
-0.0819090779018289 -0.179807030661051 0.00759933305888621 0.103888589670212
0.0375593658191662 -0.251294230107894 -0.0299475937919795 0.264316680135948
0.00517086190097027 -0.126892171506609 -0.267873906957012 0.495075006905443
-0.0672679589534119 -0.0874643582350906 0.0842846532742276 0.329610496587746
-0.0702280936867742 -0.0247695606112841 0.0774125403027755 0.0489595513961881
-0.0556329502524408 0.020009985073258 -0.0904377838654652 0.0227971280332979
-0.0403711184086719 0.054188450991109 -0.0703476089696655 0.226511815718102
0.00422011383752498 0.0715898884402934 0.149252506578266 0.25919117518846
0.0505736511934694 0.0748931562802783 0.268979622648325 0.189149894381384
0.0514157331817234 0.0847412381098608 0.279872809068167 0.150836028336981
0.0364272084518443 0.0805772031062981 0.247652619165309 0.14522173470279
0.000420797568115329 0.0779118541632491 0.157709856647616 0.154938211970312
-0.0411637269975136 0.0539760798326171 0.039049827194066 0.157299900073559
-0.0462946024746846 -0.0108810018754929 -0.0414184513394599 0.0748845231419824
-0.00730087043778258 -0.0280580146466154 0.0027916891206635 0.0320955155681002
-0.0208195705592733 -0.0297784129573737 0.0186242341265031 0.113745907978905
-0.011310082144231 -0.0769581351169445 -0.0394069350371709 0.291122717604625
