TRXV5
3
4
4
9
string Extension=J
integer IsArchMeasurement=1
integer IsSpherical=1
string Generator=SPM
string GeneratorVersion=1.3.1 Dev
double ArchRadius=0.449999988079071
integer FrequencyAxisIndex=0
integer AzimuthAxisIndex=1
integer ElevationAxisIndex=2
Frequency
5 136 690000000 960000000 LIN
Azimuth
7 8 0 2.74889357189107 LIN
Elevation
7 15 -2.74889357189107 2.74889357189107 LIN
Polar H Real Part
13
Polar H Imaginary Part
14
Polar V Real Part
13
Polar V Imaginary Part
14
Polar H Magnitude (dB)
12 0xC0000002 0 1
Polar H Phase
7 0xC0000003 0 1
Polar V Magnitude (dB)
12 0xC0000002 2 3
Polar V Phase
7 0xC0000003 2 3
0.0344982147216797 0.0212478637695313 0.024993896484375 0.101020812988281
0.0561447143554688 -0.00457382202148438 0.0341339111328125 0.0455970764160156
0.0214309692382813 -0.045013427734375 -0.00274467468261719 -0.0211658477783203
-0.0172500610351563 -0.0393867492675781 -0.05438232421875 -0.00975799560546876
-0.0281791687011719 -0.0196285247802734 -0.0591087341308594 0.0366096496582031
-0.0342845916748047 -0.00214958190917969 -0.04315185546875 0.0849456787109375
-0.0250530242919922 0.0124111175537109 -0.00779724121093751 0.109260559082031
-0.0226879119873047 0.00562477111816406 0.00926971435546876 0.109146118164063
-0.0234508514404297 -0.00154495239257813 -4.57763671875056E-05 0.101341247558594
-0.0173673629760742 -0.00792884826660156 -0.029266357421875 0.083648681640625
-0.00493335723876953 -0.0106897354125977 -0.0380630493164063 0.0503768920898437
0.0026097297668457 -0.00867319107055664 -0.028167724609375 0.0204010009765625
0.00982189178466797 0.00263309478759766 -0.00420570373535156 0.0350112915039063
0.00723075866699219 0.0232810974121094 -0.0130386352539063 0.116828918457031
-0.0130710601806641 0.0307140350341797 -0.109024047851562 0.147720336914063
0.0542221069335937 -0.0408287048339844 0.0291213989257813 0.0993423461914063
0.0547103881835937 -0.0611114501953125 0.0352401733398438 0.0473899841308594
0.000289916992187494 -0.0824356079101563 0.00421142578125 -0.00899410247802735
-0.0536003112792969 -0.0570755004882812 -0.0398216247558594 -0.001556396484375
-0.0640182495117188 -0.0130386352539063 -0.0424919128417969 0.0336952209472656
-0.0629310607910156 0.0308837890625 -0.0301513671875 0.076568603515625
-0.0363883972167969 0.0522575378417969 0.00121307373046874 0.0952072143554688
-0.0320358276367188 0.0410270690917969 0.0177383422851562 0.0946044921875
-0.0364761352539063 0.0395088195800781 0.00983428955078124 0.0904159545898438
-0.0433807373046875 0.028564453125 -0.0173263549804688 0.078521728515625
-0.0425758361816406 0.00659561157226562 -0.0248641967773437 0.0502281188964844
-0.0419349670410156 -0.0128517150878906 -0.0192356109619141 0.0289516448974609
-0.0224761962890625 -0.0361595153808594 -0.002777099609375 0.0524711608886719
0.001953125 -0.0384521484375 -0.0176239013671875 0.124259948730469
0.003021240234375 -0.0363883972167969 -0.111099243164063 0.149749755859375
0.06494140625 -0.0991363525390625 0.0378494262695313 0.0817794799804688
0.0440292358398438 -0.111793518066406 0.0356178283691406 0.0394668579101562
-0.0239181518554688 -0.109695434570313 0.00820636749267578 0.00302791595458984
-0.0842819213867188 -0.0658950805664063 -0.0213794708251953 0.00854873657226562
-0.0918121337890625 -0.00326538085937499 -0.0189208984375 0.0279693603515625
-0.082244873046875 0.0595474243164063 -0.0119171142578125 0.0581130981445313
-0.0426864624023437 0.0836410522460938 0.01153564453125 0.0674247741699219
-0.0372161865234375 0.07098388671875 0.0235977172851563 0.0660667419433594
-0.0444488525390625 0.0749053955078125 0.0176277160644531 0.0653610229492188
-0.0632133483886719 0.0618629455566406 -0.003753662109375 0.0617561340332031
-0.0756378173828125 0.024383544921875 -0.0073394775390625 0.0419845581054688
-0.082916259765625 -0.0140762329101562 -0.00516319274902344 0.0336437225341797
-0.0535430908203125 -0.070587158203125 0.000793457031250003 0.0652618408203125
-0.00420379638671875 -0.0953903198242188 -0.022918701171875 0.11810302734375
0.0167999267578125 -0.0987014770507813 -0.105155944824219 0.131813049316406
0.0639495849609375 -0.145660400390625 0.0477714538574219 0.0480461120605469
0.0230255126953125 -0.149627685546875 0.0316123962402344 0.0215034484863281
-0.0511093139648437 -0.121849060058594 0.00841236114501953 0.0126361846923828
-0.107353210449219 -0.0623855590820313 -0.000885009765625007 0.0176887512207031
-0.106155395507813 0.00942230224609375 0.00740242004394531 0.0185928344726563
-0.0886993408203125 0.0804595947265625 0.00807762145996093 0.0316886901855469
-0.0418548583984375 0.10382080078125 0.0196380615234375 0.0290546417236328
-0.0371246337890625 0.0895843505859375 0.0260753631591797 0.0269584655761719
-0.046722412109375 0.098968505859375 0.0233383178710937 0.0290737152099609
-0.073974609375 0.0860137939453125 0.0122280120849609 0.0337467193603516
-0.0970687866210938 0.0390396118164063 0.0136661529541016 0.0252952575683594
-0.1114501953125 -0.0130615234375 0.0124702453613281 0.0331211090087891
-0.0778656005859375 -0.093292236328125 0.00648498535156249 0.0708389282226563
-0.0102691650390625 -0.136344909667969 -0.02691650390625 0.0974578857421875
0.02618408203125 -0.1453857421875 -0.091339111328125 0.09588623046875
0.05279541015625 -0.171493530273437 0.05535888671875 0.00155639648437499
-0.00170898437499999 -0.167144775390625 0.0226593017578125 -0.00432395935058595
-0.0738296508789063 -0.117027282714844 0.0059061050415039 0.0174026489257812
-0.116722106933594 -0.0477828979492187 0.0184803009033203 0.0222206115722656
-0.10546875 0.0232467651367187 0.0312671661376953 0.00458717346191406
-0.081634521484375 0.09173583984375 0.02490234375 -0.000549316406249994
-0.0345230102539063 0.108360290527344 0.0240325927734375 -0.0135746002197266
-0.031829833984375 0.0947723388671875 0.0240440368652344 -0.0165424346923828
-0.0418319702148438 0.106536865234375 0.0258522033691406 -0.0125617980957031
-0.0719757080078125 0.0946807861328125 0.0269908905029297 -0.00104522705078124
-0.101333618164063 0.0464019775390625 0.0330734252929687 0.00303459167480469
-0.121109008789062 -0.00901794433593749 0.0306224822998047 0.0259361267089844
-0.0882568359375 -0.100425720214844 0.0123138427734375 0.0674324035644531
-0.0154571533203125 -0.15435791015625 -0.0285911560058594 0.0656585693359375
0.028961181640625 -0.169174194335938 -0.0716094970703125 0.0478286743164062
0.03631591796875 -0.1705322265625 0.0604820251464844 -0.0495491027832031
-0.0204010009765625 -0.158859252929688 0.0126895904541016 -0.0339622497558594
-0.0818405151367187 -0.097381591796875 0.00158500671386718 0.0158710479736328
-0.107757568359375 -0.0284347534179687 0.0336704254150391 0.0197525024414062
-0.0899505615234375 0.03265380859375 0.0472183227539062 -0.0126991271972656
-0.0629348754882812 0.0887603759765625 0.0354118347167969 -0.0332412719726562
-0.0219039916992188 0.0971450805664063 0.0228385925292969 -0.0535888671875
-0.02154541015625 0.0855865478515625 0.0183792114257813 -0.0579833984375
-0.0303192138671875 0.0969085693359375 0.0249862670898437 -0.052703857421875
-0.0570831298828125 0.0872726440429688 0.0395622253417969 -0.0357933044433594
-0.0861892700195312 0.0451736450195312 0.0501327514648438 -0.0189056396484375
-0.106773376464844 -0.00328063964843749 0.0448646545410156 0.0172462463378906
-0.0829696655273438 -0.0871963500976562 0.0161285400390625 0.0566368103027344
-0.0179443359375 -0.143585205078125 -0.0291786193847656 0.0275382995605469
0.02435302734375 -0.164932250976563 -0.0484886169433594 -0.00390243530273439
0.0189056396484375 -0.141983032226563 0.0656204223632813 -0.097320556640625
-0.0276947021484375 -0.12579345703125 0.00545120239257813 -0.0628013610839844
-0.0713119506835937 -0.0677337646484375 -0.00297832489013672 0.00683736801147461
-0.0822601318359375 -0.0105361938476563 0.0418777465820312 0.0111083984375
-0.062225341796875 0.0334434509277344 0.0546684265136719 -0.0295295715332031
-0.0386428833007813 0.0714492797851562 0.0384330749511719 -0.06182861328125
-0.007720947265625 0.071136474609375 0.017333984375 -0.086029052734375
-0.00849533081054687 0.0626640319824219 0.0101394653320313 -0.09014892578125
-0.0150909423828125 0.0703659057617188 0.02191162109375 -0.0840988159179687
-0.0311660766601562 0.0650749206542969 0.0475387573242188 -0.0624313354492187
-0.0547561645507813 0.0371818542480469 0.0594902038574219 -0.0342636108398437
-0.0732040405273438 0.00612640380859375 0.0521087646484375 0.0102653503417969
-0.0653076171875 -0.0562858581542969 0.0164451599121094 0.0423622131347656
-0.0217971801757812 -0.108283996582031 -0.0280437469482422 -0.00808334350585938
0.0113601684570312 -0.136695861816406 -0.0264625549316406 -0.0499610900878906
0.000839233398437507 -0.09063720703125 0.0711669921875 -0.133010864257813
-0.0242996215820313 -0.0738449096679688 0.00354766845703125 -0.0865631103515625
-0.0459976196289063 -0.0325241088867187 -0.00653123855590821 -0.00688028335571289
-0.0444793701171875 0.00360488891601563 0.0425453186035156 -0.00165176391601562
-0.0274162292480469 0.0252246856689453 0.0528450012207031 -0.0431861877441406
-0.0102500915527344 0.0410003662109375 0.0333633422851563 -0.081817626953125
0.00643348693847656 0.0350093841552734 0.00798797607421875 -0.105049133300781
0.00616645812988281 0.0298061370849609 0.000473022460937498 -0.108314514160156
0.00411415100097656 0.0331592559814453 0.0164260864257812 -0.101921081542969
0.0013885498046875 0.0344696044921875 0.04949951171875 -0.0769424438476562
-0.0135765075683594 0.0280475616455078 0.061309814453125 -0.0410194396972656
-0.0306358337402344 0.0199413299560547 0.0521430969238281 0.00568008422851563
-0.0446701049804688 -0.0139884948730469 0.0129051208496094 0.0273971557617188
-0.0298423767089844 -0.0575370788574219 -0.0265693664550781 -0.0347995758056641
-0.00861358642578125 -0.089996337890625 -0.0098724365234375 -0.0834579467773438
0.0418930053710938 0.0209197998046875 0.039886474609375 0.10003662109375
0.0625457763671875 -0.0119895935058594 0.0425300598144531 0.0423126220703125
0.0196609497070313 -0.0526123046875 -0.00394821166992187 -0.0219459533691406
-0.0233612060546875 -0.0425567626953125 -0.05706787109375 -0.00460815429687501
-0.0344734191894531 -0.0186119079589844 -0.0567665100097656 0.0426292419433594
-0.0398902893066406 0.00201034545898437 -0.03485107421875 0.09063720703125
-0.0281963348388672 0.0167579650878906 0.00423431396484375 0.112068176269531
-0.0261421203613281 0.00939750671386719 0.0224838256835937 0.109855651855469
-0.0284671783447266 0.00126838684082031 0.0115737915039062 0.103370666503906
-0.022216796875 -0.0086212158203125 -0.0199813842773438 0.088653564453125
-0.00641345977783203 -0.0143232345581055 -0.0336341857910156 0.0567893981933594
0.00416755676269531 -0.0125970840454102 -0.0277233123779297 0.0249481201171875
0.0147848129272461 0.00168418884277344 -0.00333786010742187 0.0357818603515625
0.0138225555419922 0.0271892547607422 -0.00246429443359375 0.117851257324219
-0.00716400146484375 0.0385360717773438 -0.0981597900390625 0.157562255859375
0.0549583435058594 -0.0434684753417969 0.0448074340820313 0.0999069213867188
0.0550041198730469 -0.0687026977539062 0.0451202392578125 0.0447998046875
-0.00511169433593749 -0.08746337890625 0.00513935089111328 -0.0101299285888672
-0.0612525939941406 -0.0562095642089844 -0.0396690368652344 0.00223159790039062
-0.0697669982910156 -0.00806045532226563 -0.0382919311523438 0.0381355285644531
-0.0640182495117188 0.0385818481445313 -0.0215301513671875 0.08038330078125
-0.03466796875 0.0580482482910156 0.0136184692382812 0.0957565307617188
-0.0312004089355469 0.0464286804199219 0.0307769775390625 0.0936355590820313
-0.0365524291992187 0.0441513061523438 0.0224990844726562 0.0908432006835938
-0.0437545776367188 0.0322151184082031 -0.00714111328125001 0.0831527709960938
-0.0433921813964844 0.00793838500976563 -0.0187530517578125 0.0559425354003906
-0.04205322265625 -0.0113372802734375 -0.0172328948974609 0.0343170166015625
-0.0220394134521484 -0.0333881378173828 0.000778198242187498 0.0550003051757813
0.00153541564941406 -0.0348186492919922 -0.00649261474609374 0.127029418945313
0.0014801025390625 -0.0317668914794922 -0.100372314453125 0.162307739257813
0.0581207275390625 -0.104629516601562 0.053253173828125 0.0816650390625
0.0372314453125 -0.117835998535156 0.0450592041015625 0.037200927734375
-0.0329132080078125 -0.111663818359375 0.0112724304199219 0.00126266479492187
-0.0931167602539063 -0.0611572265625 -0.0188140869140625 0.0108566284179687
-0.0956039428710938 0.00482177734375001 -0.0134124755859375 0.0298786163330078
-0.078948974609375 0.0690231323242188 -0.00297927856445313 0.0592384338378906
-0.036041259765625 0.0907058715820313 0.0213432312011719 0.0650711059570313
-0.0318603515625 0.0764236450195313 0.0345077514648437 0.0631752014160156
-0.0394058227539063 0.0816802978515625 0.0290145874023437 0.0642585754394531
-0.059539794921875 0.0688209533691406 0.00662994384765625 0.0644912719726563
-0.0747833251953125 0.0306167602539062 -0.000843048095703133 0.0459060668945313
-0.08428955078125 -0.00739288330078123 -0.00157546997070313 0.0382461547851563
-0.0581321716308594 -0.0651473999023438 0.00649261474609375 0.0692138671875
-0.0111541748046875 -0.0933074951171875 -0.0125732421875 0.123191833496094
0.00800323486328124 -0.0978546142578125 -0.09637451171875 0.145553588867188
0.05096435546875 -0.15228271484375 0.060089111328125 0.0486640930175781
0.00982666015625001 -0.152999877929687 0.0393638610839844 0.020355224609375
-0.0623245239257813 -0.119682312011719 0.0135116577148437 0.0110883712768555
-0.115753173828125 -0.0538330078125 0.00318145751953124 0.018829345703125
-0.107917785644531 0.0206222534179687 0.0125503540039062 0.0189266204833984
-0.081451416015625 0.0913543701171875 0.0157375335693359 0.0298385620117188
-0.0314712524414063 0.110122680664063 0.0264511108398437 0.0250778198242188
-0.0289154052734375 0.0959854125976563 0.0328655242919922 0.0227813720703125
-0.0371856689453125 0.106513977050781 0.03131103515625 0.0263500213623047
-0.06634521484375 0.0956344604492188 0.0200366973876953 0.0339202880859375
-0.0948715209960938 0.0490570068359375 0.0194587707519531 0.0266876220703125
-0.114578247070313 -0.00196838378906249 0.0177192687988281 0.0358963012695313
-0.0860137939453125 -0.0863723754882813 0.0135879516601562 0.0749435424804688
-0.0231094360351562 -0.13604736328125 -0.0177841186523438 0.104034423828125
0.0113372802734375 -0.148391723632813 -0.0854568481445313 0.1085205078125
0.03497314453125 -0.179733276367187 0.0630378723144531 0.00197219848632811
-0.0200958251953125 -0.168350219726563 0.0278244018554688 -0.00397300720214845
-0.0864028930664063 -0.111824035644531 0.0121269226074219 0.0174007415771484
-0.123626708984375 -0.035797119140625 0.0235939025878906 0.0213680267333984
-0.10418701171875 0.0353775024414062 0.0357131958007812 0.00194931030273438
-0.0711669921875 0.101821899414063 0.0300331115722656 -0.00416755676269531
-0.0215682983398437 0.113777160644531 0.0261650085449219 -0.0191287994384766
-0.0216751098632812 0.100593566894531 0.0265350341796875 -0.0213203430175781
-0.0298385620117188 0.113601684570313 0.0288753509521484 -0.0166797637939453
-0.0613937377929688 0.104736328125 0.0320606231689453 -0.00323486328124999
-0.09771728515625 0.0581741333007812 0.0381278991699219 0.001922607421875
-0.123588562011719 0.00457000732421873 0.0357246398925781 0.027008056640625
-0.0989990234375 -0.0916748046875 0.0208282470703125 0.0708084106445313
-0.0312347412109375 -0.15484619140625 -0.0227432250976563 0.072662353515625
0.010498046875 -0.1746826171875 -0.0706253051757813 0.058746337890625
0.01739501953125 -0.178482055664062 0.0626068115234375 -0.0499076843261719
-0.04058837890625 -0.158767700195313 0.0137233734130859 -0.0324821472167969
-0.0946197509765625 -0.090179443359375 0.00704860687255859 0.0160255432128906
-0.113418579101563 -0.0153121948242187 0.0384368896484375 0.0175209045410156
-0.0864181518554688 0.0443649291992187 0.0506744384765625 -0.0168113708496094
-0.0506668090820313 0.097198486328125 0.0365371704101563 -0.0386123657226562
-0.00811767578125001 0.100692749023437 0.0205001831054688 -0.0590934753417969
-0.0102767944335937 0.089324951171875 0.0151634216308594 -0.0623855590820312
-0.0180282592773437 0.101943969726562 0.023223876953125 -0.0577735900878906
-0.0456008911132813 0.0950393676757813 0.0405158996582031 -0.0404319763183594
-0.0813674926757813 0.0562667846679687 0.0526847839355469 -0.0230178833007812
-0.108634948730469 0.010650634765625 0.0494232177734375 0.0158576965332031
-0.0933380126953125 -0.0776138305664063 0.0241165161132813 0.0591049194335937
-0.0355072021484375 -0.144119262695313 -0.0273933410644531 0.0342388153076172
0.004241943359375 -0.171661376953125 -0.0523605346679687 0.00325775146484373
0.00146484375000001 -0.14990234375 0.0615921020507813 -0.0992813110351563
-0.0456466674804688 -0.126014709472656 0.00217437744140625 -0.0611495971679688
-0.0824813842773438 -0.0608062744140625 0.00117111206054687 0.0080714225769043
-0.086669921875 0.00142669677734374 0.0454673767089844 0.00722885131835938
-0.0580825805664063 0.0430755615234375 0.0549507141113281 -0.0354156494140625
-0.0265884399414062 0.077392578125 0.0348129272460937 -0.0674552917480469
0.00450897216796876 0.0725173950195313 0.00976562499999999 -0.0906295776367188
0.00126266479492188 0.0644149780273438 0.00212860107421874 -0.0938262939453125
-0.00335693359375001 0.072998046875 0.0152740478515625 -0.0884857177734375
-0.0205268859863281 0.06988525390625 0.0447959899902344 -0.0683670043945313
-0.0491485595703125 0.0457496643066406 0.0600204467773438 -0.0400047302246094
-0.0727005004882813 0.0175399780273437 0.0560951232910156 0.00684738159179688
-0.0730056762695313 -0.0471420288085938 0.0224647521972656 0.0435218811035156
-0.03729248046875 -0.107986450195312 -0.0305309295654297 -0.00225639343261719
-0.00794982910156251 -0.142730712890625 -0.034912109375 -0.0456428527832031
-0.0108108520507813 -0.0970840454101563 0.0623779296875 -0.137580871582031
-0.0370941162109375 -0.074981689453125 -0.00321960449218751 -0.0854339599609375
-0.0545997619628906 -0.0284271240234375 -0.00467395782470703 -0.00620746612548828
-0.0468063354492188 0.0112075805664063 0.0449371337890625 -0.00693511962890625
-0.0243186950683594 0.0320320129394531 0.0504264831542969 -0.0492668151855469
-0.00176620483398437 0.0447731018066406 0.0264434814453125 -0.0871658325195313
0.0152835845947266 0.0340423583984375 -0.00361633300781249 -0.108657836914063
0.0126609802246094 0.0290889739990234 -0.011199951171875 -0.110939025878906
0.0123481750488281 0.0326023101806641 0.00672149658203125 -0.105606079101563
0.00998497009277344 0.0349845886230469 0.0438385009765625 -0.0831832885742188
-0.00746726989746093 0.0321712493896484 0.059539794921875 -0.0474433898925781
-0.0277557373046875 0.0275783538818359 0.0542259216308594 0.00175857543945313
-0.0489387512207031 -0.00569915771484375 0.0164165496826172 0.0279140472412109
-0.0410423278808594 -0.0552864074707031 -0.0328960418701172 -0.030548095703125
-0.0239410400390625 -0.0940399169921875 -0.0234298706054688 -0.0831298828125
0.0483360290527344 0.0186500549316406 0.0524215698242188 0.0917205810546875
0.0654258728027344 -0.0204544067382813 0.0493202209472656 0.0354118347167969
0.0149269104003906 -0.0582199096679687 -0.00494194030761719 -0.0223770141601563
-0.0297355651855469 -0.04327392578125 -0.0558929443359375 0.000194549560546875
-0.0396842956542969 -0.0157814025878906 -0.0513572692871094 0.0466880798339844
-0.0432205200195312 0.00800323486328125 -0.025177001953125 0.0916900634765625
-0.029296875 0.0222301483154297 0.015472412109375 0.107994079589844
-0.0280723571777344 0.0138530731201172 0.0337448120117187 0.103752136230469
-0.0327358245849609 0.00579452514648437 0.0227737426757813 0.099212646484375
-0.0267543792724609 -0.00694465637207031 -0.010009765625 0.0888519287109375
-0.00987720489501953 -0.0169048309326172 -0.0269508361816406 0.0598182678222656
0.00437831878662109 -0.0166130065917969 -0.0259571075439453 0.0290870666503906
0.0198726654052734 -0.000461578369140625 -0.00275039672851562 0.0359306335449219
0.0219326019287109 0.028961181640625 0.00640869140625 0.112411499023438
0.000900268554687504 0.0438194274902344 -0.083740234375 0.158828735351563
0.0540084838867188 -0.0449485778808594 0.0591278076171875 0.0923690795898437
0.0525054931640625 -0.07379150390625 0.0527229309082031 0.0375175476074219
-0.0114898681640625 -0.089630126953125 0.0060586929321289 -0.011601448059082
-0.0672988891601562 -0.0526390075683594 -0.037689208984375 0.00541687011718749
-0.072235107421875 -0.00205993652343749 -0.032470703125 0.0399208068847656
-0.06219482421875 0.0450477600097656 -0.011444091796875 0.078857421875
-0.0305671691894531 0.0623435974121094 0.0241317749023438 0.089752197265625
-0.0286178588867187 0.0503463745117188 0.0416030883789063 0.0866470336914063
-0.0352401733398438 0.04833984375 0.0333633422851562 0.085296630859375
-0.0429458618164063 0.0349502563476563 0.00323486328125 0.0819015502929688
-0.0427589416503906 0.00886917114257812 -0.0109634399414063 0.0581512451171875
-0.0404090881347656 -0.0100936889648437 -0.0131187438964844 0.0380783081054688
-0.0200099945068359 -0.0310020446777344 0.0037994384765625 0.0555076599121094
0.00353813171386719 -0.0306816101074219 0.00347137451171874 0.124336242675781
0.00226974487304687 -0.0256118774414063 -0.08526611328125 0.166000366210938
0.0504531860351563 -0.103889465332031 0.066864013671875 0.0759048461914063
0.0299835205078125 -0.118743896484375 0.0525360107421875 0.0308341979980469
-0.0401763916015625 -0.108818054199219 0.0137414932250977 -0.000917434692382819
-0.0973129272460937 -0.0536727905273438 -0.0156440734863281 0.0123844146728516
-0.0949172973632813 0.0123672485351563 -0.00778770446777344 0.0298290252685547
-0.072662353515625 0.0750885009765625 0.00527191162109375 0.0557136535644531
-0.02764892578125 0.0928726196289062 0.0298957824707031 0.0584716796875
-0.0258941650390625 0.0791473388671875 0.0429725646972656 0.0555000305175781
-0.0326309204101562 0.0840835571289063 0.0381698608398437 0.0572853088378906
-0.05322265625 0.0723800659179688 0.0167655944824219 0.0627326965332031
-0.0707855224609375 0.0350570678710938 0.00682449340820312 0.04705810546875
-0.0814361572265625 -0.000915527343749994 0.00375747680664062 0.0414009094238281
-0.0587997436523437 -0.0580711364746094 0.0121574401855469 0.0698623657226563
-0.0156173706054688 -0.0866470336914063 -0.00138092041015625 0.122520446777344
0.000793457031250007 -0.0914535522460938 -0.082061767578125 0.151046752929688
0.03643798828125 -0.150070190429688 0.071624755859375 0.04388427734375
-0.00242614746093751 -0.149078369140625 0.0460395812988281 0.0157089233398437
-0.0697021484375 -0.112281799316406 0.0172815322875977 0.00848197937011718
-0.117042541503906 -0.0432891845703125 0.00732040405273437 0.0176506042480469
-0.103523254394531 0.028717041015625 0.0176010131835937 0.0161914825439453
-0.071044921875 0.096160888671875 0.0219192504882812 0.0248832702636719
-0.0202178955078125 0.110099792480469 0.0307350158691406 0.0182743072509766
-0.0188369750976563 0.0966720581054687 0.0376091003417969 0.0153694152832031
-0.0260162353515625 0.107749938964844 0.0374069213867188 0.0197792053222656
-0.0554275512695313 0.09893798828125 0.0280418395996094 0.0312252044677734
-0.087982177734375 0.0560073852539063 0.0260295867919922 0.0264625549316406
-0.110542297363281 0.00857543945312498 0.0228958129882812 0.0370368957519531
-0.0890274047851563 -0.0759811401367188 0.02117919921875 0.0752716064453125
-0.0328140258789063 -0.128326416015625 -0.00762939453124999 0.105506896972656
-0.00187683105468751 -0.141815185546875 -0.0745849609375 0.115760803222656
0.0160064697265625 -0.176223754882813 0.0704345703125 4.57763671874892E-05
-0.03570556640625 -0.16058349609375 0.0323486328125 -0.00539207458496095
-0.0936737060546875 -0.0999679565429688 0.0170230865478516 0.014714241027832
-0.123085021972656 -0.0227737426757812 0.0278739929199219 0.0189323425292969
-0.0970840454101563 0.04437255859375 0.0392417907714844 -0.0014801025390625
-0.0573959350585937 0.104965209960938 0.0333614349365234 -0.0098743438720703
-0.00819396972656249 0.1109619140625 0.0264949798583984 -0.0241470336914062
-0.00995635986328126 0.09967041015625 0.0263271331787109 -0.0267353057861328
-0.0162811279296875 0.113563537597656 0.0308990478515625 -0.0217838287353516
-0.0475692749023438 0.10760498046875 0.0358772277832031 -0.00672149658203124
-0.0889358520507813 0.0663833618164062 0.0418014526367187 -0.0010223388671875
-0.118858337402344 0.0171890258789063 0.0405693054199219 0.0264434814453125
-0.103218078613281 -0.0786972045898437 0.029083251953125 0.0705032348632813
-0.044921875 -0.146591186523438 -0.0154647827148438 0.0758895874023437
-0.0079498291015625 -0.168609619140625 -0.0645370483398438 0.0665397644042969
-0.0029754638671875 -0.175765991210938 0.0639762878417969 -0.048797607421875
-0.05792236328125 -0.149078369140625 0.0152053833007812 -0.0304412841796875
-0.1009521484375 -0.0773696899414063 0.0125131607055664 0.0148515701293945
-0.112007141113281 -0.00177764892578127 0.0418624877929687 0.0136299133300781
-0.0779876708984375 0.0528106689453125 0.0510940551757812 -0.0208930969238281
-0.0362548828125 0.0985870361328125 0.0360527038574219 -0.0431671142578125
0.00510406494140626 0.0960922241210938 0.0160331726074219 -0.0624465942382813
0.00113677978515626 0.0869598388671875 0.0108718872070313 -0.0652275085449219
-0.00405120849609375 0.09967041015625 0.0203285217285156 -0.0606765747070312
-0.03192138671875 0.0966949462890625 0.0399971008300781 -0.0440940856933594
-0.0718231201171875 0.0637969970703125 0.0529594421386719 -0.0267562866210937
-0.102783203125 0.023406982421875 0.0532875061035156 0.0131416320800781
-0.0974273681640625 -0.0644302368164063 0.0316925048828125 0.0575637817382813
-0.0504226684570313 -0.136299133300781 -0.0232391357421875 0.0392990112304687
-0.0156707763671875 -0.167068481445313 -0.0523948669433594 0.0123443603515625
-0.0173187255859375 -0.148300170898438 0.0572738647460938 -0.0971908569335938
-0.0618133544921875 -0.118461608886719 0.000228881835937493 -0.0565376281738281
-0.0894775390625 -0.0488128662109375 0.00577163696289062 0.0076904296875
-0.0844650268554688 0.0129928588867187 0.0475540161132812 0.00261688232421875
-0.0498580932617188 0.050018310546875 0.0524330139160156 -0.0396842956542969
-0.0138397216796875 0.0777664184570313 0.0303802490234375 -0.0704803466796875
0.01531982421875 0.0678215026855469 0.00196075439453125 -0.0906829833984375
0.010833740234375 0.0604705810546875 -0.00640106201171876 -0.0934295654296875
0.0081024169921875 0.0701408386230469 0.00823211669921875 -0.089752197265625
-0.00864791870117187 0.068878173828125 0.0404205322265625 -0.07196044921875
-0.0401420593261719 0.0506591796875 0.05767822265625 -0.0443611145019531
-0.0668601989746094 0.0273666381835938 0.0576972961425781 0.00320816040039063
-0.0759658813476563 -0.0355072021484375 0.0282135009765625 0.0418510437011719
-0.0503158569335938 -0.100006103515625 -0.0305690765380859 0.00424766540527343
-0.0261383056640625 -0.139053344726563 -0.041595458984375 -0.0378074645996094
-0.0240325927734375 -0.0974502563476563 0.0523605346679687 -0.134979248046875
-0.0487747192382813 -0.0708541870117188 -0.00765991210937501 -0.079925537109375
-0.0596809387207031 -0.0204544067382813 -0.00165605545043946 -0.00598239898681641
-0.0460662841796875 0.01947021484375 0.0447731018066406 -0.0117721557617187
-0.0181808471679688 0.0370941162109375 0.0452041625976563 -0.0542030334472656
0.00769805908203125 0.0442543029785156 0.01849365234375 -0.08782958984375
0.0225486755371094 0.0292854309082031 -0.0147552490234375 -0.105743408203125
0.0194721221923828 0.025390625 -0.0217514038085938 -0.107414245605469
0.0191669464111328 0.0284900665283203 -0.00315093994140624 -0.10369873046875
0.0177326202392578 0.0321273803710937 0.0366058349609375 -0.0856094360351563
9.72747802734405E-05 0.0337104797363281 0.0550804138183594 -0.0511398315429688
-0.0213794708251953 0.0336856842041016 0.0550460815429688 -0.00265884399414062
-0.0487747192382813 0.00371551513671874 0.0198726654052734 0.0269794464111328
-0.0508041381835938 -0.0483360290527344 -0.0367965698242188 -0.0229339599609375
-0.0389022827148438 -0.0905075073242188 -0.0344467163085938 -0.0755081176757812
0.0533638000488281 0.0149421691894531 0.05902099609375 0.0807571411132813
0.0664253234863281 -0.0282096862792969 0.051971435546875 0.0273704528808594
0.0104141235351562 -0.0621185302734375 -0.00544548034667969 -0.0228557586669922
-0.0346145629882813 -0.0427284240722656 -0.0536079406738281 0.002899169921875
-0.0432395935058594 -0.0125656127929687 -0.0463142395019531 0.0466575622558594
-0.0448341369628906 0.0138053894042969 -0.0185470581054688 0.0881195068359375
-0.0296039581298828 0.0272808074951172 0.0218429565429688 0.100624084472656
-0.0288047790527344 0.0183048248291016 0.0396270751953125 0.0959091186523438
-0.0350780487060547 0.0109081268310547 0.0293655395507812 0.092376708984375
-0.0309505462646484 -0.0053253173828125 -0.00312042236328125 0.0849609375
-0.0132637023925781 -0.0192451477050781 -0.0211334228515625 0.0602645874023438
0.00340080261230468 -0.0208225250244141 -0.0224647521972656 0.0316238403320313
0.0240612030029297 -0.0035552978515625 -0.00314712524414062 0.0355682373046875
0.0300369262695313 0.0285720825195313 0.00954437255859375 0.105049133300781
0.00984573364257813 0.0461807250976563 -0.0744476318359375 0.153396606445313
0.0544471740722656 -0.0448646545410156 0.0671234130859375 0.0815887451171875
0.051025390625 -0.0767059326171875 0.0560646057128906 0.0297355651855469
-0.0156478881835937 -0.0897979736328125 0.00655364990234375 -0.0137977600097656
-0.0700263977050781 -0.0494537353515625 -0.0344409942626953 0.00667190551757812
-0.0729827880859375 0.00223541259765624 -0.0268402099609375 0.0388374328613281
-0.0600814819335938 0.0490760803222656 -0.00497436523437501 0.0738525390625
-0.0276985168457031 0.0641555786132813 0.0294570922851562 0.0811691284179688
-0.0265693664550781 0.0521888732910156 0.0466232299804688 0.07647705078125
-0.0338287353515625 0.0507049560546875 0.039703369140625 0.07696533203125
-0.0425338745117188 0.0358772277832031 0.0118789672851562 0.0775909423828125
-0.0421867370605469 0.00810241699218749 -0.00445938110351562 0.0577430725097656
-0.0383148193359375 -0.0109176635742188 -0.00918960571289063 0.0401763916015625
-0.0157814025878906 -0.0298233032226562 0.00530624389648438 0.054901123046875
0.008392333984375 -0.0273475646972656 0.0088348388671875 0.118034362792969
0.00564765930175781 -0.0194225311279297 -0.0735626220703125 0.162094116210938
0.04583740234375 -0.0994644165039063 0.0757904052734375 0.0658340454101563
0.0257568359375 -0.116127014160156 0.0567359924316406 0.023345947265625
-0.0431900024414063 -0.105255126953125 0.015380859375 -0.0039663314819336
-0.0975189208984375 -0.0480117797851563 -0.0120134353637695 0.0118722915649414
-0.0915298461914063 0.0167694091796875 -0.00266265869140626 0.0271148681640625
-0.0668716430664063 0.0773239135742188 0.0105247497558594 0.0492782592773438
-0.0219039916992187 0.0917129516601562 0.033599853515625 0.0500679016113281
-0.02117919921875 0.0789108276367188 0.0463333129882813 0.0461769104003906
-0.0282363891601562 0.0839462280273438 0.0433387756347656 0.0493125915527344
-0.0476531982421875 0.0722732543945313 0.0242424011230469 0.0575752258300781
-0.0667495727539062 0.0358619689941406 0.0131034851074219 0.0458259582519531
-0.0765762329101563 0.00151062011718752 0.00856781005859374 0.0423698425292969
-0.0547943115234375 -0.0524749755859375 0.0158462524414062 0.0690116882324219
-0.0147247314453125 -0.0796279907226563 0.00489044189453124 0.117759704589844
-0.000656127929687497 -0.0825347900390625 -0.070526123046875 0.14947509765625
0.0272979736328125 -0.142013549804688 0.0795364379882812 0.0378189086914062
-0.00848388671874999 -0.140777587890625 0.0506134033203125 0.0102653503417969
-0.0708847045898438 -0.104591369628906 0.0203838348388672 0.00496482849121093
-0.114791870117188 -0.0352096557617188 0.0108060836791992 0.0153675079345703
-0.0976028442382813 0.033203125 0.0213489532470703 0.012664794921875
-0.0621337890625 0.0954437255859375 0.02545166015625 0.0189971923828125
-0.0123748779296875 0.105857849121094 0.0325641632080078 0.0109882354736328
-0.012451171875 0.093536376953125 0.0391120910644531 0.00773239135742188
-0.0181732177734375 0.104896545410156 0.0399093627929687 0.012725830078125
-0.04693603515625 0.0972213745117188 0.0337657928466797 0.0265159606933594
-0.080596923828125 0.0574874877929688 0.0311431884765625 0.0241737365722656
-0.10333251953125 0.0137939453125 0.0275764465332031 0.0373954772949219
-0.0859222412109375 -0.0667800903320313 0.0262832641601562 0.0740432739257813
-0.035919189453125 -0.118499755859375 -0.000457763671875008 0.103462219238281
-0.00854492187499999 -0.131118774414062 -0.0645370483398437 0.117851257324219
0.0038909912109375 -0.165481567382813 0.076324462890625 -0.00221252441406251
-0.04339599609375 -0.14837646484375 0.0369949340820313 -0.00716400146484376
-0.0939102172851563 -0.0892715454101562 0.0203800201416016 0.0116100311279297
-0.117752075195313 -0.0139389038085938 0.0310764312744141 0.0152854919433594
-0.0887298583984375 0.0477828979492187 0.0409317016601562 -0.00548934936523437
-0.0466232299804688 0.101547241210938 0.0345573425292969 -0.0153903961181641
4.57763671874887E-05 0.10430908203125 0.0255413055419922 -0.0288753509521484
-0.00240325927734375 0.0943984985351562 0.0252857208251953 -0.0318279266357422
-0.00661468505859374 0.108512878417969 0.0303783416748047 -0.0267047882080078
-0.0371246337890625 0.105094909667969 0.0389060974121094 -0.0110435485839844
-0.0793075561523438 0.0687103271484375 0.0446357727050781 -0.00364303588867187
-0.110244750976563 0.0245590209960938 0.044189453125 0.0247039794921875
-0.100143432617188 -0.0678024291992188 0.035064697265625 0.0680961608886719
-0.051055908203125 -0.134918212890625 -0.00830841064453126 0.0762863159179687
-0.018341064453125 -0.156982421875 -0.0576705932617188 0.0713043212890625
-0.0171051025390625 -0.16552734375 0.0663490295410156 -0.0467033386230469
-0.066558837890625 -0.13604736328125 0.0187892913818359 -0.0283050537109375
-0.101707458496094 -0.0647964477539063 0.0167150497436523 0.0120115280151367
-0.105255126953125 0.0078277587890625 0.0440711975097656 0.00973892211914063
-0.0682449340820313 0.0554962158203125 0.0511054992675781 -0.0241279602050781
-0.0247116088867188 0.0940780639648437 0.0350341796875 -0.0468940734863281
0.0133285522460938 0.0880126953125 0.0124549865722656 -0.0636100769042969
0.00851440429687501 0.0808486938476562 0.00763702392578125 -0.0659599304199219
0.0052642822265625 0.0938796997070313 0.0174942016601562 -0.0625686645507813
-0.0207672119140625 0.092864990234375 0.0395050048828125 -0.0464553833007813
-0.0617446899414062 0.0658187866210938 0.0531158447265625 -0.0291481018066406
-0.0936355590820313 0.030426025390625 0.0551033020019531 0.0106773376464844
-0.094970703125 -0.052490234375 0.0369491577148437 0.0551185607910156
-0.0579376220703125 -0.124183654785156 -0.0181121826171875 0.0419654846191406
-0.02886962890625 -0.155075073242188 -0.0497016906738281 0.019378662109375
-0.0294113159179688 -0.140281677246094 0.0558853149414063 -0.0909271240234375
-0.0706634521484375 -0.106758117675781 0.00209426879882812 -0.0510520935058594
-0.0904083251953125 -0.03802490234375 0.00935649871826171 0.0057992935180664
-0.078277587890625 0.0214996337890625 0.048095703125 -0.00113677978515625
-0.041290283203125 0.0527610778808594 0.0498199462890625 -0.0421714782714844
-0.00327301025390625 0.0726852416992188 0.026641845703125 -0.0711593627929688
0.0226058959960937 0.0596275329589844 -0.00350189208984375 -0.0881729125976563
0.0169486999511719 0.0546226501464844 -0.0115127563476563 -0.0903091430664063
0.0155563354492187 0.0629158020019531 0.00318145751953124 -0.0882110595703125
0.000915527343750001 0.0638160705566406 0.0365524291992187 -0.07257080078125
-0.0310287475585938 0.0506095886230469 0.0551414489746094 -0.0461158752441406
-0.0584793090820313 0.0331878662109375 0.058349609375 0.000255584716796877
-0.0733566284179687 -0.0247268676757813 0.032073974609375 0.0396270751953125
-0.057861328125 -0.0892410278320312 -0.0281429290771484 0.00901412963867187
-0.03948974609375 -0.128509521484375 -0.0432090759277344 -0.028839111328125
-0.0341567993164063 -0.0944290161132813 0.0481414794921875 -0.1270751953125
-0.0568923950195312 -0.0638351440429688 -0.00830078125 -0.0733489990234375
-0.0621299743652344 -0.0128822326660156 0.00103950500488281 -0.00699186325073242
-0.0424880981445313 0.0261344909667969 0.0432395935058594 -0.0152435302734375
-0.0115203857421875 0.0389862060546875 0.0404243469238281 -0.0548210144042969
0.0151023864746094 0.0403518676757812 0.012542724609375 -0.08612060546875
0.0268726348876953 0.0224895477294922 -0.0207977294921875 -0.100090026855469
0.0225982666015625 0.0197315216064453 -0.0283584594726563 -0.1007080078125
0.0238800048828125 0.0218257904052734 -0.00938415527343749 -0.09912109375
0.0243034362792969 0.0261898040771484 0.0309906005859375 -0.0843276977539063
0.00720596313476562 0.0322456359863281 0.0515022277832031 -0.0519371032714844
-0.0141754150390625 0.0363426208496094 0.0536689758300781 -0.00468063354492187
-0.0456428527832031 0.0115242004394531 0.0218486785888672 0.025848388671875
-0.0568618774414062 -0.0388908386230469 -0.0366477966308594 -0.0160598754882813
-0.050048828125 -0.0833282470703125 -0.0402908325195313 -0.0649261474609375
0.0576210021972656 0.0127067565917969 0.0616226196289063 0.0709075927734375
0.0667037963867187 -0.0347785949707031 0.0522232055664063 0.0208091735839844
0.00630569458007813 -0.06585693359375 -0.00600051879882812 -0.0233287811279297
-0.0399284362792969 -0.0418243408203125 -0.0516204833984375 0.00391387939453125
-0.0464248657226563 -0.00963211059570313 -0.0431060791015625 0.0451774597167969
-0.0463294982910156 0.0187416076660156 -0.0160140991210938 0.0839309692382813
-0.0294933319091797 0.0315361022949219 0.023773193359375 0.094818115234375
-0.0297412872314453 0.0220623016357422 0.0414886474609375 0.0886993408203125
-0.0365142822265625 0.016082763671875 0.0315170288085937 0.0860061645507813
-0.0351486206054688 -0.00275421142578125 0.000839233398437495 0.0812606811523438
-0.0174236297607422 -0.0208377838134766 -0.0172042846679687 0.0589332580566406
0.00180435180664063 -0.0245819091796875 -0.0210456848144531 0.0332527160644531
0.0281295776367188 -0.00740623474121094 -0.004669189453125 0.0360336303710938
0.0377578735351563 0.0262107849121094 0.0084075927734375 0.0992202758789063
0.0183792114257813 0.0464439392089844 -0.072021484375 0.145919799804687
0.0571250915527344 -0.0429191589355469 0.0713577270507813 0.0708236694335938
0.0518951416015625 -0.0794677734375 0.0571098327636719 0.0225372314453125
-0.0179290771484375 -0.0904541015625 0.00659656524658203 -0.0152578353881836
-0.0721817016601562 -0.0479278564453125 -0.0325260162353516 0.00654029846191406
-0.0741348266601563 0.00473022460937499 -0.0242805480957031 0.0361557006835938
-0.0595893859863281 0.0524673461914063 -0.00252914428710937 0.0681076049804688
-0.0263481140136719 0.0661468505859375 0.0302581787109375 0.0740966796875
-0.026123046875 0.0537910461425781 0.0478935241699219 0.0686492919921875
-0.0345649719238281 0.0532951354980469 0.0420303344726563 0.0695419311523438
-0.0438652038574219 0.0359001159667969 0.016326904296875 0.0725784301757813
-0.0432662963867188 0.00629043579101563 0.000347137451171871 0.0560455322265625
-0.0371818542480469 -0.0133514404296875 -0.00579452514648438 0.0418968200683594
-0.0104808807373047 -0.0303974151611328 0.00525283813476563 0.0549278259277344
0.0152111053466797 -0.0248260498046875 0.00917816162109375 0.112716674804688
0.0118942260742188 -0.0145721435546875 -0.06915283203125 0.155838012695313
0.0464096069335938 -0.093505859375 0.0807037353515625 0.0577011108398437
0.02618408203125 -0.113670349121094 0.0587158203125 0.0168418884277344
-0.0428466796875 -0.104049682617188 0.0161495208740234 -0.00650691986083985
-0.096771240234375 -0.0459442138671875 -0.00993824005126954 0.0100736618041992
-0.09027099609375 0.0181808471679687 -0.000169754028320316 0.0239086151123047
-0.064422607421875 0.0770492553710938 0.0129318237304687 0.043060302734375
-0.0199813842773438 0.090576171875 0.0336837768554688 0.0426521301269531
-0.0195159912109375 0.07818603515625 0.0470161437988281 0.0380363464355469
-0.0266571044921875 0.0835189819335937 0.04486083984375 0.0416946411132813
-0.0462875366210938 0.07086181640625 0.0287704467773437 0.0524330139160156
-0.0647430419921875 0.0337104797363281 0.0186614990234375 0.0435867309570313
-0.072784423828125 9.15527343749955E-05 0.0125885009765625 0.0433273315429688
-0.0488433837890625 -0.0507240295410156 0.0178565979003906 0.0689201354980469
-0.0100631713867187 -0.0748519897460938 0.0070648193359375 0.113937377929688
0.00222015380859375 -0.07415771484375 -0.0650177001953125 0.146194458007812
0.0252304077148438 -0.132537841796875 0.0859451293945313 0.0316162109375
-0.00829315185546874 -0.134239196777344 0.0539321899414063 0.00550079345703124
-0.0687255859375 -0.100387573242187 0.0222625732421875 0.00195121765136718
-0.110740661621094 -0.0330810546875 0.0134687423706055 0.0130558013916016
-0.0934066772460938 0.032928466796875 0.0237560272216797 0.00811958312988281
-0.0582199096679688 0.0928802490234375 0.027069091796875 0.0121097564697266
-0.0095977783203125 0.101547241210938 0.0325679779052734 0.00466918945312501
-0.00991058349609374 0.09075927734375 0.0388298034667969 0.00126647949218751
-0.01495361328125 0.10150146484375 0.0413589477539063 0.00606536865234376
-0.0423583984375 0.0943679809570313 0.0379638671875 0.0214614868164063
-0.0765838623046875 0.055938720703125 0.0358009338378906 0.0215721130371094
-0.097808837890625 0.0139846801757812 0.0319366455078125 0.0372161865234375
-0.0797195434570313 -0.0629653930664062 0.0297164916992187 0.0728225708007813
-0.0332412719726562 -0.111503601074219 0.00294494628906249 0.10113525390625
-0.00891876220703126 -0.120948791503906 -0.0586471557617187 0.116546630859375
-0.000671386718750003 -0.15478515625 0.08282470703125 -0.00479888916015626
-0.0441207885742188 -0.137641906738281 0.04168701171875 -0.00960922241210939
-0.0899658203125 -0.0826797485351562 0.0232048034667969 0.00765419006347656
-0.111488342285156 -0.010009765625 0.0328960418701172 0.0128955841064453
-0.0827789306640625 0.046905517578125 0.0429420471191406 -0.008758544921875
-0.0413284301757813 0.0959320068359375 0.0348606109619141 -0.0200309753417969
0.00325775146484376 0.097869873046875 0.0247077941894531 -0.0325393676757812
0.000869750976562492 0.0896224975585938 0.0237884521484375 -0.0356941223144531
-0.0026702880859375 0.103050231933594 0.0307579040527344 -0.0316944122314453
-0.03125 0.100372314453125 0.0413246154785156 -0.0145835876464844
-0.0726852416992187 0.0674057006835937 0.0478248596191406 -0.00554275512695312
-0.102622985839844 0.0265274047851562 0.0481338500976562 0.02398681640625
-0.0948104858398438 -0.0616455078125 0.0386238098144531 0.0657463073730469
-0.0506973266601563 -0.126350402832031 -0.00402069091796876 0.0755615234375
-0.0216064453125 -0.144912719726563 -0.0523452758789063 0.073638916015625
-0.0235443115234375 -0.154983520507813 0.0726699829101563 -0.0447311401367188
-0.0689239501953125 -0.12384033203125 0.0235576629638672 -0.0270442962646484
-0.09820556640625 -0.0568161010742187 0.0199661254882812 0.00909423828125
-0.0976409912109375 0.0121536254882813 0.0457077026367187 0.00664138793945313
-0.0605545043945313 0.0544815063476563 0.0512428283691406 -0.0271148681640625
-0.0188827514648438 0.0878829956054688 0.035064697265625 -0.0494346618652344
0.0165023803710937 0.080108642578125 0.0109901428222656 -0.0645065307617188
0.0117340087890625 0.074798583984375 0.00575637817382812 -0.0673446655273438
0.00969696044921876 0.0863494873046875 0.0163955688476563 -0.0644912719726562
-0.014251708984375 0.0863723754882813 0.0400009155273437 -0.049041748046875
-0.0544509887695312 0.0634651184082031 0.0541114807128906 -0.0308341979980469
-0.0854339599609375 0.0328750610351563 0.0572166442871094 0.00928497314453125
-0.0896682739257813 -0.045623779296875 0.0406990051269531 0.0526351928710938
-0.059661865234375 -0.114372253417969 -0.0136260986328125 0.0434608459472656
-0.0341949462890625 -0.143096923828125 -0.0458641052246094 0.02490234375
-0.0374908447265625 -0.132453918457031 0.0594863891601563 -0.0857009887695313
-0.0745086669921875 -0.0963897705078125 0.0061492919921875 -0.046875
-0.088531494140625 -0.03033447265625 0.0124349594116211 0.00399589538574219
-0.0724258422851563 0.0265579223632812 0.0482101440429687 -0.00420761108398437
-0.0335578918457031 0.0520820617675781 0.0487823486328125 -0.0426483154296875
0.0030670166015625 0.0664825439453125 0.0250320434570312 -0.0716018676757813
0.0255775451660156 0.051666259765625 -0.00550079345703124 -0.08642578125
0.0198593139648437 0.04779052734375 -0.01361083984375 -0.0883560180664063
0.019439697265625 0.0554618835449219 0.000984191894531255 -0.0867996215820312
0.00627899169921876 0.0567474365234375 0.0356369018554687 -0.0726165771484375
-0.0240745544433594 0.0486869812011719 0.0546150207519531 -0.0468940734863281
-0.0503883361816406 0.0351524353027344 0.0588035583496094 -0.000785827636718748
-0.0685310363769531 -0.0177116394042969 0.03460693359375 0.037933349609375
-0.0608596801757812 -0.0792922973632813 -0.0247974395751953 0.0131034851074219
-0.046844482421875 -0.118293762207031 -0.0424385070800781 -0.0206871032714844
-0.0415267944335938 -0.0905227661132812 0.0495147705078125 -0.119560241699219
-0.06195068359375 -0.0581893920898437 -0.0049285888671875 -0.067962646484375
-0.0629539489746094 -0.00659942626953126 0.00367498397827148 -0.00798273086547852
-0.0390739440917969 0.0314140319824219 0.04180908203125 -0.0170440673828125
-0.005615234375 0.0393180847167969 0.0367813110351562 -0.0544281005859375
0.0203781127929688 0.035400390625 0.010101318359375 -0.0833663940429688
0.0292034149169922 0.0160865783691406 -0.022705078125 -0.0945205688476563
0.0249862670898438 0.0146350860595703 -0.030120849609375 -0.0954360961914063
0.0258998870849609 0.0152263641357422 -0.0115890502929687 -0.09466552734375
0.0281505584716797 0.0200824737548828 0.0287399291992188 -0.082763671875
0.0130252838134766 0.0290031433105469 0.0492172241210937 -0.0516777038574219
-0.00765609741210937 0.0369377136230469 0.0535125732421875 -0.00580978393554687
-0.0418701171875 0.0176544189453125 0.0235633850097656 0.0244655609130859
-0.0596847534179688 -0.0312690734863281 -0.0347919464111328 -0.0102005004882813
-0.0572967529296875 -0.0751266479492188 -0.0416221618652344 -0.0551414489746094
0.0634651184082031 0.0100631713867188 0.061920166015625 0.0625572204589844
0.06781005859375 -0.0427169799804688 0.0515670776367188 0.0145187377929687
0.00236892700195312 -0.0698890686035156 -0.00620079040527344 -0.0242691040039063
-0.0445709228515625 -0.0419731140136719 -0.0506515502929688 0.00382995605468749
-0.0501480102539063 -0.00670623779296874 -0.0425376892089844 0.0439033508300781
-0.0476722717285156 0.0245552062988281 -0.0152587890625 0.0820236206054687
-0.0293807983398437 0.0369644165039063 0.023193359375 0.0914306640625
-0.0298480987548828 0.0268211364746094 0.041046142578125 0.0845413208007813
-0.0388565063476563 0.0219383239746094 0.0321273803710938 0.0819473266601563
-0.0390090942382813 0.000522613525390622 0.0025787353515625 0.0779571533203125
-0.0220241546630859 -0.0223350524902344 -0.01513671875 0.0579986572265625
-0.000642776489257813 -0.0288715362548828 -0.0189781188964844 0.0345783233642578
0.0314865112304688 -0.0126895904541016 -0.00698471069335938 0.0382041931152344
0.0462074279785156 0.0236053466796875 0.00408172607421875 0.0966415405273438
0.02593994140625 0.0466346740722656 -0.0738983154296875 0.140884399414063
0.0619544982910156 -0.0429153442382813 0.0736312866210938 0.0629653930664063
0.0540695190429688 -0.0835723876953125 0.0576171875 0.0162773132324219
-0.0201263427734375 -0.0941390991210938 0.00686454772949219 -0.0175971984863281
-0.076080322265625 -0.0482254028320312 -0.0310935974121094 0.00496673583984375
-0.0761871337890625 0.0059967041015625 -0.0224170684814453 0.0330314636230469
-0.0611076354980469 0.0552330017089844 -0.00231170654296875 0.0642738342285156
-0.0263404846191406 0.0691413879394531 0.0303153991699219 0.0687217712402344
-0.0263404846191406 0.0572319030761719 0.0475425720214844 0.0623855590820313
-0.0358123779296875 0.0565872192382812 0.0423851013183594 0.0634231567382813
-0.0469436645507813 0.03759765625 0.0185890197753906 0.0686836242675781
-0.0460090637207031 0.00408172607421875 0.00394439697265625 0.0546646118164063
-0.0373344421386719 -0.0174636840820313 -0.00311279296875 0.042999267578125
-0.00525093078613281 -0.0341053009033203 0.00537872314453125 0.0568313598632813
0.0227317810058594 -0.0256843566894531 0.00745391845703124 0.110649108886719
0.0191688537597656 -0.0116901397705078 -0.06951904296875 0.152297973632813
0.051025390625 -0.0906982421875 0.0857925415039063 0.0494766235351563
0.0289154052734375 -0.11468505859375 0.0606231689453125 0.0101547241210937
-0.0429229736328125 -0.10552978515625 0.0168371200561523 -0.00975894927978516
-0.0979995727539063 -0.0462570190429688 -0.00797414779663086 0.00835657119750976
-0.0914154052734375 0.0182571411132813 0.00150299072265624 0.019805908203125
-0.0648269653320312 0.078399658203125 0.013031005859375 0.0382003784179688
-0.0208206176757813 0.0911178588867188 0.0327644348144531 0.0367584228515625
-0.0196380615234375 0.07916259765625 0.0454063415527344 0.0312690734863281
-0.0268020629882813 0.0847930908203125 0.0460090637207031 0.035308837890625
-0.0473480224609375 0.0703964233398438 0.0320510864257812 0.0472869873046875
-0.0657768249511719 0.0315628051757812 0.0228500366210938 0.0418281555175781
-0.0714263916015625 -0.002532958984375 0.0167617797851562 0.044036865234375
-0.0435867309570313 -0.0523109436035156 0.01904296875 0.0701980590820313
-0.00309753417968751 -0.0734024047851563 0.0074005126953125 0.112991333007813
0.00863265991210937 -0.0685882568359375 -0.063568115234375 0.144012451171875
0.0276107788085938 -0.12677001953125 0.0920639038085938 0.0253982543945312
-0.00452423095703125 -0.131782531738281 0.0572357177734375 -7.62939453125081E-05
-0.0665130615234375 -0.100555419921875 0.0231361389160156 -0.00213813781738282
-0.109054565429688 -0.0331573486328125 0.015254020690918 0.0100860595703125
-0.092742919921875 0.0322723388671875 0.0260066986083984 0.00405502319335938
-0.0579071044921875 0.0911026000976563 0.0272560119628906 0.00702667236328126
-0.00931549072265626 0.0996170043945312 0.0312709808349609 -0.00116539001464843
-0.00997161865234375 0.08929443359375 0.0372734069824219 -0.00529098510742187
-0.0145111083984375 0.0999298095703125 0.0412368774414063 8.39233398437561E-05
-0.0414352416992188 0.0920867919921875 0.0410881042480469 0.0157890319824219
-0.0746383666992188 0.0537033081054687 0.0398063659667969 0.0186691284179688
-0.09466552734375 0.0123443603515625 0.0364494323730469 0.0377159118652344
-0.07403564453125 -0.0627517700195313 0.0320358276367188 0.0731353759765625
-0.028564453125 -0.107917785644531 0.005279541015625 0.100799560546875
-0.00526428222656251 -0.113784790039063 -0.0557708740234375 0.11749267578125
-0.000442504882812507 -0.14691162109375 0.0909500122070313 -0.00728607177734376
-0.0413742065429687 -0.1319580078125 0.0465736389160156 -0.0136566162109375
-0.0865936279296875 -0.0801925659179687 0.0249404907226562 0.00386810302734374
-0.107795715332031 -0.010040283203125 0.03515625 0.00962066650390625
-0.0794219970703125 0.0443801879882813 0.0447158813476563 -0.0134239196777344
-0.0399856567382813 0.0923080444335938 0.035369873046875 -0.0255088806152344
0.00305175781249999 0.0931396484375 0.023223876953125 -0.0373802185058594
0.000778198242187504 0.0863037109375 0.0231819152832031 -0.0406837463378906
-0.00192260742187501 0.0986404418945313 0.030517578125 -0.0363273620605469
-0.0288314819335938 0.0961761474609375 0.0433731079101563 -0.0194129943847656
-0.0704879760742188 0.0646438598632813 0.0510635375976562 -0.0086212158203125
-0.0981979370117188 0.0254669189453125 0.051788330078125 0.0231666564941406
-0.0901947021484375 -0.059967041015625 0.0416793823242188 0.0661087036132813
-0.0483779907226563 -0.120834350585938 -0.000411987304687497 0.0770950317382812
-0.0208816528320312 -0.136909484863281 -0.0483856201171875 0.0761642456054687
-0.026519775390625 -0.14727783203125 0.0811920166015625 -0.0452880859375
-0.0692901611328125 -0.116630554199219 0.0297813415527344 -0.0287837982177734
-0.0944595336914063 -0.0513687133789063 0.0228061676025391 0.00586891174316406
-0.0926513671875 0.0137786865234375 0.0476531982421875 0.00403213500976563
-0.0562973022460937 0.0523452758789063 0.052703857421875 -0.0299072265625
-0.0162277221679688 0.0820388793945313 0.0342750549316406 -0.0529670715332031
0.0171432495117187 0.0732269287109375 0.0101203918457031 -0.0673103332519531
0.0124015808105469 0.0693321228027344 0.00440597534179687 -0.0694847106933594
0.0107421875 0.0801849365234375 0.0154991149902344 -0.0674476623535156
-0.011627197265625 0.081085205078125 0.0414657592773437 -0.052459716796875
-0.0496635437011719 0.0608978271484375 0.05633544921875 -0.0332107543945312
-0.0797500610351563 0.0328826904296875 0.0608367919921875 0.0080108642578125
-0.085479736328125 -0.04205322265625 0.0437202453613281 0.0511856079101563
-0.0597610473632813 -0.107200622558594 -0.00948715209960938 0.0455780029296875
-0.0367050170898437 -0.134628295898437 -0.0424995422363281 0.0293197631835938
-0.0428390502929687 -0.126258850097656 0.067657470703125 -0.0822677612304688
-0.077362060546875 -0.0886306762695313 0.0126152038574219 -0.0465202331542969
-0.0867919921875 -0.0240859985351563 0.0156106948852539 0.00124549865722656
-0.0671577453613281 0.0305595397949219 0.0490570068359375 -0.0056304931640625
-0.0281867980957031 0.05084228515625 0.0496444702148438 -0.0445899963378906
0.006744384765625 0.0611572265625 0.025177001953125 -0.072845458984375
0.0268669128417969 0.0447196960449219 -0.00612640380859375 -0.0856781005859375
0.0202598571777344 0.0424308776855469 -0.0150527954101563 -0.0879364013671875
0.020416259765625 0.0491485595703125 0.000595092773437499 -0.08746337890625
0.00963211059570312 0.0504684448242188 0.0363998413085938 -0.07452392578125
-0.0186233520507813 0.0454597473144531 0.0555763244628906 -0.0482521057128906
-0.043365478515625 0.0353927612304687 0.0609054565429688 -0.00209808349609375
-0.0637130737304688 -0.0123863220214844 0.0376701354980469 0.0367164611816406
-0.0623550415039062 -0.0711288452148438 -0.0210380554199219 0.0157794952392578
-0.0508041381835938 -0.109024047851562 -0.0401420593261719 -0.0137214660644531
-0.0488662719726563 -0.0883712768554688 0.0552902221679688 -0.114974975585938
-0.0668487548828125 -0.0521392822265625 0.00130081176757813 -0.0653610229492187
-0.0638999938964844 -0.000644683837890615 0.00582408905029296 -0.0104846954345703
-0.0353813171386719 0.0357170104980469 0.0413055419921875 -0.0193099975585937
-0.00101470947265625 0.0391921997070313 0.0360069274902344 -0.0541267395019531
0.024505615234375 0.0309715270996094 0.009429931640625 -0.0824127197265625
0.0305519104003906 0.00965118408203125 -0.0230789184570312 -0.0918197631835938
0.0253982543945313 0.00912666320800781 -0.030548095703125 -0.09228515625
0.0266075134277344 0.00941848754882813 -0.0120086669921875 -0.0929183959960938
0.030670166015625 0.0135211944580078 0.0289459228515625 -0.082672119140625
0.0179576873779297 0.0256423950195313 0.0493736267089844 -0.0509757995605469
-0.00107192993164063 0.0374069213867188 0.0538482666015625 -0.00589370727539062
-0.0377769470214844 0.0223655700683594 0.0250568389892578 0.0247859954833984
-0.0618209838867187 -0.0229568481445313 -0.0328483581542969 -0.00582504272460937
-0.0629692077636719 -0.0670051574707031 -0.0420684814453125 -0.0466537475585938
0.0700912475585938 0.00555038452148438 0.0618400573730469 0.0547523498535156
0.0688133239746094 -0.0513725280761719 0.0501976013183594 0.00895309448242187
-0.00325775146484374 -0.0741424560546875 -0.00760269165039063 -0.0268020629882813
-0.0520477294921875 -0.0409736633300781 -0.052001953125 0.00341033935546876
-0.0544967651367188 -0.00278472900390625 -0.0433464050292969 0.0434532165527344
-0.0488395690917969 0.03131103515625 -0.0152664184570313 0.081787109375
-0.0279541015625 0.0430717468261719 0.0232315063476562 0.0895156860351563
-0.0298290252685547 0.0327434539794922 0.041107177734375 0.08184814453125
-0.03985595703125 0.0288887023925781 0.0331497192382812 0.0791168212890625
-0.0436286926269531 0.00524520874023437 0.00443267822265625 0.0768890380859375
-0.0278530120849609 -0.0226783752441406 -0.0123825073242187 0.058135986328125
-0.00416755676269531 -0.0332164764404297 -0.0176277160644531 0.036865234375
0.0342922210693359 -0.0188865661621094 -0.00836181640625 0.0412826538085937
0.0542182922363281 0.0191421508789063 0.00104522705078126 0.0969009399414062
0.0354270935058594 0.0458145141601563 -0.0788803100585938 0.139877319335938
0.0694160461425781 -0.0448799133300781 0.0756149291992188 0.0539474487304688
0.0555038452148438 -0.09149169921875 0.0570602416992187 0.00911331176757812
-0.0236968994140625 -0.0986862182617188 0.0059051513671875 -0.0203914642333984
-0.0820465087890625 -0.047607421875 -0.0310211181640625 0.00389099121093749
-0.0800933837890625 0.00905609130859375 -0.0222396850585938 0.0303516387939453
-0.0615692138671875 0.0610923767089844 -0.00285720825195313 0.0618629455566406
-0.0260543823242188 0.0740585327148438 0.028564453125 0.0655097961425781
-0.0265350341796875 0.0615882873535156 0.0462074279785156 0.0578956604003906
-0.0365829467773438 0.0625572204589844 0.0426445007324219 0.05877685546875
-0.0499229431152344 0.0406227111816406 0.0216102600097656 0.0647354125976562
-0.0509109497070313 0.00288009643554686 0.00757598876953124 0.0534019470214844
-0.0401802062988281 -0.0215225219726562 0.00106048583984375 0.0442619323730469
-0.0015869140625 -0.0396194458007813 0.0058441162109375 0.0603523254394531
0.0315189361572266 -0.0291061401367188 0.00640869140624999 0.111892700195313
0.0281810760498047 -0.01080322265625 -0.0712432861328125 0.152725219726563
0.0566558837890625 -0.0906524658203125 0.0899810791015625 0.0406951904296875
0.03173828125 -0.120048522949219 0.0612564086914063 0.00307464599609374
-0.044708251953125 -0.109855651855469 0.0166130065917969 -0.0135393142700195
-0.102127075195312 -0.046417236328125 -0.00720834732055665 0.00522041320800781
-0.09515380859375 0.0195541381835938 0.00243568420410156 0.0152578353881836
-0.0665512084960938 0.0821075439453125 0.0122661590576172 0.0335407257080078
-0.019989013671875 0.0937881469726563 0.0308437347412109 0.0312309265136719
-0.019989013671875 0.0822601318359375 0.0437278747558594 0.0251808166503906
-0.0275192260742188 0.0883102416992188 0.0456886291503906 0.0288810729980469
-0.04931640625 0.07196044921875 0.0352897644042969 0.0420379638671875
-0.0688629150390625 0.0307846069335938 0.0275840759277344 0.0390243530273438
-0.0725860595703125 -0.00554656982421875 0.0215339660644531 0.0452499389648438
-0.0401802062988281 -0.0566825866699219 0.0216598510742187 0.0731430053710938
0.0038604736328125 -0.0757369995117188 0.00849151611328125 0.115089416503906
0.015594482421875 -0.0667610168457031 -0.06280517578125 0.145339965820313
0.0318603515625 -0.124557495117188 0.0991439819335938 0.0174942016601562
-0.00173950195312501 -0.132789611816406 0.0600242614746094 -0.00697708129882813
-0.0657424926757813 -0.102775573730469 0.0243110656738281 -0.00662994384765626
-0.110885620117188 -0.0334014892578125 0.0169153213500976 0.00651454925537109
-0.094451904296875 0.0314407348632812 0.0271644592285156 -0.000669479370117186
-0.0584793090820313 0.092529296875 0.0259227752685547 0.000856399536132818
-0.0100250244140625 0.100112915039063 0.0288791656494141 -0.00657272338867187
-0.00988006591796874 0.0901718139648438 0.0348262786865234 -0.0113182067871094
-0.0149917602539063 0.100685119628906 0.0406723022460938 -0.00708007812499999
-0.0421524047851563 0.0919265747070313 0.0437278747558594 0.00985336303710938
-0.075775146484375 0.052825927734375 0.0444831848144531 0.015350341796875
-0.0942001342773437 0.0106430053710938 0.0426216125488281 0.0368919372558594
-0.0709686279296875 -0.0654373168945313 0.0367813110351562 0.0745086669921875
-0.0242385864257812 -0.108482360839844 0.00820159912109376 0.102218627929688
-0.000228881835937493 -0.109886169433594 -0.0532379150390625 0.119850158691406
0.000518798828124995 -0.1424560546875 0.0995025634765625 -0.0138015747070313
-0.0391845703125 -0.128936767578125 0.0509300231933594 -0.0189590454101563
-0.0843276977539063 -0.080047607421875 0.0275001525878906 -0.000144958496093755
-0.10638427734375 -0.0104522705078125 0.0376930236816406 0.00601577758789063
-0.0789413452148438 0.0428924560546875 0.0464553833007812 -0.0178451538085937
-0.0399932861328125 0.0906982421875 0.0345306396484375 -0.0315361022949219
0.00253295898437501 0.0910186767578125 0.0208206176757812 -0.0428886413574219
0.00150299072265626 0.0843505859375 0.0202789306640625 -0.0460243225097656
-0.00128173828124999 0.0972518920898438 0.02899169921875 -0.0425796508789062
-0.0279464721679688 0.094512939453125 0.0453948974609375 -0.0265007019042969
-0.0686836242675781 0.0636024475097656 0.0556907653808594 -0.0135345458984375
-0.0960693359375 0.0244522094726562 0.05792236328125 0.0213775634765625
-0.0865249633789063 -0.0600433349609375 0.0465888977050781 0.0657196044921875
-0.0463790893554688 -0.1187744140625 0.00382232666015625 0.0775680541992187
-0.0191726684570313 -0.132301330566406 -0.04425048828125 0.079803466796875
-0.0281982421875 -0.141677856445312 0.0912017822265625 -0.0486907958984375
-0.0683746337890625 -0.110328674316406 0.03564453125 -0.0322418212890625
-0.0923690795898437 -0.0485153198242188 0.0252838134765625 0.00190353393554687
-0.08868408203125 0.01544189453125 0.0495529174804687 0.000469207763671876
-0.0532302856445312 0.0503120422363281 0.0544548034667969 -0.0342941284179688
-0.0149917602539062 0.0779037475585938 0.0341033935546875 -0.0582160949707031
0.0159645080566406 0.0685691833496094 0.00830078124999999 -0.071136474609375
0.0122108459472656 0.0656814575195312 0.0015411376953125 -0.0734710693359375
0.0111007690429687 0.0765914916992188 0.0140228271484375 -0.0720672607421875
-0.00980377197265625 0.0767822265625 0.0424308776855469 -0.0587730407714844
-0.0466499328613281 0.0586166381835938 0.0595512390136719 -0.0377731323242188
-0.0753021240234375 0.0325088500976562 0.0649070739746094 0.0055694580078125
-0.0813369750976563 -0.0397720336914063 0.0483551025390625 0.0504875183105469
-0.058807373046875 -0.102767944335938 -0.00517654418945313 0.0462188720703125
-0.0373611450195312 -0.1279296875 -0.0384140014648438 0.0340003967285156
-0.0478286743164063 -0.121994018554688 0.0769424438476563 -0.0830078125
-0.0801620483398438 -0.0815963745117188 0.019683837890625 -0.0474319458007813
-0.0853195190429688 -0.0181884765625 0.0182456970214844 -0.002197265625
-0.0624198913574219 0.0333747863769531 0.0503463745117187 -0.0090789794921875
-0.0236930847167969 0.0495529174804688 0.0494194030761719 -0.0469207763671875
0.00922012329101563 0.0556869506835938 0.0241622924804688 -0.0759048461914063
0.02587890625 0.0378303527832031 -0.00810241699218751 -0.0877914428710938
0.0206527709960938 0.0377883911132812 -0.0164108276367188 -0.09039306640625
0.0200347900390625 0.0434036254882812 -0.000564575195312489 -0.089813232421875
0.0106315612792969 0.044464111328125 0.03631591796875 -0.0785675048828125
-0.01434326171875 0.0422592163085938 0.0573539733886719 -0.0514183044433594
-0.0377922058105469 0.0346031188964844 0.0638084411621094 -0.00410842895507812
-0.0596580505371094 -0.00862121582031249 0.0404891967773437 0.0362510681152344
-0.0629806518554687 -0.0640945434570313 -0.0173778533935547 0.0184402465820313
-0.0543136596679687 -0.100608825683594 -0.0368919372558594 -0.00730895996093751
-0.0561294555664063 -0.0847320556640625 0.0637969970703125 -0.114875793457031
-0.0721511840820313 -0.046051025390625 0.00689697265624999 -0.0659599304199219
-0.0643234252929688 0.00612258911132813 0.00809860229492187 -0.0133705139160156
-0.0310287475585938 0.0399246215820313 0.0409049987792969 -0.0210380554199219
0.00448989868164063 0.0391426086425781 0.0354080200195312 -0.055694580078125
0.0277023315429688 0.0258007049560547 0.00812530517578124 -0.0827789306640625
0.0305290222167969 0.00302505493164063 -0.0238265991210937 -0.0916519165039062
0.0254402160644531 0.003997802734375 -0.0318374633789062 -0.0918502807617188
0.0267848968505859 0.00340080261230469 -0.01263427734375 -0.0928878784179688
0.0318679809570313 0.00586700439453125 0.0290298461914062 -0.083740234375
0.022857666015625 0.0211372375488281 0.0502967834472656 -0.05194091796875
0.0055694580078125 0.0364913940429688 0.055755615234375 -0.006927490234375
-0.0328006744384766 0.0275535583496094 0.0268363952636719 0.0240402221679688
-0.0642051696777344 -0.0140151977539062 -0.0294570922851563 -0.00154304504394532
-0.0690383911132813 -0.0588874816894531 -0.0402069091796875 -0.0379066467285156
0.0756912231445313 -0.00185394287109375 0.0601272583007813 0.0456657409667969
0.0663528442382813 -0.0626258850097656 0.0472488403320313 0.0020751953125
-0.0116119384765625 -0.0777816772460938 -0.0104827880859375 -0.0286788940429688
-0.0595474243164063 -0.0367965698242187 -0.0532073974609375 0.00518798828125001
-0.0589370727539063 0.00347900390625001 -0.0432662963867188 0.0441665649414063
-0.0477485656738281 0.0401954650878906 -0.0151443481445312 0.0832366943359375
-0.0245323181152344 0.0492515563964844 0.0241546630859375 0.0893325805664063
-0.0273933410644531 0.0390243530273438 0.0415573120117187 0.0793533325195313
-0.0389900207519531 0.0374374389648437 0.0343856811523438 0.0764236450195312
-0.0471725463867188 0.0124435424804688 0.0059967041015625 0.0751495361328125
-0.0346488952636719 -0.0217399597167969 -0.00953674316406251 0.0586776733398437
-0.010101318359375 -0.0370979309082031 -0.0143356323242188 0.0391845703125
0.0353431701660156 -0.0278549194335937 -0.00844955444335937 0.0456314086914062
0.0624542236328125 0.01007080078125 -0.000610351562499985 0.0998382568359375
0.0455665588378906 0.0422439575195313 -0.0816650390625 0.143234252929688
0.0752639770507813 -0.052398681640625 0.07666015625 0.0430221557617188
0.0537109375 -0.101654052734375 0.0551109313964844 0.00182723999023437
-0.0317840576171875 -0.1029052734375 0.00414657592773437 -0.0231571197509766
-0.0897293090820312 -0.0452880859375 -0.0316944122314453 0.00288391113281249
-0.0846176147460938 0.0135955810546875 -0.0223598480224609 0.028106689453125
-0.0603561401367188 0.0690994262695313 -0.00341033935546875 0.06097412109375
-0.0224380493164063 0.0797195434570313 0.0278701782226563 0.0625839233398438
-0.0249862670898438 0.0681877136230469 0.0448760986328125 0.0537033081054688
-0.0353622436523438 0.0699882507324219 0.0426101684570313 0.0532760620117188
-0.0524559020996094 0.0469970703125 0.0234146118164063 0.0600929260253906
-0.0575370788574219 0.00413131713867189 0.0120391845703125 0.0511054992675781
-0.044525146484375 -0.0242996215820312 0.00542068481445313 0.0449867248535156
-0.000576019287109373 -0.0459251403808594 0.00815200805664063 0.0639610290527344
0.0392532348632813 -0.0363998413085938 0.00739288330078124 0.114616394042969
0.0373916625976563 -0.0130958557128906 -0.0709381103515625 0.155914306640625
0.0619430541992188 -0.094512939453125 0.0927963256835938 0.0285797119140625
0.0312423706054688 -0.127609252929688 0.0597953796386719 -0.00534820556640626
-0.04937744140625 -0.113998413085938 0.015869140625 -0.0177783966064453
-0.1080322265625 -0.0451889038085937 -0.0072169303894043 0.00255012512207031
-0.0982589721679687 0.0236968994140625 0.00255107879638671 0.0113954544067383
-0.0657958984375 0.0882034301757813 0.0107765197753906 0.0299072265625
-0.0178909301757813 0.0974502563476563 0.0273227691650391 0.0272026062011719
-0.0175094604492188 0.0865936279296875 0.0417900085449219 0.018341064453125
-0.02569580078125 0.0934066772460938 0.0441818237304688 0.0222663879394531
-0.0503311157226563 0.0763397216796875 0.0377540588378906 0.0350608825683594
-0.0725326538085937 0.0308456420898438 0.0323944091796875 0.0346469879150391
-0.0755538940429688 -0.00780487060546874 0.0287933349609375 0.0436935424804688
-0.0385665893554688 -0.0627479553222656 0.0264434814453125 0.0746612548828125
0.00894927978515626 -0.0799484252929688 0.0118331909179688 0.117195129394531
0.0232200622558594 -0.0669708251953125 -0.0600128173828125 0.149612426757813
0.0354690551757812 -0.124137878417969 0.104415893554688 0.00485992431640624
-0.00231933593750001 -0.136268615722656 0.0607490539550781 -0.0159187316894531
-0.0680389404296875 -0.10540771484375 0.0241813659667969 -0.0105648040771484
-0.113265991210938 -0.0329971313476562 0.0179710388183594 0.00208473205566406
-0.0967864990234375 0.0334548950195312 0.0272922515869141 -0.006683349609375
-0.0585250854492187 0.0958251953125 0.0238552093505859 -0.00494384765624999
-0.00862121582031251 0.101341247558594 0.0245494842529297 -0.0122642517089844
-0.00846099853515626 0.0923995971679688 0.0305576324462891 -0.0182380676269531
-0.0129165649414063 0.103340148925781 0.0374412536621094 -0.014190673828125
-0.0420684814453125 0.0940093994140625 0.0446701049804688 0.00154876708984376
-0.0774612426757813 0.0540313720703125 0.0494918823242187 0.00933074951171875
-0.0949249267578125 0.0107421875 0.0488204956054687 0.0331954956054688
-0.0704193115234375 -0.0684051513671875 0.0434494018554687 0.074920654296875
-0.0214767456054688 -0.111190795898437 0.0142059326171875 0.103286743164063
0.00454711914062499 -0.10894775390625 -0.0477447509765625 0.122817993164063
0.00187683105468749 -0.139213562011719 0.106246948242188 -0.0245513916015625
-0.0387191772460938 -0.127471923828125 0.0544662475585938 -0.0272445678710938
-0.0839996337890625 -0.079681396484375 0.0281124114990234 -0.00546455383300782
-0.10546875 -0.0100631713867187 0.0391120910644531 0.000591278076171874
-0.0795974731445313 0.0430679321289063 0.0469131469726562 -0.02532958984375
-0.0388946533203125 0.0911941528320313 0.0320663452148438 -0.0379524230957031
0.0032196044921875 0.0888442993164063 0.0168342590332031 -0.048309326171875
0.0019683837890625 0.084686279296875 0.0151748657226563 -0.0522117614746094
0.000434875488281252 0.0968093872070313 0.0259590148925781 -0.048980712890625
-0.0269088745117187 0.0929412841796875 0.0454216003417969 -0.0339775085449219
-0.0679244995117187 0.0624275207519531 0.0581588745117187 -0.020355224609375
-0.0944747924804688 0.02435302734375 0.064117431640625 0.0165138244628906
-0.0846633911132813 -0.059722900390625 0.0532073974609375 0.0636825561523438
-0.04644775390625 -0.1175537109375 0.00933074951171875 0.0778045654296875
-0.0174789428710937 -0.127891540527344 -0.0381011962890625 0.0835037231445312
-0.0313568115234375 -0.135902404785156 0.0993194580078125 -0.0576095581054688
-0.0685195922851562 -0.104835510253906 0.0410385131835937 -0.0379066467285156
-0.0902862548828125 -0.046234130859375 0.0264797210693359 -0.00349617004394532
-0.0849151611328125 0.01629638671875 0.051177978515625 -0.00460052490234375
-0.0501670837402344 0.0485916137695313 0.0548629760742187 -0.0406341552734375
-0.01409912109375 0.0743560791015625 0.0312995910644531 -0.0639152526855469
0.0142860412597656 0.0654563903808594 0.00384521484375001 -0.0754013061523438
0.0116157531738281 0.0632781982421875 -0.0034332275390625 -0.0778427124023438
0.0109329223632812 0.073272705078125 0.00994873046875 -0.0782699584960938
-0.00788879394531249 0.0723114013671875 0.041229248046875 -0.0646018981933594
-0.0444145202636719 0.0560111999511719 0.0605850219726563 -0.0443916320800781
-0.0714569091796875 0.032501220703125 0.0690078735351563 0.000465393066406252
-0.0784378051757813 -0.0376510620117187 0.0536346435546875 0.0479698181152344
-0.0587310791015625 -0.0971221923828125 -2.28881835937549E-05 0.0466041564941406
-0.0384750366210938 -0.120849609375 -0.0326309204101562 0.0392990112304688
-0.054443359375 -0.114875793457031 0.0852737426757813 -0.0895233154296875
-0.0825653076171875 -0.0730209350585938 0.0258369445800781 -0.0521774291992188
-0.0832290649414063 -0.0116958618164062 0.0201644897460937 -0.00720596313476563
-0.0567665100097656 0.0365486145019531 0.0516357421875 -0.0128097534179687
-0.0188407897949219 0.0472335815429687 0.0498161315917969 -0.0517768859863281
0.0115318298339844 0.0490989685058594 0.0220870971679688 -0.079742431640625
0.0240859985351563 0.0321216583251953 -0.011444091796875 -0.0899734497070312
0.0197086334228516 0.0333309173583984 -0.0207061767578125 -0.0910110473632813
0.0191001892089844 0.038177490234375 -0.00403594970703126 -0.0938796997070313
0.0118942260742187 0.037841796875 0.0347671508789062 -0.0839385986328125
-0.0105323791503906 0.0370330810546875 0.0574531555175781 -0.055999755859375
-0.0324192047119141 0.0327816009521484 0.0669746398925781 -0.00842666625976562
-0.0541496276855469 -0.00507354736328125 0.0449180603027344 0.0333595275878906
-0.0636329650878906 -0.0563468933105469 -0.0123786926269531 0.0195541381835938
-0.0576400756835937 -0.092010498046875 -0.0320796966552734 -0.00111770629882813
-0.0643844604492188 -0.0782546997070313 0.0697708129882813 -0.118263244628906
-0.0770263671875 -0.0364608764648438 0.0117301940917969 -0.0694923400878906
-0.0640907287597656 0.0139198303222656 0.00874710083007812 -0.0171165466308594
-0.0251197814941406 0.0446205139160156 0.0399932861328125 -0.0235404968261719
0.0106964111328125 0.0371475219726562 0.033966064453125 -0.0571823120117188
0.0311679840087891 0.0190715789794922 0.00630950927734375 -0.0846328735351563
0.0286006927490234 -0.00343704223632813 -0.0261917114257812 -0.0906600952148438
0.0236644744873047 -0.00201797485351563 -0.0342941284179687 -0.0914077758789063
0.0243682861328125 -0.00295829772949219 -0.0138320922851563 -0.094512939453125
0.0316390991210937 -0.00263595581054687 0.02813720703125 -0.0874176025390625
0.0267810821533203 0.0153312683105469 0.0502738952636719 -0.0555953979492188
0.01336669921875 0.0333290100097656 0.057708740234375 -0.00947952270507812
-0.0269622802734375 0.0322380065917969 0.0298213958740234 0.0220203399658203
-0.0639190673828125 -0.00407791137695312 -0.0257759094238281 0.00202560424804688
-0.0736541748046875 -0.04876708984375 -0.036773681640625 -0.0295867919921875
0.0778656005859375 -0.0133132934570313 0.0561027526855469 0.0366783142089844
0.0596542358398438 -0.072021484375 0.0430335998535156 -0.00181198120117188
-0.0224990844726562 -0.0776748657226562 -0.0133800506591797 -0.0281333923339844
-0.0662422180175781 -0.030242919921875 -0.0533065795898438 0.007293701171875
-0.0589103698730469 0.0105018615722656 -0.0427055358886719 0.0458869934082031
-0.0433845520019531 0.0478858947753906 -0.0119857788085938 0.0831069946289063
-0.0187606811523438 0.0554161071777344 0.0260848999023437 0.0861663818359375
-0.023345947265625 0.0450668334960938 0.0424957275390625 0.0755767822265625
-0.0352249145507812 0.0444221496582031 0.0339889526367187 0.073516845703125
-0.0481033325195313 0.0195541381835937 0.00731658935546875 0.0726165771484375
-0.0409889221191406 -0.0164031982421875 -0.004974365234375 0.0561256408691406
-0.0167427062988281 -0.0383682250976563 -0.0116767883300781 0.0400009155273438
0.032318115234375 -0.0364112854003906 -0.006561279296875 0.0483589172363281
0.0666885375976563 -0.00136184692382813 -0.000740051269531249 0.102584838867188
0.0544624328613281 0.0339698791503906 -0.0810699462890625 0.146881103515625
0.0766525268554688 -0.0580902099609375 0.0731658935546875 0.0320510864257812
0.0473403930664063 -0.111709594726563 0.0499153137207031 -0.00505828857421876
-0.0400238037109375 -0.103218078613281 0.000844955444335933 -0.0246181488037109
-0.0948257446289063 -0.0391998291015625 -0.0313301086425781 0.00144195556640625
-0.0864181518554688 0.0223388671875 -0.0241146087646484 0.0263748168945313
-0.0560379028320313 0.076751708984375 -0.002655029296875 0.0587615966796875
-0.016876220703125 0.0840530395507813 0.0263290405273437 0.059539794921875
-0.020843505859375 0.071319580078125 0.0424079895019531 0.0496597290039063
-0.0309677124023438 0.0748825073242188 0.0416526794433594 0.0490264892578125
-0.0522918701171875 0.0527076721191406 0.024688720703125 0.0551681518554688
-0.06182861328125 0.00751113891601564 0.0162506103515625 0.047576904296875
-0.0494651794433594 -0.0253562927246094 0.0102348327636719 0.0446548461914062
-0.0018157958984375 -0.0531272888183594 0.0130958557128906 0.0658378601074219
0.0434455871582031 -0.045867919921875 0.0100326538085937 0.115859985351562
0.046661376953125 -0.0178947448730469 -0.0677642822265625 0.159103393554688
0.0642776489257813 -0.0985260009765625 0.0922012329101563 0.0148773193359375
0.0274124145507812 -0.134346008300781 0.0567970275878906 -0.0137290954589844
-0.0555496215820313 -0.114463806152344 0.0126075744628906 -0.0218315124511719
-0.113487243652344 -0.03863525390625 -0.00944995880126954 0.000926017761230467
-0.100242614746094 0.03057861328125 0.000647544860839838 0.00669002532958984
-0.0609512329101563 0.0941009521484375 0.00803184509277343 0.0252265930175781
-0.0127334594726562 0.100860595703125 0.0237102508544922 0.0229816436767578
-0.0137863159179687 0.09039306640625 0.0356101989746094 0.0138282775878906
-0.0215988159179688 0.096923828125 0.0406036376953125 0.0162162780761719
-0.0496673583984375 0.0807952880859375 0.0365447998046875 0.0267868041992188
-0.0746383666992188 0.0351181030273438 0.0361366271972656 0.02703857421875
-0.078125 -0.00732421874999999 0.0341911315917969 0.0402145385742188
-0.0397796630859375 -0.0671195983886719 0.0329437255859375 0.0746536254882813
0.0110244750976563 -0.0868453979492188 0.0178604125976563 0.116523742675781
0.0295181274414063 -0.0699539184570313 -0.0542755126953125 0.151123046875
0.0368881225585937 -0.125106811523438 0.102584838867188 -0.00989532470703126
-0.0046844482421875 -0.138832092285156 0.0578842163085937 -0.0245590209960938
-0.0727920532226562 -0.10675048828125 0.0230941772460937 -0.0166721343994141
-0.115554809570313 -0.0303802490234375 0.0164327621459961 -0.00363922119140625
-0.0981369018554688 0.0377883911132813 0.0246524810791016 -0.0115222930908203
-0.0552902221679688 0.099151611328125 0.0199794769287109 -0.00888252258300781
-0.0057525634765625 0.100914001464844 0.0185298919677734 -0.0180473327636719
-0.00408172607421876 0.0931167602539063 0.0243129730224609 -0.0222434997558594
-0.0115280151367187 0.103111267089844 0.0316753387451172 -0.0219039916992187
-0.0397186279296875 0.0949783325195313 0.0418281555175781 -0.00740432739257812
-0.0785064697265625 0.053924560546875 0.0507583618164062 0.00199508666992188
-0.0952377319335938 0.0116348266601562 0.0537872314453125 0.0274467468261719
-0.0711441040039063 -0.0692062377929688 0.0517730712890625 0.0718765258789063
-0.0208740234375 -0.11358642578125 0.0194549560546875 0.101898193359375
0.00664520263671874 -0.108909606933594 -0.0389480590820312 0.1248779296875
0.00109100341796875 -0.136016845703125 0.108436584472656 -0.0389938354492188
-0.0403976440429687 -0.124916076660156 0.0551033020019531 -0.0376472473144531
-0.082061767578125 -0.0786514282226563 0.0271339416503906 -0.0109748840332031
-0.106185913085938 -0.010650634765625 0.0375213623046875 -0.00540542602539063
-0.0792160034179688 0.0431671142578125 0.0431938171386719 -0.0311660766601562
-0.0365142822265625 0.0904769897460938 0.0279731750488281 -0.0439682006835937
0.00345611572265625 0.0882415771484375 0.008453369140625 -0.0521125793457031
0.0030517578125 0.0822830200195313 0.00854110717773438 -0.0564346313476562
0.00206756591796874 0.0950469970703125 0.0181503295898438 -0.0555992126464844
-0.025482177734375 0.0905838012695313 0.040985107421875 -0.0424537658691406
-0.0661506652832031 0.0623931884765625 0.0592117309570312 -0.0286140441894531
-0.09228515625 0.0255508422851562 0.066558837890625 0.008148193359375
-0.0833663940429688 -0.059906005859375 0.0602149963378906 0.0598640441894531
-0.04522705078125 -0.115036010742188 0.0168075561523438 0.0751876831054688
-0.0170745849609375 -0.123886108398438 -0.0303802490234375 0.0846099853515625
-0.0346832275390625 -0.127792358398438 0.102500915527344 -0.06817626953125
-0.06842041015625 -0.0973739624023438 0.0427398681640625 -0.047119140625
-0.0869369506835938 -0.0436172485351563 0.0284957885742187 -0.00957489013671875
-0.07965087890625 0.01580810546875 0.0508651733398437 -0.00963211059570312
-0.0489425659179687 0.0458564758300781 0.0507926940917969 -0.04925537109375
-0.0126380920410156 0.0699348449707031 0.0266494750976563 -0.0707931518554688
0.0133132934570312 0.0603675842285156 -0.0029144287109375 -0.0779953002929688
0.0133323669433594 0.0597267150878906 -0.0102996826171875 -0.0785446166992188
0.00910186767578125 0.0689735412597656 0.00435638427734374 -0.0807342529296875
-0.00748443603515625 0.0687751770019531 0.0356063842773438 -0.07061767578125
-0.0407638549804687 0.0534820556640625 0.0575027465820313 -0.05120849609375
-0.066253662109375 0.0302200317382813 0.0709152221679688 -0.0065155029296875
-0.0739517211914062 -0.03472900390625 0.0588798522949219 0.0425186157226563
-0.0576171875 -0.0900421142578125 0.00644683837890624 0.0452728271484375
-0.0400848388671875 -0.113143920898438 -0.0225791931152344 0.0407218933105469
-0.0587387084960938 -0.105598449707031 0.087677001953125 -0.0986480712890625
-0.0825042724609375 -0.0614013671875 0.0272560119628906 -0.0580406188964844
-0.0786666870117187 -0.00729370117187501 0.0202465057373047 -0.0111141204833984
-0.0492820739746094 0.0375022888183594 0.0513534545898438 -0.0177001953125
-0.013519287109375 0.0425338745117187 0.0468788146972656 -0.0562744140625
0.0127220153808594 0.0435638427734375 0.0165328979492188 -0.0832901000976563
0.0205116271972656 0.0278434753417969 -0.0162429809570312 -0.0910720825195313
0.0178623199462891 0.0295963287353516 -0.0264968872070313 -0.0911407470703125
0.0170116424560547 0.0330047607421875 -0.0101165771484375 -0.0945358276367188
0.00940132141113281 0.0309410095214844 0.0318527221679688 -0.089263916015625
-0.00768470764160156 0.0319271087646484 0.0547103881835938 -0.0616035461425781
-0.0274162292480469 0.0293254852294922 0.0666999816894531 -0.0136833190917969
-0.0486259460449219 -0.00289535522460937 0.0491256713867188 0.028594970703125
-0.0601806640625 -0.0466728210449219 -0.00568389892578126 0.0196170806884766
-0.0588912963867188 -0.0803298950195312 -0.0238132476806641 0.00306129455566406
-0.07110595703125 -0.0686187744140625 0.0720977783203125 -0.124504089355469
-0.0777969360351563 -0.0253524780273438 0.0140609741210937 -0.0738449096679688
-0.0613212585449219 0.0229339599609375 0.0109443664550781 -0.0211372375488281
-0.0175666809082031 0.0462570190429688 0.0391464233398438 -0.026092529296875
0.014923095703125 0.0336952209472656 0.0306015014648438 -0.058258056640625
0.0331230163574219 0.0124549865722656 0.00348663330078126 -0.0841751098632813
0.0247917175292969 -0.0101490020751953 -0.0290069580078125 -0.0916900634765625
0.0187454223632813 -0.00804710388183594 -0.0378952026367188 -0.0897140502929688
0.0199832916259766 -0.00816726684570312 -0.0183563232421875 -0.0949249267578125
0.0274085998535156 -0.0103740692138672 0.0245895385742188 -0.0890731811523438
0.0293540954589844 0.006622314453125 0.0499305725097656 -0.057769775390625
0.01788330078125 0.0284366607666016 0.0579376220703125 -0.0129928588867187
-0.0179901123046875 0.0333690643310547 0.0336399078369141 0.0221385955810547
-0.0582122802734375 0.00507736206054688 -0.0207328796386719 0.00320625305175781
-0.07379150390625 -0.0350875854492188 -0.0305042266845703 -0.0216636657714844
0.07720947265625 -0.0227432250976563 0.0475425720214844 0.0293540954589844
0.0487899780273438 -0.0786514282226562 0.0354881286621094 -0.0045013427734375
-0.0294418334960938 -0.0743865966796875 -0.0162715911865234 -0.0269432067871094
-0.0681800842285156 -0.0222053527832031 -0.0528488159179688 0.00903701782226562
-0.0578804016113281 0.0181198120117187 -0.0411605834960938 0.044830322265625
-0.0366134643554687 0.0530662536621094 -0.0106353759765625 0.0824050903320313
-0.0121994018554687 0.0564804077148438 0.0259933471679687 0.0842437744140625
-0.0180511474609375 0.0470848083496094 0.0411453247070313 0.0720977783203125
-0.027191162109375 0.0497245788574219 0.0329208374023438 0.0695877075195313
-0.0456199645996094 0.0271797180175781 0.00867843627929687 0.0679244995117188
-0.0452194213867188 -0.0111083984375 -0.00288009643554688 0.0538787841796875
-0.0231971740722656 -0.0368423461914063 -0.00761795043945313 0.0382003784179688
0.0277023315429687 -0.0417709350585938 -0.00409317016601562 0.0508079528808594
0.0655746459960938 -0.012359619140625 0.000762939453124996 0.102058410644531
0.0585823059082031 0.0248069763183594 -0.0799713134765625 0.147445678710938
0.0764007568359375 -0.0670166015625 0.0646514892578125 0.0216560363769531
0.0385971069335938 -0.115425109863281 0.0426902770996094 -0.0102272033691406
-0.0473480224609375 -0.100982666015625 -0.00275421142578125 -0.0258445739746094
-0.0968399047851562 -0.0309600830078125 -0.0332965850830078 0.00203132629394532
-0.0841064453125 0.0287628173828125 -0.0236854553222656 0.0250225067138672
-0.0497512817382812 0.081298828125 -0.00356674194335938 0.0562667846679688
-0.0109786987304688 0.0850982666015625 0.02294921875 0.0572090148925781
-0.0152587890625 0.0740509033203125 0.0384674072265625 0.0457305908203125
-0.0245361328125 0.0793991088867188 0.0371513366699219 0.043304443359375
-0.0491828918457031 0.0579147338867188 0.023345947265625 0.0485992431640625
-0.0646209716796875 0.0121383666992187 0.0177841186523437 0.0418243408203125
-0.0531959533691406 -0.0249977111816406 0.0147018432617188 0.0399818420410156
-0.00438308715820313 -0.0586776733398438 0.0161514282226563 0.064849853515625
0.0426902770996094 -0.0540771484375 0.0129928588867188 0.114250183105469
0.0508308410644531 -0.0253143310546875 -0.063995361328125 0.155685424804688
0.0644607543945313 -0.103080749511719 0.0836639404296875 0.00315856933593749
0.0202102661132813 -0.137008666992187 0.0497550964355469 -0.0196609497070313
-0.0615921020507813 -0.112480163574219 0.00893020629882812 -0.0234851837158203
-0.113822937011719 -0.0345916748046875 -0.0096273422241211 -0.00186634063720703
-0.0985488891601563 0.0336380004882813 -0.00185370445251465 0.00390982627868653
-0.0560302734375 0.0979537963867188 0.00565528869628906 0.0230312347412109
-0.00832366943359375 0.100921630859375 0.0182094573974609 0.0202503204345703
-0.00951385498046875 0.0892410278320313 0.0305137634277344 0.0108451843261719
-0.0170974731445313 0.0984725952148438 0.0344982147216797 0.0109157562255859
-0.04644775390625 0.0831298828125 0.0338459014892578 0.0207881927490234
-0.076171875 0.036834716796875 0.0363540649414062 0.0209808349609375
-0.0808029174804688 -0.0076751708984375 0.0373382568359375 0.0341148376464844
-0.0399703979492187 -0.0706558227539063 0.0372695922851563 0.0712890625
0.0127334594726563 -0.0914459228515625 0.021820068359375 0.113838195800781
0.034088134765625 -0.0729598999023437 -0.0471343994140625 0.148590087890625
0.039093017578125 -0.124656677246094 0.0986251831054688 -0.0219345092773438
-0.00501251220703125 -0.137748718261719 0.0521202087402344 -0.0328025817871094
-0.073272705078125 -0.104080200195312 0.0181369781494141 -0.0203208923339844
-0.115921020507813 -0.0273971557617188 0.014836311340332 -0.00606346130371094
-0.0965957641601563 0.0390167236328125 0.0208015441894531 -0.0181961059570312
-0.052215576171875 0.0998306274414062 0.0139255523681641 -0.0133981704711914
-0.00346374511718749 0.10150146484375 0.0105648040771484 -0.0177326202392578
-0.00362396240234375 0.0911941528320313 0.015838623046875 -0.0248680114746094
-0.00771331787109375 0.103736877441406 0.0253353118896484 -0.0245037078857422
-0.0371246337890625 0.0948333740234375 0.0373153686523438 -0.0131797790527344
-0.0765304565429688 0.0547866821289062 0.0491447448730469 -0.00586318969726562
-0.0944595336914063 0.0104141235351562 0.0565185546875 0.0208282470703125
-0.0689697265625 -0.070770263671875 0.0547447204589844 0.0670013427734375
-0.0181732177734375 -0.113548278808594 0.0250167846679688 0.09759521484375
0.0115509033203125 -0.106941223144531 -0.0322723388671875 0.120872497558594
0.00372314453125001 -0.129837036132813 0.105361938476562 -0.05047607421875
-0.03741455078125 -0.120925903320313 0.0495986938476563 -0.0443077087402344
-0.08074951171875 -0.0776748657226562 0.0233173370361328 -0.0153160095214844
-0.101600646972656 -0.00926971435546876 0.036376953125 -0.0098876953125
-0.077606201171875 0.041961669921875 0.0394363403320312 -0.0371475219726563
-0.0371475219726563 0.0889892578125 0.0210762023925781 -0.0468673706054687
0.00222778320312501 0.0850753784179688 0.00180053710937499 -0.0528945922851563
0.00325775146484375 0.080230712890625 0.000648498535156254 -0.0561676025390625
0.00193023681640624 0.0914993286132813 0.01123046875 -0.05670166015625
-0.0246963500976563 0.0886154174804688 0.0353012084960938 -0.0487442016601562
-0.063812255859375 0.0598297119140625 0.0556755065917969 -0.0351791381835937
-0.0888595581054687 0.0233840942382812 0.0680656433105469 0.00215530395507813
-0.0796356201171875 -0.0591812133789062 0.0622215270996094 0.0516166687011719
-0.0427627563476562 -0.1121826171875 0.0208511352539062 0.0706253051757813
-0.0115280151367188 -0.118026733398437 -0.0215682983398438 0.08245849609375
-0.0316619873046875 -0.118736267089844 0.101318359375 -0.0787506103515625
-0.06390380859375 -0.0902481079101563 0.0412330627441406 -0.0544319152832031
-0.0807876586914063 -0.0389556884765625 0.0248394012451172 -0.014434814453125
-0.074859619140625 0.0152816772460937 0.0484390258789062 -0.015533447265625
-0.0458908081054688 0.0420379638671875 0.0469207763671875 -0.0516586303710938
-0.0140342712402344 0.0663833618164063 0.02008056640625 -0.071441650390625
0.00942230224609375 0.0580902099609375 -0.008880615234375 -0.0778427124023438
0.00894546508789062 0.0576553344726562 -0.0166854858398437 -0.078155517578125
0.00850677490234376 0.0654869079589844 -0.00340270996093749 -0.0806427001953125
-0.00973129272460938 0.0637397766113281 0.0297317504882813 -0.0759963989257813
-0.0398445129394531 0.04754638671875 0.0551185607910156 -0.0570755004882813
-0.062164306640625 0.0270919799804688 0.0700225830078125 -0.0127487182617188
-0.0683097839355469 -0.0347328186035156 0.0595626831054687 0.0357246398925781
-0.053558349609375 -0.08642578125 0.0111274719238281 0.0408248901367187
-0.0346603393554687 -0.1038818359375 -0.0156593322753906 0.0408363342285156
-0.0586700439453125 -0.0940628051757813 0.0887832641601563 -0.10479736328125
-0.0775222778320313 -0.0533065795898438 0.0286521911621094 -0.06439208984375
-0.0709381103515625 -0.00273895263671875 0.0190544128417969 -0.0167579650878906
-0.0420341491699219 0.0345306396484375 0.0486946105957031 -0.0222892761230469
-0.0125885009765625 0.0372467041015625 0.0424118041992188 -0.0578727722167969
0.00968551635742187 0.0374336242675781 0.011688232421875 -0.0838851928710937
0.0152683258056641 0.0229988098144531 -0.0195083618164062 -0.0888519287109375
0.0134258270263672 0.0250110626220703 -0.0300827026367187 -0.0891494750976563
0.0115547180175781 0.0286445617675781 -0.0132980346679687 -0.093109130859375
0.00643348693847656 0.0248928070068359 0.0243911743164063 -0.0902481079101563
-0.0081634521484375 0.0245456695556641 0.0518531799316406 -0.0653724670410156
-0.0211429595947266 0.0238037109375 0.0659255981445313 -0.0183181762695312
-0.0410270690917969 -0.0031280517578125 0.0484275817871094 0.0242080688476563
-0.0542106628417969 -0.0399055480957031 -0.00239753723144532 0.0172452926635742
-0.0534896850585937 -0.0699729919433594 -0.0153560638427734 0.00582218170166015
-0.0729522705078125 -0.05755615234375 0.0734405517578125 -0.127059936523438
-0.0750274658203125 -0.01519775390625 0.01544189453125 -0.0774002075195312
-0.0529632568359375 0.0267753601074219 0.00702476501464843 -0.0248584747314453
-0.0086669921875 0.0439071655273438 0.0358543395996094 -0.0299301147460938
0.0191497802734375 0.0272159576416016 0.027679443359375 -0.0586128234863281
0.0293750762939453 0.00445556640625 -0.000892639160156241 -0.0839309692382813
0.0174827575683594 -0.0142612457275391 -0.0303573608398438 -0.0867538452148438
0.015589714050293 -0.0101099014282227 -0.0391464233398438 -0.0857009887695313
0.0138540267944336 -0.0124397277832031 -0.019744873046875 -0.0920944213867188
0.0211868286132813 -0.0158557891845703 0.0210037231445313 -0.0897674560546875
0.0270423889160156 -0.0009765625 0.0462913513183594 -0.0601768493652344
0.0227375030517578 0.0213031768798828 0.0577201843261719 -0.0153846740722656
-0.0104465484619141 0.0337677001953125 0.0330829620361328 0.0175914764404297
-0.0510749816894531 0.0132713317871094 -0.0141916275024414 0.00312614440917969
-0.0699615478515625 -0.0244674682617188 -0.0216293334960938 -0.0175399780273438
0.0737152099609375 -0.0284423828125 0.0387840270996094 0.0255813598632812
0.0401229858398438 -0.0801162719726563 0.0287532806396484 -0.00566482543945313
-0.0341567993164063 -0.0697669982910156 -0.0181217193603516 -0.0254440307617188
-0.0680389404296875 -0.01617431640625 -0.0520057678222656 0.00946044921874999
-0.054840087890625 0.0224838256835938 -0.0408477783203125 0.0435867309570313
-0.0300674438476563 0.0549468994140625 -0.0107955932617187 0.0800933837890625
-0.00693893432617187 0.0567779541015625 0.023284912109375 0.08294677734375
-0.0124855041503906 0.0480613708496094 0.0382614135742188 0.069915771484375
-0.0218658447265625 0.0516166687011719 0.0295829772949219 0.0670356750488281
-0.0422477722167969 0.0312919616699219 0.00628280639648438 0.0652046203613281
-0.0466537475585938 -0.00683212280273438 -0.00318527221679688 0.050018310546875
-0.0270957946777344 -0.0348052978515625 -0.00542068481445313 0.0361518859863281
0.0227088928222656 -0.0460624694824219 -0.00255584716796875 0.0512580871582031
0.0629158020019531 -0.0200958251953125 -0.000770568847656239 0.102157592773438
0.059539794921875 0.0168266296386719 -0.0809478759765625 0.144882202148438
0.0760116577148438 -0.0716400146484375 0.0548515319824219 0.0163345336914063
0.03240966796875 -0.116256713867188 0.0355606079101563 -0.0110549926757813
-0.0504684448242188 -0.0970840454101562 -0.00561714172363282 -0.0250492095947266
-0.0966873168945313 -0.0261383056640625 -0.0334949493408203 0.00159454345703125
-0.0811614990234375 0.031707763671875 -0.0254535675048828 0.0228824615478516
-0.044219970703125 0.0822830200195313 -0.00555419921875 0.0546188354492188
-0.0074005126953125 0.0844497680664063 0.0192527770996094 0.0559005737304688
-0.0112152099609375 0.0735626220703125 0.0332679748535156 0.0438919067382813
-0.0201950073242188 0.0804901123046875 0.0315170288085938 0.0417060852050781
-0.0473060607910156 0.060791015625 0.0192680358886719 0.04449462890625
-0.0659103393554688 0.0149955749511719 0.0165328979492188 0.0366897583007813
-0.0560569763183594 -0.0243568420410156 0.0160865783691406 0.0362930297851563
-0.00702667236328125 -0.0638580322265625 0.0185546875 0.0638008117675781
0.0427017211914063 -0.0607833862304688 0.012420654296875 0.112190246582031
0.0543212890625 -0.0305290222167969 -0.0637359619140625 0.152389526367188
0.0668716430664063 -0.104896545410156 0.0741043090820313 -0.00341033935546876
0.0186691284179688 -0.136444091796875 0.0416908264160156 -0.0222320556640625
-0.062591552734375 -0.110282897949219 0.0054779052734375 -0.0242080688476563
-0.112953186035156 -0.0315933227539063 -0.0113058090209961 -0.00405025482177734
-0.0960845947265625 0.0361557006835938 -0.00534391403198243 0.000603199005126955
-0.052093505859375 0.0972671508789063 0.00173187255859375 0.0215339660644531
-0.00685119628906251 0.09979248046875 0.0128440856933594 0.0203285217285156
-0.00790405273437499 0.0889892578125 0.0230903625488281 0.0108222961425781
-0.0142745971679687 0.0988845825195313 0.0280742645263672 0.00952911376953126
-0.0452423095703125 0.0835647583007813 0.0280246734619141 0.0165290832519531
-0.076812744140625 0.0373077392578125 0.0340499877929687 0.0158805847167969
-0.0815353393554688 -0.00848388671875 0.0376701354980469 0.0289878845214844
-0.0400466918945313 -0.074462890625 0.0389366149902344 0.0680885314941406
0.0145111083984375 -0.096710205078125 0.0223922729492188 0.109962463378906
0.039520263671875 -0.0755615234375 -0.04534912109375 0.142791748046875
0.043548583984375 -0.123634338378906 0.09027099609375 -0.0284423828125
-0.00388336181640626 -0.137939453125 0.0457115173339844 -0.0354537963867188
-0.0714645385742187 -0.104293823242188 0.0144462585449219 -0.0225009918212891
-0.114204406738281 -0.0271530151367188 0.0118398666381836 -0.00859451293945313
-0.09564208984375 0.0382537841796875 0.0163440704345703 -0.0203914642333984
-0.050201416015625 0.0984344482421875 0.00992298126220703 -0.0141973495483398
-0.00473022460937499 0.0995025634765625 0.00523185729980469 -0.0182647705078125
-0.00452423095703125 0.090301513671875 0.00946617126464844 -0.0239143371582031
-0.00731658935546875 0.102210998535156 0.0188560485839844 -0.0250186920166016
-0.0378494262695312 0.0933609008789063 0.0314750671386719 -0.0172080993652344
-0.0775604248046875 0.0536422729492187 0.0459747314453125 -0.0111312866210937
-0.0939407348632812 0.00731658935546876 0.055908203125 0.0146408081054688
-0.0667572021484375 -0.0745010375976563 0.0552787780761719 0.0616302490234375
-0.015167236328125 -0.116294860839844 0.0267791748046875 0.0927505493164062
0.018798828125 -0.106559753417969 -0.028717041015625 0.115806579589844
0.0102920532226562 -0.126655578613281 0.0992584228515625 -0.0568771362304688
-0.0312042236328125 -0.119186401367187 0.0452461242675781 -0.0485458374023438
-0.0763778686523438 -0.0783233642578125 0.0206375122070312 -0.0196075439453125
-0.0989532470703125 -0.0115509033203125 0.0330295562744141 -0.0134296417236328
-0.077484130859375 0.0389480590820313 0.0344352722167969 -0.0395545959472656
-0.0376052856445313 0.085418701171875 0.0153846740722656 -0.0471420288085938
-0.000480651855468747 0.0839309692382813 -0.00275039672851563 -0.0517578125
0.000694274902343751 0.0788040161132813 -0.00594711303710937 -0.0542945861816406
-0.00042724609374999 0.090087890625 0.00546646118164063 -0.05657958984375
-0.0264816284179688 0.08538818359375 0.0295753479003906 -0.0508499145507812
-0.0650215148925781 0.0558738708496094 0.0516357421875 -0.0384521484375
-0.0872955322265625 0.0187835693359375 0.0661354064941406 -0.00272369384765625
-0.075653076171875 -0.0616226196289063 0.0625038146972656 0.0468788146972656
-0.0372085571289062 -0.111747741699219 0.0227775573730469 0.0650672912597656
-0.00501251220703125 -0.114486694335938 -0.0162124633789062 0.07720947265625
-0.0243072509765625 -0.112747192382813 0.099395751953125 -0.0837936401367188
-0.0559234619140625 -0.0866470336914063 0.0392417907714844 -0.0589523315429688
-0.0736923217773437 -0.0404205322265625 0.0222434997558594 -0.017913818359375
-0.0709228515625 0.0100555419921875 0.0454940795898437 -0.0182533264160156
-0.0465431213378906 0.0376243591308594 0.0426521301269531 -0.0523338317871094
-0.0169486999511719 0.0619010925292969 0.0156936645507813 -0.0707244873046875
0.00485992431640625 0.0562591552734375 -0.0125961303710937 -0.0755538940429688
0.005279541015625 0.0548439025878906 -0.0200424194335938 -0.0758285522460938
0.00384521484375 0.0632972717285156 -0.00675201416015626 -0.0792922973632813
-0.0135002136230469 0.0593643188476563 0.0249481201171875 -0.0764083862304688
-0.040985107421875 0.0424690246582031 0.0509910583496094 -0.0588340759277344
-0.0600662231445313 0.0214271545410156 0.0681915283203125 -0.0164947509765625
-0.0619888305664063 -0.0374336242675781 0.0587272644042969 0.0310935974121094
-0.046783447265625 -0.0829544067382812 0.0128250122070312 0.0360336303710937
-0.0266265869140625 -0.0983734130859375 -0.00904083251953125 0.0369415283203125
-0.0528335571289062 -0.0861892700195313 0.0903854370117188 -0.108787536621094
-0.069488525390625 -0.0481300354003906 0.0290374755859375 -0.0688323974609375
-0.0638198852539063 -0.00226974487304688 0.0167655944824219 -0.0201034545898438
-0.0367927551269531 0.02923583984375 0.0456962585449219 -0.0241203308105469
-0.0114536285400391 0.0319862365722656 0.0392723083496094 -0.058441162109375
0.00546646118164063 0.0320301055908203 0.00959014892578126 -0.0823593139648438
0.00966262817382813 0.0210132598876953 -0.0216827392578125 -0.086639404296875
0.00889205932617187 0.0236301422119141 -0.0312423706054688 -0.0861129760742188
0.0064697265625 0.0265884399414062 -0.0158157348632812 -0.091400146484375
0.00035858154296875 0.0215435028076172 0.0214385986328125 -0.0900115966796875
-0.010223388671875 0.0184726715087891 0.0485115051269531 -0.0653724670410156
-0.0200309753417969 0.0173377990722656 0.0642433166503906 -0.0209617614746094
-0.0343990325927734 -0.00561904907226562 0.0475044250488281 0.0197334289550781
-0.0458984375 -0.03680419921875 0.00131511688232422 0.0137109756469727
-0.0458641052246094 -0.0626716613769531 -0.00785398483276367 0.00401163101196289
-0.0708465576171875 -0.0490341186523438 0.075531005859375 -0.128334045410156
-0.0684585571289063 -0.00954055786132814 0.0171279907226562 -0.0807266235351563
-0.0469284057617188 0.0285491943359375 0.00493431091308593 -0.0264873504638672
-0.00383758544921875 0.0402984619140625 0.033935546875 -0.0297431945800781
0.0200271606445313 0.0217475891113281 0.0260505676269531 -0.0572853088378906
0.0247879028320313 0.000316619873046875 -0.0015716552734375 -0.0808792114257813
0.0123805999755859 -0.0155496597290039 -0.0292129516601563 -0.0843124389648438
0.0103425979614258 -0.0108556747436523 -0.037506103515625 -0.08306884765625
0.00806140899658203 -0.0134649276733398 -0.0192184448242188 -0.0902252197265625
0.0155506134033203 -0.0189781188964844 0.02008056640625 -0.0888214111328125
0.0240459442138672 -0.007293701171875 0.0452308654785156 -0.0598831176757813
0.023590087890625 0.0141277313232422 0.0561599731445313 -0.0169029235839844
-0.0043487548828125 0.0298995971679688 0.0327796936035156 0.0149574279785156
-0.0428276062011719 0.0167427062988281 -0.0106344223022461 0.00164890289306641
-0.0624847412109375 -0.0169677734375 -0.0118894577026367 -0.016026496887207
0.0713958740234375 -0.0319976806640625 0.0298385620117188 0.0249080657958984
0.0356674194335938 -0.0804672241210938 0.0236759185791016 -0.0037078857421875
-0.0365447998046875 -0.0673484802246094 -0.0185222625732422 -0.0242462158203125
-0.0674285888671875 -0.0125274658203125 -0.05242919921875 0.00868606567382814
-0.05291748046875 0.0245895385742187 -0.0424232482910156 0.0420608520507812
-0.0254402160644531 0.0558090209960938 -0.0129776000976563 0.0789108276367188
-0.00365447998046875 0.0569381713867187 0.0205307006835937 0.0832672119140625
-0.00961685180664063 0.04827880859375 0.0341262817382813 0.0704498291015625
-0.0179634094238281 0.052581787109375 0.025634765625 0.06787109375
-0.0400161743164062 0.0341529846191406 0.00252151489257812 0.0640182495117188
-0.048248291015625 -0.00323104858398437 -0.00469970703125 0.0477104187011719
-0.0301055908203125 -0.0335845947265625 -0.00563621520996094 0.034759521484375
0.0191650390625 -0.048980712890625 -0.00209426879882813 0.0524215698242187
0.0601043701171875 -0.0254898071289063 -0.00356292724609376 0.103858947753906
0.060333251953125 0.0119781494140625 -0.08660888671875 0.143630981445313
0.0771408081054688 -0.0746841430664063 0.0457191467285156 0.0141754150390625
0.030303955078125 -0.117095947265625 0.0294151306152344 -0.0100250244140625
-0.0517044067382813 -0.0962371826171875 -0.0068511962890625 -0.0249958038330078
-0.0958023071289062 -0.024139404296875 -0.0343837738037109 0.000629425048828119
-0.080474853515625 0.0323715209960938 -0.0284595489501953 0.0212783813476563
-0.04083251953125 0.0824050903320313 -0.00928115844726562 0.0533943176269531
-0.00572967529296876 0.0847702026367188 0.0145721435546875 0.0570716857910156
-0.009857177734375 0.0737762451171875 0.028594970703125 0.0448265075683594
-0.018096923828125 0.081451416015625 0.0267753601074219 0.0421524047851563
-0.0471572875976563 0.0624122619628906 0.0145149230957031 0.0433197021484375
-0.0681953430175781 0.0159797668457031 0.0145092010498047 0.0336589813232422
-0.0588493347167969 -0.0256538391113281 0.0158653259277344 0.0336475372314453
-0.00843048095703126 -0.0683670043945313 0.0186080932617188 0.0633773803710938
0.0433425903320313 -0.0668220520019531 0.00978088378906249 0.112258911132813
0.05804443359375 -0.0352821350097656 -0.0684661865234375 0.149322509765625
0.0711212158203125 -0.107803344726563 0.0653877258300781 -0.00592803955078126
0.0195465087890625 -0.138458251953125 0.0362548828125 -0.0225334167480469
-0.0615921020507812 -0.111930847167969 0.00302886962890624 -0.0244426727294922
-0.1121826171875 -0.0323028564453125 -0.0131902694702148 -0.00505828857421875
-0.0965957641601563 0.0354995727539062 -0.00880622863769532 -0.000758171081542967
-0.0513381958007813 0.0968399047851563 -0.0019989013671875 0.0207481384277344
-0.00762939453125 0.100067138671875 0.00753021240234375 0.0219192504882813
-0.00862884521484376 0.0893478393554688 0.0179996490478516 0.0125732421875
-0.0149383544921875 0.0991897583007813 0.0227260589599609 0.0102424621582031
-0.04736328125 0.0840530395507812 0.0231189727783203 0.0147171020507813
-0.0800018310546875 0.0368728637695312 0.0313014984130859 0.0127143859863281
-0.0837326049804688 -0.011444091796875 0.0377311706542969 0.0257911682128906
-0.0399093627929688 -0.0801773071289063 0.0395660400390625 0.06707763671875
0.0172195434570313 -0.101821899414063 0.0204010009765625 0.108772277832031
0.0457687377929688 -0.0789413452148437 -0.0483779907226562 0.138893127441406
0.0506591796875 -0.125160217285156 0.08380126953125 -0.0320663452148438
0.00118255615234376 -0.140007019042969 0.0406417846679688 -0.0367965698242188
-0.0691070556640625 -0.108154296875 0.0117340087890625 -0.0233154296875
-0.113899230957031 -0.0302200317382813 0.00942420959472656 -0.0100898742675781
-0.0972366333007813 0.0362014770507812 0.01287841796875 -0.0219955444335938
-0.0519485473632813 0.0973968505859375 0.00569438934326172 -0.0144844055175781
-0.00768280029296874 0.100395202636719 0.00035285949707031 -0.0159387588500976
-0.00672912597656249 0.0911331176757813 0.00484657287597656 -0.0217456817626953
-0.0099639892578125 0.102798461914062 0.0139064788818359 -0.0245246887207031
-0.0410232543945313 0.0928802490234375 0.02655029296875 -0.0187759399414062
-0.0815582275390625 0.0512008666992188 0.0434608459472656 -0.0141944885253906
-0.0958938598632813 0.00284576416015625 0.0550956726074219 0.011688232421875
-0.0643081665039063 -0.0804214477539062 0.0551681518554687 0.0596580505371094
-0.00993347167968749 -0.120735168457031 0.0251388549804687 0.0903472900390625
0.0274887084960937 -0.108551025390625 -0.0296173095703125 0.111312866210938
0.0191574096679688 -0.125732421875 0.0961837768554688 -0.0609283447265625
-0.0242538452148438 -0.121284484863281 0.0419769287109375 -0.0514106750488281
-0.0719070434570313 -0.0835647583007813 0.0180912017822266 -0.0214710235595703
-0.098602294921875 -0.01739501953125 0.0302200317382812 -0.0148906707763672
-0.0799713134765625 0.0348434448242188 0.0312843322753906 -0.0406913757324219
-0.0414657592773438 0.0837631225585938 0.0120811462402344 -0.0469932556152344
-0.00476837158203124 0.0852432250976562 -0.00673675537109375 -0.0507278442382812
-0.00344085693359375 0.0796661376953125 -0.00894927978515625 -0.0528678894042969
-0.004791259765625 0.0899810791015625 0.0023956298828125 -0.0556411743164063
-0.0307769775390625 0.0839691162109375 0.0257835388183594 -0.051177978515625
-0.0686531066894531 0.0518569946289062 0.04901123046875 -0.0407180786132813
-0.0879745483398438 0.0133819580078125 0.0649032592773438 -0.00550079345703125
-0.07171630859375 -0.0675811767578125 0.0612754821777344 0.0441055297851562
-0.0301437377929688 -0.115287780761719 0.0224876403808594 0.0620689392089844
0.005035400390625 -0.11480712890625 -0.0149154663085938 0.0723648071289062
-0.0154342651367187 -0.110549926757813 0.0993576049804688 -0.087493896484375
-0.0472488403320313 -0.0876007080078125 0.0386085510253906 -0.0625228881835938
-0.0682640075683594 -0.0454368591308594 0.0197410583496094 -0.0203990936279297
-0.069366455078125 0.00340652465820313 0.0428123474121094 -0.0193023681640625
-0.0494461059570313 0.0324134826660156 0.0403823852539063 -0.0528640747070313
-0.0220565795898437 0.0597114562988281 0.0138282775878906 -0.0702247619628906
-6.10351562499963E-05 0.0564918518066406 -0.0139007568359375 -0.074920654296875
0.000820159912109379 0.0552482604980469 -0.0214385986328125 -0.0745773315429688
-0.00171661376953125 0.0631942749023438 -0.00888061523437499 -0.0798416137695313
-0.0190925598144531 0.0576248168945312 0.0227508544921875 -0.0771636962890625
-0.0453300476074219 0.0378379821777344 0.0499992370605469 -0.0597267150878906
-0.0604705810546875 0.0150871276855469 0.0669517517089844 -0.0179252624511719
-0.0575141906738281 -0.0428581237792969 0.0572853088378906 0.0285148620605469
-0.0388946533203125 -0.0849990844726563 0.0135822296142578 0.0321674346923828
-0.0170059204101563 -0.0964813232421875 -0.00531387329101563 0.0335674285888672
-0.0458145141601563 -0.0826950073242188 0.0935287475585938 -0.110786437988281
-0.0620803833007813 -0.0472869873046875 0.0308685302734375 -0.07269287109375
-0.058135986328125 -0.00432586669921876 0.0154361724853516 -0.0221061706542969
-0.0346660614013672 0.0228404998779297 0.0441055297851563 -0.0251388549804688
-0.0133533477783203 0.0269012451171875 0.0387535095214844 -0.0583229064941406
0.000711441040039061 0.0293731689453125 0.00926971435546874 -0.081298828125
0.00448989868164063 0.0213298797607422 -0.0207901000976562 -0.0864105224609375
0.004486083984375 0.0237293243408203 -0.0306167602539062 -0.085418701171875
0.000770568847656247 0.0265579223632812 -0.0154647827148438 -0.0916519165039063
-0.0053863525390625 0.0194778442382813 0.0208969116210937 -0.0898284912109375
-0.0141277313232422 0.0137453079223633 0.0489578247070312 -0.0653228759765625
-0.0196399688720703 0.0113029479980469 0.0640525817871094 -0.0217666625976563
-0.0295314788818359 -0.0101966857910156 0.0466537475585938 0.0174560546875
-0.0383186340332031 -0.0369758605957031 0.00298690795898437 0.0103359222412109
-0.0373039245605469 -0.0597152709960937 -0.000999927520751956 0.00204300880432129
-0.0668830871582031 -0.0448799133300781 0.0812454223632813 -0.129547119140625
-0.0632286071777344 -0.00711822509765624 0.020294189453125 -0.084381103515625
-0.041717529296875 0.0285987854003906 0.00423431396484375 -0.0283222198486328
-0.000358581542968751 0.0361251831054688 0.0329799652099609 -0.0295200347900391
0.0195121765136719 0.0178966522216797 0.026336669921875 -0.0559425354003906
0.0214519500732422 -0.002960205078125 0.000312805175781243 -0.0793075561523438
0.00809764862060547 -0.0154485702514648 -0.026519775390625 -0.0845489501953125
0.00706577301025391 -0.0116081237792969 -0.0345916748046875 -0.0840301513671875
0.00356483459472656 -0.0135774612426758 -0.01751708984375 -0.0911636352539062
0.0102443695068359 -0.0205154418945313 0.0213775634765625 -0.0888671875
0.0205516815185547 -0.0116596221923828 0.0459213256835938 -0.0592765808105469
0.0233745574951172 0.00928115844726562 0.0561141967773438 -0.0171852111816406
0.000492095947265628 0.0268039703369141 0.0321102142333984 0.0134162902832031
-0.0360183715820313 0.01739501953125 -0.00728464126586914 -0.00128984451293945
-0.0556221008300781 -0.0136146545410156 -0.00307083129882813 -0.0170812606811523
0.0708465576171875 -0.0356826782226563 0.0211029052734375 0.02667236328125
0.0323562622070312 -0.0819854736328125 0.0201206207275391 -0.00179290771484375
-0.0386009216308594 -0.0664100646972656 -0.0192832946777344 -0.02447509765625
-0.0681266784667969 -0.0100936889648438 -0.0534210205078125 0.00828552246093749
-0.0522308349609375 0.026885986328125 -0.0459136962890625 0.041961669921875
-0.0228729248046875 0.0569801330566406 -0.0158767700195313 0.0807113647460938
-0.00120162963867188 0.0578765869140625 0.0172653198242188 0.0876312255859375
-0.0072784423828125 0.0494384765625 0.031494140625 0.0743179321289063
-0.014678955078125 0.0540657043457031 0.0224990844726563 0.0711135864257813
-0.0384788513183594 0.0372352600097656 -0.0020904541015625 0.0659255981445313
-0.0495491027832031 -0.000373840332031239 -0.00722122192382813 0.0474624633789062
-0.0329113006591797 -0.0331039428710938 -0.00626564025878906 0.0339927673339844
0.0166130065917969 -0.0516738891601562 -0.00218582153320312 0.0550155639648438
0.0590744018554687 -0.0302886962890625 -0.00669097900390624 0.108787536621094
0.0618934631347656 0.00749969482421875 -0.09600830078125 0.146377563476563
0.0804443359375 -0.0796737670898437 0.0378379821777344 0.0150871276855469
0.029937744140625 -0.120704650878906 0.0255222320556641 -0.00857925415039063
-0.0529632568359375 -0.0982208251953125 -0.00816154479980469 -0.0254631042480469
-0.0973052978515625 -0.0241317749023437 -0.0363197326660156 -0.000190734863281246
-0.0820846557617188 0.0336761474609375 -0.0317287445068359 0.0204868316650391
-0.0401611328125 0.0840682983398438 -0.012847900390625 0.0547599792480469
-0.00520324707031249 0.0874481201171875 0.0105667114257812 0.0609893798828125
-0.00957489013671875 0.0764312744140625 0.0244255065917969 0.0493240356445313
-0.0171279907226563 0.084197998046875 0.0229644775390625 0.0450706481933594
-0.0481109619140625 0.0659027099609375 0.009368896484375 0.0446090698242188
-0.07183837890625 0.0185623168945312 0.0118293762207031 0.0330753326416016
-0.0629425048828125 -0.0269775390625 0.0158519744873047 0.0323810577392578
-0.010009765625 -0.0738677978515625 0.0190200805664063 0.0655288696289063
0.0452346801757813 -0.0736923217773438 0.006927490234375 0.11602783203125
0.0631370544433594 -0.0411262512207031 -0.0770111083984375 0.151290893554688
0.0778656005859375 -0.112464904785156 0.0592422485351563 -0.00682449340820313
0.02178955078125 -0.143997192382813 0.0322799682617188 -0.0214920043945313
-0.0618515014648437 -0.117271423339844 0.00125885009765625 -0.0247783660888672
-0.115180969238281 -0.0348358154296875 -0.0152692794799805 -0.00684547424316406
-0.100357055664063 0.0354843139648438 -0.0124797821044922 -0.00180625915527344
-0.0527572631835938 0.098541259765625 -0.00605964660644532 0.0211582183837891
-0.0083160400390625 0.103507995605469 0.00349617004394531 0.0251903533935547
-0.0105361938476562 0.0929183959960938 0.0138149261474609 0.0153741836547852
-0.0162277221679687 0.103286743164063 0.0188579559326172 0.0119915008544922
-0.0504837036132813 0.0877838134765625 0.018585205078125 0.0148391723632813
-0.0852203369140625 0.0380020141601562 0.0297966003417969 0.0108661651611328
-0.0882644653320313 -0.0149688720703125 0.0373764038085937 0.0241050720214844
-0.0406417846679687 -0.0877838134765625 0.0399932861328125 0.0678520202636719
0.0209197998046875 -0.110282897949219 0.018280029296875 0.111167907714844
0.0541305541992187 -0.0852279663085937 -0.0543060302734375 0.139022827148438
0.0593185424804688 -0.129554748535156 0.0801162719726563 -0.0346145629882813
0.00569152832031249 -0.14691162109375 0.0375328063964844 -0.0384788513183594
-0.0684585571289062 -0.115692138671875 0.00945091247558594 -0.0242233276367188
-0.116874694824219 -0.0352783203125 0.00707626342773437 -0.0113563537597656
-0.102653503417969 0.0350112915039062 0.00995445251464843 -0.0229301452636719
-0.0559005737304688 0.0992202758789063 0.00264644622802734 -0.0145816802978516
-0.0104751586914062 0.104721069335937 -0.00307083129882813 -0.0144414901733398
-0.00937652587890625 0.0948715209960938 0.00112533569335938 -0.0201683044433594
-0.0130615234375 0.106582641601563 0.0103130340576172 -0.0241146087646484
-0.045623779296875 0.0957183837890625 0.023040771484375 -0.0193653106689453
-0.0869979858398438 0.0511322021484375 0.0421867370605469 -0.0163955688476562
-0.100822448730469 -0.00147247314453125 0.055389404296875 0.009521484375
-0.06451416015625 -0.0891571044921875 0.0559158325195312 0.0597686767578125
-0.00521087646484375 -0.129600524902344 0.0239715576171875 0.0901412963867187
0.0366363525390625 -0.113945007324219 -0.033111572265625 0.110176086425781
0.0291290283203125 -0.13006591796875 0.09613037109375 -0.064178466796875
-0.0174942016601563 -0.128036499023438 0.0405807495117188 -0.0538444519042969
-0.0700759887695312 -0.0917892456054688 0.0155467987060547 -0.0231285095214844
-0.101089477539063 -0.02301025390625 0.0288715362548828 -0.0157642364501953
-0.0860214233398438 0.032623291015625 0.0293350219726562 -0.0420303344726563
-0.046966552734375 0.0849761962890625 0.0101394653320312 -0.0483741760253906
-0.00939941406249999 0.0887222290039063 -0.0091094970703125 -0.0502433776855469
-0.00752258300781249 0.0823822021484375 -0.0116462707519531 -0.0521202087402344
-0.00995635986328126 0.0940780639648437 0.000198364257812504 -0.0566787719726562
-0.0367050170898437 0.08587646484375 0.0235786437988281 -0.0528793334960938
-0.0747146606445312 0.0506134033203125 0.0490188598632812 -0.0434799194335938
-0.09228515625 0.00782012939453125 0.065521240234375 -0.00768661499023438
-0.070587158203125 -0.0761337280273438 0.0620536804199219 0.0441055297851562
-0.0244674682617188 -0.122673034667969 0.0212631225585937 0.0605850219726562
0.01446533203125 -0.119255065917969 -0.0144500732421875 0.070465087890625
-0.00598907470703125 -0.113250732421875 0.102577209472656 -0.0917816162109375
-0.0403366088867188 -0.0930862426757812 0.0394668579101563 -0.0673942565917969
-0.065460205078125 -0.0523262023925781 0.0178623199462891 -0.0215435028076172
-0.0712814331054688 -0.00304412841796876 0.0420303344726562 -0.0208740234375
-0.0542106628417969 0.0292091369628906 0.0407257080078125 -0.0543861389160156
-0.0279045104980469 0.0599250793457031 0.0130386352539062 -0.0720062255859375
-0.00546264648437501 0.0599555969238281 -0.01507568359375 -0.0760879516601563
-0.00367355346679688 0.05792236328125 -0.0227737426757813 -0.0755844116210938
-0.00656509399414063 0.0658836364746094 -0.00964355468749999 -0.0817794799804688
-0.0250816345214844 0.0582771301269531 0.0219345092773437 -0.0786972045898438
-0.0509414672851562 0.0350608825683594 0.0507011413574219 -0.0615386962890625
-0.0636749267578125 0.00919342041015623 0.0679817199707031 -0.0194587707519531
-0.054931640625 -0.0497894287109375 0.0573654174804688 0.02764892578125
-0.0325851440429687 -0.0903549194335937 0.0139083862304687 0.0294780731201172
-0.00742340087890624 -0.0995101928710937 -0.00165939331054687 0.0304527282714844
-0.0394821166992187 -0.0830230712890625 0.101142883300781 -0.115943908691406
-0.0562324523925781 -0.0495491027832031 0.03369140625 -0.0785140991210937
-0.0548286437988281 -0.00916290283203125 0.0139274597167969 -0.0244102478027344
-0.03424072265625 0.017913818359375 0.043853759765625 -0.0258979797363281
-0.016510009765625 0.0232372283935547 0.0396614074707031 -0.0587959289550781
-0.00455284118652344 0.0281620025634766 0.0104446411132813 -0.0826339721679688
-0.000957489013671872 0.0233058929443359 -0.019989013671875 -0.08905029296875
-9.72747802734395E-05 0.0249710083007813 -0.0298538208007813 -0.08770751953125
-0.00418853759765625 0.0284633636474609 -0.0151214599609375 -0.0948104858398438
-0.0109767913818359 0.0199871063232422 0.021759033203125 -0.0927200317382813
-0.0188999176025391 0.0103759765625 0.0503654479980469 -0.0674095153808594
-0.0221176147460938 0.00586128234863282 0.0648002624511719 -0.0220870971679687
-0.0260772705078125 -0.0157146453857422 0.0467720031738281 0.0174903869628906
-0.0323371887207031 -0.0396804809570313 0.00408792495727539 0.00712728500366211
-0.0293083190917969 -0.0605697631835938 0.00547218322753906 -0.000895977020263676
-0.0639877319335938 -0.0421676635742187 0.090484619140625 -0.134506225585938
-0.0599365234375 -0.00611877441406251 0.023223876953125 -0.09002685546875
-0.0388145446777344 0.0279884338378906 0.00346183776855468 -0.0304775238037109
0.000904083251953125 0.0329170227050781 0.0332565307617188 -0.0303840637207031
0.0187454223632813 0.0143909454345703 0.0285415649414062 -0.0555343627929688
0.0179023742675781 -0.004791259765625 0.00281524658203125 -0.0807571411132813
0.0041046142578125 -0.0156764984130859 -0.0242919921875 -0.0880661010742188
0.00398445129394531 -0.011408805847168 -0.03265380859375 -0.0869674682617188
-0.000471115112304686 -0.0130128860473633 -0.015411376953125 -0.0948410034179688
0.00542831420898438 -0.0218219757080078 0.0237808227539062 -0.0920486450195312
0.0176639556884766 -0.0145683288574219 0.0487594604492188 -0.0606269836425781
0.0226840972900391 0.00474929809570313 0.0582199096679688 -0.0166511535644531
0.00332260131835938 0.0236263275146484 0.0328598022460938 0.0135555267333984
-0.0310516357421875 0.0169448852539063 -0.00424242019653321 -0.00403904914855957
-0.0508918762207031 -0.0128173828125 0.00497817993164062 -0.0196781158447266
0.0712661743164063 -0.0405731201171875 0.0140647888183594 0.0296955108642578
0.028472900390625 -0.0858078002929688 0.0167779922485352 0.00097274780273437
-0.0425186157226563 -0.0665969848632813 -0.0208759307861328 -0.0242824554443359
-0.0699920654296875 -0.00665664672851563 -0.0557975769042969 0.00800704956054687
-0.0526351928710937 0.030670166015625 -0.0492668151855469 0.0442962646484375
-0.0192070007324219 0.0596656799316406 -0.017913818359375 0.0853500366210937
0.00247955322265625 0.0602989196777344 0.01715087890625 0.0935897827148438
-0.00419998168945312 0.0521926879882813 0.03143310546875 0.0804901123046875
-0.0111808776855469 0.057037353515625 0.0215530395507813 0.0763015747070313
-0.0375823974609375 0.041595458984375 -0.004608154296875 0.0708084106445313
-0.0515174865722656 0.00394058227539063 -0.00917816162109375 0.0491142272949219
-0.0371131896972656 -0.032470703125 -0.00635337829589844 0.0347957611083984
0.0130500793457031 -0.0560264587402344 -0.000934600830078126 0.0592575073242188
0.0588417053222656 -0.0362777709960938 -0.00829315185546874 0.11669921875
0.0647735595703125 0.00247573852539063 -0.104888916015625 0.155227661132813
0.0836334228515625 -0.0870819091796875 0.0314731597900391 0.0164337158203125
0.027557373046875 -0.128425598144531 0.0225162506103516 -0.00670242309570313
-0.0574722290039063 -0.102066040039062 -0.0102577209472656 -0.0256233215332031
-0.101516723632813 -0.0227890014648437 -0.0390090942382813 -0.000717163085937508
-0.0850906372070313 0.0374526977539063 -0.0361709594726563 0.0216331481933594
-0.0389938354492188 0.088165283203125 -0.0160484313964844 0.057891845703125
-0.00267791748046875 0.0922317504882813 0.009033203125 0.0666122436523438
-0.00762176513671874 0.0812759399414063 0.0230140686035156 0.0542564392089844
-0.0148849487304687 0.089630126953125 0.0210685729980469 0.0490875244140625
-0.0492935180664062 0.0720062255859375 0.00659942626953125 0.0474052429199219
-0.0767440795898438 0.0226364135742188 0.0108451843261719 0.0327739715576172
-0.0692367553710938 -0.0282440185546875 0.0159683227539062 0.0317802429199219
-0.0141067504882812 -0.0814971923828125 0.0210762023925781 0.0689849853515625
0.0453948974609375 -0.0831375122070313 0.0067596435546875 0.122611999511719
0.0685462951660156 -0.0486602783203125 -0.0837249755859375 0.158599853515625
0.0837554931640625 -0.122245788574219 0.0548515319824219 -0.00720977783203126
0.02166748046875 -0.153793334960938 0.0286731719970703 -0.0210304260253906
-0.0660858154296875 -0.1241455078125 -0.000789642333984378 -0.0256996154785156
-0.121269226074219 -0.0362091064453125 -0.0176639556884766 -0.00731849670410156
-0.1058349609375 0.0385208129882813 -0.0162696838378906 -0.00206375122070312
-0.0546875 0.10394287109375 -0.00969123840332031 0.0229625701904297
-0.00788116455078125 0.110702514648438 0.000995635986328122 0.029083251953125
-0.00980377197265624 0.0989456176757813 0.0114917755126953 0.0193920135498047
-0.0157012939453125 0.110061645507813 0.0159015655517578 0.0143728256225586
-0.0528030395507812 0.0945510864257813 0.0153570175170898 0.0162372589111328
-0.0924148559570313 0.0417938232421875 0.0284557342529297 0.00920486450195313
-0.0960769653320313 -0.0169296264648438 0.0388221740722656 0.0228729248046875
-0.0450515747070313 -0.0967330932617188 0.0431480407714844 0.0698738098144531
0.021942138671875 -0.121894836425781 0.0192642211914063 0.115837097167969
0.0608062744140625 -0.0948028564453125 -0.059844970703125 0.144546508789062
0.067169189453125 -0.140007019042969 0.0779342651367188 -0.037750244140625
0.00767517089843751 -0.157699584960937 0.0348014831542969 -0.040130615234375
-0.071624755859375 -0.125053405761719 0.00689315795898437 -0.0254802703857422
-0.124031066894531 -0.0387039184570313 0.00525379180908202 -0.0123624801635742
-0.109954833984375 0.0368881225585937 0.00663566589355468 -0.0251178741455078
-0.0592575073242187 0.105072021484375 -0.000704765319824221 -0.0149974822998047
-0.0111465454101563 0.112190246582031 -0.00619888305664063 -0.0118436813354492
-0.0104217529296875 0.101882934570313 -0.00196075439453125 -0.0182704925537109
-0.014312744140625 0.114395141601563 0.00738906860351562 -0.0235996246337891
-0.0495758056640625 0.102348327636719 0.0200233459472656 -0.0200176239013672
-0.094635009765625 0.0539779663085938 0.0418357849121094 -0.0196342468261719
-0.1090087890625 -0.00376892089843751 0.0567131042480469 0.00699996948242188
-0.0684738159179688 -0.09893798828125 0.0585289001464844 0.0605735778808594
-0.00314331054687501 -0.141098022460938 0.02459716796875 0.0929412841796875
0.044036865234375 -0.124237060546875 -0.0349197387695313 0.112815856933594
0.0367660522460938 -0.138633728027344 0.09686279296875 -0.0706939697265625
-0.014190673828125 -0.13818359375 0.0388412475585937 -0.0587043762207031
-0.0725555419921875 -0.101753234863281 0.0134849548339844 -0.0246696472167969
-0.108238220214844 -0.0283889770507813 0.0275478363037109 -0.0173015594482422
-0.0936431884765625 0.0334930419921875 0.0278167724609375 -0.0448112487792969
-0.05224609375 0.0899200439453125 0.00759124755859375 -0.0504188537597656
-0.0113525390625 0.0956497192382813 -0.0123138427734375 -0.0503692626953125
-0.00930023193359374 0.08929443359375 -0.0152359008789062 -0.0521430969238281
-0.0120391845703125 0.100570678710938 -0.00338745117187499 -0.058929443359375
-0.0415878295898438 0.091461181640625 0.0209732055664062 -0.0558509826660156
-0.0827560424804688 0.0523300170898437 0.0486869812011719 -0.0474777221679688
-0.0998382568359375 0.00483703613281251 0.0672683715820313 -0.0107192993164063
-0.0734329223632812 -0.0852432250976563 0.0641937255859375 0.0433883666992187
-0.0221328735351563 -0.133323669433594 0.0222206115722656 0.060455322265625
0.0223312377929688 -0.12860107421875 -0.01416015625 0.0706558227539062
0.000244140625000002 -0.11907958984375 0.107124328613281 -0.100212097167969
-0.0369186401367188 -0.100395202636719 0.0391082763671875 -0.073577880859375
-0.0660133361816406 -0.0602760314941406 0.0162410736083984 -0.0246601104736328
-0.0755691528320313 -0.00840759277343749 0.0418701171875 -0.0229682922363281
-0.0608482360839844 0.0282440185546875 0.0404930114746094 -0.0577659606933594
-0.0334358215332031 0.0629234313964844 0.0117340087890625 -0.0755081176757813
-0.00909042358398438 0.0654258728027344 -0.0175857543945312 -0.07891845703125
-0.00673294067382813 0.0629234313964844 -0.0256423950195312 -0.0783843994140625
-0.0103302001953125 0.0717849731445313 -0.0125961303710938 -0.085479736328125
-0.0303764343261719 0.0623817443847656 0.0202255249023438 -0.0835952758789063
-0.0581321716308594 0.0349922180175781 0.0516204833984375 -0.0665664672851563
-0.0691757202148438 0.00547027587890624 0.0700721740722656 -0.0227394104003906
-0.0560760498046875 -0.0574264526367187 0.0591926574707031 0.0269432067871094
-0.0289382934570312 -0.09771728515625 0.0140132904052734 0.0275382995605469
-0.000434875488281246 -0.105720520019531 0.0018310546875 0.02813720703125
-0.0357742309570313 -0.0853652954101563 0.107559204101563 -0.125663757324219
-0.0527992248535156 -0.053253173828125 0.0349960327148438 -0.0862503051757813
-0.0535964965820313 -0.0130882263183594 0.0127468109130859 -0.0268363952636719
-0.0355567932128906 0.0136756896972656 0.0445365905761719 -0.027618408203125
-0.0202293395996094 0.0211105346679688 0.0408782958984375 -0.0623130798339844
-0.009185791015625 0.0292396545410156 0.0104827880859375 -0.0875625610351563
-0.0043792724609375 0.0259895324707031 -0.0213165283203125 -0.0936508178710938
-0.00345611572265625 0.0278949737548828 -0.0320968627929687 -0.0920028686523437
-0.00823593139648437 0.0317840576171875 -0.0169525146484375 -0.10028076171875
-0.0168228149414063 0.0215320587158203 0.022003173828125 -0.0981521606445313
-0.0243186950683594 0.00815200805664062 0.0527572631835937 -0.0720062255859375
-0.0246658325195313 0.00143241882324219 0.0681991577148438 -0.0250625610351563
-0.0242595672607422 -0.0210895538330078 0.0479240417480469 0.01641845703125
-0.0280342102050781 -0.0441398620605469 0.00514507293701172 0.00454473495483398
-0.0236053466796875 -0.0634574890136719 0.0112371444702148 -0.00446128845214844
-0.0635414123535156 -0.0409317016601563 0.098907470703125 -0.144607543945313
-0.0577011108398438 -0.005126953125 0.0258636474609375 -0.098907470703125
-0.0363883972167969 0.0283584594726563 0.00238418579101562 -0.0329799652099609
0.00309562683105469 0.0310230255126953 0.0342216491699219 -0.0319252014160156
0.018524169921875 0.0117626190185547 0.0303955078125 -0.0581283569335937
0.0144062042236328 -0.00697231292724609 0.00368499755859376 -0.0846939086914063
4.38690185546868E-05 -0.0155696868896484 -0.0237884521484375 -0.0932388305664063
0.000581741333007814 -0.0113153457641602 -0.033416748046875 -0.092376708984375
-0.00465297698974609 -0.0124406814575195 -0.0157318115234375 -0.101104736328125
0.00126266479492188 -0.0222129821777344 0.0248336791992188 -0.0979461669921875
0.0137500762939453 -0.0186729431152344 0.052032470703125 -0.0648117065429688
0.0226097106933594 0.00081634521484375 0.0616340637207031 -0.0184326171875
0.00687599182128906 0.021209716796875 0.0341167449951172 0.0131378173828125
-0.0270881652832031 0.0174961090087891 -0.00271177291870117 -0.00690889358520508
-0.047576904296875 -0.0115737915039063 0.0129241943359375 -0.0234756469726563
0.0699615478515625 -0.0474586486816406 0.00843620300292969 0.0338706970214844
0.0223846435546875 -0.0899429321289063 0.0146274566650391 0.00338077545166015
-0.048431396484375 -0.0650711059570312 -0.0229873657226563 -0.0235843658447266
-0.0715179443359375 -0.00177001953125 -0.0586280822753906 0.0102767944335937
-0.0512504577636719 0.0358123779296875 -0.0514602661132813 0.0490837097167969
-0.0139198303222656 0.0621566772460938 -0.017059326171875 0.0917129516601562
0.00862503051757813 0.0626564025878906 0.0206146240234375 0.0999069213867188
0.000591278076171879 0.0546455383300781 0.0347061157226563 0.0852890014648438
-0.00593948364257813 0.0602912902832031 0.02410888671875 0.0813827514648438
-0.0348434448242188 0.0471839904785156 -0.00421905517578125 0.076446533203125
-0.0536537170410156 0.00957870483398438 -0.00904083251953125 0.0517120361328125
-0.0421142578125 -0.0308189392089844 -0.0057525634765625 0.0359535217285156
0.0074920654296875 -0.0601921081542969 0.00321960449218751 0.0636520385742187
0.0573883056640625 -0.0437850952148438 -0.00487518310546875 0.124862670898438
0.0675392150878906 -0.0044708251953125 -0.108963012695312 0.169326782226563
0.0842514038085938 -0.0984115600585938 0.0258827209472656 0.0183620452880859
0.02142333984375 -0.136100769042969 0.0194358825683594 -0.00496482849121095
-0.0652313232421875 -0.103851318359375 -0.0122776031494141 -0.0249538421630859
-0.106758117675781 -0.0186233520507812 -0.0419082641601563 0.000659942626953131
-0.08648681640625 0.0443191528320312 -0.0396270751953125 0.0245819091796875
-0.0353927612304688 0.0939178466796875 -0.0168685913085938 0.0627784729003906
0.00328063964843749 0.0972213745117187 0.0104141235351563 0.0723419189453125
-0.002532958984375 0.086395263671875 0.0246124267578125 0.0591468811035156
-0.0096282958984375 0.0961837768554688 0.0215110778808594 0.0533599853515625
-0.04718017578125 0.0799179077148438 0.00569915771484375 0.0513420104980469
-0.0807266235351563 0.029388427734375 0.0104618072509766 0.0333709716796875
-0.0765533447265625 -0.0260391235351562 0.0180397033691406 0.0311737060546875
-0.0207977294921875 -0.0880279541015625 0.0257644653320312 0.0715713500976562
0.0430831909179688 -0.0944290161132813 0.0108261108398438 0.129913330078125
0.0721969604492188 -0.0592575073242188 -0.0863037109375 0.1710205078125
0.0856857299804688 -0.135589599609375 0.0492630004882813 -0.00892257690429688
0.016082763671875 -0.164932250976563 0.0255527496337891 -0.0213775634765625
-0.07513427734375 -0.129966735839844 -0.00377845764160157 -0.0256805419921875
-0.129035949707031 -0.033172607421875 -0.0207252502441406 -0.00715446472167969
-0.11083984375 0.0459442138671875 -0.0205001831054688 -0.000961303710937494
-0.0524063110351562 0.111915588378906 -0.0122337341308594 0.0253734588623047
-0.00253295898437499 0.118034362792969 -0.000398635864257812 0.0338401794433594
-0.00559234619140624 0.106048583984375 0.0103416442871094 0.0236625671386719
-0.010955810546875 0.118614196777344 0.0142946243286133 0.0164089202880859
-0.0518035888671875 0.103561401367188 0.0131187438964844 0.0179309844970703
-0.098358154296875 0.0491180419921875 0.0280303955078125 0.00777626037597656
-0.104988098144531 -0.0149688720703125 0.0409202575683594 0.0200347900390625
-0.0526657104492188 -0.104934692382813 0.0483551025390625 0.0711288452148438
0.0186080932617188 -0.134819030761719 0.0226898193359375 0.120841979980469
0.0643768310546875 -0.107551574707031 -0.060302734375 0.153350830078125
0.0703887939453125 -0.153579711914063 0.074859619140625 -0.0427322387695313
0.003143310546875 -0.16986083984375 0.0313224792480469 -0.0425567626953125
-0.0802383422851563 -0.133087158203125 0.00422096252441406 -0.0262908935546875
-0.133323669433594 -0.0377578735351562 0.0033893585205078 -0.0136089324951172
-0.11676025390625 0.0434188842773438 0.00271987915039062 -0.0260887145996094
-0.0600814819335937 0.113296508789063 -0.00458335876464844 -0.0146493911743164
-0.0078582763671875 0.12060546875 -0.00934505462646485 -0.00920677185058593
-0.007537841796875 0.109619140625 -0.00510501861572266 -0.0156059265136719
-0.0111312866210937 0.12384033203125 0.00344657897949219 -0.0234413146972656
-0.0497589111328125 0.11181640625 0.0164642333984375 -0.0208015441894531
-0.101829528808594 0.0612945556640625 0.0410079956054687 -0.0233383178710938
-0.118240356445313 -0.00197601318359374 0.0588874816894531 0.0027618408203125
-0.077362060546875 -0.106948852539062 0.0636215209960938 0.0596923828125
-0.0074615478515625 -0.154281616210937 0.0282669067382812 0.0951766967773437
0.0473556518554688 -0.137290954589844 -0.0342941284179688 0.117805480957031
0.0404205322265625 -0.150161743164063 0.0965957641601562 -0.07965087890625
-0.017059326171875 -0.149337768554688 0.0358505249023437 -0.0639152526855469
-0.0794219970703125 -0.109977722167969 0.0104351043701172 -0.0257244110107422
-0.117271423339844 -0.0293121337890625 0.0259819030761719 -0.0197639465332031
-0.101249694824219 0.0382156372070313 0.0248794555664062 -0.0482635498046875
-0.0544281005859375 0.0979995727539063 0.00336074829101563 -0.0523529052734375
-0.0103912353515625 0.10406494140625 -0.0169296264648437 -0.0502586364746094
-0.00788116455078125 0.0965423583984375 -0.0198097229003906 -0.0519256591796875
-0.01068115234375 0.109466552734375 -0.00863647460937499 -0.0605278015136719
-0.0430908203125 0.0998611450195312 0.0163917541503906 -0.0586700439453125
-0.0892715454101563 0.05804443359375 0.0474700927734375 -0.0526008605957031
-0.108016967773438 0.00582885742187501 0.0691032409667969 -0.0157394409179688
-0.0799102783203125 -0.0920867919921875 0.0684547424316406 0.0414276123046875
-0.0255584716796875 -0.144729614257813 0.0243072509765625 0.0602378845214844
0.02557373046875 -0.139678955078125 -0.0118865966796875 0.0712203979492187
0.00290679931640624 -0.126480102539063 0.108421325683594 -0.112922668457031
-0.0375289916992188 -0.108283996582031 0.0367202758789063 -0.0810775756835938
-0.0700874328613281 -0.0667877197265625 0.0141277313232422 -0.0270042419433594
-0.081878662109375 -0.0103683471679688 0.0414047241210937 -0.0260581970214844
-0.0670585632324219 0.0304985046386719 0.0383377075195312 -0.0624122619628906
-0.0371170043945312 0.068939208984375 0.00759124755859374 -0.079498291015625
-0.00927734374999999 0.0722274780273438 -0.0225677490234375 -0.0815658569335938
-0.00712966918945313 0.0684776306152344 -0.0310516357421875 -0.07977294921875
-0.0107421875 0.0787887573242187 -0.0183258056640625 -0.089630126953125
-0.0338859558105469 0.0686111450195313 0.016082763671875 -0.0890426635742188
-0.0641937255859375 0.038116455078125 0.050750732421875 -0.0731430053710938
-0.0755462646484375 0.00460052490234374 0.0712890625 -0.0279541015625
-0.0591087341308594 -0.0642738342285156 0.0619354248046875 0.0243949890136719
-0.0301055908203125 -0.105903625488281 0.0152244567871094 0.0256805419921875
0.00271606445312499 -0.113555908203125 0.00548553466796875 0.0254440307617187
-0.0345077514648438 -0.0875701904296875 0.110466003417969 -0.140304565429687
-0.0524368286132812 -0.0560798645019531 0.032958984375 -0.0955123901367188
-0.0537986755371094 -0.0166091918945313 0.0108184814453125 -0.0294761657714844
-0.037811279296875 0.0108489990234375 0.0442008972167969 -0.0312156677246094
-0.0237369537353516 0.0208263397216797 0.0400009155273438 -0.0673446655273438
-0.0131721496582031 0.0314750671386719 0.00732421874999999 -0.0926284790039063
-0.006988525390625 0.0304946899414063 -0.0261688232421875 -0.09808349609375
-0.00561714172363281 0.0311489105224609 -0.037139892578125 -0.0961380004882813
-0.0111122131347656 0.0362167358398438 -0.02227783203125 -0.105361938476563
-0.0214862823486328 0.0244483947753906 0.0177383422851563 -0.104690551757813
-0.0298862457275391 0.00803947448730469 0.0522537231445313 -0.0784759521484375
-0.0285186767578125 -0.00147819519042969 0.0695571899414063 -0.0296249389648438
-0.0245189666748047 -0.0263156890869141 0.0502662658691406 0.0139884948730469
-0.025848388671875 -0.0480537414550781 0.00581026077270508 0.00158834457397461
-0.0207557678222656 -0.0665435791015625 0.0164213180541992 -0.00975990295410156
-0.0640296936035156 -0.0384445190429688 0.1021728515625 -0.159683227539062
-0.0561904907226563 -0.00326538085937499 0.0242919921875 -0.108253479003906
-0.0331687927246094 0.0292797088623047 -0.000125885009765627 -0.0355682373046875
0.00489425659179687 0.0283260345458984 0.0335273742675781 -0.0348567962646484
0.0175380706787109 0.00873279571533203 0.0305252075195312 -0.0622711181640625
0.0108070373535156 -0.00823307037353516 0.00173950195312499 -0.0897903442382813
-0.00340461730957031 -0.0148468017578125 -0.0280685424804688 -0.098785400390625
-0.00297355651855469 -0.0109405517578125 -0.0376663208007812 -0.0974807739257813
-0.00838947296142578 -0.0110158920288086 -0.0203781127929688 -0.107315063476563
-0.00434684753417969 -0.0222492218017578 0.0228271484375 -0.105926513671875
0.00959587097167969 -0.0213489532470703 0.05291748046875 -0.071380615234375
0.0217227935791016 -0.00400161743164063 0.0642280578613281 -0.0224494934082031
0.0103015899658203 0.0181427001953125 0.0358695983886719 0.0116195678710938
-0.0227851867675781 0.0176773071289062 -0.0015716552734375 -0.0102367401123047
-0.0442085266113281 -0.00928497314453126 0.0190982818603516 -0.0292568206787109
0.0661811828613281 -0.0538978576660156 0.00400543212890625 0.0384941101074219
0.013885498046875 -0.0919570922851563 0.0127849578857422 0.00623607635498046
-0.0537986755371094 -0.0606269836425781 -0.0248737335205078 -0.0218296051025391
-0.0712661743164063 0.00543212890625001 -0.0596427917480469 0.0139656066894531
-0.0478477478027344 0.0408439636230469 -0.0508346557617188 0.0542030334472656
-0.0071868896484375 0.0633430480957031 -0.0126571655273438 0.0962448120117188
0.0153884887695312 0.0624160766601562 0.027191162109375 0.103408813476562
0.00661849975585938 0.0551490783691406 0.0397567749023437 0.0877914428710938
0.00131988525390626 0.0614547729492187 0.0286712646484375 0.084625244140625
-0.030181884765625 0.0516548156738281 -0.001251220703125 0.0811309814453125
-0.0534324645996094 0.0160865783691406 -0.00743103027343751 0.0540275573730469
-0.0463981628417969 -0.0271644592285156 -0.00408554077148438 0.0363922119140625
0.000183105468750002 -0.0622787475585938 0.00806427001953126 0.0660133361816406
0.0523567199707031 -0.0512008666992188 0.00189971923828125 0.130546569824219
0.0676612854003906 -0.0127487182617187 -0.105575561523438 0.183151245117187
0.079345703125 -0.10821533203125 0.0200595855712891 0.0207424163818359
0.010772705078125 -0.140640258789063 0.0167913436889648 -0.00289916992187501
-0.0740203857421875 -0.101737976074219 -0.0148086547851563 -0.0233402252197266
-0.109420776367188 -0.0113372802734375 -0.0439071655273438 0.00320434570312499
-0.0850296020507812 0.0516738891601563 -0.0411109924316406 0.0285530090332031
-0.0284194946289062 0.0979156494140625 -0.0158538818359375 0.0672874450683594
0.0116500854492187 0.100044250488281 0.0142974853515625 0.076904296875
0.0044708251953125 0.08905029296875 0.0276298522949219 0.0624351501464844
-0.0016937255859375 0.0994949340820312 0.0231056213378906 0.0561447143554688
-0.04205322265625 0.0868911743164063 0.0061187744140625 0.0550460815429688
-0.08154296875 0.0382003784179687 0.0106697082519531 0.0334510803222656
-0.0830764770507813 -0.02154541015625 0.0190105438232422 0.02984619140625
-0.0303497314453125 -0.0910873413085938 0.0318756103515625 0.0720443725585938
0.0364913940429688 -0.103828430175781 0.0181961059570313 0.133438110351563
0.0711746215820313 -0.0706100463867188 -0.0819549560546875 0.181793212890625
0.080841064453125 -0.147720336914063 0.0432357788085938 -0.0101280212402344
0.00558471679687499 -0.17181396484375 0.0212669372558594 -0.0207748413085938
-0.0857925415039062 -0.129898071289063 -0.00668716430664063 -0.0248546600341797
-0.134841918945313 -0.0268402099609375 -0.0234394073486328 -0.00589370727539062
-0.111122131347656 0.0552825927734375 -0.0236663818359375 0.000921249389648437
-0.0462570190429687 0.118644714355469 -0.0143375396728516 0.0288581848144531
0.00601196289062501 0.122756958007812 0.000286102294921878 0.0383720397949219
0.001861572265625 0.110153198242187 0.0108089447021484 0.027496337890625
-0.00225067138671876 0.124099731445313 0.0130901336669922 0.0184993743896484
-0.0468292236328125 0.11181640625 0.0117092132568359 0.0200557708740234
-0.0995941162109375 0.0590896606445312 0.0268993377685547 0.00567626953125
-0.112442016601563 -0.00933837890625001 0.0416107177734375 0.0163993835449219
-0.0634307861328125 -0.108009338378906 0.0543212890625 0.0691452026367188
0.0100250244140625 -0.145156860351563 0.0296554565429688 0.122482299804687
0.0618820190429688 -0.120613098144531 -0.0556488037109375 0.161041259765625
0.066253662109375 -0.166091918945313 0.0688819885253906 -0.0481529235839844
-0.00642395019531249 -0.17852783203125 0.0262680053710937 -0.0439682006835938
-0.0915145874023438 -0.135498046875 0.000888824462890619 -0.0258960723876953
-0.141769409179688 -0.0330963134765625 0.000324249267578116 -0.0138006210327148
-0.119537353515625 0.0528106689453125 -0.00161933898925782 -0.0265846252441406
-0.0559768676757813 0.121719360351563 -0.00848960876464844 -0.0130252838134766
-3.81469726562437E-05 0.126686096191406 -0.0116786956787109 -0.00574684143066405
-0.00103759765625 0.115135192871094 -0.00730419158935547 -0.0124044418334961
-0.00354766845703124 0.130287170410156 -0.000654220581054685 -0.0223331451416016
-0.045806884765625 0.120391845703125 0.0128135681152344 -0.0206508636474609
-0.103813171386719 0.0707855224609375 0.0383491516113281 -0.0274658203125
-0.125526428222656 0.00426483154296876 0.0590286254882812 -0.00264739990234375
-0.0872116088867187 -0.110038757324219 0.0683326721191406 0.0560417175292969
-0.0162506103515625 -0.164505004882813 0.0334091186523438 0.0946807861328125
0.04425048828125 -0.14971923828125 -0.0299072265625 0.121315002441406
0.037506103515625 -0.1605224609375 0.0904006958007813 -0.0888748168945313
-0.0239105224609375 -0.157241821289063 0.0302619934082031 -0.0678062438964844
-0.0889434814453125 -0.113739013671875 0.00743675231933593 -0.0270366668701172
-0.125320434570313 -0.0260696411132813 0.0234012603759766 -0.0220718383789062
-0.10498046875 0.0459365844726563 0.0201225280761719 -0.0504913330078125
-0.0525131225585938 0.105720520019531 -0.0026397705078125 -0.0528564453125
-0.005096435546875 0.110404968261719 -0.0215797424316406 -0.0482559204101562
-0.00366973876953126 0.102287292480469 -0.0246429443359375 -0.0496864318847656
-0.00531005859375 0.11663818359375 -0.0155181884765625 -0.0604667663574219
-0.0410308837890625 0.107711791992188 0.0103263854980469 -0.0602836608886719
-0.0927658081054688 0.066070556640625 0.0431900024414062 -0.0582199096679687
-0.114677429199219 0.0104217529296875 0.0685577392578125 -0.0218658447265625
-0.0894241333007812 -0.0953750610351563 0.071624755859375 0.0367507934570312
-0.0325927734375 -0.152908325195313 0.0272789001464844 0.0582656860351562
0.022918701171875 -0.14971923828125 -0.00747680664062499 0.0709609985351562
0.00110626220703124 -0.132957458496094 0.103759765625 -0.125289916992188
-0.0413894653320312 -0.113265991210937 0.030853271484375 -0.087890625
-0.0755615234375 -0.0705795288085937 0.0107345581054687 -0.0284061431884766
-0.0880279541015625 -0.0103988647460937 0.0387611389160156 -0.0296897888183594
-0.070953369140625 0.0350265502929688 0.0338935852050781 -0.06683349609375
-0.0378646850585938 0.074920654296875 0.0016632080078125 -0.0821609497070312
-0.00724029541015624 0.0775299072265625 -0.0290298461914062 -0.0809707641601563
-0.0051727294921875 0.0741653442382813 -0.0374298095703125 -0.0789871215820313
-0.00843048095703124 0.0851516723632813 -0.0259323120117188 -0.0902099609375
-0.0335693359375 0.0748748779296875 0.00886535644531251 -0.091522216796875
-0.0687332153320312 0.0427818298339844 0.0460281372070312 -0.0790863037109375
-0.0804290771484375 0.00611114501953125 0.0705642700195313 -0.0341110229492188
-0.0644416809082031 -0.0679092407226562 0.0639686584472656 0.0198822021484375
-0.033935546875 -0.111831665039063 0.0161094665527344 0.0228633880615234
0.001953125 -0.120155334472656 0.00881767272949219 0.0218734741210937
-0.0346755981445313 -0.0881729125976562 0.106307983398438 -0.154891967773438
-0.0524864196777344 -0.05706787109375 0.0279998779296875 -0.103462219238281
-0.0543670654296875 -0.0179405212402344 0.0082244873046875 -0.0319137573242188
-0.0401458740234375 0.00888442993164062 0.0425872802734375 -0.0350532531738281
-0.0262279510498047 0.02154541015625 0.0365829467773438 -0.071502685546875
-0.015899658203125 0.0342063903808594 0.001739501953125 -0.095367431640625
-0.00829696655273438 0.0342388153076172 -0.0331268310546875 -0.0995407104492188
-0.00618553161621094 0.0348472595214844 -0.044464111328125 -0.0960464477539063
-0.0113258361816406 0.0411643981933594 -0.0300827026367188 -0.107521057128906
-0.0247516632080078 0.0289173126220703 0.0107269287109375 -0.109695434570312
-0.0348052978515625 0.00948715209960937 0.0482254028320313 -0.0855484008789063
-0.0320453643798828 -0.0031890869140625 0.0689048767089844 -0.0356407165527344
-0.0254802703857422 -0.0301990509033203 0.05078125 0.0107498168945313
-0.0251960754394531 -0.0513572692871094 0.00577354431152343 -0.00182342529296875
-0.0191841125488281 -0.0692634582519531 0.0203018188476563 -0.0155754089355469
-0.0640449523925781 -0.0336227416992188 0.0987548828125 -0.174896240234375
-0.0534133911132812 -0.00010681152343751 0.0192642211914063 -0.116317749023438
-0.0288448333740234 0.0297698974609375 -0.0031280517578125 -0.0370674133300781
0.0066375732421875 0.0252666473388672 0.0320396423339844 -0.0377731323242188
0.0163516998291016 0.00629615783691406 0.0283126831054687 -0.0658645629882812
0.0070037841796875 -0.00886154174804688 -0.00267791748046874 -0.0926513671875
-0.00768852233886719 -0.0131511688232422 -0.034454345703125 -0.101295471191406
-0.00629997253417969 -0.00861835479736328 -0.0445709228515625 -0.0993881225585938
-0.0122613906860352 -0.00870132446289063 -0.0278472900390625 -0.11077880859375
-0.00994682312011719 -0.0207538604736328 0.01654052734375 -0.111854553222656
0.00438499450683594 -0.0231876373291016 0.0501937866210938 -0.0776138305664063
0.0196323394775391 -0.00835990905761719 0.0645866394042969 -0.027557373046875
0.0129489898681641 0.0142221450805664 0.0368499755859375 0.008819580078125
-0.017547607421875 0.0167770385742188 -0.00133705139160156 -0.0131978988647461
-0.0409736633300781 -0.00749969482421876 0.0238380432128906 -0.0356216430664063
0.0599327087402344 -0.0582618713378906 -6.48498535156205E-05 0.0428695678710937
0.00552368164062501 -0.0902175903320313 0.0113840103149414 0.00898551940917968
-0.0571098327636719 -0.05450439453125 -0.0260868072509766 -0.0190048217773438
-0.0682411193847656 0.0108642578125 -0.05914306640625 0.0171012878417969
-0.0429458618164062 0.0440025329589844 -0.0483055114746094 0.0575981140136719
-0.00164413452148437 0.0620307922363281 -0.008026123046875 0.09844970703125
0.0211524963378906 0.059295654296875 0.03265380859375 0.103889465332031
0.0119705200195312 0.0532341003417969 0.0442657470703125 0.0872802734375
0.00770950317382813 0.059967041015625 0.0327072143554688 0.0851211547851563
-0.0243759155273438 0.0543289184570313 0.00286865234375 0.0827560424804687
-0.0507164001464844 0.02130126953125 -0.00593566894531251 0.054534912109375
-0.0485725402832031 -0.0223960876464844 -0.00271224975585938 0.0361709594726562
-0.00606918334960938 -0.061004638671875 0.0128326416015625 0.0660018920898438
0.0463485717773438 -0.0554161071777344 0.00836181640625001 0.132400512695312
0.0647430419921875 -0.0198707580566406 -0.0982666015625 0.191314697265625
0.0719070434570313 -0.114303588867188 0.0150966644287109 0.0234775543212891
0.000770568847656264 -0.13995361328125 0.0141668319702148 -0.000436782836914071
-0.0796966552734375 -0.0966339111328125 -0.0162372589111328 -0.0217761993408203
-0.108642578125 -0.00469207763671874 -0.0445289611816406 0.00533676147460938
-0.0803756713867187 0.0571441650390625 -0.0409393310546875 0.0319862365722656
-0.0216751098632812 0.0984954833984375 -0.01348876953125 0.0700263977050781
0.0195236206054687 0.098175048828125 0.0181655883789063 0.0789260864257813
0.0113754272460937 0.0883026123046875 0.0305404663085938 0.0631446838378906
0.00641632080078125 0.0995254516601563 0.0250205993652344 0.057373046875
-0.03509521484375 0.0902252197265625 0.00796127319335938 0.0570640563964844
-0.079925537109375 0.0452651977539063 0.0107154846191406 0.0327224731445312
-0.0857925415039063 -0.0154876708984375 0.0191249847412109 0.0272426605224609
-0.037994384765625 -0.0905303955078125 0.0363845825195313 0.0698165893554688
0.0281524658203125 -0.109169006347656 0.0240478515625 0.133087158203125
0.06695556640625 -0.0794677734375 -0.0751190185546875 0.187652587890625
0.07330322265625 -0.154891967773438 0.0367584228515625 -0.00944137573242188
-0.00505065917968748 -0.173019409179688 0.0178852081298828 -0.0192832946777344
-0.0941619873046875 -0.1259765625 -0.00893211364746094 -0.0226345062255859
-0.136123657226563 -0.0195999145507813 -0.0251407623291016 -0.00403213500976563
-0.107872009277344 0.0621261596679688 -0.0254116058349609 0.0032787322998047
-0.03948974609375 0.121315002441406 -0.0147380828857422 0.0319385528564453
0.0142974853515625 0.1224365234375 0.00225448608398438 0.0413970947265625
0.00904083251953124 0.110946655273438 0.0118198394775391 0.0292892456054688
0.00615692138671876 0.125091552734375 0.0122165679931641 0.0206146240234375
-0.0398712158203125 0.116523742675781 0.0107364654541016 0.0220623016357422
-0.0980148315429687 0.0673294067382812 0.0248813629150391 0.00391578674316407
-0.11553955078125 -0.00227355957031251 0.040435791015625 0.01300048828125
-0.0720367431640625 -0.10760498046875 0.0581588745117187 0.0652503967285156
0.000762939453124988 -0.150192260742188 0.0353775024414062 0.120170593261719
0.0568771362304687 -0.128990173339844 -0.0490570068359375 0.163742065429687
0.0591888427734375 -0.172836303710938 0.0607833862304688 -0.049957275390625
-0.0160980224609375 -0.180557250976563 0.021087646484375 -0.0433006286621094
-0.100509643554687 -0.133522033691406 -0.00195503234863282 -0.0245838165283203
-0.145050048828125 -0.0260162353515625 -0.00203800201416016 -0.0135431289672852
-0.117660522460937 0.0603790283203125 -0.00554847717285157 -0.0250091552734375
-0.0497589111328125 0.125930786132813 -0.0119228363037109 -0.0104846954345703
0.00731658935546876 0.128158569335938 -0.0131673812866211 -0.00170230865478515
0.00568389892578125 0.116989135742188 -0.00870609283447265 -0.00851678848266601
0.00433349609375001 0.13250732421875 -0.00410270690917969 -0.0195255279541016
-0.0394515991210938 0.124992370605469 0.00914192199707031 -0.0192127227783203
-0.102531433105469 0.0784454345703125 0.0342006683349609 -0.0299892425537109
-0.128494262695313 0.0103378295898438 0.0566291809082031 -0.00694656372070312
-0.0959625244140625 -0.109367370605469 0.0707321166992188 0.05059814453125
-0.0258636474609375 -0.16851806640625 0.036712646484375 0.091796875
0.0391845703125 -0.157211303710938 -0.0247573852539063 0.121147155761719
0.0333099365234375 -0.166336059570312 0.0822601318359375 -0.09417724609375
-0.030792236328125 -0.160049438476563 0.0238456726074219 -0.0691795349121094
-0.096771240234375 -0.114044189453125 0.00365829467773437 -0.0266170501708984
-0.129417419433594 -0.02215576171875 0.0203323364257812 -0.0227394104003906
-0.105003356933594 0.0520782470703125 0.0147285461425781 -0.0508308410644531
-0.0488357543945313 0.11083984375 -0.00780487060546875 -0.0511589050292969
0.000640869140625008 0.113410949707031 -0.0253829956054688 -0.0446510314941406
0.00196075439453125 0.104606628417969 -0.0279579162597656 -0.0461578369140625
0.000740051269531247 0.119796752929688 -0.0203590393066406 -0.0573272705078125
-0.0367507934570313 0.112663269042969 0.00510406494140625 -0.0591278076171875
-0.0925064086914062 0.0721969604492188 0.0379409790039062 -0.0612144470214844
-0.117538452148438 0.0149765014648437 0.0649299621582031 -0.0267295837402344
-0.0959930419921875 -0.0955047607421875 0.0718307495117188 0.0317153930664062
-0.03948974609375 -0.156021118164063 0.0288581848144531 0.0550003051757812
0.01910400390625 -0.155029296875 -0.00455474853515626 0.0682563781738281
-0.000747680664062503 -0.135696411132813 0.0953903198242188 -0.133277893066406
-0.0443496704101563 -0.115150451660156 0.0245895385742187 -0.0911102294921875
-0.07958984375 -0.07171630859375 0.00769615173339843 -0.0293006896972656
-0.0917816162109375 -0.00885772705078127 0.0355339050292969 -0.0315361022949219
-0.0718841552734375 0.0390243530273438 0.0279273986816406 -0.0673942565917969
-0.0368804931640625 0.078826904296875 -0.00457763671875 -0.0805130004882813
-0.00426483154296875 0.0810317993164063 -0.0340194702148437 -0.0781326293945312
-0.00275421142578124 0.0768814086914063 -0.0423126220703125 -0.0750732421875
-0.00511169433593751 0.0888137817382813 -0.0327377319335938 -0.0875778198242188
-0.0326080322265625 0.0792388916015625 0.00220489501953124 -0.0915679931640625
-0.0703506469726562 0.04754638671875 0.039794921875 -0.0821456909179688
-0.0836944580078125 0.00849151611328123 0.06671142578125 -0.0385665893554688
-0.0694427490234375 -0.0692405700683594 0.063018798828125 0.0153923034667969
-0.0372161865234375 -0.114524841308594 0.0154571533203125 0.0192470550537109
0.000289916992187487 -0.123397827148438 0.0112543106079102 0.0170202255249023
-0.034515380859375 -0.087554931640625 0.098388671875 -0.163345336914063
-0.0512657165527344 -0.0575981140136719 0.0211181640625 -0.107368469238281
-0.0545234680175781 -0.020111083984375 0.00494194030761719 -0.0326194763183594
-0.0423698425292969 0.00727462768554687 0.0391960144042969 -0.0371818542480469
-0.0285491943359375 0.0219955444335938 0.0317153930664062 -0.0733413696289063
-0.0175018310546875 0.0368156433105469 -0.00438690185546874 -0.09515380859375
-0.00823211669921875 0.0376777648925781 -0.03863525390625 -0.09710693359375
-0.00615692138671875 0.0379257202148438 -0.0495223999023438 -0.0932998657226563
-0.01116943359375 0.0449867248535156 -0.0376815795898438 -0.105987548828125
-0.0263042449951172 0.0327873229980469 0.00325775146484376 -0.109405517578125
-0.0389366149902344 0.0116081237792969 0.0424880981445313 -0.0882492065429688
-0.0356369018554688 -0.00388336181640625 0.0659217834472656 -0.0398368835449219
-0.0267105102539063 -0.0333900451660156 0.0503044128417969 0.0075225830078125
-0.0244483947753906 -0.0537147521972656 0.00481128692626953 -0.00469017028808594
-0.017303466796875 -0.0699653625488281 0.0221958160400391 -0.0216064453125
-0.0617141723632813 -0.0291519165039063 0.0914154052734375 -0.183090209960937
-0.0499649047851563 0.00186920166015626 0.0127029418945313 -0.120254516601563
-0.0253429412841797 0.0283432006835937 -0.00555801391601562 -0.0373916625976563
0.00742340087890625 0.0212860107421875 0.0294036865234375 -0.0392723083496094
0.0145721435546875 0.00310325622558594 0.0247268676757813 -0.0666656494140625
0.00313377380371094 -0.00842666625976563 -0.00663757324218751 -0.093353271484375
-0.0108308792114258 -0.0100612640380859 -0.0388412475585937 -0.100288391113281
-0.00892353057861328 -0.00656414031982422 -0.0496597290039062 -0.0972824096679688
-0.0148515701293945 -0.00520515441894531 -0.034637451171875 -0.110198974609375
-0.0142116546630859 -0.0180244445800781 0.00914001464843751 -0.113822937011719
-0.000619888305664062 -0.0236339569091797 0.0456085205078125 -0.0812301635742187
0.0163030624389648 -0.0115909576416016 0.0627365112304688 -0.0315780639648438
0.0141992568969727 0.00916957855224609 0.0362510681152344 0.00639724731445313
-0.0133552551269531 0.015070915222168 -0.00148773193359375 -0.0157146453857422
-0.0366134643554688 -0.00625991821289062 0.0262603759765625 -0.0421142578125
0.0548934936523438 -0.0592269897460938 -0.003753662109375 0.0474433898925781
0.000144958496093759 -0.0867156982421875 0.0101871490478516 0.011749267578125
-0.0573158264160156 -0.0497474670410156 -0.0255279541015625 -0.0168266296386719
-0.0644607543945313 0.0134620666503906 -0.0581626892089844 0.0183372497558594
-0.0391120910644531 0.0445823669433594 -0.0466842651367187 0.0589485168457031
0.00189971923828125 0.0595207214355469 -0.00539398193359375 0.0986404418945313
0.0244636535644531 0.0562057495117188 0.0351943969726562 0.102806091308594
0.0148735046386719 0.0509529113769531 0.0461273193359375 0.0863800048828125
0.0114517211914062 0.057525634765625 0.0343246459960938 0.0844802856445313
-0.0194625854492188 0.0543746948242188 0.00496673583984375 0.0837173461914063
-0.0479736328125 0.0246124267578125 -0.00542068481445312 0.05377197265625
-0.0492362976074219 -0.0185775756835938 -0.00202941894531251 0.03546142578125
-0.0103416442871094 -0.0592079162597656 0.0158882141113281 0.0645484924316406
0.0408172607421875 -0.0570945739746094 0.011322021484375 0.131889343261719
0.0608139038085938 -0.0244560241699219 -0.093963623046875 0.193328857421875
0.0664901733398438 -0.116081237792969 0.00984382629394532 0.0274028778076172
-0.00508880615234376 -0.137550354003906 0.0119428634643555 0.00220870971679687
-0.0817031860351563 -0.0918426513671875 -0.0169658660888672 -0.0194740295410156
-0.10601806640625 -0.000595092773437482 -0.0446853637695313 0.00678634643554688
-0.0763931274414062 0.05950927734375 -0.0405616760253906 0.0337257385253906
-0.0174179077148437 0.0973052978515625 -0.0125045776367188 0.0713958740234375
0.02362060546875 0.0954818725585938 0.0202178955078125 0.0796585083007812
0.015472412109375 0.086456298828125 0.0317001342773437 0.0640029907226563
0.0114364624023438 0.0981597900390625 0.0251846313476563 0.0580482482910156
-0.03021240234375 0.0915069580078125 0.008819580078125 0.05877685546875
-0.077301025390625 0.0488662719726563 0.00944328308105468 0.0321407318115234
-0.0869064331054688 -0.0118331909179687 0.0184860229492187 0.0255336761474609
-0.0427703857421875 -0.0893020629882813 0.0386428833007813 0.0668563842773438
0.0218124389648437 -0.111915588378906 0.0267562866210938 0.131492614746094
0.063140869140625 -0.0841598510742188 -0.0716705322265625 0.188568115234375
0.0684051513671875 -0.157546997070312 0.0306167602539063 -0.00680541992187501
-0.0115203857421875 -0.170730590820312 0.0144367218017578 -0.0163593292236328
-0.097442626953125 -0.122779846191406 -0.00997352600097656 -0.0210132598876953
-0.135299682617188 -0.0154876708984375 -0.0260219573974609 -0.00293159484863282
-0.104469299316406 0.065032958984375 -0.0269374847412109 0.00544929504394532
-0.0354080200195312 0.121063232421875 -0.0151195526123047 0.0341205596923828
0.0190200805664062 0.120559692382813 0.00302886962890625 0.0439376831054688
0.0135574340820312 0.110198974609375 0.0117206573486328 0.0313606262207031
0.0110855102539063 0.124351501464844 0.0111503601074219 0.0226802825927734
-0.0352096557617187 0.118072509765625 0.0100955963134766 0.0236759185791016
-0.0954971313476563 0.0710678100585938 0.0227947235107422 0.00297355651855469
-0.116790771484375 0.000953674316406226 0.0387840270996094 0.0105819702148438
-0.07696533203125 -0.106719970703125 0.0588302612304688 0.061370849609375
-0.00569152832031249 -0.152862548828125 0.03704833984375 0.117698669433594
0.0531158447265625 -0.133552551269531 -0.04583740234375 0.1632080078125
0.0562286376953125 -0.176010131835938 0.0543403625488281 -0.0496330261230469
-0.021026611328125 -0.17962646484375 0.0174102783203125 -0.0420265197753906
-0.104736328125 -0.1317138671875 -0.00332832336425782 -0.0226173400878906
-0.146270751953125 -0.0225067138671875 -0.00407886505126954 -0.0125837326049805
-0.115715026855469 0.0635528564453125 -0.00831031799316407 -0.0232887268066406
-0.046417236328125 0.126754760742187 -0.0138216018676758 -0.0077066421508789
0.0115127563476562 0.127662658691406 -0.0132713317871094 0.000953674316406256
0.00918579101562501 0.116806030273437 -0.00930881500244141 -0.00574684143066405
0.00862884521484374 0.13238525390625 -0.00652885437011719 -0.0167818069458008
-0.0354080200195312 0.127273559570313 0.00718593597412109 -0.0165510177612305
-0.100791931152344 0.0828933715820312 0.0304584503173828 -0.0304851531982422
-0.1292724609375 0.0135421752929687 0.0535469055175781 -0.00940704345703125
-0.0996627807617188 -0.108711242675781 0.070587158203125 0.0469741821289062
-0.030731201171875 -0.17041015625 0.037078857421875 0.0884552001953125
0.0367889404296875 -0.160903930664062 -0.0226593017578125 0.11907958984375
0.0313873291015625 -0.168365478515625 0.0750656127929688 -0.0947189331054688
-0.0336456298828125 -0.160888671875 0.0198440551757812 -0.0686073303222656
-0.0999832153320313 -0.113899230957031 0.00228309631347656 -0.0255832672119141
-0.131927490234375 -0.0200576782226562 0.01751708984375 -0.0225448608398438
-0.104713439941406 0.0553207397460938 0.0108871459960937 -0.0492744445800781
-0.0469207763671875 0.113006591796875 -0.0104560852050781 -0.0480270385742187
0.00394439697265625 0.114387512207031 -0.0267372131347656 -0.0409774780273438
0.00439453125000001 0.105239868164063 -0.0291862487792969 -0.0423583984375
0.00432586669921874 0.121208190917969 -0.0237846374511719 -0.0543136596679687
-0.0341262817382813 0.114860534667969 0.00168991088867187 -0.0566520690917969
-0.0927047729492188 0.0759048461914063 0.0340156555175781 -0.0613594055175781
-0.11895751953125 0.0173492431640625 0.0611000061035156 -0.0291671752929688
-0.0987319946289063 -0.0959243774414063 0.0700111389160156 0.0279350280761719
-0.043212890625 -0.157730102539063 0.0279731750488281 0.0518341064453125
0.0182952880859375 -0.157852172851563 -0.00323486328125 0.0646858215332031
0.000488281249999993 -0.136833190917969 0.0889129638671875 -0.135597229003906
-0.044525146484375 -0.116371154785156 0.0200881958007813 -0.091217041015625
-0.0817108154296875 -0.0731048583984375 0.00553703308105468 -0.0288143157958984
-0.0941085815429688 -0.00929260253906252 0.0327606201171875 -0.0316829681396484
-0.0731887817382812 0.0405502319335938 0.0240440368652344 -0.0670509338378906
-0.0366592407226563 0.08154296875 -0.00779724121093751 -0.0784454345703125
-0.00298309326171875 0.083038330078125 -0.0361709594726563 -0.0746536254882813
-0.00131988525390625 0.07861328125 -0.0441360473632813 -0.0721664428710938
-0.003448486328125 0.0911026000976562 -0.0365676879882813 -0.0845947265625
-0.0324859619140625 0.0823974609375 -0.001983642578125 -0.089080810546875
-0.0720901489257813 0.0501632690429687 0.0351943969726563 -0.0821533203125
-0.0858688354492188 0.00888061523437499 0.0634613037109375 -0.0409202575683594
-0.070526123046875 -0.0709304809570313 0.06097412109375 0.0126190185546875
-0.038604736328125 -0.116668701171875 0.0146045684814453 0.0169248580932617
0.0015411376953125 -0.125076293945313 0.0120697021484375 0.0126066207885742
-0.0315093994140625 -0.0873184204101563 0.0933685302734375 -0.166961669921875
-0.0493583679199219 -0.0584716796875 0.0172042846679687 -0.108863830566406
-0.0537910461425781 -0.0224418640136719 0.00329399108886718 -0.0324783325195313
-0.044158935546875 0.00529098510742187 0.036651611328125 -0.0369682312011719
-0.0304965972900391 0.02166748046875 0.0280609130859375 -0.0727310180664063
-0.0191268920898437 0.0393905639648437 -0.00730133056640625 -0.093475341796875
-0.00878906249999999 0.0404052734375 -0.04083251953125 -0.0950241088867188
-0.00673675537109375 0.0399322509765625 -0.051513671875 -0.0904769897460938
-0.0113487243652344 0.0475387573242188 -0.0412979125976562 -0.103446960449219
-0.0272216796875 0.0362129211425781 -0.001190185546875 -0.108589172363281
-0.0419502258300781 0.0135688781738281 0.0387802124023437 -0.0884933471679688
-0.038116455078125 -0.0043792724609375 0.0631637573242188 -0.0415191650390625
-0.0275650024414062 -0.0368499755859375 0.04815673828125 0.0052490234375
-0.0234222412109375 -0.0565299987792969 0.00421524047851562 -0.00700807571411133
-0.0151519775390625 -0.0704269409179688 0.0231342315673828 -0.0268592834472656
-0.0581283569335938 -0.0267257690429687 0.0869903564453125 -0.186492919921875
-0.0458984375 0.00109100341796876 0.00909423828125001 -0.121719360351563
-0.0229015350341797 0.026336669921875 -0.00713729858398438 -0.0368919372558594
0.00657844543457031 0.0182266235351563 0.0270957946777344 -0.0390129089355469
0.0124750137329102 0.00179672241210938 0.0224494934082031 -0.0667266845703125
0.000151634216308594 -0.00689697265625 -0.00868988037109375 -0.0922622680664063
-0.0124731063842773 -0.00739383697509765 -0.0412826538085938 -0.09906005859375
-0.0109052658081055 -0.00472068786621094 -0.0521087646484375 -0.0952301025390625
-0.0166206359863281 -0.00233936309814453 -0.0381317138671875 -0.108383178710938
-0.017176628112793 -0.0145931243896484 0.00487518310546875 -0.113265991210938
-0.0052642822265625 -0.0227756500244141 0.0424270629882812 -0.082183837890625
0.0133705139160156 -0.0135641098022461 0.0611572265625 -0.0336265563964844
0.014094352722168 0.00542259216308594 0.0350551605224609 0.00527763366699219
-0.0100774765014648 0.0122499465942383 -0.0016937255859375 -0.0183792114257812
-0.0318050384521484 -0.00580024719238282 0.0282363891601562 -0.0477218627929688
0.051971435546875 -0.0586433410644531 -0.00775527954101562 0.0524749755859375
-0.00274658203125 -0.0840225219726563 0.00866794586181641 0.0151691436767578
-0.0571861267089844 -0.047393798828125 -0.0250568389892578 -0.0163307189941406
-0.0621490478515625 0.0147628784179688 -0.0582313537597656 0.0189590454101562
-0.0363998413085938 0.0446548461914063 -0.0464286804199219 0.0590400695800781
0.00329208374023438 0.0578193664550781 -0.00510406494140625 0.0989532470703125
0.0265083312988281 0.0538597106933594 0.0361785888671875 0.1041259765625
0.0171470642089844 0.0492973327636719 0.0464706420898438 0.0874481201171875
0.0141143798828125 0.0560836791992187 0.0344772338867187 0.0862808227539063
-0.0168190002441406 0.0543861389160156 0.00511932373046874 0.0852203369140625
-0.0460319519042969 0.0265617370605469 -0.006256103515625 0.0546417236328125
-0.0499000549316406 -0.0163955688476562 -0.00310134887695313 0.0351676940917969
-0.0125045776367187 -0.0579833984375 0.0167350769042969 0.0641593933105469
0.0371322631835938 -0.0583915710449219 0.0121841430664062 0.132545471191406
0.0578117370605469 -0.0273094177246094 -0.095245361328125 0.196243286132813
0.0643157958984375 -0.117156982421875 0.00522422790527344 0.0317153930664062
-0.008087158203125 -0.136123657226563 0.01055908203125 0.00550556182861327
-0.0823898315429688 -0.0903472900390625 -0.0167865753173828 -0.0180816650390625
-0.104591369628906 0.000213623046874985 -0.0452232360839844 0.00756072998046875
-0.0744171142578125 0.0595779418945312 -0.0412330627441406 0.0345344543457031
-0.0161056518554687 0.09600830078125 -0.0128860473632813 0.07275390625
0.0257797241210938 0.0938568115234375 0.0205841064453125 0.0817184448242188
0.0169830322265625 0.0855712890625 0.0318832397460938 0.0652313232421875
0.0139617919921875 0.0973052978515625 0.02520751953125 0.0598602294921875
-0.0281906127929688 0.0925750732421875 0.00889968872070312 0.0605354309082031
-0.0763397216796875 0.0516815185546875 0.00867462158203125 0.0321674346923828
-0.088897705078125 -0.0102996826171875 0.0172348022460937 0.0253963470458984
-0.0462417602539062 -0.089599609375 0.0393867492675781 0.06622314453125
0.0184326171875 -0.114189147949219 0.0264816284179687 0.131759643554688
0.0616531372070313 -0.0884933471679688 -0.0732421875 0.1900634765625
0.0677337646484375 -0.159942626953125 0.0257053375244141 -0.00368690490722657
-0.013214111328125 -0.171142578125 0.0124959945678711 -0.0144052505493164
-0.09918212890625 -0.122596740722656 -0.0101184844970703 -0.0196781158447266
-0.135993957519531 -0.0148086547851563 -0.0271320343017578 -0.00193405151367188
-0.103866577148437 0.0659408569335938 -0.0281524658203125 0.00665283203125
-0.034027099609375 0.121307373046875 -0.0158119201660156 0.0363616943359375
0.0210723876953125 0.120452880859375 0.00353622436523438 0.0466194152832031
0.0147857666015625 0.11041259765625 0.0120716094970703 0.0337772369384766
0.013336181640625 0.124900817871094 0.00984382629394531 0.0251655578613281
-0.0334701538085938 0.11968994140625 0.00935935974121093 0.0259571075439453
-0.0955810546875 0.0740203857421875 0.0209732055664062 0.00314712524414063
-0.11944580078125 0.0023193359375 0.0366668701171875 0.00996780395507813
-0.08062744140625 -0.108047485351563 0.0590629577636719 0.0602340698242187
-0.00857543945312499 -0.1568603515625 0.035888671875 0.117156982421875
0.0530319213867188 -0.138374328613281 -0.0473175048828125 0.163436889648438
0.0568084716796875 -0.1790771484375 0.0496063232421875 -0.0476188659667969
-0.022369384765625 -0.182098388671875 0.0148239135742188 -0.04022216796875
-0.107505798339844 -0.133087158203125 -0.00427627563476563 -0.021881103515625
-0.14801025390625 -0.0229034423828125 -0.0058889389038086 -0.0117053985595703
-0.115791320800781 0.0655441284179688 -0.00996017456054688 -0.0219917297363281
-0.0459518432617188 0.128768920898438 -0.0152101516723633 -0.00496292114257812
0.0138092041015625 0.128555297851563 -0.0136289596557617 0.00367736816406251
0.0111846923828125 0.117904663085938 -0.00951671600341797 -0.00351905822753906
0.0110321044921875 0.134300231933594 -0.00834846496582032 -0.0144691467285156
-0.0343856811523437 0.129776000976563 0.00620174407958984 -0.0151052474975586
-0.102531433105469 0.0857467651367187 0.0286445617675781 -0.0307769775390625
-0.132644653320313 0.0141830444335938 0.0516166687011719 -0.0102462768554687
-0.103179931640625 -0.111518859863281 0.0694236755371094 0.0451126098632813
-0.03350830078125 -0.1744384765625 0.0360565185546875 0.0872802734375
0.037384033203125 -0.165237426757813 -0.023223876953125 0.118247985839844
0.034027099609375 -0.171875 0.0715103149414063 -0.0951995849609375
-0.03338623046875 -0.16375732421875 0.0170936584472656 -0.0685234069824219
-0.102996826171875 -0.116806030273438 0.00117492675781249 -0.0250816345214844
-0.135505676269531 -0.0208206176757812 0.0155353546142578 -0.0220966339111328
-0.106178283691406 0.0567092895507813 0.00913619995117186 -0.0480690002441406
-0.0471725463867187 0.115676879882813 -0.0123519897460938 -0.0463066101074219
0.00510406494140626 0.116233825683594 -0.0271148681640625 -0.0391616821289062
0.0048370361328125 0.107925415039063 -0.0294418334960938 -0.0400810241699219
0.00527954101562499 0.123489379882812 -0.0255966186523438 -0.0517768859863281
-0.0345687866210937 0.11810302734375 0.000301361083984375 -0.0548057556152344
-0.0943069458007813 0.0783538818359375 0.0313568115234375 -0.0617828369140625
-0.122055053710938 0.0172653198242188 0.0587005615234375 -0.0300331115722656
-0.101058959960937 -0.0990219116210938 0.069000244140625 0.0267982482910156
-0.0446624755859375 -0.162460327148437 0.0262298583984375 0.0499687194824219
0.0197601318359375 -0.161239624023438 -0.00314712524414063 0.0620574951171875
0.00321960449218749 -0.139251708984375 0.0861968994140625 -0.137405395507813
-0.0429840087890625 -0.120201110839844 0.0182342529296875 -0.092926025390625
-0.083892822265625 -0.0770187377929688 0.00448417663574218 -0.0289344787597656
-0.0982666015625 -0.0103530883789063 0.0309200286865234 -0.0315017700195313
-0.0755996704101563 0.0414276123046875 0.0224075317382812 -0.0660057067871094
-0.0377120971679688 0.08428955078125 -0.0093231201171875 -0.076934814453125
-0.00264739990234375 0.0859298706054688 -0.0366592407226563 -0.0733642578125
-0.00121307373046876 0.0810394287109375 -0.044830322265625 -0.0699844360351562
-0.0029754638671875 0.0937347412109375 -0.0382156372070313 -0.0827255249023438
-0.0326995849609375 0.0854949951171875 -0.00372314453125 -0.0879058837890625
-0.074676513671875 0.0523223876953125 0.0338211059570312 -0.0825271606445313
-0.0887603759765625 0.00813293457031252 0.0618667602539062 -0.0416030883789063
-0.0727767944335938 -0.0746841430664063 0.0595741271972656 0.0119972229003906
-0.03863525390625 -0.120903015136719 0.0131998062133789 0.0154609680175781
0.00446319580078126 -0.128303527832031 0.0128316879272461 0.00882530212402343
-0.0281829833984375 -0.0882339477539063 0.09222412109375 -0.170166015625
-0.0466079711914062 -0.0609664916992188 0.0156326293945313 -0.111419677734375
-0.0543785095214844 -0.0257301330566406 0.00212669372558593 -0.0324382781982422
-0.0466651916503906 0.00332641601562499 0.0348892211914063 -0.0373153686523438
-0.0330772399902344 0.0218410491943359 0.0269622802734375 -0.0723724365234375
-0.0212020874023438 0.0409965515136719 -0.00826263427734375 -0.092926025390625
-0.00893783569335938 0.0430145263671875 -0.0410842895507813 -0.0946578979492187
-0.0077056884765625 0.0423927307128906 -0.0532913208007813 -0.0894775390625
-0.0116081237792969 0.0503730773925781 -0.0429916381835937 -0.102210998535156
-0.0292892456054687 0.0389823913574219 -0.00331878662109375 -0.108070373535156
-0.0453109741210937 0.0151329040527344 0.0371780395507813 -0.0890045166015625
-0.0416374206542969 -0.00597000122070313 0.0621757507324219 -0.0425262451171875
-0.0285682678222656 -0.0407371520996094 0.0467147827148438 0.00484466552734375
-0.0223312377929688 -0.0597190856933594 0.00337505340576172 -0.0089559555053711
-0.01092529296875 -0.0727767944335938 0.024871826171875 -0.031463623046875
-0.0541114807128906 -0.0261459350585937 0.0867462158203125 -0.19000244140625
-0.0426826477050781 0.000316619873046869 0.00827789306640624 -0.124252319335937
-0.0216541290283203 0.0238513946533203 -0.00824737548828125 -0.0377159118652344
0.00516796112060547 0.0155200958251953 0.0261116027832031 -0.0389900207519531
0.0101423263549805 0.000699043273925781 0.0223159790039062 -0.0668907165527344
-0.00221490859985352 -0.00549221038818359 -0.00890350341796874 -0.0926055908203125
-0.0142364501953125 -0.00523471832275391 -0.041595458984375 -0.0995941162109375
-0.012059211730957 -0.00250244140625 -0.0524444580078125 -0.095367431640625
-0.0175457000732422 9.05990600585956E-05 -0.0393295288085937 -0.108909606933594
-0.0196323394775391 -0.0121402740478516 0.00291442871093751 -0.113166809082031
-0.00863838195800781 -0.021636962890625 0.0413131713867188 -0.0827713012695313
0.0106782913208008 -0.015019416809082 0.0600852966308594 -0.034149169921875
0.0144872665405273 0.00228118896484375 0.0343437194824219 0.00474166870117188
-0.00825023651123047 0.00923442840576172 -0.00178146362304688 -0.0204410552978516
-0.0280895233154297 -0.00702095031738281 0.0313262939453125 -0.0529747009277344
0.0508003234863281 -0.05950927734375 -0.0116653442382812 0.05914306640625
-0.00464630126953125 -0.083343505859375 0.00777053833007812 0.0184669494628906
-0.0580863952636719 -0.0463142395019531 -0.0255279541015625 -0.0157985687255859
-0.060882568359375 0.0153999328613281 -0.05950927734375 0.0200386047363281
-0.0355224609375 0.045379638671875 -0.0477027893066406 0.0608596801757813
0.00473785400390625 0.0573081970214844 -0.00470733642578125 0.101722717285156
0.0283393859863281 0.0532913208007813 0.0379714965820312 0.107810974121094
0.0187454223632813 0.0487823486328125 0.0476608276367188 0.0902862548828125
0.0168190002441406 0.0560150146484375 0.0352249145507812 0.0891265869140625
-0.0142250061035156 0.0555000305175781 0.0055389404296875 0.0879058837890625
-0.045684814453125 0.0284423828125 -0.00653839111328125 0.0558967590332031
-0.0514678955078125 -0.0145187377929687 -0.00408935546875001 0.0359001159667969
-0.015106201171875 -0.0580406188964844 0.0181961059570312 0.0655670166015625
0.0349159240722656 -0.0599899291992187 0.0117263793945312 0.136672973632813
0.0569686889648438 -0.0299339294433594 -0.099090576171875 0.20294189453125
0.0649032592773438 -0.120582580566406 0.000850677490234376 0.036773681640625
-0.00981903076171875 -0.137680053710938 0.00879287719726563 0.0083332061767578
-0.0844573974609375 -0.091552734375 -0.0165910720825195 -0.0175647735595703
-0.106063842773438 0.000595092773437493 -0.0465164184570313 0.00844192504882813
-0.0755157470703125 0.0609130859375 -0.0428428649902344 0.0361442565917969
-0.0153350830078125 0.0981216430664063 -0.013580322265625 0.0762176513671875
0.0273284912109375 0.0951919555664063 0.0217742919921875 0.0851364135742187
0.0186004638671875 0.08734130859375 0.0329093933105469 0.0689277648925781
0.0159072875976562 0.0991897583007813 0.0250625610351563 0.0633316040039063
-0.0266571044921875 0.0954971313476562 0.00827789306640625 0.0636138916015625
-0.0775070190429687 0.0548477172851562 0.00741004943847656 0.0337390899658203
-0.092071533203125 -0.0088958740234375 0.0162506103515625 0.0255508422851563
-0.0498886108398438 -0.0916900634765625 0.0404472351074219 0.0672340393066406
0.0161209106445312 -0.119293212890625 0.0261154174804687 0.135459899902344
0.0618515014648438 -0.0935516357421875 -0.076904296875 0.1964111328125
0.0696258544921875 -0.165298461914063 0.0219249725341797 -0.000520706176757823
-0.01531982421875 -0.17498779296875 0.0110998153686523 -0.0126132965087891
-0.102638244628906 -0.125358581542969 -0.0102481842041016 -0.01898193359375
-0.139671325683594 -0.0151443481445312 -0.0281124114990234 -0.000856399536132808
-0.105682373046875 0.068267822265625 -0.0302162170410156 0.00840187072753907
-0.0343704223632813 0.12506103515625 -0.0171165466308594 0.0394515991210938
0.0223236083984375 0.123252868652344 0.0032958984375 0.0496406555175781
0.016326904296875 0.113471984863281 0.0123672485351563 0.036773681640625
0.0156326293945312 0.128303527832031 0.00971794128417969 0.0282669067382813
-0.0324554443359375 0.124343872070313 0.00930023193359375 0.0280399322509766
-0.0987396240234375 0.0779953002929688 0.0199069976806641 0.00339889526367188
-0.124099731445312 0.00328063964843749 0.0360183715820312 0.00972366333007813
-0.0850448608398437 -0.112579345703125 0.0598564147949219 0.0606498718261719
-0.0114898681640625 -0.163482666015625 0.0355682373046875 0.119384765625
0.0542755126953125 -0.14508056640625 -0.0504150390625 0.168060302734375
0.0595855712890625 -0.186187744140625 0.0460243225097656 -0.046630859375
-0.0237884521484375 -0.188461303710938 0.013275146484375 -0.0399513244628906
-0.112281799316406 -0.138435363769531 -0.00464248657226563 -0.0213432312011719
-0.1536865234375 -0.02374267578125 -0.00719833374023439 -0.0113000869750977
-0.12017822265625 0.0679931640625 -0.0120258331298828 -0.0208663940429687
-0.047515869140625 0.133041381835937 -0.0168819427490234 -0.00316715240478515
0.0147171020507812 0.131965637207031 -0.0132665634155273 0.00662899017333985
0.0120391845703125 0.122116088867188 -0.00996589660644531 -0.000830650329589837
0.01263427734375 0.139175415039063 -0.00944709777832031 -0.0115585327148437
-0.0344390869140625 0.134658813476563 0.00592231750488281 -0.0137147903442383
-0.106132507324219 0.0904541015625 0.0272483825683594 -0.0309257507324219
-0.139030456542969 0.0151138305664062 0.0502891540527344 -0.0116043090820313
-0.108566284179688 -0.116905212402344 0.0701065063476563 0.0451850891113281
-0.0365142822265625 -0.183074951171875 0.0354690551757813 0.088592529296875
0.03997802734375 -0.172500610351563 -0.0256195068359375 0.119514465332031
0.0371551513671875 -0.179153442382813 0.0700912475585938 -0.0970001220703125
-0.033935546875 -0.17083740234375 0.0154342651367188 -0.0696640014648438
-0.107582092285156 -0.121864318847656 0.000244140624999996 -0.024993896484375
-0.142135620117187 -0.022003173828125 0.0150814056396484 -0.0212802886962891
-0.110885620117188 0.0590438842773438 0.00762939453124999 -0.0480995178222656
-0.048919677734375 0.120994567871094 -0.0136795043945313 -0.0452461242675781
0.00543975830078125 0.120765686035156 -0.0280532836914063 -0.0378913879394531
0.00496673583984374 0.112167358398438 -0.0304946899414063 -0.039154052734375
0.00657653808593751 0.128677368164063 -0.02728271484375 -0.0509681701660156
-0.0347824096679688 0.1234130859375 -0.000358581542968748 -0.0549812316894531
-0.0991287231445313 0.082733154296875 0.0305404663085937 -0.0624160766601563
-0.128448486328125 0.017669677734375 0.0586814880371094 -0.0308570861816406
-0.106452941894531 -0.104904174804687 0.0691566467285156 0.0264625549316406
-0.0464324951171875 -0.169784545898438 0.0250320434570313 0.0502586364746094
0.022796630859375 -0.168655395507813 -0.00432968139648437 0.0611839294433594
0.0072021484375 -0.145660400390625 0.086334228515625 -0.141799926757813
-0.0423355102539062 -0.126319885253906 0.01715087890625 -0.0961380004882813
-0.0873489379882813 -0.0823287963867188 0.00368881225585937 -0.029205322265625
-0.10418701171875 -0.0122756958007813 0.0302085876464844 -0.0315170288085938
-0.0802459716796875 0.0429458618164063 0.0219459533691406 -0.0666732788085938
-0.0401611328125 0.0892257690429688 -0.0099029541015625 -0.0775070190429688
-0.00254058837890626 0.0904464721679687 -0.03778076171875 -0.074066162109375
-0.00162506103515625 0.0849990844726563 -0.0461807250976563 -0.07049560546875
-0.00263214111328125 0.0988693237304688 -0.0407333374023438 -0.08355712890625
-0.0341033935546875 0.0904922485351563 -0.00503540039062499 -0.0887451171875
-0.0793533325195312 0.0554885864257812 0.032989501953125 -0.0848312377929688
-0.094024658203125 0.00757598876953125 0.0616035461425781 -0.042724609375
-0.0762252807617188 -0.0803680419921875 0.0596809387207031 0.0116348266601562
-0.0393524169921875 -0.127388000488281 0.0120887756347656 0.0140647888183594
0.00781249999999999 -0.134124755859375 0.0133142471313477 0.00499725341796874
-0.0245208740234375 -0.0923614501953125 0.093902587890625 -0.176773071289063
-0.0455436706542969 -0.0654525756835938 0.0155792236328125 -0.115966796875
-0.0563697814941406 -0.0301971435546875 0.00118827819824218 -0.0337924957275391
-0.0510368347167969 0.000801086425781247 0.0345916748046875 -0.0377159118652344
-0.0371017456054687 0.0220794677734375 0.0265884399414062 -0.0736236572265625
-0.0236778259277344 0.0440902709960937 -0.00856018066406251 -0.0947418212890625
-0.009765625 0.0468292236328125 -0.0424957275390625 -0.0968780517578125
-0.0084991455078125 0.0453071594238281 -0.0537948608398437 -0.09124755859375
-0.0124893188476562 0.0545272827148438 -0.044921875 -0.104904174804688
-0.0308341979980469 0.0433502197265625 -0.00411987304687501 -0.109573364257813
-0.0488700866699219 0.0168304443359375 0.0372467041015625 -0.0913162231445313
-0.0450668334960938 -0.00762939453124999 0.0626258850097656 -0.0435371398925781
-0.0301284790039062 -0.0462417602539063 0.0466346740722656 0.00498580932617187
-0.0209846496582031 -0.0647354125976563 0.00211524963378906 -0.0114040374755859
-0.00710296630859375 -0.0766372680664063 0.0269660949707031 -0.0364494323730469
-0.0519561767578125 -0.0272941589355469 0.09112548828125 -0.1976318359375
-0.0408515930175781 -0.00165939331054687 0.00858306884765624 -0.129035949707031
-0.0213413238525391 0.0215873718261719 -0.00928878784179688 -0.0393486022949219
0.00416946411132813 0.0134124755859375 0.0262718200683594 -0.0397224426269531
0.00888252258300781 -0.000184059143066406 0.0226325988769531 -0.0681571960449219
-0.00470256805419922 -0.00413227081298828 -0.00897216796875 -0.0951614379882813
-0.0156536102294922 -0.00335311889648437 -0.0426101684570312 -0.103004455566406
-0.0132074356079102 -0.000344276428222658 -0.0540084838867188 -0.098480224609375
-0.0188407897949219 0.00247001647949219 -0.0409164428710938 -0.111358642578125
-0.0215930938720703 -0.00935554504394531 0.001678466796875 -0.116447448730469
-0.0112476348876953 -0.0211009979248047 0.0418624877929688 -0.0851821899414062
0.00839614868164063 -0.0165958404541016 0.0619430541992188 -0.0356025695800781
0.0139846801757813 -0.00104999542236328 0.0349483489990234 0.005279541015625
-0.00661420822143555 0.00694465637207031 -0.00185203552246094 -0.0230979919433594
-0.0254154205322266 -0.00852966308593751 0.0338020324707031 -0.0598106384277344
0.0500068664550781 -0.0621299743652344 -0.0143241882324219 0.0671195983886719
-0.0076446533203125 -0.084136962890625 0.00697708129882813 0.0225238800048828
-0.0600738525390625 -0.0453109741210937 -0.0263900756835938 -0.0150051116943359
-0.0613327026367188 0.0174903869628906 -0.0617218017578125 0.022186279296875
-0.0343475341796875 0.0475997924804688 -0.0493507385253906 0.0641365051269531
0.00685501098632812 0.0582771301269531 -0.0033416748046875 0.106346130371094
0.0308341979980469 0.0522079467773438 0.0412979125976563 0.11260986328125
0.0216026306152344 0.0490303039550781 0.0512542724609375 0.0947418212890625
0.0196151733398438 0.0560989379882813 0.0383834838867188 0.0932769775390625
-0.0122413635253906 0.0579109191894531 0.00771331787109374 0.0926055908203125
-0.0457496643066406 0.0315589904785156 -0.00675582885742187 0.0589218139648438
-0.0541267395019531 -0.0128555297851563 -0.00461959838867188 0.0374717712402344
-0.0177040100097656 -0.0589866638183594 0.0201034545898437 0.0678749084472656
0.0322799682617188 -0.0634803771972656 0.0145721435546875 0.1434326171875
0.0558242797851563 -0.0342979431152344 -0.102035522460938 0.215408325195312
0.06414794921875 -0.127273559570313 -0.00310516357421875 0.0432929992675781
-0.0142974853515625 -0.141372680664063 0.00793075561523437 0.011052131652832
-0.0895843505859375 -0.0929718017578125 -0.0180072784423828 -0.01751708984375
-0.110008239746094 0.00213623046875 -0.0490951538085938 0.00978851318359376
-0.0766220092773438 0.0649032592773438 -0.0448341369628906 0.039154052734375
-0.0131912231445312 0.101776123046875 -0.0129013061523437 0.0808486938476563
0.031097412109375 0.096466064453125 0.024627685546875 0.090301513671875
0.0222854614257812 0.0896835327148438 0.0354690551757813 0.0728683471679688
0.0203323364257813 0.102622985839844 0.0269622802734375 0.0679168701171875
-0.0242843627929688 0.100204467773438 0.01068115234375 0.0674858093261719
-0.0795211791992188 0.0603179931640625 0.00686264038085937 0.0353050231933594
-0.0979232788085938 -0.00618743896484376 0.0156288146972656 0.0263328552246094
-0.055694580078125 -0.095245361328125 0.0429267883300781 0.0682907104492188
0.0115737915039062 -0.126365661621094 0.0288543701171875 0.140914916992187
0.061248779296875 -0.101570129394531 -0.078857421875 0.2073974609375
0.069915771484375 -0.174774169921875 0.0181846618652344 0.00405693054199218
-0.0194854736328125 -0.181961059570313 0.00910568237304687 -0.0107135772705078
-0.110595703125 -0.128921508789063 -0.0108089447021484 -0.0190486907958984
-0.146224975585938 -0.0132293701171875 -0.0307292938232422 2.28881835937455E-05
-0.10992431640625 0.0730209350585938 -0.0324382781982422 0.0101757049560547
-0.0334091186523438 0.131271362304688 -0.017578125 0.0433273315429688
0.0262069702148437 0.127273559570313 0.00508499145507812 0.054046630859375
0.0199966430664063 0.117691040039063 0.013427734375 0.0402946472167969
0.0202560424804687 0.13385009765625 0.00957870483398438 0.0313224792480469
-0.0301437377929688 0.131309509277344 0.0101699829101563 0.0309200286865234
-0.101394653320313 0.0853500366210937 0.0192584991455078 0.0034637451171875
-0.131645202636719 0.00658416748046877 0.0356559753417969 0.00930023193359375
-0.0933837890625 -0.117340087890625 0.0623397827148437 0.0608940124511719
-0.017852783203125 -0.172683715820313 0.0375213623046875 0.123649597167969
0.0542144775390625 -0.156280517578125 -0.0518798828125 0.176101684570313
0.0602569580078125 -0.198089599609375 0.0435829162597656 -0.0467605590820313
-0.028350830078125 -0.197052001953125 0.0115203857421875 -0.0400657653808594
-0.121078491210938 -0.143234252929688 -0.00593566894531251 -0.0216960906982422
-0.163116455078125 -0.0218658447265625 -0.00900936126708986 -0.0106468200683594
-0.124908447265625 0.0730514526367187 -0.0141849517822266 -0.0202541351318359
-0.046844482421875 0.140792846679688 -0.0184555053710938 -0.000894546508789053
0.0177688598632813 0.138710021972656 -0.013789176940918 0.00916767120361329
0.015289306640625 0.128257751464844 -0.00987815856933594 0.00153827667236329
0.0168304443359375 0.146087646484375 -0.0110549926757813 -0.00996971130371093
-0.0324249267578125 0.1435546875 0.00492382049560547 -0.0125741958618164
-0.110404968261719 0.0984725952148437 0.0257053375244141 -0.0323524475097656
-0.147216796875 0.0181427001953125 0.0503120422363281 -0.0129585266113281
-0.117485046386719 -0.121955871582031 0.072967529296875 0.0444793701171875
-0.0435028076171875 -0.192230224609375 0.0364227294921875 0.0906524658203125
0.0402069091796875 -0.18438720703125 -0.02593994140625 0.124588012695312
0.0387725830078125 -0.190841674804688 0.06805419921875 -0.101776123046875
-0.0385894775390625 -0.180206298828125 0.0131072998046875 -0.072906494140625
-0.116966247558594 -0.128143310546875 -0.000865936279296885 -0.025543212890625
-0.151229858398438 -0.0209197998046875 0.0137138366699219 -0.0217266082763672
-0.116966247558594 0.0640945434570313 0.00580978393554687 -0.0482559204101562
-0.0496749877929687 0.1290283203125 -0.0161170959472656 -0.0448989868164062
0.00819396972656251 0.127326965332031 -0.0295219421386719 -0.0376014709472656
0.0077972412109375 0.118621826171875 -0.032470703125 -0.0377769470214844
0.00986480712890625 0.136367797851563 -0.0305747985839844 -0.0505752563476562
-0.0336532592773437 0.132164001464844 -0.00233078002929688 -0.0558357238769531
-0.104042053222656 0.09051513671875 0.0291061401367187 -0.0658950805664063
-0.136833190917969 0.0208969116210938 0.0582618713378906 -0.033538818359375
-0.11517333984375 -0.110992431640625 0.0708999633789063 0.0259323120117187
-0.0531158447265625 -0.180252075195312 0.0251693725585937 0.0505867004394531
0.0235443115234375 -0.18011474609375 -0.00420761108398437 0.0608062744140625
0.0083465576171875 -0.15576171875 0.0858001708984375 -0.149826049804688
-0.0450363159179688 -0.134124755859375 0.0139694213867187 -0.101791381835938
-0.0944137573242188 -0.087310791015625 0.00222587585449218 -0.0309085845947266
-0.111984252929688 -0.0126953125 0.0299015045166016 -0.0326213836669922
-0.0854415893554687 0.0466995239257813 0.0208930969238281 -0.0688362121582031
-0.0412368774414063 0.0955810546875 -0.01300048828125 -0.0795211791992188
-0.00154876708984374 0.096649169921875 -0.0405807495117188 -0.0759658813476563
-0.000228881835937504 0.0914459228515625 -0.0491790771484375 -0.0709075927734375
-0.000869750976562497 0.105712890625 -0.043975830078125 -0.08453369140625
-0.0341873168945312 0.0981521606445312 -0.00743865966796876 -0.091796875
-0.0841217041015625 0.0614852905273438 0.031585693359375 -0.0882720947265625
-0.101554870605469 0.00854492187499998 0.06195068359375 -0.0455665588378906
-0.0826797485351563 -0.086212158203125 0.05999755859375 0.0107612609863281
-0.0438613891601563 -0.135696411132813 0.0108413696289062 0.0132846832275391
0.00956726074218751 -0.143096923828125 0.01422119140625 0.00111961364746093
-0.0232467651367188 -0.098052978515625 0.094696044921875 -0.187515258789063
-0.0466690063476562 -0.0712432861328125 0.0130157470703125 -0.123703002929688
-0.0601844787597656 -0.0335235595703125 -0.000221252441406253 -0.0360450744628906
-0.0557060241699219 0.000526428222656262 0.0354576110839844 -0.0399017333984375
-0.0403404235839844 0.0237922668457031 0.0262603759765625 -0.0763931274414063
-0.0255126953125 0.0488243103027344 -0.0106658935546875 -0.09783935546875
-0.00992584228515625 0.051483154296875 -0.0457992553710938 -0.100776672363281
-0.00856781005859375 0.0499992370605469 -0.0574951171875 -0.0939712524414063
-0.0127410888671875 0.0595855712890625 -0.0494003295898438 -0.107177734375
-0.0323638916015625 0.0485267639160156 -0.00725555419921875 -0.113540649414062
-0.0535469055175781 0.0204582214355469 0.0359649658203125 -0.0965423583984375
-0.0501937866210938 -0.0075836181640625 0.0638046264648438 -0.0473861694335938
-0.0338668823242187 -0.0502128601074219 0.0478248596191406 0.00405502319335937
-0.02239990234375 -0.0705032348632812 0.00122928619384766 -0.0135555267333984
-0.0052947998046875 -0.0826187133789063 0.0284996032714844 -0.043914794921875
-0.0509681701660156 -0.0280876159667969 0.0919647216796875 -0.21099853515625
-0.0406074523925781 -0.00383758544921875 0.00661468505859374 -0.138145446777344
-0.0212783813476562 0.0206050872802734 -0.010650634765625 -0.0408706665039063
0.00223064422607422 0.0126447677612305 0.0260887145996094 -0.0417938232421875
0.00709867477416992 -0.000715732574462891 0.0226593017578125 -0.0710372924804688
-0.00645303726196289 -0.00302648544311523 -0.0105667114257813 -0.0987319946289063
-0.0170278549194336 -0.00076866149902344 -0.0460739135742187 -0.107757568359375
-0.0148391723632812 0.00101852416992188 -0.0578765869140625 -0.102745056152344
-0.0204353332519531 0.0048065185546875 -0.045684814453125 -0.115394592285156
-0.0239601135253906 -0.00716781616210938 -0.00161743164062501 -0.120948791503906
-0.0148830413818359 -0.020477294921875 0.0414810180664063 -0.090301513671875
0.00623130798339844 -0.0185775756835938 0.0631980895996094 -0.0383262634277344
0.0141153335571289 -0.00485324859619141 0.0359916687011719 0.00455474853515625
-0.00539302825927734 0.00435018539428711 -0.00308609008789063 -0.0266189575195312
-0.0229015350341797 -0.00989341735839844 0.0368156433105469 -0.0674476623535156
0.0473556518554687 -0.0653915405273437 -0.015350341796875 0.0762939453125
-0.0136184692382813 -0.0841903686523438 0.00734519958496094 0.026275634765625
-0.0628852844238281 -0.0426101684570312 -0.0269737243652344 -0.0139484405517578
-0.06085205078125 0.0204277038574219 -0.063079833984375 0.0247573852539062
-0.0326385498046875 0.0502433776855469 -0.0484123229980469 0.0692329406738281
0.0105171203613281 0.0587425231933594 0.00115203857421875 0.111839294433594
0.0344429016113281 0.0506629943847656 0.0485382080078125 0.115776062011719
0.0255279541015625 0.0483779907226563 0.0575180053710938 0.09771728515625
0.024658203125 0.0558280944824219 0.043212890625 0.09674072265625
-0.00798416137695313 0.0595703125 0.0123748779296875 0.0966339111328125
-0.044708251953125 0.0356521606445312 -0.00477600097656251 0.0618820190429687
-0.0566368103027344 -0.00943374633789063 -0.00360488891601563 0.0400733947753906
-0.022613525390625 -0.05889892578125 0.0244941711425781 0.0686721801757813
0.0278816223144531 -0.0675163269042969 0.0206146240234375 0.1495361328125
0.0536422729492188 -0.03887939453125 -0.0982513427734375 0.2308349609375
0.0609283447265625 -0.135482788085938 -0.00478363037109374 0.0505867004394531
-0.0220794677734375 -0.14453125 0.00736904144287109 0.014556884765625
-0.0967178344726563 -0.0914077758789063 -0.0188179016113281 -0.0162029266357422
-0.113327026367188 0.00701141357421874 -0.0503311157226563 0.0129508972167969
-0.0758895874023438 0.0705108642578125 -0.0451126098632813 0.0432853698730469
-0.0090484619140625 0.105598449707031 -0.00972747802734376 0.08575439453125
0.0368499755859375 0.098052978515625 0.0299148559570313 0.0938873291015625
0.0277328491210938 0.0920028686523437 0.03997802734375 0.0761642456054688
0.0275039672851563 0.105010986328125 0.0298690795898438 0.0710067749023438
-0.0186843872070312 0.106056213378906 0.0145950317382812 0.0708465576171875
-0.0794525146484375 0.0676498413085938 0.00777435302734374 0.0362548828125
-0.103164672851563 -0.00119781494140624 0.0160923004150391 0.0271720886230469
-0.0645370483398438 -0.0968475341796875 0.0475082397460937 0.0685272216796875
0.00324249267578125 -0.133186340332031 0.0345611572265625 0.145751953125
0.0578460693359375 -0.110221862792969 -0.0745391845703125 0.220245361328125
0.0652313232421875 -0.186752319335937 0.0149860382080078 0.00784397125244139
-0.0290679931640625 -0.188003540039063 0.00760650634765625 -0.00897789001464845
-0.120841979980469 -0.128852844238281 -0.0127048492431641 -0.0186576843261719
-0.153228759765625 -0.00750732421875001 -0.0320892333984375 0.00153541564941406
-0.110488891601562 0.0813674926757813 -0.0338706970214844 0.0132675170898438
-0.0285720825195313 0.138099670410156 -0.0169639587402344 0.0473060607910156
0.0337142944335938 0.131149291992188 0.00831985473632813 0.0577201843261719
0.0270767211914063 0.121826171875 0.0165176391601563 0.0436782836914063
0.028900146484375 0.138687133789063 0.0106868743896484 0.0347061157226563
-0.024078369140625 0.138740539550781 0.0117664337158203 0.0330810546875
-0.102188110351562 0.0953292846679688 0.0186176300048828 0.00325202941894532
-0.13897705078125 0.0137481689453125 0.0351638793945312 0.008575439453125
-0.104942321777344 -0.118911743164063 0.0668220520019531 0.0597343444824219
-0.0290679931640625 -0.181045532226562 0.0427627563476562 0.126899719238281
0.0490570068359375 -0.167343139648438 -0.0474395751953125 0.185714721679687
0.05511474609375 -0.210708618164063 0.0391807556152344 -0.0474090576171875
-0.0387115478515625 -0.204605102539063 0.00774002075195312 -0.0405311584472656
-0.133712768554688 -0.144073486328125 -0.00741577148437501 -0.0213699340820313
-0.172348022460938 -0.0158538818359375 -0.00977706909179688 -0.00993061065673828
-0.127593994140625 0.0826950073242187 -0.0162296295166016 -0.0191192626953125
-0.0422210693359375 0.15032958984375 -0.0192127227783203 0.00129508972167969
0.026092529296875 0.144119262695313 -0.0129985809326172 0.0120038986206055
0.0221710205078125 0.133338928222656 -0.0102567672729492 0.00401306152343751
0.0252838134765625 0.152236938476563 -0.0121555328369141 -0.00739955902099608
-0.02606201171875 0.152496337890625 0.00471305847167969 -0.0118980407714844
-0.111274719238281 0.109573364257813 0.0244998931884766 -0.0347728729248047
-0.15496826171875 0.0264739990234375 0.0494956970214844 -0.0157623291015625
-0.130943298339844 -0.123153686523437 0.0755691528320313 0.0428848266601563
-0.0559539794921875 -0.20098876953125 0.039337158203125 0.092437744140625
0.0341033935546875 -0.196823120117187 -0.0231552124023437 0.129173278808594
0.033233642578125 -0.203887939453125 0.062835693359375 -0.10675048828125
-0.0477142333984375 -0.18798828125 0.00865936279296874 -0.0757064819335938
-0.128768920898438 -0.130226135253906 -0.00300407409667969 -0.0263500213623047
-0.1614990234375 -0.014984130859375 0.0125656127929687 -0.0227203369140625
-0.120712280273438 0.0726089477539062 0.0026092529296875 -0.0492515563964844
-0.0465850830078125 0.138725280761719 -0.01898193359375 -0.04412841796875
0.0148773193359375 0.134109497070312 -0.031890869140625 -0.0357589721679687
0.0137405395507812 0.124702453613281 -0.0353736877441406 -0.0358123779296875
0.017120361328125 0.143081665039063 -0.034210205078125 -0.0490341186523438
-0.028289794921875 0.140777587890625 -0.00501251220703125 -0.0565261840820313
-0.105567932128906 0.100982666015625 0.026153564453125 -0.0695343017578125
-0.143875122070313 0.027313232421875 0.0572853088378906 -0.0368690490722656
-0.127326965332031 -0.112716674804688 0.0726776123046875 0.0235595703125
-0.0647430419921875 -0.187225341796875 0.0262908935546875 0.0511054992675781
0.019378662109375 -0.19195556640625 -0.00275039672851563 0.0618629455566406
0.00547790527343751 -0.16546630859375 0.08123779296875 -0.160110473632812
-0.0523223876953125 -0.141036987304688 0.0082855224609375 -0.107063293457031
-0.103744506835938 -0.0895309448242187 -0.000926971435546884 -0.0322246551513672
-0.120590209960938 -0.00881958007812501 0.02862548828125 -0.0348224639892578
-0.08935546875 0.0532989501953125 0.0169754028320312 -0.0715255737304688
-0.0403900146484375 0.104545593261719 -0.0168075561523437 -0.0803756713867188
0.00270080566406249 0.103073120117188 -0.0455551147460937 -0.076751708984375
0.00318145751953126 0.0968780517578125 -0.0538711547851562 -0.0705642700195313
0.00411987304687501 0.112030029296875 -0.0507354736328125 -0.0840225219726563
-0.0314407348632813 0.10552978515625 -0.0119857788085937 -0.0938644409179687
-0.08624267578125 0.069549560546875 0.0278396606445312 -0.0936203002929688
-0.1082763671875 0.0137863159179687 0.0607872009277344 -0.0506439208984375
-0.0923538208007812 -0.088897705078125 0.0615386962890625 0.00905609130859375
-0.05157470703125 -0.142578125 0.009765625 0.0119657516479492
0.00694274902343751 -0.152557373046875 0.0138187408447266 -0.00250720977783204
-0.0252151489257813 -0.103126525878906 0.0895538330078125 -0.201675415039063
-0.0497207641601563 -0.0753860473632813 0.00689697265625 -0.131156921386719
-0.0646018981933594 -0.0348091125488281 -0.003021240234375 -0.038482666015625
-0.0607337951660156 0.00157546997070312 0.0333290100097656 -0.0424842834472656
-0.0432510375976563 0.0268936157226563 0.0235824584960938 -0.0798797607421875
-0.0260696411132813 0.0539932250976563 -0.0155868530273438 -0.100624084472656
-0.00856781005859375 0.0560989379882813 -0.052001953125 -0.102279663085938
-0.00699615478515625 0.0543556213378906 -0.0640106201171875 -0.0948028564453125
-0.0100288391113281 0.0644874572753906 -0.05657958984375 -0.107925415039062
-0.0313835144042969 0.05438232421875 -0.0130691528320313 -0.117538452148438
-0.0573844909667969 0.0250930786132813 0.0325851440429687 -0.102241516113281
-0.055389404296875 -0.00640106201171874 0.0629386901855469 -0.0519676208496094
-0.0389480590820312 -0.0537834167480469 0.0485916137695312 0.00265121459960937
-0.0265884399414063 -0.0751266479492188 -0.000780105590820315 -0.0156698226928711
-0.00507354736328124 -0.0883865356445312 0.0277900695800781 -0.0516624450683594
-0.0510025024414063 -0.0281867980957031 0.0874176025390625 -0.226394653320313
-0.039886474609375 -0.00415420532226563 0.000274658203124989 -0.146591186523438
-0.0210075378417969 0.0201206207275391 -0.0134925842285156 -0.0435333251953125
0.001220703125 0.0113239288330078 0.0253410339355469 -0.0438919067382813
0.00546741485595703 -0.00182008743286133 0.0205535888671875 -0.0744476318359375
-0.00802421569824219 -0.00138044357299805 -0.0142059326171875 -0.102645874023438
-0.017913818359375 0.0022125244140625 -0.052734375 -0.111198425292969
-0.0159759521484375 0.00393295288085937 -0.064361572265625 -0.104454040527344
-0.0216636657714844 0.00778007507324219 -0.0524063110351562 -0.118423461914063
-0.0253505706787109 -0.00414466857910156 -0.00759887695312499 -0.125701904296875
-0.0188999176025391 -0.018890380859375 0.0384902954101563 -0.0967178344726563
0.00287628173828125 -0.0202140808105469 0.0638275146484375 -0.0434494018554687
0.0133647918701172 -0.00753593444824219 0.0368537902832031 0.00321197509765625
-0.00433111190795899 0.00233364105224609 -0.00500297546386719 -0.0298423767089844
-0.0205287933349609 -0.0117912292480469 0.036041259765625 -0.077423095703125
0.0436744689941406 -0.0677947998046875 -0.0129928588867188 0.0846023559570313
-0.0183639526367188 -0.081329345703125 0.00965118408203125 0.0300559997558594
-0.064605712890625 -0.0383949279785156 -0.0276622772216797 -0.0124320983886719
-0.0588951110839844 0.0232772827148438 -0.0630302429199219 0.0287513732910156
-0.0293006896972656 0.0521926879882812 -0.0455551147460938 0.0727386474609375
0.0149574279785156 0.0576744079589844 0.00724029541015625 0.113845825195313
0.0381278991699219 0.0482597351074219 0.0559844970703125 0.115524291992188
0.0284614562988281 0.0464096069335938 0.0638275146484375 0.0974807739257813
0.0293006896972656 0.0535850524902344 0.0496826171875 0.0974197387695313
-0.00244140624999999 0.0605392456054688 0.0186767578125 0.0985946655273438
-0.0419197082519531 0.0391426086425781 -0.00117874145507813 0.0637054443359375
-0.0579795837402344 -0.00540161132812499 -0.00223541259765626 0.0416603088378906
-0.0271987915039063 -0.0569648742675781 0.0290184020996094 0.0686111450195313
0.0219154357910156 -0.0695037841796875 0.0283660888671875 0.15191650390625
0.0499610900878906 -0.0436248779296875 -0.0886383056640625 0.241912841796875
0.0539703369140625 -0.141326904296875 -0.00488662719726562 0.0580177307128906
-0.031158447265625 -0.143264770507812 0.006622314453125 0.0178489685058594
-0.102890014648438 -0.0858612060546875 -0.0198383331298828 -0.0149250030517578
-0.114082336425781 0.01300048828125 -0.0515480041503906 0.0162734985351562
-0.0725021362304688 0.0759429931640625 -0.0439300537109375 0.04718017578125
-0.00242614746093749 0.108161926269531 -0.00521087646484374 0.0889358520507812
0.0427932739257812 0.097015380859375 0.03692626953125 0.0952224731445313
0.0341796875 0.0910873413085938 0.045684814453125 0.0769424438476562
0.0353851318359375 0.104049682617188 0.0353927612304687 0.0728378295898438
-0.010833740234375 0.108146667480469 0.0190353393554687 0.071990966796875
-0.0758285522460937 0.0747528076171875 0.00938034057617187 0.0371971130371094
-0.106101989746094 0.00685882568359374 0.016845703125 0.0275745391845703
-0.072784423828125 -0.09429931640625 0.0516700744628906 0.0667037963867188
-0.00726318359375001 -0.135826110839844 0.042449951171875 0.1468505859375
0.0511322021484375 -0.117599487304688 -0.06536865234375 0.229904174804688
0.0556488037109375 -0.195510864257813 0.0121078491210938 0.012059211730957
-0.040771484375 -0.189010620117188 0.00426054000854492 -0.00609874725341798
-0.129791259765625 -0.124359130859375 -0.0133914947509766 -0.0175180435180664
-0.156997680664063 0.00131225585937503 -0.0324897766113281 0.003997802734375
-0.10772705078125 0.0892410278320313 -0.0347156524658203 0.0163974761962891
-0.020355224609375 0.142501831054688 -0.0147209167480469 0.0513114929199219
0.0416946411132813 0.131721496582031 0.0118293762207031 0.0595169067382813
0.034912109375 0.122291564941406 0.0197410583496094 0.0453262329101563
0.0381393432617187 0.139678955078125 0.0131645202636719 0.0373764038085938
-0.014617919921875 0.144119262695313 0.0143451690673828 0.0342731475830078
-0.098236083984375 0.10565185546875 0.018585205078125 0.00293922424316407
-0.141998291015625 0.0231781005859375 0.0344600677490234 0.00705909729003907
-0.116378784179687 -0.115676879882813 0.0694656372070312 0.0574874877929687
-0.04302978515625 -0.184356689453125 0.0484695434570313 0.126655578613281
0.039886474609375 -0.176025390625 -0.0390625 0.192001342773438
0.0455780029296875 -0.219650268554688 0.03387451171875 -0.0459365844726563
-0.0513458251953125 -0.20697021484375 0.00337600708007812 -0.0396194458007813
-0.144241333007813 -0.139450073242187 -0.00960922241210939 -0.0206184387207031
-0.178146362304688 -0.00593566894531253 -0.0110063552856445 -0.00801181793212891
-0.126266479492188 0.0921859741210937 -0.0180721282958984 -0.0170745849609375
-0.0330352783203125 0.157119750976563 -0.0203495025634766 0.00511741638183594
0.0345611572265625 0.146194458007813 -0.0120677947998047 0.0151386260986328
0.0304107666015625 0.136512756347656 -0.00939655303955078 0.00714397430419923
0.0361175537109375 0.155105590820313 -0.0129194259643555 -0.00471401214599609
-0.0162811279296875 0.157913208007813 0.00408363342285156 -0.0104484558105469
-0.106979370117188 0.120895385742187 0.0213470458984375 -0.036285400390625
-0.159347534179688 0.0369415283203125 0.0474433898925781 -0.0169639587402344
-0.143142700195313 -0.119827270507812 0.0778427124023438 0.0396957397460938
-0.070098876953125 -0.2037353515625 0.043548583984375 0.0919342041015625
0.025299072265625 -0.205841064453125 -0.0176239013671875 0.13140869140625
0.02569580078125 -0.211990356445312 0.0548171997070313 -0.109512329101563
-0.0588531494140625 -0.190933227539063 0.000434875488281239 -0.0765762329101563
-0.140518188476563 -0.126579284667969 -0.00568771362304688 -0.0262928009033203
-0.16851806640625 -0.00643920898437497 0.0104312896728516 -0.0228328704833984
-0.119575500488281 0.0822219848632813 -0.000434875488281252 -0.0487403869628906
-0.0391693115234375 0.146942138671875 -0.022216796875 -0.0426216125488281
0.0225067138671875 0.136734008789063 -0.0336055755615234 -0.0332756042480469
0.0214691162109375 0.128326416015625 -0.0370712280273438 -0.0331459045410156
0.0265960693359375 0.145904541015625 -0.0376129150390625 -0.0454177856445312
-0.0205078125 0.147201538085938 -0.00836944580078125 -0.0555191040039063
-0.102622985839844 0.11138916015625 0.0217666625976562 -0.0717849731445313
-0.147842407226562 0.0360107421875 0.0545196533203125 -0.0400505065917969
-0.138710021972656 -0.108558654785156 0.0733642578125 0.0204086303710937
-0.0771331787109375 -0.188430786132813 0.0260238647460937 0.0501556396484375
0.010101318359375 -0.199325561523437 -0.000316619873046879 0.0607109069824219
-0.000457763671875017 -0.171142578125 0.0706939697265625 -0.167312622070313
-0.0605316162109375 -0.1446533203125 0.000572204589843757 -0.109779357910156
-0.112167358398438 -0.0876846313476562 -0.0030193328857422 -0.0334053039550781
-0.126029968261719 -0.000862121582031226 0.0259666442871094 -0.0352859497070313
-0.089874267578125 0.060699462890625 0.0124664306640625 -0.0726547241210938
-0.0352325439453125 0.11138916015625 -0.0222396850585938 -0.079833984375
0.00890350341796875 0.106704711914063 -0.0502548217773437 -0.0741348266601563
0.00948333740234375 0.100593566894531 -0.0580711364746094 -0.0677642822265625
0.0114517211914062 0.115959167480469 -0.0557174682617188 -0.0819168090820312
-0.02532958984375 0.111045837402344 -0.0182723999023437 -0.0932693481445312
-0.0857086181640625 0.0788345336914063 0.0216293334960937 -0.0971527099609375
-0.111213684082031 0.0201263427734375 0.0576171875 -0.0539207458496094
-0.101234436035156 -0.0873794555664062 0.0616455078125 0.00649261474609375
-0.0611114501953125 -0.144638061523438 0.00852680206298828 0.0112371444702148
0.00112915039062498 -0.158615112304687 0.0132646560668945 -0.00630950927734376
-0.027923583984375 -0.106307983398438 0.07818603515625 -0.21185302734375
-0.0532608032226563 -0.0772933959960938 -0.00290679931640625 -0.135879516601563
-0.0688552856445313 -0.033935546875 -0.00690841674804688 -0.0392417907714844
-0.0642471313476563 0.00511550903320313 0.0316696166992187 -0.04461669921875
-0.0443954467773437 0.030517578125 0.0193252563476563 -0.081298828125
-0.0243492126464844 0.0600242614746094 -0.0213851928710938 -0.101104736328125
-0.00529861450195313 0.0598411560058594 -0.0581283569335937 -0.101051330566406
-0.00414657592773437 0.0588722229003906 -0.0697097778320313 -0.0920181274414063
-0.00580596923828124 0.0681419372558594 -0.0633163452148438 -0.106277465820313
-0.0287017822265625 0.0592117309570313 -0.0205459594726563 -0.118141174316406
-0.0588569641113281 0.0309524536132813 0.0267257690429687 -0.105613708496094
-0.0592765808105469 -0.00396728515625001 0.0602798461914062 -0.0563507080078125
-0.0443305969238281 -0.0549697875976563 0.0479164123535156 -4.19616699218784E-05
-0.03057861328125 -0.0782012939453125 -0.00329017639160157 -0.0175552368164063
-0.0062408447265625 -0.0920944213867188 0.0257492065429688 -0.0576553344726563
-0.05023193359375 -0.0274276733398438 0.076812744140625 -0.238143920898438
-0.0393486022949219 -0.00469207763671875 -0.00863647460937499 -0.152114868164063
-0.0206298828125 0.0195560455322266 -0.0167083740234375 -0.0440788269042969
0.0005035400390625 0.0103273391723633 0.0230979919433594 -0.0460090637207031
0.00379323959350586 -0.00182390213012695 0.0173416137695312 -0.0771713256835937
-0.00918960571289063 0.000436782836914061 -0.0196456909179688 -0.103179931640625
-0.0175390243530273 0.00540733337402344 -0.0595779418945312 -0.111160278320312
-0.0161304473876953 0.00680923461914063 -0.071685791015625 -0.103340148925781
-0.0217056274414063 0.0109672546386719 -0.060943603515625 -0.117996215820313
-0.0269260406494141 -3.24249267578183E-05 -0.01531982421875 -0.126800537109375
-0.021820068359375 -0.0174503326416016 0.032989501953125 -0.100845336914063
0.000495910644531249 -0.0212039947509766 0.0616264343261719 -0.0477943420410156
0.0117149353027344 -0.0108737945556641 0.0379409790039063 0.00171661376953125
-0.00367188453674316 -0.000154733657836914 -0.00778961181640625 -0.0320835113525391
-0.0188350677490234 -0.0122966766357422 0.03277587890625 -0.0861740112304688
0.0382652282714844 -0.0679359436035156 -0.0108642578125 0.0896759033203125
-0.0225067138671875 -0.0762863159179687 0.0106887817382812 0.0326251983642578
-0.0665283203125 -0.0340232849121094 -0.0258884429931641 -0.00992202758789063
-0.0560073852539062 0.0247306823730469 -0.0607452392578125 0.0329933166503906
-0.0252723693847656 0.0514373779296875 -0.0414199829101563 0.07440185546875
0.0185203552246094 0.0564346313476563 0.01153564453125 0.115036010742188
0.0411491394042969 0.0443077087402344 0.0601425170898438 0.114059448242187
0.0320930480957031 0.0445709228515625 0.0679397583007813 0.0935134887695313
0.0326690673828125 0.0497550964355469 0.0529937744140625 0.0957412719726562
0.00100708007812501 0.0587615966796875 0.0230712890625 0.097900390625
-0.0387687683105469 0.0412826538085937 -0.000179290771484384 0.0644607543945313
-0.0566558837890625 -0.000858306884765624 -1.14440917968798E-05 0.0401229858398438
-0.0302543640136719 -0.0536117553710937 0.0310249328613281 0.0664329528808594
0.0171966552734375 -0.0687255859375 0.033905029296875 0.15032958984375
0.0453987121582031 -0.0461044311523438 -0.0784454345703125 0.244888305664063
0.0455322265625 -0.142288208007813 -0.0046234130859375 0.0645561218261719
-0.0369949340820313 -0.137779235839844 0.00608444213867187 0.0207061767578125
-0.104331970214844 -0.0807266235351563 -0.0206489562988281 -0.012969970703125
-0.112091064453125 0.018768310546875 -0.048858642578125 0.0191764831542969
-0.0682296752929688 0.0771865844726563 -0.0421524047851562 0.0506973266601563
0.00395965576171876 0.10736083984375 -0.0016021728515625 0.0889434814453125
0.04693603515625 0.0930557250976563 0.0402450561523438 0.0942153930664063
0.037384033203125 0.0879592895507813 0.05010986328125 0.0755233764648438
0.0407867431640625 0.101409912109375 0.0379486083984375 0.072723388671875
-0.00408935546874999 0.109001159667969 0.02178955078125 0.070953369140625
-0.0718612670898438 0.0801239013671875 0.0085906982421875 0.0369873046875
-0.104446411132813 0.0115203857421875 0.0180397033691406 0.0262241363525391
-0.0776519775390625 -0.0901718139648438 0.054168701171875 0.0626716613769531
-0.0161666870117188 -0.134178161621094 0.047454833984375 0.14495849609375
0.0448760986328125 -0.120628356933594 -0.056243896484375 0.232284545898438
0.04595947265625 -0.196792602539063 0.0114059448242188 0.0178565979003906
-0.0493927001953125 -0.183456420898438 0.00405812263488769 -0.00217390060424806
-0.135635375976563 -0.11651611328125 -0.0143089294433594 -0.0139179229736328
-0.157058715820312 0.00746154785156253 -0.0333976745605469 0.00559616088867187
-0.103904724121094 0.0938720703125 -0.0337848663330078 0.0186710357666016
-0.0123748779296875 0.144485473632813 -0.0120162963867187 0.0527915954589844
0.0483932495117188 0.129814147949219 0.0158882141113281 0.0593490600585938
0.0417327880859375 0.120071411132813 0.0229682922363281 0.0460624694824219
0.0458755493164062 0.136543273925781 0.0140380859375 0.0375747680664063
-0.0069427490234375 0.143386840820313 0.0157470703125 0.0339412689208984
-0.0925140380859375 0.109626770019531 0.0154781341552734 0.00287151336669923
-0.141204833984375 0.0305633544921875 0.03411865234375 0.00586700439453125
-0.123542785644531 -0.109504699707031 0.0703659057617188 0.0530014038085938
-0.0531158447265625 -0.18011474609375 0.052276611328125 0.124473571777344
0.0325927734375 -0.1776123046875 -0.0310211181640625 0.193038940429688
0.0358123779296875 -0.221755981445312 0.0289955139160156 -0.0432586669921875
-0.059661865234375 -0.202972412109375 -0.000167846679687503 -0.0372886657714844
-0.1514892578125 -0.133255004882812 -0.0104179382324219 -0.0192966461181641
-0.1773681640625 0.00402832031250001 -0.0117940902709961 -0.00664615631103516
-0.122909545898438 0.0978012084960938 -0.0194911956787109 -0.0148639678955078
-0.0245819091796875 0.159530639648438 -0.0206890106201172 0.00799751281738283
0.042724609375 0.14556884765625 -0.0102500915527344 0.0165185928344727
0.0377273559570312 0.134750366210938 -0.00710296630859375 0.00890636444091798
0.044525146484375 0.153518676757813 -0.0129528045654297 -0.000774383544921868
-0.00793457031250002 0.15716552734375 0.00296688079833984 -0.0103254318237305
-0.101165771484375 0.12603759765625 0.0185394287109375 -0.0368270874023437
-0.158462524414063 0.0453948974609375 0.0439224243164063 -0.0179176330566406
-0.150238037109375 -0.11273193359375 0.0779876708984375 0.03656005859375
-0.0805206298828125 -0.199111938476563 0.0440139770507812 0.0886688232421875
0.016143798828125 -0.206298828125 -0.0134201049804688 0.131034851074219
0.0161285400390625 -0.214080810546875 0.0464401245117188 -0.107711791992188
-0.0680694580078125 -0.187911987304687 -0.00453948974609376 -0.0735931396484375
-0.146011352539062 -0.120437622070313 -0.00895500183105469 -0.0248947143554688
-0.169464111328125 0.00271606445312497 0.00809860229492186 -0.0222721099853516
-0.116569519042969 0.0870361328125 -0.0027923583984375 -0.0468902587890625
-0.031585693359375 0.150421142578125 -0.0235595703125 -0.0374679565429687
0.0293045043945312 0.137130737304688 -0.0343494415283203 -0.0305671691894531
0.0277786254882812 0.127288818359375 -0.0364723205566406 -0.0278892517089844
0.0350799560546875 0.146392822265625 -0.0411567687988281 -0.0422821044921875
-0.011871337890625 0.148147583007812 -0.0103797912597656 -0.0533828735351562
-0.0974578857421875 0.117019653320313 0.0161972045898437 -0.0699081420898437
-0.148101806640625 0.0442962646484375 0.0495834350585938 -0.0399436950683594
-0.145858764648438 -0.102554321289063 0.072784423828125 0.01605224609375
-0.0883026123046875 -0.186965942382813 0.0259246826171875 0.0479927062988281
0.00349426269531249 -0.200851440429688 0.000442504882812498 0.0577049255371094
-0.0076904296875 -0.172149658203125 0.061920166015625 -0.1688232421875
-0.0664520263671875 -0.143600463867188 -0.00743103027343751 -0.109657287597656
-0.116462707519531 -0.0843658447265625 -0.00649642944335938 -0.0308933258056641
-0.128318786621094 0.00424957275390622 0.0253868103027344 -0.0377769470214844
-0.089385986328125 0.0655899047851563 0.00881195068359375 -0.0707855224609375
-0.0294647216796875 0.114730834960937 -0.0255279541015625 -0.0756683349609375
0.0127487182617187 0.107872009277344 -0.053436279296875 -0.0705795288085938
0.0138092041015625 0.10162353515625 -0.05914306640625 -0.063323974609375
0.0175933837890625 0.116325378417969 -0.0601348876953125 -0.0764846801757813
-0.0187759399414063 0.114944458007813 -0.0221328735351563 -0.0917510986328125
-0.0805282592773438 0.0832595825195313 0.014984130859375 -0.0963211059570313
-0.113029479980469 0.0248031616210938 0.0527610778808594 -0.0542945861816406
-0.106895446777344 -0.0838470458984375 0.061126708984375 0.00417327880859374
-0.0662689208984375 -0.1431884765625 0.00797080993652343 0.00985622406005858
-0.00318908691406251 -0.161087036132813 0.0111207962036133 -0.00976085662841798
-0.0301513671875 -0.107170104980469 0.0677490234375 -0.21539306640625
-0.0553436279296875 -0.0773239135742187 -0.0110931396484375 -0.135055541992188
-0.0690841674804688 -0.0332412719726562 -0.0106658935546875 -0.0391960144042969
-0.0677833557128906 0.0068511962890625 0.0297508239746094 -0.0456809997558594
-0.0450210571289063 0.0340957641601563 0.0152053833007813 -0.0828475952148438
-0.0208587646484375 0.0623512268066406 -0.0241928100585938 -0.0993499755859375
-0.00263595581054688 0.0616073608398438 -0.065216064453125 -0.097747802734375
-0.000286102294921879 0.0589599609375 -0.0719528198242188 -0.0876922607421875
-0.00215148925781249 0.0712051391601563 -0.0676345825195313 -0.101463317871094
-0.0266304016113281 0.0621719360351562 -0.0256271362304687 -0.114028930664062
-0.0570297241210938 0.0359001159667969 0.0199432373046875 -0.106666564941406
-0.0620193481445313 -0.00124359130859374 0.0565071105957031 -0.0581436157226563
-0.0503158569335937 -0.054901123046875 0.04766845703125 -0.0012054443359375
-0.0340652465820313 -0.07769775390625 -0.00461006164550781 -0.0190868377685547
-0.00696563720703126 -0.0948562622070313 0.0204353332519531 -0.0624008178710937
-0.0473747253417969 -0.0254707336425781 0.064208984375 -0.242599487304688
-0.037689208984375 -0.00624465942382813 -0.016265869140625 -0.152496337890625
-0.0195255279541016 0.0180492401123047 -0.0189628601074219 -0.0425338745117188
-0.00145149230957031 0.010040283203125 0.0207061767578125 -0.046478271484375
0.00155949592590332 -0.00231671333312988 0.01361083984375 -0.07568359375
-0.00921916961669922 0.00310230255126953 -0.0225982666015625 -0.102775573730469
-0.0173416137695313 0.0087900161743164 -0.0649795532226563 -0.107688903808594
-0.0165681838989258 0.0102882385253906 -0.07489013671875 -0.0990066528320313
-0.020477294921875 0.0135021209716797 -0.0670700073242188 -0.113052368164062
-0.0278892517089844 0.00343704223632812 -0.0206375122070313 -0.124900817871094
-0.0243167877197266 -0.0151023864746094 0.0274429321289062 -0.103057861328125
-0.00366973876953125 -0.0223045349121094 0.058197021484375 -0.0507316589355469
0.0094757080078125 -0.0131502151489258 0.0380020141601563 -0.0011444091796875
-0.00229549407958984 -0.00150847434997559 -0.00973701477050781 -0.0322914123535156
-0.0165615081787109 -0.0149555206298828 0.0293731689453125 -0.0927734375
0.03662109375 -0.0668106079101563 -0.00801849365234374 0.0948562622070313
-0.023712158203125 -0.0727386474609375 0.0116195678710937 0.0359611511230469
-0.0636253356933594 -0.0313911437988281 -0.0255680084228516 -0.010162353515625
-0.0542182922363281 0.0263862609863281 -0.0591850280761719 0.032196044921875
-0.0235061645507813 0.0514717102050781 -0.040130615234375 0.0744400024414063
0.019561767578125 0.05328369140625 0.013519287109375 0.110816955566406
0.0397071838378906 0.0419692993164063 0.0637130737304688 0.1114501953125
0.0316085815429688 0.039794921875 0.0699310302734375 0.0927734375
0.0342788696289063 0.0469093322753906 0.055023193359375 0.0949935913085938
0.00445938110351562 0.0576553344726563 0.0244293212890625 0.0959243774414063
-0.0355377197265625 0.0421257019042969 0.00147247314453125 0.0635337829589844
-0.0558967590332031 0.000980377197265632 -0.000255584716796877 0.0416526794433594
-0.0308380126953125 -0.0517692565917969 0.0325164794921875 0.0639266967773438
0.0126380920410156 -0.0686264038085937 0.035888671875 0.149154663085938
0.0412254333496094 -0.0452041625976563 -0.07366943359375 0.246826171875
0.042938232421875 -0.140884399414063 -0.00417327880859375 0.0682716369628906
-0.0397872924804688 -0.13372802734375 0.00683403015136719 0.025054931640625
-0.104690551757812 -0.0770263671875 -0.0193405151367188 -0.0125045776367188
-0.110282897949219 0.019866943359375 -0.0488014221191406 0.0196723937988281
-0.0646896362304687 0.0786285400390625 -0.0410194396972656 0.0496025085449219
0.00630950927734375 0.105926513671875 0.000282287597656244 0.0891189575195313
0.0489578247070313 0.09210205078125 0.0438613891601563 0.0931320190429688
0.0400848388671875 0.0864181518554687 0.0515060424804688 0.0758132934570313
0.0442886352539062 0.0984344482421875 0.0388717651367188 0.0724258422851563
-0.000129699707031256 0.106636047363281 0.0230941772460938 0.0706787109375
-0.068206787109375 0.08135986328125 0.00939178466796875 0.0361671447753906
-0.104904174804688 0.0160064697265625 0.0160236358642578 0.0276069641113281
-0.0797882080078125 -0.0870742797851563 0.0536613464355469 0.0612907409667969
-0.0200576782226563 -0.132942199707031 0.0474853515625 0.143310546875
0.0398712158203125 -0.119552612304688 -0.0517120361328125 0.232452392578125
0.0422515869140625 -0.195785522460938 0.00902366638183594 0.0219211578369141
-0.0526885986328125 -0.180374145507812 0.00220108032226562 0.000704288482666004
-0.135040283203125 -0.113639831542969 -0.014556884765625 -0.0145940780639648
-0.154373168945312 0.011688232421875 -0.0327320098876953 0.00761032104492187
-0.100288391113281 0.0957412719726562 -0.0330219268798828 0.0200061798095703
-0.00921630859375001 0.1429443359375 -0.0121955871582031 0.0538597106933594
0.0502853393554688 0.127754211425781 0.0180854797363281 0.0606880187988281
0.0435409545898438 0.118637084960937 0.0245704650878906 0.0461654663085938
0.0495834350585938 0.134086608886719 0.0153236389160156 0.0395622253417969
-0.00038146972656251 0.142471313476563 0.0164108276367188 0.0335941314697266
-0.089202880859375 0.113433837890625 0.0156679153442383 0.00218868255615235
-0.140357971191406 0.0351409912109375 0.0320835113525391 0.00782394409179688
-0.125419616699219 -0.106689453125 0.0699653625488281 0.0512161254882812
-0.0580291748046875 -0.178878784179688 0.0522994995117188 0.122100830078125
0.0281829833984375 -0.178237915039063 -0.0295867919921875 0.190963745117188
0.03143310546875 -0.221755981445313 0.0254783630371094 -0.0382461547851563
-0.06353759765625 -0.19940185546875 -0.003173828125 -0.0328502655029297
-0.152496337890625 -0.128631591796875 -0.0109157562255859 -0.0180034637451172
-0.177719116210938 0.00769042968749996 -0.0124778747558594 -0.00596523284912109
-0.119247436523437 0.100738525390625 -0.0191574096679688 -0.0126667022705078
-0.021240234375 0.1588134765625 -0.0193386077880859 0.0105495452880859
0.04541015625 0.143905639648438 -0.00826072692871093 0.0176887512207031
0.040740966796875 0.133819580078125 -0.0060272216796875 0.0111236572265625
0.048370361328125 0.150924682617187 -0.0124034881591797 0.00114917755126954
-0.00267028808593748 0.157363891601563 0.00413608551025391 -0.00993061065673827
-0.0973129272460937 0.130012512207031 0.016632080078125 -0.0354804992675781
-0.157363891601563 0.0499267578125 0.0423927307128906 -0.0166511535644531
-0.152328491210938 -0.10986328125 0.0757293701171875 0.0340499877929687
-0.085693359375 -0.196884155273438 0.0436553955078125 0.0870590209960937
0.012664794921875 -0.207473754882813 -0.0117340087890625 0.129737854003906
0.0126800537109375 -0.214035034179688 0.042877197265625 -0.105186462402344
-0.07025146484375 -0.186538696289063 -0.00756072998046876 -0.0708465576171875
-0.148300170898438 -0.117645263671875 -0.00935363769531251 -0.0237960815429688
-0.168869018554688 0.0054931640625 0.00773429870605468 -0.0219669342041016
-0.114974975585937 0.0912551879882813 -0.00440597534179688 -0.0452690124511719
-0.0275115966796875 0.151138305664063 -0.024383544921875 -0.0362968444824219
0.0331039428710937 0.1370849609375 -0.0339450836181641 -0.0280933380126953
0.0315628051757813 0.127410888671875 -0.0355873107910156 -0.026702880859375
0.038909912109375 0.1451416015625 -0.0396003723144531 -0.0380325317382812
-0.00665283203125 0.1473388671875 -0.011688232421875 -0.0527191162109375
-0.0948638916015625 0.120834350585937 0.0143585205078125 -0.0709609985351562
-0.147705078125 0.0478973388671875 0.0478858947753906 -0.0396270751953125
-0.147430419921875 -0.101181030273437 0.07080078125 0.0168228149414062
-0.0907135009765625 -0.183364868164062 0.0251884460449219 0.0467987060546875
0.0024261474609375 -0.201416015625 0.000167846679687499 0.0560111999511719
-0.0086517333984375 -0.172866821289063 0.0554046630859375 -0.165847778320313
-0.068267822265625 -0.143386840820313 -0.0120697021484375 -0.10675048828125
-0.118385314941406 -0.0830230712890625 -0.00816917419433595 -0.0313892364501953
-0.129486083984375 0.0071258544921875 0.0225639343261719 -0.035980224609375
-0.0877151489257813 0.0684432983398438 0.00805664062499999 -0.0689849853515625
-0.0264663696289062 0.1162109375 -0.0270843505859375 -0.0744705200195313
0.0173873901367187 0.108604431152344 -0.0532951354980469 -0.0672416687011719
0.0173873901367187 0.102691650390625 -0.0589752197265625 -0.0602264404296875
0.020416259765625 0.11724853515625 -0.0600967407226563 -0.0727996826171875
-0.0152511596679687 0.114677429199219 -0.0235519409179688 -0.0882492065429687
-0.0822601318359375 0.087371826171875 0.013671875 -0.0952606201171875
-0.114120483398438 0.0283126831054687 0.0506668090820312 -0.0536766052246094
-0.108985900878906 -0.0826568603515625 0.05877685546875 0.00369262695312499
-0.0698394775390625 -0.141387939453125 0.00634288787841796 0.0091562271118164
-0.00418090820312501 -0.1619873046875 0.00995826721191406 -0.0128402709960938
-0.0290603637695313 -0.10797119140625 0.062835693359375 -0.213912963867188
-0.055999755859375 -0.0776214599609375 -0.0147933959960937 -0.134384155273438
-0.0704574584960938 -0.033294677734375 -0.0111274719238281 -0.0375480651855469
-0.0685501098632812 0.00775146484374999 0.0274810791015625 -0.0444297790527344
-0.0458908081054688 0.0341720581054688 0.0133895874023437 -0.079803466796875
-0.02008056640625 0.064239501953125 -0.0274200439453125 -0.0970230102539063
0.000316619873046881 0.0642204284667969 -0.0637969970703125 -0.0954818725585938
0.000629425048828131 0.0619621276855469 -0.0735015869140625 -0.0856475830078125
-0.00129699707031249 0.0727386474609375 -0.0699005126953125 -0.0982589721679688
-0.0240097045898438 0.0638008117675781 -0.0280532836914063 -0.112991333007813
-0.0575408935546875 0.0390892028808594 0.0176010131835938 -0.105110168457031
-0.0634193420410156 0.000667572021484388 0.0528602600097656 -0.0570945739746094
-0.0504074096679688 -0.0550537109375 0.0461845397949219 -0.00113677978515625
-0.0353622436523437 -0.0791091918945313 -0.00686836242675781 -0.0186214447021484
-0.0066986083984375 -0.0963668823242188 0.0184783935546875 -0.0658531188964844
-0.0465011596679688 -0.0257987976074219 0.059600830078125 -0.241958618164063
-0.0364952087402344 -0.00647735595703125 -0.0214385986328125 -0.152252197265625
-0.0183486938476563 0.0174026489257813 -0.0213623046875 -0.0422477722167969
-0.00286483764648438 0.00927543640136719 0.0194892883300781 -0.0472450256347656
0.000370860099792481 -0.00127089023590088 0.0124588012695313 -0.07489013671875
-0.0108003616333008 0.00451374053955078 -0.0242919921875 -0.1005859375
-0.0165491104125977 0.0102033615112305 -0.06573486328125 -0.106239318847656
-0.0148372650146484 0.0116100311279297 -0.0766372680664063 -0.0976943969726563
-0.020660400390625 0.0169620513916016 -0.0671310424804687 -0.1131591796875
-0.0259609222412109 0.00487899780273438 -0.024017333984375 -0.122268676757813
-0.0245628356933594 -0.0117931365966797 0.0250625610351563 -0.100494384765625
-0.00547599792480469 -0.0205745697021484 0.0556259155273438 -0.0509872436523437
0.00806617736816406 -0.0155801773071289 0.0360527038574219 -0.000934600830078126
-0.00237894058227539 -0.00393366813659668 -0.0109405517578125 -0.033905029296875
-0.0135231018066406 -0.015955924987793 0.02581787109375 -0.0953903198242187
0.0355491638183594 -0.0656509399414063 -0.00839996337890625 0.0998764038085937
-0.0236663818359375 -0.0711669921875 0.0122489929199219 0.0389404296875
-0.0624008178710938 -0.0312385559082031 -0.0252704620361328 -0.00945281982421875
-0.0529975891113281 0.0253868103027344 -0.0596504211425781 0.0323143005371094
-0.0227584838867188 0.0509757995605469 -0.0412139892578125 0.0745620727539063
0.0200119018554687 0.0525016784667969 0.0138702392578125 0.111846923828125
0.0400352478027344 0.0420188903808594 0.0641098022460938 0.1126708984375
0.0324668884277344 0.0393524169921875 0.0704345703125 0.0941848754882813
0.0350456237792969 0.0453453063964844 0.055267333984375 0.09649658203125
0.00600814819335938 0.0562515258789063 0.0248794555664063 0.096710205078125
-0.0347785949707031 0.0430450439453125 0.00131988525390625 0.0638046264648438
-0.0556373596191406 0.00246810913085938 -0.000225067138671877 0.0423393249511719
-0.031494140625 -0.0511093139648438 0.0324211120605469 0.0644607543945313
0.0114173889160156 -0.0676383972167969 0.0349273681640625 0.151565551757812
0.0392265319824219 -0.0446319580078125 -0.073822021484375 0.249526977539062
0.04254150390625 -0.14117431640625 -0.00454711914062499 0.07379150390625
-0.039947509765625 -0.133758544921875 0.00705718994140624 0.0283203125
-0.103736877441406 -0.0772933959960938 -0.0186328887939453 -0.0117092132568359
-0.109710693359375 0.019805908203125 -0.0491485595703125 0.0199089050292969
-0.064605712890625 0.0784454345703125 -0.0414237976074219 0.0508956909179688
0.007049560546875 0.105422973632813 0.000205993652343751 0.0906219482421875
0.0493850708007813 0.0918502807617188 0.0447006225585938 0.0952529907226563
0.0413742065429688 0.086090087890625 0.0525665283203125 0.0768203735351563
0.045623779296875 0.0976181030273438 0.039459228515625 0.0745391845703125
0.0020294189453125 0.1063232421875 0.0235214233398437 0.0713424682617187
-0.0675201416015625 0.0828323364257812 0.00952148437499999 0.0369834899902344
-0.105194091796875 0.0177993774414062 0.0159034729003906 0.0291500091552734
-0.0812225341796875 -0.0874710083007812 0.0527229309082031 0.0613899230957031
-0.0220870971679687 -0.133796691894531 0.046173095703125 0.145111083984375
0.0386123657226563 -0.121437072753906 -0.053131103515625 0.23431396484375
0.0421905517578125 -0.197067260742188 0.00767135620117188 0.0267601013183594
-0.05279541015625 -0.179351806640625 0.00173759460449218 0.00440692901611327
-0.135726928710938 -0.114242553710938 -0.0140132904052734 -0.0133333206176758
-0.154922485351562 0.012908935546875 -0.0326576232910156 0.00802421569824219
-0.100639343261719 0.0964202880859375 -0.0334815979003906 0.0210132598876953
-0.0076904296875 0.14373779296875 -0.0114784240722656 0.0551986694335938
0.0517654418945312 0.128829956054688 0.0192756652832031 0.0627479553222656
0.0457382202148438 0.119743347167969 0.0262870788574219 0.0479812622070313
0.051544189453125 0.135162353515625 0.0159263610839844 0.0418701171875
0.000595092773437494 0.142623901367188 0.0171298980712891 0.0344905853271485
-0.088531494140625 0.116058349609375 0.0145416259765625 0.00275135040283204
-0.1424560546875 0.037322998046875 0.0317840576171875 0.00908851623535157
-0.126968383789063 -0.107368469238281 0.0694580078125 0.0518074035644531
-0.0599822998046875 -0.179824829101563 0.0503997802734375 0.123725891113281
0.0282440185546875 -0.18084716796875 -0.03106689453125 0.192245483398438
0.0321807861328125 -0.223052978515625 0.0245571136474609 -0.034759521484375
-0.0637969970703125 -0.201004028320312 -0.00388908386230469 -0.0296497344970703
-0.153228759765625 -0.130355834960937 -0.0114774703979492 -0.0166234970092774
-0.178955078125 0.0081634521484375 -0.0130205154418945 -0.00546169281005859
-0.119575500488281 0.102249145507813 -0.0199260711669922 -0.0120201110839844
-0.0194549560546875 0.161270141601563 -0.0191440582275391 0.0115852355957031
0.046966552734375 0.145477294921875 -0.00813102722167968 0.0194988250732422
0.0421066284179688 0.13507080078125 -0.00402164459228515 0.0118427276611328
0.0503387451171875 0.152816772460938 -0.012385368347168 0.00309658050537111
-0.000579833984374995 0.159149169921875 0.00448703765869141 -0.00880813598632812
-0.0978164672851563 0.132774353027344 0.01513671875 -0.0356559753417969
-0.158828735351563 0.0520782470703125 0.0422477722167969 -0.0152397155761719
-0.154815673828125 -0.111068725585938 0.0753555297851562 0.0348587036132812
-0.0878143310546875 -0.198806762695313 0.0419998168945313 0.0883102416992187
0.013916015625 -0.210662841796875 -0.0136337280273437 0.128959655761719
0.014923095703125 -0.216339111328125 0.0412216186523437 -0.102447509765625
-0.0698394775390625 -0.188644409179688 -0.00896072387695314 -0.0685577392578125
-0.149200439453125 -0.119552612304688 -0.00931358337402345 -0.0227184295654297
-0.171875 0.00726318359375001 0.00707626342773437 -0.0205497741699219
-0.116340637207031 0.0935134887695313 -0.00446701049804688 -0.0443649291992187
-0.0260772705078125 0.153228759765625 -0.0242786407470703 -0.0343265533447265
0.035552978515625 0.139968872070313 -0.0331802368164063 -0.0267105102539062
0.032806396484375 0.129867553710938 -0.0340328216552734 -0.0262451171875
0.040496826171875 0.147415161132813 -0.0396003723144531 -0.0366744995117187
-0.00549316406249999 0.149703979492188 -0.0118789672851563 -0.0521049499511719
-0.0951690673828125 0.123695373535156 0.0127487182617187 -0.0709152221679687
-0.14947509765625 0.0499420166015625 0.04779052734375 -0.0379371643066406
-0.15008544921875 -0.101882934570313 0.0702095031738281 0.0172309875488281
-0.0919189453125 -0.185699462890625 0.0233802795410156 0.0477218627929687
0.00357055664062501 -0.20477294921875 -0.0011749267578125 0.0550270080566406
-0.00642395019531249 -0.176651000976562 0.0546417236328125 -0.165267944335938
-0.068023681640625 -0.145309448242188 -0.0132675170898438 -0.105728149414063
-0.11956787109375 -0.085479736328125 -0.00856018066406251 -0.030242919921875
-0.132301330566406 0.00787353515624998 0.0214157104492187 -0.0349884033203125
-0.0896987915039063 0.0696182250976563 0.00825119018554687 -0.0688133239746094
-0.0255889892578125 0.119125366210938 -0.0260009765625 -0.0732955932617187
0.0195083618164062 0.111427307128906 -0.053009033203125 -0.0673789978027344
0.0182266235351562 0.105148315429688 -0.0584793090820312 -0.0601272583007813
0.0224838256835937 0.120262145996094 -0.0602340698242187 -0.0722579956054687
-0.0145721435546875 0.116836547851563 -0.0236434936523437 -0.0883026123046875
-0.0816268920898438 0.0900192260742187 0.0116348266601562 -0.0951919555664063
-0.115684509277344 0.029754638671875 0.0501937866210937 -0.0527267456054688
-0.111236572265625 -0.0843353271484375 0.0582771301269531 0.00494766235351562
-0.0703582763671875 -0.143569946289062 0.0044870376586914 0.00916767120361327
-0.0010223388671875 -0.165283203125 0.00817394256591797 -0.0145025253295899
-0.0273590087890625 -0.110366821289063 0.0614166259765625 -0.21435546875
-0.0556182861328125 -0.0804290771484375 -0.0163955688476563 -0.134941101074219
-0.0712738037109375 -0.0356369018554688 -0.0122871398925781 -0.0378761291503906
-0.0703659057617188 0.00887298583984375 0.0263862609863281 -0.0448799133300781
-0.0476417541503906 0.0354957580566406 0.01434326171875 -0.0796127319335938
-0.0198287963867187 0.0670509338378906 -0.0260162353515625 -0.09619140625
0.00153350830078124 0.06622314453125 -0.0642318725585938 -0.0962066650390625
0.00149536132812499 0.0640106201171875 -0.0726852416992188 -0.086029052734375
-0.000221252441406256 0.0749053955078125 -0.0699386596679688 -0.098480224609375
-0.0232391357421875 0.0657386779785156 -0.0281448364257812 -0.112678527832031
-0.0587158203125 0.0403861999511719 0.0168228149414062 -0.104759216308594
-0.06573486328125 0.00158309936523438 0.0527420043945312 -0.0564842224121094
-0.0524749755859375 -0.0562248229980469 0.0460624694824219 -0.000637054443359378
-0.0348434448242187 -0.080841064453125 -0.00797080993652344 -0.0194873809814453
-0.00435638427734374 -0.0991897583007812 0.0186996459960938 -0.0686454772949219
-0.0442962646484375 -0.027191162109375 0.0587310791015625 -0.244094848632813
-0.0357093811035156 -0.00849151611328125 -0.0217742919921875 -0.154037475585938
-0.0180492401123047 0.0159473419189453 -0.021759033203125 -0.0424308776855469
-0.00367879867553711 0.0083460807800293 0.0189743041992188 -0.0468978881835938
-0.00119304656982422 -0.000736832618713379 0.0134048461914062 -0.0750503540039063
-0.011052131652832 0.00669956207275391 -0.0243988037109375 -0.102241516113281
-0.0155954360961914 0.0113916397094727 -0.0666351318359375 -0.107383728027344
-0.0151262283325195 0.0132369995117187 -0.0762786865234375 -0.0981826782226563
-0.0205650329589844 0.01861572265625 -0.0677871704101563 -0.11236572265625
-0.0257835388183594 0.0068206787109375 -0.024200439453125 -0.122848510742188
-0.0258998870849609 -0.0104808807373047 0.0245513916015625 -0.100921630859375
-0.00707244873046875 -0.0201702117919922 0.0557289123535156 -0.050628662109375
0.00692844390869141 -0.0163125991821289 0.0361175537109375 7.2479248046874E-05
-0.00197458267211914 -0.0064697265625 -0.0113410949707031 -0.0360260009765625
-0.0118350982666016 -0.0187320709228516 0.0256805419921875 -0.0995254516601562
0.0368003845214844 -0.0661544799804688 -0.00871276855468749 0.107177734375
-0.024444580078125 -0.07086181640625 0.0135116577148438 0.0425872802734375
-0.0631942749023438 -0.0314102172851563 -0.0246505737304688 -0.00977134704589844
-0.0529136657714844 0.025482177734375 -0.0609054565429688 0.0334358215332031
-0.0218925476074219 0.0514869689941406 -0.0426101684570313 0.0767669677734375
0.0209465026855469 0.0526275634765625 0.01361083984375 0.115470886230469
0.0417442321777344 0.0423507690429687 0.0663833618164062 0.116325378417969
0.0334358215332031 0.0389213562011719 0.0730743408203125 0.0974197387695313
0.0360984802246094 0.0448532104492188 0.0572280883789063 0.100685119628906
0.00761032104492187 0.0569038391113281 0.0254592895507813 0.0995254516601563
-0.0342979431152344 0.044769287109375 0.000560760498046878 0.0652809143066406
-0.0567169189453125 0.00341415405273438 -0.000160217285156253 0.0436820983886719
-0.03265380859375 -0.0520133972167969 0.0328102111816406 0.0661888122558594
0.00965881347656249 -0.0685462951660156 0.0350494384765625 0.1573486328125
0.038726806640625 -0.0450897216796875 -0.0775299072265625 0.25732421875
0.0437774658203125 -0.144683837890625 -0.00546264648437501 0.0801773071289062
-0.0403900146484375 -0.135391235351563 0.00757026672363281 0.0323581695556641
-0.106559753417969 -0.0796585083007813 -0.0183792114257813 -0.0117301940917969
-0.112030029296875 0.0205230712890625 -0.0502662658691406 0.0205764770507812
-0.065948486328125 0.0803909301757813 -0.0432624816894531 0.0523757934570313
0.00803375244140626 0.10772705078125 2.28881835937537E-05 0.0936660766601562
0.0520706176757812 0.0941162109375 0.046417236328125 0.09869384765625
0.0431365966796875 0.0874862670898438 0.0553054809570313 0.07958984375
0.0479660034179688 0.0997314453125 0.0411529541015625 0.0783615112304688
0.0027618408203125 0.108573913574219 0.024200439453125 0.0737686157226563
-0.0683670043945312 0.0868072509765625 0.00853729248046875 0.0381317138671875
-0.108406066894531 0.0193328857421875 0.0161075592041016 0.0309829711914063
-0.0842437744140625 -0.0899124145507812 0.0536918640136719 0.0634269714355469
-0.0243682861328125 -0.137161254882813 0.0462646484375 0.150772094726563
0.0391082763671875 -0.125190734863281 -0.05609130859375 0.241287231445313
0.043701171875 -0.202377319335937 0.00726318359375 0.0313339233398437
-0.0537567138671875 -0.183013916015625 0.00170421600341797 0.00812864303588866
-0.139411926269531 -0.1180419921875 -0.014286994934082 -0.0135555267333984
-0.15936279296875 0.0135650634765625 -0.0338687896728516 0.00904464721679687
-0.103012084960938 0.0995330810546875 -0.0349845886230469 0.021331787109375
-0.00617980957031249 0.147796630859375 -0.011627197265625 0.0584754943847656
0.0544586181640625 0.132339477539063 0.0208206176757813 0.06536865234375
0.04754638671875 0.123100280761719 0.0286903381347656 0.049835205078125
0.054534912109375 0.138603210449219 0.0169601440429688 0.0450057983398438
0.0018157958984375 0.1466064453125 0.0176124572753906 0.0357322692871094
-0.0902328491210938 0.121696472167969 0.0140247344970703 0.00327110290527344
-0.146759033203125 0.0396881103515625 0.0323104858398437 0.0108051300048828
-0.131828308105469 -0.110786437988281 0.0707550048828125 0.0530624389648437
-0.0630645751953125 -0.185531616210938 0.0499954223632813 0.128463745117188
0.028656005859375 -0.187118530273438 -0.0335845947265625 0.197830200195313
0.0345306396484375 -0.230300903320312 0.0241355895996094 -0.031646728515625
-0.0645294189453125 -0.205337524414063 -0.0043487548828125 -0.0267372131347656
-0.15814208984375 -0.134780883789062 -0.0113372802734375 -0.0169467926025391
-0.184371948242188 0.009552001953125 -0.0134859085083008 -0.00450038909912109
-0.122917175292969 0.105972290039062 -0.0209808349609375 -0.0123062133789062
-0.018646240234375 0.166305541992187 -0.0193252563476563 0.0134143829345703
0.0499420166015625 0.150497436523438 -0.00724411010742187 0.0211372375488281
0.0449676513671875 0.139312744140625 -0.00202274322509765 0.0126466751098633
0.0538330078125 0.1575927734375 -0.012089729309082 0.00532722473144532
0.000900268554687504 0.16326904296875 0.00468301773071289 -0.00841569900512694
-0.0998687744140625 0.139381408691406 0.0144996643066406 -0.0356559753417969
-0.1641845703125 0.054779052734375 0.0433158874511719 -0.0140571594238281
-0.160385131835937 -0.115081787109375 0.0763702392578125 0.0358352661132812
-0.0913543701171875 -0.204483032226563 0.0413970947265625 0.0919189453125
0.0159149169921875 -0.218841552734375 -0.0156707763671875 0.131828308105469
0.0163116455078125 -0.223526000976562 0.0415878295898438 -0.102607727050781
-0.071685791015625 -0.194732666015625 -0.0103034973144531 -0.0674934387207032
-0.153884887695312 -0.1246337890625 -0.00954818725585939 -0.0223121643066406
-0.177719116210938 0.00892639160156254 0.00673294067382811 -0.0199832916259766
-0.120132446289062 0.0973587036132813 -0.004608154296875 -0.0453147888183594
-0.025115966796875 0.1590576171875 -0.0240421295166016 -0.0340385437011719
0.0388031005859375 0.1444091796875 -0.0331821441650391 -0.0260658264160156
0.0353240966796875 0.134979248046875 -0.0328807830810547 -0.0259647369384766
0.04364013671875 0.152923583984375 -0.0402259826660156 -0.0361328125
-0.00453186035156249 0.154281616210938 -0.011505126953125 -0.0530433654785156
-0.0975265502929687 0.13006591796875 0.0116729736328125 -0.0718917846679687
-0.154647827148437 0.0528564453125 0.0486030578613281 -0.0375556945800781
-0.155380249023438 -0.105789184570312 0.0713043212890625 0.0187301635742187
-0.095001220703125 -0.191421508789062 0.0225563049316406 0.0494003295898437
0.00640869140624999 -0.213241577148438 -0.00350570678710938 0.0557861328125
-0.00445556640624999 -0.183273315429688 0.0546722412109375 -0.168045043945313
-0.0693511962890625 -0.151458740234375 -0.0147247314453125 -0.107421875
-0.1236572265625 -0.089630126953125 -0.00992584228515626 -0.0305404663085938
-0.13751220703125 0.00943756103515627 0.0214576721191406 -0.035369873046875
-0.0931396484375 0.0730667114257813 0.00849151611328125 -0.0703659057617188
-0.0244674682617187 0.124313354492188 -0.0263137817382813 -0.073883056640625
0.0219802856445312 0.115928649902344 -0.0538520812988281 -0.0683059692382813
0.01983642578125 0.109512329101563 -0.0584831237792969 -0.06158447265625
0.0247268676757812 0.125877380371094 -0.0616378784179688 -0.0729598999023437
-0.0136184692382812 0.121147155761719 -0.0245132446289062 -0.089752197265625
-0.0841217041015625 0.09478759765625 0.0111923217773437 -0.0967178344726563
-0.120872497558594 0.0316696166992188 0.0511627197265625 -0.0528831481933594
-0.115127563476563 -0.08746337890625 0.05975341796875 0.00555419921875
-0.07220458984375 -0.149505615234375 0.00314617156982422 0.00959777832031249
0.0016632080078125 -0.172515869140625 0.00719642639160156 -0.0172567367553711
-0.0257797241210938 -0.114715576171875 0.0620574951171875 -0.220474243164063
-0.0562362670898437 -0.0849609375 -0.0179824829101563 -0.138801574707031
-0.0741806030273438 -0.0390777587890625 -0.0136146545410156 -0.0379638671875
-0.0743560791015625 0.00916290283203124 0.0261726379394531 -0.0451316833496094
-0.0506172180175781 0.0380592346191406 0.0153656005859375 -0.0811080932617188
-0.0201263427734375 0.0709304809570313 -0.02593994140625 -0.0988006591796875
0.0031280517578125 0.0695953369140625 -0.0653915405273438 -0.098480224609375
0.00243759155273437 0.0677719116210938 -0.0738372802734375 -0.0878982543945312
0.00144195556640625 0.0794448852539062 -0.0716476440429688 -0.100601196289062
-0.0233688354492187 0.0695457458496094 -0.0283203125 -0.115226745605469
-0.0612716674804688 0.043701171875 0.0166778564453125 -0.10723876953125
-0.0697288513183594 0.00215911865234375 0.0543556213378906 -0.0570259094238281
-0.0549468994140625 -0.0594062805175781 0.0474395751953125 -0.000286102294921879
-0.0351104736328125 -0.084686279296875 -0.00910377502441407 -0.0210838317871094
-0.00198364257812501 -0.105201721191406 0.0177459716796875 -0.0733718872070313
-0.0426750183105469 -0.0295066833496094 0.06048583984375 -0.251235961914063
-0.0361976623535156 -0.0104103088378906 -0.0233612060546875 -0.158706665039063
-0.0177135467529297 0.014312744140625 -0.0230445861816406 -0.0438575744628906
-0.00518321990966797 0.00882339477539062 0.018951416015625 -0.0474739074707031
-0.00247669219970703 -0.000587224960327149 0.0144119262695312 -0.0768356323242188
-0.0115118026733398 0.00835704803466797 -0.0250320434570313 -0.1046142578125
-0.0153665542602539 0.0125627517700195 -0.0686798095703125 -0.111801147460937
-0.0151252746582031 0.0150623321533203 -0.0783767700195313 -0.101936340332031
-0.0201358795166016 0.021575927734375 -0.0697021484375 -0.115760803222656
-0.0268058776855469 0.00885391235351563 -0.0249176025390625 -0.125
-0.0274925231933594 -0.00949859619140625 0.0250396728515625 -0.103446960449219
-0.00937652587890625 -0.0204086303710938 0.0569915771484375 -0.0520172119140625
0.00632286071777343 -0.0174551010131836 0.0376014709472656 0.000133514404296874
-0.00149440765380859 -0.00815153121948242 -0.0125274658203125 -0.0384063720703125
-0.009765625 -0.0217266082763672 0.0253219604492187 -0.105377197265625
0.036773681640625 -0.0692176818847656 -0.00700378417968749 0.115409851074219
-0.0266952514648438 -0.07061767578125 0.0154609680175781 0.0474128723144531
-0.065826416015625 -0.0313720703125 -0.0255870819091797 -0.0100116729736328
-0.0539932250976562 0.0267601013183594 -0.0636177062988281 0.0353965759277344
-0.0217361450195312 0.0537452697753906 -0.0438613891601563 0.0809097290039062
0.0229072570800781 0.053802490234375 0.016357421875 0.120582580566406
0.0444869995117188 0.0424728393554688 0.0716018676757812 0.121086120605469
0.0354080200195313 0.0388031005859375 0.077911376953125 0.100547790527344
0.0387611389160156 0.043975830078125 0.0618743896484375 0.105194091796875
0.0101051330566406 0.0574951171875 0.0287094116210937 0.104042053222656
-0.0334625244140625 0.0475540161132813 0.0013427734375 0.0682258605957031
-0.0585136413574219 0.00543975830078125 0.000438690185546875 0.046173095703125
-0.0354118347167969 -0.0529136657714844 0.0353851318359375 0.0686607360839844
0.00765228271484375 -0.0708465576171875 0.0392913818359375 0.165115356445313
0.0384368896484375 -0.0470771789550781 -0.076690673828125 0.271743774414063
0.04351806640625 -0.15130615234375 -0.0045166015625 0.0890350341796875
-0.0444717407226562 -0.137779235839844 0.00891494750976563 0.0373954772949219
-0.111831665039063 -0.08099365234375 -0.0190467834472656 -0.0115203857421875
-0.115692138671875 0.022918701171875 -0.0522117614746094 0.0226707458496094
-0.0668487548828125 0.0849380493164063 -0.0443916320800781 0.0549736022949219
0.0116043090820313 0.111618041992187 0.00145721435546875 0.0989532470703125
0.05694580078125 0.0972900390625 0.0509185791015625 0.102798461914063
0.0469741821289062 0.0900421142578125 0.0598678588867188 0.082366943359375
0.0525894165039063 0.101722717285156 0.0446624755859375 0.0825881958007812
0.00688171386718751 0.112602233886719 0.0268325805664063 0.0765304565429688
-0.0682907104492188 0.0925827026367188 0.00864028930664062 0.0401344299316406
-0.112266540527344 0.0231857299804687 0.0179309844970703 0.0327377319335938
-0.0903854370117188 -0.0926513671875 0.0560989379882812 0.0651054382324219
-0.02978515625 -0.142654418945312 0.0498504638671875 0.158294677734375
0.0381240844726562 -0.131752014160156 -0.0550079345703125 0.253875732421875
0.04302978515625 -0.2117919921875 0.00717544555664063 0.0376472473144531
-0.05889892578125 -0.188766479492188 0.0018014907836914 0.0120534896850586
-0.1473388671875 -0.120925903320312 -0.0144844055175781 -0.0133237838745117
-0.165618896484375 0.0174407958984375 -0.0351314544677735 0.0100440979003906
-0.105087280273437 0.105484008789063 -0.0366859436035156 0.0234298706054688
-0.00212097167968751 0.154159545898438 -0.010589599609375 0.0623855590820313
0.06121826171875 0.137107849121094 0.0239524841308594 0.06884765625
0.05255126953125 0.127189636230469 0.0320549011230469 0.0518264770507813
0.0612945556640625 0.143569946289063 0.0192184448242188 0.0488471984863281
0.00640869140624998 0.152740478515625 0.01873779296875 0.0374946594238281
-0.0907821655273438 0.130134582519531 0.0134677886962891 0.00380420684814454
-0.152801513671875 0.045166015625 0.0342216491699219 0.0111675262451172
-0.141006469726562 -0.11407470703125 0.0735549926757812 0.0543670654296875
-0.0706939697265625 -0.192916870117188 0.052703857421875 0.134292602539063
0.0277252197265625 -0.197540283203125 -0.0326385498046875 0.207290649414063
0.0334320068359375 -0.241287231445312 0.0235843658447266 -0.0291328430175781
-0.0708770751953125 -0.2135009765625 -0.00539207458496094 -0.0251102447509766
-0.167892456054688 -0.139007568359375 -0.0121564865112305 -0.0166492462158203
-0.192535400390625 0.0140533447265625 -0.0146970748901367 -0.00362586975097656
-0.126716613769531 0.113929748535156 -0.0223598480224609 -0.0118236541748047
-0.0141754150390625 0.174972534179688 -0.0196208953857422 0.0162830352783203
0.0568695068359375 0.156402587890625 -0.00582504272460937 0.0234394073486328
0.0507659912109375 0.14520263671875 -0.000696182250976559 0.0135688781738281
0.061309814453125 0.164230346679688 -0.0116910934448242 0.0075674057006836
0.00509643554687499 0.1710205078125 0.00488758087158203 -0.00874805450439452
-0.1007080078125 0.149505615234375 0.0130271911621094 -0.0365180969238281
-0.171066284179687 0.061431884765625 0.0452041625976562 -0.0140266418457031
-0.171249389648438 -0.117950439453125 0.0797195434570312 0.0368881225585937
-0.0994110107421875 -0.21258544921875 0.0431365966796875 0.0963363647460938
0.0142669677734375 -0.23101806640625 -0.015777587890625 0.137832641601562
0.0153045654296875 -0.23541259765625 0.0409622192382813 -0.103866577148438
-0.0773162841796875 -0.203094482421875 -0.0121650695800781 -0.0683212280273438
-0.163925170898438 -0.12945556640625 -0.0107898712158203 -0.0228443145751953
-0.186798095703125 0.0132904052734375 0.00601959228515624 -0.0201511383056641
-0.124244689941406 0.104774475097656 -0.00601196289062501 -0.046356201171875
-0.0215911865234375 0.167510986328125 -0.0256519317626953 -0.0335330963134766
0.044525146484375 0.151290893554688 -0.0346279144287109 -0.0260429382324219
0.0404510498046875 0.140670776367188 -0.0336589813232422 -0.0265445709228516
0.050628662109375 0.160614013671875 -0.0419540405273438 -0.0352859497070312
-0.00061035156250001 0.161865234375 -0.013153076171875 -0.0543403625488281
-0.0987930297851563 0.140029907226563 0.0100631713867188 -0.073760986328125
-0.161163330078125 0.0591583251953125 0.05078125 -0.0389595031738281
-0.165298461914062 -0.109146118164063 0.0748367309570312 0.0180816650390625
-0.103179931640625 -0.19891357421875 0.0223388671875 0.052001953125
0.00497436523437501 -0.225845336914063 -0.00412750244140625 0.0572853088378906
-0.00505065917968748 -0.192764282226562 0.0541534423828125 -0.174362182617188
-0.073944091796875 -0.158294677734375 -0.0182952880859375 -0.110336303710938
-0.131820678710938 -0.0938491821289062 -0.0112972259521484 -0.0313739776611328
-0.145233154296875 0.01263427734375 0.0210762023925781 -0.0364494323730469
-0.0969467163085938 0.079254150390625 0.007598876953125 -0.0726699829101563
-0.0225982666015625 0.131912231445313 -0.028289794921875 -0.075408935546875
0.0268707275390625 0.121925354003906 -0.0570144653320313 -0.070404052734375
0.024322509765625 0.115234375 -0.0606575012207031 -0.0632400512695312
0.0301437377929688 0.1328125 -0.0650100708007813 -0.0741043090820312
-0.0114974975585938 0.127731323242188 -0.0266647338867188 -0.0934524536132812
-0.0865020751953125 0.103034973144531 0.00939178466796875 -0.100181579589844
-0.12713623046875 0.0363998413085937 0.0534439086914062 -0.0551223754882813
-0.123275756835938 -0.0907135009765625 0.0623397827148437 0.00521469116210937
-0.078582763671875 -0.156097412109375 0.00150871276855468 0.00961112976074218
0.00111389160156249 -0.183486938476562 0.00543594360351562 -0.0193805694580078
-0.0263748168945312 -0.121543884277344 0.0611572265625 -0.2301025390625
-0.0593643188476563 -0.090240478515625 -0.0220489501953125 -0.144119262695313
-0.0788116455078125 -0.0420608520507812 -0.0151138305664063 -0.0392303466796875
-0.0788803100585938 0.011505126953125 0.0260848999023437 -0.0470848083496094
-0.0533447265625 0.0419807434082031 0.0146636962890625 -0.0846710205078125
-0.0192108154296875 0.0761184692382813 -0.0280685424804687 -0.101829528808594
0.00554656982421875 0.0739898681640625 -0.0704727172851563 -0.101966857910156
0.00478363037109375 0.072265625 -0.07818603515625 -0.0914535522460937
0.004638671875 0.0847549438476563 -0.0763626098632813 -0.103538513183594
-0.0223236083984375 0.0741653442382813 -0.0311965942382813 -0.118888854980469
-0.0641021728515625 0.0490264892578125 0.0142745971679687 -0.111412048339844
-0.0741424560546875 0.00476837158203125 0.0563163757324219 -0.0597610473632812
-0.0598716735839844 -0.0615997314453125 0.0498886108398437 -0.000667572021484379
-0.0385818481445313 -0.0898284912109375 -0.0117454528808594 -0.0227985382080078
-0.00135040283203125 -0.112434387207031 0.0152740478515625 -0.0791244506835938
-0.0432815551757813 -0.0319366455078125 0.0597076416015625 -0.264175415039063
-0.0370025634765625 -0.0121612548828125 -0.02825927734375 -0.166580200195312
-0.0183353424072266 0.0138225555419922 -0.025665283203125 -0.0447845458984375
-0.00632047653198242 0.00868606567382813 0.0185775756835937 -0.0495567321777344
-0.00401830673217773 0.000114202499389648 0.0141830444335937 -0.0806350708007812
-0.0119915008544922 0.0102519989013672 -0.0263671875 -0.109321594238281
-0.0161867141723633 0.014683723449707 -0.0736160278320312 -0.115402221679688
-0.0145645141601563 0.0178165435791016 -0.0835723876953125 -0.104743957519531
-0.0200977325439453 0.0246009826660156 -0.075408935546875 -0.120010375976563
-0.0271816253662109 0.0114459991455078 -0.0281448364257812 -0.130012512207031
-0.0297031402587891 -0.00778007507324219 0.0236968994140625 -0.108062744140625
-0.0115032196044922 -0.0201988220214844 0.0586128234863281 -0.0549278259277344
0.004974365234375 -0.0191326141357422 0.0390357971191406 -0.000774383544921876
-0.00192070007324219 -0.00983810424804688 -0.0147743225097656 -0.0412788391113281
-0.00891876220703125 -0.0253582000732422 0.023590087890625 -0.11309814453125
0.0352325439453125 -0.0722122192382813 -0.00213623046875001 0.124237060546875
-0.0300025939941406 -0.0701370239257813 0.0189781188964844 0.0513229370117187
-0.0687026977539063 -0.0284919738769531 -0.0266132354736328 -0.00970649719238281
-0.0544776916503906 0.0291748046875 -0.0643768310546875 0.0392379760742188
-0.0199050903320312 0.0553703308105469 -0.0428237915039063 0.0860748291015625
0.0264739990234375 0.0536842346191406 0.0216293334960938 0.124885559082031
0.0485038757324219 0.04107666015625 0.07989501953125 0.122871398925781
0.0380744934082031 0.0372734069824219 0.08526611328125 0.101341247558594
0.0419692993164063 0.0424995422363281 0.0693740844726563 0.107620239257813
0.0134201049804688 0.0580635070800781 0.03411865234375 0.106620788574219
-0.0312042236328125 0.0507850646972656 0.0035858154296875 0.070831298828125
-0.0598526000976563 0.00857543945312501 0.00225067138671875 0.0485954284667969
-0.0394401550292969 -0.0531082153320312 0.0389518737792969 0.0697250366210938
0.00299835205078126 -0.0728530883789063 0.0474700927734375 0.171356201171875
0.0367202758789063 -0.049652099609375 -0.068328857421875 0.285919189453125
0.0391082763671875 -0.157974243164063 -0.000877380371093747 0.0968856811523437
-0.0511932373046875 -0.138923645019531 0.0114517211914063 0.0417900085449219
-0.118934631347656 -0.0793304443359375 -0.0195407867431641 -0.0114078521728516
-0.118247985839844 0.0287628173828125 -0.0530471801757813 0.0257682800292969
-0.065643310546875 0.0902328491210938 -0.0445404052734375 0.0589103698730469
0.0183029174804687 0.114578247070312 0.00585937499999999 0.103233337402344
0.0643844604492188 0.0977096557617188 0.0579071044921875 0.105026245117187
0.0531845092773438 0.0900802612304688 0.06585693359375 0.083221435546875
0.0599288940429688 0.102363586425781 0.0506362915039063 0.085479736328125
0.0128097534179688 0.11590576171875 0.031158447265625 0.0784225463867188
-0.0653305053710938 0.100090026855469 0.00968551635742187 0.0417976379394531
-0.115653991699219 0.029327392578125 0.0201206207275391 0.0337486267089844
-0.0989532470703125 -0.0924911499023438 0.0606765747070312 0.0656547546386719
-0.0385284423828125 -0.146560668945312 0.057952880859375 0.163482666015625
0.0334091186523438 -0.139198303222656 -0.0470733642578125 0.266250610351563
0.037933349609375 -0.222198486328125 0.00899887084960938 0.0432777404785156
-0.067840576171875 -0.192001342773438 0.00266170501708984 0.0158672332763672
-0.157562255859375 -0.120376586914063 -0.0152482986450195 -0.0129079818725586
-0.170440673828125 0.024871826171875 -0.0366172790527344 0.0124549865722656
-0.104248046875 0.113838195800781 -0.0379981994628906 0.0261192321777344
0.0057525634765625 0.159988403320313 -0.00861358642578125 0.0668144226074219
0.070892333984375 0.139968872070313 0.028778076171875 0.0711822509765625
0.0611495971679687 0.1292724609375 0.0363731384277344 0.0523262023925781
0.071197509765625 0.145782470703125 0.0228347778320313 0.0514564514160156
0.0143890380859375 0.157394409179688 0.0211563110351563 0.0382919311523438
-0.0873870849609375 0.140068054199219 0.0131311416625977 0.00430965423583985
-0.156356811523438 0.053985595703125 0.0361137390136719 0.0110893249511719
-0.152801513671875 -0.113250732421875 0.0777359008789062 0.0531845092773438
-0.082855224609375 -0.197341918945313 0.0596694946289062 0.139213562011719
0.021270751953125 -0.2073974609375 -0.02667236328125 0.216552734375
0.026580810546875 -0.252288818359375 0.0232219696044922 -0.0272941589355469
-0.0814666748046875 -0.218002319335938 -0.00640678405761719 -0.0225811004638672
-0.180465698242188 -0.138839721679687 -0.0128669738769531 -0.0166425704956055
-0.19940185546875 0.0229034423828125 -0.0154714584350586 -0.00258445739746094
-0.126823425292969 0.123428344726563 -0.0249042510986328 -0.0108203887939453
-0.00582885742187499 0.181732177734375 -0.0192089080810547 0.0195446014404297
0.0675811767578125 0.160232543945313 -0.0040740966796875 0.0254077911376953
0.0594940185546875 0.148178100585938 0.00113582611083985 0.0137491226196289
0.0730133056640625 0.168426513671875 -0.0109376907348633 0.01025390625
0.0142669677734375 0.176559448242188 0.0045156478881836 -0.00893497467041014
-0.096893310546875 0.160736083984375 0.0108871459960937 -0.0378684997558594
-0.17510986328125 0.0717620849609375 0.0468406677246094 -0.0161209106445312
-0.183853149414063 -0.1165771484375 0.083465576171875 0.03472900390625
-0.113052368164062 -0.217254638671875 0.047271728515625 0.0993576049804688
0.00689697265625 -0.243011474609375 -0.0121002197265625 0.143646240234375
0.00959777832031248 -0.246383666992188 0.0377044677734375 -0.106277465820313
-0.087493896484375 -0.207962036132813 -0.0160293579101562 -0.0678443908691406
-0.176467895507813 -0.129837036132812 -0.0127773284912109 -0.0225791931152344
-0.193450927734375 0.022369384765625 0.00518608093261717 -0.0200939178466797
-0.124664306640625 0.115272521972656 -0.0089569091796875 -0.0475082397460937
-0.013458251953125 0.174819946289063 -0.0273017883300781 -0.032135009765625
0.0544586181640625 0.155624389648438 -0.0356292724609375 -0.02471923828125
0.0493927001953125 0.144943237304688 -0.0345478057861328 -0.0267620086669922
0.061737060546875 0.165054321289063 -0.0441131591796875 -0.0328102111816406
0.00706481933593751 0.168487548828125 -0.0157356262207031 -0.0555305480957031
-0.0955810546875 0.151412963867188 0.00568389892578124 -0.0761489868164062
-0.165435791015625 0.0686798095703125 0.0514183044433594 -0.0418128967285156
-0.177627563476562 -0.107772827148438 0.0777587890625 0.0160140991210937
-0.114883422851562 -0.203811645507812 0.0240859985351562 0.0535316467285156
-0.00199890136718752 -0.237411499023438 -0.00314331054687499 0.0588951110839844
-0.01116943359375 -0.201797485351563 0.0486602783203125 -0.180953979492188
-0.0827789306640625 -0.16302490234375 -0.0235366821289063 -0.112464904785156
-0.141448974609375 -0.0948486328125 -0.0132064819335938 -0.0313720703125
-0.151016235351563 0.0199432373046875 0.0198020935058594 -0.0376853942871094
-0.0981826782226563 0.0875320434570312 0.00410461425781249 -0.075439453125
-0.0161361694335938 0.138900756835938 -0.0318374633789063 -0.0765228271484375
0.0344772338867188 0.126541137695313 -0.0614852905273438 -0.07000732421875
0.0315093994140625 0.119361877441406 -0.0645065307617188 -0.0636672973632812
0.0397872924804687 0.138069152832031 -0.0699920654296875 -0.072479248046875
-0.00511169433593751 0.134162902832031 -0.0313796997070313 -0.0957717895507812
-0.0849990844726563 0.112838745117188 0.00449371337890625 -0.103691101074219
-0.131233215332031 0.043853759765625 0.0529327392578125 -0.0587158203125
-0.132843017578125 -0.0904769897460938 0.064544677734375 0.00279998779296874
-0.0877685546875 -0.160263061523437 0.00040817260742187 0.0102081298828125
-0.00422668457031248 -0.193756103515625 0.00361824035644531 -0.0217056274414063
-0.0301895141601562 -0.126472473144531 0.053863525390625 -0.241165161132813
-0.064697265625 -0.0931167602539063 -0.02960205078125 -0.148895263671875
-0.083984375 -0.0426483154296875 -0.0181732177734375 -0.0396957397460937
-0.082763671875 0.0152740478515625 0.0245399475097656 -0.0490837097167969
-0.0545272827148438 0.0463981628417969 0.0111465454101563 -0.08795166015625
-0.0153732299804687 0.0810470581054688 -0.0329818725585937 -0.1044921875
0.00995635986328125 0.0771484375 -0.0774307250976563 -0.103164672851563
0.00899505615234374 0.0756378173828125 -0.084320068359375 -0.0918426513671875
0.0101089477539062 0.0896148681640625 -0.0836029052734375 -0.103874206542969
-0.0191802978515625 0.0796585083007812 -0.0375137329101563 -0.122047424316406
-0.0640411376953125 0.0552902221679688 0.0096588134765625 -0.115371704101563
-0.0778121948242188 0.00882720947265624 0.0556869506835937 -0.0639724731445313
-0.0653648376464844 -0.0629005432128906 0.051727294921875 -0.003082275390625
-0.0435333251953125 -0.0929412841796875 -0.0144290924072266 -0.0234813690185547
-0.00452423095703126 -0.119705200195313 0.0117416381835938 -0.0849227905273438
-0.0440444946289063 -0.0319175720214844 0.050994873046875 -0.27642822265625
-0.0384292602539063 -0.0134162902832031 -0.0365447998046875 -0.17291259765625
-0.0184974670410156 0.0124130249023438 -0.028961181640625 -0.0450401306152344
-0.00649547576904297 0.00950050354003906 0.0169486999511719 -0.0513343811035156
-0.00521326065063477 0.000854969024658202 0.0121536254882813 -0.0837020874023437
-0.0119943618774414 0.0125188827514648 -0.032196044921875 -0.11285400390625
-0.0153408050537109 0.0163431167602539 -0.081756591796875 -0.117324829101563
-0.0139656066894531 0.0199756622314453 -0.0906906127929687 -0.10589599609375
-0.01873779296875 0.0279197692871094 -0.0834884643554687 -0.121543884277344
-0.0272674560546875 0.0146522521972656 -0.0344772338867187 -0.133262634277344
-0.031707763671875 -0.00510406494140626 0.0195693969726562 -0.112373352050781
-0.0143489837646484 -0.0204677581787109 0.0579757690429688 -0.0587997436523438
0.00333786010742188 -0.0205211639404297 0.04058837890625 -0.00229263305664063
-0.00191020965576172 -0.0116586685180664 -0.0186538696289063 -0.0434341430664063
-0.00879669189453125 -0.0285778045654297 0.0183334350585938 -0.121406555175781
0.0319747924804687 -0.0743942260742187 0.0038909912109375 0.129989624023438
-0.0328598022460937 -0.0673370361328125 0.0230865478515625 0.0543632507324219
-0.0701217651367187 -0.0250167846679688 -0.0268306732177734 -0.00908279418945313
-0.0527458190917969 0.0313301086425781 -0.0633125305175781 0.0425910949707031
-0.0175971984863281 0.0564804077148438 -0.039581298828125 0.0898056030273437
0.0302276611328125 0.0516777038574219 0.0278778076171875 0.125938415527344
0.0516929626464844 0.038055419921875 0.0880508422851563 0.121627807617187
0.0404319763183594 0.0350112915039063 0.0917205810546875 0.0990066528320313
0.0444221496582031 0.0395927429199219 0.0760955810546875 0.106620788574219
0.017425537109375 0.0569686889648438 0.0391693115234375 0.106788635253906
-0.0280799865722656 0.0533027648925781 0.00670623779296876 0.0722808837890625
-0.0598297119140625 0.0118865966796875 0.00481414794921874 0.0496559143066406
-0.0430221557617187 -0.0518074035644531 0.0423316955566406 0.0692863464355469
-0.002044677734375 -0.0730514526367188 0.0566253662109375 0.173507690429688
0.0335502624511719 -0.0511245727539063 -0.056549072265625 0.2945556640625
0.0326385498046875 -0.162628173828125 0.00350952148437501 0.102676391601562
-0.0577239990234375 -0.13671875 0.0149345397949219 0.0451126098632812
-0.12384033203125 -0.07501220703125 -0.0201492309570313 -0.0107002258300781
-0.117599487304688 0.0344619750976562 -0.0530319213867188 0.0290908813476563
-0.0617523193359375 0.0945968627929688 -0.0435371398925781 0.0625801086425781
0.0246810913085938 0.114013671875 0.0112838745117188 0.105888366699219
0.0712814331054688 0.09515380859375 0.0651931762695313 0.104644775390625
0.0586624145507813 0.0880355834960937 0.07159423828125 0.0812759399414062
0.06689453125 0.0999526977539062 0.0568466186523437 0.0851211547851562
0.0200119018554688 0.11578369140625 0.034912109375 0.0781402587890625
-0.059814453125 0.105300903320313 0.0112800598144531 0.0430870056152344
-0.115715026855469 0.0361709594726562 0.022125244140625 0.0333824157714844
-0.105941772460938 -0.0893783569335937 0.0640411376953125 0.0635452270507813
-0.047393798828125 -0.146514892578125 0.06634521484375 0.1650390625
0.0272979736328125 -0.14349365234375 -0.0359039306640625 0.273483276367188
0.0286102294921875 -0.228195190429688 0.0106124877929687 0.0478172302246094
-0.07659912109375 -0.190216064453125 0.00442695617675781 0.0197696685791016
-0.166213989257813 -0.115585327148437 -0.0159454345703125 -0.0124444961547852
-0.171463012695312 0.033477783203125 -0.0364875793457031 0.0145797729492188
-0.100845336914063 0.120811462402344 -0.0384407043457031 0.0292015075683594
0.0151214599609375 0.16094970703125 -0.00488281250000001 0.0697669982910156
0.0804824829101562 0.137832641601563 0.0331649780273438 0.0717926025390625
0.0683670043945313 0.127685546875 0.0399818420410156 0.0509223937988281
0.0815582275390625 0.144271850585938 0.027099609375 0.0524253845214844
0.02337646484375 0.158416748046875 0.0229263305664062 0.0377311706542969
-0.0807037353515625 0.147720336914062 0.0125045776367187 0.0047893524169922
-0.156280517578125 0.0632476806640625 0.03765869140625 0.010101318359375
-0.162017822265625 -0.108612060546875 0.0806350708007812 0.050323486328125
-0.0945892333984375 -0.196578979492187 0.0660781860351563 0.1396484375
0.0120849609375 -0.213836669921875 -0.017547607421875 0.221572875976563
0.01715087890625 -0.259063720703125 0.0220069885253906 -0.0246009826660156
-0.0918731689453125 -0.217056274414063 -0.00731277465820313 -0.0192184448242188
-0.19049072265625 -0.134078979492188 -0.0139894485473633 -0.0152912139892578
-0.20086669921875 0.0334625244140625 -0.0162696838378906 -0.00109100341796875
-0.122978210449219 0.132583618164063 -0.0267829895019531 -0.00901031494140624
0.004791259765625 0.184600830078125 -0.0178680419921875 0.0216960906982422
0.077880859375 0.159393310546875 -0.00165176391601562 0.0269451141357422
0.0684356689453125 0.1475830078125 0.00254154205322266 0.0134744644165039
0.084747314453125 0.166976928710938 -0.00897216796874999 0.0119848251342774
0.024078369140625 0.1790771484375 0.00398921966552734 -0.0090341567993164
-0.0892791748046875 0.1693115234375 0.00823593139648437 -0.037811279296875
-0.174484252929688 0.0820465087890625 0.0472145080566406 -0.0183181762695312
-0.194168090820313 -0.11102294921875 0.0853805541992187 0.0314483642578125
-0.126190185546875 -0.216171264648438 0.0519256591796875 0.099517822265625
-0.00286865234374998 -0.249053955078125 -0.00672912597656249 0.145965576171875
0.000747680664062499 -0.252304077148438 0.032989501953125 -0.106239318847656
-0.0980682373046875 -0.208084106445313 -0.0194587707519531 -0.0654983520507813
-0.186477661132813 -0.125839233398438 -0.0139141082763672 -0.0216922760009766
-0.19573974609375 0.0325469970703125 0.00390052795410155 -0.0198898315429687
-0.121635437011719 0.123611450195313 -0.0121841430664063 -0.04693603515625
-0.00343322753906252 0.178817749023438 -0.0286159515380859 -0.0300502777099609
0.0642547607421875 0.15582275390625 -0.0367584228515625 -0.0223808288574219
0.0575408935546875 0.145065307617188 -0.03582763671875 -0.0260505676269531
0.0735626220703125 0.165298461914063 -0.0457115173339844 -0.029754638671875
0.01678466796875 0.171112060546875 -0.0185585021972656 -0.0556869506835937
-0.0886383056640625 0.160568237304687 0.001861572265625 -0.0767593383789062
-0.16552734375 0.0784149169921875 0.0503120422363281 -0.0447959899902344
-0.187362670898438 -0.10296630859375 0.0786285400390625 0.012939453125
-0.127487182617188 -0.20294189453125 0.02587890625 0.0542945861816406
-0.0115966796875 -0.2442626953125 -0.001800537109375 0.0596961975097656
-0.018035888671875 -0.207122802734375 0.0410003662109375 -0.183639526367188
-0.090728759765625 -0.163726806640625 -0.02960205078125 -0.111442565917969
-0.150070190429687 -0.0920562744140625 -0.0156650543212891 -0.0304183959960938
-0.153274536132813 0.0281524658203125 0.0182762145996094 -0.0381507873535156
-0.0959243774414063 0.0945053100585937 8.39233398437497E-05 -0.0760345458984375
-0.0083160400390625 0.142547607421875 -0.035186767578125 -0.0752410888671875
0.0425033569335937 0.127403259277344 -0.0652542114257813 -0.0677375793457031
0.0383529663085938 0.120262145996094 -0.0680503845214844 -0.0626792907714843
0.04931640625 0.138877868652344 -0.0738677978515625 -0.0693511962890625
0.0023651123046875 0.137313842773438 -0.036407470703125 -0.0954971313476563
-0.0802078247070313 0.120529174804688 -0.00115966796875001 -0.104324340820312
-0.132026672363281 0.0513229370117188 0.0516166687011719 -0.062164306640625
-0.141067504882812 -0.086822509765625 0.065338134765625 -0.000335693359375005
-0.0971221923828125 -0.1600341796875 -0.000561714172363288 0.0101537704467773
-0.0113525390625 -0.199813842773438 0.00166702270507812 -0.0230865478515625
-0.0339279174804687 -0.129127502441406 0.0433807373046875 -0.246414184570313
-0.06988525390625 -0.0942306518554688 -0.037994384765625 -0.149627685546875
-0.08880615234375 -0.0426483154296875 -0.0210075378417969 -0.0388946533203125
-0.0841751098632813 0.0201568603515625 0.0222663879394531 -0.0503158569335938
-0.0538406372070312 0.050506591796875 0.00713348388671875 -0.089874267578125
-0.01080322265625 0.0837936401367188 -0.0382919311523438 -0.10455322265625
0.0145721435546875 0.0790786743164063 -0.0832748413085937 -0.10107421875
0.0135879516601562 0.0774993896484375 -0.0894317626953125 -0.0898284912109375
0.0166778564453125 0.0918045043945312 -0.09014892578125 -0.10064697265625
-0.014801025390625 0.0830459594726563 -0.0437469482421875 -0.12213134765625
-0.0623741149902344 0.0610618591308594 0.00345611572265626 -0.116737365722656
-0.07940673828125 0.0131683349609375 0.0540962219238281 -0.0672531127929688
-0.07080078125 -0.0615463256835938 0.0519180297851562 -0.00536727905273438
-0.048828125 -0.0940170288085938 -0.0174522399902344 -0.0238552093505859
-0.00856781005859374 -0.125236511230469 0.00654602050781251 -0.0877151489257813
-0.0443954467773438 -0.0319671630859375 0.038909912109375 -0.284515380859375
-0.0390968322753906 -0.0133743286132812 -0.0465240478515625 -0.174575805664062
-0.0182819366455078 0.0115013122558594 -0.0321464538574219 -0.0442886352539062
-0.0075225830078125 0.0100774765014648 0.0145187377929688 -0.052764892578125
-0.0056605339050293 0.00161838531494141 0.00853729248046874 -0.0857086181640625
-0.0113763809204102 0.013972282409668 -0.0373764038085938 -0.113922119140625
-0.0151996612548828 0.0187778472900391 -0.0895614624023438 -0.116546630859375
-0.0127220153808594 0.0221652984619141 -0.0975418090820312 -0.103935241699219
-0.0162582397460937 0.0304431915283203 -0.0913772583007812 -0.118721008300781
-0.0265865325927734 0.0173320770263672 -0.041839599609375 -0.133056640625
-0.0330619812011719 -0.00241279602050782 0.0142135620117187 -0.114410400390625
-0.0167751312255859 -0.0192756652832031 0.0562629699707031 -0.0625267028808594
0.00162506103515625 -0.0220069885253906 0.0408172607421875 -0.00511932373046875
-0.00269603729248047 -0.0137119293212891 -0.0226249694824219 -0.044586181640625
-0.00907325744628906 -0.0314426422119141 0.0117950439453125 -0.125846862792969
0.0295562744140625 -0.0746002197265625 0.00933074951171877 0.133270263671875
-0.0335807800292969 -0.0638885498046875 0.0263595581054688 0.0561866760253906
-0.06964111328125 -0.0222358703613281 -0.0267925262451172 -0.00820159912109376
-0.0513534545898438 0.032196044921875 -0.06170654296875 0.0451622009277344
-0.0152854919433594 0.0561561584472656 -0.037200927734375 0.0907974243164062
0.0319023132324219 0.0493888854980469 0.0322647094726563 0.125617980957031
0.0531463623046875 0.0347709655761719 0.0928192138671875 0.118606567382813
0.0411720275878906 0.0327796936035156 0.09454345703125 0.0965805053710938
0.0456695556640625 0.0366020202636719 0.0798568725585938 0.105026245117188
0.0197525024414063 0.0548782348632812 0.0425033569335938 0.105583190917969
-0.0250015258789063 0.0538291931152344 0.00861358642578125 0.0721359252929688
-0.0588188171386719 0.0142250061035156 0.00669097900390625 0.0493545532226563
-0.0450859069824219 -0.0497856140136719 0.0446929931640625 0.0681495666503906
-0.0056915283203125 -0.071624755859375 0.062774658203125 0.172210693359375
0.0313644409179688 -0.0520172119140625 -0.04669189453125 0.296234130859375
0.02783203125 -0.163406372070313 0.0074462890625 0.106666564941406
-0.0602035522460938 -0.132438659667969 0.0177803039550781 0.0479164123535156
-0.125946044921875 -0.0704421997070312 -0.0200138092041016 -0.00994300842285156
-0.115806579589844 0.037506103515625 -0.0522346496582031 0.0315322875976563
-0.0587997436523437 0.0961380004882813 -0.0419540405273438 0.0646171569824219
0.02947998046875 0.11236572265625 0.015289306640625 0.105987548828125
0.0750656127929688 0.0915679931640625 0.0693511962890625 0.103256225585938
0.0613937377929688 0.0852737426757813 0.0741348266601562 0.078948974609375
0.0711669921875 0.0963287353515625 0.0602569580078125 0.0845184326171875
0.024322509765625 0.113510131835938 0.0374908447265625 0.0767059326171875
-0.05499267578125 0.107719421386719 0.012420654296875 0.0427207946777344
-0.114700317382812 0.0399932861328125 0.0232009887695312 0.0328407287597656
-0.110458374023438 -0.0863571166992187 0.0656661987304688 0.0621376037597656
-0.053863525390625 -0.144378662109375 0.0716705322265625 0.164031982421875
0.0227508544921875 -0.14483642578125 -0.0278472900390625 0.274185180664062
0.0226898193359375 -0.229629516601563 0.0129776000976563 0.0519371032714844
-0.081390380859375 -0.186126708984375 0.00632095336914062 0.0229721069335937
-0.169662475585937 -0.110702514648438 -0.0161008834838867 -0.0113325119018555
-0.168914794921875 0.038848876953125 -0.0360565185546875 0.0167503356933594
-0.096527099609375 0.12353515625 -0.0380058288574219 0.0308647155761719
0.0215301513671875 0.159622192382813 -0.00182342529296876 0.0710525512695313
0.0858993530273437 0.134132385253906 0.0372314453125 0.0714874267578125
0.0727157592773438 0.124664306640625 0.0419540405273438 0.049774169921875
0.0884552001953125 0.140266418457031 0.0298538208007813 0.0524444580078125
0.030242919921875 0.157089233398438 0.0238990783691406 0.0371360778808594
-0.073577880859375 0.151260375976563 0.012420654296875 0.00521850585937501
-0.154586791992187 0.06884765625 0.0376434326171875 0.00902175903320313
-0.167510986328125 -0.104278564453125 0.0814590454101562 0.0481338500976562
-0.102279663085938 -0.193222045898438 0.0698928833007812 0.138984680175781
0.006072998046875 -0.21563720703125 -0.0115509033203125 0.221939086914063
0.0115203857421875 -0.260955810546875 0.0214862823486328 -0.0216770172119141
-0.0964202880859375 -0.213607788085938 -0.00708198547363282 -0.0158910751342774
-0.195755004882812 -0.129974365234375 -0.0148391723632813 -0.0146636962890625
-0.1995849609375 0.0395660400390625 -0.0166492462158203 0.000267028808593754
-0.118255615234375 0.135986328125 -0.0278453826904297 -0.00728607177734374
0.012420654296875 0.18377685546875 -0.0165863037109375 0.0240879058837891
0.0849456787109375 0.156158447265625 0.000520706176757819 0.0276451110839844
0.0735015869140625 0.145401000976563 0.003387451171875 0.0128231048583984
0.092620849609375 0.16339111328125 -0.00781917572021484 0.0137872695922852
0.0308990478515625 0.17718505859375 0.0029439926147461 -0.00929641723632812
-0.0817718505859375 0.173248291015625 0.00649261474609374 -0.0367546081542969
-0.172195434570313 0.0877227783203125 0.0461692810058594 -0.0196456909179687
-0.19970703125 -0.105880737304688 0.085418701171875 0.0286102294921875
-0.133926391601562 -0.212417602539063 0.0540695190429687 0.0994338989257812
-0.0100860595703125 -0.251220703125 -0.00299072265625 0.145919799804687
-0.00471496582031248 -0.254638671875 0.0295944213867187 -0.1041259765625
-0.1031494140625 -0.205276489257812 -0.021209716796875 -0.0624351501464844
-0.192779541015625 -0.122817993164063 -0.0150928497314453 -0.0205116271972656
-0.195144653320312 0.0388031005859375 0.00336837768554686 -0.0189056396484375
-0.117904663085938 0.127769470214844 -0.0145378112792969 -0.0460357666015625
0.00369262695312501 0.178207397460938 -0.0285358428955078 -0.0277366638183594
0.0710906982421875 0.153915405273438 -0.0363578796386719 -0.0210647583007812
0.0632781982421875 0.143630981445312 -0.0359649658203125 -0.0256195068359375
0.0817413330078125 0.1619873046875 -0.0451507568359375 -0.0275611877441406
0.0237274169921875 0.170608520507813 -0.0209732055664062 -0.0549659729003906
-0.0821685791015625 0.164321899414062 -0.00170135498046876 -0.07525634765625
-0.16363525390625 0.0840606689453125 0.0493888854980469 -0.0464057922363281
-0.192153930664062 -0.0974578857421875 0.0779190063476562 0.0108642578125
-0.134231567382813 -0.199569702148437 0.0265693664550781 0.0545768737792969
-0.0179443359375 -0.247100830078125 -0.00111007690429688 0.0588226318359375
-0.0225677490234375 -0.2088623046875 0.035430908203125 -0.182830810546875
-0.0950775146484375 -0.16259765625 -0.0333480834960938 -0.1092529296875
-0.154647827148437 -0.090087890625 -0.0167312622070313 -0.029632568359375
-0.153350830078125 0.0330810546875 0.0167770385742187 -0.0377388000488281
-0.09405517578125 0.0982284545898438 -0.00298309326171876 -0.07562255859375
-0.00274658203125 0.1429443359375 -0.0368423461914063 -0.0733413696289062
0.047760009765625 0.126640319824219 -0.0669746398925781 -0.0655670166015625
0.0436325073242188 0.119972229003906 -0.0694541931152344 -0.0607719421386719
0.0566787719726563 0.137359619140625 -0.0757980346679688 -0.0658950805664062
0.00798034667968749 0.137733459472656 -0.0402297973632813 -0.0931396484375
-0.0756759643554688 0.125083923339844 -0.00487518310546876 -0.103080749511719
-0.131179809570312 0.056365966796875 0.049530029296875 -0.0633811950683594
-0.145431518554688 -0.0840911865234375 0.0649833679199219 -0.00228118896484376
-0.102325439453125 -0.1583251953125 -0.00140666961669922 0.0111074447631836
-0.0164337158203125 -0.20245361328125 -0.000223159790039061 -0.023916244506836
-0.0362548828125 -0.131095886230469 0.035675048828125 -0.246826171875
-0.0721435546875 -0.0936965942382813 -0.0437774658203125 -0.148239135742188
-0.0915603637695313 -0.0425338745117187 -0.0225334167480469 -0.0377044677734375
-0.0849685668945313 0.0227203369140625 0.0208511352539062 -0.0503654479980469
-0.0532760620117187 0.0529899597167969 0.00430297851562499 -0.0897445678710937
-0.00732421875 0.0850143432617188 -0.04156494140625 -0.102653503417969
0.0177841186523438 0.0794219970703125 -0.0870513916015625 -0.09832763671875
0.0166854858398438 0.0779571533203125 -0.091827392578125 -0.0878677368164063
0.021942138671875 0.0918960571289062 -0.093017578125 -0.0972442626953125
-0.0111083984375 0.08416748046875 -0.0482864379882812 -0.120162963867188
-0.0603981018066406 0.0647544860839844 -0.000656127929687508 -0.116134643554687
-0.079986572265625 0.0160369873046875 0.0516204833984375 -0.0690155029296875
-0.0735855102539062 -0.0605926513671875 0.0513381958007813 -0.00738906860351563
-0.0521087646484375 -0.0937576293945313 -0.0199527740478516 -0.0234928131103516
-0.0116653442382813 -0.127555847167969 0.0027923583984375 -0.0895156860351563
-0.04296875 -0.0324821472167969 0.029541015625 -0.285064697265625
-0.0389900207519531 -0.0142059326171875 -0.0530548095703125 -0.173736572265625
-0.0182895660400391 0.00949859619140625 -0.0337715148925781 -0.0432052612304687
-0.00794792175292969 0.0101394653320312 0.0131340026855469 -0.0525856018066406
-0.00676393508911133 0.00224208831787109 0.00601959228515625 -0.0858078002929688
-0.0109415054321289 0.0153770446777344 -0.0410537719726563 -0.11285400390625
-0.0142116546630859 0.0203838348388672 -0.0937652587890625 -0.113372802734375
-0.0115089416503906 0.0234947204589844 -0.10015869140625 -0.101272583007813
-0.0143489837646484 0.0324211120605469 -0.0955047607421875 -0.115058898925781
-0.0253505706787109 0.0194931030273437 -0.0457611083984375 -0.131607055664063
-0.0332736968994141 0.000375747680664068 0.00961303710937501 -0.114242553710938
-0.0181026458740234 -0.018280029296875 0.0536880493164063 -0.0640411376953125
0.000232696533203123 -0.022918701171875 0.0404052734375 -0.0064697265625
-0.00330734252929688 -0.0150442123413086 -0.0262374877929687 -0.0443115234375
-0.00965118408203125 -0.0337123870849609 0.00621032714843749 -0.127853393554688
0.0287322998046875 -0.0748672485351562 0.0119476318359375 0.136383056640625
-0.0332107543945312 -0.06182861328125 0.0298042297363281 0.0583877563476563
-0.0687026977539062 -0.02130126953125 -0.0269565582275391 -0.00827217102050782
-0.0503578186035156 0.032684326171875 -0.0616264343261719 0.0461158752441406
-0.0147209167480469 0.0561447143554688 -0.0363845825195313 0.0922164916992188
0.0332565307617188 0.0482559204101563 0.0343246459960938 0.125747680664063
0.0542373657226563 0.0329246520996094 0.0952835083007813 0.118476867675781
0.0411911010742188 0.0308418273925781 0.0960540771484375 0.0969619750976562
0.0462799072265625 0.0351524353027344 0.0815505981445313 0.104637145996094
0.0208663940429687 0.0534629821777344 0.0437698364257813 0.105133056640625
-0.0228195190429688 0.0536079406738281 0.00933074951171874 0.0721359252929688
-0.0585441589355469 0.01513671875 0.00753402709960937 0.049468994140625
-0.0465011596679688 -0.0487518310546875 0.0455245971679688 0.0685462951660156
-0.0078125 -0.0707778930664063 0.06549072265625 0.173355102539063
0.0303459167480469 -0.0515365600585938 -0.044281005859375 0.298004150390625
0.026763916015625 -0.164566040039063 0.00963592529296876 0.110496520996094
-0.0603179931640625 -0.130577087402344 0.0203857421875 0.0506668090820312
-0.126457214355469 -0.069732666015625 -0.0202388763427734 -0.00969696044921875
-0.114982604980469 0.038421630859375 -0.0514144897460938 0.0321769714355469
-0.0577926635742188 0.096435546875 -0.0421104431152344 0.065948486328125
0.0317611694335938 0.110641479492188 0.0168838500976563 0.107009887695313
0.077667236328125 0.0894088745117188 0.0720138549804688 0.103141784667969
0.0623779296875 0.0842742919921875 0.0753555297851563 0.0792160034179688
0.073089599609375 0.0944900512695313 0.0618362426757813 0.0850067138671875
0.0266189575195312 0.112953186035156 0.0378341674804688 0.0771636962890625
-0.0524826049804687 0.108528137207031 0.0125923156738281 0.043304443359375
-0.114608764648438 0.0421524047851563 0.0232887268066406 0.0329780578613281
-0.113067626953125 -0.085205078125 0.0659370422363281 0.0621490478515625
-0.0568389892578125 -0.143264770507812 0.073577880859375 0.16497802734375
0.0208740234375 -0.1455078125 -0.026458740234375 0.275787353515625
0.0218353271484375 -0.231719970703125 0.0139961242675781 0.0559730529785156
-0.080841064453125 -0.184967041015625 0.0081329345703125 0.02593994140625
-0.17205810546875 -0.109909057617188 -0.0160188674926758 -0.0109758377075195
-0.168869018554688 0.040191650390625 -0.0359611511230469 0.017730712890625
-0.0953292846679688 0.124252319335938 -0.03875732421875 0.0322380065917969
0.0250396728515625 0.15887451171875 -7.62939453124321E-06 0.0723800659179688
0.0893478393554688 0.132568359375 0.0391921997070313 0.0715408325195313
0.0747451782226562 0.124526977539063 0.0425567626953125 0.0497589111328125
0.0918960571289063 0.138511657714844 0.0310173034667969 0.0536155700683594
0.0328826904296875 0.156356811523438 0.0242118835449219 0.0375289916992188
-0.0704193115234375 0.153060913085938 0.0120086669921875 0.00589656829833985
-0.154678344726563 0.0704345703125 0.0377540588378906 0.00868606567382813
-0.170608520507813 -0.103225708007812 0.0810470581054687 0.0477294921875
-0.10589599609375 -0.192718505859375 0.0714797973632813 0.139793395996094
0.00477600097656251 -0.217880249023437 -0.0108489990234375 0.222869873046875
0.01055908203125 -0.263900756835938 0.0220069885253906 -0.017965316772461
-0.0971527099609375 -0.213226318359375 -0.0061492919921875 -0.0129919052124024
-0.198974609375 -0.1292724609375 -0.0143051147460938 -0.0138444900512695
-0.199737548828125 0.0416412353515625 -0.0166549682617188 0.00127983093261719
-0.117713928222656 0.137855529785156 -0.02886962890625 -0.0062427520751953
0.0150604248046875 0.18359375 -0.0148353576660156 0.0255451202392578
0.0883331298828125 0.155319213867188 0.00197029113769532 0.0283527374267578
0.0761871337890625 0.145034790039062 0.00366210937500001 0.0126743316650391
0.0968017578125 0.1619873046875 -0.00636672973632812 0.0148248672485352
0.034576416015625 0.177490234375 0.00268936157226563 -0.00887203216552733
-0.078521728515625 0.1754150390625 0.00604248046875 -0.0360031127929687
-0.172531127929687 0.0904083251953125 0.0457916259765625 -0.0197982788085937
-0.202789306640625 -0.104965209960937 0.0848922729492188 0.02886962890625
-0.136978149414063 -0.212020874023438 0.0545501708984375 0.100181579589844
-0.010894775390625 -0.2547607421875 -0.00267028808593751 0.145782470703125
-0.00518798828124999 -0.257919311523438 0.0294113159179688 -0.10174560546875
-0.103836059570312 -0.206695556640625 -0.0214576721191406 -0.0603523254394531
-0.196197509765625 -0.122634887695312 -0.0151557922363281 -0.0201778411865234
-0.195968627929688 0.040985107421875 0.00330734252929686 -0.0182838439941406
-0.118110656738281 0.13006591796875 -0.0162544250488281 -0.0449600219726562
0.00720214843750002 0.178451538085937 -0.0279560089111328 -0.025909423828125
0.07501220703125 0.153305053710938 -0.0355415344238281 -0.0196990966796875
0.065216064453125 0.144454956054688 -0.0362396240234375 -0.0259361267089844
0.0862884521484375 0.161483764648438 -0.0443000793457031 -0.0258407592773437
0.0274658203125 0.171112060546875 -0.0219993591308594 -0.0541000366210937
-0.078948974609375 0.166763305664063 -0.00287628173828125 -0.0741119384765625
-0.164459228515625 0.0867156982421875 0.0482368469238281 -0.0468635559082031
-0.195892333984375 -0.0974884033203125 0.0777816772460937 0.0100021362304687
-0.137481689453125 -0.199432373046875 0.0259132385253906 0.0548324584960937
-0.018829345703125 -0.250442504882812 -0.00159454345703125 0.0583114624023437
-0.0221405029296875 -0.212509155273438 0.03411865234375 -0.181747436523438
-0.0962982177734375 -0.16375732421875 -0.0351181030273438 -0.108062744140625
-0.1585693359375 -0.0908966064453125 -0.0172824859619141 -0.0286598205566406
-0.154571533203125 0.0350341796875 0.0163078308105469 -0.0373764038085938
-0.0944442749023438 0.100212097167969 -0.00429534912109375 -0.0750961303710938
0.000396728515625015 0.144302368164063 -0.0373001098632813 -0.0717391967773437
0.0510177612304687 0.127471923828125 -0.0676803588867187 -0.0643653869628906
0.0455322265625 0.120796203613281 -0.0700187683105469 -0.0607261657714844
0.06011962890625 0.136726379394531 -0.0757522583007813 -0.0646820068359375
0.0107879638671875 0.138687133789063 -0.041229248046875 -0.0930252075195312
-0.072998046875 0.127120971679687 -0.00648498535156251 -0.102180480957031
-0.132186889648438 0.0579681396484375 0.0488014221191406 -0.0640640258789063
-0.14862060546875 -0.0837554931640625 0.0639457702636719 -0.00280380249023438
-0.1046142578125 -0.158660888671875 -0.00256729125976563 0.0115623474121094
-0.0173797607421875 -0.206283569335938 -0.00168609619140625 -0.0251522064208985
-0.0354995727539062 -0.132980346679688 0.0330352783203125 -0.2471923828125
-0.0729217529296875 -0.0953369140625 -0.046142578125 -0.147872924804688
-0.0940399169921875 -0.04400634765625 -0.0227470397949219 -0.0373725891113281
-0.0858917236328125 0.023681640625 0.0201072692871094 -0.0502967834472656
-0.0539360046386719 0.0542793273925781 0.00275421142578124 -0.0897598266601563
-0.00608825683593749 0.0855026245117187 -0.04217529296875 -0.102127075195313
0.0196762084960937 0.0810317993164062 -0.0881881713867188 -0.0979080200195312
0.0181884765625 0.07928466796875 -0.093231201171875 -0.0876312255859375
0.0246353149414062 0.092315673828125 -0.093902587890625 -0.09576416015625
-0.00899505615234374 0.0856475830078125 -0.0494613647460938 -0.119277954101563
-0.0590782165527344 0.0671806335449219 -0.00186920166015626 -0.115425109863281
-0.081085205078125 0.017608642578125 0.0506401062011719 -0.0696868896484375
-0.0760345458984375 -0.060943603515625 0.0508460998535156 -0.00782394409179688
-0.0530319213867187 -0.0948715209960938 -0.0216388702392578 -0.0232257843017578
-0.0116424560546875 -0.131019592285156 0.000694274902343757 -0.091552734375
-0.0417938232421875 -0.0336952209472656 0.027252197265625 -0.287139892578125
-0.0394630432128906 -0.0162200927734375 -0.056427001953125 -0.1741943359375
-0.0191535949707031 0.00800323486328125 -0.034210205078125 -0.0424041748046875
-0.00880050659179687 0.00960063934326172 0.0124015808105469 -0.0530738830566406
-0.00737810134887695 0.0028529167175293 0.00545501708984375 -0.0856857299804688
-0.0106945037841797 0.0163249969482422 -0.0423660278320313 -0.113105773925781
-0.0138874053955078 0.0223674774169922 -0.0960540771484375 -0.112930297851563
-0.0106086730957031 0.0246925354003906 -0.101997375488281 -0.101371765136719
-0.0128440856933594 0.0334205627441406 -0.0975341796875 -0.114349365234375
-0.0247707366943359 0.020965576171875 -0.0473175048828125 -0.130828857421875
-0.0336685180664063 0.00200843811035156 0.00785064697265624 -0.114128112792969
-0.0193958282470703 -0.0168800354003906 0.0532875061035156 -0.0649528503417969
-0.00074005126953125 -0.0240459442138672 0.0399169921875 -0.00708770751953125
-0.0033416748046875 -0.0166225433349609 -0.0281791687011719 -0.0450096130371094
-0.00922012329101562 -0.0362701416015625 0.00452423095703126 -0.129837036132812
0.0293502807617187 -0.0764694213867188 0.01263427734375 0.142364501953125
-0.0320167541503906 -0.0613937377929688 0.033050537109375 0.0618629455566406
-0.0688247680664063 -0.0217971801757813 -0.0270118713378906 -0.00839805603027344
-0.0510063171386719 0.0320930480957031 -0.0627937316894531 0.0475540161132813
-0.0146903991699219 0.0569572448730469 -0.0377044677734375 0.0943527221679688
0.0343246459960938 0.0479583740234375 0.0346755981445313 0.129051208496094
0.0555343627929688 0.0319099426269531 0.0980072021484375 0.121292114257812
0.0421676635742188 0.0314216613769531 0.0980377197265625 0.099639892578125
0.0471038818359375 0.0347251892089844 0.0844039916992188 0.10833740234375
0.0219306945800781 0.0532569885253906 0.0438919067382812 0.10791015625
-0.0219650268554688 0.0548133850097656 0.00933074951171876 0.0740966796875
-0.059295654296875 0.0162124633789062 0.00738143920898438 0.0507850646972656
-0.0483474731445312 -0.0491104125976563 0.0467529296875 0.0709762573242188
-0.00881195068359376 -0.0714492797851563 0.0679473876953125 0.179046630859375
0.0306968688964844 -0.05181884765625 -0.04693603515625 0.305419921875
0.0279083251953125 -0.168807983398438 0.0107421875 0.116226196289062
-0.0589065551757813 -0.132347106933594 0.02337646484375 0.0544509887695312
-0.1287841796875 -0.0717544555664063 -0.0205459594726563 -0.00982475280761719
-0.117286682128906 0.0387039184570313 -0.0526466369628906 0.033355712890625
-0.0591278076171875 0.0986480712890625 -0.0434341430664063 0.0677299499511719
0.0331649780273438 0.111907958984375 0.0180511474609375 0.110267639160156
0.080291748046875 0.0899200439453125 0.0748367309570313 0.106117248535156
0.0638809204101563 0.0861434936523438 0.0768203735351563 0.0817184448242188
0.07586669921875 0.0955429077148438 0.0641937255859375 0.0882797241210938
0.0279693603515625 0.114227294921875 0.0381240844726563 0.0795211791992188
-0.0519561767578125 0.111091613769531 0.0125312805175781 0.0445976257324219
-0.117546081542969 0.0432281494140625 0.0239009857177734 0.0338916778564453
-0.117530822753906 -0.0877456665039062 0.0664634704589844 0.0643424987792969
-0.059478759765625 -0.146316528320313 0.075775146484375 0.171279907226563
0.021697998046875 -0.149490356445313 -0.028594970703125 0.2823486328125
0.024383544921875 -0.238433837890625 0.0151748657226563 0.0609359741210937
-0.0802459716796875 -0.188949584960938 0.010589599609375 0.0294361114501953
-0.176376342773438 -0.113540649414062 -0.0157842636108399 -0.01104736328125
-0.172866821289063 0.040283203125 -0.0363807678222656 0.0189552307128906
-0.0981597900390625 0.127754211425781 -0.0403861999511719 0.0339813232421875
0.0263519287109375 0.161544799804688 0.00125885009765625 0.0749053955078125
0.0925827026367188 0.134956359863281 0.0414276123046875 0.0739517211914063
0.0768508911132813 0.127601623535156 0.0438957214355469 0.0510406494140625
0.0949249267578125 0.140594482421875 0.0326957702636719 0.0557785034179688
0.03472900390625 0.159576416015625 0.024261474609375 0.0384979248046875
-0.07086181640625 0.156845092773437 0.0118198394775391 0.00692367553710939
-0.159088134765625 0.072479248046875 0.0385055541992187 0.00915908813476563
-0.177047729492187 -0.106765747070313 0.0821685791015625 0.0501251220703125
-0.109146118164063 -0.197006225585937 0.072509765625 0.144393920898438
0.006011962890625 -0.22479248046875 -0.0124359130859375 0.22760009765625
0.013458251953125 -0.272308349609375 0.0234813690185547 -0.0151157379150391
-0.0970001220703125 -0.2193603515625 -0.0048971176147461 -0.0104703903198242
-0.204940795898437 -0.134475708007813 -0.014948844909668 -0.0138864517211914
-0.204833984375 0.0416107177734375 -0.0163021087646485 0.00174427032470703
-0.121932983398438 0.1412353515625 -0.0308418273925781 -0.00521850585937499
0.0170745849609375 0.187088012695313 -0.0140838623046875 0.0277290344238281
0.0924072265625 0.159011840820312 0.00322914123535157 0.0296192169189453
0.0780792236328125 0.149383544921875 0.00410842895507813 0.0133056640625
0.100753784179688 0.164764404296875 -0.00521659851074218 0.0163850784301758
0.0366363525390625 0.181045532226563 0.00232744216918946 -0.00822114944458007
-0.0791473388671875 0.180343627929688 0.00600051879882812 -0.0360374450683594
-0.177841186523438 0.0922088623046875 0.046905517578125 -0.0204048156738281
-0.210494995117187 -0.108978271484375 0.085968017578125 0.0302963256835937
-0.141342163085938 -0.217681884765625 0.0545654296875 0.103729248046875
-0.00914001464843748 -0.263656616210938 -0.00451660156249999 0.148880004882812
-0.00225830078124997 -0.267349243164063 0.0315322875976562 -0.101661682128906
-0.1044921875 -0.213027954101562 -0.0208396911621094 -0.0596084594726563
-0.203140258789062 -0.1275634765625 -0.0157470703125 -0.0204715728759766
-0.201522827148437 0.041595458984375 0.00295639038085936 -0.01824951171875
-0.121978759765625 0.133560180664062 -0.0176010131835938 -0.045196533203125
0.00782775878906249 0.182723999023438 -0.0274333953857422 -0.02557373046875
0.07818603515625 0.1578369140625 -0.0349979400634765 -0.0197677612304687
0.0678863525390625 0.148681640625 -0.0364837646484375 -0.0268020629882812
0.08984375 0.164825439453125 -0.0441093444824219 -0.0257186889648437
0.0289459228515625 0.175186157226563 -0.0224456787109375 -0.0549545288085937
-0.0795440673828125 0.171890258789063 -0.00240325927734375 -0.0752792358398437
-0.169403076171875 0.0889739990234375 0.0490379333496094 -0.0473976135253906
-0.20269775390625 -0.10101318359375 0.0787582397460937 0.0110015869140625
-0.141159057617188 -0.205429077148438 0.0256843566894531 0.0569877624511719
-0.0175933837890625 -0.260009765625 -0.0028533935546875 0.0590629577636719
-0.019744873046875 -0.220108032226563 0.035919189453125 -0.184722900390625
-0.0967864990234375 -0.170211791992187 -0.0355987548828125 -0.109527587890625
-0.165176391601563 -0.0959930419921875 -0.0179882049560547 -0.0291919708251953
-0.159255981445313 0.035736083984375 0.0167198181152344 -0.0381851196289063
-0.0978164672851563 0.10302734375 -0.00518798828125 -0.0760116577148438
0.000228881835937509 0.147476196289062 -0.0371322631835937 -0.0721664428710937
0.0534820556640625 0.131568908691406 -0.0683364868164062 -0.0653839111328125
0.0473709106445313 0.125381469726563 -0.0713043212890625 -0.0628814697265625
0.0635147094726562 0.14007568359375 -0.0765762329101562 -0.0653152465820313
0.011993408203125 0.142120361328125 -0.0421066284179688 -0.0941390991210937
-0.074188232421875 0.131111145019531 -0.00659942626953125 -0.103523254394531
-0.136329650878906 0.059814453125 0.0498428344726562 -0.065582275390625
-0.153411865234375 -0.087493896484375 0.0650367736816406 -0.00236511230468751
-0.107696533203125 -0.163894653320313 -0.00427246093750001 0.0121822357177734
-0.0162811279296875 -0.214508056640625 -0.00239944458007812 -0.026662826538086
-0.033966064453125 -0.138885498046875 0.035430908203125 -0.252273559570313
-0.0743179321289063 -0.0999374389648437 -0.0475921630859375 -0.15130615234375
-0.0988922119140625 -0.0477752685546875 -0.0234832763671875 -0.0380592346191406
-0.0895233154296875 0.0240936279296875 0.0207786560058594 -0.0513114929199219
-0.0565643310546875 0.0560455322265625 0.00272369384765624 -0.0909576416015625
-0.00587463378906251 0.08880615234375 -0.0425567626953125 -0.103828430175781
0.0209732055664063 0.0844573974609375 -0.0901031494140625 -0.099609375
0.01971435546875 0.08258056640625 -0.0953826904296875 -0.0907211303710937
0.026580810546875 0.0951690673828125 -0.0955886840820313 -0.097808837890625
-0.0085906982421875 0.088714599609375 -0.05035400390625 -0.121635437011719
-0.0606918334960937 0.0697898864746094 -0.00237274169921876 -0.117332458496094
-0.0845489501953125 0.0188064575195313 0.0515518188476562 -0.0708999633789063
-0.0790939331054688 -0.0638275146484375 0.0514984130859375 -0.00806427001953125
-0.0545883178710938 -0.0987396240234375 -0.02392578125 -0.0244026184082031
-0.0109024047851562 -0.137184143066406 -4.57763671875001E-05 -0.0948486328125
-0.0408859252929688 -0.0364151000976562 0.02972412109375 -0.29388427734375
-0.0405120849609375 -0.0181846618652344 -0.0587005615234375 -0.178970336914063
-0.0211639404296875 0.00580978393554688 -0.0355606079101563 -0.0438156127929687
-0.0100164413452148 0.00957298278808594 0.0125656127929687 -0.0542488098144531
-0.00885677337646484 0.00296306610107422 0.005828857421875 -0.087860107421875
-0.0112628936767578 0.0172529220581055 -0.0433197021484375 -0.115432739257813
-0.014434814453125 0.0239772796630859 -0.09912109375 -0.116111755371094
-0.0104122161865234 0.0264682769775391 -0.104576110839844 -0.104713439941406
-0.0124893188476562 0.0348720550537109 -0.099365234375 -0.117446899414063
-0.0248279571533203 0.0224876403808594 -0.047882080078125 -0.133209228515625
-0.0348377227783203 0.00329017639160156 0.00780487060546874 -0.116294860839844
-0.0208320617675781 -0.0172939300537109 0.0542640686035156 -0.0660820007324219
-0.00105667114257812 -0.0253582000732422 0.040618896484375 -0.00791549682617188
-0.00344085693359375 -0.0187225341796875 -0.0304603576660156 -0.0465278625488281
-0.00904464721679687 -0.0392608642578125 0.0041961669921875 -0.134376525878906
0.0294036865234375 -0.0798263549804688 0.01556396484375 0.151779174804687
-0.0321884155273437 -0.0622444152832031 0.0377922058105469 0.0658950805664063
-0.0716705322265625 -0.021942138671875 -0.0280399322509766 -0.00820350646972656
-0.0521430969238281 0.0340003967285156 -0.0644721984863281 0.0509071350097656
-0.0141944885253906 0.0603790283203125 -0.0383987426757813 0.0998458862304688
0.0366363525390625 0.0484161376953125 0.0386581420898438 0.134727478027344
0.0586166381835938 0.0308609008789063 0.105445861816406 0.126396179199219
0.0444259643554688 0.0316314697265625 0.104225158691406 0.104423522949219
0.0497360229492188 0.0344581604003906 0.0897750854492187 0.113510131835938
0.0238227844238281 0.0541915893554687 0.0465545654296875 0.113388061523438
-0.0211334228515625 0.0573692321777344 0.00997161865234376 0.0777130126953125
-0.0614166259765625 0.0178260803222656 0.00822067260742187 0.0535888671875
-0.0519294738769531 -0.0504035949707031 0.0498046875 0.0744857788085937
-0.0111465454101562 -0.0730056762695313 0.0745086669921875 0.18804931640625
0.0313949584960938 -0.0542221069335938 -0.047149658203125 0.321380615234375
0.028411865234375 -0.17779541015625 0.0136032104492188 0.124557495117187
-0.0606613159179688 -0.136734008789063 0.0274696350097656 0.0591659545898437
-0.135520935058594 -0.0741729736328125 -0.0207538604736328 -0.00959205627441407
-0.122123718261719 0.0407638549804688 -0.0542564392089844 0.0360336303710937
-0.0610122680664063 0.104209899902344 -0.0453262329101563 0.0724868774414063
0.03680419921875 0.115913391113281 0.0207366943359375 0.1156005859375
0.0856399536132812 0.0920791625976562 0.0809707641601563 0.110610961914063
0.0685653686523438 0.089263916015625 0.0821762084960938 0.0858383178710937
0.081512451171875 0.0980377197265625 0.0688095092773438 0.093170166015625
0.0313339233398437 0.118766784667969 0.0402984619140625 0.0831527709960938
-0.052032470703125 0.116966247558594 0.0135116577148437 0.0470352172851563
-0.122955322265625 0.046661376953125 0.0251884460449219 0.0357322692871094
-0.125389099121094 -0.0902023315429688 0.071014404296875 0.067626953125
-0.0649871826171875 -0.151290893554687 0.08197021484375 0.18017578125
0.0218353271484375 -0.158096313476562 -0.029510498046875 0.29718017578125
0.024627685546875 -0.251998901367188 0.0176353454589844 0.0668373107910156
-0.08258056640625 -0.197601318359375 0.0132026672363281 0.0333938598632812
-0.187149047851563 -0.118118286132813 -0.0165977478027344 -0.0112285614013672
-0.1805419921875 0.0438079833984375 -0.0378799438476563 0.0205459594726563
-0.102325439453125 0.135200500488281 -0.0429039001464844 0.0370559692382813
0.0301513671875 0.167892456054688 0.00308990478515625 0.0794525146484375
0.100288391113281 0.139358520507813 0.0457000732421875 0.07720947265625
0.0827407836914062 0.1334228515625 0.046875 0.0538063049316406
0.102798461914063 0.145965576171875 0.0363197326660156 0.0595626831054688
0.0389251708984375 0.166244506835938 0.0248908996582031 0.0408973693847656
-0.071502685546875 0.164962768554688 0.0124406814575195 0.00716209411621095
-0.167037963867188 0.0777435302734375 0.0399551391601562 0.00980758666992188
-0.188888549804688 -0.110610961914062 0.0859756469726562 0.0525360107421875
-0.117431640625 -0.205657958984375 0.078033447265625 0.152313232421875
0.00521850585937499 -0.238311767578125 -0.0128173828125 0.238876342773438
0.01373291015625 -0.28839111328125 0.0256099700927734 -0.0131263732910156
-0.100982666015625 -0.229934692382813 -0.00384283065795899 -0.00832986831665041
-0.217910766601562 -0.14013671875 -0.015380859375 -0.0143957138061523
-0.21490478515625 0.0457916259765625 -0.017059326171875 0.00259780883789063
-0.12713623046875 0.150238037109375 -0.0332984924316406 -0.00356292724609374
0.020782470703125 0.195556640625 -0.0129432678222656 0.0302715301513672
0.100006103515625 0.16522216796875 0.00540924072265625 0.0313987731933594
0.0845794677734375 0.156829833984375 0.00439643859863282 0.0139074325561524
0.109283447265625 0.170867919921875 -0.00385665893554687 0.0180301666259766
0.041259765625 0.189422607421875 0.00248432159423828 -0.00809621810913085
-0.0802001953125 0.190216064453125 0.00563430786132812 -0.0370597839355469
-0.18646240234375 0.0988616943359375 0.0482368469238281 -0.0211029052734375
-0.224319458007812 -0.112640380859375 0.0900497436523437 0.0316238403320312
-0.1507568359375 -0.226516723632813 0.0581588745117188 0.109451293945312
-0.01080322265625 -0.279541015625 -0.00506591796875002 0.156082153320312
-0.00207519531249999 -0.28326416015625 0.033172607421875 -0.104110717773438
-0.108978271484375 -0.224105834960937 -0.0218315124511719 -0.0605812072753906
-0.217117309570312 -0.134124755859375 -0.0161952972412109 -0.0212802886962891
-0.211807250976563 0.04547119140625 0.00274276733398436 -0.0188064575195312
-0.12823486328125 0.141830444335938 -0.01959228515625 -0.0455780029296875
0.0113983154296875 0.192306518554687 -0.0272903442382813 -0.0253238677978516
0.085235595703125 0.164779663085938 -0.0354766845703125 -0.0199089050292969
0.0737152099609375 0.156600952148438 -0.0383415222167969 -0.0279083251953125
0.0980377197265625 0.171157836914063 -0.0454673767089844 -0.025604248046875
0.033660888671875 0.183029174804688 -0.0236129760742187 -0.0566253662109375
-0.0814208984375 0.181640625 -0.0035858154296875 -0.0779571533203125
-0.17779541015625 0.0946197509765625 0.0504188537597656 -0.0498275756835938
-0.215911865234375 -0.1051025390625 0.0819473266601562 0.0113754272460937
-0.15032958984375 -0.2144775390625 0.02655029296875 0.0605506896972656
-0.0184783935546875 -0.275177001953125 -0.00363540649414063 0.061492919921875
-0.0203704833984375 -0.234466552734375 0.03741455078125 -0.19232177734375
-0.101806640625 -0.179855346679688 -0.0382919311523438 -0.113174438476563
-0.176956176757812 -0.100921630859375 -0.0195484161376953 -0.0306053161621094
-0.168228149414063 0.03875732421875 0.0166893005371094 -0.0398750305175781
-0.103721618652344 0.110565185546875 -0.00701141357421876 -0.078216552734375
0.00299072265624999 0.155517578125 -0.03857421875 -0.0742263793945313
0.0591888427734375 0.137832641601563 -0.0715560913085938 -0.06781005859375
0.052001953125 0.132164001464844 -0.07525634765625 -0.0659942626953125
0.07025146484375 0.146087646484375 -0.0795364379882813 -0.0671768188476562
0.0156707763671875 0.149398803710938 -0.044708251953125 -0.0981063842773437
-0.075897216796875 0.139144897460938 -0.00806427001953127 -0.107887268066406
-0.14373779296875 0.06494140625 0.0512275695800781 -0.0687217712402344
-0.163558959960937 -0.091339111328125 0.067047119140625 -0.00312805175781251
-0.114593505859375 -0.172012329101563 -0.00559139251708985 0.012939453125
-0.0172576904296875 -0.228683471679688 -0.00397491455078125 -0.0288143157958985
-0.03472900390625 -0.148681640625 0.035797119140625 -0.264389038085938
-0.0782852172851562 -0.106857299804688 -0.0519256591796875 -0.157516479492188
-0.106315612792969 -0.0506515502929687 -0.0259246826171875 -0.0399322509765625
-0.0948562622070312 0.025634765625 0.02001953125 -0.0539093017578125
-0.0605049133300781 0.0606346130371094 0.0019989013671875 -0.0946884155273438
-0.00480651855468749 0.0941314697265625 -0.045013427734375 -0.107795715332031
0.0240631103515625 0.0892486572265625 -0.0951919555664062 -0.103561401367188
0.0225677490234375 0.0877151489257813 -0.100906372070312 -0.095001220703125
0.0305404663085937 0.09967041015625 -0.100387573242187 -0.101448059082031
-0.0067138671875 0.0935287475585938 -0.0537948608398438 -0.126312255859375
-0.0624923706054687 0.0751495361328125 -0.0033721923828125 -0.122093200683594
-0.0891876220703125 0.0207290649414063 0.05322265625 -0.0748748779296875
-0.0846710205078125 -0.0674819946289063 0.05291748046875 -0.00914382934570313
-0.058807373046875 -0.104209899902344 -0.0273094177246094 -0.02532958984375
-0.0115509033203125 -0.146575927734375 -0.0016326904296875 -0.10052490234375
-0.0417442321777344 -0.0395927429199219 0.02862548828125 -0.3084716796875
-0.0428047180175781 -0.0209426879882813 -0.0641021728515625 -0.187652587890625
-0.0233078002929688 0.00465774536132813 -0.0385360717773438 -0.045989990234375
-0.011815071105957 0.010101318359375 0.0118026733398437 -0.0569915771484375
-0.0106363296508789 0.003509521484375 0.00549316406249999 -0.0918121337890625
-0.0117092132568359 0.0191841125488281 -0.0461807250976563 -0.120414733886719
-0.0141716003417969 0.0270347595214844 -0.105323791503906 -0.120651245117188
-0.0105419158935547 0.0289020538330078 -0.111366271972656 -0.109550476074219
-0.0120277404785156 0.0376510620117188 -0.105461120605469 -0.122108459472656
-0.0251388549804688 0.0250015258789063 -0.0508880615234375 -0.138755798339844
-0.0367279052734375 0.00530624389648438 0.00717926025390625 -0.120887756347656
-0.0231266021728516 -0.0172405242919922 0.0559272766113281 -0.0694503784179688
-0.00197410583496094 -0.0276432037353516 0.0420303344726563 -0.00937271118164063
-0.00402450561523438 -0.0213451385498047 -0.0345191955566406 -0.0491523742675781
-0.00927352905273438 -0.0433158874511719 0.0023040771484375 -0.142654418945313
0.0278778076171875 -0.084564208984375 0.0230255126953125 0.1622314453125
-0.0345802307128906 -0.0635604858398438 0.0449104309082031 0.0695075988769531
-0.0750961303710938 -0.020263671875 -0.0295562744140625 -0.00738334655761719
-0.053802490234375 0.0368309020996094 -0.0656356811523438 0.0565376281738281
-0.0123100280761719 0.0639915466308594 -0.0373001098632813 0.106910705566406
0.04071044921875 0.0486259460449219 0.045684814453125 0.140594482421875
0.0626487731933594 0.0284271240234375 0.11663818359375 0.129112243652344
0.0476570129394531 0.030731201171875 0.114784240722656 0.107643127441406
0.0536384582519531 0.0331993103027344 0.0991592407226563 0.117904663085938
0.027130126953125 0.0549964904785156 0.0527877807617187 0.11859130859375
-0.0189399719238281 0.0606117248535156 0.0130691528320312 0.0815811157226563
-0.0640335083007813 0.0212593078613281 0.0105705261230469 0.0564804077148438
-0.0573234558105469 -0.049652099609375 0.0562591552734375 0.077484130859375
-0.0148239135742187 -0.07525634765625 0.0872039794921875 0.196456909179688
0.0307159423828125 -0.0579490661621094 -0.038330078125 0.342376708984375
0.0231781005859375 -0.189483642578125 0.019989013671875 0.134696960449219
-0.0664215087890625 -0.141815185546875 0.0334968566894531 0.0632820129394531
-0.145248413085938 -0.072845458984375 -0.0215301513671875 -0.00965499877929688
-0.127403259277344 0.0470428466796875 -0.055267333984375 0.0405006408691406
-0.0604248046875 0.112205505371094 -0.0457611083984375 0.0796279907226563
0.0439987182617188 0.119789123535156 0.02685546875 0.121864318847656
0.0943679809570312 0.0925750732421875 0.0910568237304687 0.11419677734375
0.0758743286132812 0.0912399291992188 0.089935302734375 0.0883255004882813
0.0907363891601562 0.0991363525390625 0.0770111083984375 0.0972900390625
0.0384979248046875 0.123153686523438 0.04534912109375 0.0874862670898438
-0.049163818359375 0.125457763671875 0.0154533386230469 0.0492820739746094
-0.128570556640625 0.05419921875 0.0275726318359375 0.0378494262695313
-0.1373291015625 -0.0896987915039062 0.077667236328125 0.0699386596679688
-0.075164794921875 -0.156341552734375 0.09381103515625 0.187835693359375
0.01806640625 -0.169113159179687 -0.020904541015625 0.3160400390625
0.0176239013671875 -0.268783569335938 0.0216217041015625 0.0726776123046875
-0.0921783447265625 -0.2056884765625 0.0176963806152344 0.0371437072753906
-0.202835083007813 -0.118438720703125 -0.0178260803222656 -0.0111408233642578
-0.188980102539063 0.051605224609375 -0.0388984680175781 0.0235710144042969
-0.103378295898437 0.147384643554688 -0.0450363159179688 0.0427322387695313
0.03912353515625 0.175796508789063 0.00756072998046875 0.0846099853515625
0.112274169921875 0.142471313476563 0.0526504516601563 0.08026123046875
0.09326171875 0.137992858886719 0.0515403747558594 0.0556144714355469
0.115142822265625 0.148696899414063 0.0415382385253906 0.0630455017089844
0.0483245849609375 0.172836303710938 0.027984619140625 0.0430259704589844
-0.0673828125 0.177230834960938 0.0129404067993164 0.00774574279785157
-0.174148559570313 0.08929443359375 0.0417213439941406 0.00968551635742188
-0.205825805664063 -0.109146118164063 0.0925827026367187 0.0532302856445312
-0.1326904296875 -0.21160888671875 0.088348388671875 0.159286499023438
-0.00193786621093751 -0.253494262695313 -0.00662231445312497 0.253799438476563
0.00595092773437498 -0.30804443359375 0.0275249481201172 -0.0116901397705078
-0.112442016601563 -0.24072265625 -0.00225448608398438 -0.00663137435913087
-0.237197875976563 -0.1407470703125 -0.0170650482177734 -0.0150671005249024
-0.225982666015625 0.0560150146484375 -0.0183162689208985 0.00372123718261719
-0.1302490234375 0.163909912109375 -0.0365333557128906 -0.000610351562499996
0.0308074951171875 0.205245971679688 -0.0111598968505859 0.0335979461669922
0.113143920898438 0.170242309570313 0.00824737548828126 0.0335636138916016
0.09625244140625 0.162979125976563 0.00567817687988282 0.0144481658935547
0.12353515625 0.175384521484375 -0.0022296905517578 0.0205097198486328
0.05206298828125 0.197738647460937 0.00229930877685547 -0.00782871246337889
-0.0763397216796875 0.204437255859375 0.00428771972656249 -0.0385284423828125
-0.194747924804688 0.112152099609375 0.0493354797363281 -0.0231552124023437
-0.243453979492188 -0.110733032226563 0.0953826904296875 0.03118896484375
-0.16851806640625 -0.2335205078125 0.0650177001953125 0.115097045898437
-0.019683837890625 -0.2982177734375 -0.0010986328125 0.165679931640625
-0.0103759765625 -0.303680419921875 0.0322647094726563 -0.10968017578125
-0.1214599609375 -0.235565185546875 -0.0240402221679688 -0.0610122680664063
-0.236907958984375 -0.134933471679688 -0.0186805725097656 -0.0220432281494141
-0.222640991210938 0.0553131103515625 0.00178527832031248 -0.0193881988525391
-0.132049560546875 0.155807495117188 -0.0236396789550781 -0.0454139709472656
0.0203094482421875 0.20269775390625 -0.0280857086181641 -0.0240287780761719
0.0980377197265625 0.17108154296875 -0.0374984741210938 -0.0195579528808594
0.08489990234375 0.16357421875 -0.0413665771484375 -0.028289794921875
0.112106323242188 0.1763916015625 -0.04742431640625 -0.02484130859375
0.0435791015625 0.192352294921875 -0.0269584655761719 -0.0585784912109375
-0.0780487060546875 0.195587158203125 -0.007232666015625 -0.0813217163085938
-0.185897827148438 0.1072998046875 0.0506820678710937 -0.0538749694824219
-0.234024047851562 -0.103866577148438 0.0858535766601562 0.00947570800781249
-0.1673583984375 -0.22137451171875 0.0287399291992187 0.0642318725585937
-0.028594970703125 -0.29443359375 -0.00292205810546875 0.0649986267089844
-0.027984619140625 -0.251449584960938 0.033843994140625 -0.203140258789063
-0.113204956054688 -0.189361572265625 -0.0447006225585938 -0.116714477539063
-0.19378662109375 -0.102081298828125 -0.022308349609375 -0.0321235656738281
-0.178390502929688 0.047760009765625 0.0151824951171875 -0.0425071716308594
-0.106964111328125 0.122283935546875 -0.0110931396484375 -0.080841064453125
0.010009765625 0.165283203125 -0.0416336059570313 -0.0757217407226562
0.0693511962890625 0.144393920898438 -0.0770111083984375 -0.068634033203125
0.0612869262695313 0.138618469238281 -0.0823593139648438 -0.06732177734375
0.081329345703125 0.151458740234375 -0.0855178833007813 -0.0676803588867187
0.0233154296875 0.157455444335938 -0.050384521484375 -0.101646423339844
-0.0744476318359375 0.151092529296875 -0.0121688842773438 -0.11279296875
-0.150863647460937 0.0742340087890625 0.0512313842773437 -0.0743637084960937
-0.178451538085938 -0.0909881591796875 0.0697441101074218 -0.00524520874023438
-0.128204345703125 -0.178024291992188 -0.00722312927246095 0.0152139663696289
-0.0254364013671875 -0.24481201171875 -0.00634384155273438 -0.0312786102294922
-0.040313720703125 -0.159393310546875 0.02978515625 -0.280303955078125
-0.0858612060546875 -0.112983703613281 -0.0612335205078125 -0.164031982421875
-0.116722106933594 -0.0516357421875 -0.0295524597167969 -0.0418205261230469
-0.101173400878906 0.0311279296875 0.018096923828125 -0.0576629638671875
-0.0635185241699219 0.0673255920410156 -0.00180053710937501 -0.0991363525390625
-0.00126647949218751 0.100570678710938 -0.0499267578125 -0.111305236816406
0.0303726196289062 0.0950546264648438 -0.104560852050781 -0.10540771484375
0.0283050537109375 0.09307861328125 -0.110588073730469 -0.0975875854492188
0.0373382568359375 0.104530334472656 -0.109466552734375 -0.103340148925781
-0.00248718261718749 0.099365234375 -0.0612564086914063 -0.131492614746094
-0.0626449584960938 0.0831985473632812 -0.00829315185546877 -0.127937316894531
-0.095062255859375 0.026031494140625 0.0532302856445312 -0.0808486938476563
-0.0934066772460938 -0.0693740844726563 0.0544853210449219 -0.0112724304199219
-0.0663299560546875 -0.109779357910156 -0.0319881439208984 -0.0245914459228516
-0.01702880859375 -0.157882690429687 -0.00659942626953124 -0.107383728027344
-0.0440139770507813 -0.042999267578125 0.020294189453125 -0.327545166015625
-0.0460205078125 -0.0220375061035156 -0.075347900390625 -0.196578979492188
-0.025970458984375 0.00378799438476562 -0.0428810119628906 -0.0474586486816406
-0.013310432434082 0.0109767913818359 0.00967025756835938 -0.0606422424316406
-0.011927604675293 0.00503253936767578 0.00296783447265625 -0.0968017578125
-0.0115985870361328 0.0219993591308594 -0.0524063110351562 -0.1248779296875
-0.0130958557128906 0.0309867858886719 -0.115852355957031 -0.123420715332031
-0.00909423828125 0.0323810577392578 -0.122001647949219 -0.112480163574219
-0.0105438232421875 0.0410118103027344 -0.115859985351562 -0.125289916992188
-0.0247554779052734 0.0283031463623047 -0.059295654296875 -0.145095825195313
-0.0390167236328125 0.007965087890625 0.00324249267578125 -0.126998901367188
-0.0260429382324219 -0.0170001983642578 0.0561676025390625 -0.0759429931640625
-0.00419044494628906 -0.0306434631347656 0.0426902770996094 -0.0114059448242188
-0.00545310974121094 -0.0243682861328125 -0.0406341552734375 -0.0502700805664063
-0.01080322265625 -0.0477142333984375 -0.00312805175781249 -0.152099609375
0.022857666015625 -0.0893173217773438 0.03472900390625 0.169540405273438
-0.0376625061035156 -0.0633087158203125 0.053985595703125 0.0704116821289062
-0.0779647827148438 -0.0157546997070312 -0.0300827026367188 -0.00582504272460937
-0.0524864196777344 0.04168701171875 -0.0632667541503906 0.0630645751953125
-0.00801849365234376 0.0670013427734375 -0.031768798828125 0.114173889160156
0.0456733703613281 0.0467796325683594 0.0565643310546875 0.14312744140625
0.06622314453125 0.023651123046875 0.130409240722656 0.126998901367187
0.0506401062011719 0.0277519226074219 0.126792907714844 0.105522155761719
0.0580673217773438 0.0292205810546875 0.111701965332031 0.118377685546875
0.0318641662597656 0.0542716979980469 0.0623245239257813 0.121261596679687
-0.0143318176269531 0.0639114379882813 0.0178680419921875 0.0842056274414063
-0.0650100708007813 0.0266494750976563 0.0147438049316406 0.0588264465332031
-0.0633010864257812 -0.0466041564941406 0.06463623046875 0.0767822265625
-0.0211257934570313 -0.0753707885742188 0.105010986328125 0.19879150390625
0.0279884338378906 -0.0619316101074219 -0.019134521484375 0.35931396484375
0.0121917724609375 -0.199447631835938 0.030029296875 0.141220092773438
-0.075653076171875 -0.14324951171875 0.0416107177734375 0.0653800964355468
-0.155303955078125 -0.0665283203125 -0.0230770111083985 -0.00877571105957031
-0.128761291503906 0.0567474365234375 -0.0541038513183594 0.0461387634277344
-0.0556716918945312 0.120796203613281 -0.04302978515625 0.0867385864257813
0.0542449951171875 0.120223999023438 0.0366134643554687 0.124870300292969
0.10479736328125 0.0887374877929688 0.102691650390625 0.112335205078125
0.084991455078125 0.0895767211914063 0.100051879882813 0.0870742797851563
0.100776672363281 0.0954971313476562 0.0871658325195313 0.0977859497070313
0.048614501953125 0.124649047851563 0.052398681640625 0.0888519287109375
-0.0416641235351563 0.133285522460938 0.0182571411132812 0.0505943298339844
-0.130455017089844 0.0653533935546875 0.0308723449707031 0.0378913879394531
-0.150527954101563 -0.083404541015625 0.0856170654296875 0.0684432983398438
-0.08905029296875 -0.156295776367187 0.111236572265625 0.18988037109375
0.00805664062499999 -0.178421020507813 -0.00225830078124997 0.331146240234375
0.00158691406250003 -0.282745361328125 0.0282058715820313 0.077362060546875
-0.106399536132813 -0.208831787109375 0.0229530334472656 0.0392799377441406
-0.218704223632813 -0.110260009765625 -0.0194206237792969 -0.0109710693359375
-0.193435668945313 0.06573486328125 -0.0382652282714844 0.0272598266601563
-0.0987091064453125 0.161041259765625 -0.0442657470703125 0.0491256713867188
0.0532379150390625 0.1790771484375 0.014251708984375 0.088104248046875
0.126861572265625 0.139450073242188 0.0610885620117188 0.0799331665039063
0.106483459472656 0.137466430664063 0.0572547912597656 0.0548515319824219
0.130706787109375 0.145233154296875 0.0490303039550781 0.06414794921875
0.062835693359375 0.176116943359375 0.0318145751953125 0.0439376831054688
-0.057373046875 0.189041137695312 0.0133113861083984 0.00769424438476564
-0.176727294921875 0.10455322265625 0.0438423156738281 0.00826644897460938
-0.22332763671875 -0.0993194580078125 0.099761962890625 0.0505905151367187
-0.15228271484375 -0.210052490234375 0.10198974609375 0.160751342773437
-0.018218994140625 -0.267105102539063 0.008056640625 0.265975952148438
-0.01318359375 -0.324676513671875 0.0287075042724609 -0.011800765991211
-0.130447387695312 -0.245101928710938 -0.000681877136230477 -0.00464963912963869
-0.258193969726563 -0.132492065429688 -0.0195407867431641 -0.0149517059326172
-0.232315063476563 0.0726470947265625 -0.0192031860351563 0.00571823120117188
-0.126052856445312 0.180999755859375 -0.03814697265625 0.00394439697265625
0.0465087890625 0.210891723632812 -0.00739288330078125 0.036163330078125
0.13092041015625 0.168701171875 0.0119113922119141 0.0339450836181641
0.111801147460938 0.16412353515625 0.00681209564208985 0.0148544311523438
0.141586303710938 0.173095703125 0.000265121459960946 0.0225353240966797
0.0687408447265625 0.201705932617187 0.00168514251708985 -0.00758743286132811
-0.0648040771484375 0.217681884765625 0.00146484375 -0.0401573181152344
-0.19708251953125 0.1297607421875 0.0496253967285156 -0.0263824462890625
-0.263397216796875 -0.0992584228515624 0.100387573242187 0.0272369384765625
-0.191207885742187 -0.231369018554688 0.0746078491210937 0.116485595703125
-0.0391845703125 -0.312774658203125 0.00773620605468748 0.1724853515625
-0.0294189453125 -0.3187255859375 0.0279998779296875 -0.113838195800781
-0.140151977539063 -0.2398681640625 -0.0274810791015625 -0.0603370666503906
-0.258209228515625 -0.12664794921875 -0.0218048095703125 -0.0221748352050781
-0.23046875 0.0723724365234375 -0.00059127807617189 -0.0198783874511719
-0.128997802734375 0.173568725585938 -0.0273590087890625 -0.0431289672851562
0.0356597900390625 0.208877563476563 -0.0286693572998047 -0.0228443145751953
0.115570068359375 0.171218872070313 -0.0389862060546875 -0.0182037353515625
0.10040283203125 0.165725708007813 -0.0451278686523437 -0.027191162109375
0.129928588867188 0.175094604492187 -0.0495719909667969 -0.0224685668945312
0.0595245361328125 0.196090698242188 -0.0316085815429687 -0.0588722229003906
-0.067962646484375 0.209075927734375 -0.0126266479492187 -0.0834503173828125
-0.188247680664063 0.124908447265625 0.0491447448730469 -0.0581932067871094
-0.2529296875 -0.0930023193359375 0.0890884399414062 0.00552368164062499
-0.188949584960938 -0.219329833984375 0.0335617065429687 0.0662651062011719
-0.047607421875 -0.30902099609375 -0.000114440917968755 0.0673751831054687
-0.044586181640625 -0.263916015625 0.0229644775390625 -0.212921142578125
-0.129425048828125 -0.192520141601563 -0.0528793334960938 -0.117698669433594
-0.211181640625 -0.0956878662109375 -0.026388168334961 -0.0324001312255859
-0.184112548828125 0.0612335205078125 0.0116119384765625 -0.0441169738769531
-0.105438232421875 0.135978698730469 -0.0165863037109375 -0.0814666748046875
0.0224151611328125 0.171356201171875 -0.0455169677734375 -0.0758132934570312
0.0841827392578125 0.14617919921875 -0.0839920043945313 -0.0665130615234375
0.074310302734375 0.141494750976562 -0.0903396606445312 -0.0657730102539063
0.0963897705078125 0.151779174804688 -0.0923309326171875 -0.0655975341796875
0.0358734130859375 0.162185668945313 -0.0585556030273437 -0.102577209472656
-0.0669403076171875 0.1630859375 -0.0199127197265625 -0.115570068359375
-0.153549194335938 0.087799072265625 0.047332763671875 -0.0798187255859375
-0.19384765625 -0.0843963623046875 0.0711288452148437 -0.00870513916015626
-0.145339965820312 -0.17706298828125 -0.00799560546875001 0.0174846649169922
-0.040924072265625 -0.25701904296875 -0.00986289978027344 -0.0328502655029297
-0.050750732421875 -0.1671142578125 0.01336669921875 -0.2933349609375
-0.0968856811523438 -0.114479064941406 -0.074462890625 -0.166854858398438
-0.127586364746094 -0.04791259765625 -0.0351142883300781 -0.0417251586914063
-0.104881286621094 0.0396652221679688 0.0140380859375 -0.0602531433105469
-0.0633544921875 0.07586669921875 -0.00825500488281251 -0.101676940917969
0.00617218017578126 0.105583190917969 -0.0570755004882813 -0.112716674804688
0.0396347045898438 0.0977325439453125 -0.114860534667969 -0.103668212890625
0.0364761352539062 0.0957412719726563 -0.121902465820312 -0.0954055786132813
0.0470657348632813 0.10601806640625 -0.119949340820313 -0.101249694824219
0.00521850585937501 0.104118347167969 -0.0719223022460937 -0.132965087890625
-0.0597991943359375 0.0916900634765625 -0.0166397094726562 -0.131965637207031
-0.0984725952148438 0.0339508056640625 0.0496978759765625 -0.0873336791992188
-0.103851318359375 -0.0675125122070312 0.0544967651367187 -0.0149383544921875
-0.0767440795898437 -0.110549926757813 -0.0364036560058594 -0.0221481323242188
-0.0269622802734375 -0.166015625 -0.0147323608398437 -0.111984252929688
-0.0473556518554687 -0.0446548461914063 0.000793457031249991 -0.34246826171875
-0.0497703552246094 -0.0220108032226563 -0.0919952392578125 -0.199615478515625
-0.028228759765625 0.00393104553222656 -0.0489730834960938 -0.0467414855957031
-0.0143451690673828 0.0126075744628906 0.00444793701171876 -0.0627708435058594
-0.0137414932250977 0.00690078735351563 -0.00314331054687499 -0.100776672363281
-0.0109748840332031 0.0247802734375 -0.0612106323242188 -0.126380920410156
-0.0103893280029297 0.0338973999023438 -0.128799438476563 -0.121177673339844
-0.00637435913085937 0.0351028442382813 -0.134513854980469 -0.110275268554687
-0.00713348388671875 0.0440711975097656 -0.128768920898438 -0.123802185058594
-0.0228061676025391 0.0319576263427734 -0.07049560546875 -0.147445678710938
-0.0403900146484375 0.0124740600585937 -0.00443267822265627 -0.131866455078125
-0.0295639038085937 -0.0153617858886719 0.053375244140625 -0.0825958251953125
-0.00801849365234375 -0.0331039428710937 0.042572021484375 -0.0142974853515625
-0.00819778442382812 -0.025970458984375 -0.0475807189941406 -0.0491752624511719
-0.0143089294433594 -0.0516281127929687 -0.0144805908203125 -0.15997314453125
0.0160675048828125 -0.0904693603515625 0.0468902587890625 0.171173095703125
-0.0406265258789062 -0.0603179931640625 0.0613288879394531 0.0678176879882813
-0.0786514282226563 -0.0106964111328125 -0.0301017761230469 -0.00458908081054687
-0.0497512817382813 0.0448722839355469 -0.0582695007324219 0.0671157836914062
-0.0028839111328125 0.06793212890625 -0.02423095703125 0.117256164550781
0.0490074157714844 0.0419960021972656 0.066375732421875 0.140083312988281
0.0672836303710938 0.01788330078125 0.140701293945313 0.118728637695313
0.0525016784667969 0.023681640625 0.135200500488281 0.099212646484375
0.059844970703125 0.0244255065917969 0.12158203125 0.112632751464844
0.0357475280761719 0.051513671875 0.0704345703125 0.118881225585937
-0.00901031494140626 0.0641288757324219 0.023712158203125 0.0841293334960938
-0.0634536743164063 0.0320320129394531 0.0189704895019531 0.0588531494140625
-0.0668525695800781 -0.040863037109375 0.071014404296875 0.0730438232421875
-0.0265960693359375 -0.0725479125976562 0.11993408203125 0.192367553710937
0.0236663818359375 -0.0638427734375 0.00503540039062501 0.3651123046875
-0.00175476074218751 -0.20184326171875 0.040252685546875 0.143295288085938
-0.084014892578125 -0.139251708984375 0.04888916015625 0.0644607543945312
-0.1610107421875 -0.0562286376953125 -0.0233821868896484 -0.00783538818359376
-0.12518310546875 0.0650634765625 -0.0505218505859375 0.0496330261230469
-0.0475921630859375 0.126121520996094 -0.0372390747070312 0.0914688110351563
0.0638198852539062 0.116020202636719 0.045684814453125 0.123260498046875
0.111465454101563 0.0802230834960938 0.11181640625 0.105796813964844
0.0912399291992188 0.08349609375 0.106880187988281 0.0815963745117188
0.108238220214844 0.0876541137695313 0.0961532592773437 0.0939102172851562
0.05780029296875 0.120658874511719 0.0581283569335938 0.0873794555664063
-0.0317535400390625 0.13653564453125 0.0215911865234375 0.0503120422363281
-0.127601623535156 0.0759048461914062 0.0335922241210937 0.03753662109375
-0.158294677734375 -0.0723724365234375 0.0914154052734375 0.063629150390625
-0.100341796875 -0.149368286132813 0.125503540039063 0.183685302734375
-0.0047454833984375 -0.18133544921875 0.01947021484375 0.3353271484375
-0.01910400390625 -0.287017822265625 0.0342025756835938 0.0792236328125
-0.119766235351562 -0.204071044921875 0.0287704467773437 0.0400009155273437
-0.228591918945313 -0.0959930419921875 -0.0208873748779297 -0.00973892211914063
-0.190414428710938 0.07891845703125 -0.0365104675292969 0.0302734375
-0.089385986328125 0.169784545898438 -0.0416069030761719 0.0541305541992187
0.0673828125 0.175079345703125 0.0220718383789063 0.0873794555664063
0.138008117675781 0.129966735839844 0.0685882568359375 0.0760955810546875
0.11724853515625 0.1309814453125 0.0618782043457031 0.0522956848144531
0.142440795898437 0.135955810546875 0.0550537109375 0.0621986389160156
0.076568603515625 0.171783447265625 0.0345115661621094 0.0428085327148438
-0.04425048828125 0.193267822265625 0.0131797790527344 0.00709629058837892
-0.1717529296875 0.118576049804687 0.0446815490722656 0.00671386718750001
-0.23370361328125 -0.08380126953125 0.103713989257812 0.0447311401367187
-0.167373657226562 -0.199996948242188 0.114471435546875 0.155776977539063
-0.036285400390625 -0.271011352539063 0.02496337890625 0.268356323242188
-0.035247802734375 -0.330047607421875 0.0290927886962891 -0.010976791381836
-0.146240234375 -0.240386962890625 0.00133299827575683 -0.00244832038879396
-0.270828247070313 -0.116256713867187 -0.0213851928710938 -0.0139484405517578
-0.230316162109375 0.088134765625 -0.019887924194336 0.00786018371582032
-0.115386962890625 0.192489624023438 -0.0384445190429688 0.00872802734375002
0.0619964599609375 0.20855712890625 -0.00320053100585937 0.0368537902832031
0.14501953125 0.159957885742188 0.0153656005859375 0.0328273773193359
0.124588012695313 0.157684326171875 0.00765323638916016 0.0144977569580078
0.155975341796875 0.1630859375 0.00360107421875001 0.0229434967041016
0.083526611328125 0.1973876953125 0.00110578536987305 -0.00773668289184569
-0.0496673583984375 0.223968505859375 -0.00138473510742188 -0.0396194458007812
-0.191070556640625 0.145050048828125 0.0478935241699219 -0.0287208557128906
-0.273712158203125 -0.08148193359375 0.102752685546875 0.0220108032226563
-0.207855224609375 -0.219589233398437 0.0830078125 0.113716125488281
-0.060699462890625 -0.316619873046875 0.01812744140625 0.174362182617188
-0.05120849609375 -0.3233642578125 0.0208053588867187 -0.114891052246094
-0.156707763671875 -0.235671997070313 -0.030120849609375 -0.0574836730957031
-0.272262573242188 -0.110870361328125 -0.0252456665039063 -0.0207252502441406
-0.22845458984375 0.089111328125 -0.00255966186523439 -0.0184860229492187
-0.119705200195313 0.185546875 -0.03094482421875 -0.0396537780761719
0.0519256591796875 0.207565307617188 -0.0278244018554687 -0.0210647583007812
0.129913330078125 0.164016723632813 -0.0397491455078125 -0.0157432556152344
0.113388061523438 0.160476684570313 -0.0478172302246094 -0.0244560241699219
0.144210815429688 0.16650390625 -0.0502243041992187 -0.019256591796875
0.0742340087890625 0.193084716796875 -0.0358314514160156 -0.0565528869628906
-0.0531463623046875 0.215667724609375 -0.0182647705078125 -0.0829010009765625
-0.182769775390625 0.139694213867187 0.044769287109375 -0.0608634948730469
-0.2635498046875 -0.076446533203125 0.0893096923828125 0.0013885498046875
-0.205245971679687 -0.207611083984375 0.0376091003417969 0.0658493041992187
-0.06915283203125 -0.31243896484375 0.00327682495117187 0.0681991577148437
-0.0618133544921875 -0.266738891601562 0.0100860595703125 -0.214813232421875
-0.1427001953125 -0.188919067382812 -0.0604324340820313 -0.114433288574219
-0.2230224609375 -0.083251953125 -0.0313968658447266 -0.0306873321533203
-0.183502197265625 0.0745697021484375 0.00761795043945311 -0.0439033508300781
-0.0983734130859375 0.146560668945313 -0.0226516723632813 -0.0791015625
0.03570556640625 0.170989990234375 -0.0491104125976563 -0.073699951171875
0.0968780517578125 0.141891479492187 -0.08843994140625 -0.0618515014648437
0.0856094360351563 0.13836669921875 -0.0957565307617188 -0.0608596801757812
0.109329223632813 0.14501953125 -0.0966949462890625 -0.059783935546875
0.048583984375 0.160140991210938 -0.0662689208984375 -0.099212646484375
-0.056121826171875 0.169815063476563 -0.0280532836914062 -0.115036010742187
-0.150482177734375 0.0995025634765625 0.042022705078125 -0.0825653076171875
-0.203140258789063 -0.0724334716796875 0.0704193115234375 -0.0120315551757813
-0.158157348632812 -0.168563842773438 -0.0077648162841797 0.0195732116699219
-0.0593719482421875 -0.260360717773438 -0.0131950378417969 -0.0325679779052735
-0.0623321533203125 -0.168182373046875 -0.00418090820312503 -0.29681396484375
-0.105552673339844 -0.111671447753906 -0.086700439453125 -0.163330078125
-0.135154724121094 -0.040740966796875 -0.0401687622070313 -0.0393714904785156
-0.105003356933594 0.0470352172851563 0.00927734374999999 -0.0608139038085937
-0.059906005859375 0.082977294921875 -0.0146026611328125 -0.101058959960938
0.0145797729492188 0.106681823730469 -0.063507080078125 -0.110328674316406
0.0490951538085938 0.0957870483398437 -0.122894287109375 -0.0961380004882813
0.0443572998046875 0.0951614379882812 -0.130073547363281 -0.0885391235351562
0.056182861328125 0.104034423828125 -0.127723693847656 -0.093780517578125
0.0134048461914062 0.104629516601563 -0.0812911987304687 -0.129440307617188
-0.053619384765625 0.0978851318359375 -0.0256729125976562 -0.131294250488281
-0.0981369018554687 0.04168701171875 0.0433807373046875 -0.0907135009765625
-0.110816955566406 -0.0616836547851563 0.0527496337890625 -0.0168952941894531
-0.0852127075195312 -0.106582641601563 -0.0398483276367188 -0.0186080932617188
-0.0386199951171875 -0.169525146484375 -0.023162841796875 -0.11279296875
-0.0492515563964844 -0.0435523986816406 -0.022003173828125 -0.345977783203125
-0.0523147583007812 -0.0202445983886719 -0.107147216796875 -0.195358276367188
-0.0306186676025391 0.00474929809570313 -0.0537223815917969 -0.0435829162597656
-0.0154743194580078 0.0139150619506836 -0.000164031982421872 -0.0629081726074219
-0.0140037536621094 0.00883674621582031 -0.00924682617187499 -0.100982666015625
-0.00855255126953125 0.0263137817382813 -0.0689010620117188 -0.124374389648437
-0.00653076171875 0.0363044738769531 -0.138542175292969 -0.113609313964844
-0.00353622436523437 0.0368270874023438 -0.144012451171875 -0.102874755859375
-0.00294876098632812 0.0455055236816406 -0.138496398925781 -0.116134643554687
-0.0208740234375 0.0340404510498047 -0.0812225341796875 -0.14349365234375
-0.0393867492675781 0.0168800354003906 -0.0132293701171875 -0.131828308105469
-0.03131103515625 -0.0121231079101562 0.0471954345703125 -0.0867538452148437
-0.0119438171386719 -0.0341014862060547 0.0402908325195313 -0.0167007446289063
-0.0112113952636719 -0.0266933441162109 -0.0527153015136719 -0.0448570251464844
-0.01837158203125 -0.0531005859375 -0.0262603759765625 -0.161407470703125
0.0111923217773437 -0.0884628295898438 0.0550079345703125 0.170135498046875
-0.0412445068359375 -0.0571365356445313 0.0655136108398438 0.0639152526855469
-0.0768356323242188 -0.00624084472656249 -0.0295963287353516 -0.00321197509765625
-0.0463752746582031 0.0459785461425781 -0.0536651611328125 0.0685005187988281
0.00141143798828125 0.0671119689941406 -0.0186386108398438 0.117462158203125
0.0498428344726562 0.0384941101074219 0.0714263916015625 0.135032653808594
0.0655784606933594 0.0131874084472656 0.144607543945313 0.110626220703125
0.0519485473632813 0.0201950073242188 0.138465881347656 0.0926666259765625
0.0595855712890625 0.0204124450683594 0.126213073730469 0.106796264648438
0.0377769470214844 0.0481338500976563 0.0748977661132813 0.114822387695313
-0.00554656982421875 0.062530517578125 0.0262908935546875 0.0823516845703125
-0.0609321594238281 0.0347175598144531 0.0221099853515625 0.0576858520507813
-0.0675277709960938 -0.035797119140625 0.0739974975585938 0.067657470703125
-0.0298728942871094 -0.0687980651855469 0.127960205078125 0.183151245117187
0.0197525024414063 -0.0637130737304688 0.02154541015625 0.36029052734375
-0.0117340087890625 -0.198867797851563 0.047119140625 0.143020629882813
-0.087646484375 -0.133987426757813 0.0536689758300781 0.0617561340332031
-0.160888671875 -0.0482025146484375 -0.0240116119384766 -0.00645256042480469
-0.120864868164063 0.0695571899414063 -0.0476760864257813 0.051177978515625
-0.0405426025390625 0.127357482910156 -0.032379150390625 0.09320068359375
0.0681076049804687 0.110198974609375 0.0507965087890625 0.119361877441406
0.113578796386719 0.0721893310546875 0.116325378417969 0.0996932983398438
0.094146728515625 0.0784378051757813 0.109596252441406 0.0766448974609375
0.110855102539062 0.0795059204101562 0.10076904296875 0.0890274047851563
0.0629959106445312 0.115570068359375 0.0610733032226563 0.0842819213867188
-0.0243911743164063 0.135169982910156 0.0225410461425781 0.0491294860839844
-0.122917175292969 0.0814208984375 0.0354537963867187 0.0363044738769531
-0.15936279296875 -0.06256103515625 0.093292236328125 0.058746337890625
-0.10540771484375 -0.141632080078125 0.132766723632813 0.175247192382813
-0.01318359375 -0.180389404296875 0.032989501953125 0.331207275390625
-0.031829833984375 -0.283905029296875 0.0384521484375 0.0804290771484375
-0.125885009765625 -0.197540283203125 0.0325088500976562 0.0392837524414062
-0.231292724609375 -0.0847015380859375 -0.0216102600097656 -0.00881576538085938
-0.184951782226562 0.0868988037109375 -0.0348052978515625 0.0322303771972656
-0.0801849365234375 0.173431396484375 -0.0386009216308594 0.0570297241210938
0.0745697021484375 0.167938232421875 0.0267333984375 0.0849456787109375
0.143157958984375 0.120101928710938 0.07208251953125 0.0721664428710938
0.121810913085938 0.124336242675781 0.0635643005371094 0.0492019653320313
0.147201538085938 0.125686645507813 0.0586090087890625 0.0594367980957031
0.0840301513671875 0.16455078125 0.0359420776367188 0.0414543151855469
-0.033843994140625 0.193145751953125 0.0128879547119141 0.00656795501708986
-0.165481567382813 0.125930786132813 0.0446281433105469 0.00577926635742188
-0.235702514648438 -0.0712127685546875 0.104583740234375 0.0406951904296875
-0.173324584960938 -0.188919067382813 0.120025634765625 0.149215698242188
-0.0484466552734375 -0.268096923828125 0.0353546142578125 0.26422119140625
-0.050262451171875 -0.326690673828125 0.0287723541259766 -0.00937652587890627
-0.154754638671875 -0.233078002929687 0.00342535972595214 -0.00109481811523439
-0.2752685546875 -0.10296630859375 -0.0234394073486328 -0.0121707916259766
-0.22467041015625 0.09808349609375 -0.0191192626953125 0.00972747802734375
-0.10601806640625 0.197799682617188 -0.0375709533691406 0.0125350952148438
0.072235107421875 0.201400756835938 -6.10351562499956E-05 0.0355644226074219
0.151748657226563 0.149444580078125 0.0177955627441406 0.0319004058837891
0.130615234375 0.150650024414063 0.00837993621826173 0.0140829086303711
0.161895751953125 0.152496337890625 0.00600814819335938 0.0225143432617188
0.092559814453125 0.189987182617188 0.000571727752685553 -0.00745153427124022
-0.038177490234375 0.22381591796875 -0.00408554077148438 -0.0391006469726562
-0.183303833007813 0.1533203125 0.0461502075195312 -0.0288200378417969
-0.275726318359375 -0.06787109375 0.102210998535156 0.018768310546875
-0.21435546875 -0.20703125 0.0872344970703125 0.108840942382812
-0.074798583984375 -0.3133544921875 0.0248260498046875 0.171585083007813
-0.065216064453125 -0.321441650390625 0.0166244506835937 -0.112686157226563
-0.164871215820313 -0.228958129882813 -0.0309410095214844 -0.0544052124023438
-0.277099609375 -0.0979766845703125 -0.0275459289550781 -0.0189113616943359
-0.223907470703125 0.098541259765625 -0.00401401519775392 -0.0168495178222656
-0.110580444335938 0.191009521484375 -0.0320892333984375 -0.0358619689941406
0.0615692138671875 0.201187133789063 -0.0266304016113281 -0.020538330078125
0.137939453125 0.154937744140625 -0.0390586853027344 -0.0135383605957031
0.120574951171875 0.153640747070313 -0.0485153198242187 -0.0226974487304687
0.15093994140625 0.156143188476563 -0.0491943359375 -0.016754150390625
0.0835418701171875 0.186203002929687 -0.03857421875 -0.0545196533203125
-0.041473388671875 0.216552734375 -0.02276611328125 -0.08050537109375
-0.175872802734375 0.146682739257813 0.0416946411132812 -0.0611419677734375
-0.265716552734375 -0.0636749267578125 0.08795166015625 -0.0011444091796875
-0.210784912109375 -0.1964111328125 0.0399093627929687 0.0640640258789062
-0.082672119140625 -0.309356689453125 0.00498199462890625 0.067474365234375
-0.0732879638671875 -0.2645263671875 0.000854492187500017 -0.212615966796875
-0.150283813476563 -0.182754516601563 -0.0642776489257812 -0.109115600585938
-0.227706909179687 -0.0726165771484375 -0.0341091156005859 -0.0276317596435547
-0.179229736328125 0.0828399658203125 0.00539779663085936 -0.0420951843261719
-0.091949462890625 0.151702880859375 -0.0252456665039063 -0.0757904052734375
0.0439605712890625 0.166275024414063 -0.0504302978515625 -0.0716629028320313
0.104438781738281 0.134506225585938 -0.0897598266601562 -0.0576400756835937
0.092254638671875 0.133430480957031 -0.09808349609375 -0.055877685546875
0.11602783203125 0.1375732421875 -0.0972213745117187 -0.0551681518554687
0.0565948486328125 0.155258178710938 -0.0703125 -0.0953750610351563
-0.04705810546875 0.17138671875 -0.033660888671875 -0.112030029296875
-0.14544677734375 0.106430053710938 0.0377044677734375 -0.0826034545898438
-0.205429077148438 -0.062286376953125 0.0681495666503906 -0.0130615234375
-0.163284301757812 -0.1595458984375 -0.00712203979492189 0.0211315155029297
-0.0703887939453125 -0.258193969726563 -0.0153255462646484 -0.0319557189941406
-0.068267822265625 -0.166549682617188 -0.017608642578125 -0.29364013671875
-0.110343933105469 -0.10797119140625 -0.0927886962890625 -0.156478881835938
-0.138671875 -0.0353775024414062 -0.0426292419433594 -0.0356941223144531
-0.10382080078125 0.0518875122070313 0.005401611328125 -0.0585403442382813
-0.0560531616210938 0.0863037109375 -0.0185470581054688 -0.0980758666992187
0.0198822021484375 0.104385375976562 -0.0662002563476562 -0.10687255859375
0.05450439453125 0.0929412841796875 -0.125617980957031 -0.0903778076171875
0.0494461059570312 0.092559814453125 -0.133033752441406 -0.0822296142578125
0.0611419677734375 0.0993194580078125 -0.130058288574219 -0.08782958984375
0.0189132690429688 0.102554321289063 -0.0861968994140625 -0.124374389648437
-0.0480728149414063 0.100044250488281 -0.0318069458007813 -0.128242492675781
-0.0957489013671875 0.0464401245117187 0.0379486083984375 -0.0912704467773438
-0.113838195800781 -0.0569000244140625 0.0510139465332031 -0.0177078247070313
-0.0888900756835938 -0.101882934570313 -0.0408668518066406 -0.0149307250976563
-0.0465545654296875 -0.168502807617188 -0.029083251953125 -0.111396789550781
-0.0499114990234375 -0.0436286926269531 -0.03668212890625 -0.3421630859375
-0.0533294677734375 -0.0193748474121094 -0.115829467773437 -0.188629150390625
-0.0320072174072266 0.00547409057617188 -0.0568695068359375 -0.0397071838378906
-0.0155248641967773 0.0147247314453125 -0.00401687622070313 -0.0606803894042969
-0.0147333145141602 0.00982189178466797 -0.013214111328125 -0.0992965698242188
-0.00742340087890625 0.0269241333007813 -0.0727081298828125 -0.120643615722656
-0.0032806396484375 0.0366897583007813 -0.142349243164063 -0.10687255859375
-0.000404357910156254 0.0370445251464844 -0.148040771484375 -0.0962371826171875
-0.000194549560546876 0.0454750061035156 -0.143081665039063 -0.109024047851562
-0.0179214477539063 0.0353355407714844 -0.0867080688476562 -0.138526916503906
-0.0379142761230469 0.0198135375976562 -0.0193099975585938 -0.128997802734375
-0.0327262878417969 -0.00967216491699218 0.042205810546875 -0.0876617431640625
-0.0149421691894531 -0.0339984893798828 0.0379714965820313 -0.01715087890625
-0.0129604339599609 -0.0267982482910156 -0.0551872253417969 -0.0404052734375
-0.0206336975097656 -0.0539894104003906 -0.0337677001953125 -0.159347534179688
0.00901031494140626 -0.0865478515625 0.0585479736328125 0.170074462890625
-0.0402259826660156 -0.0554466247558594 0.0682525634765625 0.0621910095214844
-0.0749664306640625 -0.005035400390625 -0.0294303894042969 -0.00300216674804687
-0.044586181640625 0.0454826354980469 -0.0517578125 0.0679893493652344
0.00314331054687501 0.0657844543457031 -0.01629638671875 0.116630554199219
0.0501365661621094 0.0356674194335938 0.0728912353515625 0.132568359375
0.0638618469238281 0.0112571716308594 0.145675659179687 0.106674194335938
0.0509834289550781 0.01904296875 0.140121459960937 0.0901412963867188
0.0585556030273438 0.0178184509277344 0.127677917480469 0.104827880859375
0.038055419921875 0.0460662841796875 0.0763320922851563 0.113525390625
-0.00426864624023438 0.0611534118652344 0.0273513793945313 0.0816879272460938
-0.059112548828125 0.0360183715820313 0.0232772827148438 0.0575141906738281
-0.0668907165527344 -0.0327568054199219 0.0749588012695313 0.0651702880859375
-0.0306777954101562 -0.0657005310058594 0.130264282226563 0.178192138671875
0.0178871154785156 -0.0633430480957031 0.02789306640625 0.35711669921875
-0.0168304443359375 -0.196426391601562 0.05047607421875 0.143814086914063
-0.0875320434570312 -0.131607055664063 0.0566673278808594 0.0607147216796875
-0.15997314453125 -0.044708251953125 -0.0243663787841797 -0.0066375732421875
-0.118385314941406 0.0707244873046875 -0.0459671020507813 0.0514564514160156
-0.0373458862304687 0.127197265625 -0.0305328369140625 0.09344482421875
0.0696868896484375 0.105690002441406 0.0528488159179688 0.116615295410156
0.113136291503906 0.067169189453125 0.117630004882812 0.0961151123046875
0.0939788818359375 0.0752716064453125 0.110603332519531 0.07525634765625
0.110992431640625 0.0753250122070313 0.102546691894531 0.0875778198242187
0.0649566650390625 0.111595153808594 0.0619659423828125 0.083221435546875
-0.0204696655273438 0.1336669921875 0.0227622985839844 0.0487518310546875
-0.1207275390625 0.0839309692382812 0.0359458923339844 0.0362625122070313
-0.159393310546875 -0.05767822265625 0.0941314697265625 0.0563583374023437
-0.106651306152344 -0.136398315429688 0.13470458984375 0.1707763671875
-0.01708984375 -0.17913818359375 0.03875732421875 0.32843017578125
-0.038665771484375 -0.28106689453125 0.0407867431640625 0.081512451171875
-0.126968383789062 -0.194534301757813 0.035186767578125 0.0392684936523437
-0.231414794921875 -0.0794677734375 -0.0228042602539063 -0.00871276855468751
-0.181884765625 0.08905029296875 -0.03387451171875 0.0331554412841797
-0.0753631591796875 0.174270629882813 -0.0367164611816406 0.0589179992675781
0.077728271484375 0.163040161132813 0.02838134765625 0.082794189453125
0.144073486328125 0.114212036132813 0.0736618041992188 0.070068359375
0.123512268066406 0.120597839355469 0.0641365051269531 0.0481643676757813
0.148513793945313 0.120361328125 0.060638427734375 0.05816650390625
0.0861358642578125 0.159805297851563 0.0360298156738281 0.0410003662109375
-0.0290679931640625 0.191162109375 0.0115509033203125 0.00720882415771486
-0.162368774414062 0.1282958984375 0.0443954467773438 0.00589752197265626
-0.23529052734375 -0.06475830078125 0.105010986328125 0.0390243530273437
-0.17486572265625 -0.182891845703125 0.121902465820312 0.145416259765625
-0.053955078125 -0.266937255859375 0.0390167236328125 0.261993408203125
-0.056976318359375 -0.3245849609375 0.0292854309082031 -0.00734901428222658
-0.15643310546875 -0.230194091796875 0.00522232055664062 -2.47955322265766E-05
-0.276885986328125 -0.096710205078125 -0.0252246856689453 -0.0115337371826172
-0.2213134765625 0.102066040039063 -0.0189437866210938 0.0114173889160156
-0.10089111328125 0.199630737304688 -0.0363311767578125 0.0146522521972656
0.0760498046875 0.19561767578125 0.00161361694335938 0.0344791412353516
0.154373168945313 0.142868041992188 0.0189266204833985 0.0310802459716797
0.132949829101563 0.147247314453125 0.00806236267089845 0.0147304534912109
0.1636962890625 0.146194458007813 0.00799942016601564 0.0222797393798828
0.0958709716796875 0.184585571289063 -0.000308036804199213 -0.00688743591308593
-0.0322418212890625 0.222259521484375 -0.00582504272460937 -0.0378875732421875
-0.179931640625 0.155563354492188 0.0453910827636719 -0.0286293029785156
-0.275482177734375 -0.0619354248046875 0.102249145507813 0.0174331665039063
-0.21551513671875 -0.200408935546875 0.0882797241210937 0.106712341308594
-0.080047607421875 -0.31231689453125 0.026947021484375 0.169891357421875
-0.0709228515625 -0.319244384765625 0.0149078369140625 -0.110649108886719
-0.167556762695313 -0.226318359375 -0.0298194885253906 -0.052093505859375
-0.279083251953125 -0.0914154052734376 -0.0298500061035156 -0.0173778533935547
-0.2213134765625 0.102798461914063 -0.00437927246093751 -0.0150279998779297
-0.106094360351562 0.194107055664063 -0.0318126678466797 -0.0329570770263672
0.065582275390625 0.1966552734375 -0.0255928039550781 -0.0210533142089844
0.141632080078125 0.148529052734375 -0.0383071899414062 -0.014068603515625
0.123794555664063 0.150726318359375 -0.0490951538085937 -0.0211639404296875
0.153228759765625 0.15057373046875 -0.0479469299316406 -0.0164070129394531
0.086944580078125 0.180984497070313 -0.0394439697265625 -0.05322265625
-0.036407470703125 0.215347290039063 -0.0247421264648438 -0.0790786743164062
-0.172561645507813 0.149993896484375 0.0403099060058594 -0.0605621337890625
-0.26556396484375 -0.0581512451171875 0.0883255004882812 -0.0013275146484375
-0.2115478515625 -0.190399169921875 0.0409088134765625 0.063629150390625
-0.08782958984375 -0.3082275390625 0.00582122802734374 0.0666275024414062
-0.0772247314453125 -0.264297485351563 -0.00236511230468751 -0.210159301757813
-0.152725219726562 -0.181594848632812 -0.0652542114257813 -0.106239318847656
-0.230377197265625 -0.06768798828125 -0.0353469848632813 -0.0256919860839844
-0.1778564453125 0.086700439453125 0.00412368774414061 -0.0403709411621094
-0.0883941650390625 0.154510498046875 -0.0260543823242188 -0.07354736328125
0.0474853515625 0.163009643554687 -0.0498580932617188 -0.0713424682617187
0.107963562011719 0.129531860351563 -0.0896453857421875 -0.056182861328125
0.095306396484375 0.131362915039063 -0.09930419921875 -0.054168701171875
0.117965698242187 0.133125305175781 -0.0970993041992187 -0.0533905029296875
0.0596160888671875 0.151870727539062 -0.0715103149414062 -0.0929107666015625
-0.0421600341796875 0.17138671875 -0.036041259765625 -0.109573364257813
-0.143142700195313 0.10882568359375 0.0354461669921875 -0.0818023681640625
-0.206390380859375 -0.0587615966796875 0.06817626953125 -0.0130043029785156
-0.163803100585937 -0.156219482421875 -0.00701904296875001 0.0222129821777344
-0.0753021240234375 -0.257949829101563 -0.0163307189941406 -0.0319900512695313
-0.070770263671875 -0.166839599609375 -0.02264404296875 -0.2906494140625
-0.111564636230469 -0.107429504394531 -0.094818115234375 -0.153732299804688
-0.141448974609375 -0.032562255859375 -0.04510498046875 -0.0336685180664063
-0.102737426757813 0.05487060546875 0.00389862060546875 -0.0565643310546875
-0.0550689697265625 0.088592529296875 -0.0197372436523437 -0.0965957641601563
0.02191162109375 0.102638244628906 -0.0663681030273437 -0.105979919433594
0.057952880859375 0.0901260375976563 -0.126129150390625 -0.0876312255859375
0.0519332885742187 0.0914154052734375 -0.134414672851562 -0.0797576904296875
0.0637969970703125 0.0970230102539063 -0.130966186523438 -0.0853805541992188
0.0215911865234375 0.100570678710938 -0.08770751953125 -0.121910095214844
-0.0447921752929688 0.101364135742187 -0.034210205078125 -0.1259765625
-0.0957183837890625 0.048614501953125 0.0357437133789062 -0.0902786254882812
-0.115737915039063 -0.0545196533203125 0.0504150390625 -0.0171890258789063
-0.0899429321289062 -0.0998992919921875 -0.0408210754394531 -0.0132408142089844
-0.049835205078125 -0.16876220703125 -0.03179931640625 -0.110305786132813
-0.0498847961425781 -0.044586181640625 -0.0426025390625 -0.338836669921875
-0.0542488098144531 -0.0196075439453125 -0.119766235351563 -0.184967041015625
-0.0337810516357422 0.00586128234863282 -0.0578727722167969 -0.0364570617675781
-0.0167226791381836 0.0154905319213867 -0.00536727905273438 -0.0587577819824219
-0.0157442092895508 0.0114126205444336 -0.0145339965820313 -0.0980758666992188
-0.00704193115234375 0.0274505615234375 -0.0736236572265625 -0.119094848632812
-0.000892639160156254 0.0363578796386719 -0.142913818359375 -0.10394287109375
0.00128555297851563 0.0371589660644531 -0.149520874023437 -0.0933074951171875
0.00146102905273438 0.0452880859375 -0.144546508789062 -0.106109619140625
-0.0161857604980469 0.035491943359375 -0.0882415771484375 -0.136085510253906
-0.03656005859375 0.0216903686523438 -0.02130126953125 -0.127464294433594
-0.0336093902587891 -0.00848770141601562 0.0391998291015625 -0.0876312255859375
-0.0172653198242187 -0.0342617034912109 0.0373458862304688 -0.0164146423339844
-0.0138778686523438 -0.0275802612304688 -0.0567855834960938 -0.0378227233886719
-0.0223197937011719 -0.05517578125 -0.0377655029296875 -0.158096313476563
0.00816345214843749 -0.08575439453125 0.0610198974609375 0.174468994140625
-0.0394401550292969 -0.0557975769042969 0.0703659057617188 0.06243896484375
-0.0743484497070313 -0.00543212890625 -0.0297336578369141 -0.00357627868652344
-0.0444297790527344 0.0447845458984375 -0.0520591735839844 0.0679931640625
0.00424957275390625 0.0655937194824219 -0.0159683227539062 0.118324279785156
0.04998779296875 0.0344810485839844 0.0730972290039063 0.133697509765625
0.0630035400390625 0.010009765625 0.1478271484375 0.10791015625
0.0504188537597656 0.0187721252441406 0.142669677734375 0.0923309326171875
0.058563232421875 0.0165596008300781 0.131187438964844 0.106613159179687
0.0381507873535156 0.0452499389648438 0.0771560668945312 0.115768432617187
-0.00340652465820312 0.0608482360839844 0.027069091796875 0.082763671875
-0.0591316223144531 0.0368309020996094 0.024261474609375 0.0579795837402344
-0.0663604736328125 -0.0316085815429688 0.0756378173828125 0.0651016235351563
-0.0310516357421875 -0.064849853515625 0.131820678710938 0.178237915039063
0.0172004699707031 -0.0634841918945313 0.029266357421875 0.361114501953125
-0.0182037353515625 -0.197830200195313 0.0530548095703125 0.147979736328125
-0.0870361328125 -0.1326904296875 0.0596275329589844 0.0617446899414062
-0.161285400390625 -0.044769287109375 -0.0256137847900391 -0.0067596435546875
-0.118904113769531 0.0711669921875 -0.0462989807128906 0.0521354675292969
-0.0359573364257813 0.128929138183594 -0.0300216674804688 0.09552001953125
0.0704193115234375 0.104644775390625 0.0533905029296875 0.117080688476563
0.113410949707031 0.0659103393554688 0.119705200195313 0.0967330932617188
0.0954055786132813 0.0762557983398438 0.112548828125 0.0762100219726563
0.111976623535156 0.0741424560546875 0.105613708496094 0.0892562866210938
0.0656814575195313 0.1109619140625 0.0623626708984375 0.0848846435546875
-0.0203399658203125 0.134201049804688 0.0221443176269531 0.049285888671875
-0.121879577636719 0.0855178833007812 0.0373878479003906 0.037384033203125
-0.160812377929688 -0.0566864013671875 0.0955047607421875 0.0566024780273438
-0.106941223144531 -0.136489868164062 0.1368408203125 0.171463012695313
-0.0186614990234375 -0.181716918945313 0.039306640625 0.33209228515625
-0.040008544921875 -0.284820556640625 0.042938232421875 0.0857696533203125
-0.127899169921875 -0.197357177734375 0.0378913879394531 0.0398445129394531
-0.234710693359375 -0.079376220703125 -0.024923324584961 -0.00811576843261719
-0.183395385742188 0.090301513671875 -0.0338630676269531 0.0338478088378906
-0.0754241943359375 0.177352905273437 -0.0365638732910156 0.0606956481933594
0.0794219970703125 0.162017822265625 0.0288925170898438 0.0831146240234375
0.146041870117187 0.112472534179688 0.0747222900390625 0.0702667236328125
0.125259399414063 0.121757507324219 0.0650138854980469 0.0496253967285156
0.15087890625 0.119064331054688 0.0630607604980469 0.0592613220214844
0.087677001953125 0.159683227539063 0.0357818603515625 0.0421867370605469
-0.0285491943359375 0.19329833984375 0.0111846923828125 0.00800228118896485
-0.164840698242188 0.131179809570313 0.0456314086914062 0.00695037841796876
-0.238143920898438 -0.0644989013671876 0.106544494628906 0.039215087890625
-0.175613403320312 -0.184005737304688 0.1236572265625 0.146484375
-0.05560302734375 -0.271209716796875 0.04022216796875 0.265289306640625
-0.059112548828125 -0.33038330078125 0.0314426422119141 -0.00476646423339846
-0.157958984375 -0.234222412109375 0.00718402862548827 0.000489234924316392
-0.282318115234375 -0.096771240234375 -0.0274581909179688 -0.0107955932617188
-0.223861694335938 0.103652954101562 -0.0188884735107422 0.0123939514160156
-0.101730346679687 0.204498291015625 -0.0362167358398438 0.0164566040039063
0.077362060546875 0.196090698242188 0.00253486633300782 0.0339450836181641
0.157180786132813 0.141616821289063 0.0200824737548828 0.0307807922363281
0.1365966796875 0.148269653320313 0.00783538818359376 0.0145406723022461
0.166778564453125 0.14520263671875 0.0085735321044922 0.0223407745361328
0.097747802734375 0.1842041015625 -0.000853538513183588 -0.00639963150024413
-0.0314788818359375 0.224777221679688 -0.00683975219726563 -0.03753662109375
-0.18310546875 0.159469604492188 0.046234130859375 -0.0277557373046875
-0.279815673828125 -0.061492919921875 0.104248046875 0.017608642578125
-0.216842651367188 -0.20263671875 0.089599609375 0.10797119140625
-0.0823974609375 -0.31829833984375 0.02703857421875 0.172286987304688
-0.073211669921875 -0.325592041015625 0.0158615112304688 -0.109687805175781
-0.169464111328125 -0.2315673828125 -0.0294837951660156 -0.0518951416015625
-0.2861328125 -0.091796875 -0.0318794250488281 -0.0163154602050781
-0.224456787109375 0.10516357421875 -0.00457477569580079 -0.0136938095092773
-0.106658935546875 0.19879150390625 -0.0320034027099609 -0.0313625335693359
0.0667724609375 0.197219848632813 -0.0253925323486328 -0.0223522186279297
0.144439697265625 0.147537231445313 -0.0377349853515625 -0.0141372680664062
0.126800537109375 0.152389526367188 -0.0508537292480469 -0.0218048095703125
0.156494140625 0.150192260742188 -0.0481681823730469 -0.0170402526855469
0.0885772705078125 0.181716918945312 -0.0402679443359375 -0.0532989501953125
-0.0357513427734375 0.218215942382813 -0.0265350341796875 -0.0791473388671875
-0.175537109375 0.153305053710938 0.0408248901367187 -0.0597724914550781
-0.269866943359375 -0.0585784912109375 0.0896682739257812 -0.00136566162109375
-0.212615966796875 -0.192962646484375 0.0411643981933594 0.0648689270019531
-0.089874267578125 -0.31475830078125 0.00510025024414062 0.0669746398925781
-0.078887939453125 -0.269805908203125 -0.00245666503906251 -0.21087646484375
-0.155517578125 -0.1864013671875 -0.0655288696289063 -0.107215881347656
-0.236526489257812 -0.0678558349609375 -0.0382537841796875 -0.02423095703125
-0.180953979492187 0.0892486572265625 0.00408935546874999 -0.0390434265136719
-0.0894775390625 0.15936279296875 -0.025848388671875 -0.0729141235351562
0.04833984375 0.16412353515625 -0.0497894287109375 -0.0733108520507812
0.111129760742188 0.128746032714844 -0.0905227661132813 -0.0572357177734375
0.0982131958007813 0.13226318359375 -0.101615905761719 -0.055328369140625
0.120552062988281 0.133583068847656 -0.0982208251953125 -0.05517578125
0.06072998046875 0.151748657226563 -0.0726165771484375 -0.094024658203125
-0.040740966796875 0.173873901367188 -0.0374603271484375 -0.109779357910156
-0.145416259765625 0.111282348632813 0.0354766845703125 -0.0815582275390625
-0.210479736328125 -0.0588226318359375 0.0698890686035156 -0.0127677917480469
-0.1654052734375 -0.157928466796875 -0.00709533691406251 0.0230216979980469
-0.0771942138671875 -0.263381958007813 -0.0174236297607422 -0.0333480834960938
-0.071990966796875 -0.17144775390625 -0.02349853515625 -0.2938232421875
-0.114486694335937 -0.110664367675781 -0.0969696044921875 -0.154525756835938
-0.145706176757813 -0.0325164794921875 -0.0465812683105469 -0.0318870544433594
-0.105239868164062 0.0564651489257813 0.00360488891601561 -0.0555686950683594
-0.0557785034179688 0.091766357421875 -0.02020263671875 -0.0966110229492188
0.0223312377929688 0.103507995605469 -0.0667037963867188 -0.108612060546875
0.060760498046875 0.0896987915039063 -0.128067016601563 -0.08935546875
0.0545501708984375 0.0927200317382813 -0.137283325195313 -0.0813522338867188
0.0657119750976563 0.0973052978515625 -0.132713317871094 -0.0866317749023438
0.0224151611328125 0.100540161132813 -0.0895462036132813 -0.12322998046875
-0.0434494018554688 0.103584289550781 -0.0350723266601563 -0.126846313476563
-0.09716796875 0.0504150390625 0.0354690551757813 -0.0906753540039063
-0.118972778320312 -0.0559921264648438 0.05145263671875 -0.0167388916015625
-0.0908203125 -0.102066040039062 -0.041595458984375 -0.0122108459472656
-0.0513763427734375 -0.173065185546875 -0.0329513549804688 -0.112380981445313
-0.0501518249511719 -0.0477066040039062 -0.0440673828125 -0.3433837890625
-0.0557708740234375 -0.0212326049804688 -0.122161865234375 -0.186279296875
-0.0362205505371094 0.00494384765625 -0.0588569641113281 -0.0353431701660156
-0.0178604125976563 0.0167007446289062 -0.006134033203125 -0.0582160949707031
-0.016632080078125 0.0121726989746094 -0.0147705078125 -0.0992889404296875
-0.00682449340820313 0.0280742645263672 -0.0741043090820312 -0.121124267578125
0.000381469726562497 0.0362396240234375 -0.145599365234375 -0.1051025390625
0.00193023681640625 0.0380973815917969 -0.152679443359375 -0.095062255859375
0.002471923828125 0.0461235046386719 -0.146697998046875 -0.107650756835938
-0.0161209106445313 0.0357818603515625 -0.0896835327148437 -0.137252807617188
-0.0363540649414062 0.0234184265136719 -0.02227783203125 -0.128196716308594
-0.0345897674560547 -0.00787162780761718 0.0389556884765625 -0.0881271362304688
-0.0195159912109375 -0.035797119140625 0.0378875732421875 -0.0156021118164063
-0.0143661499023437 -0.0291385650634766 -0.0574989318847656 -0.0371322631835938
-0.0229148864746094 -0.0576057434082031 -0.039337158203125 -0.160888671875
0.00791931152343751 -0.087188720703125 0.0667266845703125 0.181915283203125
-0.0399360656738281 -0.0569648742675781 0.07470703125 0.064117431640625
-0.0761566162109375 -0.00563812255859374 -0.0317096710205078 -0.0035533905029297
-0.0453567504882812 0.0458412170410156 -0.0526123046875 0.0704727172851563
0.0062408447265625 0.0670700073242188 -0.0146408081054687 0.122665405273438
0.0519027709960938 0.0332450866699219 0.0764541625976563 0.137382507324219
0.0637855529785156 0.0090484619140625 0.154312133789063 0.109512329101563
0.0515708923339844 0.01861572265625 0.149765014648437 0.0951080322265625
0.0597496032714844 0.0156059265136719 0.138427734375 0.110382080078125
0.0392494201660156 0.0456047058105469 0.0809783935546875 0.120315551757813
-0.00289535522460938 0.0614814758300781 0.0287857055664063 0.0857696533203125
-0.0609016418457031 0.0394477844238281 0.0263404846191406 0.0604400634765625
-0.0676383972167969 -0.0311851501464844 0.078369140625 0.0663833618164063
-0.0319633483886719 -0.0651512145996094 0.138320922851563 0.182891845703125
0.0167732238769531 -0.065673828125 0.032958984375 0.37432861328125
-0.02069091796875 -0.203598022460938 0.05804443359375 0.15484619140625
-0.089935302734375 -0.137420654296875 0.0639305114746094 0.0633010864257812
-0.167037963867188 -0.0454559326171875 -0.0279979705810547 -0.00658226013183594
-0.122215270996094 0.0737228393554688 -0.0465965270996094 0.0543441772460938
-0.0352401733398437 0.133255004882813 -0.029144287109375 0.100341796875
0.0735015869140625 0.105232238769531 0.0553207397460938 0.120758056640625
0.117301940917969 0.0653915405273438 0.12530517578125 0.0988616943359375
0.099151611328125 0.0780563354492187 0.118453979492187 0.0790328979492188
0.116348266601562 0.0742645263671875 0.111602783203125 0.0922393798828125
0.0680999755859375 0.11309814453125 0.0649795532226563 0.088714599609375
-0.0196380615234375 0.138053894042969 0.0226898193359375 0.0518226623535156
-0.125701904296875 0.0904159545898438 0.0396270751953125 0.0387611389160156
-0.166290283203125 -0.0572509765625 0.0992279052734375 0.0578689575195313
-0.111061096191406 -0.139579772949219 0.142684936523438 0.175933837890625
-0.021270751953125 -0.188919067382813 0.04388427734375 0.343719482421875
-0.044189453125 -0.294769287109375 0.0470504760742188 0.0902328491210937
-0.132537841796875 -0.204360961914063 0.0414161682128906 0.0421371459960937
-0.244766235351562 -0.0801086425781251 -0.0277347564697266 -0.007232666015625
-0.189529418945313 0.094696044921875 -0.0344352722167969 0.0364837646484375
-0.0751190185546875 0.18499755859375 -0.0360641479492188 0.0646705627441406
0.0829315185546875 0.164718627929688 0.030853271484375 0.0853042602539063
0.152313232421875 0.11273193359375 0.079193115234375 0.0713577270507812
0.131576538085938 0.124435424804688 0.0682525634765625 0.051300048828125
0.157073974609375 0.120361328125 0.0669708251953125 0.0613327026367188
0.0914306640625 0.1629638671875 0.0367927551269531 0.0441055297851563
-0.0267333984375 0.199615478515625 0.0104217529296875 0.00871276855468751
-0.170135498046875 0.138290405273438 0.047821044921875 0.00745391845703126
-0.247650146484375 -0.06549072265625 0.111763000488281 0.039459228515625
-0.182281494140625 -0.188827514648437 0.129119873046875 0.149673461914063
-0.060699462890625 -0.282745361328125 0.04278564453125 0.274932861328125
-0.065155029296875 -0.343017578125 0.0334129333496094 -0.00269317626953127
-0.16558837890625 -0.2437744140625 0.00950527191162108 0.00080490112304686
-0.29571533203125 -0.09698486328125 -0.0310211181640625 -0.00895690917968751
-0.231430053710938 0.109512329101562 -0.0194816589355469 0.01434326171875
-0.102386474609375 0.214767456054688 -0.0368537902832031 0.0191917419433594
0.0820770263671875 0.200180053710937 0.00292587280273438 0.0341148376464844
0.164093017578125 0.142745971679688 0.0220489501953125 0.0312423706054688
0.143569946289063 0.152633666992188 0.00801944732666016 0.0158376693725586
0.174209594726563 0.147705078125 0.0101318359375 0.0232200622558594
0.102066040039063 0.188156127929688 -0.00104856491088867 -0.00613689422607421
-0.0294189453125 0.232513427734375 -0.008697509765625 -0.0378952026367187
-0.189865112304688 0.167617797851563 0.0480804443359375 -0.0280227661132812
-0.291595458984375 -0.0620422363281251 0.1090087890625 0.0176467895507812
-0.224380493164063 -0.2086181640625 0.09332275390625 0.110549926757812
-0.088775634765625 -0.33172607421875 0.028656005859375 0.177566528320312
-0.079833984375 -0.3392333984375 0.0165481567382812 -0.112129211425781
-0.177871704101563 -0.24114990234375 -0.0290298461914063 -0.0534172058105469
-0.299560546875 -0.0917053222656251 -0.0357742309570313 -0.0142974853515625
-0.232177734375 0.112213134765625 -0.00467300415039064 -0.01239013671875
-0.108154296875 0.20941162109375 -0.032623291015625 -0.0312976837158203
0.0703125 0.202651977539063 -0.0259780883789062 -0.0239372253417969
0.151702880859375 0.149215698242187 -0.0390815734863281 -0.0154838562011719
0.134307861328125 0.15692138671875 -0.0530815124511719 -0.021942138671875
0.16375732421875 0.152557373046875 -0.0496253967285156 -0.0180473327636719
0.092620849609375 0.185409545898438 -0.0425224304199219 -0.0548133850097656
-0.0334320068359375 0.226394653320312 -0.0288009643554687 -0.080047607421875
-0.181793212890625 0.161651611328125 0.041748046875 -0.0614967346191406
-0.28143310546875 -0.0598449707031251 0.093963623046875 -0.00247955322265625
-0.22064208984375 -0.199111938476563 0.0431022644042969 0.0667915344238281
-0.096832275390625 -0.328857421875 0.00553131103515624 0.0684432983398438
-0.084503173828125 -0.281890869140625 -0.00376892089843749 -0.217666625976563
-0.163345336914063 -0.194107055664063 -0.0678329467773438 -0.109893798828125
-0.2489013671875 -0.0673980712890625 -0.0414009094238281 -0.022125244140625
-0.187484741210937 0.0950164794921875 0.00410461425781249 -0.0390892028808594
-0.0912628173828125 0.167938232421875 -0.0268173217773438 -0.073974609375
0.0514068603515625 0.168807983398438 -0.0512008666992188 -0.0764389038085937
0.117256164550781 0.130325317382813 -0.0938034057617187 -0.0588302612304687
0.104263305664063 0.136734008789062 -0.107307434082031 -0.0565414428710937
0.126983642578125 0.135910034179688 -0.102890014648437 -0.0573272705078125
0.0641937255859375 0.155120849609375 -0.0769424438476563 -0.0970535278320312
-0.0393829345703125 0.180496215820313 -0.0404739379882813 -0.112777709960937
-0.151535034179687 0.118011474609375 0.0360946655273437 -0.084197998046875
-0.220504760742188 -0.060333251953125 0.0729904174804687 -0.0139236450195313
-0.17169189453125 -0.163665771484375 -0.00743484497070314 0.0243492126464844
-0.0830535888671875 -0.275161743164063 -0.0189533233642578 -0.0351409912109375
-0.076019287109375 -0.180145263671875 -0.026611328125 -0.3037109375
-0.120758056640625 -0.115837097167969 -0.101943969726562 -0.158615112304688
-0.153762817382813 -0.0321044921875 -0.04913330078125 -0.0308990478515625
-0.109199523925781 0.060455322265625 0.00360870361328124 -0.0561866760253906
-0.0575790405273437 0.0973739624023438 -0.0215835571289063 -0.099456787109375
0.0244140625 0.107063293457031 -0.068878173828125 -0.112564086914062
0.0645217895507813 0.0905685424804688 -0.133232116699219 -0.09197998046875
0.0585479736328125 0.0955123901367188 -0.144546508789062 -0.0837554931640625
0.0695266723632813 0.099945068359375 -0.139846801757813 -0.0895919799804688
0.0242156982421875 0.103614807128906 -0.0938644409179687 -0.126884460449219
-0.0429229736328125 0.108055114746094 -0.037567138671875 -0.129920959472656
-0.100990295410156 0.0544586181640625 0.0353317260742188 -0.093780517578125
-0.125625610351563 -0.0577392578125 0.0537452697753906 -0.0178794860839844
-0.0950088500976563 -0.106147766113281 -0.0439643859863281 -0.0116615295410156
-0.054840087890625 -0.18133544921875 -0.036224365234375 -0.117752075195313
-0.0522193908691406 -0.0514335632324219 -0.049041748046875 -0.354522705078125
-0.058807373046875 -0.0222663879394531 -0.128082275390625 -0.191055297851563
-0.0387115478515625 0.00566864013671876 -0.0610008239746094 -0.0343551635742188
-0.0185489654541016 0.0183887481689453 -0.0064239501953125 -0.0594940185546875
-0.0174751281738281 0.0142812728881836 -0.0162811279296875 -0.102874755859375
-0.00686073303222656 0.0295391082763672 -0.0771560668945312 -0.126121520996094
0.001678466796875 0.0373764038085938 -0.152542114257813 -0.108169555664062
0.00312423706054687 0.0394058227539063 -0.161117553710938 -0.0971221923828125
0.00350570678710938 0.0480575561523437 -0.154632568359375 -0.111129760742187
-0.0157089233398437 0.03778076171875 -0.0943756103515625 -0.141693115234375
-0.0364723205566406 0.025238037109375 -0.0235214233398437 -0.131874084472656
-0.0366897583007813 -0.007049560546875 0.038970947265625 -0.091461181640625
-0.0224266052246094 -0.0367202758789062 0.0396308898925781 -0.0161170959472656
-0.0156326293945313 -0.0308628082275391 -0.060455322265625 -0.0375480651855469
-0.0245437622070312 -0.0615386962890625 -0.04278564453125 -0.16754150390625
0.00531768798828125 -0.0898818969726563 0.076934814453125 0.188446044921875
-0.0418014526367188 -0.0581321716308594 0.08111572265625 0.0650634765625
-0.0786056518554688 -0.00399780273437499 -0.033935546875 -0.00279998779296874
-0.0462188720703125 0.048004150390625 -0.0520095825195313 0.0750885009765625
0.00917434692382812 0.0682106018066406 -0.0110092163085937 0.128250122070313
0.0545730590820313 0.0316810607910156 0.08245849609375 0.141082763671875
0.0653610229492187 0.00648880004882812 0.165481567382813 0.109420776367188
0.0538978576660156 0.0175971984863281 0.161468505859375 0.0950164794921875
0.0617942810058594 0.0131378173828125 0.15093994140625 0.111679077148438
0.042083740234375 0.045501708984375 0.0888137817382813 0.124549865722656
-0.00146102905273438 0.0635108947753906 0.032012939453125 0.0887374877929688
-0.0616798400878906 0.0431060791015625 0.0302734375 0.0622062683105469
-0.0706558227539063 -0.029998779296875 0.0842514038085937 0.0665969848632813
-0.0348587036132813 -0.0655136108398438 0.149993896484375 0.185867309570313
0.0146980285644531 -0.0682449340820313 0.047332763671875 0.389129638671875
-0.028656005859375 -0.210845947265625 0.0680999755859375 0.161346435546875
-0.09722900390625 -0.141250610351563 0.0706558227539063 0.0636978149414062
-0.176101684570313 -0.0419769287109375 -0.0308570861816406 -0.00464057922363281
-0.125228881835938 0.08013916015625 -0.0463371276855469 0.0581398010253906
-0.03106689453125 0.139884948730469 -0.0264129638671875 0.10546875
0.0797119140625 0.105300903320313 0.0612716674804688 0.123924255371094
0.123046875 0.0629348754882813 0.134681701660156 0.0989837646484375
0.106010437011719 0.0778961181640625 0.127731323242187 0.0797195434570312
0.12396240234375 0.071929931640625 0.121795654296875 0.09320068359375
0.074554443359375 0.114204406738281 0.070587158203125 0.0917892456054688
-0.015411376953125 0.1439208984375 0.0241737365722656 0.05413818359375
-0.128730773925781 0.0991363525390625 0.0435714721679687 0.0396575927734375
-0.175506591796875 -0.0536041259765625 0.1060791015625 0.0561981201171875
-0.119369506835938 -0.141525268554688 0.154586791992188 0.178146362304688
-0.0295257568359375 -0.196990966796875 0.056640625 0.35760498046875
-0.05657958984375 -0.306365966796875 0.054290771484375 0.0950546264648438
-0.145248413085937 -0.21051025390625 0.046478271484375 0.042694091796875
-0.259033203125 -0.0749511718749999 -0.0313205718994141 -0.00438690185546876
-0.1947021484375 0.104568481445313 -0.0342636108398438 0.0396957397460938
-0.071319580078125 0.1961669921875 -0.0347480773925781 0.0695419311523438
0.0913238525390625 0.16729736328125 0.0347366333007813 0.0876922607421875
0.161285400390625 0.110427856445313 0.0855484008789063 0.0715713500976563
0.14239501953125 0.12542724609375 0.073516845703125 0.0522308349609375
0.168228149414063 0.118988037109375 0.0735702514648438 0.0621109008789062
0.1005859375 0.1654052734375 0.0400199890136719 0.0462837219238281
-0.0209808349609375 0.208450317382813 0.0100317001342773 0.00968551635742189
-0.1741943359375 0.151397705078125 0.0514259338378906 0.00701522827148438
-0.261459350585938 -0.0599975585937501 0.118339538574219 0.036895751953125
-0.194686889648438 -0.191757202148438 0.139266967773438 0.151870727539063
-0.07421875 -0.294464111328125 0.05364990234375 0.284912109375
-0.080169677734375 -0.357391357421875 0.0366897583007813 -0.00239944458007815
-0.180587768554687 -0.2508544921875 0.0113286972045898 0.000892639160156235
-0.313995361328125 -0.091644287109375 -0.0343856811523438 -0.0051860809326172
-0.23846435546875 0.122024536132812 -0.0191287994384766 0.0162944793701172
-0.0986175537109375 0.228530883789062 -0.0366134643554688 0.0228195190429688
0.0918426513671875 0.204208374023438 0.0041351318359375 0.0354728698730469
0.175323486328125 0.140518188476563 0.0239753723144531 0.031707763671875
0.156173706054687 0.154708862304688 0.00847530364990235 0.0171222686767578
0.18804931640625 0.146408081054688 0.0124263763427735 0.0229740142822266
0.1121826171875 0.19146728515625 -0.00202751159667968 -0.00550460815429686
-0.0219268798828125 0.243515014648438 -0.0112686157226563 -0.0377616882324219
-0.193191528320313 0.182373046875 0.0497932434082031 -0.0304031372070312
-0.307952880859375 -0.055999755859375 0.115020751953125 0.0135116577148437
-0.239898681640625 -0.211257934570312 0.100578308105469 0.112945556640625
-0.104705810546875 -0.34637451171875 0.0355987548828125 0.184066772460937
-0.095306396484375 -0.35406494140625 0.01483154296875 -0.116004943847656
-0.194534301757813 -0.247970581054688 -0.0306510925292969 -0.0541000366210938
-0.31890869140625 -0.0852966308593749 -0.0395889282226563 -0.0102310180664063
-0.239501953125 0.12548828125 -0.00480651855468751 -0.0116376876831055
-0.10546875 0.224990844726563 -0.0342559814453125 -0.0299968719482422
0.0805206298828125 0.207672119140625 -0.0272140502929687 -0.0253429412841797
0.163009643554688 0.14739990234375 -0.041046142578125 -0.0153427124023438
0.146575927734375 0.159393310546875 -0.0575790405273437 -0.0202674865722656
0.177413940429687 0.15252685546875 -0.0523910522460937 -0.0179595947265625
0.102584838867187 0.189346313476562 -0.0472145080566406 -0.055908203125
-0.02606201171875 0.237289428710938 -0.033294677734375 -0.0818634033203125
-0.185943603515625 0.175872802734375 0.0424613952636719 -0.0650901794433594
-0.298187255859375 -0.053466796875 0.0988693237304687 -0.0064849853515625
-0.23651123046875 -0.20196533203125 0.04620361328125 0.0684165954589844
-0.112701416015625 -0.343109130859375 0.00701141357421874 0.0704879760742187
-0.098541259765625 -0.295196533203125 -0.010498046875 -0.226272583007813
-0.17791748046875 -0.200439453125 -0.0741653442382813 -0.112197875976563
-0.2645263671875 -0.0614471435546875 -0.0451164245605469 -0.0186996459960937
-0.19378662109375 0.10614013671875 0.00349807739257812 -0.0393218994140625
-0.0889739990234375 0.180816650390625 -0.0301742553710938 -0.0751419067382812
0.05902099609375 0.173934936523438 -0.0557174682617188 -0.0796051025390625
0.126808166503906 0.1295166015625 -0.0996170043945313 -0.0594558715820312
0.115043640136719 0.139259338378906 -0.115333557128906 -0.0550765991210937
0.13787841796875 0.137290954589844 -0.110153198242187 -0.0573272705078125
0.0721435546875 0.159332275390625 -0.0834732055664063 -0.0984649658203125
-0.034088134765625 0.189895629882813 -0.046234130859375 -0.115303039550781
-0.155288696289063 0.12957763671875 0.0352325439453125 -0.0889053344726562
-0.234405517578125 -0.0560913085937499 0.0764923095703125 -0.0180587768554688
-0.183685302734375 -0.166793823242187 -0.00751495361328126 0.0263633728027344
-0.096160888671875 -0.28778076171875 -0.0225143432617188 -0.0368728637695313
-0.08563232421875 -0.189117431640625 -0.037384033203125 -0.314971923828125
-0.13079833984375 -0.118972778320313 -0.1114501953125 -0.161956787109375
-0.163345336914063 -0.0276641845703125 -0.0523643493652344 -0.0274810791015625
-0.112075805664062 0.0680923461914062 0.00181198120117186 -0.0575981140136719
-0.0568618774414063 0.105804443359375 -0.025299072265625 -0.102561950683594
0.0286941528320313 0.11151123046875 -0.0750656127929688 -0.116409301757813
0.0709304809570313 0.0908889770507812 -0.142242431640625 -0.0927886962890625
0.0652847290039063 0.0978240966796875 -0.155609130859375 -0.08197021484375
0.0768814086914062 0.101348876953125 -0.150314331054688 -0.08966064453125
0.0289688110351563 0.107025146484375 -0.102775573730469 -0.129928588867188
-0.0402603149414062 0.114715576171875 -0.0438308715820313 -0.134185791015625
-0.105033874511719 0.0611114501953125 0.0336761474609375 -0.09857177734375
-0.135139465332031 -0.0567550659179688 0.0559043884277344 -0.0205421447753906
-0.102363586425781 -0.109176635742188 -0.0462570190429688 -0.00960922241210939
-0.06378173828125 -0.190216064453125 -0.0428085327148437 -0.122398376464844
-0.0560379028320313 -0.0545196533203125 -0.06256103515625 -0.368621826171875
-0.0632095336914063 -0.0226707458496094 -0.140350341796875 -0.195266723632813
-0.0411796569824219 0.00767898559570312 -0.0636634826660156 -0.0321731567382813
-0.0190391540527344 0.0204582214355469 -0.00896453857421875 -0.0610122680664063
-0.0182819366455078 0.0167789459228516 -0.0202713012695313 -0.106498718261719
-0.00655746459960937 0.0323276519775391 -0.0839691162109375 -0.130455017089844
0.00391006469726562 0.0387420654296875 -0.162673950195313 -0.109039306640625
0.00589370727539063 0.04119873046875 -0.172683715820312 -0.0969696044921875
0.00640487670898437 0.050567626953125 -0.167037963867187 -0.1112060546875
-0.0148468017578125 0.0397796630859375 -0.103469848632812 -0.146072387695313
-0.0364189147949219 0.0285110473632813 -0.0292587280273437 -0.136253356933594
-0.0397987365722656 -0.00481414794921875 0.0367050170898437 -0.0963211059570313
-0.0266189575195313 -0.0382804870605469 0.0409431457519531 -0.0186309814453125
-0.0180225372314453 -0.0327720642089844 -0.0647926330566406 -0.0362319946289063
-0.0283737182617188 -0.0653152465820313 -0.05133056640625 -0.17462158203125
0.00128936767578124 -0.0915679931640625 0.091888427734375 0.190750122070313
-0.045196533203125 -0.0580596923828125 0.0889205932617188 0.0616302490234375
-0.0808181762695313 -0.000198364257812496 -0.0360755920410156 -0.000289916992187507
-0.0452232360839844 0.0511054992675781 -0.0492782592773438 0.0792007446289063
0.013885498046875 0.0686264038085938 -0.0037384033203125 0.132820129394531
0.0564117431640625 0.0277900695800781 0.091766357421875 0.141769409179688
0.0663948059082031 0.00309371948242188 0.176864624023437 0.103713989257812
0.0559234619140625 0.0151290893554687 0.173873901367187 0.0896759033203125
0.0635414123535156 0.00889205932617188 0.164291381835938 0.10723876953125
0.0455284118652344 0.043487548828125 0.0979690551757813 0.12469482421875
0.00179672241210937 0.0647239685058594 0.037261962890625 0.0897369384765625
-0.0606765747070313 0.0483818054199219 0.0356292724609375 0.0619583129882813
-0.0733184814453125 -0.0268020629882812 0.0909576416015625 0.0632247924804688
-0.0392608642578125 -0.0647087097167969 0.164306640625 0.181716918945313
0.0109100341796875 -0.0706558227539063 0.070343017578125 0.397674560546875
-0.0410614013671875 -0.21514892578125 0.08087158203125 0.163375854492188
-0.106597900390625 -0.140792846679688 0.0775680541992188 0.06219482421875
-0.1842041015625 -0.0334930419921875 -0.0334739685058594 -0.00123405456542968
-0.125213623046875 0.0882720947265625 -0.0435523986816406 0.062469482421875
-0.0230712890625 0.1451416015625 -0.0205764770507813 0.110069274902344
0.0864486694335938 0.102256774902344 0.0690994262695313 0.1248779296875
0.128776550292969 0.0562973022460938 0.144927978515625 0.094390869140625
0.11334228515625 0.0737457275390625 0.137367248535156 0.0758895874023438
0.130485534667969 0.06597900390625 0.133193969726563 0.0897445678710938
0.0826339721679687 0.112251281738281 0.078216552734375 0.0923309326171875
-0.00788879394531251 0.1488037109375 0.0270118713378906 0.0550765991210938
-0.127296447753906 0.110282897949219 0.0482254028320312 0.0383987426757813
-0.183517456054688 -0.046295166015625 0.112403869628906 0.0511245727539062
-0.129768371582031 -0.139739990234375 0.16851806640625 0.174331665039063
-0.0417022705078125 -0.20220947265625 0.07757568359375 0.36492919921875
-0.076324462890625 -0.312774658203125 0.0626602172851563 0.0965194702148438
-0.159912109375 -0.21063232421875 0.0519599914550781 0.0417633056640625
-0.272872924804688 -0.0622406005859375 -0.0337581634521484 0.000453948974609365
-0.195358276367188 0.118011474609375 -0.0320396423339844 0.0432548522949219
-0.0611114501953125 0.2064208984375 -0.0311050415039063 0.0741348266601563
0.102996826171875 0.164962768554688 0.0402908325195313 0.0879592895507813
0.170822143554688 0.10284423828125 0.0926132202148438 0.06927490234375
0.154251098632813 0.121688842773437 0.0800094604492188 0.050628662109375
0.1796875 0.111358642578125 0.0808868408203125 0.0594482421875
0.111953735351563 0.163543701171875 0.0435791015625 0.0464363098144531
-0.0096282958984375 0.215591430664063 0.00998115539550781 0.010772705078125
-0.172271728515625 0.167129516601563 0.0543708801269531 0.00477218627929688
-0.2740478515625 -0.0483856201171875 0.123863220214844 0.0300750732421875
-0.2103271484375 -0.188201904296875 0.151092529296875 0.1488037109375
-0.0933837890625 -0.302093505859375 0.06976318359375 0.290557861328125
-0.103179931640625 -0.365478515625 0.0397071838378906 -0.00250625610351565
-0.200302124023437 -0.251388549804688 0.0138044357299805 0.000547409057617172
-0.330474853515625 -0.0755004882812499 -0.0373306274414063 0.000183105468749996
-0.239334106445313 0.139495849609375 -0.01788330078125 0.0189208984375
-0.0876617431640625 0.242828369140625 -0.0355110168457031 0.0261344909667969
0.105072021484375 0.204437255859375 0.00655364990234376 0.0351428985595703
0.187759399414063 0.132675170898438 0.0274372100830078 0.030792236328125
0.170761108398438 0.15106201171875 0.0100421905517578 0.0179271697998047
0.20208740234375 0.138397216796875 0.0151042938232422 0.0226459503173828
0.125595092773438 0.189956665039063 -0.00230216979980468 -0.0047168731689453
-0.00871276855468752 0.25152587890625 -0.0142326354980469 -0.0372085571289062
-0.190780639648438 0.200698852539063 0.0507736206054687 -0.0336227416992187
-0.322509765625 -0.0413818359375 0.119277954101562 0.00589752197265625
-0.258316040039062 -0.206634521484375 0.109161376953125 0.110260009765625
-0.128173828125 -0.354461669921875 0.0455169677734375 0.187301635742187
-0.118988037109375 -0.3621826171875 0.010345458984375 -0.118721008300781
-0.214981079101563 -0.247894287109375 -0.0339622497558594 -0.0539970397949219
-0.335662841796875 -0.0690612792968749 -0.0416717529296875 -0.00482177734375
-0.24114990234375 0.143386840820313 -0.00439739227294923 -0.0106754302978516
-0.09490966796875 0.240127563476563 -0.0360946655273438 -0.0276870727539062
0.09454345703125 0.209213256835937 -0.029052734375 -0.0251502990722656
0.17633056640625 0.141082763671875 -0.0429115295410156 -0.0138931274414062
0.161041259765625 0.156509399414063 -0.0610771179199219 -0.0172271728515625
0.192001342773438 0.14605712890625 -0.0553817749023437 -0.0161056518554687
0.115737915039063 0.188385009765625 -0.0518836975097656 -0.0543098449707031
-0.0126953125 0.245590209960937 -0.0397872924804687 -0.0811386108398437
-0.182373046875 0.194320678710938 0.0407333374023437 -0.0690040588378906
-0.313018798828125 -0.0394897460937499 0.101112365722656 -0.01385498046875
-0.254119873046875 -0.197891235351562 0.0507087707519531 0.0680465698242187
-0.136016845703125 -0.350677490234375 0.0096435546875 0.071807861328125
-0.118865966796875 -0.301025390625 -0.022369384765625 -0.231063842773438
-0.195480346679688 -0.198959350585938 -0.0818710327148438 -0.111442565917969
-0.278854370117188 -0.0480041503906251 -0.0472259521484375 -0.0134620666503906
-0.193710327148438 0.121383666992187 0.00210571289062499 -0.0394210815429688
-0.0812835693359375 0.193618774414063 -0.03448486328125 -0.075103759765625
0.07025146484375 0.175552368164062 -0.0610198974609375 -0.080230712890625
0.137565612792969 0.124778747558594 -0.106315612792969 -0.0565032958984375
0.127853393554688 0.137397766113281 -0.123153686523437 -0.0499954223632813
0.151260375976563 0.132156372070313 -0.118080139160156 -0.0528488159179688
0.0829010009765625 0.159332275390625 -0.092193603515625 -0.097015380859375
-0.0231475830078125 0.197113037109375 -0.0543060302734375 -0.114952087402344
-0.153701782226563 0.143798828125 0.0318069458007812 -0.0927276611328125
-0.24786376953125 -0.0460052490234376 0.0775146484375 -0.0241470336914063
-0.198165893554688 -0.16387939453125 -0.00669479370117189 0.0277500152587891
-0.115692138671875 -0.294769287109375 -0.0263442993164062 -0.0377349853515625
-0.099365234375 -0.192657470703125 -0.0555419921875 -0.321502685546875
-0.14215087890625 -0.116790771484375 -0.123565673828125 -0.160934448242187
-0.172027587890625 -0.0194091796875 -0.054534912109375 -0.0233688354492187
-0.112106323242187 0.0772171020507813 -0.000366210937500002 -0.0583953857421875
-0.0523529052734375 0.114418029785156 -0.0311737060546875 -0.103363037109375
0.0357208251953125 0.113578796386719 -0.0832290649414063 -0.117637634277344
0.0782089233398438 0.0888900756835938 -0.152557373046875 -0.0884246826171875
0.0739822387695313 0.097503662109375 -0.16741943359375 -0.076507568359375
0.0860366821289063 0.100334167480469 -0.16204833984375 -0.084442138671875
0.0357513427734375 0.107704162597656 -0.113555908203125 -0.128448486328125
-0.0339736938476562 0.120750427246094 -0.052642822265625 -0.133934020996094
-0.105682373046875 0.0703201293945313 0.0290756225585937 -0.103073120117188
-0.145431518554688 -0.050872802734375 0.0568885803222656 -0.0251426696777344
-0.111129760742188 -0.108390808105469 -0.0485458374023438 -0.00670623779296877
-0.0770263671875 -0.19537353515625 -0.0526046752929688 -0.124038696289063
-0.0613136291503906 -0.0552635192871094 -0.085052490234375 -0.3756103515625
-0.0675277709960938 -0.0201148986816406 -0.155960083007812 -0.193359375
-0.0427436828613281 0.00955581665039063 -0.066070556640625 -0.0289459228515625
-0.0184803009033203 0.0226917266845703 -0.0116844177246094 -0.0610809326171875
-0.0184249877929688 0.0195446014404297 -0.0262451171875 -0.108177185058594
-0.00476646423339844 0.0349807739257813 -0.093048095703125 -0.130699157714844
0.006805419921875 0.0390090942382813 -0.175048828125 -0.104217529296875
0.0090789794921875 0.0424537658691406 -0.186019897460938 -0.09039306640625
0.010528564453125 0.0521278381347656 -0.180984497070313 -0.105148315429688
-0.012664794921875 0.0420875549316406 -0.115081787109375 -0.145462036132812
-0.0346183776855469 0.0314712524414063 -0.0368194580078125 -0.138481140136719
-0.0413818359375 -0.00131988525390625 0.0323486328125 -0.100654602050781
-0.0317344665527344 -0.0377388000488281 0.0408821105957031 -0.0214195251464844
-0.0210514068603516 -0.0340614318847656 -0.0693130493164062 -0.0327682495117188
-0.0334510803222656 -0.0673828125 -0.064117431640625 -0.177322387695313
-0.0033721923828125 -0.0906295776367188 0.103652954101562 0.1865234375
-0.0476150512695313 -0.0557060241699219 0.0932998657226563 0.0574722290039063
-0.0807876586914063 0.00411224365234376 -0.0366325378417969 0.0027923583984375
-0.0431938171386719 0.0529403686523437 -0.0441131591796875 0.08111572265625
0.0178489685058594 0.0663948059082031 0.00347137451171874 0.132354736328125
0.0571365356445312 0.023406982421875 0.0995559692382813 0.137985229492188
0.0651626586914063 -0.00074005126953125 0.183929443359375 0.09429931640625
0.0563087463378906 0.0120086669921875 0.181549072265625 0.0803680419921875
0.0627937316894531 0.00426101684570313 0.173248291015625 0.097686767578125
0.0476493835449219 0.0397872924804688 0.106109619140625 0.120620727539063
0.00532150268554688 0.0643539428710938 0.041290283203125 0.0883331298828125
-0.0578231811523438 0.0518608093261719 0.0394668579101562 0.059661865234375
-0.0739593505859375 -0.022857666015625 0.0945205688476563 0.05767822265625
-0.0423469543457031 -0.0617828369140625 0.17401123046875 0.171707153320313
0.00650787353515625 -0.07061767578125 0.09307861328125 0.392486572265625
-0.053192138671875 -0.212753295898438 0.092071533203125 0.159912109375
-0.113914489746094 -0.136093139648438 0.082794189453125 0.0578384399414062
-0.18634033203125 -0.0228271484375 -0.0336704254150391 0.00301742553710937
-0.120948791503906 0.0955276489257813 -0.0393104553222656 0.0644340515136719
-0.0142364501953125 0.145919799804688 -0.013916015625 0.111099243164063
0.0913772583007813 0.0954360961914063 0.0755767822265625 0.121841430664063
0.130714416503906 0.0488433837890625 0.151504516601563 0.0863494873046875
0.117500305175781 0.06793212890625 0.144119262695313 0.06842041015625
0.133415222167969 0.0575180053710938 0.141143798828125 0.0818328857421875
0.0884323120117187 0.106826782226563 0.0842819213867188 0.089447021484375
-0.000198364257812508 0.149017333984375 0.0295867919921875 0.0545082092285156
-0.121391296386719 0.118484497070313 0.0510292053222656 0.0353279113769531
-0.186630249023438 -0.0361785888671875 0.115280151367187 0.0439300537109375
-0.137161254882813 -0.132133483886719 0.177505493164063 0.164703369140625
-0.0544281005859375 -0.201004028320313 0.0985107421875 0.359039306640625
-0.0950927734375 -0.30975341796875 0.0707778930664063 0.0936813354492187
-0.172134399414063 -0.203994750976563 0.0567169189453125 0.0387382507324219
-0.277069091796875 -0.0461578369140625 -0.0340042114257813 0.00587081909179687
-0.189620971679688 0.129470825195313 -0.0283546447753906 0.0452423095703125
-0.0478057861328125 0.209884643554688 -0.0262832641601563 0.0759353637695313
0.111557006835938 0.15789794921875 0.0449752807617188 0.086090087890625
0.175827026367188 0.0918121337890625 0.0982284545898438 0.0637893676757813
0.161758422851563 0.113479614257813 0.0841522216796875 0.0474624633789063
0.18585205078125 0.0992279052734375 0.08599853515625 0.0545883178710938
0.121078491210937 0.156494140625 0.0468254089355469 0.0456619262695313
0.00231933593749998 0.21575927734375 0.0100927352905273 0.0112190246582031
-0.16290283203125 0.178680419921875 0.0563163757324219 0.00131225585937501
-0.278518676757813 -0.0336456298828126 0.125167846679687 0.02178955078125
-0.220901489257812 -0.177703857421875 0.158843994140625 0.140090942382813
-0.11163330078125 -0.29937744140625 0.0863037109375 0.285552978515625
-0.12548828125 -0.36090087890625 0.0412063598632813 -0.00380325317382815
-0.214599609375 -0.242645263671875 0.0156936645507812 8.10623168945164E-05
-0.33740234375 -0.05517578125 -0.0371627807617188 0.00624084472656249
-0.232467651367188 0.154144287109375 -0.0155754089355469 0.0202369689941406
-0.072296142578125 0.249114990234375 -0.0328178405761719 0.0284233093261719
0.11651611328125 0.197006225585938 0.00874710083007813 0.0342216491699219
0.194473266601562 0.121170043945312 0.0300045013427734 0.0286483764648438
0.180862426757812 0.14166259765625 0.011810302734375 0.0183811187744141
0.210769653320313 0.12530517578125 0.016622543334961 0.0217952728271484
0.136199951171875 0.182281494140625 -0.00298428535461425 -0.00332164764404296
0.00637817382812497 0.252456665039063 -0.016937255859375 -0.0351219177246094
-0.179672241210937 0.21435546875 0.050384521484375 -0.0365638732910156
-0.327423095703125 -0.023345947265625 0.118537902832031 -0.00188446044921875
-0.269683837890625 -0.193817138671875 0.11517333984375 0.104393005371094
-0.149566650390625 -0.3505859375 0.055450439453125 0.184051513671875
-0.14154052734375 -0.357757568359375 0.00572967529296874 -0.1182861328125
-0.2308349609375 -0.237747192382812 -0.0350227355957032 -0.0520820617675781
-0.343048095703125 -0.04888916015625 -0.0414581298828125 0.00153350830078125
-0.233596801757812 0.158111572265625 -0.00398349761962892 -0.00953674316406249
-0.07977294921875 0.247512817382813 -0.0370292663574219 -0.0251541137695312
0.10638427734375 0.202896118164063 -0.0302257537841797 -0.0251522064208984
0.18316650390625 0.12945556640625 -0.0430488586425781 -0.0125541687011719
0.172103881835938 0.147811889648438 -0.0625076293945312 -0.0128936767578125
0.201446533203125 0.133743286132813 -0.0572738647460937 -0.0125350952148437
0.126449584960938 0.181045532226562 -0.0553550720214844 -0.0508766174316406
0.00250244140625002 0.246231079101563 -0.044403076171875 -0.0777587890625
-0.172409057617187 0.206573486328125 0.0377655029296875 -0.0710830688476562
-0.318695068359375 -0.022064208984375 0.0996017456054687 -0.0200881958007813
-0.265350341796875 -0.185882568359375 0.0541534423828125 0.0663032531738281
-0.1578369140625 -0.3470458984375 0.0125350952148437 0.0706558227539062
-0.137451171875 -0.296905517578125 -0.0336151123046875 -0.229446411132813
-0.208145141601563 -0.190536499023438 -0.08709716796875 -0.107009887695313
-0.28485107421875 -0.03143310546875 -0.0470352172851563 -0.007843017578125
-0.187820434570313 0.133575439453125 0.00101089477539061 -0.0384788513183594
-0.0687103271484375 0.200241088867188 -0.0380935668945313 -0.0726776123046875
0.0807342529296875 0.1719970703125 -0.0651168823242188 -0.0789108276367187
0.144760131835938 0.115859985351563 -0.110366821289062 -0.0511398315429688
0.137489318847656 0.130401611328125 -0.127296447753906 -0.0419921875
0.159912109375 0.122711181640625 -0.122909545898438 -0.0459518432617187
0.091949462890625 0.154190063476563 -0.098297119140625 -0.0919113159179687
-0.011077880859375 0.198715209960938 -0.0607452392578125 -0.111083984375
-0.146072387695313 0.155181884765625 0.0263442993164062 -0.0941390991210937
-0.253204345703125 -0.0322113037109374 0.0757827758789062 -0.029388427734375
-0.207763671875 -0.154739379882812 -0.00584983825683595 0.0290794372558594
-0.1339111328125 -0.29168701171875 -0.030364990234375 -0.0364303588867188
-0.111892700195312 -0.1898193359375 -0.07318115234375 -0.318359375
-0.150314331054688 -0.110107421875 -0.132293701171875 -0.153976440429688
-0.175247192382813 -0.00938415527343751 -0.054473876953125 -0.0187149047851563
-0.108154296875 0.0841293334960938 -0.00320053100585939 -0.0569992065429687
-0.0450057983398438 0.119056701660156 -0.0367355346679687 -0.100982666015625
0.0420989990234375 0.112373352050781 -0.0892105102539063 -0.114997863769531
0.0833206176757812 0.0838088989257812 -0.158905029296875 -0.08074951171875
0.0809860229492188 0.0937728881835938 -0.173751831054688 -0.06585693359375
0.0928955078125 0.0947723388671875 -0.168991088867188 -0.0741729736328125
0.0417251586914063 0.106086730957031 -0.121269226074219 -0.122634887695312
-0.0264511108398438 0.122444152832031 -0.0596847534179687 -0.130783081054688
-0.102180480957031 0.078094482421875 0.0232925415039062 -0.10400390625
-0.150619506835938 -0.0427398681640625 0.0545845031738281 -0.0289039611816406
-0.117835998535156 -0.103797912597656 -0.0494651794433594 -0.0028076171875
-0.08978271484375 -0.19384765625 -0.0608444213867187 -0.121253967285156
-0.0654106140136719 -0.0536422729492188 -0.104949951171875 -0.37060546875
-0.0690040588378906 -0.0166282653808594 -0.167266845703125 -0.184112548828125
-0.0436592102050781 0.0117225646972656 -0.0658988952636719 -0.0246315002441406
-0.0167980194091797 0.0236415863037109 -0.0148086547851562 -0.0591049194335938
-0.0174751281738281 0.0220832824707031 -0.0324249267578125 -0.106452941894531
-0.00264739990234375 0.0363426208496094 -0.099609375 -0.128211975097656
0.00956344604492188 0.0385169982910156 -0.18280029296875 -0.0954742431640625
0.0123558044433594 0.0423240661621094 -0.193603515625 -0.079437255859375
0.0142097473144531 0.0518798828125 -0.1898193359375 -0.0942535400390625
-0.00955200195312501 0.043212890625 -0.123794555664063 -0.1392822265625
-0.0322151184082031 0.0337810516357422 -0.0448379516601563 -0.136032104492188
-0.0417976379394531 0.00209808349609376 0.0258255004882813 -0.102043151855469
-0.0364189147949219 -0.0351371765136719 0.0393486022949219 -0.024139404296875
-0.0236434936523437 -0.0340900421142578 -0.071258544921875 -0.0281219482421875
-0.0381889343261719 -0.0675926208496094 -0.0753021240234375 -0.173599243164063
-0.0061798095703125 -0.0887527465820313 0.109542846679687 0.180709838867188
-0.0488433837890625 -0.0541877746582031 0.0952987670898438 0.053466796875
-0.0791549682617188 0.00693511962890625 -0.0360794067382813 0.00547409057617188
-0.0412368774414063 0.0536041259765625 -0.040557861328125 0.080841064453125
0.0195655822753906 0.0636405944824219 0.00741577148437499 0.129196166992188
0.0559272766113281 0.0201416015625 0.101585388183594 0.134017944335938
0.0632896423339844 -0.00347518920898438 0.185302734375 0.086822509765625
0.0553550720214844 0.0101547241210938 0.183624267578125 0.0724945068359375
0.0607070922851563 0.00155258178710938 0.17633056640625 0.0900115966796875
0.047760009765625 0.0374031066894531 0.109428405761719 0.1170654296875
0.00715255737304688 0.0629348754882813 0.0432586669921875 0.0861434936523437
-0.0553321838378906 0.0533065795898438 0.0415496826171875 0.0568122863769531
-0.07275390625 -0.0206527709960938 0.0956954956054688 0.0530014038085938
-0.0434913635253906 -0.0588417053222656 0.177108764648438 0.1630859375
0.00358581542968749 -0.0692214965820312 0.104034423828125 0.38189697265625
-0.0601654052734375 -0.207351684570312 0.0973052978515625 0.15460205078125
-0.117019653320313 -0.131568908691406 0.0852127075195312 0.0542678833007812
-0.184677124023438 -0.0155181884765625 -0.0329399108886719 0.00691604614257812
-0.116744995117188 0.0978851318359375 -0.0359649658203125 0.0640182495117188
-0.0087127685546875 0.143234252929687 -0.010009765625 0.109397888183594
0.0920867919921875 0.0897140502929687 0.0778656005859375 0.118194580078125
0.129066467285156 0.0426559448242187 0.153457641601563 0.08026123046875
0.118797302246094 0.0634002685546875 0.145950317382813 0.0626220703125
0.132575988769531 0.050811767578125 0.14361572265625 0.07568359375
0.0901870727539063 0.102005004882812 0.0869827270507813 0.0868148803710938
0.00469970703125 0.146331787109375 0.0302848815917969 0.0536460876464844
-0.116401672363281 0.121566772460937 0.0528030395507813 0.0328330993652344
-0.185882568359375 -0.0308074951171875 0.115036010742187 0.0385971069335938
-0.138870239257813 -0.126228332519531 0.180252075195313 0.155838012695313
-0.0611114501953125 -0.196334838867187 0.10791015625 0.349578857421875
-0.104400634765625 -0.301788330078125 0.0745086669921875 0.0907974243164062
-0.176284790039063 -0.197021484375 0.0590858459472656 0.0360336303710937
-0.27569580078125 -0.0349884033203125 -0.0324020385742188 0.0104465484619141
-0.183197021484375 0.1341552734375 -0.0259437561035156 0.0449790954589844
-0.0387420654296875 0.209381103515625 -0.023193359375 0.0756301879882813
0.113876342773437 0.150390625 0.0465240478515625 0.0832290649414063
0.175048828125 0.0834197998046875 0.100242614746094 0.0592880249023438
0.16461181640625 0.107040405273438 0.0864181518554688 0.0442428588867188
0.185760498046875 0.0899505615234375 0.0880203247070313 0.0507049560546875
0.124053955078125 0.149978637695312 0.0480499267578125 0.0450439453125
0.00971984863281251 0.2125244140625 0.0100393295288086 0.0121135711669922
-0.154998779296875 0.18292236328125 0.0563697814941406 -0.000640869140624989
-0.277481079101563 -0.024078369140625 0.123054504394531 0.0170059204101563
-0.223114013671875 -0.16949462890625 0.160629272460938 0.13348388671875
-0.12115478515625 -0.29315185546875 0.0936126708984375 0.278030395507813
-0.13671875 -0.35296630859375 0.0426521301269531 -0.0042991638183594
-0.220672607421875 -0.23388671875 0.0180339813232422 -0.000722885131835952
-0.3359375 -0.04156494140625 -0.0343799591064453 0.0111045837402344
-0.224700927734375 0.160629272460938 -0.0135173797607422 0.0209484100341797
-0.06103515625 0.248703002929687 -0.0312156677246094 0.0295944213867188
0.121200561523437 0.18914794921875 0.00914192199707032 0.0326957702636719
0.194854736328125 0.111602783203125 0.0316104888916016 0.0264377593994141
0.184783935546875 0.133926391601563 0.0131855010986328 0.0187053680419922
0.211868286132813 0.115066528320313 0.017599105834961 0.0211524963378906
0.140380859375 0.174896240234375 -0.00282955169677734 -0.00220894813537597
0.0143280029296875 0.248184204101563 -0.0183658599853516 -0.0324249267578125
-0.171112060546875 0.21917724609375 0.0490951538085937 -0.0377388000488281
-0.326904296875 -0.01202392578125 0.115699768066406 -0.00638580322265625
-0.27215576171875 -0.184600830078125 0.115760803222656 0.0998001098632813
-0.160736083984375 -0.342803955078125 0.0589752197265625 0.17901611328125
-0.152557373046875 -0.3497314453125 0.00269317626953124 -0.116325378417969
-0.235992431640625 -0.229736328125 -0.0350151062011719 -0.0507431030273438
-0.342132568359375 -0.034637451171875 -0.0390243530273438 0.00666046142578124
-0.225738525390625 0.164596557617187 -0.00319194793701173 -0.00880527496337889
-0.068511962890625 0.248077392578125 -0.0363731384277344 -0.0226402282714844
0.111358642578125 0.196243286132812 -0.0312824249267578 -0.0252418518066406
0.184188842773438 0.12078857421875 -0.0427055358886719 -0.0116615295410156
0.17626953125 0.140640258789063 -0.0620002746582031 -0.00982666015625
0.203445434570313 0.12359619140625 -0.0572013854980469 -0.0103569030761719
0.130111694335938 0.173919677734375 -0.0568923950195313 -0.0477828979492187
0.0112457275390625 0.24224853515625 -0.0462799072265625 -0.0740509033203125
-0.163848876953125 0.211074829101563 0.035430908203125 -0.0708160400390625
-0.318572998046875 -0.0109558105468751 0.0959014892578125 -0.0239791870117188
-0.268096923828125 -0.176101684570313 0.0545806884765625 0.063995361328125
-0.169036865234375 -0.340362548828125 0.0127754211425781 0.0687141418457031
-0.1468505859375 -0.29058837890625 -0.0399169921875 -0.224594116210938
-0.212310791015625 -0.183242797851563 -0.0886001586914063 -0.102951049804687
-0.284454345703125 -0.020111083984375 -0.0448837280273438 -0.00362014770507813
-0.181259155273438 0.138748168945313 0.000339508056640611 -0.0370368957519531
-0.0594635009765625 0.20184326171875 -0.0389976501464844 -0.0688362121582031
0.085174560546875 0.166885375976563 -0.0671310424804688 -0.0772933959960938
0.146194458007812 0.109130859375 -0.110679626464844 -0.0477294921875
0.141525268554688 0.124832153320313 -0.128517150878906 -0.0360565185546875
0.16229248046875 0.114593505859375 -0.123817443847656 -0.040283203125
0.0958099365234375 0.148529052734375 -0.100616455078125 -0.08685302734375
-0.00367736816406252 0.19586181640625 -0.0637130737304688 -0.105918884277344
-0.139114379882813 0.159255981445312 0.0236892700195312 -0.0933074951171875
-0.25384521484375 -0.0223541259765625 0.07220458984375 -0.0317001342773438
-0.209823608398438 -0.147674560546875 -0.00508117675781251 0.0297431945800781
-0.144134521484375 -0.286285400390625 -0.0324172973632813 -0.0345382690429688
-0.11712646484375 -0.185302734375 -0.081817626953125 -0.311431884765625
-0.1524658203125 -0.105056762695313 -0.135330200195313 -0.147705078125
-0.175399780273438 -0.00291442871093749 -0.0525779724121094 -0.01556396484375
-0.104110717773438 0.087127685546875 -0.00398254394531251 -0.0556144714355469
-0.040191650390625 0.120559692382813 -0.0385284423828125 -0.09716796875
0.0458602905273437 0.109977722167969 -0.0923995971679687 -0.112678527832031
0.0846176147460938 0.07958984375 -0.160781860351562 -0.0754547119140625
0.084320068359375 0.0898590087890625 -0.175018310546875 -0.0581207275390625
0.09600830078125 0.0897216796875 -0.170944213867187 -0.066864013671875
0.0451889038085938 0.102890014648438 -0.125 -0.116706848144531
-0.0213470458984375 0.121086120605469 -0.063140869140625 -0.126091003417969
-0.0979461669921875 0.0819625854492188 0.0196914672851562 -0.102851867675781
-0.152786254882813 -0.0364532470703125 0.0520553588867187 -0.0308151245117188
-0.120170593261719 -0.09991455078125 -0.0496788024902344 -8.7738037109392E-05
-0.0959930419921875 -0.190658569335938 -0.0653915405273437 -0.116928100585938
-0.0666007995605469 -0.0525016784667969 -0.115386962890625 -0.360931396484375
-0.0689926147460938 -0.0143966674804687 -0.171432495117187 -0.177017211914063
-0.0432624816894531 0.0128326416015625 -0.0645408630371094 -0.0223503112792969
-0.0159187316894531 0.0239105224609375 -0.0157356262207031 -0.0573463439941406
-0.0159530639648438 0.0234527587890625 -0.0348434448242188 -0.103103637695313
-0.00087738037109375 0.0373382568359375 -0.102508544921875 -0.125053405761719
0.0107574462890625 0.037841796875 -0.185028076171875 -0.0886993408203125
0.0140342712402344 0.0416259765625 -0.195602416992187 -0.0711517333984375
0.0169944763183594 0.0509986877441406 -0.192169189453125 -0.0850982666015625
-0.00751495361328125 0.0433082580566406 -0.127456665039062 -0.133880615234375
-0.0296516418457031 0.0347270965576172 -0.0479202270507812 -0.132041931152344
-0.0413665771484375 0.0047607421875 0.022064208984375 -0.100250244140625
-0.0389022827148437 -0.0331039428710937 0.0375938415527344 -0.0252418518066406
-0.0254116058349609 -0.0334835052490234 -0.0710678100585938 -0.0242385864257812
-0.0411453247070313 -0.0673751831054688 -0.08026123046875 -0.167984008789062
-0.00692749023437499 -0.08709716796875 0.1104736328125 0.178878784179688
-0.04864501953125 -0.0530738830566406 0.096160888671875 0.0522537231445313
-0.0782394409179688 0.00750732421875 -0.0351066589355469 0.00694847106933594
-0.0409660339355469 0.0531883239746094 -0.0397109985351563 0.0796966552734375
0.0198173522949219 0.0621490478515625 0.00755310058593749 0.127395629882813
0.0544281005859375 0.0182838439941406 0.1015625 0.1339111328125
0.0614471435546875 -0.00360488891601562 0.1864013671875 0.0845489501953125
0.0551681518554688 0.00984573364257813 0.184661865234375 0.069915771484375
0.05877685546875 0.0005340576171875 0.17767333984375 0.0871124267578125
0.0473670959472656 0.0357284545898437 0.110893249511719 0.117042541503906
0.00719451904296874 0.0622787475585938 0.0427703857421875 0.0862197875976563
-0.0542144775390625 0.0534782409667969 0.0424537658691406 0.0554389953613281
-0.0717544555664063 -0.02020263671875 0.0952606201171875 0.0508956909179688
-0.0431060791015625 -0.0573348999023438 0.176284790039062 0.15911865234375
0.00296783447265625 -0.0682716369628906 0.104461669921875 0.377197265625
-0.061309814453125 -0.204452514648438 0.098388671875 0.152999877929688
-0.117156982421875 -0.130485534667969 0.0872344970703125 0.0525283813476563
-0.18377685546875 -0.01324462890625 -0.0313949584960938 0.00947189331054687
-0.115509033203125 0.097991943359375 -0.0353279113769531 0.0633049011230469
-0.00706481933593751 0.141632080078125 -0.0096588134765625 0.107810974121094
0.0909805297851563 0.0868301391601563 0.0779037475585938 0.117568969726562
0.126945495605469 0.0411911010742188 0.154495239257813 0.0780487060546875
0.118377685546875 0.062103271484375 0.147308349609375 0.0616302490234375
0.130844116210938 0.048095703125 0.145050048828125 0.0732269287109375
0.0894546508789063 0.09942626953125 0.0881576538085938 0.086700439453125
0.005889892578125 0.145126342773438 0.029815673828125 0.05419921875
-0.114151000976562 0.122772216796875 0.0531349182128906 0.0314559936523438
-0.185394287109375 -0.0296478271484375 0.11370849609375 0.0366363525390625
-0.138473510742188 -0.125114440917969 0.179702758789063 0.153167724609375
-0.0626983642578125 -0.195526123046875 0.108245849609375 0.344879150390625
-0.106292724609375 -0.29827880859375 0.0759658813476563 0.0897140502929688
-0.177337646484375 -0.195404052734375 0.0608024597167969 0.03466796875
-0.274200439453125 -0.0311737060546875 -0.0299530029296875 0.0129356384277344
-0.180496215820313 0.135208129882812 -0.0246696472167969 0.0446853637695313
-0.0360260009765625 0.207656860351563 -0.022125244140625 0.0753707885742188
0.113357543945313 0.146514892578125 0.0462112426757813 0.0830001831054688
0.173187255859375 0.0806427001953125 0.101020812988281 0.0573501586914063
0.164932250976563 0.104949951171875 0.0877685546875 0.0433425903320313
0.18463134765625 0.08624267578125 0.0890579223632813 0.0493087768554688
0.123779296875 0.147018432617188 0.0487785339355469 0.045196533203125
0.0114593505859375 0.210678100585938 0.00886440277099609 0.0134372711181641
-0.152816772460938 0.184890747070312 0.0568161010742187 -0.00122070312499999
-0.277496337890625 -0.021514892578125 0.12103271484375 0.0150222778320312
-0.222244262695313 -0.16717529296875 0.159515380859375 0.130722045898438
-0.124237060546875 -0.29119873046875 0.0926055908203125 0.274826049804688
-0.13995361328125 -0.3486328125 0.0436325073242187 -0.00434112548828127
-0.221359252929687 -0.231796264648438 0.0188694000244141 -0.00132179260253908
-0.33477783203125 -0.036834716796875 -0.0317478179931641 0.0143718719482422
-0.222564697265625 0.162078857421875 -0.0125503540039063 0.0213279724121094
-0.0574951171875 0.247787475585938 -0.0299606323242188 0.03009033203125
0.12115478515625 0.185455322265625 0.00858497619628907 0.0323276519775391
0.193572998046875 0.108154296875 0.0326251983642578 0.0255680084228516
0.18597412109375 0.131973266601563 0.0139961242675781 0.0186290740966797
0.211593627929688 0.1104736328125 0.0179195404052735 0.0212440490722656
0.140121459960938 0.171234130859375 -0.00222206115722655 -0.00146937370300292
0.0172119140625 0.245315551757813 -0.0185413360595703 -0.0306377410888672
-0.16754150390625 0.220458984375 0.0494842529296875 -0.0375442504882812
-0.32720947265625 -0.00894165039062504 0.113235473632812 -0.00740814208984375
-0.272064208984375 -0.182540893554687 0.115364074707031 0.0983047485351562
-0.16436767578125 -0.34130859375 0.058074951171875 0.176834106445312
-0.154937744140625 -0.34625244140625 0.00354766845703123 -0.114944458007813
-0.237060546875 -0.228408813476563 -0.0336532592773438 -0.0509262084960938
-0.342071533203125 -0.0308837890625 -0.0365180969238281 0.009124755859375
-0.22344970703125 0.166290283203125 -0.00210809707641603 -0.00790739059448241
-0.06475830078125 0.247589111328125 -0.0358200073242188 -0.021697998046875
0.111572265625 0.192703247070313 -0.0318527221679687 -0.0257797241210937
0.183319091796875 0.117874145507812 -0.0424385070800781 -0.0116157531738281
0.177703857421875 0.138763427734375 -0.0614471435546875 -0.00809860229492186
0.20355224609375 0.119110107421875 -0.0570907592773437 -0.00970077514648438
0.130691528320313 0.170913696289063 -0.0569648742675781 -0.0464324951171875
0.0130767822265625 0.239547729492188 -0.0466156005859375 -0.071502685546875
-0.160232543945312 0.21295166015625 0.0349464416503906 -0.0699806213378906
-0.31951904296875 -0.007293701171875 0.0938873291015625 -0.0247879028320313
-0.267715454101562 -0.17523193359375 0.0542984008789062 0.0638313293457031
-0.1724853515625 -0.339202880859375 0.011871337890625 0.0689430236816406
-0.1492919921875 -0.287841796875 -0.0401153564453125 -0.22210693359375
-0.213394165039062 -0.181472778320313 -0.0884857177734375 -0.102378845214844
-0.28485107421875 -0.0165710449218749 -0.0422172546386719 -0.00157928466796875
-0.179336547851563 0.139923095703125 0.00118255615234374 -0.03656005859375
-0.0566864013671875 0.2021484375 -0.0382003784179688 -0.0671577453613281
0.0861663818359375 0.1650390625 -0.0677032470703125 -0.0777359008789062
0.1455078125 0.10650634765625 -0.111419677734375 -0.0472030639648437
0.142837524414063 0.123214721679688 -0.128273010253906 -0.0340347290039063
0.16229248046875 0.11163330078125 -0.124069213867187 -0.0376739501953125
0.0960693359375 0.146408081054688 -0.1014404296875 -0.0852508544921875
-0.0011444091796875 0.194351196289062 -0.0639877319335937 -0.103363037109375
-0.136444091796875 0.16070556640625 0.0230941772460938 -0.0921249389648437
-0.255157470703125 -0.01971435546875 0.0701065063476563 -0.0321273803710938
-0.209701538085938 -0.147109985351562 -0.00509834289550783 0.0308837890625
-0.146759033203125 -0.285003662109375 -0.0330600738525391 -0.0332603454589844
-0.118545532226563 -0.183990478515625 -0.08203125 -0.30706787109375
-0.152557373046875 -0.104598999023438 -0.135162353515625 -0.146316528320313
-0.175338745117188 -0.000793457031250028 -0.0508995056152344 -0.0142898559570312
-0.103004455566406 0.0875778198242188 -0.00334930419921876 -0.0545196533203125
-0.0380477905273438 0.121612548828125 -0.0378036499023438 -0.0956802368164063
0.046478271484375 0.109153747558594 -0.0930252075195313 -0.112953186035156
0.0846176147460938 0.0781402587890625 -0.161544799804688 -0.07421875
0.08563232421875 0.089630126953125 -0.175750732421875 -0.0551300048828125
0.0964202880859375 0.0879058837890625 -0.171554565429688 -0.0629730224609375
0.045623779296875 0.101585388183594 -0.126388549804688 -0.114776611328125
-0.0199966430664063 0.120223999023438 -0.0627975463867187 -0.123954772949219
-0.0965118408203125 0.08355712890625 0.0188674926757812 -0.101318359375
-0.15423583984375 -0.0337982177734375 0.0501022338867187 -0.0304489135742188
-0.120323181152344 -0.0997848510742188 -0.0492782592773438 0.00153350830078123
-0.0990142822265625 -0.19049072265625 -0.0658340454101562 -0.114418029785156
-0.0663375854492188 -0.0527229309082031 -0.116485595703125 -0.356109619140625
-0.0682182312011719 -0.0145225524902344 -0.171524047851563 -0.174209594726563
-0.0438156127929688 0.0127639770507812 -0.0629310607910156 -0.0226364135742187
-0.0155487060546875 0.0236320495605469 -0.0156364440917969 -0.0563163757324219
-0.0156402587890625 0.0247249603271484 -0.0340347290039063 -0.101318359375
0.000511169433593752 0.0374794006347656 -0.103141784667969 -0.125419616699219
0.0112953186035156 0.0381240844726562 -0.186813354492188 -0.0867156982421875
0.0149307250976563 0.0411491394042969 -0.196853637695312 -0.068359375
0.018768310546875 0.0504798889160156 -0.192703247070313 -0.0814056396484375
-0.00698471069335938 0.0432472229003906 -0.129219055175781 -0.131858825683594
-0.0290756225585937 0.0346260070800781 -0.0476531982421875 -0.130447387695313
-0.0405311584472656 0.00569534301757813 0.0204544067382812 -0.0992507934570313
-0.040252685546875 -0.0312042236328125 0.0366706848144531 -0.024749755859375
-0.0262622833251953 -0.0342311859130859 -0.0714874267578125 -0.0218048095703125
-0.0421600341796875 -0.0676078796386719 -0.080841064453125 -0.164779663085937
-0.00591278076171875 -0.0874481201171875 0.11126708984375 0.18231201171875
-0.0487022399902344 -0.0539321899414063 0.0996322631835938 0.0533676147460938
-0.078857421875 0.00745391845703124 -0.0342998504638672 0.00841140747070313
-0.0414886474609375 0.0539932250976563 -0.0406341552734375 0.0799713134765625
0.02001953125 0.0618705749511719 0.00565338134765625 0.129135131835938
0.053924560546875 0.0181350708007813 0.102783203125 0.137702941894531
0.0612258911132813 -0.00366592407226563 0.190444946289063 0.086669921875
0.0556869506835938 0.0100555419921875 0.189285278320313 0.07196044921875
0.0583229064941406 0.0004730224609375 0.18255615234375 0.0888519287109375
0.0475196838378906 0.0360679626464844 0.113372802734375 0.119911193847656
0.00711441040039063 0.0629653930664063 0.0418014526367188 0.08837890625
-0.0552101135253906 0.0545005798339844 0.0427284240722656 0.0555610656738281
-0.0730361938476562 -0.0220947265625 0.0965347290039062 0.0511093139648437
-0.0430641174316406 -0.0579261779785156 0.1773681640625 0.161529541015625
0.003082275390625 -0.0689582824707031 0.1021728515625 0.381561279296875
-0.0611724853515625 -0.206634521484375 0.100051879882812 0.156036376953125
-0.118667602539063 -0.133125305175781 0.0903778076171875 0.0535354614257813
-0.1856689453125 -0.013580322265625 -0.0302219390869141 0.0112171173095703
-0.117301940917969 0.0990371704101563 -0.0359535217285156 0.0637893676757813
-0.007293701171875 0.143203735351562 -0.0112991333007813 0.109695434570313
0.0905838012695312 0.0873870849609375 0.0778427124023437 0.121269226074219
0.127754211425781 0.0416412353515625 0.15789794921875 0.0791168212890625
0.121116638183594 0.0633926391601563 0.151321411132812 0.0627593994140625
0.131095886230469 0.0493316650390625 0.148880004882813 0.0747222900390625
0.0898971557617188 0.100868225097656 0.0905990600585937 0.0895767211914062
0.00535583496093749 0.1470947265625 0.0289764404296875 0.056396484375
-0.117195129394531 0.125129699707031 0.0547561645507812 0.0318756103515625
-0.189239501953125 -0.030548095703125 0.114799499511719 0.0368118286132813
-0.139541625976563 -0.127525329589844 0.180831909179688 0.154800415039063
-0.0635833740234375 -0.19891357421875 0.105743408203125 0.34967041015625
-0.107086181640625 -0.30255126953125 0.0780258178710938 0.0918731689453125
-0.179855346679687 -0.1998291015625 0.0637016296386719 0.0354652404785156
-0.27838134765625 -0.0315093994140624 -0.0281658172607422 0.0156211853027344
-0.183975219726563 0.136978149414063 -0.0250282287597656 0.0452194213867188
-0.03656005859375 0.210235595703125 -0.0229873657226563 0.0765228271484375
0.113479614257813 0.14825439453125 0.0464401245117188 0.0849456787109375
0.173858642578125 0.0821380615234375 0.103759765625 0.0582046508789063
0.168197631835938 0.107818603515625 0.0897750854492188 0.0444717407226563
0.185989379882813 0.08734130859375 0.091888427734375 0.0508880615234375
0.12445068359375 0.148788452148438 0.0506591796875 0.0470237731933594
0.010589599609375 0.213119506835937 0.00891304016113281 0.0149450302124024
-0.1561279296875 0.188323974609375 0.0584564208984375 -0.00115966796874999
-0.284088134765625 -0.0230712890625001 0.121894836425781 0.0156478881835937
-0.224960327148438 -0.172256469726562 0.160842895507813 0.133209228515625
-0.1256103515625 -0.2979736328125 0.090911865234375 0.278350830078125
-0.140106201171875 -0.354583740234375 0.0455894470214844 -0.0032768249511719
-0.224700927734375 -0.238616943359375 0.0213699340820312 -0.00229835510253908
-0.341217041015625 -0.037017822265625 -0.0299568176269531 0.0172672271728516
-0.22607421875 0.164169311523438 -0.0120029449462891 0.0214462280273438
-0.05804443359375 0.251510620117188 -0.0302162170410156 0.0312232971191406
0.121047973632813 0.187484741210938 0.00807380676269532 0.0327625274658203
0.194839477539063 0.110015869140625 0.0332736968994141 0.0252151489257813
0.19061279296875 0.135223388671875 0.0150775909423828 0.01953125
0.213058471679688 0.112335205078125 0.0194072723388672 0.0218181610107422
0.140838623046875 0.174530029296875 -0.00196492671966552 -0.000623703002929677
0.0164337158203125 0.249496459960938 -0.0192241668701172 -0.0296497344970703
-0.171524047851563 0.225234985351562 0.0514907836914062 -0.0376663208007812
-0.335479736328125 -0.00970458984374995 0.113471984863281 -0.0074920654296875
-0.2752685546875 -0.188613891601562 0.115821838378906 0.10137939453125
-0.1673583984375 -0.348968505859375 0.0559844970703125 0.179962158203125
-0.15625 -0.353302001953125 0.0052337646484375 -0.116081237792969
-0.241195678710937 -0.234649658203125 -0.032958984375 -0.0524864196777344
-0.34893798828125 -0.03076171875 -0.0343132019042969 0.0112667083740234
-0.227432250976563 0.168487548828125 -0.0017380714416504 -0.00774955749511718
-0.0653533935546875 0.252197265625 -0.0352249145507813 -0.0212287902832031
0.112014770507812 0.1956787109375 -0.0327739715576172 -0.0266246795654297
0.185714721679688 0.11981201171875 -0.0431556701660156 -0.0131683349609375
0.181930541992187 0.1424560546875 -0.0628814697265625 -0.00776672363281249
0.205413818359375 0.121200561523437 -0.0578651428222656 -0.00846099853515623
0.131271362304688 0.173736572265625 -0.0576095581054688 -0.0462608337402344
0.012847900390625 0.243011474609375 -0.0469131469726563 -0.0712814331054687
-0.163528442382812 0.2169189453125 0.0373992919921875 -0.0706253051757812
-0.32684326171875 -0.00765991210937493 0.0937042236328125 -0.0241851806640625
-0.270721435546875 -0.180328369140625 0.0544662475585937 0.0662384033203125
-0.17547607421875 -0.34686279296875 0.010406494140625 0.0702590942382812
-0.1500244140625 -0.2939453125 -0.038787841796875 -0.22515869140625
-0.217376708984375 -0.187835693359375 -0.0892257690429688 -0.105293273925781
-0.29052734375 -0.017669677734375 -0.0412635803222656 -0.00102996826171876
-0.183349609375 0.14178466796875 0.00189590454101561 -0.0368270874023437
-0.057525634765625 0.20697021484375 -0.0369224548339844 -0.0678634643554687
0.086517333984375 0.168121337890625 -0.0693435668945312 -0.080810546875
0.147079467773438 0.108367919921875 -0.113395690917969 -0.0488739013671875
0.146484375 0.126419067382813 -0.130821228027344 -0.03448486328125
0.165176391601563 0.113113403320313 -0.126457214355469 -0.0374679565429688
0.0964508056640625 0.148452758789063 -0.10321044921875 -0.0865249633789062
-0.00181579589843751 0.196914672851563 -0.063629150390625 -0.104385375976562
-0.139297485351563 0.164474487304687 0.0245132446289062 -0.09271240234375
-0.26239013671875 -0.019866943359375 0.0697441101074219 -0.0319900512695313
-0.214080810546875 -0.151824951171875 -0.00560188293457032 0.0327491760253906
-0.150177001953125 -0.29248046875 -0.0340309143066406 -0.0331192016601563
-0.118927001953125 -0.188613891601562 -0.080657958984375 -0.31182861328125
-0.15545654296875 -0.108551025390625 -0.137359619140625 -0.149826049804688
-0.179443359375 -0.00180053710937497 -0.050201416015625 -0.0148468017578125
-0.105567932128906 0.0879974365234375 -0.00259780883789064 -0.0552711486816406
-0.03863525390625 0.123977661132813 -0.0364990234375 -0.0966110229492187
0.0468063354492188 0.111740112304688 -0.095001220703125 -0.117256164550781
0.0862960815429688 0.0794601440429687 -0.165908813476562 -0.0758819580078125
0.087921142578125 0.09185791015625 -0.179962158203125 -0.055450439453125
0.09857177734375 0.0897979736328125 -0.17498779296875 -0.06390380859375
0.0458526611328125 0.103065490722656 -0.128677368164063 -0.117042541503906
-0.019744873046875 0.1219482421875 -0.0626144409179687 -0.12518310546875
-0.0980606079101563 0.0854110717773437 0.019622802734375 -0.102310180664063
-0.158676147460938 -0.0339813232421875 0.0502853393554687 -0.0303535461425781
-0.122398376464844 -0.103225708007813 -0.0499763488769531 0.00286102294921873
-0.101089477539063 -0.195785522460938 -0.0660324096679687 -0.115638732910156
-0.0675430297851563 -0.0547332763671875 -0.11541748046875 -0.362030029296875
-0.0691108703613281 -0.0162277221679687 -0.174224853515625 -0.177978515625
-0.0453567504882813 0.012603759765625 -0.0636978149414063 -0.0244979858398438
-0.0163917541503906 0.0232620239257813 -0.0148658752441406 -0.0566482543945313
-0.0164146423339844 0.025787353515625 -0.0326309204101562 -0.102752685546875
0.000350952148437498 0.0392036437988281 -0.10430908203125 -0.130416870117188
0.01177978515625 0.0386886596679688 -0.19158935546875 -0.089141845703125
0.0158271789550781 0.043121337890625 -0.201400756835938 -0.068603515625
0.0198135375976563 0.0514030456542969 -0.196685791015625 -0.082366943359375
-0.00719451904296875 0.0439910888671875 -0.131813049316406 -0.134361267089844
-0.0288581848144531 0.035369873046875 -0.0475845336914063 -0.132415771484375
-0.0406875610351563 0.00653457641601563 0.0208358764648438 -0.0997695922851563
-0.04229736328125 -0.0310897827148437 0.0361480712890625 -0.0244865417480469
-0.0276374816894531 -0.0356407165527344 -0.07208251953125 -0.0215606689453125
-0.0438919067382813 -0.0699234008789063 -0.080535888671875 -0.16705322265625
-0.00653076171874999 -0.0901412963867187 0.11663818359375 0.1907958984375
-0.0508232116699219 -0.0554962158203125 0.105461120605469 0.0542221069335937
-0.0810470581054688 0.00846099853515625 -0.0341873168945313 0.010223388671875
-0.0432014465332031 0.0562019348144531 -0.0414657592773438 0.082916259765625
0.0207977294921875 0.0632362365722656 0.00572204589843752 0.134819030761719
0.0542030334472656 0.0177879333496094 0.10736083984375 0.145492553710937
0.0628280639648438 -0.00434112548828125 0.200531005859375 0.08843994140625
0.0571861267089844 0.0103530883789063 0.200241088867188 0.0736541748046875
0.0597496032714844 -0.000362396240234375 0.191848754882813 0.0909576416015625
0.0492134094238281 0.036834716796875 0.120697021484375 0.125579833984375
0.00765228271484375 0.0653724670410156 0.0429458618164063 0.0925827026367188
-0.056976318359375 0.0577659606933594 0.0452995300292969 0.0568733215332031
-0.0760345458984375 -0.0230789184570313 0.100471496582031 0.0513916015625
-0.0448646545410156 -0.0590400695800781 0.183853149414063 0.16656494140625
0.00263977050781249 -0.070953369140625 0.10498046875 0.39599609375
-0.06390380859375 -0.214630126953125 0.105072021484375 0.162628173828125
-0.1241455078125 -0.137886047363281 0.0957717895507812 0.0545425415039063
-0.193084716796875 -0.012359619140625 -0.0290718078613281 0.0135250091552734
-0.121101379394531 0.103729248046875 -0.0359420776367188 0.0658149719238281
-0.00672912597656249 0.147994995117188 -0.01190185546875 0.114509582519531
0.0934982299804687 0.0896377563476563 0.0816574096679688 0.127326965332031
0.131645202636719 0.0427322387695313 0.1668701171875 0.080718994140625
0.126823425292969 0.066253662109375 0.160675048828125 0.0643463134765625
0.136390686035156 0.0494613647460937 0.157455444335938 0.076812744140625
0.0935745239257813 0.10400390625 0.095428466796875 0.0936660766601563
0.00636291503906249 0.153060913085937 0.0300750732421875 0.0598983764648438
-0.121360778808594 0.131889343261719 0.0576210021972656 0.0325584411621094
-0.1988525390625 -0.03143310546875 0.119163513183594 0.0375289916992188
-0.145416259765625 -0.132537841796875 0.187789916992188 0.160629272460938
-0.0678863525390625 -0.207763671875 0.10906982421875 0.363433837890625
-0.1124267578125 -0.313690185546875 0.0821914672851562 0.0956268310546875
-0.18841552734375 -0.207351684570313 0.0680274963378906 0.0356674194335937
-0.290283203125 -0.0299377441406249 -0.0263671875 0.0184745788574219
-0.190582275390625 0.143402099609375 -0.025299072265625 0.046722412109375
-0.0363311767578125 0.218612670898438 -0.0234375 0.0803298950195313
0.11724853515625 0.152435302734375 0.0480270385742188 0.089080810546875
0.180923461914063 0.0838775634765625 0.109725952148438 0.0584564208984375
0.177383422851563 0.112411499023438 0.0959930419921875 0.0460281372070313
0.193634033203125 0.089874267578125 0.0975570678710938 0.0523681640625
0.129684448242188 0.1544189453125 0.0540504455566406 0.0496406555175781
0.0118865966796875 0.222152709960938 0.00867462158203125 0.0173377990722656
-0.161697387695312 0.198013305664063 0.0621452331542969 -0.00169754028320311
-0.297760009765625 -0.02239990234375 0.125709533691406 0.01593017578125
-0.234710693359375 -0.179580688476563 0.167266845703125 0.1380615234375
-0.13446044921875 -0.310546875 0.09307861328125 0.289215087890625
-0.147674560546875 -0.3681640625 0.0484199523925781 -0.00329589843750002
-0.236297607421875 -0.248092651367188 0.0232219696044922 -0.00304031372070314
-0.35577392578125 -0.035491943359375 -0.0279922485351563 0.0193538665771484
-0.235107421875 0.17236328125 -0.0121021270751953 0.02276611328125
-0.0580291748046875 0.262405395507813 -0.0309085845947266 0.0333995819091797
0.12640380859375 0.19415283203125 0.00824356079101563 0.0346565246582031
0.202529907226563 0.11279296875 0.0354194641113281 0.0252265930175781
0.201248168945313 0.140945434570313 0.0168914794921875 0.0210056304931641
0.222137451171875 0.11572265625 0.0215549468994141 0.0234584808349609
0.146957397460938 0.180252075195313 -0.00141358375549316 0.000215649604797375
0.01806640625 0.259475708007812 -0.0202274322509766 -0.0294952392578125
-0.177719116210938 0.23681640625 0.0549240112304687 -0.03924560546875
-0.351959228515625 -0.00823974609375007 0.116676330566406 -0.0074462890625
-0.287567138671875 -0.196807861328125 0.120193481445312 0.105575561523438
-0.177764892578125 -0.365020751953125 0.0576629638671875 0.187530517578125
-0.16375732421875 -0.367156982421875 0.00571441650390624 -0.120452880859375
-0.254257202148438 -0.245452880859375 -0.0340347290039063 -0.0550346374511719
-0.365203857421875 -0.029205322265625 -0.0332527160644532 0.0130386352539062
-0.237060546875 0.177688598632812 -0.001584529876709 -0.00768995285034179
-0.0656280517578125 0.263946533203125 -0.0357017517089844 -0.0212631225585937
0.117324829101563 0.203201293945313 -0.0348358154296875 -0.0278263092041015
0.192657470703125 0.1236572265625 -0.0446891784667969 -0.0138359069824219
0.193008422851563 0.148544311523438 -0.065277099609375 -0.00703811645507811
0.215194702148437 0.125228881835938 -0.05938720703125 -0.00698471069335938
0.1376953125 0.180007934570313 -0.060333251953125 -0.0476036071777344
0.0142974853515625 0.253097534179688 -0.0488815307617188 -0.072479248046875
-0.169525146484375 0.228012084960938 0.0403518676757812 -0.0731277465820312
-0.34368896484375 -0.00537109375000003 0.0960845947265625 -0.0250778198242188
-0.28399658203125 -0.18914794921875 0.0568161010742187 0.0697593688964844
-0.186798095703125 -0.361663818359375 0.0102767944335937 0.0744857788085937
-0.157012939453125 -0.3067626953125 -0.040130615234375 -0.233505249023438
-0.228927612304688 -0.196548461914062 -0.0925445556640625 -0.109504699707031
-0.304779052734375 -0.0157470703125 -0.0409660339355469 -0.000324249267578119
-0.190963745117187 0.148529052734375 0.00212860107421874 -0.0373115539550781
-0.05841064453125 0.217239379882812 -0.0379638671875 -0.0702781677246094
0.0906982421875 0.1749267578125 -0.073638916015625 -0.0855026245117187
0.15338134765625 0.112258911132813 -0.119277954101562 -0.0507888793945313
0.155502319335938 0.132339477539063 -0.137321472167969 -0.0335922241210937
0.173660278320313 0.117279052734375 -0.131919860839844 -0.036956787109375
0.101028442382813 0.154434204101563 -0.108589172363281 -0.0888595581054688
-0.001068115234375 0.204849243164062 -0.0667266845703125 -0.107627868652344
-0.143798828125 0.172775268554687 0.0262603759765625 -0.09637451171875
-0.275863647460938 -0.01812744140625 0.0712738037109375 -0.0324325561523438
-0.223419189453125 -0.159149169921875 -0.00625610351562502 0.0354080200195312
-0.15948486328125 -0.30548095703125 -0.0358390808105469 -0.0336380004882813
-0.125701904296875 -0.197357177734375 -0.08477783203125 -0.323638916015625
-0.162185668945313 -0.114181518554688 -0.144363403320313 -0.155929565429688
-0.188583374023437 -0.000854492187500034 -0.0512619018554688 -0.0153007507324219
-0.110038757324219 0.0922164916992187 -0.00277709960937501 -0.0565757751464844
-0.0390396118164062 0.131103515625 -0.036895751953125 -0.100883483886719
0.0499649047851562 0.116813659667969 -0.099822998046875 -0.123504638671875
0.0899505615234375 0.0827560424804688 -0.174957275390625 -0.0778656005859375
0.0937423706054688 0.0963821411132813 -0.189117431640625 -0.0559539794921875
0.104286193847656 0.092803955078125 -0.183639526367188 -0.0638885498046875
0.0481948852539063 0.107749938964844 -0.135322570800781 -0.121025085449219
-0.019775390625 0.126953125 -0.0657577514648437 -0.1297607421875
-0.10137939453125 0.0908126831054687 0.0205917358398437 -0.105728149414063
-0.167343139648437 -0.033172607421875 0.0509834289550781 -0.0309982299804688
-0.129295349121094 -0.108207702636719 -0.0516548156738281 0.00476074218749999
-0.107437133789063 -0.204132080078125 -0.0687255859375 -0.119194030761719
-0.0700569152832031 -0.0582923889160156 -0.12042236328125 -0.376220703125
-0.0718917846679688 -0.017333984375 -0.182723999023438 -0.184677124023437
-0.0485801696777344 0.0125541687011719 -0.0664291381835938 -0.0257720947265625
-0.0175266265869141 0.0237350463867188 -0.0154876708984375 -0.0588569641113281
-0.0170001983642578 0.0279312133789062 -0.0330276489257812 -0.10723876953125
0.001495361328125 0.04193115234375 -0.110061645507813 -0.137588500976563
0.0127677917480469 0.0403327941894531 -0.202316284179688 -0.0912322998046875
0.0174789428710937 0.0455665588378906 -0.212631225585938 -0.06903076171875
0.021881103515625 0.0538749694824219 -0.20709228515625 -0.0828094482421876
-0.00712966918945312 0.0465927124023437 -0.1395263671875 -0.13958740234375
-0.0298538208007812 0.0369529724121094 -0.0492630004882812 -0.137664794921875
-0.042510986328125 0.00761032104492187 0.0215377807617187 -0.102996826171875
-0.0452461242675781 -0.0310821533203125 0.0371856689453125 -0.024871826171875
-0.0296707153320313 -0.0377235412597656 -0.0747604370117187 -0.0206298828125
-0.04730224609375 -0.0733795166015625 -0.084075927734375 -0.173385620117187
-0.00956726074218749 -0.0934677124023437 0.128036499023438 0.196548461914063
-0.0537490844726562 -0.0561370849609375 0.113533020019531 0.0528411865234375
-0.083648681640625 0.0117263793945313 -0.0335483551025391 0.0117702484130859
-0.0430946350097656 0.0602912902832031 -0.0411911010742187 0.0870285034179688
0.023651123046875 0.0647697448730469 0.00836181640625001 0.141220092773438
0.0569534301757813 0.0163154602050781 0.117965698242187 0.150650024414063
0.0647773742675781 -0.005859375 0.214248657226562 0.086273193359375
0.0606613159179688 0.0092010498046875 0.214614868164063 0.0689849853515625
0.0614356994628906 -0.00251007080078125 0.20758056640625 0.088592529296875
0.0523757934570313 0.0365219116210937 0.131881713867188 0.128898620605469
0.00982666015624999 0.0684928894042969 0.0474319458007813 0.0970916748046875
-0.0578956604003906 0.0628738403320313 0.0491867065429687 0.0574531555175781
-0.0805740356445313 -0.0225601196289062 0.106651306152344 0.0492935180664063
-0.0479927062988281 -0.0599822998046875 0.196624755859375 0.168502807617188
-8.39233398437441E-05 -0.0746231079101563 0.118927001953125 0.41229248046875
-0.0733184814453125 -0.22222900390625 0.115447998046875 0.167892456054688
-0.133834838867188 -0.141448974609375 0.103767395019531 0.0529861450195312
-0.202529907226563 -0.00627136230468754 -0.027303695678711 0.0158843994140625
-0.123855590820312 0.112136840820313 -0.0352554321289063 0.0699272155761719
-0.00212097167968751 0.1549072265625 -0.00959014892578126 0.121322631835938
0.0988998413085938 0.0900726318359375 0.0897979736328125 0.132713317871094
0.138603210449219 0.040924072265625 0.178863525390625 0.0788116455078125
0.136260986328125 0.0655441284179688 0.173294067382813 0.0615234375
0.143692016601563 0.0482940673828125 0.17022705078125 0.0753173828125
0.100845336914062 0.106269836425781 0.105308532714844 0.0962600708007813
0.010467529296875 0.160385131835938 0.0323905944824219 0.0636482238769532
-0.123153686523437 0.143051147460938 0.0626029968261719 0.0312728881835938
-0.210586547851562 -0.02691650390625 0.125511169433594 0.0351715087890625
-0.155715942382813 -0.135635375976562 0.20001220703125 0.162338256835937
-0.0787506103515625 -0.216384887695313 0.1226806640625 0.37860107421875
-0.126312255859375 -0.3258056640625 0.0901260375976562 0.0981369018554688
-0.203964233398438 -0.212432861328125 0.0743026733398437 0.033843994140625
-0.3052978515625 -0.021728515625 -0.0241012573242188 0.0211124420166016
-0.195266723632813 0.156646728515625 -0.0241928100585938 0.0503196716308594
-0.030731201171875 0.230575561523438 -0.0226364135742188 0.0855865478515625
0.126296997070313 0.156051635742187 0.0531082153320313 0.0934066772460938
0.190780639648438 0.082611083984375 0.117782592773438 0.0570144653320313
0.191452026367188 0.112808227539063 0.10455322265625 0.0450668334960938
0.205886840820313 0.0882110595703125 0.106826782226563 0.0524826049804688
0.139999389648438 0.157562255859375 0.0596771240234375 0.0510368347167969
0.0190887451171875 0.233245849609375 0.00960731506347657 0.0198192596435547
-0.16400146484375 0.214202880859375 0.0670166015625 -0.00420761108398436
-0.3155517578125 -0.0136108398437501 0.131584167480469 0.0126113891601563
-0.251052856445313 -0.182891845703125 0.178009033203125 0.14013671875
-0.15142822265625 -0.32305908203125 0.104583740234375 0.301910400390625
-0.164764404296875 -0.382904052734375 0.0519485473632813 -0.00444793701171877
-0.256561279296875 -0.25396728515625 0.0255355834960937 -0.00508880615234376
-0.37493896484375 -0.0254821777343751 -0.0262241363525391 0.0225467681884766
-0.240997314453125 0.1881103515625 -0.0106754302978516 0.024993896484375
-0.0515289306640625 0.278106689453125 -0.0307502746582031 0.0364570617675781
0.137252807617188 0.199630737304688 0.00923538208007813 0.0362396240234375
0.215530395507813 0.112091064453125 0.0384330749511719 0.0238990783691406
0.218048095703125 0.141891479492188 0.0194454193115235 0.0218353271484375
0.237014770507813 0.114105224609375 0.0251293182373047 0.0249176025390625
0.159378051757813 0.184585571289063 -0.000634193420410146 0.000948429107666027
0.0267181396484375 0.271484375 -0.0218467712402344 -0.0281600952148437
-0.178970336914062 0.25543212890625 0.05841064453125 -0.0436897277832031
-0.37200927734375 0.003936767578125 0.120964050292969 -0.0103607177734375
-0.3079833984375 -0.199310302734375 0.128440856933594 0.107818603515625
-0.199310302734375 -0.379302978515625 0.0645751953125 0.1964111328125
-0.18280029296875 -0.382293701171875 0.0041961669921875 -0.126029968261719
-0.275604248046875 -0.251220703125 -0.0367393493652344 -0.0579566955566406
-0.3853759765625 -0.018218994140625 -0.032339096069336 0.0154819488525391
-0.243820190429688 0.193435668945313 -0.000729560852050796 -0.00699806213378905
-0.0601959228515625 0.280899047851563 -0.0370368957519531 -0.0205612182617187
0.127944946289063 0.210128784179688 -0.0380325317382813 -0.0291213989257812
0.205795288085938 0.123489379882812 -0.0477371215820312 -0.0142326354980469
0.210922241210938 0.150299072265625 -0.0682029724121094 -0.00429534912109375
0.230743408203125 0.124282836914063 -0.0620384216308594 -0.00439453124999998
0.149185180664063 0.185073852539062 -0.0642204284667969 -0.0476875305175781
0.02294921875 0.26544189453125 -0.052886962890625 -0.072906494140625
-0.171173095703125 0.246322631835938 0.0414581298828125 -0.0788192749023437
-0.363311767578125 0.006805419921875 0.0989303588867187 -0.027984619140625
-0.303741455078125 -0.19207763671875 0.0611648559570312 0.0733718872070312
-0.20892333984375 -0.376800537109375 0.0124740600585937 0.0780563354492187
-0.17413330078125 -0.31915283203125 -0.047821044921875 -0.24359130859375
-0.246826171875 -0.201080322265625 -0.10064697265625 -0.113029479980469
-0.322357177734375 -0.00665283203124993 -0.0415420532226563 0.00133132934570313
-0.19671630859375 0.162124633789063 0.00204086303710936 -0.038482666015625
-0.0533294677734375 0.230926513671875 -0.0405044555664062 -0.0720291137695313
0.100738525390625 0.181549072265625 -0.080718994140625 -0.088226318359375
0.164306640625 0.113418579101563 -0.127845764160156 -0.0500259399414063
0.170578002929688 0.134918212890625 -0.145797729492188 -0.0293426513671875
0.186935424804688 0.117767333984375 -0.139610290527344 -0.0330734252929687
0.1102294921875 0.159332275390625 -0.117652893066406 -0.0895156860351563
0.00593566894531252 0.21514892578125 -0.072174072265625 -0.109771728515625
-0.146270751953125 0.1868896484375 0.0262374877929687 -0.101966857910156
-0.291717529296875 -0.00854492187500006 0.0733413696289062 -0.0352859497070313
-0.240158081054687 -0.161148071289063 -0.00512313842773439 0.0391731262207031
-0.17822265625 -0.317840576171875 -0.0384902954101563 -0.0334739685058594
-0.136886596679688 -0.205245971679687 -0.097076416015625 -0.337646484375
-0.175247192382813 -0.116043090820312 -0.156158447265625 -0.15948486328125
-0.2005615234375 0.00491333007812503 -0.0535697937011719 -0.0148086547851563
-0.114028930664063 0.100517272949219 -0.00410842895507813 -0.0587921142578125
-0.0367431640625 0.140579223632813 -0.0403213500976562 -0.104843139648438
0.0562515258789063 0.122024536132813 -0.109779357910156 -0.128654479980469
0.09722900390625 0.0842742919921875 -0.187042236328125 -0.0767669677734375
0.103347778320313 0.0984725952148438 -0.201690673828125 -0.05084228515625
0.11370849609375 0.0947647094726563 -0.195175170898438 -0.0595703125
0.0536651611328125 0.112663269042969 -0.146743774414062 -0.122421264648437
-0.0166702270507812 0.133949279785156 -0.0720596313476563 -0.133544921875
-0.103660583496094 0.0986328125 0.0186233520507813 -0.110595703125
-0.177932739257813 -0.02813720703125 0.0520057678222656 -0.0326995849609375
-0.139389038085938 -0.110610961914063 -0.0535316467285156 0.00794219970703124
-0.120315551757813 -0.212249755859375 -0.0747833251953125 -0.12261962890625
-0.075347900390625 -0.0606765747070313 -0.13555908203125 -0.391143798828125
-0.0760498046875 -0.0172500610351562 -0.198516845703125 -0.188522338867188
-0.0525856018066406 0.0138397216796875 -0.07080078125 -0.025970458984375
-0.0188674926757813 0.0251750946044922 -0.0176849365234375 -0.0599517822265625
-0.01641845703125 0.0314826965332031 -0.0361328125 -0.112480163574219
0.00377655029296875 0.0447883605957031 -0.121002197265625 -0.143341064453125
0.0150337219238281 0.04217529296875 -0.217086791992188 -0.089141845703125
0.02105712890625 0.0471649169921875 -0.2276611328125 -0.064361572265625
0.02593994140625 0.0568351745605469 -0.220779418945313 -0.07928466796875
-0.00586318969726562 0.0498504638671875 -0.151473999023437 -0.142105102539063
-0.0298843383789063 0.039825439453125 -0.05499267578125 -0.142730712890625
-0.0439605712890625 0.00965499877929688 0.0195388793945312 -0.108245849609375
-0.0496597290039062 -0.0303421020507812 0.0377311706542969 -0.0261878967285156
-0.0329322814941406 -0.03961181640625 -0.0787429809570313 -0.0176925659179687
-0.0521774291992188 -0.0763626098632813 -0.0922393798828125 -0.178878784179688
-0.0152511596679687 -0.09576416015625 0.142303466796875 0.197616577148438
-0.0580329895019531 -0.054718017578125 0.122062683105469 0.047607421875
-0.08465576171875 0.0161590576171875 -0.0319137573242188 0.0138416290283203
-0.0410995483398438 0.0644798278808594 -0.037841796875 0.0912399291992188
0.027862548828125 0.0647315979003906 0.015380859375 0.146560668945313
0.0584526062011719 0.0139122009277344 0.131088256835938 0.15185546875
0.0661125183105469 -0.00911331176757813 0.22808837890625 0.076690673828125
0.0633735656738281 0.00674057006835938 0.228744506835938 0.0587310791015625
0.0622367858886719 -0.00516891479492188 0.2220458984375 0.0796966552734375
0.0553703308105469 0.0340843200683594 0.1453857421875 0.127273559570313
0.0142135620117188 0.0701522827148438 0.0532608032226562 0.100074768066406
-0.0562324523925781 0.0692253112792969 0.0540542602539063 0.055419921875
-0.0856094360351562 -0.01904296875 0.112136840820313 0.0444183349609375
-0.0519676208496094 -0.0587348937988281 0.210708618164063 0.163894653320313
-0.00437164306640624 -0.0767364501953125 0.14141845703125 0.420684814453125
-0.0872039794921875 -0.226272583007813 0.128692626953125 0.167816162109375
-0.145645141601563 -0.138504028320312 0.11175537109375 0.0477447509765625
-0.208847045898438 0.00489807128906253 -0.0246696472167969 0.0184001922607422
-0.121925354003906 0.122589111328125 -0.032745361328125 0.0734939575195313
0.00622558593750001 0.1595458984375 -0.00453948974609376 0.126739501953125
0.105270385742188 0.0878829956054688 0.100425720214844 0.134674072265625
0.14508056640625 0.0348052978515625 0.190597534179688 0.0710601806640625
0.145675659179688 0.0611114501953125 0.185150146484375 0.0533599853515625
0.150726318359375 0.04248046875 0.183441162109375 0.067779541015625
0.109458923339844 0.104110717773438 0.1156005859375 0.0953369140625
0.0191497802734375 0.16632080078125 0.0366020202636719 0.0662345886230469
-0.119857788085937 0.156021118164063 0.0671463012695312 0.0278663635253906
-0.220977783203125 -0.0167083740234375 0.130538940429688 0.02880859375
-0.168121337890625 -0.132781982421875 0.214553833007813 0.157806396484375
-0.0936431884765625 -0.220108032226563 0.143768310546875 0.38592529296875
-0.1474609375 -0.3310546875 0.0990371704101562 0.0975112915039063
-0.2222900390625 -0.209548950195313 0.0801162719726563 0.0294189453125
-0.316375732421875 -0.00527954101562494 -0.0209789276123047 0.023529052734375
-0.1937255859375 0.171630859375 -0.0212898254394531 0.0531539916992188
-0.0187530517578125 0.239288330078125 -0.0190811157226562 0.0907440185546875
0.137435913085938 0.154434204101563 0.0603713989257813 0.0952072143554688
0.20159912109375 0.0755462646484375 0.125640869140625 0.0517120361328125
0.20697021484375 0.106719970703125 0.112419128417969 0.040496826171875
0.217971801757813 0.080322265625 0.11590576171875 0.0480728149414063
0.15277099609375 0.155593872070313 0.0656318664550781 0.0505828857421875
0.03143310546875 0.240966796875 0.0112419128417969 0.0220584869384766
-0.159469604492188 0.232467651367187 0.0705032348632813 -0.00900268554687499
-0.329620361328125 0.00381469726562502 0.136077880859375 0.00682830810546875
-0.269622802734375 -0.17779541015625 0.190933227539062 0.1363525390625
-0.175323486328125 -0.327423095703125 0.12225341796875 0.308349609375
-0.1907958984375 -0.389068603515625 0.0545768737792969 -0.0068473815917969
-0.279205322265625 -0.249954223632812 0.0273914337158203 -0.00815391540527345
-0.3907470703125 -0.00479125976562507 -0.0226554870605469 0.0250034332275391
-0.239822387695313 0.207046508789063 -0.00878334045410157 0.0266399383544922
-0.037353515625 0.290802001953125 -0.0299911499023438 0.0405693054199219
0.151443481445313 0.199600219726563 0.0112571716308594 0.0377960205078125
0.228546142578125 0.10491943359375 0.0411911010742188 0.021575927734375
0.236724853515625 0.1358642578125 0.0231552124023438 0.0217571258544922
0.252593994140625 0.105514526367187 0.029836654663086 0.0247287750244141
0.174285888671875 0.182723999023438 1.02519989013779E-05 0.00112926959991456
0.042205810546875 0.28021240234375 -0.0234661102294922 -0.0260047912597656
-0.172470092773437 0.275909423828125 0.0600357055664062 -0.0492362976074219
-0.3875732421875 0.025115966796875 0.124099731445312 -0.0162429809570313
-0.329132080078125 -0.192535400390625 0.138427734375 0.106727600097656
-0.227874755859375 -0.3831787109375 0.0762481689453125 0.201370239257812
-0.209197998046875 -0.38818359375 -0.00102996826171875 -0.129898071289063
-0.2998046875 -0.24603271484375 -0.0404777526855469 -0.0588607788085938
-0.401947021484375 0.00338745117187499 -0.0300140380859375 0.0181922912597656
-0.2423095703125 0.213623046875 0.000158309936523422 -0.00654935836791991
-0.0460205078125 0.29534912109375 -0.0386543273925781 -0.0191726684570312
0.143783569335938 0.210952758789063 -0.0418281555175781 -0.0282363891601562
0.219436645507813 0.117538452148438 -0.0510177612304687 -0.0136146545410156
0.22943115234375 0.144760131835937 -0.0697441101074219 -7.62939453125054E-05
0.2467041015625 0.116165161132813 -0.0620536804199219 -0.000175476074218748
0.164352416992188 0.183380126953125 -0.0694007873535156 -0.0455856323242187
0.038238525390625 0.273590087890625 -0.0577239990234375 -0.0718307495117188
-0.16436767578125 0.265975952148438 0.0407791137695312 -0.0846710205078125
-0.378173828125 0.027679443359375 0.100234985351562 -0.0324325561523438
-0.325469970703125 -0.18426513671875 0.0674514770507812 0.073944091796875
-0.23712158203125 -0.379974365234375 0.0169830322265625 0.0816192626953125
-0.1966552734375 -0.323822021484375 -0.0602264404296875 -0.249221801757813
-0.267959594726563 -0.197067260742187 -0.110679626464844 -0.112823486328125
-0.336700439453125 0.0114746093749999 -0.0414352416992188 0.00405120849609374
-0.195907592773437 0.179031372070313 0.000778198242187485 -0.0386734008789062
-0.0417633056640625 0.244338989257813 -0.0445785522460937 -0.07220458984375
0.113525390625 0.183761596679688 -0.0892791748046875 -0.0881729125976562
0.176055908203125 0.108810424804687 -0.13616943359375 -0.0456008911132812
0.1868896484375 0.130462646484375 -0.152679443359375 -0.02099609375
0.201370239257813 0.111923217773438 -0.145599365234375 -0.0254058837890625
0.122589111328125 0.159652709960938 -0.126487731933594 -0.0864791870117187
0.017242431640625 0.223007202148438 -0.0796737670898437 -0.109214782714844
-0.141464233398438 0.202682495117187 0.0230712890625 -0.107337951660156
-0.304931640625 0.00817871093749996 0.0730133056640625 -0.038299560546875
-0.258056640625 -0.156265258789063 -0.00276184082031251 0.0422019958496094
-0.202728271484375 -0.320556640625 -0.0405693054199219 -0.0319633483886719
-0.151748657226562 -0.207717895507812 -0.115478515625 -0.34393310546875
-0.188766479492188 -0.112533569335938 -0.17120361328125 -0.157730102539063
-0.210159301757812 0.016357421875 -0.0562019348144531 -0.01251220703125
-0.114021301269531 0.110122680664062 -0.00627899169921875 -0.0592803955078125
-0.029937744140625 0.14910888671875 -0.0458984375 -0.106979370117187
0.0654830932617187 0.12451171875 -0.122116088867188 -0.129508972167969
0.105049133300781 0.082855224609375 -0.20001220703125 -0.06951904296875
0.114906311035156 0.096435546875 -0.2130126953125 -0.039703369140625
0.124671936035156 0.0919189453125 -0.20556640625 -0.0491943359375
0.0615921020507813 0.113960266113281 -0.15966796875 -0.118331909179687
-0.00997924804687499 0.139984130859375 -0.0807952880859375 -0.134689331054688
-0.102745056152344 0.108268737792969 0.0148086547851563 -0.115760803222656
-0.187591552734375 -0.0182342529296875 0.0519142150878906 -0.0350494384765625
-0.150833129882813 -0.108428955078125 -0.0545425415039063 0.0134124755859375
-0.136627197265625 -0.214218139648438 -0.0823211669921875 -0.123184204101563
-0.0810623168945313 -0.06085205078125 -0.15875244140625 -0.39691162109375
-0.0800628662109375 -0.0152664184570313 -0.21600341796875 -0.184280395507812
-0.0553855895996094 0.0170860290527344 -0.075408935546875 -0.023590087890625
-0.0194454193115234 0.0275096893310547 -0.0213050842285156 -0.0603981018066406
-0.0150260925292969 0.0343742370605469 -0.042022705078125 -0.115669250488281
0.00697708129882812 0.0468711853027344 -0.134765625 -0.144912719726563
0.0177955627441406 0.0433616638183594 -0.232330322265625 -0.0803070068359376
0.0255393981933594 0.0480270385742188 -0.2412109375 -0.0523529052734375
0.0314559936523438 0.0573577880859375 -0.234451293945313 -0.0679931640625
-0.00270843505859375 0.0525703430175781 -0.165771484375 -0.138275146484375
-0.0284385681152344 0.0434494018554688 -0.063446044921875 -0.146041870117188
-0.0453033447265625 0.0128631591796875 0.0150909423828125 -0.11199951171875
-0.053985595703125 -0.0273399353027344 0.0375251770019531 -0.0276832580566406
-0.0370635986328125 -0.0394515991210937 -0.081695556640625 -0.0126190185546875
-0.0588760375976563 -0.0772705078125 -0.102767944335938 -0.180938720703125
-0.0204620361328125 -0.0949249267578125 0.15435791015625 0.193572998046875
-0.0605087280273438 -0.0515289306640625 0.127052307128906 0.040435791015625
-0.0833892822265625 0.0201034545898438 -0.0299148559570313 0.0150375366210938
-0.0381393432617188 0.0665245056152344 -0.0333633422851563 0.093048095703125
0.0311927795410156 0.0626335144042969 0.0224151611328125 0.148727416992188
0.05889892578125 0.0096588134765625 0.141708374023438 0.148361206054688
0.0663414001464844 -0.012542724609375 0.236312866210938 0.0645904541015625
0.0645904541015625 0.003662109375 0.236526489257813 0.044830322265625
0.0616950988769531 -0.00836181640625 0.231216430664063 0.0671539306640625
0.0577812194824219 0.0314445495605469 0.155914306640625 0.121795654296875
0.0180130004882813 0.070648193359375 0.0589065551757812 0.100227355957031
-0.0526046752929687 0.0734939575195313 0.0571365356445313 0.0527687072753906
-0.087646484375 -0.0150070190429688 0.114646911621094 0.037841796875
-0.0550422668457031 -0.0559768676757813 0.219985961914063 0.154296875
-0.00918579101562499 -0.0764007568359375 0.162078857421875 0.418212890625
-0.0994720458984375 -0.223358154296875 0.1385498046875 0.16387939453125
-0.153915405273438 -0.132583618164062 0.116127014160156 0.040618896484375
-0.210250854492188 0.016265869140625 -0.0213146209716797 0.0189285278320313
-0.117141723632812 0.129684448242187 -0.028472900390625 0.0749740600585938
0.01513671875 0.16009521484375 0.00177764892578125 0.129280090332031
0.110237121582031 0.08270263671875 0.1099853515625 0.13201904296875
0.148391723632812 0.0283050537109375 0.198272705078125 0.060272216796875
0.15216064453125 0.0542144775390625 0.192474365234375 0.042144775390625
0.154586791992188 0.034942626953125 0.192352294921875 0.0570068359375
0.115753173828125 0.0992813110351563 0.124092102050781 0.0903854370117188
0.0284423828125 0.167587280273438 0.0408134460449219 0.0672988891601563
-0.11285400390625 0.165390014648438 0.0699234008789063 0.0235328674316406
-0.225662231445313 -0.00494384765625003 0.132278442382813 0.0216598510742188
-0.176742553710938 -0.126312255859375 0.2236328125 0.148818969726563
-0.1072998046875 -0.217666625976563 0.163238525390625 0.383819580078125
-0.165924072265625 -0.327117919921875 0.105232238769531 0.0938568115234375
-0.235794067382813 -0.200439453125 0.0833816528320312 0.0238037109375
-0.320343017578125 0.0126953124999999 -0.0168170928955078 0.0245876312255859
-0.186767578125 0.18304443359375 -0.0177688598632813 0.0542411804199219
-0.00535583496093749 0.242782592773438 -0.014556884765625 0.0940093994140625
0.146072387695313 0.148712158203125 0.0666580200195313 0.0948410034179688
0.207870483398438 0.0658721923828125 0.130271911621094 0.0444793701171875
0.217620849609375 0.096954345703125 0.118156433105469 0.0339508056640625
0.225341796875 0.0698699951171875 0.123069763183594 0.0413665771484375
0.162384033203125 0.149124145507813 0.07037353515625 0.047821044921875
0.0448455810546875 0.243057250976563 0.01287841796875 0.0237483978271484
-0.148666381835937 0.245437622070313 0.0718841552734375 -0.01470947265625
-0.33489990234375 0.0218505859375 0.136932373046875 3.05175781250013E-05
-0.282257080078125 -0.16656494140625 0.199447631835937 0.129302978515625
-0.195526123046875 -0.322601318359375 0.13800048828125 0.306549072265625
-0.212677001953125 -0.38409423828125 0.0557899475097656 -0.0098075866699219
-0.29681396484375 -0.238555908203125 0.0273761749267578 -0.0109882354736328
-0.396240234375 0.0173950195312499 -0.0188789367675781 0.0266342163085938
-0.23126220703125 0.222412109375 -0.00585365295410157 0.0274925231933594
-0.0211181640625 0.2965087890625 -0.0275802612304688 0.0434036254882813
0.163406372070313 0.193984985351563 0.0134429931640625 0.038787841796875
0.23638916015625 0.09503173828125 0.0428314208984375 0.0187950134277344
0.250045776367188 0.124176025390625 0.0262470245361328 0.0202274322509766
0.262649536132813 0.09295654296875 0.0344963073730469 0.0224380493164063
0.185836791992188 0.175827026367188 0.000702142715454113 0.00181841850280763
0.05743408203125 0.28265380859375 -0.0240459442138672 -0.0235671997070312
-0.160125732421875 0.2901611328125 0.0589332580566406 -0.0550003051757812
-0.392242431640625 0.048095703125 0.124359130859375 -0.0219955444335938
-0.343353271484375 -0.17852783203125 0.145217895507812 0.101638793945312
-0.2520751953125 -0.376953125 0.086639404296875 0.200759887695312
-0.23138427734375 -0.384124755859375 -0.00670623779296876 -0.131301879882813
-0.317291259765625 -0.234588623046875 -0.0445556640625 -0.0586585998535156
-0.4083251953125 0.0264892578124999 -0.0270538330078125 0.0204486846923828
-0.234619140625 0.229156494140625 0.00155544281005858 -0.00582027435302733
-0.029144287109375 0.30230712890625 -0.0395965576171875 -0.0164070129394531
0.156845092773437 0.205718994140625 -0.0445480346679687 -0.0263786315917969
0.228424072265625 0.107681274414063 -0.0530242919921875 -0.0115966796875
0.243728637695312 0.133438110351563 -0.0696983337402344 0.00425720214843751
0.257659912109375 0.104202270507812 -0.0609054565429687 0.00341415405273438
0.175674438476563 0.177169799804688 -0.07269287109375 -0.0418014526367187
0.0532073974609375 0.276046752929688 -0.0615310668945313 -0.0680999755859375
-0.152923583984375 0.278823852539063 0.037841796875 -0.0892715454101562
-0.383026123046875 0.050628662109375 0.0994110107421875 -0.0365219116210938
-0.339385986328125 -0.170867919921875 0.072357177734375 0.0729751586914062
-0.26129150390625 -0.372283935546875 0.0216293334960937 0.081939697265625
-0.21624755859375 -0.31927490234375 -0.0728607177734375 -0.249465942382813
-0.2823486328125 -0.1866455078125 -0.118316650390625 -0.108833312988281
-0.342529296875 0.0311584472656251 -0.0400123596191406 0.00661849975585937
-0.189727783203125 0.1920166015625 0.000690460205078115 -0.0383682250976562
-0.0279388427734375 0.249923706054688 -0.0478439331054688 -0.0708847045898437
0.125 0.180374145507813 -0.09686279296875 -0.0852813720703125
0.184539794921875 0.101730346679688 -0.141937255859375 -0.0390777587890625
0.199981689453125 0.1212158203125 -0.1552734375 -0.0117340087890625
0.212203979492188 0.100936889648438 -0.146820068359375 -0.01708984375
0.132720947265625 0.155105590820313 -0.133537292480469 -0.0797882080078125
0.02947998046875 0.224517822265625 -0.0854110717773438 -0.105522155761719
-0.13250732421875 0.213424682617188 0.0189666748046875 -0.110855102539063
-0.309326171875 0.0267333984375001 0.0720291137695313 -0.0412673950195313
-0.269683837890625 -0.1461181640625 0.000175476074218731 0.0447731018066406
-0.22314453125 -0.31439208984375 -0.0413856506347656 -0.0299530029296875
-0.16455078125 -0.204849243164063 -0.133544921875 -0.341796875
-0.197723388671875 -0.10595703125 -0.182327270507813 -0.150100708007813
-0.213470458984375 0.02923583984375 -0.0572700500488281 -0.00944137573242188
-0.110374450683594 0.117813110351562 -0.00838851928710938 -0.0581130981445312
-0.0208587646484375 0.153366088867188 -0.0507965087890625 -0.106246948242187
0.0732345581054688 0.12347412109375 -0.1322021484375 -0.126258850097656
0.110977172851563 0.07855224609375 -0.20831298828125 -0.0587615966796875
0.124305725097656 0.0912017822265625 -0.218643188476563 -0.02703857421875
0.132606506347656 0.085479736328125 -0.210296630859375 -0.0367889404296875
0.068603515625 0.112373352050781 -0.168914794921875 -0.110748291015625
-0.00277709960937501 0.1422119140625 -0.0878143310546875 -0.132171630859375
-0.0973968505859375 0.115524291992187 0.00998687744140626 -0.118026733398437
-0.1917724609375 -0.00651550292968754 0.0505218505859375 -0.0371513366699219
-0.158981323242188 -0.102645874023438 -0.0528678894042969 0.017608642578125
-0.150100708007813 -0.210281372070313 -0.0879364013671875 -0.120315551757813
-0.08489990234375 -0.0595474243164063 -0.1788330078125 -0.393646240234375
-0.0822677612304688 -0.0122146606445313 -0.229019165039062 -0.174484252929688
-0.0572166442871094 0.0204925537109375 -0.0778045654296875 -0.0197830200195313
-0.0189800262451172 0.0292167663574219 -0.0234107971191406 -0.0592079162597656
-0.0127754211425781 0.0366439819335937 -0.047149658203125 -0.115936279296875
0.0104904174804688 0.0479049682617188 -0.146026611328125 -0.141357421875
0.0208625793457031 0.0434074401855469 -0.242050170898438 -0.0674591064453125
0.0293121337890625 0.0467300415039063 -0.247802734375 -0.0372772216796874
0.0363388061523438 0.0558624267578125 -0.241043090820313 -0.05419921875
0.000217437744140625 0.0539474487304688 -0.17645263671875 -0.130630493164062
-0.0264434814453125 0.0454521179199219 -0.0717010498046875 -0.144943237304688
-0.0452766418457031 0.0154800415039063 0.00942230224609374 -0.11383056640625
-0.0567550659179687 -0.0236320495605469 0.0371170043945312 -0.0283203125
-0.0408096313476563 -0.0385856628417969 -0.0823211669921875 -0.00683593749999998
-0.0645751953125 -0.076141357421875 -0.111160278320312 -0.178268432617188
-0.023193359375 -0.0922012329101563 0.16009521484375 0.189041137695313
-0.0608406066894531 -0.0495567321777344 0.129226684570313 0.034088134765625
-0.0812530517578125 0.0220870971679688 -0.0279579162597656 0.0149345397949219
-0.0358848571777344 0.0672187805175781 -0.0308914184570313 0.0930404663085938
0.0329856872558594 0.0608444213867187 0.0272674560546875 0.148941040039063
0.0579681396484375 0.0070343017578125 0.14849853515625 0.1453857421875
0.0653076171875 -0.0149993896484375 0.239883422851562 0.0549774169921875
0.0655174255371094 0.00121307373046875 0.239974975585937 0.0341033935546875
0.0604476928710937 -0.00992965698242188 0.23541259765625 0.056884765625
0.0578041076660156 0.0286598205566406 0.162338256835938 0.116531372070312
0.0206718444824219 0.0699806213378906 0.0624313354492188 0.100173950195313
-0.049163818359375 0.075469970703125 0.0583763122558594 0.0498466491699219
-0.0884780883789063 -0.0119705200195313 0.114578247070313 0.0320892333984375
-0.0561332702636719 -0.0533828735351563 0.223434448242188 0.146331787109375
-0.0120925903320313 -0.0748977661132813 0.173309326171875 0.41375732421875
-0.106948852539062 -0.219024658203125 0.143646240234375 0.15899658203125
-0.157638549804687 -0.126556396484375 0.11846923828125 0.03485107421875
-0.208419799804687 0.0237274169921875 -0.0188827514648438 0.0186767578125
-0.11181640625 0.132728576660156 -0.0255355834960937 0.0750885009765625
0.02117919921875 0.158905029296875 0.0059661865234375 0.130668640136719
0.111732482910156 0.0781402587890625 0.115753173828125 0.129837036132813
0.14862060546875 0.0228271484375 0.200836181640625 0.05218505859375
0.15625 0.04833984375 0.1953125 0.0333251953125
0.15533447265625 0.0298919677734375 0.196441650390625 0.0485382080078125
0.118690490722656 0.0946426391601563 0.12884521484375 0.0864410400390625
0.034576416015625 0.16717529296875 0.043670654296875 0.0680732727050781
-0.10662841796875 0.17047119140625 0.0706939697265625 0.0194931030273438
-0.226715087890625 0.004241943359375 0.131790161132812 0.0167160034179688
-0.180801391601562 -0.120208740234375 0.2275390625 0.14190673828125
-0.114990234375 -0.21337890625 0.173004150390625 0.37860107421875
-0.176666259765625 -0.320770263671875 0.108436584472656 0.090087890625
-0.242446899414063 -0.19171142578125 0.0843505859375 0.0190353393554687
-0.3199462890625 0.0241088867187499 -0.0137310028076172 0.0241508483886719
-0.180496215820313 0.189346313476563 -0.0145454406738281 0.0542488098144531
0.00382995605468749 0.242568969726563 -0.0113906860351562 0.0955963134765625
0.15032958984375 0.142990112304687 0.0706710815429688 0.0934829711914063
0.209945678710938 0.058563232421875 0.132232666015625 0.038330078125
0.224472045898438 0.08843994140625 0.120811462402344 0.0281753540039063
0.22845458984375 0.0608367919921875 0.127403259277344 0.0354690551757813
0.167221069335938 0.142852783203125 0.07366943359375 0.0458221435546875
0.0538330078125 0.242401123046875 0.0145359039306641 0.0254325866699219
-0.140228271484375 0.251815795898438 0.0716323852539062 -0.0189285278320312
-0.335784912109375 0.03521728515625 0.136123657226562 -0.0040130615234375
-0.288238525390625 -0.157867431640625 0.20257568359375 0.123397827148437
-0.207183837890625 -0.315887451171875 0.146331787109375 0.30328369140625
-0.2255859375 -0.377593994140625 0.0555763244628906 -0.0116081237792969
-0.304962158203125 -0.22821044921875 0.0269355773925781 -0.0134716033935547
-0.39593505859375 0.033599853515625 -0.0152683258056641 0.0267658233642578
-0.223922729492188 0.229949951171875 -0.00358581542968751 0.0275154113769531
-0.00918579101562497 0.29736328125 -0.0259132385253906 0.0454292297363281
0.169036865234375 0.18817138671875 0.0147361755371094 0.0389938354492188
0.240020751953125 0.0865325927734375 0.0431327819824219 0.0161781311035156
0.258132934570313 0.114776611328125 0.028249740600586 0.0187797546386719
0.266998291015625 0.0825347900390625 0.0379714965820313 0.0203590393066406
0.191482543945312 0.168914794921875 0.00105547904968263 0.00240015983581544
0.067474365234375 0.281707763671875 -0.0245571136474609 -0.020914077758789
-0.15020751953125 0.29718017578125 0.0579452514648438 -0.0591163635253906
-0.392181396484375 0.063568115234375 0.122795104980469 -0.0251617431640625
-0.35028076171875 -0.168212890625 0.148468017578125 0.09832763671875
-0.266265869140625 -0.3687744140625 0.0929412841796875 0.198654174804687
-0.244659423828125 -0.377716064453125 -0.0106124877929688 -0.131088256835938
-0.3271484375 -0.22503662109375 -0.0472030639648438 -0.0576591491699219
-0.408355712890625 0.04351806640625 -0.0238628387451172 0.0212173461914062
-0.226852416992188 0.2369384765625 0.00333118438720702 -0.00553321838378905
-0.017852783203125 0.30303955078125 -0.0390777587890625 -0.0140647888183593
0.163375854492187 0.200958251953125 -0.045928955078125 -0.0245323181152344
0.232406616210938 0.100540161132813 -0.0547447204589844 -0.00933456420898438
0.252349853515625 0.123764038085938 -0.0685386657714844 0.00748825073242189
0.262924194335938 0.09283447265625 -0.0587654113769531 0.00497436523437501
0.1815185546875 0.171371459960938 -0.0737533569335937 -0.0381393432617187
0.06329345703125 0.275283813476563 -0.0631370544433594 -0.0649490356445312
-0.143218994140625 0.28619384765625 0.0358505249023437 -0.0919876098632812
-0.38189697265625 0.0665283203125001 0.0977706909179687 -0.0387191772460938
-0.345916748046875 -0.160980224609375 0.0753555297851562 0.07244873046875
-0.275665283203125 -0.364501953125 0.0247344970703125 0.08160400390625
-0.227447509765625 -0.31488037109375 -0.080352783203125 -0.24652099609375
-0.290863037109375 -0.176971435546875 -0.122627258300781 -0.104713439941406
-0.343109130859375 0.046112060546875 -0.0384635925292969 0.00814819335937501
-0.184036254882813 0.199020385742187 0.000999450683593741 -0.0375823974609375
-0.017791748046875 0.252349853515625 -0.0498847961425781 -0.0693702697753906
0.131866455078125 0.176132202148438 -0.101089477539062 -0.082489013671875
0.188308715820313 0.09625244140625 -0.145553588867188 -0.0332794189453125
0.207183837890625 0.112869262695313 -0.15582275390625 -0.00476074218749996
0.21734619140625 0.092193603515625 -0.146316528320313 -0.01068115234375
0.13861083984375 0.15069580078125 -0.136260986328125 -0.0738143920898437
0.0374755859375 0.224441528320313 -0.0882568359375 -0.102142333984375
-0.125640869140625 0.2198486328125 0.0157928466796875 -0.112411499023437
-0.309478759765625 0.039642333984375 0.0711212158203125 -0.0418701171875
-0.275527954101563 -0.137771606445313 0.00362396240234374 0.0467185974121094
-0.234893798828125 -0.307281494140625 -0.0414237976074219 -0.0289726257324219
-0.172027587890625 -0.201736450195313 -0.14373779296875 -0.336944580078125
-0.202377319335938 -0.099822998046875 -0.188507080078125 -0.143524169921875
-0.214736938476563 0.037750244140625 -0.0573616027832031 -0.00677871704101561
-0.107254028320312 0.122482299804688 -0.00851440429687501 -0.0572853088378906
-0.0148468017578125 0.155685424804688 -0.0539627075195312 -0.105796813964844
0.0783462524414063 0.12127685546875 -0.139114379882812 -0.12225341796875
0.114517211914062 0.0760650634765625 -0.212738037109375 -0.0500030517578125
0.129692077636719 0.0867538452148438 -0.219512939453125 -0.0170440673828125
0.137557983398438 0.0796051025390625 -0.210372924804688 -0.02850341796875
0.0731658935546875 0.110206604003906 -0.173538208007812 -0.104049682617188
0.00244140625 0.142410278320313 -0.0916595458984375 -0.129112243652344
-0.0940093994140625 0.119827270507813 0.00656127929687498 -0.118995666503906
-0.192413330078125 0.00201416015624998 0.0496902465820312 -0.0367355346679688
-0.163253784179687 -0.098388671875 -0.0511131286621094 0.0214157104492187
-0.158920288085938 -0.206207275390625 -0.0899734497070313 -0.117927551269531
-0.0870437622070312 -0.058990478515625 -0.19012451171875 -0.386962890625
-0.08343505859375 -0.00998687744140626 -0.236190795898438 -0.16668701171875
-0.0578727722167969 0.0236892700195312 -0.078765869140625 -0.0162353515625
-0.0188026428222656 0.029998779296875 -0.0242385864257813 -0.0574493408203125
-0.010772705078125 0.0377998352050781 -0.050567626953125 -0.116348266601562
0.0124473571777344 0.0484199523925781 -0.15374755859375 -0.137725830078125
0.0228157043457031 0.0434532165527344 -0.246292114257813 -0.057342529296875
0.0324020385742188 0.0461463928222656 -0.24981689453125 -0.025787353515625
0.0395889282226563 0.053863525390625 -0.243316650390625 -0.043670654296875
0.00277328491210938 0.0539703369140625 -0.182052612304688 -0.123367309570313
-0.0245552062988281 0.0465850830078125 -0.076019287109375 -0.143295288085938
-0.0447120666503906 0.0173110961914063 0.00617980957031249 -0.113235473632813
-0.0581436157226563 -0.020294189453125 0.0364608764648437 -0.0285186767578125
-0.0428466796875 -0.0378379821777344 -0.08056640625 -0.00295257568359377
-0.0671005249023437 -0.0744552612304688 -0.114776611328125 -0.175384521484375
-0.0242156982421875 -0.0914230346679688 0.163543701171875 0.188766479492187
-0.0604171752929688 -0.0486106872558594 0.130668640136719 0.0305404663085937
-0.0808868408203125 0.0228347778320312 -0.0270309448242188 0.0136070251464844
-0.0348129272460938 0.0680618286132813 -0.0297622680664062 0.0936965942382813
0.0339202880859375 0.0595932006835938 0.0298919677734375 0.151535034179688
0.0566940307617188 0.00569915771484375 0.153884887695313 0.144760131835938
0.0650787353515625 -0.0158615112304688 0.244415283203125 0.050018310546875
0.0665206909179688 0.000244140625 0.243499755859375 0.0276031494140625
0.0603866577148438 -0.0103569030761719 0.239822387695313 0.050689697265625
0.0584945678710937 0.0273590087890625 0.167510986328125 0.114303588867188
0.0227127075195312 0.07000732421875 0.0649871826171875 0.101600646972656
-0.0475234985351562 0.0773849487304688 0.0594253540039063 0.0490531921386719
-0.0896224975585937 -0.00963592529296874 0.114341735839844 0.0297012329101563
-0.0563087463378906 -0.0520210266113281 0.225860595703125 0.14385986328125
-0.0137481689453125 -0.0744094848632813 0.177490234375 0.414886474609375
-0.11041259765625 -0.2181396484375 0.146530151367188 0.158981323242187
-0.159805297851563 -0.1246337890625 0.119338989257812 0.0311355590820312
-0.2088623046875 0.0271453857421875 -0.016998291015625 0.0178012847900391
-0.110923767089844 0.135208129882813 -0.024688720703125 0.0754470825195313
0.0240325927734375 0.158584594726563 0.00795745849609376 0.133209228515625
0.112617492675781 0.0765304565429688 0.120475769042969 0.130599975585938
0.150070190429688 0.0208892822265625 0.204269409179688 0.0478973388671875
0.1597900390625 0.045196533203125 0.198638916015625 0.02789306640625
0.157516479492188 0.027374267578125 0.200942993164063 0.0432586669921875
0.120506286621094 0.093017578125 0.133041381835938 0.0853271484375
0.038330078125 0.168701171875 0.0454864501953125 0.070281982421875
-0.10406494140625 0.17425537109375 0.07122802734375 0.0174407958984375
-0.228836059570313 0.00923156738281255 0.131561279296875 0.0146636962890625
-0.183319091796875 -0.118377685546875 0.229888916015625 0.139312744140625
-0.120010375976563 -0.21295166015625 0.177490234375 0.380523681640625
-0.1837158203125 -0.320343017578125 0.109870910644531 0.089324951171875
-0.246902465820313 -0.18878173828125 0.0847396850585937 0.0158309936523437
-0.32147216796875 0.03155517578125 -0.011322021484375 0.0237445831298828
-0.179122924804688 0.193008422851563 -0.0133285522460938 0.0542335510253906
0.00878906250000002 0.243377685546875 -0.00974273681640626 0.098419189453125
0.152496337890625 0.141326904296875 0.0737762451171875 0.09429931640625
0.212387084960938 0.055938720703125 0.1341552734375 0.0354995727539063
0.230484008789063 0.0843353271484375 0.123931884765625 0.0250015258789063
0.231704711914062 0.0576934814453125 0.130905151367188 0.0312347412109375
0.170364379882813 0.14093017578125 0.0761947631835938 0.0453720092773438
0.0584869384765625 0.244171142578125 0.0158920288085938 0.0271224975585938
-0.136962890625 0.257110595703125 0.0721664428710937 -0.0220947265625
-0.338470458984375 0.0425109863281249 0.135673522949219 -0.00667572021484375
-0.29296875 -0.15582275390625 0.205718994140625 0.122055053710937
-0.214447021484375 -0.31488037109375 0.14996337890625 0.304168701171875
-0.233642578125 -0.377593994140625 0.0556411743164062 -0.0120048522949219
-0.311859130859375 -0.225250244140625 0.0262413024902344 -0.0153179168701172
-0.39837646484375 0.0423583984375001 -0.0129184722900391 0.0264911651611328
-0.222610473632812 0.235275268554688 -0.00130462646484376 0.0271720886230469
-0.00363159179687497 0.299224853515625 -0.0247421264648438 0.0474052429199219
0.172500610351563 0.185821533203125 0.0159721374511719 0.0397453308105469
0.243179321289063 0.0830841064453125 0.0430030822753906 0.0156135559082031
0.26580810546875 0.109298706054688 0.0299072265625 0.0179996490478516
0.271697998046875 0.0775146484375 0.0404739379882813 0.0175704956054688
0.195144653320313 0.166839599609375 0.00206255912780763 0.00319814682006837
0.07391357421875 0.283172607421875 -0.0236682891845703 -0.0191402435302734
-0.14654541015625 0.303558349609375 0.0578193664550781 -0.0627174377441406
-0.395355224609375 0.0726318359375 0.122848510742187 -0.0264663696289063
-0.3568115234375 -0.165313720703125 0.151824951171875 0.09820556640625
-0.273651123046875 -0.367462158203125 0.09600830078125 0.19927978515625
-0.253173828125 -0.377716064453125 -0.0125961303710938 -0.131446838378906
-0.333526611328125 -0.220428466796875 -0.0494041442871094 -0.0581474304199219
-0.411376953125 0.05364990234375 -0.0224761962890625 0.0218639373779297
-0.22607421875 0.243576049804687 0.00536584854125975 -0.00585937499999999
-0.011199951171875 0.306549072265625 -0.0391197204589844 -0.0128631591796875
0.167922973632813 0.2000732421875 -0.0481147766113281 -0.02349853515625
0.236068725585937 0.0977325439453125 -0.0568428039550781 -0.00785064697265625
0.259628295898438 0.119338989257813 -0.0682907104492187 0.00888061523437499
0.267852783203125 0.0876617431640625 -0.0571670532226562 0.00498962402343752
0.18560791015625 0.169158935546875 -0.0754318237304688 -0.0365142822265625
0.069061279296875 0.276412963867188 -0.0633621215820313 -0.0634040832519531
-0.1396484375 0.2916259765625 0.0345840454101562 -0.0957489013671875
-0.384613037109375 0.07562255859375 0.0975341796875 -0.0391998291015625
-0.3526611328125 -0.157501220703125 0.078399658203125 0.0730361938476562
-0.284027099609375 -0.363739013671875 0.0265579223632812 0.0820693969726562
-0.23455810546875 -0.315673828125 -0.0839996337890625 -0.246810913085938
-0.2965087890625 -0.1744384765625 -0.126564025878906 -0.10321044921875
-0.345703125 0.0545654296875 -0.0372238159179688 0.00925827026367187
-0.183441162109375 0.203521728515625 0.00285720825195311 -0.0380897521972656
-0.012237548828125 0.255645751953125 -0.0508193969726563 -0.0694541931152344
0.136199951171875 0.176177978515625 -0.105484008789062 -0.0814971923828125
0.192184448242188 0.094390869140625 -0.148513793945313 -0.0292816162109375
0.213623046875 0.110031127929688 -0.156295776367188 -0.00093078613281251
0.221542358398438 0.08770751953125 -0.146881103515625 -0.00866699218750002
0.141220092773438 0.149566650390625 -0.139091491699219 -0.0710601806640625
0.0424346923828125 0.225433349609375 -0.0894927978515625 -0.101119995117188
-0.1224365234375 0.224273681640625 0.0144729614257813 -0.115013122558594
-0.3116455078125 0.046844482421875 0.071197509765625 -0.0422515869140625
-0.28070068359375 -0.135406494140625 0.00543212890624998 0.0483207702636719
-0.24267578125 -0.306427001953125 -0.0406265258789063 -0.029022216796875
-0.177459716796875 -0.202392578125 -0.1483154296875 -0.3370361328125
-0.206649780273437 -0.09765625 -0.192596435546875 -0.140487670898438
-0.216888427734375 0.0439300537109375 -0.0568122863769531 -0.00525665283203124
-0.107002258300781 0.125381469726563 -0.00776672363281251 -0.0575523376464844
-0.0110931396484375 0.157608032226563 -0.055450439453125 -0.106887817382813
0.0812149047851563 0.121932983398438 -0.144607543945313 -0.122024536132813
0.11712646484375 0.0757369995117188 -0.217254638671875 -0.0450897216796875
0.1337890625 0.0839920043945313 -0.221435546875 -0.010986328125
0.140945434570313 0.07659912109375 -0.2125244140625 -0.023590087890625
0.0752716064453125 0.110397338867188 -0.177932739257813 -0.100234985351562
0.00523376464843748 0.144149780273437 -0.0941696166992188 -0.128547668457031
-0.0927886962890625 0.122978210449219 0.00473022460937501 -0.12060546875
-0.19500732421875 0.00639343261718746 0.0502166748046875 -0.0366477966308594
-0.167633056640625 -0.0974578857421875 -0.0491790771484375 0.0236015319824219
-0.1634521484375 -0.206039428710938 -0.0905990600585937 -0.118888854980469
-0.0896835327148438 -0.05950927734375 -0.195281982421875 -0.387298583984375
-0.0848541259765625 -0.00995635986328126 -0.241073608398438 -0.162307739257812
-0.0589103698730469 0.0254325866699219 -0.07958984375 -0.01458740234375
-0.0191841125488281 0.0311431884765625 -0.0238265991210938 -0.0571479797363281
-0.00974273681640624 0.0392608642578125 -0.052886962890625 -0.117889404296875
0.014892578125 0.0495338439941406 -0.159805297851563 -0.137344360351562
0.0242233276367187 0.0445632934570313 -0.251174926757813 -0.051177978515625
0.0342521667480469 0.0458602905273438 -0.252883911132813 -0.0191192626953125
0.0420188903808594 0.0525741577148437 -0.246185302734375 -0.0381622314453125
0.00378036499023437 0.0550537109375 -0.186264038085938 -0.119903564453125
-0.0241775512695312 0.0476760864257813 -0.0792999267578125 -0.143630981445313
-0.0450325012207031 0.0186080932617188 0.00372314453125 -0.114669799804687
-0.0596504211425781 -0.0187835693359375 0.0370292663574219 -0.0282325744628906
-0.0451698303222656 -0.03802490234375 -0.0789794921875 -0.000541687011718743
-0.0699920654296875 -0.0750808715820313 -0.11639404296875 -0.176712036132813
-0.0255584716796875 -0.09197998046875 0.169204711914063 0.193145751953125
-0.0616264343261719 -0.0490684509277344 0.133964538574219 0.0284652709960937
-0.081817626953125 0.0236129760742188 -0.0270004272460938 0.0136661529541016
-0.0350532531738281 0.0697441101074219 -0.030517578125 0.096099853515625
0.0347862243652344 0.0598258972167969 0.0324554443359375 0.157135009765625
0.0565376281738281 0.00484466552734375 0.162155151367188 0.148406982421875
0.0660591125488281 -0.0172500610351563 0.252410888671875 0.0457763671875
0.0685615539550781 -0.0008544921875 0.251235961914063 0.022491455078125
0.0615768432617188 -0.0104217529296875 0.248397827148438 0.047637939453125
0.0598297119140625 0.0273933410644531 0.175399780273438 0.11517333984375
0.0243072509765625 0.07147216796875 0.0686492919921875 0.105789184570312
-0.0471343994140625 0.08056640625 0.0612144470214844 0.0490226745605469
-0.0923843383789063 -0.00823974609374998 0.115486145019531 0.0285568237304688
-0.0572967529296875 -0.0522956848144531 0.2314453125 0.14501953125
-0.0150375366210938 -0.0755996704101563 0.18316650390625 0.42620849609375
-0.114898681640625 -0.221847534179688 0.150955200195313 0.162307739257813
-0.164154052734375 -0.125839233398438 0.122238159179687 0.0292129516601562
-0.2132568359375 0.03106689453125 -0.016230583190918 0.0175447463989258
-0.112091064453125 0.139518737792969 -0.0241622924804688 0.077239990234375
0.0262298583984375 0.16162109375 0.00989532470703126 0.138328552246094
0.114021301269531 0.076934814453125 0.127059936523438 0.134109497070313
0.153289794921875 0.0191192626953125 0.211257934570313 0.045013427734375
0.16644287109375 0.0442047119140625 0.20538330078125 0.02392578125
0.16217041015625 0.0263214111328125 0.208648681640625 0.03948974609375
0.123893737792969 0.09417724609375 0.139556884765625 0.0858840942382813
0.041656494140625 0.17315673828125 0.0488204956054688 0.0736007690429688
-0.104507446289062 0.182113647460938 0.0736083984375 0.0155715942382813
-0.235504150390625 0.012786865234375 0.133804321289062 0.0131683349609375
-0.1890869140625 -0.119781494140625 0.236190795898437 0.1416015625
-0.125274658203125 -0.217391967773437 0.184295654296875 0.391326904296875
-0.19122314453125 -0.326690673828125 0.112770080566406 0.0909957885742187
-0.254745483398437 -0.190948486328125 0.0858917236328125 0.0140457153320312
-0.32861328125 0.038055419921875 -0.00955390930175784 0.0233650207519531
-0.182083129882813 0.199432373046875 -0.0120582580566406 0.0548515319824219
0.0123291015625 0.24951171875 -0.0084075927734375 0.10302734375
0.156005859375 0.142929077148438 0.0779190063476563 0.0970687866210938
0.218246459960938 0.054962158203125 0.138519287109375 0.0343246459960938
0.240234375 0.0822601318359375 0.12847900390625 0.022430419921875
0.239288330078125 0.0558013916015625 0.137100219726563 0.027496337890625
0.175491333007813 0.142578125 0.0797042846679688 0.0463333129882813
0.064300537109375 0.250747680664063 0.0177745819091797 0.0299873352050781
-0.137527465820313 0.26739501953125 0.0731735229492187 -0.0254669189453125
-0.3477783203125 0.048828125 0.137809753417969 -0.007080078125
-0.302490234375 -0.15728759765625 0.211593627929687 0.1241455078125
-0.223419189453125 -0.322265625 0.155731201171875 0.312652587890625
-0.244903564453125 -0.38470458984375 0.0567817687988281 -0.0122947692871094
-0.322021484375 -0.226837158203125 0.0253124237060547 -0.0164642333984375
-0.408172607421875 0.050689697265625 -0.0115108489990235 0.0268764495849609
-0.226882934570312 0.244003295898438 1.14440917968608E-05 0.02728271484375
0.000762939453125021 0.307098388671875 -0.0244636535644531 0.0508499145507813
0.177810668945313 0.189254760742188 0.0168609619140625 0.0415687561035156
0.250762939453125 0.0826416015625 0.0440139770507813 0.0154838562011719
0.277023315429688 0.107421875 0.0320148468017578 0.0172500610351563
0.27996826171875 0.0755615234375 0.04315185546875 0.015380859375
0.201446533203125 0.169631958007813 0.00300192832946779 0.00366997718811036
0.079833984375 0.29107666015625 -0.0228614807128906 -0.0177211761474609
-0.146942138671875 0.315582275390625 0.0582962036132812 -0.0669097900390625
-0.405029296875 0.0811767578125001 0.125152587890625 -0.0276336669921875
-0.368560791015625 -0.16741943359375 0.156951904296875 0.100616455078125
-0.286407470703125 -0.375457763671875 0.100555419921875 0.204345703125
-0.264984130859375 -0.386383056640625 -0.0144424438476563 -0.134132385253906
-0.345062255859375 -0.222259521484375 -0.0520973205566407 -0.0590591430664063
-0.42181396484375 0.0631103515625 -0.021078109741211 0.0224113464355469
-0.230575561523438 0.252822875976563 0.00654125213623045 -0.00702047348022459
-0.00643920898437497 0.31549072265625 -0.0401954650878906 -0.0115547180175781
0.173660278320313 0.204071044921875 -0.0502090454101562 -0.0228538513183594
0.243942260742188 0.097869873046875 -0.0591773986816406 -0.00618362426757813
0.27117919921875 0.116989135742187 -0.06927490234375 0.00996780395507813
0.2769775390625 0.0849609375 -0.0576210021972656 0.00419235229492188
0.191635131835938 0.171676635742188 -0.0771408081054687 -0.03558349609375
0.0745849609375 0.2838134765625 -0.06488037109375 -0.0634231567382812
-0.14013671875 0.30352783203125 0.0338287353515625 -0.100578308105469
-0.39501953125 0.0840759277343751 0.0996475219726562 -0.0401687622070313
-0.364288330078125 -0.159423828125 0.0823440551757812 0.07550048828125
-0.29522705078125 -0.371856689453125 0.0285873413085937 0.0839996337890625
-0.245758056640625 -0.323089599609375 -0.0880889892578125 -0.251922607421875
-0.306976318359375 -0.1761474609375 -0.13201904296875 -0.103927612304688
-0.355255126953125 0.0633239746093751 -0.0371856689453125 0.00979995727539063
-0.187210083007812 0.21112060546875 0.00407028198242187 -0.0398712158203125
-0.00817871093750002 0.263076782226563 -0.0527496337890625 -0.0703887939453125
0.141647338867188 0.180130004882813 -0.110801696777344 -0.0822830200195313
0.199615478515625 0.09576416015625 -0.15447998046875 -0.02642822265625
0.223434448242188 0.108734130859375 -0.160324096679687 0.00234985351562501
0.229583740234375 0.085693359375 -0.149215698242187 -0.00747680664062497
0.146163940429688 0.152008056640625 -0.1439208984375 -0.0701446533203125
0.046844482421875 0.231689453125 -0.0927505493164063 -0.102218627929687
-0.1234130859375 0.232803344726562 0.0128097534179687 -0.119865417480469
-0.319854736328125 0.05389404296875 0.0726165771484375 -0.0425262451171875
-0.29119873046875 -0.136810302734375 0.00837326049804686 0.0510482788085937
-0.252899169921875 -0.314361572265625 -0.0406379699707031 -0.0306739807128906
-0.185577392578125 -0.20806884765625 -0.154815673828125 -0.344635009765625
-0.213943481445312 -0.09844970703125 -0.200057983398438 -0.141204833984375
-0.222900390625 0.04931640625 -0.0576934814453125 -0.00453186035156249
-0.110374450683594 0.129829406738281 -0.00715637207031251 -0.0593490600585937
-0.00885009765624998 0.163299560546875 -0.05828857421875 -0.109481811523437
0.0858001708984375 0.1251220703125 -0.152816772460938 -0.123428344726562
0.122337341308594 0.0772476196289063 -0.225021362304687 -0.04119873046875
0.140579223632813 0.0842132568359375 -0.22674560546875 -0.00677490234374998
0.146575927734375 0.0756072998046875 -0.217803955078125 -0.0209503173828125
0.0786361694335938 0.113067626953125 -0.183761596679688 -0.0995941162109375
0.00732421875 0.148269653320312 -0.0977783203125 -0.130966186523438
-0.0943069458007812 0.128089904785156 0.00274658203124999 -0.12493896484375
-0.200424194335937 0.0101776123046875 0.0520515441894531 -0.0367507934570313
-0.173904418945312 -0.0987091064453125 -0.047698974609375 0.025970458984375
-0.171035766601563 -0.21087646484375 -0.0922317504882813 -0.122772216796875
-0.0939178466796875 -0.0622100830078125 -0.202178955078125 -0.395538330078125
-0.0875625610351563 -0.00962066650390627 -0.24859619140625 -0.162643432617187
-0.0610466003417969 0.0273246765136719 -0.0818939208984375 -0.0138778686523438
-0.0201053619384766 0.0321178436279297 -0.0242271423339844 -0.0587692260742188
-0.0090484619140625 0.0410881042480469 -0.0555267333984375 -0.12164306640625
0.0172042846679688 0.0512771606445313 -0.168853759765625 -0.14007568359375
0.0265541076660156 0.0466194152832031 -0.260040283203125 -0.0475921630859375
0.0363235473632813 0.0465621948242188 -0.260467529296875 -0.0137176513671875
0.0441398620605469 0.0530471801757813 -0.25311279296875 -0.03411865234375
0.005096435546875 0.057373046875 -0.193511962890625 -0.119644165039062
-0.0238876342773437 0.0493507385253906 -0.0836639404296875 -0.147293090820313
-0.0465774536132813 0.0202674865722656 0.0027618408203125 -0.116874694824219
-0.0620040893554688 -0.0173492431640625 0.03875732421875 -0.0276679992675781
-0.0479736328125 -0.0390357971191406 -0.0793991088867188 0.000602722167968757
-0.0730133056640625 -0.07745361328125 -0.11907958984375 -0.183212280273438
-0.0273971557617188 -0.0941925048828125 0.180450439453125 0.199020385742188
-0.0643463134765625 -0.049530029296875 0.139602661132813 0.0246353149414062
-0.0846786499023438 0.0257492065429688 -0.0277538299560547 0.0138072967529297
-0.0346298217773438 0.073699951171875 -0.0295333862304688 0.10028076171875
0.0369949340820313 0.0607948303222656 0.038726806640625 0.164138793945313
0.0571250915527344 0.00381851196289062 0.174636840820313 0.151321411132813
0.0673027038574219 -0.0198020935058594 0.265533447265625 0.039154052734375
0.071868896484375 -0.00305938720703125 0.263320922851562 0.0143585205078125
0.0644149780273438 -0.0123558044433594 0.261871337890625 0.0406951904296875
0.0624923706054688 0.0265045166015625 0.187835693359375 0.115386962890625
0.0277557373046875 0.0736541748046875 0.0752716064453125 0.110618591308594
-0.0460586547851563 0.0858306884765625 0.0648422241210938 0.0488204956054688
-0.0964279174804688 -0.00598907470703124 0.11859130859375 0.0263671875
-0.0594291687011719 -0.0526809692382813 0.242919921875 0.14605712890625
-0.0176162719726563 -0.0770797729492188 0.198272705078125 0.443359375
-0.125030517578125 -0.22796630859375 0.16009521484375 0.167266845703125
-0.173171997070313 -0.126937866210937 0.126625061035156 0.0260848999023437
-0.220443725585938 0.0384521484375 -0.0154466629028321 0.0173015594482422
-0.113937377929688 0.148040771484375 -0.0233993530273438 0.07958984375
0.0312957763671875 0.166717529296875 0.0147705078125 0.146194458007813
0.119056701660156 0.0775909423828125 0.137657165527344 0.137588500976563
0.159988403320313 0.016082763671875 0.222442626953125 0.0400848388671875
0.176177978515625 0.0403594970703125 0.216171264648438 0.0166015625
0.170059204101563 0.023712158203125 0.220291137695313 0.032958984375
0.130744934082031 0.095001220703125 0.149612426757813 0.085968017578125
0.048492431640625 0.180023193359375 0.0541763305664063 0.0774383544921875
-0.104385375976562 0.1934814453125 0.0760498046875 0.0131378173828125
-0.245895385742188 0.020172119140625 0.137336730957031 0.0103988647460938
-0.200042724609375 -0.12078857421875 0.248062133789063 0.142852783203125
-0.136444091796875 -0.22369384765625 0.199005126953125 0.405548095703125
-0.206573486328125 -0.33587646484375 0.118583679199219 0.09356689453125
-0.26922607421875 -0.191619873046875 0.0883102416992187 0.0118865966796875
-0.3397216796875 0.0496826171874999 -0.00871658325195315 0.02423095703125
-0.185226440429687 0.2127685546875 -0.0110130310058594 0.056640625
0.01947021484375 0.259170532226562 -0.005035400390625 0.109298706054688
0.164779663085938 0.14593505859375 0.0852203369140625 0.099853515625
0.22857666015625 0.0517120361328125 0.145675659179688 0.03143310546875
0.254653930664063 0.077545166015625 0.135475158691406 0.0177383422851563
0.251785278320313 0.0516204833984375 0.144775390625 0.022216796875
0.185516357421875 0.145004272460938 0.0859909057617188 0.0461502075195313
0.0743408203125 0.260604858398438 0.0213890075683594 0.0331535339355469
-0.1368408203125 0.2845458984375 0.0750808715820312 -0.0299148559570312
-0.3624267578125 0.0614929199218749 0.142669677734375 -0.00993347167968749
-0.319549560546875 -0.1575927734375 0.223037719726562 0.125778198242187
-0.241455078125 -0.330657958984375 0.169097900390625 0.324005126953125
-0.26446533203125 -0.396453857421875 0.057647705078125 -0.0132293701171875
-0.340972900390625 -0.227996826171875 0.0245018005371094 -0.0184650421142578
-0.4217529296875 0.066497802734375 -0.00963401794433596 0.0275249481201172
-0.231201171875 0.260025024414063 0.0020313262939453 0.0269012451171875
0.00982666015625003 0.32012939453125 -0.0233306884765625 0.0561332702636719
0.188735961914063 0.193603515625 0.0189323425292969 0.0438804626464844
0.2635498046875 0.0803070068359375 0.0462150573730469 0.0155677795410156
0.2950439453125 0.10333251953125 0.0344829559326172 0.0159492492675781
0.29534912109375 0.069671630859375 0.04681396484375 0.0122451782226563
0.213424682617188 0.171707153320313 0.00433468818664552 0.00433015823364259
0.091583251953125 0.30181884765625 -0.0226249694824219 -0.0165920257568359
-0.1448974609375 0.33416748046875 0.057708740234375 -0.0738449096679687
-0.421539306640625 0.0965576171875 0.129127502441406 -0.0303573608398437
-0.3885498046875 -0.16583251953125 0.166702270507813 0.102325439453125
-0.30902099609375 -0.38641357421875 0.109146118164063 0.211196899414062
-0.287139892578125 -0.397735595703125 -0.0180511474609375 -0.138389587402344
-0.365509033203125 -0.22320556640625 -0.0571708679199219 -0.0600776672363281
-0.436859130859375 0.0791015625 -0.0199775695800782 0.0233230590820313
-0.234466552734375 0.269027709960938 0.00769186019897459 -0.0085315704345703
0.00234985351562501 0.329498291015625 -0.0416374206542969 -0.00962448120117185
0.186126708984375 0.209609985351562 -0.0537834167480469 -0.0211257934570312
0.25762939453125 0.0969696044921875 -0.0620307922363281 -0.00357437133789061
0.2894287109375 0.112640380859375 -0.0710678100585937 0.0124282836914063
0.292327880859375 0.080474853515625 -0.058990478515625 0.00425720214843751
0.203414916992187 0.17486572265625 -0.0810546875 -0.033935546875
0.08624267578125 0.2945556640625 -0.0674667358398438 -0.0631179809570312
-0.13885498046875 0.321502685546875 0.0313262939453125 -0.107261657714844
-0.410369873046875 0.0993652343750001 0.103195190429687 -0.0428314208984375
-0.384490966796875 -0.157379150390625 0.0896072387695312 0.0783615112304687
-0.319061279296875 -0.381622314453125 0.0327301025390625 0.086090087890625
-0.265045166015625 -0.3330078125 -0.0973358154296875 -0.260589599609375
-0.324432373046875 -0.17608642578125 -0.141372680664063 -0.10418701171875
-0.368011474609375 0.0770874023437499 -0.0373191833496094 0.0113487243652344
-0.191986083984375 0.225814819335938 0.00426101684570311 -0.0422096252441406
-0.000946044921875011 0.276046752929688 -0.0565948486328125 -0.070831298828125
0.152877807617187 0.185882568359375 -0.1195068359375 -0.0819320678710937
0.211502075195313 0.0955352783203125 -0.162063598632813 -0.0216827392578125
0.238479614257813 0.105926513671875 -0.166915893554687 0.00785827636718748
0.242431640625 0.08209228515625 -0.155853271484375 -0.00445556640624997
0.155868530273438 0.156082153320313 -0.151565551757813 -0.0688018798828125
0.0550079345703125 0.241043090820313 -0.0985260009765625 -0.103569030761719
-0.123703002929687 0.247222900390625 0.00923919677734373 -0.126335144042969
-0.333526611328125 0.06597900390625 0.0754241943359375 -0.044464111328125
-0.30792236328125 -0.135986328125 0.0123176574707031 0.0543899536132812
-0.272003173828125 -0.32305908203125 -0.0423622131347656 -0.0321998596191406
-0.200119018554687 -0.214340209960938 -0.167724609375 -0.355560302734375
-0.225357055664063 -0.09820556640625 -0.21197509765625 -0.141372680664063
-0.230758666992188 0.0590057373046875 -0.0596275329589844 -0.00339126586914061
-0.113121032714844 0.139045715332031 -0.00778961181640626 -0.0621986389160156
-0.00402832031249999 0.171737670898437 -0.0638580322265625 -0.112899780273437
0.0937957763671875 0.129486083984375 -0.164947509765625 -0.124435424804688
0.131423950195313 0.0782012939453125 -0.237045288085937 -0.0343170166015625
0.1507568359375 0.0836639404296875 -0.237030029296875 0.00167846679687497
0.155899047851563 0.0743560791015625 -0.227645874023438 -0.0147552490234375
0.084930419921875 0.116729736328125 -0.1943359375 -0.0977935791015625
0.012115478515625 0.154647827148438 -0.105384826660156 -0.134071350097656
-0.09576416015625 0.137107849121094 -0.00090789794921875 -0.129829406738281
-0.209518432617188 0.0167999267578125 0.0547599792480469 -0.0380516052246094
-0.185256958007813 -0.09906005859375 -0.0465621948242188 0.0288047790527344
-0.184295654296875 -0.217681884765625 -0.0977783203125 -0.128410339355469
-0.100128173828125 -0.0641021728515625 -0.217559814453125 -0.407684326171875
-0.0912551879882813 -0.00893402099609375 -0.262725830078125 -0.161270141601562
-0.0632171630859375 0.0305900573730469 -0.0849151611328125 -0.01165771484375
-0.0216407775878906 0.0341682434082031 -0.0255928039550781 -0.0605926513671875
-0.00783538818359375 0.0440177917480469 -0.0616531372070312 -0.126747131347656
0.0200309753417969 0.05340576171875 -0.182815551757812 -0.141464233398437
0.0302276611328125 0.0489006042480469 -0.273727416992187 -0.039703369140625
0.0400352478027344 0.0478401184082031 -0.271484375 -0.00471496582031255
0.0480537414550781 0.0533676147460938 -0.264877319335937 -0.027130126953125
0.00723648071289062 0.0601234436035156 -0.205673217773437 -0.118667602539063
-0.0237350463867188 0.0528144836425781 -0.091156005859375 -0.152572631835938
-0.0487556457519531 0.0226707458496094 -0.0009765625 -0.121192932128906
-0.0657806396484375 -0.0157585144042969 0.0412063598632812 -0.029296875
-0.051849365234375 -0.0396537780761719 -0.0800857543945313 0.00304412841796876
-0.078857421875 -0.0802688598632813 -0.127456665039062 -0.19140625
-0.0871539345487979 0.0524573544784824 -0.0559695824236263 0.280523337112773
-0.013276158624315 0.0877263339010381 0.0653543119194167 0.141866346873127
0.0761620749912639 0.0540238666732512 -0.0239788353164248 -0.0424131078324017
0.0907883877186337 -0.0323022173531638 -0.123447717965309 0.0059545879991217
0.0101499482290941 -0.0889851717007685 -0.144385113704092 0.138112337220043
-0.0497287373390443 -0.0647082451228477 -0.0609420123451272 0.241681274763503
-0.0707437875950082 -0.0522021110302476 0.0547295106620221 0.282172956020702
-0.0690077575653441 -0.0495238607737901 0.118115695063444 0.273821644579709
-0.0663118155210559 -0.0580828793301259 0.0727097808443795 0.275031581552515
-0.0332969969812365 -0.0708886614409353 -0.0166707740512526 0.226083079664968
0.0327308588657164 -0.079582478246831 -0.0783094089648907 0.125570778775601
0.100703166561054 -0.0182050900550396 -0.0157541124011354 0.0698280000634985
0.0604190677798377 0.0661704691005173 0.0519081953502767 0.105971019398667
-0.0168509541440174 0.068148928642691 0.00261035569779763 0.291663254377898
-0.063995530659839 0.0329516539566854 -0.22549520788156 0.435833271044649
-0.142032707664454 0.210385176730104 -0.0141946398274924 0.242759084352353
-0.00422408592696675 0.229346640570169 0.0841361015155598 0.122297256129673
0.168814777656891 0.162018682046502 -0.00864421797053168 -0.0615751508307193
0.214932026440379 -0.0154725281162846 -0.111261913056355 -0.029718702149225
0.0963746201627282 -0.164312067956357 -0.157699495716814 0.101675447415045
-0.0280917829662767 -0.159343553041141 -0.0807573403904641 0.205401028581383
-0.0863603536551845 -0.156802595711224 0.0220323493633419 0.245719331632779
-0.104241573456763 -0.157386330499135 0.0827901550205206 0.236453999623821
-0.0971937199265116 -0.172134889019999 0.0501354148526113 0.237880605844086
-0.0207021143412625 -0.170544264551241 -0.0243836959144303 0.175563845467326
0.0985831161728434 -0.168216590943774 -0.0702829699509533 0.0797062662328474
0.23309093762546 -0.0348702831665685 0.0196945283258548 0.0408486993332392
0.188343885344845 0.149348393471542 0.0841042189121095 0.0999002109309153
0.0156466087442792 0.21878472859046 0.0266554050318464 0.29580991502428
-0.119864357669204 0.204910145859499 -0.182125888365592 0.429216664127092
-0.179941762849472 0.346133257824968 0.048297475182737 0.162088655011924
0.0100024392091435 0.352424783728465 0.100770811255095 0.0709461701499297
0.251633291656219 0.25623498888149 0.000468196841743823 -0.0805934574146677
0.323897917138467 0.00241545405444632 -0.09112820270054 -0.0576684562707987
0.176228483272269 -0.222650098904215 -0.149146627012174 0.0565669514068449
0.000532398913818549 -0.235034673341405 -0.0848075330269742 0.141259286584448
-0.0871722685959664 -0.239022966910581 -0.0118762531027894 0.169809067291453
-0.1239529731817 -0.241599321022053 0.0334338150583969 0.163173445647556
-0.117517202257813 -0.258078125374325 0.0177794340604814 0.165099610310809
-0.0127383466404286 -0.247062877449029 -0.0326575411091446 0.0998060460872179
0.143141821458949 -0.24232534900351 -0.0551613777602878 0.0193027701001001
0.334356446939023 -0.0624721954099967 0.0540933800397706 0.00187688948634019
0.302953693994709 0.199148581620557 0.109433236632169 0.0807356400308375
0.0622260151505069 0.335542214081091 0.0436926046282501 0.264555054994715
-0.149826414782221 0.348108259519334 -0.124399145229465 0.366192397822107
-0.189926011256846 0.439433040993528 0.119864323168698 0.0436782729784826
0.0340137297225196 0.43858536817653 0.112376137737643 -0.012528160307973
0.316588780559997 0.316140785218072 0.00152078586289614 -0.10091883582391
0.400383952394593 0.0103304938807409 -0.0643911406370757 -0.0796806149589891
0.232117884749604 -0.257738287232623 -0.118415513746398 0.00465257308908616
0.0280954019734222 -0.278927713777342 -0.0730865928724843 0.0544862167857159
-0.0741152402235095 -0.286471824431271 -0.0414765733659322 0.0676853045665905
-0.125282260526848 -0.288177448599088 -0.0201077996653858 0.0654302589591938
-0.120669075491944 -0.305488591053169 -0.0215824928393762 0.0689978784986726
-0.00468890650028047 -0.28679534592448 -0.0423699157045528 0.00668115400804721
0.163697766303223 -0.28202982484687 -0.0365385271542432 -0.0507592564124217
0.385902986137603 -0.0842968834076493 0.082135919542201 -0.0445362692628486
0.37181727219916 0.216157003922628 0.1206593407228 0.0512318876700951
0.101706372063438 0.396083065599065 0.0435380638848173 0.199885309320994
-0.15564412769834 0.434479232618403 -0.0643400415863277 0.255924372039574
-0.167763109803641 0.472902897620568 0.188536368931508 -0.0989660571370726
0.0631613623868582 0.457806317348376 0.112329264726933 -0.116694110194868
0.338585292910868 0.320564214464149 -0.00207253337565839 -0.11807249891681
0.411305019745683 0.0113199309232866 -0.0298563103953286 -0.0947068642434308
0.247397131481145 -0.253309622719845 -0.0682503256493862 -0.0530714771373444
0.0484219569878941 -0.2797135489284 -0.0497632874811599 -0.045073640232557
-0.04985309093801 -0.289519870154566 -0.0647014935821684 -0.0476620361963424
-0.10582754911086 -0.292586998842956 -0.0716831067880328 -0.0421405255379795
-0.102996333421437 -0.305786740550523 -0.0614685324887059 -0.0372742061995167
0.0100512267516615 -0.279845591288386 -0.0506401218333697 -0.0884193926548325
0.163580516471715 -0.270307797086075 -0.0134295186461046 -0.118553396406399
0.371443247354185 -0.0787129034271868 0.101255097644939 -0.0843797553666294
0.366911329799673 0.206406188493179 0.115294597697887 0.0240214697867798
0.110736903732553 0.38907600157199 0.0251572045291273 0.119549407129208
-0.142267250041207 0.445797295955093 -0.0117569765073933 0.11792801904068
-0.114643170879252 0.433506865360584 0.239505886943692 -0.242825833398437
0.0847704617499294 0.394888454126206 0.0984120383438102 -0.219457629694992
0.296491527771027 0.264841583678008 -0.00803997632864546 -0.125284651258987
0.341734339971053 0.00794245350031895 0.00558383822312931 -0.0984267208338458
0.212748183178807 -0.203868228288014 -0.00964063434117023 -0.102548263446015
0.0578170591165665 -0.232100264511093 -0.0194725088778758 -0.13845930924423
-0.0192724359436787 -0.246674629592628 -0.0795092257203561 -0.156001361709894
-0.0702937188846001 -0.250689701822745 -0.112495480875914 -0.142987215601083
-0.0641807990640395 -0.260486626364726 -0.0923827301383708 -0.137390477429597
0.0313135444571502 -0.229516662852636 -0.0485727700533464 -0.169622617418426
0.146292456687098 -0.20610350250486 0.018487429725153 -0.166136931439436
0.297254835314435 -0.0430017889871511 0.11295517492077 -0.103248238754368
0.288154169201447 0.179344605911532 0.0986455886359765 0.00843253454864201
0.084345367491048 0.318754489418285 -0.00157276878754507 0.0401944086742951
-0.114914671547948 0.384047746826841 0.0314719711792798 -0.0203851050119183
-0.0425622060889318 0.32429150113994 0.261341091562034 -0.362052485397572
0.0916658712970183 0.262182084227728 0.0720454803822858 -0.300680510961257
0.198814470288031 0.160740287960151 -0.0172701803015909 -0.120534214435619
0.208894551319818 0.00374184036247006 0.0310693923854544 -0.0879518079681877
0.139361289109457 -0.118549182238057 0.0428647825819386 -0.132516125880061
0.0560024096428574 -0.143982458802298 0.0106926360891386 -0.206164469211936
0.0139301132058593 -0.163614613339739 -0.0825902466151337 -0.239278007720741
-0.0221332418722187 -0.170969009267728 -0.136664997949069 -0.222586055130436
-0.0141106838008913 -0.176720102991717 -0.106071845758386 -0.21799191884643
0.0508305021606354 -0.144597759463744 -0.0328686441841308 -0.224075924414362
0.112798409126243 -0.111000651283883 0.0576184574593951 -0.184801915454289
0.182705666244169 0.00406877348814548 0.119569239680431 -0.0967748820525402
0.164096733465082 0.131177535269186 0.0769074648786951 0.00832637341294483
0.040656034624719 0.202747023600101 -0.0238282815608233 -0.0228328302355227
-0.0729248685757805 0.265125452570972 0.0631239340968625 -0.133865695980054
0.0337730860282841 0.164110439150911 0.249930330986904 -0.437124530972561
0.0822528717740972 0.0916370511079058 0.0339558050637444 -0.349723921265626
0.0741347717417579 0.0342851236772599 -0.0363271421659869 -0.107358695271138
0.050662299845391 -0.000596969665953404 0.0370737655764525 -0.0655490957812218
0.0477886507758665 -0.0163466149389958 0.0779151436042463 -0.136043862091624
0.0455995914935046 -0.034617192435982 0.034556766041177 -0.236442889407253
0.0449218207800254 -0.0543804760759472 -0.0748105972166896 -0.284180627892502
0.027834925487127 -0.0647781523810451 -0.139813386785849 -0.268249907195728
0.0357116709177336 -0.0678321691479027 -0.100161780786222 -0.265802550263241
0.0575890399521341 -0.0440954501834763 -0.00556454770056331 -0.244993950927826
0.0599933835215422 -0.0112519259494023 0.0958767283489499 -0.174186979622837
0.0522003803536023 0.0351611283986475 0.11724891603181 -0.0711077996783366
0.0355367252780344 0.0574069870256689 0.0546758405593429 0.0157681804217925
0.00664628319009121 0.0656566680532276 -0.0350435268549114 -0.0660700709970318
-0.0160604156914878 0.113213284525403 0.0830129098716523 -0.210515231126628
-0.0862735584349417 0.0574813602635627 -0.0424449120125477 0.291839776880194
-0.00843065029348035 0.0901228695052645 0.0757642608135805 0.140378225193049
0.0808129235416453 0.050453914757869 -0.0264806217224783 -0.0428517393594473
0.0904893353505187 -0.0387996003359012 -0.126582226499052 0.0132134019689791
0.00479657094482254 -0.0907398684310542 -0.139231347374083 0.152156897037483
-0.0538737022030097 -0.0624346771544329 -0.0467148941547703 0.253418957418071
-0.075467599579845 -0.0486340453554375 0.0768679782110728 0.285489128047159
-0.074685184052083 -0.0461589731402798 0.141584892960392 0.272040967481418
-0.0721786338805969 -0.0552241514079772 0.0949342081191852 0.278260585359605
-0.0383042154220999 -0.0697380192422206 -0.00166839638594336 0.233918626164758
0.0276299822952045 -0.0834960181078483 -0.0730585408309012 0.135751697036897
0.10235709859417 -0.0266081157297419 -0.0123075248682568 0.0712499655950888
0.0659351344480956 0.0634633633361564 0.0575898225407181 0.103537062528738
-0.013772634586495 0.0707833336378226 0.0184812418240051 0.297237969769129
-0.0626833167407409 0.0368196242721303 -0.207515306913562 0.462380966105124
-0.132222593895388 0.223460088158327 -0.00181881258950942 0.250310907776767
0.00977967116720087 0.233833638548607 0.0929440252592167 0.118721542661491
0.182470891624285 0.154192225988514 -0.0117088471628645 -0.0630520294464461
0.218975777833685 -0.0275255594675494 -0.115126146611328 -0.0246060871304411
0.0877806621081206 -0.173696087653071 -0.155656183163621 0.116112181889603
-0.0368534312458009 -0.160878708574062 -0.0699629832159238 0.217190446973983
-0.0980946141708745 -0.15478962595291 0.0401402645758843 0.249437909881157
-0.118548625047842 -0.154420718372262 0.102720074569538 0.236297673759762
-0.111490296374843 -0.170556563959286 0.0692655647787765 0.240265461574436
-0.0307750327622624 -0.173335715283656 -0.0127388342676399 0.184222561602687
0.0902186271131099 -0.179672297471075 -0.0675550357521476 0.0887537904778484
0.237418069284833 -0.0513557810546423 0.0228815877958943 0.0391030613834452
0.203354779103101 0.141010516198268 0.0897655100436119 0.0956700010604483
0.0286461412793905 0.22421878043084 0.0440603128772547 0.301483551807113
-0.11030582566326 0.217981367445361 -0.163640118967613 0.452011529532992
-0.163813972835453 0.366240659271296 0.0572224966386254 0.163637795339666
0.0309897307007748 0.358644997633906 0.106028309356014 0.065445912478791
0.273336151774174 0.244958648984087 -0.00364007060330245 -0.0823101019514731
0.332313635510924 -0.0157374200001132 -0.095745650957293 -0.0542925313110934
0.165686342021735 -0.239165325371554 -0.1501542093046 0.0704825983376769
-0.0119229584427748 -0.24071465692651 -0.07806580373725 0.151609197402965
-0.103747607855941 -0.239243435584416 -0.000458376064292997 0.175608027702585
-0.144961439222029 -0.239248571837664 0.0472112873553431 0.164373252239162
-0.139105674393517 -0.257834948803845 0.0315736803457625 0.167590604254736
-0.0273154170100899 -0.252296565601159 -0.025890888979323 0.105298799540059
0.13089212244195 -0.257892301261731 -0.0548690881613808 0.0259153048376543
0.340398009741295 -0.0856904141218657 0.0557543672462395 -0.00438281170082542
0.324296775212255 0.18515714180637 0.115109703789616 0.0752900433929419
0.0832888628973725 0.341248038372617 0.060152990175836 0.268899190797969
-0.131684744590522 0.36773622225418 -0.106704869557268 0.383238845214264
-0.167507044641902 0.463483638857387 0.123494642816155 0.0385414516081944
0.0612670205179419 0.446118082642939 0.112194923779687 -0.0203249093629232
0.344692633129264 0.301395447669904 -0.00421472020986499 -0.103226074338498
0.411191133716177 -0.0128403622918989 -0.0691804723623698 -0.0782398245827473
0.221226188280882 -0.278928839645871 -0.121205209954186 0.0153590071604004
0.0136506570684976 -0.28882747524625 -0.0721004398274666 0.0611028466772038
-0.0940700343210882 -0.290181727243311 -0.038453627450528 0.0723872051417025
-0.149198890557631 -0.288188452345773 -0.015071964603273 0.0683702457928276
-0.145665400643191 -0.305791461386958 -0.0154101718192301 0.0710970374194484
-0.0211527470419763 -0.293708750945975 -0.0426493776197538 0.0104534693804644
0.149564025695987 -0.300211805074358 -0.0402199438413772 -0.0474468749932327
0.392036383367679 -0.111779772132763 0.0809590554117952 -0.0536350098305188
0.396226394454926 0.197679701265534 0.12517642603971 0.0456477621006675
0.128220431383301 0.400869965874206 0.0576458903136124 0.204095964790157
-0.133254068001854 0.457152480597329 -0.0506269702659731 0.266149136426288
-0.143504434429053 0.496665274319422 0.185534213215947 -0.11182873696161
0.0917823610082212 0.46444811631119 0.105586791440699 -0.126461542661173
0.36681993616846 0.306460238878093 -0.00899488679453042 -0.120238491328271
0.424345940963983 -0.0141345753980724 -0.0355893876237339 -0.0956464118221231
0.236948756724096 -0.27704944218052 -0.0735493396385355 -0.0471156847886804
0.0337113628556487 -0.290417000648027 -0.054573491216368 -0.042824882431421
-0.0699608813966669 -0.295738900989475 -0.0708212226788759 -0.043555262939443
-0.130489429358805 -0.292511948032666 -0.0759588715112516 -0.0380068264404681
-0.126461918889001 -0.307884563898811 -0.0640946451650729 -0.0349308777898965
-0.00491538135721419 -0.28828732280946 -0.0572754899145608 -0.0875995599780591
0.150497172160655 -0.287305005695805 -0.0202363332877322 -0.118486773416735
0.378801994097758 -0.105420215311108 0.0974011005341502 -0.0954035705766239
0.391056112904708 0.188752048068101 0.119066326064622 0.0183544282075167
0.13692596181893 0.392798226746584 0.034403878979381 0.122996300121882
-0.118060938634512 0.469314865597926 -0.00330322874495962 0.120557307280091
-0.0911575724698865 0.452575275008409 0.230334668411983 -0.261381001044081
0.109307856068287 0.400068059497526 0.0859376447405713 -0.230711935728597
0.321790846289775 0.253008998750183 -0.0153649272893171 -0.127280660570145
0.353552902193755 -0.0115871043217195 0.00144467895638351 -0.101217400876157
0.205457915452747 -0.224019123738689 -0.0167294189204208 -0.103065744931689
0.0458348021416726 -0.242522324016783 -0.0303133116208677 -0.141217635195456
-0.0351451407618031 -0.253937232080963 -0.0933440525064751 -0.154082680463166
-0.0899834331230719 -0.253431897010461 -0.125833405793177 -0.137885647957842
-0.0846352979425805 -0.263189555501225 -0.10344647724063 -0.135492795951915
0.0187848188865485 -0.237530782989201 -0.0612770935291949 -0.17085797790068
0.136734739753992 -0.221336727676005 0.00891487449423842 -0.170803203848484
0.304222374336775 -0.0630239505860003 0.108647001696626 -0.114588007337012
0.308189287065547 0.165146863085759 0.101265365922719 0.00426605689599819
0.105620409869646 0.322481365365133 0.00302386870649008 0.0439727691571948
-0.0948632091635435 0.40359292249418 0.0334918981654618 -0.0238589294147484
-0.0239766381965317 0.33719647935441 0.247527012842129 -0.385827892354942
0.108086291866938 0.264156933174402 0.0541853043527443 -0.311524456752403
0.214518074856353 0.152440473782071 -0.0254099486727944 -0.121793000271001
0.216596581257753 -0.00796630678961514 0.0276331927283196 -0.0918202655430158
0.135817910821761 -0.131529908289411 0.0351855323766707 -0.137709916294097
0.0487819098209415 -0.153060097463946 -0.00368130031627684 -0.213230779520293
0.00386366028692837 -0.170427305244014 -0.10221126140742 -0.239777809945281
-0.03593922427871 -0.174874932098526 -0.156118206052165 -0.217784034977088
-0.0266183185843147 -0.180709356361655 -0.123289443485049 -0.216765072360804
0.0436882096010379 -0.152717560760419 -0.0485035148823842 -0.227804985620401
0.10833676538929 -0.121108638762647 0.0475037003232665 -0.193026845719482
0.189420357314299 -0.00780244712192547 0.11544174201794 -0.107509583022158
0.178009369487537 0.123306728005075 0.0802021224418905 0.00503382375025677
0.0543720247833589 0.205904468247588 -0.023425292369179 -0.0192706827109423
-0.0586336292108465 0.278361479781217 0.0598313302201169 -0.143825477525529
0.0450675757469769 0.167859390043848 0.23208494643339 -0.461978671716819
0.0884137021770332 0.0896375664847448 0.0128011387208853 -0.358672554188983
0.0779961908433986 0.0311996902638605 -0.0440991727245438 -0.106720285741813
0.0530142183072086 -0.00324203821552924 0.0347831665168427 -0.069683144375402
0.0480030607742751 -0.0210907030971847 0.0718925376007762 -0.1447313236136
0.0444732184747615 -0.0398505800275836 0.0191133814656723 -0.246924194379074
0.0421559214646047 -0.0602217440114883 -0.0971875164971126 -0.286514389885745
0.0237980308751354 -0.0690925265994823 -0.162734056486568 -0.263585148476333
0.0318111930577452 -0.0720792923993103 -0.121848982795071 -0.265553807358963
0.0571999848922912 -0.050027639159929 -0.0220436133359603 -0.251302981873014
0.0611516726985662 -0.0154485953032247 0.0875586501618897 -0.184734785405527
0.0569982639450552 0.0334542420992368 0.114913488914674 -0.0802019657121414
0.0412322104813796 0.0567842197026385 0.0583251589066826 0.0135846591196484
0.0112265420193804 0.0671552343650935 -0.0382495128639549 -0.0634971448554752
-0.00975726082510445 0.118774090845481 0.0754888721720832 -0.223746546658097
-0.0836313681005461 0.0613355863627977 -0.0283268070617656 0.296429767382428
-0.00376755332518627 0.0901186224899058 0.0825391545810111 0.134838913223807
0.0827171519057991 0.0453334610964527 -0.0285805644970915 -0.0418474845334628
0.0881242458274334 -0.04317102507055 -0.126370731132113 0.0194727422200913
-5.07178831397805E-05 -0.0900243760113624 -0.131014562726439 0.161725463563303
-0.0566751565164267 -0.0591075785803762 -0.031443716533817 0.258927929734509
-0.0779676628725034 -0.044076342494481 0.0951788337735425 0.280542258701432
-0.0780986332057219 -0.0413907521465363 0.159821067045427 0.262115810215562
-0.0763559330603165 -0.0508796245107197 0.11442306049217 0.273454792210991
-0.0422165426114878 -0.0670766304498341 0.0136510690139629 0.236162895920443
0.0221323369657889 -0.0853230044070185 -0.0652650405844275 0.142445568043693
0.0997624768712367 -0.0333121361191257 -0.00824250269071081 0.0707827034861545
0.070357869838065 0.0596089992617767 0.0614255295959976 0.0986192681736066
-0.0104260681725406 0.0714912161327393 0.032118415904577 0.296871761559611
-0.0597141021098858 0.0398266253586902 -0.18581171530073 0.475913624947737
-0.12030012415681 0.231130473486267 0.00965130575290212 0.251644789553132
0.0221334555476432 0.232096810728171 0.0980404359895507 0.112577419569038
0.190819079596963 0.143057148302975 -0.0145309885742579 -0.0631847930289586
0.218894221312108 -0.0396165382359561 -0.116730949374231 -0.0187612311706064
0.0773524944183091 -0.177820673375478 -0.149465208757925 0.12751063127614
-0.0454183861945464 -0.159216030450584 -0.0568934952486748 0.223764203512507
-0.106429796228821 -0.149527696935607 0.056282801175108 0.24770721039288
-0.129549771056708 -0.147816252563774 0.118872797556853 0.228896783449233
-0.123234165422312 -0.164007806543979 0.0868436168963581 0.236418077520753
-0.0403674563038849 -0.171662063409932 -0.000519845746111718 0.186265846649554
0.0791745508179262 -0.18545791432048 -0.0622043306504356 0.0959790062869515
0.235595324347649 -0.0664349650989916 0.0245206484687637 0.0355228378695397
0.213218653946125 0.130421488218786 0.0928303975311892 0.0900803533918297
0.040392810309176 0.223833455528339 0.058836926041016 0.298938802162212
-0.0979584277867406 0.224915564053689 -0.141288961569671 0.463211059610226
-0.143528180630623 0.375805857159771 0.0642202050669937 0.161962105160544
0.0495531306451999 0.357151383480822 0.107988415414423 0.0588590856389583
0.28728322423353 0.228333248127482 -0.00810105394065408 -0.082452388958479
0.333867841692976 -0.0337114908235603 -0.0979229525423226 -0.0502125009264097
0.151742025866826 -0.248811100019655 -0.145689551372927 0.0816747387443078
-0.0248108137094126 -0.241521151112999 -0.0699241381718229 0.158260814090271
-0.117406831245674 -0.234345711658351 0.0115002843919334 0.175987256613382
-0.16216267106762 -0.231350091227001 0.0593166583524499 0.161119393059005
-0.15583238973962 -0.250484669478095 0.0441505764958784 0.164841898372821
-0.040357900934069 -0.252071211090321 -0.0186259397647949 0.107523574584021
0.115677959660012 -0.267136932826924 -0.0533258193790547 0.0318452545287697
0.33815626113948 -0.106757901251028 0.0545183245775776 -0.0099295862619196
0.336913746700228 0.168220942257396 0.117405030535218 0.0689760115413306
0.102169789049025 0.338445439678563 0.0745430661589075 0.26681085295804
-0.112376229537359 0.376935187561287 -0.0870664543538075 0.391630841149703
-0.141613162030575 0.474734143946957 0.124537305663195 0.0328710763863786
0.0838554262168423 0.443180466153131 0.109355857222978 -0.0262401126836745
0.362315522986157 0.2818167938785 -0.00938466110856108 -0.102844134899993
0.414031201889366 -0.0338737371965247 -0.0722407642030375 -0.0761342664452668
0.204822930138602 -0.292776878896846 -0.120395843015513 0.0253186472302024
-0.00167034364291876 -0.291176694986549 -0.0695028153171823 0.0670454602196357
-0.110713533529635 -0.285866417069745 -0.0333109552472568 0.0756594239698239
-0.170476964794832 -0.28023826535614 -0.00951645378167364 0.0693618803375931
-0.165890589923006 -0.297940170643378 -0.00971810251338364 0.0707710117911356
-0.0366738292915071 -0.29416269970823 -0.0410411813135644 0.0128928285095032
0.131697704347067 -0.30998169419888 -0.0414984191527005 -0.0433067559251624
0.38896243261886 -0.135953819471246 0.0768240875974085 -0.0609088545568799
0.4101978129871 0.175373832611213 0.126603075291384 0.039381511351093
0.150200463253265 0.396223194907919 0.0698959286285848 0.202869465295579
-0.108577651025584 0.468536417821193 -0.0361158326989672 0.269708793149955
-0.115110818352722 0.506747964575341 0.179126798818757 -0.120693915409249
0.115372544407162 0.461545340322625 0.0972805724537003 -0.131884467064035
0.385685279763852 0.285440441505536 -0.0154619788517967 -0.119739135799476
0.427313386790336 -0.0355572233691925 -0.0387857740711275 -0.094986311588224
0.221028898709477 -0.292264564700641 -0.0761475931994818 -0.0398246145751751
0.0182134897504524 -0.295790764308617 -0.0582940208170116 -0.0391023169691183
-0.0871925962717289 -0.293515987656578 -0.0737721949563995 -0.0386570572984582
-0.151495464000608 -0.286719341935524 -0.0780513922406312 -0.0326453462751535
-0.147648442372362 -0.300626312179275 -0.0653900925457934 -0.0322941749636163
-0.020805888278434 -0.290196816855469 -0.0624481007328365 -0.0841703477824484
0.133331595417934 -0.297271040569785 -0.0263622807142977 -0.116339485059549
0.375921333467481 -0.128623877300878 0.0909184522296252 -0.103130718209646
0.404127052923346 0.166598583495361 0.11940123747608 0.0126233711867897
0.159065526400693 0.387689165124103 0.0433933127528689 0.122762219432122
-0.0925575603115141 0.480271896565781 0.00415429004232392 0.120018902780326
-0.0658510009839688 0.461104158764394 0.217313405116113 -0.273342360026529
0.129456596475389 0.396437094617212 0.0716699534707175 -0.234236788886216
0.336727793730778 0.23432345954311 -0.022044954997816 -0.125927864319358
0.356753377345384 -0.031187031710303 -0.00279127997790217 -0.102620433944949
0.192301601400957 -0.23797559064782 -0.0220229284167693 -0.100341368565272
0.032553839973801 -0.248257549495384 -0.0391808358972136 -0.1401157517517
-0.050422156787582 -0.254462307452732 -0.103515067823532 -0.147679958446504
-0.108534834382544 -0.250132381118883 -0.134228010620111 -0.12897039378797
-0.101923278319637 -0.258986349766057 -0.111415069154307 -0.130266274739883
0.00628695429413729 -0.240711960908887 -0.0717791387123376 -0.167980942748471
0.124108255410514 -0.229473310463517 -0.000365959373547629 -0.170908113249373
0.304207533238186 -0.0822057197787177 0.100777967782693 -0.122266103403116
0.320585026796383 0.147622060360032 0.102064231423014 -0.000509922668851087
0.123792660724741 0.318218083778903 0.00795258056023663 0.0453230756649668
-0.0721789483168261 0.412916134342826 0.0333764902158089 -0.027929878603351
-0.0050851166139985 0.341118215225009 0.228973012970002 -0.399121272535543
0.121111257848992 0.260298408720006 0.0365772147714861 -0.313588917037205
0.22419229167377 0.140956125214238 -0.0321384116716716 -0.120071851589073
0.219088725695127 -0.018677685480627 0.0242611743093227 -0.0945331464648478
0.128490586535398 -0.140846731569914 0.028370293107904 -0.139747940478845
0.0401102431253714 -0.157603448709983 -0.0172824644839264 -0.214859882103282
-0.00652482017003086 -0.173533791500549 -0.118392635163294 -0.232670876831555
-0.048026327652417 -0.17469982556952 -0.17022583889712 -0.207069630322372
-0.0385269037084389 -0.180224481379681 -0.137511087763475 -0.209105393966501
0.0355729137412992 -0.157309573531935 -0.062994030714266 -0.22664348119701
0.101732377922723 -0.127783477660689 0.0370318674079368 -0.196510381904376
0.19156232153549 -0.0189124594544893 0.10831892806781 -0.114222244466588
0.18683880094249 0.11370613800313 0.0812402735284814 0.00178707343634695
0.0661248513124364 0.203937975516659 -0.0216488936318263 -0.0166582157278322
-0.0438023639805454 0.284644585018702 0.053784929185893 -0.149942768200829
0.0540915684981191 0.167195052579049 0.209353612456331 -0.47547034425408
0.0916428837120778 0.0860917789469041 -0.00697548357442173 -0.358961999543662
0.0808376802386873 0.0280130159997504 -0.0495819115586236 -0.104522281609019
0.0544287434545405 -0.00554952920335515 0.0325757984888323 -0.0719671959476974
0.0468881180950851 -0.0247524246598696 0.0646529159318994 -0.14974847562532
0.0421084084585332 -0.0432362270136397 0.00352832965954879 -0.250692489867928
0.0383004819358824 -0.0647240276669515 -0.116915083623397 -0.280030683566209
0.0192709810959962 -0.0721691813616589 -0.180439514015823 -0.252957323877626
0.0274230398724809 -0.0749231337296613 -0.139172865616151 -0.258194550952308
0.054527997080251 -0.0550991254624172 -0.0380760391750923 -0.251388904405089
0.0606660499380798 -0.0194584470566715 0.0769859101014242 -0.191844540749131
0.0609282973256373 0.0296777748761504 0.109398971143946 -0.0863008164300315
0.0454631575156043 0.0541289989347501 0.0607507000271076 0.0115212294282081
0.0153747371867394 0.0675626879750807 -0.0389859395250534 -0.06058791527889
-0.00342353512774021 0.121539358771002 0.065087212830045 -0.231535727091262
-0.0555023369087982 0.0899760861917088 0.0712521810186441 0.28604060141793
0.0304542468852631 0.0856260842842536 0.117988773183825 0.0960126279734189
0.0924819778877451 0.0133900016936526 -0.0452750963782911 -0.0266842388383619
0.0646577979036754 -0.0714912818572742 -0.112510163348952 0.0672855241667241
-0.0316501886278202 -0.0810510526047296 -0.0648182957158512 0.198414513795975
-0.0716376750015167 -0.0317642458751643 0.0644094484353075 0.252917984899296
-0.0879872132026935 -0.0120325763256879 0.193170293895626 0.227650820732662
-0.085042248263519 -0.0103062982447463 0.243364064527634 0.183173015678688
-0.0884406229111984 -0.020311808731109 0.202736036403723 0.213534650235553
-0.0609747376007364 -0.0483067972217099 0.0951742937192697 0.217683537653237
-0.00952976160561003 -0.086628404344967 -0.0107600474983582 0.157890084144609
0.0812076706366627 -0.0650120474142951 0.0127851724876116 0.0688206148603706
0.0860795434518138 0.0316386833179914 0.0863374766703103 0.0699809158619478
0.0134275093346726 0.0674986288814163 0.125239329193471 0.267198829480955
-0.0433273329190953 0.0533204528989369 -0.0236264119616655 0.5037698809245
-0.0297558665360528 0.264918739681363 0.0877533483651747 0.226243414791963
0.106238247688922 0.211097539134714 0.117198031504716 0.0671891851895257
0.228568144271261 0.0653696240148105 -0.0470734194671578 -0.0458757938625639
0.188481319681027 -0.116568179880055 -0.118254624474556 0.0344604185285431
0.00993041671932853 -0.189775831928784 -0.0907182804533682 0.177268359050074
-0.0951845982443906 -0.129613980078119 0.0313400687777908 0.230409438521496
-0.152628459174058 -0.103756438736477 0.147121953663443 0.214511427597963
-0.169267082594277 -0.0911753406364015 0.196446739979902 0.16671928933108
-0.171464954158921 -0.109707161436994 0.165648980655744 0.188771111691029
-0.0944229620574797 -0.147567340123518 0.0660899983950556 0.176778063825829
0.009619813933701 -0.199034779706503 -0.0222184074016567 0.116394546262474
0.197849827826915 -0.142287276012446 0.0289108883452864 0.0272748360286005
0.243349496147293 0.0500142299725266 0.111358918079244 0.0495381852723275
0.113240641371292 0.19429798912095 0.153916929386513 0.259768583269328
-0.0191622973847578 0.242766922110951 0.0207341631225824 0.47397221429785
0.000271587688466121 0.410944975260525 0.104194887983759 0.118610987850416
0.176641585973438 0.319387694143467 0.103083753839033 0.0121160291978349
0.349791311546149 0.109993626177136 -0.0543251921890797 -0.0621571044997728
0.298387749962663 -0.154304787097308 -0.113667143327141 0.00449207078979466
0.0546863019008444 -0.281770202039291 -0.100159005056899 0.137778980594707
-0.104428980564481 -0.214215797638269 -0.00056082346751609 0.175067921056223
-0.192499559296202 -0.181085052501923 0.0806650661727883 0.16588788140927
-0.228242991045498 -0.157899294019356 0.119171439522805 0.125308849215249
-0.23102973956768 -0.178679521101023 0.102664328666739 0.136075639874787
-0.12085254781423 -0.222536456391015 0.0237458059830543 0.1112720975962
0.016184886706244 -0.287343160502456 -0.0346804024206903 0.0558609237496116
0.281269534636778 -0.215526922187179 0.0397222127816961 -0.0237778393498269
0.372012557509653 0.0436674346587115 0.125495371343992 0.0201861606712982
0.209842846245022 0.282133358568011 0.160404230270707 0.221611138734534
0.0156395233533017 0.393525128498655 0.0526645977905662 0.386956672994656
0.0369929452334622 0.503073832817776 0.11534757837268 -0.0245770031036653
0.239659658181323 0.387941713679156 0.0704990254496346 -0.0695373575123045
0.440072507488114 0.133118096372565 -0.0670122527227126 -0.0776413269156269
0.373838163661174 -0.1852969582121 -0.0995213457107559 -0.0244451761567855
0.0877118809598307 -0.342109542694761 -0.0934296473875256 0.0788884261869371
-0.100474792748469 -0.270063833539362 -0.0308378328497087 0.0912562283480335
-0.204853491692142 -0.234083569711113 0.00309311832222186 0.0905156348753684
-0.253096415765351 -0.201315466713962 0.0236371202795579 0.0655106268720934
-0.256833989644331 -0.218773287110713 0.0208308482936388 0.0669367371299888
-0.131677008255018 -0.263375127278026 -0.0287754048480968 0.0307837755464652
0.0168737648230261 -0.333633416874695 -0.0486865371295664 -0.016502497218599
0.319088455450371 -0.260787469011343 0.0429305840547863 -0.0773844687010136
0.442191008185944 0.0268105752360832 0.123912072889981 -0.0108210015502562
0.274392377302684 0.320399910559359 0.136813776579688 0.16135099937385
0.0501656042272009 0.479615133670567 0.0642828911434201 0.254842779831952
0.073340034663689 0.524451920092916 0.114605678732262 -0.187971699711169
0.275879325772612 0.393942629409923 0.0231449256739159 -0.163693350535371
0.464027217786886 0.126794496173029 -0.0789413907060129 -0.089914570275522
0.386429221588751 -0.192456514655075 -0.0743438995501356 -0.0533963337501965
0.10367866107564 -0.348300459219467 -0.0742743018706001 0.00324481636628841
-0.0838288600651921 -0.282742052849909 -0.0575303668452532 -0.0113042916758495
-0.185755960801511 -0.250715893074034 -0.0761605288773696 -0.000305265452283489
-0.238106709641875 -0.213531451244736 -0.0756756770263048 -0.00335900508645942
-0.240991559213308 -0.227729552213687 -0.0668161261692332 -0.00965480128914255
-0.116338099558783 -0.264969359628139 -0.0816099608293712 -0.0528209374374243
0.0226894453779756 -0.321918874444832 -0.0598815721959558 -0.0904818496119371
0.309971492442584 -0.248799023328041 0.0427889494438832 -0.121232900425422
0.43428255109189 0.0194791123252054 0.109510807573268 -0.0333498646231908
0.280312213793512 0.310016504253379 0.0869826841429008 0.0948417571564304
0.0691707748474205 0.487699303716316 0.055264325187594 0.101796862977608
0.102014595753314 0.462862051245039 0.100423818493536 -0.342975471330753
0.26453987712216 0.327983512348311 -0.0320708786920282 -0.249060998907807
0.400197818314511 0.0985974738066176 -0.0834734850847891 -0.0959401628850592
0.323457165074314 -0.162517583799522 -0.0416910695456685 -0.0771997117367504
0.0951321121566238 -0.290171526099359 -0.0456736872312133 -0.074558720010327
-0.0552000268018894 -0.244658910612372 -0.0771689608323219 -0.112714822326504
-0.138957076755224 -0.226988798163159 -0.145073969911013 -0.0915064015634329
-0.187407263198136 -0.194528230241409 -0.163206894817973 -0.0712261144828497
-0.18479244381445 -0.205774319965799 -0.144461659189745 -0.0840817055728906
-0.0751110053668909 -0.227789357730992 -0.120893171452471 -0.128978787896934
0.0376765593454426 -0.255548894423821 -0.0557315510103482 -0.15197620052713
0.258785268076369 -0.180779359921147 0.0469306630958837 -0.143265281404543
0.349473749144742 0.0296406130194912 0.0908495701360129 -0.039052593366805
0.223729564842517 0.256535064677618 0.0289854473289032 0.034597547214496
0.0667306429633443 0.418616242881926 0.0343773781581784 -0.0445716326906963
0.116597728625528 0.325815831636467 0.07135408053092 -0.460463730117105
0.206044531604966 0.202880754965253 -0.084841677891452 -0.308233406736762
0.26150802260037 0.0519114883407114 -0.082981826177391 -0.0917359176757948
0.199518921345236 -0.100084177291878 -0.0115709686897216 -0.0862743617219504
0.0702188609166036 -0.177683209391116 -0.0149978869167783 -0.133676938198565
-0.0173035419217463 -0.164131233357213 -0.0864306613401352 -0.192126216977848
-0.06917903831227 -0.166008684721382 -0.192262577295911 -0.168220585886069
-0.106040914469915 -0.146053582245544 -0.226560448254614 -0.129583995766423
-0.0982743174966474 -0.15512650024608 -0.197563525241236 -0.14720107960065
-0.0206468868364441 -0.159540655486727 -0.133644050107558 -0.187134843644795
0.0518229027602618 -0.153826746260708 -0.0319116430125884 -0.190682366679902
0.174362253861729 -0.0830700020254791 0.0590596215774135 -0.139779582270618
0.213056895522021 0.0427648656059897 0.0752653968820826 -0.0289561048512586
0.131791560975433 0.169836189175127 -0.0203538558982087 -0.0120681495596257
0.0524919255834342 0.287645629226271 0.0113251018807905 -0.163734712440704
0.109223034424849 0.137609371385168 0.0339476099816984 -0.520832040604667
0.11457763446921 0.0480802583666012 -0.131162647389048 -0.333070837473051
0.0861346901406124 -0.00197002778560625 -0.0849238338024285 -0.0781673087705258
0.0501485433121273 -0.026445533319009 0.00590530766553839 -0.0772203155867114
0.0350290813274569 -0.0414428408478726 0.0112006138626498 -0.161516313874722
0.0233992095687419 -0.0583584576051181 -0.0841219067999635 -0.2348471969579
0.0112922763062536 -0.0784101424465178 -0.210696400916604 -0.215716709295872
-0.0086807439214503 -0.0749268272904129 -0.255212233870316 -0.167917846058194
-0.000879338636698562 -0.0799883870917996 -0.217747754127497 -0.191066475089418
0.0310431251660806 -0.070458890638969 -0.121003386188007 -0.219776864737652
0.0509581313807724 -0.0390932146791143 0.0048011108380538 -0.20252944594273
0.068464500298136 0.0067147670630004 0.0718579623036705 -0.115311247184542
0.0611687966172571 0.0341972124409127 0.0618733806690831 -0.0105524676791841
0.0379950785741258 0.0593494290172854 -0.0530075502980044 -0.0458487770488821
0.036927414251637 0.119578523565001 -0.0081120284775777 -0.241002655009753
-0.0537334962553798 0.090725070329152 0.0762508467707966 0.287102289183607
0.0322161655828617 0.0846927628532657 0.119510825640373 0.0931770209855841
0.0922801539811482 0.0119470461977798 -0.0459742091166677 -0.0261559681072905
0.063434037613086 -0.0726501455344732 -0.110871089060233 0.0707426398922221
-0.0324767972455341 -0.0792875655739852 -0.0596643115411272 0.20238150339021
-0.0712928729697804 -0.0294424702386326 0.0726729648379233 0.253556145733077
-0.0877633472699176 -0.00959721940606234 0.200362426936578 0.221533305967965
-0.0856496809387104 -0.00724945502304967 0.249138845707133 0.174100342763677
-0.0900756532274761 -0.0170426142305559 0.211580989087245 0.207977995927082
-0.0615627443475441 -0.0465599899724376 0.103238875957848 0.21608242457358
-0.0121171217326429 -0.0859736710164939 -0.00609069145365104 0.160623882147357
0.0788320739221375 -0.0676738640300067 0.0133174486461183 0.0680424187013795
0.087144349741735 0.0294475038782811 0.085884347546543 0.0684075660799765
0.0147171977676472 0.0675671376934583 0.130058170101618 0.266456195749074
-0.0417244109576282 0.0536574555585207 -0.0132982976886352 0.506921680476425
-0.0232047826278559 0.266033641474753 0.0909057418106733 0.226372511804213
0.110172583786053 0.209462312384492 0.118106719460666 0.0652503965136111
0.229242891690648 0.0599419783160039 -0.0482695979194025 -0.0450887873380121
0.186939597095242 -0.12150315293418 -0.117477072386642 0.0371732589128518
0.00630020806413373 -0.189818854273615 -0.0851655258801261 0.182055837393839
-0.0976570048659043 -0.127499812306015 0.0397651042955286 0.231843833391002
-0.15521974992755 -0.100690875044673 0.154053272539055 0.209538044894206
-0.173996410351867 -0.0863880852798156 0.202724941247153 0.159516074012723
-0.175879695008286 -0.104171005274957 0.173207558334938 0.182639231971688
-0.097164427816315 -0.146178665055248 0.0732499067997681 0.175642974608201
0.00400637422651463 -0.19972192207015 -0.0182965629723008 0.118558662908795
0.195086776225706 -0.148427490658217 0.0278533603427439 0.0257258347559423
0.246194240070547 0.0439413137647366 0.110329837102031 0.0480024422977271
0.118088788540506 0.192606975671115 0.158888207663691 0.257349089412144
-0.0127387378440086 0.244684455538059 0.0300523041903474 0.47683654667715
0.0105271164211958 0.411870487805992 0.10639943876201 0.118550804427478
0.183158928500407 0.316048916117352 0.101964238726128 0.0101491975054341
0.352139776198016 0.101905090632312 -0.0556597103316259 -0.0608768927648893
0.297962263312145 -0.161485365957491 -0.113799529060765 0.0056962346731837
0.0474654025896146 -0.283453710662945 -0.0957320279639819 0.14250988623439
-0.108794919626448 -0.212936275775639 0.0045594894763312 0.177405735727528
-0.198392669953723 -0.178308204233154 0.0865216006762215 0.16391117279843
-0.235810014855915 -0.151404064415365 0.123434975704275 0.120566085543079
-0.238374084545914 -0.171108282859807 0.108336151824078 0.131805814223412
-0.12609729415365 -0.221653883127613 0.0282692147215044 0.110841957426059
0.0086194569154438 -0.288674906948996 -0.0314277216734911 0.0574897993028517
0.277523668116874 -0.224433411622103 0.0375953891659982 -0.0258376646676231
0.376231654534966 0.034165386664713 0.124772099007862 0.0184082725454721
0.217130411474567 0.279839336142702 0.166414716763514 0.218722073003501
0.0264321344321328 0.396243586666761 0.060591770373566 0.388019383112099
0.0490767775318584 0.504268883223828 0.115003075950865 -0.0264674132378783
0.248273511456995 0.384167206312401 0.0681782203985313 -0.0699770509261796
0.44296754424061 0.120957179191281 -0.069328072966827 -0.075447430944768
0.373247772455722 -0.195787527342541 -0.100734960194813 -0.0236902861095388
0.0793428389821237 -0.345479319483987 -0.0895979925351156 0.0831277959982673
-0.107318023535106 -0.26948095608937 -0.0276809108216554 0.0928803755467289
-0.212618011288189 -0.230561293211173 0.00685642177242217 0.090498022801269
-0.262512108419579 -0.193912323647566 0.0264424014492106 0.0644152767105071
-0.265051402951738 -0.211988442016068 0.0237348389911578 0.0647757230331843
-0.138056949499529 -0.263075624875793 -0.0272599869195299 0.0311491711019039
0.00864572850213156 -0.334505859702928 -0.0480461048615719 -0.0151486634595748
0.315511258509033 -0.270912332865838 0.0393173069491687 -0.0790400046884769
0.44706938931125 0.0148574540496182 0.123106125320492 -0.0127477667318427
0.283750882675324 0.316883072599181 0.141821070147143 0.15826784561468
0.0628993804113487 0.482918234075628 0.0698735173049862 0.254478007143737
0.0849291408680725 0.524613676225124 0.112158414003595 -0.190337686414769
0.284432331644522 0.390561064249194 0.0187987139930059 -0.163029257197178
0.468481513315893 0.116806747370192 -0.0808726498166941 -0.0880399598336305
0.386110171712476 -0.203479537917965 -0.0760506591617005 -0.0536631676007856
0.0943211546454615 -0.352860703043059 -0.0722720222588609 0.00635566434878317
-0.0916026970837515 -0.283398026726746 -0.05798624565572 -0.00938062139300455
-0.19429861863685 -0.248933500603825 -0.0753839643756709 0.00175086611943208
-0.248358110813003 -0.207561639470864 -0.0743457407165194 -0.000931128844266111
-0.249239413719026 -0.221140035463758 -0.0667324943015231 -0.00867348289571294
-0.122799744489127 -0.264414149201769 -0.0836966664312778 -0.0512975861225078
0.014814863533029 -0.322655264902486 -0.0606904356551313 -0.0893511017716099
0.306313273936105 -0.258741478237092 0.0381061170219992 -0.12280394175857
0.438358046721497 0.00785797545005488 0.109041783450022 -0.0353234500777927
0.288299201490462 0.306647923305359 0.0916314514748034 0.092195015957055
0.0817113435336457 0.48981280539476 0.0575087353432636 0.100049564773004
0.114585439173809 0.462521473462131 0.0949469212058415 -0.345837893783191
0.27156594376091 0.325178095128241 -0.0376708313515533 -0.248153343405885
0.404423565767118 0.0887707431158674 -0.0860725597984568 -0.0938106545911095
0.323700727039831 -0.172194868183705 -0.0442219878056968 -0.0780276207237463
0.0885325021531785 -0.293820357325325 -0.0465411631347661 -0.0728045787048747
-0.0623503865530617 -0.24632624702219 -0.0804306900748179 -0.111341249400849
-0.147017047496738 -0.226414470990596 -0.1474441828483 -0.0876355210670307
-0.196250939541406 -0.189782172330725 -0.164735730286665 -0.0660474718924507
-0.192227038139186 -0.200817339217447 -0.147764574296773 -0.0802390059705923
-0.0814163566243044 -0.228613524610751 -0.125067352266449 -0.126232842322009
0.0315510968514158 -0.256872668258031 -0.0590802527443688 -0.151694383414751
0.25657930181202 -0.1894073656784 0.0426458119580012 -0.14484654100567
0.352252325692364 0.0201064524520736 0.090868046361709 -0.0409754579533117
0.230532693690057 0.25405823783077 0.0323821884703063 0.0327492857935487
0.078461793004818 0.420865387039498 0.0334977150252049 -0.047701131967764
0.12409975786514 0.324852053566699 0.0651818063556799 -0.464026139100188
0.210531044966467 0.201427174785841 -0.0904707376200488 -0.306406370822521
0.264983419717448 0.0456859012755532 -0.0851465475696141 -0.0898423016852798
0.200108619569191 -0.105901283197419 -0.0140419003422058 -0.088186232349707
0.0656556252445042 -0.181108040086465 -0.0176612745844767 -0.134079464148765
-0.0224975739101806 -0.166357126547124 -0.0930486557627564 -0.190901271118057
-0.0756162322947652 -0.166940618783551 -0.197522333285332 -0.161910661305321
-0.112742260510823 -0.144291299779066 -0.229681146921951 -0.122157939152081
-0.104281962509371 -0.152390447029627 -0.202855645900835 -0.142001914170414
-0.0244920051723729 -0.161482566845769 -0.140218310777713 -0.183794659639229
0.0483503828002383 -0.155963955313636 -0.0370811517621155 -0.190871022106607
0.174426847468706 -0.0891138227571882 0.0549334897769208 -0.140840007813493
0.216036041268038 0.0363858137249486 0.0763755272471096 -0.0303769078804058
0.136264641131719 0.168856738294889 -0.0181542019133873 -0.0128407668450916
0.0602916743244635 0.290094087819398 0.00769565315623045 -0.166573725331046
0.112696597947513 0.13613710088991 0.0253372536455334 -0.524053020282264
0.115463415412809 0.0477515369373443 -0.137390268727377 -0.330468039312814
0.087507328286923 -0.00328543061350717 -0.0868127537963468 -0.0762697412802171
0.051005470097613 -0.0277597787622569 0.00397360750604747 -0.0787482530320643
0.0333169071505928 -0.0431883445474808 0.0077727404831723 -0.163553677162781
0.0209517895258315 -0.0599821063263339 -0.0915625514213594 -0.234764502799592
0.00750956813514004 -0.0799806855238167 -0.217571719112612 -0.208895112765841
-0.0121753194417244 -0.0757661108812148 -0.260020553098889 -0.159206092587842
-0.00377752819900835 -0.0812025079699466 -0.225069432787612 -0.184656314229403
0.0287704547105471 -0.0725699170509642 -0.128632523065357 -0.217410873785186
0.0503568790203637 -0.0416071410846107 -0.00125008302345018 -0.204341569421916
0.0700415301784874 0.00369347889157232 0.0695351055943521 -0.116316600514838
0.063441610317139 0.0324147285156557 0.063387426728451 -0.0124982056115053
0.0395981413918297 0.0595917160944043 -0.0520183507017986 -0.0455940750180322
0.0410901929133346 0.121171002875613 -0.0139350004430665 -0.244983492954446
-0.0526810328840916 0.0933594096726954 0.0819999314672021 0.293060591945259
0.0337654754525686 0.0846924613655599 0.122592298754943 0.0927876407773411
0.0937715827402977 0.0108571584018177 -0.0476015999328806 -0.0258188944028612
0.0634363674404716 -0.0749412032903332 -0.110680130922646 0.0746154849819093
-0.0344016451999034 -0.0795378044019652 -0.054821932843552 0.209538268232778
-0.0724565829383299 -0.0280248582644394 0.0822553428415705 0.258603402578349
-0.0894811837505854 -0.00764067916814753 0.210599632577266 0.219844134131487
-0.0877592148994272 -0.00408293256052988 0.258871160171384 0.169473578017533
-0.0921703614068873 -0.0135001736849218 0.223478947194905 0.205092581374573
-0.0636803622747076 -0.0453928073195997 0.112827514677858 0.217896763503501
-0.0149573680569484 -0.0867888059726405 -0.00115606605905455 0.165630431808186
0.0777830581444284 -0.0712447766200203 0.0142664941219967 0.0689877555191996
0.0896624827626634 0.027070752007263 0.0859364239348099 0.0686472412261022
0.0168726130745731 0.0678374861027913 0.135666342639699 0.269710931239692
-0.0406626029235025 0.0544217660139948 -0.00464508557157568 0.518852399215204
-0.017628908769407 0.271759957374116 0.0962244301940419 0.230908010871444
0.116190020740128 0.211309468857807 0.120513843722585 0.0642549649761811
0.234335109579653 0.0555481949366908 -0.0504612977338214 -0.0441734869836769
0.188899929300577 -0.127548919943656 -0.118664375881208 0.0400747333988684
0.0020044039486202 -0.193372062128199 -0.0812608123407386 0.18921471077515
-0.101744961983357 -0.128363837616356 0.0470116659934709 0.237194752594372
-0.160373044665896 -0.099331264203194 0.163140224204528 0.208301207796123
-0.180669984082262 -0.0822962208050239 0.210087546950256 0.154769246549975
-0.183258835792676 -0.100400170282403 0.184081193329271 0.180082027481314
-0.102264105634178 -0.147855291899675 0.0806838548620495 0.177280914658461
0.000174198866845866 -0.203265437889954 -0.0142198112285433 0.122514716555462
0.195782040028728 -0.156726024748151 0.0279219257377647 0.0255721191329046
0.253861969120241 0.0384907258701729 0.111231948845491 0.0473926252465151
0.125138129701079 0.195328955965903 0.16644341838329 0.260120272520458
-0.0066811204433149 0.25014999689138 0.039794823584227 0.488585622074759
0.0202668992304128 0.419366278240858 0.109841791258807 0.119481864053024
0.192751366755457 0.320474434064889 0.102928444900852 0.00948704536276872
0.359819115232373 0.0945563684874947 -0.0582294107485476 -0.0599359609791372
0.301597222847651 -0.172017549510251 -0.115581476849206 0.00751341153306856
0.042009705165573 -0.290206430097855 -0.0921418621731092 0.149068231247259
-0.115690048626214 -0.215203341840501 0.0105027909730243 0.182321470479546
-0.207446149496419 -0.177830749537959 0.0931394979992262 0.163879925752723
-0.246759570021622 -0.147488931883753 0.129531202683546 0.117840801960313
-0.248481034200212 -0.167492522994423 0.115566762430118 0.130003156668233
-0.133658269407792 -0.225057202099319 0.032994173110978 0.112044539233078
0.00236054194889418 -0.294162062143077 -0.0294376903651371 0.0600124569214161
0.278931118595144 -0.237373114367159 0.0362882013753462 -0.0269524002768962
0.385959226447471 0.0247411414245328 0.12605565714317 0.0176239136714738
0.227990728538259 0.282284802281891 0.173953291878104 0.219867273067554
0.037556830981566 0.40445980196053 0.0693337043607602 0.395007433355939
0.0617500860793826 0.513945626861449 0.116657530260855 -0.0289223310286501
0.259782151232294 0.389671200586772 0.0677881213388175 -0.0712893456472539
0.453566330588128 0.112722176950257 -0.0718499598640304 -0.0741687981285795
0.378802658898905 -0.207656962008699 -0.103021584889253 -0.0238607729298367
0.0728807198520006 -0.354013158420477 -0.0874556281603991 0.088455357103871
-0.11517165058511 -0.273897745392769 -0.0251473760109727 0.0962514414274926
-0.223214623644764 -0.232330778539567 0.00960460578940036 0.0916109222578286
-0.275604187015265 -0.189868449125622 0.0295999680323925 0.0637486166123221
-0.278288350587233 -0.207742138877722 0.0270298166617786 0.0636889067292397
-0.146510885930983 -0.26673237755491 -0.0262955865519972 0.0318167910791607
0.000563769362362591 -0.340613808400115 -0.0480423301807361 -0.0137693882176454
0.31762817946548 -0.285505862934588 0.0369703342726068 -0.081248786176215
0.458013602682628 0.00330706746918689 0.124552295552344 -0.0142898376047539
0.29560538861704 0.319313221630839 0.149327816850849 0.157962526775252
0.0754721233505868 0.493897457371266 0.0761916609931217 0.257845527177288
0.0997621313202338 0.53492490940729 0.111086720547749 -0.196655688913543
0.297522492943866 0.396333273282932 0.0161647504338535 -0.165580164146721
0.478779969741756 0.107145690060549 -0.0841257894976978 -0.0863948501720486
0.392734420264779 -0.216576284239753 -0.0790805475090389 -0.0551924149766316
0.0880405986455632 -0.362740495127731 -0.0719334808151312 0.00890215300562184
-0.100320859444804 -0.288224235582632 -0.0590109001428362 -0.00841182151534513
-0.206544481133294 -0.2512796535355 -0.0756762718590448 0.00397494457075715
-0.2619032077609 -0.203685024076649 -0.0747922758094792 0.000404018019813478
-0.262090639350973 -0.217746105218551 -0.0680804161640848 -0.00819698587359529
-0.131621294509737 -0.269033204516977 -0.0865695615193674 -0.0504809626912954
0.00758024502613987 -0.329557630143157 -0.0636073381877156 -0.0897918889779908
0.308311614694795 -0.274388902811341 0.0353470385198395 -0.125128807170973
0.449090257240281 -0.00329341754677013 0.110929488715712 -0.0374388527515951
0.301246394814483 0.308641613874008 0.0971470570003595 0.0910850540535931
0.0971849830143903 0.502024774237252 0.06121309196955 0.0996608088012359
0.127792211485256 0.470591161616236 0.0912385041699893 -0.355412362125935
0.283655703864548 0.330497382077699 -0.0422474910460356 -0.251120149763884
0.414906516625678 0.081599772350065 -0.0887795806986945 -0.0925776083345377
0.329329923095057 -0.18307610210476 -0.0474342360924903 -0.080812938691337
0.0820112322552179 -0.302598164798771 -0.0479195736466498 -0.0730490574077006
-0.070259492858969 -0.250911497237632 -0.0855128865474288 -0.112506630869215
-0.157921752975192 -0.229414161315273 -0.151816917477475 -0.0847387959411717
-0.207869600758972 -0.188660793893949 -0.168347621089503 -0.0622946747370964
-0.203356210168018 -0.198297891974542 -0.152220702185233 -0.0777636856573089
-0.0880927977071409 -0.233727794099644 -0.131744957479317 -0.125514942383293
0.0262992333076972 -0.263030710251633 -0.0633876243838282 -0.153419907161336
0.258986458614641 -0.201445498134314 0.0389943534848114 -0.147771200320779
0.36233044343239 0.0106327136548126 0.092988117407159 -0.0429848837276984
0.241651852738954 0.255288087977437 0.0356792392053959 0.0315335147310073
0.0921457723505395 0.430484041166801 0.0334560550324968 -0.0510812248451153
0.134039410578907 0.329624022254311 0.0588585381492408 -0.475832413670286
0.218408422438055 0.205477772431891 -0.0966521993666647 -0.310481333022189
0.271652465958998 0.0412701405611383 -0.0881957864268907 -0.0895437728987217
0.204390932884885 -0.113347648393445 -0.0170046069567742 -0.0914045371387828
0.0615577874712316 -0.186915667989189 -0.0205505224275549 -0.137225757986022
-0.0283318979008073 -0.170170684810537 -0.0997536496004468 -0.194579025580694
-0.0841254234502958 -0.169930338584788 -0.204758073340115 -0.15880335649373
-0.122007555864372 -0.144435964221348 -0.236363723756288 -0.116614986462679
-0.112313886399451 -0.153519203577572 -0.211070327863292 -0.137590750244804
-0.0296718217649352 -0.166185073784857 -0.148942641090169 -0.184197402633052
0.0454908262749492 -0.160316768677123 -0.0427587327122592 -0.194415350606022
0.177254397938465 -0.0969505485707467 0.0525563964419536 -0.143845979080459
0.222251181700869 0.030733438728815 0.078427536560403 -0.0328904955462389
0.142598438128293 0.170811649321307 -0.0162517432975263 -0.0138779113372809
0.0701173394843355 0.297025984337008 0.00423820543086748 -0.172671810170472
0.11790622572906 0.137383261821522 0.0182963264076134 -0.535487162613297
0.118780842253047 0.0490829243171365 -0.145053514527927 -0.335057605038695
0.0903887636228791 -0.00498666808573478 -0.0897981275029538 -0.0758490286224257
0.0524151703136309 -0.029977613292719 0.0013011929463494 -0.0809764776195779
0.0325917838737837 -0.0451120730844612 0.00373083441611684 -0.168694701217773
0.0189364377256598 -0.0623595476680179 -0.100368088653952 -0.239652268944401
0.00401230929199427 -0.0828666417785948 -0.227709034816644 -0.206130041826325
-0.0158012504238864 -0.0773164595764999 -0.268983701605791 -0.153638941969606
-0.00713915076593758 -0.0836702143648867 -0.23569466495272 -0.180099389912522
0.0265561552045591 -0.0757170789356248 -0.138017356189424 -0.217932644943395
0.0500989274913604 -0.0440332692966705 -0.00650248653226727 -0.208099553743208
0.0724445075270666 0.000852453609607321 0.068405985543635 -0.119890303418243
0.0664236886980985 0.0309231680093237 0.0660173302589539 -0.0152352861636356
0.0420266343239805 0.0614702660722871 -0.0518713286908861 -0.0466808304780882
0.0454038909321515 0.124681753905408 -0.0195486084540197 -0.252153448420782
-0.0503548569640363 0.0972765715422624 0.0940952689041829 0.300952704574184
0.0377576065209667 0.0851647245538072 0.128168881932713 0.0908902758069379
0.0966925341122815 0.00761873773958735 -0.0504428826699418 -0.0251037095574626
0.0620560421544769 -0.0792213912786142 -0.109847784607271 0.0813209327734456
-0.0373414130208186 -0.0799604826957222 -0.046239242813924 0.218824705682153
-0.0742338550311724 -0.0259260315510231 0.0969383481341762 0.264214987726805
-0.0921213467197228 -0.00410498668373119 0.225875670420994 0.216721346310801
-0.0907214723826674 -0.000147580826582804 0.271908657551857 0.160216965246276
-0.0950202478895011 -0.00863723540723105 0.240910527921434 0.199170330129917
-0.0665929987373701 -0.0440317971119843 0.127389195292702 0.219255438575439
-0.0191119984794961 -0.0878515900486694 0.00630093809405611 0.171048653176293
0.076349480494646 -0.0757560959096631 0.0163519779405034 0.0703383351306481
0.0931335418233212 0.0236024715873675 0.0886871755292025 0.0685190518312015
0.0195555492815481 0.0679066628103588 0.148351581253624 0.273555339471629
-0.0399614846244897 0.0557332145373295 0.0132014964781034 0.536281471572894
-0.00674519541599601 0.278742752284537 0.105848054673687 0.235960434994491
0.127032593694511 0.21216677763298 0.124926832390657 0.0626317004934163
0.241959779784437 0.0478555769331651 -0.0530074576868435 -0.0440965921790587
0.190405970666845 -0.13903820662158 -0.119762571644138 0.0452355620262053
-0.00494508811303075 -0.198210400561275 -0.0738316736072852 0.198945314065482
-0.108473249876519 -0.128077436872713 0.0595776936856827 0.243197268691443
-0.169739136591374 -0.0964107078539579 0.17674876274178 0.207376766127308
-0.190376456916124 -0.0757977051768184 0.222111012021616 0.148625784420162
-0.192695068261127 -0.0939092874137802 0.198576652723589 0.174824245126176
-0.110668281578279 -0.148674642376738 0.0925313404758179 0.178686511637462
-0.00802975788910232 -0.209030320982745 -0.00884842196811988 0.127270190879877
0.195320338837741 -0.170278892379738 0.0281972236311073 0.0252154421420788
0.262988577498379 0.02822608452608 0.114561027140474 0.0466819710860913
0.13592806638022 0.196244230734748 0.179562784165341 0.26179809544165
0.00333816252578866 0.257653755925934 0.0586174742118962 0.501714157969334
0.037666020980595 0.430035672588925 0.11547724352504 0.120356537424449
0.208888710980568 0.321781538192761 0.105528799815078 0.00715794183058708
0.371766726299469 0.0838322464784978 -0.0612131863418756 -0.0586699966566258
0.305507641220584 -0.188460807994086 -0.118511610078503 0.0102398923145493
0.0324692522613573 -0.299541367011176 -0.0866967894098613 0.15860413807432
-0.126630481603375 -0.217705946879584 0.0196612953264071 0.187190439690639
-0.221509471967295 -0.176460906226011 0.103374478049257 0.164306240310355
-0.261953924797012 -0.139637392558417 0.138158428428007 0.113910339216613
-0.26413946669781 -0.159533667474841 0.125992279556429 0.126038791121399
-0.146086092153569 -0.228110380568123 0.0395651465272145 0.112899869318606
-0.008511999747549 -0.302777957332675 -0.0265538747989925 0.06327934290606
0.278388724167562 -0.256089689340842 0.0354634864613102 -0.0290690024190573
0.398831495110519 0.00966875110622819 0.129158455606045 0.0153119656242192
0.245857121993361 0.283729866676989 0.186684419625643 0.2184929997238
0.0556111259861855 0.41626908483058 0.0858207503001779 0.40432205563932
0.0837516387933712 0.524710601698799 0.118259791432257 -0.0335751836514992
0.282026434235014 0.391888352402615 0.0669392096406122 -0.0746352185338685
0.46850481194738 0.0990750498120805 -0.0755826529014755 -0.0722227519513612
0.384309778916824 -0.228222748692621 -0.107111072891633 -0.0224552829167306
0.0601532206490728 -0.366758582843207 -0.0842622004819013 0.0958339401229741
-0.129261495888188 -0.277746936585558 -0.021480764327285 0.100022791195572
-0.240747560872162 -0.231396787627854 0.0148394664167179 0.0937551960202129
-0.293306951229908 -0.181546165798837 0.0337181143865978 0.0623817867979581
-0.29568364821146 -0.199123008303067 0.0318969075771163 0.0624864170732978
-0.161178752685494 -0.270939952618282 -0.0254864822418025 0.0331830146065359
-0.0127448409489145 -0.350542265373231 -0.0487107857710591 -0.012685047327123
0.316762647087668 -0.308314729884156 0.0340491682215696 -0.0845620420873482
0.473438018375727 -0.0158210850405218 0.127515188571219 -0.0182494986491675
0.316821853773997 0.319239495547616 0.16022133515154 0.155901930413301
0.0991879508787605 0.506533140595777 0.088514680059053 0.26182021746429
0.124691006559607 0.54505982634992 0.10681954044083 -0.206143071798197
0.320674321139631 0.398500276726816 0.0108035329324111 -0.170345515005449
0.495297720753774 0.0915783601234292 -0.0883479841935242 -0.0838524024535167
0.398854940926088 -0.239423694023039 -0.0847066801962265 -0.0553820678523474
0.0743977784895836 -0.377382991374496 -0.0712442088138556 0.0133055905847564
-0.114645381896931 -0.29349167104266 -0.0610055343087841 -0.00742529242262028
-0.225385036348029 -0.25205643489711 -0.0768734080086599 0.00716273763599336
-0.280432426407651 -0.197569800668621 -0.0761140309976401 0.00310525058589162
-0.280170075946441 -0.211706949134434 -0.0697609439122859 -0.0065744678862304
-0.145593537857428 -0.274003663999578 -0.0917812921788179 -0.048972866991526
-0.00451425730449476 -0.338570476851335 -0.0675736441650925 -0.0902443220543321
0.30845368127318 -0.2963539909467 0.0308033733651263 -0.129623439736956
0.46270498130252 -0.0237245880416556 0.11268197028614 -0.0419523864067789
0.322199772628699 0.307858270852875 0.104496235519119 0.0883587045435674
0.121212320586259 0.5147093620496 0.0663962893229265 0.0991972519547787
0.148477349342871 0.478615990520593 0.0815549770703912 -0.368883649865085
0.303568494937186 0.332227214226674 -0.0511007831137373 -0.256650805560807
0.430351423710349 0.0680319331928934 -0.0939719737675825 -0.0913004434278769
0.335416945265035 -0.202237651171437 -0.0529556395048401 -0.082930574945168
0.0712216409306945 -0.315799267745485 -0.0503326634748372 -0.0725700129319494
-0.0834796286356849 -0.257064713417171 -0.0932201011174474 -0.113468522456102
-0.174454910750871 -0.230320594473084 -0.158084534534827 -0.0804239403247709
-0.225261208920593 -0.183538410923281 -0.174054160984494 -0.0566379427180866
-0.219031759807396 -0.194580560193526 -0.159789764217801 -0.0736360829039316
-0.100595480330939 -0.238704701565221 -0.141162727081677 -0.123673771291424
0.0166628411252998 -0.271464107159289 -0.0709740925168174 -0.155759614117113
0.259863138313713 -0.220479040840505 0.0344978734757806 -0.152523947733956
0.37348730407053 -0.0047837665582726 0.0952719031759483 -0.0478530609609937
0.259044814772828 0.25558728949535 0.0396064154303747 0.028982776351931
0.113661864386546 0.44140929580325 0.0324562437144024 -0.0555369583064069
0.150492253041784 0.334451630735153 0.0444145731307364 -0.492497000043775
0.232614767327823 0.206033607425966 -0.108911345586685 -0.315943966655351
0.281712804298269 0.03227681311344 -0.0932513234121807 -0.0881632336881083
0.208664584858187 -0.125286480738235 -0.0226893653921052 -0.0940285240570772
0.0544656047017247 -0.194981482418685 -0.0258991160765854 -0.140782596999902
-0.037261591303728 -0.174571570994834 -0.112235221255439 -0.19752253904326
-0.096159957217413 -0.172580823620978 -0.216290316770604 -0.154050271800348
-0.133809705339303 -0.143009568133478 -0.245849503640029 -0.108933694519651
-0.123435737809732 -0.152406354677409 -0.22324293529348 -0.131716562137303
-0.0381843145123288 -0.171395002349323 -0.161995097476379 -0.182087309985925
0.0404895549462636 -0.167147024102515 -0.0518348687936471 -0.197935273293496
0.179408502021258 -0.109338696584205 0.0486301800716248 -0.14979073753573
0.23068764245351 0.0205193261984474 0.080775946181113 -0.0374404855223814
0.154369332637147 0.171676990315755 -0.0157487184465783 -0.0163240278463474
0.0856456397466019 0.30478818925586 -0.00215961773870207 -0.180184877349661
0.126160180623325 0.13794975625924 0.00147358073706369 -0.55357791552956
0.12397062340602 0.0485750225980019 -0.159768247232845 -0.339429907242253
0.0932425162395581 -0.0083875963521102 -0.094637433038083 -0.0743830323079258
0.0543372173247642 -0.032940329432246 -0.00299053138470173 -0.0836189606254271
0.0304786412788035 -0.0475456770543635 -0.00297086903738649 -0.175570758853576
0.0152624979799108 -0.065422493450356 -0.115452934823508 -0.244500460933463
-0.00101851858772811 -0.0859091353980499 -0.242579651854035 -0.202192746772861
-0.0218120808461572 -0.079476479997205 -0.281272597865812 -0.143696217033251
-0.0125668909976012 -0.0864232764482183 -0.250704975426905 -0.173118852038339
0.02387880637907 -0.0800479930995085 -0.15211063002632 -0.217024885870591
0.0498941888810317 -0.0475918250052714 -0.0163340380535316 -0.213978071225168
0.075501874761332 -0.0036980515391986 0.066088212940914 -0.125229965692591
0.0698788046155821 0.0278175346590839 0.0683935863090798 -0.0189819805546946
0.0465018187970112 0.0630149414425792 -0.0539046127398013 -0.0475558069310423
0.0528922642752633 0.128505767950556 -0.030435009673757 -0.260687347079056
-0.0462959661491776 0.100066266384949 0.111236159887943 0.304178315616723
0.0418471182493385 0.0831581725398142 0.133755166971993 0.0866569907505737
0.0978554637068227 0.00303603734493123 -0.0528581832318974 -0.0225933822377207
0.0593196989788361 -0.0834054506763974 -0.106392268156904 0.0876098781042328
-0.04174404088984 -0.0791605748212398 -0.0328597155133241 0.225974082363958
-0.0750599203518995 -0.0229101544231794 0.116008285930882 0.265775261825331
-0.0934297693859455 0.00103936243035957 0.242156931589298 0.207363379303383
-0.0917374885070691 0.0057711371990401 0.284291783655006 0.145838178468774
-0.0966105302830974 -0.00222763494702188 0.258309139254199 0.185986890821808
-0.0702982948375058 -0.0406784535047819 0.144280658669863 0.215584500975853
-0.0239291154480526 -0.0884621704344885 0.0165330677208961 0.174294652136591
0.0725972509502179 -0.0811098540733576 0.0194125598546001 0.0704997624567465
0.0960539309449068 0.0182150187022856 0.0920021752648501 0.0670271178749601
0.0225375622958868 0.0668945496043575 0.163546706283683 0.271873023814038
-0.037635774111944 0.0575098522499625 0.0411794556276847 0.546310063898321
0.00881259140901153 0.282805827770219 0.119063906431 0.235968067085184
0.1399606294863 0.208483155189287 0.129184447367239 0.0578489624888489
0.24743457770195 0.0354391680569408 -0.0560890126951653 -0.0408817156263706
0.186781698363151 -0.151374103606804 -0.118803379442643 0.0507803643405744
-0.0156490656558665 -0.201002338189354 -0.0615633794618942 0.207568779320658
-0.116222181410975 -0.125411602529834 0.076583807080767 0.246270231476445
-0.179146754216517 -0.0890367746700634 0.192418889282585 0.200294899842564
-0.199223887958994 -0.0649928637846368 0.233837725532003 0.136270870518624
-0.201445600983178 -0.0821783793238776 0.214430837671237 0.163794039575176
-0.121263846321183 -0.146839703992396 0.105424192142664 0.17584044369857
-0.0196687203890274 -0.212948049255001 -0.0012391088882991 0.131324770904459
0.190602760221179 -0.184582959840574 0.0294086733660292 0.024050258583784
0.269624388415615 0.0131199069512919 0.117192368614418 0.0433983166370871
0.149196556515063 0.192685160003504 0.195573282877689 0.257865320730216
0.0185074401803756 0.261106610107491 0.0851724867972581 0.508665967580472
0.0614129158868888 0.433843882170319 0.12208457426553 0.117666959695602
0.229712670986528 0.317622527455325 0.107093284026767 0.00290380276190393
0.381124929645525 0.0651602903836145 -0.0643466375917458 -0.0554146382043606
0.302970843612231 -0.209166527296811 -0.120212526859618 0.0152934377116422
0.0165732136185183 -0.305807622478346 -0.076605117101535 0.167170563840147
-0.139877738579109 -0.216323497335355 0.0307776940196989 0.191001360733957
-0.236964308715128 -0.167998506436802 0.115211167437055 0.161030913327882
-0.276509256855113 -0.125551185207986 0.146213716173065 0.105648794984846
-0.277840779752488 -0.145074828906308 0.136585247259537 0.118410075599464
-0.161369470082105 -0.225904582143652 0.0473780960462347 0.111579971271427
-0.0256004148301393 -0.307942092937044 -0.0230766807221458 0.0666350225861856
0.271326550413482 -0.278329291385922 0.0337231791823673 -0.0315543767810487
0.408117266218566 -0.0134148470312643 0.131841346068532 0.010253333738959
0.266265888629949 0.276769563780808 0.200753772454601 0.213757451978256
0.0807719745521578 0.420854670095731 0.10858750387672 0.406792605113797
0.114090330778011 0.528039479914985 0.116505194190246 -0.0396184614403523
0.307378989643491 0.386063612324252 0.0641050420380054 -0.0789147938525415
0.4806287532982 0.0757431119656523 -0.0792369083947596 -0.0684368945926293
0.381795528092136 -0.254966781635918 -0.111212676842674 -0.0190677685508213
0.0418841084701699 -0.376251763681556 -0.0778713902508299 0.102746644030812
-0.146774306845775 -0.277150731704009 -0.0161402198315378 0.103116838802278
-0.260440237578928 -0.223728689895939 0.0216197948813793 0.0940440027604576
-0.311079960900122 -0.166112556780181 0.0378095036662196 0.0601347970170737
-0.31339784701771 -0.183581689124851 0.0370667174269323 0.0596014930935003
-0.179785197032441 -0.269735001607973 -0.0240495311109245 0.0343984127084149
-0.0310326352853479 -0.356396979875475 -0.0499482451028292 -0.0100700657838889
0.307395095390214 -0.334480283153516 0.0298891227855914 -0.0878290557765128
0.481895538924592 -0.0442812049884724 0.128126773666029 -0.0242344298809171
0.340821518460865 0.309790457017376 0.1700523276583 0.149200345575233
0.131122357265207 0.510722132074098 0.103775503244294 0.261158293101691
0.155235780079065 0.547299913330265 0.0972262846202251 -0.215755339409628
0.347007883484968 0.392136823535989 0.00305437101871211 -0.172999053770094
0.509683317287797 0.0661950697369385 -0.0929049170531378 -0.080444767355781
0.396876294542036 -0.26635182004597 -0.0906171288911241 -0.0536794827545807
0.0549287212560003 -0.387887728286757 -0.0696823884823928 0.0177001873667585
-0.134330305577068 -0.294622463751292 -0.0632039123368821 -0.00421447261090982
-0.24598753320443 -0.245593287145185 -0.0768861129872279 0.0111271541728937
-0.299817964365723 -0.18286194737888 -0.0760713407635738 0.00599021396487952
-0.298729707434236 -0.197020648476521 -0.0702198917122681 -0.00356743026350807
-0.165436148331983 -0.273186676387708 -0.0968097698890717 -0.0450757850009051
-0.0222433912456229 -0.344939355833899 -0.0734476772537184 -0.0879403714323155
0.298313961297017 -0.322509264839173 0.0241953079873676 -0.133233814720601
0.470461204723931 -0.0514041101308715 0.113459152880968 -0.0484487748613195
0.34571641524088 0.299112879708181 0.111727290251974 0.0826189650709074
0.155561471114212 0.517230416999946 0.0735380598569823 0.0960028703797277
0.176984979044024 0.478990478273931 0.0633570189768509 -0.380764370473721
0.327314853112848 0.326784208085803 -0.0642967170745421 -0.25908411517644
0.441049208836354 0.0463532638399492 -0.0982884028644635 -0.0868481520312986
0.333837271297769 -0.225275446394519 -0.0601473773224746 -0.0829218758534269
0.0541368032837145 -0.324664476798769 -0.0540737573895851 -0.0715391662002822
-0.100533234757397 -0.25788530656894 -0.103050609641391 -0.111846071485515
-0.193889085896611 -0.226879507577643 -0.164730532609259 -0.0732265380189421
-0.241893459459448 -0.172363908251751 -0.179074065016585 -0.0481071569014736
-0.236457684869367 -0.183824083495891 -0.166590886154515 -0.0652961211240951
-0.116842865095181 -0.239707933755279 -0.151652368410826 -0.117679722680173
0.00295078895460069 -0.277432252975975 -0.0804427872288439 -0.154335923009878
0.253078722426697 -0.241911277192911 0.02702307266254 -0.156807223619519
0.380093460346927 -0.0277653458425034 0.0947817386750198 -0.0543169235217691
0.277811165858379 0.248401556860836 0.0425187565374604 0.0255447770859864
0.142981633877373 0.443262644257713 0.0304243108058925 -0.0604533125710089
0.17088944441271 0.333080463616759 0.0206816452812863 -0.504914483033257
0.248414426398762 0.201049252320178 -0.126722443350496 -0.317590473025103
0.289486537246967 0.0184778964632966 -0.0979278705270482 -0.0843117087391255
0.208754404637511 -0.13989432850539 -0.0295202673986323 -0.0954673685807179
0.0441755801832004 -0.201660730914713 -0.0340453092679843 -0.142349167979621
-0.0491206220326374 -0.176500916973807 -0.128281647132534 -0.196504077305292
-0.110646603455119 -0.171242099590234 -0.228249180100496 -0.14490230776457
-0.146983093675106 -0.137202950035956 -0.254767277558262 -0.0958785569173097
-0.136058823295813 -0.147147389461541 -0.23472961049496 -0.119261911120357
-0.049882506996851 -0.174361586176129 -0.176260586236903 -0.175450011205167
0.0327183532681409 -0.17229900183246 -0.0640513621509984 -0.198809586975423
0.177910916598964 -0.123883667520206 0.042045634767369 -0.154172914720853
0.236104048237327 0.00700231552656918 0.0814516792122046 -0.0433045684186572
0.167828012391349 0.168123101083578 -0.0163641689811013 -0.0173260969133679
0.106249901820987 0.306403982609034 -0.0116589436899354 -0.185170930497495
0.135059142364398 0.134502034538845 -0.0248482406495819 -0.563997546375428
0.128702480440616 0.046014048887966 -0.178309514393436 -0.338412840338442
0.0958346937220577 -0.012820134176584 -0.0993877218267096 -0.0706016275728115
0.0557081974015533 -0.036689685184349 -0.00844939749412785 -0.084989436891956
0.0280649542516319 -0.0503052992737921 -0.0137935538496832 -0.179529003310702
0.0106430527120868 -0.0674510267705764 -0.134217715603076 -0.24369332554608
-0.00784538346039775 -0.0883460243116282 -0.257935393578239 -0.191458510167925
-0.0285256902694592 -0.0794004087610703 -0.292495086981964 -0.129064722889379
-0.0193837092972158 -0.0875355611376129 -0.264906668067095 -0.158799007762263
0.018190752123469 -0.0844375186906435 -0.169459839381572 -0.211411394705469
0.0478478135335236 -0.0519502363237235 -0.0289443640332365 -0.216617979643131
0.0770297972221224 -0.0100407861744034 0.0604489073708415 -0.130050992937872
0.0732624815147149 0.0234601467438548 0.0703224460132657 -0.02486517758633
0.0523080978198704 0.0628631872686502 -0.0566203184228483 -0.0467956295613257
0.0625661410382062 0.129152941348439 -0.0445051946931364 -0.266074167789541
-0.0221595414091633 0.109924708196993 0.152939247924398 0.277475805172971
0.0588834379505377 0.072408526065628 0.140014340486791 0.0659050527272351
0.0955098132448446 -0.0144150351884218 -0.0583752555001455 -0.0082304002138868
0.0412545384629136 -0.0899594902625569 -0.0872426552223074 0.107307718210861
-0.0519166066046512 -0.0655696809541892 0.0103741603277942 0.226762702583931
-0.0691657974963486 -0.00658402890492666 0.160466702139573 0.238354777828857
-0.0880739953119312 0.0176018048855448 0.276095032517619 0.162844170302722
-0.0841668792490805 0.0184768630860145 0.299831434288955 0.0961439963208076
-0.090817255869945 0.0131999070946339 0.282720500790118 0.144399925132916
-0.0732166769058114 -0.0309612946351232 0.176669845110411 0.194240133464743
-0.0363011385512854 -0.0827226112598662 0.0426994060629889 0.172170592008517
0.0589800246987318 -0.0925489746947981 0.0258847277310703 0.0700956040566059
0.0972537988598195 0.000590777369366123 0.0957290794411341 0.0558527209509076
0.0317714811083211 0.0578325256255015 0.199943946679196 0.249844045427598
-0.024467410015087 0.0590163355435368 0.109708938283204 0.53400512788555
0.0636348894985893 0.276895682705479 0.140847079613372 0.208050947246124
0.177062214692762 0.176648618036464 0.123334960391564 0.0401993732202225
0.247866279844914 -0.00893645066146354 -0.0685125951244975 -0.0185806673260476
0.15446608624753 -0.18118844696531 -0.106391902086664 0.0811634502020609
-0.0475603262783415 -0.188966518311005 -0.0156939511531134 0.216778134131015
-0.12739149497661 -0.10100275185408 0.121889118529679 0.225894636825409
-0.191871394568804 -0.0567844530439137 0.230128227593789 0.166370951038452
-0.20107855535874 -0.0336681682455832 0.249718415448319 0.0929506846748414
-0.210342483318393 -0.0474982127922572 0.23672922170337 0.128011788005735
-0.142303877885242 -0.127835642261308 0.133411900908033 0.161337704421634
-0.0525329118608707 -0.20604950608559 0.0201599897521249 0.133232288835677
0.158899626500452 -0.216532181273787 0.026735544819958 0.0258348692944231
0.267799215488973 -0.0310138634589094 0.113869598622008 0.0272308069810349
0.176230970018635 0.163767104406455 0.23168135722235 0.227098459082078
0.060727347720714 0.254343034582455 0.151414186432887 0.487216065066019
0.141751491950272 0.413884039434354 0.118048843161768 0.0897348453256022
0.284616083600624 0.266609792226256 0.0864333482128585 -0.00846750528033363
0.384112235089902 -0.00352029883859371 -0.0830138300146867 -0.025376691802216
0.257180565541495 -0.260478979551148 -0.115079803837461 0.0540726766914839
-0.0347311192419826 -0.29736877733314 -0.0325967031347574 0.181456677515934
-0.16761544269312 -0.186307318444839 0.0719200149370268 0.179177556647667
-0.266471570069915 -0.125603539162714 0.151626746955891 0.142282155442579
-0.287518247255057 -0.0804369035329078 0.16119815581706 0.075507251023798
-0.297922873538091 -0.09688014972526 0.153484102755113 0.0933513902999885
-0.19669544180442 -0.199632414931948 0.0671841132189416 0.106331415962113
-0.0739077612197624 -0.298907830973748 -0.00931929640940331 0.0733915790859182
0.223529157043292 -0.324728201952123 0.022452388047662 -0.026909209293042
0.399572948283281 -0.0801800469108445 0.12073563977691 -0.00810639878409572
0.304734943176717 0.229470849833666 0.231757666422853 0.177210643542514
0.145531346543098 0.404782054275986 0.165787904765146 0.380741720955384
0.207009367165744 0.494111810323517 0.082921611965084 -0.0632592684174278
0.37149087563442 0.320036910072353 0.0270760502750248 -0.0804559343818136
0.48366458305879 -0.0105961533076376 -0.101993311336934 -0.0311866312466646
0.327438315543724 -0.321720716262969 -0.112385977864656 0.0235756092247407
-0.0237235525606946 -0.372663278280706 -0.0414319316554513 0.120614920153414
-0.186902282077947 -0.246479604282075 0.0115093709929372 0.101728227757536
-0.303296703952521 -0.177379020049529 0.0500535420347094 0.0938249763628179
-0.329937071288076 -0.113473272247752 0.0489346439832273 0.0467395010592187
-0.341118661649083 -0.128188638327016 0.0468472050093861 0.0499518978643264
-0.223972324268408 -0.240059793212392 -0.0149066818464451 0.0402482365211835
-0.0879849967893342 -0.345601526153709 -0.0458417042151176 0.00164769298707084
0.249041280687771 -0.386473850410825 0.0105522952644813 -0.0811829452074561
0.467894523751614 -0.120710230053209 0.111390833662636 -0.0429302268841283
0.38447192467092 0.253551579505617 0.194210622681862 0.11461870278984
0.207728930930689 0.487675321819705 0.144359770728801 0.233623165985727
0.250233539465683 0.50427007405817 0.0351000413582331 -0.231872310340689
0.410631461627987 0.319427879709181 -0.0484349781827928 -0.162891832130495
0.510698964845679 -0.024471712734415 -0.117476958645149 -0.0391960327578135
0.341664444475915 -0.335927790521976 -0.0977131942149345 -0.0124081825819304
-0.0129526959600146 -0.387622667552501 -0.0469337904296624 0.0356940273878153
-0.18021310403047 -0.266662068318123 -0.0522501652049936 0.00473644902319457
-0.295152379688369 -0.201134318260997 -0.0600557570455562 0.029345203335485
-0.323607445872041 -0.131359275398838 -0.069559601809286 0.0126494169777858
-0.329912293259016 -0.142873851721078 -0.0681000451175671 0.003263661297222
-0.210802052578517 -0.245137093257746 -0.0984112003237576 -0.0283745195450766
-0.0783585442479783 -0.334411593592176 -0.0807509019670954 -0.0722172885103396
0.24332929659492 -0.372380896367961 -0.000316654103403756 -0.126302589333016
0.455611163595886 -0.125572256667476 0.0933747445846695 -0.0653883687793061
0.386534291048758 0.241994088888996 0.125899479840884 0.0549441790481463
0.229790646189917 0.492083780449474 0.0949720392150874 0.0730673401083937
0.255678157814259 0.432882411844219 -0.0197886430691942 -0.386141907539708
0.376261361850786 0.258086460335136 -0.124392325732281 -0.236525521156213
0.440451896360484 -0.031777686702104 -0.121320273695552 -0.0478722895766526
0.288306995761745 -0.285721621391176 -0.0732306702046486 -0.0493227885443936
-0.00289865890927548 -0.327874393228243 -0.049818781013554 -0.0558667028117254
-0.144252460478682 -0.237666987956767 -0.110613178455757 -0.0935541965067899
-0.241131323200701 -0.191782193444874 -0.162449703515367 -0.0394022442054839
-0.267872602336936 -0.128740976915996 -0.17728739542473 -0.0231482020108402
-0.268182984267263 -0.140575140295073 -0.171765483737354 -0.0428461632001916
-0.158395013977308 -0.218261553409134 -0.164493744452155 -0.0927990821979264
-0.042983800247422 -0.272462714177753 -0.0977202207269585 -0.137489359185952
0.210196008367536 -0.284863708230088 0.000841000052852015 -0.151445316942576
0.368604376013183 -0.0883413145596152 0.0776736904320862 -0.0697233579705947
0.313285936477663 0.203408960399735 0.0500938415623159 0.00872709294435642
0.207351026559478 0.420314263721516 0.0312680956331627 -0.0747499065231903
0.222129352626256 0.288587877156936 -0.075207315584629 -0.497871932706784
0.27359165454518 0.150041787302652 -0.187955388095623 -0.285704385142186
0.286928681309909 -0.0328300661048432 -0.11562740956435 -0.0526520718571508
0.180926774605228 -0.17913800406842 -0.0451593365742284 -0.0746651673238997
0.00653870908943695 -0.207848810390303 -0.0479996852457317 -0.130794603780868
-0.0835998737392219 -0.167120228055683 -0.152782687497904 -0.171398477875895
-0.148679543250202 -0.150644975399418 -0.24095620093738 -0.100618729966911
-0.170002261734674 -0.10875052262617 -0.2599939232757 -0.0567174482196648
-0.164603922173251 -0.120679535978445 -0.246874491574348 -0.0847409242053255
-0.0819233412841267 -0.163564488801456 -0.198447420940192 -0.147006124045612
0.00234251259387385 -0.174487885495836 -0.0891558762722266 -0.184149121830198
0.154104139743329 -0.15524078867885 0.017190424947378 -0.154152634575683
0.232432326433799 -0.0317954865308286 0.0693350043826356 -0.0574906666061388
0.191925271941831 0.141603968427732 -0.0150322362424774 -0.0223678384977288
0.150736995689447 0.290266779553174 -0.0284767472270664 -0.190087066700319
0.149777998674011 0.0996827590679337 -0.119330746303034 -0.546685901562546
0.12747147852142 0.020098600080863 -0.232981668206486 -0.301067490873121
0.0906333174370684 -0.0290758684044418 -0.109241725832965 -0.0482964519160957
0.0486241112565992 -0.0484642705439864 -0.0224833060354175 -0.0778815424690041
0.0166602875445633 -0.0572063968036161 -0.0411838897351939 -0.173126876639473
-0.00815126430651431 -0.0706698005927259 -0.170579988618621 -0.216210024446284
-0.0308644204168689 -0.086469053924143 -0.282764703273586 -0.142676421321752
-0.0459420493549523 -0.0715127193367346 -0.302297633021775 -0.080819780423169
-0.0396120886844328 -0.0818419484638032 -0.282597403870322 -0.118142926665709
5.49104816151488E-05 -0.0850435361877529 -0.19752558923559 -0.183321360907982
0.0367852101656031 -0.0594015470341196 -0.0590099868456286 -0.208605246815149
0.0728912353737337 -0.0248682623656091 0.0413749723945828 -0.135662997784756
0.0752934929562752 0.00986024868412635 0.0647102499317009 -0.0371799066680467
0.0629371189848296 0.0561741536799897 -0.0611731529559727 -0.0423697176095306
0.0803827809310971 0.121602176893555 -0.0746275906995735 -0.261695296503926
-0.0180632805832698 0.107149425177509 0.158826972979457 0.269298561002937
0.0588329353740562 0.0670309282570192 0.139045210873171 0.0617756676191706
0.0929165747361329 -0.0176685534163305 -0.0575134321600799 -0.00577129362100577
0.0371121374240715 -0.0894146936961273 -0.081554101339943 0.107749683031491
-0.0530867425038706 -0.0623448431939757 0.0201134927840958 0.22132325749642
-0.0668990399434977 -0.00500490253976431 0.169894860211431 0.227957720811312
-0.0854846498200455 0.0208984028520869 0.278563639057665 0.148011397411121
-0.0818231249808107 0.0213118955480987 0.295907171783109 0.0828711789863053
-0.087181270891409 0.016481634276728 0.28224163330953 0.127758553193981
-0.0728570184702555 -0.027330132657378 0.18202210582401 0.18301392497468
-0.0392244639277216 -0.0794014440490444 0.0491476531223466 0.168745756933846
0.0538076910150894 -0.0930443807483343 0.026962347793231 0.068560562246497
0.0945878163711483 -0.00318155675454354 0.095511409432963 0.053542608324076
0.0317127919281869 0.0554934079261735 0.204269949058576 0.23976018555746
-0.0222675757207601 0.0575522405643073 0.124148873430206 0.522228648586168
0.0714744498295315 0.268040935722755 0.144199962921909 0.201288131523309
0.178159790208064 0.166027274634727 0.121717137490688 0.036961621711943
0.241826381848744 -0.0171067311296681 -0.0671670035208953 -0.0154422170437036
0.146320269417112 -0.183661664611065 -0.102211640267897 0.0819826261712015
-0.0528830945350322 -0.183228387651254 -0.00490492876478883 0.212272268667848
-0.128334288018927 -0.0954655879164845 0.131084026401932 0.217094380556319
-0.191695012693682 -0.0479760392965881 0.233583527369909 0.153210252935137
-0.199558650385363 -0.0240439589811995 0.246578591813246 0.0807513578537061
-0.206413433191027 -0.0379740843052485 0.236319053155546 0.113065876066665
-0.144792480975804 -0.1207855080504 0.13772388016526 0.151904354937868
-0.0593857881533982 -0.200764536156889 0.0255081273432339 0.130853143169028
0.148318637886229 -0.219865019094469 0.0266952001219343 0.0245037758797393
0.261106538416857 -0.0416081267114907 0.112437442914568 0.0256201234188917
0.177733434294079 0.155456053586227 0.234479615548562 0.216565470147312
0.0691589209751237 0.246638781293452 0.16416315529947 0.473910215641804
0.152382685420698 0.399138412471829 0.117171721946601 0.086485040741752
0.287129417285253 0.251481264632958 0.0838840821831736 -0.0096856570493806
0.376370209087987 -0.0158125326907869 -0.0811901332128678 -0.0223492536231013
0.246279693087735 -0.266200190470258 -0.112382218845243 0.055373042335573
-0.0442477510628766 -0.290657432012161 -0.0222523532950137 0.178648980861055
-0.171274025736632 -0.17861349017797 0.0779638126802316 0.173814015333263
-0.269071872031723 -0.112675500525194 0.15523256575276 0.132892827562535
-0.286712436665368 -0.0659504262493126 0.159338474800894 0.0672730052556784
-0.295179475613628 -0.0812776695370592 0.153953543670283 0.0828881647074976
-0.201756117393965 -0.18997238659408 0.0700309127455353 0.101469757470555
-0.0834044936436698 -0.291826250422259 -0.00560697166098746 0.0727215713023413
0.208469455603908 -0.329411280495958 0.0206099818186153 -0.0275106232290125
0.389148501483219 -0.0933548267830362 0.117732453535386 -0.0102128701399403
0.307392861359872 0.215676936811937 0.232937331399981 0.167789774341602
0.158165527180053 0.39152689039377 0.174902756273672 0.368375549727819
0.218647793416972 0.477065080849749 0.0777669518268755 -0.0627614132766291
0.375574833240777 0.302186889146004 0.0231120854185715 -0.0785454736098378
0.47396489144887 -0.0260788146975128 -0.0993977159031929 -0.0282506038692223
0.313741611757939 -0.329319671522909 -0.111754904021239 0.0262501028837308
-0.0361329936015525 -0.364251373342168 -0.0333991004955144 0.118801557368266
-0.192606466102465 -0.236963579452319 0.0152079827262209 0.100487899641594
-0.307509577611086 -0.161900129139446 0.0542274745003106 0.0885294513471529
-0.330823319186546 -0.0972446009539366 0.0485300496049202 0.0432655521950172
-0.339348462882695 -0.110501417195732 0.0474396862833571 0.0446819155685855
-0.229770693795342 -0.228824255294038 -0.0137340556877416 0.0393890200439505
-0.0984539509012974 -0.33712097400124 -0.0439261178928925 0.00316633992635205
0.231770245604575 -0.392231634935975 0.00758902910701618 -0.0803213558353843
0.454775821070002 -0.136413542900443 0.10762689655109 -0.044911587515277
0.386953408539721 0.236532571371867 0.19362908569579 0.106615915508532
0.22254779623354 0.471241173075959 0.149260832618991 0.22340573679409
0.261066740036244 0.48535920401255 0.025531475044143 -0.227683087697097
0.413981369050186 0.300999847781687 -0.0535890067253937 -0.15816642128718
0.500635349484096 -0.0397778036986478 -0.114524635324301 -0.0359809723310474
0.326400297327712 -0.345820131122975 -0.0988348735407863 -0.00959839500279493
-0.0256638883924298 -0.379616833919433 -0.0428431362821579 0.036063792174691
-0.187402159376581 -0.255897822028421 -0.0525480576982193 0.00727114522024565
-0.301087447193962 -0.185464692691741 -0.05655762730324 0.0293750470532612
-0.325007115032578 -0.114241443572591 -0.0683380985789341 0.0130427867285872
-0.330244443956128 -0.124431052145604 -0.0669789699116043 0.00375389611069684
-0.217551351369617 -0.233545916747567 -0.0989382832726428 -0.024087878941644
-0.088432262058914 -0.326648915028511 -0.08066088057214 -0.0682994275819966
0.224453482529566 -0.37829638931064 -0.00445992794510662 -0.12441355922133
0.442891627485822 -0.140917613614896 0.0896480100725381 -0.0675705404559511
0.389733593844591 0.223984580409559 0.125146962491744 0.04979451824632
0.244563508549005 0.474117078691949 0.0950778155031713 0.066477239929768
0.266080690788792 0.415326402059892 -0.0332822587546998 -0.377824062223591
0.380156213487064 0.24309543266787 -0.13060743117305 -0.228971051299179
0.431853287270333 -0.0454934516990516 -0.119391988417688 -0.0447510430054853
0.276202614255767 -0.294993033114427 -0.0756157479324142 -0.0461514873229212
-0.0154543993595249 -0.322155799022828 -0.0494609934765818 -0.0531355569083206
-0.152000524498343 -0.228070865580456 -0.114496666925344 -0.0867894507201778
-0.24867572532486 -0.178656194950689 -0.160518358738178 -0.0333332604179356
-0.270281963694429 -0.114596768010496 -0.175323004628063 -0.0174100973597348
-0.268851267883345 -0.125117478450221 -0.169654956129314 -0.0356106514382003
-0.1657426189872 -0.208893563109933 -0.165938358276278 -0.0842687989657689
-0.0518871766683115 -0.266726671883112 -0.100662002074611 -0.131280676657937
0.196270241906191 -0.291064962330823 -0.00431072705340727 -0.148963580760326
0.358637829720685 -0.101627178981011 0.0735143774444701 -0.0715540245670016
0.316078000714962 0.18956842959001 0.0491544443681282 0.00592020566886278
0.220984515453836 0.405407988688849 0.0277408742692963 -0.0769095349281459
0.22694832563902 0.27536889813801 -0.090337970662746 -0.486418470729726
0.276189049251782 0.140523897780786 -0.19455321164595 -0.275535040068467
0.281845907314537 -0.0409395174480412 -0.114396968557385 -0.0498428849489323
0.174099859947488 -0.185323737807535 -0.0486718212755706 -0.0711871729814128
-0.000978775164723795 -0.204129456862213 -0.0516055144420241 -0.127162510985487
-0.0890221808803965 -0.160613545178771 -0.15974894321367 -0.162313543351848
-0.155251605559166 -0.142443212508414 -0.240144414873042 -0.0898170801518354
-0.172913719604514 -0.0987687377728037 -0.256651293317378 -0.0465877429417607
-0.167588806425638 -0.110663938436981 -0.244403618697872 -0.0720937075669005
-0.0880715789041203 -0.158112011717419 -0.201589241809166 -0.134905583751462
-0.00377997441415042 -0.171766091567023 -0.0942758760573044 -0.177481512917103
0.145469037663957 -0.161314860447494 0.0117587579649578 -0.151564930869278
0.227146086385743 -0.0407464424318927 0.0655725149154344 -0.0605114074496757
0.195743665841423 0.132055329849568 -0.01593101957848 -0.0222889338376789
0.160703480178792 0.279637252718544 -0.0344286130221141 -0.187633917884987
0.150295559868313 0.0938493874561818 -0.134052518237007 -0.533761096952319
0.127240285128507 0.0181808802580135 -0.23814898133105 -0.289625411185765
0.0896220945047347 -0.0308751238502971 -0.108595925206863 -0.044712198005825
0.047486263250417 -0.051601868447095 -0.0256686396916724 -0.0746346373787627
0.0149992078321822 -0.0563384603303611 -0.0483320354489373 -0.168871738434476
-0.0114098296145099 -0.0680005236207956 -0.17962405221548 -0.205774987504783
-0.0355127316424739 -0.0841159513103237 -0.284032562895835 -0.128519551244364
-0.048959149949666 -0.0681915285909451 -0.298876430209302 -0.0681723151799696
-0.0436236272240597 -0.0783430363157245 -0.280892290680464 -0.102455980495099
-0.00439624862208811 -0.0845124501662867 -0.201333585075318 -0.171038760201646
0.034262892582529 -0.0604221161265835 -0.0662634760941031 -0.20211714128718
0.0704580093343582 -0.0297382712096077 0.035743697210106 -0.13500890800921
0.0740799837293643 0.00649596106468636 0.0619678951458979 -0.0406030903889828
0.0661961979774988 0.052928568908613 -0.0613321428336268 -0.0404949200636664
0.084870114325496 0.116835724746222 -0.0826872739418341 -0.256414478985113
-0.0171875953685923 0.104990548319954 0.160379172919991 0.266475347993164
0.0567131559171991 0.0647980941266928 0.138051552100275 0.0616912001426874
0.0906247406377022 -0.0186939293419495 -0.0567413969453695 -0.00412659635103378
0.0363990485757826 -0.0881632482701073 -0.0794282094424034 0.106429117925247
-0.0529827049469563 -0.0608358130390694 0.0242866428505192 0.217848978015479
-0.0654325713336562 -0.00601520967481957 0.173910015670019 0.222246913334871
-0.0843602075787662 0.0223259802823993 0.278539381190422 0.141101965054742
-0.0810560473633408 0.0225191094138119 0.29239516174086 0.078079325224943
-0.085134452232059 0.0177281022510834 0.281102981392785 0.120185925121598
-0.0716748708364275 -0.0258739460659707 0.183978835274361 0.176811860629708
-0.039958717941647 -0.0776976798586035 0.0517647368676459 0.16682311736796
0.0519031156042479 -0.0918720421108026 0.026943841542399 0.0677622662051628
0.092513904873102 -0.00518128693367057 0.0948609364583012 0.0551829287144817
0.0301668793844291 0.0547315938450138 0.203925910894512 0.236738594586763
-0.0220035649420073 0.0559398932942908 0.1255312505399 0.517326317919146
0.0728279616105625 0.262181912206278 0.143384564026086 0.201042450317759
0.176352454618436 0.161259439783845 0.120369113532325 0.0384019914225976
0.237986491787967 -0.0191265111698374 -0.0656635164724278 -0.0147629654853947
0.143891726140252 -0.183841014745913 -0.101101086024609 0.0811885755826064
-0.0542948303207806 -0.180657712900693 2.99553086415915E-05 0.209011239486097
-0.12751177200308 -0.0945785683215751 0.134979017269199 0.212478974215517
-0.191913765820516 -0.0436227649380527 0.23467633470753 0.146449437180236
-0.198802617262944 -0.0199468263417176 0.243285799618517 0.0768602574125612
-0.203934234484371 -0.034206857225801 0.235011629968833 0.106014748949246
-0.145597629848242 -0.118253320023409 0.138837940412605 0.147635788007323
-0.0611391183011449 -0.198102337903736 0.0281576613207315 0.129423583849695
0.143987126248468 -0.220129050155793 0.0262459745037218 0.0237501038586514
0.257598052709924 -0.0437528183369508 0.111254520188548 0.0258754213191764
0.176627812534904 0.152125365934734 0.233300089478558 0.213883676294756
0.0701279901016768 0.24213418027449 0.164652026709002 0.46907589055057
0.152676168672356 0.391641205572065 0.114824330481884 0.0876365864744119
0.286252748332651 0.245496802661476 0.0822552104505741 -0.00874173643680154
0.371011579182237 -0.0189487647320956 -0.0795283259326619 -0.0217734944977766
0.242730053525129 -0.267204595523017 -0.111939085901555 0.055436567001944
-0.0471635411737119 -0.287173035524097 -0.0176433627094619 0.175267273046303
-0.171703724171187 -0.17629738530972 0.0808594327810985 0.171307432934423
-0.269739545205377 -0.106753378010247 0.157114841831373 0.126821394745901
-0.286934635842084 -0.0597633137016818 0.157011684887996 0.0641949319946312
-0.292426873991491 -0.0750360483600473 0.15208621123779 0.0775664292364153
-0.203402218113173 -0.186984428629158 0.0703242422968751 0.0991050468637892
-0.086388880984775 -0.288737642355738 -0.00334411512806808 0.0719178282430561
0.202762297516357 -0.330586572572138 0.0196625599738228 -0.0278856166396795
0.384571332403298 -0.0974892355912527 0.116370350044852 -0.00987244112001914
0.306069878220453 0.210683993917176 0.231201053517776 0.165538026239016
0.15969970280587 0.385037868510646 0.175339468624168 0.362330451690022
0.218844962779529 0.468092879734602 0.0742028532331785 -0.0601960556707921
0.373868483450965 0.295815105095995 0.021442631629878 -0.076524831857115
0.468931693068258 -0.0294235393189694 -0.0977424459611455 -0.0278932065959609
0.310174395005233 -0.333166373208579 -0.113116680350408 0.0270414370395715
-0.0396755125954682 -0.360241393782686 -0.029184457706611 0.116136532148433
-0.194204534515989 -0.233507681124685 0.01689541558004 0.0999690682104543
-0.310128793853445 -0.154530949261873 0.0559789925441736 0.0846844079904604
-0.330787867671621 -0.0910887756242184 0.0470632470937457 0.0420657269249387
-0.336320617493353 -0.10316098034892 0.0466885987414735 0.0411548282269541
-0.232213398637012 -0.224438040685701 -0.0137774174223731 0.0395504969245082
-0.101177178307545 -0.333603452456069 -0.0427522745500541 0.0037074250796077
0.225410977956514 -0.393999873288503 0.00624066188450731 -0.0803905507142664
0.449167428862375 -0.140177500771577 0.106008232387377 -0.0448199791530114
0.38497610561619 0.230953022653423 0.192254710266115 0.10539223301476
0.226766339748875 0.462865732074237 0.148813075079273 0.218431768435505
0.260837099054736 0.476587592831946 0.022556486303389 -0.223408431287423
0.413659483767914 0.295579449848802 -0.0555947153114638 -0.155555543842585
0.495739257325284 -0.0424800792805176 -0.113204294748387 -0.036270868506146
0.322678879349871 -0.349638681690558 -0.100630931711859 -0.00812395021440575
-0.0297489809189125 -0.375838025674564 -0.0396121190398434 0.0347426490218202
-0.189288570002663 -0.252228989414446 -0.0524096799581225 0.00898957690100503
-0.303411921546405 -0.177674452981926 -0.0548415214361317 0.0276170605190868
-0.325514687516216 -0.106931549205971 -0.0687787739709069 0.0139256222661723
-0.32758616324692 -0.116863672248593 -0.0664982728245657 0.00338650341867579
-0.219679953832544 -0.229405793490685 -0.0988354190951726 -0.0217845823554208
-0.0911097620108369 -0.323707225237805 -0.0802556105486756 -0.0671863078585376
0.217430192738036 -0.380872442583024 -0.00576582989578445 -0.123581542904068
0.436847935717908 -0.144713828444354 0.0876562557530543 -0.0675717746487708
0.388941484958646 0.218322453024351 0.123542283425447 0.0485108557693205
0.248010623148979 0.465620955873555 0.0938324941794827 0.0630595493888057
0.265526771612612 0.407552428179021 -0.0368580110834743 -0.372640142854343
0.380343577843936 0.239086335638182 -0.13265258391404 -0.226132572859204
0.428865555166917 -0.0472627840567586 -0.117871933340107 -0.045242385451556
0.273082587003118 -0.298672395609732 -0.0778643819811174 -0.0439934138658747
-0.0185917743090381 -0.31824341756074 -0.0486166621949669 -0.0532387656446247
-0.153592465047228 -0.22466011269243 -0.116969182084092 -0.0837295510581383
-0.251343126326515 -0.172203552829466 -0.158834998174014 -0.0329154601907488
-0.271308776827976 -0.108022735987471 -0.174492214623513 -0.0156681406658803
-0.267761943756948 -0.118034709130007 -0.168108447871004 -0.0335255820992454
-0.168001781100137 -0.205472243071246 -0.166589130674824 -0.0790864928205951
-0.0538822720137436 -0.264271982638234 -0.100806059179529 -0.128538738425924
0.189936407427771 -0.293131149070404 -0.00573488569111514 -0.148065391232892
0.353698582419975 -0.105137938312479 0.0716366787408141 -0.0721680559952527
0.31537312628805 0.184139713543726 0.0482809456920724 0.0056196539212852
0.222805791689002 0.397893652798273 0.0264017819181826 -0.0781187622423536
0.225977690539951 0.271442708411093 -0.0924493296999947 -0.48091592136552
0.276536445361332 0.139382155573006 -0.195981214489399 -0.272450925028782
0.27998857985303 -0.0421773308286755 -0.113461460243957 -0.0496609675040296
0.172042145663556 -0.189419240429489 -0.0508308399341734 -0.0691296572207994
-0.00252693831616021 -0.20235946144118 -0.0521269150680798 -0.12553674283712
-0.0907262829814281 -0.157730524175496 -0.162737425669844 -0.158015730271119
-0.158126554814907 -0.138214208889478 -0.238781548868939 -0.0860013427462202
-0.17443725731226 -0.0942331794871177 -0.253458008051021 -0.0437922935802366
-0.167820624901664 -0.105400577574605 -0.242037738032114 -0.0674927227266235
-0.0909754007204159 -0.154869660380636 -0.201772712379665 -0.128244814858467
-0.00548336104676232 -0.171036216819023 -0.0951941577337685 -0.174384963341412
0.14086568366765 -0.163701398646404 0.0102017150882206 -0.149910966783836
0.224049481609838 -0.0435523092363798 0.0638187437433026 -0.0613868724617266
0.196324088390609 0.128636105097637 -0.0159077001062449 -0.0224829672609287
0.1631858645328 0.274350409241554 -0.0362790557024852 -0.188061294015188
0.148962431797993 0.0920106739075583 -0.137261664218852 -0.527369296151397
0.128049819347835 0.0186774017752703 -0.239317001208122 -0.286131157759213
0.0896947031297264 -0.0305180034454145 -0.107446138852464 -0.0450662403749719
0.0477544624729263 -0.0534022771325049 -0.02721447767777 -0.0728376085309233
0.014214823707155 -0.0559331258156895 -0.0501783093837922 -0.166373551329751
-0.0123131924181933 -0.0667292408346998 -0.183348517315869 -0.200001217343171
-0.0384158489594145 -0.0827284852452139 -0.282963206015441 -0.122718412461852
-0.0506488632641687 -0.0662986234644476 -0.294858539388522 -0.0634432270029355
-0.0461218650913732 -0.0756475465679988 -0.277768878705139 -0.0959586614548153
-0.00657123219799219 -0.0841430554811649 -0.202067782455422 -0.164511012190716
0.0330375164002297 -0.0615167720964393 -0.0679826146563241 -0.198023491638974
0.0688846293986645 -0.032179655015247 0.0344455521412196 -0.133320723813415
0.0742911453568851 0.00474408745141954 0.0592958114686722 -0.0422928122018241
0.0674763452510295 0.0510615727304772 -0.0612696599791408 -0.0399352211823733
0.08707579476702 0.115118573732715 -0.0843900266456541 -0.255334611243741
-0.017618994774282 0.105020705245143 0.160685591247251 0.271883116369214
0.0549824068622504 0.0651960889792048 0.140621940019613 0.0646113845937574
0.090826829373353 -0.0186266410651394 -0.0567694138445826 -0.00432996266957741
0.0375675652029879 -0.088376029031557 -0.0800749855180504 0.106165444180936
-0.0524053914537403 -0.0614549084088996 0.0255804647254427 0.21902315515032
-0.0660398830628893 -0.00752987721015331 0.179470795248801 0.222689543285849
-0.0844567383815771 0.023501378063164 0.282309410899946 0.139813946597153
-0.0820566149662117 0.0232931024241855 0.294853727098998 0.0787996011670826
-0.0847896557731499 0.0175953719576645 0.2832995435616 0.119222588451079
-0.0720661932655385 -0.0260799385827982 0.187705034513431 0.177014367290234
-0.0410145854142374 -0.0781070017186207 0.052849036703177 0.168643419321259
0.0526011029441185 -0.0924077403024389 0.0262372786792831 0.0689715950946739
0.0926401384367115 -0.00464003912738134 0.0954483848001058 0.0578297037822143
0.0284490591412573 0.0557967587725264 0.205530478676693 0.242131476629735
-0.0233310723357749 0.0559248637365671 0.125507954530633 0.524736810967444
0.0715546848189434 0.263752155743428 0.142262022125239 0.20587468215875
0.17613272155318 0.162518089047984 0.121963779001762 0.0402297063936853
0.23969272195518 -0.0185116527697652 -0.0658637898476799 -0.0149913333261582
0.146818224489795 -0.186738743535712 -0.10274000658618 0.0814256902855015
-0.0539610810003563 -0.182583730666419 0.00123293241890876 0.209509320803936
-0.129020732613491 -0.0971753876428362 0.139283101338521 0.213943845354358
-0.194177032322729 -0.0425722688299906 0.238389037715492 0.145113230310638
-0.202532251155924 -0.0185807710199296 0.24515057062174 0.077487025038517
-0.20531038409032 -0.033962666165471 0.236806694687309 0.104236131577761
-0.147219672565249 -0.11978913394181 0.141041440805065 0.148247177440448
-0.0626654440946758 -0.200507617389252 0.0294703421335677 0.130904028739341
0.14579218411914 -0.223943729538775 0.0257741423703213 0.0240989924155819
0.260453999264793 -0.044434941556495 0.112592327336873 0.0288666012794263
0.176920898943904 0.154550319144906 0.23554418708072 0.218952268894549
0.0697638717708491 0.244752348474388 0.165676025745905 0.476178187598285
0.151958726731977 0.394829665613444 0.114517777953902 0.0923738722001575
0.287712717829933 0.248990979380638 0.0832638034512599 -0.00677007962400906
0.374852233685603 -0.0179551422717091 -0.0797748349600962 -0.0230242345083255
0.247286648627693 -0.27351061379683 -0.115255292856664 0.0553788886258052
-0.0471201445248622 -0.290169086980263 -0.0156169088129007 0.175835101773078
-0.173568999176612 -0.179435866098724 0.0842170421303046 0.173032235014439
-0.274206055575519 -0.105428363776573 0.15983762582503 0.124636903453541
-0.29245495787911 -0.0582959251936603 0.157345984266031 0.0649398207874885
-0.294631882780567 -0.0753304916835676 0.15313043856848 0.0757138546112753
-0.206405026589485 -0.189488116098661 0.0712810915787615 0.0994943588162425
-0.0864481134269225 -0.292475380367218 -0.00243396205056338 0.0725673805654703
0.20533018174191 -0.337164126257798 0.0195432876107345 -0.0288540309435736
0.389659947608845 -0.0978433212945742 0.117526164421944 -0.00785989676240078
0.309057574684843 0.215350301656048 0.233367009764166 0.170237785245785
0.160980620700636 0.390388094001299 0.175300589946972 0.367024131811455
0.217508295643413 0.473270283174463 0.0744083519395411 -0.0576603818662973
0.376873473866911 0.300595059626231 0.0214086308128365 -0.0757266047011442
0.475205839810549 -0.0273198150166193 -0.098675719388775 -0.0302749672241033
0.316411176460372 -0.340266074654126 -0.116578405812992 0.027389739925452
-0.0391131867335457 -0.365387586288595 -0.0274704168460445 0.116282738545686
-0.196859869591982 -0.237515400532181 0.0173931527583793 0.101338331614483
-0.316681405382898 -0.154252373333959 0.0571019878585891 0.0827568205178195
-0.338437989398886 -0.0883286939599235 0.0463577772204717 0.0423405959760418
-0.339359014924652 -0.102690723900903 0.0457026408117551 0.0396330258057137
-0.236104195263326 -0.227870848243992 -0.014439689077875 0.0405148786788852
-0.102231962033293 -0.338321813757758 -0.0424463473198725 0.00287164460055944
0.227280127977875 -0.401574136219328 0.00557698146968341 -0.0823506533753522
0.454471821728768 -0.141821052796817 0.106762107905257 -0.0433515721991413
0.389143234262283 0.234314492976367 0.193594536696614 0.108379083862824
0.227361942216044 0.468956224365282 0.149284635125353 0.220418855958189
0.25920728144643 0.483432597680529 0.0223939978245996 -0.222796096601981
0.417830541697035 0.301383603359392 -0.0565834524063355 -0.156556398977805
0.503937725396593 -0.0404029339082734 -0.11443322101115 -0.0387192293114483
0.330301078821871 -0.358626285988586 -0.105053172145444 -0.00750321628017193
-0.0296568657365903 -0.380831635641025 -0.038696291830713 0.0333923375588707
-0.191746395667729 -0.255959393636225 -0.0543333527128505 0.00990481993159507
-0.310424871150848 -0.178722360127428 -0.0555250715783936 0.0255253215563738
-0.332571412995574 -0.105506142597489 -0.0710041668777762 0.0140118642302024
-0.330125263324567 -0.116585217771969 -0.0681165754043983 0.0020343925803776
-0.224340438411971 -0.233213613905818 -0.100710099617484 -0.0203179373241518
-0.0917351734964136 -0.32907275295709 -0.0811970540300312 -0.0686155808384983
0.220056691332271 -0.387749159393637 -0.00609757292671645 -0.126227077527087
0.441206727341061 -0.146350526307706 0.0879857837183162 -0.067453696241422
0.392364945275134 0.222272204530647 0.124863731030569 0.0503862102958744
0.250646657879711 0.47053567608531 0.0939975547495253 0.0619585326214344
0.265745053128751 0.412866082365898 -0.0358286417492578 -0.375108214917989
0.384484529818395 0.245233297579804 -0.134943558007127 -0.228696793466111
0.436666439643796 -0.0459136702543254 -0.120209353780647 -0.047775432784917
0.279298873562521 -0.306547719456861 -0.0810117441938641 -0.0440489840969747
-0.0179943801942847 -0.322974967192949 -0.0479284023156021 -0.0551009732799603
-0.155780602915376 -0.228423229763588 -0.120223793545371 -0.0833631936762602
-0.25761379996338 -0.171821167143666 -0.1610849187524 -0.0342489617168514
-0.276711041332246 -0.107231283513026 -0.176703919229224 -0.016253483397772
-0.270591411756455 -0.117054872751246 -0.169745428933304 -0.0342951896937497
-0.172202978728164 -0.208397093473464 -0.16872781785401 -0.0778872544591505
-0.0541342423559733 -0.268716096685804 -0.10119407171908 -0.131078585189768
0.19135053708353 -0.29929855220931 -0.00579889184420663 -0.150684312745534
0.358017653320076 -0.10601527251937 0.0718689923137706 -0.0733679430970595
0.318756771764714 0.18646781194891 0.0488050605289123 0.00596515397614571
0.225914666783276 0.401835517029308 0.0263818449263198 -0.0815927417904697
0.226055416401479 0.276068320973345 -0.0912306927924069 -0.485386561560449
0.280969691449191 0.144114430141311 -0.197839163086249 -0.277241757123613
0.286383101268579 -0.041277252362817 -0.115343355064754 -0.0523472668374252
0.176724705046414 -0.194629678260045 -0.0527349217734121 -0.0689723801440639
-0.00237364869812803 -0.204895067105377 -0.0529421569672519 -0.127658930572518
-0.0918950529079735 -0.159203110718648 -0.167678316195361 -0.157946988709818
-0.163162302971833 -0.138214097006489 -0.242218391093069 -0.0871652697551037
-0.178475729978021 -0.0941493287386623 -0.256286815352138 -0.0442101643080471
-0.169970685722906 -0.104817992789402 -0.243582567606563 -0.0681878241886829
-0.093627384456097 -0.157776724135515 -0.204255565961104 -0.127710553706895
-0.00558296466949232 -0.173797801033691 -0.0959954300231194 -0.176474632411481
0.141679066636845 -0.167482342806487 0.010439243727532 -0.152633371952898
0.22718838761452 -0.0447927400398176 0.0636381509944083 -0.062659740887681
0.198760503431924 0.129382546295074 -0.0160866673359866 -0.0230398287794569
0.165754256230085 0.278284713202748 -0.0365803826392365 -0.192906331105874
0.149918748320843 0.0951514841460913 -0.133995151472469 -0.535252119762408
0.131483288045639 0.0213524632911209 -0.241637465940209 -0.291253342202443
0.0927897831744199 -0.0301341582278704 -0.10901840354418 -0.046898832435847
0.0488777362990316 -0.0559690657265393 -0.0276555503591727 -0.0725450040560271
0.0146907034866707 -0.0571961402443778 -0.0514543281630948 -0.168021602790961
-0.0126384790920071 -0.0667588448388555 -0.189268113400703 -0.201149855767748
-0.0406914817214704 -0.0829191747938283 -0.286499883005459 -0.12228042723359
-0.0524518630627457 -0.0663407052608535 -0.297648026328924 -0.0650667839982063
-0.0471977321009345 -0.0759272025717023 -0.279438578714065 -0.095746104855934
-0.00885713784405014 -0.0850208837452664 -0.204458075072457 -0.163323994984487
0.0331667541156607 -0.0627199536521643 -0.0686830219393517 -0.200404134387586
0.0686593428005762 -0.0339082250362683 0.0349411234741126 -0.13456489348032
0.0757079073307712 0.00419341843703252 0.0589318190439421 -0.0438797415734288
0.0693553051337243 0.0514887153801892 -0.0618864846458477 -0.0410621156347874
0.0892963607050746 0.116947662135956 -0.0855203815187247 -0.260529104626883
-0.0183839987887209 0.107742675216351 0.166321494047568 0.283791582340359
0.0554712811650453 0.0666105740524897 0.147228698072715 0.0671135157652543
0.0933079910635225 -0.0197938204193873 -0.0589014819221002 -0.00434667232874729
0.0392391906071963 -0.0920633640936191 -0.0830646103660486 0.109609164224146
-0.0544000475150965 -0.0633710046120894 0.0290292216240877 0.225894614772134
-0.0685340127354583 -0.00859031807906164 0.19061179999833 0.227913520683845
-0.0867314356277569 0.0250938585237973 0.293954490107435 0.141761098211661
-0.0852306750087901 0.0264617823685794 0.306167939425027 0.0791982163718756
-0.0869989032539352 0.0185468790340256 0.294953811342785 0.119483889046577
-0.0744576553012823 -0.026176572747594 0.19665990597996 0.180109722880676
-0.042915545312155 -0.0801678546740592 0.0567507921039308 0.17567276693875
0.0536145433099754 -0.0961512434882575 0.0272533909790863 0.0718684605579015
0.0948657536284471 -0.00522318132278728 0.100325548912946 0.0614053113155187
0.0289236192460177 0.0590457232993577 0.214349552358358 0.251659112133509
-0.0249092291918438 0.0575096656578498 0.131262730165016 0.547142203518691
0.0750033810859807 0.272196808030368 0.147318970817401 0.216070519286055
0.181744347186793 0.167432162572293 0.127940032134132 0.0432672550848451
0.24835214927613 -0.0204724805504148 -0.0685894090608841 -0.0160575672699989
0.15258521261971 -0.1967520441891 -0.107621935720811 0.0842965019714021
-0.0566044925064418 -0.188865679522852 0.00437887178706298 0.214890137771906
-0.135107128644824 -0.101606407943015 0.14844699405046 0.220491951307347
-0.201913886317093 -0.0407760938668947 0.248366103247765 0.144728804078983
-0.211889514329419 -0.0151476046379112 0.254046621514909 0.0782546551899916
-0.212517013180889 -0.0334515161785074 0.245679940354705 0.104483743651086
-0.154224752695518 -0.123197780080681 0.148497715801209 0.151263144463381
-0.0662049256521135 -0.207870786341553 0.0322424275053228 0.135711058248144
0.150284044994112 -0.234998336751281 0.0256896435186132 0.0248438558114933
0.269974328850323 -0.0469742384786489 0.117421241856535 0.0317663529464849
0.183220883590862 0.161102315969921 0.245709911975997 0.227858637778893
0.0736723837632659 0.253900638051283 0.172204090478271 0.494740230725799
0.158008859017111 0.408437553250837 0.117297775893849 0.0987563015205289
0.297617853711816 0.255953472440495 0.0866126527417653 -0.00481186633240356
0.389538117712385 -0.0203611645093585 -0.0833063202156516 -0.0243551530598451
0.256994248337497 -0.289066673331058 -0.121415293212231 0.0584982678138168
-0.0500403087918342 -0.301277844995399 -0.0143103262172953 0.179738991152946
-0.182651252000669 -0.187341427296404 0.0899844904575001 0.178664748695243
-0.287225531033281 -0.10560765997137 0.166795074588624 0.124925334547792
-0.306323355877067 -0.0553561419257595 0.162438561970124 0.0666537263097897
-0.306102535887786 -0.0752797953680914 0.158178701313859 0.0748948261002436
-0.217490814506961 -0.195588465557314 0.0749288604460708 0.102445261586841
-0.0925689313908924 -0.303941737919574 -0.00146857659026933 0.0749726400297529
0.210417924100652 -0.354455767222172 0.0181147903389388 -0.030268925464195
0.404856424366848 -0.103946504382314 0.122103728456519 -0.00673894033635206
0.320829371818855 0.223117273158636 0.243766741673712 0.177957560592009
0.169487112371318 0.404465467355183 0.182326521948334 0.380878223059333
0.225522283488343 0.490234301882217 0.0757125580809167 -0.0562776605792553
0.392628496759242 0.310946240415359 0.0217578531541341 -0.0763551601631196
0.4950661462312 -0.0306616260395151 -0.103028488379528 -0.032169256794594
0.327901800729343 -0.359807783675957 -0.123407069431267 0.0299875466879387
-0.0431498430593868 -0.379743570581507 -0.0267566288130555 0.117823323420767
-0.207087642135868 -0.247963869335406 0.0193148694062291 0.105925534657803
-0.33139729041371 -0.15530229878125 0.0596208118820427 0.081903938881119
-0.354386432128272 -0.0857442696822029 0.0472944922658914 0.0446843599483737
-0.352605601980262 -0.103646466893247 0.0464420451576028 0.0390942255465446
-0.248414486424014 -0.235971306878272 -0.0145394630016307 0.0426147551575495
-0.108405869810145 -0.35157239751991 -0.0436325317697171 0.00263460472901763
0.233310996509179 -0.421447992907763 0.0047434676158868 -0.0867417693987013
0.473585977796108 -0.151538942708384 0.110147533556778 -0.044227642963522
0.405486239610938 0.242984786975983 0.202432143672594 0.112899942994781
0.238647939070597 0.486740220932658 0.154709120711648 0.22775955173769
0.269286812772544 0.5002322468538 0.0218580145421807 -0.228441678788514
0.435984811668501 0.311736613529901 -0.0599383867559351 -0.160223796344911
0.52574300932396 -0.0443201478159198 -0.120108172699256 -0.0410199167599148
0.342898363832147 -0.380202528304738 -0.111460361019524 -0.00567511801450178
-0.0329965102499221 -0.396104067022363 -0.0394097316397291 0.0329935418794059
-0.202135020691295 -0.266722982455862 -0.0572046768987873 0.0119034092220751
-0.326954578499118 -0.18069856211534 -0.0574034311202908 0.0243345413419967
-0.348961038258315 -0.103960990315127 -0.0742153323540828 0.0158969444949516
-0.343636341532594 -0.117181407793026 -0.0717891437126846 0.00100144241533167
-0.236640905494147 -0.241229846744397 -0.104639657548601 -0.0196050831198094
-0.0971011485753282 -0.341612991370631 -0.0839888451278565 -0.071522814574877
0.224869901023924 -0.408051795739472 -0.00833551334072018 -0.132084843023863
0.459516199206815 -0.154837514904741 0.0903446531506122 -0.0691956049086393
0.408760309297099 0.229103186981108 0.130729297949817 0.0526425200798348
0.263535710110089 0.488785189498264 0.0968376805411317 0.06203232341204
0.273398645297219 0.430115557203032 -0.0371657229938211 -0.386885738952001
0.401852387751637 0.255132243715028 -0.14133015765559 -0.236515498817267
0.456206065363508 -0.0492902876010444 -0.125813055072167 -0.0503641789091652
0.289762916662887 -0.325385397344255 -0.0866410674531524 -0.0430927203857296
-0.0208258040034322 -0.335939659196793 -0.0499928928391236 -0.0583921051233604
-0.164394918485026 -0.236646129137833 -0.12748621035466 -0.0834303888451823
-0.271824080450054 -0.174636717565464 -0.168296241648165 -0.0364144326789566
-0.291591419714043 -0.106877068421585 -0.184358207422426 -0.0145941635075657
-0.281676251905656 -0.118612144904403 -0.177640685112732 -0.0350208494119082
-0.181603146398977 -0.215656421667802 -0.17541974567409 -0.0777823389425533
-0.0576079648074 -0.278947979426076 -0.106185433404583 -0.136603189215448
0.195826508770449 -0.315373384427488 -0.00758449044505331 -0.157180126322565
0.372373974718897 -0.113073416751099 0.0729595609045608 -0.0757863629305948
0.332060718156011 0.191891960266558 0.0511683440455782 0.00687592390759305
0.238408195412508 0.416148206739724 0.0262550760144927 -0.087909206677191
0.234715589126888 0.287138032477637 -0.0943021076181663 -0.503671548708256
0.294368782644113 0.150743029580442 -0.207525436333756 -0.287418818473797
0.299959412259036 -0.0435876437902682 -0.121089921129042 -0.0550560030090975
0.183255294795546 -0.207006679616822 -0.05648284541434 -0.0691579543767194
-0.00373783186280167 -0.213584569024026 -0.0557610249673119 -0.132913972484955
-0.0965804054068956 -0.165165091106565 -0.178404654344734 -0.160938704964323
-0.172822771820848 -0.14122868750668 -0.253562254668501 -0.0888561205890055
-0.189224988353709 -0.0947990163407529 -0.26672454170923 -0.0430166238098844
-0.177846746464986 -0.106588240524302 -0.253283986420271 -0.068414529466646
-0.0998594646260271 -0.163490557539426 -0.212971203743748 -0.128594346772805
-0.00692017155568756 -0.181355206424186 -0.100739145192031 -0.183008034955984
0.145227466818953 -0.177443589773157 0.00967744220405934 -0.158377981726229
0.235768064570793 -0.0484052130983333 0.0639559783333583 -0.065542423568602
0.207271453050163 0.133070367689832 -0.0164966543721665 -0.0231611566806506
0.175016866673398 0.287434538638844 -0.0394300212257716 -0.20291170926317
0.15556124310991 0.0996970699646175 -0.138738203325986 -0.554947204866475
0.138543531193311 0.0230537619884594 -0.25366536509431 -0.302251649992516
0.0986609020180649 -0.0317064092118274 -0.114638820360746 -0.0487112010503059
0.0512674357142269 -0.0600206875481238 -0.0298426366184548 -0.073371918228534
0.0152433933424621 -0.0599547654182755 -0.0553510662996755 -0.173962861693499
-0.0125502450629766 -0.0686667873077431 -0.200457469282234 -0.205759839127256
-0.0453524472040294 -0.085296044954011 -0.299780981169442 -0.123624311174082
-0.0567053953479388 -0.0686555955881153 -0.309070088555201 -0.0648496190873913
-0.0505546575470071 -0.0774636963646521 -0.289047564110699 -0.0959914414120058
-0.011074258401767 -0.0885715425643324 -0.213118504608161 -0.165551736579814
0.0342401098769859 -0.0663784532349446 -0.0729265074451413 -0.207491358256241
0.070772650631652 -0.037351118613158 0.0355464680548098 -0.139986302135913
0.0797034033639552 0.00263497309027756 0.0599209067793011 -0.046177115753566
0.0734804126038927 0.0521334733721907 -0.0644497534166795 -0.0423630998029981
0.0952709453081749 0.12119023236674 -0.090153012524593 -0.273111660571693
-0.000617333382595175 0.110105553976115 0.183817040156407 0.286521024912711
0.0655163920010182 0.0594614374055046 0.155372059085337 0.062193181028825
0.0917877981068532 -0.0312298263333477 -0.061130561938006 0.00855521032851309
0.0290762937249778 -0.0977532842915463 -0.0709670331966161 0.124916719925914
-0.0586486104851238 -0.0564212742140583 0.0555263290706237 0.226848754457118
-0.0671346486963519 -0.00356557452698076 0.221181082213371 0.214278409088251
-0.0832189888114538 0.0381116671568076 0.322688076442007 0.109441576008141
-0.0837328087128706 0.0349047075400879 0.325573808036038 0.051822742579988
-0.0872353608478088 0.0292134301500676 0.324210297947032 0.0978787921527506
-0.0825983016612716 -0.0173787522904784 0.229471148652153 0.173310895135382
-0.0554759237030401 -0.077111235826726 0.0797084069282135 0.183884036255742
0.0429382256499056 -0.106571876782188 0.0354138617930945 0.0800107354254931
0.0956902940997903 -0.013573801152368 0.10969809484956 0.0601823899190185
0.0289396558450467 0.0631708403639837 0.253589679015398 0.248751774240169
-0.0299750918455679 0.0646407693440256 0.180774671679111 0.573496769929513
0.113222313683186 0.266823723916593 0.146772075533747 0.223653788681422
0.205677450605035 0.147223827212489 0.125795709251686 0.0466950576087172
0.252160164060606 -0.0515687771863372 -0.0738035263085606 0.0108287085639761
0.130934314363584 -0.22169656822149 -0.0928213500293619 0.113251993688517
-0.0757200014931017 -0.184918613390164 0.0377392860004804 0.217279059695208
-0.145905471201825 -0.0928857334862373 0.181285424758773 0.207790283340204
-0.213618993938358 -0.0153905922166069 0.284974988597029 0.114598789132035
-0.218953935268279 0.00470818217228988 0.270794192455897 0.0539011231246572
-0.223848496830763 -0.00945460371242667 0.269934914296626 0.0862128636122711
-0.176392739535615 -0.110496964248408 0.177680753677934 0.148548101255507
-0.0929724782182002 -0.207576029104583 0.0520676922247258 0.145217107181161
0.127299033067181 -0.263630851495412 0.0289914964656265 0.0353673618618567
0.275942560979725 -0.0762585990333362 0.117832897619014 0.0311048843611281
0.204412301751036 0.158302395357349 0.280881061061232 0.210342758373318
0.0942934814921227 0.267698064226762 0.222876385302325 0.500786251397161
0.212219934403356 0.396428098023564 0.0973166769864348 0.108840670423007
0.334873051287006 0.226127316231962 0.0729244004010768 0.00740556530772854
0.398275767817767 -0.0700596743324185 -0.0913580900344984 0.0159231564975556
0.225759749036235 -0.332145672807187 -0.103746778472447 0.0989591928284617
-0.0823588140036094 -0.301989249322542 0.0228780694040204 0.182543291128237
-0.204258942900461 -0.176139293293967 0.120679524153805 0.169064433018201
-0.312611773404609 -0.0704624034797908 0.205387357627882 0.0996992201187084
-0.321986913651979 -0.0263274551481197 0.173542884023473 0.0497475606691981
-0.32570769851762 -0.0412353151367985 0.174343481157567 0.063418925462722
-0.25048956803523 -0.180154138232158 0.0958190985189026 0.10423731884499
-0.130013730232771 -0.304655844196517 0.0122088320736813 0.0840582457615416
0.178066381948285 -0.395742198321678 0.0159444408393902 -0.0189510123861408
0.412495207843502 -0.150636420539475 0.113596609593404 -0.00620729403292086
0.357383431974069 0.211033602574971 0.269827970407489 0.148509167290639
0.211359884672604 0.422289145170086 0.225933695116768 0.365177278044878
0.289938484069183 0.471822086440118 0.0375472278643194 -0.045986592984141
0.436720398203373 0.27219589276828 -0.00393333172715523 -0.056701108981547
0.506167517784073 -0.0937427580990774 -0.112590765361411 0.0189584534610778
0.28995336012486 -0.416145200632403 -0.103900110543605 0.077554646063285
-0.0848224071091325 -0.38401691965766 0.00894355323588142 0.119353989480027
-0.23833389540272 -0.236295703249432 0.0432623079264948 0.0994027213861338
-0.367344521766277 -0.116870630891825 0.0947656652825985 0.0655734418387783
-0.375756132026525 -0.0527265501043103 0.0512130053926641 0.0363563268950998
-0.376965544952807 -0.0643000477477864 0.0516099126754852 0.0360821401274202
-0.287046415899642 -0.217985678613764 -0.00438646846775475 0.049087855732162
-0.150196425163607 -0.353150921501566 -0.0387160279576208 0.0103945839044086
0.193873208637917 -0.469805648405286 -0.00345004714077098 -0.075767440192359
0.480390114930467 -0.205883315418158 0.0943046198848616 -0.0429531766029061
0.451015121943793 0.222439510868368 0.215765399677208 0.0788042522455044
0.297169463137448 0.504872916081484 0.185135311436675 0.194825721744585
0.330319008187713 0.477974899970568 -0.0299634276945131 -0.220464458632684
0.481162651454631 0.270088881600142 -0.0969304359692153 -0.135699358134697
0.538496178333636 -0.11079161128034 -0.131567298149946 0.0139652013257307
0.30216226534878 -0.440756760203532 -0.092868850246334 0.0420872763613052
-0.0781094655020896 -0.403429812564529 -0.0103987970528976 0.0323532138218334
-0.236278672743561 -0.255803434213613 -0.0443039170679715 0.00938267571712195
-0.367590390869137 -0.143182421447394 -0.0317988810051109 0.0194846616813422
-0.373049705712405 -0.0719054629223294 -0.0784881505856292 0.0181082321679841
-0.369414460766678 -0.080724172598467 -0.0776970464341554 0.00738281536033239
-0.274136398881754 -0.225167251066418 -0.107279892698495 -0.00788538424752598
-0.13669098226113 -0.343910405176757 -0.0884621745036056 -0.0659594996279258
0.188170945976714 -0.454322304372806 -0.0213284014371736 -0.124445678690803
0.465512367577168 -0.209754734750706 0.0711483483712027 -0.0686061470448901
0.454590472198258 0.20651708746777 0.131626345080588 0.0199059730158125
0.325512160489793 0.503845351995012 0.110667225496117 0.0210028291083642
0.324825005439947 0.404742097266375 -0.0971047913199744 -0.383095479157549
0.438640194077182 0.216383643591192 -0.184211824176686 -0.211082720025651
0.465863237785016 -0.107600532806956 -0.136206937852754 -0.00168864212282711
0.255179042309185 -0.378569921119524 -0.0732499904254665 -0.00424972670190619
-0.0598540757749713 -0.344495688067223 -0.0342228998494739 -0.0603108457809797
-0.196097764398109 -0.229036151425291 -0.128432106988195 -0.0812388755144756
-0.311238496034157 -0.144177255525137 -0.155977982646749 -0.0291868057600756
-0.314326023354484 -0.0799057979707901 -0.195997307873433 -0.0025912851445138
-0.305333600819831 -0.0889598855144986 -0.19237725384486 -0.0208770225026765
-0.213025265279007 -0.205114112268769 -0.18935472060568 -0.0641078066091108
-0.0881972353867468 -0.283983436071613 -0.119847719198407 -0.133783763495673
0.168377249539044 -0.352308106016281 -0.0229674171455742 -0.155280807733301
0.378810298999582 -0.157790691780673 0.0548282448847721 -0.0770247767377428
0.370913755373873 0.173131445852514 0.0452665500899277 -0.0180311236789936
0.294681636238103 0.427221129128891 0.0231963620057485 -0.129794642139394
0.266538427865014 0.264892666047743 -0.152719779895524 -0.504241142367539
0.315438278085056 0.122538460662737 -0.25087065578838 -0.266316664409879
0.305762264451438 -0.0819346180136228 -0.130769714575938 -0.0204884336625729
0.16069573888719 -0.241335201152075 -0.0507301902189915 -0.0454989102832685
-0.0302423020020924 -0.22095965171992 -0.0556793195732258 -0.1350408293037
-0.120925144215409 -0.1609528422567 -0.192451804738358 -0.153847584567261
-0.204622350061343 -0.122212156633154 -0.256020573035747 -0.07123437053587
-0.207122356199938 -0.0777217024151791 -0.284230831314736 -0.0236247283160118
-0.196604461436912 -0.0884894086237837 -0.2755867102853 -0.0486376284253808
-0.121625160230734 -0.159676952939839 -0.235485286285292 -0.114972022091912
-0.0242946680311301 -0.188765817051652 -0.121736027077109 -0.184025527883
0.13127215037361 -0.202130332304138 -0.00500958751205282 -0.163521416230785
0.242620424413813 -0.0764467689468102 0.0516391721790883 -0.0697752579528289
0.234185685968694 0.120714194390521 -0.0259927588631258 -0.0375978315168224
0.217457053618677 0.292080174921499 -0.0559915842057379 -0.239114331234368
0.162524076104447 0.0830587264118672 -0.189286903011756 -0.561229982464936
0.139661483283813 0.0111024201759239 -0.290072048388172 -0.289204040528404
0.0989214806035778 -0.0445122336864696 -0.123156820504564 -0.0321351572858527
0.0434930169541832 -0.0709518711681988 -0.0322138375959213 -0.0666141070558242
0.00586173605644122 -0.0649918326811553 -0.069671202090716 -0.175480710272223
-0.0246689830323504 -0.0692406559031873 -0.22500385902339 -0.194772866413767
-0.0631685510391917 -0.0818501819557635 -0.317044938608521 -0.097103231678534
-0.0686024782451345 -0.0634432460405888 -0.329110340329353 -0.0392211449248262
-0.062481788051694 -0.07363875517978 -0.31572961028771 -0.0742306360033181
-0.0205006782768107 -0.0918803161762009 -0.241168605494832 -0.154846894799367
0.0298758287200886 -0.0736117624319469 -0.0960506417201864 -0.213799245048114
0.0702346431168579 -0.0467561207178344 0.023864812377542 -0.151795459317915
0.0846225184939682 -0.00614883158405354 0.054601148496103 -0.0539149797813201
0.0852887230047314 0.0468845948672156 -0.0747178624964855 -0.0444556426246661
0.118219580836151 0.120320957461839 -0.116995462749491 -0.297598099492617
0.00587715234969113 0.112880885173093 0.207823718863103 0.289191521505862
0.0694760190559257 0.0580564839687024 0.165761915557425 0.0548034443023903
0.0927889307434738 -0.0376436227764205 -0.0641083561655519 0.012921013572435
0.024457638884062 -0.104293215920979 -0.0670348221261865 0.133057091261812
-0.0635617498465968 -0.0551762439758335 0.0715138452241444 0.229982047736732
-0.0702741106919019 -0.000193139224037667 0.244627465583664 0.204852319188118
-0.0826730783466024 0.0443520708636274 0.340790003507112 0.0906298784161732
-0.0834988101208502 0.0432115626032049 0.340978920353037 0.0321916061295386
-0.0882498705011881 0.0365925061528013 0.342238739894367 0.0776262159998641
-0.085838682103097 -0.0125185513582724 0.249183178961513 0.163102353538167
-0.0625584014637349 -0.0761732806732659 0.0951496967949046 0.186840697127361
0.0377457327444732 -0.113147074899539 0.0419853806744709 0.0812569036364104
0.0982446461665577 -0.0188627337608441 0.118467029064888 0.0564284245909778
0.0339792881177814 0.0639819145798708 0.277640458319737 0.243746070889231
-0.0273281697642863 0.0681225817423299 0.222943366836515 0.586695520898436
0.132925074525545 0.269341799531692 0.165047823322688 0.22727389478323
0.219850554611507 0.140842602161866 0.134169838287571 0.0416403498401674
0.257725635682497 -0.0692552776153918 -0.077040893744789 0.0160800411960221
0.121711808453402 -0.241641564959106 -0.0903957964031936 0.123111000763691
-0.0897472378924069 -0.187359812847433 0.0524079407759171 0.220401592679485
-0.157780806605813 -0.0883127082315686 0.202103756647204 0.202256471717848
-0.221644578173977 -0.000588683557579673 0.300891267176923 0.0972064890330292
-0.227295337880462 0.0223049824885093 0.283355427271834 0.0387019511034532
-0.232542996035275 0.00535877321852171 0.284039999369333 0.0690911495936558
-0.190695677712799 -0.103265883809056 0.193595080847702 0.140834582335586
-0.10959673933507 -0.209284097701118 0.0639661044641193 0.147970093154553
0.114975714337467 -0.283232550896725 0.0319002867846546 0.0357763783105285
0.28214629489093 -0.0963779834338021 0.125872596928916 0.026952361912338
0.221740759095937 0.153017447282317 0.305279815487841 0.202614372273044
0.114726228770713 0.2719523869852 0.260289544074979 0.506920464337668
0.243393450208494 0.39817700953735 0.106922383246716 0.111326158320617
0.359245253841297 0.214659520766354 0.0769832625778109 0.00490287446037695
0.409548724999295 -0.098042293845713 -0.0948306332168025 0.0226809783109223
0.21302576059034 -0.363612845788107 -0.102686281619501 0.110256702689945
-0.104094894132551 -0.30830413470358 0.0353284565795725 0.184872346530602
-0.2249240263793 -0.171554236632594 0.136804588545043 0.167066723146211
-0.328695081979796 -0.0508471375811496 0.216023935842289 0.0870389534243839
-0.337285245052564 -0.00216079473403596 0.183123319182406 0.0406733582480068
-0.340572888288033 -0.0210228323695954 0.182653861723757 0.0529678022319144
-0.273067584232142 -0.170484521841921 0.106327400961027 0.10122384922834
-0.155253658397905 -0.309330054296664 0.018203308079844 0.08685470671632
0.158004837632757 -0.425739917418101 0.0143754925782162 -0.0203473892133426
0.419324939023395 -0.182083447889304 0.118947219996963 -0.0109950064958799
0.38419313445582 0.198801316524565 0.290736202172739 0.138946140024511
0.247358896820551 0.425543597070271 0.255412363619451 0.366256581239393
0.327765203448401 0.473170064428464 0.0368416296010522 -0.0463097432616749
0.469778760659492 0.256670024223513 -0.00739346578223718 -0.0562325958620266
0.522681168459018 -0.130154860944679 -0.117749679156267 0.0271297242444898
0.27326482721334 -0.457441702342674 -0.104140029068263 0.0893768769319202
-0.111404903603554 -0.394065178250395 0.0161549970086838 0.120346382869566
-0.264415884501285 -0.231459388297268 0.0518924653315284 0.101223376027848
-0.390075930684212 -0.0942832176760247 0.0991728188276431 0.0592446029340812
-0.395609708078866 -0.0256448524224225 0.0546504402151325 0.0354419439242583
-0.396065826421068 -0.0418185345684885 0.0534017817578129 0.0333642464617982
-0.313888432268955 -0.207480153082802 -0.00106159028318649 0.0514364997353465
-0.178706772598736 -0.358918176261883 -0.0399660912626023 0.0125818808189842
0.169395610155419 -0.505115681605124 -0.0103413281379783 -0.0781445508736474
0.486042478629265 -0.245790381456924 0.0971634048876467 -0.0478620853478377
0.481138267945575 0.205080340871909 0.230895066360193 0.0694677823915635
0.342037248267001 0.505431352574076 0.202424012019603 0.190413804896728
0.37125008757363 0.477542338873778 -0.043416897997369 -0.224835670979592
0.516897416734288 0.252994840054966 -0.108468460653144 -0.132861072073233
0.554925564554235 -0.150571693988093 -0.136768422110518 0.02254600720344
0.285579627634686 -0.482724964333859 -0.0946728674268435 0.0516856578656403
-0.106387061861897 -0.415238417300863 -0.00955380147902537 0.0327483114306272
-0.264266485787545 -0.253442567166552 -0.0458184163657617 0.0153860719445789
-0.392301638329406 -0.122048992580062 -0.0355367450323267 0.0195146993330435
-0.394592366438712 -0.0459105646598203 -0.0809322337496068 0.0245859770178245
-0.389096303896376 -0.0584084882476546 -0.0820517651244972 0.0129458660214504
-0.300864029479235 -0.216320357244176 -0.110795954669534 -0.0011518333236301
-0.164170774709828 -0.350860457378864 -0.0975292575909534 -0.0633192553467025
0.16421493093563 -0.487488348807945 -0.0319885642537561 -0.128103906430981
0.47288955003079 -0.250279478377015 0.0699771614195977 -0.0730241164202906
0.485227335246349 0.187864756541511 0.140371040618915 0.0130615522068417
0.372919876786724 0.502143509220659 0.11376601271241 0.0123496888300547
0.361798285332194 0.40432525703817 -0.121649097372856 -0.391384781928285
0.470161163987048 0.198857744167077 -0.204615084317348 -0.20642610242471
0.481194683847478 -0.142707402566194 -0.143643368312769 0.00733637997895307
0.240829799576991 -0.414565809387996 -0.0765284959415039 0.00252038123219414
-0.0839756409640288 -0.354725922385901 -0.0396619286157807 -0.0614296738589436
-0.219935372385538 -0.226154057461315 -0.139143588311733 -0.0729729298248977
-0.334850365387183 -0.126750552463609 -0.166136059338941 -0.0221559740250515
-0.333927164119964 -0.0578701880453294 -0.203382819167723 0.0107213304056145
-0.323405767644928 -0.0709739050654552 -0.201160275476286 -0.00833435128708534
-0.237132998550133 -0.199096047147681 -0.199660167340409 -0.0529196275350685
-0.109836590635718 -0.291174489696038 -0.134136509489778 -0.131844150957583
0.150172233320766 -0.380240957247254 -0.0353310835096489 -0.160014329936666
0.38381666155133 -0.18968473911385 0.0522228058697276 -0.0810299220924865
0.395520688162716 0.158292531044966 0.0479820757526196 -0.0215196041200788
0.335518133769559 0.424476310520235 0.0140597894591081 -0.139467411438953
0.292561822799446 0.261162995446479 -0.187007658995508 -0.516226371531853
0.336898439580945 0.110296891577977 -0.277281601654054 -0.260326147549012
0.315380964006562 -0.105291913923681 -0.137567625066476 -0.0133012220831954
0.151278281234292 -0.264742834249808 -0.0553282445189107 -0.041790190364555
-0.0450815954455885 -0.228280637015401 -0.0668071406543333 -0.136656047266628
-0.136613760207126 -0.159872827825673 -0.210551009065064 -0.14357302842131
-0.222320050672103 -0.110626606904057 -0.271797622670323 -0.0581040354470375
-0.223100518357946 -0.0641413444173691 -0.296233820165332 -0.00515457851292208
-0.210612844982308 -0.0784032448755265 -0.28903652045779 -0.03247717428492
-0.139029973460653 -0.157508878698082 -0.250292149647439 -0.102258614359344
-0.0370008555007721 -0.195392715297892 -0.138811493808169 -0.184685171975931
0.12183750671515 -0.22068475960775 -0.0168551363790129 -0.169737146706572
0.247948316877985 -0.0966397357412937 0.0488825847523741 -0.0743939425120378
0.250256440531358 0.111799964010571 -0.0277399556998958 -0.0370436199431719
0.246969627029265 0.289814678247351 -0.0747811356964404 -0.247750294142612
0.173978348677425 0.0785967059271208 -0.226414793857827 -0.574747403078005
0.147786360418794 0.0042978642038525 -0.319340998860624 -0.282208194962326
0.101857583217079 -0.0532403144857136 -0.128744523504944 -0.0257719650625042
0.0409279618473689 -0.0780586145218766 -0.0365201139463103 -0.0657999892490952
0.00233546865637759 -0.0679219794173303 -0.0831288575528878 -0.176828091013313
-0.0296812324858265 -0.0703346994149629 -0.247947557790022 -0.184251552638214
-0.0729456165809454 -0.0787960928308359 -0.335610242833902 -0.0799830070731045
-0.0770236670282277 -0.0604971209704123 -0.343758663173236 -0.0199693528610137
-0.0704863710916178 -0.0722470110247385 -0.331844167060349 -0.0552561344976458
-0.0295430809711959 -0.0937675794997161 -0.258211081948288 -0.143321532555879
0.026201537434971 -0.0796232794302591 -0.114219244242278 -0.216056390709465
0.0686928192787935 -0.0538187805232534 0.015470033620139 -0.158833972171083
0.087774124074219 -0.0141737097864612 0.0523280819770707 -0.0585353977662856
0.0917521329809859 0.0428496532670695 -0.0795665049652685 -0.0416641839747374
0.132226780510054 0.116998597792628 -0.141490402915752 -0.304795066714408
0.0129830641677514 0.112062128866373 0.229539891672238 0.281108651328896
0.0715612718281709 0.0539640924034557 0.171074357097033 0.0435466166984366
0.090387731865466 -0.0438674350990354 -0.0645995581423569 0.017876821917068
0.0171473966581394 -0.107223514161933 -0.0595333222890787 0.138429787799647
-0.0676441629446661 -0.0517596348566652 0.0876801806828602 0.224616628292183
-0.0713840617019092 0.00364756529679295 0.261368264919597 0.185457240051159
-0.0785380293363478 0.0504682583692017 0.347725531139825 0.0651789506323874
-0.080218462022416 0.0505492798162827 0.345735610733126 0.00858154150195026
-0.0859428106875358 0.0431861927666778 0.349155977962942 0.0516783360348815
-0.0860949288421022 -0.00672455940982203 0.261660629303753 0.144090405836546
-0.0681664311423307 -0.0714496465620423 0.11027321034714 0.182255162395681
0.0296283169381087 -0.116151251601208 0.0477805206243561 0.0796484485217293
0.0977346637336293 -0.0248663224191762 0.124362856274757 0.0493225830800499
0.0382301187553059 0.0633885995591329 0.297231117731081 0.226779205098313
-0.0233917611654883 0.0700704869191575 0.264029666923517 0.579073324172036
0.151575053447916 0.261502773207856 0.182386994052327 0.222545336267727
0.228842228448043 0.126803087681699 0.138827749610025 0.0337258512497769
0.25479099061956 -0.0883455401638975 -0.0777281538903886 0.0224341882665316
0.104649648448942 -0.253692882832944 -0.0836812034368484 0.130630602924322
-0.102436942710371 -0.183758274549841 0.0671780533941106 0.216165931849714
-0.166875340600443 -0.0783216961104621 0.218756946753627 0.187101060499867
-0.223547765554305 0.0156685467076315 0.307347688521771 0.0750427147550465
-0.227294593787935 0.0421949321182573 0.2879037425172 0.0189480172426772
-0.23411918751722 0.0231051773706772 0.290070145001512 0.0479661655112203
-0.199570488424493 -0.0911141250725461 0.20428014939584 0.127195605831125
-0.125491082660139 -0.203864086769562 0.0757385373306282 0.145047138258041
0.0947481943799095 -0.295239143744687 0.0334787678515928 0.0342839858210076
0.277829906555586 -0.116442745115034 0.130100609110403 0.0197913869306269
0.234320603250351 0.139875194334814 0.322782570547378 0.183756475027002
0.135160938934448 0.265871320349987 0.297124211966909 0.49507934291614
0.27178520678591 0.385581030046091 0.116230417033422 0.109352516024758
0.374671860085306 0.192501311344717 0.0792353132412565 0.00149138997915723
0.405952635576263 -0.128387828955925 -0.0953304732159345 0.0304223585385481
0.187048916806559 -0.385618957782553 -0.0971919690744429 0.119676655033609
-0.125728726600472 -0.305056071891695 0.0461461768101381 0.181443841210073
-0.241378284694562 -0.157887770906019 0.151057577486013 0.158432986818584
-0.335190499907957 -0.0255652046554272 0.220317779837393 0.0704825836724578
-0.340661041493583 0.0266180908445157 0.186534146861919 0.028889371530564
-0.345543383512739 0.00473030868885273 0.186150339366631 0.0394046827421452
-0.288054323555515 -0.152445173295559 0.114118144671206 0.093639974091938
-0.178359173533383 -0.303103385238705 0.0241438697063132 0.0861145152249242
0.128397766515992 -0.443788435142631 0.0113704542237499 -0.020722186490995
0.411120387611706 -0.214308075909196 0.120981079306454 -0.0173257798323992
0.401692247338051 0.176857288229594 0.303994784891817 0.12001666236273
0.28124200471418 0.411886980178954 0.281614783429995 0.351410837201717
0.362205746428892 0.457111640175634 0.0350215648567805 -0.0461483925429063
0.491246322345934 0.228241283385177 -0.010020705617467 -0.0542053002392639
0.518410368332643 -0.169553153986577 -0.117984891575375 0.0370640510847078
0.242248233886475 -0.485045359526818 -0.0996697480053537 0.099153127715392
-0.139850528738392 -0.391129490290363 0.0227550925794253 0.118531024206897
-0.285541896256514 -0.215920752794725 0.0602481647522785 0.0999479230570729
-0.401212995694937 -0.0641766674756803 0.0998355480595935 0.0508175628329296
-0.402142871521358 0.00837742788626384 0.0581508132568287 0.0325419799591674
-0.40358555123589 -0.0123679370278679 0.0547208741862552 0.0290148466238839
-0.333633973266772 -0.187341606296004 0.00267885862482744 0.0522200067436773
-0.20663609893094 -0.351179332001202 -0.0407140628160511 0.0150797642620146
0.133157640923053 -0.52512663574892 -0.0175631609418077 -0.0772643198586586
0.47501767741973 -0.284708521658731 0.0962787871629004 -0.0525037982578981
0.501739241971277 0.17599995687782 0.239755088521377 0.0540525683692421
0.381326999523691 0.485297144134098 0.215256572476369 0.17724104463551
0.406990646679961 0.459058994121244 -0.057367013575724 -0.222162109985238
0.53917693693164 0.222784590071526 -0.117399586776072 -0.124522375224697
0.551948864643493 -0.192228257093626 -0.137690040758186 0.0331800667606377
0.252149936256769 -0.513005651746409 -0.0923505211572335 0.0608362019081943
-0.136067307650391 -0.413331231249983 -0.00981429916912671 0.0320313593321268
-0.287212781874517 -0.237628918627229 -0.0438112778652177 0.0213293183585893
-0.406755337718938 -0.0908661372482475 -0.0383775236870013 0.0211564214578059
-0.402829787882044 -0.0119091574648867 -0.0796639395159514 0.0315914719310364
-0.397138838053506 -0.0297334821695558 -0.0827013975591519 0.0187796646115346
-0.321229431839499 -0.195809583500058 -0.111192807794769 0.00728485145026674
-0.190635964219566 -0.344771546024991 -0.104702125920912 -0.0575741744569162
0.129258495145489 -0.507316939766103 -0.0427067190832878 -0.12643569129169
0.459599633842959 -0.288055261717555 0.0671156492360354 -0.0761448506702789
0.503668832992934 0.159033110025248 0.145352712665294 0.00329574405475228
0.411633177482114 0.479670894092897 0.113279549464192 0.00335415114712107
0.39188700670943 0.385106335389727 -0.148242449098224 -0.386810923493688
0.490877946439906 0.171959942247117 -0.219659490580255 -0.192628234306613
0.477831271473042 -0.179297477556076 -0.144981297134017 0.0171408147356128
0.213412443257451 -0.440402216991536 -0.0769496979887316 0.00958747466799384
-0.109200666035854 -0.353318090618116 -0.0454590880411272 -0.0599530268182772
-0.239963120447779 -0.213269849534611 -0.145362520459459 -0.0596877290972482
-0.348805501221828 -0.10007916205139 -0.172679230397887 -0.0108824083709004
-0.342639369894605 -0.0299897117479396 -0.203867979556181 0.0258276591753286
-0.332911285615985 -0.0477550212023673 -0.204494205167252 0.00649119726637474
-0.255925711062645 -0.183206433944747 -0.203550756729725 -0.0382128251984531
-0.13169966366144 -0.287965618577645 -0.146416643499149 -0.123671834044266
0.121713902826902 -0.396967025575702 -0.0483968525033839 -0.158298351652499
0.373562277475679 -0.220792212038575 0.0483720856932382 -0.0834559586887882
0.410628848802241 0.132303536758336 0.0483728701651531 -0.0254314756366085
0.368836686126712 0.403250405730107 0.00200034173799509 -0.143441876632251
0.312745240038603 0.246029925957657 -0.221110293315288 -0.510698317776394
0.349695401296327 0.0905684816454272 -0.296568939937058 -0.242670028134345
0.314073102857096 -0.129947603087529 -0.140582787847269 -0.00387884715328818
0.133729348123543 -0.281159009686558 -0.0578284320887361 -0.0374770227530491
-0.060639087984017 -0.227188321928497 -0.0771877392742695 -0.133612683046916
-0.150121842222349 -0.152219396766295 -0.223000381805436 -0.125764720127852
-0.23413592052934 -0.0933141563176691 -0.280003678123169 -0.038592356050185
-0.231307301321857 -0.0448965734247314 -0.298186876530534 0.016083198704314
-0.219811564656103 -0.0629286647745009 -0.292374512355375 -0.010225761583502
-0.153807093671831 -0.148020027960343 -0.257221424954834 -0.0839965974389356
-0.052523672108657 -0.196277268540829 -0.153971962222193 -0.176180436974797
0.105200960442776 -0.233055206458794 -0.0302426906534017 -0.169388907280298
0.242571465681222 -0.117269238323109 0.0444955117621292 -0.0765190964956574
0.261054043372809 0.0956647145236624 -0.0287694966250161 -0.0362177098318183
0.270420459881564 0.273340906236399 -0.0944166999643985 -0.246927864408566
0.181432824229852 0.0687758556680525 -0.265903279653627 -0.567609789014974
0.151914305023417 -0.00439701958676282 -0.342214268772586 -0.26293050862971
0.101086280452842 -0.0615638736064647 -0.131951713218665 -0.0176301730592331
0.0355299612211178 -0.0830970289329914 -0.0401446890031709 -0.0633011232623568
-0.00234238862692187 -0.0686306024983427 -0.0962523559619956 -0.171711684359744
-0.0348877935251865 -0.0687514611704387 -0.263536293299511 -0.164637759966505
-0.0805641738320931 -0.0716023095970359 -0.344184083480964 -0.0562361481265332
-0.0843424840075807 -0.0536433408602411 -0.347582369288302 0.00574217136315211
-0.0774086579280987 -0.0669442471751318 -0.336202930154708 -0.0308397122312549
-0.0382148168707331 -0.0916428840128646 -0.268597899948042 -0.123869513254357
0.0200305686936855 -0.0834379698115878 -0.131652585432213 -0.20941184298201
0.0637894281827271 -0.0608406329200623 0.00422340471578859 -0.160532208626851
0.0873181230462544 -0.0227142823573406 0.0483244307132971 -0.0617813018819902
0.0965627313001886 0.0371497435586417 -0.081587171452223 -0.0369657470300168
0.142799247107238 0.107737875161902 -0.165014383392676 -0.299605956658671
0.0180345318880896 0.109062551411858 0.240601915670042 0.269920075965811
0.0712096180735065 0.049715254780915 0.170647223679958 0.0347130787981724
0.0856228334669078 -0.0476698402874598 -0.0635179489798507 0.0232005387597271
0.0109448838213211 -0.107483401648107 -0.0525166637485265 0.13964461293638
-0.0692727402352926 -0.0485649989482753 0.0962069862116083 0.215941482091601
-0.0706704447262476 0.00672926653876173 0.266779143256029 0.166780591378153
-0.073729297574152 0.0528593858850249 0.344743125145902 0.0447102507258322
-0.075181614375964 0.0545891288049391 0.339919139536656 -0.00926694055715252
-0.0814168770896703 0.0467720052812816 0.345276107457829 0.0306748947923202
-0.0840779347424256 -0.00269634933060984 0.264536847491602 0.127435646027596
-0.0705630553515147 -0.066882161570979 0.11982299116244 0.175009137323832
0.0231057473912909 -0.115458216406958 0.0512007698931637 0.0766076129601576
0.0948580730708949 -0.0283632797222579 0.125665572853956 0.0432398735502947
0.0406520426170575 0.0608823518124458 0.303628452523347 0.209985978993922
-0.0198684864753104 0.0697969183075605 0.289236474030975 0.559791455108867
0.161200333681435 0.250127730862794 0.191159527584713 0.215136186422787
0.229543080648557 0.114644558990599 0.139310766239223 0.0270093573434121
0.245842045290942 -0.100918781605169 -0.0763086401966578 0.0281421953445546
0.0892025839104528 -0.257446333420163 -0.0771006003040786 0.134243870320966
-0.110222137494612 -0.176795371045089 0.0750222423507503 0.208463995700447
-0.170270483048862 -0.0691076343962354 0.225941047950704 0.171219938724154
-0.21859351115149 0.0279684655589738 0.303973159559459 0.0573261587323102
-0.221212962954893 0.0561796488181027 0.284648757548611 0.00461496831989966
-0.229802541402432 0.0362768149219105 0.286234806172218 0.0307325062792744
-0.201830570025381 -0.0790856485025179 0.207890319349655 0.113774353922889
-0.135267488955855 -0.195537326105796 0.0828693513475323 0.139799545317176
0.0772615597156875 -0.297837494708975 0.033749577017145 0.0329544444264014
0.269571933941063 -0.129526793998077 0.131013808820523 0.0143517210734928
0.23890311477585 0.128118689224038 0.327554384585033 0.165694710248718
0.147508690955319 0.254953240562393 0.316954736381629 0.475629336123537
0.286306770581816 0.366973554198093 0.12081304998971 0.106694875818026
0.377912462677979 0.172824631989029 0.0793786419362092 -0.000995756211999456
0.394398522336224 -0.148421376954485 -0.0935516518259183 0.0367244132891619
0.162957431979984 -0.393097841414057 -0.0911032767581288 0.124678125146962
-0.139282996009663 -0.295934177678141 0.0523838935112363 0.175927879926577
-0.248888558757707 -0.143343221307478 0.158058542157043 0.147895222243213
-0.332512950697117 -0.00577748470121626 0.217497154744135 0.0579606832374687
-0.33381666426408 0.0491865509131087 0.185370360254485 0.0190407968558989
-0.341384112145349 0.024495340613272 0.183410578368314 0.0283571256479485
-0.292923551371592 -0.13563187605394 0.116886640168275 0.0857726150257132
-0.19253193127125 -0.290918139941713 0.0281590050142873 0.0844120625760797
0.100942673556817 -0.447915142721761 0.00903683063040919 -0.0202241217017655
0.395602752637092 -0.233382981664939 0.120507778261211 -0.0217978944426522
0.406337529216654 0.154794613145396 0.307715556429173 0.103322501995978
0.299791655586156 0.392566623231827 0.293784335352374 0.333604775599679
0.379360486753575 0.433824599652571 0.0331140581977167 -0.0435934271413544
0.495577074305152 0.202313799369072 -0.0110819421460816 -0.0514408887106676
0.503940131830014 -0.195173273144585 -0.116255088646071 0.0440498259787637
0.211798057363156 -0.496875464173659 -0.0939831051051865 0.105068235735919
-0.157620283936975 -0.380464362846022 0.0258006049403972 0.115700838086773
-0.295517310912218 -0.19928330623366 0.0662284820722388 0.0969721402965438
-0.398771924208296 -0.0392741891288792 0.097033469119601 0.0451511686395459
-0.396800041415193 0.0355437313756986 0.0588477673430456 0.0302563937593728
-0.398340054472904 0.0112748197989427 0.0537347754072934 0.0255553484478016
-0.33969257703009 -0.167137825435763 0.00478368071273961 0.0507098074679059
-0.223137706106 -0.337528459546616 -0.039787784048976 0.0175810747105587
0.101688240928183 -0.528017011397262 -0.0229040354021717 -0.0745540314725153
0.455455890771617 -0.306095105433286 0.0946686876123837 -0.0551962010976882
0.504889130702694 0.150997611713976 0.241393137293484 0.0415100134803458
0.402073596233206 0.457866868543802 0.219168179024564 0.164932657719927
0.424361044087039 0.436051166071015 -0.0668748248943493 -0.214277160963875
0.544522212875376 0.194576478887661 -0.120191756575622 -0.11562716059923
0.537148237061223 -0.219724962754245 -0.136017055228121 0.0408167262389344
0.22189847143235 -0.526083497322849 -0.0892004774664035 0.0671719399776271
-0.155233393232281 -0.403097486688333 -0.0104848310232592 0.0321050344624406
-0.29902936766499 -0.219902441158193 -0.0409396629175598 0.0267896486821037
-0.406265365881217 -0.0649501523544418 -0.0411355010922195 0.0233829090119885
-0.399006972655713 0.0152512126939559 -0.0766461835964323 0.0363077935697537
-0.394493922444918 -0.00611718332711144 -0.0815147754945521 0.0236301180569145
-0.328467072322692 -0.176406912159991 -0.109215374495203 0.0133627293826621
-0.207041375269162 -0.332546841308456 -0.107448563118512 -0.0507871318459094
0.0977991341269091 -0.511074951127786 -0.0499498327622081 -0.121561346202222
0.438767843466571 -0.310166018488439 0.0646647364484592 -0.0771725871646683
0.504980475635205 0.133383231204528 0.145934273897078 -0.00463425260947581
0.434006724381805 0.451303649880783 0.10963024868341 -0.00371324483420668
0.405544899016133 0.363857393958803 -0.164103289734187 -0.37481118481025
0.494937153742022 0.148484786370087 -0.225432267128269 -0.178806931463011
0.467264234759827 -0.203112897771101 -0.144300333800714 0.0252021972820478
0.185972600936236 -0.450666225619866 -0.0762633528328039 0.015096610506859
-0.125161386869759 -0.345939718639213 -0.0501913400888373 -0.0564049785239549
-0.250308234738847 -0.198838785840844 -0.144945506244291 -0.0477550660268905
-0.350520943604506 -0.0762795724548242 -0.174445184356697 -0.00124750866132622
-0.340912765711747 -0.00654091606695087 -0.199458485903922 0.0366661258550977
-0.331654816565091 -0.0279689733941123 -0.201256937885532 0.0179009050150323
-0.262808590168609 -0.166722962866072 -0.202531979076315 -0.0268324486750353
-0.146358769585242 -0.279226591050314 -0.152263571076226 -0.114449628469335
0.0973335469256046 -0.400972801890103 -0.0574044947961558 -0.152502764357616
0.357712589135462 -0.239095188676855 0.0457039320593716 -0.0837271789613106
0.412095627311355 0.112049138539384 0.0489905304274062 -0.0284412047987332
0.386208122855179 0.37768056943026 -0.00761820592524239 -0.143719965571511
0.320830896073955 0.230238323764865 -0.241559993274763 -0.494935343406377
0.352793486509329 0.0740293580489777 -0.304586045382365 -0.224944128370564
0.306068529556041 -0.146245899341623 -0.1400018787682 0.00314285355809067
0.117239867208848 -0.288271984823466 -0.0587587380685972 -0.0330981036425785
-0.0709606397173898 -0.223059751430608 -0.0841439057056442 -0.126973191002074
-0.15776022897123 -0.14310365871634 -0.225333901338451 -0.108898996295852
-0.236840765137195 -0.0754864748817055 -0.281110943920137 -0.0225853434764903
-0.231535217485188 -0.0279271294224877 -0.292090036039105 0.031893222675088
-0.221084892146271 -0.049335328315934 -0.287782054228007 0.00591863282705463
-0.160905157228667 -0.137222803445589 -0.256723426421718 -0.0687626620661912
-0.0624734554722415 -0.192441881764422 -0.162731321407293 -0.165471711350522
0.089652524973233 -0.237358466451233 -0.0388250998386332 -0.164853218357294
0.232419259876032 -0.129976821325758 0.0415071450109983 -0.0765826793092874
0.262935158142728 0.0812775757756636 -0.0288713327688256 -0.0345995438565974
0.282407953998625 0.254229710053721 -0.107705558596032 -0.241518299734555
0.183080991599734 0.0604724744549106 -0.28775238583543 -0.5513645601777
0.152305608876792 -0.010887570370253 -0.350460231909486 -0.243255028421491
0.098077981193801 -0.0667700991900328 -0.13135254826822 -0.0114597524634081
0.0309246630132139 -0.0850452363781367 -0.0420697507797249 -0.060217510510617
-0.00521509052420309 -0.0679470263876495 -0.103470340850221 -0.163911272421223
-0.0384199366971406 -0.066838721767443 -0.267810534212846 -0.14580694660916
-0.0840265038415806 -0.0642555517059536 -0.342583200549439 -0.0365003517881228
-0.0868397890786481 -0.0461798247060317 -0.342078763766646 0.0239009986041986
-0.0813382161800459 -0.0610217873542963 -0.331371983598721 -0.0123794413188544
-0.0441146876416604 -0.0879169105681323 -0.2700058012898 -0.107940835293022
0.0144090736638413 -0.084290360083453 -0.141851768898783 -0.199893278225048
0.0583531362749178 -0.0649078860751648 -0.00459783606899967 -0.15827004051694
0.0843998524481893 -0.0286266606631142 0.0449877300509179 -0.0629274669530104
0.0980467833092776 0.0314159988272147 -0.0811342635609063 -0.0325174084156606
0.147490334824215 0.0977428050385236 -0.179601761267714 -0.289815504869073
0.0202146026152525 0.106172460189113 0.246088022115441 0.264699180199553
0.0692597407244139 0.0474046324588978 0.170213293174958 0.0308825791784766
0.082466300961579 -0.0494224108256995 -0.0620661321414522 0.0269046572083703
0.00797882898706486 -0.107196486445768 -0.0482825882185844 0.140125107781686
-0.0702742620546299 -0.0469493918355193 0.0998290728538443 0.21059970826852
-0.0702176733086008 0.00802295657173269 0.26764345636374 0.155646803976014
-0.0706301902750934 0.0539310377887107 0.341060136152502 0.0344637445120639
-0.0720271307159767 0.0564750293581188 0.335371392676853 -0.0181147665163883
-0.0790286864890618 0.0489847241486211 0.340791664377862 0.0192979287461508
-0.0824428557299478 -0.00104850771286662 0.264940550151557 0.117940364232078
-0.0718160299907621 -0.0638677587685801 0.125034400160997 0.170540798823559
0.0198672799980336 -0.114433254577658 0.0528855521367704 0.0750771607868694
0.0938640211589936 -0.0299392079967352 0.126053390940992 0.040661053795478
0.0413599740443749 0.0600940452010498 0.305781136036493 0.200362171522443
-0.0182845112389106 0.0690746178481615 0.299015034024764 0.55021050496949
0.165319466530344 0.242737156064019 0.196266727294449 0.212422787293272
0.227899568218743 0.108577566720576 0.138535499798392 0.0247772958653583
0.239638416762226 -0.10673251402692 -0.0747275854824637 0.0322402737109259
0.079407361882901 -0.25849049191115 -0.0732685270910576 0.135733830983223
-0.1138206764529 -0.173926739549502 0.0767595053110087 0.204671024424321
-0.171679501691875 -0.0640360982543264 0.22900278811493 0.162181113116216
-0.214647799724148 0.0343639965147229 0.299367957467602 0.048652064317119
-0.216331684005473 0.0642469734356554 0.281127895073585 -0.0022943782867199
-0.226449943966954 0.0429149376853943 0.281629642596323 0.0212480452439006
-0.202163923046211 -0.0737368315058682 0.207575482359048 0.106857830105839
-0.139985359719827 -0.190616716604744 0.0872149931064187 0.137423677633217
0.0673587872378166 -0.298100710081651 0.0340938005659479 0.0329480444101453
0.264155327812425 -0.135683918178698 0.13162158350265 0.0121921643719532
0.239849394048969 0.122388433346139 0.328497676403401 0.155745494567557
0.153065937302336 0.247945339070719 0.323856203588439 0.464420898365943
0.292092822914698 0.356451038501477 0.123885774072342 0.107284554542821
0.376943408319836 0.162226418610885 0.0800366778111741 -0.00174989252215091
0.385338936922866 -0.15884941356483 -0.0920053765084119 0.0412194361769925
0.148899627671752 -0.396494967584771 -0.087298337175682 0.128125212247528
-0.145611301094674 -0.29206222767682 0.0532102855595859 0.174029459560153
-0.252058093697138 -0.135496983605205 0.161973896485845 0.142498162807277
-0.329004327454215 0.00498912622323401 0.213245491965816 0.0524982385268404
-0.328248262574584 0.061965304835053 0.184131969954894 0.0146874045937183
-0.337183548314678 0.0348798480151908 0.179830004650384 0.0221199476499134
-0.295538850607022 -0.126780525480832 0.117862029764815 0.0819354382184204
-0.199738271285847 -0.283596940826761 0.0305339387187324 0.0838129867658746
0.0851080932505364 -0.448179623405593 0.00744623728067358 -0.0181910054091291
0.38749558205213 -0.243339599538394 0.121067625544959 -0.0235069126089173
0.407637677776337 0.145962703644163 0.307949946556506 0.0950709908082916
0.307524587992889 0.37925210677709 0.297044155848116 0.325392304700039
0.385584943995534 0.422748124716872 0.0332820124967474 -0.0410143423165673
0.495551889313756 0.190803832163527 -0.0105284847026463 -0.0493628660623691
0.49381834157455 -0.208148387188557 -0.11421009885781 0.048594516752961
0.192400423976688 -0.501204662509971 -0.0911324593411229 0.109737956667079
-0.16614010711999 -0.376159766922308 0.0253182756612564 0.115533071725528
-0.301262092352282 -0.18844476193257 0.0705708919972835 0.0959606615534578
-0.39624498163312 -0.0246655825777179 0.0933413823327209 0.0432074022712708
-0.391853818963124 0.0512902155818363 0.059221484049563 0.0286864698372049
-0.395917359317835 0.0239650723856224 0.0520002362176901 0.0243628796882182
-0.342116529969119 -0.156623197132713 0.00603538004521322 0.0506553872389092
-0.231715386036809 -0.33085311286227 -0.0395787891866079 0.0196534633730421
0.0820528949620573 -0.529564892546992 -0.0263254557998274 -0.071142020864121
0.443674107268504 -0.317410797171916 0.0950895434133525 -0.0559126027062559
0.504477803674365 0.139033343127911 0.241235011483513 0.0344594108583081
0.412190494589022 0.442085640419814 0.217999670858895 0.157266395461482
0.431792452643293 0.423462246046631 -0.069958681631931 -0.209643843817207
0.546498725555888 0.181585434430572 -0.120790112582518 -0.111292996160818
0.528018624378089 -0.234058819559976 -0.134994645813471 0.0455781099462703
0.202592634225604 -0.531449673543914 -0.0873980804708357 0.0720075974392193
-0.164691062341026 -0.398515989137414 -0.0122308417269497 0.034424813518472
-0.304890969480186 -0.209734278625893 -0.0375961374635576 0.0298760043641681
-0.404745120183128 -0.0496593123156752 -0.0444505131489936 0.0256356367432583
-0.394770506893727 0.0316194655033765 -0.0743166350337677 0.0381379009540855
-0.391827923431154 0.00651397921653961 -0.0813947787965442 0.0263103677461839
-0.331126664541507 -0.165662667680098 -0.107708614714367 0.0169184995107041
-0.216510682850879 -0.326097398072153 -0.109243601048085 -0.0463578121353149
0.0797189868664901 -0.511281850802275 -0.0542534943386965 -0.117719459719675
0.425707370327439 -0.320493124497123 0.0649996176853802 -0.0766607034408297
0.505254999721605 0.120198926722206 0.145741428384243 -0.00914184126312601
0.443145575701501 0.433544998900018 0.105696987003945 -0.00766803537134034
0.410846931128634 0.352796079272838 -0.170312651308716 -0.368066744729582
0.49839114784628 0.138018477408363 -0.227109355281193 -0.172153735826972
0.459401718302001 -0.215959944185493 -0.143338820907863 0.0293604264021934
0.170315759556241 -0.455824646054578 -0.0756122546215839 0.0195702566352346
-0.13360874790663 -0.342128587533353 -0.0531218101982019 -0.0522749465137166
-0.255892104317075 -0.189385075425218 -0.142753224716301 -0.0405198436982553
-0.349710580494604 -0.0623619698574977 -0.17567349602375 0.00511441999167895
-0.338127756800255 0.00940911664017816 -0.195763619316728 0.0423433937356736
-0.330265737209535 -0.0157352051687602 -0.198247358371789 0.0239557576628383
-0.265844560648761 -0.157157232563839 -0.200172714777903 -0.0209428587311996
-0.15387426983132 -0.274704920410803 -0.155451984632711 -0.107927360823706
0.0809439077452608 -0.401834317086375 -0.0619223738646391 -0.148301198499998
0.347127849851785 -0.248222616682388 0.0452972898699484 -0.0831134709038023
0.412495231637922 0.10200882188406 0.0491457752596405 -0.030785200633193
0.393018762054322 0.36199841564766 -0.0135200093631027 -0.144079978760772
0.324048634546065 0.221776901179486 -0.251796426515785 -0.486084394728779
0.354866854589574 0.0667567581288038 -0.306580419578207 -0.216693441036627
0.302402229602686 -0.154249370868227 -0.139757337656207 0.00678260553655938
0.107661880060354 -0.291458724344543 -0.0592582873657876 -0.0297195357108116
-0.0762004106815583 -0.221134710741103 -0.0873632972978265 -0.122011580431516
-0.161284182767263 -0.137350363014007 -0.224413323065185 -0.0991241685705847
-0.237340644341549 -0.0656727232096954 -0.280884308199307 -0.0135583638321253
-0.231004776769656 -0.0170806257960845 -0.287916429644654 0.0397627164219498
-0.221284613760911 -0.0405389670604812 -0.283629591535087 0.0142142977427084
-0.164396322205911 -0.130906719201135 -0.254998592424867 -0.0609487991684469
-0.0691138231502364 -0.190511851159243 -0.166560604348102 -0.158552701091912
0.0792920439674012 -0.238798810137461 -0.0435810194220419 -0.161372636593963
0.225731708699177 -0.136847699503723 0.0399136758405226 -0.0766174958888887
0.262969257709191 0.0739091776728151 -0.0276086540029216 -0.0339958920557795
0.286128349681877 0.243094643167013 -0.115107521711841 -0.238990990700735
0.183383492458401 0.0563740731218483 -0.298848304507761 -0.543336094343336
0.154486273271333 -0.0137227047701355 -0.352359277664307 -0.233445564683157
0.0981713872192383 -0.0694471522125993 -0.131520640504065 -0.00901630903673593
0.0283621530261502 -0.0863630809889102 -0.0430175421731082 -0.0580741694036122
-0.00553344898533471 -0.0677002478091019 -0.106399160484517 -0.15935421728755
-0.0390601513020079 -0.0652368186956797 -0.268993161646212 -0.134192706550445
-0.0855361164790579 -0.0592111527765675 -0.34101321187872 -0.0259633355436051
-0.0880422418888638 -0.0410975738820425 -0.337088797518414 0.0321105039765326
-0.0838509603245842 -0.0569982814901597 -0.326731062262781 -0.00224916286977034
-0.0470031378781686 -0.0846770318722737 -0.268563252373677 -0.0997657715660227
0.0103930325414061 -0.0850661583022472 -0.146911611061589 -0.192837843616695
0.054052833517304 -0.0665452992231191 -0.00909758998273025 -0.156258071704289
0.0820554782672321 -0.0321311109872483 0.0431270026770529 -0.0632664413578872
0.0987042406102551 0.0276712381158945 -0.0797662806757608 -0.0304462734759927
0.14914110225523 0.0921422569951615 -0.186555252971436 -0.285020978985948
0.0396507485729877 0.0969635217694629 0.307078502916354 0.229960407538986
0.0747648830112367 0.031541594995384 0.180762582468938 0.00247549762505361
0.0667745872538403 -0.0633485759757202 -0.0484741290058856 0.0442702082569841
-0.0157179505550191 -0.102346444007623 -0.0127462072102537 0.149164307551081
-0.0744210490010939 -0.030662912000041 0.141719980785691 0.186122263595722
-0.0659449528658735 0.0181635464334331 0.296395913554325 0.0982691600361902
-0.0535053959866175 0.0644079455662731 0.340072723679344 -0.0361869184674378
-0.0573350404131054 0.0672741120813651 0.328791175373203 -0.0858340212987872
-0.0633813218965641 0.061839584055952 0.346977827082672 -0.0514398765173885
-0.077897774419152 0.0161247941427815 0.296070801173148 0.0612616992821533
-0.0793449303361642 -0.0449908210678416 0.166211969509535 0.144290186833146
-0.00310130065373771 -0.112840818101067 0.0726971886185462 0.0667430564609943
0.0854488189260648 -0.0455080132468461 0.138053891498412 0.0189034092359618
0.0533617415167361 0.0566790165121983 0.35106875638354 0.134547188444796
-0.00367496707230264 0.0807871990370375 0.415760714129457 0.495064215217192
0.204674134508077 0.199767902986199 0.245003839286489 0.199083913812781
0.239971705001367 0.0578018901912829 0.150782958976242 0.0104015292284405
0.205347302892738 -0.151744165910318 -0.0488548665315847 0.0602579573304982
0.0176038592088878 -0.264200869592317 -0.0243130250465529 0.151182863926894
-0.143376777504353 -0.145139021781802 0.121788278008788 0.176662816072484
-0.178291469437629 -0.0306681598913817 0.258986507126317 0.105454267084816
-0.196287332943246 0.0791381051227983 0.298214362176605 -0.0249578997269767
-0.195820514835622 0.103928014841936 0.278082406567559 -0.0601707503872025
-0.207947913622246 0.0855526096567611 0.29041204498468 -0.0375711243321343
-0.20949229874043 -0.0312702176545422 0.239203985125265 0.0615619384467779
-0.169610418984694 -0.154721075740987 0.122398588940006 0.118236458014077
0.00523931948726359 -0.301683081704659 0.0486307788662027 0.0316836231629437
0.229000910016085 -0.181938331694465 0.141091402439792 -0.00269849656582009
0.263259554170497 0.0762091517892316 0.354131885056244 0.0873810238801235
0.204168797396718 0.22131056736316 0.408051486215125 0.400423419866941
0.347633873123322 0.28542555189146 0.149775056820477 0.116524135837006
0.395508508608258 0.0794289927328884 0.0873349229712383 0.00350104919467926
0.334636000727434 -0.233561385971176 -0.0538327935247653 0.0804384928357467
0.0517921217099243 -0.411917675857263 -0.0266713121170327 0.147333887923704
-0.199352157526003 -0.253241073970767 0.09608672118129 0.144241932384163
-0.271832142108152 -0.082986135680475 0.189960636673959 0.0936266066042872
-0.31279309053444 0.0770971468212904 0.212207913439105 -0.0130974037625799
-0.30636914372289 0.125222462393496 0.184990358240698 -0.0238789279465968
-0.318340073954194 0.0999926365012436 0.190008526459383 -0.0140414286466876
-0.311910920982985 -0.0650608230326943 0.145080853143366 0.0553327390091295
-0.24577704318706 -0.234043911772833 0.0549934338978914 0.076373223544418
-0.00771710997881666 -0.452491296919593 0.0130451015336334 -0.0122983844821988
0.32633883977512 -0.311628469226099 0.127228952140204 -0.0297266401638276
0.434695743981537 0.0634290755088945 0.31095975465939 0.0330381074332322
0.385417851436516 0.31660845948791 0.339967993048537 0.263526554392878
0.450365957464175 0.330027922220955 0.0262644343086853 -0.0106132126255189
0.517272457188387 0.0817342918309742 -0.0118598223037651 -0.0217000275991018
0.429793919221772 -0.304604701832626 -0.0671493281772092 0.0973547087649374
0.0712517050022743 -0.524896616784642 -0.0251303064918841 0.130153131573602
-0.238404971115446 -0.331115700719735 0.0594795836804436 0.0865720774567544
-0.331362742519818 -0.12367170045959 0.0903777978428725 0.0616119517472568
-0.385001697465775 0.0652412545658938 0.0915481798300242 -0.00407844102398667
-0.370392325005759 0.127185829593549 0.064066240154486 0.0148221004737965
-0.377645260019529 0.102105209301064 0.0625380268516373 0.0145697798173716
-0.364883919417912 -0.085786324906744 0.0264375086331257 0.0478252931280387
-0.286364004041275 -0.275008888299173 -0.0299405870174775 0.0263549875342832
-0.0260871564434183 -0.532740204699654 -0.0313703482767836 -0.0578166192560914
0.364499153932045 -0.395573306472589 0.0967837835877084 -0.0539059216884093
0.527921829743524 0.0345456363471779 0.226661005084099 -0.0105041024105456
0.503243365076741 0.354057417789707 0.216921460313156 0.108541944123921
0.494027639196255 0.32333795405864 -0.113767684789574 -0.161613647246132
0.565051812141822 0.0648234129408736 -0.135972849116879 -0.0611374223542739
0.457756300077259 -0.337177066021159 -0.0857534727056299 0.0984259011525072
0.0734779601720724 -0.555349361161851 -0.0252999647078656 0.0903655072176699
-0.243149207198891 -0.353975807918866 0.00676957084765484 0.0112692722149049
-0.339897257639029 -0.142151538150724 -0.0296622713944798 0.0167776496136546
-0.400245185761503 0.0447143819914156 -0.046468265400369 0.0040227087252541
-0.377675657307103 0.11001442797233 -0.0667760484432514 0.050820945201904
-0.379659935962708 0.0845741518391137 -0.0712331038867328 0.0442246423145085
-0.357317270013931 -0.0967762260079763 -0.0963113092017566 0.0374601817468185
-0.27137802636563 -0.273840654738748 -0.115257219256756 -0.0254646484878094
-0.0257611176731655 -0.515275010461362 -0.0709192830782256 -0.0984844875188412
0.347797411225412 -0.396360100055422 0.0612519918034923 -0.0695044671627374
0.524720412194812 0.0143149171423223 0.119571605992995 -0.0329825817611824
0.53036666029994 0.337736670312715 0.0673898782389672 -0.0357147347772243
0.459615767936806 0.259083533656179 -0.248925750584215 -0.309204909576107
0.510302688001731 0.0316574430190898 -0.25732630088502 -0.105758149675208
0.396885845961501 -0.305473153312049 -0.102930958673761 0.080073173516382
0.0596149233726466 -0.476470058183349 -0.0308708008452455 0.0350093113286963
-0.201987233279632 -0.305320259626618 -0.0536213564098647 -0.0641233556302721
-0.288712852877975 -0.132444982922727 -0.148821108800202 -0.0292858056289497
-0.351102431340806 0.0210685027547752 -0.179271896896985 0.0128431340837494
-0.327553863756066 0.0769388307840545 -0.186184614095257 0.0795977687839186
-0.324769589684064 0.0514022114823354 -0.19024115060038 0.0660338347455918
-0.293105708848556 -0.102020486339765 -0.199640782621023 0.0207276006223133
-0.202482136040211 -0.237244431806692 -0.176796794310025 -0.0762929920183256
-0.00277997947612979 -0.409742616777662 -0.0877301601337833 -0.129155106256298
0.28456001790127 -0.310116865329402 0.0374168333709881 -0.0760812568898855
0.428822837431953 0.013365627781873 0.0218608330439503 -0.0350890169587933
0.465793429137875 0.273645535812415 -0.0775760329006045 -0.149003166013817
0.352270868318295 0.150007471405205 -0.356418588878362 -0.425073417675677
0.357808271605003 -0.00643422330671722 -0.350528130620164 -0.143587683060876
0.259467027686577 -0.213538849016249 -0.116552456747194 0.0483107092669046
0.0358327400051351 -0.30565217618771 -0.0391496112512404 -0.0181211589447994
-0.121715115092587 -0.20004142250516 -0.105113944915487 -0.118922159454865
-0.186424497663661 -0.0990825394870484 -0.242453023305685 -0.0658523266971254
-0.243722232163691 -0.00677381309373669 -0.283804823835224 0.0229320027185067
-0.227948795196211 0.0308012847228006 -0.278333687445937 0.0952870121366741
-0.22475976495847 0.00584245385246782 -0.278895369272424 0.0741027916795854
-0.188648218787115 -0.096047515155195 -0.265870352095052 -0.00790237961517941
-0.104351852406092 -0.17294433638356 -0.200784048582037 -0.124416498011209
0.0288054652889067 -0.250556486465343 -0.075717418342926 -0.148591327802579
0.189016290831929 -0.178562793735444 0.0295672121320033 -0.0747593456782298
0.274841384446942 0.0165111221196869 -0.048943049620248 -0.0248358796583958
0.333881121101393 0.176069673761032 -0.190435509553254 -0.222826224952916
0.185497360765 0.0181214568328211 -0.414769970236664 -0.487249691118223
0.145951077858621 -0.0426669430901636 -0.404843114749222 -0.162693275808704
0.081512322593962 -0.0883170583621377 -0.126695971705563 0.0207189688418916
0.00673505635165785 -0.0905796281818279 -0.0463924282255304 -0.0505472025328998
-0.0216472749102422 -0.065063739719161 -0.13604012453675 -0.142154986955935
-0.0533929712581457 -0.0529831148567359 -0.294077236290453 -0.0844108326084328
-0.0976911704088586 -0.0349305458274143 -0.342601531932153 0.0329319931344767
-0.0950394262272147 -0.0198390389023708 -0.328212253594599 0.0988531264961049
-0.095321611520921 -0.0374530099198539 -0.326445068004196 0.0661299028486167
-0.0654792641411941 -0.0738525720933181 -0.291009013171056 -0.04321099459666
-0.00844527945574853 -0.0871215255401278 -0.189479055076459 -0.162338974171135
0.0389748058655866 -0.0779985990590829 -0.0431686432304983 -0.153895078365856
0.0721172244336699 -0.0491080457241374 0.0312736572526217 -0.0694802600338322
0.103257571254626 0.00453483525848924 -0.0917149238959325 -0.0119822917779336
0.166508786150166 0.0544480521578966 -0.261119034820935 -0.252846064891524
0.0421692239216466 0.0978290338805533 0.325100681396729 0.232881391656944
0.0755249276204768 0.03187005661807 0.187635850600288 -0.000991459500127198
0.0651401941392885 -0.0657757731151822 -0.0464714070555441 0.0485576402570043
-0.0193082401561356 -0.105365343564916 -0.00916607907538514 0.153859806043173
-0.0778302184695401 -0.0295969854002591 0.150219467633366 0.18873423531339
-0.0682803667050881 0.0209301551734775 0.306899992941946 0.0915809515454167
-0.0531593163600392 0.0674898496054151 0.34840710655555 -0.0468533089629327
-0.0560748504272157 0.071305059927947 0.337214239790957 -0.0960592221619576
-0.0631768168227776 0.0650701487343433 0.354472128271155 -0.0626593161786759
-0.0797668504622233 0.0178774893898457 0.306256327750666 0.0554505714886916
-0.0827084709454124 -0.0442714764401916 0.17750426212125 0.144562499375804
-0.00609729623584206 -0.115863668212268 0.0778106386328076 0.0668937885195707
0.0873614926784825 -0.0485385821209898 0.143361189719698 0.0164203110369832
0.0566485923364863 0.0573828030854782 0.365073389445127 0.131096977563369
-0.002191681803267 0.0822523728395954 0.441737711247337 0.504106965266782
0.214735602624521 0.200904125110632 0.260554845179686 0.203039842381006
0.246998303011738 0.0551667884357261 0.157276665270974 0.00836239514688387
0.204857842807636 -0.162100190132694 -0.046354388143598 0.0653771962182558
0.00873070496073623 -0.273724027517982 -0.0198026599508804 0.157584584263933
-0.153028745220398 -0.146630976717341 0.129808952242981 0.181144924157441
-0.18630632238638 -0.0257702604444502 0.270380068228286 0.100795146650451
-0.198958434062248 0.0871425171737276 0.305830610750435 -0.0326710200477816
-0.197748405113347 0.114674965899272 0.285810055023377 -0.0682439103921689
-0.211675713435131 0.0946769210669053 0.296669676222858 -0.0454001576349737
-0.218601740100528 -0.027257694907284 0.248093748198983 0.0568040419279794
-0.180214664062866 -0.155267525675433 0.131082903527753 0.118926191993387
-0.00374973436477835 -0.312373263668439 0.0516819553547958 0.0327059757038884
0.232746286419918 -0.194438695585685 0.147429756346216 -0.00630466848927606
0.274427020482842 0.0728279210941872 0.368097401308709 0.0821703287704338
0.216449344746875 0.222147489651904 0.432921953143052 0.406781170450204
0.364422900312179 0.284842577195516 0.159705323514533 0.120673794390367
0.409558833207229 0.0730371135813302 0.0917120240252974 0.00228154156676136
0.337176008944748 -0.250930993865269 -0.0515243096870922 0.08714958261784
0.0398892570425038 -0.427955732500407 -0.0222176826476269 0.155148400451185
-0.214552269084788 -0.257414465389018 0.102794470317177 0.149092423903003
-0.283952652403549 -0.0769526889266673 0.200507615167192 0.0904449520863517
-0.319138324453233 0.090351663440652 0.216933760665558 -0.0168416943941858
-0.310569271468375 0.141077929718499 0.190569300153108 -0.0284690380046446
-0.3248452638471 0.114754271273097 0.193964922212788 -0.0189142181508962
-0.325808023235816 -0.0594354408866748 0.150945407702217 0.0541732559296959
-0.262482857217403 -0.235684895475245 0.0595494951975238 0.078226077315768
-0.0236864224727545 -0.468125082291662 0.0140188374167057 -0.0108212097643938
0.329360316646185 -0.331983221766069 0.133422176221033 -0.034156221071232
0.451524498655941 0.0554670484278243 0.323568983631572 0.0264983848642023
0.406967796719852 0.315765241235443 0.356778134643003 0.26460232369843
0.473493129704623 0.331337387789812 0.0287464855921554 -0.00844507949661229
0.537212588187132 0.0731529625329737 -0.0117893923303786 -0.0213078541022819
0.434267084193679 -0.330107200419352 -0.0651327306672068 0.105785885062169
0.0552081573165309 -0.545885719269456 -0.0200989688176705 0.138006311727574
-0.25804810424285 -0.337639854209395 0.0644194163288512 0.0910438672673292
-0.34692029569512 -0.11768659630042 0.0979342694195106 0.0607851041298362
-0.395089890262705 0.0798345635661525 0.0923198695441264 -0.00323391414798608
-0.37565323982273 0.146331397139416 0.0662254647775315 0.0144693752685682
-0.386879325323129 0.11850105547945 0.0636742399747348 0.0144395686971906
-0.381344209475564 -0.0784092988078653 0.0281613456824821 0.0489258057049989
-0.30564681941517 -0.276495406605607 -0.030060443818867 0.0296348354235097
-0.0479346307345851 -0.550978357547803 -0.0328517979148812 -0.0558144135353536
0.365801064137503 -0.420178338691301 0.100912140209899 -0.0586151078509031
0.54899475788129 0.0220254877567728 0.234276037842173 -0.0181609098093035
0.527601694082981 0.349858755915954 0.225626028987808 0.107453750518406
0.517247648731563 0.321750799655074 -0.120630294750293 -0.162491807850829
0.587795873187137 0.0526696028256921 -0.141431225844194 -0.0590872958182921
0.463451581739182 -0.365125320418539 -0.0851928407630656 0.107819376951245
0.0565691170662534 -0.578571498911765 -0.0210730644724027 0.0975074128272032
-0.262751422136771 -0.361699754784535 0.0086513665197529 0.0148020486078794
-0.356672710420268 -0.136812883448962 -0.0264761527026111 0.01825927898117
-0.410400029902655 0.0596289441638356 -0.0505306987573384 0.00943958356309755
-0.383480640757349 0.129837103298074 -0.0677920964131148 0.0554523697636298
-0.388724498941644 0.101457799714706 -0.0723173374556902 0.0485004102809931
-0.373657881707321 -0.0911506548563788 -0.0985729628508776 0.0421087439233669
-0.289806006605377 -0.276837930335139 -0.119660501075489 -0.0210949840091419
-0.0473344289825012 -0.533022796316 -0.0750516109167078 -0.0967964790635161
0.346902983122839 -0.421551334105246 0.0642078781209024 -0.0739039176241004
0.544248250319111 0.00261380599850261 0.124371667952917 -0.0391549998529637
0.555927743559025 0.331163558679387 0.0654037191245228 -0.0379482053287217
0.483272349742916 0.257118607162797 -0.264800367524612 -0.313129059165826
0.530387588225689 0.0212168419631084 -0.268715095983411 -0.102595554465707
0.403576761027391 -0.330452417179772 -0.104662478630836 0.0883774083232684
0.0454206484199611 -0.49738661715214 -0.0287676039382807 0.0396176990117434
-0.219000939933854 -0.312776142773691 -0.0548694086092065 -0.0620016771872942
-0.303586220868337 -0.128479597140016 -0.151069077157856 -0.0258773903048837
-0.360926507844569 0.0340304841983815 -0.186779927657619 0.0221269616381846
-0.334446936342714 0.0935153973947353 -0.19073216511362 0.0876651168202482
-0.333789743118401 0.0643356265769141 -0.193653968988461 0.0740240998420421
-0.306057118875732 -0.0964328299432624 -0.20493468547232 0.0274188955987944
-0.21758593142738 -0.24036747732459 -0.184708988820049 -0.0719138254966321
-0.0178923877883862 -0.423723718072447 -0.0936119870709317 -0.128194963791784
0.284375673534738 -0.330776448709376 0.0383914693798303 -0.0794469282513383
0.443681333667803 0.00270210663473566 0.0227777510229404 -0.0387879135199364
0.488325919073416 0.268354598844392 -0.0874042048327861 -0.153126814008934
0.368934849407232 0.147800338567438 -0.378461578055459 -0.432506023011796
0.373075314378771 -0.0165912027506984 -0.366636139951312 -0.14008746158468
0.264609111334907 -0.230987308427198 -0.119671508817277 0.0546747905382578
0.0269749954893937 -0.319125377373122 -0.0387476127009793 -0.0159367691909115
-0.131661988123848 -0.205811198861653 -0.110221382871191 -0.119256771277857
-0.195287022860695 -0.0978299351188634 -0.249555462892439 -0.0605294493525458
-0.250918678357747 0.00274057570249167 -0.29430418935902 0.0338617978887065
-0.233483354788822 0.042384246057746 -0.285173491981524 0.105781569790516
-0.231793839814145 0.0149333339018283 -0.284668554522403 0.0837757044520378
-0.198373372242175 -0.0933014868204531 -0.27426986512988 -0.000165094678521683
-0.1147653587686 -0.175955069610867 -0.211168993176683 -0.120772494472852
0.0195865147275367 -0.259859238111888 -0.082427970455874 -0.149154682221064
0.189175831964282 -0.190915271515281 0.0298859418125374 -0.0784364759829021
0.285094806790287 0.00982138884515164 -0.049207682400148 -0.0260921150415932
0.349575097238757 0.170651255259873 -0.206867237663423 -0.22658639266825
0.192602510478779 0.0155504571199381 -0.44209999612369 -0.496351535277523
0.152704240708216 -0.0484300345412957 -0.422840021741653 -0.158713648745839
0.0841145477537366 -0.0961117587784097 -0.130967289163657 0.0251585661472292
0.00402058455501522 -0.0951695909673747 -0.0482723805859474 -0.0502100582828435
-0.0238486878792892 -0.068495852080313 -0.143049785637848 -0.143592983826655
-0.056287449168013 -0.0541940313136123 -0.304429553002824 -0.0778769915596945
-0.100961290361294 -0.0314103194770936 -0.35322286372307 0.0450340417661807
-0.0978974453200226 -0.016014252243279 -0.336347497787597 0.109898864093594
-0.100079615036406 -0.0331914414383599 -0.333641304845944 0.0760682176834622
-0.0702850000631789 -0.0738083127607215 -0.300128693851554 -0.0365059440031418
-0.0122288134637229 -0.0896871033690285 -0.20060340033488 -0.161059119354185
0.0364262523095184 -0.081410471519241 -0.0486237909960276 -0.155892017114288
0.0716234239572658 -0.0539373652055733 0.0305406394257236 -0.0726868683077438
0.107413354819347 0.00103352323644292 -0.0931094203536331 -0.0119557149428478
0.173506706478731 0.0508867746693786 -0.278938697733699 -0.256352690495311
0.0477123013448805 0.0967759839023532 0.35205852321666 0.225668179952673
0.0773254252873367 0.031320324544227 0.195337886389753 -0.0111913602504224
0.0620596925187831 -0.0698109858217698 -0.043494599618473 0.0528986814424979
-0.0274625975378551 -0.107357826933795 -0.00085045514447478 0.159933537486833
-0.0827464812001061 -0.0260200227369608 0.165152704533709 0.187963949394391
-0.0698502534045089 0.026304290810483 0.322173584501068 0.0764660667655035
-0.0512497531288112 0.0717114191268499 0.357097022961964 -0.0686678459484161
-0.0528496606583398 0.0765478736418971 0.343619925216003 -0.117742926279992
-0.0608183560305766 0.0704184462732142 0.361034015795473 -0.0851561611411594
-0.0814701349026842 0.0223241998813112 0.319253383181362 0.0388555001074142
-0.0883891488536645 -0.0407162019035995 0.193636374035513 0.138162138558063
-0.0122659583346513 -0.119136408479918 0.0852010153943896 0.0641798883313869
0.0884125517649799 -0.0542882826833852 0.150251690930439 0.00954887154061004
0.0616805718345138 0.0570192666455697 0.383515122381557 0.117025355645541
0.00141513095878434 0.083821226925752 0.486347902307833 0.499767599511728
0.232026721240132 0.193951157791176 0.28428161279317 0.20027852303721
0.256159952470257 0.0452932985093584 0.164481722009553 -0.000230385766067481
0.199995256138893 -0.178073819938004 -0.0415464120872798 0.071434850622166
-0.00820958393344022 -0.28321408165444 -0.0105906821563714 0.164973574109866
-0.167924753297031 -0.142555865462563 0.145178565300953 0.181669936291813
-0.194870785325091 -0.0148035272393668 0.285954622589884 0.0877970453716404
-0.200091320851499 0.101900888317906 0.312962499486882 -0.0503391311453758
-0.195678483520068 0.131559042024731 0.292311209019321 -0.0858754822906569
-0.212714516572676 0.11118090532633 0.302587162966379 -0.0637097537732974
-0.228467625952572 -0.0162363239353418 0.258975994805667 0.0447383073159446
-0.196638030497087 -0.15077631388675 0.143829132833451 0.115638528766803
-0.0237769500201831 -0.323749077164999 0.0565278319424138 0.0309980453138328
0.230186527763437 -0.215258920120042 0.153618855746771 -0.0143956181051951
0.28819059233062 0.0609560402879709 0.385297079971706 0.0660416634045766
0.235641691671566 0.215491248087917 0.470688293433553 0.400231371694151
0.392608341175309 0.27425116050714 0.174561604885078 0.120200322302902
0.425366715153373 0.0544389869299453 0.0967303796177669 -0.00182091647484691
0.331915192914647 -0.280471054036083 -0.0453191899382847 0.0953617055419645
0.0118722754055132 -0.445861324399356 -0.0115725640270194 0.163215470453929
-0.238891474163253 -0.254917427340195 0.116813394050296 0.151120418320308
-0.299252653046362 -0.062120324825134 0.213928729448353 0.0809021358047957
-0.323982361019143 0.112609043721847 0.221799298118841 -0.0270331411176568
-0.310023921716525 0.166822432675739 0.195826827340531 -0.0387634622192996
-0.329253241332759 0.139157670428982 0.198079568723478 -0.0294422009771433
-0.342440292115087 -0.0426955515879376 0.158941869555682 0.047740594923922
-0.28672771770293 -0.228861122782549 0.0676065200997736 0.0783564734910707
-0.05474628680981 -0.484004146947669 0.0162168272286446 -0.0104136360699078
0.322131020544235 -0.365503572644163 0.137948084777253 -0.0428493753017421
0.470952700185371 0.0327257296143838 0.337235348018547 0.0101411915661745
0.437706733002561 0.300375993699844 0.38367696384774 0.256900480151919
0.50700801482475 0.315542847286405 0.0316846125157474 -0.00615297164243283
0.559264334021278 0.0462128713112622 -0.0121093344047629 -0.0201575082546485
0.429348448602289 -0.368307163465844 -0.059104995185975 0.116013774291119
0.0216659279362822 -0.570091368910518 -0.0101511390479882 0.145715434065091
-0.2891594949946 -0.336302253009763 0.0744257948400394 0.0935215733138846
-0.367409287805389 -0.10145243548924 0.107624210919822 0.0562063159375786
-0.402018922560103 0.107484993858291 0.0939712331630342 -0.00501297129124517
-0.376474187985565 0.177680865612944 0.0697101884226051 0.0129269614801221
-0.392818904633253 0.147306634152457 0.0660584851291934 0.012569471965509
-0.40198971393567 -0.0598105514204183 0.0317325153400718 0.0502176270543703
-0.334506041866508 -0.269151200625803 -0.0284110158237319 0.0333321776877433
-0.084815773387336 -0.567500033633782 -0.0349412786600292 -0.0537764568252307
0.353903562297631 -0.459676039268207 0.104204152355319 -0.0666341459567978
0.570685093789408 -0.00565172058928342 0.24262215315663 -0.0331158632738096
0.567341177743646 0.330413869796813 0.237342816700199 0.100608748927028
0.554698347710998 0.305258522804585 -0.132008884516302 -0.158422524934623
0.613713313795369 0.021664592354628 -0.149217054766055 -0.0521583497891675
0.457824214614491 -0.407995315019571 -0.0804419984381441 0.119780444435512
0.0204683933046832 -0.604810617699319 -0.0129452286583832 0.103972411674257
-0.296595779311114 -0.360908352005618 0.0123933970998383 0.0172144503492884
-0.378161192605837 -0.120839424388222 -0.0227607389635574 0.01959978012875
-0.419227302852866 0.0885081916942142 -0.0528961613229117 0.0165772368122735
-0.386178173006917 0.160355884075197 -0.0669415257910222 0.0623533836145831
-0.394930156613119 0.13035729731465 -0.0724267372629361 0.0555999962694048
-0.393713728596442 -0.07169458337821 -0.0988739110410179 0.0504126544773439
-0.318709563463145 -0.269622992783345 -0.124788986326794 -0.0124673350051783
-0.0833828266450722 -0.548638147670384 -0.0813668818948455 -0.0936402541555852
0.333845942314998 -0.458655138215971 0.0651884791018697 -0.0800890370379219
0.56583167264311 -0.0279594693475204 0.127192721106612 -0.0492655164191023
0.593908544538666 0.31004103995449 0.062881678437577 -0.0428502499223943
0.514282498349261 0.241488253779739 -0.29009101504464 -0.308154713473864
0.552542394780898 -0.0107127796389181 -0.284397554360881 -0.0908034699155858
0.398652889161508 -0.370328162208987 -0.102063177030376 0.100177872991345
0.0154113561113247 -0.520715744374406 -0.0240057175207582 0.0445600710195511
-0.247771667676524 -0.314528190238133 -0.0583834623420348 -0.0593379793206777
-0.322846289813894 -0.115230973030951 -0.154659052014352 -0.0190622067443582
-0.369565653866659 0.0582273804166564 -0.19385213823247 0.0376745230789351
-0.33652548402908 0.120424877383253 -0.193161184994365 0.102505424854515
-0.341088014455548 0.0889782975091739 -0.195731745526548 0.0874123076989504
-0.324311101051837 -0.0824550857441748 -0.210195077048018 0.0406735429922559
-0.24084194388779 -0.236830766183062 -0.195275450894513 -0.061509090029164
-0.0473871753168676 -0.437059656281426 -0.102376854683351 -0.124864959832028
0.272588288364276 -0.360790869523686 0.0376295405055564 -0.085225589046915
0.460302437117176 -0.021676764002859 0.0231729088225275 -0.0438377600612948
0.52047756467632 0.24696710013354 -0.103593639279566 -0.153854225600875
0.390103611022895 0.134761005379645 -0.414670754066832 -0.425976390634802
0.387248704845672 -0.0389744855653607 -0.387460738812609 -0.124806617304304
0.262127010827705 -0.258934822003812 -0.120639741715657 0.0655701670209368
0.00819075667554698 -0.334715156810965 -0.0391612336694332 -0.0129225127256171
-0.150017364850173 -0.207749217701854 -0.118703062484864 -0.116832385218386
-0.208970076560806 -0.0905776413622606 -0.258885561662851 -0.048647423089945
-0.258247933623135 0.019135414993907 -0.303441163564858 0.0545563285542946
-0.237281746518549 0.0602904436471087 -0.289751885952041 0.126544307670009
-0.239053089176387 0.0315404309336249 -0.288685602131062 0.102261650615258
-0.211815258789358 -0.0844314574033109 -0.282862073483675 0.015851263733789
-0.130398088803374 -0.17615833990519 -0.225459902957757 -0.110700914414948
0.00254957399616041 -0.269459857789767 -0.0924923735287787 -0.146978827039237
0.182962143086582 -0.209902472062974 0.0280289234581316 -0.0829541516230018
0.295651590704195 -0.00606876408099562 -0.051094937914055 -0.0267965560117265
0.371239524029145 0.154900350036931 -0.230986558678918 -0.223827722421508
0.201215154316129 0.00683389100645865 -0.485728752953473 -0.493202284735192
0.15753911905093 -0.0601858910783161 -0.447229957687814 -0.14087297033341
0.0832798279308073 -0.108107699123335 -0.134737089413483 0.0346128316751441
-0.00135074169576736 -0.100546787830827 -0.0514510415366622 -0.0486239058023344
-0.0290000556280797 -0.0714025960715575 -0.154792981045141 -0.141511040645126
-0.061804748192889 -0.0534569705200758 -0.317397908322556 -0.0630611221474228
-0.10549133671531 -0.0253704965424017 -0.363592374776858 0.0679471003869001
-0.101233994948845 -0.00898239204536425 -0.342977277756859 0.132340843309553
-0.105219186928628 -0.0274195382899143 -0.339631712429784 0.09695440210887
-0.0777642599908144 -0.0713055865869651 -0.312508479953739 -0.020663144564175
-0.0193740248840542 -0.0921735156699339 -0.216789320505706 -0.153711002507831
0.0310891318326909 -0.0866080382492113 -0.059400997792702 -0.157143068770187
0.0698928791820125 -0.0613892909460505 0.02795619758227 -0.0769986525208144
0.112398343251039 -0.005518559256485 -0.0955134658736774 -0.00915305758455032
0.183324038734562 0.0415694115600708 -0.307913203529226 -0.251081803328573
0.053802869490747 0.0923956327380782 0.374968200451345 0.203048084332466
0.0780660018858469 0.0281594860361145 0.196620867357495 -0.0269414246480447
0.05602832316183 -0.0719351009463106 -0.0377970049832092 0.056053497222054
-0.0371849734430849 -0.104930996167715 0.0118437883019906 0.161126413339496
-0.085280476850265 -0.0192037616156474 0.181019444595338 0.176771293586744
-0.0683551454869098 0.0327474520165224 0.328947419737369 0.0510526905170457
-0.0457190817194567 0.0755392695083241 0.353420467375502 -0.0970104875079614
-0.046392266896435 0.0807520859691814 0.337695997377912 -0.145033445125732
-0.0552327156129726 0.0753521733512768 0.356137909270747 -0.113388569015277
-0.0805830058286747 0.0281985817686413 0.323788977740771 0.0148365389636404
-0.0922904605502081 -0.0334171208332256 0.20671826969478 0.122431516776768
-0.02170577895509 -0.119085662084288 0.0904611180996982 0.0567882592552127
0.0855779948734337 -0.0614991697919984 0.152749947169506 -0.0022422553822624
0.0657376793403179 0.0530504162986696 0.39537929149777 0.091005348190858
0.00626581030337382 0.0832601992925891 0.531595730101337 0.467166347946007
0.247189198536082 0.175769258721279 0.304681531729762 0.183923841752398
0.259377378236601 0.0292400550977124 0.167048474367522 -0.0123053277770986
0.185582024053418 -0.193106454902606 -0.0338042590145279 0.0751650114468212
-0.0326060352305777 -0.2832827965955 0.00373490467345573 0.166963115809668
-0.180989742270939 -0.130226442016588 0.161619150524461 0.17255013118394
-0.197820806225643 0.000451424904962671 0.294303757804852 0.0649226658004573
-0.192926477972425 0.118590159966522 0.310945161764715 -0.0733254806400029
-0.184469872595481 0.148903062624757 0.288317875323468 -0.108277037391767
-0.204732589645581 0.128745931356643 0.298420321785739 -0.0858701790336236
-0.232930373951353 0.00197028444693095 0.264442761360109 0.0254334973832109
-0.21068378399968 -0.13565308730844 0.155549015165314 0.10514454689524
-0.0512981741887514 -0.323667309779101 0.0613326484322769 0.0269701031783598
0.215056247201361 -0.234613869518473 0.155601013733006 -0.0264597021229666
0.295502087477676 0.0392813852290212 0.393419767446254 0.0373815553256488
0.252054498524154 0.196976849411238 0.50622034460318 0.369241042766566
0.415125808580815 0.246382362304247 0.18913873057504 0.111477012066102
0.431065956618033 0.0244454291837974 0.0988846867521439 -0.00847904199419269
0.308348485402564 -0.307451374350873 -0.0348689925692461 0.100395894565719
-0.0261231459523371 -0.449419612585596 0.00380793311943672 0.165595471047236
-0.262926396001196 -0.237693997404315 0.131688005690747 0.143909310959695
-0.307110889699024 -0.038407947609441 0.222860793685185 0.0627786919412049
-0.315848481645604 0.14020952445078 0.221123131679246 -0.0424778276795405
-0.295128733412097 0.194679233851712 0.194960056409393 -0.052876126156819
-0.318577630147822 0.167746037702939 0.196380361208088 -0.0441031905261717
-0.350197058107163 -0.0153817277561342 0.163646506489728 0.0364709052530183
-0.308547609123773 -0.207926862045443 0.0757860688710326 0.0741601303841624
-0.0972672285291585 -0.483576202740173 0.0176600193368991 -0.0115797777667618
0.295325040282961 -0.394008289077818 0.138229316991184 -0.0544181734390622
0.47803766227787 -0.00347783432056335 0.34012452554155 -0.0163817606235536
0.463339924599115 0.265914377219702 0.406103189095095 0.230953488901171
0.534143329334411 0.27845865459345 0.0349781260892916 -0.00474939992085585
0.566482615065443 0.00608684549632713 -0.0119365622087983 -0.0184964735381398
0.399215337285863 -0.407470377959796 -0.0464678190482589 0.123101071493132
-0.0273388922073599 -0.576078058380885 0.00490352302948407 0.148546362932309
-0.321422313895424 -0.316762134684322 0.0851435422319538 0.0890517068302901
-0.378612065486922 -0.071966742368399 0.115179325384038 0.0458795106670964
-0.394930457582009 0.141274666751305 0.0940193109046475 -0.00864130854462906
-0.361520055344051 0.211079839099527 0.0720235296662038 0.00961069532061302
-0.381480795107156 0.181477753965685 0.0667174552608669 0.00852710307315041
-0.410942310076011 -0.0276614078546973 0.0365424496789215 0.0492328065820691
-0.361617662934871 -0.244648691992362 -0.0245407554658848 0.0376412112567577
-0.134197607083791 -0.564980553918814 -0.0368448628095925 -0.0505507178525065
0.319364755883645 -0.49308569432669 0.101943151296534 -0.0755772772330104
0.575905201421949 -0.050647133377953 0.242126756146748 -0.0527672261105807
0.594220661751961 0.286124866285122 0.245311222611027 0.0846967476701316
0.58104019109495 0.267180204508444 -0.14288454386878 -0.147250996613333
0.620138800498816 -0.0249735107501055 -0.153408917672634 -0.0402543831715037
0.428156408573865 -0.451315093208699 -0.0688515125036908 0.129641600044839
-0.0311912686623332 -0.614090204325567 -0.00183950678130013 0.107041354424778
-0.330296803961329 -0.34252654376334 0.017095097046578 0.0170979068603327
-0.390775466428857 -0.0912454647744481 -0.0189452524551616 0.0193413163045405
-0.4139586056313 0.123384928806899 -0.0524062630635115 0.0251915449649656
-0.371691473098624 0.19523222388946 -0.0623163167198713 0.069329871750826
-0.386495541753659 0.165844283452154 -0.0685075755339069 0.0623985708033522
-0.404140998085367 -0.040761238119077 -0.0954768182187049 0.0600386083258259
-0.344303594580032 -0.246692613737822 -0.125393074706446 -0.0012215102553639
-0.133438613374957 -0.544790488808386 -0.0853878632634261 -0.0861329008575988
0.298481985470378 -0.490626298803059 0.0614609431909371 -0.0866597977518246
0.567454028712418 -0.0713674927128526 0.124735739418937 -0.0617868883502236
0.620538705066526 0.260517976740986 0.0558633941949127 -0.0467119664519114
0.537552315655272 0.206258041235174 -0.31472559806465 -0.286540947848998
0.557647867980226 -0.0525856378643445 -0.293129870384183 -0.0675079962945555
0.371651915410257 -0.409433756695261 -0.0930884459056861 0.111167932639222
-0.0292842394841653 -0.528165814968806 -0.0181042173111047 0.0473206722204732
-0.276856860226413 -0.299117706536056 -0.060845724230653 -0.055017208243226
-0.335203048583574 -0.0912573763563975 -0.154371770585907 -0.00839747811339744
-0.365588898707859 0.0898709065338609 -0.192508257707748 0.0573199968302311
-0.325913963118504 0.150525363113942 -0.186141782877836 0.119516510677369
-0.334773662876781 0.119765395148704 -0.190334901185628 0.104232183230291
-0.33422749636183 -0.0557785901955843 -0.207603530154653 0.0579836003150243
-0.26356608227265 -0.219791425282587 -0.201103310901965 -0.0445515547493638
-0.0867597472888627 -0.435267989396979 -0.110151744206719 -0.115877302664913
0.243933979074602 -0.386461801020283 0.0331246004344828 -0.0896410064228756
0.462587099806831 -0.0578678140341384 0.0201648835719913 -0.0481287525783054
0.541411078844363 0.203890122665442 -0.12115485512146 -0.146068755030166
0.404859511001275 0.108153256143072 -0.451877974626869 -0.398875464593656
0.389430848970629 -0.0698088638405623 -0.401166098128171 -0.0936324156180404
0.2425429213333 -0.286387246558284 -0.115074135654982 0.0773054813066625
-0.0200846858114941 -0.340916039825817 -0.038198806225014 -0.00986759182403261
-0.169722621109629 -0.19960295035192 -0.127552721174733 -0.109150115959117
-0.21840030019102 -0.0751393972194117 -0.262735560869617 -0.0297467585157016
-0.256893443029205 0.0415388465893983 -0.301634040654827 0.082201670099432
-0.231149434897481 0.0814420379357853 -0.282800129020101 0.150562193197874
-0.237427975086979 0.0526548192412741 -0.282613804668347 0.125403014549711
-0.220431664638574 -0.0673462713042762 -0.282303866685368 0.0380889307688837
-0.146954234920813 -0.166978230677238 -0.235075263274442 -0.0914625255635619
-0.0226449321125155 -0.270210714417417 -0.102125457014313 -0.139189346129453
0.165168734601157 -0.227115418060236 0.02274657254744 -0.0868767392323681
0.297681462853672 -0.0292878025883931 -0.0529742021129926 -0.0260264545498346
0.384434714673752 0.124614398647466 -0.254616752554111 -0.207243021633051
0.203935614727229 -0.00664963561789656 -0.526573406726861 -0.461279194611866
0.15618995989976 -0.074615335809068 -0.462437992292397 -0.108298004230546
0.0756479737938872 -0.119561582655492 -0.132893332569167 0.0461948031426559
-0.00921219288742794 -0.103666887461502 -0.0542165161173317 -0.0456152599195605
-0.0352523500852706 -0.0712138289428753 -0.167077791648844 -0.131996020507051
-0.0668737987342686 -0.0502884761937651 -0.32400945315682 -0.038712647408473
-0.107281794720585 -0.0159408448430628 -0.36158389435342 0.098416333071719
-0.101721458175359 0.000377239369304002 -0.335981168110023 0.159670893381537
-0.108692353104862 -0.0172392852031462 -0.333607421666926 0.123325907140471
-0.0842195450469235 -0.064371235962032 -0.314270336053047 0.00316464045420386
-0.0279755051462972 -0.0915097190450476 -0.2303870633595 -0.135477017197171
0.0229300266869598 -0.08878160090507 -0.0709423391045493 -0.151588123620042
0.0633479236280252 -0.0686106032049078 0.0217441948292519 -0.0806168222103135
0.113594776580414 -0.0152624305250306 -0.0965640086046267 -0.00490480980504863
0.18795317545395 0.0266525793921684 -0.334415455099036 -0.230121423148527
0.0562405888755719 0.0845830406563394 0.380367808252297 0.17469446859037
0.0768066722002714 0.0252579720257385 0.188880991351349 -0.0399490322889168
0.049603653861724 -0.0701194793988824 -0.0318866092924793 0.0561299152215415
-0.042743733432468 -0.0979738474377905 0.0224826617602761 0.155085483946115
-0.0835445345679953 -0.0129675112361349 0.187734906888498 0.159917886978181
-0.0643466921763285 0.0366190369534204 0.320736673249063 0.0269863631203192
-0.0393823764316221 0.07601960662894 0.334879647808878 -0.118415547870709
-0.0390062552737432 0.081292240948044 0.318132887185518 -0.162160235215763
-0.0475918152776379 0.0763038717410297 0.336020397448612 -0.132812449022618
-0.0758113476666193 0.0325698287058367 0.313631230414756 -0.00795185223105868
-0.0916146750259503 -0.0258026868822398 0.209075095639122 0.102866220477
-0.0284623875435371 -0.113715400206696 0.0908623735923161 0.0481873968382845
0.0797452955319201 -0.0649856030161319 0.148456168769676 -0.012058375074947
0.0662023123689146 0.0481992388657456 0.389141361826815 0.0645738090643208
0.00979099032592251 0.0795720063595124 0.548933050175775 0.419346278781325
0.249373891847883 0.15358657710058 0.312438540714576 0.160954550082221
0.251837189000963 0.0147528600537108 0.161661500553886 -0.0229361752896754
0.164967868082299 -0.197012090280348 -0.0251663650524935 0.0748823426658842
-0.0522613952799254 -0.271176565336738 0.0164711422525574 0.161527506599393
-0.184554121832604 -0.114261389090555 0.169348030433661 0.15652981304203
-0.191628667285233 0.0148890343722074 0.289595969491627 0.0409213621973551
-0.177958766443779 0.127657772269648 0.29571199693765 -0.0907685787309702
-0.165926529966572 0.156993654976479 0.273819828694606 -0.122468766011292
-0.187392195073069 0.139505147118025 0.282234440343071 -0.102758869285204
-0.226306639422984 0.0174360572044165 0.257446116526715 0.00748646831111156
-0.214046369326926 -0.116315705126712 0.158990607402871 0.0902455010635179
-0.0729012906645433 -0.310126097452055 0.0622659618472449 0.020979917439216
0.192933884784692 -0.24316938988685 0.150516362042195 -0.036204740590659
0.288386565842445 0.0195507800851663 0.384156683298979 0.012094994512429
0.254816969616947 0.172412519526697 0.516314847413012 0.326166666150902
0.417475052573036 0.208825462577172 0.195610575959187 0.0991306180613183
0.419042001195611 -0.00152027692837626 0.0967621050225504 -0.0145891336169835
0.275423007658087 -0.317645731644943 -0.0238332169386997 0.0996563019446108
-0.0582577684967788 -0.433382381343592 0.016534557047156 0.159849738440507
-0.272185178029968 -0.212670162434649 0.139875425725732 0.131272199634243
-0.300969328958737 -0.0159519342852533 0.221274692627864 0.0437043687068464
-0.294889101033855 0.157518045005649 0.211584652671707 -0.053467088365773
-0.268956355364277 0.210141910229601 0.186756568023933 -0.0632616473630154
-0.295055883049393 0.185503803317792 0.186750880899731 -0.0545476624408818
-0.341737939816083 0.00941457163166907 0.161209439161447 0.0253042077641812
-0.315268860022393 -0.179990684679858 0.0796946388141689 0.0667381132395508
-0.129603597469584 -0.460520868732058 0.0187442409943903 -0.0136753761950789
0.258881420739248 -0.402905610411925 0.131883700016712 -0.062687299630571
0.464119348205342 -0.0339802745758361 0.329107937672347 -0.0380635938917575
0.463247651736484 0.224493543187754 0.408664404878911 0.199517390155585
0.535484592868327 0.235055080350751 0.0380363542109278 -0.00357054466375614
0.550417396711287 -0.0301186649180852 -0.010865036635303 -0.0161149973420797
0.356419798905916 -0.42299846226342 -0.0334609610216522 0.123363442314964
-0.0695992983923195 -0.55726076978922 0.017227014162759 0.143216647343759
-0.335266792878879 -0.285054182796807 0.0912658697703327 0.0810851452631571
-0.373121096395659 -0.0439961845291283 0.11597656550954 0.0347236287381227
-0.371339229798706 0.164644150956472 0.0907644156760431 -0.0106785464382086
-0.33188032500428 0.231854730696434 0.0716543748494343 0.00525783583553146
-0.355080257068574 0.204209184375874 0.065224635311782 0.00495457087503408
-0.401910553266841 0.00213228804212941 0.0389050421441684 0.0460325542145426
-0.368808656244597 -0.212247277205535 -0.0194035546791844 0.0390135757270017
-0.173070942714183 -0.536481147602866 -0.0361737361113068 -0.0471307678717383
0.274721368075072 -0.500649340715151 0.0961616588857758 -0.081176445034274
0.554171319842926 -0.0868020074748526 0.231902229705259 -0.0680862123282776
0.592629107616945 0.23378336973798 0.241347509698774 0.0675209985611997
0.582785077734428 0.221052030326921 -0.145064196777923 -0.1306737112672
0.599803034825367 -0.0650973967088415 -0.149633617203197 -0.0270088005242163
0.379923991059529 -0.468166292837495 -0.0541618543136984 0.130792728879752
-0.0765420577907072 -0.593877159393655 0.00806351668140165 0.103234646873989
-0.347187627345061 -0.309778531895719 0.0203354046348884 0.0151537726238655
-0.386221114205014 -0.0622247354688418 -0.0158227013575905 0.0183426867279091
-0.390979501480897 0.148917156311535 -0.048561571359389 0.0322208223448305
-0.342912678741596 0.217252079314671 -0.0546734667183562 0.0725290203178669
-0.360508839605885 0.188432564595092 -0.0624178427028699 0.0656993461449226
-0.395612313120904 -0.0101414490452779 -0.0876007667248928 0.0654903021585842
-0.353906277457013 -0.215518097690684 -0.120203326605515 0.00874980961525693
-0.169098952555898 -0.516741916204527 -0.0854038294899757 -0.0781907572842402
0.251837532771012 -0.497293003649829 0.0558722364231546 -0.088386336126589
0.545023886042821 -0.107971713000419 0.116413443759386 -0.0693663248164729
0.615623936191486 0.208241919151539 0.0477086955079779 -0.0468397333895594
0.53671973780792 0.164341805083854 -0.322332748801157 -0.256423304444608
0.539184063850776 -0.0869352064531128 -0.288027810535429 -0.0457195801348977
0.329451795148977 -0.424537007720055 -0.0804193609831784 0.114959561588759
-0.0684867271226676 -0.513440676842696 -0.0120549995034766 0.0472319276977983
-0.292638482897218 -0.272280510513992 -0.0602106355136622 -0.0500258191355068
-0.33281440613415 -0.065615972227563 -0.148859477420881 0.00136184685424382
-0.346800694208826 0.113346541236615 -0.182261397756243 0.0721399610125028
-0.301786688084815 0.16977889907783 -0.172337744958824 0.129231670076442
-0.31419234783984 0.140330464569827 -0.176427931240796 0.113727611419585
-0.329245293540646 -0.0300810346879572 -0.196167045996568 0.0714003960389409
-0.272164195656963 -0.195389689211524 -0.196434417574661 -0.0272783732289178
-0.116206082806274 -0.41407093432792 -0.111280892405363 -0.104977104795654
0.206620033577742 -0.392376409786431 0.0280770645931201 -0.0895893250797728
0.444433660217319 -0.0869633185929766 0.0161224634289872 -0.0499617828369105
0.535574953318974 0.158864740960356 -0.131082062539128 -0.131685225772228
0.400939504216053 0.0800459909638996 -0.464480381266057 -0.357333797217126
0.37410652945616 -0.0938497449293621 -0.394396924773112 -0.0645812034999656
0.214885392664293 -0.297661300016333 -0.105743840661613 0.0833962335898414
-0.0450502508421051 -0.33158974462762 -0.0364461937805665 -0.00739588923566435
-0.180042653165334 -0.183178810287338 -0.130388025550041 -0.0977880348535524
-0.218111236963368 -0.0591393407908352 -0.255417482471542 -0.0111510942359538
-0.244769686559388 0.0580040723711943 -0.286402379666428 0.103832857504006
-0.216340979856591 0.0961171308652111 -0.264446014151525 0.165334434591419
-0.225201022114729 0.0694438811306913 -0.264387128926186 0.139372447340398
-0.219282529837738 -0.0496532076478027 -0.269832915758687 0.0566039061328149
-0.154897262068176 -0.151953414578926 -0.233236319604294 -0.0708558382571598
-0.0421972227981283 -0.25867856306342 -0.105887202129516 -0.127334775521432
0.141355169433546 -0.231944105804753 0.0169173290823901 -0.0857817754144417
0.286932501082786 -0.0489654816628886 -0.0536942698757593 -0.0241928789317345
0.37925768751562 0.0930392897043007 -0.265100766237023 -0.183023764394145
0.198903650179872 -0.017513409788775 -0.543389532141778 -0.414159183611131
0.147218706402339 -0.0831386616409553 -0.455448680881968 -0.0741550959847911
0.0645698599444697 -0.124037314055667 -0.126027415487848 0.0537534621110288
-0.0176942863244671 -0.101649469615453 -0.0548709754040025 -0.0412510256394219
-0.039907860231971 -0.0680661394112617 -0.17082667504865 -0.117076404368729
-0.0693260030748853 -0.0448666173827054 -0.31659747359411 -0.0159036945188623
-0.104876413055237 -0.00763624443732559 -0.343690751212814 0.122086235672989
-0.0974552033456324 0.00813559132124197 -0.31619782158629 0.17778739117565
-0.10619755646117 -0.00701166918660016 -0.314695367473956 0.140264681097593
-0.0866941701186514 -0.0557305879188691 -0.303854461919629 0.0237180308792313
-0.0347142499500519 -0.0873121138454374 -0.232153205823762 -0.113614668895905
0.0142036593941655 -0.0869960819838412 -0.0775279441103412 -0.140926124753229
0.0551364455780207 -0.0713416191613143 0.015706886219217 -0.0796760389917685
0.109725760169516 -0.0228297938325307 -0.0943203315904163 -0.00107701174415435
0.18368603283907 0.0121629753295715 -0.342949469107127 -0.199767832016363
0.0681019633462942 0.0684275277178394 0.393087911863733 0.102098491123902
0.0745019930643576 0.0117539512554578 0.175015902783552 -0.0691809211724156
0.037758389895827 -0.067909781113824 -0.0153696479884853 0.0542157501910727
-0.0507434282140624 -0.0816755829985054 0.0483019356886145 0.136129716718261
-0.0743661351778737 -0.00288429278270159 0.200425373339038 0.118888688757446
-0.0552470676361439 0.0391734255601775 0.307467411316643 -0.0244620189599929
-0.0263327860461898 0.0725867563196299 0.302331508885581 -0.163592803987976
-0.0255329441638683 0.0783423210706044 0.27863997039282 -0.203892899908867
-0.0346857967874002 0.0755053002362545 0.29939141295372 -0.183110366108552
-0.065303456756286 0.0395648465346307 0.297413513404616 -0.063361270152631
-0.0861629351823261 -0.0126065574201974 0.21690546908213 0.0599514074433146
-0.0416130615177583 -0.10370789907648 0.0949257417313335 0.0318088411785875
0.0681888848263339 -0.0705562806055432 0.141052004549598 -0.0367395114976999
0.0733876641889794 0.0390174334537435 0.37555535647276 -0.00333015958675187
0.0276925142627376 0.0777463059711881 0.580972542368517 0.313692395135543
0.255934805868795 0.108348027683845 0.336619153726968 0.105188799961024
0.235772077922188 -0.0218316335134265 0.159996152224084 -0.0475452183706559
0.125275537115456 -0.201269026678955 0.00494796676112401 0.0641681625894235
-0.0873180242783053 -0.239359939886784 0.050065426859323 0.131295235030655
-0.183194891440504 -0.082116945089547 0.17696326191752 0.111283421483916
-0.177963747508128 0.0357647702601674 0.274826013305344 -0.00783766918249241
-0.14698621261111 0.141699704632049 0.260905457509274 -0.13050493445031
-0.134452933462962 0.166686566601436 0.24114821249491 -0.159260334037014
-0.157195307816874 0.155403352711973 0.254041829791463 -0.148036807901827
-0.210265219378593 0.0471761585083664 0.248186301559243 -0.0422441343919555
-0.213320356596584 -0.083614456290656 0.168260856457193 0.0576206132727704
-0.112150913159133 -0.283117382346439 0.0660932946443373 0.0137867289392297
0.151497036836938 -0.250625100710026 0.142629218799018 -0.0609371739612681
0.278504364198763 -0.0193476978264174 0.359267869773172 -0.0488923239471345
0.271247984295612 0.132339146549699 0.532913399414221 0.231804597119842
0.417550996764868 0.141267304656121 0.224380621997935 0.0712009863072931
0.388495988720514 -0.0601933069146858 0.106813471339765 -0.0271144247284875
0.208022335634924 -0.32851471250403 0.0207396812870484 0.0810541021239809
-0.119266296655293 -0.38669774559292 0.0566013581648485 0.119606333992219
-0.28094024377409 -0.160142094506301 0.139968305143878 0.0837883494372702
-0.285203522080759 0.0234578200787136 0.205457947954571 0.00334679731460379
-0.251057240747336 0.187361384773536 0.180566729972972 -0.0822359411625388
-0.222614865853874 0.230619994111231 0.166279220186889 -0.0900188104173647
-0.250747241299139 0.215592774593089 0.171242569095463 -0.0892334074956617
-0.321965305116735 0.0570639115180183 0.160458253788598 -0.0114953545813945
-0.316819834399479 -0.130909884524853 0.0900927087297859 0.0492941133336052
-0.188375705666689 -0.417977711142952 0.0224228565117009 -0.00950870552447482
0.191401215529556 -0.409339694449132 0.123970328138644 -0.083524214668005
0.433704057437944 -0.095758498215524 0.29770300196287 -0.083569828057144
0.473409790292499 0.153193022632866 0.412022288675802 0.131835491726098
0.53067453385089 0.149368540523353 0.0637229806485419 0.00399518183629072
0.504675430947248 -0.103971769993386 0.00959543521800577 -0.010260540519877
0.267123429639306 -0.436841670513175 0.0228757957852548 0.0993117022702577
-0.150383434203399 -0.499394382808069 0.0582309888171764 0.0954748984209653
-0.350582904426288 -0.217655659487963 0.0818008772509069 0.0391001453051284
-0.356936547690575 0.00814800414530359 0.100624490567125 0.00984234431139488
-0.32103414080446 0.206867512236637 0.0671938972102446 -0.0234377814788292
-0.27764609825548 0.260139367056522 0.066245152544199 -0.00687192945669839
-0.304452026987212 0.243065922814347 0.0660743298345321 -0.013420184089039
-0.381378971880415 0.0600526580851909 0.0486957998007811 0.0279366622613623
-0.373221533578506 -0.154745759754767 -0.00830857335422937 0.0406954121328626
-0.240105733588835 -0.483200461679098 -0.0328067604764547 -0.0315211785552735
0.191950707274575 -0.503364348249475 0.0886156413425108 -0.0954010787353852
0.511822283444025 -0.15964034439255 0.200627095673109 -0.0937929470389383
0.593614196912797 0.14470828677144 0.232031184633478 0.0341834486345838
0.566385873093607 0.132454649874013 -0.129112905952409 -0.0839715083455272
0.547328314005668 -0.140793156959692 -0.121734202316493 0.00210524952673528
0.283245379484824 -0.484422932435988 0.00670944154556612 0.107915072707928
-0.164267607704939 -0.534016488970075 0.0442911170994207 0.0568782417352466
-0.367275032854298 -0.237566452553102 0.00255896234093186 -0.0129022332162227
-0.373586655063992 -0.00553528831768589 -0.0284026820648816 0.0147909850895822
-0.341046860327531 0.196532485451772 -0.060775383645677 0.0391112869294786
-0.290602430658995 0.249695023455344 -0.0436456295765205 0.0769394446172801
-0.311187511053439 0.230498073350803 -0.0457092703640009 0.0653541960610476
-0.377247304017954 0.0478480195607692 -0.0686802574125823 0.0681254568872051
-0.360240257195357 -0.160112889859557 -0.108493115680594 0.0305757455289364
-0.237039686602353 -0.466530233514406 -0.0846187105402855 -0.052312754424177
0.171279229343688 -0.495943981007473 0.0488549356026354 -0.0967696780746067
0.498204185642092 -0.177772696076078 0.0925926595852274 -0.0754279279961142
0.609360426424888 0.115904222405487 0.0316919540378191 -0.0431146259059221
0.513000876247845 0.086910172106033 -0.321190167026876 -0.174076117701531
0.487510664509991 -0.152526103021888 -0.259269785882774 0.00682447677790747
0.242479943200299 -0.437214682900875 -0.0255011072336012 0.0993151594851556
-0.144326640586688 -0.461811431251981 0.0126919234203959 0.0116594950135889
-0.313353770068067 -0.210261499371925 -0.0819984988872996 -0.0588316046754356
-0.323195684787189 -0.015211698409664 -0.156109356462614 0.019901606558835
-0.305155989135492 0.15788067825519 -0.181248591259576 0.0977439035700751
-0.258954127760642 0.200806639185142 -0.14682403389654 0.148603875183647
-0.274197156751623 0.179459665973157 -0.147607305238438 0.130641101225388
-0.317142898207684 0.02015347082508 -0.170844257902195 0.0941930177610059
-0.282355047404943 -0.150433571408175 -0.188141087735284 0.0089988173536213
-0.171318225336561 -0.375615996749901 -0.114605278379379 -0.0752342050334209
0.141885579048222 -0.39210167784936 0.0195953367970156 -0.0925869211759751
0.404292287921678 -0.145381864956754 0.00127028416271669 -0.0427363718192273
0.523691952112024 0.0799151333560629 -0.148849031172942 -0.0974595328712586
0.37360963968463 0.0259827422020209 -0.480309062753963 -0.250216301402054
0.33212089661837 -0.133853624236737 -0.370702124314111 0.00512492662060937
0.154457252670379 -0.305015570832132 -0.0652754157084897 0.0799030008013887
-0.0954932275903011 -0.298786424012919 -0.0252520595754459 -0.024253496841838
-0.19773488898153 -0.143126493646414 -0.149873297208368 -0.0852863921263679
-0.214670661692366 -0.0227777907005483 -0.255319310603688 0.0264722296127092
-0.218279827258636 0.0936014201775717 -0.271566670156368 0.142693223156303
-0.188834684468165 0.121209164625047 -0.228548658543014 0.198159534234666
-0.200568409828957 0.100454627866146 -0.227520299167808 0.172485421494651
-0.21600028513649 -0.0132756395294667 -0.244136744151046 0.0954487199207632
-0.167303020408751 -0.123955714472501 -0.230637222478692 -0.0255920366810783
-0.0791595724133442 -0.239764177191396 -0.116369733451394 -0.0985452889939936
0.101021006314171 -0.233918935344986 0.00688157999811448 -0.0859194942954815
0.261437031703762 -0.087529565946118 -0.0582756631834461 -0.00953382338749996
0.365885680863071 0.036636541964481 -0.281935850287192 -0.127407195580325
0.171275782985252 -0.0387909691588972 -0.574518833337738 -0.296185293311442
0.122252517388368 -0.0917950888051512 -0.439821381645716 0.00378543523146512
0.0404878427034462 -0.123730341975411 -0.103738481300545 0.0640831433281773
-0.0344484953641833 -0.0916959596076204 -0.0557350980617019 -0.0381520093936591
-0.0509805036143022 -0.0554824423480819 -0.184526621956728 -0.0885694780611618
-0.0720111064528321 -0.0290320072734471 -0.307799626561753 0.0332339355911528
-0.0974785273780807 0.0122641582258024 -0.316924000019817 0.16875492311712
-0.0898180390412667 0.0236789771763978 -0.275129729609059 0.217904022181648
-0.100176193929993 0.012120145539497 -0.276531767766107 0.183678417429461
-0.0920204340193645 -0.0383316009859124 -0.283317414596652 0.0731869901165107
-0.046706467520501 -0.0772702374533887 -0.238388815435275 -0.0663931205209678
-0.000607656040530634 -0.0853397979677307 -0.0944820640608391 -0.118259031658505
0.0405334074776816 -0.073856428099929 0.00261394973078218 -0.0785075696383245
0.0989209614088401 -0.0389759507835591 -0.0905596726809872 0.0156409494742342
0.169689081138838 -0.0137863934020002 -0.357186293686999 -0.133547908620636
0.0628623086136266 0.0658894975459399 0.382953406799418 0.103637614804611
0.0724084758667855 0.0146381946008029 0.16980053868643 -0.0648361873685923
0.038280206782376 -0.063947059955957 -0.0142350733041033 0.0523218190166389
-0.0477768688024642 -0.0783014890612184 0.0466983180262503 0.131315614655812
-0.0719436329576014 -0.00388214702362838 0.192911671800297 0.116913810920055
-0.054067585399754 0.037625211353808 0.29668739845784 -0.0219678436160587
-0.0261317099642547 0.0700762788617035 0.292512514639957 -0.155786454990748
-0.0250705586465979 0.0754922752954024 0.273227078344397 -0.195821821453364
-0.0338892250141284 0.0719149166107884 0.291457387682673 -0.174309437582043
-0.0639005672792079 0.0371015271677802 0.288531834440474 -0.0584352987684504
-0.0826279103539112 -0.0126899724525236 0.209209549114025 0.0588499564148325
-0.0395116465267498 -0.101263124666822 0.0906553255526619 0.0319388021449687
0.0675855912365489 -0.0680451350567357 0.136877395050186 -0.0342290383092319
0.070296493527344 0.0400944501371165 0.364669228729177 0.00134202593938637
0.0243950465754884 0.075893693802497 0.55932898913184 0.309554676031525
0.244056355178259 0.106350737912194 0.329542346884754 0.105773853158086
0.228603591347077 -0.0165562893986041 0.15570867203403 -0.043496943338333
0.123142784903337 -0.191754152685898 0.00567427562603392 0.0611964763882944
-0.0831123471340006 -0.231642980562271 0.0476816248055743 0.127353597507387
-0.177717555141043 -0.080884940366884 0.17098119626091 0.109134972959602
-0.172913516433243 0.0339066526096594 0.2645039093642 -0.00626448791149161
-0.142530895832424 0.136182442214321 0.253915749528134 -0.123647439737082
-0.129176045848898 0.160743377357861 0.23667912767034 -0.152923598822228
-0.151764018512072 0.148600572177026 0.247098099158202 -0.140305856398561
-0.204254958537866 0.0441152115688073 0.240791764878362 -0.0385215893862067
-0.205973468814162 -0.0820738006237113 0.162218780722771 0.0559718796162122
-0.105991305516001 -0.275227538402607 0.0633646935108988 0.0125089179385992
0.148266875567758 -0.242853182213286 0.14008055546302 -0.0577280868311033
0.270565133323833 -0.013926189445712 0.349461374168863 -0.0436733789603182
0.25938169216308 0.130668535246828 0.515577110862699 0.231158934504985
0.402251846797174 0.138418696778601 0.222768630767197 0.0723905304107253
0.377083430957941 -0.0517394849085636 0.105325402739086 -0.0249169222767708
0.202418168335669 -0.315178901089452 0.0212423972952899 0.0778788483474809
-0.114459859899164 -0.374936621141609 0.0543681695207326 0.115495095214633
-0.271373367494666 -0.157188847638547 0.135212947383056 0.0817641780665898
-0.277286704917766 0.0202179991153905 0.198403019652508 0.00320150543728509
-0.243628809652242 0.179987140984983 0.176209505009966 -0.0761945045909848
-0.215068498890505 0.222619606654327 0.163913827985641 -0.0855446881422754
-0.243037867492014 0.206485607635299 0.166290696459348 -0.0840730850030334
-0.312521652017776 0.0532852517513895 0.155566862623531 -0.0088737196411026
-0.307576978104037 -0.128595473216805 0.0879694523681999 0.0475003302873149
-0.180575447049124 -0.40554615315984 0.0220838523343609 -0.0110576155929895
0.187979093207685 -0.396398482254417 0.122711894511751 -0.0806005866320887
0.422826471469934 -0.0867904917215693 0.290210474920594 -0.078876589553851
0.454286145521882 0.152079083920904 0.397301243527612 0.133442668405149
0.511094590903561 0.149034068892734 0.0667157503553828 0.00543381442100375
0.491202867890882 -0.0947735252309565 0.0115621052516331 -0.00969313565925134
0.259222864396481 -0.421312185316681 0.0235601010941703 0.0958064752610958
-0.145217189030974 -0.484490803102796 0.0563140733731689 0.0923829266760456
-0.340193846236579 -0.213279625706343 0.0793875786988078 0.0381536587458339
-0.347845324893509 0.00521272917087 0.0972167501134581 0.00844523561025787
-0.311197333270954 0.198728587443737 0.0669034874864463 -0.0193600183665725
-0.26792064207312 0.251644686895781 0.066067596173342 -0.00592210206247741
-0.29430650975756 0.233741895535958 0.06323523773078 -0.011716113887451
-0.370051161609527 0.0558757465123934 0.0474527519980239 0.0285709877001523
-0.36227081509117 -0.152160291412554 -0.00721308147063052 0.0395578971613819
-0.230643148605664 -0.468557912248256 -0.0311183129681679 -0.0338194669063113
0.188414378782562 -0.486378247641079 0.0889261268655157 -0.0934023446314434
0.497164938671697 -0.148471523612434 0.194994013840943 -0.089816049924404
0.570964539784522 0.144938533370113 0.223157683244164 0.0372615569118476
0.547856846329589 0.133255273914859 -0.120188443949742 -0.0819907549824291
0.532862648930483 -0.1302486868094 -0.116205627093359 0.000605368156490929
0.272849666893262 -0.467384349728298 0.00737005324145739 0.103857252342397
-0.159260744595943 -0.518566695939512 0.0428812142797184 0.0554010414085283
-0.356765885000021 -0.233583273148406 0.00352184141867361 -0.0133361282256036
-0.363485511502203 -0.00758197844790848 -0.0270914560170505 0.0120782673125764
-0.330287325922259 0.189392305006647 -0.0576289154489034 0.0405008970186951
-0.280343518957848 0.240512443871724 -0.0420566385149408 0.0750064075117607
-0.300503980385986 0.221362786095658 -0.0454487360977599 0.0637161666104237
-0.367327596753488 0.0445423405139135 -0.0662321126538191 0.0664195112410447
-0.349260054316243 -0.157104174189216 -0.1040171936205 0.0285809745545156
-0.226089887946723 -0.450627731550526 -0.0803567376835952 -0.0546771939107524
0.167205059620033 -0.478801043689718 0.0503799050618174 -0.0945985386005406
0.484438323456298 -0.165871547404813 0.0898456178757932 -0.0734678149802623
0.585447070984332 0.117454758981959 0.0296631962389604 -0.0389068107186641
0.498258515657551 0.0896348235452639 -0.30715451575703 -0.17188976111007
0.475385080922681 -0.142720860274718 -0.249019398799195 0.00338327397518544
0.235721529648264 -0.424221413927213 -0.024350488631938 0.0960610639690593
-0.14037819490603 -0.449523273560353 0.0125271208481259 0.0115549335237992
-0.303948404964764 -0.205413126174334 -0.0788549874049877 -0.0581199937361731
-0.314727190253752 -0.0173071605821092 -0.151375475705156 0.0172406687510416
-0.295155270049728 0.152227251163279 -0.174271893156378 0.0964473421593052
-0.249546413454014 0.193441387128707 -0.143341905853624 0.144145681097906
-0.26461453666565 0.173184126518437 -0.144988424254343 0.12542609104848
-0.308266499703324 0.0178385419513862 -0.165814264136802 0.0902554705586786
-0.274852175266241 -0.147032768599549 -0.1803073684408 0.00783495165825271
-0.163434643473683 -0.363400611138684 -0.109864414598718 -0.076225605054893
0.137726375798442 -0.377171254317789 0.0218570503355401 -0.0904942827271564
0.393518879704699 -0.136430064120861 0.00134507245612665 -0.042730416707164
0.502474180241381 0.0805612207745626 -0.145339589090967 -0.0927284107169711
0.363912697496309 0.0301730920276582 -0.462825917969017 -0.249153265931248
0.325641468806211 -0.126874641017171 -0.357965773072901 -2.22690864361621E-05
0.149514754999699 -0.295737573309452 -0.063617167114121 0.0764492190276176
-0.0943913330763633 -0.292110805730715 -0.0240719979723058 -0.0238941027849072
-0.192633119058111 -0.140366573504199 -0.144637144742512 -0.0846784525863143
-0.209159795823706 -0.0242264522303751 -0.247248667179945 0.0221196539614241
-0.211306005645391 0.0899308083413642 -0.262397473511204 0.138898631820459
-0.181796919811963 0.117159092397859 -0.223967543600962 0.191090851020356
-0.193549767574119 0.0981010085876459 -0.222717102831539 0.163823278508691
-0.209424747914413 -0.0127554238589814 -0.236674543648182 0.0898236229010052
-0.16346726345991 -0.120885600381888 -0.221156779175793 -0.025806265152739
-0.0756588804780513 -0.230915193796433 -0.11024155821576 -0.0979494031106569
0.0972795884038456 -0.225010107372155 0.00844872465219522 -0.0842026226306395
0.254155894468308 -0.0831208762355235 -0.0572170723081876 -0.0112137027704313
0.35134708504866 0.0387579215261674 -0.275019315514091 -0.124198728890855
0.168843718724699 -0.0345615093129515 -0.555282750937421 -0.294954326601453
0.12035070767556 -0.0883900390274474 -0.426561211170892 -0.00171468196527542
0.0385454974090067 -0.121792511392613 -0.101271335181704 0.0612692447299042
-0.0349743778955218 -0.0901072021180636 -0.053708678156848 -0.0379159173893855
-0.0498634493211037 -0.0544192786131107 -0.17866364943879 -0.0881441751256706
-0.0702810392025169 -0.0290357836169204 -0.297600100095961 0.0295309436923673
-0.094020990700587 0.0117810788467793 -0.307948691175319 0.163061471109085
-0.0865429734861716 0.0230481777750782 -0.270497499870721 0.210106996564399
-0.0961131975037389 0.0128450595162691 -0.269899316262888 0.174075384616047
-0.0887880335808066 -0.0360520702065716 -0.274522831402627 0.0671730488691315
-0.0463007205505925 -0.0742689207379685 -0.227811599906597 -0.0653033295248731
-0.000538011816539754 -0.0815514928097028 -0.0893108600761783 -0.11591156187708
0.0380008103924862 -0.0708554328216305 0.00345380801505394 -0.0760008249108103
0.0960337017346267 -0.0386488012418552 -0.0892327412594846 0.0127872111189265
0.163543382941901 -0.0127204135789629 -0.347869524953205 -0.13111254594552
0.0583711340303165 0.0675906188869512 0.385589985439469 0.114357288623698
0.0729572244619706 0.0189172574462684 0.17229190978561 -0.0588681586886345
0.0420521378104201 -0.0622181947024439 -0.0147166580446863 0.0516435175504774
-0.0450860848447515 -0.0790812005565692 0.0440331863984456 0.132435217095914
-0.0724848489264679 -0.00586803572874574 0.190976997383333 0.122339660672988
-0.0554953549030919 0.0373826064294072 0.297491704701221 -0.0138167522882012
-0.0280516160322651 0.0692155062226013 0.297409999387657 -0.149437842943881
-0.0266155599164723 0.0749316062230922 0.281743857719979 -0.190733731820395
-0.0359448945655527 0.0701318744701888 0.297707236648548 -0.166221609392149
-0.0651638561008797 0.0347905521667493 0.291104500212869 -0.0505949111168444
-0.0814071010185976 -0.0143890335303031 0.207941069324606 0.0636091444142622
-0.0368324652092225 -0.102887715047257 0.0894462034020014 0.0347873407629879
0.0703774978555954 -0.0666045426671103 0.138790828697414 -0.0303895136386832
0.0700176781287946 0.044082027647386 0.367486653083849 0.0127185495717969
0.0220869480621755 0.0772178856906042 0.55502526224883 0.328212162554557
0.239757709515304 0.113104050429453 0.332882467463165 0.116501811184198
0.230727081878113 -0.008051498727879 0.158731910335494 -0.0383208353848902
0.127794789331842 -0.187938674757368 0.00545663342827935 0.0613568683950717
-0.0779369956204374 -0.233168649318125 0.0449960916065917 0.128027316388875
-0.177325572080062 -0.0865020217317923 0.168930331061639 0.113396773687374
-0.175502161296023 0.0297944622175835 0.265051017576761 -0.00050346975726287
-0.146881331902113 0.132591533458831 0.258635273464937 -0.116646085318738
-0.132769696733815 0.158300885166679 0.244046872067396 -0.147906481949901
-0.155975676565506 0.144721309396564 0.251542494009786 -0.133873421029082
-0.207505840666911 0.0385986625779012 0.243054819432497 -0.0312495845054962
-0.204727609914095 -0.0870925393970184 0.16178549407092 0.0600486684496596
-0.101071249846588 -0.27897119896783 0.0626729931363034 0.0135848113074737
0.155462109097028 -0.240936458794877 0.143315443537337 -0.0550125137643791
0.273124827967503 -0.0040654177396574 0.353076465262739 -0.0343856468478273
0.2552526661913 0.139517851213849 0.511545624600583 0.24753607709471
0.398852434185919 0.148617025588982 0.226569030925722 0.0793366749788968
0.381291417552613 -0.0400681536235682 0.107305795193858 -0.0219433660833579
0.210336323581935 -0.309736366599555 0.0207720052851539 0.0778552089940022
-0.107394025255422 -0.378856745002104 0.0513912121361253 0.11738389083002
-0.270144750215108 -0.165474402541201 0.133534417715611 0.0853581437873833
-0.280296053443029 0.0138757714397895 0.197942892197934 0.00714993979560153
-0.248221342940486 0.174822500581453 0.179753362606132 -0.0705151704698559
-0.219032933696676 0.218635499736741 0.169101759917875 -0.0820352891033286
-0.247964440348457 0.201445754014648 0.169315579335184 -0.0786057557707373
-0.317103231790237 0.0453535791077511 0.157349002294121 -0.00356472708519975
-0.30640141767347 -0.136474491522525 0.087240653644655 0.0497600305651755
-0.171377430823221 -0.411775231676215 0.0213432734657516 -0.0125577242489236
0.198012038655061 -0.394145089024551 0.1275652793046 -0.0785293157394881
0.427922163864843 -0.073607977868534 0.293745065371429 -0.071289456818643
0.449626762847775 0.16721126161276 0.396393015414946 0.146152647679213
0.509461501331444 0.162659755612219 0.0718533368743613 0.00763275296755101
0.498338359857298 -0.0799861225142224 0.0130079459441158 -0.00918942521603586
0.26879842412147 -0.414900909950395 0.0229484288913031 0.0962750727392868
-0.136830290182599 -0.49072095965484 0.0542985858998009 0.0947917209721593
-0.338326328187288 -0.223370434128473 0.0793423476471134 0.0399247008178857
-0.351380131556712 -0.00356179303097471 0.0968721953925328 0.00931225511524978
-0.316522062480628 0.191955913786109 0.0691735841180379 -0.0149810420804889
-0.273014417534431 0.246275077253576 0.0680956647118658 -0.00417692312686963
-0.300133023757691 0.22744596502623 0.0632533985229512 -0.00897408939296446
-0.374204172030164 0.0469797174156722 0.0476364101479961 0.0311952513351424
-0.361021031748784 -0.161328816166416 -0.00756846722871117 0.0389576991710153
-0.221564994650987 -0.475935530508407 -0.030776012162415 -0.0372737517764042
0.199786033722158 -0.483559869230931 0.0941291715252507 -0.0929413405657337
0.504222360269961 -0.13416989205077 0.198312718098644 -0.0857353050095529
0.565782037535701 0.160875805994342 0.222531866194497 0.0467553540408239
0.548694623776018 0.148098744722142 -0.114963445494356 -0.0859422141976146
0.541100539517852 -0.116115565405723 -0.114983542388077 -0.00303486085959177
0.285375363475555 -0.462853474195844 0.00594590547360047 0.104987771714154
-0.149931233193149 -0.525221441064531 0.0414518634637955 0.0574583456138112
-0.355267519841845 -0.243636582784633 0.00369655988277045 -0.0133416968483881
-0.367126944911976 -0.0170409659793326 -0.0277146431395576 0.0101088670192497
-0.335822583155628 0.182267635880491 -0.0569821739952452 0.0422366838703393
-0.284847516717957 0.235293988898053 -0.0433069881823657 0.0744017952801384
-0.305384465761562 0.21526496464557 -0.0485676990508269 0.0633036970617337
-0.369810724505613 0.0362802855818694 -0.0680064381403749 0.066055528771471
-0.349563581947443 -0.165216317379362 -0.10386936001894 0.0259068003264763
-0.216974396127705 -0.458075060656456 -0.0798383379971742 -0.0599143674673869
0.177819381938821 -0.476099111515291 0.0562661949807406 -0.0955362587800002
0.49141500582812 -0.152738326008398 0.0917566864435372 -0.072663192880638
0.579912580113263 0.134552518010433 0.0293978611823096 -0.0360092329511729
0.499082403101007 0.10427056946168 -0.302271839222844 -0.1827584556298
0.483446113354735 -0.130108161925862 -0.249175827137952 -0.00433998040482027
0.244446027543489 -0.420885342194476 -0.0261054340686123 0.0957203307070699
-0.134729056171177 -0.45695029592503 0.0125917448829275 0.0126478334879486
-0.303092450041064 -0.215072083759185 -0.0780925775435098 -0.0609436032237946
-0.318561295929866 -0.0255854260110735 -0.152070534626641 0.0113683604512269
-0.299486652970508 0.146829472919479 -0.175740503486234 0.095422169102366
-0.253601942843148 0.188969463209624 -0.147818075342201 0.142108885222711
-0.267753167945523 0.167690166862189 -0.149887147285086 0.122803554700318
-0.310275668470392 0.0113260097581666 -0.167969995240927 0.0868323355231694
-0.274229521658658 -0.153658543478416 -0.179456189479024 0.00348002811559949
-0.156360393446 -0.368251569644635 -0.108028050344797 -0.0814675535739832
0.145799059351615 -0.375257529172681 0.0266460035685772 -0.0920945615755821
0.398787855487408 -0.126296101776622 0.00200023582854987 -0.0440603303109394
0.498823660054448 0.0958253433708873 -0.145784779757039 -0.095527607426951
0.36770105327608 0.0399342495960876 -0.456920731763575 -0.263859200804454
0.333820006134835 -0.118902161292666 -0.360018292353798 -0.011415589263126
0.156176725719112 -0.294793209784466 -0.065783892168532 0.0754623386859975
-0.0903601942451344 -0.297142254707107 -0.0234254397471183 -0.0238793874585303
-0.191750891918201 -0.14659890995093 -0.143328108839136 -0.0895822340939469
-0.211818039988816 -0.0297356222036306 -0.248489967425937 0.01470359218463
-0.213649231800724 0.0861916546671655 -0.266389227715991 0.135217061912901
-0.18431357022893 0.114833614332231 -0.231178190967157 0.188234302715231
-0.194957651211361 0.0950621838745264 -0.229399173805417 0.158741227924942
-0.210382267469674 -0.0172109135996473 -0.239546872158621 0.0839199542991122
-0.163139991661215 -0.124355498179341 -0.220218095473245 -0.0316172919866913
-0.0706231255967626 -0.23286094416112 -0.107451034612806 -0.103189784987009
0.101921004301926 -0.222932336881758 0.0117217330890707 -0.0850347051777832
0.256744597045348 -0.0774405537151576 -0.0577329660025397 -0.0137558019244155
0.349817018451667 0.0482956099041573 -0.275542590340503 -0.130529400386133
0.173104198969024 -0.0301429169011185 -0.55008577989126 -0.313916795798124
0.125124769770304 -0.0864103970692776 -0.429524588713574 -0.0155604851385571
0.0401064115012751 -0.122379237686197 -0.103983522084115 0.0586426763104615
-0.0350823602671962 -0.0925044520314297 -0.0530207643469711 -0.0386850906185532
-0.049354048052584 -0.0568662007622738 -0.177404975991335 -0.0929262219655518
-0.0707658736275501 -0.0314533607677894 -0.299190886514815 0.0211020024982775
-0.0940050945725935 0.0103479580540396 -0.311812538583771 0.15691423081766
-0.0868918468537919 0.0221979033269716 -0.278479601833364 0.205845895929906
-0.0956419490431862 0.0120546299294961 -0.276570821233369 0.167750854574159
-0.088410828673441 -0.0373305121902564 -0.277043405052936 0.0600754291569616
-0.0467744576875458 -0.0754517020616342 -0.225755130907047 -0.0718459162774868
0.000504777538300387 -0.0806692688455083 -0.0859273019443058 -0.119740919212477
0.0385597873678843 -0.0701729104514537 0.0053330191642838 -0.0764146505638374
0.0970594242313484 -0.0379796129954279 -0.0903221903849807 0.00984346267509623
0.163486616730994 -0.00850034658841209 -0.348531564595419 -0.140404010585115
0.0569578524186196 0.0722708353531108 0.406293173053126 0.127429683968282
0.0755682731766138 0.0229540286733211 0.181686614986322 -0.0570883811482363
0.0457274417828757 -0.0630575049145186 -0.0151610884408318 0.0531907364966577
-0.045051257754153 -0.083061144939519 0.043387645193773 0.137638010533474
-0.075922508300695 -0.00724824700310224 0.198214107815338 0.130287993542349
-0.0586754732087239 0.0387925328314794 0.310318387749642 -0.00908745583486005
-0.0309319778264341 0.0707691582827478 0.311648056264575 -0.150644680090789
-0.0283751153837031 0.0773903342874218 0.299354586116262 -0.196484646188941
-0.0390364158262061 0.0717136627132791 0.314449396177779 -0.168968547995065
-0.0692441117241478 0.0347891576991008 0.305634445681845 -0.047269907651313
-0.0834413284953897 -0.0164250981989761 0.215690760462487 0.0695554964471005
-0.0371864251484604 -0.108406042889474 0.0922235768163106 0.0378816550812836
0.0749896005049444 -0.0693508699518906 0.145699352087627 -0.0294648467549275
0.0734000785940074 0.0485563173609036 0.383398951574298 0.0199668771032646
0.0210932166118154 0.0811890144877741 0.57469914224755 0.352678068730223
0.246024484337141 0.121903995334376 0.35179195965302 0.127696065525675
0.241579188861233 -0.00227024759499295 0.167298688093122 -0.0363001533711886
0.136898324984059 -0.192640287143526 0.00618259874966935 0.0632050259185434
-0.0785920528015602 -0.244578545567525 0.0453799903694915 0.133679581736731
-0.184218365170211 -0.0935845901250732 0.174164485483529 0.121186282037771
-0.184770627317821 0.0289231501482067 0.276294348181311 0.00402686664440128
-0.154670497893345 0.135671280216705 0.272129556456271 -0.116677707098007
-0.139309966777625 0.163290349914166 0.259011998059322 -0.1526678542228
-0.165016597039939 0.148352049250094 0.26555665274259 -0.134600764701969
-0.218586750965849 0.0372467269420943 0.255867401775687 -0.027758497725367
-0.211675495201131 -0.0946715928977273 0.167948890766832 0.0647846972482698
-0.101424836063542 -0.293783414118207 0.0644435635400869 0.0145265970368956
0.165914101432275 -0.249777943240233 0.152682208900289 -0.0559417622307609
0.286142204911247 0.00236914630115994 0.370447046495082 -0.0288861433832809
0.262976615507813 0.150258037547781 0.532502694553544 0.269615344925544
0.411127951028313 0.162290571377678 0.24168617051105 0.0869760232712267
0.399978283572595 -0.0334324062043431 0.114429488753809 -0.0200713313777245
0.223430915221066 -0.319270819957895 0.0221080653450317 0.0811183472584676
-0.107966877624038 -0.397596657244139 0.0524967600097826 0.12332471914319
-0.281239690549156 -0.177646946067303 0.138462545856025 0.091729174006202
-0.294709116146092 0.010768264467995 0.205767376740877 0.00978333542347718
-0.26126312109701 0.178128276877331 0.189810432031332 -0.0686190238568197
-0.230667579616279 0.225457903452137 0.179249824956181 -0.0838805118587599
-0.260791810367288 0.20608522922511 0.177749631111538 -0.0780564970998432
-0.332378562181136 0.0429874124070912 0.165871662339584 -0.000423970722483635
-0.318647476633895 -0.147280427439147 0.0904242932905513 0.0537827587200235
-0.173616878778075 -0.433054038154526 0.021413814854216 -0.014306700819111
0.212747773641357 -0.408910642477087 0.137334199506399 -0.0814790492298437
0.450248652900173 -0.0652683654451933 0.309221055454181 -0.070699190218648
0.46535098638064 0.18217250035702 0.411419243864572 0.161086708986914
0.526162273186952 0.178059026246948 0.0798581928729148 0.00863513897261618
0.525822435249867 -0.0742396141728246 0.0156752529527457 -0.0101446500987034
0.285177135608408 -0.429294282965382 0.0234704684190422 0.100585327220233
-0.137783411814113 -0.515133913283926 0.0556494449600201 0.100782536726712
-0.352822104560059 -0.239182323207902 0.0823713708960717 0.0437075770962925
-0.369628432472536 -0.00842890267868347 0.0998801837013286 0.0102816326860806
-0.33271460796834 0.196382654745142 0.0744099342265035 -0.0122117151261926
-0.285844103751843 0.254413537583659 0.0720597404061834 -0.00290695800051687
-0.315268548340878 0.23259333624239 0.0653274969860782 -0.00666629101307837
-0.393004691256019 0.0442897718449711 0.0504168682492794 0.0345881524230112
-0.375947489661789 -0.172868397736441 -0.00766736046316589 0.0410042753531413
-0.224790097110713 -0.501845329233858 -0.0336601234331648 -0.0411484614657621
0.215283459625626 -0.503599598967183 0.10295039524651 -0.0976116171645768
0.531390007188367 -0.128381027061039 0.208988132864771 -0.0875318098421584
0.585580452829379 0.179514942795932 0.231728532840133 0.0548059532315533
0.569840345908735 0.164647720490034 -0.115514720253931 -0.0923775022832899
0.571627744399214 -0.112452746499501 -0.119763117261348 -0.0059361932437507
0.302275597111816 -0.478780667033552 0.0055266668427103 0.109416862601448
-0.153296710877107 -0.552989517394604 0.0429604629673394 0.0618589975001918
-0.370174915914895 -0.261092576421848 0.00407558777138296 -0.0136080339491904
-0.386110696441027 -0.0234707279100182 -0.0293185439904252 0.00846449178657581
-0.353292877413152 0.186116174707675 -0.0578534306325796 0.0464103564584606
-0.298128047434037 0.242791282580906 -0.0458443468589309 0.0783626494367042
-0.320461563178709 0.220722803256434 -0.0529445323262511 0.0667771200479516
-0.388438554646972 0.0328453578394598 -0.0706523461263039 0.0686033572671331
-0.363742431520463 -0.177282380565559 -0.108069605729089 0.0259352271283324
-0.220175419670353 -0.482656553580768 -0.0848421236955571 -0.0660989504408353
0.191816820004781 -0.495309213577267 0.0627242576244396 -0.101332405185478
0.517483092458563 -0.1484461633906 0.0970329593515359 -0.0760942690008345
0.603024168562932 0.150671977192507 0.0297453223392557 -0.0352955616383488
0.520920643519914 0.117885624967987 -0.311404227046269 -0.197476735760788
0.511785156255944 -0.128724312997944 -0.261023391365282 -0.00981194937860084
0.260671222812133 -0.436252243670623 -0.0282829815249673 0.10044303223498
-0.138617267380269 -0.480291727229388 0.0136654289012356 0.015019144272112
-0.316393784421558 -0.230884082856926 -0.0801160369826349 -0.0645952846390194
-0.334873257773159 -0.031614754878047 -0.159143689468899 0.00774093325872899
-0.313728107106751 0.1491549652313 -0.183624085512128 0.0996325742866532
-0.265535865031564 0.195972301039644 -0.156813062474203 0.147779008135153
-0.28087446627596 0.171984192886996 -0.160473921594991 0.126443240395629
-0.3247444301991 0.00709290606582594 -0.176560862526889 0.0884919395594025
-0.285517591896272 -0.163785298592986 -0.186744097234632 0.000710056177625759
-0.158027075306374 -0.386570688062991 -0.113097873079631 -0.089432398593378
0.156403432865211 -0.389363262070409 0.0313412415241294 -0.0977784154433369
0.418671232004541 -0.123768257589927 0.00239350191637229 -0.0472741988828384
0.517930918935207 0.108937167095967 -0.153167485137924 -0.100547503258427
0.385267528077266 0.0480138311043921 -0.473020419215193 -0.285007208353009
0.352425438752747 -0.119806283141604 -0.377850572013501 -0.0196428517521892
0.166448455690592 -0.307365360994129 -0.0701636098329183 0.0785343887962088
-0.0937593681316274 -0.312951695311885 -0.0234352031545865 -0.0236327132503957
-0.200219113381061 -0.157362722617269 -0.149027327753842 -0.095756302767441
-0.223023827928869 -0.0347122985125486 -0.260641619205622 0.0105114729778369
-0.223343554383555 0.0874548740463138 -0.278814190833926 0.139372718152514
-0.192991921557719 0.1180581317283 -0.245230883928364 0.194665368379547
-0.203451357389197 0.0968422862260215 -0.243894650349777 0.162073850597651
-0.219758111770382 -0.0204067192614436 -0.251251417539162 0.0835287836969222
-0.169752607419487 -0.131431469661889 -0.228060010953036 -0.0362837468228599
-0.0710831484198094 -0.243557528008492 -0.110853669894343 -0.111458015924405
0.107857874495568 -0.23085796164009 0.0149559385698018 -0.0903963485077436
0.268927662983968 -0.0760861622489256 -0.0602250766165375 -0.0169132299119052
0.362908682716567 0.0572394263440322 -0.288813550811734 -0.139688395357722
0.183611796338073 -0.0281850555925873 -0.572253388508111 -0.338778174576659
0.133765735516413 -0.0892196463977554 -0.451889220895406 -0.0255005530538489
0.0424457375407375 -0.128524855362643 -0.109633711659253 0.0602536753594196
-0.0377327225575773 -0.0970888642943347 -0.0540356432995727 -0.0408015332741303
-0.0516637148584984 -0.0607799750670586 -0.18441046561866 -0.1010103693565
-0.074764489459316 -0.0346993606272896 -0.313632718349294 0.0164945971471707
-0.0977535899064748 0.00988027332037954 -0.328288966695547 0.160864935094253
-0.0905861455913758 0.0231253813965424 -0.295692311968017 0.212999942175006
-0.0990332424967067 0.0127267380222524 -0.293391941619169 0.169826120210805
-0.0917261645102951 -0.038923150332431 -0.290743311314515 0.0571725403961002
-0.0493076746450395 -0.0781809834224567 -0.23289498670617 -0.0788214377056246
0.000804063061794591 -0.0836846677119646 -0.0866921252277095 -0.127056842089441
0.0397475697173826 -0.0722711549787211 0.00709170340334886 -0.0804226122806277
0.101226116641962 -0.0389157490942037 -0.0946186192526139 0.00768093702867974
0.170619606040406 -0.00592829716326761 -0.36679297595049 -0.151261979518785
0.0597210018095496 0.0768899642582012 0.441088327985196 0.127445819433037
0.0816266328483719 0.0253426051362173 0.194111437372064 -0.0636278273165183
0.0485045702291783 -0.0675433877589321 -0.014759379059475 0.0558486619285161
-0.0491811863210881 -0.0876386977566764 0.0488981167574302 0.144529509496506
-0.0814998211786001 -0.00572756970310316 0.214380998315467 0.1357051089483
-0.0616536438360142 0.0436554110862045 0.331273968143002 -0.0159957114257049
-0.0318805345450946 0.0762473221950421 0.329080501921369 -0.168452318735685
-0.0283143482294454 0.0831190667284451 0.317095988707112 -0.218500781097948
-0.0406604470940082 0.0768248910937216 0.332879158495674 -0.186576985773541
-0.0740693547065619 0.0376643690473355 0.32561728648631 -0.0560490249371249
-0.0883957880124686 -0.0166640658869276 0.231633884091458 0.0695596820649371
-0.0420980368181908 -0.115595947590234 0.0987324102499754 0.0388265024950747
0.079044098994199 -0.0760136099962706 0.155295651412217 -0.0337622130439828
0.0802336521478304 0.0519757348874954 0.411302017382047 0.0148291099612115
0.0232646918484135 0.0862118260015689 0.625346535874306 0.364981600788436
0.262418522732513 0.125497770532275 0.383460524510032 0.128378290301021
0.258936857173376 -0.00574924796881833 0.179873572221011 -0.0414594224060297
0.141931929757103 -0.207328429255978 0.00862717808639134 0.0663427132256337
-0.0897650830246485 -0.259210079277832 0.0507328621603656 0.141080480974624
-0.200565009276087 -0.0958382378591331 0.189235541696158 0.126215150379273
-0.19757429393063 0.0366075635500073 0.294168934973676 -0.00141524002041826
-0.161718695618214 0.148004052536361 0.28821465690975 -0.129698004948275
-0.143855018606475 0.177766708910522 0.275426757078955 -0.1702595400324
-0.172749025618314 0.16167632207791 0.2813845868237 -0.148577607750116
-0.233687542054334 0.0442719187933856 0.273724806382145 -0.0341569860083437
-0.228332393771852 -0.0965594137069762 0.180432417992882 0.0660362949129573
-0.115593796662547 -0.312330299521716 0.0676960233621565 0.0132930637863422
0.171339545605457 -0.271219830105394 0.162886719979386 -0.0636463619333753
0.3084385309211 -0.00136424677617966 0.395312226007327 -0.0386178958548539
0.283395481166092 0.156126718620149 0.575932945455372 0.276632808727045
0.440070950929711 0.16439354618041 0.264501092383586 0.0869913118046675
0.427536024284697 -0.0427382207176443 0.123942549740117 -0.0239878284248963
0.229206527166145 -0.34434265278433 0.0264428331602372 0.0849582182461777
-0.127082022116805 -0.420977282721738 0.0591285529512777 0.1307524928265
-0.306741944736251 -0.183295794726062 0.149766379871019 0.0957678388302711
-0.316134731740081 0.0192650210137898 0.218986189626787 0.00620257060652931
-0.275059576881081 0.196118988930705 0.203063271316033 -0.0755965105311918
-0.238555814289627 0.24708378627486 0.191594386505101 -0.0944398224036279
-0.273777222628883 0.226340611265518 0.187931211739967 -0.085569639390501
-0.356301668538544 0.053051453903975 0.178553660113554 -0.00294683425786084
-0.343385237401098 -0.149713122302817 0.0977432120210332 0.0559101138671362
-0.196380333196701 -0.459247785900793 0.020356874080043 -0.0170590582717485
0.216402172419256 -0.441412867122152 0.147381294997169 -0.0920157735255479
0.482046859587847 -0.0784257179945668 0.328786119937241 -0.083169005127001
0.499739915665082 0.185677360741525 0.444393961865279 0.164531722951925
0.564880214996684 0.177301653673783 0.0900166375566809 0.00729167071769687
0.559258886630599 -0.0893641201830735 0.017715084643226 -0.0108238986789785
0.292150855598785 -0.464083953775898 0.0291731006432518 0.106978760679688
-0.164789392042452 -0.546262050446041 0.0627316456821797 0.107766207575408
-0.385537362410045 -0.246843125798831 0.0891687869924497 0.0461802065342383
-0.397810410916376 0.0015902563516726 0.106262704679542 0.00815415768499474
-0.350331915635527 0.217298683664723 0.0809555616141338 -0.0117104571880071
-0.296861068655879 0.279343958875696 0.0784994483818209 -0.00492835460846111
-0.329415597409906 0.255444591593214 0.0689126703637995 -0.00628114926888167
-0.420927431462462 0.0561329826974974 0.0561236431979454 0.0368730115047127
-0.406783715305978 -0.175834733965667 -0.00707554264538331 0.0447269580634517
-0.253704867966316 -0.531491752883289 -0.0391977909206086 -0.0446824742591138
0.215044651480963 -0.543282946652979 0.110359498423041 -0.109080428041413
0.566803524632554 -0.146296066442454 0.221234288963323 -0.0990887339671372
0.628148771240199 0.17942006436142 0.248113065678732 0.0551158678269779
0.611394340545869 0.162955651191049 -0.122319407897711 -0.0974399915436149
0.611141503370795 -0.132056618057356 -0.127660954423005 -0.00431811684240187
0.309748441256186 -0.518775796792076 0.0100469742587906 0.11729795726464
-0.181431237180892 -0.587896541973927 0.0488761905410585 0.0675532718188991
-0.40613441461044 -0.270686881390234 0.00504523975409749 -0.0135187618842953
-0.417736810896374 -0.0153706634801523 -0.0321992953028167 0.00892907601544333
-0.371519352533666 0.207261107387227 -0.0581252947554492 0.0539290159323386
-0.310249777028735 0.268571166183588 -0.0461074533649347 0.0863113242925501
-0.336177713489962 0.24338446741143 -0.0563475674582749 0.0745957426459708
-0.415492333929934 0.0442174561235345 -0.0723288252997397 0.0754587709020196
-0.394163238492109 -0.180961646337307 -0.114352948192946 0.0304631848487144
-0.247348169198947 -0.51124971867342 -0.0945286997461642 -0.0701808816766304
0.191088997491089 -0.532821371889761 0.0673682451487277 -0.113353653968468
0.5507439602824 -0.167660361957812 0.101269317603517 -0.0850271889415154
0.64419880098947 0.150071608614291 0.0297778994565087 -0.0359530937470138
0.560383397214264 0.113271062219951 -0.336047575514308 -0.204798683849778
0.548002719527667 -0.149140108311937 -0.280597851033702 -0.00585569610611556
0.267294468898313 -0.473347777421124 -0.0264308954429692 0.108579828453714
-0.162983646468746 -0.511746925717118 0.0164856666621841 0.0180706438234487
-0.348203661663822 -0.239928242453444 -0.0869334377409741 -0.0664817407276803
-0.362069637617993 -0.0249675038899781 -0.170954079723597 0.0108454645528466
-0.331323522316725 0.166693252957167 -0.191118379193203 0.113318631186347
-0.276972329302789 0.217358846923864 -0.164049787640568 0.163713894409019
-0.29475945481865 0.19027719619437 -0.170401116365304 0.140823967885957
-0.347823087689429 0.0156758752805057 -0.185397707429322 0.0982962163801972
-0.31044547064781 -0.167784151506704 -0.198209137336168 0.00558973690266557
-0.17982715779085 -0.409822845652611 -0.124319257442784 -0.0944515285721248
0.155053935762104 -0.418210740628402 0.0334551674673438 -0.108413036773163
0.445908772262931 -0.138456884456266 0.000638782035126836 -0.0531685211220814
0.554517054038798 0.105747153896512 -0.168895277205837 -0.102187665710069
0.414540338276107 0.0429539654760578 -0.513584958236747 -0.29538815988241
0.378294079136388 -0.136773996230814 -0.4069110942104 -0.0137284702650792
0.168500196513615 -0.33277597023384 -0.0719506482735567 0.0863092430474588
-0.111295398146097 -0.332728202950939 -0.0235999769509767 -0.0234690783359799
-0.219623518416833 -0.164441172898553 -0.160789346013843 -0.0990645904199135
-0.242402220647337 -0.0321102303767873 -0.279184096867937 0.0157926591437755
-0.236324600747164 0.0986263146765459 -0.293548897555808 0.156805155018047
-0.201652116264345 0.132991761675297 -0.257216003543242 0.216355959307634
-0.213585339298307 0.108751428907611 -0.259447072906525 0.179564495464224
-0.235416356192545 -0.0158487663898531 -0.266107866867517 0.0943443567178471
-0.186076301639255 -0.135281559486432 -0.24351827101719 -0.0343755195040583
-0.082502500559097 -0.258281330049595 -0.121902068685115 -0.118028107788928
0.106976974265909 -0.248313765692244 0.015522439926878 -0.099414406069868
0.285329262528396 -0.0856991142489036 -0.0647554521688268 -0.0188810417993483
0.387877073841548 0.0538221823492388 -0.31549821983611 -0.141779098846404
0.197711484340662 -0.034081451557474 -0.620377016228703 -0.351846409462349
0.143015690191185 -0.0994126366631625 -0.486697915236844 -0.0183542616294882
0.0412719514619904 -0.139414595535055 -0.115310067108816 0.0671433074064336
-0.0452453121356613 -0.103285521713956 -0.0575238937260493 -0.04203679401887
-0.0575610218444685 -0.0647021930729155 -0.199481791834153 -0.103913825525635
-0.0825340699022757 -0.0355469598159755 -0.335337480292828 0.0236553616197835
-0.103728424113425 0.0133362506386355 -0.346874751174256 0.180255025679496
-0.0953298732892063 0.0283582224068608 -0.311089578616576 0.237795397031085
-0.10429765170092 0.017339954707932 -0.311007660410016 0.187794629599312
-0.0988602121426796 -0.0386217611556466 -0.308959016123842 0.0674716564963505
-0.0553818606193168 -0.0810751540871233 -0.249344850606206 -0.0793685898745578
-0.00195737509568143 -0.0891376267353089 -0.0959850931244041 -0.134442415316218
0.0393030472798255 -0.0775328220673013 0.00627474724334162 -0.0872024768991172
0.105839803745801 -0.0441763327295567 -0.100472180780024 0.00853323040625461
0.181701784226788 -0.0093428955725275 -0.397917048582611 -0.152114291693805
0.0538809633844312 0.0848560214914522 0.440720194857952 0.20784689494183
0.0787383630561671 0.0386687245899435 0.21752651035596 -0.0339380978172843
0.0634432395538938 -0.058950400007398 -0.0207983444470096 0.051667721567463
-0.0318391197810371 -0.0973372945916567 0.0262107122490992 0.152382074961384
-0.0787392049762822 -0.0239905987337562 0.199514973122693 0.176196065740273
-0.0697800351666161 0.0312540358200516 0.349167067356643 0.036536256504165
-0.0452329717390494 0.0720514441577703 0.373053356212769 -0.123975610835597
-0.0445618801650498 0.0777445968541227 0.371362634031031 -0.182007003924039
-0.0564947331962105 0.0724954056672162 0.382215726295022 -0.147713555196165
-0.0828868913628625 0.0248733776808606 0.353316115333639 -0.0106040385738254
-0.0864199767591 -0.0351552939145241 0.234122092929476 0.109131136349139
-0.0237907873864779 -0.128031636607773 0.101423207609871 0.0623880784821431
0.100872357954922 -0.0633744444820233 0.165804777248292 -0.0092081121827546
0.081555928149826 0.0741847684828895 0.42081349427745 0.0809623518977735
0.0144210961903476 0.100723660871231 0.594240650575827 0.491923678779073
0.25120804976256 0.171650381606223 0.388956636958627 0.202833042136747
0.265647002135559 0.0373542068525054 0.204602294584875 -0.0136627872576817
0.182391287095965 -0.185217158764185 0.00824753880266926 0.057701187317077
-0.0470137138879923 -0.278073895838747 0.0312116971919925 0.137481390666025
-0.186972806133876 -0.135812476978489 0.166937258090035 0.159374262940149
-0.210176110669088 0.00104770186198546 0.303922257570854 0.0451203147840192
-0.191541870769361 0.124803275793159 0.318975216958336 -0.0900987934750374
-0.182731756950247 0.154568893977681 0.319518608370733 -0.135990688234932
-0.209747619003419 0.136597446177339 0.323147323332259 -0.116984004863042
-0.252050034518307 0.00279431579558376 0.298661480819646 0.00169888899282408
-0.218713698213217 -0.147752362297456 0.186825662414511 0.101357261878335
-0.0685006242694872 -0.348194138980348 0.0805690279042951 0.0400509636716753
0.237420343415434 -0.249183607707749 0.17621571399846 -0.0357690303056336
0.332700386476296 0.0622821550577803 0.402121276997039 0.023543290628727
0.280357520913288 0.226713096418011 0.545170057120079 0.38004748281244
0.423956524293584 0.244119749516663 0.279232294021785 0.143288285363085
0.445430956978667 0.0280570988139785 0.148316495451324 -0.00520720904024241
0.295911304309197 -0.308980059864702 0.0301601024505701 0.071904058541722
-0.0621083938569815 -0.448407888276301 0.0442042279901862 0.116971611389922
-0.283318257584142 -0.244174204415927 0.124283396333772 0.11796193389418
-0.33279430044713 -0.0365589372309324 0.2210158187117 0.039708584276978
-0.315946798181389 0.156352774369078 0.216763443814596 -0.0473537070978689
-0.294960968471393 0.209967373007277 0.217828384698821 -0.0686546569685166
-0.325466599071773 0.184931798320946 0.213340763325412 -0.0668605468638913
-0.38343057993832 -0.00914733416329483 0.196127562741686 0.0180567296013029
-0.330673972569886 -0.227879132792423 0.106474568357451 0.0808493815519846
-0.129081186947197 -0.519543502902192 0.0429125062745407 0.00744969792816287
0.320035252926015 -0.419407960350272 0.162742420311124 -0.0656885484044843
0.529647368966653 0.0138805815139875 0.33091308563328 -0.0307991483132395
0.506067416624971 0.301037578999966 0.415574227541135 0.233259849328666
0.546880929285708 0.283199635232502 0.115986356552151 0.0334467682258463
0.589722872328143 0.00296237763923052 0.0385265781128062 -0.0100301495662709
0.381342324368669 -0.420809400772352 0.0337286690567965 0.0877784921321614
-0.0818817205416052 -0.582154770836917 0.052752507416987 0.0851889881035933
-0.354998616451005 -0.323812101921499 0.063227495354746 0.0527040802026272
-0.415728639274421 -0.0692382671342558 0.100416170236943 0.0232207562305709
-0.397963021173524 0.16619772020336 0.0758183719159361 -0.000435847019220566
-0.361845003178626 0.233551105001062 0.0839050744117615 0.00829223384463041
-0.389230115969989 0.207285544009136 0.0757399960607396 -0.00204929196981817
-0.452327598720463 -0.0168032893200009 0.0619537457946419 0.039582910610308
-0.392647282779366 -0.268012647813367 0.000577166758385851 0.0542792270325214
-0.177483517179623 -0.60499993558724 -0.0102571922092261 -0.0290746860081023
0.337348075709093 -0.524775714472801 0.127280421921447 -0.0874358185954171
0.630092131646865 -0.0414833310995964 0.218251340688483 -0.0637048711487107
0.642842211714184 0.320551119334474 0.221732432549804 0.0807240700546339
0.594602608719789 0.278251651168071 -0.0851905624408994 -0.108940475545636
0.64937672907576 -0.0287223289879547 -0.113492782947923 -0.0275377354529294
0.409353955393189 -0.474499815064488 0.0135563446730296 0.0930198477853568
-0.0943004641401417 -0.6277752302014 0.0455001689642815 0.038349012569941
-0.37396814727242 -0.348901920568516 -0.0172630524902938 -0.0236445963630182
-0.434965653686234 -0.0882215808859011 -0.0468762691196896 0.00136074985511295
-0.418799328256862 0.152292862988747 -0.0827555375032815 0.046962681251505
-0.374264005468225 0.220519142946309 -0.0631231295130767 0.0850071310447462
-0.393070569917098 0.192224680442194 -0.0699407277640187 0.0651001535796312
-0.445572092346673 -0.028524516639873 -0.0796196502250645 0.0613313958202038
-0.380484359111625 -0.269926474737917 -0.10968107048729 0.023039755189915
-0.176186696738759 -0.582799077982813 -0.0643395743935124 -0.0653140744596902
0.308778699763193 -0.518600868600541 0.0831306650921318 -0.0990316143231117
0.613941407433507 -0.0699251927606153 0.0924978918350979 -0.0678487453211275
0.664082360806746 0.290618641104031 0.00519471976136179 -0.052566095665973
0.546964735428425 0.221207918377175 -0.290346483945173 -0.25861082498843
0.587758737815839 -0.055408683630361 -0.276471753331503 -0.053751365415765
0.357563199677854 -0.436989389859152 -0.0260606780930288 0.0808760525151235
-0.0888878305648665 -0.547074012561226 0.0188888477444033 -0.0138204157527889
-0.320740755164303 -0.306881666071292 -0.101606515979976 -0.0933707367324898
-0.376514431142869 -0.0875386940636511 -0.192191836238048 -0.0187303142380831
-0.370713026768282 0.11813756279109 -0.23146897374602 0.0888562150825521
-0.329403494948607 0.175079853238392 -0.199845002398957 0.148178359298656
-0.340199108371362 0.146027748398535 -0.2015599945354 0.118109081005434
-0.370217423813657 -0.0454932934079936 -0.203076900067921 0.0690702867515729
-0.294966681388358 -0.239077510582533 -0.196519127379952 -0.0173245011652785
-0.120704920987693 -0.46505029887971 -0.0975206959331509 -0.100242457849942
0.248152365320218 -0.406420063791068 0.0476086700344901 -0.102216370908567
0.496350600192019 -0.0586974002630825 -0.0120644875813982 -0.0527191794621598
0.572704052341964 0.225993185424618 -0.187624919659551 -0.15395698643264
0.406293604942368 0.123943799979805 -0.465421092008302 -0.38508503577232
0.410042715582995 -0.06940442871449 -0.413279197670475 -0.081958313726944
0.231746629121494 -0.309767614425365 -0.0770331208250427 0.0589800863506625
-0.064659975026449 -0.35736178894465 -0.0181221373128148 -0.0520206100266734
-0.202975634243163 -0.205841681078854 -0.166882192279445 -0.136905675509049
-0.251113141142862 -0.0726812231683909 -0.303596960170228 -0.0303986293714038
-0.260885018774362 0.0640195024996782 -0.342826734905777 0.118192662919741
-0.235020240925186 0.103224568591057 -0.30718013141077 0.188808521625644
-0.240982620041872 0.0751749888249306 -0.302407193598161 0.147061818868849
-0.24598648210647 -0.0576610711392818 -0.289289924160113 0.0544208323568851
-0.17103504689382 -0.180281763267896 -0.241816217634622 -0.067322855538578
-0.0445070941795263 -0.288535772112512 -0.0997802890054018 -0.130898717547844
0.162178834152911 -0.23710019130678 0.0287851999038458 -0.0985492107116521
0.315607704814476 -0.0351317116081542 -0.0783628737724935 -0.0290587466554788
0.403256420896521 0.136039856035115 -0.328019204172135 -0.215469650951944
0.195861576175643 0.0062153196315932 -0.576902307900178 -0.464330127014094
0.162923221379158 -0.0712053955975882 -0.504716217422887 -0.0997341590547145
0.0656982394984104 -0.134185441591752 -0.127056821583233 0.0434419951983984
-0.0335068035864564 -0.111448126234131 -0.0525087194228219 -0.0613986574644452
-0.0525950770906777 -0.0741989089500385 -0.197134006109198 -0.144488146161659
-0.083942916921084 -0.048359026339886 -0.359917787097981 -0.0296914091413202
-0.109605003688224 -0.00177438792936111 -0.398864898063307 0.135208764702799
-0.104415380933421 0.0149924453196065 -0.3680510065847 0.201309119200409
-0.109795607800638 0.000198391810097193 -0.359082507981158 0.149768537014425
-0.0985005586892514 -0.0567212031683511 -0.333678279844586 0.02093946717187
-0.0451451858395139 -0.0960032594158945 -0.246257665464713 -0.118959027922486
0.0112808528122124 -0.0953317836877498 -0.076298639002558 -0.151647576342887
0.0561911241424757 -0.0731057349967918 0.0190540649710041 -0.0896764723164652
0.117373429240593 -0.0269945284786417 -0.110950997810859 -0.0075404368827406
0.193362863919591 0.0256093718856565 -0.403077919859119 -0.234060243049053
0.0594073148138772 0.0821452574917464 0.46931866788624 0.171305191797811
0.0830986479077018 0.0353011796584746 0.219616533885559 -0.0522430290274604
0.0601712501158178 -0.0639334561076204 -0.0165549804394634 0.0542675629117542
-0.0396357624269237 -0.0961217942098643 0.0385794807611367 0.151477679005364
-0.0819927770281163 -0.0174831562480485 0.217089447941438 0.161593981566196
-0.0677834939336307 0.0387166748081614 0.35810128338363 0.00741046705202844
-0.0397419688484108 0.0772564832593592 0.367840842263925 -0.158055816438935
-0.0380656679507551 0.0821644967004813 0.360832461989522 -0.218570221182204
-0.0514494588220984 0.077792386870559 0.3757782257635 -0.183195593055637
-0.08284971835681 0.0315035395825013 0.358617496540369 -0.0406329430533751
-0.0900671110359099 -0.0289850601902043 0.246504198424208 0.0911405365161559
-0.0352638388833127 -0.127703788245218 0.107288640255936 0.0553185711124341
0.096563047046155 -0.0739295710987188 0.167797044715592 -0.0232462302961388
0.0900209145600762 0.0687780304448444 0.43383385700436 0.0481216671524461
0.0222497635108907 0.100780153594396 0.645602473862162 0.447974247397167
0.266579808623264 0.153068476067514 0.416776294935448 0.170114177610633
0.272692852061241 0.0172006028918697 0.208862013961992 -0.0312995804996818
0.168309160797987 -0.202236855624978 0.0136069600681649 0.0571735913512027
-0.072985891803406 -0.27762179961412 0.0433748227747711 0.135903824246887
-0.202536807410343 -0.121329665610297 0.182982988463103 0.147948252210335
-0.213717661501006 0.0204340166305576 0.312416893721444 0.0195751796823042
-0.183295612818784 0.143340070241991 0.31744763603466 -0.117908149952529
-0.169853075752766 0.173107738058701 0.312748189642428 -0.168077242818294
-0.200959412975657 0.157262658689215 0.318277880154244 -0.146596584410993
-0.256807799119096 0.0242362099900598 0.304894114783442 -0.0238982677394361
-0.234194762146261 -0.132072365580968 0.198678512375625 0.0873563956034138
-0.100107657946921 -0.347718075868214 0.0835326144005894 0.0337886370402975
0.218101929593401 -0.273804658774491 0.176851349254907 -0.0525126628125756
0.345282280036868 0.0357028443039154 0.40883573046642 -0.00995399970794607
0.301947083085256 0.206060601830469 0.587297536740235 0.33998782161231
0.448311369988375 0.211253925382481 0.300616410703306 0.119306073754693
0.454819764212537 -0.00862783702808268 0.151759545010678 -0.0175910857788018
0.270614914031421 -0.337443517602138 0.0378013977019575 0.0699957816174899
-0.104409190519262 -0.448500707403444 0.0557808946141329 0.114726705179043
-0.311000962514672 -0.222644535537716 0.137013684209386 0.110114113256776
-0.341467406909856 -0.00647543939132118 0.22740269087797 0.0213967655407138
-0.306776964684759 0.186681726754266 0.218336808322188 -0.064748199464682
-0.277404356062922 0.23936167379139 0.216556816279135 -0.0904241213168895
-0.313676647156015 0.21660264534166 0.212285493137312 -0.0853813741536457
-0.391169312817142 0.0251436569675505 0.202472448699201 0.00121498685790433
-0.35482170148012 -0.202361337011628 0.116326612017994 0.0736477923628663
-0.177458158624419 -0.515683601699959 0.0418739851170977 0.00365734283613199
0.284340207687557 -0.452625991292396 0.160642921250527 -0.0834729009889932
0.54147157939716 -0.029331827538312 0.331531454644336 -0.0609022345945135
0.537155917492233 0.261185993641408 0.440182981622579 0.202350178864571
0.576567872417588 0.241356608508864 0.124486435229546 0.0228401968345888
0.599349547539229 -0.0466391768006604 0.040109984023973 -0.0132540753330099
0.348021291900827 -0.45794100923705 0.0438219191536645 0.0850782722523095
-0.137791041516938 -0.58305956932123 0.0632883426978195 0.0820134057467027
-0.393330028043239 -0.295999929407411 0.0699082329235307 0.0497916576144819
-0.429314858228903 -0.0306789916914661 0.103369034561332 0.0148453081538413
-0.388439807358013 0.203694198616304 0.080879846907719 -0.00404804217479474
-0.34234443413826 0.269851040734123 0.0877212879000056 0.000932706106905841
-0.375942698796909 0.24453498769375 0.077694099951635 -0.0064431763715014
-0.461604185031507 0.0230861776127392 0.0681100799068829 0.0345057523704861
-0.422302849678301 -0.237782439176201 0.00710736642401524 0.0557300449745835
-0.235128323989329 -0.598947586211318 -0.0157756623579403 -0.0287226451064428
0.295162113083255 -0.560026047964258 0.123035473681869 -0.104089681850811
0.639663433434184 -0.0927593955105046 0.213587680062612 -0.0856276551012805
0.677438896100568 0.268888674380099 0.229925390751567 0.0648420189936308
0.625599402724739 0.23149066925367 -0.0932094684001121 -0.10365692408416
0.656985339358393 -0.0863992977437214 -0.117073162238241 -0.0169968962605073
0.371152985024101 -0.516434024198733 0.023974319107028 0.092026278153244
-0.156225912781289 -0.627414474658993 0.0517778143928493 0.0352300425939281
-0.414899444816086 -0.322151537082909 -0.0180163661671461 -0.0218460658577611
-0.451667145242999 -0.0483902174783735 -0.0478540184681242 0.00471069995955484
-0.411052891542185 0.191002851873803 -0.0761901516641262 0.0574780803326982
-0.35655578651601 0.257890346549501 -0.054738234795871 0.0921425073385956
-0.379969287415042 0.230747333796458 -0.064473937853014 0.0748028180821718
-0.455513514358786 0.0107394762273725 -0.0743895421260859 0.0684616239735368
-0.409309817252785 -0.241248049332753 -0.107551928833168 0.0336112076345789
-0.230740996540104 -0.575558720933816 -0.0742113090994579 -0.0615583090233684
0.266171817522305 -0.551700823725038 0.0769679631754771 -0.113033543508156
0.621385691112049 -0.119737325932933 0.0855508915370256 -0.0791760088366666
0.695866806800093 0.237551680292915 -0.00121562825857286 -0.0517141566932948
0.572931146117224 0.17822648152503 -0.316544761560669 -0.236479421180794
0.593711404626714 -0.107617937828449 -0.285520415057322 -0.0297323153905288
0.322914353243918 -0.473434782904973 -0.0179249035012118 0.08392978695813
-0.142827055308511 -0.54810224878134 0.0203548713197007 -0.0153385227883334
-0.356063638283065 -0.282386508632142 -0.110472610780251 -0.0854366103707338
-0.392812946233746 -0.0551626267085733 -0.197252572009584 -0.00302380676220084
-0.36549335235575 0.152584190464696 -0.223965355900577 0.112655528585016
-0.315306268180444 0.209123328543594 -0.188334093412572 0.169184506292071
-0.331568097447818 0.178188826842748 -0.193512901957895 0.140380821966717
-0.380150866699156 -0.013665808715075 -0.199224697933834 0.0870032583234461
-0.321103517734775 -0.216809586703205 -0.19933747854846 -8.90901123398105E-05
-0.165705114551117 -0.460399921928176 -0.109470852040925 -0.0940480418509897
0.213402345699445 -0.431088662186222 0.0403977782119712 -0.112404230461381
0.49957710373172 -0.0999399196882477 -0.0185110291587763 -0.0545775005725297
0.599505599366004 0.179761743887261 -0.206971233231922 -0.136942415641634
0.423576403482441 0.0917835440196774 -0.506212755991247 -0.350383609281643
0.412752923034582 -0.107405402384837 -0.429132543512492 -0.0475549061304224
0.205784241903933 -0.335194291634835 -0.0714325207543522 0.0655104352368298
-0.100269312032739 -0.356131590468658 -0.0209718607108712 -0.0513245625982433
-0.226811298829135 -0.191086143330393 -0.180632638863709 -0.124459576651055
-0.263469648750386 -0.0509788416851692 -0.312010826272356 -0.00465469238973044
-0.259440369754365 0.0883122122209768 -0.335876480508525 0.15242957215509
-0.226626409899397 0.126933207509609 -0.294980917345764 0.220347577221682
-0.236624007236123 0.0987246543076982 -0.294111993840414 0.177854790951622
-0.254776609080006 -0.0365814120512615 -0.289042826122881 0.0793453733970211
-0.189595332491991 -0.166830194277789 -0.249945851227376 -0.0472536687906716
-0.0720035781231822 -0.287855008068328 -0.11311088888768 -0.124717760162109
0.141966725361781 -0.252571276921941 0.0209205182046436 -0.105933034981597
0.317755948792755 -0.0617776285560925 -0.0830361487468315 -0.0252751109445537
0.419673486839727 0.103146255155043 -0.355075830737834 -0.18761987321603
0.200676546596606 -0.0104594321426204 -0.627535516755132 -0.422097839551411
0.160375953070394 -0.0875214024791873 -0.523020862915822 -0.0572392114134375
0.0537708127366977 -0.142858557946758 -0.12486752465974 0.0540691161402987
-0.0456672071273388 -0.109133879128878 -0.0573093889686092 -0.0581188215751027
-0.0611742063449222 -0.0711250123694646 -0.212867010701045 -0.129775267734436
-0.0907042572410818 -0.0413065955764466 -0.369121333306743 -0.000229434410223385
-0.111183431870489 0.00794728593770081 -0.392539394936129 0.173129788656694
-0.103076468128228 0.0259575906861445 -0.355241661201288 0.239456329179366
-0.110243339333991 0.0112037027978205 -0.352589385905581 0.184442340710709
-0.104432793417431 -0.0479365225671708 -0.337818536070557 0.0498880597055742
-0.0546509980106328 -0.092396412258294 -0.258944036320483 -0.100057403342418
0.00275749891907954 -0.0970692986321912 -0.090674032714772 -0.147713232494169
0.0494770838998714 -0.0780713558114267 0.0114469684026789 -0.0941857718884019
0.116066508973236 -0.037681989656896 -0.113929251823282 0.000102047563899703
0.19779876721483 0.010323385980296 -0.433147746680794 -0.200547285661493
0.0613724150716797 0.077276673546759 0.473388244822711 0.134288599408751
0.0846541034413229 0.0316445956278094 0.213830114522807 -0.0659309022512011
0.0557480043698275 -0.0656733713741856 -0.012700458400627 0.0539942562934932
-0.0445318709466931 -0.0918555053864086 0.0465189212176793 0.145157975839649
-0.0811630073859375 -0.0115740256379302 0.223097800695111 0.144643603545541
-0.0629421080125208 0.0429635128492589 0.351757177492318 -0.0154718607420899
-0.034499200768069 0.0786568599015925 0.349841948132173 -0.177852419832536
-0.0318272778671013 0.0829560759708295 0.339123911355258 -0.240003157701441
-0.0463392875612639 0.0789219161056788 0.356469744552545 -0.204903909937147
-0.0800986619950461 0.0359814907580609 0.34990423808963 -0.0629569769936356
-0.0894357215962761 -0.0235794199037785 0.24673941903549 0.0729690123994598
-0.0429413147243933 -0.122855530454061 0.108502455220233 0.0470945180230326
0.0887278876645319 -0.0789405395269501 0.163197798429729 -0.0327378803654425
0.093933209596284 0.0617344126842671 0.427915899725734 0.0210219078115444
0.027870879362189 0.0963848635252574 0.661345377532681 0.394846399532121
0.268237676404815 0.133480369286058 0.421997150857152 0.13645881830363
0.269129225016202 0.00163958770782819 0.204394320503252 -0.0450515302415795
0.150652397403129 -0.207325156198259 0.0176724897387538 0.0544625495266191
-0.0907122535213598 -0.266493777833037 0.0509356813685015 0.129149318755264
-0.206841992946642 -0.105184927394611 0.189383561051819 0.133473762699084
-0.206896157794233 0.0355066565890881 0.308192552014358 -0.000714975353963644
-0.169911522241939 0.152246528675123 0.304291093940648 -0.135731450783924
-0.153618495007967 0.180573091084143 0.296120448483909 -0.18670093951326
-0.186282878856108 0.166908334933765 0.303145972330839 -0.164779397313712
-0.251172499095027 0.040584977425772 0.297985429797069 -0.0428973551244702
-0.238150696551674 -0.115229805704184 0.201103947403127 0.0730063005206319
-0.121446655643249 -0.334898108475006 0.0824541252776756 0.0285307984277334
0.195040293156624 -0.281277729834404 0.169778747622971 -0.0644981936194054
0.342570825019461 0.0134819758170511 0.398681982970654 -0.0348192664092662
0.306764323148408 0.18127630847975 0.597642935519022 0.294676114672291
0.448987808671391 0.179054156741579 0.304971694510818 0.0950304654490813
0.444659361701215 -0.0367292050100869 0.149515517570113 -0.0275960253946665
0.241147060134287 -0.345213682540546 0.0424981972083544 0.064178930376962
-0.134394454785702 -0.430498224893681 0.0626030364728135 0.108031013370205
-0.320508315216566 -0.195552124201953 0.142147405005889 0.100115010462148
-0.334723849853773 0.0181662854596097 0.224531746860771 0.00643228682788574
-0.286963604408669 0.20318832264307 0.212365989970428 -0.0773448901204688
-0.253103938596942 0.25252570287823 0.207355350239959 -0.104038529112772
-0.292653072600317 0.233429624720614 0.204003181601737 -0.096249596927258
-0.382594908470604 0.0494487230352725 0.199297350669144 -0.0125668770373474
-0.361555492857867 -0.175687536503328 0.120482249801715 0.0649387741319819
-0.210432025236761 -0.494114068126018 0.0391867720190681 0.00156959775932287
0.248128980864792 -0.461111579614581 0.15254490273711 -0.0952650308486309
0.531834810776617 -0.0631500569439037 0.31876889973714 -0.0803173447968888
0.53883280091505 0.221555418424237 0.444204038232296 0.17011728749922
0.577506176105764 0.199298241154554 0.125780460379452 0.0129771696256859
0.584352102258208 -0.08428894882446 0.0408756447292849 -0.0157396081784959
0.307475744761351 -0.469201889431594 0.0490628343486242 0.0792830364413592
-0.178984729009578 -0.55896044112431 0.0682226371280383 0.0752155542548366
-0.406818141759486 -0.262987544976517 0.0732663961914243 0.0450535633091919
-0.423090620532674 0.000375935698754763 0.102438102350245 0.00778895930242525
-0.366736095276326 0.22627327405548 0.0825246318689868 -0.00897277153941661
-0.313483416066795 0.287058424538833 0.0872657898063296 -0.00581907439413672
-0.351229998137207 0.26509602739169 0.0775739461369798 -0.0098676896781039
-0.452137784829504 0.0529239832766534 0.0699729433253264 0.0286263668970907
-0.430192046071938 -0.206711166095486 0.012639025844748 0.0546650052329678
-0.271440299114267 -0.570621782243745 -0.0205060273670071 -0.026426252424873
0.250514051856573 -0.565229774883403 0.114482497813926 -0.114987217477116
0.623491252425267 -0.131829610490857 0.201233447672242 -0.0974739886048556
0.676508085291578 0.218012637354109 0.227829752854499 0.0504880779296211
0.626781495267001 0.18667733689307 -0.0958200788477332 -0.095240847749108
0.638968600255246 -0.125772842949347 -0.114086724220832 -0.00965190691143607
0.325593530393778 -0.52916326126894 0.0309813448555919 0.0871746361192009
-0.198551647823128 -0.603177252587491 0.0551777809924111 0.0306627470531378
-0.430313882854399 -0.285845091698682 -0.0178902035458014 -0.0186988153796388
-0.446074100164907 -0.0151854028756154 -0.0466449088835426 0.00749291161535204
-0.389748457821951 0.216470483347907 -0.0667822872258047 0.0621742577088313
-0.327521948238922 0.277703205509537 -0.0451036096455369 0.0934244863724819
-0.355834083261658 0.251534386067086 -0.0573957421346359 0.0790610817199183
-0.446416843522352 0.0400516292663398 -0.0677457843631266 0.0713442503133613
-0.417714428155143 -0.20925740104738 -0.100804791779134 0.0400976075995212
-0.267401541014199 -0.546864788258977 -0.0786452645429133 -0.0546849922541624
0.223041333314442 -0.551898521760572 0.0683422982396 -0.121272471424719
0.603312830190684 -0.15512234696483 0.0760450242101147 -0.084246317359389
0.692019460423157 0.185995206692993 -0.00681109602791683 -0.047419347133159
0.572724041592321 0.137432867360348 -0.324267032515143 -0.209111864454859
0.575011107536732 -0.145535738313503 -0.281008884774253 -0.0108963989405686
0.281520007933034 -0.483657368852678 -0.0109601472639833 0.0812025908364479
-0.180935554359404 -0.524563925696484 0.0205630184333251 -0.016724264584675
-0.370362659570342 -0.252179221932268 -0.11290375777989 -0.0758830612079386
-0.390445869675567 -0.025384008949829 -0.194123259671064 0.00979430276632274
-0.347549658588663 0.174987870253597 -0.208530803964284 0.126486429592482
-0.290703248568282 0.22681904726512 -0.171725279643242 0.179115084639269
-0.31044843781818 0.197458201393172 -0.179894666989568 0.152016989099091
-0.373957481090413 0.0122509096947808 -0.189397002969166 0.0966356580130257
-0.329555193434795 -0.190657306495718 -0.193227428643179 0.0127331186278555
-0.194509311476889 -0.439250021169748 -0.115708705334522 -0.0847689588751664
0.178567427598844 -0.433994439999106 0.0317887123031267 -0.117110438638003
0.484351384707135 -0.128322037206432 -0.0237562140207488 -0.0542779441185267
0.594255580655266 0.137027281381266 -0.214352293014738 -0.117038938454446
0.421438372509277 0.0627057571549278 -0.519118805486069 -0.30830497757576
0.399003942503228 -0.133544332863145 -0.424317891988112 -0.0180417148486986
0.177896917534217 -0.342148624343197 -0.0652149881824781 0.067332441033375
-0.126260475358852 -0.339933915063741 -0.0223274980513971 -0.0492536842152222
-0.236968146255934 -0.171322028375159 -0.184485914939633 -0.11000279547388
-0.262701109049891 -0.0308567126479808 -0.306900992108068 0.0149627404118861
-0.247739133216475 0.104732106647256 -0.31739477116558 0.172292783318688
-0.210046589687332 0.139926771052451 -0.273257847212811 0.236762242453784
-0.223097087995935 0.114026565446559 -0.276182196883277 0.194960565764143
-0.252446850036469 -0.0188690966155449 -0.278607682283583 0.0962624765924489
-0.197206510238129 -0.150140816318768 -0.246282603359522 -0.0311742657042356
-0.0910568502808669 -0.276424964215936 -0.120493457665049 -0.114364701989065
0.121676555419462 -0.253912753198041 0.013178174263394 -0.108323998171775
0.30724275957017 -0.0801181358285109 -0.0846825875859552 -0.0211713070999824
0.41499087617801 0.0737177593629611 -0.363072386916085 -0.156602892332256
0.197065068938952 -0.0231359637386293 -0.643024339701296 -0.369166680810349
0.152007477367814 -0.0977925860338178 -0.516750779964892 -0.0207616831060512
0.0416913980412042 -0.144261298947199 -0.118165999088318 0.0598669867408497
-0.0540190498717693 -0.102289033753599 -0.0590915713763429 -0.0533517044778328
-0.0659036356758195 -0.0658336955484886 -0.217251073737711 -0.114228121118707
-0.0928204907738315 -0.0340653529229091 -0.362665533091464 0.0238803921952398
-0.108158271053183 0.0153743504341905 -0.372449746855605 0.19593314930997
-0.0972975468264691 0.0327340709134511 -0.331243691014325 0.259433221473588
-0.105273088705016 0.0193565270547422 -0.333672399566634 0.204961569761136
-0.105323058757902 -0.0391549778844485 -0.328392117293589 0.070414700809438
-0.0600633116350917 -0.0854472124935391 -0.259306466568578 -0.0821103378969009
-0.00500581423444535 -0.0941793291676689 -0.0987318141396372 -0.139125710474398
0.0428677230581299 -0.0784704877259716 0.00441046853266299 -0.0942183209918578
0.110835287293366 -0.0441304333581142 -0.111641955192985 0.00546551331296005
0.19435532423721 -0.00245445347689118 -0.439486010470245 -0.164178408406003
0.0601147055757265 0.0746686998315798 0.466782169511095 0.113473574912839
0.0840012832585031 0.0306203364977578 0.207837926051368 -0.0711713801675554
0.0532908941759874 -0.0641529928388561 -0.0103468353350871 0.053260078967272
-0.0456972782543739 -0.0883794729459308 0.0487901732108388 0.138895933092222
-0.079643332124112 -0.00860489190618227 0.22186675415671 0.134433272995793
-0.0591958756393642 0.0440138733846307 0.343073638427019 -0.0256250223038028
-0.0310124848667683 0.0776381423904792 0.336104635182533 -0.184034420573331
-0.0285772684701665 0.0817772610614423 0.323409636703356 -0.246408283483098
-0.0435652620933818 0.0779971146410387 0.343055338789857 -0.211652025127705
-0.0781338791637505 0.0371404585052878 0.341015640309428 -0.071759523260681
-0.0873098414078308 -0.0210936839239753 0.242400122671903 0.0646658948340946
-0.0458605817808101 -0.118239818043175 0.106419586846463 0.0435613888615144
0.0837079428194532 -0.0793335820216936 0.158025482923029 -0.036133784909163
0.0939710857748992 0.0573690879901297 0.417639528319977 0.0103476026922759
0.0284459806645371 0.093041829938019 0.65681907592449 0.365030586298607
0.26316455391626 0.123758432333818 0.41717872735048 0.11807323087821
0.262485513413091 -0.0047064234055464 0.199394116133798 -0.0503814157774123
0.140049573195344 -0.203994865233681 0.0189929036900829 0.0517423069950487
-0.0974127328915261 -0.255293768153065 0.0529520336446758 0.123124363742393
-0.205622128379969 -0.0957796656286518 0.188673832566206 0.125318687118386
-0.199465734934829 0.0412111389953537 0.300694735648431 -0.0097330726187726
-0.161005253184748 0.153867247236638 0.295385853267616 -0.141878808861211
-0.142754153801494 0.180305897597328 0.283187635733516 -0.192988259934575
-0.176929183186316 0.168451972760777 0.291969773151347 -0.17036076050511
-0.24510524198128 0.0468791978538726 0.290811646735185 -0.0516970618006456
-0.235241781231956 -0.106039337630898 0.198969637017468 0.0654721078964122
-0.129727612526995 -0.322202999092852 0.0801939351811527 0.0256712630178164
0.181165326363804 -0.278992528442542 0.163923261040885 -0.0693532385061903
0.336933324866168 0.00407516812902719 0.385907406594424 -0.0434306049520796
0.302339143102695 0.16772320245365 0.591431436919175 0.269994812876109
0.44157158540404 0.16290417675758 0.302321149473984 0.0810560133522178
0.432886881637352 -0.0468934026748123 0.146783794410718 -0.0325088675711841
0.222419691007613 -0.341213860257262 0.0430681026078307 0.0604140953782401
-0.147385387765185 -0.412633118773502 0.0636799559871183 0.102202855249324
-0.319276317987908 -0.179098151048957 0.142412030840298 0.0937836346503282
-0.324963955899409 0.0288941188169083 0.220017004979652 -0.000930140079077562
-0.273207804831828 0.207935674406338 0.208458063205355 -0.0820667030742801
-0.236077084385743 0.254670249025395 0.199700276796385 -0.109328106073672
-0.277578759683314 0.237129174680739 0.197938993577795 -0.100382482823978
-0.37352186958076 0.0593710929249092 0.195069465632226 -0.0185786970314557
-0.358000196301407 -0.161495075794747 0.121025199183763 0.0596516300955773
-0.220256340387807 -0.475177118633827 0.0363196886618666 0.00108256279825711
0.228344267825051 -0.454210276072131 0.145991437348836 -0.100740274707556
0.520371848360939 -0.0752728670796956 0.306353435790299 -0.0868071913875465
0.5284017525617 0.199682045930934 0.43743615414134 0.154406663146314
0.56699528495064 0.17850557437055 0.125755938047901 0.00777080125397961
0.566356909241692 -0.0977968088724181 0.0408691470606932 -0.0178442690653486
0.282576527828647 -0.461946093192763 0.0503043012776839 0.0734633468778436
-0.194001912461125 -0.534881537777388 0.0689167854636249 0.0707296949789219
-0.407680678949993 -0.240798802148707 0.0746039706429426 0.042896569349518
-0.411626404273841 0.0145648337177463 0.100484269116501 0.00388662711857603
-0.350031119412265 0.232523492387629 0.0841115565180424 -0.0112985644649299
-0.293968481903498 0.290216342838693 0.0860832938787312 -0.00915839614357006
-0.333282774366253 0.269639583744119 0.0768259909247846 -0.0115458746151768
-0.440066843768651 0.0657394815639366 0.0694109209867287 0.0250983697767255
-0.425838538494859 -0.186831142288379 0.0162065092770343 0.0521304864973662
-0.284419621322289 -0.547466474497813 -0.0222677584025194 -0.0245913041748277
0.227564760884756 -0.554074343923955 0.107241690680656 -0.119923166169607
0.606946940823989 -0.143829529492698 0.190573598906108 -0.101608513557037
0.660836643629842 0.193048148002139 0.222786103599356 0.0446003050407025
0.613162495259623 0.164147548914547 -0.0937592815562153 -0.0896428280500728
0.618947068608291 -0.142678253729628 -0.110264030047379 -0.00664472499805433
0.299246322287397 -0.522444327881502 0.0320277146812344 0.0820320446111126
-0.216519547413481 -0.577104511471683 0.0553315614506478 0.0277615101735
-0.431290489355909 -0.2630605653501 -0.016574296521134 -0.0165737140418564
-0.436094026760166 0.000349751278209572 -0.0447643326704593 0.0082858755469197
-0.372560725615293 0.223916738196378 -0.0590090537121574 0.0626502445794833
-0.30649537684888 0.281418069337774 -0.0400516976774168 0.0925376934469062
-0.338228759367658 0.257686059890607 -0.0509135494314003 0.0800163000046138
-0.435188621012323 0.0537562520284666 -0.0637584723795146 0.070282265074077
-0.414026184360573 -0.19110041015727 -0.0942375349577244 0.0415734454732302
-0.280225816364974 -0.525878264228852 -0.0805763182907473 -0.0499621154931624
0.200010344409446 -0.54287942042222 0.062250025979046 -0.1247919170283
0.586357125467535 -0.167343333265392 0.0683670132719886 -0.0848272814917397
0.676332982128291 0.162601235040259 -0.00950300519804071 -0.0436480553997685
0.561590258445749 0.118578919215266 -0.319869050160188 -0.193690597701824
0.558407305368961 -0.158455475866153 -0.274123011584344 -0.0021059562298508
0.259359769389922 -0.479637681457416 -0.00860831301032049 0.0781596777641262
-0.195876873565 -0.502381326613793 0.0210339099465273 -0.0171827458575945
-0.372416504223551 -0.233170516792357 -0.111116303400858 -0.0696083188982048
-0.381710399908483 -0.0110229808770627 -0.189234145659091 0.0150226198918777
-0.333235149170089 0.181841819900473 -0.196034661396934 0.129526172620504
-0.273139538025747 0.230212358098042 -0.160215213089622 0.179990371057855
-0.295718885412925 0.203361689293822 -0.169203743196202 0.154397254496978
-0.364978420650796 0.0235474023841098 -0.182661612686637 0.0997423985782366
-0.328121068526108 -0.1755272601879 -0.185757808631294 0.0171086206026897
-0.205182400470479 -0.42177455971185 -0.117166013954308 -0.0779924961734222
0.160464014972054 -0.423012335890975 0.0270954445391047 -0.120207511661844
0.470377018177055 -0.1392512055479 -0.0272134410345725 -0.0525625055400469
0.578818353631478 0.116107120171483 -0.214614393711554 -0.104756791897335
0.413230827739126 0.0493658336266076 -0.513634296566821 -0.283232609940738
0.385012816767891 -0.143296304853552 -0.414534176338003 -0.0048617312046026
0.161094700359645 -0.33905019134022 -0.0612651881129694 0.0666472056075325
-0.135307642667089 -0.324988112418701 -0.0214446555076782 -0.047250012448423
-0.238692401854905 -0.159526977696416 -0.183448487132355 -0.101412097405039
-0.258344425940593 -0.0207403922812694 -0.299536943469766 0.0236098770135194
-0.23811576367915 0.109983647868082 -0.301239474150999 0.178500410791774
-0.197919233587741 0.143639874239251 -0.257280248664144 0.240144098243407
-0.212510443617143 0.118330107278095 -0.26309347422988 0.199963275806152
-0.246809778369125 -0.0100449939331144 -0.270160512614732 0.100613690682144
-0.197539082194882 -0.139695508253113 -0.239502996739398 -0.0236479396645713
-0.0989548012960955 -0.265430839371633 -0.12180919840323 -0.107785299020333
0.110653853764458 -0.249393870894261 0.0085504838374391 -0.108762146202503
0.298243213650857 -0.0857162389876827 -0.0847674382679002 -0.0199426238579769
0.40494113173493 0.0605463398113911 -0.360722043684 -0.139310364560453
0.191827888597706 -0.0285768767706123 -0.636773418621465 -0.338381533922646
0.145274486085408 -0.101343322910986 -0.506014226675246 -0.00400016472623139
0.0348782527056787 -0.142393511494101 -0.113921336605908 0.0607737372568781
-0.0564041826603022 -0.0966461717340202 -0.0579011420889783 -0.0500634688806715
-0.0674525393866651 -0.0620240624946305 -0.215285185186131 -0.105104600824967
-0.0930880194952946 -0.0300523053963901 -0.354424067540043 0.0344016990011459
-0.104972094674177 0.0189998718883965 -0.356432877644221 0.203800926110518
-0.0920036462200981 0.0347771748982277 -0.315120533989623 0.265375915132492
-0.100637150631447 0.0230347254147512 -0.318858581874389 0.210854112224384
-0.103927368065851 -0.0340602449824061 -0.319584819099841 0.0774629960079626
-0.0621608351659532 -0.0804980069250195 -0.253678344157255 -0.0729063551941045
-0.00897631029844656 -0.0906207803953494 -0.10065511739659 -0.132426920220152
0.0391063339171095 -0.0772144617594844 0.000559874129445875 -0.0930840854621719
0.106327466540471 -0.045757738609891 -0.109899453341819 0.00699272271196217
0.188746378430751 -0.00815320369906722 -0.436217623828574 -0.143688838471815
0.0591145291992304 0.0751004970258128 0.466683954563549 0.106520327049876
0.084927331942659 0.0320369512343565 0.20773319570095 -0.0738460436292976
0.0541368624122152 -0.0639284796941478 -0.00987642388253945 0.0531691313479115
-0.0460422928093798 -0.0878826213269058 0.0475469003019856 0.138112517351326
-0.0790657921739716 -0.00818455537052976 0.222158391349877 0.133447617132914
-0.0574961782397942 0.0445359620270957 0.342194666323339 -0.028047462714694
-0.0303322790107181 0.0777335360768101 0.33435881071576 -0.185590749565607
-0.0278678267571797 0.0817544053185793 0.320010344270361 -0.249475839327289
-0.0438408344710699 0.0781362372785347 0.341154968911739 -0.215022197744393
-0.0779496403464725 0.0372622220770818 0.340787889017548 -0.0744898178752957
-0.0870798275257408 -0.0213202589563112 0.241127302910262 0.063155084139806
-0.0464970283526763 -0.117675251773202 0.105735682639634 0.0425882128989483
0.082610537917935 -0.0791704039379614 0.157913204155294 -0.0373144208659548
0.0940332207670348 0.0568314386869574 0.417067940198126 0.0101758155101571
0.0283664627778743 0.0918108976056164 0.656488358236398 0.357254716656938
0.261194601412065 0.122485161290298 0.417346538648166 0.111508948146244
0.261915379643872 -0.00416636005690301 0.200091788613304 -0.0535657154875706
0.137999244583001 -0.202404763015147 0.0188079214284208 0.0511711033116405
-0.10008063784109 -0.251605803857378 0.0520227257557953 0.122057821085741
-0.206184981915439 -0.0920623013989658 0.189320185492191 0.124110536105076
-0.198065406704023 0.0430721564287459 0.300467834921123 -0.0119995272928585
-0.159278524529797 0.155284002964685 0.294843589847021 -0.143888901658358
-0.139676437885374 0.180981105962087 0.281234152704363 -0.196709810831359
-0.175826865459911 0.170031219951917 0.290697139234414 -0.173153624481761
-0.245825139993743 0.0485894040596325 0.290577334447377 -0.0538777144515044
-0.23524099039333 -0.104939664621469 0.199498918707228 0.0640413413564604
-0.132740495653412 -0.320809302839601 0.0788175312551302 0.0251853038592568
0.17818966617715 -0.27733243222514 0.163226891848636 -0.0724720027403256
0.337994444533218 0.00232142765875271 0.383974944407517 -0.0445724106144429
0.300499362963638 0.164970394224329 0.589691703234386 0.26417802595066
0.438840624417833 0.16008476597153 0.302980559523751 0.0765871826375549
0.430532638537143 -0.0472708693421138 0.147615050511057 -0.0352152616329327
0.218019470460254 -0.338318598877351 0.042279135282164 0.0590064881990848
-0.151733246998384 -0.406327186234307 0.063881342261951 0.100811157999084
-0.321446599193031 -0.173706213368955 0.143999869758733 0.0937106457488211
-0.322757460279407 0.0321461977343843 0.219903109921544 -0.00315118343601793
-0.270640998226391 0.210273086772854 0.21009648290843 -0.0846071384830449
-0.230624210594 0.255202070206034 0.198932847947953 -0.112683844492134
-0.27519042674203 0.239684049237022 0.197567878638477 -0.101946857378284
-0.374179493837767 0.0623771439083071 0.195439741588443 -0.0205342643111357
-0.357878741560487 -0.158919967353745 0.122396691526466 0.0579451544301257
-0.226212046494558 -0.471920957746728 0.034662011715344 0.00187207185368944
0.223866482683844 -0.450699005346685 0.145061554918118 -0.105106384980943
0.519889409421892 -0.0775688445430229 0.303158560985612 -0.0858949664029341
0.524198215022874 0.197016353456105 0.437655066416624 0.151748012646269
0.564215726509803 0.174084404964499 0.127583333833991 0.00633109273385918
0.564022905610216 -0.101102015752704 0.0421710744330196 -0.0197057939228757
0.276407319605768 -0.460823052535243 0.0496240638690716 0.0722928963617707
-0.201479925045844 -0.527948887131187 0.0699503149356094 0.0696600745632604
-0.409096788882407 -0.233309679362567 0.0761879368275344 0.0438793606429578
-0.410103765224662 0.0190769854322653 0.101061560351931 0.00218165728015043
-0.345764154862538 0.235415770205697 0.0878197909646804 -0.0127114690845932
-0.286361238073003 0.291677217826678 0.0867413593308212 -0.0113850954541325
-0.329050072655932 0.272530143517472 0.0785687190396806 -0.0125070690697048
-0.440256900658426 0.0694038792501924 0.069815031620446 0.0242893963768257
-0.427451537487489 -0.185119680994672 0.0188453251904602 0.0513180100013372
-0.290137245314339 -0.542594651575172 -0.0243033061040283 -0.0231026507800243
0.222276585752293 -0.550548115211486 0.105596215847636 -0.124698216044741
0.607255279253053 -0.147085822833697 0.187302014742989 -0.100842086115831
0.654658811939869 0.190132297884036 0.221123713228213 0.0452277997390277
0.612273047823056 0.159154854739227 -0.0915765108768124 -0.0888906341708786
0.616601318512014 -0.145466031485537 -0.108820417098761 -0.0066978872944439
0.292258358938191 -0.519464882867281 0.0318474723233383 0.0804438164022245
-0.224101623748804 -0.568730351559928 0.0560131067449809 0.0275175219797261
-0.433796206243948 -0.25663175450968 -0.0146649059850833 -0.0150357136064818
-0.434430134189087 0.00436377511556052 -0.0439579575217441 0.00764456609795438
-0.368722957528977 0.226922259258812 -0.0547465997038747 0.062262516905592
-0.299755896354379 0.282889609560504 -0.0380003821658305 0.0916921060097506
-0.333318366459392 0.260848979049764 -0.0482943067053671 0.0795580497628429
-0.435107605329548 0.0575489675827015 -0.0632244621922517 0.070297863816753
-0.415629181116761 -0.186718045535858 -0.0910599963504981 0.0406697668095681
-0.28472635419269 -0.520848491272769 -0.0822301857061784 -0.0475698330913203
0.196831504131546 -0.539340809477499 0.0595494491418961 -0.129378084684797
0.584746343053116 -0.169900571649801 0.0659458530561654 -0.0844308095937704
0.669156708580908 0.157248217081653 -0.0113226816304084 -0.0402270918938834
0.560576772097086 0.115623358829223 -0.317439841739105 -0.188732198756908
0.555554241072643 -0.160486636145405 -0.272456753707871 -0.000348427495203227
0.251298126914024 -0.479669842000849 -0.00864278780440965 0.0770122426700042
-0.201971919834978 -0.496785316706404 0.0224878307860282 -0.0170340061145431
-0.375702248223693 -0.227258486145698 -0.109700486652737 -0.067362981324361
-0.381938832133179 -0.00678042010005709 -0.188398192089026 0.0153469386658282
-0.329422855471864 0.185022016230726 -0.191421949211385 0.130368715896345
-0.266536089278224 0.232003572530664 -0.157574940862223 0.180701939669355
-0.291186154981116 0.20598873291871 -0.165931858432449 0.155578534063288
-0.365344859179318 0.0273028538692678 -0.181474587383642 0.100316452651718
-0.328873800465078 -0.172462946680546 -0.182740523190166 0.0171595575933694
-0.210757696630973 -0.41648968152822 -0.118381834478213 -0.0759874636922355
0.158119934003407 -0.421157527585617 0.024399779299378 -0.123416371442469
0.469430968081982 -0.140781455473425 -0.0296544739570717 -0.0525560509933569
0.574947343590293 0.11367972727632 -0.216517375835731 -0.0993079386123735
0.412364116891716 0.0468438348512395 -0.510278070673053 -0.275915836283187
0.383341757169306 -0.145124133681653 -0.413359938667523 -0.000975648546915317
0.156478706715716 -0.33869628135454 -0.0616655254655088 0.0659449397677184
-0.140092202171996 -0.320936823972946 -0.0203030036492712 -0.0470245426188822
-0.241349694037661 -0.155872914766949 -0.182798325408559 -0.0990274426704802
-0.259124408291626 -0.0178539342444056 -0.299654909759283 0.0253362965266939
-0.236009598069871 0.112415395223888 -0.297879548577075 0.180597888866438
-0.192976601016412 0.144294335924621 -0.254142878985014 0.242853358561993
-0.20904149438765 0.121016121525048 -0.260115130291794 0.201816200619812
-0.247256449039882 -0.00780089435757495 -0.268960798019728 0.103580913352828
-0.199241326059982 -0.137189951396868 -0.237152910047747 -0.0229538575499543
-0.103414782485651 -0.262424042170077 -0.122411637540109 -0.104730364794794
0.10810889897932 -0.247309433412405 0.00709622499695259 -0.110372472003334
0.297225704620318 -0.0870407213425768 -0.0858225218951731 -0.0197748454436548
0.401807127480318 0.0578151919427125 -0.362720287001929 -0.131611544315096
0.192164662050311 -0.0299626136145202 -0.633645862408053 -0.330840297850508
0.143844262331285 -0.102846056468412 -0.504076953894646 0.000841648564982134
0.0320688253261858 -0.142267838440005 -0.113284925299066 0.0600376303827127
-0.0578242282671557 -0.0946274116982882 -0.0570124210354424 -0.0499659750938758
-0.0689847940799408 -0.06144559080481 -0.215094765725735 -0.103160626727069
-0.0939243764760675 -0.0288210993951854 -0.353928785559227 0.0367682519219257
-0.103512966483887 0.0203028009026686 -0.353727458760656 0.206675697387182
-0.08913455028138 0.0353954776789559 -0.311541569863299 0.26878010169887
-0.0981897351484192 0.024069275588605 -0.317183066665349 0.213756506569645
-0.103803960742981 -0.0323476599449713 -0.31913693037024 0.0798718754640306
-0.0630574390930099 -0.0784631298690406 -0.252982149392909 -0.0715145499989714
-0.0106617174427088 -0.0893292652882325 -0.101354012966357 -0.129677011913327
0.0379024752278808 -0.0774170352667437 -0.000683900437084916 -0.0930781105258194
0.106060846410543 -0.0461707644670391 -0.110323308371937 0.00596594601402672
0.18816282506415 -0.00891445205624227 -0.437370123116231 -0.136542114846275
0.0806190806448028 0.0399840238044417 0.483266370576895 -0.106090315750653
0.0891924116908717 -0.00620953755201292 0.160652516625204 -0.165158849740862
0.0260186250109973 -0.0812951594273377 0.0120926791096817 0.0500770815552629
-0.0776016237911662 -0.0625848662666713 0.0997805075991161 0.106492315490571
-0.0771123668155234 0.022060101948186 0.263239834586557 0.0257128702352029
-0.0353293119342002 0.0633604513722932 0.303906526495073 -0.17802815955751
0.00592768866807961 0.0848764409822517 0.226965988874855 -0.319487527307323
0.00566528920209118 0.0901884313323533 0.180446072175416 -0.377234185489292
-0.00649851058195492 0.0924302314514767 0.21599403828199 -0.354718876352256
-0.0569104114843731 0.0679729944618643 0.279412528056828 -0.225154221493828
-0.0905700270784607 0.0158075316658366 0.250279801966716 -0.0530943549026961
-0.0929194428667014 -0.0880989206160708 0.121341375558792 -0.0146683782759902
0.0455239319658493 -0.109488148710105 0.132179711736136 -0.101089067079654
0.118800895020442 0.0119194703817801 0.387830322288009 -0.165519412256216
0.0745366028724883 0.0762274516509819 0.760499547640553 0.0469499874487878
0.287800842179433 0.00193596136381587 0.445872806646737 -0.0857874353476777
0.236442231908389 -0.111879879027328 0.162390904809949 -0.1474725048612
0.0452310333408564 -0.24274786456032 0.0317903851310177 0.0296397989988342
-0.195748901244139 -0.185938300262706 0.0888320286898175 0.0856790227930777
-0.228937843780654 -0.000424758888303587 0.224778046692073 0.0356358565353889
-0.165910752792751 0.122284387034815 0.269047310841782 -0.141626925344046
-0.0792666517415501 0.210763513146396 0.207272351771969 -0.259556286559288
-0.0566624618909635 0.23100556637815 0.16717780784993 -0.31064247024607
-0.0908419187248678 0.236010780958924 0.187756757512655 -0.294638952130753
-0.210236537527868 0.152448134859509 0.239378054546187 -0.186884241677612
-0.2686077424119 0.00238878344418999 0.215464293575296 -0.0414237984827519
-0.263560262688206 -0.236287317573394 0.099010578826391 -0.0310379051538876
0.0506918638016666 -0.339536414719688 0.129119461604473 -0.135029216526057
0.32422142628575 -0.148101100417004 0.337531404053839 -0.188173271370949
0.365868742971813 0.0178957292055605 0.650075543419863 0.00495232821346025
0.468134878734561 -0.0343968532247184 0.330666970927018 -0.0744419062081204
0.3731091314139 -0.22043232310808 0.121888667590536 -0.112160080761221
0.0619130497528192 -0.400014972308468 0.0517245063491254 0.020556955803505
-0.307860816699938 -0.30224203554406 0.083694866154612 0.0574124482683044
-0.369231441321063 -0.0250387827565534 0.164796928312988 0.0315741012181128
-0.285236535587044 0.16707149112752 0.19599339909808 -0.0949003755321727
-0.158026540553058 0.309212458832085 0.153053268949597 -0.162887949548427
-0.109781077832742 0.33868698134251 0.129189751910718 -0.194991820494296
-0.154004843759129 0.34462623929296 0.132044064917698 -0.187697725970686
-0.324334663849025 0.222442695124928 0.163266593049068 -0.115856790976627
-0.409158555712901 0.00565875380608535 0.143612845919743 -0.0192421629174307
-0.417555428843245 -0.333823491515063 0.0540064782788439 -0.0444331023391019
0.0182711079743618 -0.522777588355565 0.103756876397414 -0.157411026275954
0.458778460523236 -0.306289119114149 0.247794218746049 -0.182348368343642
0.590167309509801 -0.0589794262744792 0.452666907320585 -0.0190113196999791
0.591587742758498 -0.067274048678608 0.141289716828582 -0.0674564466403521
0.475171019477543 -0.323439686960004 0.0308180234472226 -0.0538464388100803
0.0644387074419095 -0.536388181211422 0.0592010002668413 0.0253201835465126
-0.404163497374027 -0.388605632037219 0.0698830268328303 0.0240258790264413
-0.474440808661613 -0.0403213606097722 0.0768535030332078 0.0190163050842298
-0.372212779069389 0.194223728031627 0.0869422371075071 -0.0349746495947139
-0.217028381425928 0.365324669227355 0.0698278503462436 -0.0399258883553634
-0.145628297472521 0.396647227813118 0.0710038109236405 -0.0504843349015994
-0.189511258518217 0.398318511537387 0.0620931616852786 -0.0514722829405184
-0.384674203531031 0.25851057476395 0.0662937716876592 -0.018929226382718
-0.485805800516022 0.0130449885310173 0.0464460116725263 0.0163667899334917
-0.511674388080871 -0.369637462692701 -0.00837632621492585 -0.0478433001184375
-0.0250202146047344 -0.617376956436849 0.0623855955801409 -0.159856617212775
0.508846902637591 -0.408599707664369 0.1370981656783 -0.14136528789646
0.711039323583901 -0.126548409218871 0.205896672108897 -0.0172144761662222
0.634343603349446 -0.0953338532656072 -0.101961990812929 -0.0620792094236902
0.507769287882676 -0.387939442524787 -0.103680353438219 0.0238433685021184
0.0540273884072034 -0.599834467213649 0.0436228924909982 0.0389711917016672
-0.443512025181954 -0.415325166758356 0.0364028049232085 -0.0101295242078791
-0.50751843278114 -0.0478621040945301 -0.0342594909963606 0.00682235369749367
-0.400842096280036 0.193524476978871 -0.0448689669330663 0.0356421188347097
-0.241791776703982 0.367214888637164 -0.0289593031070358 0.094299818426793
-0.160438792354457 0.39320280163876 0.00279858834268527 0.101646100035304
-0.199246788589214 0.389115217737049 -0.0134063174845828 0.0916227355554425
-0.385844416500944 0.245882279272214 -0.0346595318877165 0.0843671732232217
-0.476571679843463 0.00655471777260258 -0.0596523293814955 0.0560626521177138
-0.496723744696966 -0.35024941131553 -0.0740819741383418 -0.0439749948184672
-0.0473268998690471 -0.595453752718268 0.0173925016250778 -0.144510959974825
0.476400282673383 -0.422185753290185 0.0331018520265963 -0.075253890703857
0.708072312586884 -0.16359533639944 -0.0457864500955905 0.00703317759896162
0.569215312547932 -0.114533648415009 -0.35708990491793 -0.0568982167063894
0.44800871827602 -0.375834747120658 -0.253427037130596 0.105167294696984
0.0327364160119978 -0.542670524485407 0.00601232439070614 0.05561458556875
-0.394190194512989 -0.360589135698238 -0.0106639736129152 -0.0348326315305413
-0.440445257519945 -0.0450913465172961 -0.143793778067178 -0.000596233560286481
-0.357051293569275 0.161315309178259 -0.174142753617142 0.107113467100847
-0.224462322092828 0.312453950914028 -0.124583309579859 0.217688411427893
-0.149576831229268 0.329998182374315 -0.0654899399924735 0.238465170872255
-0.183284367018519 0.3192609013402 -0.0865876146752559 0.216117868143317
-0.332354653276557 0.186692539182037 -0.129105333001676 0.167679013359658
-0.388764071912417 -0.0168499936157944 -0.153749659079364 0.0789714457396562
-0.383038108392192 -0.288631334162021 -0.123320839711734 -0.0449758161765378
-0.0333457402657096 -0.467208924541025 -0.0169515792957054 -0.123668039300132
0.378845227876611 -0.34235701840835 -0.0432996497065963 -0.0110222079524405
0.595389154946737 -0.160777529466877 -0.258247650209504 0.0371024047918206
0.405189248166047 -0.113531751804982 -0.579201070879943 -0.0515661050954975
0.298400974387197 -0.288164095371028 -0.383966201233332 0.172804689891308
0.0036061041969402 -0.376679008201802 -0.0424210194532881 0.0749024513602389
-0.263330575390879 -0.228341924448326 -0.0548099605828782 -0.0403973255509898
-0.287778145795159 -0.0359343968451386 -0.221691531496199 -0.00149606173253298
-0.247154704742568 0.0986364502836201 -0.270651376241409 0.163942378937527
-0.169056791754506 0.205578049202197 -0.199127198273428 0.309082686779867
-0.117075578683002 0.216453845390286 -0.125022903582219 0.340573598662872
-0.143312899968358 0.203604945499062 -0.150272219843798 0.302976641374092
-0.235646938556863 0.102766744005614 -0.206261959421257 0.211675894713598
-0.250286549306353 -0.0403424587482995 -0.222715469508873 0.0732376860840649
-0.215388573645398 -0.194945170824665 -0.145829096521121 -0.0583729516653764
-0.00570632111412241 -0.281683663334966 -0.0338774216178094 -0.10330157717276
0.240015089201057 -0.214054722578855 -0.0842554795280617 0.0337035012587572
0.405075473003753 -0.132946108706168 -0.403397563871503 0.0609799785563581
0.170921537253196 -0.0937956113260198 -0.726660284895774 -0.0416606719396142
0.0967382690169593 -0.149461776859517 -0.467988877952727 0.222217972732068
-0.0289706549972116 -0.143525118967039 -0.0846848999635944 0.10081294615312
-0.0925439336746429 -0.0585689905845091 -0.0789150897421464 -0.0226654990152655
-0.0888555760685137 -0.0232389563836822 -0.247710764290052 0.0041839296988031
-0.0987544316822924 0.0177738420736135 -0.313602822214218 0.195484196273611
-0.0874798580289386 0.0629314576624309 -0.236985141490604 0.354112914834548
-0.0659731100842306 0.0694641424704777 -0.164548006619543 0.391360468250378
-0.0814708741572931 0.0645362646911865 -0.196785991463069 0.342218458409004
-0.111752328572594 0.0173059138053705 -0.25990055419289 0.216332339437544
-0.0953588497693685 -0.0443907550810919 -0.262025983216042 0.042314872357957
-0.0521165546096856 -0.0772858337664345 -0.144933315118753 -0.0780725024170242
0.00116997603840289 -0.0909430007261352 -0.0391333637754016 -0.0839529878399874
0.076671804962887 -0.0906171833673715 -0.0979950578849614 0.0584454734792975
0.170998723516752 -0.0972472803591809 -0.469092186933071 0.0778615795691294
0.0847513642709886 0.0399533895560995 0.497012337864959 -0.129906276025383
0.0944694136389272 -0.00873849126150524 0.16083234937695 -0.179076794356662
0.0254482406643239 -0.0859209595693223 0.0145881060113922 0.0523027857814835
-0.0819823109866361 -0.0625495349622139 0.107423540144693 0.108198777712487
-0.0795307347219552 0.0262352742543238 0.275888268871618 0.017351728489295
-0.0340784199830083 0.0662211824790526 0.310827590801908 -0.196929479274932
0.00956708737298954 0.0884429319425745 0.22518591677788 -0.343048615743442
0.0095426661605676 0.0941361704990778 0.172279353147457 -0.401327399220243
-0.00472758230054937 0.0974156403803028 0.212083653976181 -0.378793764640183
-0.0579805192718034 0.0733137110040423 0.283708650365618 -0.245777878891415
-0.0940855792325909 0.0182865151801218 0.259232581156237 -0.0629748082552637
-0.100145403936891 -0.0885588298207164 0.125108918427109 -0.0192793661563647
0.0444057976912147 -0.114897282842821 0.133760266490754 -0.110205450850939
0.124488639414597 0.00782021463221779 0.39991828457125 -0.184039561426685
0.0783753186088917 0.0773258066543218 0.792248167784902 0.0215490276358236
0.29783098471208 -0.00748388239449128 0.460556599266222 -0.10780195168104
0.242866901550137 -0.123214366774969 0.162343627262671 -0.161392231922329
0.0386324232672773 -0.252556338135456 0.0343531505596202 0.0310090898536718
-0.209819397313355 -0.184415630631733 0.095429509180562 0.08732068980402
-0.237964647794413 0.00985520843712669 0.237319014089525 0.0292484427024964
-0.168431255948043 0.133026611630794 0.275775358657023 -0.158418333606377
-0.0740271347775476 0.222809628163044 0.206409500147936 -0.27960924864139
-0.0497220166014516 0.24226442192914 0.160960689083256 -0.330977645940428
-0.0855809685237455 0.250359040888111 0.183732178285115 -0.316391973755691
-0.215406978700129 0.168183983328377 0.243370551224037 -0.20479307020398
-0.280111010915757 0.0110020617147066 0.223503443884171 -0.0515691414069346
-0.283904158774217 -0.235168084868349 0.101262395997833 -0.0349667999943642
0.0421897626291051 -0.354007411679089 0.127869916074484 -0.14639919525257
0.333167384826525 -0.16663492574884 0.346161160089761 -0.204999423779134
0.378784986649647 0.00733598301205746 0.675395076622395 -0.0177692356992103
0.483146020584434 -0.051056339945198 0.341785252010956 -0.090986471325904
0.381235751649175 -0.241432091378795 0.121995261011928 -0.122939999957166
0.0494264927190937 -0.415523455838776 0.0547150872250979 0.0213376154917121
-0.330658040466677 -0.298982227787368 0.0896541337672617 0.0577581436036785
-0.384504302324084 -0.00908436338335904 0.175615656390016 0.0272860469811191
-0.291457994034606 0.184226682158603 0.200547405342476 -0.107033461674876
-0.152208863892648 0.328604456941462 0.153920117478292 -0.178061211029953
-0.0999879809542947 0.355048887876563 0.125661345529945 -0.209524587993042
-0.146248669762885 0.365798719985818 0.130748611655965 -0.202732403763436
-0.331458923840589 0.245360048678102 0.166389441588144 -0.127494587108143
-0.427280422726646 0.0208539394611113 0.15015717654816 -0.0272337126715547
-0.449390344715825 -0.329521216629282 0.0540410616336503 -0.0464500266905916
0.00199818622821366 -0.544795731358945 0.099224897600341 -0.169615596946621
0.469416983053033 -0.334680293500569 0.252154126301594 -0.196000134313093
0.609678190076027 -0.0785003507104411 0.470032710264875 -0.0343097517340146
0.611643845239816 -0.0924740566835971 0.147293412267214 -0.0769053331736293
0.484061879511175 -0.353217602116116 0.0296076319913101 -0.0590312466933045
0.0473741313051465 -0.556507227364906 0.0624642596141105 0.0254371383871445
-0.434164366958393 -0.385069131410583 0.0750974201522032 0.0230787389520896
-0.496015421047174 -0.0212620295886722 0.0849786917884769 0.0173202539676777
-0.380981661309592 0.216117319508784 0.0889961044800996 -0.0407095428888899
-0.210860947154814 0.389123536868659 0.0723927574376722 -0.0473242235020881
-0.134970643328605 0.415170749846584 0.0718265268885668 -0.0561761752158326
-0.181195964869424 0.423580568621947 0.0628573256041046 -0.0575762379064852
-0.393234792792772 0.285569155165776 0.0695358249198254 -0.0224856040051914
-0.505880112526905 0.0314670559668808 0.0498892562760669 0.0123717364038366
-0.54689248402329 -0.362821716434239 -0.0109609964936357 -0.0468889100966234
-0.0467263434097156 -0.641678900118071 0.0554916906121968 -0.17188467509517
0.515021018645936 -0.443575267838906 0.139490350788753 -0.149722898226164
0.730629227781061 -0.153981908627796 0.213243473968237 -0.0209659148036436
0.654058532307686 -0.122053024068731 -0.103678073632444 -0.062269046340802
0.514895771819602 -0.420127899348107 -0.106961602470145 0.0269506834847162
0.0328643561169528 -0.621594044756821 0.0470165643893816 0.0404962911708688
-0.47647528664697 -0.412809727715812 0.039914403967235 -0.0113958704632959
-0.531053673405347 -0.0277089287519499 -0.0308016243122637 0.00849449394256637
-0.411559191624799 0.217674288079323 -0.0463400273900817 0.0378943278741396
-0.237749147504846 0.392133422837397 -0.0256583223765751 0.0958240315874367
-0.149852520949897 0.412372154005665 0.00711298487647493 0.104941741522195
-0.190216595348334 0.412822773881791 -0.0100452011385037 0.0948057922452113
-0.39432615081122 0.272334780400782 -0.0326271563820471 0.0891932574884301
-0.496591406848549 0.024439743285802 -0.0592767282783064 0.0574732175641356
-0.53285109084712 -0.344118487205282 -0.0787043110586053 -0.0408410113430259
-0.0683092801112474 -0.615791655399844 0.00853887662896407 -0.154367230334988
0.481266981682169 -0.453984160481851 0.0324928460606102 -0.0788506186666026
0.72569208644573 -0.190728403780846 -0.0465694381692057 0.0133462967564123
0.58728403426147 -0.14059861027755 -0.368390154975567 -0.0470210308219709
0.453226696266893 -0.406221228581666 -0.259549112004695 0.117928017287124
0.0136781841822598 -0.565202067420309 0.00856848610671762 0.0587930399788497
-0.422951697618531 -0.356424508490044 -0.0109103949231612 -0.0366728367182348
-0.461410035521564 -0.0280716943383667 -0.146710132121609 0.00490936583689098
-0.366863661032064 0.183001543022973 -0.178696093554266 0.117503640884952
-0.221290184677967 0.333910152796348 -0.120885775752973 0.229283690273165
-0.141467240733843 0.346880346143818 -0.0584994553301741 0.250556555075399
-0.175657943507976 0.339439379608783 -0.0812182205867798 0.22779171336016
-0.340456018262571 0.209177504393413 -0.127736369388444 0.179607282700276
-0.406447960925948 -0.00225008080771197 -0.156878892636407 0.0847700309356876
-0.410769348206165 -0.28286281119365 -0.129069091630159 -0.0404674106245928
-0.0506274573397788 -0.48418150372065 -0.0253200276853399 -0.130115043648947
0.382947419598437 -0.368395624154402 -0.0459054552332073 -0.0098143817457782
0.611067931439958 -0.18647591633649 -0.266735962855203 0.0530174894058357
0.417800448422635 -0.133438865453754 -0.600201584468077 -0.033059606780538
0.300743730771344 -0.311289728784058 -0.392464038623332 0.193272819779793
-0.0108203024096559 -0.389431726115711 -0.0412271785954353 0.0793488020930765
-0.282747394885516 -0.225313918909808 -0.0570429958242163 -0.0409314332813216
-0.302472089819692 -0.0250869372178573 -0.228494685369356 0.00652368603824282
-0.255364856182571 0.11371513993628 -0.276992689917315 0.181359551009296
-0.168051864666351 0.220329259612971 -0.195025091741647 0.328750028502488
-0.11215673074814 0.227716896656209 -0.116106022916067 0.359378268843994
-0.138928410187697 0.217115277627383 -0.144767999030977 0.322020262559572
-0.24204815172364 0.117755590332908 -0.207206073098855 0.22934140541447
-0.262123152063111 -0.0309409756352172 -0.228805625900647 0.0812448207609711
-0.231909697112551 -0.192232072809174 -0.152628205830791 -0.0536115988128396
-0.0157660091473927 -0.292718542538819 -0.0407137681007668 -0.107715594971959
0.241869488623837 -0.23160152237631 -0.0877014840472128 0.0381434592545096
0.415684695216837 -0.151924773813489 -0.417265913491506 0.0843045977805152
0.174507145329317 -0.103959979272232 -0.75278111887395 -0.0181195038194379
0.0951467737513088 -0.159648892594165 -0.478487263993596 0.24882901577784
-0.0363868776494071 -0.146914180407111 -0.0855608463866247 0.107792785039647
-0.0988078440762801 -0.0560289831481319 -0.0822425670460389 -0.021716303587065
-0.0939323916383887 -0.020604777396452 -0.257358937186323 0.0128777189710629
-0.102619546611036 0.0230716772057633 -0.320614104036412 0.216606371498522
-0.088688703318548 0.0687320260924835 -0.232996415613408 0.3785624085476
-0.0653357010041857 0.0734959654069251 -0.154820136340629 0.41412639854303
-0.0802140750913084 0.0696999517965463 -0.191394318152525 0.364401960388539
-0.115151385754558 0.0227813534294527 -0.263031494756872 0.235939539965363
-0.100995319005664 -0.0410755233780987 -0.271822550383795 0.0529018050766012
-0.0580611560615812 -0.0765644728818501 -0.152329182301452 -0.0755263006072407
-0.00328239932133724 -0.0946038429596171 -0.0437489943069597 -0.0861266649608144
0.0769191328781798 -0.0971374224204135 -0.101600072308089 0.0632755123031039
0.174938232332923 -0.107320375054645 -0.483093489078085 0.103904696552048
0.0888237566301326 0.0364861855718307 0.499777162752192 -0.166839293880474
0.0974177659070866 -0.0141748456958547 0.152407093577788 -0.194492699436241
0.0214089695998627 -0.0907439292740016 0.0194709005622378 0.0535920160004933
-0.087629624475904 -0.0593833650798683 0.116804840328467 0.10587780769416
-0.0795046811876653 0.03294173471112 0.286544883200326 -0.000392687632956558
-0.0304194296616379 0.0699224411341637 0.308016931820169 -0.224560274252482
0.0159831621133972 0.0904559713043465 0.209952468655062 -0.367791528892575
0.0162770056723243 0.0964512483412905 0.14933405477006 -0.424776866322057
0.00145186381171403 0.101265018668861 0.192060605140949 -0.405033979387042
-0.055719198833858 0.0793262049265518 0.276604972126102 -0.271854024765381
-0.0957767755562577 0.0238606420484754 0.26244424504678 -0.0803941703535869
-0.108993925914164 -0.0845040434872104 0.126056545291726 -0.0275680952810747
0.0389142933243958 -0.119772693168233 0.129498145010779 -0.121762533125535
0.128009426474582 -7.07100435699617E-05 0.400912089520698 -0.213087809611447
0.0832571484548032 0.0755360666030551 0.811850780926836 -0.0290443112618002
0.303131419229356 -0.0256275370485269 0.46412630778569 -0.141927899878757
0.24270420897232 -0.140994840197055 0.155492249458017 -0.177720778889544
0.023999871175475 -0.260242238828257 0.0385840251650376 0.0308891623860679
-0.226355238034574 -0.174067206656245 0.104391562060467 0.08404450945032
-0.242978350313241 0.0266522238350837 0.249080036553529 0.0140668287127057
-0.164697369529463 0.147434142623109 0.273795786578586 -0.181530833599196
-0.0609788949302579 0.23422697831387 0.194445457414545 -0.303174410834507
-0.0338589463195541 0.251415565135201 0.14323082963743 -0.351912925492352
-0.0706928160187916 0.264236772694115 0.167166442642095 -0.338055717515416
-0.211515519420752 0.187927673911313 0.23729593978538 -0.22777576883478
-0.288308676952883 0.0289517124215679 0.226799135384184 -0.0678919767580962
-0.307633515558578 -0.221733434845133 0.100934561729677 -0.0412927349459122
0.0229647110660153 -0.365325149369876 0.119574462788983 -0.159057748443429
0.331810646398601 -0.19239750980089 0.344475041766577 -0.230281005104323
0.386142528990075 -0.0141136214683852 0.691187579465165 -0.0611600724662944
0.489970474765248 -0.0826387304297405 0.346292019606614 -0.117003589095032
0.376454917353705 -0.270441733246956 0.116262042019966 -0.135368992119808
0.0244235837546283 -0.426130366562763 0.0589041797445676 0.0205297740261584
-0.357795573698896 -0.281674708091428 0.0971784156140038 0.0541026845573174
-0.39514400616037 0.017225260336453 0.186866797411536 0.0159710350542022
-0.28863811759596 0.208541479762835 0.200047081661379 -0.124059563066047
-0.134379778143106 0.347800314228692 0.146622458784073 -0.195855794563631
-0.0784594340270861 0.370256775505843 0.114760346806802 -0.22441399647645
-0.124240022835099 0.386324812757498 0.12062984004837 -0.218210940000943
-0.326736723442264 0.276287973897393 0.163788531580174 -0.142669629615233
-0.438341480578409 0.0483497391129162 0.1528065814304 -0.03966410281581
-0.483027391061315 -0.306994871805779 0.0523182114248776 -0.0497395976867464
-0.0302554506700742 -0.559581783045325 0.0872105505571721 -0.181523459577938
0.46161930007762 -0.373390487788811 0.248460260509416 -0.215701280885051
0.617745949367024 -0.116447364928516 0.481215998208029 -0.064617885712742
0.617502954522325 -0.132682852705321 0.148611650536982 -0.0903087110312798
0.474202111393567 -0.391517121363534 0.0255623185958838 -0.0637366147686815
0.0131088415966998 -0.569437399379965 0.067057964461926 0.0242183303315544
-0.470186935732174 -0.363090636279462 0.0810467224788104 0.0192620239471522
-0.509824447975786 0.0127249337788391 0.0943577753645211 0.0112980326762322
-0.379624203156825 0.248426996855368 0.0887973073121577 -0.0482743378712333
-0.190298785149677 0.413643694958703 0.0712307875808408 -0.0559167960360744
-0.108966991996676 0.433006692493205 0.0698924533246429 -0.0632824838134553
-0.155613479795516 0.447258836197382 0.0603536756317626 -0.064516281644138
-0.387316813963065 0.322081180006013 0.0712551242138724 -0.0280681073883717
-0.520086925234911 0.0657874211848369 0.0526466256416566 0.00669301407203388
-0.586436266893528 -0.333490032027387 -0.0139169155887347 -0.0457483758749878
-0.0873304240308143 -0.654864000760867 0.0404885801058595 -0.180539343645042
0.503363985536621 -0.488816316591378 0.134072526686663 -0.161770495671764
0.737098003052281 -0.19900456137614 0.218358254955755 -0.032340098537132
0.660574035886467 -0.167770027941094 -0.105518081125199 -0.0593172670060911
0.503217729674091 -0.463007503122865 -0.108229482467716 0.0335124169304795
-0.00670704660788284 -0.635734830987733 0.0517582532007714 0.0403758936280643
-0.515435602955843 -0.387456755382336 0.043181348194782 -0.0140593484962726
-0.547962472986671 0.00883850197567026 -0.0248567878554648 0.00975424826209962
-0.410767804811226 0.251708337340397 -0.0458190845659038 0.0417880983442305
-0.216353636198384 0.418831918685724 -0.0197208656388253 0.098066504218669
-0.124925229797529 0.430604900916432 0.0153621587894657 0.107026711754455
-0.165276273242207 0.437437403579433 -0.00401156163952937 0.0970395877912402
-0.388376469544172 0.308666033241751 -0.0260672648434407 0.0933453155148411
-0.510943347290213 0.0585764318428135 -0.0566929389499497 0.0590741544552838
-0.570811292892098 -0.314960901479338 -0.0826818676382441 -0.0344828427716416
-0.107751289335646 -0.628884353711275 -0.00557999089480158 -0.160717226617826
0.466863577834282 -0.496983395343462 0.0282278668966394 -0.0824169587027387
0.730981421546761 -0.238034778691393 -0.0457574209705709 0.0209073204554776
0.59203072607308 -0.180738213660076 -0.37557681591689 -0.0271538003746152
0.440748802528023 -0.446808635131461 -0.258572655246576 0.136853529074804
-0.0228366755405801 -0.577836275784018 0.0135373875715697 0.0608122994460386
-0.459693624815289 -0.333735333483082 -0.0104669186082341 -0.0370831907658071
-0.476973061860391 0.00355874107623548 -0.14541933073035 0.0136004770672497
-0.366006804513006 0.21434671288833 -0.177192896763211 0.133188330326595
-0.205007643640241 0.359124614454734 -0.109005862606281 0.24157921065792
-0.120888634107601 0.362510025011037 -0.0419557884798851 0.260783693713562
-0.155492290568242 0.359707520601852 -0.0681599945821256 0.238948305657846
-0.336279060190446 0.239406183335459 -0.118758086118005 0.193309238274462
-0.417949418306996 0.0260326288658952 -0.155520959662967 0.0942636043333062
-0.441243374528071 -0.259155765089021 -0.134001613679916 -0.0318698116337752
-0.0815466544655824 -0.492888013031085 -0.0384303888788229 -0.133441141086816
0.369590835535504 -0.402063324569083 -0.0474475445752685 -0.00696176445922448
0.613550488962923 -0.227569988098559 -0.268131454075676 0.0766214875262492
0.419537723583538 -0.164325648147855 -0.61148603177477 0.00268065103341197
0.290641897407239 -0.338220785772878 -0.388883755893538 0.224267185531289
-0.0373420177501176 -0.39693530142146 -0.0372749952088262 0.0845687400290602
-0.305640070954951 -0.210541596211378 -0.0594726194699009 -0.0392933787893286
-0.31307895641587 -0.00509390066260697 -0.231365328358051 0.0213267836358315
-0.2561306522149 0.135877168563996 -0.274379017083211 0.20486803753809
-0.158345905322305 0.238735529110528 -0.178741032513148 0.350074963730803
-0.0993189918279578 0.239034985410477 -0.0934136277681118 0.37718951333457
-0.12559085865914 0.231056801682739 -0.127354634566103 0.340099199918097
-0.240844485709175 0.138931138295057 -0.196622647960927 0.25002753244435
-0.272122747275813 -0.0133047909633454 -0.23038600474858 0.0967900706437782
-0.251545281545507 -0.178303982831726 -0.158736889977798 -0.0444770280081791
-0.0361315502611545 -0.29851855394446 -0.0512004333779875 -0.108791917463407
0.23425594860843 -0.252470641114419 -0.0887026084892263 0.0439147490300768
0.414827872666831 -0.181583632753488 -0.420100254049302 0.118740158010669
0.172638019123814 -0.118275330919169 -0.7668226233958 0.0283932884225046
0.0878783091492381 -0.170240116934102 -0.473557006466822 0.286244585564077
-0.04748939719647 -0.147401748135907 -0.0817688801609801 0.115522970258544
-0.105229021446796 -0.0490695659220364 -0.0847673812076561 -0.0181224489225216
-0.099844586414493 -0.014446451496776 -0.263118538780217 0.0293610153026897
-0.10507921376241 0.0317757988004541 -0.316410010215372 0.244254955208298
-0.0863484990285306 0.0767705379613278 -0.213988204113091 0.405659255075239
-0.0621183875313771 0.0778199618453424 -0.129563679763263 0.437349438541022
-0.0767724165651624 0.0749104891475803 -0.171412868103479 0.388931278783862
-0.116301024870287 0.0323562216484466 -0.254037570154387 0.260979625580102
-0.105994762274184 -0.0337773226898701 -0.275567427160066 0.0715619715479357
-0.0648394112308018 -0.0727656312086216 -0.159696753658981 -0.0668957755017304
-0.0113247776016711 -0.0965135348624136 -0.051192947057784 -0.0860450627936374
0.0736930459251217 -0.104491520138445 -0.101596352276687 0.0707881708562717
0.17331474418911 -0.121844882757637 -0.487673541965711 0.142960385807948
0.0901152997054199 0.0309437405653658 0.482769310273622 -0.201646590135105
0.0981600627712903 -0.0199269787824528 0.137497186604962 -0.205660556789355
0.0159756790416302 -0.0923673430388162 0.0241773383983553 0.0530885280131191
-0.091097284346377 -0.0542891525014549 0.124466068705991 0.0978377771404298
-0.0763430904963749 0.0384338264608738 0.287113777483437 -0.0215290018431739
-0.0259228604258723 0.0716663258385276 0.292558869366025 -0.246789138104069
0.0229735194711795 0.089463547469851 0.183473440811497 -0.382535953601672
0.0233832831895548 0.095152492912245 0.116986269290784 -0.434294344264337
0.00819809360408421 0.102396654597727 0.161313661105498 -0.418390928232143
-0.0507941764326191 0.0837820393457617 0.25610021179046 -0.292141825995453
-0.0949624192729013 0.0289612802243643 0.257217748168951 -0.0983349781234779
-0.114335013931239 -0.0760511805398819 0.122614096490861 -0.0351897733378938
0.0317716866469648 -0.121398156097067 0.120652562504253 -0.12890566125747
0.126865344645286 -0.00884628749842691 0.38749469652095 -0.23768722826219
0.0864670475084032 0.071057805240937 0.803154584532595 -0.087642664220389
0.296970464561265 -0.0450993347496595 0.450707380178326 -0.175320660833335
0.233312689058288 -0.155175549247889 0.141009522863434 -0.187639109862699
0.00639407838102718 -0.259010639244257 0.0427355003984583 0.0294693699465971
-0.236626951181119 -0.15647709668514 0.111011796639198 0.0771270656303224
-0.239578752428967 0.0445373117988265 0.252942184289379 -0.00502040960293669
-0.154374469683582 0.158972572796672 0.261985633670897 -0.201651535770919
-0.0432379490402824 0.238060482943202 0.172731334192189 -0.317370164268959
-0.0150264470557274 0.252651927604504 0.115885276279842 -0.361020846723262
-0.051465216482713 0.269760884357169 0.141627402614697 -0.349956409018054
-0.198656875394406 0.204438762973406 0.221669246818878 -0.244273947042959
-0.286457189773258 0.0482102008191337 0.222318540495942 -0.0843396882590098
-0.322553042342261 -0.198824572830441 0.0970930941304487 -0.0464549111940022
-0.000898134152677092 -0.365515102306367 0.105780743407728 -0.165804811607718
0.317693217725643 -0.214211594328949 0.330763191573091 -0.252476548061442
0.380393500099996 -0.03727885133383 0.682368389582635 -0.107344385849098
0.477706351039759 -0.116166286149658 0.337246272378479 -0.142429569317881
0.3575470639025 -0.293703589265327 0.105052279853547 -0.142965638076864
-0.00483767344640183 -0.422286670884076 0.0623396574466706 0.0175472928166523
-0.374216557824554 -0.253578240241673 0.102600188543899 0.0473094088336237
-0.391229538573241 0.046732213871721 0.192618291550098 0.000144233892941811
-0.274584198289983 0.229244358982512 0.191194903803987 -0.138543063058352
-0.108636536075928 0.35587254574542 0.131754587359515 -0.20736132922292
-0.0505120178491932 0.373335701140877 0.0978572774623062 -0.23200247416703
-0.0947233571498079 0.394114732679447 0.102665185637761 -0.227417512512553
-0.3080107195679 0.301751126656827 0.155244609813429 -0.155289086593242
-0.435374478362749 0.0783263825667193 0.149869631457151 -0.0524856754797529
-0.50489882481205 -0.26893653381757 0.0495794994728824 -0.0512388029633806
-0.0669995833814644 -0.556083755291427 0.0707502812916476 -0.187041228164147
0.434339836023862 -0.404116057051592 0.235408434072434 -0.230953901082907
0.602664708199139 -0.155189831526119 0.473410786293869 -0.0938716012857726
0.602293689911652 -0.174956165666568 0.144081949394708 -0.103036909513019
0.445648477683418 -0.421014011946416 0.0206864761073014 -0.0653065560539412
-0.0286367023067395 -0.564200953049094 0.0714111660967929 0.0211408112153609
-0.49165240014299 -0.323781040495587 0.0845744807133997 0.0134619518017736
-0.506595292082246 0.0514671542252326 0.101139826891264 0.0012237117412026
-0.362190656413235 0.275692561446887 0.0856964225754502 -0.0554391407742567
-0.159976805127786 0.425793758397457 0.0668322910305682 -0.0628441996420905
-0.0775113018390654 0.437115750583253 0.0657508471298572 -0.0680400792467264
-0.120794394654516 0.456107266450342 0.05502358181425 -0.0694489533112342
-0.363893419806173 0.351643081189208 0.0708690383271929 -0.0343462195609012
-0.514376872841972 0.10214027713504 0.0523030321716823 -0.000534334904155643
-0.607719222765537 -0.288050184528372 -0.0158032768187507 -0.0428111802469149
-0.130274342272001 -0.645300554540552 0.0236046848698176 -0.183912875955305
0.469031154295693 -0.520615867308645 0.124445426314273 -0.170122417634995
0.716769386667083 -0.244083769701946 0.21661785343518 -0.0439430792742626
0.641482886759129 -0.211739287313376 -0.104848923489358 -0.0550855200126184
0.470825384838707 -0.494561739889329 -0.105332817462524 0.0407782366258028
-0.0506344961506135 -0.628545773949087 0.057349626119167 0.0376273479720737
-0.539818689812397 -0.344272112325247 0.0453220158393977 -0.0181778814270599
-0.544718666385688 0.0500930446667369 -0.0177063687914194 0.00837292630787562
-0.394026159841729 0.28281433755208 -0.0428830196002827 0.0446256290953835
-0.185917011005621 0.433656027979857 -0.0124922255666373 0.0973729688115536
-0.0929482094392214 0.435368307491193 0.0239888249555159 0.10561316181669
-0.130250057118277 0.445006431324289 0.00239597644798643 0.0963963958746025
-0.365864884932011 0.338089600742024 -0.0181897310979695 0.0944421599527621
-0.50369402143125 0.0954867767008004 -0.0533090512483373 0.0594998003418885
-0.590460612307027 -0.268179547501189 -0.0827476527154254 -0.0276933975814196
-0.15118818030225 -0.616904261268824 -0.0215392568954922 -0.160629430582323
0.430244405047285 -0.526268859456498 0.0238853798969635 -0.0838865179019238
0.707844941695079 -0.284126193323101 -0.0412007472377869 0.0280798327368167
0.574320305304982 -0.22138636632206 -0.370321089986382 -0.00494886059600189
0.409712873351682 -0.474155155797049 -0.247473244117667 0.154276200374626
-0.06353992080055 -0.570360113544684 0.0193190989614539 0.0607787698464802
-0.479448487494303 -0.295905079938605 -0.0100357831112629 -0.0378316236231233
-0.476435658351777 0.0390359362644361 -0.138236803833634 0.0211509598436152
-0.352041012667873 0.241249813864167 -0.168026165059915 0.14562890931672
-0.177671357828243 0.372556466086749 -0.0910814406703034 0.248207457474994
-0.0934098585996794 0.368144108143451 -0.0217211206587151 0.263561162281905
-0.126776017265614 0.36776908739225 -0.0510603985921594 0.24285494938982
-0.318424925339201 0.265571891374646 -0.102897191439402 0.20039003991265
-0.415751105603682 0.0560642335379673 -0.149851809680115 0.10196844593998
-0.458528248645607 -0.22434167544218 -0.133251962328743 -0.021553667070952
-0.115873189980735 -0.483941777088438 -0.0512910689054862 -0.131252762200604
0.342000712139161 -0.423789331677205 -0.0479531945542351 -0.00450988156690808
0.591654707547276 -0.265207226516489 -0.258074174755757 0.0994906801013244
0.404735804461218 -0.192242130726788 -0.603377207263807 0.0414379174090745
0.266924628597632 -0.358000656616185 -0.371450124273358 0.249913693452475
-0.0654135217840021 -0.390937328376217 -0.030971606501042 0.0871493085622155
-0.319278601529019 -0.184344066039358 -0.0596750127804984 -0.036481557738009
-0.314324040239282 0.0192279400693805 -0.225747348066273 0.0359625186436828
-0.24753481685631 0.154797298163093 -0.260138472965468 0.225328264296943
-0.140635309826401 0.248980785823495 -0.15299407773234 0.362486087589849
-0.0817033307539091 0.243162879675345 -0.0638926124120935 0.383278010952652
-0.107027621850456 0.237500519302051 -0.10152408871066 0.349376990445537
-0.229875499417986 0.157249792077757 -0.177205349035968 0.264017314622136
-0.272012745240819 0.00723355514607751 -0.22395820491162 0.110699695119251
-0.262997200564232 -0.156291315582499 -0.159093438220629 -0.0331100404755012
-0.0579220154497566 -0.293817320189047 -0.0606259212838639 -0.10587935306016
0.216615268880642 -0.266775257015963 -0.0865914603384774 0.0499289008545547
0.399547499679958 -0.208416264142714 -0.40618118145951 0.152329166671194
0.164019298716156 -0.130149328937587 -0.75797069738421 0.0771756668517822
0.0756123496638375 -0.17637759128703 -0.44965511678841 0.317949831869032
-0.0582831741906967 -0.142160894548722 -0.0746861553238917 0.12047946772816
-0.108117160824827 -0.0394640060113575 -0.0846526735013659 -0.0137811628047923
-0.102143695317714 -0.00672366849300839 -0.259527625065799 0.0472767888451741
-0.102421337624564 0.0404650723877461 -0.299934753109647 0.26828636767448
-0.0803359417505177 0.0826066205803759 -0.184140685653444 0.421174644309162
-0.0565241787457897 0.0803388373839263 -0.0956238587565162 0.44499208928212
-0.0693379532370184 0.0782951148770751 -0.141877993984993 0.400562558997772
-0.112360171326824 0.0409569629988114 -0.234301366165142 0.279499445070254
-0.107399800508531 -0.0246668108770507 -0.270732376762872 0.08995817961426
-0.0696061010096602 -0.0656536032541196 -0.162281302775182 -0.0562485361128439
-0.0198800942516389 -0.0944253811962363 -0.0568234003138293 -0.0832493472671995
0.0661707719449677 -0.109227612478417 -0.0983961447690659 0.0772053943669984
0.163549739009198 -0.134411082119078 -0.472975016165664 0.180458280886304
0.0880446987044635 0.026917890758476 0.457379110476781 -0.218879958856393
0.095907810646711 -0.0237984952442896 0.122693040810136 -0.207187847043566
0.011018825315552 -0.0906025008385525 0.0282191512120291 0.0508880918368313
-0.0918827210837416 -0.0495975019720644 0.126485574975747 0.0900666510786225
-0.0709967783771382 0.0412258845330459 0.279592235353032 -0.0370234780942605
-0.021250370570644 0.0708761684502855 0.273784735556261 -0.257621979023979
0.0275990214347638 0.0857203202425322 0.159532352278777 -0.383901179852251
0.0286567918389718 0.0922446102049564 0.0909746573302093 -0.429735640698455
0.0134691248423003 0.101043766512319 0.135083869517448 -0.417428030743653
-0.0464435860272138 0.0850229094963743 0.235911403195518 -0.298837275272288
-0.0924858864074204 0.0320852997659242 0.246978009466255 -0.107472747605806
-0.114856002171045 -0.0685575974652777 0.116842284974119 -0.0390758565673085
0.0262404116139782 -0.119974696050522 0.111107034556121 -0.130239929916851
0.122225233457047 -0.0135945763087548 0.369635343457886 -0.250521341973723
0.0864906520151876 0.0668797384010378 0.775780416919179 -0.121696146461504
0.283500685878994 -0.0564926004439444 0.429082016335094 -0.193333119740621
0.220885450636277 -0.161235751588438 0.126627938205012 -0.189471862703356
-0.0062259405921872 -0.250129871700016 0.0460748175884978 0.0278372491742232
-0.237052611280186 -0.139967449680523 0.113420035018158 0.0697607853214557
-0.230627208460183 0.0560187755990559 0.248659151036257 -0.0200978351471527
-0.143448569314757 0.162960803624033 0.246263895337506 -0.211375276749616
-0.0297817482857592 0.233790004283616 0.152716549238452 -0.320226508293121
-0.00146475769576078 0.246493219021407 0.0940462854719949 -0.358194470891108
-0.0352571875369389 0.266408466347132 0.119152311801731 -0.349837250293297
-0.185513710645131 0.211335972563627 0.204591512364584 -0.251580015227812
-0.278819637227583 0.0604672856240936 0.212720003596428 -0.093787975537572
-0.324512953517115 -0.177126291131125 0.0926541979759526 -0.0483130826444446
-0.0170368450724273 -0.356864594185808 0.0931753966787287 -0.165866558214862
0.298572740122765 -0.223934957678211 0.312485286196843 -0.260456019494131
0.366946659061156 -0.0508492490561885 0.659095847439476 -0.137513586355203
0.454868133919448 -0.133563001060364 0.321016537906404 -0.157270603587718
0.334314232915435 -0.301034730147471 0.0949023971683641 -0.144321672227243
-0.0257148830964972 -0.407233094890586 0.0653928970196295 0.0149649536323885
-0.375693670962548 -0.225517070996054 0.104931595374049 0.0399856290065351
-0.378522328756643 0.0659071119147481 0.19185214177973 -0.0135518639439228
-0.25768031552667 0.238588731246377 0.180779362373659 -0.14672724381811
-0.0870765966771312 0.352418369990394 0.118101350863684 -0.210213201461544
-0.0293152683497099 0.365034060739172 0.0839571277322092 -0.231345593834524
-0.0704417448146256 0.388105484528615 0.0874959935629666 -0.226974968069438
-0.285885323576135 0.311838732432541 0.144023270204557 -0.160862559131703
-0.422733392716487 0.0975612835593687 0.143129511079926 -0.0604439564472882
-0.504482014018747 -0.235883143985543 0.0463047096407662 -0.0504921564325173
-0.0907416657478974 -0.538198180034795 0.0570525627341104 -0.184574326040126
0.405172756796399 -0.413176992161399 0.220019691405389 -0.23637764123336
0.577368580860524 -0.172738775534158 0.455835041210251 -0.112308089321957
0.571216623239889 -0.196609335597495 0.137826162435994 -0.110314030919522
0.41612621558278 -0.428836872560221 0.0175634773116647 -0.0649823373751274
-0.0541334855286857 -0.542425633741597 0.0742704345923731 0.0178494218554998
-0.493075970140382 -0.287777647177472 0.0862225648310774 0.00688863208315058
-0.491163020899168 0.0782834235843978 0.104144694251915 -0.00852631685415731
-0.341576490381968 0.289301197319011 0.0811818515383044 -0.0595479569137263
-0.134211866305972 0.423146342368467 0.0619604888440837 -0.0658213718981252
-0.0531218341225936 0.427478449498385 0.06188644912325 -0.0695593830083153
-0.0921664634939307 0.450009833222312 0.04920143799091 -0.0705426580825949
-0.338234152989384 0.363784022716756 0.0684910092523177 -0.0385169492305732
-0.497746099441048 0.124945339734272 0.0497640659480055 -0.00518550696194505
-0.605406142916827 -0.248075659355626 -0.0155187658436403 -0.0393590592074786
-0.157824464878719 -0.622893294987624 0.0101064663803924 -0.179834297895485
0.433080190305641 -0.527511978226667 0.114320961947517 -0.172437170035506
0.682589290345912 -0.265948856818422 0.211051707974213 -0.0506867605526174
0.609735621181391 -0.235228687647287 -0.101024974449517 -0.0528163594660241
0.435143353537757 -0.50231265549006 -0.0996759523013928 0.0441877302425311
-0.0802729942826463 -0.605816734755121 0.0606065412313164 0.0344866308866982
-0.540108485889677 -0.305587002223084 0.0464083677373293 -0.0221606584974899
-0.529609265878311 0.078484761502763 -0.0112900325139824 0.0034664434297121
-0.370922634895416 0.298273756270874 -0.0394238688967107 0.0447737413477747
-0.159262083175214 0.431988627038636 -0.00699350933716 0.095258516316033
-0.0687666452634531 0.427280098574787 0.029794143077537 0.101431747128007
-0.10308644264381 0.438757710238159 0.0069300744640099 0.0940603115999046
-0.340073862967932 0.350694607094099 -0.011331912864344 0.0912882087334006
-0.488657027789203 0.118692185084662 -0.0509253448832775 0.0581706788414147
-0.588352380856052 -0.228280305871579 -0.0795255353809402 -0.0219703882766654
-0.175762144748301 -0.592751844357111 -0.0329948424026289 -0.155365687337195
0.39719500337101 -0.532003932979903 0.0187819910556022 -0.0831643662533913
0.67012330612756 -0.304559696629751 -0.0352935050299831 0.0332237705366984
0.544512984423327 -0.241223098300973 -0.356247283648598 0.00856331127583987
0.378353004819236 -0.481693821231502 -0.232072330634409 0.161180006118433
-0.0908321688566726 -0.549575584646008 0.0238024619884621 0.058783819987043
-0.480636636105306 -0.260622062514172 -0.00876411105243742 -0.0384141208092393
-0.464723644849673 0.0645983901887515 -0.128497303040783 0.0229392474516573
-0.333599525805813 0.256497638058493 -0.15664418319563 0.150425943026
-0.154859625856702 0.373361258436376 -0.075068602967549 0.246332545135316
-0.0731397231787738 0.360875367003999 -0.00618617457220432 0.258427464651424
-0.103437932134173 0.362390514043081 -0.0373334240195419 0.240295053420417
-0.296720215103234 0.277091308657677 -0.0893964852285345 0.199697332715073
-0.402135804800743 0.0757783032091765 -0.142826355527157 0.104471261877103
-0.457674309903795 -0.191349524830897 -0.128208875113786 -0.0146596958133546
-0.13574550124739 -0.464409917462778 -0.0600874265743477 -0.125887576247469
0.314212240468901 -0.42914291534844 -0.0481546811096309 -0.00197780073255463
0.560277052320337 -0.284982893554857 -0.242525344698584 0.113561480815496
0.383591148258153 -0.206647939396135 -0.580310785669032 0.0634583820005869
0.242384694865053 -0.362498830545317 -0.348352529478918 0.260489033917913
-0.0827090539921712 -0.375930071653538 -0.0256126296678389 0.0869637735223223
-0.318094934582746 -0.16069372830405 -0.0580080008226792 -0.0348505052587994
-0.306891374563115 0.0367323862617083 -0.215433469424394 0.0431183129394746
-0.234591944048392 0.166017851005268 -0.243482694568385 0.234126532344264
-0.124258249701129 0.25067176086845 -0.129594646703072 0.361360685081592
-0.0681042865073601 0.239124386791834 -0.0412478647544895 0.37758071550375
-0.0905708349303031 0.234054179343945 -0.0802614356304245 0.346068579579477
-0.215121209762096 0.166363125305363 -0.159563379030785 0.265687258054121
-0.264281606991922 0.0226462552100228 -0.21420048639955 0.116838431450855
-0.263797647913007 -0.136365512380379 -0.154694096941817 -0.0249888440353089
-0.0715655619224041 -0.28218506842965 -0.0665325719850048 -0.101358771462595
0.199173266288753 -0.270362305717235 -0.0829530124058554 0.0529012733560117
0.376219432992685 -0.220574650176535 -0.383644937057635 0.17210253046292
0.152847190723261 -0.135311726801828 -0.729651583605166 0.107306788122502
0.0648035319890996 -0.176282756404588 -0.421524678076286 0.3296630720882
-0.0636976091473128 -0.134826674082379 -0.0685801103647735 0.121430366286908
-0.106070994841732 -0.0316825866967837 -0.082569192976497 -0.0104049403414073
-0.101290649718862 -0.000317487550619466 -0.248922880921394 0.0587378311182983
-0.0987314457537227 0.0458004469567886 -0.280097840786573 0.278974318112151
-0.0746182634812476 0.0850575945102938 -0.157418420336078 0.421106012927328
-0.0519203926174527 0.0798430256804977 -0.0688028742896506 0.439294136117227
-0.0630374102573661 0.0771549785149544 -0.116490075883348 0.398686026290163
-0.105774818742347 0.0461772849762596 -0.214319805180317 0.284979786095854
-0.105132542550924 -0.0165659312939895 -0.259784492249958 0.100391450134666
-0.0711304240268513 -0.058448081263179 -0.159168669228794 -0.0472935846522453
-0.0258628921308356 -0.0899967578757115 -0.0605486128796487 -0.0792483303782928
0.0597058939334282 -0.11029836816184 -0.0934397224031612 0.0804630367557616
0.152113960185428 -0.13966061379625 -0.447749630742619 0.20297585884853
0.0797050307527612 0.0294568841151085 0.454757895026603 -0.198791231469133
0.0942514214788351 -0.0176580976387036 0.123595925753925 -0.200845920578798
0.0161279424298308 -0.0889942998904579 0.0236306395640737 0.0501006248963624
-0.0867394915583695 -0.0537836871219155 0.116909373653811 0.0928633390313059
-0.0722269242332794 0.0340357650927424 0.271628367043324 -0.0271828310130166
-0.0254863931395057 0.0667421070649042 0.272503298127206 -0.242908510260181
0.0262263627275517 0.0815815299628857 0.165130970158845 -0.370631232129974
0.0262514438670386 0.092410277956668 0.0930902565907368 -0.416295301190142
0.0122156895319977 0.0982597814417497 0.135681031174288 -0.405949800790271
-0.04813264620281 0.0813871222323244 0.23221645419533 -0.289538404226077
-0.0928832847709795 0.027192924312664 0.240899760922664 -0.101915887959704
-0.10881385600955 -0.071126778393076 0.111457963166342 -0.0393302522160481
0.0326357154982281 -0.119155022894983 0.115352843009457 -0.122031484579182
0.125852217737334 -0.0125048115553327 0.371096617248655 -0.226081099422212
0.089321941539368 0.0620719654079677 0.748635811232612 -0.0810521590327466
0.276411167204106 -0.042805077695699 0.426851480095141 -0.183489358769023
0.223127490295778 -0.146332599527327 0.123168149253607 -0.186607407315895
0.00672863932672486 -0.244216859060167 0.0356727122537477 0.0284269374682177
-0.222777461072382 -0.144830596253628 0.0983372679860996 0.0748018402915765
-0.227632458201823 0.0433247598921806 0.239319007212243 -0.00720177724066275
-0.148054628661243 0.153805110689441 0.244833121197725 -0.194850198878516
-0.0357263934170137 0.224762908636418 0.15907241044221 -0.305009786151767
-0.00907329783148047 0.244630319291552 0.0957267840593378 -0.344711641512545
-0.0390996587188135 0.260770433630563 0.116808114415806 -0.339431900227828
-0.188245633342568 0.206030998638224 0.197999891751007 -0.244951534986465
-0.279233283314105 0.0521096426586779 0.20385488482738 -0.0957693591408053
-0.311100072260272 -0.179933073166277 0.0850717492334129 -0.0594201512707188
-0.0038005873897703 -0.35375482590241 0.104249624599738 -0.162130399852857
0.304623143764867 -0.214776902917844 0.32237249941501 -0.234991451747987
0.363254767471459 -0.0480427528152222 0.642901200914754 -0.0918688035601689
0.450115318576808 -0.107798404913034 0.321179699718991 -0.161908477432996
0.341577656453151 -0.278764396265328 0.0863033639795761 -0.14644824489752
-0.00486509099154457 -0.398827675323138 0.0488843603301671 0.0177826134208465
-0.352886141410301 -0.231603579910753 0.0852427427491222 0.0469310916998579
-0.371555257157004 0.0489835333951024 0.181877605178109 0.00237674717195541
-0.262253006613257 0.225125035588574 0.180098221346741 -0.12921780333601
-0.0964191440936006 0.33984490159782 0.124962779393327 -0.196108024999258
-0.0424219005755206 0.360729135975951 0.0847314672819234 -0.219377481408544
-0.0775907012767354 0.381520001844736 0.0830823397321525 -0.21978918127533
-0.290694151780365 0.305614800076111 0.135346495722499 -0.158131729409138
-0.423584559840177 0.0867450046441481 0.131160790475931 -0.0693005188967057
-0.485150518212906 -0.240810431869862 0.0368391799551676 -0.0709500996625203
-0.0707465114160275 -0.534201423495687 0.0725320497965478 -0.187670652220964
0.411805134827121 -0.397109287553351 0.237830571379482 -0.211789994951809
0.566657178835455 -0.162971633776747 0.45405860087058 -0.0710155059276163
0.569421959139801 -0.161326771498351 0.140871174668396 -0.129710379601413
0.428799792455416 -0.399878395602353 0.00436780982066404 -0.0738078948106879
-0.0267602024406374 -0.533680178656361 0.0514455282717053 0.0215978378302438
-0.462990319559934 -0.293669054377003 0.063872312836064 0.0161346868077097
-0.480269732470761 0.0567183162733891 0.0950026958071776 0.0089007437468042
-0.345356686412407 0.272750732331321 0.0815333253135393 -0.0448173076063238
-0.145526273926816 0.409123181848507 0.0679186436014768 -0.0536807252564176
-0.0677227653176348 0.42308865233257 0.0616370864032779 -0.0618868757530258
-0.100447448943013 0.440994137416196 0.0425689104402433 -0.0671685304927489
-0.342946745891631 0.357942103099705 0.058461051164938 -0.0404155043417237
-0.499510536197742 0.113388398388718 0.0368596908148763 -0.0197782872829172
-0.584164581296699 -0.254020593293648 -0.0263633599451671 -0.065542758153717
-0.134598377705618 -0.618822092394161 0.0269222036442014 -0.187819386499855
0.441831926613427 -0.510709008485517 0.133900528442581 -0.152627220796574
0.669773733713011 -0.25091651563078 0.219482017013495 -0.0191762188946379
0.612567535300689 -0.196732771744024 -0.0943990691479166 -0.086847773719834
0.453853317789567 -0.470507075655716 -0.115135643455413 0.027773943374568
-0.0477191985350279 -0.595963632456185 0.0347076866315392 0.0377692633576113
-0.510001149538531 -0.313506517155685 0.0244667199395266 -0.0126089522499978
-0.517166496326492 0.0568424381579879 -0.0174521043881493 0.0197247544700734
-0.374780605921859 0.282283994983864 -0.0382454529959276 0.0544871934506993
-0.171866883914969 0.418564698684806 -0.00263285820070206 0.102687367777861
-0.083490332915587 0.421239851954624 0.0293612953136661 0.104992855800486
-0.110958001354034 0.430546705445506 -0.000366850616695557 0.0934923080623653
-0.344181412909258 0.344902663135127 -0.021157215716404 0.085476892447345
-0.489360983654912 0.108867798638722 -0.0624104051949798 0.0393939306628569
-0.569537316039871 -0.231959754216405 -0.0883042380767209 -0.0503324463006342
-0.154518790566743 -0.590414723081796 -0.0171976149532287 -0.165743605690121
0.403548460400831 -0.513563665374044 0.0382064857152211 -0.0709411731860222
0.657556206766436 -0.286471569627034 -0.0191684247596151 0.0497739997425973
0.55177850458909 -0.204051796223583 -0.346183846036044 -0.0358410018047619
0.398929213839696 -0.453623460860395 -0.246599804915384 0.138486749972514
-0.0596506380040254 -0.541796935819156 -0.000710764211545458 0.0597539133348235
-0.45298150461728 -0.267602736078537 -0.0261349828094364 -0.0310058427857906
-0.453161640362585 0.0499083412632699 -0.130853014207271 0.0335977672247564
-0.335051094760031 0.243576190106219 -0.154363328485234 0.152895996816782
-0.165683703184001 0.363053582314215 -0.0734143194888377 0.248693757627215
-0.0871702148141755 0.356071494189196 -0.0070912569278846 0.256638809054069
-0.109176062095447 0.355277894228716 -0.0441716211774014 0.234656798068233
-0.299101580577966 0.273155257797163 -0.0970480726409482 0.190373173986334
-0.402737505436591 0.0696022039553547 -0.150136158103223 0.0849101844670357
-0.443235375656818 -0.19281362415869 -0.132645525560286 -0.0388049461697074
-0.121787675293202 -0.461236446337211 -0.0463605563500575 -0.135830011188898
0.318732939072638 -0.413822477066915 -0.0335351518803864 0.00373846562822179
0.547085806015968 -0.267673657330739 -0.223297836071969 0.116186510276448
0.39363517981083 -0.178152839861474 -0.567511425949659 0.0161123570358658
0.261547105966472 -0.343352962887122 -0.359254235224999 0.234557454597543
-0.0612347226367212 -0.37229637753564 -0.0440033826834297 0.086020734656254
-0.299889260687261 -0.164755002653824 -0.0674737058637218 -0.0308857123756022
-0.298801631218562 0.0275819882356114 -0.213277717071989 0.0462726258981847
-0.233682197136277 0.158163818616352 -0.240616248555353 0.229245746026658
-0.131968639299718 0.245100198768524 -0.130187645881769 0.358204147494263
-0.0769762222037893 0.234707870105808 -0.0431749045354667 0.369354707074382
-0.0946103171499269 0.230066826828484 -0.0848649651481486 0.337534291107474
-0.215617658873233 0.164658847924272 -0.163162855532107 0.255216383860948
-0.264031199218349 0.0198922694304221 -0.216179464084161 0.100639370512917
-0.25611425435067 -0.135069647765073 -0.153144810444434 -0.0424497799781071
-0.064786146133398 -0.279098559973469 -0.0567235862137535 -0.107912905218059
0.200699788964886 -0.260616364360688 -0.0748872276914576 0.0533719985851411
0.36587882507856 -0.208246084258748 -0.365930755776475 0.162341212192467
0.164323913349043 -0.118715428447338 -0.71375800188037 0.0603393791140873
0.0780680297899354 -0.168986929434202 -0.426358702361726 0.304020018021994
-0.0542343628062919 -0.135310879282156 -0.0777924127876438 0.117429641223906
-0.0996295256842568 -0.0326846202464335 -0.082686793417554 -0.0112135950535237
-0.0973475763909847 -0.000581437011520929 -0.244278295009067 0.0537591734913001
-0.0959927045114816 0.0438919794361985 -0.27790323256324 0.267263787410475
-0.0774856884994141 0.0843435878005358 -0.160026867842588 0.411686439884614
-0.0555917025831071 0.0775436673848319 -0.0699120890767067 0.427847430872305
-0.0644302472100221 0.0758970636614404 -0.118621573734859 0.387751132121159
-0.10528063486437 0.046731658631507 -0.213871239139704 0.274390340435964
-0.104487324364574 -0.0160825393252841 -0.256224441727659 0.0884862279972573
-0.0704066736879736 -0.0561817347626234 -0.151871699599196 -0.0554478499610953
-0.0256412223602484 -0.0891839209205342 -0.0547036481280953 -0.0817487549661592
0.0600094697591158 -0.106873340779711 -0.0912805792062075 0.0768197592620469
0.146527711101154 -0.131743846263551 -0.432593499026393 0.183176947341285
0.0782068341219474 0.0308060430721269 0.452166379308027 -0.196705840507286
0.0953423731173296 -0.0170140668794022 0.121872900879569 -0.200383244374866
0.0165992131411414 -0.0885263844778166 0.026118230928163 0.0501086842298054
-0.0877518851658718 -0.0542816106510255 0.117791314036833 0.0926952489565411
-0.0718672018927159 0.033295743400706 0.271681781335867 -0.0306009112563627
-0.0249444593736965 0.0663330746854334 0.271574527603488 -0.246341455964526
0.0265644921817086 0.0804521010745816 0.163793914554851 -0.374200762382269
0.0275275723456818 0.0925188530105147 0.0898705103403608 -0.417127656892987
0.0129543454698626 0.0996818650928041 0.132175274200012 -0.406682815673247
-0.0491419386316692 0.0827400095031557 0.231520000477703 -0.291613989062683
-0.0940805757003795 0.0270524504257487 0.241832158836817 -0.101863023565733
-0.10913463871122 -0.071159644530819 0.111446106141472 -0.0374488693554225
0.0332664770623979 -0.11968222710577 0.116015666212363 -0.120296330549873
0.125705573028292 -0.0107063280655138 0.372877414051288 -0.227402407510032
0.088880028258089 0.0639734857571943 0.746414374803773 -0.0815889909543687
0.272479833231685 -0.0395286176372514 0.424295365373788 -0.182933140865193
0.223409753942852 -0.144944727630456 0.121637011949615 -0.186450306006384
0.0064487021041907 -0.241654080042583 0.0394359380717195 0.0279069297774635
-0.223083998977633 -0.143290548285969 0.0999602970625676 0.0736556294356821
-0.226337544910743 0.0445405905589707 0.239204659724885 -0.0116657728635946
-0.147899060968429 0.155158120623427 0.244061740700922 -0.197715275424266
-0.0346611949469137 0.224500394583207 0.157641751262772 -0.307403792646382
-0.00745124751914402 0.244599048326512 0.0935965984712397 -0.345630357942721
-0.0371327066355119 0.261358808182446 0.113899106888281 -0.339263303325561
-0.188945820244402 0.208862414948877 0.197695392689011 -0.247155013871016
-0.280915135764988 0.0520767140459224 0.203635651827427 -0.0959589069526763
-0.311464478681101 -0.179320450149347 0.0858443871073326 -0.0581006520401319
-0.00362614136376672 -0.35417465271088 0.103653702692287 -0.159973894682373
0.304271738984081 -0.212463236431855 0.324281462278359 -0.23465857022656
0.360931523425405 -0.0443878241067778 0.640250596259074 -0.0913672487501047
0.44296475700557 -0.103930225296411 0.319990405462312 -0.162742302401418
0.341093483262031 -0.276672156344465 0.0855875802072968 -0.145927572508465
-0.00532949399990294 -0.393802930297636 0.0533816486449921 0.0168789933076505
-0.351210742133958 -0.227981971877474 0.0867366631058327 0.0452393152909586
-0.369524329743626 0.0512588026650882 0.182885291365241 -0.00323659553202269
-0.261982567864741 0.227881318032371 0.179030734585059 -0.131525534748303
-0.0954869002522595 0.340110047719004 0.124331826495807 -0.198153266146451
-0.0400948576430293 0.360336485383595 0.0851235810461163 -0.221170567555131
-0.0745088242596812 0.381402170865929 0.0818926579027309 -0.219331570597868
-0.290577810478418 0.309345890548796 0.135511411815384 -0.160279140507567
-0.424700940291823 0.0874711269538971 0.130271622265059 -0.0700752918438725
-0.485507210446719 -0.237386177971372 0.0384303758028845 -0.0696221374797972
-0.0697901554566778 -0.534135377739545 0.0703109719371887 -0.185632443754029
0.413475243859449 -0.395815428526485 0.239404399866253 -0.211226679446078
0.565433974970077 -0.157096479716543 0.454070917611952 -0.0703161264991234
0.563087939002569 -0.157188972333593 0.141964724676009 -0.132533390084823
0.428026624156697 -0.397398903321756 0.00471258664431826 -0.0743413693926032
-0.0264463846865472 -0.527394403316909 0.0559540498640687 0.0206071660679362
-0.460763748707972 -0.290154068655041 0.0657890677871973 0.0135066303399585
-0.478543082354561 0.0607892025597166 0.0966442773086015 0.00270833782210633
-0.3451516640761 0.276401751429479 0.0808365510770173 -0.0466695985098817
-0.144230414431509 0.410202262359391 0.0680692697268057 -0.054851246541869
-0.066121898561713 0.421754649248773 0.0631573980561784 -0.0632767778486162
-0.0970440184660677 0.440106597163764 0.0424074653504743 -0.0663152299964584
-0.342836343277027 0.362713267025993 0.0592440558636311 -0.0426030414326386
-0.500885267160355 0.113709453208995 0.0353558939178927 -0.0211173625556005
-0.584573715015785 -0.249101463240529 -0.0240104385200362 -0.0651266393691547
-0.135019505038835 -0.619419054049178 0.0241296053123932 -0.185853621923641
0.443178019972293 -0.507945691368555 0.135801885878524 -0.15249604052085
0.666103729140516 -0.245199972808408 0.221506879865167 -0.0165609704256902
0.605085510417429 -0.192866089750362 -0.0914198574835275 -0.0906893457199659
0.453426772417428 -0.469970423306483 -0.114158377710253 0.0267024804777055
-0.0495662804975727 -0.591815943134699 0.0380213407970743 0.037192981708137
-0.506248590899801 -0.308020442896655 0.0261400556465476 -0.0152024526138038
-0.515600916194476 0.0625751707031579 -0.0143055216879747 0.0131488022945857
-0.373923666647298 0.287137705826474 -0.0385390075017465 0.0536455578546947
-0.170095866703943 0.420314839989325 -0.00154013845003427 0.102285245748683
-0.0824930552041572 0.419714611498769 0.0327536708097971 0.103145308264546
-0.107710938406297 0.429403295217332 0.000362681474476368 0.0939775650053936
-0.343744545906704 0.348514796771949 -0.0202139197312498 0.0839432031074738
-0.490088576892473 0.1100594888546 -0.0641113749762705 0.0386326103595234
-0.567910916129703 -0.227280438974046 -0.086002176513863 -0.0502997147724386
-0.15604067147522 -0.588294424434999 -0.0202788691410716 -0.165103735841208
0.405137335141192 -0.511632356682638 0.0386110982036479 -0.0709586159750644
0.65361883244986 -0.281450072975553 -0.0156275988975427 0.053067683557935
0.546968274475901 -0.200751930237843 -0.341283938828328 -0.040407727312769
0.397202732860651 -0.453316145650533 -0.244379422454322 0.137951084227348
-0.0596616706673428 -0.539324569026799 0.00185193701183918 0.059700012066654
-0.450769642113327 -0.263483865649448 -0.0245814142408065 -0.0332658931001667
-0.451730345577051 0.053348587000954 -0.127803826311393 0.0284260032138878
-0.334946114662324 0.248701880638912 -0.154401467831599 0.154269571902021
-0.164478618581682 0.364926177034457 -0.0712000222654478 0.248728080735861
-0.085782669350413 0.354133159664381 -0.00333222015680811 0.255011803137621
-0.106829421763688 0.35371389848771 -0.0426483037624632 0.235338340414678
-0.297785614564423 0.276010985287146 -0.0957419963448235 0.189721887562049
-0.402389824704127 0.0714486414174239 -0.151940313925637 0.0842338609542587
-0.442147936619457 -0.187266822983033 -0.130397925531305 -0.0395311276400292
-0.123439174970035 -0.458923356337377 -0.0498462071251806 -0.135455173703842
0.320189752633546 -0.413606673206513 -0.0342442296600718 0.0039062193676705
0.543870737702287 -0.263056303905098 -0.21896198013297 0.119072742593508
0.390014782310466 -0.175240935038838 -0.562570338233419 0.0120043693370891
0.260617418213058 -0.343204878710478 -0.356578166505491 0.233679112011463
-0.0626036711826168 -0.369893904052618 -0.0428605983609899 0.0858659925610915
-0.297818357518644 -0.162428870619946 -0.0664419930872758 -0.032881717083513
-0.298459037200713 0.0306404414302869 -0.211009909911033 0.0431001807989923
-0.234249680752915 0.161716821048061 -0.240037420526823 0.231249024218914
-0.131281282906446 0.246853588078896 -0.127478356869101 0.359639349424489
-0.0760031324986096 0.234179158286957 -0.0385131677459957 0.369688599978165
-0.0937787515743732 0.227638741403837 -0.0826541585709613 0.33861817513887
-0.213855822283278 0.165542350515951 -0.162344919817877 0.255191990895216
-0.262760733581933 0.0215273850226649 -0.217271841031719 0.100631836162971
-0.255353786761173 -0.130741768853481 -0.151059478390849 -0.0434711099068115
-0.0666391473871254 -0.276693337097504 -0.0589181365421434 -0.108249333385222
0.200565317643111 -0.260778915263635 -0.0754591695612648 0.0538917410228562
0.363019405238493 -0.205720911733638 -0.359924515423361 0.166165994571716
0.163444025607972 -0.118427740744085 -0.709026456115444 0.0554426601251045
0.0774443318913573 -0.169229808413331 -0.423766494983976 0.302717776183116
-0.0549395150080725 -0.134508011642509 -0.0785414238421362 0.117679616065991
-0.0979450480526934 -0.0317183514933859 -0.0822993678621398 -0.0116973179659651
-0.0975398607841029 0.00133026598942564 -0.24204001529724 0.05259540283278
-0.0957409391306922 0.0458413733349718 -0.275952823518124 0.270913261861215
-0.0772205203527582 0.0852479226292118 -0.15625572451563 0.414157797732789
-0.0560280725922835 0.0769894716976078 -0.0659394562124958 0.428084052787155
-0.065037464088048 0.0739197695914843 -0.115439515520751 0.388591980410275
-0.103202249418607 0.046311822894157 -0.212472975875202 0.276258539247376
-0.103022708870083 -0.0142962403687062 -0.256905634431419 0.0896117290703796
-0.070108829623583 -0.0538028921000547 -0.151072448728675 -0.0557421308108672
-0.027606851670041 -0.0874723234175941 -0.0559902797683392 -0.0821819257781429
0.0597651558717023 -0.107856893963235 -0.092326286618954 0.0775201247013201
0.144897900418394 -0.131529413035524 -0.426505375171583 0.18631938913505
0.0794394121434084 0.0331022267537014 0.461584000219832 -0.200838741674212
0.0990985743388784 -0.0182289650960686 0.122199461367103 -0.205449777512443
0.0167362652645405 -0.090428735166683 0.0297273942286334 0.0507114314404898
-0.091347904974418 -0.055367344538146 0.122480440334845 0.094331965293759
-0.0731577327713985 0.0338056449553059 0.277516254620708 -0.0346651668539516
-0.0250145262447909 0.067648338141138 0.276043838369535 -0.258361880367489
0.0284060609136713 0.0817822315303538 0.16437252325342 -0.387970276479074
0.0296858807599049 0.0945836200761933 0.0875537798768219 -0.429201423171064
0.0152264464528293 0.103369396876404 0.130466448251444 -0.418937044554452
-0.050465737506729 0.0866279614657392 0.236630683742119 -0.302046056376098
-0.0978593958936436 0.0276586061994138 0.2490036161106 -0.105186423968554
-0.11284547734302 -0.0728043130964767 0.114017553906693 -0.0376428549453335
0.034786870124029 -0.123019647765448 0.119917347757353 -0.122076272687797
0.129072817305306 -0.0100270681866426 0.383849708209046 -0.235154821293114
0.0909884792870869 0.0663880923356868 0.759827757469548 -0.085932677169553
0.27625049381555 -0.0377224955501642 0.432641518071622 -0.188058068441103
0.229373889436799 -0.149102487949752 0.122794455459907 -0.190752578007869
0.00657001143960838 -0.244845471488472 0.0442464915652098 0.0277657904052651
-0.229362330504067 -0.144193109235285 0.103412604209304 0.0741215860807372
-0.231318489082904 0.0466283081825327 0.245454429696257 -0.0166344280630701
-0.150817242700553 0.160799106447057 0.2479781711139 -0.207548865441507
-0.0341459601478806 0.230783443243792 0.158623030941605 -0.318734286249633
-0.00472944539915951 0.250359043274009 0.0930114541172333 -0.356485113174008
-0.0348252932061002 0.268947081551711 0.1144067015708 -0.348666496013919
-0.193196427009099 0.218650436249305 0.202091430794058 -0.256637889708901
-0.290172250164107 0.0545776938614816 0.209240301298843 -0.100181494589586
-0.321452921076363 -0.181799011839179 0.0891824031049719 -0.0584743348288019
-0.00375956454643087 -0.363187279639076 0.106082047644787 -0.162508914925943
0.313339025492185 -0.217564871285642 0.334809721028017 -0.242456235771677
0.369715723498268 -0.0429105406106037 0.654199124795648 -0.0935463282335273
0.44933634929868 -0.102225223773463 0.327200959333457 -0.169043537545091
0.350245509670614 -0.282854804482843 0.0867665199961625 -0.150930616708059
-0.00546406080141727 -0.398812449684847 0.0587691154168964 0.0153702561181602
-0.360310949858399 -0.229935990371847 0.0903762663846747 0.0444763352279027
-0.377785917534765 0.0554810922226463 0.188169181468764 -0.0088736963847664
-0.267724487949822 0.238121512842677 0.182166197929023 -0.138278934829553
-0.0952367916698717 0.350407515345177 0.125717732045005 -0.205659009614683
-0.0376929486432774 0.368210602842048 0.0863034569597953 -0.228632157015404
-0.0732155694912212 0.391604863834068 0.0821264881560061 -0.225160276613767
-0.296560432775135 0.323131459624435 0.138559285260237 -0.16734990399057
-0.437541940362864 0.0912012864909869 0.133210458694305 -0.0731381978929056
-0.500101900315705 -0.240535270269932 0.0414880781615932 -0.0707538037361918
-0.0726833617682178 -0.547568326511699 0.0706828017694496 -0.188772930187204
0.424732680003595 -0.405281862265136 0.246918953073447 -0.217984086038389
0.577896779825751 -0.157387284042562 0.466175919065502 -0.0716110376308406
0.571469272634522 -0.156703000204061 0.14677808670978 -0.138993677904632
0.438543590418747 -0.408852348093756 0.00479398563448329 -0.0770499410635783
-0.027246648123328 -0.535572371701411 0.0612228765822094 0.0193542686826809
-0.472262523410162 -0.292078518627817 0.0690098740137102 0.0115947385012648
-0.48963770367953 0.0668269536077506 0.101748774126529 -0.00447837331646893
-0.352169406607139 0.290560814897912 0.0818574865708771 -0.0498017307809939
-0.145994246071769 0.4229605450203 0.0698339993038217 -0.0582302329539676
-0.0644414015511942 0.432851591309738 0.0665040897799771 -0.0674732875374305
-0.0964380438800852 0.451327743710797 0.0436339749103195 -0.0676649198659949
-0.34998683561678 0.376032670803165 0.060641823939919 -0.0458867404706302
-0.514191924882506 0.118170955833461 0.0349701265665452 -0.0221031162584343
-0.601478707416479 -0.249972344319013 -0.0225631884610707 -0.0670940245745769
-0.139497457866229 -0.633641147545241 0.0218240739259248 -0.188960708737417
0.455375922363795 -0.522671826793664 0.140142745518683 -0.156625396916194
0.680116733044407 -0.246191002087967 0.229165001950442 -0.0162675953366022
0.615392403923627 -0.194217063557273 -0.0910258442104595 -0.0975615025570813
0.465313397452847 -0.481843023945861 -0.116489260653518 0.0271914677835424
-0.0503681075361515 -0.600828470892438 0.0421941985000102 0.036275894785034
-0.519965081247161 -0.311281485261965 0.0283896270351969 -0.018010244271322
-0.527466354133496 0.0692050486760765 -0.012393947304793 0.00692846299587118
-0.383417765052368 0.301359507830775 -0.0396149105638364 0.0555217165116266
-0.171699246309213 0.434381164056975 -0.000180079554083006 0.104207129613816
-0.0809150659742411 0.430189455617711 0.0366049000827559 0.103496198278706
-0.10772052046873 0.439046548999104 0.00213931675026663 0.0971830336999992
-0.350240907699687 0.362421830711218 -0.0204127505107976 0.0846646218960232
-0.504117977106446 0.115467862259777 -0.0677193779087837 0.0396125111661296
-0.583557117047034 -0.227352469313256 -0.0855547350354929 -0.051719365722018
-0.162810899962993 -0.601105719215038 -0.0244382297607415 -0.167806276214438
0.415751731513781 -0.528334757424785 0.0392931785643657 -0.0725335276714439
0.66807613752136 -0.285448126117787 -0.0126989792840086 0.0565470505998143
0.555813212696593 -0.204379754974369 -0.34699242829215 -0.0467567953763355
0.407261101620745 -0.464990942267859 -0.250133071215216 0.140329936213569
-0.064513384199149 -0.548535382644593 0.0037104950255173 0.0601485539100304
-0.460862975258122 -0.266936151504202 -0.0241473569152266 -0.0361861217332656
-0.463021498461512 0.0606167887006066 -0.128710151569589 0.0241362828382022
-0.341823192427575 0.261523685573434 -0.158193577190306 0.160124182958144
-0.165866723211663 0.377045583073119 -0.0704993424939272 0.256527520087751
-0.0852862343016865 0.363983064219246 0.00122319337003565 0.259781928759376
-0.107110962871434 0.361837860685985 -0.0404320564653624 0.242843266254168
-0.302925018064109 0.286504582735496 -0.0974062595851719 0.194625366765971
-0.412743928002548 0.0763678253843309 -0.157413034202108 0.0868832128076668
-0.45452656663734 -0.185757123838237 -0.131734190168341 -0.04160411709409
-0.128771376870817 -0.468866884705631 -0.0546141333609495 -0.138169853263248
0.327671578812938 -0.425310928812866 -0.035262179073245 0.00477580754112264
0.553888919495183 -0.267012767404593 -0.218799354938989 0.126174471956592
0.397906751205394 -0.179308301458856 -0.572534973037527 0.00578115397555489
0.267994192978841 -0.352931322872693 -0.363789421184788 0.238920067258008
-0.0651516337462025 -0.377407195137064 -0.0437446543424494 0.0880656212320847
-0.305296210609736 -0.163828963371197 -0.0676274809411455 -0.0352877554786777
-0.305252703039931 0.0363834178339296 -0.213994167222507 0.041746983579068
-0.238858924666949 0.171188592554259 -0.244995949617202 0.24134402166167
-0.131737525990895 0.255261656858573 -0.125679800362011 0.371267447450653
-0.0767759412473958 0.240105752558684 -0.0332651829060686 0.378041103437039
-0.0946294389327647 0.231859449024334 -0.0800520604512588 0.348593679079253
-0.217288868406779 0.171502413189404 -0.164920964351103 0.263020289486935
-0.268446685249484 0.024484605518303 -0.224181504013354 0.104534202747586
-0.261678023823278 -0.129118826234945 -0.153718338076453 -0.0444274179462573
-0.0704157039864307 -0.281259558644862 -0.0643011751296864 -0.11098828597537
0.204744501575905 -0.268640888390078 -0.0778032350764579 0.0565059841575418
0.369977564487408 -0.209370919531077 -0.362841379059715 0.174496946894482
0.167544215676429 -0.121506187420834 -0.723063403221592 0.0544656760335532
0.0795634740104858 -0.173727080918053 -0.432805269144014 0.310313426464989
-0.0575365493111068 -0.137840519667732 -0.0814767697479604 0.122488485462683
-0.0989222910704075 -0.0323431225075025 -0.0842387083999923 -0.0130851482844637
-0.0998432497616457 0.00329139911261731 -0.247447563641435 0.0531259530703231
-0.0982655527575744 0.0491122926448117 -0.28170411828782 0.281960545113535
-0.0782144820422866 0.0889859132128371 -0.156356629522367 0.42755224638575
-0.0573158242440071 0.0789674766024043 -0.0618828948100242 0.439015374356746
-0.0665434656119916 0.074254299715548 -0.113708744587928 0.400023204051031
-0.104764025464942 0.0472406898262872 -0.216242796446889 0.285178381367838
-0.103997238437865 -0.0129867578698164 -0.264060897639549 0.0933505711023402
-0.0709360296411049 -0.0523019620699045 -0.154679273934551 -0.0571172113721877
-0.0297857512018883 -0.0874371240546322 -0.060171245642412 -0.0847211368181291
0.0606963998542963 -0.112683330111078 -0.0953848806657276 0.0806001277454084
0.146579303678431 -0.135324697798522 -0.431593110433996 0.196436543950463
0.0829798168636021 0.034091695567392 0.473687609968388 -0.219473158173823
0.104136258096198 -0.0211265056475826 0.121220740400123 -0.216488014990695
0.0160132330590008 -0.0941243898872698 0.0352963464201002 0.0511996051671196
-0.0979180571817982 -0.0555400917508477 0.130991671810681 0.0943975263657166
-0.0759348061549734 0.0363337513403773 0.287175182188148 -0.045136998336438
-0.0244979321577317 0.0702850731211953 0.279604414681602 -0.27983195146347
0.0316399062308173 0.0836072379609115 0.15889808201373 -0.411165981345105
0.0349587294848005 0.097544043407601 0.076403983469808 -0.450330425598296
0.0198561284739737 0.108979690618128 0.12360645183701 -0.441238472305528
-0.0509048052741561 0.0933439431195524 0.238626540431406 -0.323704732691143
-0.103467132297599 0.0309875980121505 0.258941585574215 -0.11620547391423
-0.120654339985568 -0.0729871435263513 0.118244717786177 -0.0407346478267388
0.0343150470994409 -0.129683208528924 0.123779781981372 -0.129012426868951
0.134913218813038 -0.0127570139580318 0.395591046718053 -0.256318684243994
0.0961340396129228 0.067590019659241 0.786514068209305 -0.10824806227164
0.284025794914059 -0.0422564610507974 0.445929311665097 -0.206475695173383
0.237124900175501 -0.160726365252255 0.122501494632892 -0.201490998669528
0.00146134572930128 -0.252372567899059 0.0503985568622512 0.025807374856016
-0.243030900136997 -0.143259917900394 0.111178045241206 0.0732780888428751
-0.239294682875599 0.0548350025297746 0.255013852734661 -0.0272675177653965
-0.153022026817035 0.173036504118846 0.251996415338258 -0.225870374257189
-0.0291134350625722 0.241644457734834 0.154970748222964 -0.339725079469452
0.0030299517467554 0.260751638989242 0.0866996425010393 -0.375629395363083
-0.0276921510524011 0.282625997596099 0.108289128579014 -0.367704203703862
-0.195840487378882 0.235939253490581 0.203993489892948 -0.276185584113353
-0.303825297950286 0.0647273402566943 0.216115260281007 -0.109904297369576
-0.340131399825282 -0.17965300651675 0.0925946314602424 -0.0628952032407549
-0.0116904482193841 -0.380449218188521 0.107190977973355 -0.169866386456327
0.323368205827366 -0.234663287492108 0.343986476212279 -0.261989169503552
0.383138841522428 -0.0512653453323763 0.678025069614309 -0.114063317368589
0.462268873232454 -0.110852037364042 0.336497970209017 -0.185148452736006
0.359074046447803 -0.30207378680951 0.0860809219971505 -0.158699628910317
-0.0136661180573561 -0.410922155142921 0.0651812482601221 0.0125204343430843
-0.380715270010144 -0.228385701499881 0.0966533199765548 0.0421444049282748
-0.391693424155675 0.0689401574269002 0.1969444578295 -0.0201078878239137
-0.272285505969461 0.257867354380214 0.185443763888569 -0.151458537280244
-0.0897126310553356 0.369576402551529 0.124232923962569 -0.219756263118998
-0.0282722202625255 0.385138847224082 0.0835756188414631 -0.243191677055367
-0.0626716224929558 0.410758091664566 0.0790895376532954 -0.23686115471699
-0.29981674805105 0.349015608166267 0.140231151722679 -0.180559881491768
-0.456154251056213 0.107574079876753 0.136972383155509 -0.0801170188626688
-0.527395706801374 -0.234257173531331 0.043492982607047 -0.0756241116071674
-0.0892795950104237 -0.571430899854719 0.0681017409664278 -0.196301229046895
0.435432589773006 -0.433378988959409 0.254204876953914 -0.234381925121256
0.596862555569842 -0.174112576267295 0.484598392923931 -0.0850546373144645
0.588164495473627 -0.171270442661113 0.150186087376805 -0.151909161134755
0.447682381720683 -0.434377111622207 0.00315763745351144 -0.0804432179481951
-0.0403254833127837 -0.552008164992665 0.0678130962624724 0.0162206856522646
-0.498565040168516 -0.289605097458026 0.0737980937811411 0.00804818638670088
-0.507722297439963 0.0842757678730341 0.107141394454606 -0.0139830741877255
-0.360316428466959 0.316052763033232 0.0836781059780798 -0.055584784583617
-0.139045247282727 0.447066205630091 0.0713482302500628 -0.0640383861657923
-0.0538435473901582 0.451635833386528 0.0678422836153807 -0.0752029433192929
-0.0856758245184346 0.472638278073033 0.0435622927874268 -0.0715477396241389
-0.353550872639261 0.40628208691701 0.0621922510232999 -0.0515938518349504
-0.536338827357491 0.139077154835106 0.0351739371175825 -0.0242480059229019
-0.634953181930772 -0.241014316149482 -0.0221751648196569 -0.0703621566735123
-0.161497426759033 -0.657173240548712 0.0161175678600236 -0.19572573252459
0.465254764831992 -0.554869493180817 0.142817956877553 -0.16784518440421
0.702450905041387 -0.268329605950859 0.240595333746923 -0.0206287184028197
0.632841091755648 -0.211619014857524 -0.0953978192194129 -0.104239153603213
0.474041068424508 -0.514468520084213 -0.119870550717429 0.0296199616232671
-0.0666816061055595 -0.621088070787119 0.0475294449720621 0.0350219010125439
-0.547559681159587 -0.307825116454545 0.0308151069617975 -0.021640546659595
-0.546919664894913 0.086910460016068 -0.0106141280712729 0.000266672472590529
-0.390722127995093 0.329754084083793 -0.0402178019036301 0.0587049539123645
-0.165677905446766 0.460849723838066 0.0033240425863915 0.10849239923745
-0.0723049135006499 0.451079400269322 0.0427169947624381 0.103861307877222
-0.0993467218176372 0.459927983434797 0.00547026221898445 0.101836140265792
-0.354333391708017 0.391146536190643 -0.0189862333776481 0.0874190497745076
-0.523432237493724 0.134398802062811 -0.0707923579392688 0.0433225144284954
-0.615364951812809 -0.217622544765445 -0.088913224213897 -0.0537676834246211
-0.185559801465992 -0.622528748321646 -0.0328042458108926 -0.172659024374115
0.423582120244271 -0.559212144963271 0.0396934510750121 -0.0774471276439903
0.68824709751939 -0.307598694013023 -0.00723029975702388 0.0613455204914449
0.573408942438808 -0.22227372206059 -0.360275581616851 -0.0463791980562176
0.415803511552123 -0.496558278216844 -0.256673155141335 0.151517532604119
-0.079640829135463 -0.566764893053992 0.00697541163032215 0.0618325061460113
-0.487702776670889 -0.263874462284283 -0.0251440316745821 -0.0395096898438094
-0.479570247569627 0.0772029803332437 -0.131818849365092 0.0226193323079168
-0.348818972986806 0.285969687639516 -0.160412819314213 0.172200377221953
-0.160409704040801 0.401069975069793 -0.0644540331514885 0.270261109927456
-0.077913834439869 0.381125178847961 0.0111100990783484 0.268647341904239
-0.100981401497589 0.377844229520125 -0.0347583361017223 0.254394290222798
-0.30627696564651 0.309670161574463 -0.0964397148169165 0.205565519520831
-0.42916112052537 0.0917746030927926 -0.163821620922758 0.0953914900271576
-0.476597292306904 -0.176463462677729 -0.137463214996953 -0.0420945174107595
-0.145853958800561 -0.483431715190726 -0.0644447802731102 -0.141998307750225
0.331923226241132 -0.452982610348132 -0.0370821416452446 0.00599231878443562
0.570100036456552 -0.287491441080952 -0.219538904887686 0.139371896912524
0.409179151923612 -0.193565749174273 -0.595013122756822 0.0133231008616622
0.272370308191159 -0.375617185040098 -0.373454187837806 0.256483432367885
-0.0774853286614363 -0.39087161502517 -0.0425097244111497 0.0930740962295177
-0.321009891093169 -0.162233053512648 -0.0708952994076795 -0.0364975209209028
-0.316853522630566 0.0467807717160681 -0.220424418307819 0.0446629097639306
-0.243723880552907 0.1887485735941 -0.248213539729186 0.260992576819802
-0.128738936204474 0.272308538832768 -0.118279963796165 0.392425152590359
-0.0732889437339652 0.251849389108406 -0.0216332880709831 0.393433740501621
-0.0922844417396699 0.241922606830086 -0.0725943733777436 0.365905945326248
-0.220312548610831 0.18588154895245 -0.164901850116068 0.279643539760245
-0.27803088381992 0.0332124569733337 -0.232460571326266 0.115023416907038
-0.274840988808044 -0.124182412695968 -0.160591835650913 -0.044479884590291
-0.0810907300414931 -0.289727202034307 -0.0725890740038216 -0.113859482989713
0.207131811914472 -0.286485647360783 -0.0802559992020272 0.061582841227966
0.378640550435449 -0.225375923365939 -0.367169218438259 0.194692451217931
0.171118886314731 -0.131327313652533 -0.749984147472185 0.0661120829923298
0.0787871514003006 -0.183704333277612 -0.443078269268461 0.332802848477677
-0.0639535740105684 -0.141423720032586 -0.0828545184239217 0.130479214495177
-0.102156123594288 -0.0307751180074964 -0.0876273082411356 -0.012767453180015
-0.103399885371039 0.00725152202214286 -0.25504145170401 0.0604336541682301
-0.100307508121192 0.055219233622754 -0.285061698798228 0.30473128101542
-0.078180365858645 0.0962611582975085 -0.147357105738553 0.451712995539481
-0.0583734534210712 0.0835424641141486 -0.0489126873432392 0.45808686917251
-0.0685879473062267 0.0778106024691134 -0.105185746101966 0.42022876783729
-0.10699179646373 0.051501968247604 -0.216905115098956 0.304509829260797
-0.107046703057684 -0.0103432703117871 -0.273966336283118 0.1050479672819
-0.0739856086167912 -0.0506406525888708 -0.162456717191703 -0.0573072986167142
-0.0348138751957569 -0.0889404653950663 -0.0674058031511081 -0.0875404474736506
0.0594020948105576 -0.120311286324393 -0.0982454312558989 0.0879359423092188
0.148657325323476 -0.144224325802205 -0.438720130550927 0.218476141534641
0.0875801948620045 0.0326034505394427 0.478163992705913 -0.251643925521295
0.108076485441753 -0.0278437539523316 0.112359672523141 -0.230343222612276
0.0122512654186216 -0.0983032615215873 0.0425010560494711 0.0494840756415778
-0.106322647428542 -0.0515458702504309 0.14229892350302 0.0894874049388031
-0.0776128779924636 0.0411809685261015 0.293763841109204 -0.0651090349212505
-0.0223862144741714 0.0737244953140435 0.271673703590528 -0.309303507874894
0.037069735208846 0.0839129662302998 0.137520464624036 -0.436826425235272
0.042767981776659 0.0989951126161704 0.0500057655662477 -0.470642684437298
0.0293481991992441 0.112467948870359 0.100234951902235 -0.464842510450809
-0.0475483793250721 0.101990556399911 0.229238440658945 -0.351827225552093
-0.10739506851987 0.0379303040758726 0.263716820728984 -0.13586789405027
-0.129371852203669 -0.0686936084136052 0.120484816232939 -0.0476213099715255
0.029312980850523 -0.137585609632974 0.123050256678334 -0.13950021355391
0.139807668777294 -0.0196109208979374 0.397502324630867 -0.28972548311572
0.103049950402029 0.0662007311655712 0.804939796178859 -0.156800145973107
0.291053071952162 -0.0548129164110344 0.450062125614471 -0.237917208897537
0.237869308312265 -0.179008846928578 0.115409853347074 -0.214350556478055
-0.0103363085811041 -0.25891395396033 0.0567938203097625 0.0219710948249503
-0.260752436308273 -0.133349114378394 0.120467082959721 0.0679455435051814
-0.245304270544761 0.0705364330047409 0.262093511901469 -0.0463566066673409
-0.148625241998123 0.1890566073724 0.246063766629732 -0.25190949733125
-0.0153755311801583 0.252689342988247 0.138295891643451 -0.362141195464037
0.0195266024279491 0.269985301179303 0.0648925275387819 -0.395355734398674
-0.00918058566214923 0.294953042668935 0.0891459551732233 -0.387572150839651
-0.188989867625981 0.259414983661831 0.195705568508378 -0.300717334158822
-0.314548463493605 0.0850759206502702 0.220063645671712 -0.127313973150561
-0.363579141111979 -0.165282526488173 0.0938560556049494 -0.0704311859855824
-0.0330493504110764 -0.394484144093776 0.103511360686851 -0.180975301871688
0.324214475114634 -0.261318229113854 0.344042113345948 -0.292767775702994
0.394579518063332 -0.0713760887060945 0.693829636215932 -0.153949280013715
0.470288303917729 -0.135732568451447 0.339123042076237 -0.212438355986282
0.357643910856119 -0.333079896949314 0.080081530540684 -0.169032902148154
-0.0351410431051468 -0.420639565177842 0.0722255860419013 0.00684365089104487
-0.406498365447691 -0.212221101922765 0.104078674506173 0.0362136416136149
-0.40158242077211 0.0945666875180899 0.202556736221694 -0.0373468264478419
-0.266671880944126 0.28595995231305 0.182336863469798 -0.170304114404685
-0.0698219418721818 0.389683572962646 0.114511039136055 -0.236355238690955
-0.00487744097610173 0.400920373095219 0.0707364437013056 -0.258570889734818
-0.0396977088493612 0.42940645906368 0.0675797281537456 -0.250421944837461
-0.290512670741988 0.383104766711518 0.13501639818265 -0.198304567233295
-0.471756086010157 0.138083443093194 0.138927310479926 -0.09124971932749
-0.561786006842892 -0.21032500400606 0.0423421927898418 -0.0819565488453587
-0.123591064167693 -0.586474549135877 0.0597420248223223 -0.205636211293632
0.429021070240824 -0.474552043879152 0.251792132372292 -0.258458267470715
0.609545482714661 -0.208091901273664 0.497654587291359 -0.113511372720222
0.597002202052371 -0.202802892941038 0.148280379945007 -0.169589432028889
0.44156151607428 -0.476222368791975 -0.00126354077074357 -0.0843020454973786
-0.0710236086942494 -0.565562125866946 0.0741699376694763 0.0103335077655156
-0.53287974934467 -0.26952691733287 0.0781696350632905 0.00198659292157407
-0.519877126213479 0.117366208996443 0.11083159648647 -0.0278056662671002
-0.353267529117612 0.352086636741735 0.082558112583128 -0.0640428159790724
-0.116041972375223 0.474458121435971 0.0694325727971798 -0.0714841963608814
-0.0282495868737898 0.471903355234368 0.0659925838953972 -0.0846492214906019
-0.0606200336535276 0.494128614149325 0.0412181755352017 -0.076460568506587
-0.342361084549853 0.444826825797843 0.0613105586423284 -0.0592525831201701
-0.551526778107572 0.174791750025959 0.0349981319292435 -0.0269918441928442
-0.6712323593519 -0.210358039857775 -0.0256360080314944 -0.0742757386784346
-0.202983163361965 -0.673417700836332 0.00414904478502837 -0.202355657806247
0.454552065559775 -0.603801319794748 0.140081118705651 -0.183483223044211
0.713150839801686 -0.311524491900818 0.251124434730799 -0.0331715151648234
0.641503340806645 -0.247425417189307 -0.103447123976383 -0.108104246343709
0.465531973768052 -0.560304965498844 -0.12331141316803 0.0362654836714262
-0.101582869044099 -0.63510773964769 0.0540232117051217 0.0314214150615508
-0.584108479956931 -0.285307680538327 0.0318886770021396 -0.0268811315762972
-0.560447338029927 0.123596631936871 -0.0104405920969621 -0.00710705868636338
-0.384166974938874 0.368817664905225 -0.0386177447242654 0.0624798279379206
-0.141426342588643 0.490508717567655 0.0109069485515743 0.111357556413294
-0.0476314907309908 0.471297258116373 0.0509576890712851 0.102434143794895
-0.0743695452201733 0.481486845938324 0.0122839431482028 0.105554711789098
-0.343322744291009 0.430169674137429 -0.0153170830946482 0.0907955203225359
-0.538871524185179 0.171308053949487 -0.0724037991096434 0.0496051870072317
-0.64963364193284 -0.18536613059929 -0.0936614282061741 -0.0533695002701091
-0.226125060264982 -0.63456591672068 -0.0471601796204311 -0.17614183497827
0.40904915151427 -0.604550264015809 0.0369607668695662 -0.0826788806077453
0.696173633575275 -0.35222727373003 -0.000102502348701224 0.0659742235548927
0.579396730184434 -0.255754823730445 -0.375036140818815 -0.0352230888868028
0.40487296565146 -0.538944371873031 -0.257907055065702 0.170254483614338
-0.113297304248497 -0.579789404379286 0.0123611956620534 0.0625626054811878
-0.518027021744255 -0.245137574984463 -0.0275061006804868 -0.0413660209175667
-0.49199730334965 0.108417718447776 -0.134706871462763 0.0233193283918851
-0.342914570624295 0.321731275335909 -0.155977648984826 0.189320935303779
-0.139499952281826 0.427223346766922 -0.0489710725442241 0.284151374828623
-0.0577492652946534 0.399589121783808 0.0283695938164857 0.274236862479714
-0.0831753316544152 0.395878518732303 -0.0194964691500196 0.266453268724092
-0.2987245936377 0.340301127713418 -0.0879030328092794 0.218789894544516
-0.440730881051954 0.120180868789898 -0.165618369872618 0.109151772768702
-0.502373162124164 -0.152253403025388 -0.143769640486826 -0.0386104782286345
-0.179240092453118 -0.491449380429504 -0.0779650045559363 -0.14229627328485
0.321112477841576 -0.488061184816644 -0.038010604753345 0.00848163909461254
0.573738088948876 -0.325274784735571 -0.214015808861977 0.158112215071114
0.412393779444495 -0.22057959646734 -0.615618047262496 0.0384999196447997
0.262887417627084 -0.406089221338554 -0.373210017757432 0.285892065979325
-0.101250497438726 -0.397981826463881 -0.0389769605733461 0.0983143788132251
-0.340567063255022 -0.14957365556565 -0.0754863014851212 -0.0357220217836569
-0.325058926940621 0.068359038335008 -0.226121849241543 0.0534031366261017
-0.239554243133003 0.212741468195714 -0.241134757768813 0.28661844066898
-0.114542347545195 0.29142024385089 -0.0973133590506561 0.41406712371887
-0.0612558640552838 0.265537574789935 0.00252794834449287 0.407023772113202
-0.0821957045844515 0.254508765631278 -0.0524018979537374 0.38376630281518
-0.216409076775877 0.205516160078399 -0.15424723252955 0.299996191558061
-0.286645237414338 0.0513313235814777 -0.236453960663672 0.133962093038072
-0.289557457949618 -0.109426955008252 -0.168701526392277 -0.039745987518342
-0.101715877115539 -0.292901477433711 -0.0858733467809688 -0.113357829453915
0.199204960336469 -0.309471955820548 -0.080173560793704 0.0692505796632115
0.37852368335572 -0.251610852265553 -0.362535457175754 0.223363871019809
0.170075037439904 -0.145413381844894 -0.774729548504261 0.102530176174375
0.0731523958337987 -0.19592926892907 -0.441776531200944 0.367251056909469
-0.0747725246386802 -0.142492834870433 -0.0800173407493159 0.141054297955253
-0.106177507639068 -0.0264935687767181 -0.0922671538546872 -0.00925382011001877
-0.106068472347032 0.0147004414692744 -0.261236834317203 0.075063640490081
-0.0997971401152392 0.0652091036457184 -0.276286316675569 0.334407401199414
-0.0737972016325774 0.104867136501906 -0.122928117467452 0.478782432763214
-0.0559031665774383 0.0897072732314521 -0.0212702477215418 0.476388700497165
-0.0677655661090632 0.0829675083697169 -0.083577729618259 0.441552118527887
-0.107494532954145 0.0585710765510632 -0.20718201241778 0.330620073159345
-0.109827377857204 -0.00402578206942914 -0.279138906426641 0.125173026047688
-0.0776983145968976 -0.046297020648954 -0.171860457951749 -0.0511570362830687
-0.0425428323617122 -0.0881042270033498 -0.0776590935381157 -0.0871208403598967
0.0541812855228249 -0.129198644903478 -0.097124783376115 0.0981639361755268
0.145739026334509 -0.157555401302362 -0.436427507349709 0.252550836004199
0.0591360525994281 0.0675582663586454 0.55364931650021 -0.0232551438317795
0.109782706715658 0.0239164018634709 0.199588012855211 -0.164306556622703
0.0558802477154797 -0.0860502287677782 0.017140114777865 0.064767802105736
-0.0770038745635223 -0.0949521249868917 0.0928187540204979 0.146172864113125
-0.0919775219600738 -0.000183014537741467 0.298802162608236 0.0698532779456374
-0.05503914512935 0.0552745000329269 0.384156970069931 -0.166832285949942
-0.00210395070167802 0.089480043109107 0.314171865835998 -0.342396995821838
-0.00303951415608952 0.10880259215818 0.243489772966983 -0.40850187281701
-0.0217678480196604 0.114594436095323 0.283508076443377 -0.383374484162835
-0.0872066812376867 0.0723916765651002 0.354527666782131 -0.226478321846857
-0.116716371063516 -0.0126728693988123 0.298758268186943 -0.0131074547240404
-0.0872994641827119 -0.118643104064638 0.128995764236506 0.00655696442799403
0.0898163272300001 -0.115348263877927 0.181099011450856 -0.0716642417238662
0.142930805973415 0.0389118210865192 0.498590464282563 -0.0845411618202774
0.0660273722236471 0.103455278712672 0.803409810607406 0.237387405575848
0.283675577695243 0.0774703100817454 0.52091293866118 -0.0298123181246976
0.295069098481911 -0.059480095394755 0.189886462373726 -0.147241139287939
0.104860913938914 -0.242006192361176 0.0394164630485271 0.0492757461034631
-0.181861260978121 -0.233535366466419 0.0791949670270032 0.120936407103187
-0.257682368433768 -0.0455668015167564 0.262621913108449 0.079856670731095
-0.220844373756738 0.108505842255774 0.341259413155188 -0.121867687813892
-0.122481878158243 0.223716372373963 0.285725092813917 -0.272434746147278
-0.0995762588068525 0.258388820987872 0.225263691565827 -0.332294656102831
-0.134038797383388 0.265928669421571 0.241190112787 -0.317715685171514
-0.284013840563822 0.160614551132712 0.300108669418273 -0.194856019030892
-0.329293935099267 -0.0574794152168856 0.25070925728533 -0.0292150973533469
-0.260660194664618 -0.306037989199489 0.112845731203537 -0.0340895750959593
0.146516809048571 -0.377543891283047 0.185293002379264 -0.122311955070691
0.416114613607435 -0.102063256273734 0.455221331714092 -0.104790222373336
0.391512340063455 0.105196001637099 0.702418438601697 0.191565098903574
0.48387333951382 0.0856701348138402 0.405338029997246 -0.0607840850073453
0.473154799650668 -0.151121196156477 0.132793363413103 -0.118901533465513
0.15277278573938 -0.400103108602594 0.0560218378155185 0.0456161218531509
-0.280810900333791 -0.365877596318813 0.0754214847897232 0.0883737738988714
-0.409474405525442 -0.0908949529831219 0.206147032930672 0.0684819300941664
-0.370081732784907 0.148161334867875 0.250463647281725 -0.0719543360030278
-0.230995154131715 0.329313995566437 0.210992442804244 -0.165796769875274
-0.179493433623986 0.369747180475634 0.174949425850252 -0.204790387845091
-0.217509033593725 0.377158438748164 0.163281433712883 -0.201210313411787
-0.428070505009562 0.23405689570534 0.199573416715307 -0.128261549508558
-0.497293234281063 -0.074183149536424 0.156851237121404 -0.0350542557321189
-0.42150489544578 -0.430078877038398 0.0684866217130367 -0.0737350881521816
0.147689183497128 -0.594897858070886 0.158668614944057 -0.168675581275978
0.605626273488412 -0.252019991176078 0.357984084117469 -0.110552987047116
0.646839290932393 0.071844830248165 0.50357367364515 0.141441864995299
0.632243317187017 0.0812964048140791 0.208461645161194 -0.110800078899929
0.614690240383654 -0.245452398838304 0.0164006965552589 -0.0741277018722494
0.183054618466104 -0.549292929476934 0.0529112367379958 0.053415807363428
-0.370047397318612 -0.470388664406284 0.0648829204541385 0.0489037144058855
-0.527536755085099 -0.120374362001494 0.118270365508871 0.0421106819244456
-0.478115104276006 0.175533111452491 0.114949115373552 -0.0158977854451383
-0.31039543231044 0.390487000194807 0.0993141771115533 -0.0331455651293229
-0.232324725640303 0.425842235130056 0.098029785088447 -0.0479840649628768
-0.263248650971861 0.428323670333623 0.066490691701646 -0.053369783472177
-0.501614144825889 0.271290845704174 0.0732140310062077 -0.0326520289765965
-0.588162304280588 -0.0725085568673022 0.0318733983564282 -0.0231989254299027
-0.521326776323314 -0.47379780002254 0.00121569901288946 -0.10003352435639
0.110357702969301 -0.708068443653548 0.106361668106512 -0.193703753926852
0.681440589671986 -0.358497181012153 0.222804839816175 -0.0877834140407053
0.786767034750761 0.0243740079734477 0.243787508032304 0.102119543364321
0.696709113337893 0.0610660569878334 -0.0522253414004618 -0.168118843142964
0.678175739105519 -0.315873151167413 -0.151398849019693 -0.0150267173755778
0.186211436013343 -0.629588693404265 0.0226139174867203 0.066366251036571
-0.410238254345862 -0.508787181247151 0.0334122327359397 0.00347200791497561
-0.5669616689614 -0.128242904404787 -0.00163959654506453 0.0101785431407141
-0.511547513516322 0.178724792291346 -0.0507993203965702 0.048052794777734
-0.340079414341788 0.396310530747124 -0.0330553634153744 0.10966580225514
-0.249295634072065 0.418100518759206 0.0066609212001468 0.115305539727144
-0.27085304160804 0.410985412995808 -0.0358985171995712 0.100849408252411
-0.495560223989792 0.255703490261022 -0.0591748345744774 0.0717896812223823
-0.572957773509039 -0.071517800155532 -0.0992928468951772 0.00160922228573354
-0.513697605670238 -0.441442962552414 -0.069486998992222 -0.11052678347539
0.0727411563173096 -0.680868562780135 0.0451125086597798 -0.193425948005356
0.639681647639752 -0.378787286330515 0.0819987171821671 -0.0435358727951821
0.788364633973915 -0.0200289178284099 -0.0305012387081042 0.0747665872187795
0.646863685009492 0.0273695800561338 -0.335920544869029 -0.219656896673448
0.614060827432931 -0.324058619781882 -0.332026640703169 0.0497566139111041
0.150401212533512 -0.584554543456984 -0.0285805830970158 0.075696653063837
-0.366408076942779 -0.443021390999877 -0.0137530283357301 -0.0368965428023407
-0.496184294858548 -0.112458484910548 -0.129058871616305 -0.0185763311234908
-0.452403670163858 0.153558955351196 -0.214518458266524 0.112547012987109
-0.310946480528918 0.340974156383378 -0.162462665866493 0.242065333527215
-0.227907072512904 0.347379113680928 -0.0863735604699545 0.263313691563469
-0.242081136425035 0.328486598921727 -0.131630200048512 0.234485688595552
-0.417021914583205 0.193183935755405 -0.178010162652022 0.158429713880974
-0.460534188021278 -0.0741050690474953 -0.208483009022412 0.0182895117058072
-0.393164795993281 -0.347186084653128 -0.120056982040168 -0.114644670226352
0.0504563809888215 -0.528173623789053 -0.002566783422413 -0.174859523874123
0.505763820822622 -0.309898251353587 -0.0316241246615132 0.0035783001587194
0.664712040982649 -0.0488123782358951 -0.268024378951338 0.0577766231817249
0.482216298564062 -0.013087953168838 -0.589631835505999 -0.250813637965815
0.428257041060745 -0.262401327409529 -0.482210222648767 0.105299476426834
0.0819426239629702 -0.412173421135487 -0.0873411636592147 0.0832644385352714
-0.244513897946519 -0.280303566828576 -0.0581665281955864 -0.0571914103860109
-0.324582762299529 -0.0758720406679966 -0.228409375501434 -0.0371516631505823
-0.309815245537847 0.0975342795632447 -0.339270658451839 0.163036179740654
-0.229244897678366 0.227111796614001 -0.264959492373316 0.340879680347338
-0.172350725526527 0.221084799946015 -0.165013109507928 0.372481540327345
-0.181743398345962 0.199088600669255 -0.208933032061729 0.328451133899202
-0.284772122545652 0.102579141290829 -0.269598808344603 0.207016212115298
-0.287546975179878 -0.0713449374617695 -0.279807652001353 0.0149560575423793
-0.218131319483703 -0.217871909863217 -0.140057840039133 -0.120942601280462
0.0335319631284909 -0.312059497740688 -0.0255045600803404 -0.148734682358359
0.314804510858861 -0.197668122986631 -0.10062678094317 0.036266386252095
0.453610306178412 -0.0660252393607663 -0.433749613466048 0.044795102275541
0.22832162473085 -0.0516277039316415 -0.765080273700354 -0.25774291988751
0.161772097081233 -0.151128526232225 -0.573032823300653 0.1490252999686
-0.00518320647476764 -0.164759135956526 -0.13858608838088 0.099022479434851
-0.0830975327031246 -0.0686780636739997 -0.0819590111733317 -0.046044141734808
-0.100173891851092 -0.0297231297873565 -0.271903383064342 -0.0425245074477841
-0.116156647811422 0.0206645518060215 -0.397449828316963 0.189310099389202
-0.111510173703949 0.0708827793662395 -0.317231543899453 0.387291353385986
-0.0915339647224578 0.0603096063266647 -0.216824322885076 0.42549059045514
-0.0957467724010664 0.0485672760492406 -0.259961093812172 0.368062763457736
-0.122578308220327 0.0112569933862889 -0.327436011177517 0.213438488444237
-0.100026307395222 -0.0477431348466684 -0.311641228337119 -0.00699235179608617
-0.0528366692715077 -0.0722852247303517 -0.134695098291893 -0.125767692108585
-0.00329184436419168 -0.0988408156328958 -0.0341150269903125 -0.117860805012496
0.103767163576898 -0.0951225470521432 -0.131899626945884 0.0501319462689069
0.200280247171105 -0.0806612732592019 -0.513133007330462 0.032954785087488
0.062032447798651 0.0637538081285889 0.54708153450049 -0.0557280423645918
0.111551443451008 0.0164930597052329 0.186493254922894 -0.175277539631361
0.0507407317427945 -0.0883593378405896 0.0243223491635993 0.0622191738779708
-0.0835763072621962 -0.0881062602778373 0.101742915481395 0.137867566768674
-0.0923027468399766 0.00535256060594653 0.299672919112926 0.0499852563348793
-0.0522152615057328 0.0576242234262219 0.368770043599928 -0.192335765624841
0.00320450912416729 0.0878198634005248 0.286396838712256 -0.360297969685854
0.00514229865382226 0.108047774480106 0.21234768481416 -0.418527007063529
-0.0117938101844182 0.115572123482882 0.253824129328602 -0.398212372153543
-0.0821916185636409 0.0788100115247105 0.336872715086268 -0.248944569611592
-0.118512418236322 -0.00535982067760369 0.297670237842345 -0.0327630701147458
-0.0942886221021767 -0.112332053113251 0.127963911722957 -0.000262185738493315
0.0831317581848483 -0.120617792764671 0.177449951632465 -0.0808153409472995
0.144344029299435 0.0312290789144757 0.489916428143128 -0.116426519891742
0.0706889018594278 0.0990018910906353 0.80364116603278 0.185733994113804
0.282584737543142 0.0622863535009928 0.513299334975548 -0.0617429777336729
0.290070758778216 -0.0774798848965558 0.178733025750913 -0.158012619147282
0.0902174855586889 -0.243863774524159 0.0459848863223163 0.0452541288614024
-0.19514282564047 -0.217408397603535 0.0875972230588042 0.112984939381776
-0.258744496210472 -0.0287316636389108 0.26498331074123 0.0596866664364127
-0.211802884454762 0.122087246749583 0.328359752341114 -0.145390164867799
-0.106310087119759 0.230417454284884 0.26277660101292 -0.289344148024377
-0.0801238176643507 0.261792748707527 0.198931031709891 -0.344263321779413
-0.1128037722255 0.272120507193615 0.216079820991551 -0.329391286850504
-0.270475782241188 0.179589427484341 0.284473796770093 -0.214752584722155
-0.333504371284435 -0.035937186806728 0.24855784174725 -0.0464226013886202
-0.277365728561683 -0.285425899642334 0.10997038155184 -0.0410810015740707
0.122283957812741 -0.384888204664662 0.177333545258197 -0.130862588979696
0.407337515895582 -0.1264134457557 0.445109770121161 -0.133970254302428
0.391936445572298 0.082010257385513 0.706308265696083 0.147962887538483
0.480146768508423 0.0607517328615179 0.397998645540888 -0.0875840812849152
0.4598408953247 -0.177642628587217 0.124111658123224 -0.126149633222707
0.12798715678001 -0.401632952721251 0.0622959332976246 0.0399746467457861
-0.300846547642615 -0.340744731666773 0.0818324291131174 0.0805287253606023
-0.412177692926159 -0.0630911095721321 0.209317157005775 0.0493848926166328
-0.35690454019114 0.173613849617434 0.242025626563451 -0.0903891734717637
-0.20534885230083 0.342465894607058 0.197424459727535 -0.179076360883924
-0.152208668129261 0.377290652635693 0.158343250896591 -0.215679002614305
-0.188196751472557 0.38728306083143 0.147622473981196 -0.208354664675106
-0.408427345979895 0.261605248459855 0.190164098625315 -0.142570969831396
-0.501819890900405 -0.0412824182940869 0.15462738456958 -0.0458602448761742
-0.444877335258632 -0.397067070668294 0.0639610025977767 -0.0789959365423168
0.109991138186807 -0.598859465831754 0.145973408393806 -0.175384476665037
0.586656681239143 -0.286165198871373 0.349021300021746 -0.132921698093201
0.643896330747852 0.03657395735599 0.506787956071882 0.112355540622436
0.626573960612218 0.0477243791130873 0.201297239557214 -0.125743038313831
0.596014245214435 -0.280862888003244 0.0106602578517602 -0.0764220162238729
0.149558209091297 -0.549914174464834 0.0586309991809418 0.0480240401013173
-0.394574509678958 -0.439288568050284 0.0689394466282759 0.0419533570221057
-0.53105293626352 -0.0845703558716386 0.121051799621839 0.027082199983264
-0.461014169798876 0.207493142232976 0.111568769747976 -0.0254127074765149
-0.278292621098042 0.408423581705922 0.0959267873017182 -0.0397273098925703
-0.200037609522013 0.436735610567761 0.0927476681235669 -0.0562738826669807
-0.231478447940218 0.440036470746676 0.0620027853150768 -0.0562016461449564
-0.479300023028409 0.303147219326607 0.0704040242780633 -0.039609021987286
-0.590356786761713 -0.0355468744659696 0.0303337967751231 -0.025449028201724
-0.547255556392749 -0.43457704095996 -0.00412207465809086 -0.101396435559977
0.0659879861073023 -0.707909820295534 0.0908913236216934 -0.196827198146469
0.655968000972167 -0.397566124975239 0.216195448276432 -0.103147545733052
0.77865405147934 -0.0189859793232291 0.24882572381328 0.0886855543297979
0.689261809919828 0.0246031139593499 -0.0602550945388221 -0.168547112244684
0.653473706510968 -0.35393818901443 -0.1509039826793 -0.00736575886581126
0.147429893549199 -0.629327277157566 0.0284336331199531 0.0627746595347828
-0.436228243672456 -0.474413177236653 0.034827516267589 -0.000370718075255021
-0.570310075052304 -0.0898909482471491 0.00079223698819713 0.00147926446916885
-0.494623405947833 0.212959743854447 -0.0482849427685815 0.0494353331754689
-0.307234771696454 0.417378047907764 -0.0251206894726046 0.111043568608443
-0.218536940515498 0.43088898580521 0.0138132370126412 0.11191243068358
-0.241088040514691 0.423293053893487 -0.0290836085723215 0.102759671329591
-0.473375340368662 0.288335802840565 -0.053749639808866 0.0731337522935294
-0.575767882250666 -0.0316060516367678 -0.0988741583004547 0.0073442398567501
-0.534765757303637 -0.39950766615872 -0.0754154495399452 -0.108728891963122
0.0286992521138564 -0.677646929055705 0.029518546089806 -0.19375290656847
0.612211197958487 -0.415297603403697 0.0781843399823668 -0.0484676807304252
0.775702438102958 -0.0620992358367825 -0.021095193641115 0.07906427794957
0.638221267624879 -0.00756335040821112 -0.34456656679187 -0.202591594849746
0.589595068579782 -0.358032799532055 -0.325831559814649 0.0681836462233611
0.114569832467125 -0.582817009137854 -0.0227009185587669 0.0763278019156567
-0.390139986833525 -0.413254432703291 -0.0150557390669935 -0.037374792877986
-0.498285202517111 -0.077824059875563 -0.127916513442858 -0.0185588202413875
-0.436441496217366 0.184246207486542 -0.20626473692699 0.12501058717265
-0.282391290864965 0.360469215413267 -0.143935041133667 0.251118869314877
-0.200899433561175 0.358896206649496 -0.0679213899119028 0.263432858802257
-0.218114851790246 0.339211815169435 -0.114842326739534 0.241561174850761
-0.399540789883711 0.218794315241012 -0.16602443363359 0.167995908330413
-0.462672809888752 -0.0423298313639977 -0.207184730341776 0.0317866856664555
-0.411275407127815 -0.314564665325695 -0.126216644200771 -0.109181226169174
0.0157946871785818 -0.525053783844356 -0.0176594329339406 -0.172432704334125
0.482927281862122 -0.338057821689078 -0.0307852463584572 0.00557957278497472
0.652813883928958 -0.0861354808327306 -0.256632436001628 0.0766089555366302
0.47425289697052 -0.0389047977377722 -0.597725737850848 -0.218703216491424
0.409128611606059 -0.286956888035449 -0.471338650229327 0.131599774514326
0.055341371211404 -0.409879461680105 -0.0827125685050095 0.0878676970145401
-0.258764911399503 -0.261308036055234 -0.0608410719348254 -0.0540532595610638
-0.326284888756823 -0.0530783401573963 -0.227910029871297 -0.0293154865221054
-0.298378826201306 0.119356996705011 -0.325664265855894 0.184489677564636
-0.209088043717437 0.240284798801547 -0.237735823471245 0.355286248537199
-0.155403503665033 0.229717958060659 -0.138073339176819 0.377253203936714
-0.166874869805977 0.207786323489452 -0.18492515083243 0.338634275885241
-0.27437287679588 0.119524970736864 -0.253657398026233 0.222602678571563
-0.289653724156566 -0.0509602992791234 -0.277718304102086 0.0331612693912877
-0.228686931121298 -0.198447852818554 -0.145023932184868 -0.113347091299678
0.0125542263781505 -0.308540647927035 -0.0395186994701443 -0.145647668524717
0.300113277867558 -0.216439927092039 -0.0977344096322964 0.0431912977472176
0.443646603305909 -0.0913217890365155 -0.420031787252811 0.0739300392602303
0.222250078837492 -0.0644858351136676 -0.770142018787803 -0.214651458323458
0.151603500384704 -0.16007909634397 -0.559910308233665 0.18157428109623
-0.0159897289604812 -0.161178360814432 -0.132743660016643 0.107515465360384
-0.0851906028798555 -0.0631896804653081 -0.0836829531331172 -0.0416673374963455
-0.100633210733899 -0.0223540994675675 -0.271551068698821 -0.0286013337451538
-0.112796512115495 0.0294765696289596 -0.380979969559406 0.214625770307187
-0.103764625605532 0.0776678925467173 -0.285627543510464 0.405026207858298
-0.0868387306450939 0.0653308456988892 -0.183778847442064 0.432729980559733
-0.092810334428935 0.0531810256944695 -0.231229833510705 0.380380692615397
-0.12014120740381 0.0185715107964229 -0.310114620120603 0.234295045073064
-0.100117132320581 -0.0398247073220741 -0.310202700853775 0.0138355238890475
-0.0558477500760338 -0.0657505420719512 -0.140795459798286 -0.11726106260615
-0.0111148906883254 -0.0951363243197437 -0.0441111483547905 -0.115005072418533
0.0962919050072099 -0.101096210644639 -0.12774122894331 0.0595267413630658
0.192898510994505 -0.0915807868059477 -0.499865027930436 0.0669946876812379
0.0632144748058812 0.0603452679115297 0.534888297268545 -0.0773509876076223
0.110757270853143 0.0113416431035536 0.174445815190271 -0.180086931496438
0.0467450729952234 -0.0895566133517267 0.0293629733596605 0.0594092634623351
-0.0870401170946682 -0.0815114371443026 0.106825167154229 0.129209236227988
-0.0913822909808107 0.00920276517332025 0.295771643720429 0.0346663717777013
-0.049963620373345 0.0586354972999365 0.350779252171888 -0.20895024024159
0.00611091797175135 0.0863369097621619 0.262312875002532 -0.367930499091127
0.0109913684566863 0.105628805907373 0.186855483792865 -0.420481581720479
-0.00461888716177793 0.113700739006512 0.228598689404446 -0.401219239120625
-0.0774223578026397 0.0823127024389589 0.318574009789554 -0.262855571845677
-0.118953491494234 -0.000162155961585421 0.292553451842809 -0.0468470164596997
-0.0978921106285199 -0.106665009424956 0.125666410915642 -0.00451640715806787
0.0771936869019324 -0.123625604740287 0.173443287512819 -0.0862292548168827
0.143612445312839 0.0251240505137788 0.475671153185906 -0.139191859927677
0.0726966014807671 0.0950351257270713 0.792100309015856 0.147666521429693
0.278262244345221 0.0520854517455821 0.501124420897913 -0.0842032585808926
0.281488158549033 -0.0882287670132419 0.167623984331189 -0.163479322401497
0.0800751310278354 -0.24088626959966 0.0505883366772343 0.040636312340414
-0.202148275293745 -0.201140484222011 0.0914928252010121 0.104949799717953
-0.255732147156083 -0.0150520880557805 0.263019178668127 0.043063977715694
-0.203161172000127 0.130749899742701 0.31347454313086 -0.159761215203578
-0.0928305787919421 0.231985353832618 0.243490277803035 -0.297156586084135
-0.0647768089575218 0.260398650382565 0.178480572415702 -0.346188804614091
-0.0960208913032028 0.272395190436558 0.194974372233768 -0.332842572192188
-0.257457341924317 0.190650348887473 0.269554333726997 -0.227370191773325
-0.332301591092039 -0.0190172678475634 0.2436213303417 -0.0578533391431271
-0.285485967624613 -0.267156581098853 0.106542415239964 -0.0454738690452868
0.105040178038412 -0.38428447828583 0.170110781280813 -0.134751645195898
0.396573264103715 -0.14165772984343 0.432279056910174 -0.152889980466101
0.38802359894264 0.0661100809919793 0.694540817361594 0.116999303224528
0.471353315468005 0.0442801889323849 0.386559695968934 -0.105261661853074
0.444311998150365 -0.194257259107268 0.115172088162275 -0.130747315707539
0.110877765191097 -0.395924747990374 0.0662214588603918 0.0346017884138481
-0.310054556993762 -0.317240374704342 0.0847503901839343 0.0730952370173246
-0.407855847523693 -0.0412097781333661 0.207723591397946 0.033474589349421
-0.342741203704515 0.188091415082196 0.231921039006486 -0.102497323352113
-0.183352864745163 0.347093127533478 0.184433589085883 -0.184471872554305
-0.130422595685451 0.37691737919154 0.144294869861843 -0.219040158318534
-0.165285985317563 0.388628662397484 0.133922015305293 -0.210973344731198
-0.389625382766146 0.279023827592449 0.179585211051402 -0.151877194354534
-0.499065955506359 -0.0162833901894885 0.150779995741733 -0.0535344866114889
-0.455442169792042 -0.368091081933959 0.0597017083588759 -0.0818121642457331
0.0820256151060883 -0.594348194775457 0.136439829042166 -0.177003693058786
0.566799559918861 -0.30657344185801 0.337040908345191 -0.147111884966909
0.631913649627078 0.0125488705878984 0.502074274990242 0.0899720572340405
0.614624901745826 0.0252747961777972 0.192311146633263 -0.136018515240338
0.573476260751381 -0.302206286840001 0.00652133165867577 -0.0769625568408198
0.125999954376532 -0.542140120675974 0.0623972729532339 0.0430172027418365
-0.40618437737172 -0.411427487086069 0.0703498368909484 0.0363110256286107
-0.524971932254528 -0.0563937773376075 0.120234960749977 0.0135950036289461
-0.442481462798991 0.228360262329736 0.106738534402592 -0.0320329584755229
-0.25063084967803 0.41646646903752 0.0922926854680709 -0.0437049171158421
-0.173624436283057 0.437502074344877 0.0873715675003274 -0.0603077751747544
-0.205587399221164 0.442667147346912 0.0571514560352511 -0.0569202412166599
-0.456165036056343 0.322802912496753 0.0668496842387916 -0.0447674956574087
-0.586193431964849 -0.00488535530609058 0.0294772690893281 -0.0276697569070144
-0.556850897377311 -0.39809017534698 -0.00839882988367077 -0.102564709525249
0.0332681604291911 -0.697778982826858 0.0791853837991912 -0.196434881884315
0.628869001643224 -0.419327588333379 0.207411219442653 -0.111858794148602
0.76098941380169 -0.0469344638656323 0.251312821000416 0.0785063038182764
0.675136194279183 0.000455123610660773 -0.0655208422254988 -0.167591475371191
0.625495449179656 -0.377416414249361 -0.149558927617139 -0.00266593627156924
0.118693942734889 -0.62074891242798 0.03265773173749 0.0588764283818074
-0.448758045305286 -0.442856204353456 0.0349601646268536 -0.00381626219889182
-0.562831971661364 -0.0604632149537829 0.000844887286140801 -0.00714992696648415
-0.473386968974316 0.236046393248778 -0.0469653872372497 0.0496228182441399
-0.277730159251665 0.425741659189827 -0.0187965330713583 0.110743798142809
-0.191557626252951 0.432365536480769 0.0182474806961168 0.106743826717255
-0.21501657382824 0.424944968276717 -0.0244648260395736 0.103336795265399
-0.452045499592327 0.306429391966942 -0.0502673405402807 0.0728474034033422
-0.569327172634505 -0.00306735194292253 -0.0971313596262151 0.0114099389269179
-0.54273461055455 -0.363362920209746 -0.0795668981805328 -0.107040379421625
-0.00141170437428394 -0.666178460018903 0.0172261615907393 -0.19046604625297
0.586639641426917 -0.434010565653179 0.0748686725408228 -0.0527092651899311
0.759061901383924 -0.0909334032546658 -0.013787568497725 0.0806171614839109
0.624069907707388 -0.0300038358798308 -0.346107386355914 -0.189521132844054
0.565077089376335 -0.379375864432844 -0.31867494215937 0.0788360102847459
0.0877157165485998 -0.575206493929619 -0.0184609255247881 0.0754100583414869
-0.399963158580246 -0.385588052211528 -0.0155288664622424 -0.0377620625733668
-0.493690747196822 -0.0513728539065974 -0.126671430138121 -0.0207296007302211
-0.418066777332991 0.205042791438549 -0.198082728089698 0.132603491823559
-0.256185580636296 0.368251407203395 -0.127693001369801 0.254404971427064
-0.179082437925215 0.361232211054296 -0.0537611717941594 0.258762931320055
-0.197516830889163 0.342123949502129 -0.100992047449971 0.243268645751261
-0.38211109867871 0.234545542112529 -0.15550845845414 0.171595028000176
-0.457477703759569 -0.019012000349673 -0.202613515695764 0.0406102308302402
-0.416307237231485 -0.285993701072542 -0.128943074149974 -0.104690171724977
-0.00835923347160832 -0.513492971803507 -0.028932940842175 -0.167955525671387
0.461863904675219 -0.353465283774239 -0.030377230054694 0.00655779748933674
0.634875766304101 -0.109848352252155 -0.242975683959193 0.0883027531878975
0.462720792902207 -0.0560129761736453 -0.595206707730141 -0.195734477828228
0.390863590867301 -0.30025768370087 -0.458201400196704 0.148480078741993
0.0381188121341135 -0.402208208786326 -0.0773582569049733 0.0897295698531421
-0.265280493219051 -0.244268746093222 -0.0612143808184836 -0.0515059371821552
-0.322940692015339 -0.0362967301996902 -0.22527319790878 -0.024737628784936
-0.286162449325618 0.132960669870862 -0.312086453049484 0.197381789015096
-0.190350586385193 0.246138531114638 -0.214062294676576 0.360856701779887
-0.140826558894266 0.232943365102544 -0.115817790741995 0.373776141239917
-0.155259569282316 0.210939895576804 -0.164663098741289 0.340638514954672
-0.263578725976187 0.130279459951926 -0.238263283715167 0.231242848290124
-0.286071659815342 -0.0355417535357319 -0.272277685656222 0.0455081588829671
-0.231544597877556 -0.18074183226026 -0.148525149378188 -0.107135125096782
-0.00257414215589897 -0.300527243034794 -0.0488533361353547 -0.140580666163841
0.284878481089229 -0.226190836219918 -0.0931999889961554 0.0471207248222209
0.430480597920378 -0.108238008729594 -0.402911996091286 0.0929019325139466
0.214745870986447 -0.0717731986586398 -0.764198346518274 -0.182264592030304
0.142602527576679 -0.164093472936982 -0.541723882184885 0.201116350450009
-0.0227447774664109 -0.155712634473953 -0.126987304783875 0.112251358583812
-0.0849724383787537 -0.0585515653262045 -0.0837580799383004 -0.037131604235332
-0.0994235689214167 -0.017074006812364 -0.269149489158564 -0.0190008874885933
-0.108088081936059 0.0349625838935389 -0.36404695504024 0.229599248527006
-0.0965922547203573 0.0807380243650243 -0.259097282494482 0.411915637943008
-0.0824434787595266 0.068435885535397 -0.15937882521978 0.431608301443919
-0.0900023884216641 0.0562164971859277 -0.208772659385306 0.384569656660549
-0.116185533838376 0.0230627430025017 -0.293451935615517 0.24612454992186
-0.0985101686653471 -0.0337888974394881 -0.30542903767695 0.0289405754700559
-0.056413356161235 -0.0596329285186193 -0.144259345468061 -0.110760629185043
-0.0167078075441955 -0.0902404886257315 -0.0520008501090622 -0.111390530970102
0.0895152914963105 -0.104782303568786 -0.122521496896409 0.0647518682941624
0.184961062928531 -0.0977567920098004 -0.481259343934736 0.0887830302780728
0.0633392727438857 0.0581767394774121 0.525410214273478 -0.0943185589793262
0.110272481454392 0.00724180633716985 0.165666093862543 -0.183320966202689
0.0440837930238083 -0.0903116027790243 0.0338325649555321 0.0562646418375016
-0.090165194738973 -0.0770030016237192 0.109738184280851 0.121982643648229
-0.0910030848611922 0.0119449866687277 0.292444473688036 0.0240478850790174
-0.048395075923933 0.0595107364270708 0.337520908383527 -0.220000546525337
0.00896859163708078 0.0854568566102676 0.24450034937135 -0.373274752455801
0.0152196832946364 0.103501844103817 0.168705967684502 -0.419614286964008
0.000628773741328069 0.111948026413295 0.211181795264807 -0.403033431291018
-0.0736992388235347 0.0856513321146252 0.306307085386365 -0.272199620051181
-0.119854184494756 0.0042974697186315 0.289622069949107 -0.0567517723713638
-0.10072085180225 -0.102649098251568 0.124374223014794 -0.00705481546755225
0.0725762026298166 -0.125511319469809 0.171580985219293 -0.0897278620607329
0.143134986028277 0.0213975061449021 0.464297883067606 -0.152656554312708
0.0739243040108125 0.0924024730353672 0.782396586289511 0.125564504642583
0.2745318675827 0.0463331464477092 0.49157545020687 -0.0992511912169784
0.275817380307618 -0.0961060998382249 0.159087316574214 -0.167598423324357
0.0728168158183655 -0.238785375525581 0.0546572617274038 0.0364129854621678
-0.205516475012843 -0.19006282378402 0.0943890044793775 0.0987965031369868
-0.254115341388656 -0.00564906544995424 0.26022776760803 0.0306642557209286
-0.195857125559322 0.13710865794218 0.302518123445899 -0.170707167005706
-0.0824223899243768 0.232270676411179 0.229051308996849 -0.301916182011446
-0.0543640589413642 0.25904350351318 0.162962563116397 -0.347136314395842
-0.0848070224168284 0.272242693095893 0.180996817756513 -0.333770294137821
-0.24737079613398 0.1996192496392 0.258096339335478 -0.237809308265416
-0.332572778654381 -0.00706565519677514 0.240412702556052 -0.0670695362758646
-0.292121954186088 -0.254586901706965 0.10412512442366 -0.0483609212138037
0.0917488652078171 -0.384633496579848 0.165501862179554 -0.13725904133932
0.389479254754492 -0.151301674142711 0.422122697191458 -0.166753855325295
0.3837020486033 0.056329102659577 0.687907221348731 0.09719383054536
0.464001303891589 0.0342706995011124 0.378023460331262 -0.118618940757805
0.433510737030584 -0.204855824303125 0.107877296718428 -0.134165560295428
0.0997662565559983 -0.391184163969552 0.0701720764423346 0.0297572896013639
-0.315094697675981 -0.299942465899398 0.0864498435257486 0.0672763175588662
-0.404685358298367 -0.0252534252254509 0.205272400159101 0.0210243051189724
-0.3311631835231 0.19902405206655 0.222891606876205 -0.110525190192285
-0.16767469581903 0.34999117143458 0.175439953160899 -0.188628270065668
-0.114601980064439 0.375968903711289 0.133666698435195 -0.22149372805456
-0.148217794558593 0.389201683296649 0.125369655600105 -0.211347943736005
-0.375224016044654 0.290629933122486 0.171516519437669 -0.159640813834109
-0.496029254904961 0.00115327234033277 0.14825050544197 -0.0598191751646327
-0.462071370138941 -0.348611062567529 0.0562297665274988 -0.0845567078176863
0.0644098531683334 -0.591016169611963 0.130257371885302 -0.178199274051374
0.554658231710148 -0.321283917477405 0.327945675538406 -0.157691804859602
0.622559997763744 -0.00214730568674499 0.499628325475918 0.0756389089006579
0.604518183903182 0.0152484451258513 0.185430448639148 -0.144830666554719
0.556853439356782 -0.316909582399537 0.00207708578362381 -0.0778476649858001
0.111218763636868 -0.534785491121949 0.0655671949646576 0.0381337848665302
-0.41291792579298 -0.388281725785033 0.0714370898134673 0.0313895960130669
-0.520390465787742 -0.0362439474553254 0.118406967763768 0.00161719722640814
-0.428716305505365 0.243458851897096 0.101791016739681 -0.0367182197617509
-0.230471639674334 0.420089225409297 0.0899176782137354 -0.0455338825484649
-0.155781114564111 0.436424048153945 0.0836208334270071 -0.0641284513073065
-0.186316544849222 0.442697133014217 0.0550577129214691 -0.0566621029947111
-0.440736437359246 0.335690881859064 0.0632398254189103 -0.0492722517169265
-0.582627106275732 0.0162306301932305 0.028138497728679 -0.0301623031956097
-0.562163169695792 -0.373495995931052 -0.0127016659952145 -0.103520347473186
0.01246804115471 -0.692243944003834 0.071421843722842 -0.194885099551545
0.610550210029258 -0.434727685301244 0.201608004450572 -0.118166675348777
0.74978295833601 -0.0649487148091989 0.253728851043959 0.0717502139050391
0.664484203832899 -0.0120583983794609 -0.0704046405531367 -0.169111592193832
0.606558613458807 -0.391287668148293 -0.150307400328894 0.000133563180385415
0.101940147584401 -0.612772554352401 0.0358692660585532 0.0560767208442541
-0.45589472492619 -0.420730887152902 0.0352475119067625 -0.00678095735242404
-0.560069668555423 -0.0382674392045874 -0.00077193598530581 -0.0151719234208088
-0.45886985200405 0.252036458425419 -0.0471666859187486 0.0498407278221076
-0.25685264650992 0.430011375344546 -0.0136236180238453 0.110729647838689
-0.173893895419556 0.432442009751086 0.0208535647846713 0.103231869046455
-0.196845720634268 0.426203428904553 -0.0199874565442993 0.104810906290273
-0.43571744766597 0.319064448977685 -0.0483636069335535 0.0714060985839728
-0.566138172973624 0.0175232095005692 -0.0962179416228464 0.0131429912897835
-0.546914650742798 -0.339117941440052 -0.0828678755189003 -0.105577411645305
-0.0236452060314471 -0.657101266262259 0.00878686018185304 -0.186912939798631
0.569033003166768 -0.446958402255857 0.0723819658005289 -0.0556200948368602
0.744446133736354 -0.109494187991826 -0.00623582708092357 0.0813407463154179
0.613370852415622 -0.0420895530637934 -0.347785868226101 -0.182213600628433
0.547907405187663 -0.392007639187434 -0.313683883884686 0.0854798426292262
0.0746110477273906 -0.567408080022854 -0.0152967742478975 0.0745472314016992
-0.406065958587382 -0.367053295595787 -0.0156803197188081 -0.0378543241296671
-0.488799815993941 -0.0326305645559914 -0.127547856998822 -0.0244118291417802
-0.40453463768815 0.21989035020097 -0.193306333029372 0.13786662789971
-0.235904748935726 0.372608928213337 -0.116241013047072 0.256650592120386
-0.163095763309209 0.361704762607384 -0.0442748932634974 0.255695520571542
-0.183236769907581 0.344821375219732 -0.0911866670576545 0.244572044836782
-0.37005502882051 0.24503922210037 -0.148448410055392 0.173844536143035
-0.453998622239827 -0.00127465160158232 -0.199612133482121 0.0466270743673954
-0.417960521125138 -0.265498186408243 -0.1321592551305 -0.102735634227539
-0.023893533682319 -0.505155319469068 -0.0374188228616867 -0.163884896670735
0.444901084653035 -0.365495391065505 -0.0289325845268923 0.00738593254434559
0.622671714230172 -0.124958102636055 -0.230939823305302 0.0958734803536769
0.454162549037356 -0.0658867344956448 -0.592670821416399 -0.180514214346541
0.377912533947608 -0.310165011015863 -0.450720229985971 0.159088034500689
0.0276639158109614 -0.396541186501119 -0.0741473645328439 0.0919601270277393
-0.268242786071166 -0.231962509943952 -0.0614112943873894 -0.0496528631597991
-0.319770029898708 -0.0236100305675973 -0.224958464615146 -0.0229951669166433
-0.275653203943843 0.142636863148999 -0.302888405793676 0.206315092757219
-0.176319516823689 0.249523514678673 -0.195540119095097 0.365274466255781
-0.130279241542414 0.234275056588511 -0.101591304332956 0.369710055650684
-0.146213225902041 0.212910846025847 -0.150178982433341 0.342573289600297
-0.255886968926853 0.137445699819532 -0.228185184814834 0.236402567053603
-0.28331957382412 -0.0242366770110473 -0.269026833132662 0.0539842989188785
-0.231820482165401 -0.167285693288595 -0.151371444698956 -0.10340776599588
-0.0125790767423151 -0.293610403777859 -0.0570806252733497 -0.137233498022933
0.274831954377347 -0.232587865110623 -0.0900345622950751 0.0497207678207909
0.419999933406656 -0.11737279934439 -0.388238689618609 0.104759431113009
0.209829085808296 -0.0763363304118849 -0.759119758834411 -0.161717604763412
0.136646031554226 -0.166498834140387 -0.53098813327838 0.214636801555505
-0.0261246770355416 -0.151593859060357 -0.123669663333862 0.116074039466298
-0.0846081532860074 -0.0560700443576324 -0.08293860959319 -0.0345391321574432
-0.0984425097774979 -0.0132224946213247 -0.267377296449339 -0.0142184225040963
-0.104617852789311 0.0385267954141809 -0.352562336445364 0.241295219176615
-0.0911600682521118 0.0824706030769165 -0.239477281959281 0.417030928176238
-0.0794922544839037 0.0702575871004724 -0.141747555651977 0.428647175986052
-0.0881968388795886 0.0581522870873927 -0.193314058746459 0.38613081384955
-0.114569330901294 0.0262011452162547 -0.281248629365551 0.253652247570885
-0.0962375942441797 -0.0295677547206942 -0.302296532907463 0.0400930103141266
-0.0554834291325218 -0.0545771150379051 -0.146320769874389 -0.106126345393503
-0.0203766587746316 -0.0863324816179306 -0.0583678007250879 -0.107683696899216
0.0847001425710676 -0.107076323477573 -0.117948708076123 0.06825084268401
0.179356457493574 -0.10189209065364 -0.467421769402309 0.103663748205983
0.0633163344776563 0.0573019430996335 0.52023056478113 -0.107730230704913
0.110217534304847 0.00397513830936035 0.157385683015398 -0.187981492085018
0.0412973412750447 -0.0914996696859764 0.0379325553220719 0.0523973558742465
-0.092254485204445 -0.0724217118038766 0.112504305506165 0.116631684952212
-0.091110628329929 0.0153626182852232 0.291805291566416 0.014075312750481
-0.0477405103374962 0.0610034393607206 0.327743207920629 -0.231015320126273
0.0107884989355805 0.0851441477636269 0.230152250888622 -0.380411991029859
0.0192249581094817 0.102655012325499 0.153949602426231 -0.419351553494587
0.00491973373659107 0.111233372223182 0.197371918870426 -0.408900024953719
-0.0706208306755709 0.0885588413258243 0.296422544538158 -0.284593918256409
-0.121730919885076 0.00848263921991774 0.288391832256032 -0.0658715876788734
-0.10452590091492 -0.099698793234976 0.124099981483661 -0.00936063140697978
0.0696672776369746 -0.12846777037478 0.172119793505112 -0.0947473237122068
0.143638070507936 0.0179034403623491 0.45768397588716 -0.166884530604874
0.0750310221354296 0.0905374411802796 0.777854096808471 0.104701011273013
0.273054593699894 0.0426532800670912 0.485761105519299 -0.113727748659679
0.27172007762752 -0.103724582871169 0.151820978597835 -0.172108117800766
0.0670301089112396 -0.237538614914076 0.0584155628172379 0.0320404344305214
-0.209631256661204 -0.179900041872546 0.096100837826443 0.0930553204759106
-0.253959064491446 0.00347618757572225 0.258974481991757 0.0201326718166353
-0.192268247392922 0.144092555696202 0.293783833800134 -0.180557312843426
-0.0736811547956187 0.234619358795667 0.217795005667528 -0.308764739621559
-0.0449830482108935 0.259788326801342 0.151591832113752 -0.349288687170151
-0.0735002675943119 0.273322981187899 0.169752764974544 -0.337706076144455
-0.240949768407578 0.209132682085127 0.248437639684597 -0.247639434305587
-0.334875248529468 0.00423069566277572 0.239048714685644 -0.0756521614721626
-0.298533940043606 -0.246397783658045 0.102283356021462 -0.0513458671719866
0.081755221054799 -0.386349661893681 0.163937364321381 -0.14171256373719
0.386744784207231 -0.162426236276957 0.416255708578496 -0.178608976086888
0.382467385888918 0.0486386313526405 0.686483550726552 0.0802692205647878
0.461015551128532 0.0261845371444742 0.372759325536553 -0.130822188187746
0.425007248740223 -0.218640003171563 0.100817975457655 -0.137110225516861
0.0906811594791753 -0.390095385790027 0.0735762075861883 0.0249305311452459
-0.321879654754378 -0.28581937323835 0.0887120596030833 0.0621130927441729
-0.40467640007363 -0.0109460289340749 0.203088546454257 0.00945547109285394
-0.323923510799352 0.211434417679157 0.216350223742792 -0.117753108008172
-0.154260264795072 0.35245674313532 0.16824496257149 -0.193861040555756
-0.100367497318435 0.377368376940588 0.125440717843716 -0.224749051295375
-0.135262640503335 0.391982458299907 0.118302952203931 -0.213918191377327
-0.364874260012302 0.304680340614472 0.164266502104043 -0.167379940251565
-0.499979990958492 0.0173296581457659 0.146979790923055 -0.0663045776791519
-0.47124800083406 -0.331448325869183 0.053036324118355 -0.0877602711420967
0.0458602340807191 -0.590726086926728 0.125934277275411 -0.180212821333915
0.545472320619779 -0.336795206519083 0.322376934276618 -0.169026540787802
0.61838445141818 -0.0178311731520132 0.502510844849757 0.0638632224299485
0.600497270008423 0.00390316250194541 0.178899093137421 -0.153107305449742
0.546996025689698 -0.332069610859329 -0.00342220551732247 -0.0791612986976197
0.0984409707262198 -0.532433674562528 0.0696787753291926 0.0344310972830352
-0.419474763782907 -0.369426617143712 0.073229624801034 0.0267275442567746
-0.518983811034787 -0.0191922085198258 0.115175886139459 -0.0086113603301298
-0.417595349626212 0.257773134229447 0.0976242096580265 -0.0401788568475773
-0.214692016785332 0.425755516525935 0.0889877126526571 -0.0479833821118357
-0.139869078289938 0.439235644056238 0.0808466799621153 -0.0677917270046869
-0.171198956865755 0.447439700823226 0.0538553522210642 -0.0571308845403917
-0.430210659701628 0.352100449602603 0.0597025380649622 -0.0542614876371707
-0.582751385909913 0.0361724912558728 0.0270596536873296 -0.0326885999521418
-0.572027188109738 -0.3522336288113 -0.0163447435866306 -0.105771343769292
-0.00661736966181276 -0.689848979135813 0.0650170885027378 -0.196300555444411
0.601560521422282 -0.450945267815959 0.196054778722502 -0.125296630321844
0.742121672526514 -0.0829732926364391 0.257820764115428 0.0660785379118955
0.660011662881664 -0.0237386029382889 -0.0759002568876173 -0.171082964262068
0.595722989686911 -0.408274715355861 -0.152934682993671 0.0029466847847638
0.0895132965516194 -0.610876439725942 0.038677332662762 0.0539987143880299
-0.4632442037604 -0.401504902679891 0.0365759653255335 -0.0095739836994687
-0.557793416595386 -0.019557297379374 -0.00407084869464831 -0.0231992778689015
-0.446828033411725 0.268703341096033 -0.0476507024781925 0.0517983457625804
-0.239033904627789 0.436247925405397 -0.00872412638444054 0.112040831357072
-0.15673624246654 0.435607322785107 0.0226732436564835 0.0998417593293767
-0.181976480077843 0.430827391097008 -0.0158310331585922 0.105640058891725
-0.424553456498121 0.33432079047933 -0.0477792559271213 0.070459289561167
-0.56452585511884 0.0353818962466543 -0.09655287835029 0.0144354112760438
-0.554614953944069 -0.319368594702799 -0.0871694770985694 -0.106360878291732
-0.0408109894430377 -0.653011485174497 0.00049367167277201 -0.185612975079319
0.555230232826046 -0.463958818961267 0.0704792246699231 -0.0585251878296153
0.737414914197149 -0.126066426977811 0.000947337299169907 0.0810755506675863
0.610653615941014 -0.0533343998528564 -0.352086397179923 -0.179116994706248
0.53485178516539 -0.408305355615179 -0.313529250260069 0.0934582249908852
0.0616671313442793 -0.566642825929026 -0.0119690100374437 0.0744990891493781
-0.412247487009114 -0.351554962895892 -0.0154480234204373 -0.0394572316324014
-0.487514801972794 -0.0162420492912089 -0.130582559201302 -0.0278491936449382
-0.393532330917934 0.232175266347324 -0.189969050762667 0.144363862699881
-0.221354617754487 0.377176151313832 -0.105402381009262 0.260745900596008
-0.151484246079972 0.365202467882775 -0.0370525901502641 0.252825541195279
-0.170827331767535 0.348947981019457 -0.0819802221319935 0.247685063890767
-0.36113899557067 0.25724475163321 -0.144516978466449 0.17718665392244
-0.453960815306796 0.0141865162203963 -0.198590935129948 0.0524286476129129
-0.423543027985623 -0.248808507405182 -0.136864280253468 -0.101821052217184
-0.0367502612303005 -0.500040231855138 -0.045104310795418 -0.161680328482219
0.436109666592622 -0.378037424172436 -0.0288001670060062 0.00750347682653498
0.614236433761795 -0.139070151462543 -0.221373101801764 0.102460818306843
0.450197886497321 -0.0741757408673085 -0.596048056367451 -0.169060500667147
0.369662219817491 -0.321176062642021 -0.446863718384735 0.169402761605815
0.0201887285169782 -0.395380071961694 -0.0711635728881829 0.0946404975230798
-0.273707518331045 -0.222675648952618 -0.0613664178890067 -0.0490119728185382
-0.318918789003343 -0.0130945937108639 -0.227292300456072 -0.0222462509722447
-0.268366321950855 0.152677188586426 -0.296196115419106 0.217421733164116
-0.165817624100813 0.253530333484237 -0.182818061966454 0.37161090568357
-0.122192405193969 0.238072700846129 -0.0905398300482768 0.370000165001446
-0.139064989887612 0.21717929625566 -0.139333869909043 0.346003513960413
-0.251136650341539 0.144892381773241 -0.220479500356493 0.242754593530383
-0.282103784919545 -0.0144134394019314 -0.26772902666763 0.063708638417427
-0.233422735977971 -0.157551337311084 -0.155831928445576 -0.101400473252743
-0.0222782006723825 -0.289406146105648 -0.0647400438360639 -0.13345742084035
0.267711008806911 -0.241431672072945 -0.0874213176836423 0.0518834492748166
0.413723811474769 -0.126489880801115 -0.377727222944849 0.115911594228913
0.206327895962384 -0.0796675545564003 -0.758942598449599 -0.145259095864088
0.132650904503806 -0.170645396880954 -0.52397108457871 0.226727355793304
-0.0291526060223683 -0.149005463406262 -0.121139231185947 0.120688053842817
-0.0851924882242673 -0.0537335168417415 -0.0822728936844625 -0.0327663494197847
-0.0977345277293605 -0.0103268389131633 -0.268885753439115 -0.00873644787823978
-0.101511594671853 0.0420768886078649 -0.343378173500478 0.252582385128314
-0.087088756192775 0.0841935848710348 -0.223177588832904 0.424082485512165
-0.0767262283022324 0.0729875160691787 -0.128105655611588 0.428954290064315
-0.0871019423025716 0.0613146178458524 -0.178494432943796 0.390205681524028
-0.113686976627146 0.0298992787181775 -0.273462087476176 0.262713598118922
-0.0951091242329522 -0.0259148924764221 -0.301425220705024 0.0503145407123263
-0.0545125330380288 -0.0509197399600014 -0.150682947149864 -0.102657623653051
-0.023599567973669 -0.0825872641711124 -0.0649370303603479 -0.105286373625028
0.0807371226764027 -0.10982248385555 -0.114398910157969 0.0715783391630303
0.175521368314214 -0.106138060946535 -0.457950004861337 0.116911881320004
0.0453869416104401 0.0740007589865867 0.531416697521743 -0.0153444920003364
0.105656412716671 0.0263144722359261 0.185411627290182 -0.154065194727205
0.0539743779637243 -0.0808381107945046 0.0324585763783788 0.0579703107598099
-0.0784177825939818 -0.0842639178581408 0.0910193946907895 0.131407865285726
-0.0960087148373186 2.42915783458704E-05 0.286236606586083 0.0641417353033893
-0.0617203850236056 0.0528100027060587 0.364522986049255 -0.171814679472621
-0.00672901198040075 0.0845746748642423 0.298568073967028 -0.333129318332336
-0.000360170055796031 0.105735317600757 0.228909497405924 -0.382784373490299
-0.016380573668627 0.110618470035619 0.266736314558253 -0.362880380528663
-0.0869731845520587 0.07374700613766 0.340269340367384 -0.221040609454599
-0.122910178223472 -0.0149795716368558 0.292900560599699 -0.0113700336864552
-0.0814339175344456 -0.119326205787107 0.121189189572449 0.0135791783300166
0.0968131335582996 -0.114715223408693 0.193547418953513 -0.0653594699329811
0.138139696623531 0.0433103816296037 0.490606288771119 -0.0791642331287346
0.0534362972045166 0.104225907681819 0.762423943088898 0.268952843356402
0.249974440235922 0.0998977276690843 0.500824810661735 -0.0275678844002053
0.278104591750103 -0.049767413291765 0.177930610967887 -0.13227033885586
0.105843499417874 -0.216559752892278 0.0613293757685524 0.042574278303341
-0.169522168406224 -0.204614882262389 0.0817850112519071 0.102459318491527
-0.249991221746424 -0.0402769139630742 0.25488820104724 0.0623804403779437
-0.215997638475449 0.107841166994072 0.321441829220249 -0.131940049655281
-0.113944085514902 0.214898576689828 0.27150212452748 -0.264564766684252
-0.0922016238361593 0.249444085606989 0.212923158414356 -0.312088408664658
-0.124414115695085 0.253385400340317 0.227225314141795 -0.297909670262796
-0.275242169856833 0.159636429842988 0.282543155016138 -0.19440894279718
-0.331679326563876 -0.0602656219230546 0.238748337935942 -0.0315075017701948
-0.239769337591194 -0.296900805037681 0.100939842417235 -0.0375664076388991
0.16390791192789 -0.365315659872083 0.193605551794537 -0.122104209448419
0.412462873943715 -0.084600164536505 0.457302522932063 -0.0982587677825498
0.363443651177945 0.126945815018782 0.678162581847758 0.224252899897213
0.435385650946076 0.120415007846285 0.394091134491718 -0.0636991585670766
0.446773451025448 -0.134577225963684 0.124924319314886 -0.100987144681611
0.156565338339162 -0.356814353720551 0.0817826429778907 0.0404920105354117
-0.256213437728034 -0.324941252310685 0.0825387032995429 0.0686691163499495
-0.390450304411639 -0.0814048809774285 0.204315053202279 0.039936017198362
-0.355046239976222 0.149342370483695 0.233712780620435 -0.0872335326964262
-0.210673155158769 0.317018231648378 0.199486848396989 -0.16019596780722
-0.168655559260064 0.356601655265706 0.165317067875081 -0.196774485690182
-0.20695992571839 0.357719671189012 0.152970874392472 -0.18565769211807
-0.412956119407935 0.230241670330475 0.182477331593832 -0.13214648362359
-0.494328091475805 -0.0792385742212852 0.140755173783219 -0.0398187219280327
-0.388610973501136 -0.415182204431023 0.0531778055597507 -0.0860248049110851
0.172720574322142 -0.574262279979255 0.159940362728075 -0.173509110488689
0.60501243829622 -0.223650381172596 0.365520350796888 -0.104782951130879
0.608881003543362 0.110401029114132 0.497589495302083 0.167610954422015
0.576714368893994 0.124293695582787 0.209631371277522 -0.118669332423029
0.58281881045721 -0.226167990085284 0.0152285808632892 -0.05663985037828
0.189888165500111 -0.493515303686899 0.0799500378426964 0.0500693640836794
-0.333951849716361 -0.421169242098733 0.0755865934481172 0.0291939756989575
-0.499688375354963 -0.108082941134262 0.122487146381408 0.00479233307554042
-0.452501353284757 0.177490633800528 0.102905813435018 -0.0334184906147657
-0.281192118112072 0.376716385266488 0.092785693835028 -0.0303820550365277
-0.219163447245008 0.408482397028025 0.0918307429814539 -0.0523425706427924
-0.253134426473629 0.404585449186667 0.060764212306437 -0.0442105083282806
-0.483656169020233 0.264626033223189 0.0576907539476032 -0.0416940512751127
-0.580869755203747 -0.0775539761910421 0.013184367267699 -0.0280223693127441
-0.480062405456066 -0.454071423288843 -0.0155218095887542 -0.119279842319522
0.140218472186219 -0.682726270979148 0.0989874989139934 -0.203201914243797
0.684283832963266 -0.323552274838296 0.233074405333535 -0.0858337167471804
0.743949128641122 0.0730094175136091 0.253535095157172 0.117505641701161
0.640137704923994 0.10647839315781 -0.0369807164966259 -0.182487768699752
0.64385109001446 -0.293970129664358 -0.143710480021491 0.000694866321683858
0.195448498237744 -0.572294716842329 0.048604186815644 0.0647435006871982
-0.369694704616454 -0.459822073099132 0.0472163140957822 -0.0139339630963626
-0.534463250496076 -0.116639673503646 0.00842697574881417 -0.0304577251323607
-0.481291316185784 0.182244654444959 -0.0566423210640891 0.0309291558319751
-0.304842153994033 0.385490733671353 -0.0337530828562859 0.109629863828539
-0.235133818125993 0.40159442800661 0.00382871980537382 0.100584721950522
-0.260700140029504 0.385210795820197 -0.0376313599112005 0.101662586380694
-0.475893911603205 0.24831579996578 -0.0706334427170294 0.0599948115449251
-0.562847612620032 -0.0733350674456476 -0.116632448314326 -0.00462525910551884
-0.469044882582111 -0.415793398959242 -0.0849219689672951 -0.132768183162954
0.100235891271391 -0.652131977231066 0.0303690873923309 -0.203691435773073
0.638771080147019 -0.343210410414609 0.0938395978928227 -0.043605077412916
0.746597687007868 0.0283391396333884 -0.00856431767689883 0.0809300768191012
0.603309748313114 0.0658517328716461 -0.308040131679471 -0.239909363347515
0.58623973788094 -0.307721577969273 -0.316698228316362 0.0595847634520024
0.161803543309027 -0.535054306658906 -0.00727939673693908 0.0751407658161676
-0.329487722866803 -0.404632386648699 0.000904118009483109 -0.0509957687881825
-0.465794636726902 -0.102840127826741 -0.117183097280725 -0.0569055840117723
-0.420772457307025 0.156130966067484 -0.213411512210312 0.0988468311278851
-0.276390983325338 0.330359281995852 -0.156939764427169 0.239265534935324
-0.215572354389352 0.332770159818904 -0.0835115373977492 0.237893221830726
-0.234113578452281 0.306963000985931 -0.128523531349727 0.2276719975516
-0.398406395559506 0.184202168594281 -0.18270875819883 0.145061839857728
-0.446024496753307 -0.0732599204595456 -0.220767611592627 0.013505816334352
-0.355916465131874 -0.321436034677125 -0.130961711975132 -0.136570945936824
0.0686769419301385 -0.498828468027576 -0.0200492851765457 -0.183400370129006
0.502596617582953 -0.283535594241139 -0.0196721938661907 0.00299918701680793
0.62925413676464 -0.0101754525359123 -0.236752939824004 0.0562661489810138
0.454281241936292 0.0113321445879705 -0.550786866448728 -0.274932644239951
0.413102060880194 -0.255235874153578 -0.462786067586306 0.106168659726002
0.0903984490334269 -0.378584349694284 -0.0744247593299442 0.082971589766685
-0.219042616288557 -0.259137544274417 -0.0454090078054713 -0.0663680789997796
-0.302545073328864 -0.0699422003557793 -0.215453164055495 -0.0665696605905149
-0.284192236272978 0.099468169203653 -0.330934185637754 0.15442708347926
-0.202005836253579 0.218458056530866 -0.251877154175813 0.334197157582463
-0.164029164734377 0.212040634332436 -0.157337283224204 0.340838688429348
-0.177374952255399 0.183291272225277 -0.202542581497235 0.311556805104054
-0.271121368130213 0.0953429745038413 -0.266693961256822 0.194501159370716
-0.272125754061325 -0.0678558956755497 -0.284777220815863 0.0120183483149706
-0.192081357611294 -0.194549906224383 -0.14305858806336 -0.136847687743786
0.0382962692304265 -0.286912208066028 -0.0441148969786406 -0.153293592355393
0.310150456469241 -0.183324992861308 -0.0898962931317561 0.0362111442480148
0.430539197510998 -0.0402868403263267 -0.397367059428352 0.0379918084865368
0.222032989794504 -0.0442500737718609 -0.720608920935943 -0.281306585599438
0.15958480628986 -0.150881260518298 -0.55089669210379 0.137587461274521
-0.00118090081553331 -0.151315763489503 -0.135942638697209 0.0971037752231313
-0.0694557684918915 -0.0673791300020129 -0.0725587130646107 -0.0501240209870714
-0.0886855752180019 -0.0285798721821029 -0.261659681267625 -0.0582588033602008
-0.102485339451289 0.0209176044248408 -0.383429972791134 0.188762465137035
-0.0966701600597625 0.0672262176177757 -0.302334768673517 0.377239971629172
-0.0888025401542273 0.0573728980521122 -0.205809316380527 0.392362570453725
-0.0965182282258521 0.0417318900286086 -0.249195613218407 0.347474351194693
-0.11532660500847 0.00819170368374861 -0.317565484386041 0.204494688003659
-0.0858225355832906 -0.0432897005361479 -0.30855903264335 -0.00660631317156303
-0.0414416929863324 -0.0570089962714942 -0.13127293874375 -0.132784258905546
-0.00766734325269258 -0.0839117031491215 -0.0497042647933175 -0.11865503081988
0.100756504061493 -0.0912118168469586 -0.12454128823659 0.050375591194718
0.194409668844947 -0.068695687156808 -0.479990503235442 0.0237133893969259
0.0455803998115345 0.0729356900883171 0.523655484212106 -0.030918664233514
0.105271301059723 0.0236322593704617 0.176361171608585 -0.157857389935812
0.0506367501357709 -0.0806637652920081 0.036042084006837 0.0534791869841989
-0.0805694426679487 -0.0795820794525553 0.0934883875631417 0.126781599106894
-0.095648084207118 0.00390679666103517 0.285463296469301 0.0543412531579205
-0.0608110860646233 0.0552518785060485 0.354442648442298 -0.183206091082154
-0.00392520457691641 0.0847428242465015 0.283167959996356 -0.341061212093312
0.00382166933280113 0.105151181927381 0.214987428143246 -0.384891566455115
-0.012097385435476 0.11003647766077 0.252482327869033 -0.367455787350576
-0.0834442720687169 0.0768589398359679 0.327919011798249 -0.232761022507801
-0.124295957501965 -0.0104776262993005 0.291979040028271 -0.0223118741019129
-0.0857173429948305 -0.115533277734489 0.121368859107491 0.0107352308530733
0.0928216682457249 -0.117699375898723 0.192135336171029 -0.0712216920275549
0.138421972700409 0.0399812077691324 0.482804808469553 -0.0929620174581983
0.0535976657667224 0.102695262227259 0.758517969795462 0.247973097291849
0.24905027935097 0.0955199511501358 0.493235688231731 -0.043322983227448
0.273885871444038 -0.0570977247307669 0.169368011607762 -0.137017956142842
0.0999022601746309 -0.214530813949664 0.0644628547372824 0.0373129230663627
-0.173932581906395 -0.195684343776489 0.0839426630210574 0.0972334141761879
-0.24866062386561 -0.0306056481898589 0.25280547730953 0.0510307171007394
-0.211126124463428 0.115065952018669 0.312805397083701 -0.142370111180367
-0.105174473962407 0.216801963243464 0.259749353419361 -0.272200803570597
-0.0822822268065336 0.249756285922872 0.201130932800195 -0.316026087047429
-0.114270722891362 0.255218474311949 0.215080199619583 -0.30118145327845
-0.267363690204206 0.16976414344904 0.272425485124927 -0.205221306801381
-0.33326620163939 -0.0480731014884913 0.237490544998301 -0.041077658943079
-0.249272467137544 -0.285854303196969 0.0996203845263316 -0.0412025517777827
0.151166854071399 -0.369051405412643 0.190193992957404 -0.126615049651234
0.407340319722784 -0.0959690510657328 0.448898281810439 -0.112202999697181
0.359950768944495 0.11555738685163 0.677027996209907 0.202812042487404
0.432695272802204 0.112350574348687 0.386084661918518 -0.0760375814770819
0.43658048894517 -0.146224851554385 0.117395148772109 -0.104035853409589
0.146268195460134 -0.353834041128159 0.0857644895428254 0.0348289715339523
-0.263260827264227 -0.309585170595791 0.0835445655115899 0.0635958902843592
-0.389604444438201 -0.0665296597227554 0.201295739372437 0.0276515867244516
-0.346757354423993 0.162339725174631 0.227180177724434 -0.0944699067161481
-0.197624899100015 0.320754293210256 0.192899342680343 -0.165655419609816
-0.154494293258243 0.358797880707538 0.157122638860199 -0.201081353972756
-0.191609317502182 0.360951352203967 0.145974855096538 -0.188562391466208
-0.401547913933397 0.245005891196035 0.174164704955749 -0.140299057666262
-0.497925169351049 -0.0603609808568656 0.138730323223835 -0.0461325246036971
-0.398839538861522 -0.396380681227965 0.0501652337264612 -0.0892375178145848
0.154766606941881 -0.574088365844109 0.15400728171833 -0.177344205491371
0.595341130849481 -0.240294432907371 0.357610001427739 -0.116488400651675
0.602524499624897 0.0956169655971063 0.499468757276534 0.15243970706563
0.573487168184036 0.113588075941943 0.201561129292656 -0.127540701244306
0.569292283861604 -0.241520585128321 0.00959870243996948 -0.055792046451801
0.177109318774234 -0.491618436448891 0.0840582720715143 0.0453075307471738
-0.342144787428159 -0.404141540088218 0.0759066597328749 0.0247485630219639
-0.497210345955198 -0.0892871006391308 0.119033169094783 -0.00635058161989232
-0.441855405021061 0.192136967953719 0.0992515551124417 -0.0364796341123413
-0.264487059178066 0.383669964679818 0.0925308362571113 -0.0326344656089941
-0.203859346396363 0.412565116374419 0.088663999857299 -0.0557221330365605
-0.236165583647217 0.409602680101062 0.0596242353935784 -0.0455807548624968
-0.470323126732739 0.280974357982754 0.0527996732839857 -0.0459919910073766
-0.58167094593866 -0.0571766878356517 0.0120361264745908 -0.0305635403033042
-0.489891719343123 -0.431475617108 -0.0202219285431207 -0.120321665238921
0.119041281646975 -0.679955785299436 0.0914922998221129 -0.204813080489512
0.669906935552706 -0.340693753756562 0.227764362320687 -0.0944996803115888
0.733264126023098 0.054969025774872 0.257427762033001 0.108901591424347
0.637492415088292 0.0932294192832643 -0.0443523464737244 -0.184420129562989
0.62955459029428 -0.312211331692965 -0.145976931877748 0.0055568527300591
0.18036053908483 -0.569315621782006 0.053845575598535 0.0612680373680982
-0.378362601781964 -0.441414107692918 0.0467744420327073 -0.0172321144295278
-0.53213483638389 -0.098007010585408 0.00348000427121271 -0.0387910179590754
-0.46963116821874 0.198006633207652 -0.0564499230252724 0.0336639538912981
-0.287047156734855 0.390274224289811 -0.0275056474031549 0.110914715759371
-0.218486548986773 0.40618591388549 0.00615025170893004 0.0973092445587841
-0.244312708558737 0.389153118162688 -0.0332639003159287 0.102336219104261
-0.463225683767686 0.26448662813745 -0.0709071217264247 0.0600877984950238
-0.562100823757289 -0.0527061252481889 -0.116051140801784 -0.00128357285451673
-0.477954298953173 -0.393871096931755 -0.0905111068697497 -0.133121775053551
0.0785625552039896 -0.64634867831438 0.0218789059376744 -0.202744193214814
0.625312864905353 -0.359522976491824 0.0915345997229948 -0.0484078666891747
0.736022462248801 0.0118767836980925 -0.000750932301827167 0.0795058079425159
0.59746222467189 0.0543542796534631 -0.313625106535294 -0.234969237467942
0.573741401542965 -0.324324480638378 -0.314931703795165 0.0691047319007873
0.147696533658068 -0.534732920944482 -0.00218587027786957 0.07470131890973
-0.337713657387029 -0.389901092364315 0.000479765494126829 -0.0529698951066013
-0.463283295604673 -0.0845179887644832 -0.12175191513823 -0.0599165874607425
-0.410956617843211 0.169451282831353 -0.208920259852042 0.106902596994658
-0.26114181501861 0.335780745937632 -0.14410696257593 0.244013583327917
-0.201291782619938 0.337200304758412 -0.0762434537815213 0.236024575228271
-0.220583197418503 0.311888257705124 -0.118956079189894 0.229693013930731
-0.389536963286451 0.199312273895609 -0.178459231723236 0.149195902896994
-0.445803987894004 -0.0560881593403835 -0.219431575892374 0.0206490741135705
-0.360500985984249 -0.302553568410859 -0.13628979304707 -0.133502639256658
0.0524562910471965 -0.494617092243878 -0.0291193659451139 -0.180005314443997
0.490029812397365 -0.296069678114738 -0.0187102831543908 0.00181637349357864
0.619655120728174 -0.0251702294806286 -0.226882769338864 0.0620574074043656
0.451512645349395 0.00150927100701613 -0.554518847877752 -0.263480491560123
0.403890701335936 -0.265775777348284 -0.457671764625594 0.119312072116407
0.0802002950514241 -0.377688901158499 -0.0696397703909638 0.084868837061689
-0.223484449211977 -0.250907421562914 -0.0456154804092608 -0.0660888948053635
-0.300729498228178 -0.0591875600247204 -0.218775045195676 -0.0655088565609262
-0.277223681939431 0.107331736919263 -0.322913201663378 0.165807273155882
-0.191107837542797 0.222093154253132 -0.235718219556695 0.340627413580894
-0.154660229765165 0.215680137510169 -0.146262512394117 0.340758058539044
-0.169478448750267 0.187225879148178 -0.189292853715759 0.317222131178499
-0.265579583264251 0.104138384399336 -0.258258377201619 0.20182142716766
-0.271232510477599 -0.057912467647905 -0.282290524095004 0.0221394609494029
-0.193889188972584 -0.183743494216571 -0.14796621369416 -0.132772670959817
0.0290501675767706 -0.281948177906284 -0.0519563411869613 -0.149271386748435
0.301567338966729 -0.190615253628756 -0.0868453757632423 0.0371844610722128
0.423277183820194 -0.0509726859971805 -0.386571036246889 0.0485815157206756
0.218131949934115 -0.0484492533327047 -0.721119808848807 -0.263281730027676
0.15503931582126 -0.155692743816304 -0.542222881743983 0.153165398238517
-0.00446092903581074 -0.150498018853125 -0.131457278581026 0.101964724565375
-0.0702255259363303 -0.065725805975804 -0.0721548463693385 -0.0489431555209612
-0.0883168262374101 -0.0253453301759073 -0.263296046606984 -0.0529223538355844
-0.0996497726936303 0.0235604541325449 -0.372467863437963 0.200482520504328
-0.0924924608899476 0.0693192661963654 -0.282461601594605 0.385615795410263
-0.0859913700559132 0.0600799718242199 -0.190733484793215 0.393270825495728
-0.0944132811369468 0.0445852408641369 -0.234064902068862 0.352201706709606
-0.11400291550885 0.0122620221919335 -0.307425479935206 0.215246939664783
-0.084878292701839 -0.0401550967233341 -0.306808660414856 0.00514467195434162
-0.0403027562868489 -0.0535919961519174 -0.136306805603128 -0.128963682820176
-0.0108995172103473 -0.0799985110908525 -0.05590921738843 -0.115245950873557
0.0969159656892466 -0.0941791221325217 -0.120475214440844 0.052441504304996
0.19149378848189 -0.0733543782218552 -0.468917539937945 0.0371305020632991
0.0459061118848852 0.0722049364134894 0.516901035643964 -0.0409312752779556
0.104739013675733 0.0232325003523544 0.168077173124763 -0.15970309543922
0.0486801100421276 -0.0788423115752881 0.0378582446290218 0.0509542622264129
-0.0814226994549206 -0.0754200140983283 0.0947797858406653 0.122664793572872
-0.0955512605408547 0.00650617630678461 0.284782845436724 0.0476982597728696
-0.0605152342637637 0.057453901096414 0.344536118510911 -0.190495385681803
-0.00240910373750212 0.0841552685864292 0.270635626416089 -0.345803023831584
0.00656942127557587 0.103787821610582 0.205577086412255 -0.384695746823194
-0.00937243778120743 0.109426838395265 0.242608931620929 -0.369174128798247
-0.0813846015116546 0.0793089723593628 0.319305430601497 -0.239661915015069
-0.126114809417091 -0.00690030726833023 0.290336508359067 -0.029752693890661
-0.0886165395439448 -0.112526087899684 0.121091247478509 0.00865140561704762
0.0889572514200976 -0.119145228092957 0.192645610473048 -0.0750559037325558
0.137901507768497 0.0378180255696327 0.4751659790785 -0.101543915004624
0.0524903597057429 0.101702741475427 0.752341813815683 0.233300102583058
0.247467027624589 0.0931961848517671 0.484770220402306 -0.0517068396162282
0.269875404821157 -0.0608592150685012 0.162228492380134 -0.138234404329716
0.0956524558863495 -0.211141169728359 0.0667749027299183 0.0329033965339595
-0.174922111584599 -0.186998623453086 0.084668971807271 0.0932483473642444
-0.246578893215435 -0.0236335515135013 0.250793204594611 0.0424087172043898
-0.206755688952859 0.120442580399499 0.304830366686182 -0.148760629475607
-0.0990893485157817 0.217367825370038 0.249555933850971 -0.27600918503326
-0.0747870254667952 0.249902574231533 0.193074239835549 -0.316986637474088
-0.106140864658649 0.255546367925488 0.20645462175632 -0.303506792549921
-0.260029483712969 0.175706216236574 0.262623220123294 -0.212098284746459
-0.334893940998573 -0.0384977931148411 0.235095844374127 -0.0479843757122454
-0.253804340678082 -0.276600087493323 0.0976527287935972 -0.0436807478039708
0.143090893488414 -0.36854056457545 0.188279180303587 -0.129699457226966
0.402554971845248 -0.101906062768733 0.441784709326881 -0.120125176404452
0.354440901048269 0.111616820515971 0.673195019629859 0.190715722238417
0.429424218843833 0.107952123865386 0.37687647358434 -0.0838443649898274
0.428594001705436 -0.15249965142705 0.110430465062034 -0.104140064109536
0.1407359688206 -0.350463262058153 0.0884033668934763 0.0295615435835638
-0.264108207940326 -0.298407019142727 0.0838904251560021 0.0599133562868265
-0.385812752946684 -0.0553719404376482 0.197266352044129 0.0189981376925091
-0.339196746847177 0.169172274705977 0.221374706118859 -0.0989027806014887
-0.188194520928998 0.321985859297113 0.188151164249249 -0.168906897992812
-0.145292585142281 0.358430923410436 0.150987087258851 -0.202731531095292
-0.178951465654462 0.361487118397049 0.141773837696182 -0.189558892821488
-0.391369227720005 0.252708572162792 0.166361119615961 -0.145728163184177
-0.498135894782225 -0.0474520665457169 0.137151161885296 -0.0510445183830477
-0.404472643699926 -0.382887142141097 0.0462771394543167 -0.0916947889019969
0.142072753432027 -0.571829314118945 0.149813387377491 -0.179052744685861
0.585716760435175 -0.247763730778138 0.351540308689327 -0.124161190575511
0.594394664084726 0.089688667946574 0.499028959420612 0.142292858105338
0.569114750297361 0.108059663790169 0.19436771414302 -0.132149518999853
0.558893451985465 -0.251690051279704 0.00438834333497093 -0.0548268773250391
0.169356783173712 -0.486523173672012 0.0874197326307895 0.0399291669217512
-0.343885549258578 -0.390858393933471 0.0760402718907934 0.0216856296981938
-0.492556704563764 -0.0763449203283277 0.113010485462708 -0.0142673609937047
-0.432166759955791 0.200604777681301 0.0961939961648628 -0.0377043029785613
-0.252265710357213 0.384347941199542 0.0933645482909176 -0.0343436070660595
-0.190740328429165 0.414024853261087 0.0853990522091145 -0.0584706102804422
-0.223829844688424 0.409956069506017 0.0592940855420731 -0.0464819297229946
-0.458715939897963 0.290749448118804 0.0479467880929633 -0.0485869566841773
-0.580488065377183 -0.0413483939955341 0.0111569664355201 -0.0324383720440531
-0.494652198741965 -0.414481894438368 -0.0247430981459428 -0.122148333752516
0.106668890849712 -0.67492606908094 0.0859268276206521 -0.204153295600005
0.658598523102025 -0.350017095597552 0.222956421440719 -0.099733527746335
0.723000104419203 0.0465098575603578 0.261085356009597 0.103304748418863
0.631801393818972 0.0867994976374939 -0.0502861958333199 -0.184849377124809
0.617841829648766 -0.32148152510442 -0.148521807550296 0.00927766302664798
0.171020523088216 -0.566340942128174 0.0574840948796918 0.0574395680575467
-0.38029736525944 -0.428555061707216 0.0459337798973506 -0.020387905912007
-0.528485045048175 -0.0842471208433944 -0.00209301122200839 -0.0450549653282111
-0.458700642462814 0.208103216097842 -0.0563658087764406 0.0354663788995703
-0.274405539207064 0.391219218616037 -0.0213710085780292 0.11193530277696
-0.207121783389435 0.407462232213541 0.00679544850639071 0.0954837452179676
-0.232994871262962 0.390857470096057 -0.0292246114045119 0.102586696112886
-0.452493987519467 0.274241879251466 -0.0720277763559857 0.0597712929270862
-0.561005120363602 -0.0375934613227981 -0.115948361627398 9.93095256421444E-05
-0.480371470750965 -0.375926144982233 -0.0943908945400137 -0.132620514344638
0.0664603654457491 -0.64033227270419 0.0158986053490212 -0.200079719268082
0.613595694060958 -0.368569970273987 0.0892054819748946 -0.0510830570270271
0.725801793184119 0.00195461122919439 0.0050060258927309 0.0777737381082031
0.594006098274938 0.0471261939191705 -0.316864777728557 -0.229886469428817
0.562381425316842 -0.334726648805231 -0.313214263083344 0.0753123354653932
0.138410016733582 -0.531769928849926 0.00206426556537502 0.0720568982200843
-0.340749512880387 -0.378849429880465 -5.43638583933599E-05 -0.0541962019999245
-0.461061591038948 -0.0735470267298824 -0.126511447519255 -0.0633292891465169
-0.400619351836869 0.176900216554754 -0.204706251165791 0.112700685717816
-0.249606664026559 0.336446023384926 -0.133332542984845 0.245559864747611
-0.19224591251882 0.338920864140808 -0.0717051634185899 0.235498563312618
-0.211238070416772 0.312028957815566 -0.111650289820264 0.23077183916913
-0.381362742139398 0.205919450856424 -0.175927201050334 0.151919793514874
-0.443281765579661 -0.043794718620895 -0.218005457980527 0.0248589615324067
-0.36137386910671 -0.289554576083035 -0.14018158645543 -0.132660612429607
0.0420375239527396 -0.486793733516708 -0.0355605428151837 -0.176829856210171
0.480652930580745 -0.302094338694146 -0.0180171030558773 5.50979743038314E-05
0.610027436462872 -0.0315822173564487 -0.216990275912153 0.064099496443429
0.445546099589088 -0.00287619259926809 -0.554492676101043 -0.25349761271116
0.395420545221511 -0.273662186330546 -0.452415685121691 0.126037345787567
0.0740540121514172 -0.377021676302038 -0.0655474655829137 0.0845803884548935
-0.226884759322651 -0.244209861901937 -0.046157441786875 -0.0671929918933611
-0.299296543166044 -0.0528297333754364 -0.221917611361086 -0.0647758673402329
-0.270998365914381 0.112119768576047 -0.31592117815963 0.174237089544247
-0.183141613721188 0.223265854755727 -0.221071879391523 0.344429545100452
-0.147701898814819 0.217216955205681 -0.13827810768226 0.340439558283329
-0.163210140237788 0.188718015475832 -0.180075640657189 0.317260721608543
-0.2600397931342 0.10954056960445 -0.2518866316484 0.206127207742179
-0.270346332173145 -0.050024981385394 -0.280018327843585 0.029089395207622
-0.193051546426709 -0.17558934494472 -0.151129366592503 -0.130601574085252
0.0227471438253105 -0.275950387687698 -0.0582760721386175 -0.145356646820902
0.294807084140164 -0.195030570069135 -0.0844820130791407 0.0369109317028951
0.416937694316566 -0.0556570104583519 -0.375534176405334 0.0543522163928567
0.21552813268491 -0.0513005239342867 -0.718947166981165 -0.252621746440839
0.151270630641642 -0.159255134397175 -0.534878865840977 0.160848055693828
-0.0070065143251789 -0.150315853348068 -0.127994460305667 0.103864836826965
-0.0711027863666345 -0.0644923347104309 -0.0721975233046938 -0.0493748323560749
-0.0876150523707572 -0.0239054142938922 -0.264043904593993 -0.0497535156549035
-0.0971109730080712 0.0246329551952971 -0.364330802187402 0.208828361753314
-0.0896452246025885 0.0692303140872927 -0.268884075295451 0.389689718149664
-0.083817501701612 0.0619787956749887 -0.181811033146724 0.393339648898218
-0.0934771723239507 0.0462864639832088 -0.223573579043054 0.354084785281915
-0.113108075833729 0.0148691828022974 -0.299630196329407 0.2220975219996
-0.0831322512658512 -0.038135120967754 -0.304720398193306 0.0143019540343517
-0.0389977827396923 -0.0506093987376298 -0.138884130472373 -0.12495716648838
-0.0130116740794469 -0.0762326614042077 -0.0609993114203056 -0.11167540893191
0.0933391113996654 -0.0960653566850408 -0.116667022804339 0.0535875534284829
0.187941107105383 -0.0769414766665495 -0.458720435614228 0.046126193126647
0.0455365093514852 0.0734824547731408 0.514211071740021 -0.0421861458406031
0.105550028269118 0.0237204059328736 0.164554037789672 -0.159596795928096
0.0493022374923608 -0.0771408799889505 0.0397466960116969 0.0493335447255036
-0.0817835195822583 -0.0726379213453664 0.0962539512722423 0.121411103652379
-0.0959612915688561 0.00914716896660729 0.285398043224464 0.0435124455835187
-0.0609881886670784 0.060333881525485 0.340721571105713 -0.196009409562119
-0.00188310558987601 0.0856504854491298 0.264630431563619 -0.349573741765551
0.00866007230468025 0.103765252235085 0.202268411280645 -0.387295403193419
-0.00775322813452842 0.110435778599232 0.239061978363839 -0.371003043693375
-0.0802771692028701 0.0812694455420223 0.315275940883684 -0.24475984358202
-0.128210740446396 -0.00422862368521461 0.291302041057559 -0.0351612748314349
-0.0902975359715346 -0.111543682952681 0.121823897369284 0.0078137557553804
0.0877443305692908 -0.120939593020647 0.194586007041904 -0.0768380365000782
0.138191575727627 0.0374427627128863 0.474354778047728 -0.103947734526898
0.050904592087238 0.103482641292133 0.749699061190318 0.23078400116412
0.246862129054892 0.0941657978180766 0.481508622089018 -0.0542678019774862
0.268882019208031 -0.0616082681755476 0.15722443615294 -0.138089779624915
0.0962858023031033 -0.208386686550226 0.0698900899391954 0.0298292912073614
-0.174978813177411 -0.182632255262423 0.0852383849101266 0.0919404748190517
-0.247563144089079 -0.0201211041143522 0.249431994246428 0.0375122648887715
-0.206123861037467 0.124719746012071 0.301468342848137 -0.15293989149485
-0.09659920891285 0.219121357155227 0.244572271563499 -0.279345240238681
-0.071856675666011 0.250574239403769 0.189606822369382 -0.320422185423508
-0.101684492144823 0.257292655846471 0.204203979288194 -0.305290137098924
-0.258283632333064 0.17975063388874 0.257129458977067 -0.216616532450629
-0.33786079001341 -0.0331034889485849 0.235660092960699 -0.0532073773788816
-0.257340947809548 -0.272871613987644 0.0966754120995972 -0.04541952329497
0.140122182634216 -0.370191922758847 0.188938974935008 -0.131730736940878
0.402485282559136 -0.105064840973006 0.439412523179501 -0.123492100799298
0.352266018276183 0.113984484774399 0.671684395118199 0.186558130812529
0.429897801211674 0.109958491309912 0.373556990633332 -0.0871164051962325
0.427704180519804 -0.154881849286951 0.105738166869249 -0.103537845395662
0.140656914968363 -0.348196811220805 0.0914713526445523 0.0253468368410329
-0.264341423831594 -0.292572006726114 0.0840023142698298 0.0581659366138824
-0.385899383059743 -0.0515100006727934 0.194078406248169 0.0133099635401475
-0.33758485845958 0.174831155215335 0.218610109397317 -0.101857426879887
-0.183488049395267 0.323579219492436 0.186716192742586 -0.171357800648241
-0.139924133537432 0.361239478953138 0.148883677484869 -0.205604324002791
-0.175199334741179 0.363419730928418 0.140555772128855 -0.191172729965831
-0.388790298194374 0.258912248757061 0.16103114415909 -0.149214010300894
-0.502495266067877 -0.0395224030469505 0.137256660170441 -0.0553250182089457
-0.40816216632333 -0.375605842526447 0.0441060295968444 -0.0939199785776993
0.137634287490267 -0.574082707704904 0.149507305429729 -0.179809691076805
0.58558284293683 -0.252141313066371 0.350178625958542 -0.127020062036871
0.590285513845753 0.0911399697601295 0.499757348850163 0.139146371374165
0.570507004829286 0.1095519818572 0.189515000372794 -0.134054220833206
0.556928415064679 -0.254991580551734 0.000532656990266056 -0.0529275726520424
0.168803209225216 -0.484238537814316 0.0907986764533315 0.0357784501198054
-0.344192774982482 -0.38395948362433 0.0758541876885286 0.0195454749164757
-0.493719883502955 -0.0710752417973461 0.108733724161561 -0.0203499204563119
-0.429876513837307 0.206320156335371 0.0947442185367354 -0.0384795233370336
-0.246984060301131 0.387154933314489 0.0950059399113601 -0.0348248496992433
-0.184644014886089 0.415753838915123 0.0839612670423051 -0.059541993127248
-0.217541259741374 0.411607947919695 0.0598113210658889 -0.0472188453128257
-0.455822375638125 0.298182687914525 0.0433385371147221 -0.0504843827459801
-0.585549670571616 -0.031803982008717 0.010977004076583 -0.0345563558482478
-0.498065815548255 -0.407275485587996 -0.0285834258458193 -0.124227140015703
0.102265855916128 -0.675842347065268 0.0833584593865889 -0.204978889533257
0.657594134741031 -0.354893414371279 0.220723989137564 -0.103283112295677
0.719495431450977 0.0485920546494857 0.2648468613759 0.0994064425265366
0.632597779552807 0.0883495574167197 -0.0553224501843661 -0.186739922161057
0.614463830905203 -0.326539294422419 -0.151632370538814 0.0121506272333385
0.170705261763553 -0.563987496261129 0.0604721261643487 0.0533151648259083
-0.383019964713635 -0.423168820778732 0.046578750236442 -0.0214450189234979
-0.529382815856765 -0.0786910014504648 -0.00815515450390811 -0.0501127934451971
-0.456636141585727 0.212509604632552 -0.056083038691628 0.0373259013686194
-0.269261289684432 0.393418991567527 -0.0163597274181077 0.112084208254455
-0.201079142463388 0.410811045756082 0.00667896990652178 0.0947543137026698
-0.226825954384468 0.392415761658204 -0.0270573822564127 0.102456025489167
-0.449044734600419 0.281086623103919 -0.0754231708633556 0.0597578973326259
-0.563754894445862 -0.0295171261766944 -0.116162761597119 -0.000322376228671659
-0.4804749763613 -0.368174773623608 -0.0991529145145128 -0.134104595135592
0.0620097482004522 -0.639910540561258 0.0124764037069348 -0.199783920775195
0.612926102728953 -0.373500573980313 0.0875649925606966 -0.0544874131893331
0.71959097712838 0.00252603189973513 0.0105752850042235 0.0758665139268977
0.593549965423135 0.0482374913014438 -0.320344076663284 -0.230268156063622
0.560242416267128 -0.340735670723377 -0.315513948145344 0.0791396394420604
0.137433137441818 -0.531633591333461 0.00448333900724486 0.0693973531933329
-0.342292524998266 -0.374587096942237 -0.000679526313760594 -0.055539613687465
-0.461256215166799 -0.070602595570321 -0.132984010814623 -0.067016522100698
-0.399244148926138 0.181332006930027 -0.203119054842658 0.115840273219794
-0.245168357735982 0.338831399768854 -0.125771775748079 0.248047758779604
-0.186676290529854 0.341379757858495 -0.0708936697149853 0.235746032087058
-0.206565301036533 0.31350537307338 -0.107781613345179 0.231732776773138
-0.378006660570363 0.211190286932473 -0.1761561344642 0.154071860712141
-0.445601307625045 -0.0366341280517193 -0.217588261252151 0.0273671565286889
-0.3613526238343 -0.28298170898278 -0.144381858212742 -0.133423582139714
0.0401413632499983 -0.484455368448001 -0.039626810842868 -0.175397458851063
0.479323079279311 -0.306891716825131 -0.0185094461017917 -0.00186971239739995
0.606961705608973 -0.0322755728746577 -0.211430187467702 0.0636526497741088
0.446500777060333 -0.00269595799506178 -0.557412326915328 -0.25489827573525
0.392287144780989 -0.279193903361204 -0.453021364609193 0.130192634767637
0.0715118719532909 -0.377526893698836 -0.0640744328080043 0.0836144190435101
-0.228518326047274 -0.242132244061861 -0.046566946521539 -0.0683260357154963
-0.29978076114246 -0.0499497820398054 -0.227455592418997 -0.0666312380405078
-0.269333403084382 0.113890857744252 -0.31249222568145 0.179522788660724
-0.17975306001039 0.223550872344629 -0.212505093348201 0.348619353510909
-0.144347380140524 0.219036002669108 -0.135729412072668 0.341115950944257
-0.160794131147057 0.190055454593837 -0.175329421085756 0.319863503894417
-0.259397529075172 0.113562676678135 -0.250915390798528 0.209231907735744
-0.269700346104353 -0.0461092779423339 -0.279683659756237 0.0328695328422269
-0.191606251603712 -0.171168559926325 -0.154889626523883 -0.13015886755485
0.0209357390514166 -0.273524142783962 -0.0621792398267108 -0.143279638518917
0.293654183976729 -0.198614609066247 -0.0833555471691468 0.0360274610789915
0.414435702663843 -0.0565159183563828 -0.368506588521413 0.0558853247936277
0.21516078300775 -0.0504445438775267 -0.719803596309407 -0.252954838679337
0.149659905075812 -0.16250808060901 -0.533510860635471 0.166569057742708
-0.00899794011026139 -0.150765981188472 -0.127198997295235 0.104757652390573
-0.0716774163779306 -0.0653518920522184 -0.072219039027395 -0.0504912001376349
-0.0881532585667366 -0.0237238613144631 -0.267132342706326 -0.0504047348476582
-0.096386873554756 0.0241810160898044 -0.360201806294648 0.213839095234259
-0.0885483139307966 0.0691662513832887 -0.259510916689421 0.392401906432663
-0.0827103443892097 0.0629258993388319 -0.178119518951076 0.393958394225504
-0.0933180339793781 0.0471474046711087 -0.220157165325326 0.355879965986899
-0.112851431106072 0.0162075070065858 -0.29551546337779 0.224980627233501
-0.0818873211988966 -0.037377540744071 -0.304356965023508 0.0195525939643433
-0.0373021116934671 -0.0497395065959964 -0.141135557929747 -0.123900864336309
-0.0137863872211542 -0.0734154964877528 -0.0651135133014399 -0.109705866922267
0.0923426172480645 -0.097594686411695 -0.115279374026422 0.0534681422048348
0.188075952265923 -0.0792969145451212 -0.452898805314712 0.0486509668605286
0.0458342440399708 0.075706108800874 0.522119824322964 -0.0454289413626555
0.109074954092559 0.0248110508138192 0.163729141052719 -0.162613234550412
0.0523554996304433 -0.0770724144269834 0.0427533304107506 0.0490924869094742
-0.0831607110026471 -0.0722336628801267 0.0986584263365588 0.12262785555402
-0.0975794413330615 0.0107512536980721 0.291929304246216 0.0398110200442668
-0.0615679201183482 0.0648502272115491 0.341934569968755 -0.204274617553684
-0.000938556661632527 0.0885204369615033 0.263381417395074 -0.358192626438327
0.0107646939920819 0.106106019625161 0.201992371289415 -0.39737817143437
-0.00571170734397273 0.113195700378073 0.23977288534044 -0.379199374011063
-0.0808344423616509 0.0839045310918127 0.316039294364174 -0.253337417173618
-0.132724704031539 -0.00198097914554094 0.2973315610766 -0.0401655368431375
-0.0942117857607377 -0.112635994602952 0.124464598289012 0.00729016030903323
0.0886129987232631 -0.123862050390705 0.20019362289889 -0.0798401731488202
0.141108909235967 0.0390016051485203 0.481876399694638 -0.108796734056887
0.0507378536143223 0.108328118912855 0.759607692062011 0.234198271070017
0.251389858202122 0.0977075909257369 0.486961461444589 -0.0577904215632218
0.273291660723225 -0.0627201523109651 0.156575950502272 -0.139592391913731
0.100223904792817 -0.210539482441565 0.0729396544077205 0.0274086695352331
-0.176962943580595 -0.182686876147006 0.0870865518676598 0.0930888356315471
-0.251403743146105 -0.0177279172556275 0.252884829707499 0.0345471413725848
-0.209855993493043 0.131022795646117 0.303819996101742 -0.159886859533633
-0.0956120216084415 0.22492843315 0.245257452546237 -0.287406692337209
-0.0693736832114204 0.256331526595972 0.189552006456536 -0.328758194435008
-0.0995240948601036 0.263460024797323 0.20616206837411 -0.31407312597719
-0.261650645189773 0.187688919342375 0.256214449809907 -0.224435582557485
-0.347697587558195 -0.0281849230178935 0.239299737436822 -0.0594554141358569
-0.263681353657392 -0.274161715981085 0.0973028785678642 -0.0480848533367402
0.142161481816176 -0.37769878508522 0.194045898459922 -0.136163698354522
0.410316065005511 -0.108649953282975 0.445596820962379 -0.128945448787776
0.356151915224468 0.120281595269724 0.683087595745538 0.187144747834808
0.438588316072386 0.115028291875452 0.376899645208097 -0.0900978614514289
0.433442930715218 -0.159156982700766 0.104061493752414 -0.103882975585588
0.145740780609373 -0.352917844810033 0.0950832809864015 0.021833250644772
-0.267701191889237 -0.293180431814807 0.0861107995851949 0.0581873882391746
-0.393467821717395 -0.0480010354265693 0.194749933811045 0.00920534177161278
-0.342437219751977 0.1833215192723 0.220222996209104 -0.105802068417701
-0.183800085374497 0.332179060041437 0.18902369496783 -0.176939646232089
-0.137451902325373 0.369276365652802 0.148429847212697 -0.211591079328788
-0.172598568795366 0.372154993223987 0.14262376345715 -0.197067337173325
-0.394387111340352 0.269798287574989 0.15846764628697 -0.154405971454712
-0.515720630606394 -0.0322283976545345 0.139013927990694 -0.0599845343449945
-0.417490066384417 -0.377784275456006 0.0422839262330708 -0.0980717917331174
0.13791998715473 -0.585503420057743 0.151342383428643 -0.18477660154477
0.596640717218915 -0.260673647710289 0.353899968912259 -0.133301290318821
0.598762927195744 0.0967065431639128 0.509627509033806 0.137879960413256
0.580728194776388 0.114697256415694 0.189222572617491 -0.137813549153059
0.563747999056787 -0.263085731779538 -0.00361617670729145 -0.0515306494135138
0.172312749324018 -0.493506925789809 0.0949769449476668 0.0320674628071477
-0.350919302879407 -0.386505265024125 0.0772415865036958 0.0190516833292504
-0.502794518867804 -0.0670836388928466 0.105979632748386 -0.0246806604944504
-0.436811518252366 0.216873454977736 0.0953865119674141 -0.039504562421516
-0.24569372589278 0.397597340425068 0.0993792212071146 -0.0370703865372569
-0.182375399897348 0.426452217625888 0.0839243716764418 -0.0621790984977421
-0.215251996404255 0.422735036798404 0.0612290941426306 -0.0494813046257401
-0.460312028534959 0.309199486272965 0.0388946788062436 -0.0521488155185877
-0.599057862384869 -0.0231325091815381 0.0101860847799779 -0.0381390340940454
-0.508049430841583 -0.406705507573097 -0.0327560047417979 -0.128914320856633
0.100621651010005 -0.688923587957315 0.0833262307727737 -0.208848082004536
0.671328964173894 -0.366523684650396 0.222454541441715 -0.10754906402648
0.728698343513283 0.0530725283664507 0.272013543681961 0.0999464822440517
0.646455175907166 0.0944893162751032 -0.0600082073336236 -0.190471580683148
0.622645599363458 -0.337728661007313 -0.157731987890692 0.0156843236964297
0.171535807625769 -0.575988437564995 0.0636341453338615 0.0503200698771197
-0.391717127510111 -0.426215373612922 0.047034460014558 -0.0229025278429405
-0.540202251748291 -0.0749828651179527 -0.0143477470814565 -0.0551208223909137
-0.464720568398112 0.2218968796771 -0.0572217369545825 0.0394091202129299
-0.268442123328836 0.403576311083322 -0.0108342274614763 0.114627093329945
-0.198538625635634 0.420555041186657 0.00632948718823101 0.0973464279293952
-0.225941436088343 0.401406495445722 -0.0251935203059098 0.104165535961631
-0.455519375274963 0.291766178509706 -0.0797973328176815 0.0617502631387962
-0.576556751226071 -0.0210656737426903 -0.118974288806957 -0.000660794670352233
-0.491245543045361 -0.369634245609682 -0.105835416876173 -0.138281729269723
0.0590970550950939 -0.64975989182377 0.00918901805183872 -0.202723906176157
0.624887904142641 -0.384397211604163 0.0871438007471562 -0.0581377577222471
0.73003269653088 0.00593614483102625 0.0155400021697467 0.0752831132317896
0.606393624973805 0.0521072660341105 -0.330364725192264 -0.235039225652489
0.567011984884807 -0.350491840112038 -0.324238258448215 0.083988319004027
0.137275392385392 -0.541206987224153 0.00602634762714828 0.0677146328991324
-0.350611151511616 -0.379735689912924 -0.00114295085309598 -0.0578930613739747
-0.471579469502116 -0.0683223133544073 -0.141335414487763 -0.0711881317039966
-0.406080439770754 0.186289736423488 -0.205366292144671 0.12137987666051
-0.245845906131707 0.345980141114236 -0.119748270330874 0.25351846570665
-0.185516190625413 0.349832844684326 -0.0705673569882331 0.241678363840232
-0.206555977747416 0.320866008041043 -0.106757059703107 0.236927761714837
-0.383747451828969 0.219176060471318 -0.180905302473985 0.15937835758954
-0.454812057933766 -0.0317104257857094 -0.222039333938245 0.0287252553281078
-0.366690374028539 -0.281451050999139 -0.151029416046336 -0.136747282245063
0.0378579516702127 -0.490769530976892 -0.0442272956573063 -0.176834238938691
0.487336344877862 -0.315306098013131 -0.0196841638349359 -0.00416319441793363
0.614453383991301 -0.0306502285358764 -0.208855772640365 0.063171206063986
0.456388692230982 -0.000314310217150275 -0.570643138028175 -0.260991081177494
0.397455691309818 -0.289158785805125 -0.462515471474902 0.137609961084831
0.071016523911668 -0.386439766144988 -0.064461362263908 0.0837639627685369
-0.234483412273806 -0.246274126876538 -0.0482838559275284 -0.0710054204070727
-0.306581573314257 -0.0492064858845042 -0.237143429645072 -0.0693656522635369
-0.273912903349792 0.118021899787078 -0.315827589800742 0.186077552571714
-0.180549435699451 0.228056317079856 -0.206826221517129 0.35742415553477
-0.144619759472316 0.224246271734741 -0.134782087302074 0.349543807289555
-0.162460004267452 0.194558426667916 -0.174869233856771 0.327332402723879
-0.263214676789711 0.118502342146819 -0.254506375160732 0.216577195076791
-0.274738430411509 -0.043831452039124 -0.284267644155248 0.0369615848640684
-0.193972563365895 -0.171019034428923 -0.160577523770419 -0.132008840196626
0.0189848957804356 -0.276325012874255 -0.0671185535452903 -0.144341442218241
0.297140010794061 -0.20417478107761 -0.0851310758765497 0.0352343805887191
0.41932986305021 -0.058660860741779 -0.368592684535544 0.0565159128644998
0.219799636143713 -0.0512397535278027 -0.735651951357001 -0.259676562893005
0.150656643489468 -0.167777136009352 -0.544914607768075 0.17118575660645
-0.0115233600362564 -0.15399060226051 -0.129500289192892 0.107238065286832
-0.0741185317710237 -0.066664572092468 -0.0745384123617295 -0.0527360369958423
-0.0901398915486369 -0.0242405511764551 -0.275501627904761 -0.0506168855557365
-0.0987485862962091 0.023736869352814 -0.362981407603297 0.221367038767357
-0.0895721431138101 0.0704709839927508 -0.255331083302422 0.401843720486603
-0.0832848586950783 0.0639954204394576 -0.177303260697375 0.40405851341685
-0.0949089957300356 0.048509736427285 -0.221157242960901 0.365221408113818
-0.11452345438712 0.0182700462898481 -0.298132571993837 0.233725195376236
-0.0823385117060467 -0.0378418953930143 -0.309421760343618 0.024076499605635
-0.0363704614132776 -0.0491660918979711 -0.146460814567245 -0.125006263318392
-0.0145413726949253 -0.0724688184108528 -0.0698350241496606 -0.109626701882179
0.0931371260222742 -0.101555788943886 -0.116479192731566 0.0542817176775978
0.190006240880632 -0.0831898895216072 -0.453689354014902 0.0519071107089102
0.0846843820125861 0.0360833200255234 0.39779005239711 -0.368849131892635
0.103530721775676 -0.0454649937582762 0.0337572959618149 -0.235517635487025
-0.000536580885558455 -0.0953548568671028 0.0641972996448437 0.00722515073124772
-0.106904313165867 -0.0100485654212757 0.154423266978677 0.039272418183982
-0.0722009772598775 0.0671888048842807 0.261121634511673 -0.150235098243134
-0.0107257800260064 0.0916851070823822 0.145149090611043 -0.38089624498935
0.0519151540724104 0.0725277838291773 -0.0155404496711036 -0.460943213113034
0.0759722070136846 0.0785196317554452 -0.0872132034264132 -0.452676019563073
0.0681592775052219 0.0937746730718334 -0.0485445551640223 -0.463327993237217
-0.0133104597268252 0.120324747781705 0.0959874086357745 -0.409425575197742
-0.110350182541877 0.0849458551786367 0.215451004009276 -0.223774087916034
-0.15044429463107 -0.0346694460127714 0.107756873041243 -0.0729506047431825
-0.00546522538273428 -0.167516514034496 0.112250624177345 -0.196303775095598
0.148483868817696 -0.0647059311253115 0.319161685717182 -0.400758728486859
0.126444917704549 0.0626212742757283 0.775743760152618 -0.303372813432197
0.271437805893715 -0.0648957723421389 0.360937604772518 -0.369799784526981
0.184414760764068 -0.211598027018768 0.0437898193318808 -0.21849351612583
-0.0401473821153948 -0.233355515721087 0.0710819571632024 -0.035051662250688
-0.246465457164445 -0.0436576499799938 0.119093750055463 0.0235052685395434
-0.21383295042816 0.137072145544978 0.22128430060737 -0.127209231857774
-0.0888276089893856 0.236050846452293 0.138793812698436 -0.315444360381033
0.0608596393318937 0.240973599060234 0.0178111129700073 -0.388922067753595
0.10626813550853 0.252594147949726 -0.0564382580951146 -0.388875488099621
0.0872412767544874 0.278255861023512 -0.0364248231551976 -0.389180663509294
-0.0949330129498648 0.322712871969515 0.0649413090042366 -0.348179175377518
-0.307308493180911 0.203617470812033 0.15764958756503 -0.200308961366201
-0.39599275478545 -0.0623032900883473 0.0503813356286984 -0.0994414943719668
-0.127879228733399 -0.420418794439993 0.0708676005599647 -0.233812913845622
0.278020423613124 -0.365935272277776 0.281936044409472 -0.38652005124343
0.39251881989001 -0.128152256783069 0.673701703201934 -0.279632365217478
0.439682593241801 -0.159496558610436 0.250354022181167 -0.339445911620422
0.255002466427056 -0.383108738980745 0.025658050316188 -0.163051084318298
-0.0879670418149295 -0.377329563847022 0.0806716013747361 -0.0591045352182746
-0.383874599109681 -0.0809863521911926 0.089545410964978 -0.00387219963633106
-0.347020403550021 0.19856445781484 0.154755784240858 -0.107935883243913
-0.164364519576881 0.359502469305158 0.102701552133684 -0.216021666610516
0.059500642279693 0.381280154005403 0.0450240031646104 -0.261063729303743
0.122902532692256 0.38813515065732 -0.0157859656950793 -0.266784758415268
0.0963550174195707 0.416466505400438 -0.0144635981791752 -0.254757248078318
-0.150879937873914 0.476704901484077 0.0276763583371777 -0.228743227998168
-0.449539843800002 0.308084357229304 0.0761210384225722 -0.134928738987142
-0.58785216288426 -0.0522656887851786 -0.0265914321831643 -0.103198503940916
-0.267704077343356 -0.594356930723976 0.00529824365041928 -0.242862800991679
0.332473629491993 -0.616613309769508 0.209638721542525 -0.325806249325956
0.579903134742706 -0.30696318965552 0.495553626611482 -0.198250754862447
0.559583918797045 -0.241840984970848 0.0662851645345562 -0.269605558053914
0.300170074245386 -0.54369966876519 -0.0289762208390923 -0.0593819548122682
-0.149245291672902 -0.508251901753204 0.0814385303955261 -0.0542399540248977
-0.507735497980956 -0.1065057724427 0.0518461239128887 -0.0297621562243254
-0.448744603319357 0.249376660119978 0.0584340316192156 -0.0770177998981866
-0.220278815085401 0.444013466602104 0.0422447392724366 -0.080630635675395
0.0487246272504669 0.470887313237185 0.0628027863923848 -0.0883395769843719
0.122010036381629 0.464308827510857 0.0271470984976148 -0.104414775207134
0.092560963797821 0.484997895216933 0.0136306426417957 -0.083340113853057
-0.179988046852156 0.554372962356446 -0.00477873812324428 -0.0680645874612786
-0.512361791418148 0.37150620395053 -0.0132772978349935 -0.0333911948243919
-0.684337559461081 -0.0193039730784708 -0.107092096685417 -0.0798852380701717
-0.36810310043613 -0.656947958627155 -0.06640081581255 -0.215340050295268
0.323617176588125 -0.75289488201281 0.122911326861531 -0.215733873035342
0.659899542356348 -0.429740793487936 0.271013474054088 -0.0704912213473565
0.601475562303001 -0.297026265644373 -0.171979211531033 -0.160983454954223
0.30397053432078 -0.638995878020576 -0.111776572661499 0.0878741911451026
-0.19989639493581 -0.575640103979019 0.0633701238283014 -0.0206334781008059
-0.563882794554691 -0.115251682386194 -0.00206472078248842 -0.0444419289922904
-0.485032289178548 0.265923050674401 -0.059207282129607 -0.0247902344287188
-0.240721361065421 0.46680004488486 -0.0310732706689908 0.0804408690493056
0.036687186675475 0.490026186582174 0.0708577804878623 0.105703807081046
0.105227675701232 0.469880580856153 0.0652078258279585 0.0742668998463674
0.0706812090351262 0.475530559719423 0.0410395949617738 0.09717154481705
-0.187191594886632 0.534806491959129 -0.0287439371995788 0.102220187151958
-0.492627961331956 0.358921793288545 -0.0937781843616019 0.0799536733625374
-0.644415519884016 0.0031438258490465 -0.173259152239149 -0.0411242956993016
-0.376524219477254 -0.596740888193365 -0.122940218193482 -0.161840798270366
0.270794690511745 -0.736241636668064 0.0452174376868795 -0.0871292685835693
0.62357505539722 -0.469807924675075 0.0458468249694665 0.0785805190521675
0.541315155346048 -0.308123904917676 -0.422529571961344 -0.0258956047966945
0.252218686421057 -0.615713685224579 -0.205529916638272 0.248387321275082
-0.210883296037028 -0.52660765180633 0.0269757184359958 0.0323625188989708
-0.506439586607011 -0.100802018923982 -0.0618433696197315 -0.0429134940116235
-0.424513309202156 0.230754498299515 -0.17126414177925 0.0411696254386355
-0.21383233763915 0.403050136874183 -0.0980981015433772 0.238772934126981
0.0195049588175367 0.429894360324587 0.0710810975220934 0.288033625887409
0.0707907216198121 0.403027744148719 0.0944458824006362 0.24054660863303
0.0345688582971085 0.397819640534135 0.0613216723068584 0.25749544386582
-0.174321815774731 0.430806043672259 -0.0487288787631577 0.246362013609197
-0.398227612405375 0.271076027310034 -0.158561383620181 0.1696593242805
-0.484631556434685 -0.00376980454800528 -0.210059492328518 -0.0109135111741345
-0.292027726744797 -0.443871544651659 -0.150425385438701 -0.107059633800473
0.200345032385501 -0.585734955291726 -0.00837015087757151 0.0236433436129187
0.49594600104992 -0.426646842027336 -0.142697039260122 0.211589412493272
0.382554840286102 -0.264054016601741 -0.635583196492231 0.114429771649447
0.151311994010734 -0.464574216247094 -0.287115465915887 0.384801640852877
-0.17365490914447 -0.35740539722689 -0.0164002444399011 0.0972768003599364
-0.334317712104086 -0.0606596064862738 -0.101209339052886 -0.0249491387984608
-0.27908463290692 0.146226887830379 -0.244806945660544 0.09930427486983
-0.149234835014098 0.265688875458907 -0.142335875747136 0.357813926977143
-0.000583253245254826 0.294942569140776 0.0643212262389126 0.425729007806449
0.0245587651045821 0.27506227457011 0.111292534415668 0.368758440538609
-0.00968643392443527 0.26653885118394 0.0658216422570148 0.375693214399952
-0.140145763124385 0.269386745230386 -0.0713352878490829 0.341038871261209
-0.256717688780769 0.143015022174892 -0.204331350401586 0.214780352493789
-0.269675979587257 -0.020528595331981 -0.21657659512634 -0.00209131448517863
-0.166225318827067 -0.24732081024921 -0.148792034196229 -0.0666286107924448
0.114047236176482 -0.366953472827813 -0.0394755491279853 0.0928926780888929
0.309282139295127 -0.322784237736031 -0.272159357459599 0.303303242821933
0.151432384178517 -0.169224165227412 -0.768714763129392 0.233912835324652
0.0218624176096815 -0.222231430569066 -0.335605671677531 0.473135972662316
-0.103053806481062 -0.116917155554993 -0.0477664658279736 0.16689303303751
-0.101132369677216 -0.00973342186473874 -0.101226898449195 0.00440526429454859
-0.0884089744516683 0.0360257462487833 -0.260068134445861 0.134029072618447
-0.0650696556730779 0.080782896320301 -0.154470372410614 0.411438879526447
-0.0261052073171707 0.110907853085902 0.051561892642309 0.493273893278653
-0.0274793789677215 0.106342756420185 0.11134910006824 0.440699614171681
-0.0473251037774165 0.104252954757123 0.0545143352137083 0.437468338126653
-0.0818489766093254 0.0908699500604571 -0.0940209443867712 0.381848742367501
-0.0936897800862574 0.0224582011242382 -0.23380315064423 0.219801353038961
-0.0615531453806008 -0.0180335054612319 -0.199912219818757 -0.00733113192253331
-0.060988009873718 -0.0498566799349716 -0.129137817322059 -0.0393911989302161
0.00926190911802766 -0.145136327606081 -0.0552863809372676 0.122811473785534
0.0973011443644436 -0.195540693088609 -0.33952643282972 0.347971909216249
0.0902149723781266 0.0355139641359514 0.395424698821962 -0.399652583292196
0.107510877012536 -0.0526288911031096 0.0231807213839668 -0.243601697251508
-0.00260455458130067 -0.101148353379666 0.0681242515224504 0.000899466517710618
-0.109977444440578 -0.00632817350892286 0.162901818679065 0.0318460259880022
-0.0709341358516021 0.0731968780093782 0.263183045458818 -0.170785472577381
-0.0045495914473183 0.0968682936025599 0.130508993104919 -0.401871911229071
0.0591873648432903 0.0729419567496361 -0.0409723383942057 -0.475390968540206
0.0846531172606694 0.077575696319839 -0.115382357773766 -0.465341048454883
0.0771353544961136 0.0933529006965219 -0.0757982047330385 -0.480550429534562
-0.00717904943470063 0.126759872343514 0.0775330722267473 -0.429539221229623
-0.110943636696568 0.0964708324969551 0.211598193026283 -0.244423533720521
-0.158156550314575 -0.0280752119746726 0.108617100946916 -0.0806479786351294
-0.0136654182751021 -0.17445720859997 0.109370145808216 -0.213365823208942
0.153472710881337 -0.0738023855320029 0.31151857980561 -0.431711312106117
0.136461074373659 0.0617186019463725 0.793823547114276 -0.345415484257252
0.282287130925705 -0.0771725206101105 0.357673277905719 -0.398922555941082
0.183449647464583 -0.227935452034486 0.0348994328926919 -0.225056970847037
-0.0489347074277523 -0.242556230005118 0.0717976593937785 -0.0443654491957334
-0.255947161394335 -0.0338688206741419 0.125754925501456 0.0171700993393541
-0.214971696231739 0.153701268190765 0.222103795836461 -0.14392755054241
-0.0788696376533734 0.251095483221635 0.127773973303322 -0.333485434050188
0.0775240127354644 0.246262920237717 -0.00253268626487398 -0.405242134997714
0.12508292795054 0.256528770659881 -0.078211890713081 -0.401346506418734
0.105953387908665 0.283920036754123 -0.0584413960095025 -0.403246404967845
-0.0817172922203245 0.341762354714901 0.0469046545844395 -0.364588932127922
-0.308308844014404 0.230432421935066 0.150806659886007 -0.217729270213312
-0.413396934535264 -0.0463998922044863 0.0459850318742066 -0.104561749937745
-0.152868742089073 -0.432877243036973 0.0645301097840644 -0.249255366994773
0.272942211765863 -0.395093601153217 0.273735714062809 -0.413886598976147
0.406660759372018 -0.14606885376442 0.687728293115408 -0.319501972136811
0.454208187441406 -0.183472583907194 0.243620507663789 -0.362054708955282
0.248678628393699 -0.409293267574421 0.0190312349677324 -0.16545770314085
-0.105204585838333 -0.389208808726822 0.080384509360098 -0.069413206895006
-0.400281502699079 -0.066015414847546 0.093996374316717 -0.00921458058013339
-0.35065225765233 0.22382239139973 0.151987006014515 -0.120365346475427
-0.152219022098288 0.384075947416759 0.0956931483463178 -0.228634142864903
0.0825122284495115 0.391475680016961 0.0338691635596246 -0.275062311803735
0.149174856595636 0.396528325981807 -0.030629830780936 -0.276312713565839
0.124299825560053 0.425046299258842 -0.0287842002751781 -0.265021656461733
-0.131683659182169 0.505089493318146 0.014765885220663 -0.23548267142105
-0.450740486612937 0.346448588133986 0.0695653443154079 -0.146090367247987
-0.614141252309835 -0.0250275042977603 -0.0356576318768595 -0.104743616959012
-0.305525072692534 -0.607164590862974 -0.00591391023300126 -0.25394481424381
0.318960571911123 -0.658463845611778 0.200880720707278 -0.346449138790562
0.595621031508462 -0.337470272729751 0.503287161347962 -0.229211975535691
0.578323086668826 -0.276247335387468 0.0549178953452358 -0.280821124655329
0.286605608934695 -0.577394948102405 -0.0315179294930418 -0.0541763540864973
-0.174781462238976 -0.522866699530369 0.0809322813906559 -0.0643212950807606
-0.529633458918766 -0.0881267525791227 0.0540023612867995 -0.034297890561101
-0.454423083177129 0.281195871536045 0.0530365900897044 -0.0827664603608092
-0.206158810234865 0.475459107499302 0.0398532493550617 -0.0849041172651328
0.0763401832862943 0.486013022194184 0.0623014731905506 -0.0990476053959807
0.151713598154279 0.475572047182541 0.022131937655301 -0.108939733926528
0.121877804532803 0.497554240812781 0.00887755958624747 -0.0879415525145822
-0.158443328442205 0.587645417408334 -0.0104314933264219 -0.0656102047343899
-0.514964764756691 0.416365529813406 -0.01805206462038 -0.0354150115520199
-0.709418807485594 0.0135356172262628 -0.119351196910503 -0.0762579192019151
-0.413143999027574 -0.6675216983742 -0.0804738740313234 -0.221228723029326
0.302387230403445 -0.800743354792148 0.115620808172574 -0.228899089796494
0.67061803864243 -0.469894798843691 0.277590132280363 -0.0871712955590532
0.618577379204002 -0.335763440633821 -0.187945514246882 -0.157011727418554
0.286731827262334 -0.67850943644192 -0.110916748204368 0.102519898250134
-0.231521783923847 -0.59034143827774 0.0636158219417425 -0.0276691561280879
-0.590607134799867 -0.0940723903990952 -0.00315033510562023 -0.0463929292253567
-0.491106864350303 0.301708532489866 -0.0672790062233985 -0.021788899024065
-0.225974755229415 0.499578427396039 -0.0276160108830426 0.0859614336778286
0.0624722548081754 0.505720126081742 0.0818114100415846 0.101246279009629
0.133185732549816 0.480729677771462 0.0708773539904028 0.0750595841438298
0.099072768976601 0.489917443508536 0.0474231195292468 0.0983750769268723
-0.166731703073744 0.568808755903075 -0.0264788739497158 0.112251098686403
-0.49413065224551 0.400846409564147 -0.0959427978115227 0.086695969255764
-0.666460878105214 0.0333856780351726 -0.186769452588013 -0.0325092781227423
-0.418992043888129 -0.602233311589458 -0.137419268290139 -0.160500768839941
0.248571654703287 -0.780013521416576 0.0418266330209741 -0.0913461381856428
0.631698355856969 -0.509157099511063 0.0517141643788261 0.0749405479347044
0.554385627581232 -0.344668635443028 -0.44280244539743 -0.00481726025831197
0.231465590756234 -0.652526451969221 -0.199776884354053 0.272762151814815
-0.241742777318479 -0.540320546443878 0.0282011608897693 0.0310836313309819
-0.531444887064823 -0.0792180204996234 -0.0664594539666412 -0.0417107552810276
-0.431144869881052 0.262560583824648 -0.18144952974692 0.0528396541101004
-0.202685544245554 0.432186524840831 -0.0887403199607021 0.253810251093574
0.0430869546064321 0.443854402666717 0.0918358267583591 0.290166814143433
0.0938118040325817 0.41402010815458 0.110880741194079 0.245984522332324
0.0553081696566134 0.410634403612285 0.0766479230214659 0.264500899195078
-0.158852558862707 0.458488751983766 -0.0391917553954422 0.263053706925846
-0.399515419294332 0.302656202263186 -0.157868939235612 0.183939477866797
-0.500944870363958 0.0200541490431672 -0.222684889527111 -0.000375330386639919
-0.321207236828769 -0.44766943802157 -0.163559318485917 -0.100244690371373
0.179675900757107 -0.619459247908302 -0.00930948340740119 0.0252018859832784
0.499979800250409 -0.459846289293211 -0.13741565735649 0.219825605369959
0.390208506094997 -0.292930868530652 -0.657213534196727 0.149241401607382
0.133931430606203 -0.490666709197889 -0.277956934959902 0.416246223583197
-0.196174576176367 -0.363609788503846 -0.0140671449654588 0.101927874466575
-0.351815457283248 -0.0459452056431907 -0.107327056659738 -0.0211893159962865
-0.284644716346901 0.167572673761525 -0.254045701111827 0.117472197695084
-0.143397940765394 0.284306895879444 -0.129881726739219 0.378491661259982
0.0133619025750115 0.305618232212414 0.0923230307207206 0.433744686520739
0.0388987213804598 0.283413541612567 0.134557792433861 0.378546934915303
0.00269022913741541 0.277192052059109 0.0878388797766054 0.387664594368152
-0.13142355137859 0.28814087841966 -0.0559862954210401 0.360500455915929
-0.259530456351561 0.160783166826482 -0.202612268685196 0.234005849732616
-0.278098681030396 -0.00935967124270438 -0.227575564584964 0.00853824575528995
-0.182162465416814 -0.247291582603771 -0.159735321073011 -0.0583789500166386
0.100546889530503 -0.386904177818573 -0.0375191022557864 0.0983758474213611
0.308152178107885 -0.345506722900387 -0.267401598776907 0.321100769936318
0.151876624907991 -0.183524775337791 -0.792966207135447 0.277729019029036
0.0106076518282432 -0.232462613933683 -0.324227347778768 0.508047922206431
-0.112716031801104 -0.115227304571958 -0.0422604191007542 0.177753533252527
-0.106435461321933 -0.00431700326308714 -0.106171603201689 0.00931635952395035
-0.091426449897919 0.0429237941650861 -0.266542946356141 0.15390910656888
-0.0653348081011261 0.0878810938170677 -0.1400370960355 0.434442056293862
-0.0219732318362217 0.116595633739223 0.081639654623121 0.50576974900007
-0.0242682809192599 0.111241360284171 0.137019528564721 0.452973166295002
-0.0448610897247511 0.110911269465787 0.080265754102118 0.451932031950203
-0.0802974965414274 0.0989298773121413 -0.0776642762592263 0.401692827685975
-0.0959709160880476 0.0259187459577527 -0.230649931362107 0.240721286001532
-0.0632286114375609 -0.0170173513326314 -0.20814488033739 0.00276156140620947
-0.0644654170041743 -0.0466964826210737 -0.137193806981878 -0.0301365100400728
0.000317724462453844 -0.152323303641199 -0.0511761013653887 0.130075157587333
0.0900625714449394 -0.206950310508028 -0.333512436272339 0.370099722171707
0.095850229684638 0.0320868163984929 0.374864275608007 -0.434350349612107
0.108379185168194 -0.0618834094746676 0.00504800689302795 -0.246601067184049
-0.00736610533930512 -0.105225238934667 0.0697175246546298 -0.00743122027221925
-0.112372482694071 0.000206176177018802 0.168038470526107 0.0192367667295312
-0.0668655550442867 0.0793752855431516 0.255266931819888 -0.195416913798816
0.0040497640014042 0.0990673691721182 0.101940839585646 -0.419126155197381
0.066931819438617 0.0703173353996647 -0.0770532251371159 -0.479638826717381
0.0932707375730987 0.0715730344976381 -0.150627372547112 -0.467026425171129
0.0869772830702525 0.0886182916141383 -0.111825971658492 -0.484150622898689
0.00240569996973355 0.130339790376183 0.0469552946275745 -0.44287565273825
-0.1052164399514 0.109503826215822 0.197385409307529 -0.26543427255633
-0.163656433813768 -0.0170158940268129 0.105107577631596 -0.0882251361321692
-0.0261034073804095 -0.178531384630144 0.0978881131738237 -0.229901881829712
0.153555935448729 -0.0850834027800143 0.28832171317672 -0.462080223001613
0.145610011436509 0.0558722186894128 0.78732298026388 -0.399532735683748
0.286487344860382 -0.0959593281287334 0.335620346226958 -0.427988518249717
0.172506573263411 -0.246051795700944 0.0195471970998607 -0.227316964651258
-0.0639959368998111 -0.246917075163735 0.0690906203994631 -0.05439294338305
-0.261445090833773 -0.0186851768429996 0.129593431969866 0.00715233638858646
-0.207669397327474 0.172315042873962 0.214182668020753 -0.164130811382611
-0.0605239398821426 0.262873176714433 0.104858057650849 -0.349559592920442
0.0980083653287794 0.245340825531676 -0.0325681415001059 -0.413620783589952
0.148266357540396 0.251298110700046 -0.109296783336095 -0.402396372274818
0.130589165158911 0.279432820291968 -0.0900008671174296 -0.408487659496674
-0.0572436918952597 0.355847456968331 0.0201795481537994 -0.371966204886779
-0.297193603968917 0.259780734006079 0.136592209571169 -0.234497966758813
-0.424022198832113 -0.0178731828648083 0.0382327214915268 -0.108406910279596
-0.18659670047978 -0.432159172989125 0.0488262969388219 -0.263286845192656
0.253776940421863 -0.421780502098692 0.248296214855448 -0.439676150881907
0.411229611782028 -0.171194562862301 0.681328178656088 -0.369847659511406
0.455179050758608 -0.21638817432046 0.222988707688907 -0.382983291473992
0.226607401472878 -0.433916093818748 0.00897419162885856 -0.164328500477018
-0.130601903762035 -0.39266638518837 0.075486866094264 -0.0807026396129438
-0.410294674244839 -0.0412257390261967 0.0961384786380409 -0.0178545504402281
-0.341613470378549 0.254041224691724 0.144329554569036 -0.134006135486097
-0.125180864350934 0.405130768208737 0.0811788837692606 -0.239786350013705
0.112578767312567 0.39237573743033 0.0143754869384661 -0.286063152927376
0.182438091193597 0.391918798906684 -0.0510846904102559 -0.277848842135134
0.158792843305537 0.422966307858305 -0.0498804097613435 -0.268022657012472
-0.096911006901188 0.527265483657836 -0.00363659542473434 -0.236838785545503
-0.434839706988257 0.390965387963388 0.0571850717855907 -0.155253344231378
-0.626687610056906 0.0178650165655112 -0.0467028128432657 -0.102505563882697
-0.352983047008536 -0.600486794099694 -0.0237624525712978 -0.260818425229522
0.282200520411171 -0.695002097370175 0.179581538894082 -0.364909802635766
0.591414314473804 -0.378625177451424 0.497776964826007 -0.267047288541974
0.577157017704696 -0.321280741528127 0.0370207994765717 -0.287173693708132
0.25470625825958 -0.608079133938288 -0.0333197563024589 -0.0470433690382017
-0.212026916254547 -0.523692343935637 0.0760458375475872 -0.0743951192537482
-0.544903171382702 -0.0537206628197884 0.0545537326625762 -0.0395868357704302
-0.444227954929221 0.322005303934524 0.0441359747466584 -0.0883557922208058
-0.173928722173775 0.503238433864347 0.0354211946747471 -0.0890320377366879
0.113926100345806 0.489290549567227 0.0570335477262089 -0.110171068421659
0.190680878035987 0.472684707943951 0.0144854563370485 -0.111275737639225
0.160845016234895 0.495340790472662 0.000883084685126038 -0.0899664300009442
-0.117521994192995 0.612895510527528 -0.0166449096428419 -0.0612691061222744
-0.494428722363149 0.46381385932659 -0.0245285405705345 -0.0355726478083554
-0.720383707353733 0.0622393053298873 -0.131802307216955 -0.0670328353645165
-0.465699519469685 -0.655331901607858 -0.0982089347711277 -0.218659528155552
0.255636595927516 -0.840280036467131 0.10015280306658 -0.239662682497697
0.65969040481519 -0.517642546501522 0.27608313005481 -0.110550452246407
0.614241741935689 -0.384463409682109 -0.202042384070161 -0.144791695203828
0.245885724822049 -0.712176782529876 -0.102777958868578 0.118859895950778
-0.274749196296198 -0.591265578321638 0.0610891230655708 -0.0351481988936562
-0.608977121050107 -0.0554353311859232 -0.00476288605548269 -0.0478593196324194
-0.480292085488517 0.344832257240798 -0.0751664078176441 -0.0168730621593292
-0.193728215398293 0.528939669440777 -0.0213071908044182 0.0895980956570128
0.102499882850173 0.511141236635633 0.0918444134424996 0.0910445374373388
0.171880509708146 0.480446414142236 0.0785007511460477 0.0727363173692751
0.136510599898305 0.489243491194266 0.0541787784365971 0.0976523176030827
-0.128453084486761 0.593013439370055 -0.0189409845835801 0.121988041747737
-0.475250607917464 0.445627628389936 -0.0943053997809319 0.0956735276950596
-0.673689313202258 0.0799474485068561 -0.197083078060643 -0.0173834539451404
-0.467034808703842 -0.586351492060288 -0.153169645240083 -0.15137663923588
0.199683419266071 -0.816572912470175 0.0344620288491923 -0.0937894242329847
0.616742706113238 -0.556306447610434 0.0559177880768729 0.0685117216040939
0.548690532907413 -0.391390481404621 -0.452822125191157 0.0259575644348116
0.191272162291846 -0.683583819401012 -0.181110463591482 0.297553072352213
-0.28240268239341 -0.536675717303217 0.0286988629515955 0.0289274194081355
-0.547597375978161 -0.0439580384652827 -0.0698217688480917 -0.0379274697223597
-0.421671314509943 0.300214645957583 -0.18542012966514 0.0687241362821824
-0.175674763238076 0.459740105357965 -0.0708133828830235 0.265041116819593
0.0756403291155859 0.448737174528163 0.115626627578083 0.282424871698625
0.125670450180653 0.414695529849686 0.131645534039789 0.244015665159921
0.0859675170860008 0.413571229951651 0.0966426973445103 0.264980510725049
-0.128033666520814 0.48044841595632 -0.019858951097075 0.27528167720327
-0.387187095929154 0.337543421016195 -0.14946632296566 0.199179355837035
-0.506596502493832 0.0529297697832627 -0.231575949028415 0.0175013446521805
-0.357550003276745 -0.434075324539701 -0.175292598786785 -0.0868882817838275
0.141720651551929 -0.645242287170731 -0.00919186624713608 0.0277172018437466
0.481594057206017 -0.496404882462579 -0.125847416926436 0.227837407944526
0.381762473055898 -0.327011112824176 -0.663356094563928 0.195825716731162
0.100573521826047 -0.510561374665258 -0.252711773889198 0.446188165959789
-0.224469880138804 -0.358310965550844 -0.00871060009246678 0.105691849695028
-0.362194691554545 -0.0216478048439605 -0.110847807796023 -0.0135055977222438
-0.27935252055937 0.192469728818276 -0.25550112838945 0.139821879700274
-0.127092285371546 0.303987693776614 -0.10423926752719 0.394718798973549
0.0355608124183931 0.3093925509397 0.126650500700097 0.42995991923649
0.0595434402614813 0.285860936449769 0.165005561148018 0.376904500366117
0.0218654895385296 0.281596736176014 0.117762498370088 0.389338759224311
-0.113541340229827 0.304075072383553 -0.0290721589408834 0.375033523100558
-0.253358479228047 0.182503962750757 -0.190192282984077 0.25416853870295
-0.281746570215595 0.00834108499153989 -0.234057014352854 0.0260357862173803
-0.199906762854022 -0.238407775698013 -0.168647105860412 -0.0429324335381292
0.0727604967516273 -0.40195555407861 -0.031056858019384 0.103206778881714
0.292427395871943 -0.370457956697188 -0.249841571870691 0.339427237246147
0.143239301239457 -0.199180849295694 -0.792595190743605 0.332859178518711
-0.00710124999986034 -0.238662915853163 -0.293549131657495 0.540345418618642
-0.123229602243965 -0.108195235853059 -0.031175495637291 0.186296718046457
-0.109264809780186 0.00453232309383019 -0.108602310614821 0.018444357217042
-0.090657954678317 0.0512067518330788 -0.265657111922869 0.177432977292467
-0.0615506419626973 0.0952054871466213 -0.111836676994832 0.453242218804596
-0.0155377872989674 0.119390693742136 0.12101940552366 0.504028213613946
-0.0173733516963187 0.115664608314437 0.172423985379668 0.452284699839401
-0.0384947761872331 0.117036288142087 0.113253150004663 0.45603516375661
-0.0743495426279394 0.106924623243982 -0.0476597352873983 0.417880099255278
-0.0972362915471275 0.0321540417087294 -0.217686108380122 0.263243360712302
-0.0637932014760964 -0.0143607306351449 -0.213113812791956 0.0180526633731386
-0.0668568725867809 -0.0417853611739188 -0.142742684356311 -0.0159402746925557
-0.0124261920768757 -0.155621303903619 -0.0421874036604785 0.135688974812349
0.0764277459800538 -0.217250412053557 -0.313477072320771 0.395378722123531
0.0991609159570068 0.0267106303853462 0.341559537769579 -0.454243840386936
0.105277851774375 -0.0702862067953447 -0.0126320044297257 -0.240609692299781
-0.0136780129204571 -0.107057570969221 0.0678002612378959 -0.015674593789557
-0.111329879383134 0.0069491040967074 0.167221957101282 0.00609511488637275
-0.0611129646768105 0.083096031028598 0.238483680464249 -0.214282507601747
0.0131535156722688 0.0983077549178396 0.0705131323975684 -0.422404870965467
0.0734829079935389 0.0643258555692194 -0.112583261653397 -0.470055432503861
0.0985669389727898 0.0631554114429643 -0.184593234966859 -0.451552544318478
0.0944041894932193 0.0800610270634231 -0.147043726366256 -0.473084016736524
0.0128382867002811 0.130849823158348 0.0119045400791065 -0.442840518247267
-0.095411710254291 0.118308497136071 0.175841273426569 -0.279475611208272
-0.163900829379298 -0.00456849889580425 0.0989522792696692 -0.0944387757801982
-0.038436589356465 -0.175947242850421 0.0804913339622956 -0.241265253331673
0.148369586772218 -0.0957297005270068 0.251985818529232 -0.478920365565331
0.151166256753805 0.0472738631655535 0.758630253015858 -0.448752179165752
0.28131209865494 -0.114796733508324 0.304052218909147 -0.446487094012403
0.155965726289576 -0.257158497558073 0.00452763319041842 -0.221757503262736
-0.0787576919821033 -0.24431374593442 0.0632735003996428 -0.062943969243703
-0.260320995310969 -0.00205498994199923 0.129373095600162 -0.00404684293363964
-0.194241355528992 0.186139945221723 0.198504709004812 -0.179727005322966
-0.0384670913923158 0.266106484674998 0.0783627574734475 -0.35426415079342
0.11647541138517 0.235432857222292 -0.0629622766639274 -0.409154817524812
0.167417920047081 0.237245955614095 -0.137726077099429 -0.391013382649613
0.150640861758163 0.265586458671817 -0.119846964645775 -0.398268793704226
-0.0295190399046244 0.358812136428453 -0.00844934982125265 -0.368034786475614
-0.275823105069005 0.282659231101812 0.116318972462569 -0.243457402537856
-0.422033386191415 0.0128020631048078 0.0287629482085738 -0.10886854974896
-0.214577720122687 -0.418828346898115 0.0295060987641793 -0.268366060949325
0.225591366629519 -0.437330800555889 0.214086109369735 -0.453736241450835
0.402042888539612 -0.19576039319683 0.650606057166002 -0.410687589297119
0.443047929457048 -0.247476981394786 0.195772179758248 -0.391878587755978
0.196233160978016 -0.447910470422264 -0.000574664696106538 -0.158257199021719
-0.153666272923475 -0.384027581699806 0.0671099588922442 -0.0895089327072919
-0.40966425986052 -0.0123301424932163 0.0951008302386494 -0.0260763502770894
-0.32155795557056 0.277852356361519 0.130521074583111 -0.143870952475641
-0.0923512723630908 0.412308727824654 0.0628349179443512 -0.244730992095809
0.142082053115801 0.380703354486986 -0.00720187259869751 -0.287587736150766
0.211160527416872 0.374690332925075 -0.0706950468226099 -0.271260301947822
0.188564233296855 0.405450770451446 -0.0703989398718317 -0.261663208418586
-0.056162298589016 0.532422354810106 -0.0215874901132786 -0.231644989642326
-0.402795360262255 0.422189479960179 0.0423623975335584 -0.158632621651875
-0.620179939726352 0.0616075412207846 -0.0562594217474837 -0.0959743309896503
-0.392237001152783 -0.576134711998012 -0.043105109294771 -0.258772538083068
0.234605400510329 -0.71184517367952 0.151315347616968 -0.372665883085659
0.571089362064812 -0.413218844829164 0.477129187415046 -0.298239603861663
0.555821364010214 -0.359852811818426 0.0180847986600628 -0.28503107345986
0.210681863351504 -0.62308885618918 -0.032710545306704 -0.0389712442739382
-0.243838907718287 -0.510583339665511 0.0676965084676397 -0.082610553906591
-0.544128757617913 -0.0158459335662991 0.0529770295158693 -0.0449451228800963
-0.4184794482336 0.353866224837657 0.0341558403900787 -0.0906961699700052
-0.135043457138868 0.515062384730844 0.028687842268907 -0.0915659952189815
0.148657754342386 0.475258245750882 0.0478054908767705 -0.118582997945899
0.224728615439196 0.453370529395815 0.00732500609783317 -0.110006721220545
0.196336623790996 0.477829998015163 -0.00675873842827921 -0.0876729516912578
-0.0719684918010417 0.619799094774156 -0.0207914941308783 -0.0543858163345375
-0.458397168187103 0.500102078216515 -0.0304804198030544 -0.0338142800796373
-0.709789263684167 0.112360770585413 -0.14019509830785 -0.0538930659252149
-0.508720146100562 -0.619991488343481 -0.114161874018688 -0.210226119583524
0.195600888186763 -0.855020930438539 0.0820345096871985 -0.24295619968902
0.631315995765169 -0.556351059381883 0.265577345835249 -0.129677815845056
0.590776044640057 -0.428562492585081 -0.210311405766407 -0.128118201206262
0.193340571297614 -0.726502902865586 -0.0890614610167643 0.129446308211497
-0.312038000819824 -0.571459230567465 0.0556798197640691 -0.0417859334881246
-0.608647789066397 -0.012308263163895 -0.0057979738065107 -0.048195846249511
-0.450885775310503 0.379234250245124 -0.0801371354945684 -0.0105498874044576
-0.151886582262217 0.542310628885842 -0.0138355593064855 0.090884706949535
0.137867749670105 0.497702691384441 0.0974909999484946 0.0769723420816847
0.205806210434944 0.462837192715969 0.0844871355446255 0.067946900568577
0.169375266816207 0.472889480777414 0.0604810442086975 0.0949487572340387
-0.084416446453885 0.601745139719176 -0.00819420990438219 0.127675481637022
-0.439624664024916 0.480199779727063 -0.0902567930815927 0.101752104777016
-0.661958174881697 0.125551478439095 -0.202134399382363 -2.5363388587294E-05
-0.503972198772207 -0.554449672211963 -0.163195181441725 -0.136146664665635
0.141500180116526 -0.825326384945611 0.026669018497341 -0.0940896897483777
0.583590940046778 -0.589016924559301 0.0583854525487212 0.0605423826674195
0.522412437698305 -0.42725666895986 -0.447733700486148 0.0585977782192706
0.142502030200687 -0.693213445595867 -0.154963524693839 0.310527284196565
-0.315635315001716 -0.515734469039086 0.0288764080746536 0.0259858228475374
-0.547465300731456 -0.00477459593155773 -0.0699621301682591 -0.0332597530198888
-0.398976714154005 0.331972234743643 -0.183921100690775 0.0834507305617779
-0.140649796287126 0.471484616773932 -0.0505154067709174 0.268868336055382
0.107090421615741 0.43938504228345 0.135094841083958 0.265797548773536
0.154825540318634 0.401355268094138 0.149451635947049 0.234221214366899
0.113039765431886 0.402036558547352 0.115611182283337 0.258272211607024
-0.0926936283756199 0.48873364930728 0.00316223343592698 0.279608931038755
-0.359912832071548 0.363489919282382 -0.136780393685646 0.209272965199063
-0.497623641201258 0.0864433918437325 -0.232671908909127 0.0374224988437492
-0.383182542184896 -0.40650460817108 -0.180880860243933 -0.0688305257990821
0.0944687832050493 -0.652430960276188 -0.00685505199606101 0.0293016951033767
0.451256146362828 -0.52237116035731 -0.111575408362922 0.229859332738219
0.358645189507928 -0.352477413657874 -0.647522217714467 0.239730380974671
0.0630854573765711 -0.516796459383312 -0.216409935608808 0.461469976201166
-0.247106991563043 -0.340697391858308 -0.00199321465384697 0.106379405992741
-0.362627835650224 0.00517749461623796 -0.109817292744249 -0.00517680018118995
-0.263876733735078 0.213612229750313 -0.247495318523249 0.159217294483505
-0.104062357483287 0.313481246164944 -0.0746953777771665 0.400225685145469
0.05618203518449 0.303508562589157 0.155581204064922 0.411892352270262
0.0788912999879003 0.278885146989394 0.191385458153216 0.363010815986716
0.0408410980081128 0.277101317604183 0.145146929202589 0.379386500058839
-0.0900450303283592 0.311772975050122 0.00142166079748691 0.377090151665123
-0.238911866664273 0.198478932341691 -0.171259939585995 0.266089061127616
-0.277716288902345 0.0259661053267519 -0.233426336350501 0.0449490072434798
-0.213594236789444 -0.221873137311815 -0.169646950826748 -0.0244512778727832
0.0428536320552092 -0.404753202289955 -0.0225774459886671 0.104234154675792
0.266450358126406 -0.384658107951975 -0.226563504965235 0.348579483918641
0.129501473420686 -0.208883573312403 -0.768941366365156 0.382723918669241
-0.0255417021230238 -0.237044903935202 -0.25406745679972 0.554705048544573
-0.129242455840162 -0.098079739771801 -0.0180944633485326 0.19006118402743
-0.107479383705466 0.0135805678808987 -0.106437607647165 0.027137248315548
-0.0858290541520785 0.0579262680624132 -0.253401659409289 0.197643375957016
-0.0551617542458812 0.100919925757096 -0.0776938246881936 0.457287704180496
-0.00818745886481487 0.119299387633917 0.15537194978426 0.488287677582737
-0.00980529526523356 0.11628862678329 0.204304727552485 0.436113919965561
-0.0308141469504265 0.11927846762943 0.147323072484487 0.445131969801976
-0.0661104334588791 0.11164686260089 -0.0142913616701839 0.419900801355512
-0.0951613360812621 0.0376237031223166 -0.195633760926265 0.27871456651845
-0.0637589877226439 -0.0112347258710662 -0.212025180371113 0.033707817234261
-0.0678575950617819 -0.0357465786880242 -0.142489149728066 -0.000101015801098704
-0.0254748849698005 -0.153703626626792 -0.0311624323044928 0.135874578405755
0.0596250063930534 -0.220120812411439 -0.283685633951227 0.40735231681555
0.0999260965821824 0.0219756584301747 0.310258494479184 -0.458877055377781
0.100357583871895 -0.0758890142039922 -0.0248921675136321 -0.229565755795275
-0.0183352493415182 -0.107163065062867 0.0641353066489925 -0.0218030777141786
-0.10909144170095 0.0112939253218414 0.162850722726393 -0.00474934412422888
-0.0555595061865787 0.0845685169159495 0.2191276699865 -0.223836896099219
0.0201552325066225 0.094848722807455 0.0450685985898016 -0.416594540485124
0.0767822432326652 0.058300111232933 -0.135379878240073 -0.450123973185939
0.101016368376057 0.0545526589648773 -0.204124629610482 -0.430756278439736
0.0972089857456506 0.0716281601191134 -0.169560026023927 -0.453888224332711
0.0208481031600965 0.127223779549946 -0.0147181519172572 -0.432638218266542
-0.0856172696260115 0.122342951589751 0.155934234916101 -0.282606931804063
-0.159949571677248 0.00510728890732615 0.0921575526100263 -0.0967256235358971
-0.0468881320902104 -0.170252076319643 0.0641992430478233 -0.244538535049181
0.142209787390743 -0.100474617601132 0.221472927197959 -0.476750127147982
0.152301464444291 0.0395838170933209 0.720311152153553 -0.470417151257669
0.271317047455895 -0.126569807546682 0.274914010105405 -0.446771029521169
0.13975785790305 -0.259016980472185 -0.00551514560917673 -0.2117189143761
-0.0881275769076483 -0.238270425488015 0.0560559772352674 -0.0678745782339977
-0.253258063111159 0.0100706026894301 0.125885225051352 -0.0130070024026981
-0.179664015476723 0.192078062494536 0.18145385586968 -0.187258342471307
-0.0208465253066812 0.262244111067661 0.0560989827240915 -0.351167443594753
0.127480806183646 0.22190560829193 -0.0851927856532377 -0.395385382706556
0.177046112221443 0.22058331677898 -0.154999501835196 -0.373165913157544
0.162073665757663 0.248420547036016 -0.139500183135556 -0.381348798317884
-0.00773747018460745 0.353444968350396 -0.0292983535084356 -0.356898303209604
-0.253187518353777 0.29402164860539 0.097490121134301 -0.244873054171012
-0.410581499761307 0.0349267868358307 0.0217589464489656 -0.1058511806455
-0.231160464272151 -0.401283131508114 0.0137270854763267 -0.266592899662637
0.199602542181906 -0.439706571885237 0.186978994604502 -0.450795676606527
0.389046069076742 -0.209241636693221 0.617071861927602 -0.429454978351944
0.423555801703879 -0.264683433223997 0.172875498035587 -0.388916625902169
0.167991379253882 -0.446722900749805 -0.00481969064450792 -0.148956496791712
-0.168785672872407 -0.37297611767683 0.0575726169452051 -0.0934881556091049
-0.399580309059468 0.00764284026120893 0.0923346286839539 -0.0330252897353262
-0.29783383738177 0.290682537417197 0.115748532681349 -0.147987490447286
-0.0658162155912813 0.408429971435626 0.0475671185492097 -0.242297189772615
0.159026875022586 0.361295863096819 -0.0250025500161568 -0.283620604824028
0.227763744758635 0.352865268382276 -0.0819219701250674 -0.260891512503377
0.207243596587615 0.381336748860924 -0.0847855463658457 -0.249517043095746
-0.0254095629046122 0.524342202805124 -0.0333848066397269 -0.220649402237564
-0.370330379169266 0.437231863776679 0.0293292036659954 -0.157557164350725
-0.602768418628478 0.0925902161254449 -0.0624112069999142 -0.0872659463760986
-0.414030438567479 -0.544936185869799 -0.0567281856594976 -0.251537734345596
0.194096348885645 -0.709693316294214 0.128620824919091 -0.370509578301649
0.546511631928675 -0.42938156185835 0.44884823561331 -0.314075395611423
0.528669971112381 -0.382818150080374 0.00447993559400848 -0.276317044733274
0.172708328032799 -0.619861380645916 -0.0292579181845456 -0.0318141297765788
-0.262490344997377 -0.490090408341219 0.0585687137594142 -0.0859193869222738
-0.530049504938982 0.0113368467425643 0.051692564531652 -0.0490830251823478
-0.388817213368425 0.369505142931155 0.0230970269219659 -0.0903236729375414
-0.102095990047709 0.512081166769126 0.0228124301610634 -0.091577565872576
0.171801295917145 0.453573308187516 0.0376085694737369 -0.122911139954156
0.24511723864693 0.429123826463265 0.00280034852899664 -0.106785017876623
0.216824291818496 0.451837394175772 -0.0122099052171533 -0.0827610525505756
-0.0351172675614631 0.610980898682946 -0.0214525567337227 -0.0477354533710914
-0.419755945860546 0.515603221108825 -0.0357556767183005 -0.0303205585433196
-0.687203699241261 0.146715608769894 -0.142784674747974 -0.040845832993798
-0.527871042252022 -0.583836372095308 -0.123367185640932 -0.196749793868451
0.149274588414745 -0.845810533711879 0.0674168090094429 -0.2388518928433
0.598625461854789 -0.570668776183146 0.251229824061418 -0.140946043292582
0.559037439578585 -0.449731565627556 -0.209513966895952 -0.112380438345695
0.150100916080288 -0.718868350234128 -0.0745565583185361 0.134032906093513
-0.332946150390232 -0.545737469041489 0.04893738991784 -0.0437273059179958
-0.593725835653095 0.0195950426183259 -0.00572104068882365 -0.0484457215678366
-0.420340436796992 0.396476433967126 -0.0839231364379622 -0.00480280298023552
-0.117356253213255 0.540909398161499 -0.00813538869627294 0.089446514523085
0.160971457558957 0.47532042639073 0.0964917509608475 0.0647545408902465
0.227105439364577 0.439833826681222 0.0873337389054667 0.0624048215249616
0.19003126880893 0.451263278905251 0.0639258499846743 0.092279186553309
-0.047902997521291 0.594715517506558 0.00185975552422713 0.129935898722568
-0.402748752555981 0.494409832207673 -0.0867343909901068 0.105557593585277
-0.640294370285999 0.154684805175498 -0.200876703781291 0.0152513970738015
-0.519962847460781 -0.517061197755963 -0.166546776859327 -0.120351333237706
0.097346458235294 -0.816563514092275 0.0216541758924239 -0.0911068420808544
0.549554539065681 -0.602641241249717 0.0576946739062247 0.053746203383259
0.490704724289759 -0.447499174659976 -0.43429675811993 0.0807561739331566
0.100534166881455 -0.68545791863587 -0.130950210240187 0.312430932534845
-0.333772305164341 -0.490738506052194 0.0272327030621938 0.0243067667375848
-0.534409577586183 0.0229788717195928 -0.0673910444966271 -0.0296182312228382
-0.371859289095791 0.346608612939148 -0.18010565717196 0.0933045891549137
-0.10952176961352 0.471197985986277 -0.0343564939414746 0.265395009130364
0.127153390960343 0.421090241326649 0.144594794819521 0.245969765445053
0.174364545916164 0.382443058152549 0.159419981363981 0.221130018474436
0.131972367436464 0.385621465037906 0.127204781791185 0.248288306035696
-0.0617308759125184 0.483932849552073 0.0214525041514422 0.276823554570008
-0.332705317906595 0.376894176681611 -0.124174266502812 0.212364895007103
-0.479933955162671 0.10792684479209 -0.229349034800615 0.0530904624108767
-0.394021669523998 -0.379235295308 -0.178976896008718 -0.0518502017977939
0.0581709422521915 -0.6435215447143 -0.00476541704541565 0.0297582142017716
0.4202268151653 -0.529945111528549 -0.0994807604448883 0.225922877003551
0.334451872166648 -0.365277270274016 -0.62009025750986 0.265516863830362
0.0321674910203509 -0.506354882057305 -0.183735844669726 0.461812650422417
-0.25743246546946 -0.320893188574001 0.00249647831717774 0.105779778144637
-0.352551456590428 0.0243670021674235 -0.105988856529751 0.00117590083138457
-0.245529901632417 0.224536802375981 -0.236388697393105 0.17134619739064
-0.0831191618751589 0.313596362351917 -0.049949916648693 0.396120640424912
0.0700471865311275 0.292740947748229 0.173108953519142 0.389832623281029
0.0922548952992347 0.268094662912476 0.207833065841426 0.344507647245216
0.0537026299116029 0.268589229387274 0.163815409575016 0.363666983171406
-0.0710760388912747 0.310434399458078 0.0245421093687224 0.37037927871637
-0.222834746307698 0.207224780049671 -0.154241450159253 0.27002731074118
-0.26836253005526 0.0381441054353494 -0.228693662073054 0.0595545250591376
-0.21782855327959 -0.206246098199609 -0.165714992694889 -0.00928930227461195
0.0195654276754063 -0.398057382460133 -0.0157632338726809 0.10223946912494
0.244375398339694 -0.387370634059494 -0.205414605704664 0.346154770048512
0.115993653164549 -0.21117582404916 -0.732261744908689 0.410156128742925
-0.0384175468797309 -0.230290987468949 -0.217879688699865 0.55509758858842
-0.130328094999368 -0.0883360843862376 -0.00664018397102973 0.189568057385936
-0.103413822884376 0.0196722526009737 -0.102090287922386 0.0326835096968651
-0.0807959668783252 0.0618441669078585 -0.23939526731139 0.208460201304036
-0.0480017744964359 0.102756818461274 -0.0501611914841119 0.452076137288804
-0.00309844467150736 0.117315085528661 0.178369721993937 0.46649074655565
-0.00428561272518372 0.114428427369296 0.222796841438455 0.414301249709695
-0.0240513283805278 0.118690984107497 0.169669853584119 0.42735822953625
-0.0584168202882833 0.113044166932448 0.0110790202990045 0.410767503016623
-0.0917251267498579 0.0406589761476934 -0.175884639079495 0.283437351364348
-0.0620630386579899 -0.00914126048377575 -0.207058339781002 0.0452374339756267
-0.0663318154436442 -0.0299291386044448 -0.137304766042386 0.0128194671585159
-0.0353562068200034 -0.149282051548564 -0.0227820526482995 0.132347856433685
0.0457864825581633 -0.216871717001978 -0.256691760301613 0.407957383576906
0.0832558150394591 0.063813071055606 0.459826220498019 -0.299599264298246
0.122229715190158 -0.0256386926378804 0.0646301219798434 -0.217835557765858
0.0288547169437782 -0.10618976223036 0.0595287068618411 0.00326841368967569
-0.101491809123638 -0.0367076404705141 0.148946092049109 0.0650656107780785
-0.0871122121653291 0.0532841497144134 0.289181161394943 -0.11284289150395
-0.018542546826853 0.0935866710526723 0.206735747942352 -0.355163648395524
0.0470280095035645 0.0814561426727797 0.0554942394056654 -0.45944853951627
0.0711788300650842 0.0862533109069709 -0.0158551633372369 -0.466765744961352
0.0596461096935652 0.0987456961583698 0.0210413280143116 -0.471101870548459
-0.0309739561306627 0.122490385780771 0.152903091081546 -0.395002976168641
-0.12416101784844 0.0773953007780403 0.247353836430292 -0.191620221329676
-0.147411645979637 -0.0563303470719437 0.120610018648865 -0.0516295325931072
0.0164997096905462 -0.17857584198484 0.155786597266503 -0.200161110382054
0.164402172910161 -0.0485149742807754 0.38804346721528 -0.339010329188373
0.13713229601944 0.0826393652521653 0.832678371376799 -0.129236446050193
0.305982978887192 0.00284547003262548 0.405415961416272 -0.318116678972155
0.233327899147447 -0.171083269877987 0.0654140058421038 -0.196594556158364
0.0208697507685876 -0.25284991542596 0.0604511030396543 -0.03855934106861
-0.22723762209741 -0.0966651492271537 0.115846875869405 0.0509495924290452
-0.239963244760735 0.0984289191932291 0.24342626771302 -0.0867301996466551
-0.1207086833915 0.22625915659094 0.195596141477121 -0.286510804881109
0.0281646627175869 0.245772095662575 0.0812742525115823 -0.389166486587015
0.0762962620133802 0.265462818518319 0.0059952844216824 -0.395888492550404
0.0506565100378221 0.283153449155094 0.0177909855354882 -0.392450063237689
-0.139879754644189 0.317184642935262 0.106357119337546 -0.329751853405353
-0.339954525329672 0.172192242299554 0.177467799523632 -0.179809220957479
-0.385556780826914 -0.12337865336184 0.0565003029430221 -0.0906888760207856
-0.0704492649828552 -0.458452275790324 0.12236386946747 -0.244427081428577
0.337835555095856 -0.336646319280359 0.363173004710324 -0.330156454225193
0.445262322252616 -0.0618088860453801 0.73067269785032 -0.12030801330865
0.506175426219133 -0.0585838250323611 0.273260807463287 -0.319434397914879
0.335747013511487 -0.325101344104295 0.032777331432436 -0.142797619471223
0.0036423876669643 -0.406566587113181 0.0620886009166001 -0.0564284713849878
-0.352587944962654 -0.15960380971926 0.0923184408990138 0.0278157217438317
-0.384303539615851 0.137071440978401 0.170985621677692 -0.0705200000240411
-0.219335152606105 0.339324502672033 0.148568392705331 -0.187040067097377
0.000318878115838122 0.381732948286326 0.0933801115800655 -0.264441366227042
0.071462615044408 0.404257557548533 0.0280593426625462 -0.265869627225541
0.0403888321973705 0.421901574886128 0.0141801201839901 -0.250389957349877
-0.21780147585866 0.466099110158708 0.0464726227360488 -0.207362565876994
-0.499432745895751 0.260435568472286 0.0797118851582815 -0.128089063354078
-0.579437418267607 -0.142461889245762 -0.0311618793697518 -0.108476925719541
-0.187231139742853 -0.659794975495661 0.0547845573543797 -0.26044182508547
0.429608432513804 -0.583036456816083 0.291396954763075 -0.282852053637042
0.668067988772958 -0.205147831654215 0.540691629943216 -0.0708117194900644
0.654661765726251 -0.120160716910451 0.0617504246676799 -0.293687065930057
0.411970883533472 -0.475651289623506 -0.0438084102256356 -0.0479551782116346
-0.0316500601326847 -0.549445643072802 0.0516342603822652 -0.0430014575518485
-0.469693453317159 -0.209431983274516 0.0596500128672638 0.00481022905355769
-0.494952115274985 0.169591167482996 0.0663112175624041 -0.0490186105682399
-0.29187485022687 0.415555416753181 0.0694159437378124 -0.0570386237467819
-0.0257453004082654 0.46769617376352 0.0879257574606328 -0.0952536808464682
0.0587456815756222 0.481159210654649 0.0455198009032848 -0.0952085354987226
0.0235969936579545 0.487493686030138 0.0136022957443256 -0.0715958043237145
-0.258143217211781 0.54159950370862 -0.0108274360125766 -0.044818516706357
-0.5723516200175 0.314686416883858 -0.0293271195640261 -0.039561282851429
-0.676338221171383 -0.125860054332126 -0.124058793188555 -0.0984563173931828
-0.27953442441587 -0.734071351701604 -0.0266536687866743 -0.238109732559804
0.437438360074897 -0.722332174325693 0.19261777445176 -0.191166003991944
0.766706588225687 -0.314040784274671 0.297328006885773 0.00917557187824691
0.710814255556637 -0.169352878976746 -0.205404703756665 -0.233952864185322
0.434222850119964 -0.573175478296818 -0.156017415647643 0.0827747507888603
-0.0708062069225602 -0.628793998302064 0.0221410194178224 -0.00349760875798442
-0.529804299556435 -0.228285682135096 0.0077385831403445 -0.0125633071710247
-0.534469132301931 0.181835235716372 -0.0634743261526183 -0.0115413453620975
-0.31698898614641 0.435691052609412 -0.0290538094719418 0.0942856295059699
-0.0441898822281846 0.483904610954359 0.0680695312397591 0.0960771918836094
0.036632869072963 0.483410601387135 0.0559968494143134 0.0902291980199891
-0.000301146081734842 0.477333033478094 0.0143717734577284 0.11445018356058
-0.261745736397343 0.521358287191098 -0.0584804930119264 0.124555342012045
-0.549625731139094 0.302297249086904 -0.127552680933041 0.0617327738177814
-0.635519300517761 -0.100894943312132 -0.199462473731445 -0.0693119038532139
-0.294628584345532 -0.668256756321073 -0.0970685445807577 -0.183526373711536
0.379103411020574 -0.710366546450506 0.0934304426469754 -0.0793352709230352
0.728404282308627 -0.35654571853323 0.0485065993477626 0.105406665459246
0.647893908363315 -0.195309855919138 -0.48317880307521 -0.144035799890736
0.376747646687305 -0.563622719711363 -0.276386798269716 0.221929880734194
-0.0958056710374061 -0.579560980446739 -0.0211022386726932 0.0509699354304977
-0.478623119053361 -0.199147715284364 -0.0551985876478328 -0.0222048013156381
-0.469626885384428 0.156789991189775 -0.191565589595679 0.0359969043097427
-0.284250913599391 0.375673572947068 -0.123943013228806 0.240205356471683
-0.0530614374325494 0.42167278701213 0.0388774489678027 0.27857384288646
0.00981355906782731 0.411357111316009 0.0592113547694788 0.26036760108326
-0.0272894243290003 0.396680877182023 0.0121497994866277 0.277669245799338
-0.234112322158984 0.416487203935231 -0.0949795908608876 0.262793840533845
-0.439187038292913 0.221550324405535 -0.201759683141943 0.143442474432032
-0.473635576323588 -0.0815736433142085 -0.237053210982635 -0.0464671691441874
-0.226577821311129 -0.491451734754296 -0.135870020358886 -0.122235471355806
0.281016855665685 -0.565260698211561 0.0161065936562448 0.0193641981644477
0.578924322032738 -0.332626083611778 -0.162527241772746 0.190210717160527
0.467716365300272 -0.188344765224225 -0.712817963418022 -0.038855993669375
0.240941794331555 -0.435785260929727 -0.374851660984622 0.337431641831109
-0.0988169986232516 -0.394693332939154 -0.0641306525793796 0.112649757683587
-0.319695239021891 -0.123621774699182 -0.100111118807614 -0.018959567631101
-0.307453326547013 0.098944242430014 -0.27723710520789 0.0769581236209049
-0.198249039194516 0.245924622465597 -0.194367247688602 0.346648741276399
-0.053932688687655 0.286226682019767 0.00614045478703532 0.418615131103053
-0.0198994775926366 0.277536583204333 0.0530867162570486 0.390307628365894
-0.0534900792002542 0.263324440766433 0.00224000513345408 0.393978225385721
-0.175996355786245 0.255860717432035 -0.12598100284283 0.346857357001489
-0.277895496778918 0.108562258361796 -0.24793613694377 0.183408953845821
-0.256063063918561 -0.0647261518349701 -0.235941888206565 -0.0392769392924855
-0.127042157823206 -0.266661185832972 -0.141088380182604 -0.0733275588647078
0.158541813832376 -0.354453778208163 -0.0336319323130473 0.0810134522815167
0.361118883686023 -0.263069418643905 -0.308208638067837 0.246359111703413
0.197994209423861 -0.142773681531944 -0.853335148093754 0.0679600194174854
0.0621709319009572 -0.220928166406606 -0.428854082102624 0.412035062236334
-0.0793732731371382 -0.131241490693967 -0.0892033393711097 0.178725700166959
-0.09744865644971 -0.0241999997601369 -0.105509557081283 -0.00189359549384397
-0.0938825565887431 0.0211268675635536 -0.300011310882284 0.099222889913168
-0.0833837589638456 0.0712632974137852 -0.222880834178834 0.389365293406079
-0.0505121882917691 0.102494662139401 -0.021282459629272 0.48876795975822
-0.0491607742149132 0.102396980399977 0.0394978525287211 0.459787249880111
-0.0656601507497991 0.100021479392867 -0.0151398293107843 0.450105432449985
-0.0914171156194131 0.0815356817828937 -0.151405973556439 0.37576577808906
-0.0969788621288091 0.005954872952554 -0.268357524742327 0.185330609382226
-0.0525704979798907 -0.0302326339778952 -0.205806281636785 -0.0410340784946558
-0.0505313382747672 -0.0490966785725577 -0.126757420878381 -0.038360291935653
0.0198399501520846 -0.147079627293889 -0.0627683977409649 0.105524687552785
0.114520382527861 -0.177202615927537 -0.382784001668036 0.269341617469187
0.0854734678464146 0.0621285166321119 0.450204991913543 -0.306509480099856
0.122207725532204 -0.030366323320489 0.0587339429582837 -0.213262582847518
0.0263417751512161 -0.109640328186775 0.0584693967994312 -0.00107316802449055
-0.103358952452144 -0.0342018344984749 0.149611983316535 0.0587450019808601
-0.086427023466638 0.0561659300324262 0.28342290039772 -0.123237376810519
-0.0143847629536498 0.0938820272402117 0.193249699188312 -0.361321419888181
0.0508470380000071 0.0792458137550591 0.0405304286373538 -0.45791503442477
0.0747076051587154 0.08289686991398 -0.0295531540222373 -0.465196804987477
0.0632224705569698 0.0948080120771098 0.00432480073364824 -0.471306022913827
-0.0266342638833414 0.123844715570712 0.139870862394451 -0.396671824698622
-0.120669477472862 0.0827929089224377 0.239402132494972 -0.198744894768992
-0.148348235945901 -0.0516947552902749 0.119803434493112 -0.0546645068896682
0.0124556655027787 -0.179461100995148 0.149129784334224 -0.208217712969713
0.165008138196921 -0.0522159556983081 0.375896548143714 -0.345912917892557
0.141757155151806 0.0796227232346222 0.829905456740687 -0.146289396616539
0.306178949848024 -0.0054852803791377 0.395858614415358 -0.322760437352114
0.227525632521008 -0.177538055596908 0.06159167196308 -0.191629813968496
0.015189729291001 -0.255857276372103 0.056948668569015 -0.042340767232466
-0.228147276170529 -0.0911184336148179 0.116792354472835 0.0451622650767192
-0.237203021657829 0.106210421883129 0.236772999572582 -0.0959509129455013
-0.112907018967696 0.229645150760883 0.184432587560915 -0.292396491024219
0.0357750313666106 0.243419733901196 0.067896812165744 -0.392196175011986
0.0851504599995475 0.260798531932454 -0.00531356724073005 -0.395162998392621
0.0591521732574218 0.278249433891043 0.00439240473512281 -0.390262092504441
-0.129674943176916 0.321770954777413 0.0944802035056004 -0.329606360461603
-0.334500763336333 0.184834872213439 0.169327221700469 -0.185574938181285
-0.388591813615288 -0.113487862903272 0.0529956836442783 -0.0897456699939249
-0.0834059286619884 -0.459312169202199 0.114176505721777 -0.249592107676484
0.329806843929661 -0.344341952985546 0.351722413774415 -0.336364674059009
0.447816735547401 -0.0702879818676489 0.727835358878042 -0.136022390906779
0.505018400724371 -0.0726144210895979 0.264141070043108 -0.3217391694799
0.325953441152215 -0.33300125398016 0.0316138616435025 -0.136808459133473
-0.0047763244502806 -0.407952218565192 0.0578400734960099 -0.0599931138924169
-0.355856005694516 -0.149299726582981 0.0934557728188121 0.0223736078796641
-0.379429003526929 0.149567361014622 0.163929323151247 -0.0770686749855512
-0.205870212676617 0.345671384025962 0.140991862857987 -0.192532424255969
0.0113460273981049 0.379000525141647 0.0825674155521311 -0.268832799564724
0.0850905072775926 0.3988738041684 0.0207292099190045 -0.265622612394303
0.0518707609834477 0.415163852326285 0.00589542874327386 -0.247796387035641
-0.201039066539634 0.473979764167309 0.0407125899072434 -0.204359183511901
-0.490846077089715 0.278481659073306 0.0715177931498917 -0.130935446526803
-0.581926894822505 -0.12749162989904 -0.0360487178387473 -0.103872814555583
-0.202966807250921 -0.655905966199196 0.0463619155591888 -0.26151977833678
0.416632173084363 -0.594302574395094 0.282343831226512 -0.286545528622549
0.669826324546864 -0.218848996396642 0.537439290548855 -0.0828394561619576
0.652554045583748 -0.137858325195009 0.0557525652842516 -0.291410172315697
0.397259880528329 -0.483593815766817 -0.0411113612240031 -0.0416395003892887
-0.044312374751735 -0.552084184539886 0.0473647542930436 -0.0456231570595386
-0.471892373245246 -0.196640424827202 0.0627802496038953 -1.73409511836277E-05
-0.488548907452431 0.18446002323957 0.0592006913422476 -0.0520466887122189
-0.276451527377124 0.424989091530566 0.0662432682344122 -0.05998459465521
-0.0117959041178505 0.466542786956412 0.0816245778443192 -0.101384334900335
0.074560300665944 0.475239567403481 0.0443965700929154 -0.0955246117011659
0.0360724372675332 0.481835506131616 0.011213860378624 -0.0684543608543149
-0.24009049974567 0.54953756483078 -0.0120596713866529 -0.0401045466175391
-0.562079719564209 0.333986603870821 -0.0352397664749828 -0.0389908889174975
-0.677385240441846 -0.108409668847463 -0.130452977693132 -0.0903941176464505
-0.297609397160976 -0.728205976702592 -0.0331332928252044 -0.235222693655553
0.420233441248828 -0.734512144561867 0.187252175517772 -0.193984065461768
0.763769340391982 -0.330709813219702 0.296480971324744 0.00222170470029368
0.708796794239944 -0.190326555133668 -0.209086449654221 -0.226994525851255
0.415410589359768 -0.583346995574275 -0.149370407860784 0.0899515961312398
-0.0858784124564298 -0.629046657391427 0.0185395530953865 -0.00398943417409754
-0.532793700503025 -0.214674678310482 0.0103719524567684 -0.0153818243814458
-0.527843368443262 0.198347669211395 -0.0701283863540407 -0.0098898938862147
-0.300675121321947 0.445832148696391 -0.0267998452391893 0.0944540084844937
-0.0310544826331598 0.483163176523719 0.0682088099019925 0.0894994089526524
0.0520576578935466 0.478162705257078 0.0602406975722957 0.0884800745734958
0.0112396860352505 0.472633592230917 0.0185170611273979 0.117259179051955
-0.244874666006147 0.532009948078643 -0.0526231635696895 0.129693536099897
-0.539980870608771 0.321706910155048 -0.129961327123412 0.0664737954191654
-0.63660942446135 -0.0831036179950738 -0.205468366712773 -0.0594769642375911
-0.312078602194973 -0.660187535970112 -0.101449402641219 -0.176150188675454
0.360780141220388 -0.720740449745104 0.0916130121190123 -0.0805421056046574
0.723400324445962 -0.371616532091731 0.0496340554826903 0.101903987832814
0.642983670798735 -0.213659635602272 -0.484248214481893 -0.131775224296804
0.359010793017118 -0.572350982000073 -0.26670053923885 0.230216114347637
-0.109930303968775 -0.578381619537164 -0.0218234841636636 0.0525816430095292
-0.481799508655794 -0.185324352893158 -0.0522104500402468 -0.0222542674402495
-0.463765797352576 0.171169799163197 -0.194963397285253 0.0426173076515728
-0.270619114546659 0.38509602916926 -0.116742808472335 0.243615232594815
-0.0410445643166738 0.421737981103145 0.044161325826759 0.271100510292542
0.0223958809153089 0.409058521082563 0.0680337364151847 0.257861108719302
-0.0182677139777622 0.395217374082786 0.021595940902153 0.279519501119129
-0.218658340176255 0.423844159676172 -0.0848256882939685 0.26831960340691
-0.432260847210551 0.235955776250918 -0.20036148467081 0.149482687137278
-0.473015255658814 -0.0690975709291716 -0.241836633192882 -0.0350526028267453
-0.239877921172956 -0.48653936239575 -0.13792069305032 -0.113062940964467
0.265660023980027 -0.573276205713313 0.0170064687506798 0.0187474556263105
0.573813895388014 -0.345973856759446 -0.158712297763448 0.191117236970704
0.462104863309117 -0.20036401002787 -0.71160321423254 -0.0216082634978598
0.227642524918146 -0.440834257933642 -0.363569317181878 0.345626904286982
-0.107399876737021 -0.391646385244924 -0.0626355858123616 0.115839835015563
-0.320574333917384 -0.114920244492147 -0.0971694463440285 -0.0169224682932514
-0.303899660058562 0.107534883457243 -0.278737128963431 0.0862253195662599
-0.190028925015227 0.252456119184365 -0.182871734473429 0.351658489529434
-0.0465184472572174 0.287119284337247 0.0184952259639166 0.41232035655452
-0.0124251148556176 0.276517938650364 0.0665390520881693 0.387433116763567
-0.0466602657315582 0.26383515888682 0.0159347992890238 0.39528875939329
-0.167137876883729 0.262436369293833 -0.112768844922934 0.352356510055862
-0.274405423486532 0.116701179924459 -0.243294209586577 0.191091771328973
-0.25637602664272 -0.0588041010754318 -0.239701331439875 -0.0287789803070024
-0.133182230439898 -0.262270540628965 -0.141645886071086 -0.0635716343290655
0.146121011956152 -0.358714392043714 -0.0297953453887701 0.0799144286525613
0.3547432676718 -0.269532899926737 -0.301559756180204 0.249875618069751
0.194473005872235 -0.1485855944339 -0.849592618231565 0.0842054858286964
0.0543476526996437 -0.221488818361275 -0.41787956531425 0.42098567175617
-0.0816174347366033 -0.128059284887432 -0.0846471448086107 0.183297801801637
-0.0967081220894752 -0.0214521226627415 -0.103708856728227 0.00108328969769781
-0.092724520588486 0.0237082041409095 -0.298484394118227 0.108518445270459
-0.0807991522665516 0.0739055772349559 -0.209262578753365 0.396280418766441
-0.0481360502743045 0.103461063963936 -0.00683819761552668 0.485569516765467
-0.0465801578638893 0.103502492309638 0.0525253998575441 0.456520413264408
-0.0633472345688922 0.102109095740456 0.00112132255530482 0.45030084790554
-0.0876244661857913 0.0843547583305952 -0.136515333882223 0.381192568065734
-0.0967355463980544 0.00813890954287244 -0.262145361680376 0.195190477641773
-0.0527095138200235 -0.0296193422801692 -0.208571186679313 -0.0334001485061781
-0.0511039710525817 -0.0461907281398347 -0.125740093998048 -0.0299456349164923
0.0129229960311646 -0.148014790872488 -0.0577702414224087 0.104267639734385
0.108380452643569 -0.178770013468733 -0.374085173107873 0.273950364995627
0.0888457021019121 0.0600916994452933 0.441312206662195 -0.321338546753537
0.122998229923413 -0.0367508176022253 0.0528805786868224 -0.212078447322793
0.0221323738513936 -0.114579121565375 0.0579197646459028 -0.00588455865938393
-0.106659611422159 -0.0303685015397112 0.151312667647316 0.0518760119670196
-0.0851565366666179 0.0614570801264093 0.278035226480982 -0.13840950046728
-0.00927735626294957 0.0951549664051046 0.177936040472304 -0.372085060125284
0.0560781608193816 0.076189013569505 0.0212234391018101 -0.462681019469116
0.0796760804616237 0.0788260633617089 -0.049812873438695 -0.466807982142484
0.0685637074763641 0.0912490190729504 -0.0170231377365559 -0.47562471131956
-0.0211959193203379 0.126612518540569 0.121967067568149 -0.404572339237576
-0.117791368583454 0.0898806037782302 0.233202845909826 -0.211336566016263
-0.151505455075311 -0.045639195705141 0.120012092474133 -0.0596749103507663
0.00510978284464919 -0.182226370733554 0.140362428955863 -0.220727681845061
0.167046183473909 -0.0591057593438831 0.364620359029523 -0.361351441792662
0.147854029725916 0.0753338219820323 0.831885190460544 -0.174168167647769
0.309611509353216 -0.0173911398893802 0.387463569130025 -0.336043772959608
0.222332745546187 -0.187470666151774 0.057445449967925 -0.189873062045411
0.00535416408444367 -0.261525642671929 0.0536991485561811 -0.0471704192687447
-0.233838512187629 -0.0821441019192893 0.119520710513553 0.0388021539989574
-0.235208547089906 0.118303739279397 0.230995425606811 -0.108276468203263
-0.102311035466411 0.236981908731089 0.170584906738725 -0.303002082618717
0.0475810367031357 0.242727458895833 0.0493477563040593 -0.397290213717807
0.0979980008698363 0.257690109926759 -0.0209670386187492 -0.397094412463658
0.07115125996279 0.275743288769831 -0.0130042768769911 -0.391410516701693
-0.115633004660704 0.331450482151995 0.08118878544015 -0.333780871283979
-0.328185960115037 0.202844606061012 0.160665656879838 -0.194451246163341
-0.395985776922989 -0.0975405340770782 0.0500830833253759 -0.0911166692701383
-0.102159763149512 -0.460841763117744 0.104437197093224 -0.259107328991413
0.323597553881792 -0.36094762573584 0.340782065685985 -0.349802069255218
0.454826416799006 -0.0868004115034547 0.729963060140498 -0.160354513888479
0.507987142532198 -0.093557508521852 0.256570641765121 -0.330387930284002
0.314708105869908 -0.345779620937258 0.0305653533514286 -0.134116021338581
-0.0206742408426429 -0.414660779908933 0.0532900458408773 -0.0640300190517329
-0.36248783594685 -0.136725536503039 0.0963530236731768 0.0159709997094412
-0.375789076107131 0.167337921648295 0.156558691392299 -0.0851778383664344
-0.192276356908181 0.358831341968266 0.131340552417384 -0.200106522403711
0.0283925571805426 0.380753147987491 0.0686201711150136 -0.275609241344591
0.103630905342305 0.396534802947526 0.0116119587388216 -0.267672785199058
0.0688035506926973 0.414430944425567 -0.00466335059221666 -0.246644954553964
-0.181799700767911 0.487984050813396 0.0322927920067374 -0.204349553030844
-0.482652068009218 0.304369043472935 0.0622319549761822 -0.134929905747478
-0.591218128560008 -0.104471357083579 -0.0423907299358378 -0.0999346170349179
-0.231022175676357 -0.654280149412516 0.036135474223789 -0.26669393287652
0.397611123556052 -0.616252326868618 0.274509611710968 -0.297093263820656
0.674740987771199 -0.244871173076287 0.538591894862387 -0.10223282340915
0.651762337752049 -0.166557925579622 0.0472413558899821 -0.292450069848825
0.380240645209916 -0.501980396440847 -0.0392531140018584 -0.0359517319350694
-0.0658798661558091 -0.5575119606759 0.0430803759951892 -0.0482885634467993
-0.48250361604592 -0.180134667020729 0.0655916397499384 -0.00595649492425308
-0.485362385118105 0.208901403664894 0.0517218423800777 -0.0546370914731755
-0.258030957088655 0.442003766941903 0.0621410785658772 -0.062946577361048
0.00791639513050227 0.470028266428805 0.0749628195423857 -0.108062963459424
0.0961727205481244 0.474957988152908 0.0425950533854576 -0.0985026588696431
0.055571399473354 0.483361420871999 0.00904592760862604 -0.066691812476098
-0.217383352943161 0.567762026582642 -0.0127488485206637 -0.0362729777115063
-0.553165170589281 0.364754724428636 -0.0419489009123188 -0.0373804772537401
-0.686258054831836 -0.0841899426046789 -0.137997184371972 -0.0805555161643269
-0.329682305003614 -0.724530294773443 -0.0417186074138587 -0.233325831751264
0.396427615776563 -0.760615594090402 0.180699072781224 -0.20041449353266
0.765515047386088 -0.360323831700992 0.298761116569757 -0.00878533373687055
0.706446116697878 -0.219859290253999 -0.216642445710528 -0.218617549887309
0.39556833473352 -0.603476766153368 -0.143359826601877 0.0993103836054653
-0.111290213667893 -0.635038803361836 0.0159089208489975 -0.00414302751371408
-0.543309603808939 -0.195498872906288 0.0130468441034385 -0.0195462214147917
-0.524920632806867 0.223495207070832 -0.0765969105142822 -0.00578474896830086
-0.283439533389973 0.464062316677755 -0.0247496189691241 0.0970784706759294
-0.0116446953882446 0.487987881840106 0.0686678880802547 0.0839349024180285
0.0734569311265026 0.477839537162323 0.0664022275024349 0.0866226707407923
0.0286104493880381 0.474353977662752 0.025783054675634 0.120126467193127
-0.222488795049671 0.548553333181149 -0.0463034060630946 0.13624236135374
-0.53034827456963 0.348633740113392 -0.132615788980192 0.0739767884216332
-0.645090240479321 -0.059287220831756 -0.212266061050357 -0.0460162503314993
-0.340841578143523 -0.656586451464858 -0.108600352367851 -0.17032858298146
0.334427812272984 -0.743805736276805 0.0893312873571321 -0.0835641423762875
0.722875472852578 -0.400730514042961 0.051954585731817 0.0999347280304879
0.641943345369169 -0.243120729633937 -0.491930808201802 -0.114094637115563
0.337654794895972 -0.589944018428271 -0.257485906174641 0.243293942459384
-0.131503135464733 -0.583143656148273 -0.0229642382751184 0.0554250061042483
-0.492245305619711 -0.170379945366032 -0.0497307043581257 -0.0228586891481574
-0.46149702675171 0.193893914809329 -0.200403495267391 0.0533411684362936
-0.254116907777064 0.401094657839123 -0.108154007217687 0.251285216895496
-0.0245470372657923 0.42675426544159 0.054218904566117 0.267645027851683
0.0397859097526962 0.409118357673703 0.0811944288601767 0.256735749789889
-0.00507387917515544 0.397959024572527 0.0359169269899445 0.283194178200418
-0.200891512784246 0.439648133632762 -0.072448003369021 0.277129500311776
-0.427183838324653 0.257977838989662 -0.199084296076362 0.1617110877796
-0.478586688005262 -0.0512758167826248 -0.249315788654923 -0.0209642090060623
-0.26068831894755 -0.481341210375104 -0.141177710059637 -0.103556796990225
0.244359223332418 -0.588526859560986 0.0182401979322156 0.0174203762729671
0.571419530721265 -0.367316566193477 -0.155300438004621 0.196132447516554
0.458708168587549 -0.221435429943412 -0.718828663659567 0.00204507731950114
0.210536365432888 -0.453149479707035 -0.353205785566072 0.361119524732149
-0.122424715194078 -0.393276848166578 -0.0597771770242956 0.121451584153314
-0.326276513843195 -0.10350806632629 -0.0960131775637127 -0.0145861982123956
-0.301749211123 0.121939685115593 -0.281781091979624 0.100190360665185
-0.179574218589063 0.26391965650775 -0.169328661491975 0.363991909048651
-0.0359131679717582 0.291124265762809 0.0331034127177367 0.410925747771211
-0.000827219545207916 0.278561440563543 0.0831955670717904 0.387150648580751
-0.0377448403828746 0.267508186527771 0.0349132686042843 0.398304102572421
-0.155777499536578 0.272890821852356 -0.0960227075115 0.360831880125889
-0.271734950153412 0.129887109762704 -0.239744101292768 0.204752195412883
-0.25948851647564 -0.0500518742644739 -0.244975182954437 -0.0157447472984767
-0.143534168968241 -0.258497947770845 -0.142657811545022 -0.0534854272100715
0.131369790878337 -0.367693535150542 -0.0262941873204678 0.0795699617211516
0.350602779422564 -0.285474632722192 -0.296940430159194 0.260088099615682
0.189452761055868 -0.157765254502768 -0.856232083108663 0.113068141839879
0.0454508857283622 -0.224758826502224 -0.406797104688572 0.437004726328707
-0.0857972949172558 -0.12634526841368 -0.0779959343394335 0.190109261971725
-0.0965284746917676 -0.0181870958300533 -0.102346432974974 0.00494305344276332
-0.0926903992189758 0.0270867790497604 -0.298102139753204 0.124741870957424
-0.0789149423642952 0.0777480929864162 -0.194187732414628 0.409613439184818
-0.0461651621708853 0.106995835793353 0.0122462186409179 0.486387807096322
-0.0432743541043834 0.106201510957408 0.0723213815455459 0.458726946352663
-0.0600525456656312 0.106412612633709 0.0215177685195164 0.454416708377607
-0.0832844231669681 0.0890317658106084 -0.119740986677451 0.388645584211102
-0.0980765058917634 0.0111615053132214 -0.255644499569144 0.210212821856651
-0.0536973599176094 -0.0285298813407384 -0.213768007460309 -0.0229288223872139
-0.0522952957139139 -0.0430420649393636 -0.125435764722871 -0.0199908792545679
0.00400583762011573 -0.150204034424399 -0.0534936120196817 0.104051604580165
0.10116394865898 -0.183725540991286 -0.366506309364796 0.286160002995421
0.0934653188571458 0.0557433438221218 0.424150995584412 -0.342231781066484
0.12072751339487 -0.0447656534979929 0.0431104766328791 -0.209800029310021
0.0146930292323442 -0.117580294915385 0.056497509500546 -0.0115010407407371
-0.109382267514669 -0.0234240620529897 0.152837767352404 0.0423003508075322
-0.0818385102278317 0.0677996865400866 0.265927230651841 -0.156773545813927
-0.00260925237481993 0.095685110774911 0.150904125126043 -0.382798595533892
0.0622798322000012 0.0715455328493802 -0.00953696381516358 -0.459233122639052
0.0847087632499491 0.0723802537646591 -0.0792580090350313 -0.462456686386779
0.0747828218440414 0.0849256826635391 -0.0473773074354048 -0.470841713052005
-0.0130211971149224 0.128111810570278 0.0956598530667142 -0.409552615738929
-0.110992349402595 0.0983190202391344 0.217629909162772 -0.226141261704333
-0.153347373650252 -0.0361982661433684 0.116913295265993 -0.0672315518435375
-0.00594877303811752 -0.18361283475603 0.124672615669347 -0.232347589669737
0.165443855311213 -0.0683429048171948 0.342143449960999 -0.379024406412908
0.154359446479145 0.0668520982340426 0.822075100198077 -0.221974365288011
0.308558789120878 -0.0352994795438684 0.370321094317785 -0.354594054655352
0.211104015229352 -0.19936255929058 0.0499720045619553 -0.187673636189008
-0.0101866187802425 -0.263434154904267 0.0493341148251749 -0.0511218544595587
-0.238137879668935 -0.068338775281865 0.120481685209446 0.0293430104435496
-0.226753401844226 0.134271339880681 0.219781934468882 -0.122285137736052
-0.0854607128770378 0.242513325768624 0.147885085866588 -0.312493695271245
0.0627800587886324 0.238570422317603 0.0221705885008286 -0.398371433151757
0.114484468994329 0.248658781716883 -0.0446635250393888 -0.394657784272241
0.0880244198480273 0.268116416286549 -0.0377596382322758 -0.386668241188635
-0.093600225823636 0.338572089629773 0.0594193574902024 -0.335742064236149
-0.314463503827921 0.224649114690417 0.145594226992312 -0.20484101482717
-0.40041763579664 -0.0744256614352 0.0443554844562815 -0.0921903196735895
-0.131215370348058 -0.454905039183659 0.0871975296898818 -0.2674791666627
0.303212384842175 -0.379630950754049 0.320238154436439 -0.364341489592354
0.45341027957828 -0.114030750664068 0.720243872552432 -0.199978620793447
0.501005111480414 -0.122979161589052 0.240128162179126 -0.340412677184175
0.292985595555711 -0.362725759792441 0.0272659111003794 -0.1306338113286
-0.0451637819154829 -0.415180486721783 0.047300892923059 -0.0674059984026009
-0.368912594092783 -0.115599958896361 0.0974079205907161 0.00588074381411209
-0.364355680168492 0.192789405421672 0.146083103890401 -0.0944738883600937
-0.166523113009741 0.369126020142125 0.115733638598191 -0.206724566980418
0.0514245520675962 0.377261804813037 0.04794955683355 -0.279556225817104
0.128289736422748 0.387018612059937 -0.00378372233685118 -0.268524408027188
0.0929992116979306 0.405836454567545 -0.0192013083263787 -0.242736916703668
-0.149193799122971 0.499897912480182 0.0194111166773454 -0.202710574610512
-0.462446220073916 0.33532321970091 0.0499883013816191 -0.137912000025148
-0.596394284062103 -0.0700159020358343 -0.048617126987096 -0.0939931220521595
-0.272180541928293 -0.642388569829735 0.0202783825815877 -0.269518979419376
0.364620058776053 -0.64057428237018 0.256203910016537 -0.310242211462308
0.663978647433821 -0.28600702353071 0.531147654533995 -0.131833068656926
0.642134649140475 -0.20491862421883 0.0346059184032272 -0.292745174513173
0.348637345009705 -0.521685438839027 -0.0367651720166494 -0.0295344251520366
-0.0998476897717359 -0.555751406892615 0.0380089630431007 -0.0499882606255356
-0.49082849638869 -0.152220636894373 0.0663603668665698 -0.0143160325428796
-0.470771552549465 0.240849075808646 0.0422377102788749 -0.056237580241042
-0.227319369177516 0.455978893801615 0.0555529703809298 -0.0659525597226324
0.0355766048532326 0.467477981850225 0.0644766442376046 -0.113934251333915
0.124971307227446 0.464628250402012 0.0379925189606103 -0.102201145344623
0.0826165213556325 0.476436673817614 0.00713834864907963 -0.0638051300648724
-0.178864358654777 0.582432940099225 -0.0134492625016067 -0.0323776426126786
-0.528507568847109 0.400206031687783 -0.0490749878431825 -0.0319535876235748
-0.68962416318962 -0.0428285433839404 -0.14320765107871 -0.0676818666734194
-0.373041762291404 -0.707148108433335 -0.0555972305793033 -0.229809690728276
0.35296754817576 -0.782749511710685 0.169295066661782 -0.209669011532379
0.751506021687988 -0.404162190467717 0.29614118226918 -0.02481425892409
0.693615469077915 -0.262259735652916 -0.225979262687303 -0.205612171869345
0.357822871645202 -0.622618048979993 -0.13361392797326 0.109926468292634
-0.149574229649006 -0.630732479756194 0.0137222636190622 -0.003147304081043
-0.553197484913555 -0.163292312098081 0.0150190478522548 -0.0249460595086015
-0.508252631723978 0.256867831076303 -0.0827726660773361 0.000876047952637351
-0.250531140233637 0.481631135751855 -0.0202963634669166 0.0995493758966015
0.016887989403692 0.488308352900115 0.0698208203073746 0.0765374223800841
0.102438731815513 0.469661433441975 0.0731285069180398 0.0802525613667384
0.0564680870446705 0.471727220897724 0.0354502947708841 0.120412444980286
-0.18515239576541 0.563665357150661 -0.0357150841297131 0.141884281948756
-0.508113225783622 0.383463748121476 -0.132822934289726 0.0850944425897693
-0.645319229381222 -0.0209239925679105 -0.216210810516478 -0.0275395674036635
-0.380364510766839 -0.635182085484275 -0.116305721283213 -0.160486195423058
0.291234790650673 -0.763067022448018 0.084934604455418 -0.088181967611346
0.706175615437465 -0.44145739660703 0.0561563510890894 0.0957725265544591
0.625941707707813 -0.279597499872716 -0.495789187259203 -0.0866905197513851
0.299754098240799 -0.607818760855581 -0.241789810211228 0.25816760827456
-0.167109629453984 -0.576880519709024 -0.0213586883990051 0.0594157625507116
-0.500501373076443 -0.140095532782073 -0.048398154780696 -0.0241789745293164
-0.449012705164786 0.222933137443004 -0.201406208512639 0.0678951422922444
-0.227350423716069 0.417497393626268 -0.0926946548333224 0.259255700333273
2.17166714935393E-05 0.427389775058914 0.0666299799024513 0.26032058815677
0.0656963527339323 0.40348807856348 0.0970221777739563 0.249871096891961
0.0181023324612776 0.397322005589262 0.0559569429287119 0.281364829198827
-0.170871922518218 0.452236927932188 -0.0523143103016745 0.282462502833289
-0.410854668817373 0.285920010580895 -0.191991778256978 0.176886696711177
-0.480317950827793 -0.0234157260757763 -0.251651106809193 -5.62524835372027E-05
-0.287883841904263 -0.465810690916774 -0.144506129976714 -0.0904196416679065
0.207285470996852 -0.60394656454039 0.019631120347053 0.0156241517257757
0.552493469157017 -0.400674644795311 -0.145458260828273 0.202872849882986
0.443867726570008 -0.248444700473638 -0.719276936150208 0.039830701214746
0.183217834421623 -0.463408319874649 -0.330990200653196 0.380807024103098
-0.145245926736971 -0.387137399265853 -0.0535950409177516 0.127574484962544
-0.329663063112209 -0.0840902344230534 -0.0937243115103419 -0.0117969320920548
-0.294160735432478 0.14098189832832 -0.277760413993147 0.120467440332199
-0.162401890122318 0.274434525121877 -0.145718871596968 0.374107701062985
-0.0192009913336581 0.293543761501919 0.0565061848073004 0.404797437127294
0.0148329593009548 0.276021349642483 0.106092927126447 0.380441154956365
-0.0231352273836498 0.270004759940581 0.0625067848178175 0.394763109204299
-0.136614022602829 0.282257388275546 -0.070901980964538 0.366714731280334
-0.26344231861432 0.14675984201747 -0.227578666535592 0.222823573913984
-0.261372964780962 -0.0347318336596214 -0.247288016258741 0.0031629370504259
-0.158676305813941 -0.248507632730118 -0.142466906803946 -0.0400188031011263
0.107215932892517 -0.374146211925435 -0.0212910070480344 0.0783086407624899
0.334335870718777 -0.303487309993333 -0.282445488081626 0.273360405644621
0.178728616644748 -0.169070356700267 -0.852039382513988 0.159497175719482
0.0306437834883789 -0.226450796817892 -0.382751941368393 0.457730273001007
-0.0928168370544209 -0.121731029856187 -0.0663812308195516 0.196940404583683
-0.0958943375089469 -0.0134316782143884 -0.100001006942616 0.00991134703498193
-0.0914159292042142 0.0326010820708179 -0.291713485523602 0.144611230524479
-0.0737281146841605 0.0823500893592514 -0.167633090795656 0.42107218331289
-0.0403391507281369 0.109802885548748 0.0408750527033565 0.480469130357366
-0.0377132594727326 0.10850283298306 0.101210915461308 0.453045325648179
-0.0542150225464175 0.110800471635272 0.0523315682882734 0.449815835376615
-0.0764240429538476 0.0932305901496163 -0.0933710646415474 0.395686370410828
-0.0969924591173083 0.0165689121070254 -0.2410425860705 0.227609405791017
-0.0544520834305006 -0.0252580677218227 -0.215738419737502 -0.00696237692284391
-0.0540151621798746 -0.0386402026881049 -0.123601977353382 -0.00835158556959578
-0.00847176379997497 -0.149485899705329 -0.0474410265060103 0.102783645836895
0.0892048371472857 -0.188192397590499 -0.350210025780217 0.304428815509036
0.0951008719618327 0.0494420132881104 0.395227351321531 -0.352219289191452
0.115519863137808 -0.051750734017693 0.0334785675902034 -0.202171965794116
0.00651594015873864 -0.116569519942197 0.0540058472475855 -0.0162865531173473
-0.108497838523617 -0.0151769601914685 0.149648899024361 0.0318326999931448
-0.0749616327691533 0.0721011884473169 0.246004970309678 -0.168922308014171
0.00455645700494151 0.09253030908399 0.121250776085241 -0.379949842765381
0.0650536895136806 0.0643078336989349 -0.0369461328255954 -0.443458818372794
0.0865362642692356 0.0632391189429943 -0.102965071581684 -0.443656307542713
0.0774032593068014 0.0757814827311784 -0.0746578698224914 -0.449928856263237
-0.00457501416262571 0.125709868461072 0.0673785615232456 -0.402211626513142
-0.10108868794381 0.103713908129979 0.196754394806824 -0.233486730638582
-0.150874091155815 -0.0256104156430462 0.110168875613595 -0.0735254898431647
-0.0165683065135309 -0.17823887687256 0.104040914395511 -0.236275532674609
0.158291869267461 -0.0768992731025356 0.310166123198279 -0.384319498742132
0.154695889521994 0.0552159620167507 0.787072665761973 -0.260257179147738
0.297895529456573 -0.051903351905347 0.342709659873078 -0.362177067275012
0.193088325292253 -0.205530044694089 0.0422414751258398 -0.180824751101894
-0.0272661281428518 -0.256659435250552 0.0433644388152157 -0.0541488740651358
-0.234629926562464 -0.0517107212036393 0.117991375453426 0.0187734260513441
-0.210965161706925 0.145245833301274 0.201605519976874 -0.132154713303067
-0.0663690418561615 0.241044434237492 0.122280646569706 -0.310195727392665
0.0758658181518831 0.225920132956917 -0.00425987207525298 -0.385136795656481
0.126486978250471 0.232250452201911 -0.0667032743371827 -0.380287989161388
0.100649052797972 0.25278794188717 -0.060249584586996 -0.369741913001992
-0.068642099458955 0.335721961731657 0.0370935578480744 -0.326428866534986
-0.289724148032234 0.239881178488186 0.125291498548639 -0.207471173551235
-0.392384874077107 -0.0472609314728313 0.037733918832189 -0.0913456701146518
-0.153701431284566 -0.43490739884057 0.0672967679390317 -0.267295461227049
0.275637950212712 -0.387963804368931 0.288975267957633 -0.370032608278513
0.43722777410608 -0.137107329333676 0.688875749685011 -0.234999118427515
0.478613501997138 -0.148570603828104 0.217661149505296 -0.342886778925276
0.262628527990907 -0.367564614888237 0.0242258728490204 -0.124512744980568
-0.0696148898975287 -0.400820518500064 0.0409183453115752 -0.0686899195287909
-0.363902738918395 -0.0900489102465776 0.0947034636205013 -0.00366412326809766
-0.340249232679289 0.211331831811668 0.130710795803354 -0.0994796887229367
-0.136996751215086 0.368468262488227 0.0974426463470227 -0.205705074102582
0.0742077028665031 0.361564991562812 0.0268853848737927 -0.273077779312183
0.148838549694736 0.365083848815281 -0.0183761582217777 -0.261292656752489
0.113429257445235 0.386178369153683 -0.0319804657895972 -0.231704107329394
-0.112080773701872 0.495974954260049 0.00704302837456886 -0.194793049334931
-0.42612125479728 0.356606331865836 0.0357106389559836 -0.13576741060543
-0.582926144420743 -0.0321772450572905 -0.0533330805701935 -0.0857329434699816
-0.302063839181553 -0.610318898660608 0.00310594553161569 -0.263601710092083
0.317850551702879 -0.64481331794877 0.230417881252632 -0.314157343567599
0.633610778521074 -0.317060799752483 0.509021310506214 -0.158207941738685
0.610273149241572 -0.236164399687796 0.0204125913677971 -0.28540753461647
0.30822798491956 -0.523257992362114 -0.0321648246116465 -0.0229223300079369
-0.130859706671855 -0.535122887560358 0.0330794257789291 -0.0500273749128268
-0.484363379627885 -0.117864914499987 0.0650721877007552 -0.0233120975531604
-0.441837533688181 0.264890531178818 0.0322666729046093 -0.0545938648491366
-0.19083554017001 0.458915966978287 0.0486459382919933 -0.0649503486863487
0.0631249979652899 0.450402806541585 0.0521164929592273 -0.115127600382146
0.148618159059697 0.439637065889382 0.0311356574405177 -0.10252497124327
0.107109294294113 0.456407471420281 0.00589471434683776 -0.0602611496815232
-0.134538889888444 0.577390746157369 -0.0132466421587913 -0.0272047286913865
-0.489054431076275 0.424048124642345 -0.0538565729916693 -0.0259162407711082
-0.671907288520897 0.00129504326696258 -0.144393074202675 -0.0521660297113399
-0.40522323043911 -0.664969717059735 -0.0663167659356697 -0.219165012958654
0.297757278045485 -0.782304173278074 0.153640214558509 -0.211726982777145
0.712683636747919 -0.438690986783843 0.285884437640279 -0.0414460630155427
0.656447362678153 -0.294557381858591 -0.228025781969037 -0.186188377939749
0.311700780355416 -0.623729407241068 -0.120187694949961 0.117271197777683
-0.182619496575413 -0.605280548187127 0.012242681948237 -0.00144011951681874
-0.544993566157398 -0.125987059772284 0.0149985370466238 -0.0305171020655951
-0.478868655859297 0.28153680198125 -0.0855106125004063 0.00931982225201633
-0.210766998951247 0.482426144087967 -0.0143873638566631 0.0997985433805825
0.0471753047004436 0.471628620051512 0.0691776513249579 0.0679115411674219
0.126941410710123 0.44797938169184 0.0761885361776636 0.071894062110725
0.0816741220771358 0.453032702595363 0.0443881982155902 0.116447997209664
-0.140559640041783 0.558191764128781 -0.0234538578355545 0.142961326741413
-0.468339511650747 0.406055259627081 -0.127968048522597 0.0941452744568665
-0.626774506846884 0.0195149511867278 -0.213590053886575 -0.008129101481118
-0.40752113559309 -0.592656601129168 -0.119976823843671 -0.146740048017305
0.237184459521776 -0.760195418287596 0.0777969816182176 -0.0904614213568221
0.665764241905335 -0.471998133650188 0.0585648496789677 0.0904645044188139
0.58949020583378 -0.307983112920181 -0.485987830098731 -0.0575403327625178
0.257745062305855 -0.605693641980051 -0.217707828015695 0.266493697328533
-0.198311643251305 -0.551086688371877 -0.0183444131070486 0.0616812240279517
-0.4933466038599 -0.107564323007063 -0.0459663758308625 -0.0257302070919992
-0.421037213012462 0.245291616660097 -0.195556127859009 0.0814659580147293
-0.193230882147953 0.419354970920956 -0.0745197206016668 0.259129349088395
0.0261080198245941 0.414453824978472 0.0775561590650653 0.246442741378041
0.087057698506317 0.385566059198724 0.109570937279687 0.234896795282214
0.0399397728550293 0.383742755573562 0.0749930482853304 0.269412655530717
-0.13555544865843 0.45028903964855 -0.0312722653784879 0.279649889463384
-0.378576007857259 0.30375043806593 -0.17827276682372 0.186921845876111
-0.466044463832089 0.0057520355585788 -0.245435775080977 0.020544123905255
-0.306373014669865 -0.432738617247769 -0.14250248239505 -0.0763081493726078
0.165071487531888 -0.597892024997494 0.0201251236878993 0.0118490614131265
0.517712393969307 -0.420840541468637 -0.13147920091574 0.204772617101437
0.41534093933588 -0.266101143400435 -0.697959785802907 0.079149232397304
0.14987484325208 -0.458653076420199 -0.301020254408286 0.388943550339173
-0.164881561365487 -0.369006803347311 -0.0455185050851582 0.13020818375699
-0.324671436173864 -0.0632503751991803 -0.0899527464581451 -0.00940705477939988
-0.277150389086244 0.156173187815199 -0.264854455504568 0.136989022237056
-0.139096416032038 0.276018508507462 -0.119078074418113 0.374181982895247
-0.00169324885074664 0.286736819311165 0.0773415045490035 0.385871597164956
0.0300578283765 0.266192839905771 0.126932098500718 0.361052647349488
-0.00670913167407402 0.263705597895241 0.0874908577451601 0.378675046319899
-0.112383208579865 0.281661936933045 -0.0439417417804493 0.361206435111764
-0.2467056963003 0.159667080728833 -0.207820612066067 0.232971517586659
-0.254009414850405 -0.0175675127742624 -0.240570593899526 0.022421408150163
-0.167579907572562 -0.22964351084062 -0.136547828766472 -0.0270200410383471
0.0805223611852367 -0.369146050087544 -0.0169302534591527 0.073858062343103
0.308373540073334 -0.312731357752324 -0.260055599219596 0.280417278810343
0.16233073247695 -0.174283938616872 -0.82312001561887 0.201829967202185
0.0157793579752388 -0.220688830967053 -0.347570837134428 0.466271511887648
-0.0968630509695516 -0.113265459524918 -0.0525623706718505 0.198193440471444
-0.0931903247369174 -0.00904094130851628 -0.0954606813283483 0.0140842622654265
-0.0871620668418725 0.0370439085274553 -0.275952653678988 0.160290911422249
-0.0668653942169867 0.0847709963095598 -0.135958146624426 0.419789423470546
-0.0336454314586706 0.109687214514019 0.0666551773917472 0.461296632135326
-0.0311344892782417 0.107675175694708 0.123926302200652 0.432002783547621
-0.0459562119530445 0.111201950575723 0.0799305924118392 0.432293655650256
-0.0669015272053323 0.0945439253948369 -0.06354438115821 0.389347318114226
-0.0938896038673998 0.0217340382220962 -0.218634804169361 0.237886111734636
-0.0537141854324347 -0.0210565352070616 -0.210756763706047 0.00929699045764701
-0.0539238944713206 -0.0323571372215867 -0.116402802383073 0.00279196069124052
-0.0202867271942164 -0.143275245367675 -0.0408345214036976 0.0987041758116231
0.0744468589524799 -0.187286926664405 -0.323383324026567 0.312818577329594
0.101071978791249 0.0306258515068438 0.322828809577855 -0.385161618251845
0.102586912506445 -0.0642199750415232 0.00579897543354899 -0.191307898183518
-0.0090374239111718 -0.112586834491449 0.0474030974097902 -0.0189967261169185
-0.103104075396363 -0.00158592220497955 0.149250201631049 0.0105930655316794
-0.0604899994058478 0.078555497199723 0.211649689677558 -0.195192447353309
0.0152616023913918 0.0860344947422676 0.0666310894793366 -0.376469754345997
0.0668220757584362 0.0494708754729139 -0.0902058834300221 -0.420012245459157
0.0890718944138449 0.0478926264542854 -0.1536030090147 -0.403068787220875
0.0806598500771037 0.0609434507579273 -0.124237936487756 -0.412911143750673
0.0113968341815542 0.120489778573905 0.0121627325520787 -0.385162686330346
-0.0831536275370498 0.112265158044659 0.158240643837595 -0.24216651313036
-0.145129250104231 -0.00644320262596291 0.0924608060748485 -0.0815677019167806
-0.0428732340358589 -0.164445928150316 0.0599908941600161 -0.242359995195919
0.13182433392533 -0.0928862990626453 0.246426698364826 -0.406653818248091
0.147369893673656 0.0213446042186748 0.723798832407015 -0.343195413933237
0.282025430857048 -0.0952007247718841 0.257947235985723 -0.37602318084049
0.159347230243324 -0.217416163256679 0.0159308658663717 -0.167336127665504
-0.0578324727075878 -0.240236667409103 0.0328896125211132 -0.0467570547240504
-0.225572409785987 -0.021935690769241 0.11986120076553 0.00508874435150736
-0.179339220146646 0.163691206366802 0.180504163451551 -0.152354914928222
-0.0333439942828603 0.233789786712687 0.0842819815787248 -0.312500721282141
0.0961002152864589 0.199775988832051 -0.046180957759791 -0.368458599997014
0.147673476774588 0.201036800803918 -0.109727159317185 -0.348723387267297
0.125351545033322 0.224351246305706 -0.0966308734041919 -0.337302690927929
-0.020371459643194 0.323207217948264 -0.00343090020695044 -0.303780735205438
-0.240752270497581 0.263960680855962 0.094673659187068 -0.201943674819759
-0.372712039498948 0.00326076694805658 0.0178768908542079 -0.0817584201102175
-0.207349872059059 -0.385862679429923 0.0127904342804041 -0.26866984733399
0.201334193331246 -0.394470018179937 0.226455470028798 -0.406184001300237
0.383986522447735 -0.19470579239516 0.640638625660377 -0.311537347755346
0.442838732396274 -0.213835452049247 0.128017698786663 -0.330679363298545
0.205270481280248 -0.377454143311895 0.00443392978515894 -0.106087457962397
-0.116635936072221 -0.371430442736043 0.0304301059227081 -0.0523829278617849
-0.350488324685405 -0.0445442782737834 0.0982040241137225 -0.0113315567132882
-0.291867133003439 0.240078499007586 0.12356074570914 -0.110545289986111
-0.0839773940559588 0.362987902896071 0.0788625487885194 -0.210992226339963
0.111578479568988 0.327643184378604 0.000951899786548284 -0.264276023992564
0.185286176279422 0.32310361731311 -0.0492919379199518 -0.243337432724689
0.154177794615246 0.348435205888043 -0.0498031948466206 -0.20914065478738
-0.0396251178220028 0.476549346925703 -0.0107628239556929 -0.171820766958964
-0.352160593097081 0.392364162547579 0.0205183243695197 -0.116744089417677
-0.547201190842205 0.0408849073319473 -0.0699006537481862 -0.0576107790234769
-0.368804795301071 -0.526367201258461 -0.0534606838228696 -0.255882686119296
0.210634831234598 -0.636400942462052 0.174361584002614 -0.357965449523231
0.542812308495917 -0.38652545619362 0.486011871135513 -0.221360043048833
0.558153376286504 -0.315023610477511 -0.0618964226306228 -0.243571417182079
0.23094258111032 -0.529018867056443 -0.0369281867988507 0.00190174016769728
-0.190055224411089 -0.490654433699947 0.0274685070226416 -0.0259533473872734
-0.467137817400559 -0.0584428430293423 0.0705928916252649 -0.0237697318484231
-0.382440475111898 0.303052264237279 0.0412311914295594 -0.0533405106828334
-0.123104775824471 0.454612309246206 0.0548050359403273 -0.0714274442620267
0.112677451147127 0.413817097624589 0.0469383967953284 -0.116599307826752
0.196271421123361 0.39400915518235 0.0183999859003988 -0.100487197501379
0.157865242579072 0.415536981995914 0.00823055622750282 -0.0521373667387866
-0.0501382790700286 0.55450346557109 -0.00592878624588723 -0.00947764233568263
-0.400851307519179 0.463252235762641 -0.0496430263627985 0.00041827159433701
-0.625059141923607 0.0843240410209749 -0.152407841871616 -0.0111422251860187
-0.471724681430014 -0.562898528737997 -0.116724121889936 -0.201884485071374
0.173301444118297 -0.762215273636447 0.108498110465295 -0.25794492440719
0.600480232360083 -0.5069527133705 0.289578948340416 -0.0854638303946913
0.592030683335585 -0.378071496568896 -0.288920154378946 -0.112774086906962
0.222865727994792 -0.62268495357942 -0.103143160370469 0.148649989426223
-0.248630953649377 -0.550129915969003 0.0158343400935697 0.0274294332804829
-0.526302584285425 -0.059157968133622 0.0242493801393886 -0.0224750394733109
-0.414213739800799 0.324027977918823 -0.0592774692200567 0.023594697716307
-0.1394878372824 0.480098938298759 0.0180808607295731 0.0930660014804922
0.0992558497400974 0.436378614569754 0.0866786805221398 0.0565832843029748
0.17536530396903 0.402812055785533 0.082890287944995 0.057809238135838
0.133340335176983 0.415328538768128 0.0666890190310356 0.109852339522668
-0.0578322907091745 0.538523334947162 0.00698363053444419 0.151627120474546
-0.383962494059294 0.443268334641402 -0.103585030106983 0.122979401125463
-0.579081996383113 0.0945358109042284 -0.211952204835744 0.0401891868710303
-0.463271365294117 -0.496849753303203 -0.154529069989029 -0.124291256889857
0.12342765873072 -0.730993929847173 0.0505777761312146 -0.133124967371534
0.553707881430801 -0.527688080723638 0.0874070031731906 0.0661641498366447
0.52412866274736 -0.377454529181655 -0.510598423661142 0.0411307138452991
0.172836757351653 -0.600364266509392 -0.176895344758952 0.301687784967978
-0.255445492061693 -0.496818940983316 -0.00316402443293451 0.0903000413144159
-0.475314137969485 -0.0476045432211455 -0.0337091559335106 -0.00976126133667829
-0.366603852973055 0.282611329406836 -0.156239430522623 0.108148201086816
-0.129223013041663 0.418884784237369 -0.0203795866914711 0.252347452335024
0.0741192949679756 0.387091462903239 0.116266560364462 0.225568133773307
0.128523253986776 0.350997771529032 0.134991283640782 0.206534075489373
0.0863492019294202 0.356463234999046 0.11246307957777 0.248748509334352
-0.0671232592739752 0.434181627371215 0.0166960718056502 0.278711990198859
-0.311870901063639 0.334334768185882 -0.141815185840182 0.214184420246754
-0.429951076594086 0.0628935169641674 -0.236752776578625 0.0669658323221321
-0.34417947127227 -0.359795513925516 -0.159021171421536 -0.0534624803334179
0.076445164792242 -0.571354871912982 0.00995941476545851 -0.0215191049711568
0.422990195938298 -0.458423214420141 -0.0838912434432926 0.200154537918571
0.361867476429056 -0.310858531354131 -0.68457576265333 0.189773595254201
0.0885675319971116 -0.446883880985786 -0.237648004574102 0.422073470321301
-0.201798118304304 -0.328491565561509 -0.0203049314713798 0.15067360844183
-0.313259243231373 -0.0252288662927884 -0.0778741453454523 0.00910088022758511
-0.242496317510812 0.179807557879482 -0.22083858815303 0.169182657007984
-0.0966320522236224 0.277730191552016 -0.0526685096657554 0.368676806585813
0.0333059639932968 0.270577925099998 0.129114515115624 0.360857971676987
0.0610159073783362 0.246300410919994 0.166691388029255 0.323130959865286
0.0280142425084315 0.24846521653149 0.134546568391079 0.348475125992929
-0.0662684052730684 0.27440229450338 0.0123364646463346 0.353753902292271
-0.206403988722028 0.180210782933243 -0.165082796593799 0.256596167222923
-0.235744918683781 0.015743676093047 -0.230113417475913 0.0618816488348326
-0.186640022241051 -0.18907751518705 -0.138393083302264 -0.00711176005772247
0.0278691564260126 -0.34954964623464 -0.0139061956767138 0.0524718832003744
0.245292190390072 -0.327254963918033 -0.203288959636384 0.290043901408787
0.128616209614096 -0.18476791124403 -0.769200865072504 0.310388772847047
-0.0113156678211364 -0.207271469066081 -0.271246469859174 0.492572269515912
-0.105034896154261 -0.0948391209266235 -0.0197774294194127 0.204174298187964
-0.0886453920055049 0.000123825376269406 -0.0852412656718512 0.0277907132364706
-0.0792090141831192 0.0443513619906585 -0.235844837893331 0.191916594714004
-0.0523567227479506 0.0886054905033531 -0.0718044581787246 0.416152241080176
-0.0172905994973254 0.109064389895088 0.125307554382558 0.433603911697964
-0.0162433743004655 0.105833132770265 0.171900049146713 0.391036006421928
-0.0273654695074519 0.109900021785 0.131011268174991 0.398373954700366
-0.0482283191639661 0.0929190925830228 -0.00692752488512055 0.378033652403477
-0.0823335904386315 0.0307645052738145 -0.175150832553958 0.256259972471039
-0.0493821340423073 -0.0119375290113398 -0.200276450490477 0.0386516403319847
-0.052644717629491 -0.0202935804084617 -0.108107066088621 0.0198810681283634
-0.0377635610657993 -0.127804018861685 -0.032115879290474 0.0898008362485598
0.0461672990642453 -0.177997522475047 -0.265365456719748 0.332422194699943
0.096450141912645 0.0288957097738206 0.311193999527689 -0.366423855927263
0.0979364465935392 -0.0620948871179734 0.00923671700358206 -0.181553299422252
-0.00915951417142516 -0.109079910457614 0.0448378853604409 -0.0205512288231641
-0.0978216920103145 -0.00062625715840683 0.142584069544839 0.00969401587031638
-0.0573165677672732 0.0759980451736804 0.199813919328438 -0.18608132152319
0.0159186835421852 0.0817233332729415 0.062136900324293 -0.359284774341944
0.0641137721760399 0.0462902562626753 -0.0845007548358757 -0.398343360363735
0.0853282846256125 0.0438284726391243 -0.146004484517861 -0.383778245005293
0.0760288967711381 0.0571692128063749 -0.11836088173112 -0.393273087967113
0.0111169994778572 0.116132906927588 0.0112798516174985 -0.365422989194966
-0.0782526972193869 0.108316375136587 0.148543277500443 -0.231553360765425
-0.139116224864275 -0.00580199596625805 0.0878207002365975 -0.0783350531959594
-0.0409096763276752 -0.158135783677466 0.0543577299901231 -0.233118599550231
0.127545628544254 -0.0895697359801707 0.237763329047848 -0.384952151327749
0.142018058815872 0.0203729214970519 0.694365080991202 -0.326770084106985
0.269119317943812 -0.0907710865077333 0.249937568014367 -0.358339191247881
0.152441941871426 -0.206473560524628 0.0205528336234861 -0.15836115301903
-0.055389238649796 -0.229637905878124 0.0312561664001886 -0.0462638635412999
-0.213887707935279 -0.0213507744903752 0.113244056782368 0.00291261998930537
-0.17022809410441 0.157599442094871 0.169519102563822 -0.144585273380682
-0.0297751520191262 0.222779882210227 0.0784545597639876 -0.297510133173842
0.092133029660592 0.190149203044347 -0.0446439847607409 -0.349884720528435
0.141169857847044 0.190269583445274 -0.104535867245382 -0.333905137056771
0.118595758926842 0.213174187615675 -0.0905533851253027 -0.319982560702406
-0.0176709298197859 0.309296004587552 -0.00251568070363297 -0.287836688312499
-0.228852119914082 0.254768314556718 0.0873135468018298 -0.191297387438989
-0.356666907272958 0.00400602928447462 0.0170655614397266 -0.0776346059161083
-0.197734996667645 -0.369344611647689 0.0102141826702371 -0.258041941525745
0.195333389862498 -0.377523715838024 0.220125849556119 -0.385726874055461
0.369272368069312 -0.185390453985924 0.615384620260781 -0.294113417675775
0.421216192944931 -0.203804306707737 0.126737141592636 -0.315456398265335
0.197712347242057 -0.357137222391303 0.0104730444249572 -0.0992653836734443
-0.111493030284419 -0.354273259604432 0.0287889304059208 -0.0509472228985431
-0.332509680468873 -0.0428025211375047 0.0919559189928063 -0.0149434701931621
-0.278274218189362 0.230254374863513 0.114690793310773 -0.103244672225766
-0.0775781929445847 0.346203912086018 0.0746642509753071 -0.199923870238116
0.105708640378544 0.312267689569694 -0.000207400111593866 -0.251634919659139
0.176066111807951 0.306880435250174 -0.0473796301729282 -0.232799393004741
0.145365550854375 0.332342475283693 -0.0452741499708372 -0.198220198124383
-0.0350679311636792 0.45606479725447 -0.00862548924184291 -0.161401821909597
-0.335009082109398 0.378340865961427 0.0158260761690761 -0.109216455074789
-0.522282502207395 0.0392162423282136 -0.0671315401346881 -0.0531693612943379
-0.352800890914247 -0.503989423851067 -0.0520887430034394 -0.244883104858907
0.201814820075951 -0.610361531466716 0.169685582923034 -0.340042461417412
0.522980987731366 -0.36913349998307 0.465728423545989 -0.209827905504043
0.531839484352053 -0.298684613117365 -0.0547733673308702 -0.233896692862378
0.223061689515841 -0.503126748892882 -0.028971607006744 0.00338776653491719
-0.183185143607034 -0.467351584608633 0.0268248412705202 -0.0237383000549261
-0.446199932540955 -0.0548815033567628 0.0655572202976536 -0.0274363892148275
-0.362508463115759 0.2902691128064 0.0361482142402085 -0.0485706041130345
-0.115701472818997 0.433841759261012 0.0526749126845248 -0.0667961021188884
0.107297134241207 0.396262318727303 0.043135698558781 -0.111489413549341
0.185919196170926 0.374381230712514 0.0171024413919983 -0.0968618761080501
0.149240748604589 0.396086556189756 0.0101302109134921 -0.0487494386797005
-0.0447652798052828 0.530157300514831 -0.00339513173353338 -0.00708433063513873
-0.378606923129793 0.445675001669485 -0.0507965397937855 0.00409707028568961
-0.59652996769932 0.0794843956642861 -0.145542555382298 -0.00707073011440802
-0.449644079448796 -0.538625949727794 -0.110298909817427 -0.194266483699962
0.168167753779493 -0.727417889220962 0.105515780331656 -0.246315003498227
0.577292497910513 -0.48499171012145 0.277446304302884 -0.0805709822985381
0.566154562264532 -0.358634466370233 -0.273407947973957 -0.110872837137223
0.213437008739992 -0.592491958105351 -0.0932031031406946 0.143922362841895
-0.239368871554059 -0.525786203490422 0.0162268553591773 0.0281290516579708
-0.501689661832109 -0.0561419106919357 0.0211929469288978 -0.0268513431761244
-0.395429374282467 0.310905369633708 -0.0597608915667215 0.0260277655892775
-0.13165582540521 0.458357025889899 0.0182236598336378 0.0897879206115994
0.0956741803199415 0.418265569870342 0.0802153502720781 0.0535109659738766
0.166878039922735 0.384322637068072 0.0790094658657078 0.0544784465222393
0.126220866267998 0.396572319657773 0.0662724407561165 0.104684028672605
-0.0520936625920332 0.514768380479861 0.00940042323578027 0.146447368827683
-0.363570433763408 0.426307975782646 -0.101722107539791 0.122038544862425
-0.551674804600427 0.0919766590692687 -0.201984227042391 0.0418301404480212
-0.442414532607025 -0.474072328174773 -0.145617820888428 -0.118859961565179
0.118313323212425 -0.699459595389308 0.0486587350095483 -0.127645869668725
0.532573442289452 -0.505562600078461 0.0838543962689017 0.0633521627024248
0.503540869420404 -0.358209367345644 -0.487511533273201 0.035865991103657
0.167223346622779 -0.570081506376792 -0.165362072528712 0.288627633869368
-0.246721895804951 -0.474862049424986 -0.00189648768028213 0.0896063720551415
-0.454273276474386 -0.0456351950944334 -0.0340456525974086 -0.0139801895144195
-0.349048763913023 0.271224231232526 -0.151429603833255 0.106287059180239
-0.121935844992626 0.400050917913356 -0.0181278904304434 0.242636282309209
0.0708299222729187 0.370805681019244 0.107864947746055 0.214150590259882
0.122166903362953 0.333974741433651 0.128421022672181 0.196986068493061
0.0813245350371122 0.339893234333902 0.109290627131462 0.23701382806282
-0.0611682773145117 0.415163963154049 0.0194994822132136 0.267139420373946
-0.296801912202962 0.321186342470224 -0.136213067674576 0.208868070236532
-0.40923882496277 0.0598967773659705 -0.226078693131631 0.0679591132771077
-0.32884663527102 -0.341371241121515 -0.148600926512752 -0.0509426998113991
0.0732781270301953 -0.546475186765834 0.00886056659066145 -0.0216259423160935
0.408445217857539 -0.438428620558718 -0.0805076708029181 0.190496450778991
0.346698450317089 -0.294577276754637 -0.655399524745179 0.179104459606999
0.0855972918019428 -0.425945858348544 -0.226743952800016 0.403865081345137
-0.19313755289996 -0.31360690022737 -0.0181540814168446 0.147423269584845
-0.299304292526719 -0.0244396267280304 -0.0753911634132873 0.00547914897540389
-0.230549138511459 0.172827026162874 -0.212898695165736 0.164725487985016
-0.0918113692290304 0.265783731165295 -0.0485581833160109 0.353069557038384
0.0325529294528236 0.259499575111304 0.121491418548447 0.341797160928613
0.0571818931316953 0.235193596172393 0.158024057017459 0.308401575287878
0.0262760494846272 0.237425107449762 0.129159050256813 0.331737038282319
-0.0620497368719125 0.260737888949682 0.0150787326917716 0.337866121067382
-0.196647198935728 0.173716551679602 -0.156903741340965 0.248790028657783
-0.222508334024898 0.0144775824705254 -0.218886368137794 0.0620959815566102
-0.176389359788548 -0.178255793161351 -0.128164815973417 -0.00672516732009275
0.0248692541961676 -0.331586805025948 -0.0159898635443925 0.0481930075741707
0.235327965716589 -0.311855015288369 -0.194633464347373 0.276052061493702
0.123664497109483 -0.17535950594971 -0.73778234803959 0.292588586803184
-0.0108715751681152 -0.196959049638094 -0.26166526629209 0.470900479529371
-0.100799021336893 -0.0901559445806134 -0.0166115082949872 0.197978432015687
-0.0848167767289912 -0.000749109402478891 -0.0810839218091467 0.0255666730386367
-0.0752580006318993 0.0428086243215289 -0.225342792213543 0.185119698352851
-0.05092770269597 0.0844173498888536 -0.0676746557054991 0.398033912419619
-0.0164489788938608 0.104930739100259 0.118650501625826 0.41297484895308
-0.016943813522351 0.101494935829202 0.164369372426197 0.373173913987147
-0.0260823406760359 0.10499705964825 0.126541782421554 0.378610900822153
-0.0454278081720596 0.0871493726538532 -0.0035055189396173 0.360030193361627
-0.0789001670404341 0.0291354272425948 -0.164507938906439 0.246809395679236
-0.0464388172071665 -0.0122549583475047 -0.191112869784131 0.0398428149980128
-0.0491386767954821 -0.0179983042769002 -0.0997264410630351 0.0198379013213423
-0.0379462256903352 -0.120206526090937 -0.0336409555262803 0.0832955473975866
0.0435983616853072 -0.168986328654702 -0.253684351848461 0.314476453581093
0.0938796754250862 0.0310761472042281 0.31870026503066 -0.351147154569495
0.0978882084762031 -0.0592057835324749 0.0170216251632867 -0.177724986266171
-0.0066820714312633 -0.108085359059263 0.0437113964500175 -0.0206180601299614
-0.0961296849408476 -0.0029739015221426 0.140585695596414 0.0116806146269803
-0.058196500569527 0.0737149074962827 0.198786983461043 -0.179185692047587
0.0145719479614052 0.0803188605058028 0.0677529737317855 -0.35115764825358
0.0614106278458615 0.0463165657839791 -0.073536305054796 -0.392739619540977
0.0826400842939963 0.0443015198585073 -0.134677781787024 -0.381656649465341
0.0726444192169423 0.0570443642533408 -0.10441695880566 -0.38736411527738
0.00876948017082996 0.115370169676821 0.0194674579003826 -0.356770307975524
-0.0781453539547508 0.105635615739299 0.149867751031072 -0.224308239336674
-0.137183257823221 -0.00902996767208287 0.0878226726761754 -0.0751932592707816
-0.0361825735504015 -0.157273760249824 0.0560315888400496 -0.228309930864688
0.129253422462263 -0.0848466478493304 0.246356575187164 -0.370830419209981
0.139241924477961 0.0239627897597725 0.690563924514039 -0.300675329138036
0.265834271742208 -0.0817630701041455 0.259009032610927 -0.346207294411138
0.155270227043701 -0.198855429808673 0.0294289001278884 -0.154266432649554
-0.0491440140635221 -0.227562812988886 0.0311817454877744 -0.0458375164964795
-0.208718045809181 -0.0257788186653953 0.110228588807989 0.00301124375157673
-0.170470449040478 0.151829055645629 0.167720291794783 -0.137175094378523
-0.0331115727599936 0.217845996107489 0.0830886189365456 -0.28972340748603
0.0856466415266772 0.188374571207091 -0.0357193402978881 -0.344183401653452
0.133763856949613 0.188781163369909 -0.0944314070685826 -0.330099935664008
0.109680102733018 0.211437784589127 -0.078793287452796 -0.315779655694199
-0.023528135700069 0.304799763327684 0.0044132392297716 -0.281310271586498
-0.229748091157319 0.24729703470937 0.0866404404735213 -0.184940397556811
-0.350588120237998 -0.00521277853436314 0.0179486654704394 -0.0754883188865769
-0.185327377641889 -0.369595992233202 0.015230988291074 -0.255278843539309
0.201487578647462 -0.368317393499977 0.228267983993033 -0.37134298899618
0.369811511631371 -0.173232809588981 0.614101777688906 -0.272972149949877
0.419003624062697 -0.188747628776842 0.135972390153872 -0.308795445706285
0.20461207823047 -0.345155160690429 0.019239495817511 -0.0968246384162139
-0.101207022689182 -0.350276498928619 0.0294132842635487 -0.0496794728138482
-0.324692807140939 -0.0511058892357974 0.0885686097876755 -0.0158177264218031
-0.277019702416322 0.220121458795263 0.112014999285207 -0.0971874584646193
-0.0831494591143309 0.337904392745796 0.0778027637332261 -0.193669087882587
0.0972562226835546 0.310150753748669 0.00395125917559181 -0.246587202998264
0.167099067418951 0.30323126620595 -0.0417326610525809 -0.230641923338075
0.133037365503901 0.32942530155707 -0.0368510836821557 -0.195163099180815
-0.0443028181431741 0.44994577222468 -0.0031702367025894 -0.157326240923759
-0.336303288755575 0.367101212336811 0.0143624532902419 -0.104680421086568
-0.514259441715579 0.0263778511170195 -0.0651124231639471 -0.05212900356573
-0.33473675579508 -0.505868995061238 -0.0457899888770475 -0.24417271697497
0.215581045832248 -0.595848239900582 0.177592893418895 -0.328628138405152
0.526401787904609 -0.34998835223116 0.465709064680735 -0.193731461233149
0.528518536617711 -0.280251884271879 -0.0451403187856481 -0.232408131989558
0.232895590853507 -0.486699368638742 -0.021981272692836 0.00285262583194204
-0.167918236907515 -0.464408454885936 0.027508078165498 -0.0224143881592344
-0.434297753305885 -0.0656470117925454 0.0628347240207321 -0.0298458376391882
-0.361937644252574 0.278619846404438 0.034091089039336 -0.044466807639977
-0.122232079075654 0.42405693907589 0.0534875137407268 -0.0637475347702238
0.0971102577510068 0.391760018516948 0.0426046685321382 -0.108848669215107
0.174137526870107 0.370327978053821 0.0190907496192817 -0.0954399304041568
0.135008385330081 0.393203440333957 0.014339786149256 -0.0473966365577232
-0.0549375248360653 0.521156109076124 -0.00120150116078678 -0.00510781813323332
-0.382709451325236 0.43234097891405 -0.0535027955465084 0.00739798828211484
-0.587263889265121 0.0638118260822698 -0.142665980663688 -0.00754095107339215
-0.429680281947187 -0.54088658543137 -0.103359316344157 -0.194209140990679
0.184104844831871 -0.713725395690943 0.111314887544339 -0.238988249056918
0.583310887445707 -0.462542677630097 0.277292366144222 -0.0728110548285837
0.565606609031284 -0.337053459229746 -0.26401553699681 -0.11831119234481
0.225711161627302 -0.575296992697613 -0.089418876386768 0.13953760616358
-0.222083088114176 -0.521231629630734 0.0168088496557381 0.0302570046793071
-0.491305725363365 -0.0689730169956052 0.0194111541452245 -0.0303096116431395
-0.393919454406197 0.297661756465614 -0.0612084037374402 0.0278152880542341
-0.13830689523591 0.447607596469402 0.0172267262956086 0.0898878863934392
0.0840550097172131 0.412518034600022 0.0745329953075278 0.0531602833535022
0.155164609288267 0.380858581466952 0.0753192878283102 0.054918084430728
0.111928728489547 0.393599363882234 0.0647951598307322 0.104725243002282
-0.0631597293891017 0.50472445186758 0.00891095312799294 0.145613994156728
-0.365034075950032 0.413296877754126 -0.10516629826698 0.121591989519731
-0.543416960221497 0.075792609766853 -0.198294341493643 0.0396049890494417
-0.423165895986569 -0.475979837603336 -0.138156972034307 -0.121056612365137
0.133643904160999 -0.688646000709572 0.0511825754645256 -0.124832169945284
0.540133807290971 -0.484248737745861 0.0817779046375715 0.0636539308182131
0.502943263271483 -0.338663107281115 -0.480746123699362 0.0214365655589371
0.179280303954222 -0.554582189537359 -0.166410857100239 0.280909092788503
-0.22971877977767 -0.473027888245456 -0.0022927387008578 0.0908768980878948
-0.445230095321528 -0.0564945348369426 -0.0346244743875703 -0.0184950394846166
-0.348023818511498 0.259268845781926 -0.152763139752911 0.104776105505538
-0.129291374992508 0.390703384374133 -0.0221160742742962 0.23840738388876
0.0612661592117918 0.365914212698824 0.0978670769711694 0.211499400994565
0.11188063943745 0.331972844652927 0.121021980132135 0.196429967652027
0.0713298609486482 0.337425047412539 0.103694020876963 0.235260271453873
-0.0684028102580849 0.406575482858686 0.0153172857226852 0.263691174611508
-0.297564267077157 0.31074443897505 -0.140280036791562 0.206415463440521
-0.402466880113315 0.0485018492128996 -0.222588809376955 0.064761052217318
-0.312904847110051 -0.342658677177542 -0.141816853524119 -0.0544181319172114
0.0848466213864879 -0.535866057839485 0.00778659180945614 -0.0226017696038548
0.412939096880066 -0.419398708186842 -0.083328686593781 0.184625920382915
0.348283111397362 -0.279941384580257 -0.650560803783676 0.1583960056351
0.0944407109020406 -0.415915829461225 -0.232282466576762 0.392901307188467
-0.182961200725261 -0.312892413410359 -0.0192060217504475 0.147696665696291
-0.293464721508616 -0.0320341344398894 -0.0753498163309062 0.00114947556567554
-0.230356068902176 0.16467258222662 -0.213839122491263 0.160741934347165
-0.0969755336432693 0.259005442680019 -0.0558110710037468 0.345531398548473
0.0253255550982855 0.255538635990852 0.108686383165215 0.337155485437795
0.0501226785343241 0.232481678312403 0.147952428852553 0.307716399221549
0.019957255371179 0.23466463218525 0.12014700233308 0.329089866528413
-0.066308799955141 0.254422420068761 0.00899983698837166 0.333018582987628
-0.197670024774502 0.166410220450833 -0.159120114902355 0.243604770066115
-0.217993219251591 0.00759068824840218 -0.216152079907457 0.0589945562237039
-0.167629664980883 -0.177943688504489 -0.122462857384838 -0.00983602685585071
0.0315342426932078 -0.324347866052497 -0.0187004449596281 0.0447516725372001
0.239145329736794 -0.299934867969176 -0.197905238208306 0.265162735909496
0.126504922255765 -0.167532143626535 -0.737356186202935 0.26846212023569
-0.00640677589978336 -0.192913006628348 -0.271069180922151 0.456663888277425
-0.096815304351966 -0.0907827539987659 -0.019701923364595 0.196936045270912
-0.0837592466949772 -0.00364945139535465 -0.0803481423036225 0.0223945482224201
-0.0747549817629214 0.0404130458640222 -0.225853937861179 0.178618032504302
-0.0524080670368451 0.0822973709444954 -0.0752627544043445 0.389275871145974
-0.0194844024060452 0.103277491458169 0.105408975374732 0.406454745643301
-0.0195324783931283 0.100148104392854 0.153500518908103 0.371856742433476
-0.0278645207272688 0.10355338127959 0.114139809432307 0.373314020935719
-0.0468955764827241 0.0835661646110654 -0.0086357381974824 0.353130538384305
-0.0788771462295969 0.0267488207537305 -0.165045225661053 0.240139953158936
-0.0441366519257999 -0.0134982484659321 -0.188520557252303 0.0361232347422878
-0.0462872879368099 -0.0173389895741309 -0.0953576606597745 0.0172300031616311
-0.0361472154886179 -0.11756181940734 -0.0378302882857083 0.0787078428417809
0.0459103302180705 -0.163703772179877 -0.257653756334419 0.301593927297199
0.0948183798202702 0.0342884049046957 0.336645108657393 -0.352199294043673
0.101081185948861 -0.0584800690807926 0.0252558249703789 -0.179642326597641
-0.00505608469554372 -0.112420428013114 0.0442786745926131 -0.0217104167428592
-0.098293796123072 -0.00566433115762203 0.143973105557478 0.0142713160160421
-0.0612636634114136 0.0746587294770244 0.205290390818352 -0.179208090042131
0.0143749819463775 0.0818081105469018 0.0763456567506175 -0.357655307230258
0.0616253325602108 0.0482467207870866 -0.06434650766377 -0.40175583472351
0.0829254869439586 0.0456435318086443 -0.126541674933651 -0.393546049738383
0.0720972472338918 0.0597625454161975 -0.0965323004884059 -0.397495385314949
0.00699199826566878 0.120324209578564 0.028746939365938 -0.362937243277892
-0.0811810456413125 0.108677345629337 0.156695683091519 -0.224919366435832
-0.140140397995182 -0.01214966677577 0.0906580155292418 -0.0750971733141488
-0.0337328465700984 -0.162751642324521 0.0601854268450123 -0.233656792348093
0.135777602887679 -0.0838017360321475 0.263492317277861 -0.369858043453171
0.142159390368523 0.0281009102947457 0.715436973159322 -0.287259082648882
0.273201006652209 -0.0756820784529298 0.27560550140077 -0.34750331042195
0.164811327982857 -0.197681541182072 0.0387752865715604 -0.15574841501888
-0.0449297303681048 -0.233886879972227 0.0323591694866474 -0.0474314252484154
-0.2116138429399 -0.0320461562946549 0.111630449046794 0.00335397913526959
-0.177741543709598 0.151608214816492 0.171785129560036 -0.134751257974645
-0.0380634017337296 0.221017404453982 0.0914132254994382 -0.293777229592166
0.0832713609197414 0.194776332247005 -0.0284302127008186 -0.351176618288285
0.132211326490773 0.194971599984364 -0.0879443671987848 -0.340350538354114
0.105248025499306 0.218193180190807 -0.0702900550919234 -0.323886138724586
-0.0305881565181681 0.313233135959009 0.0127722306764302 -0.285412710155028
-0.23777909439383 0.249813341347082 0.0902298807455594 -0.184045704260368
-0.357514224852994 -0.0138588552411137 0.0197590247386929 -0.0759649419078677
-0.179364707791305 -0.3821936201713 0.0195713701289343 -0.261610579693729
0.218325575804048 -0.373258439977478 0.246113900882876 -0.372574204742055
0.384180523542542 -0.167068076231013 0.638023873711782 -0.260668599693713
0.432525157744529 -0.180569145211537 0.149519244234453 -0.31343304520217
0.217811017924627 -0.345636440075119 0.0281779078688541 -0.0980299526518672
-0.094204646721613 -0.360209101037567 0.0317272224400367 -0.0509500947643764
-0.329133293402692 -0.0595049924895955 0.0890953571267172 -0.0173767264238704
-0.287427084619216 0.219298472518397 0.114005980971458 -0.0950673907596063
-0.0909109489043038 0.34352376281196 0.0841895516396727 -0.195626102273837
0.0920838913575023 0.319225404769081 0.00886071525482066 -0.251314394857184
0.161544534890718 0.313096439071313 -0.0359385739737404 -0.236583164810893
0.126696941906253 0.33972537475572 -0.0304682473910647 -0.199536378547881
-0.0546639804224023 0.459484756119571 0.00181025207881897 -0.158307884888016
-0.350347460240328 0.370205018211946 0.0136637877714508 -0.102363968018928
-0.526407012141559 0.0144663438858691 -0.0648866778699226 -0.0530817333065163
-0.33086235275394 -0.525865997357285 -0.0413256555215536 -0.252218194524179
0.237596167631671 -0.606057027978321 0.19220016913881 -0.33199376518489
0.549180972006819 -0.344202259491576 0.484800818820612 -0.185729687799464
0.547259425348968 -0.271370284513042 -0.037735296088128 -0.241134619745253
0.250643240675364 -0.489584943297781 -0.015888373789818 0.00275328970378952
-0.160083824997578 -0.47603098867687 0.0297911769030888 -0.0220049073823885
-0.440128579259567 -0.0786194093230483 0.0628096061368194 -0.0329546209294475
-0.376027826477309 0.276259903422583 0.0331906955910534 -0.0417107326366092
-0.133257961712993 0.429994241767689 0.0565374977718318 -0.0634571456558941
0.0904954793391348 0.402837131702769 0.0436175240240996 -0.110419553124463
0.168389075227073 0.381099640122937 0.0212444126901403 -0.097018061373088
0.126866626356419 0.404680675684134 0.0184615722159594 -0.0476554122373128
-0.0672601756685403 0.53317983941164 0.00121102104619698 -0.00296272191495709
-0.399498836184796 0.435387828411659 -0.0580849087900786 0.0104467024026719
-0.600191172983254 0.0500846240990952 -0.145519497640093 -0.00792920921362767
-0.424646797715783 -0.563760936424432 -0.0996133251149869 -0.20252954881395
0.207136491447257 -0.726797871512216 0.1211898797036 -0.24227906317765
0.610817768065929 -0.459203807239249 0.287636700056576 -0.0674340899405535
0.586381926419954 -0.328640581539379 -0.26567501028028 -0.129836044122097
0.247422078614875 -0.579922366809626 -0.0890467443846103 0.139988543114181
-0.21483405848872 -0.536266950478204 0.0184581522620011 0.0327639832996364
-0.498648140229444 -0.082273039687677 0.0188890543831154 -0.0339564399185939
-0.407711893140418 0.29546836162653 -0.0653116803644906 0.0299507549407987
-0.151538546851992 0.454819762897578 0.0160771201326867 0.0925936802880342
0.0777018534107075 0.423768773472229 0.0720775109479536 0.0548652003830258
0.148007054670721 0.390882000868056 0.0755354541487174 0.0579728216143773
0.10369987213919 0.40617006832827 0.0665513903432323 0.108536936386556
-0.0740115008171887 0.514867070619598 0.00854049837726451 0.150784761415624
-0.382427689785055 0.416851911236844 -0.113271837180615 0.127008658975624
-0.556399155458661 0.0626703782692581 -0.203595233431395 0.0393189742603425
-0.419180872353667 -0.49578680540387 -0.136437310251096 -0.128848135827774
0.153202807463799 -0.69958263543901 0.0555877244137087 -0.127132718921402
0.565960887031502 -0.480674852658684 0.0836288813433715 0.0657565571018928
0.522791645691481 -0.331817763991324 -0.491961486143119 0.00597997074389354
0.198226789107757 -0.560799323753879 -0.172619240919622 0.28217647280039
-0.224348684376459 -0.487295361866552 -0.00177323215396251 0.0952131703141978
-0.452924063702805 -0.0684086219499104 -0.0361360806171971 -0.0226655241555767
-0.360368359877556 0.257417736781862 -0.159540740147139 0.106964541132239
-0.140687959739103 0.397648896410306 -0.0270059910658773 0.243532443341446
0.0538088271484255 0.375616877428723 0.0916632478528782 0.217052148553716
0.105768885655714 0.341093096709841 0.118565135897359 0.203402007098258
0.0630415356864417 0.347496509446001 0.102480905279934 0.243470081675543
-0.0785265482583124 0.414385178088901 0.0124842542124865 0.270941394945186
-0.31141218344922 0.313659116194969 -0.148204671188593 0.212257462619922
-0.410272469582957 0.0393525961663769 -0.228794893718203 0.0642085627101858
-0.310835926555357 -0.35603132234573 -0.141129223410945 -0.0603217824976548
0.0980058499984342 -0.546331891588788 0.00761329872813382 -0.024334111005121
0.435234986263563 -0.418296233832291 -0.0889736254001376 0.184140113276094
0.364490690637166 -0.275494148914777 -0.671534549842366 0.142838005693868
0.108330882267325 -0.421180840406242 -0.247128342198402 0.395084826682203
-0.178272054384356 -0.323138775233607 -0.0207815445404532 0.152912272149873
-0.298027431111142 -0.0395804575520719 -0.0774926361194392 -0.00280472849264674
-0.23899537903351 0.163808996714557 -0.221958341696073 0.161778310995841
-0.105782141699132 0.263013501840052 -0.0633072807239272 0.352440071808983
0.0196673956863357 0.262748699920266 0.0994596646720272 0.346239134538895
0.0439272927413179 0.239118191477484 0.144249582474837 0.317526321267722
0.0142332887567348 0.241593105503357 0.115972442625777 0.338112509569058
-0.0729028353693727 0.257422863742599 0.00456814212193765 0.339642502746152
-0.204846926271946 0.166232980404218 -0.1674769437223 0.247836176204302
-0.220832777506754 0.00151128920777634 -0.222077372117547 0.0582456598197808
-0.1646385931335 -0.184274195225399 -0.12237971379882 -0.0132558822405056
0.0378451805404015 -0.330524523966185 -0.0226905098031078 0.0432774434911322
0.252962415277996 -0.299862768699477 -0.209598860899829 0.264088691918328
0.134471186253726 -0.167019635006065 -0.763437427385641 0.253790044762693
-0.00107829718806139 -0.196611334356179 -0.290620396115827 0.460746781914488
-0.0967375197271451 -0.0936246739807795 -0.0222266794632631 0.203271116154407
-0.0850266300181862 -0.00641140110659523 -0.0823418690362385 0.0203275454602119
-0.0772972826161171 0.0393110314577978 -0.234651499162103 0.178468079983921
-0.0568346943550889 0.0829848249670084 -0.0842534292557105 0.397327355286557
-0.022929358374986 0.105956362314542 0.0948363241714278 0.416993980309845
-0.0236240704856083 0.102911694970307 0.147745103923988 0.3827003819314
-0.0303299112156782 0.105368784773837 0.107460368127799 0.385826992917816
-0.0500076516888225 0.082907811917364 -0.0154094663311428 0.359739395577905
-0.0819548913949807 0.0254591332533042 -0.172200628995594 0.242833314953327
-0.0438085834923279 -0.0156273957063149 -0.193197139173948 0.0344600371898687
-0.0449167363769535 -0.0172312932635588 -0.0951709961777861 0.015516114656118
-0.0358441045370253 -0.1193170236008 -0.0439672116111154 0.077796208547596
0.0504929594969967 -0.163982737366927 -0.270898537207202 0.299425339189912
0.0994649770241784 0.0364938179528918 0.358489222034321 -0.372431217229469
0.106545145701309 -0.0619832821718808 0.030499943674931 -0.188518062461869
-0.00618841837952768 -0.119684036075935 0.0462102889579867 -0.0249599585203046
-0.10414226854643 -0.00516152799610719 0.152121150646537 0.0132104735926768
-0.0646877516501275 0.0802116208425205 0.214423681690479 -0.189223870598525
0.0166269588509316 0.0854045243769672 0.077351974523653 -0.377262042561476
0.0659110055674936 0.0509613937332776 -0.0671888459985274 -0.423420609109021
0.0879948203789033 0.0472604945184345 -0.133856572994352 -0.414978766569811
0.0749912974051886 0.0622755277867413 -0.0997600475214278 -0.419144311947234
0.00927255861947968 0.128085520202259 0.030097236872421 -0.382168999144519
-0.084061485896566 0.115714941048949 0.163807718968657 -0.236183832413744
-0.148350896176715 -0.0119846837655671 0.094642165175549 -0.0797753501502298
-0.0366648412124512 -0.172205254282279 0.0604456037294048 -0.248015728395593
0.144440100580929 -0.0897343578336964 0.280125765795463 -0.388324023175306
0.151254723777155 0.0299578919558034 0.75906527258867 -0.302202705927636
0.28661420888669 -0.0791680196287853 0.294626324872447 -0.369692599148605
0.174140295299746 -0.208333503616527 0.046307778153559 -0.164149738007591
-0.0477537687167685 -0.24746926397245 0.0341336968935375 -0.051078587672444
-0.222933033551552 -0.0335479178733668 0.116913352761371 0.00119263704343406
-0.186561404283525 0.161457658933968 0.178713860147467 -0.142494522345524
-0.0385624539752132 0.233142324625004 0.0953067350038758 -0.31011463058072
0.0896326766095139 0.205269185477006 -0.0309223708712272 -0.369973256948485
0.139802886089125 0.203616207579914 -0.092161044680237 -0.359430112653723
0.110425861897235 0.231037817941296 -0.0729468573834326 -0.341015466184202
-0.0296417288950363 0.332244839036471 0.0137062200677979 -0.29894360029262
-0.24927886723708 0.26574494814808 0.0918677937025168 -0.191889510373691
-0.377253545128141 -0.013785859477742 0.0206257180233954 -0.0794411470846945
-0.19224303326176 -0.403107725289402 0.0193666796094274 -0.278003584765526
0.230052418288252 -0.395353195827312 0.263075716490601 -0.391532247725411
0.407055739290025 -0.177126334285339 0.675828406900143 -0.27509970295176
0.45446920795285 -0.190896563114878 0.161121953618263 -0.33287370848688
0.230801606540253 -0.364177402238953 0.0367783934821076 -0.103647651587184
-0.0989546199701456 -0.377635628290464 0.0342492942723125 -0.0545319735145776
-0.34632057267031 -0.0628980969373427 0.0923257487768334 -0.0208232596921517
-0.302933241214707 0.233853881423143 0.118495609751244 -0.0981310955834794
-0.0944646129696095 0.362640082293662 0.0882216015638823 -0.206602528432917
0.0992491623069739 0.336921641448118 0.00750087965444922 -0.264656151464453
0.171017558177755 0.328479908640477 -0.037219918357463 -0.249797647534913
0.132238504797713 0.359080356748036 -0.0292266158124312 -0.210507537575764
-0.0536054299872597 0.487891361126408 0.00388812349778923 -0.16519190031848
-0.367085078804883 0.394011552347337 0.0113604363690701 -0.103731801255362
-0.5546441408656 0.01595320483503 -0.0680343569117636 -0.0538637827962523
-0.348816447934899 -0.554354297142644 -0.0446077394881225 -0.26788892405664
0.25073197415041 -0.643007706732912 0.205178647868111 -0.349907467998843
0.582619121133178 -0.3656897817397 0.515213873820473 -0.195712985049373
0.574381962333755 -0.286848512067766 -0.0374490196390968 -0.256330506375443
0.264774212346222 -0.514541216119949 -0.00876591374491328 0.00179973095963839
-0.169308134072543 -0.503001583533522 0.0335461183390976 -0.0232660136439589
-0.464159956082849 -0.0829437057701594 0.0641038130850072 -0.0380276274121586
-0.394544271405952 0.294024844079569 0.0334846699372309 -0.0413701002323381
-0.139002354185022 0.455048793732935 0.0603075339011993 -0.067004819217869
0.0972469421551486 0.424920348306355 0.042952480384417 -0.116149797384959
0.177635448654307 0.401424418289606 0.0228517856524449 -0.102367295103976
0.133473966974305 0.428106887374172 0.0226563904715339 -0.0499855636820182
-0.0666295870530342 0.563842990798673 0.00430650830983649 -0.00111121447550219
-0.418950073311827 0.462999697477198 -0.0640153972558632 0.0169585612497106
-0.632288076160035 0.0537236089857795 -0.152793990098023 -0.00533337354591974
-0.450309741867999 -0.594197302924432 -0.105545135010443 -0.215462668599187
0.217168038420189 -0.772097673272724 0.129267971532658 -0.255676619455367
0.645909701645218 -0.485698788201195 0.306118139407847 -0.0730083505537069
0.617387769435629 -0.345401693846531 -0.278622501052377 -0.138794053820257
0.261024771793109 -0.609077153469078 -0.0875478578216741 0.146686759429164
-0.225720391450511 -0.564763860274912 0.0224911886096951 0.0354382262381206
-0.525763936686305 -0.0866593100902578 0.0180694099662353 -0.039618294254296
-0.429398105655737 0.315135982172669 -0.0699625206094273 0.0352026059420813
-0.158714583781693 0.481311209541026 0.0177563183957085 0.0980197870546153
0.0836833383418735 0.44695370066969 0.072251353117699 0.0577155884825871
0.156288250405982 0.412116567738246 0.0802087257246293 0.0610330496347749
0.109364656874489 0.430648135653146 0.0733668812732063 0.11469275615926
-0.0753939973347942 0.546260732442117 0.0123116548474843 0.160410220469615
-0.401488275886135 0.443383608332864 -0.120414531255876 0.140405773906224
-0.585627506354048 0.0682156370830706 -0.213840629732691 0.0458278626697912
-0.440694971917794 -0.522894487405165 -0.142682021206189 -0.137001784711252
0.159223570267647 -0.742192699945513 0.0585872426709904 -0.135966378858338
0.598073021711318 -0.509818955044337 0.0902778537987845 0.0668043260060042
0.553144480137348 -0.350613681175416 -0.519895234111961 0.00550761722296576
0.209849089538309 -0.590340261430299 -0.178672108995879 0.297975047289476
-0.236552174052979 -0.512678682265272 0.00131671675702417 0.102392877020443
-0.47742921430462 -0.0714218179126869 -0.0396810232737589 -0.0266086424433328
-0.379501232528234 0.273190437241934 -0.168167135383261 0.115932749224622
-0.147298867646434 0.421208562592774 -0.0270894090440033 0.257809164114862
0.0593130101696016 0.397585484886439 0.0938156498387956 0.228442115811531
0.110959062368419 0.359216729509804 0.126158912161753 0.215062610203696
0.0675040428268054 0.367602518682414 0.111052840014262 0.256175268946588
-0.0803427031922907 0.438081169892635 0.0170309734795795 0.286371770886034
-0.325559525524227 0.333992588873632 -0.156595238108786 0.229329290462265
-0.429622741221329 0.0410357736571708 -0.241134152047496 0.0718042087507075
-0.326566882286817 -0.374559160240111 -0.146725116675177 -0.064438887963803
0.100665806755198 -0.577053606705062 0.00652156029777078 -0.0271656860918503
0.458456609743456 -0.442874011586683 -0.0926074283161611 0.192134644007281
0.385633426335831 -0.291061175952852 -0.711141607822449 0.14914998671505
0.114770145230508 -0.444243614624762 -0.259062057971432 0.418001497072638
-0.188401146250111 -0.33891691496195 -0.0189601194049378 0.163809791399046
-0.314955408027183 -0.0423324032713073 -0.0823358787547577 -0.00420510641804305
-0.251218642504235 0.173257862025816 -0.233158116160819 0.173289386341221
-0.110718908459646 0.27984865408346 -0.064504945999711 0.373179373564815
0.0211877484744039 0.277451307515901 0.102874906120077 0.363816953980547
0.0458648431507611 0.252656884191751 0.152157606028928 0.334465473665166
0.0150718418572717 0.255327727103088 0.124465433168735 0.356251302533553
-0.0761354914749887 0.271622717717646 0.00844687788401986 0.35811698950893
-0.215508325939972 0.177462128851566 -0.175276916404562 0.265159987334632
-0.231276259959833 0.000923024629484874 -0.233547491047601 0.0653296352728438
-0.171400586280728 -0.191677295985739 -0.126388977253791 -0.0142950485702266
0.0375818235397565 -0.347275142333498 -0.0262244754324093 0.0442032533159463
0.266693864052532 -0.31655575323652 -0.220342954054362 0.276190021595752
0.143195257035061 -0.175994441046502 -0.809904004829687 0.267392687568408
-0.00168097965277899 -0.206325787605788 -0.308175138850176 0.487578538330788
-0.101556436911931 -0.0972364264324988 -0.0209264583734235 0.216658887819601
-0.0898371611631644 -0.00760967247948198 -0.0854790066078571 0.0207258240560039
-0.0805703896958543 0.0416337636757263 -0.246547488275281 0.189695884006132
-0.0608734789213864 0.0895851566894588 -0.0879195217620718 0.419820777825106
-0.025292608599879 0.112859427410108 0.0995537185461443 0.437905036808049
-0.0256551915222302 0.109613920020161 0.155189981765242 0.404229595089126
-0.0314841932883551 0.111761207609129 0.113678811857212 0.406557489295509
-0.0528806803312936 0.0860592231470886 -0.0128219772921714 0.379505258865509
-0.0869502499749374 0.027264571267659 -0.179072802846056 0.258141473036792
-0.0448925373204444 -0.0178365602409225 -0.202863797357236 0.0396796575638673
-0.0455639253605478 -0.0158405769998145 -0.0978051171519941 0.0165875383943082
-0.0397840521403233 -0.123386049656763 -0.0490521223494799 0.0808763067240641
0.0521575059446537 -0.171769068859738 -0.285247599957365 0.314462293110662
0.113416525625738 0.0284385820379264 0.307616509793637 -0.456836073064194
0.105147265454809 -0.0814587653311059 0.00117331655961436 -0.199930277644066
-0.0276386748502438 -0.126920400615935 0.0478036379621876 -0.0303285458079348
-0.111151916665015 0.0118180884365676 0.166599611877903 -0.0181235260441295
-0.0530588694606254 0.0981136940118376 0.190622345949794 -0.243707156591212
0.0328397549782363 0.0887986621500919 0.0134596260232218 -0.416224961091277
0.0784376012052989 0.0428760272113268 -0.148732748800431 -0.441921809912645
0.102477428367891 0.0346798021119674 -0.20761085014186 -0.412766786973107
0.0897438923785644 0.0514181687497798 -0.17490098277966 -0.425687662285032
0.0349694164751068 0.134395243037787 -0.0301583055324227 -0.405025464221555
-0.0650189532529467 0.136875491376391 0.134060610037846 -0.27557565596311
-0.157814746473446 0.0116839264848913 0.0886476140044855 -0.0978139692626032
-0.0679824980263387 -0.172947006598961 0.0166792080351316 -0.269732919034281
0.134413856411267 -0.11394813783434 0.230896557554276 -0.458152415013297
0.156042624730549 0.00503545294893739 0.755597669407059 -0.439138832578035
0.292470926356057 -0.130200381623641 0.234353967799843 -0.422120884256107
0.153474438224301 -0.24622784441522 0.0242687430554444 -0.170767287161953
-0.0908080289433836 -0.252967940830439 0.0369557790505338 -0.050418163064636
-0.239394058217608 -0.00172225405553784 0.131849876170421 -0.0223316160236838
-0.168040408241062 0.201014983409629 0.167862132778891 -0.191568310264983
-0.00218540869247903 0.252869040238606 0.0454712164977333 -0.355215333759712
0.126228072117285 0.201539685000767 -0.0994209868967626 -0.396172556165634
0.18085376455419 0.190501018176474 -0.155172738586928 -0.362161942646204
0.154246485796149 0.222167354628758 -0.130050592307876 -0.348699878627788
0.0271029984953455 0.351500616105889 -0.0303408843326589 -0.315807739061185
-0.210973146075236 0.319806141159375 0.0691188080229812 -0.21632192646502
-0.395846928107229 0.0447284202049535 0.0136440099587926 -0.0823853617270994
-0.267792058149105 -0.387471079809673 -0.03307596346255 -0.29024214291451
0.174833357948564 -0.444861138047669 0.203515798688367 -0.459668896754777
0.388062864116025 -0.251007601783192 0.675201995520703 -0.399067492018696
0.451941003943994 -0.280559459336335 0.0961910843970584 -0.343675587012038
0.19098941553309 -0.419723033899733 0.0274431602369599 -0.0987560069654251
-0.165951658819004 -0.382510474967393 0.0445665778695487 -0.0477316735826755
-0.372023022067108 -0.0149948811101685 0.106970690539126 -0.0409433860934366
-0.278320393693228 0.293365470124544 0.118477098169356 -0.137312986213807
-0.0412445164457814 0.39713559758913 0.0583455774765397 -0.251469998921387
0.155820380687962 0.339176368485831 -0.0390047153203917 -0.293328222094026
0.233403610523915 0.316083051427732 -0.0806080839856195 -0.256838740884776
0.197400102371559 0.353649344242782 -0.0615594561389565 -0.219637677358635
0.0254437097988188 0.515548112745662 -0.0152626788308226 -0.171914108156678
-0.313543357822994 0.470899889477468 0.00133925382884852 -0.109439427194584
-0.574048566857563 0.101448654964215 -0.071957224955057 -0.0386451126251652
-0.456946169686981 -0.51729676941638 -0.0976253361381007 -0.26588012010624
0.155248444215844 -0.704960082649015 0.144226000832114 -0.406487139531123
0.539366594429216 -0.472707134762507 0.516911650353507 -0.29374388004908
0.563577175697897 -0.408148526845285 -0.102550871602911 -0.212332137400673
0.201974268925878 -0.586286578715191 -0.000500138133769133 0.028156078781269
-0.25904844822715 -0.500894043739923 0.05766981129534 -0.00887350659256539
-0.497330981495522 -0.0177793854589831 0.0803402739768385 -0.0540080528809906
-0.36485731350539 0.369433551372834 0.0441260745862225 -0.065058604426201
-0.0724503382484434 0.502275917004942 0.055829905463479 -0.104368520845765
0.166655348262379 0.431344694710343 0.0261887079575662 -0.143968937898413
0.249055222566041 0.3921310616596 0.00582752993208319 -0.113190949756105
0.209723955823574 0.427817264248174 0.0200103257333163 -0.0591947732458471
0.0235110200112489 0.598773468186772 0.0138261362560499 -9.67806335313308E-05
-0.355254763825485 0.550959912376999 -0.057074200759312 0.0302932137867441
-0.648879577583468 0.152761951347658 -0.150287380623623 0.0277806897053659
-0.568156725727676 -0.540685979393319 -0.152726992711495 -0.197313154896007
0.100208705354798 -0.832701075373071 0.0757430429090871 -0.29575681900446
0.58799858472876 -0.606983324347343 0.315448550394076 -0.132257315293923
0.598424186050608 -0.484261207501077 -0.33770463557519 -0.0373798872629775
0.182519620921875 -0.690349601913784 -0.0562777965344183 0.199308777176724
-0.330093200839167 -0.55891247621049 0.0630145685766127 0.0577716267288445
-0.56387513846077 -0.0126839442375304 0.0358214726369092 -0.0462883295968179
-0.398601928483688 0.395243491619272 -0.047031742556976 0.0328521834268814
-0.089272471848761 0.531887084579567 0.0414022972449819 0.0762585056411721
0.155348116586886 0.458672424237512 0.0893888427157124 0.0359424853129988
0.227574966709756 0.407912431320063 0.0927214238136362 0.048206552610093
0.185245892991438 0.432738472648718 0.10090692475453 0.105956477612999
0.00945007004207739 0.579861902166124 0.049275506502688 0.167889131814011
-0.341324666192572 0.526641796969092 -0.0960502275265735 0.170122411999652
-0.598429098303377 0.158338568786095 -0.206929122898209 0.0916138368975538
-0.546483792149454 -0.466885015892527 -0.176201864583785 -0.109121374953904
0.0450157964485327 -0.792765859328082 0.0204418427845808 -0.155899139639746
0.535221735368854 -0.623652089320107 0.108354543107055 0.0498416930270703
0.529767139570908 -0.479190193536878 -0.563246015708313 0.156430660244902
0.130356587887047 -0.66237249860263 -0.127056941156807 0.373976266481638
-0.332020181026541 -0.50253864412927 0.0522602629100276 0.129778194706305
-0.511415745181843 -0.0053998315833817 -0.0237374774805363 -0.0223398704842883
-0.354584674606259 0.342197677067589 -0.137888913822489 0.138083447967334
-0.0881613146096426 0.465725947291009 0.0226956025512955 0.255435833392515
0.121613499812731 0.409344429742778 0.14346536938057 0.215195067573331
0.16956762131361 0.360387623217517 0.165708739017069 0.201252959849723
0.129235521578145 0.374238961457864 0.163253717356608 0.24983605367799
-0.0147343402069493 0.469036936929799 0.0741878078099101 0.299009969626149
-0.284001998108601 0.400381068258776 -0.119395091720218 0.269459640571453
-0.440110161337215 0.107138910045594 -0.234159479690915 0.122619791370306
-0.400307081739145 -0.33111728710806 -0.166597404200728 -0.0356717670031291
0.00968107350574606 -0.612735061926064 -0.0128145624435127 -0.0322328213815896
0.404261150523715 -0.530856545187713 -0.0659919413426007 0.211846936520253
0.361819543442434 -0.388050259653091 -0.736320996585445 0.327443949022345
0.0507558888021944 -0.491580549938255 -0.193533087478892 0.507344113006725
-0.254271891749172 -0.327617590722832 0.0336495917254456 0.191404424189509
-0.336876414495025 0.00150222629755047 -0.0717368280593425 0.0101256376525828
-0.237410394140883 0.216628736353374 -0.200329635911892 0.215832637232
-0.0737688510899479 0.310546288433172 0.00135681238884738 0.391294651251949
0.0624768504235583 0.289329160933165 0.177455462426491 0.361028196948731
0.0841520889800988 0.259188109515467 0.212606238767793 0.322547485797475
0.0555090000216718 0.265430135233711 0.193072445194631 0.354037199716555
-0.0382035676783147 0.293189005081778 0.0743878782679347 0.375703690740198
-0.196285185338006 0.218416977235111 -0.13511229235278 0.310412372148378
-0.238785208475242 0.034012667038214 -0.231255909627629 0.112595200585932
-0.207153773422667 -0.168561428784246 -0.135151767687131 0.0092734665926642
-0.0180650033536233 -0.363966550677903 -0.0306369469885451 0.0491227921311653
0.224837414378857 -0.368892722015747 -0.187359843090756 0.322505261649688
0.123938358028747 -0.222837342839906 -0.812838686932522 0.449624971455634
-0.0359395429480838 -0.223214165572548 -0.238011719388286 0.579637437291698
-0.123482331143453 -0.0872595101954046 0.0279802583801579 0.237616840178237
-0.0955101686971542 0.00393502433543101 -0.0797910369959825 0.0366935495523573
-0.0804164300115783 0.0518192399504365 -0.21889133984224 0.243328089143595
-0.0516060141073591 0.10241528789517 -0.0166914719865273 0.453600933569318
-0.0112891312447882 0.123513551100224 0.185980308876714 0.446453601324907
-0.0133550304542679 0.121384380262998 0.228107435398669 0.396665836914005
-0.0178734971002364 0.122443821015437 0.187587405633607 0.407603091874227
-0.04510725870657 0.0957549607015242 0.0523557603420956 0.400884386239372
-0.0881949572298007 0.040247347485029 -0.142040823458813 0.30241512450875
-0.0477716076797972 -0.0132784503079451 -0.206534573188403 0.0785107204677666
-0.0468864691636286 -0.00798325776871783 -0.0977655900857423 0.0343281115330858
-0.062079536781066 -0.119564071720244 -0.0440253466099962 0.0930474478782781
0.0286026153801567 -0.184445946010585 -0.252324455897098 0.374702434041849
0.118788400007001 0.0201877231287045 0.272843091501228 -0.497437840938483
0.0995083073333956 -0.0929263583060856 -0.0121405585076355 -0.206354469746342
-0.0416559915377358 -0.12792160978361 0.0450274138611042 -0.0374582909237338
-0.113571213988361 0.0229453071458988 0.168075041819684 -0.0363778789045586
-0.0446967573737191 0.106790826120114 0.168988757984598 -0.26772323239604
0.0417864205259175 0.085790534233498 -0.0283428040062912 -0.426613415681974
0.0845176186468771 0.034659999580962 -0.194607142206442 -0.437625763111066
0.107687643574473 0.0248689340850835 -0.24973615870895 -0.403196300514472
0.0957283800776276 0.0446916918881891 -0.215881311592023 -0.418345719526201
0.0507270767799873 0.13444574325038 -0.0673653223003103 -0.409288293609939
-0.0517091701902998 0.14645850022219 0.11113030794414 -0.292624825764719
-0.160259182028189 0.0270901341450938 0.0809219004999211 -0.107665463383038
-0.0865712408087982 -0.17045601280505 -0.0111935344405318 -0.277198845277398
0.127546895575933 -0.129846811997636 0.196335416354848 -0.488113447180351
0.160519937265389 -0.0085495146137211 0.733276737750776 -0.517803383166654
0.285466437940224 -0.158513693005627 0.203309829172268 -0.455093850446007
0.134880473356425 -0.265266643867873 0.014927200464783 -0.179454123815486
-0.116447650846529 -0.250505619149198 0.0326881855759682 -0.0569790545378331
-0.244347980540083 0.020444576480815 0.13105958784076 -0.0373111842201177
-0.152319327260981 0.223114928586911 0.15194066312739 -0.210238277321841
0.0218903013228161 0.258375935382354 0.0115871079919751 -0.367664176754954
0.148174541999346 0.193555620607277 -0.13765048653639 -0.3944128944512
0.201406142084585 0.176777000421999 -0.191170473546368 -0.356782710083681
0.177252343593891 0.214007008100211 -0.162717117881208 -0.346023400127762
0.0625304151528351 0.358094459233656 -0.057876221941018 -0.317330955731625
-0.183923103226755 0.348121044761151 0.0495850963406679 -0.222973322241098
-0.4000916861623 0.0817973429590072 0.00637839652543589 -0.084446966203326
-0.311825332647184 -0.370489180589144 -0.0639155328670584 -0.295059432227041
0.13695510823291 -0.471338267497778 0.170654695600881 -0.488695288088709
0.374260763156479 -0.291647984241765 0.655883035573057 -0.472919992753005
0.433845797077252 -0.326649328042508 0.0686208591568894 -0.36322498732735
0.156936915685859 -0.445404991369949 0.025153991136265 -0.107161156602691
-0.202630686120475 -0.375528637847378 0.0409658510112113 -0.0548004047952316
-0.38061652718169 0.0174231661756055 0.10313164159009 -0.0544632209726894
-0.255875097045411 0.327159923065455 0.106661082133393 -0.14930955830038
-0.00378992919513642 0.411213400120917 0.0363686295834875 -0.26254481471426
0.191218838508513 0.331080322839615 -0.0675770219974535 -0.295564254689609
0.266334110990622 0.30136651613389 -0.105408994310035 -0.255816642852446
0.23430013309626 0.343840392303451 -0.0797153149713531 -0.219603153833814
0.0775210300976298 0.524308620618558 -0.0284250936054901 -0.172969268947014
-0.272577364732481 0.512133373104637 -0.00994093171664335 -0.105722043249151
-0.577411606642734 0.155952833441918 -0.0761590946076763 -0.0309218473686891
-0.513902867555393 -0.485085491236673 -0.12688505264463 -0.264296656869779
0.0924149819434484 -0.735014274383602 0.11233901440092 -0.431046991280529
0.50951548417272 -0.532650233865713 0.503740240133022 -0.349956538952715
0.537351348930471 -0.468196375880616 -0.122860833180993 -0.211074362848568
0.154175507797017 -0.615955833519681 0.00896951931547124 0.0249945805893799
-0.308937553862838 -0.487083152116854 0.060639842982914 -0.016185587118198
-0.50912605674356 0.0271512309460252 0.0748928945354356 -0.0649979604020985
-0.337392940166653 0.412682746380861 0.038894751111169 -0.0683759555459986
-0.026471900672292 0.521137416560467 0.0479419071271461 -0.11124305837985
0.211827241843825 0.425845006645205 0.0117411870308643 -0.148027128588233
0.289612662209788 0.377385474321823 -0.00332484026211574 -0.117243135581546
0.252437685458373 0.41925595307812 0.0189964221111932 -0.0640454320497598
0.0824923249931438 0.609933359390775 0.018535864921433 -0.000763719823675357
-0.309889906259092 0.601667566130409 -0.0548591603323816 0.0437362925497043
-0.6491033643274 0.214201929108307 -0.150561419005429 0.0446868688073865
-0.629507671834932 -0.498711342282402 -0.175444649402282 -0.190163559171889
0.022245819203216 -0.861491162351662 0.0516781825912329 -0.311179204223609
0.545423521398822 -0.674546610440533 0.310321828107774 -0.168330841362843
0.56485761115532 -0.5481832539444 -0.34645007200642 -0.00964881586069142
0.124110062012629 -0.719620845598953 -0.0330829158170169 0.205433450735744
-0.386922651872622 -0.539464225806818 0.0734810924266303 0.0524394196072897
-0.576593523658303 0.0392454356464266 0.0307925789086433 -0.0541857525706962
-0.371423137290046 0.441122870466186 -0.0446152796965119 0.040671418756862
-0.040044623293819 0.554195061354602 0.0509679090440344 0.0743320109650452
0.203178153997989 0.453823487839386 0.092969571513116 0.0301752598007135
0.270184101888019 0.394763739079435 0.100366584795363 0.0396661159368409
0.228651026597331 0.426625691900721 0.116059423565336 0.0973682590716897
0.0666220208330784 0.591739334037823 0.0707218659537515 0.167052327801203
-0.296048543796811 0.572660142209532 -0.0808156154118597 0.189586627267673
-0.593822837114075 0.215400590612631 -0.201215322505532 0.11626670361781
-0.597741338676775 -0.425851709064704 -0.190627701380931 -0.0977835707958536
-0.0314028883618088 -0.813307863868715 0.00671930550347431 -0.163636368870423
0.492494913348429 -0.685287408726618 0.11553192410197 0.0367165026186348
0.495679115481801 -0.537773627978353 -0.561237929097425 0.20951608203577
0.0732637137336085 -0.687326742895946 -0.0910803538941575 0.392246375663427
-0.383151387378605 -0.482722785943776 0.0701983858474756 0.128529060482449
-0.522883103786436 0.0406139695375574 -0.0276132944939383 -0.0229895038572929
-0.330664172180932 0.384509434425489 -0.126377539077104 0.156167284009178
-0.0460590331494561 0.48639741739315 0.0495380783789862 0.259140652000219
0.162501919326974 0.406329238119794 0.16400516638094 0.208290738277169
0.205370108712523 0.352161635337776 0.188100251440044 0.189804416194483
0.166421663500086 0.371963829397071 0.192548683630581 0.238729928197379
0.030367030840626 0.479529702913831 0.108320364283833 0.297870130319407
-0.248823279759486 0.438036630391276 -0.0948557198841054 0.292299553362257
-0.437555385812387 0.148824866590409 -0.225377288893753 0.150304230858011
-0.435858185695824 -0.301080792298738 -0.172697842494487 -0.0228290290070618
-0.0489268380338921 -0.624721780851599 -0.0174270011894197 -0.0338737003697742
0.363185131312543 -0.57820211544752 -0.0480016886863365 0.218778663065512
0.334307754102964 -0.430299012613896 -0.7212662022732 0.402589866778113
0.00832880293827276 -0.507551769123235 -0.149629719449546 0.537425255123179
-0.287628904865049 -0.310884381548641 0.0566502782919543 0.1937007680606
-0.343806140648211 0.0309383941581886 -0.0716012384228846 0.0140944594010402
-0.222283054628759 0.24287868934581 -0.183204996847572 0.240584682164114
-0.0452686464641351 0.326487877958875 0.0403886638831809 0.400413348283199
0.0918659838096897 0.291511327846478 0.212458307414122 0.35336984751882
0.109244264673347 0.259108499076273 0.247406761618894 0.31083136688146
0.0811010382059789 0.266748345270618 0.232077876028835 0.342752107877446
-0.0116832283667033 0.303769917036295 0.113835617480968 0.375063547681477
-0.178652923043467 0.24316570172396 -0.106157385567446 0.333599873015059
-0.240013114005404 0.0554563988444405 -0.224231652412903 0.139145293848554
-0.223529963866368 -0.152745022544128 -0.135241835941459 0.0198987619565763
-0.054742030657129 -0.367665006029104 -0.0290898610421314 0.0512773959818945
0.194865619467692 -0.394318206421615 -0.162270565601668 0.343734310290586
0.106705134725455 -0.239134786509275 -0.790498765570944 0.535376327692542
-0.0563829673124442 -0.224085618133678 -0.19123536156352 0.615220137487108
-0.132421617069157 -0.0763325763473598 0.0544243198273918 0.241472242925133
-0.0979811374127845 0.0118980415534946 -0.0772773506184489 0.0431664645504718
-0.0777157430845745 0.0599159689130455 -0.200537950842886 0.268929875990818
-0.0424115472877601 0.111630519256714 0.0269704487128226 0.466133718026949
-0.000346183572498653 0.129339496614142 0.22957781033966 0.438045185576137
-0.00301193977547079 0.127008495362961 0.269325790388247 0.38367860664245
-0.00649875987806744 0.127179348397989 0.232267859241632 0.398778826242248
-0.0382898369852921 0.101596303509095 0.0932665050986284 0.402368623220195
-0.0866824495562135 0.0507303002548033 -0.113946909327625 0.323042593149186
-0.0497137293419833 -0.00988390928781162 -0.202247993834219 0.101850969628032
-0.0451385040543268 -0.00282594053319773 -0.0942381043288437 0.0432296651456398
-0.0757260890264544 -0.11286624771052 -0.0393134600561677 0.0982847116494479
0.0121861554946374 -0.18864255130101 -0.223703013060976 0.402859559967513
0.117340769188448 0.0107506017293489 0.22352069323006 -0.509420112824138
0.0888861158883107 -0.0982160452764435 -0.0249165434761439 -0.202046426220795
-0.0531753127184187 -0.121634041238048 0.0396289275010269 -0.0417034270485961
-0.108554134835378 0.0317847755739718 0.158697833742717 -0.0523771149993976
-0.0334294184203871 0.109374067637981 0.137926216302523 -0.274103796228438
0.047507529300164 0.0785872908252436 -0.0656767559569266 -0.412183316472314
0.084848689896031 0.0255922444466985 -0.225561904070092 -0.411627353041588
0.105866772009177 0.0137250574337981 -0.275008699792752 -0.37240762924704
0.0966289807240336 0.0355730565084517 -0.24413176573962 -0.388278648960506
0.0622246782307525 0.126450419428536 -0.0983732357221262 -0.390710716848644
-0.0361176790972569 0.147017448242616 0.0823537583927606 -0.291301827377795
-0.152748394245308 0.0399875395065105 0.0679798065102424 -0.110927328663252
-0.100250151160399 -0.157638692164052 -0.0375164734834742 -0.267902683100764
0.114038393662202 -0.137652755529937 0.152747885318525 -0.49063471133889
0.154625357640156 -0.0216299035098928 0.669597126687943 -0.562749933660072
0.26310945772622 -0.175749575627677 0.158819933737482 -0.462817243410811
0.10875891110238 -0.268536074788653 0.00420254057606835 -0.179397944976915
-0.134538161928869 -0.23341405599961 0.0264498847111189 -0.0591888732770527
-0.23583871059013 0.0397054604677419 0.122134077448714 -0.049915873126673
-0.127877154480584 0.231063763369346 0.126223056134448 -0.216818736961841
0.0435356139673918 0.24848757161144 -0.0215756215264337 -0.358338150716395
0.160405802412621 0.173930778467155 -0.166848840017464 -0.372557254528559
0.209949778131548 0.153182904098695 -0.214767286298916 -0.332587053792044
0.190289527458522 0.193578854556503 -0.185207099295947 -0.32293709304255
0.0939891709279504 0.342215078811771 -0.0801020547381038 -0.302047216330138
-0.146409976736008 0.354520986933332 0.0297612749293931 -0.216525677216878
-0.381433416629089 0.113026313413938 -0.00109397696303095 -0.0819151972830412
-0.33385240019034 -0.33263098979336 -0.0895267246006961 -0.281955258124054
0.0939021246269857 -0.468966553576973 0.12627454803005 -0.48994309445383
0.340002940987084 -0.314401993474119 0.597993141620244 -0.515957440887567
0.391384842491306 -0.351959113702566 0.0362423037452882 -0.36160935715716
0.115573093933079 -0.444062486534051 0.0216322543017068 -0.110245156822795
-0.228153146603638 -0.347598739551643 0.0362189797936358 -0.0584210947961059
-0.366714309686117 0.0476887136919565 0.0930539048297376 -0.0639223766064073
-0.219471130178971 0.341500804870241 0.0895783664577039 -0.152567276910176
0.0324570726673688 0.400074918097731 0.0119637231584029 -0.257927177258338
0.214455741477884 0.303694335788956 -0.0906931968124378 -0.281106058308782
0.283364729513165 0.268607350516651 -0.122505778351937 -0.241412181358491
0.256770019526562 0.315469781350517 -0.0927836978841989 -0.209169326332776
0.121149357662334 0.505093932185281 -0.0380112893972805 -0.165143281825369
-0.21741808701041 0.52199378918658 -0.0176850702235453 -0.0957716854581058
-0.547842411051066 0.198888289471898 -0.0761311817299924 -0.0220256581846287
-0.539476400166619 -0.426200441031157 -0.147572700049093 -0.247455677835508
0.0263494306315413 -0.721521233437769 0.0758476939939515 -0.429529741364291
0.450218784249564 -0.558986421174984 0.458995520511572 -0.386067134567833
0.478258061728003 -0.498329154894054 -0.134909293926994 -0.197298518499582
0.0985022248387541 -0.609899825977871 0.0165389415679543 0.0182463732617704
-0.337450142156882 -0.446091732734669 0.0597591160828984 -0.0226505813974247
-0.491789201249985 0.0676478326621638 0.0647696710233219 -0.0727068993744862
-0.29207608876248 0.431542984277727 0.0315091753486904 -0.0675333976675877
0.0202927492424633 0.508385777435117 0.0374970677805769 -0.11181928811622
0.241542116227913 0.395040156717614 -0.00111586729667443 -0.143070353962679
0.312949810222445 0.340977932999368 -0.0114902330088104 -0.114828655291038
0.280379535667858 0.385517048966565 0.0169528170872028 -0.0657121143638794
0.133558409939563 0.586828609823774 0.0229237058552368 -0.00169228382968538
-0.245383816929477 0.61126254218165 -0.0476762013504501 0.0547314869306695
-0.612492682946037 0.262476473194189 -0.140556391888594 0.0583294930235326
-0.652230811033634 -0.43093451834835 -0.187215130542959 -0.171244053121007
-0.0520328009384129 -0.836094597993691 0.0247631337520496 -0.309067304861865
0.476081036100696 -0.700503372753564 0.286815821632177 -0.194687037868314
0.500281784507675 -0.577796013193821 -0.335389233577269 0.0162681525740942
0.0612720762275838 -0.70783591364918 -0.00969985989564067 0.197752588663962
-0.418492648911855 -0.491248123820421 0.0795640986785618 0.0432951720769993
-0.555289555504239 0.0828315765256585 0.0231836399149302 -0.0583385108158742
-0.320485306699164 0.461570336459344 -0.0387718079982519 0.044487093814191
0.011529235598665 0.543651548884382 0.0579557254602337 0.0676254362267498
0.236090657145943 0.423540213090603 0.0920524986938125 0.023515273355437
0.293687273469651 0.361035559285952 0.101314473805875 0.0296166812667918
0.258133480175103 0.396334945360854 0.124730796358193 0.0825740792774309
0.116978717010309 0.570463050401627 0.0880413636330988 0.155828561375883
-0.235410995966475 0.585491268005513 -0.0588241011467098 0.19834802490233
-0.558600762615566 0.259216803027951 -0.183438589558167 0.132512449009117
-0.614246156183936 -0.362263314951589 -0.193673080700848 -0.0810435973568396
-0.10029184481515 -0.785397054179844 -0.00734319284135931 -0.161887236895409
0.41882641491336 -0.706278024678394 0.114585111240046 0.0207567110882869
0.43503378941378 -0.563418771193773 -0.526100269612331 0.248860192397101
0.0141709012551908 -0.672991081011344 -0.0514097423679826 0.385189769292897
-0.410158457400329 -0.435651632834885 0.0838693377192049 0.117865301708132
-0.504784215507973 0.0833056829191557 -0.029336239032522 -0.0229988213758744
-0.287750257128227 0.402746720276762 -0.107356706338892 0.163755252896107
-0.000171991240531169 0.478996982134892 0.07278868219763 0.248214860388145
0.193857949767949 0.382073470493862 0.175828245800395 0.190183420443541
0.228450002059854 0.326556291144197 0.198892809235196 0.168767254517432
0.192576830041836 0.347687739136246 0.210224402675282 0.213520352842903
0.0710773196225234 0.46412176125412 0.134950785380239 0.279327680278537
-0.201828796544142 0.449239812676045 -0.0636183330041236 0.298324546210912
-0.412916570173854 0.178645531840263 -0.20382600098986 0.167598584182163
-0.443688136214356 -0.254499076835928 -0.168869702106247 -0.0100134924948483
-0.103437909480416 -0.598641097245345 -0.0213930164255532 -0.0338004790451185
0.305001867622388 -0.590046992017639 -0.029426126056078 0.212237463481979
0.28739159051167 -0.445437245273261 -0.665704690020899 0.450829395832124
-0.0342135878429735 -0.492052187193664 -0.0981578977450723 0.533743508594361
-0.303953769669086 -0.276721341665825 0.0764493177429351 0.183050342759201
-0.331792297889204 0.059098996339808 -0.0682791702175423 0.0175660231878498
-0.195638403691147 0.256334375753316 -0.155346531321914 0.249983881120272
-0.0147320714914204 0.323099341286262 0.0766733312739619 0.385596817147212
0.114036607510598 0.276771437967364 0.234353472673451 0.326692880227817
0.127546379263495 0.243703763146193 0.265907695397335 0.281115806901349
0.101015515103404 0.25239080818965 0.256006879231974 0.311696216354955
0.0142859765553105 0.295782104141044 0.14570402465249 0.353539242499294
-0.151447121447749 0.253204054804653 -0.0709173466544141 0.335981424068922
-0.228116003303105 0.0721133540082048 -0.20423622244517 0.157015601658197
-0.226106233134378 -0.129652278652404 -0.127920383267089 0.0297932981965152
-0.0858026213698145 -0.348069886707405 -0.0261106164682258 0.0506339156508488
0.158257117880286 -0.397210555319008 -0.129108449356756 0.34425091861547
0.0835578546438017 -0.241120064168323 -0.723209135002145 0.586455129340901
-0.0725359849937866 -0.21269444878937 -0.133032418537075 0.617255229098098
-0.132980731624191 -0.0623314260608764 0.0779571544674872 0.2300247175168
-0.0949161603376161 0.0189023939913907 -0.0695390618257728 0.0465790640551912
-0.0714384829813085 0.0643422150298026 -0.170261992822179 0.277096605261584
-0.0307557089785576 0.113748119624565 0.0679812899806056 0.451145940301157
0.0110571608852713 0.127455586649071 0.257430721715163 0.408509969659737
0.00797655304943917 0.125980131682896 0.292532340428853 0.351824114893677
0.00384144811634151 0.123963007847076 0.260996643736081 0.368724771681434
-0.0295594849465481 0.101774477657584 0.126732094822412 0.381313434135891
-0.0796329612504046 0.0580121478070753 -0.0800575015475664 0.324350340546856
-0.0494074483585809 -0.00602998330719172 -0.186374522125234 0.117898353222364
-0.0412127129729364 0.000420323608141115 -0.0861418884082738 0.0488615240634603
-0.0840750333676417 -0.0998183507379638 -0.0329997144716594 0.0975464443137929
-0.00326814452558549 -0.181536669074588 -0.183452259596157 0.409081129259242
0.112921341516603 0.00607133325794859 0.187359579594005 -0.491637700850392
0.0802831779499962 -0.0962872006839872 -0.0305143655396115 -0.192718289146263
-0.0582523999618977 -0.112991959698745 0.0343089454759288 -0.0429838438464892
-0.10174958173118 0.0357623506077739 0.146493278745615 -0.0589083920263912
-0.0262441311683932 0.106395648430602 0.114818848061525 -0.264922596356342
0.0478793349913072 0.071667303281597 -0.0850203475468842 -0.387554228104927
0.0810235231601204 0.0191070664581005 -0.232446937732873 -0.380142149030743
0.100743074992413 0.0076307976803243 -0.277335803317927 -0.34400357500865
0.0930637676674632 0.0298685812283651 -0.246746577978239 -0.358616183764788
0.0666968754609363 0.116771962671166 -0.108766457244523 -0.36522069729225
-0.0262979437428867 0.140336412142109 0.0650437665181435 -0.278537197751569
-0.142799878990321 0.0448400010970989 0.0587801131289126 -0.107662485193667
-0.102615779734713 -0.144477919847056 -0.051355989229458 -0.251209007157611
0.102662184639561 -0.136356198094392 0.125918766843678 -0.469739663618058
0.145396671256359 -0.0271577221921879 0.6106794896272 -0.563425690741375
0.24102377728211 -0.176033172321191 0.129759200935497 -0.447216816597319
0.0917353538100713 -0.257792127748198 -4.03557247947105E-05 -0.174125890039459
-0.137651768095423 -0.216183407303222 0.0214845295662972 -0.0589728029441171
-0.222280768591958 0.0475530700054308 0.110918275731925 -0.0548112194146711
-0.109889514912118 0.226847803205868 0.108231194657904 -0.209129891044653
0.0527388383191802 0.233099322150974 -0.0389134004294966 -0.337732087045635
0.158973722012057 0.155977390438656 -0.175226476844168 -0.345861494192508
0.204488664528623 0.135734093654199 -0.216562065025482 -0.308195577219245
0.188706557182062 0.175514344952318 -0.18713876391579 -0.299982026357984
0.106194018522362 0.32060460759088 -0.0862163584693238 -0.282457764510005
-0.119929188341087 0.34244826873637 0.0187917835602588 -0.202266268459169
-0.356363634615164 0.123153851102417 -0.00495005825390973 -0.0763201869067429
-0.330922455584431 -0.299963081014314 -0.0997834361022414 -0.263678916420296
0.068352283577822 -0.448718704939585 0.101209143509082 -0.470272943936461
0.309073171581007 -0.311933012175038 0.543222526041726 -0.516852669833768
0.352108436938289 -0.347621020596843 0.0195683390088778 -0.345597423065421
0.0909713096816141 -0.424268026700988 0.0196634709925962 -0.111049780423244
-0.229956143111964 -0.318148946304572 0.0327338894414556 -0.0589642447855696
-0.34565173378134 0.0603597536537957 0.0828690849648628 -0.0675317493257579
-0.191239075991954 0.334967044501391 0.0767482762388157 -0.147226198215056
0.0498851544556011 0.378199511104905 -0.00105219370668746 -0.24500468208075
0.216768739194729 0.277677228998238 -0.0984227908661545 -0.261866917617995
0.279050616917068 0.242119580435582 -0.1262065403862 -0.226095942892355
0.257430158621335 0.289298439142689 -0.0944962294609161 -0.19578685074754
0.138777290274413 0.473360492965653 -0.0389386355087226 -0.15477253868122
-0.181644701365914 0.505057910666872 -0.0187406831510477 -0.0832511588673688
-0.510079351750678 0.211753346044544 -0.0724558364511494 -0.015897687761111
-0.530399899938408 -0.381540746738158 -0.153081742977261 -0.229110265750233
-0.00589640856743276 -0.683349854378377 0.0551210315425305 -0.41237748844042
0.404102600852704 -0.548690921148471 0.418118124047066 -0.389314705012746
0.427923266416622 -0.489128805280973 -0.135659725901782 -0.183718566301639
0.0677317100043271 -0.579318291342094 0.0217782787729467 0.0102689284831865
-0.336720618636886 -0.406786602181737 0.0573915791774882 -0.0267249116241263
-0.462326489461379 0.0829795739916973 0.0556773812954702 -0.0746509713473622
-0.255237867923924 0.422633074980857 0.026584988602562 -0.0644253094056761
0.0450428719632948 0.483474065430755 0.0314455939194368 -0.108430245550661
0.246998497394262 0.362274209000913 -0.00779171357173436 -0.134715263581146
0.310159312090364 0.309144288053069 -0.0155460691144924 -0.110443993886871
0.284750716945347 0.354891232158631 0.0161944323610607 -0.0655673608628238
0.156886686377925 0.550774893713672 0.0260962156536655 -0.00312185634049614
-0.200546292650017 0.590773338943433 -0.0393267685220724 0.0611340471235799
-0.568452365716326 0.275569547698338 -0.129264243908286 0.0634881174119351
-0.635094869427359 -0.380139927375125 -0.186666028543509 -0.156245496352487
-0.0859309177081037 -0.788313441858968 0.0107181768607616 -0.296732699632347
0.421630397184103 -0.683555041228729 0.261642426182565 -0.201482745886622
0.443638476329415 -0.564634838989103 -0.315302713119345 0.027113617601157
0.0278539238229133 -0.670808565286467 0.00461961858391098 0.182107007291715
-0.414920211488231 -0.447191802821303 0.0810159073619876 0.0354447017332383
-0.523436817903223 0.102336968173821 0.0174497103149531 -0.0598407993572049
-0.282169302876483 0.453202301981707 -0.033922480817757 0.0443038851203556
0.0376168713918538 0.515147027107165 0.0598997976154627 0.0611446998400469
0.243961061720659 0.39066702052864 0.0877080266476621 0.0191957502969663
0.293443997272843 0.330493920714113 0.0978290286950356 0.0219929979941334
0.262131118125396 0.363276160728441 0.125129670044888 0.0709340726134442
0.137309764188205 0.537242603539076 0.0955573509245112 0.142059757695826
-0.19427862456727 0.565411657629944 -0.0431139333100113 0.197529564444917
-0.518172945470631 0.26753556067717 -0.165679274273704 0.135337302436841
-0.59565052834648 -0.316647417100284 -0.187142978004376 -0.0703096291198685
-0.129546426720602 -0.736271811881651 -0.0153371727567526 -0.156500479100185
0.368367003232615 -0.684260755182565 0.10698924340193 0.0106425225142046
0.382998759188976 -0.549771899849982 -0.485050760506137 0.256104811409201
-0.0156906255494536 -0.636849147830668 -0.0272325824145895 0.36332270926911
-0.403234588066045 -0.395098474442548 0.0885863812941705 0.106244546370304
-0.474405840137585 0.0992399877796856 -0.0303818115583774 -0.0240879377962358
-0.253141845367719 0.395664178828048 -0.0922660777170535 0.159468474760051
0.0226907555693069 0.454370752442691 0.0836510683971144 0.230773694132167
0.200321185919815 0.353317858841722 0.173949975314671 0.173804516504396
0.229294112298626 0.301100408718801 0.196394988730802 0.15090467133111
0.198142781248125 0.32210189446925 0.211770449128611 0.190637699595784
0.0892062408612737 0.436655233566928 0.143646079895044 0.256142693376154
-0.168011175690584 0.43559037386612 -0.0424443291412522 0.290164431249054
-0.383828084852772 0.18524376298864 -0.183222316529693 0.170048738522375
-0.430315642544505 -0.222192003043893 -0.159737466721956 -0.00374188750478641
-0.124776671383449 -0.559092620269502 -0.0240821682970941 -0.0335663332330129
0.263977689617307 -0.56937153880692 -0.019705393393788 0.198145107070112
0.250138604250251 -0.433489020564016 -0.608929279936389 0.45503512626923
-0.0535032222183766 -0.465213723265515 -0.0656930990520495 0.507930262810232
-0.296569049179027 -0.249639457015859 0.0849914067813414 0.169261605414297
-0.311537845190025 0.0694024630388664 -0.0643365808490263 0.016852444186652
-0.173672145491506 0.251811334884191 -0.134401224735255 0.241895677599915
0.00281460204228248 0.307991029411142 0.0937269324104778 0.360608301653113
0.120844937220021 0.257901420180422 0.236226435657504 0.301277206052796
0.130465436734708 0.227157773869223 0.263428346076291 0.254895839312891
0.106323452514799 0.235409416446758 0.257989995131303 0.283555892817439
0.0264142740597963 0.2802061031178 0.156648317495049 0.326393862967803
-0.129735388655039 0.247857781713177 -0.0475875801617449 0.32456517218655
-0.213321266261186 0.0772896678489215 -0.18432699940468 0.159836766502792
-0.216888906473364 -0.112702660523809 -0.118263408210229 0.0315538035456627
-0.0975444721932358 -0.321556077976688 -0.0263204538718407 0.0468249732609318
0.133599160045542 -0.381052367998818 -0.108379287362398 0.328970620404278
0.0682661085369534 -0.231186975669988 -0.660143858888463 0.586996070151144
-0.0775094174227513 -0.198503812074241 -0.0976704598064085 0.593398176945609
-0.126208843527334 -0.0539665345608069 0.0878607967421998 0.213647618801454
-0.0896494588087691 0.0219666728091384 -0.0634502268228598 0.0445941898825764
-0.0653980039896064 0.0641784886629658 -0.147314474644177 0.26843071754876
-0.0225982770183284 0.110364966251212 0.0886900579886916 0.422679794576341
0.0172275844428637 0.12206142800995 0.261615660907766 0.376357609774602
0.0132025462821474 0.120714832822364 0.292602657459191 0.3213314994955
0.00804560944105974 0.117361524748473 0.263970054176089 0.33676684452706
-0.0248177832901476 0.0974676827876993 0.139210741684943 0.354055726228651
-0.0722524257679578 0.0596422211406703 -0.057677241161629 0.311415854525356
-0.0470284212511364 -0.0038686407270467 -0.169403820100364 0.1223845793609
-0.036868966202776 0.00154915261480826 -0.0770367182870272 0.0490890493709024
-0.0843500738068939 -0.0875768203973594 -0.0308232646747206 0.0931364828120945
-0.00930685481838786 -0.170084523367955 -0.156226693593706 0.39437494183603
0.109152145350412 0.0066463267462684 0.175785310918852 -0.474377729214382
0.0771447194635676 -0.0920391200311331 -0.0275673392359699 -0.18883296769472
-0.05812492261577 -0.109009353584214 0.0318277234133361 -0.0428011224780514
-0.0985176130634531 0.0355093456721051 0.138649738401593 -0.0598407743267905
-0.0233412973916396 0.104117761172469 0.105919392827275 -0.255020865569914
0.0453507122544601 0.0684766575962501 -0.0875013467696147 -0.371119234605276
0.0774236373783444 0.0170054314391977 -0.226236027379206 -0.365508055192541
0.0959412122653334 0.00624855027187388 -0.26731551222904 -0.332294790207919
0.0898668194017944 0.0291280309489126 -0.238326847660463 -0.346562593067565
0.0664455980716285 0.112130275052852 -0.104789162038485 -0.351145824937193
-0.0233516224708903 0.134622851954206 0.061407818452087 -0.266486684202188
-0.137650647409329 0.0434763521464075 0.0548596899069194 -0.102429541000233
-0.0993684210018407 -0.13782697211015 -0.053166739580546 -0.240794759906464
0.0991857499072737 -0.132391935162886 0.123306942744328 -0.452088337526835
0.139625127822352 -0.025522577797586 0.585762583131963 -0.545135442219784
0.229715816824246 -0.167179680655989 0.121608101503774 -0.430897912855026
0.088589945870888 -0.246821704971422 0.00189381854606916 -0.172328143654322
-0.133811537714747 -0.207106669190337 0.020188729019846 -0.0588543654205371
-0.213609750997564 0.0464303480633185 0.103743584104367 -0.0554462008900298
-0.103267153235515 0.220105948119766 0.100053688992527 -0.200088599819561
0.0521744645988185 0.224567614890761 -0.0416373814836789 -0.325069212679074
0.153636863303333 0.148544487860967 -0.171443967760348 -0.333736501489294
0.197130779897853 0.129245499949582 -0.209484785543789 -0.298431884573691
0.182891838134989 0.169230451207089 -0.179825632886745 -0.290611095166106
0.105583817638327 0.308121007724181 -0.0815274212475932 -0.272241219259927
-0.112824898303514 0.330281350480512 0.0183206809773319 -0.190553475247186
-0.342960630541478 0.119400301634591 -0.00587903411965468 -0.0721397616127776
-0.319842511189656 -0.285574872143478 -0.100324088392179 -0.253091118200616
0.0670737914246271 -0.431035433703648 0.098771894405082 -0.455622024257324
0.297187513739009 -0.299449290051462 0.518753865850033 -0.502019604862214
0.335439607124182 -0.331179096310602 0.0172196849863397 -0.335336024533559
0.0866589288092138 -0.4063797799967 0.0219364324921337 -0.112867927932604
-0.219526648273577 -0.305958449805436 0.0311295512522217 -0.0588132116830737
-0.332031931291933 0.0583829450256328 0.0759293725642637 -0.0685012739467553
-0.180274620147272 0.325528727826554 0.0715541862900791 -0.140594151344379
0.0508339771782617 0.364101504908621 -0.00295889567989565 -0.236035464644264
0.209239808390835 0.265550529113576 -0.0967116457661113 -0.252285414491023
0.268844456310706 0.230655753754844 -0.121491370040676 -0.218941743999894
0.249067904292154 0.277804709622601 -0.0887965199065322 -0.190433299115359
0.138673910864785 0.455525691787513 -0.0346395737028693 -0.149708663091496
-0.168564742815249 0.488169992996841 -0.0161924178542003 -0.0742270880686943
-0.490424442438613 0.204974369810832 -0.069573272265008 -0.0134566997901555
-0.509664411807403 -0.364125122883199 -0.150148473045743 -0.221410996637566
-0.00651391464650089 -0.655516618045181 0.0534732420487262 -0.401163871967943
0.390042105589415 -0.528426771045949 0.398256270311986 -0.380576413605758
0.405714765012911 -0.467511168691008 -0.130716228093911 -0.178954584167909
0.0627689492446017 -0.555912639933385 0.0246630882363992 0.00334928314700175
-0.323346308661118 -0.390984869739742 0.0572765441551011 -0.0277395231994055
-0.445412356909546 0.0803421177658841 0.0502149419080248 -0.0754998765992649
-0.24145214761332 0.409945663986523 0.0255469973646492 -0.0613090987934043
0.0488579930167966 0.464817322328914 0.0309158311937321 -0.104997995365514
0.239844427692497 0.347371662074547 -0.00865130380690974 -0.129708908847582
0.29823940111693 0.295952429617885 -0.0146497692093537 -0.107641133247734
0.274757920415096 0.340726790065363 0.018450616166272 -0.0657779557989516
0.154612504836542 0.530188800285551 0.0296450220161714 -0.00447010696683071
-0.187853911768019 0.570657071072288 -0.0331761628898747 0.0653865057230617
-0.547115998722788 0.264467932867981 -0.122716732805188 0.0636291879455862
-0.608603558988088 -0.363428827115179 -0.181866032715072 -0.151215836524114
-0.0841499028451269 -0.755312413774783 0.00839535377756786 -0.288368409996041
0.405634938509244 -0.657294272077546 0.248095856160336 -0.199305238095048
0.421522554797452 -0.539842883858671 -0.301448595383909 0.0240286736122159
0.0253575550746958 -0.645656057364522 0.00853992729725812 0.169731438876799
-0.396492048155075 -0.428501914313155 0.0807653296276984 0.0309350559733317
-0.502842521227174 0.0999188165272171 0.0136047509984219 -0.0616821470620288
-0.268850400009368 0.439217510142932 -0.0317948012278614 0.0429424952550573
0.0424293570647804 0.497337732498285 0.0604265151686573 0.056740531055015
0.236298391649015 0.374222464244334 0.0840663775019515 0.0189419205398246
0.281589367942905 0.316920017193802 0.0951114876590714 0.02006013108233
0.254267469748596 0.350287709268513 0.124253372770752 0.0645854130926523
0.137523417446493 0.515303459393187 0.0973334542455861 0.134825942731714
-0.179199977906441 0.546270417717011 -0.0355599880061979 0.196434934441191
-0.499093787682765 0.259970106297348 -0.157528067703725 0.134001456400623
-0.5714814769151 -0.302458695238017 -0.181290799777614 -0.0689613599902751
-0.12577252521241 -0.703449611903716 -0.0181550240642243 -0.153559708615157
0.354844941708089 -0.658952092773649 0.0999558896043008 0.00502269473645058
0.364321023801037 -0.525935061211254 -0.463538736250874 0.244616041896964
-0.015894970643415 -0.612511452414587 -0.0218701099596971 0.34577544168939
-0.387397173654691 -0.379717674400633 0.0897499404725443 0.099844302400411
-0.45636278532623 0.0952610378188242 -0.0304783091651523 -0.0265887858914044
-0.241746330295806 0.382772784410115 -0.0871077693699506 0.152739630421692
0.0276396697786623 0.438221030048232 0.084395330920794 0.219504973061868
0.195847415798477 0.339750713646434 0.168504928599986 0.167606466394506
0.221646838394497 0.290516400873718 0.189695319254806 0.144027655272232
0.191291284385326 0.3103355008974 0.207332358256445 0.180457553742354
0.0892219220512657 0.420710960341098 0.144212067990765 0.243958932182583
-0.156548294016885 0.421758212500177 -0.0337601228017032 0.283992332578331
-0.369173657558577 0.180043965024719 -0.173424151475146 0.167417520059644
-0.41081789000334 -0.213289773324021 -0.154034579315306 -0.00587139108652823
-0.121279372057946 -0.532100986612702 -0.026980638660094 -0.0353040257832234
0.254488802391916 -0.548289077099175 -0.0208191112530006 0.187443523646353
0.237612900655974 -0.414709823607688 -0.583130400617863 0.436241137179174
-0.0527017209115527 -0.447118387852296 -0.0597928938192104 0.487973444436852
-0.283582999901648 -0.239108211562624 0.0862482858746481 0.160335056417282
-0.300638315614118 0.0672212276891654 -0.062294799821825 0.013231677495768
-0.165978814294763 0.24412218946698 -0.12616554134622 0.232385313019989
0.00678675056571851 0.2973967723371 0.0953143417888201 0.344821930290356
0.118184165508348 0.248202369701549 0.228691037194812 0.290510917992379
0.126006447233499 0.220024882390374 0.255031166337498 0.246512151058961
0.10257713601547 0.227528767751353 0.251738889970272 0.270057401173088
0.026666029928847 0.270077574196839 0.155809700388259 0.311684068407538
-0.121452274472131 0.240348593524046 -0.039045622007263 0.314982962002494
-0.204726850475776 0.0746784251735597 -0.174301087362877 0.157085502471808
-0.206557582978747 -0.109488555346902 -0.113043829884453 0.028577054788897
-0.0948859292508212 -0.304973909833574 -0.028934908848093 0.0435593267416237
0.129228142118685 -0.365469468779979 -0.104229540895154 0.313832470660402
0.0640699108898438 -0.222235122159874 -0.630720519832116 0.565209457884865
-0.0759788428022178 -0.191251574895032 -0.0916324137210827 0.572670504735776
-0.120055155952615 -0.052239959835488 0.0888523024630984 0.204309831639752
-0.0869767374163835 0.0206200605203885 -0.0598521707516049 0.0407688515714432
-0.0633261587464094 0.0625108124563491 -0.140549584572923 0.256994636799243
-0.0202592400673685 0.106494602782166 0.0900653342750913 0.406386064337447
0.0177569629669299 0.118789509722226 0.253654058206136 0.362338248416164
0.0131667945556126 0.11836341574644 0.282888957082084 0.310438360149498
0.00739421335577964 0.113529833052929 0.256560160397486 0.322754021836929
-0.024520887696845 0.0942707030735699 0.137442235439688 0.339022817262639
-0.0683234881805497 0.0585206313636659 -0.0501410912755794 0.299690917253056
-0.0452785741020535 -0.00357209873835894 -0.160786582516254 0.120670267694369
-0.0336262737513137 0.000357054078753754 -0.072731620158946 0.0459020360362367
-0.0817559838913688 -0.0806111617023721 -0.0334490886872248 0.0896872627092409
-0.00802684584770049 -0.162980455630893 -0.148087688900425 0.377286697239364
0.107000703421531 0.0232880808137214 0.230860117803314 -0.439140015881994
0.0918309522557853 -0.0785634618306334 0.000673240885321529 -0.187798479223958
-0.0427704217248683 -0.11539790754071 0.0453489636483091 -0.0395325973432339
-0.101836506525694 0.0196072424121456 0.144340048203538 -0.0476002625193166
-0.0371983541219706 0.0984150890514922 0.133554829671456 -0.239622195209173
0.0319966290097373 0.0760191602952886 -0.0417916245749037 -0.381290100851179
0.0710953108543443 0.0272586359203802 -0.181989880442105 -0.395508952186544
0.0916424127072134 0.0192577050309049 -0.21162685831169 -0.370766228622895
0.0781927203304394 0.0417047809960182 -0.180767508009061 -0.381734152997313
0.0464638010531033 0.118533620879926 -0.0455493641211778 -0.362789325773459
-0.0445264082793515 0.124220000782971 0.105004916491366 -0.252043283239013
-0.143436038594365 0.0187931784211212 0.0712490411691615 -0.0917537898146612
-0.0805258121608975 -0.150731843538067 -0.019495154739945 -0.241719977574667
0.113688280558572 -0.11747721630894 0.192722753735738 -0.428082715017259
0.135251766643338 -0.0102898140658687 0.670850643388775 -0.44720845274087
0.24776452648758 -0.129895361474903 0.176473612731794 -0.391077008771854
0.125316679640846 -0.227269830194465 0.0347169853834222 -0.163525649813385
-0.101144020842305 -0.222958783857442 0.043766862707473 -0.056841417151981
-0.215262809259331 0.0112066684997304 0.113303323883743 -0.050717243433583
-0.132936527381754 0.198133325961495 0.123990964842538 -0.193114767665689
0.015543546075609 0.230409742484738 -0.00603995866149537 -0.334512949657572
0.126320533569989 0.170106651768657 -0.129925499587836 -0.359087119122769
0.171549748849759 0.156117342460804 -0.159017907528058 -0.327612396987416
0.147810283566405 0.192678570446219 -0.12938588919094 -0.317518385356475
0.0553946117528715 0.315513518098355 -0.029876366491892 -0.282456653502658
-0.160538515087714 0.300640578392634 0.0554675229631926 -0.180813433037687
-0.357217451740716 0.060257593773305 0.00997316608784119 -0.0699899369373995
-0.27190881747294 -0.329618661451227 -0.064979201442589 -0.25892638800554
0.129143305031541 -0.412682642233564 0.161274599564427 -0.432426425127088
0.335952399292696 -0.251866022912031 0.595665829509217 -0.416886673255485
0.371779614416121 -0.275645059755713 0.0693963377111276 -0.297107898890721
0.146860214142551 -0.38378477801781 0.054457912407418 -0.0988457746145441
-0.169312719847091 -0.332052660287007 0.0634654681654216 -0.0569887616434052
-0.334348582044932 0.00176463943581104 0.0922693835976698 -0.0696044288628887
-0.225706946896949 0.286945442206376 0.0906111140719681 -0.143700550432415
-0.00495169072503052 0.367612175210765 0.0166553020995743 -0.246894839301503
0.164043738036287 0.294367352560331 -0.0667232323376409 -0.27071919977013
0.2275422435095 0.268723891888458 -0.0852805090787631 -0.235393030270689
0.196814831544121 0.308788081044328 -0.0529951384744717 -0.206886753089692
0.065361332097369 0.464183044098217 0.00127959931719141 -0.155874884161185
-0.238325986422353 0.447217519937348 0.00754695139645944 -0.0702172447821147
-0.516738541473894 0.120508535765268 -0.0586491989327488 -0.0208498613529759
-0.445182177521667 -0.433939069626148 -0.118930843995545 -0.231935119870844
0.0946599950189847 -0.641918347447384 0.0999622263950432 -0.382596106565999
0.464270049984003 -0.459324076737968 0.449233932525665 -0.31552755767597
0.458274621330093 -0.398627523435396 -0.0898890202805788 -0.153671747413922
0.144458764118772 -0.532941543263734 0.0486804729514189 0.0202866864685211
-0.257164288336427 -0.430032463242416 0.0937469171738331 -0.025671440329306
-0.445357439261806 0.00532857831719203 0.0719367186977582 -0.0848357125274047
-0.300447515844768 0.359056170404636 0.0365692484594397 -0.0775486981315969
-0.0221013098109212 0.464105467452367 0.0305408552114557 -0.116173276771651
0.18145949144899 0.380268283282414 0.00464060363047003 -0.138238358132442
0.245413483344329 0.338962072783395 0.00208472011531089 -0.107764773285557
0.213454249549686 0.374753520579034 0.0343943723982392 -0.0667330699278141
0.0719950220945283 0.54036054665732 0.0448516466251918 -0.00413328107797749
-0.268013864629286 0.525847047207979 -0.0290642695553167 0.0664862978967504
-0.578661633139993 0.171926167470192 -0.121571655948442 0.0477203125996665
-0.540677274790559 -0.44782636980342 -0.159573103763067 -0.166766141043033
0.0350230328708248 -0.749168716674722 0.0344842240230069 -0.277117371809741
0.504680600875538 -0.581376534705365 0.267867684880027 -0.158365792320092
0.482994587469669 -0.470794208198794 -0.28072001307648 0.0283891142707367
0.120569846807672 -0.626497541779554 0.0148426075183168 0.184720043558924
-0.322436332987426 -0.47886245296933 0.114719738835002 0.0341320734701351
-0.505905236755061 0.0142022607435882 0.0370800820685469 -0.078044101516684
-0.330546370385698 0.38301548100563 -0.0317423535304943 0.0140152656698621
-0.0312857920751718 0.494293334284529 0.0378674422634495 0.0457513847605766
0.175285290365786 0.407912740550632 0.0777492875920962 0.020469936182346
0.226377245491322 0.357346935782387 0.0904672238839594 0.0352178276185561
0.193511516710352 0.381226419721771 0.118897949516283 0.0793166881710496
0.058117008000679 0.525110438309116 0.0895039117457745 0.143705458474457
-0.255203953671969 0.503626505569985 -0.0507170115051482 0.195283683587689
-0.529988608899032 0.172959497635264 -0.167062247402333 0.111650300555185
-0.511444537511478 -0.381609488783458 -0.170354183374822 -0.0869421988710261
-0.0133060707248536 -0.702227271977909 -0.0137203805089255 -0.146908006669653
0.455844615191504 -0.586474391481033 0.087238109332429 0.0206783281538756
0.42616599840998 -0.464656074080512 -0.469206217149708 0.220136940523238
0.0728882919610172 -0.60289219092249 -0.040207104307373 0.354127960452197
-0.321418938485028 -0.430447211792651 0.112096832059678 0.102680567753524
-0.459829307024145 0.0184394728510152 -0.0122335295582813 -0.0481543823039836
-0.297710502588774 0.331995818733669 -0.100967337839523 0.116586654943986
-0.0369077723410362 0.432077545389189 0.0417545221803217 0.212205565470182
0.141196300556194 0.367843223537455 0.142713914153918 0.18039625004724
0.173084436709972 0.323272457567568 0.163924044741277 0.172910066068362
0.139849975980463 0.332412290961045 0.182282636844941 0.207126017880939
0.0254220972368714 0.424795309274869 0.116639140237517 0.259743600417527
-0.21163554066561 0.387224109836588 -0.0648982866054791 0.280882934970983
-0.388450546099722 0.118287805582107 -0.191010217184085 0.143347241068364
-0.366036818514635 -0.269361888109743 -0.15214606599917 -0.0239548568673839
-0.0340878064827154 -0.53416021444296 -0.0379445329852138 -0.0330014435334861
0.342421841685411 -0.492391026509212 -0.0609463099958038 0.182812345245382
0.28825158703213 -0.373750421837846 -0.615024118217958 0.383726477031375
0.0133105450770205 -0.447340614667941 -0.103670987865966 0.487685814877249
-0.240933330687914 -0.278383245974 0.0899874684751681 0.163320931358726
-0.303982261787253 0.0156132212547925 -0.0521496463830885 -0.00789653992769552
-0.202259767856479 0.209570651758169 -0.151439512563503 0.195843049959708
-0.035913772698729 0.29107619958304 0.0399369466841823 0.342523558039468
0.080685404700127 0.265152009142547 0.188131530922101 0.312685531403426
0.0906059879275395 0.239583031467813 0.213080069964268 0.28355723087909
0.0671892013985943 0.237773723799293 0.210980972150514 0.304314129869693
-0.0128718223160698 0.267865136671967 0.113845744612646 0.32930452826095
-0.150409491280375 0.217385871359744 -0.0785588609238843 0.308444064130041
-0.211056067770857 0.0421175364872441 -0.192475602539552 0.132568483092655
-0.183080519920491 -0.136278396433209 -0.115780270348427 0.0122602124667253
-0.0433375528221656 -0.307846290229576 -0.0473573545163584 0.043122284510771
0.19060792957388 -0.33364593393029 -0.160123963643738 0.295132221839383
0.0939436979095033 -0.210804091334506 -0.686935599656714 0.487130261333468
-0.0483112044366844 -0.201270858509748 -0.157049635033768 0.560329828592047
-0.109117815949757 -0.0700077492012703 0.0708235089637416 0.210623727415878
-0.0887475194509615 0.00551263143468636 -0.0599520773440549 0.0265707672360647
-0.0733306534645413 0.049986759081685 -0.17041521084284 0.2275335344614
-0.0338242192771341 0.0994116063199919 0.0307319262611272 0.409845543320237
0.00243163006275603 0.122206925143209 0.204800754421419 0.392805387938722
-0.00365140372599926 0.12157241058444 0.229521249233427 0.352281925094543
-0.0068086632253326 0.112587750259365 0.205701822433667 0.359505121001745
-0.0368246002315117 0.0889227554444599 0.0875223151190963 0.3548319224336
-0.0721157574878012 0.0490479412980138 -0.0905334147262376 0.29007077121462
-0.041917782679647 -0.00853177879120766 -0.176195846618608 0.0984108821663
-0.0310114789833147 -0.00345955476013425 -0.0774236827727564 0.032948496361574
-0.0657992742223573 -0.0872605571169815 -0.0528111331171752 0.086401216170581
0.0247120120040788 -0.157244654184781 -0.210669978926528 0.352485550469449
0.11079376942001 0.0244773601914702 0.232205274961818 -0.450634821004894
0.0956812446942652 -0.0814155444419027 -8.8106527118469E-05 -0.194809732179679
-0.0460961944522314 -0.118362471703233 0.0456171571721539 -0.0428782893916931
-0.104557367146034 0.0215843295074555 0.144775200094094 -0.0525842354161076
-0.0358816834743137 0.102720311651555 0.132020245741413 -0.245185586843641
0.0324788978734106 0.0785321094285873 -0.0508996880355627 -0.389109886028328
0.0731627197112233 0.0262753513181083 -0.190328097012116 -0.405394934633589
0.0943552255824103 0.0179972746613763 -0.220682906993256 -0.381817194022105
0.0810427857987689 0.0430474328470166 -0.187737618318469 -0.392215629614202
0.0507490006479457 0.12124097780508 -0.0480088083892606 -0.372238516982656
-0.0445080080649648 0.127251552052389 0.106616632063046 -0.257449731344038
-0.147529923181977 0.0208372141302935 0.0706637516226268 -0.093206330671011
-0.082858227454214 -0.15363054595797 -0.0249769926227696 -0.247178551096932
0.117027827427547 -0.121630744238246 0.197773479264252 -0.441264071912226
0.139569737505433 -0.00953650255599762 0.684713789405604 -0.461655295935703
0.252524621148995 -0.131074678527457 0.178533308715866 -0.40377119918338
0.129474404696633 -0.233484332698285 0.0354157437115447 -0.172641376622886
-0.104922078330592 -0.227732364921382 0.0443358990277747 -0.0617730288899679
-0.221541621798476 0.0123342957412386 0.111608424492834 -0.0555043017945895
-0.13246934803607 0.206328636531505 0.12288958147885 -0.197584006402875
0.0183470069252387 0.237521379733437 -0.0126966888254629 -0.342704397232711
0.130675406821383 0.172715301374958 -0.137751659212587 -0.368520509170516
0.176734545443605 0.159239935316295 -0.166598944911685 -0.338787866114458
0.153268005120155 0.197369920341499 -0.133478414140914 -0.328492800887034
0.0615104320567574 0.324342884655394 -0.0300543712444224 -0.290247263146763
-0.161438713602526 0.309083615021729 0.05754249292579 -0.182769274991573
-0.367002610595658 0.0645489592189891 0.00900369601608073 -0.0699121953399235
-0.278661585548403 -0.336676688631788 -0.0714686406815205 -0.266633671352298
0.133075181204386 -0.424343058519147 0.163509530948181 -0.447572954699018
0.344968762357486 -0.259041358040003 0.604916692867034 -0.431052414563309
0.377410356554853 -0.278060191740318 0.0686680103524126 -0.308304738806635
0.148903740096383 -0.39214042203078 0.0566150067070614 -0.107141384053715
-0.174475320743137 -0.340587023858616 0.0657232780224951 -0.0617643057339541
-0.342959945174262 0.00255846624892195 0.0895214399652336 -0.0752331306783719
-0.227662736680914 0.297996655792672 0.0890561556375243 -0.147535072603726
-0.00044452167524662 0.378115044543392 0.0134750038185051 -0.254012688659864
0.170251379407587 0.300583769319426 -0.0721192869230326 -0.277789188031023
0.233406353265146 0.275110860118229 -0.0885175615494981 -0.244698184435471
0.204943606326057 0.317162934638246 -0.0539537768324035 -0.215471865166288
0.074689162787932 0.478711904440711 0.00392967880697463 -0.161240473336413
-0.240102079744847 0.459496848017377 0.0107430611563324 -0.0665090130065875
-0.528913212901437 0.126276182698076 -0.0612691043658717 -0.0185916723130408
-0.455943286148685 -0.443982323887544 -0.127022273730561 -0.240341344907642
0.0982990389103491 -0.658274337974215 0.0991780872393568 -0.395751467440688
0.476490432110199 -0.472593297310547 0.454395287101237 -0.32851634438732
0.466075097859149 -0.40421796409236 -0.0925516323489083 -0.160845753508468
0.147602257884242 -0.544852428192225 0.0518083096897702 0.0145207804671717
-0.263594808646685 -0.44190682733494 0.0978997101058762 -0.0292495533336703
-0.457614100824911 0.00608590991220426 0.0687075142847338 -0.0910602392256419
-0.303746476769289 0.371727031630754 0.0346699233030143 -0.0799840521270294
-0.0162699089221256 0.47835057933289 0.029648011574869 -0.121708197148622
0.19072776994378 0.388151313117043 0.00216653939991272 -0.142483444914352
0.254525179516542 0.348370369515751 0.00207939403443133 -0.113153092390941
0.222007174013712 0.385195374857436 0.0377770339821056 -0.0730028162541897
0.0803277546352722 0.557328656698188 0.0500365240351585 -0.00571377260884334
-0.268933097646678 0.54218545512878 -0.024015281203966 0.0746138225917553
-0.594189888056568 0.17772412444182 -0.124920767323064 0.0521582090088496
-0.553125095711372 -0.459189635881087 -0.168108736027657 -0.174278614815965
0.0357465599805282 -0.76713574084094 0.0301268241868914 -0.288346208180519
0.516846295768336 -0.598909633475174 0.267923503470887 -0.166438453998228
0.491773606403044 -0.476684212062491 -0.286688317457905 0.0257067055729585
0.121805949389329 -0.641740514218142 0.0179466641491573 0.18342433112723
-0.330885775198461 -0.492192840859943 0.120993173223432 0.0324603234398919
-0.520497977735321 0.0161149091796822 0.03383717002587 -0.0844721615621782
-0.335111661487425 0.395986194214853 -0.0346541296082308 0.0129660171622023
-0.0254004750997252 0.506382372727384 0.0394434603774153 0.0440075385313446
0.183017585720472 0.418231667864788 0.0789956295875704 0.0208032182686548
0.235407835884683 0.367591645022969 0.0929588584658461 0.0353216416436458
0.199878279858413 0.390418963927056 0.125914873587544 0.0769745284561182
0.0650441101290405 0.53984464314493 0.0971090675864131 0.144924790265771
-0.256119187815377 0.518613993552279 -0.0446351447464906 0.206763706680291
-0.541834760873569 0.179815478357048 -0.169556485500206 0.119604285412143
-0.522098088567591 -0.390650560429436 -0.178568027893074 -0.0927783102418057
-0.0151046646710508 -0.718501485717691 -0.0196991262545395 -0.154353868282746
0.465485774640602 -0.606547952366987 0.0839100416995942 0.0174142774972642
0.433597546745108 -0.472803066652885 -0.477965891344202 0.223158152817057
0.0738964574160938 -0.616565797174538 -0.0373329926890077 0.359582926272555
-0.32940631017468 -0.442015900511799 0.119745979741849 0.103294969219907
-0.473340124297603 0.0204574884022763 -0.0147774993728375 -0.0531277062886473
-0.302273687911992 0.34295712893373 -0.104949644378042 0.117505755250552
-0.0302248198869862 0.445820176569753 0.0454811402733134 0.213123215992742
0.149058500737029 0.377089442675462 0.147812611141752 0.184070952572186
0.178832120354098 0.332564663160044 0.170115525537795 0.177433942440757
0.145133315100844 0.341956215567803 0.190985072671386 0.209084279254743
0.0306428835080224 0.436903793233597 0.12514693316516 0.263379930454637
-0.212771382661057 0.399558697681974 -0.058624588868804 0.292966862929831
-0.397032025606313 0.122479009674415 -0.192528648211972 0.151213669564337
-0.37494190932903 -0.27590432677121 -0.157892993783595 -0.0274440192938236
-0.0357534228538629 -0.544387458272112 -0.0449053448659465 -0.0358872587750107
0.349101507343591 -0.50773141884434 -0.0642036061363083 0.183645947826676
0.2936570978895 -0.383108503561185 -0.628649672121916 0.392787883556813
0.0113301434253913 -0.457755048680009 -0.103326289978712 0.498280593338862
-0.24724813987863 -0.285840199960749 0.096766296895524 0.166851881561592
-0.313304845437128 0.0171686952902748 -0.0545733140581114 -0.011025118980321
-0.206230600568295 0.217058494288657 -0.15587845404986 0.198708495134832
-0.0325894946305 0.298815209846125 0.0449640776904573 0.347641026260265
0.0850357385625588 0.273143325164777 0.195349166202174 0.320513745656183
0.0942758415488476 0.247350443029449 0.220364784994774 0.292205341050895
0.069630011558639 0.245023480232563 0.22039769966082 0.310108291822881
-0.0104864412570287 0.276779907046195 0.122680245413985 0.335285453085576
-0.151028684041855 0.224811714103448 -0.0727081698381513 0.319413936500198
-0.216253555030325 0.0437688071130913 -0.194051645645216 0.140317746800105
-0.186093236392551 -0.140606815244595 -0.119186991787906 0.0103455920880228
-0.0445117347011179 -0.312325412272711 -0.053516525184772 0.0437128801999091
0.195027616285884 -0.343910091237281 -0.163961637847751 0.301642927122979
0.0950181840011764 -0.214849698386808 -0.701180174460406 0.500180759091276
-0.0513671193353087 -0.206085543817765 -0.156513033434766 0.577738915650766
-0.110823136189999 -0.0728022466487197 0.0763955726614197 0.215934517121539
-0.0923160467347004 0.00572495183218451 -0.0611655162054446 0.0244407546467788
-0.0758373442992438 0.0515906190870804 -0.174936367507951 0.231567544944499
-0.0325407871173595 0.102585732114269 0.0374401101357876 0.418202742760611
0.00405878280529887 0.126509803407525 0.211150739271312 0.402908357981949
-0.00310676976357073 0.126924519170524 0.238923925803095 0.362714331546798
-0.00698185918238531 0.11618692564051 0.216233741731625 0.368432322876426
-0.038189221712212 0.091773666781641 0.0950033354321452 0.362358808495993
-0.0724907160969391 0.051642616736625 -0.0865460910799889 0.298997337056359
-0.0423147464391286 -0.00849444562784888 -0.17761634701527 0.104767009821626
-0.0312412612262264 -0.00411528027384052 -0.0786552129451486 0.0322373640242002
-0.0680355163831243 -0.0863840755153941 -0.0581479948611998 0.0892969406871138
0.0247258293853696 -0.162034054490643 -0.212585448877699 0.360955776424056
0.116833337069235 0.0222859943324772 0.217976941166147 -0.47411510840213
0.0974194892262804 -0.0884446708121834 -0.00861255422663373 -0.203054808069564
-0.0546829689551314 -0.119561465554624 0.0438472650024789 -0.0496530618768513
-0.106874511912172 0.0274384142384697 0.143887260983535 -0.063187250717895
-0.0300331246485788 0.108915226964053 0.123073138499906 -0.256310474570574
0.036621858932921 0.0806003831211782 -0.074741615831698 -0.396326923085117
0.0759721708613955 0.0225609387591595 -0.216835927523731 -0.409903709922649
0.0981007944454753 0.0135158265845599 -0.245036915185299 -0.389468660159638
0.0865555865816199 0.0407932455556924 -0.210390185190958 -0.398112952593646
0.060117240997337 0.12206963847163 -0.0654673758324309 -0.383062926626609
-0.0394351769650754 0.132885753096391 0.0987031159890517 -0.26862140243757
-0.152111235412869 0.0280617756802304 0.0667263979194308 -0.0978040047358395
-0.090857896264533 -0.155106436097649 -0.0389995819126914 -0.252323890274286
0.116586648461206 -0.132025501844584 0.187569271788765 -0.465776543115595
0.144459279953176 -0.0146224259267399 0.684736448590288 -0.505943805364126
0.2556126181854 -0.141837836659189 0.163941268283488 -0.423264947746884
0.125047139159811 -0.245903685581997 0.0291806397333516 -0.183035476137438
-0.118030700083095 -0.23097016567082 0.0425203993223839 -0.0685226193511515
-0.228743099063519 0.0227023798524037 0.109006455893171 -0.0641452496152855
-0.124654884436096 0.219780360142314 0.114979087692321 -0.207505900041657
0.0316735754803996 0.245636921701223 -0.032380359792297 -0.35170264502634
0.14255408710818 0.171315759219051 -0.16134842445462 -0.374072047398053
0.189749748149669 0.156308200201524 -0.187168596788811 -0.347094626033629
0.168313329292539 0.198240189075723 -0.150867545863354 -0.33650792528047
0.0810320674300987 0.332601822623523 -0.0415860262552324 -0.299852182506698
-0.151515132788757 0.326760998352015 0.0537448358335907 -0.187178222287784
-0.377126257487446 0.0830175941215574 0.0040118032551641 -0.0711155086129152
-0.299396217563933 -0.33707030690122 -0.089732845561618 -0.273157065199587
0.121825170372465 -0.444674763623839 0.151672103351801 -0.471574724608878
0.345419062441337 -0.28146061585881 0.600185775090216 -0.471142559889437
0.377812069288577 -0.297732458458381 0.0562474136416022 -0.322074674644278
0.139349758117361 -0.410264275367544 0.0542093624200854 -0.117239194778642
-0.192702638320984 -0.344501050190243 0.0660292191971516 -0.070085627199956
-0.353737374031282 0.0173751393386041 0.083612288985932 -0.0836581747370231
-0.218260258218435 0.31864702435773 0.0819082430061994 -0.154740643323122
0.0192250657163329 0.391617722995854 -0.00076397946948573 -0.262844487122826
0.189561912783007 0.302647342963327 -0.088365109601291 -0.28372754797898
0.253411868724183 0.273414658440813 -0.102955251078902 -0.252286341242883
0.225117965231864 0.319678986610351 -0.0639253117182582 -0.223606981007143
0.102633868206741 0.492150990750369 0.000152582133739056 -0.168209431209382
-0.225603503352338 0.485816068198721 0.012745984454367 -0.0639749470485806
-0.542301232024968 0.154687319699681 -0.0651663077490113 -0.0138762920149467
-0.486126416921014 -0.443407581983558 -0.147052722950676 -0.245563035104628
0.0765658936901478 -0.683836968649888 0.0820761819169957 -0.416699856608195
0.472601175522463 -0.508610314740988 0.447973374838514 -0.360007778375575
0.463745531044718 -0.428451521453374 -0.10332660086601 -0.165186378484783
0.131686725477643 -0.567770008648185 0.054421534098843 0.00767847982442609
-0.286725295733899 -0.445635182110746 0.101746674025672 -0.0375232205849665
-0.474054436086506 0.0261535490994211 0.0618517565686838 -0.0994254343387982
-0.292620299441445 0.3978632378001 0.0283986385389739 -0.0843352325942744
0.00863186279228778 0.493714467717431 0.0229567799649884 -0.129025815305617
0.214643239283894 0.393466260046692 -0.00525865321514836 -0.146962777498744
0.276918621562667 0.349547878232393 -0.0029894764265916 -0.11941061586019
0.246160695790452 0.388363404559362 0.0376036213058764 -0.0810734254867264
0.110555079476189 0.572587683100962 0.0553418132311106 -0.0106658742935241
-0.251039776609709 0.572902560399654 -0.0150684120221888 0.0832725115695827
-0.606239311497697 0.210447713437682 -0.125828128635227 0.063153522174035
-0.588541757590688 -0.452532501317702 -0.187045180996013 -0.176311972066895
0.00784412890566355 -0.791573683172138 0.0131628161566756 -0.301541751546147
0.506191550501902 -0.640070952832468 0.260374626601138 -0.186511459669476
0.487923046306343 -0.506228346822201 -0.294869440756873 0.0335504057017378
0.100994710946201 -0.663664577511279 0.0269575926343116 0.182989428596185
-0.360254673272174 -0.496136239317954 0.129802046663556 0.0257543150590679
-0.537040904395899 0.038145710304445 0.0266346950974302 -0.0916323051057502
-0.326087925963187 0.424411105887078 -0.0391344680198091 0.0139945186862738
0.000851918047848482 0.52316743469347 0.041850534284114 0.0406291423025639
0.208736700570683 0.422559751470378 0.080736583503653 0.0182658840150914
0.2579791030461 0.370026364252869 0.0979772126273838 0.0316939361192916
0.222449650120519 0.39657900540236 0.134953640702557 0.0697172295108284
0.0953787749523327 0.556077621067525 0.110414017506567 0.142916676489063
-0.23879655570658 0.547735789514819 -0.0294917019602681 0.219626884443008
-0.552064273657256 0.209353638716217 -0.168274289550577 0.134423742030687
-0.553228048372363 -0.384680034862445 -0.193943796645466 -0.0916700043455923
-0.0428428518789152 -0.738067818348248 -0.0336162104159128 -0.159815018494553
0.45463471057545 -0.645333958724498 0.0811057010537561 0.0114614115477558
0.42787646109149 -0.497447730229991 -0.482870552029303 0.244851230303722
0.0507970100683039 -0.637106867045909 -0.0222044482785759 0.368317410791853
-0.356669251517586 -0.444904777186178 0.132162190009563 0.099705309440252
-0.489113593869801 0.0414412378759739 -0.0207699772671791 -0.0575519828876788
-0.294516688716285 0.369324667656782 -0.106175630189995 0.12387816238157
-0.0102392107343688 0.459251608837213 0.0567477284254556 0.214699629375256
0.171353084498924 0.383446456194054 0.159495838854342 0.184710132213288
0.19786067655018 0.336956742687993 0.183945243726018 0.176679061074747
0.163923995088143 0.346906047017897 0.208175814640284 0.204311487066503
0.0535690419269817 0.452512474106362 0.144693472703736 0.263467116117199
-0.199512449271749 0.421096364718982 -0.0403161393791695 0.308860854526329
-0.4061273306067 0.143818063320821 -0.189631664757752 0.168025829700653
-0.395677241719177 -0.272597564547752 -0.16795955242131 -0.0255837533580657
-0.0583720335047187 -0.558111004003327 -0.0553094919410593 -0.0358769750312765
0.337454639594598 -0.53962691987815 -0.0624034686487262 0.189509856223482
0.286996258701093 -0.400702142565493 -0.629685897930508 0.426335705310662
-0.00722411826665678 -0.472371292930639 -0.0828754081384452 0.517037494754662
-0.265041513818288 -0.287615171075314 0.111679681488798 0.167646981716566
-0.323923597698494 0.0311512148120516 -0.058494575482832 -0.0118865173016118
-0.20326200546488 0.23381072099138 -0.155843567863784 0.209261234201732
-0.0178394942233112 0.308995053561045 0.0618869156111433 0.352534396007101
0.100997680389008 0.279616150591011 0.215026099427651 0.32241536337301
0.10782845509099 0.254053632746307 0.241389901440078 0.294850305823976
0.0820296253271051 0.251535599942841 0.24344553354273 0.308794557754993
0.00213711479228001 0.287290601297974 0.144855979430266 0.338632217473986
-0.143732613572903 0.238320850960389 -0.0547185635960712 0.334916817704639
-0.220538755089592 0.0542932514485816 -0.19158932611516 0.156685672606359
-0.19639948395413 -0.138493870813239 -0.12507317032392 0.0129081225892004
-0.0591035018797828 -0.316781039295261 -0.060159379556689 0.0480256164329748
0.185856896230519 -0.363339320299684 -0.157017611926621 0.314080332625989
0.0892761900890409 -0.224309951215293 -0.699731142564085 0.540399893651266
-0.0622860282867007 -0.210223879466592 -0.134761704786954 0.602873823503305
-0.116684180513948 -0.0721136358607054 0.0928140093605977 0.220317230937487
-0.0962175059241824 0.0101390135922924 -0.0616638964007775 0.0249037870052268
-0.0771177768971124 0.0568676481383138 -0.173325830684591 0.244321893854281
-0.0277911827145405 0.10664577434369 0.0574639789890408 0.426688759707559
0.0113437860471383 0.13174355945971 0.237181144679912 0.406982050147059
0.00280766979164817 0.133651850759455 0.26393596538802 0.368759720508235
-0.0035951412746596 0.121606428098791 0.240562111393449 0.370641424278726
-0.0362686101719491 0.0968776023819671 0.117057958808742 0.367988082918145
-0.0710225912619675 0.055965466030929 -0.0713460988871035 0.312587269443212
-0.0430676624148229 -0.00745502063553143 -0.175711898470263 0.118336029756633
-0.0316152751571224 -0.0031309469875905 -0.0798341417344534 0.0355182063975013
-0.0733514609348709 -0.083524906930086 -0.0609807667729645 0.0969985152536325
0.0181540219962344 -0.168396060211832 -0.202858172350164 0.379264360936268
0.120504123931026 0.0154359833958518 0.18431412313469 -0.487986054346922
0.0939017350976487 -0.0965149238699698 -0.022764832766671 -0.204063456578725
-0.0644035817927968 -0.11505229602096 0.0390538123776026 -0.0563230002964057
-0.1051853332032 0.035126697748201 0.135593640916241 -0.0752159911424756
-0.0203456282864428 0.11167193614565 0.102834450068798 -0.264494845864243
0.0429578586747646 0.0797823659280687 -0.107032279945464 -0.387799544594273
0.0765066958037156 0.0163344138192187 -0.249109936458223 -0.396617183357403
0.099520319961786 0.00518046888859016 -0.275316151934991 -0.378227950353213
0.0911014211356159 0.0350563387968945 -0.239329533759302 -0.386794209430718
0.0705832109421027 0.117692880279119 -0.0910590410772833 -0.379965600930415
-0.0294386803228982 0.136294704654814 0.080549538068767 -0.275152380304427
-0.15086907665462 0.0393316212893787 0.0589079765271251 -0.100136454894914
-0.100620741681096 -0.149816798377827 -0.0601787420166247 -0.248824289094506
0.109537740040811 -0.141307516186636 0.158506099469544 -0.481843193791256
0.145179995193301 -0.0232344498633642 0.64734191205987 -0.551704619930761
0.249116904418685 -0.155739049013366 0.133147648933788 -0.434555966724723
0.111426395006149 -0.255151028749502 0.0164840495031089 -0.188234071202336
-0.134311589564456 -0.223347338968353 0.0370263952243323 -0.0750017560111858
-0.227322362461744 0.0387904060495024 0.0999129264617288 -0.0728181413616067
-0.106945955979242 0.230207649014103 0.0983250708974498 -0.213857400040085
0.0504592417526646 0.245116208968791 -0.0612684473964146 -0.348080792980537
0.153785590511089 0.161496586955317 -0.190354373812903 -0.364187138078421
0.200922435213247 0.143427873007549 -0.214739002614049 -0.340458195239027
0.183928408409318 0.18809428466519 -0.17507428128387 -0.330957003876188
0.107340758177825 0.327710485408059 -0.0598408335699026 -0.299440849145727
-0.129255337159394 0.338346897269752 0.0442146531522816 -0.18872455986995
-0.373312541594104 0.109459761538051 -0.00194281802676813 -0.0685268400069856
-0.322084703712209 -0.320367184993901 -0.113914920457882 -0.266940294649454
0.0950170001041322 -0.455886847796653 0.118700652028391 -0.485346193386543
0.328540376869336 -0.303751839424769 0.564084189322062 -0.512459750685904
0.361417314085345 -0.317451685092651 0.0322131220072659 -0.328123643432221
0.115302252980934 -0.418885081747755 0.0456182768371899 -0.12583246434344
-0.216058299544484 -0.333370774983252 0.061611314203638 -0.078588055679312
-0.353205880331456 0.0424073902269715 0.072309875541918 -0.0910712452531591
-0.192270906209212 0.334294691112527 0.0681950659251563 -0.158735743866042
0.0503648763512696 0.390111018911158 -0.0229818980463383 -0.262493046526616
0.211586165620863 0.289148423336045 -0.110199506595293 -0.277768533500198
0.272343735692633 0.257430159443873 -0.122112748284926 -0.250257947427441
0.249777022941904 0.306089747302272 -0.0789565495139736 -0.224874937099338
0.14075638685408 0.486230783269035 -0.00872636561238873 -0.171299689191981
-0.192712609012873 0.503332774183643 0.0135891834266135 -0.0612198721687452
-0.532995075553135 0.192409348527064 -0.0666526126152358 -0.00709510148468438
-0.517272632833278 -0.414093105348998 -0.170972350270822 -0.237004873416116
0.0329667845185364 -0.691751622039538 0.0513630952051672 -0.426571080531179
0.439159090450261 -0.540335906478252 0.41749033965606 -0.39092668821203
0.437195375547589 -0.454009427629844 -0.116228359560782 -0.162445730952349
0.0959658465470975 -0.574422642609467 0.0549951912293832 -0.000629778504717911
-0.315254489522107 -0.430484559296587 0.101282508710109 -0.0478456024233189
-0.472878981592528 0.0576174141450056 0.0493782941449498 -0.105753333497109
-0.263424443152846 0.418942660497496 0.0180720522452626 -0.084889301446597
0.0452194793566846 0.493316078610936 0.0106491745594777 -0.131239758824332
0.241541360620365 0.377882493710973 -0.017620363875883 -0.146368155308164
0.301701967745301 0.332054969336151 -0.0118128657813502 -0.121781713493249
0.274546610588678 0.373310578309117 0.0326422589910131 -0.0884128234533936
0.153943268301011 0.568396767577853 0.0581678527818126 -0.0170643878618386
-0.211129151561369 0.591110876422876 -0.00212854252500044 0.0887497931301873
-0.594174935170464 0.252641517657407 -0.121388914106636 0.0747534549664375
-0.618475971615231 -0.419797925737938 -0.207178819887118 -0.16545111276114
-0.0422345826162275 -0.795194708648592 -0.0128118340064691 -0.304613408483552
0.464520819978695 -0.675435199169462 0.242333067895268 -0.205516702558126
0.455845253399385 -0.532072287791333 -0.293925081413264 0.0478770943615575
0.0580931612373773 -0.6702219700983 0.0392842861927242 0.176773602366665
-0.391114783423664 -0.475470078889081 0.135701334288744 0.0131122087851307
-0.536726427944515 0.0751009821067161 0.0153414477096021 -0.0955890758668353
-0.295067332994745 0.448328579041369 -0.0434208095283178 0.0179267195135804
0.0400974634566248 0.525079014950087 0.0420998476369003 0.0354982688566062
0.240778233036553 0.409038046549198 0.081063587232566 0.0138957123011159
0.283769893088146 0.356904265991303 0.101020097844922 0.0235553255466263
0.251906505425637 0.382867410610987 0.141254649229309 0.0567929401978049
0.137926126432776 0.552368711716837 0.123933332917021 0.132821267515923
-0.198452138072561 0.567524824011265 -0.00649474713141826 0.225598051417567
-0.54083310787819 0.247233510570594 -0.158523306125818 0.148865116178462
-0.580662078794474 -0.353695182331752 -0.20751445623406 -0.0809874584456139
-0.0891679282225029 -0.738312645278097 -0.0531964216881979 -0.157713683192581
0.412207376735627 -0.676158768707715 0.0743824410377237 0.00480279198670561
0.39789913475956 -0.521931956372142 -0.467820521832996 0.271786013581687
0.00829984407388008 -0.641419685524268 0.00378639881652042 0.367034297678931
-0.385451705512332 -0.425023782661257 0.14375233546771 0.0884814963524811
-0.488425036746007 0.0758419882502926 -0.0285615404757403 -0.0584257146810236
-0.268956502475184 0.391219183854341 -0.103088624086678 0.131997401637315
0.0261119038857035 0.45996229267278 0.070499682320166 0.208003078442402
0.198587767149555 0.374016038160897 0.172011008390261 0.175778325511149
0.221532609285231 0.327427560158781 0.198233128139338 0.165297509991471
0.188536752881027 0.339472592317179 0.224035800883154 0.188099104961823
0.0876459952124205 0.449867247980609 0.16664173168405 0.251540684779682
-0.167660683468095 0.436573709422268 -0.011198008935782 0.314317177874621
-0.396071272048536 0.171294012977294 -0.17728383303917 0.184017792483119
-0.414184538259119 -0.248481934894038 -0.17559687410987 -0.0160213099235117
-0.0933705160232804 -0.553347540690847 -0.0654621238874121 -0.030547056946183
0.30276189942859 -0.562249092337814 -0.0554858445137606 0.192150357354974
0.263608773632574 -0.416821549377826 -0.601842428835741 0.463935216181869
-0.0400340766235793 -0.472264271043422 -0.0468023941899185 0.522208963497078
-0.284584377483744 -0.273690790262075 0.128186446869019 0.159672274231049
-0.324076938210629 0.0540953852434728 -0.061410741172792 -0.0103277566261663
-0.187283161530808 0.248384377162458 -0.146319062458783 0.220046946763948
0.00488235283831126 0.309603656545451 0.0861718001884518 0.345678438364645
0.12280984899269 0.273856875130113 0.237097563830252 0.30976367284304
0.12608331211331 0.250117630882319 0.265505975396987 0.281884542634615
0.098678621062812 0.248962186640015 0.26687208209408 0.291619606152363
0.0231593306257766 0.288342372355645 0.171631937165208 0.327021892982469
-0.125304722151647 0.249305462350497 -0.0251981074144989 0.340666522305741
-0.217235599143373 0.0691324552268081 -0.178196125824763 0.17217243668184
-0.205646877726481 -0.127418991715205 -0.127690348216648 0.0198279476976373
-0.0792659139070777 -0.310514321205822 -0.0636297962048255 0.0547696950747226
0.159946629664182 -0.376873668115216 -0.138699054763424 0.323022027191827
0.0756290422445797 -0.229911644675987 -0.666798794198991 0.583447723103322
-0.0785685479344182 -0.205781140270247 -0.0915352111149646 0.613255224367607
-0.121691230580719 -0.0667370000005264 0.112759748674275 0.214380042334851
-0.096418639060368 0.0177430014659072 -0.0603675587392829 0.0267769457148142
-0.0736262483577043 0.062424091735157 -0.161271670533214 0.255826109290423
-0.0203693677559667 0.107397381003292 0.0867088068058124 0.421014365529628
0.0221399070800121 0.131671154595045 0.266335940969414 0.392356535567267
0.0126540452002824 0.136280758358073 0.292936196662345 0.354568442717434
0.00372781417700232 0.123809703504885 0.268119009094569 0.355242305403599
-0.0302738172761927 0.10058557857834 0.145960419905471 0.35931630520086
-0.0663856742984391 0.0609192850829276 -0.0449874802792322 0.317289206596732
-0.0434910488958518 -0.00532595926551036 -0.164677780203266 0.133758631414809
-0.0312118645123356 -0.00131296504191139 -0.0793094879453994 0.0399763605256674
-0.0785960621694497 -0.0760685675220458 -0.0590939926846751 0.104384791388556
0.00531711450100946 -0.170164560484396 -0.176590055248318 0.39026601831764
0.119617044170288 0.00848161309166868 0.148230155986795 -0.478194054384873
0.0874100743030616 -0.10042893425812 -0.0345180475507244 -0.19653911574317
-0.0686467296376304 -0.10652308007602 0.0313183511498553 -0.0591286602286465
-0.100214313651735 0.0406773956765899 0.121966342286232 -0.0818646703939179
-0.0111563326149298 0.109259865758202 0.0810053734455178 -0.259807339029601
0.0477136509057986 0.0759800492520517 -0.129841101434848 -0.363736734991175
0.0736913694787689 0.0107753161600705 -0.267222142891547 -0.367413896163551
0.096200294101945 -0.00226353193612848 -0.292815061179632 -0.353865434073319
0.0914893331182092 0.0280239577848776 -0.254407041591135 -0.361784084280813
0.077215749710683 0.108418329923855 -0.109942273649363 -0.362190834656323
-0.0198694127321955 0.134035976576907 0.0617783339888944 -0.269002857713534
-0.143484135319589 0.0477538868017421 0.0495748938316471 -0.0975107866498639
-0.105235283729094 -0.139819577319279 -0.0755228005241942 -0.234653338189388
0.0986224200081838 -0.1444702073983 0.124358530635697 -0.477715004885965
0.140075611429677 -0.0297121878667136 0.590046962581677 -0.566245119358357
0.234259768556306 -0.161659011894245 0.101152804720391 -0.426564748957874
0.0948426398420015 -0.253788278011802 0.00462584773159275 -0.184621635466453
-0.141894130592266 -0.207799906288949 0.0299014488813774 -0.0782660773736563
-0.217438107276314 0.051158957130222 0.0865932557843618 -0.0768279475433998
-0.0868247794589507 0.228248083579046 0.0792958857461213 -0.209942208735784
0.0661367879357746 0.234541547372918 -0.0836980840880485 -0.328771948984764
0.157220347675404 0.145910982640649 -0.208669345008628 -0.339641306572347
0.202306142450911 0.125714909041066 -0.23083896510583 -0.320234945570071
0.190376847080867 0.170236948715961 -0.189228141183182 -0.312401100313525
0.126846994737186 0.30930191834213 -0.0749600676726593 -0.28673604641946
-0.102693188734188 0.335919622739306 0.0342347118216461 -0.182869739620084
-0.353416923726553 0.129249356645543 -0.00741578090942658 -0.0630299607194303
-0.329165260994611 -0.293052581428943 -0.130994990648815 -0.250619706572321
0.0667093635091046 -0.446864542740824 0.084032494304446 -0.478330158056039
0.300059847972187 -0.311543571092522 0.508384314282676 -0.525558399352457
0.333176154724256 -0.323463571028597 0.00901668835291288 -0.318076513991149
0.08983092701178 -0.410612253894144 0.0362680043153666 -0.126869446380902
-0.227190646362321 -0.310551757477473 0.0545510898552385 -0.0838484255824104
-0.338738693921655 0.0624922681542889 0.0589392016419534 -0.0925436417404683
-0.163671999424001 0.334347152466932 0.0525155823181245 -0.154282698977535
0.0744691080584679 0.374526567235887 -0.0416458731712524 -0.250496322149621
0.221101046041121 0.265886564796775 -0.126430222995237 -0.261204739370112
0.279334792206327 0.233406630387962 -0.135381777590866 -0.237954384806108
0.260816537885861 0.281144412210723 -0.0901460854847852 -0.216075503010961
0.168171994532581 0.462444614698555 -0.0167916247959151 -0.167143043573586
-0.153578020460772 0.499333615117864 0.015435195059752 -0.0577914004459842
-0.504223407416974 0.218439282710455 -0.0650798231470638 0.00081090464437886
-0.522018676424705 -0.373640715837603 -0.186632033033359 -0.217228400245493
-0.00430964449596669 -0.672090501832112 0.0211872784859969 -0.41470464506943
0.392779161394186 -0.545651184248874 0.372265478605747 -0.398804581295774
0.400704349937808 -0.456298069113334 -0.123715204232275 -0.15295060482071
0.0620449403666237 -0.559261163761884 0.0524623744410948 -0.00801348805078953
-0.328049498593018 -0.39999461346174 0.096236244642179 -0.0571880680090875
-0.453224722207378 0.0848800908656129 0.0362083951809376 -0.105682415643933
-0.226691273435475 0.419965400890771 0.00835211395000146 -0.0797967060329434
0.0767789935826912 0.472543122487985 -0.000787950780179271 -0.127623194434486
0.256456743654431 0.350458364250382 -0.0272476988902817 -0.13922336330981
0.310642035879624 0.304585076834828 -0.0197472216736401 -0.120154568357874
0.288536522360081 0.34709819896638 0.0266220479611965 -0.0914653179043372
0.189458660912903 0.538770082169198 0.057164162528518 -0.0237028420476522
-0.165814076994206 0.585659629807376 0.0110185871943767 0.0874674549880504
-0.559239500775804 0.279489980077463 -0.112540357731767 0.0828052221387379
-0.62196574497785 -0.374100738159839 -0.218882494265983 -0.147310647170272
-0.082644970315545 -0.765965564498015 -0.0372748694591823 -0.292341227241154
0.408905384003585 -0.676402480820903 0.213546122806871 -0.210366800012644
0.414058332510828 -0.534263194119766 -0.283599440475002 0.0585814211875312
0.0183362017045402 -0.648702266086706 0.049249342119865 0.164894822173279
-0.403840325103735 -0.440035052177332 0.134934550282952 0.000495600322833773
-0.514539289587515 0.105267685949926 0.00485107932153958 -0.094795249906214
-0.255875211233107 0.451323520888378 -0.0456528797423651 0.0222049591187245
0.0718223948420005 0.50177360425539 0.0403425633179705 0.0304673688214884
0.257139403657434 0.379516550930605 0.0777453621210839 0.00922179974767009
0.295362303369455 0.329447160033381 0.0990307778476282 0.0158293393766296
0.266234899046232 0.357131786577911 0.140116385909374 0.042564068560717
0.170430087699501 0.525412640570953 0.130609594570331 0.116894903165564
-0.155426980383756 0.560752061167098 0.0160831126017867 0.2194733427338
-0.506780858291689 0.270252393195276 -0.142463256988591 0.156043016299672
-0.580171407217187 -0.311662348781831 -0.213524988320798 -0.0647171551032026
-0.127053483886847 -0.707702304408978 -0.0678970799194322 -0.145981896413324
0.358356074110074 -0.677004326547234 0.0648633340017582 0.00209705906604916
0.355600632096725 -0.520339588932297 -0.43788730731144 0.282814899033281
-0.0291672995005575 -0.617413727537843 0.0261035719843069 0.351046596806256
-0.39848434815205 -0.391334664927057 0.148770052183347 0.073351919584012
-0.467334289786851 0.102330921169988 -0.0345310556680246 -0.0565544062329911
-0.235052507427205 0.394594881550511 -0.0970340572633191 0.135490836905959
0.0548812338918941 0.440120370400675 0.077891682573336 0.194653155894185
0.216233869608407 0.346728930171157 0.175270438882774 0.159646333444512
0.233769644986775 0.306455206842412 0.202935636394866 0.148025394722928
0.20162214147864 0.319144912953749 0.22831940561741 0.165853702845401
0.114956487859455 0.429720236105541 0.178671753942388 0.229744438045483
-0.133068122352801 0.43192796503048 0.0163231853842164 0.304599152126254
-0.373365686536301 0.18856001144034 -0.157155646951851 0.190733049201573
-0.414340693688871 -0.218910068175033 -0.17754018796886 -0.00454829727051662
-0.12114437062698 -0.527085773461619 -0.0719838356566096 -0.0210537370790638
0.255487936829549 -0.559194606266926 -0.0466541862261532 0.188725899645817
0.231235075378977 -0.414531467122653 -0.556957944016211 0.475392971514724
-0.0652197642543342 -0.451877562983082 -0.0133386939368545 0.504023622479397
-0.290779775888958 -0.250845940795538 0.138534614359589 0.143863571613546
-0.309425258905264 0.0724575124649776 -0.0617948113716175 -0.00809699477090361
-0.165832153295908 0.252205230752473 -0.132343953061017 0.223102227042128
0.0241581909019286 0.29697812848743 0.102953406584078 0.32553139025643
0.136543153371614 0.25689790511945 0.247545918577057 0.285986775596297
0.137736263073258 0.23720087947035 0.275370923748095 0.257856195504702
0.11009675812647 0.235962961455551 0.27612169958648 0.264578449484216
0.0418030422128318 0.277697907985973 0.187789728654746 0.303271311382254
-0.104238773927748 0.247861646330086 0.00257141906792948 0.329364529502165
-0.20533642640403 0.0796745300305172 -0.159051232394645 0.179125163312485
-0.206285373314285 -0.111953468288217 -0.126961768596102 0.0274165752163026
-0.0933608402001084 -0.292982837655088 -0.0635236306510276 0.0614221099907329
0.130572152110483 -0.373010500835916 -0.116705678264867 0.319078649258793
0.0607805600512965 -0.225215224584564 -0.611683592500331 0.599235096968687
-0.0890484946768901 -0.192771927076879 -0.0481639541216972 0.597052582716085
-0.122221634435218 -0.0589368465600145 0.126435133521261 0.199065471215896
-0.0925632138751791 0.0235756904767007 -0.0573666879656811 0.0269421602834856
-0.0681766803887561 0.0654648961108464 -0.143529333511828 0.257223048698015
-0.0137409860166709 0.103776146888991 0.108223571450871 0.398575328919813
0.0308368135533162 0.126071269115983 0.282075746048071 0.364361194418819
0.0214861185242311 0.133178463784864 0.309071617004686 0.329037599857823
0.00983043053095174 0.121173739224621 0.282279802485351 0.328617958442155
-0.0237295934988698 0.0992392290038991 0.165275075958656 0.33530251981963
-0.0588723558972861 0.0619358692386804 -0.0188870959404805 0.308223639866146
-0.0410020659293921 -0.00296646656047374 -0.147379275380514 0.140072356692026
-0.0301320566336628 0.000715592947894214 -0.0756405207076342 0.0437035595510145
-0.0795232194715282 -0.0657334123684686 -0.0545661788999909 0.108602727392533
-0.00577307558544987 -0.163684557653246 -0.146102176430104 0.38451312116532
0.112277070912318 0.0216138831106321 0.185400720722268 -0.419030446090904
0.095202873322878 -0.0847433629122589 -0.00559659361452198 -0.18723037635282
-0.0506397195382242 -0.106728344335157 0.0373588970561129 -0.0608037002781134
-0.0990002337430979 0.0249947799916352 0.115750102081599 -0.0683483228020309
-0.0232135160620813 0.101155628986452 0.0952964004431094 -0.233981507783181
0.0390445104646434 0.0811650842100654 -0.0906016579879992 -0.347780486578261
0.0663543467952463 0.0200286113164479 -0.2175261868141 -0.372389990744763
0.0905984729987939 0.00699839908792999 -0.241793006694156 -0.370837404635106
0.0833130387139433 0.0391545693823859 -0.20422923468879 -0.376325947578374
0.0618258534381468 0.11323930449301 -0.0648378703639185 -0.362235578810026
-0.0355507137874791 0.126730492593999 0.0926171841152246 -0.254173971697993
-0.14344832748747 0.0302331285289774 0.0613262244622824 -0.0873171095975024
-0.0867850607545981 -0.142452089590101 -0.0471893351358147 -0.227091034878709
0.10724079465034 -0.126110945078811 0.168180467691266 -0.442220081552965
0.133837742368974 -0.0111533734459107 0.629040387546715 -0.481020179269447
0.237611271806314 -0.12028251649387 0.150343311499347 -0.372770407481278
0.1208888815426 -0.223127608640741 0.0357172490348717 -0.177084332771545
-0.104428157689955 -0.210671479199186 0.0417115192423446 -0.0853405134668721
-0.209781313083741 0.018595449627264 0.0826299000693906 -0.0712487819346435
-0.110811755748214 0.20176570290365 0.0847267798641545 -0.191878133642284
0.0371426416604631 0.230173502701154 -0.0576836861398216 -0.309064860841189
0.131443300050326 0.157530944683636 -0.167168336506991 -0.341433405129483
0.177796097482096 0.142373729578022 -0.184994109632019 -0.332790225537019
0.161004608281658 0.186164528254167 -0.146911968651579 -0.32576471202409
0.0861138534714734 0.309097964241187 -0.0371214924736649 -0.293951789585756
-0.137849537798543 0.308861288067175 0.063824561099705 -0.179764461570172
-0.353070063175123 0.0841610714198796 0.00863546134422537 -0.0631028199591946
-0.284487598733688 -0.313278484597567 -0.0956828616855853 -0.241866122898561
0.110758531119764 -0.418023429989785 0.129385463648981 -0.435009371631535
0.317264509291246 -0.264678522924556 0.543555746782425 -0.433746889999809
0.347128890055914 -0.255478247884088 0.0659136499923125 -0.282651936985572
0.134643289107723 -0.3671448227685 0.066436083324615 -0.126001346803346
-0.170343803956747 -0.317172428516829 0.0700959133105091 -0.09542346916642
-0.32325677058204 0.0113220963697912 0.0584677054000138 -0.0924634098890551
-0.197139866692809 0.290111554270705 0.0512621458819866 -0.147415511342996
0.0276041811372562 0.360119703255088 -0.0307552064894374 -0.230956589056439
0.178272798016677 0.277934097555856 -0.0990314777048728 -0.259976641433123
0.239124871257667 0.25487885541405 -0.101451720899024 -0.244798209379284
0.215290247574701 0.300109555035824 -0.0625652663596754 -0.226641617271291
0.109775292699073 0.457716683878507 0.0070264352233016 -0.178617213619536
-0.205201917227563 0.457296374643209 0.0381225025635875 -0.0669036668048566
-0.506717146909843 0.152275150366022 -0.0488553620358785 -0.0102668290453976
-0.460085496244278 -0.410842454841159 -0.148884344620733 -0.212223985269725
0.0681827050308828 -0.641904714992943 0.0622607826454217 -0.368899964149965
0.432400336240738 -0.480161911496768 0.396663861227531 -0.31520600356747
0.424069919831181 -0.370771408594925 -0.0631316472297424 -0.143401796500598
0.126949229662143 -0.506122370400543 0.0758597039090167 -0.0188273892321874
-0.253485948144111 -0.411846219689019 0.111026694484989 -0.0741714266331077
-0.433095765616978 0.0171813514423543 0.0387203134881423 -0.112358591247682
-0.268828061904566 0.360729503362994 -0.00015204901877357 -0.0865703318788078
0.0172551798683175 0.450759103331889 -0.00840024654643048 -0.11171118535467
0.203518087170994 0.361022732768096 -0.0185246518091088 -0.13626367102987
0.261594196821049 0.328535497853392 -0.00341711748095533 -0.119253148455357
0.23360526830599 0.364783958856615 0.0356097433475464 -0.0958655501493663
0.119367881074079 0.533034055653915 0.0637760597103871 -0.0362576877090795
-0.225254163908809 0.537628279285234 0.0214110238542251 0.068640206054807
-0.566023875984976 0.202253239488541 -0.101528004903728 0.0621351423423322
-0.553673285286486 -0.423624069577273 -0.184761566925646 -0.146397966458858
0.00409740856584424 -0.73861376069963 -0.00432487057507999 -0.251502034014542
0.463348656241681 -0.604541918543362 0.223041038530827 -0.14463435872123
0.445475088130851 -0.439310038628374 -0.226812765532071 0.0343661461197256
0.0981062835982021 -0.594801975827505 0.057476763680958 0.138306882962665
-0.320290353082211 -0.460978727144149 0.143343172395008 -0.021258994629269
-0.491939825160557 0.0271381530541085 0.00809452017516769 -0.109128443004016
-0.301794935336013 0.386648232907464 -0.0619293421027454 0.000748270116844709
0.00666194263033065 0.476074983440929 0.0131617407281081 0.0388802475420154
0.201375885809522 0.38685221769015 0.064969084073911 0.0142885633698069
0.245402131844919 0.351205726891967 0.0956188379158555 0.0232204297058987
0.212493919278585 0.371170402561651 0.130064834823752 0.0454771360518021
0.10421982753523 0.518492682773978 0.118592618052235 0.105925330655321
-0.210409057692767 0.513038832377999 0.01137515256702 0.195347002757238
-0.514334911613352 0.199874829827155 -0.138872781901859 0.130074145266813
-0.519804845071937 -0.358268422800068 -0.189684189127574 -0.0697322238041922
-0.0410749556366386 -0.687041131308701 -0.0485415567882591 -0.114880003774823
0.413780705360967 -0.610363518099169 0.0595733686073624 0.0425344081570314
0.392032259401258 -0.436555406261925 -0.395332202204197 0.222793230237759
0.0503089228348254 -0.571334832051142 0.0148122096091582 0.310402699496073
-0.3204155896318 -0.414901997109119 0.147262347193301 0.0503975712467171
-0.448892359240992 0.0326061933520879 -0.0305453277039421 -0.0766646877522237
-0.274707755535174 0.337057950372527 -0.118971010018131 0.101810454744834
-0.00299096100638587 0.415820833739816 0.0350210471915008 0.19405853471556
0.166899714354593 0.352184318100751 0.143277249516939 0.166490370380462
0.190433356787586 0.321651897976511 0.180660212104782 0.16223837830749
0.154809539409565 0.32662458137073 0.202028692473349 0.175405783504468
0.0620169894193058 0.420370702563018 0.152538187559734 0.222694624019774
-0.174170999253932 0.393367395478614 -2.20338243571048E-05 0.279761367119428
-0.376146504404416 0.135689282301093 -0.159546863348434 0.164128249695426
-0.370277159880719 -0.252637803115839 -0.165640174686299 -0.0118108031970841
-0.0552885672244551 -0.513611205202549 -0.0665723675036539 -0.00226907966575437
0.30537257552451 -0.509283149429004 -0.0669413620978279 0.204913390318851
0.263129587475536 -0.354696454875776 -0.534720219977417 0.385077598155239
-0.00582383421020491 -0.423746260742304 -0.042615308520822 0.4539959696801
-0.240312026839557 -0.269895078703351 0.126102303089101 0.12513884385506
-0.297918647602238 0.0253528719587913 -0.0587469330156201 -0.029035252662364
-0.191425334657411 0.21254957291191 -0.155701618392398 0.183518167201623
-0.0161106102940182 0.276710206999586 0.049908268067472 0.317321397090862
0.101881077241531 0.257129427832734 0.200891120495761 0.292541214181877
0.10633953931871 0.244953160171089 0.237581165874447 0.276384621229479
0.077226998885872 0.237462587033619 0.237618853817762 0.27774734023187
0.00928211728483495 0.266521382363386 0.152260886536829 0.29894352280324
-0.12444144595776 0.221258493097757 -0.0204308396727943 0.308148565027801
-0.201688176837605 0.050963507991813 -0.164347559739112 0.156285657129592
-0.182895711449458 -0.127892151475191 -0.122774326280954 0.0185547292422304
-0.0550902560913122 -0.287096661468284 -0.0675059075315378 0.06852992138682
0.166376810331814 -0.342462609022102 -0.146270219406376 0.312468565638264
0.0822962335031406 -0.20066667626144 -0.613296615902625 0.488694091697877
-0.0600332774834409 -0.187552878806519 -0.096436065826835 0.546123016837503
-0.10769770583662 -0.0710874950744594 0.102826894757023 0.189001123246668
-0.089115990660055 0.00956952971019241 -0.0562615510446046 0.012762839862702
-0.0739917509728744 0.0509557477714237 -0.164264134596485 0.220999578937359
-0.0284098156947862 0.0909469860484071 0.0568905984246792 0.382348388005523
0.0167508755583294 0.121277373910344 0.227118521904134 0.370057976800189
0.00775483601762599 0.132064376287726 0.260495234982109 0.348528193938888
-0.00392574656668917 0.114904763316828 0.236152684258517 0.341617514962124
-0.034115084672618 0.089409210266719 0.125194300982321 0.334128475585409
-0.0610094309731941 0.0494694583486362 -0.0441815061911277 0.289402650230967
-0.0355016797175472 -0.00917537356234889 -0.152378403588398 0.121560420794399
-0.0271719601829817 -0.000806624083634036 -0.0784129330086898 0.0352386238142168
-0.0672048304880405 -0.0696237549862081 -0.0632923407298515 0.105984294779358
0.0134939683729512 -0.159326532375059 -0.178400656225419 0.361903771277619
0.110284827390952 0.0222037334782841 0.182990358780483 -0.401180435965302
0.0948025540613261 -0.0841468453554565 -0.0031048151025657 -0.18286204809261
-0.0483756808290691 -0.104594586347928 0.0346546088196359 -0.0611906132388936
-0.0969710007908115 0.0244178489556078 0.109661742987556 -0.0660983796881871
-0.0226691876727492 0.097827596714616 0.0915909007263038 -0.224613680459805
0.0386424375311751 0.0798077717023429 -0.087353498924469 -0.3338157266362
0.0636703861154666 0.0204296908514529 -0.211451623779087 -0.364157452087096
0.0871788374100953 0.00681712429222221 -0.234171808785102 -0.364586422101142
0.0822072149434138 0.0377384636086038 -0.195497569297194 -0.369841256800379
0.0606350622795439 0.109798871835707 -0.0591249309469727 -0.352997230675185
-0.0348652086877062 0.123044163402523 0.0931750907037741 -0.244896057202965
-0.139762429232595 0.0286750809108279 0.0593093972678277 -0.081554417418972
-0.0822464842600567 -0.14087818086822 -0.0464810751836046 -0.218767068271777
0.105746438092845 -0.122009321395052 0.167846619002877 -0.428349937432927
0.130941176453481 -0.00822629769126241 0.612632566760027 -0.454849206078249
0.234530441152002 -0.111958973960765 0.148202463523171 -0.359169210834493
0.121240728508754 -0.21653742382768 0.037378008047123 -0.173772699701221
-0.0991727482300616 -0.206694269595848 0.0400073287836811 -0.0860920129159155
-0.203379711498619 0.0170131173679765 0.0767877076730417 -0.0684919796968678
-0.107773093904659 0.194986658530846 0.0817225377846192 -0.183068328698885
0.0361719445031905 0.224176049615391 -0.0555369530741649 -0.296690124731392
0.125538097808088 0.153859953035686 -0.160740494001105 -0.332601422451297
0.170804296587633 0.139880055102912 -0.17984535178108 -0.328757629913065
0.155870434369964 0.182377730389608 -0.139852175400001 -0.320772979493057
0.0834156182266847 0.301268147375327 -0.0320573231771279 -0.286828625303587
-0.135352635160582 0.299920319600289 0.0665438032853415 -0.172174616248077
-0.344144292463736 0.0780635853292657 0.00862824543823273 -0.0578679962585144
-0.272400376752764 -0.310045443045433 -0.0957243581063516 -0.23416018423523
0.114470749709685 -0.405681259610411 0.128418884900053 -0.419864427420654
0.311668235231246 -0.250774007851577 0.528203738544433 -0.411488964277019
0.343048868126299 -0.240071867181318 0.0651369419780988 -0.273096811422018
0.137332842909651 -0.354685965829049 0.0669764455082704 -0.123940170227898
-0.161100254344826 -0.310939232445516 0.0689530427734603 -0.0962740711460817
-0.314002141262124 0.00840149890382355 0.0538792769495563 -0.0899381874805417
-0.192875277314513 0.280201585513689 0.0486876769238528 -0.139252303582628
0.0253583275480611 0.349236900547128 -0.0306362118508658 -0.22125636079956
0.170219825286379 0.271796118285192 -0.0950484128145767 -0.252712911780617
0.228927225625606 0.25121662522923 -0.0990808469213755 -0.24176456423328
0.206921795576836 0.293612357112531 -0.058760099763771 -0.224139669299628
0.105929060029249 0.446398515143805 0.0101062778498362 -0.17547650957596
-0.200605443136127 0.444723318610316 0.0426722909434218 -0.0638979723518272
-0.493252170963241 0.141966396522123 -0.0476653459533971 -0.00688769124328056
-0.442523669490491 -0.407836710103395 -0.149787280368369 -0.20501563821148
0.0752689786839949 -0.622445881391452 0.0614460316487138 -0.355784874802814
0.4259416470449 -0.458958065210588 0.382241773661856 -0.297832435200803
0.418337611459353 -0.3517025284876 -0.0623708404913998 -0.140749560219489
0.131902807547519 -0.488848595132309 0.0748462385442304 -0.0204100048357251
-0.240921891515068 -0.40464762502989 0.110092528787442 -0.0766710991168047
-0.419941579806585 0.0119164314172798 0.0347918042725624 -0.109637201303162
-0.262206285585315 0.348576346988359 -0.00250028262956573 -0.0799483876299316
0.0146301725982307 0.43832479568169 -0.010162438362438 -0.107550472248815
0.19394180547981 0.351446575564943 -0.0188359309453035 -0.131887383155405
0.252118388244127 0.322960851397612 -0.00367972207948449 -0.11817186174523
0.22490607263334 0.357707048881819 0.0357656158342431 -0.0960288073623291
0.113794679893812 0.518630154278037 0.0641331981678244 -0.0373706963869513
-0.220872210876566 0.522147228571402 0.0264920588808709 0.0670019268574607
-0.551382110679338 0.191132705316363 -0.0979198267209026 0.0630775614579235
-0.536304888652097 -0.42026759717826 -0.186005144527288 -0.141151645323121
0.0146487697822809 -0.719152158944717 -0.00602789321561242 -0.240281073158195
0.455666720811975 -0.578277513686378 0.21350430873213 -0.135054172254757
0.441219758669605 -0.416358388710075 -0.223744880426355 0.0277569940535002
0.104137815108082 -0.57426214411313 0.0556379617188987 0.131539524454886
-0.304102460935535 -0.453439969619242 0.142229163917433 -0.0244656699531552
-0.476293696038707 0.0209110265663514 0.00621878530635871 -0.106608994310132
-0.295242494486383 0.372563727864434 -0.0632907374268597 0.00419370824564029
0.00285372449829317 0.461895704401742 0.00940814688130871 0.0379336840607206
0.190993955715018 0.378189648155578 0.0622539010155915 0.0154528967686409
0.235576275002099 0.346082115342442 0.0926320035854877 0.022490555769307
0.201970749585104 0.36594409024046 0.126273658966583 0.0428283727554916
0.0991395636224537 0.503151858414834 0.116088547900597 0.100959337348147
-0.206915295940138 0.497841718659558 0.0161141544738162 0.189640518411533
-0.500536562755532 0.18780559964995 -0.134543911972684 0.128025535372689
-0.502223394985439 -0.356453501609084 -0.191276082566244 -0.0659504791207511
-0.0310356958891054 -0.668385615874522 -0.0510709725443594 -0.106663360139809
0.407353970686105 -0.583908782875166 0.0527083525617301 0.044798930310415
0.387723748490471 -0.416735604052143 -0.389326404510051 0.207569794210107
0.0559066878833427 -0.552169712907344 0.0130460023017395 0.298539651873806
-0.306700254515227 -0.406475202532434 0.146630071352469 0.0454118814489087
-0.434230224009118 0.0268916850407685 -0.0310548032491472 -0.0764089569287956
-0.269595204338374 0.323160403265791 -0.120039273488342 0.101408076801056
-0.00678786278898274 0.40282476717093 0.0296062434687597 0.1875771432691
0.158492026224292 0.343952583043904 0.136946040845165 0.163488679786287
0.181754196186975 0.317759287706514 0.174632317199925 0.159305557900869
0.14735765958611 0.321476634787318 0.195826172012883 0.169649398808979
0.0589541144259089 0.40858605933953 0.147455902432549 0.21444188195795
-0.169186502075704 0.380643956618347 0.00379617663489871 0.270438157159877
-0.364635963356935 0.12826930304429 -0.154089803265414 0.160697212728408
-0.358670808939237 -0.250424030459411 -0.166187554858612 -0.0106350791607805
-0.0471129144809028 -0.498042536473878 -0.0690890632779314 0.0026710978808336
0.300596415580116 -0.487794849904236 -0.0707551272662756 0.19879685312266
0.262035770111424 -0.33781235195291 -0.526273274941038 0.362795313535645
-0.000765836537658349 -0.409223366949715 -0.0451265694043878 0.437425490082551
-0.231160039159932 -0.265784628658675 0.125726782448454 0.118549244328438
-0.288432094069729 0.0218133379283069 -0.0581915647472651 -0.0306099338367351
-0.187202171365634 0.205170204248051 -0.156975317689795 0.17920274947601
-0.0191850459364044 0.267060939228917 0.0434515820357949 0.307310040519493
0.0968627121225065 0.250404659315741 0.191896005016351 0.287004749599301
0.102621159285683 0.242410789479686 0.230560847775192 0.271733877594742
0.0720516989877528 0.233590908800432 0.229787583926681 0.271462756138934
0.00801742398688477 0.258346194165092 0.147041647388899 0.289397049566103
-0.121107585744191 0.213069270867544 -0.0166422053766699 0.297191501526693
-0.195061438190501 0.0478294298858354 -0.157694619105518 0.152269920112772
-0.175596934415005 -0.126407828367371 -0.123758101811182 0.018895647352837
-0.0487752168333743 -0.277108737055117 -0.070040626486872 0.0713410726902311
0.163195977631796 -0.328657415257635 -0.14530667701433 0.300147786772106
0.0833208081099843 -0.192637925987224 -0.602416948152731 0.463393370127525
-0.0572313936787033 -0.180742500203513 -0.0980475017459432 0.526294380488224
-0.104468698145143 -0.0698711399301838 0.101848945420413 0.182890273966057
-0.0865589686145389 0.00869009746905845 -0.054549334943524 0.00980854098601777
-0.0726485040093269 0.0488793464265091 -0.164638571833275 0.213088525772745
-0.0300122622983132 0.0870263005756969 0.0496917244405474 0.369940909389751
0.0161530443510221 0.11742623258255 0.216266194269766 0.3625749909057
0.00771170228553988 0.130536828408653 0.254146982796929 0.343362619254746
-0.00578598872515777 0.11353573367723 0.227892962877354 0.336737807299395
-0.0343100172071141 0.0861003692042661 0.121217560435749 0.322383935223686
-0.0590501640071315 0.0462495855722805 -0.0414717297351943 0.278812054326915
-0.0331918192887382 -0.00992471275258317 -0.145955795976243 0.118488876087949
-0.0257755340064647 -0.000125709155519927 -0.0778017685616064 0.0350444436697643
-0.0637825306868898 -0.0660400687812976 -0.064404362788894 0.106878877543656
0.0143805089472265 -0.153656117089947 -0.176052538707759 0.34596691725219
0.112169201920149 0.0245038889888341 0.192984974586196 -0.397345928381463
0.0972803753510333 -0.0856152632875016 0.00175984901622481 -0.184309498999393
-0.0471140834373795 -0.107329068212462 0.0341314724378623 -0.0637525752719916
-0.0984929460858632 0.0234828739110192 0.108254302815709 -0.0656064122917982
-0.0235712916185566 0.0987823674131511 0.0939615189097578 -0.223523180034903
0.0392566179404896 0.0820092749044925 -0.0836656347490828 -0.333309867296465
0.0630502885839118 0.0216202133823758 -0.207582994396217 -0.369630621988758
0.0868475965345717 0.00678786261440422 -0.235088608942154 -0.374037523725542
0.0828178079621173 0.0383818684797195 -0.189812294628777 -0.378153546587067
0.0604983226322288 0.111819007731658 -0.0519596581667425 -0.356981443449724
-0.0362934003271253 0.12413939463028 0.09975520816924 -0.243008821804312
-0.141778226123164 0.0264249968181503 0.0609091004928007 -0.0775878039888164
-0.0792338526823038 -0.144712065699211 -0.0446685841378169 -0.219085109073399
0.110109066543071 -0.121647566166979 0.17655735939575 -0.429378994623179
0.13283742181011 -0.00414568897643984 0.622389893701049 -0.441051955033834
0.240229983923253 -0.106782595506638 0.155611899752355 -0.355976200652196
0.127707420676754 -0.21696047946381 0.0424829158303422 -0.175234942847154
-0.0958891870102662 -0.211027506169291 0.0403865875043976 -0.0904331609381155
-0.2047127673851 0.0134710735815792 0.0752589373445249 -0.0683925336110656
-0.110730590045795 0.195081553696515 0.0836623001092115 -0.180198101220166
0.0340001883452372 0.226984874013307 -0.0528431176003646 -0.296249393336778
0.12217111020325 0.158396707265987 -0.158643511452873 -0.337413167233306
0.168559186706312 0.144339038968472 -0.179056172650688 -0.337704808421161
0.154398575899806 0.186048354370878 -0.13544596781825 -0.329715531976128
0.0807158363877761 0.304601560794703 -0.0258144838918011 -0.290438601174073
-0.140912566861278 0.300092901019344 0.0730500565523107 -0.17187947873832
-0.347477993224821 0.0715014023870341 0.0089153991901525 -0.0548539464662703
-0.268506856240413 -0.320316923948733 -0.0966425149455968 -0.234963161603871
0.124419623545335 -0.409127641369052 0.136926803290232 -0.419788409601692
0.319748199981416 -0.243646553391101 0.535472800826645 -0.396365848926621
0.352923862527316 -0.23254164464322 0.0694015048555006 -0.271671383580536
0.147131430916871 -0.353528437924608 0.0716590136820827 -0.126357913943906
-0.155302979398756 -0.318278308021971 0.0713438774384401 -0.100482952064657
-0.314771467721943 0.00181309552135569 0.0526229324054729 -0.0898556594983555
-0.197910406291609 0.279884036114079 0.049564553118431 -0.135160454267644
0.0206158488310512 0.352558299506078 -0.0293477085449979 -0.221095735857045
0.164965792732393 0.277792140832476 -0.0937265484647039 -0.255540624745644
0.225137834382264 0.258871178031638 -0.0994350078533897 -0.24787499754254
0.203278561482421 0.299999515997835 -0.0550655844980987 -0.230215816411262
0.102183628742297 0.449921104252426 0.0146837985708865 -0.178566946673067
-0.208736489169088 0.444441083147392 0.0485097905364405 -0.062718438600351
-0.499294218532917 0.132333656621884 -0.047927196769775 -0.00392494260214804
-0.439242832994831 -0.423350951396314 -0.153004373765574 -0.205320878906313
0.0906538024838803 -0.628412072154253 0.066367359232152 -0.35549200730409
0.438545938800853 -0.448042646300396 0.386533643099782 -0.287677301902609
0.433131141872077 -0.339445756555281 -0.0624057214392071 -0.144131379684284
0.145848572484992 -0.487694703122149 0.0774884332093069 -0.0221361083049554
-0.232728925960151 -0.415118276011898 0.113372522740072 -0.0809601955503356
-0.421803247970063 0.00238293788887349 0.0341297371015525 -0.110715612198653
-0.270080565542371 0.346107631994036 -0.00374916207798441 -0.0769294070826577
0.00709310515755168 0.44175422524847 -0.0112662413434434 -0.106403223762226
0.186856909524091 0.361189023800916 -0.0175882515166158 -0.131917900669541
0.2481601717351 0.333679601490611 -0.00423017981983424 -0.12149759708553
0.219272683530432 0.365619861105776 0.0380582250879417 -0.0992837402972046
0.110048356675141 0.523686026218255 0.0667329646144695 -0.0389921659889884
-0.23009829330987 0.523327776839634 0.0307420683425237 0.067229255936018
-0.558750638589462 0.180057485569091 -0.0989068706965945 0.0655468590909736
-0.531598345547459 -0.437734079121705 -0.192445367828723 -0.140577689808051
0.0326130836500214 -0.725741437334034 -0.00509404436881072 -0.237352953495044
0.469858030071786 -0.570351932394255 0.212877243242475 -0.12641569455768
0.455656962127047 -0.405914120604289 -0.227884500285771 0.0208899316648911
0.119793538710136 -0.57185956157403 0.0549181561568193 0.129913422489315
-0.296410424516312 -0.464958142079309 0.146282405837573 -0.0279101005187328
-0.479860620819475 0.010198758823333 0.00632896404665349 -0.108730750569873
-0.304671564832103 0.368371996694536 -0.066294036588932 0.00714651362147136
-0.00502918321567078 0.46400395978563 0.00616781778345268 0.0387435613468843
0.18496839672847 0.386405109402678 0.0606368300468252 0.0169841298438008
0.230825580880111 0.357798558156384 0.0920156078408858 0.0231208670283951
0.196668264195499 0.374392371193779 0.12770668718097 0.0434147976756446
0.095329232204887 0.509035408946555 0.116944173915684 0.101200399111034
-0.214821789751864 0.499698607568222 0.0188257322237182 0.190500063198688
-0.507673456138363 0.178233579055465 -0.135636286582398 0.130796645464175
-0.49957262203945 -0.372907894175208 -0.198295308568113 -0.065029138929147
-0.0153188318405171 -0.675384556553152 -0.0529014876670686 -0.102730560087647
0.421543163772719 -0.575087159539357 0.0485271674711856 0.0490503127448433
0.401847639453277 -0.40645074296665 -0.398827819125026 0.196780501683859
0.0707091894856748 -0.552304984906077 0.00839853251935321 0.297969780170203
-0.298632760755326 -0.418230854670829 0.151137909501804 0.0431466610417053
-0.436758235156853 0.0177071818991859 -0.0314086974647681 -0.079153638687198
-0.277534471542524 0.321079660113611 -0.125091840127716 0.103152795971889
-0.0165479325340445 0.404114274023955 0.023385075477254 0.188998451803011
0.15139133253471 0.349705787692297 0.133483371108555 0.168024476777966
0.178078543531197 0.3275683739742 0.174123097159615 0.163852700846544
0.142342089626499 0.328884164820146 0.194955344014399 0.173400276022629
0.0555485618318038 0.410909848553605 0.146490699766883 0.215366313319659
-0.175029494627062 0.38185106023538 0.00443386064678323 0.271438904800129
-0.368020376972814 0.121074252050243 -0.15619033209014 0.162475045195438
-0.356283528481541 -0.261137185763725 -0.17317410436867 -0.00894146797310683
-0.0350867249422144 -0.502514849798335 -0.0729395233579546 0.00796010565137038
0.312283426852976 -0.481971348088633 -0.0769866655237574 0.199292889984381
0.272631839107764 -0.332662614074191 -0.538688195560043 0.350364745895016
0.00837224829046549 -0.40831719167511 -0.0516617643402792 0.437289592594626
-0.227825792515348 -0.273381886243934 0.128455012289663 0.117714531273182
-0.290123026272959 0.0158849439819027 -0.0580434911574408 -0.0333983557763279
-0.19197797610534 0.202438820268503 -0.163728451302431 0.180013408707256
-0.0254814136943926 0.268065919103254 0.0357164319644882 0.307857005127882
0.0926631806449574 0.254882835776336 0.186622443085572 0.292420818745433
0.0994481815461327 0.249479471666708 0.229954693590915 0.279356242610518
0.0681981985556273 0.239616921346178 0.227829698878878 0.276942031068622
0.00428204795752119 0.259980848177265 0.144757086812269 0.290348351625944
-0.123404072947035 0.211652107273142 -0.0177195418840851 0.296974982566513
-0.195743645108306 0.043382803159068 -0.158975906778755 0.1530548651047
-0.174125484501613 -0.12986605832592 -0.128320510610383 0.0202969462372587
-0.0430067077098777 -0.278910250257019 -0.0740346217531493 0.0758294052446998
0.169788398285386 -0.324696119545884 -0.152827711114661 0.297150241066519
0.0889074208581432 -0.192383731221193 -0.617490940867517 0.449375089555542
-0.0540375815889554 -0.180717928470157 -0.106685032603373 0.527577445711482
-0.103800659302296 -0.0721273870549086 0.103415237559199 0.183453936535327
-0.0864733139204998 0.00684268249113507 -0.0555076244927557 0.00640399631178356
-0.0742428066142689 0.047673705192186 -0.172476804141885 0.212896516712945
-0.0334212947259787 0.0871520996807637 0.0410890055934697 0.372157439103846
0.01497489718712 0.118824338409785 0.210069801209481 0.370687911889104
0.00666676014830008 0.133723046703999 0.252819149773982 0.351314319072007
-0.00819663846713998 0.11631944601225 0.224518073398306 0.342012554200715
-0.0368428599009616 0.0861353813381513 0.118431403286704 0.325218617985003
-0.0593821674209308 0.0446138298775778 -0.0427747306972946 0.278325259820431
-0.0318185686810447 -0.0111225050163123 -0.145531815977178 0.118519460634226
-0.0246204000730827 0.00039816829098163 -0.0800631247957178 0.0367311056584461
-0.0618937808258616 -0.0663756236763495 -0.0688669501697081 0.110544685592606
0.0164369614741369 -0.152866376273793 -0.182370724825361 0.340391381027816
