TRXV5
3
4
4
9
string Extension=J
integer IsArchMeasurement=1
integer IsSpherical=1
string Generator=SPM
string GeneratorVersion=1.3.1 Dev
double ArchRadius=0.449999988079071
integer FrequencyAxisIndex=0
integer AzimuthAxisIndex=1
integer ElevationAxisIndex=2
Frequency
5 136 690000000 960000000 LIN
Azimuth
7 8 0 2.74889357189107 LIN
Elevation
7 15 -2.74889357189107 2.74889357189107 LIN
Polar H Real Part
13
Polar H Imaginary Part
14
Polar V Real Part
13
Polar V Imaginary Part
14
Polar H Magnitude (dB)
12 0xC0000002 0 1
Polar H Phase
7 0xC0000003 0 1
Polar V Magnitude (dB)
12 0xC0000002 2 3
Polar V Phase
7 0xC0000003 2 3
-0.0227584838867188 0.0126266479492188 0.0308780670166016 0.0154571533203125
0.000440597534179685 0.0223255157470703 0.0104589462280273 0.0109004974365234
0.0109310150146484 0.00745201110839844 0.00213336944580078 0.0155086517333984
0.0105657577514648 -0.000391006469726563 0.0138511657714844 0.0215892791748047
0.00897407531738281 -0.00522613525390625 0.0249404907226563 0.0148277282714844
0.00547885894775391 -0.0117311477661133 0.0297489166259766 0.00324821472167969
0.00360679626464844 -0.0108003616333008 0.026763916015625 -0.00110626220703125
0.00479316711425781 -0.00954914093017578 0.0199222564697266 -4.19616699218756E-05
0.00990390777587891 -0.0104484558105469 0.0111427307128906 0.00351715087890625
0.0148773193359375 -0.00174045562744141 0.00186491012573242 0.00292563438415527
0.0128707885742188 0.0105152130126953 -0.00389671325683594 -0.00819826126098633
0.00298976898193359 0.0165643692016602 0.00498771667480469 -0.0181465148925781
-0.0124444961547852 0.0134849548339844 0.0293521881103516 -0.0161685943603516
-0.0211315155029297 0.00802993774414062 0.034088134765625 -0.000892639160156249
-0.02972412109375 -0.000324249267578124 0.0146770477294922 0.00341892242431641
-0.0320510864257812 0.00737571716308594 0.0209236145019531 0.0198154449462891
-0.0111045837402344 0.0219497680664062 0.0029458999633789 0.0169048309326172
0.0031585693359375 0.0130996704101562 -0.000333786010742186 0.0220108032226563
0.00763797760009766 0.00786399841308594 0.0126914978027344 0.0264205932617188
0.0109081268310547 0.00208950042724609 0.0236740112304688 0.018890380859375
0.0123424530029297 -0.00543594360351563 0.0290756225585938 0.00723838806152344
0.0118322372436523 -0.00699615478515625 0.0250263214111328 0.0029144287109375
0.0111160278320312 -0.005889892578125 0.0169944763183594 0.00375938415527344
0.0163106918334961 -0.00605106353759766 0.00693416595458985 0.00711822509765625
0.0195140838623047 0.003997802734375 -0.00342416763305664 0.00539636611938477
0.0138206481933594 0.0170831680297852 -0.0101156234741211 -0.00777435302734375
0.000913619995117189 0.0232276916503906 -0.0009002685546875 -0.0190315246582031
-0.0184574127197266 0.0172195434570312 0.022308349609375 -0.0185775756835938
-0.0292510986328125 0.0073394775390625 0.0237312316894531 -0.00274276733398437
-0.03759765625 -0.00317764282226562 0.00301837921142578 0.00187158584594727
-0.0375900268554688 -0.000194549560546882 0.00716018676757812 0.0211086273193359
-0.0226268768310547 0.0179214477539062 -0.00860023498535156 0.0211944580078125
-0.00684452056884766 0.016749382019043 -0.00532150268554688 0.0283031463623047
0.00234603881835938 0.0167055130004883 0.00994491577148438 0.0313796997070313
0.0107793807983398 0.011408805847168 0.021087646484375 0.0218162536621094
0.0175189971923828 0.00260066986083984 0.0261707305908203 0.0105724334716797
0.0180034637451172 -0.00200843811035156 0.0201873779296875 0.00599861145019531
0.0157594680786133 -0.00148868560791016 0.0109157562255859 0.00673389434814453
0.0204811096191406 -0.00125312805175781 0.00013542175292969 0.00964546203613281
0.0216712951660156 0.00806808471679688 -0.00977516174316406 0.00724411010742188
0.0143222808837891 0.0199947357177734 -0.0162544250488281 -0.00660419464111328
0.000635147094726565 0.0257396697998047 -0.00787925720214844 -0.0182418823242188
-0.0196781158447266 0.0194320678710937 0.0135135650634766 -0.0198516845703125
-0.0316333770751953 0.00794029235839843 0.0113096237182617 -0.00289440155029297
-0.0403900146484375 -0.00521087646484375 -0.00978279113769531 7.53402709960919E-05
-0.0366401672363281 -0.00774383544921876 -0.00716781616210938 0.0191669464111328
-0.0296192169189453 0.0103263854980469 -0.0220794677734375 0.0222988128662109
-0.0163412094116211 0.0168333053588867 -0.0132484436035156 0.0318031311035156
-0.0042877197265625 0.022186279296875 0.00443649291992187 0.0338478088378906
0.00870132446289063 0.0183506011962891 0.0159015655517578 0.0230541229248047
0.0196952819824219 0.0107669830322266 0.0200309753417969 0.0124130249023438
0.021087646484375 0.00358772277832031 0.0126228332519531 0.00750255584716797
0.01788330078125 0.00318527221679688 0.00335788726806641 0.00830316543579102
0.0210952758789063 0.00342369079589844 -0.00656890869140625 0.01092529296875
0.0208740234375 0.0111293792724609 -0.0159873962402344 0.00836181640625
0.0120487213134766 0.0197277069091797 -0.0213966369628906 -0.00475692749023438
-0.000171661376953127 0.0246181488037109 -0.0129146575927734 -0.0162181854248047
-0.0183525085449219 0.0181980133056641 0.00550651550292969 -0.0175762176513672
-0.0288162231445313 0.005828857421875 -0.000805318355560304 -0.000779867172241211
-0.0370521545410156 -0.0075836181640625 -0.0226306915283203 -0.00174331665039062
-0.0304374694824219 -0.013336181640625 -0.0211124420166016 0.013092041015625
-0.0295734405517578 0.00208091735839844 -0.0356025695800781 0.0186424255371094
-0.0214099884033203 0.0128059387207031 -0.0220489501953125 0.0322647094726563
-0.0109195709228516 0.0225353240966797 -0.000820159912109373 0.0327339172363281
0.00451278686523438 0.0214881896972656 0.00965690612792969 0.0201606750488281
0.0171060562133789 0.0162954330444336 0.011570930480957 0.0107355117797852
0.0205116271972656 0.00831222534179688 0.00324010848999024 0.00683784484863281
0.0163259506225586 0.00698375701904297 -0.00498151779174805 0.0082235336303711
0.0190467834472656 0.00756645202636719 -0.0136709213256836 0.0116090774536133
0.0174570083618164 0.0130653381347656 -0.0213069915771484 0.00858116149902343
0.00872230529785156 0.0195999145507812 -0.0247840881347656 -0.0032806396484375
-0.00280380249023438 0.0217170715332031 -0.0155038833618164 -0.0134820938110352
-0.0176277160644531 0.0132961273193359 0.000466346740722654 -0.0133638381958008
-0.0246925354003906 0.00183296203613281 -0.00992774963378906 0.00329017639160156
-0.0313358306884766 -0.0114612579345703 -0.0332145690917969 -0.00252151489257813
-0.0172920227050781 -0.0144433975219727 -0.0291099548339844 0.00633430480957031
-0.0209732055664062 -0.00434494018554688 -0.0433349609375 0.0121994018554687
-0.0196762084960937 0.00551414489746094 -0.0277805328369141 0.0282402038574219
-0.01318359375 0.0159378051757813 -0.00622940063476563 0.0281047821044922
-0.000942230224609376 0.0186004638671875 0.00423049926757813 0.01568603515625
0.0108671188354492 0.0170078277587891 0.00393772125244141 0.00779390335083008
0.0153388977050781 0.0117130279541016 -0.00547647476196289 0.00517702102661133
0.0127334594726562 0.0093545913696289 -0.012725830078125 0.00724983215332032
0.0149021148681641 0.0104303359985352 -0.0190925598144531 0.0100440979003906
0.0123043060302734 0.0144338607788086 -0.0244941711425781 0.00633621215820313
0.00394058227539063 0.0179862976074219 -0.0256099700927734 -0.0038299560546875
-0.00675773620605469 0.0181541442871094 -0.0155858993530273 -0.0120058059692383
-0.0179729461669922 0.0069122314453125 -0.00313472747802735 -0.0098114013671875
-0.0191364288330078 -0.00512504577636719 -0.0154190063476563 0.0043935775756836
-0.0208683013916016 -0.0163974761962891 -0.0393028259277344 -0.00533294677734374
-0.00209712982177734 -0.0117197036743164 -0.0324001312255859 0.000146865844726561
-0.00571107864379883 -0.00686836242675781 -0.0449447631835938 0.00658035278320312
-0.00991630554199219 -0.00204944610595703 -0.0302162170410156 0.0240211486816406
-0.010493278503418 0.0049123764038086 -0.00815773010253906 0.0229339599609375
-0.00481224060058594 0.00935745239257812 0.00157356262207031 0.009368896484375
0.00168704986572266 0.0133247375488281 -0.00258231163024902 0.00242924690246582
0.00695991516113281 0.0129070281982422 -0.0121736526489258 0.00234699249267578
0.00620555877685547 0.0106124877929688 -0.0186862945556641 0.0051116943359375
0.00806617736816406 0.0110893249511719 -0.0237865447998047 0.00783729553222656
0.00614643096923828 0.0142917633056641 -0.0275859832763672 0.00360298156738282
-0.000142097473144533 0.0158843994140625 -0.026580810546875 -0.00584602355957032
-0.00994110107421875 0.01409912109375 -0.0152254104614258 -0.0130443572998047
-0.0179443359375 0.000556945800781249 -0.00379467010498047 -0.00957298278808594
-0.0130729675292969 -0.0120744705200195 -0.0174188613891602 0.00408458709716797
-0.00966644287109375 -0.0207729339599609 -0.0420188903808594 -0.00907135009765626
0.0136280059814453 -0.00747108459472656 -0.0283832550048828 -0.00189781188964843
0.00949859619140625 -0.00784492492675781 -0.0404052734375 0.00403976440429687
0.00172233581542969 -0.00853538513183594 -0.0281944274902344 0.02069091796875
-0.00541353225708008 -0.0065760612487793 -0.00768661499023438 0.0188846588134766
-0.00813436508178711 -0.000862598419189452 0.00152778625488281 0.00649404525756836
-0.00772190093994141 0.00765466690063476 -0.0047297477722168 -0.00120258331298828
-0.00228786468505859 0.0120048522949219 -0.0146570205688477 -0.0011444091796875
-0.000385284423828125 0.0101404190063477 -0.0218009948730469 0.00166893005371094
0.00106430053710937 0.0109386444091797 -0.0266151428222656 0.00388145446777343
0.000193595886230468 0.0126934051513672 -0.0287284851074219 -0.000768661499023437
-0.00420856475830078 0.0121078491210937 -0.0258922576904297 -0.00938796997070313
-0.0112409591674805 0.00928211212158203 -0.0147905349731445 -0.0148782730102539
-0.0161819458007813 -0.00476932525634766 -0.00479221343994141 -0.0120420455932617
-0.00630950927734375 -0.0169353485107422 -0.017146110534668 -0.002166748046875
0.00243949890136719 -0.0226001739501953 -0.0391502380371094 -0.0149383544921875
-0.0222015380859375 0.0172157287597656 0.0349330902099609 0.0175075531005859
0.00437545776367188 0.0247001647949219 0.0138063430786133 0.0118293762207031
0.0140571594238281 0.00648021697998047 0.00363254547119141 0.0159826278686523
0.0120391845703125 -0.00267601013183594 0.0152530670166016 0.0219898223876953
0.00866794586181641 -0.00808238983154297 0.0269775390625 0.0145111083984375
0.00359916687011719 -0.0144891738891602 0.0316829681396484 0.00240135192871094
0.00204086303710937 -0.0128469467163086 0.0293197631835937 -0.00193977355957031
0.00311374664306641 -0.0106611251831055 0.0223274230957031 -0.000112533569335938
0.00822925567626953 -0.0136127471923828 0.0137109756469727 0.00436878204345703
0.0160627365112305 -0.00474929809570313 0.00337362289428711 0.00508451461791992
0.0155315399169922 0.00923061370849609 -0.00439548492431641 -0.00702190399169922
0.00645923614501953 0.0175418853759766 0.00337600708007812 -0.0182247161865234
-0.0116195678710937 0.0175857543945313 0.0294094085693359 -0.0192985534667969
-0.0232563018798828 0.0129547119140625 0.0373611450195313 -0.00305557250976562
-0.03338623046875 0.00475311279296875 0.0171060562133789 0.00465679168701172
-0.0332756042480469 0.0111370086669922 0.0250816345214844 0.0232467651367188
-0.00883865356445313 0.02447509765625 0.00656700134277344 0.0190887451171875
0.00522899627685547 0.0123462677001953 0.00154685974121094 0.0229625701904297
0.00881290435791016 0.00687026977539063 0.0145912170410156 0.0277137756347656
0.0107851028442383 0.000443458557128906 0.0266399383544922 0.0198345184326172
0.0116300582885742 -0.00755500793457031 0.0321750640869141 0.00690078735351563
0.0113115310668945 -0.00824260711669922 0.0284042358398438 0.00272178649902344
0.0108880996704102 -0.00711250305175781 0.0202064514160156 0.00390434265136719
0.0164785385131836 -0.00849628448486328 0.00973987579345703 0.00821781158447266
0.0216522216796875 0.00203323364257812 -0.00153255462646484 0.00820016860961914
0.0170793533325195 0.0169944763183594 -0.0108022689819336 -0.00526618957519531
0.00408935546875 0.0254459381103516 -0.00311660766601562 -0.0181140899658203
-0.01885986328125 0.0213184356689453 0.0212421417236328 -0.0214519500732422
-0.032379150390625 0.0111904144287109 0.0258560180664063 -0.00357437133789062
-0.0426101684570313 0.000736236572265623 0.00419306755065918 0.00426459312438965
-0.0401268005371094 0.0019683837890625 0.010223388671875 0.0257415771484375
-0.0229377746582031 0.0196666717529297 -0.0056915283203125 0.025054931640625
-0.00652980804443359 0.0170145034790039 -0.003173828125 0.0303897857666016
0.00299739837646485 0.0169582366943359 0.0122241973876953 0.0334072113037109
0.0118265151977539 0.0105762481689453 0.0240116119384766 0.0228767395019531
0.0182113647460938 0.00150299072265625 0.029449462890625 0.0112323760986328
0.0188751220703125 -0.00348472595214844 0.0237255096435547 0.00597572326660156
0.016937255859375 -0.00177860260009766 0.0140924453735352 0.00753974914550781
0.021575927734375 -0.00278663635253906 0.00323677062988281 0.0116205215454102
0.024322509765625 0.00731658935546875 -0.00807476043701172 0.0102863311767578
0.0166873931884766 0.0206565856933594 -0.0172805786132813 -0.00354957580566406
0.00257682800292969 0.0282382965087891 -0.0101127624511719 -0.0168800354003906
-0.0200557708740234 0.0227127075195313 0.012237548828125 -0.0211448669433594
-0.0354766845703125 0.0104713439941406 0.012359619140625 -0.00250244140625
-0.0453376770019531 -0.00312042236328126 -0.0102958679199219 0.00346088409423828
-0.0399856567382813 -0.00745010375976562 -0.00581550598144532 0.0244731903076172
-0.0316829681396484 0.0113716125488281 -0.0208454132080078 0.0270977020263672
-0.0172328948974609 0.0181560516357422 -0.0113277435302734 0.0350933074951172
-0.00469589233398437 0.0242385864257812 0.0070343017578125 0.03643798828125
0.00962638854980469 0.0194931030273438 0.0186595916748047 0.0245380401611328
0.0213203430175781 0.0109119415283203 0.0235385894775391 0.0125446319580078
0.0235500335693359 0.00322723388671875 0.015355110168457 0.00813198089599609
0.0197639465332031 0.00341796875 0.00617599487304688 0.00937271118164063
0.0233516693115234 0.00313568115234375 -0.00420951843261719 0.0128803253173828
0.0232048034667969 0.0111331939697266 -0.0142374038696289 0.0117273330688477
0.0141315460205078 0.0216388702392578 -0.0220947265625 -0.00123023986816406
0.000495910644531249 0.0275611877441406 -0.0149364471435547 -0.0138988494873047
-0.020233154296875 0.0205211639404297 0.00383949279785156 -0.0177879333496094
-0.0330562591552734 0.00751495361328125 -0.000530540943145754 0.00076591968536377
-0.042266845703125 -0.00709533691406251 -0.0238533020019531 0.00192642211914062
-0.0333728790283203 -0.0153675079345703 -0.0216884613037109 0.0180110931396484
-0.0328845977783203 0.00134849548339844 -0.03607177734375 0.0242042541503906
-0.0244293212890625 0.0137462615966797 -0.0203590393066406 0.0367202758789063
-0.0117435455322266 0.0254192352294922 0.00117111206054688 0.0353775024414062
0.00481414794921875 0.0239238739013672 0.0124588012695313 0.0218963623046875
0.0196914672851563 0.0177783966064453 0.0147056579589844 0.0112686157226563
0.0237827301025391 0.00907516479492188 0.00523996353149414 0.00797557830810547
0.0192909240722656 0.00798797607421875 -0.00335407257080078 0.00999832153320313
0.0218372344970703 0.00807762145996094 -0.0115671157836914 0.0138788223266602
0.0201778411865234 0.0145511627197266 -0.0198535919189453 0.0116729736328125
0.0101318359375 0.0219459533691406 -0.0249500274658203 -0.000274658203124993
-0.00298118591308594 0.0249443054199219 -0.0173187255859375 -0.0117664337158203
-0.0203037261962891 0.0155048370361328 -0.000865936279296875 -0.0127944946289062
-0.0289688110351563 0.00144195556640625 -0.0100898742675781 0.00539493560791016
-0.0360145568847656 -0.0127792358398438 -0.0361251831054688 0.000846862792968742
-0.0195121765136719 -0.0185146331787109 -0.0317440032958984 0.0104808807373047
-0.024383544921875 -0.00725173950195313 -0.0454788208007813 0.0174713134765625
-0.0227565765380859 0.00555610656738281 -0.0275459289550781 0.0328311920166016
-0.0156478881835938 0.0186328887939453 -0.00497627258300781 0.0305423736572266
-0.00123405456542969 0.0215873718261719 0.00570297241210937 0.0163698196411133
0.0133342742919922 0.0199489593505859 0.00552082061767578 0.00806999206542969
0.0191230773925781 0.0133285522460938 -0.00473642349243164 0.00588178634643555
0.0159683227539063 0.0111579895019531 -0.0121097564697266 0.00857353210449219
0.0181083679199219 0.0118560791015625 -0.0185222625732422 0.0118122100830078
0.0152034759521484 0.0167131423950195 -0.0239048004150391 0.00919723510742188
0.00519943237304688 0.0212059020996094 -0.0262966156005859 -0.00141716003417969
-0.00729560852050781 0.0215587615966797 -0.0165243148803711 -0.0104389190673828
-0.0211429595947266 0.00897026062011718 -0.00356292724609375 -0.00900554656982422
-0.02392578125 -0.00624275207519532 -0.0163497924804688 0.00682449340820312
-0.0253372192382813 -0.0191497802734375 -0.0427207946777344 -0.00284576416015625
-0.00207710266113281 -0.0160722732543945 -0.0359764099121094 0.0029144287109375
-0.00763893127441406 -0.0110511779785156 -0.0487747192382812 0.0108871459960938
-0.0130062103271484 -0.00376224517822266 -0.0304965972900391 0.0282020568847656
-0.01422119140625 0.00620746612548828 -0.00716972351074219 0.0245780944824219
-0.00678920745849609 0.0123119354248047 0.00262737274169922 0.00962448120117188
0.002960205078125 0.0176239013671875 -0.00205159187316895 0.00259613990783692
0.0103931427001953 0.015437126159668 -0.0129823684692383 0.00295162200927734
0.00935268402099609 0.0128803253173828 -0.0192699432373047 0.00667381286621094
0.0112743377685547 0.013890266418457 -0.0238609313964844 0.00989913940429687
0.00885868072509766 0.0175409317016602 -0.0277862548828125 0.00565528869628906
0.000467300415039064 0.0195369720458984 -0.0274524688720703 -0.00418281555175781
-0.0108280181884766 0.0179519653320313 -0.0162582397460938 -0.0118770599365234
-0.0216922760009766 0.00193595886230469 -0.00420141220092774 -0.00859308242797852
-0.0179080963134766 -0.0140609741210937 -0.019073486328125 0.00543212890625
-0.01361083984375 -0.0249710083007813 -0.0461769104003906 -0.00767135620117187
0.0155601501464844 -0.0126447677612305 -0.0315876007080078 -0.00104331970214844
0.00955963134765625 -0.0129919052124023 -0.0438995361328125 0.00694656372070313
-0.000326156616210936 -0.0113210678100586 -0.0277748107910156 0.0237960815429688
-0.00899982452392578 -0.00693035125732422 -0.00650787353515625 0.0200576782226563
-0.0105819702148438 0.000968933105468752 0.00185537338256836 0.00555419921875
-0.00706672668457031 0.0114173889160156 -0.00537776947021484 -0.001953125
0.000170707702636718 0.0149831771850586 -0.0166196823120117 -0.00158500671386719
0.00204086303710938 0.0125255584716797 -0.0237617492675781 0.00288009643554687
0.00382804870605469 0.0135049819946289 -0.0279998779296875 0.00522613525390625
0.00231170654296875 0.0154170989990234 -0.0298519134521484 0.000158309936523432
-0.00329303741455078 0.0152797698974609 -0.0272636413574219 -0.0082244873046875
-0.0126142501831055 0.0124654769897461 -0.0162410736083984 -0.0146455764770508
-0.0199260711669922 -0.00324058532714844 -0.00582981109619141 -0.0114650726318359
-0.0103759765625 -0.0197906494140625 -0.0195579528808594 -0.00114250183105469
-0.000350952148437498 -0.0275936126708984 -0.0438919067382813 -0.0150566101074219
-0.0196704864501953 0.0216541290283203 0.0397109985351563 0.01751708984375
0.00878334045410156 0.0251331329345703 0.0170803070068359 0.0118570327758789
0.0161228179931641 0.00406646728515625 0.00558662414550781 0.0154237747192383
0.0121221542358398 -0.00548076629638672 0.0165443420410156 0.0218887329101563
0.00713253021240234 -0.0108518600463867 0.0285053253173828 0.0143318176269531
0.000461578369140627 -0.0159416198730469 0.0330181121826172 0.00137901306152344
-0.000476837158203125 -0.0134878158569336 0.0318717956542969 -0.0034942626953125
0.000967025756835938 -0.0122537612915039 0.0248928070068359 -0.0015411376953125
0.00612831115722656 -0.0159358978271484 0.0162887573242188 0.00441360473632812
0.0154409408569336 -0.00808620452880859 0.00619888305664063 0.00637435913085938
0.0183181762695313 0.006591796875 -0.00471210479736328 -0.00492238998413086
0.00987720489501953 0.0170936584472656 0.00211524963378906 -0.0177326202392578
-0.00913429260253906 0.0206165313720703 0.0279808044433594 -0.0219860076904297
-0.0231361389160156 0.0179729461669922 0.0399055480957031 -0.0055999755859375
-0.0347118377685547 0.0105247497558594 0.0201549530029297 0.00577354431152344
-0.0322303771972656 0.0150566101074219 0.0300006866455078 0.0249309539794922
-0.00612449645996094 0.0256500244140625 0.00989341735839844 0.0198745727539063
0.00687122344970703 0.0111656188964844 0.00382804870605469 0.0233821868896484
0.00922107696533203 0.00510883331298828 0.0164356231689453 0.0281600952148438
0.0103464126586914 -0.00136089324951172 0.0291709899902344 0.0193443298339844
0.00972080230712891 -0.00862693786621094 0.034637451171875 0.00629997253417969
0.00991058349609375 -0.00979232788085938 0.0317783355712891 0.00141143798828125
0.0100307464599609 -0.00797462463378906 0.0237216949462891 0.00300025939941406
0.0154504776000977 -0.010411262512207 0.0130853652954102 0.00874805450439453
0.022308349609375 -0.0005340576171875 0.00131607055664063 0.0102434158325195
0.0196056365966797 0.0155830383300781 -0.010655403137207 -0.00221729278564453
0.00690650939941406 0.0259952545166016 -0.00464057922363281 -0.0165214538574219
-0.0173912048339844 0.0253181457519531 0.0198612213134766 -0.0228786468505859
-0.0338401794433594 0.0161075592041016 0.0276317596435547 -0.00461006164550781
-0.0449638366699219 0.00516128540039063 0.00651311874389648 0.00659656524658203
-0.0413017272949219 0.00459289550781251 0.0144805908203125 0.0291042327880859
-0.0220489501953125 0.0214271545410156 -0.00190544128417969 0.0272922515869141
-0.00554180145263672 0.0174198150634766 -0.000244140625 0.0309371948242187
0.00368499755859375 0.0167398452758789 0.0145759582519531 0.0340347290039063
0.0121574401855469 0.0102930068969727 0.026641845703125 0.0232200622558594
0.0182380676269531 0.00055694580078125 0.0326938629150391 0.0102615356445313
0.0193824768066406 -0.00433921813964844 0.0269107818603516 0.00540733337402344
0.0175161361694336 -0.00240707397460938 0.0180034637451172 0.00708770751953125
0.0218906402587891 -0.00396156311035156 0.00703048706054688 0.0126333236694336
0.0253181457519531 0.00609588623046875 -0.00493240356445313 0.0127429962158203
0.0190715789794922 0.0204734802246094 -0.0170269012451172 0.000488281250000003
0.00493431091308594 0.0299873352050781 -0.0115089416503906 -0.0142545700073242
-0.0205020904541016 0.0259323120117187 0.0104598999023437 -0.0216770172119141
-0.0377235412597656 0.0143241882324219 0.0137548446655273 -0.00209712982177734
-0.049407958984375 0.000701904296875005 -0.00857877731323243 0.00686073303222656
-0.0434837341308594 -0.00673675537109375 -0.00300979614257813 0.0290279388427734
-0.0332965850830078 0.0129966735839844 -0.0177116394042969 0.0307102203369141
-0.018035888671875 0.019500732421875 -0.00803375244140625 0.0367813110351563
-0.00442314147949219 0.025543212890625 0.00992202758789063 0.0374107360839844
0.0105075836181641 0.0206584930419922 0.0215873718261719 0.02484130859375
0.0229167938232422 0.0107574462890625 0.0266914367675781 0.0123863220214844
0.025360107421875 0.00219154357910156 0.0187606811523438 0.00761795043945313
0.0216617584228516 0.00292587280273438 0.00923633575439453 0.00913238525390625
0.0252761840820313 0.00270462036132813 -0.000507354736328124 0.0147199630737305
0.0256881713867187 0.0110626220703125 -0.0110359191894531 0.0140304565429687
0.0163211822509766 0.0228424072265625 -0.0207538604736328 0.00204277038574219
0.00214958190917969 0.0301837921142578 -0.016047477722168 -0.0111198425292969
-0.0211257934570313 0.0238380432128906 0.0025796890258789 -0.0171823501586914
-0.0367279052734375 0.00985336303710937 0.00065946578979492 0.00251364707946777
-0.0467033386230469 -0.00453567504882813 -0.0234603881835938 0.006561279296875
-0.0376625061035156 -0.0159263610839844 -0.0206851959228516 0.0232715606689453
-0.0363578796386719 0.00216293334960938 -0.0338287353515625 0.0289020538330078
-0.0265579223632813 0.0153408050537109 -0.0176963806152344 0.039306640625
-0.0120449066162109 0.0281600952148438 0.00360107421875 0.0367851257324219
0.00583648681640625 0.0261211395263672 0.0146713256835938 0.0219440460205078
0.0223674774169922 0.0187225341796875 0.0171384811401367 0.0110759735107422
0.0269641876220703 0.00856971740722656 0.00774621963500977 0.00828981399536133
0.0222206115722656 0.00821304321289062 -0.000795364379882812 0.0101690292358398
0.0248165130615234 0.00821876525878906 -0.00870037078857422 0.0149736404418945
0.0232143402099609 0.0156230926513672 -0.0170812606811523 0.0139942169189453
0.0125389099121094 0.0244178771972656 -0.0242347717285156 0.00292587280273438
-0.00212860107421875 0.0284042358398438 -0.0174436569213867 -0.00872325897216797
-0.022308349609375 0.0183620452880859 -0.00166702270507813 -0.0120000839233398
-0.0330276489257813 0.00259971618652344 -0.00894832611083984 0.00826454162597656
-0.0409927368164063 -0.0122108459472656 -0.03662109375 0.00547409057617188
-0.0229701995849609 -0.0213546752929687 -0.0326938629150391 0.0151576995849609
-0.0287265777587891 -0.00846290588378906 -0.045379638671875 0.0227470397949219
-0.0264129638671875 0.00702667236328125 -0.0250816345214844 0.0356597900390625
-0.0172500610351563 0.021453857421875 -0.00317955017089844 0.0322208404541016
-0.000816345214843748 0.0249557495117188 0.00750541687011718 0.016657829284668
0.0165367126464844 0.022216796875 0.00675249099731445 0.00789594650268555
0.022857666015625 0.013824462890625 -0.00346517562866211 0.00654268264770508
0.0193138122558594 0.0114536285400391 -0.0107545852661133 0.00968551635742188
0.0219058990478516 0.0124073028564453 -0.0165386199951172 0.0133399963378906
0.0189113616943359 0.0187435150146484 -0.0219898223876953 0.0107631683349609
0.00774192810058593 0.0241565704345703 -0.0253314971923828 0.000761032104492187
-0.00704383850097656 0.02545166015625 -0.0165977478027344 -0.00828170776367188
-0.0237159729003906 0.01165771484375 -0.00390148162841797 -0.00763416290283203
-0.0290546417236328 -0.00609779357910157 -0.0159854888916016 0.00979423522949219
-0.0305957794189453 -0.0201835632324219 -0.0443763732910156 0.00108337402343751
-0.00385093688964844 -0.0207443237304688 -0.0389213562011719 0.00627517700195312
-0.0111370086669922 -0.0148887634277344 -0.0496330261230469 0.0155487060546875
-0.0170297622680664 -0.00449562072753906 -0.0286464691162109 0.0313224792480469
-0.0169477462768555 0.00857830047607422 -0.00587844848632813 0.0255622863769531
-0.00731658935546875 0.0158834457397461 0.00277996063232422 0.00946044921875
0.00543403625488281 0.0210475921630859 -0.00209736824035644 0.00207769870758057
0.0141277313232422 0.0170621871948242 -0.0133247375488281 0.00330734252929688
0.0130014419555664 0.0140018463134766 -0.0195770263671875 0.00773239135742188
0.0151824951171875 0.0148992538452148 -0.0238971710205078 0.0111370086669922
0.0126705169677734 0.0194416046142578 -0.0269565582275391 0.00672531127929688
0.00260543823242187 0.0224037170410156 -0.0270729064941406 -0.00247383117675781
-0.0106544494628906 0.0218162536621094 -0.0168075561523438 -0.0105800628662109
-0.024688720703125 0.00500869750976562 -0.00485372543334961 -0.00772333145141602
-0.0229358673095703 -0.0150508880615234 -0.0197029113769531 0.00781822204589844
-0.0181293487548828 -0.0274696350097656 -0.0494651794433594 -0.00473022460937501
0.0147953033447266 -0.0178203582763672 -0.0352210998535156 0.000503540039062505
0.006988525390625 -0.0176124572753906 -0.0457191467285156 0.0101890563964844
-0.0032958984375 -0.0133829116821289 -0.0269317626953125 0.0269680023193359
-0.0122823715209961 -0.00581932067871094 -0.0051422119140625 0.020172119140625
-0.0120487213134766 0.004058837890625 0.00191116333007812 0.00475025177001953
-0.00543117523193359 0.0150556564331055 -0.006683349609375 -0.00264263153076172
0.00367546081542969 0.0167036056518555 -0.0184440612792969 -0.000816345214843747
0.00532054901123047 0.0139570236206055 -0.0250339508056641 0.004425048828125
0.00742816925048828 0.0146827697753906 -0.0288925170898438 0.00678634643554688
0.00585746765136719 0.017578125 -0.0309524536132812 0.00128364562988281
-0.00164794921875 0.0179882049560547 -0.0282058715820313 -0.00741195678710937
-0.0122518539428711 0.0163764953613281 -0.0167655944824219 -0.0138044357299805
-0.0227775573730469 -0.000873565673828124 -0.006683349609375 -0.0107479095458984
-0.0152988433837891 -0.0209522247314453 -0.0214710235595703 0.000144958496093747
-0.00449371337890625 -0.0311737060546875 -0.0477714538574219 -0.0142784118652344
-0.016571044921875 0.0241622924804687 0.0435867309570312 0.0169029235839844
0.0123882293701172 0.0241107940673828 0.0196743011474609 0.0108127593994141
0.0175390243530273 0.00137901306152344 0.0064554214477539 0.0148649215698242
0.0116987228393555 -0.00807857513427734 0.0171890258789063 0.0218563079833984
0.00542163848876953 -0.012232780456543 0.0298957824707031 0.0142307281494141
-0.00248527526855469 -0.0162830352783203 0.0350589752197266 0.00115013122558594
-0.00304889678955078 -0.0132942199707031 0.034210205078125 -0.004547119140625
-0.00119400024414063 -0.0120086669921875 0.0271720886230469 -0.00285720825195313
0.00299358367919922 -0.0164899826049805 0.0193042755126953 0.00381851196289062
0.0141439437866211 -0.0105018615722656 0.00860786437988281 0.00705814361572266
0.0195522308349609 0.00366973876953125 -0.00379395484924316 -0.00256085395812988
0.0127735137939453 0.0160732269287109 0.00140380859375 -0.0158576965332031
-0.00632286071777344 0.0228691101074219 0.0271568298339844 -0.0232772827148437
-0.0215816497802734 0.0224781036376953 0.0413932800292969 -0.00761032104492187
-0.0337562561035156 0.0153732299804688 0.0236320495605469 0.00588607788085938
-0.0310020446777344 0.0175094604492188 0.0345516204833984 0.0256919860839844
-0.00380897521972656 0.0256500244140625 0.0139865875244141 0.0197505950927734
0.00785923004150391 0.00980186462402344 0.00543975830078125 0.022491455078125
0.00891685485839844 0.00379180908203125 0.0177326202392578 0.0284595489501953
0.00912857055664062 -0.00215911865234375 0.0307865142822266 0.0192794799804688
0.00784111022949219 -0.00924873352050781 0.0370101928710938 0.00537490844726562
0.00888538360595703 -0.0103702545166016 0.0346393585205078 2.86102294921869E-05
0.00900840759277344 -0.00833511352539063 0.0265960693359375 0.00168418884277344
0.0138978958129883 -0.0113248825073242 0.0169677734375 0.00856304168701172
0.0217380523681641 -0.00223350524902344 0.00494956970214844 0.0110616683959961
0.0213794708251953 0.0139389038085938 -0.00890827178955078 0.000104904174804687
0.00965690612792969 0.0258369445800781 -0.00503635406494141 -0.0140037536621094
-0.015289306640625 0.0274200439453125 0.0184288024902344 -0.0231742858886719
-0.0337963104248047 0.0207386016845703 0.0295200347900391 -0.00555038452148438
-0.0457839965820312 0.0100593566894531 0.00988101959228515 0.00841903686523438
-0.042388916015625 0.00651550292968751 0.0190773010253906 0.0313568115234375
-0.0215339660644531 0.0224151611328125 0.0022125244140625 0.0283355712890625
-0.00566673278808594 0.0172576904296875 0.001739501953125 0.0309772491455078
0.00374603271484375 0.0166282653808594 0.0164985656738281 0.0342502593994141
0.0118894577026367 0.0105171203613281 0.0289115905761719 0.0233650207519531
0.0177288055419922 0.0002899169921875 0.0355644226074219 0.00911712646484375
0.0194358825683594 -0.00491714477539063 0.0304088592529297 0.00410270690917969
0.0175857543945313 -0.00278854370117188 0.0209789276123047 0.00602912902832031
0.0225124359130859 -0.00472450256347656 0.0110998153686523 0.0123233795166016
0.026519775390625 0.005096435546875 -0.000786781311035154 0.014348030090332
0.0207672119140625 0.0203895568847656 -0.0146503448486328 0.00312709808349609
0.0071258544921875 0.0310344696044922 -0.0115976333618164 -0.0116205215454102
-0.0195388793945313 0.0287189483642578 0.00975990295410156 -0.0211734771728516
-0.0393638610839844 0.0172309875488281 0.0151252746582031 -0.00171852111816406
-0.0515975952148438 0.004119873046875 -0.00601005554199219 0.00987815856933594
-0.0460700988769531 -0.00579071044921875 0.000625610351562495 0.0323123931884766
-0.0350685119628906 0.0139369964599609 -0.0139617919921875 0.0329437255859375
-0.0189647674560547 0.0204811096191406 -0.00525283813476563 0.037109375
-0.00411796569824219 0.0273094177246094 0.0118675231933594 0.03826904296875
0.0111122131347656 0.0216312408447266 0.0239887237548828 0.0249290466308594
0.0240974426269531 0.0107269287109375 0.0294017791748047 0.0112075805664063
0.0272026062011719 0.00152969360351563 0.0217399597167969 0.00660133361816406
0.0234012603759766 0.00261688232421875 0.0124359130859375 0.00868511199951172
0.0268573760986328 0.00236320495605469 0.00330352783203125 0.0144157409667969
0.0279178619384766 0.0110549926757813 -0.00765323638916015 0.0152854919433594
0.0186195373535156 0.0238227844238281 -0.0187492370605469 0.00486946105957032
0.00411796569824219 0.0319919586181641 -0.014857292175293 -0.00826930999755859
-0.0214767456054688 0.0265407562255859 0.00224494934082031 -0.0159769058227539
-0.0396080017089844 0.0129013061523438 0.00231051445007324 0.00374603271484375
-0.0504684448242188 -0.00266647338867187 -0.0213146209716797 0.0103893280029297
-0.0413055419921875 -0.0167427062988281 -0.0189647674560547 0.0273361206054688
-0.039886474609375 0.00247192382812501 -0.0312328338623047 0.0320091247558594
-0.0286102294921875 0.0174388885498047 -0.014923095703125 0.0399856567382812
-0.0127849578857422 0.0307159423828125 0.00535964965820313 0.0372581481933594
0.00728988647460937 0.0282211303710938 0.0164890289306641 0.0220108032226563
0.0249767303466797 0.0190696716308594 0.0196056365966797 0.0105533599853516
0.0298099517822266 0.00796318054199219 0.0096731185913086 0.00738239288330078
0.0251636505126953 0.00794029235839844 0.00129413604736328 0.0100288391113281
0.0280742645263672 0.00834846496582031 -0.00606155395507812 0.0148000717163086
0.0266647338867188 0.0159168243408203 -0.0140190124511719 0.0146856307983398
0.0149173736572266 0.0261287689208984 -0.0218524932861328 0.00490379333496093
-0.000799179077148434 0.0314369201660156 -0.0163240432739258 -0.00663471221923828
-0.0238761901855469 0.0211219787597656 -0.00106048583984375 -0.0105533599853516
-0.0372695922851563 0.00444793701171874 -0.00732231140136719 0.00991535186767578
-0.045440673828125 -0.0112419128417969 -0.03515625 0.00921630859374999
-0.0272846221923828 -0.0236415863037109 -0.0327835083007812 0.0194206237792969
-0.0331859588623047 -0.00929832458496094 -0.0446510314941406 0.0264892578125
-0.0295658111572266 0.00796127319335938 -0.0230064392089844 0.0373649597167969
-0.0186500549316406 0.024932861328125 -0.00151824951171875 0.03240966796875
0.000167846679687499 0.0275058746337891 0.00845146179199219 0.0166635513305664
0.0195884704589844 0.0238513946533203 0.00820350646972656 0.00765371322631836
0.0266017913818359 0.0135231018066406 -0.00276899337768555 0.00673341751098633
0.0229969024658203 0.0119380950927734 -0.00970172882080078 0.00978946685791016
0.0257930755615234 0.012908935546875 -0.0153083801269531 0.0137319564819336
0.022705078125 0.0194358825683594 -0.0203285217285156 0.0114860534667969
0.0096588134765625 0.0267734527587891 -0.0238361358642578 0.00233268737792969
-0.00569534301757812 0.0291709899902344 -0.0158329010009766 -0.00689983367919921
-0.0257568359375 0.0146484375 -0.003387451171875 -0.0067133903503418
-0.0336875915527344 -0.00520133972167969 -0.0148143768310547 0.0116310119628906
-0.0356597900390625 -0.0205421447753906 -0.0447540283203125 0.00419235229492188
-0.00770187377929688 -0.0248508453369141 -0.0403900146484375 0.0096588134765625
-0.0157556533813477 -0.0172042846679688 -0.0504264831542969 0.0190048217773437
-0.0207309722900391 -0.00441360473632813 -0.0266513824462891 0.0329113006591797
-0.0187797546386719 0.0116004943847656 -0.00472259521484375 0.0253658294677734
-0.00690841674804687 0.0193843841552734 0.00292873382568359 0.00914764404296875
0.00915145874023437 0.0226097106933594 -0.0024259090423584 0.00202798843383789
0.0185127258300781 0.0170669555664063 -0.0137128829956055 0.00409889221191406
0.0166339874267578 0.0143232345581055 -0.0197887420654297 0.00876617431640625
0.0196170806884766 0.0150985717773438 -0.0235786437988281 0.0117645263671875
0.0165748596191406 0.0204277038574219 -0.0263233184814453 0.007354736328125
0.00546073913574219 0.0250053405761719 -0.0268230438232422 -0.00170326232910156
-0.00951194763183594 0.0256195068359375 -0.0161952972412109 -0.00959205627441406
-0.0269927978515625 0.0079193115234375 -0.00446081161499023 -0.0069727897644043
-0.0279960632324219 -0.0143337249755859 -0.0193347930908203 0.00976943969726563
-0.0239791870117187 -0.0284099578857422 -0.0508003234863281 -0.00270843505859375
0.0127124786376953 -0.0221977233886719 -0.0374870300292969 0.00220489501953125
0.00343513488769531 -0.0209541320800781 -0.0470428466796875 0.0127372741699219
-0.00672245025634766 -0.0146722793579102 -0.0250587463378906 0.0280284881591797
-0.0148830413818359 -0.00400257110595703 -0.00432777404785157 0.0194587707519531
-0.0125446319580078 0.00718593597412109 0.0012664794921875 0.00342559814453125
-0.00285530090332031 0.0179481506347656 -0.00778102874755859 -0.0028085708618164
0.00740814208984375 0.0175991058349609 -0.02001953125 8.3923339843753E-05
0.00869083404541015 0.0142097473144531 -0.0267410278320313 0.00592231750488282
0.0110301971435547 0.0149288177490234 -0.0300960540771484 0.00762367248535156
0.00954055786132813 0.0182838439941406 -0.0312767028808594 0.00176429748535157
0.00116729736328125 0.0203971862792969 -0.0284900665283203 -0.00677871704101562
-0.0110969543457031 0.0194339752197266 -0.0166921615600586 -0.0131216049194336
-0.0245628356933594 0.00188064575195313 -0.00643539428710938 -0.0100317001342773
-0.0200729370117187 -0.0207233428955078 -0.0225200653076172 0.00205230712890625
-0.00883674621582031 -0.0326557159423828 -0.0504608154296875 -0.0129203796386719
-0.0144329071044922 0.0258369445800781 0.0474319458007813 0.0168685913085938
0.0153064727783203 0.0232124328613281 0.0223331451416016 0.00908851623535157
0.0185203552246094 -0.000646591186523437 0.0064697265625 0.0146045684814453
0.0106935501098633 -0.0100975036621094 0.0174274444580078 0.0230121612548828
0.00344562530517578 -0.0130043029785156 0.0311641693115234 0.0150279998779297
-0.00514602661132812 -0.0164957046508789 0.0369453430175781 0.00111007690429687
-0.00510597229003906 -0.0125198364257812 0.0362472534179688 -0.0057220458984375
-0.00280857086181641 -0.0119428634643555 0.0297279357910156 -0.00382232666015625
0.000375747680664061 -0.0171804428100586 0.0223197937011719 0.00286674499511719
0.012660026550293 -0.0127096176147461 0.0114717483520508 0.0074777603149414
0.0199031829833984 0.00099945068359375 -0.00199377536773682 -0.000928997993469238
0.0145187377929688 0.014556884765625 0.00154209136962891 -0.0145072937011719
-0.00363731384277344 0.0243587493896484 0.0261116027832031 -0.0231914520263672
-0.01995849609375 0.0260410308837891 0.0436859130859375 -0.00941085815429687
-0.0326919555664063 0.0193653106689453 0.0280914306640625 0.00621986389160156
-0.0302715301513672 0.0189342498779297 0.0387840270996094 0.0265274047851563
-0.0019683837890625 0.0254650115966797 0.0167007446289063 0.0191078186035156
0.00780773162841797 0.00848579406738281 0.00630569458007813 0.0222854614257813
0.00806951522827148 0.00267887115478516 0.0184326171875 0.0291957855224609
0.0079035758972168 -0.00223302841186523 0.0328254699707031 0.0201320648193359
0.00645542144775391 -0.00924968719482422 0.0394477844238281 0.004638671875
0.00766944885253906 -0.00968265533447266 0.0376701354980469 -0.00139999389648438
0.00870561599731445 -0.00824832916259766 0.0293045043945313 0.000331878662109375
0.0126724243164063 -0.0119085311889648 0.0203762054443359 0.00678062438964844
0.0216541290283203 -0.00349807739257813 0.00824642181396485 0.0118770599365234
0.0225601196289063 0.0122871398925781 -0.00673341751098633 0.00233316421508789
0.0114784240722656 0.0254268646240234 -0.00416469573974609 -0.0118579864501953
-0.0143070220947266 0.0291595458984375 0.0180816650390625 -0.0228176116943359
-0.0341110229492188 0.0241928100585938 0.031494140625 -0.00650978088378906
-0.0464820861816406 0.0137863159179688 0.0135726928710937 0.0098733901977539
-0.043853759765625 0.007476806640625 0.0234470367431641 0.0331249237060547
-0.0216999053955078 0.0229091644287109 0.00496673583984375 0.0284709930419922
-0.00638198852539062 0.0171747207641602 0.00303459167480469 0.0310115814208984
0.00317668914794922 0.0174627304077148 0.0177593231201172 0.0349273681640625
0.0120010375976562 0.0106363296508789 0.0310039520263672 0.0236263275146484
0.0175685882568359 0.000315666198730469 0.0383224487304688 0.00872421264648438
0.0201892852783203 -0.00564002990722656 0.0337352752685547 0.00275993347167969
0.0189533233642578 -0.00296783447265625 0.0243854522705078 0.00426292419433594
0.0230636596679688 -0.0052947998046875 0.0147762298583984 0.0114126205444336
0.0274200439453125 0.00451469421386719 0.00275230407714844 0.0145015716552734
0.0228252410888672 0.0203037261962891 -0.0121297836303711 0.00455665588378906
0.00907135009765625 0.0322990417480469 -0.0102825164794922 -0.00900554656982422
-0.0194129943847656 0.0309829711914063 0.00956344604492187 -0.0206394195556641
-0.041259765625 0.0209541320800781 0.0177974700927734 -0.00141525268554687
-0.0536346435546875 0.007476806640625 -0.00289344787597657 0.0121011734008789
-0.0489959716796875 -0.00503921508789064 0.00397109985351563 0.0351753234863281
-0.0374336242675781 0.0148696899414062 -0.0115642547607422 0.0340957641601563
-0.0207443237304687 0.0217704772949219 -0.0040435791015625 0.0372200012207031
-0.00477981567382812 0.0289707183837891 0.012908935546875 0.0388412475585938
0.0118503570556641 0.0229969024658203 0.0257186889648437 0.0250949859619141
0.0256767272949219 0.0111904144287109 0.0319538116455078 0.0107364654541016
0.0288028717041016 0.00107383728027344 0.0247611999511719 0.00554847717285156
0.0252971649169922 0.00193214416503906 0.0152320861816406 0.00737571716308594
0.0290336608886719 0.00194931030273438 0.00639915466308594 0.0132102966308594
0.0303745269775391 0.0110244750976563 -0.00393009185791015 0.0157880783081055
0.0204753875732422 0.0250530242919922 -0.016240119934082 0.00606155395507813
0.00566291809082031 0.0342197418212891 -0.0139026641845703 -0.0062112808227539
-0.0224246978759766 0.0289325714111328 0.00301265716552734 -0.0151462554931641
-0.0428276062011719 0.0153121948242187 0.00464916229248047 0.00446081161499024
-0.0540885925292969 -0.000473022460937498 -0.0190544128417969 0.0123805999755859
-0.0454788208007812 -0.0170364379882813 -0.0168609619140625 0.031097412109375
-0.0444831848144531 0.00323867797851562 -0.0298652648925781 0.0342445373535156
-0.0310821533203125 0.0189876556396484 -0.0137939453125 0.0400390625
-0.0132389068603516 0.0340843200683594 0.0061187744140625 0.0380325317382813
0.00838470458984375 0.0307254791259766 0.0176715850830078 0.0217857360839844
0.0276508331298828 0.0198898315429687 0.0209255218505859 0.00961875915527344
0.0326824188232422 0.00716209411621094 0.011322021484375 0.00692462921142578
0.0281505584716797 0.00746726989746094 0.00294780731201172 0.00940895080566406
0.0307426452636719 0.00811958312988281 -0.00382900238037109 0.0145626068115234
0.0298213958740234 0.0166835784912109 -0.0116138458251953 0.0143213272094727
0.0170402526855469 0.0281944274902344 -0.0197086334228516 0.0052337646484375
0.00103378295898438 0.0344905853271484 -0.0149211883544922 -0.00536251068115234
-0.0255622863769531 0.0242481231689453 -0.000221252441406251 -0.00996971130371094
-0.0419120788574219 0.00674819946289062 -0.00552463531494141 0.0111551284790039
-0.0499420166015625 -0.0100288391113281 -0.0337657928466797 0.0116233825683594
-0.0322055816650391 -0.0249404907226563 -0.0327396392822266 0.0228290557861328
-0.0386314392089844 -0.00925445556640626 -0.0435943603515625 0.0295066833496094
-0.0327892303466797 0.00996780395507813 -0.0212898254394531 0.0380134582519531
-0.0199871063232422 0.0285186767578125 -0.000669479370117186 0.0330314636230469
0.0016021728515625 0.0302658081054688 0.00881099700927734 0.0166788101196289
0.0230426788330078 0.0254478454589844 0.00882530212402344 0.00725460052490235
0.0304012298583984 0.0133476257324219 -0.00162220001220703 0.00666618347167969
0.0263023376464844 0.0111808776855469 -0.00902175903320313 0.00977611541748047
0.0292263031005859 0.012451171875 -0.014460563659668 0.0140056610107422
0.0268726348876953 0.0202770233154297 -0.0186424255371094 0.0112991333007813
0.0125179290771484 0.0289859771728516 -0.0222682952880859 0.0023956298828125
-0.00428962707519531 0.0323410034179688 -0.0146064758300781 -0.00638771057128906
-0.0280132293701172 0.0176506042480469 -0.00215339660644531 -0.00630521774291992
-0.0387992858886719 -0.00324249267578125 -0.0136852264404297 0.0131072998046875
-0.0409889221191406 -0.0201148986816406 -0.0445404052734375 0.00643920898437499
-0.0119304656982422 -0.0276641845703125 -0.0424575805664063 0.01239013671875
-0.0208892822265625 -0.0189552307128906 -0.0510292053222656 0.0215835571289063
-0.0245018005371094 -0.0032806396484375 -0.0253486633300781 0.0333499908447266
-0.0205650329589844 0.0146846771240234 -0.00466728210449219 0.0249042510986328
-0.00613212585449219 0.0229759216308594 0.00261592864990234 0.0087432861328125
0.0131969451904297 0.0246372222900391 -0.00267219543457031 0.00179076194763184
0.02239990234375 0.0165767669677734 -0.0137491226196289 0.00445079803466797
0.0206356048583984 0.0134963989257812 -0.0202655792236328 0.00972938537597656
0.0231742858886719 0.0148239135742188 -0.0236415863037109 0.0118293762207031
0.0205898284912109 0.0208034515380859 -0.0257625579833984 0.00753211975097657
0.00772476196289062 0.0272216796875 -0.0262165069580078 -0.002105712890625
-0.00827598571777344 0.0289897918701172 -0.0151281356811523 -0.00976181030273437
-0.0291957855224609 0.0110111236572266 -0.00364828109741211 -0.00691080093383789
-0.0327358245849609 -0.0132923126220703 -0.0188694000244141 0.0113105773925781
-0.0287017822265625 -0.0291919708251953 -0.0524711608886719 -0.0008544921875
0.00995063781738281 -0.0257606506347656 -0.0410232543945313 0.00376129150390625
-6.10351562500021E-05 -0.0239124298095703 -0.0485916137695313 0.0152969360351562
-0.0102567672729492 -0.015629768371582 -0.0242996215820312 0.0287990570068359
-0.0172958374023438 -0.00193500518798828 -0.00464630126953125 0.0190467834472656
-0.0125722885131836 0.0104236602783203 -0.00016164779663086 0.00251603126525879
0.000305175781250001 0.01995849609375 -0.00992488861083984 -0.00300121307373047
0.0103683471679688 0.0177497863769531 -0.0227222442626953 0.00117301940917969
0.0113019943237305 0.0143985748291016 -0.0284690856933594 0.00696563720703125
0.0141410827636719 0.0148344039916992 -0.0318260192871094 0.00862693786621094
0.0127410888671875 0.0184688568115234 -0.03240966796875 0.00118446350097656
0.00336265563964844 0.0221481323242188 -0.0289802551269531 -0.00723648071289063
-0.00981712341308594 0.0227298736572266 -0.0169286727905273 -0.0138731002807617
-0.0264663696289062 0.004974365234375 -0.00583457946777344 -0.00970935821533203
-0.0243053436279297 -0.0197467803955078 -0.0233573913574219 0.00358009338378906
-0.0136775970458984 -0.0341339111328125 -0.0537109375 -0.0126190185546875
-0.0116996765136719 0.0271682739257813 0.0527305603027344 0.0164031982421875
0.0181617736816406 0.0221118927001953 0.0246181488037109 0.00803184509277344
0.0186023712158203 -0.00299835205078125 0.00640487670898438 0.0141324996948242
0.00959682464599609 -0.0118494033813477 0.0189285278320313 0.0240726470947266
0.00145816802978515 -0.0138263702392578 0.0336723327636719 0.0159072875976563
-0.00775241851806641 -0.0153646469116211 0.0397148132324219 0.000755310058593749
-0.00664997100830078 -0.0119094848632813 0.0396308898925781 -0.0071563720703125
-0.00473690032958984 -0.011357307434082 0.0331153869628906 -0.00594711303710938
-0.00165176391601563 -0.0174474716186523 0.0256328582763672 0.00159835815429687
0.0108022689819336 -0.0142879486083984 0.0143671035766602 0.00716114044189453
0.0207195281982422 -0.00110626220703125 1.29044055938734E-05 0.000239655375480652
0.0164651870727539 0.0132827758789063 0.00297069549560547 -0.0135726928710938
-0.000951766967773435 0.02581787109375 0.0268535614013672 -0.02349853515625
-0.0175895690917969 0.0297508239746094 0.045989990234375 -0.011383056640625
-0.0316200256347656 0.0232906341552734 0.0326004028320313 0.00560760498046875
-0.0301589965820313 0.0207633972167969 0.0444259643554688 0.0276336669921875
-0.00134468078613281 0.0254707336425781 0.0204048156738281 0.0181484222412109
0.0076751708984375 0.00763797760009766 0.00673294067382813 0.0227451324462891
0.00757217407226563 0.00253534317016602 0.0203971862792969 0.0305080413818359
0.00726032257080078 -0.00222969055175781 0.035552978515625 0.0211410522460938
0.00525188446044922 -0.0086512565612793 0.0428047180175781 0.00442886352539062
0.00724220275878906 -0.00972747802734375 0.0411567687988281 -0.00314712524414063
0.00864505767822266 -0.00794029235839844 0.0328102111816406 -0.00219917297363281
0.012110710144043 -0.0121803283691406 0.024139404296875 0.00552177429199219
0.0217781066894531 -0.00503921508789062 0.0118160247802734 0.0114297866821289
0.0233039855957031 0.0118293762207031 -0.00415205955505371 0.0040130615234375
0.0136699676513672 0.0256385803222656 -0.00341606140136719 -0.0100383758544922
-0.0127220153808594 0.0318698883056641 0.0183639526367188 -0.0228424072265625
-0.0339488983154297 0.0282955169677734 0.0342235565185547 -0.00772666931152343
-0.0478057861328125 0.0176582336425781 0.0181999206542969 0.0105152130126953
-0.0456733703613281 0.00918197631835938 0.0284156799316406 0.0347175598144531
-0.0229225158691406 0.0240020751953125 0.007720947265625 0.0281391143798828
-0.00793647766113281 0.0177478790283203 0.00352859497070312 0.0311641693115234
0.00256919860839844 0.0186710357666016 0.0190315246582031 0.0370559692382813
0.012028694152832 0.0116758346557617 0.0334968566894531 0.0248699188232422
0.0182838439941406 0.0009613037109375 0.0414237976074219 0.00750732421875
0.0213642120361328 -0.00569534301757813 0.0376091003417969 0.00060272216796875
0.0200061798095703 -0.00347900390625 0.0275535583496094 0.00192070007324219
0.0242538452148438 -0.00553131103515625 0.0180435180664062 0.00999832153320312
0.0295372009277344 0.00441169738769531 0.00644302368164063 0.0142812728881836
0.0245151519775391 0.0210590362548828 -0.00933074951171875 0.0057373046875
0.0107803344726562 0.0336933135986328 -0.00896072387695313 -0.0072174072265625
-0.0194931030273438 0.0342941284179687 0.0102081298828125 -0.0203075408935547
-0.0436019897460938 0.0253524780273438 0.0201950073242187 -0.00172615051269531
-0.0570182800292969 0.0110321044921875 0.000867843627929684 0.0134105682373047
-0.0535926818847656 -0.00482940673828124 0.00753402709960937 0.0377731323242188
-0.0411643981933594 0.0166702270507813 -0.0089874267578125 0.03485107421875
-0.0229377746582031 0.0238380432128906 -0.00275802612304687 0.0377044677734375
-0.00473213195800781 0.0319232940673828 0.0144233703613281 0.0403633117675781
0.0133247375488281 0.0250453948974609 0.0284690856933594 0.0255546569824219
0.0277652740478516 0.0116157531738281 0.0352706909179688 0.00981521606445313
0.0310745239257813 0.0001983642578125 0.0277690887451172 0.00452804565429688
0.0281620025634766 0.00213623046875 0.0173397064208984 0.00576686859130859
0.0322284698486328 0.00139045715332031 0.00891399383544922 0.0128030776977539
0.0331439971923828 0.0113773345947266 -0.000748634338378906 0.0151548385620117
0.0231609344482422 0.0268917083740234 -0.01416015625 0.00680828094482422
0.00736236572265625 0.0372772216796875 -0.012298583984375 -0.00490760803222656
-0.0230503082275391 0.0328865051269531 0.0038604736328125 -0.0149707794189453
-0.0463600158691406 0.0190811157226563 0.00699090957641601 0.00505876541137695
-0.0588874816894531 0.00268936157226561 -0.0165843963623047 0.0148344039916992
-0.0516510009765625 -0.0171089172363281 -0.0149860382080078 0.0344600677490234
-0.0496940612792969 0.00486755371093749 -0.0284423828125 0.0363349914550781
-0.0344219207763672 0.0215702056884766 -0.0126876831054688 0.0413742065429688
-0.0133590698242188 0.0376930236816406 0.00708389282226563 0.0396957397460937
0.0102329254150391 0.0339107513427734 0.0192890167236328 0.02276611328125
0.031463623046875 0.0205421447753906 0.0232887268066406 0.00908660888671875
0.0363349914550781 0.00637054443359375 0.0133438110351563 0.00628757476806641
0.0315876007080078 0.00685691833496094 0.00438594818115235 0.00833940505981445
0.0353507995605469 0.0076141357421875 -0.00214672088623047 0.0135364532470703
0.0340080261230469 0.0166149139404297 -0.00956058502197265 0.0141181945800781
0.0203456878662109 0.0306587219238281 -0.0184516906738281 0.00572395324707031
0.00246429443359375 0.0383224487304687 -0.0138187408447266 -0.00508403778076172
-0.0270290374755859 0.028533935546875 0.00113296508789062 -0.00974464416503906
-0.04669189453125 0.0104179382324219 -0.00363922119140625 0.0123558044433594
-0.05517578125 -0.00820159912109376 -0.0331916809082031 0.0141391754150391
-0.0378608703613281 -0.0264549255371094 -0.0332088470458984 0.0261287689208984
-0.0445632934570313 -0.008514404296875 -0.0439682006835938 0.0318183898925781
-0.0366363525390625 0.0119857788085937 -0.0213851928710938 0.0395431518554687
-0.0207901000976563 0.0332107543945313 -0.000379562377929691 0.0345954895019531
0.00300788879394531 0.0343914031982422 0.00956344604492188 0.0169086456298828
0.0276756286621094 0.0262699127197266 0.00972175598144531 0.00659751892089844
0.0345554351806641 0.0118141174316406 -0.0011444091796875 0.00678825378417969
0.0302295684814453 0.0104560852050781 -0.00834465026855468 0.00949287414550781
0.0340423583984375 0.0113716125488281 -0.0140676498413086 0.0134601593017578
0.0310173034667969 0.0200004577636719 -0.0183296203613281 0.0107536315917969
0.0162239074707031 0.0316009521484375 -0.0218601226806641 0.00193405151367188
-0.002288818359375 0.0363578796386719 -0.0142507553100586 -0.00649929046630859
-0.0301837921142578 0.0217838287353516 -0.000955104827880861 -0.00623559951782226
-0.0438919067382812 -0.000720977783203133 -0.01214599609375 0.0147438049316406
-0.0470199584960938 -0.0193214416503906 -0.04522705078125 0.00871276855468749
-0.0168571472167969 -0.0297317504882813 -0.0448684692382812 0.0153617858886719
-0.0263729095458984 -0.019195556640625 -0.0523948669433594 0.0245132446289063
-0.0283126831054688 -0.00170707702636719 -0.0254783630371094 0.0346565246582031
-0.0227832794189453 0.0181560516357422 -0.00524520874023437 0.0262317657470703
-0.00504112243652344 0.0265407562255859 0.00188541412353516 0.00868511199951172
0.0163764953613281 0.0267391204833984 -0.00316452980041504 0.00225973129272461
0.0257835388183594 0.0158805847167969 -0.0152082443237305 0.00532150268554688
0.0240974426269531 0.0129680633544922 -0.0204887390136719 0.00999069213867188
0.0277919769287109 0.0144081115722656 -0.0249958038330078 0.0123920440673828
0.0247859954833984 0.0207080841064453 -0.027099609375 0.0071868896484375
0.0115375518798828 0.0294971466064453 -0.0259914398193359 -0.00248527526855469
-0.00633811950683594 0.0329685211181641 -0.0157461166381836 -0.0102987289428711
-0.0307826995849609 0.0153045654296875 -0.00267267227172852 -0.006561279296875
-0.0381202697753906 -0.0113601684570312 -0.0194225311279297 0.0132026672363281
-0.034881591796875 -0.028839111328125 -0.0543136596679688 0.000751495361328116
0.00715065002441406 -0.02911376953125 -0.0444869995117188 0.00630950927734374
-0.00427055358886719 -0.0260181427001953 -0.0511741638183594 0.0173301696777344
-0.0138149261474609 -0.0150318145751953 -0.0247421264648437 0.0292072296142578
-0.0200996398925781 0.000556945800781249 -0.00539016723632813 0.0184650421142578
-0.0122842788696289 0.0138635635375977 -0.00127935409545899 0.00242257118225098
0.00343513488769531 0.0215320587158203 -0.0116710662841797 -0.00291633605957031
0.0143947601318359 0.0170745849609375 -0.0248241424560547 0.00253486633300781
0.0145683288574219 0.0131464004516602 -0.0296421051025391 0.00896644592285157
0.0175542831420898 0.0139131546020508 -0.0338420867919922 0.00991058349609375
0.0160427093505859 0.0183525085449219 -0.0343647003173828 0.00196266174316406
0.00595474243164063 0.0237693786621094 -0.0304851531982422 -0.00783348083496093
-0.00794219970703125 0.0249366760253906 -0.0171365737915039 -0.0145339965820312
-0.0279827117919922 0.00798797607421875 -0.00593948364257813 -0.0099945068359375
-0.0285530090332031 -0.0186004638671875 -0.0248565673828125 0.00556564331054688
-0.0179290771484375 -0.0346755981445313 -0.0574150085449219 -0.0115966796875
-0.00885200500488281 0.0284652709960938 0.0580101013183594 0.014984130859375
0.0212535858154297 0.0207748413085938 0.0272235870361328 0.00558280944824219
0.0190677642822266 -0.00504875183105469 0.00698184967041016 0.0145940780639648
0.00853633880615235 -0.0136938095092773 0.0204944610595703 0.0256977081298828
-0.000445365905761717 -0.0146026611328125 0.0370254516601563 0.0166664123535156
-0.0108556747436523 -0.0144929885864258 0.0435714721679688 -0.000183105468750001
-0.00842475891113281 -0.0109138488769531 0.0431442260742188 -0.0101394653320313
-0.00584697723388672 -0.0101470947265625 0.0356979370117188 -0.009033203125
-0.00411796569824219 -0.016942024230957 0.0288333892822266 -0.00102424621582031
0.00918769836425781 -0.0156974792480469 0.0181980133056641 0.00616455078125
0.0208625793457031 -0.00356292724609375 0.00251889228820801 0.000832796096801758
0.0185108184814453 0.0117568969726563 0.00410652160644531 -0.0129117965698242
0.00256729125976563 0.0270366668701172 0.0274295806884766 -0.0250186920166016
-0.0148639678955078 0.0335102081298828 0.0494537353515625 -0.0142440795898437
-0.0301189422607422 0.0275917053222656 0.0376052856445313 0.00403213500976563
-0.0308990478515625 0.0227737426757813 0.0506095886230469 0.0268516540527344
-0.000255584716796874 0.0258979797363281 0.022705078125 0.0166664123535156
0.00691843032836914 0.00741863250732422 0.00766563415527344 0.0227794647216797
0.00712823867797852 0.00258731842041016 0.0229225158691406 0.0325775146484375
0.00672245025634766 -0.00218343734741211 0.0391273498535156 0.0212173461914062
0.00437498092651367 -0.00821018218994141 0.0475006103515625 0.0025177001953125
0.00687789916992187 -0.00973606109619141 0.0451774597167969 -0.00671005249023438
0.00881767272949219 -0.00814914703369141 0.0363616943359375 -0.00549697875976563
0.0118284225463867 -0.0123262405395508 0.0279178619384766 0.00336837768554687
0.0223255157470703 -0.00613021850585937 0.0160970687866211 0.0105981826782227
0.0254650115966797 0.0103931427001953 -0.00139951705932617 0.00461673736572266
0.0157947540283203 0.0263309478759766 -0.00164794921875 -0.00952434539794922
-0.0107440948486328 0.034393310546875 0.0187816619873047 -0.0235195159912109
-0.0337009429931641 0.0326919555664063 0.0374908447265625 -0.00991439819335938
-0.0488929748535156 0.0224113464355469 0.0234622955322266 0.0100917816162109
-0.0490646362304688 0.0114517211914063 0.0339622497558594 0.0356903076171875
-0.0243606567382813 0.0260906219482422 0.0113315582275391 0.0284252166748047
-0.00842094421386719 0.0193920135498047 0.00510597229003906 0.0319290161132812
0.00287437438964844 0.0205459594726563 0.0220527648925781 0.0389289855957031
0.012791633605957 0.0130090713500977 0.0377616882324219 0.0245590209960938
0.0196418762207031 0.000715255737304688 0.0459136962890625 0.00579833984375
0.0227108001708984 -0.00653839111328125 0.0413169860839844 -0.00291824340820313
0.0216426849365234 -0.00404739379882813 0.0307865142822266 -0.000980377197265625
0.0260848999023438 -0.00633811950683594 0.0218734741210938 0.007568359375
0.0318031311035156 0.00285148620605469 0.0103225708007813 0.0131587982177734
0.0277099609375 0.0213794708251953 -0.00657796859741211 0.00639867782592774
0.013824462890625 0.0355262756347656 -0.00706005096435547 -0.00640439987182617
-0.0189437866210937 0.0386428833007813 0.0105609893798828 -0.0206871032714844
-0.0454635620117188 0.03009033203125 0.0229358673095703 -0.003173828125
-0.0605010986328125 0.015380859375 0.00545883178710937 0.014531135559082
-0.0590629577636719 -0.00252532958984376 0.0122222900390625 0.0403633117675781
-0.0444297790527344 0.0202293395996094 -0.0063629150390625 0.0365333557128906
-0.0249557495117187 0.0271396636962891 -0.00165176391601563 0.0393714904785156
-0.004119873046875 0.0358657836914062 0.0168952941894531 0.0425186157226563
0.0151214599609375 0.0273990631103516 0.03155517578125 0.0260086059570313
0.0309238433837891 0.0115795135498047 0.0386734008789063 0.007843017578125
0.0344467163085938 -0.00143051147460938 0.0308361053466797 0.00143051147460938
0.0314521789550781 0.000677108764648438 0.0202560424804688 0.00339317321777344
0.0356178283691406 -4.9591064453125E-05 0.0114946365356445 0.0110044479370117
0.0373802185058594 0.0105667114257813 0.00198173522949219 0.0142374038696289
0.0276069641113281 0.0281581878662109 -0.0118141174316406 0.00689506530761719
0.0104866027832031 0.04034423828125 -0.010746955871582 -0.00435256958007812
-0.0237274169921875 0.0374641418457031 0.00445556640625 -0.0155267715454102
-0.0501556396484375 0.0246047973632813 0.0100889205932617 0.00502204895019531
-0.063873291015625 0.00681686401367189 -0.0136747360229492 0.0170106887817383
-0.05841064453125 -0.0160865783691406 -0.0124740600585938 0.0376815795898438
-0.0546188354492188 0.00844573974609376 -0.0271377563476563 0.0389175415039063
-0.0374984741210938 0.026031494140625 -0.01123046875 0.0429954528808594
-0.0132827758789063 0.043182373046875 0.00931167602539063 0.0415878295898438
0.0133323669433594 0.0372123718261719 0.0215778350830078 0.0234107971191406
0.0362129211425781 0.0208473205566406 0.0254039764404297 0.00806427001953125
0.0403213500976563 0.00447463989257813 0.0154905319213867 0.00556468963623047
0.0359153747558594 0.00540542602539063 0.00613737106323242 0.00761175155639648
0.03985595703125 0.0057830810546875 -0.000985145568847653 0.0129690170288086
0.0390205383300781 0.0160446166992188 -0.00751972198486328 0.0136795043945313
0.0251960754394531 0.0325660705566406 -0.0171709060668945 0.00573539733886719
0.005706787109375 0.0423164367675781 -0.0124588012695313 -0.00455570220947265
-0.0282421112060547 0.0330295562744141 0.00220775604248047 -0.0101070404052734
-0.0516891479492188 0.0147018432617188 -0.00100803375244141 0.0127811431884766
-0.0617790222167969 -0.0046234130859375 -0.0314865112304688 0.016387939453125
-0.0449485778808594 -0.0263595581054687 -0.0331802368164063 0.0303974151611328
-0.0508499145507813 -0.00594329833984376 -0.04425048828125 0.0355072021484375
-0.0410308837890625 0.0161628723144531 -0.0200119018554688 0.0413322448730469
-0.0210304260253906 0.0385093688964844 0.000469207763671876 0.0362205505371094
0.00612640380859375 0.0382575988769531 0.0104236602783203 0.0175914764404297
0.03271484375 0.026824951171875 0.0106039047241211 0.00569725036621094
0.038909912109375 0.00982284545898438 -0.000879764556884764 0.00672578811645508
0.0343399047851563 0.00886726379394531 -0.0085296630859375 0.00996112823486328
0.0388069152832031 0.00954437255859375 -0.0140819549560547 0.0136127471923828
0.0364837646484375 0.0192527770996094 -0.0183181762695312 0.0107536315917969
0.0205707550048828 0.0334072113037109 -0.0222358703613281 0.00182533264160157
0.000656127929687503 0.04107666015625 -0.0137386322021484 -0.0062408447265625
-0.0315990447998047 0.0268840789794922 0.000157833099365232 -0.0070500373840332
-0.0498008728027344 0.00373077392578125 -0.0108604431152344 0.0161733627319336
-0.0536880493164063 -0.0172195434570313 -0.0463523864746094 0.0115280151367187
-0.0227298736572266 -0.0317268371582031 -0.0465850830078125 0.0196380615234375
-0.0329208374023438 -0.0182838439941406 -0.054351806640625 0.0284957885742187
-0.0329837799072266 0.000732421874999998 -0.0255203247070313 0.0368232727050781
-0.0239601135253906 0.0236949920654297 -0.00505447387695312 0.027374267578125
-0.00267410278320313 0.0303230285644531 0.00192165374755859 0.008819580078125
0.0218105316162109 0.026947021484375 -0.00406885147094726 0.00176191329956055
0.0310592651367187 0.0143489837646484 -0.0163516998291016 0.00673389434814453
0.0280075073242187 0.0116901397705078 -0.0220527648925781 0.0122261047363281
0.0320949554443359 0.0124263763427734 -0.0263137817382812 0.0136280059814453
0.0301704406738281 0.0200061798095703 -0.0284099578857422 0.0073699951171875
0.0152530670166016 0.0311546325683594 -0.0275535583496094 -0.00283622741699219
-0.0031585693359375 0.0369110107421875 -0.0157632827758789 -0.0108547210693359
-0.0328369140625 0.0194778442382812 -0.00215911865234375 -0.00774335861206055
-0.044036865234375 -0.0074615478515625 -0.0185565948486328 0.0153732299804688
-0.0408515930175781 -0.0279388427734375 -0.0580673217773438 0.00294113159179687
0.00342178344726563 -0.0327091217041016 -0.0492744445800781 0.0094757080078125
-0.00911712646484375 -0.0270805358886719 -0.0540351867675781 0.0210609436035156
-0.0178546905517578 -0.0143661499023437 -0.0247535705566406 0.0312385559082031
-0.0218734741210938 0.00382423400878906 -0.00654029846191407 0.0191974639892578
-0.0108423233032227 0.016901969909668 -0.00342273712158203 0.00220537185668945
0.00742340087890625 0.0231857299804688 -0.0134706497192383 -0.00253677368164062
0.0179405212402344 0.0160598754882813 -0.0271663665771484 0.00494194030761719
0.0177764892578125 0.0120601654052734 -0.0321903228759766 0.0116596221923828
0.0210380554199219 0.0130519866943359 -0.0364532470703125 0.0121345520019531
0.0200996398925781 0.0181407928466797 -0.0370368957519531 0.00262832641601563
0.00896453857421875 0.0249767303466797 -0.0326690673828125 -0.00806045532226563
-0.00572013854980469 0.0287284851074219 -0.0186195373535156 -0.0154781341552734
-0.0294628143310547 0.0113010406494141 -0.00555706024169922 -0.0106916427612305
-0.0337924957275391 -0.0164508819580078 -0.0258388519287109 0.00789642333984374
-0.0232276916503906 -0.0351791381835938 -0.0626640319824219 -0.0098724365234375
-0.00626373291015625 0.030120849609375 0.0631904602050781 0.0110816955566406
0.0246601104736328 0.0185546875 0.0293941497802734 0.00214004516601563
0.0186328887939453 -0.00820732116699219 0.00765419006347656 0.0145158767700195
0.00608634948730469 -0.0153770446777344 0.0240154266357422 0.0265426635742188
-0.00239467620849609 -0.0151271820068359 0.040435791015625 0.0151214599609375
-0.0127944946289063 -0.0128173828125 0.0475044250488281 -0.0036163330078125
-0.00978660583496094 -0.00906848907470703 0.0460700988769531 -0.0154037475585938
-0.00706768035888672 -0.00962924957275391 0.0382461547851562 -0.0133399963378906
-0.00715446472167969 -0.0160417556762695 0.0313205718994141 -0.00526618957519531
0.00702285766601563 -0.0166282653808594 0.0219211578369141 0.00416183471679687
0.0204696655273438 -0.00649642944335938 0.00528812408447266 0.000396251678466796
0.0202465057373047 0.00898551940917969 0.00508880615234375 -0.0127954483032227
0.00628089904785157 0.0272140502929688 0.0273876190185547 -0.0272178649902344
-0.0105323791503906 0.0364952087402344 0.0515594482421875 -0.0196113586425781
-0.0267734527587891 0.0327301025390625 0.0427474975585937 0.000381469726562502
-0.030609130859375 0.0255203247070313 0.057098388671875 0.0242118835449219
0.00148963928222656 0.02618408203125 0.0261306762695312 0.0146999359130859
0.00737476348876953 0.00652313232421875 0.0091552734375 0.0223979949951172
0.00661802291870117 0.0017247200012207 0.0268287658691406 0.0329551696777344
0.00608205795288086 -0.00197553634643555 0.043701171875 0.0201492309570313
0.00350475311279297 -0.00756645202636719 0.0515861511230469 -0.00104141235351563
0.00733852386474609 -0.00940608978271484 0.0484390258789063 -0.0124778747558594
0.0084986686706543 -0.00862789154052734 0.0391387939453125 -0.0108985900878906
0.0120878219604492 -0.013331413269043 0.0311908721923828 -0.000972747802734376
0.0214138031005859 -0.00763893127441406 0.0203647613525391 0.00809288024902344
0.0271205902099609 0.00837516784667969 0.00187182426452637 0.00400185585021973
0.0188350677490234 0.0257167816162109 -8.86917114257792E-05 -0.00873756408691406
-0.00765228271484375 0.0372047424316406 0.0188636779785156 -0.0255527496337891
-0.0318336486816406 0.0381813049316406 0.0400199890136719 -0.0139350891113281
-0.0487632751464844 0.0286331176757812 0.0292606353759766 0.00783538818359375
-0.0517005920410156 0.0156593322753906 0.0411453247070313 0.0346946716308594
-0.0247917175292969 0.0291595458984375 0.0146961212158203 0.0271320343017578
-0.00833702087402344 0.0217494964599609 0.00693321228027344 0.0320205688476563
0.00472831726074218 0.0226612091064453 0.02587890625 0.0396308898925781
0.0144948959350586 0.0145139694213867 0.0424156188964844 0.023101806640625
0.0207157135009766 0.00063323974609375 0.0496711730957031 0.00152969360351562
0.0240020751953125 -0.00844573974609375 0.0440216064453125 -0.00804901123046875
0.0235538482666016 -0.00618934631347656 0.0328578948974609 -0.00547218322753906
0.0279140472412109 -0.00925445556640625 0.02435302734375 0.00360488891601562
0.0339412689208984 0.000255584716796875 0.0140247344970703 0.0112085342407227
0.0317001342773438 0.0201778411865234 -0.00300931930541992 0.00663137435913086
0.0177001953125 0.036895751953125 -0.00546073913574219 -0.00659465789794922
-0.0169181823730469 0.0424003601074219 0.0106945037841797 -0.0217647552490234
-0.0452957153320312 0.0370407104492187 0.0261878967285156 -0.00548553466796875
-0.0628890991210938 0.0220260620117188 0.0103330612182617 0.0142621994018555
-0.0646743774414063 0.00208282470703126 0.0183448791503906 0.0407447814941406
-0.0470008850097656 0.0255775451660156 -0.00290679931640625 0.0377197265625
-0.0256080627441406 0.0310115814208984 -8.01086425781261E-05 0.0401954650878906
-0.001556396484375 0.0395774841308594 0.0209999084472656 0.0438919067382813
0.0187187194824219 0.0289173126220703 0.0357551574707031 0.024932861328125
0.0342617034912109 0.0101070404052734 0.0419387817382813 0.00432586669921875
0.0370903015136719 -0.00438308715820313 0.0333786010742188 -0.00177764892578125
0.0346355438232422 -0.00261688232421875 0.02215576171875 8.77380371093748E-05
0.038787841796875 -0.00388717651367187 0.0133237838745117 0.00791358947753906
0.0421104431152344 0.0074462890625 0.00559425354003907 0.012263298034668
0.0321884155273438 0.0280418395996094 -0.00973987579345703 0.00691032409667969
0.0151710510253906 0.0432586669921875 -0.0092926025390625 -0.0041360855102539
-0.0230827331542969 0.0429878234863281 0.00496864318847656 -0.0158300399780273
-0.0524635314941406 0.0315742492675781 0.0128383636474609 0.00347518920898438
-0.068603515625 0.0135765075683594 -0.00987434387207031 0.018218994140625
-0.0657196044921875 -0.0120658874511719 -0.00885391235351563 0.0414085388183594
-0.0594482421875 0.0142974853515625 -0.02496337890625 0.0419845581054687
-0.0398941040039063 0.0321807861328125 -0.00994491577148438 0.0450363159179687
-0.0103416442871094 0.0488929748535156 0.0122756958007812 0.0431480407714844
0.0180473327636719 0.0401039123535156 0.0243988037109375 0.0224533081054688
0.041046142578125 0.0189781188964844 0.0281009674072266 0.00515174865722656
0.0445594787597656 0.000820159912109375 0.0175189971923828 0.00293254852294922
0.0399055480957031 0.00174713134765625 0.00727272033691407 0.00637102127075195
0.0446548461914063 0.00165939331054688 0.00012779235839844 0.0119342803955078
0.0449066162109375 0.0131721496582031 -0.00646018981933593 0.0130786895751953
0.0312824249267578 0.0329818725585938 -0.0160465240478516 0.00579929351806641
0.0115432739257812 0.0453453063964844 -0.0119199752807617 -0.004913330078125
-0.0279808044433594 0.0388984680175781 0.00231742858886719 -0.0114192962646484
-0.0552215576171875 0.02264404296875 0.000987052917480465 0.0134201049804688
-0.0679664611816406 0.00185775756835936 -0.0300102233886719 0.0195446014404297
-0.0530853271484375 -0.0243721008300781 -0.0318794250488281 0.034881591796875
-0.057647705078125 -0.000583648681640621 -0.0435676574707031 0.0404319763183594
-0.0445327758789062 0.0221633911132813 -0.0188446044921875 0.0439338684082031
-0.0195350646972656 0.0453567504882813 0.0019378662109375 0.0376243591308594
0.010650634765625 0.0419044494628906 0.0114288330078125 0.0170717239379883
0.0383491516113281 0.025054931640625 0.0110960006713867 0.00506401062011719
0.0433235168457031 0.00592803955078125 -0.000409126281738279 0.00677013397216797
0.0389976501464844 0.00511550903320312 -0.00894546508789062 0.0107669830322266
0.04339599609375 0.00584793090820312 -0.014094352722168 0.0139236450195313
0.0423431396484375 0.0167312622070313 -0.0182285308837891 0.0107173919677734
0.0265865325927734 0.0345726013183594 -0.0226325988769531 0.00214576721191407
0.005645751953125 0.0451087951660156 -0.0135812759399414 -0.00676250457763672
-0.0319671630859375 0.0328941345214844 0.000284194946289062 -0.00841474533081055
-0.0542755126953125 0.00984954833984376 -0.00892353057861328 0.0172853469848633
-0.0603523254394531 -0.01165771484375 -0.0467910766601563 0.0153923034667969
-0.0299873352050781 -0.0312824249267578 -0.0485916137695312 0.02484130859375
-0.0388717651367188 -0.0157585144042969 -0.0547752380371094 0.03387451171875
-0.0371208190917969 0.00440597534179687 -0.0246963500976562 0.03961181640625
-0.0236701965332031 0.02911376953125 -0.00366401672363281 0.0288295745849609
0.00131416320800781 0.0337390899658203 0.00124359130859375 0.00876855850219727
0.0277423858642578 0.0267353057861328 -0.00507974624633789 0.00248336791992188
0.035369873046875 0.0105552673339844 -0.0162286758422852 0.00868892669677734
0.0321636199951172 0.00829887390136719 -0.0229969024658203 0.0143756866455078
0.0364112854003906 0.008819580078125 -0.0279998779296875 0.0163822174072266
0.0351829528808594 0.0177154541015625 -0.0305805206298828 0.00871086120605469
0.0203723907470703 0.0318145751953125 -0.0294380187988281 -0.00240516662597656
0.00133132934570312 0.0396995544433594 -0.0171670913696289 -0.0106382369995117
-0.0328235626220703 0.0254440307617188 -0.00180339813232422 -0.00894451141357422
-0.0492019653320313 -0.00202560424804688 -0.0174655914306641 0.0178260803222656
-0.0474433898925781 -0.0242424011230469 -0.0605583190917969 0.00812530517578125
-0.00197792053222656 -0.0341510772705078 -0.0526885986328125 0.0152816772460938
-0.0149307250976563 -0.0269737243652344 -0.0569915771484375 0.0261344909667969
-0.0220241546630859 -0.0124702453613281 -0.0241794586181641 0.033721923828125
-0.0242710113525391 0.00863456726074219 -0.00741958618164063 0.0201492309570313
-0.00931930541992188 0.0206012725830078 -0.00506925582885742 0.00254726409912109
0.011871337890625 0.0225734710693359 -0.0164594650268555 -0.00075054168701172
0.0212593078613281 0.0141754150390625 -0.0288219451904297 0.00844383239746094
0.0206127166748047 0.00999832153320313 -0.0339870452880859 0.0158233642578125
0.0247650146484375 0.0101966857910156 -0.0388984680175781 0.0157394409179688
0.0243511199951172 0.0162601470947266 -0.0398483276367188 0.005218505859375
0.0134601593017578 0.0255985260009766 -0.0356063842773438 -0.00674057006835937
-0.00310134887695312 0.0305633544921875 -0.0201702117919922 -0.0159015655517578
-0.0295028686523437 0.0162773132324219 -0.00592803955078125 -0.0111675262451172
-0.0382118225097656 -0.0128211975097656 -0.0259876251220703 0.0111980438232422
-0.0292644500732422 -0.0338287353515625 -0.0673904418945313 -0.00500488281250001
-0.001861572265625 0.0301494598388672 0.0669517517089844 0.00370407104492188
0.0258579254150391 0.0148353576660156 0.0292644500732422 -0.00139808654785156
0.0165920257568359 -0.010589599609375 0.00862979888916016 0.0150184631347656
0.00461196899414063 -0.0165328979492188 0.0271224975585938 0.0244655609130859
-0.00511264801025391 -0.0138311386108398 0.0444755554199219 0.0124397277832031
-0.0154523849487305 -0.0114431381225586 0.0499191284179688 -0.00796890258789063
-0.01123046875 -0.00615406036376953 0.0461959838867188 -0.0230865478515625
-0.00764131546020508 -0.00839567184448242 0.0384330749511719 -0.0200309753417969
-0.00940799713134765 -0.0138874053955078 0.0325489044189453 -0.00984954833984375
0.00338935852050781 -0.0167646408081055 0.0242252349853516 7.2479248046874E-05
0.0198631286621094 -0.00997161865234375 0.0068659782409668 -0.000957965850830079
0.0207080841064453 0.00737571716308594 0.00647640228271484 -0.0130538940429688
0.00971221923828125 0.0277957916259766 0.0267505645751953 -0.0302944183349609
-0.00451278686523438 0.0384979248046875 0.0514488220214844 -0.0250320434570312
-0.0224533081054688 0.0361099243164063 0.0458641052246094 -0.006103515625
-0.0272178649902344 0.0282306671142578 0.0628776550292969 0.0189285278320313
0.003265380859375 0.0262317657470703 0.0279045104980469 0.0102081298828125
0.00555992126464844 0.00559663772583008 0.0106258392333984 0.0219802856445313
0.00625038146972656 0.00201559066772461 0.029327392578125 0.0313014984130859
0.00531530380249023 -0.000983715057373047 0.04827880859375 0.01690673828125
0.00173616409301758 -0.00717258453369141 0.053619384765625 -0.00626373291015625
0.00741100311279297 -0.0106792449951172 0.0489997863769531 -0.0186576843261719
0.00899887084960938 -0.00962924957275391 0.039947509765625 -0.0168647766113281
0.0102806091308594 -0.0145654678344727 0.0332889556884766 -0.00625228881835938
0.0215339660644531 -0.0106086730957031 0.0229396820068359 0.00389671325683594
0.0279083251953125 0.00658988952636719 0.00405025482177735 0.0029904842376709
0.0219154357910156 0.0231513977050781 0.00113964080810547 -0.00921154022216797
-0.0035552978515625 0.0389518737792969 0.0170173645019531 -0.0266494750976563
-0.0280570983886719 0.0413398742675781 0.0407180786132813 -0.0190391540527344
-0.0460205078125 0.0337409973144531 0.0335502624511719 0.00298690795898438
-0.0533714294433594 0.0220375061035156 0.0465011596679688 0.0310211181640625
-0.0239353179931641 0.0329780578613281 0.0179100036621094 0.0249805450439453
-0.00844192504882812 0.0237751007080078 0.00839805603027344 0.0320281982421875
0.00579643249511719 0.0246925354003906 0.0302658081054688 0.0380821228027344
0.015955924987793 0.0137062072753906 0.0465888977050781 0.0203857421875
0.0212497711181641 -0.00156974792480469 0.0529060363769531 -0.00362777709960938
0.0243873596191406 -0.00987815856933594 0.044921875 -0.0139656066894531
0.024139404296875 -0.00795936584472656 0.0336132049560547 -0.0113773345947266
0.0284633636474609 -0.0116901397705078 0.0265636444091797 -0.00166511535644531
0.0363960266113281 -0.002471923828125 0.0172014236450195 0.00773239135742188
0.0343532562255859 0.0174045562744141 0.000530242919921877 0.00554466247558594
0.02252197265625 0.0359230041503906 -0.00374031066894531 -0.00609683990478515
-0.0141868591308594 0.0452766418457031 0.0108222961425781 -0.0231094360351562
-0.0428352355957031 0.0427894592285156 0.0270576477050781 -0.00861167907714844
-0.0628280639648438 0.0296592712402344 0.014470100402832 0.0133171081542969
-0.068267822265625 0.00889205932617188 0.0242118835449219 0.0394210815429688
-0.0471000671386719 0.0322952270507813 0.00106811523437499 0.0370330810546875
-0.0255050659179688 0.0367202758789063 0.00339126586914063 0.0405044555664063
0.001312255859375 0.0424690246582031 0.0255661010742188 0.0420265197753906
0.0234508514404297 0.0287189483642578 0.0391197204589844 0.0217132568359375
0.0381851196289063 0.0069122314453125 0.0438652038574219 -0.000690460205078125
0.0377655029296875 -0.00885391235351563 0.0345706939697266 -0.00578117370605469
0.0362358093261719 -0.0069427490234375 0.0229854583740234 -0.00360870361328125
0.0401115417480469 -0.00842666625976562 0.0157508850097656 0.00392913818359375
0.044891357421875 0.002227783203125 0.00720787048339844 0.00974655151367188
0.0373344421386719 0.0264854431152344 -0.00646257400512695 0.00497341156005859
0.0203742980957031 0.0428390502929688 -0.0075373649597168 -0.00438165664672851
-0.0194473266601562 0.0477256774902344 0.00477027893066406 -0.0177135467529297
-0.0511894226074219 0.0388221740722656 0.0149459838867187 0.000438690185546877
-0.0696754455566406 0.0215950012207031 -0.00574493408203125 0.0187149047851563
-0.07000732421875 -0.00603103637695313 -0.00355911254882813 0.0416374206542969
-0.0617942810058594 0.0218048095703125 -0.0202140808105469 0.0448493957519531
-0.03936767578125 0.0391197204589844 -0.00677871704101563 0.04608154296875
-0.00595474243164063 0.0518951416015625 0.01611328125 0.0427398681640625
0.0230484008789063 0.0408821105957031 0.0264739990234375 0.0215663909912109
0.0443572998046875 0.0147590637207031 0.0288486480712891 0.00269699096679688
0.0460090637207031 -0.00439071655273438 0.016484260559082 0.000491142272949219
0.0427322387695313 -0.00379180908203125 0.00707626342773438 0.00392246246337891
0.04766845703125 -0.00461578369140625 0.00244426727294922 0.0108804702758789
0.0483283996582031 0.00844192504882813 -0.00449371337890625 0.0110225677490234
0.0361099243164063 0.0305252075195312 -0.015934944152832 0.00619411468505859
0.0178909301757813 0.0467262268066406 -0.0103044509887695 -0.00552845001220703
-0.0247154235839844 0.0455398559570313 0.0013275146484375 -0.0131454467773437
-0.0547294616699219 0.0299453735351563 0.00466060638427734 0.0119724273681641
-0.0710296630859375 0.00969696044921873 -0.0261859893798828 0.0227794647216797
-0.0582351684570312 -0.019561767578125 -0.0292472839355469 0.0394515991210938
-0.0602340698242188 0.00692367553710938 -0.0399246215820313 0.0440788269042969
-0.0447425842285156 0.0291328430175781 -0.0159111022949219 0.0450363159179687
-0.0151329040527344 0.04949951171875 0.00496292114257812 0.0386886596679688
0.0169906616210937 0.0431671142578125 0.0130691528320313 0.0162487030029297
0.0430335998535156 0.0209846496582031 0.0112390518188477 0.00378227233886719
0.0466423034667969 0.0007781982421875 0.0005946159362793 0.00570964813232422
0.0416183471679687 0.0003662109375 -0.00809764862060547 0.0110569000244141
0.0481834411621094 -0.0004730224609375 -0.0133495330810547 0.0151805877685547
0.046173095703125 0.011627197265625 -0.0183773040771484 0.0115261077880859
0.0327415466308594 0.0326728820800781 -0.0232505798339844 0.00325393676757813
0.0123863220214844 0.04595947265625 -0.0138006210327148 -0.00701618194580078
-0.0291557312011719 0.0388526916503906 1.14440917968731E-05 -0.00959491729736328
-0.0547523498535156 0.0183982849121094 -0.006072998046875 0.018402099609375
-0.0646896362304688 -0.00436019897460938 -0.0444297790527344 0.0194778442382813
-0.0374298095703125 -0.0284538269042969 -0.0458641052246094 0.0299911499023437
-0.0445327758789063 -0.0114784240722656 -0.0539169311523437 0.0413780212402344
-0.0387649536132813 0.0109367370605469 -0.0215721130371094 0.0424690246582031
-0.0220375061035156 0.0352210998535156 -0.00173759460449219 0.0304927825927734
0.00680923461914062 0.0361709594726563 0.000466346740722658 0.00977516174316406
0.0325813293457031 0.0232105255126953 -0.00572538375854492 0.00345611572265625
0.0377464294433594 0.00661849975585937 -0.0175180435180664 0.0108919143676758
0.0353851318359375 0.00320053100585938 -0.0229129791259766 0.0184249877929687
0.0399322509765625 0.00320053100585938 -0.0275726318359375 0.0182952880859375
0.0392990112304688 0.0145378112792969 -0.0318946838378906 0.0100021362304688
0.0271720886230469 0.0297145843505859 -0.0315456390380859 0.000120162963867186
0.00686264038085938 0.0408782958984375 -0.0187644958496094 -0.0112438201904297
-0.0323390960693359 0.0308876037597656 -0.00200271606445313 -0.00937080383300781
-0.0523223876953125 0.00622940063476563 -0.0163135528564453 0.02069091796875
-0.0531692504882812 -0.0190391540527344 -0.0611610412597656 0.0137481689453125
-0.0068359375 -0.0352516174316406 -0.0532302856445313 0.0222434997558594
-0.0199794769287109 -0.0247344970703125 -0.0554733276367187 0.0333251953125
-0.0254497528076172 -0.00971221923828125 -0.0218544006347656 0.0352096557617188
-0.0235328674316406 0.0134735107421875 -0.00648307800292969 0.0201644897460938
-0.00655174255371094 0.0226249694824219 -0.00665092468261719 0.00271272659301758
0.0152854919433594 0.0214881896972656 -0.0174188613891602 0.0013885498046875
0.0235309600830078 0.0095062255859375 -0.0299053192138672 0.0130977630615234
0.0231208801269531 0.0065155029296875 -0.0332279205322266 0.0193576812744141
0.0276165008544922 0.00643157958984375 -0.0380516052246094 0.0207099914550781
0.0274295806884766 0.0124454498291016 -0.0403594970703125 0.00959396362304688
0.0173320770263672 0.0247955322265625 -0.0395393371582031 -0.00523757934570313
0.00137138366699219 0.0321025848388672 -0.0224151611328125 -0.0144081115722656
-0.0284442901611328 0.0210990905761719 -0.006866455078125 -0.0110645294189453
-0.0418014526367188 -0.00731277465820313 -0.0253086090087891 0.0149078369140625
-0.0344390869140625 -0.0296649932861328 -0.0707168579101563 0.000488281249999998
0.000778198242187503 0.0289573669433594 0.067596435546875 -0.00130081176757812
0.0257492065429688 0.0106029510498047 0.0291996002197266 -0.00511360168457031
0.0154409408569336 -0.0120706558227539 0.00822734832763672 0.0136871337890625
0.00151729583740234 -0.0159263610839844 0.0282325744628906 0.0234146118164063
-0.00694561004638672 -0.0133876800537109 0.0469017028808594 0.00860595703125
-0.0167770385742188 -0.00786781311035156 0.0494804382324219 -0.0126991271972656
-0.0111427307128906 -0.00583267211914062 0.045013427734375 -0.0270500183105469
-0.00856971740722656 -0.00691747665405274 0.0371818542480469 -0.0237579345703125
-0.0102567672729492 -0.0121536254882813 0.0318756103515625 -0.0150070190429688
0.00157070159912109 -0.0167331695556641 0.0248622894287109 -0.003662109375
0.0169353485107422 -0.0112924575805664 0.00934123992919922 -0.00249767303466797
0.0212287902832031 0.00402450561523438 0.00684547424316406 -0.0139675140380859
0.0133724212646484 0.0243415832519531 0.0249404907226563 -0.0311279296875
-0.000251770019531251 0.0370445251464844 0.0489082336425781 -0.0299720764160156
-0.0178298950195313 0.0360069274902344 0.0479965209960938 -0.0107955932617187
-0.0264015197753906 0.0306358337402344 0.0636024475097656 0.011749267578125
0.00475883483886719 0.0243282318115234 0.0279006958007813 0.00656509399414063
0.00650930404663086 0.00547027587890625 0.0110950469970703 0.0211887359619141
0.00624895095825195 0.00220489501953125 0.0326957702636719 0.0296478271484375
0.00564193725585938 -0.000961780548095703 0.0491180419921875 0.0125045776367188
0.00189399719238281 -0.00612592697143555 0.0537071228027344 -0.0117874145507813
0.00629615783691406 -0.0101690292358398 0.0481681823730469 -0.025177001953125
0.00856208801269531 -0.00926494598388672 0.0373420715332031 -0.0217170715332031
0.0091714859008789 -0.0138626098632812 0.0312232971191406 -0.0114326477050781
0.0204563140869141 -0.0118179321289063 0.0242500305175781 -0.000143051147460938
0.0281982421875 0.00333404541015625 0.00666379928588867 0.00132656097412109
0.0235557556152344 0.0217399597167969 0.00267887115478516 -0.00885200500488281
-0.0003662109375 0.0381622314453125 0.0166339874267578 -0.0278072357177734
-0.0231285095214844 0.0447273254394531 0.0394630432128906 -0.0224647521972656
-0.041412353515625 0.03753662109375 0.0357589721679688 -0.000934600830078123
-0.0513343811035156 0.025909423828125 0.0499305725097656 0.0258064270019531
-0.021240234375 0.0337677001953125 0.0202159881591797 0.0208873748779297
-0.00777053833007813 0.0251197814941406 0.0104846954345703 0.0298175811767578
0.00824165344238281 0.02374267578125 0.0330429077148438 0.0361557006835938
0.0179958343505859 0.0129756927490234 0.0474090576171875 0.015777587890625
0.0221271514892578 -0.00274658203125 0.0516700744628906 -0.0086669921875
0.0240211486816406 -0.0130176544189453 0.0435104370117188 -0.0199356079101563
0.0243492126464844 -0.0110359191894531 0.0324878692626953 -0.0164089202880859
0.0269508361816406 -0.0141105651855469 0.0261020660400391 -0.006103515625
0.03594970703125 -0.006134033203125 0.0183830261230469 0.00343513488769531
0.0370025634765625 0.0145111083984375 0.00117969512939453 0.00353455543518066
0.0255165100097656 0.0344734191894531 -0.00194692611694336 -0.00659370422363281
-0.00928878784179688 0.0474739074707031 0.00926780700683594 -0.0231647491455078
-0.0394096374511719 0.04766845703125 0.0275859832763672 -0.0123519897460937
-0.0585136413574219 0.0356636047363281 0.0184478759765625 0.00944900512695313
-0.0676994323730469 0.0159225463867187 0.0283546447753906 0.0365104675292969
-0.0452766418457031 0.0362968444824219 0.00444602966308594 0.03497314453125
-0.0229988098144531 0.039154052734375 0.00543212890625 0.03936767578125
0.006439208984375 0.0431747436523438 0.0285072326660156 0.04046630859375
0.0263385772705078 0.0277118682861328 0.0407257080078125 0.0186500549316406
0.0382080078125 0.0038299560546875 0.0429801940917969 -0.00447845458984375
0.0382347106933594 -0.0122909545898438 0.0335502624511719 -0.0115547180175781
0.0367889404296875 -0.0103492736816406 0.0219879150390625 -0.00718879699707031
0.0403289794921875 -0.0124893188476563 0.0151300430297852 0.00153732299804687
0.0457038879394531 -0.00124740600585938 0.00835752487182618 0.00678396224975586
0.0407638549804688 0.0224266052246094 -0.00579357147216797 0.005157470703125
0.0255699157714844 0.0420150756835937 -0.00651311874389648 -0.00464820861816406
-0.0149116516113281 0.0503692626953125 0.00425529479980469 -0.0176639556884766
-0.04833984375 0.0450096130371094 0.0163021087646484 -0.0011444091796875
-0.0677490234375 0.0285530090332031 -0.00127315521240235 0.0167684555053711
-0.07281494140625 0.00186920166015626 0.00103759765625 0.04241943359375
-0.0599517822265625 0.0291213989257813 -0.0162124633789063 0.0442733764648438
-0.0364952087402344 0.0436744689941406 -0.00389480590820313 0.0450325012207031
-0.000114440917968751 0.05560302734375 0.018798828125 0.0415458679199219
0.0282363891601562 0.038421630859375 0.0276012420654297 0.0183830261230469
0.0478363037109375 0.0107421875 0.0286026000976563 -0.00105667114257812
0.0459938049316406 -0.00979232788085938 0.0180912017822266 -0.00182342529296875
0.0431556701660156 -0.00799942016601563 0.00712108612060547 0.00279951095581055
0.0474090576171875 -0.0101242065429688 0.00151824951171875 0.00856637954711914
0.0500564575195313 0.00296401977539063 -0.00369834899902343 0.00972652435302734
0.0410575866699219 0.0277633666992188 -0.0142583847045898 0.00479984283447266
0.0228195190429688 0.0449142456054688 -0.0102672576904297 -0.00446605682373047
-0.0211753845214844 0.0483169555664063 0.00203609466552734 -0.0127296447753906
-0.0532417297363281 0.0373153686523438 0.00599384307861328 0.0105504989624023
-0.0701942443847656 0.0174903869628906 -0.0225658416748047 0.0219917297363281
-0.0622100830078125 -0.0125732421875 -0.024749755859375 0.0417556762695313
-0.0611572265625 0.0136489868164063 -0.0357666015625 0.0472450256347656
-0.0433197021484375 0.0339622497558594 -0.0130615234375 0.0451545715332031
-0.00982666015625 0.0529861450195312 0.00755691528320313 0.0372657775878906
0.0218429565429687 0.0419464111328125 0.0129594802856445 0.0153484344482422
0.0464210510253906 0.0163803100585938 0.0104436874389648 0.002655029296875
0.046722412109375 -0.00523757934570312 0.000687599182128909 0.0068049430847168
0.0419883728027344 -0.00482559204101563 -0.00715923309326172 0.0115470886230469
0.0475730895996094 -0.00617599487304688 -0.0130186080932617 0.015172004699707
0.0486221313476563 0.00607681274414063 -0.0176525115966797 0.0117073059082031
0.0375785827636719 0.02880859375 -0.0225410461425781 0.00294113159179688
0.017547607421875 0.0454559326171875 -0.0139503479003906 -0.00725746154785156
-0.0254669189453125 0.0429611206054688 -0.000295639038085938 -0.00982856750488281
-0.0547218322753906 0.0256538391113281 -0.00379180908203125 0.0175743103027344
-0.0659217834472656 0.00293731689453124 -0.0413017272949219 0.0221672058105469
-0.0407295227050781 -0.0250396728515625 -0.0444412231445312 0.0351066589355469
-0.0465850830078125 -0.00469970703125 -0.0500564575195313 0.0438041687011719
-0.0391807556152344 0.0153923034667969 -0.0197830200195313 0.0414085388183594
-0.0172348022460938 0.03741455078125 -0.00147056579589844 0.0292129516601563
0.0111541748046875 0.0356903076171875 8.86917114257816E-05 0.00999641418457031
0.0354576110839844 0.0198860168457031 -0.00669479370117187 0.00403547286987305
0.0385398864746094 0.00060272216796875 -0.016016960144043 0.0134353637695313
0.0353813171386719 -0.000335693359375 -0.0208797454833984 0.0188560485839844
0.0403366088867188 -0.00109100341796875 -0.0261592864990234 0.0203628540039063
0.0406036376953125 0.00804519653320312 -0.0305881500244141 0.0125980377197266
0.0300941467285156 0.0278911590576172 -0.0316638946533203 0.000751495361328131
0.0118827819824219 0.0407066345214844 -0.0183391571044922 -0.0109748840332031
-0.0283737182617188 0.0348987579345703 -0.00284194946289063 -0.0103960037231445
-0.0513801574707031 0.0115699768066406 -0.0130729675292969 0.0204944610595703
-0.0552864074707031 -0.0116233825683594 -0.0580062866210937 0.0172576904296875
-0.0115680694580078 -0.0333843231201172 -0.05218505859375 0.02685546875
-0.0234756469726562 -0.022216796875 -0.0520477294921875 0.0373306274414062
-0.0272293090820313 -0.00539779663085938 -0.0203018188476562 0.0357666015625
-0.0210094451904297 0.0161571502685547 -0.00655364990234375 0.0207614898681641
-0.00256538391113281 0.0236701965332031 -0.00724697113037109 0.00441932678222656
0.0185813903808594 0.0181293487548828 -0.0188980102539063 0.00396156311035156
0.0249805450439453 0.00637626647949219 -0.0286846160888672 0.0162677764892578
0.0234012603759766 0.00382232666015625 -0.0316600799560547 0.0240402221679688
0.0280227661132813 0.00232505798339844 -0.0371894836425781 0.0240364074707031
0.0287914276123047 0.00842857360839844 -0.0418319702148438 0.011688232421875
0.0207023620605469 0.0214920043945312 -0.0390510559082031 -0.00242233276367188
0.00584793090820312 0.0313453674316406 -0.0234127044677734 -0.0138339996337891
-0.0256862640380859 0.0231285095214844 -0.00719451904296875 -0.0116949081420898
-0.0422897338867187 -0.00159835815429688 -0.0231285095214844 0.0167655944824219
-0.0379219055175781 -0.0249290466308594 -0.0697174072265625 0.00640869140624999
0.00190353393554687 0.0274276733398438 0.0658798217773438 -0.00520706176757812
0.0250682830810547 0.00866508483886719 0.0271015167236328 -0.00740432739257813
0.01300048828125 -0.0126266479492188 0.00866413116455078 0.0132255554199219
-7.15255737304677E-05 -0.0159006118774414 0.0288028717041016 0.0224857330322266
-0.00795745849609375 -0.0119314193725586 0.0464248657226563 0.00639724731445312
-0.0160808563232422 -0.00538921356201172 0.0490150451660156 -0.0160293579101563
-0.0113677978515625 -0.00440216064453125 0.042510986328125 -0.0298995971679687
-0.00842666625976563 -0.00587177276611328 0.0342559814453125 -0.0267467498779297
-0.0109395980834961 -0.0100765228271484 0.0295429229736328 -0.0181827545166016
0.000105857849121094 -0.0157690048217773 0.025054931640625 -0.00676536560058594
0.0147504806518555 -0.0122489929199219 0.0108356475830078 -0.00408554077148438
0.0202426910400391 0.00160408020019531 0.00766563415527344 -0.0139083862304688
0.0143566131591797 0.0221328735351562 0.0231342315673828 -0.0303249359130859
0.0023040771484375 0.03515625 0.0469894409179688 -0.031982421875
-0.0140228271484375 0.0357742309570313 0.0477066040039063 -0.0146255493164062
-0.0241298675537109 0.0306339263916016 0.0634269714355469 0.007598876953125
0.00494956970214844 0.0233745574951172 0.0268497467041016 0.00383567810058594
0.00504207611083984 0.00572681427001953 0.0111980438232422 0.0200672149658203
0.00576353073120117 0.00266170501708984 0.0330371856689453 0.0276870727539063
0.00540828704833984 -0.00153446197509766 0.04876708984375 0.00910186767578125
0.00258064270019531 -0.00508213043212891 0.0523834228515625 -0.015228271484375
0.00598621368408203 -0.0100288391113281 0.0448188781738281 -0.028289794921875
0.00828742980957031 -0.00982189178466797 0.0349254608154297 -0.0250930786132813
0.00875282287597656 -0.0141010284423828 0.0300731658935547 -0.0148887634277344
0.0186138153076172 -0.0116481781005859 0.0245704650878906 -0.00354385375976563
0.0269451141357422 0.00135421752929688 0.00821638107299805 -0.000832557678222656
0.0240325927734375 0.0193004608154297 0.00417137145996094 -0.00968265533447265
0.0024261474609375 0.0368576049804688 0.01593017578125 -0.0271224975585937
-0.0200424194335937 0.0441322326660156 0.0377006530761719 -0.0247535705566406
-0.0378150939941406 0.0387687683105469 0.0368499755859375 -0.00437545776367187
-0.04931640625 0.0281639099121094 0.0513153076171875 0.0212936401367187
-0.0201416015625 0.0349960327148437 0.0198192596435547 0.0185470581054688
-0.00657272338867188 0.0261459350585938 0.0106849670410156 0.0286006927490234
0.00948333740234375 0.0237464904785156 0.0337295532226563 0.0333976745605469
0.0190505981445313 0.0124149322509766 0.0477142333984375 0.0124549865722656
0.0223751068115234 -0.00310516357421875 0.0499496459960938 -0.0122146606445313
0.0236396789550781 -0.0144004821777344 0.0415992736816406 -0.0225601196289062
0.0238189697265625 -0.0129032135009766 0.0304107666015625 -0.0188961029052734
0.0264091491699219 -0.0157413482666016 0.0243721008300781 -0.00906562805175781
0.0345916748046875 -0.00768470764160156 0.0189094543457031 0.00018310546875
0.0368843078613281 0.0122642517089844 0.00284767150878906 0.00180935859680176
0.027618408203125 0.0321617126464844 -0.000823974609374999 -0.00708580017089844
-0.006134033203125 0.0469551086425781 0.00887870788574219 -0.0232906341552734
-0.0351028442382812 0.0493354797363281 0.026641845703125 -0.0148487091064453
-0.0548553466796875 0.0378875732421875 0.0207309722900391 0.00612068176269532
-0.0670547485351563 0.0196685791015625 0.0302639007568359 0.0336418151855469
-0.0432395935058594 0.0389671325683594 0.00555610656738281 0.0318927764892578
-0.0211029052734375 0.0412559509277344 0.0057220458984375 0.0373077392578125
0.0090484619140625 0.0429840087890625 0.0289230346679687 0.0382614135742188
0.0283107757568359 0.0258884429931641 0.0402793884277344 0.0158195495605469
0.0384521484375 0.00100326538085938 0.041351318359375 -0.00748443603515625
0.037353515625 -0.015289306640625 0.0320644378662109 -0.01361083984375
0.0359268188476563 -0.0133094787597656 0.0207023620605469 -0.0095367431640625
0.0395011901855469 -0.015899658203125 0.0140542984008789 -0.00148487091064453
0.0452041625976563 -0.0045928955078125 0.00873327255249024 0.00403738021850586
0.0424232482910156 0.0197181701660156 -0.00498104095458984 0.00278425216674805
0.0283699035644531 0.0398483276367188 -0.00534248352050781 -0.00536203384399414
-0.0119056701660156 0.0511054992675781 0.00428199768066406 -0.0178966522216797
-0.0448188781738281 0.0482292175292969 0.0163297653198242 -0.00321102142333984
-0.064361572265625 0.0324974060058594 0.00115585327148437 0.0147371292114258
-0.0725250244140625 0.00656127929687501 0.00342178344726562 0.0409278869628906
-0.0584220886230469 0.0330047607421875 -0.0139541625976563 0.0427627563476563
-0.034515380859375 0.0462493896484375 -0.00274658203125001 0.0429153442382813
0.00338363647460937 0.0547714233398438 0.0197982788085938 0.0396842956542969
0.0311279296875 0.0363616943359375 0.0275993347167969 0.0166244506835938
0.0477180480957031 0.00725173950195312 0.0270404815673828 -0.00226783752441406
0.0450248718261719 -0.0135688781738281 0.0173587799072266 -0.00324630737304688
0.0421409606933594 -0.0116615295410156 0.00757932662963867 0.00123167037963867
0.046783447265625 -0.0136375427246094 0.0015716552734375 0.00745105743408203
0.04998779296875 -0.001251220703125 -0.00386381149291992 0.00824499130249023
0.0430335998535156 0.0238533020019531 -0.0132865905761719 0.00371646881103516
0.0261344909667969 0.0436592102050781 -0.00965213775634765 -0.00561046600341797
-0.0174789428710937 0.0497894287109375 0.00201129913330078 -0.0138778686523437
-0.0508880615234375 0.0414466857910156 0.00708866119384765 0.00886058807373047
-0.0680961608886719 0.0222320556640625 -0.0192203521728516 0.0213661193847656
-0.0631790161132813 -0.00795745849609376 -0.0219001770019531 0.0417823791503906
-0.0598030090332031 0.0183982849121094 -0.0325355529785156 0.0465431213378906
-0.0410804748535156 0.0375251770019531 -0.0116462707519531 0.0440483093261719
-0.00526809692382812 0.0534744262695313 0.00830459594726562 0.0360298156738281
0.0252838134765625 0.0401039123535156 0.0128364562988281 0.0148429870605469
0.0470237731933594 0.0125389099121094 0.00995254516601563 0.00177383422851563
0.0457077026367187 -0.00910186767578125 0.000666141510009768 0.00628805160522461
0.0417289733886719 -0.00849151611328125 -0.00709152221679687 0.0114736557006836
0.0467338562011719 -0.0103569030761719 -0.0121440887451172 0.0150012969970703
0.0487022399902344 0.00170135498046875 -0.0170879364013672 0.0111160278320313
0.0395622253417969 0.0257415771484375 -0.0224590301513672 0.00301742553710938
0.0210380554199219 0.0431365966796875 -0.0135326385498047 -0.00696468353271484
-0.0226097106933594 0.04437255859375 0.000114440917968748 -0.0107221603393555
-0.0524520874023438 0.0305519104003906 -0.00209522247314453 0.0165805816650391
-0.0644721984863281 0.00835418701171875 -0.0380439758300781 0.0223731994628906
-0.0420417785644531 -0.0209083557128906 -0.0417671203613281 0.0372314453125
-0.0464096069335938 -0.000968933105468745 -0.0457801818847656 0.0443038940429687
-0.0378074645996094 0.0191497802734375 -0.0179023742675781 0.04052734375
-0.0136260986328125 0.0396690368652344 -0.000967025756835936 0.0291862487792969
0.0142173767089844 0.0343303680419922 -7.43865966796876E-05 0.0100030899047852
0.0365829467773438 0.0157585144042969 -0.00678873062133789 0.00492668151855469
0.0384178161621094 -0.00299072265625 -0.0146799087524414 0.0139999389648438
0.0349693298339844 -0.00382804870605469 -0.0198135375976562 0.0202083587646484
0.0398788452148438 -0.00534439086914063 -0.02484130859375 0.0216560363769531
0.0413360595703125 0.00408172607421875 -0.0298252105712891 0.0133876800537109
0.0325660705566406 0.0242862701416016 -0.0310134887695312 0.00171470642089844
0.01507568359375 0.0389938354492188 -0.0183258056640625 -0.0100746154785156
-0.0249824523925781 0.0357818603515625 -0.00289344787597656 -0.0102529525756836
-0.0497970581054688 0.016265869140625 -0.0112457275390625 0.0197010040283203
-0.0545997619628906 -0.00699996948242189 -0.055572509765625 0.0191230773925781
-0.0147037506103516 -0.0309944152832031 -0.0496635437011719 0.0296554565429687
-0.0255355834960938 -0.0190296173095703 -0.0495491027832031 0.0385360717773438
-0.0272102355957031 -0.00255775451660156 -0.0184402465820312 0.0354576110839844
-0.0186042785644531 0.0187950134277344 -0.00633811950683594 0.0208454132080078
0.000274658203124997 0.0230007171630859 -0.00854825973510742 0.0051875114440918
0.0200386047363281 0.0156536102294922 -0.0190143585205078 0.00615501403808593
0.0246772766113281 0.00336265563964844 -0.0266761779785156 0.0188694000244141
0.0234127044677734 0.000986099243164063 -0.0293445587158203 0.0255126953125
0.0274944305419922 -0.000547409057617188 -0.0353507995605469 0.0259933471679688
0.0288028717041016 0.00555610656738281 -0.0405769348144531 0.0136642456054688
0.0222682952880859 0.0194683074951172 -0.0390357971191406 -0.000503540039062495
0.00844955444335938 0.03009033203125 -0.0236568450927734 -0.0134048461914062
-0.0231513977050781 0.0246982574462891 -0.00716114044189453 -0.0114831924438477
-0.0404930114746094 0.00219345092773438 -0.0206699371337891 0.0169715881347656
-0.0383110046386719 -0.0208740234375 -0.0672760009765625 0.00978851318359376
0.00270271301269531 0.0263004302978516 0.064788818359375 -0.00652313232421875
0.0243911743164063 0.00736236572265625 0.0260982513427734 -0.00782394409179688
0.0122737884521484 -0.0127038955688477 0.00824546813964844 0.0130949020385742
-0.000411033630371095 -0.0150623321533203 0.0291786193847656 0.0216426849365234
-0.00855445861816406 -0.0113658905029297 0.0461921691894531 0.005218505859375
-0.0156745910644531 -0.00420665740966797 0.0486869812011719 -0.0175018310546875
-0.0107631683349609 -0.00393199920654297 0.0413322448730469 -0.0315170288085938
-0.00807714462280273 -0.00551986694335937 0.0328903198242188 -0.0282573699951172
-0.010869026184082 -0.00917243957519531 0.0286197662353516 -0.0192642211914063
-0.000642776489257814 -0.0144987106323242 0.0247287750244141 -0.00902938842773438
0.0131406784057617 -0.0124540328979492 0.0118169784545898 -0.00532627105712891
0.0196018218994141 0.000715255737304688 0.0087118148803711 -0.0138731002807617
0.0148544311523438 0.0202255249023438 0.0228424072265625 -0.0299358367919922
0.00363349914550781 0.0333042144775391 0.0460700988769531 -0.0325927734375
-0.0120277404785156 0.0345973968505859 0.0479164123535156 -0.0166816711425781
-0.0234794616699219 0.0303802490234375 0.062957763671875 0.00580596923828125
0.00436210632324219 0.0229053497314453 0.0262050628662109 0.00277137756347656
0.00477743148803711 0.00647354125976563 0.0103702545166016 0.0198707580566406
0.00585746765136719 0.00299501419067383 0.0329685211181641 0.0268898010253906
0.00536060333251953 -0.000890254974365234 0.0490570068359375 0.00825119018554688
0.00304174423217773 -0.00483083724975586 0.0517654418945313 -0.0168228149414063
0.00634574890136719 -0.0101022720336914 0.0436515808105469 -0.0302848815917969
0.00851821899414063 -0.0100984573364258 0.0334148406982422 -0.0270118713378906
0.00857162475585938 -0.0133676528930664 0.0291271209716797 -0.0170574188232422
0.0181007385253906 -0.0118503570556641 0.0246047973632813 -0.00619697570800781
0.0266323089599609 0.00040435791015625 0.00936508178710938 -0.00268363952636719
0.0241680145263672 0.0179023742675781 0.00535392761230469 -0.0100889205932617
0.00298690795898438 0.036041259765625 0.0161628723144531 -0.0268039703369141
-0.0181655883789063 0.0440101623535156 0.0374069213867188 -0.0258827209472656
-0.0359535217285156 0.0387687683105469 0.0380516052246094 -0.0066375732421875
-0.0491065979003906 0.0293464660644531 0.0509223937988281 0.0195083618164063
-0.01959228515625 0.0354843139648437 0.0194454193115234 0.0163993835449219
-0.00686454772949218 0.0270061492919922 0.0102329254150391 0.0282611846923828
0.00999259948730469 0.02392578125 0.0335159301757813 0.0328235626220703
0.0195140838623047 0.0119228363037109 0.0474166870117188 0.0116348266601563
0.0224952697753906 -0.00343894958496094 0.0492134094238281 -0.0136451721191406
0.0233802795410156 -0.0148277282714844 0.04022216796875 -0.0244522094726563
0.0240268707275391 -0.0137386322021484 0.0287036895751953 -0.0205802917480469
0.0264492034912109 -0.0164394378662109 0.0236282348632813 -0.0114078521728516
0.0344944000244141 -0.00908660888671875 0.0186595916748047 -0.00218391418457031
0.0373039245605469 0.0106124877929688 0.00339221954345703 -0.000449657440185546
0.0282840728759766 0.0312156677246094 0.000776767730712892 -0.00804615020751953
-0.0051116943359375 0.04705810546875 0.0091705322265625 -0.0233745574951172
-0.0337066650390625 0.0500869750976563 0.0266876220703125 -0.01641845703125
-0.05328369140625 0.03857421875 0.0219974517822266 0.003662109375
-0.0666580200195312 0.0218238830566406 0.0308341979980469 0.0317306518554688
-0.0421409606933594 0.0404434204101563 0.0060577392578125 0.0303363800048828
-0.0205345153808594 0.0428619384765625 0.00544357299804688 0.0363616943359375
0.0110435485839844 0.0430870056152344 0.0289840698242188 0.037261962890625
0.0294189453125 0.0250682830810547 0.0397758483886719 0.0150718688964844
0.0385971069335938 8.7738037109375E-05 0.0403099060058594 -0.00823974609375
0.0369606018066406 -0.0166130065917969 0.0308361053466797 -0.0151653289794922
0.0358848571777344 -0.0153656005859375 0.0199604034423828 -0.0110187530517578
0.0394821166992187 -0.0176429748535156 0.0135650634765625 -0.00346946716308594
0.0453300476074219 -0.0064849853515625 0.00842428207397461 0.0022435188293457
0.0434303283691406 0.0179290771484375 -0.00402688980102539 0.00150346755981445
0.0297966003417969 0.0391387939453125 -0.00403356552124023 -0.00645303726196289
-0.0103607177734375 0.0517425537109375 0.00455856323242188 -0.0186119079589844
-0.0434494018554688 0.0504531860351562 0.0166893005371094 -0.00456428527832031
-0.0631599426269531 0.0343208312988281 0.00279903411865234 0.012944221496582
-0.07257080078125 0.00942993164062499 0.0047454833984375 0.03985595703125
-0.0575790405273437 0.0351600646972656 -0.0126762390136719 0.0409355163574219
-0.0336761474609375 0.0481643676757812 -0.00286102294921875 0.0419273376464844
0.0057830810546875 0.0550651550292969 0.019561767578125 0.0387496948242187
0.0327205657958984 0.0351123809814453 0.0269451141357422 0.0160198211669922
0.0480842590332031 0.00527572631835938 0.02587890625 -0.00295829772949219
0.04461669921875 -0.0154228210449219 0.0165243148803711 -0.00424766540527344
0.0419044494628906 -0.0141639709472656 0.00677824020385742 0.000724315643310546
0.0461883544921875 -0.0161361694335938 0.00114536285400391 0.00592231750488281
0.0505943298339844 -0.00399017333984375 -0.00416278839111328 0.00688266754150391
0.0443267822265625 0.0222702026367188 -0.0131616592407227 0.00256061553955078
0.0283203125 0.0426559448242188 -0.00854873657226563 -0.00625085830688476
-0.0157051086425781 0.0511856079101563 0.00204181671142578 -0.0143985748291016
-0.0494270324707031 0.044097900390625 0.00786161422729492 0.00729227066040039
-0.0668716430664063 0.024383544921875 -0.0170269012451172 0.0197906494140625
-0.0642623901367188 -0.00519561767578124 -0.0204277038574219 0.0416412353515625
-0.0590400695800781 0.0206069946289062 -0.0311813354492188 0.0457382202148438
-0.0408172607421875 0.0398521423339844 -0.0113525390625 0.0428504943847656
-0.00348281860351563 0.0539817810058594 0.00802993774414063 0.0353622436523438
0.0273704528808594 0.0390548706054688 0.0117826461791992 0.0148735046386719
0.0472679138183594 0.0103912353515625 0.00897789001464844 0.00199031829833984
0.0452842712402344 -0.0113296508789062 0.00106334686279297 0.00615119934082031
0.0415229797363281 -0.010986328125 -0.00640201568603515 0.0111970901489258
0.0463943481445312 -0.0129470825195312 -0.0126705169677734 0.0146875381469727
0.0488739013671875 -0.000698089599609375 -0.0171375274658203 0.010498046875
0.0409736633300781 0.0237846374511719 -0.0224761962890625 0.00229454040527344
0.0233917236328125 0.0421142578125 -0.0134239196777344 -0.00791549682617188
-0.0207061767578125 0.0455207824707031 -0.000164985656738282 -0.0115337371826172
-0.0517654418945313 0.0330085754394531 -0.00132179260253907 0.0154457092285156
-0.0637092590332031 0.0109176635742188 -0.0367889404296875 0.0215530395507813
-0.0431861877441406 -0.0181541442871094 -0.0407943725585938 0.03753662109375
-0.0467796325683594 0.00175094604492187 -0.0444183349609375 0.0441474914550781
-0.0379257202148438 0.0216598510742187 -0.0178604125976563 0.0401687622070313
-0.0118904113769531 0.0401039123535156 -0.00150489807128906 0.0286808013916016
0.01593017578125 0.0339946746826172 -0.000533103942871094 0.0106649398803711
0.0373649597167969 0.0135993957519531 -0.00767469406127929 0.00460147857666016
0.0379447937011719 -0.004791259765625 -0.0144119262695312 0.0145292282104492
0.0349044799804688 -0.00617408752441406 -0.0191497802734375 0.0204124450683594
0.0396995544433594 -0.00820159912109375 -0.0247917175292969 0.0221271514892578
0.0410881042480469 0.00162124633789063 -0.0296115875244141 0.0135078430175781
0.0335197448730469 0.0226879119873047 -0.0314407348632813 0.00148773193359375
0.0169906616210938 0.0380973815917969 -0.0188331604003906 -0.0103645324707031
-0.023651123046875 0.036376953125 -0.00310802459716797 -0.0108547210693359
-0.0485305786132813 0.0189056396484375 -0.00977897644042969 0.0193080902099609
-0.0543136596679687 -0.00441360473632813 -0.0540390014648438 0.0192718505859375
-0.0162944793701172 -0.0297889709472656 -0.0492324829101563 0.0312614440917969
-0.0262832641601563 -0.0169830322265625 -0.0481948852539062 0.0391693115234375
-0.0272598266601563 -0.000738143920898435 -0.0185985565185547 0.0346641540527344
-0.0171546936035156 0.0197238922119141 -0.00696945190429688 0.0211315155029297
0.00231552124023437 0.0226078033447266 -0.00896930694580078 0.00606727600097657
0.0213470458984375 0.0137825012207031 -0.0190715789794922 0.00734138488769531
0.0247211456298828 0.0012664794921875 -0.0254058837890625 0.0199756622314453
0.0229339599609375 -0.000438690185546875 -0.0281562805175781 0.0265369415283203
0.0270977020263672 -0.00225830078125 -0.0347919464111328 0.0268020629882813
0.0289726257324219 0.00353431701660156 -0.0405921936035156 0.0146598815917969
0.0236034393310547 0.0180816650390625 -0.0388259887695313 1.144409179688E-05
0.0103130340576172 0.0291671752929688 -0.0236263275146484 -0.0131855010986328
-0.0219135284423828 0.0249137878417969 -0.00715065002441407 -0.0120649337768555
-0.0403022766113281 0.00460433959960937 -0.0196266174316406 0.0168991088867188
-0.0380668640136719 -0.0183258056640625 -0.0663642883300781 0.0107460021972656
0.00288581848144531 0.0257339477539063 0.0659294128417969 -0.0067901611328125
0.0238914489746094 0.00676918029785156 0.0256290435791016 -0.00823020935058594
0.0117149353027344 -0.0126180648803711 0.00830650329589844 0.0134143829345703
-0.00107383728027344 -0.0152034759521484 0.029937744140625 0.0224018096923828
-0.00878429412841797 -0.011021614074707 0.0476951599121094 0.004486083984375
-0.0156822204589844 -0.00337791442871094 0.0506248474121094 -0.0188751220703125
-0.0106258392333984 -0.00323295593261719 0.0419960021972656 -0.0332412719726563
-0.00829029083251953 -0.00530242919921875 0.0329723358154297 -0.0305461883544922
-0.0104103088378906 -0.00834846496582031 0.0290145874023438 -0.0216922760009766
-0.0012359619140625 -0.0144863128662109 0.0256404876708984 -0.0109844207763672
0.0126380920410156 -0.0127315521240234 0.0129299163818359 -0.00671958923339844
0.0194683074951172 -0.000141143798828125 0.0105047225952148 -0.0144329071044922
0.015380859375 0.0198287963867188 0.0243587493896484 -0.0298824310302734
0.00440788269042969 0.0334949493408203 0.04693603515625 -0.0335006713867188
-0.0114326477050781 0.0343875885009766 0.0500717163085938 -0.0185813903808594
-0.0241050720214844 0.0312099456787109 0.0637283325195313 0.0055999755859375
0.00438308715820313 0.0231513977050781 0.025665283203125 0.00151252746582031
0.00435161590576172 0.00728368759155274 0.0103359222412109 0.0201225280761719
0.00595998764038086 0.00352764129638672 0.0337295532226563 0.0272636413574219
0.00566482543945312 -0.000209331512451172 0.0503311157226562 0.00748443603515625
0.00338077545166016 -0.00452327728271484 0.0527420043945313 -0.0178985595703125
0.00664615631103516 -0.0102567672729492 0.0437355041503906 -0.0319442749023438
0.00888824462890625 -0.0109233856201172 0.0331211090087891 -0.0288867950439453
0.00922012329101563 -0.0137233734130859 0.0288448333740234 -0.0191001892089844
0.0186767578125 -0.0119571685791016 0.0249652862548828 -0.0086212158203125
0.0269336700439453 0.000158309936523438 0.010533332824707 -0.00436115264892578
0.0242977142333984 0.0179176330566406 0.00666141510009766 -0.0112686157226562
0.00330734252929688 0.036285400390625 0.017486572265625 -0.0269908905029297
-0.0177574157714844 0.044647216796875 0.0379219055175781 -0.0271568298339844
-0.0356941223144531 0.0391845703125 0.0396804809570313 -0.00828170776367187
-0.0498123168945313 0.030487060546875 0.0521011352539063 0.0191078186035156
-0.0203399658203125 0.0367240905761719 0.0191745758056641 0.0152778625488281
-0.00701522827148438 0.0286521911621094 0.00930595397949219 0.0284805297851563
0.0110435485839844 0.024627685546875 0.0342864990234375 0.0329208374023438
0.0206222534179688 0.0122127532958984 0.04840087890625 0.0112724304199219
0.0232963562011719 -0.00367164611816406 0.0502166748046875 -0.0147132873535156
0.0241298675537109 -0.0157432556152344 0.040313720703125 -0.0264434814453125
0.0246086120605469 -0.0150203704833984 0.0289096832275391 -0.0225677490234375
0.0268783569335938 -0.0179424285888672 0.0230712890625 -0.0131454467773438
0.0352325439453125 -0.00989151000976563 0.0189247131347656 -0.00465011596679688
0.0383758544921875 0.0104484558105469 0.00433707237243653 -0.00216817855834961
0.0291900634765625 0.0312919616699219 0.001983642578125 -0.00919628143310547
-0.00447463989257813 0.0484962463378906 0.0102710723876953 -0.0235996246337891
-0.0338668823242187 0.0521163940429688 0.0272693634033203 -0.0175151824951172
-0.0536918640136719 0.0400886535644531 0.0241832733154297 0.00177574157714844
-0.0683059692382813 0.024017333984375 0.0316905975341797 0.0315418243408203
-0.0429763793945313 0.042144775390625 0.00592803955078125 0.0296783447265625
-0.0207481384277344 0.0453338623046875 0.0047149658203125 0.0365753173828125
0.0123367309570313 0.0444526672363281 0.029205322265625 0.0377655029296875
0.0314064025878906 0.0255393981933594 0.0403366088867188 0.0151596069335938
0.0398902893066406 -0.00058746337890625 0.0403823852539063 -0.00897979736328125
0.0380363464355469 -0.0181922912597656 0.0313549041748047 -0.0168018341064453
0.0366096496582031 -0.0170135498046875 0.0194358825683594 -0.0122642517089844
0.0405082702636719 -0.0192756652832031 0.0128259658813477 -0.00454139709472656
0.046478271484375 -0.00815200805664063 0.00900554656982422 0.000144004821777343
0.0449943542480469 0.0174598693847656 -0.00360870361328125 -0.000234127044677733
0.0315284729003906 0.0395011901855469 -0.00309133529663086 -0.00789165496826172
-0.0100479125976562 0.0537261962890625 0.00515174865722656 -0.0190048217773437
-0.04339599609375 0.0530815124511719 0.0173740386962891 -0.00544452667236328
-0.0636520385742188 0.0363426208496094 0.00467777252197265 0.0111579895019531
-0.0752410888671875 0.0117950439453125 0.00541305541992187 0.0399703979492188
-0.0583038330078125 0.0373878479003906 -0.0131072998046875 0.0406761169433594
-0.0338859558105469 0.0509452819824219 -0.00361251831054688 0.0421180725097656
0.00741195678710937 0.0569343566894531 0.0193405151367188 0.0390815734863281
0.0350189208984375 0.0358352661132813 0.0268516540527344 0.0168113708496094
0.0490608215332031 0.00426101684570313 0.0256481170654297 -0.00289344787597656
0.045989990234375 -0.0175209045410156 0.017216682434082 -0.00500106811523438
0.0430870056152344 -0.0161209106445312 0.00686931610107422 -0.000298023223876954
0.04754638671875 -0.018310546875 0.000302791595458988 0.00537538528442383
0.05206298828125 -0.00581741333007813 -0.00407314300537109 0.00576305389404297
0.0468864440917969 0.0214500427246094 -0.0136327743530273 0.00147819519042969
0.0303153991699219 0.0430488586425781 -0.00850963592529296 -0.00759744644165039
-0.0152091979980469 0.053192138671875 0.00220012664794922 -0.014826774597168
-0.0495071411132812 0.0471878051757813 0.00869321823120117 0.00629186630249024
-0.0677757263183594 0.0263214111328125 -0.0162487030029297 0.0189990997314453
-0.0664482116699219 -0.00337219238281251 -0.0204811096191406 0.0423660278320313
-0.0604248046875 0.0224990844726563 -0.0314826965332031 0.0456275939941406
-0.0414314270019531 0.04254150390625 -0.0123023986816406 0.0430717468261719
-0.00165939331054687 0.0558700561523438 0.007720947265625 0.0358047485351563
0.0295600891113281 0.0392417907714844 0.0114068984985352 0.0157718658447266
0.0491256713867188 0.00884628295898438 0.00810718536376954 0.00255727767944336
0.0459365844726563 -0.0133628845214844 0.00108528137207032 0.00619697570800781
0.0422515869140625 -0.0127983093261719 -0.00609874725341797 0.0113668441772461
0.047393798828125 -0.0151214599609375 -0.0127115249633789 0.0147562026977539
0.0502395629882813 -0.00319290161132813 -0.0177459716796875 0.00992965698242188
0.0431938171386719 0.023468017578125 -0.0229358673095703 0.00171089172363281
0.0257034301757813 0.0423240661621094 -0.0133609771728516 -0.00883960723876953
-0.0202827453613281 0.0481948852539063 -3.24249267578129E-05 -0.0120973587036133
-0.05206298828125 0.0360183715820312 -0.000488281250000002 0.0143699645996094
-0.0647926330566406 0.0127525329589844 -0.0361595153808594 0.0211944580078125
-0.0454597473144531 -0.0176315307617188 -0.0406990051269531 0.038909912109375
-0.0484123229980469 0.00344848632812501 -0.0449600219726563 0.0443916320800781
-0.0387115478515625 0.0236396789550781 -0.0182228088378906 0.0401077270507813
-0.01068115234375 0.0420799255371094 -0.00205802917480469 0.0290317535400391
0.017791748046875 0.0343151092529297 -0.00156211853027344 0.0116453170776367
0.0383148193359375 0.0122566223144531 -0.00838613510131836 0.00660800933837891
0.03851318359375 -0.00686264038085938 -0.0140953063964844 0.0153064727783203
0.0352745056152344 -0.00780105590820313 -0.0184059143066406 0.0212345123291016
0.0409126281738281 -0.0100631713867187 -0.0248184204101562 0.0229358673095703
0.0425300598144531 -0.000316619873046875 -0.0307254791259766 0.0137138366699219
0.0354423522949219 0.0217437744140625 -0.0324592590332031 0.00127410888671875
0.0189361572265625 0.0381813049316406 -0.0189609527587891 -0.0110950469970703
-0.023223876953125 0.0388450622558594 -0.00334548950195313 -0.0117578506469727
-0.0495491027832031 0.0216598510742188 -0.0095367431640625 0.0192642211914063
-0.0547561645507812 -0.0033111572265625 -0.0542831420898438 0.0188407897949219
-0.0174007415771484 -0.0297088623046875 -0.050750732421875 0.032073974609375
-0.0271072387695313 -0.0159435272216797 -0.0486946105957031 0.0397148132324219
-0.0287494659423828 0.000556945800781249 -0.0191936492919922 0.0348663330078125
-0.0163841247558594 0.0207576751708984 -0.00782966613769531 0.0214443206787109
0.00369453430175781 0.0229129791259766 -0.0104513168334961 0.00750255584716797
0.0218582153320313 0.0127410888671875 -0.0199356079101563 0.00872802734375
0.0251598358154297 0.000263214111328125 -0.0250015258789062 0.0215682983398437
0.0236282348632812 -0.00217247009277344 -0.0275115966796875 0.0280113220214844
0.0276927947998047 -0.003875732421875 -0.0352210998535156 0.0278244018554688
0.0300025939941406 0.00240135192871094 -0.0412712097167969 0.0152130126953125
0.0243167877197266 0.0174026489257813 -0.040435791015625 -7.62939453125694E-06
0.0113906860351562 0.0290164947509766 -0.0244617462158203 -0.0138511657714844
-0.0213584899902344 0.0261878967285156 -0.00682353973388672 -0.0128078460693359
-0.0400428771972656 0.00600051879882812 -0.0191097259521484 0.0168914794921875
-0.0381965637207031 -0.0176734924316406 -0.0674247741699219 0.011260986328125
0.00396728515625 0.0262928009033203 0.0691146850585938 -0.00833892822265625
0.024261474609375 0.00610160827636719 0.0253124237060547 -0.00951957702636719
0.0120506286621094 -0.0132837295532227 0.00844478607177734 0.0145063400268555
-0.00171756744384766 -0.0154275894165039 0.0315132141113281 0.0228996276855469
-0.009918212890625 -0.0107154846191406 0.0502586364746094 0.00332260131835937
-0.0163078308105469 -0.00232315063476563 0.0526390075683594 -0.0217170715332031
-0.0108547210693359 -0.00294017791748047 0.0425453186035156 -0.036285400390625
-0.00811052322387695 -0.00496673583984375 0.0329036712646484 -0.033538818359375
-0.0107946395874023 -0.00780868530273437 0.0293426513671875 -0.0241336822509766
-0.00187110900878906 -0.0142545700073242 0.0266628265380859 -0.0136966705322266
0.012110710144043 -0.0136775970458984 0.0141019821166992 -0.0085296630859375
0.0196571350097656 -0.000684738159179688 0.0120582580566406 -0.0158853530883789
0.0169124603271484 0.01971435546875 0.0258102416992188 -0.0311355590820313
0.00586700439453125 0.0337352752685547 0.0487251281738281 -0.0361061096191406
-0.0105133056640625 0.0354957580566406 0.053466796875 -0.0215377807617187
-0.0246772766113281 0.0329647064208984 0.0674095153808594 0.00431442260742188
0.00421905517578125 0.0242805480957031 0.0259246826171875 0.000743865966796876
0.00458240509033203 0.00820827484130859 0.0103626251220703 0.0209369659423828
0.00641155242919922 0.00402212142944336 0.0355682373046875 0.0280418395996094
0.00623893737792969 -0.000329017639160156 0.0529098510742188 0.00638961791992188
0.0039825439453125 -0.00432705879211426 0.0547142028808594 -0.0207710266113281
0.00722503662109375 -0.0109052658081055 0.0442733764648438 -0.0353736877441406
0.00895404815673828 -0.011815071105957 0.0333271026611328 -0.0317859649658203
0.00971698760986328 -0.0142183303833008 0.0289669036865234 -0.0221443176269531
0.0189437866210937 -0.0125274658203125 0.0260696411132812 -0.0113620758056641
0.027557373046875 -0.000230789184570313 0.0118551254272461 -0.00604343414306641
0.0258884429931641 0.0179042816162109 0.00830459594726563 -0.012608528137207
0.004364013671875 0.0378341674804688 0.0183238983154297 -0.0278987884521484
-0.0171585083007812 0.0469703674316406 0.0394935607910156 -0.0296707153320313
-0.0357093811035156 0.0414352416992188 0.0430107116699219 -0.0114517211914062
-0.0516471862792969 0.0338325500488281 0.0546493530273438 0.0184860229492188
-0.0208358764648437 0.0391120910644531 0.0197772979736328 0.0148353576660156
-0.00683975219726563 0.0315456390380859 0.00966453552246094 0.02947998046875
0.0131092071533203 0.0262718200683594 0.0362167358398438 0.0337371826171875
0.0223140716552734 0.0122928619384766 0.0501480102539063 0.0107574462890625
0.0246982574462891 -0.00434303283691406 0.0513648986816406 -0.0168380737304688
0.0248279571533203 -0.0176734924316406 0.0409812927246094 -0.029266357421875
0.0256366729736328 -0.0168571472167969 0.0285816192626953 -0.0248813629150391
0.0279426574707031 -0.0194187164306641 0.0230255126953125 -0.0154037475585938
0.0365524291992188 -0.01165771484375 0.0196762084960938 -0.00698661804199219
0.0405769348144531 0.009613037109375 0.00541973114013672 -0.00362920761108398
0.0316295623779297 0.0317153930664063 0.00279903411865235 -0.0103645324707031
-0.0032196044921875 0.0510330200195313 0.0107803344726563 -0.0250625610351562
-0.0338783264160156 0.0555572509765625 0.0290870666503906 -0.019683837890625
-0.0548667907714844 0.0434494018554687 0.0267391204833984 0.000194549560546878
-0.0709762573242187 0.0276641845703125 0.0338821411132812 0.0319805145263672
-0.0440216064453125 0.0458564758300781 0.00613784790039062 0.0298099517822266
-0.0205268859863281 0.0492782592773438 0.0045318603515625 0.0380134582519531
0.0144577026367188 0.046661376953125 0.0303916931152344 0.0387496948242188
0.0342445373535156 0.0257835388183594 0.0418357849121094 0.0151824951171875
0.0419731140136719 -0.00188064575195313 0.0417404174804688 -0.0102348327636719
0.0391159057617188 -0.0209159851074219 0.0314178466796875 -0.0186805725097656
0.0380706787109375 -0.0197029113769531 0.0193462371826172 -0.0142364501953125
0.0415611267089844 -0.0223121643066406 0.0126113891601563 -0.00599193572998047
0.0485000610351563 -0.0107307434082031 0.00893497467041016 -0.00143909454345703
0.0482902526855469 0.0160903930664063 -0.00331521034240722 -0.00153088569641113
0.0352058410644531 0.039947509765625 -0.00288963317871093 -0.009124755859375
-0.00880813598632812 0.0577735900878906 0.00557136535644531 -0.0204410552978516
-0.0439682006835938 0.0573921203613281 0.0184593200683594 -0.00728225708007812
-0.0657539367675781 0.0396537780761719 0.00629997253417968 0.0101699829101563
-0.0787277221679687 0.0154266357421875 0.00629425048828124 0.0409317016601563
-0.0602760314941406 0.0413665771484375 -0.0128669738769531 0.0412330627441406
-0.0342979431152344 0.0559043884277344 -0.00397491455078125 0.0439414978027344
0.00974273681640625 0.0595970153808594 0.0206260681152344 0.0402107238769531
0.0383071899414063 0.0359382629394531 0.0278358459472656 0.0171432495117188
0.0521774291992188 0.00268936157226563 0.0258617401123047 -0.00298309326171875
0.0474891662597656 -0.0207672119140625 0.0172672271728516 -0.00591087341308594
0.0445022583007813 -0.0192451477050781 0.00708913803100586 -0.00132179260253906
0.0491447448730469 -0.0216445922851563 3.86238098144566E-05 0.00520133972167969
0.0543479919433594 -0.00926589965820312 -0.00454902648925781 0.00499153137207031
0.05072021484375 0.0206642150878906 -0.0138959884643555 0.00073051452636719
0.03369140625 0.0439872741699219 -0.00852870941162109 -0.00848865509033203
-0.0143890380859375 0.0575370788574219 0.00249767303466797 -0.0158815383911133
-0.0502090454101563 0.0517196655273437 0.00964546203613281 0.00537681579589844
-0.0701980590820313 0.0303077697753906 -0.0157546997070313 0.0182552337646484
-0.0701828002929688 -0.000457763671875015 -0.0203666687011719 0.044525146484375
-0.0627288818359375 0.0265617370605469 -0.03228759765625 0.0473442077636719
-0.0427474975585937 0.047332763671875 -0.0128822326660156 0.0446014404296875
0.000595092773437494 0.0589256286621094 0.00797653198242188 0.0370445251464844
0.0329818725585938 0.0403022766113281 0.0119810104370117 0.0169429779052734
0.0516853332519531 0.00750732421875 0.00808286666870118 0.00341415405273438
0.0479850769042969 -0.0161399841308594 0.00140142440795899 0.00617790222167969
0.0439414978027344 -0.0157012939453125 -0.00614643096923828 0.0117254257202148
0.0490951538085938 -0.0186767578125 -0.0137271881103516 0.0158157348632813
0.0526542663574219 -0.00601577758789062 -0.0189132690429687 0.0102901458740234
0.0467109680175781 0.0221099853515625 -0.0240249633789062 0.00130271911621094
0.0284576416015625 0.043365478515625 -0.0143632888793945 -0.00980472564697265
-0.0195045471191406 0.0515556335449219 -0.000349044799804688 -0.0129184722900391
-0.0529632568359375 0.040557861328125 0.000201225280761717 0.0147333145141602
-0.0667915344238281 0.0159759521484375 -0.0368614196777344 0.0221748352050781
-0.0483016967773437 -0.0162696838378906 -0.0428237915039063 0.0412483215332031
-0.0503501892089844 0.0055084228515625 -0.0455818176269531 0.0466079711914062
-0.0398483276367188 0.0271453857421875 -0.0186958312988281 0.0415573120117188
-0.00877761840820313 0.04498291015625 -0.00198173522949219 0.0299510955810547
0.0210895538330078 0.0350799560546875 -0.00209331512451172 0.0129051208496094
0.0410728454589844 0.0108451843261719 -0.00894927978515625 0.00792884826660156
0.0399551391601563 -0.009552001953125 -0.0138740539550781 0.0168275833129883
0.0369987487792969 -0.010528564453125 -0.0185737609863281 0.0229282379150391
0.0420150756835938 -0.0128517150878906 -0.0258884429931641 0.0248374938964844
0.0444831848144531 -0.00294876098632813 -0.0318984985351563 0.0151214599609375
0.0388031005859375 0.0212783813476563 -0.0341968536376953 0.00171852111816406
0.0214576721191406 0.0390586853027344 -0.0204238891601563 -0.0121498107910156
-0.0226020812988281 0.0416603088378906 -0.00309085845947266 -0.0128068923950195
-0.0502357482910156 0.0248870849609375 -0.00889015197753906 0.0195751190185547
-0.057098388671875 -0.000896453857421865 -0.0558128356933594 0.0202522277832031
-0.019317626953125 -0.0294837951660156 -0.0526008605957031 0.0351829528808594
-0.0292129516601563 -0.0148563385009766 -0.050567626953125 0.042236328125
-0.0297451019287109 0.0025177001953125 -0.0195693969726563 0.0360832214355469
-0.0156784057617187 0.0231037139892578 -0.008819580078125 0.0228900909423828
0.00527572631835938 0.0235805511474609 -0.0113630294799805 0.00882148742675781
0.0237007141113281 0.0121898651123047 -0.0203208923339844 0.0110702514648438
0.0260448455810547 -0.00127983093261719 -0.0249691009521484 0.0237979888916016
0.0244312286376953 -0.00370407104492187 -0.0279388427734375 0.030609130859375
0.0285892486572266 -0.00568771362304688 -0.035919189453125 0.0306282043457031
0.0309810638427734 0.000535964965820313 -0.0430641174316406 0.0171394348144531
0.0265083312988281 0.0168514251708984 -0.0424766540527344 0.000720977783203124
0.0132274627685547 0.0296459197998047 -0.0259418487548828 -0.0144519805908203
-0.0215187072753906 0.0279541015625 -0.0074005126953125 -0.0136642456054687
-0.0412712097167969 0.00828170776367188 -0.0186557769775391 0.0184650421142578
-0.0393638610839844 -0.0164222717285156 -0.069427490234375 0.0122833251953125
0.00538063049316406 0.0271282196044922 0.0721435546875 -0.0116806030273438
0.0256233215332031 0.00515556335449219 0.0257511138916016 -0.0110492706298828
0.0117473602294922 -0.014033317565918 0.00917243957519531 0.0151748657226562
-0.00247383117675781 -0.015437126159668 0.0339946746826172 0.0226631164550781
-0.0109329223632813 -0.010066032409668 0.0526237487792969 0.000633239746093749
-0.016357421875 -0.000926971435546871 0.054046630859375 -0.0265045166015625
-0.0110359191894531 -0.00215435028076172 0.0421562194824219 -0.0412025451660156
-0.00886631011962891 -0.00472164154052734 0.0321578979492188 -0.0373153686523438
-0.0112895965576172 -0.00695037841796875 0.0291824340820313 -0.028076171875
-0.00256061553955078 -0.0141630172729492 0.0269279479980469 -0.0174369812011719
0.0110740661621094 -0.0144853591918945 0.0153474807739258 -0.0105934143066406
0.0203266143798828 -0.00218009948730469 0.0128726959228516 -0.0172939300537109
0.0189476013183594 0.0191097259521484 0.0259933471679688 -0.0337390899658203
0.00802803039550781 0.0342750549316406 0.0496711730957031 -0.0404586791992188
-0.00868988037109376 0.0368270874023438 0.0559959411621094 -0.0268707275390625
-0.0239486694335938 0.0360260009765625 0.07061767578125 0.00146484375
0.00508689880371094 0.0257778167724609 0.0266609191894531 -0.000217437744140623
0.00521183013916016 0.009124755859375 0.0113372802734375 0.0217361450195313
0.00680780410766602 0.00451326370239258 0.0383338928222656 0.0279464721679688
0.00645542144775391 -0.00038909912109375 0.0553512573242188 0.00398635864257812
0.00466060638427734 -0.00407838821411133 0.0562973022460938 -0.0251579284667969
0.00737953186035156 -0.0120677947998047 0.0439682006835937 -0.0400123596191406
0.00899887084960938 -0.0129795074462891 0.0322914123535156 -0.0358695983886719
0.00950431823730469 -0.0158157348632813 0.0283679962158203 -0.0255985260009766
0.0195083618164063 -0.0139675140380859 0.0263900756835938 -0.01483154296875
0.0286998748779297 -0.00210762023925781 0.0128936767578125 -0.00831222534179688
0.0276527404785156 0.0175018310546875 0.00923919677734375 -0.0141744613647461
0.00658798217773438 0.0395164489746094 0.0186996459960938 -0.0301532745361328
-0.015655517578125 0.0502471923828125 0.0401878356933594 -0.0334663391113281
-0.0352821350097656 0.0448341369628906 0.0455093383789063 -0.0153656005859375
-0.052764892578125 0.0385017395019531 0.0583953857421875 0.0165252685546875
-0.0198211669921875 0.0428237915039063 0.0203113555908203 0.0144290924072266
-0.00524330139160156 0.0348739624023438 0.0106678009033203 0.0303115844726563
0.0155353546142578 0.0272960662841797 0.0388336181640625 0.0337371826171875
0.0247364044189453 0.0117835998535156 0.0532073974609375 0.008453369140625
0.0260581970214844 -0.00573348999023438 0.0526885986328125 -0.0205726623535156
0.0251979827880859 -0.0202522277832031 0.0404510498046875 -0.0337333679199219
0.0255355834960938 -0.0199108123779297 0.0276699066162109 -0.0284366607666016
0.0283489227294922 -0.0223808288574219 0.0223922729492188 -0.0186328887939453
0.0379104614257812 -0.0145416259765625 0.01995849609375 -0.01019287109375
0.0430526733398438 0.007537841796875 0.00587177276611328 -0.00599050521850586
0.0351676940917969 0.0315361022949219 0.00359058380126953 -0.012181282043457
-0.000698089599609378 0.0544281005859375 0.0109176635742188 -0.0265522003173828
-0.0324935913085937 0.0607452392578125 0.0292682647705078 -0.0224208831787109
-0.0550727844238281 0.0479393005371094 0.0291252136230469 -0.00312042236328125
-0.0735931396484375 0.033660888671875 0.0370445251464844 0.0318336486816406
-0.0442733764648438 0.0514183044433594 0.00711822509765625 0.0297203063964844
-0.0187149047851563 0.0544853210449219 0.00574874877929687 0.0393867492675781
0.0185546875 0.0483207702636719 0.0333518981933594 0.0390739440917969
0.037811279296875 0.0251808166503906 0.0441055297851562 0.0141487121582031
0.0446014404296875 -0.00466537475585937 0.0428009033203125 -0.0123558044433594
0.0395736694335938 -0.0248908996582031 0.0319957733154297 -0.0219898223876953
0.0383529663085938 -0.0233650207519531 0.0187969207763672 -0.0167617797851563
0.0424423217773438 -0.0265541076660156 0.012364387512207 -0.0076446533203125
0.0507240295410156 -0.0148544311523438 0.00882244110107422 -0.00362968444824219
0.0519828796386719 0.0138969421386719 -0.00380659103393554 -0.00259089469909668
0.0395584106445313 0.0400390625 -0.00295162200927734 -0.0101728439331055
-0.00550079345703125 0.0618782043457031 0.00499725341796875 -0.0217132568359375
-0.0425949096679688 0.0638580322265625 0.0189456939697266 -0.00955581665039062
-0.0671806335449219 0.0454940795898437 0.00832462310791015 0.00861310958862305
-0.081573486328125 0.02105712890625 0.00823593139648437 0.0423660278320313
-0.0608482360839844 0.0475616455078125 -0.0120925903320313 0.0430984497070312
-0.0331306457519531 0.06207275390625 -0.00262451171875001 0.0451087951660156
0.0143699645996094 0.0626068115234375 0.0227317810058594 0.0409011840820313
0.0431594848632813 0.0354766845703125 0.0296630859375 0.0172443389892578
0.0552139282226562 -0.000583648681640625 0.0269012451171875 -0.00377655029296875
0.048675537109375 -0.0252914428710937 0.017481803894043 -0.00733184814453125
0.0454750061035156 -0.0239486694335938 0.00687170028686524 -0.00212955474853516
0.0502777099609375 -0.0270614624023438 -0.000454425811767575 0.00471925735473633
0.0561408996582031 -0.0133819580078125 -0.0050210952758789 0.00421237945556641
0.0547065734863281 0.0176467895507813 -0.0145063400268555 0.000253677368164064
0.0391311645507813 0.0437850952148438 -0.00951957702636719 -0.00960636138916015
-0.0112724304199219 0.0623092651367188 0.00186729431152344 -0.0171890258789062
-0.0495986938476563 0.0586585998535156 0.0107336044311523 0.00436496734619141
-0.0715866088867188 0.036376953125 -0.0145511627197266 0.0188541412353516
-0.0737457275390625 0.004486083984375 -0.0197525024414063 0.0473976135253906
-0.0643463134765625 0.0319480895996094 -0.0315437316894531 0.0501136779785156
-0.0416908264160156 0.0534019470214844 -0.0120620727539063 0.0464897155761719
0.0046234130859375 0.0626487731933594 0.00926971435546875 0.0381011962890625
0.0376777648925781 0.04010009765625 0.0125284194946289 0.0175609588623047
0.0551528930664063 0.00439071655273438 0.00824117660522461 0.00447940826416016
0.0491676330566406 -0.0207557678222656 0.00197935104370117 0.00679397583007813
0.0453414916992188 -0.0204391479492188 -0.00551223754882812 0.0122957229614258
0.050201416015625 -0.0239982604980469 -0.0143232345581055 0.0169773101806641
0.0549278259277344 -0.0106163024902344 -0.0191249847412109 0.0114212036132813
0.0514106750488281 0.0194320678710938 -0.0255661010742187 0.00205039978027343
0.0337028503417969 0.0439567565917969 -0.0155220031738281 -0.0104808807373047
-0.0168838500976563 0.0560989379882813 -0.00114059448242188 -0.01422119140625
-0.0522689819335938 0.0467796325683594 0.0012216567993164 0.0146389007568359
-0.0691604614257813 0.0212936401367188 -0.0365791320800781 0.0237007141113281
-0.0525894165039062 -0.0131111145019531 -0.0429229736328125 0.045928955078125
-0.05267333984375 0.00993347167968749 -0.0459403991699219 0.0502510070800781
-0.0407028198242187 0.0320892333984375 -0.0186691284179688 0.0434799194335938
-0.006072998046875 0.0480613708496094 -0.00208473205566406 0.0314140319824219
0.0246810913085937 0.035308837890625 -0.00237846374511719 0.0146474838256836
0.0441513061523438 0.00842666625976563 -0.00881862640380859 0.00996303558349609
0.0413322448730469 -0.0130538940429687 -0.0132675170898437 0.0188426971435547
0.0376968383789063 -0.0140380859375 -0.0176429748535156 0.0249271392822266
0.0427627563476562 -0.0168876647949219 -0.0260524749755859 0.0271816253662109
0.0463333129882813 -0.00631332397460938 -0.0326576232910156 0.0172920227050781
0.0420875549316406 0.019317626953125 -0.0363616943359375 0.00334548950195312
0.0256156921386719 0.0390548706054688 -0.0222682952880859 -0.0121192932128906
-0.02069091796875 0.0455245971679687 -0.00425338745117188 -0.0134124755859375
-0.0508193969726563 0.0299034118652344 -0.00790214538574219 0.0205459594726563
-0.059356689453125 0.00319290161132812 -0.0570602416992188 0.023406982421875
-0.0223731994628906 -0.0291996002197266 -0.0539436340332031 0.0399398803710938
-0.0316295623779297 -0.0128860473632813 -0.0511474609375 0.0463333129882813
-0.0307884216308594 0.005615234375 -0.0194435119628906 0.0379905700683594
-0.014556884765625 0.0251045227050781 -0.00901603698730469 0.0243091583251953
0.00789260864257812 0.0242080688476562 -0.0118961334228516 0.0111455917358398
0.0255775451660156 0.0105018615722656 -0.0208644866943359 0.0140113830566406
0.0269908905029297 -0.00358390808105469 -0.0240745544433594 0.0266971588134766
0.0254383087158203 -0.005767822265625 -0.0263519287109375 0.0335502624511719
0.0298309326171875 -0.00835418701171875 -0.0357666015625 0.0343742370605469
0.0321197509765625 -0.00232315063476563 -0.04449462890625 0.0202980041503906
0.0292148590087891 0.0157756805419922 -0.0448760986328125 0.00325775146484375
0.0162467956542969 0.0297126770019531 -0.0281028747558594 -0.0144557952880859
-0.020965576171875 0.0313186645507813 -0.00812149047851563 -0.0142755508422852
-0.041900634765625 0.0114288330078125 -0.0179328918457031 0.0199203491210937
-0.0415611267089844 -0.0140914916992188 -0.0721435546875 0.0161819458007813
0.00716400146484375 0.0271167755126953 0.0736007690429688 -0.016510009765625
0.0257358551025391 0.00356864929199219 0.0250167846679688 -0.0126285552978516
0.0108757019042969 -0.0149259567260742 0.00984573364257813 0.0155506134033203
-0.00401210784912109 -0.0155258178710938 0.0366592407226563 0.0216751098632813
-0.0120334625244141 -0.00866127014160156 0.0540771484375 -0.0035247802734375
-0.0164518356323242 0.000699996948242186 0.0531578063964844 -0.0317497253417969
-0.0115852355957031 -0.000670433044433595 0.0398674011230469 -0.0457801818847656
-0.00922012329101563 -0.00367546081542969 0.0292701721191406 -0.0412483215332031
-0.0112228393554688 -0.00618267059326172 0.0270099639892578 -0.0317134857177734
-0.00414752960205078 -0.0135908126831055 0.0259151458740234 -0.0212135314941406
0.00957775115966797 -0.0152912139892578 0.0159702301025391 -0.0132036209106445
0.0198307037353516 -0.00356674194335938 0.0131587982177734 -0.0192203521728516
0.0205192565917969 0.0180397033691406 0.0249862670898438 -0.0356369018554688
0.0104579925537109 0.0342311859130859 0.0486640930175781 -0.0450401306152344
-0.0059356689453125 0.0376701354980469 0.0566558837890625 -0.032501220703125
-0.0227775573730469 0.0388870239257813 0.072784423828125 -0.0029296875
0.00672531127929688 0.0263004302978516 0.0263614654541016 -0.00236701965332031
0.00638389587402344 0.0100183486938477 0.0124664306640625 0.0218486785888672
0.00792074203491211 0.00444650650024414 0.0411033630371094 0.0264091491699219
0.00696754455566406 -0.000676631927490234 0.05682373046875 0.00026702880859375
0.00465297698974609 -0.00451850891113281 0.055419921875 -0.0302886962890625
0.00647354125976563 -0.0126533508300781 0.0416984558105469 -0.0449333190917969
0.00821781158447266 -0.0139665603637695 0.0294685363769531 -0.039459228515625
0.00881671905517578 -0.016880989074707 0.026519775390625 -0.0292568206787109
0.0187740325927734 -0.0156936645507813 0.0255508422851562 -0.0194053649902344
0.0289096832275391 -0.00384330749511719 0.0129690170288086 -0.0108890533447266
0.0296497344970703 0.0159111022949219 0.00960731506347656 -0.0156698226928711
0.00951004028320312 0.0400161743164062 0.0172843933105469 -0.0319747924804688
-0.0126914978027344 0.0522308349609375 0.0390472412109375 -0.0370368957519531
-0.0330581665039063 0.0479888916015625 0.0472068786621094 -0.0204620361328125
-0.0515060424804688 0.0437278747558594 0.0610885620117188 0.0132102966308594
-0.0175590515136719 0.0461387634277344 0.0208568572998047 0.0126781463623047
-0.00265121459960937 0.0370674133300781 0.0121192932128906 0.0306987762451172
0.0180435180664063 0.0266513824462891 0.0413360595703125 0.0322837829589844
0.0265178680419922 0.0104141235351563 0.0546989440917969 0.00521469116210938
0.0268688201904297 -0.00803565979003906 0.0519676208496094 -0.02484130859375
0.0239486694335938 -0.0232944488525391 0.0387001037597656 -0.0375328063964844
0.02459716796875 -0.0230712890625 0.0254173278808594 -0.0320816040039063
0.0273933410644531 -0.0259361267089844 0.0209522247314453 -0.0211505889892578
0.0376930236816406 -0.0182228088378906 0.0190639495849609 -0.0134983062744141
0.0451202392578125 0.00418472290039063 0.00585317611694336 -0.00767612457275391
0.0387344360351563 0.0301322937011719 0.00332260131835938 -0.0136756896972656
0.00370407104492188 0.0564384460449219 0.0097808837890625 -0.0279045104980469
-0.028839111328125 0.0651931762695313 0.0286369323730469 -0.0254993438720703
-0.0531806945800781 0.0534744262695313 0.0307159423828125 -0.00685310363769531
-0.07305908203125 0.0408706665039063 0.0396232604980469 0.029693603515625
-0.041595458984375 0.0566062927246094 0.00834083557128906 0.0293788909912109
-0.0149421691894531 0.0588111877441406 0.00741195678710938 0.0398445129394531
0.0230865478515625 0.0490608215332031 0.0355987548828125 0.0381126403808594
0.0412864685058594 0.0224723815917969 0.0459136962890625 0.0116539001464844
0.0456123352050781 -0.00824356079101562 0.04290771484375 -0.0158042907714844
0.0390625 -0.0292701721191406 0.03033447265625 -0.0247611999511719
0.0374794006347656 -0.0282936096191406 0.01727294921875 -0.01910400390625
0.0414085388183594 -0.0315093994140625 0.0110712051391602 -0.00953197479248047
0.0505905151367188 -0.0198326110839844 0.00777149200439454 -0.00591802597045899
0.0550155639648438 0.00935745239257813 -0.00379896163940429 -0.00417876243591309
0.0443267822265625 0.0379257202148438 -0.0033273696899414 -0.011199951171875
-0.000770568847656245 0.064483642578125 0.00422096252441406 -0.0228824615478516
-0.0389518737792969 0.0694465637207031 0.0190658569335937 -0.0116024017333984
-0.0652122497558594 0.0517997741699219 0.0102787017822266 0.00676441192626953
-0.082672119140625 0.0290374755859375 0.0112762451171875 0.0430221557617188
-0.0589561462402344 0.0541534423828125 -0.0101852416992188 0.0440025329589844
-0.0288124084472656 0.067169189453125 -0.000953674316406252 0.0465164184570313
0.0202598571777344 0.0633964538574219 0.024932861328125 0.0406913757324219
0.0477027893066406 0.0329818725585938 0.0314350128173828 0.015899658203125
0.0568428039550781 -0.00559616088867188 0.0268211364746094 -0.00482749938964844
0.0471687316894531 -0.0301094055175781 0.0174026489257813 -0.00909900665283203
0.044158935546875 -0.0288429260253906 0.00654935836791993 -0.00308990478515625
0.0494117736816406 -0.0326805114746094 -0.000704288482666012 0.00463962554931641
0.0566368103027344 -0.0192756652832031 -0.00529193878173828 0.00362443923950195
0.0582656860351563 0.0130653381347656 -0.0151433944702148 0.000381469726562501
0.0441741943359375 0.0419158935546875 -0.0101547241210938 -0.00997352600097656
-0.00643539428710938 0.0655059814453125 0.000806808471679686 -0.0180873870849609
-0.0460205078125 0.0651512145996094 0.0112810134887695 0.00300884246826172
-0.0708160400390625 0.0427398681640625 -0.0126438140869141 0.0184612274169922
-0.075897216796875 0.01123046875 -0.0177574157714844 0.050445556640625
-0.0639533996582031 0.0385589599609375 -0.0292816162109375 0.0525550842285156
-0.0386466979980469 0.0598335266113281 -0.0102310180664063 0.0481452941894531
0.00971603393554687 0.0640792846679688 0.0112342834472656 0.0382270812988281
0.0424957275390625 0.0375785827636719 0.0134696960449219 0.0180320739746094
0.0571212768554688 -0.00019073486328125 0.00880050659179688 0.00499725341796875
0.04827880859375 -0.0260200500488281 0.00240182876586914 0.00693082809448242
0.0439262390136719 -0.0254669189453125 -0.00519752502441406 0.0129213333129883
0.0493278503417969 -0.0294952392578125 -0.0133533477783203 0.0184173583984375
0.0554656982421875 -0.01617431640625 -0.0192451477050781 0.0122509002685547
0.0548934936523438 0.0153923034667969 -0.0267696380615234 0.00362396240234375
0.0385360717773438 0.0420989990234375 -0.0165386199951172 -0.00954627990722656
-0.0129127502441406 0.0601425170898438 -0.00206661224365235 -0.0144052505493164
-0.0501670837402344 0.0531349182128906 0.00286293029785156 0.0141925811767578
-0.0686416625976563 0.0277061462402344 -0.035247802734375 0.0256195068359375
-0.0547561645507813 -0.00858306884765626 -0.04150390625 0.050201416015625
-0.0533828735351563 0.0147476196289062 -0.0441818237304687 0.0541648864746094
-0.03900146484375 0.037506103515625 -0.0167350769042969 0.0446586608886719
-0.00188064575195313 0.0500679016113281 -0.00102996826171875 0.0327072143554688
0.0285320281982422 0.0336208343505859 -0.001983642578125 0.0162315368652344
0.04608154296875 0.004730224609375 -0.00834560394287109 0.0121822357177734
0.040863037109375 -0.0173492431640625 -0.0116176605224609 0.0207157135009766
0.0372352600097656 -0.0179824829101563 -0.0160732269287109 0.0267753601074219
0.0422630310058594 -0.0218696594238281 -0.0249290466308594 0.0303459167480469
0.04705810546875 -0.0107498168945312 -0.0326404571533203 0.0201416015625
0.0449066162109375 0.0158767700195313 -0.0373954772949219 0.00611114501953125
0.0298690795898437 0.0379867553710937 -0.0236644744873047 -0.0113010406494141
-0.0173835754394531 0.0490341186523438 -0.00515174865722656 -0.0136928558349609
-0.0496406555175781 0.0357284545898438 -0.00619316101074219 0.0210456848144531
-0.059906005859375 0.00831604003906249 -0.0563011169433594 0.0270805358886719
-0.0253047943115234 -0.0268955230712891 -0.0533790588378906 0.0456199645996094
-0.0337848663330078 -0.0105113983154297 -0.0493392944335937 0.0508384704589844
-0.0309619903564453 0.00903320312499999 -0.0180625915527344 0.0393562316894531
-0.0120353698730469 0.0275421142578125 -0.00876998901367187 0.0257778167724609
0.0106258392333984 0.0237941741943359 -0.0120925903320313 0.0130786895751953
0.0272331237792969 0.0080718994140625 -0.0199337005615234 0.016937255859375
0.027069091796875 -0.00660514831542969 -0.0217876434326172 0.029632568359375
0.0247840881347656 -0.00868797302246094 -0.0243263244628906 0.0363845825195313
0.0293922424316406 -0.0113925933837891 -0.0338783264160156 0.0386009216308594
0.0326461791992187 -0.005401611328125 -0.0442733764648438 0.024688720703125
0.0312824249267578 0.0134754180908203 -0.0462226867675781 0.00654220581054688
0.0191612243652344 0.0289783477783203 -0.0301589965820313 -0.0131607055664062
-0.0188522338867188 0.0332355499267578 -0.00951576232910156 -0.0143051147460937
-0.0418205261230469 0.0155677795410156 -0.0165195465087891 0.0208950042724609
-0.0427818298339844 -0.011077880859375 -0.073089599609375 0.0211334228515625
0.00871086120605469 0.02655029296875 0.0730819702148438 -0.020477294921875
0.0254096984863281 0.00255775451660156 0.0237388610839844 -0.0137519836425781
0.00971794128417969 -0.0154552459716797 0.0103282928466797 0.0154571533203125
-0.00495243072509765 -0.0148963928222656 0.0376319885253906 0.019622802734375
-0.0127954483032227 -0.00749683380126953 0.0534515380859375 -0.00650405883789063
-0.0153627395629883 0.00251579284667969 0.0505447387695313 -0.0355491638183594
-0.0112466812133789 0.000618934631347658 0.0362281799316406 -0.0483512878417969
-0.00979137420654297 -0.00279808044433594 0.0259971618652344 -0.0429229736328125
-0.0115947723388672 -0.00489330291748047 0.0239009857177734 -0.0341339111328125
-0.0049591064453125 -0.0131015777587891 0.0237197875976563 -0.0240745544433594
0.00767707824707031 -0.015315055847168 0.0153617858886719 -0.0154962539672852
0.0190067291259766 -0.00487327575683594 0.0131149291992188 -0.0206928253173828
0.0214805603027344 0.0163803100585938 0.0235252380371094 -0.0363349914550781
0.0127792358398437 0.0329322814941406 0.0457534790039063 -0.0477104187011719
-0.0039215087890625 0.0374984741210937 0.0552902221679687 -0.0373573303222656
-0.0202789306640625 0.0404167175292969 0.0725784301757813 -0.00713348388671875
0.00806427001953125 0.0265598297119141 0.0252342224121094 -0.00360298156738281
0.0068511962890625 0.00991916656494141 0.0131473541259766 0.0214290618896484
0.00825643539428711 0.00386142730712891 0.0421676635742188 0.0241737365722656
0.0068359375 -0.000522613525390625 0.0562934875488281 -0.00327301025390625
0.00530576705932617 -0.00406169891357422 0.0532951354980469 -0.0342941284179688
0.00535392761230469 -0.013279914855957 0.0378875732421875 -0.0479965209960938
0.0067596435546875 -0.0145750045776367 0.0253791809082031 -0.0416946411132813
0.00798320770263672 -0.0171985626220703 0.023529052734375 -0.0315494537353516
0.0173540115356445 -0.0165843963623047 0.0234165191650391 -0.0221824645996094
0.0284194946289062 -0.00568008422851562 0.0125999450683594 -0.0130796432495117
0.030853271484375 0.0139427185058594 0.00956535339355469 -0.0168142318725586
0.0126266479492188 0.0396804809570312 0.0160789489746094 -0.0328254699707031
-0.0085906982421875 0.0530738830566406 0.0370826721191406 -0.0394210815429688
-0.0297889709472656 0.0496292114257813 0.0465469360351562 -0.0251121520996094
-0.0486831665039063 0.0475044250488281 0.0618438720703125 0.00944900512695313
-0.0143852233886719 0.0475997924804688 0.0208892822265625 0.0111351013183594
0.000205993652343754 0.0380287170410156 0.0129547119140625 0.0303535461425781
0.0202255249023438 0.0262985229492188 0.0425949096679688 0.0298881530761719
0.0273475646972656 0.00850296020507813 0.0543289184570313 0.00219345092773438
0.0268535614013672 -0.00948143005371094 0.0499610900878906 -0.0279121398925781
0.0223331451416016 -0.0248260498046875 0.0352668762207031 -0.0402641296386719
0.0226001739501953 -0.0249385833740234 0.0221691131591797 -0.0338687896728516
0.0256977081298828 -0.0281105041503906 0.0179634094238281 -0.0232105255126953
0.0365104675292969 -0.0210304260253906 0.0174427032470703 -0.0162410736083984
0.0448341369628906 0.000885009765625 0.00548744201660157 -0.00939178466796875
0.0405502319335938 0.027008056640625 0.00332832336425781 -0.0144824981689453
0.00773239135742187 0.0564346313476563 0.00836181640625 -0.0284366607666016
-0.024444580078125 0.0673904418945313 0.0272197723388672 -0.0278167724609375
-0.0497093200683594 0.05670166015625 0.0314464569091797 -0.0105800628662109
-0.0704879760742188 0.0461807250976562 0.0413055419921875 0.0275535583496094
-0.037109375 0.0597419738769531 0.00907325744628906 0.0282440185546875
-0.0106277465820312 0.0609703063964844 0.00862503051757812 0.0393028259277344
0.0268669128417969 0.047698974609375 0.0368919372558594 0.0359916687011719
0.0430374145507813 0.0193862915039063 0.0458984375 0.0092620849609375
0.0452384948730469 -0.0114364624023438 0.0411911010742187 -0.017974853515625
0.0363616943359375 -0.0322761535644531 0.0278453826904297 -0.0272445678710938
0.0348758697509766 -0.0313606262207031 0.0149803161621094 -0.0204944610595703
0.0389366149902344 -0.0348243713378906 0.00950145721435547 -0.0105228424072266
0.0491790771484375 -0.0236701965332031 0.00697708129882813 -0.0077509880065918
0.0559806823730469 0.00555801391601563 -0.00450801849365234 -0.00474071502685547
0.0472183227539063 0.0345649719238281 -0.00372314453125 -0.01171875
0.00398254394531249 0.0657844543457031 0.00302696228027344 -0.0230827331542969
-0.03369140625 0.0729751586914063 0.0185108184814453 -0.0134696960449219
-0.0617637634277344 0.0562896728515625 0.0115518569946289 0.00406837463378907
-0.0807723999023438 0.035125732421875 0.0135231018066406 0.0424957275390625
-0.0553245544433594 0.0587310791015625 -0.00823974609375001 0.0440330505371094
-0.0241546630859375 0.0709304809570313 0.000846862792968744 0.0457267761230469
0.0250015258789063 0.0620689392089844 0.0262069702148437 0.0392494201660156
0.0501670837402344 0.0289230346679688 0.0315341949462891 0.0148239135742188
0.0565948486328125 -0.00953292846679688 0.0270042419433594 -0.00580787658691406
0.0446434020996094 -0.0341072082519531 0.016749382019043 -0.0101108551025391
0.04150390625 -0.03277587890625 0.00586557388305664 -0.00394630432128906
0.0462188720703125 -0.037078857421875 -0.00140094757080078 0.00474786758422851
0.05511474609375 -0.0237388610839844 -0.00555086135864257 0.00290203094482422
0.0598335266113281 0.00876998901367188 -0.0158357620239258 0.000289916992187499
0.0477523803710938 0.0384063720703125 -0.0104751586914062 -0.00963211059570312
-0.00145339965820313 0.0665092468261719 -0.000228881835937502 -0.0182323455810547
-0.0413436889648437 0.0691566467285156 0.0117616653442383 0.00179290771484375
-0.0676002502441406 0.0479812622070313 -0.0108528137207031 0.0176277160644531
-0.0750885009765625 0.0172348022460938 -0.0148887634277344 0.0518836975097656
-0.0610466003417969 0.043304443359375 -0.0264472961425781 0.0536842346191406
-0.0341682434082031 0.0632095336914062 -0.00834274291992188 0.0478401184082031
0.0150794982910156 0.0636825561523438 0.0119972229003906 0.0380325317382813
0.0454368591308594 0.034332275390625 0.0143489837646484 0.01812744140625
0.0572013854980469 -0.0046234130859375 0.00951194763183594 0.00553131103515625
0.0459098815917969 -0.030029296875 0.00294256210327149 0.00659275054931641
0.0415725708007813 -0.0293006896972656 -0.00477981567382812 0.0128793716430664
0.0467147827148437 -0.0333824157714844 -0.0124149322509766 0.0192432403564453
0.053619384765625 -0.0207557678222656 -0.0191478729248047 0.0132122039794922
0.0562667846679688 0.0113449096679688 -0.0265846252441406 0.004974365234375
0.0422286987304688 0.039215087890625 -0.0179481506347656 -0.00899887084960938
-0.00806427001953125 0.0615043640136719 -0.00301170349121094 -0.0147514343261719
-0.0459060668945312 0.0573310852050781 0.0036935806274414 0.0132198333740234
-0.0662307739257812 0.0324821472167969 -0.0333271026611328 0.0266246795654297
-0.0555381774902344 -0.00385284423828125 -0.0389595031738281 0.0533447265625
-0.0522499084472656 0.0191307067871094 -0.041015625 0.0561485290527344
-0.0360679626464844 0.041015625 -0.0147247314453125 0.0452995300292969
0.00205993652343749 0.0508232116699219 -0.000123977661132809 0.0326213836669922
0.0311298370361328 0.0315418243408203 -0.000862121582031247 0.0172653198242188
0.0462799072265625 0.000904083251953125 -0.0070962905883789 0.0140056610107422
0.0388755798339844 -0.0206069946289062 -0.0100116729736328 0.0211772918701172
0.0356903076171875 -0.0214958190917969 -0.013824462890625 0.0276527404785156
0.0403022766113281 -0.0255966186523438 -0.0225791931152344 0.0322551727294922
0.0456771850585938 -0.0152931213378906 -0.0317459106445313 0.0218429565429687
0.046722412109375 0.0121040344238281 -0.0372505187988281 0.00837326049804687
0.0328941345214844 0.0353622436523438 -0.0249767303466797 -0.00966835021972656
-0.0140037536621094 0.0507736206054688 -0.00618457794189453 -0.0134096145629883
-0.0459861755371094 0.0397148132324219 -0.00492477416992188 0.0205154418945313
-0.0582389831542969 0.0131416320800781 -0.0542488098144531 0.0297088623046875
-0.0272884368896484 -0.0245208740234375 -0.0512924194335937 0.0495223999023438
-0.0342350006103516 -0.00734329223632812 -0.0467376708984375 0.0533370971679688
-0.0302543640136719 0.0120773315429687 -0.0164604187011719 0.03985595703125
-0.0099029541015625 0.0285282135009766 -0.00826644897460938 0.0265617370605469
0.0125732421875 0.0228958129882812 -0.0113954544067383 0.0152883529663086
0.0278339385986328 0.00574493408203125 -0.0179119110107422 0.0197296142578125
0.0259170532226563 -0.00861167907714844 -0.0194320678710938 0.0310325622558594
0.0242252349853516 -0.0106964111328125 -0.0211448669433594 0.0375480651855469
0.0279712677001953 -0.0140590667724609 -0.030853271484375 0.0410308837890625
0.0318737030029297 -0.00791168212890625 -0.0428276062011719 0.0274887084960938
0.032501220703125 0.0109844207763672 -0.0460853576660156 0.00933074951171876
0.0212345123291016 0.0273799896240234 -0.0309925079345703 -0.0111293792724609
-0.0164012908935547 0.0348110198974609 -0.0105171203613281 -0.0139255523681641
-0.0401229858398438 0.01904296875 -0.0145053863525391 0.0216617584228516
-0.042449951171875 -0.00788497924804688 -0.0714035034179688 0.0255813598632812
0.00940895080566406 0.0258769989013672 0.0716476440429688 -0.0225601196289063
0.0247516632080078 0.00180435180664063 0.0224742889404297 -0.01409912109375
0.00893115997314453 -0.0153789520263672 0.0103378295898438 0.0153675079345703
-0.00544643402099609 -0.0148391723632813 0.0376510620117188 0.0187110900878906
-0.0129156112670898 -0.00640487670898437 0.0522918701171875 -0.00821304321289063
-0.0149650573730469 0.00373935699462891 0.0481796264648438 -0.0374259948730469
-0.0108985900878906 0.00139522552490235 0.0333633422851563 -0.0497322082519531
-0.00958633422851563 -0.00261211395263672 0.0233955383300781 -0.0437355041503906
-0.0115013122558594 -0.00435161590576172 0.0214710235595703 -0.0349884033203125
-0.00535488128662109 -0.0120697021484375 0.0215740203857422 -0.0254364013671875
0.00684833526611328 -0.0153274536132812 0.0150632858276367 -0.0172815322875977
0.0186347961425781 -0.005523681640625 0.0132427215576172 -0.0212688446044922
0.0214881896972656 0.0150680541992188 0.0225639343261719 -0.0361289978027344
0.0132179260253906 0.0321578979492188 0.0441131591796875 -0.0489578247070313
-0.00234222412109375 0.0368537902832031 0.05438232421875 -0.0397453308105469
-0.0189285278320313 0.0403709411621094 0.072052001953125 -0.00939178466796875
0.00860786437988281 0.0261268615722656 0.0245075225830078 -0.00415611267089844
0.00723838806152344 0.0105619430541992 0.0126609802246094 0.0211391448974609
0.0085606575012207 0.00350046157836914 0.0421600341796875 0.0226402282714844
0.00702428817749023 -0.00095987319946289 0.0550460815429687 -0.00501251220703125
0.00506496429443359 -0.00434732437133789 0.0510025024414063 -0.0356292724609375
0.00522422790527344 -0.0134963989257813 0.0348129272460937 -0.0486221313476563
0.00596332550048828 -0.015040397644043 0.0227394104003906 -0.0424118041992188
0.00739479064941406 -0.0176410675048828 0.0208187103271484 -0.0324478149414063
0.0168247222900391 -0.0172824859619141 0.0215606689453125 -0.0240764617919922
0.0279483795166016 -0.00655364990234375 0.0121030807495117 -0.0150880813598633
0.0305004119873047 0.0127830505371094 0.00994110107421875 -0.0179615020751953
0.0136833190917969 0.0390281677246094 0.0158710479736328 -0.0327072143554688
-0.0071563720703125 0.052825927734375 0.03533935546875 -0.0409889221191406
-0.0283393859863281 0.0499305725097656 0.0459480285644531 -0.027923583984375
-0.0465202331542969 0.0490913391113281 0.061492919921875 0.00683975219726563
-0.0127754211425781 0.0481605529785156 0.0201511383056641 0.0102500915527344
0.00162124633789063 0.0385093688964844 0.0129547119140625 0.0295162200927734
0.0215492248535156 0.0254096984863281 0.0424652099609375 0.028839111328125
0.0274524688720703 0.00742340087890625 0.0530166625976563 0.00066375732421875
0.0266647338867188 -0.0108489990234375 0.0483627319335938 -0.029296875
0.0211162567138672 -0.0258369445800781 0.0329513549804688 -0.0415992736816406
0.0210456848144531 -0.0259132385253906 0.0192623138427734 -0.0343647003173828
0.0241641998291016 -0.0290927886962891 0.0161075592041016 -0.0239219665527344
0.0350856781005859 -0.0221099853515625 0.0153369903564453 -0.0181999206542969
0.0446624755859375 -0.000904083251953125 0.00458908081054688 -0.0107564926147461
0.0414047241210938 0.0251007080078125 0.00329399108886719 -0.0148897171020508
0.00966644287109374 0.0558013916015625 0.0079345703125 -0.0282344818115234
-0.0212860107421875 0.0680732727050781 0.0258712768554687 -0.0289745330810547
-0.04754638671875 0.0578994750976562 0.0314540863037109 -0.0135078430175781
-0.067962646484375 0.0490226745605469 0.0420074462890625 0.0258293151855469
-0.0349540710449219 0.0611343383789063 0.00922012329101562 0.02740478515625
-0.00747680664062501 0.0615615844726563 0.00871658325195313 0.03851318359375
0.02923583984375 0.0462684631347656 0.0368537902832031 0.0347251892089844
0.0437545776367187 0.0170097351074219 0.0451011657714844 0.00804901123046875
0.0447769165039063 -0.0134506225585938 0.0402107238769531 -0.018524169921875
0.0343170166015625 -0.0336055755615234 0.0261287689208984 -0.0281982421875
0.0325126647949219 -0.0328178405761719 0.0132789611816406 -0.0210208892822266
0.0366554260253906 -0.0368080139160156 0.00833225250244141 -0.0111846923828125
0.0473251342773438 -0.0259132385253906 0.00574493408203125 -0.00923538208007813
0.0555686950683594 0.00266265869140625 -0.00489521026611328 -0.00554084777832031
0.0483512878417969 0.0322532653808594 -0.00386714935302734 -0.0119514465332031
0.00669097900390625 0.0650405883789063 0.00231552124023437 -0.0231609344482422
-0.0304794311523438 0.0741958618164062 0.0177173614501953 -0.0143318176269531
-0.05926513671875 0.0584220886230469 0.0124673843383789 0.00204658508300782
-0.0787506103515625 0.0385894775390625 0.0148124694824219 0.0416069030761719
-0.0520210266113281 0.0606269836425781 -0.00748062133789063 0.0432357788085938
-0.0205612182617187 0.07208251953125 0.00109481811523437 0.0449256896972656
0.0279808044433594 0.0608367919921875 0.0260543823242188 0.0381431579589844
0.0509872436523438 0.0264472961425781 0.0313758850097656 0.0142593383789063
0.0558586120605469 -0.0120925903320313 0.0263576507568359 -0.00598907470703125
0.04229736328125 -0.0360755920410156 0.0156002044677734 -0.0109367370605469
0.0391960144042969 -0.0345687866210938 0.00472593307495118 -0.00436019897460938
0.0440864562988281 -0.0394554138183594 -0.00145101547241211 0.00461721420288086
0.053253173828125 -0.0263404846191406 -0.00641870498657226 0.0021219253540039
0.0595779418945313 0.00548553466796875 -0.0155773162841797 0.000229835510253909
0.0493507385253906 0.0358543395996094 -0.0110807418823242 -0.00973987579345703
0.00164794921875 0.0671501159667969 -0.000591278076171876 -0.0182685852050781
-0.0376968383789063 0.0714645385742188 0.0117893218994141 0.00075626373291016
-0.0652885437011719 0.0502128601074219 -0.00953865051269531 0.0160589218139649
-0.0742721557617188 0.0207977294921875 -0.0134315490722656 0.0520172119140625
-0.0585136413574219 0.0456733703613281 -0.0250740051269531 0.0531196594238281
-0.030853271484375 0.0647506713867188 -0.00774383544921875 0.0468864440917969
0.0178146362304688 0.0629119873046875 0.01177978515625 0.0374908447265625
0.0465965270996094 0.0315322875976563 0.0145587921142578 0.0179824829101563
0.0565757751464844 -0.00745010375976563 0.00965023040771485 0.00624561309814453
0.0439071655273438 -0.0320205688476563 0.00339460372924805 0.00644254684448242
0.0393295288085938 -0.0310211181640625 -0.00419330596923828 0.0127391815185547
0.0448799133300781 -0.0360183715820313 -0.0119915008544922 0.0196514129638672
0.0521316528320312 -0.0235671997070313 -0.0187397003173828 0.0130634307861328
0.0564689636230469 0.00802993774414063 -0.0266342163085937 0.00531005859375
0.0437583923339844 0.0366096496582031 -0.0177211761474609 -0.00874519348144531
-0.00490951538085937 0.0620613098144531 -0.00333213806152344 -0.0144176483154297
-0.0428352355957031 0.0596923828125 0.00416851043701172 0.0122976303100586
-0.0643806457519531 0.0352020263671875 -0.0313301086425781 0.0261096954345703
-0.0551872253417969 -0.0010528564453125 -0.0377082824707031 0.054931640625
-0.0511398315429688 0.0214500427246094 -0.0391578674316406 0.056488037109375
-0.0336799621582031 0.0432357788085937 -0.0142745971679688 0.0448799133300781
0.00484848022460937 0.0501937866210938 -0.000236511230468748 0.0322628021240234
0.0326461791992188 0.0295886993408203 -0.00054359436035156 0.0179328918457031
0.046112060546875 -0.00171661376953125 -0.00617694854736328 0.0150823593139648
0.0373573303222656 -0.0226898193359375 -0.0087127685546875 0.0216274261474609
0.0335578918457031 -0.0231189727783203 -0.0125770568847656 0.0277042388916016
0.038116455078125 -0.02764892578125 -0.0208053588867188 0.0330238342285156
0.0442314147949219 -0.0172958374023438 -0.0310554504394531 0.0227985382080078
0.0470123291015625 0.00975799560546875 -0.0371475219726563 0.00951766967773437
0.0338840484619141 0.0332660675048828 -0.0250759124755859 -0.00918388366699218
-0.0113639831542969 0.0512657165527344 -0.00620841979980469 -0.0133552551269531
-0.0437507629394531 0.0420951843261719 -0.00342941284179688 0.0202293395996094
-0.0564308166503906 0.0153007507324219 -0.052734375 0.0303840637207031
-0.0279159545898438 -0.0224761962890625 -0.049957275390625 0.0517234802246094
-0.0342350006103516 -0.00557327270507812 -0.0448799133300781 0.0541534423828125
-0.0291481018066406 0.0141506195068359 -0.0158309936523438 0.03912353515625
-0.00801658630371094 0.0289459228515625 -0.00817489624023438 0.0265693664550781
0.0132808685302734 0.0217685699462891 -0.0110034942626953 0.0166921615600586
0.0276565551757813 0.00408554077148438 -0.0166854858398438 0.0213527679443359
0.0248451232910156 -0.0103778839111328 -0.0171394348144531 0.0314388275146484
0.0231552124023438 -0.0123291015625 -0.01898193359375 0.0380210876464844
0.0268325805664063 -0.0155906677246094 -0.028564453125 0.0421218872070313
0.0310764312744141 -0.00952911376953125 -0.0411033630371094 0.0293121337890625
0.0323123931884766 0.00889015197753906 -0.0453529357910156 0.0111465454101563
0.0219459533691406 0.0255374908447266 -0.0311775207519531 -0.0100307464599609
-0.0150070190429688 0.0355720520019531 -0.0103378295898438 -0.0137271881103516
-0.0382728576660156 0.0205497741699219 -0.013031005859375 0.0212879180908203
-0.0418472290039063 -0.00651550292968749 -0.0691490173339844 0.0273666381835937
0.00940513610839844 0.02587890625 0.0722427368164063 -0.023590087890625
0.0246429443359375 0.00157928466796875 0.0225696563720703 -0.0142230987548828
0.00896167755126953 -0.0155172348022461 0.0103721618652344 0.0156841278076172
-0.00578022003173828 -0.0145339965820313 0.0380020141601563 0.0185928344726563
-0.0132923126220703 -0.00608062744140625 0.0518150329589844 -0.00854110717773437
-0.0141201019287109 0.0038299560546875 0.0471115112304688 -0.0381088256835937
-0.0108251571655273 0.00143718719482422 0.0319366455078125 -0.0504341125488281
-0.00988578796386719 -0.00206375122070312 0.0218658447265625 -0.0443801879882813
-0.0114507675170898 -0.0039520263671875 0.019805908203125 -0.0359382629394531
-0.00583648681640625 -0.0119409561157227 0.020050048828125 -0.0266857147216797
0.0062255859375 -0.0152015686035156 0.0147762298583984 -0.0184669494628906
0.0180778503417969 -0.00557899475097656 0.0138587951660156 -0.0219745635986328
0.0217781066894531 0.0146369934082031 0.0229301452636719 -0.036285400390625
0.0135478973388672 0.0318202972412109 0.0435562133789063 -0.0497474670410156
-0.00246047973632812 0.0365219116210938 0.0545806884765625 -0.0421600341796875
-0.0182914733886719 0.0413322448730469 0.0723419189453125 -0.0101776123046875
0.00885581970214844 0.0263824462890625 0.0239448547363281 -0.00455474853515625
0.00814151763916016 0.0111188888549805 0.0124378204345703 0.0217952728271484
0.00902938842773438 0.0034942626953125 0.0422477722167969 0.0226287841796875
0.00708293914794922 -0.000445842742919922 0.0548591613769531 -0.00523757934570312
0.00601434707641602 -0.0045924186706543 0.0498390197753906 -0.0366668701171875
0.00464916229248047 -0.0133142471313477 0.0337791442871094 -0.049560546875
0.00554180145263672 -0.0151081085205078 0.0212783813476562 -0.0428123474121094
0.00671577453613281 -0.0182571411132812 0.0193748474121094 -0.0333194732666016
0.0164566040039063 -0.0176315307617188 0.0196247100830078 -0.0253372192382812
0.0270576477050781 -0.00714874267578125 0.0118522644042969 -0.0164546966552734
0.0308570861816406 0.0123882293701172 0.0102977752685547 -0.0187892913818359
0.0144081115722656 0.0387458801269531 0.015594482421875 -0.0323448181152344
-0.00642395019531249 0.0533027648925781 0.0349388122558594 -0.0414962768554688
-0.0281448364257813 0.0504684448242188 0.0463600158691406 -0.0304756164550781
-0.0462112426757813 0.0508193969726563 0.0623054504394531 0.00685882568359375
-0.01190185546875 0.0489540100097656 0.0194797515869141 0.0100917816162109
0.00308990478515625 0.0393333435058594 0.0125865936279297 0.0296268463134766
0.0224227905273438 0.025054931640625 0.042755126953125 0.0285720825195312
0.0278244018554688 0.00665855407714844 0.0531234741210937 0.000423431396484375
0.02685546875 -0.0114421844482422 0.0478172302246094 -0.029937744140625
0.0199165344238281 -0.0265560150146484 0.0313644409179688 -0.0419883728027344
0.0202808380126953 -0.0265140533447266 0.0181980133056641 -0.0347766876220703
0.0234603881835938 -0.0303630828857422 0.0147533416748047 -0.0248317718505859
0.0345687866210938 -0.0238761901855469 0.0140399932861328 -0.0195026397705078
0.0450782775878906 -0.00189208984375 0.00438022613525391 -0.0123605728149414
0.0423736572265625 0.0243415832519531 0.00383377075195313 -0.0157270431518555
0.0111885070800781 0.0564231872558594 0.00835609436035156 -0.0280742645263672
-0.0201339721679688 0.0692176818847656 0.0259037017822266 -0.0294895172119141
-0.0468063354492188 0.058929443359375 0.0319423675537109 -0.0159111022949219
-0.067718505859375 0.0512733459472656 0.0421371459960938 0.0257377624511719
-0.0335159301757813 0.0623588562011719 0.00870513916015624 0.0271167755126953
-0.00594329833984375 0.0628547668457031 0.0081024169921875 0.0381622314453125
0.0306243896484375 0.0460739135742187 0.0368499755859375 0.0351104736328125
0.0444259643554688 0.0165596008300781 0.0450782775878906 0.00811004638671875
0.0446891784667969 -0.0150833129882813 0.0399169921875 -0.0189437866210938
0.0337276458740234 -0.0351390838623047 0.0255889892578125 -0.0285549163818359
0.03167724609375 -0.0340404510498047 0.0123119354248047 -0.0213985443115234
0.0358619689941406 -0.0388107299804688 0.00751399993896485 -0.0115346908569336
0.0468063354492188 -0.028045654296875 0.0042724609375 -0.0104141235351563
0.0562324523925781 0.0008544921875 -0.0054636001586914 -0.00660991668701172
0.0495681762695312 0.0313949584960937 -0.00362682342529297 -0.0129871368408203
0.00878524780273437 0.066162109375 0.0025482177734375 -0.0229015350341797
-0.0288314819335938 0.0761566162109375 0.0180416107177734 -0.0156135559082031
-0.0587120056152344 0.0598907470703125 0.0126733779907227 0.000187873840332035
-0.0787277221679687 0.0408859252929688 0.0150871276855469 0.041961669921875
-0.0509109497070312 0.0622520446777344 -0.00803375244140625 0.0428314208984375
-0.0182113647460938 0.0736541748046875 0.00038528442382812 0.0447540283203125
0.0295524597167969 0.0612068176269531 0.0257835388183594 0.0383796691894531
0.0515975952148438 0.0256919860839844 0.0310173034667969 0.0144538879394531
0.0558624267578125 -0.0137710571289063 0.0267391204833984 -0.0056915283203125
0.0416526794433594 -0.0373268127441406 0.0153493881225586 -0.0114593505859375
0.0381088256835938 -0.0360527038574219 0.00445604324340821 -0.00455236434936524
0.0428123474121094 -0.04119873046875 -0.00161242485046386 0.00419211387634277
0.0528297424316406 -0.0287208557128906 -0.00719308853149414 0.00152778625488281
0.0602073669433594 0.00308609008789063 -0.0163030624389648 -0.000187873840332032
0.0505752563476563 0.0351448059082031 -0.0114078521728516 -0.00986766815185547
0.00351333618164063 0.0683326721191406 -0.000484466552734375 -0.0180606842041016
-0.03582763671875 0.0734710693359375 0.011784553527832 -8.29696655273393E-05
-0.0648307800292969 0.05169677734375 -0.00880908966064453 0.0148983001708984
-0.074005126953125 0.0232162475585937 -0.0130271911621094 0.0529022216796875
-0.0580406188964844 0.04736328125 -0.0252799987792969 0.053436279296875
-0.0295333862304688 0.0666770935058594 -0.00880050659179688 0.0464439392089844
0.0198822021484375 0.0631904602050781 0.0117759704589844 0.0377159118652344
0.0474395751953125 0.0307807922363281 0.0140819549560547 0.0190448760986328
0.0565414428710937 -0.00913619995117187 0.010228157043457 0.00673389434814453
0.0428085327148438 -0.0333786010742188 0.00354146957397461 0.00669574737548828
0.0387153625488281 -0.0326309204101563 -0.00426006317138672 0.0127124786376953
0.0430145263671875 -0.0378227233886719 -0.0115013122558594 0.0200843811035156
0.0513153076171875 -0.0256156921386719 -0.0193042755126953 0.0128097534179687
0.0571365356445313 0.00632095336914063 -0.0269069671630859 0.0057220458984375
0.0449676513671875 0.0355415344238281 -0.0181903839111328 -0.00863075256347656
-0.00330734252929687 0.0632438659667969 -0.00362014770507813 -0.0144100189208984
-0.0413322448730469 0.0617408752441406 0.00466060638427734 0.0116615295410156
-0.0639762878417969 0.0362930297851562 -0.0312519073486328 0.0254878997802734
-0.0555267333984375 0.00117111206054688 -0.0373115539550781 0.0563011169433594
-0.0508842468261719 0.0233573913574219 -0.0394248962402344 0.0569610595703125
-0.0330848693847656 0.0448875427246094 -0.0153694152832031 0.0439834594726563
0.00623321533203125 0.0510215759277344 -0.00140762329101563 0.0333919525146484
0.0335330963134766 0.0284843444824219 -0.000469207763671873 0.0188255310058594
0.0461692810058594 -0.00342941284179687 -0.00545787811279297 0.0160980224609375
0.0364952087402344 -0.0237960815429688 -0.00793266296386719 0.0219326019287109
0.0326595306396484 -0.0240859985351563 -0.0120182037353516 0.0277614593505859
0.037261962890625 -0.0292434692382813 -0.0200939178466797 0.0337314605712891
0.0435676574707031 -0.0192222595214844 -0.0309104919433594 0.0230331420898438
0.0474967956542969 0.00809478759765625 -0.0371665954589844 0.00970077514648437
0.0352401733398438 0.0325965881347656 -0.0255947113037109 -0.00875282287597656
-0.00996780395507813 0.0522613525390625 -0.00659751892089844 -0.0133228302001953
-0.0430030822753906 0.0439338684082031 -0.00339698791503906 0.0193691253662109
-0.0562515258789062 0.0162162780761719 -0.0524177551269531 0.0301475524902344
-0.0286426544189453 -0.0213584899902344 -0.0499343872070312 0.0536270141601563
-0.0345497131347656 -0.00423431396484374 -0.0448112487792969 0.05438232421875
-0.0288600921630859 0.0150222778320313 -0.0169448852539063 0.0391426086425781
-0.00655174255371094 0.0296764373779297 -0.00945281982421875 0.0273571014404297
0.0138912200927734 0.0205669403076172 -0.0107955932617188 0.0178318023681641
0.0278835296630859 0.00266075134277344 -0.0155754089355469 0.0223274230957031
0.0245189666748047 -0.0110836029052734 -0.0163993835449219 0.0321445465087891
0.0222740173339844 -0.0127525329589844 -0.01806640625 0.0385818481445312
0.0261325836181641 -0.0165443420410156 -0.027313232421875 0.0433158874511719
0.0310325622558594 -0.0107002258300781 -0.0410499572753906 0.0299758911132813
0.0330410003662109 0.00833320617675781 -0.0450668334960938 0.0123863220214844
0.0226001739501953 0.0252704620361328 -0.0321178436279297 -0.00991439819335937
-0.0139045715332031 0.036224365234375 -0.0106191635131836 -0.0142736434936523
-0.037750244140625 0.0215492248535156 -0.0125217437744141 0.021575927734375
-0.0413284301757813 -0.00583648681640624 -0.069305419921875 0.0281257629394531
0.00997734069824219 0.0264930725097656 0.0749130249023438 -0.0250701904296875
0.0255928039550781 0.00175666809082031 0.0229625701904297 -0.0143890380859375
0.00870132446289062 -0.0162973403930664 0.0102548599243164 0.0166387557983398
-0.00649547576904297 -0.014739990234375 0.03924560546875 0.0190582275390625
-0.0131025314331055 -0.00510406494140625 0.0530281066894531 -0.00905990600585937
-0.0139703750610352 0.00446987152099609 0.0474967956542969 -0.0399971008300781
-0.0106582641601563 0.00198459625244141 0.0318031311035156 -0.0524864196777344
-0.0105094909667969 -0.00210762023925781 0.0209503173828125 -0.0459976196289063
-0.0118894577026367 -0.00378799438476563 0.0192108154296875 -0.0373802185058594
-0.00598526000976563 -0.0118522644042969 0.0198135375976563 -0.0285415649414063
0.00599384307861328 -0.0150823593139648 0.0153064727783203 -0.0206317901611328
0.0184345245361328 -0.00592613220214844 0.0152187347412109 -0.0234336853027344
0.0228996276855469 0.0144023895263672 0.0241889953613281 -0.0374374389648438
0.0141811370849609 0.0323982238769531 0.0444145202636719 -0.0512466430664063
-0.00212478637695312 0.0377006530761719 0.0564460754394531 -0.0451393127441406
-0.0186767578125 0.0427589416503906 0.0753326416015625 -0.0115127563476562
0.00953292846679687 0.0275859832763672 0.0241737365722656 -0.00420379638671875
0.00866222381591797 0.0119028091430664 0.0128955841064453 0.0223445892333984
0.00911426544189453 0.00349617004394531 0.0437469482421875 0.0233840942382813
0.00756072998046875 -0.00105142593383789 0.0560569763183594 -0.00539779663085938
0.00624656677246094 -0.00461816787719727 0.0505218505859375 -0.0381889343261719
0.0047464370727539 -0.0134620666503906 0.0333976745605469 -0.0517654418945313
0.00523090362548828 -0.0156412124633789 0.0206222534179688 -0.0447311401367187
0.00705337524414063 -0.0189990997314453 0.0186271667480469 -0.03485107421875
0.0160331726074219 -0.0185985565185547 0.0189876556396484 -0.0270271301269531
0.0277557373046875 -0.00761795043945312 0.0120525360107422 -0.0183448791503906
0.0320911407470703 0.0122947692871094 0.0111885070800781 -0.0202102661132813
0.0154685974121094 0.0400314331054688 0.01678466796875 -0.0334892272949219
-0.00549697875976562 0.0549659729003906 0.0356636047363281 -0.0430030822753906
-0.0285987854003906 0.0525054931640625 0.0479621887207031 -0.0330848693847656
-0.0467567443847656 0.0534172058105469 0.0644073486328125 0.00633621215820313
-0.0115699768066406 0.050445556640625 0.0196437835693359 0.010223388671875
0.00414276123046876 0.0410423278808594 0.0119895935058594 0.0312309265136719
0.0235462188720703 0.0255241394042969 0.04345703125 0.0295448303222656
0.0288887023925781 0.00668907165527344 0.0540008544921875 0.000476837158203126
0.0278186798095703 -0.0124950408935547 0.0489425659179687 -0.0309219360351563
0.0203628540039062 -0.027587890625 0.0314216613769531 -0.0439605712890625
0.0201549530029297 -0.0274085998535156 0.017486572265625 -0.0362167358398438
0.0229282379150391 -0.0317897796630859 0.0140533447265625 -0.0261344909667969
0.0350246429443359 -0.0253543853759766 0.013214111328125 -0.0219383239746094
0.0459976196289062 -0.00324630737304688 0.00376224517822266 -0.0137348175048828
0.043975830078125 0.0245475769042969 0.00478935241699219 -0.0173797607421875
0.0126457214355469 0.0582427978515625 0.00880622863769532 -0.0287799835205078
-0.0193099975585938 0.0723114013671875 0.0267276763916016 -0.0313129425048828
-0.048095703125 0.0615005493164063 0.0330772399902344 -0.0182743072509766
-0.0687675476074219 0.0541801452636719 0.0446357727050781 0.0264816284179688
-0.0338973999023438 0.065216064453125 0.00879478454589844 0.0274391174316406
-0.00397109985351562 0.0656585693359375 0.00757980346679687 0.0396232604980469
0.0328330993652344 0.0472755432128906 0.0373878479003906 0.036224365234375
0.0461158752441406 0.0158042907714844 0.0462493896484375 0.0083160400390625
0.0463333129882812 -0.0168075561523437 0.0410842895507813 -0.0191001892089844
0.0332298278808594 -0.0368728637695313 0.0255012512207031 -0.0297718048095703
0.0314521789550781 -0.0358467102050781 0.0116119384765625 -0.0220661163330078
0.0353202819824219 -0.0405731201171875 0.00698661804199219 -0.0123357772827148
0.0475959777832031 -0.0300674438476563 0.0032806396484375 -0.0114574432373047
0.0583229064941406 -0.00096893310546875 -0.00621891021728515 -0.00776195526123047
0.0523452758789062 0.0311508178710937 -0.00341987609863281 -0.0137815475463867
0.0107803344726563 0.0687446594238281 0.00310134887695313 -0.0238780975341797
-0.0277252197265625 0.0796966552734375 0.0182876586914063 -0.0164985656738281
-0.0598640441894531 0.0626144409179687 0.0130891799926758 -0.00170040130615234
-0.0805206298828125 0.04400634765625 0.0157508850097656 0.0438270568847656
-0.0518264770507813 0.0653152465820312 -0.00845718383789063 0.0442924499511719
-0.0171737670898438 0.076873779296875 -0.00051498413085938 0.0460281372070313
0.0321807861328125 0.0623626708984375 0.02557373046875 0.0399703979492188
0.0542869567871094 0.0253753662109375 0.0316143035888672 0.0158767700195313
0.0577125549316406 -0.0154991149902344 0.0270900726318359 -0.00565910339355469
0.0419921875 -0.039520263671875 0.0154781341552734 -0.0118026733398438
0.03826904296875 -0.0386619567871094 0.00439834594726563 -0.00494670867919922
0.0426712036132813 -0.0439643859863281 -0.00203371047973633 0.00430989265441894
0.0536041259765625 -0.0315208435058594 -0.00810194015502929 0.0012664794921875
0.0624313354492188 0.00164413452148438 -0.017277717590332 -0.000763893127441404
0.0534858703613281 0.034942626953125 -0.0116338729858398 -0.0107297897338867
0.00604248046875 0.071197509765625 -0.000598907470703125 -0.0185832977294922
-0.0351181030273437 0.0766372680664063 0.0123701095581055 -0.0013885498046875
-0.0657577514648438 0.0546722412109375 -0.00872039794921876 0.0140285491943359
-0.0761566162109375 0.0251846313476563 -0.0132179260253906 0.0551338195800781
-0.0590782165527344 0.050262451171875 -0.026275634765625 0.0548934936523438
-0.0286293029785156 0.0701522827148438 -0.00974273681640626 0.0479621887207031
0.0223236083984375 0.0650405883789063 0.0106544494628906 0.0391044616699219
0.049407958984375 0.0303916931152344 0.0147342681884766 0.0204257965087891
0.0584945678710937 -0.0111618041992187 0.0114679336547852 0.00708484649658203
0.0429306030273438 -0.0356597900390625 0.00371360778808594 0.00645875930786133
0.038421630859375 -0.0345726013183594 -0.0041971206665039 0.0133523941040039
0.0431556701660156 -0.04052734375 -0.0114555358886719 0.0206470489501953
0.0520591735839844 -0.0283393859863281 -0.0205345153808594 0.0129642486572266
0.0595703125 0.004547119140625 -0.0277366638183594 0.00583457946777344
0.0478782653808594 0.0353775024414063 -0.0186996459960937 -0.00868797302246093
-0.0016632080078125 0.0658187866210938 -0.00349617004394531 -0.0150012969970703
-0.0410385131835937 0.0649795532226563 0.00543403625488281 0.0114192962646484
-0.0652732849121094 0.03857421875 -0.0316238403320313 0.0253486633300781
-0.0579032897949219 0.00241851806640626 -0.0387039184570313 0.0594520568847656
-0.05157470703125 0.0245933532714844 -0.0404281616210938 0.0585823059082031
-0.0330963134765625 0.0466461181640625 -0.0168838500976563 0.0448989868164063
0.00763320922851562 0.0526466369628906 -0.00212860107421875 0.0348987579345703
0.0347709655761719 0.0285739898681641 -0.00139617919921875 0.0206966400146484
0.0475006103515625 -0.00490570068359375 -0.00469970703125 0.0171442031860352
0.0366897583007813 -0.0260848999023437 -0.00717926025390625 0.0226707458496094
0.0328388214111328 -0.0260066986083984 -0.0114479064941406 0.0284385681152344
0.037322998046875 -0.0311508178710938 -0.0197734832763672 0.0346832275390625
0.0446968078613281 -0.0211105346679688 -0.0313777923583984 0.0241584777832031
0.0493927001953125 0.00729751586914063 -0.0384140014648438 0.0108375549316406
0.0374031066894531 0.0326957702636719 -0.0264053344726563 -0.0087738037109375
-0.00922012329101563 0.0545921325683594 -0.00671958923339844 -0.0137300491333008
-0.0425949096679687 0.0461692810058594 -0.00269889831542969 0.0194664001464844
-0.0575332641601563 0.0175819396972656 -0.0536041259765625 0.0309295654296875
-0.02960205078125 -0.0211811065673828 -0.0520362854003906 0.0564727783203125
-0.0351600646972656 -0.0034027099609375 -0.0463829040527344 0.0563392639160156
-0.0293388366699219 0.0160236358642578 -0.0180320739746094 0.0398521423339844
-0.00566864013671875 0.0310611724853516 -0.0102138519287109 0.0289211273193359
0.0149478912353516 0.0211086273193359 -0.0111503601074219 0.0197048187255859
0.0287513732910156 0.00155258178710938 -0.0150108337402344 0.0238132476806641
0.02459716796875 -0.0119209289550781 -0.0156784057617188 0.0338821411132813
0.0221958160400391 -0.0137577056884766 -0.0177345275878906 0.0397224426269531
0.0264854431152344 -0.0178794860839844 -0.0272903442382813 0.0446014404296875
0.0311355590820313 -0.0122566223144531 -0.0420303344726562 0.031005859375
0.03436279296875 0.00745391845703125 -0.0468482971191406 0.0132560729980469
0.0236053466796875 0.0252895355224609 -0.0330657958984375 -0.00988197326660156
-0.0137138366699219 0.0380210876464844 -0.0108509063720703 -0.015040397644043
-0.0382003784179688 0.0235366821289062 -0.0121479034423828 0.0209865570068359
-0.0424003601074219 -0.0057373046875 -0.0712890625 0.0290298461914062
0.0113048553466797 0.0276985168457031 0.0779037475585938 -0.0286102294921875
0.0271530151367187 0.00118827819824219 0.0234508514404297 -0.0160484313964844
0.00837898254394531 -0.0169925689697266 0.0113563537597656 0.0177116394042969
-0.00763893127441407 -0.0150585174560547 0.0418548583984375 0.0189018249511719
-0.0140323638916016 -0.00531673431396484 0.0548896789550781 -0.0108757019042969
-0.0143203735351562 0.00468158721923828 0.0477447509765625 -0.0431785583496094
-0.0111322402954102 0.002716064453125 0.0312995910644531 -0.0562782287597656
-0.0107946395874023 -0.00149154663085938 0.0198402404785156 -0.0492401123046875
-0.0123004913330078 -0.00326061248779297 0.0181732177734375 -0.04052734375
-0.00684547424316406 -0.011998176574707 0.0198554992675781 -0.0308704376220703
0.0053873062133789 -0.0161914825439453 0.0156288146972656 -0.0233249664306641
0.0186309814453125 -0.00711822509765625 0.0166568756103516 -0.0260276794433594
0.0243644714355469 0.0139331817626953 0.0247535705566406 -0.0393905639648438
0.0164165496826172 0.0335121154785156 0.0455131530761719 -0.0552444458007812
-0.00125885009765625 0.0396461486816406 0.0589065551757813 -0.0502967834472656
-0.0178184509277344 0.045928955078125 0.0787200927734375 -0.0135726928710937
0.0112323760986328 0.0287456512451172 0.0253658294677734 -0.00558662414550781
0.00978660583496094 0.0117340087890625 0.0137367248535156 0.0236339569091797
0.00981330871582031 0.00333023071289063 0.0460128784179688 0.0235748291015625
0.00788640975952148 -0.000919342041015625 0.05877685546875 -0.00703811645507813
0.0067448616027832 -0.00543308258056641 0.0508041381835937 -0.0412826538085938
0.00495529174804687 -0.0147943496704102 0.0327033996582031 -0.05511474609375
0.00460433959960937 -0.0168046951293945 0.0190200805664063 -0.047271728515625
0.00587844848632812 -0.0200099945068359 0.0173110961914062 -0.0376472473144531
0.0165348052978516 -0.0199108123779297 0.0182762145996094 -0.0294437408447266
0.0286655426025391 -0.00902557373046875 0.0117778778076172 -0.0207042694091797
0.0340194702148438 0.0119400024414062 0.0117015838623047 -0.0221614837646484
0.0179443359375 0.041412353515625 0.0172328948974609 -0.0349750518798828
-0.00399017333984375 0.0586776733398438 0.0366172790527344 -0.0461540222167969
-0.02880859375 0.0561103820800781 0.0500106811523438 -0.0378303527832031
-0.0473442077636719 0.0577354431152344 0.068389892578125 0.00477218627929688
-0.0100898742675781 0.0533485412597656 0.0210914611816406 0.0103054046630859
0.00644302368164063 0.0430908203125 0.0126113891601563 0.031890869140625
0.0264701843261719 0.0258216857910156 0.0461883544921875 0.0304183959960938
0.0307636260986328 0.00545883178710937 0.0568389892578125 -0.00043487548828125
0.0292377471923828 -0.0146541595458984 0.0497817993164063 -0.0339012145996094
0.0199337005615234 -0.0300502777099609 0.0308341979980469 -0.0469741821289062
0.0195045471191406 -0.0301704406738281 0.0161895751953125 -0.0383987426757813
0.0229511260986328 -0.0351295471191406 0.0130577087402344 -0.0280628204345703
0.0355911254882813 -0.0277786254882813 0.0114326477050781 -0.0234718322753906
0.0488014221191406 -0.00510406494140625 0.00303077697753906 -0.0160846710205078
0.0471420288085938 0.0245170593261719 0.00508880615234375 -0.0190296173095703
0.0154571533203125 0.0611801147460937 0.00931930541992188 -0.0303916931152344
-0.0171966552734375 0.0767669677734375 0.0269184112548828 -0.0335292816162109
-0.0488319396972656 0.0662155151367187 0.0345745086669922 -0.0216255187988281
-0.0708236694335937 0.059417724609375 0.0475311279296875 0.0267181396484375
-0.0327186584472656 0.0698699951171875 0.00930404663085938 0.0289554595947266
-0.0012664794921875 0.0691604614257813 0.00756454467773438 0.0412750244140625
0.0364418029785156 0.0483894348144531 0.0394706726074219 0.0373382568359375
0.0491294860839844 0.0152473449707031 0.0482025146484375 0.0086669921875
0.0482330322265625 -0.01904296875 0.0422210693359375 -0.021392822265625
0.0337371826171875 -0.0398712158203125 0.0252780914306641 -0.0320243835449219
0.0313835144042969 -0.0384559631347656 0.0110244750976563 -0.0238876342773438
0.0352325439453125 -0.0446701049804688 0.006195068359375 -0.0133228302001953
0.0484390258789063 -0.0342826843261719 0.00194644927978516 -0.0132513046264648
0.0609169006347656 -0.0035400390625 -0.0072183609008789 -0.00894355773925781
0.0559577941894531 0.030670166015625 -0.00330257415771484 -0.0149335861206055
0.01446533203125 0.0721588134765625 0.00304985046386719 -0.0249958038330078
-0.0257492065429688 0.0853118896484375 0.0191593170166016 -0.0184707641601562
-0.0611495971679687 0.0682220458984375 0.0137710571289062 -0.00392913818359375
-0.0827789306640625 0.0491943359375 0.0182914733886719 0.0457344055175781
-0.0513153076171875 0.0709762573242188 -0.00760650634765625 0.0459442138671875
-0.0144195556640625 0.0820693969726562 -0.0012359619140625 0.0480728149414063
0.0365104675292969 0.0644454956054688 0.0270347595214844 0.041656494140625
0.057708740234375 0.0236167907714844 0.033416748046875 0.0164375305175781
0.0597000122070313 -0.0193367004394531 0.0286750793457031 -0.00635719299316406
0.0422325134277344 -0.0433502197265625 0.0158700942993164 -0.0129785537719727
0.0380935668945313 -0.0418052673339844 0.0037074089050293 -0.00553226470947266
0.0423049926757813 -0.0484046936035156 -0.00218987464904785 0.00437688827514648
0.0541534423828125 -0.0358543395996094 -0.00922966003417968 0.000744819641113279
0.0661544799804688 -0.00173568725585938 -0.0185623168945312 -0.000774383544921872
0.0577545166015625 0.0342369079589844 -0.0117158889770508 -0.0114517211914063
0.00977325439453126 0.074676513671875 -0.000598907470703125 -0.019622802734375
-0.0328292846679687 0.0830459594726563 0.0128498077392578 -0.00175380706787109
-0.0675163269042969 0.0596542358398438 -0.00925445556640625 0.0133914947509766
-0.0791549682617188 0.0298309326171875 -0.0123786926269531 0.0592842102050781
-0.0602264404296875 0.0548629760742187 -0.0265960693359375 0.0580101013183594
-0.0273818969726563 0.0752029418945313 -0.0105171203613281 0.0500946044921875
0.0259742736816406 0.067352294921875 0.0114326477050781 0.0412406921386719
0.0532112121582031 0.030364990234375 0.0158290863037109 0.0215778350830078
0.0609626770019531 -0.0140495300292969 0.012639045715332 0.00813961029052734
0.0435523986816406 -0.0394401550292969 0.004364013671875 0.00670623779296875
0.0386466979980469 -0.0380897521972656 -0.00411224365234375 0.0136051177978516
0.0433349609375 -0.0451393127441406 -0.0113315582275391 0.0217514038085938
0.0535926818847656 -0.0322952270507813 -0.0215682983398438 0.0139865875244141
0.0626144409179688 0.00177383422851562 -0.0294990539550781 0.00687980651855469
0.0516204833984375 0.0354766845703125 -0.0200042724609375 -0.00855636596679687
0.00129318237304687 0.0697822570800781 -0.00362110137939453 -0.0158967971801758
-0.0395965576171875 0.070465087890625 0.00533866882324218 0.0113859176635742
-0.0670738220214844 0.0430145263671875 -0.0325355529785156 0.0268192291259766
-0.0602607727050781 0.00524139404296875 -0.039031982421875 0.0641670227050781
-0.0536231994628906 0.0282363891601563 -0.0418510437011719 0.0618782043457031
-0.032470703125 0.0511016845703125 -0.017852783203125 0.0475044250488281
0.0112419128417969 0.0552177429199219 -0.0024261474609375 0.0366783142089844
0.0379753112792969 0.0287284851074219 -0.000385284423828122 0.022552490234375
0.0499534606933594 -0.00728988647460937 -0.00388717651367187 0.0197238922119141
0.0374031066894531 -0.0288200378417969 -0.00685501098632812 0.0241127014160156
0.0332660675048828 -0.0289516448974609 -0.0112495422363281 0.0302104949951172
0.0380783081054688 -0.0347747802734375 -0.0191879272460938 0.0366058349609375
0.0456199645996094 -0.0243110656738281 -0.0327968597412109 0.0261726379394531
0.0521278381347656 0.00492477416992188 -0.0399208068847656 0.0121726989746094
0.0405311584472656 0.0330009460449219 -0.0280036926269531 -0.00851631164550782
-0.00706863403320312 0.0579910278320313 -0.00678730010986328 -0.0143060684204102
-0.0416984558105469 0.0504341125488281 -0.00205039978027344 0.0199604034423828
-0.05950927734375 0.0197525024414062 -0.0555686950683594 0.0334625244140625
-0.0316219329833984 -0.0205821990966797 -0.0535469055175781 0.0625267028808594
-0.0373916625976563 -0.00174331665039063 -0.0482292175292969 0.060211181640625
-0.0298748016357422 0.0187816619873047 -0.0193862915039063 0.0418777465820313
-0.00478744506835938 0.0324783325195313 -0.0105457305908203 0.0312595367431641
0.0172786712646484 0.0213489532470703 -0.0112400054931641 0.0216331481933594
0.0298786163330078 0.000585556030273438 -0.0144481658935547 0.0264129638671875
0.0251502990722656 -0.0138282775878906 -0.0148239135742188 0.035614013671875
0.0228004455566406 -0.0157928466796875 -0.0164947509765625 0.0418052673339844
0.0269050598144531 -0.0205039978027344 -0.0268020629882813 0.0471763610839844
0.0318660736083984 -0.0141220092773437 -0.0422096252441406 0.0345497131347656
0.0362663269042969 0.00650787353515625 -0.0486183166503906 0.0155372619628906
0.0257205963134766 0.026123046875 -0.0348758697509766 -0.00927352905273437
-0.0127143859863281 0.0403327941894531 -0.0117359161376953 -0.0152130126953125
-0.03875732421875 0.02581787109375 -0.0118827819824219 0.0218772888183594
-0.0439071655273438 -0.00477981567382812 -0.07366943359375 0.0324325561523438
0.0137004852294922 0.0276622772216797 0.079986572265625 -0.0351181030273438
0.028076171875 -0.00048065185546875 0.0234813690185547 -0.0179576873779297
0.00778007507324219 -0.0181980133056641 0.0126590728759766 0.0174694061279297
-0.00905227661132812 -0.0149421691894531 0.045166015625 0.0181770324707031
-0.0152683258056641 -0.00421333312988281 0.0570640563964844 -0.0147285461425781
-0.0140857696533203 0.00575733184814453 0.0472145080566406 -0.0478897094726563
-0.0108642578125 0.00315189361572266 0.02886962890625 -0.0605812072753906
-0.0117969512939453 -0.000617980957031252 0.0173187255859375 -0.0521049499511719
-0.0135507583618164 -0.00274467468261718 0.0159072875976563 -0.0432815551757813
-0.0079345703125 -0.0114383697509766 0.0173835754394531 -0.0339736938476563
0.00430011749267578 -0.0165281295776367 0.0147476196289063 -0.0262165069580078
0.0192470550537109 -0.00886154174804688 0.0165596008300781 -0.0294189453125
0.0262088775634766 0.0128154754638672 0.0248680114746094 -0.0423431396484375
0.0190258026123047 0.0334949493408203 0.0444259643554688 -0.0606803894042969
0.0010528564453125 0.0412979125976562 0.0591468811035156 -0.0575714111328125
-0.01629638671875 0.0489883422851563 0.0818862915039063 -0.0196914672851562
0.0140132904052734 0.0295448303222656 0.0260677337646484 -0.00758934020996093
0.0110530853271484 0.0119390487670898 0.0153636932373047 0.0238819122314453
0.0106430053710938 0.00314617156982422 0.0492935180664063 0.0227775573730469
0.00852823257446289 -0.00148820877075195 0.0605049133300781 -0.0104103088378906
0.00702428817749023 -0.00681686401367188 0.0509223937988281 -0.0462188720703125
0.00390052795410156 -0.0155601501464844 0.0301971435546875 -0.0592842102050781
0.00356960296630859 -0.0175676345825195 0.0169334411621094 -0.0499267578125
0.00520896911621094 -0.021728515625 0.0153160095214844 -0.0403900146484375
0.0155544281005859 -0.0221977233886719 0.0162010192871094 -0.0329055786132812
0.0297374725341797 -0.0112648010253906 0.0106315612792969 -0.0236034393310547
0.0361709594726562 0.010009765625 0.0124340057373047 -0.0251026153564453
0.0213088989257812 0.0416831970214844 0.0170364379882813 -0.0376243591308594
-0.000339508056640628 0.0614013671875 0.0354423522949219 -0.0507125854492187
-0.0265846252441406 0.0605545043945313 0.0511550903320313 -0.0444374084472656
-0.0461502075195313 0.0636138916015625 0.0722503662109375 0.001007080078125
-0.0066986083984375 0.0570259094238281 0.0219364166259766 0.00916099548339844
0.0100440979003906 0.0449562072753906 0.0145053863525391 0.0331630706787109
0.0295543670654297 0.0255050659179688 0.0494308471679688 0.0298576354980469
0.0327625274658203 0.00400543212890625 0.0588798522949219 -0.00338363647460938
0.0295658111572266 -0.0174980163574219 0.049835205078125 -0.0379409790039063
0.0189323425292969 -0.0330791473388672 0.0290374755859375 -0.0511474609375
0.0184764862060547 -0.0324039459228516 0.0142173767089844 -0.0407676696777344
0.0212974548339844 -0.0382003784179688 0.0110588073730469 -0.0301494598388672
0.0348186492919922 -0.0323448181152344 0.00966644287109375 -0.0260238647460938
0.0500755310058594 -0.00890731811523438 0.00205421447753907 -0.0174589157104492
0.05157470703125 0.0219268798828125 0.00476455688476563 -0.0211372375488281
0.0207481384277344 0.0632972717285156 0.00870132446289063 -0.0319805145263672
-0.0129852294921875 0.0816497802734375 0.0266647338867188 -0.036956787109375
-0.0471649169921875 0.0724105834960937 0.0350399017333984 -0.0265903472900391
-0.070343017578125 0.0670547485351562 0.0514488220214844 0.0250320434570313
-0.0295562744140625 0.0749282836914063 0.0110874176025391 0.0292415618896484
0.00320434570312499 0.0728225708007813 0.00947189331054688 0.0426712036132813
0.0420112609863281 0.0479507446289063 0.0426063537597656 0.0371131896972656
0.0527534484863281 0.0122947692871094 0.0509223937988281 0.0066070556640625
0.0489692687988281 -0.024139404296875 0.0429458618164063 -0.0242996215820313
0.0319938659667969 -0.0441513061523438 0.0242347717285156 -0.03521728515625
0.0294570922851563 -0.0427284240722656 0.00950431823730469 -0.0252017974853516
0.0331878662109375 -0.0498504638671875 0.00483512878417969 -0.0145721435546875
0.0476722717285156 -0.0394935607910156 0.000181198120117191 -0.0143871307373047
0.0634536743164063 -0.00817108154296875 -0.00813102722167968 -0.00962162017822266
0.0613555908203125 0.0277862548828125 -0.00411415100097656 -0.0161256790161133
0.0206069946289063 0.0743637084960938 0.00211906433105469 -0.0263118743896484
-0.0202255249023438 0.091217041015625 0.0190963745117188 -0.021087646484375
-0.0599594116210937 0.0753631591796875 0.0144453048706055 -0.00687026977539062
-0.0831375122070312 0.0569000244140625 0.0222320556640625 0.0472450256347656
-0.0492706298828125 0.07733154296875 -0.0058746337890625 0.0486526489257813
-0.00940704345703126 0.0871047973632813 0.000473022460937498 0.0506744384765625
0.0436325073242188 0.0647773742675781 0.0297431945800781 0.0423736572265625
0.0623893737792969 0.0212478637695312 0.0357627868652344 0.0158004760742188
0.0614585876464844 -0.02496337890625 0.0305194854736328 -0.00774955749511719
0.0401954650878906 -0.0482406616210937 0.0158176422119141 -0.0146379470825195
0.0363731384277344 -0.0464744567871094 0.00344085693359375 -0.00628757476806641
0.0404014587402344 -0.05389404296875 -0.00261807441711426 0.00429606437683105
0.0540237426757813 -0.041534423828125 -0.0106363296508789 0.000823974609374999
0.0687065124511719 -0.00638198852539062 -0.0195941925048828 0.00011634826660156
0.0629959106445313 0.0314407348632813 -0.0129556655883789 -0.0115690231323242
0.0158233642578125 0.0777511596679687 -0.00159263610839844 -0.0207176208496094
-0.0279693603515625 0.0888900756835938 0.0134925842285156 -0.00326728820800781
-0.0667266845703125 0.0668182373046875 -0.00875473022460938 0.0130901336669922
-0.0806121826171875 0.037109375 -0.00930023193359375 0.0634803771972656
-0.0588836669921875 0.0613441467285156 -0.0245323181152344 0.062255859375
-0.0229110717773438 0.08062744140625 -0.00966262817382813 0.0530776977539063
0.0324630737304688 0.0684661865234375 0.0134773254394531 0.0433120727539063
0.05810546875 0.0277786254882813 0.0176010131835938 0.0223770141601563
0.062255859375 -0.0197029113769531 0.0142250061035156 0.00798320770263672
0.0422744750976563 -0.043548583984375 0.00506639480590821 0.00667858123779297
0.0374603271484375 -0.0427818298339844 -0.00342845916748047 0.0143728256225586
0.0417633056640625 -0.0504493713378906 -0.0107135772705078 0.0230922698974609
0.0528450012207031 -0.0381278991699219 -0.022216796875 0.0157718658447266
0.0657844543457031 -0.00319290161132812 -0.0304107666015625 0.00867080688476563
0.0569877624511719 0.0332374572753906 -0.0207252502441406 -0.00828170776367187
0.0071258544921875 0.0732879638671875 -0.0044260025024414 -0.0164775848388672
-0.0358657836914063 0.0763168334960938 0.00707530975341797 0.0103931427001953
-0.0674324035644531 0.0490531921386719 -0.0325336456298828 0.0285568237304688
-0.0621337890625 0.0102806091308594 -0.03729248046875 0.0708694458007813
-0.05401611328125 0.033447265625 -0.0410652160644531 0.0677719116210937
-0.0302925109863281 0.0556182861328125 -0.0170669555664063 0.0506973266601563
0.0158576965332031 0.0567855834960938 -0.00111770629882812 0.0395851135253906
0.0418510437011719 0.0276718139648437 0.000747680664062502 0.0244140625
0.0517959594726563 -0.0117340087890625 -0.00161361694335937 0.0209560394287109
0.0367317199707031 -0.0325050354003906 -0.00520896911621094 0.0249137878417969
0.0324344635009766 -0.0326385498046875 -0.00955963134765624 0.0317039489746094
0.0366783142089844 -0.0393524169921875 -0.0181388854980469 0.0397872924804688
0.045501708984375 -0.02935791015625 -0.0329475402832031 0.0289859771728516
0.0554618835449219 0.000988006591796875 -0.0406570434570313 0.0154609680175781
0.0447769165039063 0.0316085815429688 -0.0295486450195312 -0.00698471069335937
-0.00274658203124999 0.0614967346191406 -0.00809097290039063 -0.0150928497314453
-0.040008544921875 0.0557212829589844 -0.00110816955566407 0.0205879211425781
-0.0606575012207031 0.0247344970703125 -0.0561485290527344 0.0380897521972656
-0.0344028472900391 -0.0187454223632813 -0.0528373718261719 0.0696754455566406
-0.0388107299804688 0.000846862792968749 -0.0471916198730469 0.0659523010253906
-0.0300426483154297 0.0218410491943359 -0.0192222595214844 0.0449371337890625
-0.00145721435546875 0.0341014862060547 -0.0104942321777344 0.0338134765625
0.0193195343017578 0.0212421417236328 -0.0103988647460938 0.0241241455078125
0.0315151214599609 -0.00179290771484375 -0.0126895904541016 0.0285243988037109
0.0251121520996094 -0.0162277221679688 -0.0127410888671875 0.0381126403808594
0.0227489471435547 -0.0179176330566406 -0.0144119262695313 0.0442771911621094
0.0263290405273438 -0.0229206085205078 -0.0245246887207031 0.0508499145507813
0.0319290161132813 -0.017669677734375 -0.0424346923828125 0.0388069152832031
0.038299560546875 0.00398635864257813 -0.0498199462890625 0.0187644958496094
0.0288887023925781 0.0252761840820313 -0.0372238159179688 -0.00752258300781249
-0.010528564453125 0.0430717468261719 -0.0130319595336914 -0.0157461166381836
-0.0382308959960938 0.0296287536621094 -0.0108089447021484 0.0230560302734375
-0.0457916259765625 -0.00254440307617188 -0.075347900390625 0.0383453369140625
0.0164051055908203 0.0269203186035156 0.07977294921875 -0.04254150390625
0.0284042358398438 -0.00267791748046875 0.0227508544921875 -0.0208396911621094
0.00628662109375 -0.0195484161376953 0.0140886306762695 0.0170078277587891
-0.0108251571655273 -0.0144767761230469 0.0471305847167969 0.0153007507324219
-0.0158910751342773 -0.00321102142333984 0.0570030212402344 -0.0185775756835938
-0.0142412185668945 0.00734519958496094 0.0442543029785156 -0.0516510009765625
-0.010594367980957 0.00413703918457031 0.0234527587890625 -0.0638084411621094
-0.0119400024414063 0.000883102416992188 0.01300048828125 -0.0544662475585937
-0.0134906768798828 -0.00111865997314453 0.0125198364257813 -0.0453567504882813
-0.00904369354248047 -0.0109958648681641 0.0144577026367187 -0.0359115600585938
0.00281906127929687 -0.0174169540405273 0.0127525329589844 -0.0289802551269531
0.0182323455810547 -0.0107002258300781 0.0157222747802734 -0.0319252014160156
0.0269870758056641 0.0108985900878906 0.0223007202148438 -0.0443000793457031
0.0221347808837891 0.0332775115966797 0.0413322448730469 -0.0645065307617188
0.00475692749023437 0.0423469543457031 0.0561408996582031 -0.0643959045410156
-0.0131416320800781 0.05206298828125 0.0828323364257813 -0.0267562866210937
0.016143798828125 0.0288963317871094 0.0268020629882813 -0.0103931427001953
0.0118265151977539 0.0123510360717773 0.0163230895996094 0.0233192443847656
0.0110855102539063 0.00315380096435547 0.0515213012695313 0.0202064514160156
0.0090951919555664 -0.00257682800292969 0.0606803894042969 -0.0143852233886719
0.00738525390625 -0.00855731964111328 0.0479545593261719 -0.0500297546386719
0.00378322601318359 -0.0164146423339844 0.0252876281738281 -0.0633926391601563
0.00214958190917969 -0.0183238983154297 0.0128440856933594 -0.0523529052734375
0.00312042236328125 -0.0226860046386719 0.0118217468261719 -0.0425262451171875
0.0137748718261719 -0.0239448547363281 0.0130538940429688 -0.0352096557617188
0.0289688110351562 -0.0134525299072266 0.00851631164550781 -0.0255374908447266
0.037353515625 0.0072174072265625 0.0107784271240234 -0.0275459289550781
0.0251655578613281 0.0409049987792969 0.0155677795410156 -0.0390243530273438
0.00461196899414063 0.06231689453125 0.0333366394042969 -0.0545005798339844
-0.022430419921875 0.0639228820800781 0.0491943359375 -0.0506134033203125
-0.0421791076660156 0.06890869140625 0.0741958618164063 -0.00480651855468749
-0.00109100341796875 0.05859375 0.0230960845947266 0.00758171081542969
0.0143585205078125 0.0450820922851563 0.0165176391601562 0.0334110260009766
0.0325870513916016 0.0240364074707031 0.0521888732910156 0.0275917053222656
0.0343379974365234 0.00217437744140625 0.0597457885742188 -0.00646209716796875
0.0294227600097656 -0.0210399627685547 0.0477752685546875 -0.0418014526367188
0.0167255401611328 -0.0342063903808594 0.0255279541015625 -0.0539131164550781
0.0157508850097656 -0.0346183776855469 0.0108299255371094 -0.0429153442382813
0.0181312561035156 -0.0405807495117188 0.00924491882324219 -0.0319919586181641
0.0323257446289063 -0.0359153747558594 0.00681114196777344 -0.0276584625244141
0.0501823425292969 -0.0140609741210938 -0.000310897827148433 -0.0192642211914063
0.0544815063476563 0.0180740356445313 0.00413513183593751 -0.0227165222167969
0.0262527465820312 0.0626983642578125 0.00714302062988281 -0.0335807800292969
-0.0066070556640625 0.0842056274414063 0.0246238708496094 -0.0397987365722656
-0.0429000854492187 0.0777740478515625 0.0342540740966797 -0.0317039489746094
-0.0660171508789063 0.0745468139648438 0.0549507141113281 0.0218772888183594
-0.0239105224609375 0.0792007446289063 0.0132503509521484 0.0290966033935547
0.00983428955078125 0.0742340087890625 0.0113296508789062 0.0434417724609375
0.0474319458007813 0.0463600158691406 0.0456352233886719 0.0354804992675781
0.0547904968261719 0.00797653198242188 0.0519828796386719 0.00385284423828125
0.0479888916015625 -0.0294570922851562 0.0426063537597656 -0.0275802612304688
0.02911376953125 -0.0476112365722656 0.0218429565429687 -0.0383033752441406
0.0267066955566406 -0.046234130859375 0.00711250305175782 -0.0267238616943359
0.029449462890625 -0.0538520812988281 0.00342369079589844 -0.0157184600830078
0.0446662902832031 -0.0446662902832031 -0.00159358978271484 -0.0154314041137695
0.064788818359375 -0.0141067504882813 -0.00953197479248047 -0.00958156585693359
0.0655708312988281 0.0235748291015625 -0.0044717788696289 -0.0170297622680664
0.0277175903320312 0.0745773315429688 0.000812530517578129 -0.0274276733398438
-0.01251220703125 0.0948715209960938 0.017974853515625 -0.0231113433837891
-0.0550537109375 0.0818328857421875 0.0139846801757812 -0.00964927673339843
-0.0801010131835937 0.065216064453125 0.0266494750976562 0.0468025207519531
-0.0437774658203125 0.0823974609375 -0.00303649902343751 0.04962158203125
-0.001678466796875 0.090118408203125 0.0027618408203125 0.0518798828125
0.0501289367675781 0.0622367858886719 0.0330848693847656 0.0421333312988281
0.0655364990234375 0.0164413452148438 0.0376091003417969 0.0140228271484375
0.0606117248535156 -0.0305824279785156 0.0312309265136719 -0.00963592529296875
0.0371513366699219 -0.0520057678222656 0.0148115158081055 -0.0167407989501953
0.0327606201171875 -0.0503196716308594 0.00239658355712891 -0.00724124908447266
0.0364723205566406 -0.0587882995605469 -0.00192832946777344 0.00446891784667968
0.0503768920898437 -0.0474510192871094 -0.0117788314819336 0.000933647155761715
0.0703506469726563 -0.0129776000976563 -0.0206470489501953 0.00175094604492188
0.0670547485351563 0.0267372131347656 -0.0125160217285156 -0.0115537643432617
0.0235366821289063 0.078216552734375 -0.00245475769042968 -0.021392822265625
-0.0202484130859375 0.0936431884765625 0.0132780075073242 -0.00478458404541015
-0.062774658203125 0.0731887817382813 -0.00873184204101563 0.0125246047973633
-0.078857421875 0.044036865234375 -0.00492858886718751 0.0657234191894531
-0.0554008483886719 0.0675697326660156 -0.0210952758789063 0.0654411315917969
-0.0170135498046875 0.0836181640625 -0.00689697265625001 0.0546875
0.0394134521484375 0.0664405822753906 0.0155296325683594 0.04376220703125
0.0617942810058594 0.0238800048828125 0.0197334289550781 0.0227375030517578
0.061920166015625 -0.0257339477539063 0.0160131454467773 0.00777149200439453
0.0397682189941406 -0.04864501953125 0.00580787658691407 0.0061802864074707
0.0346031188964844 -0.0467300415039063 -0.00246143341064453 0.0140800476074219
0.0374298095703125 -0.0553016662597656 -0.00895309448242187 0.0241680145263672
0.0503311157226563 -0.0438919067382813 -0.0216350555419922 0.0172901153564453
0.0669784545898438 -0.0093841552734375 -0.0306606292724609 0.0107059478759766
0.0615386962890625 0.0286979675292969 -0.0210075378417969 -0.00732421874999999
0.013397216796875 0.0741195678710938 -0.00576114654541015 -0.0168924331665039
-0.0296401977539063 0.080596923828125 0.00797367095947265 0.00957489013671876
-0.0650444030761719 0.0549087524414063 -0.0308475494384766 0.0309276580810547
-0.0625534057617188 0.0155410766601563 -0.03179931640625 0.0759429931640625
-0.0524787902832031 0.0385932922363281 -0.0360870361328125 0.0723419189453125
-0.0261459350585938 0.0599365234375 -0.0145835876464844 0.0526237487792969
0.0211639404296875 0.0564384460449219 0.000537872314453123 0.0405807495117188
0.0451850891113281 0.0250434875488281 0.00292778015136719 0.0257358551025391
0.0513687133789062 -0.0163993835449219 0.000806808471679689 0.0213966369628906
0.0351638793945313 -0.037261962890625 -0.00255203247070312 0.026611328125
0.0305213928222656 -0.0362625122070313 -0.00774955749511718 0.0333080291748047
0.0342254638671875 -0.0439834594726563 -0.0152359008789063 0.0412254333496094
0.0439682006835938 -0.0339775085449219 -0.03216552734375 0.0309009552001953
0.0564384460449219 -0.00391006469726563 -0.0404624938964844 0.0187759399414062
0.0477180480957031 0.0285606384277344 -0.0302047729492187 -0.00517463684082031
0.00274276733398438 0.0627288818359375 -0.00917243957519531 -0.0148429870605469
-0.0355720520019531 0.059844970703125 0.000574111938476562 0.0203876495361328
-0.0598411560058594 0.0289382934570313 -0.0543670654296875 0.0419998168945313
-0.0362510681152344 -0.0162811279296875 -0.0484771728515625 0.0760421752929688
-0.0390586853027344 0.00437927246093749 -0.0437469482421875 0.0708847045898438
-0.0287723541259766 0.0249576568603516 -0.01739501953125 0.0469970703125
0.00141716003417969 0.0351238250732422 -0.00864410400390625 0.035797119140625
0.0218601226806641 0.0194034576416016 -0.00822639465332031 0.0260143280029297
0.0325107574462891 -0.00541877746582031 -0.00960350036621094 0.0307559967041016
0.0247650146484375 -0.0185031890869141 -0.00960159301757813 0.0398788452148438
0.0218238830566406 -0.0204048156738281 -0.0111198425292969 0.0461273193359375
0.0247421264648438 -0.0260887145996094 -0.0212440490722656 0.0534172058105469
0.0314617156982422 -0.0209865570068359 -0.0401115417480469 0.04229736328125
0.0397834777832031 0.00055694580078125 -0.0489883422851562 0.0234031677246094
0.0314674377441406 0.0238094329833984 -0.0381050109863281 -0.00440597534179688
-0.00616836547851563 0.0449943542480469 -0.0141611099243164 -0.0149879455566406
-0.0361328125 0.0331001281738281 -0.00904655456542969 0.0237922668457031
-0.0465278625488281 0.000720977783203118 -0.0745162963867187 0.0446395874023438
0.0168991088867187 0.026397705078125 0.0764923095703125 -0.0468826293945312
0.0287075042724609 -0.00459480285644531 0.0201244354248047 -0.0227375030517578
0.00494956970214844 -0.0186729431152344 0.0142507553100586 0.0168218612670898
-0.0108547210693359 -0.013697624206543 0.0480766296386719 0.0132064819335938
-0.0157566070556641 -0.000732421875000001 0.056549072265625 -0.022064208984375
-0.0132350921630859 0.00721931457519531 0.0406570434570313 -0.0543365478515625
-0.0100793838500977 0.00431728363037109 0.0190200805664063 -0.06427001953125
-0.0116062164306641 0.0023193359375 0.00933837890625 -0.0535163879394531
-0.0136318206787109 -0.00049400329589844 0.00976181030273438 -0.0467910766601563
-0.0105981826782227 -0.0106668472290039 0.0122566223144531 -0.0373420715332031
0.00213146209716797 -0.0162191390991211 0.0117988586425781 -0.030487060546875
0.0174188613891602 -0.0122528076171875 0.0134010314941406 -0.0340213775634766
0.0277061462402344 0.00791740417480469 0.0204505920410156 -0.0452613830566406
0.0235080718994141 0.0307750701904297 0.0376167297363281 -0.0664215087890625
0.00690841674804687 0.0416755676269531 0.0523567199707031 -0.0688514709472656
-0.0106430053710938 0.0537872314453125 0.0801315307617188 -0.0324554443359375
0.0176467895507813 0.0272426605224609 0.0240287780761719 -0.0119609832763672
0.0142917633056641 0.0116024017333984 0.0177249908447266 0.0242652893066406
0.0117406845092773 0.002227783203125 0.0523300170898438 0.0171165466308594
0.00832509994506836 -0.00350046157836914 0.05889892578125 -0.0194435119628906
0.00557088851928711 -0.00815153121948242 0.0450019836425781 -0.0526771545410156
0.00105476379394531 -0.0175933837890625 0.0208206176757812 -0.0634841918945313
0.00143146514892578 -0.0172739028930664 0.00873565673828125 -0.0518455505371094
0.00119972229003906 -0.0214443206787109 0.00880813598632813 -0.0440216064453125
0.0119647979736328 -0.0250530242919922 0.00927352905273438 -0.0355796813964844
0.0280590057373047 -0.0154342651367188 0.00651931762695313 -0.0272960662841797
0.0375633239746094 0.00391387939453125 0.0103321075439453 -0.0283012390136719
0.0275802612304688 0.0392303466796875 0.0133094787597656 -0.0396461486816406
0.00928115844726563 0.06219482421875 0.0307388305664063 -0.0551414489746094
-0.0184478759765625 0.0658531188964844 0.0452880859375 -0.0543327331542969
-0.036346435546875 0.0705718994140625 0.0738906860351563 -0.0103530883789062
0.00220108032226563 0.0579872131347656 0.0232448577880859 0.00531578063964844
0.0168952941894531 0.0440521240234375 0.0177116394042969 0.0329570770263672
0.0355682373046875 0.0216598510742187 0.0533905029296875 0.0244789123535156
0.0332794189453125 -0.00184822082519531 0.0596427917480469 -0.0106010437011719
0.0266990661621094 -0.0230293273925781 0.0456275939941406 -0.044189453125
0.0154266357421875 -0.036407470703125 0.0210723876953125 -0.0551071166992188
0.0129280090332031 -0.0355682373046875 0.00735092163085937 -0.0440177917480469
0.014923095703125 -0.0432167053222656 0.00732421875 -0.0329799652099609
0.0295829772949219 -0.0382843017578125 0.00415229797363282 -0.029571533203125
0.0483283996582031 -0.0172042846679688 -0.000699996948242185 -0.0201492309570313
0.0551948547363281 0.0147590637207031 0.00401306152343751 -0.0240936279296875
0.0314674377441406 0.0593109130859375 0.00659370422363281 -0.0334529876708984
0.000190734863281244 0.0843353271484375 0.0222816467285156 -0.0418014526367187
-0.0382766723632813 0.080596923828125 0.0312614440917969 -0.0350570678710938
-0.06060791015625 0.0787353515625 0.0564537048339844 0.0169525146484375
-0.0177383422851562 0.0800933837890625 0.0142192840576172 0.0264701843261719
0.0157470703125 0.072052001953125 0.0136489868164063 0.04364013671875
0.0498695373535156 0.0420379638671875 0.0474472045898438 0.033233642578125
0.0548171997070313 0.00401687622070313 0.0521087646484375 0.00143814086914063
0.046417236328125 -0.0328025817871094 0.0404510498046875 -0.0293006896972656
0.0253982543945313 -0.0496330261230469 0.0191574096679688 -0.0392799377441406
0.0232353210449219 -0.0475273132324219 0.00522422790527344 -0.0269832611083984
0.0243453979492188 -0.0565757751464844 0.00232791900634766 -0.0156211853027344
0.040130615234375 -0.0473556518554688 -0.00401592254638672 -0.0157814025878906
0.0624275207519531 -0.0193138122558594 -0.0108718872070312 -0.00926780700683594
0.0667991638183594 0.0189247131347656 -0.004150390625 -0.0174379348754883
0.0330657958984375 0.0727462768554688 0.000114440917968751 -0.0272560119628906
-0.00555419921875 0.09527587890625 0.0174198150634766 -0.0235595703125
-0.0499038696289063 0.0852584838867187 0.0135746002197266 -0.0120248794555664
-0.0731887817382813 0.0710601806640625 0.02935791015625 0.0459403991699219
-0.0376205444335938 0.0853805541992188 -0.000251770019531253 0.0485305786132813
0.0044097900390625 0.0875091552734375 0.00496673583984375 0.0515098571777344
0.0542335510253906 0.0590553283691406 0.0344123840332031 0.0412673950195313
0.0663528442382813 0.0119400024414063 0.0377197265625 0.0127449035644531
0.05755615234375 -0.0359230041503906 0.0311298370361328 -0.0121994018554688
0.0329093933105469 -0.055694580078125 0.0136938095092773 -0.0173521041870117
0.0292739868164062 -0.0524024963378906 0.00145006179809571 -0.00733804702758789
0.0320816040039063 -0.0600051879882813 -0.000333786010742186 0.00447750091552734
0.0458412170410156 -0.0513725280761719 -0.0113143920898437 0.000625610351562495
0.0671615600585938 -0.0186424255371094 -0.0210342407226563 0.00223541259765625
0.0693168640136719 0.0208320617675781 -0.0136756896972656 -0.0110092163085937
0.0296478271484375 0.0757064819335938 -0.00306129455566406 -0.0206851959228516
-0.0132522583007812 0.094146728515625 0.0141658782958984 -0.00551223754882812
-0.0580596923828125 0.0774383544921875 -0.00735759735107422 0.0108728408813477
-0.0738525390625 0.049407958984375 0.000434875488281251 0.06683349609375
-0.0493545532226562 0.0705184936523438 -0.0171051025390625 0.0665626525878906
-0.0109710693359375 0.0847396850585938 -0.00531387329101562 0.0553817749023438
0.0440559387207031 0.064544677734375 0.0178260803222656 0.0436248779296875
0.0636978149414063 0.0194740295410156 0.0211334228515625 0.0220794677734375
0.059356689453125 -0.0300941467285156 0.0169687271118164 0.00735092163085937
0.0356101989746094 -0.0515327453613281 0.00672149658203125 0.00651788711547851
0.0315361022949219 -0.0483932495117188 -0.00197410583496094 0.0138874053955078
0.0336494445800781 -0.0575599670410156 -0.00725936889648437 0.0244350433349609
0.045501708984375 -0.0474777221679688 -0.0214214324951172 0.0181636810302734
0.0661506652832031 -0.0139236450195313 -0.0300331115722656 0.0124187469482422
0.0628929138183594 0.024169921875 -0.0205039978027344 -0.00597572326660156
0.0185012817382813 0.0723876953125 -0.00615882873535156 -0.0171604156494141
-0.0223617553710937 0.083251953125 0.00796937942504882 0.00772762298583985
-0.059814453125 0.0588912963867188 -0.0295372009277344 0.0324039459228516
-0.0613441467285156 0.0200881958007813 -0.026458740234375 0.0793380737304688
-0.0492706298828125 0.0430564880371094 -0.0318222045898438 0.0728225708007813
-0.0215225219726563 0.0604324340820313 -0.0126228332519531 0.0518913269042969
0.0274200439453125 0.0549812316894531 0.00394439697265625 0.0408935546875
0.0465202331542969 0.020751953125 0.0033416748046875 0.0270652770996094
0.0497360229492188 -0.0204124450683594 0.00353240966796875 0.0223617553710938
0.0308494567871094 -0.0396575927734375 -0.000562667846679683 0.0252189636230469
0.0273056030273438 -0.0376396179199219 -0.00482368469238281 0.0321445465087891
0.0304450988769531 -0.0474891662597656 -0.0129280090332031 0.0418319702148438
0.0405540466308594 -0.0372657775878906 -0.0293178558349609 0.03277587890625
0.0569877624511719 -0.00894927978515625 -0.0396499633789062 0.0209388732910156
0.0493621826171875 0.0246353149414062 -0.0303974151611328 -0.0028076171875
0.00777435302734375 0.0621566772460938 -0.00975990295410156 -0.0149078369140625
-0.0313491821289063 0.0613937377929688 0.00191307067871093 0.0191936492919922
-0.0576820373535156 0.0332183837890625 -0.0512886047363281 0.0443572998046875
-0.0365791320800781 -0.0126838684082031 -0.0426864624023438 0.080322265625
-0.0383949279785156 0.00658798217773437 -0.0384979248046875 0.0730361938476563
-0.0264987945556641 0.0258083343505859 -0.0149879455566406 0.0487289428710938
0.00362777709960937 0.0350551605224609 -0.00710296630859375 0.0364303588867188
0.0230541229248047 0.0174026489257813 -0.00760841369628906 0.0277023315429687
0.0322952270507813 -0.00667381286621094 -0.00630760192871094 0.0314350128173828
0.0210952758789063 -0.0201034545898438 -0.00622940063476563 0.0398445129394531
0.0204677581787109 -0.0207901000976563 -0.0077972412109375 0.0465278625488281
0.0223674774169922 -0.0274524688720703 -0.0165901184082031 0.0532455444335937
0.0288639068603516 -0.0226345062255859 -0.0366897583007812 0.0445060729980469
0.0394363403320313 -0.00270462036132813 -0.0470619201660156 0.0259208679199219
0.0328159332275391 0.0201683044433594 -0.0379600524902344 -0.00279617309570313
-0.00238800048828125 0.0458946228027344 -0.0141592025756836 -0.0153408050537109
-0.0331344604492188 0.0345897674560547 -0.00626182556152344 0.0244483947753906
-0.046173095703125 0.00350189208984375 -0.070404052734375 0.0484085083007813
0.0176753997802734 0.0246429443359375 0.0731964111328125 -0.0504608154296875
0.0276241302490234 -0.00634384155273438 0.0190258026123047 -0.0234546661376953
0.00474739074707031 -0.01861572265625 0.0148534774780273 0.0166969299316406
-0.0116300582885742 -0.012211799621582 0.0479736328125 0.0106773376464844
-0.0152502059936523 -0.000552177429199216 0.0530738830566406 -0.0227928161621094
-0.0128793716430664 0.00775051116943359 0.0378570556640625 -0.0541419982910156
-0.0101175308227539 0.00488662719726562 0.0155410766601562 -0.0642242431640625
-0.0116167068481445 0.00255680084228516 0.00597381591796875 -0.0534172058105469
-0.0134801864624023 0.000679969787597655 0.00634765625 -0.0458221435546875
-0.010101318359375 -0.00868320465087891 0.00959396362304688 -0.037139892578125
0.000728607177734375 -0.0164680480957031 0.00879287719726562 -0.0314044952392578
0.0163507461547852 -0.0121879577636719 0.0132369995117188 -0.0345535278320313
0.0276908874511719 0.00711822509765625 0.0201225280761719 -0.0450439453125
0.0242118835449219 0.0294914245605469 0.0351753234863281 -0.0665016174316406
0.00857925415039063 0.0413360595703125 0.0499114990234375 -0.0709381103515625
-0.00665664672851563 0.0518798828125 0.0780868530273438 -0.0355453491210938
0.0192279815673828 0.0256690979003906 0.0242233276367188 -0.0131626129150391
0.0140190124511719 0.0105705261230469 0.0170669555664063 0.0231742858886719
0.0121726989746094 0.0009918212890625 0.0525093078613281 0.0156059265136719
0.0079960823059082 -0.00296831130981445 0.0583114624023438 -0.0192337036132813
0.0061798095703125 -0.00980281829833984 0.0417976379394531 -0.0534133911132812
0.00104904174804687 -0.0163841247558594 0.0174064636230469 -0.06329345703125
0.000333786010742189 -0.0174760818481445 0.00592422485351563 -0.0516471862792969
0.000339508056640625 -0.0221214294433594 0.00557708740234375 -0.0424385070800781
0.0104866027832031 -0.0247459411621094 0.00738143920898438 -0.0363426208496094
0.0264091491699219 -0.0163421630859375 0.00571441650390625 -0.0277061462402344
0.0380401611328125 0.00254058837890625 0.00988388061523438 -0.0294437408447266
0.0286521911621094 0.036590576171875 0.0137748718261719 -0.0399932861328125
0.0109367370605469 0.060577392578125 0.0278549194335938 -0.0562744140625
-0.0156326293945313 0.0656166076660156 0.0427017211914063 -0.0573768615722656
-0.03375244140625 0.0717926025390625 0.07269287109375 -0.0129165649414062
0.00502014160156249 0.0570220947265625 0.0226669311523437 0.00391006469726563
0.0195426940917969 0.0429458618164062 0.0174465179443359 0.0319099426269531
0.0358161926269531 0.019195556640625 0.0530014038085938 0.022796630859375
0.0336666107177734 -0.00288200378417969 0.0572090148925781 -0.0116806030273438
0.0255775451660156 -0.0248756408691406 0.04266357421875 -0.0456161499023438
0.0127105712890625 -0.0362167358398438 0.0178642272949219 -0.0547943115234375
0.0115318298339844 -0.0352134704589844 0.00467300415039063 -0.0425071716308594
0.0130081176757813 -0.0415916442871094 0.00385475158691407 -0.032196044921875
0.0262184143066406 -0.0386772155761719 0.00137138366699219 -0.0278606414794922
0.0477294921875 -0.0195121765136719 -0.00223541259765625 -0.0203666687011719
0.0554275512695312 0.01055908203125 0.0024566650390625 -0.0249462127685547
0.0327415466308594 0.0579109191894531 0.0058441162109375 -0.0341587066650391
0.003753662109375 0.0824432373046875 0.0206031799316406 -0.0413703918457031
-0.0335845947265625 0.0810165405273438 0.0299758911132813 -0.0367012023925781
-0.0559539794921875 0.0795516967773438 0.0562019348144531 0.0147285461425781
-0.0136184692382813 0.0785675048828125 0.0151634216308594 0.0256118774414063
0.0186386108398438 0.071319580078125 0.013519287109375 0.0418930053710938
0.0520057678222656 0.03857421875 0.0465774536132813 0.0323028564453125
0.0542869567871094 0.00149154663085938 0.0510368347167969 7.62939453125001E-05
0.0433731079101563 -0.0356521606445313 0.0392951965332031 -0.0314254760742188
0.0222320556640625 -0.0502510070800781 0.0164985656738281 -0.0389480590820313
0.0198211669921875 -0.0484237670898438 0.00353240966796875 -0.0269908905029297
0.0210914611816406 -0.0560340881347656 0.00135421752929688 -0.0162458419799805
0.0365943908691406 -0.0492057800292969 -0.00552558898925781 -0.0147867202758789
0.0609664916992188 -0.0219345092773438 -0.0106678009033203 -0.00953006744384766
0.067138671875 0.0143852233886719 -0.00516700744628906 -0.0181350708007813
0.0359420776367188 0.0689849853515625 0.000356674194335939 -0.0274333953857422
-0.00106048583984376 0.0929794311523438 0.0160102844238281 -0.0244293212890625
-0.0455856323242188 0.0858688354492188 0.0128002166748047 -0.0133991241455078
-0.0705718994140625 0.0731277465820313 0.0318641662597656 0.0426826477050781
-0.0329971313476563 0.0845947265625 0.0020294189453125 0.0473861694335938
0.00814056396484376 0.0874557495117188 0.00543975830078126 0.0510711669921875
0.0564994812011719 0.0546646118164063 0.0342864990234375 0.0396308898925781
0.06646728515625 0.00803756713867188 0.0379600524902344 0.0119705200195313
0.0545196533203125 -0.0385589599609375 0.0304241180419922 -0.0128116607666016
0.0300331115722656 -0.0563545227050781 0.0128154754638672 -0.0178260803222656
0.0262298583984375 -0.0523185729980469 0.00104665756225586 -0.00694751739501953
0.0271034240722656 -0.0621910095214844 -0.0024573802947998 0.00400853157043457
0.0430145263671875 -0.0528526306152344 -0.0125055313110352 0.00189971923828125
0.0665321350097656 -0.022064208984375 -0.0193271636962891 0.00246620178222656
0.0694313049316406 0.0168876647949219 -0.0134668350219727 -0.0118446350097656
0.0328521728515625 0.0728607177734375 -0.00309181213378906 -0.0214958190917969
-0.00855255126953125 0.0924530029296875 0.0130367279052734 -0.00784206390380859
-0.0535736083984375 0.0783538818359375 -0.00733947753906251 0.0107870101928711
-0.0708999633789062 0.0528030395507813 0.00269699096679687 0.0652084350585938
-0.04510498046875 0.0708389282226563 -0.0141410827636719 0.0646209716796875
-0.00646209716796874 0.084136962890625 -0.00389480590820312 0.0543136596679688
0.0464324951171875 0.0608711242675781 0.0183601379394531 0.0429229736328125
0.0626945495605469 0.0152740478515625 0.0212440490722656 0.021331787109375
0.0565071105957031 -0.0336265563964844 0.0175361633300781 0.00630092620849609
0.0325469970703125 -0.0522041320800781 0.00654506683349609 0.00520944595336914
0.0277175903320312 -0.0497550964355469 -0.00137615203857422 0.0131978988647461
0.0297279357910156 -0.0588951110839844 -0.00637054443359375 0.0238533020019531
0.0420951843261719 -0.0495109558105469 -0.0205554962158203 0.0184440612792969
0.0644454956054688 -0.0179595947265625 -0.0286159515380859 0.0134449005126953
0.0634498596191406 0.0200920104980469 -0.0207061767578125 -0.00636672973632813
0.0230712890625 0.0703964233398438 -0.00617027282714844 -0.0170450210571289
-0.0185546875 0.0816497802734375 0.00912857055664062 0.00719356536865235
-0.0576820373535156 0.0607490539550781 -0.0275936126708984 0.0318145751953125
-0.0580101013183594 0.0224456787109375 -0.0237197875976563 0.0785140991210938
-0.0460891723632813 0.0438041687011719 -0.0288925170898438 0.0735702514648438
-0.0187225341796875 0.0607643127441406 -0.0121803283691406 0.0528144836425781
0.0271339416503906 0.0522651672363281 0.003662109375 0.0415420532226562
0.0477485656738281 0.0178794860839844 0.00558280944824219 0.0253238677978516
0.0483016967773437 -0.0232009887695312 0.00460624694824219 0.0213947296142578
0.029022216796875 -0.0397300720214844 0.000297546386718751 0.0259990692138672
0.0246505737304687 -0.0390434265136719 -0.00377273559570313 0.0322036743164063
0.0271720886230469 -0.0473823547363281 -0.00999069213867187 0.0414619445800781
0.0373306274414063 -0.0392646789550781 -0.0270805358886719 0.0340442657470703
0.0552024841308594 -0.0114402770996094 -0.0369873046875 0.0221519470214844
0.0508689880371094 0.0221748352050781 -0.0283546447753906 -0.00282478332519531
0.0106620788574219 0.0611457824707031 -0.00939273834228515 -0.0145664215087891
-0.0266227722167969 0.0621528625488281 0.00231170654296875 0.0185890197753906
-0.0552940368652344 0.0353240966796875 -0.048675537109375 0.0455741882324219
-0.0358047485351563 -0.0106925964355469 -0.0390167236328125 0.0813140869140625
-0.0375099182128906 0.00857925415039062 -0.0360031127929688 0.0738677978515625
-0.0247306823730469 0.0274524688720703 -0.0144119262695312 0.0480995178222656
0.005950927734375 0.0339374542236328 -0.00679779052734375 0.0373916625976562
0.0242099761962891 0.0163631439208984 -0.00521087646484375 0.0275688171386719
0.0299911499023438 -0.00974082946777344 -0.00446128845214843 0.0315113067626953
0.0204830169677734 -0.0212287902832031 -0.00400543212890625 0.0396995544433594
0.0180492401123047 -0.0225009918212891 -0.00601577758789063 0.045166015625
0.0210418701171875 -0.0290985107421875 -0.014434814453125 0.0534515380859375
0.0279102325439453 -0.0236625671386719 -0.0347518920898438 0.0445518493652344
0.0389022827148437 -0.00469589233398437 -0.0446319580078125 0.0276336669921875
0.0336647033691406 0.0192737579345703 -0.03729248046875 -0.00220108032226562
-0.00060272216796875 0.0446128845214844 -0.0147209167480469 -0.0143060684204102
-0.0303878784179688 0.0353317260742188 -0.00630950927734375 0.0230808258056641
-0.0452957153320313 0.00499343872070312 -0.0673446655273438 0.0509910583496094
0.0183181762695313 0.0244789123535156 0.0713882446289063 -0.0518875122070313
0.0272579193115234 -0.0064239501953125 0.0179805755615234 -0.0239810943603516
0.00460624694824218 -0.0185222625732422 0.0144119262695313 0.0166263580322266
-0.0117588043212891 -0.01202392578125 0.047576904296875 0.0104637145996094
-0.0148353576660156 -0.000547409057617185 0.0531158447265625 -0.0234336853027344
-0.0123414993286133 0.00825881958007813 0.0363922119140625 -0.0542640686035156
-0.00936698913574219 0.00576305389404297 0.0142555236816406 -0.0639076232910156
-0.0113229751586914 0.00337600708007812 0.00435638427734375 -0.0527267456054688
-0.0129508972167969 0.00120162963867188 0.00476837158203124 -0.0452766418457031
-0.0102777481079102 -0.00856399536132813 0.00769424438476562 -0.0370941162109375
0.000336647033691408 -0.0161352157592773 0.0079803466796875 -0.0324478149414063
0.0161724090576172 -0.0123453140258789 0.0125007629394531 -0.0354347229003906
0.0273818969726563 0.00692939758300781 0.0203094482421875 -0.0449447631835938
0.0246868133544922 0.0293312072753906 0.0339927673339844 -0.0671005249023438
0.00934600830078125 0.0407829284667969 0.0484848022460938 -0.0734024047851563
-0.00648117065429688 0.0520973205566406 0.0774383544921875 -0.0371551513671875
0.0200519561767578 0.0258560180664062 0.0233917236328125 -0.0137481689453125
0.0149621963500977 0.0105133056640625 0.0170955657958984 0.0230197906494141
0.0123682022094727 0.000944137573242188 0.052642822265625 0.0149345397949219
0.00856971740722656 -0.00360298156738281 0.0576324462890625 -0.0195388793945313
0.00536632537841797 -0.00986289978027344 0.0402145385742188 -0.0532302856445313
0.000484466552734373 -0.0169029235839844 0.0162162780761719 -0.0634803771972656
-0.000341415405273439 -0.0174856185913086 0.00407409667968751 -0.0514717102050781
-0.000705718994140626 -0.0217075347900391 0.00448989868164063 -0.0425224304199219
0.00915145874023438 -0.0248966217041016 0.00589370727539062 -0.0362052917480469
0.0258445739746094 -0.0169048309326172 0.00429153442382812 -0.0287151336669922
0.0375785827636719 0.00183486938476563 0.00933837890625 -0.0314598083496094
0.0291099548339844 0.0360679626464844 0.0136604309082031 -0.0394134521484375
0.0127487182617188 0.0604476928710937 0.0277137756347656 -0.0568771362304687
-0.0140228271484375 0.0657806396484375 0.0417823791503906 -0.0591621398925781
-0.03228759765625 0.0722427368164063 0.0721664428710938 -0.0146865844726562
0.006103515625 0.0562171936035156 0.0221843719482422 0.00321006774902344
0.02093505859375 0.0427436828613281 0.0171947479248047 0.0320854187011719
0.036407470703125 0.0181350708007813 0.0530281066894531 0.0222358703613281
0.0340576171875 -0.0040283203125 0.0575904846191406 -0.0120124816894531
0.0247230529785156 -0.0257568359375 0.0419120788574219 -0.0462112426757813
0.01141357421875 -0.0369338989257813 0.0168838500976562 -0.0550041198730469
0.0101203918457031 -0.0354766845703125 0.00341415405273438 -0.042022705078125
0.0108375549316406 -0.0421409606933594 0.0024261474609375 -0.0321331024169922
0.0250167846679688 -0.0395965576171875 -0.000307083129882812 -0.0280055999755859
0.0466117858886719 -0.0207672119140625 -0.00298500061035156 -0.0205039978027344
0.0553932189941406 0.00908660888671875 0.00267982482910157 -0.026336669921875
0.0345497131347656 0.0566787719726563 0.00584793090820313 -0.0336875915527344
0.00624084472656251 0.0825347900390625 0.0203208923339844 -0.0419692993164063
-0.031982421875 0.0815963745117187 0.028350830078125 -0.0386314392089844
-0.054046630859375 0.0806808471679688 0.0568275451660156 0.0136337280273438
-0.0114517211914063 0.0786972045898438 0.0150032043457031 0.0245952606201172
0.02032470703125 0.0711288452148438 0.0133781433105469 0.0423355102539063
0.0532379150390625 0.0368690490722656 0.0468559265136719 0.03173828125
0.0547714233398438 -0.000514984130859375 0.0510520935058594 -0.000110626220703125
0.0414848327636719 -0.0367927551269531 0.0384902954101563 -0.0310783386230469
0.02093505859375 -0.0508651733398438 0.0153045654296875 -0.0390510559082031
0.0185890197753906 -0.0482902526855469 0.00188446044921875 -0.0265979766845703
0.0194740295410156 -0.0563697814941406 0.000333786010742189 -0.0160036087036133
0.0347747802734375 -0.0499534606933594 -0.00659370422363281 -0.01495361328125
0.0597648620605469 -0.0242080688476562 -0.0114173889160156 -0.00970554351806641
0.0671119689941406 0.0122718811035156 -0.005340576171875 -0.0194110870361328
0.037994384765625 0.06787109375 0.000123977661132816 -0.0277519226074219
0.00179290771484376 0.093109130859375 0.0159416198730469 -0.0254573822021484
-0.04388427734375 0.0867233276367188 0.0119657516479492 -0.0146274566650391
-0.0678329467773438 0.0742263793945313 0.0323371887207031 0.0416908264160156
-0.0306930541992188 0.0846939086914063 0.00228118896484375 0.0463752746582031
0.0105133056640625 0.0870895385742188 0.00540542602539063 0.0509719848632813
0.0584793090820312 0.0523834228515625 0.0346221923828125 0.03985595703125
0.0662918090820313 0.00611114501953125 0.0380210876464844 0.011932373046875
0.053466796875 -0.0399284362792969 0.0305976867675781 -0.012786865234375
0.0282440185546875 -0.0569267272949219 0.0117607116699219 -0.0175189971923828
0.0244483947753906 -0.0535202026367188 0.000416755676269533 -0.00708627700805665
0.0245857238769531 -0.0626106262207031 -0.00251412391662598 0.0038912296295166
0.0399665832519531 -0.0540275573730469 -0.0137844085693359 0.00164508819580078
0.0656318664550781 -0.0248603820800781 -0.0202827453613281 0.00236320495605469
0.0698471069335937 0.0147361755371094 -0.0127401351928711 -0.0128450393676758
0.0347747802734375 0.0718765258789063 -0.0034332275390625 -0.0219135284423828
-0.00547027587890624 0.0924301147460938 0.0132455825805664 -0.00764465332031249
-0.0519790649414062 0.0796051025390625 -0.00712394714355469 0.0100650787353516
-0.0693206787109375 0.0544967651367188 0.004638671875 0.0651168823242188
-0.04315185546875 0.0714645385742187 -0.012969970703125 0.0646133422851563
-0.0045623779296875 0.0842514038085937 -0.00400543212890625 0.05413818359375
0.0486068725585937 0.0589828491210937 0.0180282592773438 0.0433998107910156
0.0630874633789063 0.0135574340820312 0.0213890075683594 0.0218448638916016
0.0552978515625 -0.0353851318359375 0.0186042785644531 0.00598526000976562
0.0306739807128906 -0.0534706115722656 0.00718307495117188 0.00518417358398437
0.0261306762695313 -0.0502052307128906 -0.0015716552734375 0.0132608413696289
0.0270652770996094 -0.0598983764648437 -0.00573158264160156 0.0233650207519531
0.0404891967773438 -0.0502815246582031 -0.0202980041503906 0.0190181732177734
0.0639305114746094 -0.0202598571777344 -0.0282974243164063 0.0141563415527344
0.063873291015625 0.0179519653320313 -0.0202827453613281 -0.00682830810546875
0.0254325866699219 0.0694122314453125 -0.0066070556640625 -0.0175018310546875
-0.015777587890625 0.0815887451171875 0.00965118408203125 0.00661563873291016
-0.0559806823730469 0.0623855590820313 -0.0270004272460937 0.0314426422119141
-0.0566520690917969 0.0243377685546875 -0.0215988159179688 0.0793914794921875
-0.0445213317871094 0.0443572998046875 -0.0278167724609375 0.0734939575195313
-0.0173721313476563 0.0612945556640625 -0.0113410949707031 0.0532989501953125
0.0295333862304687 0.0514183044433594 0.00317001342773437 0.0418319702148438
0.0478668212890625 0.0168571472167969 0.005767822265625 0.0268421173095703
0.0467338562011719 -0.0242652893066406 0.00539588928222657 0.0209465026855469
0.0272636413574219 -0.0410232543945313 0.00123405456542969 0.0250949859619141
0.0233306884765625 -0.039337158203125 -0.0034637451171875 0.0319023132324219
0.02581787109375 -0.0483169555664063 -0.0091094970703125 0.0410308837890625
0.0359916687011719 -0.0402679443359375 -0.0271453857421875 0.0341243743896484
0.0544242858886719 -0.0132217407226563 -0.0365867614746094 0.0228347778320313
0.05120849609375 0.0198402404785156 -0.0286521911621094 -0.00291061401367188
0.0126304626464844 0.0607757568359375 -0.0100059509277344 -0.0149879455566406
-0.024871826171875 0.0620689392089844 0.00349044799804687 0.0179805755615234
-0.0544700622558594 0.0363616943359375 -0.0474319458007812 0.0466346740722656
-0.0353317260742188 -0.010040283203125 -0.037017822265625 0.0825958251953125
-0.0361900329589844 0.00928115844726562 -0.0352401733398437 0.0744552612304688
-0.0236434936523437 0.0285816192626953 -0.0142784118652344 0.0481414794921875
0.00724411010742188 0.0333309173583984 -0.00651168823242187 0.0383529663085938
0.02447509765625 0.0158576965332031 -0.00484848022460938 0.0285568237304688
0.0297336578369141 -0.0106773376464844 -0.00372886657714844 0.0312156677246094
0.0197334289550781 -0.0221214294433594 -0.00292587280273437 0.0397987365722656
0.0174522399902344 -0.0231285095214844 -0.0045166015625 0.044891357421875
0.0202617645263672 -0.0297794342041016 -0.0130043029785156 0.0534286499023438
0.0266532897949219 -0.0249290466308594 -0.0334014892578125 0.0453033447265625
0.0388908386230469 -0.00597763061523438 -0.0440864562988281 0.0282020568847656
0.0342426300048828 0.0185508728027344 -0.0366401672363281 -0.001495361328125
0.000244140625000002 0.0447921752929688 -0.0147199630737305 -0.0150222778320312
-0.029510498046875 0.0357284545898438 -0.00583648681640625 0.0227489471435547
-0.0455131530761719 0.00625610351562499 -0.0660820007324219 0.0518798828125
0.0186347961425781 0.0246067047119141 0.0711898803710938 -0.0541152954101562
0.0274391174316406 -0.0072021484375 0.0172100067138672 -0.0246009826660156
0.00478553771972656 -0.0187397003173828 0.0142536163330078 0.0177669525146484
-0.0124845504760742 -0.0118808746337891 0.0487098693847656 0.0101509094238281
-0.0151243209838867 0.000206947326660155 0.0540008544921875 -0.0240707397460938
-0.0126056671142578 0.00873184204101563 0.0356826782226563 -0.0554084777832031
-0.00960254669189453 0.00566673278808594 0.0131797790527344 -0.0648078918457031
-0.0111007690429688 0.00408744812011719 0.00318145751953125 -0.0534286499023438
-0.0135087966918945 0.00191688537597656 0.00313186645507813 -0.0461158752441406
-0.0106363296508789 -0.00824451446533203 0.0069122314453125 -0.0383453369140625
-0.000687599182128907 -0.0160436630249023 0.0071563720703125 -0.0333480834960938
0.0156965255737305 -0.0127849578857422 0.0119819641113281 -0.0368461608886719
0.0278606414794922 0.00615882873535156 0.0211410522460938 -0.0458564758300781
0.0255756378173828 0.0290565490722656 0.0339622497558594 -0.0689430236816406
0.010101318359375 0.0414810180664063 0.0482254028320313 -0.0765609741210937
-0.005859375 0.053497314453125 0.0777740478515625 -0.0395126342773438
0.02081298828125 0.0260066986083984 0.02239990234375 -0.0148258209228516
0.015986442565918 0.0105257034301758 0.0169086456298828 0.0237979888916016
0.0121479034423828 0.000130653381347656 0.0533409118652344 0.0145835876464844
0.00878000259399414 -0.00416278839111328 0.0584945678710938 -0.0202293395996094
0.00485038757324219 -0.00994586944580078 0.0405616760253906 -0.0548896789550781
-0.000243186950683593 -0.0168380737304687 0.0152244567871094 -0.0646896362304688
-0.00113964080810547 -0.017451286315918 0.00294113159179688 -0.0519790649414063
-0.00144195556640625 -0.0217609405517578 0.00300979614257812 -0.0431098937988281
0.00845909118652344 -0.0250282287597656 0.0045623779296875 -0.0370368957519531
0.0258216857910156 -0.0178699493408203 0.00358390808105469 -0.0296669006347656
0.0379867553710938 0.0010223388671875 0.00925827026367188 -0.0331306457519531
0.0306205749511719 0.0360641479492188 0.01422119140625 -0.0399055480957031
0.0141105651855469 0.0610198974609375 0.0277214050292969 -0.0579643249511719
-0.0135002136230469 0.0675430297851562 0.0414886474609375 -0.0624046325683594
-0.0313796997070313 0.0745925903320313 0.072418212890625 -0.0168685913085937
0.00715255737304687 0.0572967529296875 0.0217094421386719 0.00243949890136719
0.022552490234375 0.0429649353027344 0.0169315338134766 0.0330085754394531
0.037445068359375 0.017364501953125 0.05352783203125 0.0226211547851563
0.0344390869140625 -0.00488662719726563 0.0583534240722656 -0.0119514465332031
0.0231704711914063 -0.0271930694580078 0.0417823791503906 -0.0469245910644531
0.0105705261230469 -0.0376930236816406 0.0156631469726563 -0.0556221008300781
0.009124755859375 -0.0362434387207031 0.00176620483398438 -0.0425300598144531
0.00948715209960937 -0.0430755615234375 0.00146484375 -0.0329017639160156
0.0236244201660156 -0.0405120849609375 -0.00145912170410156 -0.0284938812255859
0.0464744567871094 -0.0221519470214844 -0.00388336181640625 -0.0214977264404297
0.0566482543945313 0.00806427001953125 0.00255203247070313 -0.0281219482421875
0.0362472534179688 0.0568199157714844 0.00661277770996094 -0.0344734191894531
0.00823211669921874 0.0836334228515625 0.0206718444824219 -0.0434226989746094
-0.0309295654296875 0.0838623046875 0.0282325744628906 -0.0410919189453125
-0.0534744262695312 0.083221435546875 0.0580978393554688 0.0125007629394531
-0.0101699829101563 0.0795516967773438 0.0152931213378906 0.0242271423339844
0.022064208984375 0.0719146728515625 0.0130081176757813 0.0434837341308594
0.0550727844238281 0.0357666015625 0.0476760864257813 0.0320854187011719
0.0555915832519531 -0.00183868408203125 0.0515861511230469 -0.000152587890625
0.0406570434570313 -0.038482666015625 0.0388984680175781 -0.0321769714355469
0.0196495056152344 -0.0523033142089844 0.0150909423828125 -0.0400962829589844
0.0173988342285156 -0.0491447448730469 0.00113487243652344 -0.0270957946777344
0.0174751281738281 -0.0577011108398437 -0.00105476379394531 -0.0165653228759766
0.0336875915527344 -0.0514717102050781 -0.00799179077148438 -0.0145387649536133
0.0601921081542969 -0.0269851684570313 -0.0122280120849609 -0.0103178024291992
0.0678977966308594 0.0104141235351562 -0.00558280944824218 -0.0209102630615234
0.0404319763183594 0.0680732727050781 0.00025558471679688 -0.0283317565917969
0.00393676757812499 0.0940170288085938 0.0162239074707031 -0.0266284942626953
-0.0430221557617188 0.0891265869140625 0.0116176605224609 -0.0160865783691406
-0.0673294067382812 0.0767745971679688 0.0338325500488281 0.0416450500488281
-0.028839111328125 0.0863037109375 0.00226593017578125 0.0464057922363281
0.0121078491210937 0.0886306762695313 0.00496292114257813 0.0518913269042969
0.0604476928710937 0.0519180297851562 0.0346832275390625 0.0406112670898437
0.0670318603515625 0.00455856323242188 0.0391044616699219 0.0126686096191406
0.0521697998046875 -0.0425338745117188 0.0312290191650391 -0.0136337280273438
0.0264091491699219 -0.0586776733398438 0.0120010375976563 -0.0184497833251953
0.0227279663085938 -0.0549659729003906 -0.000505447387695312 -0.00735044479370118
0.0232009887695312 -0.0646934509277344 -0.00261211395263672 0.00340747833251953
0.0385551452636719 -0.0563545227050781 -0.014561653137207 0.00255393981933593
0.0657844543457031 -0.0271415710449219 -0.0203933715820312 0.00242996215820312
0.0707626342773438 0.0128631591796875 -0.0131435394287109 -0.0138607025146484
0.0373764038085938 0.0720672607421875 -0.00341606140136718 -0.0226821899414062
-0.00340270996093751 0.0939254760742188 0.0135393142700195 -0.00846576690673828
-0.0515594482421875 0.0823898315429688 -0.00711917877197266 0.00913715362548829
-0.0691184997558594 0.0564002990722656 0.00601196289062499 0.0662841796875
-0.042572021484375 0.0731582641601563 -0.0128021240234375 0.0645675659179687
-0.00321197509765624 0.0859451293945313 -0.00456619262695312 0.0555191040039063
0.0506210327148438 0.0583305358886719 0.0183181762695313 0.0447044372558594
0.0647315979003906 0.0116195678710937 0.0221424102783203 0.0228843688964844
0.0545082092285156 -0.0378684997558594 0.0191516876220703 0.00605201721191406
0.029510498046875 -0.0552940368652344 0.0075840950012207 0.00495100021362304
0.0248641967773437 -0.0523185729980469 -0.00183486938476562 0.0132923126220703
0.0256004333496094 -0.0621185302734375 -0.00578880310058594 0.0236015319824219
0.0395050048828125 -0.0524482727050781 -0.0209007263183594 0.0197505950927734
0.0642852783203125 -0.0231781005859375 -0.0283603668212891 0.0144290924072266
0.0657157897949219 0.0163726806640625 -0.0209808349609375 -0.0074462890625
0.0277481079101563 0.0699005126953125 -0.00657463073730469 -0.0182285308837891
-0.0141372680664062 0.0832901000976563 0.00981616973876953 0.00614070892333985
-0.055999755859375 0.0644493103027344 -0.026947021484375 0.0317401885986328
-0.0574378967285156 0.0257110595703125 -0.0195999145507813 0.0814437866210937
-0.0440864562988281 0.0454330444335937 -0.027008056640625 0.0746383666992188
-0.0164909362792969 0.06353759765625 -0.0125541687011719 0.053619384765625
0.0310096740722656 0.050933837890625 0.00324630737304688 0.0434150695800781
0.0488052368164063 0.0157012939453125 0.00564193725585938 0.0277729034423828
0.0461959838867188 -0.0270767211914063 0.00634956359863281 0.0214977264404297
0.0263214111328125 -0.0421295166015625 0.00156974792480469 0.0260200500488281
0.0225372314453125 -0.0414505004882813 -0.00326728820800781 0.0322093963623047
0.0241127014160156 -0.0503196716308594 -0.00856399536132813 0.0415840148925781
0.0350685119628906 -0.0417366027832031 -0.0271110534667969 0.0354118347167969
0.0549736022949219 -0.0152816772460938 -0.0363540649414063 0.0236244201660156
0.05340576171875 0.018798828125 -0.0294113159179688 -0.00324058532714843
0.01446533203125 0.0613746643066406 -0.0105304718017578 -0.0155153274536133
-0.0237197875976562 0.063201904296875 0.00363349914550781 0.0181465148925781
-0.0548973083496094 0.0380020141601562 -0.0472335815429687 0.0474166870117188
-0.0356407165527344 -0.00964736938476563 -0.0358123779296875 0.0855636596679688
-0.0363960266113281 0.0102424621582031 -0.0345001220703125 0.0760421752929687
-0.0234355926513672 0.0293006896972656 -0.014892578125 0.0497398376464844
0.00866127014160157 0.0334644317626953 -0.00693511962890625 0.0395126342773438
0.025421142578125 0.0150871276855469 -0.00421714782714844 0.0299606323242187
0.0293922424316406 -0.0119533538818359 -0.00263023376464843 0.0317935943603516
0.0198287963867188 -0.0230560302734375 -0.00225067138671875 0.0403900146484375
0.0170059204101563 -0.0239620208740234 -0.00382614135742188 0.0454559326171875
0.0196285247802734 -0.0310115814208984 -0.0120201110839844 0.0547714233398438
0.0265159606933594 -0.0264148712158203 -0.0332984924316406 0.0461502075195313
0.0394096374511719 -0.007049560546875 -0.04443359375 0.0293235778808594
0.0354499816894531 0.0181083679199219 -0.0372543334960938 -0.00133514404296875
0.00136184692382812 0.0450935363769531 -0.0155000686645508 -0.0149707794189453
-0.0291481018066406 0.0368270874023438 -0.00540542602539063 0.0232257843017578
-0.0459327697753906 0.0067901611328125 -0.0657119750976563 0.0536460876464844
0.0192432403564453 0.0247802734375 0.0717697143554688 -0.0582962036132813
0.0282783508300781 -0.00822639465332031 0.0162944793701172 -0.0259323120117188
0.0046844482421875 -0.0196704864501953 0.0146770477294922 0.0188331604003906
-0.0135087966918945 -0.0113315582275391 0.0504150390625 0.00928497314453125
-0.0154380798339844 0.000857353210449221 0.0548553466796875 -0.0262031555175781
-0.0125017166137695 0.00990676879882813 0.0351829528808594 -0.0578765869140625
-0.00943851470947266 0.00630855560302735 0.0113525390625 -0.0671119689941406
-0.0111827850341797 0.00504398345947266 0.001617431640625 -0.0549354553222656
-0.0135736465454102 0.00290584564208985 0.00142669677734375 -0.0476455688476563
-0.010920524597168 -0.00746822357177734 0.00576019287109375 -0.0393257141113281
-0.00112247467041016 -0.0161285400390625 0.005706787109375 -0.0360450744628906
0.0155420303344727 -0.0138053894042969 0.0115966796875 -0.0389671325683594
0.0286426544189453 0.00557708740234375 0.0215492248535156 -0.0476303100585938
0.0274085998535156 0.0294742584228516 0.0334091186523438 -0.0720138549804688
0.0121078491210938 0.042388916015625 0.0468978881835938 -0.0820388793945313
-0.00471115112304688 0.0556526184082031 0.0787124633789063 -0.043670654296875
0.0220584869384766 0.0256824493408203 0.02203369140625 -0.0162715911865234
0.0170879364013672 0.0106201171875 0.0179290771484375 0.0249671936035156
0.0131006240844727 -3.71932983398438E-05 0.0556869506835938 0.0141334533691406
0.00899314880371094 -0.00427722930908203 0.0597076416015625 -0.0222625732421875
0.00426292419433594 -0.0108327865600586 0.0398788452148438 -0.0575485229492188
-0.00104904174804688 -0.0178337097167969 0.0130767822265625 -0.0669059753417969
-0.00204277038574219 -0.0176048278808594 0.000827789306640621 -0.0529098510742188
-0.00257492065429688 -0.0220279693603516 0.000827789306640625 -0.0444793701171875
0.00751304626464844 -0.0256824493408203 0.0027618408203125 -0.0380210876464844
0.0252037048339844 -0.0197944641113281 0.00247764587402344 -0.0311775207519531
0.038177490234375 -0.00034332275390625 0.00833892822265625 -0.035247802734375
0.03253173828125 0.0364875793457031 0.0144271850585938 -0.0419235229492188
0.0170135498046875 0.0625038146972656 0.0273666381835937 -0.0609664916992187
-0.0112648010253906 0.0701828002929688 0.0410041809082031 -0.0669097900390625
-0.03033447265625 0.0780487060546875 0.0746231079101563 -0.0199203491210938
0.0095062255859375 0.0582771301269531 0.0216102600097656 0.000856399536132816
0.0248565673828125 0.0439796447753906 0.0179157257080078 0.0346946716308594
0.0391998291015625 0.015655517578125 0.0554580688476563 0.0221748352050781
0.0352745056152344 -0.00664901733398438 0.0594329833984375 -0.0131912231445313
0.0227565765380859 -0.0290794372558594 0.0418586730957031 -0.0489921569824219
0.008514404296875 -0.039886474609375 0.0141716003417969 -0.0575904846191406
0.00736618041992187 -0.0373954772949219 -0.000606536865234375 -0.0433120727539063
0.00778579711914063 -0.0443954467773438 -0.000183105468749996 -0.0340995788574219
0.0226249694824219 -0.0423851013183594 -0.00319671630859375 -0.0294399261474609
0.0465965270996094 -0.0251693725585938 -0.00502586364746093 -0.0226402282714844
0.058380126953125 0.0057830810546875 0.00136756896972656 -0.0300273895263672
0.0393829345703125 0.0576934814453125 0.0062408447265625 -0.0355339050292969
0.0113677978515625 0.08599853515625 0.0204086303710937 -0.0457115173339844
-0.0294265747070312 0.087738037109375 0.0272865295410156 -0.0443992614746094
-0.0525283813476562 0.0875930786132813 0.0599594116210938 0.0102462768554688
-0.00798797607421875 0.0814743041992187 0.0156764984130859 0.0236682891845703
0.0254745483398438 0.0734939575195313 0.013641357421875 0.0451889038085938
0.0579795837402344 0.0339469909667969 0.0495414733886719 0.0324211120605469
0.056915283203125 -0.00424575805664062 0.0534324645996094 -0.000476837158203125
0.0391654968261719 -0.0415878295898438 0.0395736694335938 -0.0341758728027344
0.0175552368164063 -0.0552101135253906 0.013916015625 -0.0414009094238281
0.0151710510253906 -0.0515022277832031 -0.001007080078125 -0.0273952484130859
0.0149002075195312 -0.0603752136230469 -0.00154876708984375 -0.0171756744384766
0.0317878723144531 -0.0541610717773438 -0.0096282958984375 -0.0152587890625
0.0602455139160156 -0.0300483703613281 -0.0132904052734375 -0.0104074478149414
0.0704498291015625 0.0078277587890625 -0.00666618347167968 -0.0227527618408203
0.0438995361328125 0.0688362121582031 -5.53131103515603E-05 -0.0297203063964844
0.00791168212890626 0.097137451171875 0.0163230895996094 -0.0281448364257812
-0.0416641235351562 0.0936126708984375 0.0108299255371094 -0.0183010101318359
-0.0670547485351562 0.0812759399414063 0.0361442565917969 0.041473388671875
-0.0270843505859375 0.0889434814453125 0.00312423706054687 0.0472679138183594
0.0158920288085937 0.0912551879882813 0.00524139404296875 0.0537986755371094
0.0640106201171875 0.0507621765136719 0.0366668701171875 0.0419273376464844
0.0691413879394531 0.00194931030273438 0.0406532287597656 0.0131912231445313
0.0512962341308594 -0.046112060546875 0.0320262908935547 -0.0144538879394531
0.0245170593261719 -0.0615119934082031 0.0114459991455078 -0.0193386077880859
0.0209312438964844 -0.0572891235351563 -0.0016779899597168 -0.00745630264282227
0.0204505920410156 -0.0681495666503906 -0.00356340408325195 0.0035552978515625
0.0367622375488281 -0.0590667724609375 -0.0157909393310547 0.00292682647705078
0.0666275024414063 -0.0312309265136719 -0.0211868286132812 0.00310707092285156
0.0735244750976563 0.00948333740234375 -0.0147104263305664 -0.0147056579589844
0.0412216186523438 0.0731048583984375 -0.00387382507324219 -0.0238075256347656
0.000358581542968741 0.0967330932617187 0.0142679214477539 -0.0102930068969727
-0.0503158569335938 0.0865554809570312 -0.00766181945800782 0.00908184051513672
-0.0688514709472656 0.0600967407226562 0.008819580078125 0.067779541015625
-0.041229248046875 0.0765304565429688 -0.0121498107910156 0.0663566589355469
-0.000144958496093747 0.0886611938476563 -0.0045928955078125 0.0576515197753906
0.0544052124023438 0.0580368041992188 0.0197181701660156 0.0463600158691406
0.0665283203125 0.00978469848632813 0.0234889984130859 0.0241603851318359
0.053558349609375 -0.0410652160644531 0.0207443237304688 0.00529861450195312
0.0271835327148438 -0.0581817626953125 0.00756263732910156 0.00476789474487304
0.0230522155761719 -0.0549201965332031 -0.00198554992675781 0.0139379501342773
0.0231056213378906 -0.0656661987304688 -0.00531578063964844 0.0240917205810547
0.0375137329101563 -0.0557174682617188 -0.0214099884033203 0.02081298828125
0.064666748046875 -0.0269279479980469 -0.0281047821044922 0.0153713226318359
0.0683784484863281 0.0133438110351563 -0.0221099853515625 -0.0076446533203125
0.0315704345703125 0.0713577270507813 -0.00782394409179687 -0.0188884735107422
-0.0108566284179688 0.0858154296875 0.0101499557495117 0.00565719604492188
-0.0556602478027344 0.0687522888183594 -0.0266323089599609 0.0328845977783203
-0.0574989318847656 0.0282974243164063 -0.0174560546875 0.0848007202148438
-0.0441474914550781 0.047393798828125 -0.0262374877929688 0.0774002075195313
-0.0146141052246094 0.0662384033203125 -0.0124740600585937 0.0562705993652344
0.0341987609863281 0.0512466430664063 0.00365066528320313 0.0458526611328125
0.0512275695800781 0.0141067504882813 0.00683593750000001 0.029541015625
0.0457344055175781 -0.0289688110351563 0.00828361511230469 0.0219478607177734
0.0251502990722656 -0.0446357727050781 0.00286865234375 0.0263633728027344
0.0214996337890625 -0.0433998107910156 -0.0023345947265625 0.0330219268798828
0.0218658447265625 -0.0531692504882813 -0.00748443603515625 0.0433120727539063
0.0340652465820313 -0.0445137023925781 -0.0272254943847656 0.0367774963378906
0.0557174682617187 -0.0188865661621094 -0.0366554260253906 0.0253219604492188
0.0552520751953125 0.0166702270507813 -0.0305442810058594 -0.00312042236328125
0.01751708984375 0.0627899169921875 -0.0114679336547852 -0.015899658203125
-0.0221748352050781 0.0654220581054687 0.00475883483886719 0.0182628631591797
-0.0552940368652344 0.0407218933105469 -0.0475273132324219 0.0501441955566406
-0.0365943908691406 -0.00851058959960938 -0.0340194702148437 0.0899505615234375
-0.0371055603027344 0.0114288330078125 -0.0337677001953125 0.0792007446289063
-0.0234622955322266 0.0314903259277344 -0.0151901245117187 0.0513687133789063
0.00989341735839844 0.0338573455810547 -0.00609970092773438 0.0419540405273438
0.0269813537597656 0.0142307281494141 -0.00374221801757813 0.03173828125
0.0292301177978516 -0.0133113861083984 -0.00122070312499999 0.0329971313476563
0.0188007354736328 -0.0245132446289063 -0.000598907470703125 0.0415992736816406
0.0164680480957031 -0.0253944396972656 -0.00243377685546875 0.0466575622558594
0.0184116363525391 -0.0330963134765625 -0.0106468200683594 0.0563583374023438
0.0260200500488281 -0.0281085968017578 -0.0332832336425781 0.0489387512207031
0.0405044555664063 -0.00971221923828125 -0.044097900390625 0.0312080383300781
0.0368881225585938 0.0165748596191406 -0.0384101867675781 -0.000850677490234375
0.00353240966796875 0.0468177795410156 -0.0163640975952148 -0.0160913467407226
-0.0285911560058594 0.0384101867675781 -0.00400543212890625 0.0237598419189453
-0.0472145080566406 0.00799942016601564 -0.0657501220703125 0.0572128295898437
0.0205974578857422 0.0252285003662109 0.0700912475585938 -0.0630760192871094
0.0281257629394531 -0.0102481842041016 0.0146770477294922 -0.0273017883300781
0.0041961669921875 -0.0206336975097656 0.0159664154052734 0.0193519592285156
-0.0138969421386719 -0.0107841491699219 0.0519523620605469 0.00783157348632813
-0.0158538818359375 0.00160789489746093 0.0551109313964844 -0.0297393798828125
-0.0123844146728516 0.010594367980957 0.0330314636230469 -0.0605812072753906
-0.0094137191772461 0.00698471069335938 0.00777816772460938 -0.068878173828125
-0.0109567642211914 0.0060281753540039 -0.00157928466796875 -0.0556144714355469
-0.0138368606567383 0.00461864471435547 -0.00225067138671875 -0.0486373901367188
-0.0122270584106445 -0.00672340393066406 0.002960205078125 -0.0411529541015625
-0.00212574005126953 -0.0161733627319336 0.00372314453125 -0.0371665954589844
0.0151510238647461 -0.0148735046386719 0.0102081298828125 -0.0414924621582031
0.0293140411376953 0.00403022766113281 0.0209884643554688 -0.050018310546875
0.0294342041015625 0.0284957885742188 0.0311737060546875 -0.0753936767578125
0.0146293640136719 0.0430488586425781 0.0430831909179688 -0.0877227783203125
-0.0022430419921875 0.0577659606933594 0.0777969360351563 -0.0488433837890625
0.0240745544433594 0.0247802734375 0.0209465026855469 -0.0180892944335938
0.018463134765625 0.00960159301757812 0.0191402435302734 0.0258827209472656
0.0132455825805664 -0.000788688659667969 0.0567893981933594 0.0123291015625
0.00899887084960938 -0.00527286529541016 0.0602493286132812 -0.0253448486328125
0.00302982330322266 -0.0113182067871094 0.0380401611328125 -0.060638427734375
-0.00230026245117188 -0.0186367034912109 0.00944137573242188 -0.0684814453125
-0.00292587280273437 -0.0174980163574219 -0.00280380249023438 -0.0534172058105469
-0.00418853759765625 -0.0226783752441406 -0.0020904541015625 -0.0457687377929688
0.00605392456054688 -0.0266246795654297 -3.43322753906274E-05 -0.0392379760742188
0.024322509765625 -0.0211162567138672 0.000659942626953128 -0.0325508117675781
0.0394401550292969 -0.00235748291015625 0.00698089599609375 -0.0371322631835937
0.0351142883300781 0.0352439880371094 0.0138969421386719 -0.0438995361328125
0.0208702087402344 0.0628585815429688 0.0253524780273438 -0.064422607421875
-0.00820159912109374 0.07244873046875 0.037322998046875 -0.0716705322265625
-0.0271453857421875 0.0817794799804688 0.0748748779296875 -0.02435302734375
0.0126686096191406 0.0586929321289062 0.0216693878173828 -0.000280380249023434
0.0283546447753906 0.043701171875 0.0193290710449219 0.0358161926269531
0.0407333374023438 0.0137710571289063 0.0576400756835938 0.0209541320800781
0.0347385406494141 -0.00905799865722656 0.0607643127441406 -0.0157585144042969
0.0207843780517578 -0.0314502716064453 0.0402297973632813 -0.0521430969238281
0.00634384155273437 -0.0412254333496094 0.0112876892089844 -0.0597610473632813
0.00526809692382813 -0.0383796691894531 -0.00294113159179687 -0.043609619140625
0.004486083984375 -0.0459518432617187 -0.00299644470214844 -0.0348968505859375
0.0200157165527344 -0.0442428588867187 -0.00538063049316406 -0.0297603607177734
0.0460319519042969 -0.0286026000976562 -0.00688934326171875 -0.0235443115234375
0.0596122741699219 0.00290679931640625 -0.000270843505859368 -0.0317649841308594
0.0432929992675781 0.05670166015625 0.00563812255859375 -0.03759765625
0.0169601440429688 0.0868759155273437 0.0193023681640625 -0.0481033325195312
-0.0256195068359375 0.0914764404296875 0.025238037109375 -0.0480384826660156
-0.0490798950195312 0.092376708984375 0.06158447265625 0.00726699829101563
-0.00390624999999999 0.08306884765625 0.0161705017089844 0.0227947235107422
0.030120849609375 0.074127197265625 0.0151481628417969 0.0463485717773438
0.0611953735351562 0.0313262939453125 0.0515022277832031 0.0319099426269531
0.0573005676269531 -0.00784683227539063 0.05474853515625 -0.0023193359375
0.0371360778808594 -0.0447158813476562 0.0387535095214844 -0.0368003845214844
0.0143775939941406 -0.0572395324707031 0.0114555358886719 -0.0429229736328125
0.0122909545898438 -0.0530471801757812 -0.00301170349121094 -0.0273532867431641
0.0112495422363281 -0.0626640319824219 -0.00345134735107422 -0.0175113677978516
0.0283393859863281 -0.0570869445800781 -0.0114059448242188 -0.0148916244506836
0.0590362548828125 -0.035125732421875 -0.0141458511352539 -0.0107173919677734
0.0719985961914063 0.00366973876953125 -0.00836944580078124 -0.0237655639648438
0.0487251281738281 0.0677070617675781 -0.00101280212402343 -0.030609130859375
0.0136566162109375 0.0984878540039062 0.0153465270996094 -0.0300769805908203
-0.0376968383789063 0.0983810424804688 0.00959205627441406 -0.0201740264892578
-0.0640716552734375 0.0865249633789063 0.0389938354492187 0.0399017333984375
-0.022796630859375 0.0916595458984375 0.00515365600585937 0.0472259521484375
0.0212936401367188 0.0925521850585938 0.00678253173828125 0.0556640625
0.0682830810546875 0.0471992492675781 0.0386505126953125 0.0416107177734375
0.0701522827148438 -0.002227783203125 0.042327880859375 0.01220703125
0.0488853454589844 -0.0501251220703125 0.0320053100585938 -0.0166778564453125
0.020751953125 -0.0643119812011719 0.0106410980224609 -0.0201377868652344
0.0172920227050781 -0.059783935546875 -0.00281238555908203 -0.00723600387573242
0.0159683227539063 -0.0707855224609375 -0.00351762771606445 0.00314140319824218
0.0333900451660156 -0.0625839233398438 -0.0164432525634766 0.00395870208740234
0.0650787353515625 -0.0367622375488281 -0.0216217041015625 0.00362014770507812
0.07525634765625 0.005157470703125 -0.0160646438598633 -0.0152816772460937
0.046142578125 0.071990966796875 -0.00503349304199218 -0.0246753692626953
0.00583648681640625 0.0986404418945313 0.0139598846435547 -0.0117111206054687
-0.0467681884765625 0.091400146484375 -0.0075826644897461 0.00868272781372071
-0.0673179626464844 0.0650634765625 0.0124473571777344 0.0688896179199219
-0.0380630493164062 0.0797653198242188 -0.00968170166015626 0.0677680969238281
0.00479888916015625 0.09088134765625 -0.00299835205078125 0.0595283508300781
0.0588951110839844 0.0553207397460938 0.0216178894042969 0.0473518371582031
0.0685234069824219 0.00577163696289063 0.0254917144775391 0.0246562957763672
0.0517997741699219 -0.0454788208007812 0.0216255187988281 0.00463485717773437
0.0240478515625 -0.0613517761230469 0.00841760635375977 0.00425386428833007
0.0198707580566406 -0.0573616027832031 -0.00206851959228515 0.0144243240356445
0.0185432434082031 -0.068572998046875 -0.00459480285644531 0.0245265960693359
0.0342979431152344 -0.0592308044433594 -0.0211582183837891 0.0223445892333984
0.0640754699707031 -0.0322799682617188 -0.0283718109130859 0.0166797637939453
0.0700645446777344 0.00935745239257813 -0.0234718322753906 -0.00761032104492187
0.0364151000976563 0.070587158203125 -0.0086517333984375 -0.0192584991455078
-0.00609588623046875 0.0878143310546875 0.0111265182495117 0.00459766387939454
-0.0532913208007813 0.07330322265625 -0.0259342193603516 0.0345306396484375
-0.0570259094238281 0.0316200256347656 -0.0133438110351563 0.0874176025390625
-0.0423316955566406 0.0503349304199219 -0.0233917236328125 0.0798797607421875
-0.0114936828613281 0.0689735412597656 -0.0108795166015625 0.058380126953125
0.0383758544921875 0.050201416015625 0.00559616088867188 0.04736328125
0.0527610778808594 0.0112419128417969 0.00902938842773438 0.0308265686035156
0.0448493957519531 -0.0328521728515625 0.00963020324707032 0.0221633911132812
0.0226173400878906 -0.0471878051757813 0.00441551208496094 0.0266056060791016
0.0188980102539062 -0.04534912109375 -0.00117111206054687 0.0342044830322266
0.0185432434082031 -0.055694580078125 -0.00530624389648438 0.0442085266113281
0.0313606262207031 -0.0478248596191406 -0.0260810852050781 0.0393524169921875
0.0558967590332031 -0.0234107971191406 -0.036224365234375 0.0276832580566406
0.0576019287109375 0.01312255859375 -0.0315303802490234 -0.00252532958984375
0.0210952758789062 0.0627555847167969 -0.0126848220825195 -0.0163497924804687
-0.0183601379394531 0.068511962890625 0.0059814453125 0.0176162719726563
-0.0543861389160156 0.0447616577148438 -0.0449943542480469 0.0530509948730469
-0.0374374389648438 -0.00732421875000001 -0.0295944213867188 0.0939559936523438
-0.0372543334960938 0.0133056640625 -0.0306625366210937 0.0828094482421875
-0.0227241516113281 0.0335845947265625 -0.0139045715332031 0.0530204772949219
0.0124130249023438 0.0335903167724609 -0.00484085083007812 0.0439300537109375
0.0279102325439453 0.0126876831054688 -0.00218963623046875 0.0332069396972656
0.0286045074462891 -0.0154838562011719 0.000627517700195313 0.0340499877929687
0.0174617767333984 -0.0260734558105469 0.00191879272460937 0.04217529296875
0.0149612426757813 -0.0270748138427734 -0.000152587890624998 0.0477523803710938
0.0163726806640625 -0.0354156494140625 -0.00769805908203125 0.0582618713378906
0.0245704650878906 -0.0302696228027344 -0.0312118530273438 0.0518722534179687
0.0405921936035156 -0.0124740600585937 -0.0436058044433594 0.0341796875
0.0389900207519531 0.015228271484375 -0.0397300720214844 0.000514984130859378
0.00571441650390625 0.0472221374511719 -0.0175590515136719 -0.0157613754272461
-0.0273284912109375 0.0403556823730469 -0.00305366516113282 0.0240821838378906
-0.0474433898925781 0.0107612609863281 -0.0637664794921875 0.0614128112792969
0.0218963623046875 0.0247039794921875 0.0659027099609375 -0.0671958923339844
0.0276107788085937 -0.0119895935058594 0.0123081207275391 -0.0282268524169922
0.00320816040039062 -0.0207862854003906 0.0167236328125 0.0193843841552734
-0.0145673751831055 -0.0101528167724609 0.0526504516601563 0.00570297241210937
-0.0156087875366211 0.00251483917236328 0.0534820556640625 -0.0324249267578125
-0.0118513107299805 0.0113134384155273 0.0295028686523437 -0.0618896484375
-0.00943470001220703 0.00770950317382812 0.003326416015625 -0.0691680908203125
-0.0103111267089844 0.00698661804199219 -0.00521469116210937 -0.0551605224609375
-0.0130529403686523 0.00550365447998047 -0.00516891479492187 -0.0482292175292969
-0.0129108428955078 -0.00568103790283203 7.62939453125056E-06 -0.0416984558105469
-0.00356101989746094 -0.0156850814819336 0.0010528564453125 -0.0380058288574219
0.0143804550170898 -0.0156650543212891 0.00818252563476563 -0.0427169799804688
0.0294837951660156 0.00250244140625 0.0191764831542969 -0.0514678955078125
0.0312957763671875 0.0268154144287109 0.02685546875 -0.0773468017578125
0.0166664123535156 0.04217529296875 0.03765869140625 -0.0908737182617187
0.000995635986328125 0.0585365295410156 0.074615478515625 -0.0534515380859375
0.0254859924316406 0.0228672027587891 0.0192928314208984 -0.0195713043212891
0.0194435119628906 0.00829315185546875 0.0202083587646484 0.0257911682128906
0.0135679244995117 -0.00232315063476563 0.0579795837402344 0.00992202758789063
0.00804615020751953 -0.0061182975769043 0.0587615966796875 -0.0283966064453125
0.00194644927978516 -0.0112247467041016 0.0343971252441406 -0.0622749328613281
-0.00408554077148437 -0.0181827545166016 0.00542831420898438 -0.06890869140625
-0.00403594970703125 -0.0170145034790039 -0.00568389892578125 -0.0527801513671875
-0.00567626953125 -0.0218734741210938 -0.00505447387695312 -0.0457801818847656
0.00381278991699219 -0.0263042449951172 -0.00254440307617188 -0.0392723083496094
0.0227031707763672 -0.0225486755371094 -0.00183486938476563 -0.0335865020751953
0.0390968322753906 -0.00497055053710937 0.00504302978515625 -0.0388450622558594
0.0368080139160156 0.0333480834960938 0.0124015808105469 -0.0445365905761719
0.0246391296386719 0.0617637634277344 0.02178955078125 -0.06591796875
-0.0041656494140625 0.0732040405273438 0.0327529907226563 -0.0748443603515625
-0.0224990844726563 0.0836257934570312 0.0732803344726563 -0.0290908813476562
0.015960693359375 0.0570335388183594 0.0210666656494141 -0.00179672241210937
0.0314140319824219 0.0421409606933594 0.0205917358398438 0.0358314514160156
0.0417327880859375 0.0108833312988281 0.0584487915039063 0.0189323425292969
0.0340766906738281 -0.0111865997314453 0.0597610473632812 -0.0186653137207031
0.0183944702148437 -0.0323123931884766 0.0373878479003906 -0.0545272827148438
0.0034332275390625 -0.0413551330566406 0.0074920654296875 -0.05975341796875
0.00315475463867188 -0.0386314392089844 -0.00593948364257813 -0.0430335998535156
0.00152587890625 -0.0455284118652344 -0.00558853149414063 -0.0345630645751953
0.0164833068847656 -0.0452461242675781 -0.00786781311035156 -0.0296478271484375
0.0432167053222656 -0.0314865112304688 -0.00841140747070312 -0.0240974426269531
0.0593147277832031 -0.00104522705078125 -0.00226783752441406 -0.0322914123535156
0.0463447570800781 0.0546188354492187 0.00449752807617188 -0.0384025573730469
0.0218276977539063 0.0857391357421875 0.0166435241699219 -0.0499382019042969
-0.020294189453125 0.0933609008789063 0.0216407775878906 -0.0499954223632812
-0.04400634765625 0.0954360961914063 0.0623397827148438 0.00344467163085938
0.000381469726562499 0.08258056640625 0.0167217254638672 0.0211391448974609
0.0348739624023438 0.072479248046875 0.0169181823730469 0.0464706420898438
0.0628700256347656 0.0271949768066406 0.0529632568359375 0.0301094055175781
0.0563278198242188 -0.0114593505859375 0.05523681640625 -0.00438308715820313
0.0331878662109375 -0.0471305847167969 0.0370597839355469 -0.0390052795410156
0.0102005004882813 -0.0578155517578125 0.00898361206054688 -0.0434532165527344
0.00908279418945312 -0.0536766052246094 -0.00511932373046875 -0.0265769958496094
0.00651168823242188 -0.0628738403320313 -0.00506591796875 -0.0173254013061523
0.0240821838378906 -0.0585746765136719 -0.0127830505371094 -0.0141983032226563
0.0566596984863281 -0.0391998291015625 -0.0150995254516602 -0.010859489440918
0.0719680786132812 -0.00119781494140625 -0.00990676879882812 -0.0241718292236328
0.0528221130371094 0.0651664733886719 -0.00234794616699219 -0.0309658050537109
0.0198287963867187 0.0973968505859375 0.013946533203125 -0.0318794250488281
-0.032440185546875 0.100761413574219 0.00789451599121094 -0.0214595794677734
-0.05938720703125 0.0904464721679688 0.0410041809082031 0.0376396179199219
-0.0182113647460937 0.0923233032226563 0.00685501098632812 0.0459976196289063
0.02655029296875 0.0918121337890625 0.00867843627929688 0.0557136535644531
0.07061767578125 0.042572021484375 0.0402297973632813 0.0407371520996094
0.0696220397949219 -0.00662994384765625 0.0431251525878906 0.0114021301269531
0.0448417663574219 -0.0529861450195313 0.0316429138183594 -0.0181884765625
0.0163040161132812 -0.0655975341796875 0.00946617126464844 -0.0205726623535156
0.0135116577148438 -0.0605659484863281 -0.00343847274780273 -0.00652360916137696
0.0103759765625 -0.0712814331054688 -0.00427556037902832 0.00314998626708984
0.0282707214355469 -0.0641899108886719 -0.0169296264648438 0.00458812713623047
0.0622940063476563 -0.0412483215332031 -0.0216121673583984 0.00422668457031249
0.075408935546875 9.918212890625E-05 -0.0175495147705078 -0.0151243209838867
0.0507164001464844 0.0696601867675781 -0.00591087341308594 -0.0243873596191406
0.0121383666992188 0.0976791381835937 0.013702392578125 -0.0134267807006836
-0.0421829223632813 0.0941925048828125 -0.00728368759155274 0.00834846496582032
-0.06390380859375 0.0688323974609375 0.016448974609375 0.0678253173828125
-0.0341796875 0.0810089111328125 -0.00650405883789062 0.0675430297851563
0.00981140136718751 0.0914993286132813 -0.000930786132812501 0.06011962890625
0.0615997314453125 0.0513458251953125 0.0233879089355469 0.0469474792480469
0.068328857421875 0.00129318237304687 0.0269317626953125 0.0240039825439453
0.0483741760253906 -0.0483627319335937 0.0223960876464844 0.003204345703125
0.0198936462402344 -0.0624771118164062 0.00842142105102539 0.00408744812011718
0.0158576965332031 -0.05828857421875 -0.00175666809082031 0.0146780014038086
0.013275146484375 -0.0698776245117188 -0.00349807739257813 0.0244865417480469
0.0296974182128906 -0.0612525939941406 -0.0204486846923828 0.0232219696044922
0.061553955078125 -0.0366897583007813 -0.0271663665771484 0.0179557800292969
0.0707473754882813 0.0046844482421875 -0.0241203308105469 -0.00701713562011719
0.0405769348144531 0.0687408447265625 -0.00986099243164063 -0.0191192626953125
-0.000732421874999997 0.0878677368164063 0.0115518569946289 0.00338077545166016
-0.0490951538085937 0.0760498046875 -0.0242385864257812 0.0349750518798828
-0.0555534362792969 0.034576416015625 -0.00817108154296876 0.08795166015625
-0.039764404296875 0.0528793334960938 -0.01983642578125 0.0805282592773438
-0.00751876831054688 0.0697860717773438 -0.0092315673828125 0.0590362548828125
0.0408439636230469 0.0472679138183594 0.00777435302734375 0.047943115234375
0.0529670715332031 0.00791168212890625 0.0111026763916016 0.0314102172851563
0.0416030883789063 -0.035308837890625 0.0109901428222656 0.0217494964599609
0.019744873046875 -0.04901123046875 0.006195068359375 0.0263996124267578
0.0158576965332031 -0.0464630126953125 0.000337600708007813 0.0339679718017578
0.0143203735351562 -0.0574684143066406 -0.0032196044921875 0.0438652038574219
0.0281257629394531 -0.0499420166015625 -0.0244636535644531 0.0410041809082031
0.0537109375 -0.0270881652832031 -0.0342826843261719 0.0288715362548828
0.0579299926757813 0.00951766967773438 -0.0321025848388672 -0.000829696655273437
0.0248870849609375 0.0614089965820313 -0.0135574340820312 -0.0158615112304687
-0.0147590637207031 0.06915283203125 0.00709438323974609 0.0171623229980469
-0.0518646240234375 0.048126220703125 -0.042266845703125 0.0554084777832031
-0.0376777648925781 -0.00527572631835938 -0.0241470336914063 0.0961227416992188
-0.036651611328125 0.015045166015625 -0.0268096923828125 0.0841293334960938
-0.0207862854003906 0.0357475280761719 -0.0119285583496094 0.0540733337402344
0.0138893127441406 0.0328083038330078 -0.00302886962890625 0.0447654724121094
0.0283393859863281 0.0108013153076172 -0.000383377075195311 0.0341377258300781
0.0275440216064453 -0.0172080993652344 0.00298118591308594 0.0341739654541016
0.0156574249267578 -0.0272026062011719 0.00487899780273437 0.0419082641601562
0.013153076171875 -0.0279026031494141 0.00246429443359375 0.0476531982421875
0.0133132934570312 -0.0367355346679688 -0.0045166015625 0.0579338073730469
0.0223331451416016 -0.0323848724365234 -0.0281333923339844 0.0535964965820313
0.0398712158203125 -0.0152931213378906 -0.0411338806152344 0.0362701416015625
0.0396308898925781 0.0119895935058594 -0.0399322509765625 0.00251007080078125
0.00824737548828125 0.046783447265625 -0.0187530517578125 -0.0151329040527344
-0.0251960754394531 0.0414962768554688 -0.00125694274902344 0.0240707397460938
-0.0470352172851562 0.0134048461914063 -0.0601730346679688 0.0646400451660156
0.0226516723632813 0.0244235992431641 0.0621070861816406 -0.0688667297363281
0.0262126922607422 -0.0128879547119141 0.0104141235351563 -0.0279064178466797
0.00239181518554688 -0.0212497711181641 0.0177898406982422 0.0191993713378906
-0.0146341323852539 -0.00956916809082031 0.0519866943359375 0.00384902954101563
-0.0155019760131836 0.00264835357666015 0.0513687133789063 -0.0335540771484375
-0.0113458633422852 0.0117425918579102 0.0269279479980469 -0.0616798400878906
-0.00890731811523437 0.00807094573974609 0.00037002563476563 -0.0678176879882813
-0.00969123840332031 0.00762653350830078 -0.00698471069335938 -0.0538711547851563
-0.0127115249633789 0.00647640228271484 -0.00748443603515625 -0.0472564697265625
-0.0130233764648437 -0.00481891632080078 -0.00214004516601563 -0.04107666015625
-0.00428295135498047 -0.0148162841796875 -0.000854492187499999 -0.0378799438476563
0.0135955810546875 -0.0163240432739258 0.00645828247070313 -0.0430870056152344
0.0291709899902344 0.00141525268554688 0.0179405212402344 -0.051483154296875
0.0316543579101562 0.0254917144775391 0.0238418579101563 -0.0774002075195313
0.0181427001953125 0.0407257080078125 0.033416748046875 -0.0915908813476563
0.00301361083984376 0.0581207275390625 0.0710296630859375 -0.0554351806640625
0.0257358551025391 0.0212154388427734 0.0171489715576172 -0.0202980041503906
0.0201454162597656 0.00699615478515625 0.0204200744628906 0.0254096984863281
0.0132379531860352 -0.00303173065185547 0.0569648742675781 0.00844192504882813
0.00775909423828125 -0.00624752044677734 0.0568504333496094 -0.0298500061035156
0.000971794128417969 -0.0117053985595703 0.0318527221679688 -0.0621871948242188
-0.00505733489990234 -0.017277717590332 0.00265121459960938 -0.0680465698242188
-0.00460338592529297 -0.0164499282836914 -0.00782012939453125 -0.0513153076171875
-0.00674629211425781 -0.0205440521240234 -0.00728225708007812 -0.0442657470703125
0.00239372253417969 -0.0259876251220703 -0.00482940673828125 -0.038482666015625
0.0211067199707031 -0.023223876953125 -0.0037384033203125 -0.0332851409912109
0.03839111328125 -0.00629806518554688 0.00386428833007813 -0.0389442443847656
0.0378341674804688 0.0315361022949219 0.01141357421875 -0.0449867248535156
0.0267372131347656 0.0595550537109375 0.0196762084960937 -0.066009521484375
-0.00180816650390625 0.072052001953125 0.0291748046875 -0.0753860473632813
-0.0190200805664062 0.0836868286132813 0.0706558227539063 -0.0312118530273437
0.0173912048339844 0.0552444458007813 0.0198497772216797 -0.00319480895996093
0.0329666137695313 0.0399360656738281 0.0210342407226563 0.0352096557617188
0.0409774780273438 0.00867080688476563 0.0582466125488281 0.0171852111816406
0.0324516296386719 -0.0124225616455078 0.0587806701660156 -0.0195808410644531
0.0159702301025391 -0.0324363708496094 0.0353202819824219 -0.0548591613769531
0.000770568847656248 -0.0408515930175781 0.0049285888671875 -0.0593147277832031
0.00101470947265625 -0.0376701354980469 -0.00732421875 -0.0413284301757813
-0.000968933105468753 -0.0446929931640625 -0.00763130187988281 -0.033599853515625
0.0137214660644531 -0.044708251953125 -0.009552001953125 -0.0287246704101563
0.0407257080078125 -0.0330657958984375 -0.00949668884277344 -0.0237979888916016
0.058319091796875 -0.00349044799804688 -0.00312042236328125 -0.0329837799072266
0.0476531982421875 0.0517082214355469 0.00394821166992187 -0.0382347106933594
0.0251083374023437 0.0835494995117188 0.0151901245117188 -0.0505828857421875
-0.0172271728515625 0.0926895141601562 0.0188217163085937 -0.0510940551757812
-0.039947509765625 0.0956802368164063 0.0608253479003906 0.00107574462890626
0.0032196044921875 0.0806961059570313 0.016632080078125 0.0194988250732422
0.0373687744140625 0.0703353881835938 0.0169105529785156 0.0461158752441406
0.0629081726074219 0.0234947204589844 0.0528297424316406 0.0289077758789063
0.0549240112304688 -0.0135459899902344 0.0545158386230469 -0.00513839721679688
0.0301666259765625 -0.0477409362792969 0.0351524353027344 -0.0396804809570313
0.00689315795898437 -0.0575141906738281 0.0069732666015625 -0.043212890625
0.00648117065429687 -0.0529212951660156 -0.00651931762695313 -0.0254478454589844
0.00313186645507813 -0.0618019104003906 -0.00667858123779297 -0.0167903900146484
0.0205612182617188 -0.0581703186035156 -0.0139741897583008 -0.0135507583618164
0.0530509948730469 -0.0410499572753906 -0.0157222747802734 -0.0104923248291016
0.0702896118164063 -0.00424957275390625 -0.010986328125 -0.0243396759033203
0.0544586181640625 0.0623321533203125 -0.00236129760742187 -0.0306015014648437
0.0230484008789063 0.09429931640625 0.0131340026855469 -0.0326652526855469
-0.0282821655273437 0.100273132324219 0.00628280639648437 -0.0226039886474609
-0.0553054809570312 0.0911865234375 0.0416641235351563 0.0349845886230469
-0.0147781372070313 0.090576171875 0.00738143920898437 0.0447578430175781
0.0299835205078125 0.08941650390625 0.00909423828125001 0.0554733276367188
0.0709304809570313 0.0389785766601563 0.04052734375 0.03955078125
0.0678558349609375 -0.0088653564453125 0.0437164306640625 0.0103721618652344
0.0410919189453125 -0.0539474487304688 0.0306358337402344 -0.0191898345947266
0.0125656127929688 -0.0655288696289063 0.00833892822265625 -0.0207805633544922
0.0107002258300781 -0.0599403381347656 -0.00446367263793945 -0.00565576553344727
0.00636291503906251 -0.0706787109375 -0.00491857528686523 0.00316381454467773
0.0242691040039062 -0.0643959045410156 -0.0169286727905273 0.0052499771118164
0.0586776733398437 -0.0435333251953125 -0.0215072631835938 0.00414276123046875
0.0737075805664063 -0.00308990478515625 -0.0174713134765625 -0.0149450302124023
0.0523834228515625 0.0662956237792969 -0.00650596618652343 -0.0242710113525391
0.0159530639648437 0.0951766967773438 0.0129127502441406 -0.0144548416137695
-0.0383758544921875 0.0944061279296875 -0.00765752792358399 0.00798368453979493
-0.0601005554199219 0.069854736328125 0.0184249877929688 0.0660285949707031
-0.0305709838867188 0.080291748046875 -0.00492095947265625 0.0664939880371094
0.0135498046875 0.0898513793945313 -0.000240325927734376 0.0599708557128906
0.0626335144042969 0.04766845703125 0.024200439453125 0.0462875366210938
0.0670509338378906 -0.00127792358398437 0.0280513763427734 0.0238742828369141
0.0443954467773438 -0.0492324829101563 0.0224285125732422 0.00274085998535156
0.0167694091796875 -0.0623626708984375 0.00830554962158203 0.00340414047241211
0.0129547119140625 -0.0580177307128906 -0.00139141082763672 0.0150089263916016
0.00914382934570313 -0.0688133239746094 -0.00291252136230469 0.0236930847167969
0.0256690979003906 -0.0615119934082031 -0.0195350646972656 0.0240440368652344
0.0583534240722656 -0.0392608642578125 -0.0264472961425781 0.0178871154785156
0.0693702697753906 0.00136184692382813 -0.0242080688476562 -0.00630378723144531
0.0425300598144531 0.0657920837402344 -0.0101051330566406 -0.0188331604003906
0.00289916992187501 0.0860595703125 0.0118513107299805 0.00211143493652344
-0.0459060668945313 0.07708740234375 -0.0228252410888672 0.0346336364746094
-0.0530357360839844 0.0362319946289062 -0.004974365234375 0.0872268676757813
-0.037384033203125 0.0528831481933594 -0.0173263549804688 0.0800552368164063
-0.00455474853515625 0.0698280334472656 -0.00812530517578125 0.0589828491210938
0.0416374206542969 0.0448265075683594 0.00870513916015625 0.0474281311035156
0.0527000427246094 0.00554275512695313 0.0121612548828125 0.0313014984130859
0.0388717651367188 -0.0364990234375 0.0122909545898438 0.0211143493652344
0.0167350769042969 -0.0488166809082031 0.00741195678710937 0.0252952575683594
0.0135650634765625 -0.0467109680175781 0.00172996520996094 0.0335273742675781
0.0106201171875 -0.0570564270019531 -0.00133132934570312 0.0428009033203125
0.0246810913085938 -0.0507621765136719 -0.0223045349121094 0.0406036376953125
0.0513954162597656 -0.0299263000488281 -0.0326137542724609 0.0292911529541016
0.0575141906738281 0.0069427490234375 -0.0317726135253906 -3.81469726562908E-06
0.0270919799804688 0.0598297119140625 -0.013911247253418 -0.0157384872436523
-0.011260986328125 0.0683479309082031 0.00802707672119141 0.0158929824829102
-0.04937744140625 0.0489501953125 -0.0398178100585937 0.0555992126464844
-0.0369796752929687 -0.0042572021484375 -0.02008056640625 0.095672607421875
-0.0358200073242188 0.0160751342773438 -0.0237960815429688 0.083984375
-0.0192070007324219 0.0362396240234375 -0.0107688903808594 0.053924560546875
0.015106201171875 0.0316543579101563 -0.00194168090820312 0.045196533203125
0.0282268524169922 0.00942420959472656 0.00110054016113282 0.0344905853271484
0.0258312225341797 -0.0181007385253906 0.00480270385742188 0.0332355499267578
0.0144424438476563 -0.0278091430664063 0.00664520263671875 0.0411567687988281
0.0116367340087891 -0.0283489227294922 0.0042266845703125 0.0468711853027344
0.0108528137207031 -0.037139892578125 -0.0019683837890625 0.05657958984375
0.0202751159667969 -0.0330982208251953 -0.0259208679199219 0.0533103942871094
0.0386390686035156 -0.0169448852539063 -0.0392684936523438 0.0368499755859375
0.0397453308105469 0.0104866027832031 -0.038970947265625 0.00411224365234376
0.00998306274414063 0.046051025390625 -0.0188369750976563 -0.0142879486083984
-0.0232658386230469 0.0416412353515625 -0.000123977661132812 0.0231876373291016
-0.0460472106933594 0.01483154296875 -0.0567817687988281 0.0651321411132813
0.0228481292724609 0.0241584777832031 0.0598258972167969 -0.0687026977539062
0.0253925323486328 -0.0132846832275391 0.00886917114257813 -0.0281028747558594
0.00225639343261719 -0.0217552185058594 0.0176734924316406 0.0195903778076172
-0.0141801834106445 -0.00966930389404297 0.0513496398925781 0.00347900390625
-0.0152168273925781 0.00285053253173828 0.0504226684570313 -0.0338211059570313
-0.0117721557617188 0.0120306015014648 0.0263023376464844 -0.06097412109375
-0.00904273986816406 0.00849056243896485 -0.000457763671874994 -0.0668601989746094
-0.00932121276855469 0.00754833221435547 -0.00778961181640625 -0.0530242919921875
-0.0117788314819336 0.00693321228027344 -0.00833892822265625 -0.046600341796875
-0.0128602981567383 -0.00417995452880859 -0.00262832641601562 -0.0405540466308594
-0.00455188751220703 -0.0148487091064453 -0.00118255615234375 -0.0377731323242188
0.0129899978637695 -0.0163154602050781 0.00626754760742188 -0.0436248779296875
0.028961181640625 0.000804901123046875 0.0181083679199219 -0.0514144897460937
0.0318679809570313 0.0246639251708984 0.0231857299804688 -0.0771026611328125
0.0181312561035156 0.040435791015625 0.0318145751953125 -0.0914459228515625
0.00397491455078126 0.058135986328125 0.0690765380859375 -0.0558013916015625
0.0250968933105469 0.0205078125 0.0158863067626953 -0.0203895568847656
0.0203475952148438 0.00617218017578125 0.0206508636474609 0.0256443023681641
0.0128898620605469 -0.00353717803955078 0.0565986633300781 0.008148193359375
0.00728607177734375 -0.00675058364868164 0.0560493469238281 -0.0297088623046875
0.000327110290527343 -0.0112419128417969 0.0309944152832031 -0.061676025390625
-0.00575923919677734 -0.0169620513916016 0.00157546997070312 -0.06671142578125
-0.00461387634277344 -0.0161237716674805 -0.00820159912109376 -0.0501327514648438
-0.0068511962890625 -0.019927978515625 -0.00854873657226562 -0.0434379577636719
0.00151443481445312 -0.0252895355224609 -0.00574493408203125 -0.0379714965820313
0.0199069976806641 -0.0232925415039063 -0.00415611267089844 -0.0334091186523438
0.037628173828125 -0.00683975219726562 0.00337982177734375 -0.0392036437988281
0.038116455078125 0.03076171875 0.0118751525878906 -0.0450096130371094
0.0276107788085937 0.0583000183105469 0.018951416015625 -0.06622314453125
-0.000709533691406248 0.0717239379882813 0.02777099609375 -0.07550048828125
-0.018280029296875 0.0837173461914063 0.0689849853515625 -0.0323295593261719
0.0172920227050781 0.0539054870605469 0.0179252624511719 -0.00412940979003906
0.0334358215332031 0.0387649536132813 0.0208549499511719 0.0356597900390625
0.0406875610351563 0.00755691528320313 0.0574760437011719 0.0170059204101563
0.0322360992431641 -0.0132503509521484 0.0585098266601563 -0.0197792053222656
0.0144920349121094 -0.0322914123535156 0.0342941284179688 -0.0545921325683594
-0.000568389892578124 -0.040252685546875 0.00424957275390624 -0.0589599609375
0.000736236572265625 -0.0371742248535156 -0.008056640625 -0.0402107238769531
-0.00240707397460938 -0.0438232421875 -0.00815391540527344 -0.0330753326416016
0.0120429992675781 -0.044097900390625 -0.00981521606445312 -0.0282497406005859
0.0388450622558594 -0.0331802368164063 -0.0100841522216797 -0.0240592956542969
0.05706787109375 -0.0046539306640625 -0.00392913818359375 -0.0332469940185547
0.0482406616210938 0.0508651733398438 0.00457382202148438 -0.0383415222167969
0.026275634765625 0.0816268920898438 0.0146751403808594 -0.0505943298339844
-0.0159683227539062 0.092132568359375 0.0177040100097656 -0.0512504577636719
-0.0385971069335937 0.095428466796875 0.0595359802246094 -0.000129699707031244
0.00376129150390626 0.0792922973632813 0.0155506134033203 0.0184135437011719
0.0385704040527344 0.0691070556640625 0.0164222717285156 0.0461692810058594
0.0618324279785156 0.02197265625 0.0519523620605469 0.0286598205566406
0.0535850524902344 -0.0142745971679688 0.0543899536132813 -0.00524520874023438
0.0282516479492188 -0.0470962524414063 0.0346031188964844 -0.0393905639648438
0.00536346435546875 -0.0568313598632813 0.00633621215820313 -0.0425491333007813
0.00536727905273438 -0.0523452758789063 -0.00682640075683593 -0.02447509765625
0.00116348266601563 -0.0610313415527344 -0.00720405578613281 -0.0166778564453125
0.0184974670410156 -0.057464599609375 -0.0145339965820312 -0.0130500793457031
0.0507316589355469 -0.0412254333496094 -0.0160722732543945 -0.0108814239501953
0.0690727233886719 -0.005523681640625 -0.0112972259521484 -0.0243644714355469
0.0553245544433594 0.060577392578125 -0.00208663940429687 -0.0308589935302734
0.0247039794921875 0.0931243896484375 0.0123176574707031 -0.0334205627441406
-0.0268402099609375 0.100044250488281 0.00521278381347656 -0.0224857330322266
-0.0533905029296875 0.0905838012695313 0.0413703918457031 0.0341339111328125
-0.0141754150390625 0.0890274047851563 0.00703048706054687 0.0431251525878906
0.0313873291015625 0.0883865356445313 0.00873184204101563 0.0556068420410156
0.0702476501464844 0.0372695922851563 0.0404243469238281 0.0395927429199219
0.0666580200195313 -0.00967788696289063 0.0439376831054688 0.0107536315917969
0.0389556884765625 -0.0536766052246094 0.0305347442626953 -0.0193500518798828
0.0107879638671875 -0.0649185180664063 0.00761222839355469 -0.0205707550048828
0.00911712646484374 -0.0593910217285156 -0.00447607040405273 -0.00503635406494141
0.00415420532226563 -0.0694427490234375 -0.00479412078857422 0.00290822982788085
0.02197265625 -0.0635185241699219 -0.0168924331665039 0.00525379180908203
0.0564422607421875 -0.0446014404296875 -0.0213375091552734 0.00398826599121093
0.0725021362304688 -0.004486083984375 -0.0180702209472656 -0.0151309967041016
0.0531883239746094 0.0649070739746094 -0.00616073608398437 -0.0243568420410156
0.0173873901367188 0.0938262939453125 0.0126266479492188 -0.0149869918823242
-0.0370864868164063 0.0944900512695313 -0.00777769088745117 0.00676345825195313
-0.0585594177246094 0.0698509216308594 0.0189437866210937 0.0647163391113281
-0.0296554565429688 0.0789947509765625 -0.00456619262695313 0.0646629333496094
0.0147552490234375 0.0889205932617188 -0.0010986328125 0.0594940185546875
0.0621566772460938 0.0459938049316406 0.0238418579101563 0.0464401245117188
0.0659141540527344 -0.00179672241210937 0.0286636352539063 0.0240821838378906
0.0427360534667969 -0.0490760803222656 0.0228347778320313 0.00203895568847656
0.0144691467285156 -0.0616912841796875 0.00834321975708008 0.00304555892944336
0.0118942260742187 -0.0575942993164063 -0.000956535339355468 0.0148220062255859
0.00674057006835937 -0.0679969787597656 -0.00323295593261719 0.0232791900634766
0.0240554809570313 -0.0613632202148438 -0.0191192626953125 0.0235671997070312
0.0559234619140625 -0.0404396057128906 -0.0259265899658203 0.0173778533935547
0.068328857421875 -0.000133514404296875 -0.0244579315185547 -0.00634193420410156
0.0435600280761719 0.0647163391113281 -0.00981712341308594 -0.0192737579345703
0.00421905517578124 0.0850296020507812 0.0118904113769531 0.00160598754882813
-0.0446395874023437 0.0771942138671875 -0.0226840972900391 0.0343132019042969
-0.0523490905761719 0.0361900329589844 -0.0038299560546875 0.0860671997070313
-0.036773681640625 0.0525093078613281 -0.0166091918945313 0.0788192749023438
-0.00397109985351562 0.0696601867675781 -0.0084075927734375 0.0584487915039063
0.0413703918457031 0.0434417724609375 0.00835037231445313 0.0475234985351562
0.0513496398925781 0.00492477416992187 0.0128974914550781 0.0318260192871094
0.0374794006347656 -0.0367012023925781 0.0127582550048828 0.0204734802246094
0.0153656005859375 -0.0486412048339844 0.00805282592773438 0.0250892639160156
0.01275634765625 -0.0465660095214844 0.00217628479003906 0.0332145690917969
0.00882339477539062 -0.0564308166503906 -0.00131607055664063 0.0415573120117188
0.0231437683105469 -0.0503730773925781 -0.0217475891113281 0.0402488708496094
0.04962158203125 -0.0308341979980469 -0.0319766998291016 0.0284976959228516
0.0569915771484375 0.00597763061523438 -0.0310459136962891 -7.24792480468734E-05
0.0278701782226562 0.0584259033203125 -0.0139846801757812 -0.0156278610229492
-0.0100631713867187 0.0675468444824219 0.0079965591430664 0.0150766372680664
-0.0481719970703125 0.0490226745605469 -0.0389366149902344 0.0544395446777344
-0.0366096496582031 -0.00391006469726563 -0.0184402465820313 0.09478759765625
-0.0352134704589844 0.0158462524414063 -0.0229568481445313 0.0831527709960938
-0.018310546875 0.0366592407226562 -0.0111961364746094 0.0532073974609375
0.0152530670166016 0.0307579040527344 -0.00186538696289062 0.0453605651855469
0.0278415679931641 0.00880050659179688 0.00180816650390625 0.0347805023193359
0.025115966796875 -0.0182952880859375 0.00568008422851563 0.0331153869628906
0.0136947631835937 -0.0279426574707031 0.00776290893554688 0.040435791015625
0.011260986328125 -0.0281505584716797 0.00456619262695312 0.0458183288574219
0.010009765625 -0.036712646484375 -0.00130462646484375 0.0553207397460938
0.0190410614013672 -0.0332164764404297 -0.024932861328125 0.0526351928710938
0.0376091003417969 -0.0177536010742188 -0.0378952026367187 0.0359764099121094
0.0391921997070313 0.00963211059570313 -0.03857421875 0.00416946411132813
0.0104713439941406 0.0452041625976562 -0.0186786651611328 -0.0143890380859375
-0.0227851867675781 0.0412254333496094 0.000350952148437497 0.0225067138671875
-0.0452003479003906 0.0151138305664062 -0.054901123046875 0.0647354125976562
0.0233402252197266 0.0255126953125 0.0601425170898437 -0.0690193176269531
0.0255680084228516 -0.0135669708251953 0.00786399841308594 -0.0285568237304688
0.00259017944335937 -0.0220470428466797 0.0175361633300781 0.0204658508300781
-0.0141735076904297 -0.0100059509277344 0.0521621704101563 0.00403976440429687
-0.0155467987060547 0.00284671783447266 0.0507698059082031 -0.0337066650390625
-0.0115814208984375 0.0122184753417969 0.0266799926757812 -0.0611610412597656
-0.00921630859375 0.00867652893066406 -0.000236511230468753 -0.0674972534179688
-0.00897789001464843 0.0078125 -0.0076141357421875 -0.0530815124511719
-0.012028694152832 0.00694751739501953 -0.00870895385742187 -0.0468559265136719
-0.0128593444824219 -0.00377941131591797 -0.00309371948242188 -0.0412368774414063
-0.0048828125 -0.0146503448486328 -0.00139999389648438 -0.0385513305664063
0.0133829116821289 -0.016688346862793 0.00714111328125 -0.0446510314941406
0.0297412872314453 0.000787734985351562 0.019683837890625 -0.0526580810546875
0.0322914123535156 0.0245876312255859 0.0241928100585938 -0.0780715942382813
0.0186729431152344 0.0413360595703125 0.0325851440429688 -0.0928115844726563
0.00407409667968751 0.0600776672363281 0.0694923400878906 -0.0561866760253906
0.0251331329345703 0.0207366943359375 0.0148639678955078 -0.0206184387207031
0.0206832885742188 0.0059967041015625 0.0206317901611328 0.0267429351806641
0.0131025314331055 -0.00403118133544922 0.0574455261230469 0.00902175903320313
0.00719785690307617 -0.00693941116333008 0.0574531555175781 -0.029754638671875
-6.86645507812488E-05 -0.0111751556396484 0.0316238403320313 -0.0619735717773437
-0.00636768341064453 -0.0169858932495117 0.00119781494140625 -0.0676689147949219
-0.0045614242553711 -0.0162839889526367 -0.00815200805664063 -0.0504837036132813
-0.00740814208984375 -0.0197162628173828 -0.00864791870117188 -0.0439376831054688
0.000974655151367188 -0.0248908996582031 -0.00625991821289062 -0.0382843017578125
0.0197887420654297 -0.0232486724853516 -0.00447845458984375 -0.0343379974365234
0.037750244140625 -0.00755691528320313 0.00382614135742187 -0.0409431457519531
0.0386428833007813 0.03131103515625 0.0135002136230469 -0.0461006164550781
0.0281753540039062 0.0586128234863281 0.0198020935058594 -0.0671539306640625
-0.00100708007812499 0.0727691650390625 0.0279769897460938 -0.0770339965820313
-0.0184097290039062 0.0852203369140625 0.0696220397949219 -0.0324249267578125
0.0169677734375 0.0543746948242187 0.0174360275268555 -0.00445079803466797
0.034576416015625 0.0392532348632813 0.0199470520019531 0.0370674133300781
0.0410232543945313 0.00695037841796875 0.0582847595214844 0.01824951171875
0.0323200225830078 -0.0132675170898438 0.0600357055664063 -0.0192527770996094
0.0142307281494141 -0.0321235656738281 0.0355339050292969 -0.0545883178710938
-0.00110244750976563 -0.0406227111816406 0.00369644165039062 -0.059234619140625
0.000816345214843748 -0.0375862121582031 -0.0082550048828125 -0.0403022766113281
-0.00281906127929687 -0.04351806640625 -0.00858688354492187 -0.0334320068359375
0.01165771484375 -0.0439643859863281 -0.0109157562255859 -0.0284366607666016
0.0389976501464844 -0.0333747863769531 -0.0106582641601562 -0.0249347686767578
0.0579185485839844 -0.00510406494140625 -0.00341415405273437 -0.0343914031982422
0.0492095947265625 0.0513267517089844 0.00558853149414062 -0.0397682189941406
0.026519775390625 0.0824508666992188 0.0150642395019531 -0.0522537231445312
-0.0167083740234375 0.0936050415039063 0.0180282592773438 -0.0524215698242187
-0.0392913818359375 0.0968246459960938 0.059814453125 -0.000411987304687494
0.00285339355468749 0.0795440673828125 0.0146007537841797 0.0181961059570313
0.0392837524414063 0.0698204040527344 0.0156211853027344 0.0480918884277344
0.0627365112304688 0.0219497680664063 0.0524787902832031 0.0306625366210938
0.0542755126953125 -0.0141448974609375 0.0559463500976563 -0.00405120849609375
0.0284042358398437 -0.0474014282226563 0.0356025695800781 -0.0399932861328125
0.00471878051757813 -0.0572853088378906 0.006622314453125 -0.0429534912109375
0.00567245483398437 -0.0528144836425781 -0.00671005249023437 -0.0245285034179688
0.000270843505859379 -0.0613479614257813 -0.00810909271240235 -0.0168209075927734
0.0181922912597656 -0.0575675964355469 -0.0148401260375977 -0.0135364532470703
0.0504531860351563 -0.0420875549316406 -0.016636848449707 -0.0117416381835938
0.0696258544921875 -0.00575637817382813 -0.0111579895019531 -0.02532958984375
0.05609130859375 0.0615043640136719 -0.00111579895019531 -0.0319671630859375
0.0251007080078125 0.0938034057617188 0.0131664276123047 -0.0344772338867187
-0.028076171875 0.101943969726563 0.00519371032714844 -0.0232429504394531
-0.0547409057617187 0.0920333862304688 0.0414543151855469 0.0340995788574219
-0.0151596069335938 0.0892562866210938 0.00592803955078124 0.0428390502929688
0.0317840576171875 0.0895538330078125 0.00734710693359375 0.0567169189453125
0.0705947875976563 0.0373001098632813 0.0399131774902344 0.0417060852050781
0.0674667358398438 -0.00973892211914063 0.0451507568359375 0.0119857788085938
0.0387458801269531 -0.0542106628417969 0.0315380096435547 -0.0198650360107422
0.0103607177734375 -0.0647239685058594 0.00812339782714844 -0.0211544036865234
0.00941848754882812 -0.0599174499511719 -0.00434064865112305 -0.00472450256347657
0.0029296875 -0.0700263977050781 -0.00565528869628906 0.00299263000488281
0.02154541015625 -0.0640869140625 -0.0176410675048828 0.00537109374999999
0.0560226440429687 -0.0450973510742187 -0.0217094421386719 0.00316238403320312
0.0730972290039063 -0.004669189453125 -0.0180263519287109 -0.0160789489746094
0.0542755126953125 0.0657386779785156 -0.00537681579589844 -0.0253887176513672
0.0177993774414062 0.0944290161132813 0.01336669921875 -0.0157928466796875
-0.0377960205078125 0.0956039428710938 -0.00865793228149414 0.00684881210327149
-0.0594711303710937 0.0705184936523438 0.0191383361816406 0.0652236938476562
-0.0307998657226562 0.07940673828125 -0.00537872314453125 0.0652542114257813
0.0151901245117187 0.0901565551757812 -0.002349853515625 0.06103515625
0.062835693359375 0.0463333129882813 0.0232200622558594 0.0483856201171875
0.0665321350097656 -0.00177764892578125 0.0293540954589844 0.0254344940185547
0.0427474975585938 -0.0498390197753906 0.0237045288085938 0.001800537109375
0.0141677856445312 -0.0622978210449219 0.00878429412841797 0.00290107727050781
0.0121040344238281 -0.0581283569335938 -0.00105094909667969 0.0157594680786133
0.0057830810546875 -0.0684089660644531 -0.00353050231933594 0.0230464935302734
0.02325439453125 -0.0613899230957031 -0.0197124481201172 0.0234336853027344
0.0560340881347656 -0.0413589477539063 -0.0263824462890625 0.0167694091796875
0.0687828063964844 -0.000415802001953125 -0.0244197845458984 -0.00673866271972657
0.0443572998046875 0.0652198791503906 -0.00973701477050781 -0.0195846557617187
0.00460815429687501 0.0854721069335938 0.0122346878051758 0.000908851623535161
-0.0450668334960938 0.078155517578125 -0.0231609344482422 0.034139633178711
-0.0525894165039062 0.0358009338378906 -0.0040435791015625 0.0867767333984375
-0.0374336242675781 0.0525054931640625 -0.0171356201171875 0.0789031982421875
-0.00360870361328125 0.0705337524414062 -0.0099334716796875 0.0592689514160156
0.0419425964355469 0.0437088012695313 0.00746536254882813 0.0495948791503906
0.0520210266113281 0.00519943237304688 0.0133781433105469 0.0328941345214844
0.0375556945800781 -0.0367355346679688 0.0133743286132813 0.0203952789306641
0.0151138305664063 -0.0490989685058594 0.00809860229492188 0.0248146057128906
0.0125083923339844 -0.0468978881835938 0.00197601318359375 0.0337924957275391
0.00845718383789063 -0.0568885803222656 -0.00174331665039062 0.0418510437011719
0.0225105285644531 -0.05108642578125 -0.0224151611328125 0.0404891967773438
0.0501747131347656 -0.0315208435058594 -0.0321636199951172 0.0284175872802734
0.0573577880859375 0.00569915771484375 -0.0315284729003906 -0.000537872314453129
0.028350830078125 0.0591392517089844 -0.0137796401977539 -0.0158052444458008
-0.01068115234375 0.0673904418945313 0.00896930694580078 0.0149297714233398
-0.0484275817871094 0.0494766235351563 -0.039764404296875 0.0548324584960938
-0.0368309020996094 -0.00436019897460938 -0.0183944702148438 0.0960922241210938
-0.0358924865722656 0.0158882141113281 -0.0231704711914063 0.0834121704101563
-0.0181846618652344 0.0375175476074219 -0.0124931335449219 0.0544166564941406
0.0158748626708984 0.0313510894775391 -0.00282669067382813 0.0470390319824219
0.0284385681152344 0.00928688049316406 0.00200653076171875 0.0355415344238281
0.0254478454589844 -0.0186901092529297 0.00638580322265625 0.0334415435791016
0.0133819580078125 -0.0283088684082031 0.00815200805664062 0.0405693054199219
0.0114326477050781 -0.0285739898681641 0.00481414794921875 0.0465164184570313
0.00944900512695312 -0.0371589660644531 -0.00153732299804687 0.0557823181152344
0.0191802978515625 -0.0337677001953125 -0.0251693725585937 0.0526847839355469
0.0379981994628906 -0.0183792114257813 -0.0382423400878906 0.0356674194335937
0.0399703979492188 0.00961685180664063 -0.0390281677246094 0.00381088256835937
0.0105857849121094 0.046112060546875 -0.0185585021972656 -0.0148506164550781
-0.0231475830078125 0.041778564453125 0.00134658813476562 0.0225811004638672
-0.045623779296875 0.014923095703125 -0.0556907653808594 0.0651321411132813
0.0252838134765625 0.0270252227783203 0.0619277954101563 -0.0715408325195313
0.0263099670410156 -0.0139293670654297 0.00670433044433594 -0.0293598175048828
0.00237655639648438 -0.0233840942382813 0.0188922882080078 0.0218067169189453
-0.0152502059936523 -0.0107898712158203 0.054290771484375 0.00432205200195313
-0.0162849426269531 0.00315952301025391 0.052947998046875 -0.0355300903320313
-0.0122699737548828 0.0133056640625 0.0277557373046875 -0.0634536743164063
-0.00965595245361328 0.00962257385253906 -0.000900268554687505 -0.0699424743652344
-0.00919723510742187 0.00869178771972656 -0.00845718383789063 -0.0549468994140625
-0.0118045806884766 0.00785541534423828 -0.0098724365234375 -0.0481529235839844
-0.0130243301391602 -0.00324726104736328 -0.00374221801757812 -0.0431556701660156
-0.00515937805175781 -0.014923095703125 -0.001708984375 -0.0401611328125
0.0137138366699219 -0.0176353454589844 0.00771713256835937 -0.0469779968261719
0.0307693481445313 9.5367431640625E-05 0.0212440490722656 -0.0552024841308594
0.0339012145996094 0.0253429412841797 0.0246810913085938 -0.0811996459960937
0.0193634033203125 0.0430107116699219 0.0327835083007813 -0.0972747802734375
0.00541687011718751 0.063079833984375 0.0714874267578125 -0.0584487915039063
0.0259552001953125 0.0211353302001953 0.0140914916992188 -0.0221309661865234
0.0220088958740234 0.00576019287109375 0.0215282440185547 0.0286521911621094
0.0135269165039062 -0.00516891479492187 0.0593109130859375 0.00973892211914062
0.00760602951049805 -0.0072026252746582 0.0596275329589844 -0.0307655334472656
-0.000576019287109375 -0.011042594909668 0.0328369140625 -0.0645370483398438
-0.00714111328125 -0.0176486968994141 0.000900268554687493 -0.0699729919433594
-0.00502109527587891 -0.0163516998291016 -0.00907516479492188 -0.0519561767578125
-0.00734710693359375 -0.0199470520019531 -0.010101318359375 -0.0452957153320313
0.000482559204101564 -0.024993896484375 -0.00683212280273438 -0.0397796630859375
0.0198955535888672 -0.0241584777832031 -0.00481414794921875 -0.0358619689941406
0.0390396118164062 -0.00830078125 0.0041961669921875 -0.0430107116699219
0.0408744812011719 0.0324516296386719 0.0143089294433594 -0.0485000610351563
0.0296058654785156 0.0607566833496094 0.020172119140625 -0.0705947875976562
-0.000991821289062494 0.0759506225585938 0.0281600952148437 -0.0810546875
-0.01824951171875 0.0891647338867188 0.0720596313476563 -0.034210205078125
0.0176506042480469 0.0562667846679688 0.0168647766113281 -0.00521373748779296
0.0365257263183594 0.04022216796875 0.0208358764648438 0.0391807556152344
0.0426712036132812 0.0066375732421875 0.0604705810546875 0.019317626953125
0.0334625244140625 -0.0138797760009766 0.0628204345703125 -0.0200653076171875
0.0132160186767578 -0.0333003997802734 0.0364646911621094 -0.0573234558105469
-0.00206375122070312 -0.0420570373535156 0.00343704223632812 -0.0611419677734375
0.000686645507812498 -0.0390396118164062 -0.00837326049804687 -0.0412940979003906
-0.00335311889648437 -0.0452728271484375 -0.00998497009277344 -0.0344772338867188
0.0114288330078125 -0.045074462890625 -0.0116119384765625 -0.0298233032226563
0.0394706726074219 -0.03466796875 -0.0115261077880859 -0.0262680053710938
0.0599288940429688 -0.00574493408203125 -0.0033111572265625 -0.03656005859375
0.0516510009765625 0.0530433654785156 0.00656890869140625 -0.0420074462890625
0.0289840698242187 0.0850143432617188 0.0157356262207031 -0.0544815063476563
-0.0166168212890625 0.0977020263671875 0.017608642578125 -0.0549964904785156
-0.0398635864257813 0.101219177246094 0.0619964599609375 -0.000579833984374994
0.00271606445312499 0.082489013671875 0.0138988494873047 0.0179920196533203
0.0417251586914062 0.0724639892578125 0.0155677795410156 0.0508880615234375
0.0650558471679687 0.0222511291503906 0.0543289184570313 0.032379150390625
0.056427001953125 -0.0150184631347656 0.059051513671875 -0.00382614135742188
0.0280303955078125 -0.0492820739746094 0.0374488830566406 -0.041473388671875
0.00382232666015625 -0.0594062805175781 0.00626373291015625 -0.0444145202636719
0.00514602661132812 -0.0546493530273438 -0.00699043273925781 -0.0247535705566406
-0.000518798828125006 -0.0629730224609375 -0.00881195068359375 -0.0176181793212891
0.0179901123046875 -0.0593757629394531 -0.0160303115844727 -0.0137815475463867
0.0514984130859375 -0.0443115234375 -0.0172433853149414 -0.0127029418945313
0.0721359252929688 -0.0069427490234375 -0.0113716125488281 -0.0271377563476562
0.0592422485351563 0.0637588500976563 -0.000434875488281249 -0.0339889526367187
0.0271987915039062 0.09649658203125 0.0131568908691406 -0.036376953125
-0.0283432006835938 0.106063842773438 0.00464439392089844 -0.0246067047119141
-0.0564117431640625 0.0961074829101563 0.0430335998535156 0.0352973937988281
-0.0156097412109375 0.0926895141601563 0.00555801391601563 0.0435791015625
0.034332275390625 0.0928497314453125 0.00664138793945312 0.0601768493652344
0.0737991333007813 0.0383224487304688 0.0413360595703125 0.0443992614746094
0.069793701171875 -0.010406494140625 0.0477752685546875 0.0129623413085938
0.0389671325683594 -0.0563392639160156 0.0329074859619141 -0.0209426879882813
0.00939559936523437 -0.0678062438964844 0.00775909423828125 -0.0220298767089844
0.00923538208007813 -0.0624923706054688 -0.00449371337890625 -0.00415325164794922
0.00192260742187501 -0.0719451904296875 -0.00644636154174805 0.00315713882446289
0.0208778381347656 -0.0662307739257813 -0.0185966491699219 0.00521659851074218
0.0571517944335938 -0.0475921630859375 -0.0226249694824219 0.00281715393066406
0.0756683349609375 -0.0058746337890625 -0.0182380676269531 -0.0171642303466797
0.0575370788574219 0.0679512023925781 -0.00517463684082031 -0.0267658233642578
0.0198440551757812 0.0973281860351563 0.0138883590698242 -0.017359733581543
-0.0384140014648438 0.100166320800781 -0.00908565521240235 0.00683212280273438
-0.0612335205078125 0.0733795166015625 0.0199241638183594 0.0675201416015625
-0.0319900512695312 0.082275390625 -0.00603866577148437 0.0667495727539063
0.0166702270507812 0.0942230224609375 -0.00342941284179687 0.0639495849609375
0.0653114318847656 0.0475425720214844 0.0237541198730469 0.0513076782226563
0.069427490234375 -0.00183868408203125 0.03173828125 0.0274791717529297
0.0433120727539063 -0.0518608093261719 0.0247535705566406 0.00172996520996093
0.0134620666503906 -0.0653495788574219 0.00908565521240234 0.00281047821044921
0.0114212036132813 -0.0605316162109375 -0.00133514404296875 0.0164117813110352
0.00435638427734375 -0.0708465576171875 -0.00400543212890625 0.0240364074707031
0.0227127075195312 -0.0637779235839844 -0.0207176208496094 0.0244026184082031
0.05657958984375 -0.0438194274902344 -0.0272808074951172 0.0170345306396484
0.0716476440429688 -0.00128173828125 -0.0252552032470703 -0.00769233703613281
0.0471382141113281 0.0674095153808594 -0.00937843322753906 -0.0205287933349609
0.00591278076171874 0.0885086059570313 0.0129194259643555 0.00065994262695313
-0.0464935302734375 0.0818939208984375 -0.0241374969482422 0.0350399017333984
-0.05462646484375 0.0374336242675781 -0.00350189208984376 0.0898666381835938
-0.0389633178710938 0.0543251037597656 -0.0176849365234375 0.081085205078125
-0.00284576416015624 0.0737838745117188 -0.0113029479980469 0.0623626708984375
0.0436019897460937 0.0451316833496094 0.00776290893554688 0.05291748046875
0.0546035766601563 0.00530242919921875 0.0148162841796875 0.0349826812744141
0.0385284423828125 -0.03887939453125 0.0150566101074219 0.0210971832275391
0.0149612426757813 -0.0517654418945313 0.00915718078613281 0.0254726409912109
0.0127449035644531 -0.0490074157714844 0.00238800048828125 0.035614013671875
0.00738525390625 -0.0587692260742187 -0.00173568725585937 0.0429878234863281
0.0219612121582031 -0.0531463623046875 -0.0228004455566406 0.0418777465820313
0.0511856079101563 -0.0335960388183594 -0.0329227447509766 0.029296875
0.0595779418945312 0.00498580932617188 -0.0323848724365234 -0.000400543212890629
0.0301361083984375 0.0613288879394531 -0.0138330459594727 -0.0167646408081055
-0.0101318359375 0.070465087890625 0.00963115692138672 0.0150880813598633
-0.0505485534667969 0.0522117614746094 -0.0404853820800781 0.0566558837890625
-0.0385284423828125 -0.0043792724609375 -0.018280029296875 0.0996551513671875
-0.0370826721191406 0.0168685913085938 -0.0240631103515625 0.086761474609375
-0.0187110900878906 0.0391616821289063 -0.0138282775878906 0.056854248046875
0.0166530609130859 0.0322494506835938 -0.003143310546875 0.0499763488769531
0.0296783447265625 0.00972557067871094 0.00309371948242187 0.0381584167480469
0.0263290405273438 -0.0197391510009766 0.00769996643066407 0.0344944000244141
0.0135307312011719 -0.0300025939941406 0.009246826171875 0.0415687561035156
0.0115165710449219 -0.0300579071044922 0.00526809692382812 0.0481948852539063
0.0092010498046875 -0.0384445190429688 -0.001312255859375 0.0573768615722656
0.0190315246582031 -0.0358085632324219 -0.0260162353515625 0.0547447204589844
0.0392646789550781 -0.0197525024414063 -0.0393524169921875 0.0370216369628906
0.0420455932617188 0.00991439819335938 -0.0402908325195313 0.00339508056640626
0.0115318298339844 0.0480270385742187 -0.0191116333007813 -0.0156345367431641
-0.0240707397460938 0.043426513671875 0.0021209716796875 0.0232410430908203
-0.0476951599121094 0.01593017578125 -0.0567741394042969 0.0672836303710938
0.0281257629394531 0.0279941558837891 0.0626983642578125 -0.0767822265625
0.0269737243652344 -0.0154361724853516 0.0052642822265625 -0.0307998657226562
0.00113868713378906 -0.0254096984863281 0.0206985473632813 0.0227642059326172
-0.0159406661987305 -0.0109682083129883 0.0572662353515625 0.00305938720703125
-0.0171432495117188 0.00312042236328125 0.0542259216308594 -0.0384902954101563
-0.0122509002685547 0.0148715972900391 0.0274925231933594 -0.067047119140625
-0.00968360900878906 0.0108842849731445 -0.0032501220703125 -0.0728988647460938
-0.0088653564453125 0.00925064086914063 -0.0102882385253906 -0.0573921203613281
-0.0120601654052734 0.00905227661132813 -0.0119514465332031 -0.0498886108398438
-0.0141763687133789 -0.00246334075927734 -0.00515365600585937 -0.0446052551269531
-0.00638675689697266 -0.0151987075805664 -0.003143310546875 -0.0427780151367188
0.0133762359619141 -0.019317626953125 0.006591796875 -0.0506935119628906
0.0328998565673828 -0.0007476806640625 0.0213203430175781 -0.0591697692871094
0.03643798828125 0.02520751953125 0.0239944458007813 -0.0865631103515625
0.0220985412597656 0.0454254150390625 0.0309906005859375 -0.103981018066406
0.00816345214843751 0.0667800903320313 0.0729751586914063 -0.06378173828125
0.0279769897460937 0.0214557647705078 0.0128688812255859 -0.0232143402099609
0.0231208801269531 0.00476264953613281 0.0233440399169922 0.0301856994628906
0.0140104293823242 -0.00586032867431641 0.0628929138183594 0.0088348388671875
0.00725984573364258 -0.00835657119750977 0.0616531372070313 -0.0335235595703125
-0.00164222717285156 -0.0112409591674805 0.0328254699707031 -0.0685043334960938
-0.00837230682373047 -0.0174493789672852 -0.00131988525390625 -0.0735092163085937
-0.00554752349853516 -0.0167427062988281 -0.0107307434082031 -0.05364990234375
-0.00872230529785156 -0.0202732086181641 -0.0123329162597656 -0.0468482971191406
-0.000133514404296877 -0.0256862640380859 -0.008941650390625 -0.0418052673339844
0.0195827484130859 -0.0257511138916016 -0.00654983520507812 -0.0379524230957031
0.040771484375 -0.00981903076171875 0.00336837768554688 -0.046295166015625
0.044219970703125 0.0321197509765625 0.014862060546875 -0.0523796081542969
0.0335807800292969 0.06182861328125 0.01922607421875 -0.074859619140625
0.0015869140625 0.08074951171875 0.0268936157226562 -0.0863418579101563
-0.0159530639648438 0.0952606201171875 0.07403564453125 -0.0379791259765625
0.0195198059082031 0.0586509704589844 0.0160140991210938 -0.0062112808227539
0.040130615234375 0.0406723022460938 0.0227546691894531 0.041595458984375
0.0448799133300781 0.00490951538085938 0.0641403198242188 0.0199661254882813
0.0346717834472656 -0.0161342620849609 0.0661582946777344 -0.0225791931152344
0.0125389099121094 -0.0352096557617188 0.0365219116210937 -0.0612144470214844
-0.00432586669921875 -0.0430908203125 0.00168991088867187 -0.0640296936035156
-0.00107955932617188 -0.040771484375 -0.0100631713867188 -0.0425758361816406
-0.00561141967773438 -0.0466728210449219 -0.012115478515625 -0.0355682373046875
0.0101776123046875 -0.0472030639648438 -0.0137004852294922 -0.0309123992919922
0.0394515991210938 -0.0379371643066406 -0.0133037567138672 -0.0274715423583984
0.0625228881835937 -0.00826644897460938 -0.00431060791015624 -0.0393028259277344
0.0571670532226563 0.0537528991699219 0.0065765380859375 -0.0449943542480469
0.0336532592773438 0.0877532958984375 0.0149154663085937 -0.0584754943847656
-0.0147705078125 0.103874206542969 0.016845703125 -0.0586280822753906
-0.0389633178710937 0.108573913574219 0.0648345947265625 -0.00284957885742187
0.00462341308593751 0.0865249633789063 0.0138397216796875 0.0180740356445313
0.0470352172851563 0.0747222900390625 0.0170974731445313 0.0540237426757813
0.0687408447265625 0.0206642150878906 0.0580406188964844 0.033966064453125
0.0584945678710938 -0.0175018310546875 0.0627899169921875 -0.00536346435546875
0.0271453857421875 -0.0519294738769531 0.0377960205078125 -0.0451698303222656
0.00129318237304688 -0.0621719360351563 0.004638671875 -0.0469284057617188
0.00360488891601563 -0.0578460693359375 -0.00832176208496094 -0.0250282287597656
-0.00381851196289062 -0.0655326843261719 -0.0105152130126953 -0.0179481506347656
0.0156211853027344 -0.0624465942382813 -0.0177459716796875 -0.0144290924072266
0.0516548156738281 -0.04779052734375 -0.019317626953125 -0.0133304595947266
0.0751495361328125 -0.0096588134765625 -0.0123558044433594 -0.029205322265625
0.0647163391113281 0.0647926330566406 -0.000865936279296868 -0.0364837646484375
0.0323333740234375 0.100013732910156 0.0134201049804688 -0.0391883850097656
-0.0266189575195312 0.113090515136719 0.00416755676269531 -0.0265464782714844
-0.0563125610351563 0.103134155273438 0.0459938049316406 0.035369873046875
-0.014373779296875 0.0972900390625 0.0057525634765625 0.0453567504882813
0.039581298828125 0.0964279174804688 0.00770187377929688 0.0644798278808594
0.0781631469726563 0.0372772216796875 0.0443954467773438 0.0468940734863281
0.0736007690429688 -0.0129013061523438 0.0520286560058594 0.0126609802246094
0.0386314392089844 -0.0595283508300781 0.0340042114257813 -0.0233802795410156
0.00690460205078125 -0.0710067749023438 0.00789451599121094 -0.0231456756591797
0.00719451904296875 -0.0661163330078125 -0.00495243072509766 -0.00388860702514649
-0.00147247314453124 -0.07513427734375 -0.00760030746459961 0.00348806381225586
0.0192375183105469 -0.0698013305664062 -0.0202484130859375 0.00583457946777344
0.0570106506347656 -0.0520782470703125 -0.0239028930664062 0.00289726257324218
0.0789413452148438 -0.00894927978515625 -0.0198860168457031 -0.0179824829101562
0.0630645751953125 0.0692481994628906 -0.00556755065917968 -0.0284919738769531
0.0241775512695312 0.101081848144531 0.0143470764160156 -0.0189685821533203
-0.0374298095703125 0.107040405273438 -0.00951480865478516 0.00735855102539063
-0.06182861328125 0.0792617797851563 0.0228919982910156 0.0699424743652344
-0.0316314697265625 0.087127685546875 -0.00510406494140626 0.0690078735351563
0.021087646484375 0.0984344482421875 -0.00304031372070313 0.0684356689453125
0.0698356628417969 0.0476150512695312 0.0264396667480469 0.0549240112304688
0.0728912353515625 -0.0038909912109375 0.0347194671630859 0.0280323028564453
0.0428733825683594 -0.0556755065917969 0.0265007019042969 0.000503540039062497
0.01141357421875 -0.0690116882324219 0.00985050201416016 0.0027008056640625
0.00974273681640625 -0.0638504028320313 -0.000728607177734376 0.0179805755615234
0.00172424316406249 -0.0739364624023438 -0.00386810302734375 0.0250053405761719
0.0206565856933594 -0.0676918029785156 -0.0214214324951172 0.0262451171875
0.0575752258300781 -0.0480537414550781 -0.0282726287841797 0.0182723999023438
0.0747756958007813 -0.0041961669921875 -0.026336669921875 -0.00778007507324219
0.0521812438964844 0.0693092346191406 -0.00978088378906249 -0.0217742919921875
0.00959014892578124 0.0922698974609375 0.0143795013427734 -0.000458717346191401
-0.0459365844726563 0.0876083374023438 -0.0239028930664063 0.0375175476074219
-0.0559768676757812 0.0414199829101562 -0.00080108642578125 0.0945281982421875
-0.0395660400390625 0.05816650390625 -0.016815185546875 0.085205078125
-0.000297546386718752 0.0778884887695313 -0.0111656188964844 0.0665931701660156
0.0474090576171875 0.045806884765625 0.00940322875976563 0.0560760498046875
0.057830810546875 0.00396347045898438 0.0172805786132813 0.037200927734375
0.0386199951171875 -0.0418205261230469 0.0169105529785156 0.0213794708251953
0.0134239196777344 -0.0548973083496094 0.0107669830322266 0.0260848999023438
0.0111465454101563 -0.0525054931640625 0.00372314453125 0.0372276306152344
0.0051727294921875 -0.0618705749511719 -0.000885009765624995 0.0453567504882812
0.0207481384277344 -0.056304931640625 -0.0228614807128906 0.0440139770507813
0.0518760681152344 -0.0368614196777344 -0.0338535308837891 0.0309104919433594
0.0630836486816406 0.0030364990234375 -0.0335617065429687 -0.000381469726562504
0.0341453552246094 0.0640907287597656 -0.0145149230957031 -0.0175647735595703
-0.00852966308593751 0.0736160278320313 0.0112524032592773 0.0148773193359375
-0.0512466430664063 0.05682373046875 -0.0408058166503906 0.0603866577148438
-0.0406913757324219 -0.00370407104492187 -0.0158157348632813 0.105072021484375
-0.0391006469726563 0.0188217163085938 -0.0226593017578125 0.0914688110351562
-0.0179786682128906 0.0425910949707031 -0.0137252807617188 0.0605201721191406
0.0187187194824219 0.0336761474609375 -0.00175094604492187 0.0535812377929688
0.0318622589111328 0.00949478149414063 0.00481414794921875 0.0406646728515625
0.0266475677490234 -0.02178955078125 0.00946807861328125 0.0357170104980469
0.0130996704101563 -0.0323047637939453 0.0118179321289063 0.0433769226074219
0.0108966827392578 -0.0324592590332031 0.0070953369140625 0.0504188537597656
0.00811004638671875 -0.0407333374023438 0.000473022460937504 0.060211181640625
0.0184288024902344 -0.0379142761230469 -0.0258903503417969 0.0577812194824219
0.0403518676757812 -0.0222740173339844 -0.0401535034179688 0.0392608642578125
0.0445594787597656 0.00897979736328125 -0.0418281555175781 0.00456619262695313
0.0136337280273438 0.0508346557617187 -0.0203323364257813 -0.0159950256347656
-0.0236892700195312 0.0461692810058594 0.00391387939453125 0.0237579345703125
-0.0491905212402344 0.0182838439941406 -0.057647705078125 0.0718917846679687
0.0319309234619141 0.0275497436523437 0.06005859375 -0.0830307006835938
0.0269012451171875 -0.0178070068359375 0.002349853515625 -0.0313129425048828
-0.000286102294921873 -0.0268440246582031 0.0228672027587891 0.023223876953125
-0.0174236297607422 -0.0109405517578125 0.0590400695800781 0.000225067138671874
-0.0181121826171875 0.00452804565429688 0.0539398193359375 -0.0424919128417969
-0.0118513107299805 0.0168218612670898 0.0250167846679687 -0.0703811645507813
-0.00908946990966797 0.0124807357788086 -0.00777435302734375 -0.0750732421875
-0.00827121734619141 0.0103168487548828 -0.0140037536621094 -0.0587501525878906
-0.0110979080200195 0.0102729797363281 -0.0157241821289062 -0.05108642578125
-0.0144853591918945 -0.000574111938476564 -0.0087432861328125 -0.0459938049316406
-0.00756645202636719 -0.0151205062866211 -0.00587081909179687 -0.0445556640625
0.0129356384277344 -0.0209331512451172 0.00429153442382812 -0.0540428161621094
0.0340232849121094 -0.00333786010742187 0.0189666748046875 -0.0633087158203125
0.0394096374511719 0.0238151550292969 0.0199356079101563 -0.090789794921875
0.0260658264160156 0.0461311340332031 0.025848388671875 -0.110015869140625
0.0134162902832031 0.0691184997558594 0.0718536376953125 -0.0702056884765625
0.0298633575439453 0.0208282470703125 0.0105953216552734 -0.0246028900146484
0.0245819091796875 0.00298118591308594 0.0258293151855469 0.0304927825927734
0.0136203765869141 -0.00756645202636719 0.0656700134277344 0.00620651245117187
0.00687885284423828 -0.00916385650634766 0.0625839233398438 -0.0384597778320313
-0.00270938873291016 -0.0109643936157227 0.029998779296875 -0.0725021362304688
-0.00999259948730469 -0.0165739059448242 -0.00571441650390624 -0.0754547119140625
-0.00683975219726563 -0.0171327590942383 -0.0140457153320313 -0.0550117492675781
-0.0102138519287109 -0.0203418731689453 -0.0160179138183594 -0.0481758117675781
-0.00186538696289063 -0.0259590148925781 -0.0119247436523437 -0.0428504943847656
0.0179557800292969 -0.0275344848632813 -0.00925064086914062 -0.0393753051757813
0.0412979125976563 -0.0130233764648438 0.00112533569335937 -0.0493240356445313
0.0481758117675781 0.0300254821777344 0.0130271911621094 -0.0563430786132813
0.0384864807128906 0.0618820190429688 0.0157470703125 -0.079376220703125
0.007171630859375 0.08441162109375 0.0224761962890625 -0.0915908813476562
-0.0100326538085938 0.100288391113281 0.0741806030273438 -0.043670654296875
0.023590087890625 0.05926513671875 0.0150279998779297 -0.0074472427368164
0.0447502136230469 0.0395164489746094 0.0257301330566406 0.0433273315429688
0.0465087890625 0.00212860107421875 0.0679397583007813 0.0177040100097656
0.0348892211914063 -0.0187969207763672 0.0678291320800781 -0.0271263122558594
0.0105247497558594 -0.0367698669433594 0.0346145629882812 -0.0654335021972656
-0.0074310302734375 -0.0438613891601562 -0.00225067138671874 -0.0662498474121094
-0.00369644165039062 -0.0417022705078125 -0.0128326416015625 -0.0429611206054688
-0.00887680053710937 -0.0472373962402344 -0.014984130859375 -0.0360069274902344
0.00736618041992188 -0.0485992431640625 -0.0168266296386719 -0.0312843322753906
0.0379714965820313 -0.0415382385253906 -0.0154190063476563 -0.028533935546875
0.0639419555664063 -0.0122489929199219 -0.00659942626953125 -0.0419235229492188
0.0629959106445313 0.0519828796386719 0.00465774536132812 -0.0480117797851562
0.0399703979492188 0.0884780883789063 0.0120315551757812 -0.0619049072265625
-0.0089263916015625 0.109565734863281 0.0137596130371094 -0.0626678466796875
-0.033477783203125 0.115638732910156 0.0670051574707031 -0.00665664672851562
0.0094757080078125 0.0893325805664062 0.0139198303222656 0.0176010131835938
0.0537643432617188 0.0740890502929688 0.0206146240234375 0.0560836791992188
0.0721511840820313 0.0170059204101563 0.0620536804199219 0.0334053039550781
0.0598678588867188 -0.0221900939941406 0.0655326843261719 -0.00934600830078125
0.0243148803710938 -0.0550956726074219 0.0370292663574219 -0.0492362976074219
-0.00320816040039062 -0.0638351440429688 0.00235366821289062 -0.048797607421875
-0.000179290771484369 -0.0601272583007813 -0.009521484375 -0.0251598358154297
-0.00825881958007813 -0.0670814514160156 -0.0125637054443359 -0.0178756713867188
0.0118789672851563 -0.065277099609375 -0.0200767517089844 -0.0132865905761719
0.050140380859375 -0.0528335571289062 -0.0208816528320312 -0.0132160186767578
0.0772781372070313 -0.0147705078125 -0.0146217346191406 -0.0307254791259766
0.071807861328125 0.0625228881835938 -0.00226211547851562 -0.0386123657226562
0.039764404296875 0.101112365722656 0.0115509033203125 -0.0421485900878906
-0.0207138061523438 0.119743347167969 0.0025177001953125 -0.0282669067382812
-0.052032470703125 0.111106872558594 0.0498275756835938 0.0342941284179688
-0.0097198486328125 0.102096557617187 0.00728988647460937 0.0458183288574219
0.0474166870117188 0.0976638793945313 0.0110855102539063 0.0674400329589844
0.083404541015625 0.0338592529296875 0.0489425659179688 0.0474815368652344
0.0758209228515625 -0.0180816650390625 0.0553245544433594 0.0105514526367187
0.0357437133789062 -0.0639381408691406 0.0343284606933594 -0.0264148712158203
0.001678466796875 -0.0741729736328125 0.00646591186523437 -0.0243663787841797
0.00305938720703126 -0.0688705444335938 -0.00500392913818359 -0.00309848785400391
-0.00662994384765624 -0.0771484375 -0.00813150405883789 0.00398874282836914
0.0144500732421875 -0.07318115234375 -0.0208206176757813 0.00736427307128906
0.055267333984375 -0.0574378967285156 -0.0250473022460937 0.00376319885253906
0.0814895629882812 -0.0142288208007813 -0.0214271545410156 -0.0185527801513672
0.0705032348632813 0.0672454833984375 -0.00661087036132812 -0.0301437377929688
0.0318603515625 0.102531433105469 0.0137920379638672 -0.0208892822265625
-0.0323028564453125 0.11407470703125 -0.00951576232910156 0.00773715972900391
-0.0596923828125 0.086273193359375 0.0279159545898437 0.0712203979492188
-0.0281982421875 0.092010498046875 -0.0027313232421875 0.0716781616210938
0.0285263061523438 0.101188659667969 -7.62939453125037E-05 0.0722579956054688
0.0751800537109375 0.0451202392578125 0.0303993225097656 0.0568428039550781
0.0760269165039063 -0.0085296630859375 0.0388259887695313 0.0274887084960938
0.0407142639160156 -0.0598487854003906 0.0279464721679688 -0.00104713439941407
0.00685119628906251 -0.0716705322265625 0.0102329254150391 0.00215435028076171
0.00579452514648437 -0.0669326782226562 0.000822067260742189 0.0189590454101562
-0.00334930419921874 -0.0761337280273438 -0.0034637451171875 0.0262985229492187
0.0163116455078125 -0.0709228515625 -0.0212116241455078 0.0283489227294922
0.0559120178222656 -0.0534095764160156 -0.0282173156738281 0.019866943359375
0.0771560668945313 -0.0094757080078125 -0.0276107788085937 -0.00748062133789062
0.0587348937988281 0.0688247680664063 -0.0110378265380859 -0.0226459503173828
0.0156784057617187 0.0946044921875 0.0149440765380859 -0.0018167495727539
-0.0424728393554688 0.0943222045898438 -0.0227165222167969 0.04010009765625
-0.0553398132324219 0.0464096069335937 0.00457763671874999 0.098358154296875
-0.038116455078125 0.0622673034667969 -0.013031005859375 0.0887527465820313
0.00469970703125 0.0810699462890625 -0.0088958740234375 0.0710296630859375
0.0522537231445313 0.04498291015625 0.0129432678222656 0.0591926574707031
0.0603523254394531 0.00077056884765625 0.0210075378417969 0.0382003784179688
0.03704833984375 -0.0459060668945313 0.0187454223632813 0.0207233428955078
0.00968551635742188 -0.0578193664550781 0.0130043029785156 0.0266227722167969
0.00818252563476563 -0.0551071166992188 0.0059661865234375 0.0386428833007813
0.000637054443359379 -0.064208984375 0.00139999389648438 0.0464057922363281
0.0173912048339844 -0.0593719482421875 -0.0217094421386719 0.0472335815429687
0.0511856079101562 -0.0420684814453125 -0.0332813262939453 0.0331954956054688
0.0656509399414063 -0.0008544921875 -0.0346145629882812 0.00113868713378907
0.0397262573242188 0.0641517639160156 -0.0154514312744141 -0.0178565979003906
-0.0045318603515625 0.0767364501953125 0.0131769180297852 0.0138397216796875
-0.0498619079589844 0.0622901916503906 -0.0383033752441406 0.0646553039550781
-0.042327880859375 -0.00171279907226563 -0.0104598999023438 0.110153198242187
-0.0396461486816406 0.0220832824707031 -0.0184402465820313 0.0956649780273437
-0.0160064697265625 0.045867919921875 -0.0116653442382813 0.0637321472167969
0.0217628479003906 0.0337352752685547 0.00127792358398438 0.0569953918457031
0.033905029296875 0.00795364379882813 0.00788116455078125 0.0423507690429688
0.0262584686279297 -0.0240993499755859 0.0122451782226563 0.0360832214355469
0.0110950469970703 -0.0350208282470703 0.0149116516113281 0.0441398620605469
0.00910758972167969 -0.0348224639892578 0.010467529296875 0.0520668029785156
0.00552749633789062 -0.042755126953125 0.00332260131835938 0.0625801086425781
0.0159492492675781 -0.0404624938964844 -0.023681640625 0.0611610412597656
0.0404052734375 -0.0259323120117188 -0.0392036437988281 0.0422401428222656
0.0469589233398438 0.00632476806640625 -0.0431900024414063 0.00634384155273438
0.0175132751464844 0.0522804260253906 -0.0212764739990234 -0.0161418914794922
-0.0220108032226563 0.0495986938476563 0.00623512268066406 0.0238265991210938
-0.0499534606933594 0.0218353271484375 -0.0554656982421875 0.077362060546875
0.0347614288330078 0.0251884460449219 0.0550155639648438 -0.0875091552734375
0.0260086059570313 -0.0195808410644531 -0.000638961791992184 -0.0307235717773438
-0.00211143493652344 -0.0271034240722656 0.0246734619140625 0.0223636627197266
-0.0190601348876953 -0.0102920532226563 0.0593414306640625 -0.00288772583007813
-0.0185012817382813 0.00573921203613281 0.0515060424804688 -0.045013427734375
-0.0105457305908203 0.0182170867919922 0.0208892822265625 -0.07244873046875
-0.00787353515625 0.0139780044555664 -0.0124053955078125 -0.0749130249023438
-0.00733089447021485 0.0110549926757812 -0.0180435180664063 -0.0579566955566406
-0.00996303558349609 0.0111360549926758 -0.0195960998535156 -0.0505752563476563
-0.014216423034668 0.00052070617675781 -0.0119056701660156 -0.0461273193359375
-0.00890445709228515 -0.0142183303833008 -0.00848388671875 -0.045257568359375
0.011444091796875 -0.0224800109863281 0.000732421875000007 -0.0555915832519531
0.0337677001953125 -0.00572586059570313 0.0157699584960937 -0.0650367736816406
0.0412483215332031 0.0213546752929688 0.013946533203125 -0.092041015625
0.0300102233886719 0.045074462890625 0.0185546875 -0.112785339355469
0.0190620422363281 0.0691490173339844 0.0674896240234375 -0.0752334594726563
0.0317039489746094 0.01873779296875 0.00730705261230469 -0.0250244140625
0.0252761840820313 0.000844955444335938 0.0278663635253906 0.0301399230957031
0.0126857757568359 -0.00906848907470703 0.0664253234863281 0.00275039672851562
0.00594043731689453 -0.00997352600097656 0.0609703063964844 -0.0421257019042969
-0.00331687927246094 -0.00994682312011719 0.0258712768554688 -0.0747604370117188
-0.0112037658691406 -0.0156011581420898 -0.0111618041992188 -0.0750732421875
-0.00812625885009766 -0.0162696838378906 -0.0180015563964844 -0.0545539855957031
-0.0114326477050781 -0.0194320678710938 -0.0194587707519531 -0.0470428466796875
-0.00352668762207031 -0.0246963500976563 -0.0149116516113281 -0.0423240661621094
0.0156574249267578 -0.0280323028564453 -0.011871337890625 -0.0396232604980469
0.0403022766113281 -0.0160903930664063 -0.00195693969726562 -0.0511589050292969
0.0508651733398438 0.0264053344726563 0.0100440979003906 -0.0580596923828125
0.0430259704589844 0.0593185424804688 0.0102386474609375 -0.0810089111328125
0.0128936767578125 0.08465576171875 0.0166168212890625 -0.0943832397460938
-0.00305938720703125 0.102096557617188 0.07177734375 -0.0488052368164063
0.0276260375976562 0.0586357116699219 0.0130949020385742 -0.00848007202148437
0.0480117797851563 0.0360984802246094 0.0283393859863281 0.0429115295410156
0.0462799072265625 -0.00169754028320312 0.0697364807128906 0.0145492553710938
0.0338230133056641 -0.0215358734130859 0.0668525695800781 -0.0311355590820312
0.007354736328125 -0.03704833984375 0.030975341796875 -0.0680389404296875
-0.0112037658691406 -0.042938232421875 -0.00675964355468751 -0.0663948059082031
-0.00656890869140625 -0.0412445068359375 -0.0151710510253906 -0.0421066284179688
-0.0121231079101563 -0.0465507507324219 -0.0177669525146484 -0.0351390838623047
0.00373458862304687 -0.0487442016601562 -0.0192546844482422 -0.0298595428466797
0.0347862243652344 -0.0435562133789063 -0.0178966522216797 -0.0279140472412109
0.0633468627929688 -0.0168266296386719 -0.00922393798828125 -0.0429344177246094
0.0671768188476563 0.0476188659667969 0.00227737426757813 -0.0497474670410156
0.0461807250976562 0.085723876953125 0.0084686279296875 -0.0635223388671875
-0.00102996826171876 0.11138916015625 0.0099639892578125 -0.06427001953125
-0.025421142578125 0.119377136230469 0.0670967102050781 -0.0111579895019531
0.0150527954101562 0.0895843505859375 0.0137481689453125 0.0166749954223633
0.0593490600585938 0.07086181640625 0.023681640625 0.0570945739746094
0.07354736328125 0.0119705200195313 0.065155029296875 0.0309715270996094
0.0589637756347656 -0.02655029296875 0.0662498474121094 -0.0131111145019531
0.0202522277832031 -0.0569114685058594 0.0341453552246094 -0.0519523620605469
-0.00842666625976562 -0.0637054443359375 -0.000915527343749995 -0.0485687255859375
-0.00427627563476563 -0.0598831176757813 -0.0110912322998047 -0.0240077972412109
-0.0131340026855469 -0.0662155151367188 -0.0144309997558594 -0.0170812606811523
0.00705718994140625 -0.0653762817382813 -0.0211658477783203 -0.0120029449462891
0.0455665588378906 -0.0564613342285156 -0.0222511291503906 -0.0124721527099609
0.0764923095703125 -0.0205001831054687 -0.0165462493896484 -0.0310897827148438
0.0770034790039063 0.0577850341796875 -0.00383758544921874 -0.0402030944824219
0.0466461181640625 0.0980377197265625 0.0086669921875 -0.0435676574707031
-0.013092041015625 0.122817993164063 0.000625610351562498 -0.0288600921630859
-0.0447235107421875 0.115440368652344 0.0520820617675781 0.0310630798339844
-0.0036773681640625 0.103004455566406 0.00895309448242187 0.0451469421386719
0.0548019409179687 0.095703125 0.0144500732421875 0.0688362121582031
0.0857772827148437 0.0280838012695312 0.0523796081542969 0.0461273193359375
0.07525634765625 -0.0233230590820313 0.0574455261230469 0.00768280029296875
0.0312080383300781 -0.066253662109375 0.0327987670898438 -0.0286445617675781
-0.00356292724609376 -0.073944091796875 0.00500297546386719 -0.0247344970703125
-0.0015411376953125 -0.069244384765625 -0.00464534759521484 -0.00211811065673829
-0.0126190185546875 -0.0760879516601562 -0.00828790664672852 0.00493955612182617
0.00868988037109374 -0.073883056640625 -0.0211219787597656 0.00909996032714843
0.0509834289550781 -0.0610427856445313 -0.0253868103027344 0.00480461120605468
0.0804824829101562 -0.0201034545898438 -0.0227088928222656 -0.0186786651611328
0.0757598876953125 0.063140869140625 -0.00852584838867187 -0.0310306549072266
0.03857421875 0.1004638671875 0.0128459930419922 -0.0226993560791016
-0.02490234375 0.117691040039063 -0.00901317596435547 0.00810337066650391
-0.0544052124023437 0.0909652709960938 0.0326156616210938 0.0693168640136719
-0.0233306884765625 0.0945816040039063 0.000968933105468747 0.07110595703125
0.0352935791015625 0.100288391113281 0.003662109375 0.0743331909179688
0.07861328125 0.0405197143554687 0.0346221923828125 0.0570640563964844
0.0760040283203125 -0.0139312744140625 0.0421104431152344 0.0259819030761719
0.0364227294921875 -0.0625572204589844 0.027496337890625 -0.00332450866699219
0.000862121582031252 -0.0723800659179688 0.0107908248901367 0.00136947631835937
0.00128936767578125 -0.0679473876953125 0.00213623046875 0.0196571350097656
-0.0092620849609375 -0.0757904052734375 -0.00211906433105469 0.0269336700439453
0.0107879638671875 -0.0719833374023438 -0.0200290679931641 0.0299587249755859
0.0518722534179688 -0.0573921203613281 -0.0277328491210937 0.0214557647705078
0.0771102905273438 -0.0146026611328125 -0.0284023284912109 -0.00660324096679687
0.0644035339355469 0.0651512145996094 -0.0121593475341797 -0.0231552124023437
0.0219802856445312 0.0935592651367188 0.0153589248657227 -0.00376892089843749
-0.0368270874023438 0.0982818603515625 -0.0203819274902344 0.0415000915527344
-0.0531883239746094 0.0502052307128906 0.0107955932617187 0.0982818603515625
-0.0348243713378906 0.0653419494628906 -0.00820159912109376 0.0895004272460938
0.0101776123046875 0.08203125 -0.00510406494140625 0.0730972290039063
0.0549812316894531 0.0420417785644531 0.0169830322265625 0.0598220825195313
0.0611343383789063 -0.00319290161132813 0.0244560241699219 0.0375785827636719
0.0339088439941406 -0.0482826232910156 0.02099609375 0.0192489624023437
0.00478744506835937 -0.0593948364257813 0.0151462554931641 0.0260353088378906
0.00411605834960937 -0.0559272766113281 0.0092620849609375 0.038909912109375
-0.0042572021484375 -0.0643806457519531 0.00406265258789063 0.0470237731933594
0.0127296447753906 -0.0608749389648438 -0.0192985534667969 0.0487785339355469
0.0481529235839844 -0.0458869934082031 -0.0315628051757813 0.0350666046142578
0.0660438537597656 -0.00538253784179688 -0.0351085662841797 0.00275993347167969
0.04449462890625 0.0625839233398438 -0.0161256790161133 -0.0173330307006836
0.00101470947265624 0.0773468017578125 0.0145339965820313 0.011845588684082
-0.0459480285644531 0.0661849975585937 -0.0343742370605469 0.0678482055664063
-0.0426025390625 0.000835418701171878 -0.00305175781249999 0.111198425292969
-0.0388679504394531 0.0247268676757813 -0.01275634765625 0.0968704223632813
-0.0128593444824219 0.0479736328125 -0.00824737548828125 0.0661544799804688
0.0243072509765625 0.0323505401611328 0.00524520874023438 0.0583534240722656
0.0352401733398438 0.00563430786132813 0.0114898681640625 0.0428352355957031
0.0242557525634766 -0.0262069702148438 0.0149116516113281 0.0354499816894531
0.00827407836914063 -0.0363883972167969 0.0178413391113281 0.0428390502929688
0.00659942626953125 -0.0359344482421875 0.014434814453125 0.0519332885742188
0.00193405151367188 -0.0436820983886719 0.006805419921875 0.0622787475585938
0.0130195617675781 -0.0415725708007813 -0.0204353332519531 0.0631523132324219
0.0388221740722656 -0.0292549133300781 -0.0374298095703125 0.0448074340820313
0.047821044921875 0.003173828125 -0.042816162109375 0.00891876220703126
0.0213699340820313 0.0515823364257813 -0.0223159790039063 -0.0152206420898437
-0.019287109375 0.0514183044433594 0.00856208801269531 0.02239990234375
-0.0485801696777344 0.0254440307617187 -0.0504226684570312 0.081451416015625
0.03643798828125 0.0234832763671875 0.0504150390625 -0.0889739990234375
0.0248870849609375 -0.0206546783447266 -0.00308799743652343 -0.0298538208007813
-0.00369071960449219 -0.0272693634033203 0.0252838134765625 0.0217094421386719
-0.0198688507080078 -0.00965309143066406 0.0585365295410156 -0.004547119140625
-0.0183773040771484 0.00669479370117188 0.0490989685058594 -0.0465507507324219
-0.00930595397949218 0.0192813873291016 0.0184249877929687 -0.0722122192382813
-0.00659561157226563 0.01470947265625 -0.0153732299804687 -0.0731124877929688
-0.00622272491455078 0.0111141204833984 -0.0200996398925781 -0.056488037109375
-0.00898075103759766 0.011383056640625 -0.0217742919921875 -0.0486221313476563
-0.0138368606567383 0.00167942047119141 -0.0142440795898437 -0.045440673828125
-0.0101184844970703 -0.0128593444824219 -0.01055908203125 -0.0448150634765625
0.00962448120117188 -0.0229835510253906 -0.00145339965820313 -0.0563011169433594
0.0330810546875 -0.00785446166992188 0.013031005859375 -0.0651817321777344
0.0417747497558594 0.0191307067871094 0.01068115234375 -0.0911026000976563
0.032073974609375 0.0430412292480469 0.0130691528320313 -0.112899780273438
0.022979736328125 0.067474365234375 0.0633926391601563 -0.0776748657226563
0.0317478179931641 0.0172920227050781 0.00526809692382813 -0.0244579315185547
0.0249137878417969 -0.000848770141601563 0.0289287567138672 0.0296478271484375
0.0114774703979492 -0.01019287109375 0.0660591125488281 0.00101470947265625
0.00487613677978516 -0.0103025436401367 0.0585708618164062 -0.0438766479492187
-0.00414180755615234 -0.00910854339599609 0.0225296020507813 -0.0747146606445313
-0.0119647979736328 -0.0138263702392578 -0.0142135620117187 -0.0738296508789063
-0.00835514068603515 -0.0158271789550781 -0.019927978515625 -0.0527420043945313
-0.0118999481201172 -0.0180511474609375 -0.0215950012207031 -0.0451736450195313
-0.00452995300292969 -0.0240592956542969 -0.0172576904296875 -0.0413627624511719
0.0142898559570313 -0.0281963348388672 -0.0133819580078125 -0.0392990112304688
0.0392608642578125 -0.0181427001953125 -0.00469207763671874 -0.0513687133789062
0.0514183044433594 0.0233345031738281 0.00783157348632813 -0.0584716796875
0.0447769165039063 0.0560150146484375 0.0068359375 -0.0802154541015625
0.0174026489257812 0.0838699340820312 0.011566162109375 -0.0944442749023438
0.00293731689453126 0.101425170898438 0.0693359375 -0.0518951416015625
0.0293235778808594 0.057037353515625 0.0109062194824219 -0.00871467590332031
0.0491905212402344 0.033416748046875 0.0299034118652344 0.042633056640625
0.0453453063964844 -0.00426101684570313 0.0696372985839844 0.0125236511230469
0.0320777893066406 -0.0230789184570313 0.0655021667480469 -0.0334625244140625
0.00531768798828125 -0.0360870361328125 0.0279693603515625 -0.0684852600097656
-0.013275146484375 -0.0412101745605469 -0.00966644287109375 -0.0654525756835938
-0.00846481323242188 -0.0406913757324219 -0.0166282653808594 -0.0406227111816406
-0.0140914916992188 -0.0448493957519531 -0.0193386077880859 -0.0336971282958984
0.00134658813476562 -0.0471916198730469 -0.0205745697021484 -0.0292720794677734
0.0319480895996094 -0.0443115234375 -0.0186195373535156 -0.0276470184326172
0.0618171691894531 -0.0197906494140625 -0.0109672546386719 -0.0431709289550781
0.0684776306152344 0.0435523986816406 0.000579833984375003 -0.0501861572265625
0.049285888671875 0.08197021484375 0.00549316406250001 -0.0634078979492188
0.00414276123046876 0.111030578613281 0.00651168823242187 -0.0643997192382813
-0.0194931030273438 0.119789123535156 0.0659294128417969 -0.0145835876464844
0.0185699462890625 0.0882415771484375 0.0127887725830078 0.0157241821289063
0.0624961853027344 0.0678138732910156 0.0251541137695313 0.0569725036621094
0.0730209350585938 0.00843048095703125 0.06610107421875 0.0289344787597656
0.0572357177734375 -0.0292739868164063 0.0656890869140625 -0.0154876708984375
0.0169143676757813 -0.0561294555664063 0.0315017700195313 -0.0527381896972656
-0.0117645263671875 -0.0617828369140625 -0.00292587280273437 -0.0483016967773438
-0.00715255737304687 -0.0590972900390625 -0.0114173889160156 -0.0229701995849609
-0.0165290832519531 -0.0643386840820313 -0.0151882171630859 -0.0156984329223633
0.00339508056640625 -0.06378173828125 -0.0221214294433594 -0.0110626220703125
0.0419921875 -0.0571975708007812 -0.0228900909423828 -0.0120601654052734
0.074371337890625 -0.0237503051757812 -0.0179271697998047 -0.0315093994140625
0.07891845703125 0.0530548095703125 -0.00562667846679687 -0.04052734375
0.0504837036132813 0.0941619873046875 0.00703048706054688 -0.0440216064453125
-0.00708770751953124 0.122550964355469 -0.00102806091308594 -0.0290546417236328
-0.0386810302734375 0.116485595703125 0.0528793334960938 0.0282669067382813
-6.86645507812412E-05 0.102340698242188 0.00909805297851562 0.0439720153808594
0.0587081909179688 0.0922927856445312 0.0169219970703125 0.0693359375
0.0861587524414063 0.024169921875 0.0543594360351563 0.0447044372558594
0.0737075805664063 -0.0268173217773438 0.0581207275390625 0.00510406494140625
0.0272331237792969 -0.0661544799804688 0.0310516357421875 -0.0300617218017578
-0.00803375244140625 -0.072662353515625 0.00401687622070313 -0.0246849060058594
-0.00522994995117187 -0.0684661865234375 -0.00436043739318848 -0.00160050392150879
-0.0164566040039063 -0.0743179321289062 -0.00853824615478516 0.00553226470947265
0.00486755371093751 -0.0723495483398438 -0.0209293365478516 0.0100021362304687
0.0470771789550781 -0.0628013610839844 -0.0254020690917969 0.00568962097167968
0.078643798828125 -0.0238571166992188 -0.0231685638427734 -0.0183258056640625
0.0779037475585938 0.0586471557617188 -0.0092010498046875 -0.0312061309814453
0.0424041748046875 0.0970077514648438 0.0118331909179688 -0.0235176086425781
-0.0195159912109375 0.118171691894531 -0.00893688201904297 0.00817012786865235
-0.049560546875 0.0922317504882812 0.0351295471191406 0.0672683715820312
-0.01934814453125 0.0944137573242188 0.00268554687499999 0.0701255798339844
0.0399627685546875 0.0982513427734375 0.00603485107421875 0.07489013671875
0.0794677734375 0.0363998413085938 0.0368766784667969 0.055694580078125
0.0753021240234375 -0.0171356201171875 0.043121337890625 0.0240478515625
0.0324211120605469 -0.0629806518554687 0.0272083282470703 -0.00472068786621094
-0.00308227539062499 -0.0712127685546875 0.0105142593383789 0.00118541717529296
-0.002349853515625 -0.0677261352539063 0.00325202941894531 0.0195407867431641
-0.0135040283203125 -0.0739822387695313 -0.00155258178710938 0.0270557403564453
0.00637054443359375 -0.0707626342773437 -0.0188064575195312 0.0305156707763672
0.0480880737304688 -0.0590476989746094 -0.0266990661621094 0.0216178894042969
0.0752182006835937 -0.0181350708007812 -0.0282917022705078 -0.00605392456054688
0.06695556640625 0.061004638671875 -0.0126667022705078 -0.0231304168701172
0.0256271362304687 0.0907516479492187 0.0151920318603516 -0.00525760650634765
-0.0314407348632813 0.0995635986328125 -0.0185127258300781 0.041748046875
-0.0501441955566406 0.0519447326660156 0.0150833129882812 0.0962753295898438
-0.0319671630859375 0.06591796875 -0.00560760498046876 0.0882720947265625
0.0141448974609375 0.0810775756835938 -0.00259399414062501 0.0733642578125
0.0566482543945312 0.0391311645507812 0.0197067260742188 0.059173583984375
0.061004638671875 -0.0062103271484375 0.0263938903808594 0.0366134643554688
0.0306625366210938 -0.0489883422851562 0.0205020904541016 0.0180912017822266
0.00128936767578125 -0.0583343505859375 0.0162448883056641 0.0248565673828125
0.001007080078125 -0.0562095642089844 0.0112190246582031 0.038299560546875
-0.00782775878906249 -0.0631484985351563 0.00556564331054688 0.0467987060546875
0.00865936279296876 -0.0603370666503906 -0.0173873901367188 0.0493659973144531
0.0449790954589844 -0.0479660034179688 -0.0301361083984375 0.0357933044433594
0.0648040771484375 -0.0084686279296875 -0.0343780517578125 0.00361824035644531
0.0474739074707031 0.0594635009765625 -0.0166034698486328 -0.0178661346435547
0.00401306152343749 0.0759811401367188 0.0155525207519531 0.0100927352905274
-0.0422935485839844 0.0679054260253906 -0.0307960510253906 0.0675392150878906
-0.04241943359375 0.00279617309570312 0.00188446044921874 0.110313415527344
-0.0378608703613281 0.0264320373535156 -0.0086822509765625 0.0958709716796875
-0.0101966857910156 0.04840087890625 -0.0056610107421875 0.0663681030273438
0.0260601043701172 0.0314064025878906 0.00772857666015626 0.0577735900878906
0.0356636047363281 0.00376510620117188 0.0129661560058594 0.042327880859375
0.0226535797119141 -0.0268478393554688 0.0162582397460938 0.0345516204833984
0.00571060180664063 -0.036376953125 0.019805908203125 0.0414047241210938
0.00425338745117188 -0.0362052917480469 0.0165176391601562 0.05096435546875
-0.000408172607421879 -0.0432167053222656 0.00951004028320313 0.0615158081054687
0.0104255676269531 -0.0419044494628906 -0.017822265625 0.0632438659667969
0.0367202758789063 -0.031158447265625 -0.0351371765136719 0.0454254150390625
0.0476455688476562 0.000888824462890625 -0.0419654846191406 0.0100631713867187
0.0240478515625 0.0508079528808594 -0.0225887298583984 -0.0147380828857422
-0.0173263549804688 0.0516853332519531 0.0100822448730469 0.0206680297851563
-0.0468940734863281 0.0275230407714844 -0.0460205078125 0.082305908203125
0.0370254516601563 0.0221748352050781 0.0477218627929688 -0.0894775390625
0.0241775512695313 -0.0211677551269531 -0.00439453125 -0.0282649993896484
-0.00478744506835937 -0.0271263122558594 0.0255794525146484 0.0219192504882813
-0.0208396911621094 -0.00926399230957032 0.0586090087890625 -0.0044708251953125
-0.0185222625732422 0.00753593444824219 0.0480422973632813 -0.0463905334472656
-0.00832748413085938 0.0195407867431641 0.0172119140625 -0.0716552734375
-0.00579547882080078 0.0155563354492188 -0.0168914794921875 -0.072357177734375
-0.00591850280761719 0.0116348266601563 -0.0210037231445313 -0.0560417175292969
-0.00797557830810547 0.0117034912109375 -0.0225067138671875 -0.047821044921875
-0.0130443572998047 0.002716064453125 -0.0151023864746094 -0.0449256896972656
-0.0103673934936523 -0.0121612548828125 -0.0115013122558594 -0.0452651977539063
0.00868606567382813 -0.0231685638427734 -0.00278091430664062 -0.056427001953125
0.0326061248779297 -0.00879287719726563 0.011871337890625 -0.0649452209472656
0.0419998168945312 0.0179634094238281 0.00876617431640624 -0.0902633666992187
0.0336380004882813 0.0422096252441406 0.00996398925781251 -0.112686157226563
0.024810791015625 0.0662689208984375 0.060760498046875 -0.0784683227539063
0.0321083068847656 0.0163555145263672 0.00345039367675782 -0.0236434936523438
0.0246009826660156 -0.00146675109863281 0.0291385650634766 0.0296630859375
0.0103559494018555 -0.0105772018432617 0.065765380859375 0.000888824462890624
0.00410938262939453 -0.00967502593994141 0.0576324462890625 -0.0441551208496094
-0.00452756881713867 -0.00828218460083008 0.0216522216796875 -0.0745162963867188
-0.0119056701660156 -0.0127649307250977 -0.015167236328125 -0.0730209350585938
-0.0085611343383789 -0.0154199600219727 -0.0203208923339844 -0.0521659851074219
-0.011530876159668 -0.0172824859619141 -0.0224876403808594 -0.0447311401367188
-0.00468635559082031 -0.0225238800048828 -0.0180931091308594 -0.0406494140625
0.0129547119140625 -0.027313232421875 -0.0143241882324219 -0.0394325256347656
0.0382308959960938 -0.0190048217773438 -0.00527191162109374 -0.052093505859375
0.0510749816894531 0.0216445922851563 0.00701522827148438 -0.0583610534667969
0.0456047058105469 0.0541534423828125 0.00572967529296875 -0.0794906616210938
0.0195159912109375 0.0831222534179687 0.00941467285156249 -0.0946578979492188
0.00558471679687501 0.100883483886719 0.067291259765625 -0.0535926818847656
0.0302772521972656 0.0555343627929687 0.00921916961669922 -0.00841999053955078
0.049072265625 0.0320663452148438 0.0305404663085938 0.0431327819824219
0.0444450378417969 -0.00509262084960938 0.0701217651367188 0.0123672485351563
0.0309886932373047 -0.0240135192871094 0.0646781921386719 -0.0343589782714844
0.00421142578125 -0.0348777770996094 0.0266952514648437 -0.0681838989257813
-0.014404296875 -0.0397071838378906 -0.0103950500488281 -0.0642356872558594
-0.0090484619140625 -0.0401687622070313 -0.0167655944824219 -0.0402679443359375
-0.0152244567871094 -0.0438766479492188 -0.0201225280761719 -0.0327701568603516
6.48498535156244E-05 -0.0458412170410156 -0.0215740203857422 -0.028350830078125
0.0301322937011719 -0.0440788269042969 -0.0195274353027344 -0.0281906127929688
0.0601921081542969 -0.0212326049804688 -0.0122756958007812 -0.0439567565917969
0.0687828063964844 0.0414199829101563 -4.95910644531173E-05 -0.0503501892089844
0.0504379272460938 0.07952880859375 0.00420379638671875 -0.0631942749023437
0.00709533691406251 0.110443115234375 0.00469207763671876 -0.0646896362304688
-0.0164413452148437 0.11932373046875 0.0646553039550781 -0.0157432556152344
0.019989013671875 0.0871200561523438 0.0116138458251953 0.0152816772460938
0.0642166137695313 0.0657882690429687 0.0267219543457031 0.0575637817382813
0.07257080078125 0.00628662109375 0.0664443969726563 0.0286788940429688
0.0563087463378906 -0.0307350158691406 0.065948486328125 -0.0165557861328125
0.0149421691894531 -0.055511474609375 0.0301933288574219 -0.0526275634765625
-0.0137405395507812 -0.0600967407226562 -0.0040435791015625 -0.0476722717285156
-0.00860977172851563 -0.0584373474121094 -0.0112361907958984 -0.0226211547851563
-0.0178947448730469 -0.0623435974121094 -0.0159721374511719 -0.0149765014648438
0.00183868408203124 -0.0626373291015625 -0.0223770141601563 -0.0100917816162109
0.0396766662597656 -0.057220458984375 -0.02325439453125 -0.0121803283691406
0.0730056762695312 -0.025482177734375 -0.0189380645751953 -0.0323715209960938
0.0791397094726563 0.050689697265625 -0.00620269775390624 -0.0408058166503906
0.0518341064453125 0.091644287109375 0.00620651245117188 -0.044342041015625
-0.00406646728515626 0.122489929199219 -0.00205039978027344 -0.0292205810546875
-0.0362091064453125 0.116920471191406 0.0529403686523438 0.0264434814453125
0.00198364257812499 0.101547241210938 0.00867843627929688 0.0433425903320313
0.0609664916992188 0.0902252197265625 0.0181007385253906 0.0697021484375
0.0858535766601563 0.0221481323242188 0.0550651550292969 0.0448226928710937
0.0725860595703125 -0.0283966064453125 0.0583152770996094 0.00424957275390625
0.0248222351074219 -0.0655555725097656 0.0300140380859375 -0.0302467346191406
-0.010711669921875 -0.071044921875 0.00347900390625 -0.0244083404541016
-0.00710296630859376 -0.0679435729980469 -0.00390982627868652 -0.00159287452697754
-0.0184707641601562 -0.0729217529296875 -0.00925254821777344 0.00606346130371093
0.00220489501953125 -0.0709609985351563 -0.0211505889892578 0.010498046875
0.0443382263183594 -0.0629196166992188 -0.0251998901367187 0.00545692443847656
0.0772018432617188 -0.0255050659179688 -0.0238037109375 -0.0189304351806641
0.0789337158203125 0.0560531616210938 -0.0102710723876953 -0.0320949554443359
0.0439682006835938 0.0945663452148438 0.011077880859375 -0.0247020721435547
-0.0162277221679688 0.118141174316406 -0.00899791717529297 0.00755500793457032
-0.047119140625 0.0930862426757813 0.0362739562988281 0.065765380859375
-0.0179901123046875 0.0944366455078125 0.00268173217773437 0.0686569213867188
0.0422592163085937 0.0967178344726562 0.00724029541015626 0.0755386352539062
0.0794219970703125 0.03466796875 0.0379714965820313 0.0558815002441406
0.0747451782226563 -0.019500732421875 0.0437583923339844 0.0236053466796875
0.0305099487304687 -0.0630416870117188 0.0265426635742188 -0.0048828125
-0.00603103637695313 -0.0701065063476563 0.0102472305297852 0.000340461730957027
-0.00445938110351562 -0.0669136047363281 0.00459098815917969 0.0198135375976562
-0.015869140625 -0.0725250244140625 -0.0012969970703125 0.0272388458251953
0.00415802001953125 -0.0697898864746094 -0.0189170837402344 0.0310440063476563
0.04547119140625 -0.059814453125 -0.0263195037841797 0.0216197967529297
0.0739822387695313 -0.0200119018554688 -0.0286273956298828 -0.00668144226074219
0.0677032470703125 0.0585441589355469 -0.0130596160888672 -0.0237903594970703
0.0269012451171875 0.0892257690429688 0.0148811340332031 -0.00653362274169921
-0.0287322998046875 0.099609375 -0.0173797607421875 0.0415687561035156
-0.0491752624511719 0.0532646179199219 0.0169601440429688 0.0951004028320312
-0.0313224792480469 0.0667343139648438 -0.00445556640625001 0.087158203125
0.0163497924804687 0.0807418823242188 -0.00167846679687499 0.073394775390625
0.0573692321777344 0.0371932983398438 0.0209846496582031 0.0596084594726563
0.0607376098632813 -0.00758743286132813 0.027557373046875 0.0362586975097656
0.0290641784667969 -0.0490341186523438 0.0206432342529297 0.0179767608642578
-0.001068115234375 -0.0574302673339844 0.0163993835449219 0.0240516662597656
-0.000492095947265628 -0.0559349060058594 0.0122756958007813 0.0378837585449219
-0.009735107421875 -0.0618858337402344 0.0057373046875 0.0465888977050781
0.00671386718750001 -0.0593948364257813 -0.0170860290527344 0.0492324829101563
0.0433731079101563 -0.0485801696777344 -0.0296401977539062 0.0354118347167969
0.0639762878417969 -0.0100936889648438 -0.0343093872070313 0.00285720825195312
0.0485458374023438 0.05804443359375 -0.01678466796875 -0.0183753967285156
0.005218505859375 0.0750198364257813 0.0157575607299805 0.00884532928466798
-0.0403327941894531 0.0683860778808594 -0.0294189453125 0.06744384765625
-0.0421028137207031 0.00345993041992188 0.00395965576171875 0.109329223632812
-0.0372734069824219 0.0269279479980469 -0.00743103027343751 0.0947799682617187
-0.00882720947265625 0.0489768981933594 -0.00560760498046875 0.0663719177246094
0.0262260437011719 0.030487060546875 0.00850296020507813 0.0579185485839844
0.0358810424804688 0.00286483764648438 0.0146064758300781 0.0423736572265625
0.0215530395507813 -0.0272903442382813 0.0167236328125 0.0337944030761719
0.00370025634765625 -0.0361900329589844 0.0208969116210938 0.0404129028320313
0.00284576416015625 -0.0362701416015625 0.0179176330566406 0.0501670837402344
-0.0018310546875 -0.0431365966796875 0.0105209350585937 0.0613555908203125
0.00878143310546875 -0.0417137145996094 -0.0168113708496094 0.0631027221679688
0.0356712341308594 -0.0323143005371094 -0.034210205078125 0.0451736450195313
0.0475425720214844 -0.00060272216796875 -0.0418930053710938 0.0101470947265625
0.0252914428710938 0.0504302978515625 -0.0222263336181641 -0.0156440734863281
-0.0158805847167969 0.0520172119140625 0.0108966827392578 0.0193881988525391
-0.0461540222167969 0.0284385681152344 -0.0443191528320313 0.0822830200195313
0.0382652282714844 0.0218658447265625 0.0474166870117188 -0.090972900390625
0.0241374969482422 -0.0216026306152344 -0.0057220458984375 -0.0277824401855469
-0.00563430786132812 -0.0276622772216797 0.0264606475830078 0.0226993560791016
-0.0217170715332031 -0.00931358337402343 0.0596809387207031 -0.00452423095703125
-0.01947021484375 0.00799179077148438 0.0487709045410156 -0.0469398498535156
-0.00765609741210938 0.0202999114990234 0.017822265625 -0.07269287109375
-0.00474357604980469 0.0159826278686523 -0.0174407958984375 -0.0730209350585938
-0.0056610107421875 0.0118341445922852 -0.0216827392578125 -0.0565567016601563
-0.00752925872802734 0.0117635726928711 -0.0236053466796875 -0.0482521057128906
-0.0124111175537109 0.00309562683105469 -0.0155754089355469 -0.0458259582519531
-0.0107583999633789 -0.0117368698120117 -0.0120429992675781 -0.0466766357421875
0.00803375244140625 -0.0237903594970703 -0.00325393676757813 -0.0582733154296875
0.0326366424560547 -0.00973129272460938 0.0127754211425781 -0.0654983520507813
0.0424423217773438 0.0178680419921875 0.00898742675781251 -0.0910263061523438
0.0344314575195312 0.0422477722167969 0.00867462158203124 -0.113899230957031
0.0268745422363281 0.0664291381835938 0.0602035522460938 -0.0803070068359375
0.03253173828125 0.0162906646728516 0.00214767456054688 -0.0231132507324219
0.0242519378662109 -0.00208473205566406 0.0305976867675781 0.0311336517333984
0.0095672607421875 -0.0108261108398437 0.067291259765625 0.000652313232421874
0.00336456298828125 -0.0100612640380859 0.0589447021484375 -0.0449066162109375
-0.00451231002807617 -0.00754976272583008 0.02178955078125 -0.0753631591796875
-0.0114459991455078 -0.0116605758666992 -0.0160369873046875 -0.0733642578125
-0.00843334197998047 -0.0153226852416992 -0.0210151672363281 -0.0527381896972656
-0.0120811462402344 -0.0172624588012695 -0.0233306884765625 -0.0449180603027344
-0.00474929809570313 -0.0222053527832031 -0.01885986328125 -0.0415534973144531
0.01239013671875 -0.0273609161376953 -0.0151138305664062 -0.0411262512207031
0.0376853942871094 -0.0197181701660156 -0.0060577392578125 -0.0539207458496094
0.0518150329589844 0.021240234375 0.00714874267578125 -0.05908203125
0.0463905334472656 0.0541877746582031 0.0057220458984375 -0.0805206298828125
0.0206298828125 0.0842666625976563 0.00814056396484376 -0.0961532592773438
0.00711059570312499 0.102226257324219 0.0671501159667969 -0.0549659729003906
0.0311241149902344 0.0561561584472656 0.00769281387329102 -0.00797891616821289
0.051177978515625 0.0314292907714844 0.0315093994140625 0.044952392578125
0.0439949035644531 -0.00595855712890625 0.0715103149414063 0.0127029418945312
0.0305461883544922 -0.0248699188232422 0.0662155151367188 -0.0348587036132813
0.00372505187988281 -0.0348987579345703 0.0266265869140625 -0.0694465637207031
-0.0151443481445313 -0.0390968322753906 -0.0112266540527344 -0.0650863647460938
-0.00962448120117187 -0.0404090881347656 -0.0171546936035156 -0.0408477783203125
-0.0160293579101563 -0.0433502197265625 -0.0211620330810547 -0.0329151153564453
0.000186920166015626 -0.0453414916992188 -0.0224342346191406 -0.0282611846923828
0.02947998046875 -0.0446014404296875 -0.0203056335449219 -0.0289478302001953
0.0608139038085938 -0.0216789245605469 -0.0127182006835938 -0.0458793640136719
0.070068359375 0.0409355163574219 -1.52587890624965E-05 -0.051544189453125
0.0512924194335938 0.0791091918945313 0.0039825439453125 -0.0642356872558594
0.0083160400390625 0.112266540527344 0.0037078857421875 -0.066131591796875
-0.0148849487304687 0.121437072753906 0.0651130676269531 -0.0171585083007812
0.0199813842773438 0.0885391235351562 0.0101652145385742 0.0156726837158203
0.0659866333007813 0.0658073425292969 0.0272712707519531 0.0597991943359375
0.0726394653320313 0.0055389404296875 0.0680313110351563 0.0295028686523437
0.0561027526855469 -0.0322418212890625 0.0669631958007813 -0.0172500610351563
0.0145797729492188 -0.0554580688476563 0.0306053161621094 -0.0535697937011719
-0.0147933959960937 -0.0595207214355469 -0.00470733642578125 -0.0476799011230469
-0.00959396362304688 -0.0588912963867187 -0.0109310150146484 -0.0225868225097656
-0.0189399719238281 -0.0621604919433594 -0.0166969299316406 -0.0149564743041992
0.000633239746093754 -0.0624237060546875 -0.0233078002929688 -0.0102748870849609
0.0390853881835938 -0.0577011108398438 -0.0242042541503906 -0.012908935546875
0.0733795166015625 -0.0263290405273438 -0.0195255279541016 -0.0332660675048828
0.0810089111328125 0.0498809814453125 -0.00646591186523437 -0.0423164367675781
0.0526885986328125 0.0921630859375 0.005828857421875 -0.0450668334960937
-0.00257873535156249 0.124664306640625 -0.00242805480957032 -0.0303077697753906
-0.035369873046875 0.118904113769531 0.0534286499023437 0.0258445739746094
0.00217437744140626 0.10333251953125 0.0071868896484375 0.0435867309570313
0.0630035400390625 0.0909805297851563 0.0182876586914063 0.0726776123046875
0.0863876342773437 0.0213241577148437 0.0564727783203125 0.0460472106933594
0.0731048583984375 -0.0299911499023437 0.0597457885742188 0.00380706787109375
0.0244789123535156 -0.0660972595214844 0.0301666259765625 -0.0306301116943359
-0.0121307373046875 -0.0704574584960938 0.00326919555664062 -0.0249042510986328
-0.00850296020507813 -0.0686454772949219 -0.00340771675109863 -0.00135564804077149
-0.0199203491210938 -0.0724334716796875 -0.00915622711181641 0.00629711151123046
0.0018157958984375 -0.0705795288085938 -0.0217514038085938 0.0107364654541016
0.0437202453613281 -0.0640182495117188 -0.0256175994873047 0.00487518310546875
0.0775604248046875 -0.026519775390625 -0.0247268676757813 -0.0204544067382813
0.080810546875 0.0560836791992188 -0.0105953216552734 -0.0331211090087891
0.0448532104492188 0.0947418212890625 0.0111045837402344 -0.0257854461669922
-0.015106201171875 0.120330810546875 -0.00908088684082031 0.00756168365478516
-0.047271728515625 0.0947265625 0.0369186401367187 0.0656623840332031
-0.0180816650390625 0.09564208984375 0.00175094604492188 0.0693130493164063
0.044097900390625 0.0982742309570312 0.00759124755859376 0.0777740478515625
0.08038330078125 0.0345306396484375 0.0389747619628906 0.056884765625
0.0756072998046875 -0.02032470703125 0.0453414916992188 0.0238304138183594
0.0296592712402344 -0.0631027221679688 0.0270462036132813 -0.00499343872070313
-0.00783920288085937 -0.0701980590820313 0.0104990005493164 0.000376701354980464
-0.00587844848632813 -0.0676956176757813 0.00501251220703125 0.0196876525878906
-0.0172195434570313 -0.0725479125976563 -0.00143241882324219 0.027862548828125
0.00300979614257813 -0.0695610046386719 -0.0194110870361328 0.0315055847167969
0.0447311401367188 -0.0609817504882813 -0.0267200469970703 0.0213432312011719
0.0745468139648438 -0.0209121704101563 -0.0293102264404297 -0.00780487060546876
0.0695266723632813 0.0590553283691406 -0.0137233734130859 -0.0250606536865234
0.0277557373046875 0.0898971557617188 0.0153427124023438 -0.00755691528320312
-0.0283279418945313 0.101631164550781 -0.0178108215332031 0.0415420532226563
-0.0493927001953125 0.0540199279785156 0.01763916015625 0.0958328247070313
-0.0316429138183594 0.0681228637695313 -0.00553131103515626 0.0876083374023438
0.0180816650390625 0.0822601318359375 -0.00177764892578125 0.0752792358398438
0.0582237243652344 0.0374221801757813 0.0216827392578125 0.0611381530761719
0.0616416931152344 -0.00882339477539063 0.028350830078125 0.0369224548339844
0.0285911560058594 -0.0495758056640625 0.0215053558349609 0.0179901123046875
-0.00278091430664062 -0.0575180053710937 0.0169830322265625 0.0236701965332031
-0.00186920166015625 -0.0566825866699219 0.0132064819335937 0.037841796875
-0.0110092163085937 -0.0625572204589844 0.00587081909179688 0.0471992492675781
0.00546646118164063 -0.0594902038574219 -0.016937255859375 0.0500869750976562
0.0427131652832031 -0.050079345703125 -0.0300102233886719 0.0352020263671875
0.0649490356445313 -0.0110206604003906 -0.034881591796875 0.00291442871093749
0.0499153137207031 0.0585517883300781 -0.0176868438720703 -0.0191898345947266
0.00531005859375001 0.0759811401367188 0.0159645080566406 0.00812244415283204
-0.0402793884277344 0.0696907043457031 -0.0294342041015625 0.0678863525390625
-0.0435600280761719 0.00363159179687501 0.00495147705078125 0.110389709472656
-0.03753662109375 0.0277557373046875 -0.00785064697265626 0.0951461791992188
-0.00823974609375 0.0500526428222656 -0.00593185424804688 0.0674591064453125
0.0270481109619141 0.0303573608398438 0.00911712646484375 0.0595436096191406
0.0367202758789063 0.00226211547851563 0.0151939392089844 0.0433425903320313
0.0214195251464844 -0.0278568267822266 0.0174522399902344 0.0339336395263672
0.00232315063476563 -0.0364303588867188 0.0219001770019531 0.0407485961914063
0.00204086303710938 -0.0372085571289063 0.0189361572265625 0.0509452819824219
-0.0031890869140625 -0.0437965393066406 0.0108833312988281 0.0624122619628906
0.00810623168945312 -0.0424308776855469 -0.0168609619140625 0.064117431640625
0.0354385375976562 -0.0332756042480469 -0.0345993041992188 0.045501708984375
0.0482864379882812 -0.000659942626953125 -0.0427665710449219 0.00985336303710938
0.0262374877929688 0.0513572692871094 -0.0230369567871094 -0.0168018341064453
-0.0161666870117188 0.0528144836425781 0.0112934112548828 0.0180931091308594
-0.046661376953125 0.0287361145019531 -0.0438613891601563 0.0834503173828125
0.0406570434570313 0.02154541015625 0.0471420288085938 -0.0946884155273438
0.0248470306396484 -0.022918701171875 -0.00693321228027343 -0.0272388458251953
-0.00677490234375 -0.0286083221435547 0.0280055999755859 0.0232639312744141
-0.0234546661376953 -0.00868034362792968 0.0619125366210938 -0.00522232055664063
-0.0204124450683594 0.00941085815429688 0.050323486328125 -0.0485992431640625
-0.00752449035644531 0.0216579437255859 0.0175704956054687 -0.075347900390625
-0.00359630584716797 0.0168113708496094 -0.0192718505859375 -0.0751571655273438
-0.00496673583984375 0.0125255584716797 -0.0233383178710937 -0.0584564208984375
-0.00741291046142578 0.01220703125 -0.0254249572753906 -0.0496063232421875
-0.0122919082641602 0.00388908386230469 -0.0176658630371094 -0.0472412109375
-0.0109825134277344 -0.0111303329467773 -0.0136871337890625 -0.0489883422851562
0.00729560852050781 -0.0248775482177734 -0.00455856323242188 -0.0608901977539063
0.0334262847900391 -0.0111255645751953 0.0132980346679688 -0.0681343078613281
0.0443382263183594 0.017059326171875 0.00865173339843751 -0.0942459106445313
0.0366744995117188 0.0433273315429688 0.00646209716796876 -0.118385314941406
0.0297584533691406 0.0685081481933594 0.060516357421875 -0.0842208862304687
0.0338535308837891 0.0160999298095703 0.000776290893554692 -0.0231647491455078
0.0253753662109375 -0.00320053100585938 0.0327358245849609 0.0325679779052734
0.00897693634033203 -0.0113182067871094 0.0701942443847656 0.000232696533203124
0.00257492065429687 -0.010127067565918 0.0605239868164063 -0.0469818115234375
-0.00489330291748047 -0.00685596466064453 0.0217819213867188 -0.0784225463867188
-0.0119667053222656 -0.0112733840942383 -0.0179061889648437 -0.0754165649414063
-0.00894355773925781 -0.0155744552612305 -0.0224418640136719 -0.0545578002929688
-0.011998176574707 -0.0171127319335938 -0.025177001953125 -0.0463790893554688
-0.00461769104003907 -0.022247314453125 -0.0204505920410156 -0.0426063537597656
0.0128955841064453 -0.0272960662841797 -0.0165557861328125 -0.0429191589355469
0.0381317138671875 -0.0212326049804687 -0.00727081298828124 -0.0569992065429688
0.0538482666015625 0.0205345153808594 0.00720214843750001 -0.0612602233886719
0.0486488342285156 0.0549507141113281 0.0050811767578125 -0.0829391479492188
0.0231475830078125 0.0867156982421875 0.00646209716796875 -0.0999374389648437
0.0102310180664062 0.10589599609375 0.0678329467773438 -0.0588111877441406
0.0328903198242188 0.0580482482910156 0.0061335563659668 -0.00743007659912109
0.0533294677734375 0.0311698913574219 0.0340156555175781 0.0467987060546875
0.0451202392578125 -0.00727462768554687 0.075042724609375 0.0130538940429687
0.0304775238037109 -0.026123046875 0.0683326721191406 -0.0371971130371094
0.00303840637207031 -0.0349998474121094 0.0268096923828125 -0.07220458984375
-0.0162620544433594 -0.0389900207519531 -0.0129318237304687 -0.0670623779296875
-0.0107612609863281 -0.0413551330566406 -0.0179901123046875 -0.0421867370605469
-0.0171012878417969 -0.0441818237304688 -0.0227394104003906 -0.0339374542236328
-0.000747680664062496 -0.0459098815917969 -0.0238780975341797 -0.0292739868164062
0.0296134948730469 -0.0457801818847656 -0.0219230651855469 -0.0304336547851563
0.0619316101074219 -0.0237274169921875 -0.0143661499023437 -0.0486335754394531
0.0730514526367188 0.0408096313476562 -0.000423431396484376 -0.0539207458496094
0.0543441772460937 0.0807571411132813 0.0034332275390625 -0.0668144226074219
0.0111465454101563 0.116508483886719 0.00226211547851562 -0.0687828063964843
-0.012237548828125 0.126136779785156 0.0666885375976563 -0.0193672180175781
0.0222244262695312 0.0912246704101563 0.00861835479736328 0.0166654586791992
0.0701103210449219 0.0668258666992187 0.0298881530761719 0.0627708435058594
0.0750808715820313 0.00446319580078125 0.0715255737304688 0.0305099487304688
0.0571746826171875 -0.03448486328125 0.0697174072265625 -0.0186614990234375
0.0133628845214844 -0.0567436218261719 0.03076171875 -0.0559158325195313
-0.016693115234375 -0.0603981018066406 -0.00538253784179688 -0.0497169494628906
-0.0114707946777344 -0.0607643127441406 -0.0115871429443359 -0.0235824584960938
-0.0209884643554688 -0.0635299682617188 -0.0177211761474609 -0.0149040222167969
0.000114440917968751 -0.0632247924804688 -0.024658203125 -0.00979804992675782
0.0386581420898438 -0.0597076416015625 -0.0254936218261719 -0.0136947631835938
0.0752944946289063 -0.0288543701171875 -0.0213241577148437 -0.0362930297851563
0.0847854614257813 0.0502853393554688 -0.00736618041992187 -0.0442466735839844
0.0558624267578125 0.0937042236328125 0.00545883178710938 -0.0474815368652344
-5.34057617187593E-05 0.129501342773438 -0.00355911254882813 -0.0315380096435547
-0.033782958984375 0.124076843261719 0.0553741455078125 0.0255699157714844
0.00321197509765626 0.1075439453125 0.00666046142578125 0.0452804565429688
0.0676956176757813 0.0932159423828125 0.020904541015625 0.0761642456054688
0.0895538330078125 0.0205078125 0.0597076416015625 0.0477867126464844
0.0751953125 -0.0332183837890625 0.0625381469726563 0.0037384033203125
0.0234375 -0.0676536560058594 0.0309200286865234 -0.0321903228759766
-0.0141983032226562 -0.0717239379882813 0.0031585693359375 -0.0258655548095703
-0.00977325439453124 -0.070648193359375 -0.00290608406066895 -0.00134420394897461
-0.0223236083984375 -0.0742111206054688 -0.0100851058959961 0.00698566436767578
-0.000602722167968744 -0.07220458984375 -0.0225696563720703 0.0120563507080078
0.042999267578125 -0.0665168762207031 -0.0269393920898437 0.00499534606933594
0.07977294921875 -0.02923583984375 -0.0266456604003906 -0.0221424102783203
0.084564208984375 0.056182861328125 -0.0115623474121094 -0.0348052978515625
0.047393798828125 0.0970687866210938 0.0111980438232422 -0.0273036956787109
-0.0135269165039063 0.125381469726563 -0.0102663040161133 0.00771141052246094
-0.047210693359375 0.0994338989257813 0.0389862060546875 0.0669403076171875
-0.0177230834960937 0.09979248046875 0.00122833251953125 0.07122802734375
0.0477447509765625 0.101089477539063 0.00902557373046876 0.0811004638671875
0.0833969116210938 0.0335617065429688 0.0416412353515625 0.0593681335449219
0.0778121948242188 -0.0234375 0.0478782653808594 0.0238723754882813
0.0294952392578125 -0.0655899047851563 0.0277309417724609 -0.00541496276855469
-0.00981903076171875 -0.071502685546875 0.0114231109619141 7.82012939453081E-05
-0.00766754150390625 -0.0699234008789063 0.00593948364257812 0.0201435089111328
-0.0195999145507813 -0.0744705200195312 -0.00146102905273437 0.0293540954589844
0.0015869140625 -0.071136474609375 -0.0196323394775391 0.0329132080078125
0.0439987182617188 -0.0640296936035156 -0.0279121398925781 0.02197265625
0.0768051147460938 -0.0231857299804688 -0.030853271484375 -0.00845718383789062
0.0729522705078125 0.0597381591796875 -0.0149421691894531 -0.0263576507568359
0.0294418334960938 0.092041015625 0.0156221389770508 -0.00904655456542968
-0.027374267578125 0.106048583984375 -0.0177497863769531 0.0430450439453125
-0.0502357482910156 0.0569686889648438 0.0199966430664062 0.0988540649414063
-0.032012939453125 0.0711212158203125 -0.00543212890625 0.0901260375976563
0.0203323364257813 0.0849227905273438 -0.0011138916015625 0.0785446166992188
0.0604972839355469 0.0375556945800781 0.0234222412109375 0.063629150390625
0.063812255859375 -0.0106658935546875 0.0308685302734375 0.0375480651855469
0.0283126831054687 -0.0518646240234375 0.0221538543701172 0.0182952880859375
-0.00461959838867188 -0.0590400695800781 0.0179977416992188 0.0240955352783203
-0.00384521484375 -0.0587654113769531 0.0151519775390625 0.0393791198730469
-0.0135688781738281 -0.0644073486328125 0.00668716430664062 0.0494956970214844
0.00434494018554688 -0.061248779296875 -0.017120361328125 0.0521507263183594
0.0423316955566406 -0.0531959533691406 -0.0304374694824219 0.0364913940429688
0.0671920776367188 -0.01287841796875 -0.0367889404296875 0.00237655639648438
0.053466796875 0.0601577758789063 -0.0186767578125 -0.0203971862792969
0.00682830810546876 0.0784912109375 0.0170974731445313 0.00716686248779297
-0.0409164428710937 0.0731658935546875 -0.02978515625 0.0707321166992188
-0.0447540283203125 0.00490570068359375 0.00738525390625 0.1138916015625
-0.0389671325683594 0.0298194885253906 -0.00721740722656251 0.0979156494140625
-0.00714874267578125 0.0529327392578125 -0.00552749633789062 0.0702323913574219
0.0286979675292969 0.0306549072265625 0.0102310180664063 0.0618667602539063
0.0387039184570313 0.00138092041015625 0.0173301696777344 0.0452880859375
0.0213985443115234 -0.0294437408447266 0.0186786651611328 0.0349578857421875
0.00141525268554688 -0.0378379821777344 0.0234870910644531 0.0413589477539063
0.00108718872070312 -0.039031982421875 0.0207672119140625 0.0524482727050781
-0.00477218627929688 -0.0453033447265625 0.0120735168457031 0.0644416809082031
0.00713348388671875 -0.0439453125 -0.0166587829589844 0.0663871765136719
0.0360145568847656 -0.0357246398925781 -0.0356826782226563 0.047119140625
0.0501441955566406 -0.00231170654296875 -0.0442047119140625 0.0100517272949219
0.0283927917480469 0.0527267456054687 -0.0246868133544922 -0.0178337097167969
-0.0163078308105469 0.0553550720214844 0.0123043060302734 0.0178279876708984
-0.0479660034179687 0.0302619934082031 -0.0443038940429688 0.0861434936523438
0.04400634765625 0.0204010009765625 0.0434112548828125 -0.100608825683594
0.0245704650878906 -0.0247421264648438 -0.00899505615234375 -0.0269126892089844
-0.00803947448730468 -0.0296421051025391 0.03070068359375 0.0240230560302734
-0.0254364013671875 -0.00745201110839844 0.0645256042480469 -0.0071258544921875
-0.0213165283203125 0.0115489959716797 0.0509033203125 -0.0521736145019531
-0.00597763061523438 0.0238933563232422 0.0156021118164063 -0.0792312622070313
-0.00189208984375 0.0181808471679687 -0.0235748291015625 -0.07708740234375
-0.00420475006103516 0.0134639739990234 -0.0275192260742187 -0.0600852966308594
-0.00642204284667969 0.0133523941040039 -0.0290336608886719 -0.0510520935058594
-0.012019157409668 0.00517463684082031 -0.0205955505371094 -0.0485000610351563
-0.0116815567016602 -0.0104274749755859 -0.0169296264648437 -0.051116943359375
0.00606918334960938 -0.0267677307128906 -0.0076904296875 -0.0641098022460938
0.0338401794433594 -0.013214111328125 0.011810302734375 -0.0712814331054688
0.0469551086425781 0.0159835815429688 0.00531768798828125 -0.0981597900390625
0.0408096313476563 0.0433197021484375 0.00147247314453125 -0.123825073242188
0.0343589782714844 0.0692863464355469 0.0582427978515625 -0.0900726318359375
0.0358047485351563 0.0152664184570313 -0.00170326232910156 -0.0228729248046875
0.0259246826171875 -0.00449180603027344 0.0359954833984375 0.0334434509277344
0.00846576690673828 -0.0118770599365234 0.0737380981445313 -0.00156402587890625
0.0016632080078125 -0.009857177734375 0.0610198974609375 -0.0514297485351563
-0.00485038757324219 -0.00599288940429688 0.0195770263671875 -0.082366943359375
-0.0118408203125 -0.010523796081543 -0.0220108032226563 -0.0776901245117188
-0.00957775115966797 -0.0151662826538086 -0.0255470275878906 -0.0563697814941406
-0.0132074356079102 -0.0169048309326172 -0.0286064147949219 -0.0474891662597656
-0.00521087646484375 -0.0221366882324219 -0.0241012573242187 -0.0438117980957031
0.0119190216064453 -0.0283737182617187 -0.0197067260742187 -0.0448455810546875
0.038116455078125 -0.023834228515625 -0.0104827880859375 -0.0600624084472656
0.0565299987792969 0.0186729431152344 0.00565719604492188 -0.0649604797363281
0.052947998046875 0.0544776916503906 0.00181579589843751 -0.0865554809570313
0.0285415649414063 0.089630126953125 0.0011749267578125 -0.104339599609375
0.0162887573242187 0.109474182128906 0.0670204162597656 -0.0640487670898438
0.0366401672363281 0.0587120056152344 0.0048675537109375 -0.00758600234985351
0.0577888488769531 0.0296058654785156 0.0383529663085938 0.0486259460449219
0.0461997985839844 -0.00913619995117187 0.0787429809570313 0.010650634765625
0.0298442840576172 -0.0286598205566406 0.0702667236328125 -0.041534423828125
0.00167083740234375 -0.0357208251953125 0.0254058837890625 -0.0757369995117188
-0.0180740356445313 -0.0384635925292969 -0.0165672302246094 -0.0692520141601563
-0.0129241943359375 -0.0423316955566406 -0.0205230712890625 -0.0433006286621094
-0.0200920104980469 -0.0446662902832031 -0.025909423828125 -0.0338058471679687
-0.00235366821289062 -0.0469284057617188 -0.0267372131347656 -0.0297203063964844
0.0284957885742187 -0.0480155944824219 -0.0247936248779297 -0.0315761566162109
0.0630340576171875 -0.0278434753417969 -0.0176239013671875 -0.05120849609375
0.0771865844726563 0.0389328002929688 -0.00204086303710937 -0.0562171936035156
0.0594100952148438 0.0813751220703125 0.000900268554687511 -0.0697021484375
0.0172576904296875 0.121345520019531 -0.0012969970703125 -0.0718231201171875
-0.00655364990234376 0.132034301757813 0.0680084228515625 -0.0235824584960937
0.026885986328125 0.0940475463867188 0.00811195373535156 0.0168790817260742
0.0767135620117188 0.0658721923828125 0.0346527099609375 0.0654525756835938
0.0775680541992188 0.0012054443359375 0.0763320922851562 0.0297698974609375
0.0574607849121094 -0.0389213562011719 0.072509765625 -0.0222549438476563
0.0112152099609375 -0.0588264465332031 0.0299186706542969 -0.0588150024414063
-0.0199661254882812 -0.0603828430175781 -0.00814056396484376 -0.0514335632324219
-0.0148735046386719 -0.0625343322753906 -0.0123863220214844 -0.0243301391601563
-0.0247039794921875 -0.0648651123046875 -0.0194797515869141 -0.0149555206298828
-0.00294113159179687 -0.0648994445800781 -0.0266532897949219 -0.00934219360351563
0.0370941162109375 -0.06329345703125 -0.027587890625 -0.0138092041015625
0.0768280029296875 -0.0335617065429688 -0.0244216918945312 -0.0378189086914062
0.0902328491210938 0.0483779907226563 -0.00931549072265624 -0.0463676452636719
0.0616302490234375 0.0947723388671875 0.00392532348632813 -0.0499000549316406
0.00569915771484376 0.135475158691406 -0.00569534301757812 -0.0324745178222656
-0.0293045043945313 0.130508422851562 0.0584754943847656 0.0235328674316406
0.007843017578125 0.111770629882812 0.00648880004882813 0.0470161437988281
0.0756149291992188 0.0940170288085938 0.0252532958984375 0.0790557861328125
0.0936279296875 0.017333984375 0.064453125 0.0480995178222656
0.0764389038085938 -0.0382461547851563 0.0657691955566406 0.00117111206054687
0.0209197998046875 -0.0710220336914063 0.0309658050537109 -0.0343170166015625
-0.0185165405273437 -0.072479248046875 0.001922607421875 -0.0272216796875
-0.0141830444335938 -0.0729522705078125 -0.00295066833496094 -0.00149679183959961
-0.0267333984375 -0.0755615234375 -0.0100240707397461 0.00828838348388671
-0.00374603271484375 -0.07403564453125 -0.0236015319824219 0.0134143829345703
0.0410232543945313 -0.0712356567382813 -0.0285243988037109 0.00554656982421875
0.081329345703125 -0.034454345703125 -0.0289821624755859 -0.0230274200439453
0.0903472900390625 0.0543670654296875 -0.0134468078613281 -0.0363273620605469
0.0532989501953125 0.0987319946289063 0.0107517242431641 -0.0292835235595703
-0.00815582275390626 0.131576538085938 -0.0106821060180664 0.00840473175048829
-0.0441818237304688 0.105552673339844 0.0431175231933594 0.0672874450683594
-0.0147171020507813 0.104598999023438 0.0027618408203125 0.0736923217773438
0.054779052734375 0.103225708007812 0.0128555297851563 0.08489990234375
0.0884017944335938 0.0314178466796875 0.0460472106933594 0.0611495971679688
0.0797958374023438 -0.0283889770507813 0.0515861511230469 0.0231895446777344
0.0276947021484375 -0.0689773559570313 0.028717041015625 -0.00688743591308594
-0.0138778686523437 -0.072418212890625 0.0115232467651367 -0.000671386718750004
-0.01123046875 -0.0724105834960938 0.00798797607421875 0.0207080841064453
-0.0242919921875 -0.0761260986328125 -0.000288009643554686 0.0310516357421875
-0.00197601318359375 -0.0732345581054688 -0.0193023681640625 0.0355720520019531
0.0424041748046875 -0.0685234069824219 -0.0282764434814453 0.0230770111083984
0.0787582397460938 -0.0279388427734375 -0.0331878662109375 -0.00869178771972656
0.0790328979492188 0.0590972900390625 -0.0166015625 -0.0272502899169922
0.0346298217773437 0.0944976806640625 0.0160341262817383 -0.0107183456420898
-0.0238037109375 0.111824035644531 -0.0169944763183594 0.0452690124511719
-0.0495109558105469 0.061248779296875 0.0251693725585938 0.101516723632812
-0.0306625366210937 0.0760040283203125 -0.00272369384765624 0.0932159423828125
0.0256576538085937 0.08819580078125 0.002044677734375 0.0821914672851563
0.0645370483398438 0.0361709594726563 0.0270309448242188 0.0655364990234375
0.0663337707519531 -0.0145988464355469 0.0340156555175781 0.0384140014648438
0.0272903442382813 -0.0549888610839844 0.0236740112304688 0.0183334350585937
-0.00805282592773438 -0.06036376953125 0.0195579528808594 0.0239181518554687
-0.00748443603515625 -0.0607643127441406 0.0178756713867188 0.0400009155273437
-0.0176544189453125 -0.0658416748046875 0.00953292846679688 0.0513954162597656
0.00143814086914063 -0.0635452270507813 -0.0157546997070313 0.055328369140625
0.0405387878417969 -0.0572509765625 -0.0305938720703125 0.0383148193359375
0.0692520141601563 -0.0168342590332031 -0.03839111328125 0.00325775146484375
0.0586090087890625 0.0602149963378906 -0.0210437774658203 -0.0209178924560547
0.0103378295898438 0.0815353393554687 0.0178070068359375 0.00575828552246094
-0.0389785766601563 0.0778350830078125 -0.0275192260742188 0.0748672485351563
-0.0463943481445313 0.00726318359375 0.0124359130859375 0.117469787597656
-0.0395660400390625 0.0327224731445313 -0.00449371337890626 0.101425170898438
-0.00442886352539063 0.0557937622070313 -0.00394439697265625 0.07330322265625
0.0313243865966797 0.0307960510253906 0.012969970703125 0.064697265625
0.0404434204101563 -0.000919342041015625 0.0205039978027344 0.046722412109375
0.0211582183837891 -0.0320243835449219 0.0210723876953125 0.0354461669921875
-0.00136947631835938 -0.0387306213378906 0.0264816284179687 0.0418968200683594
-0.00162887573242187 -0.0407752990722656 0.0246505737304688 0.0534515380859375
-0.007598876953125 -0.0470619201660156 0.0157737731933594 0.0672836303710938
0.00508880615234376 -0.0460357666015625 -0.0154495239257812 0.0704269409179688
0.0346488952636719 -0.0393486022949219 -0.0353965759277344 0.0498123168945313
0.0520515441894531 -0.0050201416015625 -0.0458793640136719 0.0116653442382812
0.032684326171875 0.0537071228027344 -0.0267696380615234 -0.0180950164794922
-0.0147132873535156 0.0592727661132813 0.0135688781738281 0.0167322158813477
-0.0485267639160156 0.0337867736816406 -0.0419540405273437 0.0917587280273437
0.0465469360351563 0.0172462463378906 0.0376358032226562 -0.105186462402344
0.0238094329833984 -0.0270938873291016 -0.0113811492919922 -0.0259418487548828
-0.010467529296875 -0.0294361114501953 0.0332527160644531 0.0231800079345703
-0.0266304016113281 -0.00540924072265625 0.0661659240722656 -0.0108757019042969
-0.0214653015136719 0.0143451690673828 0.0495719909667969 -0.0559883117675781
-0.00399398803710937 0.0250034332275391 0.0120697021484375 -0.082244873046875
0.000202178955078123 0.0183010101318359 -0.0288848876953125 -0.0773849487304688
-0.00292587280273438 0.0138225555419922 -0.0325736999511719 -0.0602645874023438
-0.00504207611083984 0.0137739181518555 -0.0339889526367187 -0.0503311157226563
-0.0111255645751953 0.00613784790039062 -0.024810791015625 -0.0486297607421875
-0.0121641159057617 -0.00936412811279297 -0.021575927734375 -0.0517425537109375
0.00359344482421875 -0.0274562835693359 -0.0118293762207031 -0.0659866333007813
0.0336437225341797 -0.0156612396240234 0.009033203125 -0.0741195678710938
0.0492973327636719 0.0128593444824219 -0.000457763671875002 -0.100387573242188
0.0451927185058594 0.0417022705078125 -0.00735473632812499 -0.126121520996094
0.0400772094726563 0.0686607360839844 0.0527496337890625 -0.096038818359375
0.0376777648925781 0.0135459899902344 -0.0040435791015625 -0.0218639373779297
0.0266265869140625 -0.00683784484863281 0.0395050048828125 0.0324478149414063
0.00718784332275391 -0.0126018524169922 0.0756149291992188 -0.00579833984375
0.000235557556152343 -0.01007080078125 0.0600051879882812 -0.0562591552734375
-0.00478172302246094 -0.00479507446289062 0.01568603515625 -0.0853500366210937
-0.01177978515625 -0.00971794128417969 -0.0279159545898438 -0.0779647827148438
-0.0102176666259766 -0.0148887634277344 -0.0306510925292969 -0.0562286376953125
-0.0143165588378906 -0.0158872604370117 -0.0334281921386719 -0.0465354919433594
-0.0062713623046875 -0.0220298767089844 -0.02734375 -0.0433120727539063
0.0104236602783203 -0.0292186737060547 -0.0237312316894531 -0.0448989868164062
0.03717041015625 -0.0267562866210938 -0.0150146484375 -0.0613975524902344
0.0586280822753906 0.0151748657226562 0.00285720825195313 -0.06634521484375
0.0575180053710938 0.0520820617675781 -0.0035247802734375 -0.089019775390625
0.0355987548828125 0.0897064208984375 -0.0063629150390625 -0.106544494628906
0.0244216918945312 0.111183166503906 0.0634422302246094 -0.0701255798339844
0.0416450500488281 0.0580825805664063 0.00327444076538086 -0.00694990158081054
0.0611419677734375 0.0257339477539063 0.0430984497070313 0.0478630065917969
0.0459480285644531 -0.0124702453613281 0.082275390625 0.0067596435546875
0.0280532836914062 -0.0310764312744141 0.0695571899414063 -0.0467910766601563
-0.000553131103515622 -0.0355682373046875 0.0213851928710938 -0.0794906616210938
-0.0206642150878906 -0.0372161865234375 -0.0217132568359375 -0.0697479248046875
-0.0160942077636719 -0.0420341491699219 -0.0240020751953125 -0.0433082580566406
-0.0232124328613281 -0.0433769226074219 -0.0291728973388672 -0.0330944061279297
-0.00509262084960938 -0.0471305847167969 -0.0294761657714844 -0.0285568237304688
0.0256576538085937 -0.0501594543457031 -0.0278568267822266 -0.0316143035888672
0.0619544982910156 -0.0327644348144531 -0.0219230651855469 -0.0522308349609375
0.0814666748046875 0.0344696044921875 -0.00512695312499999 -0.057769775390625
0.0659942626953125 0.0792160034179688 -0.00312042236328125 -0.0716781616210938
0.026336669921875 0.123626708984375 -0.00713348388671875 -0.0736236572265625
0.00263977050781251 0.135589599609375 0.0669708251953125 -0.0285568237304687
0.0337066650390625 0.094970703125 0.00794410705566407 0.0180206298828125
0.0833587646484375 0.0614776611328125 0.0405426025390625 0.0653610229492188
0.07916259765625 -0.003997802734375 0.0808944702148438 0.0263442993164063
0.0554161071777344 -0.0436744689941406 0.0736923217773437 -0.0274734497070313
0.00752639770507813 -0.059814453125 0.0270805358886719 -0.0625839233398438
-0.0239715576171875 -0.0594024658203125 -0.0116615295410156 -0.052154541015625
-0.0192985534667969 -0.0624198913574219 -0.0145454406738281 -0.0243415832519531
-0.0300827026367187 -0.0635948181152344 -0.021392822265625 -0.0134010314941406
-0.00740432739257812 -0.0650901794433594 -0.0282840728759766 -0.00786209106445313
0.0330696105957031 -0.0665550231933594 -0.0299320220947266 -0.0132827758789063
0.0763168334960937 -0.0396652221679687 -0.028106689453125 -0.0383758544921875
0.0957565307617188 0.0434188842773438 -0.0121192932128906 -0.0471458435058594
0.06884765625 0.092803955078125 0.00093460083007813 -0.0517997741699219
0.0157241821289063 0.139114379882813 -0.00849723815917969 -0.0328788757324219
-0.0205307006835937 0.135391235351563 0.0604362487792969 0.01959228515625
0.0146560668945312 0.114509582519531 0.00800704956054688 0.0475654602050781
0.0842742919921875 0.0908889770507813 0.0315322875976563 0.0798263549804688
0.0969390869140625 0.0115127563476563 0.0695686340332031 0.0458831787109375
0.0752716064453125 -0.0446624755859375 0.0685768127441406 -0.00299072265625
0.0169296264648437 -0.073089599609375 0.02972412109375 -0.0372505187988281
-0.0234909057617188 -0.0718841552734375 0.000215530395507813 -0.0284309387207031
-0.0198211669921875 -0.0731658935546875 -0.0024566650390625 -0.00181031227111817
-0.0335235595703125 -0.0746536254882813 -0.0101375579833984 0.00983428955078124
-0.0083465576171875 -0.074249267578125 -0.0238018035888672 0.0155715942382812
0.0363845825195313 -0.0747222900390625 -0.0294208526611328 0.00647926330566405
0.0808258056640625 -0.0410614013671875 -0.0327415466308594 -0.0229759216308594
0.0962905883789063 0.0498123168945313 -0.0158157348632812 -0.0367240905761719
0.0604171752929687 0.0974197387695313 0.00911903381347657 -0.0311851501464844
0.000968933105468741 0.135498046875 -0.0106143951416016 0.00934028625488282
-0.0379257202148437 0.110626220703125 0.0480384826660156 0.0657424926757812
-0.00852203369140625 0.108421325683594 0.00569915771484374 0.0749969482421875
0.063995361328125 0.101737976074219 0.0190505981445312 0.0861740112304688
0.0919418334960938 0.0262527465820313 0.0514373779296875 0.0605049133300781
0.0795669555664063 -0.0346908569335938 0.0548019409179688 0.0206947326660156
0.0230255126953125 -0.0720367431640625 0.0289077758789063 -0.00846290588378907
-0.0196304321289063 -0.0722427368164063 0.0116462707519531 -0.00168800354003907
-0.0173110961914062 -0.07305908203125 0.00986671447753906 0.0201492309570312
-0.0309219360351563 -0.0755844116210937 0.00176048278808593 0.0319747924804687
-0.00728607177734375 -0.073760986328125 -0.0180931091308594 0.0377616882324219
0.037567138671875 -0.0725250244140625 -0.0282344818115234 0.0243434906005859
0.0784683227539063 -0.0347061157226563 -0.0350208282470703 -0.00771522521972657
0.0852737426757813 0.0551834106445313 -0.0189418792724609 -0.0269680023193359
0.041107177734375 0.0943527221679687 0.0156927108764648 -0.0125656127929687
-0.0165023803710937 0.116081237792969 -0.0142898559570312 0.0479469299316406
-0.0465354919433594 0.0663414001464844 0.03216552734375 0.10107421875
-0.0269699096679687 0.079742431640625 0.0017242431640625 0.09478759765625
0.0326919555664063 0.0885848999023438 0.00699615478515624 0.0841293334960938
0.0686607360839844 0.0329971313476562 0.0319442749023438 0.0661773681640625
0.0668830871582031 -0.0205421447753906 0.0378494262695313 0.0372123718261719
0.0239639282226563 -0.057861328125 0.0255546569824219 0.0173854827880859
-0.0127410888671875 -0.0606117248535156 0.0221309661865234 0.0225372314453125
-0.0121917724609375 -0.0619163513183594 0.020904541015625 0.0393562316894531
-0.0233268737792969 -0.0658607482910156 0.0132942199707031 0.0525093078613281
-0.00300598144531251 -0.0647087097167969 -0.01318359375 0.0579566955566406
0.0367546081542969 -0.0616722106933594 -0.0294647216796875 0.0405540466308594
0.0700569152832031 -0.0225067138671875 -0.0398902893066406 0.00474929809570312
0.0647010803222656 0.0580253601074219 -0.0230236053466797 -0.0206489562988281
0.0158843994140625 0.0829696655273438 0.018768310546875 0.00373268127441407
-0.0345382690429687 0.08251953125 -0.0231552124023438 0.0782546997070313
-0.0469779968261719 0.0103874206542969 0.0205001831054687 0.118446350097656
-0.0383529663085938 0.0362510681152344 0.000602722167968751 0.103248596191406
-0.000385284423828127 0.0575942993164063 -0.000160217285156254 0.0758056640625
0.0341167449951172 0.0290126800537109 0.017333984375 0.0659255981445313
0.0416641235351562 -0.00466156005859375 0.0245628356933594 0.0467910766601563
0.0189952850341797 -0.0342540740966797 0.0235595703125 0.0354690551757812
-0.00449752807617188 -0.0389747619628906 0.029876708984375 0.0406341552734375
-0.00505828857421875 -0.0414543151855469 0.029205322265625 0.0522651672363281
-0.012237548828125 -0.0477485656738281 0.0211334228515625 0.0678787231445312
0.00135421752929688 -0.0474090576171875 -0.0114364624023437 0.0735626220703125
0.03240966796875 -0.0434532165527344 -0.0337905883789063 0.052947998046875
0.0534782409667969 -0.00922393798828125 -0.0465354919433594 0.0141181945800781
0.0379600524902344 0.0537910461425781 -0.0288219451904297 -0.0170040130615234
-0.01116943359375 0.0617637634277344 0.0154972076416016 0.0151987075805664
-0.0479774475097656 0.0378608703613281 -0.0368804931640625 0.0961456298828125
0.0476341247558594 0.0137786865234375 0.0295791625976563 -0.106208801269531
0.0217361450195313 -0.0284881591796875 -0.0134239196777344 -0.0232486724853516
-0.0129070281982422 -0.0288963317871094 0.0348472595214844 0.0209426879882813
-0.0273590087890625 -0.00314903259277344 0.0658340454101563 -0.014404296875
-0.0204582214355469 0.0165252685546875 0.0460586547851562 -0.0586662292480469
-0.00114822387695313 0.0254077911376953 0.00751495361328125 -0.0827713012695313
0.00263023376464844 0.0179615020751953 -0.03387451171875 -0.0745315551757812
-0.00132179260253906 0.0139923095703125 -0.0368461608886719 -0.0574951171875
-0.00376510620117187 0.0142173767089844 -0.0377769470214844 -0.04718017578125
-0.0100584030151367 0.00700759887695313 -0.0284080505371094 -0.0472259521484375
-0.0125246047973633 -0.00798416137695312 -0.0250320434570313 -0.0500259399414063
0.00104904174804688 -0.0274600982666016 -0.0169944763183594 -0.0650711059570313
0.0318088531494141 -0.0183811187744141 0.00507354736328126 -0.07464599609375
0.0496597290039063 0.00911712646484375 -0.00630950927734375 -0.0989913940429688
0.0483245849609375 0.038482666015625 -0.0164108276367188 -0.123641967773438
0.0454292297363281 0.0645637512207031 0.0453643798828125 -0.0980758666992187
0.0381698608398438 0.0106582641601563 -0.00607681274414062 -0.0203342437744141
0.025543212890625 -0.00888633728027344 0.0420761108398438 0.02978515625
0.0057525634765625 -0.0125513076782227 0.07550048828125 -0.0102386474609375
-0.00086498260498047 -0.0085444450378418 0.0562705993652344 -0.0591964721679688
-0.00411272048950195 -0.00365567207336426 0.0102920532226563 -0.0862655639648438
-0.0117950439453125 -0.0082244873046875 -0.03289794921875 -0.0753936767578125
-0.0109272003173828 -0.0139532089233398 -0.0343475341796875 -0.0535774230957031
-0.014704704284668 -0.0144071578979492 -0.0370368957519531 -0.0435295104980469
-0.00699424743652344 -0.0206050872802734 -0.0309944152832031 -0.0416450500488281
0.00872039794921875 -0.0287685394287109 -0.0274009704589844 -0.0439414978027344
0.0346031188964844 -0.0290451049804688 -0.01971435546875 -0.0607147216796875
0.0585517883300781 0.0112075805664063 -0.000610351562499996 -0.0667953491210938
0.0600814819335938 0.0476608276367188 -0.00894927978515624 -0.0876846313476563
0.04193115234375 0.0868988037109375 -0.0141143798828125 -0.10467529296875
0.0327224731445313 0.107734680175781 0.0571746826171875 -0.0736083984375
0.0447883605957031 0.0547866821289063 0.00130319595336914 -0.00585556030273437
0.0628929138183594 0.0208473205566406 0.0466079711914063 0.0450019836425781
0.0440292358398438 -0.0151786804199219 0.0827560424804688 0.00247955322265625
0.0249156951904297 -0.0322818756103516 0.06658935546875 -0.0505905151367188
-0.00238227844238282 -0.0341053009033203 0.0163650512695313 -0.0796661376953125
-0.0220527648925781 -0.0353240966796875 -0.0263404846191406 -0.0675239562988281
-0.0187530517578125 -0.040557861328125 -0.0272331237792969 -0.0417251586914063
-0.0256385803222656 -0.0406036376953125 -0.0317649841308594 -0.0306758880615234
-0.0077972412109375 -0.0455436706542969 -0.0318775177001953 -0.0267791748046875
0.0222969055175781 -0.0503196716308594 -0.0307102203369141 -0.0301265716552734
0.0592231750488281 -0.0367279052734375 -0.0262908935546875 -0.0516471862792969
0.0827789306640625 0.0283737182617188 -0.00814056396484375 -0.0574836730957031
0.0701217651367188 0.0741348266601563 -0.007904052734375 -0.07061767578125
0.0347671508789062 0.120964050292969 -0.0127716064453125 -0.0717697143554687
0.0125885009765625 0.134048461914063 0.0636940002441406 -0.0330772399902344
0.0396804809570313 0.0922088623046875 0.00732612609863282 0.0182609558105469
0.0871810913085938 0.0548782348632813 0.0449600219726563 0.0623588562011719
0.0775527954101563 -0.00894927978515625 0.08251953125 0.0220184326171875
0.0512580871582031 -0.0475006103515625 0.0719375610351562 -0.0321044921875
0.00378799438476562 -0.0590782165527344 0.0229110717773438 -0.0632896423339844
-0.0273628234863281 -0.0563888549804688 -0.0150032043457031 -0.0512237548828125
-0.0233726501464844 -0.0603523254394531 -0.0159835815429687 -0.0240764617919922
-0.0340576171875 -0.0602607727050781 -0.0221500396728516 -0.0118236541748047
-0.0115013122558594 -0.0631027221679688 -0.0289878845214844 -0.00572204589843751
0.0278053283691406 -0.0676994323730469 -0.0317020416259766 -0.0120468139648437
0.0726547241210938 -0.0444183349609375 -0.0317916870117187 -0.0373420715332031
0.0980911254882813 0.0366439819335938 -0.0141448974609375 -0.0463981628417969
0.0739288330078125 0.0876083374023438 -0.00226211547851562 -0.0521163940429688
0.0256500244140625 0.137077331542969 -0.0112667083740234 -0.0315322875976562
-0.0104446411132813 0.135726928710938 0.0601806640625 0.0151252746582031
0.02197265625 0.112899780273438 0.00950241088867187 0.0471534729003906
0.0899124145507813 0.08392333984375 0.0372085571289063 0.0772247314453125
0.096221923828125 0.0046234130859375 0.0723648071289063 0.0421218872070313
0.0706939697265625 -0.0496597290039063 0.0682945251464844 -0.00749588012695313
0.011505126953125 -0.07293701171875 0.0271339416503906 -0.03857421875
-0.0279808044433594 -0.0685844421386719 -0.00206375122070313 -0.0282726287841797
-0.0250015258789063 -0.0715179443359375 -0.00243496894836426 -0.00213146209716797
-0.0383987426757813 -0.070892333984375 -0.00955867767333985 0.0106477737426758
-0.0133132934570312 -0.0724029541015625 -0.0231876373291016 0.0171356201171875
0.0304946899414063 -0.0759201049804688 -0.0296249389648437 0.00753402709960937
0.07684326171875 -0.0462799072265625 -0.0344791412353515 -0.0219154357910156
0.0992202758789063 0.0426712036132812 -0.0175323486328125 -0.0357208251953125
0.0661087036132813 0.0923919677734375 0.00701141357421875 -0.0326309204101562
0.0104446411132813 0.134750366210938 -0.0101242065429688 0.010127067565918
-0.0297088623046875 0.112510681152344 0.0512962341308594 0.0613021850585938
-0.00156402587890624 0.108589172363281 0.0089263916015625 0.0743179321289063
0.071044921875 0.0963821411132813 0.024627685546875 0.0843887329101563
0.0925216674804688 0.0198135375976563 0.0553054809570313 0.0571632385253906
0.076171875 -0.04034423828125 0.056732177734375 0.0168724060058594
0.018157958984375 -0.0725631713867188 0.0279617309570313 -0.00997734069824219
-0.0242652893066406 -0.0690879821777344 0.0111970901489258 -0.00266647338867188
-0.022491455078125 -0.0710983276367188 0.0113964080810547 0.0187911987304687
-0.0365676879882813 -0.0717849731445312 0.00404167175292969 0.0318355560302734
-0.0124969482421875 -0.0720977783203125 -0.0157890319824219 0.0390434265136719
0.0315017700195313 -0.0739669799804688 -0.0274410247802734 0.02532958984375
0.0749053955078125 -0.0398941040039063 -0.0361557006835937 -0.00669097900390626
0.0888519287109375 0.0490875244140625 -0.0204315185546875 -0.0257511138916016
0.0469894409179687 0.0908660888671875 0.0150413513183594 -0.0144977569580078
-0.0085906982421875 0.116874694824219 -0.011383056640625 0.0479316711425781
-0.0417671203613281 0.0686721801757813 0.0376968383789063 0.097259521484375
-0.0217208862304688 0.080902099609375 0.00617218017578124 0.0938949584960938
0.0391387939453125 0.0860443115234375 0.0121383666992187 0.083343505859375
0.0699043273925781 0.0277900695800781 0.0360946655273438 0.0643196105957031
0.064483642578125 -0.0253105163574219 0.0408935546875 0.034271240234375
0.0194015502929687 -0.0586814880371094 0.0262508392333984 0.0157794952392578
-0.0167655944824219 -0.0582313537597656 0.0230998992919922 0.0213031768798828
-0.0164604187011719 -0.0604743957519531 0.0243301391601563 0.0369033813476563
-0.0285453796386719 -0.0632553100585938 0.0167427062988281 0.0508460998535156
-0.00812530517578125 -0.0632553100585938 -0.00922012329101562 0.0585708618164062
0.0318679809570313 -0.0631942749023438 -0.027496337890625 0.0412101745605469
0.0675125122070313 -0.0276947021484375 -0.0396804809570312 0.00631332397460937
0.0684356689453125 0.0530548095703125 -0.0239219665527344 -0.0190219879150391
0.0210037231445313 0.0812911987304688 0.0189704895019531 0.0016632080078125
-0.0289764404296875 0.084320068359375 -0.0173263549804688 0.0784683227539063
-0.0460968017578125 0.0135002136230469 0.028045654296875 0.115577697753906
-0.0358390808105469 0.0387001037597656 0.00603485107421874 0.101478576660156
0.00442504882812499 0.0573043823242188 0.00353240966796874 0.0752716064453125
0.0359840393066406 0.0267410278320313 0.0215950012207031 0.0650482177734375
0.0407562255859375 -0.00790786743164063 0.0279197692871094 0.0447578430175781
0.0162620544433594 -0.0349769592285156 0.0260238647460938 0.033935546875
-0.007537841796875 -0.0381355285644531 0.0324745178222656 0.0382270812988281
-0.00864791870117188 -0.0406990051269531 0.0331001281738281 0.0497474670410156
-0.0160179138183594 -0.046600341796875 0.0259819030761719 0.0661163330078125
-0.00223159790039062 -0.0469551086425781 -0.00628662109375001 0.073883056640625
0.0283279418945312 -0.0456047058105469 -0.0308189392089844 0.0538825988769531
0.0527000427246094 -0.0132980346679688 -0.0454597473144531 0.016265869140625
0.0422821044921875 0.0506134033203125 -0.0298061370849609 -0.0155391693115234
-0.00708007812499999 0.0625534057617188 0.0162620544433594 0.0127038955688477
-0.0448570251464844 0.0408287048339844 -0.029510498046875 0.09722900390625
0.0471916198730469 0.0106239318847656 0.0242385864257812 -0.103591918945313
0.0202617645263672 -0.0290908813476562 -0.0138282775878906 -0.0209121704101563
-0.0138359069824219 -0.0272674560546875 0.0350742340087891 0.0195446014404297
-0.0275516510009766 -0.00168991088867187 0.0642013549804688 -0.0162544250488281
-0.0190525054931641 0.0183544158935547 0.0431404113769531 -0.05841064453125
0.00107574462890625 0.0252017974853516 0.00450134277343749 -0.0816497802734375
0.00402259826660156 0.0169410705566406 -0.03619384765625 -0.0713424682617187
-0.000349044799804687 0.0132246017456055 -0.0386619567871094 -0.0539093017578125
-0.00228023529052734 0.0136346817016602 -0.0396156311035156 -0.0439414978027344
-0.00887584686279297 0.00718402862548828 -0.0300064086914062 -0.0445632934570313
-0.0124197006225586 -0.00678825378417969 -0.0272636413574219 -0.0481643676757813
-0.000885009765625002 -0.0266246795654297 -0.0191688537597656 -0.0632972717285156
0.0299530029296875 -0.0192642211914062 0.00296783447265626 -0.0733642578125
0.0488777160644531 0.007171630859375 -0.00949096679687499 -0.09588623046875
0.0491905212402344 0.0350608825683594 -0.021026611328125 -0.118629455566406
0.04742431640625 0.060333251953125 0.0388641357421875 -0.0966033935546875
0.0378227233886719 0.0086212158203125 -0.00699806213378906 -0.0181636810302734
0.0243473052978516 -0.00996208190917969 0.0425834655761719 0.0277175903320312
0.00447559356689453 -0.0116491317749023 0.0736770629882813 -0.0123672485351563
-0.00148677825927734 -0.00734806060791016 0.0530776977539063 -0.0596504211425781
-0.00313234329223633 -0.00255131721496582 0.00756835937500001 -0.084259033203125
-0.0103511810302734 -0.00758934020996094 -0.0349807739257812 -0.0722122192382813
-0.0108785629272461 -0.0130748748779297 -0.0362167358398438 -0.0509529113769531
-0.0143899917602539 -0.0132770538330078 -0.0389595031738281 -0.0404891967773437
-0.00690650939941406 -0.0191593170166016 -0.032501220703125 -0.0390968322753906
0.00740242004394531 -0.0272617340087891 -0.0291595458984375 -0.0424461364746094
0.0316028594970703 -0.0293922424316406 -0.0225410461425781 -0.0595512390136719
0.0572853088378906 0.00814437866210938 -0.00212860107421875 -0.0657196044921875
0.0602073669433594 0.0438423156738281 -0.0116653442382812 -0.0844955444335938
0.0452041625976562 0.0829315185546875 -0.0179672241210937 -0.100494384765625
0.0368728637695313 0.102828979492188 0.0517044067382813 -0.0736846923828125
0.0461082458496094 0.0517997741699219 0.000319480895996096 -0.00447034835815429
0.0615768432617188 0.01702880859375 0.0477180480957031 0.041900634765625
0.0415115356445313 -0.0164337158203125 0.0814132690429688 0.000198364257812499
0.0225486755371094 -0.0315113067626953 0.0633087158203125 -0.0517463684082031
-0.00304031372070312 -0.0319232940673828 0.0134735107421875 -0.0788040161132813
-0.0224514007568359 -0.0324554443359375 -0.0284576416015625 -0.064483642578125
-0.0196952819824219 -0.0385093688964844 -0.028564453125 -0.0396652221679687
-0.0263442993164063 -0.0378684997558594 -0.0326652526855469 -0.0281906127929687
-0.00897598266601562 -0.0433502197265625 -0.0329704284667969 -0.0245704650878906
0.0191612243652344 -0.0489158630371094 -0.0321273803710938 -0.0286598205566406
0.0552177429199219 -0.0379371643066406 -0.0283851623535156 -0.0502510070800781
0.0816650390625 0.0243072509765625 -0.00937652587890625 -0.0565338134765625
0.0707550048828125 0.06878662109375 -0.010101318359375 -0.0687828063964844
0.0398101806640625 0.116531372070313 -0.0155792236328125 -0.0686912536621094
0.0187149047851563 0.129066467285156 0.0595245361328125 -0.0348587036132812
0.0428085327148438 0.0882568359375 0.00649261474609375 0.0184040069580078
0.087677001953125 0.0485000610351563 0.0464973449707031 0.0587844848632812
0.0749664306640625 -0.0123138427734375 0.0820846557617188 0.01904296875
0.0471343994140625 -0.0474433898925781 0.0692062377929688 -0.0337791442871094
0.000858306884765626 -0.0563888549804688 0.0205230712890625 -0.0627822875976563
-0.0285530090332031 -0.0530776977539063 -0.01715087890625 -0.0490684509277344
-0.0252532958984375 -0.0580596923828125 -0.0167522430419922 -0.0228595733642578
-0.0357742309570313 -0.056396484375 -0.02264404296875 -0.0100822448730469
-0.0134239196777344 -0.0602264404296875 -0.0292434692382813 -0.00479316711425782
0.0241355895996094 -0.0660438537597656 -0.0322227478027344 -0.0108165740966797
0.0676651000976563 -0.0465774536132813 -0.0332565307617188 -0.0363883972167969
0.097320556640625 0.03143310546875 -0.0152549743652344 -0.0453414916992188
0.0753402709960938 0.081756591796875 -0.00419235229492187 -0.0506401062011719
0.03118896484375 0.132575988769531 -0.0126628875732422 -0.0297908782958984
-0.00417327880859374 0.131980895996094 0.0585136413574219 0.0115280151367188
0.0260696411132812 0.108909606933594 0.00967788696289063 0.046173095703125
0.0920639038085938 0.0768508911132813 0.0390548706054688 0.0739364624023438
0.0933685302734375 0.00042724609375 0.072998046875 0.0392074584960938
0.0660743713378906 -0.0513153076171875 0.0667533874511719 -0.00961685180664063
0.00798034667968749 -0.070587158203125 0.0254135131835937 -0.0381355285644531
-0.0297393798828125 -0.0648345947265625 -0.0033111572265625 -0.0271701812744141
-0.0275611877441406 -0.0684585571289063 -0.00285744667053223 -0.00263190269470215
-0.0406417846679688 -0.0662956237792969 -0.0089101791381836 0.0108547210693359
-0.0161628723144531 -0.0689926147460937 -0.0226192474365234 0.0180263519287109
0.0253219604492188 -0.0745315551757813 -0.0297927856445312 0.00801467895507812
0.0725936889648438 -0.0485610961914063 -0.0355300903320313 -0.0206642150878906
0.098602294921875 0.0375823974609375 -0.0181179046630859 -0.0345535278320313
0.0680999755859375 0.0870819091796875 0.00552177429199219 -0.0324535369873047
0.0162353515625 0.131195068359375 -0.00936126708984375 0.0101299285888672
-0.0244064331054688 0.110176086425781 0.0515480041503906 0.0565071105957031
0.00230407714843749 0.106063842773438 0.00994110107421876 0.0717315673828125
0.0739593505859375 0.0901412963867188 0.0264129638671875 0.0812454223632813
0.0911865234375 0.0154876708984375 0.0564079284667969 0.0543289184570313
0.0719757080078125 -0.04290771484375 0.0563240051269531 0.0142860412597656
0.0142288208007812 -0.070404052734375 0.0271472930908203 -0.0104293823242188
-0.0261497497558594 -0.0657196044921875 0.0108480453491211 -0.00296497344970704
-0.02520751953125 -0.0682716369628906 0.0118427276611328 0.0170669555664062
-0.0389900207519531 -0.0677070617675781 0.00590133666992187 0.0312747955322266
-0.0152549743652344 -0.069000244140625 -0.0140342712402344 0.0390090942382812
0.0267562866210938 -0.0730514526367188 -0.0264759063720703 0.0252857208251953
0.0708541870117188 -0.042327880859375 -0.0363845825195312 -0.00597000122070312
0.0892257690429688 0.04400634765625 -0.0205192565917969 -0.0251750946044922
0.04962158203125 0.0866241455078125 0.0138463973999023 -0.015904426574707
-0.00283050537109375 0.11444091796875 -0.00913238525390624 0.0475196838378906
-0.0379371643066406 0.0685234069824219 0.0403060913085938 0.092498779296875
-0.018310546875 0.0796661376953125 0.00807952880859376 0.0908889770507813
0.0422897338867187 0.0814971923828125 0.0139083862304688 0.0803909301757813
0.0690383911132812 0.0241737365722656 0.03759765625 0.06219482421875
0.0614509582519531 -0.0274467468261719 0.0416297912597656 0.0320892333984375
0.0161209106445312 -0.0577774047851563 0.0265331268310547 0.0148468017578125
-0.0188789367675781 -0.0550727844238281 0.0235767364501953 0.0199337005615234
-0.0193061828613281 -0.0580177307128906 0.0256309509277344 0.0343151092529297
-0.0314521789550781 -0.0599021911621094 0.0191535949707031 0.0489730834960937
-0.01092529296875 -0.0608901977539063 -0.00722503662109375 0.0576972961425781
0.0270652770996094 -0.0628700256347656 -0.0258064270019531 0.0407981872558594
0.0640907287597656 -0.0305442810058594 -0.0393600463867187 0.00679779052734376
0.0696792602539063 0.0484428405761719 -0.0239944458007812 -0.0180530548095703
0.023712158203125 0.0790939331054688 0.018707275390625 -0.000467300415039058
-0.0242462158203125 0.0836563110351563 -0.013336181640625 0.0769729614257813
-0.0443229675292969 0.0144233703613281 0.0315780639648437 0.109931945800781
-0.0336761474609375 0.039276123046875 0.00885009765624999 0.0984268188476563
0.00772476196289063 0.05584716796875 0.00524902343750001 0.0731964111328125
0.0358657836914063 0.0243377685546875 0.0235404968261719 0.0632476806640625
0.0389938354492188 -0.00998306274414063 0.029510498046875 0.0430107116699219
0.0140876770019531 -0.03546142578125 0.0268726348876953 0.0322113037109375
-0.00941085815429688 -0.0363655090332031 0.0334320068359375 0.0354804992675781
-0.0106163024902344 -0.0396003723144531 0.0346717834472656 0.0461387634277344
-0.01873779296875 -0.0442237854003906 0.0283889770507813 0.063079833984375
-0.00482177734375 -0.0456428527832031 -0.00281524658203125 0.072479248046875
0.0248222351074219 -0.0455245971679687 -0.0282936096191406 0.0529251098632813
0.0507659912109375 -0.0160446166992188 -0.04461669921875 0.0168609619140625
0.0441703796386719 0.0475540161132813 -0.0297565460205078 -0.0141086578369141
-0.00453186035156249 0.0614089965820313 0.0166435241699219 0.01068115234375
-0.0423126220703125 0.0419273376464844 -0.024566650390625 0.095550537109375
0.0460548400878906 0.00946807861328125 0.0216293334960937 -0.101119995117188
0.0191516876220703 -0.029266357421875 -0.0142250061035156 -0.0194911956787109
-0.0143318176269531 -0.0263214111328125 0.0347499847412109 0.019287109375
-0.0270938873291016 -0.000368118286132818 0.0632400512695313 -0.0163764953613281
-0.0177173614501953 0.0188713073730469 0.0420989990234375 -0.0570259094238281
0.00251388549804688 0.0245456695556641 0.00350189208984375 -0.0804443359375
0.00500202178955078 0.0154790878295898 -0.0358772277832031 -0.0691909790039063
0.000179290771484376 0.0126113891601563 -0.0394706726074219 -0.0521240234375
-0.00139713287353516 0.0137882232666016 -0.0398139953613281 -0.0415000915527344
-0.00803661346435547 0.00739955902099609 -0.0307464599609375 -0.0433311462402344
-0.0118169784545898 -0.00565242767333984 -0.0282363891601562 -0.0472869873046875
-0.00182342529296875 -0.0254402160644531 -0.0200653076171875 -0.0619544982910156
0.0283660888671875 -0.0192584991455078 0.0030059814453125 -0.0725326538085938
0.0477294921875 0.00626754760742188 -0.0100784301757812 -0.0933074951171875
0.0487709045410156 0.0336112976074219 -0.0220260620117188 -0.114883422851562
0.0471878051757812 0.0573883056640625 0.0362930297851563 -0.0945663452148438
0.0371665954589844 0.00812530517578125 -0.00759124755859375 -0.0163545608520508
0.0230503082275391 -0.0101509094238281 0.0420989990234375 0.0267295837402344
0.00332546234130859 -0.0110483169555664 0.0726318359375 -0.0125045776367188
-0.00153160095214844 -0.0062870979309082 0.05157470703125 -0.0585403442382813
-0.00254368782043457 -0.00195860862731934 0.00655364990234375 -0.0834121704101563
-0.00955486297607422 -0.00717544555664062 -0.0353965759277344 -0.0696144104003906
-0.0101222991943359 -0.0128326416015625 -0.0368385314941406 -0.0494499206542969
-0.0136680603027344 -0.0122785568237305 -0.0388221740722656 -0.0383377075195313
-0.00650405883789062 -0.0185470581054688 -0.0328598022460938 -0.0378189086914063
0.00710105895996093 -0.0262451171875 -0.0294532775878906 -0.0409393310546875
0.0295219421386719 -0.0289592742919922 -0.0232696533203125 -0.0582656860351563
0.0554885864257812 0.0074615478515625 -0.00235366821289062 -0.0647697448730469
0.0590744018554688 0.0417442321777344 -0.0118560791015625 -0.0821990966796875
0.0460205078125 0.0799713134765625 -0.0195770263671875 -0.0972213745117188
0.0380020141601563 0.09930419921875 0.0485610961914063 -0.0724563598632813
0.0456619262695312 0.0495452880859375 -0.00104808807373047 -0.00356483459472656
0.0603523254394531 0.0148429870605469 0.047119140625 0.0405693054199219
0.0395469665527344 -0.0168266296386719 0.0802764892578125 -0.000373840332031251
0.0207843780517578 -0.0305309295654297 0.0615615844726562 -0.051025390625
-0.00298309326171875 -0.0305290222167969 0.0123291015625 -0.0772857666015625
-0.0216941833496094 -0.0312061309814453 -0.0290794372558594 -0.0626792907714844
-0.0196800231933594 -0.0370597839355469 -0.0285415649414063 -0.0386848449707031
-0.02606201171875 -0.0362205505371094 -0.0329914093017578 -0.0266494750976563
-0.00895309448242188 -0.0414161682128906 -0.0329704284667969 -0.0234699249267578
0.01849365234375 -0.0472030639648437 -0.0323104858398438 -0.0281944274902344
0.0529861450195313 -0.037872314453125 -0.029754638671875 -0.0498085021972656
0.080322265625 0.0227279663085938 -0.00917434692382812 -0.0556411743164063
0.0698356628417969 0.0660896301269531 -0.0106658935546875 -0.0666580200195312
0.0410079956054687 0.113044738769531 -0.0164947509765625 -0.0660972595214844
0.020751953125 0.125106811523437 0.0565948486328125 -0.0349311828613281
0.0427474975585938 0.0860443115234375 0.00545310974121094 0.0187263488769531
0.0860977172851562 0.0456924438476563 0.0460548400878906 0.05694580078125
0.0721054077148438 -0.0131683349609375 0.0810775756835938 0.0181732177734375
0.0446090698242188 -0.0466766357421875 0.0676956176757813 -0.0334358215332031
0.000690460205078121 -0.0539283752441406 0.0197372436523437 -0.0613555908203125
-0.028411865234375 -0.0509757995605469 -0.0178985595703125 -0.0476493835449219
-0.0261726379394531 -0.0558395385742188 -0.0167980194091797 -0.0224933624267578
-0.0354537963867187 -0.0536003112792969 -0.0225963592529297 -0.00939559936523438
-0.0135955810546875 -0.0576934814453125 -0.0295543670654297 -0.00385475158691406
0.0222549438476563 -0.0639533996582031 -0.0322399139404297 -0.0108413696289062
0.0648040771484375 -0.0466194152832031 -0.0343742370605469 -0.0362319946289063
0.0954437255859375 0.0292739868164063 -0.014984130859375 -0.0450515747070313
0.0739974975585938 0.0790328979492187 -0.0047454833984375 -0.0500106811523437
0.0331268310546875 0.129264831542969 -0.0132560729980469 -0.0286388397216797
-0.00188446044921874 0.128532409667969 0.0561065673828125 0.01019287109375
0.026824951171875 0.106170654296875 0.00813674926757813 0.0457916259765625
0.0909881591796875 0.0731201171875 0.038665771484375 0.0716552734375
0.0907516479492188 -0.00093841552734375 0.0725250244140625 0.0377426147460938
0.0631675720214844 -0.0511474609375 0.0655097961425781 -0.0102310180664063
0.00680160522460938 -0.0685081481933594 0.0244674682617187 -0.037445068359375
-0.0295181274414062 -0.0619926452636719 -0.00375556945800782 -0.0263309478759766
-0.0281906127929688 -0.0661354064941406 -0.00257039070129395 -0.00274896621704102
-0.0407524108886719 -0.0631561279296875 -0.00854015350341797 0.0108156204223633
-0.0166778564453125 -0.066497802734375 -0.02203369140625 0.0177459716796875
0.02386474609375 -0.072174072265625 -0.0299797058105469 0.00743484497070312
0.069244384765625 -0.0486831665039062 -0.0363044738769531 -0.0212516784667969
0.0976333618164063 0.0347671508789063 -0.0176105499267578 -0.0345973968505859
0.067352294921875 0.0839080810546875 0.00480270385742188 -0.0326118469238281
0.0183563232421875 0.128318786621094 -0.00922775268554687 0.0106258392333984
-0.0218124389648438 0.107490539550781 0.0501937866210938 0.0541419982910156
0.00347900390625 0.104011535644531 0.00901412963867188 0.0702323913574219
0.0739059448242188 0.086456298828125 0.026123046875 0.0790939331054688
0.0887451171875 0.0140914916992188 0.0559158325195313 0.0534820556640625
0.0688858032226563 -0.0426559448242188 0.0558700561523438 0.0130691528320312
0.0126686096191406 -0.0688209533691406 0.0267524719238281 -0.0102100372314453
-0.0264358520507813 -0.0633773803710937 0.0101175308227539 -0.00322151184082032
-0.0262413024902344 -0.0663490295410156 0.0118951797485352 0.0164299011230469
-0.0397377014160156 -0.0647010803222656 0.00570297241210937 0.0303936004638672
-0.0161476135253906 -0.0664482116699219 -0.0135726928710938 0.0383071899414062
0.0244216918945312 -0.0713882446289063 -0.0267238616943359 0.024383544921875
0.0678062438964844 -0.0428428649902344 -0.0363922119140625 -0.00640106201171876
0.0880661010742188 0.0412216186523438 -0.0199127197265625 -0.0252475738525391
0.04937744140625 0.083984375 0.012939453125 -0.0167131423950195
-0.000717163085937511 0.111701965332031 -0.00827407836914063 0.0459976196289063
-0.0358238220214844 0.0668525695800781 0.0401535034179688 0.088531494140625
-0.0171585083007812 0.0784912109375 0.0076904296875 0.08831787109375
0.0427703857421875 0.0785903930664062 0.0135574340820313 0.0788116455078125
0.0677108764648437 0.02252197265625 0.0376167297363281 0.060882568359375
0.0592002868652344 -0.0280723571777344 0.0417213439941406 0.0305709838867187
0.0148773193359375 -0.0564155578613281 0.0261096954345703 0.0143222808837891
-0.0196304321289062 -0.0530929565429687 0.0230464935302734 0.0186500549316406
-0.0204086303710938 -0.056304931640625 0.0251979827880859 0.032745361328125
-0.0321273803710938 -0.0576171875 0.0193634033203125 0.047271728515625
-0.0123405456542969 -0.0587158203125 -0.00627517700195312 0.0567283630371094
0.024932861328125 -0.0617103576660156 -0.0259971618652344 0.0397300720214844
0.0619316101074219 -0.0311126708984375 -0.0390968322753906 0.0062255859375
0.0697441101074219 0.0462532043457031 -0.0233135223388672 -0.0183181762695312
0.0242462158203125 0.077117919921875 0.0179557800292969 -0.00194168090820312
-0.0220870971679688 0.082489013671875 -0.0124893188476563 0.0749435424804688
-0.0430564880371094 0.0147743225097656 0.031524658203125 0.106147766113281
-0.0327415466308594 0.0392074584960938 0.00842285156249999 0.0957717895507813
0.00854110717773438 0.0543594360351562 0.00482177734375 0.0724716186523438
0.0356559753417969 0.0233840942382813 0.0235519409179687 0.0619926452636719
0.0378570556640625 -0.0108795166015625 0.029571533203125 0.0416603088378906
0.0128173828125 -0.0352287292480469 0.0266170501708984 0.0315208435058594
-0.00986099243164063 -0.0351715087890625 0.0336475372314453 0.0338802337646484
-0.0116386413574219 -0.0383071899414062 0.0350570678710937 0.0442161560058594
-0.0197486877441406 -0.0424690246582031 0.0289840698242188 0.0609321594238281
-0.00583267211914063 -0.0446243286132813 -0.0020294189453125 0.071258544921875
0.0231361389160156 -0.0453224182128906 -0.0276298522949219 0.0521163940429688
0.0490493774414063 -0.0169525146484375 -0.043426513671875 0.0167045593261719
0.0445175170898438 0.0452384948730469 -0.0292720794677734 -0.01434326171875
-0.00288391113281251 0.0611038208007813 0.0162258148193359 0.00876522064208985
-0.0403022766113281 0.041900634765625 -0.0224609375 0.092681884765625
0.0456962585449219 0.00886917114257813 0.0211029052734375 -0.100090026855469
0.0190048217773438 -0.0293540954589844 -0.0145149230957031 -0.0184288024902344
-0.0145912170410156 -0.0266914367675781 0.0343055725097656 0.0194435119628906
-0.0273704528808594 5.14984130859394E-05 0.0636711120605469 -0.0158729553222656
-0.0173110961914063 0.0199375152587891 0.0426902770996094 -0.0567131042480469
0.00356674194335937 0.0243721008300781 0.00401306152343751 -0.08056640625
0.00545692443847657 0.0154705047607422 -0.0362701416015625 -0.0693435668945313
0.000504493713378906 0.012939453125 -0.0393943786621094 -0.0517959594726562
-0.000829696655273436 0.0134687423706055 -0.0401344299316406 -0.0412254333496094
-0.00753593444824219 0.00736665725708008 -0.0308570861816406 -0.0432167053222656
-0.0116233825683594 -0.00546550750732422 -0.0281982421875 -0.0477485656738281
-0.00235366821289062 -0.0251846313476562 -0.0204277038574219 -0.0621566772460938
0.0278797149658203 -0.0190200805664063 0.00352478027343751 -0.0725936889648438
0.0477294921875 0.00580596923828125 -0.00925445556640625 -0.0923080444335938
0.0492668151855469 0.0329093933105469 -0.0219650268554688 -0.113296508789063
0.046783447265625 0.056854248046875 0.0354995727539063 -0.0930709838867188
0.03680419921875 0.00728607177734375 -0.00811290740966797 -0.015385627746582
0.0231647491455078 -0.0109195709228516 0.0415992736816406 0.0269203186035156
0.00307750701904297 -0.0106410980224609 0.0732879638671875 -0.0118942260742188
-0.00139284133911133 -0.00501632690429688 0.0527229309082031 -0.0579299926757813
-0.00131332874298096 -0.00182569026947022 0.00726318359375 -0.0833969116210937
-0.00918197631835938 -0.00751495361328125 -0.0355415344238281 -0.069976806640625
-0.0104494094848633 -0.0128631591796875 -0.0369186401367188 -0.0491485595703125
-0.0129508972167969 -0.0121555328369141 -0.0393714904785156 -0.0377388000488281
-0.00587272644042969 -0.0178127288818359 -0.0332450866699219 -0.0375862121582031
0.00729751586914063 -0.0255184173583984 -0.0300559997558594 -0.0416984558105469
0.0288562774658203 -0.0283946990966797 -0.0239105224609375 -0.0590057373046875
0.0550041198730469 0.00738143920898438 -0.00108718872070311 -0.0650863647460938
0.0587501525878906 0.0417938232421875 -0.011322021484375 -0.081390380859375
0.0464401245117188 0.0796737670898438 -0.0193405151367188 -0.0958480834960938
0.0379562377929687 0.09814453125 0.0474166870117188 -0.0716629028320312
0.0456123352050781 0.0492057800292969 -0.00205922126770019 -0.00236225128173828
0.0599327087402344 0.0144767761230469 0.0461578369140625 0.0409660339355469
0.0388908386230469 -0.0160675048828125 0.0812149047851562 0.000526428222656249
0.0206317901611328 -0.0294437408447266 0.062255859375 -0.0503921508789063
-0.0023956298828125 -0.0297050476074219 0.0132217407226563 -0.0773391723632813
-0.0211181640625 -0.0307540893554687 -0.0297698974609375 -0.0626449584960938
-0.0194969177246094 -0.0370292663574219 -0.0292167663574219 -0.0389747619628906
-0.0253486633300781 -0.0353279113769531 -0.0333709716796875 -0.0263576507568359
-0.00831985473632812 -0.0408172607421875 -0.0335006713867187 -0.0233249664306641
0.0184364318847656 -0.0463142395019531 -0.03326416015625 -0.0282039642333984
0.0519599914550781 -0.0372467041015625 -0.0306282043457031 -0.0504684448242187
0.0795211791992187 0.0224990844726562 -0.00835418701171874 -0.0563812255859375
0.0690231323242188 0.0659294128417969 -0.0104103088378906 -0.0666847229003906
0.0413131713867187 0.112495422363281 -0.0165328979492187 -0.0650177001953125
0.020599365234375 0.123817443847656 0.0554428100585938 -0.0348396301269531
0.0424957275390625 0.0856246948242188 0.00386810302734375 0.0195293426513672
0.0860443115234375 0.044525146484375 0.0453453063964844 0.0571708679199219
0.0712738037109375 -0.0132064819335938 0.0813827514648438 0.0190887451171875
0.0442390441894531 -0.0461044311523438 0.0685386657714844 -0.0331039428710938
0.00110626220703125 -0.0535430908203125 0.0198898315429687 -0.0613212585449219
-0.0281028747558594 -0.0503883361816406 -0.0179557800292969 -0.0474090576171875
-0.0259819030761719 -0.0558700561523438 -0.0169601440429687 -0.0226974487304688
-0.0355224609375 -0.0527267456054687 -0.0229263305664063 -0.00887489318847657
-0.0131568908691406 -0.0571937561035156 -0.0301933288574219 -0.00353622436523438
0.022369384765625 -0.0626640319824219 -0.0333633422851562 -0.0113124847412109
0.0640983581542969 -0.045684814453125 -0.0356178283691406 -0.0372314453125
0.0948104858398438 0.0291595458984375 -0.0137901306152344 -0.0459785461425781
0.0733184814453125 0.0786666870117188 -0.0045928955078125 -0.0499076843261719
0.0334014892578125 0.128837585449219 -0.0131244659423828 -0.0282211303710937
-0.00208282470703125 0.126953125 0.0550575256347656 0.0102348327636719
0.0262680053710937 0.106460571289062 0.0067291259765625 0.0459251403808594
0.0909423828125 0.0717697143554688 0.0379867553710938 0.0714340209960938
0.0901031494140625 -0.0010833740234375 0.0726089477539063 0.0388107299804688
0.0626220703125 -0.0508155822753906 0.0663833618164063 -0.00969314575195313
0.00713348388671875 -0.0673942565917969 0.0249176025390625 -0.0376319885253906
-0.0292892456054687 -0.061492919921875 -0.00430107116699219 -0.0266189575195313
-0.0286865234375 -0.0661659240722656 -0.00273966789245606 -0.00353193283081055
-0.040771484375 -0.0623626708984375 -0.00897789001464844 0.0108671188354492
-0.0162696838378906 -0.065277099609375 -0.0226268768310547 0.0180549621582031
0.023223876953125 -0.07110595703125 -0.0309505462646484 0.00704956054687499
0.0684318542480469 -0.0480918884277344 -0.0376663208007812 -0.0223197937011719
0.0974578857421875 0.0346145629882813 -0.0172386169433594 -0.0357818603515625
0.06671142578125 0.0837554931640625 0.00505447387695313 -0.0330715179443359
0.0189208984375 0.127960205078125 -0.00888824462890625 0.0104408264160156
-0.0223159790039063 0.106575012207031 0.0492744445800781 0.0535507202148438
0.00328826904296874 0.103744506835938 0.0072021484375 0.0704879760742188
0.07330322265625 0.085968017578125 0.0249252319335938 0.07928466796875
0.0880203247070313 0.0144119262695313 0.0561332702636719 0.0541152954101563
0.0691604614257813 -0.0424880981445313 0.0561676025390625 0.0135231018066406
0.012939453125 -0.06805419921875 0.0271701812744141 -0.0100841522216797
-0.0262107849121094 -0.0625152587890625 0.0101222991943359 -0.00318622589111329
-0.0267219543457031 -0.0661544799804688 0.0118770599365234 0.0153665542602539
-0.0399513244628906 -0.0636405944824219 0.00583267211914062 0.0299396514892578
-0.0164108276367187 -0.0654830932617188 -0.0141372680664063 0.0385551452636719
0.0236663818359375 -0.0704193115234375 -0.0276126861572266 0.02349853515625
0.0675163269042969 -0.0429840087890625 -0.0378227233886719 -0.00746154785156251
0.08868408203125 0.0407028198242188 -0.0197162628173828 -0.0263519287109375
0.0488510131835937 0.0841293334960938 0.0131673812866211 -0.0171661376953125
-0.000267028808593739 0.111808776855469 -0.0081024169921875 0.0457305908203125
-0.0362625122070313 0.0660476684570313 0.0387115478515625 0.0880661010742188
-0.0176239013671875 0.0788497924804688 0.00560760498046875 0.0882034301757812
0.042999267578125 0.0783615112304688 0.0120391845703125 0.0788040161132813
0.0670852661132813 0.0229606628417969 0.0376777648925781 0.0614509582519531
0.0592079162597656 -0.0281906127929688 0.0418586730957031 0.0311241149902344
0.0147895812988281 -0.0559425354003906 0.0266876220703125 0.0147342681884766
-0.0192985534667969 -0.0530433654785156 0.0232524871826172 0.0184097290039062
-0.0208206176757812 -0.0565032958984375 0.0253067016601563 0.03173828125
-0.0326271057128906 -0.0565376281738281 0.0195198059082031 0.0468788146972656
-0.0124397277832031 -0.0581016540527344 -0.00648117065429687 0.0571861267089844
0.0243339538574219 -0.06121826171875 -0.0267791748046875 0.0389595031738281
0.0607185363769531 -0.0315475463867188 -0.0398979187011719 0.00501632690429688
0.0702705383300781 0.0458259582519531 -0.0227909088134766 -0.0190753936767578
0.024505615234375 0.0775527954101563 0.0179252624511719 -0.00304031372070312
-0.0217742919921875 0.0822219848632813 -0.012237548828125 0.0740127563476563
-0.0434303283691406 0.014190673828125 0.0306854248046875 0.10491943359375
-0.0332450866699219 0.0390205383300781 0.00692749023437499 0.0952301025390625
0.00904464721679688 0.0542755126953125 0.00370788574218749 0.0725860595703125
0.0353279113769531 0.0232925415039063 0.0233230590820313 0.0626487731933594
0.0379486083984375 -0.0110816955566406 0.0296211242675781 0.0415000915527344
0.0122566223144531 -0.0350837707519531 0.0270328521728516 0.0318965911865234
-0.0106468200683594 -0.0351791381835938 0.0335960388183594 0.0335140228271484
-0.0127220153808594 -0.0382537841796875 0.034881591796875 0.0435943603515625
-0.020721435546875 -0.0422592163085938 0.0292320251464844 0.0603256225585938
-0.00648117065429688 -0.0439300537109375 -0.001800537109375 0.0710296630859375
0.0222053527832031 -0.0453071594238281 -0.0282821655273438 0.0509567260742187
0.04888916015625 -0.0177154541015625 -0.04400634765625 0.01531982421875
0.0458145141601563 0.0448417663574219 -0.0289440155029297 -0.0150966644287109
-0.0027923583984375 0.0607833862304687 0.0159387588500977 0.00762557983398438
-0.0405120849609375 0.041748046875 -0.0230026245117188 0.091461181640625
0.0462303161621094 0.00893402099609375 0.0208511352539063 -0.10174560546875
0.0192966461181641 -0.0306720733642578 -0.0150890350341797 -0.0178413391113281
-0.0154323577880859 -0.0272083282470703 0.0352935791015625 0.0201644897460937
-0.0281963348388672 0.00112342834472657 0.0652885437011719 -0.0162811279296875
-0.0169677734375 0.0212631225585938 0.0449295043945312 -0.0576820373535156
0.00454902648925781 0.0243244171142578 0.0041351318359375 -0.0830001831054688
0.00577163696289062 0.0151681900024414 -0.0377578735351563 -0.07086181640625
0.000716209411621094 0.0128173828125 -0.0410423278808594 -0.0526885986328125
-0.000391006469726563 0.013585090637207 -0.0415992736816406 -0.0414047241210938
-0.00640249252319336 0.00766134262084961 -0.0324668884277344 -0.0441398620605469
-0.0112133026123047 -0.00508308410644531 -0.0295944213867188 -0.0490226745605469
-0.00334930419921875 -0.0249786376953125 -0.021331787109375 -0.0636520385742188
0.0274791717529297 -0.0196685791015625 0.00506591796875 -0.0745849609375
0.0488510131835938 0.00539779663085938 -0.00817108154296875 -0.09375
0.0510025024414063 0.0327644348144531 -0.0224227905273437 -0.114768981933594
0.047698974609375 0.0575370788574219 0.0352630615234375 -0.0947723388671875
0.0373878479003906 0.00680923461914063 -0.00920295715332031 -0.0146799087524414
0.0224380493164062 -0.0116291046142578 0.0422630310058594 0.0280494689941406
0.00236225128173828 -0.0100669860839844 0.0752716064453125 -0.011688232421875
-0.00129365921020508 -0.00454139709472656 0.0544815063476563 -0.0592308044433594
-0.000382065773010254 -0.00190949440002441 0.00724029541015625 -0.0858078002929688
-0.00908851623535156 -0.00771331787109375 -0.0370941162109375 -0.0711135864257813
-0.0106325149536133 -0.0130472183227539 -0.0387191772460938 -0.0500831604003906
-0.0130329132080078 -0.0123958587646484 -0.0410194396972656 -0.0377998352050781
-0.0054168701171875 -0.0176830291748047 -0.0348434448242188 -0.038604736328125
0.00793266296386719 -0.0256729125976563 -0.0315666198730469 -0.0429916381835938
0.0286102294921875 -0.0286216735839844 -0.0254364013671875 -0.0603828430175781
0.0558891296386719 0.00756072998046875 -0.000129699707031248 -0.0673561096191406
0.0596809387207031 0.0421714782714844 -0.0109405517578125 -0.0828170776367188
0.0480194091796875 0.0808792114257812 -0.0201034545898437 -0.097137451171875
0.0386581420898437 0.0993881225585938 0.0470733642578125 -0.07257080078125
0.0465850830078125 0.0495872497558594 -0.00310063362121582 -0.00124239921569824
0.0608253479003906 0.0136184692382812 0.0470390319824219 0.0417976379394531
0.0385627746582031 -0.016204833984375 0.0830459594726563 0.000320434570312499
0.0204677581787109 -0.0293636322021484 0.064849853515625 -0.0516242980957031
-0.002044677734375 -0.0299606323242188 0.01312255859375 -0.0795364379882813
-0.0212860107421875 -0.0310268402099609 -0.0308189392089844 -0.0633277893066406
-0.020721435546875 -0.0381011962890625 -0.0305061340332031 -0.0397186279296875
-0.025482177734375 -0.0358428955078125 -0.0348033905029297 -0.0269603729248047
-0.00801467895507813 -0.04071044921875 -0.0353240966796875 -0.0236778259277344
0.0192527770996094 -0.0468406677246094 -0.0352935791015625 -0.0294990539550781
0.0522994995117188 -0.0379257202148437 -0.0327949523925781 -0.0523338317871094
0.0810317993164062 0.0228500366210937 -0.00767517089843749 -0.0586128234863281
0.0703964233398438 0.0671539306640625 -0.010284423828125 -0.0680274963378906
0.0435638427734375 0.114349365234375 -0.01739501953125 -0.0657539367675781
0.0213241577148438 0.126152038574219 0.0553741455078125 -0.035308837890625
0.043304443359375 0.0874252319335938 0.0024871826171875 0.0209484100341797
0.087646484375 0.0444488525390625 0.04595947265625 0.0587348937988281
0.072021484375 -0.0130996704101563 0.0841293334960938 0.0199356079101563
0.0443572998046875 -0.0470352172851562 0.0707931518554688 -0.0339736938476563
0.00152969360351562 -0.0537910461425781 0.0207443237304688 -0.0628166198730469
-0.0282974243164063 -0.0507659912109375 -0.0195388793945313 -0.0484886169433594
-0.0270957946777344 -0.0571861267089844 -0.0184192657470703 -0.0233535766601563
-0.0359840393066406 -0.0532302856445312 -0.0239734649658203 -0.00907707214355469
-0.0131721496582031 -0.0569572448730469 -0.0315151214599609 -0.00355148315429687
0.0225563049316406 -0.0636024475097656 -0.0354881286621094 -0.0123481750488281
0.0646400451660156 -0.0467529296875 -0.0383338928222656 -0.0388603210449219
0.0971603393554688 0.0286712646484375 -0.0136604309082031 -0.0485076904296875
0.0747222900390625 0.0796890258789063 -0.00460052490234375 -0.0514068603515625
0.0354690551757812 0.131477355957031 -0.0136604309082031 -0.0280036926269531
-0.0018463134765625 0.129058837890625 0.0546913146972656 0.0104713439941406
0.0271453857421875 0.109169006347656 0.00560379028320313 0.0477828979492188
0.093048095703125 0.0722579956054687 0.037841796875 0.0734939575195313
0.0911941528320313 -0.001220703125 0.07489013671875 0.0400543212890625
0.0631790161132813 -0.05169677734375 0.068450927734375 -0.0101547241210938
0.00739288330078126 -0.0682144165039063 0.025665283203125 -0.0380935668945313
-0.0296821594238281 -0.0619163513183594 -0.00474739074707031 -0.0268478393554688
-0.0298843383789063 -0.067474365234375 -0.0032804012298584 -0.00393152236938477
-0.0418624877929687 -0.0629043579101563 -0.00927257537841797 0.0105266571044922
-0.0167617797851562 -0.065673828125 -0.0233917236328125 0.0186347961425781
0.0229644775390625 -0.072021484375 -0.0327816009521484 0.00618553161621093
0.0689849853515625 -0.0494956970214844 -0.040191650390625 -0.0236015319824219
0.100074768066406 0.0340805053710938 -0.0174980163574219 -0.0376472473144531
0.0683441162109375 0.0854415893554688 0.00493431091308594 -0.0341587066650391
0.0208358764648438 0.130729675292969 -0.00972270965576172 0.0109024047851563
-0.0224685668945312 0.108039855957031 0.0491828918457031 0.0539283752441406
0.00361633300781251 0.106689453125 0.00556182861328124 0.072174072265625
0.0759506225585938 0.087066650390625 0.0251693725585938 0.08160400390625
0.089813232421875 0.0143585205078125 0.0578575134277344 0.0558280944824219
0.0696487426757813 -0.043853759765625 0.0583229064941406 0.0140037536621094
0.0128822326660156 -0.069244384765625 0.0282096862792969 -0.00964546203613282
-0.0270881652832031 -0.0633926391601562 0.0100908279418945 -0.00343608856201172
-0.0282554626464844 -0.067657470703125 0.0120372772216797 0.01519775390625
-0.0413703918457031 -0.0642509460449219 0.00576210021972656 0.0302791595458984
-0.0170516967773438 -0.0660247802734375 -0.0148048400878906 0.0397872924804687
0.0234451293945313 -0.0715103149414063 -0.0299072265625 0.0235061645507812
0.0680770874023437 -0.0442390441894531 -0.0402641296386719 -0.00878143310546875
0.09130859375 0.0401229858398437 -0.0196685791015625 -0.0279617309570312
0.0501174926757813 0.0855865478515625 0.0133018493652344 -0.0187091827392578
0.000686645507812494 0.113906860351563 -0.00811004638671876 0.0463943481445313
-0.037384033203125 0.0671768188476563 0.0388412475585938 0.0890426635742188
-0.0179290771484375 0.0804290771484375 0.00428771972656251 0.0898895263671875
0.0444869995117188 0.0801925659179687 0.01190185546875 0.081268310546875
0.0691986083984375 0.0234794616699219 0.0389633178710938 0.0630035400390625
0.0602455139160156 -0.0292625427246094 0.0432586669921875 0.0320510864257813
0.0146064758300781 -0.0574226379394531 0.0277843475341797 0.0152053833007812
-0.0207939147949219 -0.0532379150390625 0.0237503051757812 0.0184955596923828
-0.0221977233886719 -0.0574302673339844 0.0258445739746094 0.0318412780761719
-0.0341987609863281 -0.0572891235351563 0.0199317932128906 0.0477256774902344
-0.013427734375 -0.0586700439453125 -0.00668716430664063 0.05859375
0.0237884521484375 -0.0623321533203125 -0.0280952453613281 0.0392799377441406
0.0615921020507813 -0.0330390930175781 -0.0419769287109375 0.00408172607421875
0.0727157592773438 0.0451431274414063 -0.0232295989990234 -0.0204277038574219
0.025390625 0.0791397094726562 0.0179100036621094 -0.00427627563476562
-0.0213699340820312 0.0834121704101563 -0.0124053955078125 0.0746383666992188
-0.0449256896972656 0.0140800476074219 0.0303726196289062 0.10614013671875
-0.0339126586914062 0.0404243469238281 0.00595855712890624 0.0966949462890625
0.0101165771484375 0.0556793212890625 0.00306701660156251 0.0750732421875
0.0365753173828125 0.0237312316894531 0.0237045288085938 0.0649261474609375
0.0388450622558594 -0.0116729736328125 0.0305252075195313 0.0428733825683594
0.0122642517089844 -0.0363311767578125 0.0281658172607422 0.0326614379882813
-0.0115165710449219 -0.0359153747558594 0.0346126556396484 0.0338802337646484
-0.0129470825195312 -0.0395050048828125 0.0363426208496094 0.0434646606445313
-0.021942138671875 -0.0423774719238281 0.0302352905273438 0.0608482360839844
-0.0074310302734375 -0.044647216796875 -0.00173187255859375 0.0725479125976563
0.0218925476074219 -0.046051025390625 -0.0300636291503906 0.0520210266113281
0.0495681762695313 -0.0184249877929688 -0.0458488464355469 0.0148963928222656
0.0476875305175781 0.0448379516601563 -0.0295562744140625 -0.0163917541503906
-0.00230407714843749 0.063140869140625 0.0163125991821289 0.00668048858642578
-0.040863037109375 0.0426483154296875 -0.0230178833007813 0.0928192138671875
0.0473861694335938 0.0079193115234375 0.0193557739257813 -0.104209899902344
0.0184783935546875 -0.0324974060058594 -0.0159072875976563 -0.0167722702026367
-0.0172061920166016 -0.0278472900390625 0.0362472534179688 0.0210456848144531
-0.0293807983398438 0.00289344787597656 0.0670509338378906 -0.0172500610351563
-0.0165367126464844 0.0228557586669922 0.0455436706542969 -0.06060791015625
0.00568008422851562 0.0242786407470703 0.00253295898437501 -0.086029052734375
0.00675487518310547 0.0149993896484375 -0.0407333374023438 -0.0717086791992188
0.00137042999267578 0.0133056640625 -0.0441551208496094 -0.0528182983398438
0.00028228759765625 0.0137033462524414 -0.0443840026855469 -0.0409431457519531
-0.00607442855834961 0.00795841217041016 -0.0348320007324219 -0.0447998046875
-0.0115070343017578 -0.00453662872314453 -0.0326194763183594 -0.0500946044921875
-0.00503349304199219 -0.0251598358154297 -0.02374267578125 -0.0657615661621094
0.0279941558837891 -0.0207767486572266 0.004241943359375 -0.0775985717773438
0.0505561828613281 0.00395584106445313 -0.00975799560546875 -0.0957107543945313
0.0533103942871094 0.0321846008300781 -0.025787353515625 -0.116409301757813
0.0504722595214844 0.0577011108398438 0.0335922241210937 -0.097320556640625
0.0385513305664063 0.0055694580078125 -0.0101175308227539 -0.0135059356689453
0.0221042633056641 -0.0131702423095703 0.0440597534179688 0.0287857055664063
0.00144290924072266 -0.00931453704833984 0.077880859375 -0.0136566162109375
-0.00137591361999512 -0.00321245193481445 0.0557060241699219 -0.0618972778320313
0.000271797180175781 -0.00213301181793213 0.00555419921875 -0.0888671875
-0.00914096832275391 -0.0076913833618164 -0.0404815673828125 -0.0722503662109375
-0.011052131652832 -0.0131149291992188 -0.0419921875 -0.0502166748046875
-0.0132637023925781 -0.0119571685791016 -0.0436325073242188 -0.0380859375
-0.0049896240234375 -0.0181388854980469 -0.0376930236816406 -0.0390129089355469
0.00785255432128906 -0.0257987976074219 -0.0346412658691406 -0.044158935546875
0.0280609130859375 -0.0295448303222656 -0.028411865234375 -0.0622634887695313
0.0573844909667969 0.00653076171875 -0.000942230224609378 -0.0700302124023438
0.0617485046386719 0.0419349670410156 -0.0124435424804688 -0.0846633911132813
0.0514984130859375 0.081512451171875 -0.0228118896484375 -0.0981903076171875
0.04205322265625 0.100624084472656 0.046478271484375 -0.0750656127929687
0.0491905212402344 0.04962158203125 -0.00414085388183593 0.000108242034912112
0.0624542236328125 0.0117225646972656 0.0490150451660156 0.04278564453125
0.0387229919433594 -0.0169868469238281 0.0864105224609375 -0.000732421875000001
0.0204982757568359 -0.0298938751220703 0.06634521484375 -0.0548515319824219
-0.00177574157714843 -0.0302867889404297 0.012176513671875 -0.0823974609375
-0.0220794677734375 -0.0311603546142578 -0.0336952209472656 -0.0645103454589844
-0.0222091674804688 -0.0387191772460937 -0.0332756042480469 -0.0404586791992188
-0.0266647338867187 -0.0361175537109375 -0.0375328063964844 -0.0264511108398438
-0.00859451293945312 -0.041534423828125 -0.0376014709472656 -0.0238685607910156
0.0189933776855469 -0.0479660034179688 -0.0378341674804688 -0.030731201171875
0.0523605346679688 -0.039093017578125 -0.03619384765625 -0.0537071228027344
0.0839080810546875 0.0215530395507813 -0.00851058959960937 -0.061248779296875
0.0734100341796875 0.0674514770507813 -0.0113525390625 -0.0696525573730469
0.0478134155273437 0.116264343261719 -0.0194587707519531 -0.0665245056152344
0.0244293212890625 0.128433227539063 0.0548782348632813 -0.0373764038085938
0.0468597412109375 0.0883331298828125 0.0015716552734375 0.0223579406738281
0.0911331176757813 0.0426788330078125 0.047760009765625 0.0598983764648438
0.0727081298828125 -0.014984130859375 0.0878524780273438 0.018829345703125
0.0444488525390625 -0.0486259460449219 0.072998046875 -0.0365447998046875
0.000762939453125002 -0.0550117492675781 0.0201873779296875 -0.0657768249511719
-0.0300788879394531 -0.0509681701660156 -0.0215339660644531 -0.0493125915527344
-0.0296630859375 -0.0581550598144531 -0.0197906494140625 -0.0240592956542969
-0.0381011962890625 -0.0536346435546875 -0.0257358551025391 -0.00869369506835938
-0.0140762329101562 -0.05816650390625 -0.0332660675048828 -0.00280570983886719
0.0219879150390625 -0.0653762817382813 -0.0382652282714844 -0.0127372741699219
0.0651512145996094 -0.04937744140625 -0.0416259765625 -0.039825439453125
0.100837707519531 0.0269775390625 -0.0149307250976562 -0.0507965087890625
0.0787353515625 0.080078125 -0.00560760498046874 -0.0527915954589844
0.0405197143554688 0.133834838867188 -0.0150928497314453 -0.0282402038574219
0.000595092773437512 0.132713317871094 0.0552406311035156 0.00929641723632813
0.0305938720703125 0.111457824707031 0.00505828857421875 0.0492973327636719
0.0976409912109375 0.07177734375 0.0397491455078125 0.075439453125
0.09326171875 -0.0030670166015625 0.0790481567382812 0.0402069091796875
0.0637054443359375 -0.0545463562011719 0.0711746215820313 -0.0121383666992188
0.00638580322265624 -0.069915771484375 0.0258941650390625 -0.0399971008300781
-0.0324897766113281 -0.0626182556152344 -0.00634956359863282 -0.0277023315429687
-0.0334320068359375 -0.0687789916992188 -0.00394964218139649 -0.00493144989013672
-0.0444526672363281 -0.0633087158203125 -0.00999832153320313 0.0114631652832031
-0.0186958312988281 -0.0666389465332031 -0.0241489410400391 0.0200405120849609
0.0219268798828125 -0.07415771484375 -0.0351448059082031 0.00661087036132812
0.0692062377929688 -0.052337646484375 -0.0439186096191406 -0.0241279602050781
0.103988647460937 0.0320510864257813 -0.0182723999023437 -0.0398406982421875
0.0719223022460938 0.0862960815429688 0.00466537475585938 -0.0362014770507812
0.0251693725585937 0.133224487304688 -0.00977802276611328 0.0116720199584961
-0.0216751098632813 0.111747741699219 0.0504493713378906 0.0539512634277344
0.00600433349609376 0.109954833984375 0.00576782226562499 0.0746917724609375
0.0799789428710937 0.087127685546875 0.026519775390625 0.0839004516601563
0.0923004150390625 0.01287841796875 0.0617599487304688 0.0565681457519531
0.07098388671875 -0.0470733642578125 0.0604743957519531 0.012603759765625
0.0120010375976563 -0.0713424682617188 0.0290908813476563 -0.0111656188964844
-0.0294380187988281 -0.0638236999511719 0.00998401641845703 -0.00383663177490235
-0.0317955017089844 -0.0689239501953125 0.0123329162597656 0.014674186706543
-0.044525146484375 -0.0646896362304688 0.00647926330566406 0.0307731628417969
-0.0184402465820313 -0.0670318603515625 -0.0141830444335938 0.0411033630371094
0.0219345092773438 -0.0733261108398438 -0.0312633514404297 0.0243930816650391
0.068328857421875 -0.0472450256347656 -0.0433120727539062 -0.00900650024414063
0.0952682495117188 0.0385513305664063 -0.0207061767578125 -0.0296764373779297
0.05389404296875 0.0867385864257813 0.0131168365478516 -0.0203723907470703
0.00408172607421875 0.117111206054688 -0.007598876953125 0.0476417541503906
-0.0372047424316406 0.0698432922363281 0.0403289794921875 0.0896835327148438
-0.0165176391601562 0.0838394165039062 0.00514984130859374 0.0927505493164063
0.0485687255859375 0.0813827514648438 0.0128555297851563 0.0840682983398438
0.0714492797851563 0.0225372314453125 0.0416336059570313 0.0650634765625
0.0612220764160156 -0.0320167541503906 0.0457038879394531 0.0322074890136719
0.013519287109375 -0.0595932006835938 0.0295753479003906 0.0152816772460937
-0.0228157043457031 -0.0539588928222656 0.0246849060058594 0.0181865692138672
-0.0252532958984375 -0.0587730407714844 0.0274448394775391 0.0314064025878906
-0.0371780395507813 -0.0573234558105469 0.0218467712402344 0.0480766296386719
-0.0151557922363281 -0.0598869323730469 -0.00535964965820313 0.0601882934570312
0.022186279296875 -0.0641555786132813 -0.0293197631835938 0.0406379699707031
0.0625343322753906 -0.0353927612304688 -0.0444984436035156 0.00441360473632812
0.0767364501953125 0.0445556640625 -0.0246334075927734 -0.0219669342041016
0.0282669067382813 0.0806350708007813 0.0188388824462891 -0.00576782226562499
-0.0199432373046875 0.0859756469726563 -0.0112457275390625 0.0767974853515625
-0.0464057922363281 0.0159187316894531 0.0327835083007813 0.107322692871094
-0.0340080261230469 0.0429344177246094 0.00697326660156251 0.0993804931640625
0.0126228332519531 0.0568656921386719 0.0032958984375 0.0782089233398438
0.03814697265625 0.0237083435058594 0.0259475708007813 0.0673484802246094
0.039337158203125 -0.0136680603027344 0.0333366394042969 0.0435409545898438
0.0109672546386719 -0.037811279296875 0.0304241180419922 0.0332317352294922
-0.0133132934570313 -0.0360565185546875 0.0361175537109375 0.0337181091308594
-0.0159149169921875 -0.0401992797851563 0.0381851196289063 0.0430145263671875
-0.0245513916015625 -0.0427932739257813 0.0327568054199219 0.0617218017578125
-0.009063720703125 -0.0459632873535156 0.000144958496093756 0.074981689453125
0.0208015441894531 -0.0481643676757812 -0.0308494567871094 0.0538253784179688
0.0501670837402344 -0.0204887390136719 -0.0476722717285156 0.0155372619628906
0.0507431030273437 0.04473876953125 -0.0307025909423828 -0.0168914794921875
-0.000137329101562499 0.0650177001953125 0.0168523788452148 0.00501537322998047
-0.041351318359375 0.0444831848144531 -0.0215225219726563 0.0955657958984375
0.0488204956054688 0.00609588623046875 0.01513671875 -0.106048583984375
0.017059326171875 -0.0343360900878906 -0.0171003341674805 -0.0153675079345703
-0.0194988250732422 -0.0278873443603516 0.0377120971679688 0.020843505859375
-0.0299167633056641 0.00533866882324219 0.068389892578125 -0.0201225280761719
-0.0150737762451172 0.0249729156494141 0.0450859069824219 -0.0635871887207031
0.00749588012695312 0.0241794586181641 -0.000953674316406254 -0.08843994140625
0.00791835784912109 0.0143766403198242 -0.0447769165039063 -0.0711517333984375
0.00211524963378906 0.0132436752319336 -0.0483169555664062 -0.0512886047363281
0.00139045715332031 0.0137224197387695 -0.0472373962402344 -0.0388603210449219
-0.00524616241455078 0.00822257995605469 -0.0377883911132813 -0.0444297790527344
-0.0117435455322266 -0.00410270690917969 -0.0357131958007813 -0.0501670837402344
-0.00657844543457031 -0.0248813629150391 -0.0270538330078125 -0.0657272338867188
0.0273151397705078 -0.0220279693603516 0.00213623046875001 -0.0799560546875
0.051422119140625 0.00130844116210938 -0.0121841430664062 -0.0965957641601563
0.0554733276367188 0.029693603515625 -0.02972412109375 -0.116142272949219
0.053680419921875 0.0562858581542969 0.0295867919921875 -0.0996017456054688
0.0391082763671875 0.00426864624023438 -0.0119132995605469 -0.0120296478271484
0.0214366912841797 -0.0146255493164063 0.0456733703613281 0.0282669067382813
0.000901222229003906 -0.00893783569335938 0.0794601440429688 -0.0163040161132813
-0.000861167907714844 -0.00308346748352051 0.0553016662597656 -0.0654411315917969
0.000764250755310059 -0.00206160545349121 0.0021209716796875 -0.0915756225585938
-0.00885391235351563 -0.00809001922607422 -0.0444259643554687 -0.0716476440429688
-0.0116357803344727 -0.0129756927490234 -0.0456008911132813 -0.049468994140625
-0.0130615234375 -0.0120096206665039 -0.0467071533203125 -0.0364303588867188
-0.0048828125 -0.0181808471679688 -0.0404052734375 -0.0381622314453125
0.00749588012695313 -0.0263805389404297 -0.037689208984375 -0.0440673828125
0.0271511077880859 -0.0302867889404297 -0.0319023132324219 -0.0624427795410156
0.0580787658691406 0.00444412231445313 -0.0029144287109375 -0.0721588134765625
0.0643119812011719 0.0395965576171875 -0.015106201171875 -0.0853958129882813
0.0561904907226563 0.0797042846679688 -0.0264739990234375 -0.0977859497070312
0.0466690063476563 0.10052490234375 0.0430831909179687 -0.0778579711914062
0.0524101257324219 0.0483360290527344 -0.00543785095214843 0.0012812614440918
0.06329345703125 0.00897598266601562 0.05120849609375 0.0425796508789063
0.0379753112792969 -0.0179519653320313 0.0886383056640625 -0.00396728515625
0.0195865631103516 -0.0308055877685547 0.0665397644042969 -0.0587272644042969
-0.00241661071777344 -0.0304603576660156 0.009246826171875 -0.0853042602539063
-0.0230617523193359 -0.0309619903564453 -0.0372695922851563 -0.0643386840820313
-0.0243263244628906 -0.0385932922363281 -0.0365219116210937 -0.0394821166992188
-0.0280647277832031 -0.0354156494140625 -0.0401191711425781 -0.0247421264648438
-0.00942230224609375 -0.0414848327636719 -0.0396461486816406 -0.0224838256835937
0.0179672241210938 -0.0491218566894531 -0.0411605834960937 -0.0299491882324219
0.0514373779296875 -0.0416107177734375 -0.0403938293457031 -0.0534515380859375
0.085784912109375 0.017852783203125 -0.0103797912597656 -0.0633659362792969
0.0768203735351563 0.0650253295898438 -0.0134963989257812 -0.0705795288085937
0.0541610717773438 0.115631103515625 -0.0222320556640625 -0.0658340454101562
0.0296859741210937 0.129165649414063 0.0533065795898438 -0.0396575927734375
0.0514297485351563 0.08795166015625 0.00119781494140625 0.0239543914794922
0.0940933227539062 0.0386962890625 0.0503959655761719 0.059906005859375
0.0727767944335938 -0.0176239013671875 0.0907363891601563 0.0159149169921875
0.0427513122558594 -0.0511131286621094 0.0739212036132813 -0.0405197143554688
-0.000888824462890623 -0.0557708740234375 0.0182685852050781 -0.0684661865234375
-0.0320930480957031 -0.05010986328125 -0.0241165161132812 -0.0490303039550781
-0.0334815979003906 -0.0577049255371094 -0.0219898223876953 -0.0239048004150391
-0.0407867431640625 -0.0525474548339844 -0.0274715423583984 -0.00771713256835938
-0.0162773132324219 -0.0579719543457031 -0.0344734191894531 -0.00149154663085937
0.01983642578125 -0.0666465759277344 -0.0407333374023437 -0.0117721557617187
0.0637092590332031 -0.0521430969238281 -0.0458755493164062 -0.0393409729003906
0.103630065917969 0.0230636596679688 -0.0166244506835937 -0.0524787902832031
0.0826492309570313 0.0782928466796875 -0.00724411010742187 -0.0538444519042969
0.0473098754882813 0.13409423828125 -0.0162544250488281 -0.0276336669921875
0.00531005859374999 0.13470458984375 0.0554313659667969 0.00694274902343751
0.0358810424804687 0.111862182617188 0.00527191162109376 0.0512161254882813
0.102020263671875 0.0680007934570313 0.0425872802734375 0.075714111328125
0.0942611694335938 -0.0063323974609375 0.0826873779296875 0.0379486083984375
0.0622215270996094 -0.0578880310058594 0.07305908203125 -0.0150222778320313
0.0040283203125 -0.0713882446289063 0.0254478454589844 -0.0421562194824219
-0.0349807739257812 -0.0620841979980469 -0.00812149047851563 -0.0273323059082031
-0.0375823974609375 -0.0682334899902344 -0.00515556335449219 -0.00468969345092774
-0.0481109619140625 -0.0619697570800781 -0.0101823806762695 0.0121402740478516
-0.0211753845214844 -0.0662345886230469 -0.0246925354003906 0.0215263366699219
0.019195556640625 -0.0753707885742188 -0.0371017456054688 0.00746917724609374
0.0678482055664063 -0.0555992126464844 -0.047027587890625 -0.02349853515625
0.107208251953125 0.0277099609375 -0.0199317932128906 -0.0415573120117188
0.0766525268554688 0.0844268798828125 0.00341415405273438 -0.0377540588378906
0.0317153930664063 0.133552551269531 -0.00945854187011719 0.012425422668457
-0.0179901123046875 0.114112854003906 0.0519523620605469 0.0526199340820313
0.0102462768554687 0.111251831054688 0.00682830810546875 0.0761489868164063
0.0852508544921875 0.0849533081054688 0.0291061401367188 0.0850601196289063
0.0941543579101563 0.0097808837890625 0.0650291442871094 0.0561370849609375
0.0698204040527344 -0.0509376525878906 0.0628623962402344 0.0109748840332031
0.0086669921875 -0.0730209350585938 0.02996826171875 -0.0123958587646484
-0.0326690673828125 -0.06329345703125 0.00990009307861328 -0.00435161590576172
-0.0361099243164063 -0.0689430236816406 0.0128917694091797 0.0140933990478516
-0.0482254028320313 -0.0630035400390625 0.00797843933105468 0.0308475494384766
-0.0219573974609375 -0.0668792724609375 -0.0134010314941406 0.0426597595214844
0.0191421508789062 -0.0750579833984375 -0.0323257446289063 0.0256595611572266
0.0668182373046875 -0.0503158569335938 -0.0463447570800781 -0.00823974609375
0.0987701416015625 0.0347747802734375 -0.0220966339111328 -0.0305995941162109
0.0582962036132812 0.0858993530273438 0.0127162933349609 -0.0222568511962891
0.00916290283203126 0.117958068847656 -0.005615234375 0.0488052368164063
-0.035888671875 0.0725936889648438 0.0435028076171875 0.089019775390625
-0.0140533447265625 0.0861587524414063 0.00712585449218749 0.0939483642578125
0.0530471801757813 0.0804977416992188 0.0152664184570313 0.0854110717773438
0.0736923217773437 0.0207595825195312 0.0454292297363281 0.0653190612792969
0.0608596801757813 -0.0353431701660156 0.0482025146484375 0.0308303833007812
0.0108833312988281 -0.0612106323242187 0.0313320159912109 0.0145969390869141
-0.0256690979003906 -0.0534286499023437 0.0255641937255859 0.0170993804931641
-0.0293083190917969 -0.0586166381835938 0.0291347503662109 0.0301647186279297
-0.0407524108886719 -0.0562896728515625 0.0239067077636719 0.0476112365722656
-0.0181999206542969 -0.0595932006835938 -0.00313568115234375 0.0612106323242187
0.0193672180175781 -0.0661277770996094 -0.0296592712402344 0.0420875549316406
0.0615234375 -0.0384941101074219 -0.0464973449707031 0.00559234619140626
0.0801544189453125 0.0409317016601563 -0.0260238647460937 -0.0222663879394531
0.0323715209960937 0.0808868408203125 0.0187206268310547 -0.00830841064453124
-0.0167999267578125 0.0881500244140625 -0.00836181640624999 0.0779800415039062
-0.0474624633789062 0.0182418823242188 0.0363235473632813 0.106857299804688
-0.0328254699707031 0.0456199645996094 0.0091705322265625 0.100532531738281
0.0156745910644531 0.0574607849121094 0.00575256347656251 0.0799484252929688
0.0404853820800781 0.0227432250976563 0.0296669006347656 0.0678520202636719
0.0395622253417969 -0.0163421630859375 0.0357475280761719 0.0437088012695313
0.00947189331054688 -0.0395088195800781 0.03277587890625 0.0328998565673828
-0.0157623291015625 -0.0356903076171875 0.0382041931152344 0.0320320129394531
-0.0189132690429688 -0.0402107238769531 0.0408096313476563 0.0412406921386719
-0.0281028747558594 -0.0421524047851563 0.0361099243164063 0.0609321594238281
-0.0115699768066406 -0.0456390380859375 0.00322723388671876 0.0764999389648438
0.0185394287109375 -0.0499229431152344 -0.0305366516113281 0.0559425354003906
0.0497512817382813 -0.0238609313964844 -0.0495109558105469 0.016998291015625
0.0539665222167969 0.0424003601074219 -0.03228759765625 -0.0169715881347656
0.00328445434570313 0.066680908203125 0.0171642303466797 0.00297927856445313
-0.0401954650878906 0.04656982421875 -0.018646240234375 0.09722900390625
0.0492095947265625 0.00413131713867188 0.0114288330078125 -0.105735778808594
0.0150718688964844 -0.0353469848632813 -0.0178432464599609 -0.0136222839355469
-0.0216140747070313 -0.0269374847412109 0.038665771484375 0.0205574035644531
-0.0292491912841797 0.00716781616210937 0.0679817199707031 -0.0216102600097656
-0.0130405426025391 0.0258388519287109 0.0438270568847656 -0.0656814575195313
0.00915145874023438 0.0235366821289063 -0.0039825439453125 -0.0887298583984375
0.00835609436035156 0.0137825012207031 -0.0476303100585938 -0.0691719055175781
0.0032510757446289 0.013239860534668 -0.0507087707519531 -0.0487518310546875
0.00249195098876953 0.0131330490112305 -0.0486488342285156 -0.0363540649414063
-0.0039215087890625 0.00839853286743164 -0.0397491455078125 -0.0428237915039062
-0.0114173889160156 -0.00326728820800781 -0.0384140014648438 -0.0492782592773437
-0.00812339782714844 -0.0235443115234375 -0.0292282104492188 -0.0647125244140625
0.0258731842041016 -0.0233039855957031 0.000617980957031258 -0.0802078247070313
0.0510749816894531 -0.00103378295898438 -0.0148696899414062 -0.0957489013671875
0.0564689636230469 0.0269813537597656 -0.0333633422851563 -0.113243103027344
0.055694580078125 0.0537834167480469 0.0257339477539062 -0.0997390747070312
0.0386810302734375 0.00208282470703125 -0.0125436782836914 -0.00982856750488282
0.0200920104980469 -0.0153942108154297 0.0466957092285156 0.0274772644042969
0.000418663024902345 -0.00767803192138672 0.0792617797851563 -0.0190505981445313
-0.000665545463562012 -0.00217807292938232 0.0535469055175781 -0.0680427551269531
0.00131392478942871 -0.00220012664794922 -0.00113677978515624 -0.0917816162109375
-0.00850772857666016 -0.00787353515625 -0.0473175048828125 -0.0697174072265625
-0.0119285583496094 -0.0128030776977539 -0.0482940673828125 -0.0468101501464844
-0.0129289627075195 -0.0116415023803711 -0.0484886169433594 -0.0332717895507813
-0.00427627563476563 -0.0181865692138672 -0.0421829223632813 -0.0367546081542969
0.00699043273925781 -0.0258846282958984 -0.0405120849609375 -0.0433692932128906
0.0253372192382812 -0.0304069519042969 -0.0347976684570313 -0.0614852905273437
0.0578193664550781 0.001983642578125 -0.0040283203125 -0.0726776123046875
0.0653724670410156 0.03643798828125 -0.0171737670898437 -0.0845718383789063
0.0590057373046875 0.0769119262695313 -0.0299453735351562 -0.0951690673828125
0.0504608154296875 0.0975112915039062 0.0397415161132813 -0.078155517578125
0.0531578063964844 0.0452690124511719 -0.00616121292114257 0.00347328186035156
0.0626602172851563 0.00570297241210938 0.0521125793457031 0.041595458984375
0.0370407104492188 -0.01837158203125 0.0892791748046875 -0.00690460205078125
0.0185127258300781 -0.0307559967041016 0.0652503967285156 -0.0613441467285156
-0.00284767150878907 -0.0303668975830078 0.00579071044921874 -0.085906982421875
-0.0238513946533203 -0.0300178527832031 -0.03985595703125 -0.0621604919433594
-0.0256690979003906 -0.0371551513671875 -0.0388717651367188 -0.0379180908203125
-0.0288410186767578 -0.0342025756835938 -0.0414314270019531 -0.0224075317382812
-0.009918212890625 -0.0409049987792969 -0.0413703918457031 -0.0211067199707031
0.0165824890136719 -0.0488471984863281 -0.0434494018554687 -0.0291748046875
0.0490531921386719 -0.0426559448242187 -0.0436668395996094 -0.0527458190917969
0.086090087890625 0.014862060546875 -0.0117530822753906 -0.0644378662109375
0.0787429809570313 0.0614166259765625 -0.0152854919433594 -0.0697669982910156
0.0582122802734375 0.112403869628906 -0.0239715576171875 -0.0638313293457031
0.0347671508789062 0.127365112304688 0.0504608154296875 -0.0411796569824219
0.0543289184570313 0.0854263305664063 0.000774383544921876 0.0253410339355469
0.0944061279296875 0.0343170166015625 0.0518150329589844 0.0590286254882813
0.0715866088867188 -0.0196304321289063 0.0919418334960938 0.013031005859375
0.0404853820800781 -0.0519981384277344 0.073028564453125 -0.0435638427734375
-0.00235748291015625 -0.0550346374511719 0.0153083801269531 -0.0692138671875
-0.0334014892578125 -0.0486793518066406 -0.026580810546875 -0.0477371215820313
-0.0356369018554688 -0.0560684204101562 -0.0238456726074219 -0.0226898193359375
-0.042327880859375 -0.050384521484375 -0.0277214050292969 -0.00625419616699218
-0.01727294921875 -0.0566940307617188 -0.0348930358886719 0.000347137451171864
0.0178375244140625 -0.0663223266601563 -0.0426292419433594 -0.01068115234375
0.0610504150390625 -0.0544548034667969 -0.048797607421875 -0.0379486083984375
0.104057312011719 0.0186233520507813 -0.0181655883789062 -0.0537033081054688
0.085205078125 0.0745925903320313 -0.00885391235351561 -0.0538291931152344
0.0521469116210938 0.130683898925781 -0.0168628692626953 -0.0262527465820312
0.00998687744140626 0.133979797363281 0.0544853210449219 0.00508880615234376
0.0395050048828125 0.110023498535156 0.00561904907226563 0.0521125793457031
0.103935241699219 0.0630035400390625 0.0441436767578125 0.0749435424804688
0.0936355590820313 -0.00933837890625 0.0843353271484375 0.035064697265625
0.0596733093261719 -0.0601692199707031 0.073333740234375 -0.0179977416992188
0.00177764892578124 -0.0707244873046875 0.0242958068847656 -0.0432968139648438
-0.0373039245605469 -0.0596351623535156 -0.00910186767578125 -0.0267505645751953
-0.0405807495117188 -0.0663299560546875 -0.00590658187866211 -0.00491857528686524
-0.0501060485839844 -0.0594520568847656 -0.0101451873779297 0.012120246887207
-0.0229721069335938 -0.0648384094238281 -0.0238800048828125 0.0225906372070313
0.016754150390625 -0.0754470825195313 -0.0385055541992188 0.0088348388671875
0.0653724670410156 -0.0577011108398437 -0.0500946044921875 -0.0220909118652344
0.107612609863281 0.022796630859375 -0.0215110778808594 -0.0426902770996094
0.07940673828125 0.0809173583984375 0.00196456909179688 -0.0384941101074219
0.0368728637695313 0.131645202636719 -0.00880908966064453 0.0129356384277344
-0.0138397216796875 0.114028930664063 0.0526466369628906 0.0504188537597656
0.0140380859375 0.110389709472656 0.00767517089843749 0.0760498046875
0.0887603759765625 0.0810928344726563 0.0311279296875 0.0844955444335937
0.094329833984375 0.0066986083984375 0.0676841735839844 0.0533638000488281
0.0667190551757813 -0.0537071228027344 0.064117431640625 0.00854873657226562
0.00662994384765626 -0.0729141235351563 0.02972412109375 -0.0141277313232422
-0.034942626953125 -0.0611991882324219 0.00909233093261719 -0.00443267822265625
-0.0392112731933594 -0.0666885375976563 0.0127630233764648 0.0129003524780273
-0.0509071350097656 -0.060516357421875 0.00819206237792969 0.0305423736572266
-0.0241241455078125 -0.0649871826171875 -0.0118865966796875 0.0433158874511719
0.01641845703125 -0.0746612548828125 -0.0329208374023438 0.0264968872070312
0.0644035339355469 -0.0527801513671875 -0.0483856201171875 -0.00685119628906249
0.0996932983398437 0.029541015625 -0.0232467651367187 -0.0314884185791016
0.0612411499023437 0.0833053588867188 0.0119972229003906 -0.0238838195800781
0.0139236450195312 0.116455078125 -0.00381088256835938 0.0485572814941406
-0.0333023071289063 0.0735855102539062 0.0452041625976563 0.0867385864257813
-0.0110321044921875 0.0866241455078125 0.00868225097656251 0.0935134887695313
0.0564651489257812 0.077880859375 0.017608642578125 0.0854949951171875
0.0745086669921875 0.0177993774414063 0.0474166870117188 0.0634727478027344
0.0589714050292969 -0.0380210876464844 0.0502243041992188 0.0291290283203125
0.00850296020507813 -0.0613327026367187 0.0322837829589844 0.0131969451904297
-0.0277481079101563 -0.0515937805175781 0.0263042449951172 0.0162754058837891
-0.0324058532714844 -0.0570449829101563 0.0297317504882812 0.0281829833984375
-0.0434188842773438 -0.05364990234375 0.0255279541015625 0.0460777282714844
-0.0204734802246094 -0.0583572387695313 -0.000560760498046881 0.0615386962890625
0.0164756774902344 -0.066131591796875 -0.0298614501953125 0.0429534912109375
0.0595054626464844 -0.0411911010742188 -0.0478897094726562 0.00690841674804688
0.0813980102539063 0.0369338989257813 -0.0261859893798828 -0.0228652954101563
0.035736083984375 0.0790634155273438 0.0177707672119141 -0.00985527038574218
-0.0133743286132812 0.0882949829101562 -0.00580596923828125 0.077728271484375
-0.0469512939453125 0.020355224609375 0.0389404296875 0.104682922363281
-0.0310096740722656 0.0469284057617188 0.0115127563476563 0.09954833984375
0.0189895629882813 0.0563240051269531 0.0074615478515625 0.0807113647460938
0.0416603088378906 0.0208549499511719 0.0322952270507812 0.0669097900390625
0.0385322570800781 -0.0185089111328125 0.0381355285644531 0.0423011779785156
0.0072021484375 -0.0396957397460938 0.0346393585205078 0.0316410064697266
-0.0172042846679688 -0.034271240234375 0.03961181640625 0.0301933288574219
-0.0211944580078125 -0.0389900207519531 0.0420646667480469 0.0387649536132813
-0.0304794311523438 -0.0401420593261719 0.0383186340332031 0.0588226318359375
-0.0138320922851563 -0.0446014404296875 0.00630950927734374 0.076507568359375
0.0160751342773437 -0.0502510070800781 -0.0292205810546875 0.0568084716796875
0.0485305786132812 -0.0257911682128906 -0.0500831604003906 0.0181846618652344
0.0558967590332031 0.039642333984375 -0.0331192016601563 -0.0168476104736328
0.00644683837890624 0.0659942626953125 0.0173206329345703 0.000957489013671879
-0.0385894775390625 0.0480422973632813 -0.015106201171875 0.0971145629882813
0.0485458374023437 0.00310516357421875 0.00935363769531251 -0.10443115234375
0.0136947631835937 -0.0350112915039062 -0.0179691314697266 -0.012298583984375
-0.0223445892333984 -0.0260639190673828 0.0392951965332031 0.0204658508300781
-0.0285701751708984 0.00808334350585937 0.0679130554199219 -0.0226211547851563
-0.0117664337158203 0.0260448455810547 0.0429954528808594 -0.0657882690429688
0.00959968566894531 0.022216796875 -0.00525665283203125 -0.088287353515625
0.00879001617431641 0.0126161575317383 -0.0485954284667969 -0.067291259765625
0.00348854064941406 0.0124807357788086 -0.0512123107910156 -0.0464401245117188
0.00330352783203125 0.012451171875 -0.0487747192382812 -0.0344352722167969
-0.00284528732299805 0.00759649276733398 -0.0407600402832031 -0.0418891906738281
-0.010951042175293 -0.00270748138427734 -0.0395851135253906 -0.0482215881347656
-0.00937843322753906 -0.0221614837646484 -0.03009033203125 -0.0640754699707031
0.0247669219970703 -0.0233802795410156 0.000198364257812504 -0.0801467895507813
0.0501480102539063 -0.00260162353515625 -0.0149765014648438 -0.0941009521484375
0.0561676025390625 0.0249137878417969 -0.0335235595703125 -0.109596252441406
0.055755615234375 0.0516738891601563 0.0234756469726562 -0.0980758666992188
0.0375556945800781 0.000766754150390625 -0.0125570297241211 -0.00855159759521485
0.0183620452880859 -0.0156345367431641 0.0464363098144531 0.0271949768066406
0.000309944152832031 -0.00691413879394531 0.07928466796875 -0.0197296142578125
-0.000411033630371094 -0.00168848037719727 0.05279541015625 -0.068878173828125
0.00187468528747559 -0.00212883949279785 -0.00273895263671875 -0.0909194946289063
-0.00806760787963867 -0.00765705108642578 -0.0481300354003906 -0.0677223205566406
-0.0116033554077148 -0.012455940246582 -0.049102783203125 -0.0447845458984375
-0.0123739242553711 -0.0113983154296875 -0.0489234924316406 -0.0315132141113281
-0.00371170043945312 -0.0180625915527344 -0.0432167053222656 -0.0356254577636719
0.00685501098632813 -0.0261631011962891 -0.0416679382324219 -0.0425453186035156
0.0242557525634766 -0.0297908782958984 -0.0354995727539063 -0.0604820251464844
0.0570182800292969 0.00138473510742188 -0.00397491455078125 -0.0726470947265625
0.0646591186523438 0.0344505310058594 -0.0172195434570312 -0.0828781127929687
0.0595703125 0.07421875 -0.0296173095703125 -0.0919342041015625
0.0511856079101563 0.0951080322265625 0.0373153686523437 -0.077178955078125
0.0530166625976562 0.0437850952148437 -0.00679302215576172 0.00485992431640625
0.0608177185058594 0.00385284423828125 0.0523262023925781 0.0415000915527344
0.0358200073242188 -0.0180091857910156 0.0886077880859375 -0.0082244873046875
0.0178585052490234 -0.0299510955810547 0.0642509460449219 -0.0621414184570313
-0.00265693664550781 -0.0297183990478516 0.00447845458984375 -0.08551025390625
-0.0229015350341797 -0.029052734375 -0.0410423278808594 -0.0606651306152344
-0.0261039733886719 -0.0363960266113281 -0.0399627685546875 -0.0362091064453125
-0.02880859375 -0.0334110260009766 -0.0418128967285156 -0.0209274291992187
-0.009368896484375 -0.0404548645019531 -0.0417289733886719 -0.0196151733398438
0.0158882141113281 -0.0484046936035156 -0.0448646545410156 -0.0285110473632813
0.0476951599121094 -0.0423698425292969 -0.0443878173828125 -0.0513229370117188
0.084991455078125 0.0129928588867188 -0.0118637084960937 -0.0649185180664063
0.0783004760742188 0.0591506958007813 -0.0156364440917969 -0.0687904357910156
0.0592880249023437 0.1092529296875 -0.0241432189941406 -0.0616493225097656
0.0362167358398438 0.124595642089844 0.0487251281738281 -0.0407638549804687
0.054962158203125 0.082763671875 1.90734863281268E-05 0.0263862609863281
0.0933914184570312 0.0316925048828125 0.0514793395996094 0.0587158203125
0.0697669982910156 -0.0198707580566406 0.092041015625 0.011627197265625
0.0391654968261719 -0.0515785217285156 0.0726852416992188 -0.044921875
-0.00274658203125 -0.0536460876464844 0.0146293640136719 -0.0691680908203125
-0.0332794189453125 -0.04730224609375 -0.0269279479980469 -0.0462074279785156
-0.0366096496582031 -0.0544624328613281 -0.0245132446289063 -0.0220966339111328
-0.0423202514648437 -0.0488319396972656 -0.0283927917480469 -0.00529670715332032
-0.01751708984375 -0.0558357238769531 -0.035125732421875 0.00108718872070313
0.0171623229980469 -0.0653762817382813 -0.0438117980957031 -0.0101814270019531
0.0594139099121094 -0.0541305541992188 -0.0500221252441406 -0.0370292663574219
0.102523803710938 0.0162124633789063 -0.0187759399414062 -0.0543975830078125
0.0845718383789063 0.0714874267578125 -0.00914764404296874 -0.0538139343261719
0.0536727905273437 0.127235412597656 -0.0165081024169922 -0.0250148773193359
0.012451171875 0.131866455078125 0.0529556274414063 0.00442123413085938
0.0403518676757813 0.107398986816406 0.00485992431640625 0.0526542663574219
0.103622436523438 0.0603790283203125 0.0439987182617188 0.0741806030273438
0.0917282104492188 -0.0102386474609375 0.0848236083984375 0.0341949462890625
0.0578346252441406 -0.0596427917480469 0.0730133056640625 -0.0198516845703125
0.000999450683593745 -0.0693321228027344 0.0236053466796875 -0.0441436767578125
-0.0369300842285156 -0.0580635070800781 -0.00940322875976563 -0.0263824462890625
-0.0422172546386719 -0.0646247863769531 -0.00647163391113282 -0.00473642349243165
-0.0506820678710937 -0.0569725036621094 -0.0106048583984375 0.0126361846923828
-0.0231475830078125 -0.0631294250488281 -0.0238895416259766 0.0229244232177734
0.015289306640625 -0.0742034912109375 -0.0389289855957031 0.00896835327148436
0.0626220703125 -0.0581130981445313 -0.0517196655273437 -0.0209197998046875
0.106941223144531 0.0200271606445312 -0.0218048095703125 -0.0433311462402344
0.0790176391601562 0.0786361694335938 0.00181961059570313 -0.039276123046875
0.038543701171875 0.128311157226563 -0.00814247131347656 0.0134220123291016
-0.011871337890625 0.113059997558594 0.051666259765625 0.0486679077148438
0.0156478881835937 0.108963012695312 0.007781982421875 0.0759124755859375
0.0890045166015625 0.0780868530273438 0.0312042236328125 0.0839614868164063
0.0933990478515625 0.005218505859375 0.0680198669433594 0.051788330078125
0.0656166076660156 -0.0541152954101563 0.0642890930175781 0.0067901611328125
0.00506591796874999 -0.0720672607421875 0.0295333862304687 -0.0144882202148438
-0.0348625183105469 -0.0594825744628906 0.00897026062011719 -0.00461387634277344
-0.0410652160644531 -0.0646781921386719 0.0122509002685547 0.0122299194335937
-0.0516281127929688 -0.0581436157226562 0.00785255432128906 0.0298328399658203
-0.0244598388671875 -0.0630607604980469 -0.010986328125 0.0431289672851562
0.0145034790039063 -0.0739288330078125 -0.0339584350585938 0.0265235900878906
0.0622062683105469 -0.0531044006347656 -0.0496673583984375 -0.00595855712890625
0.09881591796875 0.0267410278320313 -0.0237808227539062 -0.0323829650878906
0.0616302490234375 0.0810546875 0.0111331939697266 -0.0250282287597656
0.0154037475585938 0.114097595214844 -0.00320816040039062 0.0478973388671875
-0.0322418212890625 0.073577880859375 0.0448226928710937 0.084320068359375
-0.00944519042968751 0.086334228515625 0.00841522216796874 0.0927963256835937
0.0578079223632813 0.0752029418945313 0.01702880859375 0.0851364135742187
0.0745925903320313 0.0163345336914063 0.0482978820800781 0.0624237060546875
0.0577125549316406 -0.0391845703125 0.0506095886230469 0.0279273986816406
0.00713348388671875 -0.0606269836425781 0.0326099395751953 0.0122432708740234
-0.0276679992675781 -0.0501251220703125 0.0261020660400391 0.0153598785400391
-0.0338668823242187 -0.0552101135253906 0.0293025970458984 0.0264835357666016
-0.0445404052734375 -0.051300048828125 0.025665283203125 0.04498291015625
-0.0214729309082031 -0.0568695068359375 0.000247955322265627 0.06072998046875
0.0151786804199219 -0.0653305053710938 -0.0298652648925781 0.0431747436523437
0.0577392578125 -0.0413589477539063 -0.0488853454589844 0.00737380981445312
0.0815353393554688 0.034027099609375 -0.0267696380615234 -0.0235214233398437
0.0367507934570313 0.0771865844726563 0.0173149108886719 -0.0114526748657227
-0.0116043090820312 0.0866470336914063 -0.00476837158203125 0.0764083862304688
-0.0462379455566406 0.0214118957519531 0.0388717651367188 0.102287292480469
-0.0296669006347656 0.0473670959472656 0.0110855102539063 0.0984039306640625
0.02069091796875 0.054840087890625 0.0078125 0.0804595947265625
0.0421371459960937 0.0196189880371094 0.0329246520996094 0.0661659240722656
0.0380058288574219 -0.0194473266601563 0.0389938354492188 0.0416603088378906
0.00577926635742188 -0.0394401550292969 0.0352439880371094 0.0308990478515625
-0.0179557800292969 -0.0327415466308594 0.0397109985351563 0.0288200378417969
-0.0224227905273437 -0.0376472473144531 0.0418777465820313 0.0365524291992188
-0.031463623046875 -0.0382881164550781 0.0386085510253906 0.0564918518066406
-0.0148963928222656 -0.0435867309570313 0.00778961181640625 0.074920654296875
0.0143585205078125 -0.0498924255371094 -0.0290718078613281 0.0565109252929687
0.0469970703125 -0.0261497497558594 -0.050323486328125 0.0183906555175781
0.0563392639160156 0.0373191833496094 -0.0328941345214844 -0.0169544219970703
0.00809097290039063 0.0651817321777344 0.0165386199951172 -0.000809669494628902
-0.0371475219726563 0.0481300354003906 -0.0134124755859375 0.0953369140625
0.0486679077148438 0.00283432006835938 0.00981903076171875 -0.103118896484375
0.0127449035644531 -0.0353889465332031 -0.0178756713867188 -0.011260986328125
-0.0231361389160156 -0.0256595611572266 0.0392265319824219 0.02191162109375
-0.0278911590576172 0.00882148742675781 0.0685920715332031 -0.021881103515625
-0.0111312866210938 0.0264987945556641 0.0442581176757813 -0.0658111572265625
0.010406494140625 0.0219535827636719 -0.00504302978515625 -0.0886917114257812
0.00948238372802734 0.0123310089111328 -0.0488471984863281 -0.0673027038574219
0.00371646881103516 0.0125408172607422 -0.0513572692871094 -0.0455665588378906
0.00365924835205078 0.0115833282470703 -0.0481071472167969 -0.0337600708007813
-0.0023503303527832 0.00696039199829101 -0.04095458984375 -0.0422248840332031
-0.0103979110717773 -0.00259780883789062 -0.0400009155273438 -0.0486297607421875
-0.009521484375 -0.0213298797607422 -0.0299186706542969 -0.0648117065429688
0.0247287750244141 -0.02337646484375 0.00218963623046876 -0.0808486938476563
0.0495719909667969 -0.00305557250976563 -0.0129318237304687 -0.0935821533203125
0.0556449890136719 0.0246009826660156 -0.0317916870117188 -0.10870361328125
0.0553398132324219 0.0510292053222656 0.023590087890625 -0.0970993041992188
0.036346435546875 0.00054168701171875 -0.0127086639404297 -0.00721931457519531
0.0176353454589844 -0.0157032012939453 0.0468597412109375 0.0290069580078125
0.000536441802978516 -0.00617313385009766 0.0794754028320313 -0.019256591796875
0.000295937061309815 -0.000945985317230225 0.0538482666015625 -0.0687675476074219
0.0028233528137207 -0.00254178047180176 -0.00238800048828125 -0.0918655395507813
-0.00762462615966797 -0.00820636749267578 -0.048370361328125 -0.0675811767578125
-0.0114479064941406 -0.0122995376586914 -0.0496025085449219 -0.0439300537109375
-0.0117273330688477 -0.0122270584106445 -0.0490684509277344 -0.0314216613769531
-0.00303077697753906 -0.0184230804443359 -0.0436859130859375 -0.0354499816894531
0.007659912109375 -0.0254135131835937 -0.0428314208984375 -0.0430870056152344
0.0235137939453125 -0.0287284851074219 -0.0360488891601563 -0.0610008239746094
0.0563125610351563 0.00098419189453125 -0.00287628173828125 -0.0739898681640625
0.0637931823730469 0.0339584350585938 -0.015777587890625 -0.0829544067382812
0.0589828491210938 0.0733642578125 -0.0282058715820312 -0.0908050537109375
0.0511550903320313 0.0947036743164063 0.037322998046875 -0.0761871337890625
0.0522956848144531 0.0430717468261719 -0.00731420516967773 0.00638008117675782
0.0600128173828125 0.0040130615234375 0.0520744323730469 0.0426750183105469
0.0358428955078125 -0.0167770385742188 0.0895462036132813 -0.007568359375
0.0177402496337891 -0.0291423797607422 0.0652923583984375 -0.062713623046875
-0.00177764892578125 -0.0295162200927734 0.00499725341796875 -0.086181640625
-0.0223102569580078 -0.0287208557128906 -0.0408668518066406 -0.0602607727050781
-0.0258903503417969 -0.0362091064453125 -0.0398941040039063 -0.0357093811035156
-0.0281105041503906 -0.0333175659179688 -0.0420951843261719 -0.0205497741699219
-0.00882720947265625 -0.0407142639160156 -0.0422248840332031 -0.0196914672851563
0.0169143676757813 -0.0478324890136719 -0.0457763671875 -0.0291824340820312
0.0471649169921875 -0.0413818359375 -0.0454559326171875 -0.0522003173828125
0.0847015380859375 0.013031005859375 -0.0108909606933594 -0.0664749145507813
0.0770950317382813 0.058746337890625 -0.0144538879394531 -0.0690422058105469
0.0587234497070312 0.108322143554688 -0.0228347778320313 -0.0603866577148437
0.0353851318359375 0.1241455078125 0.0481109619140625 -0.0400962829589844
0.0543136596679688 0.0824432373046875 -0.000774383544921872 0.0279045104980469
0.0926513671875 0.03131103515625 0.05120849609375 0.0601997375488281
0.0695724487304688 -0.0185775756835938 0.09234619140625 0.0121994018554687
0.0392379760742188 -0.0508155822753906 0.07354736328125 -0.0449752807617187
-0.00241470336914063 -0.0533828735351563 0.0145912170410156 -0.06982421875
-0.0325965881347656 -0.0471038818359375 -0.0272560119628906 -0.0458259582519531
-0.0368423461914062 -0.0541191101074219 -0.0251560211181641 -0.021575927734375
-0.04217529296875 -0.0485115051269531 -0.0289363861083984 -0.00484657287597657
-0.01629638671875 -0.0553779602050781 -0.0357627868652344 0.000934600830078123
0.0174560546875 -0.0651893615722656 -0.045196533203125 -0.010772705078125
0.0592002868652344 -0.0528945922851563 -0.0513534545898438 -0.0372886657714844
0.102302551269531 0.01580810546875 -0.0182075500488281 -0.056396484375
0.0834121704101563 0.0716705322265625 -0.00804901123046874 -0.0545196533203125
0.0535430908203125 0.126266479492188 -0.0159111022949219 -0.0238971710205078
0.0116195678710937 0.131011962890625 0.0516891479492187 0.00528335571289063
0.0400466918945312 0.107025146484375 0.00357818603515625 0.0537147521972656
0.103126525878906 0.0595855712890625 0.0430831909179688 0.075927734375
0.091827392578125 -0.008941650390625 0.0845794677734375 0.0343551635742188
0.0578155517578125 -0.0598068237304688 0.0741500854492188 -0.0198745727539063
0.00159835815429688 -0.0686264038085938 0.0239334106445313 -0.0441093444824219
-0.036529541015625 -0.0578651428222656 -0.00974273681640625 -0.0261325836181641
-0.0419921875 -0.0640754699707031 -0.0072021484375 -0.00467205047607422
-0.0499954223632812 -0.0566482543945313 -0.0115365982055664 0.0129871368408203
-0.0225906372070312 -0.0627670288085937 -0.0240592956542969 0.0229721069335937
0.0157852172851562 -0.0739669799804688 -0.0408859252929688 0.00895690917968749
0.0628623962402344 -0.057342529296875 -0.0528602600097656 -0.0213851928710938
0.106246948242188 0.0196762084960938 -0.0213890075683594 -0.0450859069824219
0.0785903930664063 0.0782928466796875 0.00202178955078126 -0.0397872924804688
0.037933349609375 0.127372741699219 -0.00786018371582031 0.0136928558349609
-0.0125579833984375 0.112960815429688 0.0500450134277344 0.0491142272949219
0.0149688720703125 0.108451843261719 0.00555419921875 0.0770187377929688
0.0889205932617188 0.0775070190429688 0.029815673828125 0.0850372314453125
0.0932846069335938 0.00621795654296875 0.0681114196777344 0.0527839660644531
0.0651473999023438 -0.0537796020507813 0.0653038024902344 0.00698089599609375
0.00540924072265626 -0.0714111328125 0.0300350189208984 -0.0144557952880859
-0.0345649719238281 -0.0591621398925781 0.00915813446044922 -0.00418186187744141
-0.0413055419921875 -0.0641670227050781 0.011570930480957 0.011993408203125
-0.051544189453125 -0.0570526123046875 0.00767898559570312 0.0301113128662109
-0.0238838195800781 -0.0626068115234375 -0.0115432739257813 0.0430908203125
0.014678955078125 -0.0733718872070313 -0.0354347229003906 0.0269927978515625
0.062469482421875 -0.0525703430175781 -0.0513877868652344 -0.00596618652343751
0.0983963012695313 0.0263137817382813 -0.0237674713134765 -0.0337543487548828
0.0616378784179688 0.0808181762695313 0.0112838745117188 -0.0257663726806641
0.0147933959960937 0.113601684570313 -0.00316619873046875 0.0479965209960938
-0.0328826904296875 0.0739517211914063 0.0432510375976563 0.0842742919921875
-0.0097198486328125 0.0861053466796875 0.0068511962890625 0.0931549072265625
0.05792236328125 0.0746231079101563 0.0162734985351563 0.0862960815429688
0.0743255615234375 0.016754150390625 0.0481491088867188 0.06317138671875
0.0580215454101563 -0.0392799377441406 0.0510978698730469 0.0283470153808594
0.00687789916992187 -0.0603981018066406 0.0333652496337891 0.0124473571777344
-0.027862548828125 -0.0497550964355469 0.0261135101318359 0.0154476165771484
-0.03448486328125 -0.0545158386230469 0.0286083221435547 0.0266647338867187
-0.0445442199707031 -0.0505294799804688 0.0248680114746094 0.0452041625976562
-0.021026611328125 -0.055938720703125 -0.000152587890625 0.0606765747070313
0.0148544311523438 -0.0648078918457031 -0.031402587890625 0.0430755615234375
0.0575675964355469 -0.04119873046875 -0.0502433776855469 0.00749969482421874
0.0815277099609375 0.0337448120117188 -0.0270805358886719 -0.0247821807861328
0.0366592407226562 0.0770645141601563 0.0171566009521484 -0.0127029418945312
-0.0122299194335938 0.0865631103515625 -0.00493621826171875 0.0760421752929688
-0.0464286804199219 0.0222816467285156 0.0367355346679688 0.101776123046875
-0.0295791625976563 0.0474891662597656 0.00875854492187501 0.0979690551757812
0.0212745666503906 0.0540962219238281 0.00646209716796875 0.0811691284179687
0.0423927307128906 0.0194587707519531 0.0325584411621094 0.0669479370117188
0.037506103515625 -0.0201263427734375 0.0398674011230469 0.0416183471679688
0.00537490844726562 -0.039520263671875 0.0360984802246094 0.0308952331542969
-0.0179309844970703 -0.0324993133544922 0.0394554138183594 0.0285530090332031
-0.0234642028808594 -0.0374412536621094 0.041259765625 0.0362319946289063
-0.0322380065917969 -0.0374069213867187 0.0383720397949219 0.0562248229980469
-0.0151519775390625 -0.0434799194335938 0.00716400146484376 0.0747146606445313
0.0141944885253906 -0.0496673583984375 -0.0306663513183594 0.0566825866699219
0.0465278625488281 -0.0266075134277344 -0.0517158508300781 0.018218994140625
0.0567588806152344 0.0365409851074219 -0.0331382751464844 -0.0183601379394531
0.00870895385742188 0.0647010803222656 0.0162420272827148 -0.00202655792236328
-0.0374832153320312 0.0479621887207031 -0.0142288208007813 0.0952682495117188
0.0500679016113281 0.00317001342773438 0.01141357421875 -0.105072021484375
0.0122833251953125 -0.0359764099121094 -0.0177536010742188 -0.0106410980224609
-0.0240936279296875 -0.0257301330566406 0.0409774780273438 0.0238571166992188
-0.0283393859863281 0.00884246826171875 0.0712966918945313 -0.021636962890625
-0.0105094909667969 0.0278205871582031 0.0465431213378906 -0.0672950744628906
0.0107707977294922 0.0216960906982422 -0.00419616699218751 -0.09124755859375
0.00967121124267578 0.0118417739868164 -0.0495986938476562 -0.0690078735351563
0.00426959991455078 0.0127429962158203 -0.0518379211425781 -0.0462722778320312
0.00432872772216797 0.0118770599365234 -0.0485115051269531 -0.0347061157226563
-0.00183010101318359 0.00663852691650391 -0.0423965454101563 -0.0434951782226562
-0.0103569030761719 -0.0026702880859375 -0.0416603088378906 -0.0500869750976562
-0.00926780700683593 -0.0205612182617188 -0.0296363830566406 -0.0671615600585938
0.0247726440429688 -0.0237064361572266 0.00438690185546875 -0.0836944580078125
0.0499076843261719 -0.00372695922851563 -0.01080322265625 -0.0949249267578125
0.0564422607421875 0.0252723693847656 -0.0295028686523437 -0.110252380371094
0.0569000244140625 0.0522422790527344 0.0253143310546875 -0.0983047485351562
0.03668212890625 0.0004730224609375 -0.0130386352539062 -0.00574588775634766
0.01751708984375 -0.0158967971801758 0.0481986999511719 0.0310783386230469
0.000720024108886718 -0.00556278228759766 0.082244873046875 -0.0183944702148438
0.000708460807800293 -0.000367283821105957 0.0560836791992188 -0.0706253051757813
0.00367474555969238 -0.00264430046081543 -0.001708984375 -0.0943069458007813
-0.00732326507568359 -0.00893402099609375 -0.0488243103027344 -0.0687026977539063
-0.011469841003418 -0.0128946304321289 -0.0505409240722656 -0.0445899963378906
-0.0116949081420898 -0.0129022598266602 -0.049652099609375 -0.03155517578125
-0.00217056274414062 -0.0191535949707031 -0.0445747375488281 -0.0369644165039063
0.00878334045410156 -0.0258846282958984 -0.0448074340820312 -0.0444793701171875
0.0247440338134766 -0.0277824401855469 -0.0364151000976562 -0.0632171630859375
0.0574798583984375 0.001739501953125 -0.000709533691406254 -0.0772247314453125
0.0641288757324219 0.03509521484375 -0.013824462890625 -0.0848388671875
0.0587310791015625 0.0750656127929688 -0.0260848999023438 -0.092193603515625
0.05133056640625 0.0964279174804688 0.0385055541992188 -0.0766754150390625
0.0522308349609375 0.0439224243164063 -0.00764369964599609 0.00852727890014649
0.0604705810546875 0.00438308715820312 0.053375244140625 0.0457077026367187
0.0366134643554688 -0.016326904296875 0.0922317504882813 -0.00659942626953125
0.0189685821533203 -0.0288867950439453 0.0681686401367188 -0.0643310546875
-0.000532150268554691 -0.0299930572509766 0.0053558349609375 -0.0883941650390625
-0.0223808288574219 -0.0303230285644531 -0.0417289733886719 -0.0616989135742187
-0.0263442993164063 -0.0371932983398438 -0.0416030883789062 -0.0359458923339844
-0.0281124114990234 -0.0347175598144531 -0.0433158874511719 -0.0206756591796875
-0.0073089599609375 -0.0417327880859375 -0.0434837341308594 -0.0207633972167969
0.0183601379394531 -0.048736572265625 -0.0481071472167969 -0.0302162170410156
0.0489006042480469 -0.040771484375 -0.0469627380371094 -0.0539169311523438
0.086334228515625 0.0136566162109375 -0.00977325439453125 -0.0694694519042969
0.0769805908203125 0.06048583984375 -0.0129547119140625 -0.0709991455078125
0.0581130981445313 0.110595703125 -0.0211219787597656 -0.0609779357910156
0.0344467163085938 0.126365661621094 0.0489730834960938 -0.0394783020019531
0.05389404296875 0.0840835571289062 -0.00196647644042968 0.0304336547851563
0.0935134887695313 0.0321121215820313 0.0513229370117188 0.0634117126464844
0.0715713500976563 -0.0173568725585938 0.0947799682617188 0.013946533203125
0.0409202575683594 -0.0510940551757812 0.07672119140625 -0.046112060546875
-0.000923156738281253 -0.0545501708984375 0.0156631469726563 -0.071441650390625
-0.0322647094726563 -0.0483741760253906 -0.0271453857421875 -0.0471000671386719
-0.037567138671875 -0.0553817749023438 -0.026214599609375 -0.0219039916992188
-0.0419387817382812 -0.0498542785644531 -0.0302009582519531 -0.00443649291992187
-0.015167236328125 -0.0566749572753906 -0.0369606018066406 0.000865936279296865
0.0193672180175781 -0.0660667419433594 -0.0479202270507813 -0.0111351013183594
0.0607681274414062 -0.0526847839355469 -0.0537796020507812 -0.0387344360351562
0.103958129882813 0.0172042846679688 -0.0173187255859375 -0.0593338012695313
0.0840301513671875 0.073974609375 -0.00675964355468749 -0.0558967590332031
0.0525360107421875 0.129302978515625 -0.0150203704833984 -0.0240345001220703
0.0107269287109375 0.133872985839844 0.0520706176757813 0.00617218017578126
0.039276123046875 0.109382629394531 0.0014495849609375 0.0566520690917969
0.104530334472656 0.061309814453125 0.0428390502929688 0.0793838500976563
0.0933609008789063 -0.00762176513671875 0.0868453979492188 0.0362167358398438
0.0596580505371094 -0.0598487854003906 0.0769577026367188 -0.0201797485351563
0.00255966186523437 -0.0698661804199219 0.025299072265625 -0.0449981689453125
-0.0359153747558594 -0.0593223571777344 -0.00940704345703125 -0.0263652801513672
-0.0426788330078125 -0.0652885437011719 -0.00804567337036133 -0.00457286834716798
-0.0507164001464844 -0.0575790405273438 -0.0124301910400391 0.0138559341430664
-0.0213203430175781 -0.0637664794921875 -0.0255908966064453 0.0236682891845703
0.0172348022460938 -0.0747909545898438 -0.0437126159667969 0.009002685546875
0.0647773742675781 -0.0572471618652344 -0.0553779602050781 -0.0224761962890625
0.108238220214844 0.0209121704101563 -0.0213661193847656 -0.0478668212890625
0.078460693359375 0.08056640625 0.00299835205078125 -0.0414390563964844
0.0367889404296875 0.130012512207031 -0.00728988647460937 0.014002799987793
-0.01416015625 0.115852355957031 0.0496559143066406 0.0510597229003906
0.0138168334960938 0.111045837402344 0.003662109375 0.079620361328125
0.0899200439453125 0.0793609619140625 0.0289230346679688 0.0884933471679688
0.094818115234375 0.0077362060546875 0.0690841674804688 0.0553245544433594
0.0671348571777344 -0.0543899536132812 0.0676498413085938 0.00761795043945312
0.006500244140625 -0.0725173950195313 0.0315170288085938 -0.0149440765380859
-0.0344009399414063 -0.0601119995117187 0.00938796997070312 -0.00394916534423828
-0.0421257019042969 -0.0653915405273438 0.0109729766845703 0.0124998092651367
-0.0519828796386719 -0.0578079223632812 0.00694847106933593 0.0313377380371094
-0.0235366821289063 -0.0638694763183594 -0.012603759765625 0.0444526672363281
0.0159835815429688 -0.0738449096679688 -0.0383148193359375 0.0273361206054688
0.0638656616210938 -0.052398681640625 -0.0538482666015625 -0.00671005249023437
0.100166320800781 0.0271453857421875 -0.0243797302246094 -0.0364303588867188
0.06170654296875 0.082855224609375 0.0119266510009766 -0.0275249481201172
0.0137176513671875 0.115943908691406 -0.00330734252929688 0.0489234924316406
-0.0338668823242188 0.0759048461914063 0.0419235229492188 0.0865707397460938
-0.0111160278320312 0.0874786376953125 0.00406646728515624 0.0955734252929688
0.0584640502929688 0.076507568359375 0.0146331787109375 0.089019775390625
0.0755462646484375 0.0185317993164062 0.0483474731445313 0.065460205078125
0.0592918395996094 -0.0400352478027344 0.0529670715332031 0.0295181274414062
0.0072174072265625 -0.0617103576660156 0.0343494415283203 0.0129966735839844
-0.0276679992675781 -0.0506744384765625 0.0269966125488281 0.0158615112304688
-0.0354194641113281 -0.0554122924804688 0.0285205841064453 0.0274372100830078
-0.0455055236816406 -0.0507431030273438 0.024749755859375 0.0462608337402344
-0.020721435546875 -0.05694580078125 -0.000843048095703129 0.0620384216308594
0.0155525207519531 -0.0657577514648438 -0.0341606140136719 0.0442428588867187
0.0588531494140625 -0.04144287109375 -0.0525665283203125 0.00672531127929687
0.0831680297851563 0.0345382690429687 -0.0275974273681641 -0.0273323059082031
0.0370407104492188 0.0792617797851562 0.0170249938964844 -0.0140161514282227
-0.0139389038085938 0.0879592895507812 -0.00624847412109375 0.0775375366210937
-0.0476341247558594 0.0224952697753906 0.0347518920898437 0.103713989257813
-0.030426025390625 0.0480766296386719 0.00594329833984375 0.1004638671875
0.0217018127441406 0.0549888610839844 0.00511932373046875 0.08404541015625
0.0435333251953125 0.0202178955078125 0.0325813293457031 0.0696029663085938
0.0385169982910156 -0.020477294921875 0.0408363342285156 0.0434722900390625
0.00538253784179688 -0.040191650390625 0.0373153686523438 0.0315399169921875
-0.0183734893798828 -0.0329818725585938 0.0404548645019531 0.0294990539550781
-0.0238800048828125 -0.0374107360839844 0.0413856506347656 0.0368194580078125
-0.032867431640625 -0.0374603271484375 0.0388603210449219 0.0578231811523438
-0.0151863098144531 -0.0440750122070313 0.00628662109375001 0.0764007568359375
0.0145454406738281 -0.0506172180175781 -0.0331954956054688 0.0579795837402344
0.0478744506835938 -0.0265464782714844 -0.0541229248046875 0.0177841186523437
0.0577621459960937 0.0370407104492187 -0.0337886810302734 -0.0205402374267578
0.0092010498046875 0.0660171508789062 0.015965461730957 -0.003509521484375
-0.0394935607910156 0.0489654541015625 -0.0159988403320313 0.0967636108398438
0.05206298828125 0.00215530395507813 0.011566162109375 -0.109306335449219
0.0122032165527344 -0.0372238159179688 -0.0185470581054688 -0.00974464416503906
-0.0259914398193359 -0.0262413024902344 0.0428886413574219 0.0258064270019531
-0.0292263031005859 0.00995254516601562 0.0751953125 -0.022216796875
-0.00990867614746093 0.0293560028076172 0.0489273071289063 -0.071075439453125
0.0122470855712891 0.0223674774169922 -0.00464630126953126 -0.095977783203125
0.010249137878418 0.0113124847412109 -0.0521926879882813 -0.0710678100585938
0.00461864471435547 0.0128374099731445 -0.0546073913574219 -0.0472526550292969
0.00466728210449219 0.0115528106689453 -0.0508995056152344 -0.0354690551757813
-0.00199222564697266 0.00647115707397461 -0.045135498046875 -0.0452461242675781
-0.0102996826171875 -0.00249958038330078 -0.0449295043945312 -0.0523147583007813
-0.0100078582763672 -0.0206775665283203 -0.0317535400390625 -0.0703277587890625
0.0255336761474609 -0.02490234375 0.0052337646484375 -0.0883331298828125
0.0513687133789062 -0.00434112548828125 -0.00998687744140624 -0.0984954833984375
0.0583915710449219 0.0260505676269531 -0.0286788940429687 -0.113746643066406
0.0584831237792969 0.0538558959960938 0.026031494140625 -0.101615905761719
0.0372390747070313 9.5367431640625E-05 -0.0134859085083008 -0.00480747222900391
0.0175991058349609 -0.0160121917724609 0.0504837036132812 0.033233642578125
0.00114059448242188 -0.00543451309204102 0.08697509765625 -0.0191879272460938
0.00116097927093506 0.000629067420959473 0.0591964721679688 -0.07464599609375
0.00509023666381836 -0.00314426422119141 -0.00214385986328126 -0.099029541015625
-0.00698661804199219 -0.00959300994873047 -0.051849365234375 -0.0710601806640625
-0.0116424560546875 -0.0135660171508789 -0.0534095764160156 -0.0454025268554687
-0.0115928649902344 -0.014063835144043 -0.0518112182617187 -0.0323600769042969
-0.00176239013671875 -0.0205650329589844 -0.04779052734375 -0.0384674072265625
0.00976181030273438 -0.0267963409423828 -0.0479202270507813 -0.046173095703125
0.0254096984863281 -0.0277061462402344 -0.0389060974121094 -0.0667190551757813
0.0594596862792969 0.00152206420898438 -2.2888183593745E-05 -0.08233642578125
0.0655975341796875 0.0356903076171875 -0.01312255859375 -0.0879592895507813
0.0610809326171875 0.0777664184570313 -0.0252227783203125 -0.095123291015625
0.0535964965820313 0.0994949340820313 0.0396652221679688 -0.0792922973632812
0.0536575317382813 0.045166015625 -0.00820827484130859 0.0105524063110352
0.0620384216308594 0.004547119140625 0.0556564331054688 0.0486335754394531
0.0379447937011719 -0.0159149169921875 0.0972824096679687 -0.0064544677734375
0.0201854705810547 -0.02960205078125 0.0714492797851563 -0.0678024291992188
-0.00011634826660156 -0.0309085845947266 0.0054473876953125 -0.0927200317382813
-0.0222511291503906 -0.0318431854248047 -0.0439682006835938 -0.0637626647949219
-0.0273284912109375 -0.038604736328125 -0.0437240600585937 -0.0366439819335938
-0.029022216796875 -0.0363311767578125 -0.0452423095703125 -0.0207328796386719
-0.00681304931640625 -0.0434532165527344 -0.0464019775390625 -0.0209007263183594
0.019500732421875 -0.0507431030273437 -0.0519027709960937 -0.0315399169921875
0.0509490966796875 -0.0416297912597656 -0.0499801635742188 -0.0563392639160156
0.088958740234375 0.0142974853515625 -0.0100021362304688 -0.0744094848632813
0.0794296264648438 0.0626907348632813 -0.0123291015625 -0.0740966796875
0.0605697631835938 0.114578247070313 -0.0207939147949219 -0.0631561279296875
0.0364227294921875 0.131484985351563 0.0505218505859375 -0.0403709411621094
0.0559921264648437 0.0869140625 -0.00257492065429687 0.0334110260009766
0.0968856811523437 0.0331344604492188 0.053985595703125 0.0670127868652344
0.0738449096679688 -0.0174942016601562 0.0998077392578125 0.0148162841796875
0.0421257019042969 -0.0528297424316406 0.0804443359375 -0.0494613647460938
-0.000152587890625004 -0.0561866760253906 0.0162353515625 -0.075164794921875
-0.0333938598632813 -0.0503196716308594 -0.0289306640625 -0.0486831665039062
-0.0393600463867188 -0.0572891235351563 -0.0283832550048828 -0.0224685668945313
-0.0433273315429688 -0.0516586303710937 -0.0318527221679687 -0.003875732421875
-0.0150299072265625 -0.0590248107910156 -0.0391273498535156 0.00117111206054686
0.0200347900390625 -0.0689582824707031 -0.0517234802246094 -0.0117111206054688
0.0635261535644531 -0.0546073913574219 -0.0577659606933594 -0.0407371520996094
0.107490539550781 0.0177001953125 -0.0179557800292969 -0.0639991760253906
0.0868759155273438 0.07708740234375 -0.00695037841796875 -0.0592498779296875
0.0549163818359375 0.134246826171875 -0.0147457122802734 -0.0248737335205078
0.0110397338867188 0.139205932617188 0.0536155700683594 0.00669097900390626
0.0407028198242188 0.113204956054688 0.000999450683593753 0.0603713989257813
0.1082763671875 0.0623626708984375 0.0444183349609375 0.0840988159179688
0.0972061157226563 -0.00742340087890625 0.0913009643554688 0.0383987426757813
0.0616722106933594 -0.0625228881835938 0.0809860229492187 -0.0219955444335938
0.00310516357421875 -0.0727310180664062 0.0259361267089844 -0.0479202270507813
-0.0372428894042969 -0.0610923767089844 -0.0101318359375 -0.0272769927978516
-0.0449256896972656 -0.0677375793457031 -0.00877237319946289 -0.00446081161499024
-0.0526466369628906 -0.0594291687011719 -0.0134553909301758 0.0152254104614258
-0.0218009948730469 -0.0661888122558594 -0.0268688201904297 0.025115966796875
0.0178680419921875 -0.0777130126953125 -0.0475692749023438 0.00998306274414061
0.0678176879882813 -0.059112548828125 -0.0599098205566406 -0.0230331420898437
0.112174987792969 0.0212249755859375 -0.0229339599609375 -0.0521965026855469
0.0815887451171875 0.0837173461914063 0.00284957885742188 -0.0441741943359375
0.0381622314453125 0.135429382324219 -0.00736331939697266 0.0148658752441406
-0.0149154663085937 0.120445251464844 0.0507049560546875 0.0529136657714844
0.0146331787109375 0.115211486816406 0.00196838378906251 0.0843353271484375
0.0938186645507812 0.08172607421875 0.0296859741210938 0.093841552734375
0.0992202758789062 0.00853729248046875 0.0723800659179688 0.0578155517578125
0.0701026916503906 -0.0568580627441406 0.0714187622070312 0.00685882568359375
0.00658416748046876 -0.0752792358398438 0.0331211090087891 -0.0158481597900391
-0.0357208251953125 -0.0621261596679688 0.00950050354003906 -0.00419902801513672
-0.04461669921875 -0.0674781799316406 0.0108184814453125 0.0132408142089844
-0.054443359375 -0.0591506958007813 0.00672721862792968 0.0325756072998047
-0.0238304138183594 -0.0662879943847656 -0.0134811401367188 0.0460929870605469
0.0164718627929688 -0.0769195556640625 -0.0413360595703125 0.029022216796875
0.0662879943847656 -0.0544395446777344 -0.0575523376464844 -0.00671386718750001
0.104591369628906 0.0280990600585938 -0.0259017944335937 -0.0398597717285156
0.06427001953125 0.0863113403320313 0.0120658874511719 -0.0298824310302734
0.0138702392578125 0.121017456054688 -0.00360107421875 0.0510177612304688
-0.0356063842773438 0.0797119140625 0.0424652099609375 0.089447021484375
-0.0115280151367188 0.0912551879882813 0.00219726562499999 0.100303649902344
0.060943603515625 0.0788497924804688 0.0146484375 0.0942230224609375
0.0797805786132813 0.0189056396484375 0.0508613586425781 0.0689849853515625
0.0613365173339844 -0.0418243408203125 0.0565452575683594 0.0300521850585938
0.00727844238281251 -0.0639724731445313 0.0362358093261719 0.0129966735839844
-0.0292701721191406 -0.0520362854003906 0.0279102325439453 0.0162162780761719
-0.0377769470214844 -0.0566177368164062 0.02923583984375 0.0284194946289063
-0.0473709106445313 -0.0516090393066406 0.02593994140625 0.0482978820800781
-0.0220069885253906 -0.0589256286621094 -0.00123214721679688 0.064971923828125
0.0156517028808594 -0.0684738159179688 -0.0368766784667969 0.0467109680175781
0.0612449645996094 -0.0427093505859375 -0.0562515258789063 0.00763320922851561
0.086273193359375 0.035125732421875 -0.0294666290283203 -0.0293006896972656
0.0389938354492188 0.0820541381835938 0.0169544219970703 -0.0159530639648437
-0.0143051147460938 0.09161376953125 -0.00595855712890624 0.0808258056640625
-0.049224853515625 0.0239372253417969 0.0350265502929687 0.107528686523438
-0.0315017700195313 0.0502510070800781 0.00469207763671875 0.104835510253906
0.0232467651367187 0.0565986633300781 0.00432586669921876 0.088653564453125
0.0455284118652344 0.0209770202636719 0.03436279296875 0.0734024047851563
0.0398521423339844 -0.0220184326171875 0.0435829162597656 0.0451545715332031
0.00457382202148437 -0.0419502258300781 0.039825439453125 0.0327339172363281
-0.0193996429443359 -0.0335521697998047 0.0425758361816406 0.0302848815917969
-0.0258064270019531 -0.03826904296875 0.0429115295410156 0.0380401611328125
-0.0345497131347656 -0.0377998352050781 0.0405426025390625 0.0599784851074219
-0.016143798828125 -0.0454444885253906 0.00706481933593751 0.0796279907226563
0.0142097473144531 -0.0529708862304687 -0.035247802734375 0.0612144470214844
0.0496444702148438 -0.027923583984375 -0.0574455261230469 0.018829345703125
0.0608291625976563 0.0377464294433594 -0.0360565185546875 -0.0226669311523438
0.0102615356445313 0.0686912536621094 0.0157394409179687 -0.00512123107910156
-0.0408706665039062 0.0514640808105469 -0.01678466796875 0.101188659667969
-0.0259294375242307 -0.031637571180472 0.0984872715462941 -0.0455697584382877
-0.0371278863682741 0.0148318103740502 0.00373615233455548 -0.0154641908061271
-0.0111736271252831 0.0368818264808478 0.00627887741409803 0.0537443591824143
0.0240513588248318 0.0212686251860212 0.060334404228986 0.0511308142510011
0.025818296398691 -0.00735256935348204 0.0925816872096108 0.00477723273634379
0.0083955112323423 -0.0138931680454873 0.0840427846470242 -0.047581286819515
0.00798387190540323 -0.0109912482222489 0.0486948431394154 -0.0770226658736622
0.0103865330808514 -0.00943160698633644 0.0186843632036044 -0.0774256256677005
0.00929930386776444 -0.00716923769257328 0.0122772129273557 -0.0640853440482353
0.00913289548665827 -0.000952021669424266 0.0178736577840698 -0.0628641506452802
0.00701083686351376 0.0121955093160025 0.0290052161687841 -0.0709345362237223
-0.0096726409243162 0.0252863615917969 0.0555036528844189 -0.0645040099670103
-0.0380620101087272 0.00711168505421381 0.0809396794555513 -0.0413272995652787
-0.0336585346175356 -0.0307943178249541 0.0797065396095711 -0.0536171631964565
-0.00628275890869077 -0.0545759143847526 0.0676602884167052 -0.0916424635098891
0.0119998463606266 -0.0652144823200322 0.0926625138830166 -0.0320945204995571
-0.0221292625041791 -0.0315008909627027 -0.00856478627523416 -0.00878063846705787
-0.0294780358611141 -0.00732716587478681 -0.00439462189931573 0.0748472827510415
-0.0122557425625125 0.00487870108195312 0.0632957172068079 0.0739469722551401
-0.00597441277144139 0.00570421903756775 0.106072137466513 0.0151152494821081
-0.0077369640465564 0.00817018777449569 0.0919213354100342 -0.0459268308294797
-0.00263005423141139 0.0162605432156839 0.0533799991065788 -0.0754881766890497
0.000984901886024312 0.0203928098008138 0.0206765927058036 -0.0757138061648567
-0.00347679795762181 0.0219630099114007 0.0115966253782352 -0.0633511133041887
-0.0132094574738744 0.0157640479377184 0.0130381173964482 -0.0594579879575129
-0.0252165135897435 0.0131412973939299 0.0217977433267436 -0.0668198509919422
-0.0380833049938566 -0.00233813138850169 0.0441376020816122 -0.0648694813903168
-0.043913820935644 -0.0363985698868379 0.0676132776403883 -0.0422306360877989
-0.0104642263075711 -0.0672379746213652 0.0650799412729419 -0.0552037280871435
0.0338556693164537 -0.0830426963994498 0.0544869204578187 -0.0834323704964687
0.0514719817296872 -0.0875477628653027 0.0747672165184537 -0.011885981118404
0.00449637133847709 -0.0756822201822617 -0.030134142217338 1.75192323171424E-05
-0.0393612330798939 -0.0590410857536071 -0.026298653931199 0.0957039418569769
-0.0494942032258791 -0.0213148208124374 0.0548390674628475 0.100876795229884
-0.043407968081677 0.0136888667707109 0.110452829890559 0.0344402687091636
-0.0277401226153644 0.0287637386788482 0.0937347609169337 -0.0345023687386721
-0.0152596717962966 0.0414748972261519 0.0529215172704976 -0.0634952199385987
-0.0080052458274596 0.048006467350369 0.0194049810568611 -0.0623514825140139
-0.0133987377496171 0.0494842577023472 0.00597784650798283 -0.051541109387378
-0.0290223713718836 0.0341502797566573 0.000991859255291345 -0.0471616745854932
-0.050731469588367 0.0211608843672897 0.0065423430044862 -0.0599450743628691
-0.0657131478126294 -0.0168101936551701 0.0266228359338859 -0.0663159106962988
-0.0558133237565303 -0.0668710082856838 0.0531260457269992 -0.0449983365894938
0.0022582013075772 -0.0949131664603582 0.0498402601874327 -0.0502884684741196
0.0635042602446766 -0.102331599308367 0.031695642620917 -0.0649024649007984
0.0855313130638517 -0.0944975071185307 0.0439711923505903 0.0137448083275925
0.0373490450134134 -0.106639573082056 -0.0568398871333191 0.0115427734406843
-0.03666381705483 -0.107800771294856 -0.0568613673847952 0.108892860297283
-0.0773024496544117 -0.0545347412016567 0.031433743423349 0.124085254544856
-0.0793948178241882 0.0130722146718896 0.101741355776545 0.0581092075041156
-0.0483284737946924 0.0432942020478397 0.0856584828398463 -0.0150800453102333
-0.0275669085639034 0.0600913722120466 0.0468469302450318 -0.0421872325732648
-0.0153706282525618 0.0682441066879153 0.0146123206320677 -0.0405092343121196
-0.0188671890558777 0.0703003427271845 -0.00244062487640027 -0.0314681414013927
-0.0366170564404416 0.049574347820696 -0.0137398171829027 -0.0290905171339804
-0.0642316586328114 0.0324146745837883 -0.0111240707222524 -0.0480356384723184
-0.0846876152268504 -0.0213626161897301 0.006869873959996 -0.0630937559806522
-0.066510413776787 -0.0827089682903802 0.0375315249707475 -0.0457420745459891
0.00850180486902071 -0.110301056343233 0.0381255229013883 -0.0397278368210228
0.0816154116198518 -0.108785153556503 0.00552036603195771 -0.0395293363323998
0.104944890294471 -0.0834876961651382 0.00445246150737442 0.0396345261644768
0.0690145944141592 -0.11362968321978 -0.0841806000381347 0.0220051537130013
-0.0169990873380774 -0.138262180668594 -0.087351326218471 0.107263578794182
-0.0847768318137295 -0.0852585366117245 -0.0013851038725337 0.13308384513671
-0.101974190317986 0.00254351932145631 0.0765520554850218 0.0775011632776392
-0.0639416743817437 0.0482151713533109 0.0670356075261422 0.00828544097974021
-0.0369470293386434 0.068346171403796 0.0344999131573082 -0.014766306874624
-0.0204641243055393 0.0782281554129041 0.00775391140407237 -0.012282186741292
-0.0211843616845928 0.0813111805905049 -0.0111432655900704 -0.00537598653101314
-0.0389721969596666 0.0587669299492216 -0.0268267331625709 -0.00659116415813582
-0.0695348705074469 0.0389503161012213 -0.0283605687104326 -0.0321833590850311
-0.0913000532535359 -0.0224566328218266 -0.0109960756812975 -0.0550876342340726
-0.066684849929251 -0.0894334906192941 0.0233965836113766 -0.0432739216810449
0.0165519053369376 -0.111686547876604 0.0297667789863499 -0.0246598593823883
0.0897875232450339 -0.0982474391083085 -0.0200832828629944 -0.0102200328607293
0.102677441057485 -0.0573361576621145 -0.0330677638032291 0.0615490251596595
0.086903923589333 -0.0949947873399913 -0.103639809317473 0.0299140418564566
0.00959929621117952 -0.137837372947012 -0.107898835440276 0.0922716945633412
-0.0703269111280671 -0.0999458040629407 -0.0336985859986389 0.123552824798732
-0.103411636889417 -0.0104334494596026 0.041788343252002 0.0858466874940294
-0.0682434425860851 0.0434038128323103 0.0403973409756988 0.0297303012260472
-0.0394915546288722 0.0660722225373738 0.0187275615984268 0.0127169022225303
-0.0222479620808441 0.0766853932043819 -1.88920633318823E-05 0.0162078718030669
-0.0205356023792308 0.0807325465483373 -0.0203539986717559 0.0209521101825928
-0.0382419184490236 0.059645945271774 -0.0390553542181513 0.0155229300275624
-0.0678910801237917 0.0392356372027852 -0.0444418311147003 -0.0169069993166409
-0.0863878112063668 -0.0253542652157031 -0.0260888742609231 -0.0456793566960104
-0.056050078224355 -0.0894553778763356 0.0114330258232091 -0.0399841339924857
0.0281152958523714 -0.100372905349872 0.0230013867530474 -0.010994428375262
0.0904868189149384 -0.0736660350217151 -0.044648826604171 0.0153159309307015
0.0795452580341288 -0.0227206112493892 -0.063596939501446 0.0754565051799583
0.0833801312686936 -0.0594372503172316 -0.111718555671085 0.0369946884327607
0.0277674992264268 -0.109155104869601 -0.112493573216431 0.0703603982442066
-0.045641153241281 -0.0911968993384223 -0.0552364312879525 0.102544537092331
-0.0843981067025253 -0.0176625283413606 0.0084789245472314 0.0829864657526081
-0.0592951652725511 0.033292153223249 0.0134972413815423 0.0453399050058484
-0.0342077896928903 0.0538242862639171 0.00283943496234055 0.0373548944478041
-0.0202844882561584 0.0636832780017806 -0.00724629221244965 0.0420051998493904
-0.0184162290117025 0.068628219018342 -0.027915801677839 0.0461056830758396
-0.0343692306749739 0.0522669064571924 -0.0507856775229527 0.0344854242358107
-0.0605245861782726 0.0332809695449637 -0.0596890672317044 -0.00458349656769516
-0.0731233063520029 -0.0281628426167899 -0.0391503257739165 -0.0396885723917381
-0.0375011302885503 -0.0829957669683775 0.00141227725788106 -0.0389707355047175
0.0400899395828061 -0.0790669281088782 0.0157106006486112 -0.000550809806893112
0.0815023902956966 -0.0378352515209449 -0.0668363571667627 0.0338171747530697
0.041576516792377 0.0159748869760321 -0.0754088548673051 0.082239179754715
0.0608957474193737 -0.0163622387887889 -0.105287121312001 0.043166742930418
0.0319607168233621 -0.0624929975162977 -0.102327373824843 0.0512365932391705
-0.0187880903148848 -0.0620537456987691 -0.0639507178489921 0.0800790127106333
-0.0518631805861303 -0.0173295786897297 -0.0158428782233098 0.0753652198024636
-0.0394426440609363 0.0198658636247251 -0.00651599417712288 0.0558662491601797
-0.0230580550558623 0.0338164061266265 -0.00871362991840649 0.0545362039657674
-0.01441399209201 0.0417484011781378 -0.0129295090964949 0.0603630929160799
-0.0138028875520229 0.048078558413622 -0.0348732195127066 0.0642985290171447
-0.0276819154535241 0.0384787469412282 -0.0614327715555826 0.048171732688554
-0.0474903630607531 0.0229020024816802 -0.0744240941720068 0.00240550856098212
-0.0524760954688035 -0.0280862116239128 -0.0502684432276024 -0.0383954595402031
-0.0165853101614709 -0.067068989850132 -0.00690631330316379 -0.0427288992245485
0.0462856064993686 -0.0493118947040354 0.00873588266418469 0.00392982349233702
0.0623935115775497 0.00225131608929211 -0.0865314664317814 0.0416710018391023
-0.0282760742873917 -0.0310492568203895 0.0992313029871827 -0.0512780808823847
-0.0367408267805844 0.0172609341445568 0.00232986733973171 -0.0161157832425763
-0.00907126620798853 0.0388383154381146 0.00834659457481487 0.0563640819770782
0.0256690728028538 0.0204569664260244 0.0643972188989624 0.0517584421132041
0.0254722235730907 -0.00991641859549855 0.0968458168326782 0.0010303477118931
0.00724825782351336 -0.014335703038866 0.0852664091465604 -0.053002418595422
0.00711705214673027 -0.0115656246884102 0.0461294032067974 -0.081336435986885
0.00975533473467239 -0.0101322680836728 0.0149897025803265 -0.0794807504857377
0.00870651729114799 -0.00765971037447624 0.00978580958765535 -0.0671508972287729
0.00896589982743217 -0.00156396897754771 0.0154760654106179 -0.0662896058625394
0.00733754669469822 0.0116610955315165 0.0257120412728926 -0.0750960766718174
-0.00775459667344681 0.0256312262713526 0.0550236799995031 -0.0695390482102269
-0.0388175960643499 0.00952969267364346 0.0838351164020518 -0.0462233187704119
-0.0357119920119333 -0.029639790398713 0.080609756733427 -0.057141484078016
-0.009104436864357 -0.056038308087749 0.0669886637833924 -0.0955022376319145
0.00937921559024977 -0.0673012643386197 0.0940616660534249 -0.0367545832176586
-0.0233746959750257 -0.030722126150839 -0.0101552941143364 -0.00821813293756879
-0.0301316618640206 -0.00531735098309494 -0.00145067960832221 0.0783637824985773
-0.0117680654901074 0.00448462787557129 0.068557416389188 0.0740687750473003
-0.0061348447791479 0.0050514287555136 0.110944147835492 0.011462447671456
-0.00867013550714157 0.00866879936436218 0.0936152049320201 -0.0514413760790988
-0.00245017180130514 0.0169395777972546 0.0513770516899844 -0.080027974522393
0.00171151018436996 0.0208350563391331 0.0171357611183332 -0.0783764701824267
-0.00333052894075064 0.0226536622744272 0.00859771473779126 -0.0657817610276034
-0.0137251187246471 0.0167833343410267 0.00996851506051165 -0.0622335102790785
-0.026306851616822 0.0141634682349317 0.0189016414709951 -0.0708021461050579
-0.0386272198022978 -0.00166309666371981 0.0426960290675568 -0.0702940559647303
-0.0462134928516673 -0.0355076119708748 0.0704389887025415 -0.0470188201906639
-0.0129958076375808 -0.0679570672002979 0.0655053196223491 -0.0582327322453644
0.031214898774324 -0.0867223441758734 0.053334736643882 -0.0867614887401297
0.0495230854004761 -0.0921798039823309 0.076218716561592 -0.0155522483782126
0.00201041707882371 -0.0775179685316462 -0.0325902015593225 0.0023160350757765
-0.0428926664958951 -0.0588537517744157 -0.0244603122647966 0.10128254764406
-0.0511831965811636 -0.020758084109829 0.0607056781617547 0.102642372807876
-0.0450017484978908 0.0152405805511307 0.117258090936211 0.0309090870969167
-0.0282617351321527 0.0307148231197749 0.0956917865086228 -0.0404530198543538
-0.0144141222124817 0.0433114259517568 0.0512136057092935 -0.0680821238857738
-0.00631457851272768 0.0497822630406542 0.0160665333075296 -0.0648776147722472
-0.0124547787572582 0.0513967371379891 0.0031110847285961 -0.0532895144672299
-0.0292848669036933 0.0361148476824159 -0.00214568508956253 -0.0496120365525778
-0.0513414145219908 0.0235868251206594 0.00300700248553071 -0.0638503314636035
-0.067846807883861 -0.0155895058423583 0.0239959509651163 -0.0711386548860672
-0.0599403855140067 -0.0663610533099987 0.0546802715886128 -0.0499961572405014
-0.000924185066282471 -0.097482694310593 0.050150752156284 -0.0531048943076724
0.0615861667277991 -0.108117816801262 0.0307087182394991 -0.067328984676538
0.0842252395065487 -0.10092619067957 0.0453158659016326 0.0125108201674038
0.0342701346194841 -0.110775720269089 -0.0599604462144115 0.0148592732732736
-0.0413732345985873 -0.10913110124005 -0.0553500742379903 0.115424815262145
-0.0814513925630404 -0.0536916738350256 0.0377204685580053 0.12788776542579
-0.0813137978672452 0.0158489459986598 0.108211713699128 0.0555750838247285
-0.0488227560853615 0.0460799452935651 0.0884905673198283 -0.0196764369804817
-0.0263252028866954 0.0628577269418347 0.0457155743294414 -0.0458771841223125
-0.0128844340783876 0.0706134301956003 0.0124754326462377 -0.0423156277320654
-0.016227930904353 0.0735000659915849 -0.00469304754895643 -0.0320782489045879
-0.0364465110265242 0.0524560935128015 -0.0161690705669998 -0.0300678288451133
-0.0654623153269964 0.035784904153193 -0.0152612224214437 -0.0510140568666146
-0.0880540074038913 -0.0191108899660251 0.00325112684707118 -0.0663454299528301
-0.0718741578550971 -0.082267672663129 0.0384831365540307 -0.0503808195543581
0.00483905957854993 -0.113391208467546 0.0383764484958944 -0.042390335952695
0.0793972270695072 -0.115837810621443 0.00441831878767671 -0.0396677300483501
0.104678778305751 -0.0902126952973527 0.00588779902882687 0.0402699733571555
0.0662838513499787 -0.119701674313937 -0.0875112004440166 0.0260698964864748
-0.0232431710038567 -0.140593415159514 -0.0866251001496173 0.115238448367615
-0.0907295580250292 -0.0853187158113839 0.00410234031413087 0.138202993153507
-0.105021609722053 0.00705866131147142 0.083720928381815 0.0767079074367594
-0.0642400913699666 0.0517200777855119 0.069514350815156 0.00545545302097734
-0.0350301660633033 0.0720949166876507 0.0344829618796991 -0.0172245605913529
-0.0173613271006021 0.0817284541639368 0.00627885478464883 -0.0134473871847551
-0.0175364675623061 0.0842408904072603 -0.0130067851514671 -0.00529590122701912
-0.0382227143433606 0.061772740900508 -0.0290270173527758 -0.00627565801395053
-0.0701389623502417 0.0431425026742894 -0.0329768148963077 -0.0338548195005982
-0.0952553560228325 -0.020129189192969 -0.0150785203874953 -0.0579165083869138
-0.0726106613431589 -0.089134734897495 0.0241688535892627 -0.0476975788780339
0.0129855659542858 -0.115574637703924 0.0306650708814894 -0.0274262534724826
0.0894317700407366 -0.105214596219273 -0.0208205334441859 -0.00899897014687862
0.103760268293709 -0.0636480203617219 -0.0325204597102027 0.0635776523089715
0.0866403708502639 -0.101231072444159 -0.107450116729244 0.0346791618052904
0.00386643386425428 -0.142471362201768 -0.108804758264722 0.100204149677805
-0.0770732304074521 -0.100886011231648 -0.0297029850478688 0.129925705826564
-0.1075146792135 -0.00600367200078845 0.0481055172673605 0.0870661881319728
-0.0687906707078507 0.0479964919993756 0.0435737772297343 0.0287059704138106
-0.0378651867150248 0.0697799472819246 0.0196276062200992 0.0123719362378737
-0.018583809903846 0.0800898349325257 -1.52605096826787E-05 0.0158589665341538
-0.0169702622391971 0.0838261947972556 -0.0206215477296548 0.0229561064704754
-0.0369319038980933 0.0628948858152269 -0.0406554280494944 0.0172759984195768
-0.0683161634626252 0.043221029203906 -0.0483512194351318 -0.0166776656933703
-0.0902382491565075 -0.0229628875894419 -0.0303814957435621 -0.0477463141547368
-0.0618990742255486 -0.0895420167626889 0.0112733082898633 -0.0436630688370176
0.0247464409330224 -0.104624769753441 0.0239698691849354 -0.0136546823528658
0.0906581246575512 -0.0798365968328254 -0.0450105653994349 0.0183871934642613
0.0817595217366852 -0.0265417612054 -0.0628464092897657 0.0789958180060225
0.0840746512094117 -0.0645211113533468 -0.115293676455644 0.0416328835750175
0.0235331912750529 -0.113998196329476 -0.114309816588771 0.0779830481003539
-0.0510327138961211 -0.0930261703202142 -0.054019094640429 0.108700437939141
-0.0879923856721783 -0.0138801633486341 0.0130681703810819 0.085716624140131
-0.0593956774512739 0.0372266493662618 0.0166753519796211 0.0465477013840208
-0.032805088068979 0.0568317478211743 0.00484935126371672 0.0382157171962115
-0.0170817385707452 0.0663320844018082 -0.0059567391125234 0.0429597161832119
-0.0151549522470203 0.0713938088693117 -0.0271347351407489 0.048539951268543
-0.033185226361181 0.0553229011711516 -0.0511578789446293 0.0378029261825877
-0.0608704995890295 0.0368291948697039 -0.063709452950283 -0.0031569808325253
-0.0765908066681926 -0.0258128529080699 -0.0435074143965497 -0.0403624386774817
-0.0428764036477645 -0.0833480989058995 0.000335982960059523 -0.0424024727636493
0.0373362885168726 -0.0834469513233827 0.0165073366149396 -0.00261133598416752
0.0830769639603745 -0.0429610442301881 -0.0678330883000925 0.0376640912116658
0.0437532053398538 0.0142106363735461 -0.0751998929533325 0.0857933422567675
0.0629290747721362 -0.0194423829928576 -0.108327361087759 0.0473926575753362
0.0299030726960552 -0.065883909667538 -0.104709351806695 0.0573448611294883
-0.02230370387948 -0.0637074100994531 -0.0637327833409986 0.0857857269367469
-0.0545929236925857 -0.0149362178310388 -0.0122717794350966 0.0793356657572564
-0.0397976861492175 0.0226498454345639 -0.00328297104570994 0.05822152632821
-0.021479110340265 0.0360123323196984 -0.00596013176939839 0.0565625542526211
-0.012206634639605 0.0437765829503006 -0.0103144604569714 0.0622553358878288
-0.0111165878788143 0.0497517352867149 -0.0332982730670955 0.0678506978574811
-0.0264375516760765 0.0409439185640007 -0.0613837141485968 0.0522528568034157
-0.0473924014226605 0.026188645040525 -0.0780301073573712 0.00483579346412662
-0.0552113115373475 -0.0262180057963184 -0.0544351721904804 -0.0381518857435802
-0.0203695521572071 -0.0685739465974557 -0.00866740742507174 -0.0452514017827497
0.0452216998103242 -0.0529305814683006 0.00975574364008956 0.00206249158817605
0.0650210098689476 -0.000658132091592871 -0.0878924607763973 0.0469871309711477
-0.0300321274329599 -0.0296957765196461 0.0981905548558688 -0.0553938125153615
-0.0362256958894066 0.0191014325036993 0.000857657736297899 -0.0158774729276508
-0.00708752219510177 0.0396209873350293 0.0104326262432097 0.0580008963970877
0.0270564098561111 0.0187702014352234 0.0681299964255387 0.0506720344319085
0.0242074878292969 -0.0124698905532746 0.0988640787700989 -0.00218749576056423
0.00598749454068486 -0.0145036914457841 0.0845806341662475 -0.0576344662346719
0.00614134082443246 -0.0119750159810663 0.0428180865516872 -0.083950400633517
0.00891640740859826 -0.0111150366184732 0.0115586076539118 -0.0803716051521149
0.00823700715812411 -0.00796983966354224 0.00708176860990954 -0.0684594248775406
0.0082086789085723 -0.00190078823267972 0.0120786387219445 -0.0688376159716274
0.00775017405793012 0.0112898786724164 0.0224134802577023 -0.0774145116458922
-0.0065823232086239 0.025452838545127 0.0529839460427263 -0.0730078445507323
-0.0382205815009012 0.0117295745650702 0.0846893290836632 -0.0505475444148822
-0.0366306230463349 -0.0279083344968025 0.0805396395834271 -0.0590722614420193
-0.0118781511736837 -0.0557867012891909 0.0652129135320374 -0.0973030779107602
0.00651418585918183 -0.0681179197555765 0.0930775513922033 -0.0408331132413116
-0.0241947739750519 -0.0296325034229832 -0.0115890859660985 -0.00740508112012835
-0.0294856688610626 -0.00413510155384559 0.000792293308194029 0.0804542653729638
-0.0115943064513172 0.00449252814423009 0.072881388159428 0.0730928078841687
-0.0070181676938959 0.00374822814381354 0.113496388441672 0.00735360565404268
-0.00901816507536896 0.00886504040476193 0.0929081799576243 -0.0565341410497091
-0.00262969277690978 0.0172863165010464 0.0478800710539086 -0.0834907187834547
0.00250914341053907 0.0210752279704671 0.0129809073123683 -0.0793006992971152
-0.00265248673586945 0.0237818586344749 0.00570327722652569 -0.0670182867338788
-0.0143491406214179 0.0171924894658795 0.00690716784295608 -0.064375350267671
-0.0260736045176669 0.0150966500707365 0.0147241929879987 -0.0738203252587438
-0.0389877488764485 -0.00170441343743939 0.0405444256330606 -0.073405890461905
-0.0474665050703899 -0.0332548520407812 0.071431615595528 -0.0511090513849219
-0.0148996931416944 -0.0676712690672269 0.0651672827150468 -0.0599110269458173
0.0277451574217824 -0.0888801678638732 0.0522735432194315 -0.0884386292234022
0.0463318942607614 -0.0944408887421252 0.0756060723590828 -0.0189414160931306
-0.000574687783749637 -0.0775679707289159 -0.033946656800407 0.00443028962278512
-0.0450062684643088 -0.0573895027473267 -0.0213994709637627 0.104240995861628
-0.0524802111722834 -0.0201340569342014 0.0650826098875051 0.102705898709856
-0.0446244299023271 0.0159435768710556 0.120542428556301 0.025969359908322
-0.0282225819962266 0.0316254712042877 0.0951076471502334 -0.0446288218839463
-0.013258039873826 0.0441878022449808 0.0485053909978347 -0.0710237569259339
-0.004182425611554 0.0503610301014857 0.0124993534835097 -0.0660072768766891
-0.0103994156742473 0.0531260737021382 0.000231528328577923 -0.0545233053349342
-0.0292352725145606 0.0373671459982506 -0.00510899766072953 -0.0509154882282771
-0.0516033242801489 0.0258235737313241 -0.00125499534147059 -0.066189279332177
-0.0691434433702575 -0.0144894149331204 0.0207212541556224 -0.073989014782361
-0.0629082912171194 -0.0640394190521839 0.0554530822758566 -0.0542722172246461
-0.00373346784240397 -0.0980878578795942 0.0502241095446652 -0.0550792348232768
0.0577973277270574 -0.111302580124272 0.0293401028069466 -0.0677185275263648
0.0811868818503736 -0.10476084859344 0.0459826113156301 0.0100718825368245
0.0309952597080517 -0.112553230110832 -0.0612401023850343 0.0177001251770869
-0.0462993395522463 -0.107867450035971 -0.0521061378472517 0.120103218178424
-0.0841274689565662 -0.0521968072299206 0.0433554286355047 0.128723210371684
-0.0814989154748273 0.0190857028643254 0.112943698430427 0.0509912476657459
-0.0483761222797512 0.0480356347154188 0.0889524681779325 -0.0237034134359291
-0.0246074498500039 0.0642780770828228 0.0437948829128865 -0.0484567565888247
-0.00967610451168697 0.0720780561147779 0.00933186703640857 -0.0431171809124146
-0.0134911577782824 0.0747658385841497 -0.00687145208911729 -0.0322433282312033
-0.0356052042833797 0.0538841070970934 -0.0188880266706314 -0.0302228110871749
-0.0650580517169637 0.0383594633880528 -0.019536923352854 -0.0522671879309897
-0.0897676421582337 -0.0166085271224157 -0.000356695633315079 -0.0689263525613973
-0.0756033060189176 -0.0801035910045763 0.0383975676810889 -0.0547323991050429
0.00118864736188737 -0.114515579329875 0.0384076509623207 -0.0443991984611899
0.0762733184582291 -0.119805400517257 0.00373565887033526 -0.0393918089069277
0.102480784351574 -0.0952754439851009 0.00679186249291172 0.0394479109793384
0.0639460180748762 -0.12271459021219 -0.0888600403114823 0.0295586652638163
-0.0289037278387571 -0.140705105080118 -0.0845590884125877 0.121142319251256
-0.0947044751158038 -0.0836488846800487 0.00928252709977574 0.140828895618969
-0.106068976705793 0.0116033729248946 0.0885863662926387 0.0736141255350533
-0.0637424902476481 0.0550664874036191 0.0711372234487968 0.00266162567071007
-0.0327904818033368 0.0736475941235756 0.0335845850770098 -0.0194140663937456
-0.013875792221019 0.0827896386832392 0.00478365077479035 -0.0138865238419347
-0.0139721258320388 0.0862640203411136 -0.0140573722991434 -0.0047754702618023
-0.03700234977476 0.063772360078746 -0.0308032475779218 -0.0053456011855523
-0.0688915616204119 0.0461458385907698 -0.0367927635530234 -0.0342527302382761
-0.0971991019847996 -0.0169691956867626 -0.0184168011625676 -0.0588545647923114
-0.0764890105718845 -0.0867037571932241 0.023427181135437 -0.0512933327308307
0.00874010359331846 -0.117062186729808 0.0308145864383981 -0.0298287285982163
0.086392472428482 -0.110229096256206 -0.0210065952128036 -0.00799450546391677
0.102674291242841 -0.0684005992287167 -0.0312814537695888 0.064165670832977
0.0842568497404762 -0.105073925689998 -0.108340553850799 0.038671603116474
-0.00159811752264376 -0.143833045027546 -0.107806465341211 0.106287579565327
-0.0818617186090516 -0.10028063572868 -0.0258542020194054 0.133249453805683
-0.10883236268194 -0.00128349350201907 0.0534887497456277 0.0856762206968756
-0.0675796147113385 0.0511605854533577 0.0453349352662995 0.0272805552273851
-0.0353305614719698 0.0719235599652397 0.0202244113600509 0.0110617619769878
-0.0146668845489385 0.0815692885998536 1.08768690408106E-05 0.0160125545422229
-0.0129341511938609 0.0857653432897374 -0.020373029526457 0.0242235719862938
-0.0350213092442088 0.0648019368366451 -0.0411051882780968 0.0188768493122411
-0.0669154931581903 0.0464914377544889 -0.0517618496473264 -0.0161946975526858
-0.0923413094349438 -0.0198503625167286 -0.0337985799887864 -0.0482048217110696
-0.0658392687397755 -0.0879416021145011 0.0106244730094695 -0.0470001450630348
0.0213370838950905 -0.106379390027028 0.02402766725333 -0.0158117111182037
0.0888729944479378 -0.0844272010574367 -0.0447191343121899 0.0206184537236624
0.0818604994781422 -0.0308039977203481 -0.0616026210170303 0.0804577774538354
0.0833990471105642 -0.0680383989184671 -0.116533767633173 0.0449840237933177
0.0193021058432634 -0.116020684097636 -0.114469256605256 0.0834316974669387
-0.0559412833966315 -0.0921741324548409 -0.0509813191019899 0.112899735749734
-0.0897826483493509 -0.00974116544658007 0.0176788293960426 0.0858619158330544
-0.0584799691797727 0.0407349929775995 0.019059083456025 0.0460955269047924
-0.0306168779321789 0.0586205047263822 0.00634657571406243 0.0384228777709073
-0.0136475638377108 0.0681393674053478 -0.00428388188205602 0.0429086790722361
-0.0111215781688784 0.0728917917860368 -0.0255154130620823 0.0503139026885573
-0.0311231960896179 0.0572654102869828 -0.0510972182335671 0.0401859816102825
-0.0596605435522227 0.0395922409488835 -0.0661968657589891 -0.00147626100954114
-0.0785425883880996 -0.0234512932987452 -0.0462762969270216 -0.0402797168874335
-0.0469228532916855 -0.0821599598632017 -0.000900528101404706 -0.0444786210732887
0.0344438244553321 -0.0857083473776353 0.0175114137283848 -0.00498030118495806
0.0828708161259066 -0.046768446892047 -0.0667035705972797 0.0413234985692152
0.0450146464608347 0.012306459843838 -0.0736601546225895 0.0882784852530126
0.063024306444661 -0.0224506325454214 -0.109369263166541 0.0507194299428877
0.026484279343541 -0.0680258480833385 -0.105398829836192 0.0626416028740536
-0.0256757683214279 -0.0641429679323633 -0.0617185663723879 0.090216689354436
-0.0559771792327148 -0.011949925000472 -0.00880000045632085 0.0810246138242477
-0.0385169396736763 0.02529534502907 -0.000356609576701634 0.0591160215511768
-0.0195696059354166 0.0371835377426937 -0.00340073072741494 0.0571619571583366
-0.00955681236061933 0.0444065766358782 -0.00772434733774399 0.0626757443969655
-0.00832303766734169 0.0506054801472257 -0.0308154220054353 0.0701452343550709
-0.0245076859385307 0.0430048667609396 -0.0605544567035894 0.0554717375050904
-0.0469794487496468 0.0287476138148905 -0.0802656221296952 0.00746450254025709
-0.0576217820678848 -0.0243016430882758 -0.0577405280497442 -0.0379705177298889
-0.0239321015847101 -0.0677385624545202 -0.00994547329206745 -0.0472655052588553
0.042977677577983 -0.0555445011970817 0.00997083461461448 0.000289118112791021
0.0664753207743544 -0.00383533965303737 -0.0869550015978423 0.0510917772200064
-0.0393299758359568 -0.0190833856545727 0.0769780098333841 -0.0853293193052708
-0.0269896960076279 0.0311398803152383 -0.00525450236370121 -0.0165780797226433
0.00861660341644672 0.0398205263352034 0.0262279739785629 0.0518015584099196
0.0327972775833758 0.00700364971135757 0.0806851400353636 0.0287564880753058
0.018539963904622 -0.0201632578471167 0.0949637618107362 -0.0330584167285095
0.00126003811847411 -0.015816343623552 0.061641102362385 -0.0836960013804961
0.00227786052469176 -0.0136488260857035 0.0114608595319757 -0.0938953074792359
0.0041618978925376 -0.0136614585388553 -0.0169316046162519 -0.0782928164593518
0.00479323148505687 -0.00977203013786172 -0.0156157447811673 -0.0668304313638435
0.00674399160298941 -0.00392788333359898 -0.0116492851715426 -0.0691562959134113
0.0109412698166251 0.00758700787369463 -0.00533010706583916 -0.0806186080997242
0.00258788106464775 0.0256461286947553 0.0270421606563926 -0.0875526078857881
-0.0317927212379044 0.0236720199259686 0.0668330654937236 -0.0761508136887814
-0.0441394526343117 -0.0136239535390428 0.0602365816967271 -0.0797255060926047
-0.029534013705001 -0.0480981316188734 0.0324906910048695 -0.108929894565917
-0.0171740514735608 -0.0689264732283472 0.0775429635040688 -0.067267646188306
-0.0331320019227006 -0.0197781865027729 -0.0119768790696143 -0.00217913464540005
-0.0279892317139144 0.0061980829617508 0.0273380692599146 0.0760668641234566
-0.00863608922621123 0.00768080138024179 0.0945017509387193 0.0466863483417398
-0.0049954673155046 0.00526499720842307 0.111546372361569 -0.0309154864270827
-0.00507020923220087 0.0107553722275143 0.0692372668712816 -0.0860332107890136
0.00327871335474342 0.0168829333183936 0.0160251487974654 -0.0960878577556624
0.00847255615269112 0.0184715424590166 -0.016168377425891 -0.0783396890928467
0.00474551721680182 0.0235775970199935 -0.0175467165209239 -0.065244718821572
-0.00886569061590433 0.0215426649408993 -0.015108719760905 -0.0639437985660893
-0.0200455313845113 0.022390186463813 -0.011049921168033 -0.0755585524005577
-0.0373712656153674 0.0104916676357446 0.0152767040135792 -0.0834672878967603
-0.0548180694874983 -0.0163414869888195 0.0534872625458026 -0.072374129801839
-0.0360773507333843 -0.058570353808744 0.0440419227003521 -0.0758508902187419
-0.00104961529140091 -0.0931502901511382 0.0208439413836904 -0.0967873175011682
0.0120135321543032 -0.108056430798287 0.0676927058361193 -0.0387936018651374
-0.0272971277862807 -0.0736988236714587 -0.0282596973788895 0.0187097145268951
-0.0612265064635578 -0.0382779087308468 0.0175866478537484 0.106198546869847
-0.0563468256598921 -0.000718934387307403 0.0994840425438794 0.075328645841252
-0.0366646382062237 0.0293661565539081 0.124472156917228 -0.0166995187570701
-0.0156227517930816 0.0387443355368517 0.0748711082393071 -0.0766150768602278
0.00157228868438363 0.0465273017044089 0.020553703993111 -0.0855428041871309
0.01194937709691 0.0479902287528364 -0.0130177107255812 -0.0661721828570201
0.00760036403091092 0.0530833148205915 -0.0189801639600016 -0.051809185217169
-0.0162897964321491 0.0451352918029634 -0.0221914809094092 -0.048077538558354
-0.0406474669014522 0.04112141707949 -0.0243287684215245 -0.0635645526779672
-0.0707377604318101 0.00836498682167286 -0.00293462821164016 -0.0775836117922727
-0.0798836404811749 -0.0409612167221238 0.0370699853825221 -0.0695039039791033
-0.0356249826826072 -0.0915890498197735 0.0304827195330467 -0.0668025612355457
0.0206631296770298 -0.124592208671548 0.00451164208255916 -0.0715578092988466
0.0422674326819696 -0.130099092428789 0.0479608837055869 -9.09327409441191E-07
-0.00934758031215508 -0.118375914043022 -0.0500099211080955 0.0426944429487733
-0.0802670113237756 -0.0857369055028768 -0.00415882399617257 0.13268946620641
-0.0980097627803651 -0.0194974360487527 0.0882196202709563 0.106224514172654
-0.0699998090230525 0.0450808347769595 0.125886755684728 0.00753081503734317
-0.0289524594671472 0.0609632687430628 0.0751558079344637 -0.0550863068816074
-0.00225528685972099 0.0696298373919092 0.0240109796216912 -0.0635207492463625
0.0145484315805542 0.0703899108755911 -0.0085070986198561 -0.0442804690709092
0.0124374506568335 0.0749216579835368 -0.019086031522604 -0.0286250099155075
-0.0169849847860899 0.0629308893277925 -0.0283361001395694 -0.0245335374163974
-0.0490403677731708 0.0573829897837861 -0.0371512551575795 -0.0452997795319273
-0.0910742487372962 0.0130293459454997 -0.0213542533163967 -0.0659091870655898
-0.096801904302433 -0.0516416587749639 0.020097016212775 -0.0643529524377396
-0.0363319745735073 -0.108900247886418 0.0216406726524462 -0.0536784173585314
0.0359077884440888 -0.139020692318558 -0.0118667969449852 -0.0375144803426987
0.0668445173986675 -0.127784301197242 0.0187212666656581 0.0402804601722298
0.0182504138752939 -0.139256496062534 -0.0731297745713413 0.0645794825192138
-0.0756017209377891 -0.122849989198914 -0.0334115213413037 0.14528158502065
-0.11932145671383 -0.0449696253544869 0.061307121631387 0.129162301623482
-0.0956301414645435 0.0465745766067551 0.110602101312922 0.0360054917034591
-0.0410892094225142 0.0728563497936192 0.0671556268295975 -0.0245174511234263
-0.00680808884273531 0.0820113211097068 0.0246300596195432 -0.0328944551133853
0.0141310521697619 0.0819642341603803 -0.00289843619645013 -0.0158137684516277
0.0156181518714416 0.0855430521988348 -0.0167023063824749 0.000278288390786181
-0.0146665734487289 0.0722444108043279 -0.032137909876726 0.0030122111757892
-0.0498911927029535 0.0656427454678667 -0.048245036841013 -0.0224899301243473
-0.0978884899575568 0.0149741378714032 -0.0357101171804464 -0.051090813504242
-0.100498158095728 -0.0572920441323195 0.00665449116632626 -0.0563488238647367
-0.0297944655477195 -0.113507979499006 0.0184541334779479 -0.037791590223958
0.049019051300987 -0.133477950347373 -0.0261582337894724 -0.000744760407549657
0.0764054570185863 -0.101850577750192 -0.0105196272868086 0.0753143343542975
0.0441502159810101 -0.130534326415009 -0.0909830101379176 0.0794712355340264
-0.051409321796877 -0.135193752200355 -0.060688609087377 0.140650326395299
-0.113855376601201 -0.065058762134642 0.0257970298115557 0.134837953397845
-0.102508634486956 0.0361229595100839 0.0814451198362134 0.059146874095604
-0.04655297595246 0.0715346264001229 0.0516731099775704 0.00691236132222118
-0.0100705775553195 0.0809225629926943 0.0228074677163843 0.000752743775715277
0.0128295217325458 0.0809866487006028 0.00311962440746658 0.0138394232413785
0.016760325108138 0.0841870764577875 -0.0129255895358609 0.0292122286748395
-0.0123455742371441 0.0727005783353667 -0.0341413858015978 0.0299521152978878
-0.0476229474335197 0.0654673754504545 -0.0556624439044355 -0.000373420807139005
-0.0943361251955063 0.0107869249338735 -0.0470152733815265 -0.0361527137920299
-0.0908082187794914 -0.0613156789133305 -0.00474722413772011 -0.0482051034938852
-0.0151549464290828 -0.107662647494732 0.0162644227127767 -0.0229025963298299
0.0594200753605124 -0.109572593942758 -0.0391904542329718 0.0326539386370469
0.0689105161983932 -0.058042539023847 -0.0350011264271175 0.0990574576924527
0.0566681879101805 -0.094348565783514 -0.0983544421991075 0.0863467271559936
-0.022432201482041 -0.116029476057478 -0.0770614313801824 0.121450239667237
-0.0868978964338379 -0.0667694392384415 -0.00613707987048226 0.124576964858248
-0.0880428941925294 0.0220542838680928 0.0475208132216843 0.0722683202583538
-0.0409482477431805 0.0584790054270531 0.0329720979927798 0.0345379520558329
-0.00927658529860859 0.0668161128980574 0.019415714716127 0.03142584342309
0.0101100915824852 0.0681343824772112 0.00850390460524444 0.0405774579994057
0.0140937980081777 0.0715619706244084 -0.00920730275010294 0.0554151347501092
-0.0101227301736962 0.0645230035752807 -0.0364957097073519 0.0535344510958208
-0.0427326158506114 0.0570051818772588 -0.0643014355445043 0.0187387580795227
-0.0821599568398822 0.00319200165566101 -0.0563538928047342 -0.0243254941371413
-0.0710016847730453 -0.062190362342788 -0.0145467777597263 -0.0422364813531453
0.00403412848861236 -0.0926175131278645 0.0131038989827834 -0.0109469062885772
0.06508530801964 -0.0719097390533441 -0.0528715696973371 0.0582483420556562
0.0484726552410038 -0.00315361719672931 -0.0450565594426064 0.108072402782726
0.0526970337194779 -0.0433869462438347 -0.0913905520542528 0.0872149878177321
0.00108527314227822 -0.0727820661239903 -0.0788069853172033 0.0984523847534399
-0.0485464659138104 -0.0501357393449042 -0.0257264979569024 0.107939178108536
-0.0567990738002939 0.00946231465934908 0.0202766241674419 0.0779603133182531
-0.0267816558799764 0.0375532279687219 0.0193836558249862 0.0541135066514471
-0.00582978196976648 0.0428196099976966 0.0168853596156951 0.0541081693170882
0.00572768501145597 0.0449390450513728 0.0129740211593824 0.0605999572988229
0.00965133705942266 0.0497934995760752 -0.00726501594738869 0.0757341330499646
-0.00808475229446265 0.0490561701039822 -0.0401944398185084 0.070758059146574
-0.0343571662967083 0.04255974190042 -0.0740134447398291 0.0324175612053677
-0.0628511190778268 -0.003931567753032 -0.0665054069891133 -0.0183756731129193
-0.0451211275526841 -0.0553487412467744 -0.0251220549914311 -0.0420002913305776
0.022113848823584 -0.0664555677421444 0.00823385627914814 -0.00422514810602769
0.0630347750871888 -0.0252270713048363 -0.0677454763867936 0.0730659269977369
-0.0401436102324784 -0.0181700252856532 0.0766948041530275 -0.087101809613538
-0.0264246435693923 0.0319290525416285 -0.00585982899071135 -0.0159538578454278
0.00998053249765106 0.0394099614161622 0.0268915999251032 0.0540659912188198
0.0330458103664376 0.00625656713403142 0.083540113389481 0.028854199023073
0.0172264319911288 -0.0208844996266357 0.0972185974733445 -0.0351084405598439
0.000559906462904922 -0.0161833463067837 0.0624268488404636 -0.0863223820591344
0.00147401021846329 -0.0135026917111595 0.0107146749359217 -0.0948919376392015
0.003429618760526 -0.0137178171676745 -0.0177946013150419 -0.0782742921960821
0.00412157618142962 -0.00954116598892003 -0.0171262316975068 -0.0675843822732022
0.00620262859030354 -0.00374874980725317 -0.0131129018460034 -0.0704759005441161
0.0104574144106925 0.00737430879928141 -0.00710280314924019 -0.0815288452654194
0.00292862253724601 0.0251712232450549 0.0261724557871812 -0.0894307077903502
-0.0312014504594281 0.0244535206278264 0.0684921358784586 -0.0790187357552709
-0.0442532719587905 -0.0130173786953395 0.0627104245966609 -0.0800956207472152
-0.0308076884219284 -0.0482403390261382 0.0336510647000248 -0.109610129219581
-0.0183795969832902 -0.0688204384029702 0.0773409886522422 -0.0684249253131681
-0.033251750872397 -0.0196149620794535 -0.0125795456581287 -0.000936480779248153
-0.0274504096708311 0.00630287454828161 0.0288113967104529 0.0781227543355944
-0.00922687230452723 0.00641335102024533 0.0966488963238344 0.0472439499007461
-0.00628436377199056 0.0050529596322677 0.113821860295006 -0.033091804311012
-0.00577917714914667 0.0113398306338344 0.0694715716970921 -0.0887211008476914
0.00277724847544242 0.0172413809438446 0.014605375992881 -0.096916359262979
0.0081299277009305 0.0186917514614476 -0.0180922231914391 -0.077935557693651
0.00456270019632798 0.0239091088800425 -0.0189627958269071 -0.066078474894444
-0.00968598913536052 0.0220920019777744 -0.0174136620801977 -0.0649279328593229
-0.0207497001922143 0.0228472982805849 -0.0134942019485402 -0.0768186277014095
-0.0381138689938217 0.0099797558420433 0.0141344738838017 -0.085619564919662
-0.0552745832291289 -0.015822412934352 0.0549527584686475 -0.0755391172894889
-0.0365586467233947 -0.0592896293598469 0.0460122327598872 -0.0766923063075182
-0.00219102925129987 -0.0938027259757113 0.0222801890141362 -0.0974961528247235
0.0113899558956498 -0.109285904252357 0.0677467016734878 -0.0395068866940261
-0.0276616392724379 -0.0743820912253023 -0.0294631672458416 0.0198932191664001
-0.0617629911463582 -0.0377893789549623 0.019297636200594 0.109204205302119
-0.0573211320650809 -0.00154465781947556 0.101941700479508 0.0761283525655736
-0.0375093876916129 0.0299561533424394 0.126571647025494 -0.0199014021329007
-0.0166635817279315 0.0392521834625572 0.0749837059923631 -0.0793174802782753
0.00173132331541883 0.0473387113972288 0.0195947183488767 -0.0867584687131322
0.0127865882562677 0.0489935327261273 -0.0149149466939007 -0.0663219855247023
0.00834582116937322 0.053931438286325 -0.0209135479089137 -0.0519740353510583
-0.0172440628542816 0.045996886901011 -0.0245683870450414 -0.048474163913097
-0.0411118353104887 0.0418376098947826 -0.0270742374278734 -0.064559182690696
-0.072127941607216 0.00809475786994128 -0.00482596595072454 -0.0797630420523681
-0.0807983957767635 -0.0406788334857529 0.0377253403554941 -0.0733837866480753
-0.0360627838493876 -0.0925408362240507 0.0319171263230067 -0.0679614148014599
0.0197073490011427 -0.126553351707022 0.00512298647576932 -0.0716857049456595
0.041547450277922 -0.13185950238394 0.0472843896316767 -0.00101489244004327
-0.00998121080601263 -0.119900111223743 -0.0508399817858397 0.0446348768815408
-0.0815313248408951 -0.0854115120904055 -0.00309991728143108 0.136437608556957
-0.0998728308485474 -0.0197232812024412 0.0913329659013345 0.107877573800349
-0.0709709957498335 0.046360063537205 0.128314312023592 0.00525034834085063
-0.0296977232492386 0.0624714835523646 0.0757247372290958 -0.0570583407360408
-0.00172314123775735 0.0709071436425798 0.0230696210021063 -0.0641506352012146
0.0157357017973393 0.0710982446928181 -0.00988525499362149 -0.044214380483614
0.0136676308498395 0.0752885808533599 -0.0205381178851781 -0.0278095069493809
-0.017325841412884 0.0641939938087069 -0.0306880820896639 -0.0242745485329622
-0.0492518417291601 0.0585887436466816 -0.0404578011279377 -0.0455500527979261
-0.0923871264193565 0.0134735959002046 -0.0237819449207535 -0.0681494942422497
-0.0988409278925378 -0.0510668043063424 0.0199555099243862 -0.0678378091421384
-0.0372904022366027 -0.110554296242463 0.0224516697301123 -0.0547290952204976
0.0349655964620465 -0.141449848792746 -0.0115428830664849 -0.0376296337734175
0.0661255332793182 -0.130322978000749 0.0183273439684048 0.0400443754425727
0.0181344169393768 -0.141789530526197 -0.0747329446156344 0.0665643134867344
-0.0778620558355963 -0.122751407902904 -0.0329487056366727 0.149226786916573
-0.122152363836561 -0.0452740877772949 0.0632499467009544 0.131273566314294
-0.0965627504295128 0.0483906536626741 0.113281323734413 0.0339481537432526
-0.0414478015708638 0.0745979276281664 0.067961073454065 -0.0260808583241883
-0.00629883602135863 0.0832512774404531 0.0239881065286191 -0.0333674868940519
0.0161614367957215 0.0827462162546574 -0.00372187203752007 -0.0154924235853592
0.0173035279627869 0.0861275586945023 -0.0175597810942886 0.000718621852900734
-0.0146973722431824 0.0738314394792701 -0.0335841952219634 0.00393519647058402
-0.0503718126960648 0.0673377334904626 -0.0512465181730963 -0.022250535885797
-0.0997422180742678 0.0157360164965326 -0.0383638505479558 -0.0526730576660406
-0.102353695584271 -0.0570421867913758 0.00608822121211455 -0.0599780945752699
-0.0307764874436305 -0.11525939717248 0.0187778110890655 -0.0396123736827311
0.0481902271784873 -0.135936858157238 -0.0256296878216788 4.43669555240722E-05
0.0762577537929212 -0.104099830522317 -0.0114712970340447 0.0758551652876527
0.0443592626809435 -0.132631885253904 -0.0928286764277733 0.0816279923696344
-0.0537792225522866 -0.135693129254555 -0.0607074398256424 0.144329228916755
-0.117252078732761 -0.0652625858800196 0.0276684629161405 0.138048014764279
-0.104092723879122 0.038544947756034 0.0839493590518747 0.0582979523171301
-0.0461212782329311 0.0730794374558195 0.0522644567365354 0.00631987471047988
-0.00903052673622245 0.0823347408499506 0.0226007050387292 0.000739230344558859
0.0149262661140306 0.0818123872807439 0.00246403381818577 0.0141952652475191
0.0185963811959635 0.0846416627638504 -0.0135555704998269 0.0295996359218199
-0.0115723814089578 0.0735310811908865 -0.0354774227483628 0.0311156800703231
-0.0474071930815086 0.0669766159239404 -0.0588181145123223 0.000574614612902416
-0.0959040606832957 0.0120719092622389 -0.049626270553388 -0.0367968122537675
-0.0929326514547131 -0.0607681217715376 -0.0059033785932794 -0.0511284905876444
-0.0162128942854513 -0.109606552552846 0.0161649128162559 -0.024374976577632
0.0591809195870865 -0.112343161508591 -0.0384533801915308 0.0336918012528471
0.069668398095104 -0.059710869523388 -0.0362283748683143 0.0996208137424484
0.0575184198721018 -0.0964861755378788 -0.100798261617177 0.0884006691233569
-0.0241406992648135 -0.116904202490184 -0.0772122362431822 0.125083991739791
-0.0895458028623499 -0.0669033169775672 -0.00478860837032594 0.128105638716069
-0.0885961037540893 0.0240322373927996 0.0495673019066579 0.0721190893017921
-0.0400631908342888 0.0603640146934621 0.0340474395667066 0.0340221990682962
-0.00825630479335676 0.067862362287206 0.01962052835193 0.0313549091220497
0.011477125433443 0.0686328774096175 0.00843770873759846 0.0409088831085505
0.0158955670577947 0.0720311879040549 -0.00911316086674834 0.0561045789218069
-0.00937720491645538 0.0656736940048672 -0.0369109793133588 0.0548481642958973
-0.0421039991330238 0.0585047164324605 -0.0668427730064282 0.0201986260826822
-0.0841857220869476 0.00449201701375711 -0.0590006637512359 -0.0248076181267481
-0.0731657773522034 -0.0615049935591681 -0.0157250418297486 -0.0450205416343923
0.00311053102947001 -0.0937275211993405 0.0125494126915406 -0.0122825857066957
0.0655245226197049 -0.0742129706498274 -0.0527681115785671 0.0603154175060824
0.0491895181271036 -0.00422171624152845 -0.0464493165701703 0.108413472917962
0.0531879468360397 -0.0453066419620595 -0.0940403996766154 0.0883513289208284
-0.000409453558282247 -0.0736441675750031 -0.0794900141154039 0.101414662496431
-0.050295638331171 -0.0498925452708173 -0.0249990710561599 0.111309806591876
-0.0569600542189621 0.0111497860945417 0.0222497932407985 0.0784501479229205
-0.0258738319747718 0.0385626611668569 0.0200161555206709 0.0542634608172729
-0.0047195185402998 0.0430392786541686 0.0176955958586622 0.053934021204753
0.00753584609623869 0.0450139556111857 0.013359087921772 0.0605575284807931
0.0111239505364724 0.0498211792022854 -0.00590590702727614 0.0765527904857644
-0.00730577693251384 0.0496697186448783 -0.0398703097365254 0.0728804652481418
-0.0334366681230213 0.0434599443463127 -0.0761512177004556 0.0342204625943698
-0.0639966122693654 -0.00296899692286434 -0.069177550903679 -0.0185645194085265
-0.0466076275677463 -0.0545733062544513 -0.0259587593157066 -0.0440377073783309
0.020683531981055 -0.0678035237884284 0.00802298386332484 -0.00537016612679387
0.0640082869518605 -0.0273330906619474 -0.0679941744691977 0.0750381737870316
-0.0414436570050346 -0.0180945735283009 0.0778438188839945 -0.0901188868295151
-0.0263782406179863 0.0330043835538975 -0.00715969335652374 -0.0149320184330572
0.0115269669066417 0.0396550179427669 0.0283583580822497 0.0572495751511804
0.034148960845376 0.00504709016127225 0.0870386272891269 0.0292770941785211
0.0156105441809774 -0.0217608071448753 0.101350106992549 -0.0373306848665651
-0.000262624599359844 -0.0162253188159566 0.0632430917959773 -0.0911462634150058
0.000781717489796956 -0.013837523725571 0.0098847118108294 -0.0974371262090997
0.00271306190758914 -0.0140757212835953 -0.019322945729235 -0.0794031949439952
0.00387052634017694 -0.00995628676704392 -0.0188909293670395 -0.0698130417781419
0.00592438323610489 -0.00368693594472899 -0.0157332213885369 -0.0726889535473118
0.0108179842688499 0.007003640084031 -0.00931204957284535 -0.084193134819776
0.00335215080415382 0.0248696855115099 0.0254639168823783 -0.0939413753748011
-0.0309283072023556 0.0255768555907733 0.0706064990396206 -0.0840386677238528
-0.0453347705210102 -0.0127862642191941 0.0656554390522428 -0.0826996456638556
-0.0322724536011573 -0.0485708085481322 0.0353538120723421 -0.112397298105679
-0.0193740109151294 -0.0705843712844849 0.0785624647811237 -0.0713192363623463
-0.033046396702994 -0.0195405404868192 -0.0140989573541162 -0.000303992833584354
-0.0269607335200231 0.00609118689505073 0.0300832392392393 0.0815059814876591
-0.00944067293441478 0.00601722266544818 0.101417684869007 0.0480408729465167
-0.0079205050556422 0.00509598239570437 0.117781101129034 -0.0361198289725721
-0.00643292626810477 0.0119243865930952 0.0706004900912264 -0.0928119207391286
0.00264414951472019 0.0184230188075602 0.0134754851676021 -0.0997140721664523
0.00850546029028369 0.019376001955636 -0.0200031775566644 -0.0788626229262374
0.00476202186718637 0.024882819316665 -0.021361556198827 -0.0681978600475948
-0.00989384761106639 0.0230792238910038 -0.0198168102820892 -0.0666537351088521
-0.0213455683369322 0.0233549756374687 -0.0165480141056826 -0.079150566832294
-0.0391421694922646 0.00953314717193001 0.0128079728710503 -0.0895115677615855
-0.0565891187466041 -0.0158143039651818 0.0563478852191082 -0.0801921173806006
-0.0376906012396781 -0.0605381577798665 0.048355004407136 -0.079147748807857
-0.00347365683388354 -0.0962780798506367 0.0233704069084299 -0.099684382048859
0.010211814476527 -0.112084622646104 0.0687379470064315 -0.0412112964950263
-0.0281554323436575 -0.0763477111526784 -0.0301512865859171 0.02255682995343
-0.0631917023568326 -0.0384920079435859 0.0209901411555005 0.113704097143862
-0.0595289426039609 -0.00189399964223862 0.106480039588183 0.0776934364962845
-0.0391190070112737 0.0310996373890179 0.130693631409798 -0.0225363384067515
-0.0169952004974233 0.0408547990197109 0.0765390346573901 -0.0831998412444814
0.0012038138848308 0.0491722930158386 0.0184435327479998 -0.0887652448852199
0.013615005145487 0.0499836746697838 -0.0170137866092822 -0.0661660822323868
0.0091756719701836 0.0559145483417095 -0.022845284991286 -0.0529161408894311
-0.0178978264252933 0.0482455891589535 -0.0273507218108331 -0.049527662032339
-0.0421860267065094 0.0433044101912654 -0.0311413548193066 -0.0662863465900221
-0.0745108970684273 0.00837218655874478 -0.00708135308499458 -0.0833543937471752
-0.0831573539418982 -0.0409922383124915 0.0383503479712714 -0.0785675561189552
-0.0373527223510765 -0.0951482126854809 0.0330166985288018 -0.0701573753005496
0.0183031335608085 -0.130289370093909 0.00591766742990447 -0.0732043791041103
0.0412450138774993 -0.136093588207846 0.0479637360347435 -0.0014726738623455
-0.0107451304647012 -0.123445268373489 -0.0528882629766412 0.0473231068553923
-0.084278896090686 -0.0867042031451558 -0.00133967760869533 0.141975926659194
-0.103732447824402 -0.0199151117519233 0.0958086769154434 0.111023641207194
-0.0728780719069555 0.0484465597016801 0.133175696518809 0.00319770885123025
-0.0302814225405459 0.0646269221561279 0.0772299224980495 -0.060507939135106
-0.00193506706540297 0.0730246806903259 0.0222168700678615 -0.0658520178346775
0.0173860581348125 0.0727129979630515 -0.0122353402194967 -0.0440897975790054
0.0155356887351108 0.0771742679841037 -0.0225775733031854 -0.0285082217928106
-0.0180510376850938 0.0667154963662136 -0.0332489224000212 -0.0243837140037448
-0.0506012948746721 0.0608810711590848 -0.0449720294798975 -0.0459765010719547
-0.0963672835108728 0.0144992163926722 -0.0270513887879388 -0.0708326765527387
-0.101919700894904 -0.0516068928891532 0.0201471876397919 -0.0731826391875119
-0.0391192501989232 -0.113515492943452 0.023506945013553 -0.0573235404376459
0.0342336812570823 -0.146577533437723 -0.0112873871217484 -0.0375973968401651
0.0663378782994592 -0.134414496353257 0.0182623474064159 0.0406631092450937
0.0176669165891252 -0.146251203734611 -0.0770588360680769 0.0700819881362677
-0.08117037531597 -0.125329278828512 -0.0322211782412164 0.156126300706471
-0.127447944410979 -0.0453629977775017 0.0677756250785498 0.135859959132581
-0.099009794063645 0.0519474139626851 0.117916122521738 0.0329723206946091
-0.0418071083062549 0.0775033593411734 0.0692495244158979 -0.0285000730927693
-0.00565491964550645 0.0862127855974929 0.0239563094386568 -0.0344106182248901
0.0186873338890513 0.0851807005099056 -0.00541144980878105 -0.015338994004322
0.0199855365489842 0.0876254228487008 -0.0187708645684397 0.0011276050969846
-0.0148811811035169 0.0762552120831891 -0.036242222578989 0.004760724448053
-0.0507731833200853 0.0697807602542244 -0.0554887757886312 -0.0217495630919874
-0.103247157773413 0.0172303390547073 -0.042299044798792 -0.0543561983438205
-0.106259054751693 -0.056978224450402 0.00511386321045992 -0.0647620071263775
-0.0327233578463031 -0.118447061038804 0.0193805304283967 -0.0416557294353284
0.0481910357613294 -0.141048639570992 -0.0253348340776033 0.000505894740132185
0.0777681981565593 -0.108226876257413 -0.0130848661018707 0.0772674266102939
0.0454465387055984 -0.137517524644876 -0.0963106554715148 0.0852560253018405
-0.0567866779719693 -0.139260873736278 -0.0617951050891645 0.150945115886533
-0.122216097982151 -0.0669354432666391 0.0303353600516679 0.143607048301147
-0.106488056639981 0.0416053202207074 0.0879369885245921 0.0582851725814708
-0.0462304296898047 0.0758677829921205 0.0537106386400009 0.00569814255655479
-0.00834803970472302 0.0853198292466613 0.0228442599209411 0.000212228834760458
0.017262569900066 0.0839690732379305 0.00181720424472257 0.0147688905107439
0.020962464589992 0.0864998528281405 -0.0139444936987379 0.0311959997446621
-0.0112096746400428 0.0760234235166414 -0.0369618694877008 0.0331774158742684
-0.0472786526036175 0.0693028161845645 -0.0628080137830224 0.00194085959317116
-0.0994463365605255 0.0135262843118105 -0.0532608952351903 -0.0380358387049138
-0.0967569436064818 -0.0610203790547401 -0.00682611869272821 -0.055351430896843
-0.018164167458938 -0.112567044969544 0.0165333529314778 -0.0262707245868213
0.0598646658517861 -0.117061026619574 -0.0387743065532246 0.0356596216138528
0.0711481885422624 -0.0629751520008832 -0.0387410813408584 0.102367213069478
0.0586569089080964 -0.10094654982462 -0.105206483462862 0.0923841920719313
-0.0267123178432489 -0.120060032327975 -0.0790875904137656 0.131103363873211
-0.0935833398940809 -0.0685087458132476 -0.00335691689883632 0.13322243863765
-0.0911787920195132 0.0269121723152475 0.0524669781600595 0.0731333608270835
-0.0396884326738404 0.0627216193449875 0.0354435549833435 0.0346788999248558
-0.00728557760149237 0.0697359156433764 0.0205204151092899 0.0320893208693446
0.0135503121470491 0.0705337904640607 0.00861255557730969 0.0419407201103084
0.0184874765407784 0.0734731702984902 -0.00888593898302164 0.0578363684770436
-0.00815120511495768 0.0672965672216516 -0.0376849519001601 0.0577562519099143
-0.0422283339652269 0.0602986685050962 -0.0704873499699644 0.022216093940258
-0.0869722197654159 0.00610639572302792 -0.0629432025991934 -0.0255349342588087
-0.076422262104629 -0.0614386882808778 -0.017772852495196 -0.0481069067754341
0.001835827131241 -0.0965808269213343 0.0126663098101594 -0.0139302320592538
0.066950851436487 -0.0784128021713698 -0.0535178145118709 0.0620904557919687
0.0507940223921079 -0.00505037194449817 -0.0489711724077533 0.111673914573369
0.0550427954220389 -0.0475115296573647 -0.0986156821800324 0.091982929684172
-0.00153955360895743 -0.0752968422123097 -0.0820393895604316 0.106531509014543
-0.0533584874186327 -0.0505085899907674 -0.0238209169964239 0.116235897177108
-0.0583836869452824 0.0132858695002835 0.0245900976804041 0.0808472541241275
-0.0246453558118768 0.0403118860193465 0.021805046979241 0.0555751395688332
-0.00397069531434219 0.0441321646774552 0.019091902627788 0.0551401858140455
0.00934338158201718 0.0462204753588632 0.0145621174252376 0.0615439657174515
0.013313741384956 0.0503805704562715 -0.00520589797799479 0.0786790098494257
-0.0056174542690257 0.0512922901567842 -0.0404348255209983 0.075927225751735
-0.0331198845943244 0.0459981338787173 -0.0792970153759851 0.0371691319327013
-0.0664750570556543 -0.00181284922982811 -0.0729298002283779 -0.018999039891409
-0.0489615431341906 -0.0552149008344305 -0.0282858180611007 -0.0469202064905168
0.0203233186350644 -0.0700516600117721 0.00765435012424593 -0.00643381607800134
0.0653423037484411 -0.0294844117844663 -0.0686209370458069 0.0788675464547465
-0.0430420963387424 -0.0167388473760477 0.078200539795972 -0.0962214069057069
-0.0254418628679672 0.0350168159905518 -0.00794401822700728 -0.0142986161006878
0.0134110440420942 0.0397455975938869 0.0315427064541866 0.0599314888538812
0.0353603441605588 0.00332252745986265 0.0924988766233419 0.0285991320264722
0.0140865783141802 -0.0228588127256379 0.104901837357039 -0.0429825097753828
-0.00136606417678591 -0.0163911824854043 0.0635185248577573 -0.0971940335709444
0.000497801888112968 -0.0137497340926263 0.00697484519671971 -0.101404427536117
0.00124666947714512 -0.0145869112810763 -0.0221461767584308 -0.0806731870537631
0.00284250424316371 -0.00998428078859395 -0.0220588256178375 -0.0718801785926482
0.00556613801661576 -0.0036635265452552 -0.0192119968422747 -0.0747245264407724
0.0110241169960627 0.00696429087159101 -0.0131310765889948 -0.0870145665564864
0.00402148705824303 0.0246289747450115 0.0231490688037925 -0.0985004965306778
-0.0304325777382253 0.0273576078181949 0.0719754247601983 -0.0910178640801303
-0.0470143504718655 -0.0113776568123583 0.0681380777567186 -0.0872007572030685
-0.0349712073663197 -0.0481442667686492 0.0357030312697033 -0.116950264369149
-0.0218392524127115 -0.0716163628906221 0.0794967240679788 -0.0760147254810524
-0.0345860108392489 -0.0197477579738618 -0.0147078727050202 0.00204097818584034
-0.0275048346442993 0.00635472265624208 0.0343347594575664 0.085829693940466
-0.00979011601800051 0.00513202428515717 0.107223124096342 0.0475174400602479
-0.00927452280168713 0.00526236631557021 0.121920243825663 -0.0417612314145305
-0.00721708117456832 0.0127993951668893 0.0704899790966179 -0.0994899486181516
0.00275729698376052 0.0195999492700986 0.0103652140926089 -0.103446133356227
0.00888150725475659 0.0198493797730825 -0.0232668553069515 -0.0800038375309716
0.00576750225957112 0.0259253250267841 -0.0254736581291699 -0.0693479599327745
-0.0106672921266572 0.0249519043536984 -0.0242480873320504 -0.068349572206189
-0.0221767755626863 0.0249325581228874 -0.02074201562429 -0.0812243825065856
-0.0407202730171245 0.0102612437930763 0.00972658487804873 -0.0942435206597767
-0.0585526989246037 -0.0148912584032087 0.0573370212949076 -0.0873885434213292
-0.0403070043519172 -0.0617497355048216 0.0501719294662559 -0.0833658040872573
-0.00667678871806951 -0.0992977273036542 0.0230909379552052 -0.103471592520622
0.00770867495518447 -0.116212214780217 0.069268721484888 -0.0448793686970829
-0.0306662116309773 -0.0780234714305648 -0.0314302181092957 0.0244247971753182
-0.0660037190965111 -0.0381196658233056 0.0256818792030035 0.118808644996742
-0.0624009860874541 -0.00127313889614222 0.113545842062163 0.0784140379440325
-0.0402937863904708 0.0335438205416234 0.135660333082121 -0.0288756106066785
-0.0173872119201745 0.0430285208569243 0.0769368760142855 -0.0887486305401405
0.00245980142866598 0.0516098331017297 0.0160224415280041 -0.0924318065708739
0.0157669914099003 0.0513881684856686 -0.0205684085986579 -0.0670186037270196
0.0113884807574898 0.0572675382497781 -0.0267856013672227 -0.0539825334270257
-0.0179349491781157 0.0509847033984564 -0.0318576308971541 -0.0500907286303237
-0.043381723006144 0.0465253641981116 -0.0358876951063705 -0.0673837792075656
-0.0781873430007406 0.00959368652774563 -0.0113233766326955 -0.0870307811346601
-0.0870549306251086 -0.0398406528719706 0.0379217019127793 -0.0850281029699969
-0.0411771182694356 -0.0980281899930022 0.0342029902045512 -0.0741736477062771
0.0151830029201573 -0.136153208560593 0.00520793695013134 -0.0753864774747954
0.0390907781692059 -0.141804944694618 0.0486410374679414 -0.00272946372109191
-0.0136891417613091 -0.127766941500799 -0.0544485123910545 0.0519500826973503
-0.0892302588533393 -0.0874511109540829 0.0029470222735459 0.148696248990571
-0.108351664660461 -0.0187760124821389 0.103092914904171 0.113539888937249
-0.0742671275809726 0.0529848410625978 0.138579762276047 -0.00251999200746547
-0.0299929678195889 0.0679574251455189 0.0778066521750408 -0.0652593244564017
-0.000319590447356276 0.076626451062417 0.0205529492445336 -0.0688134298234936
0.0203179633810308 0.0751677636152878 -0.0144673089624228 -0.0441791373927638
0.0184903848179203 0.0791521702466988 -0.0257337936038283 -0.0284166203755477
-0.0172249001772085 0.0703538560233714 -0.0367642204956653 -0.0236316860693544
-0.0510238716444247 0.064570114279184 -0.0506464140609102 -0.0457561384163397
-0.0999475043004563 0.0169311633534882 -0.0320284718407662 -0.0733636722885105
-0.107494241018669 -0.0503392524277934 0.0180226809029201 -0.0790421184894571
-0.0436074046595616 -0.116929914660922 0.0237107281585397 -0.0606106922254168
0.0308801638050607 -0.153418646884733 -0.011746637814702 -0.0383697622203963
0.0654044136778753 -0.141658403742935 0.0183929703607167 0.0416022413298612
0.015632613453949 -0.152957196286282 -0.0796248463770618 0.0758948662658253
-0.0870272721905067 -0.127828204312668 -0.0290295213493361 0.164429357038942
-0.133985193089819 -0.0449660647071241 0.0744331048261962 0.1404457415818
-0.101076167490477 0.0572007544862081 0.123801141533326 0.0291911031907951
-0.0411909011538571 0.0817622127378864 0.0711737204568663 -0.0320376738661071
-0.00385709051453206 0.0903751214926992 0.023277571556125 -0.0361555936652466
0.0224346391718213 0.0871823738863156 -0.0067765803823613 -0.0150025221396454
0.0235025246855343 0.09003445637053 -0.0206904337927081 0.00226661019740674
-0.0136769104763307 0.080200374758105 -0.0384727823191683 0.00688161544618622
-0.0507710517307467 0.0736644512790422 -0.0605832007253446 -0.020207005838023
-0.106968666379871 0.0209704755150943 -0.0473968513662204 -0.0560531184594795
-0.11205272747106 -0.0560018382944747 0.00222164795528612 -0.0698271670201049
-0.0376417485062465 -0.122357954312147 0.0191474373376246 -0.0442139535964014
0.0453845022873434 -0.148028756884105 -0.0254416654070782 0.00199941841640665
0.0770998169240736 -0.114543603861944 -0.0131266669185343 0.0805002510784721
0.0435218174438972 -0.145377694845547 -0.0998450422845922 0.092651050764919
-0.0628871119877 -0.142308231994125 -0.0596895043818653 0.159646655991417
-0.130012813315341 -0.0658758522551388 0.0362336274445118 0.149121989769298
-0.10907222618814 0.0473527613162356 0.0931771271205595 0.0564682131615818
-0.0455115811018471 0.0806050486133098 0.0556769304133287 0.00407743198167035
-0.00590860322796542 0.0886949938731611 0.0233601577030468 -0.00021326926655123
0.0213248167088476 0.0862943067668583 0.00129110981588839 0.0156840029262455
0.025687160889542 0.0877239621636381 -0.014334921425408 0.0332860410085054
-0.00930599054983742 0.0794880400294812 -0.0378396773205793 0.0361960681209373
-0.0470155744542078 0.0728937028827689 -0.067488166197639 0.00497138963418016
-0.103479898415838 0.0170496134582885 -0.0581232825696471 -0.0389732184670575
-0.102129552767864 -0.0599664877760131 -0.0102258295477346 -0.0594183007429244
-0.0219376473883496 -0.11645997159791 0.016532331384979 -0.0284669347940008
0.0584291651424449 -0.124032491692291 -0.0388545639083403 0.038174445539738
0.0725213993714657 -0.0671164149673242 -0.0391151107224453 0.105928024578975
0.058931141884569 -0.107332569921263 -0.108670299112427 0.0987877706273464
-0.0312216772234631 -0.123607724459409 -0.0791762849120886 0.139114498722307
-0.100153560256727 -0.0681344920829674 0.00103012820816028 0.139686056435888
-0.0933534418332733 0.0317759728354556 0.0574777561524937 0.073485369127824
-0.0389463962756299 0.0656514952506846 0.0376030942303382 0.0354806614961483
-0.0050373433531151 0.0726181682006476 0.0217684893447668 0.032470448130946
0.0171981291974578 0.071823226205251 0.0098951833826052 0.0426806827832454
0.0223029243733648 0.0739806124098215 -0.00748354833993147 0.0604487296657572
-0.00616787118659924 0.0704384625727881 -0.0376459656702478 0.0619644716721043
-0.0413811229354392 0.0641329996174412 -0.0737966719882748 0.0259677794656885
-0.0910921877256319 0.00881747454828453 -0.0679529089364976 -0.0248429022597309
-0.0813458649830349 -0.0611376687169356 -0.0206034049081607 -0.0516335688275838
-0.00145355152269953 -0.0998818269049007 0.0127882813948242 -0.0155110821557427
0.0669292272379691 -0.0841695762737473 -0.0533930444787609 0.06643983433678
0.0524089461280495 -0.00726405617887546 -0.0496451469575091 0.116178615115768
0.0559412636737936 -0.0516793230989895 -0.102097613820078 0.0988007562926901
-0.00430138703727916 -0.0777926292217325 -0.0824425151831061 0.114362710753672
-0.0572893080215883 -0.0505036560442895 -0.0206576941873241 0.122743703757216
-0.0594876219954826 0.0163787629163527 0.0290506303680014 0.082900916209066
-0.0236011574010775 0.0422399318530495 0.0242197483713912 0.0572749279546
-0.00178720510530348 0.0452542238002911 0.021599931447586 0.0561364769100988
0.0119833011926863 0.0469362893638766 0.0163679075364884 0.0625600961299296
0.0161328663313562 0.050742069967031 -0.00295920679557828 0.0815414088435192
-0.00323413293014067 0.0531329153575898 -0.039562315802593 0.0808173971317328
-0.0318534330581711 0.0484871023496031 -0.08214271921687 0.0414120525798708
-0.0693058490979861 0.000922354648724337 -0.0779679100140403 -0.018193533748894
-0.0528240206617053 -0.0549946998024428 -0.0315361519994246 -0.0495973182698596
0.0180260187785127 -0.0726802102271004 0.00793176201908192 -0.00779817146769562
0.066721870459209 -0.03346277414515 -0.0684510882849126 0.0835022641268692
-0.0443771287614981 -0.0146029886132926 0.0758983120726879 -0.102364489173372
-0.0234422862671812 0.0366785351007122 -0.00895595487233476 -0.0129366178900493
0.0161519231030047 0.0387323532009271 0.0358837561386499 0.0621373311859459
0.0354621976780611 0.000699482292741944 0.0974744340490004 0.0254226845390449
0.0123918863443277 -0.0242901426328227 0.106017293487871 -0.050009039679105
-0.002704088170594 -0.0166741667769173 0.060303515587122 -0.104167119176762
-0.000849962269679566 -0.0139684068632959 0.00284257904506007 -0.104470520050128
-0.000378462785427204 -0.0145550421055841 -0.0258690688924489 -0.0807026020074037
0.0021133646585802 -0.00998806098783862 -0.0272375083166261 -0.0724427527851399
0.00504908016865753 -0.00408356426296483 -0.0240079109208267 -0.0755791191561578
0.011281247469962 0.00630024070363623 -0.0187858427596958 -0.0880242284225959
0.00538926845404018 0.0240306553452359 0.0188866542854534 -0.102437212825755
-0.0290756829253673 0.0293204021469106 0.0704815620234118 -0.0979395343975894
-0.0481144702047977 -0.00933377327155528 0.0682210933080513 -0.0923322993099926
-0.0377702274824302 -0.047409253987828 0.0333406034558364 -0.1207218268278
-0.0249592112072254 -0.0722560943349691 0.0776582856451054 -0.0814511729336557
-0.0353609692777047 -0.0186964963458774 -0.0151092278491524 0.00367521926251821
-0.0273004506386899 0.00702532008183575 0.0398997472212877 0.0881276624784384
-0.0109094944991506 0.00463864526381954 0.113450720790131 0.0443218690146712
-0.0103182454615252 0.0057597696490821 0.12335605554283 -0.0500515517988476
-0.00772393577967078 0.0135914900442965 0.0674245467994549 -0.106717404658352
0.00307741081006006 0.0204833777887342 0.00555083840326278 -0.10603362356712
0.00911264362534786 0.0206774786105998 -0.0271508888896776 -0.0793470003910965
0.00678210084033467 0.0265127843877115 -0.0301228242492219 -0.0693112422108637
-0.00989619656650727 0.0265730418811994 -0.0290191717341396 -0.0689161993853814
-0.022056374171329 0.0266165802739059 -0.0265144758495497 -0.0823184248510765
-0.0420330510237369 0.0115785909075862 0.00466203944603559 -0.0974700316213736
-0.0598458458058555 -0.0130507372087653 0.0556223360352978 -0.0941863128844726
-0.0433472090980265 -0.0610270135475717 0.050228871146254 -0.0876580970972924
-0.0115890404395808 -0.100677479064097 0.0205683379759103 -0.10640858335448
0.00304360661931666 -0.119115006969971 0.0686224870116585 -0.0484764859845721
-0.0343634656678852 -0.0792635040002827 -0.0315775819916885 0.0279980389870393
-0.0684771382656998 -0.0365118069627349 0.0318071662444721 0.122441039481951
-0.06457355915673 0.000502917196121606 0.121482572803921 0.0761973347115422
-0.0410998814578748 0.0359562851470611 0.138396339628255 -0.0367811007974654
-0.0168601150675691 0.0451659086021176 0.0747808787816159 -0.095955818219132
0.00473161910233529 0.0535507937116145 0.0112337793868583 -0.0949470173243736
0.0182778152922356 0.0518722863581811 -0.0242633848009327 -0.0662923432311328
0.0140991838086427 0.0581245274183428 -0.0313926839096013 -0.052757974112492
-0.0167057638536804 0.0541678475343088 -0.0358310923218987 -0.0494475909413811
-0.0423190740226273 0.0494760019135493 -0.0419383785077482 -0.0673149603223208
-0.0805113462973422 0.0131200055589961 -0.0167508657445943 -0.0892626105375538
-0.0907147706500902 -0.0374481066244989 0.0348361231240561 -0.0913062302609797
-0.0463856566044297 -0.0987803526595711 0.0334910319398876 -0.0776219849424922
0.00941596342292304 -0.139401362378405 0.00357627888486881 -0.0769854168836322
0.0334900078365587 -0.147197871139785 0.0484458783278803 -0.00442858836867261
-0.0187231932573409 -0.130935616772345 -0.0540959494794926 0.0568641086009948
-0.0944884964631682 -0.0859852194395064 0.00985536803576056 0.153661497581738
-0.112968314344186 -0.0155473182515659 0.111809179032067 0.113168172778209
-0.0742405371757993 0.0571000315133889 0.142122071391934 -0.0102518672164544
-0.0284905010459794 0.0711765582866891 0.0770254502841146 -0.0706552415256761
0.0033819608013844 0.0797162717774344 0.0171562355115395 -0.0715194225365837
0.0247360277950649 0.0757836317518465 -0.0178510373489777 -0.0432761213261236
0.0234552839861562 0.0798318244751775 -0.0285255683804812 -0.0272283493557989
-0.015100169464599 0.0734863415178483 -0.0400581810283653 -0.021758313754107
-0.0495461314660052 0.0683044093857752 -0.0558715774712837 -0.0438972412969191
-0.103143451777412 0.0214223305883965 -0.0379799127006894 -0.0742867972834783
-0.112030347874483 -0.0464785674170239 0.0144392480862844 -0.0846410132544372
-0.0496448035884942 -0.118356055188147 0.0230025428562826 -0.0634313020211793
0.024705440332605 -0.158252144423316 -0.0122272175793554 -0.0383899465083415
0.0604949251721471 -0.147371236851888 0.0196572664070914 0.0423892207171765
0.00981286404635962 -0.1582660285826 -0.0794366603661077 0.0824197406928792
-0.0944405027888053 -0.126725540019511 -0.0225019689769947 0.17103869725466
-0.140463116825879 -0.0403443149850288 0.0834581862768133 0.141924296368077
-0.100856241355629 0.0631459064865972 0.128422860852985 0.0225744179758656
-0.0389203637073779 0.0861154696116554 0.0715558316687531 -0.0358910447970382
0.000580472765873422 0.093440926166775 0.0211917132288121 -0.037995480392748
0.0277286830590319 0.0881566991006377 -0.00850129806639164 -0.0139687711650157
0.0292081335605563 0.090144960553629 -0.0219408876012384 0.0041022732536447
-0.0100686146183358 0.0831605853969585 -0.040089715921274 0.009857822388195
-0.0487455929056129 0.077879519983011 -0.0650427037070897 -0.0164502478428884
-0.109862653811024 0.0259634748721112 -0.053544329482523 -0.0557009833417444
-0.117544884774231 -0.0522639862789394 -0.00201187245509725 -0.0740934066768645
-0.0444731357555562 -0.123707114436488 0.0184528696440715 -0.046448221511232
0.0387686003780719 -0.154303244862197 -0.024924712413379 0.00345912961260043
0.0745312793056345 -0.120875499323603 -0.011455383049037 0.0829790254804546
0.039415334545202 -0.152003335384774 -0.100023832101317 0.0999261040925358
-0.0702949389524078 -0.142887490556699 -0.0543017760840292 0.167103749896596
-0.137286285134763 -0.062446155350231 0.0446484769717389 0.152841594510829
-0.108914181923312 0.0539587292858653 0.0987788360328082 0.0526180597331935
-0.0422986255984822 0.0846916694314711 0.0574934941904919 0.00172296232572017
-0.00175760539340387 0.0918114431475544 0.0236180819903514 -0.00101688500464078
0.0264849461837814 0.0870702267441443 0.00148114405475469 0.0164853786688849
0.030778457099712 0.0879104005688275 -0.0135075764520022 0.0354945287516633
-0.00568434108538656 0.082175964406835 -0.0379422811105215 0.0399168120264175
-0.0446016990600209 0.0769156619606492 -0.0707644164478312 0.00901122944603555
-0.106010896959539 0.0223735447946503 -0.0640624869782943 -0.0369366107013936
-0.107903105872841 -0.0562551933844462 -0.0147031933237315 -0.0627834318379655
-0.0283179790582928 -0.118241273273116 0.0155745404227083 -0.031023369415254
0.0537279993646788 -0.130623285994118 -0.0374914342885717 0.0411536637576544
0.0714488180736925 -0.0721732781445909 -0.0376581624307649 0.110665177732207
0.0556799627715631 -0.114165259909829 -0.109282916807495 0.107549087344831
-0.0372819104280416 -0.125176769866794 -0.0756865022539796 0.147543617047329
-0.107154338856009 -0.0656981148987268 0.00768849823997426 0.144583141696217
-0.0933843987440119 0.0378166443950684 0.0627239706698675 0.0720920029575324
-0.0359985597712877 0.0696726965879082 0.0399827816763708 0.0348226998873457
-0.00123913554797406 0.0749592371168048 0.0236502769262281 0.0318929559567721
0.0217659437782848 0.0724114368805848 0.0114360519897367 0.0432279522080574
0.0272180228376586 0.0738796880850245 -0.00517795218836871 0.0627769723571181
-0.00282057760568221 0.0720582423073596 -0.035889200955227 0.0659386842666344
-0.0384482362566514 0.0673811056533799 -0.0762192372014778 0.031380615159003
-0.092842229431424 0.0141240395427854 -0.0728452093249781 -0.022466636964277
-0.0865590773226718 -0.0583478500629534 -0.0257420227215333 -0.0536957029481684
-0.00679934283263539 -0.102348492661281 0.0123048631261522 -0.0172200966115362
0.0642203797029443 -0.0898516621095022 -0.0510693171956091 0.0710310563944088
0.0537429204763074 -0.00972975552198689 -0.0482051095675977 0.120740639392831
0.0549579196684432 -0.0566951384347065 -0.102484214524556 0.106402344875371
-0.00863065829824331 -0.0794606991267013 -0.0799014652888657 0.121971256932558
-0.0618097010041165 -0.0486375925028133 -0.0151634153138685 0.127755983729914
-0.0591814486538004 0.0205083961310369 0.0343840475726054 0.082907631413155
-0.0204751502490882 0.0437237416045207 0.0273121496923889 0.0576189999237736
0.000985230145817599 0.0462194843712684 0.0243101049891852 0.0562287762269158
0.0154542770949701 0.0468160263421665 0.0188234107900285 0.0625816807120093
0.0197592093278081 0.0500013033207679 0.00102473523953625 0.0838242326712468
-6.19234026352205E-05 0.054074543578811 -0.0367033706504559 0.0848478901663748
-0.0297192242126747 0.0512140355191631 -0.0830396818737671 0.0474219589979146
-0.0709978234067739 0.00490688337117543 -0.0823425121194794 -0.014996078550107
-0.0568584014840352 -0.0528952339100109 -0.0360598910060514 -0.050891428425852
0.0149641158489673 -0.0756119765710786 0.00756741699903052 -0.00931198474017392
0.0664541440577156 -0.0377797268041798 -0.0656580304646552 0.0892943477096785
-0.0457170656618516 -0.00946261563172583 0.0604014818990079 -0.11257814403869
-0.0166422545053058 0.0393856572765913 -0.0115341378985481 -0.0121885542312734
0.023739054338747 0.0353219623159159 0.0439508891035941 0.0574382470915125
0.0366422711599896 -0.00693402876396384 0.100165033380699 0.0121118418659655
0.00857448462855228 -0.0276810170274603 0.0995609994403021 -0.066402150779309
-0.00591389326384768 -0.0188322276696399 0.0439418948132262 -0.112845032132083
-0.00419451110338419 -0.0149759431781759 -0.0131771022841781 -0.103358354308608
-0.00413602774245345 -0.014303675596668 -0.0361282405407438 -0.0752486458108945
-0.00142243130608908 -0.00983793033694061 -0.0369954781436339 -0.0680440490415467
0.00303829205481127 -0.00432796695020889 -0.0344430057500777 -0.0726182302685582
0.0106907133334236 0.00429256128444374 -0.0307866943249393 -0.0851254169869953
0.00725309688259527 0.0224699148230254 0.00564052416824389 -0.105127981477887
-0.0255307572535224 0.0323406906084277 0.0596437403050905 -0.109211474331662
-0.049609037511421 -0.001796332466559 0.0591992274983948 -0.100313429561842
-0.0454002981291415 -0.0412213629311723 0.021262047543062 -0.121411416316314
-0.0361539006706873 -0.069189029322262 0.0671009738374475 -0.0907994617778355
-0.0375000618206994 -0.0125533111339227 -0.0127481975435775 0.00568111819281496
-0.0238408150623154 0.0112381133577744 0.054214542125393 0.0805956278144994
-0.00818674338569017 0.0052919632188005 0.120405149665152 0.0261907628607073
-0.00803504998429597 0.00535760560938318 0.1151587735912 -0.0699735451533004
-0.00653028173613596 0.0117006186778735 0.0496742519012108 -0.116257762728422
0.00568651841072181 0.0190236439510635 -0.0112289421396254 -0.106787570525603
0.0103661086742697 0.01830455461129 -0.0383987694988397 -0.073613045007313
0.00942622698520859 0.0256425094896151 -0.0401790150510188 -0.0643147415653271
-0.00768119460618436 0.0288752958098619 -0.0388531538077624 -0.0655746218066894
-0.0188001009070103 0.0297222889062107 -0.0379738618533623 -0.0787793235775439
-0.042275193838394 0.0174020308365086 -0.00663445381564416 -0.0986556491570405
-0.0624041551998875 -0.0046631971097356 0.0452501083144782 -0.102506982184435
-0.0522851065870748 -0.0540136981825675 0.0399141209394256 -0.0926684562590781
-0.0257970848869787 -0.0986926686242511 0.00830974754054937 -0.105766336415792
-0.0168847156367664 -0.119835063330135 0.0641180505363305 -0.054377597306832
-0.0468954161358771 -0.0715157957311992 -0.0223869449797089 0.0336892062949694
-0.0714241102857444 -0.0245571079937717 0.0541125228647761 0.114496304526788
-0.0617291307781924 0.0113663915980019 0.134505321047518 0.0541336334144009
-0.032822621317554 0.039438841725018 0.130299603374506 -0.061023805409085
-0.0100032935452412 0.0440384242152616 0.0569424016941985 -0.10723033826651
0.0127192902899064 0.0521897222281892 -0.00481515393035665 -0.0976598817768429
0.0238902587744775 0.0483768408317234 -0.0342288365538151 -0.06039177353898
0.0224537625956532 0.0555648748536301 -0.0397537108491295 -0.0479060501025477
-0.00944328760868293 0.0576620915741963 -0.0434936769540149 -0.0454812586283409
-0.0361301418198213 0.0561427500868362 -0.0516531191528212 -0.0617241606809969
-0.0810619886798942 0.025554083185609 -0.0270506004042809 -0.0876936872939917
-0.0965554992105973 -0.0242424803219081 0.0252130063326795 -0.0958491718581259
-0.0600838625076351 -0.0912630196694528 0.0232100427014495 -0.0806770737783543
-0.00991790220390298 -0.140153191052518 -0.00701722002364069 -0.0751060697203959
0.00885269280953408 -0.151770250479601 0.0510417462633576 -0.00596329235617459
-0.0411562178116144 -0.124592387725177 -0.0389310861439588 0.0669020992224359
-0.105853613375085 -0.0670817209822739 0.0402571886222653 0.148445225971066
-0.112197455049916 0.0052084368742553 0.133304970229388 0.0908058522096962
-0.0614106143558626 0.0666737476269439 0.137532554946259 -0.0370535053814866
-0.0168022909931071 0.0721134313739454 0.0624124114212516 -0.0835878885620576
0.0163511757061918 0.0791622251834151 0.00423427073384219 -0.0757929641411737
0.0342929308578578 0.0712167847068323 -0.0248707925393077 -0.0385693234314142
0.0350916519330602 0.0760395594510082 -0.0334705469949144 -0.0218141813430216
-0.004502197732534 0.0768068611923419 -0.0445029829156595 -0.0168940784139167
-0.0391960688044935 0.0760110464539675 -0.0632923845076443 -0.0367137850657739
-0.102074003945313 0.0387127042467188 -0.0461393644287252 -0.0705849071700306
-0.119429729559094 -0.0297367263249495 0.00522164484268251 -0.0861290853434449
-0.0667653170419358 -0.110413100107263 0.0131812402264855 -0.0651621281869802
0.00280749688160597 -0.161454142688632 -0.0193712020402375 -0.0348316234323371
0.0357227471426242 -0.155904503513346 0.0281062393445969 0.0452214522082663
-0.0177017823632876 -0.155876180743251 -0.0598765659878639 0.0982986476342672
-0.113014456842881 -0.107073529566087 0.0131236672620754 0.171310344554481
-0.144599035090402 -0.0141255785005934 0.111684355607717 0.12308839658625
-0.0864088692705474 0.0773256144405972 0.129251095197408 -0.00314579837562827
-0.0239152660965356 0.0886251992554319 0.0619632109861483 -0.0487247434439679
0.0162975335536541 0.0938043479932373 0.0137014906470457 -0.0441273949503167
0.0394109828621274 0.082594722586643 -0.0124023509300805 -0.0106198475290825
0.0436075368560353 0.0851574484173605 -0.0226312087285007 0.00814792780272753
0.00253560658886635 0.0857805270078616 -0.0402782595542059 0.0145772951875396
-0.0367715360463451 0.0850985745902428 -0.0685132568346661 -0.00869681224579128
-0.108258273544513 0.0444001808800424 -0.0593298185049008 -0.0500945770180051
-0.125138054571498 -0.033502510016856 -0.0103953135316049 -0.0734075119589781
-0.06213409866784 -0.116523537499807 0.00982546638176695 -0.048061288431719
0.018151211473229 -0.15970869289685 -0.0281038030207755 0.00749519357854765
0.0538482290572549 -0.130805380034122 0.00193933046423126 0.0893787795476238
0.0123055784070405 -0.154184094200018 -0.0786684285186543 0.11948823385644
-0.0924429525550524 -0.127110850310881 -0.0193707060936332 0.174744128494369
-0.145591345884911 -0.0353732790846847 0.0757036202430929 0.140655353029323
-0.0962111898502151 0.0710679071304131 0.104762321553558 0.0304372155369938
-0.0270045813755345 0.0889228111495657 0.0541809605990507 -0.00921920223873454
0.0144065031998048 0.0928488116137358 0.0211234522720884 -0.00798625585284098
0.0392008870731244 0.0812137580526563 0.00155947907734609 0.0169731769434671
0.0457094450673246 0.0821767593026027 -0.0102542370262076 0.0379016273720692
0.00773542208013774 0.0837103459554124 -0.0338491400618457 0.0443677936197979
-0.0319549593037993 0.0835877929583167 -0.0708734037091249 0.0183074256328037
-0.103721640467164 0.0404037609933993 -0.0678544284025848 -0.0298785566034767
-0.11572989166923 -0.0389512819416046 -0.0222954673855643 -0.0597749126858354
-0.0454417048856931 -0.113276862245123 0.00919528278748661 -0.0320983296942695
0.035909171328928 -0.138141306323502 -0.0356799976072452 0.045558652142718
0.0593092024001939 -0.08169865561846 -0.0211935521122343 0.119028026994303
0.034632459247509 -0.119564875421333 -0.0894977949450523 0.128033788836868
-0.0578933809000514 -0.11471356303736 -0.0449598299339111 0.159318972846304
-0.116864514762514 -0.0434400175915129 0.0376155529982446 0.139495236371536
-0.0835376425103297 0.0534249333386556 0.0730531622861479 0.056170594145779
-0.0227214870996555 0.0733340524443164 0.0428500273783651 0.0263434325067671
0.0117716385180414 0.0753850402804334 0.027243620839612 0.0259131197279376
0.0333258547555224 0.0678624613188157 0.0156219106349472 0.0412314847168477
0.0399065286913564 0.0686020453478911 0.00205533503683743 0.0637905827234738
0.00973586013287966 0.0729719087216422 -0.0284111901307313 0.0702332057340686
-0.0267443688963904 0.0729043819276138 -0.0730344786070124 0.0406962488768771
-0.0914902910833886 0.030466076652462 -0.0751047504427929 -0.0142759729723823
-0.094580562661196 -0.0433261690591776 -0.032090210622804 -0.0496269377949284
-0.0221880690035436 -0.100833670126009 0.00720978169273465 -0.0182532138517304
0.0525329085998128 -0.0991185564349192 -0.0452583767848023 0.0759860066848268
0.0526045844649765 -0.016871681844212 -0.0324930622929616 0.128165550595973
0.0437922141787819 -0.0632378707080236 -0.0855393704431656 0.125439156198732
-0.0219233693332058 -0.0743689204077602 -0.0570355883628811 0.135109202040656
-0.0697129677486858 -0.034000942247724 0.0103088939122057 0.128595941639615
-0.0526374588926605 0.0316448581774886 0.0470475008489932 0.0738038412435772
-0.0111815505225249 0.0465831577890393 0.0349819314142502 0.0518193431374381
0.0101150654506268 0.0462420334027656 0.0317916325706418 0.0502967257534217
0.02314803943727 0.0437639697205005 0.0265687492390316 0.0587209724561505
0.0290599319067498 0.0457753044231152 0.0110195575558749 0.0832722364277452
0.0104020117560689 0.0540079496103151 -0.025879655101301 0.0887801788521418
-0.0200148552459131 0.0555808653021613 -0.0772789501140128 0.0572955792652396
-0.0706170367913059 0.0180877660010498 -0.0837934661818226 -0.00503762482743147
-0.0643723481871653 -0.0423209153053941 -0.0423840278707763 -0.0455144959058428
0.00316704409265559 -0.076477400168316 0.00404556095139495 -0.0108636018088198
0.0622340953132424 -0.0472409211197176 -0.0560842890886544 0.0948296056387819
-0.0446399503130856 -0.00863781496517223 0.055594890808596 -0.112800771388444
-0.0147924771480984 0.0387707073519839 -0.0116010640750807 -0.0113305083017544
0.0242305714916881 0.0328353546565405 0.046460518945706 0.0570672927375237
0.0350572300352638 -0.00824894769572695 0.100300487087019 0.00994063107075637
0.00663778706611613 -0.0269940781819275 0.0965208720638913 -0.068315790798396
-0.00736664659479653 -0.0177261450267775 0.0391708890199545 -0.113775906553955
-0.00505483736379842 -0.0143750129696099 -0.015570868657765 -0.101751374613969
-0.00495400730179583 -0.0133164199132438 -0.0371302399050208 -0.0731510886779654
-0.00213245057856091 -0.0092300177772517 -0.0386803856697835 -0.0659049412405526
0.00213345990910059 -0.00411048516476395 -0.0367574150408792 -0.0705479695917926
0.0108127253447648 0.00403997952023214 -0.0332578836794915 -0.0824907079791181
0.007391808355609 0.0210109697492483 0.0028481363531498 -0.103808562131293
-0.0238116432537765 0.0324918595111912 0.0565616783463254 -0.111136021478993
-0.0477999490924147 -0.000108552435815298 0.0577876855411897 -0.101422029262194
-0.0450377401696166 -0.0390703920532913 0.0202783521485194 -0.1199228021822
-0.0373273899383788 -0.0672253169182458 0.0634296918527872 -0.0909444957424357
-0.0367539836086463 -0.0118997581527209 -0.0120262601894799 0.00670847398544384
-0.0233236573800005 0.0107997235882377 0.0561101347927897 0.079647231562261
-0.00861644555305101 0.00443568979740039 0.120118537346169 0.0233892636252178
-0.0089474195991968 0.00579317457460558 0.111516568525354 -0.0729881673880075
-0.00663795306173888 0.0122921964110982 0.0446107211527026 -0.117704567090587
0.00596461794243536 0.0194043576805361 -0.0142210755401547 -0.104853571745346
0.0105657092268955 0.0185819785801175 -0.0391955441674356 -0.0701490861313741
0.0092509999841325 0.0250119254236938 -0.0424934387970955 -0.0619159104602374
-0.00713153632367619 0.0296047702291825 -0.0411336992772028 -0.0628994649999271
-0.0185374632328153 0.0298040799316614 -0.0410621215651034 -0.0756416206554239
-0.0426172240876329 0.0173293569148534 -0.00959856436600834 -0.0972043303995245
-0.0611274304072913 -0.00350656957937597 0.0417952141622744 -0.104020842299612
-0.0515697815487633 -0.0521104520857217 0.0393678293972088 -0.093622229521613
-0.0273347392753307 -0.0965422057324226 0.0075459172650628 -0.104314699347974
-0.0191714124144882 -0.117440551555679 0.0615096925479415 -0.0550922367283754
-0.0471731777596816 -0.0703831443239781 -0.0212133183664605 0.0346687364242986
-0.0708238958080399 -0.0230539661787541 0.0574959211363234 0.112582307564832
-0.06165281739343 0.011596992363687 0.135427439489117 0.0506706676328508
-0.0320725436971455 0.0398005087191333 0.126782258455433 -0.0644450904500094
-0.00948511848461812 0.0443355004125458 0.0524554300457358 -0.108247167487358
0.0141321056072338 0.0519059264236908 -0.00811250983055112 -0.095884774618229
0.0252055443780814 0.0475717402269403 -0.0348576535185888 -0.057313503913397
0.0232653195427315 0.0542073703085509 -0.0413685324850136 -0.0449163400647622
-0.00859678586529418 0.0577898160835737 -0.045030182904755 -0.0423944053186866
-0.0343971472529587 0.0560287853718546 -0.0543366761039008 -0.0584068258089988
-0.080021851389978 0.0270305233175656 -0.0305263290312714 -0.086116303512934
-0.0957296024221606 -0.0218540758991929 0.0215449017191796 -0.0975552698645037
-0.0609453778166978 -0.0889683786073488 0.0227654802982964 -0.0811522998168837
-0.0132044762577956 -0.137664570042431 -0.00721515125907185 -0.0735593144501784
0.00555154796654253 -0.149297423456182 0.0495632571773413 -0.00684038855264673
-0.0431408537446425 -0.122102559919242 -0.0368576957904922 0.0681727053047306
-0.105420078831539 -0.0644717168925902 0.0435902030009095 0.146636174420404
-0.112218127466597 0.00700089659555573 0.134970702440019 0.086898857327121
-0.0594962920697319 0.0670690590011248 0.134214386583504 -0.0410191892359442
-0.0150561250301062 0.0718970397010372 0.0591123826672725 -0.0851034370566064
0.0186995856685065 0.078245274292345 0.00108404140815497 -0.0744421249347586
0.0359003523087568 0.0689540104572806 -0.0255029621754816 -0.0357393192873113
0.0369514351917889 0.073496454208803 -0.0344022218322446 -0.0194550067814633
-0.00269574210975308 0.0769291886787519 -0.0449706259767663 -0.0143627943698204
-0.0374334487779107 0.0759133043042502 -0.0649191899914344 -0.0333659940397091
-0.100366741476329 0.0407065074590575 -0.049507570978385 -0.0683967610542479
-0.11825381159098 -0.0264395270277919 0.00154512883073692 -0.0873668228286306
-0.0680699539438867 -0.106992893347452 0.0125661203840815 -0.0656775046101346
-0.00136476153953092 -0.159071499744124 -0.018658708257655 -0.0338568680573957
0.0313141319369707 -0.154344118262711 0.0281621056796319 0.0444536875894322
-0.0209574442653373 -0.154221523961976 -0.0568997958406027 0.0992886719131164
-0.11340781591254 -0.103401696859654 0.016948573608367 0.170202119061844
-0.144354476530749 -0.0111058758090481 0.114706390196882 0.119975317091289
-0.0832481362848713 0.078491198764348 0.126440554356367 -0.00782640997019206
-0.0216894280256526 0.0879441788899396 0.0599494652673142 -0.0496405439994037
0.0193718840613287 0.0927634479677768 0.0115848407711527 -0.0434099806945783
0.0416012112071802 0.0800861422141126 -0.012564268469049 -0.0094874884070097
0.0454915302941959 0.0816917977420436 -0.0230006852329683 0.00999411651759998
0.00491175817968641 0.0849755129712828 -0.0396963771212144 0.0165792819007931
-0.0340829680263973 0.0844375386288901 -0.0697342840720328 -0.00518209852315943
-0.106079562627358 0.0469694864700652 -0.062670475859252 -0.0477491192791766
-0.124003156267035 -0.0295587339919159 -0.0136653455748457 -0.0737578243703614
-0.0641759460806733 -0.112960999923149 0.00962892019336087 -0.0486351383963434
0.0133649500855107 -0.158234289235906 -0.0263771191686501 0.00808549984781818
0.0500370356880576 -0.129798608947341 0.00322634484287576 0.0886102220375422
0.00834283080956236 -0.153960279079113 -0.0753962235500556 0.120870662588282
-0.0941785653523841 -0.123620108984409 -0.0153500778197383 0.173870937717182
-0.146262105019329 -0.0315488258839657 0.0792998463609207 0.138145768251301
-0.0923562930103104 0.0726309627525537 0.103654697755668 0.0259833260518312
-0.0241917514253168 0.0880235896012644 0.0533626191934262 -0.0104255036844229
0.0174138965032914 0.0913332446469287 0.0200404342997015 -0.00795911697858342
0.0414325419049101 0.0789641410298489 0.00153799661834662 0.0176333998966556
0.0473484244537462 0.0786484468871277 -0.00958471173744962 0.0383195306333094
0.0097147065809508 0.0824029963031651 -0.0324932159711018 0.0458611169379682
-0.0293875718105576 0.0826530893052216 -0.0706388679891326 0.0213838616285399
-0.101786531967702 0.0433483021543778 -0.0704297129251995 -0.0274195765250062
-0.115247282624863 -0.0346974774259621 -0.0250644437605547 -0.060180893667858
-0.0481918863433381 -0.110033072873659 0.0082653060786864 -0.0325074851989444
0.0311596188383763 -0.136795573835998 -0.0335023251645803 0.0462823896579913
0.0565789757415078 -0.0817252409789949 -0.0199280534674859 0.118227166222298
0.0311617174549678 -0.11993079527838 -0.0859056579291322 0.130350695908101
-0.0598832056604174 -0.112249081419948 -0.0413822209991579 0.159562588259102
-0.117850474040875 -0.0393706313662917 0.0416852212119724 0.137618673976905
-0.0802466735003972 0.0551005010446302 0.0737085252115006 0.0527576320121858
-0.0197136782386303 0.0722884912858183 0.0432524662935454 0.0247249852767437
0.014746999498169 0.0740438178522409 0.026955128148802 0.0245855617114089
0.034822557303892 0.0654421662357618 0.0156016649478189 0.0410923525930015
0.0415869163137554 0.0652755588591587 0.00311154157902918 0.0628920269208621
0.012085940671968 0.0710848310752735 -0.0255647816138869 0.0706118271293193
-0.0241489195471663 0.0724840419817924 -0.0718136197068146 0.0430697427876727
-0.0895867835783265 0.0332398344147599 -0.0766110861412081 -0.0116491218767337
-0.0941576278078545 -0.0397499031464697 -0.0347881813065326 -0.0493503790305752
-0.0246448388894192 -0.098128255409102 0.0067321371135385 -0.0190795884287031
0.0488065248585401 -0.0991004065036198 -0.0419784121274359 0.0763206101716761
0.0516141610804466 -0.0184006180222964 -0.0317958915259301 0.127359411228006
0.0411290630264807 -0.0644582829342372 -0.0831602422359098 0.126873175380834
-0.0235862522886999 -0.0729139888875634 -0.0535748646085274 0.135521696711256
-0.0698380961605245 -0.0312184509826818 0.0139062378891784 0.127418832352747
-0.0502878777226643 0.0329089009972491 0.0484960046967535 0.0707236291143075
-0.00872310059740896 0.0449202748007693 0.0360682057272825 0.0502588753010597
0.011256112304191 0.0442523805118546 0.0326530404124827 0.0489057982136553
0.024606787257296 0.0415836860312982 0.026706494009369 0.0576874516547875
0.0299325541697653 0.0431059425400348 0.0129917348743044 0.0816943099516642
0.0119962289115169 0.05225824615625 -0.0228463226791927 0.0887710613274647
-0.0176440495257766 0.055375325433763 -0.0755966747470739 0.0594121276561381
-0.0690275710803437 0.0207204777938529 -0.0841327293598824 -0.0025294708070901
-0.0642612049800713 -0.0393483129629492 -0.0447627880458887 -0.0449974088579602
0.000561135881517582 -0.0747392456981157 0.00373667991378566 -0.0111008714012978
0.0597544082502125 -0.0490027777784227 -0.0527229979083328 0.0949946537625447
-0.0439635315138747 -0.00810342010852277 0.0552900019010172 -0.111747189233183
-0.0137453998956796 0.037627079715959 -0.0115575558356413 -0.0111007457326752
0.0233685516167387 0.0321037062792333 0.0473887202476135 0.0577348088267314
0.0341812419098733 -0.00898492219887759 0.100770086943717 0.0103608011081502
0.00541221205828755 -0.0261897249567273 0.0962924181353314 -0.0685647349546373
-0.00788688493971832 -0.0166079492225817 0.0379153438867623 -0.114493666706687
-0.00532121181034456 -0.0142787630769969 -0.0160517534357252 -0.101479326703764
-0.00530318309839655 -0.0124694886041779 -0.0362754484152903 -0.0728926293813271
-0.00223409819951606 -0.00835426053014266 -0.0386934568073612 -0.0650091488548608
0.00206251735430392 -0.00366466432425343 -0.0375057451362087 -0.0698854916005808
0.0103097077956998 0.00347256391265811 -0.0337512087590472 -0.0813882835679705
0.00711253369786347 0.0197510652184186 0.00253986151875123 -0.103560869408599
-0.022993853072206 0.0317485614490918 0.0562067980564954 -0.111993915640375
-0.0463995082080124 -0.000183537687286251 0.059450753059682 -0.100735284829872
-0.0440047516142574 -0.0383930218501204 0.0223411913482417 -0.119346462032337
-0.0362517301675536 -0.066662463160794 0.062401260882335 -0.0899931285775677
-0.0362112244101687 -0.0124274189275405 -0.0117937816518624 0.00671764114586252
-0.0233319749134667 0.0095911636243973 0.056882271612656 0.0798760203837011
-0.0100886891278674 0.00368690963206963 0.120346203662483 0.0237381804954271
-0.0100059144732104 0.00580813049984513 0.110643058406256 -0.0729479707118688
-0.007324958412508 0.0130339116508987 0.0435154257840709 -0.117581187530916
0.00600248092638887 0.0194545885498698 -0.0151159485560258 -0.104242848856207
0.0106111516321642 0.0191838637512015 -0.0381650824586254 -0.0696742455623668
0.00901051266785935 0.0255810865932958 -0.0426652053877372 -0.0602836224134396
-0.00777872922345906 0.0301249646032124 -0.0417117863964771 -0.0619591362366197
-0.0188228651903603 0.0293101410371028 -0.0415421477674888 -0.0744543353711846
-0.0431516473094466 0.016613487155539 -0.0104465041385971 -0.0964194315065544
-0.0599585922772655 -0.00431223992793782 0.0413684915550743 -0.105170348229923
-0.0496873664194064 -0.0522995036246958 0.0400002358121361 -0.0937195708668634
-0.0259227895956498 -0.0948873672355036 0.00957823539396772 -0.103727412369725
-0.0181776556061254 -0.116214641090512 0.0606775970237052 -0.0539552729551468
-0.0464755681919423 -0.0700978509040409 -0.02094929808469 0.0349965985343326
-0.0702704716744753 -0.0238865906314968 0.0571387901952993 0.113254576303142
-0.06244274199935 0.01078167245433 0.135573038110965 0.0512556599297506
-0.0324722198480728 0.0395676010026299 0.125413594972378 -0.0646632369675918
-0.0103580290220438 0.0449915076648258 0.051671696730065 -0.108289524313971
0.0145930364930202 0.0520122582872882 -0.00895736302836169 -0.0946751443616014
0.0249011168699227 0.0477979894838778 -0.0339872134251919 -0.055729391065866
0.0227753064025979 0.0543207661835017 -0.0414607087458626 -0.0434318322289919
-0.00882194245836022 0.0586501622761382 -0.0456242877971999 -0.0416320023722109
-0.0346091599671899 0.0556981635130928 -0.0553192429609472 -0.0568747259785116
-0.0810169384698853 0.0268463008562581 -0.0310628764494809 -0.0851641932269547
-0.0945112667350261 -0.0224809611449735 0.0203125624538777 -0.0986672193931415
-0.059074539163319 -0.0884076752388709 0.0244791193710287 -0.0815006676290421
-0.0121175057704257 -0.136673411388739 -0.00506205459222836 -0.0727973154082167
0.00615521328265034 -0.147905891649434 0.0487995981244166 -0.00605244617117936
-0.0421398321051426 -0.12219542198288 -0.0366910052742152 0.0682245468050553
-0.104091273093927 -0.065137530334483 0.043253967618948 0.146993848124004
-0.113172179955451 0.00613130486767822 0.135314181141211 0.0875459292218143
-0.0596426263278969 0.0664508050540886 0.132817213727765 -0.0415907656020603
-0.0160044652514493 0.0717618238525248 0.0580346730192809 -0.0847492450151466
0.0192183381140995 0.078024357902805 0.000192341034708321 -0.0735787721205619
0.0360762333417588 0.0687981687478417 -0.0251948260226447 -0.0343958020720759
0.0363104595278399 0.0725857878072992 -0.0347301454742239 -0.0175693458012089
-0.00252156849138812 0.0772022082597921 -0.0453281802534867 -0.0134393778676587
-0.0372391044460759 0.0752063080475295 -0.0659555971745907 -0.0318114988743009
-0.10072896165516 0.0403040942499674 -0.0509386692040124 -0.0675272805881275
-0.11710299132634 -0.0271358753398055 0.000188284913814659 -0.0882036537525862
-0.0668333877519053 -0.10658512618647 0.0137413933601766 -0.066326114626014
-0.000733213887319482 -0.157520053397044 -0.0172570547566965 -0.0333669709925791
0.0320867768805955 -0.152648060658208 0.0270393744173471 0.0445742506985545
-0.0198731798711405 -0.154237429939777 -0.0573084643609458 0.0990530571573017
-0.11217723268131 -0.103971485448243 0.0161910424939869 0.17015630181503
-0.145133030383371 -0.0113631151327622 0.115293131348496 0.120417513779513
-0.0828802432423262 0.0779003397330263 0.124970188535709 -0.00844548631579697
-0.02206855026329 0.087775635163702 0.0590419997129898 -0.0496669360877223
0.0197742338176249 0.0922496024206952 0.0103906661047644 -0.0429242530530423
0.0417986912282221 0.0793030238639332 -0.0122568529722269 -0.00772949213223369
0.0453035622458105 0.0804188923875989 -0.0231408845901386 0.0111648481243884
0.00457637742619896 0.0847412111153647 -0.0396746406947504 0.0175826788832564
-0.0340546396170969 0.0840585829880908 -0.0708673058326338 -0.00358566224193632
-0.106538600751153 0.0470836923731682 -0.0642678006174316 -0.0461296228645533
-0.122853491189911 -0.0301845232949456 -0.0150483310762958 -0.0746368751958471
-0.0627498579678782 -0.112656112116477 0.0101562088084977 -0.0495171866528464
0.014078550040487 -0.156976083474159 -0.0256510275822824 0.00837393439953928
0.0503564118034451 -0.129235985146514 0.00163959094522698 0.0886093186936352
0.00920120334385841 -0.15373078279922 -0.0759525972121069 0.12088288589004
-0.0931400673291633 -0.123908889087055 -0.0158433038520929 0.174018151097323
-0.146986668878812 -0.0314155044431145 0.0805673499967864 0.138103174330508
-0.0919414387512337 0.0724014551834166 0.102135643405884 0.0252361523502676
-0.0240032892787377 0.0869739345694016 0.0527623693435187 -0.0104341855464555
0.0179810374463925 0.090706063771565 0.0191194474422931 -0.00764363671622802
0.04165135170386 0.0781317980392559 0.0014400043977479 0.0187021786851256
0.046951444816985 0.0768996132469365 -0.00983558687966093 0.0388804526697535
0.0100367339576094 0.0817615701732508 -0.0319978198463284 0.046237060157479
-0.0288294233435773 0.0822099250532303 -0.07181307305785 0.0224747206285564
-0.101707550025511 0.0438297148792699 -0.0717531003867145 -0.0267035113856214
-0.113811205163459 -0.0347666875495514 -0.0264916486415512 -0.0608527094661119
-0.0474309513569189 -0.109094534270584 0.00868112359758984 -0.0333964734248932
0.03176483860085 -0.136267546749271 -0.0329310672168001 0.0457749603990248
0.0568066243699803 -0.0811126826733298 -0.0212966239829855 0.117593059563257
0.0308745964856613 -0.120348506547194 -0.0868488113760737 0.130102277422177
-0.0599085370247654 -0.111836598402191 -0.0414509761984599 0.15970897791179
-0.118668034757025 -0.038985051132981 0.0424044471316137 0.138007313956581
-0.0793180782510805 0.0550402458767766 0.072392697517838 0.0520601999443136
-0.0189507502824051 0.0708748163303266 0.0430628812529524 0.0247164386600549
0.0150878106398891 0.0732894864460316 0.0264059790334246 0.0246348755687466
0.0356236928320654 0.0642727637344803 0.0147374975048202 0.0417937364558752
0.0410948303903434 0.0637400525332229 0.00291240160408985 0.0631150487036226
0.0122728520893528 0.0701799354534747 -0.0251577052877786 0.0704827676548213
-0.0236480106962613 0.0714171090732186 -0.072440179537331 0.0442634529847682
-0.0891254894215165 0.0340668088217082 -0.0772867784170708 -0.0108624126502093
-0.0931622093889459 -0.0392721558238864 -0.0356037632241545 -0.0500332486114884
-0.0242652465115167 -0.0968958452149741 0.00709129775150989 -0.020189312061744
0.0481513942639064 -0.0993665409290776 -0.0415894643000713 0.0753088221017477
0.0518309012523021 -0.0184367798864462 -0.0334975190653296 0.126691901316811
0.0404684678572547 -0.0649854373888978 -0.0846074692431388 0.126977916874356
-0.0238211965044055 -0.0723170924790497 -0.0541143816934484 0.136086436669392
-0.0707664162261164 -0.0304732973833016 0.0151455903720838 0.127370492133158
-0.0491168482768932 0.0333795659490512 0.048394904129886 0.0699441234976071
-0.00795717176921465 0.043395648615542 0.0362428211235115 0.0500258702964574
0.0115982514086051 0.0434987574116458 0.0323937425471604 0.0483029917190878
0.0248796310506485 0.0407911808743469 0.0261235345803078 0.057339349113784
0.0299059858175871 0.0418430062696065 0.0127647722082699 0.0811071221884406
0.0126201315756609 0.0514026586320292 -0.0221212384114956 0.0879252071521388
-0.0167104339941239 0.0545587146189334 -0.0758732477000599 0.0598057568186032
-0.0684002234589072 0.0213751244082729 -0.0850089874254687 -0.00186799204265511
-0.0638184053408727 -0.0386590180148082 -0.0451748363681926 -0.0448758006219845
0.000411068843380883 -0.0730062692275641 0.0039750419958262 -0.0122091852808074
0.0592149455642043 -0.048977127788509 -0.0519968282194896 0.0945698472445046
-0.0442979928238392 -0.00924385596950174 0.0579722989628141 -0.112481581985153
-0.0139174092460538 0.0374476708717447 -0.0119829012681577 -0.011197788109121
0.0225167031785628 0.032400281817111 0.0480651933954804 0.0596729159102238
0.0343923072786177 -0.00920315901392073 0.103067823997497 0.0120029617925969
0.00524639718889128 -0.0255799971062267 0.0989067939515613 -0.0689685511426212
-0.00851122321040943 -0.0163798655521265 0.0391002206591811 -0.116559478120373
-0.00597967566408871 -0.013930450474185 -0.015359198910733 -0.103405716429233
-0.00524574339213036 -0.0121418340105569 -0.0354080450700827 -0.075017043741549
-0.00225021911452415 -0.00827499418575848 -0.0383107879215669 -0.0661846831578687
0.00186560602442938 -0.00309108291351933 -0.0377957918088445 -0.0714299242564588
0.00996016702596949 0.00358016513922378 -0.0332405030383462 -0.0827542487930372
0.00625746072373418 0.0193383798060679 0.00432396873813464 -0.105579469537483
-0.0231434767428691 0.0312742790688019 0.0590047102588404 -0.114897736383059
-0.0455220404369973 -0.00155965175013726 0.0635421121220913 -0.102196222937595
-0.0435947880024616 -0.0398425945554058 0.0274515615886668 -0.120707226756613
-0.0353294246602839 -0.0681561934327175 0.0646915274826671 -0.0902378891636995
-0.0353855747639775 -0.0137927928176227 -0.0123621401808184 0.00679362967860922
-0.0240932574425124 0.00885831885575927 0.057214368078003 0.0830192766226106
-0.0114853585818624 0.00288783120602996 0.122807732527539 0.0265086228349361
-0.0113863734857375 0.00611475160732331 0.113174733617595 -0.0731953470278284
-0.00880582315568968 0.0139609002493916 0.0444435701031288 -0.119752579299195
0.00551452985476572 0.0202277727051666 -0.0147048292578693 -0.105641154809085
0.0103174594364477 0.0202247923649359 -0.0372301116788827 -0.071199959333985
0.00813175524900826 0.0267089953914453 -0.0428156493150614 -0.0612048463919619
-0.00873838988830891 0.0312640582742921 -0.0425759325140331 -0.0629623539344517
-0.0200842730746382 0.0296898725360378 -0.0422409804116048 -0.0755713655197924
-0.0450792737178056 0.0158691154336476 -0.00933021764951025 -0.0985920179104193
-0.0607114554567562 -0.00623563600281913 0.043689694542383 -0.108271785731282
-0.0482263073960325 -0.0545270518888455 0.0437249287551374 -0.0955868021122822
-0.0241859603901038 -0.0973042771748768 0.0137859969297696 -0.105407472727175
-0.0163031185258304 -0.118446491663323 0.0628233726617278 -0.0530548002033161
-0.0459183297934033 -0.0722879644680583 -0.0219481025097378 0.0352187246365231
-0.0711354005680857 -0.026664238141726 0.057103719371714 0.117394527330908
-0.0649562408570724 0.00941125675423529 0.138266563794547 0.0551835043144877
-0.0347345268689535 0.0396778207084803 0.127810407682009 -0.064224246808036
-0.0119583492600625 0.0460882204765734 0.0526833481498843 -0.110044334576278
0.0145053538079322 0.0531102930005867 -0.00910441986161049 -0.0956882934345273
0.0250212160355628 0.0492004162984005 -0.0333612887705519 -0.057100434543448
0.0220672040525809 0.0555300311701253 -0.0421547078731565 -0.0436352057498751
-0.0105081193643089 0.060416384139692 -0.0469653371614258 -0.0416619721507756
-0.0365165197973677 0.0563105295423682 -0.0568197903401968 -0.0578153087341339
-0.0838392537132191 0.0255341468954513 -0.0320358397183139 -0.086935581848787
-0.0953021721930394 -0.0250251413577877 0.0219801999941732 -0.101962594309608
-0.0574402038815728 -0.0913002686861827 0.0269690321684736 -0.0834053624197747
-0.00952713487746449 -0.1390202274751 -0.00226305701213901 -0.0744791323299681
0.00922481400071413 -0.14967438208458 0.0493376221794092 -0.00494940151154536
-0.0402276530622613 -0.125219875396977 -0.0387671731879966 0.0692078088462212
-0.104415951704546 -0.0689256849245875 0.0422183382504997 0.151601711876454
-0.116844935458635 0.00425933006961607 0.137855776244252 0.0917103235752282
-0.0620853773433692 0.066324461719439 0.134247462769845 -0.0404956880537663
-0.0179620078069646 0.0738124352225993 0.0596074445549819 -0.0858804834650905
0.0184767700147751 0.0796074247648647 -8.21145578355747E-05 -0.0735594288455208
0.0361855284559541 0.0708904763824204 -0.0244309741104585 -0.0346757156395706
0.0357984856439922 0.0742109218425767 -0.0356694364717126 -0.0172462380394823
-0.0043856611463466 0.078960074594204 -0.0465346132730168 -0.012985686806789
-0.0398479553186479 0.0762754040934428 -0.068262847313927 -0.031730651883195
-0.10403079746883 0.040146640294708 -0.0526187579113598 -0.0688505919349067
-0.11851384222619 -0.0299909988250294 0.000460845583779215 -0.0912025468643065
-0.0650413756093945 -0.109584324580078 0.0156719446630042 -0.0681992569386309
0.00273096329621458 -0.160417983195662 -0.015499999446294 -0.0344746643980497
0.0360126407412798 -0.154026631350247 0.0264077256630757 0.0457001841917676
-0.0171991051276653 -0.157410345662142 -0.0602703803794231 0.100869798597584
-0.112063695125467 -0.108754675467221 0.0141332105234947 0.174607924374252
-0.149088111311825 -0.0135838485467651 0.116746705248597 0.124808072317554
-0.0858394173336156 0.0782920291292997 0.126246987603344 -0.0073466177703016
-0.024013621437908 0.0892299447384441 0.0606332424362918 -0.0501135055006239
0.0191761102572199 0.0941546496722302 0.0101864193437694 -0.0419948530689019
0.0416671912140189 0.0813646657858003 -0.0122696764618968 -0.00717237919430035
0.0443574104582248 0.0813549688139381 -0.0244656021363568 0.0125198838045969
0.00360147833357193 0.0862406069227099 -0.041138833463932 0.0180255222384414
-0.0361285861080837 0.0849722986890373 -0.0734889848689255 -0.00320684740640876
-0.109626126469522 0.0466427662631976 -0.0664002927009418 -0.0474644312713664
-0.124128844773717 -0.0328386802041012 -0.0160236795993244 -0.0776789014660341
-0.0613743911948976 -0.115042782087665 0.0117009660845702 -0.0513463149406925
0.0172624538647267 -0.159451560731135 -0.0250478739080899 0.00774544841069443
0.0539971697599943 -0.130192296268391 -0.00104153690573056 0.0899724213497597
0.0121515331614603 -0.156860044685482 -0.0802075017725165 0.122668145788376
-0.0925680289827888 -0.128469836053943 -0.0194527045346981 0.177845669568516
-0.150541634189337 -0.0336465827889826 0.0808303537407197 0.142285591942821
-0.0944601187417354 0.0720188113237858 0.103098031271807 0.0269820286668032
-0.0259144262675335 0.0877640640089161 0.0534999003228589 -0.0098658014986681
0.0178390723774935 0.0924003529032906 0.0189344259275971 -0.00673615418855884
0.0418239918138647 0.0796316360072503 0.00147630457435088 0.0196660510588583
0.0465822115678249 0.0779248977555963 -0.0110455383362503 0.0404038472419537
0.00957336989228154 0.0828952769534291 -0.0335103314507803 0.0471282784005792
-0.030558652214652 0.0828532475372891 -0.0744612380301029 0.0234337244428533
-0.104490635626309 0.0436805294114553 -0.0747483151313824 -0.0272271127473954
-0.114759006762754 -0.0369380639371057 -0.0276167639166226 -0.0633771605138325
-0.0459726752809854 -0.111325326734097 0.00920472688845062 -0.0349077502546958
0.0342006992508156 -0.138006762485128 -0.0331948231093083 0.0461619114634164
0.0601155614956416 -0.0820451809894187 -0.0261946935281182 0.119069295658343
0.0331461856011449 -0.122757607365835 -0.0914488101307935 0.131841458443556
-0.0590832820276901 -0.115083816838308 -0.0453714686047183 0.162551197126663
-0.121104573009683 -0.0409437643109734 0.0423205447022678 0.141407901514986
-0.0806395719018507 0.0555156060346366 0.07198608081175 0.0533933196978926
-0.020846797778322 0.0709481344029484 0.0433732926415763 0.0263866399499667
0.0147829744065509 0.0741684534131512 0.0258848222234965 0.0259372299091247
0.0355152948099859 0.0654519995297849 0.0144106521358968 0.0431450189594705
0.0409600282164447 0.064018303745638 0.00179739503789073 0.0646559559125645
0.0119750085165452 0.0709850877977126 -0.026722884958573 0.0713493726374038
-0.0247666015619312 0.0718776808140055 -0.07556529616787 0.0446405061300856
-0.0911606370655658 0.0339859498908164 -0.0803083839841101 -0.0120637572854873
-0.0945178974904542 -0.0410396185509807 -0.0368475341755967 -0.0522289569781365
-0.0231104191263911 -0.0979294579177708 0.00746810001520151 -0.0213004118046097
0.0505959790645159 -0.100163338516647 -0.0428787961630646 0.0759453032823423
0.0532272938300004 -0.018558192856308 -0.0387533475415211 0.128417106800453
0.0416230103632984 -0.065624661706821 -0.0887302627276852 0.128356105233798
-0.0235731761809521 -0.0739266939024587 -0.0581685342163482 0.138847113420445
-0.0714299604577979 -0.0309981923410659 0.0143332392725857 0.130067039543342
-0.0494293724907089 0.0336640781522027 0.0484482325729449 0.0712112380437045
-0.00874033357159405 0.0429397826125948 0.0363582541752613 0.0517249289301286
0.0116534284447632 0.0435416120784954 0.0322252942506164 0.0494030287689906
0.0245802932408754 0.04087556531605 0.0251479395583496 0.05910474520538
0.0297859036843752 0.0415933933158204 0.0111991392857389 0.0826343758924601
0.0126497057844473 0.0515923936571542 -0.0235413220418104 0.0888502008921278
-0.017131170102601 0.0545705844449647 -0.0788431370815834 0.0604173640774097
-0.0695900897060026 0.0215046030712069 -0.0878609115081293 -0.00299445137220459
-0.063984798710659 -0.0393609896434645 -0.0467677127011287 -0.0470649381181741
0.00147884379533769 -0.0734794561432393 0.00425982478081172 -0.0132730703967664
0.0601665848165914 -0.0494470729846109 -0.0541114123080323 0.0953427908475709
-0.0458995835617294 -0.0105117466166978 0.0612053978293673 -0.116352857907763
-0.0146593980205808 0.0382181478287726 -0.0132027136877925 -0.0122861698887934
0.0235269543875203 0.0332358598449192 0.050395167147771 0.0640211251545728
0.0348951681941218 -0.00957388482774662 0.109166163667282 0.0137995568220445
0.00450907893171257 -0.0260045197891087 0.104420012557723 -0.0717286317240477
-0.00940982656392427 -0.0158522970134709 0.040669287659813 -0.122111262628363
-0.00628492138197062 -0.0135931934917599 -0.015609275297614 -0.108833836648831
-0.00565231157126018 -0.0117663114345285 -0.0358529458429489 -0.0787260620094756
-0.00254581159985803 -0.00764961938512751 -0.0396627788987642 -0.0694466215281789
0.00164344891212811 -0.00289612144188241 -0.0399753881508312 -0.0748887266986798
0.0100744358117336 0.00365015156914561 -0.0342284096967845 -0.0860208325562024
0.00556708498099933 0.0198236074544188 0.00609235850761439 -0.110886113071515
-0.0235654571908557 0.0319846969106664 0.0623328047112438 -0.121775169654813
-0.0463688249198824 -0.00321655080521337 0.0690527509802198 -0.105999035128671
-0.0446344345539971 -0.042024380616245 0.0327915693434757 -0.126149412274813
-0.0359535883520249 -0.071556359802321 0.068484055338692 -0.0929093722328968
-0.0361551716929206 -0.0153865902396186 -0.0135328019847178 0.006860829633218
-0.0254229503629137 0.00810154624115111 0.0599567181580502 0.0881923552428562
-0.0129875221099672 0.00277204509749241 0.129824892222954 0.029100726270842
-0.0129470737824863 0.00672826137407088 0.118757772019753 -0.0757802118215466
-0.0101182603421887 0.0161456638214022 0.0469140719750266 -0.125467492656145
0.00562276897235357 0.0218490122912495 -0.0150390199843159 -0.110242845710113
0.0109591501553938 0.0220071748994907 -0.0380676198946833 -0.0743737602146658
0.00860339512745565 0.0288307213150028 -0.044363208929369 -0.0636809874456093
-0.00972483541455222 0.0336960249748875 -0.0450288487847122 -0.0657871106312196
-0.0217515995932226 0.0306901551997306 -0.0443068345675419 -0.0789063716821316
-0.0483935695465577 0.015428405037124 -0.00926957999793231 -0.103461783642832
-0.0628985769612747 -0.00766099617785936 0.0464793092039173 -0.114966495506231
-0.0482996895445188 -0.0581438334390574 0.0488505020406774 -0.0999833296915188
-0.0239670116875779 -0.102017237133669 0.0183005882381941 -0.109898526061653
-0.0141152467215433 -0.123362940866508 0.0659210467126824 -0.0551980291303008
-0.0459641281411804 -0.0770741712587146 -0.0236535574482546 0.0364761805815761
-0.0739607678466162 -0.0292185488943294 0.0590731873249825 0.124138037692465
-0.0701082914762078 0.0085487823422093 0.145493022501978 0.0592515420515796
-0.0376449319367624 0.0417150635490482 0.133600854567373 -0.0658712874639323
-0.0138834491066861 0.0495877597943697 0.0553883703576598 -0.115012454390196
0.0144440877295453 0.0563320506157716 -0.00950316292547762 -0.099423421188954
0.0260873710273266 0.0525018865864459 -0.0340012155902512 -0.0590331646993945
0.0225301568238359 0.0590799538621765 -0.0439258139482103 -0.0446634495291377
-0.011604324192011 0.0637636906743672 -0.0495991090728918 -0.0434006534782224
-0.0393452064217598 0.0584411860561971 -0.0602278756692187 -0.0598609290723444
-0.0890303594316726 0.0258040969085286 -0.0332428283660867 -0.0913878780907213
-0.0991387170100484 -0.0279471207292127 0.0234021086906825 -0.108578574393805
-0.0576259099152726 -0.096616228572861 0.0303420449826398 -0.0881502334137416
-0.0073921390808424 -0.145702270609378 0.000515019503162853 -0.077583636882425
0.0125001532259614 -0.155607488544163 0.0512521095873538 -0.00458615533831412
-0.0393082101836528 -0.131996908364443 -0.0414198778242255 0.0715918831730128
-0.108684201696888 -0.074199859745006 0.0427828097555454 0.160379307939695
-0.12385989225127 0.0034229283916093 0.144809928981547 0.0977965307441041
-0.0661321799760906 0.0691657129250436 0.140214284348034 -0.0410819824427769
-0.0201936749455634 0.0776299803756751 0.062215913187818 -0.0893373506869224
0.0195379407161191 0.0838452960872383 -0.00050072226206138 -0.0760056392447765
0.0379430347192192 0.0747947409307941 -0.025206040634519 -0.0357017363910929
0.0363635605677079 0.0779185985283883 -0.0372841066658218 -0.0169703629476995
-0.00539309099281734 0.0834764761195309 -0.0496674474070375 -0.013263068356314
-0.0427105999613289 0.0795716753679831 -0.0728392734409136 -0.0328086796040997
-0.110524961419634 0.0409724596142784 -0.0560247594190809 -0.0723639741778607
-0.123431016065995 -0.0331309037572013 0.000385662941558098 -0.097864084949764
-0.0658405514975028 -0.116062337502305 0.0179533645511849 -0.0724839331736347
0.00479066909060626 -0.167968019482062 -0.0144239759599388 -0.0361042119217927
0.0404228567385167 -0.160479503013034 0.0260713127818376 0.0481522946626561
-0.0154008835078062 -0.165549360044521 -0.0647431933221732 0.104336020905391
-0.116594685289829 -0.115843725037917 0.0123908657547198 0.184006500423955
-0.15780027133304 -0.0154797759395453 0.122903406495306 0.132060760720039
-0.0907663285095865 0.080958182819408 0.131338375416224 -0.00636961143391083
-0.0265579618841418 0.0932374157268185 0.0630465553873607 -0.0516883146940993
0.0201738950350099 0.0984715173676979 0.00990743750234598 -0.0428883657913612
0.0444721693096928 0.0857656593100678 -0.0125168668077138 -0.00707350876211774
0.0455047246028803 0.0853201934544088 -0.025452541422981 0.0140284827763807
0.00298669150385505 0.09087513777456 -0.0437133128564071 0.0195793802423262
-0.0385322511318344 0.0884693555790252 -0.0784261635088324 -0.00227189606181289
-0.116081402493827 0.048541218767732 -0.0709774753069515 -0.0497483473610282
-0.129843321369747 -0.0354912678542171 -0.0167938587667624 -0.0828622473817246
-0.0622024991869628 -0.121217544833029 0.0128440901279603 -0.0548114882478825
0.0198450971897984 -0.166477875585191 -0.0250377972453682 0.00794916949820183
0.0594026166524394 -0.135677133028903 -0.00340789405012791 0.0937044789397165
0.0144944913534093 -0.164706359979472 -0.0855534563430567 0.127616519833109
-0.0957893035605652 -0.135784481824004 -0.0227192682891762 0.18748101627836
-0.158544544802451 -0.0364938473959012 0.0850659420707254 0.150146753146307
-0.0990528524766018 0.0746489352065689 0.106174708646253 0.0287461311215972
-0.0287996141387191 0.0916440915010491 0.0563494737787914 -0.00970848217214648
0.0182241435178087 0.0969701100794604 0.0192021061666136 -0.006009590823038
0.0438917853256322 0.0836783860602973 0.0015347767120218 0.0215477818566008
0.0475452969559116 0.0805420145676367 -0.0120447668284023 0.0433650527985079
0.00919850390314045 0.0869440211028459 -0.0355805601498246 0.0494939129765097
-0.0326310288295197 0.0857963247918407 -0.0795874438064709 0.0248108273165937
-0.109882213991085 0.0450567638891831 -0.0794437399644784 -0.0285141688337127
-0.119782249687677 -0.0393801846545883 -0.029185322693908 -0.0677250137601267
-0.0459111026693892 -0.116595435875273 0.0103252672676715 -0.0379271226016715
0.0374617391763629 -0.144217674077321 -0.0346112277870726 0.0477437551397587
0.0643230730151408 -0.0852074596223834 -0.0299168881987813 0.123821537243783
0.036532112871347 -0.129095551372335 -0.0984577237818047 0.137211709068443
-0.0608286384113788 -0.121366206362811 -0.0499496009222619 0.170864783190977
-0.127022705610997 -0.0430883847984824 0.044038808812918 0.148920015158576
-0.0846792174544307 0.0571881984749276 0.0748603402095721 0.0563471923181463
-0.0226781655845309 0.0736713208841186 0.045409116306694 0.0281762307935477
0.0156001462609608 0.0774841247497229 0.0263178898458183 0.0277602194372747
0.0372923966931396 0.0685352853764426 0.0142555465824909 0.045884805214139
0.0418000105140233 0.0664600453748736 0.00135089376568123 0.0686825443716976
0.012338849015276 0.0742400804430725 -0.0285794082931081 0.0748078405795534
-0.0259842548630698 0.074377596412346 -0.0804508348492781 0.0473580567950553
-0.0956773333713971 0.0352983061768317 -0.0857809738169796 -0.012612430387095
-0.0977739243119919 -0.0430947425816519 -0.0391654656267738 -0.0558323560718645
-0.0224742851183742 -0.101971958360659 0.00792684157261881 -0.0234042528707742
0.0537692709422586 -0.104565873740415 -0.0453543918829405 0.0792213223236276
0.0562979014096425 -0.0196484371498091 -0.0443352706520359 0.133642543343564
0.0440749647514597 -0.0687880565641494 -0.0957117745178827 0.133951813845072
-0.0242719290155834 -0.0773020214746021 -0.0625368899221215 0.145509109387607
-0.0750900593246945 -0.0319457940422867 0.0153002775213384 0.136422046009983
-0.0506344003752764 0.0348514204890559 0.0498958481418672 0.0745773315556315
-0.00922197200840839 0.0439786569219296 0.0378035038608019 0.0545649685890423
0.011871014172623 0.0452445317389295 0.0328014806088714 0.0518983855401725
0.0259011580541422 0.0426026951387724 0.0250199939176454 0.0624890865937972
0.0303946994742439 0.0428328710641976 0.0108356824066361 0.0868120402180298
0.0131643463332813 0.0532664343359709 -0.0254976904153024 0.0924701084359553
-0.0174575294243847 0.0565660784101979 -0.0841496688444988 0.0630638480942098
-0.0726633595685828 0.0226784749220471 -0.0933421235909147 -0.0033957375992486
-0.0664801264834146 -0.0412596606382786 -0.0493192269595307 -0.050478985004286
0.00256830231893163 -0.0761633625684747 0.00440587964190143 -0.0149219973743923
0.0631221283931693 -0.051619366020312 -0.0571881358911655 0.099407955517202
-0.0495588803881868 -0.00744953542019809 0.0595977781148831 -0.128829834545324
-0.0108072576490366 0.0403871466696719 -0.0178823908977937 -0.0129094272147541
0.0293565940578432 0.0313973122470156 0.0549751243408223 0.0662306378531216
0.0360146704815191 -0.0160232062540877 0.117295596635032 0.0110736444768242
0.00178878490877233 -0.0286519929140215 0.107373149820776 -0.0839969704940357
-0.0126305626785123 -0.0164138843500714 0.0342428612233879 -0.132098683778421
-0.00937103097159991 -0.0138665342311075 -0.0244417790530443 -0.112612918429874
-0.00747057556115604 -0.0113051410062987 -0.0442292053433422 -0.081460457282483
-0.00361409607515965 -0.00686060553435372 -0.0482379105615708 -0.0718261616572401
0.00156610492147055 -0.00230913066822709 -0.0494354264282124 -0.0773523485584615
0.0117587865628224 0.00160423535534381 -0.0440873499660299 -0.0903411233964458
0.00943848727593459 0.0206268298954909 -0.00198768768314661 -0.122563047516533
-0.0199517666670128 0.0370397012109 0.0593310603461011 -0.139600993100374
-0.0477151980270442 0.00157472525389852 0.0724032831754897 -0.118953823571844
-0.0491637286300659 -0.0417858188172239 0.032597961220263 -0.133538064379552
-0.0450237370341864 -0.0721192362666197 0.0734691784064125 -0.103313650042797
-0.038599253230955 -0.0125816384872482 -0.0133114630337899 0.00608759999419441
-0.0244496474258521 0.0107069026392702 0.0696704224540454 0.0874301231454311
-0.0123122937628037 0.00279925619845025 0.139823859281663 0.0212962276169076
-0.0125523513742468 0.0066309168324786 0.119438573265923 -0.08973171082092
-0.0111059994884356 0.0166694098824033 0.0383085907052837 -0.136043761498401
0.00765267281911245 0.0224199249017043 -0.0270247704324051 -0.115067493527674
0.0125167539877992 0.0226672509320304 -0.0459091847492745 -0.0755041132098299
0.0116968111339377 0.0300345085252634 -0.0530784731077408 -0.064066965608674
-0.0067134497394509 0.0366327299227856 -0.0550060028252741 -0.0681873339658864
-0.0190863694454742 0.0333407645031988 -0.0544513191209597 -0.0823161497294048
-0.0484491515284495 0.0217705553612842 -0.0167506205998667 -0.11407525889042
-0.0647686754425869 -0.00199241375798475 0.0448393377321207 -0.130706110261416
-0.0539910469038765 -0.0583423585928625 0.0481018984726058 -0.107829631328756
-0.0306049396187941 -0.109072397775283 0.0138035474788034 -0.113370900510427
-0.0280055355964958 -0.127297810622449 0.0759564824016033 -0.0608351084489909
-0.0543531269771161 -0.0748219221258991 -0.0184840238972592 0.0374640328643376
-0.0783222181914357 -0.0228023357534396 0.0747177629463018 0.121535825159468
-0.0707660892802366 0.01647835328341 0.158992622649062 0.0471580978161681
-0.035136317298282 0.0445325636054778 0.132359676089958 -0.0820487157560413
-0.011935735670762 0.052152843575919 0.046517922693587 -0.125767230167514
0.0213029915183435 0.0577989054577594 -0.0223210305694143 -0.105378992365098
0.0312790076578033 0.0532718288050722 -0.0407706185031816 -0.0583362536746159
0.0292977240634302 0.0597240773809089 -0.0510896567136073 -0.0436305714238724
-0.00586174737294116 0.0691389220608471 -0.0586222105481618 -0.0439486279685293
-0.0347018819260491 0.0644004030276625 -0.0708391325518786 -0.0607603354899535
-0.0906721446841579 0.0363016773788318 -0.0414657385485315 -0.0999700878514496
-0.105490661050324 -0.0206109135040962 0.0213816349045249 -0.121604689254709
-0.0675323725480065 -0.0992828274261651 0.0280148531948186 -0.0915028361900977
-0.0165358103684594 -0.157212027380971 -0.0066454347453897 -0.0754734714856727
-0.00234026670986314 -0.162872137298302 0.0649510329948375 -0.00501857463099904
-0.0525014715026793 -0.132012754798701 -0.03145945194896 0.076568653542919
-0.119294334883778 -0.0657244464419468 0.0640232854989902 0.157901279771362
-0.127394041713243 0.018040140903784 0.163285944690656 0.0828899901733675
-0.0616426728121113 0.0758239326093848 0.138837409935781 -0.0584608866873549
-0.0160430293290303 0.0818300032704663 0.0547049945044346 -0.100041356766098
0.029925548093227 0.0861697620832522 -0.0135729365562941 -0.0823480413941681
0.0453500747216025 0.0750715296554909 -0.0295334679576362 -0.0338527337094932
0.0456670191356528 0.0779266974916003 -0.0417917497843019 -0.0142270308065699
0.00272751113228927 0.0891379906463941 -0.0563994251599155 -0.0115864078456795
-0.0369957873534787 0.0863352844453521 -0.0829025763789477 -0.0303265847035545
-0.112009599270516 0.0539821083467136 -0.0647502042150211 -0.0775137179180062
-0.131650168416161 -0.0239433028285722 -0.00215769032663638 -0.107830669723151
-0.0774885659941046 -0.118888943242235 0.0149437385696107 -0.0732590913565791
-0.00512610626890657 -0.183238922665134 -0.0228879297750138 -0.0292371590294612
0.0261081982484321 -0.170557035296299 0.0410323128819058 0.0535545176478786
-0.0310358274486571 -0.168903855148155 -0.052129925163373 0.114131483222976
-0.131456419100156 -0.107716757641979 0.0371357531578665 0.185170559823127
-0.16435561088531 0.0026597442590363 0.144302169547679 0.117740555457313
-0.0849964561184882 0.0908702391936014 0.13161316169836 -0.0224391789180759
-0.0211405237528667 0.0991528876001762 0.0577045899936918 -0.0606006687184833
0.0323033033972673 0.101772059429836 -0.000904561817018687 -0.0488873175920421
0.0527621187149081 0.0861978472898364 -0.013786187228065 -0.00445531789426491
0.0556394626634741 0.084318905966948 -0.026368877443511 0.0181781173292278
0.0121410670166082 0.0955878056159733 -0.0473866641262366 0.0232089356166521
-0.032224169600117 0.0948481849963498 -0.0871095694817686 0.00250787541669979
-0.116426157253387 0.0623350670900091 -0.0799526661733854 -0.0521292275133849
-0.138432899377864 -0.0258851629002278 -0.0194759144128507 -0.0900483410106612
-0.074778696084324 -0.124560767316729 0.00953954165262879 -0.0531634303877118
0.0100780007634637 -0.18318081854667 -0.0334293828497675 0.0181385183575252
0.0492643721214378 -0.146693654003198 0.00918815585455928 0.104436607799688
0.000409468087036137 -0.170408016573994 -0.0734993160507081 0.141858104381393
-0.112864766608103 -0.130141160040259 0.00220163662516519 0.192554674637233
-0.167964402149979 -0.0178247879276117 0.107005412570188 0.139571201370739
-0.0937843537641909 0.0864220762087208 0.108091238010552 0.0153095465324325
-0.0225527902785934 0.097097255086935 0.0538758246656805 -0.0157548595617222
0.0307288950688096 0.0996113741691918 0.0122666857328526 -0.0110437318255265
0.0524898013912056 0.08367656279296 0.00220956041909793 0.0246692415498909
0.0573231917773835 0.0797291636551108 -0.00942921658745156 0.0485416887661589
0.0179450431664415 0.0902310661658184 -0.0364759283341879 0.0550525593032726
-0.026420081165861 0.0911332837126413 -0.0864555114729363 0.0327099206139941
-0.110682400249658 0.0582552220452447 -0.0875634295998016 -0.0278612190720255
-0.128789619558565 -0.0311258330490364 -0.0321737104719031 -0.0721704340943415
-0.0577316005039061 -0.120919093989754 0.00711627871056708 -0.0351976907458372
0.0299055194023306 -0.160639855289837 -0.0416311299950229 0.0591174562400003
0.0597009414980129 -0.0945744215526914 -0.0216873658004002 0.137976742872091
0.0261609817091943 -0.135959490666486 -0.0885835461674897 0.154064302741519
-0.0755003721359634 -0.118129374123259 -0.0297572043024003 0.179757552320247
-0.135670882031409 -0.0271349484924601 0.0642094894883681 0.143364525738234
-0.0798335496387112 0.0674223249221702 0.0775486456225531 0.0479665766750253
-0.0170797936385234 0.0781772534592763 0.0461288571247785 0.0252781645759621
0.0260512736707082 0.0796889430489991 0.0241127816864077 0.0244167173357338
0.0451737102095337 0.0679848659870153 0.0176463479249659 0.0489063802448263
0.0501494279909017 0.0644971317443031 0.00593090556480945 0.0739609112499652
0.0199238522493178 0.0756073267682608 -0.0273094356084836 0.0816274089996543
-0.0200387573719036 0.0792811347329279 -0.0857757310133455 0.0569443564801896
-0.0962397546231884 0.0465145279874835 -0.0930642755822073 -0.00956151409735928
-0.105836887465413 -0.0368161712794701 -0.0428466733083225 -0.0578148666245889
-0.0313547621570822 -0.106937140490558 0.00464725031352181 -0.0213354323742793
0.0496394107572792 -0.11865417166238 -0.0508589514460544 0.0913127759681454
0.058196157515445 -0.0259010414501351 -0.0420174758719612 0.147655228113565
0.0395110782449157 -0.07368792494533 -0.0905148425561177 0.151074354454096
-0.0330138573094167 -0.0757523158166323 -0.0493626944549786 0.156728265890544
-0.0803743166664871 -0.0215549884190333 0.0306624229521132 0.136155009200619
-0.0466844069980925 0.0414402566090456 0.0546675000103661 0.0710612032135955
-0.00495855449472142 0.0461473839233284 0.0417762127395852 0.0542245925047553
0.0184563907742976 0.045985520581843 0.0352067527668649 0.0504766498664078
0.0311989856063395 0.0420466885827841 0.0301233032478862 0.0652202765299918
0.0362296331004403 0.0406699543968459 0.0181495086175839 0.0930243766019298
0.0186173299557439 0.053536506992236 -0.0215596811866345 0.101524718768141
-0.0131282514799961 0.0589960792375603 -0.0875107502922291 0.0747123375725643
-0.0730644353603633 0.0302802708140842 -0.100477275080158 0.00123616496444059
-0.0725536707391964 -0.0374516484090711 -0.054366907084578 -0.0511175302997625
-0.00278830756207064 -0.0808475424637189 0.000732496411635443 -0.0135199642417827
0.0626327088156019 -0.062138388412934 -0.061566698845651 0.11027525332377
-0.0523949836709956 -0.00643087481466099 0.0568159446439164 -0.138245339344692
-0.00956958454180488 0.042055939104604 -0.0205081051468017 -0.0121584951396738
0.0318884067200489 0.0313314006890026 0.062210528736955 0.0685920528272701
0.0362700397092634 -0.018685175847084 0.125185762467407 0.00603416857642522
0.00017781481396268 -0.0293129160214281 0.109718854231888 -0.0937408180084088
-0.0146487804777767 -0.0152811161306782 0.028120007147074 -0.140606930575129
-0.010066193805284 -0.0134090945447911 -0.0316737826289398 -0.117415134022644
-0.00885643901285106 -0.0111493951526263 -0.0496113936299317 -0.0836709785784917
-0.00415759104171342 -0.00649319977391276 -0.05467422431143 -0.0730556024727608
0.00149048232759201 -0.00223323590012179 -0.0561155382002168 -0.0786656295984195
0.0116569166531865 0.00120087991465277 -0.0501251475322786 -0.0922671868383546
0.00979511066502481 0.0210653926563373 -0.00726575928156378 -0.129882887692428
-0.0182864448742218 0.0392442118998052 0.0552972231070257 -0.151239217548962
-0.0494159542362221 0.0021236035085004 0.0728112514466648 -0.128330949547891
-0.0536532616212073 -0.0413927604529638 0.0311520122919775 -0.143140555124862
-0.0499995782023565 -0.0740307232196435 0.0727992598410221 -0.11124160153159
-0.0403935969131322 -0.0130680529507024 -0.0150498486788759 0.00777118190538304
-0.0255215922181985 0.0113080812280685 0.0776706855323113 0.0905629135999337
-0.0142917942501329 0.00338658800437277 0.149553021298384 0.0160694629304153
-0.0143442243013218 0.00800120253890478 0.121701151816222 -0.0996862335358297
-0.0110284339443736 0.0197913539409803 0.0325570980369359 -0.144531776336001
0.00914847404548289 0.0237606926709002 -0.0340267577961343 -0.119124706812914
0.0146209175047605 0.0236713333384454 -0.0511978607819982 -0.0772813225991368
0.0137169906445293 0.0319870192761586 -0.0589410649836346 -0.0645177048309958
-0.00551663737210459 0.0400887274637109 -0.0619785883558628 -0.068238006624423
-0.0197344283751298 0.0364336828529734 -0.0610601023799877 -0.0830991592342988
-0.0514186991813819 0.0246563051689667 -0.0229084115199112 -0.119850208908827
-0.0678313059133511 -9.17819033930626E-05 0.0394306367644609 -0.14146563821849
-0.0586667237279627 -0.0606907925001363 0.0477738746146715 -0.11635195982416
-0.0364912649224329 -0.113465510922659 0.0122907962117796 -0.120321929313709
-0.034356750690168 -0.133279215832887 0.0773591590909193 -0.0673892718768163
-0.0596183104080533 -0.0772971078381979 -0.0187508048762112 0.0407159954085519
-0.0841431668300257 -0.0219387665793965 0.0847053192350529 0.12591836163468
-0.0753227986511857 0.02099782341035 0.171218248599608 0.0419416352129585
-0.0364011891692194 0.0491728098289164 0.13544534229841 -0.0921958989626006
-0.0107836936161739 0.0569080915245108 0.0422007524807695 -0.134169063578892
0.0252888646541724 0.0601427789735466 -0.0290306087539798 -0.107684734461394
0.0359164989602158 0.0548550904486615 -0.0448646799429582 -0.0596962254738798
0.0338141576372962 0.061984576207111 -0.0556288061303764 -0.0426332872581204
-0.00249691158391871 0.0744776046145229 -0.0647786307890535 -0.042712481242282
-0.0349315228209132 0.0695059295706251 -0.0780870807622557 -0.0594381261682646
-0.0952772011853474 0.0429836747349824 -0.049435428065639 -0.103503423783182
-0.111557600433407 -0.0179253749990579 0.0155855491158585 -0.131255732458261
-0.0742273318125533 -0.103535275736997 0.0265939250023149 -0.0988265599881991
-0.0242677416023969 -0.165365114058469 -0.00797355820372122 -0.0799310664233453
-0.00844817430560494 -0.171934002884712 0.0676771166348619 -0.00814657315522224
-0.0608054829083769 -0.138121917260136 -0.0306166345729996 0.0821616489373498
-0.128771260982425 -0.0647022585730912 0.0754074331551285 0.164502538629642
-0.134601916304638 0.0251923606774004 0.176722843805005 0.07966802356539
-0.0620380631417474 0.0833358609974082 0.143024010321386 -0.0672548081376355
-0.0133833097387992 0.0881824016395676 0.0522962005952399 -0.107612644665229
0.0355995738337926 0.0894348289841939 -0.0182676168612944 -0.0838909275361497
0.052412202374539 0.07744031979529 -0.0318580413985322 -0.0338746680697936
0.0515430741188017 0.0803939304185759 -0.044280265131405 -0.0116375934764878
0.00702448905316459 0.0944000271155899 -0.0607729622898165 -0.00876940528794916
-0.0355223490682753 0.093069215873628 -0.089736308314938 -0.0265275423327519
-0.116371119368707 0.0630414138987381 -0.0728325198709688 -0.0780030447301423
-0.139839248233544 -0.0200212173182608 -0.00876768294368239 -0.115019010802865
-0.0858143048368089 -0.122865201063946 0.0132574078019374 -0.0790878590721103
-0.0131429831180559 -0.193152551779548 -0.0235268738064195 -0.0303380443130958
0.0216638236634794 -0.180800383083414 0.0437369433081321 0.0545270024535643
-0.0395320843441344 -0.177326264364304 -0.0502229470930861 0.122413495940843
-0.143497100828797 -0.108265019159694 0.0478826332328166 0.194245743831172
-0.174589219812789 0.0114962799533851 0.158641619559702 0.117044386073757
-0.0859239335853952 0.0997497882880193 0.136271714748549 -0.0290181406070389
-0.0177467326297966 0.106230004004097 0.0579766926122898 -0.0664356622170223
0.0395445837491246 0.105586489825016 -0.0034250902588027 -0.0496623700381143
0.0609815507635502 0.0880356368596272 -0.0147708888979191 -0.00358671154014463
0.0624953041007816 0.0864736186072445 -0.0266208651103382 0.0217282577518346
0.0170304798665022 0.100309198638771 -0.0499284348954337 0.0274663238010801
-0.029898936789348 0.101095738786321 -0.0929167525345351 0.00900080336020356
-0.120451013143292 0.0721036625699276 -0.0874880166641692 -0.0497559062722316
-0.147021686213672 -0.0211980006799587 -0.026775506769847 -0.095808050423866
-0.0827381229583506 -0.129140361911868 0.00794478845796826 -0.0581193379111043
0.00270418492545457 -0.193637397665502 -0.0325894537935648 0.0200054422860401
0.046167892298461 -0.156726055711713 0.0126904525113685 0.10947477137329
-0.00663589704087479 -0.180533281803892 -0.0722005009985899 0.152069326563535
-0.125081626594143 -0.132131490382443 0.0106177126642598 0.203796850253612
-0.178269316294765 -0.0098050608767568 0.119811391278433 0.140968967136686
-0.0946505348157938 0.0951381990707558 0.113411644636145 0.0118174275214456
-0.0192819713749772 0.103645942624867 0.0559096230022124 -0.0189821064675252
0.037875799133275 0.103277962005605 0.0118843548806048 -0.011052714437191
0.0603136514012194 0.0854413676126779 0.00422085755882967 0.0263930344611263
0.0637331137500141 0.0806432092713375 -0.00764067796495484 0.0527374841934712
0.0233781870001971 0.0941869760388737 -0.0367081458551206 0.0602523873813133
-0.0234925375898886 0.0967963393332642 -0.0905505027667469 0.0401442791418755
-0.114321882186585 0.0677378712655541 -0.095173592711251 -0.024313327988869
-0.137062625403866 -0.026731458632606 -0.0391991703919858 -0.0759404559607426
-0.0650374233516587 -0.125088588028896 0.00596174632633013 -0.0392389582524546
0.0237255862411446 -0.170505510725217 -0.040108650894676 0.0642785022132286
0.0593770890595765 -0.103836996211361 -0.0199132522607306 0.146440954814144
0.0218518242298881 -0.144633506665881 -0.0878508028174768 0.165907327218179
-0.0850614571330126 -0.121160545106183 -0.0238490879382056 0.19184026496282
-0.145019985860447 -0.0218559645512345 0.0750212790345987 0.147386987951459
-0.0799540113109833 0.0743373974126076 0.0831697637251436 0.0472220577641732
-0.0143913365037827 0.0827843928446814 0.0501632680393875 0.0243521794189125
0.0311824261147212 0.0823164067165876 0.0263168560973494 0.025674446618038
0.0512361927329766 0.0693164874973483 0.0213840189651425 0.0514180244781784
0.0555626777435571 0.0650196182257136 0.010313129144498 0.0782423345195367
0.0247748810660625 0.0783253986742831 -0.0251434242345962 0.0875249380722815
-0.0176143723499693 0.0829437519090745 -0.0883489627523062 0.0657957741700444
-0.0992828030308294 0.0539833322375516 -0.0999047120036438 -0.00486551670138611
-0.113120293831818 -0.0333374004665794 -0.0492139112975221 -0.0599993122563736
-0.0371858257465513 -0.111210972851629 0.00352049750070857 -0.0236835337408796
0.0457812834662102 -0.127858888580194 -0.0489098139134995 0.0983027772827847
0.0602441387832101 -0.0308689390224079 -0.0409069697085345 0.157456604348123
0.0384274960389548 -0.0800366091205603 -0.0899259934604797 0.163328788602495
-0.0383980676815528 -0.0776520876461992 -0.0454475859836272 0.168481731688285
-0.0856134652707854 -0.0182622265616288 0.0393871115058288 0.14153193236338
-0.0462782618615173 0.0455615403302457 0.0605805474645375 0.0717292383432762
-0.00308564184500834 0.0481430895280208 0.0466984362616072 0.0549775035145126
0.0220332349978037 0.0472162290994697 0.0391344094530126 0.0515283536456558
0.0350423263096007 0.0421642325110872 0.0346594549080355 0.0679811246707317
0.0395726336177667 0.0407349470513101 0.0237353709479487 0.0971149297954586
0.0227501869450534 0.0548848273212267 -0.0186023056276314 0.107257565854664
-0.0105980835286335 0.0616654501430068 -0.0899388420268713 0.0838307117324278
-0.075083724712418 0.0365045801723299 -0.10746612320842 0.00668329256635969
-0.0777683317108934 -0.0352437641804957 -0.0609478299190932 -0.0521018784742602
-0.00615514477362628 -0.0845252537334649 0.000483925845661696 -0.015633701529909
0.0621072248031898 -0.0684911997528232 -0.0595368306709592 0.118576686479113
-0.0539375004724506 -0.00396923580747276 0.0516118961174151 -0.144421500446394
-0.00776511902951675 0.0426517910810098 -0.0227121856194887 -0.010484690239313
0.0341377651127866 0.0294684035624891 0.0686572847145523 0.0683497585200955
0.0344109308826004 -0.0206831147651245 0.130566984321809 -0.000700289296075222
-0.00212175119771822 -0.0287084677531615 0.107522162913802 -0.10287197257163
-0.015269433095045 -0.0135872282728828 0.0206168683905015 -0.145486186185076
-0.0117346278323055 -0.0121672720379127 -0.0392603738686058 -0.118863418438327
-0.00941674699240278 -0.0101368294614553 -0.0554993774712112 -0.0835528484279495
-0.00456751806679793 -0.00537250192119307 -0.0602448125532766 -0.0714845669304624
0.00139182279845468 -0.00157114817787302 -0.0625727475273465 -0.0770632874105916
0.0116191728154801 0.000405675626920266 -0.0562627567510948 -0.0920254319710276
0.0105092107557099 0.0206251002127562 -0.0147353661666766 -0.133617822859929
-0.0156470893999773 0.0405099423586487 0.0475393102778788 -0.159010343865865
-0.0503795000181219 0.00367658023686028 0.0701371363271872 -0.13561676414234
-0.0567308580880169 -0.0396293899039257 0.0278109521922714 -0.149744727410051
-0.054850028280574 -0.0739143189929768 0.0692066486267391 -0.118582447437941
-0.0418859691354981 -0.0122609640299925 -0.0160084123392731 0.00910599703092038
-0.0262206753429996 0.0121830555242875 0.0862072996957684 0.0896874028933121
-0.0160570120541215 0.0047156078444738 0.155894216340733 0.00833448773989266
-0.0154096261440327 0.00995399383409486 0.119397235354331 -0.108926460075829
-0.010404722337436 0.0225109877233656 0.0247854760774452 -0.149431947386525
0.0111275805832065 0.0243367573757608 -0.0419379444377382 -0.119281435668273
0.0167720496063838 0.0241583573236008 -0.056688232143578 -0.0763569781913238
0.0161902365687864 0.0327483235138242 -0.0642753823672559 -0.0618598406825805
-0.00352821260821727 0.0424394172592105 -0.0678681657452703 -0.0654996845155441
-0.0192152803508436 0.0386808873340617 -0.0674309648068635 -0.0810480107061157
-0.0527745015633121 0.0284251871030666 -0.0303688682757628 -0.122343395605945
-0.0689372276197606 0.00245361733528456 0.0313541100836059 -0.148969987443545
-0.0626426447519539 -0.060915042200303 0.0449128911276885 -0.122446434472778
-0.0429040811283532 -0.114313425872825 0.00915466714700197 -0.125311080073686
-0.0414950891056482 -0.135296935045672 0.0755479680873902 -0.0730875488947049
-0.0646345418617466 -0.0772944715529161 -0.0177177387718619 0.0431758178289306
-0.0878588539599061 -0.0184923733809089 0.0949592494636042 0.126028977905886
-0.0776991914498616 0.0259369054375187 0.17935587683799 0.0334280979699854
-0.0354580385794689 0.0527987578562357 0.134013565554418 -0.100723151507528
-0.00780995671246282 0.0607302425824533 0.0353247834595564 -0.13921850217528
0.0293319863861354 0.0609658744813068 -0.036024945480613 -0.107309370771744
0.0409451178428647 0.0544767517790422 -0.0488962647898574 -0.0585600274112146
0.03825072801774 0.0623667316653519 -0.0592646535741017 -0.0389527010598446
0.00132152604654187 0.0772723662906657 -0.0694874728768394 -0.0389486153258206
-0.0329393790742489 0.0739591939943504 -0.0841816206292555 -0.0554167390016587
-0.096835539096326 0.0500893780139843 -0.0566858028690248 -0.103972030736197
-0.115731061639748 -0.0130526425224892 0.00728274217238245 -0.137282818437057
-0.0808586781169965 -0.103899660336508 0.0231912820228711 -0.104279462608905
-0.0328298863210928 -0.169040211882694 -0.010272696635465 -0.082261071704651
-0.0167878265548682 -0.17678820561674 0.0684050464855064 -0.0118286307364381
-0.0682554225123923 -0.139765225068314 -0.0283652442107404 0.0859203259967866
-0.136113050638199 -0.0608343716094433 0.0865477952070399 0.166715891894402
-0.138194618825076 0.033840065127509 0.187116488638377 0.0718975071968892
-0.0601921816954934 0.0890195807118071 0.14271225696674 -0.0754368068779212
-0.00883896840755694 0.092970593909583 0.0469723060519186 -0.112465339103454
0.0419911571858713 0.0902027344483729 -0.0230497539302331 -0.0830493424763586
0.058782082824925 0.0762693804096044 -0.0344328673765579 -0.0322253056541632
0.0574108338760148 0.0800016663964097 -0.0456847731620195 -0.00804399093648872
0.0126137875312867 0.0971638840619227 -0.063366076239732 -0.00378904348572358
-0.0319972882473955 0.0975928287929543 -0.0942760620972035 -0.0201120026495137
-0.116941568002406 0.072334760462167 -0.0800956567132609 -0.0759135961464671
-0.14474725040929 -0.0133720983852522 -0.0174458954910094 -0.11980929702931
-0.0937229164091645 -0.123567345696219 0.00982228940145336 -0.0833940857366405
-0.0233905258481147 -0.197657767793131 -0.0236327121391452 -0.0309449420188959
0.0144277064649396 -0.187893075690697 0.0466341134990793 0.053803413569697
-0.0490730470172104 -0.181080054220916 -0.0465109166478658 0.128136152913344
-0.153790849907752 -0.104373379131059 0.060052283540068 0.198565222263007
-0.180140428438527 0.0220642993872602 0.169741253593388 0.111234349396691
-0.0832344934368562 0.106806348278975 0.137493287850156 -0.0365271232111417
-0.0125481381321495 0.110453130579847 0.0551991370559705 -0.0709120887156072
0.0471903185508875 0.10600280398208 -0.00609149555213328 -0.048959859390575
0.0683866119033229 0.0867666683326131 -0.0149737092243757 -0.00221665702180213
0.0685402328648259 0.0852898242721947 -0.0257139540185829 0.0250353238548578
0.0231389379386095 0.102814343045123 -0.0501833157995015 0.0321435039871387
-0.0259232129221909 0.106118626980908 -0.0950496899181928 0.0165732220432084
-0.120650649586227 0.0815697755461483 -0.0940454396454658 -0.0455592579059521
-0.152665976892693 -0.0146557910487365 -0.0348218351915162 -0.0979073785044505
-0.0910094313724058 -0.129074058597321 0.00489983120436171 -0.0611662024775944
-0.00782402143695821 -0.199286424570648 -0.0311394076010585 0.0218359356236681
0.0407028223010584 -0.164390945184855 0.0160535922925736 0.11189930044038
-0.0158595261512706 -0.186486680638818 -0.0668805861308942 0.160226298765873
-0.136229797769911 -0.129555834250863 0.0214775932092902 0.210265721303907
-0.185212498477819 0.000168681511536269 0.131730942236438 0.13820828519666
-0.0921092766822092 0.102347258190587 0.115979004049392 0.00653672896107977
-0.0145883642636095 0.108032342804439 0.0565934297996451 -0.0226177552003974
0.0450917396225503 0.10303984491896 0.0115361167723955 -0.010104430864086
0.0680101373499059 0.0835125953339735 0.00541879002658656 0.0274233170151412
0.0699810883552421 0.0789369341669519 -0.00464309962282871 0.055462734416763
0.029385208087935 0.0953140876314894 -0.0345898249724876 0.0645770530482169
-0.0194284085872628 0.100848078969342 -0.0910385188036937 0.0487504154545998
-0.113907697732129 0.0766849184768798 -0.0998245116477842 -0.0187918011557698
-0.142105039369769 -0.0199917768629189 -0.0465183930532851 -0.0770912727002064
-0.0722685076879621 -0.125484757389763 0.00365552493543714 -0.0418527191546479
0.0145566152817821 -0.176860721037414 -0.0369658950452267 0.0676840224217529
0.0559564876849926 -0.11042764909641 -0.0154508655537218 0.151667046692537
0.0148741397594998 -0.15074580882706 -0.0827061003442112 0.175560308420322
-0.0939948698630579 -0.120170995828356 -0.0149712511887717 0.199236288366128
-0.150166068370821 -0.0135448255381028 0.0853852551270445 0.146168809884821
-0.0777234859746043 0.0805901529149369 0.0876144972397282 0.0433261322496845
-0.0107652553876938 0.0860849594915619 0.0528778418027094 0.0225649907726615
0.0373379608560613 0.081925708757559 0.0280547156335487 0.0260717862579147
0.0573795480683205 0.0673181246824121 0.0247517424721547 0.0525185127978886
0.0603288174332105 0.0634952573722537 0.0148479716576409 0.0807293166606155
0.0295453122605072 0.0790351713719964 -0.021666544105458 0.0914941869561175
-0.0132892291369019 0.0857493478120331 -0.0877736781672248 0.0738317467016898
-0.0989473106046392 0.061746656931712 -0.104120344743805 0.00130094289144019
-0.117220488357559 -0.0279969344137946 -0.0558406854490588 -0.0600921848172685
-0.0433472255805507 -0.112038396188913 0.00248211935264138 -0.0259060999880689
0.0392344339681659 -0.134053779954305 -0.0445292694885992 0.10290391712354
0.0599309610233584 -0.0359334179275229 -0.0367057148817178 0.164974882066338
0.0349570368245143 -0.0843777250945949 -0.0854323421905145 0.17314665998438
-0.0432016797147682 -0.0771835926809521 -0.038619874527549 0.176147988794698
-0.0879839005260273 -0.0128130567179084 0.0483854455604827 0.142462122930861
-0.0434692829446992 0.0485773309728326 0.0650953242085891 0.0700102127577865
-0.000912995530574697 0.049004286798288 0.051420587494942 0.0541590388992998
0.0252331430265222 0.0462375914271198 0.042596767727949 0.0512658073748321
0.0388873940459434 0.0405969701374339 0.038715280658371 0.0679620457014863
0.0422213592298659 0.0384825141982178 0.0299611932975786 0.0986642622629062
0.0263477177639997 0.0543721376083404 -0.0138074224936915 0.111032533177297
-0.00692578145111935 0.0632297274625199 -0.087644096077523 0.0925142928564955
-0.0747708899783986 0.0425623066229566 -0.110710946674566 0.013282057586635
-0.080857573635205 -0.0312852139436745 -0.0670033128059705 -0.0513692663040915
-0.0100795922721495 -0.0865803808770892 -0.000657771864766056 -0.0174300232232089
0.0590048741688461 -0.0740030849102806 -0.0538603465911811 0.124561326805099
-0.0549173521787961 -0.00240993390681523 0.0472904548098095 -0.14727583481464
-0.00638765106428006 0.0417422850358396 -0.0240030913379071 -0.0075840614681139
0.0349794612260608 0.0281372026436525 0.0739281312588726 0.0669913914277665
0.0331994835344683 -0.0221673105070179 0.132830683278645 -0.00607659301620198
-0.00313070659361311 -0.027721405372262 0.104742557889975 -0.107594225441769
-0.0160141406253167 -0.0117237738721009 0.0142900249711951 -0.146743827175326
-0.012136167211304 -0.0112121113746342 -0.0448279517156953 -0.117933976903343
-0.00960798343633054 -0.00900035321429444 -0.0590359329521493 -0.0824080990774845
-0.00419846550260904 -0.00447929549341278 -0.0635525486060596 -0.0693598067657278
0.0015069606991273 -0.00117799040509064 -0.0663838082313098 -0.0743582783732931
0.0108748270827842 -0.000135384652780298 -0.0595476498896462 -0.0907991745525526
0.0105601314606121 0.020548378366569 -0.0197045616509576 -0.135182941631197
-0.0136740221566018 0.0398586936296178 0.0409083247511514 -0.162680698292443
-0.0508130665910786 0.00400440894388572 0.0686539636246294 -0.139563535846662
-0.0580710664312069 -0.0374813339253325 0.0261475038896438 -0.153551000572675
-0.0579726156193295 -0.0730081954380875 0.0662175774088718 -0.121363090998018
-0.0426165922513309 -0.012373047227048 -0.016295330946362 0.0108352915871517
-0.0264801018373432 0.0126686673604476 0.0918668308927963 0.0878272634133587
-0.0173958013680728 0.00606204614513876 0.158887885534628 0.00265069696380053
-0.015392628108688 0.011981331955006 0.116556003828885 -0.113895010819993
-0.00955159013820756 0.0246372655709173 0.0189643344211018 -0.151077994989105
0.0115037051981044 0.0249313465118611 -0.0464033941551751 -0.117971943053583
0.0182396399301029 0.0241102827703508 -0.059720153321028 -0.0748676459993423
0.0180763623740237 0.0329496708644749 -0.0668363618053361 -0.0593050025985301
-0.00196039231856846 0.0440096567574124 -0.0710972010062783 -0.0624555042626439
-0.0182275091441625 0.0393446519771855 -0.0713273770595457 -0.0789675037957942
-0.0533185417668605 0.031124610827443 -0.0353883169483372 -0.122718157849821
-0.0689751992530553 0.00321500889482848 0.0251005270447609 -0.152202292324401
-0.0654446850652834 -0.0613824104528606 0.0430050078869893 -0.125702667407448
-0.047204620772741 -0.11348402106406 0.00803653845262495 -0.127887833559313
-0.0458693260552987 -0.135493843497551 0.0742575939193476 -0.0762976148557865
-0.067055987278608 -0.0767507427220518 -0.0172699930721279 0.0445446682668572
-0.0899804165037996 -0.0162049172578443 0.101473607198543 0.124870876437331
-0.078779451151164 0.0297064143828062 0.183544458656894 0.0274083762589389
-0.0345473670708233 0.0556734799158134 0.131524091578771 -0.105956391941509
-0.00572162379240771 0.0630341288184133 0.0301511775553079 -0.141168803243721
0.0320280182036727 0.0606207313729697 -0.0395618174381982 -0.105117085162978
0.0440530311200766 0.0535749070887397 -0.0508606471208208 -0.0572077208364422
0.0412116064514976 0.0627705259961177 -0.060937019170679 -0.0361939956920049
0.00438021068764188 0.0791276269053688 -0.0715252537358179 -0.035253969604246
-0.0312143814529429 0.0759245321170006 -0.0865073053671506 -0.0511964923516779
-0.0967798662223859 0.0546712672628382 -0.0619149656088895 -0.102839787638765
-0.116776632141255 -0.0107430634114873 0.000189256296804383 -0.139703848373041
-0.0846335111876332 -0.103646369375422 0.0212931933189011 -0.107309678877916
-0.0386447953349419 -0.169235112463395 -0.0108486090343009 -0.0837713566625113
-0.0217354433924513 -0.177930263489383 0.0680976720803254 -0.0144147082992623
-0.0725676015659786 -0.13985116137544 -0.0266237412634037 0.0877790654775549
-0.139896587531027 -0.057103004797967 0.0942545546191172 0.165887690941502
-0.13956835661963 0.0399189347748637 0.192375590889593 0.0653087031939261
-0.0583484434397002 0.0923483779258221 0.141178954572402 -0.0804338386000588
-0.00551284363486587 0.0955765094140581 0.0434339413332704 -0.114784672614228
0.0459558940709146 0.0891524560514439 -0.0259000330096459 -0.0809800457848339
0.0632094141753485 0.0747245688606995 -0.0353584589602826 -0.0312047477514718
0.0610261300691361 0.0789819442760392 -0.0457349350182522 -0.00523617954638415
0.0166760741805248 0.0979987360397478 -0.0646316431413726 -0.000410823319195107
-0.0298888643500222 0.100175245746414 -0.096049055922814 -0.0149951191987996
-0.116666991294359 0.0780425372271958 -0.0848420009006564 -0.0736684101000911
-0.146688266952009 -0.00958862194827453 -0.0242880160146717 -0.121101032233414
-0.0982296352026062 -0.123325726953364 0.00731836875358129 -0.0854445955326941
-0.0306026405965959 -0.198615035126984 -0.0223952342278476 -0.0309618306235954
0.00885819285686903 -0.19062567038263 0.0474345877385372 0.0529721391593435
-0.0545109052953874 -0.182603234552711 -0.0435956927316688 0.131296946903476
-0.159445919320316 -0.101102366429993 0.0679715519789528 0.199538316394313
-0.181852845918897 0.0296173371557888 0.176399780390786 0.10553981980733
-0.0808211468119719 0.110844183029563 0.137344283478755 -0.0402975774097483
-0.00874554040660376 0.112936936573187 0.0527807242904924 -0.0735389003056793
0.0513591648172276 0.104472453895271 -0.0079194363637705 -0.0465862902071637
0.0730533353514387 0.0842467182873429 -0.0148272621546116 -0.0011628136557379
0.0725486157354219 0.0836468795052128 -0.0246629490082882 0.0269479865840924
0.0271684105997357 0.102809481167817 -0.0495003964165858 0.0358553432082637
-0.0228308289038296 0.107795910031708 -0.0956525277565632 0.0220512459666224
-0.11937317076919 0.0882921392830063 -0.0977676783409492 -0.041743781217822
-0.15415108179883 -0.00974314199332117 -0.0413451262800849 -0.0989068416995814
-0.0954692252939328 -0.128160077560924 0.00317036825415711 -0.0634598651107472
-0.0147253808544554 -0.200843060314351 -0.0288053869737321 0.0223306339278062
0.0360033651449196 -0.168637977522496 0.0182959943728729 0.113156477642334
-0.021985991851603 -0.18896371719742 -0.063559158247679 0.164188385489794
-0.142181300953975 -0.127114313623357 0.0290404611999321 0.212371796481487
-0.186601823227834 0.00804336462457851 0.13833000647201 0.133577735923353
-0.0891146954931267 0.106284895447393 0.116942705242294 0.00325317643545036
-0.0107597986400432 0.110023971866778 0.0561284065569332 -0.0248386712996083
0.0495728839413615 0.101973834740508 0.0114199994214867 -0.00902798087100289
0.0722352736765131 0.0806478835526344 0.00677832670907427 0.0281008865243998
0.0732629455461863 0.0770091659364621 -0.00191381093101995 0.0562164985407779
0.0335466404344826 0.0951730185785437 -0.032691768770509 0.0674874524991966
-0.016330704335679 0.10216068582547 -0.0905072254382485 0.0542053767896945
-0.111794271223389 0.083227389003395 -0.102719396982154 -0.0145218809374359
-0.143776540809956 -0.0153283862412026 -0.0523555803990209 -0.0773051292187564
-0.0767157925480121 -0.124455218082785 0.00208682551573667 -0.0438507602847774
0.00816752231651713 -0.178979740438077 -0.0337504714741004 0.0684098664016026
0.0529610241285803 -0.114575732741138 -0.0132245176120266 0.154517524306187
0.00947448849776294 -0.153937618779116 -0.0791565392280536 0.179971264187308
-0.0997731616574431 -0.117877767498914 -0.00838722100260776 0.202723897681581
-0.152440339171517 -0.00749477010072883 0.0917230724854202 0.143369917469936
-0.0752585063489344 0.083639413933036 0.0887047405119968 0.0413187784520787
-0.0075566596576197 0.0865881971038347 0.0544285163730429 0.0205639357741575
0.0406686711765828 0.0803307858699691 0.0291554241457052 0.0261245365856235
0.061025200303392 0.0643912231633963 0.0259640667758852 0.0524930840517824
0.0627198538441956 0.0606936987494441 0.0180747002889173 0.0812471595665746
0.033583891501872 0.0778216551541997 -0.0186646159938714 0.0930702592718095
-0.0107261515627907 0.0864456547188594 -0.0856185462374073 0.0794800514397507
-0.0970942723889267 0.0672368226334288 -0.105580297332228 0.00561040245424261
-0.119206139566366 -0.023482371793014 -0.0605641996539386 -0.0599913230219234
-0.0468267124591423 -0.112114067120685 0.00119714545192611 -0.0273139897991886
0.0341699414382361 -0.135956200623436 -0.0407900390538716 0.10445464790336
0.0589654428277593 -0.0398527885471334 -0.0348610725533194 0.168636857584295
0.031560593865334 -0.0872464082305984 -0.0824095519867611 0.177978683252975
-0.0462006176259727 -0.0760736453107608 -0.0327879978607124 0.180352477652692
-0.0890955592882389 -0.00884177974621625 0.0539116080276778 0.140575188939052
-0.0417682645829067 0.0498901914668915 0.0676062895656716 0.0681438816760294
0.000720911709745667 0.0486006960220994 0.0541143935011075 0.052115973694356
0.027181655135846 0.0446721458025564 0.044140454857093 0.0506064109374162
0.0413190427660659 0.0384126737600701 0.0413573123741907 0.0677907638059122
0.0439972445130976 0.0366426914206308 0.0336876954535943 0.0983434995757896
0.0291798753256367 0.0531079114413593 -0.0100842508060576 0.112251202157239
-0.00486179361312567 0.063585493189135 -0.0853622074305377 0.0976478034837957
-0.0729779568061853 0.0467440550995401 -0.112198100784308 0.0177145010239653
-0.0822051377317042 -0.0279884847788621 -0.0709013157141029 -0.0506198500091085
-0.012954747757995 -0.0865383034747328 -0.00141818665565277 -0.018579027159056
0.0558632245369915 -0.0761412669850488 -0.0494252163766908 0.126819619297722
-0.0562315215075104 -0.00217562314279585 0.0467724687208364 -0.149742351615336
-0.00649301304447708 0.041544853996109 -0.0242650035428738 -0.00664448967745354
0.0349428478850633 0.0279462498659471 0.0778136667317489 0.0675825271282877
0.0328510649729303 -0.0226344491197502 0.136267520886549 -0.00835100130898309
-0.00367259241370909 -0.0265233540540481 0.10576207174916 -0.110835810125833
-0.0157388599651196 -0.0105652950312433 0.0121455454602407 -0.14844782197821
-0.0130444057655553 -0.0106952262333742 -0.047120211817736 -0.118510455661657
-0.0094930013787841 -0.0082255163824693 -0.0608715235841673 -0.0834072972704005
-0.0042822212702278 -0.00345778122757148 -0.0649937460548453 -0.0692967892502423
0.00125977792624791 -0.000330168963341087 -0.0682263268450428 -0.0740197159567014
0.0102943878579068 -0.000498011652986684 -0.0616178581876506 -0.0909811991664171
0.0106242182839176 0.0206267897977458 -0.022545789054337 -0.137602739221259
-0.0127086372484047 0.0394542360692571 0.0389747157083911 -0.165982289145784
-0.0520222517377539 0.00337218087168589 0.0704083677649142 -0.143379785352288
-0.0587381350933957 -0.0373698802609899 0.0272547107187034 -0.15756396496912
-0.0593575117167382 -0.0738542912160154 0.0664217854864669 -0.123834090478152
-0.0433856383774821 -0.0126916492449815 -0.0168268447243823 0.0122534522087153
-0.0277034184375659 0.0128841218795016 0.0965007823748809 0.0888200681742349
-0.0181881939620941 0.00670403083728059 0.162772654694314 -0.000336405497519524
-0.0160095786860078 0.013902277322724 0.117169505664315 -0.116928155703439
-0.00883922724489438 0.0264198278749142 0.0167470630543706 -0.152808979901049
0.0120803676377066 0.0255694662183071 -0.0484400503837498 -0.117834382020629
0.0192513184165877 0.024430977294809 -0.0610937676831738 -0.0754395858114064
0.0188361113081924 0.0344974584135426 -0.0681475951223639 -0.0580414092129083
-0.00117515654827714 0.0453290404009429 -0.0728794607821864 -0.0613870618694609
-0.0188542573801883 0.0405947785516026 -0.0730311647308614 -0.0782946425964308
-0.0542987471816133 0.0327391855793301 -0.0385122910065058 -0.125030310147017
-0.0698659274978442 0.00258954357227537 0.022280363930508 -0.15514087711431
-0.0669806314345362 -0.0627353603528196 0.0441574783721226 -0.129231112263721
-0.0484448540886426 -0.114545881779656 0.0088896562191685 -0.131347931931915
-0.0475813402288855 -0.137526692147231 0.0741550999066672 -0.0776566020268184
-0.068798386947211 -0.0786758611257113 -0.0178373924716393 0.0464294517646095
-0.0920811059856311 -0.0160749150842815 0.106469099626213 0.125770467900823
-0.0805373055563963 0.0321984521532055 0.188291189891107 0.0247730951742709
-0.0351043319515039 0.0576861442144394 0.133102626539907 -0.108447914518828
-0.00455686293961633 0.065575484131343 0.0282621603564764 -0.143369090450935
0.0332272965505937 0.061348279147439 -0.041094099281241 -0.104672946393221
0.0461450739881994 0.0540380778595064 -0.0523945007194539 -0.0572045386365824
0.0428004868138165 0.0638610584037303 -0.0618044207791851 -0.0342901740092642
0.00544161286950289 0.0808374212131932 -0.0731615366423919 -0.0329231816380747
-0.0316187147366648 0.0780692574391752 -0.0888855285267728 -0.0497972746657382
-0.0986368603304377 0.0579665879097833 -0.0649519894775522 -0.104038853178345
-0.119438218700499 -0.0107879323083917 -0.00365550554631185 -0.14261921660852
-0.0867261611983082 -0.105910663472504 0.0216339623292743 -0.11017948985973
-0.0403590933788038 -0.171246037933148 -0.00932003346634209 -0.0862463485925519
-0.0233841746732159 -0.181360706772556 0.0683387322965869 -0.0148432820292386
-0.0749896179537753 -0.142627164711766 -0.0266116722324033 0.0900778585989308
-0.143742463856749 -0.0571116748283124 0.0992534585992406 0.167995810500001
-0.142261032543515 0.0432830133494039 0.197620426732157 0.0635676483728904
-0.0588909197314936 0.0952313656731375 0.143220173627115 -0.0824913768186222
-0.00416999166030284 0.0980925755689627 0.0421967988170331 -0.116663302213175
0.0482206308609973 0.0899038725028264 -0.0266428457649027 -0.0802916687805986
0.0662827599608067 0.0743134496158562 -0.0358475053332437 -0.0309809602879251
0.063209810210932 0.0797249496650079 -0.0460278987867565 -0.00337183691545592
0.017937408171072 0.10016908171463 -0.065204992403529 0.00211738118311216
-0.0293548078028573 0.102725554837582 -0.0977624352609499 -0.0125674270788642
-0.117901134786202 0.0823989321586897 -0.0880723465124532 -0.0736786265957021
-0.149153296917948 -0.00913757091133775 -0.0285110339504426 -0.123373652292785
-0.101145990439546 -0.124850296211422 0.00782305079607041 -0.0879897931387441
-0.0329361667009038 -0.201276921869229 -0.0213303495464847 -0.0324963945813562
0.00783611636575662 -0.194600455232596 0.0473854735938215 0.0538448603602254
-0.0569647171612507 -0.186962075520178 -0.0441974183761239 0.133997832643166
-0.163624500520006 -0.100891305785345 0.0724919713819886 0.203122361779779
-0.18466301302343 0.0330423906155958 0.181472758177701 0.104242048812214
-0.0811176371583938 0.113790968646513 0.139101167018953 -0.0425827035441889
-0.00735477997408578 0.115934897964367 0.0527333595810686 -0.075265374488965
0.0537105938831491 0.105236251017353 -0.00764547949843778 -0.0456413448519603
0.0760913594556409 0.0836327964475835 -0.0149917102614697 -0.000620328965785251
0.0748297758041909 0.0842378231734144 -0.0235808830037932 0.0287619891861579
0.0293159939943196 0.104035514861887 -0.0500816795715584 0.037794843804219
-0.0224140044191574 0.110097114965148 -0.0970747114680176 0.0256880167669696
-0.120101105107672 0.092121248724605 -0.100985174755321 -0.0407263671630915
-0.156937795081694 -0.00847677350561108 -0.0460403095786851 -0.100638577510521
-0.0982109243175247 -0.130216857504949 0.00271007018162446 -0.0661283481700544
-0.0174616571945498 -0.204118023293452 -0.0280872167459628 0.0217212940385888
0.0351348084756583 -0.172427146955942 0.0172795659292615 0.114962183761014
-0.0239437646931401 -0.193333045233544 -0.0642838020247029 0.167664933696205
-0.146717359079658 -0.127935324791924 0.0328904226151472 0.216347139009204
-0.190753510281517 0.0116318505677025 0.142873388058616 0.133080540909067
-0.0897504660935928 0.108996945862377 0.118533977501973 0.00267590067289518
-0.00968572060375437 0.112137823320199 0.0563821284620447 -0.0259125880728135
0.051439348408664 0.102180139809209 0.0119643782183943 -0.00758678666022789
0.0755040883842523 0.0799099748780123 0.00740133985786046 0.0290891452857395
0.075506657738543 0.0768948228373491 -0.00081977758787542 0.058402658141198
0.0349250222409604 0.0959324321724367 -0.0325833522982986 0.0696975267030935
-0.0154982704629523 0.104209019497513 -0.0907497729045506 0.0581660936219368
-0.1124865843155 0.0873146956436266 -0.105250173471525 -0.0128913610745817
-0.145633995292512 -0.0138230285039834 -0.0560377711149542 -0.0786047243596344
-0.0785032884832828 -0.126343611212919 0.00149608509428626 -0.0458296088330194
0.00619027967665441 -0.181339851045949 -0.0329338704967155 0.0690220709853261
0.0519576185283261 -0.118110796018479 -0.0145713536046196 0.157777406923677
0.00773802527986178 -0.157801950672605 -0.0795931203155078 0.184400251462546
-0.102846779275602 -0.118784223597002 -0.00618199192671193 0.207055205236567
-0.154757732259784 -0.00422766587926937 0.0953816199317163 0.143551227252747
-0.0750321083571092 0.0852264262547691 0.0902901621827656 0.0414148833736739
-0.00649324406867103 0.0880137756846878 0.0550571901133748 0.0196738017191474
0.0422981390652612 0.0804212604424956 0.0297891279249157 0.0275788429142649
0.0635379012565357 0.0638522402323181 0.0274185242808596 0.0535837860876905
0.0646311552730513 0.0604680341237077 0.019890287417812 0.0824369727100463
0.0352859096386223 0.0777219049136513 -0.0177862433027855 0.0951341740724581
-0.010243496938475 0.0877322734175787 -0.0862317188535529 0.0834140950595342
-0.0968140608537654 0.0710177666016675 -0.108080400645586 0.00772640985483837
-0.120622011385833 -0.0215544808361541 -0.0641865020714199 -0.0608490332457361
-0.0487091683853783 -0.113209849734546 0.000393774922001399 -0.0291670700769257
0.0324937642460751 -0.138192841573324 -0.0397475283428952 0.105909281770116
0.0586623907239195 -0.0424514353148796 -0.0359233217142687 0.173255492417234
0.0300253734285468 -0.0897809396790316 -0.0826766646278621 0.182687794549016
-0.0479531065757079 -0.076446399281255 -0.0312853387803841 0.18420597313657
-0.0902071503306397 -0.00748437482698541 0.0563398908883714 0.140879414056968
-0.0410153686069283 0.0502382942588325 0.0688432134749472 0.0682933603977098
0.00110903146850357 0.048602519695996 0.0556205867051831 0.0521799591644845
0.028021676623215 0.0445166495130862 0.0454094522679831 0.0515514840081981
0.0426188812627349 0.0376927490311635 0.042282612831298 0.0690884815867978
0.0448642729877255 0.0358026053017495 0.0356603921992696 0.0992861782976013
0.0303772287327489 0.0523804370756424 -0.00934828528452927 0.113905385038383
-0.0037482102814341 0.063545920726234 -0.0854923321821968 0.101212954401033
-0.0721699534787844 0.0491699643247579 -0.114353326445817 0.0201811192072079
-0.0829205760921758 -0.0264116734629128 -0.0741008112996898 -0.0510970408887411
-0.0138042111462431 -0.0875287814903081 -0.00215829525900965 -0.0199004124703237
0.0548059994156988 -0.0778934058686544 -0.0491603461325542 0.12875139184873
-0.0557975075473095 0.0078727177997787 0.0168121568585455 -0.171019928023675
0.00113874245376646 0.042369013389037 -0.0285759860053669 -5.28316224813292E-05
0.0408133198146014 0.0197812770263969 0.0963131224946451 0.0579885490362965
0.0277106397934584 -0.0306682639868106 0.144022574405322 -0.0344545185117072
-0.00905764939840308 -0.0273180798187345 0.0886905722521679 -0.138867685846666
-0.0189999990136607 -0.00729594062640126 -0.0160804337848804 -0.156530857129713
-0.0159918181330109 -0.00736115316319276 -0.0703615371119108 -0.113649355389399
-0.0114830232065109 -0.00629071189743703 -0.0788067225396919 -0.0739629385504046
-0.00522243805312638 -0.00254619500687296 -0.0817876531157483 -0.0591375089097606
0.000500482165256422 -0.00108185089876974 -0.0871046219543222 -0.0631052154014831
0.0084717566651793 -0.00384525006607724 -0.0830230877894509 -0.0821075481961325
0.0155441743969974 0.0157785513429934 -0.0541227979475711 -0.13962722667489
-0.00300178787197666 0.0384464834295383 0.00329646420026601 -0.182876954194773
-0.0496307039068929 0.0127011992651715 0.0470014805762163 -0.168507502309086
-0.0653951117456194 -0.0278702155324886 0.00435069410623208 -0.172739025713885
-0.0722294173111735 -0.0619337339849442 0.0458232427859784 -0.150825692206388
-0.0462041055638667 -0.00476882995565956 -0.0161146092083702 0.0150189946009688
-0.0238917753580026 0.0182694310184746 0.117315198866468 0.0715746841840213
-0.0164543840338603 0.00915653213634032 0.169910615620805 -0.0337506753247846
-0.0141654662589456 0.0153351501954087 0.097869489644735 -0.145609863517119
-0.00528680421048323 0.0293274749679794 -0.0139497160594284 -0.159861288282799
0.0165746551397073 0.0231257806684894 -0.0731542944374625 -0.109596913985177
0.0239086748696282 0.0209928067366024 -0.0776558484471664 -0.0656766415393717
0.025207669321208 0.0311439372001926 -0.0826961454021988 -0.0466991104163695
0.00700893195600129 0.0461994615548587 -0.090211879007417 -0.0493969355130779
-0.0130554723139397 0.0426471823278013 -0.0933115948096747 -0.0660817567650923
-0.0478195294822493 0.0412294508096754 -0.0679620898182257 -0.124733293901633
-0.0673658881465791 0.0135355791636589 -0.0107052107397108 -0.170504895327696
-0.0791186354706144 -0.0518915469374976 0.0254440108273131 -0.145366239519479
-0.0705073644433025 -0.109772244871559 -0.00832411682186058 -0.13773381501978
-0.0716221204067545 -0.127490577310957 0.0669600427285176 -0.105773800419876
-0.0838686111582349 -0.065510030482525 -0.00874905395832532 0.0475246423989502
-0.0935435412076762 0.00281530135598318 0.133902192466583 0.102769438804879
-0.0721656757008863 0.0481111393202023 0.196680487052722 -0.0170399433418367
-0.0245707798297985 0.0630957227282383 0.113037132710001 -0.138484153116835
0.00676865128276048 0.0671482701639682 -0.00143896305607591 -0.151303240576483
0.045301837743138 0.0538973745837362 -0.0649888801588586 -0.0949572117984071
0.056259284223819 0.04536587417054 -0.0646129735186009 -0.0479445475306229
0.054958728328811 0.0559623528164741 -0.0702098758656946 -0.023847221312666
0.0206576005564449 0.0807985210115647 -0.0854660437473303 -0.0200431312935668
-0.0186629306699472 0.082659620165392 -0.104468165554335 -0.0329387759701719
-0.0876558090768734 0.0753291870864867 -0.0917169622883984 -0.0977560756776552
-0.119354027253123 0.00941981314710694 -0.0340987121589819 -0.153867168407026
-0.107961443711328 -0.0918278617656636 0.00743073873834393 -0.119492039824931
-0.07503135425647 -0.168678826951903 -0.0167135850003037 -0.083328657186377
-0.0558683203395301 -0.17528680027436 0.075919207600055 -0.0387471035957124
-0.102556573046351 -0.127936840744324 -0.00739139649862556 0.0935833426288279
-0.152610941163945 -0.027225650415124 0.134764700674567 0.142755155911899
-0.12945290990684 0.0727000151921244 0.211216549775852 0.0167619843249029
-0.0403866984951251 0.104840726326719 0.125166096243216 -0.112398029190771
0.0136310120079092 0.0992012706535065 0.0162422271746183 -0.125502387932484
0.0660872260912406 0.0790075495231871 -0.0471963154762038 -0.0700885111978636
0.0801923089458499 0.0622920529548463 -0.0429718287393489 -0.023735614452704
0.0781704317117315 0.0680385859118492 -0.0484551217148517 0.0049333144366593
0.0368496918041115 0.0979985525699447 -0.0702764132150596 0.0157639976660707
-0.012598968487972 0.106733347594321 -0.10585581990588 0.00905429705971364
-0.10242845026047 0.103939371864663 -0.109339651057037 -0.0607764281693227
-0.14970076429515 0.0177513174445937 -0.0562066701269193 -0.130485569455455
-0.127009590580945 -0.10846054109675 -0.00204347162131041 -0.0932504348418506
-0.0735827614600819 -0.19984339750986 -0.0189421922467554 -0.022207457473586
-0.0281059691054427 -0.194486469347819 0.0693104314871016 0.039661575721537
-0.093055131456771 -0.175045877928541 -0.0146216278915338 0.142831506885987
-0.181509395289587 -0.0666682299308074 0.115374874920097 0.180817431000478
-0.173190996685723 0.0726809379454381 0.200887916221165 0.0589356473394925
-0.0580518201305024 0.128375474400393 0.126234676744232 -0.0698341664763752
0.0144296741901725 0.117370300882423 0.0339387257801726 -0.0842117054720244
0.0754603044001277 0.0924111322171455 -0.0226465974252869 -0.0373279732324731
0.0923998544377122 0.069237067094722 -0.0155283847616073 0.00336732922670444
0.0902960958659117 0.0697711699747177 -0.0192802211301103 0.033914150654439
0.0483414223000642 0.0999603640749417 -0.0469070138228314 0.0503927219955878
-0.00368607730716595 0.11354166642329 -0.0972953901791111 0.0486684905651645
-0.102947824157753 0.115125138341656 -0.11651305642209 -0.0240374338600461
-0.156809559924769 0.0198582913819613 -0.0698908496650857 -0.103014514747116
-0.125478411385869 -0.113982369886374 -0.00336054758720346 -0.067989787678738
-0.0588020287798647 -0.204477676676908 -0.0161136334083052 0.0365272705066191
0.00273911115021055 -0.177359848265078 0.049346572568441 0.113806355407061
-0.0615668244472763 -0.187591464188593 -0.0278801698491623 0.183450624201291
-0.169962694934725 -0.0954924638460212 0.0793430970709201 0.203307500150636
-0.182915796337969 0.0530759231008092 0.167425860380836 0.095648109061895
-0.0668670425271815 0.125084238562792 0.113614580527382 -0.0198361144282034
0.0117201252929308 0.113872405732117 0.0474766492779454 -0.0343161670831177
0.072674292049958 0.0900223590679152 0.00468676988413932 -0.00214202362079056
0.0909635311935635 0.0656937654056104 0.0127051451207407 0.0298116523915903
0.0901582702306247 0.062572649452732 0.0104546345410225 0.060025596708118
0.0528078682502143 0.0899205912429882 -0.0218151008476444 0.0799020929220369
0.00193988961859078 0.106002422417728 -0.0840539691368632 0.0813002570154973
-0.0965092365778358 0.107839833063468 -0.11501449982066 0.00651411384581729
-0.146863593160589 0.0133943699205283 -0.0753507003142381 -0.0766627400745556
-0.105232347116789 -0.112422988835731 -0.000641286396522318 -0.0460720717743481
-0.0315029612686059 -0.185685616718787 -0.0145436506019912 0.0871702413714207
0.0287580248548326 -0.127099924453579 0.0222522368666476 0.169038594200422
-0.0231793222513366 -0.158638225729553 -0.0421899577515084 0.206926600789975
-0.125100458699797 -0.095208048111876 0.0382572076355056 0.204436143093052
-0.151305684952292 0.030203610807746 0.121768528320492 0.118185342448682
-0.0568404647346767 0.099015716456127 0.0933771264934548 0.0256699598251498
0.0101664870204164 0.088599920676591 0.0563817035488143 0.0127069129106203
0.0596074465317992 0.070306226278913 0.030696949349093 0.0287715629140807
0.0759685811398206 0.0517405864852264 0.0376501961888521 0.0512192139286902
0.0757141574235112 0.0485860534266945 0.0367987480575439 0.081333308272685
0.0491505632581696 0.0719063224107561 -0.00131784184726982 0.10361495280273
0.00457028853965267 0.0888569861591178 -0.0735844639286924 0.106373842403108
-0.0834089776077088 0.0887967298763616 -0.112847309380241 0.028836709247541
-0.122998265697038 0.000729628840861047 -0.0795103206721547 -0.0555387337101209
-0.0713360131933583 -0.105245337386775 -0.000746216990321415 -0.0286095340449912
0.00406489678124139 -0.145998796917016 -0.0175288021684447 0.126466212969437
0.0482686887431407 -0.0528083629834089 -0.00110100447986009 0.19372620168307
0.0125312472218975 -0.0946754998803384 -0.0480399356291586 0.209347570688184
-0.0620546542911961 -0.0645277128018301 0.0064763013404246 0.192553644498792
-0.0879317000278257 0.012993864758052 0.0833600354630304 0.127999148426401
-0.0293107438269529 0.0568832295702362 0.0800738225864284 0.0576642251402683
0.0107489859210995 0.0469934426752527 0.0650415298213917 0.0447493571468214
0.0374841917437055 0.0376787600956102 0.0531986387086169 0.0487344704007473
0.0499866459595575 0.0291473476639975 0.0560718215309221 0.0636289237551064
0.0516290857353238 0.0278510398192925 0.0559816797552431 0.0958200331863644
0.0397078592187975 0.0468699676092396 0.0119814348104157 0.121472187665714
0.00632692741691958 0.0640647752902632 -0.0683274353339557 0.124867945562825
-0.063190629748338 0.0621579718185979 -0.117020605284399 0.0434344937162041
-0.0868650924581429 -0.0113156046503058 -0.0879998028914359 -0.0415100018664945
-0.0317367753265015 -0.0856033233539577 -0.00342995466992546 -0.0183927058723171
0.0381857280457448 -0.0888299223272413 -0.0255306549535403 0.14987483781569
-0.059458538490532 0.010139458517115 0.0152322542974183 -0.18314704258964
0.00106746234474296 0.0445878938353437 -0.0299910873202715 0.00140707549171406
0.0433123835695945 0.0203199338926806 0.104763586621164 0.0588027768756592
0.027663664541378 -0.0329875180182051 0.153155205833293 -0.0402096723839224
-0.00980373942969832 -0.0278499301538925 0.0918025271106309 -0.149748382049769
-0.0195778132372337 -0.00567751280767164 -0.0205111334835074 -0.165807263099269
-0.0168647289047242 -0.0061551723328205 -0.0770731161846287 -0.119635714161359
-0.0123838018098648 -0.00567748040533542 -0.085715127168659 -0.07745833611538
-0.00496461678233167 -0.00185002620581816 -0.088001007205026 -0.061596094160321
0.000930160168331316 -0.000231667640675743 -0.0935652171546772 -0.0651819241265691
0.00791970751531117 -0.00377005299789987 -0.0899525327741434 -0.0858366881265872
0.0165144597682366 0.0164615375598005 -0.061922016300226 -0.147943185479987
-0.00238835653242526 0.0393143739330435 -0.000770162065028062 -0.193898701832081
-0.0531773684620864 0.0139397617960826 0.049512693785132 -0.181394679313109
-0.0696988134938524 -0.0284644987907967 0.0041720259096347 -0.186584452712108
-0.0777882662626305 -0.0642095494523738 0.0461601302654371 -0.161691212837987
-0.0495970484595441 -0.0048185518196174 -0.0168295469229787 0.0164550789069719
-0.025662912847221 0.0198287539317855 0.128025720595229 0.0727888473510665
-0.0184203380888913 0.0111218087315361 0.180782624590348 -0.0398762255276693
-0.0147049607985707 0.0179005846923318 0.102314963374662 -0.157143815973135
-0.0038873352583429 0.0322181655688808 -0.0179823032502623 -0.169400637750408
0.0187175095859152 0.0248960046079522 -0.0796404897975949 -0.114426691766437
0.0263058835790107 0.022051928791853 -0.0834974029600662 -0.0678565918783811
0.0282638865450258 0.0335801644030635 -0.0882187442181692 -0.0479348837747214
0.0088520791098678 0.0498498371383975 -0.0966597644613028 -0.0493618499644273
-0.0139188234148167 0.0466486336269199 -0.100695361081859 -0.0679947143244026
-0.0508882218948728 0.0454113698983167 -0.076334449986827 -0.131823097714885
-0.0718904649957361 0.013585608487556 -0.0153836948351064 -0.181382367571963
-0.0851339320871202 -0.05481489088762 0.0259048878211369 -0.157451176379802
-0.0768000820206899 -0.115353690477781 -0.00851883941401853 -0.148608664089877
-0.078479337573891 -0.133982286971862 0.0697707501667919 -0.114011918514792
-0.0907024953892195 -0.0691919699959939 -0.00807647779742652 0.0515378848151735
-0.100122310475526 0.00489751831485058 0.145762241135379 0.105460876955779
-0.0764158267154422 0.0534170412077905 0.209694106383327 -0.022758557508762
-0.0249868496357828 0.0688369967711907 0.11843224564293 -0.149846290187026
0.00974007822978581 0.0723006304221679 -0.00511937555887645 -0.160268600007639
0.0496844245875781 0.0574626061949893 -0.0699237302810337 -0.098833488064515
0.0616317528213862 0.046788096278997 -0.069567006365576 -0.0499356300772412
0.0603570054844105 0.0586785304298739 -0.0749605018055693 -0.0233274193564413
0.0234297244425484 0.0869516376851762 -0.0908255883278257 -0.0180792213638694
-0.0191330635946516 0.0891351443932361 -0.1117520850704 -0.0315619888197186
-0.0918727990919274 0.082834941578101 -0.101063195240296 -0.102389073056762
-0.127942939976108 0.0112929075283534 -0.0406773639833076 -0.163139207235748
-0.117293454771251 -0.0969065443626085 0.00753236522245893 -0.129464434907248
-0.0825808934859994 -0.17845689017395 -0.0174532333047905 -0.0904062770088262
-0.0623852411198941 -0.186292412381827 0.0802401002665005 -0.0418898168597189
-0.111719147396232 -0.135506017743804 -0.00633789900222089 0.0998244476655834
-0.163910500199727 -0.0259500948990226 0.148100650580442 0.148397270618911
-0.137275307846857 0.0805826778594384 0.225156162123913 0.0125931154804918
-0.0413915002081774 0.113425900622613 0.131988078453143 -0.122934076741586
0.0171521673009682 0.106535180146261 0.0144805590695129 -0.133445645554583
0.0720034838715742 0.0834489242292935 -0.0499435705855097 -0.0723992431956182
0.0869278025667063 0.0638237584303258 -0.0453196084189179 -0.0241786168776794
0.0851859301452699 0.0707611870811537 -0.0504829464642764 0.00695599029410784
0.0411157648060378 0.104691610773658 -0.0734563618036021 0.0194054501332422
-0.0116980301959378 0.114634928361543 -0.112203573823369 0.0127229428415652
-0.106994532773266 0.11417291088151 -0.119136029643383 -0.0625944576968487
-0.159524124993919 0.0209499253874309 -0.0645967487099302 -0.13741880704668
-0.137105383220908 -0.114480904067404 -0.00359452957772299 -0.10121582880987
-0.082461683848459 -0.211982556065827 -0.019310617703623 -0.02491315056142
-0.0328003901831705 -0.206521387875964 0.073344701780411 0.0415560636927649
-0.102942343281008 -0.186370494757813 -0.0134729944811401 0.152722009001816
-0.195263001740295 -0.067530528746254 0.127798204926071 0.189757469251028
-0.183404084132159 0.0814869303827889 0.215390566559742 0.0578033105141317
-0.0601393394415733 0.138266066616182 0.134140378291399 -0.077536136184446
0.0180726593812676 0.125537206023415 0.0341386421299389 -0.0901158324613924
0.0822423442075217 0.0973397799058573 -0.0232085968355292 -0.0380250986884408
0.100410147520511 0.0707205615827836 -0.0157495221730457 0.0043888232494181
0.0981199794866909 0.0725660877163742 -0.0188414544450885 0.0368692082984322
0.053518046760452 0.105891782067045 -0.0483040030923487 0.0556049329895905
-0.00208934783764866 0.121768585885495 -0.102082748917554 0.0546692934319172
-0.106538872046273 0.125655249151307 -0.125256108535097 -0.0226615401866806
-0.167229694846879 0.0242666589724056 -0.0783126154797094 -0.10817894117733
-0.135339645154131 -0.119634041466034 -0.0046460101895192 -0.0743153771439831
-0.0668049855467915 -0.216843666506135 -0.0160204218392791 0.037992266867409
-0.00101618902515863 -0.189812482268765 0.0528925184537372 0.121415318720029
-0.0702504286853902 -0.200569813186643 -0.0272378574312309 0.196462608487781
-0.183702884076152 -0.0984002515253566 0.0890397349105338 0.214402665997407
-0.193960581726162 0.0610120954556192 0.179697003196746 0.0968802193828141
-0.0695013248807828 0.135219525057295 0.120635878924718 -0.0235754486243933
0.0146801855779763 0.120990450499886 0.0492140887304538 -0.0372611639383889
0.0793177210746469 0.0941798994765305 0.00603372647063365 -0.00105141940110849
0.0986005060451602 0.0665568065094516 0.0144100820755837 0.0322013586780642
0.0967280068876719 0.0643423461833455 0.012771480180505 0.0640936320870313
0.0576864188720992 0.0949993336732398 -0.021436940257857 0.0864338789519302
0.00356749710076177 0.112957788379603 -0.0874128177562721 0.0898141352146991
-0.0995889982274765 0.117743598923103 -0.122958377556852 0.0102236206956388
-0.156315999649544 0.0172075351557973 -0.084352028492602 -0.079920997829418
-0.113340840789772 -0.118818033974632 -0.00252308128473958 -0.0509940873844001
-0.0374251698243638 -0.196942539675298 -0.0138029875446658 0.0919731015571356
0.0274524574934935 -0.136537679378782 0.0248820311724433 0.18190702345611
-0.0285732422555733 -0.168748448078974 -0.0416574430614768 0.221438420721839
-0.135666538585873 -0.0984751200678236 0.0453329889341604 0.216875110128395
-0.160428018288365 0.0353453196003005 0.130897787728443 0.121699257347851
-0.0588315788643071 0.106183350676353 0.0994911371713441 0.0249695732939414
0.0124402880937442 0.0936864009438281 0.0594481500813717 0.0126718688831323
0.0641529072588812 0.072807002731849 0.0337080205719617 0.0315670812309308
0.0824215819660881 0.0518812884036496 0.0413474005410541 0.0547262953828967
0.0816911468780626 0.0494675700599954 0.0412320279774673 0.0859721281635013
0.0535570037802231 0.0749493309434157 0.000998459073778157 0.111244413497158
0.00676651105196871 0.0939712235123282 -0.075191572951388 0.116144766277097
-0.0862866496916892 0.0963494055031748 -0.120797230868631 0.0341365938866335
-0.130301157950072 0.003245556128622 -0.0884175911995514 -0.0574962100602629
-0.0779096721700917 -0.11100347683849 -0.00255085761074687 -0.0319147325411344
0.000698363701259596 -0.155741283046924 -0.0167192866614576 0.134758965808548
0.0485670563472986 -0.0575255835779072 -0.000332192280060186 0.208553407963704
0.00978671183033399 -0.101274176851568 -0.0470555301622085 0.224580051199329
-0.0675816463964497 -0.0673510437560577 0.0103703476709336 0.205274465423029
-0.0928509241135525 0.0159346301179114 0.0894802208233456 0.133808734690443
-0.0306588321602837 0.0609367576526019 0.0855455717587169 0.0603817979083686
0.0116708096389047 0.0494113041141455 0.0692213171032644 0.0466496053770948
0.0401953020274657 0.0381819814375661 0.0577399428574758 0.0517785446473386
0.0537067013165854 0.02876205970083 0.0613163144779032 0.0682213131013863
0.0550221979427407 0.0281560372318131 0.0615671493339981 0.101002543131826
0.0428346826905106 0.0479598096884879 0.014382341901599 0.129420152692973
0.00824345758075557 0.0671538187935885 -0.0704369151054176 0.135394474780296
-0.0647600483706221 0.0675331812594973 -0.124048328358248 0.0492876053667625
-0.0911851350587446 -0.0100601388017635 -0.0965571397760374 -0.042222324109806
-0.034646961385867 -0.0903079090731777 -0.00542729150452 -0.0208302122774686
0.0382272511367445 -0.0947929184234932 -0.0246760646114355 0.160153098447675
-0.0631148238166945 0.0146574845833019 0.00635309621517718 -0.196402848773774
0.00278455570358854 0.0472197102893835 -0.0319052608713189 0.00302387567875394
0.0471903861960503 0.0194317664643669 0.116093805558557 0.0557872306222431
0.027158691860636 -0.0359755706983412 0.162218724070843 -0.0521593986683805
-0.0117092148251742 -0.0282954813863593 0.0905843448278942 -0.16598879058497
-0.0201712069275163 -0.00420670089682817 -0.031010197175804 -0.17570664774593
-0.0179997181854023 -0.00448729995767705 -0.0893077487848261 -0.123646694480884
-0.0130477282031612 -0.00459212448770672 -0.0963283144320917 -0.078195429188342
-0.00472079924609084 -0.00102165167124475 -0.0971315254163445 -0.0609748619590876
0.00115076939096416 0.000164053979694312 -0.103569407534812 -0.0639703906708101
0.00747525196865901 -0.00358975599194181 -0.100412505521965 -0.087168161457993
0.017757273856442 0.0160822224376655 -0.0756288382067795 -0.154725644788135
-0.000932637404743903 0.0404037072003084 -0.0119099755719682 -0.206939767284475
-0.0566585722749942 0.0172755772207823 0.0455754765186172 -0.198613939041971
-0.0753561976787535 -0.0263331268589487 -0.00339457889190204 -0.202180294086578
-0.0864939529843948 -0.0641625497784604 0.0411891649657932 -0.176128266375101
-0.0532966650325329 -0.00335471075320367 -0.0171821946280336 0.0191042880655203
-0.0264849766473978 0.0225561391250541 0.141363420617189 0.0696075071822786
-0.0201292713874197 0.0137933014581326 0.191139868786421 -0.0538512023039844
-0.0144250023415438 0.0210852099496293 0.100615617121733 -0.174262498101319
-0.00094521480512116 0.0360612767501777 -0.0285471891316052 -0.180026019399285
0.0212989590834577 0.0271159195899898 -0.0906987677103349 -0.11786680898029
0.0299464711112041 0.0223997341956372 -0.0930296746174202 -0.0683096914123583
0.0331965027099239 0.034538518238638 -0.0958997773578371 -0.0463687846717247
0.012446023858451 0.0540400440367762 -0.105514482433211 -0.0467204807948583
-0.0131043775907184 0.0515758296912829 -0.111084512624976 -0.0669321556099889
-0.0520048892348575 0.0512320555550495 -0.0906689458514625 -0.136695494193759
-0.0770979908030401 0.016880978416387 -0.0271980857602224 -0.19279817810511
-0.0948074092169822 -0.0549269775509616 0.0210896423678161 -0.171650330136663
-0.0882406185403737 -0.118856548986498 -0.0150738608241367 -0.161921147418812
-0.0908028201593528 -0.139321335604304 0.0689371290926928 -0.125939346028541
-0.100759894350474 -0.0698620287003647 -0.00633484297886209 0.055076540282709
-0.107380671653901 0.0107822787556708 0.163024639450935 0.103474062209589
-0.0795078635356088 0.0624576085615203 0.223067063501779 -0.0371284161847227
-0.0229607800081499 0.0760748101023588 0.118759378966391 -0.167687486632518
0.0150481719716667 0.0779635399283151 -0.0142327525074656 -0.170837199144723
0.0565882339779537 0.0590832584907884 -0.0787362476468467 -0.101356850179599
0.0687767903701606 0.0459878960185765 -0.0765196459560021 -0.0490838388813358
0.0684740176889635 0.0596665596812294 -0.0801999323403393 -0.0207591470849855
0.0308119886121615 0.0926910688049484 -0.0975335843074865 -0.0131582404495057
-0.0160518878034588 0.0976578385327811 -0.120602168908229 -0.0272598752000335
-0.0937841705152104 0.0949018271865112 -0.115147874333122 -0.104231155360725
-0.137372707130299 0.0176814698120367 -0.0539854270429273 -0.172794917178054
-0.130930892488892 -0.0987556934541268 0.00143016344007033 -0.141309842582319
-0.0979306721848063 -0.186349865974276 -0.0219594532837945 -0.0984223130735901
-0.0759753335698487 -0.195720736772424 0.0830780034145015 -0.0493657087384577
-0.126426229978767 -0.140236672843673 -0.00161078857706502 0.107070549040174
-0.176991090467376 -0.0183943639655501 0.16721303307062 0.14919177443197
-0.143189606332216 0.0949044233084331 0.241719235534008 -0.000354105234124846
-0.0385634852166328 0.125158051921193 0.134826006478763 -0.13940851633528
0.0247216115918497 0.113668002397947 0.00765545409366172 -0.143746386100215
0.0819252485518393 0.0855432780282454 -0.055863604724412 -0.0740656698513537
0.0969846944554046 0.062228838986648 -0.0491115914975877 -0.0229845721513308
0.0956928214022031 0.0712843923530952 -0.0519373207641329 0.00992989522384418
0.0504725486120949 0.11053398426201 -0.0772018179806873 0.0256773124002788
-0.0061943415153001 0.1242642454234 -0.118375282092072 0.0209213219528483
-0.108031137607386 0.129488784048465 -0.132527133550336 -0.0596616920033132
-0.170926011107509 0.0308570512083336 -0.0785098507631666 -0.143353204650199
-0.153210131667708 -0.116119360824886 -0.00910024301458526 -0.109973277869421
-0.0993085484292096 -0.222473242469999 -0.0208444768212849 -0.0280099735996126
-0.0460618271898662 -0.21999959242512 0.079983427323475 0.0413010243743214
-0.120085425081658 -0.194982514010051 -0.00670601703002087 0.163900903635587
-0.213454531136563 -0.0606961871763849 0.147760878098683 0.194433943055601
-0.192386365281539 0.0986045651421633 0.232555776408751 0.0481950135207258
-0.0569513829273591 0.152224416158545 0.13886123199747 -0.0908475663077578
0.0262045227259147 0.133228857034402 0.0306519427764858 -0.0979274368945099
0.0930441104538613 0.0996485531336968 -0.0253925226358032 -0.0382709321152277
0.111207351972658 0.0685035064230562 -0.0160866392434471 0.00658976291893811
0.10916851720221 0.071538614376668 -0.017372055170942 0.040724715060366
0.0632592419608925 0.111002720824283 -0.0477408046426607 0.0629355775941529
0.00442833866189466 0.130914197376544 -0.10501278835503 0.0660560208236333
-0.106830726901874 0.141446430910095 -0.13673643532952 -0.0162353566677655
-0.178518017780399 0.035160290601477 -0.0921779035473261 -0.110970883121517
-0.151501556171692 -0.121825294451879 -0.00972830275251138 -0.0809288410231907
-0.0834640239621565 -0.228243916986719 -0.0140379943596149 0.04015865014581
-0.0113237685775349 -0.203310141348193 0.0618153942562149 0.128473248339081
-0.086513656396775 -0.210972406934684 -0.0187477728657176 0.211813023305838
-0.20252984088742 -0.0945855844360253 0.107722616358703 0.222977175677518
-0.204246002436827 0.0763464724486442 0.196011456929368 0.092523595052383
-0.0674475013468942 0.148934541370883 0.126885284415409 -0.0322046328919898
0.0219976031623701 0.129218136668575 0.0493949946763854 -0.0424514886221588
0.0895766024801976 0.0958922055115348 0.00779288978637349 -0.000571238151698133
0.10880280157301 0.0642506450942482 0.0181060369414833 0.0342208801485464
0.107333497638043 0.0629472880562559 0.0182422736295422 0.0674480843555501
0.0667363221833986 0.0984210259266924 -0.0177737328393476 0.0943952815173775
0.0101075569198804 0.121169952568008 -0.087441585689283 0.102099240533301
-0.0988414658061636 0.132047880357444 -0.132316282130025 0.0190583568125586
-0.166116760771129 0.0271054634702426 -0.0969273672009846 -0.0802996945108202
-0.127540741702854 -0.12144231598068 -0.00710784814396819 -0.0559573028204595
-0.0512231707302717 -0.208493501275679 -0.00930952475895802 0.098936226719715
0.0204368686710791 -0.147684952552836 0.034259058806223 0.194641666146847
-0.0413924248860448 -0.178816818445904 -0.032600377228645 0.239364120304667
-0.151856838749743 -0.097351716124584 0.0602817444468817 0.228844185566929
-0.169490309072664 0.0474659188087309 0.145190810159136 0.122671188315152
-0.0571572008777314 0.116838189416912 0.107070403629265 0.0218167811731088
0.0175000791677784 0.0998667089999682 0.0632230265347953 0.0105053926385891
0.0723798410990141 0.0743053661756057 0.0390930860659465 0.0327554932832008
0.0905115704150287 0.0492900083805824 0.0480163095233352 0.0573954681893428
0.0893899978331988 0.0473358007490099 0.0487927002496521 0.0895774610870837
0.0610962593793609 0.0766744102721066 0.00700456516975016 0.119424722584397
0.0120796417864208 0.099815758374075 -0.0737245600878283 0.129618365243303
-0.0854742532655329 0.107879381126294 -0.128308071010248 0.0440818926629201
-0.138791260378516 0.0110028307412214 -0.0995206936775133 -0.0561874819909708
-0.0890426662331918 -0.114407763533936 -0.00567631367589088 -0.0349516639330658
-0.00820730387703075 -0.166283730637514 -0.0105923864269144 0.14466145032319
0.0472612189227289 -0.0640146124539625 0.00839934692717006 0.225823349007458
0.00334327654108611 -0.108249617350983 -0.0391925515838222 0.243260006375274
-0.0768364057660235 -0.0675480360934606 0.0224596481764559 0.21876849560571
-0.0985514481511417 0.0221396870170567 0.102547867383214 0.137875538145683
-0.0289497049836333 0.0661085397098182 0.0938110397073835 0.0600742380074138
0.0140979115066564 0.0517628893951705 0.0762417404622859 0.0466395874264318
0.0445409365747017 0.0383884655260752 0.064762740525532 0.0533581200777703
0.0589801434062783 0.0260208857087336 0.0694900512894228 0.070596153299843
0.0596158831319872 0.0260781674816132 0.0715475435653516 0.104330367380015
0.048151428820597 0.0481306568793453 0.0224773948727397 0.137986907375664
0.0121933537245205 0.0708400159539273 -0.067014492744005 0.149242169205257
-0.0638102012702906 0.0756098270705778 -0.131436407913256 0.0600290569053721
-0.0973864963571753 -0.00550980977969727 -0.107262203170221 -0.0398325199764622
-0.0415405768190122 -0.0947300094487758 -0.00832837423962396 -0.0231149259558919
0.0348546940559371 -0.102829177489324 -0.018375597822988 0.172879435124757
-0.0643407032886549 0.0214781986968509 -0.00933161994285071 -0.205868603222207
0.00585767575136047 0.0487070623709985 -0.0334033686101963 0.00579620788421715
0.0509199291265333 0.0158396761886406 0.124773938996816 0.0474003548021337
0.0244324504336749 -0.0391762579321311 0.164888346310442 -0.0682076311815669
-0.0142420864261574 -0.0281639698119774 0.0802691212812034 -0.180646755208027
-0.0200937606511008 -0.00215334447434466 -0.047030758525461 -0.180244462666988
-0.0178272316509996 -0.00224568153797675 -0.103749617832802 -0.120645867017498
-0.0134031477286567 -0.00296767235536465 -0.106743763636889 -0.0738179206325972
-0.00389811917504423 -0.000207684829606941 -0.105958421840098 -0.0559118747144172
0.00122307780702773 0.00112959930645019 -0.112376696042322 -0.0575237221491738
0.00672202803291179 -0.00368366397975944 -0.111156018688114 -0.0824410963775586
0.0188901732878879 0.0147902485046847 -0.0925193799911645 -0.153571780234952
0.00111939415530773 0.0397797095985944 -0.0293148602164254 -0.214023426215301
-0.0580711839249519 0.02231041272478 0.0339016673255878 -0.212236567298729
-0.0800676684708957 -0.0208159821784466 -0.0187271545331739 -0.213581785594056
-0.0948799735639445 -0.0591217478110554 0.0289740442238381 -0.186968800570864
-0.0562967597353925 0.00027393615193449 -0.0164086810262366 0.0207300761936017
-0.0257983503446003 0.0261438937920033 0.152709427672616 0.0593761911135173
-0.0202418029563012 0.0171997329043894 0.194714452769635 -0.0720355618786014
-0.0135365252402471 0.0237370873051092 0.0914829797652024 -0.190412436186223
0.00307235638220197 0.0381979938015669 -0.0444108672723355 -0.184646234811261
0.0257529642489682 0.0271568072581661 -0.103834920665173 -0.115180018529504
0.0333698404790499 0.0209333704964863 -0.102448676305585 -0.0633337734699046
0.0382233647811008 0.0336101442616987 -0.103478076399757 -0.0404871573935764
0.0183334011213725 0.0559948936926631 -0.113184845449313 -0.0390877886787046
-0.010017688875778 0.0557633058446943 -0.120701499012211 -0.0605312418847833
-0.0504283690159538 0.0579224681848644 -0.107209361060107 -0.134308747772026
-0.0800376895732956 0.0223632329507468 -0.0449391161042696 -0.198189993403786
-0.10314789016239 -0.0504715679639736 0.010194366889119 -0.182816367255722
-0.100460681499083 -0.116028038350222 -0.0265538255340053 -0.16971710672303
-0.105122262737702 -0.13702802339129 0.0618163852919178 -0.1375712285926
-0.110207085024267 -0.0658472221786259 -0.00255453634447913 0.0577216540020292
-0.110800930720385 0.0205443242321079 0.177652126427043 0.0926080207838263
-0.0784826600293623 0.0727187744849703 0.229256921730858 -0.0577311511554526
-0.0179686126838232 0.0823889460876119 0.110269872843738 -0.184720234251609
0.0229112138718184 0.0806749678189925 -0.0288494652950108 -0.175832574797036
0.0644193689436805 0.0574870520774866 -0.0892528302526078 -0.0988046427785119
0.0754329120870751 0.0417574404315855 -0.082512096071334 -0.0449880448037641
0.077141361781606 0.0565331771881213 -0.0842922220692265 -0.0150341812058044
0.040848233308155 0.094890861669361 -0.101495096467399 -0.00485040775890171
-0.00882220252300729 0.104302776847165 -0.127169815998779 -0.0174892783575482
-0.0902489673657143 0.107492509323355 -0.130238851323283 -0.0980567817807516
-0.142918245425283 0.0288152685555116 -0.0713654450377348 -0.174640737048815
-0.144666390715277 -0.0936904646772815 -0.00887638163829472 -0.149632007146606
-0.116619427948335 -0.185478746388794 -0.0290955200782228 -0.103562526625467
-0.0945575168105152 -0.197649983680556 0.0825172698353065 -0.0584715762859008
-0.142973175459978 -0.136597719318378 0.00649204782234346 0.111077085527208
-0.185934747851389 -0.00484857063359262 0.18567977327178 0.139505012525328
-0.141795273142433 0.112271097216945 0.250223321853473 -0.0211220212537566
-0.0302376284164725 0.134145661346125 0.128540070425363 -0.156838999281938
0.0356253358614003 0.11705786882526 -0.0044946406747107 -0.149170343230753
0.0922286879604942 0.0823537355421132 -0.0622875156827534 -0.0719830781786921
0.106038798217947 0.0558176424967299 -0.0520031543429109 -0.0198109777086244
0.106359685436816 0.0658725695033175 -0.0524870165663012 0.0151477660693273
0.0624764450201745 0.11205362643238 -0.0768768957093101 0.0346375240183268
0.00383470482891403 0.131664123711153 -0.120917002638605 0.0323086964344492
-0.101406535534856 0.144918274776353 -0.144939956963013 -0.050272761871462
-0.176372527945116 0.0455804907516044 -0.0950712388723702 -0.142369990932758
-0.169065169642948 -0.109665005619736 -0.0181477366367476 -0.11634390357323
-0.121356110455627 -0.22320870360374 -0.0224038809667643 -0.0295258286668965
-0.0660505948292706 -0.225589105782093 0.0859301886129636 0.0370190164206471
-0.140972305674151 -0.194030131489766 0.00566364880429687 0.170172936291155
-0.227787343704256 -0.0459060277825595 0.169161270020238 0.18871917518353
-0.19263691819383 0.119060121014985 0.244781565515819 0.0298326915474928
-0.0475957323757227 0.164073206137309 0.136930730848206 -0.106364397363513
0.0379680685114867 0.137852334662237 0.0231104592505831 -0.103557882647134
0.104970590179684 0.0964794129959304 -0.0277454676299193 -0.0376089081240278
0.121043598145643 0.0609008342611324 -0.0150273079821673 0.00847575689773295
0.12014478907456 0.0644563734867141 -0.0135253308850982 0.0437664217027503
0.0755952636305484 0.111017567252207 -0.0436712780674602 0.0704769181233458
0.0148894459199212 0.136872344024136 -0.103205126984608 0.0784707653975896
-0.0987909516852507 0.156805054440865 -0.145869365570457 -0.00408851425339496
-0.18323614920103 0.0513483414796785 -0.107408847999769 -0.107431991846609
-0.16678766428898 -0.115547871363208 -0.0176136453330922 -0.0856201771640304
-0.105755774350424 -0.230619321881481 -0.010483672905206 0.0418936410161955
-0.0283648889059612 -0.211081529086185 0.0729676776128495 0.129620833238854
-0.108163608058465 -0.21269032806602 -0.00291274945900801 0.221261020276256
-0.219726408166583 -0.0811354580951497 0.129671548118014 0.221974627460932
-0.207012093342354 0.097629517559074 0.210055292123658 0.0795392612580249
-0.0585058217456445 0.160926104748338 0.129206854526949 -0.0437764732520563
0.0331538289709119 0.133445998506198 0.0471890357483753 -0.047211198082136
0.101034794841196 0.0922248304801659 0.00978897920710006 -0.000279242553156023
0.118087453413667 0.0565310112277641 0.0222892517683475 0.035222062568309
0.116653677143004 0.0556486316315154 0.0251806933082873 0.0688014492044252
0.0776764652399069 0.0968103063597261 -0.010168618489853 0.100178744608095
0.0200633693303391 0.125320918796687 -0.081676758146809 0.114821680196085
-0.0909808352958393 0.14606290365563 -0.13768886428721 0.0318553929879076
-0.17042609916113 0.0418036869265676 -0.109693462878881 -0.0749312351813441
-0.142248893697103 -0.116836382277785 -0.0131481697732602 -0.0587470535066665
-0.0706949645077822 -0.21240151700333 -0.00118898356605941 0.103137482393869
0.00890616167053792 -0.155395330387867 0.0493859051747572 0.201650849618865
-0.0580140409656941 -0.182921269064361 -0.0155480086332846 0.251148237142103
-0.165751423301557 -0.0884327537292749 0.0807561634189092 0.232753277873947
-0.173315233761195 0.0642034442872857 0.159731479972035 0.11499194008238
-0.0502683594665288 0.126083157225472 0.112206756371224 0.0137775147849974
0.0254504892262221 0.102919406517671 0.0660877911515228 0.00646974362924727
0.0810167414052054 0.0711078025709312 0.0445823103196726 0.0318459229087973
0.0976889978236429 0.0424700893367528 0.055357863063264 0.0567414641520387
0.096681782515739 0.0411001411412333 0.0585404610421123 0.089336037185682
0.0694744645269443 0.0745327333462257 0.0174270162551698 0.123949576604912
0.0203334304257562 0.102848449317099 -0.0651329825683485 0.141875027428743
-0.0790720977525072 0.119592946752792 -0.130616454351252 0.0571598879261959
-0.142798680215532 0.0227845101554919 -0.110331225189762 -0.0495441820400496
-0.101374050693453 -0.112245480706406 -0.010228483958358 -0.0369123200856434
-0.0231863953619128 -0.171547333361818 0.00154270488468888 0.151355170704107
0.0427841124421922 -0.0700826063601881 0.0250624313934145 0.236767129804373
-0.00645310709544153 -0.111792917222463 -0.021618503971032 0.256174519341985
-0.0857496228474285 -0.0628553594445283 0.040999375148386 0.225462928816027
-0.100698563857256 0.0317255945326312 0.115997332215062 0.134816051821417
-0.0250148820015932 0.0705116747548012 0.101471374708605 0.0555991348972833
0.0184973558915237 0.0526843818345509 0.0831092910815231 0.0430430250979344
0.0487215413150493 0.0358874563460527 0.0724417041947438 0.051207958388954
0.0627283440681456 0.0212783511884678 0.078868955557897 0.0695325694588542
0.0636418550070304 0.0216622686775324 0.08300823326208 0.102998764559164
0.0536147215820559 0.0452035612571075 0.0344750573416744 0.141391812580989
0.0183091515738879 0.0717335105045208 -0.0569515891698432 0.161765095072873
-0.0585283264253111 0.0835385623506351 -0.132215145407479 0.074331795771195
-0.100532082295545 0.00226490001279346 -0.116567522686141 -0.0324792660323012
-0.0505302319584201 -0.0949103367253447 -0.0125329108603505 -0.0241047107632996
0.0265066810801611 -0.109403400936649 -0.00416447537896736 0.181374409199207
-0.0620193417289797 0.0273843243926646 -0.0234780322109941 -0.206174882788989
0.00913469375981143 0.0485592885258078 -0.0336788002893295 0.00877218741930658
0.0516527790024604 0.0117976790389009 0.128165689763881 0.0376324306958378
0.0210961482630094 -0.039941707351207 0.160629304578917 -0.0809502948503838
-0.0163816212047255 -0.0261140197456921 0.0677482157540109 -0.187660337302644
-0.0187652657404738 -3.30785609251867E-05 -0.0604143826842257 -0.176350320035646
-0.016718484206286 8.65953094258305E-05 -0.112992450366267 -0.112768465383432
-0.0131183001378287 -0.00149559147098059 -0.112488447658121 -0.0662420161374127
-0.00363703366788063 0.000740567591139395 -0.110018853753939 -0.0481770394300915
0.0017729587999919 0.00120634682730012 -0.116425376663763 -0.0491317617167327
0.005915900381356 -0.00361490574894168 -0.117098427683288 -0.0742494385181739
0.0189527884105566 0.0131121820318944 -0.104358943774998 -0.145231643699443
0.00318188648342992 0.0384059114086006 -0.0452950032785729 -0.211049057450676
-0.0566516682218552 0.0260460787328427 0.0205178167059809 -0.216600988576857
-0.0806077023433584 -0.014143245225278 -0.0324141068972516 -0.215832404048816
-0.0984121457181165 -0.0514184983587279 0.0152407448815298 -0.19065100651801
-0.0566111507780827 0.0039280081988042 -0.0153905338564194 0.0219357153991147
-0.0238570260178925 0.0275566299867013 0.156990668566937 0.0471290837685636
-0.0197141170869708 0.0200475282938524 0.189710179590384 -0.0878700695811346
-0.0119332868758888 0.0261882774002587 0.0771185314119128 -0.197628234072616
0.00728133320431395 0.0389463055958371 -0.0586242921484616 -0.181113301123172
0.028876782044836 0.0259763311109047 -0.111879320680187 -0.107274910633816
0.035460985685716 0.0185492880751425 -0.106615988546927 -0.0566470548599492
0.0415977701287169 0.0309084512733061 -0.105522278169953 -0.0328646280100313
0.0230427128558947 0.0553833060762 -0.11541858594436 -0.0302698055372163
-0.00629986752920021 0.0578987709748664 -0.124613515973391 -0.0511161560783941
-0.0467413967707865 0.0623305687704263 -0.117946425279412 -0.124941638591323
-0.0799561740978802 0.02698620016264 -0.0597781020346738 -0.194872047924139
-0.107039693213407 -0.0437264751576176 -0.00216448527547846 -0.18666183195937
-0.108553753619212 -0.107879594337605 -0.0374539666933518 -0.171669990452722
-0.114422589894369 -0.129256159802531 0.052114139878617 -0.143481629463838
-0.115080155809851 -0.0587977165591406 0.00101988124862098 0.0574594674249408
-0.109864857266312 0.0285172778563214 0.183807847499623 0.07787198669621
-0.0739044439336183 0.0804399124957551 0.224589758574078 -0.0760573305385931
-0.0122876081452124 0.0849515321177475 0.0966846037210984 -0.193737037272378
0.0297769067488984 0.0798180707050375 -0.0424118801040425 -0.173529743636406
0.0696808464731202 0.053081037131483 -0.0951840542938652 -0.0922060021560021
0.0787513081905177 0.0360430324155148 -0.0852399097474327 -0.0391907014970314
0.0820994211846743 0.0505743329375542 -0.0844123962292049 -0.00839268391717672
0.0486943164559177 0.0930932435605553 -0.100630887752577 0.00334082723498084
-0.00123783500281859 0.106159339454506 -0.127924957204452 -0.00755834239967161
-0.0827178710002451 0.114871064661088 -0.139308415510459 -0.0867861414962537
-0.142417276108309 0.0386220577754159 -0.0854421696475204 -0.169305221941751
-0.151728333981737 -0.0838666002229178 -0.0196509900165768 -0.151821538851966
-0.129626951876991 -0.176186897392682 -0.0350550356626523 -0.10432936895335
-0.108452361907262 -0.191597040815445 0.0779568861487327 -0.0652573985800759
-0.153248309176418 -0.127962996880877 0.0136041014377216 0.109589157029813
-0.187350932203896 0.00957436822953383 0.195594209539137 0.124185322889264
-0.134167009985584 0.123990938401 0.248415215210585 -0.0406442848142498
-0.020558692901825 0.137648373301953 0.116804299353351 -0.167020034189518
0.0446689318121081 0.115485668726479 -0.0161426849651628 -0.148010734836224
0.0993580815464288 0.0762941438155656 -0.066189160246336 -0.067315798703768
0.110313312864229 0.0471034088026112 -0.0528560512947045 -0.0155269398490138
0.111551789849877 0.0573736943366644 -0.0502336903184679 0.0189485170649006
0.0717800509164311 0.108146638620095 -0.0736286728081843 0.0410742382824415
0.0135425404572106 0.132275696348294 -0.117570371918591 0.042869660951148
-0.0904071750899307 0.1532559050434 -0.150140820186263 -0.0373971219034946
-0.174514203886808 0.0585595812420248 -0.107531183586477 -0.135235501753928
-0.177417223991259 -0.098258008105296 -0.0274726447786261 -0.116878988061267
-0.137551826901552 -0.213413226533345 -0.0232116448294028 -0.0304181749435182
-0.0820343817694697 -0.221526713393132 0.0875921810403151 0.0303703285127995
-0.155724896354522 -0.185060747319583 0.0172885095161068 0.168964990956899
-0.231578223738475 -0.0281014535417888 0.182752239720462 0.174427800858673
-0.184819041655285 0.135354404563084 0.245944646646138 0.0113570488736438
-0.0355742201656086 0.169114961637401 0.128175162650889 -0.116547826996364
0.0488801423763427 0.136181947372162 0.0147116791546854 -0.10425457501566
0.112282198960429 0.0885871088300789 -0.028631353678833 -0.0348906030614805
0.125421605954597 0.0508225139369099 -0.0131455606454427 0.00986744114589069
0.124690913324146 0.0550089712068332 -0.00921611034636676 0.0449873192765039
0.0841248434916894 0.106088762981402 -0.0372796624060139 0.074338259809832
0.024908733561592 0.136670155413859 -0.0962907378536776 0.0874726752486478
-0.0862662529855248 0.16505905121705 -0.147667073080151 0.00813516191139357
-0.180532604811869 0.0650613995281491 -0.116472270510944 -0.0980368479401719
-0.175839763644641 -0.103497562726995 -0.0246060091452367 -0.0860532056563705
-0.123008334644636 -0.222016440177263 -0.0066134476545574 0.0409112430684013
-0.0447321070766313 -0.209105736348438 0.0815056519944995 0.125312393122525
-0.123841151235081 -0.205644406286105 0.0116835737120285 0.220109293250699
-0.225930481226893 -0.0644738867751146 0.145458536008706 0.211515564396689
-0.200628422302603 0.114101808353094 0.214926909474261 0.0636080448378912
-0.0467019504273297 0.166135181341766 0.125052456115948 -0.0533898496993411
0.0432076673296113 0.131486176099043 0.0432296794351231 -0.049330052319675
0.107297625824773 0.0851694783994144 0.0117443915164588 -0.00023184934383806
0.121895733809642 0.04644940352359 0.0264669895362615 0.034031125615207
0.120617958000632 0.0464108702026203 0.0310173506186379 0.0674993320945603
0.0847802388481752 0.0914309134892735 -0.00181955781299977 0.10170729665919
0.0290055930274957 0.124706667038883 -0.0722004269518471 0.121853813289445
-0.0796071819159589 0.153149328890985 -0.136541816560635 0.0437340023314334
-0.167804873306855 0.0548665528537117 -0.117089698120296 -0.0661783038264111
-0.150963440449005 -0.106761165915542 -0.0187582955151588 -0.0586007189440677
-0.0870291032731539 -0.206223901526575 0.00716547729630277 0.102303594558061
-0.00335934352054431 -0.155765538761507 0.0625179293335924 0.200250501780265
-0.072891948917433 -0.178037290694865 0.00174641500813542 0.252057534641107
-0.173110839144786 -0.0744767819616282 0.0967385591181456 0.226505927199765
-0.168886437194133 0.0775675771245708 0.166265192990588 0.103697000904259
-0.0412482984813046 0.130338191736319 0.112510781588748 0.00663045753565768
0.0333250183610408 0.10177927321816 0.0667680257158911 0.00310976431190611
0.0861381529842882 0.0647982281240624 0.0479333963214735 0.0298043788120767
0.100070770255021 0.0344201719603919 0.0609001291002792 0.0537949730374151
0.099357021682237 0.033312331100764 0.0658597685509873 0.0852117051051207
0.0749255022335311 0.0692093788027501 0.0270721928843644 0.123139922094135
0.0275715124647973 0.101524809097287 -0.0536468315695475 0.147336833117838
-0.0689686625131603 0.125537941800819 -0.127695908347646 0.0687741964850062
-0.140541324089153 0.032994327841202 -0.116223173916559 -0.0405476478583287
-0.10935780973101 -0.105371961636594 -0.0139632001002521 -0.0368631852084371
-0.0372946858514107 -0.168708176922119 0.0136212041420424 0.15128881498324
0.0362978011685141 -0.0722647206770961 0.0404104020624026 0.238311777149145
-0.0157758053262137 -0.110208714503146 -0.00471533576258348 0.257643697933684
-0.0906380218948113 -0.055492509799811 0.0568243803487936 0.22325524372139
-0.0985614328959709 0.0399981725030902 0.125110420288767 0.126143007098111
-0.0196558932299456 0.0722018139939419 0.104915306593635 0.0488093998601819
0.0216433490904866 0.0512701110676564 0.0860356244317343 0.0379327259311793
0.0506439257560776 0.0320104737466335 0.0773182629665042 0.0473596568838795
0.0636445835724779 0.0155959098876348 0.0849935839401758 0.0649947744143634
0.0648508990708022 0.0159993230995342 0.0900346173379785 0.0964122004813229
0.0562517167454378 0.0405105941150983 0.0448700959554586 0.139929263299769
0.022716986545539 0.0700721921261546 -0.0438379370753893 0.166764273748108
-0.0516607295250877 0.0874045858454154 -0.127804084861581 0.0853527874600146
-0.0995105075293069 0.00961868990267989 -0.120709339051128 -0.0232197854364224
-0.0572347543286989 -0.0910102656868968 -0.0150053135838121 -0.0235971853281185
0.0172963547125416 -0.110625064077773 0.0102992696257309 0.182131820895993
-0.0578954231723251 0.0332121590092489 -0.0657887200718098 -0.193902770901163
0.0160061945032525 0.0459147484030209 -0.0323536608599983 0.0175167246170073
0.0524131942284601 0.00100075162999743 0.135199728876483 0.0148155487476969
0.0125866293288381 -0.0442615863049236 0.146973519851798 -0.111225457953416
-0.0228879740121028 -0.0238695703284154 0.0314034729112828 -0.198037458625398
-0.0190268927626095 0.00409943873753485 -0.0907317078086879 -0.162888109721549
-0.0163566976100633 0.00413395621544559 -0.132333735397896 -0.0933509510186289
-0.0132218385382089 0.00178536902016788 -0.121824747074703 -0.0464285389574977
-0.00324405840050623 0.00207395084952986 -0.117662355759544 -0.0282110573313015
0.00121671581496294 0.00205888139956284 -0.12361823516663 -0.0265356147179073
0.00383812439274555 -0.00347849313519219 -0.128282178007943 -0.0508088296899725
0.0181404430536145 0.00858300039834831 -0.127833005758984 -0.121470872097558
0.00681801048156014 0.0334558476781536 -0.0830359536854223 -0.196534791498837
-0.0498517145489646 0.0305632186866011 -0.0184670583122 -0.217062918925721
-0.0813421815830974 -0.00512226095021439 -0.0654786239164896 -0.207992033605519
-0.102688016232138 -0.0384423081001941 -0.0261590161518368 -0.191147955967767
-0.0531719590610129 0.0122131167838938 -0.0143794529519156 0.0244530586025882
-0.0169861521155909 0.0272556142681154 0.15843098975603 0.0183256852183451
-0.0160326400712388 0.0187908549392085 0.168479071468735 -0.120576630079022
-0.0110017635429692 0.0254293275640324 0.0387492899938786 -0.206677060660901
0.0112613089294922 0.0375729161737758 -0.0882861423437494 -0.16593450391533
0.0317293744480919 0.0219604206936953 -0.128172442807384 -0.0860729715205615
0.0363737495948668 0.0138638765397176 -0.113519053548794 -0.0373566780565961
0.0453375177815908 0.0247567677027035 -0.11077120989397 -0.0140187103078987
0.0309394472509525 0.051812388974542 -0.119497895911036 -0.00824390712846768
0.000288917298402443 0.0579219974434927 -0.130580222118588 -0.0270246256667108
-0.0384350458286305 0.0666586488566104 -0.137404469317048 -0.100463906954966
-0.0750954020923231 0.0342646734073642 -0.095717630073211 -0.178998907720109
-0.109972575490285 -0.0289740494441523 -0.0332571739659998 -0.184187179229849
-0.121718398905522 -0.0923973261506712 -0.0622384403021201 -0.164132342579818
-0.128013050512845 -0.111070809955622 0.0170636282247615 -0.155760480704084
-0.118539576781638 -0.0387454727401722 0.00666601649729718 0.0528740440666606
-0.0974860052270298 0.0413340988867138 0.18411914504235 0.0422085655072583
-0.0569985242463315 0.0845223264862638 0.199356808478741 -0.112601229776872
-0.00221092916242958 0.0812896168803516 0.0578094133701109 -0.201760659001309
0.0397740543948126 0.0742125944896217 -0.0706034039091279 -0.158496979152468
0.0755497095258948 0.0417764887460278 -0.1074338020317 -0.0716335797736115
0.080481458579812 0.023984728581839 -0.0893454390137542 -0.023226054454806
0.0879308869239346 0.0370762849614706 -0.0859606829984891 0.00617404816034013
0.0624817915971612 0.0841326811011093 -0.100013859912035 0.0227777922572117
0.0119845224247917 0.105051250423902 -0.125893045618632 0.0161689639657212
-0.0651529435482143 0.124189785570335 -0.151029238414917 -0.0603375846895153
-0.133716551139268 0.0543813682055719 -0.117448525053798 -0.150183598300298
-0.159812937848532 -0.0609276165551846 -0.0438021052974429 -0.147058870516878
-0.152291148790981 -0.155030006579563 -0.0480846816230829 -0.0993080463656207
-0.129595906851477 -0.17028520286106 0.0576074550663361 -0.08781255049301
-0.163983872167756 -0.0988610844533384 0.0276939422063124 0.0985475394285606
-0.172942065833795 0.0353650063072783 0.198493244671176 0.0824563016973331
-0.105812081241099 0.135677696359313 0.221975793822649 -0.0813999837665757
-0.00136353041261464 0.132919511482271 0.0807348785345857 -0.175841698049823
0.0595305229638008 0.106571028763394 -0.0398541792792618 -0.136770261010016
0.107282884834209 0.0589283240523533 -0.0730758989153206 -0.0501980992268945
0.112747137289641 0.0297440295374015 -0.0537043447448345 -0.00564496691250272
0.117657619184374 0.0391929970508111 -0.0479370978162285 0.0280671103414541
0.087481618189798 0.0958255386447672 -0.066340010293489 0.0553044829814344
0.0299525648347574 0.12882122593797 -0.106316163489658 0.0637141688233805
-0.0670092713010264 0.163739824302841 -0.153416690811934 -0.011499821412513
-0.161546542634654 0.0789859855408514 -0.133070132443066 -0.112836509314341
-0.187134687147091 -0.0703995708445735 -0.0448804694031388 -0.111515429591105
-0.165528951949172 -0.189103799918629 -0.0247850600503491 -0.028814954583245
-0.10718009126791 -0.201837649601601 0.086039152519204 0.00229562197697245
-0.174869735859395 -0.152642640675152 0.0417106609421719 0.153302191577384
-0.219743816344826 0.00728644876075123 0.19228350684363 0.130491516005571
-0.151059707754191 0.155155104974912 0.225549846089632 -0.0312503250489313
-0.0100266794850583 0.164971707703577 0.0998994835445402 -0.125944209049575
0.0659276679006054 0.125535506548425 -0.0011663103058164 -0.0980991463623514
0.121758837599422 0.0677600955879719 -0.0292642430411409 -0.0234901089523645
0.128106561731507 0.0312797239519276 -0.0102029715085325 0.013387390465897
0.130029541898495 0.0342238690764882 -0.00312442133956641 0.0472387687816217
0.0994903572933234 0.0914750239639498 -0.0252239873710723 0.0819951587972648
0.0417182851237413 0.131359533420636 -0.0771075516379579 0.103781493298919
-0.0606462072069709 0.174566771281214 -0.14219847080792 0.0330362755671903
-0.165732590999993 0.0863206158420826 -0.136184279455158 -0.0754527395489515
-0.186614696247483 -0.0756088176929782 -0.0368427579165575 -0.0810541349321922
-0.151774120478036 -0.198233944008205 0.00312000406854953 0.0380612705277695
-0.068385264106075 -0.193771400430083 0.0995570807992653 0.0967043793178207
-0.146570406528801 -0.17665518833246 0.0467464593053382 0.203633987830111
-0.218969117775449 -0.0261169429558301 0.163855616353299 0.170918636921806
-0.168705890655621 0.138864935142727 0.203625686223078 0.024433231383126
-0.0196447538772378 0.163598722727406 0.107933514746903 -0.0629508785007305
0.0604151019897725 0.121642284050839 0.0362791252338652 -0.0490356387429989
0.116531134557763 0.0646421461663573 0.0160611812290524 0.00477451364340866
0.123933494255418 0.0271354944808194 0.0334995424388117 0.0310899320986528
0.124543412905438 0.0260961338215094 0.0406077862143475 0.0620620446009853
0.0976277275177266 0.076730045202053 0.0153023436757818 0.102515424097428
0.0444722871656698 0.118896973842048 -0.0467657922345103 0.132907136042067
-0.0557690302519007 0.162180534714693 -0.125155624869765 0.0659770305892396
-0.154505455236484 0.0749253247811526 -0.130388990806079 -0.0433769867218824
-0.162406186007822 -0.0815994509407273 -0.0263274159927805 -0.0551638406227996
-0.113455494064217 -0.187208911113586 0.0263116717475874 0.0964962990537118
-0.0216876621904896 -0.14636367049468 0.097297219575291 0.176100827226315
-0.0931987494684876 -0.15704772679569 0.0441081775097512 0.238738102987535
-0.170320192557925 -0.04373657091165 0.12390701362631 0.194714571636089
-0.144245424950267 0.1006118225257 0.167116010911162 0.0707257253286719
-0.0183502333513486 0.128801090893908 0.106796866390958 -0.00450558903580782
0.046946426697537 0.0936383942161872 0.0685427160835802 -0.00255777050170273
0.0928370424496114 0.0486046336441822 0.0569590794318653 0.0269225917189242
0.101529522828093 0.0177641732940969 0.0701334913348762 0.0440823788630732
0.102021698574087 0.0167325106601108 0.0780860564507441 0.0735487460972564
0.0838018456418566 0.0560588819361569 0.0471788991010415 0.118062370775155
0.0396768678463206 0.0967648687343056 -0.0244518926368955 0.154448744470235
-0.0495443909530129 0.133900376499983 -0.111833266062741 0.0883327673496856
-0.130961200291256 0.0500026865328637 -0.123613201109693 -0.0189731211670797
-0.121969448276952 -0.085755565190774 -0.0186615005377469 -0.0336086598388534
-0.0593729749235884 -0.156828879476504 0.0401960280499713 0.144037150306555
0.0279270510804342 -0.0705406092331578 0.0843206740732819 0.222299547111174
-0.0279314206566285 -0.0996445243471725 0.0419489096582306 0.249592970666015
-0.0896137524848469 -0.0365941300883537 0.0896073080801783 0.201875469834619
-0.083146219931841 0.0532135427322904 0.136485235553936 0.100698126908569
-0.00605419572114229 0.0697033771494625 0.109312588379832 0.0344232302997574
0.0284067042679333 0.0454406686456174 0.093006110775254 0.0257464580078118
0.0539509205685521 0.0220277644706845 0.0876142109264852 0.0378766082970102
0.0636683615417942 0.00447837838751331 0.0964728882171768 0.0508170208875922
0.0659264972131397 0.00528304494403625 0.105254374909624 0.0802140314028436
0.0614789502533749 0.0308501479075666 0.0686230500562723 0.130711013650299
0.0316338278636298 0.0663356889625884 -0.011220387727597 0.171466401566221
-0.0378276801198214 0.0933761905730196 -0.108991058254241 0.105190089482194
-0.094476393125639 0.0220621833648667 -0.124348305157753 -0.000586664461044861
-0.0699674432819674 -0.0797797186840874 -0.0173249513034703 -0.0196347285858408
0.00155869443201602 -0.106931838783468 0.0417013121871646 0.174834481444414
-0.0564455191696799 0.0339695347496787 -0.0663163592173242 -0.19463629945879
0.0156731448778692 0.046001818231825 -0.0327213210055138 0.018176371472039
0.0516734802074264 0.000238697386554415 0.134363734643934 0.0144689780208093
0.0115296681374312 -0.0433708574799398 0.146107529406161 -0.112455896236649
-0.0226796371487826 -0.0226443327501085 0.0306287702807779 -0.198463729250023
-0.0178800300568923 0.00411083824728538 -0.0905853622612715 -0.161982974763757
-0.014923015377496 0.00445252948264368 -0.132750407497322 -0.0916722309068011
-0.0126397738493559 0.00209222386934838 -0.122099466412067 -0.0461325512945295
-0.00286548087551987 0.00292633720244195 -0.117659003682908 -0.0285337038145973
0.00166687570498322 0.00226593829940582 -0.122472679957438 -0.0268585724603339
0.00345065064939854 -0.00259684048440567 -0.127003643152685 -0.0508945448342616
0.0169086566481346 0.00862662343490994 -0.126742674071537 -0.119459228756269
0.00534919579264922 0.0325757065626046 -0.0824345903649755 -0.195248219989323
-0.0493527812094029 0.0302232440819388 -0.0181687971674835 -0.218877591841819
-0.0796966722508626 -0.00478951628561222 -0.0651662506445988 -0.210967675728707
-0.101597953340485 -0.0374797541560299 -0.0271633335887507 -0.191683661312939
-0.0533512019817595 0.0117427790014369 -0.0153020296871034 0.0249449365806107
-0.0172338532225458 0.027185500053082 0.157603311975294 0.0180902419088255
-0.0164042978658407 0.0203518441580189 0.168213400365681 -0.121059625776551
-0.0110080415819911 0.0266907021069711 0.0380681878174553 -0.206633870007795
0.0125851362170946 0.0380988904479828 -0.0887932276926084 -0.164347522598318
0.0327723986989901 0.0221868408502241 -0.127226389527572 -0.0849034229625192
0.0365473917669383 0.0138365602767783 -0.113305952911837 -0.0377096850436724
0.0458186000204642 0.0244616808117036 -0.110316476646373 -0.0138973356520526
0.0316936066816496 0.0520761141396534 -0.118448937984657 -0.00769077638659433
0.00034698291520697 0.0591350131139626 -0.129620296453515 -0.0265941561912663
-0.0390945590720933 0.0677860638988494 -0.137073550180839 -0.0984706881162357
-0.0765103735697579 0.0341580224692818 -0.0961956558510484 -0.178394445042732
-0.109810154958441 -0.0300903612916664 -0.0335857731216519 -0.185702666345343
-0.119992235965913 -0.0915513777702152 -0.0615872492600354 -0.167681000604863
-0.126786052398164 -0.110414464558093 0.0161869085281167 -0.156793590005461
-0.118287536396185 -0.0397105010744604 0.00504891856222282 0.0524573660086831
-0.0969776006685287 0.04143438714674 0.182439739295555 0.041398901834307
-0.0568624881417541 0.0859569594219276 0.197476037348275 -0.113745638922876
-0.0021241945587426 0.0829180317274409 0.0566076657030068 -0.201853986468424
0.0407606035982804 0.0749899254785206 -0.0705608479398299 -0.157354804100214
0.0760702688444011 0.041604850912848 -0.106089740946702 -0.0716082679932048
0.0806182079192914 0.0234250798731725 -0.0887420005889968 -0.0235201636123694
0.0880853074332321 0.0363406548005399 -0.0850506846245426 0.00642420882286362
0.0630474886584226 0.084378475548822 -0.0985007214708953 0.0228676010814877
0.0122420283352063 0.105869982546158 -0.12433421026382 0.0167852987538059
-0.0648227865955131 0.125298443293876 -0.150976906027983 -0.0586258568537309
-0.13433560111106 0.0550002053786097 -0.118633737180636 -0.14991393468788
-0.159687914975678 -0.0620766889379682 -0.0442927652106466 -0.148847865865552
-0.151178512600324 -0.154629999193549 -0.0478143254673388 -0.102810559116526
-0.128926021346764 -0.170255409914766 0.0557047540834468 -0.088330478857787
-0.16462585319771 -0.0997947377024961 0.0256261941775382 0.0976707680806708
-0.172480654594498 0.0359695357231471 0.196910691419907 0.0815409409286757
-0.105977790497469 0.137938712855797 0.22133450854408 -0.0822786827362704
-0.0013320649697228 0.134179272060503 0.0796339159404697 -0.174838257681543
0.0605972040930853 0.106932142445013 -0.0393456792530171 -0.135010346234313
0.107774730180358 0.0581167209659514 -0.0714684995311722 -0.0496368836546004
0.112377552358288 0.0291209386184841 -0.0522274695772594 -0.00558257671714991
0.11711644633316 0.0379437747866564 -0.0467691666438108 0.0278979433239032
0.0880463620400034 0.0959030960774013 -0.0648422624475982 0.0550953236291517
0.0302417363246471 0.129689366078382 -0.105018278343962 0.0643274326004198
-0.066133495302966 0.164037405592095 -0.153569599056608 -0.00889114126130303
-0.161924381771058 0.0794577301816028 -0.134400788064142 -0.111447729818895
-0.187027134353183 -0.0714367995374025 -0.0460802439325423 -0.112868706462124
-0.163987565300492 -0.18762781707218 -0.0240286602132488 -0.0316425416226935
-0.107445570017065 -0.20139784185897 0.0846913360670119 0.00211833154127389
-0.174875338513612 -0.153241643660068 0.0394071973188041 0.152334086477477
-0.219413137494396 0.00850169323282937 0.190233190049264 0.129623657863209
-0.150345547072906 0.157342659798651 0.223569075096287 -0.0317481363848151
-0.00989944298493099 0.165568806671349 0.0994510730944749 -0.124987473873273
0.0669141075687234 0.126164881469375 -0.000943799203626007 -0.0963807729397987
0.122118998940878 0.0673767805925088 -0.0276277781406897 -0.0231304833617449
0.127817578379968 0.0303131814311075 -0.00848286803406179 0.0134342812322603
0.129554009668944 0.0334685417871372 -0.00200375042653026 0.0468613025564646
0.100019036306378 0.0913046771765773 -0.0236085734822053 0.08184357466894
0.0426283383139117 0.131840714819118 -0.0750942314265885 0.104238146692397
-0.0601413043625407 0.175223665351177 -0.142034916949163 0.0356055552569838
-0.165805559411891 0.0864930606150611 -0.137570900214761 -0.0741214192106003
-0.186279751705363 -0.0758819647729509 -0.0380429818595382 -0.0819565126812101
-0.150792644434481 -0.196776219963393 0.00397408870773165 0.0359395457218612
-0.0691222384071131 -0.192874650267322 0.0973076231163688 0.0978332464664695
-0.146999172513199 -0.176510159831076 0.0445250395861271 0.203199134973649
-0.218649645721801 -0.0252669477248939 0.162003418759526 0.169903096344372
-0.16827348394673 0.140680692129006 0.202132875516267 0.023681947910765
-0.0193689832651239 0.164479736791961 0.10675758811915 -0.0623538412402405
0.0610278051342256 0.121805395896535 0.0368539695760448 -0.0474512593509898
0.116719192666384 0.064300919255977 0.0179739972293849 0.00491381677014471
0.123433052285071 0.0258220833457633 0.0348993304980128 0.0312275301010862
0.12361901121214 0.0248138460172656 0.0412695235315595 0.0621973688984425
0.0977207757678248 0.0767227840955491 0.0158806856845332 0.102220966993297
0.0449327653251765 0.119124088024668 -0.0452207277194959 0.13314117103251
-0.0546594999808133 0.162225305517146 -0.124818391746727 0.0684222512258082
-0.153786211122677 0.0752284276233212 -0.131635291280834 -0.0421996677134554
-0.162305247126561 -0.0816204879668216 -0.0275211679110482 -0.05597217032342
-0.113643143925603 -0.185211385429168 0.0273101263499334 0.0952169626415585
-0.0220841063465318 -0.145629900056112 0.0952521346259602 0.177593632374547
-0.092971915424092 -0.156186795838671 0.0418984944541762 0.237846160436928
-0.169410836874761 -0.0420765610880914 0.122860105804302 0.194147965417329
-0.142798610915988 0.10232204524272 0.165689938236237 0.0705857922041114
-0.0184889600986666 0.129047202667971 0.106681805241168 -0.00395765023339098
0.0472836112195845 0.0934001410304451 0.0684022875757749 -0.00157495976744222
0.0925033638821883 0.0480214921620568 0.0592255503558074 0.0271998995520626
0.100314705318561 0.0169870993234119 0.0722352582346367 0.045118310832555
0.10094294135026 0.0155693485683405 0.0787804377471155 0.073162125053115
0.0833674484165939 0.0559997292676387 0.0480077045283939 0.117944976169005
0.0398649033682479 0.0961104405952371 -0.0225620035199009 0.154539065892968
-0.0484494768338322 0.1333745481664 -0.111245354920566 0.090312062848935
-0.129831560416693 0.0502622204814103 -0.124672312120877 -0.017281769779548
-0.121870212803756 -0.0859014362262148 -0.0198893389247695 -0.0334860802200315
-0.0594743594203198 -0.155139428073585 0.0408565878119159 0.142672749042536
0.0272523515053427 -0.0693496660666534 0.0838431784703585 0.22479261048272
-0.0279492437939066 -0.0978998781450006 0.039517524446218 0.249269381890465
-0.0884625468813909 -0.0353588763651126 0.0896307821809829 0.202402686547973
-0.0818507395611627 0.054809062007604 0.1357206646799 0.100526713473004
-0.00605830533804083 0.0692563020247014 0.108704828182034 0.0349508898785504
0.0278696068730499 0.0455116981356492 0.0941041698361793 0.0259590777924347
0.0536453073035713 0.0218357154056451 0.0893328866291203 0.0375525725490613
0.0627062365558708 0.00373781326299954 0.0977596355511592 0.0514184938327427
0.0648323499249062 0.00459934366480614 0.105195980801462 0.0796347501294308
0.0605258754211218 0.0301527453112432 0.0687389017156394 0.130735125723599
0.0313065564891527 0.0659480813459527 -0.00998891989900208 0.17086432604998
-0.0366377451659696 0.0924691441869588 -0.108534565194942 0.105822084071908
-0.093402705252261 0.0220344034484619 -0.124602945649277 0.000349958051345529
-0.0695543876224221 -0.0785956678830728 -0.0176148131237801 -0.019770651063165
0.000682730921087161 -0.104964007445091 0.042854878307037 0.173956733630318
-0.057242878145263 0.0349992983324513 -0.0667827567841866 -0.202971164509459
0.0154263733402487 0.0477891373720188 -0.0349381147037168 0.0194735583668734
0.052615618405229 0.000312929118637541 0.138629864835183 0.0172929656607163
0.0120005375902762 -0.0435244590475926 0.152294000003772 -0.115066797317117
-0.022803905452068 -0.0224476722719091 0.0346865111271567 -0.205746128699417
-0.0175159230262855 0.00397130717234758 -0.0914667008680552 -0.168076159634076
-0.0146648954622174 0.00467859230324284 -0.135640793371236 -0.0949284627377425
-0.0126520387502283 0.00275459606521474 -0.125764854226239 -0.0502984577610756
-0.0025482807348668 0.00336027952762262 -0.121542083450271 -0.0316042525962314
0.00214835229900696 0.00321932354793028 -0.126186860381149 -0.0293938155454179
0.00329151321457524 -0.00196326737224461 -0.130003495528861 -0.0546513543982415
0.0162690070374705 0.00969500190480792 -0.127866023949544 -0.125099407906869
0.00339435660207359 0.0332046085760566 -0.0813894022912525 -0.201668790173841
-0.0526038668223247 0.0296898972489059 -0.0146104563358936 -0.228698760845287
-0.0809759612904017 -0.00645132220419348 -0.0632937811524574 -0.222727479679543
-0.103158408525753 -0.0397439210385094 -0.0267210869894934 -0.199736508188497
-0.0558349101817475 0.0113625035386374 -0.0172200376910746 0.0260186499457362
-0.0188612207105928 0.0270395899954282 0.161670362172039 0.0206444095057268
-0.0176909014878592 0.0219907567657671 0.175109038608713 -0.123693416720379
-0.0111975138984416 0.0291800167652486 0.0420556165230123 -0.213408984322957
0.0137935426409711 0.0398529955305376 -0.0889348682962921 -0.170638485676197
0.0341279490172464 0.0234198742501902 -0.130014498875996 -0.0887273715373954
0.0374899186049735 0.0149325668825824 -0.116625666404972 -0.0410781041671826
0.0469673198308496 0.0260468343591945 -0.113370041333778 -0.0164139352142647
0.0330167294080059 0.0549235361915198 -0.121764449285125 -0.0102738564279872
-0.000446597468136984 0.0619674862442897 -0.13271089902513 -0.0297244263480968
-0.0422253581504648 0.0698747870897542 -0.139954751628553 -0.102369065344645
-0.0811538887917165 0.0336581966602622 -0.0970907403366461 -0.184967314904387
-0.11347520021596 -0.0335311097113734 -0.031451623519511 -0.194656038359942
-0.121346457925978 -0.0967519348387689 -0.0607836551114229 -0.17759586918955
-0.128607629605144 -0.116374657006382 0.0170563093284488 -0.162827307327428
-0.123049136656916 -0.0436977226662131 0.00310913608303056 0.0547144105031767
-0.101440264742456 0.0412955675280849 0.186983176385841 0.0453011343995892
-0.0601851085466564 0.0897567850252954 0.205166221392432 -0.115081896136139
-0.00295418637119727 0.0870160234960343 0.0614487183917807 -0.207680657561193
0.0425173954904538 0.078639105557127 -0.0701013255517091 -0.162362371372243
0.0790717618686277 0.0437703246194407 -0.107868344074404 -0.0748801710484284
0.0830510224299919 0.0251002498355605 -0.0907837409203688 -0.0260905251304485
0.0904273904622534 0.0388223174130911 -0.0874443352894565 0.00558511201880459
0.0650392808311037 0.0888677654199959 -0.101295630516337 0.0224679546127192
0.0116283522202148 0.110898257865721 -0.127260429988893 0.0155144958970343
-0.0687811606391534 0.129343667295243 -0.155526934275946 -0.0600255588182281
-0.141235854540054 0.0554393598055625 -0.121114249513222 -0.155861343015246
-0.164983877188625 -0.0677593960989339 -0.0442802401038931 -0.156112827286075
-0.152715120886032 -0.161548772764611 -0.047571535238788 -0.110172721200084
-0.130316101054299 -0.177684097494136 0.0571786439054889 -0.0907808993566841
-0.169890579644917 -0.106551884498916 0.0228707719699198 0.101092282085246
-0.179291076394738 0.0349693254624082 0.201658700954496 0.0864321246893994
-0.111351772472039 0.142291666820645 0.229150800280289 -0.0821052496174303
-0.00306621251695152 0.140636401219714 0.0851342622364616 -0.179164665577541
0.062029114346107 0.112422249689617 -0.0383561020192739 -0.138785755460166
0.111669907580683 0.0614435592726072 -0.071255343823658 -0.0528309840878833
0.115741136777486 0.0311027925730331 -0.0526890351622364 -0.00665029213264938
0.120427150430631 0.0404680103877451 -0.0476382188002857 0.0280128366993567
0.0909416854587909 0.100841350960079 -0.0663586601419553 0.056629107369025
0.0303106174123956 0.135612860658279 -0.107654634348561 0.0653822599099045
-0.0710468362539637 0.169980240983951 -0.157603085669026 -0.00854890896108129
-0.169381044250518 0.0806048656963888 -0.138985118117694 -0.117086055468231
-0.192659915699291 -0.0775504694936573 -0.046687787856974 -0.118730356043463
-0.165954445529709 -0.196210953318341 -0.0239662851503931 -0.0357772870600269
-0.107982118660192 -0.209999340024648 0.0850924673149728 0.00372677470795936
-0.179556360347333 -0.161736868255483 0.0358067355126996 0.157669752037048
-0.22672843220499 0.00590780600240264 0.193916286741292 0.136161859158063
-0.157359701408845 0.162439933962212 0.231235307433928 -0.0296401901147726
-0.0125286584392558 0.172953753895419 0.104206808831408 -0.127218552448
0.0686734611327228 0.132017259067911 0.00113496910187224 -0.0981336901723235
0.126052268544097 0.0715351390354827 -0.0260804698318611 -0.0246009202443621
0.13111489291174 0.032165287834324 -0.00768805997747456 0.0138229226335453
0.132968740015664 0.0359655434748137 -0.00137252256730903 0.0481783147442382
0.102647865629092 0.095894176891424 -0.0243723126955716 0.0847093049057879
0.042393227464614 0.137751754730691 -0.0777087406219992 0.107301470831692
-0.0639528588543698 0.180825214066755 -0.146774832505588 0.037815503993571
-0.17287971076531 0.0882888858753893 -0.143043576775982 -0.077938457358051
-0.192350303722575 -0.0820065678306077 -0.0396058956614746 -0.086205473332916
-0.152030720962373 -0.205271138425632 0.00395793965761123 0.0353284307220701
-0.0688413931325552 -0.200168116608063 0.0971830056849379 0.103296436448899
-0.149925592016735 -0.185141277445362 0.040104191847473 0.210959916161589
-0.225025031578539 -0.0283578841102929 0.163725901438649 0.178369992340643
-0.1750898062934 0.145221423412095 0.20797437781746 0.0273052289790498
-0.0222020861856131 0.170597671346997 0.111316660906207 -0.0617111050930236
0.0614885384637074 0.12854069153316 0.0391871668015253 -0.0474673748636779
0.119835560917628 0.0678274995386398 0.0207158241575943 0.00504681554949049
0.126530360019012 0.0273758861219191 0.0376117936367161 0.0327975838730842
0.126557672327899 0.0271279592501534 0.0432568189368323 0.0649314559828008
0.0995721505827591 0.0805906753954312 0.0161643251507262 0.106376833491082
0.0452183026082245 0.124102341650014 -0.0472209299839815 0.137874084789903
-0.0585841159322547 0.167696814005082 -0.129462791672472 0.0715214314249544
-0.160019121228813 0.0758377547348464 -0.137357426216926 -0.0441303907422779
-0.167174193779113 -0.0872739092292581 -0.0289690283667568 -0.0583805972291568
-0.114193728667278 -0.19185722247558 0.0270778273243433 0.0975212065877217
-0.0211851606378748 -0.150008542068438 0.0941247734662102 0.187613545400254
-0.0943233684648058 -0.162697110982357 0.0370460647225864 0.247802172975624
-0.173873853655285 -0.045230319045094 0.12314841896765 0.203098897431022
-0.14830151003126 0.104988012557654 0.169687024883727 0.0753063891909119
-0.0208061813816633 0.133555134535755 0.109647325410626 -0.00175750856941799
0.0472868221116339 0.0974991935230561 0.0720548937682851 -2.76895694841189E-06
0.0946493559503708 0.0505631619743491 0.0628304186556181 0.0290151341018642
0.102973502117412 0.0178537674330929 0.0763103563989656 0.0472359939651933
0.103332071612523 0.0167140360126316 0.0813502543066483 0.0772950936296073
0.085425261192919 0.058464317776147 0.0481964101131384 0.123068108223934
0.0397363120441165 0.100291485593138 -0.0243253517846926 0.159651549256523
-0.0513149840568083 0.136915586529008 -0.116164898698883 0.0935150679583821
-0.134106404737053 0.0507127527544802 -0.130207687962589 -0.0187101563967954
-0.124922142484722 -0.0903054473911991 -0.0205292937565969 -0.0358776339553803
-0.0597225448627645 -0.15984504967437 0.0408602689150722 0.14736435543607
0.0281779957711548 -0.0706065695999995 0.0819745498541019 0.23644616376675
-0.0277514528834321 -0.100495947083959 0.0349921312798155 0.259982836958975
-0.089977987165999 -0.0370345399628539 0.0889729255940749 0.210303775325962
-0.0842241591266097 0.0565758833783094 0.138283081603002 0.105643031091948
-0.00727272018830002 0.0712336210316686 0.111864550654163 0.0377921934433863
0.0281067341286234 0.0475705178612053 0.0975898274125882 0.0289190705707926
0.0547417540361944 0.0227254482402053 0.0933682605402334 0.0407856098453775
0.0637270584004109 0.00398020699394779 0.102527437115586 0.0546339523248179
0.0661582140553078 0.00453151788944141 0.108021097111896 0.0844351753518608
0.0613683089055344 0.0313655005646968 0.0689866273529723 0.136662240781912
0.0316432245830852 0.0683867725036433 -0.0125984498209964 0.176610599421441
-0.0389704926196588 0.0946700010314519 -0.113635809518346 0.109199412415018
-0.09587865668602 0.0207433195312174 -0.130324836354774 -0.000235384585089249
-0.0712337730167329 -0.0819545556031298 -0.0188234848443256 -0.0207048897395171
0.00151078696128694 -0.106998114312889 0.0427746845232203 0.179868959777969
-0.0596517219755373 0.0377787021249813 -0.0730165608265856 -0.219202594736489
0.0169444290845492 0.0514867884382114 -0.0380332653334822 0.0221452984108976
0.0553215295439917 0.000424337970135168 0.148065682452023 0.0188563899439197
0.0125313819475458 -0.0457563558015864 0.162577427803882 -0.124529017511023
-0.0240152556060492 -0.0230612943370703 0.036712532233688 -0.22169885799548
-0.0177268292513593 0.00448789024766082 -0.0974457346985831 -0.180126079031356
-0.0149409383663033 0.00531022473411638 -0.145573570279943 -0.101797760833942
-0.0132783618737413 0.00374401172366474 -0.135499126888718 -0.0539959232748662
-0.00211753724318432 0.00422572707824203 -0.130893336991367 -0.0347095009970275
0.00228970568724573 0.00412360112166567 -0.134949437969871 -0.0321928596077203
0.00298417692309683 -0.00117850786957953 -0.138399831818195 -0.0591461281540642
0.0164943196430462 0.0108398616303283 -0.136225635803646 -0.134710626474649
0.00197806461495996 0.0347616030884892 -0.0858526034735731 -0.21625855783406
-0.0567173996311872 0.0312126529668996 -0.0135575022534865 -0.247732303536113
-0.0857544315499181 -0.00710127589858043 -0.0671853637952571 -0.242422840696398
-0.108842740024363 -0.0428079781882838 -0.0300147578970405 -0.215936761433061
-0.060294110106309 0.0113881499329371 -0.0200911713294121 0.0289293736082823
-0.0207798839736837 0.028969127107619 0.172692234899963 0.0227385703570059
-0.0190550692238677 0.0253115764621194 0.186808725630162 -0.133406719502957
-0.0115851657108141 0.0327682098864848 0.0450867447626576 -0.229189675820518
0.0159821961080755 0.0432213177753137 -0.0941857128929398 -0.181816808336512
0.0375169055522892 0.0247959893227176 -0.138186390681069 -0.0949403302052234
0.0407738997969121 0.0163450727463109 -0.125122295494922 -0.0449453325362677
0.0516609194427422 0.0285129372307055 -0.121424334698787 -0.0183350839108271
0.0356676875128757 0.0601025305784496 -0.129847115587395 -0.0112608558014712
-0.000763948075959133 0.0675633453308318 -0.140988150821996 -0.0324893611539838
-0.0455436056732038 0.0760877810795008 -0.148754003363216 -0.109510529249027
-0.0886462115832377 0.0359670935949586 -0.103496944562541 -0.198014464337824
-0.122631625068832 -0.0375777445854323 -0.0331531426654688 -0.211520946424207
-0.128816369754481 -0.104189402830584 -0.0647479678573622 -0.194049137247485
-0.136418330579397 -0.12450564628754 0.0164485625057588 -0.176080916970845
-0.132715356622223 -0.0478692808670606 0.00131972238747778 0.059016530890746
-0.109403010856352 0.0443464557677771 0.199211470182556 0.0489027115875596
-0.0647446973188391 0.0983685888518201 0.220300763487589 -0.12398574615914
-0.00290790174704438 0.0956586795288818 0.0657391850708135 -0.222455460748629
0.0462821791106833 0.0852029433125198 -0.0742917159877432 -0.173701464655864
0.0854963417257518 0.0470922224647278 -0.113923995248852 -0.0805537582892692
0.0892269782456022 0.0268845110247541 -0.097219165885535 -0.0288270581957382
0.0973598021952979 0.0422438167834466 -0.092722966764348 0.0050898031367116
0.0707426394081563 0.0962184769291856 -0.107445783336971 0.0236064656483467
0.0128315231430962 0.119778430985585 -0.135339470654809 0.0165975093431927
-0.0745137657163631 0.140028961699519 -0.166243298190741 -0.0638055286550231
-0.152988311173979 0.0597372493779871 -0.130565008858927 -0.167346931605545
-0.177805486809741 -0.0738417820207928 -0.0471123122855159 -0.169394985889986
-0.162005461719553 -0.174096358986734 -0.0507894365860952 -0.121713236089065
-0.138687819678344 -0.191319647557056 0.059350733552195 -0.098238362557299
-0.183242976285067 -0.115706282603222 0.0221521584690941 0.109146580153577
-0.192525975809424 0.0373182200912179 0.21463066700948 0.0934348056777906
-0.119447947934876 0.15552733088141 0.24532379404737 -0.0883523996070294
-0.00314152320041542 0.153043353939952 0.0920846081681241 -0.192233038642803
0.0674590052523402 0.121714353108253 -0.0398777848890984 -0.147956051350323
0.120095328855128 0.0658482982690723 -0.0742522582190269 -0.0566309144831961
0.124176646658614 0.0329401191566257 -0.0553740665368987 -0.00791766736789182
0.129160273015119 0.0435791659454079 -0.0495238639623651 0.0300028137470532
0.0983187931073293 0.108701947395331 -0.0702939158531914 0.0602480842026011
0.0331304540570955 0.146425798026971 -0.114226009783876 0.0706884681146808
-0.0762088970875113 0.183653948497512 -0.16864737466816 -0.00722756799240912
-0.183018316153933 0.0870294135866658 -0.150618340485561 -0.124858673658491
-0.207892642012345 -0.085012271099928 -0.051093398979713 -0.128810258650282
-0.176837441309534 -0.210515184605845 -0.02558313487063 -0.0410831606310185
-0.115361555523079 -0.225274616132512 0.0889911402236446 0.00480929719870422
-0.193037757748787 -0.175129580408629 0.0352256123137139 0.170344728523033
-0.243776585587578 0.006535146387802 0.206686979827071 0.146474193691277
-0.169250797884862 0.176864595050442 0.247236715432888 -0.0322858750492962
-0.0128264115898156 0.187678845665251 0.112009084765234 -0.13597324417651
0.0742069138390006 0.14335415419931 0.00191739957580507 -0.104201991630537
0.135222086256562 0.0764469620416945 -0.0255792353347901 -0.0267163640064359
0.14046614918481 0.0336323901299627 -0.00619376608677372 0.0142838587986487
0.141592329118784 0.0378665476918598 0.000287113016642925 0.0520467689798951
0.111438957149425 0.10361702032266 -0.0249529812841972 0.0904801238190139
0.0464415312228962 0.148774887488341 -0.0814088802266242 0.115599519403689
-0.0687826501638676 0.195261890759904 -0.156710346548102 0.0422660836500779
-0.186318054666706 0.0957503948804701 -0.154784432719443 -0.0823160155026234
-0.206872073699691 -0.0895099452283428 -0.0432417466499833 -0.0929327960595609
-0.162642398721147 -0.219853968001485 0.00426614682581758 0.0360796995194814
-0.0733986922652289 -0.214209701151668 0.102394957100139 0.113691711810025
-0.162045595407476 -0.199324056575838 0.0400166436529009 0.227589352656206
-0.241017716526196 -0.0300907918108177 0.175130473911178 0.19100669773237
-0.187826182123981 0.157911646055138 0.222351987857223 0.0292066266839012
-0.0235947150867858 0.184242725823235 0.119347749154234 -0.0653495283393769
0.0671561091866087 0.138447881984942 0.0428636056323307 -0.0495989312608591
0.128875844405203 0.0726104471219281 0.0245144537310209 0.00523407360122689
0.135446135632434 0.0285837806399257 0.0425336693136554 0.0344516075917148
0.134882954110015 0.028632905235638 0.0480254065330047 0.0698910350355482
0.107548591346205 0.0863401495968676 0.0177683704491944 0.114313381757245
0.0486664021098817 0.133252243251798 -0.048989454763233 0.14830271309303
-0.0625134258159432 0.180463544041769 -0.137771149165235 0.0787620092203749
-0.171468916587332 0.0820489476485142 -0.148826643257227 -0.0460962851487069
-0.179233045138459 -0.0950256923716131 -0.0321594886074224 -0.0628298176249794
-0.122265600777405 -0.205606594638798 0.0295006701706752 0.10334333773767
-0.0231569932098808 -0.160369740544806 0.0996676425904217 0.204520837608293
-0.101385653311824 -0.174304584996445 0.0367420220537617 0.267808051974346
-0.185688849559713 -0.0485813702302389 0.130752639412584 0.218197930404571
-0.158423602096109 0.115038412190879 0.181065401299147 0.0808880717958612
-0.0222679377621417 0.14415527459041 0.118056020685341 -0.000536930394004402
0.051201750395234 0.106090870450533 0.0778290462800551 0.000773630169819839
0.101538059540024 0.0533629304012503 0.069486732346589 0.0315208514658575
0.109946748920902 0.0180336970195722 0.0845309933812727 0.050541415767556
0.11012914972827 0.0174009411077468 0.0882921738171407 0.0832354576330712
0.0910103902146339 0.0624140676236616 0.0527559232056873 0.132937246421966
0.0426734489397719 0.10769577137398 -0.0248294631986976 0.171492852339108
-0.055164435950766 0.147054401027116 -0.12414479412124 0.102152529921265
-0.143610341319542 0.0539299195648175 -0.141650852187487 -0.018817719969317
-0.134200608859681 -0.0972358481218854 -0.0234565751165076 -0.0382578419501034
-0.0637341959671341 -0.169979995305484 0.0444997197160545 0.15779324281255
0.0300011254204166 -0.0746460557165839 0.0864664232348489 0.258199599163482
-0.0299027737919706 -0.107190212503929 0.0349199930601792 0.281225404503002
-0.0958209147976723 -0.0393045821592895 0.094622162253495 0.226572188778173
-0.0895242350895522 0.0624781519341448 0.147760314716573 0.113698894347553
-0.00779187922339443 0.0762021945242824 0.119348438806933 0.0412744875346533
0.0294438787148886 0.0514562939594886 0.104986081066671 0.031590515568449
0.0579970818863385 0.0239489382123404 0.102243180281868 0.0436449905288437
0.0673436507331618 0.00346713135405097 0.112594198650742 0.0587484419271203
0.0699099842101142 0.00486166025792236 0.116580271965979 0.0917660572888996
0.0652989584408046 0.0331797347938376 0.0740359329370129 0.147424949534416
0.0340060796927791 0.0732233660439247 -0.0128881874802024 0.189455143265942
-0.0413510809534909 0.101327174524037 -0.121996278555014 0.118565324637607
-0.10160377898457 0.0218517643608054 -0.140735726896112 0.000523233458677168
-0.0762380020744362 -0.0876234335495304 -0.0212049532754981 -0.0227129276201582
0.00182055152429429 -0.112872469636614 0.0466683044570032 0.192827592810267
-0.0615432247295407 0.0438025745479977 -0.0900459721101075 -0.237048929226553
0.0202867251024453 0.0557030541475915 -0.0411201186293047 0.0277082357494646
0.0594695516084521 -0.00218878193189623 0.163288618372958 0.0152809812941512
0.011726947824652 -0.0491628953325686 0.172054183339601 -0.142856378019204
-0.0260494426721035 -0.0232886699884487 0.0309622118533049 -0.244444454053604
-0.0182660752369331 0.00557644619945913 -0.113367161635881 -0.193274568135536
-0.0155323046732145 0.00679461117466681 -0.162641542683983 -0.103885343210603
-0.0138462064166022 0.00513102748046624 -0.151639296021009 -0.0546487569953167
-0.000801035168259598 0.00554773263264299 -0.145208585662363 -0.032781412628909
0.00309650674575392 0.00573034758757794 -0.148855134611279 -0.0304517628803814
0.00267039354804656 -0.000327178585475167 -0.153435810750665 -0.0606620309797256
0.0175556333087058 0.0118159900017547 -0.153194602470121 -0.142183495348123
0.00147841993191682 0.0379933533725293 -0.100495117902125 -0.2325532032825
-0.0621857784870018 0.0363470068273882 -0.0230640075320186 -0.272396713636531
-0.0927952296818732 -0.00455198644655704 -0.0822075498322306 -0.26646936385287
-0.118646346946069 -0.0427235229280768 -0.0441349166521689 -0.235683087016915
-0.065714678857813 0.0147345490506121 -0.0217777921820058 0.0337458231417049
-0.022985325437268 0.03242147086953 0.189751144291561 0.0185172347086573
-0.0200118344447521 0.0298440450985594 0.19921870430214 -0.15332499147292
-0.010065367388563 0.0383015245510154 0.040496320148076 -0.252758975881895
0.0207494095853129 0.0469584462190406 -0.109961677164678 -0.195214227355826
0.0428752732361678 0.0260522432572661 -0.1544196881139 -0.0976259235801217
0.0456402396123497 0.0163865509342411 -0.139378234280631 -0.0451489656791383
0.0583379013056738 0.0295315068738484 -0.13364372843877 -0.0160065557898762
0.0422083739247933 0.0648464284725047 -0.142024962283719 -0.0078605493572145
0.00168598892590708 0.0753940086145667 -0.155424950369691 -0.0310106447353008
-0.0480439151247401 0.0865755879947673 -0.166237916599809 -0.113201163764481
-0.0975510523756896 0.0432033136536252 -0.12112236028457 -0.212647660369731
-0.137058257462781 -0.0373133291058633 -0.0436624186869062 -0.232042900871183
-0.143543685831804 -0.109152417165861 -0.0784319445073696 -0.21395412266541
-0.153351566082887 -0.131292461314348 0.0089812624763946 -0.193475721816304
-0.147873867821631 -0.0481558532349467 0.00210502871964565 0.0656486844948018
-0.118870746190975 0.0525824764517836 0.220096939963325 0.0460107832768279
-0.0670209664562549 0.112763828604556 0.23515715168823 -0.144349573778554
0.00160817427063175 0.106960261340125 0.0646166825204097 -0.246929521160738
0.0557006153089078 0.0918348051523665 -0.0872444498492351 -0.186603921985718
0.0963380781662189 0.0484327635818187 -0.12646611754275 -0.0838145053663343
0.0989354428114886 0.0256427644918822 -0.10693244257197 -0.0285163823691402
0.108834300193157 0.0422950049968169 -0.100398424899758 0.00856254959818421
0.0821744899787285 0.102727189740783 -0.116048565058298 0.0300365371750934
0.0187850847638041 0.132056207386417 -0.146492686677748 0.0224207631056947
-0.076329071810055 0.157748750228455 -0.183301511814357 -0.0614908061008344
-0.166492993816462 0.07238470200654 -0.150783526200336 -0.176928386043245
-0.198875384796935 -0.0758902480809554 -0.0587894622978851 -0.185194986353998
-0.183375384390849 -0.184089787084861 -0.060392649563107 -0.1345127005543
-0.158432320101281 -0.204045233120956 0.0586764517978065 -0.108909274332153
-0.206266541729495 -0.121035592118611 0.0260239499513621 0.119713622144198
-0.209409331122724 0.0488063007777962 0.237060119636171 0.0938908687489362
-0.124506642071222 0.177321664704114 0.264704009561007 -0.106829699615263
0.00330528221184725 0.169535826161736 0.0933839899630015 -0.213616691649932
0.0803894518251207 0.131399824005769 -0.0487443437417215 -0.159368723170775
0.135054814632063 0.0676605137324794 -0.0814078509100905 -0.0595520794134182
0.136882432588138 0.0303067227854143 -0.0596955118960489 -0.00754143093850765
0.143085235067668 0.0426548214248437 -0.0517131619511634 0.0339173704770668
0.112824053932618 0.115486895739972 -0.0733195712068681 0.0691384772981466
0.0427185628181025 0.15990639777782 -0.120154354645128 0.0816191985365224
-0.0763893341599265 0.205223242001702 -0.184093732077942 0.00103422801933813
-0.197879466449425 0.103842645764796 -0.171290837418448 -0.129393553806402
-0.232027209379489 -0.08641912615078 -0.0620103267805844 -0.139544916570019
-0.200914090689108 -0.223510709041056 -0.0298555261384551 -0.0464557759752297
-0.134322354950178 -0.242476800209504 0.0956285943286909 0.00348825951799606
-0.219491619119394 -0.185138379922898 0.0433163476249504 0.186181851770732
-0.266103100577447 0.0170658406313582 0.229906801548823 0.152366097587644
-0.177495452998629 0.202903689028691 0.268589620677612 -0.0452800497818699
-0.00652851260804971 0.207409679380427 0.11781190037795 -0.152220410542942
0.088279121855303 0.154569554823381 -0.000604409222764805 -0.113394605765757
0.151531527368903 0.078529946187883 -0.0266538067338914 -0.0287487175223567
0.154754106727658 0.0303469378541161 -0.00446084102624757 0.0147852506280231
0.156413276610706 0.0360889767907515 0.00372201156574019 0.0563494755780853
0.125985209787254 0.109041021504424 -0.0227865734078785 0.100477421148997
0.0570392687091227 0.161374923428966 -0.0828431234038382 0.130185535785067
-0.0676255824333617 0.218638114912566 -0.168288950834949 0.055274844549708
-0.200198314874454 0.112479363676462 -0.174467813789475 -0.0820753340676286
-0.230519564647697 -0.0913818931092497 -0.05242224050644 -0.100631653956856
-0.185866144976706 -0.233648580577831 0.00638195082507569 0.0377091451131724
-0.0883734830905585 -0.231734027448807 0.115081918233008 0.122809331348878
-0.185549454419904 -0.212609127310359 0.0507680852026889 0.249703119340093
-0.264884922705392 -0.0234803048302475 0.197111109916921 0.202516892253321
-0.19811932025551 0.182675079011323 0.242977750372705 0.022846182883396
-0.0180514836601638 0.20438347546503 0.128040531733702 -0.0758980648665099
0.0799605710428056 0.150340603707927 0.0463596514422796 -0.0550712904094792
0.144101931932831 0.074216337914425 0.0299243874745015 0.00398413462502659
0.148929552172612 0.0245543335171545 0.0501697718687445 0.0352642996579126
0.14820193822886 0.0256906495692359 0.0570492523977773 0.0742144779597307
0.12143136794072 0.0903228274007716 0.0253939476976348 0.124621137052789
0.0589307483050847 0.14456960854693 -0.0457023483788728 0.16476200213061
-0.0617876334573166 0.200878646556143 -0.146997148773604 0.0938827312066354
-0.183845743423468 0.0971832420415809 -0.166624708273574 -0.0430515108247151
-0.200776118839263 -0.0976996354683953 -0.0386315456388641 -0.0673918042940496
-0.141774346540579 -0.219815996951668 0.036983783501058 0.111603871698276
-0.03144253378428 -0.173814703407599 0.11552417081481 0.224259599766061
-0.118428479619302 -0.187699663694869 0.048377830451494 0.294043277440584
-0.204696633015053 -0.0449553782367032 0.15017049443968 0.233077322702564
-0.167341898684287 0.134076764307099 0.200320232128456 0.0808576230550739
-0.0181553011662295 0.159459618826703 0.128197697158885 -0.00423676777314126
0.0605666450913891 0.114924027384154 0.0866105532916405 -0.000798413122328081
0.112850400307068 0.054528238931744 0.0798730918211314 0.0306582024643667
0.120131780047979 0.0143828150717538 0.0969503288321864 0.051190928153374
0.120067648263186 0.0151810985339645 0.101518518036514 0.0876027238925195
0.101867146675191 0.0643566095728721 0.0632282569943835 0.144117876985543
0.0514643177919762 0.115618638757864 -0.0190484869289407 0.188743542436837
-0.0538994599030594 0.163324616133969 -0.131054301746455 0.118343177884794
-0.154295482357538 0.0646716155426337 -0.157049417852063 -0.0138036722227277
-0.150505068105975 -0.101175332636914 -0.0276030546985595 -0.0406658579517935
-0.0766506050299403 -0.181973893776846 0.0561920633815343 0.170345917021524
0.0296706033352385 -0.0822688904965783 0.10505412400235 0.283417699243749
-0.0364954705907494 -0.115495745254042 0.0482156373330686 0.309258239970947
-0.10526181685352 -0.0390744350977408 0.111581155837902 0.244501563982206
-0.0936911868324089 0.0727005347991086 0.164146983205916 0.118229151488504
-0.00563543068339759 0.0837567064260412 0.131707314006115 0.0418555633627024
0.0338503806863792 0.0554643500821115 0.117433317022495 0.0307451199166111
0.0635446137119192 0.0235569062700173 0.115521598164778 0.0438034182674825
0.0728839357800441 5.99719175239646E-05 0.128196909694055 0.0588267174078151
0.0761694085696323 0.00228067705628852 0.132272629614683 0.095059379141731
0.071995097498467 0.0329582020093108 0.0871596306090091 0.159906599670802
0.0403681570549974 0.0784348828672101 -0.00585812252536227 0.207915985314236
-0.0406141172834765 0.1122707330401 -0.129161268475042 0.135180721316025
-0.109639840721882 0.0274584647388331 -0.155107913421159 0.0069090689398488
-0.0868308783547984 -0.0922501916374985 -0.0246052196775085 -0.0245939884105172
-0.00277917012059714 -0.121314408314069 0.0604970151716095 0.208501734802896
-0.0749517768999664 0.033832113575722 -0.0642618722979543 -0.263584641554557
0.012908170780094 0.0621115385337151 -0.047529383011603 0.0271485184818841
0.0630639474097948 0.00465640604879742 0.176615291636159 0.040332101376356
0.0171787199566328 -0.0522938090514483 0.208579288191677 -0.132698526794462
-0.0276412922323923 -0.029436897080121 0.066416422869542 -0.260450621347932
-0.0218149068899039 0.00310227444334679 -0.0950525678443401 -0.224701183998592
-0.0170716494756218 0.00505057947940472 -0.162147426286034 -0.135780679644345
-0.016229373552415 0.00414731847599604 -0.15718823316029 -0.081711638789673
-0.000853352930020056 0.00599808924020835 -0.154209641267421 -0.0571784321159996
0.00191041250934432 0.00746990888658529 -0.156327478748519 -0.0542171968349635
0.000630668411805187 -7.31732689313661E-05 -0.15597287771024 -0.0872819439279836
0.0152083231188333 0.012965094105681 -0.143395463380038 -0.174991614433014
-0.00651916415954541 0.0372579383373663 -0.0738173442399096 -0.264347383373379
-0.0726953461059333 0.0241541984621597 0.0210369448460262 -0.298393096076729
-0.101559808807134 -0.0248208353173329 -0.0393848409340542 -0.302488417461171
-0.120521692589869 -0.0678909169220398 -0.0179159426949844 -0.259211533232713
-0.0714957436316732 0.00438244140082291 -0.031700594813995 0.0349470069818811
-0.0286144495910416 0.0274538076020879 0.197996031461655 0.0497841292726414
-0.0274533629008159 0.0260353080731234 0.234889103109512 -0.135735218742712
-0.0214212722952066 0.0383591133397912 0.0790071661288833 -0.265321657877869
0.0129415130891395 0.0538764521543837 -0.0899766848325974 -0.224572684832973
0.0417299426246215 0.0348673537988345 -0.152413088208948 -0.126453300319673
0.0449428274021444 0.0271768246949375 -0.144436677396157 -0.0702078061581823
0.0581268867796388 0.0420467933996788 -0.144857175923369 -0.0362713972050389
0.034219924782691 0.0779259767744052 -0.153500943892111 -0.0290205567036672
-0.0145053750742151 0.0823754359044785 -0.161348023470105 -0.0582437065067667
-0.0672491308390254 0.0836749871276759 -0.160453553802141 -0.151585104178704
-0.114877277572359 0.0244703791387991 -0.0967565554504876 -0.245243403336768
-0.14103059730349 -0.0694086600705009 -0.00545662064135254 -0.253819686816563
-0.138887048711306 -0.14987861388886 -0.0430393454359497 -0.238242314097627
-0.141187069885336 -0.167131850851348 0.0310033532795027 -0.209615176794197
-0.147978877372244 -0.0744599070658458 -0.0134960128461903 0.0705257521916955
-0.131944301055589 0.0332109674265342 0.220071296755704 0.0850822439907388
-0.0880370444662128 0.105373166731864 0.268282302365517 -0.11663540125232
-0.0193629760595011 0.112256221735751 0.105553152794239 -0.251158823341108
0.043612921843041 0.107693991212805 -0.0656810535357484 -0.21063488471439
0.0945813588558228 0.0655619094911955 -0.12260301365044 -0.105493040881608
0.100250787851808 0.0458642149981964 -0.11121219842744 -0.0474307913379305
0.109926255616692 0.0640811646017263 -0.112308404888051 -0.00513901826214547
0.0715754522885284 0.12554241205844 -0.131701538362447 0.0154348590310921
-0.00632247887092072 0.147444764827366 -0.15973349270899 -0.000792875831434536
-0.110099444525089 0.157664006962594 -0.186028380607785 -0.10267550125946
-0.194799402596583 0.0431688337827965 -0.133159046572513 -0.211668166314997
-0.201717681237057 -0.121374983283106 -0.0257839889708522 -0.20406692645023
-0.168851803890599 -0.239570258378955 -0.0370677885562272 -0.144543661126092
-0.13254183069106 -0.24466181382777 0.0708308774234977 -0.114904333744998
-0.196133063240732 -0.160623563748105 0.00238970447025062 0.129148756148541
-0.225352313543277 0.0138989573363724 0.225135197045998 0.13774691917538
-0.156769725064752 0.164360785292547 0.287771457219818 -0.06838485740705
-0.0270000981017385 0.179478650067396 0.133410527643619 -0.20696930768322
0.063574343823319 0.154176802681177 -0.0270173325226367 -0.174050344248703
0.132973116651209 0.0924362702924754 -0.0764357920299371 -0.0721704986440903
0.140612760329608 0.0576922672608626 -0.062396686280886 -0.0174076038724319
0.145601099737467 0.069216501920947 -0.0627208410494701 0.0300289096145916
0.102397327969283 0.143947065537224 -0.0917304421134014 0.0644571916530422
0.0144452820121232 0.182642827156207 -0.139677506630908 0.0646596525467539
-0.116970518992363 0.210295240943732 -0.19718155413112 -0.0375372549922842
-0.234649705191251 0.0712497625594099 -0.161956196491858 -0.163804789457487
-0.235742151735684 -0.137761794633885 -0.034627423428993 -0.154437464681925
-0.180310846507645 -0.286250524150643 -0.0186930383442393 -0.0416007627415041
-0.0985193330295085 -0.279419861893465 0.0947447747701671 0.00934705904358527
-0.198968518257643 -0.229704855813547 0.0103317841176739 0.201568490689689
-0.278860783860705 -0.028107107137228 0.205393075131994 0.196846211620762
-0.214781410141542 0.18344864211988 0.278939279734105 -0.000381922405258787
-0.0424030862582038 0.217105956722829 0.150251808408838 -0.135005817162375
0.0691023828857422 0.18086945595392 0.018472638835294 -0.116800110101648
0.148714683912452 0.106478861016423 -0.0202620701270565 -0.0301923862925441
0.159554051438916 0.0604327370977376 -0.00528991199647764 0.014753674682305
0.160931669566063 0.0647145009931839 -0.00490651576097848 0.0624310606383694
0.117821124718662 0.139036231523878 -0.0418255094057736 0.106251292072323
0.0304383150655693 0.186617886371322 -0.107065160626916 0.122038119783206
-0.109640154272755 0.226155038744726 -0.188750469710892 0.0219588383967619
-0.238382509284926 0.0811655407953121 -0.172747110104338 -0.113595673314665
-0.234233104370772 -0.142361994822443 -0.0307208142067928 -0.110327750064332
-0.162219013098958 -0.293149287677511 0.00603851052340071 0.0564985542087065
-0.050073232407858 -0.259460771831263 0.0993241658510514 0.140242974307062
-0.157550288884156 -0.252564924771682 0.0104698079124911 0.269637301677547
-0.269762512011745 -0.0695639881233685 0.16306280352315 0.242247429200295
-0.231830387911965 0.159920997356643 0.239662992875994 0.0678448746921292
-0.0527772437127123 0.211422268508262 0.148960409670965 -0.0504532485528959
0.0613980186935554 0.173559818811083 0.0608072041755923 -0.0470529755505639
0.141469527133385 0.101063601724135 0.0360982466261216 0.0137861980973355
0.154891822130989 0.0528089064905197 0.0517710632128227 0.0451546561540967
0.153796804672932 0.0522307636158042 0.0506641081690844 0.0895705733798925
0.115726636671687 0.117862731865457 0.00687908523194404 0.139482755617027
0.0355756700158119 0.169297406535256 -0.0720647037102186 0.165136202260676
-0.100069429301079 0.209168001484701 -0.171093479922284 0.0682135706713299
-0.217735261965152 0.0671409246670104 -0.170008200418719 -0.0693684319071686
-0.199897544424774 -0.142632465607476 -0.0233266856259131 -0.0728299784098236
-0.115328455375179 -0.267439037230089 0.0247899266220118 0.139694213864887
0.00185333930716813 -0.186881244417166 0.0874611160023298 0.250816349684082
-0.0895192835336889 -0.214313358856652 0.00529444214582082 0.31813298108732
-0.202257327027868 -0.081490725076438 0.11297151326493 0.268080342832976
-0.191020221334753 0.114539872951293 0.18814481940856 0.121284701789313
-0.0440800590954033 0.162897630712305 0.139156498685273 0.0241384814847383
0.0469533625488305 0.132115718227177 0.0956653810578338 0.0157528499522231
0.111947803018511 0.0754218796937075 0.0861608343105983 0.0493997250264901
0.126363631715623 0.0359507577199981 0.0999285697776612 0.0692041108903123
0.125148489647177 0.0354495388615763 0.0981146426994383 0.111256497553757
0.0987787746911462 0.0865803185050864 0.0456137056745395 0.165663953649057
0.0330613678616771 0.136850759194654 -0.0468571214554413 0.195744049366637
-0.0860558019731536 0.169503321694054 -0.158403943498389 0.0989971921937214
-0.179324130130507 0.0379445427667918 -0.164054736218307 -0.0357237281374399
-0.144889676058849 -0.136764917714409 -0.0173248252221667 -0.0423217528997214
-0.0500572364317607 -0.212615191822396 0.0336067618482146 0.203292568725143
0.0514402446064461 -0.0781507915038283 0.0695549735616117 0.316240834230797
-0.015122394800508 -0.125298648625057 0.00508205444620393 0.336977742382853
-0.099113836406269 -0.0579016151940004 0.07667330771562 0.27415181088562
-0.103890000077999 0.0612015957630412 0.150108659577216 0.15484421753974
-0.0181283282102153 0.0849716706012003 0.135566819192891 0.0697146834590043
0.0283263352892263 0.0645809108650498 0.124149051502397 0.0526275664073749
0.0638010541189336 0.0344048131150453 0.122881076989946 0.0667762539497016
0.0781080195904049 0.0122977535750421 0.132931570189734 0.0820070488967118
0.080705522327608 0.0146232516502878 0.130636239165686 0.123581783252734
0.0719398805954598 0.0474944324046348 0.070717701086146 0.186102198512077
0.0283083682668498 0.0943578995834663 -0.0356718321630301 0.219573161365152
-0.0638175286355105 0.115086502869053 -0.158116325650902 0.120120959898863
-0.124065741567178 0.00642827022595615 -0.166100561616462 -0.0130134893305543
-0.0768035152903317 -0.115019267229094 -0.0195753858425289 -0.025302899233677
0.0205217760668186 -0.130685602575245 0.0301924401979048 0.239771357226979
-0.0718462733104036 0.0418231710626737 -0.0972191834086718 -0.265168449160001
0.0197518145942736 0.0623195739292597 -0.0468833341992606 0.0349304146058031
0.0646024345146389 -0.00224958656179896 0.18727086116585 0.0234463691612889
0.0121750157380153 -0.0547233378153749 0.201227334816289 -0.158854627098816
-0.0312196658562148 -0.0264533536682125 0.0404324125039045 -0.276758545617429
-0.0212619339799284 0.00522557076686088 -0.122145156576072 -0.222981312119495
-0.0159038699540218 0.00721850683221774 -0.181635349738709 -0.122794876420206
-0.0158369776178799 0.00711063391110587 -0.173135661925702 -0.0681737645382163
0.00095949512108854 0.00665341699733895 -0.167102051805232 -0.0428883412601415
0.00283984353805827 0.00860810770887016 -0.167158364809012 -0.0402059875646143
0.000359483736426081 0.00140494190994168 -0.170580880485697 -0.0746594090857115
0.0161843777155751 0.012204836683311 -0.166052015105872 -0.165965299908345
-0.00461662583525011 0.039291638179115 -0.102744834782163 -0.265358527432227
-0.0731955432617085 0.0328522254112893 -0.00818614216354475 -0.313061682154892
-0.105696968326199 -0.0150926509470822 -0.0729957833112565 -0.313563480876888
-0.129474365006774 -0.0579921046692186 -0.0484049310189842 -0.265923711711831
-0.0742129364363681 0.0113976068375586 -0.0297870684623353 0.0407261275371206
-0.0278323266954066 0.031727630317179 0.209999795812288 0.0311887043741395
-0.0256839453931353 0.0318862171271893 0.227632265774702 -0.165492860360372
-0.0167810287434772 0.0436748846323526 0.0543385028394392 -0.282753387034403
0.0210080993924676 0.0543903234940774 -0.116156995408023 -0.223153717697565
0.0479754224460673 0.0316453021058652 -0.170677611762976 -0.115134865098595
0.0497958345077724 0.023393228322446 -0.158179122221165 -0.0575217319351591
0.0661148604391803 0.0375285770054496 -0.154258352384743 -0.0229864120197455
0.0444639695937586 0.0786556414991761 -0.161678014241559 -0.0140534417670504
-0.00634907075369014 0.0879925030132321 -0.172746389096686 -0.0447626133270111
-0.0612061653424298 0.0950065890301786 -0.181600840621535 -0.139827316724947
-0.11760970285018 0.0376544078095685 -0.125964628776869 -0.242942297674104
-0.154538644363197 -0.0578536746305357 -0.0311171589134549 -0.264477153049127
-0.157582131043813 -0.140449993699536 -0.0709638647209093 -0.246204890215089
-0.161643400338558 -0.159304143557984 0.00719588798378771 -0.219395675241768
-0.161990569302864 -0.0623682771433782 -0.00855743115384855 0.075332537767756
-0.133739085635221 0.0488290231466847 0.235133136871422 0.0647915099571271
-0.0790533097954259 0.121013374540121 0.263472818986334 -0.148584594147678
-0.00693832284348936 0.121209335441928 0.083330651561446 -0.270564621139042
0.058643527522795 0.106966125489955 -0.0893275650277393 -0.210174223821939
0.106478437464684 0.0586604635200718 -0.137181365197629 -0.0970627053640923
0.108618673776829 0.0363085358699686 -0.120731421632175 -0.0381931397485802
0.121697406172041 0.0545133542895919 -0.116583495395833 0.00599371216645942
0.0881166083493256 0.123467935147991 -0.134006617602203 0.0300996133513235
0.00913626856020981 0.155031141471897 -0.164765383479983 0.0146435784031109
-0.0968277128501809 0.17661328910388 -0.202462535902098 -0.0850008141940793
-0.198402160461597 0.06586056453366 -0.160643271345154 -0.204116462377154
-0.223121869864012 -0.106079987541413 -0.0487367638704404 -0.209762475508605
-0.198169376988393 -0.230753664539724 -0.0544647580937702 -0.149408612086579
-0.161278857527541 -0.240512380910535 0.058908957469395 -0.12532330713258
-0.221689201996834 -0.146488959260761 0.0141798654669325 0.134554003717713
-0.232465103068802 0.038769532639691 0.24543875375172 0.119176824533271
-0.143608546253215 0.189520405519028 0.288867219377788 -0.1004982941483
-0.0076155865496925 0.190538174492688 0.116356622089992 -0.227896511053732
0.0847041813031009 0.153158327346644 -0.0454626482491586 -0.177245363502468
0.148453318185411 0.0816940825945685 -0.0851958809721351 -0.0677661995841832
0.151385437350708 0.0440021709994525 -0.0657732891297868 -0.0128576773617523
0.159258763139707 0.0566349381231149 -0.0609242131447272 0.0364638300598386
0.122622167622943 0.139041678590012 -0.0874966829325647 0.0764220301279508
0.0346074275147168 0.188595676734743 -0.137046603015375 0.0812819140537952
-0.0979200951132596 0.23270164616157 -0.20703639068972 -0.0168161637504885
-0.235748224835648 0.0997856550777045 -0.186533578110341 -0.151072690272492
-0.26016400764618 -0.120450662680417 -0.0528435209050771 -0.156932662670237
-0.216708680036337 -0.275986024623019 -0.0234148002192791 -0.0436572267783113
-0.129772675271392 -0.279432920455931 0.0975150806536089 0.00202133730055124
-0.232164246602299 -0.218335504527973 0.0302174926253874 0.208596421455754
-0.291357121390271 0.000498258296528735 0.2312409253103 0.181693957167682
-0.201243872118531 0.215106885345794 0.286589429841164 -0.0293609353586476
-0.0195716024402816 0.231529731821881 0.141374660144727 -0.155031144074042
0.0926384401109047 0.180006756598417 0.00846267806352552 -0.121926355579351
0.166512830208296 0.0947939446035292 -0.02242385898408 -0.029845467705949
0.171376117697092 0.0442079955619116 -0.00282618692740251 0.0142577720631537
0.173699578871131 0.0494812904958901 0.00271376437351209 0.0638999625044774
0.137619987723924 0.131697553195098 -0.0306383538433515 0.114608542046927
0.0514135917635817 0.191463013232941 -0.0963376191007329 0.138018934328844
-0.088364749964477 0.248489390213259 -0.191861734148419 0.0452109262737385
-0.238519003571206 0.109482838504931 -0.192126720187164 -0.0966802200561783
-0.258563190123923 -0.124132747608022 -0.0447477695852628 -0.110859678491438
-0.198174404863983 -0.285529213393471 0.0123092167174006 0.0556616155466741
-0.0782532507881415 -0.263636393639119 0.116576924356912 0.13761993958395
-0.191306635275497 -0.246059641729211 0.0374688173618806 0.279334623663343
-0.286529410261608 -0.043069421461995 0.192327634157932 0.234093406320204
-0.220827755149177 0.193192345473518 0.252284886623227 0.0456056421091451
-0.0308523186914777 0.225884051316753 0.149030709452094 -0.066333320527755
0.084006834217978 0.173988785032934 0.0597238060609208 -0.0541410789589376
0.157903422275155 0.0904055038280706 0.0409458244681568 0.0098990070109386
0.165504727283472 0.0364280352586851 0.0598576843715031 0.0399316150013628
0.164748724711088 0.0374217403890314 0.063690286829805 0.0864944761679036
0.132270243012678 0.109761559836304 0.0235133391721506 0.14435038418668
0.0547026896317253 0.171658208581916 -0.0561934064111239 0.178104577080084
-0.0796207149378571 0.228767816404961 -0.168816612119506 0.0899917221521383
-0.217371395052838 0.092246637625099 -0.185221443304906 -0.0515428270422517
-0.222794061483662 -0.127853273890359 -0.0325571320627241 -0.0726159177379658
-0.147652548139296 -0.262647331743712 0.0419285119158442 0.140612849664783
-0.01727239657481 -0.193755843794757 0.116238988720248 0.253889229722831
-0.115997236715887 -0.212511428708512 0.0370313133658066 0.330695375348145
-0.217818273199517 -0.0627578540895976 0.143073866851779 0.265728663745021
-0.183239074748307 0.140389248794118 0.205027337548474 0.106803433790587
-0.027148640544438 0.174753008139598 0.145916807143388 0.0121768777440657
0.0640243051197397 0.132510455894043 0.102311801504503 0.00727927923841212
0.123339740502292 0.0660092108841996 0.0964667909043389 0.0420493662277753
0.133415738528352 0.0225414521573707 0.112872295059881 0.0589835674068476
0.133366959622505 0.0224828567071226 0.114498469860855 0.103502134038623
0.111213116709257 0.07890529934149 0.0668199417954212 0.167656017214761
0.0489849188552312 0.138269624360766 -0.0268305576376048 0.207653902206601
-0.0697976807299433 0.185000238048965 -0.152566352792599 0.121126821686339
-0.180609754045123 0.0574201181642234 -0.175418792392971 -0.0176944666051984
-0.164516978283663 -0.126542548997993 -0.0234886273804874 -0.0416354263645504
-0.0737995205981117 -0.212560425492827 0.0580325034918987 0.20579518891207
0.0449079798572721 -0.0857693172785903 0.106146495673343 0.323925270037475
-0.0286537188070645 -0.127209367070983 0.0402492420739987 0.350069485015689
-0.108049318243084 -0.0492404254937318 0.106749928153692 0.277121839171454
-0.0981029709035258 0.0759403062975065 0.17000247731284 0.144977656300109
-0.0091712263851286 0.0896941912327802 0.146959317589307 0.0598941423417131
0.0365273089314591 0.0636623064630352 0.134704738638694 0.0422601969065969
0.0693951026720102 0.0287625453587939 0.135771974738321 0.0557726304030096
0.0811694187690495 0.0032716776342216 0.148278438875499 0.0687658921104277
0.0842908618319656 0.00575814465857364 0.148647443943623 0.113151402942408
0.078057788342479 0.0407573358985226 0.0939305414679048 0.186813462884553
0.0395352596300868 0.0940041499981443 -0.0129260427846562 0.231203301173918
-0.0519375515001687 0.126128230855198 -0.151202356451124 0.142169286155059
-0.126648678102229 0.0182218049751137 -0.174443861527936 0.00594805687049834
-0.0913815961210674 -0.109509122030224 -0.023208054772805 -0.0240795980104125
0.00767273987904514 -0.135114141959783 0.0579938109460916 0.243826636663782
-0.0661320962483969 0.0464472044222466 -0.121116189344388 -0.255565584483953
0.0250216433838177 0.0599666619876913 -0.0441519078426592 0.040147215750843
0.0627305888062623 -0.00735764887169429 0.189351761808495 0.00869542118548237
0.00757906720945869 -0.0546288952077178 0.18715605748846 -0.174978145938583
-0.0324048289866101 -0.0232675347666137 0.0175725568795015 -0.280211193839425
-0.0198376237577071 0.00700103469730519 -0.13987008355561 -0.212405805254573
-0.0135155581011317 0.0086480714405072 -0.191322732768292 -0.106498863508485
-0.014076411779534 0.00950961448720437 -0.18009533516021 -0.0533341773981351
0.00234790106600589 0.00660946850927168 -0.17252682178518 -0.028801566496104
0.00449092292701914 0.0090781202135361 -0.170859362362818 -0.0270977467113605
0.000138921677893044 0.0022357564482737 -0.176596219992794 -0.0615093980878763
0.0164540408949543 0.0112958905352975 -0.179367685530864 -0.15228029603284
-0.00297969103777456 0.0397691269262983 -0.122618516283676 -0.256065718823621
-0.0709052635240273 0.0391642048576162 -0.0330683196389791 -0.314793615431991
-0.104497718340743 -0.00644238563054715 -0.0996741130717345 -0.310357005107826
-0.133065367606275 -0.0487253540334873 -0.0733011824165792 -0.259682577893693
-0.0738206072883683 0.0171825532474473 -0.0274269260073298 0.0446375580985746
-0.026403720733673 0.0340712199810913 0.211768126382131 0.0144060008371585
-0.0221109681180745 0.035581085296376 0.212447624975998 -0.183161451269988
-0.0117113730763818 0.0461275014647993 0.031015441056295 -0.287228073866205
0.0267726424442227 0.0522004725372053 -0.134030451135762 -0.213204750846144
0.052061257977747 0.0270411638933318 -0.179265354404405 -0.0999660395536883
0.0523343079212333 0.0197530462030998 -0.163864111559823 -0.0443700888196032
0.070002594686854 0.0315889919342233 -0.156934899352123 -0.00977467615490392
0.0525506452341626 0.0753755270740165 -0.162265112567915 -0.00154327357100897
0.00131006101763303 0.0898031324950908 -0.176581681426276 -0.0308239232991548
-0.0536019298387286 0.100667990343143 -0.192324416387828 -0.123302306037694
-0.115633615064954 0.0480055967247157 -0.144987603138794 -0.231614377799515
-0.160034015106205 -0.0453743994469522 -0.0530847777222313 -0.263346251341189
-0.167127407246263 -0.127523298414025 -0.0918696805206912 -0.243053269653602
-0.173008102898229 -0.146819830424242 -0.0144302145851247 -0.217941405484028
-0.168243683755718 -0.0492763411836673 -0.0038702052088495 0.0768762809995791
-0.129907104444482 0.0602557968801522 0.238557683197129 0.0461347475703861
-0.0672620389098891 0.129564271687909 0.248927160627117 -0.169591797355424
0.00491111646601967 0.122636530218512 0.0604828628091507 -0.277040549226591
0.0692698321751668 0.101604008056642 -0.10617475654348 -0.2027247081926
0.11272173611216 0.0489010140701847 -0.144241741837133 -0.0856606036525852
0.111854018495993 0.0272212069363042 -0.124497290176114 -0.0283970408972554
0.127102360499601 0.043733482419786 -0.116043470503578 0.0146739361116549
0.100053024657589 0.116482693354789 -0.130775159237179 0.0403880445508302
0.0225988509658079 0.155315185600465 -0.163053308889617 0.0278403404104247
-0.0815183544833356 0.185716404852757 -0.208450437758645 -0.0667415307915346
-0.193390121073086 0.0830933059451366 -0.177899090310625 -0.188892663653617
-0.23331337812373 -0.0886713416138851 -0.0662811526439877 -0.206474678730076
-0.215196429785227 -0.21298159262473 -0.0671917388521357 -0.148226263537532
-0.179425763287375 -0.227804156935519 0.0463382461820262 -0.127662922082384
-0.235150042485841 -0.128468364619217 0.0230029809820346 0.134156633356979
-0.228800732464251 0.0590968770360229 0.25286319009639 0.0995126922212446
-0.125035332110793 0.204150155016604 0.277669791490238 -0.123851008013465
0.0104187441282449 0.192653018917434 0.097668988406686 -0.237143978345938
0.0997551351229961 0.145916639580475 -0.0589323073619369 -0.1720439438722
0.156594138328076 0.0684693361472466 -0.0894270580001158 -0.0615173037543766
0.155142717756471 0.0300990926510745 -0.0670336660507948 -0.00813538415161005
0.164658196988318 0.0424953152797715 -0.0577810231640071 0.0406168191067221
0.135217942277388 0.128979454576706 -0.079760904478201 0.0834773513101367
0.0514708850165011 0.186642653469837 -0.129740996646908 0.091884536047767
-0.0770454293350885 0.242446237330393 -0.206350046627006 0.00181442910207053
-0.226987078990247 0.119992030191289 -0.19963445170616 -0.132917345224437
-0.271402765432916 -0.0990999134242414 -0.0661893036890821 -0.152765378952769
-0.237845060695367 -0.257569142431224 -0.0273210847208787 -0.044347191702085
-0.152596998831185 -0.269902653632883 0.0957499976698318 -0.00326114570525441
-0.251337850342242 -0.198506182040534 0.0450526321633757 0.206910244066426
-0.290537344467931 0.0264064573369565 0.242827438317694 0.163485772699532
-0.179909326598071 0.234943863007541 0.280631904304156 -0.0522602696888459
0.00214047284864652 0.234387042991774 0.128899119795962 -0.165181781552694
0.109594649319476 0.172323772188252 -0.000481303205691944 -0.12214063522293
0.175451640600156 0.0803360205692755 -0.023772737921434 -0.0291977668838682
0.174265868358667 0.0280800316955277 -0.00116667799437683 0.0132024815027213
0.178164875536911 0.0340764684252181 0.00850321080242292 0.0624477376838702
0.149396965231643 0.120066854547031 -0.0195554841057944 0.117261553329134
0.0682999377035669 0.187834643890367 -0.0840459401724871 0.144804285878825
-0.0654880801108582 0.256567630205289 -0.186335298142013 0.0627569767274455
-0.228383350324528 0.129938842953598 -0.201552115794236 -0.0780710205942937
-0.2695159106778 -0.104126012967249 -0.0547775951527304 -0.106764267265503
-0.220301788246628 -0.266804296603835 0.0175916197606487 0.0527987934995774
-0.0994104031018072 -0.257444903131644 0.127541344888467 0.130257808970109
-0.212351207638316 -0.229690246146459 0.0589175695274672 0.277812999413285
-0.288578640767816 -0.0183389169098799 0.208486466020212 0.218942233912693
-0.201092762441938 0.213420328897621 0.253148264835868 0.0258350852586775
-0.00987915321984648 0.229170331708784 0.143228552589889 -0.077267405898266
0.0996637963100367 0.166794123242735 0.0563281234839337 -0.0585112380277301
0.165993973204537 0.0759547249041765 0.0434846134820063 0.0053919925138253
0.167244445427921 0.0210975281322693 0.0640235335831253 0.0332307606610836
0.168069922742129 0.0225409749251438 0.0717133267837323 0.0796508273745983
0.141847380552589 0.0983405682011584 0.0368694895777503 0.143111328507399
0.069876650303345 0.167671950892352 -0.0397907393640554 0.182139974711078
-0.0592048273815194 0.235955436598758 -0.159787418957632 0.106110341791916
-0.208742931052675 0.1099310691773 -0.190508448434584 -0.0329663008714436
-0.234060893283211 -0.109108461199969 -0.0389451136917311 -0.069138078268437
-0.167822049973424 -0.248271814177636 0.0544414398231521 0.135165467691316
-0.032650929181566 -0.192023495417709 0.13780360779921 0.246326622385698
-0.134436827576875 -0.202220253931034 0.0640921624130589 0.328897824971134
-0.22197281589806 -0.0438158871694672 0.163391374898344 0.25478289692969
-0.168045261706777 0.156645036634617 0.211187042722699 0.0904898551590189
-0.0120752088553879 0.176789419919535 0.146340485192917 0.00203037211970652
0.0756570620449986 0.12649912462861 0.104495245217799 -0.000533507990437452
0.129399653201001 0.0554230755417704 0.102070141242827 0.0325983806225195
0.13414621534906 0.00987011182173495 0.119057486201404 0.0482931820226009
0.13470191124295 0.0106006934705214 0.124298637022628 0.0925908678929579
0.117233106927369 0.0687252653338771 0.0820482751675714 0.162828288796889
0.0609883369176904 0.134111511576212 -0.00867976289822026 0.209657811360838
-0.0521932028305721 0.191101829642847 -0.14131924668822 0.134724521287677
-0.17458036137058 0.071502802517297 -0.177511794894336 0.000526962222619522
-0.174858752068603 -0.112395993483852 -0.0269993379082259 -0.039172653646798
-0.090252380416357 -0.203807542560028 0.0770922820830382 0.198848173182283
0.0380767906481687 -0.0889037391599272 0.13450990788138 0.317014421889312
-0.0393224945752321 -0.123010319209147 0.0686555811278021 0.348636367122559
-0.111210122599418 -0.0395462504993622 0.128754435788877 0.268532142891551
-0.0891274222762383 0.0840252414079629 0.180854826797359 0.131529988781231
-0.00159806309690678 0.090160710385638 0.151652751653712 0.0493745879318185
0.0416205459377683 0.0601814236074375 0.139949212099152 0.0317284204320217
0.0711974152580496 0.0222579881687508 0.142697138240841 0.0442809086680127
0.0800022365896253 -0.00453942591210308 0.155214383740545 0.0546958911449124
0.084160803352541 -0.00221122753626871 0.159042619451187 0.0997684602994661
0.0805582137710574 0.0335178253712261 0.11097871274023 0.17896523999044
0.0479046184283161 0.0896968755279888 0.00629279962446447 0.231505779303642
-0.0400150040522564 0.129837518032448 -0.138365413982758 0.156066560621216
-0.12484051298199 0.027531225861493 -0.174067153256582 0.0225941558152942
-0.0998463113278531 -0.100969271262786 -0.0256694464453246 -0.0220731622286857
-0.00286682803532658 -0.13347180504119 0.0804394847930912 0.236929479815533
-0.0616405542940191 0.0474629752957704 -0.134297035267728 -0.246951910465222
0.0272259021449509 0.0583294489292343 -0.0421067400146028 0.0436941755683256
0.0606217595334591 -0.0104027873223282 0.189226166274766 0.000316958005604439
0.00504081173196099 -0.053550635005651 0.177357759538252 -0.181514459546703
-0.0326166113276699 -0.0208975326894146 0.00415837361985222 -0.279920305980137
-0.018662965222627 0.00739407606584618 -0.149655889803747 -0.204585606745202
-0.0120810914742119 0.00876166034218811 -0.194812582689807 -0.0953043640668948
-0.0122216009992792 0.0107909666484157 -0.183031145995489 -0.0431849275831418
0.00369961775246676 0.00629825211655776 -0.174630207964373 -0.0200608197021142
0.00589294626979164 0.00980215571848905 -0.171274391123388 -0.0200131114466894
0.00047100155201536 0.00292919474143824 -0.178413671806875 -0.0531239208404519
0.0163267476535186 0.0110652562877397 -0.184597875359633 -0.142445916688578
-0.00220568803483321 0.040088785119493 -0.13260118378228 -0.248415785359035
-0.0687909243826495 0.042674736282749 -0.0477798783602733 -0.313834335568362
-0.101792535557744 -0.00278617292185716 -0.116078208784017 -0.30724124106986
-0.132824985186757 -0.0437630602543346 -0.0874586069206929 -0.252510941613031
-0.0734129743938742 0.0200951139569435 -0.0260694827212524 0.0477962322562476
-0.0253568876722365 0.0356949687315284 0.211245889102723 0.00492024921863066
-0.0189449454587933 0.0380417617455221 0.201245193234277 -0.191291995551455
-0.00807501248533408 0.0475014487052576 0.0173709142545187 -0.287387299073898
0.0302686546590456 0.0501540030511489 -0.142894164659046 -0.205509817801972
0.0543496001881734 0.023880417966104 -0.182880340529519 -0.0905913770870753
0.0539912062364811 0.0171258076163673 -0.166522904516859 -0.0351205788832589
0.0727907193250796 0.0277443441678336 -0.157496817858341 -0.00242417574171704
0.057160559167384 0.0732005735438006 -0.162206468873275 0.005799245196694
0.00588928758340027 0.0908040202791015 -0.17753849166544 -0.0229709453950495
-0.0482571001864285 0.103850983584848 -0.196335381316365 -0.113410500695573
-0.113756466166044 0.053517597516546 -0.154989629816853 -0.222250864167298
-0.162064363393571 -0.0380404239806279 -0.0650800506051566 -0.260721395820988
-0.170018406084364 -0.119908655604381 -0.104751509170544 -0.240642812177059
-0.177914709627213 -0.139549409615069 -0.0265386585351305 -0.21418962972583
-0.169938014660612 -0.0413520370052421 -0.00182940797531212 0.0785062446402362
-0.126887553043134 0.0667871028877572 0.238346238283497 0.0359020784670318
-0.0584069973420724 0.133510187724532 0.238349737777849 -0.179260254752725
0.0126462999762549 0.123405762310946 0.0473491279414795 -0.278991772940113
0.0753874803695672 0.0971693813567386 -0.114246802102497 -0.195948813842338
0.115373161690805 0.042399404490868 -0.147171547144636 -0.0785422368271683
0.113061743195887 0.0208318976290421 -0.125732047143823 -0.022215400004982
0.129913275484548 0.0365046073184016 -0.116144577840067 0.0204370892165771
0.10628552694399 0.111664144820856 -0.12795429340396 0.0463337674501702
0.0310798991926337 0.154807737917322 -0.16086951827758 0.0344578783090354
-0.0711847209960622 0.190339927229601 -0.209615170708024 -0.0552177446150707
-0.188561455143231 0.0924429143761675 -0.186736846252878 -0.177385659149788
-0.237442452418025 -0.0772719560265419 -0.0754384266358777 -0.203167500627946
-0.222976691162216 -0.201602516045793 -0.0746887986056256 -0.146568734562831
-0.189082125896978 -0.219624012992881 0.0380687495508387 -0.126819005031059
-0.241094829176716 -0.116459178372497 0.027134332928158 0.134154112375312
-0.224586226615133 0.0701658897514023 0.2544469293031 0.0888106267082409
-0.11205344442722 0.211186687242095 0.268627279895368 -0.134393339683104
0.0221328893776319 0.192342857411083 0.0866767568854611 -0.24064195047686
0.107462715878279 0.139822181357982 -0.0654707408074799 -0.168630259992153
0.16040586613195 0.0595987776086116 -0.0916253814306149 -0.0573243737432786
0.155492490446973 0.0212082182966964 -0.0677539321251808 -0.00492891083838965
0.166754436506876 0.0330164390051057 -0.0560765530650927 0.042844330828048
0.142488179117282 0.122181795110624 -0.0749458658749805 0.0868349568723424
0.0615327589019285 0.184175961680085 -0.124093265981026 0.097080253450173
-0.0632638221371551 0.245940477578995 -0.203888268553747 0.0141524844526404
-0.220075885553519 0.130454813349082 -0.205914266267423 -0.120351623790661
-0.276201445179453 -0.0863182255359724 -0.0733866179081495 -0.148913960822788
-0.246416449667992 -0.244268746167695 -0.0297126842934055 -0.0453730405089193
-0.163347633039302 -0.262101036531493 0.0940695393922887 -0.00586411322580506
-0.260227657067158 -0.186053212728417 0.0529765966452606 0.205319189499267
-0.287097813844074 0.0403488068853962 0.247655203752182 0.152306131086709
-0.164394436047029 0.243730228368315 0.275147706414134 -0.0635924854581571
0.0157327470392604 0.233839258005849 0.120957116942363 -0.169985268629438
0.11892855248656 0.165165457451765 -0.00512242344175282 -0.120809065544254
0.180124771252425 0.0705838277098623 -0.0242222674034948 -0.028700941467702
0.174529254209822 0.0180512153594563 -0.000576476971911285 0.0127176502205578
0.179692964768163 0.0238250933607097 0.0108888696378194 0.0606500147400801
0.155696908042416 0.112200745412675 -0.0123854654194763 0.118072850550469
0.0779928498837307 0.183943125755562 -0.0756522201806495 0.147611771808956
-0.0505426911695991 0.260315520897794 -0.180409655686402 0.072993119037614
-0.220726424470113 0.13968648364934 -0.20437284496048 -0.0647263442121896
-0.274422231011417 -0.0907382891865462 -0.0592336072641618 -0.103284616791506
-0.230251307887377 -0.253576506374806 0.0199906198847844 0.0493041981590047
-0.110705178457001 -0.251859593930861 0.132556177754543 0.12566726769944
-0.222830288419264 -0.218279047467189 0.070636741821841 0.274999480342816
-0.286828439320868 -0.00389916405779319 0.216284829766235 0.20912531486584
-0.186448054099239 0.223092954450033 0.251821958021759 0.0148951222334332
0.00271784702884295 0.22919669178934 0.139949739766193 -0.0824406826693243
0.108292484594271 0.160967497183771 0.0547954545760804 -0.0604411856890631
0.16986158273604 0.0665019453991162 0.0449013388719375 0.0026636036835542
0.166213988713574 0.0109909678260213 0.0658328339079224 0.0292919815793238
0.168180428564804 0.013183483283071 0.0750649400072599 0.0746531404622755
0.146112530709726 0.0904986341219548 0.0458428282461378 0.140630278458198
0.0785186032876383 0.163373887471879 -0.0298218572508495 0.18246645589852
-0.0444599786280093 0.2385959585937 -0.15204658041778 0.114131711589501
-0.202241392330692 0.118972302389019 -0.191407445750142 -0.0201421375876375
-0.238569203361216 -0.098212286096879 -0.0422616818713073 -0.0662437044023753
-0.177413188992949 -0.236849920677996 0.0616466978757227 0.130024050127009
-0.0417772446368069 -0.18955587275078 0.149120307918766 0.240762556986205
-0.143534421423575 -0.194421289588977 0.0790030991414889 0.326116460665855
-0.221452760144969 -0.0322849980120618 0.172649768707052 0.246041783792559
-0.155897833701578 0.164667787333894 0.213217920613652 0.0812216257526725
-0.0020538426322042 0.176540273258535 0.146584990794043 -0.00417660380821424
0.0821970245336199 0.122624752116504 0.105486731264177 -0.0050678033262567
0.131727107782551 0.0480431711713606 0.105259903254097 0.0269275914554933
0.132458687122098 0.00146248442041161 0.121832396627678 0.0404983327361826
0.134258273471089 0.00246466793776912 0.12827088766739 0.0851314126254781
0.119402987549994 0.0623816950509195 0.0914823403632631 0.158309647514036
0.0675303330569101 0.129739786229166 0.00207250418411612 0.20867429674561
-0.0407782875726438 0.192707886646729 -0.133264608211607 0.141837738034326
-0.170273015411228 0.0783735953423399 -0.176862806908134 0.0110716828042875
-0.179227188052939 -0.103549570868185 -0.0288415975431488 -0.0378993564174384
-0.0979370434406373 -0.195852092895373 0.0875331500677519 0.19221314378885
0.0334606861876755 -0.0902390606870474 0.149708083620817 0.311277983901773
-0.0449215668282275 -0.119971868064571 0.0860689982312032 0.344500839266406
-0.111278373612078 -0.0337888969132293 0.13972120844222 0.261512767294252
-0.0814667019898565 0.0875316642504261 0.184655543290754 0.123156126512533
0.00346498616301133 0.0894518366990217 0.153386323023897 0.0428232373232697
0.0444608797845149 0.0580910525984699 0.141848655018026 0.0250976733658919
0.071508941228567 0.0183287875537175 0.146476515382729 0.0361661040220661
0.0777388308821073 -0.00952698011375596 0.158359774480402 0.0453144384684789
0.0831590556283472 -0.00758700448103699 0.163443590077438 0.0904841642531193
0.0805614551675143 0.0293772033037443 0.121261088633558 0.173111743152801
0.0521061812973552 0.0862382601933464 0.0174692079560421 0.230203240893138
-0.031934300279115 0.129759470251084 -0.13010532717476 0.163410511354037
-0.122711230513292 0.0322706748987152 -0.171517826290156 0.0325936933964408
-0.103136011477379 -0.0946840329833304 -0.0263116259658922 -0.0213895170425569
-0.00737668912466124 -0.130547729407739 0.0923972454920424 0.229192002322252
-0.0603743677220727 0.0480679014614318 -0.144895143705722 -0.245033909600036
0.0289364514648964 0.0573209974319997 -0.0410283546762367 0.0474312149558662
0.0601636112987661 -0.0118951898940578 0.193178995635096 -0.00480146539489111
0.00364986669351276 -0.0539880239530748 0.176223587259884 -0.188283972933209
-0.0326660096187621 -0.0196801022483381 -0.00358619941972299 -0.285398799106649
-0.0178030856586907 0.00759965812279339 -0.157807166690896 -0.204950687244706
-0.0113509490280485 0.00884592206573849 -0.199750821773955 -0.0904906457822683
-0.0108759041520339 0.0116231888164527 -0.188741854102451 -0.0372348395917557
0.00475256645604352 0.00600587589817097 -0.179711391322558 -0.0146495315006611
0.00737722344758764 0.0103462739752463 -0.176759484349672 -0.0165114426027403
2.68627238474784E-05 0.0037850555209817 -0.182503366125258 -0.0493653230922244
0.0158291696443167 0.0108636033040721 -0.191265746615583 -0.139733771581702
-0.00223623546310231 0.0410744165589989 -0.139428316662559 -0.248680698372085
-0.0689723200395747 0.0454152901183034 -0.055723337426832 -0.320081015209966
-0.101375284750009 -0.00160465910754983 -0.127281151840444 -0.312379715533296
-0.135561330683357 -0.0428254063953077 -0.0977374800995419 -0.252675716902593
-0.0748920674610091 0.0221163728309944 -0.0262828967657855 0.0508228654655799
-0.025361488064288 0.0371811896985619 0.215081519044338 0.000734631661572839
-0.0170202523550015 0.0398811601414159 0.199639558572357 -0.198752258854095
-0.00543780184387259 0.0494703393665976 0.00993362686197823 -0.293859731284893
0.0334961523460798 0.0497780368362636 -0.150859848771386 -0.205417501009062
0.0570127852612661 0.0217689626437791 -0.187688367971926 -0.0866752457493278
0.0561889632803192 0.0158663878485443 -0.171190754410452 -0.0298947638831881
0.0759453996957216 0.0255836975801698 -0.16199777957196 0.00230447805751661
0.0617138735209697 0.0738645506324282 -0.164937845339449 0.00940237080002807
0.00886037161204495 0.092842151207812 -0.181332918029888 -0.0189210752797747
-0.046795884689124 0.107619129006415 -0.201909743659852 -0.108792376792603
-0.114768321745111 0.0578623018451802 -0.163180147288031 -0.22098271245842
-0.166431820178813 -0.0345391784377625 -0.0719842746923119 -0.265930928709902
-0.173393093431666 -0.118280955630804 -0.114419134900836 -0.24507823904656
-0.184095174418934 -0.138553488863102 -0.0343565321695676 -0.214552260153983
-0.174986123782247 -0.0378645007928613 -0.00128967550107487 0.0819710604256929
-0.127092744122776 0.0718317414206007 0.242781434714093 0.0308881989697042
-0.0534399040399091 0.138645457348234 0.237013396361617 -0.186895331254606
0.0183443651547476 0.126022809719659 0.0415078286455907 -0.28522203179775
0.0804503085835326 0.0964379605032439 -0.12086274315293 -0.19629315037689
0.120058294332089 0.0388501395552345 -0.151661882297956 -0.0756921414716929
0.116232877321137 0.0171234343736806 -0.129248432075214 -0.0182091559024867
0.134148774482485 0.032494318218928 -0.118160549219263 0.0241174535949726
0.113268002027869 0.111614738689057 -0.128951478555063 0.050188102012685
0.036741066684394 0.156880427815997 -0.162917789058298 0.0393141917368478
-0.0666810207199345 0.196330728954896 -0.213396082692553 -0.0491596987012946
-0.189237776326091 0.0991803486205679 -0.194879609991458 -0.174035839608231
-0.24497533599366 -0.073163979693167 -0.081078875277096 -0.206114360563039
-0.229771305647377 -0.199442233729788 -0.0813306245650388 -0.149760856076772
-0.19777360412215 -0.219652561967314 0.0339676776542143 -0.127826635716799
-0.24908813232438 -0.112261093116057 0.0297373591937664 0.13728765286525
-0.225938995597018 0.0784650954432314 0.259365384074188 0.0850917882711313
-0.104811944852548 0.218724962022477 0.268361512484299 -0.142683982344555
0.0298067111104626 0.196037787527952 0.0820474987851805 -0.247201136065657
0.114666519013188 0.139069289839178 -0.0707144683887584 -0.16957496753188
0.166029844842185 0.0547948934587574 -0.0945454783826344 -0.0561705810058214
0.158025843376328 0.0160342903527399 -0.0690134080541997 -0.00318198210579264
0.171562969890109 0.0274826345257365 -0.0568497557522796 0.0446700746716535
0.149822594320317 0.120713757392311 -0.0727724086864687 0.0897746559011737
0.0686011163014967 0.185922020427693 -0.123563505563504 0.10177922923978
-0.0554158925910265 0.252582450517572 -0.205349786090645 0.0207627263973703
-0.220468722459363 0.138547152294705 -0.213099477881884 -0.114378820561455
-0.285388190703655 -0.0808836946708179 -0.0786574775416014 -0.149841973372059
-0.255365956126951 -0.240978041886524 -0.0321828107546647 -0.0477832948308459
-0.173637244653183 -0.262977426548659 0.094869519685904 -0.00579401875442858
-0.270748392164224 -0.18248358387384 0.0576702630396322 0.20849859787217
-0.289988019628968 0.0494801318077031 0.253950402484142 0.14969670960365
-0.15737535689149 0.253054968036409 0.276260567793273 -0.0701212937494667
0.024326830430769 0.237990147933409 0.119292502382597 -0.176264611155413
0.126964927895954 0.165086447275267 -0.00786426368477532 -0.122343457156972
0.185901989266269 0.0651825492432989 -0.0244786830745055 -0.029026011359558
0.177117634775776 0.011960763123482 0.000622152184539862 0.0124524587500246
0.183859352327217 0.0179447984107579 0.0124712354066939 0.0612916362700379
0.162500960414608 0.110128053438346 -0.00814765991474038 0.119979403797821
0.0857774236862662 0.185392516406011 -0.0727397615945624 0.15160439042466
-0.0416776620946753 0.266912824440727 -0.179588721025097 0.080271049262862
-0.22024437072374 0.147862754032769 -0.210799679588833 -0.0577998019209511
-0.282208233435972 -0.0853262675686971 -0.0631536344986645 -0.10381378085614
-0.238372046089286 -0.250740298247418 0.0218953529968414 0.04747471906154
-0.119718179078771 -0.253869048255593 0.137984191916672 0.126997375717952
-0.232930255755993 -0.216305037480137 0.0782133830868066 0.278672493883801
-0.291008888060725 0.0041836216835723 0.224284839310518 0.20751379511226
-0.18036026126082 0.232443508872799 0.2550696438594 0.00986953078908262
0.010442392169746 0.233259536630993 0.140712784494988 -0.0874884970693292
0.116061469401944 0.160836102766538 0.0555234684461239 -0.0626626992717523
0.175644601057977 0.0618233345803634 0.0474179851548822 0.000520023871925144
0.168459786161145 0.0049918364118133 0.0685493929468766 0.0264922929209103
0.171004450541923 0.00677019865174339 0.0784197008116358 0.0734993063969097
0.151912448967734 0.088496237251117 0.0516320802410325 0.141298694580981
0.085088146218267 0.163761011951256 -0.0255186263253386 0.185797331724092
-0.0362022382699316 0.2442526895282 -0.149811645843836 0.121742293712809
-0.202282826591757 0.125913756392516 -0.195312202768616 -0.0125614847343281
-0.245562858836969 -0.0934326884406271 -0.0441629254568262 -0.0662669230206013
-0.184256165113704 -0.23544883303691 0.066948049325211 0.128706130671576
-0.0483202938015436 -0.19217957719661 0.158868840632748 0.24256653799068
-0.151154926595864 -0.193546281528907 0.0886801765896354 0.329676622817553
-0.224768957655692 -0.0266719365934808 0.181250106269624 0.246125996652666
-0.151197160563754 0.17153746242775 0.217258642957295 0.0780677743378302
0.00381971026006612 0.179945597329375 0.149896922393478 -0.00712251205041124
0.0877262762479998 0.122457688990415 0.108079855986675 -0.00780654788372717
0.135601549026951 0.044405460888086 0.109785067896137 0.0238745409629719
0.133192490503279 -0.00394247278282662 0.1262404215927 0.0369040989931148
0.135785652591314 -0.00282963511147176 0.132934503544674 0.0829164320178294
0.122898604941166 0.0603487884090073 0.0991480631186534 0.157946278991261
0.0729853432812184 0.130154040031799 0.00804283666031468 0.211225673520039
-0.0345076975427795 0.197180380266326 -0.130245387602967 0.148472459781339
-0.171472632167183 0.0835307721611418 -0.179277271974135 0.0186116336246742
-0.185137767943322 -0.100148259618923 -0.0301646213507915 -0.0376841514834136
-0.102702834890481 -0.195736408389203 0.0953933226163301 0.191536892715738
0.0311619443588158 -0.0920567819099789 0.161629135788418 0.313488286330789
-0.0483969799578311 -0.119929310862212 0.0973423298638366 0.348924158648028
-0.112982665600385 -0.0308922234581747 0.148970142069417 0.262273634579389
-0.0779864894884523 0.0902248686284192 0.190277567117987 0.120918522915924
0.00612018658485623 0.0911387360910703 0.158184580620733 0.0415648809624973
0.0469030297446943 0.058365551045987 0.146195163491521 0.0216519498245273
0.0730151307402233 0.0159827301698957 0.152193212154655 0.0323208428381399
0.0769071419121964 -0.0131907018940262 0.163328099248302 0.0400479820508149
0.0831830058781518 -0.0111090502129048 0.169633548273359 0.0871665621902285
0.0814683695704757 0.0275199065272282 0.129206943412555 0.172494667294609
0.0557732964182172 0.0854248384200742 0.0241802450036306 0.232746414165736
-0.0278739877806991 0.1328539472291 -0.126289544576636 0.170056040022606
-0.124312057923502 0.0354030880891324 -0.173416950553465 0.0393091575193641
-0.106359300274399 -0.0927435737153905 -0.0276581514428343 -0.0214246414361715
-0.0091529124698784 -0.131012598399614 0.101246175320354 0.228662703474801
-0.0365192346190855 0.0744440795646383 -0.247928923916732 -0.158117962960115
0.0526483378359923 0.0401539326658179 -0.0134332368273024 0.065029639627182
0.0471798733602581 -0.0389354282028607 0.178245784967281 -0.0979941627574771
-0.0242706256255759 -0.0505105912613828 0.0736890004849891 -0.261438098531502
-0.0411889505940685 0.000348820267271661 -0.141994474243892 -0.262933452664899
-0.0127756396571863 0.0170872581550113 -0.244612890015497 -0.114789003130086
-0.00664289273436513 0.0125262537953383 -0.229609579864026 0.0118552183596242
-0.00270544270354269 0.0166985368769403 -0.194826025255933 0.0575498932035288
0.00735910295117819 0.00282364086158115 -0.175069835419203 0.0751091513381611
0.012631439032099 0.00741483556105009 -0.17328230013378 0.0699538679266224
0.000920833659077164 0.00518053028307589 -0.192792313869853 0.0403606428568428
0.0160522131030257 0.00202629168962815 -0.242839530512733 -0.0391807193498362
0.0158320014732551 0.0377637461587093 -0.246188855409183 -0.164882453162329
-0.0429359650155418 0.0711839872160985 -0.203107884444372 -0.2780702740438
-0.0990977111056233 0.0449505478901444 -0.265509213867861 -0.241853062912687
-0.14739654781985 0.021310225918216 -0.212513179956229 -0.185295545074719
-0.0596281828284158 0.0526181191005964 0.000622823709425678 0.0639284669020484
-0.0102683013501019 0.0444266378220288 0.202323050140506 -0.0976260654894817
-0.000810676796159849 0.0444481144903005 0.093934026253606 -0.278038747871698
0.0157683123130794 0.0519040510493111 -0.130148874959079 -0.277313381576348
0.0544785468487012 0.032787870310637 -0.235825229801997 -0.118713481159123
0.0628248187524518 -0.00668841419392518 -0.214052157688391 0.00871221649993909
0.0628654981026499 -0.00991213246698718 -0.174346066564892 0.0564744767085591
0.0832501257342951 -0.0122237924192908 -0.150271165365382 0.0831816707839573
0.0938333873457248 0.0418445499643293 -0.150795222251945 0.0912093574681041
0.0516133362009841 0.086722265296527 -0.181407122248531 0.0690874060878619
0.00405753783402082 0.121938865252502 -0.246868885907363 -0.00491821058738539
-0.0842702328496508 0.106494086067151 -0.257023307043735 -0.13116313727479
-0.17476748148912 0.0422356817848235 -0.190054413788923 -0.225347713562866
-0.225992580964875 -0.0298317945588517 -0.214615159998506 -0.187742479827464
-0.235954057968828 -0.0482289580662437 -0.140365088923273 -0.17915724922422
-0.179677985349659 0.0411752990312261 0.0353345642546392 0.0842887351317081
-0.0889563373461461 0.120624174461847 0.242644428339813 -0.0758953783274613
0.010634095087127 0.149484075373482 0.136113027171752 -0.280242040514001
0.0726035710550127 0.11126443883538 -0.0934800127160616 -0.284912251552712
0.11981638903107 0.0540798457536485 -0.202440745063454 -0.124691957231137
0.129566504029654 -0.0201908324143691 -0.172752336481824 0.000694666302463945
0.119781407500025 -0.0358484831183773 -0.129186315319764 0.0470437818669876
0.142204122314515 -0.0321636738011273 -0.0988015317951849 0.083056399329648
0.161232932477338 0.0531478496842525 -0.0969685582593432 0.113175904020102
0.109292360877401 0.134407945792294 -0.140142678907416 0.117140018632103
0.0286933958468627 0.214444705899459 -0.235942934745847 0.0573663843224876
-0.137294677629965 0.181115423060432 -0.266220783808772 -0.0744308891049515
-0.268054343961398 0.0438176895212878 -0.169359464699448 -0.168240120208055
-0.319357001974601 -0.0797425382779259 -0.134012638072723 -0.115804933871905
-0.284272624152713 -0.119980117776121 -0.0390615890393347 -0.130579629782935
-0.280652620242095 0.0042533721430354 0.0875701531767981 0.12351531989499
-0.177324527797489 0.169169441777372 0.28155117686093 -0.0287272167468921
0.000479690277469732 0.24495544281899 0.188118905218291 -0.248109820126284
0.114585346049421 0.17005538126799 -0.0339446535218549 -0.268501111883362
0.171365724385876 0.0780782368381037 -0.140822721395 -0.12399683009457
0.179419339148287 -0.0262810653856143 -0.10792186077727 -0.00911750118404672
0.158493809734794 -0.0571379622534791 -0.0647180193685304 0.0314580807347215
0.174741173535748 -0.0539677227008597 -0.0307162280573659 0.0725338199659541
0.199891509753527 0.0442531603126255 -0.0243027349481721 0.123746801356477
0.153898801545083 0.146797847546035 -0.0747909061069729 0.157303267945833
0.0666459773086119 0.262975377026911 -0.198696505109464 0.122089320369902
-0.147902163050064 0.232938909431574 -0.257126263898456 -0.0105422183028846
-0.310382276270228 0.0565754177276614 -0.13965067553039 -0.120140726255878
-0.364138060016199 -0.104923503629851 -0.0372902870177945 -0.0441660153948935
-0.279512865424035 -0.174258804277328 0.0731724072454257 -0.0463522894640779
-0.331073982001762 -0.053116126019536 0.145886476871566 0.176494453004732
-0.249401318495209 0.169453516279668 0.304007328275458 0.0363181857406008
-0.0307365522656417 0.299367979372394 0.229551843328016 -0.181379379927873
0.128566526985283 0.210042060673484 0.0368473930767067 -0.218937277823345
0.194787947810959 0.0959864001854527 -0.0590264742338903 -0.110919419654704
0.20278182254584 -0.0259241302435487 -0.0283065180460231 -0.0176894678897477
0.173809326612761 -0.0698314905014635 0.00823918650279152 0.0121354937848257
0.181670063706483 -0.0684172451323075 0.04212811459773 0.0535771044613752
0.206546167733282 0.02856998604239 0.0508962404153412 0.120482775574736
0.170489761619966 0.138114492080683 -0.00374199635222307 0.180059732145637
0.0869208617676941 0.269119812561238 -0.14686569498029 0.166900356554741
-0.143725604032853 0.243080407864024 -0.228915937978058 0.0407933460589237
-0.309258838865554 0.0526432083842473 -0.103683244790143 -0.0835425509647337
-0.352145719667899 -0.121733355556548 0.0589429137212864 0.0216191419638724
-0.223748948200514 -0.190439430569013 0.176721223368703 0.0566914936619107
-0.31099693486163 -0.101960578970492 0.197597042718506 0.229767653133453
-0.268629584052744 0.127818647926378 0.300099446334695 0.103180162054115
-0.0607857773013798 0.289316789313846 0.245982215816594 -0.0961334770243259
0.114780492263532 0.210563613345312 0.0997633733428714 -0.145846616642419
0.182916075308401 0.0963573420957538 0.0285358238411675 -0.0847879043613654
0.191247550799268 -0.0238200316280282 0.0532067384888649 -0.025520121623249
0.161309463491132 -0.0727887611729175 0.0787935375148235 -0.0086799621096437
0.164665774283956 -0.0729729421213663 0.109776964712875 0.0324499263098922
0.185898073371073 0.0129077435068766 0.118131073868981 0.110188939524498
0.159586394880525 0.11737731214147 0.0577674020105502 0.189923736978458
0.0824359652103787 0.245862345693834 -0.0981705925629664 0.190550408070841
-0.137361633229601 0.213636464732488 -0.191960101622349 0.0756518401546428
-0.27721889386207 0.0278415043536612 -0.0685281458143233 -0.0552650423441568
-0.292221029332842 -0.132521205412603 0.138116036957834 0.0798518535228546
-0.128093921231479 -0.164542296548532 0.253319747581048 0.154215780481792
-0.223975664079923 -0.117767500470907 0.232734846585911 0.269880588670967
-0.219983565005228 0.0693481377234476 0.27820386135943 0.154457198431112
-0.0608531745403262 0.219451348228234 0.241618911502167 -0.0179459340028312
0.0840182299892203 0.162752386313949 0.144405652025724 -0.075723001650272
0.138784823876631 0.0732116080108671 0.102654062300632 -0.0594022619780678
0.146006854366123 -0.0216299290288918 0.121197239987123 -0.0330509702686595
0.123583037978846 -0.0648639846523184 0.136823184737487 -0.0279919903520306
0.126511915597367 -0.0658231621730104 0.165163897877065 0.013717587348782
0.144924775839089 0.000349472842344867 0.169902717984247 0.102154334578793
0.131654140139585 0.0902985953239843 0.101599129558626 0.196056679931236
0.0613792001318247 0.20053023828753 -0.0638420324808526 0.204781642259858
-0.127032488987518 0.159753399917065 -0.160788841330148 0.0963959316129575
-0.221505612824072 -0.00668345860495634 -0.0416722552597213 -0.0316860167436917
-0.192941864935819 -0.134959939938969 0.190594992333606 0.129824859338658
-0.00963399594175672 -0.10518877442049 0.29432933218353 0.218565984033556
-0.095604306836564 -0.094906330777368 0.25301007796808 0.280289682995747
-0.117317245047346 0.0159659755990486 0.256713138832923 0.178424868836317
-0.029815314969727 0.112572399623874 0.235461109188302 0.0291271444474804
0.0454146866179058 0.0788981763733551 0.171153094353652 -0.0363740747200553
0.0704846726836776 0.0317427997028828 0.150028905902962 -0.0497633309101008
0.0743879370535177 -0.0185611430819592 0.16253015495928 -0.0461348359757483
0.0648326676147649 -0.047538835029585 0.172691054300241 -0.0430833048313714
0.0721900985241844 -0.0484846009830793 0.201464077329135 -0.000629977843230834
0.0902818256640269 -0.0117410900252801 0.205051128055178 0.0992325089615329
0.0940988081642339 0.0554566299867656 0.129988397765931 0.208114803162961
0.03644073510579 0.13801050252529 -0.0466562534732122 0.22137119575596
-0.104935159303547 0.0914538165795806 -0.143412496774005 0.114146274576264
-0.143416682640208 -0.037599071100495 -0.0322180449232093 -0.0133831516017576
-0.0716181040520415 -0.119692122342947 0.209324628991272 0.166799106327539
-0.0338404125205817 0.0786286416722948 -0.272413194963327 -0.149244504465574
0.0574893458295696 0.0391009307494455 -0.00928968031070451 0.0706968454463728
0.0470276680456795 -0.0426627011665837 0.18341139243835 -0.114915642016329
-0.0288237745974696 -0.0519921884795676 0.06331126453041 -0.280895617733642
-0.0421530408732791 0.00245414621121718 -0.167745328111621 -0.271097092979661
-0.011872959783302 0.0179178425501326 -0.26725840219746 -0.107079674981102
-0.00551886312460353 0.0127452036900095 -0.241260183740128 0.026483144064889
-0.000349638164571195 0.0173135832759438 -0.203071518715917 0.0754459757095488
0.00875422866778811 0.00192897442098129 -0.181444947949463 0.0922524202392077
0.015249205353217 0.00638200070707771 -0.180940146278419 0.0855661041681925
0.0014456616158771 0.0062447220862009 -0.201683250379495 0.0533947428722975
0.0163992917059635 0.00248975407209137 -0.258530810000123 -0.0268745966114394
0.0188612548491243 0.0390462994479626 -0.268723661884182 -0.160455303513739
-0.0410441811567138 0.0777199547777278 -0.232521388827929 -0.284829082555315
-0.101415169692298 0.0512463840874768 -0.298949748593558 -0.240875456673603
-0.154635557478176 0.0299540875910281 -0.236422922464986 -0.181056455869733
-0.0606793706214203 0.0593592006531987 0.00517457093697228 0.0699264865039449
-0.00819964899356292 0.0489464619312554 0.208562911180198 -0.115029119123149
0.00316609036416209 0.046479541462544 0.0838263336605268 -0.299570568203612
0.0215654280177835 0.0536067280981482 -0.155522676039137 -0.28762370764699
0.0602656087071897 0.0306734951886413 -0.257409649108756 -0.112205651533843
0.066718026775626 -0.0121655900614224 -0.225131103340514 0.022824062575498
0.0666537266371142 -0.0154113452107619 -0.181537846578569 0.0721198226112086
0.0882840123421034 -0.0191593857642264 -0.154223064053247 0.0995948143255605
0.104421176480395 0.0379241129473965 -0.154859617577949 0.106574129959347
0.0611709034541445 0.0896731831898816 -0.188079089761048 0.0840469279336814
0.0119931770487677 0.130121504495733 -0.260229052175197 0.00992546808350262
-0.0835487254409925 0.118159055036215 -0.278120639100874 -0.12343711908164
-0.183718830962663 0.0557142246696614 -0.215516088800777 -0.228463052872566
-0.240105225247922 -0.0203902266737569 -0.241061061614022 -0.187510604250159
-0.253046068271022 -0.0378726567381265 -0.160138517856742 -0.178593064335992
-0.188852022143795 0.0551934291747527 0.0426916778105073 0.0896914519948657
-0.0862746087464782 0.134048646948582 0.252218372722687 -0.0936940266527196
0.0229881370256658 0.157346362280355 0.128375479675841 -0.302901375732337
0.0861986082589515 0.112834880369204 -0.116843694564358 -0.298014829267987
0.131912446168767 0.0495028164123909 -0.22143492023502 -0.120887355485826
0.135895188623252 -0.030953342656884 -0.182138120842805 0.0113808490880041
0.124364817564438 -0.0462818977985719 -0.133412238935465 0.0587900394903075
0.148509765509025 -0.0448891505474595 -0.0995251294653503 0.0952369431707305
0.176329462235637 0.0453660501025245 -0.0957680253600739 0.126121497940032
0.124808277972213 0.136358817899785 -0.141667357321032 0.132283383455109
0.0453039311649085 0.226066402625926 -0.244716468292977 0.0753866868397509
-0.134597692523562 0.200587167159846 -0.284744957159153 -0.0612641901379988
-0.282290551460778 0.0637247540976217 -0.190342439801223 -0.169782375148902
-0.340968961256879 -0.0663611783069897 -0.151961932460397 -0.116182026521857
-0.309116816204703 -0.110386609718593 -0.0498977619097119 -0.133602495916253
-0.298351997224438 0.0214633171026283 0.0998897709423556 0.127356568833804
-0.176797714904712 0.190093515214493 0.2960355177115 -0.0460553286797413
0.0182496173858551 0.258397071274521 0.184801874850523 -0.273104799298378
0.134987961417388 0.172398291173395 -0.0528730381165457 -0.284050744343254
0.188209564921317 0.0716120321118745 -0.156068179757689 -0.123271037580273
0.188875635579614 -0.0407599929222757 -0.114301530285209 -0.003522149828581
0.163637646145183 -0.0709345912167176 -0.0662302284651238 0.0374633983810006
0.181576280630547 -0.0694825078992329 -0.0279402284563451 0.0795663437920728
0.217011812286193 0.0333192958729731 -0.0182231981051023 0.13233934906557
0.173272137725773 0.146455169121527 -0.0698711539048505 0.172133214161149
0.089420965399241 0.27454317021072 -0.201137413485038 0.141388420677417
-0.142650256238714 0.256778021671388 -0.271590392836439 0.00682611584919982
-0.326690999349646 0.0790252093947077 -0.156102477041046 -0.119610617415586
-0.390444455797828 -0.0909253988031965 -0.0437214231455649 -0.0458934580442162
-0.30700218003026 -0.167394703576059 0.0743953244183464 -0.051895863030227
-0.354973568756829 -0.0355834638489199 0.164877484545931 0.179440213546047
-0.251796520106512 0.195045805789417 0.323703582765915 0.0213399850932109
-0.0112069010308165 0.317477890455097 0.23253960742567 -0.204086724008972
0.152034525347317 0.213988320989781 0.0254499540815195 -0.236045451344653
0.214424777500814 0.0892714827846681 -0.0688358878122331 -0.113797192286119
0.213660995326877 -0.041529852155502 -0.0302811870143006 -0.0184586000635056
0.177869852732158 -0.0857882577603125 0.00958072501833598 0.0111693232077326
0.18741860347098 -0.085561000828387 0.0476910863779885 0.0547489450566292
0.222840869502802 0.0165984548808392 0.062092477755012 0.123190956365548
0.189879118691057 0.135195898534566 0.00709699577339227 0.191512741438562
0.111640567493772 0.279063244605415 -0.143613572916198 0.185154425872421
-0.138034008688998 0.266348186111886 -0.237958190750634 0.0603325504126972
-0.325534873079376 0.0746380411487423 -0.115389301879785 -0.0825953861350369
-0.378774368652225 -0.107904487280844 0.063230282713581 0.0170240566266605
-0.24891340246301 -0.188098162378089 0.190736216737755 0.0503334444463778
-0.33609779678091 -0.0890878721310171 0.22314663329905 0.232055513479592
-0.276028540145758 0.151083642732379 0.322678436072765 0.0925583666874166
-0.0436690645282899 0.308064405963328 0.254459546015819 -0.114928007707789
0.136403542898179 0.215788179859428 0.0963692916113535 -0.16164807190738
0.201652827523379 0.090165533536605 0.0261157668738309 -0.0919995274218114
0.201490454613747 -0.0380473434570137 0.0561017271717106 -0.032082755446652
0.164199193863157 -0.0868952109306352 0.082847890363874 -0.0159586157342514
0.168016347377106 -0.0889539711695538 0.118947551760983 0.0268554263261116
0.199010596107355 0.0019722730557184 0.132099474174887 0.108158294298446
0.177054179596511 0.114099220958467 0.0729697235426581 0.197231745815217
0.104458081437098 0.254368587195478 -0.0907667189638174 0.206881727073371
-0.132024397198835 0.235500595870581 -0.19743693821222 0.0941283774349345
-0.29200219936041 0.0465328836743814 -0.0765974700033811 -0.0552625388883944
-0.31549399158176 -0.123604865065135 0.151310736197855 0.0737887264507869
-0.145797784907568 -0.16551342569216 0.278376543365739 0.148761831616531
-0.244415037915499 -0.11039665044924 0.262746204152287 0.27195224311263
-0.227664218309058 0.0866450748671595 0.302410823428948 0.147003544082318
-0.0481290607444839 0.234784514057923 0.254742265447601 -0.0322601300098921
0.0998340922241371 0.167403521656138 0.148268836632468 -0.0894635075002702
0.152810812349436 0.0688222157215506 0.106627000768407 -0.0695939433336348
0.152952985061586 -0.0320818307326673 0.128484059298761 -0.0457576720066221
0.124168772314266 -0.0757914757376845 0.143815695684312 -0.0404122625807871
0.128306909608297 -0.0779508165109206 0.176748749676061 0.00293275814255785
0.154293936274105 -0.00895050786359386 0.187169380312123 0.0954766942700158
0.145352117427696 0.0868153001770784 0.119811136662243 0.202206350061068
0.0794370490222408 0.207212994200015 -0.0540692393906076 0.220545526863286
-0.125111841825187 0.17688058746831 -0.163330469314424 0.113736576378973
-0.234643722128714 0.00621698118758404 -0.0468345577107798 -0.0312606214063254
-0.211499981746685 -0.132191861592255 0.210340759374831 0.12303436920322
-0.0163650890872886 -0.109862014217098 0.327011222770013 0.213536266845743
-0.106750253162091 -0.0942003231683955 0.284791349948989 0.280942571835865
-0.122202824032004 0.0238332427258729 0.281197635210589 0.174324173381521
-0.0231053846667525 0.118566891479515 0.25028215290151 0.0172915971413925
0.053621054838272 0.0807443460734811 0.18034975946606 -0.0479148610470544
0.0768201111329022 0.0292774357506904 0.157471211862013 -0.0627583387580644
0.0769576902492028 -0.0238218805589741 0.171415722490356 -0.0616841103931972
0.0637402661534561 -0.0539244032297957 0.180687139602014 -0.0593319146127491
0.0713163399597107 -0.0563324112211791 0.214155141702166 -0.0143610458402886
0.0943446499766106 -0.0176657372891098 0.224100861842506 0.0908196522715958
0.102717266450245 0.0524359467963815 0.150715591496016 0.21272151570084
0.0478272913538079 0.142403036529533 -0.0349652449188528 0.237049150132616
-0.10552268670525 0.103894464006091 -0.144391030856137 0.129714407928046
-0.152745009994624 -0.0311524184446447 -0.0355087871038572 -0.013125184840938
-0.0818900125918132 -0.122461922322893 0.232191962842452 0.160461726151196
-0.0282195678159226 0.0823785370053468 -0.29658290935386 -0.128080366653927
0.0631945683369136 0.035366168796078 -0.00223800328614758 0.0757232127151485
0.0442626064465728 -0.0476020863681316 0.181526876977093 -0.136054994889014
-0.0346772504025232 -0.0511176405731493 0.0421892147434062 -0.299636638016356
-0.0423442311094093 0.00590982978057862 -0.201281140061432 -0.268803433992794
-0.0101346465980528 0.0187332255933282 -0.290169137207434 -0.0879501640368161
-0.00453052162059951 0.013412570086454 -0.248599235665765 0.0496455238461204
0.00207456891359722 0.0172784255366499 -0.204881273433689 0.0992041135251387
0.0100607236864806 0.000526229162812376 -0.181335993490359 0.115602641526022
0.0179125322734539 0.00450189871489789 -0.182111029174668 0.107349381493987
0.00195430542899538 0.00755560063886197 -0.206121587603779 0.0730895037683892
0.0166194964226647 0.00214652874733879 -0.271428389720776 -0.00469383989279619
0.0222544055656818 0.0393631039930589 -0.292394801912828 -0.143972211953381
-0.0359597200437156 0.0841615250226827 -0.269131483312866 -0.276974836169437
-0.100215346854628 0.0600037209840434 -0.336207809917511 -0.224637689881362
-0.158681743163416 0.0436615938063953 -0.262766238189887 -0.164366195966289
-0.0587150770896034 0.0675194894523797 0.0121071080835771 0.0742106179074702
-0.00429609420962224 0.0526394165520376 0.207975708604834 -0.138165575761059
0.00858587861880058 0.047852686028696 0.0612843723206208 -0.31993530660681
0.0295232665649162 0.0527207910185173 -0.189691225805171 -0.287352556064499
0.0673534942115587 0.025737238112885 -0.279738754558983 -0.0940811118632693
0.0685924500096759 -0.0199088018520706 -0.23186525854731 0.0442549889494492
0.0687146152238172 -0.0226456665753228 -0.182395228744491 0.0933926583732908
0.0909151245303331 -0.0294686115282493 -0.151883063827394 0.119474051660249
0.114765920990434 0.0285059005268262 -0.152898933167476 0.126165231406398
0.0721806630099065 0.0886281249496773 -0.18915769284405 0.105165771005831
0.0250423823933588 0.135325433530705 -0.269775239862039 0.0335612539674287
-0.0768956694134925 0.131008910505831 -0.299130017791559 -0.103090643282635
-0.187070846338341 0.0746466782603293 -0.246252635799821 -0.220333731589152
-0.250653004988999 -0.00194474001211597 -0.272018489100692 -0.173792130904991
-0.267817883362748 -0.0168605435937712 -0.182346629053917 -0.169237284402149
-0.192354545672613 0.0751316436657881 0.0525899306488079 0.0916395095489603
-0.0773382647023547 0.1485687343782 0.255128350385043 -0.119077792846552
0.0401468710057609 0.160554573561009 0.107061208993103 -0.327689711362732
0.103016457940714 0.108417508844979 -0.150954580093888 -0.302066280949708
0.143886008531312 0.0385604767407438 -0.242191145363446 -0.105878105011571
0.138863366920479 -0.0462386914057309 -0.188204031503217 0.0282434134449287
0.125146193951697 -0.0607614019841552 -0.133522182140134 0.074071241197415
0.15054670966643 -0.0621715012238695 -0.0952693287593981 0.109853902607295
0.190856845437618 0.029868576587829 -0.088821768446871 0.14022245970009
0.144531901815938 0.130876394097163 -0.136498244032614 0.151522845825334
0.0694105103980104 0.231887566423696 -0.247018616237791 0.100828731699079
-0.122271561292907 0.222365080973601 -0.300834018672836 -0.0366752368840744
-0.290274938962918 0.0916341767576328 -0.215421936097776 -0.161101556264206
-0.361174442208721 -0.0402982007410543 -0.170978686930731 -0.10880945209424
-0.332532102682903 -0.0868914187320568 -0.0639728719918898 -0.132717235930292
-0.310496513866357 0.0496949312198005 0.115501748331128 0.126197198576909
-0.165771960123654 0.215017731480832 0.304161913129944 -0.0735764577285736
0.0454228283998204 0.265593380313354 0.168836287394008 -0.300792789384049
0.158953715613682 0.165867167183078 -0.0830879587829578 -0.293394560719288
0.205188710762879 0.0565098207750938 -0.174345168449114 -0.114962798842391
0.193063848275637 -0.0619318567628279 -0.118409021757292 0.00618603675318794
0.163189847145411 -0.0898143470006768 -0.0659002468388808 0.0447101995709179
0.182173759342147 -0.0911012958253258 -0.0218479093535276 0.0862103088529349
0.231785393606326 0.0135271513563961 -0.00712245591742227 0.139354036570206
0.195392331476897 0.136509786668736 -0.0578659185045605 0.186505919349402
0.120753365962316 0.277064325212689 -0.195384374809805 0.164661480692086
-0.125856225380917 0.281917311437131 -0.280046225266712 0.0340278502669909
-0.334307271472481 0.112997411887208 -0.175257226400301 -0.111326633706418
-0.413985956657463 -0.0607349233983519 -0.0514177399728669 -0.0458348045757634
-0.336222526962139 -0.145494755643248 0.0730201391318325 -0.0593807927303063
-0.374769024818246 -0.00447827812542841 0.186868039455783 0.173259636923173
-0.24393955768716 0.22601254897017 0.338104313693503 -0.00539176375186232
0.0199355146523502 0.329484674388929 0.223763052196133 -0.233328646850874
0.180978903005859 0.208275699077707 0.003383719212034 -0.250143113523403
0.234722279849701 0.0728114640055137 -0.0809698425354731 -0.113591376180647
0.218975850345776 -0.0646760555920937 -0.0323910845204696 -0.0181976148099457
0.176254905386653 -0.105642418106643 0.0111299704864841 0.00963568727226844
0.186241851166641 -0.108443921281632 0.0551455602403697 0.0526130513117541
0.235665709675632 -0.00469128076134951 0.0756010924476647 0.122214974117716
0.211742036673815 0.12297391686043 0.0250458696813784 0.199506531156581
0.144766280003584 0.279683492027564 -0.131817402375533 0.20495432684073
-0.119557709566638 0.290942669728968 -0.24007976784406 0.0864072864020572
-0.33431208159961 0.108325154350715 -0.128905458323273 -0.0759573073335701
-0.403881711138769 -0.0795028884951705 0.0660696223743715 0.00972740337706908
-0.276889628485395 -0.171632217023042 0.203991125426404 0.0360517449614759
-0.359438105729608 -0.0624252199047066 0.252645281272251 0.221842675831847
-0.272713170377917 0.182192996711485 0.343085819219938 0.0679993482714832
-0.0150698940217788 0.323067908208629 0.254550036525208 -0.141959820870496
0.163909427702554 0.211851008462393 0.085300280116921 -0.178765963845331
0.220591428531829 0.0750670837122611 0.0197853673048446 -0.0990914254822647
0.206584910488391 -0.0594910451738263 0.0568826039774607 -0.0406674891473964
0.161473401163758 -0.10591926793419 0.0855761477517406 -0.0262910004119946
0.165356852726934 -0.109423533325298 0.126670471644101 0.0162578889569105
0.208770769688905 -0.0175314431912262 0.147891320221586 0.0992831757555811
0.195833262548113 0.101978550270232 0.0943419378617681 0.199943543924748
0.134957576323603 0.253750543160261 -0.074690439737035 0.223197483632175
-0.116838207916615 0.258393028541736 -0.194548634924618 0.118135194917627
-0.300310674270958 0.0754980710532898 -0.0857116054718845 -0.0503729269954809
-0.338908947149916 -0.101126546572487 0.163733453502283 0.0598709893399793
-0.167535251170354 -0.158416715709451 0.303970066264339 0.130240099938181
-0.265390373483814 -0.0929419033296361 0.297338982484406 0.259045826206344
-0.228983900159391 0.110695876028001 0.326218679871337 0.127170273975602
-0.0273690999890571 0.246568448781358 0.261118234862165 -0.0558319439958415
0.12134654122749 0.165399080697556 0.146635318948098 -0.1072345606635
0.166803403665061 0.0572865440612783 0.106467750492103 -0.0832383824846304
0.156490198937231 -0.0483249754564195 0.130909089385858 -0.0623841083808141
0.120384705310457 -0.0901375284770018 0.146191973082789 -0.0584884585409246
0.124011620320204 -0.0938401369118645 0.184996653364106 -0.0147583135257557
0.16022230611394 -0.0238053032405362 0.204094693194927 0.0809504309375554
0.159551431515389 0.0768750570345978 0.14368792424132 0.200753413254524
0.103216456941287 0.206943475402352 -0.0358487339083708 0.233105045183871
-0.114022421133624 0.196784662613518 -0.158005039619238 0.134844965196934
-0.243262485428738 0.0278184346640589 -0.0527870763385637 -0.0288763896184971
-0.231081686572664 -0.118716935915871 0.230380941048201 0.105838979204789
-0.0269855544019977 -0.111809560808646 0.360642885208532 0.194268895407561
-0.118811790535268 -0.0874298419105869 0.321522631608317 0.265841512806513
-0.124764967451987 0.0352839265316128 0.306457497392309 0.157383604085799
-0.0120879610485658 0.123137477177122 0.261530022144329 -0.00401884326365922
0.0637392682216114 0.0790978950833107 0.1846065032955 -0.0665379324969668
0.0833654874150091 0.0230780252618016 0.160026538618587 -0.0809187623909241
0.0772472628424589 -0.0315815000079618 0.174465541125176 -0.0832325447563635
0.0594669013770537 -0.0605911396532657 0.182825325332379 -0.0820489332311482
0.0667339710811592 -0.0649250613949682 0.222750985444665 -0.036599903203265
0.0964254448081308 -0.0272792483931069 0.24253667637931 0.0726116043747622
0.111574435548181 0.0440307905018951 0.177106247128912 0.208853596943443
0.0632564899654736 0.142073808571152 -0.0143346205122594 0.250255344822236
-0.100440026117511 0.118348458978384 -0.137904056656035 0.148847305687797
-0.160335837246078 -0.0198354197410955 -0.039291155343774 -0.0105028532709594
-0.096119497702418 -0.12040952431016 0.257142373205788 0.143205223116722
-0.0212123300031027 0.0829125239149406 -0.310366301591726 -0.0986033870546697
0.0662544736488497 0.0296177817107412 0.00517178160547281 0.0775854935008972
0.0401807117524651 -0.0511535102206843 0.171313539242851 -0.154638236417287
-0.0403844152417611 -0.0480019988463075 0.0140205123344529 -0.307255666303061
-0.0413685859516627 0.00914829248860189 -0.231394489079628 -0.252108440651494
-0.00806343562899431 0.0184132534198286 -0.303602679652963 -0.059872270816506
-0.00290971596416582 0.0131705354814149 -0.245818624958909 0.0738467667406933
0.00530637229461128 0.0165012440562397 -0.196803030961012 0.122452695892858
0.010758737211343 -0.000991126260799616 -0.172228195503301 0.136251985642602
0.0193001240919634 0.00199611892105374 -0.174562925848545 0.127181691829536
0.00318147162784054 0.00908232919445123 -0.201057627783305 0.0926646053712835
0.0169862893915071 0.00173895634930873 -0.272900235284412 0.0209934570351592
0.025699051387817 0.0374067579237622 -0.306498464600537 -0.118676827872332
-0.0280811557230321 0.0887675170557972 -0.299147330444528 -0.255983593039651
-0.0948189075088084 0.0669566824133991 -0.363374385240693 -0.193483529017509
-0.156377935353672 0.0577517572006044 -0.279748495657007 -0.138029396206492
-0.0532537036498699 0.0737988943395956 0.0199914230172035 0.075538444355136
0.00189838841314585 0.0546571790818928 0.197395738048522 -0.158909109454357
0.0139317106853207 0.046827760635632 0.0323746287751595 -0.328718672966644
0.0366114874292928 0.0490820584601119 -0.222148487642011 -0.271811776072625
0.0713909638537475 0.0177560311143046 -0.292528260325928 -0.0673227065519704
0.0672449248212365 -0.028157861040236 -0.229339871935268 0.0674563112896986
0.0678156433146573 -0.0307030039462642 -0.175237067996549 0.113682204210469
0.0888584700601433 -0.0403297393428772 -0.141529251114553 0.137147696820668
0.120754054859056 0.0159562080466903 -0.142827717897145 0.142674064575202
0.0827728110361876 0.0839761945229702 -0.181143257923399 0.124044275578936
0.0389378342316141 0.135261765716345 -0.267197066177565 0.05972011726693
-0.066034539232957 0.13990034119477 -0.309748253187143 -0.0745083304651804
-0.182230984715593 0.0931729522880626 -0.271302936851101 -0.199844519957679
-0.252198184193593 0.0194323522069723 -0.294144487334246 -0.148939452412606
-0.271248395724955 0.00859384260600082 -0.199937840563321 -0.150139470154579
-0.187535581852648 0.0946971772576275 0.0621717295355037 0.0891309503972345
-0.0621217205485939 0.157741824194321 0.246048855073295 -0.144576404354374
0.0577421183532403 0.156894136692766 0.0767964291545675 -0.340112863045754
0.116461999597705 0.0975172488231154 -0.184425079465398 -0.291583814103535
0.150921438210834 0.0233412241370973 -0.255259007237964 -0.0836833154233093
0.135180647205847 -0.0619124412961479 -0.186696802681477 0.0463581228073395
0.120685625037332 -0.0739895651310851 -0.127424679945951 0.08844348476065
0.145770325474526 -0.0798293419333253 -0.0851816329459969 0.121597596125647
0.19812752515486 0.00938257637346159 -0.0770909188163845 0.150553920367141
0.159985704371823 0.119172042841729 -0.123632900188431 0.166495613737362
0.0945998702631043 0.227641749058884 -0.238046634386838 0.124461792483434
-0.10284853420407 0.23674431666793 -0.304886828826694 -0.00715340206846259
-0.284910891450477 0.121086911545921 -0.234124691789185 -0.142759952881298
-0.367398467438512 -0.00849898312842146 -0.186013094169652 -0.093675217786361
-0.343682280746381 -0.0550222233144611 -0.0772848927612873 -0.126090711690799
-0.309002482456624 0.0804533207733592 0.127829905970686 0.117320179257
-0.145260149492891 0.232609091653803 0.299825521735133 -0.102598267943774
0.0736342239689068 0.261847060827518 0.140840428951723 -0.318928608434178
0.179591992661822 0.150218056297749 -0.115824835472679 -0.288834206684968
0.215249964655172 0.0355628726192898 -0.187340267387712 -0.0996219804430636
0.188524917178356 -0.0831041765213292 -0.118241492846878 0.0167862930902432
0.155152745041288 -0.107025101755936 -0.0619672242951008 0.0506852172907055
0.173516567402654 -0.111598017689801 -0.012714773450251 0.0896801661013596
0.237237268664274 -0.0114437056007644 0.006153404768605 0.141220608304983
0.21213494391781 0.118849453012202 -0.0403222898435928 0.194308815229297
0.151855912064479 0.267494839253286 -0.179814291800982 0.184243061705989
-0.100175388691628 0.297923164733371 -0.276211262155798 0.0628271340542722
-0.327627347310111 0.146397330458404 -0.188456463580416 -0.095856566789809
-0.421917429106849 -0.023157936245379 -0.0590329339372861 -0.0428509976229809
-0.353702634353414 -0.11356647626678 0.0677960743305005 -0.0655733079568311
-0.379819403465189 0.0330781476565872 0.204521471741812 0.158095406509701
-0.22322097469706 0.251543558771389 0.339309470268839 -0.037088090578168
0.0536878071219728 0.328294602820956 0.202722238061651 -0.256242789761303
0.205722747198903 0.191458159934114 -0.0239506815955671 -0.253969684687157
0.246662884766012 0.0490061813823753 -0.0923586735586163 -0.107039341393906
0.214026425777676 -0.0886040355107221 -0.0334751236282393 -0.0168943783033787
0.166336334123244 -0.123862564399192 0.0118998354302207 0.00665593583334398
0.175286704156071 -0.128911462322103 0.0613724361027248 0.047281448976593
0.239348139222423 -0.0299170024353914 0.0877977605233926 0.115002651211351
0.227237253505832 0.103639502098251 0.0436266802517718 0.200253881373139
0.176067569620267 0.266482876962352 -0.112703787946521 0.218026773180515
-0.0918910654410147 0.307299222840463 -0.230820955515486 0.112250358783923
-0.326437303514984 0.141982248884507 -0.139073934718723 -0.0649001067308021
-0.413709566715774 -0.0428076578305842 0.0655176705687479 0.00117612224099223
-0.296258771253223 -0.145703267483858 0.208988890689234 0.0177879085805153
-0.369354198111855 -0.0270467122346786 0.274725611279371 0.199374076280375
-0.256683067071184 0.209556599928556 0.351277906452193 0.0364002156224969
0.0185376873894068 0.32529872749154 0.24188622928914 -0.166178925376125
0.18842886338277 0.196794837899564 0.0666398093742696 -0.189567057768286
0.232638370643901 0.053153302604184 0.0111022537686403 -0.10258600392639
0.202297159180716 -0.0811850629246814 0.0542233736319726 -0.0495189045458068
0.150884848025707 -0.122008929005915 0.083601659156207 -0.0373147208518046
0.154172704481088 -0.127253047004523 0.129662629820134 0.00274501228995582
0.209837283768335 -0.0397360611217547 0.158932516578256 0.084529869154689
0.208201946839928 0.0833670278609443 0.114576199768436 0.193445543801138
0.163191557516783 0.240496208428699 -0.0532563069347398 0.231486254672248
-0.0921719330058205 0.27283199795267 -0.18217982147579 0.138902729868438
-0.296567656268858 0.105095215117165 -0.0924603976220204 -0.0425371453130903
-0.350101437883134 -0.0698059411733598 0.169769197260186 0.0413988264374418
-0.184020729650801 -0.142283452619776 0.320194332896226 0.102311649733249
-0.27723677016887 -0.0675927033183439 0.323990928116558 0.231724833264608
-0.219265349518673 0.13302051349685 0.339834388123047 0.0989260183054386
-0.00216426930614633 0.248864340589693 0.256475803033572 -0.0799135512092624
0.140250656656914 0.154306217611963 0.137050433714464 -0.122485033818051
0.175693268411767 0.0405320185085225 0.100591667064475 -0.0954178284818733
0.152892071822291 -0.0646848334639869 0.127230571895456 -0.0797015304887074
0.111078449765734 -0.101726584168319 0.141110662325665 -0.076237732873188
0.113527502820932 -0.106504092710413 0.185202797326737 -0.035372389738458
0.159100076997141 -0.0409552641513452 0.214057341345384 0.0607414100453957
0.168746181151173 0.061116277755003 0.165365103250624 0.189097790889104
0.12575493390916 0.196862155956683 -0.013646374745434 0.239599547695249
-0.0954749612492487 0.210208692350492 -0.144496731284512 0.152404947220399
-0.242737936975711 0.0502302896973168 -0.056773365406104 -0.0239117344957667
-0.244319562247745 -0.0973117670285097 0.242377816214301 0.0811383791366137
-0.0378539105310457 -0.109512205053341 0.382690185456066 0.160549436649914
-0.127077372432081 -0.0760377206288866 0.348533442025763 0.236127800971304
-0.121785769046342 0.0472575656449466 0.322955992661614 0.130745772896366
0.000185451585350245 0.123342001556035 0.26211382401223 -0.0273812053307303
0.0734346566153593 0.0736166939265391 0.180122198375425 -0.0850962991164611
0.0867316680908992 0.014514837327754 0.155711299995813 -0.0980324779904748
0.0742220767907903 -0.0389775913067545 0.168529986078728 -0.10523133884514
0.0525437152959243 -0.065320891226254 0.175854804456438 -0.10380665355735
0.0590602047456634 -0.0711482543194769 0.220685931414926 -0.0609602187465005
0.0934827238737033 -0.036628047960339 0.252187297695841 0.0481970615396401
0.115777203851155 0.0330263313200506 0.199866779149907 0.193845396789316
0.0781010125623179 0.135645952725276 0.00922383523753893 0.253667367247798
-0.0894617131784085 0.129835500597549 -0.123990017779006 0.164021539290666
-0.16301932137663 -0.00481716683374928 -0.0412365893215231 -0.0070174971791411
-0.108285833893964 -0.111810472078002 0.272702197568871 0.115795472880273
-0.015834852637229 0.0810401673843638 -0.311374031668334 -0.0720531918583809
0.0671272386854436 0.0240243663667087 0.0116154964308811 0.0774004714542613
0.0359389581693284 -0.0523241939398875 0.157160512422253 -0.16611816628256
-0.0437871515403433 -0.043444265772232 -0.00843503400420831 -0.305197160390296
-0.0398443378117525 0.0109648561896754 -0.248444164218063 -0.230023299961447
-0.00655988319344169 0.0171759373359242 -0.305679697996241 -0.0348021475863192
-0.00201597157773992 0.0122649047149803 -0.236751356252766 0.0922569420752559
0.00739836592536636 0.0148977597727549 -0.183778083115733 0.1378910093059
0.0110252104578032 -0.00266660661243614 -0.158895648429419 0.150237028102917
0.0202044894751461 -0.000272077481519003 -0.163050219346863 0.139736322159739
0.00429396067347158 0.0100888427401097 -0.1914341300642 0.105156783661515
0.016570387704582 0.00151425310973769 -0.266437763084799 0.0410962056602586
0.0269740414178576 0.0345916644138275 -0.308867785249986 -0.0953002383827906
-0.0202612764777246 0.0893326863386182 -0.315351407587331 -0.230538854949434
-0.0886118952031142 0.070049998182896 -0.375216182891158 -0.162502529200062
-0.149807598908338 0.0674901872643509 -0.284933260167919 -0.112087435445818
-0.0476033343873235 0.0772466667482405 0.0256039984763893 0.0746273968984215
0.00685244937119899 0.0542774549725979 0.182506380467648 -0.172033911746224
0.0175836815875281 0.0453168706994311 0.00704140085045003 -0.3274572473351
0.0406637397610625 0.0436507089341301 -0.242251101324641 -0.250926508370661
0.0725584091217104 0.00979447025692817 -0.294564464101441 -0.0435377655744039
0.063839660652436 -0.0342178635991291 -0.220711053812973 0.0832720871227722
0.0649950158971872 -0.0364359332743781 -0.16314397695389 0.127033582324247
0.0842786398029501 -0.0478294016115295 -0.128462631993312 0.14833701378218
0.121532206883675 0.00446904737005207 -0.130379463298713 0.15299516471875
0.0896744769203796 0.0773004611166323 -0.169482163970124 0.13592580090476
0.0497187678290884 0.131002656493494 -0.257842336239079 0.0781662634690327
-0.0553175669558879 0.143364192584618 -0.308367410955832 -0.0509431818218508
-0.172810688145727 0.105804448280974 -0.283828903193774 -0.178249889490526
-0.24733702731558 0.0353891715936778 -0.303507290194475 -0.124466593298623
-0.266561973072119 0.0285588757997937 -0.208054710766712 -0.131131771167044
-0.178443684230088 0.108011153082505 0.0672394429427849 0.0849889728765188
-0.0477054865696328 0.160242076689857 0.231318233647665 -0.160399994298735
0.0696283261402015 0.148857366893759 0.0499569127750159 -0.341336105856539
0.124403406701389 0.0850958565948091 -0.20838862468436 -0.27187390534219
0.152578413512458 0.00920637243485075 -0.259378790051884 -0.0630623732304437
0.12794854806938 -0.0733553310835088 -0.180279421365879 0.0592074563180268
0.113161872161695 -0.0830781851914922 -0.119296597458237 0.0972115387131004
0.136553788449439 -0.091232768175526 -0.0736077795877585 0.127880914395284
0.197468614056331 -0.00875693696188535 -0.0647054049191815 0.154906846026747
0.168552932986556 0.105038370198691 -0.109097482516129 0.174540589916321
0.112332536622029 0.216598151748967 -0.225067618377537 0.140147051161208
-0.0834836363639199 0.242049739995483 -0.297921050786044 0.0160745836130025
-0.271998836422672 0.141207403445309 -0.24331538056274 -0.123255679245995
-0.3612893803833 0.0168542442015395 -0.19262972768199 -0.0786266514195428
-0.341521237613883 -0.0276254703625354 -0.0859303851773361 -0.116833080083645
-0.299197306384902 0.104012602675055 0.133534671398194 0.107347512196152
-0.123920605314851 0.24001895156904 0.28668703051066 -0.122969870270059
0.094141547310659 0.251091055074623 0.11387670988683 -0.324056596727236
0.191137614839799 0.132764338582962 -0.139818303885315 -0.275606822275816
0.217027095730455 0.0161716691039225 -0.192681966052031 -0.0835385263143584
0.179234030915215 -0.0981259984774088 -0.115302371426499 0.0241244302729405
0.144157153270965 -0.118325632112118 -0.0576083787515963 0.0538723262516179
0.16129267447507 -0.124677549242995 -0.00535826398467096 0.0897396093722282
0.234980329555191 -0.0322038785660579 0.0161149559078485 0.138553798092668
0.220304452419583 0.101178608941512 -0.0241367527402115 0.195469136183223
0.171873145363505 0.250579876257913 -0.163171993282051 0.194164717763803
-0.0752643523682239 0.30166675021356 -0.264256154142879 0.083562092875296
-0.312293193037757 0.169819315139234 -0.194545738876891 -0.0808460341846324
-0.41582700781958 0.00714014669627871 -0.0640355467771134 -0.0392011205959104
-0.355768000291734 -0.0838240786989349 0.0618497329753172 -0.0683874703710983
-0.372648056792687 0.0614834429292644 0.211470082372273 0.141064293588807
-0.199444641403605 0.264659687322136 0.330156661631745 -0.0603186009051725
0.0798992960835139 0.317100542075911 0.179360884162474 -0.266188513050638
0.220549246838026 0.171394278923835 -0.0464818196806085 -0.247711252241077
0.249247650830143 0.027291737606461 -0.0995888584986124 -0.0988213933937395
0.204290955829356 -0.105180888804559 -0.0339624089252653 -0.0161639616197195
0.153927747323027 -0.135410414492523 0.0117209130183806 0.00410296198697207
0.16145594204568 -0.141143978617051 0.0646584130622417 0.0412443459754443
0.235064415439441 -0.0505135913746187 0.0953332150868293 0.106066933656199
0.232946230582029 0.0838729511114066 0.0600421402167927 0.195367914229977
0.196925839652653 0.247219793029535 -0.0943888830370109 0.223157322066116
-0.0662538215475841 0.310238597615048 -0.216239385440954 0.128566117917834
-0.312215286518555 0.164790874159528 -0.142785625306038 -0.052851191669016
-0.408582430691225 -0.0122281981655807 0.0625093923502425 -0.00621168668242272
-0.301687839309109 -0.119808458356562 0.207066898685747 0.00264650820556448
-0.367076858316575 0.00247114494469905 0.28376266334566 0.176727419066752
-0.23612079510096 0.225419607538632 0.346320092096137 0.0112745121502169
0.0441626519226234 0.316382136948383 0.224511547886138 -0.180678426126262
0.203779467870416 0.177605114014773 0.0487793532993651 -0.191292976255192
0.235679239081476 0.032428212813353 0.00417214910395697 -0.102912698671892
0.193258158214532 -0.0970968655584284 0.0500390807943307 -0.0563396031809346
0.138496977259726 -0.131591652625738 0.0784437093895134 -0.046364135340179
0.139276434463039 -0.137216716357302 0.128706945193628 -0.0083464347255608
0.204176309748765 -0.0569403667913459 0.162688322680106 0.0704718262910405
0.213052995354416 0.0658830456511572 0.128560020724447 0.182922883372481
0.181373206372549 0.222666991778088 -0.0347251287529179 0.231641251345432
-0.0683950297637971 0.277202750881209 -0.166439407907663 0.151436648411766
-0.283659969034963 0.125977289822184 -0.0951121703654032 -0.0345920567597986
-0.349284333317852 -0.0429686866126122 0.168835983397635 0.0250370026768673
-0.191269994576592 -0.124980158622545 0.32219391202735 0.0772309069638312
-0.277954924823769 -0.0442711820543214 0.33449112354837 0.204012427134497
-0.205131803052496 0.147332875242153 0.340164202502575 0.0735049829374143
0.0174922866326001 0.242789519111213 0.245966478809886 -0.0967519090318726
0.152321657583592 0.140143972335344 0.124556337276365 -0.131683723709024
0.17766090233445 0.0250345768157613 0.0940265523728729 -0.102608832874655
0.145136014853802 -0.0758780557095655 0.119773616031374 -0.0920476005585488
0.100449198932774 -0.107121337739044 0.131866789811397 -0.0892427451032408
0.10120144383 -0.112503579958973 0.179624988857674 -0.0508342292866105
0.153431701098811 -0.0529252908029342 0.215504288870381 0.0420754536770066
0.17117716098205 0.046450449092085 0.178494346170872 0.173901250599144
0.140321112641309 0.182323932014517 0.00505288900090778 0.236104352965651
-0.0768936686149357 0.21548622239054 -0.128829982168421 0.161237754840933
-0.235134603913199 0.0682429114761909 -0.0583020654575413 -0.0188279788140714
-0.246243728063886 -0.0770677273169271 0.243233119774564 0.0572265439528691
-0.0452162809124058 -0.104094248405136 0.389512125191748 0.129566791036505
-0.130407526829659 -0.0649712607819004 0.358774593099223 0.20593272756376
-0.116201615758901 0.0556832638527043 0.326699368139365 0.107276319606739
0.00964688775127622 0.118759692002869 0.255424342209667 -0.0458317281167651
0.079042050384925 0.0659583909829026 0.171552209798927 -0.0970084666225841
0.0870520415330596 0.00711914314294223 0.147543041716292 -0.110159801790705
0.0697619115720064 -0.043859070073433 0.15828720857021 -0.12136765889743
0.0457010113626448 -0.0666216331683659 0.163650599233111 -0.118626863940107
0.0504231003396085 -0.0730134534157924 0.212314455353479 -0.0801547176032402
0.0886253676622 -0.0436777867169617 0.251571383360385 0.0271388568355668
0.116191375016988 0.0229706740166066 0.213153077225493 0.176032787396142
0.0874350138723969 0.126441591931563 0.0282613010875186 0.249220100365572
-0.0777601351929604 0.134928816063487 -0.109203491879184 0.170958113008782
-0.160057213184337 0.00687989775446515 -0.041406620054186 -0.00417481372391048
-0.114581245276782 -0.10114764821787 0.276567260799736 0.0894202112819762
-0.0180817272270653 0.0826929631441712 -0.302729777925384 -0.0717577086150813
0.0661671188714262 0.0242937284227126 0.0122512763640606 0.0761758220269256
0.0346869824725376 -0.0520945346577702 0.15361876498842 -0.1623247962666
-0.0451639327892494 -0.0405482577403466 -0.00825531598905041 -0.300718050197672
-0.0397788447824313 0.0138173048954004 -0.246573378715741 -0.221727780207911
-0.00662227208912473 0.0177038687165928 -0.299185004166429 -0.031629683715332
-0.00429464016373997 0.0120909213622933 -0.232822890092072 0.0931567037742219
0.00769877686837011 0.013815565461255 -0.178405971283584 0.14139284937952
0.0102930587306275 -0.00219853564637574 -0.154616780714188 0.153543246738359
0.0198179049371867 -7.57385730606889E-05 -0.159322077903553 0.141078884063113
0.00453232991167115 0.0130004351001781 -0.189120605510363 0.10443217696157
0.0120519218982737 0.00483918706720821 -0.259095186093011 0.0403528655390419
0.0207331364755687 0.0331458533514436 -0.299750799606143 -0.0960397253120278
-0.0234208343444836 0.083521106849675 -0.312003988076878 -0.230219948893073
-0.0915948439268803 0.0695476026908986 -0.367629262480239 -0.165866103405391
-0.152243958917028 0.0662502124241488 -0.279323440308999 -0.105939987801565
-0.0488979533077317 0.0751940978636834 0.0280581747367219 0.0769208375813883
0.00427776780301385 0.0526563672995035 0.182933243199566 -0.166094951664052
0.0144655096987341 0.0455396415686403 0.01080061389274 -0.321204450767298
0.0396281580678086 0.0464806202704347 -0.237385524779831 -0.244001883075156
0.0725368489600269 0.0103886439927973 -0.287411630850523 -0.0424863927969194
0.0612456490506057 -0.0335878804155694 -0.216535946136006 0.0823135131713323
0.0659273543011846 -0.0369624362074456 -0.157391771364943 0.128422574843033
0.083310789808576 -0.0481016121997345 -0.123548961117563 0.151237744471564
0.123604483943812 0.00343817727826181 -0.125694786920228 0.155008371595492
0.0912343145508402 0.0796992726194754 -0.167573009071318 0.138598531323271
0.0461109328646138 0.132129477703532 -0.254016138372647 0.0826127750054152
-0.0606124132023172 0.142279168082367 -0.303407377506798 -0.0518012382128833
-0.175657420823654 0.102144673463351 -0.282299557247192 -0.181533784777631
-0.247865416565239 0.037668820233866 -0.298294184268059 -0.131928639560489
-0.268011302828139 0.0243716253950012 -0.205922492742026 -0.119600660197716
-0.179471203591003 0.103129032694583 0.0696795443313633 0.0910824245222089
-0.0521076609339963 0.156250293430577 0.234435412980628 -0.151904185988183
0.0643239251794755 0.146273142645399 0.0575662619293752 -0.333358154015861
0.120693056456963 0.0881547280609508 -0.200516620558123 -0.267045160474798
0.152226397360097 0.00956912292867741 -0.251091624676403 -0.0644171892979508
0.125439496392151 -0.0718503860519237 -0.175957896701842 0.0548997262976993
0.114248026221074 -0.0833942103142206 -0.114703189713521 0.0967737310887174
0.135076192330908 -0.0917464130139158 -0.0685444131517359 0.129444994507405
0.199510044754545 -0.011794560505488 -0.0598827284321856 0.157092005827462
0.171894343112029 0.10692369456022 -0.107194717753956 0.179673491180635
0.110379694942648 0.216479700405241 -0.222165407159849 0.148564407391142
-0.0876792695897374 0.242219692683951 -0.296863850214933 0.0156237971753491
-0.273395966735257 0.139972488949877 -0.24404793145421 -0.130583648678525
-0.359411742533814 0.0222529252752184 -0.192646459075501 -0.0906184511879534
-0.342068384460638 -0.0342090230186852 -0.0888048908694479 -0.101322976612797
-0.299949968351759 0.0959657557523284 0.134055831727469 0.117286952250107
-0.12970871472002 0.233173962318857 0.290746155077259 -0.110560354708535
0.0868095502804239 0.244748912127418 0.123547099145431 -0.313648426758423
0.185940562925892 0.133460523460695 -0.130395555561936 -0.271640994163709
0.21645202803719 0.0157963274513263 -0.185240900161906 -0.08602686392767
0.176778042448579 -0.0969202965070867 -0.112009636835065 0.0176976719135866
0.14570071374422 -0.118054944382203 -0.0547269497265833 0.0516648812010095
0.159175261682537 -0.125911980836762 -0.000597876986100931 0.0901543090408622
0.237062492119212 -0.0364701929908599 0.0205706386925885 0.140019974639518
0.224530147318734 0.101573249100201 -0.0225967941455233 0.201449111878132
0.171021520105051 0.249033982115883 -0.161076773210732 0.204780630877055
-0.0786754188305388 0.302831657600821 -0.266780181311951 0.083466867169038
-0.312798570650147 0.169124270631558 -0.198454432605531 -0.0881607930869729
-0.412120663186459 0.013485056265997 -0.0672965882024511 -0.0523087686738213
-0.355101756271629 -0.0931492632683765 0.0535266411452289 -0.0521416742230716
-0.372413800957555 0.0514239883726243 0.208730281007518 0.152900613765723
-0.204904662113753 0.255058618260841 0.332431491252408 -0.045450223074249
0.0725156503552082 0.308778311505905 0.189687668972646 -0.253826051228303
0.214104960782162 0.170939549932341 -0.0364901353385848 -0.245750237010412
0.248833563498366 0.0268653463171092 -0.0923670229862849 -0.101610708964919
0.203087616316793 -0.104429430778275 -0.0319480896840198 -0.0239203252816054
0.15534579986483 -0.134725748200975 0.0122589802717726 -9.03468777729761E-05
0.159500582352867 -0.142083256081173 0.067601648249692 0.0407515234106384
0.236782355486066 -0.0550799381916569 0.0981517123567463 0.106601183569848
0.237121109834224 0.0840770682430968 0.0616455811421596 0.200008626623722
0.196323287798681 0.244725185252597 -0.0920245511238089 0.234463740790195
-0.0688130566353864 0.31180204545651 -0.218894052154902 0.128737067955522
-0.311700804592422 0.16517742215378 -0.147291102129255 -0.0609507263261796
-0.404466245751683 -0.00576818077939243 0.0572074772610472 -0.0185262764925344
-0.300513274329667 -0.129590212359292 0.19542216146726 0.0169541968576484
-0.365680243680527 -0.00799328257490569 0.277217049619242 0.18803333567617
-0.240273921852504 0.214906431708928 0.346175309467316 0.0266471818640477
0.0377611144665823 0.30677552876861 0.232437292092931 -0.168310493544786
0.197807632866616 0.176661600241803 0.0573100582582924 -0.190220584250394
0.234271957990504 0.0311599129344666 0.00907667408418154 -0.105848930915385
0.192253092088482 -0.0968186993633799 0.0503632451958081 -0.0645256373102851
0.139818929987237 -0.130745980798449 0.0763575233525771 -0.0508342904114288
0.138324785813432 -0.137948467918568 0.129427053125263 -0.0104909897700439
0.206005592982913 -0.0611952201706325 0.16398533710823 0.0684436438226676
0.216398595932031 0.0650466846516453 0.129256008623726 0.186020205340815
0.182274811354879 0.219852512762945 -0.0342691691678565 0.241829884730254
-0.0690206717250071 0.278083374479202 -0.17034099126386 0.150378257541749
-0.283149757256219 0.126773872463718 -0.098531375324074 -0.0420619168080414
-0.344258210478074 -0.03684198547589 0.161852477017489 0.0139288142063487
-0.188785374238691 -0.133720609012894 0.309367145420075 0.0879035176094355
-0.27605543381587 -0.0536789189358012 0.325727458413788 0.212514990683998
-0.207290427645754 0.137646161693735 0.336056609570556 0.0865043694636328
0.0131654560236882 0.233155119112521 0.249920926181517 -0.0867402237806161
0.147198392897031 0.137833171165751 0.130144484576327 -0.130542624109432
0.176209662439796 0.0234854444470471 0.0958477778248054 -0.105250250245045
0.145682788874682 -0.0754415900821996 0.118160410178246 -0.0996072350051912
0.101992386028178 -0.106261026995647 0.127644983677391 -0.0942724998369519
0.100063853898522 -0.112911179564296 0.177605123314246 -0.0543346970689815
0.15470545480867 -0.0564575089963354 0.215321767150416 0.0387923457643636
0.174145028251498 0.0455017365063706 0.178417447401972 0.175959927694685
0.14136302900628 0.180741676591626 0.00445320513708873 0.243770441828634
-0.0778927473935752 0.216687821605319 -0.132713908430829 0.159151514254603
-0.233802306352783 0.0683430376784569 -0.0605981195024721 -0.0255804822441764
-0.242592697458409 -0.0721470364113198 0.235984006646745 0.0496832398456826
-0.0430129592023594 -0.109959970578235 0.378156533230591 0.13406389870095
-0.128180159945054 -0.0711801247317856 0.349107346916074 0.210596751419006
-0.116067166909021 0.0484526247176783 0.319769457708479 0.114349518612796
0.00634578986776423 0.111933491697644 0.254324150873235 -0.0396715990528934
0.0755965281004863 0.0634189125585154 0.172477887633324 -0.097169855650724
0.0853452377861948 0.00582297597034008 0.147249534299665 -0.111803041240928
0.070583453109791 -0.0439492344517921 0.155185364746831 -0.127018766684154
0.0462954958541094 -0.0651857817953785 0.157813527615682 -0.122914335111534
0.0504636675444088 -0.0724204676644123 0.208167502176519 -0.0837149435030469
0.0892740321864561 -0.0448947291691682 0.250148433050878 0.0223954083009961
0.118037501813559 0.0221588802518896 0.211861598050489 0.175189368825174
0.0885276293360253 0.126420638029466 0.0277216929970552 0.25261826743169
-0.0781386721588408 0.136830975457814 -0.111784397841173 0.16711480993673
-0.159272656042427 0.00718607484240662 -0.0417150815436953 -0.00877741044846839
-0.111570363924637 -0.0978217910287568 0.27034064920355 0.0840317951143349
-0.0169782109861105 0.0819163605946582 -0.305259907483613 -0.0616934187993031
0.066738705309843 0.0222457545208088 0.0155232821794217 0.0780481979147725
0.033551644127628 -0.0530187847140517 0.150640997177154 -0.168307408255224
-0.0467252099204221 -0.0381806088442682 -0.0177288125549697 -0.304260678705238
-0.0402469299238615 0.0148360570948969 -0.25633320375305 -0.214329241578918
-0.0071789364145171 0.0168596539404479 -0.30407025359323 -0.0209209246533107
-0.00385167760236147 0.0121097845249447 -0.231947013343737 0.102567713316433
0.00883820257695045 0.0126060720667263 -0.173924569592037 0.15127341973382
0.0105781169269192 -0.00344283169554501 -0.15031417250036 0.162140592771031
0.0208353021537692 -0.00178448624432367 -0.15732237080775 0.148690489678221
0.00634785218445083 0.0143168039358838 -0.188801518386362 0.110280439833851
0.0122962016053196 0.00521571480701736 -0.257818372179883 0.0481841435688125
0.0208390416412654 0.0329957507994518 -0.302627311798189 -0.0901112402729365
-0.0212125271619941 0.0840861721716516 -0.322177220876421 -0.223843484251951
-0.0914415897445767 0.0703666512911604 -0.377138957265094 -0.155639063783621
-0.1512349707753 0.0701346115333752 -0.282715635868364 -0.0959527427879198
-0.0472320203480341 0.0776482341339211 0.0306172704890766 0.0788363488817344
0.0069781592286106 0.0529880082918418 0.179237339718978 -0.172930079787715
0.0165316077672202 0.0456388334439403 0.00106172181196403 -0.324754933618109
0.0414579370853699 0.0445050778079562 -0.24893134405858 -0.236872042001885
0.0732411500033482 0.00577018512365482 -0.292682196571211 -0.0328411217214748
0.0604036375979763 -0.0367753026900155 -0.215998080692094 0.0902673307420297
0.0654514734450612 -0.040564780323316 -0.153625020935926 0.136743688217732
0.0820579664189352 -0.0524043675864164 -0.11903401582849 0.158036682446705
0.12535123369296 -0.00258445364850229 -0.123122737474938 0.16152097074481
0.0967290271109156 0.0784138261314928 -0.165194866014197 0.144654865518335
0.0515740514511601 0.132237107446301 -0.252252390524049 0.0904267401248195
-0.0574547367429005 0.145485893054565 -0.305317523317716 -0.0451411195640491
-0.174089253356153 0.108079023439821 -0.291524926719627 -0.17499189326987
-0.249054522018854 0.0425107100798154 -0.306804144672239 -0.123825697819225
-0.267675704019615 0.0322122280064886 -0.210626777825263 -0.111634904808635
-0.178140072301431 0.109705639349017 0.0722813655737888 0.0922427664878477
-0.0459610153963756 0.158127196703429 0.230791724335573 -0.158900792237262
0.0706533003480375 0.144402978102282 0.0487268533224253 -0.33739629480697
0.125461574353849 0.0826772210359558 -0.212758193064477 -0.260715468002255
0.154204848065425 0.00181665350433416 -0.255577907873898 -0.0556873560300029
0.123941858938585 -0.077770611653182 -0.175833979371096 0.0606338030926205
0.112469505432241 -0.0890486670807643 -0.112414540416108 0.102115494156791
0.132329660322502 -0.0980501787014399 -0.0645060213488456 0.133248419388784
0.202199925380394 -0.0212757351563408 -0.0559500817996987 0.161504791932748
0.178983290122213 0.102782932354486 -0.102258738090594 0.184620473032828
0.119539410503344 0.214578766108625 -0.218912695678247 0.15575454821291
-0.0812255814289067 0.246972413576771 -0.295975466544476 0.0232179301870598
-0.272237909738985 0.148588516591376 -0.251477889268861 -0.124639513416961
-0.361334852748552 0.031190971608728 -0.198353585888202 -0.0855781377684154
-0.343796922103111 -0.0237687645625589 -0.093383718658954 -0.097356021849186
-0.299569993663174 0.106708808605877 0.137001474960843 0.116622159706526
-0.121355056190405 0.238012099595644 0.287809578779443 -0.118368290519264
0.0966334015054478 0.2423018865033 0.114780526892035 -0.318076626861324
0.193177726385387 0.126423603862864 -0.143387292855993 -0.26770365401287
0.220174547297388 0.00602052773021128 -0.188946634836867 -0.0806604208251724
0.175072689035787 -0.104541044803069 -0.11282146568393 0.0204579913582205
0.14289495061242 -0.124481010102012 -0.0549623083860893 0.0536529010986782
0.155346086894982 -0.132225434261424 0.00274109657586714 0.0908346315190975
0.238604207949465 -0.0473033584588502 0.0247692931250279 0.140922319943335
0.231446099090971 0.0948471648651033 -0.0151841677547149 0.203976902939974
0.182636013570672 0.244261021203355 -0.155675530735088 0.210422410770344
-0.0692789796718597 0.308154457083368 -0.263130454767269 0.0916105713772922
-0.311357360298457 0.18020777526437 -0.202773078933782 -0.0830443247742211
-0.414431926818292 0.0234482364756068 -0.0713501839072671 -0.0516205836511156
-0.358337822088145 -0.082215564866301 0.0514076648731949 -0.0524996754447083
-0.374016643364809 0.0640565076484623 0.212597022411303 0.149180089203551
-0.197543612837137 0.262450010551037 0.331261755447924 -0.0539872670679783
0.0836911771513839 0.307283675315985 0.182142512894693 -0.259292559288121
0.22309272799549 0.16248182937827 -0.0472702954916988 -0.244030536044611
0.253409783391446 0.0152227976551793 -0.0959510795789558 -0.0996357652129806
0.201284604205644 -0.113288979660015 -0.0337969579152966 -0.0251470209704388
0.151303460790343 -0.141167235705865 0.0104025708598639 -0.0014158386555239
0.154341747436709 -0.147739124931128 0.0697745822754409 0.0376758732267453
0.237633129186712 -0.0654946945972666 0.102372523984387 0.104293651996535
0.243715447196256 0.0761269032490612 0.0694019641870601 0.200141719612141
0.20793891307234 0.238163254955826 -0.0853093415493136 0.23859723808552
-0.0580355983936517 0.317287484463683 -0.214315415811937 0.135684639707388
-0.309455678172047 0.176361198350139 -0.150359236840583 -0.0568928514469301
-0.406233639814919 0.00483842210448791 0.0546724134584601 -0.0223757413093271
-0.303643746233705 -0.120694909996013 0.196143283285208 0.0130895343148244
-0.369053379643157 0.00395526736171657 0.282516957782956 0.181941595948657
-0.23458536304193 0.223607294365879 0.347758649316048 0.0192093027173861
0.0484064019931032 0.305601905026281 0.228382977047603 -0.174513701250114
0.206495503468672 0.168454445543147 0.0497485376825261 -0.19200802213802
0.238719091659427 0.020895839420084 0.00669821809442734 -0.10800287178025
0.191034798354823 -0.10581357569434 0.0482331195274145 -0.0696488199192354
0.136366665544805 -0.136041925076551 0.0729920411346754 -0.0555237764515863
0.132791683451096 -0.14277434250365 0.129627145334888 -0.0167305818227815
0.205687117922688 -0.0702914086194698 0.167368872960175 0.0634132105886459
0.22145261297261 0.0579526107114398 0.138470302626645 0.184091470548103
0.192697000381701 0.213706470637823 -0.0271861026118542 0.243886131412727
-0.059299593449717 0.283529791865362 -0.164953177607562 0.156797640000179
-0.281782041104531 0.136968772037027 -0.100918456269684 -0.0390638609973491
-0.347341785975533 -0.0270482097178947 0.162088008506819 0.00633078694686206
-0.193197051532414 -0.128574523777815 0.313446616984893 0.0803703931202017
-0.279487620731884 -0.0449603808063739 0.33193811746591 0.204750735560253
-0.203679793955662 0.145182826194303 0.339846795378611 0.0785959486755015
0.0201355924041442 0.23256427787061 0.247690095253047 -0.0932390232371891
0.153807348842935 0.131439014857484 0.125683440746392 -0.135714289870317
0.179006574233431 0.0159186750702584 0.094923885949978 -0.110661831569161
0.144633146096152 -0.0821783367434921 0.115232315525447 -0.107832183883687
0.0984035639493319 -0.109408141665973 0.12325628540133 -0.101300529903462
0.0959337777314454 -0.115980198017547 0.176537890927023 -0.0628912696489353
0.153137892297788 -0.0621149082933686 0.217773760248832 0.0311116757301696
0.176878046421065 0.040054822728926 0.186859583903693 0.171531052124148
0.149043206020566 0.175337450121367 0.0124549395106163 0.245468345334193
-0.0697349237337733 0.221309635705796 -0.127746575059537 0.164129417663563
-0.23305233248991 0.0766413471998173 -0.0616328369916183 -0.0243523147765404
-0.245062512837706 -0.0653898857259439 0.237653601986197 0.0385678963211061
-0.046223560608208 -0.108505290934158 0.383893907033169 0.124992171945894
-0.130015796372402 -0.0674894056987923 0.355121038418283 0.200839927676648
-0.114895572453116 0.0522686603785957 0.324689287815869 0.107707683590725
0.00923099620739969 0.110537024042339 0.254346732649904 -0.0462375263025493
0.0784664223596778 0.0597834273551865 0.170715236735252 -0.103419422724747
0.0859378254201652 0.00228569558199083 0.146594732794113 -0.119049561731583
0.0697681145967798 -0.0464073916709477 0.150687248228598 -0.137193293942572
0.0440679464826269 -0.0654826153389018 0.152726090144006 -0.131724581241589
0.0470470058936394 -0.0723436597403355 0.205325409583089 -0.0931944346601417
0.0870965969208293 -0.0479345590941596 0.252579473487207 0.0136780340922094
0.119109039483594 0.0177920804555353 0.219987122760206 0.16941091497184
0.092613123022304 0.122873346978281 0.0359254494316218 0.2541021306492
-0.0735152183835766 0.140400989162152 -0.106513009316461 0.17184076516082
-0.160017035339811 0.0115190651303156 -0.0421615342395745 -0.0082919331450112
-0.11417211909085 -0.0942030325885618 0.273647861587326 0.0727012324758761
-0.0161725474731634 0.0832025781362441 -0.316077334207829 -0.0511058943434452
0.0690030454278367 0.0207802846585253 0.0201095513625716 0.0816349006460066
0.0327845501410627 -0.055519480597094 0.14981631414306 -0.179541903539783
-0.0488173033335152 -0.0366808339093339 -0.0291415292987384 -0.315721856039098
-0.0408152128800454 0.0170407846144312 -0.274256293753437 -0.210795768392265
-0.00761254889131863 0.0171530377766741 -0.316387611616763 -0.00755299185287321
-0.00343982322924758 0.012354722979362 -0.235571255179453 0.115686004242378
0.0099913948384266 0.0120460720117521 -0.171282501323266 0.165012148274951
0.0110732008155799 -0.00437438157894545 -0.148043887438897 0.175929956539158
0.0219073537056895 -0.00343295347512035 -0.157792707433759 0.161061675387727
0.0088715331138751 0.0154875309020522 -0.19151121331939 0.119756553026351
0.0127710415831194 0.0062004760022597 -0.262683534612826 0.0567358739371986
0.0213625841702499 0.0340367508098415 -0.314492337204428 -0.0858174899674368
-0.0192534771674351 0.0867722980074695 -0.340540404298199 -0.219622493373946
-0.0934146571491797 0.0739095492692954 -0.39535221297699 -0.146001401653478
-0.152457285478865 0.0759994049820851 -0.29468848928098 -0.0875984413596843
-0.0467709202467698 0.082431380503925 0.0351989118757768 0.0825761540397501
0.00989687282183382 0.0538418792879299 0.178896644017321 -0.184879577977457
0.019899183104658 0.0466468632693008 -0.00965961330924759 -0.336476025520852
0.0447984180267425 0.0435575095228436 -0.26732106405398 -0.233772856879523
0.0753897039446114 0.00210325920843402 -0.305022687448311 -0.0216771671738991
0.0614625494295025 -0.0405283926999697 -0.220029579790956 0.101495953035784
0.0661501071054236 -0.0455173921584337 -0.152384655740977 0.148996076300054
0.0826649782088716 -0.0580452479875457 -0.115520576760493 0.169878595026963
0.130574766417729 -0.00955016827050447 -0.122144539362309 0.172945270848478
0.105076038987425 0.0779639764768379 -0.16614488503058 0.154581033811941
0.0594139615081247 0.135438994639317 -0.256604938345941 0.101123508635986
-0.0549463884722022 0.153219632821449 -0.314458736277629 -0.0386792004832579
-0.177130741298465 0.117196903364885 -0.307309822804232 -0.170929203894883
-0.256381612671914 0.0509760091502626 -0.322298282478018 -0.116263277291514
-0.273769886529724 0.0418376869910442 -0.221066288434539 -0.105319844671374
-0.180019784020732 0.120371405599702 0.0778072359801581 0.0952205496306731
-0.0399644875906104 0.163882352825024 0.232412355068691 -0.171237526793181
0.0795742789670315 0.145793970838244 0.0382618996577998 -0.349540637419625
0.132993054111545 0.0790142044384647 -0.231129062834277 -0.258904276263149
0.159452429451053 -0.00624163308487612 -0.267417462455104 -0.0478962586902116
0.124930110442953 -0.0861611096376178 -0.179530584361827 0.0697319477690282
0.112514426792537 -0.0968496527527818 -0.1124586230596 0.111469998900071
0.132631585851372 -0.107122579303891 -0.0600248636474362 0.141062355199247
0.209448995326671 -0.0321027476332551 -0.0525717103262804 0.170284186694164
0.190922590710508 0.0998963235525056 -0.0990849281783843 0.194141426495854
0.132976619790668 0.216811888672442 -0.219766447751574 0.167131271928374
-0.075035159509647 0.25894774524131 -0.303340970960407 0.033181239530417
-0.277603876045319 0.163431263369985 -0.264536272009393 -0.119918204671799
-0.372715003833845 0.042003582130435 -0.209608465566406 -0.0821232082671891
-0.35274344519062 -0.0139060359213798 -0.0999459484913999 -0.0945903641753252
-0.30614592189075 0.121542091115138 0.143975038859144 0.118646233217443
-0.115549308004317 0.248575217732381 0.292128485512744 -0.13006586443775
0.109556702482992 0.245242905950609 0.108425577688702 -0.331986414241292
0.204939000073727 0.120910658029093 -0.1597596652046 -0.267916489493219
0.228797464125696 -0.00556169954943604 -0.198836800155049 -0.0760915697185245
0.177207058785825 -0.116748884964843 -0.11633633757262 0.0244195647051903
0.142014819176959 -0.134892491718055 -0.0555860818090449 0.0578162301174526
0.154189995672711 -0.143250246423981 0.0065652440584786 0.0939319823122383
0.246389036073413 -0.0609374120447697 0.0306277367321447 0.145005523131165
0.244774839251655 0.0889232705767358 -0.00780259614499541 0.21210069517963
0.199684674423203 0.24382927064339 -0.153273813019571 0.222093367461166
-0.0594894675373783 0.320876808015812 -0.266392876298972 0.102744728936842
-0.316438398895743 0.197083168175366 -0.21380413829447 -0.0778017654106526
-0.426586309815975 0.0363358201437227 -0.0776938038213392 -0.0520873801079166
-0.369396400092239 -0.0729450326506457 0.0504847409043653 -0.0534655421859021
-0.385445092758796 0.0800514257143027 0.222827643662069 0.149414524932546
-0.19360400089909 0.276597415296698 0.339005896779988 -0.0645677794359556
0.0987507260468883 0.312101217732648 0.178998059291722 -0.272807762480465
0.237214691357276 0.156417465158824 -0.0603173099088325 -0.248041232337125
0.263141214007265 0.00284634867835744 -0.102635437860608 -0.0999970536150779
0.204117471272964 -0.126950935258465 -0.0362777663720227 -0.0270630516335426
0.150579873989289 -0.151704416389969 0.00869429226232457 -0.00224860862748327
0.152513323680009 -0.159195060562445 0.0730792870961728 0.0349075942373479
0.242893161065718 -0.0789397137622825 0.108990276694108 0.10428058538315
0.2566153467272 0.0691478361798079 0.0799283760480226 0.204520170974615
0.225284239001841 0.236268632902048 -0.0803405725250045 0.248735691704714
-0.0466592057668181 0.329336794148424 -0.214660437712814 0.146819039751653
-0.314366500052556 0.193475144924092 -0.157353836035459 -0.052685774589026
-0.418199910632507 0.0178696657996482 0.0535249230467025 -0.027408179891059
-0.315785646301363 -0.114548226462739 0.202289553907985 0.00846546851847929
-0.381941866983624 0.0174135160525293 0.295562480987475 0.179848953926187
-0.233145395553129 0.238244806960638 0.357944227739452 0.0100530900389143
0.0613812970842172 0.311604451104053 0.229356139041035 -0.186550834708537
0.220700182241145 0.164504442879573 0.0419890708347727 -0.198167660708305
0.248481575804306 0.00965946349078514 0.003509023227487 -0.112421115131074
0.193555423611516 -0.118199902798153 0.0465369976579611 -0.0768095050594008
0.134582735331584 -0.145794791093022 0.0709059407897824 -0.0614287326554987
0.130633172452432 -0.151618872721047 0.132215543827767 -0.0237531705724322
0.208857518119638 -0.0821972207933922 0.174580323312022 0.0588926617191608
0.232104932116826 0.0512329934545877 0.150139072001346 0.185107096499
0.208003680442349 0.211028004584988 -0.0193203358313718 0.253082238526501
-0.0498801219021823 0.29492502203016 -0.162956777582574 0.166988354599755
-0.286723607857612 0.151843059437299 -0.105534478031619 -0.0370155953531372
-0.357198934791308 -0.0163582360388482 0.164853059610922 -0.0023819008798429
-0.202267906204822 -0.126320193379845 0.325660392116715 0.0740064321485712
-0.289623453757576 -0.0360111117696749 0.346819622105632 0.200819358091926
-0.204451649098804 0.156149079948755 0.352044671894106 0.071884329027668
0.0293280483035862 0.238128501022515 0.251493964134078 -0.103172235799679
0.164197279620605 0.128071770986005 0.12346454707761 -0.143299528219986
0.185931631474621 0.00748650816888038 0.0951706118960905 -0.11994251997286
0.145955539077642 -0.0916232778002808 0.114022540811768 -0.119684222804049
0.0970934238929246 -0.116148132200631 0.12090263450638 -0.111308267208488
0.0935910276965805 -0.12173331597933 0.178356674687271 -0.0731565679043267
0.155312700638806 -0.0706788515671279 0.225662368462274 0.0234527381601132
0.184460714674639 0.0336547164373591 0.200234735873099 0.170367544995152
0.161436674675143 0.173417910034178 0.0209953286969563 0.25347153230175
-0.063039618257065 0.230483575850938 -0.124483102817741 0.174115127817847
-0.23752704709264 0.0876046478299999 -0.0645532378942335 -0.0234667095765361
-0.25374816084882 -0.0585535146534856 0.245043084743703 0.0274297378928267
-0.0505384851009445 -0.109785032663198 0.399636606736061 0.116790656591326
-0.13587457311659 -0.0649355246304801 0.371354187124983 0.195432090965116
-0.116215769174364 0.0580569452007114 0.339459325990528 0.102029945429645
0.0127797135681312 0.112322534887435 0.25927843714841 -0.0553383670337341
0.0835576521662976 0.0573256308809973 0.171929659234387 -0.112876314432132
0.0885859990628036 -0.00164432060268345 0.147895753587177 -0.131545796371184
0.0698775120225681 -0.0510349733703611 0.14922744731237 -0.150893119468615
0.0428048575021771 -0.067872282006682 0.150058369473076 -0.143598796276809
0.0451798594366617 -0.0745044601547046 0.206511518287187 -0.105735795216674
0.0871928678298001 -0.0523416859019176 0.261806440878609 0.00371481219133562
0.122869664372969 0.0135535566609328 0.2351036844169 0.166882368533778
0.0999076810939132 0.121944656087598 0.0466736605193106 0.26126707460413
-0.0704968091312629 0.147117109006644 -0.102735936270372 0.180838625290385
-0.164132201759494 0.0177653242064402 -0.0440403917779181 -0.00834516850359435
-0.119235805251122 -0.0926449509776834 0.282597596115667 0.0606516754987948
-0.0135180466468202 0.0860803127487117 -0.331994753069215 -0.0348223316543642
0.0729684101402835 0.0179844111686014 0.0272647489620068 0.0851737270618357
0.0309018822055929 -0.0602122952555944 0.146969484665803 -0.197422763312121
-0.052354777718082 -0.0343055130578451 -0.050112747578035 -0.329854996379048
-0.0417607383551069 0.0206424946124867 -0.30023320745314 -0.202931000722003
-0.00808321734599486 0.0189822115724118 -0.332639705724063 0.0134762553390549
-0.00336534870050305 0.0129867409264698 -0.23915843104021 0.137520615667869
0.0115113438793064 0.0109878325691601 -0.167076012865683 0.184918173146966
0.0118700801613629 -0.00673725247331063 -0.142851929021351 0.196049450687235
0.0229002151200409 -0.00553598212121713 -0.156633092410924 0.180069536799047
0.0119091527437234 0.0165078218053438 -0.195128538675872 0.135381190947363
0.0141748987421891 0.00694610894798792 -0.270125664925467 0.072863096553631
0.0228363047480338 0.0349125405699934 -0.3330213736894 -0.0746338458252364
-0.0151858734979131 0.0914780216568409 -0.369581970720665 -0.211524942684207
-0.0944095563189548 0.0809389198998098 -0.423175429082547 -0.128687107955986
-0.155891657286779 0.0858953961034059 -0.311566436954894 -0.0726974181021118
-0.0445123161754606 0.0894138752345865 0.042211944511659 0.0859582823242268
0.0144193052740421 0.0547320309757057 0.177044550186165 -0.203275596959882
0.0249420648553394 0.0477503195731841 -0.0294737614019833 -0.352628944520478
0.0497619634700443 0.0426617377528914 -0.29409148415329 -0.227443375594614
0.0784029392102856 -0.00384955592370437 -0.321528280879186 -0.00254404883571079
0.0610497792823517 -0.0473387218626842 -0.223332002617606 0.120905871086514
0.0663548507118101 -0.0527883669537754 -0.14870328308793 0.166595628183162
0.0828888648777407 -0.067290983894743 -0.109645521343031 0.186656861809257
0.136498209630602 -0.0203001866074377 -0.118337717347134 0.190686462344979
0.117160983087814 0.0752929713633872 -0.166242839014562 0.171689378056154
0.0713313038207815 0.13887210168407 -0.262134330995744 0.119574954978178
-0.0496992685669148 0.165026412312247 -0.330379355083331 -0.0248355127362774
-0.179301396277153 0.132719394236348 -0.332694450276799 -0.162131757968557
-0.266886836994062 0.066554518865273 -0.345467110355821 -0.102979752702119
-0.281971673256774 0.0565800303802803 -0.236326280333485 -0.0954162278667401
-0.182442189202223 0.137179861653597 0.0868942852307208 0.0978091671300324
-0.0311759664801104 0.1724603694436 0.232583450717434 -0.191254525754596
0.0927500089771719 0.146826050671387 0.0194481506252277 -0.368230004896363
0.144880488390294 0.0731204362029215 -0.258767302924313 -0.255261368630771
0.166930026009725 -0.0184222609326115 -0.283675194433961 -0.0326232436286546
0.125360336575302 -0.099254134868944 -0.183407595552758 0.083987427796812
0.111793223609188 -0.109309377878745 -0.110525723547992 0.124423532330894
0.131694663569495 -0.121277485291761 -0.0538274013522137 0.15219208153786
0.218018703058899 -0.0493998888385387 -0.0452407546668584 0.182737252036718
0.208785075777395 0.0928780569963711 -0.0923088317321554 0.209113226541859
0.154237265469903 0.21830896039092 -0.221007127186598 0.187441710563072
-0.0638316113019689 0.276875386602153 -0.313409579560806 0.0497213480649831
-0.282536168559636 0.187166889260223 -0.28512982447513 -0.110161849975336
-0.388494972475153 0.0643902115397737 -0.225947701022814 -0.0741648880424211
-0.367443385339215 0.00449269014887021 -0.109965932634241 -0.0908875141116675
-0.314337041009188 0.145755097899001 0.157115555306836 0.118338613491031
-0.105661864613273 0.26544329825157 0.297402690113466 -0.150697305779789
0.130910001094428 0.248393484588751 0.0941849049352381 -0.353134359218045
0.222523103089449 0.11209185941053 -0.185123879193662 -0.269288294792551
0.239066349610447 -0.0229846036222475 -0.212963434778935 -0.0673312207777418
0.178136965514172 -0.135554065199436 -0.120588403645371 0.0316805230297463
0.139905252678464 -0.150522023807887 -0.055460487498494 0.0651012465440526
0.152111293593692 -0.159717473869059 0.0128462320921929 0.0971636442312764
0.254095554997518 -0.0819144785712802 0.0400960031431585 0.15122078586923
0.26383689586442 0.0780425601219375 0.00500886764612305 0.222177707149444
0.225636871486831 0.242003343701044 -0.147954995867506 0.241617647464342
-0.0429589006114593 0.341186691964451 -0.27114835910828 0.120979717792138
-0.321107222722173 0.225872883743364 -0.228506378278712 -0.0696435281796642
-0.445193427805161 0.0616549578148877 -0.0863081044212616 -0.0510037384638231
-0.388132683039821 -0.0567851814702794 0.0490791775596101 -0.0563019135586315
-0.399358469996653 0.107728621019914 0.239687045299261 0.146216433777267
-0.184815214535971 0.299364860786248 0.35022703034159 -0.0840651106179193
0.123095230423847 0.318830545445457 0.171567352170474 -0.293910052941056
0.258879743895878 0.14780459068082 -0.0797565947497834 -0.253583172631006
0.275636116454463 -0.0171102319239423 -0.113037612768231 -0.0983928213284008
0.205303921391286 -0.148339687158741 -0.0399220510627015 -0.0278853955442708
0.147546111274543 -0.16888326416119 0.00705891379654942 -0.00270956057502386
0.148918780734855 -0.175517835010462 0.0783570140713883 0.0317586390499838
0.249268525004857 -0.100386326395472 0.120462775158463 0.102576430109075
0.274363162158556 0.0565492289346491 0.0973406816699598 0.209433114336497
0.252601341738874 0.231278088305519 -0.0697414234787773 0.265062425319675
-0.0287656053366855 0.348193730008377 -0.214021973447982 0.165680688721813
-0.319556391200013 0.221917055680633 -0.168210084478357 -0.046468786957831
-0.437171468713374 0.0423138845000193 0.0519789075902202 -0.0342204795593881
-0.334719952001079 -0.102526863005987 0.211944582877162 0.000222200932207587
-0.39919202188606 0.0417158169894366 0.317069342654412 0.172950270615493
-0.229767855352063 0.261539741855618 0.374556616104755 -0.00780654632048459
0.0835621001140743 0.321025145663292 0.22820915371719 -0.205857833650559
0.241088779522105 0.156334393924842 0.0301055216382531 -0.207510761732016
0.26074674673192 -0.00858183523545746 -0.00182955650736368 -0.119519116404763
0.194968060892913 -0.138276655915671 0.0429341728435596 -0.0861609453533324
0.131371098844161 -0.16095530520241 0.067964535451468 -0.0691333735225723
0.126176092945531 -0.166038666100774 0.135689218481576 -0.0341125555668586
0.213193411121103 -0.100195586389936 0.186811407519259 0.05109771649488
0.246693443257565 0.0379182247536155 0.169796157703375 0.184494590348949
0.232209788888095 0.205065812514205 -0.00563551226636312 0.266391177154609
-0.0331366991758461 0.311191766706262 -0.159024293914351 0.184175446147381
-0.291268814671884 0.176097751243144 -0.112628340217405 -0.0326795674245432
-0.374523696326114 0.0028626211017623 0.169897671336449 -0.0154624874474016
-0.217604598102133 -0.121034149014617 0.344681278295776 0.061475737692736
-0.306258069691495 -0.0203662696253338 0.371596270405916 0.191734322551633
-0.204383398452975 0.17503139533305 0.37199624441029 0.0569820036793477
0.0449618499037628 0.245726660698729 0.2559201540276 -0.120152450463245
0.179753048327976 0.122216386468944 0.11849124508389 -0.154921213157663
0.195240967273372 -0.00560698100844272 0.0930823559474191 -0.133228022819602
0.146443652266491 -0.107120841399196 0.110424734627863 -0.136234782551101
0.0935136810674568 -0.127223993641973 0.116640729399711 -0.125158209451916
0.0896091613091958 -0.131682800548712 0.179886143321287 -0.0889105021496133
0.156983411068605 -0.0838066798296974 0.237718028604016 0.0100684563827732
0.195113010194786 0.0235975448165635 0.221173793464914 0.166171885457466
0.179410614359039 0.169121932420884 0.0376482420792996 0.264552679406474
-0.0510717715201575 0.244525660252098 -0.118951622126193 0.189630211089503
-0.243685800098549 0.10554114172888 -0.0692211849047833 -0.0211761741388993
-0.267613684159683 -0.0465645708474894 0.255073511537661 0.0103246189506927
-0.0588371235903065 -0.11269937869227 0.425472023846411 0.100477368533523
-0.145535706942382 -0.060082090187101 0.397752087737244 0.183764395457696
-0.117697352461735 0.0673536588360765 0.360468106509868 0.0881762180193647
0.0190948030096235 0.115536765859497 0.267005611836962 -0.0711265378461129
0.0907852617355583 0.053336025040505 0.172030802997557 -0.126974956470587
0.0923361605601102 -0.00774807310966498 0.147540894416855 -0.149057870183292
0.0695868625095873 -0.0582052635691858 0.145207744559654 -0.170965498348847
0.0408161277197508 -0.0724044175250325 0.144944127800208 -0.161559571197275
0.0421965529842681 -0.0793634741235742 0.207643491627261 -0.124420991050394
0.0869861574168103 -0.0589380496611016 0.273707181194247 -0.0130614162029727
0.128642278611382 0.00618866050174562 0.256734310934746 0.160007823107466
0.111997820688445 0.120059733307109 0.0644286203096192 0.271396298274502
-0.0638002508889978 0.158035507538311 -0.0964210700667659 0.195668022143426
-0.169908255121524 0.0280598064502973 -0.0465691748032511 -0.00754083536180651
-0.128681593377836 -0.0899555887466838 0.296259293567018 0.042608320448347
-0.00911398827985705 0.0885668826253529 -0.345404565001148 -0.00599767912834823
0.0770040961279893 0.0124082216746981 0.0360138723449938 0.0868609522410045
0.02621429874727 -0.0649918426682811 0.13492574054948 -0.219446612646868
-0.056203780542298 -0.0298041262409782 -0.0838911565777488 -0.339189668769206
-0.0409727547468756 0.0252747859066107 -0.329611664652561 -0.182197642058007
-0.00708460575601073 0.0209052777017484 -0.34463183937363 0.0484045552575414
-0.0024810064163216 0.0138834665850242 -0.23468519231068 0.16606527611436
0.0135442606331829 0.00900421306105382 -0.154184406784103 0.208271953068302
0.0118820397099531 -0.00904908034277271 -0.128106464395711 0.218816853932317
0.0238693494496588 -0.00861349160481648 -0.147067998625656 0.203658488338347
0.0156289301075248 0.0162365674084882 -0.192723952781774 0.158126280278224
0.0160317622189365 0.00679799418601152 -0.272442800995491 0.0978223901133501
0.0255723719107135 0.0355720546741641 -0.351614928060113 -0.0512896680567116
-0.00755532670517264 0.0958017090396124 -0.403803036676198 -0.187152636332024
-0.092166803682356 0.091255723887983 -0.451404544891422 -0.0950863106278952
-0.155077757523011 0.100885823651116 -0.328619264344447 -0.0462346764868437
-0.0386077341448531 0.0972992897779831 0.0522572065097628 0.0870546712775805
0.0196103664512234 0.0544239394504084 0.165383809131421 -0.227246428456166
0.0313714669481219 0.0467880195428165 -0.0642276177843748 -0.365067232752975
0.0561033053572232 0.0392403050225033 -0.326969840779776 -0.206639143749997
0.0808087218052441 -0.0118436314452718 -0.334284235881817 0.0291453797215759
0.058862343762625 -0.0554458054760038 -0.220005710843638 0.146739750581995
0.0640176580826147 -0.0618917979635824 -0.137148724443822 0.187839921801965
0.0793235022822587 -0.0785081024665671 -0.0946212838817197 0.205412588537156
0.140326269015028 -0.0353742147107393 -0.105842102444517 0.210794026205803
0.130900564606324 0.0680499468726489 -0.15861693374981 0.193295542440687
0.0875586532273551 0.137557468323707 -0.260463692887769 0.145241006450094
-0.037522448388127 0.176624822415699 -0.344227132040634 0.000804504978352928
-0.175488280697437 0.154111114030873 -0.361363283376648 -0.138269954316676
-0.271526183260556 0.0902705959376043 -0.369484422137241 -0.0754930474511777
-0.287376541827592 0.0810575724487222 -0.253165390996808 -0.0758317578046379
-0.177201439047757 0.159659115964833 0.098757544110064 0.0966269718828523
-0.016351715233706 0.179863134429838 0.224969015926938 -0.21882688064705
0.110968262494069 0.142883803936176 -0.0123872389804009 -0.384192917493521
0.156807930360662 0.0614753407924346 -0.292414412506114 -0.237864261954088
0.170781908861427 -0.0371218113282394 -0.297618596225867 -0.00599297774330933
0.120294636376031 -0.116283683866013 -0.182214942789343 0.104125728605951
0.104804363428482 -0.124565107330234 -0.101816006922751 0.140479025187789
0.124615987076541 -0.139064971129595 -0.040468729669914 0.163442052062857
0.221550559069895 -0.0745083175915307 -0.0306328599699158 0.195819752048392
0.227396872062552 0.0762246718229877 -0.0784404513281112 0.22519490918067
0.181637088377518 0.211284881997251 -0.212946422476561 0.213291674934529
-0.0410279798851612 0.293592942073917 -0.319554829508081 0.0773251331272985
-0.278592593694512 0.220526943554217 -0.30649770583039 -0.0891053358296812
-0.39779761844504 0.0992904021756214 -0.243923697751391 -0.056777997327814
-0.379682755747933 0.0337312934125037 -0.121818319610215 -0.0816641278266984
-0.313477522724519 0.180482325432876 0.172136391837933 0.112456290124181
-0.0851874443934081 0.282593532159929 0.294702384617369 -0.18136534478366
0.159017738138948 0.244475951185217 0.0658058587527694 -0.373477124467868
0.24159555284394 0.0945521014303293 -0.217666619227556 -0.257443288645495
0.24599220345348 -0.0492896527312116 -0.227423828789734 -0.0497274092560238
0.171233700209235 -0.15942352682639 -0.122212464561104 0.0432281730674355
0.130609890433482 -0.169745153263076 -0.0519401721491701 0.0738674375535632
0.14178669388601 -0.180249955739963 0.0225013763207225 0.0994618829348082
0.25601265983216 -0.111298346154617 0.0555006287731161 0.154437946790133
0.283602196376566 0.0561400631950689 0.0256162386448626 0.229865351877435
0.258965641357402 0.228251237805023 -0.132705102373373 0.264389796614283
-0.0135139340497238 0.35927029664217 -0.269507086052991 0.148414495312206
-0.314725819865026 0.264090948621528 -0.243856765911258 -0.0518201909109222
-0.456503256094669 0.102320418332849 -0.0968553427891523 -0.0464941991712789
-0.405976777871927 -0.0277248196055981 0.04591669465369 -0.0593554978919642
-0.404885988895247 0.149045163865474 0.260144368144466 0.133612399976597
-0.165435441226643 0.325398425424677 0.355179180949895 -0.115770820977611
0.156939672336668 0.31830667880448 0.152186407504671 -0.319078239043779
0.283052111142757 0.126812236451463 -0.107571315350838 -0.250483395543055
0.28458480071465 -0.0470304508084704 -0.126805567379248 -0.0921693715119999
0.197642802901913 -0.176100708143174 -0.0448301442474804 -0.0272284941017702
0.136086831452406 -0.189652461676472 0.00596412800441533 -0.00273314606956921
0.136776433552227 -0.196140233886222 0.0836043680708292 0.0249500822424221
0.248738141063791 -0.129745650685846 0.134311662723264 0.0961200853849535
0.291582315624962 0.032174803002859 0.120968318243022 0.207665893308895
0.284745246651131 0.21345825426772 -0.0493898473271587 0.282307269736776
0.00253645679109411 0.365050265125052 -0.204584813440297 0.189889979169743
-0.312368619527263 0.259883919697051 -0.178788754408202 -0.0330052048152244
-0.449155536190197 0.0814095301487312 0.0473779671728134 -0.0422076443267876
-0.355577588031 -0.0793309300633927 0.219213860428912 -0.0155547039262966
-0.411589457917515 0.0804354769169874 0.341847903957435 0.154094477456102
-0.214341316275734 0.290751358609902 0.386174400244712 -0.0377715838312687
0.115805567813353 0.324384380678929 0.218062135151156 -0.231355338770901
0.265103929606555 0.137889113579613 0.0105158907467717 -0.213389729212173
0.269271886589305 -0.0365133802959592 -0.0127336633874706 -0.12404347261331
0.187507888891585 -0.16475139667781 0.0349523168996909 -0.0967326663715881
0.120808383560341 -0.179786263305356 0.0617434744860148 -0.0784276041537178
0.11458255064392 -0.183677507218461 0.136524951220342 -0.0487501542775996
0.210958839612279 -0.124758094342039 0.197970389474802 0.0351334335503679
0.261078770382771 0.016425512138362 0.193817453185081 0.175286812533863
0.260344431284197 0.187990740059822 0.0174972202052954 0.278207827526132
-0.00524302213910091 0.325623059577723 -0.146645492316562 0.204886380356173
-0.287532157526771 0.209853680943859 -0.119566729825149 -0.0244322802201978
-0.386632166220749 0.0353274196724253 0.171384172836342 -0.0346158864999724
-0.235959618998315 -0.107220130814189 0.363402213410638 0.0348306675974391
-0.319398968407397 0.00711397538982185 0.400066109675148 0.168120168722566
-0.196199805426692 0.199103630521463 0.389850910248645 0.0290584453161218
0.0682324828928352 0.249263398893913 0.254203965005123 -0.144379047628059
0.198101450345271 0.108603829195096 0.108053541476718 -0.167495891865583
0.201203774682426 -0.0264575400213747 0.0849046250735642 -0.148366763863592
0.140624188765669 -0.12662867481107 0.0991357924554893 -0.154597823487362
0.0852561872690545 -0.140525454439592 0.106291845892357 -0.14097455890615
0.0801897832478007 -0.143808347628948 0.17676358813786 -0.109679187155688
0.153856121492436 -0.101554141892716 0.247192147050853 -0.01243229621923
0.204995703439782 0.00621906046896082 0.245710121735673 0.150996940848667
0.201925217369496 0.156240522155204 0.0625171737632971 0.27229044579215
-0.029648956708711 0.258241274582274 -0.104835723639365 0.207493351535338
-0.243271722410774 0.131661105745809 -0.0742145674154041 -0.0171229244471604
-0.279814690229375 -0.0248813566162297 0.261700955716943 -0.0163274513417156
-0.0706727492334656 -0.111601368255835 0.450658871609701 0.0689155758271522
-0.155573024394653 -0.0496471244970546 0.426553246779522 0.157677552350644
-0.115392602578742 0.0800857823826106 0.381142945866124 0.0621845571051026
0.0297672942461588 0.117164369117729 0.270000133259519 -0.0939082156938829
0.0982801326352156 0.0452748436612235 0.166471477651081 -0.144645093850112
0.0942476376174379 -0.0177832206759088 0.140040325357713 -0.170179742737227
0.0655633243198662 -0.0675542299809212 0.131506871382591 -0.194299916731716
0.0357562077649378 -0.0780017454309289 0.132238077999574 -0.181550075410294
0.0367436037024634 -0.0847682533629361 0.200816409133534 -0.148891329948498
0.0839280797873127 -0.0683822030326158 0.282110158895852 -0.0400976774957466
0.132808075403893 -0.00565219640035501 0.281898936428134 0.142811744647851
0.127155138034714 0.112524739239449 0.0912455405537832 0.277346606323751
-0.0516756612400327 0.169417363759712 -0.0815294940534374 0.211576399295594
-0.172776729625902 0.0433192381070893 -0.0498967990574711 -0.00512738531921804
-0.13994163977484 -0.0821131310752268 0.30683339263399 0.0136574265261483
-0.0442611155662638 0.080502418398813 -0.319348325642735 -0.146999776865788
0.0669166477196931 0.0412981271519653 -0.00334125470753731 0.0958730368157511
0.0464381652245761 -0.0486920549123201 0.212500247559433 -0.149736661024319
-0.0416698297585617 -0.0448259757166595 0.0568410796289928 -0.351764814933657
-0.0478857306444444 0.0128498537444636 -0.234633742378781 -0.299410723459998
-0.0148217586412649 0.0198077897711307 -0.33980902349171 -0.0938174540622598
-0.00922311542203931 0.0144305889327657 -0.284114565910805 0.0603064239064106
0.00933440818913305 0.0149563821292561 -0.222130550560689 0.134314707524638
0.0153024534200727 -0.00358337797665826 -0.203632898952187 0.15586265223522
0.0262053526394514 0.00250128992057576 -0.215965426240925 0.132328933031956
0.0089407814068953 0.0238131949753958 -0.243451732608877 0.0689415978182642
0.0083330921675989 0.0164497814038184 -0.290131514843247 -0.0229151039262276
0.00358525710882105 0.0442154662071919 -0.305544076211521 -0.197349453907582
-0.0512822359208814 0.0827137520896225 -0.301730826502459 -0.349347274889597
-0.123753031409973 0.0473565190383809 -0.3789912462458 -0.289641119128424
-0.18471322854267 0.0318344385819551 -0.28674782055927 -0.173295100307218
-0.075598144970505 0.0745100522683052 0.0157290743748185 0.102874626523731
-0.00795198739969089 0.0594822718229374 0.247068440607985 -0.145823781563467
0.00917253065527038 0.060312918645866 0.0875562151899866 -0.369715178566306
0.0366361794600161 0.0644319881536308 -0.220370589012311 -0.325797215641769
0.0798796542034606 0.0233955612692171 -0.324342195337666 -0.109834180586634
0.0755172751524843 -0.0275536899176142 -0.263952825061794 0.0473595911582158
0.0859063041503988 -0.0321981982272283 -0.199068545225423 0.120759472275314
0.105564153159172 -0.0418903767916651 -0.166771410874699 0.155802414206333
0.146558292435578 0.0212192794102092 -0.17950563176224 0.156750545361967
0.0986966916619617 0.117463446527673 -0.225374630012456 0.120057331685292
0.0245690226027614 0.166250614981863 -0.300958938978938 0.0313993340723194
-0.112697885008549 0.150022254577461 -0.323457413344562 -0.144532060697764
-0.230724685738204 0.0705956197626549 -0.282568510688052 -0.289254245444053
-0.289722592374893 -0.0243813294718256 -0.310334712420874 -0.238212767924701
-0.300198548755348 -0.0416785393839903 -0.204391204155426 -0.165421977854318
-0.231878976885008 0.0767428860412258 0.0595572702061546 0.131667428403194
-0.0935781539919348 0.161252704754612 0.302176572078591 -0.113854869680978
0.0445673265394728 0.179416188315173 0.146733672582541 -0.369097912031664
0.120927651462879 0.125499802866159 -0.174806050787988 -0.345063328067244
0.174764685172437 0.0341329194742887 -0.276874975002964 -0.130424217900097
0.157653589172949 -0.0614735695044052 -0.212720688822623 0.0207850280879162
0.150185688290688 -0.07540670591541 -0.149467082088629 0.0899534087536262
0.171046033675375 -0.081114739224573 -0.100076568218408 0.13772606676281
0.238554936112845 0.0145768106431116 -0.103974282036788 0.172875500559417
0.186602581697714 0.163824988660391 -0.161385232973172 0.185287523546033
0.0840516351461114 0.271199594653942 -0.284671926699468 0.118351959553311
-0.163663462965274 0.258520296687699 -0.336113793954154 -0.0606832393375852
-0.353409955618441 0.0929476912063711 -0.252876656271219 -0.223447865165804
-0.410541732672981 -0.067074380521379 -0.200628129814241 -0.167549429420085
-0.367830027051918 -0.125089436598061 -0.0803249132045844 -0.114049559686253
-0.369702576243854 0.0414684617677552 0.125099675354436 0.178213210354699
-0.199788069687245 0.22868672286112 0.355468791335744 -0.0495799693132351
0.0473526342019251 0.291338359972434 0.219259084861788 -0.326880298438305
0.185068748082972 0.188861974516736 -0.0959069809129719 -0.336403196357513
0.249452012821133 0.0507593660774708 -0.194802227287718 -0.144857076526129
0.222906070789461 -0.0829614988540997 -0.13172985820543 -0.0124420973060615
0.192256469950792 -0.108109324025787 -0.0776164069696625 0.0468889780091955
0.203855765149683 -0.113671403356445 -0.0164628614342464 0.102343477569921
0.285284786634506 -0.0078448394738001 -0.00694412306223724 0.168866858902517
0.248074715782731 0.165453070458096 -0.0653537371558989 0.231460468859975
0.150137858207257 0.315759020239512 -0.230437385132613 0.201223159558477
-0.161769213239352 0.330482668672131 -0.318298939129559 0.0285902211682266
-0.4041890945 0.119857316413846 -0.209650391468093 -0.163265696457288
-0.465932479131823 -0.0885136165749738 -0.0687787889964251 -0.0948706755227834
-0.368991492196858 -0.195354855289788 0.066288922448585 -0.0233504039449574
-0.443912890152542 -0.0266788547832054 0.199478093186595 0.23602354652553
-0.292440956739633 0.235413222289307 0.386666316803811 0.037849272832122
0.0160643217731524 0.357271968663724 0.279071158378816 -0.239591035791754
0.209230293650606 0.234732402861552 0.00531943440947783 -0.286676441184641
0.284575602938069 0.0680668672512557 -0.0828892194174974 -0.144441521163832
0.255084577849203 -0.0895476671202848 -0.0322872614555782 -0.0481349972297493
0.205592766163677 -0.12479245437982 0.00526390468795962 -0.00210987028124845
0.20437049768784 -0.130504128331606 0.0693062098235372 0.0567678158405969
0.284951178062932 -0.0283969046389346 0.0890511640429706 0.144374535259281
0.264538655942764 0.145649470735581 0.0337789756101774 0.248312081022769
0.182626233859117 0.311173587457132 -0.159829557954296 0.252827765742133
-0.147792255560654 0.343540069186793 -0.27668692844946 0.0949965984458957
-0.398866967035771 0.11774851396682 -0.156515517702247 -0.117862136756814
-0.450490029575479 -0.104395839033305 0.0641157484700635 -0.0277923521215648
-0.301976914886802 -0.223210225414662 0.209836167035197 0.0882248925544097
-0.422429234219048 -0.0944827875164359 0.266221327688514 0.289491493097956
-0.324082844762245 0.181918553414521 0.384260344505312 0.1258806070462
-0.025633987530454 0.344798488848065 0.306058747529495 -0.12921183558233
0.188493950179155 0.235445216103825 0.101128275368228 -0.202823168888252
0.265952225138845 0.0709702822242526 0.0374171342079448 -0.12837189981598
0.240916789713917 -0.083727536922194 0.0692999289848732 -0.0806657771644321
0.186540757021441 -0.12168665866759 0.0851577060662309 -0.0504526801255608
0.178074994959819 -0.127343572563729 0.145947821820351 0.00800749838305822
0.246587756789835 -0.0379448861413167 0.171444580369645 0.112172365686431
0.241211160136498 0.117835689023412 0.114312114945762 0.246670100298519
0.170064925414385 0.277911648473606 -0.095887171033416 0.275481310600557
-0.138999646603861 0.303622448268059 -0.227726515031977 0.133480431334217
-0.354550404442588 0.0806754834014553 -0.103871231417467 -0.0839687726278007
-0.373743295672108 -0.121998557574287 0.175290453537746 0.0340986609705091
-0.179466725581526 -0.202357149875518 0.324476865705158 0.190158767956861
-0.30646673432026 -0.126519100658401 0.311811220546593 0.325138994115508
-0.2685938208077 0.102398903958829 0.356971151845223 0.189853742639898
-0.0400405488069415 0.255645802174782 0.302324012739555 -0.0313665630171622
0.137296375305403 0.179355110129111 0.172407102977795 -0.118484383347355
0.197090575504194 0.053241314621715 0.139105985872274 -0.109229934901259
0.181291642688376 -0.0665918177966718 0.15272884818087 -0.10883836385793
0.137305732429752 -0.098888796895041 0.150544859226831 -0.0915574365399874
0.130407953067372 -0.10375204343612 0.205766736413494 -0.0333238389439167
0.184325161074435 -0.0378842293517946 0.234548434967639 0.0859789576373855
0.191859700473927 0.0852915972626466 0.171561306862533 0.243333521400546
0.128533507170532 0.225567474410173 -0.0524608004675713 0.286631184587231
-0.133170695836573 0.229692191456397 -0.188656354653966 0.152104125354987
-0.279663696446298 0.0251426021785605 -0.0628131704465109 -0.0562491475516214
-0.248817871023641 -0.136001921008735 0.250859354018393 0.092319046355193
-0.0246012791833176 -0.139055851920942 0.392748491125545 0.253835538599815
-0.129822838078184 -0.1147491488083 0.335829214800259 0.325011813468518
-0.143763639150261 0.0242858990102662 0.331722710550898 0.217088249639421
-0.0232137520362654 0.116884332167426 0.292852923159766 0.0228763698554465
0.0698266675079819 0.0794640040133997 0.214589376134988 -0.0699742095152045
0.0929157171663939 0.0189633730829346 0.199839917865039 -0.105366440404519
0.0879580161999051 -0.0399718261338611 0.198416961708558 -0.131500171626601
0.0657625093436951 -0.0596458702551405 0.18977696827791 -0.1187764640694
0.0672537984764201 -0.0657028044493736 0.242892478497963 -0.0598415318395177
0.105951094049053 -0.032748533435302 0.276414502562997 0.0730604477474576
0.128444000237892 0.045805180715979 0.207420932983799 0.247960650115661
0.0764017510722078 0.155726273834545 -0.028584850453656 0.299886289491247
-0.116756393276236 0.138535136597353 -0.167650677415822 0.164235989545951
-0.178301960431642 -0.0293010890857838 -0.04432596168223 -0.0326633471983683
-0.0954042859904474 -0.132776993388647 0.279392594341464 0.143024811272015
-0.0391494451426872 0.0823709058105657 -0.328151409265843 -0.114293459402279
0.0690154833211093 0.0346668520082432 0.0052450433534772 0.0966973982213257
0.0405037246692677 -0.0512442986039306 0.193866505602319 -0.168123298402761
-0.0441975800762061 -0.0393791923334589 0.02122550689128 -0.352396220081799
-0.0457326367814911 0.0177606041121759 -0.259415363549637 -0.271700583906397
-0.0131315370693896 0.0216488377533552 -0.344495436364183 -0.0561509339544055
-0.00753977250804138 0.016299017672206 -0.273875229537155 0.0884995717183373
0.0109501533808713 0.0133332129425085 -0.203547962107019 0.155520391293356
0.0146000546257578 -0.00578966777830868 -0.183677889356537 0.175812153861961
0.0264865898607717 -0.000866794954152842 -0.200986811300666 0.153602097704023
0.0124528697320789 0.0234056355514526 -0.235444357873533 0.0902890314154631
0.00987129392718311 0.0169178415162127 -0.286112068630424 0.00265974012566416
0.00637251115182754 0.0441618361688394 -0.318691273661036 -0.168678243873316
-0.0429994319718039 0.0862114978699111 -0.330660542523739 -0.314753735193224
-0.117390629658013 0.0573959923979454 -0.401557685635805 -0.247664251041967
-0.181081891586728 0.0470406433586241 -0.298524435092314 -0.1421838266177
-0.0682110295299808 0.0809415514643687 0.0245201153903355 0.102604104845807
-0.00252205578153944 0.0593524262208723 0.227543719133234 -0.167148147266299
0.0167177236856676 0.0582347838424135 0.0505043477892259 -0.372523126518549
0.0430602174801486 0.0601685610854078 -0.248940130426883 -0.297066357249665
0.0810362477221407 0.0144939226144618 -0.330599963686411 -0.0739859630104406
0.0714327668596456 -0.0346435032422663 -0.254720548001823 0.0730212227345368
0.0814140100462233 -0.040881306574811 -0.182738988782397 0.139937538727902
0.0993644734096307 -0.0528072551188117 -0.148139447313131 0.17158247245477
0.147365153472042 0.0046856895909784 -0.163189946434114 0.174038001435046
0.110753352339882 0.107438727464715 -0.212506049548226 0.139435044175737
0.0408580963811612 0.16169564446009 -0.293113458612764 0.0582304806653259
-0.0977536807798544 0.16022356005356 -0.33119947126644 -0.115666042315026
-0.221693746579323 0.0920890566173469 -0.306109962019274 -0.258947816464509
-0.287828007515132 0.00172651971918947 -0.328730508396315 -0.20455266725466
-0.299657836594941 -0.0151802905350707 -0.216770070514155 -0.141682536080169
-0.221875188650194 0.0990036223000769 0.0695650881955137 0.127232119784689
-0.0766888376110458 0.165891957609908 0.285246369427763 -0.140232536752251
0.0623797393592209 0.171125160019712 0.10892375260691 -0.376563862426497
0.132196562299884 0.111469089920184 -0.206943349890941 -0.320807090022381
0.175112731391545 0.0147063116225614 -0.285874572568868 -0.100008091908876
0.148350864636753 -0.07762573907299 -0.207159474837708 0.0411450176441763
0.139785443925762 -0.0896177196469308 -0.137125974102198 0.103987466614745
0.159286489657726 -0.0980013228517676 -0.0845158898317196 0.146503314133438
0.236765820768769 -0.0114480545356587 -0.0863013629169116 0.182525599845004
0.202362460850767 0.143531239490663 -0.142493158603578 0.198146811136686
0.110700669450737 0.25905275919986 -0.268993335103503 0.143757445927053
-0.136787592255537 0.272531888601825 -0.334305782861978 -0.0311347451968945
-0.340874623223357 0.12548885247299 -0.271084243810382 -0.196849649593646
-0.410772394066654 -0.0291233748997573 -0.215725676320681 -0.147125213821219
-0.373726483698889 -0.0918508474786308 -0.0904478924755249 -0.101873383542867
-0.360979432892826 0.0767822473318069 0.137407440970925 0.167242183130941
-0.174533325660221 0.242710100972838 0.344336456215102 -0.0803515418066428
0.0766340922272258 0.281275315846805 0.185060169479206 -0.341831362920616
0.201934126056387 0.16715332065669 -0.128262994427684 -0.31848192913456
0.250747536250814 0.0234462227947752 -0.205770087879927 -0.122417252180555
0.209746245935945 -0.106136221166747 -0.130787218570474 -0.000713432474786767
0.177680482665459 -0.125867837848698 -0.0712429009858424 0.0546684609736808
0.187951100397205 -0.132691576418948 -0.00578405287817204 0.102829972607088
0.279970539240266 -0.0380189842530802 0.00924288161363864 0.168271246040631
0.263487966020276 0.138468524141701 -0.0426865795061063 0.235074369859411
0.180340661404467 0.295158423591516 -0.208443932421647 0.221015401028706
-0.127789124474615 0.342622977119224 -0.308919919419104 0.0565218868822351
-0.388055127456809 0.157498783855392 -0.223390895032003 -0.141244077471027
-0.467314324775506 -0.0448900962065476 -0.07885293752244 -0.0887877852443456
-0.381240214496412 -0.160611618023695 0.0628201913648499 -0.0264017450311422
-0.441519779720639 0.0168533944078731 0.215576855830814 0.217047161509423
-0.265737072994722 0.25791314883176 0.382934707973513 0.00326884686294503
0.0508454864595639 0.349226512221036 0.252221122305789 -0.260031513038234
0.23012000804572 0.209255269066317 -0.0231219130656532 -0.27760136091926
0.287078076378969 0.0361099314979741 -0.0945512923119256 -0.133314455979141
0.24031543677146 -0.115985401659571 -0.0365570764142377 -0.0465180404013626
0.189044003422948 -0.143276279581399 0.00401695981881857 -0.00219538147694923
0.186782929526797 -0.148706469522356 0.0733927346775416 0.0489213355024562
0.277850334021681 -0.0580768191726992 0.101409552277468 0.1342247786498
0.277741551604422 0.11653631521682 0.0574717345153879 0.241690569409472
0.211046505750252 0.286582302395083 -0.133532007078274 0.265650593772609
-0.112547371073616 0.353780425849807 -0.261034293141799 0.118788397813156
-0.383980257526797 0.154943370861759 -0.165708695682055 -0.101783698317127
-0.454430950888529 -0.061701452960814 0.0579550929413286 -0.0359995297990974
-0.317607096531217 -0.193978335385544 0.215263625097262 0.0697992156066644
-0.425244314910518 -0.0515308694303457 0.286116790840555 0.262755716001865
-0.30240050473677 0.208550902002149 0.388683792471443 0.0902373234685977
0.00862874793246886 0.340409118510256 0.28832764094739 -0.153292411237636
0.209122583872268 0.212261550413857 0.0792003348502194 -0.203517934216156
0.268459858076165 0.0410634625043181 0.0254224722691219 -0.129917367238564
0.226897191086689 -0.108823275575312 0.0599579166543501 -0.0893178725925175
0.170169080548802 -0.138531353311532 0.0774320169536355 -0.0579529257358786
0.161319254861712 -0.142669583130819 0.143678870543054 -0.00628365184696036
0.238777918013512 -0.063237117617361 0.1792172206624 0.0937745276482421
0.251145322102137 0.0910811800919398 0.137940371131636 0.231895272105672
0.195561357281963 0.254092676406781 -0.0683490819709127 0.282944849662222
-0.106849218047507 0.312360823932137 -0.208565349137897 0.15250589787929
-0.341530761708619 0.11442116781091 -0.110666810519929 -0.0740151157759707
-0.379242035485228 -0.0854888119824575 0.173350915640468 0.0136841483296574
-0.195645521947265 -0.183461096652702 0.337180574163071 0.160030164915223
-0.314398884994509 -0.0958304111306388 0.334457691924413 0.292949859098288
-0.254267192177988 0.125582126519566 0.367593145053426 0.157525578102474
-0.0150732910073498 0.253771349769877 0.293331462827673 -0.0562027534444867
0.153484409200082 0.161432215308631 0.157390333742048 -0.127832649632574
0.198492429593784 0.0307012970168363 0.128146112819823 -0.121709001890381
0.169884244584707 -0.0848606739067691 0.138424729831847 -0.125957700873898
0.124666972159068 -0.110968952101115 0.137017118483555 -0.105776836384888
0.117123208035711 -0.114362877696865 0.197879463099661 -0.0529921680224496
0.176690157232958 -0.0555969466353251 0.23872233142627 0.061499639047595
0.197750977283307 0.0649243614994603 0.194168490095317 0.223418889540257
0.149391714610357 0.206460719961405 -0.0242215975188901 0.289188284845936
-0.108016272674529 0.239778216129439 -0.16912687486839 0.167783051906423
-0.272823228997951 0.0511915192007841 -0.0678095951856939 -0.0506761232245187
-0.256874241063274 -0.110489535416424 0.252469101930143 0.0635057011475227
-0.037272749334622 -0.134562403571208 0.410462931512443 0.215172766937597
-0.138558886779387 -0.100466269484384 0.357124892728884 0.289839761412325
-0.138386489571172 0.0365362511246679 0.345480907344266 0.185677998750968
-0.0119205814340163 0.11653117744127 0.290129139395523 -0.00233320531771667
0.0760706378299346 0.0703294223358466 0.20544270096332 -0.0850447616593698
0.0923986628236903 0.00906062230842588 0.187870042667004 -0.124381318703726
0.0810158767276962 -0.0482165750117966 0.180858131362774 -0.152047263351224
0.0585379427454134 -0.064542505348707 0.1723229774427 -0.136125109986425
0.0588557911125026 -0.0702655108613103 0.231279966072274 -0.0830293490436711
0.100202036670187 -0.0416783599494934 0.279076832165474 0.0441929412205614
0.13008501294486 0.0321133549037652 0.229698231234896 0.223925168577071
0.090563851282585 0.144046753265446 0.0012342965863086 0.299645643955218
-0.10122904791362 0.147239963501142 -0.148055059688895 0.17779562637051
-0.177248282063591 -0.0123753170795062 -0.0479755632478214 -0.0297546263218042
-0.104739906340824 -0.121890029357117 0.285105102864734 0.110649977689059
-0.0349690207268275 0.0834894628963603 -0.328640364219135 -0.0860780734537664
0.069435215266785 0.02885505531531 0.0118924211355573 0.0962195863842431
0.0350171720048363 -0.0519479013181932 0.174299881586578 -0.177901781317525
-0.0449043498639271 -0.034671164622219 -0.00741127156406707 -0.345740204025846
-0.0424448321785932 0.0215820422726134 -0.274723759082683 -0.243932444307864
-0.0106508631359291 0.0230010153678746 -0.339939241308902 -0.0249605314769099
-0.00505056409803887 0.0171586799049175 -0.258899634336583 0.109654002713583
0.0126252862790154 0.0119814166957585 -0.184289946220681 0.167849824907108
0.0129436480279946 -0.00708020786365669 -0.16321552684157 0.187232960853378
0.0264148947258115 -0.00323535498572419 -0.185036456006212 0.167637125508114
0.0152862161375614 0.0226223142997166 -0.2247298435493 0.106813413881054
0.0108901750824916 0.0167868009834336 -0.277527216290181 0.0219052361647955
0.00902581966635966 0.0443796621790473 -0.322261174238321 -0.143672974168453
-0.034884727723906 0.0864477904746313 -0.346552140720689 -0.282164568645128
-0.11095039339717 0.0634174742185274 -0.410028834123906 -0.211239048083517
-0.174202367389355 0.0579689705788449 -0.301326020545051 -0.114776045332308
-0.0605878429044552 0.0851276589250131 0.0303784047211191 0.101436535118979
0.00194923965870537 0.0577630650863246 0.20791101331978 -0.1793614381155
0.0222952774100326 0.0545606117392559 0.0197269171680701 -0.367139069984678
0.0474233301121994 0.0553245909698057 -0.266084822046636 -0.268650148857717
0.0801290875175854 0.00735787655458036 -0.327833587779595 -0.0438904105073501
0.0668603193774734 -0.0396104055939268 -0.241650358220895 0.0914462363060929
0.0763485544341927 -0.046828432668237 -0.165640315736294 0.151747712284643
0.0920418106800603 -0.0601830962528395 -0.129282522945636 0.17997419156469
0.144566353568925 -0.00852597144651618 -0.145619418459573 0.185091453851904
0.118998589936798 0.0961239250364773 -0.197702018227584 0.153298016592206
0.0534354641001435 0.15511788655979 -0.280591151139463 0.0779308740266128
-0.0836172421610005 0.165402289595519 -0.330885731779041 -0.0901083073643882
-0.209876463978446 0.106189842973065 -0.31984122843255 -0.229301060958821
-0.28025648259149 0.0218263913311068 -0.337398872243727 -0.174780870841266
-0.293868762488937 0.00519091517225431 -0.221661301774397 -0.119031813761527
-0.209447497855998 0.114213328732648 0.0764252342131006 0.122456332862263
-0.0620215209446003 0.166970781738177 0.265941951446993 -0.156157199933065
0.076071135914248 0.160383635466838 0.0774642981111479 -0.374679458756651
0.138387876273322 0.0973443122014697 -0.226778877928039 -0.293353254390674
0.171261279155991 -0.00117976710806794 -0.28621802000749 -0.0723345216390024
0.137292423565006 -0.088363332955697 -0.19789958075263 0.0561617299243897
0.128622284260042 -0.0987880831906771 -0.124325145309923 0.113434340134833
0.146429106389834 -0.108658179086177 -0.0698698801039871 0.149624721010564
0.230056406787006 -0.0322913607625015 -0.0695144368809681 0.187068716435854
0.212212888914412 0.124059476627627 -0.124625464687667 0.205034937507307
0.128955378514807 0.243138014093523 -0.251044714020313 0.161043610196739
-0.112279839165469 0.277187321387595 -0.327031023877732 -0.00802170429272435
-0.323980913071297 0.149603445918532 -0.279851110669524 -0.171419096450452
-0.402709972790037 0.00145288684582064 -0.223813838725676 -0.128365051828045
-0.370529151854491 -0.0638727146410208 -0.0953700871817789 -0.089562751377838
-0.346591787544341 0.104074909525939 0.145363664165405 0.15679959141695
-0.152252037902348 0.248294814187173 0.327550437874571 -0.101361968302971
0.0976161950936955 0.265511523006226 0.153762895422513 -0.345292764753773
0.210773352802246 0.145307380298624 -0.149148569929294 -0.295674428658153
0.245772281764861 0.000654521455427719 -0.208688605836866 -0.10072230456582
0.193855656168287 -0.122453382362185 -0.127894065494906 0.00860970593394222
0.16201050434362 -0.137346734463093 -0.0649778016355707 0.0599373689047761
0.171072917774166 -0.145180171603879 0.00309870921574356 0.100795849325031
0.269867013399044 -0.0620943960196486 0.0222042922172845 0.165361846673725
0.270604803065553 0.113437560150039 -0.0235390649812043 0.232593635116683
0.200071847903508 0.271817994686848 -0.185863138082137 0.232840221717846
-0.0981342495330326 0.346185571791853 -0.295030526265634 0.076097634034709
-0.368371196267687 0.185254506553439 -0.228706734443488 -0.12133272772273
-0.458649456370324 -0.00839108662028262 -0.0867066397064952 -0.0823302135048596
-0.383557001632563 -0.129741756742264 0.05982199043025 -0.0276111545593894
-0.429942874840903 0.0519154081322952 0.223784783912 0.199191815439716
-0.239207947253161 0.270291621257378 0.372337822741352 -0.021206215032772
0.0778209365605886 0.334077602259814 0.226288115289154 -0.269920056926312
0.241044427218367 0.183984186364958 -0.044296801106004 -0.26311281617369
0.282244214018831 0.00916199243941302 -0.101104789094367 -0.120730813385001
0.222065317120545 -0.134770264433868 -0.039554266827829 -0.0441360094207502
0.170581124672771 -0.155747196793944 0.00317197365754564 -0.00147382253690927
0.168639874265636 -0.160324718195029 0.0758038700864834 0.0414727501915186
0.265303106275708 -0.080283845458963 0.109523752115 0.124136242828403
0.282134731265895 0.090677495753355 0.0749095156918623 0.231525619195545
0.229503302472053 0.260235288636379 -0.109019096804774 0.271619598146704
-0.0808950696082133 0.354007966164889 -0.242442807819379 0.133776456765852
-0.36269487835909 0.181328150586536 -0.169875689582878 -0.0868379697511734
-0.44597957929843 -0.0265100711294992 0.0498861509768358 -0.0419872163318223
-0.323906733837667 -0.167057396612115 0.215643024529127 0.0543326439799955
-0.419441025492598 -0.0167611264393971 0.295533189926737 0.238171023433969
-0.278988429152798 0.224859934513714 0.384057003706315 0.0628250234025461
0.0358504961344158 0.329523922362187 0.269553548467276 -0.168257152396131
0.221089632214019 0.187953050284033 0.0617417841166941 -0.199012441900464
0.263735179153797 0.0164734179617353 0.0167421191621161 -0.127838204889988
0.209061704381344 -0.125708295194138 0.0501865788967296 -0.0943808710509041
0.153044789767569 -0.148834054288721 0.0693937499321052 -0.0625168443911799
0.144091680901247 -0.152416395781998 0.138871662489337 -0.0182353315773983
0.226819963583989 -0.0818378415697739 0.182113487242579 0.0783128946944454
0.25272010684393 0.0674095150016424 0.15285453555415 0.215785365134715
0.211328992967345 0.229052466576003 -0.0442929782082972 0.282821053319014
-0.0782550697056538 0.313097568959841 -0.189196788318015 0.163682030421694
-0.324422849119901 0.138727211287553 -0.114331863435032 -0.0644235010074731
-0.374722524136874 -0.0548895696302385 0.166082634721155 -0.00252780807000516
-0.204108574492447 -0.16510245587648 0.341220405262184 0.132804269739737
-0.313835056408074 -0.068619813283361 0.344682392359286 0.263024160651524
-0.238042693225143 0.140453526806186 0.369524472453069 0.128151418098271
0.00547128635145026 0.247791752177892 0.281791161647853 -0.0739416595345109
0.16231586372839 0.143580342758695 0.144473379290001 -0.131846606326345
0.19511519488538 0.01257124480003 0.116985746578468 -0.129549204557839
0.156032311200038 -0.0968771709000952 0.123098265328398 -0.136203279057148
0.111356816353391 -0.117801337649804 0.122333239611053 -0.113575728898377
0.103952208499461 -0.120112667743222 0.187589216428083 -0.0674292359929529
0.167130811213626 -0.0678907672753627 0.236889332047569 0.0410542824576144
0.198407778295394 0.0464508753088184 0.206752792674385 0.202610880902041
0.161950685821795 0.186856166871424 -0.000645961072277706 0.285789710242393
-0.0860084533330705 0.241073332130112 -0.150510443540811 0.175803247200457
-0.261753689186175 0.0705322341704407 -0.0715707174190432 -0.0452287376245719
-0.257485070972921 -0.0886969671413822 0.246872607717222 0.0393359422353531
-0.0467278443833476 -0.127998576939604 0.415770321238307 0.180041579163525
-0.142328745067024 -0.0872284275509391 0.367200597097253 0.258040806978704
-0.131479829823898 0.0452353165318352 0.350970269285998 0.157446862574385
-0.00347527644348035 0.113603883408519 0.281347870124128 -0.0214623223881351
0.0791217394345775 0.0609686190172809 0.193902488517856 -0.0951383943391197
0.0899331055487293 0.000983578477196364 0.175214897020742 -0.137246563373912
0.0735377549167316 -0.0529882829441426 0.16218284932954 -0.164989383814358
0.0516624352806432 -0.0667383062508204 0.154211113488223 -0.146226567216584
0.0518294816789444 -0.0719902761031187 0.217084720249451 -0.0987404659238706
0.0939421018464951 -0.0480293220629786 0.274114492545205 0.0205034025005524
0.128683642000656 0.0204268022978426 0.242191667058282 0.200368497979527
0.0993189445623911 0.131223484915557 0.0245915629318485 0.293492080138614
-0.0862382535009005 0.150775642569579 -0.129359954561962 0.184449596138662
-0.173142193703286 0.000747620987065836 -0.0504295691698693 -0.0270019517899411
-0.11048694223009 -0.111359907054505 0.283009786561031 0.0825969512148163
-0.0311467734573435 0.0843907543381303 -0.326253855477073 -0.0628269717080182
0.0698846605630334 0.0244285448933831 0.0180025700212412 0.0967846454601538
0.0314939953363636 -0.0518588768724673 0.158344082308026 -0.183763574414681
-0.0453250235826843 -0.0310393929726327 -0.0302929997333128 -0.337486578888981
-0.0389584137081528 0.0245364911498392 -0.283676029060384 -0.2207698909172
-0.0082994921855821 0.0240705889355761 -0.333131438008103 0.000525038896213587
-0.00266168865937718 0.0172030593122746 -0.245216383221188 0.125861687620223
0.0138563253930719 0.0102992824248607 -0.166999455065455 0.177196893526046
0.0122325436855695 -0.00766288326624658 -0.146198081274788 0.196535454729068
0.0255431932042509 -0.00553785102925548 -0.170114788372208 0.178364666204255
0.0178849135689882 0.0214985636762949 -0.214841229670958 0.118768220034683
0.0122169885913161 0.0169810131598424 -0.269549380059769 0.036724293242158
0.0112913249285906 0.0441492411913439 -0.323970888047921 -0.124068331766793
-0.0280054205740947 0.0862227506475567 -0.356823651815277 -0.253328518348402
-0.104416692670456 0.0672618287220143 -0.413630176374053 -0.17927952086812
-0.168348216066022 0.067129017229439 -0.301151382152701 -0.09155046308414
-0.0540195014438827 0.0882316631634158 0.0362193035505 0.100908568270977
0.00529498245932551 0.0564934119647547 0.19034307898901 -0.187100769969615
0.0262556357032818 0.0509315883611359 -0.00443818910222015 -0.359668756748971
0.0512064978002586 0.0509260673802159 -0.276774984007066 -0.244340437532371
0.0790385090467268 0.00171294223902642 -0.322432498308087 -0.0190793234847176
0.0628193551419375 -0.0437835392450259 -0.230141429264075 0.106425625430173
0.0722510882249248 -0.0511542305694869 -0.150110607036402 0.159421207696959
0.0850461218284207 -0.0656701417195372 -0.113489550979933 0.186212695867428
0.140913801655574 -0.019395494391063 -0.130715729236858 0.193115440538815
0.124862115803008 0.0859179145171479 -0.185617864440337 0.163179640745207
0.0629319473256778 0.149174687206399 -0.268834381489223 0.0933164874437661
-0.0714449744062315 0.168436811173669 -0.328948083827813 -0.0709767417166141
-0.199110542216827 0.117465031337885 -0.326287602036842 -0.204105099598837
-0.272164200776064 0.0375418650516395 -0.342356900757593 -0.149395373176386
-0.288289423016344 0.0217361323808949 -0.223689161432096 -0.100601325517735
-0.197510661722328 0.125708272962626 0.0819269195744355 0.119388430554479
-0.0505385488847274 0.166281392540832 0.248701753046955 -0.167006326243264
0.0857852243134618 0.149899008256848 0.0513803114590255 -0.370219088665507
0.142914849365184 0.08543848364387 -0.240027713119121 -0.269401521340778
0.167608446648217 -0.0132115083128649 -0.283677097365396 -0.05020963236769
0.127783606884164 -0.0965961308727375 -0.189541805597232 0.0677375557531119
0.118844974644411 -0.105608364267699 -0.112655192860381 0.119360486096075
0.13468946302446 -0.116814413772062 -0.0570207567410944 0.151865429044178
0.222685046892201 -0.0488342421429356 -0.0558438724784007 0.190613668275247
0.218557952969959 0.106154291597189 -0.1094214681491 0.209343267943997
0.142639177102096 0.229121881203023 -0.235033325633071 0.173636129799915
-0.091978149641778 0.280269160876184 -0.320037702828222 0.0098788756734954
-0.30849777090109 0.168047359650819 -0.285167240669586 -0.149541891723561
-0.392532020132211 0.0254531621352647 -0.229309921692243 -0.111264735673267
-0.366879296436156 -0.041778156766433 -0.0984451090852425 -0.0789906383492006
-0.3323809851803 0.125275031764371 0.150244594579304 0.149399007611258
-0.133661517745696 0.25128137016868 0.312742497324032 -0.11674463113477
0.113884027489193 0.250933588534884 0.1290002351672 -0.346010062995223
0.216762237988011 0.127196288862923 -0.164194843890412 -0.274960767490718
0.239930253801865 -0.0173725545391479 -0.20932625207547 -0.0832816812755053
0.179324559221766 -0.133652351052197 -0.124716795688544 0.0158196811320589
0.148132708131175 -0.145268142911164 -0.0587068141656948 0.0632148261062226
0.156418402648831 -0.153311639732798 0.00983652632379577 0.0984999778048984
0.259746656371197 -0.0804842234557521 0.0329986676829857 0.162043784502414
0.275210321354999 0.091973820020785 -0.00816151583354377 0.229813185934913
0.214714902698869 0.250937167766688 -0.166321511312358 0.240540524614854
-0.0728919920003432 0.345907555063969 -0.283174384003932 0.090637124133144
-0.349420817015677 0.205695145503565 -0.231128723295764 -0.103777746826639
-0.448903021825973 0.0191164155612519 -0.093015668817072 -0.0760158949303856
-0.383345499618774 -0.105488479318355 0.0568048749576089 -0.0276559941276098
-0.418518010422716 0.0788011936828617 0.229464973047903 0.185568642560934
-0.218233655042065 0.278040784808281 0.361510211565129 -0.0412153744433738
0.0978763436929915 0.319617878362023 0.203964674869147 -0.276096520500444
0.249150887037705 0.162044151195294 -0.0585346956368453 -0.249248111601486
0.275748062162008 -0.0113581870311362 -0.104641129559676 -0.110498283038373
0.20569744622691 -0.148006686798093 -0.042616005468578 -0.0423959003152423
0.155144472969444 -0.163375480894321 0.00285975919665688 -0.000926102672898065
0.152717323193572 -0.16790660859843 0.0766739044602023 0.0349132321933182
0.253249099486747 -0.0982799828457738 0.115917111933016 0.11554683550331
0.284004530635985 0.0681646776096531 0.0890359720202981 0.222568340186367
0.242052290051854 0.237033853927914 -0.0886971706638306 0.273778079217747
-0.0555927389609417 0.351870646362721 -0.227799407461976 0.144004042341933
-0.344284638548127 0.202398641472785 -0.171516859277711 -0.0745889052646249
-0.437823739458764 0.00195871947578629 0.0429167639230451 -0.0455157316381856
-0.327197130080076 -0.144394925782864 0.214408147360381 0.0420361160303852
-0.411826779976453 0.0113893401111247 0.301829324381086 0.218846662891828
-0.258762121209289 0.235699562410958 0.378028395312626 0.0410370823282681
0.0559535595987689 0.318197489958298 0.253289746021622 -0.178546052774512
0.228802650054337 0.167144377654084 0.0493141838658155 -0.192758867777076
0.257583483590463 -0.00344105603053461 0.0106347087677637 -0.125937985288139
0.193493471239268 -0.138260716783832 0.041585031421287 -0.0980635665273473
0.138219210805243 -0.155748117727689 0.0623799457423856 -0.0648808181888092
0.129242632883435 -0.157848112500658 0.134440903358977 -0.027579135293416
0.215540120078453 -0.0956013467782054 0.183535749128852 0.0649788115009796
0.252997752708549 0.0479906974451331 0.16440250640016 0.201070074813657
0.222095089503248 0.207207485571016 -0.0246093339642387 0.28175740734306
-0.0549207858755232 0.310865361492213 -0.173222826943232 0.170400586880674
-0.308399192030152 0.156656144403332 -0.115963745593241 -0.056565519873256
-0.369197416170169 -0.0299825498748151 0.158289038030482 -0.0151665591586712
-0.2100670495369 -0.14919231591017 0.341333179612517 0.109958001607221
-0.31103695659781 -0.0464602221891297 0.350378926604218 0.239344826926189
-0.224578102884251 0.151042596762117 0.369438167891495 0.10568674105735
0.0206987779620734 0.240137156043459 0.271035737385312 -0.0877033843811825
0.167817196595151 0.128296636649095 0.135225953664308 -0.133022657871241
0.190512716752257 -0.00157980308745213 0.108104593862238 -0.135614247384734
0.144114301397702 -0.105787743264824 0.109710421159622 -0.143893776792479
0.100075340453331 -0.122148856714813 0.110214917968703 -0.118189937065373
0.0921846871638124 -0.124136322505793 0.178275943000691 -0.0779046356157837
0.158431892640229 -0.0776437123227314 0.234146588677087 0.024256221770305
0.196594143406535 0.0306521167155484 0.216474118029433 0.183918918276052
0.170598132862337 0.169045001830527 0.0185809049599942 0.281715473672579
-0.0670774906364843 0.240402409906371 -0.134310924151721 0.180599206213626
-0.250988249740755 0.0860209688739173 -0.0740569901465249 -0.0404017409227047
-0.255786770044854 -0.0711219735684791 0.240156789160515 0.0203156131285653
-0.0537224502534364 -0.121271669716862 0.417807114388794 0.150617110784256
-0.143891798045282 -0.0763179857381995 0.37340103780651 0.23152335374579
-0.125387223442364 0.0513633857807071 0.353380726318269 0.134638999706065
0.00341110817719792 0.11019534689189 0.272662524508074 -0.0361040016859096
0.0809828311363858 0.0533978401938261 0.185902887574553 -0.102104988936398
0.0870330253734828 -0.00524791953777817 0.163997356241546 -0.147508398349349
0.0676652968040109 -0.0559351460355098 0.145641437797925 -0.174089151179943
0.0460110789815415 -0.0677174123611325 0.13815726017624 -0.15241413968013
0.0452009411275499 -0.0730312612329496 0.204014302738476 -0.110128153526202
0.0884068078422974 -0.0517816261747911 0.269041933529073 0.00159082643622611
0.126201411250848 0.011118329042021 0.25134742377633 0.180045097621839
0.105558166372913 0.119753084713606 0.0442064758159675 0.287293482282496
-0.0736357072710923 0.152394680153305 -0.113730504453861 0.187432506939191
-0.168718345419272 0.0107779325134861 -0.0529116023162067 -0.0242946906999963
-0.113452580315356 -0.102729969035203 0.278562740143605 0.0602433437308596
-0.0270293463341596 0.08577333727218 -0.324343103746019 -0.0419471531810747
0.0701921245622866 0.0207753631148379 0.0238030433969074 0.0974804500012593
0.0282703250720618 -0.0516171999815171 0.143907026958594 -0.188544252096442
-0.0455941135152341 -0.0277167854724997 -0.0508385023450217 -0.329873268386736
-0.0356076714402806 0.0272020619759355 -0.291765335475037 -0.199181674481503
-0.00562970704103102 0.0247405182983521 -0.325433495246598 0.0239641650631264
-0.000288461274906476 0.0170868015691867 -0.232874422723681 0.140461399732601
0.0156357599940712 0.00880281771549622 -0.150865490643077 0.184686871483892
0.0111751353668206 -0.00807744482045862 -0.129245879858558 0.204653032654996
0.0249954974189587 -0.0075867907858645 -0.156447819388902 0.188780740827922
0.0209153182141564 0.0202653271640411 -0.206019085399667 0.130131867012256
0.0137273716264898 0.0168172543402127 -0.262228678826096 0.0493730800122111
0.0132614191659164 0.0441962360220324 -0.326178113609571 -0.105062626689993
-0.0221444681856622 0.0860897056979677 -0.365179334349203 -0.22891272170183
-0.0984765057805521 0.0714494639409672 -0.417116892800407 -0.151112687201188
-0.162757164423565 0.0755596810037056 -0.300552059322951 -0.0715463253483109
-0.0473998736049199 0.0910176563951187 0.0423927646701688 0.10094199269982
0.00904400400280068 0.0555268241532266 0.175544443642909 -0.192674577438756
0.029396764740197 0.0470094087922003 -0.0265587779419568 -0.353314157453303
0.0550256657271988 0.0465797432507577 -0.286349081725656 -0.221515693955355
0.0784968639393777 -0.00344812613421479 -0.316219200755775 0.00370530328332847
0.0586635378756453 -0.0473553357938499 -0.21874374886787 0.119837140040643
0.0679826947020775 -0.054886772359307 -0.135749718705515 0.166579823355258
0.0786924772918502 -0.0696912254642833 -0.0981970540859993 0.191915774956301
0.137515534421944 -0.0296010065046114 -0.115901821334623 0.201559898527404
0.130524418734599 0.0765193658594488 -0.173953642033574 0.172602417782679
0.072256230873221 0.142687319856659 -0.258606856180614 0.106188761248324
-0.0598385954306803 0.171798241985256 -0.327529895259653 -0.0531183801821511
-0.190345366131016 0.127691850443081 -0.332947465376386 -0.180432906493243
-0.265514809925927 0.0519401701435642 -0.346273265329334 -0.125954415856219
-0.282570989570113 0.0370407666114284 -0.224445592561036 -0.0841597818197672
-0.18586126520607 0.137239422354261 0.0882053114835531 0.116932037674643
-0.0401215986628781 0.16610973229813 0.233969887774617 -0.176199597273516
0.0935586772449642 0.140122049268418 0.0280274490016417 -0.366437842001506
0.146725597370921 0.0742922928769671 -0.250429279987955 -0.247163651963272
0.163447787886742 -0.0246904334338392 -0.279425841855424 -0.0303566273643973
0.118509345853176 -0.103933586600371 -0.182100359385175 0.0790059899706085
0.110388497927516 -0.11114901058076 -0.102296197460489 0.125327788794827
0.124295592614384 -0.123517285195903 -0.0456708603668241 0.153691789539149
0.215802678434896 -0.0644761291278586 -0.042133164028867 0.193278174441687
0.224360209770125 0.0892590703732336 -0.0957524370095407 0.214732179501759
0.156874690782957 0.215802029747072 -0.219696128084803 0.184412725943735
-0.0727598146088167 0.282670488626254 -0.313403136589047 0.0261758018434538
-0.295418679576432 0.184511813764784 -0.28848296288564 -0.128920695017364
-0.384200618047005 0.0467815507418729 -0.233847678429083 -0.0959145829670523
-0.365749469101685 -0.0218174535986854 -0.100537625279217 -0.0692868047088595
-0.320247732000964 0.144033883229415 0.156826320175553 0.143263173531856
-0.116786043779714 0.253728921735951 0.300001501555315 -0.129461986569224
0.127242145044004 0.237543437798101 0.106348430544878 -0.346592349093111
0.221771184502903 0.109907213320051 -0.176637925600769 -0.256498365148313
0.234355007611559 -0.0339513814396454 -0.208724256353852 -0.0677308404601507
0.165747332686938 -0.144009259463551 -0.122060296779165 0.0220488939186297
0.135751833474787 -0.151926908658911 -0.0533503662921005 0.0664352034101663
0.142188302326225 -0.161038618798292 0.0163138634316231 0.0962491360702237
0.249241337556636 -0.0982958059819882 0.0436939146515318 0.159812288313425
0.278301825331933 0.0718867108933941 0.00579602394117172 0.228088739185485
0.228097143913159 0.23182074358055 -0.148495278614646 0.247941178910192
-0.0487814495336005 0.345501533015897 -0.271985326054454 0.103298317237996
-0.333464432666172 0.225012343445014 -0.233983700119894 -0.0881801058563539
-0.439143124422481 0.0459705889875489 -0.0990245144472215 -0.0699836163071163
-0.384093250915306 -0.0823469785450254 0.0550309053597896 -0.0278827916082663
-0.406768193638445 0.104744724827465 0.235669158079769 0.17346917815044
-0.199086976872143 0.284949463504868 0.352996907127836 -0.0583479722247729
0.115704501201103 0.305830339141708 0.184847193724808 -0.282022011985532
0.254523335981978 0.142859704684904 -0.0711034845607696 -0.236348577531567
0.269428399428026 -0.0305007173627603 -0.107212744568791 -0.101774275725578
0.189687930886789 -0.159738577717539 -0.0456383291104243 -0.040746525463318
0.141609090194513 -0.170603977899898 0.0028909051802963 -0.000191209889430459
0.137700748452561 -0.175092518206901 0.0776430836747885 0.0291033815945445
0.24209504028331 -0.11423894106968 0.122086274190438 0.108426199472246
0.285622065906327 0.0478598613414213 0.101756847359593 0.21377366702335
0.25378039335483 0.21528549617504 -0.0694382691321963 0.276912511398019
-0.0305765765818754 0.350218469820618 -0.213840229021943 0.154032227061694
-0.327849220483257 0.221559028103629 -0.173083067744419 -0.0632922261271289
-0.429082595898913 0.0286802793871606 0.0356349430770621 -0.0486531451293425
-0.331528448693748 -0.124033204362975 0.213285358865275 0.0309450133634395
-0.405649309244957 0.0368270139038837 0.30781627547635 0.20191234560302
-0.240675860622455 0.246802476860989 0.373979286643337 0.0212899684913512
0.0748609228131405 0.307678249447724 0.238129771308043 -0.187670110164895
0.235051967775553 0.149414770948896 0.0395912179720937 -0.188101541849456
0.252846516776096 -0.0213627832100664 0.0052093166450422 -0.125441308307877
0.179011291656905 -0.148498851017927 0.0333283307603368 -0.100969464073515
0.12554934799507 -0.161720377851103 0.056399318662329 -0.0667528238646489
0.114943403315884 -0.162571867102347 0.129937243737452 -0.0356787513497121
0.204866180065211 -0.109106350560343 0.184574794621592 0.0532872178245379
0.2529540508224 0.0298269812827241 0.17557386910087 0.188065830742525
0.231297644894917 0.186282353215563 -0.00542512223975643 0.280069293920394
-0.0333729442267188 0.309312107727869 -0.158652009724091 0.176921182915826
-0.294126506867314 0.173949938396356 -0.118119957454122 -0.0490801026785419
-0.363337919810192 -0.0083302110724369 0.151056869530375 -0.025979075841157
-0.215211579717232 -0.134696203383573 0.342459673403509 0.0895334125686311
-0.308855357324939 -0.0258359094053986 0.35807912802078 0.218926665542763
-0.21247843661127 0.161142874280082 0.368994771933124 0.0847435872981193
0.0350656277743801 0.234506320320387 0.260109611053208 -0.0987284124231252
0.172756225709975 0.114217729481068 0.1279336450614 -0.135646509639393
0.186479876620708 -0.0147273686499992 0.100307247122846 -0.142037144287017
0.132917685143748 -0.112933849770963 0.0974164929582832 -0.151007728465405
0.0900378057064029 -0.126159176891533 0.0992711293986806 -0.12218429529028
0.0815717952961979 -0.126778057890227 0.169144186689417 -0.0888996565784587
0.150068839990417 -0.0865199370310738 0.23196386608773 0.0103344134465704
0.195148897609024 0.0167697615895358 0.225494462381373 0.167986057034802
0.177822634582372 0.152762066136681 0.0367824415501801 0.277070221351063
-0.0496129059219575 0.240439822397169 -0.118665737815367 0.185274474344273
-0.241439824394267 0.0999328317405428 -0.0765496434698764 -0.036036986982683
-0.254789116757156 -0.0556985315718445 0.233707169222635 0.00373408661570385
-0.0600020950925316 -0.11561607000469 0.41864058130763 0.125706794499063
-0.146049747736602 -0.0659287960803187 0.379876668841419 0.207336165810735
-0.120698558678761 0.0578784407764514 0.355652042469362 0.113085457922856
0.009568866413099 0.107636233112198 0.265739930281158 -0.049086383346503
0.082052182417404 0.0463414999517419 0.179087847269525 -0.109610222453446
0.0843064328827168 -0.0107040758261292 0.153206114697239 -0.158244561950141
0.0618335136121813 -0.058424858353972 0.130540983853912 -0.182541783837864
0.0411704846898483 -0.0692411566233516 0.124791719714906 -0.157266137524024
0.0396858805671685 -0.0739212326814484 0.193051547336482 -0.120975119129807
0.0832443733865504 -0.0564564641760822 0.264572535577037 -0.0150113501597314
0.123855751252936 0.00211808346547123 0.259205751638097 0.160797785763308
0.110584126780272 0.109202102123883 0.0628400082112845 0.280807921876275
-0.0622981347176507 0.153644624921548 -0.0996497852634845 0.190613957079662
-0.165019232631656 0.0199919233902899 -0.0550109636115563 -0.0221530536087602
-0.117302108074202 -0.0952640076263888 0.273717880489646 0.0404329893102724
-0.0366350172596096 0.0754205892857167 -0.311904524575662 -0.0854020366656497
0.0632160448754013 0.0291636879291854 0.00938952737280846 0.104293526847484
0.0358492589996804 -0.0414530712086652 0.168786630762364 -0.157864864933312
-0.0351092391203179 -0.0295164357922695 -0.00143352442100005 -0.327986799699267
-0.0315014491472026 0.0219281030287151 -0.253958071363482 -0.23563712096831
-0.00534131610802751 0.0233076740103104 -0.321051309029091 -0.0242931852077384
-0.000715635054125204 0.0172077223836975 -0.248998766326821 0.103298582683753
0.0163305270609898 0.0101204559903893 -0.172939468062461 0.155415958136697
0.0127666165352565 -0.00552897312452208 -0.15545209194817 0.180405507675232
0.026058270331291 -0.00385071572892393 -0.179981066039792 0.159119080285295
0.0181144324552292 0.0230530119565076 -0.220360933431839 0.0952705301152064
0.0101066428258196 0.0213305797877003 -0.262522923313404 0.00344106728182733
0.00255970657054504 0.0475633575827991 -0.303853472852589 -0.155989261449271
-0.0387419914665342 0.080946225229761 -0.327014261786663 -0.281710831603396
-0.107617463197809 0.0515816059040094 -0.391216219318698 -0.221593911337763
-0.164187174596454 0.0443873200932085 -0.28587811147152 -0.110985103462484
-0.0581993160862329 0.0802751060492144 0.0244771198199503 0.106555364678383
0.00188503338230861 0.0579203328579745 0.196270091919244 -0.157652086242933
0.0249240674798536 0.0510838121945954 0.0245691081464405 -0.345476338906356
0.0520270196591865 0.0535785315996722 -0.247233527486531 -0.255818124314422
0.0792464685673376 0.00759782588974307 -0.309063134216444 -0.0409409723225288
0.0643980126646134 -0.0368026978955937 -0.231942805532948 0.0851483608901245
0.0762760768843161 -0.0446572695177615 -0.156464890166252 0.140608156449215
0.0873079988559349 -0.0552492918624286 -0.122475100392293 0.172246054561075
0.138306799508956 -0.00868546340299575 -0.141155260835702 0.178324170868102
0.116700270496323 0.0947103899327093 -0.192395697194383 0.143229805103817
0.0464292138894814 0.151633295864301 -0.265459371005615 0.0645136889562307
-0.0913741715235198 0.159556773182733 -0.314907176475898 -0.10114200447259
-0.208347969814839 0.0936430665779922 -0.30572165059541 -0.231939980332701
-0.266538270530233 0.00410844094864089 -0.325912112958397 -0.186078238964665
-0.2729564172516 -0.0110090812122548 -0.210704683327913 -0.113544932664118
-0.198042345483884 0.106315363485005 0.0660245664579725 0.12393020462464
-0.0618062917566521 0.156567925956107 0.245935509818654 -0.133215414135062
0.0717729343907113 0.147255861706046 0.0782696347286007 -0.3490705646835
0.135411221940172 0.0935618950103623 -0.210020208358707 -0.274487751865264
0.163585130264748 -0.000642904204286698 -0.268115833197919 -0.066061659322195
0.128494554021722 -0.0829262060845145 -0.189566277480911 0.0501279087103764
0.125829355226666 -0.0930892246859218 -0.117371077608762 0.105684253466728
0.138933589293181 -0.100284369812194 -0.0659365955391207 0.143258105261167
0.218715318899338 -0.0303583455629976 -0.0664658975858196 0.182354836323422
0.205446385798988 0.121790431282712 -0.118818915123389 0.196414172751151
0.115499895328005 0.234207347889489 -0.238422034819083 0.150180292384365
-0.123560802246205 0.26575070808096 -0.313859046059938 -0.0164374884445979
-0.320358623747821 0.1321265774712 -0.272326497018114 -0.175562862583298
-0.38139514814483 -0.0205460361012333 -0.220904831523646 -0.135026378068179
-0.342305338470696 -0.0776295141263011 -0.0919855569983232 -0.0824892933510219
-0.327581748936261 0.0955285330092107 0.129783005811682 0.15401191311086
-0.149288614748006 0.229767348640568 0.30170158541105 -0.0814668096035958
0.0877952120014422 0.244428177927076 0.148764842152194 -0.317023180160853
0.200535102234557 0.138926774898121 -0.137558722970341 -0.272542330078857
0.231792705883116 0.00047103039983793 -0.193326307389456 -0.0917520997143128
0.17914063737565 -0.115807120984908 -0.121837403725594 0.00272690943127958
0.156417498636628 -0.129375558456406 -0.0618132749823504 0.0564705520999978
0.162051883618306 -0.132942175941777 0.00312392226141959 0.0965638765425698
0.255487932544633 -0.0588827054261687 0.0225827520561649 0.162911132354824
0.260756435687968 0.113160065949689 -0.0201894561845572 0.224836766258442
0.182165032185662 0.260399857660837 -0.175556258406344 0.22438604578796
-0.110714159589169 0.33188615315282 -0.283517753165209 0.0683472357778149
-0.363875086946578 0.16472016616008 -0.224392120526805 -0.126204462837286
-0.435447265286587 -0.0317263446219019 -0.0912292429767588 -0.0858711093147443
-0.354391199562716 -0.137496874349806 0.0538487938884606 -0.0202497615700329
-0.404710921219387 0.0469075913509259 0.203184723958311 0.191125779465727
-0.234845281291251 0.248533627374682 0.340479070101351 -0.00648565574462007
0.0658314659330573 0.307744964322857 0.214698322219129 -0.242681836795977
0.225943897105937 0.175059655539872 -0.0371835327717011 -0.237461983442127
0.264044527957342 0.00896634425583082 -0.0894757912245786 -0.110507155039075
0.203676865067887 -0.128460837997479 -0.0366352292012108 -0.0477011739804961
0.163622318924529 -0.146037701178488 0.00222101620816731 0.000503835534599725
0.159084877240756 -0.146706778162368 0.0720968101698608 0.0400475097649003
0.250528025414912 -0.0749090965744116 0.106341201129297 0.12479602631704
0.270940766736927 0.0903634901485783 0.0757285547193184 0.224942365417634
0.20973504014837 0.247422690232236 -0.103430563653021 0.265213884373511
-0.0924557775506129 0.339592960580644 -0.233056152949817 0.127411121250263
-0.356414813828862 0.163093490784889 -0.168302910653414 -0.0927481053197191
-0.42158193266318 -0.0463155297636809 0.0391847440399883 -0.0417653811846221
-0.299120480937647 -0.168490145453147 0.200484570789864 0.0594110142277894
-0.396207405131947 -0.0169108193061374 0.271991415788282 0.228153921110899
-0.270598096371656 0.205654678898576 0.350579072786315 0.0718126893653266
0.0258760811629044 0.303144855564647 0.252674587807177 -0.143419586589118
0.204324298059107 0.178374394916166 0.063400583991661 -0.175001579479492
0.245351579078943 0.0168797811779773 0.024052349836262 -0.118563437685857
0.191118818378229 -0.119032380440747 0.0496553536732674 -0.0954361586778226
0.146306848858996 -0.139781409563227 0.0636575119579913 -0.0549240383609139
0.135416750701686 -0.138106489528118 0.1322995269243 -0.0147650550490038
0.213523493860281 -0.0753055825852829 0.174541632152235 0.0812113356415153
0.240889950524568 0.0679419424562211 0.150439245223301 0.209621427942547
0.192244097239541 0.214797305330003 -0.0414816279239677 0.278409604650614
-0.0866504883687376 0.296876742013422 -0.181417022832687 0.15776627433346
-0.31487673988744 0.121308220839813 -0.115982889350456 -0.0697633639004894
-0.349594348462331 -0.0700303612753755 0.150468174582343 -0.000836004853303323
-0.188531104463144 -0.158661827898422 0.319158107131947 0.135187643148184
-0.296282891056312 -0.0631062048709173 0.319890731785574 0.255551722851534
-0.232188187474643 0.127263152965437 0.339675020654995 0.132362541640762
-0.00247145169557948 0.228163934966041 0.261778779090579 -0.0553098966833454
0.147615267042762 0.13618845829874 0.142109465715806 -0.111224139634237
0.180035267870205 0.0133863902102382 0.119267631493459 -0.122327087679827
0.142175068542251 -0.0904377986423568 0.118789070085745 -0.134302288895636
0.10650338905157 -0.110013213416248 0.113529353540713 -0.102085560885093
0.0975358381738822 -0.108967145143621 0.177895433510519 -0.0596584016079813
0.156642666485435 -0.0613020597642718 0.22430743868459 0.0463100864923333
0.186143922338453 0.0462459582642595 0.199920208355104 0.197505208871605
0.145986147909995 0.173070387878191 -0.00170100077548054 0.281414295105736
-0.0906047480055574 0.226848148291301 -0.144779027695602 0.169369379528792
-0.251034318243534 0.056584574988612 -0.0755399355683031 -0.0507226148919663
-0.23733106534927 -0.0981880007808733 0.228836860153544 0.0425689909589806
-0.0440410086564217 -0.11602531397838 0.390630486426586 0.18302717570146
-0.135435424879878 -0.0800081193397028 0.341423016402903 0.2535122721481
-0.128481622385823 0.041273529269758 0.324754010274182 0.160220734369282
-0.00902492860323881 0.105719764616446 0.261562266585985 -0.00577499565663051
0.0691111558254201 0.0582366377942587 0.189575019619679 -0.0789234400879
0.0811840344783795 0.00345088810856951 0.174418896358282 -0.132582692731582
0.0667116965968992 -0.0479266367914844 0.156097631167085 -0.160388010003606
0.0508061455869993 -0.0615011577814333 0.142737427542279 -0.131584849039304
0.0489514639106048 -0.0637891508009643 0.205795873571963 -0.0873425001290224
0.0887525889731013 -0.0415121043094357 0.257931666830821 0.0260449907272232
0.118589211207847 0.0212724865485253 0.231200437638414 0.195145745653492
0.0892569692556497 0.12077327584418 0.0209299379632543 0.287391496342458
-0.0871894160337248 0.139436451331093 -0.127301364754579 0.176338850984264
-0.163444834146285 -0.00920041878684373 -0.0548649369011904 -0.0333939897903608
-0.0976169979864193 -0.113734564163063 0.263738172622338 0.0854084138772544
-0.0322536744405173 0.0761699392026027 -0.307787272796848 -0.0640209307818749
0.063747403882536 0.0245125161788741 0.0161144372848459 0.104648822361987
0.0332087930184648 -0.0419083372793566 0.155107025001217 -0.161678835550374
-0.0351480660069421 -0.0265970898271688 -0.021315324633567 -0.318436818155408
-0.0279675874902698 0.0226852707025854 -0.260488044425666 -0.21485771971198
-0.00238596272773868 0.0227953010186392 -0.311092991037025 -0.00251532844057423
0.00134925050504228 0.0166531628431118 -0.233590473401343 0.117031730708624
0.0177513452735558 0.00812018800902986 -0.157265886410064 0.161533488880388
0.0125310000093451 -0.0058577359763157 -0.138012075653407 0.186040636971105
0.0250679362913223 -0.00544624741453387 -0.164753469751979 0.167897592785438
0.0203172484351753 0.0214945369059054 -0.210133058733583 0.105019014310133
0.0117003256453773 0.0207164401399511 -0.253848002481461 0.0158252299663496
0.00478010682669558 0.0468990558958383 -0.303937609039967 -0.13724492303418
-0.0327737206467538 0.0805490964544477 -0.331619851259425 -0.255333753622068
-0.101246355443829 0.0542813096745235 -0.390614302867828 -0.193287235819943
-0.157705340793732 0.0516052020632143 -0.284183099432531 -0.090583070278498
-0.0513426985709044 0.0817051710728993 0.0311726824122787 0.105762784989351
0.0058009589249293 0.0556917018469638 0.181659017688797 -0.161573897464576
0.0276652015735615 0.0469353496864276 0.00371852553167545 -0.336806554444586
0.0552983860355634 0.0480666066524804 -0.254212974654858 -0.232843392520137
0.0785048124719113 0.00188639477757767 -0.300951787777421 -0.019716168230037
0.060645404917031 -0.0397627193401575 -0.22003754205877 0.097647983837938
0.0725024625151456 -0.0492243873080896 -0.142557036424731 0.146262330106853
0.0817576530635304 -0.0588591807391289 -0.107163147418821 0.176419329681735
0.13368307091636 -0.0181891259926904 -0.12516206219618 0.184094391360553
0.120855575067859 0.0845093638773105 -0.179345189189045 0.15151667116689
0.0548560612864963 0.144694482004333 -0.254263755996013 0.0758590125895175
-0.0796503965991593 0.161642354910662 -0.311980727767862 -0.0824729267424034
-0.197264189269784 0.103356692040766 -0.309753806455499 -0.208882097844543
-0.257515200457421 0.0167268030011593 -0.328083563944623 -0.161471486219091
-0.266479025008687 0.00302238196335082 -0.210084786863376 -0.0966151224108689
-0.185125365932262 0.115344067939344 0.0722060166995043 0.120771857916526
-0.0512849377363566 0.154792302957764 0.231458778421222 -0.140753994309534
0.0785052507534096 0.13727108868397 0.0559567031951311 -0.341761735041209
0.137944725569886 0.0816302407225079 -0.2187807115141 -0.251920590153265
0.159450323869971 -0.0117074272700921 -0.262529083689454 -0.0476484167090927
0.119084270587427 -0.0891772441606495 -0.180543708050842 0.0597755902029803
0.117091060812096 -0.0991096534992691 -0.107295596681799 0.110144770444336
0.128450281630058 -0.105762634014593 -0.0547171657053772 0.144441818317123
0.210281589312524 -0.0451787626379974 -0.052089242154881 0.183667136828783
0.209204181640938 0.105254798508405 -0.104713192171045 0.198460346121114
0.127602244636035 0.220026321552953 -0.222160340277565 0.159138172110792
-0.10348418773922 0.266747877231877 -0.306043623882313 -0.000172839616857539
-0.304276411089569 0.147493137914728 -0.273711371178073 -0.154539159395804
-0.370013113385862 -0.000737884845850714 -0.224579652726759 -0.118050165085127
-0.337998288517537 -0.058697838596029 -0.0930614922622078 -0.0721175864565203
-0.313165383432283 0.113261397746677 0.135498555965291 0.146142531157125
-0.132911638385557 0.230759345025626 0.287751936307549 -0.0929997751597077
0.0997685360123114 0.230790829118998 0.126453023560506 -0.314330360813017
0.203779925572958 0.121504319569852 -0.14687169462481 -0.252858517717554
0.225342929184474 -0.0152671851762237 -0.191131898767247 -0.0778831034535618
0.164829557596946 -0.124127054921999 -0.117654525598976 0.0097273075905748
0.144057327989744 -0.135923553471808 -0.0564680520139797 0.059402145257156
0.148223848343554 -0.138964948935827 0.0089361682055846 0.0940328616773399
0.243649301861583 -0.0746054402460937 0.0336209133155285 0.159322109224298
0.262737957319394 0.0924034298786642 -0.00581817726474885 0.220041557692612
0.193771579206477 0.239441936750886 -0.157325428414398 0.22946885354749
-0.0868863401722238 0.328482902108126 -0.270440850818943 0.0809520971685832
-0.34400646995616 0.182918108044675 -0.224871614418753 -0.110208824921898
-0.420715152635947 -0.00715117625217069 -0.0969142649663772 -0.0785204356994308
-0.352407972538781 -0.115989862859066 0.0517873605680499 -0.0204401941597794
-0.390814286318435 0.0708285409515216 0.208931561766658 0.178388416494065
-0.215725284905236 0.253661242534204 0.329617599790261 -0.0226253334263921
0.0818088352901789 0.293677331410632 0.195221586898658 -0.245703669734595
0.230017340927887 0.155183663702212 -0.0474417135731526 -0.224403116323741
0.256727589024185 -0.00890495259415168 -0.0913151460147826 -0.103107491908608
0.187846707682934 -0.137469293889139 -0.0390231906500265 -0.0456211638483805
0.149457856181328 -0.152331710799018 0.00191012112615406 0.000889594469114615
0.144098122196158 -0.151759437853505 0.0718765793393506 0.0350758027645616
0.238018879572214 -0.0896951462960065 0.112379109601611 0.116330000321467
0.270705218462189 0.0694461061053887 0.0876351587255502 0.21422209461077
0.218898273039661 0.224509541290121 -0.0832414722808 0.264953114754331
-0.0675777743145081 0.33550029446437 -0.21767497221866 0.134680746707897
-0.337299073741169 0.179878670782712 -0.167984636890695 -0.0804730911331218
-0.409115198695772 -0.0215698574683476 0.0321037936183686 -0.0440216972930096
-0.29984617497435 -0.148175830300512 0.198350339697345 0.0493277765786938
-0.386558185115729 0.0079285308894871 0.276068380684024 0.209859282079208
-0.252663766594457 0.215552019674412 0.343523712325316 0.0517894005634459
0.0420658414384117 0.291776148905078 0.236985457972778 -0.151088465588466
0.209007699555689 0.159782411776176 0.0544779685945069 -0.169396597662705
0.238619948927935 -0.000236808048458795 0.0189190225783532 -0.118721992118454
0.176186642685513 -0.127657156048819 0.040932372960021 -0.0977684146540753
0.133384240569328 -0.145496593224794 0.0587433083158982 -0.0566115611837091
0.121510920724022 -0.141198040929215 0.12692655521145 -0.0231072841794144
0.201339432353332 -0.08673358638022 0.175071629574511 0.0692915924805737
0.239011316628841 0.0494785924576891 0.159548400845688 0.194715348700144
0.199272507257767 0.193504888644228 -0.0224583731131036 0.274336879621388
-0.0650228993445307 0.292979281237301 -0.16612536817121 0.162078308643492
-0.298707047829842 0.136027139645277 -0.116877594680007 -0.0610550041716871
-0.342732837367384 -0.0490339979514256 0.142650398950619 -0.0100104489749387
-0.191991698599142 -0.144357786654839 0.317450221338528 0.116452361559664
-0.291609506292036 -0.0432989635370411 0.322758018771863 0.232317552381708
-0.218712771661871 0.137051967462427 0.33657359927934 0.110999453003987
0.0102885535252974 0.221255043009369 0.249999920034689 -0.0648552587568634
0.150977768386055 0.122111204150437 0.134701550595852 -0.113098135577562
0.174797183411296 0.00140100892450727 0.10998757478776 -0.128986544244206
0.131189488522659 -0.0965848548825 0.10587310603587 -0.140311852959199
0.0965204026070365 -0.113504317781341 0.10352928246413 -0.104552718920798
0.0872982975814885 -0.110272434234654 0.168076129996776 -0.0689719584269982
0.147756191316687 -0.0692342985835861 0.22162638004212 0.0315712038488826
0.183572683811534 0.0323944402298261 0.206914303331976 0.178988038159489
0.151349171417764 0.156286832539179 0.0169260504429158 0.274982778511007
-0.073553221126635 0.224510722231804 -0.129608746819109 0.171425587836822
-0.240619130798575 0.0693652589233271 -0.0772783580121374 -0.0455704982642561
-0.234954602894526 -0.0830209452017199 0.220745146239455 0.0267126375282764
-0.0492835319560124 -0.110147649661885 0.388032165050271 0.158334912354281
-0.136722957719017 -0.0696585290908215 0.344247962274469 0.228084322420685
-0.123107134247708 0.047896635120655 0.32465188256588 0.138284994729329
-0.00287202097566921 0.102980378698664 0.252546528233236 -0.0176622041427204
0.0698693623937796 0.051652904866608 0.182133141888403 -0.0852961719400851
0.0776893679100885 -0.00144247245699599 0.1619672828919 -0.143103301960039
0.061050993437336 -0.0499861841601809 0.139870817115646 -0.168152792389439
0.0455562619877653 -0.0628633644337918 0.130483990860219 -0.135599049508693
0.0433207092980769 -0.0640408516723786 0.193193544791777 -0.0973357257414715
0.0830045710918393 -0.045735023794172 0.252252875994805 0.00932164444668348
0.115504867380388 0.0124413730268961 0.237251917204927 0.174755917713374
0.0927272226280834 0.110080268352537 0.0390992592598489 0.278501659888646
-0.0753922995037879 0.139806356001393 -0.111889797924527 0.176657270933255
-0.158920073064752 -0.000446979113357038 -0.0571348727844118 -0.029793942869536
-0.101231289178772 -0.105736941930876 0.257928540905596 0.0655323823982748
-0.0280455823312229 0.0758264580988382 -0.301511154722609 -0.0482056351412316
0.0632624429910485 0.0204139586127358 0.022349071417245 0.104141112810527
0.0311546163022719 -0.041661294861347 0.143810194949913 -0.162239235077094
-0.0348008897729786 -0.0242339789457701 -0.0351314287087657 -0.307755699140944
-0.0248591869968514 0.0227434649911459 -0.26232083249039 -0.197388280037785
0.000197339689925093 0.0216755899310803 -0.299867298302809 0.0122805136937542
0.00305862225679495 0.0154097838796307 -0.218658668014204 0.125640293058803
0.0184046983493601 0.00565370350907761 -0.144526944808383 0.164420592328798
0.0128725766369943 -0.00595965145973279 -0.122969284925408 0.188043786775086
0.0237325882608849 -0.00596301899670954 -0.151156467913548 0.171817176770672
0.0219903777417522 0.0196543351843812 -0.200699031941285 0.111790656546071
0.0129372779900107 0.019627294762136 -0.245142403042253 0.0238108202227646
0.00707154812836651 0.0465405401906654 -0.300981451447108 -0.122769637399329
-0.027542192608158 0.0780898623082293 -0.331915505617661 -0.232227943379673
-0.0959486617584798 0.0548330104172662 -0.385580970238698 -0.16989031740778
-0.15114726762218 0.0569364757710853 -0.278255280884476 -0.0745413636716992
-0.0453579172848136 0.0813517529492826 0.0372671523445691 0.105413688864738
0.0082890229837498 0.053457940627304 0.169195303183491 -0.16245702387326
0.0295470784584825 0.0435597833488912 -0.0108139604109108 -0.325841859155845
0.0565625128863879 0.0427634184626005 -0.255936611375681 -0.214407502595863
0.0768241664336581 -0.00288218118402644 -0.290189338014541 -0.00488559885519918
0.0568031391312578 -0.0419447077645669 -0.206888627290955 0.105957312193518
0.0686338314050817 -0.0521296662596049 -0.130078015494175 0.148808086232657
0.0765063313783429 -0.0611710297800801 -0.0944690618891371 0.176778200929137
0.128301203364583 -0.0249942829114687 -0.11151075450844 0.186480573650012
0.123183598999484 0.0757759512051139 -0.168257833449071 0.155923428237697
0.0606732552159661 0.136907036819037 -0.242487430293263 0.0837054901981262
-0.0692715551256726 0.160866488326655 -0.306389348828755 -0.0688857714819093
-0.186226447565462 0.108301196033203 -0.308271859405999 -0.189030824617178
-0.247834084153677 0.0241406912216509 -0.324105745497961 -0.141494100513454
-0.258777064879203 0.0131326921457603 -0.206922064949511 -0.0829965635862358
-0.173925931950244 0.120488466893158 0.0768034403732951 0.117643145486263
-0.0430493573268226 0.15141366601438 0.217719491195171 -0.143507590778714
0.0820529523329425 0.128385685732899 0.0395151028357355 -0.332546868872816
0.138038602873438 0.0718990409041637 -0.220864965493081 -0.232855733608931
0.153814527214232 -0.0201713428655254 -0.254563792035223 -0.033825071440891
0.109741971135553 -0.0926052819681018 -0.171789611161724 0.0669109510887194
0.109488005678043 -0.102764717346046 -0.0983754056952935 0.112395418397445
0.118972425485206 -0.109032510552872 -0.0459905299001752 0.143125984539227
0.20095667403029 -0.0552481017945973 -0.0406121333808748 0.182355836695294
0.209831843485633 0.0908534940546408 -0.0929427741565965 0.198192382006447
0.134744441520196 0.205636634171895 -0.207637834130964 0.164519670617901
-0.0881045685398855 0.264092003408366 -0.296338352323205 0.0106806911243358
-0.288694284604929 0.157957901636641 -0.27010234733049 -0.137824329089121
-0.357247176400817 0.0123575786904175 -0.223585565220496 -0.10432898424649
-0.330703870164969 -0.0445469006959988 -0.0921121734088306 -0.0642296166596173
-0.297415542702367 0.124231216628058 0.138550373658521 0.139607545244986
-0.119336290628105 0.229378090330918 0.273900736654671 -0.0995494061460307
0.107024905474902 0.217784827324072 0.109083557040577 -0.308309740754792
0.202899613767572 0.106644911314021 -0.150257860429922 -0.236163672770055
0.21729872791768 -0.026903465825359 -0.186731370646606 -0.0675208561681158
0.152558121285221 -0.128098467023674 -0.114529496077351 0.0142668062985801
0.133485625154832 -0.139507807401362 -0.050860941032323 0.061175017633406
0.136236744838088 -0.141744655061183 0.01288383821565 0.091486665677587
0.231880197424805 -0.0849748482044669 0.0419753313508209 0.154077218536963
0.260292513025899 0.0755765829064404 0.00406685349106531 0.214309571922985
0.199039033435282 0.220231393391732 -0.140477865990513 0.229613313863862
-0.0679972101819294 0.323527081794935 -0.258140251082611 0.0873218775875937
-0.326814811130883 0.194637538153804 -0.221871588279289 -0.0968569861905726
-0.407831173249065 0.00857101070103409 -0.0993537540056901 -0.0715760584554706
-0.346734349068492 -0.0987360814207112 0.0502946455101364 -0.0198785688548943
-0.376048624202969 0.0876747979044539 0.2101495213367 0.167649401580085
-0.199310111704902 0.255860778398632 0.317375654192361 -0.0328154533251915
0.092323069339682 0.27926700921974 0.178202660720871 -0.243939417374726
0.230366575510138 0.138318183143889 -0.0527325781994608 -0.212336923840519
0.247841202101398 -0.0219301385460995 -0.090400584353778 -0.0977502296055548
0.173900088263115 -0.141981214860001 -0.0413678712640778 -0.0436134302167396
0.137083130407044 -0.155888929091934 0.00295557017195429 0.00145800148727123
0.131679856629581 -0.153293737355847 0.0708263242591762 0.030710819017931
0.224706701630282 -0.100112549497166 0.116106072344408 0.10846398091663
0.266445145869824 0.0533402736664922 0.0947993655796854 0.203545764752161
0.222067374685698 0.204467330083705 -0.067461290088523 0.261359135432389
-0.0504563758238279 0.326646788777067 -0.204184413716462 0.138418753807656
-0.317624772274569 0.189620264117632 -0.166726123667685 -0.071376702920806
-0.39573356367402 -0.00497622991588476 0.0264151894578956 -0.0442034124725152
-0.296494090128364 -0.132472613123196 0.194783492470253 0.040942006885156
-0.373720078473393 0.0273040477591826 0.276460598484115 0.195519406315192
-0.23565902903349 0.220155200431679 0.333739717159784 0.0384384167789611
0.0539851178443697 0.279948231859785 0.22252901000947 -0.153106584732791
0.209339909116566 0.143847314869789 0.0490773014310783 -0.162781981508288
0.230457256613743 -0.0125375964704815 0.0141982473462462 -0.118760430672071
0.162720034960754 -0.131499550896903 0.0332321993924408 -0.0991467324324347
0.121128139538159 -0.147707681024241 0.0546421109400765 -0.0571642189828819
0.110319114940909 -0.141901279715046 0.121006220520931 -0.028227595766883
0.189315314558272 -0.0946660316383698 0.174308399758491 0.0592107125575452
0.234576369778051 0.0347708837754654 0.163543910578711 0.180253977435324
0.201363289113709 0.175258410569932 -0.00759124097953493 0.267889310764143
-0.049374886387228 0.286219864350224 -0.152516950548795 0.162066536056341
-0.282900123763665 0.145376835433112 -0.116125756089798 -0.0546595103867499
-0.332326332728526 -0.0343195737355761 0.133750246090383 -0.0174749351308056
-0.191975953791742 -0.132166614453675 0.312106353848528 0.100975582317601
-0.284416221872524 -0.0281046012733089 0.322096941709282 0.212685286598441
-0.205774793158515 0.143817645055409 0.329041850903437 0.0952258536733416
0.0199601052913575 0.213323364714848 0.23898581430096 -0.0706490065543528
0.151311421356463 0.109936514149085 0.128563596981213 -0.112572768035869
0.168742690541892 -0.00674413070500769 0.101967050390777 -0.133325237080687
0.121165967879451 -0.0993547860606105 0.0933551157066712 -0.143809517888581
0.0869366276523672 -0.115118298906902 0.0955191011334876 -0.106330556195779
0.0782656292706094 -0.110305497550257 0.158332101007755 -0.0746242788359116
0.139384314215166 -0.074216259176022 0.216572407825564 0.020012770505013
0.178951522355212 0.0215611174122607 0.20918014248924 0.162803221699663
0.153152194912523 0.141460508554477 0.0308077030311907 0.266197106431094
-0.0600870022263588 0.219971385541629 -0.116370359268204 0.170264419374348
-0.229372561599669 0.0769482136691233 -0.0776688141149954 -0.0411595084044947
-0.23039185070776 -0.0712646103905202 0.210477996666458 0.0145221413453828
-0.0521640439532054 -0.104776828106755 0.382982078108615 0.138570156040528
-0.135257367404354 -0.0600229361004005 0.341705852182907 0.207213759983071
-0.1171379918616 0.0531678813147489 0.318959396460285 0.12108081584731
0.00175986287565417 0.0994351174787785 0.243439395185189 -0.0243063993611048
0.0698616332541071 0.0463036832103267 0.175202878420204 -0.0885594875541903
0.0745331529766153 -0.00476519281276945 0.150063144020273 -0.14916154774322
0.0560480984722321 -0.0509226704128214 0.125364191007775 -0.171957717614717
0.0403752121967285 -0.063768379596866 0.119802688640968 -0.137582730103001
0.0386839860493292 -0.0635014890801892 0.181868387230978 -0.103176415417907
0.0783552343691042 -0.0477168710846244 0.244404896495681 -0.00271054935637448
0.111114223059103 0.00650955308494862 0.238170772181254 0.157877100327017
0.0934790201735981 0.0999930506704083 0.0514402563926361 0.269083422719649
-0.0666633207979125 0.138128310512987 -0.100435968872095 0.174564435810275
-0.153679238847195 0.00592286247149231 -0.0581928208347266 -0.0270016195425593
-0.10293938565241 -0.0982970994683449 0.249353761809052 0.0501657236124875
-0.0255793610726502 0.0755507958792056 -0.296022434816816 -0.0367324259736749
0.0625393736921264 0.0168772005252194 0.0274399923522421 0.103888985590683
0.0299516722475939 -0.0425021139839973 0.136173135392947 -0.161710537500445
-0.0343287320469077 -0.0225059943184286 -0.0441925043102671 -0.299200712982398
-0.0229279224415375 0.0222320769384208 -0.262295036956986 -0.185264408039203
0.00188604093076265 0.0202184383892138 -0.29059081645801 0.0226180865291618
0.0043052804069652 0.0144799911116516 -0.206903805445434 0.130971871013476
0.0188401393639354 0.00372878688522955 -0.133932724334871 0.166318641648279
0.0135973086231908 -0.00683226574046391 -0.111799479137493 0.188748616690678
0.0234347601802299 -0.00688562737818894 -0.141943442185565 0.174433196946394
0.0229895651187702 0.0190776308707268 -0.193270260538212 0.115563709528527
0.0126687605984624 0.0189074994119081 -0.238255969213665 0.0269493573742994
0.00815866395815547 0.0465697985073563 -0.297707010118599 -0.113591954495892
-0.024013488996866 0.0761242295763661 -0.327903305381902 -0.217789669460569
-0.0927149798473203 0.0535746330446326 -0.379471551610691 -0.154448236426886
-0.146574964113658 0.0592261386654674 -0.274333279623537 -0.0635466706239005
-0.0412860598397774 0.080524959958032 0.0418045802025993 0.104856716282066
0.00969853136680018 0.0510582829981105 0.160428127322252 -0.161714049619802
0.0303746902299867 0.0401990880507777 -0.0205818988427376 -0.317022217418855
0.0579894469413794 0.0389502284745488 -0.255622258730321 -0.201034011792369
0.0758387031724385 -0.00676558082623329 -0.281858663048617 0.00531648417008236
0.0542204249506794 -0.043149324037423 -0.19660540000168 0.11125861526532
0.0653970464828902 -0.0547885482486915 -0.121042132814816 0.150739671864844
0.0732309141626791 -0.0626305876518488 -0.0847227841720273 0.176950117609848
0.124560530227528 -0.0290161922270384 -0.101870439280725 0.186850211395682
0.12397464917213 0.0689644163228685 -0.160770510388164 0.158296946380578
0.0638442734668544 0.131301255366036 -0.233494585890292 0.0878511952393349
-0.0629414944889692 0.160468922312977 -0.300912056841376 -0.061573464778827
-0.178719103262746 0.111014785936041 -0.304504354536383 -0.175283013555124
-0.240462711040564 0.0274707136019375 -0.321300045395687 -0.128851678953664
-0.25281931319447 0.0197351222474377 -0.20390676835453 -0.0733813192223698
-0.165327779926121 0.12346091932919 0.0806128680261161 0.11621221786055
-0.0379715753907166 0.14815137218645 0.208245440293775 -0.143835276723818
0.0841672002381186 0.120908646660373 0.0291129899183338 -0.324887970248831
0.13784066799822 0.0636558379353649 -0.220730834159783 -0.220098766428973
0.149976448935206 -0.0261378953509801 -0.248297339902017 -0.025742195163646
0.103801326594473 -0.0939495222423531 -0.165237868020934 0.0709125608253519
0.103012438141103 -0.104947750124206 -0.0910831673340565 0.113860869454783
0.112619151566791 -0.110717615267761 -0.0391336722759693 0.142424402703827
0.194242901411867 -0.0613137945293447 -0.0319790215594606 0.180741904289149
0.2100120877671 0.0800659955741824 -0.0855455848587313 0.197914106813157
0.138390769608364 0.194390859293211 -0.196832239426969 0.166578292583094
-0.0770017240337057 0.260735931774264 -0.288711240989878 0.016524708692447
-0.276812441718136 0.163165195624109 -0.267314550040882 -0.126771825747381
-0.346157465421451 0.0194661872716772 -0.222059502571045 -0.0950251724496887
-0.325039487303804 -0.0352070079225889 -0.0909724391054068 -0.0583691248105319
-0.285679895648772 0.130981867250177 0.140888512923193 0.135804522814739
-0.110855886704649 0.226528217623097 0.264411438984344 -0.102194282149774
0.111008962827245 0.207228853776254 0.0991396297420438 -0.302475539978948
0.20216303099607 0.0965221806990909 -0.150949857145963 -0.223706010174444
0.210777565325441 -0.0343994505635035 -0.182084271090139 -0.0613956690390833
0.143416118163709 -0.13024533148774 -0.111129462349261 0.0168927426995
0.124733874907429 -0.14153107924491 -0.047075848033427 0.0615735680394465
0.128044663157836 -0.142892433176286 0.0158948249432602 0.089855189849459
0.222054092486045 -0.0917883530257518 0.048099408193804 0.150230094683706
0.259152613882757 0.0630788903459697 0.0101928938534656 0.210139734183925
0.202024768749641 0.206393477280121 -0.129074252592624 0.229453181860486
-0.0562322432040326 0.319001655229942 -0.248898867996036 0.0910336927259032
-0.313363641454042 0.198900934301656 -0.218180482286417 -0.0879100552465909
-0.395788933181529 0.0168343082934476 -0.101366509145938 -0.0663810618014171
-0.342127930527934 -0.0897728274990342 0.0494687891451516 -0.0193731200881089
-0.363040524729578 0.0972920778561533 0.211066394400328 0.160562738785383
-0.186448145234345 0.255224788116622 0.307557958405803 -0.0375670726253572
0.0985420685291996 0.268377327095642 0.167539194353928 -0.240656088677418
0.228895525879979 0.126427650211699 -0.0532501011426664 -0.203185654402478
0.240234082855197 -0.0312006274794801 -0.0901749999304481 -0.0943930976046906
0.162504582518939 -0.144584383373116 -0.0432626464840248 -0.0434177167548207
0.127587647009123 -0.158153447737299 0.00359680064696347 0.00212314679836955
0.122662345563635 -0.153555578812891 0.0695222404919836 0.0279895226621628
0.214740543032455 -0.105056407289844 0.11876321702578 0.102915218322091
0.263371456416211 0.040304781191764 0.099074128799876 0.195351886341773
0.222786551570018 0.189159337290515 -0.055257828367898 0.258230751277505
-0.0373186272513731 0.320242799877184 -0.194286793970722 0.138324995890626
-0.304892077851305 0.19575176165818 -0.164126861807304 -0.0643231688215835
-0.385476212745011 0.00419527761484815 0.021780908968985 -0.0436183973299248
-0.294680789305992 -0.121306529687225 0.19330812359954 0.0365629107841403
-0.362904156609417 0.0386601271876015 0.275251016696462 0.184976873035385
-0.223765517401089 0.221850167328222 0.325357323078068 0.0310102848621803
0.0614583551600201 0.270904201155959 0.21398346094168 -0.153593484237996
0.208853806925585 0.132834759832157 0.0469058099376713 -0.158307520971574
0.224014799712287 -0.0203699521674471 0.0108096400031367 -0.118941453772917
0.152823691192843 -0.133536291514344 0.0273831372457039 -0.0997980268882492
0.111654082977647 -0.148486967635096 0.0519529529236757 -0.0580520580524901
0.102102039319514 -0.141446492475354 0.115977663993327 -0.031488880999667
0.181808816383574 -0.09883280439521 0.17336453770923 0.0524994944302824
0.229722473496967 0.024688981255899 0.165342401598304 0.170188845637281
0.200609139570735 0.16171068000602 0.00313205263661707 0.261823858331811
-0.0384157721625518 0.280279972601611 -0.143289796772445 0.159782990692853
-0.271452176298584 0.150203219501962 -0.114858596820533 -0.0502117515345498
-0.324576699362317 -0.025254360931467 0.126990647747409 -0.0209805889433377
-0.191694006546496 -0.124671638294171 0.309092818278744 0.0918988772476638
-0.277357457111875 -0.0178515748640714 0.319867701286489 0.200437761450228
-0.195943171526569 0.147042978319531 0.322363680826834 0.0860890669607543
0.0260782789145025 0.207086574865455 0.231399708490695 -0.0721652260925625
0.151097259962431 0.10218032762416 0.125872741268562 -0.111222440670733
0.163607919236088 -0.0118275599384569 0.0948488474778102 -0.13651823331439
0.114146855231481 -0.100447575026641 0.0843877937059451 -0.145694041953808
0.0802908494195166 -0.115555190897784 0.0893229865634303 -0.107447253800937
0.0724072877128985 -0.109390001175897 0.151373966476161 -0.0783481248877721
0.133126631518836 -0.0769271490756956 0.212463521806665 0.012587293394962
0.175002952560321 0.0142457957926979 0.208864559529318 0.151910919135509
0.152630634040826 0.131031796160459 0.0395910044640862 0.259467329816627
-0.0512996534682273 0.215608516825778 -0.107915244191882 0.167363404062304
-0.221401078324103 0.0815687856613786 -0.0777614185569339 -0.0378936383456362
-0.226745777755685 -0.0634568324434668 0.202838293745197 0.00742519550323878
-0.0536992536056561 -0.100899717963272 0.377088330094895 0.12706701869923
-0.133181183634651 -0.0540223992143268 0.338730117612154 0.194515764884342
-0.112051749576682 0.0564065222492573 0.313799283709836 0.110795602464582
0.00501177528413181 0.0971780231785393 0.236797035749664 -0.0273594136840029
0.0690802711626679 0.0429755651863308 0.170875667648287 -0.0900921367748245
0.0720240029635046 -0.00586887882486491 0.140809335560648 -0.153238876345549
0.0530390313321782 -0.0508829700619921 0.113988728013162 -0.174058885938102
0.0365640365664364 -0.0636260451816506 0.112090243577043 -0.138104056556738
0.0357621172376973 -0.0622438027124766 0.173081502253138 -0.106302895214871
0.0745748142761389 -0.0492356207933966 0.237776606296843 -0.0110927277766715
0.1074861256862 0.00267989879181501 0.237519771689222 0.14455221283301
0.0932029976605675 0.0931412355818195 0.0603386621772473 0.260130615716357
-0.0601043421227903 0.136148424603217 -0.0923930100316344 0.171271856656732
-0.149947880286788 0.00937831493631846 -0.0581161241495361 -0.0248458123471737
-0.103695582648487 -0.0927462621211129 0.240908699040586 0.0406353611146209
-0.0237268329058926 0.0762633580366564 -0.295506375280959 -0.0281042343375606
0.0628566271777415 0.0142686138944377 0.0328187292027405 0.104777101490233
0.0289854595737873 -0.0433017915299555 0.131742412936107 -0.162523149598475
-0.0343186254659001 -0.02176391470154 -0.0512433376152788 -0.295107032206639
-0.0212003175495298 0.0218598793216746 -0.266728215903451 -0.178583971594151
0.00304419742907782 0.0186227782555349 -0.287446092030969 0.030681107307013
0.00509201893534382 0.0133046627387585 -0.199028919437694 0.136602265744513
0.0191734751964592 0.00165864552424168 -0.127598092384941 0.169721202757029
0.0138857710466159 -0.00743194346598431 -0.103949023639373 0.192408501338345
0.0233651722724829 -0.00725312612663124 -0.135683475589398 0.178837413361255
0.0244396058902862 0.0178637872814788 -0.191040794253153 0.120684587613959
0.0132227717848984 0.0187640584086721 -0.235589004922962 0.0301279631126998
0.00964342632921288 0.0464210729979621 -0.298523478960359 -0.108660729448497
-0.0221769787432793 0.074727674592095 -0.329534353929845 -0.210478883667562
-0.0920030242447273 0.0535526630762497 -0.378665525005855 -0.145850797166418
-0.144376075263481 0.062405173495741 -0.273811844246115 -0.0555048592574739
-0.0389062087784138 0.0806272382038422 0.0466284324166721 0.1058666095142
0.010839780047712 0.0495773931867481 0.155750506663512 -0.161971008729026
0.030664123580048 0.0381159929222337 -0.0284007316847954 -0.31344510637327
0.0588404835103739 0.0357415732210955 -0.259200283630123 -0.193577483134188
0.0751110138828525 -0.0101044957082868 -0.278506363874896 0.012375522039446
0.0522927986290993 -0.0451514414377113 -0.190049358176613 0.116353658323918
0.0636578575209197 -0.05779574386158 -0.114836600227378 0.154033242936994
0.0705053661522003 -0.0654459781959615 -0.0776084554668536 0.179720173066698
0.122770692075973 -0.0328906113317274 -0.0945731561811729 0.189970754781024
0.126909876965337 0.0635554297548966 -0.15665068980689 0.162573713438682
0.066757151247765 0.128102494115664 -0.22945073717966 0.0914333004310652
-0.057971086113284 0.161286003529275 -0.301159558207949 -0.0559580292018105
-0.175015810214132 0.114222615108047 -0.305247200861469 -0.166545417563906
-0.238700576524709 0.0300012707937218 -0.321100609990779 -0.119921839680525
-0.251406579746501 0.0238206475134485 -0.203423256488096 -0.0672727053986485
-0.160380081721516 0.126802180054844 0.0852266319675587 0.116886973912046
-0.034452160555551 0.14739317287999 0.203568079752103 -0.144581241514741
0.0860687581425784 0.116674638645665 0.021849870080094 -0.322845687900661
0.139337212152818 0.0589304789225812 -0.223002597429829 -0.212369498677639
0.14829726385044 -0.0316389264093122 -0.245790467699968 -0.01961184316884
0.0999597027176777 -0.0961726861348657 -0.161317838462026 0.0751630323809679
0.0987935442281849 -0.10888703202766 -0.0860287284777081 0.116611657522628
0.108744345998124 -0.114010582665755 -0.0335593807769729 0.144096127943016
0.190965591328812 -0.0674167119644241 -0.0244876031109394 0.182112832741782
0.212380190660198 0.0715731479539481 -0.0805035947666358 0.199894001270765
0.142908620470546 0.188505976206669 -0.189419877193068 0.169655069086507
-0.0695273661150786 0.261707635661911 -0.286623518260348 0.0210956073349034
-0.271468097553015 0.168591622340939 -0.267925675171458 -0.11907697559069
-0.343898203070087 0.0233771245699344 -0.224446161525603 -0.0882660905479382
-0.324724932022416 -0.0288639254464641 -0.0905307925291507 -0.0548568629208756
-0.279470306438728 0.138267881731084 0.1449293286284 0.135087281372185
-0.105146220087351 0.227329962717883 0.259695134491457 -0.103828530469613
0.114565221480369 0.201689892005748 0.091450851511941 -0.301052413081856
0.204054702084787 0.0896898506898269 -0.152391542658132 -0.217857441848293
0.208352164581069 -0.0415110152071661 -0.181706650777243 -0.0573110701484083
0.137246845683411 -0.133648316588255 -0.110602808502566 0.0183373704492749
0.118647110608133 -0.145403384531125 -0.0440573129603544 0.0633628387370202
0.122378558226139 -0.146009804666962 0.0182317044141758 0.0898973874394905
0.217650212952433 -0.0984111998162662 0.0545654815676931 0.148649883101972
0.260808818115644 0.0528215408478876 0.0151198195622997 0.209390475413286
0.205395066456345 0.198048938040459 -0.120190944145922 0.230609489060957
-0.0461066413805559 0.317674217769032 -0.245559584648836 0.0934937143389008
-0.306017511155171 0.206695766359352 -0.218981793568785 -0.0830183061007866
-0.391736698088254 0.0226221410366847 -0.104027158368931 -0.0625850707938496
-0.342584053879022 -0.0818299229494334 0.0503220681957239 -0.0188087986412494
-0.358349667961583 0.106891039311006 0.214772614348693 0.157516840034439
-0.17960386246665 0.25858359629912 0.303612720864277 -0.0413024557311222
0.104225264330036 0.263619291754986 0.161999959456146 -0.24182225253621
0.231578576392134 0.11883215834454 -0.0548237283339252 -0.199321335311957
0.238001938657075 -0.0380880029959106 -0.0917089359887635 -0.0937044560498112
0.156190682522059 -0.14800450619706 -0.045598093409985 -0.0433177909070185
0.121055170182501 -0.161103601035104 0.00445419532946717 0.00171937439533902
0.1166659033196 -0.156118834241916 0.0693498669058994 0.0270684116409019
0.209780528814776 -0.110597363201442 0.123342164376687 0.0990951893004939
0.263652778068049 0.0307569655784587 0.103407592455251 0.192168321857992
0.225671821606006 0.179800737915298 -0.0468363507300623 0.258054668054777
-0.0277291318973656 0.318840312358149 -0.189934138982706 0.139725210726094
-0.298320723076734 0.202651482706982 -0.163658322156388 -0.0608493088469905
-0.380773963968004 0.0103242002967363 0.0174627644115807 -0.0432873480989076
-0.296607586898223 -0.115627586418938 0.193746305636585 0.0341841118686948
-0.358972918900454 0.0478501782984323 0.278396740527047 0.178831818578007
-0.217068096573388 0.226414896693837 0.323217088647939 0.0268151051912831
0.0675091593659463 0.267195669254143 0.209087220800766 -0.154419780328755
0.211226938629913 0.125835106422221 0.0461501523425596 -0.156794024628094
0.222544051941736 -0.0267270323076066 0.00763273716572248 -0.121136110533627
0.147247896599791 -0.137326679662595 0.0213497041878321 -0.10240735424688
0.105276381950091 -0.151249570398938 0.0497854161515078 -0.0593602608849682
0.0967961261801942 -0.142897430586912 0.113351220859352 -0.0335129324337671
0.176711551513239 -0.102934689767247 0.175472920553192 0.0472001636255265
0.228883542860596 0.0162074535161175 0.168613848408111 0.164915014578982
0.202506128033635 0.152477702896116 0.0120050386463085 0.260084337966959
-0.0297512179860643 0.278908412180997 -0.138238948374626 0.160620726264371
-0.266082614464594 0.156827641701123 -0.115478374432905 -0.0477268965920056
-0.321195508483153 -0.0193900973653759 0.121961969444316 -0.0241901167766148
-0.193704085550036 -0.120552532928969 0.309889491263057 0.0862034579790523
-0.275619574641789 -0.0100156207199707 0.322484123374061 0.193551954347252
-0.190579230116031 0.151884173314583 0.321688025217504 0.0805733536809172
0.0312760098976811 0.204757972365386 0.228531006740874 -0.0739522904858068
0.15248901402755 0.0967672936350688 0.125551208079809 -0.111865556972614
0.162490341603305 -0.016628443884231 0.0903388254466419 -0.140830313487412
0.109810453989003 -0.102984276979887 0.0765107926327046 -0.148966134625374
0.075083938969222 -0.117509611425468 0.0857258987623971 -0.109280393174522
0.0687271415264037 -0.109949259508789 0.147160503356516 -0.081194454545506
0.12972486909962 -0.0798709028742042 0.211684688199617 0.00652187866038048
0.173754947524604 0.00855589735623462 0.211049514824796 0.144666888367322
0.153160485850888 0.124283879739092 0.0476913773755453 0.256041897759378
-0.0445374483356554 0.214769575682881 -0.103139858385908 0.166685030222431
-0.218236234192534 0.0865348484338332 -0.0788609216748804 -0.0357091718166631
-0.225749523347828 -0.0586691208049514 0.19806217840733 0.0017784134103074
-0.0564912273109022 -0.0991824303858426 0.379526480129696 0.119764604293914
-0.132846744810074 -0.0500476505201406 0.339801161258487 0.186163062173374
-0.10866720606718 0.0595217146032314 0.314269498591408 0.104385107726571
0.00800384532976445 0.0957251288892367 0.234483062266542 -0.0289204780253927
0.0694845308911844 0.0404808267783082 0.170235969670071 -0.092534472756257
0.0720076549210544 -0.00756396981095865 0.134583643730211 -0.158355058343395
0.050717216121025 -0.0516481380963347 0.104937597006847 -0.178699411354336
0.0340278291242211 -0.0642336276691962 0.10661616715187 -0.14108397022225
0.0337684755905741 -0.062208297268293 0.16820978693905 -0.109836232005912
0.0727034593979036 -0.0502613205174663 0.23568572982746 -0.0172324202388818
0.105960506559422 -0.000816169023829309 0.23871488647635 0.136399619478109
0.0938432232015463 0.0890871475812731 0.0671188275006884 0.256273027153114
-0.0555628048875711 0.136011573017418 -0.0878630399024512 0.170904471291679
-0.148409755217003 0.0126410008991908 -0.0601534359059714 -0.0238321510144807
-0.10549917169608 -0.0897623059792258 0.237488721828426 0.0331067794641948
0.0243085389945157 0.0769891759529679 -0.241767975767822 0.16524812444704
0.0575202457336276 -0.0255255936675277 0.0971050379149444 0.0608799014423095
-0.00375697971322095 -0.0527418980885277 0.00391558527379012 -0.212032090807685
-0.0416431531544055 0.00258328980032429 -0.227411491427255 -0.201065518275126
-0.00392965239810271 0.0302016813632081 -0.321275801733493 0.028030254858267
0.0139903256010381 0.0129394430750412 -0.203930600488118 0.204361178896585
0.0137454733510477 0.00683828263803694 -0.0677585857305957 0.23338707350517
0.0157623645050167 -0.0114333162044547 0.00759731869648788 0.212569792283792
0.00683441653381539 -0.0142983774450702 0.0425645034705435 0.216516240422884
0.0150944355909656 -0.0207758382404061 0.00714923499114009 0.228669326292767
0.0314036276831904 0.000227630428832309 -0.0737186884934259 0.216626087904656
0.0227575040399651 0.00971050823087228 -0.168977229684571 0.171082192926867
0.0353014418358683 0.0348041734628967 -0.306546347175902 0.104783258271225
0.0252811471613196 0.0748463656926751 -0.397608147162649 0.0484410479136802
-0.0475121010218066 0.102090291736297 -0.396594733662923 0.123492345504338
-0.0827158037572726 0.13533396333613 -0.241696029378396 0.137754463596148
0.0171667224605523 0.0843467141822822 0.108187999505841 0.0578581700455015
0.0373434468847451 0.0308375987443509 0.0277781357163898 -0.222804863142421
0.0434348273081714 0.0108210777211937 -0.216654926981999 -0.230825690258981
0.0673363712706389 -0.00702174312205289 -0.321986870696421 0.00885055247283192
0.0528395206289938 -0.0540393593067721 -0.207740934742892 0.183481243084972
0.0138698671100268 -0.0674030599403321 -0.0750291439612745 0.211430137427243
0.0129956279716963 -0.085943055063505 0.00852026364701918 0.193138804846168
0.0148416152116831 -0.0962014724606424 0.0561471948416661 0.191152145189369
0.0772839559525631 -0.105669107362066 0.0475069752984885 0.211870539336127
0.143472207264754 -0.030435918137389 -0.020519130822048 0.22675678296103
0.135280140398527 0.0636434915485567 -0.124648376087813 0.21444974990642
0.0548677690000855 0.174132557917811 -0.274209578873595 0.145879661273022
-0.0715796616967747 0.207352774555942 -0.352101837957307 0.0629069413131255
-0.182267321392412 0.178845733493495 -0.329411929867647 0.103913933663277
-0.192296180273438 0.165951189604838 -0.195109262662513 0.0918886434464699
-0.0498378821405128 0.191777065792763 0.143246459295799 0.047181122128042
0.0598636644712625 0.135099521387853 0.0799193868153659 -0.233454838037079
0.132312082683024 0.0391958572411748 -0.177979171389841 -0.26998880685715
0.143439223956524 -0.0373548209871588 -0.303440179782305 -0.0297249735736819
0.0959489952078993 -0.115517773530906 -0.200715780587251 0.136168297950284
0.018056628199264 -0.135721638282746 -0.0791949400185829 0.15911445749916
0.0082361352654075 -0.148600917862436 0.00799004998025753 0.145558250596619
0.0136576787548673 -0.15868528408798 0.0687670910463001 0.136233033419898
0.108792776181418 -0.176286918001044 0.0978567481026963 0.160196005943933
0.217321099654482 -0.0803202030763566 0.0630022927162433 0.206286933569822
0.235202423346529 0.0635885248506386 -0.0432133918620421 0.250845242141278
0.11297491216605 0.264499270928687 -0.214060384390166 0.195791541771787
-0.113145355609891 0.314929936250887 -0.294547723201474 0.0730476390550072
-0.270590284101113 0.242402216891729 -0.229784252258448 0.0621221257452609
-0.281699930355808 0.165422303388821 -0.101408899714097 0.0359917301349663
-0.135321873280862 0.270712878673272 0.198602044154907 0.0282710429996895
0.0530160822938785 0.240644134268157 0.151360092849967 -0.230416369153029
0.20517702290439 0.0885760911706912 -0.104443300402512 -0.296091220182939
0.212204683470692 -0.0522479213584237 -0.2490728213032 -0.0793407548855618
0.136976673585092 -0.160377359046245 -0.173360046590632 0.0644139424905397
0.0234859882452024 -0.187618259450471 -0.0771639964581626 0.0821431358667991
0.000722561830911687 -0.189820849008246 0.00661075710432751 0.0776930678865158
0.00408019617893685 -0.193688258526638 0.0749880203665665 0.06085773099596
0.109637454986092 -0.218207598581748 0.1391563554799 0.083437617236402
0.243953749637144 -0.126818160469113 0.142946347914665 0.152312144266695
0.292228766936651 0.0309121557200797 0.0505793956795279 0.25543958695028
0.169983403412963 0.29538160651897 -0.134607132442018 0.225787610396514
-0.115872344301479 0.369820882944578 -0.233519768445174 0.0692232185996013
-0.307757328627383 0.272595562976192 -0.116583332896022 0.00256297849961628
-0.328032682464377 0.133328771525817 0.0282233344310503 -0.0215954155805637
-0.213276846033269 0.293296741095709 0.263166889061081 0.00530668912930514
0.0137781342324135 0.310061989806186 0.225413507893189 -0.203921227251356
0.23335417752556 0.142716894579837 -0.00790203647684478 -0.290209980730233
0.251801886452857 -0.0462136746251138 -0.159121953210887 -0.126382046429165
0.162234134908926 -0.17541416343846 -0.125524690696721 -0.020898782843187
0.0288778571286057 -0.21035226760213 -0.066929400426146 -0.00864577280764269
-0.00795899253015923 -0.20310560981187 0.00522085062487526 -0.00102387335814317
-0.00636946687104264 -0.19837395881002 0.0747546537309942 -0.0207037694509559
0.0955346780090598 -0.223506248653202 0.162171226042183 0.000664374914706891
0.230887107124556 -0.146774519899354 0.200794829991782 0.0826815975215631
0.295750031363463 0.00214708359590983 0.126423859704456 0.230560983938972
0.187117342007048 0.283535934214747 -0.0614485196728188 0.226289047853801
-0.111696996760923 0.359716420748598 -0.17616251515017 0.0509107300507363
-0.305116626715524 0.255848058169919 -0.00737102680566073 -0.0608563928461564
-0.307818927762474 0.0773261694203233 0.17032571215196 -0.0727293741198528
-0.248782209105351 0.246970043470048 0.323532144215973 -0.0195251732386327
-0.033689621767096 0.307448852414315 0.278995263030032 -0.161326483272299
0.208147753801901 0.166964869227467 0.0836265291269997 -0.248242405170047
0.240275375389162 -0.0289960676411767 -0.0536430612629675 -0.155685413483223
0.156865407179893 -0.156572839199952 -0.0662020870970018 -0.104368749207723
0.0274807195879037 -0.195664096058708 -0.0520033446584522 -0.0974220574544434
-0.0136722988819017 -0.18526934748141 0.00188674197336268 -0.0773022122167105
-0.0138543843040897 -0.175054765198794 0.0696475503630379 -0.0967524304533767
0.0744052157029781 -0.195565056395206 0.17021450679471 -0.0733839295499133
0.194583069990721 -0.135572663555612 0.234742280423626 0.0198731987492087
0.259989043964328 -0.00485884717856315 0.173471156891175 0.195318876396307
0.159722258772005 0.250904627530933 -0.0072907840800072 0.208856267590155
-0.114520297781171 0.301399619639262 -0.127587749295904 0.0303191549829658
-0.274312796693649 0.193869150938892 0.0878224754316439 -0.110090862269792
-0.227112454722691 0.0147306766026683 0.292603365860257 -0.110869327915818
-0.217833572584334 0.152251707328044 0.365592286756273 -0.0399686152647961
-0.056784212714018 0.23247868807257 0.308542878479616 -0.120571839206306
0.144414758132498 0.139357955361456 0.146229562345972 -0.196118097940269
0.176814705807124 -0.0168762766277577 0.0347925510522225 -0.169387162983755
0.116501354509259 -0.112457812152927 -0.0155987437932906 -0.170728065303497
0.0196938775704741 -0.146423602058147 -0.0394084530731717 -0.168249233444058
-0.0161406462974894 -0.139540930750082 -0.00209035304573147 -0.13926496665044
-0.0153107803910128 -0.131046198461298 0.0650098032651788 -0.155654717786529
0.0521865965682526 -0.147076978391174 0.17197781676794 -0.12835570669791
0.144789371938905 -0.105081090966324 0.255551912755427 -0.0226805014832111
0.202835542722558 0.0033637905143685 0.200057834321682 0.169762173913141
0.105665543886084 0.207351215254446 0.0252291373738101 0.192498536321703
-0.120762760444086 0.212315336567809 -0.0903480253161545 0.0170686224590463
-0.220363483795421 0.0996859751743977 0.164283967857815 -0.134132050371841
-0.102304956344002 -0.0481818737040189 0.367755750970466 -0.138176822976783
-0.130712282991343 0.0372758947028315 0.376296467561033 -0.0620576319137478
-0.0466620803945899 0.109958483498056 0.314307694729054 -0.103592189475483
0.0631016749991445 0.0684893918581842 0.174719497752121 -0.165151179302165
0.077584833632079 -0.0106942403631749 0.0801016639391615 -0.179961596368804
0.0514839563490524 -0.0495234231086357 0.00566246622194833 -0.210066605078512
0.00633763520582129 -0.0707487012961128 -0.0348633048402915 -0.208421431087606
-0.0144493258491143 -0.0723373389075115 -0.00582593737249554 -0.17722915327089
-0.012489424652054 -0.0721522573931562 0.0627666729505783 -0.192183208452399
0.0262287335576446 -0.0875325485652904 0.175723137494344 -0.162048223743787
0.0857251264379599 -0.068238691650469 0.271860289746419 -0.0454519013874071
0.133290905389348 0.0132259191423739 0.215365987414553 0.156983694175242
0.0444545175488055 0.150283068809579 0.0403465434702269 0.186879233124396
-0.113528139205862 0.107363433120038 -0.0648262362641638 0.0166601005880554
-0.141356689473043 -0.00322422873665723 0.213963182368331 -0.130218968500558
0.0292663596639152 0.0764123361866643 -0.235714881790525 0.181978592955624
0.0556977878451168 -0.0299067436151976 0.105632854742886 0.0558897825303076
-0.00681091870550768 -0.0532874428675277 -0.00619849876860823 -0.214622971606477
-0.0419024796777574 0.00514120537257157 -0.242046713292913 -0.190013221425973
-0.00247205060853699 0.030468335860989 -0.325137652284567 0.0480611064581905
0.0146282836475188 0.0113792459208182 -0.193633286849393 0.218873357869978
0.0146858404877054 0.00498679374536774 -0.0531538772703822 0.23880560406225
0.0143100201409018 -0.0136555201632867 0.0224293298289468 0.21429294679898
0.00604579114771874 -0.0158694719519525 0.0585863344582127 0.216181119418102
0.0140396532718255 -0.0218100519781525 0.0220939838366234 0.232978066649454
0.0324768547359374 -0.0023898261904472 -0.0628282204633182 0.22586050292784
0.0235204496210059 0.0090586779127176 -0.16440837803892 0.181038476894466
0.0379837462761519 0.0330305169749271 -0.308256204421493 0.122762540901661
0.0287338344747318 0.0731716342676474 -0.399129628888983 0.0701476816663043
-0.0448780842487484 0.106428641456796 -0.394866696234512 0.145451780694725
-0.0768432571097652 0.141526993316341 -0.235789505759559 0.154643326607753
0.022067922519031 0.0843702547846687 0.117048628859233 0.0524159665386444
0.0386423911475803 0.0294029726059048 0.0173065400970231 -0.22604149931478
0.0439906822047505 0.00811705010835132 -0.233085731738184 -0.221954517601675
0.0673836476787838 -0.0123448623693685 -0.326953551079052 0.0280900872317287
0.0494239532225302 -0.0585655090328948 -0.199141751908656 0.197444842258795
0.00962790548945752 -0.0692954261086802 -0.0625003191728201 0.218062895827015
0.00687116359679635 -0.0890192695529073 0.0218922349923013 0.194769972106838
0.00888232289995724 -0.0988962690633803 0.0712964627412637 0.189370433431698
0.0714596374527704 -0.112246522893322 0.0626790782208614 0.21257321595426
0.143979126505906 -0.0408436358929667 -0.00690817572667876 0.233195543642186
0.141018018112581 0.0566068810682795 -0.115711624831734 0.222146746685316
0.0660926920680528 0.173587821254509 -0.273109385120109 0.161791838139915
-0.0619148902463376 0.214040011411019 -0.352185630105636 0.0822953692066198
-0.178589030624862 0.190438241316097 -0.327906996784099 0.122709764226675
-0.188383752525103 0.179842573738094 -0.191375443554589 0.104501299446397
-0.0394331024988974 0.197326159220322 0.151527577042226 0.0394959827245264
0.0677917057886303 0.134115482088504 0.0707007540556265 -0.238934585675425
0.135267446042936 0.0320596925429715 -0.195093101169953 -0.263707946314196
0.143337791436406 -0.0477698320880774 -0.309445008841447 -0.0133305210054039
0.0897098104603258 -0.124481047328741 -0.195305348326994 0.148329779893567
0.00950084433748308 -0.138606923697457 -0.0710130558043982 0.166208511005803
-0.00263098582973621 -0.151423988789208 0.0181951268613609 0.146825693490511
0.00312784426272556 -0.161880038016859 0.08039793815063 0.134229559022412
0.0987240963197673 -0.186591887427341 0.110939155763818 0.156011033412307
0.215676795472525 -0.0963811806988553 0.0764403018378793 0.207792962483204
0.241504419901352 0.0502668478565721 -0.0299618462475404 0.25524431735916
0.130777406106276 0.262002237700465 -0.208380616140528 0.209968402834427
-0.096713426573831 0.326249104433721 -0.294511252606079 0.0898547987743563
-0.264668963017784 0.25862587205459 -0.229027892487534 0.0754913475742177
-0.279220855548811 0.183690916701969 -0.0994088881140403 0.0425232001972019
-0.122417286769707 0.282525780125586 0.205748630082084 0.0175920644001395
0.0667577501426046 0.242054776388882 0.143787800554975 -0.239377985858883
0.211993251314269 0.0779759257938492 -0.121455860302113 -0.293820929338814
0.212670143579496 -0.0671031034672355 -0.256321974917292 -0.0676330284440211
0.128648407947519 -0.171841289493826 -0.17252672192368 0.0743944319297822
0.0115438545615641 -0.190846720613957 -0.0749694752782144 0.0885694624201954
-0.0131316692667661 -0.192473368814967 0.0127123935976107 0.0774809225044002
-0.00886773044749956 -0.195908413267441 0.0823012379904737 0.0575430327610496
0.0976891299907839 -0.228871577177995 0.148440071982536 0.0750098480854634
0.239056783353882 -0.144884640321407 0.155403929138384 0.147744492767605
0.297294635039748 0.012529373648753 0.0668435644490526 0.254705337962166
0.190629212639306 0.289191362482008 -0.126516836106776 0.235461968321058
-0.0961784282161036 0.382151450488065 -0.232510595014666 0.0819415971765054
-0.300856201685633 0.292845882363575 -0.118292870265604 0.0105220533949763
-0.328062695842475 0.153835588090033 0.0291389755779897 -0.0239267728378037
-0.200787841094051 0.309000293048411 0.269032690620714 -0.00989943725191434
0.0317351830616346 0.314323444683866 0.219758600802171 -0.216458208404589
0.244953094557931 0.131257370049394 -0.0219398999057537 -0.292339596098724
0.252537607924654 -0.0632745572201647 -0.16658541093426 -0.120969699831386
0.153092752237855 -0.189288711071801 -0.129532061658178 -0.0152789524648906
0.0149967261719547 -0.213406088707326 -0.0706621637921449 -0.00326533863933101
-0.0218430453175045 -0.204596209459731 0.005840282755451 -0.00228049427539205
-0.0195815070532688 -0.199023983839842 0.0761029091567445 -0.0255755499421758
0.0822251087999257 -0.232432162180813 0.16589844335171 -0.011340816205179
0.224535757059476 -0.163725360196152 0.209086760892351 0.0731184979838939
0.298804018848501 -0.0155239555271335 0.142680347276675 0.225068456451454
0.207463437096222 0.275922319427574 -0.0517926903767585 0.231577010662606
-0.0903480557535852 0.37347132930808 -0.176204221547403 0.0601926476218159
-0.297507257729634 0.275443892536163 -0.0120590109789055 -0.059376105297236
-0.310862869776517 0.0961980618597129 0.170919947554685 -0.0831463933289758
-0.237135624272567 0.264556534128261 0.328934207982255 -0.0376356509014747
-0.0169219581364266 0.313909316913315 0.277149519814222 -0.176566500943809
0.220295347929953 0.156896560742937 0.0732070558065986 -0.255384637368918
0.241909449554834 -0.0451039523213519 -0.0601957040774174 -0.156751381814977
0.149587938798285 -0.169612491029924 -0.0751950175630605 -0.103154533583087
0.0154248064988934 -0.199097935577122 -0.0620920893108706 -0.0940166467802097
-0.0263045237514029 -0.186724561487498 -0.00320144619408817 -0.0787723056452321
-0.0251358155961302 -0.175322241827214 0.0660984865682595 -0.101346321113391
0.0637158250500899 -0.203034801552654 0.16903787660088 -0.0861836505787449
0.1878753620479 -0.149531888929501 0.239275244800561 0.00798888040182951
0.261397148385811 -0.0203675245227239 0.18884620035039 0.186903540277608
0.177318146279505 0.244527260842327 0.00305428323477691 0.211324661422482
-0.0981714985988091 0.312447650730231 -0.129139801735013 0.0366908573627731
-0.269474468824833 0.209275959978045 0.0811890458978688 -0.114576449681665
-0.231065696935825 0.0280851217469881 0.292991260160259 -0.12873246416424
-0.212032225024701 0.166854825945186 0.368443248737618 -0.0606158651408656
-0.0442502556326861 0.239003294497805 0.307622306960627 -0.136936506912456
0.154985472171532 0.132721332261387 0.140196056715269 -0.204570896660941
0.17806412287573 -0.0283915007976349 0.029367338891903 -0.174453815818786
0.111737984472668 -0.122025389557493 -0.0278524009055209 -0.172803080582306
0.010831513660731 -0.148729377643059 -0.0536722707565618 -0.166214374236881
-0.0255472828950595 -0.139483903283846 -0.0110876464497264 -0.140864398574068
-0.0236373511333534 -0.131006579315857 0.0572824472052492 -0.161317063548272
0.0435274746915778 -0.151949708449348 0.167333905443889 -0.141249741505392
0.139723089867706 -0.114882567803293 0.257322717772387 -0.0364104396667823
0.203461956674935 -0.00836717777561768 0.213500675779715 0.159387581558191
0.119969204560282 0.203266877981968 0.0345026169951174 0.192631457886938
-0.110568860353283 0.222759428390216 -0.0912806887879523 0.0216317428283419
-0.218433142095773 0.112883977294564 0.155889463716897 -0.143554250616738
-0.106838733501004 -0.0426713341331684 0.366472473897982 -0.159699786928548
-0.130190566988718 0.0451802917291487 0.377935266575682 -0.0827483184662434
-0.0397777016584348 0.11391726288289 0.314684036742243 -0.121202100490205
0.0682982489882507 0.0651316502920658 0.170901784787662 -0.175733119995712
0.0778978393575976 -0.0161986794233665 0.0741086895862274 -0.188074070409972
0.0498078061024154 -0.053572404149361 -0.00853854491657422 -0.213506057759255
0.00169036569783654 -0.0716801379280343 -0.0511481861242386 -0.20753415547084
-0.019587320697906 -0.0717320813696909 -0.0177093222014837 -0.179076389045957
-0.0163281613767562 -0.0720518673414409 0.0520309130913487 -0.198266113536302
0.021175209991134 -0.0904363539981759 0.167808775026184 -0.17486221826193
0.0822409670366848 -0.0729810846211362 0.272189188221947 -0.0613338365753602
0.134151454605784 0.00557228097885132 0.226977684094116 0.14564602628099
0.0541901445748492 0.148514430172317 0.0495663226628281 0.18594599182878
-0.110111248720065 0.115134917326384 -0.0661562985437879 0.0205736410878083
-0.143337774942435 0.0045564978679203 0.207158987274327 -0.1424187417618
0.0350600219255886 0.0734442432595713 -0.219075385023177 0.200615487000777
0.0523380805296853 -0.034159221114999 0.113783961855063 0.0461694313631175
-0.0114766087767605 -0.0526356396897864 -0.0209629315903731 -0.213176887317584
-0.0419582132401169 0.00866898910803663 -0.254985030827071 -0.17056986843924
-0.00053530958697115 0.0304724201020557 -0.322258913254426 0.0745288157415128
0.0150426385649914 0.00991541023330807 -0.174983395791265 0.233176096595267
0.014914066855095 0.00296574114699878 -0.0326041228550154 0.240576529404324
0.0125579846086785 -0.0155103267063568 0.0407562269971467 0.210445421535478
0.00431224559072363 -0.0169556572882875 0.0771119990440427 0.209369041719494
0.0120522015220094 -0.0238514810269793 0.0418829482212378 0.231549007380179
0.032928820973495 -0.00569017527789874 -0.0458600513056329 0.230804861855127
0.0245922083192443 0.00772912652326128 -0.154173071122081 0.19095851644412
0.040967371065301 0.0296804721505034 -0.302005916842088 0.145248144388227
0.0323720214375431 0.0697725848426396 -0.392085562862121 0.0981588036044092
-0.0394849517549425 0.110423517023653 -0.383152470741378 0.172590909981222
-0.0674200978101419 0.146892893286335 -0.222719519011007 0.172198303461773
0.0279203399976397 0.0822907803713298 0.124513038059364 0.0422693733323856
0.0401648488870039 0.0268272319635713 0.00339234430253982 -0.225288797926262
0.0439404019350925 0.00520768350039645 -0.24835902895912 -0.202642515857008
0.0655738451980963 -0.0177501493449252 -0.32550008387984 0.0537267855519626
0.0435569887918266 -0.0627956308715898 -0.183180488776467 0.211783816029415
0.00367271292067015 -0.0695159678439575 -0.0437335231160516 0.221585329093643
-0.00149758477593041 -0.0898338011234196 0.0384280897591364 0.191121570060551
-7.2781731998592E-05 -0.0995541771065614 0.0882445222155339 0.18283549682692
0.0616511649696397 -0.118717090185956 0.0814046519028745 0.206774983613341
0.140655169860293 -0.0531712827182645 0.0121000195196269 0.234784229177604
0.144676604886182 0.045798367378009 -0.100497737560587 0.22841871699679
0.0798637922499499 0.167882870921682 -0.263198956804883 0.182177509474102
-0.0468725950835991 0.217668075673957 -0.34441323307696 0.107074140931838
-0.168005577150876 0.20337216682942 -0.317789991201993 0.145628237079022
-0.17574992309904 0.193243390939518 -0.181814089022557 0.118723401738653
-0.0246971118923212 0.199420982879312 0.157609581839503 0.0274310528221949
0.0771975519543804 0.129576922299877 0.0556533929962917 -0.241825961818581
0.136240982389576 0.0217213875815011 -0.213294168294374 -0.247622768106785
0.138293751300887 -0.0600244947376069 -0.310057504264965 0.00976681619432
0.0780702087665063 -0.13126157652458 -0.183350338530673 0.162422648755696
-0.00225157740433803 -0.137711441139835 -0.0581746934509312 0.171761850520654
-0.015813512252817 -0.150896354061105 0.0307239480285366 0.143522428126256
-0.0105047931961237 -0.160738085213389 0.0934749154720712 0.125891353675901
0.0828802061010483 -0.194910041792904 0.124925783561827 0.146258090428011
0.206982476173913 -0.114524475458358 0.093785661798336 0.202964575458427
0.244490809832625 0.0310009310019811 -0.0109557900778509 0.254938725281914
0.150634592287273 0.251049473972697 -0.194580432661353 0.224063338809072
-0.0730482045674182 0.333601296209453 -0.285368162849157 0.109672370104958
-0.249626963200762 0.276585576278395 -0.223084916623536 0.0925008524382001
-0.267719094967732 0.204994753714808 -0.0945600428437771 0.0496624402556639
-0.100459873480794 0.290615859378112 0.209012866775368 0.00200764686611857
0.0844450334938959 0.237853995405796 0.129360767613249 -0.246764762817681
0.216882911949384 0.0617773326329601 -0.142200456196875 -0.28365476927724
0.206060665487271 -0.0848523048437576 -0.260537601660195 -0.0486947761641389
0.113199722792026 -0.182794905708381 -0.167673176176979 0.0865597736318164
-0.00451609373967198 -0.18965967722559 -0.0689475090750166 0.0952845068914418
-0.0294899096272365 -0.190096056950813 0.0190141853515427 0.0749669801938986
-0.0251582637230819 -0.193066592849078 0.0889663653555416 0.0499131706419853
0.0775822110012286 -0.236527161151971 0.155453727821584 0.0610320615656328
0.226068184451439 -0.165455388325909 0.168281815305694 0.137106614191634
0.295625429995192 -0.0104934949753784 0.0859640391526754 0.247124623368413
0.213324132573078 0.274080790788549 -0.111393158634602 0.243574415936675
-0.0664639332346501 0.390606440761976 -0.225935407883878 0.0971152297967686
-0.281435477382599 0.312357947026361 -0.117652064266032 0.0200809427227719
-0.318075606919659 0.178361062628167 0.0290602586575246 -0.0260824144363051
-0.175490873890144 0.324126975825177 0.268714362585076 -0.0301135120842308
0.0548683164251758 0.312004574691305 0.206557608695593 -0.229676678641946
0.254566765434197 0.111883671143986 -0.0422007867463864 -0.289796448029644
0.246524872523555 -0.0841627615653636 -0.173842420104323 -0.109515359804369
0.136763635492032 -0.201852876015139 -0.131906669645856 -0.00607017204892497
-0.00218903367987903 -0.212350451089274 -0.0730663781616755 0.00394367098750349
-0.0391778995555352 -0.201114982386938 0.00530980823523256 -0.00357711538661559
-0.0356616626190678 -0.195148011976691 0.0763790274263193 -0.0318731468534725
0.0632226881532305 -0.238525389329621 0.165549242463164 -0.0263323217348761
0.210288009730586 -0.182708278838635 0.215261684909237 0.0583142769263885
0.294633592898471 -0.0391861540783314 0.159654706829088 0.211860337542383
0.22850823421387 0.25842612811186 -0.0362232997242976 0.233956330456399
-0.0629243995861264 0.379948240854202 -0.171634222786242 0.0717294405057061
-0.279197854427427 0.294368773434844 -0.0171716321218678 -0.0565805568405279
-0.304520685411044 0.120234245452415 0.165671267710611 -0.0962000243450234
-0.21661828166844 0.281805988914045 0.324480358513783 -0.0608025006940274
0.00726454047026145 0.314859645174932 0.265940104188964 -0.193376102879876
0.23285774916979 0.138957933117949 0.0567616051754507 -0.259026834480488
0.236971203575779 -0.0652121495843519 -0.0689051763515841 -0.153316802062619
0.135416959794206 -0.182865852036647 -0.0843427884351639 -0.0977820874283198
-0.000837578588240095 -0.197997262335969 -0.0719744785866 -0.086109554740214
-0.0423835878406942 -0.182331997963205 -0.00963953519823794 -0.0789684731553058
-0.0390817911166221 -0.171278723608014 0.0591955132212053 -0.106421259431841
0.0465313598635735 -0.207119062880619 0.161800599563899 -0.101365981775256
0.175113325404576 -0.164388905165839 0.240060916191791 -0.00944846251138584
0.257085069410337 -0.0403858559619607 0.203414879870061 0.170329502396148
0.195528712075858 0.228672487733673 0.016892809869572 0.208919378682285
-0.0747545567993647 0.319794557317854 -0.126775736390446 0.0453070303213409
-0.254140160477445 0.227490263935611 0.0704790986233847 -0.118367346399501
-0.22966254461925 0.046059511763612 0.283746780029148 -0.149560303055926
-0.198402809748569 0.182944776073153 0.362605242372234 -0.0867791712771687
-0.0252323173187541 0.240304059643347 0.299119785138852 -0.157535308754222
0.164662837951182 0.119395825512415 0.127752652230687 -0.213879416012735
0.175061459768087 -0.0431176191582873 0.0192446847256189 -0.178047290646987
0.102404582166165 -0.131812472424923 -0.0423076072311307 -0.170692028271386
-0.00186304219416219 -0.148295999573308 -0.0689358115743396 -0.158938255305967
-0.0372772121858331 -0.135898603986152 -0.0228543112753368 -0.139838769088269
-0.033087961366679 -0.127876294887923 0.0443927013909754 -0.165220362049791
0.0316636844547356 -0.154846769553252 0.15549174134175 -0.155274407188564
0.129845301418975 -0.12505972594821 0.254129911055929 -0.0556591140271857
0.200167576001102 -0.0233699976210075 0.2251050523232 0.141816361265628
0.134411599616598 0.191543066639437 0.0475306301748508 0.187840371110048
-0.0934132569317554 0.23036584978332 -0.0910063387256683 0.0281757440841246
-0.209989416632909 0.127838863625687 0.143068443645376 -0.152691203988323
-0.109655281878062 -0.0335160763848314 0.354724581140058 -0.186074199246162
-0.125721155144705 0.0552918188494187 0.369439370100023 -0.108373102201362
-0.0300867424254267 0.115068688905902 0.30577884250347 -0.141577310488739
0.0735252794499884 0.0585167462815488 0.16146613808193 -0.186252282872286
0.0758534760177637 -0.0228671488397455 0.0630454793740098 -0.194992057846396
0.0461761390602871 -0.0580518424402892 -0.0265083984476395 -0.212627848664996
-0.00365849906152982 -0.0710155796907828 -0.0699118671402776 -0.200958296203639
-0.0256307727325618 -0.0691184207672248 -0.0322641142007874 -0.17671598470073
-0.0215901463200217 -0.0695977176560622 0.0367758920474553 -0.201524330717399
0.0140198981417232 -0.0917978105961229 0.153380135711591 -0.187268266989673
0.0765560568770129 -0.0784902302819675 0.266982580410638 -0.0816618714369168
0.132953724184787 -0.00398587119187836 0.237561672071457 0.127954257525053
0.0649357496023813 0.142443292403545 0.0616721644781498 0.181386626925042
-0.101566344773425 0.123260252628953 -0.0659170056681259 0.0254921476223
-0.142036459076473 0.01550884944845 0.192989431174671 -0.156260932380831
0.0394202309846013 0.0687702295724216 -0.196862825627337 0.212359132360832
0.0477559439676431 -0.0370794349573544 0.11765779405225 0.0342921551417098
-0.0147710925706173 -0.0504816781090223 -0.0340180530702712 -0.205694985197031
-0.0401081825802723 0.0117846296039231 -0.260214021795776 -0.146284323664415
0.0012346805023384 0.0299102120302256 -0.308937244175022 0.0983325400961271
0.0150426554608419 0.00800406378267218 -0.152842475523136 0.239338090816951
0.014779019474189 0.000938547754963717 -0.0120709578208631 0.233934027751978
0.0101149687579766 -0.0163951830925627 0.0566266571403605 0.200936244906539
0.00307515140126669 -0.0174198624231842 0.0934491254490508 0.196505849463217
0.0101993257676729 -0.0243470782031348 0.0606714060397158 0.222830018460962
0.0321239180609944 -0.00884180519226384 -0.026685453890294 0.229941584394708
0.0249830755120603 0.00557625706495558 -0.139207719340818 0.19582234834016
0.0424603594178057 0.025278690479416 -0.286518172130686 0.164273060255705
0.034525330356321 0.0652829260989125 -0.374085848646789 0.121109732375065
-0.0321649358211551 0.111678496899887 -0.362045778591627 0.192249244139967
-0.0564613572395365 0.148285200093914 -0.202713774440437 0.184499226946711
0.0328381007150617 0.0779376927272089 0.127731695700747 0.0298923198563063
0.0409604833781593 0.0232750922721781 -0.00983605491222952 -0.21894477725903
0.0427891419660347 0.00183525251449303 -0.255706705038923 -0.178741455187054
0.0617349922965767 -0.0225243579749516 -0.312249844777709 0.0779216598359147
0.0367312500875228 -0.0652217075180692 -0.161801372823308 0.219561048513534
-0.001562069477143 -0.0688091795170691 -0.0244553162364426 0.217331483288672
-0.00986856466970205 -0.0869346230582452 0.0531684048608326 0.181771980938476
-0.00819799165140523 -0.0964230500161281 0.101759630325791 0.169159284550841
0.0502945924868548 -0.121141834759647 0.0966468458524523 0.194858529749968
0.132707051769193 -0.0641111340762184 0.0301808846106721 0.22900730099335
0.144131615749245 0.0338112370667281 -0.0837323324314108 0.22803111260102
0.0904757940757829 0.157581322130117 -0.245533742158352 0.197272656429863
-0.0316996152075185 0.215646949835756 -0.326458901684561 0.126803760625163
-0.151827170387266 0.210758802719678 -0.299788298715079 0.163504561995758
-0.159282488555966 0.202017115727405 -0.167101313480486 0.128671446968411
-0.00924671836993425 0.196063456305128 0.158295152764525 0.0137147371490445
0.0843008824921846 0.121435020305888 0.0403602233098184 -0.237394434096043
0.133697011828627 0.0109987644231906 -0.22477968779223 -0.224882415942716
0.129426872500067 -0.0700466758723066 -0.300602970563464 0.0335472220995811
0.0650715782202637 -0.13454050806958 -0.166308163423922 0.171642035198122
-0.0131130621330665 -0.13371740038454 -0.0429218397615968 0.171452274591202
-0.0281404826821542 -0.145389648620094 0.0414360606247968 0.1363817113391
-0.0232944176681319 -0.154974273820564 0.103438877891383 0.113525267282385
0.0648755557040794 -0.196861751990439 0.134552851944639 0.131620823049087
0.192593256905703 -0.129116630080675 0.108022563386878 0.192673056756628
0.239334472465332 0.012018739672604 0.00671971584594633 0.247058632659256
0.166570553091498 0.233729339330823 -0.176446486710961 0.231983073127248
-0.0470151856640663 0.331009432589924 -0.269658642103187 0.125156083133087
-0.227019306401952 0.287192576950982 -0.210071951862064 0.106161514521773
-0.248724910069079 0.220082323054864 -0.0875702700250083 0.0546040243317983
-0.0753173208811662 0.291116966290917 0.205876300608884 -0.014130478997018
0.0997727099863754 0.22652568424641 0.112756872118926 -0.24750355693795
0.215398985123144 0.0432916598222492 -0.15759330246983 -0.265516403040713
0.193810430687763 -0.0996585564817571 -0.255922749468083 -0.0284954562698757
0.095310177816427 -0.187859717198807 -0.157429375071717 0.0965720084284697
-0.01927820913857 -0.18289382701206 -0.0598075422955913 0.0993818301900074
-0.045015374816789 -0.182177318146398 0.0251327227967418 0.0700762049893234
-0.0395540985615443 -0.184256192056231 0.0926685775317252 0.0397613905248913
0.0565944904473337 -0.237539978739136 0.156912079764848 0.045708139878054
0.206973351250608 -0.180423849380959 0.17575104559992 0.12190639139251
0.285882686779145 -0.0320609400527469 0.101831623791506 0.232062814435565
0.229079258729986 0.250414669208917 -0.092645604931154 0.245386680410468
-0.0365486254327826 0.385740543696306 -0.212574234864396 0.10893821078458
-0.256376384855594 0.323342449593349 -0.11334141654589 0.0291112288865985
-0.299836328474242 0.19801284546843 0.0271827898844819 -0.0287087010688059
-0.145834160184191 0.32826097669764 0.260889139099678 -0.0497135538548766
0.0770503682102322 0.301137460167066 0.188341110336092 -0.236074988989062
0.25592847592851 0.0898477399263512 -0.0604148421190557 -0.27851633490012
0.233155595254308 -0.102532136646179 -0.175285354643839 -0.0948889574014345
0.116709295651003 -0.209159704051079 -0.130224661937127 0.00298855752917418
-0.0191243978976337 -0.205155690916529 -0.0717566900958626 0.011969325842515
-0.0545213336566042 -0.191769965513303 0.00436768949255584 -0.00467538833625618
-0.0494731734706251 -0.185371648863431 0.0732733247033791 -0.0384800667940347
0.0425143938085685 -0.237416150318899 0.15920682120048 -0.0406855480426931
0.190049091808287 -0.194981286449976 0.215753425132041 0.04155892425534
0.282392948987267 -0.0601035481768651 0.172093979809919 0.191794742774427
0.241924479490607 0.234179486349985 -0.0203845541300273 0.229125586186372
-0.0318554875755278 0.374734320045324 -0.163234389168981 0.0800087492976721
-0.254206687098223 0.305714984625653 -0.0210803744655096 -0.0524251819874312
-0.289778613567373 0.140381663392611 0.155766385308774 -0.106184539114411
-0.189171159419694 0.290569577973124 0.311295881751102 -0.0831453839802083
0.0303214666178686 0.305712472669711 0.248633001278594 -0.205164817359186
0.23688101942454 0.117743044031568 0.0386326407112949 -0.256055771216226
0.225135261265177 -0.0830919213872966 -0.0761725485786898 -0.146093265924222
0.117083301677692 -0.189956035985692 -0.0908315203639537 -0.0896603606590138
-0.0166221408038922 -0.191150024472746 -0.0779842283765297 -0.0755453072022041
-0.0559999618839082 -0.1728409160414 -0.0164825388601338 -0.0768035939458434
-0.0507741901948024 -0.161917569692319 0.050636198425731 -0.109643214369106
0.0293028012652281 -0.205103099452398 0.149248729008884 -0.112624065179122
0.157533460443475 -0.173752967416892 0.234207745432445 -0.0268588661763147
0.244863009223144 -0.0579817280885568 0.211365723929079 0.149202838725294
0.207522084511863 0.206493674887445 0.0295791294045881 0.202133054408446
-0.0483532700232197 0.316725719973944 -0.121419678828443 0.0517692757452024
-0.233917625776321 0.239017765515758 0.0594145569968941 -0.11809164539443
-0.221669180430843 0.0624227525693241 0.267947105932662 -0.166920406120677
-0.178474113129982 0.192257652264874 0.345343995643052 -0.108712032728301
-0.00635785478317303 0.235422358224565 0.281965216622083 -0.172791850380483
0.169620847274163 0.103251240612339 0.11245201949705 -0.216553825157564
0.16582270116862 -0.0564223767193408 0.0083515473184892 -0.177064563811668
0.0888130684058874 -0.137339505030365 -0.0557235948891743 -0.163560422602981
-0.013117132302465 -0.142822140718457 -0.0811033706282814 -0.14675174774256
-0.04736171109418 -0.128556444174896 -0.033987558751099 -0.133667890361983
-0.0416790854339271 -0.120610372619336 0.031793134529907 -0.165032946519146
0.018799982474375 -0.153374451027737 0.139398713788842 -0.163852453805814
0.116553367522768 -0.131676178555347 0.244298017808545 -0.0727271500110865
0.191476336504009 -0.0375271180662767 0.230312843569238 0.120329652411895
0.145268022137175 0.175331692251684 0.0582395061350931 0.178653220976498
-0.0748551535351868 0.231187081129815 -0.0879778309176427 0.0330538278698938
-0.196938166642351 0.138950467018443 0.126842220057756 -0.156819771228628
-0.109509403374528 -0.0239764312034308 0.334220846351585 -0.206794340497033
-0.117927011649008 0.0625003553261685 0.350218436602505 -0.129421719748646
-0.0201061832575308 0.112992973534419 0.288856377904529 -0.159663608483803
0.0752529039969861 0.0500241110609234 0.147436300550834 -0.192331919778607
0.0709433278359468 -0.0286664570849932 0.0493694269158397 -0.196991640266977
0.0405113525275127 -0.0608577230719387 -0.0433586061866865 -0.205624947653627
-0.00836792162611857 -0.0681148214579458 -0.0854001123684174 -0.187032195417055
-0.0304061159375536 -0.0648451732472334 -0.0459606583000163 -0.168870130365891
-0.0262094060974317 -0.0659296416169956 0.0199518060885485 -0.198846780857002
0.00644478746132235 -0.0904024771442551 0.134762662616149 -0.194316621801436
0.0683788222065893 -0.0817247287557673 0.254258843160444 -0.0993996575290758
0.128039822648177 -0.013085930508584 0.240599836229223 0.106912746410937
0.0735982278121604 0.133047236092631 0.0723466748238182 0.171398171347747
-0.0904466747830362 0.127499552716161 -0.0637410699572533 0.0293139647354521
-0.137456368285777 0.0253290969949608 0.175022216954366 -0.163716103024378
0.0408623561176723 0.0638576751390571 -0.174982628598573 0.213920260032803
0.0424813591092322 -0.0379694326199668 0.117248999398523 0.0235956871472799
-0.0172051787826417 -0.0470929662665752 -0.0418204529612596 -0.196180094231093
-0.0374008322779701 0.0138443234704114 -0.256558992072421 -0.126012148270739
0.0032718095896315 0.0288549944064827 -0.290663924750183 0.114199210444557
0.0146062263628085 0.00657251893594696 -0.13233087513812 0.238400181874818
0.0141355867168518 -0.000897305749219096 0.00213726309398662 0.223350123996542
0.00810267791003855 -0.0166631706264779 0.0664290149649737 0.188205078557258
0.00139305948143617 -0.0173106797280099 0.102501296886792 0.181928791506506
0.00834163946440628 -0.0248473891246268 0.0730881564724318 0.210496186505432
0.0301968330385225 -0.0108197624290804 -0.013066784869476 0.223210159659809
0.024388610307145 0.00464910819041573 -0.126953712914105 0.194152868872701
0.0421414515150611 0.0216784673014392 -0.26786112191004 0.17371185739143
0.0349871545795317 0.0608981989859022 -0.350946741029429 0.13241826137861
-0.0265227387079281 0.110099560986975 -0.339589942409758 0.203467311510085
-0.047107455803224 0.145871294621892 -0.182981322629141 0.187989504192597
0.0352677267446943 0.07341587697212 0.127185652227551 0.0193087511225457
0.0404644226470182 0.0204935889851935 -0.0181141030381528 -0.210014229584261
0.0406255141233966 -0.00037062165357253 -0.254589371704589 -0.157195926717666
0.0576950380382876 -0.0255718477374301 -0.295734893084161 0.0936370894706888
0.0308738625292143 -0.0646912467886837 -0.142386787815397 0.220257555375452
-0.00575634298681464 -0.0657281301223984 -0.0101741257536686 0.208643762367988
-0.0154139123564498 -0.083096061974363 0.062230043424475 0.170477462680337
-0.0136793545992733 -0.0920976265200134 0.109882528208661 0.154248340441212
0.0407810211466238 -0.11945905415138 0.105927120304958 0.181427083335377
0.123642106803396 -0.0704956095329811 0.0425803904231781 0.219604482343746
0.140233824684905 0.0245405340518433 -0.0706710873265901 0.222186814716729
0.0955243285930932 0.145630904628452 -0.227692131542638 0.2029554384819
-0.0192522879536942 0.208875559634456 -0.30490474521618 0.136558098209914
-0.137716715570437 0.211848435860536 -0.279529765457072 0.173081332477072
-0.143681607084027 0.204187943828545 -0.15228440740486 0.131763424041425
0.00219068828749095 0.189141143953386 0.154782531581178 0.00272371853384947
0.0874212054959432 0.112099374215887 0.030350112062102 -0.230368469942908
0.128627600200806 0.00288751059606379 -0.227339547124523 -0.203193575186545
0.119476966865987 -0.074982342836696 -0.285935711422099 0.0494583425319974
0.0533366451521514 -0.13360041301044 -0.150321857590528 0.174709142767447
-0.0199399515684915 -0.12677282073136 -0.0295388858909062 0.166922469371153
-0.0369199010747986 -0.137377045500565 0.0485316043545066 0.126487501518667
-0.0318800338526393 -0.146114728544337 0.107156674143708 0.100013519720886
0.0491044305038621 -0.193111207278464 0.137805728508933 0.117355263151919
0.177064469794871 -0.136736769412199 0.116322587873357 0.17976017556368
0.229860798074432 -0.00218169751701142 0.0179469166413989 0.23462198011289
0.1730739862053 0.214657979279621 -0.158188245636161 0.233047049679559
-0.0273006300847596 0.321228753011374 -0.251376280542065 0.132997328638336
-0.206245533710971 0.28872184265354 -0.195927052766775 0.113066164984551
-0.228244992188443 0.226729532664856 -0.0800799984581442 0.0559205211117346
-0.055287237803468 0.283649975159444 0.197817363371926 -0.0257096911384315
0.108517813936569 0.212458996984968 0.0997329550056013 -0.24216349652747
0.209124189244014 0.0295188450705935 -0.164159961550315 -0.246062644043285
0.179228925018184 -0.107509805891467 -0.24621193397183 -0.0138809857050674
0.0788890915493354 -0.186198144152271 -0.145942251620347 0.101706237301384
-0.0290862767948854 -0.173078890755666 -0.0512751557144594 0.0999892468935451
-0.0543747589528739 -0.171188204602131 0.0279517101339662 0.0647847700974957
-0.0485784032994842 -0.173144779062485 0.0930813972929643 0.0301249804828468
0.039300593510263 -0.231416519065035 0.153238411385304 0.0334760547070054
0.18780830483378 -0.186200156826753 0.17806666462306 0.107722689320726
0.271845423477543 -0.047566403644766 0.109339058913882 0.214794481060393
0.234877177696256 0.22705509299201 -0.0777061144658007 0.239989284481848
-0.0123058182829468 0.372056251383145 -0.198688203149293 0.113798311145467
-0.233581975647474 0.324377795364615 -0.107655371336322 0.0347010033934429
-0.278368283674738 0.207461806299881 0.0250045725084851 -0.0297719287580438
-0.120530030682679 0.322619626366611 0.24766773279982 -0.0608374857355273
0.0906745163135667 0.285079564277444 0.172821843247381 -0.235095654126375
0.250206701395413 0.0714540635956782 -0.0710219775009563 -0.264003307052308
0.216732567745483 -0.112035503956808 -0.171874870579203 -0.0829808292377672
0.0983570006858123 -0.208500273437675 -0.125609929179228 0.0103112190955088
-0.0298250764265782 -0.194069951570509 -0.068022061613763 0.0177877027898513
-0.0648481049729662 -0.17966051958739 0.00361477779327806 -0.00552162664591331
-0.0580227771302848 -0.173101319162652 0.0694720906453523 -0.0431561199988032
0.0257659078991912 -0.230735970360962 0.150064846277864 -0.0494477386329128
0.170418437803379 -0.198898939358764 0.211804185425311 0.0273697838293783
0.265542186077206 -0.0729661008133121 0.176095342885409 0.172683205934428
0.246226907628788 0.209929620455379 -0.00941074352202288 0.220235536926057
-0.010154251407858 0.3630740988077 -0.153124520897751 0.0835248324859929
-0.230937015622392 0.306359138815359 -0.0241596907185915 -0.0478345427971311
-0.271771399178833 0.152290891846291 0.144079595773956 -0.111269981106609
-0.163823481809237 0.289059074026377 0.293073243101737 -0.0950935212326666
0.0460472545146898 0.292048055558421 0.231437948763333 -0.208480249429263
0.233255959683374 0.0990602367965443 0.026473939402518 -0.247382427911108
0.210076050215257 -0.0931637897850254 -0.0791658144181376 -0.137366682870551
0.0997310497052774 -0.190792767392009 -0.0927957894073542 -0.0812114045528441
-0.0263779823064264 -0.181050671823133 -0.0795185122317799 -0.0654300292273756
-0.0647630093369454 -0.160786858630795 -0.0210163895414178 -0.0725260723282901
-0.0569989452673138 -0.15074875897798 0.0429446008554637 -0.109505952892167
0.0157681136621283 -0.19829038543351 0.136003616141769 -0.118140091693779
0.140518774356857 -0.1761306614911 0.225253667084841 -0.0379054758546695
0.23021520926121 -0.069127549463228 0.211377559652331 0.129275116514601
0.210496623804777 0.185613577267598 0.0369630652352697 0.190422343091711
-0.0291537416547237 0.307334211010336 -0.115444089208395 0.0551077677994381
-0.213767541699171 0.241377589974539 0.0494067110014451 -0.114944335410505
-0.2096776098056 0.0735227537812315 0.248064771700802 -0.174871313085089
-0.160073134984172 0.194526209551544 0.324282342766965 -0.120066081576029
0.00695070623111046 0.225490950491244 0.263885690204222 -0.179440213475846
0.167060599039906 0.0884938492437196 0.0987642387763046 -0.21330609082503
0.155059485888525 -0.0640229285230886 0.000232559907758276 -0.172678405960606
0.0762759732080778 -0.138471548606452 -0.0639279071216767 -0.15437661966291
-0.020035071137342 -0.135290584314856 -0.0869794793300175 -0.132666961855522
-0.0537978226166735 -0.118916191359667 -0.0411304265934797 -0.126158558805645
-0.046634745121974 -0.112279640665064 0.0207397968298862 -0.160799375108472
0.00898087662040887 -0.147668228356568 0.123051184924498 -0.165534428008694
0.104055174586281 -0.13284045207826 0.231432104572922 -0.083367531178002
0.1800665818694 -0.0462623890744041 0.227665555023199 0.101276069042961
0.14904192876342 0.159093614614666 0.0631670828861902 0.167349375483014
-0.0590404352306315 0.22659186436961 -0.0839052080083425 0.0360536886650546
-0.18212046403987 0.144182591686638 0.112313549386402 -0.1549373315893
-0.106147582614138 -0.0158283106549414 0.3104529075644 -0.217491868745569
-0.109246606793668 0.0661153747714935 0.329128503976731 -0.140252519619475
-0.0129059901083858 0.107914339347584 0.27012165944874 -0.167081153974223
0.0741896436289407 0.0421477977884254 0.134302577756229 -0.1922014030773
0.0647348702709791 -0.0314379534398779 0.0383960200523246 -0.194146387444113
0.0347729379848255 -0.0614159795655514 -0.0545680234128729 -0.19500492441812
-0.0117612049890552 -0.0644573885230972 -0.0937135181090693 -0.171896122317583
-0.0334603972053847 -0.0592300908913101 -0.0548279726649616 -0.158127367223186
-0.0284705437836975 -0.0617486238819697 0.00712419142815081 -0.192545428920691
0.000885351051431803 -0.0873257466632326 0.117126011753686 -0.193530527106292
0.0609005359545192 -0.0815905243370696 0.238991589515002 -0.10925776562859
0.12131927913472 -0.0193266612176514 0.236791269782922 0.0885121498121994
0.0777635859282992 0.12221877252916 0.0762291633663101 0.15935811931935
-0.0807903588227525 0.128272113669395 -0.0608830602081452 0.0321623924755765
-0.130120873103855 0.0317197381253868 0.156963107646281 -0.164796704346136
0.00918884831997239 0.0752489806448557 -0.231713555241168 0.11762431588369
0.0514748752695537 -0.0156314874746391 0.0966502335779753 0.0612636146986204
0.00342126598239691 -0.0492863040799139 0.0383801036597001 -0.19120671644077
-0.037533480397211 -0.00151760996307405 -0.181468393095564 -0.209216977319691
-0.0059305666550558 0.0265419771493841 -0.301864077847736 -0.0103006430108455
0.0102424777378326 0.0106230652399465 -0.207582954375216 0.159835743883386
0.0126091038096695 0.00360443641868593 -0.0823658223546565 0.197200186356414
0.0126167384271598 -0.0120230903542097 -0.0112617488035193 0.191456748629811
0.00908547575262774 -0.015180828385988 0.0236706558203916 0.198238688794776
0.0174912567264632 -0.0190321216575057 -0.0127723278438163 0.216273187613069
0.0339916099693937 0.00194036695463079 -0.0973614625801815 0.192162572976923
0.0217077795041168 0.0159860565639845 -0.191516817186384 0.121780638441301
0.0300408602281454 0.0398228023530925 -0.303305702228181 0.0513345366984432
0.00601900936777288 0.0715501926057684 -0.362859445982479 -0.0127115517280121
-0.0670480019837951 0.0956682632558127 -0.386094589697422 0.0458725284135289
-0.106078532665872 0.112359898815957 -0.218175986188591 0.0983090472272257
-4.69007270326881E-05 0.0781003325912523 0.112669867386881 0.0632608857965047
0.0268093639673896 0.0341227871475095 0.0709020631136842 -0.196910269827801
0.0353989575342682 0.0170710998196863 -0.167044120494838 -0.241835124511742
0.0631218906960234 0.000155893884208069 -0.299887122735515 -0.0337603682726907
0.0514334661023756 -0.0460619918107512 -0.211577778170849 0.137998098610566
0.0200317765911891 -0.0602893023525868 -0.0886304026399897 0.180107209635986
0.0166603537711957 -0.0799828101080437 -0.00789426603494801 0.173711296385151
0.0225160719139455 -0.0866637989044756 0.04225686777492 0.17619417052953
0.07990817844631 -0.0929384870195066 0.0296155903704594 0.202905561190045
0.139338574542267 -0.018371288815314 -0.0447433426600284 0.210410287546936
0.118089286919446 0.075409769687584 -0.150708007573472 0.169505716141012
0.0356077333346672 0.171704854254632 -0.281609010130726 0.0939655546003026
-0.0937294490453523 0.185585739154686 -0.33166876573041 0.00751887608981935
-0.203654221377605 0.148457558682415 -0.323660878227737 0.0349966431111446
-0.218740486363604 0.123687042387174 -0.160738765496347 0.0690235658829149
-0.0755371455893545 0.165907308095341 0.149401893565319 0.0622500568079438
0.032364444354086 0.134677647746502 0.129081232709369 -0.197462484542631
0.110197358789408 0.0555321680078894 -0.12277874299243 -0.277438850866332
0.136345841292242 -0.0188640420909919 -0.274414017556728 -0.07344028658919
0.0980312075425904 -0.0974613356854104 -0.203561635132446 0.0916753434571829
0.0304523229283854 -0.118887204943788 -0.0914513127144161 0.135420945994164
0.017750283782 -0.136245025084365 -0.004848861343855 0.12974009817226
0.0266972928358139 -0.141311139885776 0.0616647385414605 0.126833824380336
0.113855970975645 -0.155797702254643 0.0831082821354811 0.156793116743894
0.210522852373317 -0.0600398311613848 0.0370860279511097 0.203433006367183
0.208399755852601 0.0837380235803326 -0.0742458117169922 0.216168857786113
0.0832455792742872 0.260577910022128 -0.233616013397726 0.147606971784656
-0.138152903989627 0.282869316321462 -0.2876639148846 0.0241838078448009
-0.292114136825896 0.193938395977304 -0.229441146648266 0.0102687383139269
-0.305009951736658 0.108651224406697 -0.0630110039174741 0.0380339567967209
-0.164518091850482 0.22516495514498 0.202900485259654 0.0577808076186205
0.010730757403193 0.231319883200601 0.202177637378018 -0.181324814378126
0.168582456695373 0.110453833314017 -0.0468801319862046 -0.295389004103076
0.201862406599758 -0.0235175626574526 -0.215076260748747 -0.118049580300682
0.140474491547635 -0.134172779490656 -0.172631274451381 0.0264314244496108
0.040440592518054 -0.162200753347292 -0.0852412638818166 0.067868095770001
0.0144245997979836 -0.172599105161376 0.00031157728939833 0.0673123836644181
0.0211552918246085 -0.171381071294835 0.0755673341685898 0.0589558541743518
0.118362260704672 -0.19323368814754 0.129496817283649 0.0867177134525115
0.236980419454579 -0.101870848738204 0.119564740479428 0.162995767161688
0.261908171368024 0.0569705937908129 0.0164784825057811 0.23425322192135
0.136334499419938 0.292614891753064 -0.164167059901138 0.186361802031044
-0.143302420965113 0.333575294167836 -0.23662421132333 0.0288231596172563
-0.327371944043725 0.216445875521817 -0.121051318107347 -0.0272289746634273
-0.341411515350513 0.0703255527448108 0.0628687921356027 0.00748203304885685
-0.23843727214454 0.23368833560684 0.261624759456578 0.0499806719905145
-0.0333828743602787 0.288706327401967 0.269071202563713 -0.143728906943571
0.187358261547607 0.163315440778283 0.0480137120117351 -0.278552292735625
0.234989099348924 -0.0122848048134125 -0.121370751447996 -0.15275050269874
0.165960459206178 -0.146093063905353 -0.119977117725897 -0.0480355795556471
0.0476581544515685 -0.180502119432715 -0.0703468207192304 -0.0117209578587395
0.00865266558060802 -0.183806702513608 0.00485323616584756 -0.00388848559360845
0.0130281734677867 -0.174452825523375 0.0819266572202996 -0.0148446642741198
0.105274403631035 -0.197567046097721 0.156964363206642 0.0113166389503858
0.22526472130955 -0.119942707527329 0.179727605870155 0.105830503871181
0.265287014580812 0.030542905658418 0.0930580523656856 0.222328924730885
0.153797464571059 0.279808638574459 -0.0961649269451927 0.195562871864401
-0.136242950911139 0.324784742391441 -0.185546416553114 0.0196260224256573
-0.319322076700172 0.199371035773471 -0.0139234489115015 -0.0675529904151433
-0.312362664813061 0.02295599291015 0.194336524507856 -0.0175598002690099
-0.262508387032447 0.184439660405233 0.312855298930821 0.0403282688483187
-0.0755661758119174 0.275808278413677 0.310331882711112 -0.0939293413065845
0.161690749119283 0.179424990859781 0.130590411504879 -0.223264755787006
0.220196832067492 0.00259671858213873 -0.0159253995679342 -0.165726099390203
0.160133990849524 -0.129374092311384 -0.0552048578302995 -0.116922393601533
0.0462499975851373 -0.168236690367059 -0.0491600204409908 -0.0891777482693684
0.00194522620251298 -0.166981966724041 0.00847007070983592 -0.0720116536478156
0.00496155029996889 -0.154787661282406 0.0819714482017526 -0.0837746896090907
0.0846312382218408 -0.17227306400466 0.169250068166547 -0.054672926234792
0.189586232819595 -0.110265292303765 0.216215578439672 0.0522064770290174
0.231823074421814 0.0212005172348297 0.141077822882831 0.198222352370845
0.129194536461854 0.244253486611456 -0.0439000253971592 0.185634322976212
-0.133438379940688 0.267524706048724 -0.139410865846221 0.00655844970656829
-0.279589415889098 0.144187358116681 0.0796303701888763 -0.0964156971598386
-0.221428285940847 -0.022291364481024 0.302435171723818 -0.0384653410423228
-0.219258987447445 0.103329271680284 0.344258389600411 0.0299836631001836
-0.0836827417257935 0.201016507214572 0.322619470543531 -0.0539443241804149
0.108522423721067 0.143278766890474 0.181836863944895 -0.161029981602499
0.159229409265767 0.00630370639725702 0.0695701566482159 -0.162903253869063
0.119201905238702 -0.0924172175246402 -0.000437302225299498 -0.167543128520183
0.0339205953611193 -0.125700251151749 -0.029637678337773 -0.15178980280632
-0.00406615818827401 -0.125709220421396 0.0105089770108574 -0.126906581597396
-0.000461460502258084 -0.117239847911609 0.0810223947784833 -0.136387763092205
0.0598306575268869 -0.129853745391789 0.174744825490884 -0.101373502889004
0.141268787338088 -0.0841536873038081 0.23802297142937 0.0155352853098868
0.178511331277266 0.023133985681966 0.165693294992789 0.17909384213655
0.0824291279418737 0.197436402292817 -0.0122980992842128 0.174200602914604
-0.1327220971708 0.184374845220744 -0.101246857822686 0.000391057359499705
-0.215918647270374 0.065400783182196 0.154424337675024 -0.104625364671786
-0.0894470062374392 -0.0593018614807876 0.361517474027944 -0.0592258400227141
-0.122991096556471 0.0127449671843521 0.34879203520977 0.0112861710015364
-0.0541328790943683 0.0885326528148198 0.314450317528006 -0.0407515555250973
0.0459132961865533 0.065830483285481 0.201842497644209 -0.124440374757203
0.0671469040202943 -0.000450798821442055 0.111762721726868 -0.162852287346823
0.0542211981174502 -0.0405953276696167 0.0250971684005388 -0.196760476393482
0.0145688611890968 -0.060931649399965 -0.0194220239802422 -0.188472976831278
-0.00842370678562693 -0.0652119354010027 0.0107692595603879 -0.160476263886216
-0.0033637388019949 -0.0662143858511996 0.0796549545529621 -0.168457771675393
0.0312146810661992 -0.0790302081432598 0.179533374879609 -0.12790004332255
0.0839286957592684 -0.0535845712691187 0.25363513427418 -0.0045228020292253
0.116631273641603 0.0249908957491494 0.176946211216108 0.171099781551329
0.0300753388280169 0.138780169112713 0.00281689005565659 0.170429725131643
-0.117924038376549 0.0886084206973788 -0.0751538429872855 0.00362271401506149
-0.127774355683894 -0.0184467430768288 0.202535201153565 -0.0919039435508672
0.0105045049662139 0.0741518277953079 -0.221993166800747 0.122353425284231
0.0496292236785433 -0.0166084182338787 0.0985709116500812 0.0553099015985029
0.00195458053624965 -0.0486611931682023 0.0338449477551265 -0.189668399702611
-0.0368668853872109 -0.000104938959015317 -0.18273741616402 -0.200231093222705
-0.00476821597221549 0.0265416948109866 -0.296747505970028 0.00176483047318169
0.0108535853786632 0.00999735456603382 -0.197733701578601 0.164740822074427
0.0122420608246209 0.00223155229921672 -0.0726884685421423 0.194661165801238
0.0117964971863956 -0.0126622758812892 -0.00325105537466646 0.187373551649251
0.00780120546726776 -0.0157914464289199 0.0317949357968496 0.193465147176003
0.0172663438727997 -0.0193989499301697 -0.00302931911424748 0.214066200723657
0.0340400840742621 0.000251889900010996 -0.090232370826335 0.19276878109707
0.0220580720664066 0.0153327207533902 -0.188172839207855 0.124035057796181
0.030682663412442 0.0375375885781793 -0.298251998189677 0.0598426235802204
0.00682714408079585 0.0698757419044673 -0.355665881870601 -0.00496982862315247
-0.0638899730904618 0.0976429694855526 -0.37948877006486 0.0551271380734129
-0.102249025106473 0.114362163292285 -0.209583169832758 0.102862387189561
0.00222505701099291 0.0771352406418361 0.114072758041021 0.0563955085869822
0.027590158598487 0.0330405703815624 0.0662394038812435 -0.195908059171744
0.0351937670259133 0.0157937210256115 -0.169690707020453 -0.231122492396219
0.0618950570157439 -0.00228421046851428 -0.295535225343068 -0.0223337509281609
0.0486071613429616 -0.0471005499197444 -0.203445535462319 0.142307142470401
0.0175880207386383 -0.0607963212394973 -0.0797614342010907 0.178863162154716
0.0126834541143753 -0.0788760053331523 -0.000528266567385676 0.169846809892083
0.0194253478990563 -0.0860823663009361 0.049161113608851 0.170171538020828
0.0754019473322663 -0.0947135218050634 0.0383980775926539 0.19840876660278
0.137021080228884 -0.0243127954381252 -0.0363135983776985 0.209743308757771
0.118663805814637 0.0707041883138235 -0.145145411917811 0.169534051211712
0.0405314738566274 0.167928270466697 -0.275849462204472 0.100660331913857
-0.0878973080473829 0.185670090265888 -0.324450321529109 0.0135393126546693
-0.198646731280641 0.153245829656787 -0.317452442867502 0.0423535253463077
-0.212775245091257 0.129341718250195 -0.155661354460873 0.0718894469384693
-0.0687346536886139 0.165660575538323 0.150526108923758 0.0549738781378177
0.0358678767207456 0.132152082572793 0.124795191737182 -0.197501024281889
0.10949432025403 0.0506443195624834 -0.127443454630179 -0.268134693533231
0.133862227085651 -0.0237351836445828 -0.271980904140049 -0.062394290664084
0.0920569554638715 -0.100080531944315 -0.196623530600082 0.0970955790799563
0.025641970855644 -0.117923703085376 -0.083664926111247 0.136031432744621
0.0117980828077788 -0.134194708452675 0.000455182773212826 0.126718484508502
0.0213357163140571 -0.13909580415266 0.0665777138752649 0.12059996619453
0.106124968545455 -0.158185494102883 0.0888270723963257 0.150922358447956
0.2051179070232 -0.067955119635871 0.0446337012296242 0.199632313425745
0.207155540756113 0.0754627635653959 -0.0679491606145382 0.212705678012956
0.0908541497157055 0.253833397452548 -0.226306364627717 0.152154341577395
-0.128554598301187 0.283290575351206 -0.281636903638011 0.029698436884216
-0.28578218172566 0.199854999901605 -0.226107419818043 0.0163006568849308
-0.298650596900858 0.117158414139886 -0.0612155605582004 0.0380952253126628
-0.153825750288028 0.226615417827194 0.201351764254866 0.0497578139058223
0.0182168969397202 0.227732725046301 0.197141256667067 -0.183129779107397
0.169213105454254 0.103328872742019 -0.053430028002297 -0.288176508406702
0.196623731917611 -0.030941030140217 -0.2134390175541 -0.108850317787515
0.132466608357354 -0.138274203358024 -0.169074788674528 0.0320610402188975
0.0347086557928959 -0.160437504380685 -0.0810900224685291 0.070779697441471
0.00708320755575241 -0.169942573543503 0.00260648803570696 0.0651202630642493
0.0156744076426414 -0.1681203262086 0.077791505984624 0.0528716130040228
0.108811452080681 -0.195297876881041 0.131031996957878 0.0798064312602374
0.229027408219536 -0.110357101493007 0.124994862385766 0.15718059404743
0.259040690625061 0.0474558246888302 0.0227480392627833 0.227185352300855
0.143761271746651 0.283409287474667 -0.158191067980298 0.187273174699489
-0.132064244454204 0.333875571464838 -0.23188119330789 0.0326492163600986
-0.319296229224184 0.223731414850214 -0.120555094247277 -0.0235844941117344
-0.335833345521261 0.0814745217263464 0.0624573702297771 0.00444268516488656
-0.225024882525543 0.235861398956288 0.258063807098987 0.0419584622321835
-0.0235501584272351 0.285607727522691 0.264390338144042 -0.147428814897115
0.189762469524328 0.154056803301725 0.0399880973588864 -0.273595344884157
0.231001640910165 -0.0207384142669622 -0.121579946808713 -0.146653997392745
0.156638033367481 -0.150439065787146 -0.119810939600118 -0.043789073760403
0.0411306409131036 -0.178981710996104 -0.0693606816563672 -0.00727804305898283
0.00124210753265504 -0.179193757430456 0.00385193861328649 -0.00454441200553122
0.00747481541662773 -0.17077895321931 0.0808966863910508 -0.0200033003332548
0.0966479101241478 -0.198524118113806 0.155017265054453 0.00420292984609036
0.216546319884463 -0.127144614704806 0.182828559171938 0.0985415835036434
0.261600512500732 0.0210706464544607 0.0973894652684608 0.213147512832563
0.160862841351042 0.269317190484803 -0.09106294463879 0.19343710235223
-0.124089924798035 0.324194137943625 -0.182836428515227 0.0226016697988992
-0.31172088599706 0.204820569703052 -0.016607063590483 -0.0653229249473177
-0.307497262392333 0.03300954800036 0.190680515639542 -0.0233663335913257
-0.251523244663789 0.189853129712493 0.307025237399971 0.0321286924361903
-0.0654288688698538 0.274229219526989 0.30516555917488 -0.100359238620706
0.164420908926808 0.170931045664555 0.123958221515889 -0.222599017853798
0.216339222354755 -0.0058063827106833 -0.0177263998904967 -0.163532747520612
0.151449737227538 -0.13446554876034 -0.0584095573705404 -0.113183021175356
0.0397184017103141 -0.166373123684193 -0.0515393489779632 -0.0843396093435916
-0.00536441277780353 -0.163168526733295 0.00515271447368077 -0.0711663610743135
-0.00024802569448631 -0.151485119340266 0.077863875483639 -0.0862771138909062
0.0768131148918573 -0.173251223943412 0.164830746891048 -0.0602840618569311
0.182106528011578 -0.115881261092177 0.21681963322811 0.0443326042628471
0.227308966716446 0.0128952336756634 0.144843733035216 0.188558411746343
0.135417918086449 0.23529379962839 -0.0393482081420636 0.182581596880052
-0.123518259722759 0.268944012190763 -0.13878938456345 0.0100742935895414
-0.27321535027001 0.15046089580384 0.0744976988505297 -0.095732947946293
-0.219392802682954 -0.0139914976207873 0.296358210936572 -0.0461620349061092
-0.212088624846396 0.108363451886228 0.337644325664943 0.0214078216793045
-0.0758697453410314 0.199675828992772 0.317122007511164 -0.0609364550938791
0.11080619614301 0.136916320027399 0.175852534860774 -0.162505126480572
0.15590309660571 0.000563290576708467 0.0666849890900838 -0.163815322355963
0.113459405347639 -0.0958402105407872 -0.00645305369167202 -0.165884709537946
0.0289246101476756 -0.124536748833405 -0.0346905495553857 -0.14702899404897
-0.00902343988668964 -0.122089513929578 0.00550818368571304 -0.124346375804214
-0.0038338788509382 -0.114345935237954 0.0743922977571499 -0.137596956309407
0.0544464042790953 -0.129969141156921 0.168176324383461 -0.105591250845197
0.135405268099972 -0.0877516114854557 0.236669130750508 0.00726527647227412
0.175372026553943 0.0167837339716929 0.168958399614591 0.169400826937874
0.0876382713002566 0.190393486564554 -0.00808083984588735 0.170241607228189
-0.125358906495825 0.186101443715947 -0.101860925256487 0.00264182760866827
-0.211486850387318 0.0714213576592654 0.147686825230591 -0.106659016071934
-0.0899009102993818 -0.054626289803842 0.353912453819656 -0.0685255317004978
-0.120284440480301 0.0163214974112119 0.341073679122049 0.00350695281708845
-0.0505723254153881 0.0873261955340486 0.309138341770777 -0.0477827625928397
0.0462848959257943 0.0620232252887482 0.197733266996301 -0.126965601585465
0.065328288442305 -0.00268305041897955 0.107562625997333 -0.165220843187436
0.0510195740456133 -0.0425229795323129 0.0173282744393874 -0.195241249727648
0.0124766483562808 -0.0604014818390625 -0.0265356726864349 -0.183588763359735
-0.0110881018954885 -0.0628625046843261 0.0047578003939417 -0.157105239288224
-0.00559482584189944 -0.064629285214282 0.0715552282084623 -0.168677442599381
0.0274992714382295 -0.0785407285153839 0.172016608755761 -0.131400246623657
0.0803102795616189 -0.0549446882077369 0.250351012820286 -0.0128602937702156
0.114745652401152 0.020608236574545 0.179789090310993 0.161942975550351
0.0339852806049344 0.134961527837165 0.00608215322839574 0.16740310998788
-0.113734733354931 0.0915052164992713 -0.0761316881177024 0.00597324695273477
-0.126355125797223 -0.0139536825922526 0.194920789097282 -0.0956096905681489
0.0132163216563783 0.073382830691854 -0.215084108797809 0.131190163959929
0.0476459099517953 -0.0182213562105856 0.101132984318984 0.0478218833808093
-0.000977819498731137 -0.0486716971521828 0.0263902103450845 -0.190541339686962
-0.0362941147143941 0.00136686615739112 -0.189328414665573 -0.19090738126789
-0.00291474321518551 0.0265842584806549 -0.294867172321728 0.0166421323640474
0.0112507419058579 0.0090145169400163 -0.188231164441979 0.172899930327906
0.0115361148347482 0.000303667241272304 -0.0628276748089031 0.194867416939321
0.01098531688302 -0.0136377878848396 0.00661403151436348 0.18592184005112
0.00778370056324195 -0.016353899353858 0.0427219104985791 0.189836177987081
0.0163050530150268 -0.0203147963754006 0.00892438433713691 0.212903998908102
0.0338347056545 -0.00190749202900293 -0.0816420982998092 0.196882165849611
0.0229464987892071 0.0150543747905146 -0.185317866508416 0.131426317969032
0.0316321236961045 0.0357446274019807 -0.295034521582849 0.0728385876264192
0.00859938837702977 0.0696698514450449 -0.353000927121567 0.00722382623303955
-0.0604225214432798 0.10048103740556 -0.375706424585516 0.070326984572999
-0.0974992392131803 0.119498903464276 -0.203798745526432 0.11092661699754
0.00554639307065139 0.0766927827838595 0.116666294427583 0.0484691199577092
0.0292601414617291 0.0313117873485626 0.0601008521046564 -0.198565808750645
0.0355596771151243 0.014190372417535 -0.177601309000421 -0.222775463432753
0.0619092631924649 -0.00531497714444146 -0.293899233220387 -0.00642284520849123
0.0457671957292082 -0.0496488458216011 -0.193989728354995 0.151905566559621
0.013953357064855 -0.0620607215529945 -0.069546785040838 0.180186576474027
0.00821779504263787 -0.0794332030242084 0.00816652590700368 0.167557572612905
0.0150378338172168 -0.0864619004913713 0.0591689749447697 0.165179527651504
0.0698106658109171 -0.0985373689068492 0.0494582438459451 0.194609056874718
0.135047619614328 -0.0320493843229523 -0.0259905625193618 0.211082961242647
0.121245925113356 0.0654623375976818 -0.140311633134522 0.174308250174644
0.0484586391263578 0.164890291471911 -0.271035988487889 0.112273948137146
-0.080245101892755 0.188971096668919 -0.321496242329861 0.0247714441876312
-0.192966747172432 0.161649713073189 -0.315364733509603 0.0549683758626648
-0.20719742037539 0.13975700230414 -0.151443124623906 0.0778368729644032
-0.0607777017001484 0.167524446205248 0.151826648345716 0.0468298097353305
0.0420534466747114 0.130246149039185 0.11903942450091 -0.201597403614385
0.110923785954228 0.0451991776205099 -0.137551187433818 -0.260506967435455
0.131301944567865 -0.0309509134076175 -0.271707425977734 -0.0488852466759898
0.0858721465787042 -0.104421734633436 -0.190331314490323 0.106266409993297
0.0199347613626992 -0.11902264587275 -0.0760980722134055 0.138250865478157
0.0041317991491252 -0.133531882425498 0.00689419418474029 0.124888375800521
0.0146180498018978 -0.139221102524919 0.0730209693431521 0.11423183873563
0.0968958952920303 -0.163363796201372 0.0973997531182776 0.145140600802263
0.2005665076451 -0.0795979588460593 0.0557163040165614 0.197356979997207
0.20990886193224 0.065745599983895 -0.0607926002467223 0.21318718477017
0.102262455279003 0.248720250755148 -0.220954956464515 0.161102764349051
-0.116296487340981 0.288732729064306 -0.27881541090039 0.038822751208382
-0.278568962986594 0.213440224261065 -0.225376761117423 0.0250258672291123
-0.293432878252286 0.130989091299031 -0.0597544071465822 0.0398495459250766
-0.142199149954615 0.231723993034631 0.202471899323301 0.0410265885868146
0.0292181677052897 0.227154484556568 0.192873794465843 -0.189688342948585
0.172562413032592 0.094581018133363 -0.0646206116828612 -0.283225364915696
0.194514141436279 -0.0410152869260759 -0.215599747738074 -0.0981531781602308
0.123829062166405 -0.144542509095163 -0.165983910341514 0.0400222387654112
0.0266431514077788 -0.161417094110385 -0.0765899205351175 0.0744692213072813
-0.00196229243913838 -0.167927304308101 0.00562848370616982 0.0642723968583572
0.0074207756392436 -0.166980822835506 0.0803499660560657 0.0465382349696182
0.0972038887459547 -0.200471902188822 0.135647713196239 0.0721286540209789
0.222621070491568 -0.122691157628457 0.134187026565557 0.151101593399209
0.259802824577917 0.0350717248318393 0.0316490824182777 0.223086133724835
0.157234967539938 0.274639801279641 -0.151399847337514 0.192031408488507
-0.115718652890982 0.340152351154845 -0.23135665699556 0.0399034506469422
-0.311675966080318 0.236592049331597 -0.122163269098156 -0.0179736887704544
-0.331127127535051 0.0979877089595654 0.0617732869565198 0.0012852338828648
-0.213363761391417 0.245292254726668 0.25774538326513 0.0316012955458133
-0.0109202859777036 0.286293011368864 0.260635032075839 -0.156999652358974
0.195591050996685 0.144267587330534 0.0298352901354778 -0.272787195008766
0.227946719216445 -0.0322589640218267 -0.124808394050871 -0.140622165435795
0.147221517869969 -0.158426887551409 -0.121034575376218 -0.0378064131640214
0.0323001141162935 -0.17966462536324 -0.0687259120807109 -0.0028084410022343
-0.00886979220003295 -0.177570454327475 0.00317308707148517 -0.00478447067464382
-0.000282742233093937 -0.169663536459392 0.0792715719852054 -0.0259799441187377
0.086065378399628 -0.202482993749398 0.155514223395234 -0.00396198487920137
0.209495888898262 -0.137772295076824 0.18916549166378 0.0899116616302364
0.260506334417992 0.00906540253254755 0.106281614216292 0.205763031252608
0.172828116226127 0.260399825423852 -0.0843378681708013 0.19525148331676
-0.108770417028916 0.329455399545901 -0.183545172884992 0.0287982498004732
-0.305037069199649 0.21830545626949 -0.0202806209007325 -0.0635065998134015
-0.305082359628193 0.0481446133908375 0.188368330828156 -0.0319253302930592
-0.24081294387831 0.199735034987654 0.306120663712898 0.0203285073530984
-0.0525260054786597 0.276290284899645 0.302721276579365 -0.111267014416698
0.171253703549764 0.16224248617583 0.114823248539859 -0.225255968230958
0.215014674876648 -0.0172680725239999 -0.0216264813438886 -0.162789611871244
0.142990974616521 -0.141536358964342 -0.063702190687533 -0.110467688771116
0.0317322393371334 -0.167378869998501 -0.0552646724899512 -0.0806332480171552
-0.0134011304009224 -0.160589908613898 0.000759512736603085 -0.0707160406400863
-0.00650290223718241 -0.149967745255841 0.0728513661093499 -0.0916891250971458
0.0675647491963416 -0.176494079815745 0.160536175384298 -0.0682752292047644
0.174710582747153 -0.124296306722787 0.220197028764814 0.0339690333234038
0.225799847968761 0.00293812222931549 0.152208357665651 0.178434719024719
0.145350984836268 0.22669677981082 -0.0345704260204477 0.182707089423734
-0.111252884408483 0.274052540774102 -0.139881391699708 0.0149728205282617
-0.26789851623554 0.161711516442039 0.0695818997154934 -0.0973387772417096
-0.21925633809768 -0.00244220402482626 0.292871401317545 -0.0585236738568658
-0.205998795824839 0.116870466849979 0.335397011558473 0.00991248100781909
-0.0666267407087257 0.201579162833181 0.31500346985099 -0.0721373530961589
0.11601386700386 0.130342083357641 0.170516367202215 -0.168075773230983
0.154952607821455 -0.00713439685853896 0.0621007944132798 -0.167332923926297
0.106758296025151 -0.101345637161424 -0.015046317034976 -0.165004287409396
0.0228786146129811 -0.125419585339529 -0.0420472045754233 -0.142742610321616
-0.0159419528238882 -0.119520668415324 -0.001655338513729 -0.123656006498258
-0.00884566515175276 -0.112688316080513 0.0665400259214313 -0.141284551500638
0.0471746918473769 -0.132383448817197 0.1623711126956 -0.11298998044585
0.129811493957192 -0.0934421336622203 0.237629454334602 -0.00358895569342265
0.17419189881253 0.0088430708560103 0.175768511395348 0.159398204666338
0.095455412717348 0.183675172639296 -0.00313763304483052 0.169104932411415
-0.116113238602564 0.191976205370387 -0.10321262650023 0.00717971059700777
-0.20897955647848 0.080325373965031 0.14180816697852 -0.11141887584773
-0.0918027861770528 -0.0492425770831667 0.35109884077844 -0.0824894967994106
-0.118874193275387 0.0214618662011768 0.339005100711557 -0.00646823201400076
-0.0464561142813025 0.0884694522394193 0.305678738025924 -0.0593312879568626
0.0477738914628203 0.0586651563317511 0.19372655589834 -0.134050001437548
0.0644203229665303 -0.00542194495428081 0.102269916783881 -0.171347656272466
0.0480598508646138 -0.0444557008867032 0.00697215086953394 -0.194954965080304
0.00899303861312851 -0.0609370685828109 -0.0364878467681883 -0.179470215657289
-0.0147592911037975 -0.0608080662969823 -0.00360455332812206 -0.156064782703503
-0.00903113906470814 -0.0638005921603441 0.0625724901225323 -0.17121536432714
0.0227842232846371 -0.0802474668757044 0.164780510802308 -0.138445620494763
0.0771826894937799 -0.0581738625280515 0.249838135561455 -0.0246550451395839
0.114309356216381 0.0155532327616489 0.185720423468079 0.152967562917486
0.0398786961108571 0.131538451012756 0.0114792423974029 0.16510421262593
-0.108663054068407 0.0975574877382083 -0.0775746326017515 0.00961595488791542
-0.126301405750164 -0.0081449802479054 0.188641473315074 -0.102962433909056
0.0178554547675284 0.0718202146479827 -0.20276502758885 0.142422033645874
0.0454058741096295 -0.0207652260677278 0.102758007793051 0.0389142233129761
-0.00409345520205794 -0.0482071962593457 0.0142208145476005 -0.190067354344664
-0.0352651506255469 0.00387342997154407 -0.197016416391083 -0.176453091602538
-0.000338554857899387 0.0260775381056482 -0.28850312782334 0.0379179518040048
0.0113979935671074 0.0075190669404634 -0.172637660738338 0.182269637683012
0.0110439750744678 -0.000900815383541808 -0.0487316518378522 0.193846666794287
0.00959336185092339 -0.0146399411091391 0.0197867940304282 0.18140283405512
0.00648417959404215 -0.0170788097486961 0.0559625093743657 0.182103241157422
0.0149366033873397 -0.0219103472586863 0.025140696413553 0.208122088859455
0.0339972246121137 -0.00445262859399716 -0.067383394395466 0.200737833002723
0.0238564979326778 0.0139600328189282 -0.178003247675281 0.141689522321673
0.0335158248359699 0.0327322007544621 -0.287027002776445 0.0910011576889919
0.0117824819010321 0.068084439322321 -0.346751708972549 0.0270582084272729
-0.053095660684014 0.104090959929516 -0.367474245280876 0.0920602682740839
-0.088704399675468 0.124512255255078 -0.193723561705255 0.122077015479783
0.0106137307689614 0.0754119103044985 0.118271333792615 0.0386648051205608
0.0304571347276842 0.0292642084863056 0.0484464874022198 -0.199592146750794
0.0356879459681365 0.0110920600631196 -0.187866237314987 -0.207211321904377
0.060297714318714 -0.0101997277584989 -0.288952966924446 0.0140220382227598
0.0407169365428831 -0.0527604887214848 -0.179567393233792 0.162098520182305
0.00884825023372421 -0.0621323745803375 -0.0557198704865192 0.179947471443372
0.0018661589734367 -0.078537459289482 0.0201368858721616 0.16375562529123
0.00858190511131862 -0.0862678755978663 0.0709031684113262 0.15647082351495
0.0620370402077059 -0.102323972253464 0.0642030427071103 0.187440199877304
0.130592185271109 -0.0416714681064984 -0.011100999150924 0.21033093091819
0.124185607655239 0.0568909764177921 -0.129957491861856 0.179942833745904
0.0580046612172034 0.159030912975105 -0.2611953291738 0.127896886260538
-0.0685833857678083 0.191785504233458 -0.31481755875162 0.0420025004308664
-0.181647846822301 0.173134172082676 -0.307936739698186 0.0734802268309614
-0.195510060889184 0.152665635636097 -0.145078694913438 0.0856350580715565
-0.0483397538980188 0.16867824911722 0.152694609051039 0.034967080711303
0.0507938959765894 0.125569077213662 0.107525804936172 -0.207155117901253
0.111821364163657 0.0370033310295516 -0.150531188840941 -0.24699863177676
0.127053170755287 -0.0396358523208279 -0.268530847553871 -0.0298024441898081
0.0761331473828515 -0.109321214695434 -0.179111886394321 0.117015602523789
0.0109435428130868 -0.118570137158157 -0.0644228556282464 0.140792978147145
-0.00535440910892451 -0.131155024621894 0.0155766728739527 0.121971764465128
0.00531176276076081 -0.137615855082242 0.0805596245412032 0.104974969727141
0.0834930983130907 -0.168208665941935 0.107459936288141 0.134923926916286
0.19200930430707 -0.0943459850960458 0.069225509725651 0.191563729226263
0.210529116798836 0.0509830845868129 -0.0480573487754532 0.21326942948432
0.117549331666756 0.23805046536074 -0.209314341941544 0.172154841766933
-0.0964941925844696 0.293380309150346 -0.272943252101398 0.0527805527100968
-0.264251440302634 0.228961775117533 -0.220854811633712 0.039630278179375
-0.280671662655281 0.150433708352818 -0.0571101577426739 0.042557444896407
-0.124770425889954 0.23732790089244 0.20161989123028 0.0276207409063538
0.0439952687866855 0.221955319757314 0.181342387009411 -0.199761576844386
0.175755363923622 0.0818463859608018 -0.0793010190311685 -0.274063467846148
0.188420165679568 -0.0544280615343724 -0.216209007158709 -0.0830301871414816
0.110516724933849 -0.151448490166844 -0.160031526452872 0.0505580712434911
0.0146378800896152 -0.161111211084599 -0.0694808154146492 0.0782683714297558
-0.0142101683534863 -0.164460623856199 0.00982371227016599 0.0627921030872563
-0.00297516979987441 -0.164706111491703 0.0827556332885188 0.0377222005400804
0.0811879573241025 -0.204694536833827 0.139838588088649 0.0606971149073901
0.210307591753476 -0.137160701626987 0.144786393945098 0.139989250891973
0.257076662249171 0.0172536138546729 0.0438209322654576 0.216569441640161
0.173832843919002 0.259834838480221 -0.139259157168137 0.198674941003303
-0.0918526455917249 0.342672374052103 -0.22639134225695 0.0527473065546933
-0.295356328169335 0.255627220967815 -0.121949688970102 -0.00933710569993119
-0.320772860668837 0.118920836538278 0.0593244707667718 -0.00287322447069765
-0.192752482203388 0.255887344485027 0.255485387705598 0.0154171807332112
0.00878858097075939 0.283106647391253 0.250417666851863 -0.1703375590171
0.202173349290029 0.128939114508519 0.0135996274635037 -0.268659762092402
0.221943383808743 -0.0484995152271466 -0.129212483100976 -0.131864452095058
0.132354189805067 -0.166434276623673 -0.120992112771097 -0.0292176014538378
0.0191255954320682 -0.179313332040436 -0.0674394221158481 0.00246064094998555
-0.02145765458271 -0.172695864398158 0.00250528623961558 -0.00485097712992151
-0.011318275024189 -0.166626043261763 0.0761222222827368 -0.0328109361361802
0.0691868416349235 -0.205950552998475 0.153240412915607 -0.0152754511564968
0.196072642390684 -0.151378767599507 0.194982211766067 0.0755027239036929
0.256326927305653 -0.00852313566288986 0.117256181402858 0.194379124472499
0.188123834231887 0.243692714133516 -0.0731325434924365 0.19661665029256
-0.085990340295145 0.333209321151985 -0.180856970099014 0.0390818306919408
-0.288560188946593 0.235328969173948 -0.0249015621553196 -0.0601681022184122
-0.297601076579839 0.0687143595880512 0.18352667221662 -0.0427871431855399
-0.223758691481289 0.211440655644557 0.302044560879631 0.00258768050449997
-0.0332474222862598 0.275559473246421 0.293863980971848 -0.128503040108467
0.178746277429031 0.148246952473685 0.101628154166282 -0.227348288717593
0.210216323896279 -0.0314309541925336 -0.0291095130350827 -0.161017866175949
0.129359853107848 -0.149490148383071 -0.0703892009563436 -0.104861784636057
0.019361926668733 -0.166889156908279 -0.0598275941408712 -0.0739807900269004
-0.0250347009391312 -0.155479599909187 -0.00411043975231783 -0.0692633274242414
-0.0157188414884224 -0.146364643068351 0.064795851044769 -0.096270446905935
0.0535960220408487 -0.178418817968422 0.153439627815791 -0.078626334541788
0.162989064950308 -0.134827994122583 0.2211678843344 0.0182338676247911
0.221822728780415 -0.0128185424148083 0.161341264964734 0.164470959927496
0.158530607524297 0.21192318331977 -0.0242564278312618 0.180855656765083
-0.0913009249033735 0.278208850612977 -0.139077746325778 0.0232926443886232
-0.254796653777733 0.177862470546391 0.0618101380486661 -0.0995908493084601
-0.215786042624762 0.0129166299206594 0.285186692984899 -0.0753895856360458
-0.194572386150379 0.127949368538756 0.330626764843465 -0.00908105635657835
-0.0527080037188066 0.202831523457282 0.307647049463534 -0.0902720233830648
0.122023310909291 0.120143860190348 0.159892320795682 -0.174697551089996
0.152035150870609 -0.0176172004393958 0.0522849195120708 -0.171008054599815
0.0970159052465805 -0.107417912795212 -0.0263477976594086 -0.161909201764249
0.0137156563173211 -0.125196334015024 -0.0517146840653614 -0.136422800771885
-0.0246399056828326 -0.114725826450152 -0.0101531344302146 -0.120350234652131
-0.0160818866692858 -0.110085800280352 0.054809542254181 -0.144170664309619
0.0362468030503497 -0.13404187383222 0.152093905718957 -0.122556304371733
0.121211211682181 -0.100853705459325 0.235624995096776 -0.0199319117742179
0.171435870040587 -0.00290049451211284 0.182964008853108 0.144088133802723
0.106234662308718 0.173217829539706 0.00512846623603791 0.166115586315493
-0.101723992773375 0.19784581461112 -0.103267022459419 0.0142685368751659
-0.200685212916687 0.0938912151119242 0.131554760610529 -0.11804679871602
-0.0926927058178482 -0.0413178756767156 0.341014241502373 -0.102418667495834
-0.115306598871389 0.0289442295341039 0.333205656912757 -0.0247920083622067
-0.0402458012733052 0.0892683148802086 0.298724094072076 -0.07587321852055
0.0499698684823401 0.0543372164562252 0.184510689922091 -0.143316374184789
0.0624717480256694 -0.0094022593431499 0.0918932983342707 -0.177522377547281
0.0439812551891259 -0.0471576702322724 -0.00641239044638621 -0.192889702275276
0.00439430913939474 -0.0601921126232423 -0.049240645112316 -0.172843097561503
-0.0190009349284051 -0.0574826521251898 -0.0147546923390189 -0.152354701300176
-0.0127543176197361 -0.0618754852738842 0.0487474508823587 -0.172571170097371
0.0159878268494821 -0.080441281661947 0.153204315794724 -0.146935163180078
0.0717934895567371 -0.0616680078432613 0.244617173257638 -0.0412248613004117
0.113019787146967 0.00784279773330123 0.192668509163447 0.13769262385595
0.0478273640943057 0.125901454924124 0.0199648860461135 0.161620239830695
-0.100324555894915 0.104472241281636 -0.0779858514992344 0.0158408321879834
-0.125147807333443 0.000805352321694246 0.178573099684198 -0.112843602923972
0.0211371818363207 0.0677488725569944 -0.184460998332919 0.14933346413007
0.0414829199153243 -0.0219903240801097 0.0999594392523648 0.0291998341534409
-0.00752729078842202 -0.0460092687344223 0.0021632342633275 -0.182933659440644
-0.0333696424929776 0.00629135078510654 -0.19792002245769 -0.157049924942559
0.00178148790649207 0.0249557078213841 -0.272296056101959 0.0557283275881728
0.0115914469747028 0.00629353735953516 -0.151448168226715 0.185911137438224
0.00967387594812195 -0.00212243024781609 -0.0337451001011999 0.186039709563512
0.00783777081122944 -0.015295276621389 0.0319333472859688 0.171536282505646
0.00478748777885327 -0.0169165454442699 0.0671888577607654 0.168038368272934
0.0129481990444963 -0.02195569415402 0.0399244287588123 0.197353515751966
0.0320181577339199 -0.0072487390615711 -0.0514551200741916 0.197784982368982
0.023379920967222 0.0123298916354395 -0.163814428850983 0.147957104258197
0.0338293911676113 0.0287457369968698 -0.268670020172777 0.105967143891062
0.0150569816350899 0.0644296351503521 -0.330685114024877 0.0453940041739281
-0.0444863139394077 0.103262727974847 -0.346182302432169 0.110846721359851
-0.076963059173546 0.126128525762134 -0.178210974849679 0.129705684358678
0.014747855095056 0.0711877403063783 0.114796250286268 0.0284308377746213
0.0308693674139058 0.0255700812928762 0.0347297839582108 -0.194571123816106
0.0344577979796465 0.00811022740173245 -0.191544571211873 -0.186659836890584
0.0570774060114104 -0.0144630422542316 -0.273067898352427 0.0323466124060431
0.0349782921170246 -0.0536311899819657 -0.159695532242072 0.166887327048377
0.00368629379097395 -0.0601219399304133 -0.0402341513724817 0.173978120983738
-0.00393047227835784 -0.0755073776650989 0.0308817349333225 0.154138181537879
0.00228495932943693 -0.0829418786445477 0.0789335982445967 0.142712675950674
0.0513085127204442 -0.102803400240314 0.0759969172564578 0.174004541770561
0.12205452928278 -0.0502216309900627 0.00449602342036268 0.203536917395218
0.122751599445884 0.0459674838633065 -0.115949897195896 0.181284219127521
0.066440442711947 0.148645672908668 -0.242458218282945 0.139605936613385
-0.0535967583500066 0.189039623797832 -0.298971475700606 0.0580500812944217
-0.164256948645813 0.178445326412318 -0.290494246387049 0.0904391109799629
-0.177536618251477 0.160474346092289 -0.134539202557785 0.0915196496722595
-0.035139944980854 0.164601935698724 0.147666390485223 0.0236103235133092
0.0572152679124378 0.116575145798104 0.091750490527796 -0.205520855189477
0.108996347394428 0.0279254164060202 -0.158174299911351 -0.226105229184154
0.118644884305377 -0.047526432406297 -0.257454495178062 -0.0107358437477976
0.0641633945357418 -0.109979992292387 -0.161912779165805 0.123979257570116
0.00185266304039056 -0.114579307191936 -0.0513070752597688 0.137558601042037
-0.0150070404280555 -0.124926130634096 0.0239437121840836 0.115264687471698
-0.00451670016220922 -0.132107718441064 0.0849371601887867 0.09255703333755
0.0672328673722374 -0.167799582743922 0.113756801914946 0.120257472250129
0.176443875402587 -0.104513249778854 0.0810320139377088 0.178915091445892
0.205585729343235 0.0345991899730941 -0.0347748701788547 0.207007629276357
0.128793633333832 0.220079211384521 -0.190464337419752 0.178472295160436
-0.0733624256196845 0.287915371373745 -0.259015881150303 0.0664894583831926
-0.239486804648915 0.23774597003888 -0.209789345266921 0.0517079839510007
-0.25967327882643 0.163429271272887 -0.0532673523120389 0.0445762593854782
-0.103089631594174 0.23428015491203 0.19447846042526 0.0132472400046237
0.0574531281887796 0.209408227575232 0.163717620477064 -0.202956466077611
0.173490323863659 0.0659989780365287 -0.0919651720420605 -0.256459310092212
0.176054420886804 -0.0662439525714454 -0.210021973366042 -0.0661851143625284
0.0938273044693726 -0.152917494747616 -0.149261782208541 0.0586147518992017
0.00300676098077903 -0.154773229482879 -0.0595536533353229 0.0795870245735716
-0.025649112178138 -0.155435861378101 0.01380122427872 0.0588945105378464
-0.0136858821807186 -0.157353934024344 0.0812324395131933 0.0284107712203046
0.0630222133012324 -0.202055460620768 0.138740975854005 0.0466839817907422
0.191309180897473 -0.147993296682366 0.150083546251047 0.124058643525505
0.247260285746023 -0.00134578912008342 0.0540820919430521 0.20365049838666
0.183474281611814 0.237092023454841 -0.122243183761862 0.199173983576474
-0.0651509742791324 0.335650138172011 -0.215597913679204 0.0634317510211521
-0.268996422064271 0.264625624525358 -0.117694518241537 -0.000369991527209954
-0.298636072204275 0.136887110408682 0.0559849916258168 -0.00634157409921866
-0.168778221296428 0.255954578776051 0.244744942397056 -0.00103620443732387
0.02808182803266 0.270259718073194 0.231306768056997 -0.179577794691893
0.201907900843036 0.109894184333936 -0.00176454575381969 -0.257194370995448
0.208987993489682 -0.0632472521478803 -0.130037236468996 -0.118544074055281
0.113740074902457 -0.169115760464001 -0.117393513917712 -0.0207232250038852
0.00533688795180605 -0.17274637503015 -0.063776061215604 0.00759521983791522
-0.0330059307931346 -0.162877137831577 0.0023693028989623 -0.00477346102760788
-0.0211100421187228 -0.158459588454475 0.0696110262175274 -0.0380964750349594
0.0512830503298683 -0.202005357240808 0.145963473570791 -0.0266859262210504
0.177014826765799 -0.16008925212489 0.193860318550251 0.0583004624258581
0.244148612321939 -0.0254637643859909 0.123621943439809 0.176909913062019
0.196533102331352 0.219819434909921 -0.0601082527605205 0.193481158867252
-0.0594504670402791 0.326237755542896 -0.173024252169626 0.0479695991135852
-0.263628806228845 0.246380788059305 -0.02729387352196 -0.0553101317699942
-0.279301061290218 0.0861192670022262 0.172081889420277 -0.052933412805864
-0.200755548510647 0.216803362385917 0.288795125995097 -0.0152877604969959
-0.0133080045333552 0.266081980770866 0.27587496500494 -0.141067663573072
0.180396246793472 0.129767628375071 0.0847513126208428 -0.222438712537234
0.198608188733512 -0.0455398928950144 -0.0360647215411505 -0.153203684914762
0.112053226872898 -0.152166775522628 -0.0740981568766183 -0.0968866792185848
0.00604403029253282 -0.160821282447458 -0.0621989980411401 -0.0659317106051234
-0.0351827206730306 -0.14530180283925 -0.00851556099541371 -0.0650864027581747
-0.0246543230647504 -0.138515417717923 0.0544587652843553 -0.0973859256506832
0.0378791347569355 -0.174163985113878 0.142321435323237 -0.0869791317951526
0.146996350545835 -0.140828413987753 0.215408417961248 0.00171962187681199
0.209945503546823 -0.0277151355207511 0.164001116228896 0.145806547545728
0.166504291477285 0.190582321804673 -0.0137938751724823 0.174653269680251
-0.0682160539272983 0.273259517478189 -0.133827039063459 0.0315748482176672
-0.23405826513476 0.188224816940695 0.05241723560257 -0.0987470310417925
-0.205007459408898 0.027216246093834 0.269105044797355 -0.0901682024259236
-0.177990346970419 0.13526922012715 0.315389673847479 -0.027509442727774
-0.0365118490741462 0.19733889559857 0.290652588869881 -0.105316041044608
0.124256857952038 0.106726072887518 0.144181743471983 -0.176059544648596
0.143640895913656 -0.0282012767424006 0.0418416890672476 -0.169598518644263
0.0848494985335453 -0.109291954168466 -0.0365518717897624 -0.154407119995728
0.00378481262873218 -0.120288149175553 -0.0591857856582175 -0.12576729704945
-0.0315633770177999 -0.106680017991803 -0.0181409837056947 -0.113750338125243
-0.022973344169529 -0.103707292850704 0.0415994951827384 -0.141713792742969
0.0242990487715001 -0.130208495612963 0.136988220054912 -0.128057019776713
0.109051752181102 -0.105104510183315 0.225063610455941 -0.0361734065963398
0.162774746011398 -0.0141588286717807 0.183697765858364 0.125284355122271
0.112745926304904 0.15765015748323 0.0135066684905181 0.15842920085558
-0.0836654104449097 0.196844187026514 -0.0992917909321508 0.021555489293135
-0.186873975662769 0.103924622161924 0.117438535056446 -0.120648913200296
-0.0899780208380646 -0.0326658678251375 0.321493723641527 -0.119022315619
-0.108622253982086 0.0356973419280962 0.317720690452181 -0.0423433007283863
-0.0321675828336616 0.0877618476748481 0.281773353583413 -0.0911920312496788
0.0506388710093201 0.0480618259126236 0.170168507088341 -0.148220530001664
0.0591461341498508 -0.0135725641227459 0.0776482469156521 -0.178510962366991
0.0389155927439579 -0.0479804635772096 -0.0201038076283651 -0.184483388846106
-0.000258722617198555 -0.0578520254884844 -0.0589052573194362 -0.160688991495147
-0.0221914671181234 -0.0523000836349381 -0.0247783362949808 -0.144102635335844
-0.0169204797557286 -0.0577593541695107 0.0338596017476001 -0.167291444572585
0.00875874148031366 -0.0774293249566764 0.136847212560921 -0.150525953489622
0.0646401635953979 -0.0640187349177886 0.232149112002948 -0.0566907145541632
0.108304066574129 -7.29194197256876E-05 0.192731253046657 0.118329217718976
0.0538888760321093 0.116192233003218 0.0276324467876002 0.15298355599408
-0.0887660992695797 0.107230578436758 -0.0743809392831604 0.0211823537556871
-0.119417997990563 0.00970944409729793 0.162520757427455 -0.119064354158135
0.0296501577934501 0.0637911326261845 -0.154945608224632 0.158326175030374
0.0361162284724162 -0.0256091795179968 0.0949472532821592 0.0145313620164361
-0.014313371963605 -0.0423531997468524 -0.0225027939693669 -0.169246751954783
-0.0308531797439025 0.00926119323845732 -0.205686000847477 -0.118365617450848
0.00426823289902887 0.0215179482888849 -0.244712975933357 0.0908448913390879
0.0113548387479775 0.00476492680127087 -0.116340671918266 0.192761286355937
0.00831391029047928 -0.00216907942668383 -0.00768338778654719 0.178190764778661
0.00513950860250506 -0.0154242687394338 0.0533303469206724 0.152747341876425
0.00234610967846213 -0.0174209290075996 0.0845950073388906 0.145386800249425
0.00964930667522412 -0.0234080935815612 0.0662814070415562 0.175629566798989
0.0297119190182512 -0.0127033115934297 -0.0226442815921742 0.190869912973393
0.0262051120405333 0.00931551205809148 -0.136137269710965 0.161112183417266
0.036229458231102 0.0226873343056976 -0.23553087229058 0.133530183169018
0.0240418837092713 0.0609459656884489 -0.298016581420647 0.0864786910911859
-0.0245597157937554 0.104428145278885 -0.311886229167102 0.153114699801643
-0.0558090615155682 0.134008740509199 -0.145099107494327 0.132974485387971
0.0228750662695829 0.0643413993287149 0.109137882954074 0.00861732358915687
0.0309349926368008 0.0186384721560631 0.00545935513483082 -0.188463420784203
0.0318394924721293 0.00295169192802276 -0.205737132791559 -0.146724353653412
0.0503956867412821 -0.0219759678577289 -0.25189678022305 0.0689758834367282
0.0255738907279256 -0.0536093400722497 -0.128669245468865 0.177092869390118
-0.00466197039754967 -0.0549880911232478 -0.0168015696240924 0.168210273772101
-0.0140048963359267 -0.069234723327923 0.0496931222016314 0.136754322736364
-0.00889976346982942 -0.078019526543534 0.0910129016479478 0.118530628635543
0.0330351293385613 -0.102810183446127 0.0950508258425669 0.14672877798729
0.105823649184981 -0.0654615017008612 0.0307630455633387 0.185447402553859
0.1208522458694 0.0265941648143441 -0.0844112241920658 0.183730112193219
0.0837446639299359 0.127729397355814 -0.203301008856875 0.163801751994747
-0.0216300338918536 0.18251649217451 -0.266985211125319 0.100785455929168
-0.123324168812115 0.189318723393552 -0.266814769006815 0.128031753369902
-0.146539150921378 0.180860575248823 -0.101952581869177 0.087823456492421
-0.0118751305758979 0.157298976260264 0.140628453614233 -0.00392383247492638
0.067612306630061 0.0994206335292109 0.0578354731654154 -0.210579306520821
0.103398705777596 0.0117746915867319 -0.182098964996915 -0.190543023661836
0.102866955962512 -0.0612202274293125 -0.246061886210704 0.0254512516485809
0.0452117352668511 -0.109989138504406 -0.139197734879028 0.137494525202666
-0.012440453990531 -0.10461596978568 -0.0327140104321652 0.135178596516616
-0.0309642058818832 -0.113233387796157 0.037691024907864 0.101881692964079
-0.0222291053738586 -0.122397341364511 0.0886193468261134 0.0710276529173037
0.0379319002324019 -0.163338817217204 0.121149176958832 0.0902727027427548
0.147925728532938 -0.123259367418574 0.0983014034465236 0.150656461371203
0.194995604893749 0.0044213417455808 -0.00431978825654772 0.194664225483405
0.152564755866886 0.183592437457694 -0.1478028113101 0.192742731160226
-0.027329062765922 0.274683799304376 -0.227665532783219 0.108153219526691
-0.18449569156142 0.253992219430515 -0.197479567320724 0.0829979743949014
-0.223470761858298 0.195349364661806 -0.0259485916164777 0.0312695102771159
-0.0663360921604714 0.230538837216395 0.184425500494223 -0.0214754570956988
0.0810402505110161 0.185777634045917 0.126210161539802 -0.222149862595954
0.168107821511102 0.039555696793054 -0.126348849679377 -0.230298711781506
0.154236508658017 -0.0856620069617048 -0.211318341303033 -0.0344230498664387
0.0663850880378556 -0.153424819194416 -0.137667175553913 0.0750169082528737
-0.0170205774260717 -0.142642340682376 -0.0500534708919791 0.0819601631424563
-0.0444654322141938 -0.139806851881616 0.0198885160694942 0.0518634032388946
-0.0338589653799222 -0.143964375442557 0.0764214307252028 0.011727843011548
0.0288597249083023 -0.194338025512088 0.132908117373517 0.0183324147314697
0.154448454134963 -0.165126693561844 0.154719334234983 0.0889512299613468
0.227755944979981 -0.0349505913509304 0.0791864239638132 0.177943376098246
0.205538943659726 0.19015759631272 -0.0803644569754105 0.201784423167338
-0.0124070805352163 0.316590183630816 -0.186505218284624 0.101903550950804
-0.20799980232164 0.281630845067845 -0.118915906387193 0.0228136025254215
-0.264956666447078 0.173932863771991 0.0729133258013351 -0.0288886665119072
-0.124051906230121 0.25773591479855 0.232150567567783 -0.0411565734565807
0.061907136726326 0.245992234508463 0.195136719713091 -0.2115508808426
0.199562830407594 0.0772653232061427 -0.0416302277155964 -0.245936561332625
0.185328013503889 -0.0865220147367122 -0.144960760900733 -0.0965932201617079
0.0828944454035451 -0.17073057280342 -0.120212207145 -0.00391278369472119
-0.0172709080168356 -0.159763649921062 -0.0641453082154993 0.01451833964491
-0.051971240112263 -0.145406135540495 0.000954973508986006 -0.00515287405895072
-0.0409431942804102 -0.143591808294691 0.0561137347202655 -0.0474158821883551
0.0178773984029921 -0.192241243231418 0.129149447424072 -0.0502298962760302
0.138920804441179 -0.173470462722362 0.186147402416487 0.0226621475239498
0.221040994765154 -0.0578474643098047 0.139618197362139 0.143177409229962
0.213848938229394 0.172277219205339 -0.0229959376343002 0.187714870488886
-0.00873830877960356 0.306052670246587 -0.149424257867592 0.0827951177046098
-0.205908659541233 0.263546764219158 -0.0414528471970158 -0.0412756486473905
-0.253245928100213 0.121824513561505 0.17536144780845 -0.0831209833482578
-0.159038136161233 0.224988492623487 0.27219855999401 -0.0592101033188207
0.0225411529413547 0.246873250164144 0.242767991051438 -0.180554922161456
0.182581503472601 0.0980638296158899 0.0456964039463963 -0.227280339164777
0.178072971058163 -0.0686780862782367 -0.0613574625942692 -0.14317837001492
0.0832772999649259 -0.155872743801242 -0.0898431953402942 -0.0811044225026427
-0.0152622167839093 -0.149220627026313 -0.0722069184122426 -0.0543334120318393
-0.0519245658666241 -0.128234154648213 -0.0176268917378983 -0.0595668311979244
-0.0418280957634431 -0.12472212600761 0.0348267680166462 -0.0989815492427368
0.00947496916795969 -0.164283529716662 0.117375128590185 -0.10461066873649
0.113244655690079 -0.151627721661515 0.199059418801481 -0.0322540667135596
0.188775743394535 -0.0548624714821087 0.174208035438674 0.108692211311291
0.181526214995099 0.149017193288268 0.0158208477948105 0.164425928480376
-0.0245406055012853 0.258938008292716 -0.116667106387815 0.060844317180744
-0.187512847507619 0.205112829567365 0.0284720715239428 -0.0940329402168628
-0.19007395221189 0.0534692811717728 0.25552552467158 -0.124604040590884
-0.14784645389795 0.146358621731956 0.295386527517931 -0.0712113355242956
-0.00799221453416685 0.186739670237615 0.261644300166387 -0.146115602763308
0.127293421520699 0.0834931402775567 0.109118139291897 -0.190883440889429
0.12952985197039 -0.0445475416107931 0.0105486226277586 -0.168636417833407
0.0634272719004751 -0.112149278494726 -0.0605018808686697 -0.140079340185289
-0.012260360225344 -0.111323797784362 -0.0765270782655438 -0.110858161365093
-0.0432559176310994 -0.0931414611356257 -0.0325547690048448 -0.103006270143177
-0.0359067134480315 -0.0920246769945732 0.0172945299885086 -0.13728156210203
0.00302571190790129 -0.121308742254285 0.108159901031428 -0.141081541014044
0.0836607681041772 -0.11190041453767 0.203777628846453 -0.0673177695267297
0.146167279597294 -0.036121145585643 0.189452248420473 0.0883302470995066
0.126817604041772 0.126267834390698 0.037925957150146 0.146320849355186
-0.0482434726741684 0.191110534514851 -0.088803085241629 0.0449323380105435
-0.156068554805928 0.120525112673694 0.0878012020730672 -0.125901965158578
-0.0887253925328028 -0.020262830838366 0.293246409635967 -0.152307614057697
-0.0953993132942789 0.0455086291407131 0.294060872744086 -0.0821439697665058
-0.0182112618843536 0.08363530948122 0.254301491597269 -0.12641989078156
0.0523336077723122 0.0380091035981304 0.138581168019175 -0.165779261711549
0.0534331518774062 -0.0202281240230861 0.0456287137681205 -0.180364902691944
0.02917249339568 -0.0497864075107107 -0.0457330900502446 -0.169717444650356
-0.00867047148351834 -0.0538363876058458 -0.0795674876530781 -0.143005182513157
-0.0276545188384608 -0.0443668816433753 -0.0421173820697351 -0.129559659988331
-0.0243505754673217 -0.0509882614311412 0.00791098881926585 -0.160032616790175
-0.00434138235548871 -0.0713803286800733 0.105238002868495 -0.160308037485942
0.0488844242817879 -0.0678437591993959 0.207667021438893 -0.0855807359850449
0.0979478283501135 -0.0168525928065509 0.196964754160857 0.0828434661934136
0.0667368612161353 0.0970087727730572 0.0483167727055415 0.140260642613481
-0.0641810417836028 0.110372634971817 -0.0674103285834936 0.0379676480060826
-0.107454030479001 0.0247706241903091 0.13193381603921 -0.132593715485015
0.0284412405905865 0.0600873242947154 -0.144635987560468 0.150661860781564
0.0336085843439258 -0.0238522804355964 0.0888336142407004 0.0133314301462555
-0.0144469954093722 -0.0399048699054824 -0.0213488476228082 -0.158404643635851
-0.0288904457862837 0.00892479413458468 -0.193996932857259 -0.110938502659208
0.00491681258220936 0.0197280588039715 -0.229027000286137 0.0874853025709735
0.0104658129879243 0.00372672987541201 -0.107275700189442 0.180761484083521
0.00825579292830241 -0.00220503139611841 -0.00668713381893744 0.166280616292153
0.00441121230107616 -0.0146870691478937 0.0513928990447477 0.141292530040686
0.00244340249687214 -0.0167451492507646 0.080857158475436 0.134560271511755
0.00915933732558995 -0.0228628733853071 0.0646336507180264 0.163771318534446
0.0280323244576669 -0.0128827433946966 -0.0198845133811754 0.180280869469978
0.0257379944162189 0.00899973453563337 -0.128595299208685 0.15343627220806
0.0338049295882454 0.0211854266575314 -0.219980114029486 0.126461596262134
0.0228999319167456 0.0572138916788219 -0.280563582559484 0.0804148028781417
-0.0223644830750644 0.0984075636378395 -0.29309098020608 0.145553034091678
-0.0508760103965029 0.12716958880462 -0.135903240196744 0.126780503462715
0.022371739650222 0.0600425623810087 0.101722850008073 0.0075106916868712
0.0291537369394879 0.0169408343256971 0.00544104536432069 -0.177215153760699
0.0294100273471105 0.00260120381215841 -0.192229441125714 -0.137811854184665
0.0468213443325597 -0.0216796929106664 -0.235171566413857 0.0665827686952417
0.0228455609179386 -0.0508199536006465 -0.118931356638492 0.166236129835457
-0.00517291729723324 -0.0516833523986423 -0.0144287058930244 0.155679176195584
-0.0144932388469247 -0.064846219658082 0.0484574599090433 0.126690910212428
-0.00873701006850892 -0.0735052706689423 0.0859916705226308 0.108813437385868
0.0296112711436763 -0.097722173052453 0.0915669427846215 0.135577646147303
0.0985222310841624 -0.0640039912214459 0.0314072514467634 0.174516677057475
0.114272847593433 0.0244685884086985 -0.0801869220910345 0.174189152187947
0.0793752134006156 0.119585055741484 -0.190764427526135 0.155021284580053
-0.0191467979930393 0.172175560800014 -0.251391801915799 0.0942049643243627
-0.114472295864778 0.179043907053028 -0.25047843207558 0.122208082605031
-0.136034664224503 0.172050262962107 -0.0965429762611262 0.0838518719732571
-0.00982953878547902 0.146997372401194 0.130903740025178 -0.00369714473587711
0.0642479646461853 0.0923883468515077 0.0547226412675996 -0.198916586835418
0.0962792753959782 0.00978776104530482 -0.170817883908354 -0.178178218283092
0.0953418154903625 -0.0590523080166357 -0.229012590384029 0.0252817078674689
0.0401961381586298 -0.103797788032966 -0.128826351315847 0.129924833483575
-0.0135362994795352 -0.0983791995325445 -0.0294462030877447 0.126592990016466
-0.0304436500130544 -0.105934832517689 0.0368894358098777 0.09401270662954
-0.0211428308883135 -0.114674797940366 0.0833912625334402 0.0641576802200734
0.0329813244546684 -0.155529320650968 0.11529273359681 0.0817085513072241
0.136559733804505 -0.119149999167357 0.0959209623133111 0.140302507121001
0.183270855909652 0.00186257635379175 -0.00484120431744533 0.183758076745503
0.144738513627584 0.171110567350834 -0.138803218880038 0.182107043529715
-0.0225416293213426 0.260168208234626 -0.215057520951249 0.101991832637915
-0.172677951705683 0.241085831625387 -0.186112599130778 0.0797566653602406
-0.208626235326827 0.185447986536645 -0.0252580721486915 0.0314204321261106
-0.0604340697097343 0.217110171790088 0.172408421266346 -0.020541283365247
0.0778966680598777 0.173571241782877 0.119468617898487 -0.210276165415458
0.157723117730579 0.0353943292736667 -0.117232313254591 -0.215586470598451
0.143046448727129 -0.0829282977358728 -0.197449380952797 -0.0319090154500174
0.0595569538390549 -0.145094693177402 -0.128638303571433 0.0712627329384825
-0.0184303498687814 -0.133643118547932 -0.0462233868162626 0.0769726211843426
-0.0438969364040272 -0.13019135136539 0.0201653831328839 0.0476307596947451
-0.0330122799183761 -0.13525754130169 0.0710899506897506 0.00923301740217061
0.0241007372024572 -0.183458717538926 0.12519197478457 0.0144695006525668
0.142443724038863 -0.158572739825929 0.147971844293339 0.0815985938803565
0.213348571366715 -0.0349894407795095 0.0739495348317239 0.166637529036783
0.194894574839952 0.176216936720426 -0.0761624984097351 0.190212533821301
-0.00922780170813882 0.299032937015758 -0.176148452500757 0.0965025025915093
-0.194371991601398 0.267362589341781 -0.112636980545236 0.0224824609060783
-0.24735977706774 0.165681524803586 0.0674516441810522 -0.0261964416036969
-0.115404192137386 0.242410414909304 0.216517109105599 -0.0395118230409583
0.0605617893142227 0.230325008922923 0.183712110674785 -0.201248228601769
0.1876671776431 0.0706027612489063 -0.0377447930248298 -0.230077421525154
0.17215356927515 -0.0843383853851752 -0.135403298657033 -0.0914805706545511
0.0749885336628336 -0.161860317180994 -0.113180118680932 -0.0031130455082133
-0.0184154146252914 -0.149698661648233 -0.059476546906259 0.0146570844490796
-0.0507118732520215 -0.135126276679843 0.00127489651368034 -0.00505811718054795
-0.0395035606767568 -0.134826811014711 0.0515565620283865 -0.046174677264295
0.013761477457701 -0.181320147485936 0.120870761758544 -0.0501147786297719
0.127619841011909 -0.166061804916282 0.177255231688857 0.0179408808066277
0.206025666904657 -0.0565023511311303 0.131333919408691 0.133022843045789
0.202871471953136 0.158700828963739 -0.0225803566414582 0.177059732426891
-0.00547731374754928 0.288781534400688 -0.142298061388094 0.0792852296792988
-0.192657657229686 0.250643130281488 -0.0400352144464569 -0.0379200058863059
-0.237317899100178 0.11646787893091 0.164291561965575 -0.0780988012088135
-0.148145970811395 0.212962959794478 0.254361592239964 -0.0558101957994141
0.0225407194921675 0.231465789142261 0.228854390647365 -0.171860180983096
0.17232163384579 0.0899597183512237 0.0444735910833706 -0.21266968779127
0.166289684983692 -0.0666674163829605 -0.056838911664027 -0.136835120863829
0.0760156053731681 -0.147279597644763 -0.0862653989086738 -0.0756030497593387
-0.0162755342999799 -0.139764162454493 -0.0681985704855499 -0.0497705211130258
-0.0497552439022021 -0.119118237670798 -0.0169552054030232 -0.0558180626809598
-0.0405030694260539 -0.116958649500959 0.0310696636961841 -0.0938458535338939
0.00632509322129683 -0.154744060112462 0.109250557915323 -0.100421506061986
0.104315523057596 -0.143979096670452 0.188107476094946 -0.0337589662766711
0.175949457944422 -0.0530094306008714 0.163446693888745 0.100849512983675
0.171300698775191 0.137497075030036 0.0135543362596368 0.154944077233053
-0.0200395391177496 0.244306336068753 -0.110490911820138 0.0587441609954365
-0.174590238199758 0.196040362401444 0.0257084031409043 -0.0879349264703836
-0.177717426872208 0.0521888830437551 0.240325708204139 -0.117842943830698
-0.137993819710788 0.138682071111724 0.27707284832728 -0.0671182873935594
-0.00594157770911836 0.174220269921299 0.246258212097814 -0.138847815844221
0.119601112512523 0.0770393625579564 0.104894164948114 -0.179721285025038
0.120726199381885 -0.0434947263688031 0.0102766728357338 -0.160837685054959
0.0579367438378767 -0.106391566835191 -0.059136000560017 -0.130756953637347
-0.013681472798197 -0.104288333873237 -0.0731422744245071 -0.102171181905519
-0.0410070397976122 -0.0863588498249539 -0.0312037956043885 -0.0963801427964207
-0.0344634324117261 -0.0861205226798557 0.0145891254896202 -0.128952942498878
0.00135343756497783 -0.113596018219452 0.100276977169783 -0.133471517712954
0.0772846767174556 -0.106462873019274 0.191800911924244 -0.0666043741087651
0.135461629805801 -0.035311996096371 0.177867423078453 0.0816506693030587
0.119855707472507 0.116774214361235 0.0340641745280853 0.138024803882107
-0.0430301188189639 0.180239111174515 -0.0838423827196986 0.0436946884509164
-0.145581021447075 0.115279010192336 0.081222014877944 -0.118410652255476
-0.0836964298360707 -0.0182152241121533 0.276275206365044 -0.144087825902369
-0.088578170952703 0.044043300365794 0.276301342537403 -0.0768919100912037
-0.0163878985540465 0.0785275083643102 0.239350661428451 -0.119813292272629
0.048875176001598 0.0351919332514373 0.131639163305993 -0.156623278400557
0.0494374922972702 -0.0194569500231019 0.0421308784808925 -0.172449599741242
0.0269430411209361 -0.0471079884058693 -0.0455280319133533 -0.159440479060936
-0.00882216947686696 -0.0496736920599191 -0.0766136716286992 -0.132362147710852
-0.0260741883001297 -0.0403864745667836 -0.0410361850618963 -0.121134852048747
-0.0239149546757399 -0.0469887117498121 0.00586439867909122 -0.149894598013861
-0.00521379128461539 -0.0662714193699327 0.0969181633182507 -0.152210189339025
0.0452436163908787 -0.0640561966329788 0.194587160490685 -0.0838830085471801
0.0910956382459216 -0.0164219049233198 0.185422342188333 0.0759557809169889
0.0628575207017553 0.0896479282676448 0.0442441091967665 0.132239973112966
-0.0583888191124409 0.104311159145207 -0.0636462025149614 0.0372800785286732
-0.0999038236730408 0.0243981727267623 0.121984882731988 -0.125510213554464
0.0273454689290583 0.0592204126315779 -0.142098007017963 0.143161148013977
0.0330883386149927 -0.0221335123165818 0.0844112091134949 0.0152482650547275
-0.013740691854483 -0.0380826036912713 -0.0167374003975559 -0.153498583383285
-0.0284241065005375 0.00872202199206148 -0.185107116501247 -0.112199329846991
0.00475090990823319 0.0188526255513069 -0.221428922477033 0.0809446837696687
0.00984346383201068 0.00322475906370085 -0.105824437613969 0.173248736670917
0.00777856696404449 -0.00177973863734038 -0.00986713995279824 0.158881315202625
0.00436079880538906 -0.0144777579692927 0.0477444627154287 0.13623332649518
0.00271267976898027 -0.0169867618451368 0.0758589013083447 0.129701431531104
0.00932740831938455 -0.0223801723805864 0.0606543009963459 0.157278623373683
0.0276151305157204 -0.0125466590272309 -0.0217628984094662 0.174319827206562
0.0249315539199563 0.00995687133795571 -0.128234778305564 0.147540115374887
0.0315404264970803 0.0213747149902756 -0.214310098505434 0.118036386320319
0.0208657530433234 0.0555100913035688 -0.272870621147829 0.0702954875538216
-0.0233725564806832 0.0949434263886328 -0.286381965692148 0.135078078005208
-0.050966871440951 0.122619985581478 -0.133951710854044 0.120370044097926
0.0208365953359862 0.0586670783143165 0.0969362104213476 0.0100761382833574
0.0273474961001963 0.0165311178163425 0.00975690896750942 -0.171248038423898
0.0276225650083957 0.00305744631184385 -0.183116405133121 -0.137988420178957
0.0454922825104742 -0.0203873964189716 -0.226986636381584 0.0603978982526919
0.0221665436339872 -0.0492247781146217 -0.116468776867863 0.159227508406882
-0.00449249423052196 -0.0498344466458874 -0.016960259353134 0.148916326491411
-0.0134422174546504 -0.0629185458622798 0.0448447065147676 0.122134830091865
-0.00721961726227398 -0.0710578701488286 0.0809994361442799 0.104718507141714
0.029321368350013 -0.0941441444532504 0.0871049770001234 0.130715089900554
0.095484024182052 -0.0611248306721867 0.028474917008641 0.168878699741189
0.110810735362655 0.0254189698564973 -0.0821265684075591 0.168094818267519
0.0745675916777284 0.116494890435909 -0.187479064422084 0.146068375173145
-0.0218159536661361 0.166451235399995 -0.246036465025112 0.0841527826884622
-0.114176597027446 0.172097805184463 -0.245030570612299 0.113065194852257
-0.133452453448114 0.164748384309217 -0.0951729662547044 0.0810295958337556
-0.0119228130965017 0.1420131760429 0.125274172922436 -0.000457001622091658
0.0605700766043856 0.0896199962231273 0.0575738937057145 -0.191442199130491
0.0919614459959042 0.0108941697585404 -0.159968475329283 -0.175485976538369
0.0925849091681822 -0.0562796726490216 -0.220868647365189 0.0194827665907309
0.0395126649541758 -0.100121185129277 -0.126839069735439 0.122743856257166
-0.0123309732928883 -0.0948778879785513 -0.0303594003330775 0.120533790415468
-0.0287419828159944 -0.101884982945661 0.0344893799696567 0.0907418048540439
-0.018651046724651 -0.111341779646516 0.0790636413403561 0.0614223209697049
0.0329269683559628 -0.149292980409124 0.110610111303561 0.0790008961339143
0.133231009025508 -0.114086989421731 0.0913953448330592 0.136043548883691
0.177344213599668 0.00463709298346584 -0.0089919381774996 0.177440872721398
0.136977200876738 0.167484096814443 -0.138429532206425 0.173662640537018
-0.0264001847911958 0.251191468518725 -0.2106152985467 0.0927606913752541
-0.171792655155991 0.231187964039556 -0.18129522003916 0.0732541480176013
-0.204590503230027 0.176623709323251 -0.0254714930701984 0.0309440684758498
-0.0621147786587964 0.208248793097218 0.164782704746693 -0.0149052787549289
0.0726671779469528 0.168308726658767 0.120344188892298 -0.201970542106415
0.151177135823203 0.0363419236388367 -0.10714030919279 -0.210379387431661
0.138734256646169 -0.0786500365585972 -0.188913140539068 -0.035654561939495
0.0587938591489245 -0.139653110188163 -0.124892267183854 0.0661135959033675
-0.0166707491323323 -0.128964151071546 -0.0451477218015461 0.0733402608682267
-0.0410499670393989 -0.125455247700895 0.018839769858458 0.0459643742354398
-0.0299620527280775 -0.131529302545087 0.0675582709517286 0.00901259424309611
0.0248804298148618 -0.177163421658174 0.121201766169121 0.0134634466160492
0.138432646976294 -0.152870662953152 0.143329175235339 0.079699597149708
0.206664520166895 -0.0311420757309474 0.0669647017118576 0.162732415773202
0.185169791444079 0.172160402132529 -0.0790735050648929 0.183358621490499
-0.0137335434049336 0.289714193385081 -0.173714880497255 0.0893589517405014
-0.193930520931545 0.256955917897881 -0.109513585153844 0.0200100995838694
-0.241901000267561 0.15673852030963 0.0653830218073887 -0.0225038151467599
-0.115390398967068 0.232875518129349 0.208082337786299 -0.0325140332602377
0.0545428581980535 0.222312798066131 0.182865466279115 -0.191454820204835
0.180033579618448 0.07010477134876 -0.0293915827813194 -0.223102913000006
0.166967500731066 -0.0793207220929179 -0.127796737685585 -0.0929656164349719
0.0739144702794144 -0.155495549606017 -0.109651791049964 -0.00518754347022494
-0.0162565629866758 -0.144363589606101 -0.057259766736048 0.0134281814504971
-0.0470572832879621 -0.130716492121014 0.0011461200556699 -0.0054429730200286
-0.0361692798223042 -0.131055253365671 0.0494712746409124 -0.0446704989662911
0.0143543848448386 -0.175089435135479 0.117026369307312 -0.0480205577727025
0.124256748490901 -0.160181991939537 0.172330196117724 0.0183681023101944
0.199062812278883 -0.0516548992118459 0.123609763625546 0.130338218318394
0.193247482177828 0.155250798413051 -0.0275439299536362 0.170995644302686
-0.00921701200181466 0.279843947295658 -0.139848397223089 0.0740285695502139
-0.191178723903951 0.240585352536348 -0.038739605229289 -0.0370695181840392
-0.23125883772883 0.108519291962981 0.159699267200369 -0.0712457799458806
-0.146726886078538 0.202601830657236 0.245169716723738 -0.047906995101866
0.0187922762774866 0.223529775933961 0.225434584092623 -0.162003421045933
0.164702894886381 0.0890097463135671 0.0496046667492579 -0.205202768104997
0.160424469017994 -0.0621946708676952 -0.0515272005879088 -0.135243489225575
0.0748194871307608 -0.141578405197182 -0.0824332835642022 -0.0746886920045181
-0.0148668165316246 -0.134938684434811 -0.0650862862813165 -0.0480828711344555
-0.0466216556632156 -0.114532080386679 -0.0151457128870681 -0.0545664446866784
-0.0375336478495831 -0.113119913835396 0.0303251070352279 -0.0907788305277034
0.00782838001869808 -0.149188866554052 0.106186271166556 -0.0966150792395949
0.102263363205715 -0.138597646580014 0.183510551983793 -0.0314029867314798
0.169438041489112 -0.0487762026009032 0.154739070594768 0.0995609565800608
0.162911789591636 0.134463166026259 0.00793164632370654 0.150632878735462
-0.0224553167928866 0.236779185243661 -0.108864331793433 0.0554893283550349
-0.17259047708143 0.187182100637275 0.0256893550724162 -0.0842026798889966
-0.172451357127942 0.0474522702681881 0.234247670694955 -0.108555964401248
-0.135459243104694 0.131777319809645 0.26767512032272 -0.0576720970477853
-0.00864258587943185 0.167678210308252 0.241160777711651 -0.128856341600378
0.113672990121121 0.0763499300075787 0.107723767726951 -0.171542909376857
0.116474022991195 -0.0405199002087744 0.0131097086847193 -0.158100177891612
0.0572203122619253 -0.101720415036157 -0.055090199811338 -0.127603855520617
-0.0120630004511371 -0.100559682953998 -0.0689501047379302 -0.0984462967033174
-0.0383053392160881 -0.0821034850063612 -0.0293624310400948 -0.0939903183085208
-0.0320249327300399 -0.0828749073896169 0.0148329663870553 -0.124236791231214
0.00213440745141801 -0.109506015026671 0.0982772495785114 -0.128188350952704
0.0757404395736992 -0.102013212290643 0.1863135635454 -0.0625986676165191
0.130477717841072 -0.031680525568343 0.170093815832431 0.0819130732372028
0.112565609002499 0.113042478080596 0.0284666412047071 0.135034704171801
-0.0436948397497172 0.173802654002484 -0.0826741029340055 0.0416700260985617
-0.141842969390433 0.109681423922235 0.0798956314252803 -0.112182710213092
-0.0799391379312561 -0.0191075042814332 0.270204690739953 -0.134460634519604
-0.0857843953210982 0.0414765160324084 0.268453357455809 -0.0668877312553423
-0.0169367005870405 0.0745169235909647 0.233612115364254 -0.111276399152515
0.0461556615744 0.0348617104698411 0.132981096714877 -0.149500052673574
0.0470911510164351 -0.0182375655304635 0.0441503575184562 -0.16783182082666
0.0264213862335277 -0.0454474768658342 -0.0417212549317374 -0.155088378339435
-0.0078324880978782 -0.0482608599685675 -0.0718028898657469 -0.128133681797529
-0.0240658055633872 -0.0385450573051398 -0.0378616030462431 -0.117815122837551
-0.0223085358642114 -0.0452225923914012 0.00759883156128489 -0.143904295707422
-0.00472082145481889 -0.063136077738525 0.0959153987756363 -0.14558872087674
0.0445869567343134 -0.0608844238339727 0.189276007152263 -0.078433984180134
0.0871576356242697 -0.0142336438651273 0.176859379967605 0.0766550052298594
0.0583472455130392 0.0865432721501925 0.0388159885948649 0.128897922906699
-0.0574134550317672 0.0994332334633833 -0.0621693208914215 0.0353747993903131
-0.0957369117782799 0.0216039861124264 0.118788392745808 -0.118501098439375
0.0266747564083641 0.0601317295057589 -0.145142686021739 0.141332323191912
0.0337985547188715 -0.0206364816012223 0.0838131865864176 0.0176102390154959
-0.013701794764665 -0.0379081676915656 -0.0130268605790328 -0.153187376208806
-0.0281303898486558 0.00902403713521182 -0.18306549148821 -0.118042693450693
0.00494926686257556 0.0186466663255941 -0.222469723493712 0.0775490824806289
0.00918528541027414 0.00290389487909909 -0.109276709308374 0.171164291490872
0.00790307098414005 -0.00176559918589804 -0.0143593597000558 0.157957559662024
0.00442098503342307 -0.0145914499664696 0.0451806891565132 0.136221523369108
0.00317555561536013 -0.0175486383052556 0.073424940732091 0.130349059290292
0.0100103705116513 -0.0228703132238719 0.0585758488019996 0.157769500164351
0.0279828690929209 -0.0126796115170378 -0.0247985058684816 0.175181367590739
0.0253817104174121 0.010655523695938 -0.13265890772378 0.146224429613336
0.0307468300696212 0.0221345895735649 -0.217393144119331 0.113247895653806
0.0194172015931627 0.0553177840266599 -0.275434652400779 0.0623219539162123
-0.0253625050417703 0.0947216924684768 -0.289802530282443 0.128956405077824
-0.0522986673763219 0.122741099348663 -0.136926450838674 0.119048856584558
0.0196184713649751 0.0588268588472801 0.0959003195085556 0.0133327562064326
0.0265288089156789 0.0173485811718963 0.0140960836879104 -0.171344266106455
0.0270079129892332 0.003886703716661 -0.180075687394986 -0.142514713228014
0.045980094292391 -0.0202335673174802 -0.227743732625816 0.0563446256170898
0.0223834897492402 -0.048887649595084 -0.119597225430158 0.156566542745227
-0.00395513671605458 -0.0499628674319452 -0.0203419788600915 0.148039833911129
-0.0126269243264065 -0.0631450526329287 0.0428950778417939 0.12134926063351
-0.00585691022277248 -0.0721140967522409 0.0788932333012257 0.104996813652429
0.0304280114756855 -0.0947522972593557 0.0852281513866094 0.13123277068609
0.0962218609770794 -0.0607778934077863 0.0261890803717383 0.169649496630475
0.110846715981699 0.027854052215151 -0.0866958446211807 0.167331278352431
0.0720742866165552 0.118830247112126 -0.191666369661094 0.141782000334399
-0.0241588177738732 0.166290832236619 -0.249220313480013 0.0776677151209675
-0.118313974191446 0.171200406452754 -0.248439927332225 0.108362927104387
-0.136588295438478 0.163587118784677 -0.09740929626215 0.0804576290668116
-0.0141227110768236 0.141576058642765 0.123998546921672 0.00359849592335833
0.0587156631909341 0.0905246893486746 0.0624843680793955 -0.190932944090578
0.0910696578904154 0.0123904096200099 -0.15567204860232 -0.180214440840594
0.0931821473143808 -0.0549696832881229 -0.220994384112712 0.0157004464886695
0.0402964455510389 -0.0996515567772241 -0.128316648252554 0.120599859820997
-0.0112698073333608 -0.0949496718377993 -0.0324462564850007 0.1193414210139
-0.0270990557512098 -0.102040667857274 0.0327851027845163 0.0900265543452051
-0.0164471356653477 -0.112297616168765 0.0767288961693963 0.0616730031322237
0.0351054765295728 -0.149808333302076 0.10999446645154 0.0788036067741705
0.1341000488412 -0.113979975568755 0.0907244458976034 0.13742063072746
0.177446397166771 0.0071414284758131 -0.0144423589726431 0.178585528091837
0.134508869013353 0.170579453243251 -0.143707427510289 0.171610274392776
-0.0304878877981735 0.251622235349801 -0.214424055338558 0.0879377417268531
-0.177752172918245 0.22942428951002 -0.184833314320911 0.0707216195804317
-0.207970673984542 0.173980805503435 -0.0270772182409016 0.0327706602498202
-0.0663195732809403 0.20790012730171 0.163983400266802 -0.0101991641136125
0.0696230093194425 0.169458153961316 0.126385957781288 -0.199861820554399
0.150429122951341 0.0388230584632576 -0.101037576575328 -0.214038953238707
0.139587879688476 -0.0772799114632921 -0.187657758766022 -0.0404521572617902
0.0600838920610888 -0.139033944324292 -0.126627010649763 0.0641650531895665
-0.0148030346401658 -0.129449288192299 -0.0462138080608854 0.0723110674839137
-0.0393681197031295 -0.125855894850749 0.0184019092806456 0.0450491777693274
-0.0276193616520828 -0.132402194687125 0.0668831843711907 0.00843429383354843
0.0263414641373718 -0.177884079561976 0.121090532172968 0.0142880786424995
0.140493108763156 -0.151863277205169 0.143940318723478 0.0808605798985139
0.2069445444002 -0.0282253723630133 0.0624920118270202 0.16450677089776
0.1826669619479 0.1756277415206 -0.0841432202990194 0.182210382022389
-0.0174030797461056 0.290859534299129 -0.177824706886673 0.0862344676877819
-0.199436478080138 0.255287639963427 -0.111632156467944 0.0187206221362101
-0.245377707806687 0.153220782404258 0.0652981305295948 -0.0202290355600614
-0.11948553045484 0.231273735940703 0.207014668766395 -0.0266746506692646
0.0509404869510702 0.223312383479808 0.18820436275857 -0.187756062154615
0.178376417707916 0.0730838073914211 -0.0227667360873892 -0.2248285986353
0.167595721200066 -0.0779121118227709 -0.125638901351906 -0.096955652488617
0.0753126097293586 -0.155540428918455 -0.110101659904062 -0.00682113415546625
-0.0149702549641349 -0.145015657570584 -0.0572085117117513 0.0130317211250809
-0.0454698476633466 -0.129863410076414 0.00149511457572218 -0.0064080362296684
-0.0341093442192111 -0.132035496851189 0.0496665890894574 -0.0450761403048979
0.0171988929505268 -0.175405917323285 0.117424079778376 -0.0477101236716122
0.126048702947114 -0.159854032481808 0.173483105104067 0.0190303816736347
0.199461430022776 -0.0490169395410961 0.119938501644205 0.132964616822102
0.191236587901125 0.158275206893406 -0.0330416960400715 0.172080341826387
-0.0124184409117351 0.281700035661121 -0.143266192625846 0.0720975556765296
-0.196168623915028 0.238724214483066 -0.0389794237063878 -0.0373343996617023
-0.233543040425265 0.10532206700191 0.16116702762456 -0.0676718254437884
-0.150644165038258 0.201362904507496 0.245038946064295 -0.0403925359578605
0.0148196992874496 0.223691843761821 0.229724046392595 -0.158035297615533
0.162956880919953 0.0919971459342945 0.0572936995963061 -0.205188627408017
0.161138467821304 -0.0612292491230211 -0.0484241227120485 -0.139052848469922
0.0762403229783511 -0.141163427397095 -0.0819154051535702 -0.0766027648115069
-0.0130269221788818 -0.134832800813383 -0.0640205955647362 -0.0487366900765847
-0.0445244582201986 -0.114199035009615 -0.0146727188436674 -0.0554658380676112
-0.0353374652073898 -0.113671442716962 0.0310424487035658 -0.0906584550274913
0.00945028899589957 -0.148894154602164 0.108063631293366 -0.0960541058911698
0.103644128111998 -0.138090831625589 0.184918960154127 -0.0300931911008857
0.169280336921701 -0.0462086088751788 0.152817413838417 0.102973701802898
0.160224679273573 0.135885303139993 0.00316764296478918 0.152427322346166
-0.0255737874601034 0.237268110197195 -0.111521830275806 0.0540525924151735
-0.175964532884449 0.185572434353693 0.0264380507513956 -0.0835454126666652
-0.174275191987603 0.0446838812979165 0.237728755757705 -0.103859749732914
-0.138278672653212 0.130428652468418 0.268699070288677 -0.0507227796157878
-0.0119350671341064 0.167111669040495 0.244626695302714 -0.124536325372231
0.111987628644298 0.0784292841608748 0.112766011875292 -0.17042025396382
0.116317330077005 -0.0390091037661425 0.0168252027208136 -0.160724799966522
0.0583738550607279 -0.102193781720687 -0.0541198590043714 -0.129487959194572
-0.0110286831090477 -0.100559232858596 -0.0672192280832341 -0.0990220860039768
-0.0365898712489959 -0.0819866940454319 -0.0274841692619603 -0.0946217921634507
-0.0311785286583965 -0.0833551033363463 0.0168530208185779 -0.124521152072517
0.00383016719380073 -0.108942768223779 0.100073083800487 -0.127508031067429
0.0771771083934107 -0.101332559424581 0.188676000068124 -0.0612479905641304
0.130235412055018 -0.0294044398487692 0.168152978728342 0.0842986163486772
0.110279709439456 0.113961632759789 0.0241095665067926 0.1359082808388
-0.0458976611733465 0.17331319959431 -0.0842462937345108 0.0406786952597018
-0.143662317501303 0.107786283056798 0.0810946213416332 -0.110764494600435
-0.0797389716392735 -0.0202551993753389 0.274659672773271 -0.128540003414429
-0.0862564010021791 0.0405112588126227 0.270429152249296 -0.0604992537814094
-0.018478356044551 0.0740879048913048 0.2371278699073 -0.106846535660099
0.0446894640282391 0.035334023479044 0.137763570474874 -0.147714470581607
0.0468871711174392 -0.0175242340008353 0.0472917091512466 -0.170092217949602
0.0271332545985601 -0.0455592479508873 -0.0395051036340247 -0.155918424091222
-0.00759864638488961 -0.047616079139102 -0.070266717472699 -0.127940419299859
-0.0232251932649491 -0.0381484230460057 -0.0362792612471635 -0.117879026744381
-0.0222748676760366 -0.0444087452167255 0.00939243320543022 -0.144016623374562
-0.00360975667138016 -0.0626910749334585 0.0983777013777394 -0.14443084763692
0.045788166908695 -0.0603965744236394 0.190822595677453 -0.0762395726284323
0.0870815829553297 -0.0122910657270981 0.175568701166506 0.0800139114282235
0.0565571550968476 0.0872170566999672 0.0346035761303086 0.130637411488736
-0.0586089781050997 0.0984612980552724 -0.0633945430574634 0.0353696388247961
-0.095212125438726 0.0205741096547493 0.120327756564699 -0.116208385124821
0.0287040851070992 0.0617572306287612 -0.149227635919283 0.147365659356017
0.0349763983690398 -0.0212160040152216 0.0868360317852459 0.0196725371506648
-0.014629292133791 -0.0379518847771608 -0.0126572736468726 -0.157714896925534
-0.0289144887077058 0.0100083142678366 -0.190181205175171 -0.12174360874065
0.00616511237135547 0.0188784220589649 -0.228713711780257 0.0816646786203759
0.00926823636703194 0.00326994113611561 -0.111452757394025 0.177874172694478
0.00817768682500064 -0.00219977975707478 -0.014688284853687 0.162817625729798
0.00404499644084277 -0.0156740979663667 0.0475779839815808 0.13929010523215
0.00281580523173928 -0.019101514728387 0.076678414628345 0.132819225858019
0.0101410295724438 -0.024357988255725 0.0614103152716024 0.160842798100488
0.0283140871504745 -0.0136772507185058 -0.0242014146048159 0.181146716839564
0.0271396011980741 0.0109999434734069 -0.137509840133243 0.153142740252874
0.0308466826804397 0.0233658358318625 -0.223415965939844 0.116894343763261
0.0197193778963727 0.056664376397555 -0.285622751899759 0.0636339482261623
-0.0258187123083397 0.0978578184404633 -0.300042067483857 0.134637000256099
-0.0525697302227979 0.127520690585975 -0.141246507957942 0.125367589247831
0.020771229743164 0.0605030156506306 0.0984376084926904 0.0150694840732327
0.0266300984884586 0.0176611018623887 0.0145538881618742 -0.17633039548897
0.0279141228760061 0.00470246376110657 -0.185993257313252 -0.147858464212051
0.0476424651339588 -0.0214578576820912 -0.234015925124189 0.0596466511633447
0.0223695311002789 -0.0510009693733276 -0.121436750433167 0.161894747549166
-0.00485091538545733 -0.0513114315822987 -0.0208447287732822 0.15189925373555
-0.0139391707199376 -0.0647328035671596 0.0447875120545618 0.123640628625159
-0.00637381996292183 -0.075188436635049 0.0819783138292108 0.106088411002837
0.030526080610644 -0.0988314757517269 0.0893230367941901 0.132641519609033
0.0981878466058129 -0.064197722969814 0.0292745855829199 0.174830229573131
0.115001241337855 0.027948332973837 -0.0900769377165335 0.174859441828243
0.0748283911861038 0.122401794070766 -0.197861641410112 0.147288674553735
-0.0247116061460388 0.172298946094665 -0.257885587783402 0.0792192546754489
-0.122451790685164 0.177832970335753 -0.257263519049221 0.112791556330062
-0.139564868155222 0.170383861585244 -0.100853529795213 0.0855003102105911
-0.0138512632667599 0.14635345618882 0.126923577907104 0.0056614382612476
0.0614923645799341 0.0925582180281754 0.0650758681276592 -0.197817799858633
0.0938006184407755 0.0128566109070467 -0.160108162223807 -0.186640866367061
0.0957056125482397 -0.0584319369604625 -0.226708819451121 0.0165702347230139
0.0396786879026451 -0.103143046210709 -0.131351963991746 0.125731629976
-0.0128416765439671 -0.0976749406172708 -0.032891085355014 0.122513733142711
-0.0291176692020801 -0.104760624313666 0.0343026091383519 0.091352818355053
-0.0183546688504285 -0.116354110710145 0.0791867742312811 0.0612933664991181
0.034032568028283 -0.156041610639752 0.114062179367879 0.0790990986679956
0.136204428673055 -0.12002641540428 0.0960302390196615 0.139936128099879
0.183270431284537 0.00551054432307558 -0.0154241960298365 0.185422166022412
0.14003621407118 0.174863197061853 -0.149309844300655 0.178057021746951
-0.0292726443780724 0.261455172353754 -0.222934594291337 0.0913674982447385
-0.183179686152938 0.239024763108834 -0.192098831903014 0.0743622820388516
-0.213036480862714 0.182475093328171 -0.0284523260038432 0.0350193383944984
-0.0664666220888365 0.214801136224607 0.167380704099343 -0.00872614120618137
0.0732813337250965 0.173343162567884 0.13075874778579 -0.207316282718598
0.154894166402222 0.0388902736976915 -0.103680699695792 -0.221517611714371
0.142812710964978 -0.0820273249006208 -0.192862645426444 -0.0415966936701865
0.0601341562046483 -0.144917663264795 -0.129812190446498 0.0666407750193821
-0.0173386374802382 -0.133498084582765 -0.0465200502693976 0.0746695068534777
-0.041927303690127 -0.128652635389453 0.0189789043134162 0.0452569487380943
-0.0293047513787325 -0.136857016630866 0.0678889688224513 0.00667956146156996
0.0249314227935139 -0.184431103924389 0.124632758770118 0.0117819364971076
0.141874239641927 -0.160376203477226 0.150402054352829 0.0803256216503002
0.213294133555134 -0.0309787296509681 0.0639649290241925 0.169319455004311
0.190141825195676 0.180557598820338 -0.0882856709612997 0.189481828668554
-0.0147453468463927 0.301966010543166 -0.184946125744857 0.0898364221566382
-0.205537626875158 0.266711136329955 -0.115701846165485 0.0204709307696729
-0.252632699597593 0.160285013095917 0.0670054220315431 -0.0196923204295481
-0.121992419350839 0.240337252603543 0.212643251654636 -0.0257877922773961
0.0540247505324222 0.229742758554412 0.194820854546405 -0.195326072595822
0.184711388653706 0.0739663697631425 -0.0216173830330022 -0.233385812940698
0.171855321001196 -0.0826952973260967 -0.129038894275325 -0.102408001236669
0.0751724900591771 -0.16163946340244 -0.114135768941934 -0.00692935749438936
-0.0176889726210271 -0.149374261084173 -0.0581837600656232 0.0136817501758088
-0.0481781388756232 -0.1327645708686 0.0012843280938048 -0.00696175430804937
-0.0364968776064898 -0.135813090682058 0.0491901888032891 -0.0478898704419972
0.0145907183371263 -0.181899199192709 0.12065354010423 -0.0520544093317912
0.127722741292187 -0.167420143556637 0.180942407507469 0.0165515261298704
0.205058989477237 -0.0520697235697704 0.123341039923457 0.137015250867958
0.19777167126986 0.160554776416963 -0.0354175817103838 0.179140667710002
-0.00968770963283382 0.292297165009423 -0.14947560963067 0.0748978365298377
-0.20137808492272 0.249941996847947 -0.0411455371535771 -0.0375517925156073
-0.24132347570939 0.11087988349257 0.166642877091976 -0.0697788844982701
-0.154115555493212 0.208597745414096 0.251774301978323 -0.040953441367989
0.0164106439531475 0.230032029939586 0.237477645843303 -0.1640106238699
0.168598424105513 0.0938828187676851 0.0610392325422682 -0.2132857977119
0.165326351948987 -0.0649918835424661 -0.0500475683944758 -0.14553286315564
0.0767235984976928 -0.147414021940572 -0.0850717060720222 -0.0790267620687764
-0.0153496115365005 -0.138892898169453 -0.0659363489928642 -0.0491697046643244
-0.0470133463477446 -0.116825938164071 -0.0159313950393987 -0.0574495627215479
-0.0374368910898761 -0.11696857633053 0.030179743912881 -0.094244252343023
0.00805978242715086 -0.154180562075252 0.110047683278034 -0.101218223158902
0.10559081372178 -0.144602211377108 0.191873477889389 -0.0347539716935419
0.173393410790169 -0.0486518062014315 0.157203028167651 0.104956012174209
0.165273689347044 0.13807776714843 0.0020954583039096 0.158711429146271
-0.0239696669501078 0.245846970339946 -0.116140358942523 0.0568853768634837
-0.18064645082916 0.194741497246013 0.0260137560871246 -0.0859936280595429
-0.179568154341133 0.0477105811273568 0.245044170762164 -0.108454755073044
-0.141058233323471 0.136248125353026 0.276573260405498 -0.0508004743376767
-0.0113640832067014 0.172085198884917 0.252425607727319 -0.130080096522066
0.115856723408451 0.0800399690608326 0.118758474943784 -0.176957920188309
0.11966250877203 -0.0412484193036225 0.0169272894372605 -0.168469219026452
0.0591022094226627 -0.106772335654678 -0.0568277639585881 -0.133257870294668
-0.0122244034558229 -0.103205533771569 -0.069939162499642 -0.101264820458604
-0.037769704761424 -0.0829152750268079 -0.0293680599406478 -0.0974521447534222
-0.0329377597619193 -0.0848833570191057 0.0157775413749539 -0.12869552794742
0.00242832832995987 -0.11193118972863 0.102278419346813 -0.133605003867911
0.0784883290470743 -0.105672518655633 0.194850357116025 -0.0656285852034436
0.133077784487402 -0.0309397685846144 0.173507153690656 0.0866596970675031
0.113372272570021 0.116392965127915 0.0240305436873318 0.141901818608524
-0.0453509128572128 0.179657973934415 -0.0872302154453902 0.0431561617157087
-0.14642405546827 0.112666871011958 0.0826094909628031 -0.114449312012006
-0.0820645332790506 -0.0198997121142621 0.283646656911157 -0.134990010157569
-0.0880596205144118 0.0430445364294862 0.278999224390322 -0.0607074850385503
-0.018601275467273 0.0760575287974517 0.244445584839735 -0.110481893827361
0.0460832481528647 0.0368589291576256 0.143353004961297 -0.154413001029244
0.0479283613650306 -0.0181910589168417 0.0477571467556388 -0.17780661077168
0.0273188014432493 -0.0483259772808496 -0.0422538157158742 -0.161599181883358
-0.00809432518858859 -0.0485351076912803 -0.0735585346105396 -0.131425665843155
-0.0233000624773119 -0.0379849212146334 -0.0389495922715041 -0.121540577530486
-0.0239980825259211 -0.0452606356592592 0.0085445319715719 -0.148253278988646
-0.0046330662472644 -0.063462350352292 0.100135204518842 -0.150258198466754
0.0468933843773556 -0.0628984589365053 0.196351425804222 -0.0802307856684535
0.0888508177854411 -0.0128814728409483 0.181511730613753 0.0811644622033075
0.0577936225808886 0.089118602922515 0.034781193936946 0.13593928018284
-0.0591021583099931 0.102304101302234 -0.0655008638450175 0.0369797015916369
-0.0969265653573441 0.0215994373009412 0.122447382776504 -0.120805851060856
0.041243806116508 0.0569882131219428 -0.135038333858048 0.17834558375156
0.0329648767972438 -0.0268558478000646 0.0930631761123535 0.00876163088632087
-0.0201680069813392 -0.0355280040696145 -0.0377144786189234 -0.160005697253553
-0.0255294736861926 0.0133609152352785 -0.217048031984392 -0.0915619990012213
0.00883992147551024 0.0146113561227844 -0.219786115972638 0.124511013867086
0.0093702766788731 0.000380434063736276 -0.0851023017384816 0.202462307034331
0.00830320528162172 -0.0035864733145087 0.0123370448342632 0.172868495275828
0.000221546016089357 -0.0165005212969583 0.0704489309701948 0.133588397214294
-0.00113049335503176 -0.0197023858542827 0.0998509922284494 0.123608230495739
0.00459044369531361 -0.0271378978632311 0.089762416825042 0.154580819157047
0.024815844011105 -0.0198430981868919 0.00383170495221251 0.191398113039197
0.0312521117078607 0.00585423273170852 -0.119375107821298 0.181236285459147
0.0355673915621423 0.0185136347615723 -0.211915026981699 0.155265805968325
0.0300142520946474 0.0533952161524682 -0.281505236678309 0.108841774405978
-0.00810106289597993 0.103458632835031 -0.288803496696821 0.185610229298467
-0.031217266477416 0.140956689507054 -0.129011344548909 0.145563872683187
0.0305254289127273 0.0606113689061045 0.102673882130821 -0.0013804256442718
0.0318223818673387 0.015505248596896 -0.0155697390945794 -0.18576795602108
0.0316452387269882 0.000118639797390038 -0.218849787431942 -0.118260417989629
0.0447545232382853 -0.0328882352122063 -0.231277280280435 0.104073079747492
0.0141613551634271 -0.0570116131990581 -0.0987262860009596 0.190829624744768
-0.0125121209934299 -0.052202431782912 0.00486825397089271 0.162866209307588
-0.0254962946152045 -0.0639491497594076 0.0652454752651317 0.118367511183297
-0.0199925923074916 -0.0754922545321559 0.0999592440677475 0.0949048121274254
0.0129822288135832 -0.105392698312834 0.112613199521781 0.119989198857409
0.0862471478478371 -0.0822971861791388 0.0576883213611081 0.175156442175046
0.122822988817812 0.00985028233274022 -0.0684998953999082 0.195260209434161
0.096479965179606 0.111187200822226 -0.179446563777326 0.181031432639528
0.00392393171318864 0.177512667330492 -0.249123208918046 0.122422394906587
-0.093106425774082 0.19993452634835 -0.248825537689292 0.158189847100721
-0.113896316392682 0.202505817261765 -0.0914188373125659 0.0889397727472218
0.00785316684989995 0.154920207876917 0.129720831813698 -0.0192966341769698
0.0789978424736402 0.0879905913237333 0.0288835214601529 -0.219476429013621
0.100649008000017 -0.000908094347000005 -0.20142713275999 -0.162896055393864
0.0883523483396322 -0.078181452840734 -0.234031819038963 0.0606455368772187
0.0239243311324141 -0.11394416251024 -0.114407925020877 0.156776051096032
-0.02844359649275 -0.0983505146196348 -0.0133549136453742 0.135559902712384
-0.0474646533275331 -0.101966735893036 0.0498432036562166 0.0869989517686137
-0.0381290068020305 -0.115513251716026 0.0900664320274585 0.0495051487567596
0.00689930634335224 -0.163396754897609 0.128485697864912 0.0603168982587763
0.115595511401892 -0.144592411023352 0.119816093176056 0.128266675826867
0.187728650325846 -0.0231245776663599 0.00965750307481622 0.193321629739545
0.171588508876565 0.152927680480638 -0.12465027879963 0.204541167177129
0.0141425123596644 0.269231652037908 -0.209726587855479 0.128843228391928
-0.145442866033627 0.272707577006642 -0.187946311408251 0.108681536592547
-0.189171633262796 0.228795276228737 -0.0218351343846034 0.0186232740319531
-0.0360348153831722 0.234930538846194 0.168531293044409 -0.0443806137710271
0.10314532130298 0.169678153224858 0.091880523695801 -0.245071476616784
0.167449286965685 0.0172295358998589 -0.152754460261677 -0.210647331013025
0.133582222270827 -0.108826483149701 -0.211982265848779 -0.00435333171283688
0.0378303888640012 -0.159476172736371 -0.124211806273922 0.0980936588327327
-0.0384711856538362 -0.134071522524955 -0.035950362574541 0.0892715697448854
-0.0636145591916643 -0.123803266248022 0.0273229817315959 0.0424705408640233
-0.0526979140188152 -0.134885163552334 0.0689324515674574 -0.00483793907981438
-0.00630176441536323 -0.190576867416451 0.127493827376595 -0.0102452768514182
0.114819258505913 -0.185199322459478 0.166461679549493 0.0578098758230196
0.211696496282691 -0.065564753276519 0.0887184402165765 0.164343817264852
0.223218491414327 0.149417187164146 -0.0608031647644834 0.206348757840756
0.0354270051084196 0.308082694342577 -0.170046922107907 0.121903113290315
-0.163148582354687 0.303407874812819 -0.117792956274293 0.0419522191748615
-0.235389423761892 0.214934277519136 0.0719842462610631 -0.056734787497527
-0.0899485242109419 0.270439376098394 0.213462328492535 -0.0721999272247389
0.0920326101748647 0.231537180990998 0.159864238248482 -0.2471345071627
0.203321029752843 0.0497067463799234 -0.0726659076223765 -0.23885778594677
0.163521018260372 -0.112673087305897 -0.158938012676532 -0.0784765522026381
0.0507247829893551 -0.178674402621341 -0.121123361852961 0.0201050435043158
-0.0412286388196224 -0.150740099616759 -0.0594888528126663 0.0289734931090119
-0.0698367699955927 -0.127402750729136 0.000329366533077392 -0.007716557316555
-0.0593560718434167 -0.132593211881701 0.041794880738521 -0.05768540284417
-0.0143915368705189 -0.185665333368688 0.112558154848053 -0.0745508999440137
0.099119187791352 -0.189630146120776 0.186943016612903 -0.0131052233868615
0.198943487783027 -0.0852537903466574 0.144979843725698 0.120982771094794
0.227435318594235 0.128540319810374 -0.00817744074011388 0.187028703296816
0.0390477889508998 0.297042747409155 -0.13521635086024 0.101924810034576
-0.162629950077902 0.285997987028214 -0.0493343927943337 -0.0296968918056115
-0.232176751552221 0.161672238259005 0.169165575604998 -0.122968696013169
-0.128183156694622 0.243355370757865 0.254125168209377 -0.093877339853353
0.0526037214275279 0.237930386955131 0.210322479966448 -0.223173217820346
0.188708325259079 0.0735922140500326 0.0163738942942054 -0.235079430470305
0.16004019226129 -0.0920944858281512 -0.0855111453975703 -0.1389441124231
0.0548780732764288 -0.163789989384738 -0.104571350667808 -0.0599624244532214
-0.0370534128125015 -0.140057019273905 -0.078972841515063 -0.0355008333350488
-0.0656995863404909 -0.110551057821966 -0.0256837431757685 -0.0559492885454631
-0.0572860975429392 -0.112373759940488 0.0142040345373006 -0.102202302121372
-0.0167412455437071 -0.156553237258466 0.0937143085906013 -0.122922952458849
0.0810950310846711 -0.162477287276684 0.190460748088843 -0.0673586540383616
0.167328618269284 -0.0759939117487799 0.175917549559698 0.0823158906936743
0.189913933078141 0.11070740960656 0.0266124370317737 0.160146620852644
0.0172987130875555 0.252147598924074 -0.10495338593094 0.0783195161311224
-0.150396418555415 0.225669608115888 0.0124922268807536 -0.0907281360780398
-0.179393107297282 0.0853811563409046 0.244280352574597 -0.169628981180968
-0.125878482028232 0.16542627116197 0.279900994669254 -0.106581125146362
0.0139227602971309 0.182080239865156 0.235708630108884 -0.187732289527301
0.131812263191166 0.0672040409061016 0.0846882855179244 -0.207741093919725
0.117203199539669 -0.0600730843889055 -0.0189673363507329 -0.175814946919499
0.0437944054769397 -0.118878747689397 -0.08386645071937 -0.123311242406296
-0.0280727569789229 -0.103507403558717 -0.0923814032678958 -0.0892986608598349
-0.0504121561041715 -0.078239105266645 -0.0463438940644277 -0.0941629132877868
-0.0463161401456074 -0.0803033756580839 -0.00574980843775281 -0.135099486493071
-0.0148594919544023 -0.112794323426303 0.0811486689894243 -0.153913979108134
0.0616445720808755 -0.11848905960763 0.188420074193952 -0.0999531075365695
0.129026479661178 -0.0515073373528089 0.190235675295056 0.0605554481192807
0.133235899148396 0.0980550298799868 0.0470871229676798 0.140842770910447
-0.0160924748263303 0.188186014576973 -0.0784411647697174 0.059606273971923
-0.129744763810588 0.137106607698211 0.0658878391412706 -0.129807305789886
-0.0897580198309346 -0.00153802275855488 0.278101344203263 -0.194311293725682
-0.0845707784597878 0.0610946013610874 0.282149129094906 -0.113403412981182
-0.00857734736061955 0.0835425799369714 0.233645226523888 -0.16062418678872
0.0530620939822889 0.0337854249373632 0.11797333603741 -0.186699821723309
0.047962481355827 -0.0247414976830075 0.0142787657697504 -0.191959431243843
0.0209049852240731 -0.0538101160174048 -0.0726824987706511 -0.157599354555758
-0.0152295293030955 -0.0485848328240468 -0.100888442817542 -0.120817844698132
-0.0285166022600425 -0.0342230293645595 -0.0593320987416034 -0.117265311210805
-0.0307486053109234 -0.0408474483652787 -0.0162404875207381 -0.153406872123239
-0.0138530794634954 -0.0621784478538611 0.0769265266666777 -0.17140211098033
0.0370957821324576 -0.0694472262318423 0.188597525000595 -0.114831928307989
0.0867573352511562 -0.0265434172018589 0.198440220991721 0.0543627169695841
0.0724549904813095 0.0799386213862763 0.0573300038289383 0.133537638463056
-0.0426928704884454 0.112159885013931 -0.059052314410925 0.050077155660111
-0.0944805417541557 0.0368388220393586 0.106180094563791 -0.142869024764392
0.0471284115747063 0.0530329463333554 -0.118878746719097 0.191556575041921
0.0306399053276438 -0.0302660551884546 0.0949043501016265 0.00222480267195396
-0.0227261559432449 -0.0328258999477392 -0.0506216080396181 -0.156865157979244
-0.0233685017860413 0.0163947680876127 -0.225778949961674 -0.0740417912128129
0.0102486682025453 0.0130141559395363 -0.207817124335418 0.143991466079123
0.00931308035483861 -0.000357454782081641 -0.0654321141357859 0.210358095360242
0.00771226327243394 -0.00461067014806443 0.0267627356111333 0.171899530424258
-0.00122006462731528 -0.0173820232035831 0.0816529034075533 0.127134249007227
-0.00369975945826645 -0.0204075731315815 0.110439101237164 0.11377149990295
0.00167001683664098 -0.0282457561533314 0.103680075321319 0.144488797238088
0.0226702784651786 -0.0222337398247759 0.0211137501337606 0.191043985750127
0.0326933594992732 0.00332957026943633 -0.104488447108463 0.193148307168973
0.0371701508499653 0.0156128797529712 -0.197828628591228 0.172360530434158
0.0340753889997986 0.0500840965717973 -0.272854254378789 0.131796762854701
0.00101522613201565 0.10425775144431 -0.27291302343062 0.211835151312868
-0.0175475523193863 0.143240284095111 -0.115879382516802 0.158466859028738
0.0362741035410929 0.0576057630996896 0.10377782273131 -0.0075632608088435
0.0330970999392553 0.0132413166560633 -0.0302296292987827 -0.185043440705932
0.0317358506868343 -0.00198204493249715 -0.229036295918005 -0.100526865384817
0.0416662489130997 -0.0384431702800579 -0.221119057636551 0.123990207701705
0.00825647005662969 -0.0581052995031148 -0.0802530626958604 0.199279552760553
-0.016974629259348 -0.0506512928473169 0.018358355798652 0.162066596584115
-0.031012038680369 -0.0618472176191151 0.0751499740497706 0.11170054439358
-0.0272008007156462 -0.0740090296306711 0.107696704989856 0.085334563867327
0.00234138667343591 -0.106641515884858 0.123246497418452 0.108211509217551
0.0780709927876867 -0.0906341095720569 0.0733338855969584 0.169199159728328
0.124216958811539 -0.00125123072883281 -0.0520162616962131 0.202135257204374
0.106690940844147 0.102862078612046 -0.164239554873496 0.196798344885352
0.0198503127534536 0.177220403824038 -0.240086505498531 0.141876546822448
-0.0753031512204233 0.208303974023361 -0.235195858281473 0.180916752242117
-0.0940592457938377 0.212511960835388 -0.0837974446552354 0.0990894276680466
0.0223197073169904 0.153921145964947 0.127780866897113 -0.0276851363382016
0.086161327539304 0.0807692026856234 0.0115531567556087 -0.222957039883563
0.100163687449453 -0.00902446486942319 -0.215735303323571 -0.146813253429927
0.0809198675751782 -0.0867679684192045 -0.228014857675592 0.0805248912688652
0.0126001258847921 -0.115848933080114 -0.100117237060482 0.166669193038641
-0.0376971040716253 -0.0951179327460463 -0.00106962673400467 0.136363167594162
-0.0562866731585869 -0.0968943390177962 0.056409856517302 0.0812130406561436
-0.0488973896913046 -0.112409575386562 0.0930252287515639 0.0406096014432395
-0.00913968962414645 -0.164358664966948 0.132446677547236 0.0469784231527404
0.100815099653009 -0.155676189519507 0.13190756978885 0.115579886456843
0.186135309123323 -0.0399547554526754 0.0260095231237801 0.193296653630331
0.185453468664299 0.137007379488469 -0.107531700618808 0.216128192573892
0.0389628879407349 0.2675520927521 -0.199491447295311 0.146582031231724
-0.120387934975271 0.285981724086699 -0.178654714991715 0.126319799643842
-0.167185250964891 0.246746472916106 -0.0198208882663092 0.0226106194244289
-0.0149613987995259 0.237086647620547 0.164580563418894 -0.0560298910905483
0.118072827941137 0.160016843827297 0.0723395343896675 -0.253508756985069
0.168068815313022 0.00266580884692144 -0.170481101352068 -0.198456097501721
0.122534827280293 -0.121582759950345 -0.212086376581858 0.0128577431284904
0.0215302704388666 -0.162991813638956 -0.114572064091842 0.108427615977042
-0.0510473164664665 -0.130081778336664 -0.0278451072589668 0.09138325266239
-0.0746297701472305 -0.117454783944266 0.0298173383940257 0.0396262503538471
-0.065603343776081 -0.129821289983555 0.0668455516891267 -0.0118553812561589
-0.0248600810821444 -0.190151484825403 0.125010901847081 -0.0235821741579273
0.0959428658861594 -0.196981172636858 0.171912334210689 0.0400639551396011
0.205047789648245 -0.0847940080605988 0.102160968382926 0.15744283703878
0.23618059270683 0.128534102741684 -0.0438113601545473 0.213231539414884
0.0645103100152248 0.304736093660122 -0.159922379000718 0.136830139927409
-0.13590376584613 0.320002536979859 -0.114130123100082 0.0535897533391618
-0.214195654157483 0.237073909726803 0.0663774058773799 -0.0620713586202503
-0.0648351406461603 0.277744473542812 0.206555012695709 -0.0870177743826801
0.112055346750734 0.222441678676787 0.138564030139129 -0.261534589526371
0.206936229072418 0.0311764800728496 -0.092792628313057 -0.234464359536084
0.152225023529627 -0.128385002603823 -0.166570083998862 -0.0660764830666443
0.0329189916827082 -0.183793072755705 -0.119197736521183 0.030641613719671
-0.0553929600083005 -0.145754167807894 -0.0563079331960355 0.0339330589775292
-0.0811078590446986 -0.12015000034724 -0.00147634060626488 -0.00825091063556594
-0.0724296132344156 -0.12625566845187 0.034426435111615 -0.0618083913034003
-0.0331189958181294 -0.184301659088351 0.10434977094071 -0.0855729189772783
0.0803473479417537 -0.199767253975356 0.186260301972474 -0.0330255800678875
0.190151734798276 -0.102702411811803 0.154637597907064 0.108659041572091
0.238529843075203 0.106873694919016 0.00678800868211161 0.189474444919426
0.066917548149807 0.293136530737706 -0.127052299305907 0.114065751307723
-0.135975732553647 0.301474514530908 -0.0523146868263651 -0.0237802447326354
-0.217110715742102 0.183550906838739 0.15749565101107 -0.137200862147743
-0.105546715388148 0.25412944389313 0.244978443671111 -0.113357372730605
0.0729799145212783 0.2327351308708 0.191858915883032 -0.240868827177179
0.195029730143739 0.0564124548602142 -0.00293178887899516 -0.237786189549508
0.150160632538471 -0.106588559983304 -0.0982216457588196 -0.133772644103324
0.0376499152698115 -0.169307911388302 -0.109981148132517 -0.0509016798097839
-0.0501495705203958 -0.135874911933821 -0.0817635364630933 -0.0284623688285486
-0.0749083148488019 -0.103460136502966 -0.0313182398316934 -0.053760984109978
-0.0677254624970123 -0.106150054469764 0.00385777121061241 -0.102862449631603
-0.0320164894637486 -0.154485772525753 0.0815308087208713 -0.132094082438845
0.0650825690942704 -0.170736957027093 0.183925792331314 -0.0875982937593134
0.15959490736716 -0.0905299979225752 0.181655614796654 0.0666727444632254
0.198817292223012 0.0929310135185288 0.0399338347152395 0.160068304318061
0.041209036369427 0.248910451809739 -0.099315795353756 0.0881877122320284
-0.129008570146834 0.239206622885366 0.00423523070384702 -0.0905996541878253
-0.170581924635438 0.103138058729639 0.228679537178582 -0.190751540598412
-0.1103663168015 0.176491158344607 0.27046514021285 -0.128253669345257
0.0296993212389658 0.180070983342109 0.219157096870813 -0.206954752301549
0.137319784443627 0.0554355323883577 0.0678556747610592 -0.216655204175535
0.111051708677438 -0.070619333225998 -0.0359013169692507 -0.17569870102651
0.0311004178688808 -0.123741084923026 -0.0956936725165508 -0.115896186000864
-0.0374658049651738 -0.100435255048271 -0.100175178899599 -0.0804479508700725
-0.0567461040041351 -0.0725935973467012 -0.0552970369004455 -0.0904678661067332
-0.0536817854673168 -0.0749382369456043 -0.0188845688412348 -0.133995660479125
-0.025289688595729 -0.111203269292486 0.0658108037527999 -0.161780761155867
0.0502106658762793 -0.124302971021525 0.179454736957069 -0.119074909266196
0.124207272582585 -0.0620152403177291 0.194361853116634 0.0435142513075084
0.140141373220535 0.0851871832114573 0.0584815190794061 0.137537583439759
0.00225773302992414 0.189077234899319 -0.0744816395712331 0.0673667502490878
-0.116261235202617 0.148610252215292 0.053856976764984 -0.134681488090184
-0.0888561902790954 0.0071659604811529 0.260666471429245 -0.21921389469323
-0.0784130659903734 0.0685354661558314 0.272649308255753 -0.136937960722904
-0.00176266175868099 0.0835596338416695 0.219447729823582 -0.180627198482379
0.0556945032872016 0.0290106846453766 0.102438894461033 -0.198577470368176
0.045435026073071 -0.0288830518408726 -0.00358930100455373 -0.194814109730616
0.0144697921106444 -0.0561980879186232 -0.0869911938265763 -0.151945617728327
-0.0195016960569289 -0.0471290914052984 -0.111695631923059 -0.111087898123908
-0.030582597488052 -0.0312109029343364 -0.0698474993439936 -0.111623238738626
-0.0340538921573953 -0.0367153685528406 -0.030608301060286 -0.151847355612611
-0.0196522769661707 -0.0597220460097024 0.0608285506718838 -0.177861343077625
0.0308759754387032 -0.0730780264242858 0.177914616250861 -0.133225881971855
0.0841482799326749 -0.0338291092195678 0.202308372292152 0.0367585420015323
0.0784677292750705 0.073170584691723 0.0681612454298332 0.129442436116055
-0.0315605085406278 0.115396656758608 -0.0554244861525998 0.0560444702956139
-0.09047710404988 0.0443358949318311 0.0929631312489847 -0.151976730734257
0.0496018464394213 0.0458116686882844 -0.0971278377472329 0.193196562131616
0.0268822483660616 -0.0312568042502193 0.0921704651897677 -0.0039759242825635
-0.0243321821064915 -0.0289318301592952 -0.0580213368641488 -0.145538296546548
-0.0203330893482239 0.0174172276094786 -0.221127644754252 -0.0536895946757928
0.0107903259326537 0.0109841558670146 -0.185196735272164 0.152975567808267
0.00845462595657817 -0.00078891703717028 -0.0447738936697519 0.204574129308321
0.00713803955548571 -0.00549002986053706 0.038552811445253 0.161880018426813
-0.0030195442242876 -0.0161588620679815 0.0867165417242773 0.114787050615989
-0.005489888595021 -0.0196062767679704 0.113114329484592 0.0988448017953147
-0.0009871365952069 -0.0270781167161848 0.109447437686553 0.128808197794544
0.020100834296113 -0.022884828813946 0.0348307557010658 0.180440536205681
0.0320369507352586 0.000347469721874311 -0.0844115160142403 0.192229089978974
0.0363131631259799 0.0121012113146901 -0.174764053234535 0.178141845709864
0.0349400669948861 0.0449866264333846 -0.250942856074557 0.14381090309337
0.00894981285797198 0.0983926778030407 -0.242606513318634 0.222457632521529
-0.00414156299416083 0.137081125415783 -0.0970586539994889 0.16238042308306
0.038892589259048 0.0513965611038526 0.0991358614683746 -0.0132394842117126
0.0326351683307412 0.0102942264095104 -0.041775872129208 -0.173868845031176
0.0305873072608463 -0.0038794536941366 -0.226104869125832 -0.0793465268410778
0.0359948508215014 -0.0400097777390977 -0.199498771584821 0.134629500599747
0.00297133165663929 -0.0556044446258676 -0.0601661625958618 0.195282034459655
-0.0202356953116063 -0.0468838453107798 0.029314841799279 0.152934643811075
-0.0344532308981112 -0.0556878218902231 0.079402641701169 0.099888551856714
-0.0326289864271309 -0.069020807319247 0.107917507552438 0.0717250770407693
-0.00733392356039828 -0.102024500230342 0.124881292295124 0.0916195733744394
0.0660355475965987 -0.0922510161283896 0.0831333116834977 0.153878497909979
0.118175475900637 -0.0112755749226991 -0.0343724957844047 0.197201128165808
0.109372180785717 0.0892678933219518 -0.140766227451539 0.199548646086692
0.0314920839049445 0.165958986799665 -0.219260100049297 0.15271460301071
-0.055603373331393 0.204525793902273 -0.209249967512105 0.19098040369654
-0.0715933030504365 0.209500590411182 -0.0712955736343409 0.103162118799869
0.0335808992593133 0.143657459305915 0.120622260143612 -0.0334951763736308
0.0880786462556189 0.0695089459378266 -0.00537863373392587 -0.21275628516135
0.0946755299863524 -0.0161247783214973 -0.216176706644975 -0.123705987667754
0.0690866894811282 -0.0894599124106114 -0.20983229322207 0.0932232532784121
0.00150676273163291 -0.11111741396814 -0.0811609382281335 0.165772874508212
-0.0434769896581301 -0.0873760768558472 0.00901670877005046 0.128784488282092
-0.0611710686291487 -0.087418730749272 0.058949876725117 0.0725935279902059
-0.0566502879729412 -0.103393794329318 0.0900607961627405 0.030627860450526
-0.0232889601383385 -0.155079672545672 0.128809387656535 0.0325870215781352
0.0817325214556779 -0.156545854446891 0.133977342408757 0.0971521175102055
0.173791038408613 -0.0530520800289799 0.0388947030459972 0.183299316864214
0.186303518206102 0.115025820843324 -0.0864012327344526 0.214693838503713
0.0580301424879231 0.250288641220771 -0.180131466457192 0.154276937220245
-0.0926917730230957 0.282386067387636 -0.159607050101312 0.135560170862997
-0.13778967844613 0.248356770377409 -0.0168161957164058 0.0253958820969143
0.00553495659156021 0.226150185827479 0.152940616587825 -0.0623202493794081
0.124646081604969 0.142294364787786 0.050312681508392 -0.24715883575332
0.16044044789474 -0.0108895699041791 -0.176346090402685 -0.177312078351779
0.105999231270865 -0.12572059739237 -0.200634368882865 0.0274732785680474
0.00609061789281134 -0.156232021736159 -0.100643368380361 0.112005041869456
-0.0593888332720207 -0.118634014488703 -0.0189145981452375 0.0889724566303421
-0.0800603912548011 -0.105103678259154 0.0301341288294532 0.034877999402046
-0.0733943465390608 -0.11814623743307 0.0604907015022271 -0.0168264618594407
-0.0405520535929123 -0.178625870299571 0.115537118827189 -0.0332449201220324
0.0732706166326522 -0.194629505242765 0.166008654249982 0.0218507998373025
0.187651131470158 -0.0971972024557777 0.108650381665189 0.142715556089994
0.234297137161666 0.101651366806616 -0.0263618289378918 0.208163720923767
0.0867377262730671 0.282740177103082 -0.143123585182879 0.143447072056928
-0.103436133764457 0.31520461813689 -0.104198199954123 0.0613613873866778
-0.183653545398992 0.242343255650248 0.057900833900537 -0.0621406175646934
-0.0389518688182604 0.268478187815235 0.189625743699862 -0.0953794187421756
0.124099923451738 0.201957439796419 0.112610989586782 -0.259077151167719
0.199607611587331 0.0134392784324822 -0.104580367764242 -0.217101823556237
0.133805794734823 -0.134382821116939 -0.163858911018959 -0.0521500936379592
0.0141304813223213 -0.177424977775252 -0.111274924492578 0.0377901771243315
-0.0648558015549743 -0.133459283545744 -0.0507022879396961 0.0361457733717023
-0.0859642482515082 -0.106493363518735 -0.00279758618412108 -0.00753361802374611
-0.0791476858704992 -0.114235005357751 0.0259998200889305 -0.0614350666163876
-0.0478902605506596 -0.172348459954867 0.0906343674319271 -0.0906015435471537
0.0579723632940566 -0.196915143050163 0.173350094858149 -0.0489658896642436
0.172368376092844 -0.113126635227733 0.154430438566082 0.091876648252093
0.233744141123987 0.0811021121328672 0.0203452068692149 0.181265805863928
0.0884661136201609 0.271612989468543 -0.1136062260062 0.11971088868289
-0.106085799990405 0.297682753490505 -0.0511760392663122 -0.0173057625486265
-0.189740862783904 0.192414479827813 0.13869947504003 -0.141694144236226
-0.0796747860521465 0.249438000216005 0.224233927030683 -0.123260409191306
0.0873325009036888 0.214966223850868 0.163715107836554 -0.244248381740656
0.189761714446896 0.0383580842906751 -0.0203436293457902 -0.227338625742904
0.133678599102729 -0.113524165497283 -0.105407114512894 -0.12096945212671
0.0204917139550037 -0.164086956566487 -0.109647349739603 -0.0404138710092514
-0.0591829769049526 -0.124220798155826 -0.0793427494761509 -0.0204587890198407
-0.0785418047653478 -0.0915877967353744 -0.0348579778922244 -0.0486308279561781
-0.0730423882892601 -0.0949159420537193 -0.00618632670310675 -0.0982467981531805
-0.0434206552448405 -0.144105667409714 0.0654513268199469 -0.132330313023881
0.0465861485614951 -0.167602484063539 0.167052981895695 -0.100089333133177
0.143947838207907 -0.0983851213857977 0.177148589447274 0.0498277601582089
0.194196074400503 0.0715707904996729 0.049189228769793 0.150673744278527
0.0601147937710742 0.232763503007542 -0.0880409277708845 0.0933024256478727
-0.103351052354143 0.237248288251731 -0.00263068715201524 -0.0853989491177437
-0.152676947530683 0.111536211520707 0.202550956790203 -0.198444062168941
-0.0904252496482784 0.176467077003984 0.247245308484485 -0.140659014654114
0.0413940903563617 0.168644814816689 0.1926726261248 -0.213923823413016
0.135123854866086 0.0424902567095043 0.0489404305463989 -0.212574869417065
0.099580482155643 -0.0757502389582714 -0.0488525274348389 -0.166292416260713
0.017901406868055 -0.12017764366665 -0.101446738285802 -0.103954658868893
-0.0444202531728318 -0.0918727757664888 -0.101241290097989 -0.0686834587954952
-0.0590442925983028 -0.0637805891026658 -0.0601988352219759 -0.0813515451304206
-0.0568939131507775 -0.0656495846483183 -0.0298695767648206 -0.125794632446499
-0.0334025962375421 -0.102841058625608 0.0489881574044505 -0.159054150916887
0.0365225598871702 -0.122844530015015 0.160018665338033 -0.128351100510867
0.112774517138969 -0.0681239778408477 0.187960481832006 0.0262938782116824
0.138473382633133 0.0693659186018992 0.0653736843939533 0.128074390251344
0.0177181989133431 0.177856523910676 -0.065838102990568 0.0710617626333104
-0.098653674883084 0.149300479374788 0.0405248213191005 -0.131243650802
-0.0826898601234238 0.0145405398270079 0.230537219921256 -0.228143313716693
-0.0685909407727036 0.0714636801292658 0.249416413443171 -0.150755013766467
0.00431436296818198 0.0794123243352543 0.194473333120086 -0.187817914824382
0.0553934362374631 0.0236761431346125 0.0836022648589235 -0.197482977644093
0.0404218135042849 -0.0307806498569968 -0.0201390189213882 -0.18601873054622
0.00794704288487831 -0.0547198170583474 -0.0968262867505182 -0.138058197836208
-0.0222800442247411 -0.0430567611510043 -0.115005472070714 -0.0965843525434115
-0.0305831439551807 -0.026912926441863 -0.075426041723922 -0.100348793274711
-0.0350397698693939 -0.0311741042008652 -0.0419889328107759 -0.141737408224892
-0.0235014126819599 -0.0549323781380784 0.043491828196826 -0.173957693230113
0.0227413081294459 -0.0719640341170225 0.157925250310691 -0.14202787247516
0.0772305948268522 -0.0382623001455441 0.194734160802073 0.0193798948830821
0.0792630462677209 0.0634167549046455 0.073393338616368 0.118365900231583
-0.0201912173817333 0.111323114244469 -0.0482487830656602 0.058385132716651
-0.0820187930989452 0.0480654855709851 0.0757827977773305 -0.150960516750358
0.0472661595329902 0.0394707876851971 -0.0815255205426369 0.184835145916876
0.0236141933877741 -0.030418165161502 0.087503348987844 -0.00635757174629216
-0.023039498902762 -0.0251923128047325 -0.0579033073047492 -0.134235421775513
-0.0170726264337243 0.0169648887484141 -0.207840337175233 -0.0423155351683588
0.0104080655399732 0.00906735936505507 -0.165916168383129 0.148017673069246
0.00791769535514775 -0.000658291342142152 -0.0332195183778022 0.19136532041612
0.00687222954686522 -0.00601788982000822 0.0417138473983435 0.150152474429971
-0.00360107737727304 -0.0150241667811273 0.0842207250832712 0.103449577912068
-0.00632803923459725 -0.018278634826418 0.108340583002799 0.0874642463761097
-0.00210045156485558 -0.0251372779752116 0.106185019879672 0.114699084575966
0.0174991055969892 -0.0219527779260388 0.0388895923782287 0.166388330957506
0.0301677950350109 -0.00104737109755037 -0.071832483607576 0.182982050028076
0.033551433706488 0.010288870493195 -0.155981028929178 0.169958201777649
0.0326572094330989 0.040743170800061 -0.229605381097077 0.140933140824391
0.0116173247345501 0.0913400356639802 -0.21791447839017 0.214091409940513
0.00174602557080979 0.126845175109635 -0.0828376766077151 0.156170823177851
0.0380466113350738 0.0457165285864021 0.0935473883896844 -0.0139213004810108
0.0306783446846861 0.00840225384591606 -0.043378648427932 -0.160874080765701
0.029214376606055 -0.00432726071109137 -0.213324116796895 -0.0663034639151172
0.0319704236854171 -0.0393568428721343 -0.1795208995828 0.132015797933642
0.000373006956572885 -0.0516800149402932 -0.0480238987932035 0.183351429725462
-0.0203810826618062 -0.0427148621410302 0.0328939537128306 0.141316468751862
-0.0342946232880021 -0.0505687281043851 0.0765232465425359 0.0901621003375899
-0.0332243874181303 -0.0631019898845161 0.10135282355775 0.0626880084846421
-0.0115444708345706 -0.094326942176585 0.118386843378924 0.0794792373832952
0.0577544505711656 -0.0883046379732064 0.0824184020144269 0.139482499393504
0.110163716912511 -0.0149117326737238 -0.0254803694121826 0.185699104079142
0.10430556870742 0.0793000835926252 -0.124457172801169 0.19033404662727
0.0349664553672059 0.152628966960559 -0.199378138511596 0.148001086588502
-0.0446903925180364 0.191726924762558 -0.187143197106063 0.184514271888975
-0.0572620869762947 0.196604397005864 -0.0612758179532202 0.100460592327079
0.0366298415996195 0.131930849212278 0.112507360934248 -0.0328425136780414
0.08384688155281 0.0614969039176461 -0.0102680900044212 -0.198133145224309
0.0877060589681495 -0.0180025309522086 -0.204422447187401 -0.109019185207372
0.0602966887394968 -0.0862194330107016 -0.19051451088349 0.0937911440647103
-0.0037581975287266 -0.10301483962193 -0.0691551011904809 0.156553771914503
-0.0430818200572187 -0.0788521018534943 0.0132056308847335 0.118673094480448
-0.0598011619358017 -0.0782661524739228 0.0565088418375913 0.0652456844825588
-0.0571103768104501 -0.0937956753942278 0.0828598777429805 0.0252228359848607
-0.0285652310181412 -0.14350911834084 0.119005303155868 0.0247442232350822
0.0687496004654599 -0.148530680105732 0.127941225475948 0.0837128453457315
0.159551954163406 -0.0561381714346569 0.042036834724965 0.169787662147536
0.17739204389229 0.0996393559477694 -0.0733980783309146 0.202871704098297
0.0630197908634902 0.229475606406384 -0.163200443551939 0.149657205398205
-0.0757257770398474 0.265599607020522 -0.142820627877303 0.13222063081632
-0.117043323402861 0.234397016461559 -0.0144282252902544 0.0265829467230475
0.0137422133334321 0.208756976751391 0.140891115015372 -0.0602683156985482
0.120067030956029 0.127229855310617 0.0389672091709834 -0.230750101666848
0.14872232795024 -0.0156934962605521 -0.169677489504647 -0.159962523570455
0.0925138558954311 -0.121648572143082 -0.185858305178251 0.0320688355117298
-0.00225929889620642 -0.145370951448035 -0.0892767591817519 0.107004620597689
-0.0597987742216527 -0.107280462995602 -0.014420778977269 0.0823767904890239
-0.0779353893231722 -0.0937473505253269 0.0281813324262271 0.0312948591995301
-0.0731412606162005 -0.106324713094788 0.0537971704807758 -0.0180055187520713
-0.045608574493312 -0.164164853343746 0.104081029857377 -0.036241631068928
0.058495495216685 -0.183779978786118 0.154140006761267 0.0118463588714615
0.170579391840992 -0.0968699873731991 0.105768582609257 0.129812282545168
0.220657800892021 0.0854623182712773 -0.0175870692529608 0.194872206074213
0.0910189939619604 0.258268042022398 -0.128640123497981 0.138797552421795
-0.0851507392956757 0.296676597592396 -0.0933896191992119 0.0618920023812585
-0.159715061823871 0.231445148172744 0.0515477433909413 -0.0576121431654024
-0.0256731653873604 0.25060515022426 0.173091530158902 -0.0916741216428688
0.121595133526304 0.182952342789965 0.0959392192527698 -0.244519348193985
0.185250030037465 0.00504435349058934 -0.104052786507014 -0.19901048257322
0.117788022018369 -0.130577090826721 -0.154593065890732 -0.0428041715102126
0.00417525510798787 -0.165331887263102 -0.102664920934448 0.0388287793325752
-0.0656346897360472 -0.120637844823559 -0.0455943067127524 0.0347898470589445
-0.083329373606103 -0.0951590132953932 -0.00394756689029012 -0.0070299018712653
-0.0781278653018453 -0.102073368130813 0.0199608584835099 -0.0578672416149648
-0.0519054850541203 -0.158206709819856 0.0793148340809093 -0.0882696091827465
0.0442324777153514 -0.184568690526613 0.158322211373325 -0.0545950249400381
0.154963041620888 -0.111011562216128 0.146654835941369 0.080590328344506
0.218922108724932 0.0661837811041415 0.0246542516717681 0.169236471205316
0.0930451573707285 0.247358545970448 -0.101748466250203 0.11662882164537
-0.0873459061646704 0.280141811263668 -0.0474851569671421 -0.0133678281607574
-0.167422708935164 0.185122742497244 0.123204616780436 -0.134740919978794
-0.0644598318692294 0.234211635815955 0.203521998709242 -0.119897072016936
0.0885360590453223 0.196514500518496 0.143781248507991 -0.231969027044599
0.177411399952433 0.0284642094410149 -0.0257089327531446 -0.211141649082432
0.11910324899819 -0.110979671974034 -0.103116326405465 -0.109839807361087
0.0105400874464736 -0.153276952893142 -0.104823132123621 -0.0340042875085291
-0.060110537738149 -0.112762962911407 -0.0746468668382446 -0.0162845978665548
-0.0753730298559735 -0.0816225299947228 -0.0346290727138963 -0.0436407029956926
-0.0710113934485532 -0.0844539188041551 -0.0108412771112859 -0.0904233477245897
-0.0466719746771607 -0.131880498750923 0.0546700925823947 -0.125633331485751
0.0351240367135442 -0.157727335950789 0.150238324172874 -0.101571474209076
0.13006436333058 -0.0960574839718627 0.165691046240678 0.040610989471381
0.181104714552987 0.0589649291529015 0.0502657156630304 0.139653131816896
0.0657071166226366 0.212615658201693 -0.0789432425391391 0.0915039464542257
-0.0873357983395349 0.223655841909099 -0.00568430059411808 -0.0786879112748851
-0.135911807402767 0.108946369278195 0.180470684808443 -0.190564904787934
-0.0768915557485005 0.166600979201795 0.22437806021565 -0.137071046064053
0.0438373026583831 0.155396716115957 0.171174683494138 -0.204155399855708
0.127405159478875 0.034428533312943 0.0393314780083228 -0.199876955633299
0.0892142579340742 -0.0741765969425503 -0.0524369030716873 -0.153517606538932
0.0103316854057992 -0.112051886163693 -0.0989136128716446 -0.0927816077944125
-0.0449716583060625 -0.0834600547775413 -0.0969038615320299 -0.0597828521474098
-0.0561193320490482 -0.056589298750193 -0.0589795889054548 -0.0727594546232992
-0.0550040195056942 -0.057840230483961 -0.0331963717885615 -0.114776062144994
-0.0350864261521848 -0.0944659291649849 0.0391428270754152 -0.150141792126189
0.0284819296174928 -0.115132389863896 0.143095896249594 -0.127500095894018
0.101670893756825 -0.0673800232635903 0.175405469535763 0.0182989616681021
0.129452898897672 0.0600458430241467 0.0643043247182115 0.1178244817569
0.023372021265083 0.164066432726811 -0.0584859832534899 0.0697161687902199
-0.0860884857204758 0.141495964400151 0.0327407288899355 -0.123401106905832
-0.0748962665461957 0.0162640108681065 0.205780004623295 -0.219912461304662
-0.0602165829221085 0.068660725037131 0.225978329566247 -0.146615826839119
0.00619659632973726 0.0734046738595242 0.173957301399739 -0.180313976287364
0.0524287899496069 0.0200128361237583 0.071193810397479 -0.18700487157359
0.0363157505015488 -0.0297853674592804 -0.0256732112324163 -0.17272405364823
0.00384303771305665 -0.0511264236784981 -0.096103162717866 -0.12521649549916
-0.022442940349718 -0.0389494260543892 -0.110259613331306 -0.0853081043855158
-0.0284708538850065 -0.0234424352608506 -0.0738420307289203 -0.0903882942840684
-0.0329002269648635 -0.0264623228755006 -0.0443943720481216 -0.1291709069794
-0.0235231066265672 -0.0497560091696344 0.0335906453348559 -0.163387755737873
0.0176635861909404 -0.0677837769284216 0.140368146511137 -0.13826035117978
0.0702310149582955 -0.0383101187617962 0.182009448217527 0.0117522677225588
0.0748208296251017 0.0560480360991817 0.0714590153287063 0.108786939305891
-0.0143052690853396 0.102802190868348 -0.0425958415897998 0.0565917817506917
-0.0743306343273121 0.046722149547317 0.0645004741597319 -0.142749395972983
0.0448094108930562 0.0366937386954195 -0.0755725907425195 0.175507293019982
0.0222811324644095 -0.0288694642772231 0.085060443310615 -0.00478400904068737
-0.021435890656768 -0.023674358213536 -0.0521364853884316 -0.127225661167336
-0.015577806667449 0.015766131678279 -0.197243791813148 -0.0416293608911336
0.00980281551667518 0.00789972150899328 -0.156751007189955 0.138651570217272
0.0076452835686756 -0.000261619304600965 -0.0318743075103202 0.180676953425272
0.00626997410295031 -0.00655930381935086 0.0387183998156701 0.142490241428442
-0.0032284135412998 -0.0145965190280828 0.0792066821220607 0.0989232430882451
-0.00674238345695394 -0.017387787405909 0.101268356142674 0.0838055360635127
-0.00240554726797065 -0.0241274333203951 0.0991055333823918 0.108477558610376
0.0171382003727825 -0.0205005843095174 0.0355972632239511 0.157526813925435
0.029284193445451 -0.00126244771369501 -0.0697118794622275 0.172831130666469
0.0310986537645595 0.0103578783087937 -0.149052331643573 0.158181406686797
0.0294136798419399 0.0390028471864032 -0.218843510798453 0.130166828735077
0.010517306637291 0.0853312896058849 -0.206411622921164 0.200039081108564
0.00191308097189602 0.118219562612183 -0.0774049736285548 0.148884373212665
0.0350923336011521 0.0423629954269208 0.0904603565627988 -0.0108584421093293
0.0287067562280629 0.00815525737955887 -0.0386644522371704 -0.153028908416538
0.0278756707563325 -0.00391628360972694 -0.201310199107747 -0.0651111657592009
0.0300095246627412 -0.0377971548648209 -0.169978458304651 0.122853513807707
-8.92714912825121E-05 -0.0483825817775414 -0.0453603874447583 0.172403820684872
-0.019029395032835 -0.0407511360770099 0.0302558956219972 0.133733659882989
-0.0323074399897293 -0.0481505898429251 0.0709983592615438 0.0855647113177591
-0.0321894349971538 -0.0602430620276598 0.0946104135678119 0.0600534505928442
-0.011063415863505 -0.0894254070756924 0.11059631341734 0.0752267404127543
0.0542103285577069 -0.0832352103851497 0.0773731931707342 0.131484183137071
0.104558411198975 -0.0137916715418334 -0.0257409676834335 0.176548326492531
0.0977136513220567 0.0754233367794438 -0.11935229711863 0.178204380179571
0.0309529956923392 0.144481241866534 -0.190357604679721 0.138095157630218
-0.0434663207583652 0.181163701629073 -0.177236864942686 0.173729752677931
-0.0540006413128631 0.183821521369027 -0.0574231927275896 0.0975913153377735
0.0338586627967497 0.123421616942612 0.107696775715958 -0.0274429624690594
0.0783555934989721 0.0582892992104067 -0.00712161522592819 -0.187570278241385
0.0833906170000904 -0.0167358741554644 -0.192792556184261 -0.105006119097201
0.0561690429914959 -0.0821858180399485 -0.180741265559431 0.0865037022391346
-0.00427953329530431 -0.0970895256026239 -0.0662061615921719 0.147218283928944
-0.0412801742870633 -0.0747608234234971 0.0114551993406076 0.112063440674944
-0.0566202369877413 -0.0743998181327205 0.0528284503910949 0.0618765365746624
-0.0540396933762792 -0.0890496726713145 0.0765874013753709 0.0242684534777604
-0.0275552111159932 -0.135463227380195 0.11143160809605 0.023270404197419
0.0644967922208382 -0.139893123526991 0.119793497760024 0.0777721755793304
0.150901576284521 -0.052726839196124 0.0381889611161422 0.162356988293864
0.166419582992868 0.0947470488228429 -0.0712128725440795 0.191802083947393
0.0582087754760017 0.21629366296841 -0.156475330637487 0.140498518731225
-0.0734747228556723 0.251245177409624 -0.134527175756265 0.125200919733633
-0.109673955886902 0.220044801692474 -0.0131733934546575 0.0270802709912852
0.011589091483768 0.196577543798645 0.134564029077187 -0.0519071120052316
0.112378465590177 0.120336687311012 0.0395943817461493 -0.218434013402831
0.140488363200986 -0.0138743482761278 -0.158717342880061 -0.152909872066161
0.0871144197711274 -0.115031538020003 -0.175658418795042 0.0280603093878121
-0.00304126976413024 -0.136472898274778 -0.0846976658698091 0.10021799882324
-0.0563031812266735 -0.10138990001854 -0.0139964910571435 0.0775825535644803
-0.0726689429495205 -0.0885512298938907 0.0260150960013392 0.0296939224659082
-0.0692850814699429 -0.100956993095445 0.0491819807451409 -0.0161607482756931
-0.0440907662469083 -0.155016444051896 0.0974370205728514 -0.0338363708524628
0.0543101076820044 -0.173592043609706 0.144763400896783 0.00913839613418446
0.16153549266637 -0.0913511226198838 0.0984678535912211 0.124330277443648
0.207081729426762 0.0811631398054877 -0.018917053940515 0.185223687228119
0.0854226016959011 0.243803528745437 -0.123287531639866 0.131357480023915
-0.08209689845344 0.280280468074189 -0.0874275911451616 0.0588903270539977
-0.150097182635789 0.217053078066647 0.0493079786973474 -0.0518295693660642
-0.0248468079093428 0.235640277110815 0.164461663284392 -0.0815951376062927
0.113128928220523 0.173281285096468 0.0934010442593059 -0.230077858957088
0.175282477978666 0.00576448185282739 -0.0960510111507018 -0.190376221115956
0.110914769674746 -0.123478415022905 -0.14690493577041 -0.0422408265956856
0.00230925943400403 -0.155688852582226 -0.0978852529057517 0.0361780669659509
-0.0619788395539476 -0.11381179178608 -0.0429750088187736 0.0322998724300504
-0.0776281577328375 -0.0896303458909136 -0.00391855453304941 -0.00678675638676021
-0.0735306894302157 -0.0962681189582596 0.0171907974300356 -0.0537862902317185
-0.0498672188793654 -0.149433087811945 0.0740707694973083 -0.0828538730212669
0.0405094969959643 -0.174596509420162 0.148041480716797 -0.0534649368312595
0.14693602318173 -0.104412776115685 0.137116847572445 0.0777511112422153
0.204382436151519 0.0637073433169332 0.0210293476523578 0.161756526939314
0.086914899995021 0.233201492158967 -0.0972220552562104 0.11072549983086
-0.0835486684418159 0.264863904231293 -0.0435530205014029 -0.0122202558747958
-0.157516277738503 0.17363235949064 0.116994444786155 -0.124682070887883
-0.0614875552394032 0.220739183849163 0.193209415370196 -0.108501564386899
0.0813715972614936 0.186167677835823 0.138117752512656 -0.216882471546574
0.168064598101201 0.0277097231042463 -0.0222825535539733 -0.20027250714987
0.112689765458001 -0.105113837857207 -0.0977634277185405 -0.105314715661347
0.00889993113562472 -0.144382048503847 -0.0998402997220924 -0.0320457777949507
-0.056751543847215 -0.106207825195288 -0.0708902939669904 -0.0159745888484983
-0.0700570558445416 -0.0767330760140679 -0.0327646415088785 -0.0411418090047905
-0.0666128750699406 -0.0791373403905911 -0.0109967639239056 -0.0846652203401162
-0.0441008634434759 -0.124360145327568 0.0506195094133452 -0.118137261606859
0.0319918385301103 -0.148890194164742 0.140560128175318 -0.096981034399306
0.122416721236243 -0.0904604508061306 0.155766285845588 0.0395939338229878
0.16965942736784 0.0566744804911723 0.0458262743614325 0.134132931984762
0.0613280320366684 0.200093392010029 -0.0747145851154931 0.0867545127817082
-0.0835409834241694 0.211184412589754 -0.00401416991496352 -0.0743269324792533
-0.128333080768207 0.101757321887543 0.171361357170003 -0.177942244804098
-0.072761843319216 0.157143207154663 0.212636113464287 -0.125226390486173
0.0401598522889372 0.147015591769144 0.162849626050706 -0.190426628707836
0.120109961763712 0.0334564007582181 0.0392051407842841 -0.189069328927194
0.0845249735407815 -0.0699206714285713 -0.0498040883012335 -0.145587542166258
0.00832045683768916 -0.105588043085863 -0.0947667171721745 -0.088165038346768
-0.0426536360564857 -0.0788798800720851 -0.0917451466544836 -0.0569982514874727
-0.0516109944723133 -0.0535069210673622 -0.0559218953389365 -0.0693167663460234
-0.050639923297261 -0.0544969172166261 -0.0317495447607242 -0.108387852523798
-0.0332478345943613 -0.0888836533673116 0.0366401043369592 -0.141456405100766
0.0261950725433225 -0.109137843429519 0.133878060138106 -0.121377036909918
0.0964131808988335 -0.0635259690520129 0.164887226621844 0.0186646590324256
0.121148123559696 0.0578212006085606 0.0591218821211211 0.113452430199158
0.0219459875193464 0.153809034178191 -0.0547352468276301 0.0665606202555074
-0.0823299225767478 0.132509125181608 0.0311766657491738 -0.115829814961587
-0.0699153499658886 0.0152828058419778 0.195909368017157 -0.205957260022645
-0.0563437979182016 0.0640622412390993 0.214555971363111 -0.135628352104881
0.00514926798756236 0.069101041892266 0.165520692217127 -0.168135466289683
0.0493775581943931 0.0189050415982964 0.069562771378703 -0.176271708857091
0.0344615778100413 -0.0275502157202915 -0.0244576858618745 -0.16352163511266
0.0026589653114777 -0.0475726839169712 -0.0920172775681994 -0.118883640753511
-0.0216640558532804 -0.0365910970068871 -0.10456871664977 -0.0809221005168844
-0.0259460233169561 -0.0221494375460212 -0.0699078033392997 -0.0858503335145644
-0.0301058535004152 -0.0243419082319965 -0.0419949782086346 -0.122126879923023
-0.0217755575102934 -0.0460507856373644 0.0315545173163679 -0.15407805848214
0.0162473896516491 -0.0638809125900551 0.132402747419819 -0.130937921424275
0.0659991143059726 -0.0360165907321607 0.17174278289923 0.012029137639702
0.0698445863207999 0.0537285869352395 0.0659743678326494 0.10372282330454
-0.0135255377973877 0.0961577380530637 -0.0401424311218077 0.0540080823697244
-0.0707654990777675 0.0430451006507788 0.0606340498421471 -0.135206337960132
0.0379314879387339 0.0406185907468427 -0.101142100161882 0.1627034449166
0.0250030447151433 -0.0243985103052286 0.086016044438192 0.0105686358270915
-0.0160517297090061 -0.025700027285058 -0.0291565199445496 -0.132560639533477
-0.01617751230527 0.0114503780687012 -0.184662598506413 -0.0689180048179941
0.00724864586297375 0.00803366787826832 -0.171534965077297 0.11031277174761
0.0081310677464707 0.000501958722529478 -0.0575584490474665 0.171692032982165
0.00746782198188787 -0.00534934647356951 0.017861427575842 0.145015759553231
-0.000508923541991871 -0.0147221705797685 0.060515735561476 0.108400201138258
-0.00239687410233701 -0.0178321960727361 0.0849111911376818 0.0980472431569905
0.00259866958106098 -0.023860804297464 0.0775695828525254 0.121047242479053
0.0215291902909572 -0.0162410963414369 0.00765713170096374 0.15899453124918
0.0305038055189868 0.00505250400725117 -0.0980539285723517 0.157272558222638
0.0289576734546839 0.0192802778361966 -0.170801804097813 0.125933799672587
0.0209756954005316 0.0457208167420023 -0.234764235188954 0.0865413083168721
-0.0031530021672815 0.0873278569787595 -0.236540874828554 0.159481935670045
-0.0146269537582945 0.112845385768803 -0.102593582006316 0.131482387568421
0.0264869794377336 0.0465210909555019 0.0893176109022495 0.00498087200719512
0.0264512206130084 0.0128810654753721 -0.0159552301495511 -0.153566359350859
0.0285745698765798 0.000323413536218132 -0.186130554057861 -0.0899276871124732
0.033772605700081 -0.0320808122520081 -0.182493295017724 0.0957506787483843
0.00842786490747602 -0.0471797231604858 -0.0686314643783449 0.16322959029675
-0.011262551736382 -0.0428934058918675 0.010887752618675 0.135519757347288
-0.0229194720712222 -0.0515803886744382 0.0545869660458482 0.094399935847936
-0.0200460035675403 -0.0628525684070211 0.0811252352485196 0.0742637733055102
0.00375122767546997 -0.0874552465841054 0.0924407282687378 0.0905907546152909
0.0671545491703047 -0.0705376481818337 0.0505928800010702 0.139363203708819
0.10526131177199 0.00543307788564333 -0.0564476674332663 0.168318677315002
0.0824167830528682 0.0918971111375271 -0.145248362664901 0.15033439221794
0.00528559336109415 0.147144566123981 -0.205536262719781 0.0984070261392717
-0.0715898538278217 0.169415884915519 -0.202110413552351 0.138454187116839
-0.0764538542196099 0.168975804421503 -0.0772851729395593 0.0781045275325267
0.0125122695727341 0.123980377076828 0.105287781282303 -0.0103937633410385
0.0664875271664867 0.0690761120672887 0.0154662345063762 -0.182869711347758
0.0832769573748229 -0.00235435313877475 -0.173079346439851 -0.126188032930603
0.0665549434639332 -0.0699232755780157 -0.18832301488353 0.061225215830299
0.0116699151620185 -0.0942856318099519 -0.0833300412331332 0.13612495249213
-0.0268815444866315 -0.078968418240593 -0.00407727976464075 0.112473046515358
-0.041984266342117 -0.0812756038754759 0.0403848214770857 0.0683524881726625
-0.0367586788601058 -0.0942316427647717 0.0687265781748549 0.036838738000653
-0.00501650570491134 -0.134452328044289 0.100514869004593 0.0403758833316661
0.084719687579598 -0.123426098940251 0.099948943983483 0.0939584239156045
0.156764261803903 -0.0248393629984363 0.00742272995148937 0.165013666995371
0.145640964159611 0.120771742036226 -0.101346580754271 0.170166446351951
0.0199879536322499 0.219633197701907 -0.171576145515443 0.106321184850861
-0.112642015130722 0.231085562663077 -0.150823457877832 0.0979529029338795
-0.135719286890041 0.19608414935842 -0.0253874465511785 0.0116769048356232
-0.0193358735946549 0.191113068132793 0.132162720016071 -0.0330107869409854
0.0892789197717774 0.13417686832683 0.0613879654898093 -0.205014336770957
0.137312847750063 0.00964612627614019 -0.136292358872398 -0.166297077147676
0.101324828345099 -0.0959082159145015 -0.176166914417393 0.00744982983140283
0.0182759092113963 -0.131904188581489 -0.0947159480974557 0.0900408745147385
-0.0377145953991426 -0.107007823467814 -0.0242539038934676 0.0755450275440134
-0.05530511703259 -0.0976497130684279 0.0201887603475798 0.0326935657502456
-0.0497477991664507 -0.10778612012264 0.0478517601682014 -0.00629421689361262
-0.017581397153904 -0.156408576707306 0.0954160509308151 -0.017185958412499
0.0800075483772879 -0.158008097973927 0.134157431309477 0.0310271575066039
0.17284724736067 -0.0612076077530726 0.072382858791621 0.138378964814172
0.187539307768854 0.112761789987765 -0.050621318777898 0.173356887193174
0.041846638814968 0.249135412386646 -0.136931834921455 0.102083808733807
-0.126287190199422 0.258300701406489 -0.0918572514880368 0.040884919117658
-0.174042622861999 0.187703151800387 0.0475670205343447 -0.0596422306022154
-0.0611346533268276 0.222275433291084 0.164433464310366 -0.0597899066933463
0.0814510190771055 0.185208512782245 0.112098254475583 -0.210564387557338
0.167706338505627 0.0346192089285603 -0.0727343846561842 -0.192768760650694
0.126171857395468 -0.100200686026363 -0.139356355950784 -0.0556534180364602
0.0262172985471117 -0.148572793026056 -0.0976017989291647 0.0260325447893361
-0.0418045372573625 -0.120426333471958 -0.0463728018025488 0.0274806884948856
-0.0594999373339438 -0.0994537942672245 -0.0033529127995227 -0.00733067219703376
-0.0549709071526222 -0.10418027951677 0.0232153665213367 -0.0476460166218198
-0.0245278696771478 -0.151877989310135 0.0808785687399205 -0.0679253731884884
0.066316010131183 -0.16160579252742 0.148103121024116 -0.0288268477930274
0.160316854852792 -0.0775341505983978 0.117803947149231 0.0994798353192998
0.188116184880189 0.0937872805333843 -0.007744948918256 0.157916179778452
0.0454796846815662 0.238500947139472 -0.107568357725141 0.0881376255682354
-0.125563051145892 0.240705335444041 -0.0372167056731784 -0.021142166464884
-0.175898839724582 0.145094178674836 0.126490446264469 -0.120004953582672
-0.0930465620117856 0.203814379439696 0.197587059647227 -0.0828903397797222
0.0491837635401136 0.193279363740243 0.15465415174062 -0.192407967384677
0.156851680200955 0.0547515344466329 0.000469681516854853 -0.193620661375343
0.125155260868482 -0.08185170417524 -0.083364250356428 -0.109731834600637
0.0299355904836949 -0.136657878791815 -0.0899437781475624 -0.0411055586935493
-0.0386434214774995 -0.112446945351166 -0.0665842864634211 -0.0229731550641722
-0.0544736119386837 -0.085710251043362 -0.0254627336322433 -0.0454854361397904
-0.0507610448244649 -0.0865070255438783 0.000297080797452867 -0.0827721134330944
-0.0235620213957973 -0.127537894613306 0.0649530725558402 -0.105458299268568
0.053551847297457 -0.138793668505163 0.148734350076844 -0.0730531838388199
0.134282040221413 -0.0683678249254354 0.14250497024461 0.0653127537094282
0.155398549540101 0.0822581327204098 0.0208109576356265 0.136196494326966
0.0257081717308528 0.201835315568447 -0.0821583906774591 0.0695143517449696
-0.117997564525997 0.188330117964545 0.0115608020224752 -0.0746266330740098
-0.137264000993282 0.0803910469957104 0.18981465358789 -0.159464303700477
-0.0937037919852235 0.140737724432381 0.221955783612518 -0.0966611665947956
0.0151614730693372 0.148839530691856 0.17802360926077 -0.163657785912075
0.109924552906762 0.052489358464014 0.0593656174952478 -0.175568157373547
0.0931369460420378 -0.0529639182675581 -0.030196121720064 -0.144015229102573
0.0234636688154822 -0.0991962364631494 -0.0779800674812842 -0.0959289599740461
-0.0295124448354686 -0.0831544149898486 -0.0814525449380862 -0.0664543138815158
-0.0407104645576112 -0.0602095399500069 -0.0431536668820738 -0.0765511738555064
-0.040271210569236 -0.0601890956322317 -0.0150381661662649 -0.108927911922166
-0.0184056686499917 -0.0912182063436661 0.0558526736337318 -0.130720359966449
0.0411980479734972 -0.101716432515434 0.147209887339099 -0.0969267692976447
0.104015582781202 -0.046617692948927 0.156046499404518 0.0460226075507943
0.108116138173233 0.0747775479851873 0.0368194254859696 0.118697037030126
-0.00418405086145926 0.15052253489629 -0.0603822664119119 0.0541166060604067
-0.103333169751762 0.112645617434826 0.0524389237675098 -0.109007625008523
-0.06942403320959 0.00472908185918441 0.221309651307209 -0.176647439977871
-0.062997924662969 0.0540271449302202 0.228826007672789 -0.104266531460499
-0.00635463079331455 0.0686686144411542 0.182797864949699 -0.140158396789055
0.0446110698479959 0.0267479631877871 0.0901536866027473 -0.160431822279443
0.0384498563101928 -0.0207385670216667 -0.00144799230522322 -0.159468682971206
0.00932229840791571 -0.0441942684721547 -0.071871547355551 -0.127906849462413
-0.0158476554080782 -0.0392257684782496 -0.0908597387070834 -0.092472435371489
-0.0209740230959733 -0.0259048510819609 -0.0541312233811138 -0.0950236235449801
-0.0257498046438518 -0.0278730213631226 -0.0220755904604628 -0.124302262301885
-0.014336973407169 -0.0483103000392518 0.0541008209863299 -0.144981974789254
0.0252536501549583 -0.0607377746843542 0.147993312109313 -0.105777206054641
0.0701578197004406 -0.0259606357016937 0.163702905023476 0.0406208450293735
0.0596446032872568 0.0629347454483892 0.0458129137901641 0.111505274829471
-0.0283247998512721 0.089944998978321 -0.0453608622834547 0.0454246067356935
-0.0769935580798634 0.0281556510440369 0.0820975460930218 -0.121997843451384
0.0378765239727916 0.0404554092515309 -0.100819061695827 0.165031966595746
0.0253722443521114 -0.0243441270035656 0.0902012078241787 0.0120873622571356
-0.0158216338195292 -0.0259400251472542 -0.0277264400960721 -0.134188103310469
-0.0161508865874485 0.0109196722112825 -0.187192762831205 -0.0713378348624322
0.00717852474948354 0.00747598197604928 -0.175241344745048 0.110446994286357
0.00936290296110592 0.000918218111023281 -0.057715273129112 0.172805883522329
0.00734101150796754 -0.00586534897062919 0.0176090682413307 0.147983216756948
-0.000606275724139595 -0.0154682197185693 0.0608626045640905 0.110533590622311
-0.00269477262777002 -0.0185261249927971 0.0860851815735129 0.100764156377717
0.00208060570773904 -0.0244587665343998 0.0775972963275876 0.123165580537475
0.0220852516763428 -0.0161641377249149 0.00610203123381068 0.161893126458155
0.0310745084200727 0.00502192424768864 -0.101059604030828 0.159778858891844
0.0286330521237453 0.0206743621244982 -0.174787795907254 0.124784671687012
0.0198277946309182 0.047021816202006 -0.239887793179495 0.0839300506633403
-0.00444246731386156 0.0883650118379787 -0.240830411361418 0.159062750724868
-0.0152796850149403 0.11316742359304 -0.101909941874086 0.134227750473873
0.0261444122281606 0.046870699915906 0.0931565231902125 0.00720115941874155
0.0264343175680126 0.0130906236398667 -0.0137925112709421 -0.156510168423025
0.0289601462288304 -0.000265207188344123 -0.188109288694152 -0.0935728347476781
0.0337346126058736 -0.0331604840387661 -0.185385245049644 0.0951634336409519
0.0085119849244747 -0.0473758034020097 -0.0696199010763196 0.164133011096806
-0.0112447176082561 -0.0436675518010738 0.010633612304607 0.13739932095188
-0.0230573707063684 -0.0529868979056139 0.0544450979959346 0.0963771370872761
-0.0207217818807544 -0.0642590692108601 0.0814888898174614 0.0766822405424113
0.00370021931212925 -0.089229868735465 0.092610390478915 0.0919872119580606
0.0680134085338366 -0.0714913710885409 0.0498846092982115 0.140589210461099
0.10718986570161 0.00532047288222545 -0.0589535229948216 0.170966345793422
0.0819556867896883 0.0943571988392187 -0.149533162313389 0.149626813247059
0.00281070111178475 0.149001915322687 -0.209829405487337 0.0975024275637899
-0.074113777844744 0.171469557807731 -0.205525907835318 0.139010310046346
-0.078065256061471 0.169458808641163 -0.0768455000969603 0.0811271875776981
0.0117484546626044 0.125067114648671 0.109219912917339 -0.00674833434304865
0.0658700951942819 0.0704212693200152 0.0183888240907224 -0.185241601123053
0.084489709390349 -0.00211217078700153 -0.174574952712608 -0.130063163095224
0.0667463092723677 -0.0712476615770903 -0.190866544804781 0.0600769052631477
0.0111838354466117 -0.0951094926129499 -0.08446884260557 0.137758407634613
-0.0272397848302363 -0.0802332309038941 -0.00508129380902854 0.1143833023477
-0.0420161864897409 -0.0827524834795718 0.0403849201862453 0.0698402757430371
-0.0375247925042538 -0.0961810494876426 0.0684644535580298 0.0384696341851973
-0.00573721675451724 -0.136875854275809 0.100771726153465 0.0416351301192637
0.0862256909727125 -0.124855788956506 0.100061539528781 0.094208216512493
0.159392675153341 -0.0248994905176062 0.00584917503128021 0.168416691798586
0.145764103573709 0.123341460972862 -0.104928457996596 0.172495904022167
0.0176692309535601 0.222618448865389 -0.17436788627937 0.105971600104283
-0.11622413401208 0.234540215767011 -0.151864357459386 0.0995417618584196
-0.138310060863167 0.196284742955073 -0.0247147475417378 0.013855049359557
-0.0209850029903004 0.192485398401586 0.135957535839994 -0.0286726172149182
0.0890414325192603 0.136467263794608 0.06565755653747 -0.207471831647574
0.139244641901045 0.0103880462939798 -0.135796048969321 -0.170580138127415
0.10180751168083 -0.0978945315609689 -0.17864146149083 0.00592218129506257
0.0174745195658208 -0.133356398956118 -0.0959953641819622 0.0903939080788748
-0.0387170017264126 -0.10845979011045 -0.0249136114591561 0.0761016970472996
-0.0545811192155383 -0.0990031517062546 0.019593374839938 0.0332300933462072
-0.0505080814494619 -0.109346563829563 0.0473387049335549 -0.00498512603221541
-0.0186183025649117 -0.158342268734664 0.0958387037257623 -0.0166305019991468
0.0808058546943682 -0.15975544796031 0.134500012540577 0.0301825663275032
0.175315195041532 -0.0620265748804644 0.0713832720039349 0.142076353486326
0.188418171832456 0.11545644214335 -0.0530148778171953 0.177045060164445
0.040371685715137 0.252080209168245 -0.139085968053794 0.103423991382382
-0.130049888524044 0.261621648192447 -0.0918272948001257 0.0412966341006725
-0.177489247287477 0.187787321998846 0.0495255239365559 -0.0574219424972455
-0.0628643991989834 0.224920948276848 0.168532146030377 -0.0554677003982935
0.0806164695529851 0.188547081425015 0.117344031054904 -0.211486370162987
0.170042023559161 0.0359466978624795 -0.0710085542551772 -0.196966844314135
0.127618245650373 -0.101399883771992 -0.140629372910204 -0.0578765199802679
0.0252232355933972 -0.149815444384273 -0.099188479688455 0.02600532532743
-0.0422830192875145 -0.122097661166418 -0.0473665042763969 0.0276104861571243
-0.0588629531976265 -0.100920316778234 -0.00352274139579203 -0.00727400783600617
-0.0551056555035551 -0.105393548256928 0.0227144947585857 -0.0474193734161053
-0.0252120282460339 -0.154145245816585 0.0813324869504249 -0.0682575616522131
0.066253847036974 -0.163181451571702 0.148547256161837 -0.0306453273077589
0.161901209907887 -0.078386702476597 0.117884329439216 0.102908301206049
0.18885642674171 0.0972122642909893 -0.00960434394419707 0.162105692891917
0.0445250850594464 0.241341481698133 -0.108974751734823 0.0889311206663577
-0.129373236154029 0.244624150573505 -0.0362151603340844 -0.0214551201390962
-0.178533603742266 0.144182535420668 0.129197046709071 -0.118623499993412
-0.0951465783384815 0.205081855699286 0.201076960935134 -0.0786643755427206
0.0479853341810749 0.196608537932606 0.158598297680242 -0.192886632933271
0.158448876640973 0.0561288025624603 0.00305808376155363 -0.196064309928441
0.126815780881315 -0.0830594155950229 -0.0841656777502668 -0.111941731163476
0.0290879287907879 -0.138125980775656 -0.0913381457257351 -0.0415337410195036
-0.0392048087012188 -0.113808059185579 -0.067337328916217 -0.0239057578041476
-0.0538484576352142 -0.0872433777608614 -0.0263202022921911 -0.0467150315586089
-0.0509637960134306 -0.0872715457608051 0.000201521483106457 -0.082945258313322
-0.0244173366742013 -0.129236395759061 0.065739903798271 -0.106434481703836
0.0540020569097019 -0.140463152956082 0.149462384759745 -0.0748700587284255
0.135918308747387 -0.0689654818560895 0.14381293286006 0.0681555985920822
0.15532764781412 0.0848335470437544 0.019456609321142 0.140242983201732
0.0252831992016217 0.20391931921568 -0.082862658837352 0.0701720484578412
-0.12104949043992 0.19115160364332 0.0122472103369019 -0.0752810688136051
-0.139002997220119 0.0797511452160961 0.194015015945343 -0.15848470662878
-0.0950039285908849 0.141294745491033 0.22569507197425 -0.0928024762105516
0.0136739740479673 0.151530433757639 0.182078818359828 -0.162660601990238
0.111392801827523 0.053082161664045 0.0629672527320902 -0.177219740195368
0.0941985707724211 -0.0539834671668578 -0.0296415972539135 -0.145928427509364
0.0226329592481271 -0.0996513780391196 -0.0796267577273728 -0.0972013846588631
-0.0296998217900593 -0.0846150762659178 -0.082642651963859 -0.0674712482629089
-0.040179527380431 -0.0613940368106836 -0.0438137947474324 -0.0781055300079516
-0.0394512541697329 -0.0600911991639636 -0.0151787157320257 -0.10959410579224
-0.0188982658330001 -0.0924128899393504 0.0566691269994834 -0.132069749905798
0.0417260255635383 -0.103058092328875 0.148490233309205 -0.0986186615188047
0.105685802751792 -0.0473212740587672 0.157116255925672 0.0481050220531181
0.108249525734946 0.0771298308141993 0.0361155265224261 0.122943336403756
-0.00519349295843797 0.152274768594501 -0.0613193313800032 0.054113363025428
-0.105452122532069 0.11396044186701 0.0526885667052324 -0.110140002260596
-0.0691269585278497 0.00424775458092973 0.225443323609365 -0.176724751298977
-0.0632238765441612 0.0539487128534478 0.231506542394054 -0.101376506809179
-0.00712580095948576 0.0697973804488457 0.186801772324193 -0.140050534510436
0.045391184492946 0.0272294447332373 0.0938643589486598 -0.161493808578925
0.0387576710268351 -0.021198813656021 0.000164809265158224 -0.162179008522437
0.00849163128979723 -0.04437321137809 -0.0731766828278525 -0.129411580497596
-0.0164490706681842 -0.0393398163967989 -0.0927308735552793 -0.0943328749475011
-0.0202501210263466 -0.0269034679695207 -0.0544617725249696 -0.0969630574058215
-0.0246746886114888 -0.0282601305960578 -0.0222180365255788 -0.126104703443717
-0.0140238916029099 -0.0485717693018842 0.0550967553016709 -0.146080837973742
0.0249610456960632 -0.061084338168155 0.149789621787108 -0.107415349677721
0.0714884512167289 -0.0262475482932165 0.165291533034047 0.0432716635537313
0.0598062919814579 0.0648220260494695 0.0445543618358078 0.11541216558855
-0.0294263617986142 0.0901590801588504 -0.0460868343621589 0.0456049225119494
-0.0785033811271828 0.0277029790285816 0.082403339099115 -0.122900340099183
0.03916056561994 0.039995541454977 -0.0956413912251413 0.172578339378023
0.0245436606996415 -0.0257716105807172 0.0949362844511248 0.0101047597321456
-0.016449285403301 -0.026061511460433 -0.0305631326840566 -0.137282983181043
-0.0161908130819039 0.0110767206469148 -0.193962724431669 -0.067779356235151
0.00709232686330905 0.00645438595153704 -0.175593657232683 0.117626244557
0.00972062187176155 0.00084209536838466 -0.0526888473772532 0.178569560280807
0.007734536756695 -0.0061879238576581 0.0235323764234651 0.151010741114879
-0.00113279174929469 -0.0166417169139867 0.0660003654204498 0.112588259243673
-0.00400582361286135 -0.019341817132158 0.091784578002937 0.10049729880509
0.00121524189482804 -0.0247270957864869 0.0832151625578295 0.123680997930236
0.0228911214955794 -0.0178999375299441 0.010756912863485 0.166536822352848
0.0323266850585281 0.00386988881070122 -0.0995642377530936 0.16668701370167
0.02981340713769 0.0206724105338425 -0.175556113143285 0.130489860572303
0.0208515082614647 0.0482889327897606 -0.243830619190193 0.0915773522572875
-0.00179833498933697 0.0897972667446588 -0.241130588207829 0.169163147748469
-0.0122110462835245 0.115100542785682 -0.0976630453016069 0.142115899528392
0.0275870213556309 0.0470756681809183 0.098261345501713 0.00603132113412288
0.0275165858464557 0.0129236131041371 -0.0166381540743474 -0.159956201044548
0.0300989086117593 -0.00112232910262127 -0.195458384475877 -0.0900763072011948
0.0328325026268278 -0.0362248088597246 -0.186632158965666 0.102110246816838
0.00686847171902094 -0.0484859129103535 -0.0651538744528469 0.170018549587262
-0.0131848370090715 -0.0440185243060669 0.0154616805910201 0.141084001612637
-0.0254542065757939 -0.0539222564614333 0.058846513337426 0.0979927841639452
-0.0234812187215175 -0.0650682983147628 0.0863912763967445 0.0766108595736548
8.44876065874573E-05 -0.0913085128027346 0.0964694625085365 0.0910777283396804
0.0667361545177848 -0.075226033547201 0.0544979155380913 0.142508747596958
0.110129601846045 0.00178830934474371 -0.0556150965545848 0.177251231391276
0.0858034671120991 0.0948356011420775 -0.148515636166002 0.157020738372203
0.00661543964390091 0.152200253332314 -0.212495632873431 0.105182240573894
-0.0708725010407333 0.178053890189049 -0.204905819323833 0.148406846146022
-0.0748602414139158 0.173418845953015 -0.0741688553876016 0.0869423447670931
0.0152459619508258 0.126783903970113 0.114558175800518 -0.00789640580715502
0.069409775203401 0.069760437193291 0.0152317645609272 -0.189593726909448
0.0865704835068952 -0.00473901931594687 -0.181927669196582 -0.127950968767526
0.0650719631243675 -0.0759278237693427 -0.193417239549907 0.0665670782260031
0.00760610447022058 -0.0976631705056767 -0.0821523217172791 0.14344142340472
-0.0306992094314618 -0.0808553786137004 -0.000998820030035302 0.116555731466819
-0.0453962917134781 -0.0834962766074344 0.0430929597812864 0.0706551062256241
-0.0416825032225879 -0.0968037602373278 0.0706645880505323 0.0384967852376155
-0.0115700320637418 -0.139497642756267 0.102700162809709 0.0388334162586718
0.083245515183007 -0.13077102659893 0.103377291345977 0.0925172232898261
0.162622363843589 -0.0310361685456084 0.0107848270205042 0.173326932463992
0.151562912964453 0.122399157401999 -0.101911167896985 0.180512069527585
0.0236540816940033 0.226929258403569 -0.175245939729892 0.113468961067345
-0.111746301386319 0.243911946514141 -0.150582722644881 0.105539856265052
-0.134798151206509 0.202435105277162 -0.0232306278580157 0.0175480527353245
-0.0160265802295409 0.196218084787579 0.140861879439834 -0.0302344060859555
0.0941288103842432 0.137141911640019 0.0626433359831689 -0.214174113373614
0.142780908402815 0.00627984287775112 -0.142693514488643 -0.17092260864277
0.0999999315120105 -0.103844804269072 -0.18200811580226 0.0109940525942856
0.0118390622677484 -0.13591238843218 -0.0951228326010373 0.0957747521297466
-0.0435299222195238 -0.109558416143381 -0.0233641606149405 0.0780454081383676
-0.059342030846034 -0.0997051273256685 0.0206916275661259 0.0336913471006893
-0.0552500655006658 -0.110025612007812 0.0475431923391921 -0.00561443899639857
-0.026151944609019 -0.161562838302061 0.0959537436502927 -0.0196553453061767
0.0762040383446319 -0.166402745615775 0.136362232795395 0.0256073597400864
0.177120707589057 -0.0695551466461863 0.0766205920958229 0.144417355842201
0.195089303857988 0.112860117762624 -0.0489173566430942 0.183884555310403
0.0483715386658802 0.256499658577325 -0.138686702896819 0.110261906960791
-0.125164146797082 0.272832658767924 -0.0909622224109949 0.0452801887910701
-0.174352085298086 0.19501923090722 0.0489716418217477 -0.0579248362955356
-0.0574720863904634 0.230606494825869 0.172212363016213 -0.0575344714148573
0.0879710417572792 0.191202078378544 0.114235144447071 -0.218804776111775
0.175070416333588 0.0304998970323701 -0.077146081744632 -0.199611809023608
0.125873672377844 -0.108286577145197 -0.145031633485721 -0.0551597696946414
0.019352461114659 -0.153306405221204 -0.100867855817122 0.0299646873678192
-0.0483207193737979 -0.122390267079792 -0.0472810015122398 0.029549649552098
-0.0630178663211991 -0.101624487514212 -0.00451320451958156 -0.00756338521942354
-0.0591498166809989 -0.105551484309861 0.0208785314195659 -0.0478658976822765
-0.0329969131409066 -0.156700073153003 0.0794446287394163 -0.0717713973318494
0.0615352813209221 -0.169301016758127 0.1482196927083 -0.0375098620898245
0.162733996048929 -0.085792219661497 0.123396201454507 0.101820246510697
0.194851452425168 0.0938229420797472 -0.00465758367131246 0.168315668053316
0.0527867620239169 0.244904669927301 -0.107877023763853 0.0945217653252461
-0.123779761302852 0.255139765129613 -0.0366177440454736 -0.0214134615997113
-0.177233979379528 0.151244613393069 0.128507815238466 -0.123014669921906
-0.090535610242094 0.211911801278481 0.204256998373345 -0.0821094086343498
0.0544046148134133 0.200301707031066 0.157125278344954 -0.200582140767788
0.16460463258564 0.0521842466216346 -0.00157825205537697 -0.20137396134274
0.126133752556569 -0.0898339600513062 -0.0890423005237855 -0.111831053563918
0.0239501095701296 -0.140804918523453 -0.0953523547581379 -0.0389543326273127
-0.0448681331912919 -0.114240031515976 -0.0701069178597337 -0.0220862938285422
-0.0570644584612342 -0.0875193008812502 -0.0290544944240277 -0.0469469234005278
-0.0538969193291609 -0.0869847378655559 -0.00331367047065352 -0.083507583260155
-0.0300816905271717 -0.131439137932716 0.0623366189305639 -0.111393195510859
0.04908323046324 -0.145422288040039 0.148691185467814 -0.0822236764113522
0.136027720491284 -0.0752703377838808 0.14887580125117 0.066147376554586
0.160980074235497 0.0820040040472843 0.0238852291517391 0.144980648405894
0.032035376030619 0.207280875943446 -0.0818900083350059 0.0748031793611788
-0.11697877662397 0.199447620786191 0.0108073092303587 -0.0771223749330515
-0.138631017429503 0.0838730591313262 0.192976818019663 -0.166197663491868
-0.0922996578994346 0.146365573657535 0.22810572419074 -0.098295279166884
0.0185126814241012 0.155290998498753 0.182094712870121 -0.170445836041401
0.115867173216951 0.0508210591667726 0.0602789095455899 -0.183105271342589
0.094519178108885 -0.058426789711003 -0.0341235476313618 -0.148463578499751
0.0181019638222279 -0.101684726940588 -0.0847171310408006 -0.096177116689644
-0.033963674525751 -0.084418877190495 -0.0875519696496264 -0.0661020933872484
-0.0418834242445909 -0.0618508095256496 -0.0482025579479199 -0.0788477699578877
-0.0410167807045651 -0.0599308741716832 -0.0196891400030606 -0.11088848252917
-0.0223437270760722 -0.0935401949055027 0.0521126487391335 -0.136630007046838
0.0380925253770977 -0.106776086936955 0.146506570279784 -0.106539222837495
0.105822595116597 -0.0515594933701288 0.161816753449511 0.045237626402829
0.112539186447028 0.0764638051956217 0.0398055665899523 0.126178896103893
-0.000287129287139259 0.155039439443443 -0.0597476995618714 0.0575731290465782
-0.104383404638704 0.119875417801556 0.0499173805436451 -0.114107895488982
-0.0698036402935923 0.00564483754539452 0.224975681745298 -0.186131640231203
-0.0613517562000301 0.0559340877840195 0.233612608707954 -0.107783587904916
-0.00508518392870864 0.0718552845278234 0.187283164114665 -0.146483304258036
0.0470990031542245 0.0262790844643569 0.0925758820340367 -0.167697147236108
0.0391295625354171 -0.0233379512411759 -0.00473433873024945 -0.165969954830864
0.00576126224520908 -0.0445439653766526 -0.0802182786960964 -0.129789554504615
-0.0184313552759043 -0.0394627350419139 -0.0985257565226604 -0.0933366559231738
-0.0209720532697811 -0.0269823521869157 -0.0597718178710449 -0.0984057487849313
-0.0252093603022421 -0.0270998948041195 -0.027606665680419 -0.127382486241227
-0.0158029526601503 -0.0489804231027819 0.0503610673215851 -0.151506915025947
0.0232162559117035 -0.0635143085280472 0.147898765441701 -0.114913568075332
0.0713464973966592 -0.0288387183093365 0.1703517120935 0.0387021867807533
0.0635439109055684 0.0646825016150926 0.0483282078095935 0.118122190952144
-0.0271019944427448 0.0924622451837536 -0.0453067055509165 0.0474169602697637
-0.0787064522224805 0.0309505707243678 0.0793237653076423 -0.128252149532562
0.0412777889738132 0.036649946334231 -0.0832428777259119 0.177026650240972
0.0224526906719141 -0.0272329513025257 0.098232346368428 0.00454171252346686
-0.0175178622732235 -0.0254609495617079 -0.0368375878731859 -0.135447117525706
-0.015552663092431 0.0120637537091209 -0.197571836670908 -0.0564309459636961
0.0068388793171665 0.00574293510919151 -0.169074289369795 0.127727972793552
0.0107521132561532 -0.000239843770160258 -0.0417742554629277 0.180264929403939
0.00714413389195785 -0.00681067386626003 0.0325415715617263 0.149994669891484
-0.0029101888598406 -0.0166458232248377 0.0727804227702504 0.108826816001497
-0.00530217499963279 -0.0190444067772575 0.098249516314242 0.0955441614448269
-0.000420761781340012 -0.0249327879058241 0.0895368120038018 0.118671627202524
0.0219803046573204 -0.0195990731454232 0.0198507601135032 0.166036968276943
0.0324550985114251 0.00231885613017762 -0.0901137237578799 0.171412274993586
0.0299990634342247 0.0197414283286703 -0.168996623758716 0.138640531365663
0.0224109051036578 0.0478536317617423 -0.239578954108997 0.102833744441536
0.00261557932906466 0.0896833681425932 -0.229620433581213 0.180694720791965
-0.00587009602190606 0.114261332162553 -0.0865649519810183 0.146885593762985
0.0293829280870107 0.0447972345617909 0.10145302592927 0.00124081987319238
0.0279652013257406 0.0110932483387542 -0.0241738619108383 -0.158791013053024
0.0296144054519559 -0.00300820218993237 -0.199828265706855 -0.0791856613427464
0.0294621522058352 -0.0382895533096354 -0.180412168269413 0.11303003068502
0.00390266197208094 -0.0491329551325087 -0.0545770045091376 0.172592307344977
-0.015900419312237 -0.0432119021675354 0.023402433085368 0.139475451144627
-0.0290916315503355 -0.052669197703932 0.064534956373148 0.0949964067322393
-0.0280942414387431 -0.0638465348301628 0.0909565360588317 0.0721624352726977
-0.00654636652934835 -0.0913313350895822 0.101083880815113 0.0855693855102012
0.0624780654152303 -0.0799007722859906 0.0613220764443285 0.139415004947467
0.109728622832549 -0.004996156800091 -0.045982313060984 0.180312713390269
0.0901975481350954 0.0907623298455544 -0.139825623428244 0.164342128192882
0.0138210155899558 0.152536418291523 -0.207215585912082 0.115505320186961
-0.0613090259058565 0.181877291335598 -0.193901141669438 0.158746604049568
-0.064924440154585 0.175266329080691 -0.0665482341748599 0.0922416888714498
0.0216970388664128 0.124683982736235 0.116989033901319 -0.0119198383218458
0.0724405412522335 0.0655834746690047 0.00645258317682974 -0.190768384235843
0.0857238646914628 -0.0100770909603417 -0.187966208669242 -0.118619242991842
0.0587753775195558 -0.0800896977595826 -0.188438657695084 0.0764851852281217
0.000774133773958271 -0.0972107524358545 -0.0719981931034073 0.147254326992027
-0.0359537265265539 -0.0787878443431893 0.00594798717828776 0.116125441365555
-0.0504364750424929 -0.0807354506905549 0.0470461801095171 0.068734390572647
-0.0480833638323894 -0.0941150375373145 0.0731852179891855 0.0350251053760067
-0.0211169337831137 -0.138701712831572 0.104150530906709 0.0333816540045023
0.0746611316959614 -0.136148967874696 0.106378436390963 0.0863509691244688
0.159226034640245 -0.0410701803533715 0.0199749240087632 0.172366591581091
0.157544725865644 0.114523123373874 -0.0921800127392559 0.185911194159454
0.0359537413783762 0.225813591148217 -0.168347053002291 0.122128480476146
-0.0972674349491475 0.250582040975105 -0.142143151789223 0.113086853856998
-0.123098430812159 0.207467849158362 -0.020400867210102 0.0205451807722056
-0.00500573225754419 0.195861294263141 0.141310814680931 -0.0350329051633691
0.101325269776525 0.132049282716886 0.0518853549534549 -0.216835992236029
0.142373458141416 -0.00259625176452985 -0.151327402040736 -0.163177011896325
0.0922685007314749 -0.110182474702149 -0.180330678398008 0.0210241208595604
0.00301082196223613 -0.135391256198132 -0.0890435859888688 0.100673469348654
-0.050280139927023 -0.105785202211854 -0.0194641193313672 0.0788403769560003
-0.0647353483426367 -0.0963411609719585 0.0225373483012502 0.0328280867450543
-0.061385923402417 -0.106827245826149 0.0468047972256983 -0.0071181096959627
-0.0373100480312379 -0.159704703482096 0.09402359405342 -0.0249819910070382
0.0650323978109263 -0.170620334015708 0.13520156936733 0.0167517647349101
0.171778219562183 -0.0801625923859039 0.0844781701027427 0.139908739990453
0.199990289234056 0.102144207766755 -0.0380865624375544 0.187544443587607
0.0622866724598867 0.253516077906287 -0.131735636846952 0.11661964486293
-0.107830109910057 0.279467593844926 -0.086747576732346 0.0499506488122753
-0.163234292205061 0.202086508448264 0.0468124909468459 -0.0581865885996104
-0.0442335909765956 0.231683037037714 0.170623758622054 -0.0630984553906976
0.0980129336642705 0.186550755594688 0.10337811655299 -0.22327111249169
0.176169556891281 0.0203059935656606 -0.0868621376046884 -0.19531429046975
0.118474576796552 -0.116207582115814 -0.147298221720492 -0.0473039707067029
0.00858056095170316 -0.152753412191487 -0.0986158012054416 0.0360061717230955
-0.0561402264074574 -0.11881848869912 -0.046268521981286 0.0315048520787946
-0.0686418631542807 -0.0976430999479052 -0.00566258260964975 -0.00728059507414662
-0.0650201010356494 -0.101656384271248 0.0176504744001882 -0.0476138910168088
-0.0439622639200897 -0.154235163728295 0.0743288938112067 -0.0761687798210367
0.0497512583067452 -0.173058034338637 0.143282520048045 -0.0459255803136391
0.156419280891342 -0.0953678722895998 0.128253591463368 0.0961553535162174
0.198672286639849 0.0836030879014458 0.00500717533966641 0.16982274805525
0.0664438840393247 0.241084903403345 -0.101567874439292 0.0997845516606263
-0.107949669178466 0.261985799722375 -0.0363678954804754 -0.0191138563312906
-0.16845358108599 0.159280616970548 0.121461085611238 -0.127179420450346
-0.0780238444893523 0.214841193030221 0.200259803814012 -0.0896856667026529
0.0651759748388886 0.197235049309101 0.146019909226567 -0.207330370620052
0.166975936585204 0.0419205499035101 -0.0109741127944602 -0.200797302284459
0.120133106461342 -0.0974351998944405 -0.0938552107416111 -0.107427098613241
0.0143503006333115 -0.14042332372548 -0.09771994090303 -0.0328857245490535
-0.051804561572462 -0.11004162900096 -0.0713182418297534 -0.0179849713470949
-0.0614185560125565 -0.0846248597891512 -0.0321282495979437 -0.0455807413402109
-0.0579978147044261 -0.083967047452602 -0.00864010010248647 -0.0819415031915031
-0.0389489277041506 -0.12914114198251 0.0552169991699763 -0.113733493267832
0.0397772166524148 -0.148245450909653 0.140925469376962 -0.0918024365405941
0.130186671383652 -0.0830464574355703 0.151984893630289 0.0583538511187039
0.164321939247199 0.0737925157705257 0.032438300308466 0.145241309585451
0.0436965993713032 0.204923384718311 -0.0760234183190265 0.0785369849143792
-0.103874107152645 0.205847014714404 0.00659914145929773 -0.0778207547528276
-0.133119386519939 0.090191538245231 0.183138180497205 -0.175098486733991
-0.0821534544441459 0.150045305653564 0.222388869238238 -0.107813735541006
0.0276578426854157 0.154405357208361 0.172363654157948 -0.178497868926245
0.118643165405339 0.0433367439520984 0.0521948774385703 -0.185291545483671
0.0903584222980595 -0.0649086956400678 -0.0413822587938523 -0.145823514129486
0.0115628822586026 -0.101311795910266 -0.0908878621446768 -0.0908799795635735
-0.0395235188376073 -0.0817503195250407 -0.0915803901824145 -0.0612768852943819
-0.0447927672752579 -0.0602442697705302 -0.0533690796937485 -0.076198115314041
-0.0440118821523593 -0.0573466647714016 -0.0265076767667758 -0.108168433262531
-0.028638420521958 -0.0918659781303926 0.0437656039224182 -0.139364308789082
0.0311107561720155 -0.10883390664934 0.13825360473229 -0.115092025778294
0.102021750739484 -0.0579135495258249 0.163757703100504 0.0366222472670931
0.11619452544502 0.070698921975579 0.0474133030315587 0.125528389735799
0.00795185914923194 0.154202115842139 -0.0553698740962561 0.0602251223387183
-0.0962645192253362 0.125129905532012 0.0431894391436877 -0.116646960450557
-0.0684552266430488 0.00832036233601777 0.213226120425588 -0.196450887076207
-0.0568907689978114 0.0584001045358501 0.22694100168745 -0.118979488629387
-0.00110144204513773 0.0720248248536819 0.179127445337753 -0.155395669960264
0.0484358767235917 0.0229965925402324 0.0847761438664524 -0.172140816395534
0.037258715846958 -0.0258326183840272 -0.0126339594285947 -0.165983405688835
0.00249225043660183 -0.0436478836379717 -0.0882221759990341 -0.124320145763103
-0.021253444868794 -0.0377152019610359 -0.104202630052922 -0.0868508875651226
-0.0219383556099377 -0.0258211380583933 -0.0665761661544303 -0.0950739245347092
-0.0253234580306861 -0.0251001297837314 -0.0350957965584109 -0.124986602410407
-0.0186903405465378 -0.0478089072652786 0.0412321855403622 -0.153733695776899
0.0191026050023058 -0.0642298826770291 0.13979344577229 -0.123257825334958
0.0694399044343946 -0.0331030198742237 0.171878673538061 0.0297418367070286
0.0662655963390986 0.0614355196060324 0.0543706326765474 0.116510888200106
-0.0218352990498079 0.0931704230264512 -0.042681450800244 0.0489798277342052
-0.0770050835333841 0.03513146936296 0.07036728463518 -0.131863742031127
0.0407683830572453 0.0330888566916941 -0.0686871616802877 0.17411676727601
0.019870690748258 -0.0271418614102756 0.0968733710050944 -0.00122518166107258
-0.0181541198700114 -0.0239549583594664 -0.0397510339385619 -0.129417345549775
-0.0145108716341165 0.0122218529001137 -0.193292197909097 -0.0445542099945658
0.00638345545348425 0.00491868709487333 -0.15647024680883 0.13133791428931
0.0101125613025788 -0.00149578627585392 -0.030327973161056 0.17493361288105
0.00662130102760456 -0.00743301284480762 0.0394883918213153 0.142903913678215
-0.00424258645450496 -0.016339221772216 0.076605950087318 0.101989213912493
-0.00683917462224041 -0.0184249215184192 0.0997715956268052 0.0869534713126551
-0.00244615371002743 -0.0240788999243401 0.0923203161752973 0.109803469863619
0.0199069902704466 -0.0202362921318458 0.0269739606761766 0.160058489255946
0.0314749343688586 0.000476660449664813 -0.0787737800230579 0.17031073120133
0.0295444730216957 0.018260100992841 -0.156513365844817 0.139507055163782
0.0229444755331955 0.0459156702387193 -0.226368313233588 0.109609943960494
0.00605803654732007 0.086287556336664 -0.212250853702896 0.183401888179918
-0.000655762643548276 0.108495825274748 -0.0736354766419685 0.146404009881329
0.0303547529664827 0.041750807989683 0.100535514806862 -0.0037061536772085
0.0268786741355764 0.0091650894264255 -0.0286559646168286 -0.152183200427331
0.0280788125854022 -0.0043325177183905 -0.195882887185534 -0.0670883539770879
0.0254280959147343 -0.0386006927601254 -0.167598497187248 0.117360476994903
0.00110984092022435 -0.0471908121909123 -0.0428909903468952 0.168008611061082
-0.0171270574804532 -0.0411528318996689 0.0300988405169035 0.132731204472486
-0.0308032880486924 -0.0492155842105913 0.0681177320815486 0.0889205189944585
-0.030858880705336 -0.0603302513564714 0.0910632477521442 0.0652819699665629
-0.0115289905646472 -0.0872419026377491 0.101642516673965 0.0772263452921634
0.0556843704997174 -0.0802400787789445 0.0653882142307651 0.131350150405746
0.105274289940335 -0.0107430933371256 -0.0355781910686897 0.176210916240163
0.0911324798726537 0.0836862063597596 -0.12694080214784 0.164237884022883
0.019636749624614 0.146716308672119 -0.193662949124567 0.120123255618683
-0.0497111680484726 0.177802374737394 -0.177266555346599 0.160760774462179
-0.0543814421604651 0.170529425391889 -0.0567166202586043 0.0929519691170009
0.026418617824656 0.118746008304251 0.114902546180059 -0.015883003535077
0.0722817314228871 0.0597452769555675 -0.00154730135552639 -0.183417500367754
0.081544072471949 -0.0144723574650579 -0.185471285846181 -0.105836442283989
0.0516499483830445 -0.0802877371470785 -0.177844874073963 0.0830190837046913
-0.00491948974065166 -0.0928075657398341 -0.0616726484002522 0.144635229569042
-0.0384420375764166 -0.0734842959262478 0.0112371756997587 0.111349682114254
-0.0528114860609757 -0.0751404678485811 0.0493778244671313 0.0643016609038574
-0.0512356087805122 -0.0884452787400485 0.0723354794651364 0.0312168938133162
-0.0287327553134719 -0.131761406694683 0.101598790240389 0.027175115715199
0.063848624524458 -0.135330335045636 0.105018974973978 0.0778678775719146
0.150637036298924 -0.0477829397388107 0.0278429872193364 0.165859222925574
0.157339614192178 0.103758055618867 -0.0792435143887723 0.183271572790734
0.0448567250464615 0.215837054625765 -0.156102713250144 0.125070876073011
-0.0808110770956886 0.246063273109224 -0.129731783219876 0.114321059436356
-0.108591694941253 0.204300737213014 -0.0166049479777794 0.0223758632322376
0.00455276202509528 0.187944396490168 0.13718685083553 -0.0379266855962812
0.103584562069079 0.122221122101475 0.0405288068841259 -0.210749374264642
0.136688551072672 -0.00992217973427673 -0.152571964973415 -0.150428402987365
0.0821466343798929 -0.111128378092352 -0.172188583167644 0.0282181432836617
-0.00484812510807253 -0.129575863110078 -0.0801257913572489 0.101369226731499
-0.0537845216900059 -0.0983731300628405 -0.01411807504848 0.0765316403543183
-0.0668977714545507 -0.0899753237175941 0.0229476610392917 0.0308472374402263
-0.0651582251257079 -0.0995560638733748 0.0449024026539182 -0.00848042474369195
-0.0450821378797096 -0.151536412489801 0.0884055112922215 -0.0282374370335669
0.0530850453863475 -0.168862380615988 0.128538099051948 0.00928672923373976
0.160270875891785 -0.0858454646214622 0.087973529133652 0.131858406278997
0.197163870299284 0.0895433460576212 -0.0268614678635158 0.183128380868152
0.0718968481631037 0.24071324956107 -0.120317849211199 0.118055413611582
-0.0894832481311815 0.274397423412995 -0.0792607018509091 0.0510464848731985
-0.147461079756137 0.200951259928695 0.0441019945494093 -0.055782843592198
-0.0314563397656265 0.224010257528326 0.163928202872205 -0.0658493826190352
0.103424829881147 0.17520216733804 0.0894983789028041 -0.219378120106867
0.170042489902607 0.0105906716732771 -0.0912762399149102 -0.1846793423311
0.10662574734226 -0.118409218316744 -0.143114471057913 -0.03903846951286
-0.000512580074284294 -0.146338221404318 -0.092570446101276 0.0400052472542978
-0.0599710208268649 -0.110395040086314 -0.0433523553390841 0.0326978893018355
-0.0706643154356298 -0.0910361158803419 -0.00588015693135048 -0.00619099883644277
-0.066929128627519 -0.0942935439780239 0.0142997450107677 -0.0453005181114166
-0.0514031030175024 -0.146305140979518 0.066883134872832 -0.0759909424587185
0.0377274106425522 -0.169618568875611 0.133395980703833 -0.0524593366440398
0.145004734626128 -0.0996050478259686 0.128599297169297 0.0868312995525951
0.195453781741321 0.0709797843668365 0.0138986849902082 0.163651196565335
0.0755252882228862 0.228839709947508 -0.0917260963183493 0.0998497339314572
-0.0899225315820152 0.257107707084438 -0.0351524623328226 -0.0175797610938646
-0.154052651585786 0.15936966278125 0.11166590338021 -0.125551434498165
-0.0639030540539591 0.20871275332906 0.189557937986875 -0.0925598529777431
0.0728696670704783 0.187390903784302 0.131758244996289 -0.205605295700715
0.162354119878015 0.0314925088634343 -0.0181342952966929 -0.193061793025646
0.109484727567798 -0.100820012265302 -0.0945409399367532 -0.0992481844517226
0.00485202166225197 -0.134411127063049 -0.0951576113288973 -0.0263085963344193
-0.0560090496864316 -0.102537376622454 -0.0704595521253612 -0.0140356800603026
-0.0629164129278675 -0.079089066768119 -0.0339548092689137 -0.0415977267114147
-0.0593559979246489 -0.0773100204028871 -0.0125784991266641 -0.0774242568779249
-0.0452647470185942 -0.122117969137949 0.0462085892106337 -0.112090900411724
0.029327306056336 -0.14472357688786 0.128323726328322 -0.0949967069649018
0.120546935577045 -0.0866292143628431 0.149137071203781 0.0495689450600053
0.161561931244444 0.0634053720265219 0.0391551654624453 0.139888915735935
0.0518547952399822 0.194088622698199 -0.0686280169109603 0.0780667132787111
-0.0890705959314189 0.203326424894712 0.0027630440369764 -0.0762029836712043
-0.12386296168871 0.0919146679724872 0.168423761096709 -0.174705128009421
-0.0716092264100426 0.147118549748787 0.209815968902643 -0.111888695872347
0.0343262363478516 0.147863700509064 0.157352507061324 -0.179431864863825
0.115985988178506 0.0354412927225082 0.0426342513596768 -0.181589632461581
0.0827759727047651 -0.0672509231217047 -0.0461432920152471 -0.139934149832944
0.00507788583100621 -0.096716189662716 -0.0916718804962181 -0.0820215767292084
-0.0430616703372019 -0.0756105224274297 -0.0917335233661416 -0.0537700257400083
-0.0460070841912563 -0.0561086181414576 -0.0562870369378588 -0.0707305595747868
-0.0435187838119096 -0.0530446826779374 -0.0315792777935996 -0.101932227126262
-0.032794741600405 -0.0863114650892572 0.0341416494321494 -0.135748274227777
0.023320595868887 -0.106639593928281 0.125397071531836 -0.118065873792979
0.0941423440208008 -0.0610146664247342 0.159813590307146 0.0277365458400962
0.115596175360758 0.0624261631981036 0.0525655520112523 0.120158740734964
0.0154056206904442 0.147443456985161 -0.0502109117343082 0.059111516634363
-0.0854716532276975 0.125708708271371 0.0352333701375585 -0.114893246293945
-0.0652797784720576 0.010728483983647 0.196822015270086 -0.197852637735044
-0.0512616532555081 0.0573921545493721 0.21301011186027 -0.122856811083648
0.00326241739131814 0.0696861811458609 0.164669726402142 -0.156918177499912
0.047351079174723 0.0195645116195575 0.0748887788555875 -0.170032495722343
0.0339717497069749 -0.0275288454280522 -0.0201961205617511 -0.159570268238021
-1.93284039226322E-06 -0.0413006635988852 -0.0911422717506987 -0.114884813418317
-0.0228535033458298 -0.0343878915787339 -0.10551378431387 -0.0779428910311246
-0.0217536263324534 -0.0240723205437342 -0.070300705691185 -0.0880589249987366
-0.0241717615567211 -0.0225909575638453 -0.0406504387180442 -0.117667168547439
-0.0203326941122175 -0.0445197600797185 0.0307516781072942 -0.149677967696925
0.0142306503414987 -0.0624549185650627 0.127157539081824 -0.125646665954468
0.064190514769142 -0.035286768638863 0.166556390000119 0.02080291090309
0.0670813899841667 0.0558008142494194 0.058207917365788 0.11082880711997
-0.016424850202608 0.0899891611043899 -0.0387421814327276 0.048257184452121
-0.0714130377570587 0.0377552935640173 0.0595975847781762 -0.129587422748109
0.0330017848915459 0.0344972821921576 -0.0805935010944559 0.156527588301242
0.0205663812976804 -0.0221822789255498 0.0945275148130894 0.00852270134570238
-0.0137718366404825 -0.0240472577657621 -0.0199908125629278 -0.126374613077506
-0.0149461814097967 0.00854232332303268 -0.171961084214387 -0.0634869822244966
0.00429490932483467 0.00446166611046291 -0.159494593009398 0.104493235572599
0.00946094892436178 -0.0024656240661966 -0.0469630297820658 0.159715518783037
0.00761666633318797 -0.00712760736601635 0.0221676523395532 0.138637290645859
-0.00172209178868661 -0.0163681180560694 0.0613239349445291 0.105698406422531
-0.00409493533419964 -0.0192870777827027 0.0854790424755681 0.094445235912822
0.000637549193309962 -0.0240233483282976 0.0745940545146176 0.116074610525534
0.0222241119739776 -0.0183925467993218 0.00561156373434036 0.156997434993627
0.0321496119761461 0.00239606466157476 -0.0973419306526787 0.154902805776152
0.0290847775477887 0.021874592520726 -0.168510720925413 0.112012149012956
0.0178151731322081 0.0474495118544969 -0.231670398687618 0.0761752605224216
-0.00225724323024777 0.0827495858922827 -0.228318587032559 0.14901259483077
-0.0146369224270997 0.0988611456999704 -0.0881459726022546 0.130479237920086
0.0214525398705278 0.0420638141980895 0.0958626149462421 0.00968187496078018
0.0234260434922681 0.0127033525316073 -0.00787522251518779 -0.143303401970211
0.0267150590267837 -0.00107374314794126 -0.171569104047469 -0.0829289531255821
0.0282816947966729 -0.0332294063899061 -0.166639570056648 0.090871831367563
0.00627569895398937 -0.0455992815068598 -0.055624780625612 0.151394033869753
-0.0108244562889688 -0.0416637510633256 0.0147545150721808 0.128627958098579
-0.0235436483189768 -0.0512655648794813 0.0538720708092143 0.092205801136253
-0.0223247467809929 -0.062030588329604 0.0793757437310052 0.07398057640676
-0.00130287592600049 -0.0843862955159913 0.086362874088033 0.0878589539018839
0.062387324308645 -0.0706642554114488 0.0425666074441067 0.13594081071849
0.103202459024075 0.000727039506768344 -0.0584213478134455 0.166316235183761
0.0805284193987477 0.0905376157868668 -0.143730783683004 0.137531847379726
0.00288179236119892 0.143138203984881 -0.201210869296861 0.0859932345132365
-0.0663583146343515 0.164773277928272 -0.191972809480582 0.126303138499561
-0.0710252207318468 0.148936187317828 -0.0725174743174576 0.0818946116917476
0.00828273399747529 0.112278717671892 0.107812189363218 0.00264413861246018
0.0585979856411268 0.0653509007437334 0.0190517882407545 -0.166127126893046
0.077561351181926 -0.00272874774688696 -0.157005932067051 -0.114955859573002
0.0584583435165724 -0.0681961162704269 -0.170618047608144 0.0601106298212278
0.00709534186957161 -0.0884076301328308 -0.0691965548135551 0.127289371603744
-0.0270666308775129 -0.0739197846039463 -0.000567388783087829 0.105567196788828
-0.0412700719362296 -0.0782904007901213 0.0381131894265646 0.0670419402071639
-0.0382953553181637 -0.0904347356693608 0.0650301100695729 0.0401433720038234
-0.0129218714075042 -0.128490546842844 0.0917649605742124 0.0421180549725643
0.0767816764596007 -0.121868765006547 0.0859606092942802 0.090816073165444
0.150003203408695 -0.0296143669952435 0.00226366188403603 0.16540106698191
0.140568540290786 0.116547859778959 -0.1024586197393 0.161087835517777
0.0184719848523708 0.210696884251103 -0.166682528671937 0.0917857022866899
-0.1037477488362 0.22687523882713 -0.140238411686936 0.0835813536015171
-0.125425259610594 0.173223335255926 -0.0312664596111119 0.0189136357827799
-0.0208208489901857 0.172408645522576 0.12720545251184 -0.0134776703972877
0.0796032267678377 0.127561447429042 0.0586228994065936 -0.182673660906606
0.128210215378395 0.00970683739462203 -0.121867316475101 -0.150658560657787
0.0917424780059828 -0.0928363088704347 -0.158720197153685 0.0114546460863287
0.0113924672105705 -0.122132340117524 -0.0806951596986488 0.0843811170838972
-0.0386723913128397 -0.0994348464202656 -0.021048362035704 0.0707331174192814
-0.0528139916093465 -0.0939615382703847 0.0168115078559967 0.0327930997348835
-0.0493655159561178 -0.102361657870085 0.0434056621376052 -0.000143586800896416
-0.0263538085037364 -0.148457178231884 0.0853285249296852 -0.0116214848356929
0.0691209760066704 -0.15427403751307 0.11567004033867 0.0293492855314765
0.161997673710434 -0.0649288812783728 0.0648577828798724 0.140020341132907
0.179945865001357 0.106143978209372 -0.0529332655143779 0.167496898255602
0.0416562368900248 0.237124552081998 -0.132515188614695 0.0883214103985904
-0.11529616023218 0.253603454005316 -0.0845166491994496 0.0263449902597371
-0.160364502403791 0.165825646080231 0.0312550460742466 -0.0488645139329776
-0.0582078101886179 0.200773254846783 0.151846343189391 -0.0365995970553602
0.0725805799238749 0.175944044677417 0.101939498884519 -0.18367334469604
0.156980162158087 0.0332999939094 -0.0626390706930986 -0.173039521940292
0.11639656356555 -0.0959047324468569 -0.124509958000083 -0.0462483721561919
0.0180281140625137 -0.135917674110464 -0.0849769330884474 0.0260685901573793
-0.0435576298133998 -0.110538320271723 -0.0430167832063174 0.0265768276085111
-0.0560513836049466 -0.0954984368768045 -0.00643175706174031 -0.00641970261315133
-0.0524385346336523 -0.0980495694887349 0.0188473738607478 -0.0390035415054547
-0.0326462235559819 -0.143325488612352 0.0705597753721996 -0.0599108914151343
0.0542863179021512 -0.157007056511943 0.127283559544674 -0.0289636319003684
0.147833802242396 -0.0794470080492343 0.109346948498934 0.102397727025443
0.179504330918332 0.0881231272583489 -0.0113067155465859 0.155622168840565
0.0470080959297807 0.22545536576499 -0.103474886973546 0.0747448849467735
-0.113692133521523 0.236345194582596 -0.0335437632915123 -0.0338628836817395
-0.161332914280615 0.126789757815366 0.103740570326934 -0.10817715269034
-0.0858397882663009 0.182973773851757 0.178229210470454 -0.0607208248036557
0.0431728661440323 0.183629799889601 0.137107175511534 -0.166682217678514
0.146891407305167 0.052029825955637 0.00451329567355401 -0.17311171203027
0.116131766337752 -0.0786900073998624 -0.073313102563389 -0.0972258296798416
0.0219456891708895 -0.124152753568753 -0.0808620262581058 -0.0360718283052136
-0.0407559385138247 -0.102533841343398 -0.0636911298975877 -0.0197999194781483
-0.0502248750332369 -0.0835957875103371 -0.029161070743351 -0.0435585442837346
-0.046593565841017 -0.0802849728539948 -0.00285317927509405 -0.0722294870253757
-0.0295482880782947 -0.119420519566365 0.0552587953000875 -0.0963941241550209
0.043006921967812 -0.134188152342559 0.128588325446391 -0.0711820655045899
0.122813878358702 -0.0698469357993544 0.134287514283113 0.0678819271802816
0.148231186393331 0.0772251088099716 0.0167613016065695 0.135761410853584
0.0282668231652388 0.190574466055884 -0.0776854300755141 0.0578933753086038
-0.107205222631072 0.184848701307544 0.0102291893118432 -0.0836741336132437
-0.125185171559405 0.068500279082376 0.165974476994729 -0.147197569823988
-0.084292016954539 0.124827374307231 0.200444636173373 -0.0791145127390892
0.0126497172214747 0.141509939126359 0.159403657006847 -0.14199220760099
0.103085081655764 0.0493702213401509 0.0595710497615804 -0.157324059365447
0.086909992741199 -0.0513276247224566 -0.0250061232058232 -0.131345371221101
0.0179478891367357 -0.0879530627616039 -0.0731310204838253 -0.0872082260102711
-0.0315207295211114 -0.0751383982157264 -0.07994861726361 -0.0595375863935311
-0.0368914568389133 -0.0591143719535452 -0.0465818182542785 -0.0740253017934735
-0.0346337325948427 -0.0551109530418176 -0.0183118585646828 -0.099010784327396
-0.0219648111819328 -0.0844804373073559 0.0466328783809334 -0.121728115041364
0.0330144686885787 -0.0976230981084335 0.129864243258311 -0.0941298302015414
0.094424958571958 -0.0477623294819787 0.147387635329745 0.0473725914640539
0.103867198892444 0.0707482039072619 0.0326580709243969 0.118944133262451
-0.00168286596017448 0.141353101672371 -0.0561818020889381 0.0438679441580192
-0.0958120689101027 0.110710799836605 0.0470683706495849 -0.113867400840063
-0.06092391736359 0.00140668874264512 0.200790418573683 -0.165182892401127
-0.0541015296514439 0.0451611968970867 0.208254046906695 -0.0905488340742728
-0.00562410314989298 0.0653354918781445 0.166537295965975 -0.124299671521836
0.0417234605525718 0.0249443420523723 0.0882548312637446 -0.146051173390219
0.0356799450520276 -0.020990875988972 0.000800413022750644 -0.14883691091672
0.00630554908840888 -0.0368312129004559 -0.0719289543070966 -0.117240643950837
-0.0175638316984937 -0.0339132583233287 -0.0908892595786647 -0.0843285074162028
-0.0178309819101651 -0.0263840749485301 -0.0571945274892105 -0.0916016261213614
-0.020107119710857 -0.0242135661522111 -0.0250670955873931 -0.115720018976591
-0.0143092258854739 -0.0434496089046964 0.0452987433341302 -0.136629772992315
0.0191515699105312 -0.0570681588473986 0.133987514658157 -0.103004488984161
0.0630086495689386 -0.0274769823440932 0.155567912704008 0.040705734092389
0.0586760513582882 0.0588963788791759 0.0400453446172353 0.111369114928133
-0.0253585434724527 0.0831323258413885 -0.0427911733401135 0.036849658266349
-0.0730999832704544 0.0286666227852129 0.0733817753426127 -0.121332574388876
0.0300138221025805 0.0335202294562947 -0.0788849086797717 0.149729310891091
0.0198093163356363 -0.0206862151743154 0.0929247559479979 0.00958287663490241
-0.0135599456598923 -0.0237120892584781 -0.0155665827933889 -0.123803607441272
-0.0146975911874893 0.00803852226848479 -0.165643857742667 -0.0644659936224056
0.00376325870156718 0.00398517914266499 -0.155776904877609 0.0991876751950373
0.00933925096667083 -0.00268312138521242 -0.0473226814921403 0.153506475996437
0.00749503960615989 -0.00769307755032979 0.0203377386309575 0.134668533234092
-0.00246472045508105 -0.0163569185989815 0.0589848751916621 0.104014536820052
-0.00420982519007951 -0.0186792774928854 0.0822046108140064 0.0929284790528428
0.000292051153170288 -0.023351309239189 0.0707843688089839 0.114031238751807
0.0218001283534485 -0.0174738771373429 0.00288458692714859 0.153310076343333
0.0308977087065984 0.0031055153689901 -0.0976234734755009 0.148772317548404
0.0277099529712594 0.0224715356987384 -0.166489077436313 0.103894965040301
0.0160694767716761 0.0473237217401105 -0.226586258329798 0.0681396910709676
-0.00373424052903939 0.0798549186345054 -0.223437073184843 0.138847190173272
-0.016695771003544 0.0950745589398202 -0.0848036734023155 0.1244775808804
0.0192825230545483 0.0410507914379454 0.0951438758850472 0.0114262707996807
0.0224059204844807 0.0125670759634352 -0.0031980792676847 -0.139300722038653
0.0254408378421113 -0.00041660776238296 -0.164299507887043 -0.083202265932976
0.027286793065582 -0.0316236066251631 -0.163316481304461 0.0855363561260643
0.00658929508385786 -0.0444643840773037 -0.0561338503613525 0.145525131794064
-0.00957449659514556 -0.0407620338472793 0.0130013013421378 0.124844236522424
-0.0225756342580443 -0.0506232638578569 0.0515847939632365 0.0910058038936776
-0.0212658783927783 -0.0605230814467153 0.0762668597789595 0.0736215403670707
-0.000470017672563978 -0.0816166726022555 0.0830178855102405 0.0867084682234044
0.0613301924983405 -0.0685086199666953 0.0388462145834454 0.133338884488676
0.0999184215770142 0.00246816639448119 -0.0599331735269042 0.161212317543937
0.0762559143020663 0.0899404202486169 -0.142332485470229 0.129636482782014
-0.000683965183284134 0.13951402470646 -0.197252029163909 0.078595395815994
-0.0671013486725048 0.158377767357637 -0.186823033626295 0.117106791309673
-0.0720864541690559 0.142158202567065 -0.0693298308856764 0.0789195195036614
0.00532921217770342 0.108439188865766 0.107124843296817 0.00527615730142516
0.0556085082431762 0.0649168349500631 0.0235139185008255 -0.159896874597969
0.0747152275137493 -0.00148964091456899 -0.149947217651939 -0.115333232636905
0.0567851548759473 -0.0656708311364206 -0.16591985506283 0.0549034244178365
0.00727767853486002 -0.0856213368268527 -0.0686441422539069 0.122196319218231
-0.0248170373712157 -0.072124265397407 -0.0025583709241683 0.102840072486496
-0.0387334719724469 -0.0773618137254587 0.0365229838347393 0.0666287615828949
-0.0364679551462228 -0.0886171975100759 0.0627960177623357 0.0405557192992644
-0.0117477619325645 -0.124815859768145 0.0881803209515291 0.0423720222771675
0.0750292933515201 -0.118136576303829 0.0803572111449776 0.0900723121095561
0.145436246739156 -0.0264433712759133 -0.000498064394903004 0.16093936404519
0.134828397044694 0.116056594912027 -0.101927490200803 0.153316645253563
0.0141938261324092 0.205673187456348 -0.163215001997502 0.0842715431339146
-0.104037243391271 0.218111181083069 -0.135979179811738 0.0772694168311438
-0.124657397202507 0.164472391599363 -0.028833307174033 0.0195904650165254
-0.0238669010905134 0.166345781739374 0.126128162097894 -0.00866802431515775
0.074545067617561 0.125473841034248 0.0613508023447406 -0.17569426591289
0.123829961810584 0.0111601362964586 -0.11450140479668 -0.149547821167738
0.0894272734984102 -0.088618438813359 -0.153385684738324 0.00723667088043567
0.0115426515376746 -0.11772668567187 -0.0787879154152128 0.0801484526805747
-0.0356632617733555 -0.09642992085452 -0.0215330274542916 0.068018104675176
-0.0498897990837213 -0.092660657409063 0.0164095374394091 0.0321494288124333
-0.04674605425428 -0.100398347353692 0.0417991577734124 0.00161008324906905
-0.0252177036553976 -0.144383125152209 0.0828547666956468 -0.00948511061636741
0.0675327693934518 -0.149242248572239 0.110580345133621 0.0308166428478346
0.157674807414373 -0.0606734990598781 0.0599322863933804 0.137909714844588
0.173257771128326 0.106624577783326 -0.0535653124426474 0.1609872369254
0.0369905831731349 0.231193218192004 -0.129881978745197 0.0816851056595451
-0.114694789659539 0.243424666903208 -0.081817920709058 0.022893121501059
-0.158624526941645 0.156545277414544 0.0328155242045296 -0.0452305912516915
-0.060637886372356 0.19259523213248 0.149409383787972 -0.0303160551244172
0.067891816051082 0.172680681177434 0.102435461260116 -0.17495614189159
0.151097877975577 0.0343384645149104 -0.056588755498043 -0.170102686897284
0.112936394781409 -0.0917304223015567 -0.119265487808416 -0.0484477215871738
0.0186922049764804 -0.130895965098385 -0.0826401424521323 0.023766702039151
-0.0406743034059809 -0.107378169016242 -0.0425807805244758 0.0244677815765406
-0.0526835094521166 -0.0943253714081323 -0.00646205986823091 -0.00604840126552183
-0.0491315599571296 -0.0959719834388526 0.0187603825232229 -0.036207221052032
-0.0312322081916436 -0.139287270153217 0.0689374915529412 -0.0566258147819926
0.0532712416453209 -0.151923333912729 0.121942247428212 -0.0250677781521712
0.143932477305438 -0.0745744111273779 0.10387283735379 0.101865224031663
0.173572069693257 0.0887234142435772 -0.0133383232621247 0.150733051757909
0.0421661515898276 0.219773711016619 -0.10157551388387 0.0689972787523479
-0.113201906853634 0.227432906059265 -0.0316025134175683 -0.0346675967986898
-0.159306507206836 0.119249766716136 0.103436073544218 -0.100762545898115
-0.0868874285907474 0.174520926723766 0.174947251087981 -0.0532346369116867
0.0391107739035224 0.17927421779887 0.13690159366343 -0.157867373277364
0.141329325161558 0.0526725654755486 0.00881784767242378 -0.168727808002992
0.112775091098293 -0.0747206561859491 -0.0684748181451281 -0.0966002822319387
0.0226577726062261 -0.119090765649362 -0.0776105600228717 -0.0361473081830679
-0.0379780390478324 -0.0994842831342627 -0.0622471163606414 -0.0199452628633296
-0.0473737472532724 -0.0824937502412577 -0.0280233171163552 -0.0426368295226404
-0.0436147087095678 -0.0789960805874587 -0.00263584446856601 -0.0695455201231296
-0.0280826828011883 -0.116016379220959 0.0546610810840278 -0.0923454241277436
0.0419821382777658 -0.130129281432328 0.123891467366409 -0.0666967709526706
0.119314303968861 -0.0656162082801404 0.12888045758215 0.0685853234095629
0.142425222635659 0.0772950656467975 0.0141901910364564 0.132253970535274
0.0249267162479727 0.184724239384324 -0.0761160085253743 0.0526268379745682
-0.106450220583319 0.177424733231645 0.0109660234067349 -0.0817719033083184
-0.123000774989342 0.0636656658201755 0.164184414445513 -0.137898001113116
-0.0847703632319653 0.117734111983901 0.195710906495588 -0.0705456543071911
0.0102637004830579 0.137354356496063 0.157241546801222 -0.133160116029265
0.098780328282201 0.0493787154630481 0.0625582478926549 -0.151514656051348
0.0838482104628555 -0.0488870986182119 -0.0211156330296121 -0.128364453689452
0.0179400156374867 -0.08410134360424 -0.0699291992761941 -0.0857613202306507
-0.0298282351179657 -0.0727483638504862 -0.0774168720491538 -0.0590023438670393
-0.0345406737562539 -0.0586676068047431 -0.0456410649980406 -0.0719252443539138
-0.0320054263194808 -0.0540786144712399 -0.0172629582904698 -0.0953336383996625
-0.0204335774577161 -0.0816930020864442 0.0463060732354618 -0.116862546269081
0.0321774648799218 -0.0945079181936314 0.125594771669926 -0.0888305264038064
0.0914166943222779 -0.0446174991671066 0.141617099972934 0.0486103389467088
0.0995985068305539 0.0702390197536843 0.0303989697827965 0.116164595843285
-0.00335754842234589 0.137034326272994 -0.0555673746804475 0.0401294775149417
-0.0937914558069748 0.10555266316346 0.0460600595028617 -0.110114819659505
-0.0591100065484299 -0.000592476344586433 0.197428237347652 -0.154554910844444
-0.0531935324812488 0.0417863509035884 0.202482575702629 -0.082403812032281
-0.00616232146061061 0.062565069857127 0.164165700114163 -0.116250471238669
0.0398214100729279 0.0245157771608632 0.0901761561872652 -0.140190096870216
0.0339540767723244 -0.019611556847237 0.00441524839146306 -0.144921315702558
0.00645137656117061 -0.0345483134267097 -0.0680023060811775 -0.114407267554119
-0.0167485094941492 -0.0328525990700039 -0.0879693365243241 -0.0820220169972491
-0.0166494535561632 -0.0264409663918884 -0.0558795030281979 -0.0897551728116482
-0.0179965241348788 -0.0238571744023581 -0.0229340969792284 -0.111752810977241
-0.0135816374207801 -0.0416993589752793 0.0452238216217364 -0.131418837381308
0.0194935771800156 -0.0547556237871304 0.129582704266587 -0.0976174488479591
0.0611784470870986 -0.0254553342114399 0.150271564506448 0.0422074523609262
0.055829838323708 0.0580317788662948 0.037149551460937 0.109645320446672
-0.026001687075642 0.0802062643053995 -0.0428711496211879 0.0338505275842971
-0.0709857820047316 0.0260224725697113 0.0711141754496809 -0.116072537118515
0.0286499216559488 0.0343740257070537 -0.0814503974894289 0.148177286524844
0.0197517643731303 -0.0195365385452898 0.0953311375560103 0.0118291851835951
-0.0128998581582368 -0.0234774599330917 -0.010428011131008 -0.125631425042459
-0.0147033085913729 0.00808127151731247 -0.164942923976885 -0.0690039109199429
0.00324839658362391 0.00411140681741175 -0.158994941630568 0.096306097697619
0.00901612194981787 -0.00289743545613884 -0.0507995220243511 0.153008500370795
0.00801602404120283 -0.00828875537715275 0.0179933843690685 0.136097801750539
-0.00260234105810136 -0.0166830248497617 0.0579580873421975 0.105880109683558
-0.00464079205192272 -0.0190161445542533 0.0819114802966805 0.095336325560318
0.000670368773198768 -0.0237890388685025 0.0691638158074835 0.116333506399763
0.0222377901204781 -0.017393042805518 -0.00116951961508898 0.155311192487707
0.0313667164644882 0.00439352265835754 -0.102546173968035 0.147542529003883
0.0270480766333298 0.023765790015451 -0.171332127007275 0.098356058447723
0.014942265043475 0.0482667374861138 -0.230007884255987 0.0616485642540663
-0.00561922454810846 0.0798493376592089 -0.228044064159516 0.132941807092694
-0.0194862418708756 0.0944988983492562 -0.0867211352529467 0.12253524600017
0.0175562589043952 0.0417085500271386 0.0977065268103779 0.0145588556773004
0.0217788460799389 0.0137834386858891 0.00198274331027016 -0.140764981912502
0.0258169080093002 0.000292417437291328 -0.163209391605873 -0.0887765500023352
0.0270191282592803 -0.0319143826888031 -0.165895609393378 0.0814386492641982
0.00725559586661502 -0.0444594936155512 -0.0587286160238486 0.144457476014117
-0.00874836054023159 -0.0418202329359418 0.0101399149314526 0.126020482763082
-0.0220694684504685 -0.0519767944346544 0.0513086314817823 0.0927834936820264
-0.0211021449700356 -0.0609355014616399 0.0759883088294959 0.0753446294242393
-4.09107831576791E-05 -0.0827345017874775 0.0812243260000368 0.0892798579850687
0.0624263887281348 -0.0678885957184528 0.0354955742826068 0.136109481722313
0.100852763137019 0.00471149786851196 -0.0652177936751107 0.161127014224748
0.0746617014814197 0.0933218204006776 -0.147372461945336 0.125098202240789
-0.00433810688646123 0.141273855358326 -0.201414999345155 0.0722232280860157
-0.0712255343062873 0.157600027891646 -0.190357437754485 0.112064118832321
-0.076850515739624 0.140741748919445 -0.0696989164497242 0.0776329375334339
0.0019425236318858 0.109008118177655 0.109456772059252 0.00962322389324555
0.0538490384503458 0.0671678304537451 0.0292265395324786 -0.160384099416132
0.0751256553039968 0.000634030706037574 -0.147170021795313 -0.120618686431746
0.0574888703068014 -0.0648720475747624 -0.167691224151515 0.0503269433955032
0.00865770912548544 -0.0854521219374193 -0.0714537457471725 0.120728246960038
-0.0232674284811175 -0.073610134601123 -0.00469867384107865 0.103334806189154
-0.0378401949388764 -0.0792135944204316 0.0364620114059985 0.067758690259634
-0.0353405639049154 -0.0902059021300303 0.0624982522115407 0.0429311279699251
-0.0106587814001118 -0.125707319703876 0.0879890956367196 0.0448216551449371
0.0767695531763034 -0.117685295027358 0.0778756293601181 0.0932286282448174
0.147214547947623 -0.0229599832252686 -0.00581202569408336 0.162245412376528
0.133389077695847 0.12106251998522 -0.106379385487508 0.15130522911954
0.00931817015797019 0.208598584262013 -0.167077920963135 0.0791299091546253
-0.109262184743137 0.216212511633845 -0.137984325838158 0.0725623335597631
-0.130519698597249 0.161840415361582 -0.027521685750969 0.0197176326187594
-0.028751462490577 0.165946640077303 0.128972433706702 -0.00396763445590953
0.0722976121701868 0.128326725284445 0.0681613561668499 -0.174263324227166
0.124246683427258 0.0139848507650531 -0.110361728151248 -0.153716767403545
0.0905933993245449 -0.0874872055338414 -0.153984948156966 0.00260817353037672
0.0136763979354647 -0.117395951203244 -0.0806646763595658 0.078509778135979
-0.0334804283651653 -0.0979642001532983 -0.0235140941780122 0.0680577012895717
-0.0481697784164138 -0.095029784396435 0.0161770769876287 0.0328787019121663
-0.0455383682938096 -0.102507349018384 0.0426670417886474 0.00342445957609148
-0.0237201249190122 -0.1453250588643 0.083570466979913 -0.00755859058131687
0.0695828853928188 -0.149328338780171 0.108583719678756 0.03490163684365
0.159481391869105 -0.0569972529029902 0.0569181795221564 0.140619002334631
0.172424913289959 0.112433323514049 -0.0581876914771196 0.16020345074577
0.0314360824746364 0.234173539933435 -0.133604324350778 0.0770253637715202
-0.120574419545635 0.242124818198917 -0.0822985592066933 0.0193434196174519
-0.164315678742372 0.152651001388965 0.035500824972333 -0.0431472708559554
-0.0659964906675565 0.191919114188764 0.15243841554089 -0.0245162011009552
0.0639820851157543 0.175782753216491 0.10876681509277 -0.171995282778796
0.150826214314533 0.0382151378234061 -0.0512948878182087 -0.173212014629261
0.114393530085341 -0.0903018999291337 -0.118228099913555 -0.0525439167786405
0.0210672993825272 -0.130915287510702 -0.0834623825031156 0.0221642747044736
-0.038280396404515 -0.108822799556481 -0.0439155939463738 0.0244128251845616
-0.0511993321211618 -0.097195902454693 -0.00691479718003887 -0.00607606827619343
-0.0471749836384237 -0.0977468946454625 0.0191627488808149 -0.0352497315392227
-0.0295663163230667 -0.140193293300943 0.0704169340231869 -0.0548125409137162
0.0550130275468134 -0.152045864122558 0.1220633025511 -0.0219375276960854
0.145707775310898 -0.0716239375950795 0.101818604693952 0.105188288178474
0.172581964325721 0.0934513504273147 -0.0170476272748931 0.150940905722015
0.0374878436902389 0.222462771889757 -0.104419195206429 0.0643352652958133
-0.118288776464327 0.22550012009785 -0.0313858219394135 -0.0376385462270563
-0.16413140861733 0.115062888628887 0.107919560271282 -0.0971965209479152
-0.0924561706685144 0.172493338110499 0.177813011003309 -0.046488684286686
0.0355468113388682 0.181517054394664 0.141815191583098 -0.153714317151095
0.140753108195408 0.0561047054563171 0.0150957784045219 -0.169476940417208
0.114199794841435 -0.0732191895071121 -0.0658098224746919 -0.10054587315321
0.024620855374738 -0.118080311880947 -0.0770967446524929 -0.0382252040916429
-0.0358723457839633 -0.100237786860295 -0.0625714966298119 -0.0213414133778031
-0.0453856207737134 -0.0844506503369116 -0.0282031953884495 -0.0437352912777052
-0.0412978768933361 -0.0803326721534871 -0.000983732138140546 -0.0695578263361721
-0.02688554815227 -0.11634568681145 0.0568670331030338 -0.0912537709310331
0.0432528114715763 -0.129803028264507 0.124601646431734 -0.0632611610975837
0.120401285696775 -0.0631608027203017 0.12774864946588 0.0724321089631311
0.142360536475923 0.0811820342056245 0.0113672759139365 0.133201211556369
0.0206756768745943 0.186861358119563 -0.0788509144632738 0.0494313258464852
-0.109909760009473 0.175128066680365 0.0126820514139814 -0.0834469080353488
-0.125697772146481 0.0599583223192264 0.169103459816331 -0.132734783298113
-0.0884202071049763 0.116220423910685 0.198535182442304 -0.0638617248218155
0.00769678373294083 0.138595269493301 0.162000741085031 -0.128295538714294
0.0982966211874378 0.0517184940173361 0.0681428338162708 -0.151026866496766
0.0843370273872674 -0.0470637361422116 -0.0170530382337767 -0.131496823925806
0.0195478485790571 -0.0833244104503222 -0.0685179967155182 -0.0873347965996607
-0.0283184795652099 -0.073521741062447 -0.077601615005247 -0.0598154164647297
-0.0335370501704932 -0.0606545856047105 -0.044810639688418 -0.0734205330644558
-0.0301178679021596 -0.055249496891704 -0.0153199987382281 -0.0959025016328836
-0.0194018374691973 -0.0820676076514765 0.0488426514936864 -0.116038804203589
0.0327942827622587 -0.0940276599957184 0.127412781077322 -0.0859802582650525
0.092535037761942 -0.0428307981770531 0.141611578224432 0.0529689251899145
0.0990356395205362 0.0731256663939572 0.0271502439554351 0.118079283365859
-0.00611746558021302 0.137434953511491 -0.0579215035017989 0.0376157381524076
-0.0963811377022258 0.103173730057635 0.0484108093015671 -0.109881511055241
-0.0599510328992415 -0.0025740104889612 0.203019539657588 -0.149966717479993
-0.0544482679998006 0.0400476339330361 0.204745801967871 -0.0763701537172225
-0.0075093569659548 0.0624188987311407 0.167847516598259 -0.110992079031177
0.039389155603179 0.0255233827563801 0.0965227724386353 -0.139357221476031
0.0339587061900686 -0.0188788083569231 0.00860100752280656 -0.147750330287584
0.0075006691166833 -0.0338247914602831 -0.0661919832152057 -0.116550849390467
-0.0159450912299615 -0.0326688397231233 -0.0876205043096829 -0.0836374652748636
-0.0163913000811373 -0.0275089758712578 -0.0556742821599349 -0.0913754651520187
-0.0166687084687115 -0.0249299556838393 -0.0212206524609468 -0.112795664344863
-0.0123499824384858 -0.0418680297346728 0.0480055108369278 -0.130554944044574
0.0199193439309432 -0.0542874079521833 0.132267867060449 -0.0946146278124212
0.0607196269857974 -0.0239921524544866 0.149747424724662 0.0465786940191106
0.0552140330114343 0.0594972539614402 0.0345991220910438 0.112218685981969
-0.0280870952332992 0.0796642899878702 -0.0452257596095854 0.0320009130427854
-0.0716070791621515 0.024072098190021 0.0733473507473595 -0.114860012081417
